<?xml version="1.0" encoding="UTF-8"?>
<testsuite xmlns:xsi="http://www.w3.org/2001/XMLSchema-instance" xsi:noNamespaceSchemaLocation="https://maven.apache.org/surefire/maven-surefire-plugin/xsd/surefire-test-report.xsd" name="org.apache.hadoop.ozone.scm.TestSCMContainerPlacementPolicyMetrics" time="82.033" tests="1" errors="1" skipped="0" failures="0">
  <properties>
    <property name="awt.toolkit" value="sun.awt.X11.XToolkit"/>
    <property name="file.encoding.pkg" value="sun.io"/>
    <property name="java.specification.version" value="1.8"/>
    <property name="sun.cpu.isalist" value=""/>
    <property name="sun.jnu.encoding" value="ANSI_X3.4-1968"/>
    <property name="java.class.path" value="/workdir/hadoop-ozone/integration-test/target/test-classes:/workdir/hadoop-ozone/integration-test/target/classes:/home/user/.m2/repository/org/apache/hadoop/hadoop-ozone-common/0.5.0-SNAPSHOT/hadoop-ozone-common-0.5.0-SNAPSHOT.jar:/home/user/.m2/repository/org/apache/commons/commons-compress/1.4.1/commons-compress-1.4.1.jar:/home/user/.m2/repository/org/tukaani/xz/1.0/xz-1.0.jar:/home/user/.m2/repository/org/apache/hadoop/hadoop-common/3.2.0/hadoop-common-3.2.0.jar:/home/user/.m2/repository/org/apache/hadoop/hadoop-hdfs/3.2.0/hadoop-hdfs-3.2.0.jar:/home/user/.m2/repository/org/apache/hadoop/hadoop-hdfs-client/3.2.0/hadoop-hdfs-client-3.2.0.jar:/home/user/.m2/repository/com/fasterxml/jackson/core/jackson-annotations/2.9.9/jackson-annotations-2.9.9.jar:/home/user/.m2/repository/org/apache/hadoop/hadoop-hdds-common/0.5.0-SNAPSHOT/hadoop-hdds-common-0.5.0-SNAPSHOT.jar:/home/user/.m2/repository/javax/annotation/javax.annotation-api/1.2/javax.annotation-api-1.2.jar:/home/user/.m2/repository/org/apache/ratis/ratis-server/0.5.0-3f446aa-SNAPSHOT/ratis-server-0.5.0-3f446aa-SNAPSHOT.jar:/home/user/.m2/repository/org/apache/ratis/ratis-thirdparty-misc/0.2.0/ratis-thirdparty-misc-0.2.0.jar:/home/user/.m2/repository/org/apache/ratis/ratis-proto/0.5.0-3f446aa-SNAPSHOT/ratis-proto-0.5.0-3f446aa-SNAPSHOT.jar:/home/user/.m2/repository/org/apache/ratis/ratis-common/0.5.0-3f446aa-SNAPSHOT/ratis-common-0.5.0-3f446aa-SNAPSHOT.jar:/home/user/.m2/repository/org/apache/ratis/ratis-client/0.5.0-3f446aa-SNAPSHOT/ratis-client-0.5.0-3f446aa-SNAPSHOT.jar:/home/user/.m2/repository/org/apache/ratis/ratis-metrics/0.5.0-3f446aa-SNAPSHOT/ratis-metrics-0.5.0-3f446aa-SNAPSHOT.jar:/home/user/.m2/repository/com/github/joshelser/dropwizard-metrics-hadoop-metrics2-reporter/0.1.2/dropwizard-metrics-hadoop-metrics2-reporter-0.1.2.jar:/home/user/.m2/repository/io/dropwizard/metrics/metrics-jvm/3.2.5/metrics-jvm-3.2.5.jar:/home/user/.m2/repository/io/dropwizard/metrics/metrics-ganglia/3.2.5/metrics-ganglia-3.2.5.jar:/home/user/.m2/repository/info/ganglia/gmetric4j/gmetric4j/1.0.7/gmetric4j-1.0.7.jar:/home/user/.m2/repository/org/apache/ratis/ratis-netty/0.5.0-3f446aa-SNAPSHOT/ratis-netty-0.5.0-3f446aa-SNAPSHOT.jar:/home/user/.m2/repository/org/apache/ratis/ratis-grpc/0.5.0-3f446aa-SNAPSHOT/ratis-grpc-0.5.0-3f446aa-SNAPSHOT.jar:/home/user/.m2/repository/org/rocksdb/rocksdbjni/6.0.1/rocksdbjni-6.0.1.jar:/home/user/.m2/repository/org/apache/logging/log4j/log4j-api/2.11.0/log4j-api-2.11.0.jar:/home/user/.m2/repository/org/apache/logging/log4j/log4j-core/2.11.0/log4j-core-2.11.0.jar:/home/user/.m2/repository/com/lmax/disruptor/3.4.2/disruptor-3.4.2.jar:/home/user/.m2/repository/org/apache/commons/commons-pool2/2.6.0/commons-pool2-2.6.0.jar:/home/user/.m2/repository/org/bouncycastle/bcpkix-jdk15on/1.60/bcpkix-jdk15on-1.60.jar:/home/user/.m2/repository/commons-validator/commons-validator/1.6/commons-validator-1.6.jar:/home/user/.m2/repository/commons-digester/commons-digester/1.8.1/commons-digester-1.8.1.jar:/home/user/.m2/repository/io/jaegertracing/jaeger-client/0.34.0/jaeger-client-0.34.0.jar:/home/user/.m2/repository/io/jaegertracing/jaeger-thrift/0.34.0/jaeger-thrift-0.34.0.jar:/home/user/.m2/repository/org/apache/thrift/libthrift/0.12.0/libthrift-0.12.0.jar:/home/user/.m2/repository/com/squareup/okhttp3/okhttp/3.9.0/okhttp-3.9.0.jar:/home/user/.m2/repository/com/squareup/okio/okio/1.13.0/okio-1.13.0.jar:/home/user/.m2/repository/io/jaegertracing/jaeger-core/0.34.0/jaeger-core-0.34.0.jar:/home/user/.m2/repository/io/jaegertracing/jaeger-tracerresolver/0.34.0/jaeger-tracerresolver-0.34.0.jar:/home/user/.m2/repository/io/opentracing/contrib/opentracing-tracerresolver/0.1.5/opentracing-tracerresolver-0.1.5.jar:/home/user/.m2/repository/io/opentracing/opentracing-util/0.31.0/opentracing-util-0.31.0.jar:/home/user/.m2/repository/io/opentracing/opentracing-api/0.31.0/opentracing-api-0.31.0.jar:/home/user/.m2/repository/io/opentracing/opentracing-noop/0.31.0/opentracing-noop-0.31.0.jar:/home/user/.m2/repository/org/apache/hadoop/hadoop-hdds-server-framework/0.5.0-SNAPSHOT/hadoop-hdds-server-framework-0.5.0-SNAPSHOT.jar:/home/user/.m2/repository/org/apache/hadoop/hadoop-hdds-container-service/0.5.0-SNAPSHOT/hadoop-hdds-container-service-0.5.0-SNAPSHOT.jar:/home/user/.m2/repository/org/apache/hadoop/hadoop-hdds-client/0.5.0-SNAPSHOT/hadoop-hdds-client-0.5.0-SNAPSHOT.jar:/home/user/.m2/repository/org/apache/hadoop/hadoop-hdds-tools/0.5.0-SNAPSHOT/hadoop-hdds-tools-0.5.0-SNAPSHOT.jar:/home/user/.m2/repository/org/apache/hadoop/hadoop-hdds-server-scm/0.5.0-SNAPSHOT/hadoop-hdds-server-scm-0.5.0-SNAPSHOT.jar:/home/user/.m2/repository/org/apache/hadoop/hadoop-hdds-docs/0.5.0-SNAPSHOT/hadoop-hdds-docs-0.5.0-SNAPSHOT.jar:/home/user/.m2/repository/io/dropwizard/metrics/metrics-core/3.2.4/metrics-core-3.2.4.jar:/home/user/.m2/repository/org/hamcrest/hamcrest-all/1.3/hamcrest-all-1.3.jar:/home/user/.m2/repository/org/bouncycastle/bcprov-jdk15on/1.60/bcprov-jdk15on-1.60.jar:/home/user/.m2/repository/info/picocli/picocli/3.9.6/picocli-3.9.6.jar:/home/user/.m2/repository/com/google/protobuf/protobuf-java/2.5.0/protobuf-java-2.5.0.jar:/home/user/.m2/repository/com/google/guava/guava/11.0.2/guava-11.0.2.jar:/home/user/.m2/repository/org/apache/hadoop/hadoop-ozone-ozone-manager/0.5.0-SNAPSHOT/hadoop-ozone-ozone-manager-0.5.0-SNAPSHOT.jar:/home/user/.m2/repository/org/apache/hadoop/hadoop-minikdc/3.2.0/hadoop-minikdc-3.2.0.jar:/home/user/.m2/repository/commons-io/commons-io/2.5/commons-io-2.5.jar:/home/user/.m2/repository/org/apache/kerby/kerb-simplekdc/1.0.1/kerb-simplekdc-1.0.1.jar:/home/user/.m2/repository/org/apache/kerby/kerb-client/1.0.1/kerb-client-1.0.1.jar:/home/user/.m2/repository/org/apache/kerby/kerby-config/1.0.1/kerby-config-1.0.1.jar:/home/user/.m2/repository/org/apache/kerby/kerb-core/1.0.1/kerb-core-1.0.1.jar:/home/user/.m2/repository/org/apache/kerby/kerby-pkix/1.0.1/kerby-pkix-1.0.1.jar:/home/user/.m2/repository/org/apache/kerby/kerby-asn1/1.0.1/kerby-asn1-1.0.1.jar:/home/user/.m2/repository/org/apache/kerby/kerby-util/1.0.1/kerby-util-1.0.1.jar:/home/user/.m2/repository/org/apache/kerby/kerb-common/1.0.1/kerb-common-1.0.1.jar:/home/user/.m2/repository/org/apache/kerby/kerb-crypto/1.0.1/kerb-crypto-1.0.1.jar:/home/user/.m2/repository/org/apache/kerby/kerb-util/1.0.1/kerb-util-1.0.1.jar:/home/user/.m2/repository/org/apache/kerby/token-provider/1.0.1/token-provider-1.0.1.jar:/home/user/.m2/repository/org/apache/kerby/kerb-admin/1.0.1/kerb-admin-1.0.1.jar:/home/user/.m2/repository/org/apache/kerby/kerb-server/1.0.1/kerb-server-1.0.1.jar:/home/user/.m2/repository/org/apache/kerby/kerb-identity/1.0.1/kerb-identity-1.0.1.jar:/home/user/.m2/repository/org/apache/kerby/kerby-xdr/1.0.1/kerby-xdr-1.0.1.jar:/home/user/.m2/repository/org/slf4j/slf4j-log4j12/1.7.25/slf4j-log4j12-1.7.25.jar:/home/user/.m2/repository/org/apache/hadoop/hadoop-ozone-s3gateway/0.5.0-SNAPSHOT/hadoop-ozone-s3gateway-0.5.0-SNAPSHOT.jar:/home/user/.m2/repository/org/jboss/weld/servlet/weld-servlet/2.4.7.Final/weld-servlet-2.4.7.Final.jar:/home/user/.m2/repository/org/glassfish/jersey/containers/jersey-container-servlet-core/2.27/jersey-container-servlet-core-2.27.jar:/home/user/.m2/repository/org/glassfish/hk2/external/javax.inject/2.5.0-b42/javax.inject-2.5.0-b42.jar:/home/user/.m2/repository/org/glassfish/jersey/core/jersey-common/2.27/jersey-common-2.27.jar:/home/user/.m2/repository/org/glassfish/hk2/osgi-resource-locator/1.0.1/osgi-resource-locator-1.0.1.jar:/home/user/.m2/repository/javax/ws/rs/javax.ws.rs-api/2.1/javax.ws.rs-api-2.1.jar:/home/user/.m2/repository/org/glassfish/jersey/ext/cdi/jersey-cdi1x/2.27/jersey-cdi1x-2.27.jar:/home/user/.m2/repository/org/glassfish/jersey/inject/jersey-hk2/2.27/jersey-hk2-2.27.jar:/home/user/.m2/repository/org/glassfish/hk2/hk2-locator/2.5.0-b42/hk2-locator-2.5.0-b42.jar:/home/user/.m2/repository/org/javassist/javassist/3.22.0-CR2/javassist-3.22.0-CR2.jar:/home/user/.m2/repository/org/glassfish/hk2/hk2-api/2.5.0/hk2-api-2.5.0.jar:/home/user/.m2/repository/org/glassfish/hk2/external/jakarta.inject/2.5.0/jakarta.inject-2.5.0.jar:/home/user/.m2/repository/org/glassfish/hk2/hk2-utils/2.5.0/hk2-utils-2.5.0.jar:/home/user/.m2/repository/jakarta/annotation/jakarta.annotation-api/1.3.4/jakarta.annotation-api-1.3.4.jar:/home/user/.m2/repository/org/glassfish/hk2/external/aopalliance-repackaged/2.5.0/aopalliance-repackaged-2.5.0.jar:/home/user/.m2/repository/com/fasterxml/jackson/dataformat/jackson-dataformat-xml/2.9.0/jackson-dataformat-xml-2.9.0.jar:/home/user/.m2/repository/com/fasterxml/jackson/core/jackson-core/2.9.9/jackson-core-2.9.9.jar:/home/user/.m2/repository/com/fasterxml/jackson/module/jackson-module-jaxb-annotations/2.9.9/jackson-module-jaxb-annotations-2.9.9.jar:/home/user/.m2/repository/javax/enterprise/cdi-api/1.2/cdi-api-1.2.jar:/home/user/.m2/repository/javax/el/javax.el-api/3.0.0/javax.el-api-3.0.0.jar:/home/user/.m2/repository/javax/interceptor/javax.interceptor-api/1.2/javax.interceptor-api-1.2.jar:/home/user/.m2/repository/javax/inject/javax.inject/1/javax.inject-1.jar:/home/user/.m2/repository/com/sun/xml/bind/jaxb-impl/2.3.0.1/jaxb-impl-2.3.0.1.jar:/home/user/.m2/repository/com/sun/xml/bind/jaxb-core/2.3.0.1/jaxb-core-2.3.0.1.jar:/home/user/.m2/repository/javax/xml/bind/jaxb-api/2.3.0/jaxb-api-2.3.0.jar:/home/user/.m2/repository/javax/activation/activation/1.1.1/activation-1.1.1.jar:/home/user/.m2/repository/org/apache/hadoop/hadoop-ozone-csi/0.5.0-SNAPSHOT/hadoop-ozone-csi-0.5.0-SNAPSHOT.jar:/home/user/.m2/repository/com/google/protobuf/protobuf-java-util/3.5.1/protobuf-java-util-3.5.1.jar:/home/user/.m2/repository/org/apache/hadoop/hadoop-hdds-config/0.5.0-SNAPSHOT/hadoop-hdds-config-0.5.0-SNAPSHOT.jar:/home/user/.m2/repository/io/grpc/grpc-netty/1.17.1/grpc-netty-1.17.1.jar:/home/user/.m2/repository/io/grpc/grpc-core/1.17.1/grpc-core-1.17.1.jar:/home/user/.m2/repository/io/grpc/grpc-context/1.17.1/grpc-context-1.17.1.jar:/home/user/.m2/repository/com/google/errorprone/error_prone_annotations/2.2.0/error_prone_annotations-2.2.0.jar:/home/user/.m2/repository/org/codehaus/mojo/animal-sniffer-annotations/1.17/animal-sniffer-annotations-1.17.jar:/home/user/.m2/repository/io/opencensus/opencensus-api/0.17.0/opencensus-api-0.17.0.jar:/home/user/.m2/repository/io/opencensus/opencensus-contrib-grpc-metrics/0.17.0/opencensus-contrib-grpc-metrics-0.17.0.jar:/home/user/.m2/repository/io/netty/netty-codec-http2/4.1.30.Final/netty-codec-http2-4.1.30.Final.jar:/home/user/.m2/repository/io/netty/netty-codec-http/4.1.30.Final/netty-codec-http-4.1.30.Final.jar:/home/user/.m2/repository/io/netty/netty-codec/4.1.30.Final/netty-codec-4.1.30.Final.jar:/home/user/.m2/repository/io/netty/netty-handler/4.1.30.Final/netty-handler-4.1.30.Final.jar:/home/user/.m2/repository/io/netty/netty-handler-proxy/4.1.30.Final/netty-handler-proxy-4.1.30.Final.jar:/home/user/.m2/repository/io/netty/netty-codec-socks/4.1.30.Final/netty-codec-socks-4.1.30.Final.jar:/home/user/.m2/repository/io/netty/netty-transport-native-epoll/4.1.30.Final/netty-transport-native-epoll-4.1.30.Final.jar:/home/user/.m2/repository/io/netty/netty-common/4.1.30.Final/netty-common-4.1.30.Final.jar:/home/user/.m2/repository/io/netty/netty-buffer/4.1.30.Final/netty-buffer-4.1.30.Final.jar:/home/user/.m2/repository/io/netty/netty-transport/4.1.30.Final/netty-transport-4.1.30.Final.jar:/home/user/.m2/repository/io/netty/netty-resolver/4.1.30.Final/netty-resolver-4.1.30.Final.jar:/home/user/.m2/repository/io/netty/netty-transport-native-unix-common/4.1.30.Final/netty-transport-native-unix-common-4.1.30.Final.jar:/home/user/.m2/repository/io/grpc/grpc-protobuf/1.17.1/grpc-protobuf-1.17.1.jar:/home/user/.m2/repository/com/google/api/grpc/proto-google-common-protos/1.0.0/proto-google-common-protos-1.0.0.jar:/home/user/.m2/repository/io/grpc/grpc-protobuf-lite/1.17.1/grpc-protobuf-lite-1.17.1.jar:/home/user/.m2/repository/io/grpc/grpc-stub/1.17.1/grpc-stub-1.17.1.jar:/home/user/.m2/repository/org/apache/hadoop/hadoop-ozone-recon/0.5.0-SNAPSHOT/hadoop-ozone-recon-0.5.0-SNAPSHOT.jar:/home/user/.m2/repository/org/apache/hadoop/hadoop-ozone-reconcodegen/0.5.0-SNAPSHOT/hadoop-ozone-reconcodegen-0.5.0-SNAPSHOT.jar:/home/user/.m2/repository/com/google/inject/extensions/guice-multibindings/4.0/guice-multibindings-4.0.jar:/home/user/.m2/repository/com/google/inject/guice/4.0/guice-4.0.jar:/home/user/.m2/repository/aopalliance/aopalliance/1.0/aopalliance-1.0.jar:/home/user/.m2/repository/com/google/inject/extensions/guice-servlet/4.0/guice-servlet-4.0.jar:/home/user/.m2/repository/org/glassfish/jersey/containers/jersey-container-servlet/2.27/jersey-container-servlet-2.27.jar:/home/user/.m2/repository/org/glassfish/hk2/guice-bridge/2.5.0/guice-bridge-2.5.0.jar:/home/user/.m2/repository/org/glassfish/jersey/core/jersey-server/2.27/jersey-server-2.27.jar:/home/user/.m2/repository/org/glassfish/jersey/core/jersey-client/2.27/jersey-client-2.27.jar:/home/user/.m2/repository/org/glassfish/jersey/media/jersey-media-jaxb/2.27/jersey-media-jaxb-2.27.jar:/home/user/.m2/repository/javax/validation/validation-api/1.1.0.Final/validation-api-1.1.0.Final.jar:/home/user/.m2/repository/org/glassfish/jersey/media/jersey-media-json-jackson/2.27/jersey-media-json-jackson-2.27.jar:/home/user/.m2/repository/org/glassfish/jersey/ext/jersey-entity-filtering/2.27/jersey-entity-filtering-2.27.jar:/home/user/.m2/repository/com/google/inject/extensions/guice-assistedinject/4.0/guice-assistedinject-4.0.jar:/home/user/.m2/repository/org/jooq/jooq/3.11.10/jooq-3.11.10.jar:/home/user/.m2/repository/org/jooq/jooq-meta/3.11.10/jooq-meta-3.11.10.jar:/home/user/.m2/repository/org/jooq/jooq-codegen/3.11.10/jooq-codegen-3.11.10.jar:/home/user/.m2/repository/com/jolbox/bonecp/0.8.0.RELEASE/bonecp-0.8.0.RELEASE.jar:/home/user/.m2/repository/org/xerial/sqlite-jdbc/3.25.2/sqlite-jdbc-3.25.2.jar:/home/user/.m2/repository/org/springframework/spring-jdbc/5.1.3.RELEASE/spring-jdbc-5.1.3.RELEASE.jar:/home/user/.m2/repository/org/springframework/spring-beans/5.1.3.RELEASE/spring-beans-5.1.3.RELEASE.jar:/home/user/.m2/repository/org/springframework/spring-core/5.1.3.RELEASE/spring-core-5.1.3.RELEASE.jar:/home/user/.m2/repository/org/springframework/spring-jcl/5.1.3.RELEASE/spring-jcl-5.1.3.RELEASE.jar:/home/user/.m2/repository/org/springframework/spring-tx/5.1.3.RELEASE/spring-tx-5.1.3.RELEASE.jar:/home/user/.m2/repository/org/apache/hadoop/hadoop-ozone-client/0.5.0-SNAPSHOT/hadoop-ozone-client-0.5.0-SNAPSHOT.jar:/home/user/.m2/repository/commons-lang/commons-lang/2.6/commons-lang-2.6.jar:/home/user/.m2/repository/org/apache/hadoop/hadoop-ozone-ozone-manager/0.5.0-SNAPSHOT/hadoop-ozone-ozone-manager-0.5.0-SNAPSHOT-tests.jar:/home/user/.m2/repository/junit/junit/4.11/junit-4.11.jar:/home/user/.m2/repository/org/hamcrest/hamcrest-core/1.3/hamcrest-core-1.3.jar:/home/user/.m2/repository/org/openjdk/jmh/jmh-core/1.19/jmh-core-1.19.jar:/home/user/.m2/repository/net/sf/jopt-simple/jopt-simple/4.6/jopt-simple-4.6.jar:/home/user/.m2/repository/org/apache/commons/commons-math3/3.1.1/commons-math3-3.1.1.jar:/home/user/.m2/repository/org/openjdk/jmh/jmh-generator-annprocess/1.19/jmh-generator-annprocess-1.19.jar:/home/user/.m2/repository/org/mockito/mockito-all/1.8.5/mockito-all-1.8.5.jar:/home/user/.m2/repository/org/apache/hadoop/hadoop-kms/3.2.0/hadoop-kms-3.2.0.jar:/home/user/.m2/repository/org/apache/hadoop/hadoop-auth/3.2.0/hadoop-auth-3.2.0.jar:/home/user/.m2/repository/com/nimbusds/nimbus-jose-jwt/4.41.1/nimbus-jose-jwt-4.41.1.jar:/home/user/.m2/repository/com/github/stephenc/jcip/jcip-annotations/1.0-1/jcip-annotations-1.0-1.jar:/home/user/.m2/repository/net/minidev/json-smart/2.3/json-smart-2.3.jar:/home/user/.m2/repository/net/minidev/accessors-smart/1.2/accessors-smart-1.2.jar:/home/user/.m2/repository/org/ow2/asm/asm/5.0.4/asm-5.0.4.jar:/home/user/.m2/repository/org/apache/curator/curator-framework/2.12.0/curator-framework-2.12.0.jar:/home/user/.m2/repository/com/sun/jersey/jersey-core/1.19/jersey-core-1.19.jar:/home/user/.m2/repository/javax/ws/rs/jsr311-api/1.1.1/jsr311-api-1.1.1.jar:/home/user/.m2/repository/com/sun/jersey/jersey-server/1.19/jersey-server-1.19.jar:/home/user/.m2/repository/javax/servlet/javax.servlet-api/3.1.0/javax.servlet-api-3.1.0.jar:/home/user/.m2/repository/org/eclipse/jetty/jetty-server/9.3.25.v20180904/jetty-server-9.3.25.v20180904.jar:/home/user/.m2/repository/org/eclipse/jetty/jetty-http/9.3.25.v20180904/jetty-http-9.3.25.v20180904.jar:/home/user/.m2/repository/org/eclipse/jetty/jetty-io/9.3.25.v20180904/jetty-io-9.3.25.v20180904.jar:/home/user/.m2/repository/org/eclipse/jetty/jetty-webapp/9.3.25.v20180904/jetty-webapp-9.3.25.v20180904.jar:/home/user/.m2/repository/org/eclipse/jetty/jetty-xml/9.3.25.v20180904/jetty-xml-9.3.25.v20180904.jar:/home/user/.m2/repository/log4j/log4j/1.2.17/log4j-1.2.17.jar:/home/user/.m2/repository/org/slf4j/slf4j-api/1.7.25/slf4j-api-1.7.25.jar:/home/user/.m2/repository/org/slf4j/jul-to-slf4j/1.7.25/jul-to-slf4j-1.7.25.jar:/home/user/.m2/repository/org/eclipse/jetty/jetty-util/9.3.25.v20180904/jetty-util-9.3.25.v20180904.jar:/home/user/.m2/repository/com/fasterxml/jackson/core/jackson-databind/2.9.9/jackson-databind-2.9.9.jar:/home/user/.m2/repository/org/apache/hadoop/hadoop-kms/3.2.0/hadoop-kms-3.2.0-tests.jar:/home/user/.m2/repository/org/apache/hadoop/hadoop-hdds-server-scm/0.5.0-SNAPSHOT/hadoop-hdds-server-scm-0.5.0-SNAPSHOT-tests.jar:/home/user/.m2/repository/org/apache/hadoop/hadoop-hdds-container-service/0.5.0-SNAPSHOT/hadoop-hdds-container-service-0.5.0-SNAPSHOT-tests.jar:/home/user/.m2/repository/org/yaml/snakeyaml/1.16/snakeyaml-1.16.jar:/home/user/.m2/repository/org/apache/hadoop/hadoop-common/3.2.0/hadoop-common-3.2.0-tests.jar:/home/user/.m2/repository/org/apache/hadoop/hadoop-annotations/3.2.0/hadoop-annotations-3.2.0.jar:/usr/lib/jvm/java-1.8.0-openjdk-1.8.0.222.b10-1.el7_7.x86_64/jre/../lib/tools.jar:/home/user/.m2/repository/commons-cli/commons-cli/1.2/commons-cli-1.2.jar:/home/user/.m2/repository/org/apache/httpcomponents/httpclient/4.5.2/httpclient-4.5.2.jar:/home/user/.m2/repository/org/apache/httpcomponents/httpcore/4.4.4/httpcore-4.4.4.jar:/home/user/.m2/repository/commons-codec/commons-codec/1.11/commons-codec-1.11.jar:/home/user/.m2/repository/commons-net/commons-net/3.6/commons-net-3.6.jar:/home/user/.m2/repository/commons-collections/commons-collections/3.2.2/commons-collections-3.2.2.jar:/home/user/.m2/repository/org/eclipse/jetty/jetty-servlet/9.3.25.v20180904/jetty-servlet-9.3.25.v20180904.jar:/home/user/.m2/repository/org/eclipse/jetty/jetty-security/9.3.25.v20180904/jetty-security-9.3.25.v20180904.jar:/home/user/.m2/repository/javax/servlet/jsp/jsp-api/2.1/jsp-api-2.1.jar:/home/user/.m2/repository/com/sun/jersey/jersey-servlet/1.19/jersey-servlet-1.19.jar:/home/user/.m2/repository/com/sun/jersey/jersey-json/1.19/jersey-json-1.19.jar:/home/user/.m2/repository/org/codehaus/jettison/jettison/1.1/jettison-1.1.jar:/home/user/.m2/repository/org/codehaus/jackson/jackson-core-asl/1.9.13/jackson-core-asl-1.9.13.jar:/home/user/.m2/repository/org/codehaus/jackson/jackson-mapper-asl/1.9.13/jackson-mapper-asl-1.9.13.jar:/home/user/.m2/repository/org/codehaus/jackson/jackson-jaxrs/1.9.13/jackson-jaxrs-1.9.13.jar:/home/user/.m2/repository/org/codehaus/jackson/jackson-xc/1.9.13/jackson-xc-1.9.13.jar:/home/user/.m2/repository/commons-logging/commons-logging/1.1.3/commons-logging-1.1.3.jar:/home/user/.m2/repository/commons-beanutils/commons-beanutils/1.9.4/commons-beanutils-1.9.4.jar:/home/user/.m2/repository/org/apache/commons/commons-configuration2/2.1.1/commons-configuration2-2.1.1.jar:/home/user/.m2/repository/org/apache/commons/commons-lang3/3.7/commons-lang3-3.7.jar:/home/user/.m2/repository/org/apache/commons/commons-text/1.4/commons-text-1.4.jar:/home/user/.m2/repository/org/apache/avro/avro/1.7.7/avro-1.7.7.jar:/home/user/.m2/repository/com/thoughtworks/paranamer/paranamer/2.3/paranamer-2.3.jar:/home/user/.m2/repository/org/xerial/snappy/snappy-java/1.0.5/snappy-java-1.0.5.jar:/home/user/.m2/repository/com/google/re2j/re2j/1.1/re2j-1.1.jar:/home/user/.m2/repository/com/google/code/gson/gson/2.2.4/gson-2.2.4.jar:/home/user/.m2/repository/com/jcraft/jsch/0.1.54/jsch-0.1.54.jar:/home/user/.m2/repository/org/apache/curator/curator-client/2.12.0/curator-client-2.12.0.jar:/home/user/.m2/repository/org/apache/curator/curator-recipes/2.12.0/curator-recipes-2.12.0.jar:/home/user/.m2/repository/com/google/code/findbugs/jsr305/3.0.0/jsr305-3.0.0.jar:/home/user/.m2/repository/org/apache/htrace/htrace-core4/4.1.0-incubating/htrace-core4-4.1.0-incubating.jar:/home/user/.m2/repository/org/apache/zookeeper/zookeeper/3.4.13/zookeeper-3.4.13.jar:/home/user/.m2/repository/jline/jline/0.9.94/jline-0.9.94.jar:/home/user/.m2/repository/org/apache/yetus/audience-annotations/0.5.0/audience-annotations-0.5.0.jar:/home/user/.m2/repository/org/codehaus/woodstox/stax2-api/3.1.4/stax2-api-3.1.4.jar:/home/user/.m2/repository/com/fasterxml/woodstox/woodstox-core/5.0.3/woodstox-core-5.0.3.jar:/home/user/.m2/repository/dnsjava/dnsjava/2.1.7/dnsjava-2.1.7.jar:/home/user/.m2/repository/org/apache/hadoop/hadoop-hdfs/3.2.0/hadoop-hdfs-3.2.0-tests.jar:/home/user/.m2/repository/org/eclipse/jetty/jetty-util-ajax/9.3.25.v20180904/jetty-util-ajax-9.3.25.v20180904.jar:/home/user/.m2/repository/commons-daemon/commons-daemon/1.0.13/commons-daemon-1.0.13.jar:/home/user/.m2/repository/io/netty/netty/3.10.5.Final/netty-3.10.5.Final.jar:/home/user/.m2/repository/io/netty/netty-all/4.0.52.Final/netty-all-4.0.52.Final.jar:/home/user/.m2/repository/org/fusesource/leveldbjni/leveldbjni-all/1.8/leveldbjni-all-1.8.jar:"/>
    <property name="java.vm.vendor" value="Oracle Corporation"/>
    <property name="sun.arch.data.model" value="64"/>
    <property name="test.build.dir" value="/workdir/hadoop-ozone/integration-test/target/test-dir"/>
    <property name="test.cache.data" value=""/>
    <property name="java.vendor.url" value="http://java.oracle.com/"/>
    <property name="user.timezone" value=""/>
    <property name="java.vm.specification.version" value="1.8"/>
    <property name="os.name" value="Linux"/>
    <property name="test.build.data" value="/workdir/hadoop-ozone/integration-test/target/test-dir"/>
    <property name="user.country" value="US"/>
    <property name="sun.java.launcher" value="SUN_STANDARD"/>
    <property name="sun.boot.library.path" value="/usr/lib/jvm/java-1.8.0-openjdk-1.8.0.222.b10-1.el7_7.x86_64/jre/lib/amd64"/>
    <property name="sun.java.command" value="/workdir/hadoop-ozone/integration-test/target/surefire/surefirebooter3954140910773979394.jar /workdir/hadoop-ozone/integration-test/target/surefire 2019-10-21T18-42-52_146-jvmRun1 surefire8443105395264982121tmp surefire_345540186397155378126tmp"/>
    <property name="surefire.test.class.path" value="/workdir/hadoop-ozone/integration-test/target/test-classes:/workdir/hadoop-ozone/integration-test/target/classes:/home/user/.m2/repository/org/apache/hadoop/hadoop-ozone-common/0.5.0-SNAPSHOT/hadoop-ozone-common-0.5.0-SNAPSHOT.jar:/home/user/.m2/repository/org/apache/commons/commons-compress/1.4.1/commons-compress-1.4.1.jar:/home/user/.m2/repository/org/tukaani/xz/1.0/xz-1.0.jar:/home/user/.m2/repository/org/apache/hadoop/hadoop-common/3.2.0/hadoop-common-3.2.0.jar:/home/user/.m2/repository/org/apache/hadoop/hadoop-hdfs/3.2.0/hadoop-hdfs-3.2.0.jar:/home/user/.m2/repository/org/apache/hadoop/hadoop-hdfs-client/3.2.0/hadoop-hdfs-client-3.2.0.jar:/home/user/.m2/repository/com/fasterxml/jackson/core/jackson-annotations/2.9.9/jackson-annotations-2.9.9.jar:/home/user/.m2/repository/org/apache/hadoop/hadoop-hdds-common/0.5.0-SNAPSHOT/hadoop-hdds-common-0.5.0-SNAPSHOT.jar:/home/user/.m2/repository/javax/annotation/javax.annotation-api/1.2/javax.annotation-api-1.2.jar:/home/user/.m2/repository/org/apache/ratis/ratis-server/0.5.0-3f446aa-SNAPSHOT/ratis-server-0.5.0-3f446aa-SNAPSHOT.jar:/home/user/.m2/repository/org/apache/ratis/ratis-thirdparty-misc/0.2.0/ratis-thirdparty-misc-0.2.0.jar:/home/user/.m2/repository/org/apache/ratis/ratis-proto/0.5.0-3f446aa-SNAPSHOT/ratis-proto-0.5.0-3f446aa-SNAPSHOT.jar:/home/user/.m2/repository/org/apache/ratis/ratis-common/0.5.0-3f446aa-SNAPSHOT/ratis-common-0.5.0-3f446aa-SNAPSHOT.jar:/home/user/.m2/repository/org/apache/ratis/ratis-client/0.5.0-3f446aa-SNAPSHOT/ratis-client-0.5.0-3f446aa-SNAPSHOT.jar:/home/user/.m2/repository/org/apache/ratis/ratis-metrics/0.5.0-3f446aa-SNAPSHOT/ratis-metrics-0.5.0-3f446aa-SNAPSHOT.jar:/home/user/.m2/repository/com/github/joshelser/dropwizard-metrics-hadoop-metrics2-reporter/0.1.2/dropwizard-metrics-hadoop-metrics2-reporter-0.1.2.jar:/home/user/.m2/repository/io/dropwizard/metrics/metrics-jvm/3.2.5/metrics-jvm-3.2.5.jar:/home/user/.m2/repository/io/dropwizard/metrics/metrics-ganglia/3.2.5/metrics-ganglia-3.2.5.jar:/home/user/.m2/repository/info/ganglia/gmetric4j/gmetric4j/1.0.7/gmetric4j-1.0.7.jar:/home/user/.m2/repository/org/apache/ratis/ratis-netty/0.5.0-3f446aa-SNAPSHOT/ratis-netty-0.5.0-3f446aa-SNAPSHOT.jar:/home/user/.m2/repository/org/apache/ratis/ratis-grpc/0.5.0-3f446aa-SNAPSHOT/ratis-grpc-0.5.0-3f446aa-SNAPSHOT.jar:/home/user/.m2/repository/org/rocksdb/rocksdbjni/6.0.1/rocksdbjni-6.0.1.jar:/home/user/.m2/repository/org/apache/logging/log4j/log4j-api/2.11.0/log4j-api-2.11.0.jar:/home/user/.m2/repository/org/apache/logging/log4j/log4j-core/2.11.0/log4j-core-2.11.0.jar:/home/user/.m2/repository/com/lmax/disruptor/3.4.2/disruptor-3.4.2.jar:/home/user/.m2/repository/org/apache/commons/commons-pool2/2.6.0/commons-pool2-2.6.0.jar:/home/user/.m2/repository/org/bouncycastle/bcpkix-jdk15on/1.60/bcpkix-jdk15on-1.60.jar:/home/user/.m2/repository/commons-validator/commons-validator/1.6/commons-validator-1.6.jar:/home/user/.m2/repository/commons-digester/commons-digester/1.8.1/commons-digester-1.8.1.jar:/home/user/.m2/repository/io/jaegertracing/jaeger-client/0.34.0/jaeger-client-0.34.0.jar:/home/user/.m2/repository/io/jaegertracing/jaeger-thrift/0.34.0/jaeger-thrift-0.34.0.jar:/home/user/.m2/repository/org/apache/thrift/libthrift/0.12.0/libthrift-0.12.0.jar:/home/user/.m2/repository/com/squareup/okhttp3/okhttp/3.9.0/okhttp-3.9.0.jar:/home/user/.m2/repository/com/squareup/okio/okio/1.13.0/okio-1.13.0.jar:/home/user/.m2/repository/io/jaegertracing/jaeger-core/0.34.0/jaeger-core-0.34.0.jar:/home/user/.m2/repository/io/jaegertracing/jaeger-tracerresolver/0.34.0/jaeger-tracerresolver-0.34.0.jar:/home/user/.m2/repository/io/opentracing/contrib/opentracing-tracerresolver/0.1.5/opentracing-tracerresolver-0.1.5.jar:/home/user/.m2/repository/io/opentracing/opentracing-util/0.31.0/opentracing-util-0.31.0.jar:/home/user/.m2/repository/io/opentracing/opentracing-api/0.31.0/opentracing-api-0.31.0.jar:/home/user/.m2/repository/io/opentracing/opentracing-noop/0.31.0/opentracing-noop-0.31.0.jar:/home/user/.m2/repository/org/apache/hadoop/hadoop-hdds-server-framework/0.5.0-SNAPSHOT/hadoop-hdds-server-framework-0.5.0-SNAPSHOT.jar:/home/user/.m2/repository/org/apache/hadoop/hadoop-hdds-container-service/0.5.0-SNAPSHOT/hadoop-hdds-container-service-0.5.0-SNAPSHOT.jar:/home/user/.m2/repository/org/apache/hadoop/hadoop-hdds-client/0.5.0-SNAPSHOT/hadoop-hdds-client-0.5.0-SNAPSHOT.jar:/home/user/.m2/repository/org/apache/hadoop/hadoop-hdds-tools/0.5.0-SNAPSHOT/hadoop-hdds-tools-0.5.0-SNAPSHOT.jar:/home/user/.m2/repository/org/apache/hadoop/hadoop-hdds-server-scm/0.5.0-SNAPSHOT/hadoop-hdds-server-scm-0.5.0-SNAPSHOT.jar:/home/user/.m2/repository/org/apache/hadoop/hadoop-hdds-docs/0.5.0-SNAPSHOT/hadoop-hdds-docs-0.5.0-SNAPSHOT.jar:/home/user/.m2/repository/io/dropwizard/metrics/metrics-core/3.2.4/metrics-core-3.2.4.jar:/home/user/.m2/repository/org/hamcrest/hamcrest-all/1.3/hamcrest-all-1.3.jar:/home/user/.m2/repository/org/bouncycastle/bcprov-jdk15on/1.60/bcprov-jdk15on-1.60.jar:/home/user/.m2/repository/info/picocli/picocli/3.9.6/picocli-3.9.6.jar:/home/user/.m2/repository/com/google/protobuf/protobuf-java/2.5.0/protobuf-java-2.5.0.jar:/home/user/.m2/repository/com/google/guava/guava/11.0.2/guava-11.0.2.jar:/home/user/.m2/repository/org/apache/hadoop/hadoop-ozone-ozone-manager/0.5.0-SNAPSHOT/hadoop-ozone-ozone-manager-0.5.0-SNAPSHOT.jar:/home/user/.m2/repository/org/apache/hadoop/hadoop-minikdc/3.2.0/hadoop-minikdc-3.2.0.jar:/home/user/.m2/repository/commons-io/commons-io/2.5/commons-io-2.5.jar:/home/user/.m2/repository/org/apache/kerby/kerb-simplekdc/1.0.1/kerb-simplekdc-1.0.1.jar:/home/user/.m2/repository/org/apache/kerby/kerb-client/1.0.1/kerb-client-1.0.1.jar:/home/user/.m2/repository/org/apache/kerby/kerby-config/1.0.1/kerby-config-1.0.1.jar:/home/user/.m2/repository/org/apache/kerby/kerb-core/1.0.1/kerb-core-1.0.1.jar:/home/user/.m2/repository/org/apache/kerby/kerby-pkix/1.0.1/kerby-pkix-1.0.1.jar:/home/user/.m2/repository/org/apache/kerby/kerby-asn1/1.0.1/kerby-asn1-1.0.1.jar:/home/user/.m2/repository/org/apache/kerby/kerby-util/1.0.1/kerby-util-1.0.1.jar:/home/user/.m2/repository/org/apache/kerby/kerb-common/1.0.1/kerb-common-1.0.1.jar:/home/user/.m2/repository/org/apache/kerby/kerb-crypto/1.0.1/kerb-crypto-1.0.1.jar:/home/user/.m2/repository/org/apache/kerby/kerb-util/1.0.1/kerb-util-1.0.1.jar:/home/user/.m2/repository/org/apache/kerby/token-provider/1.0.1/token-provider-1.0.1.jar:/home/user/.m2/repository/org/apache/kerby/kerb-admin/1.0.1/kerb-admin-1.0.1.jar:/home/user/.m2/repository/org/apache/kerby/kerb-server/1.0.1/kerb-server-1.0.1.jar:/home/user/.m2/repository/org/apache/kerby/kerb-identity/1.0.1/kerb-identity-1.0.1.jar:/home/user/.m2/repository/org/apache/kerby/kerby-xdr/1.0.1/kerby-xdr-1.0.1.jar:/home/user/.m2/repository/org/slf4j/slf4j-log4j12/1.7.25/slf4j-log4j12-1.7.25.jar:/home/user/.m2/repository/org/apache/hadoop/hadoop-ozone-s3gateway/0.5.0-SNAPSHOT/hadoop-ozone-s3gateway-0.5.0-SNAPSHOT.jar:/home/user/.m2/repository/org/jboss/weld/servlet/weld-servlet/2.4.7.Final/weld-servlet-2.4.7.Final.jar:/home/user/.m2/repository/org/glassfish/jersey/containers/jersey-container-servlet-core/2.27/jersey-container-servlet-core-2.27.jar:/home/user/.m2/repository/org/glassfish/hk2/external/javax.inject/2.5.0-b42/javax.inject-2.5.0-b42.jar:/home/user/.m2/repository/org/glassfish/jersey/core/jersey-common/2.27/jersey-common-2.27.jar:/home/user/.m2/repository/org/glassfish/hk2/osgi-resource-locator/1.0.1/osgi-resource-locator-1.0.1.jar:/home/user/.m2/repository/javax/ws/rs/javax.ws.rs-api/2.1/javax.ws.rs-api-2.1.jar:/home/user/.m2/repository/org/glassfish/jersey/ext/cdi/jersey-cdi1x/2.27/jersey-cdi1x-2.27.jar:/home/user/.m2/repository/org/glassfish/jersey/inject/jersey-hk2/2.27/jersey-hk2-2.27.jar:/home/user/.m2/repository/org/glassfish/hk2/hk2-locator/2.5.0-b42/hk2-locator-2.5.0-b42.jar:/home/user/.m2/repository/org/javassist/javassist/3.22.0-CR2/javassist-3.22.0-CR2.jar:/home/user/.m2/repository/org/glassfish/hk2/hk2-api/2.5.0/hk2-api-2.5.0.jar:/home/user/.m2/repository/org/glassfish/hk2/external/jakarta.inject/2.5.0/jakarta.inject-2.5.0.jar:/home/user/.m2/repository/org/glassfish/hk2/hk2-utils/2.5.0/hk2-utils-2.5.0.jar:/home/user/.m2/repository/jakarta/annotation/jakarta.annotation-api/1.3.4/jakarta.annotation-api-1.3.4.jar:/home/user/.m2/repository/org/glassfish/hk2/external/aopalliance-repackaged/2.5.0/aopalliance-repackaged-2.5.0.jar:/home/user/.m2/repository/com/fasterxml/jackson/dataformat/jackson-dataformat-xml/2.9.0/jackson-dataformat-xml-2.9.0.jar:/home/user/.m2/repository/com/fasterxml/jackson/core/jackson-core/2.9.9/jackson-core-2.9.9.jar:/home/user/.m2/repository/com/fasterxml/jackson/module/jackson-module-jaxb-annotations/2.9.9/jackson-module-jaxb-annotations-2.9.9.jar:/home/user/.m2/repository/javax/enterprise/cdi-api/1.2/cdi-api-1.2.jar:/home/user/.m2/repository/javax/el/javax.el-api/3.0.0/javax.el-api-3.0.0.jar:/home/user/.m2/repository/javax/interceptor/javax.interceptor-api/1.2/javax.interceptor-api-1.2.jar:/home/user/.m2/repository/javax/inject/javax.inject/1/javax.inject-1.jar:/home/user/.m2/repository/com/sun/xml/bind/jaxb-impl/2.3.0.1/jaxb-impl-2.3.0.1.jar:/home/user/.m2/repository/com/sun/xml/bind/jaxb-core/2.3.0.1/jaxb-core-2.3.0.1.jar:/home/user/.m2/repository/javax/xml/bind/jaxb-api/2.3.0/jaxb-api-2.3.0.jar:/home/user/.m2/repository/javax/activation/activation/1.1.1/activation-1.1.1.jar:/home/user/.m2/repository/org/apache/hadoop/hadoop-ozone-csi/0.5.0-SNAPSHOT/hadoop-ozone-csi-0.5.0-SNAPSHOT.jar:/home/user/.m2/repository/com/google/protobuf/protobuf-java-util/3.5.1/protobuf-java-util-3.5.1.jar:/home/user/.m2/repository/org/apache/hadoop/hadoop-hdds-config/0.5.0-SNAPSHOT/hadoop-hdds-config-0.5.0-SNAPSHOT.jar:/home/user/.m2/repository/io/grpc/grpc-netty/1.17.1/grpc-netty-1.17.1.jar:/home/user/.m2/repository/io/grpc/grpc-core/1.17.1/grpc-core-1.17.1.jar:/home/user/.m2/repository/io/grpc/grpc-context/1.17.1/grpc-context-1.17.1.jar:/home/user/.m2/repository/com/google/errorprone/error_prone_annotations/2.2.0/error_prone_annotations-2.2.0.jar:/home/user/.m2/repository/org/codehaus/mojo/animal-sniffer-annotations/1.17/animal-sniffer-annotations-1.17.jar:/home/user/.m2/repository/io/opencensus/opencensus-api/0.17.0/opencensus-api-0.17.0.jar:/home/user/.m2/repository/io/opencensus/opencensus-contrib-grpc-metrics/0.17.0/opencensus-contrib-grpc-metrics-0.17.0.jar:/home/user/.m2/repository/io/netty/netty-codec-http2/4.1.30.Final/netty-codec-http2-4.1.30.Final.jar:/home/user/.m2/repository/io/netty/netty-codec-http/4.1.30.Final/netty-codec-http-4.1.30.Final.jar:/home/user/.m2/repository/io/netty/netty-codec/4.1.30.Final/netty-codec-4.1.30.Final.jar:/home/user/.m2/repository/io/netty/netty-handler/4.1.30.Final/netty-handler-4.1.30.Final.jar:/home/user/.m2/repository/io/netty/netty-handler-proxy/4.1.30.Final/netty-handler-proxy-4.1.30.Final.jar:/home/user/.m2/repository/io/netty/netty-codec-socks/4.1.30.Final/netty-codec-socks-4.1.30.Final.jar:/home/user/.m2/repository/io/netty/netty-transport-native-epoll/4.1.30.Final/netty-transport-native-epoll-4.1.30.Final.jar:/home/user/.m2/repository/io/netty/netty-common/4.1.30.Final/netty-common-4.1.30.Final.jar:/home/user/.m2/repository/io/netty/netty-buffer/4.1.30.Final/netty-buffer-4.1.30.Final.jar:/home/user/.m2/repository/io/netty/netty-transport/4.1.30.Final/netty-transport-4.1.30.Final.jar:/home/user/.m2/repository/io/netty/netty-resolver/4.1.30.Final/netty-resolver-4.1.30.Final.jar:/home/user/.m2/repository/io/netty/netty-transport-native-unix-common/4.1.30.Final/netty-transport-native-unix-common-4.1.30.Final.jar:/home/user/.m2/repository/io/grpc/grpc-protobuf/1.17.1/grpc-protobuf-1.17.1.jar:/home/user/.m2/repository/com/google/api/grpc/proto-google-common-protos/1.0.0/proto-google-common-protos-1.0.0.jar:/home/user/.m2/repository/io/grpc/grpc-protobuf-lite/1.17.1/grpc-protobuf-lite-1.17.1.jar:/home/user/.m2/repository/io/grpc/grpc-stub/1.17.1/grpc-stub-1.17.1.jar:/home/user/.m2/repository/org/apache/hadoop/hadoop-ozone-recon/0.5.0-SNAPSHOT/hadoop-ozone-recon-0.5.0-SNAPSHOT.jar:/home/user/.m2/repository/org/apache/hadoop/hadoop-ozone-reconcodegen/0.5.0-SNAPSHOT/hadoop-ozone-reconcodegen-0.5.0-SNAPSHOT.jar:/home/user/.m2/repository/com/google/inject/extensions/guice-multibindings/4.0/guice-multibindings-4.0.jar:/home/user/.m2/repository/com/google/inject/guice/4.0/guice-4.0.jar:/home/user/.m2/repository/aopalliance/aopalliance/1.0/aopalliance-1.0.jar:/home/user/.m2/repository/com/google/inject/extensions/guice-servlet/4.0/guice-servlet-4.0.jar:/home/user/.m2/repository/org/glassfish/jersey/containers/jersey-container-servlet/2.27/jersey-container-servlet-2.27.jar:/home/user/.m2/repository/org/glassfish/hk2/guice-bridge/2.5.0/guice-bridge-2.5.0.jar:/home/user/.m2/repository/org/glassfish/jersey/core/jersey-server/2.27/jersey-server-2.27.jar:/home/user/.m2/repository/org/glassfish/jersey/core/jersey-client/2.27/jersey-client-2.27.jar:/home/user/.m2/repository/org/glassfish/jersey/media/jersey-media-jaxb/2.27/jersey-media-jaxb-2.27.jar:/home/user/.m2/repository/javax/validation/validation-api/1.1.0.Final/validation-api-1.1.0.Final.jar:/home/user/.m2/repository/org/glassfish/jersey/media/jersey-media-json-jackson/2.27/jersey-media-json-jackson-2.27.jar:/home/user/.m2/repository/org/glassfish/jersey/ext/jersey-entity-filtering/2.27/jersey-entity-filtering-2.27.jar:/home/user/.m2/repository/com/google/inject/extensions/guice-assistedinject/4.0/guice-assistedinject-4.0.jar:/home/user/.m2/repository/org/jooq/jooq/3.11.10/jooq-3.11.10.jar:/home/user/.m2/repository/org/jooq/jooq-meta/3.11.10/jooq-meta-3.11.10.jar:/home/user/.m2/repository/org/jooq/jooq-codegen/3.11.10/jooq-codegen-3.11.10.jar:/home/user/.m2/repository/com/jolbox/bonecp/0.8.0.RELEASE/bonecp-0.8.0.RELEASE.jar:/home/user/.m2/repository/org/xerial/sqlite-jdbc/3.25.2/sqlite-jdbc-3.25.2.jar:/home/user/.m2/repository/org/springframework/spring-jdbc/5.1.3.RELEASE/spring-jdbc-5.1.3.RELEASE.jar:/home/user/.m2/repository/org/springframework/spring-beans/5.1.3.RELEASE/spring-beans-5.1.3.RELEASE.jar:/home/user/.m2/repository/org/springframework/spring-core/5.1.3.RELEASE/spring-core-5.1.3.RELEASE.jar:/home/user/.m2/repository/org/springframework/spring-jcl/5.1.3.RELEASE/spring-jcl-5.1.3.RELEASE.jar:/home/user/.m2/repository/org/springframework/spring-tx/5.1.3.RELEASE/spring-tx-5.1.3.RELEASE.jar:/home/user/.m2/repository/org/apache/hadoop/hadoop-ozone-client/0.5.0-SNAPSHOT/hadoop-ozone-client-0.5.0-SNAPSHOT.jar:/home/user/.m2/repository/commons-lang/commons-lang/2.6/commons-lang-2.6.jar:/home/user/.m2/repository/org/apache/hadoop/hadoop-ozone-ozone-manager/0.5.0-SNAPSHOT/hadoop-ozone-ozone-manager-0.5.0-SNAPSHOT-tests.jar:/home/user/.m2/repository/junit/junit/4.11/junit-4.11.jar:/home/user/.m2/repository/org/hamcrest/hamcrest-core/1.3/hamcrest-core-1.3.jar:/home/user/.m2/repository/org/openjdk/jmh/jmh-core/1.19/jmh-core-1.19.jar:/home/user/.m2/repository/net/sf/jopt-simple/jopt-simple/4.6/jopt-simple-4.6.jar:/home/user/.m2/repository/org/apache/commons/commons-math3/3.1.1/commons-math3-3.1.1.jar:/home/user/.m2/repository/org/openjdk/jmh/jmh-generator-annprocess/1.19/jmh-generator-annprocess-1.19.jar:/home/user/.m2/repository/org/mockito/mockito-all/1.8.5/mockito-all-1.8.5.jar:/home/user/.m2/repository/org/apache/hadoop/hadoop-kms/3.2.0/hadoop-kms-3.2.0.jar:/home/user/.m2/repository/org/apache/hadoop/hadoop-auth/3.2.0/hadoop-auth-3.2.0.jar:/home/user/.m2/repository/com/nimbusds/nimbus-jose-jwt/4.41.1/nimbus-jose-jwt-4.41.1.jar:/home/user/.m2/repository/com/github/stephenc/jcip/jcip-annotations/1.0-1/jcip-annotations-1.0-1.jar:/home/user/.m2/repository/net/minidev/json-smart/2.3/json-smart-2.3.jar:/home/user/.m2/repository/net/minidev/accessors-smart/1.2/accessors-smart-1.2.jar:/home/user/.m2/repository/org/ow2/asm/asm/5.0.4/asm-5.0.4.jar:/home/user/.m2/repository/org/apache/curator/curator-framework/2.12.0/curator-framework-2.12.0.jar:/home/user/.m2/repository/com/sun/jersey/jersey-core/1.19/jersey-core-1.19.jar:/home/user/.m2/repository/javax/ws/rs/jsr311-api/1.1.1/jsr311-api-1.1.1.jar:/home/user/.m2/repository/com/sun/jersey/jersey-server/1.19/jersey-server-1.19.jar:/home/user/.m2/repository/javax/servlet/javax.servlet-api/3.1.0/javax.servlet-api-3.1.0.jar:/home/user/.m2/repository/org/eclipse/jetty/jetty-server/9.3.25.v20180904/jetty-server-9.3.25.v20180904.jar:/home/user/.m2/repository/org/eclipse/jetty/jetty-http/9.3.25.v20180904/jetty-http-9.3.25.v20180904.jar:/home/user/.m2/repository/org/eclipse/jetty/jetty-io/9.3.25.v20180904/jetty-io-9.3.25.v20180904.jar:/home/user/.m2/repository/org/eclipse/jetty/jetty-webapp/9.3.25.v20180904/jetty-webapp-9.3.25.v20180904.jar:/home/user/.m2/repository/org/eclipse/jetty/jetty-xml/9.3.25.v20180904/jetty-xml-9.3.25.v20180904.jar:/home/user/.m2/repository/log4j/log4j/1.2.17/log4j-1.2.17.jar:/home/user/.m2/repository/org/slf4j/slf4j-api/1.7.25/slf4j-api-1.7.25.jar:/home/user/.m2/repository/org/slf4j/jul-to-slf4j/1.7.25/jul-to-slf4j-1.7.25.jar:/home/user/.m2/repository/org/eclipse/jetty/jetty-util/9.3.25.v20180904/jetty-util-9.3.25.v20180904.jar:/home/user/.m2/repository/com/fasterxml/jackson/core/jackson-databind/2.9.9/jackson-databind-2.9.9.jar:/home/user/.m2/repository/org/apache/hadoop/hadoop-kms/3.2.0/hadoop-kms-3.2.0-tests.jar:/home/user/.m2/repository/org/apache/hadoop/hadoop-hdds-server-scm/0.5.0-SNAPSHOT/hadoop-hdds-server-scm-0.5.0-SNAPSHOT-tests.jar:/home/user/.m2/repository/org/apache/hadoop/hadoop-hdds-container-service/0.5.0-SNAPSHOT/hadoop-hdds-container-service-0.5.0-SNAPSHOT-tests.jar:/home/user/.m2/repository/org/yaml/snakeyaml/1.16/snakeyaml-1.16.jar:/home/user/.m2/repository/org/apache/hadoop/hadoop-common/3.2.0/hadoop-common-3.2.0-tests.jar:/home/user/.m2/repository/org/apache/hadoop/hadoop-annotations/3.2.0/hadoop-annotations-3.2.0.jar:/usr/lib/jvm/java-1.8.0-openjdk-1.8.0.222.b10-1.el7_7.x86_64/jre/../lib/tools.jar:/home/user/.m2/repository/commons-cli/commons-cli/1.2/commons-cli-1.2.jar:/home/user/.m2/repository/org/apache/httpcomponents/httpclient/4.5.2/httpclient-4.5.2.jar:/home/user/.m2/repository/org/apache/httpcomponents/httpcore/4.4.4/httpcore-4.4.4.jar:/home/user/.m2/repository/commons-codec/commons-codec/1.11/commons-codec-1.11.jar:/home/user/.m2/repository/commons-net/commons-net/3.6/commons-net-3.6.jar:/home/user/.m2/repository/commons-collections/commons-collections/3.2.2/commons-collections-3.2.2.jar:/home/user/.m2/repository/org/eclipse/jetty/jetty-servlet/9.3.25.v20180904/jetty-servlet-9.3.25.v20180904.jar:/home/user/.m2/repository/org/eclipse/jetty/jetty-security/9.3.25.v20180904/jetty-security-9.3.25.v20180904.jar:/home/user/.m2/repository/javax/servlet/jsp/jsp-api/2.1/jsp-api-2.1.jar:/home/user/.m2/repository/com/sun/jersey/jersey-servlet/1.19/jersey-servlet-1.19.jar:/home/user/.m2/repository/com/sun/jersey/jersey-json/1.19/jersey-json-1.19.jar:/home/user/.m2/repository/org/codehaus/jettison/jettison/1.1/jettison-1.1.jar:/home/user/.m2/repository/org/codehaus/jackson/jackson-core-asl/1.9.13/jackson-core-asl-1.9.13.jar:/home/user/.m2/repository/org/codehaus/jackson/jackson-mapper-asl/1.9.13/jackson-mapper-asl-1.9.13.jar:/home/user/.m2/repository/org/codehaus/jackson/jackson-jaxrs/1.9.13/jackson-jaxrs-1.9.13.jar:/home/user/.m2/repository/org/codehaus/jackson/jackson-xc/1.9.13/jackson-xc-1.9.13.jar:/home/user/.m2/repository/commons-logging/commons-logging/1.1.3/commons-logging-1.1.3.jar:/home/user/.m2/repository/commons-beanutils/commons-beanutils/1.9.4/commons-beanutils-1.9.4.jar:/home/user/.m2/repository/org/apache/commons/commons-configuration2/2.1.1/commons-configuration2-2.1.1.jar:/home/user/.m2/repository/org/apache/commons/commons-lang3/3.7/commons-lang3-3.7.jar:/home/user/.m2/repository/org/apache/commons/commons-text/1.4/commons-text-1.4.jar:/home/user/.m2/repository/org/apache/avro/avro/1.7.7/avro-1.7.7.jar:/home/user/.m2/repository/com/thoughtworks/paranamer/paranamer/2.3/paranamer-2.3.jar:/home/user/.m2/repository/org/xerial/snappy/snappy-java/1.0.5/snappy-java-1.0.5.jar:/home/user/.m2/repository/com/google/re2j/re2j/1.1/re2j-1.1.jar:/home/user/.m2/repository/com/google/code/gson/gson/2.2.4/gson-2.2.4.jar:/home/user/.m2/repository/com/jcraft/jsch/0.1.54/jsch-0.1.54.jar:/home/user/.m2/repository/org/apache/curator/curator-client/2.12.0/curator-client-2.12.0.jar:/home/user/.m2/repository/org/apache/curator/curator-recipes/2.12.0/curator-recipes-2.12.0.jar:/home/user/.m2/repository/com/google/code/findbugs/jsr305/3.0.0/jsr305-3.0.0.jar:/home/user/.m2/repository/org/apache/htrace/htrace-core4/4.1.0-incubating/htrace-core4-4.1.0-incubating.jar:/home/user/.m2/repository/org/apache/zookeeper/zookeeper/3.4.13/zookeeper-3.4.13.jar:/home/user/.m2/repository/jline/jline/0.9.94/jline-0.9.94.jar:/home/user/.m2/repository/org/apache/yetus/audience-annotations/0.5.0/audience-annotations-0.5.0.jar:/home/user/.m2/repository/org/codehaus/woodstox/stax2-api/3.1.4/stax2-api-3.1.4.jar:/home/user/.m2/repository/com/fasterxml/woodstox/woodstox-core/5.0.3/woodstox-core-5.0.3.jar:/home/user/.m2/repository/dnsjava/dnsjava/2.1.7/dnsjava-2.1.7.jar:/home/user/.m2/repository/org/apache/hadoop/hadoop-hdfs/3.2.0/hadoop-hdfs-3.2.0-tests.jar:/home/user/.m2/repository/org/eclipse/jetty/jetty-util-ajax/9.3.25.v20180904/jetty-util-ajax-9.3.25.v20180904.jar:/home/user/.m2/repository/commons-daemon/commons-daemon/1.0.13/commons-daemon-1.0.13.jar:/home/user/.m2/repository/io/netty/netty/3.10.5.Final/netty-3.10.5.Final.jar:/home/user/.m2/repository/io/netty/netty-all/4.0.52.Final/netty-all-4.0.52.Final.jar:/home/user/.m2/repository/org/fusesource/leveldbjni/leveldbjni-all/1.8/leveldbjni-all-1.8.jar:"/>
    <property name="sun.cpu.endian" value="little"/>
    <property name="user.home" value="/home/user"/>
    <property name="user.language" value="en"/>
    <property name="java.specification.vendor" value="Oracle Corporation"/>
    <property name="java.home" value="/usr/lib/jvm/java-1.8.0-openjdk-1.8.0.222.b10-1.el7_7.x86_64/jre"/>
    <property name="surefire.excludesFile" value="/tools/ozone-bad-unit-tests"/>
    <property name="java.security.krb5.conf" value="/workdir/hadoop-ozone/integration-test/target/test-classes/krb5.conf"/>
    <property name="basedir" value="/workdir/hadoop-ozone/integration-test"/>
    <property name="file.separator" value="/"/>
    <property name="line.separator" value="&#10;"/>
    <property name="java.vm.specification.vendor" value="Oracle Corporation"/>
    <property name="java.specification.name" value="Java Platform API Specification"/>
    <property name="java.awt.graphicsenv" value="sun.awt.X11GraphicsEnvironment"/>
    <property name="surefire.real.class.path" value="/workdir/hadoop-ozone/integration-test/target/surefire/surefirebooter3954140910773979394.jar"/>
    <property name="hadoop.log.dir" value="/workdir/hadoop-ozone/integration-test/target/log"/>
    <property name="sun.boot.class.path" value="/usr/lib/jvm/java-1.8.0-openjdk-1.8.0.222.b10-1.el7_7.x86_64/jre/lib/resources.jar:/usr/lib/jvm/java-1.8.0-openjdk-1.8.0.222.b10-1.el7_7.x86_64/jre/lib/rt.jar:/usr/lib/jvm/java-1.8.0-openjdk-1.8.0.222.b10-1.el7_7.x86_64/jre/lib/sunrsasign.jar:/usr/lib/jvm/java-1.8.0-openjdk-1.8.0.222.b10-1.el7_7.x86_64/jre/lib/jsse.jar:/usr/lib/jvm/java-1.8.0-openjdk-1.8.0.222.b10-1.el7_7.x86_64/jre/lib/jce.jar:/usr/lib/jvm/java-1.8.0-openjdk-1.8.0.222.b10-1.el7_7.x86_64/jre/lib/charsets.jar:/usr/lib/jvm/java-1.8.0-openjdk-1.8.0.222.b10-1.el7_7.x86_64/jre/lib/jfr.jar:/usr/lib/jvm/java-1.8.0-openjdk-1.8.0.222.b10-1.el7_7.x86_64/jre/classes"/>
    <property name="sun.management.compiler" value="HotSpot 64-Bit Tiered Compilers"/>
    <property name="java.runtime.version" value="1.8.0_222-b10"/>
    <property name="java.net.preferIPv4Stack" value="true"/>
    <property name="user.name" value="jenkins1000"/>
    <property name="path.separator" value=":"/>
    <property name="java.security.egd" value="file:///dev/urandom"/>
    <property name="os.version" value="3.10.0-957.12.2.el7.x86_64"/>
    <property name="java.endorsed.dirs" value="/usr/lib/jvm/java-1.8.0-openjdk-1.8.0.222.b10-1.el7_7.x86_64/jre/lib/endorsed"/>
    <property name="java.runtime.name" value="OpenJDK Runtime Environment"/>
    <property name="file.encoding" value="ANSI_X3.4-1968"/>
    <property name="java.vm.name" value="OpenJDK 64-Bit Server VM"/>
    <property name="test.build.webapps" value=""/>
    <property name="localRepository" value="/home/user/.m2/repository"/>
    <property name="java.vendor.url.bug" value="http://bugreport.sun.com/bugreport/"/>
    <property name="java.io.tmpdir" value="/tmp"/>
    <property name="require.test.libhadoop" value=""/>
    <property name="java.version" value="1.8.0_222"/>
    <property name="user.dir" value="/workdir/hadoop-ozone/integration-test"/>
    <property name="os.arch" value="amd64"/>
    <property name="java.vm.specification.name" value="Java Virtual Machine Specification"/>
    <property name="test.build.classes" value="/workdir/hadoop-ozone/integration-test/target/test-classes"/>
    <property name="java.awt.printerjob" value="sun.print.PSPrinterJob"/>
    <property name="sun.os.patch.level" value="unknown"/>
    <property name="hadoop.tmp.dir" value="/workdir/hadoop-ozone/integration-test/target/tmp"/>
    <property name="java.library.path" value="/usr/lib:/workdir/hadoop-ozone/integration-test/target/native/target/usr/local/lib:/workdir/hadoop-ozone/integration-test/../../hadoop-common-project/hadoop-common/target/native/target/usr/local/lib:/usr/java/packages/lib/amd64:/usr/lib64:/lib64:/lib:/usr/lib"/>
    <property name="java.vm.info" value="mixed mode"/>
    <property name="java.vendor" value="Oracle Corporation"/>
    <property name="java.vm.version" value="25.222-b10"/>
    <property name="java.ext.dirs" value="/usr/lib/jvm/java-1.8.0-openjdk-1.8.0.222.b10-1.el7_7.x86_64/jre/lib/ext:/usr/java/packages/lib/ext"/>
    <property name="sun.io.unicode.encoding" value="UnicodeLittle"/>
    <property name="java.class.version" value="52.0"/>
  </properties>
  <testcase name="test" classname="org.apache.hadoop.ozone.scm.TestSCMContainerPlacementPolicyMetrics" time="81.976">
    <error message="test timed out after 60000 milliseconds" type="java.lang.Exception">java.lang.Exception: test timed out after 60000 milliseconds
	at sun.misc.Unsafe.park(Native Method)
	at java.util.concurrent.locks.LockSupport.park(LockSupport.java:175)
	at java.util.concurrent.CompletableFuture$Signaller.block(CompletableFuture.java:1693)
	at java.util.concurrent.ForkJoinPool.managedBlock(ForkJoinPool.java:3323)
	at java.util.concurrent.CompletableFuture.waitingGet(CompletableFuture.java:1729)
	at java.util.concurrent.CompletableFuture.get(CompletableFuture.java:1895)
	at org.apache.hadoop.hdds.scm.storage.BlockOutputStream.waitOnFlushFutures(BlockOutputStream.java:518)
	at org.apache.hadoop.hdds.scm.storage.BlockOutputStream.handleFlush(BlockOutputStream.java:481)
	at org.apache.hadoop.hdds.scm.storage.BlockOutputStream.close(BlockOutputStream.java:496)
	at org.apache.hadoop.ozone.client.io.BlockOutputStreamEntry.close(BlockOutputStreamEntry.java:143)
	at org.apache.hadoop.ozone.client.io.KeyOutputStream.handleFlushOrClose(KeyOutputStream.java:435)
	at org.apache.hadoop.ozone.client.io.KeyOutputStream.close(KeyOutputStream.java:473)
	at org.apache.hadoop.ozone.client.io.OzoneOutputStream.close(OzoneOutputStream.java:60)
	at org.apache.hadoop.ozone.scm.TestSCMContainerPlacementPolicyMetrics.test(TestSCMContainerPlacementPolicyMetrics.java:112)
	at sun.reflect.NativeMethodAccessorImpl.invoke0(Native Method)
	at sun.reflect.NativeMethodAccessorImpl.invoke(NativeMethodAccessorImpl.java:62)
	at sun.reflect.DelegatingMethodAccessorImpl.invoke(DelegatingMethodAccessorImpl.java:43)
	at java.lang.reflect.Method.invoke(Method.java:498)
	at org.junit.runners.model.FrameworkMethod$1.runReflectiveCall(FrameworkMethod.java:47)
	at org.junit.internal.runners.model.ReflectiveCallable.run(ReflectiveCallable.java:12)
	at org.junit.runners.model.FrameworkMethod.invokeExplosively(FrameworkMethod.java:44)
	at org.junit.internal.runners.statements.InvokeMethod.evaluate(InvokeMethod.java:17)
	at org.junit.internal.runners.statements.FailOnTimeout$StatementThread.run(FailOnTimeout.java:74)
</error>
    <system-out><![CDATA[2019-10-21 19:12:27,170 [main] WARN  server.ServerUtils (ServerUtils.java:getScmDbDir(145)) - ozone.scm.db.dirs is not configured. We recommend adding this setting. Falling back to ozone.metadata.dirs instead.
2019-10-21 19:12:27,286 [main] WARN  server.ServerUtils (ServerUtils.java:getScmDbDir(145)) - ozone.scm.db.dirs is not configured. We recommend adding this setting. Falling back to ozone.metadata.dirs instead.
2019-10-21 19:12:27,289 [main] WARN  server.ServerUtils (ServerUtils.java:getScmDbDir(145)) - ozone.scm.db.dirs is not configured. We recommend adding this setting. Falling back to ozone.metadata.dirs instead.
2019-10-21 19:12:27,310 [main] INFO  util.log (Log.java:initialized(192)) - Logging initialized @846ms
2019-10-21 19:12:27,384 [main] INFO  db.DBStoreBuilder (DBStoreBuilder.java:addTable(117)) - using custom profile for table: deletedBlocks
2019-10-21 19:12:27,385 [main] INFO  db.DBStoreBuilder (DBStoreBuilder.java:processTables(168)) - Using default column profile:DBProfile.DISK for Table:deletedBlocks
2019-10-21 19:12:27,385 [main] INFO  db.DBStoreBuilder (DBStoreBuilder.java:addTable(117)) - using custom profile for table: validCerts
2019-10-21 19:12:27,385 [main] INFO  db.DBStoreBuilder (DBStoreBuilder.java:processTables(168)) - Using default column profile:DBProfile.DISK for Table:validCerts
2019-10-21 19:12:27,385 [main] INFO  db.DBStoreBuilder (DBStoreBuilder.java:addTable(117)) - using custom profile for table: revokedCerts
2019-10-21 19:12:27,386 [main] INFO  db.DBStoreBuilder (DBStoreBuilder.java:processTables(168)) - Using default column profile:DBProfile.DISK for Table:revokedCerts
2019-10-21 19:12:27,395 [main] INFO  db.DBStoreBuilder (DBStoreBuilder.java:addTable(117)) - using custom profile for table: default
2019-10-21 19:12:27,395 [main] INFO  db.DBStoreBuilder (DBStoreBuilder.java:processTables(174)) - Using default column profile:DBProfile.DISK for Table:default
2019-10-21 19:12:27,396 [main] INFO  db.DBStoreBuilder (DBStoreBuilder.java:getDbProfile(205)) - Using default options. DBProfile.DISK
2019-10-21 19:12:27,716 [main] INFO  net.NodeSchemaLoader (NodeSchemaLoader.java:loadSchemaFromFile(125)) - Loading file from sun.misc.CompoundEnumeration@75d4a5c2
2019-10-21 19:12:27,718 [main] INFO  net.NodeSchemaLoader (NodeSchemaLoader.java:loadSchema(171)) - Loading network topology layer schema file
2019-10-21 19:12:27,776 [main] WARN  server.ServerUtils (ServerUtils.java:sanitizeUserArgs(70)) - ozone.scm.stale.node.interval value = 300000 is larger than max = 100000 based on the key value of ozone.scm.heartbeat.thread.interval, reset to the max value 100000.
2019-10-21 19:12:27,778 [main] WARN  server.ServerUtils (ServerUtils.java:sanitizeUserArgs(70)) - ozone.scm.stale.node.interval value = 300000 is larger than max = 100000 based on the key value of ozone.scm.heartbeat.thread.interval, reset to the max value 100000.
2019-10-21 19:12:27,780 [main] INFO  node.SCMNodeManager (SCMNodeManager.java:<init>(116)) - Entering startup safe mode.
2019-10-21 19:12:27,837 [main] INFO  Configuration.deprecation (Configuration.java:logDeprecation(1394)) - hadoop.configured.node.mapping is deprecated. Instead, use net.topology.configured.node.mapping
2019-10-21 19:12:27,841 [main] INFO  algorithms.ContainerPlacementPolicyFactory (ContainerPlacementPolicyFactory.java:getPolicy(57)) - Create container placement policy of type org.apache.hadoop.hdds.scm.container.placement.algorithms.SCMContainerPlacementRackAware
2019-10-21 19:12:27,854 [main] WARN  server.ServerUtils (ServerUtils.java:getScmDbDir(145)) - ozone.scm.db.dirs is not configured. We recommend adding this setting. Falling back to ozone.metadata.dirs instead.
2019-10-21 19:12:27,966 [main] INFO  pipeline.SCMPipelineManager (SCMPipelineManager.java:initializePipelineState(132)) - No pipeline exists in current db
2019-10-21 19:12:27,970 [main] WARN  server.ServerUtils (ServerUtils.java:getScmDbDir(145)) - ozone.scm.db.dirs is not configured. We recommend adding this setting. Falling back to ozone.metadata.dirs instead.
2019-10-21 19:12:28,134 [main] WARN  events.EventQueue (EventQueue.java:fireEvent(183)) - No event handler registered for event TypedEvent{payloadType=SafeModeStatus, name='SafeModeStatus'}
2019-10-21 19:12:28,528 [main] INFO  ipc.CallQueueManager (CallQueueManager.java:<init>(84)) - Using callQueue: class java.util.concurrent.LinkedBlockingQueue, queueCapacity: 2000, scheduler: class org.apache.hadoop.ipc.DefaultRpcScheduler, ipcBackoff: false.
2019-10-21 19:12:28,549 [Socket Reader #1 for port 38284] INFO  ipc.Server (Server.java:run(1074)) - Starting Socket Reader #1 for port 38284
2019-10-21 19:12:28,666 [main] INFO  ipc.CallQueueManager (CallQueueManager.java:<init>(84)) - Using callQueue: class java.util.concurrent.LinkedBlockingQueue, queueCapacity: 2000, scheduler: class org.apache.hadoop.ipc.DefaultRpcScheduler, ipcBackoff: false.
2019-10-21 19:12:28,667 [Socket Reader #1 for port 37543] INFO  ipc.Server (Server.java:run(1074)) - Starting Socket Reader #1 for port 37543
2019-10-21 19:12:28,676 [main] INFO  ipc.CallQueueManager (CallQueueManager.java:<init>(84)) - Using callQueue: class java.util.concurrent.LinkedBlockingQueue, queueCapacity: 2000, scheduler: class org.apache.hadoop.ipc.DefaultRpcScheduler, ipcBackoff: false.
2019-10-21 19:12:28,676 [Socket Reader #1 for port 41994] INFO  ipc.Server (Server.java:run(1074)) - Starting Socket Reader #1 for port 41994
2019-10-21 19:12:28,699 [main] INFO  hdfs.DFSUtil (DFSUtil.java:httpServerTemplateForNNAndJN(1641)) - Starting Web-server for scm at: http://0.0.0.0:0
2019-10-21 19:12:28,882 [main] INFO  server.AuthenticationFilter (AuthenticationFilter.java:constructSecretProvider(240)) - Unable to initialize FileSignerSecretProvider, falling back to use random secrets.
2019-10-21 19:12:28,893 [main] WARN  http.HttpRequestLog (HttpRequestLog.java:getRequestLog(97)) - Jetty request log can only be enabled using Log4j
2019-10-21 19:12:28,907 [main] INFO  http.HttpServer2 (HttpServer2.java:addGlobalFilter(975)) - Added global filter 'safety' (class=org.apache.hadoop.http.HttpServer2$QuotingInputFilter)
2019-10-21 19:12:28,911 [main] INFO  http.HttpServer2 (HttpServer2.java:addFilter(948)) - Added filter static_user_filter (class=org.apache.hadoop.http.lib.StaticUserWebFilter$StaticUserFilter) to context scm
2019-10-21 19:12:28,912 [main] INFO  http.HttpServer2 (HttpServer2.java:addFilter(958)) - Added filter static_user_filter (class=org.apache.hadoop.http.lib.StaticUserWebFilter$StaticUserFilter) to context logs
2019-10-21 19:12:28,912 [main] INFO  http.HttpServer2 (HttpServer2.java:addFilter(958)) - Added filter static_user_filter (class=org.apache.hadoop.http.lib.StaticUserWebFilter$StaticUserFilter) to context static
2019-10-21 19:12:28,954 [main] INFO  server.StorageContainerManager (StorageContainerManager.java:start(772)) - StorageContainerLocationProtocol RPC server is listening at /0.0.0.0:41994
2019-10-21 19:12:29,040 [main] WARN  impl.MetricsConfig (MetricsConfig.java:loadFirst(134)) - Cannot locate configuration: tried hadoop-metrics2-storagecontainermanager.properties,hadoop-metrics2.properties
2019-10-21 19:12:29,060 [main] INFO  impl.MetricsSystemImpl (MetricsSystemImpl.java:startTimer(374)) - Scheduled Metric snapshot period at 10 second(s).
2019-10-21 19:12:29,060 [main] INFO  impl.MetricsSystemImpl (MetricsSystemImpl.java:start(191)) - StorageContainerManager metrics system started
2019-10-21 19:12:29,322 [main] INFO  server.SCMClientProtocolServer (SCMClientProtocolServer.java:start(159)) - RPC server for Client  is listening at /0.0.0.0:41994
2019-10-21 19:12:29,323 [IPC Server Responder] INFO  ipc.Server (Server.java:run(1314)) - IPC Server Responder: starting
2019-10-21 19:12:29,323 [IPC Server listener on 41994] INFO  ipc.Server (Server.java:run(1153)) - IPC Server listener on 41994: starting
2019-10-21 19:12:29,326 [main] INFO  server.StorageContainerManager (StorageContainerManager.java:start(782)) - ScmBlockLocationProtocol RPC server is listening at /0.0.0.0:37543
2019-10-21 19:12:29,327 [main] INFO  server.SCMBlockProtocolServer (SCMBlockProtocolServer.java:start(146)) - RPC server for Block Protocol is listening at /0.0.0.0:37543
2019-10-21 19:12:29,327 [IPC Server Responder] INFO  ipc.Server (Server.java:run(1314)) - IPC Server Responder: starting
2019-10-21 19:12:29,327 [IPC Server listener on 37543] INFO  ipc.Server (Server.java:run(1153)) - IPC Server listener on 37543: starting
2019-10-21 19:12:29,330 [main] INFO  server.StorageContainerManager (StorageContainerManager.java:start(786)) - ScmDatanodeProtocl RPC server is listening at /0.0.0.0:38284
2019-10-21 19:12:29,330 [main] INFO  server.SCMDatanodeProtocolServer (SCMDatanodeProtocolServer.java:start(169)) - RPC server for DataNodes is listening at /0.0.0.0:38284
2019-10-21 19:12:29,331 [IPC Server Responder] INFO  ipc.Server (Server.java:run(1314)) - IPC Server Responder: starting
2019-10-21 19:12:29,331 [IPC Server listener on 38284] INFO  ipc.Server (Server.java:run(1153)) - IPC Server listener on 38284: starting
2019-10-21 19:12:29,335 [main] INFO  http.HttpServer2 (HttpServer2.java:bindListener(1191)) - Jetty bound to port 43002
2019-10-21 19:12:29,337 [main] INFO  server.Server (Server.java:doStart(351)) - jetty-9.3.25.v20180904, build timestamp: 2018-09-04T21:11:46Z, git hash: 3ce520221d0240229c862b122d2b06c12a625732
2019-10-21 19:12:29,374 [main] INFO  handler.ContextHandler (ContextHandler.java:doStart(781)) - Started o.e.j.s.ServletContextHandler@6b53bcc2{/logs,file:///workdir/hadoop-ozone/integration-test/target/log,AVAILABLE}
2019-10-21 19:12:29,375 [main] INFO  handler.ContextHandler (ContextHandler.java:doStart(781)) - Started o.e.j.s.ServletContextHandler@a43ce46{/static,file:///workdir/hadoop-ozone/integration-test/target/test-classes/webapps/static,AVAILABLE}
2019-10-21 19:12:29,409 [main] INFO  handler.ContextHandler (ContextHandler.java:doStart(781)) - Started o.e.j.w.WebAppContext@532721fd{/,file:///workdir/hadoop-ozone/integration-test/target/test-classes/webapps/scm/,AVAILABLE}{/scm}
2019-10-21 19:12:29,415 [main] INFO  server.AbstractConnector (AbstractConnector.java:doStart(278)) - Started ServerConnector@7e1a1da6{HTTP/1.1,[http/1.1]}{0.0.0.0:43002}
2019-10-21 19:12:29,415 [main] INFO  server.Server (Server.java:doStart(419)) - Started @2951ms
2019-10-21 19:12:29,417 [main] INFO  impl.MetricsSinkAdapter (MetricsSinkAdapter.java:start(204)) - Sink prometheus started
2019-10-21 19:12:29,417 [main] INFO  impl.MetricsSystemImpl (MetricsSystemImpl.java:registerSink(301)) - Registered sink prometheus
2019-10-21 19:12:29,419 [main] INFO  server.BaseHttpServer (BaseHttpServer.java:updateConnectorAddress(215)) - HTTP server of SCM is listening at http://0.0.0.0:43002
2019-10-21 19:12:29,427 [org.apache.hadoop.util.JvmPauseMonitor$Monitor@55e7a35c] INFO  util.JvmPauseMonitor (JvmPauseMonitor.java:run(188)) - Starting JVM pause monitor
2019-10-21 19:12:29,432 [main] WARN  server.ServerUtils (ServerUtils.java:getDBPath(222)) - ozone.om.db.dirs is not configured. We recommend adding this setting. Falling back to ozone.metadata.dirs instead.
2019-10-21 19:12:29,574 [main] INFO  ha.OMHANodeDetails (OMHANodeDetails.java:loadOMHAConfig(190)) - Configuration either no ozone.om.address set. Falling back to the default OM address /127.0.0.1:0
2019-10-21 19:12:29,574 [main] INFO  ha.OMHANodeDetails (OMHANodeDetails.java:getOMNodeDetails(220)) - OM Service ID is not set. Setting it to the default ID: omServiceIdDefault
2019-10-21 19:12:29,576 [main] WARN  server.ServerUtils (ServerUtils.java:getDBPath(222)) - ozone.om.db.dirs is not configured. We recommend adding this setting. Falling back to ozone.metadata.dirs instead.
2019-10-21 19:12:29,577 [main] WARN  server.ServerUtils (ServerUtils.java:getDBPath(222)) - ozone.om.db.dirs is not configured. We recommend adding this setting. Falling back to ozone.metadata.dirs instead.
2019-10-21 19:12:30,238 [main] WARN  server.ServerUtils (ServerUtils.java:getDBPath(222)) - ozone.om.db.dirs is not configured. We recommend adding this setting. Falling back to ozone.metadata.dirs instead.
2019-10-21 19:12:30,246 [main] INFO  db.DBStoreBuilder (DBStoreBuilder.java:addTable(117)) - using custom profile for table: userTable
2019-10-21 19:12:30,246 [main] INFO  db.DBStoreBuilder (DBStoreBuilder.java:processTables(168)) - Using default column profile:DBProfile.DISK for Table:userTable
2019-10-21 19:12:30,246 [main] INFO  db.DBStoreBuilder (DBStoreBuilder.java:addTable(117)) - using custom profile for table: volumeTable
2019-10-21 19:12:30,246 [main] INFO  db.DBStoreBuilder (DBStoreBuilder.java:processTables(168)) - Using default column profile:DBProfile.DISK for Table:volumeTable
2019-10-21 19:12:30,247 [main] INFO  db.DBStoreBuilder (DBStoreBuilder.java:addTable(117)) - using custom profile for table: bucketTable
2019-10-21 19:12:30,247 [main] INFO  db.DBStoreBuilder (DBStoreBuilder.java:processTables(168)) - Using default column profile:DBProfile.DISK for Table:bucketTable
2019-10-21 19:12:30,247 [main] INFO  db.DBStoreBuilder (DBStoreBuilder.java:addTable(117)) - using custom profile for table: keyTable
2019-10-21 19:12:30,247 [main] INFO  db.DBStoreBuilder (DBStoreBuilder.java:processTables(168)) - Using default column profile:DBProfile.DISK for Table:keyTable
2019-10-21 19:12:30,248 [main] INFO  db.DBStoreBuilder (DBStoreBuilder.java:addTable(117)) - using custom profile for table: deletedTable
2019-10-21 19:12:30,248 [main] INFO  db.DBStoreBuilder (DBStoreBuilder.java:processTables(168)) - Using default column profile:DBProfile.DISK for Table:deletedTable
2019-10-21 19:12:30,248 [main] INFO  db.DBStoreBuilder (DBStoreBuilder.java:addTable(117)) - using custom profile for table: openKeyTable
2019-10-21 19:12:30,248 [main] INFO  db.DBStoreBuilder (DBStoreBuilder.java:processTables(168)) - Using default column profile:DBProfile.DISK for Table:openKeyTable
2019-10-21 19:12:30,249 [main] INFO  db.DBStoreBuilder (DBStoreBuilder.java:addTable(117)) - using custom profile for table: s3Table
2019-10-21 19:12:30,249 [main] INFO  db.DBStoreBuilder (DBStoreBuilder.java:processTables(168)) - Using default column profile:DBProfile.DISK for Table:s3Table
2019-10-21 19:12:30,249 [main] INFO  db.DBStoreBuilder (DBStoreBuilder.java:addTable(117)) - using custom profile for table: multipartInfoTable
2019-10-21 19:12:30,249 [main] INFO  db.DBStoreBuilder (DBStoreBuilder.java:processTables(168)) - Using default column profile:DBProfile.DISK for Table:multipartInfoTable
2019-10-21 19:12:30,250 [main] INFO  db.DBStoreBuilder (DBStoreBuilder.java:addTable(117)) - using custom profile for table: dTokenTable
2019-10-21 19:12:30,250 [main] INFO  db.DBStoreBuilder (DBStoreBuilder.java:processTables(168)) - Using default column profile:DBProfile.DISK for Table:dTokenTable
2019-10-21 19:12:30,250 [main] INFO  db.DBStoreBuilder (DBStoreBuilder.java:addTable(117)) - using custom profile for table: s3SecretTable
2019-10-21 19:12:30,250 [main] INFO  db.DBStoreBuilder (DBStoreBuilder.java:processTables(168)) - Using default column profile:DBProfile.DISK for Table:s3SecretTable
2019-10-21 19:12:30,251 [main] INFO  db.DBStoreBuilder (DBStoreBuilder.java:addTable(117)) - using custom profile for table: prefixTable
2019-10-21 19:12:30,251 [main] INFO  db.DBStoreBuilder (DBStoreBuilder.java:processTables(168)) - Using default column profile:DBProfile.DISK for Table:prefixTable
2019-10-21 19:12:30,251 [main] INFO  db.DBStoreBuilder (DBStoreBuilder.java:addTable(117)) - using custom profile for table: default
2019-10-21 19:12:30,251 [main] INFO  db.DBStoreBuilder (DBStoreBuilder.java:processTables(174)) - Using default column profile:DBProfile.DISK for Table:default
2019-10-21 19:12:30,251 [main] INFO  db.DBStoreBuilder (DBStoreBuilder.java:getDbProfile(205)) - Using default options. DBProfile.DISK
2019-10-21 19:12:30,887 [main] WARN  scm.HddsServerUtil (HddsServerUtil.java:getDefaultRatisDirectory(354)) - Storage directory for Ratis is not configured. It is a good idea to map this to an SSD disk. Falling back to ozone.metadata.dirs
2019-10-21 19:12:30,918 [main] INFO  ratis.OzoneManagerRatisServer (OzoneManagerRatisServer.java:<init>(243)) - Instantiating OM Ratis server with GroupID: omServiceIdDefault and Raft Peers: localhost:9872
2019-10-21 19:12:30,948 [main] INFO  impl.RaftServerProxy (ConfUtils.java:logGet(43)) - raft.rpc.type = GRPC (default)
2019-10-21 19:12:31,159 [main] INFO  grpc.GrpcFactory (GrpcFactory.java:checkPooledByteBufAllocatorUseCacheForAllThreads(45)) - PERFORMANCE WARNING: useCacheForAllThreads is true that may cause Netty to create a lot garbage objects and, as a result, trigger GC.
	It is recommended to disable useCacheForAllThreads by setting -Dorg.apache.ratis.thirdparty.io.netty.allocator.useCacheForAllThreads=false in command line.
2019-10-21 19:12:31,165 [main] INFO  grpc.GrpcConfigKeys$Server (ConfUtils.java:logGet(43)) - raft.grpc.server.port = 9872 (custom)
2019-10-21 19:12:31,166 [main] INFO  server.GrpcService (ConfUtils.java:logGet(43)) - raft.grpc.message.size.max = 33554432 (custom)
2019-10-21 19:12:31,168 [main] INFO  server.RaftServerConfigKeys (ConfUtils.java:logGet(43)) - raft.server.log.appender.buffer.byte-limit = 33554432 (custom)
2019-10-21 19:12:31,169 [main] INFO  server.GrpcService (ConfUtils.java:logGet(43)) - raft.grpc.flow.control.window = 1MB (=1048576) (default)
2019-10-21 19:12:31,170 [main] INFO  server.RaftServerConfigKeys (ConfUtils.java:logGet(43)) - raft.server.rpc.request.timeout = 3000ms (default)
2019-10-21 19:12:31,318 [main] INFO  server.RaftServerConfigKeys (ConfUtils.java:logGet(43)) - raft.server.storage.dir = [/workdir/hadoop-ozone/integration-test/target/test-dir/MiniOzoneClusterImpl-e6c2b343-afa6-4e23-b2ea-04dd8acb85ef/ozone-meta/ratis] (custom)
2019-10-21 19:12:31,324 [main] INFO  impl.RaftServerProxy (RaftServerProxy.java:addNew(89)) - 8e78d17d-f1f8-498f-b45c-82fb1a08a06b: addNew group-C5BA1605619E:[8e78d17d-f1f8-498f-b45c-82fb1a08a06b:localhost:9872] returns group-C5BA1605619E:java.util.concurrent.CompletableFuture@299270eb[Not completed]
2019-10-21 19:12:31,326 [main] INFO  om.OzoneManager (OzoneManager.java:initializeRatisServer(1220)) - OzoneManager Ratis server initialized at port 9872
2019-10-21 19:12:31,328 [main] WARN  scm.HddsServerUtil (HddsServerUtil.java:getDefaultRatisDirectory(354)) - Storage directory for Ratis is not configured. It is a good idea to map this to an SSD disk. Falling back to ozone.metadata.dirs
2019-10-21 19:12:31,329 [main] WARN  scm.HddsServerUtil (HddsServerUtil.java:getDefaultRatisDirectory(354)) - Storage directory for Ratis is not configured. It is a good idea to map this to an SSD disk. Falling back to ozone.metadata.dirs
2019-10-21 19:12:31,340 [pool-22-thread-1] INFO  impl.RaftServerImpl (RaftServerImpl.java:<init>(104)) - 8e78d17d-f1f8-498f-b45c-82fb1a08a06b: new RaftServerImpl for group-C5BA1605619E:[8e78d17d-f1f8-498f-b45c-82fb1a08a06b:localhost:9872] with OzoneManagerStateMachine:uninitialized
2019-10-21 19:12:31,342 [pool-22-thread-1] INFO  server.RaftServerConfigKeys (ConfUtils.java:logGet(43)) - raft.server.rpc.timeout.min = 1s (custom)
2019-10-21 19:12:31,343 [pool-22-thread-1] INFO  server.RaftServerConfigKeys (ConfUtils.java:logGet(43)) - raft.server.rpc.timeout.max = 1200ms (custom)
2019-10-21 19:12:31,343 [pool-22-thread-1] INFO  server.RaftServerConfigKeys (ConfUtils.java:logGet(43)) - raft.server.rpcslowness.timeout = 120s (custom)
2019-10-21 19:12:31,344 [pool-22-thread-1] INFO  server.RaftServerConfigKeys (ConfUtils.java:logGet(43)) - raft.server.sleep.deviation.threshold = 300 (default)
2019-10-21 19:12:31,344 [main] INFO  ipc.CallQueueManager (CallQueueManager.java:<init>(84)) - Using callQueue: class java.util.concurrent.LinkedBlockingQueue, queueCapacity: 2000, scheduler: class org.apache.hadoop.ipc.DefaultRpcScheduler, ipcBackoff: false.
2019-10-21 19:12:31,345 [pool-22-thread-1] INFO  server.RaftServerConfigKeys (ConfUtils.java:logGet(43)) - raft.server.log.appender.install.snapshot.enabled = false (custom)
2019-10-21 19:12:31,345 [Socket Reader #1 for port 45457] INFO  ipc.Server (Server.java:run(1074)) - Starting Socket Reader #1 for port 45457
2019-10-21 19:12:31,355 [pool-22-thread-1] INFO  impl.RaftServerImpl (ServerState.java:<init>(103)) - 8e78d17d-f1f8-498f-b45c-82fb1a08a06b@group-C5BA1605619E: ConfigurationManager, init=-1: [8e78d17d-f1f8-498f-b45c-82fb1a08a06b:localhost:9872], old=null, confs=<EMPTY_MAP>
2019-10-21 19:12:31,355 [pool-22-thread-1] INFO  server.RaftServerConfigKeys (ConfUtils.java:logGet(43)) - raft.server.storage.dir = [/workdir/hadoop-ozone/integration-test/target/test-dir/MiniOzoneClusterImpl-e6c2b343-afa6-4e23-b2ea-04dd8acb85ef/ozone-meta/ratis] (custom)
2019-10-21 19:12:31,365 [main] INFO  om.OzoneManager (OzoneManager.java:start(1074)) - OzoneManager RPC server is listening at localhost/127.0.0.1:45457
2019-10-21 19:12:31,365 [main] INFO  impl.MetricsSystemImpl (MetricsSystemImpl.java:init(158)) - OzoneManager metrics system started (again)
2019-10-21 19:12:31,365 [main] INFO  ratis.OzoneManagerRatisServer (OzoneManagerRatisServer.java:start(333)) - Starting OzoneManagerRatisServer 8e78d17d-f1f8-498f-b45c-82fb1a08a06b at port 9872
2019-10-21 19:12:31,367 [pool-22-thread-1] INFO  server.RaftServerConfigKeys (ConfUtils.java:logGet(43)) - raft.server.log.corruption.policy = EXCEPTION (default)
2019-10-21 19:12:31,369 [pool-22-thread-1] INFO  storage.RaftStorageDirectory (RaftStorageDirectory.java:analyzeStorage(246)) - The storage directory /workdir/hadoop-ozone/integration-test/target/test-dir/MiniOzoneClusterImpl-e6c2b343-afa6-4e23-b2ea-04dd8acb85ef/ozone-meta/ratis/bf265839-605b-3f16-9796-c5ba1605619e does not exist. Creating ...
2019-10-21 19:12:31,387 [pool-22-thread-1] INFO  storage.RaftStorageDirectory (RaftStorageDirectory.java:tryLock(328)) - Lock on /workdir/hadoop-ozone/integration-test/target/test-dir/MiniOzoneClusterImpl-e6c2b343-afa6-4e23-b2ea-04dd8acb85ef/ozone-meta/ratis/bf265839-605b-3f16-9796-c5ba1605619e/in_use.lock acquired by nodename 6655@pr-hdds-2320-master-mmr2t-3035452747
2019-10-21 19:12:31,402 [pool-22-thread-1] INFO  storage.RaftStorage (RaftStorage.java:format(84)) - Storage directory /workdir/hadoop-ozone/integration-test/target/test-dir/MiniOzoneClusterImpl-e6c2b343-afa6-4e23-b2ea-04dd8acb85ef/ozone-meta/ratis/bf265839-605b-3f16-9796-c5ba1605619e has been successfully formatted.
2019-10-21 19:12:31,411 [pool-22-thread-1] INFO  server.RaftServerConfigKeys (ConfUtils.java:logGet(43)) - raft.server.notification.no-leader.timeout = 120s (custom)
2019-10-21 19:12:31,414 [pool-22-thread-1] INFO  server.RaftServerConfigKeys (ConfUtils.java:logGet(43)) - raft.server.log.use.memory = false (default)
2019-10-21 19:12:31,421 [pool-22-thread-1] INFO  server.RaftServerConfigKeys (ConfUtils.java:logGet(43)) - raft.server.log.purge.gap = 1000000 (custom)
2019-10-21 19:12:31,421 [pool-22-thread-1] INFO  server.RaftServerConfigKeys (ConfUtils.java:logGet(43)) - raft.server.log.appender.buffer.byte-limit = 33554432 (custom)
2019-10-21 19:12:31,423 [pool-22-thread-1] INFO  server.RaftServerConfigKeys (ConfUtils.java:logGet(43)) - raft.server.log.segment.size.max = 16384 (custom)
2019-10-21 19:12:31,425 [pool-22-thread-1] INFO  impl.MetricsSystemImpl (MetricsSystemImpl.java:init(158)) - ratis metrics system started (again)
2019-10-21 19:12:31,429 [pool-22-thread-1] INFO  metrics.MetricRegistries (MetricRegistriesLoader.java:load(64)) - Loaded MetricRegistries class org.apache.ratis.metrics.impl.MetricRegistriesImpl
2019-10-21 19:12:31,480 [pool-22-thread-1] INFO  server.RaftServerConfigKeys (ConfUtils.java:logGet(43)) - raft.server.log.segment.cache.num.max = 2 (custom)
2019-10-21 19:12:31,487 [pool-22-thread-1] INFO  segmented.SegmentedRaftLogWorker (SegmentedRaftLogWorker.java:<init>(173)) - new 8e78d17d-f1f8-498f-b45c-82fb1a08a06b@group-C5BA1605619E-SegmentedRaftLogWorker for RaftStorage:Storage Directory /workdir/hadoop-ozone/integration-test/target/test-dir/MiniOzoneClusterImpl-e6c2b343-afa6-4e23-b2ea-04dd8acb85ef/ozone-meta/ratis/bf265839-605b-3f16-9796-c5ba1605619e
2019-10-21 19:12:31,487 [pool-22-thread-1] INFO  server.RaftServerConfigKeys (ConfUtils.java:logGet(43)) - raft.server.log.queue.byte-limit = 64MB (=67108864) (default)
2019-10-21 19:12:31,488 [pool-22-thread-1] INFO  server.RaftServerConfigKeys (ConfUtils.java:logGet(43)) - raft.server.log.queue.element-limit = 4096 (default)
2019-10-21 19:12:31,490 [pool-22-thread-1] INFO  server.RaftServerConfigKeys (ConfUtils.java:logGet(43)) - raft.server.log.segment.size.max = 16384 (custom)
2019-10-21 19:12:31,490 [pool-22-thread-1] INFO  server.RaftServerConfigKeys (ConfUtils.java:logGet(43)) - raft.server.log.preallocated.size = 16384 (custom)
2019-10-21 19:12:31,491 [pool-22-thread-1] INFO  server.RaftServerConfigKeys (ConfUtils.java:logGet(43)) - raft.server.log.write.buffer.size = 64KB (=65536) (default)
2019-10-21 19:12:31,491 [pool-22-thread-1] INFO  server.RaftServerConfigKeys (ConfUtils.java:logGet(43)) - raft.server.log.force.sync.num = 128 (default)
2019-10-21 19:12:31,493 [pool-22-thread-1] INFO  server.RaftServerConfigKeys (ConfUtils.java:logGet(43)) - raft.server.log.statemachine.data.sync = true (default)
2019-10-21 19:12:31,493 [pool-22-thread-1] INFO  server.RaftServerConfigKeys (ConfUtils.java:logGet(43)) - raft.server.log.statemachine.data.sync.timeout = 10s (default)
2019-10-21 19:12:31,494 [pool-22-thread-1] INFO  server.RaftServerConfigKeys (ConfUtils.java:logGet(43)) - raft.server.log.statemachine.data.sync.timeout.retry = -1 (default)
2019-10-21 19:12:31,510 [pool-22-thread-1] INFO  server.RaftServerConfigKeys (ConfUtils.java:logGet(43)) - raft.server.log.statemachine.data.caching.enabled = false (default)
2019-10-21 19:12:31,515 [pool-22-thread-1] INFO  segmented.SegmentedRaftLogWorker (SegmentedRaftLogWorker.java:lambda$new$0(128)) - 8e78d17d-f1f8-498f-b45c-82fb1a08a06b@group-C5BA1605619E-SegmentedRaftLogWorker: flushIndex: setUnconditionally 0 -> -1
2019-10-21 19:12:31,520 [pool-22-thread-1] INFO  server.RaftServerConfigKeys (ConfUtils.java:logGet(43)) - raft.server.snapshot.auto.trigger.enabled = true (custom)
2019-10-21 19:12:31,521 [pool-22-thread-1] INFO  server.RaftServerConfigKeys (ConfUtils.java:logGet(43)) - raft.server.snapshot.auto.trigger.threshold = 400000 (default)
2019-10-21 19:12:31,524 [pool-22-thread-1] INFO  server.RaftServerConfigKeys (ConfUtils.java:logGet(43)) - raft.server.snapshot.retention.file.num = -1 (default)
2019-10-21 19:12:31,525 [pool-22-thread-1] INFO  server.RaftServerConfigKeys (ConfUtils.java:logGet(43)) - raft.server.retrycache.expirytime = 600000ms (custom)
2019-10-21 19:12:31,557 [main] INFO  impl.RaftServerImpl (RaftServerImpl.java:start(195)) - 8e78d17d-f1f8-498f-b45c-82fb1a08a06b@group-C5BA1605619E: start as a follower, conf=-1: [8e78d17d-f1f8-498f-b45c-82fb1a08a06b:localhost:9872], old=null
2019-10-21 19:12:31,561 [main] INFO  impl.RaftServerImpl (RaftServerImpl.java:setRole(184)) - 8e78d17d-f1f8-498f-b45c-82fb1a08a06b@group-C5BA1605619E: changes role from      null to FOLLOWER at term 0 for startAsFollower
2019-10-21 19:12:31,563 [main] INFO  impl.RoleInfo (RoleInfo.java:updateAndGet(143)) - 8e78d17d-f1f8-498f-b45c-82fb1a08a06b: start FollowerState
2019-10-21 19:12:31,566 [main] INFO  util.JmxRegister (JmxRegister.java:tryRegister(44)) - Successfully registered JMX Bean with object name Ratis:service=RaftServer,group=group-C5BA1605619E,id=8e78d17d-f1f8-498f-b45c-82fb1a08a06b
2019-10-21 19:12:31,588 [main] INFO  impl.RaftServerProxy (RaftServerProxy.java:lambda$start$3(299)) - 8e78d17d-f1f8-498f-b45c-82fb1a08a06b: start RPC server
2019-10-21 19:12:31,709 [main] INFO  server.GrpcService (GrpcService.java:startImpl(158)) - 8e78d17d-f1f8-498f-b45c-82fb1a08a06b: GrpcService started, listening on 0.0.0.0/0.0.0.0:9872
2019-10-21 19:12:31,721 [IPC Server Responder] INFO  ipc.Server (Server.java:run(1314)) - IPC Server Responder: starting
2019-10-21 19:12:31,722 [IPC Server listener on 45457] INFO  ipc.Server (Server.java:run(1153)) - IPC Server listener on 45457: starting
2019-10-21 19:12:31,730 [main] INFO  hdfs.DFSUtil (DFSUtil.java:httpServerTemplateForNNAndJN(1641)) - Starting Web-server for ozoneManager at: http://0.0.0.0:0
2019-10-21 19:12:31,734 [main] INFO  server.AuthenticationFilter (AuthenticationFilter.java:constructSecretProvider(240)) - Unable to initialize FileSignerSecretProvider, falling back to use random secrets.
2019-10-21 19:12:31,736 [main] WARN  http.HttpRequestLog (HttpRequestLog.java:getRequestLog(97)) - Jetty request log can only be enabled using Log4j
2019-10-21 19:12:31,741 [main] INFO  http.HttpServer2 (HttpServer2.java:addGlobalFilter(975)) - Added global filter 'safety' (class=org.apache.hadoop.http.HttpServer2$QuotingInputFilter)
2019-10-21 19:12:31,743 [main] INFO  http.HttpServer2 (HttpServer2.java:addFilter(948)) - Added filter static_user_filter (class=org.apache.hadoop.http.lib.StaticUserWebFilter$StaticUserFilter) to context ozoneManager
2019-10-21 19:12:31,743 [main] INFO  http.HttpServer2 (HttpServer2.java:addFilter(958)) - Added filter static_user_filter (class=org.apache.hadoop.http.lib.StaticUserWebFilter$StaticUserFilter) to context static
2019-10-21 19:12:31,743 [main] INFO  http.HttpServer2 (HttpServer2.java:addFilter(958)) - Added filter static_user_filter (class=org.apache.hadoop.http.lib.StaticUserWebFilter$StaticUserFilter) to context logs
2019-10-21 19:12:31,748 [main] INFO  http.HttpServer2 (HttpServer2.java:bindListener(1191)) - Jetty bound to port 45009
2019-10-21 19:12:31,749 [main] INFO  server.Server (Server.java:doStart(351)) - jetty-9.3.25.v20180904, build timestamp: 2018-09-04T21:11:46Z, git hash: 3ce520221d0240229c862b122d2b06c12a625732
2019-10-21 19:12:31,752 [main] INFO  handler.ContextHandler (ContextHandler.java:doStart(781)) - Started o.e.j.s.ServletContextHandler@4867ab9f{/logs,file:///workdir/hadoop-ozone/integration-test/target/log,AVAILABLE}
2019-10-21 19:12:31,753 [main] INFO  handler.ContextHandler (ContextHandler.java:doStart(781)) - Started o.e.j.s.ServletContextHandler@5fe7f967{/static,file:///workdir/hadoop-ozone/integration-test/target/test-classes/webapps/static,AVAILABLE}
2019-10-21 19:12:31,759 [Thread-93] INFO  impl.FollowerState (FollowerState.java:run(108)) - 8e78d17d-f1f8-498f-b45c-82fb1a08a06b@group-C5BA1605619E-FollowerState: change to CANDIDATE, lastRpcTime:196ms, electionTimeout:195ms
2019-10-21 19:12:31,761 [main] INFO  handler.ContextHandler (ContextHandler.java:doStart(781)) - Started o.e.j.w.WebAppContext@6ba30587{/,file:///workdir/hadoop-ozone/integration-test/target/test-classes/webapps/ozoneManager/,AVAILABLE}{/ozoneManager}
2019-10-21 19:12:31,762 [Thread-93] INFO  impl.RoleInfo (RoleInfo.java:shutdownFollowerState(121)) - 8e78d17d-f1f8-498f-b45c-82fb1a08a06b: shutdown FollowerState
2019-10-21 19:12:31,763 [main] INFO  server.AbstractConnector (AbstractConnector.java:doStart(278)) - Started ServerConnector@35764bef{HTTP/1.1,[http/1.1]}{0.0.0.0:45009}
2019-10-21 19:12:31,763 [Thread-93] INFO  impl.RaftServerImpl (RaftServerImpl.java:setRole(184)) - 8e78d17d-f1f8-498f-b45c-82fb1a08a06b@group-C5BA1605619E: changes role from  FOLLOWER to CANDIDATE at term 0 for changeToCandidate
2019-10-21 19:12:31,764 [main] INFO  server.Server (Server.java:doStart(419)) - Started @5300ms
2019-10-21 19:12:31,764 [main] WARN  impl.MetricsSystemImpl (MetricsSystemImpl.java:register(276)) - Sink prometheus already exists!
2019-10-21 19:12:31,765 [main] INFO  server.BaseHttpServer (BaseHttpServer.java:updateConnectorAddress(215)) - HTTP server of OZONEMANAGER is listening at http://0.0.0.0:45009
2019-10-21 19:12:31,768 [Thread-93] INFO  impl.RoleInfo (RoleInfo.java:updateAndGet(143)) - 8e78d17d-f1f8-498f-b45c-82fb1a08a06b: start LeaderElection
2019-10-21 19:12:31,782 [8e78d17d-f1f8-498f-b45c-82fb1a08a06b@group-C5BA1605619E-LeaderElection1] INFO  impl.LeaderElection (LeaderElection.java:askForVotes(178)) - 8e78d17d-f1f8-498f-b45c-82fb1a08a06b@group-C5BA1605619E-LeaderElection1: begin an election at term 1 for -1: [8e78d17d-f1f8-498f-b45c-82fb1a08a06b:localhost:9872], old=null
2019-10-21 19:12:31,783 [8e78d17d-f1f8-498f-b45c-82fb1a08a06b@group-C5BA1605619E-LeaderElection1] INFO  impl.RoleInfo (RoleInfo.java:shutdownLeaderElection(134)) - 8e78d17d-f1f8-498f-b45c-82fb1a08a06b: shutdown LeaderElection
2019-10-21 19:12:31,784 [8e78d17d-f1f8-498f-b45c-82fb1a08a06b@group-C5BA1605619E-LeaderElection1] INFO  impl.RaftServerImpl (RaftServerImpl.java:setRole(184)) - 8e78d17d-f1f8-498f-b45c-82fb1a08a06b@group-C5BA1605619E: changes role from CANDIDATE to LEADER at term 1 for changeToLeader
2019-10-21 19:12:31,784 [8e78d17d-f1f8-498f-b45c-82fb1a08a06b@group-C5BA1605619E-LeaderElection1] INFO  impl.RaftServerImpl (ServerState.java:setLeader(256)) - 8e78d17d-f1f8-498f-b45c-82fb1a08a06b@group-C5BA1605619E: change Leader from null to 8e78d17d-f1f8-498f-b45c-82fb1a08a06b at term 1 for becomeLeader, leader elected after 373ms
2019-10-21 19:12:31,789 [8e78d17d-f1f8-498f-b45c-82fb1a08a06b@group-C5BA1605619E-LeaderElection1] INFO  server.RaftServerConfigKeys (ConfUtils.java:logGet(43)) - raft.server.staging.catchup.gap = 1000 (default)
2019-10-21 19:12:31,789 [8e78d17d-f1f8-498f-b45c-82fb1a08a06b@group-C5BA1605619E-LeaderElection1] INFO  server.RaftServerConfigKeys (ConfUtils.java:logGet(43)) - raft.server.rpc.sleep.time = 25ms (default)
2019-10-21 19:12:31,795 [8e78d17d-f1f8-498f-b45c-82fb1a08a06b@group-C5BA1605619E-LeaderElection1] INFO  server.RaftServerConfigKeys (ConfUtils.java:logGet(43)) - raft.server.write.element-limit = 4096 (default)
2019-10-21 19:12:31,799 [8e78d17d-f1f8-498f-b45c-82fb1a08a06b@group-C5BA1605619E-LeaderElection1] INFO  server.RaftServerConfigKeys (ConfUtils.java:logGet(43)) - raft.server.watch.timeout = 10s (default)
2019-10-21 19:12:31,799 [8e78d17d-f1f8-498f-b45c-82fb1a08a06b@group-C5BA1605619E-LeaderElection1] INFO  server.RaftServerConfigKeys (ConfUtils.java:logGet(43)) - raft.server.watch.timeout.denomination = 1s (default)
2019-10-21 19:12:31,800 [8e78d17d-f1f8-498f-b45c-82fb1a08a06b@group-C5BA1605619E-LeaderElection1] INFO  server.RaftServerConfigKeys (ConfUtils.java:logGet(43)) - raft.server.watch.element-limit = 65536 (default)
2019-10-21 19:12:31,826 [8e78d17d-f1f8-498f-b45c-82fb1a08a06b@group-C5BA1605619E-LeaderElection1] INFO  impl.RoleInfo (RoleInfo.java:updateAndGet(143)) - 8e78d17d-f1f8-498f-b45c-82fb1a08a06b: start LeaderState
2019-10-21 19:12:31,841 [8e78d17d-f1f8-498f-b45c-82fb1a08a06b@group-C5BA1605619E-LeaderElection1] INFO  segmented.SegmentedRaftLogWorker (SegmentedRaftLogWorker.java:startLogSegment(385)) - 8e78d17d-f1f8-498f-b45c-82fb1a08a06b@group-C5BA1605619E-SegmentedRaftLogWorker: Starting segment from index:0
2019-10-21 19:12:31,864 [8e78d17d-f1f8-498f-b45c-82fb1a08a06b@group-C5BA1605619E-LeaderElection1] INFO  impl.RaftServerImpl (ServerState.java:setRaftConf(357)) - 8e78d17d-f1f8-498f-b45c-82fb1a08a06b@group-C5BA1605619E: set configuration 0: [8e78d17d-f1f8-498f-b45c-82fb1a08a06b:localhost:9872], old=null at 0
2019-10-21 19:12:31,953 [main] INFO  impl.MetricsSystemImpl (MetricsSystemImpl.java:init(158)) - HddsDatanode metrics system started (again)
2019-10-21 19:12:31,992 [8e78d17d-f1f8-498f-b45c-82fb1a08a06b@group-C5BA1605619E-SegmentedRaftLogWorker] INFO  segmented.SegmentedRaftLogWorker (SegmentedRaftLogWorker.java:execute(576)) - 8e78d17d-f1f8-498f-b45c-82fb1a08a06b@group-C5BA1605619E-SegmentedRaftLogWorker: created new log segment /workdir/hadoop-ozone/integration-test/target/test-dir/MiniOzoneClusterImpl-e6c2b343-afa6-4e23-b2ea-04dd8acb85ef/ozone-meta/ratis/bf265839-605b-3f16-9796-c5ba1605619e/current/log_inprogress_0
2019-10-21 19:12:32,012 [main] INFO  ozone.HddsDatanodeService (HddsDatanodeService.java:start(184)) - HddsDatanodeService host:pr-hdds-2320-master-mmr2t-3035452747 ip:192.168.34.32
2019-10-21 19:12:32,043 [main] INFO  volume.HddsVolume (HddsVolume.java:<init>(176)) - Creating Volume: /workdir/hadoop-ozone/integration-test/target/test-dir/MiniOzoneClusterImpl-e6c2b343-afa6-4e23-b2ea-04dd8acb85ef/datanode-0/data/containers/hdds of  storage type : DISK and capacity : 1482555576320
2019-10-21 19:12:32,045 [main] INFO  volume.VolumeSet (VolumeSet.java:initializeVolumeSet(170)) - Added Volume : /workdir/hadoop-ozone/integration-test/target/test-dir/MiniOzoneClusterImpl-e6c2b343-afa6-4e23-b2ea-04dd8acb85ef/datanode-0/data/containers/hdds to VolumeSet
2019-10-21 19:12:32,048 [main] INFO  volume.ThrottledAsyncChecker (ThrottledAsyncChecker.java:schedule(141)) - Scheduling a check for /workdir/hadoop-ozone/integration-test/target/test-dir/MiniOzoneClusterImpl-e6c2b343-afa6-4e23-b2ea-04dd8acb85ef/datanode-0/data/containers/hdds
2019-10-21 19:12:32,063 [main] INFO  volume.HddsVolumeChecker (HddsVolumeChecker.java:checkAllVolumes(204)) - Scheduled health check for volume /workdir/hadoop-ozone/integration-test/target/test-dir/MiniOzoneClusterImpl-e6c2b343-afa6-4e23-b2ea-04dd8acb85ef/datanode-0/data/containers/hdds
2019-10-21 19:12:32,109 [main] INFO  impl.RaftServerProxy (ConfUtils.java:logGet(43)) - raft.rpc.type = GRPC (default)
2019-10-21 19:12:32,109 [main] INFO  grpc.GrpcFactory (GrpcFactory.java:checkPooledByteBufAllocatorUseCacheForAllThreads(45)) - PERFORMANCE WARNING: useCacheForAllThreads is true that may cause Netty to create a lot garbage objects and, as a result, trigger GC.
	It is recommended to disable useCacheForAllThreads by setting -Dorg.apache.ratis.thirdparty.io.netty.allocator.useCacheForAllThreads=false in command line.
2019-10-21 19:12:32,109 [main] INFO  grpc.GrpcConfigKeys$Server (ConfUtils.java:logGet(43)) - raft.grpc.server.port = 0 (default)
2019-10-21 19:12:32,110 [main] INFO  server.GrpcService (ConfUtils.java:logGet(43)) - raft.grpc.message.size.max = 33570816 (custom)
2019-10-21 19:12:32,110 [main] INFO  server.RaftServerConfigKeys (ConfUtils.java:logGet(43)) - raft.server.log.appender.buffer.byte-limit = 33554432 (custom)
2019-10-21 19:12:32,110 [main] INFO  server.GrpcService (ConfUtils.java:logGet(43)) - raft.grpc.flow.control.window = 1MB (=1048576) (default)
2019-10-21 19:12:32,110 [main] INFO  server.RaftServerConfigKeys (ConfUtils.java:logGet(43)) - raft.server.rpc.request.timeout = 3000ms (default)
2019-10-21 19:12:32,111 [main] INFO  server.RaftServerConfigKeys (ConfUtils.java:logGet(43)) - raft.server.storage.dir = [/workdir/hadoop-ozone/integration-test/target/test-dir/MiniOzoneClusterImpl-e6c2b343-afa6-4e23-b2ea-04dd8acb85ef/datanode-0/data/ratis] (custom)
2019-10-21 19:12:32,156 [main] INFO  hdfs.DFSUtil (DFSUtil.java:httpServerTemplateForNNAndJN(1641)) - Starting Web-server for hddsDatanode at: http://0.0.0.0:0
2019-10-21 19:12:32,159 [main] INFO  server.AuthenticationFilter (AuthenticationFilter.java:constructSecretProvider(240)) - Unable to initialize FileSignerSecretProvider, falling back to use random secrets.
2019-10-21 19:12:32,160 [main] WARN  http.HttpRequestLog (HttpRequestLog.java:getRequestLog(97)) - Jetty request log can only be enabled using Log4j
2019-10-21 19:12:32,164 [main] INFO  http.HttpServer2 (HttpServer2.java:addGlobalFilter(975)) - Added global filter 'safety' (class=org.apache.hadoop.http.HttpServer2$QuotingInputFilter)
2019-10-21 19:12:32,166 [main] INFO  http.HttpServer2 (HttpServer2.java:addFilter(948)) - Added filter static_user_filter (class=org.apache.hadoop.http.lib.StaticUserWebFilter$StaticUserFilter) to context hddsDatanode
2019-10-21 19:12:32,166 [main] INFO  http.HttpServer2 (HttpServer2.java:addFilter(958)) - Added filter static_user_filter (class=org.apache.hadoop.http.lib.StaticUserWebFilter$StaticUserFilter) to context logs
2019-10-21 19:12:32,166 [main] INFO  http.HttpServer2 (HttpServer2.java:addFilter(958)) - Added filter static_user_filter (class=org.apache.hadoop.http.lib.StaticUserWebFilter$StaticUserFilter) to context static
2019-10-21 19:12:32,168 [main] INFO  http.HttpServer2 (HttpServer2.java:bindListener(1191)) - Jetty bound to port 36038
2019-10-21 19:12:32,168 [main] INFO  server.Server (Server.java:doStart(351)) - jetty-9.3.25.v20180904, build timestamp: 2018-09-04T21:11:46Z, git hash: 3ce520221d0240229c862b122d2b06c12a625732
2019-10-21 19:12:32,173 [main] INFO  handler.ContextHandler (ContextHandler.java:doStart(781)) - Started o.e.j.s.ServletContextHandler@623ebac7{/logs,file:///workdir/hadoop-ozone/integration-test/target/log,AVAILABLE}
2019-10-21 19:12:32,173 [main] INFO  handler.ContextHandler (ContextHandler.java:doStart(781)) - Started o.e.j.s.ServletContextHandler@1ab5f08a{/static,jar:file:/home/user/.m2/repository/org/apache/hadoop/hadoop-hdds-container-service/0.5.0-SNAPSHOT/hadoop-hdds-container-service-0.5.0-SNAPSHOT.jar!/webapps/static,AVAILABLE}
2019-10-21 19:12:32,226 [main] INFO  handler.ContextHandler (ContextHandler.java:doStart(781)) - Started o.e.j.w.WebAppContext@5a08efdc{/,file:///tmp/jetty-0.0.0.0-36038-hddsDatanode-_-any-7462750283891809238.dir/webapp/,AVAILABLE}{/hddsDatanode}
2019-10-21 19:12:32,227 [main] INFO  server.AbstractConnector (AbstractConnector.java:doStart(278)) - Started ServerConnector@57272109{HTTP/1.1,[http/1.1]}{0.0.0.0:36038}
2019-10-21 19:12:32,229 [main] INFO  server.Server (Server.java:doStart(419)) - Started @5764ms
2019-10-21 19:12:32,229 [main] WARN  impl.MetricsSystemImpl (MetricsSystemImpl.java:register(276)) - Sink prometheus already exists!
2019-10-21 19:12:32,230 [main] INFO  server.BaseHttpServer (BaseHttpServer.java:updateConnectorAddress(215)) - HTTP server of HDDSDATANODE is listening at http://0.0.0.0:36038
2019-10-21 19:12:32,232 [main] INFO  impl.MetricsSystemImpl (MetricsSystemImpl.java:init(158)) - HddsDatanode metrics system started (again)
2019-10-21 19:12:32,236 [main] INFO  ozone.HddsDatanodeService (HddsDatanodeService.java:start(184)) - HddsDatanodeService host:pr-hdds-2320-master-mmr2t-3035452747 ip:192.168.34.32
2019-10-21 19:12:32,237 [org.apache.hadoop.util.JvmPauseMonitor$Monitor@2e2d2ebb] INFO  util.JvmPauseMonitor (JvmPauseMonitor.java:run(188)) - Starting JVM pause monitor
2019-10-21 19:12:32,247 [main] INFO  volume.HddsVolume (HddsVolume.java:<init>(176)) - Creating Volume: /workdir/hadoop-ozone/integration-test/target/test-dir/MiniOzoneClusterImpl-e6c2b343-afa6-4e23-b2ea-04dd8acb85ef/datanode-1/data/containers/hdds of  storage type : DISK and capacity : 1482555576320
2019-10-21 19:12:32,248 [main] INFO  volume.VolumeSet (VolumeSet.java:initializeVolumeSet(170)) - Added Volume : /workdir/hadoop-ozone/integration-test/target/test-dir/MiniOzoneClusterImpl-e6c2b343-afa6-4e23-b2ea-04dd8acb85ef/datanode-1/data/containers/hdds to VolumeSet
2019-10-21 19:12:32,248 [main] INFO  volume.ThrottledAsyncChecker (ThrottledAsyncChecker.java:schedule(141)) - Scheduling a check for /workdir/hadoop-ozone/integration-test/target/test-dir/MiniOzoneClusterImpl-e6c2b343-afa6-4e23-b2ea-04dd8acb85ef/datanode-1/data/containers/hdds
2019-10-21 19:12:32,249 [main] INFO  volume.HddsVolumeChecker (HddsVolumeChecker.java:checkAllVolumes(204)) - Scheduled health check for volume /workdir/hadoop-ozone/integration-test/target/test-dir/MiniOzoneClusterImpl-e6c2b343-afa6-4e23-b2ea-04dd8acb85ef/datanode-1/data/containers/hdds
2019-10-21 19:12:32,270 [main] INFO  impl.RaftServerProxy (ConfUtils.java:logGet(43)) - raft.rpc.type = GRPC (default)
2019-10-21 19:12:32,270 [main] INFO  grpc.GrpcFactory (GrpcFactory.java:checkPooledByteBufAllocatorUseCacheForAllThreads(45)) - PERFORMANCE WARNING: useCacheForAllThreads is true that may cause Netty to create a lot garbage objects and, as a result, trigger GC.
	It is recommended to disable useCacheForAllThreads by setting -Dorg.apache.ratis.thirdparty.io.netty.allocator.useCacheForAllThreads=false in command line.
2019-10-21 19:12:32,271 [main] INFO  grpc.GrpcConfigKeys$Server (ConfUtils.java:logGet(43)) - raft.grpc.server.port = 0 (default)
2019-10-21 19:12:32,271 [main] INFO  server.GrpcService (ConfUtils.java:logGet(43)) - raft.grpc.message.size.max = 33570816 (custom)
2019-10-21 19:12:32,271 [main] INFO  server.RaftServerConfigKeys (ConfUtils.java:logGet(43)) - raft.server.log.appender.buffer.byte-limit = 33554432 (custom)
2019-10-21 19:12:32,272 [main] INFO  server.GrpcService (ConfUtils.java:logGet(43)) - raft.grpc.flow.control.window = 1MB (=1048576) (default)
2019-10-21 19:12:32,272 [main] INFO  server.RaftServerConfigKeys (ConfUtils.java:logGet(43)) - raft.server.rpc.request.timeout = 3000ms (default)
2019-10-21 19:12:32,273 [main] INFO  server.RaftServerConfigKeys (ConfUtils.java:logGet(43)) - raft.server.storage.dir = [/workdir/hadoop-ozone/integration-test/target/test-dir/MiniOzoneClusterImpl-e6c2b343-afa6-4e23-b2ea-04dd8acb85ef/datanode-1/data/ratis] (custom)
2019-10-21 19:12:32,276 [main] INFO  hdfs.DFSUtil (DFSUtil.java:httpServerTemplateForNNAndJN(1641)) - Starting Web-server for hddsDatanode at: http://0.0.0.0:0
2019-10-21 19:12:32,278 [main] INFO  server.AuthenticationFilter (AuthenticationFilter.java:constructSecretProvider(240)) - Unable to initialize FileSignerSecretProvider, falling back to use random secrets.
2019-10-21 19:12:32,279 [main] WARN  http.HttpRequestLog (HttpRequestLog.java:getRequestLog(97)) - Jetty request log can only be enabled using Log4j
2019-10-21 19:12:32,282 [main] INFO  http.HttpServer2 (HttpServer2.java:addGlobalFilter(975)) - Added global filter 'safety' (class=org.apache.hadoop.http.HttpServer2$QuotingInputFilter)
2019-10-21 19:12:32,283 [main] INFO  http.HttpServer2 (HttpServer2.java:addFilter(948)) - Added filter static_user_filter (class=org.apache.hadoop.http.lib.StaticUserWebFilter$StaticUserFilter) to context hddsDatanode
2019-10-21 19:12:32,283 [main] INFO  http.HttpServer2 (HttpServer2.java:addFilter(958)) - Added filter static_user_filter (class=org.apache.hadoop.http.lib.StaticUserWebFilter$StaticUserFilter) to context logs
2019-10-21 19:12:32,283 [main] INFO  http.HttpServer2 (HttpServer2.java:addFilter(958)) - Added filter static_user_filter (class=org.apache.hadoop.http.lib.StaticUserWebFilter$StaticUserFilter) to context static
2019-10-21 19:12:32,285 [main] INFO  http.HttpServer2 (HttpServer2.java:bindListener(1191)) - Jetty bound to port 37985
2019-10-21 19:12:32,285 [main] INFO  server.Server (Server.java:doStart(351)) - jetty-9.3.25.v20180904, build timestamp: 2018-09-04T21:11:46Z, git hash: 3ce520221d0240229c862b122d2b06c12a625732
2019-10-21 19:12:32,290 [main] INFO  handler.ContextHandler (ContextHandler.java:doStart(781)) - Started o.e.j.s.ServletContextHandler@29a98d9f{/logs,file:///workdir/hadoop-ozone/integration-test/target/log,AVAILABLE}
2019-10-21 19:12:32,291 [main] INFO  handler.ContextHandler (ContextHandler.java:doStart(781)) - Started o.e.j.s.ServletContextHandler@544e8149{/static,jar:file:/home/user/.m2/repository/org/apache/hadoop/hadoop-hdds-container-service/0.5.0-SNAPSHOT/hadoop-hdds-container-service-0.5.0-SNAPSHOT.jar!/webapps/static,AVAILABLE}
2019-10-21 19:12:32,341 [main] INFO  handler.ContextHandler (ContextHandler.java:doStart(781)) - Started o.e.j.w.WebAppContext@7e446d92{/,file:///tmp/jetty-0.0.0.0-37985-hddsDatanode-_-any-7701868333392098899.dir/webapp/,AVAILABLE}{/hddsDatanode}
2019-10-21 19:12:32,342 [main] INFO  server.AbstractConnector (AbstractConnector.java:doStart(278)) - Started ServerConnector@57f9b467{HTTP/1.1,[http/1.1]}{0.0.0.0:37985}
2019-10-21 19:12:32,343 [main] INFO  server.Server (Server.java:doStart(419)) - Started @5879ms
2019-10-21 19:12:32,343 [main] WARN  impl.MetricsSystemImpl (MetricsSystemImpl.java:register(276)) - Sink prometheus already exists!
2019-10-21 19:12:32,345 [main] INFO  server.BaseHttpServer (BaseHttpServer.java:updateConnectorAddress(215)) - HTTP server of HDDSDATANODE is listening at http://0.0.0.0:37985
2019-10-21 19:12:32,346 [main] INFO  impl.MetricsSystemImpl (MetricsSystemImpl.java:init(158)) - HddsDatanode metrics system started (again)
2019-10-21 19:12:32,348 [org.apache.hadoop.util.JvmPauseMonitor$Monitor@1b392e4c] INFO  util.JvmPauseMonitor (JvmPauseMonitor.java:run(188)) - Starting JVM pause monitor
2019-10-21 19:12:32,349 [Datanode State Machine Thread - 0] INFO  datanode.InitDatanodeState (InitDatanodeState.java:persistContainerDatanodeDetails(140)) - DatanodeDetails is persisted to /workdir/hadoop-ozone/integration-test/target/test-dir/MiniOzoneClusterImpl-e6c2b343-afa6-4e23-b2ea-04dd8acb85ef/datanode-0/meta/datanode.id
2019-10-21 19:12:32,351 [main] INFO  ozone.HddsDatanodeService (HddsDatanodeService.java:start(184)) - HddsDatanodeService host:pr-hdds-2320-master-mmr2t-3035452747 ip:192.168.34.32
2019-10-21 19:12:32,354 [Datanode State Machine Thread - 0] INFO  datanode.InitDatanodeState (InitDatanodeState.java:persistContainerDatanodeDetails(140)) - DatanodeDetails is persisted to /workdir/hadoop-ozone/integration-test/target/test-dir/MiniOzoneClusterImpl-e6c2b343-afa6-4e23-b2ea-04dd8acb85ef/datanode-1/meta/datanode.id
2019-10-21 19:12:32,360 [main] INFO  volume.HddsVolume (HddsVolume.java:<init>(176)) - Creating Volume: /workdir/hadoop-ozone/integration-test/target/test-dir/MiniOzoneClusterImpl-e6c2b343-afa6-4e23-b2ea-04dd8acb85ef/datanode-2/data/containers/hdds of  storage type : DISK and capacity : 1482555576320
2019-10-21 19:12:32,361 [main] INFO  volume.VolumeSet (VolumeSet.java:initializeVolumeSet(170)) - Added Volume : /workdir/hadoop-ozone/integration-test/target/test-dir/MiniOzoneClusterImpl-e6c2b343-afa6-4e23-b2ea-04dd8acb85ef/datanode-2/data/containers/hdds to VolumeSet
2019-10-21 19:12:32,361 [main] INFO  volume.ThrottledAsyncChecker (ThrottledAsyncChecker.java:schedule(141)) - Scheduling a check for /workdir/hadoop-ozone/integration-test/target/test-dir/MiniOzoneClusterImpl-e6c2b343-afa6-4e23-b2ea-04dd8acb85ef/datanode-2/data/containers/hdds
2019-10-21 19:12:32,362 [main] INFO  volume.HddsVolumeChecker (HddsVolumeChecker.java:checkAllVolumes(204)) - Scheduled health check for volume /workdir/hadoop-ozone/integration-test/target/test-dir/MiniOzoneClusterImpl-e6c2b343-afa6-4e23-b2ea-04dd8acb85ef/datanode-2/data/containers/hdds
2019-10-21 19:12:32,386 [main] INFO  impl.RaftServerProxy (ConfUtils.java:logGet(43)) - raft.rpc.type = GRPC (default)
2019-10-21 19:12:32,387 [main] INFO  grpc.GrpcFactory (GrpcFactory.java:checkPooledByteBufAllocatorUseCacheForAllThreads(45)) - PERFORMANCE WARNING: useCacheForAllThreads is true that may cause Netty to create a lot garbage objects and, as a result, trigger GC.
	It is recommended to disable useCacheForAllThreads by setting -Dorg.apache.ratis.thirdparty.io.netty.allocator.useCacheForAllThreads=false in command line.
2019-10-21 19:12:32,387 [main] INFO  grpc.GrpcConfigKeys$Server (ConfUtils.java:logGet(43)) - raft.grpc.server.port = 0 (default)
2019-10-21 19:12:32,388 [main] INFO  server.GrpcService (ConfUtils.java:logGet(43)) - raft.grpc.message.size.max = 33570816 (custom)
2019-10-21 19:12:32,388 [main] INFO  server.RaftServerConfigKeys (ConfUtils.java:logGet(43)) - raft.server.log.appender.buffer.byte-limit = 33554432 (custom)
2019-10-21 19:12:32,388 [main] INFO  server.GrpcService (ConfUtils.java:logGet(43)) - raft.grpc.flow.control.window = 1MB (=1048576) (default)
2019-10-21 19:12:32,388 [main] INFO  server.RaftServerConfigKeys (ConfUtils.java:logGet(43)) - raft.server.rpc.request.timeout = 3000ms (default)
2019-10-21 19:12:32,390 [main] INFO  server.RaftServerConfigKeys (ConfUtils.java:logGet(43)) - raft.server.storage.dir = [/workdir/hadoop-ozone/integration-test/target/test-dir/MiniOzoneClusterImpl-e6c2b343-afa6-4e23-b2ea-04dd8acb85ef/datanode-2/data/ratis] (custom)
2019-10-21 19:12:32,392 [main] INFO  hdfs.DFSUtil (DFSUtil.java:httpServerTemplateForNNAndJN(1641)) - Starting Web-server for hddsDatanode at: http://0.0.0.0:0
2019-10-21 19:12:32,394 [main] INFO  server.AuthenticationFilter (AuthenticationFilter.java:constructSecretProvider(240)) - Unable to initialize FileSignerSecretProvider, falling back to use random secrets.
2019-10-21 19:12:32,395 [main] WARN  http.HttpRequestLog (HttpRequestLog.java:getRequestLog(97)) - Jetty request log can only be enabled using Log4j
2019-10-21 19:12:32,397 [main] INFO  http.HttpServer2 (HttpServer2.java:addGlobalFilter(975)) - Added global filter 'safety' (class=org.apache.hadoop.http.HttpServer2$QuotingInputFilter)
2019-10-21 19:12:32,397 [main] INFO  http.HttpServer2 (HttpServer2.java:addFilter(948)) - Added filter static_user_filter (class=org.apache.hadoop.http.lib.StaticUserWebFilter$StaticUserFilter) to context hddsDatanode
2019-10-21 19:12:32,398 [main] INFO  http.HttpServer2 (HttpServer2.java:addFilter(958)) - Added filter static_user_filter (class=org.apache.hadoop.http.lib.StaticUserWebFilter$StaticUserFilter) to context logs
2019-10-21 19:12:32,398 [main] INFO  http.HttpServer2 (HttpServer2.java:addFilter(958)) - Added filter static_user_filter (class=org.apache.hadoop.http.lib.StaticUserWebFilter$StaticUserFilter) to context static
2019-10-21 19:12:32,399 [main] INFO  http.HttpServer2 (HttpServer2.java:bindListener(1191)) - Jetty bound to port 36388
2019-10-21 19:12:32,399 [main] INFO  server.Server (Server.java:doStart(351)) - jetty-9.3.25.v20180904, build timestamp: 2018-09-04T21:11:46Z, git hash: 3ce520221d0240229c862b122d2b06c12a625732
2019-10-21 19:12:32,401 [main] INFO  handler.ContextHandler (ContextHandler.java:doStart(781)) - Started o.e.j.s.ServletContextHandler@51ec2856{/logs,file:///workdir/hadoop-ozone/integration-test/target/log,AVAILABLE}
2019-10-21 19:12:32,402 [main] INFO  handler.ContextHandler (ContextHandler.java:doStart(781)) - Started o.e.j.s.ServletContextHandler@1caa9eb6{/static,jar:file:/home/user/.m2/repository/org/apache/hadoop/hadoop-hdds-container-service/0.5.0-SNAPSHOT/hadoop-hdds-container-service-0.5.0-SNAPSHOT.jar!/webapps/static,AVAILABLE}
2019-10-21 19:12:32,436 [main] INFO  handler.ContextHandler (ContextHandler.java:doStart(781)) - Started o.e.j.w.WebAppContext@3722c145{/,file:///tmp/jetty-0.0.0.0-36388-hddsDatanode-_-any-2458853013565514673.dir/webapp/,AVAILABLE}{/hddsDatanode}
2019-10-21 19:12:32,437 [main] INFO  server.AbstractConnector (AbstractConnector.java:doStart(278)) - Started ServerConnector@4cbc2e3b{HTTP/1.1,[http/1.1]}{0.0.0.0:36388}
2019-10-21 19:12:32,438 [main] INFO  server.Server (Server.java:doStart(419)) - Started @5974ms
2019-10-21 19:12:32,439 [main] WARN  impl.MetricsSystemImpl (MetricsSystemImpl.java:register(276)) - Sink prometheus already exists!
2019-10-21 19:12:32,440 [main] INFO  server.BaseHttpServer (BaseHttpServer.java:updateConnectorAddress(215)) - HTTP server of HDDSDATANODE is listening at http://0.0.0.0:36388
2019-10-21 19:12:32,440 [main] INFO  impl.MetricsSystemImpl (MetricsSystemImpl.java:init(158)) - HddsDatanode metrics system started (again)
2019-10-21 19:12:32,443 [org.apache.hadoop.util.JvmPauseMonitor$Monitor@1bc4e879] INFO  util.JvmPauseMonitor (JvmPauseMonitor.java:run(188)) - Starting JVM pause monitor
2019-10-21 19:12:32,443 [main] INFO  ozone.HddsDatanodeService (HddsDatanodeService.java:start(184)) - HddsDatanodeService host:pr-hdds-2320-master-mmr2t-3035452747 ip:192.168.34.32
2019-10-21 19:12:32,445 [Datanode State Machine Thread - 0] INFO  datanode.InitDatanodeState (InitDatanodeState.java:persistContainerDatanodeDetails(140)) - DatanodeDetails is persisted to /workdir/hadoop-ozone/integration-test/target/test-dir/MiniOzoneClusterImpl-e6c2b343-afa6-4e23-b2ea-04dd8acb85ef/datanode-2/meta/datanode.id
2019-10-21 19:12:32,450 [main] INFO  volume.HddsVolume (HddsVolume.java:<init>(176)) - Creating Volume: /workdir/hadoop-ozone/integration-test/target/test-dir/MiniOzoneClusterImpl-e6c2b343-afa6-4e23-b2ea-04dd8acb85ef/datanode-3/data/containers/hdds of  storage type : DISK and capacity : 1482555576320
2019-10-21 19:12:32,450 [main] INFO  volume.VolumeSet (VolumeSet.java:initializeVolumeSet(170)) - Added Volume : /workdir/hadoop-ozone/integration-test/target/test-dir/MiniOzoneClusterImpl-e6c2b343-afa6-4e23-b2ea-04dd8acb85ef/datanode-3/data/containers/hdds to VolumeSet
2019-10-21 19:12:32,450 [main] INFO  volume.ThrottledAsyncChecker (ThrottledAsyncChecker.java:schedule(141)) - Scheduling a check for /workdir/hadoop-ozone/integration-test/target/test-dir/MiniOzoneClusterImpl-e6c2b343-afa6-4e23-b2ea-04dd8acb85ef/datanode-3/data/containers/hdds
2019-10-21 19:12:32,451 [main] INFO  volume.HddsVolumeChecker (HddsVolumeChecker.java:checkAllVolumes(204)) - Scheduled health check for volume /workdir/hadoop-ozone/integration-test/target/test-dir/MiniOzoneClusterImpl-e6c2b343-afa6-4e23-b2ea-04dd8acb85ef/datanode-3/data/containers/hdds
2019-10-21 19:12:32,464 [main] INFO  impl.RaftServerProxy (ConfUtils.java:logGet(43)) - raft.rpc.type = GRPC (default)
2019-10-21 19:12:32,465 [main] INFO  grpc.GrpcFactory (GrpcFactory.java:checkPooledByteBufAllocatorUseCacheForAllThreads(45)) - PERFORMANCE WARNING: useCacheForAllThreads is true that may cause Netty to create a lot garbage objects and, as a result, trigger GC.
	It is recommended to disable useCacheForAllThreads by setting -Dorg.apache.ratis.thirdparty.io.netty.allocator.useCacheForAllThreads=false in command line.
2019-10-21 19:12:32,465 [main] INFO  grpc.GrpcConfigKeys$Server (ConfUtils.java:logGet(43)) - raft.grpc.server.port = 0 (default)
2019-10-21 19:12:32,465 [main] INFO  server.GrpcService (ConfUtils.java:logGet(43)) - raft.grpc.message.size.max = 33570816 (custom)
2019-10-21 19:12:32,466 [main] INFO  server.RaftServerConfigKeys (ConfUtils.java:logGet(43)) - raft.server.log.appender.buffer.byte-limit = 33554432 (custom)
2019-10-21 19:12:32,466 [main] INFO  server.GrpcService (ConfUtils.java:logGet(43)) - raft.grpc.flow.control.window = 1MB (=1048576) (default)
2019-10-21 19:12:32,466 [main] INFO  server.RaftServerConfigKeys (ConfUtils.java:logGet(43)) - raft.server.rpc.request.timeout = 3000ms (default)
2019-10-21 19:12:32,466 [main] INFO  server.RaftServerConfigKeys (ConfUtils.java:logGet(43)) - raft.server.storage.dir = [/workdir/hadoop-ozone/integration-test/target/test-dir/MiniOzoneClusterImpl-e6c2b343-afa6-4e23-b2ea-04dd8acb85ef/datanode-3/data/ratis] (custom)
2019-10-21 19:12:32,468 [main] INFO  hdfs.DFSUtil (DFSUtil.java:httpServerTemplateForNNAndJN(1641)) - Starting Web-server for hddsDatanode at: http://0.0.0.0:0
2019-10-21 19:12:32,470 [main] INFO  server.AuthenticationFilter (AuthenticationFilter.java:constructSecretProvider(240)) - Unable to initialize FileSignerSecretProvider, falling back to use random secrets.
2019-10-21 19:12:32,470 [main] WARN  http.HttpRequestLog (HttpRequestLog.java:getRequestLog(97)) - Jetty request log can only be enabled using Log4j
2019-10-21 19:12:32,472 [main] INFO  http.HttpServer2 (HttpServer2.java:addGlobalFilter(975)) - Added global filter 'safety' (class=org.apache.hadoop.http.HttpServer2$QuotingInputFilter)
2019-10-21 19:12:32,473 [main] INFO  http.HttpServer2 (HttpServer2.java:addFilter(948)) - Added filter static_user_filter (class=org.apache.hadoop.http.lib.StaticUserWebFilter$StaticUserFilter) to context hddsDatanode
2019-10-21 19:12:32,473 [main] INFO  http.HttpServer2 (HttpServer2.java:addFilter(958)) - Added filter static_user_filter (class=org.apache.hadoop.http.lib.StaticUserWebFilter$StaticUserFilter) to context static
2019-10-21 19:12:32,473 [main] INFO  http.HttpServer2 (HttpServer2.java:addFilter(958)) - Added filter static_user_filter (class=org.apache.hadoop.http.lib.StaticUserWebFilter$StaticUserFilter) to context logs
2019-10-21 19:12:32,474 [main] INFO  http.HttpServer2 (HttpServer2.java:bindListener(1191)) - Jetty bound to port 33900
2019-10-21 19:12:32,474 [main] INFO  server.Server (Server.java:doStart(351)) - jetty-9.3.25.v20180904, build timestamp: 2018-09-04T21:11:46Z, git hash: 3ce520221d0240229c862b122d2b06c12a625732
2019-10-21 19:12:32,477 [main] INFO  handler.ContextHandler (ContextHandler.java:doStart(781)) - Started o.e.j.s.ServletContextHandler@6fa13e6{/logs,file:///workdir/hadoop-ozone/integration-test/target/log,AVAILABLE}
2019-10-21 19:12:32,478 [main] INFO  handler.ContextHandler (ContextHandler.java:doStart(781)) - Started o.e.j.s.ServletContextHandler@77049094{/static,jar:file:/home/user/.m2/repository/org/apache/hadoop/hadoop-hdds-container-service/0.5.0-SNAPSHOT/hadoop-hdds-container-service-0.5.0-SNAPSHOT.jar!/webapps/static,AVAILABLE}
2019-10-21 19:12:32,509 [main] INFO  handler.ContextHandler (ContextHandler.java:doStart(781)) - Started o.e.j.w.WebAppContext@4aa21f9d{/,file:///tmp/jetty-0.0.0.0-33900-hddsDatanode-_-any-7589010233310562689.dir/webapp/,AVAILABLE}{/hddsDatanode}
2019-10-21 19:12:32,509 [main] INFO  server.AbstractConnector (AbstractConnector.java:doStart(278)) - Started ServerConnector@71c17a57{HTTP/1.1,[http/1.1]}{0.0.0.0:33900}
2019-10-21 19:12:32,510 [main] INFO  server.Server (Server.java:doStart(419)) - Started @6046ms
2019-10-21 19:12:32,510 [main] WARN  impl.MetricsSystemImpl (MetricsSystemImpl.java:register(276)) - Sink prometheus already exists!
2019-10-21 19:12:32,512 [main] INFO  server.BaseHttpServer (BaseHttpServer.java:updateConnectorAddress(215)) - HTTP server of HDDSDATANODE is listening at http://0.0.0.0:33900
2019-10-21 19:12:32,514 [main] INFO  ozone.MiniOzoneClusterImpl (MiniOzoneClusterImpl.java:lambda$waitForClusterToBeReady$0(147)) - Waiting for cluster to be ready. Got 0 of 4 DN Heartbeats.
2019-10-21 19:12:32,515 [org.apache.hadoop.util.JvmPauseMonitor$Monitor@70068d10] INFO  util.JvmPauseMonitor (JvmPauseMonitor.java:run(188)) - Starting JVM pause monitor
2019-10-21 19:12:32,518 [Datanode State Machine Thread - 0] INFO  datanode.InitDatanodeState (InitDatanodeState.java:persistContainerDatanodeDetails(140)) - DatanodeDetails is persisted to /workdir/hadoop-ozone/integration-test/target/test-dir/MiniOzoneClusterImpl-e6c2b343-afa6-4e23-b2ea-04dd8acb85ef/datanode-3/meta/datanode.id
2019-10-21 19:12:33,515 [main] INFO  ozone.MiniOzoneClusterImpl (MiniOzoneClusterImpl.java:lambda$waitForClusterToBeReady$0(147)) - Waiting for cluster to be ready. Got 0 of 4 DN Heartbeats.
2019-10-21 19:12:34,318 [Datanode State Machine Thread - 0] INFO  ozoneimpl.OzoneContainer (OzoneContainer.java:start(213)) - Attempting to start container services.
2019-10-21 19:12:34,322 [Datanode State Machine Thread - 0] INFO  ozoneimpl.OzoneContainer (OzoneContainer.java:startContainerScrub(177)) - Background container scanner has been disabled.
2019-10-21 19:12:34,322 [Datanode State Machine Thread - 0] INFO  ratis.XceiverServerRatis (XceiverServerRatis.java:start(418)) - Starting XceiverServerRatis d01d09d0-c224-4118-bf2d-8d047efe812d at port 0
2019-10-21 19:12:34,333 [Datanode State Machine Thread - 0] INFO  impl.RaftServerProxy (RaftServerProxy.java:lambda$start$3(299)) - d01d09d0-c224-4118-bf2d-8d047efe812d: start RPC server
2019-10-21 19:12:34,338 [Datanode State Machine Thread - 0] INFO  server.GrpcService (GrpcService.java:startImpl(158)) - d01d09d0-c224-4118-bf2d-8d047efe812d: GrpcService started, listening on 0.0.0.0/0.0.0.0:44248
2019-10-21 19:12:34,339 [Datanode State Machine Thread - 0] INFO  ratis.XceiverServerRatis (XceiverServerRatis.java:start(428)) - XceiverServerRatis d01d09d0-c224-4118-bf2d-8d047efe812d is started using port 44248
2019-10-21 19:12:34,342 [Datanode State Machine Thread - 0] INFO  server.XceiverServerGrpc (XceiverServerGrpc.java:start(149)) - XceiverServerGrpc d01d09d0-c224-4118-bf2d-8d047efe812d is started using port 37387
2019-10-21 19:12:34,364 [Datanode State Machine Thread - 0] INFO  ozoneimpl.OzoneContainer (OzoneContainer.java:start(213)) - Attempting to start container services.
2019-10-21 19:12:34,366 [Datanode State Machine Thread - 0] INFO  ozoneimpl.OzoneContainer (OzoneContainer.java:startContainerScrub(177)) - Background container scanner has been disabled.
2019-10-21 19:12:34,366 [Datanode State Machine Thread - 0] INFO  ratis.XceiverServerRatis (XceiverServerRatis.java:start(418)) - Starting XceiverServerRatis 1b813ef4-47a4-4bfc-8eb5-c34ae440adb1 at port 0
2019-10-21 19:12:34,374 [Datanode State Machine Thread - 0] INFO  impl.RaftServerProxy (RaftServerProxy.java:lambda$start$3(299)) - 1b813ef4-47a4-4bfc-8eb5-c34ae440adb1: start RPC server
2019-10-21 19:12:34,377 [Datanode State Machine Thread - 0] INFO  server.GrpcService (GrpcService.java:startImpl(158)) - 1b813ef4-47a4-4bfc-8eb5-c34ae440adb1: GrpcService started, listening on 0.0.0.0/0.0.0.0:36113
2019-10-21 19:12:34,377 [Datanode State Machine Thread - 0] INFO  ratis.XceiverServerRatis (XceiverServerRatis.java:start(428)) - XceiverServerRatis 1b813ef4-47a4-4bfc-8eb5-c34ae440adb1 is started using port 36113
2019-10-21 19:12:34,379 [Datanode State Machine Thread - 0] INFO  server.XceiverServerGrpc (XceiverServerGrpc.java:start(149)) - XceiverServerGrpc 1b813ef4-47a4-4bfc-8eb5-c34ae440adb1 is started using port 44014
2019-10-21 19:12:34,460 [Datanode State Machine Thread - 0] INFO  ozoneimpl.OzoneContainer (OzoneContainer.java:start(213)) - Attempting to start container services.
2019-10-21 19:12:34,461 [Datanode State Machine Thread - 0] INFO  ozoneimpl.OzoneContainer (OzoneContainer.java:startContainerScrub(177)) - Background container scanner has been disabled.
2019-10-21 19:12:34,461 [Datanode State Machine Thread - 0] INFO  ratis.XceiverServerRatis (XceiverServerRatis.java:start(418)) - Starting XceiverServerRatis f2627371-a904-4314-a836-5eb8f54559ec at port 0
2019-10-21 19:12:34,470 [Datanode State Machine Thread - 0] INFO  impl.RaftServerProxy (RaftServerProxy.java:lambda$start$3(299)) - f2627371-a904-4314-a836-5eb8f54559ec: start RPC server
2019-10-21 19:12:34,472 [Datanode State Machine Thread - 0] INFO  server.GrpcService (GrpcService.java:startImpl(158)) - f2627371-a904-4314-a836-5eb8f54559ec: GrpcService started, listening on 0.0.0.0/0.0.0.0:33224
2019-10-21 19:12:34,472 [Datanode State Machine Thread - 0] INFO  ratis.XceiverServerRatis (XceiverServerRatis.java:start(428)) - XceiverServerRatis f2627371-a904-4314-a836-5eb8f54559ec is started using port 33224
2019-10-21 19:12:34,474 [Datanode State Machine Thread - 0] INFO  server.XceiverServerGrpc (XceiverServerGrpc.java:start(149)) - XceiverServerGrpc f2627371-a904-4314-a836-5eb8f54559ec is started using port 33745
2019-10-21 19:12:34,516 [main] INFO  ozone.MiniOzoneClusterImpl (MiniOzoneClusterImpl.java:lambda$waitForClusterToBeReady$0(147)) - Waiting for cluster to be ready. Got 0 of 4 DN Heartbeats.
2019-10-21 19:12:34,531 [Datanode State Machine Thread - 0] INFO  ozoneimpl.OzoneContainer (OzoneContainer.java:start(213)) - Attempting to start container services.
2019-10-21 19:12:34,533 [Datanode State Machine Thread - 0] INFO  ozoneimpl.OzoneContainer (OzoneContainer.java:startContainerScrub(177)) - Background container scanner has been disabled.
2019-10-21 19:12:34,533 [Datanode State Machine Thread - 0] INFO  ratis.XceiverServerRatis (XceiverServerRatis.java:start(418)) - Starting XceiverServerRatis e6a83585-83d0-4616-a3d5-866875ad8a29 at port 0
2019-10-21 19:12:34,541 [Datanode State Machine Thread - 0] INFO  impl.RaftServerProxy (RaftServerProxy.java:lambda$start$3(299)) - e6a83585-83d0-4616-a3d5-866875ad8a29: start RPC server
2019-10-21 19:12:34,544 [Datanode State Machine Thread - 0] INFO  server.GrpcService (GrpcService.java:startImpl(158)) - e6a83585-83d0-4616-a3d5-866875ad8a29: GrpcService started, listening on 0.0.0.0/0.0.0.0:46159
2019-10-21 19:12:34,544 [Datanode State Machine Thread - 0] INFO  ratis.XceiverServerRatis (XceiverServerRatis.java:start(428)) - XceiverServerRatis e6a83585-83d0-4616-a3d5-866875ad8a29 is started using port 46159
2019-10-21 19:12:34,546 [Datanode State Machine Thread - 0] INFO  server.XceiverServerGrpc (XceiverServerGrpc.java:start(149)) - XceiverServerGrpc e6a83585-83d0-4616-a3d5-866875ad8a29 is started using port 39279
2019-10-21 19:12:35,516 [main] INFO  ozone.MiniOzoneClusterImpl (MiniOzoneClusterImpl.java:lambda$waitForClusterToBeReady$0(147)) - Waiting for cluster to be ready. Got 0 of 4 DN Heartbeats.
2019-10-21 19:12:36,277 [IPC Server handler 2 on 38284] INFO  net.NetworkTopology (NetworkTopologyImpl.java:add(111)) - Added a new node: /rack1/d01d09d0-c224-4118-bf2d-8d047efe812d
2019-10-21 19:12:36,278 [IPC Server handler 2 on 38284] INFO  node.SCMNodeManager (SCMNodeManager.java:register(268)) - Registered Data node : d01d09d0-c224-4118-bf2d-8d047efe812d{ip: 192.168.34.32, host: pr-hdds-2320-master-mmr2t-3035452747, networkLocation: /rack1, certSerialId: null}
2019-10-21 19:12:36,281 [EventQueue-NodeRegistrationContainerReportForDataNodeSafeModeRule] INFO  safemode.SCMSafeModeManager (DataNodeSafeModeRule.java:process(71)) - SCM in safe mode. 1 DataNodes registered, 1 required.
2019-10-21 19:12:36,281 [EventQueue-NodeRegistrationContainerReportForDataNodeSafeModeRule] INFO  safemode.SCMSafeModeManager (SCMSafeModeManager.java:validateSafeModeExitRules(177)) - ScmSafeModeManager, all rules are successfully validated
2019-10-21 19:12:36,281 [EventQueue-NodeRegistrationContainerReportForDataNodeSafeModeRule] INFO  safemode.SCMSafeModeManager (SCMSafeModeManager.java:exitSafeMode(193)) - SCM exiting safe mode.
2019-10-21 19:12:36,351 [IPC Server handler 1 on 38284] INFO  net.NetworkTopology (NetworkTopologyImpl.java:add(111)) - Added a new node: /rack1/1b813ef4-47a4-4bfc-8eb5-c34ae440adb1
2019-10-21 19:12:36,351 [IPC Server handler 1 on 38284] INFO  node.SCMNodeManager (SCMNodeManager.java:register(268)) - Registered Data node : 1b813ef4-47a4-4bfc-8eb5-c34ae440adb1{ip: 192.168.34.32, host: pr-hdds-2320-master-mmr2t-3035452747, networkLocation: /rack1, certSerialId: null}
2019-10-21 19:12:36,445 [IPC Server handler 3 on 38284] INFO  net.NetworkTopology (NetworkTopologyImpl.java:add(111)) - Added a new node: /rack1/f2627371-a904-4314-a836-5eb8f54559ec
2019-10-21 19:12:36,445 [IPC Server handler 3 on 38284] INFO  node.SCMNodeManager (SCMNodeManager.java:register(268)) - Registered Data node : f2627371-a904-4314-a836-5eb8f54559ec{ip: 192.168.34.32, host: pr-hdds-2320-master-mmr2t-3035452747, networkLocation: /rack1, certSerialId: null}
2019-10-21 19:12:36,517 [main] INFO  ozone.MiniOzoneClusterImpl (MiniOzoneClusterImpl.java:lambda$waitForClusterToBeReady$0(147)) - Waiting for cluster to be ready. Got 3 of 4 DN Heartbeats.
2019-10-21 19:12:36,518 [IPC Server handler 2 on 38284] INFO  net.NetworkTopology (NetworkTopologyImpl.java:add(111)) - Added a new node: /rack1/e6a83585-83d0-4616-a3d5-866875ad8a29
2019-10-21 19:12:36,519 [IPC Server handler 2 on 38284] INFO  node.SCMNodeManager (SCMNodeManager.java:register(268)) - Registered Data node : e6a83585-83d0-4616-a3d5-866875ad8a29{ip: 192.168.34.32, host: pr-hdds-2320-master-mmr2t-3035452747, networkLocation: /rack1, certSerialId: null}
2019-10-21 19:12:36,701 [grpc-default-executor-0] INFO  impl.RaftServerProxy (RaftServerProxy.java:addNew(89)) - d01d09d0-c224-4118-bf2d-8d047efe812d: addNew group-4A9FAF8940B2:[d01d09d0-c224-4118-bf2d-8d047efe812d:192.168.34.32:44248] returns group-4A9FAF8940B2:java.util.concurrent.CompletableFuture@2b286176[Not completed]
2019-10-21 19:12:36,710 [pool-32-thread-1] INFO  impl.RaftServerImpl (RaftServerImpl.java:<init>(104)) - d01d09d0-c224-4118-bf2d-8d047efe812d: new RaftServerImpl for group-4A9FAF8940B2:[d01d09d0-c224-4118-bf2d-8d047efe812d:192.168.34.32:44248] with ContainerStateMachine:uninitialized
2019-10-21 19:12:36,711 [pool-32-thread-1] INFO  server.RaftServerConfigKeys (ConfUtils.java:logGet(43)) - raft.server.rpc.timeout.min = 5s (custom)
2019-10-21 19:12:36,712 [pool-32-thread-1] INFO  server.RaftServerConfigKeys (ConfUtils.java:logGet(43)) - raft.server.rpc.timeout.max = 5200ms (custom)
2019-10-21 19:12:36,712 [pool-32-thread-1] INFO  server.RaftServerConfigKeys (ConfUtils.java:logGet(43)) - raft.server.rpcslowness.timeout = 120s (custom)
2019-10-21 19:12:36,712 [pool-32-thread-1] INFO  server.RaftServerConfigKeys (ConfUtils.java:logGet(43)) - raft.server.sleep.deviation.threshold = 300 (default)
2019-10-21 19:12:36,712 [pool-32-thread-1] INFO  server.RaftServerConfigKeys (ConfUtils.java:logGet(43)) - raft.server.log.appender.install.snapshot.enabled = false (custom)
2019-10-21 19:12:36,712 [pool-32-thread-1] INFO  impl.RaftServerImpl (ServerState.java:<init>(103)) - d01d09d0-c224-4118-bf2d-8d047efe812d@group-4A9FAF8940B2: ConfigurationManager, init=-1: [d01d09d0-c224-4118-bf2d-8d047efe812d:192.168.34.32:44248], old=null, confs=<EMPTY_MAP>
2019-10-21 19:12:36,713 [pool-32-thread-1] INFO  server.RaftServerConfigKeys (ConfUtils.java:logGet(43)) - raft.server.storage.dir = [/workdir/hadoop-ozone/integration-test/target/test-dir/MiniOzoneClusterImpl-e6c2b343-afa6-4e23-b2ea-04dd8acb85ef/datanode-0/data/ratis] (custom)
2019-10-21 19:12:36,713 [pool-32-thread-1] INFO  server.RaftServerConfigKeys (ConfUtils.java:logGet(43)) - raft.server.log.corruption.policy = EXCEPTION (default)
2019-10-21 19:12:36,713 [pool-32-thread-1] INFO  storage.RaftStorageDirectory (RaftStorageDirectory.java:analyzeStorage(246)) - The storage directory /workdir/hadoop-ozone/integration-test/target/test-dir/MiniOzoneClusterImpl-e6c2b343-afa6-4e23-b2ea-04dd8acb85ef/datanode-0/data/ratis/292eb0a5-6e63-4933-8176-4a9faf8940b2 does not exist. Creating ...
2019-10-21 19:12:36,727 [pool-32-thread-1] INFO  storage.RaftStorageDirectory (RaftStorageDirectory.java:tryLock(328)) - Lock on /workdir/hadoop-ozone/integration-test/target/test-dir/MiniOzoneClusterImpl-e6c2b343-afa6-4e23-b2ea-04dd8acb85ef/datanode-0/data/ratis/292eb0a5-6e63-4933-8176-4a9faf8940b2/in_use.lock acquired by nodename 6655@pr-hdds-2320-master-mmr2t-3035452747
2019-10-21 19:12:36,741 [pool-32-thread-1] INFO  storage.RaftStorage (RaftStorage.java:format(84)) - Storage directory /workdir/hadoop-ozone/integration-test/target/test-dir/MiniOzoneClusterImpl-e6c2b343-afa6-4e23-b2ea-04dd8acb85ef/datanode-0/data/ratis/292eb0a5-6e63-4933-8176-4a9faf8940b2 has been successfully formatted.
2019-10-21 19:12:36,742 [pool-32-thread-1] INFO  ratis.ContainerStateMachine (ContainerStateMachine.java:loadSnapshot(231)) - group-4A9FAF8940B2: The snapshot info is null. Setting the last applied indexto:(t:0, i:~)
2019-10-21 19:12:36,742 [pool-32-thread-1] INFO  server.RaftServerConfigKeys (ConfUtils.java:logGet(43)) - raft.server.notification.no-leader.timeout = 120s (custom)
2019-10-21 19:12:36,742 [pool-32-thread-1] INFO  server.RaftServerConfigKeys (ConfUtils.java:logGet(43)) - raft.server.log.use.memory = false (default)
2019-10-21 19:12:36,743 [pool-32-thread-1] INFO  server.RaftServerConfigKeys (ConfUtils.java:logGet(43)) - raft.server.log.purge.gap = 1000000 (custom)
2019-10-21 19:12:36,743 [pool-32-thread-1] INFO  server.RaftServerConfigKeys (ConfUtils.java:logGet(43)) - raft.server.log.appender.buffer.byte-limit = 33554432 (custom)
2019-10-21 19:12:36,743 [pool-32-thread-1] INFO  server.RaftServerConfigKeys (ConfUtils.java:logGet(43)) - raft.server.log.segment.size.max = 1048576 (custom)
2019-10-21 19:12:36,748 [pool-32-thread-1] INFO  server.RaftServerConfigKeys (ConfUtils.java:logGet(43)) - raft.server.log.segment.cache.num.max = 2 (custom)
2019-10-21 19:12:36,748 [pool-32-thread-1] INFO  segmented.SegmentedRaftLogWorker (SegmentedRaftLogWorker.java:<init>(173)) - new d01d09d0-c224-4118-bf2d-8d047efe812d@group-4A9FAF8940B2-SegmentedRaftLogWorker for RaftStorage:Storage Directory /workdir/hadoop-ozone/integration-test/target/test-dir/MiniOzoneClusterImpl-e6c2b343-afa6-4e23-b2ea-04dd8acb85ef/datanode-0/data/ratis/292eb0a5-6e63-4933-8176-4a9faf8940b2
2019-10-21 19:12:36,749 [pool-32-thread-1] INFO  server.RaftServerConfigKeys (ConfUtils.java:logGet(43)) - raft.server.log.queue.byte-limit = 2147483647 (custom)
2019-10-21 19:12:36,749 [pool-32-thread-1] INFO  server.RaftServerConfigKeys (ConfUtils.java:logGet(43)) - raft.server.log.queue.element-limit = 1024 (custom)
2019-10-21 19:12:36,749 [pool-32-thread-1] INFO  server.RaftServerConfigKeys (ConfUtils.java:logGet(43)) - raft.server.log.segment.size.max = 1048576 (custom)
2019-10-21 19:12:36,749 [pool-32-thread-1] INFO  server.RaftServerConfigKeys (ConfUtils.java:logGet(43)) - raft.server.log.preallocated.size = 16384 (custom)
2019-10-21 19:12:36,749 [pool-32-thread-1] INFO  server.RaftServerConfigKeys (ConfUtils.java:logGet(43)) - raft.server.log.write.buffer.size = 33554432 (custom)
2019-10-21 19:12:36,749 [pool-32-thread-1] INFO  server.RaftServerConfigKeys (ConfUtils.java:logGet(43)) - raft.server.log.force.sync.num = 128 (default)
2019-10-21 19:12:36,749 [pool-32-thread-1] INFO  server.RaftServerConfigKeys (ConfUtils.java:logGet(43)) - raft.server.log.statemachine.data.sync = true (default)
2019-10-21 19:12:36,750 [pool-32-thread-1] INFO  server.RaftServerConfigKeys (ConfUtils.java:logGet(43)) - raft.server.log.statemachine.data.sync.timeout = 10s (default)
2019-10-21 19:12:36,750 [pool-32-thread-1] INFO  server.RaftServerConfigKeys (ConfUtils.java:logGet(43)) - raft.server.log.statemachine.data.sync.timeout.retry = -1 (default)
2019-10-21 19:12:36,751 [pool-32-thread-1] INFO  server.RaftServerConfigKeys (ConfUtils.java:logGet(43)) - raft.server.log.statemachine.data.caching.enabled = true (custom)
2019-10-21 19:12:36,751 [pool-32-thread-1] INFO  segmented.SegmentedRaftLogWorker (SegmentedRaftLogWorker.java:lambda$new$0(128)) - d01d09d0-c224-4118-bf2d-8d047efe812d@group-4A9FAF8940B2-SegmentedRaftLogWorker: flushIndex: setUnconditionally 0 -> -1
2019-10-21 19:12:36,751 [pool-32-thread-1] INFO  server.RaftServerConfigKeys (ConfUtils.java:logGet(43)) - raft.server.snapshot.auto.trigger.enabled = true (custom)
2019-10-21 19:12:36,752 [pool-32-thread-1] INFO  server.RaftServerConfigKeys (ConfUtils.java:logGet(43)) - raft.server.snapshot.auto.trigger.threshold = 10000 (custom)
2019-10-21 19:12:36,752 [pool-32-thread-1] INFO  server.RaftServerConfigKeys (ConfUtils.java:logGet(43)) - raft.server.snapshot.retention.file.num = 5 (custom)
2019-10-21 19:12:36,752 [pool-32-thread-1] INFO  server.RaftServerConfigKeys (ConfUtils.java:logGet(43)) - raft.server.retrycache.expirytime = 600000ms (custom)
2019-10-21 19:12:36,761 [pool-32-thread-1] INFO  impl.RaftServerImpl (RaftServerImpl.java:start(195)) - d01d09d0-c224-4118-bf2d-8d047efe812d@group-4A9FAF8940B2: start as a follower, conf=-1: [d01d09d0-c224-4118-bf2d-8d047efe812d:192.168.34.32:44248], old=null
2019-10-21 19:12:36,761 [pool-32-thread-1] INFO  impl.RaftServerImpl (RaftServerImpl.java:setRole(184)) - d01d09d0-c224-4118-bf2d-8d047efe812d@group-4A9FAF8940B2: changes role from      null to FOLLOWER at term 0 for startAsFollower
2019-10-21 19:12:36,762 [pool-32-thread-1] INFO  impl.RoleInfo (RoleInfo.java:updateAndGet(143)) - d01d09d0-c224-4118-bf2d-8d047efe812d: start FollowerState
2019-10-21 19:12:36,762 [pool-32-thread-1] INFO  util.JmxRegister (JmxRegister.java:tryRegister(44)) - Successfully registered JMX Bean with object name Ratis:service=RaftServer,group=group-4A9FAF8940B2,id=d01d09d0-c224-4118-bf2d-8d047efe812d
2019-10-21 19:12:36,828 [RatisPipelineUtilsThread] INFO  pipeline.PipelineStateManager (PipelineStateManager.java:addPipeline(56)) - Created pipeline Pipeline[ Id: 292eb0a5-6e63-4933-8176-4a9faf8940b2, Nodes: d01d09d0-c224-4118-bf2d-8d047efe812d{ip: 192.168.34.32, host: pr-hdds-2320-master-mmr2t-3035452747, networkLocation: /rack1, certSerialId: null}, Type:RATIS, Factor:ONE, State:OPEN]
2019-10-21 19:12:36,848 [grpc-default-executor-0] INFO  impl.RaftServerProxy (RaftServerProxy.java:addNew(89)) - e6a83585-83d0-4616-a3d5-866875ad8a29: addNew group-8BB52D3220EA:[e6a83585-83d0-4616-a3d5-866875ad8a29:192.168.34.32:46159] returns group-8BB52D3220EA:java.util.concurrent.CompletableFuture@671106fa[Not completed]
2019-10-21 19:12:36,857 [Thread-201] INFO  impl.FollowerState (FollowerState.java:run(108)) - d01d09d0-c224-4118-bf2d-8d047efe812d@group-4A9FAF8940B2-FollowerState: change to CANDIDATE, lastRpcTime:95ms, electionTimeout:95ms
2019-10-21 19:12:36,858 [Thread-201] INFO  impl.RoleInfo (RoleInfo.java:shutdownFollowerState(121)) - d01d09d0-c224-4118-bf2d-8d047efe812d: shutdown FollowerState
2019-10-21 19:12:36,859 [Thread-201] INFO  impl.RaftServerImpl (RaftServerImpl.java:setRole(184)) - d01d09d0-c224-4118-bf2d-8d047efe812d@group-4A9FAF8940B2: changes role from  FOLLOWER to CANDIDATE at term 0 for changeToCandidate
2019-10-21 19:12:36,859 [Thread-201] INFO  impl.RoleInfo (RoleInfo.java:updateAndGet(143)) - d01d09d0-c224-4118-bf2d-8d047efe812d: start LeaderElection
2019-10-21 19:12:36,861 [pool-62-thread-1] INFO  impl.RaftServerImpl (RaftServerImpl.java:<init>(104)) - e6a83585-83d0-4616-a3d5-866875ad8a29: new RaftServerImpl for group-8BB52D3220EA:[e6a83585-83d0-4616-a3d5-866875ad8a29:192.168.34.32:46159] with ContainerStateMachine:uninitialized
2019-10-21 19:12:36,864 [pool-62-thread-1] INFO  server.RaftServerConfigKeys (ConfUtils.java:logGet(43)) - raft.server.rpc.timeout.min = 5s (custom)
2019-10-21 19:12:36,864 [pool-62-thread-1] INFO  server.RaftServerConfigKeys (ConfUtils.java:logGet(43)) - raft.server.rpc.timeout.max = 5200ms (custom)
2019-10-21 19:12:36,864 [pool-62-thread-1] INFO  server.RaftServerConfigKeys (ConfUtils.java:logGet(43)) - raft.server.rpcslowness.timeout = 120s (custom)
2019-10-21 19:12:36,865 [pool-62-thread-1] INFO  server.RaftServerConfigKeys (ConfUtils.java:logGet(43)) - raft.server.sleep.deviation.threshold = 300 (default)
2019-10-21 19:12:36,865 [pool-62-thread-1] INFO  server.RaftServerConfigKeys (ConfUtils.java:logGet(43)) - raft.server.log.appender.install.snapshot.enabled = false (custom)
2019-10-21 19:12:36,865 [pool-62-thread-1] INFO  impl.RaftServerImpl (ServerState.java:<init>(103)) - e6a83585-83d0-4616-a3d5-866875ad8a29@group-8BB52D3220EA: ConfigurationManager, init=-1: [e6a83585-83d0-4616-a3d5-866875ad8a29:192.168.34.32:46159], old=null, confs=<EMPTY_MAP>
2019-10-21 19:12:36,865 [pool-62-thread-1] INFO  server.RaftServerConfigKeys (ConfUtils.java:logGet(43)) - raft.server.storage.dir = [/workdir/hadoop-ozone/integration-test/target/test-dir/MiniOzoneClusterImpl-e6c2b343-afa6-4e23-b2ea-04dd8acb85ef/datanode-3/data/ratis] (custom)
2019-10-21 19:12:36,866 [pool-62-thread-1] INFO  server.RaftServerConfigKeys (ConfUtils.java:logGet(43)) - raft.server.log.corruption.policy = EXCEPTION (default)
2019-10-21 19:12:36,866 [pool-62-thread-1] INFO  storage.RaftStorageDirectory (RaftStorageDirectory.java:analyzeStorage(246)) - The storage directory /workdir/hadoop-ozone/integration-test/target/test-dir/MiniOzoneClusterImpl-e6c2b343-afa6-4e23-b2ea-04dd8acb85ef/datanode-3/data/ratis/1f71f92b-9e4d-4566-a845-8bb52d3220ea does not exist. Creating ...
2019-10-21 19:12:36,876 [pool-62-thread-1] INFO  storage.RaftStorageDirectory (RaftStorageDirectory.java:tryLock(328)) - Lock on /workdir/hadoop-ozone/integration-test/target/test-dir/MiniOzoneClusterImpl-e6c2b343-afa6-4e23-b2ea-04dd8acb85ef/datanode-3/data/ratis/1f71f92b-9e4d-4566-a845-8bb52d3220ea/in_use.lock acquired by nodename 6655@pr-hdds-2320-master-mmr2t-3035452747
2019-10-21 19:12:36,876 [d01d09d0-c224-4118-bf2d-8d047efe812d@group-4A9FAF8940B2-LeaderElection2] INFO  impl.LeaderElection (LeaderElection.java:askForVotes(178)) - d01d09d0-c224-4118-bf2d-8d047efe812d@group-4A9FAF8940B2-LeaderElection2: begin an election at term 1 for -1: [d01d09d0-c224-4118-bf2d-8d047efe812d:192.168.34.32:44248], old=null
2019-10-21 19:12:36,877 [d01d09d0-c224-4118-bf2d-8d047efe812d@group-4A9FAF8940B2-LeaderElection2] INFO  impl.RoleInfo (RoleInfo.java:shutdownLeaderElection(134)) - d01d09d0-c224-4118-bf2d-8d047efe812d: shutdown LeaderElection
2019-10-21 19:12:36,878 [d01d09d0-c224-4118-bf2d-8d047efe812d@group-4A9FAF8940B2-LeaderElection2] INFO  impl.RaftServerImpl (RaftServerImpl.java:setRole(184)) - d01d09d0-c224-4118-bf2d-8d047efe812d@group-4A9FAF8940B2: changes role from CANDIDATE to LEADER at term 1 for changeToLeader
2019-10-21 19:12:36,878 [d01d09d0-c224-4118-bf2d-8d047efe812d@group-4A9FAF8940B2-LeaderElection2] INFO  impl.RaftServerImpl (ServerState.java:setLeader(256)) - d01d09d0-c224-4118-bf2d-8d047efe812d@group-4A9FAF8940B2: change Leader from null to d01d09d0-c224-4118-bf2d-8d047efe812d at term 1 for becomeLeader, leader elected after 135ms
2019-10-21 19:12:36,878 [d01d09d0-c224-4118-bf2d-8d047efe812d@group-4A9FAF8940B2-LeaderElection2] INFO  server.RaftServerConfigKeys (ConfUtils.java:logGet(43)) - raft.server.staging.catchup.gap = 1000 (default)
2019-10-21 19:12:36,878 [d01d09d0-c224-4118-bf2d-8d047efe812d@group-4A9FAF8940B2-LeaderElection2] INFO  server.RaftServerConfigKeys (ConfUtils.java:logGet(43)) - raft.server.rpc.sleep.time = 25ms (default)
2019-10-21 19:12:36,879 [d01d09d0-c224-4118-bf2d-8d047efe812d@group-4A9FAF8940B2-LeaderElection2] INFO  server.RaftServerConfigKeys (ConfUtils.java:logGet(43)) - raft.server.write.element-limit = 4096 (default)
2019-10-21 19:12:36,879 [d01d09d0-c224-4118-bf2d-8d047efe812d@group-4A9FAF8940B2-LeaderElection2] INFO  server.RaftServerConfigKeys (ConfUtils.java:logGet(43)) - raft.server.watch.timeout = 10s (default)
2019-10-21 19:12:36,879 [d01d09d0-c224-4118-bf2d-8d047efe812d@group-4A9FAF8940B2-LeaderElection2] INFO  server.RaftServerConfigKeys (ConfUtils.java:logGet(43)) - raft.server.watch.timeout.denomination = 1s (default)
2019-10-21 19:12:36,879 [d01d09d0-c224-4118-bf2d-8d047efe812d@group-4A9FAF8940B2-LeaderElection2] INFO  server.RaftServerConfigKeys (ConfUtils.java:logGet(43)) - raft.server.watch.element-limit = 65536 (default)
2019-10-21 19:12:36,881 [pool-62-thread-1] INFO  storage.RaftStorage (RaftStorage.java:format(84)) - Storage directory /workdir/hadoop-ozone/integration-test/target/test-dir/MiniOzoneClusterImpl-e6c2b343-afa6-4e23-b2ea-04dd8acb85ef/datanode-3/data/ratis/1f71f92b-9e4d-4566-a845-8bb52d3220ea has been successfully formatted.
2019-10-21 19:12:36,882 [pool-62-thread-1] INFO  ratis.ContainerStateMachine (ContainerStateMachine.java:loadSnapshot(231)) - group-8BB52D3220EA: The snapshot info is null. Setting the last applied indexto:(t:0, i:~)
2019-10-21 19:12:36,883 [pool-62-thread-1] INFO  server.RaftServerConfigKeys (ConfUtils.java:logGet(43)) - raft.server.notification.no-leader.timeout = 120s (custom)
2019-10-21 19:12:36,883 [pool-62-thread-1] INFO  server.RaftServerConfigKeys (ConfUtils.java:logGet(43)) - raft.server.log.use.memory = false (default)
2019-10-21 19:12:36,883 [pool-62-thread-1] INFO  server.RaftServerConfigKeys (ConfUtils.java:logGet(43)) - raft.server.log.purge.gap = 1000000 (custom)
2019-10-21 19:12:36,884 [pool-62-thread-1] INFO  server.RaftServerConfigKeys (ConfUtils.java:logGet(43)) - raft.server.log.appender.buffer.byte-limit = 33554432 (custom)
2019-10-21 19:12:36,884 [pool-62-thread-1] INFO  server.RaftServerConfigKeys (ConfUtils.java:logGet(43)) - raft.server.log.segment.size.max = 1048576 (custom)
2019-10-21 19:12:36,888 [d01d09d0-c224-4118-bf2d-8d047efe812d@group-4A9FAF8940B2-LeaderElection2] INFO  impl.RoleInfo (RoleInfo.java:updateAndGet(143)) - d01d09d0-c224-4118-bf2d-8d047efe812d: start LeaderState
2019-10-21 19:12:36,888 [d01d09d0-c224-4118-bf2d-8d047efe812d@group-4A9FAF8940B2-LeaderElection2] INFO  segmented.SegmentedRaftLogWorker (SegmentedRaftLogWorker.java:startLogSegment(385)) - d01d09d0-c224-4118-bf2d-8d047efe812d@group-4A9FAF8940B2-SegmentedRaftLogWorker: Starting segment from index:0
2019-10-21 19:12:36,889 [d01d09d0-c224-4118-bf2d-8d047efe812d@group-4A9FAF8940B2-LeaderElection2] INFO  impl.RaftServerImpl (ServerState.java:setRaftConf(357)) - d01d09d0-c224-4118-bf2d-8d047efe812d@group-4A9FAF8940B2: set configuration 0: [d01d09d0-c224-4118-bf2d-8d047efe812d:192.168.34.32:44248], old=null at 0
2019-10-21 19:12:36,917 [pool-62-thread-1] INFO  server.RaftServerConfigKeys (ConfUtils.java:logGet(43)) - raft.server.log.segment.cache.num.max = 2 (custom)
2019-10-21 19:12:36,917 [pool-62-thread-1] INFO  segmented.SegmentedRaftLogWorker (SegmentedRaftLogWorker.java:<init>(173)) - new e6a83585-83d0-4616-a3d5-866875ad8a29@group-8BB52D3220EA-SegmentedRaftLogWorker for RaftStorage:Storage Directory /workdir/hadoop-ozone/integration-test/target/test-dir/MiniOzoneClusterImpl-e6c2b343-afa6-4e23-b2ea-04dd8acb85ef/datanode-3/data/ratis/1f71f92b-9e4d-4566-a845-8bb52d3220ea
2019-10-21 19:12:36,917 [pool-62-thread-1] INFO  server.RaftServerConfigKeys (ConfUtils.java:logGet(43)) - raft.server.log.queue.byte-limit = 2147483647 (custom)
2019-10-21 19:12:36,918 [pool-62-thread-1] INFO  server.RaftServerConfigKeys (ConfUtils.java:logGet(43)) - raft.server.log.queue.element-limit = 1024 (custom)
2019-10-21 19:12:36,918 [pool-62-thread-1] INFO  server.RaftServerConfigKeys (ConfUtils.java:logGet(43)) - raft.server.log.segment.size.max = 1048576 (custom)
2019-10-21 19:12:36,918 [pool-62-thread-1] INFO  server.RaftServerConfigKeys (ConfUtils.java:logGet(43)) - raft.server.log.preallocated.size = 16384 (custom)
2019-10-21 19:12:36,918 [pool-62-thread-1] INFO  server.RaftServerConfigKeys (ConfUtils.java:logGet(43)) - raft.server.log.write.buffer.size = 33554432 (custom)
2019-10-21 19:12:36,919 [pool-62-thread-1] INFO  server.RaftServerConfigKeys (ConfUtils.java:logGet(43)) - raft.server.log.force.sync.num = 128 (default)
2019-10-21 19:12:36,919 [pool-62-thread-1] INFO  server.RaftServerConfigKeys (ConfUtils.java:logGet(43)) - raft.server.log.statemachine.data.sync = true (default)
2019-10-21 19:12:36,919 [d01d09d0-c224-4118-bf2d-8d047efe812d@group-4A9FAF8940B2-SegmentedRaftLogWorker] INFO  segmented.SegmentedRaftLogWorker (SegmentedRaftLogWorker.java:execute(576)) - d01d09d0-c224-4118-bf2d-8d047efe812d@group-4A9FAF8940B2-SegmentedRaftLogWorker: created new log segment /workdir/hadoop-ozone/integration-test/target/test-dir/MiniOzoneClusterImpl-e6c2b343-afa6-4e23-b2ea-04dd8acb85ef/datanode-0/data/ratis/292eb0a5-6e63-4933-8176-4a9faf8940b2/current/log_inprogress_0
2019-10-21 19:12:36,919 [pool-62-thread-1] INFO  server.RaftServerConfigKeys (ConfUtils.java:logGet(43)) - raft.server.log.statemachine.data.sync.timeout = 10s (default)
2019-10-21 19:12:36,919 [pool-62-thread-1] INFO  server.RaftServerConfigKeys (ConfUtils.java:logGet(43)) - raft.server.log.statemachine.data.sync.timeout.retry = -1 (default)
2019-10-21 19:12:36,921 [pool-62-thread-1] INFO  server.RaftServerConfigKeys (ConfUtils.java:logGet(43)) - raft.server.log.statemachine.data.caching.enabled = true (custom)
2019-10-21 19:12:36,921 [pool-62-thread-1] INFO  segmented.SegmentedRaftLogWorker (SegmentedRaftLogWorker.java:lambda$new$0(128)) - e6a83585-83d0-4616-a3d5-866875ad8a29@group-8BB52D3220EA-SegmentedRaftLogWorker: flushIndex: setUnconditionally 0 -> -1
2019-10-21 19:12:36,922 [pool-62-thread-1] INFO  server.RaftServerConfigKeys (ConfUtils.java:logGet(43)) - raft.server.snapshot.auto.trigger.enabled = true (custom)
2019-10-21 19:12:36,922 [pool-62-thread-1] INFO  server.RaftServerConfigKeys (ConfUtils.java:logGet(43)) - raft.server.snapshot.auto.trigger.threshold = 10000 (custom)
2019-10-21 19:12:36,922 [pool-62-thread-1] INFO  server.RaftServerConfigKeys (ConfUtils.java:logGet(43)) - raft.server.snapshot.retention.file.num = 5 (custom)
2019-10-21 19:12:36,923 [pool-62-thread-1] INFO  server.RaftServerConfigKeys (ConfUtils.java:logGet(43)) - raft.server.retrycache.expirytime = 600000ms (custom)
2019-10-21 19:12:36,933 [pool-62-thread-1] INFO  impl.RaftServerImpl (RaftServerImpl.java:start(195)) - e6a83585-83d0-4616-a3d5-866875ad8a29@group-8BB52D3220EA: start as a follower, conf=-1: [e6a83585-83d0-4616-a3d5-866875ad8a29:192.168.34.32:46159], old=null
2019-10-21 19:12:36,933 [pool-62-thread-1] INFO  impl.RaftServerImpl (RaftServerImpl.java:setRole(184)) - e6a83585-83d0-4616-a3d5-866875ad8a29@group-8BB52D3220EA: changes role from      null to FOLLOWER at term 0 for startAsFollower
2019-10-21 19:12:36,934 [pool-62-thread-1] INFO  impl.RoleInfo (RoleInfo.java:updateAndGet(143)) - e6a83585-83d0-4616-a3d5-866875ad8a29: start FollowerState
2019-10-21 19:12:36,934 [pool-62-thread-1] INFO  util.JmxRegister (JmxRegister.java:tryRegister(44)) - Successfully registered JMX Bean with object name Ratis:service=RaftServer,group=group-8BB52D3220EA,id=e6a83585-83d0-4616-a3d5-866875ad8a29
2019-10-21 19:12:36,955 [RatisPipelineUtilsThread] INFO  pipeline.PipelineStateManager (PipelineStateManager.java:addPipeline(56)) - Created pipeline Pipeline[ Id: 1f71f92b-9e4d-4566-a845-8bb52d3220ea, Nodes: e6a83585-83d0-4616-a3d5-866875ad8a29{ip: 192.168.34.32, host: pr-hdds-2320-master-mmr2t-3035452747, networkLocation: /rack1, certSerialId: null}, Type:RATIS, Factor:ONE, State:OPEN]
2019-10-21 19:12:36,984 [grpc-default-executor-0] INFO  impl.RaftServerProxy (RaftServerProxy.java:addNew(89)) - 1b813ef4-47a4-4bfc-8eb5-c34ae440adb1: addNew group-4F6C49A4966A:[1b813ef4-47a4-4bfc-8eb5-c34ae440adb1:192.168.34.32:36113] returns group-4F6C49A4966A:java.util.concurrent.CompletableFuture@1adedb0b[Not completed]
2019-10-21 19:12:36,986 [pool-42-thread-1] INFO  impl.RaftServerImpl (RaftServerImpl.java:<init>(104)) - 1b813ef4-47a4-4bfc-8eb5-c34ae440adb1: new RaftServerImpl for group-4F6C49A4966A:[1b813ef4-47a4-4bfc-8eb5-c34ae440adb1:192.168.34.32:36113] with ContainerStateMachine:uninitialized
2019-10-21 19:12:36,987 [pool-42-thread-1] INFO  server.RaftServerConfigKeys (ConfUtils.java:logGet(43)) - raft.server.rpc.timeout.min = 5s (custom)
2019-10-21 19:12:36,987 [pool-42-thread-1] INFO  server.RaftServerConfigKeys (ConfUtils.java:logGet(43)) - raft.server.rpc.timeout.max = 5200ms (custom)
2019-10-21 19:12:36,987 [pool-42-thread-1] INFO  server.RaftServerConfigKeys (ConfUtils.java:logGet(43)) - raft.server.rpcslowness.timeout = 120s (custom)
2019-10-21 19:12:36,987 [pool-42-thread-1] INFO  server.RaftServerConfigKeys (ConfUtils.java:logGet(43)) - raft.server.sleep.deviation.threshold = 300 (default)
2019-10-21 19:12:36,987 [pool-42-thread-1] INFO  server.RaftServerConfigKeys (ConfUtils.java:logGet(43)) - raft.server.log.appender.install.snapshot.enabled = false (custom)
2019-10-21 19:12:36,987 [pool-42-thread-1] INFO  impl.RaftServerImpl (ServerState.java:<init>(103)) - 1b813ef4-47a4-4bfc-8eb5-c34ae440adb1@group-4F6C49A4966A: ConfigurationManager, init=-1: [1b813ef4-47a4-4bfc-8eb5-c34ae440adb1:192.168.34.32:36113], old=null, confs=<EMPTY_MAP>
2019-10-21 19:12:36,987 [pool-42-thread-1] INFO  server.RaftServerConfigKeys (ConfUtils.java:logGet(43)) - raft.server.storage.dir = [/workdir/hadoop-ozone/integration-test/target/test-dir/MiniOzoneClusterImpl-e6c2b343-afa6-4e23-b2ea-04dd8acb85ef/datanode-1/data/ratis] (custom)
2019-10-21 19:12:36,988 [pool-42-thread-1] INFO  server.RaftServerConfigKeys (ConfUtils.java:logGet(43)) - raft.server.log.corruption.policy = EXCEPTION (default)
2019-10-21 19:12:36,988 [pool-42-thread-1] INFO  storage.RaftStorageDirectory (RaftStorageDirectory.java:analyzeStorage(246)) - The storage directory /workdir/hadoop-ozone/integration-test/target/test-dir/MiniOzoneClusterImpl-e6c2b343-afa6-4e23-b2ea-04dd8acb85ef/datanode-1/data/ratis/cd56fbb6-6508-4b8b-8fe5-4f6c49a4966a does not exist. Creating ...
2019-10-21 19:12:37,001 [pool-42-thread-1] INFO  storage.RaftStorageDirectory (RaftStorageDirectory.java:tryLock(328)) - Lock on /workdir/hadoop-ozone/integration-test/target/test-dir/MiniOzoneClusterImpl-e6c2b343-afa6-4e23-b2ea-04dd8acb85ef/datanode-1/data/ratis/cd56fbb6-6508-4b8b-8fe5-4f6c49a4966a/in_use.lock acquired by nodename 6655@pr-hdds-2320-master-mmr2t-3035452747
2019-10-21 19:12:37,014 [pool-42-thread-1] INFO  storage.RaftStorage (RaftStorage.java:format(84)) - Storage directory /workdir/hadoop-ozone/integration-test/target/test-dir/MiniOzoneClusterImpl-e6c2b343-afa6-4e23-b2ea-04dd8acb85ef/datanode-1/data/ratis/cd56fbb6-6508-4b8b-8fe5-4f6c49a4966a has been successfully formatted.
2019-10-21 19:12:37,014 [pool-42-thread-1] INFO  ratis.ContainerStateMachine (ContainerStateMachine.java:loadSnapshot(231)) - group-4F6C49A4966A: The snapshot info is null. Setting the last applied indexto:(t:0, i:~)
2019-10-21 19:12:37,014 [pool-42-thread-1] INFO  server.RaftServerConfigKeys (ConfUtils.java:logGet(43)) - raft.server.notification.no-leader.timeout = 120s (custom)
2019-10-21 19:12:37,014 [pool-42-thread-1] INFO  server.RaftServerConfigKeys (ConfUtils.java:logGet(43)) - raft.server.log.use.memory = false (default)
2019-10-21 19:12:37,014 [pool-42-thread-1] INFO  server.RaftServerConfigKeys (ConfUtils.java:logGet(43)) - raft.server.log.purge.gap = 1000000 (custom)
2019-10-21 19:12:37,015 [pool-42-thread-1] INFO  server.RaftServerConfigKeys (ConfUtils.java:logGet(43)) - raft.server.log.appender.buffer.byte-limit = 33554432 (custom)
2019-10-21 19:12:37,015 [pool-42-thread-1] INFO  server.RaftServerConfigKeys (ConfUtils.java:logGet(43)) - raft.server.log.segment.size.max = 1048576 (custom)
2019-10-21 19:12:37,017 [pool-42-thread-1] INFO  server.RaftServerConfigKeys (ConfUtils.java:logGet(43)) - raft.server.log.segment.cache.num.max = 2 (custom)
2019-10-21 19:12:37,017 [pool-42-thread-1] INFO  segmented.SegmentedRaftLogWorker (SegmentedRaftLogWorker.java:<init>(173)) - new 1b813ef4-47a4-4bfc-8eb5-c34ae440adb1@group-4F6C49A4966A-SegmentedRaftLogWorker for RaftStorage:Storage Directory /workdir/hadoop-ozone/integration-test/target/test-dir/MiniOzoneClusterImpl-e6c2b343-afa6-4e23-b2ea-04dd8acb85ef/datanode-1/data/ratis/cd56fbb6-6508-4b8b-8fe5-4f6c49a4966a
2019-10-21 19:12:37,017 [pool-42-thread-1] INFO  server.RaftServerConfigKeys (ConfUtils.java:logGet(43)) - raft.server.log.queue.byte-limit = 2147483647 (custom)
2019-10-21 19:12:37,017 [pool-42-thread-1] INFO  server.RaftServerConfigKeys (ConfUtils.java:logGet(43)) - raft.server.log.queue.element-limit = 1024 (custom)
2019-10-21 19:12:37,018 [pool-42-thread-1] INFO  server.RaftServerConfigKeys (ConfUtils.java:logGet(43)) - raft.server.log.segment.size.max = 1048576 (custom)
2019-10-21 19:12:37,018 [pool-42-thread-1] INFO  server.RaftServerConfigKeys (ConfUtils.java:logGet(43)) - raft.server.log.preallocated.size = 16384 (custom)
2019-10-21 19:12:37,018 [pool-42-thread-1] INFO  server.RaftServerConfigKeys (ConfUtils.java:logGet(43)) - raft.server.log.write.buffer.size = 33554432 (custom)
2019-10-21 19:12:37,018 [pool-42-thread-1] INFO  server.RaftServerConfigKeys (ConfUtils.java:logGet(43)) - raft.server.log.force.sync.num = 128 (default)
2019-10-21 19:12:37,018 [pool-42-thread-1] INFO  server.RaftServerConfigKeys (ConfUtils.java:logGet(43)) - raft.server.log.statemachine.data.sync = true (default)
2019-10-21 19:12:37,018 [pool-42-thread-1] INFO  server.RaftServerConfigKeys (ConfUtils.java:logGet(43)) - raft.server.log.statemachine.data.sync.timeout = 10s (default)
2019-10-21 19:12:37,018 [pool-42-thread-1] INFO  server.RaftServerConfigKeys (ConfUtils.java:logGet(43)) - raft.server.log.statemachine.data.sync.timeout.retry = -1 (default)
2019-10-21 19:12:37,019 [pool-42-thread-1] INFO  server.RaftServerConfigKeys (ConfUtils.java:logGet(43)) - raft.server.log.statemachine.data.caching.enabled = true (custom)
2019-10-21 19:12:37,019 [pool-42-thread-1] INFO  segmented.SegmentedRaftLogWorker (SegmentedRaftLogWorker.java:lambda$new$0(128)) - 1b813ef4-47a4-4bfc-8eb5-c34ae440adb1@group-4F6C49A4966A-SegmentedRaftLogWorker: flushIndex: setUnconditionally 0 -> -1
2019-10-21 19:12:37,019 [pool-42-thread-1] INFO  server.RaftServerConfigKeys (ConfUtils.java:logGet(43)) - raft.server.snapshot.auto.trigger.enabled = true (custom)
2019-10-21 19:12:37,020 [pool-42-thread-1] INFO  server.RaftServerConfigKeys (ConfUtils.java:logGet(43)) - raft.server.snapshot.auto.trigger.threshold = 10000 (custom)
2019-10-21 19:12:37,020 [pool-42-thread-1] INFO  server.RaftServerConfigKeys (ConfUtils.java:logGet(43)) - raft.server.snapshot.retention.file.num = 5 (custom)
2019-10-21 19:12:37,020 [pool-42-thread-1] INFO  server.RaftServerConfigKeys (ConfUtils.java:logGet(43)) - raft.server.retrycache.expirytime = 600000ms (custom)
2019-10-21 19:12:37,023 [Thread-206] INFO  impl.FollowerState (FollowerState.java:run(108)) - e6a83585-83d0-4616-a3d5-866875ad8a29@group-8BB52D3220EA-FollowerState: change to CANDIDATE, lastRpcTime:89ms, electionTimeout:89ms
2019-10-21 19:12:37,023 [Thread-206] INFO  impl.RoleInfo (RoleInfo.java:shutdownFollowerState(121)) - e6a83585-83d0-4616-a3d5-866875ad8a29: shutdown FollowerState
2019-10-21 19:12:37,023 [pool-42-thread-1] INFO  impl.RaftServerImpl (RaftServerImpl.java:start(195)) - 1b813ef4-47a4-4bfc-8eb5-c34ae440adb1@group-4F6C49A4966A: start as a follower, conf=-1: [1b813ef4-47a4-4bfc-8eb5-c34ae440adb1:192.168.34.32:36113], old=null
2019-10-21 19:12:37,024 [Thread-206] INFO  impl.RaftServerImpl (RaftServerImpl.java:setRole(184)) - e6a83585-83d0-4616-a3d5-866875ad8a29@group-8BB52D3220EA: changes role from  FOLLOWER to CANDIDATE at term 0 for changeToCandidate
2019-10-21 19:12:37,024 [pool-42-thread-1] INFO  impl.RaftServerImpl (RaftServerImpl.java:setRole(184)) - 1b813ef4-47a4-4bfc-8eb5-c34ae440adb1@group-4F6C49A4966A: changes role from      null to FOLLOWER at term 0 for startAsFollower
2019-10-21 19:12:37,024 [Thread-206] INFO  impl.RoleInfo (RoleInfo.java:updateAndGet(143)) - e6a83585-83d0-4616-a3d5-866875ad8a29: start LeaderElection
2019-10-21 19:12:37,024 [pool-42-thread-1] INFO  impl.RoleInfo (RoleInfo.java:updateAndGet(143)) - 1b813ef4-47a4-4bfc-8eb5-c34ae440adb1: start FollowerState
2019-10-21 19:12:37,027 [pool-42-thread-1] INFO  util.JmxRegister (JmxRegister.java:tryRegister(44)) - Successfully registered JMX Bean with object name Ratis:service=RaftServer,group=group-4F6C49A4966A,id=1b813ef4-47a4-4bfc-8eb5-c34ae440adb1
2019-10-21 19:12:37,038 [RatisPipelineUtilsThread] INFO  pipeline.PipelineStateManager (PipelineStateManager.java:addPipeline(56)) - Created pipeline Pipeline[ Id: cd56fbb6-6508-4b8b-8fe5-4f6c49a4966a, Nodes: 1b813ef4-47a4-4bfc-8eb5-c34ae440adb1{ip: 192.168.34.32, host: pr-hdds-2320-master-mmr2t-3035452747, networkLocation: /rack1, certSerialId: null}, Type:RATIS, Factor:ONE, State:OPEN]
2019-10-21 19:12:37,040 [e6a83585-83d0-4616-a3d5-866875ad8a29@group-8BB52D3220EA-LeaderElection3] INFO  impl.LeaderElection (LeaderElection.java:askForVotes(178)) - e6a83585-83d0-4616-a3d5-866875ad8a29@group-8BB52D3220EA-LeaderElection3: begin an election at term 1 for -1: [e6a83585-83d0-4616-a3d5-866875ad8a29:192.168.34.32:46159], old=null
2019-10-21 19:12:37,041 [e6a83585-83d0-4616-a3d5-866875ad8a29@group-8BB52D3220EA-LeaderElection3] INFO  impl.RoleInfo (RoleInfo.java:shutdownLeaderElection(134)) - e6a83585-83d0-4616-a3d5-866875ad8a29: shutdown LeaderElection
2019-10-21 19:12:37,041 [e6a83585-83d0-4616-a3d5-866875ad8a29@group-8BB52D3220EA-LeaderElection3] INFO  impl.RaftServerImpl (RaftServerImpl.java:setRole(184)) - e6a83585-83d0-4616-a3d5-866875ad8a29@group-8BB52D3220EA: changes role from CANDIDATE to LEADER at term 1 for changeToLeader
2019-10-21 19:12:37,042 [e6a83585-83d0-4616-a3d5-866875ad8a29@group-8BB52D3220EA-LeaderElection3] INFO  impl.RaftServerImpl (ServerState.java:setLeader(256)) - e6a83585-83d0-4616-a3d5-866875ad8a29@group-8BB52D3220EA: change Leader from null to e6a83585-83d0-4616-a3d5-866875ad8a29 at term 1 for becomeLeader, leader elected after 158ms
2019-10-21 19:12:37,043 [e6a83585-83d0-4616-a3d5-866875ad8a29@group-8BB52D3220EA-LeaderElection3] INFO  server.RaftServerConfigKeys (ConfUtils.java:logGet(43)) - raft.server.staging.catchup.gap = 1000 (default)
2019-10-21 19:12:37,043 [e6a83585-83d0-4616-a3d5-866875ad8a29@group-8BB52D3220EA-LeaderElection3] INFO  server.RaftServerConfigKeys (ConfUtils.java:logGet(43)) - raft.server.rpc.sleep.time = 25ms (default)
2019-10-21 19:12:37,044 [e6a83585-83d0-4616-a3d5-866875ad8a29@group-8BB52D3220EA-LeaderElection3] INFO  server.RaftServerConfigKeys (ConfUtils.java:logGet(43)) - raft.server.write.element-limit = 4096 (default)
2019-10-21 19:12:37,044 [e6a83585-83d0-4616-a3d5-866875ad8a29@group-8BB52D3220EA-LeaderElection3] INFO  server.RaftServerConfigKeys (ConfUtils.java:logGet(43)) - raft.server.watch.timeout = 10s (default)
2019-10-21 19:12:37,045 [e6a83585-83d0-4616-a3d5-866875ad8a29@group-8BB52D3220EA-LeaderElection3] INFO  server.RaftServerConfigKeys (ConfUtils.java:logGet(43)) - raft.server.watch.timeout.denomination = 1s (default)
2019-10-21 19:12:37,045 [e6a83585-83d0-4616-a3d5-866875ad8a29@group-8BB52D3220EA-LeaderElection3] INFO  server.RaftServerConfigKeys (ConfUtils.java:logGet(43)) - raft.server.watch.element-limit = 65536 (default)
2019-10-21 19:12:37,051 [e6a83585-83d0-4616-a3d5-866875ad8a29@group-8BB52D3220EA-LeaderElection3] INFO  impl.RoleInfo (RoleInfo.java:updateAndGet(143)) - e6a83585-83d0-4616-a3d5-866875ad8a29: start LeaderState
2019-10-21 19:12:37,052 [grpc-default-executor-0] INFO  impl.RaftServerProxy (RaftServerProxy.java:addNew(89)) - f2627371-a904-4314-a836-5eb8f54559ec: addNew group-4B5A6913579D:[f2627371-a904-4314-a836-5eb8f54559ec:192.168.34.32:33224] returns group-4B5A6913579D:java.util.concurrent.CompletableFuture@756a452a[Not completed]
2019-10-21 19:12:37,053 [e6a83585-83d0-4616-a3d5-866875ad8a29@group-8BB52D3220EA-LeaderElection3] INFO  segmented.SegmentedRaftLogWorker (SegmentedRaftLogWorker.java:startLogSegment(385)) - e6a83585-83d0-4616-a3d5-866875ad8a29@group-8BB52D3220EA-SegmentedRaftLogWorker: Starting segment from index:0
2019-10-21 19:12:37,053 [e6a83585-83d0-4616-a3d5-866875ad8a29@group-8BB52D3220EA-LeaderElection3] INFO  impl.RaftServerImpl (ServerState.java:setRaftConf(357)) - e6a83585-83d0-4616-a3d5-866875ad8a29@group-8BB52D3220EA: set configuration 0: [e6a83585-83d0-4616-a3d5-866875ad8a29:192.168.34.32:46159], old=null at 0
2019-10-21 19:12:37,085 [pool-52-thread-1] INFO  impl.RaftServerImpl (RaftServerImpl.java:<init>(104)) - f2627371-a904-4314-a836-5eb8f54559ec: new RaftServerImpl for group-4B5A6913579D:[f2627371-a904-4314-a836-5eb8f54559ec:192.168.34.32:33224] with ContainerStateMachine:uninitialized
2019-10-21 19:12:37,085 [pool-52-thread-1] INFO  server.RaftServerConfigKeys (ConfUtils.java:logGet(43)) - raft.server.rpc.timeout.min = 5s (custom)
2019-10-21 19:12:37,085 [pool-52-thread-1] INFO  server.RaftServerConfigKeys (ConfUtils.java:logGet(43)) - raft.server.rpc.timeout.max = 5200ms (custom)
2019-10-21 19:12:37,086 [pool-52-thread-1] INFO  server.RaftServerConfigKeys (ConfUtils.java:logGet(43)) - raft.server.rpcslowness.timeout = 120s (custom)
2019-10-21 19:12:37,086 [pool-52-thread-1] INFO  server.RaftServerConfigKeys (ConfUtils.java:logGet(43)) - raft.server.sleep.deviation.threshold = 300 (default)
2019-10-21 19:12:37,086 [pool-52-thread-1] INFO  server.RaftServerConfigKeys (ConfUtils.java:logGet(43)) - raft.server.log.appender.install.snapshot.enabled = false (custom)
2019-10-21 19:12:37,086 [pool-52-thread-1] INFO  impl.RaftServerImpl (ServerState.java:<init>(103)) - f2627371-a904-4314-a836-5eb8f54559ec@group-4B5A6913579D: ConfigurationManager, init=-1: [f2627371-a904-4314-a836-5eb8f54559ec:192.168.34.32:33224], old=null, confs=<EMPTY_MAP>
2019-10-21 19:12:37,086 [pool-52-thread-1] INFO  server.RaftServerConfigKeys (ConfUtils.java:logGet(43)) - raft.server.storage.dir = [/workdir/hadoop-ozone/integration-test/target/test-dir/MiniOzoneClusterImpl-e6c2b343-afa6-4e23-b2ea-04dd8acb85ef/datanode-2/data/ratis] (custom)
2019-10-21 19:12:37,087 [pool-52-thread-1] INFO  server.RaftServerConfigKeys (ConfUtils.java:logGet(43)) - raft.server.log.corruption.policy = EXCEPTION (default)
2019-10-21 19:12:37,087 [pool-52-thread-1] INFO  storage.RaftStorageDirectory (RaftStorageDirectory.java:analyzeStorage(246)) - The storage directory /workdir/hadoop-ozone/integration-test/target/test-dir/MiniOzoneClusterImpl-e6c2b343-afa6-4e23-b2ea-04dd8acb85ef/datanode-2/data/ratis/f45dffeb-0ef0-4095-a324-4b5a6913579d does not exist. Creating ...
2019-10-21 19:12:37,097 [pool-52-thread-1] INFO  storage.RaftStorageDirectory (RaftStorageDirectory.java:tryLock(328)) - Lock on /workdir/hadoop-ozone/integration-test/target/test-dir/MiniOzoneClusterImpl-e6c2b343-afa6-4e23-b2ea-04dd8acb85ef/datanode-2/data/ratis/f45dffeb-0ef0-4095-a324-4b5a6913579d/in_use.lock acquired by nodename 6655@pr-hdds-2320-master-mmr2t-3035452747
2019-10-21 19:12:37,097 [e6a83585-83d0-4616-a3d5-866875ad8a29@group-8BB52D3220EA-SegmentedRaftLogWorker] INFO  segmented.SegmentedRaftLogWorker (SegmentedRaftLogWorker.java:execute(576)) - e6a83585-83d0-4616-a3d5-866875ad8a29@group-8BB52D3220EA-SegmentedRaftLogWorker: created new log segment /workdir/hadoop-ozone/integration-test/target/test-dir/MiniOzoneClusterImpl-e6c2b343-afa6-4e23-b2ea-04dd8acb85ef/datanode-3/data/ratis/1f71f92b-9e4d-4566-a845-8bb52d3220ea/current/log_inprogress_0
2019-10-21 19:12:37,111 [pool-52-thread-1] INFO  storage.RaftStorage (RaftStorage.java:format(84)) - Storage directory /workdir/hadoop-ozone/integration-test/target/test-dir/MiniOzoneClusterImpl-e6c2b343-afa6-4e23-b2ea-04dd8acb85ef/datanode-2/data/ratis/f45dffeb-0ef0-4095-a324-4b5a6913579d has been successfully formatted.
2019-10-21 19:12:37,111 [pool-52-thread-1] INFO  ratis.ContainerStateMachine (ContainerStateMachine.java:loadSnapshot(231)) - group-4B5A6913579D: The snapshot info is null. Setting the last applied indexto:(t:0, i:~)
2019-10-21 19:12:37,111 [pool-52-thread-1] INFO  server.RaftServerConfigKeys (ConfUtils.java:logGet(43)) - raft.server.notification.no-leader.timeout = 120s (custom)
2019-10-21 19:12:37,111 [pool-52-thread-1] INFO  server.RaftServerConfigKeys (ConfUtils.java:logGet(43)) - raft.server.log.use.memory = false (default)
2019-10-21 19:12:37,112 [pool-52-thread-1] INFO  server.RaftServerConfigKeys (ConfUtils.java:logGet(43)) - raft.server.log.purge.gap = 1000000 (custom)
2019-10-21 19:12:37,112 [pool-52-thread-1] INFO  server.RaftServerConfigKeys (ConfUtils.java:logGet(43)) - raft.server.log.appender.buffer.byte-limit = 33554432 (custom)
2019-10-21 19:12:37,112 [pool-52-thread-1] INFO  server.RaftServerConfigKeys (ConfUtils.java:logGet(43)) - raft.server.log.segment.size.max = 1048576 (custom)
2019-10-21 19:12:37,116 [pool-52-thread-1] INFO  server.RaftServerConfigKeys (ConfUtils.java:logGet(43)) - raft.server.log.segment.cache.num.max = 2 (custom)
2019-10-21 19:12:37,116 [pool-52-thread-1] INFO  segmented.SegmentedRaftLogWorker (SegmentedRaftLogWorker.java:<init>(173)) - new f2627371-a904-4314-a836-5eb8f54559ec@group-4B5A6913579D-SegmentedRaftLogWorker for RaftStorage:Storage Directory /workdir/hadoop-ozone/integration-test/target/test-dir/MiniOzoneClusterImpl-e6c2b343-afa6-4e23-b2ea-04dd8acb85ef/datanode-2/data/ratis/f45dffeb-0ef0-4095-a324-4b5a6913579d
2019-10-21 19:12:37,116 [pool-52-thread-1] INFO  server.RaftServerConfigKeys (ConfUtils.java:logGet(43)) - raft.server.log.queue.byte-limit = 2147483647 (custom)
2019-10-21 19:12:37,116 [pool-52-thread-1] INFO  server.RaftServerConfigKeys (ConfUtils.java:logGet(43)) - raft.server.log.queue.element-limit = 1024 (custom)
2019-10-21 19:12:37,116 [pool-52-thread-1] INFO  server.RaftServerConfigKeys (ConfUtils.java:logGet(43)) - raft.server.log.segment.size.max = 1048576 (custom)
2019-10-21 19:12:37,117 [pool-52-thread-1] INFO  server.RaftServerConfigKeys (ConfUtils.java:logGet(43)) - raft.server.log.preallocated.size = 16384 (custom)
2019-10-21 19:12:37,117 [pool-52-thread-1] INFO  server.RaftServerConfigKeys (ConfUtils.java:logGet(43)) - raft.server.log.write.buffer.size = 33554432 (custom)
2019-10-21 19:12:37,117 [pool-52-thread-1] INFO  server.RaftServerConfigKeys (ConfUtils.java:logGet(43)) - raft.server.log.force.sync.num = 128 (default)
2019-10-21 19:12:37,117 [pool-52-thread-1] INFO  server.RaftServerConfigKeys (ConfUtils.java:logGet(43)) - raft.server.log.statemachine.data.sync = true (default)
2019-10-21 19:12:37,117 [pool-52-thread-1] INFO  server.RaftServerConfigKeys (ConfUtils.java:logGet(43)) - raft.server.log.statemachine.data.sync.timeout = 10s (default)
2019-10-21 19:12:37,118 [pool-52-thread-1] INFO  server.RaftServerConfigKeys (ConfUtils.java:logGet(43)) - raft.server.log.statemachine.data.sync.timeout.retry = -1 (default)
2019-10-21 19:12:37,118 [pool-52-thread-1] INFO  server.RaftServerConfigKeys (ConfUtils.java:logGet(43)) - raft.server.log.statemachine.data.caching.enabled = true (custom)
2019-10-21 19:12:37,119 [pool-52-thread-1] INFO  segmented.SegmentedRaftLogWorker (SegmentedRaftLogWorker.java:lambda$new$0(128)) - f2627371-a904-4314-a836-5eb8f54559ec@group-4B5A6913579D-SegmentedRaftLogWorker: flushIndex: setUnconditionally 0 -> -1
2019-10-21 19:12:37,119 [pool-52-thread-1] INFO  server.RaftServerConfigKeys (ConfUtils.java:logGet(43)) - raft.server.snapshot.auto.trigger.enabled = true (custom)
2019-10-21 19:12:37,119 [pool-52-thread-1] INFO  server.RaftServerConfigKeys (ConfUtils.java:logGet(43)) - raft.server.snapshot.auto.trigger.threshold = 10000 (custom)
2019-10-21 19:12:37,120 [pool-52-thread-1] INFO  server.RaftServerConfigKeys (ConfUtils.java:logGet(43)) - raft.server.snapshot.retention.file.num = 5 (custom)
2019-10-21 19:12:37,120 [pool-52-thread-1] INFO  server.RaftServerConfigKeys (ConfUtils.java:logGet(43)) - raft.server.retrycache.expirytime = 600000ms (custom)
2019-10-21 19:12:37,126 [pool-52-thread-1] INFO  impl.RaftServerImpl (RaftServerImpl.java:start(195)) - f2627371-a904-4314-a836-5eb8f54559ec@group-4B5A6913579D: start as a follower, conf=-1: [f2627371-a904-4314-a836-5eb8f54559ec:192.168.34.32:33224], old=null
2019-10-21 19:12:37,126 [pool-52-thread-1] INFO  impl.RaftServerImpl (RaftServerImpl.java:setRole(184)) - f2627371-a904-4314-a836-5eb8f54559ec@group-4B5A6913579D: changes role from      null to FOLLOWER at term 0 for startAsFollower
2019-10-21 19:12:37,127 [pool-52-thread-1] INFO  impl.RoleInfo (RoleInfo.java:updateAndGet(143)) - f2627371-a904-4314-a836-5eb8f54559ec: start FollowerState
2019-10-21 19:12:37,127 [pool-52-thread-1] INFO  util.JmxRegister (JmxRegister.java:tryRegister(44)) - Successfully registered JMX Bean with object name Ratis:service=RaftServer,group=group-4B5A6913579D,id=f2627371-a904-4314-a836-5eb8f54559ec
2019-10-21 19:12:37,140 [RatisPipelineUtilsThread] INFO  pipeline.PipelineStateManager (PipelineStateManager.java:addPipeline(56)) - Created pipeline Pipeline[ Id: f45dffeb-0ef0-4095-a324-4b5a6913579d, Nodes: f2627371-a904-4314-a836-5eb8f54559ec{ip: 192.168.34.32, host: pr-hdds-2320-master-mmr2t-3035452747, networkLocation: /rack1, certSerialId: null}, Type:RATIS, Factor:ONE, State:OPEN]
2019-10-21 19:12:37,142 [Thread-210] INFO  impl.FollowerState (FollowerState.java:run(108)) - 1b813ef4-47a4-4bfc-8eb5-c34ae440adb1@group-4F6C49A4966A-FollowerState: change to CANDIDATE, lastRpcTime:118ms, electionTimeout:115ms
2019-10-21 19:12:37,142 [Thread-210] INFO  impl.RoleInfo (RoleInfo.java:shutdownFollowerState(121)) - 1b813ef4-47a4-4bfc-8eb5-c34ae440adb1: shutdown FollowerState
2019-10-21 19:12:37,142 [Thread-210] INFO  impl.RaftServerImpl (RaftServerImpl.java:setRole(184)) - 1b813ef4-47a4-4bfc-8eb5-c34ae440adb1@group-4F6C49A4966A: changes role from  FOLLOWER to CANDIDATE at term 0 for changeToCandidate
2019-10-21 19:12:37,143 [Thread-210] INFO  impl.RoleInfo (RoleInfo.java:updateAndGet(143)) - 1b813ef4-47a4-4bfc-8eb5-c34ae440adb1: start LeaderElection
2019-10-21 19:12:37,159 [1b813ef4-47a4-4bfc-8eb5-c34ae440adb1@group-4F6C49A4966A-LeaderElection4] INFO  impl.LeaderElection (LeaderElection.java:askForVotes(178)) - 1b813ef4-47a4-4bfc-8eb5-c34ae440adb1@group-4F6C49A4966A-LeaderElection4: begin an election at term 1 for -1: [1b813ef4-47a4-4bfc-8eb5-c34ae440adb1:192.168.34.32:36113], old=null
2019-10-21 19:12:37,160 [1b813ef4-47a4-4bfc-8eb5-c34ae440adb1@group-4F6C49A4966A-LeaderElection4] INFO  impl.RoleInfo (RoleInfo.java:shutdownLeaderElection(134)) - 1b813ef4-47a4-4bfc-8eb5-c34ae440adb1: shutdown LeaderElection
2019-10-21 19:12:37,160 [1b813ef4-47a4-4bfc-8eb5-c34ae440adb1@group-4F6C49A4966A-LeaderElection4] INFO  impl.RaftServerImpl (RaftServerImpl.java:setRole(184)) - 1b813ef4-47a4-4bfc-8eb5-c34ae440adb1@group-4F6C49A4966A: changes role from CANDIDATE to LEADER at term 1 for changeToLeader
2019-10-21 19:12:37,161 [1b813ef4-47a4-4bfc-8eb5-c34ae440adb1@group-4F6C49A4966A-LeaderElection4] INFO  impl.RaftServerImpl (ServerState.java:setLeader(256)) - 1b813ef4-47a4-4bfc-8eb5-c34ae440adb1@group-4F6C49A4966A: change Leader from null to 1b813ef4-47a4-4bfc-8eb5-c34ae440adb1 at term 1 for becomeLeader, leader elected after 146ms
2019-10-21 19:12:37,162 [1b813ef4-47a4-4bfc-8eb5-c34ae440adb1@group-4F6C49A4966A-LeaderElection4] INFO  server.RaftServerConfigKeys (ConfUtils.java:logGet(43)) - raft.server.staging.catchup.gap = 1000 (default)
2019-10-21 19:12:37,162 [1b813ef4-47a4-4bfc-8eb5-c34ae440adb1@group-4F6C49A4966A-LeaderElection4] INFO  server.RaftServerConfigKeys (ConfUtils.java:logGet(43)) - raft.server.rpc.sleep.time = 25ms (default)
2019-10-21 19:12:37,163 [1b813ef4-47a4-4bfc-8eb5-c34ae440adb1@group-4F6C49A4966A-LeaderElection4] INFO  server.RaftServerConfigKeys (ConfUtils.java:logGet(43)) - raft.server.write.element-limit = 4096 (default)
2019-10-21 19:12:37,163 [1b813ef4-47a4-4bfc-8eb5-c34ae440adb1@group-4F6C49A4966A-LeaderElection4] INFO  server.RaftServerConfigKeys (ConfUtils.java:logGet(43)) - raft.server.watch.timeout = 10s (default)
2019-10-21 19:12:37,164 [1b813ef4-47a4-4bfc-8eb5-c34ae440adb1@group-4F6C49A4966A-LeaderElection4] INFO  server.RaftServerConfigKeys (ConfUtils.java:logGet(43)) - raft.server.watch.timeout.denomination = 1s (default)
2019-10-21 19:12:37,164 [1b813ef4-47a4-4bfc-8eb5-c34ae440adb1@group-4F6C49A4966A-LeaderElection4] INFO  server.RaftServerConfigKeys (ConfUtils.java:logGet(43)) - raft.server.watch.element-limit = 65536 (default)
2019-10-21 19:12:37,170 [1b813ef4-47a4-4bfc-8eb5-c34ae440adb1@group-4F6C49A4966A-LeaderElection4] INFO  impl.RoleInfo (RoleInfo.java:updateAndGet(143)) - 1b813ef4-47a4-4bfc-8eb5-c34ae440adb1: start LeaderState
2019-10-21 19:12:37,171 [1b813ef4-47a4-4bfc-8eb5-c34ae440adb1@group-4F6C49A4966A-LeaderElection4] INFO  segmented.SegmentedRaftLogWorker (SegmentedRaftLogWorker.java:startLogSegment(385)) - 1b813ef4-47a4-4bfc-8eb5-c34ae440adb1@group-4F6C49A4966A-SegmentedRaftLogWorker: Starting segment from index:0
2019-10-21 19:12:37,172 [1b813ef4-47a4-4bfc-8eb5-c34ae440adb1@group-4F6C49A4966A-LeaderElection4] INFO  impl.RaftServerImpl (ServerState.java:setRaftConf(357)) - 1b813ef4-47a4-4bfc-8eb5-c34ae440adb1@group-4F6C49A4966A: set configuration 0: [1b813ef4-47a4-4bfc-8eb5-c34ae440adb1:192.168.34.32:36113], old=null at 0
2019-10-21 19:12:37,174 [grpc-default-executor-2] INFO  impl.RaftServerProxy (RaftServerProxy.java:addNew(89)) - f2627371-a904-4314-a836-5eb8f54559ec: addNew group-73E40DF2990B:[e6a83585-83d0-4616-a3d5-866875ad8a29:192.168.34.32:46159, f2627371-a904-4314-a836-5eb8f54559ec:192.168.34.32:33224, 1b813ef4-47a4-4bfc-8eb5-c34ae440adb1:192.168.34.32:36113] returns group-73E40DF2990B:java.util.concurrent.CompletableFuture@2a113f4a[Not completed]
2019-10-21 19:12:37,209 [grpc-default-executor-2] INFO  impl.RaftServerProxy (RaftServerProxy.java:addNew(89)) - e6a83585-83d0-4616-a3d5-866875ad8a29: addNew group-73E40DF2990B:[e6a83585-83d0-4616-a3d5-866875ad8a29:192.168.34.32:46159, f2627371-a904-4314-a836-5eb8f54559ec:192.168.34.32:33224, 1b813ef4-47a4-4bfc-8eb5-c34ae440adb1:192.168.34.32:36113] returns group-73E40DF2990B:java.util.concurrent.CompletableFuture@5b17530[Not completed]
2019-10-21 19:12:37,210 [pool-52-thread-1] INFO  impl.RaftServerImpl (RaftServerImpl.java:<init>(104)) - f2627371-a904-4314-a836-5eb8f54559ec: new RaftServerImpl for group-73E40DF2990B:[e6a83585-83d0-4616-a3d5-866875ad8a29:192.168.34.32:46159, f2627371-a904-4314-a836-5eb8f54559ec:192.168.34.32:33224, 1b813ef4-47a4-4bfc-8eb5-c34ae440adb1:192.168.34.32:36113] with ContainerStateMachine:uninitialized
2019-10-21 19:12:37,210 [pool-52-thread-1] INFO  server.RaftServerConfigKeys (ConfUtils.java:logGet(43)) - raft.server.rpc.timeout.min = 5s (custom)
2019-10-21 19:12:37,210 [pool-52-thread-1] INFO  server.RaftServerConfigKeys (ConfUtils.java:logGet(43)) - raft.server.rpc.timeout.max = 5200ms (custom)
2019-10-21 19:12:37,211 [pool-52-thread-1] INFO  server.RaftServerConfigKeys (ConfUtils.java:logGet(43)) - raft.server.rpcslowness.timeout = 120s (custom)
2019-10-21 19:12:37,211 [pool-52-thread-1] INFO  server.RaftServerConfigKeys (ConfUtils.java:logGet(43)) - raft.server.sleep.deviation.threshold = 300 (default)
2019-10-21 19:12:37,212 [pool-52-thread-1] INFO  server.RaftServerConfigKeys (ConfUtils.java:logGet(43)) - raft.server.log.appender.install.snapshot.enabled = false (custom)
2019-10-21 19:12:37,212 [pool-52-thread-1] INFO  impl.RaftServerImpl (ServerState.java:<init>(103)) - f2627371-a904-4314-a836-5eb8f54559ec@group-73E40DF2990B: ConfigurationManager, init=-1: [e6a83585-83d0-4616-a3d5-866875ad8a29:192.168.34.32:46159, f2627371-a904-4314-a836-5eb8f54559ec:192.168.34.32:33224, 1b813ef4-47a4-4bfc-8eb5-c34ae440adb1:192.168.34.32:36113], old=null, confs=<EMPTY_MAP>
2019-10-21 19:12:37,212 [grpc-default-executor-2] INFO  impl.RaftServerProxy (RaftServerProxy.java:addNew(89)) - 1b813ef4-47a4-4bfc-8eb5-c34ae440adb1: addNew group-73E40DF2990B:[e6a83585-83d0-4616-a3d5-866875ad8a29:192.168.34.32:46159, f2627371-a904-4314-a836-5eb8f54559ec:192.168.34.32:33224, 1b813ef4-47a4-4bfc-8eb5-c34ae440adb1:192.168.34.32:36113] returns group-73E40DF2990B:java.util.concurrent.CompletableFuture@5e36bfd7[Not completed]
2019-10-21 19:12:37,212 [pool-52-thread-1] INFO  server.RaftServerConfigKeys (ConfUtils.java:logGet(43)) - raft.server.storage.dir = [/workdir/hadoop-ozone/integration-test/target/test-dir/MiniOzoneClusterImpl-e6c2b343-afa6-4e23-b2ea-04dd8acb85ef/datanode-2/data/ratis] (custom)
2019-10-21 19:12:37,212 [pool-62-thread-1] INFO  impl.RaftServerImpl (RaftServerImpl.java:<init>(104)) - e6a83585-83d0-4616-a3d5-866875ad8a29: new RaftServerImpl for group-73E40DF2990B:[e6a83585-83d0-4616-a3d5-866875ad8a29:192.168.34.32:46159, f2627371-a904-4314-a836-5eb8f54559ec:192.168.34.32:33224, 1b813ef4-47a4-4bfc-8eb5-c34ae440adb1:192.168.34.32:36113] with ContainerStateMachine:uninitialized
2019-10-21 19:12:37,213 [pool-52-thread-1] INFO  server.RaftServerConfigKeys (ConfUtils.java:logGet(43)) - raft.server.log.corruption.policy = EXCEPTION (default)
2019-10-21 19:12:37,213 [pool-62-thread-1] INFO  server.RaftServerConfigKeys (ConfUtils.java:logGet(43)) - raft.server.rpc.timeout.min = 5s (custom)
2019-10-21 19:12:37,213 [pool-52-thread-1] INFO  storage.RaftStorageDirectory (RaftStorageDirectory.java:analyzeStorage(246)) - The storage directory /workdir/hadoop-ozone/integration-test/target/test-dir/MiniOzoneClusterImpl-e6c2b343-afa6-4e23-b2ea-04dd8acb85ef/datanode-2/data/ratis/d1b6be78-f8a6-4103-b2d1-73e40df2990b does not exist. Creating ...
2019-10-21 19:12:37,213 [pool-62-thread-1] INFO  server.RaftServerConfigKeys (ConfUtils.java:logGet(43)) - raft.server.rpc.timeout.max = 5200ms (custom)
2019-10-21 19:12:37,213 [pool-62-thread-1] INFO  server.RaftServerConfigKeys (ConfUtils.java:logGet(43)) - raft.server.rpcslowness.timeout = 120s (custom)
2019-10-21 19:12:37,214 [pool-62-thread-1] INFO  server.RaftServerConfigKeys (ConfUtils.java:logGet(43)) - raft.server.sleep.deviation.threshold = 300 (default)
2019-10-21 19:12:37,214 [pool-62-thread-1] INFO  server.RaftServerConfigKeys (ConfUtils.java:logGet(43)) - raft.server.log.appender.install.snapshot.enabled = false (custom)
2019-10-21 19:12:37,214 [pool-62-thread-1] INFO  impl.RaftServerImpl (ServerState.java:<init>(103)) - e6a83585-83d0-4616-a3d5-866875ad8a29@group-73E40DF2990B: ConfigurationManager, init=-1: [e6a83585-83d0-4616-a3d5-866875ad8a29:192.168.34.32:46159, f2627371-a904-4314-a836-5eb8f54559ec:192.168.34.32:33224, 1b813ef4-47a4-4bfc-8eb5-c34ae440adb1:192.168.34.32:36113], old=null, confs=<EMPTY_MAP>
2019-10-21 19:12:37,215 [pool-62-thread-1] INFO  server.RaftServerConfigKeys (ConfUtils.java:logGet(43)) - raft.server.storage.dir = [/workdir/hadoop-ozone/integration-test/target/test-dir/MiniOzoneClusterImpl-e6c2b343-afa6-4e23-b2ea-04dd8acb85ef/datanode-3/data/ratis] (custom)
2019-10-21 19:12:37,215 [pool-42-thread-1] INFO  impl.RaftServerImpl (RaftServerImpl.java:<init>(104)) - 1b813ef4-47a4-4bfc-8eb5-c34ae440adb1: new RaftServerImpl for group-73E40DF2990B:[e6a83585-83d0-4616-a3d5-866875ad8a29:192.168.34.32:46159, f2627371-a904-4314-a836-5eb8f54559ec:192.168.34.32:33224, 1b813ef4-47a4-4bfc-8eb5-c34ae440adb1:192.168.34.32:36113] with ContainerStateMachine:uninitialized
2019-10-21 19:12:37,215 [pool-62-thread-1] INFO  server.RaftServerConfigKeys (ConfUtils.java:logGet(43)) - raft.server.log.corruption.policy = EXCEPTION (default)
2019-10-21 19:12:37,215 [pool-42-thread-1] INFO  server.RaftServerConfigKeys (ConfUtils.java:logGet(43)) - raft.server.rpc.timeout.min = 5s (custom)
2019-10-21 19:12:37,215 [pool-62-thread-1] INFO  storage.RaftStorageDirectory (RaftStorageDirectory.java:analyzeStorage(246)) - The storage directory /workdir/hadoop-ozone/integration-test/target/test-dir/MiniOzoneClusterImpl-e6c2b343-afa6-4e23-b2ea-04dd8acb85ef/datanode-3/data/ratis/d1b6be78-f8a6-4103-b2d1-73e40df2990b does not exist. Creating ...
2019-10-21 19:12:37,215 [pool-42-thread-1] INFO  server.RaftServerConfigKeys (ConfUtils.java:logGet(43)) - raft.server.rpc.timeout.max = 5200ms (custom)
2019-10-21 19:12:37,216 [pool-42-thread-1] INFO  server.RaftServerConfigKeys (ConfUtils.java:logGet(43)) - raft.server.rpcslowness.timeout = 120s (custom)
2019-10-21 19:12:37,216 [pool-42-thread-1] INFO  server.RaftServerConfigKeys (ConfUtils.java:logGet(43)) - raft.server.sleep.deviation.threshold = 300 (default)
2019-10-21 19:12:37,216 [pool-42-thread-1] INFO  server.RaftServerConfigKeys (ConfUtils.java:logGet(43)) - raft.server.log.appender.install.snapshot.enabled = false (custom)
2019-10-21 19:12:37,217 [pool-42-thread-1] INFO  impl.RaftServerImpl (ServerState.java:<init>(103)) - 1b813ef4-47a4-4bfc-8eb5-c34ae440adb1@group-73E40DF2990B: ConfigurationManager, init=-1: [e6a83585-83d0-4616-a3d5-866875ad8a29:192.168.34.32:46159, f2627371-a904-4314-a836-5eb8f54559ec:192.168.34.32:33224, 1b813ef4-47a4-4bfc-8eb5-c34ae440adb1:192.168.34.32:36113], old=null, confs=<EMPTY_MAP>
2019-10-21 19:12:37,217 [pool-42-thread-1] INFO  server.RaftServerConfigKeys (ConfUtils.java:logGet(43)) - raft.server.storage.dir = [/workdir/hadoop-ozone/integration-test/target/test-dir/MiniOzoneClusterImpl-e6c2b343-afa6-4e23-b2ea-04dd8acb85ef/datanode-1/data/ratis] (custom)
2019-10-21 19:12:37,217 [pool-42-thread-1] INFO  server.RaftServerConfigKeys (ConfUtils.java:logGet(43)) - raft.server.log.corruption.policy = EXCEPTION (default)
2019-10-21 19:12:37,217 [pool-42-thread-1] INFO  storage.RaftStorageDirectory (RaftStorageDirectory.java:analyzeStorage(246)) - The storage directory /workdir/hadoop-ozone/integration-test/target/test-dir/MiniOzoneClusterImpl-e6c2b343-afa6-4e23-b2ea-04dd8acb85ef/datanode-1/data/ratis/d1b6be78-f8a6-4103-b2d1-73e40df2990b does not exist. Creating ...
2019-10-21 19:12:37,224 [pool-62-thread-1] INFO  storage.RaftStorageDirectory (RaftStorageDirectory.java:tryLock(328)) - Lock on /workdir/hadoop-ozone/integration-test/target/test-dir/MiniOzoneClusterImpl-e6c2b343-afa6-4e23-b2ea-04dd8acb85ef/datanode-3/data/ratis/d1b6be78-f8a6-4103-b2d1-73e40df2990b/in_use.lock acquired by nodename 6655@pr-hdds-2320-master-mmr2t-3035452747
2019-10-21 19:12:37,224 [1b813ef4-47a4-4bfc-8eb5-c34ae440adb1@group-4F6C49A4966A-SegmentedRaftLogWorker] INFO  segmented.SegmentedRaftLogWorker (SegmentedRaftLogWorker.java:execute(576)) - 1b813ef4-47a4-4bfc-8eb5-c34ae440adb1@group-4F6C49A4966A-SegmentedRaftLogWorker: created new log segment /workdir/hadoop-ozone/integration-test/target/test-dir/MiniOzoneClusterImpl-e6c2b343-afa6-4e23-b2ea-04dd8acb85ef/datanode-1/data/ratis/cd56fbb6-6508-4b8b-8fe5-4f6c49a4966a/current/log_inprogress_0
2019-10-21 19:12:37,224 [pool-52-thread-1] INFO  storage.RaftStorageDirectory (RaftStorageDirectory.java:tryLock(328)) - Lock on /workdir/hadoop-ozone/integration-test/target/test-dir/MiniOzoneClusterImpl-e6c2b343-afa6-4e23-b2ea-04dd8acb85ef/datanode-2/data/ratis/d1b6be78-f8a6-4103-b2d1-73e40df2990b/in_use.lock acquired by nodename 6655@pr-hdds-2320-master-mmr2t-3035452747
2019-10-21 19:12:37,224 [pool-42-thread-1] INFO  storage.RaftStorageDirectory (RaftStorageDirectory.java:tryLock(328)) - Lock on /workdir/hadoop-ozone/integration-test/target/test-dir/MiniOzoneClusterImpl-e6c2b343-afa6-4e23-b2ea-04dd8acb85ef/datanode-1/data/ratis/d1b6be78-f8a6-4103-b2d1-73e40df2990b/in_use.lock acquired by nodename 6655@pr-hdds-2320-master-mmr2t-3035452747
2019-10-21 19:12:37,238 [pool-42-thread-1] INFO  storage.RaftStorage (RaftStorage.java:format(84)) - Storage directory /workdir/hadoop-ozone/integration-test/target/test-dir/MiniOzoneClusterImpl-e6c2b343-afa6-4e23-b2ea-04dd8acb85ef/datanode-1/data/ratis/d1b6be78-f8a6-4103-b2d1-73e40df2990b has been successfully formatted.
2019-10-21 19:12:37,238 [pool-62-thread-1] INFO  storage.RaftStorage (RaftStorage.java:format(84)) - Storage directory /workdir/hadoop-ozone/integration-test/target/test-dir/MiniOzoneClusterImpl-e6c2b343-afa6-4e23-b2ea-04dd8acb85ef/datanode-3/data/ratis/d1b6be78-f8a6-4103-b2d1-73e40df2990b has been successfully formatted.
2019-10-21 19:12:37,238 [pool-52-thread-1] INFO  storage.RaftStorage (RaftStorage.java:format(84)) - Storage directory /workdir/hadoop-ozone/integration-test/target/test-dir/MiniOzoneClusterImpl-e6c2b343-afa6-4e23-b2ea-04dd8acb85ef/datanode-2/data/ratis/d1b6be78-f8a6-4103-b2d1-73e40df2990b has been successfully formatted.
2019-10-21 19:12:37,239 [pool-42-thread-1] INFO  ratis.ContainerStateMachine (ContainerStateMachine.java:loadSnapshot(231)) - group-73E40DF2990B: The snapshot info is null. Setting the last applied indexto:(t:0, i:~)
2019-10-21 19:12:37,239 [pool-62-thread-1] INFO  ratis.ContainerStateMachine (ContainerStateMachine.java:loadSnapshot(231)) - group-73E40DF2990B: The snapshot info is null. Setting the last applied indexto:(t:0, i:~)
2019-10-21 19:12:37,239 [pool-42-thread-1] INFO  server.RaftServerConfigKeys (ConfUtils.java:logGet(43)) - raft.server.notification.no-leader.timeout = 120s (custom)
2019-10-21 19:12:37,239 [pool-52-thread-1] INFO  ratis.ContainerStateMachine (ContainerStateMachine.java:loadSnapshot(231)) - group-73E40DF2990B: The snapshot info is null. Setting the last applied indexto:(t:0, i:~)
2019-10-21 19:12:37,239 [pool-42-thread-1] INFO  server.RaftServerConfigKeys (ConfUtils.java:logGet(43)) - raft.server.log.use.memory = false (default)
2019-10-21 19:12:37,239 [pool-62-thread-1] INFO  server.RaftServerConfigKeys (ConfUtils.java:logGet(43)) - raft.server.notification.no-leader.timeout = 120s (custom)
2019-10-21 19:12:37,239 [pool-42-thread-1] INFO  server.RaftServerConfigKeys (ConfUtils.java:logGet(43)) - raft.server.log.purge.gap = 1000000 (custom)
2019-10-21 19:12:37,239 [pool-52-thread-1] INFO  server.RaftServerConfigKeys (ConfUtils.java:logGet(43)) - raft.server.notification.no-leader.timeout = 120s (custom)
2019-10-21 19:12:37,240 [pool-42-thread-1] INFO  server.RaftServerConfigKeys (ConfUtils.java:logGet(43)) - raft.server.log.appender.buffer.byte-limit = 33554432 (custom)
2019-10-21 19:12:37,240 [pool-62-thread-1] INFO  server.RaftServerConfigKeys (ConfUtils.java:logGet(43)) - raft.server.log.use.memory = false (default)
2019-10-21 19:12:37,240 [pool-42-thread-1] INFO  server.RaftServerConfigKeys (ConfUtils.java:logGet(43)) - raft.server.log.segment.size.max = 1048576 (custom)
2019-10-21 19:12:37,240 [pool-52-thread-1] INFO  server.RaftServerConfigKeys (ConfUtils.java:logGet(43)) - raft.server.log.use.memory = false (default)
2019-10-21 19:12:37,240 [pool-42-thread-1] INFO  server.RaftServerConfigKeys (ConfUtils.java:logGet(43)) - raft.server.log.segment.cache.num.max = 2 (custom)
2019-10-21 19:12:37,240 [pool-62-thread-1] INFO  server.RaftServerConfigKeys (ConfUtils.java:logGet(43)) - raft.server.log.purge.gap = 1000000 (custom)
2019-10-21 19:12:37,241 [pool-42-thread-1] INFO  segmented.SegmentedRaftLogWorker (SegmentedRaftLogWorker.java:<init>(173)) - new 1b813ef4-47a4-4bfc-8eb5-c34ae440adb1@group-73E40DF2990B-SegmentedRaftLogWorker for RaftStorage:Storage Directory /workdir/hadoop-ozone/integration-test/target/test-dir/MiniOzoneClusterImpl-e6c2b343-afa6-4e23-b2ea-04dd8acb85ef/datanode-1/data/ratis/d1b6be78-f8a6-4103-b2d1-73e40df2990b
2019-10-21 19:12:37,241 [pool-52-thread-1] INFO  server.RaftServerConfigKeys (ConfUtils.java:logGet(43)) - raft.server.log.purge.gap = 1000000 (custom)
2019-10-21 19:12:37,241 [pool-42-thread-1] INFO  server.RaftServerConfigKeys (ConfUtils.java:logGet(43)) - raft.server.log.queue.byte-limit = 2147483647 (custom)
2019-10-21 19:12:37,241 [pool-62-thread-1] INFO  server.RaftServerConfigKeys (ConfUtils.java:logGet(43)) - raft.server.log.appender.buffer.byte-limit = 33554432 (custom)
2019-10-21 19:12:37,241 [pool-42-thread-1] INFO  server.RaftServerConfigKeys (ConfUtils.java:logGet(43)) - raft.server.log.queue.element-limit = 1024 (custom)
2019-10-21 19:12:37,241 [pool-52-thread-1] INFO  server.RaftServerConfigKeys (ConfUtils.java:logGet(43)) - raft.server.log.appender.buffer.byte-limit = 33554432 (custom)
2019-10-21 19:12:37,242 [pool-42-thread-1] INFO  server.RaftServerConfigKeys (ConfUtils.java:logGet(43)) - raft.server.log.segment.size.max = 1048576 (custom)
2019-10-21 19:12:37,241 [pool-62-thread-1] INFO  server.RaftServerConfigKeys (ConfUtils.java:logGet(43)) - raft.server.log.segment.size.max = 1048576 (custom)
2019-10-21 19:12:37,242 [pool-42-thread-1] INFO  server.RaftServerConfigKeys (ConfUtils.java:logGet(43)) - raft.server.log.preallocated.size = 16384 (custom)
2019-10-21 19:12:37,242 [pool-62-thread-1] INFO  server.RaftServerConfigKeys (ConfUtils.java:logGet(43)) - raft.server.log.segment.cache.num.max = 2 (custom)
2019-10-21 19:12:37,242 [pool-52-thread-1] INFO  server.RaftServerConfigKeys (ConfUtils.java:logGet(43)) - raft.server.log.segment.size.max = 1048576 (custom)
2019-10-21 19:12:37,242 [pool-62-thread-1] INFO  segmented.SegmentedRaftLogWorker (SegmentedRaftLogWorker.java:<init>(173)) - new e6a83585-83d0-4616-a3d5-866875ad8a29@group-73E40DF2990B-SegmentedRaftLogWorker for RaftStorage:Storage Directory /workdir/hadoop-ozone/integration-test/target/test-dir/MiniOzoneClusterImpl-e6c2b343-afa6-4e23-b2ea-04dd8acb85ef/datanode-3/data/ratis/d1b6be78-f8a6-4103-b2d1-73e40df2990b
2019-10-21 19:12:37,242 [pool-42-thread-1] INFO  server.RaftServerConfigKeys (ConfUtils.java:logGet(43)) - raft.server.log.write.buffer.size = 33554432 (custom)
2019-10-21 19:12:37,243 [pool-62-thread-1] INFO  server.RaftServerConfigKeys (ConfUtils.java:logGet(43)) - raft.server.log.queue.byte-limit = 2147483647 (custom)
2019-10-21 19:12:37,242 [pool-52-thread-1] INFO  server.RaftServerConfigKeys (ConfUtils.java:logGet(43)) - raft.server.log.segment.cache.num.max = 2 (custom)
2019-10-21 19:12:37,243 [pool-62-thread-1] INFO  server.RaftServerConfigKeys (ConfUtils.java:logGet(43)) - raft.server.log.queue.element-limit = 1024 (custom)
2019-10-21 19:12:37,243 [pool-42-thread-1] INFO  server.RaftServerConfigKeys (ConfUtils.java:logGet(43)) - raft.server.log.force.sync.num = 128 (default)
2019-10-21 19:12:37,243 [pool-62-thread-1] INFO  server.RaftServerConfigKeys (ConfUtils.java:logGet(43)) - raft.server.log.segment.size.max = 1048576 (custom)
2019-10-21 19:12:37,243 [pool-52-thread-1] INFO  segmented.SegmentedRaftLogWorker (SegmentedRaftLogWorker.java:<init>(173)) - new f2627371-a904-4314-a836-5eb8f54559ec@group-73E40DF2990B-SegmentedRaftLogWorker for RaftStorage:Storage Directory /workdir/hadoop-ozone/integration-test/target/test-dir/MiniOzoneClusterImpl-e6c2b343-afa6-4e23-b2ea-04dd8acb85ef/datanode-2/data/ratis/d1b6be78-f8a6-4103-b2d1-73e40df2990b
2019-10-21 19:12:37,244 [pool-62-thread-1] INFO  server.RaftServerConfigKeys (ConfUtils.java:logGet(43)) - raft.server.log.preallocated.size = 16384 (custom)
2019-10-21 19:12:37,243 [pool-42-thread-1] INFO  server.RaftServerConfigKeys (ConfUtils.java:logGet(43)) - raft.server.log.statemachine.data.sync = true (default)
2019-10-21 19:12:37,244 [pool-62-thread-1] INFO  server.RaftServerConfigKeys (ConfUtils.java:logGet(43)) - raft.server.log.write.buffer.size = 33554432 (custom)
2019-10-21 19:12:37,244 [pool-52-thread-1] INFO  server.RaftServerConfigKeys (ConfUtils.java:logGet(43)) - raft.server.log.queue.byte-limit = 2147483647 (custom)
2019-10-21 19:12:37,244 [pool-62-thread-1] INFO  server.RaftServerConfigKeys (ConfUtils.java:logGet(43)) - raft.server.log.force.sync.num = 128 (default)
2019-10-21 19:12:37,244 [pool-42-thread-1] INFO  server.RaftServerConfigKeys (ConfUtils.java:logGet(43)) - raft.server.log.statemachine.data.sync.timeout = 10s (default)
2019-10-21 19:12:37,246 [pool-62-thread-1] INFO  server.RaftServerConfigKeys (ConfUtils.java:logGet(43)) - raft.server.log.statemachine.data.sync = true (default)
2019-10-21 19:12:37,245 [pool-52-thread-1] INFO  server.RaftServerConfigKeys (ConfUtils.java:logGet(43)) - raft.server.log.queue.element-limit = 1024 (custom)
2019-10-21 19:12:37,246 [Thread-214] INFO  impl.FollowerState (FollowerState.java:run(108)) - f2627371-a904-4314-a836-5eb8f54559ec@group-4B5A6913579D-FollowerState: change to CANDIDATE, lastRpcTime:119ms, electionTimeout:119ms
2019-10-21 19:12:37,246 [pool-62-thread-1] INFO  server.RaftServerConfigKeys (ConfUtils.java:logGet(43)) - raft.server.log.statemachine.data.sync.timeout = 10s (default)
2019-10-21 19:12:37,246 [Thread-214] INFO  impl.RoleInfo (RoleInfo.java:shutdownFollowerState(121)) - f2627371-a904-4314-a836-5eb8f54559ec: shutdown FollowerState
2019-10-21 19:12:37,246 [pool-42-thread-1] INFO  server.RaftServerConfigKeys (ConfUtils.java:logGet(43)) - raft.server.log.statemachine.data.sync.timeout.retry = -1 (default)
2019-10-21 19:12:37,247 [Thread-214] INFO  impl.RaftServerImpl (RaftServerImpl.java:setRole(184)) - f2627371-a904-4314-a836-5eb8f54559ec@group-4B5A6913579D: changes role from  FOLLOWER to CANDIDATE at term 0 for changeToCandidate
2019-10-21 19:12:37,246 [pool-62-thread-1] INFO  server.RaftServerConfigKeys (ConfUtils.java:logGet(43)) - raft.server.log.statemachine.data.sync.timeout.retry = -1 (default)
2019-10-21 19:12:37,246 [pool-52-thread-1] INFO  server.RaftServerConfigKeys (ConfUtils.java:logGet(43)) - raft.server.log.segment.size.max = 1048576 (custom)
2019-10-21 19:12:37,247 [Thread-214] INFO  impl.RoleInfo (RoleInfo.java:updateAndGet(143)) - f2627371-a904-4314-a836-5eb8f54559ec: start LeaderElection
2019-10-21 19:12:37,247 [pool-42-thread-1] INFO  server.RaftServerConfigKeys (ConfUtils.java:logGet(43)) - raft.server.log.statemachine.data.caching.enabled = true (custom)
2019-10-21 19:12:37,247 [pool-52-thread-1] INFO  server.RaftServerConfigKeys (ConfUtils.java:logGet(43)) - raft.server.log.preallocated.size = 16384 (custom)
2019-10-21 19:12:37,247 [pool-62-thread-1] INFO  server.RaftServerConfigKeys (ConfUtils.java:logGet(43)) - raft.server.log.statemachine.data.caching.enabled = true (custom)
2019-10-21 19:12:37,250 [pool-42-thread-1] INFO  segmented.SegmentedRaftLogWorker (SegmentedRaftLogWorker.java:lambda$new$0(128)) - 1b813ef4-47a4-4bfc-8eb5-c34ae440adb1@group-73E40DF2990B-SegmentedRaftLogWorker: flushIndex: setUnconditionally 0 -> -1
2019-10-21 19:12:37,250 [pool-52-thread-1] INFO  server.RaftServerConfigKeys (ConfUtils.java:logGet(43)) - raft.server.log.write.buffer.size = 33554432 (custom)
2019-10-21 19:12:37,250 [pool-42-thread-1] INFO  server.RaftServerConfigKeys (ConfUtils.java:logGet(43)) - raft.server.snapshot.auto.trigger.enabled = true (custom)
2019-10-21 19:12:37,250 [pool-62-thread-1] INFO  segmented.SegmentedRaftLogWorker (SegmentedRaftLogWorker.java:lambda$new$0(128)) - e6a83585-83d0-4616-a3d5-866875ad8a29@group-73E40DF2990B-SegmentedRaftLogWorker: flushIndex: setUnconditionally 0 -> -1
2019-10-21 19:12:37,250 [pool-42-thread-1] INFO  server.RaftServerConfigKeys (ConfUtils.java:logGet(43)) - raft.server.snapshot.auto.trigger.threshold = 10000 (custom)
2019-10-21 19:12:37,250 [pool-52-thread-1] INFO  server.RaftServerConfigKeys (ConfUtils.java:logGet(43)) - raft.server.log.force.sync.num = 128 (default)
2019-10-21 19:12:37,251 [pool-62-thread-1] INFO  server.RaftServerConfigKeys (ConfUtils.java:logGet(43)) - raft.server.snapshot.auto.trigger.enabled = true (custom)
2019-10-21 19:12:37,250 [pool-42-thread-1] INFO  server.RaftServerConfigKeys (ConfUtils.java:logGet(43)) - raft.server.snapshot.retention.file.num = 5 (custom)
2019-10-21 19:12:37,251 [pool-62-thread-1] INFO  server.RaftServerConfigKeys (ConfUtils.java:logGet(43)) - raft.server.snapshot.auto.trigger.threshold = 10000 (custom)
2019-10-21 19:12:37,251 [pool-42-thread-1] INFO  server.RaftServerConfigKeys (ConfUtils.java:logGet(43)) - raft.server.retrycache.expirytime = 600000ms (custom)
2019-10-21 19:12:37,251 [pool-52-thread-1] INFO  server.RaftServerConfigKeys (ConfUtils.java:logGet(43)) - raft.server.log.statemachine.data.sync = true (default)
2019-10-21 19:12:37,251 [pool-62-thread-1] INFO  server.RaftServerConfigKeys (ConfUtils.java:logGet(43)) - raft.server.snapshot.retention.file.num = 5 (custom)
2019-10-21 19:12:37,251 [pool-52-thread-1] INFO  server.RaftServerConfigKeys (ConfUtils.java:logGet(43)) - raft.server.log.statemachine.data.sync.timeout = 10s (default)
2019-10-21 19:12:37,252 [pool-62-thread-1] INFO  server.RaftServerConfigKeys (ConfUtils.java:logGet(43)) - raft.server.retrycache.expirytime = 600000ms (custom)
2019-10-21 19:12:37,252 [pool-52-thread-1] INFO  server.RaftServerConfigKeys (ConfUtils.java:logGet(43)) - raft.server.log.statemachine.data.sync.timeout.retry = -1 (default)
2019-10-21 19:12:37,252 [pool-52-thread-1] INFO  server.RaftServerConfigKeys (ConfUtils.java:logGet(43)) - raft.server.log.statemachine.data.caching.enabled = true (custom)
2019-10-21 19:12:37,253 [pool-52-thread-1] INFO  segmented.SegmentedRaftLogWorker (SegmentedRaftLogWorker.java:lambda$new$0(128)) - f2627371-a904-4314-a836-5eb8f54559ec@group-73E40DF2990B-SegmentedRaftLogWorker: flushIndex: setUnconditionally 0 -> -1
2019-10-21 19:12:37,254 [pool-52-thread-1] INFO  server.RaftServerConfigKeys (ConfUtils.java:logGet(43)) - raft.server.snapshot.auto.trigger.enabled = true (custom)
2019-10-21 19:12:37,254 [pool-52-thread-1] INFO  server.RaftServerConfigKeys (ConfUtils.java:logGet(43)) - raft.server.snapshot.auto.trigger.threshold = 10000 (custom)
2019-10-21 19:12:37,255 [pool-52-thread-1] INFO  server.RaftServerConfigKeys (ConfUtils.java:logGet(43)) - raft.server.snapshot.retention.file.num = 5 (custom)
2019-10-21 19:12:37,255 [pool-52-thread-1] INFO  server.RaftServerConfigKeys (ConfUtils.java:logGet(43)) - raft.server.retrycache.expirytime = 600000ms (custom)
2019-10-21 19:12:37,256 [pool-42-thread-1] INFO  impl.RaftServerImpl (RaftServerImpl.java:start(195)) - 1b813ef4-47a4-4bfc-8eb5-c34ae440adb1@group-73E40DF2990B: start as a follower, conf=-1: [e6a83585-83d0-4616-a3d5-866875ad8a29:192.168.34.32:46159, f2627371-a904-4314-a836-5eb8f54559ec:192.168.34.32:33224, 1b813ef4-47a4-4bfc-8eb5-c34ae440adb1:192.168.34.32:36113], old=null
2019-10-21 19:12:37,256 [pool-42-thread-1] INFO  impl.RaftServerImpl (RaftServerImpl.java:setRole(184)) - 1b813ef4-47a4-4bfc-8eb5-c34ae440adb1@group-73E40DF2990B: changes role from      null to FOLLOWER at term 0 for startAsFollower
2019-10-21 19:12:37,256 [pool-42-thread-1] INFO  impl.RoleInfo (RoleInfo.java:updateAndGet(143)) - 1b813ef4-47a4-4bfc-8eb5-c34ae440adb1: start FollowerState
2019-10-21 19:12:37,256 [pool-62-thread-1] INFO  impl.RaftServerImpl (RaftServerImpl.java:start(195)) - e6a83585-83d0-4616-a3d5-866875ad8a29@group-73E40DF2990B: start as a follower, conf=-1: [e6a83585-83d0-4616-a3d5-866875ad8a29:192.168.34.32:46159, f2627371-a904-4314-a836-5eb8f54559ec:192.168.34.32:33224, 1b813ef4-47a4-4bfc-8eb5-c34ae440adb1:192.168.34.32:36113], old=null
2019-10-21 19:12:37,256 [pool-62-thread-1] INFO  impl.RaftServerImpl (RaftServerImpl.java:setRole(184)) - e6a83585-83d0-4616-a3d5-866875ad8a29@group-73E40DF2990B: changes role from      null to FOLLOWER at term 0 for startAsFollower
2019-10-21 19:12:37,257 [pool-62-thread-1] INFO  impl.RoleInfo (RoleInfo.java:updateAndGet(143)) - e6a83585-83d0-4616-a3d5-866875ad8a29: start FollowerState
2019-10-21 19:12:37,257 [pool-42-thread-1] INFO  util.JmxRegister (JmxRegister.java:tryRegister(44)) - Successfully registered JMX Bean with object name Ratis:service=RaftServer,group=group-73E40DF2990B,id=1b813ef4-47a4-4bfc-8eb5-c34ae440adb1
2019-10-21 19:12:37,257 [pool-62-thread-1] INFO  util.JmxRegister (JmxRegister.java:tryRegister(44)) - Successfully registered JMX Bean with object name Ratis:service=RaftServer,group=group-73E40DF2990B,id=e6a83585-83d0-4616-a3d5-866875ad8a29
2019-10-21 19:12:37,262 [pool-52-thread-1] INFO  impl.RaftServerImpl (RaftServerImpl.java:start(195)) - f2627371-a904-4314-a836-5eb8f54559ec@group-73E40DF2990B: start as a follower, conf=-1: [e6a83585-83d0-4616-a3d5-866875ad8a29:192.168.34.32:46159, f2627371-a904-4314-a836-5eb8f54559ec:192.168.34.32:33224, 1b813ef4-47a4-4bfc-8eb5-c34ae440adb1:192.168.34.32:36113], old=null
2019-10-21 19:12:37,262 [pool-52-thread-1] INFO  impl.RaftServerImpl (RaftServerImpl.java:setRole(184)) - f2627371-a904-4314-a836-5eb8f54559ec@group-73E40DF2990B: changes role from      null to FOLLOWER at term 0 for startAsFollower
2019-10-21 19:12:37,263 [pool-52-thread-1] INFO  impl.RoleInfo (RoleInfo.java:updateAndGet(143)) - f2627371-a904-4314-a836-5eb8f54559ec: start FollowerState
2019-10-21 19:12:37,263 [f2627371-a904-4314-a836-5eb8f54559ec@group-4B5A6913579D-LeaderElection5] INFO  impl.LeaderElection (LeaderElection.java:askForVotes(178)) - f2627371-a904-4314-a836-5eb8f54559ec@group-4B5A6913579D-LeaderElection5: begin an election at term 1 for -1: [f2627371-a904-4314-a836-5eb8f54559ec:192.168.34.32:33224], old=null
2019-10-21 19:12:37,263 [f2627371-a904-4314-a836-5eb8f54559ec@group-4B5A6913579D-LeaderElection5] INFO  impl.RoleInfo (RoleInfo.java:shutdownLeaderElection(134)) - f2627371-a904-4314-a836-5eb8f54559ec: shutdown LeaderElection
2019-10-21 19:12:37,263 [pool-52-thread-1] INFO  util.JmxRegister (JmxRegister.java:tryRegister(44)) - Successfully registered JMX Bean with object name Ratis:service=RaftServer,group=group-73E40DF2990B,id=f2627371-a904-4314-a836-5eb8f54559ec
2019-10-21 19:12:37,263 [f2627371-a904-4314-a836-5eb8f54559ec@group-4B5A6913579D-LeaderElection5] INFO  impl.RaftServerImpl (RaftServerImpl.java:setRole(184)) - f2627371-a904-4314-a836-5eb8f54559ec@group-4B5A6913579D: changes role from CANDIDATE to LEADER at term 1 for changeToLeader
2019-10-21 19:12:37,265 [f2627371-a904-4314-a836-5eb8f54559ec@group-4B5A6913579D-LeaderElection5] INFO  impl.RaftServerImpl (ServerState.java:setLeader(256)) - f2627371-a904-4314-a836-5eb8f54559ec@group-4B5A6913579D: change Leader from null to f2627371-a904-4314-a836-5eb8f54559ec at term 1 for becomeLeader, leader elected after 153ms
2019-10-21 19:12:37,266 [f2627371-a904-4314-a836-5eb8f54559ec@group-4B5A6913579D-LeaderElection5] INFO  server.RaftServerConfigKeys (ConfUtils.java:logGet(43)) - raft.server.staging.catchup.gap = 1000 (default)
2019-10-21 19:12:37,267 [f2627371-a904-4314-a836-5eb8f54559ec@group-4B5A6913579D-LeaderElection5] INFO  server.RaftServerConfigKeys (ConfUtils.java:logGet(43)) - raft.server.rpc.sleep.time = 25ms (default)
2019-10-21 19:12:37,269 [f2627371-a904-4314-a836-5eb8f54559ec@group-4B5A6913579D-LeaderElection5] INFO  server.RaftServerConfigKeys (ConfUtils.java:logGet(43)) - raft.server.write.element-limit = 4096 (default)
2019-10-21 19:12:37,269 [f2627371-a904-4314-a836-5eb8f54559ec@group-4B5A6913579D-LeaderElection5] INFO  server.RaftServerConfigKeys (ConfUtils.java:logGet(43)) - raft.server.watch.timeout = 10s (default)
2019-10-21 19:12:37,269 [f2627371-a904-4314-a836-5eb8f54559ec@group-4B5A6913579D-LeaderElection5] INFO  server.RaftServerConfigKeys (ConfUtils.java:logGet(43)) - raft.server.watch.timeout.denomination = 1s (default)
2019-10-21 19:12:37,270 [f2627371-a904-4314-a836-5eb8f54559ec@group-4B5A6913579D-LeaderElection5] INFO  server.RaftServerConfigKeys (ConfUtils.java:logGet(43)) - raft.server.watch.element-limit = 65536 (default)
2019-10-21 19:12:37,280 [f2627371-a904-4314-a836-5eb8f54559ec@group-4B5A6913579D-LeaderElection5] INFO  impl.RoleInfo (RoleInfo.java:updateAndGet(143)) - f2627371-a904-4314-a836-5eb8f54559ec: start LeaderState
2019-10-21 19:12:37,280 [f2627371-a904-4314-a836-5eb8f54559ec@group-4B5A6913579D-LeaderElection5] INFO  segmented.SegmentedRaftLogWorker (SegmentedRaftLogWorker.java:startLogSegment(385)) - f2627371-a904-4314-a836-5eb8f54559ec@group-4B5A6913579D-SegmentedRaftLogWorker: Starting segment from index:0
2019-10-21 19:12:37,281 [f2627371-a904-4314-a836-5eb8f54559ec@group-4B5A6913579D-LeaderElection5] INFO  impl.RaftServerImpl (ServerState.java:setRaftConf(357)) - f2627371-a904-4314-a836-5eb8f54559ec@group-4B5A6913579D: set configuration 0: [f2627371-a904-4314-a836-5eb8f54559ec:192.168.34.32:33224], old=null at 0
2019-10-21 19:12:37,282 [Thread-224] INFO  impl.FollowerState (FollowerState.java:run(108)) - f2627371-a904-4314-a836-5eb8f54559ec@group-73E40DF2990B-FollowerState: change to CANDIDATE, lastRpcTime:19ms, electionTimeout:19ms
2019-10-21 19:12:37,310 [Thread-222] INFO  impl.FollowerState (FollowerState.java:run(108)) - 1b813ef4-47a4-4bfc-8eb5-c34ae440adb1@group-73E40DF2990B-FollowerState: change to CANDIDATE, lastRpcTime:53ms, electionTimeout:44ms
2019-10-21 19:12:37,310 [Thread-224] INFO  impl.RoleInfo (RoleInfo.java:shutdownFollowerState(121)) - f2627371-a904-4314-a836-5eb8f54559ec: shutdown FollowerState
2019-10-21 19:12:37,310 [Thread-222] INFO  impl.RoleInfo (RoleInfo.java:shutdownFollowerState(121)) - 1b813ef4-47a4-4bfc-8eb5-c34ae440adb1: shutdown FollowerState
2019-10-21 19:12:37,311 [Thread-224] INFO  impl.RaftServerImpl (RaftServerImpl.java:setRole(184)) - f2627371-a904-4314-a836-5eb8f54559ec@group-73E40DF2990B: changes role from  FOLLOWER to CANDIDATE at term 0 for changeToCandidate
2019-10-21 19:12:37,311 [Thread-222] INFO  impl.RaftServerImpl (RaftServerImpl.java:setRole(184)) - 1b813ef4-47a4-4bfc-8eb5-c34ae440adb1@group-73E40DF2990B: changes role from  FOLLOWER to CANDIDATE at term 0 for changeToCandidate
2019-10-21 19:12:37,314 [Thread-224] INFO  impl.RoleInfo (RoleInfo.java:updateAndGet(143)) - f2627371-a904-4314-a836-5eb8f54559ec: start LeaderElection
2019-10-21 19:12:37,314 [Thread-222] INFO  impl.RoleInfo (RoleInfo.java:updateAndGet(143)) - 1b813ef4-47a4-4bfc-8eb5-c34ae440adb1: start LeaderElection
2019-10-21 19:12:37,318 [Thread-223] INFO  impl.FollowerState (FollowerState.java:run(108)) - e6a83585-83d0-4616-a3d5-866875ad8a29@group-73E40DF2990B-FollowerState: change to CANDIDATE, lastRpcTime:58ms, electionTimeout:58ms
2019-10-21 19:12:37,318 [Thread-223] INFO  impl.RoleInfo (RoleInfo.java:shutdownFollowerState(121)) - e6a83585-83d0-4616-a3d5-866875ad8a29: shutdown FollowerState
2019-10-21 19:12:37,318 [Thread-223] INFO  impl.RaftServerImpl (RaftServerImpl.java:setRole(184)) - e6a83585-83d0-4616-a3d5-866875ad8a29@group-73E40DF2990B: changes role from  FOLLOWER to CANDIDATE at term 0 for changeToCandidate
2019-10-21 19:12:37,320 [Thread-223] INFO  impl.RoleInfo (RoleInfo.java:updateAndGet(143)) - e6a83585-83d0-4616-a3d5-866875ad8a29: start LeaderElection
2019-10-21 19:12:37,322 [RatisPipelineUtilsThread] INFO  pipeline.PipelineStateManager (PipelineStateManager.java:addPipeline(56)) - Created pipeline Pipeline[ Id: d1b6be78-f8a6-4103-b2d1-73e40df2990b, Nodes: e6a83585-83d0-4616-a3d5-866875ad8a29{ip: 192.168.34.32, host: pr-hdds-2320-master-mmr2t-3035452747, networkLocation: /rack1, certSerialId: null}1b813ef4-47a4-4bfc-8eb5-c34ae440adb1{ip: 192.168.34.32, host: pr-hdds-2320-master-mmr2t-3035452747, networkLocation: /rack1, certSerialId: null}f2627371-a904-4314-a836-5eb8f54559ec{ip: 192.168.34.32, host: pr-hdds-2320-master-mmr2t-3035452747, networkLocation: /rack1, certSerialId: null}, Type:RATIS, Factor:THREE, State:OPEN]
2019-10-21 19:12:37,324 [f2627371-a904-4314-a836-5eb8f54559ec@group-73E40DF2990B-LeaderElection6] INFO  impl.LeaderElection (LeaderElection.java:askForVotes(178)) - f2627371-a904-4314-a836-5eb8f54559ec@group-73E40DF2990B-LeaderElection6: begin an election at term 1 for -1: [e6a83585-83d0-4616-a3d5-866875ad8a29:192.168.34.32:46159, f2627371-a904-4314-a836-5eb8f54559ec:192.168.34.32:33224, 1b813ef4-47a4-4bfc-8eb5-c34ae440adb1:192.168.34.32:36113], old=null
2019-10-21 19:12:37,324 [f2627371-a904-4314-a836-5eb8f54559ec@group-4B5A6913579D-SegmentedRaftLogWorker] INFO  segmented.SegmentedRaftLogWorker (SegmentedRaftLogWorker.java:execute(576)) - f2627371-a904-4314-a836-5eb8f54559ec@group-4B5A6913579D-SegmentedRaftLogWorker: created new log segment /workdir/hadoop-ozone/integration-test/target/test-dir/MiniOzoneClusterImpl-e6c2b343-afa6-4e23-b2ea-04dd8acb85ef/datanode-2/data/ratis/f45dffeb-0ef0-4095-a324-4b5a6913579d/current/log_inprogress_0
2019-10-21 19:12:37,324 [1b813ef4-47a4-4bfc-8eb5-c34ae440adb1@group-73E40DF2990B-LeaderElection7] INFO  impl.LeaderElection (LeaderElection.java:askForVotes(178)) - 1b813ef4-47a4-4bfc-8eb5-c34ae440adb1@group-73E40DF2990B-LeaderElection7: begin an election at term 1 for -1: [e6a83585-83d0-4616-a3d5-866875ad8a29:192.168.34.32:46159, f2627371-a904-4314-a836-5eb8f54559ec:192.168.34.32:33224, 1b813ef4-47a4-4bfc-8eb5-c34ae440adb1:192.168.34.32:36113], old=null
2019-10-21 19:12:37,325 [e6a83585-83d0-4616-a3d5-866875ad8a29@group-73E40DF2990B-LeaderElection8] INFO  impl.LeaderElection (LeaderElection.java:askForVotes(178)) - e6a83585-83d0-4616-a3d5-866875ad8a29@group-73E40DF2990B-LeaderElection8: begin an election at term 1 for -1: [e6a83585-83d0-4616-a3d5-866875ad8a29:192.168.34.32:46159, f2627371-a904-4314-a836-5eb8f54559ec:192.168.34.32:33224, 1b813ef4-47a4-4bfc-8eb5-c34ae440adb1:192.168.34.32:36113], old=null
2019-10-21 19:12:37,344 [e6a83585-83d0-4616-a3d5-866875ad8a29@group-73E40DF2990B-LeaderElection8] INFO  impl.LeaderElection (LeaderElection.java:logAndReturn(56)) - e6a83585-83d0-4616-a3d5-866875ad8a29@group-73E40DF2990B-LeaderElection8: Election TIMEOUT; received 0 response(s) [] and 0 exception(s); e6a83585-83d0-4616-a3d5-866875ad8a29@group-73E40DF2990B:t1, leader=null, voted=e6a83585-83d0-4616-a3d5-866875ad8a29, raftlog=e6a83585-83d0-4616-a3d5-866875ad8a29@group-73E40DF2990B-SegmentedRaftLog:OPENED:c-1,f-1,i0, conf=-1: [e6a83585-83d0-4616-a3d5-866875ad8a29:192.168.34.32:46159, f2627371-a904-4314-a836-5eb8f54559ec:192.168.34.32:33224, 1b813ef4-47a4-4bfc-8eb5-c34ae440adb1:192.168.34.32:36113], old=null
2019-10-21 19:12:37,359 [e6a83585-83d0-4616-a3d5-866875ad8a29@group-73E40DF2990B-LeaderElection8] INFO  impl.LeaderElection (LeaderElection.java:askForVotes(178)) - e6a83585-83d0-4616-a3d5-866875ad8a29@group-73E40DF2990B-LeaderElection8: begin an election at term 2 for -1: [e6a83585-83d0-4616-a3d5-866875ad8a29:192.168.34.32:46159, f2627371-a904-4314-a836-5eb8f54559ec:192.168.34.32:33224, 1b813ef4-47a4-4bfc-8eb5-c34ae440adb1:192.168.34.32:36113], old=null
2019-10-21 19:12:37,374 [1b813ef4-47a4-4bfc-8eb5-c34ae440adb1@group-73E40DF2990B-LeaderElection7] INFO  impl.LeaderElection (LeaderElection.java:logAndReturn(56)) - 1b813ef4-47a4-4bfc-8eb5-c34ae440adb1@group-73E40DF2990B-LeaderElection7: Election DISCOVERED_A_NEW_TERM; received 2 response(s) [1b813ef4-47a4-4bfc-8eb5-c34ae440adb1<-e6a83585-83d0-4616-a3d5-866875ad8a29#0:FAIL-t2, 1b813ef4-47a4-4bfc-8eb5-c34ae440adb1<-f2627371-a904-4314-a836-5eb8f54559ec#0:FAIL-t1] and 0 exception(s); 1b813ef4-47a4-4bfc-8eb5-c34ae440adb1@group-73E40DF2990B:t1, leader=null, voted=1b813ef4-47a4-4bfc-8eb5-c34ae440adb1, raftlog=1b813ef4-47a4-4bfc-8eb5-c34ae440adb1@group-73E40DF2990B-SegmentedRaftLog:OPENED:c-1,f-1,i0, conf=-1: [e6a83585-83d0-4616-a3d5-866875ad8a29:192.168.34.32:46159, f2627371-a904-4314-a836-5eb8f54559ec:192.168.34.32:33224, 1b813ef4-47a4-4bfc-8eb5-c34ae440adb1:192.168.34.32:36113], old=null
2019-10-21 19:12:37,377 [1b813ef4-47a4-4bfc-8eb5-c34ae440adb1@group-73E40DF2990B-LeaderElection7] INFO  impl.RaftServerImpl (RaftServerImpl.java:setRole(184)) - 1b813ef4-47a4-4bfc-8eb5-c34ae440adb1@group-73E40DF2990B: changes role from CANDIDATE to FOLLOWER at term 2 for DISCOVERED_A_NEW_TERM
2019-10-21 19:12:37,377 [1b813ef4-47a4-4bfc-8eb5-c34ae440adb1@group-73E40DF2990B-LeaderElection7] INFO  impl.RoleInfo (RoleInfo.java:shutdownLeaderElection(134)) - 1b813ef4-47a4-4bfc-8eb5-c34ae440adb1: shutdown LeaderElection
2019-10-21 19:12:37,378 [grpc-default-executor-1] INFO  impl.RaftServerImpl (RaftServerImpl.java:setRole(184)) - f2627371-a904-4314-a836-5eb8f54559ec@group-73E40DF2990B: changes role from CANDIDATE to FOLLOWER at term 2 for recognizeCandidate:e6a83585-83d0-4616-a3d5-866875ad8a29
2019-10-21 19:12:37,379 [1b813ef4-47a4-4bfc-8eb5-c34ae440adb1@group-73E40DF2990B-LeaderElection7] INFO  impl.RoleInfo (RoleInfo.java:updateAndGet(143)) - 1b813ef4-47a4-4bfc-8eb5-c34ae440adb1: start FollowerState
2019-10-21 19:12:37,379 [grpc-default-executor-1] INFO  impl.RoleInfo (RoleInfo.java:shutdownLeaderElection(134)) - f2627371-a904-4314-a836-5eb8f54559ec: shutdown LeaderElection
2019-10-21 19:12:37,379 [f2627371-a904-4314-a836-5eb8f54559ec@group-73E40DF2990B-LeaderElection6] INFO  impl.LeaderElection (LeaderElection.java:logAndReturn(56)) - f2627371-a904-4314-a836-5eb8f54559ec@group-73E40DF2990B-LeaderElection6: Election DISCOVERED_A_NEW_TERM; received 2 response(s) [f2627371-a904-4314-a836-5eb8f54559ec<-e6a83585-83d0-4616-a3d5-866875ad8a29#0:FAIL-t2, f2627371-a904-4314-a836-5eb8f54559ec<-1b813ef4-47a4-4bfc-8eb5-c34ae440adb1#0:FAIL-t1] and 0 exception(s); f2627371-a904-4314-a836-5eb8f54559ec@group-73E40DF2990B:t2, leader=null, voted=null, raftlog=f2627371-a904-4314-a836-5eb8f54559ec@group-73E40DF2990B-SegmentedRaftLog:OPENED:c-1,f-1,i0, conf=-1: [e6a83585-83d0-4616-a3d5-866875ad8a29:192.168.34.32:46159, f2627371-a904-4314-a836-5eb8f54559ec:192.168.34.32:33224, 1b813ef4-47a4-4bfc-8eb5-c34ae440adb1:192.168.34.32:36113], old=null
2019-10-21 19:12:37,379 [grpc-default-executor-1] INFO  impl.RoleInfo (RoleInfo.java:updateAndGet(143)) - f2627371-a904-4314-a836-5eb8f54559ec: start FollowerState
2019-10-21 19:12:37,393 [grpc-default-executor-0] INFO  impl.RaftServerImpl (RaftServerImpl.java:setRole(184)) - 1b813ef4-47a4-4bfc-8eb5-c34ae440adb1@group-73E40DF2990B: changes role from  FOLLOWER to FOLLOWER at term 2 for recognizeCandidate:e6a83585-83d0-4616-a3d5-866875ad8a29
2019-10-21 19:12:37,395 [grpc-default-executor-0] INFO  impl.RoleInfo (RoleInfo.java:shutdownFollowerState(121)) - 1b813ef4-47a4-4bfc-8eb5-c34ae440adb1: shutdown FollowerState
2019-10-21 19:12:37,395 [Thread-240] INFO  impl.FollowerState (FollowerState.java:run(117)) - 1b813ef4-47a4-4bfc-8eb5-c34ae440adb1@group-73E40DF2990B-FollowerState was interrupted: java.lang.InterruptedException: sleep interrupted
2019-10-21 19:12:37,395 [grpc-default-executor-0] INFO  impl.RoleInfo (RoleInfo.java:updateAndGet(143)) - 1b813ef4-47a4-4bfc-8eb5-c34ae440adb1: start FollowerState
2019-10-21 19:12:37,411 [Thread-242] INFO  impl.FollowerState (FollowerState.java:run(108)) - 1b813ef4-47a4-4bfc-8eb5-c34ae440adb1@group-73E40DF2990B-FollowerState: change to CANDIDATE, lastRpcTime:16ms, electionTimeout:3ms
2019-10-21 19:12:37,412 [Thread-242] INFO  impl.RoleInfo (RoleInfo.java:shutdownFollowerState(121)) - 1b813ef4-47a4-4bfc-8eb5-c34ae440adb1: shutdown FollowerState
2019-10-21 19:12:37,412 [Thread-242] INFO  impl.RaftServerImpl (RaftServerImpl.java:setRole(184)) - 1b813ef4-47a4-4bfc-8eb5-c34ae440adb1@group-73E40DF2990B: changes role from  FOLLOWER to CANDIDATE at term 2 for changeToCandidate
2019-10-21 19:12:37,412 [Thread-242] INFO  impl.RoleInfo (RoleInfo.java:updateAndGet(143)) - 1b813ef4-47a4-4bfc-8eb5-c34ae440adb1: start LeaderElection
2019-10-21 19:12:37,415 [e6a83585-83d0-4616-a3d5-866875ad8a29@group-73E40DF2990B-LeaderElection8] INFO  impl.LeaderElection (LeaderElection.java:logAndReturn(56)) - e6a83585-83d0-4616-a3d5-866875ad8a29@group-73E40DF2990B-LeaderElection8: Election PASSED; received 2 response(s) [e6a83585-83d0-4616-a3d5-866875ad8a29<-f2627371-a904-4314-a836-5eb8f54559ec#0:FAIL-t2, e6a83585-83d0-4616-a3d5-866875ad8a29<-1b813ef4-47a4-4bfc-8eb5-c34ae440adb1#0:OK-t2] and 0 exception(s); e6a83585-83d0-4616-a3d5-866875ad8a29@group-73E40DF2990B:t2, leader=null, voted=e6a83585-83d0-4616-a3d5-866875ad8a29, raftlog=e6a83585-83d0-4616-a3d5-866875ad8a29@group-73E40DF2990B-SegmentedRaftLog:OPENED:c-1,f-1,i0, conf=-1: [e6a83585-83d0-4616-a3d5-866875ad8a29:192.168.34.32:46159, f2627371-a904-4314-a836-5eb8f54559ec:192.168.34.32:33224, 1b813ef4-47a4-4bfc-8eb5-c34ae440adb1:192.168.34.32:36113], old=null
2019-10-21 19:12:37,416 [e6a83585-83d0-4616-a3d5-866875ad8a29@group-73E40DF2990B-LeaderElection8] INFO  impl.RoleInfo (RoleInfo.java:shutdownLeaderElection(134)) - e6a83585-83d0-4616-a3d5-866875ad8a29: shutdown LeaderElection
2019-10-21 19:12:37,416 [e6a83585-83d0-4616-a3d5-866875ad8a29@group-73E40DF2990B-LeaderElection8] INFO  impl.RaftServerImpl (RaftServerImpl.java:setRole(184)) - e6a83585-83d0-4616-a3d5-866875ad8a29@group-73E40DF2990B: changes role from CANDIDATE to LEADER at term 2 for changeToLeader
2019-10-21 19:12:37,416 [e6a83585-83d0-4616-a3d5-866875ad8a29@group-73E40DF2990B-LeaderElection8] INFO  impl.RaftServerImpl (ServerState.java:setLeader(256)) - e6a83585-83d0-4616-a3d5-866875ad8a29@group-73E40DF2990B: change Leader from null to e6a83585-83d0-4616-a3d5-866875ad8a29 at term 2 for becomeLeader, leader elected after 177ms
2019-10-21 19:12:37,417 [e6a83585-83d0-4616-a3d5-866875ad8a29@group-73E40DF2990B-LeaderElection8] INFO  server.RaftServerConfigKeys (ConfUtils.java:logGet(43)) - raft.server.staging.catchup.gap = 1000 (default)
2019-10-21 19:12:37,417 [e6a83585-83d0-4616-a3d5-866875ad8a29@group-73E40DF2990B-LeaderElection8] INFO  server.RaftServerConfigKeys (ConfUtils.java:logGet(43)) - raft.server.rpc.sleep.time = 25ms (default)
2019-10-21 19:12:37,417 [e6a83585-83d0-4616-a3d5-866875ad8a29@group-73E40DF2990B-LeaderElection8] INFO  server.RaftServerConfigKeys (ConfUtils.java:logGet(43)) - raft.server.write.element-limit = 4096 (default)
2019-10-21 19:12:37,417 [e6a83585-83d0-4616-a3d5-866875ad8a29@group-73E40DF2990B-LeaderElection8] INFO  server.RaftServerConfigKeys (ConfUtils.java:logGet(43)) - raft.server.watch.timeout = 10s (default)
2019-10-21 19:12:37,417 [e6a83585-83d0-4616-a3d5-866875ad8a29@group-73E40DF2990B-LeaderElection8] INFO  server.RaftServerConfigKeys (ConfUtils.java:logGet(43)) - raft.server.watch.timeout.denomination = 1s (default)
2019-10-21 19:12:37,418 [e6a83585-83d0-4616-a3d5-866875ad8a29@group-73E40DF2990B-LeaderElection8] INFO  server.RaftServerConfigKeys (ConfUtils.java:logGet(43)) - raft.server.watch.element-limit = 65536 (default)
2019-10-21 19:12:37,425 [e6a83585-83d0-4616-a3d5-866875ad8a29@group-73E40DF2990B-LeaderElection8] INFO  server.RaftServerConfigKeys (ConfUtils.java:logGet(43)) - raft.server.log.appender.snapshot.chunk.size.max = 16MB (=16777216) (default)
2019-10-21 19:12:37,425 [e6a83585-83d0-4616-a3d5-866875ad8a29@group-73E40DF2990B-LeaderElection8] INFO  server.RaftServerConfigKeys (ConfUtils.java:logGet(43)) - raft.server.log.appender.buffer.byte-limit = 33554432 (custom)
2019-10-21 19:12:37,426 [e6a83585-83d0-4616-a3d5-866875ad8a29@group-73E40DF2990B-LeaderElection8] INFO  server.RaftServerConfigKeys (ConfUtils.java:logGet(43)) - raft.server.log.appender.buffer.element-limit = 1 (custom)
2019-10-21 19:12:37,427 [1b813ef4-47a4-4bfc-8eb5-c34ae440adb1@group-73E40DF2990B-LeaderElection9] INFO  impl.LeaderElection (LeaderElection.java:askForVotes(178)) - 1b813ef4-47a4-4bfc-8eb5-c34ae440adb1@group-73E40DF2990B-LeaderElection9: begin an election at term 3 for -1: [e6a83585-83d0-4616-a3d5-866875ad8a29:192.168.34.32:46159, f2627371-a904-4314-a836-5eb8f54559ec:192.168.34.32:33224, 1b813ef4-47a4-4bfc-8eb5-c34ae440adb1:192.168.34.32:36113], old=null
2019-10-21 19:12:37,433 [grpc-default-executor-0] INFO  impl.RaftServerImpl (RaftServerImpl.java:setRole(184)) - f2627371-a904-4314-a836-5eb8f54559ec@group-73E40DF2990B: changes role from  FOLLOWER to FOLLOWER at term 3 for recognizeCandidate:1b813ef4-47a4-4bfc-8eb5-c34ae440adb1
2019-10-21 19:12:37,433 [grpc-default-executor-0] INFO  impl.RoleInfo (RoleInfo.java:shutdownFollowerState(121)) - f2627371-a904-4314-a836-5eb8f54559ec: shutdown FollowerState
2019-10-21 19:12:37,433 [grpc-default-executor-0] INFO  impl.RoleInfo (RoleInfo.java:updateAndGet(143)) - f2627371-a904-4314-a836-5eb8f54559ec: start FollowerState
2019-10-21 19:12:37,433 [Thread-241] INFO  impl.FollowerState (FollowerState.java:run(117)) - f2627371-a904-4314-a836-5eb8f54559ec@group-73E40DF2990B-FollowerState was interrupted: java.lang.InterruptedException: sleep interrupted
2019-10-21 19:12:37,433 [e6a83585-83d0-4616-a3d5-866875ad8a29@group-73E40DF2990B-LeaderElection8] INFO  grpc.GrpcConfigKeys$Server (ConfUtils.java:logGet(43)) - raft.grpc.server.leader.outstanding.appends.max = 128 (default)
2019-10-21 19:12:37,435 [e6a83585-83d0-4616-a3d5-866875ad8a29@group-73E40DF2990B-LeaderElection8] INFO  server.RaftServerConfigKeys (ConfUtils.java:logGet(43)) - raft.server.rpc.request.timeout = 3000ms (default)
2019-10-21 19:12:37,435 [e6a83585-83d0-4616-a3d5-866875ad8a29@group-73E40DF2990B-LeaderElection8] INFO  server.RaftServerConfigKeys (ConfUtils.java:logGet(43)) - raft.server.log.appender.install.snapshot.enabled = false (custom)
2019-10-21 19:12:37,438 [Thread-248] INFO  impl.FollowerState (FollowerState.java:run(108)) - f2627371-a904-4314-a836-5eb8f54559ec@group-73E40DF2990B-FollowerState: change to CANDIDATE, lastRpcTime:4ms, electionTimeout:2ms
2019-10-21 19:12:37,438 [Thread-248] INFO  impl.RoleInfo (RoleInfo.java:shutdownFollowerState(121)) - f2627371-a904-4314-a836-5eb8f54559ec: shutdown FollowerState
2019-10-21 19:12:37,438 [Thread-248] INFO  impl.RaftServerImpl (RaftServerImpl.java:setRole(184)) - f2627371-a904-4314-a836-5eb8f54559ec@group-73E40DF2990B: changes role from  FOLLOWER to CANDIDATE at term 3 for changeToCandidate
2019-10-21 19:12:37,438 [Thread-248] INFO  impl.RoleInfo (RoleInfo.java:updateAndGet(143)) - f2627371-a904-4314-a836-5eb8f54559ec: start LeaderElection
2019-10-21 19:12:37,442 [1b813ef4-47a4-4bfc-8eb5-c34ae440adb1@group-73E40DF2990B-LeaderElection9] INFO  impl.LeaderElection (LeaderElection.java:logAndReturn(56)) - 1b813ef4-47a4-4bfc-8eb5-c34ae440adb1@group-73E40DF2990B-LeaderElection9: Election PASSED; received 1 response(s) [1b813ef4-47a4-4bfc-8eb5-c34ae440adb1<-f2627371-a904-4314-a836-5eb8f54559ec#0:OK-t3] and 0 exception(s); 1b813ef4-47a4-4bfc-8eb5-c34ae440adb1@group-73E40DF2990B:t3, leader=null, voted=1b813ef4-47a4-4bfc-8eb5-c34ae440adb1, raftlog=1b813ef4-47a4-4bfc-8eb5-c34ae440adb1@group-73E40DF2990B-SegmentedRaftLog:OPENED:c-1,f-1,i0, conf=-1: [e6a83585-83d0-4616-a3d5-866875ad8a29:192.168.34.32:46159, f2627371-a904-4314-a836-5eb8f54559ec:192.168.34.32:33224, 1b813ef4-47a4-4bfc-8eb5-c34ae440adb1:192.168.34.32:36113], old=null
2019-10-21 19:12:37,442 [1b813ef4-47a4-4bfc-8eb5-c34ae440adb1@group-73E40DF2990B-LeaderElection9] INFO  impl.RoleInfo (RoleInfo.java:shutdownLeaderElection(134)) - 1b813ef4-47a4-4bfc-8eb5-c34ae440adb1: shutdown LeaderElection
2019-10-21 19:12:37,443 [f2627371-a904-4314-a836-5eb8f54559ec@group-73E40DF2990B-LeaderElection10] INFO  impl.LeaderElection (LeaderElection.java:askForVotes(178)) - f2627371-a904-4314-a836-5eb8f54559ec@group-73E40DF2990B-LeaderElection10: begin an election at term 4 for -1: [e6a83585-83d0-4616-a3d5-866875ad8a29:192.168.34.32:46159, f2627371-a904-4314-a836-5eb8f54559ec:192.168.34.32:33224, 1b813ef4-47a4-4bfc-8eb5-c34ae440adb1:192.168.34.32:36113], old=null
2019-10-21 19:12:37,443 [1b813ef4-47a4-4bfc-8eb5-c34ae440adb1@group-73E40DF2990B-LeaderElection9] INFO  impl.RaftServerImpl (RaftServerImpl.java:setRole(184)) - 1b813ef4-47a4-4bfc-8eb5-c34ae440adb1@group-73E40DF2990B: changes role from CANDIDATE to LEADER at term 3 for changeToLeader
2019-10-21 19:12:37,444 [1b813ef4-47a4-4bfc-8eb5-c34ae440adb1@group-73E40DF2990B-LeaderElection9] INFO  impl.RaftServerImpl (ServerState.java:setLeader(256)) - 1b813ef4-47a4-4bfc-8eb5-c34ae440adb1@group-73E40DF2990B: change Leader from null to 1b813ef4-47a4-4bfc-8eb5-c34ae440adb1 at term 3 for becomeLeader, leader elected after 205ms
2019-10-21 19:12:37,445 [1b813ef4-47a4-4bfc-8eb5-c34ae440adb1@group-73E40DF2990B-LeaderElection9] INFO  server.RaftServerConfigKeys (ConfUtils.java:logGet(43)) - raft.server.staging.catchup.gap = 1000 (default)
2019-10-21 19:12:37,445 [1b813ef4-47a4-4bfc-8eb5-c34ae440adb1@group-73E40DF2990B-LeaderElection9] INFO  server.RaftServerConfigKeys (ConfUtils.java:logGet(43)) - raft.server.rpc.sleep.time = 25ms (default)
2019-10-21 19:12:37,445 [1b813ef4-47a4-4bfc-8eb5-c34ae440adb1@group-73E40DF2990B-LeaderElection9] INFO  server.RaftServerConfigKeys (ConfUtils.java:logGet(43)) - raft.server.write.element-limit = 4096 (default)
2019-10-21 19:12:37,445 [1b813ef4-47a4-4bfc-8eb5-c34ae440adb1@group-73E40DF2990B-LeaderElection9] INFO  server.RaftServerConfigKeys (ConfUtils.java:logGet(43)) - raft.server.watch.timeout = 10s (default)
2019-10-21 19:12:37,446 [e6a83585-83d0-4616-a3d5-866875ad8a29@group-73E40DF2990B-LeaderElection8] INFO  server.RaftServerConfigKeys (ConfUtils.java:logGet(43)) - raft.server.log.appender.snapshot.chunk.size.max = 16MB (=16777216) (default)
2019-10-21 19:12:37,446 [1b813ef4-47a4-4bfc-8eb5-c34ae440adb1@group-73E40DF2990B-LeaderElection9] INFO  server.RaftServerConfigKeys (ConfUtils.java:logGet(43)) - raft.server.watch.timeout.denomination = 1s (default)
2019-10-21 19:12:37,446 [e6a83585-83d0-4616-a3d5-866875ad8a29@group-73E40DF2990B-LeaderElection8] INFO  server.RaftServerConfigKeys (ConfUtils.java:logGet(43)) - raft.server.log.appender.buffer.byte-limit = 33554432 (custom)
2019-10-21 19:12:37,446 [1b813ef4-47a4-4bfc-8eb5-c34ae440adb1@group-73E40DF2990B-LeaderElection9] INFO  server.RaftServerConfigKeys (ConfUtils.java:logGet(43)) - raft.server.watch.element-limit = 65536 (default)
2019-10-21 19:12:37,446 [e6a83585-83d0-4616-a3d5-866875ad8a29@group-73E40DF2990B-LeaderElection8] INFO  server.RaftServerConfigKeys (ConfUtils.java:logGet(43)) - raft.server.log.appender.buffer.element-limit = 1 (custom)
2019-10-21 19:12:37,447 [e6a83585-83d0-4616-a3d5-866875ad8a29@group-73E40DF2990B-LeaderElection8] INFO  grpc.GrpcConfigKeys$Server (ConfUtils.java:logGet(43)) - raft.grpc.server.leader.outstanding.appends.max = 128 (default)
2019-10-21 19:12:37,448 [e6a83585-83d0-4616-a3d5-866875ad8a29@group-73E40DF2990B-LeaderElection8] INFO  server.RaftServerConfigKeys (ConfUtils.java:logGet(43)) - raft.server.rpc.request.timeout = 3000ms (default)
2019-10-21 19:12:37,448 [e6a83585-83d0-4616-a3d5-866875ad8a29@group-73E40DF2990B-LeaderElection8] INFO  server.RaftServerConfigKeys (ConfUtils.java:logGet(43)) - raft.server.log.appender.install.snapshot.enabled = false (custom)
2019-10-21 19:12:37,452 [1b813ef4-47a4-4bfc-8eb5-c34ae440adb1@group-73E40DF2990B-LeaderElection9] INFO  server.RaftServerConfigKeys (ConfUtils.java:logGet(43)) - raft.server.log.appender.snapshot.chunk.size.max = 16MB (=16777216) (default)
2019-10-21 19:12:37,453 [1b813ef4-47a4-4bfc-8eb5-c34ae440adb1@group-73E40DF2990B-LeaderElection9] INFO  server.RaftServerConfigKeys (ConfUtils.java:logGet(43)) - raft.server.log.appender.buffer.byte-limit = 33554432 (custom)
2019-10-21 19:12:37,453 [1b813ef4-47a4-4bfc-8eb5-c34ae440adb1@group-73E40DF2990B-LeaderElection9] INFO  server.RaftServerConfigKeys (ConfUtils.java:logGet(43)) - raft.server.log.appender.buffer.element-limit = 1 (custom)
2019-10-21 19:12:37,453 [1b813ef4-47a4-4bfc-8eb5-c34ae440adb1@group-73E40DF2990B-LeaderElection9] INFO  grpc.GrpcConfigKeys$Server (ConfUtils.java:logGet(43)) - raft.grpc.server.leader.outstanding.appends.max = 128 (default)
2019-10-21 19:12:37,453 [1b813ef4-47a4-4bfc-8eb5-c34ae440adb1@group-73E40DF2990B-LeaderElection9] INFO  server.RaftServerConfigKeys (ConfUtils.java:logGet(43)) - raft.server.rpc.request.timeout = 3000ms (default)
2019-10-21 19:12:37,453 [1b813ef4-47a4-4bfc-8eb5-c34ae440adb1@group-73E40DF2990B-LeaderElection9] INFO  server.RaftServerConfigKeys (ConfUtils.java:logGet(43)) - raft.server.log.appender.install.snapshot.enabled = false (custom)
2019-10-21 19:12:37,455 [1b813ef4-47a4-4bfc-8eb5-c34ae440adb1@group-73E40DF2990B-LeaderElection9] INFO  server.RaftServerConfigKeys (ConfUtils.java:logGet(43)) - raft.server.log.appender.snapshot.chunk.size.max = 16MB (=16777216) (default)
2019-10-21 19:12:37,455 [1b813ef4-47a4-4bfc-8eb5-c34ae440adb1@group-73E40DF2990B-LeaderElection9] INFO  server.RaftServerConfigKeys (ConfUtils.java:logGet(43)) - raft.server.log.appender.buffer.byte-limit = 33554432 (custom)
2019-10-21 19:12:37,455 [1b813ef4-47a4-4bfc-8eb5-c34ae440adb1@group-73E40DF2990B-LeaderElection9] INFO  server.RaftServerConfigKeys (ConfUtils.java:logGet(43)) - raft.server.log.appender.buffer.element-limit = 1 (custom)
2019-10-21 19:12:37,456 [1b813ef4-47a4-4bfc-8eb5-c34ae440adb1@group-73E40DF2990B-LeaderElection9] INFO  grpc.GrpcConfigKeys$Server (ConfUtils.java:logGet(43)) - raft.grpc.server.leader.outstanding.appends.max = 128 (default)
2019-10-21 19:12:37,456 [1b813ef4-47a4-4bfc-8eb5-c34ae440adb1@group-73E40DF2990B-LeaderElection9] INFO  server.RaftServerConfigKeys (ConfUtils.java:logGet(43)) - raft.server.rpc.request.timeout = 3000ms (default)
2019-10-21 19:12:37,456 [1b813ef4-47a4-4bfc-8eb5-c34ae440adb1@group-73E40DF2990B-LeaderElection9] INFO  server.RaftServerConfigKeys (ConfUtils.java:logGet(43)) - raft.server.log.appender.install.snapshot.enabled = false (custom)
2019-10-21 19:12:37,456 [e6a83585-83d0-4616-a3d5-866875ad8a29@group-73E40DF2990B-LeaderElection8] INFO  impl.RoleInfo (RoleInfo.java:updateAndGet(143)) - e6a83585-83d0-4616-a3d5-866875ad8a29: start LeaderState
2019-10-21 19:12:37,456 [e6a83585-83d0-4616-a3d5-866875ad8a29@group-73E40DF2990B-LeaderElection8] INFO  segmented.SegmentedRaftLogWorker (SegmentedRaftLogWorker.java:startLogSegment(385)) - e6a83585-83d0-4616-a3d5-866875ad8a29@group-73E40DF2990B-SegmentedRaftLogWorker: Starting segment from index:0
2019-10-21 19:12:37,457 [e6a83585-83d0-4616-a3d5-866875ad8a29@group-73E40DF2990B-LeaderElection8] INFO  impl.RaftServerImpl (ServerState.java:setRaftConf(357)) - e6a83585-83d0-4616-a3d5-866875ad8a29@group-73E40DF2990B: set configuration 0: [e6a83585-83d0-4616-a3d5-866875ad8a29:192.168.34.32:46159, f2627371-a904-4314-a836-5eb8f54559ec:192.168.34.32:33224, 1b813ef4-47a4-4bfc-8eb5-c34ae440adb1:192.168.34.32:36113], old=null at 0
2019-10-21 19:12:37,481 [grpc-default-executor-0] INFO  impl.RaftServerImpl (ServerState.java:setLeader(256)) - e6a83585-83d0-4616-a3d5-866875ad8a29@group-73E40DF2990B: change Leader from e6a83585-83d0-4616-a3d5-866875ad8a29 to null at term 4 for updateCurrentTerm
2019-10-21 19:12:37,481 [grpc-default-executor-0] INFO  impl.RaftServerImpl (RaftServerImpl.java:setRole(184)) - e6a83585-83d0-4616-a3d5-866875ad8a29@group-73E40DF2990B: changes role from    LEADER to FOLLOWER at term 4 for recognizeCandidate:f2627371-a904-4314-a836-5eb8f54559ec
2019-10-21 19:12:37,481 [grpc-default-executor-0] INFO  impl.RoleInfo (RoleInfo.java:shutdownLeaderState(104)) - e6a83585-83d0-4616-a3d5-866875ad8a29: shutdown LeaderState
2019-10-21 19:12:37,481 [1b813ef4-47a4-4bfc-8eb5-c34ae440adb1@group-73E40DF2990B-LeaderElection9] INFO  impl.RoleInfo (RoleInfo.java:updateAndGet(143)) - 1b813ef4-47a4-4bfc-8eb5-c34ae440adb1: start LeaderState
2019-10-21 19:12:37,482 [1b813ef4-47a4-4bfc-8eb5-c34ae440adb1@group-73E40DF2990B-LeaderElection9] INFO  segmented.SegmentedRaftLogWorker (SegmentedRaftLogWorker.java:startLogSegment(385)) - 1b813ef4-47a4-4bfc-8eb5-c34ae440adb1@group-73E40DF2990B-SegmentedRaftLogWorker: Starting segment from index:0
2019-10-21 19:12:37,484 [grpc-default-executor-0] INFO  impl.PendingRequests (PendingRequests.java:sendNotLeaderResponses(202)) - e6a83585-83d0-4616-a3d5-866875ad8a29@group-73E40DF2990B-PendingRequests: sendNotLeaderResponses
2019-10-21 19:12:37,485 [1b813ef4-47a4-4bfc-8eb5-c34ae440adb1@group-73E40DF2990B-LeaderElection9] INFO  impl.RaftServerImpl (ServerState.java:setRaftConf(357)) - 1b813ef4-47a4-4bfc-8eb5-c34ae440adb1@group-73E40DF2990B: set configuration 0: [e6a83585-83d0-4616-a3d5-866875ad8a29:192.168.34.32:46159, f2627371-a904-4314-a836-5eb8f54559ec:192.168.34.32:33224, 1b813ef4-47a4-4bfc-8eb5-c34ae440adb1:192.168.34.32:36113], old=null at 0
2019-10-21 19:12:37,485 [grpc-default-executor-2] INFO  impl.RaftServerImpl (ServerState.java:setLeader(256)) - 1b813ef4-47a4-4bfc-8eb5-c34ae440adb1@group-73E40DF2990B: change Leader from 1b813ef4-47a4-4bfc-8eb5-c34ae440adb1 to null at term 4 for updateCurrentTerm
2019-10-21 19:12:37,522 [main] INFO  ozone.MiniOzoneClusterImpl (MiniOzoneClusterImpl.java:lambda$waitForClusterToBeReady$0(147)) - Cluster is ready. Got 4 of 4 DN Heartbeats.
2019-10-21 19:12:37,524 [grpc-default-executor-0] INFO  impl.RoleInfo (RoleInfo.java:updateAndGet(143)) - e6a83585-83d0-4616-a3d5-866875ad8a29: start FollowerState
2019-10-21 19:12:37,523 [e6a83585-83d0-4616-a3d5-866875ad8a29@group-73E40DF2990B-SegmentedRaftLogWorker] INFO  segmented.SegmentedRaftLogWorker (SegmentedRaftLogWorker.java:execute(576)) - e6a83585-83d0-4616-a3d5-866875ad8a29@group-73E40DF2990B-SegmentedRaftLogWorker: created new log segment /workdir/hadoop-ozone/integration-test/target/test-dir/MiniOzoneClusterImpl-e6c2b343-afa6-4e23-b2ea-04dd8acb85ef/datanode-3/data/ratis/d1b6be78-f8a6-4103-b2d1-73e40df2990b/current/log_inprogress_0
2019-10-21 19:12:37,524 [grpc-default-executor-2] INFO  impl.RaftServerImpl (RaftServerImpl.java:setRole(184)) - 1b813ef4-47a4-4bfc-8eb5-c34ae440adb1@group-73E40DF2990B: changes role from    LEADER to FOLLOWER at term 4 for recognizeCandidate:f2627371-a904-4314-a836-5eb8f54559ec
2019-10-21 19:12:37,525 [grpc-default-executor-2] INFO  impl.RoleInfo (RoleInfo.java:shutdownLeaderState(104)) - 1b813ef4-47a4-4bfc-8eb5-c34ae440adb1: shutdown LeaderState
2019-10-21 19:12:37,530 [grpc-default-executor-2] INFO  impl.PendingRequests (PendingRequests.java:sendNotLeaderResponses(202)) - 1b813ef4-47a4-4bfc-8eb5-c34ae440adb1@group-73E40DF2990B-PendingRequests: sendNotLeaderResponses
2019-10-21 19:12:37,531 [grpc-default-executor-2] INFO  impl.RoleInfo (RoleInfo.java:updateAndGet(143)) - 1b813ef4-47a4-4bfc-8eb5-c34ae440adb1: start FollowerState
2019-10-21 19:12:37,537 [org.apache.ratis.server.impl.LogAppender$AppenderDaemon$$Lambda$395/1063046232@3baa26a] WARN  server.GrpcLogAppender (GrpcLogAppender.java:mayWait(149)) - 1b813ef4-47a4-4bfc-8eb5-c34ae440adb1@group-73E40DF2990B->f2627371-a904-4314-a836-5eb8f54559ec-GrpcLogAppender: Wait interrupted by java.lang.InterruptedException
2019-10-21 19:12:37,537 [org.apache.ratis.server.impl.LogAppender$AppenderDaemon$$Lambda$395/1063046232@3242350a] WARN  server.GrpcLogAppender (GrpcLogAppender.java:mayWait(149)) - 1b813ef4-47a4-4bfc-8eb5-c34ae440adb1@group-73E40DF2990B->e6a83585-83d0-4616-a3d5-866875ad8a29-GrpcLogAppender: Wait interrupted by java.lang.InterruptedException
2019-10-21 19:12:37,541 [1b813ef4-47a4-4bfc-8eb5-c34ae440adb1@group-73E40DF2990B-SegmentedRaftLogWorker] INFO  segmented.SegmentedRaftLogWorker (SegmentedRaftLogWorker.java:execute(576)) - 1b813ef4-47a4-4bfc-8eb5-c34ae440adb1@group-73E40DF2990B-SegmentedRaftLogWorker: created new log segment /workdir/hadoop-ozone/integration-test/target/test-dir/MiniOzoneClusterImpl-e6c2b343-afa6-4e23-b2ea-04dd8acb85ef/datanode-1/data/ratis/d1b6be78-f8a6-4103-b2d1-73e40df2990b/current/log_inprogress_0
2019-10-21 19:12:37,537 [org.apache.ratis.server.impl.LogAppender$AppenderDaemon$$Lambda$395/1063046232@14211017] WARN  server.GrpcLogAppender (GrpcLogAppender.java:mayWait(149)) - e6a83585-83d0-4616-a3d5-866875ad8a29@group-73E40DF2990B->1b813ef4-47a4-4bfc-8eb5-c34ae440adb1-GrpcLogAppender: Wait interrupted by java.lang.InterruptedException
2019-10-21 19:12:37,537 [org.apache.ratis.server.impl.LogAppender$AppenderDaemon$$Lambda$395/1063046232@603e5ac6] WARN  server.GrpcLogAppender (GrpcLogAppender.java:mayWait(149)) - e6a83585-83d0-4616-a3d5-866875ad8a29@group-73E40DF2990B->f2627371-a904-4314-a836-5eb8f54559ec-GrpcLogAppender: Wait interrupted by java.lang.InterruptedException
2019-10-21 19:12:37,555 [f2627371-a904-4314-a836-5eb8f54559ec@group-73E40DF2990B-LeaderElection10] INFO  impl.LeaderElection (LeaderElection.java:logAndReturn(56)) - f2627371-a904-4314-a836-5eb8f54559ec@group-73E40DF2990B-LeaderElection10: Election REJECTED; received 2 response(s) [f2627371-a904-4314-a836-5eb8f54559ec<-e6a83585-83d0-4616-a3d5-866875ad8a29#0:FAIL-t4, f2627371-a904-4314-a836-5eb8f54559ec<-1b813ef4-47a4-4bfc-8eb5-c34ae440adb1#0:FAIL-t4] and 0 exception(s); f2627371-a904-4314-a836-5eb8f54559ec@group-73E40DF2990B:t4, leader=null, voted=f2627371-a904-4314-a836-5eb8f54559ec, raftlog=f2627371-a904-4314-a836-5eb8f54559ec@group-73E40DF2990B-SegmentedRaftLog:OPENED:c-1,f-1,i0, conf=-1: [e6a83585-83d0-4616-a3d5-866875ad8a29:192.168.34.32:46159, f2627371-a904-4314-a836-5eb8f54559ec:192.168.34.32:33224, 1b813ef4-47a4-4bfc-8eb5-c34ae440adb1:192.168.34.32:36113], old=null
2019-10-21 19:12:37,555 [f2627371-a904-4314-a836-5eb8f54559ec@group-73E40DF2990B-LeaderElection10] INFO  impl.RaftServerImpl (RaftServerImpl.java:setRole(184)) - f2627371-a904-4314-a836-5eb8f54559ec@group-73E40DF2990B: changes role from CANDIDATE to FOLLOWER at term 4 for DISCOVERED_A_NEW_TERM
2019-10-21 19:12:37,555 [f2627371-a904-4314-a836-5eb8f54559ec@group-73E40DF2990B-LeaderElection10] INFO  impl.RoleInfo (RoleInfo.java:shutdownLeaderElection(134)) - f2627371-a904-4314-a836-5eb8f54559ec: shutdown LeaderElection
2019-10-21 19:12:37,556 [f2627371-a904-4314-a836-5eb8f54559ec@group-73E40DF2990B-LeaderElection10] INFO  impl.RoleInfo (RoleInfo.java:updateAndGet(143)) - f2627371-a904-4314-a836-5eb8f54559ec: start FollowerState
2019-10-21 19:12:37,556 [grpc-default-executor-5] INFO  server.GrpcServerProtocolService (GrpcServerProtocolService.java:onCompleted(113)) - e6a83585-83d0-4616-a3d5-866875ad8a29: Completed APPEND_ENTRIES, lastRequest: null
2019-10-21 19:12:37,557 [grpc-default-executor-1] INFO  server.GrpcServerProtocolService (GrpcServerProtocolService.java:onCompleted(113)) - f2627371-a904-4314-a836-5eb8f54559ec: Completed APPEND_ENTRIES, lastRequest: null
2019-10-21 19:12:37,557 [grpc-default-executor-0] INFO  server.GrpcServerProtocolService (GrpcServerProtocolService.java:onCompleted(113)) - 1b813ef4-47a4-4bfc-8eb5-c34ae440adb1: Completed APPEND_ENTRIES, lastRequest: null
2019-10-21 19:12:37,556 [grpc-default-executor-2] INFO  server.GrpcServerProtocolService (GrpcServerProtocolService.java:onCompleted(113)) - f2627371-a904-4314-a836-5eb8f54559ec: Completed APPEND_ENTRIES, lastRequest: null
2019-10-21 19:12:37,563 [grpc-default-executor-0] INFO  server.GrpcLogAppender (GrpcLogAppender.java:onCompleted(308)) - 1b813ef4-47a4-4bfc-8eb5-c34ae440adb1@group-73E40DF2990B->f2627371-a904-4314-a836-5eb8f54559ec-AppendLogResponseHandler: follower responses appendEntries COMPLETED
2019-10-21 19:12:37,563 [grpc-default-executor-1] INFO  server.GrpcLogAppender (GrpcLogAppender.java:onCompleted(308)) - e6a83585-83d0-4616-a3d5-866875ad8a29@group-73E40DF2990B->f2627371-a904-4314-a836-5eb8f54559ec-AppendLogResponseHandler: follower responses appendEntries COMPLETED
2019-10-21 19:12:37,563 [grpc-default-executor-2] INFO  server.GrpcLogAppender (GrpcLogAppender.java:onCompleted(308)) - e6a83585-83d0-4616-a3d5-866875ad8a29@group-73E40DF2990B->1b813ef4-47a4-4bfc-8eb5-c34ae440adb1-AppendLogResponseHandler: follower responses appendEntries COMPLETED
2019-10-21 19:12:37,565 [grpc-default-executor-5] INFO  server.GrpcLogAppender (GrpcLogAppender.java:onCompleted(308)) - 1b813ef4-47a4-4bfc-8eb5-c34ae440adb1@group-73E40DF2990B->e6a83585-83d0-4616-a3d5-866875ad8a29-AppendLogResponseHandler: follower responses appendEntries COMPLETED
2019-10-21 19:12:37,568 [grpc-default-executor-1] INFO  impl.FollowerInfo (FollowerInfo.java:lambda$new$0(51)) - e6a83585-83d0-4616-a3d5-866875ad8a29@group-73E40DF2990B->f2627371-a904-4314-a836-5eb8f54559ec: nextIndex: updateUnconditionally 0 -> 0
2019-10-21 19:12:37,569 [grpc-default-executor-0] INFO  impl.FollowerInfo (FollowerInfo.java:lambda$new$0(51)) - 1b813ef4-47a4-4bfc-8eb5-c34ae440adb1@group-73E40DF2990B->f2627371-a904-4314-a836-5eb8f54559ec: nextIndex: updateUnconditionally 0 -> 0
2019-10-21 19:12:37,570 [grpc-default-executor-2] INFO  impl.FollowerInfo (FollowerInfo.java:lambda$new$0(51)) - e6a83585-83d0-4616-a3d5-866875ad8a29@group-73E40DF2990B->1b813ef4-47a4-4bfc-8eb5-c34ae440adb1: nextIndex: updateUnconditionally 0 -> 0
2019-10-21 19:12:37,570 [grpc-default-executor-5] INFO  impl.FollowerInfo (FollowerInfo.java:lambda$new$0(51)) - 1b813ef4-47a4-4bfc-8eb5-c34ae440adb1@group-73E40DF2990B->e6a83585-83d0-4616-a3d5-866875ad8a29: nextIndex: updateUnconditionally 0 -> 0
2019-10-21 19:12:37,724 [Thread-258] INFO  impl.FollowerState (FollowerState.java:run(108)) - f2627371-a904-4314-a836-5eb8f54559ec@group-73E40DF2990B-FollowerState: change to CANDIDATE, lastRpcTime:168ms, electionTimeout:167ms
2019-10-21 19:12:37,725 [Thread-258] INFO  impl.RoleInfo (RoleInfo.java:shutdownFollowerState(121)) - f2627371-a904-4314-a836-5eb8f54559ec: shutdown FollowerState
2019-10-21 19:12:37,725 [Thread-258] INFO  impl.RaftServerImpl (RaftServerImpl.java:setRole(184)) - f2627371-a904-4314-a836-5eb8f54559ec@group-73E40DF2990B: changes role from  FOLLOWER to CANDIDATE at term 4 for changeToCandidate
2019-10-21 19:12:37,725 [Thread-258] INFO  impl.RoleInfo (RoleInfo.java:updateAndGet(143)) - f2627371-a904-4314-a836-5eb8f54559ec: start LeaderElection
2019-10-21 19:12:37,740 [f2627371-a904-4314-a836-5eb8f54559ec@group-73E40DF2990B-LeaderElection11] INFO  impl.LeaderElection (LeaderElection.java:askForVotes(178)) - f2627371-a904-4314-a836-5eb8f54559ec@group-73E40DF2990B-LeaderElection11: begin an election at term 5 for -1: [e6a83585-83d0-4616-a3d5-866875ad8a29:192.168.34.32:46159, f2627371-a904-4314-a836-5eb8f54559ec:192.168.34.32:33224, 1b813ef4-47a4-4bfc-8eb5-c34ae440adb1:192.168.34.32:36113], old=null
2019-10-21 19:12:37,746 [grpc-default-executor-2] INFO  impl.RaftServerImpl (RaftServerImpl.java:setRole(184)) - e6a83585-83d0-4616-a3d5-866875ad8a29@group-73E40DF2990B: changes role from  FOLLOWER to FOLLOWER at term 5 for recognizeCandidate:f2627371-a904-4314-a836-5eb8f54559ec
2019-10-21 19:12:37,746 [grpc-default-executor-5] INFO  impl.RaftServerImpl (RaftServerImpl.java:setRole(184)) - 1b813ef4-47a4-4bfc-8eb5-c34ae440adb1@group-73E40DF2990B: changes role from  FOLLOWER to FOLLOWER at term 5 for recognizeCandidate:f2627371-a904-4314-a836-5eb8f54559ec
2019-10-21 19:12:37,746 [grpc-default-executor-2] INFO  impl.RoleInfo (RoleInfo.java:shutdownFollowerState(121)) - e6a83585-83d0-4616-a3d5-866875ad8a29: shutdown FollowerState
2019-10-21 19:12:37,747 [grpc-default-executor-5] INFO  impl.RoleInfo (RoleInfo.java:shutdownFollowerState(121)) - 1b813ef4-47a4-4bfc-8eb5-c34ae440adb1: shutdown FollowerState
2019-10-21 19:12:37,747 [grpc-default-executor-2] INFO  impl.RoleInfo (RoleInfo.java:updateAndGet(143)) - e6a83585-83d0-4616-a3d5-866875ad8a29: start FollowerState
2019-10-21 19:12:37,747 [Thread-256] INFO  impl.FollowerState (FollowerState.java:run(117)) - e6a83585-83d0-4616-a3d5-866875ad8a29@group-73E40DF2990B-FollowerState was interrupted: java.lang.InterruptedException: sleep interrupted
2019-10-21 19:12:37,747 [grpc-default-executor-5] INFO  impl.RoleInfo (RoleInfo.java:updateAndGet(143)) - 1b813ef4-47a4-4bfc-8eb5-c34ae440adb1: start FollowerState
2019-10-21 19:12:37,747 [Thread-257] INFO  impl.FollowerState (FollowerState.java:run(117)) - 1b813ef4-47a4-4bfc-8eb5-c34ae440adb1@group-73E40DF2990B-FollowerState was interrupted: java.lang.InterruptedException: sleep interrupted
2019-10-21 19:12:37,760 [f2627371-a904-4314-a836-5eb8f54559ec@group-73E40DF2990B-LeaderElection11] INFO  impl.LeaderElection (LeaderElection.java:logAndReturn(56)) - f2627371-a904-4314-a836-5eb8f54559ec@group-73E40DF2990B-LeaderElection11: Election REJECTED; received 2 response(s) [f2627371-a904-4314-a836-5eb8f54559ec<-e6a83585-83d0-4616-a3d5-866875ad8a29#0:FAIL-t5, f2627371-a904-4314-a836-5eb8f54559ec<-1b813ef4-47a4-4bfc-8eb5-c34ae440adb1#0:FAIL-t5] and 0 exception(s); f2627371-a904-4314-a836-5eb8f54559ec@group-73E40DF2990B:t5, leader=null, voted=f2627371-a904-4314-a836-5eb8f54559ec, raftlog=f2627371-a904-4314-a836-5eb8f54559ec@group-73E40DF2990B-SegmentedRaftLog:OPENED:c-1,f-1,i0, conf=-1: [e6a83585-83d0-4616-a3d5-866875ad8a29:192.168.34.32:46159, f2627371-a904-4314-a836-5eb8f54559ec:192.168.34.32:33224, 1b813ef4-47a4-4bfc-8eb5-c34ae440adb1:192.168.34.32:36113], old=null
2019-10-21 19:12:37,760 [f2627371-a904-4314-a836-5eb8f54559ec@group-73E40DF2990B-LeaderElection11] INFO  impl.RaftServerImpl (RaftServerImpl.java:setRole(184)) - f2627371-a904-4314-a836-5eb8f54559ec@group-73E40DF2990B: changes role from CANDIDATE to FOLLOWER at term 5 for DISCOVERED_A_NEW_TERM
2019-10-21 19:12:37,761 [f2627371-a904-4314-a836-5eb8f54559ec@group-73E40DF2990B-LeaderElection11] INFO  impl.RoleInfo (RoleInfo.java:shutdownLeaderElection(134)) - f2627371-a904-4314-a836-5eb8f54559ec: shutdown LeaderElection
2019-10-21 19:12:37,761 [f2627371-a904-4314-a836-5eb8f54559ec@group-73E40DF2990B-LeaderElection11] INFO  impl.RoleInfo (RoleInfo.java:updateAndGet(143)) - f2627371-a904-4314-a836-5eb8f54559ec: start FollowerState
2019-10-21 19:12:37,863 [Thread-264] INFO  impl.FollowerState (FollowerState.java:run(108)) - f2627371-a904-4314-a836-5eb8f54559ec@group-73E40DF2990B-FollowerState: change to CANDIDATE, lastRpcTime:102ms, electionTimeout:101ms
2019-10-21 19:12:37,865 [Thread-264] INFO  impl.RoleInfo (RoleInfo.java:shutdownFollowerState(121)) - f2627371-a904-4314-a836-5eb8f54559ec: shutdown FollowerState
2019-10-21 19:12:37,865 [Thread-264] INFO  impl.RaftServerImpl (RaftServerImpl.java:setRole(184)) - f2627371-a904-4314-a836-5eb8f54559ec@group-73E40DF2990B: changes role from  FOLLOWER to CANDIDATE at term 5 for changeToCandidate
2019-10-21 19:12:37,866 [Thread-264] INFO  impl.RoleInfo (RoleInfo.java:updateAndGet(143)) - f2627371-a904-4314-a836-5eb8f54559ec: start LeaderElection
2019-10-21 19:12:37,880 [f2627371-a904-4314-a836-5eb8f54559ec@group-73E40DF2990B-LeaderElection12] INFO  impl.LeaderElection (LeaderElection.java:askForVotes(178)) - f2627371-a904-4314-a836-5eb8f54559ec@group-73E40DF2990B-LeaderElection12: begin an election at term 6 for -1: [e6a83585-83d0-4616-a3d5-866875ad8a29:192.168.34.32:46159, f2627371-a904-4314-a836-5eb8f54559ec:192.168.34.32:33224, 1b813ef4-47a4-4bfc-8eb5-c34ae440adb1:192.168.34.32:36113], old=null
2019-10-21 19:12:37,888 [grpc-default-executor-2] INFO  impl.RaftServerImpl (RaftServerImpl.java:setRole(184)) - e6a83585-83d0-4616-a3d5-866875ad8a29@group-73E40DF2990B: changes role from  FOLLOWER to FOLLOWER at term 6 for recognizeCandidate:f2627371-a904-4314-a836-5eb8f54559ec
2019-10-21 19:12:37,888 [grpc-default-executor-5] INFO  impl.RaftServerImpl (RaftServerImpl.java:setRole(184)) - 1b813ef4-47a4-4bfc-8eb5-c34ae440adb1@group-73E40DF2990B: changes role from  FOLLOWER to FOLLOWER at term 6 for recognizeCandidate:f2627371-a904-4314-a836-5eb8f54559ec
2019-10-21 19:12:37,888 [grpc-default-executor-2] INFO  impl.RoleInfo (RoleInfo.java:shutdownFollowerState(121)) - e6a83585-83d0-4616-a3d5-866875ad8a29: shutdown FollowerState
2019-10-21 19:12:37,888 [grpc-default-executor-5] INFO  impl.RoleInfo (RoleInfo.java:shutdownFollowerState(121)) - 1b813ef4-47a4-4bfc-8eb5-c34ae440adb1: shutdown FollowerState
2019-10-21 19:12:37,889 [grpc-default-executor-2] INFO  impl.RoleInfo (RoleInfo.java:updateAndGet(143)) - e6a83585-83d0-4616-a3d5-866875ad8a29: start FollowerState
2019-10-21 19:12:37,889 [Thread-263] INFO  impl.FollowerState (FollowerState.java:run(117)) - 1b813ef4-47a4-4bfc-8eb5-c34ae440adb1@group-73E40DF2990B-FollowerState was interrupted: java.lang.InterruptedException: sleep interrupted
2019-10-21 19:12:37,889 [grpc-default-executor-5] INFO  impl.RoleInfo (RoleInfo.java:updateAndGet(143)) - 1b813ef4-47a4-4bfc-8eb5-c34ae440adb1: start FollowerState
2019-10-21 19:12:37,889 [Thread-262] INFO  impl.FollowerState (FollowerState.java:run(117)) - e6a83585-83d0-4616-a3d5-866875ad8a29@group-73E40DF2990B-FollowerState was interrupted: java.lang.InterruptedException: sleep interrupted
2019-10-21 19:12:37,908 [f2627371-a904-4314-a836-5eb8f54559ec@group-73E40DF2990B-LeaderElection12] INFO  impl.LeaderElection (LeaderElection.java:logAndReturn(56)) - f2627371-a904-4314-a836-5eb8f54559ec@group-73E40DF2990B-LeaderElection12: Election REJECTED; received 2 response(s) [f2627371-a904-4314-a836-5eb8f54559ec<-e6a83585-83d0-4616-a3d5-866875ad8a29#0:FAIL-t6, f2627371-a904-4314-a836-5eb8f54559ec<-1b813ef4-47a4-4bfc-8eb5-c34ae440adb1#0:FAIL-t6] and 0 exception(s); f2627371-a904-4314-a836-5eb8f54559ec@group-73E40DF2990B:t6, leader=null, voted=f2627371-a904-4314-a836-5eb8f54559ec, raftlog=f2627371-a904-4314-a836-5eb8f54559ec@group-73E40DF2990B-SegmentedRaftLog:OPENED:c-1,f-1,i0, conf=-1: [e6a83585-83d0-4616-a3d5-866875ad8a29:192.168.34.32:46159, f2627371-a904-4314-a836-5eb8f54559ec:192.168.34.32:33224, 1b813ef4-47a4-4bfc-8eb5-c34ae440adb1:192.168.34.32:36113], old=null
2019-10-21 19:12:37,908 [f2627371-a904-4314-a836-5eb8f54559ec@group-73E40DF2990B-LeaderElection12] INFO  impl.RaftServerImpl (RaftServerImpl.java:setRole(184)) - f2627371-a904-4314-a836-5eb8f54559ec@group-73E40DF2990B: changes role from CANDIDATE to FOLLOWER at term 6 for DISCOVERED_A_NEW_TERM
2019-10-21 19:12:37,910 [f2627371-a904-4314-a836-5eb8f54559ec@group-73E40DF2990B-LeaderElection12] INFO  impl.RoleInfo (RoleInfo.java:shutdownLeaderElection(134)) - f2627371-a904-4314-a836-5eb8f54559ec: shutdown LeaderElection
2019-10-21 19:12:37,910 [f2627371-a904-4314-a836-5eb8f54559ec@group-73E40DF2990B-LeaderElection12] INFO  impl.RoleInfo (RoleInfo.java:updateAndGet(143)) - f2627371-a904-4314-a836-5eb8f54559ec: start FollowerState
2019-10-21 19:12:38,347 [Thread-270] INFO  impl.FollowerState (FollowerState.java:run(108)) - f2627371-a904-4314-a836-5eb8f54559ec@group-73E40DF2990B-FollowerState: change to CANDIDATE, lastRpcTime:436ms, electionTimeout:151ms
2019-10-21 19:12:38,349 [Thread-270] INFO  impl.RoleInfo (RoleInfo.java:shutdownFollowerState(121)) - f2627371-a904-4314-a836-5eb8f54559ec: shutdown FollowerState
2019-10-21 19:12:38,349 [Thread-270] INFO  impl.RaftServerImpl (RaftServerImpl.java:setRole(184)) - f2627371-a904-4314-a836-5eb8f54559ec@group-73E40DF2990B: changes role from  FOLLOWER to CANDIDATE at term 6 for changeToCandidate
2019-10-21 19:12:38,349 [Thread-270] INFO  impl.RoleInfo (RoleInfo.java:updateAndGet(143)) - f2627371-a904-4314-a836-5eb8f54559ec: start LeaderElection
2019-10-21 19:12:38,387 [f2627371-a904-4314-a836-5eb8f54559ec@group-73E40DF2990B-LeaderElection13] INFO  impl.LeaderElection (LeaderElection.java:askForVotes(178)) - f2627371-a904-4314-a836-5eb8f54559ec@group-73E40DF2990B-LeaderElection13: begin an election at term 7 for -1: [e6a83585-83d0-4616-a3d5-866875ad8a29:192.168.34.32:46159, f2627371-a904-4314-a836-5eb8f54559ec:192.168.34.32:33224, 1b813ef4-47a4-4bfc-8eb5-c34ae440adb1:192.168.34.32:36113], old=null
2019-10-21 19:12:38,396 [grpc-default-executor-5] INFO  impl.RaftServerImpl (RaftServerImpl.java:setRole(184)) - e6a83585-83d0-4616-a3d5-866875ad8a29@group-73E40DF2990B: changes role from  FOLLOWER to FOLLOWER at term 7 for recognizeCandidate:f2627371-a904-4314-a836-5eb8f54559ec
2019-10-21 19:12:38,397 [grpc-default-executor-2] INFO  impl.RaftServerImpl (RaftServerImpl.java:setRole(184)) - 1b813ef4-47a4-4bfc-8eb5-c34ae440adb1@group-73E40DF2990B: changes role from  FOLLOWER to FOLLOWER at term 7 for recognizeCandidate:f2627371-a904-4314-a836-5eb8f54559ec
2019-10-21 19:12:38,397 [grpc-default-executor-5] INFO  impl.RoleInfo (RoleInfo.java:shutdownFollowerState(121)) - e6a83585-83d0-4616-a3d5-866875ad8a29: shutdown FollowerState
2019-10-21 19:12:38,397 [grpc-default-executor-2] INFO  impl.RoleInfo (RoleInfo.java:shutdownFollowerState(121)) - 1b813ef4-47a4-4bfc-8eb5-c34ae440adb1: shutdown FollowerState
2019-10-21 19:12:38,397 [grpc-default-executor-5] INFO  impl.RoleInfo (RoleInfo.java:updateAndGet(143)) - e6a83585-83d0-4616-a3d5-866875ad8a29: start FollowerState
2019-10-21 19:12:38,397 [Thread-268] INFO  impl.FollowerState (FollowerState.java:run(117)) - e6a83585-83d0-4616-a3d5-866875ad8a29@group-73E40DF2990B-FollowerState was interrupted: java.lang.InterruptedException: sleep interrupted
2019-10-21 19:12:38,397 [grpc-default-executor-2] INFO  impl.RoleInfo (RoleInfo.java:updateAndGet(143)) - 1b813ef4-47a4-4bfc-8eb5-c34ae440adb1: start FollowerState
2019-10-21 19:12:38,397 [Thread-269] INFO  impl.FollowerState (FollowerState.java:run(117)) - 1b813ef4-47a4-4bfc-8eb5-c34ae440adb1@group-73E40DF2990B-FollowerState was interrupted: java.lang.InterruptedException: sleep interrupted
2019-10-21 19:12:38,419 [f2627371-a904-4314-a836-5eb8f54559ec@group-73E40DF2990B-LeaderElection13] INFO  impl.LeaderElection (LeaderElection.java:logAndReturn(56)) - f2627371-a904-4314-a836-5eb8f54559ec@group-73E40DF2990B-LeaderElection13: Election REJECTED; received 2 response(s) [f2627371-a904-4314-a836-5eb8f54559ec<-e6a83585-83d0-4616-a3d5-866875ad8a29#0:FAIL-t7, f2627371-a904-4314-a836-5eb8f54559ec<-1b813ef4-47a4-4bfc-8eb5-c34ae440adb1#0:FAIL-t7] and 0 exception(s); f2627371-a904-4314-a836-5eb8f54559ec@group-73E40DF2990B:t7, leader=null, voted=f2627371-a904-4314-a836-5eb8f54559ec, raftlog=f2627371-a904-4314-a836-5eb8f54559ec@group-73E40DF2990B-SegmentedRaftLog:OPENED:c-1,f-1,i0, conf=-1: [e6a83585-83d0-4616-a3d5-866875ad8a29:192.168.34.32:46159, f2627371-a904-4314-a836-5eb8f54559ec:192.168.34.32:33224, 1b813ef4-47a4-4bfc-8eb5-c34ae440adb1:192.168.34.32:36113], old=null
2019-10-21 19:12:38,420 [f2627371-a904-4314-a836-5eb8f54559ec@group-73E40DF2990B-LeaderElection13] INFO  impl.RaftServerImpl (RaftServerImpl.java:setRole(184)) - f2627371-a904-4314-a836-5eb8f54559ec@group-73E40DF2990B: changes role from CANDIDATE to FOLLOWER at term 7 for DISCOVERED_A_NEW_TERM
2019-10-21 19:12:38,421 [f2627371-a904-4314-a836-5eb8f54559ec@group-73E40DF2990B-LeaderElection13] INFO  impl.RoleInfo (RoleInfo.java:shutdownLeaderElection(134)) - f2627371-a904-4314-a836-5eb8f54559ec: shutdown LeaderElection
2019-10-21 19:12:38,422 [f2627371-a904-4314-a836-5eb8f54559ec@group-73E40DF2990B-LeaderElection13] INFO  impl.RoleInfo (RoleInfo.java:updateAndGet(143)) - f2627371-a904-4314-a836-5eb8f54559ec: start FollowerState
2019-10-21 19:12:38,557 [Thread-280] INFO  rpc.RpcClient (RpcClient.java:createVolume(272)) - Creating Volume: c2422c03-25d4-4b48-9f19-fe47c000d888, with jenkins1000 as owner.
2019-10-21 19:12:38,558 [Thread-278] INFO  impl.FollowerState (FollowerState.java:run(108)) - f2627371-a904-4314-a836-5eb8f54559ec@group-73E40DF2990B-FollowerState: change to CANDIDATE, lastRpcTime:136ms, electionTimeout:134ms
2019-10-21 19:12:38,558 [Thread-278] INFO  impl.RoleInfo (RoleInfo.java:shutdownFollowerState(121)) - f2627371-a904-4314-a836-5eb8f54559ec: shutdown FollowerState
2019-10-21 19:12:38,558 [Thread-278] INFO  impl.RaftServerImpl (RaftServerImpl.java:setRole(184)) - f2627371-a904-4314-a836-5eb8f54559ec@group-73E40DF2990B: changes role from  FOLLOWER to CANDIDATE at term 7 for changeToCandidate
2019-10-21 19:12:38,558 [Thread-278] INFO  impl.RoleInfo (RoleInfo.java:updateAndGet(143)) - f2627371-a904-4314-a836-5eb8f54559ec: start LeaderElection
2019-10-21 19:12:38,573 [f2627371-a904-4314-a836-5eb8f54559ec@group-73E40DF2990B-LeaderElection14] INFO  impl.LeaderElection (LeaderElection.java:askForVotes(178)) - f2627371-a904-4314-a836-5eb8f54559ec@group-73E40DF2990B-LeaderElection14: begin an election at term 8 for -1: [e6a83585-83d0-4616-a3d5-866875ad8a29:192.168.34.32:46159, f2627371-a904-4314-a836-5eb8f54559ec:192.168.34.32:33224, 1b813ef4-47a4-4bfc-8eb5-c34ae440adb1:192.168.34.32:36113], old=null
2019-10-21 19:12:38,579 [grpc-default-executor-2] INFO  impl.RaftServerImpl (RaftServerImpl.java:setRole(184)) - e6a83585-83d0-4616-a3d5-866875ad8a29@group-73E40DF2990B: changes role from  FOLLOWER to FOLLOWER at term 8 for recognizeCandidate:f2627371-a904-4314-a836-5eb8f54559ec
2019-10-21 19:12:38,579 [grpc-default-executor-5] INFO  impl.RaftServerImpl (RaftServerImpl.java:setRole(184)) - 1b813ef4-47a4-4bfc-8eb5-c34ae440adb1@group-73E40DF2990B: changes role from  FOLLOWER to FOLLOWER at term 8 for recognizeCandidate:f2627371-a904-4314-a836-5eb8f54559ec
2019-10-21 19:12:38,580 [grpc-default-executor-2] INFO  impl.RoleInfo (RoleInfo.java:shutdownFollowerState(121)) - e6a83585-83d0-4616-a3d5-866875ad8a29: shutdown FollowerState
2019-10-21 19:12:38,580 [grpc-default-executor-5] INFO  impl.RoleInfo (RoleInfo.java:shutdownFollowerState(121)) - 1b813ef4-47a4-4bfc-8eb5-c34ae440adb1: shutdown FollowerState
2019-10-21 19:12:38,580 [grpc-default-executor-2] INFO  impl.RoleInfo (RoleInfo.java:updateAndGet(143)) - e6a83585-83d0-4616-a3d5-866875ad8a29: start FollowerState
2019-10-21 19:12:38,580 [Thread-276] INFO  impl.FollowerState (FollowerState.java:run(117)) - e6a83585-83d0-4616-a3d5-866875ad8a29@group-73E40DF2990B-FollowerState was interrupted: java.lang.InterruptedException: sleep interrupted
2019-10-21 19:12:38,580 [grpc-default-executor-5] INFO  impl.RoleInfo (RoleInfo.java:updateAndGet(143)) - 1b813ef4-47a4-4bfc-8eb5-c34ae440adb1: start FollowerState
2019-10-21 19:12:38,580 [Thread-277] INFO  impl.FollowerState (FollowerState.java:run(117)) - 1b813ef4-47a4-4bfc-8eb5-c34ae440adb1@group-73E40DF2990B-FollowerState was interrupted: java.lang.InterruptedException: sleep interrupted
2019-10-21 19:12:38,586 [f2627371-a904-4314-a836-5eb8f54559ec@group-73E40DF2990B-LeaderElection14] INFO  impl.LeaderElection (LeaderElection.java:logAndReturn(56)) - f2627371-a904-4314-a836-5eb8f54559ec@group-73E40DF2990B-LeaderElection14: Election TIMEOUT; received 0 response(s) [] and 0 exception(s); f2627371-a904-4314-a836-5eb8f54559ec@group-73E40DF2990B:t8, leader=null, voted=f2627371-a904-4314-a836-5eb8f54559ec, raftlog=f2627371-a904-4314-a836-5eb8f54559ec@group-73E40DF2990B-SegmentedRaftLog:OPENED:c-1,f-1,i0, conf=-1: [e6a83585-83d0-4616-a3d5-866875ad8a29:192.168.34.32:46159, f2627371-a904-4314-a836-5eb8f54559ec:192.168.34.32:33224, 1b813ef4-47a4-4bfc-8eb5-c34ae440adb1:192.168.34.32:36113], old=null
2019-10-21 19:12:38,590 [f2627371-a904-4314-a836-5eb8f54559ec@group-73E40DF2990B-LeaderElection14] INFO  impl.LeaderElection (LeaderElection.java:askForVotes(178)) - f2627371-a904-4314-a836-5eb8f54559ec@group-73E40DF2990B-LeaderElection14: begin an election at term 9 for -1: [e6a83585-83d0-4616-a3d5-866875ad8a29:192.168.34.32:46159, f2627371-a904-4314-a836-5eb8f54559ec:192.168.34.32:33224, 1b813ef4-47a4-4bfc-8eb5-c34ae440adb1:192.168.34.32:36113], old=null
2019-10-21 19:12:38,596 [grpc-default-executor-2] INFO  impl.RaftServerImpl (RaftServerImpl.java:setRole(184)) - e6a83585-83d0-4616-a3d5-866875ad8a29@group-73E40DF2990B: changes role from  FOLLOWER to FOLLOWER at term 9 for recognizeCandidate:f2627371-a904-4314-a836-5eb8f54559ec
2019-10-21 19:12:38,597 [grpc-default-executor-2] INFO  impl.RoleInfo (RoleInfo.java:shutdownFollowerState(121)) - e6a83585-83d0-4616-a3d5-866875ad8a29: shutdown FollowerState
2019-10-21 19:12:38,598 [Thread-285] INFO  impl.FollowerState (FollowerState.java:run(117)) - e6a83585-83d0-4616-a3d5-866875ad8a29@group-73E40DF2990B-FollowerState was interrupted: java.lang.InterruptedException: sleep interrupted
2019-10-21 19:12:38,598 [grpc-default-executor-2] INFO  impl.RoleInfo (RoleInfo.java:updateAndGet(143)) - e6a83585-83d0-4616-a3d5-866875ad8a29: start FollowerState
2019-10-21 19:12:38,601 [grpc-default-executor-5] INFO  impl.RaftServerImpl (RaftServerImpl.java:setRole(184)) - 1b813ef4-47a4-4bfc-8eb5-c34ae440adb1@group-73E40DF2990B: changes role from  FOLLOWER to FOLLOWER at term 9 for recognizeCandidate:f2627371-a904-4314-a836-5eb8f54559ec
2019-10-21 19:12:38,601 [grpc-default-executor-5] INFO  impl.RoleInfo (RoleInfo.java:shutdownFollowerState(121)) - 1b813ef4-47a4-4bfc-8eb5-c34ae440adb1: shutdown FollowerState
2019-10-21 19:12:38,601 [Thread-286] INFO  impl.FollowerState (FollowerState.java:run(117)) - 1b813ef4-47a4-4bfc-8eb5-c34ae440adb1@group-73E40DF2990B-FollowerState was interrupted: java.lang.InterruptedException: sleep interrupted
2019-10-21 19:12:38,601 [grpc-default-executor-5] INFO  impl.RoleInfo (RoleInfo.java:updateAndGet(143)) - 1b813ef4-47a4-4bfc-8eb5-c34ae440adb1: start FollowerState
2019-10-21 19:12:38,617 [f2627371-a904-4314-a836-5eb8f54559ec@group-73E40DF2990B-LeaderElection14] INFO  impl.LeaderElection (LeaderElection.java:logAndReturn(56)) - f2627371-a904-4314-a836-5eb8f54559ec@group-73E40DF2990B-LeaderElection14: Election REJECTED; received 2 response(s) [f2627371-a904-4314-a836-5eb8f54559ec<-e6a83585-83d0-4616-a3d5-866875ad8a29#0:FAIL-t9, f2627371-a904-4314-a836-5eb8f54559ec<-1b813ef4-47a4-4bfc-8eb5-c34ae440adb1#0:FAIL-t9] and 0 exception(s); f2627371-a904-4314-a836-5eb8f54559ec@group-73E40DF2990B:t9, leader=null, voted=f2627371-a904-4314-a836-5eb8f54559ec, raftlog=f2627371-a904-4314-a836-5eb8f54559ec@group-73E40DF2990B-SegmentedRaftLog:OPENED:c-1,f-1,i0, conf=-1: [e6a83585-83d0-4616-a3d5-866875ad8a29:192.168.34.32:46159, f2627371-a904-4314-a836-5eb8f54559ec:192.168.34.32:33224, 1b813ef4-47a4-4bfc-8eb5-c34ae440adb1:192.168.34.32:36113], old=null
2019-10-21 19:12:38,617 [f2627371-a904-4314-a836-5eb8f54559ec@group-73E40DF2990B-LeaderElection14] INFO  impl.RaftServerImpl (RaftServerImpl.java:setRole(184)) - f2627371-a904-4314-a836-5eb8f54559ec@group-73E40DF2990B: changes role from CANDIDATE to FOLLOWER at term 9 for DISCOVERED_A_NEW_TERM
2019-10-21 19:12:38,619 [f2627371-a904-4314-a836-5eb8f54559ec@group-73E40DF2990B-LeaderElection14] INFO  impl.RoleInfo (RoleInfo.java:shutdownLeaderElection(134)) - f2627371-a904-4314-a836-5eb8f54559ec: shutdown LeaderElection
2019-10-21 19:12:38,619 [f2627371-a904-4314-a836-5eb8f54559ec@group-73E40DF2990B-LeaderElection14] INFO  impl.RoleInfo (RoleInfo.java:updateAndGet(143)) - f2627371-a904-4314-a836-5eb8f54559ec: start FollowerState
2019-10-21 19:12:38,659 [OM StateMachine ApplyTransaction Thread - 0] INFO  volume.OMVolumeCreateRequest (OMVolumeCreateRequest.java:validateAndUpdateCache(193)) - created volume:c2422c03-25d4-4b48-9f19-fe47c000d888 for user:jenkins1000
2019-10-21 19:12:38,680 [Thread-280] INFO  rpc.RpcClient (RpcClient.java:createBucket(411)) - Creating Bucket: c2422c03-25d4-4b48-9f19-fe47c000d888/0cf820a8-b655-4974-8a52-b61d52f8f5f5, with Versioning false and Storage Type set to DISK and Encryption set to false 
2019-10-21 19:12:38,711 [Thread-291] INFO  impl.FollowerState (FollowerState.java:run(108)) - f2627371-a904-4314-a836-5eb8f54559ec@group-73E40DF2990B-FollowerState: change to CANDIDATE, lastRpcTime:91ms, electionTimeout:90ms
2019-10-21 19:12:38,711 [Thread-291] INFO  impl.RoleInfo (RoleInfo.java:shutdownFollowerState(121)) - f2627371-a904-4314-a836-5eb8f54559ec: shutdown FollowerState
2019-10-21 19:12:38,712 [Thread-291] INFO  impl.RaftServerImpl (RaftServerImpl.java:setRole(184)) - f2627371-a904-4314-a836-5eb8f54559ec@group-73E40DF2990B: changes role from  FOLLOWER to CANDIDATE at term 9 for changeToCandidate
2019-10-21 19:12:38,712 [Thread-291] INFO  impl.RoleInfo (RoleInfo.java:updateAndGet(143)) - f2627371-a904-4314-a836-5eb8f54559ec: start LeaderElection
2019-10-21 19:12:38,717 [f2627371-a904-4314-a836-5eb8f54559ec@group-73E40DF2990B-LeaderElection15] INFO  impl.LeaderElection (LeaderElection.java:askForVotes(178)) - f2627371-a904-4314-a836-5eb8f54559ec@group-73E40DF2990B-LeaderElection15: begin an election at term 10 for -1: [e6a83585-83d0-4616-a3d5-866875ad8a29:192.168.34.32:46159, f2627371-a904-4314-a836-5eb8f54559ec:192.168.34.32:33224, 1b813ef4-47a4-4bfc-8eb5-c34ae440adb1:192.168.34.32:36113], old=null
2019-10-21 19:12:38,722 [grpc-default-executor-2] INFO  impl.RaftServerImpl (RaftServerImpl.java:setRole(184)) - e6a83585-83d0-4616-a3d5-866875ad8a29@group-73E40DF2990B: changes role from  FOLLOWER to FOLLOWER at term 10 for recognizeCandidate:f2627371-a904-4314-a836-5eb8f54559ec
2019-10-21 19:12:38,722 [grpc-default-executor-5] INFO  impl.RaftServerImpl (RaftServerImpl.java:setRole(184)) - 1b813ef4-47a4-4bfc-8eb5-c34ae440adb1@group-73E40DF2990B: changes role from  FOLLOWER to FOLLOWER at term 10 for recognizeCandidate:f2627371-a904-4314-a836-5eb8f54559ec
2019-10-21 19:12:38,723 [grpc-default-executor-2] INFO  impl.RoleInfo (RoleInfo.java:shutdownFollowerState(121)) - e6a83585-83d0-4616-a3d5-866875ad8a29: shutdown FollowerState
2019-10-21 19:12:38,723 [grpc-default-executor-5] INFO  impl.RoleInfo (RoleInfo.java:shutdownFollowerState(121)) - 1b813ef4-47a4-4bfc-8eb5-c34ae440adb1: shutdown FollowerState
2019-10-21 19:12:38,723 [grpc-default-executor-2] INFO  impl.RoleInfo (RoleInfo.java:updateAndGet(143)) - e6a83585-83d0-4616-a3d5-866875ad8a29: start FollowerState
2019-10-21 19:12:38,723 [Thread-289] INFO  impl.FollowerState (FollowerState.java:run(117)) - e6a83585-83d0-4616-a3d5-866875ad8a29@group-73E40DF2990B-FollowerState was interrupted: java.lang.InterruptedException: sleep interrupted
2019-10-21 19:12:38,723 [grpc-default-executor-5] INFO  impl.RoleInfo (RoleInfo.java:updateAndGet(143)) - 1b813ef4-47a4-4bfc-8eb5-c34ae440adb1: start FollowerState
2019-10-21 19:12:38,723 [Thread-290] INFO  impl.FollowerState (FollowerState.java:run(117)) - 1b813ef4-47a4-4bfc-8eb5-c34ae440adb1@group-73E40DF2990B-FollowerState was interrupted: java.lang.InterruptedException: sleep interrupted
2019-10-21 19:12:38,741 [f2627371-a904-4314-a836-5eb8f54559ec@group-73E40DF2990B-LeaderElection15] INFO  impl.LeaderElection (LeaderElection.java:logAndReturn(56)) - f2627371-a904-4314-a836-5eb8f54559ec@group-73E40DF2990B-LeaderElection15: Election REJECTED; received 2 response(s) [f2627371-a904-4314-a836-5eb8f54559ec<-e6a83585-83d0-4616-a3d5-866875ad8a29#0:FAIL-t10, f2627371-a904-4314-a836-5eb8f54559ec<-1b813ef4-47a4-4bfc-8eb5-c34ae440adb1#0:FAIL-t10] and 0 exception(s); f2627371-a904-4314-a836-5eb8f54559ec@group-73E40DF2990B:t10, leader=null, voted=f2627371-a904-4314-a836-5eb8f54559ec, raftlog=f2627371-a904-4314-a836-5eb8f54559ec@group-73E40DF2990B-SegmentedRaftLog:OPENED:c-1,f-1,i0, conf=-1: [e6a83585-83d0-4616-a3d5-866875ad8a29:192.168.34.32:46159, f2627371-a904-4314-a836-5eb8f54559ec:192.168.34.32:33224, 1b813ef4-47a4-4bfc-8eb5-c34ae440adb1:192.168.34.32:36113], old=null
2019-10-21 19:12:38,741 [f2627371-a904-4314-a836-5eb8f54559ec@group-73E40DF2990B-LeaderElection15] INFO  impl.RaftServerImpl (RaftServerImpl.java:setRole(184)) - f2627371-a904-4314-a836-5eb8f54559ec@group-73E40DF2990B: changes role from CANDIDATE to FOLLOWER at term 10 for DISCOVERED_A_NEW_TERM
2019-10-21 19:12:38,741 [f2627371-a904-4314-a836-5eb8f54559ec@group-73E40DF2990B-LeaderElection15] INFO  impl.RoleInfo (RoleInfo.java:shutdownLeaderElection(134)) - f2627371-a904-4314-a836-5eb8f54559ec: shutdown LeaderElection
2019-10-21 19:12:38,742 [f2627371-a904-4314-a836-5eb8f54559ec@group-73E40DF2990B-LeaderElection15] INFO  impl.RoleInfo (RoleInfo.java:updateAndGet(143)) - f2627371-a904-4314-a836-5eb8f54559ec: start FollowerState
2019-10-21 19:12:38,753 [IPC Server handler 0 on 37543] INFO  server.SCMBlockProtocolServer (SCMBlockProtocolServer.java:allocateBlock(179)) - Allocating 1 blocks of size 4194304, with ExcludeList {datanodes = [], containerIds = [], pipelineIds = []}
2019-10-21 19:12:38,857 [Thread-280] INFO  impl.MetricsSystemImpl (MetricsSystemImpl.java:init(158)) - XceiverClientMetrics metrics system started (again)
2019-10-21 19:12:38,892 [Thread-297] INFO  impl.FollowerState (FollowerState.java:run(108)) - f2627371-a904-4314-a836-5eb8f54559ec@group-73E40DF2990B-FollowerState: change to CANDIDATE, lastRpcTime:149ms, electionTimeout:148ms
2019-10-21 19:12:38,892 [Thread-297] INFO  impl.RoleInfo (RoleInfo.java:shutdownFollowerState(121)) - f2627371-a904-4314-a836-5eb8f54559ec: shutdown FollowerState
2019-10-21 19:12:38,892 [Thread-297] INFO  impl.RaftServerImpl (RaftServerImpl.java:setRole(184)) - f2627371-a904-4314-a836-5eb8f54559ec@group-73E40DF2990B: changes role from  FOLLOWER to CANDIDATE at term 10 for changeToCandidate
2019-10-21 19:12:38,893 [Thread-297] INFO  impl.RoleInfo (RoleInfo.java:updateAndGet(143)) - f2627371-a904-4314-a836-5eb8f54559ec: start LeaderElection
2019-10-21 19:12:38,909 [f2627371-a904-4314-a836-5eb8f54559ec@group-73E40DF2990B-LeaderElection16] INFO  impl.LeaderElection (LeaderElection.java:askForVotes(178)) - f2627371-a904-4314-a836-5eb8f54559ec@group-73E40DF2990B-LeaderElection16: begin an election at term 11 for -1: [e6a83585-83d0-4616-a3d5-866875ad8a29:192.168.34.32:46159, f2627371-a904-4314-a836-5eb8f54559ec:192.168.34.32:33224, 1b813ef4-47a4-4bfc-8eb5-c34ae440adb1:192.168.34.32:36113], old=null
2019-10-21 19:12:38,915 [grpc-default-executor-2] INFO  impl.RaftServerImpl (RaftServerImpl.java:setRole(184)) - e6a83585-83d0-4616-a3d5-866875ad8a29@group-73E40DF2990B: changes role from  FOLLOWER to FOLLOWER at term 11 for recognizeCandidate:f2627371-a904-4314-a836-5eb8f54559ec
2019-10-21 19:12:38,915 [grpc-default-executor-5] INFO  impl.RaftServerImpl (RaftServerImpl.java:setRole(184)) - 1b813ef4-47a4-4bfc-8eb5-c34ae440adb1@group-73E40DF2990B: changes role from  FOLLOWER to FOLLOWER at term 11 for recognizeCandidate:f2627371-a904-4314-a836-5eb8f54559ec
2019-10-21 19:12:38,915 [grpc-default-executor-2] INFO  impl.RoleInfo (RoleInfo.java:shutdownFollowerState(121)) - e6a83585-83d0-4616-a3d5-866875ad8a29: shutdown FollowerState
2019-10-21 19:12:38,916 [grpc-default-executor-5] INFO  impl.RoleInfo (RoleInfo.java:shutdownFollowerState(121)) - 1b813ef4-47a4-4bfc-8eb5-c34ae440adb1: shutdown FollowerState
2019-10-21 19:12:38,916 [grpc-default-executor-2] INFO  impl.RoleInfo (RoleInfo.java:updateAndGet(143)) - e6a83585-83d0-4616-a3d5-866875ad8a29: start FollowerState
2019-10-21 19:12:38,916 [Thread-295] INFO  impl.FollowerState (FollowerState.java:run(117)) - e6a83585-83d0-4616-a3d5-866875ad8a29@group-73E40DF2990B-FollowerState was interrupted: java.lang.InterruptedException: sleep interrupted
2019-10-21 19:12:38,916 [grpc-default-executor-5] INFO  impl.RoleInfo (RoleInfo.java:updateAndGet(143)) - 1b813ef4-47a4-4bfc-8eb5-c34ae440adb1: start FollowerState
2019-10-21 19:12:38,916 [Thread-296] INFO  impl.FollowerState (FollowerState.java:run(117)) - 1b813ef4-47a4-4bfc-8eb5-c34ae440adb1@group-73E40DF2990B-FollowerState was interrupted: java.lang.InterruptedException: sleep interrupted
2019-10-21 19:12:38,941 [f2627371-a904-4314-a836-5eb8f54559ec@group-73E40DF2990B-LeaderElection16] INFO  impl.LeaderElection (LeaderElection.java:logAndReturn(56)) - f2627371-a904-4314-a836-5eb8f54559ec@group-73E40DF2990B-LeaderElection16: Election REJECTED; received 2 response(s) [f2627371-a904-4314-a836-5eb8f54559ec<-e6a83585-83d0-4616-a3d5-866875ad8a29#0:FAIL-t11, f2627371-a904-4314-a836-5eb8f54559ec<-1b813ef4-47a4-4bfc-8eb5-c34ae440adb1#0:FAIL-t11] and 0 exception(s); f2627371-a904-4314-a836-5eb8f54559ec@group-73E40DF2990B:t11, leader=null, voted=f2627371-a904-4314-a836-5eb8f54559ec, raftlog=f2627371-a904-4314-a836-5eb8f54559ec@group-73E40DF2990B-SegmentedRaftLog:OPENED:c-1,f-1,i0, conf=-1: [e6a83585-83d0-4616-a3d5-866875ad8a29:192.168.34.32:46159, f2627371-a904-4314-a836-5eb8f54559ec:192.168.34.32:33224, 1b813ef4-47a4-4bfc-8eb5-c34ae440adb1:192.168.34.32:36113], old=null
2019-10-21 19:12:38,941 [f2627371-a904-4314-a836-5eb8f54559ec@group-73E40DF2990B-LeaderElection16] INFO  impl.RaftServerImpl (RaftServerImpl.java:setRole(184)) - f2627371-a904-4314-a836-5eb8f54559ec@group-73E40DF2990B: changes role from CANDIDATE to FOLLOWER at term 11 for DISCOVERED_A_NEW_TERM
2019-10-21 19:12:38,943 [f2627371-a904-4314-a836-5eb8f54559ec@group-73E40DF2990B-LeaderElection16] INFO  impl.RoleInfo (RoleInfo.java:shutdownLeaderElection(134)) - f2627371-a904-4314-a836-5eb8f54559ec: shutdown LeaderElection
2019-10-21 19:12:38,943 [f2627371-a904-4314-a836-5eb8f54559ec@group-73E40DF2990B-LeaderElection16] INFO  impl.RoleInfo (RoleInfo.java:updateAndGet(143)) - f2627371-a904-4314-a836-5eb8f54559ec: start FollowerState
2019-10-21 19:12:38,957 [Thread-303] INFO  impl.FollowerState (FollowerState.java:run(108)) - f2627371-a904-4314-a836-5eb8f54559ec@group-73E40DF2990B-FollowerState: change to CANDIDATE, lastRpcTime:13ms, electionTimeout:9ms
2019-10-21 19:12:38,957 [Thread-303] INFO  impl.RoleInfo (RoleInfo.java:shutdownFollowerState(121)) - f2627371-a904-4314-a836-5eb8f54559ec: shutdown FollowerState
2019-10-21 19:12:38,958 [Thread-303] INFO  impl.RaftServerImpl (RaftServerImpl.java:setRole(184)) - f2627371-a904-4314-a836-5eb8f54559ec@group-73E40DF2990B: changes role from  FOLLOWER to CANDIDATE at term 11 for changeToCandidate
2019-10-21 19:12:38,958 [Thread-303] INFO  impl.RoleInfo (RoleInfo.java:updateAndGet(143)) - f2627371-a904-4314-a836-5eb8f54559ec: start LeaderElection
2019-10-21 19:12:38,972 [f2627371-a904-4314-a836-5eb8f54559ec@group-73E40DF2990B-LeaderElection17] INFO  impl.LeaderElection (LeaderElection.java:askForVotes(178)) - f2627371-a904-4314-a836-5eb8f54559ec@group-73E40DF2990B-LeaderElection17: begin an election at term 12 for -1: [e6a83585-83d0-4616-a3d5-866875ad8a29:192.168.34.32:46159, f2627371-a904-4314-a836-5eb8f54559ec:192.168.34.32:33224, 1b813ef4-47a4-4bfc-8eb5-c34ae440adb1:192.168.34.32:36113], old=null
2019-10-21 19:12:38,979 [grpc-default-executor-5] INFO  impl.RaftServerImpl (RaftServerImpl.java:setRole(184)) - 1b813ef4-47a4-4bfc-8eb5-c34ae440adb1@group-73E40DF2990B: changes role from  FOLLOWER to FOLLOWER at term 12 for recognizeCandidate:f2627371-a904-4314-a836-5eb8f54559ec
2019-10-21 19:12:38,979 [grpc-default-executor-2] INFO  impl.RaftServerImpl (RaftServerImpl.java:setRole(184)) - e6a83585-83d0-4616-a3d5-866875ad8a29@group-73E40DF2990B: changes role from  FOLLOWER to FOLLOWER at term 12 for recognizeCandidate:f2627371-a904-4314-a836-5eb8f54559ec
2019-10-21 19:12:38,980 [grpc-default-executor-5] INFO  impl.RoleInfo (RoleInfo.java:shutdownFollowerState(121)) - 1b813ef4-47a4-4bfc-8eb5-c34ae440adb1: shutdown FollowerState
2019-10-21 19:12:38,980 [grpc-default-executor-2] INFO  impl.RoleInfo (RoleInfo.java:shutdownFollowerState(121)) - e6a83585-83d0-4616-a3d5-866875ad8a29: shutdown FollowerState
2019-10-21 19:12:38,980 [grpc-default-executor-5] INFO  impl.RoleInfo (RoleInfo.java:updateAndGet(143)) - 1b813ef4-47a4-4bfc-8eb5-c34ae440adb1: start FollowerState
2019-10-21 19:12:38,980 [grpc-default-executor-2] INFO  impl.RoleInfo (RoleInfo.java:updateAndGet(143)) - e6a83585-83d0-4616-a3d5-866875ad8a29: start FollowerState
2019-10-21 19:12:38,980 [Thread-301] INFO  impl.FollowerState (FollowerState.java:run(117)) - e6a83585-83d0-4616-a3d5-866875ad8a29@group-73E40DF2990B-FollowerState was interrupted: java.lang.InterruptedException: sleep interrupted
2019-10-21 19:12:38,980 [Thread-302] INFO  impl.FollowerState (FollowerState.java:run(117)) - 1b813ef4-47a4-4bfc-8eb5-c34ae440adb1@group-73E40DF2990B-FollowerState was interrupted: java.lang.InterruptedException: sleep interrupted
2019-10-21 19:12:38,997 [f2627371-a904-4314-a836-5eb8f54559ec@group-73E40DF2990B-LeaderElection17] INFO  impl.LeaderElection (LeaderElection.java:logAndReturn(56)) - f2627371-a904-4314-a836-5eb8f54559ec@group-73E40DF2990B-LeaderElection17: Election REJECTED; received 2 response(s) [f2627371-a904-4314-a836-5eb8f54559ec<-e6a83585-83d0-4616-a3d5-866875ad8a29#0:FAIL-t12, f2627371-a904-4314-a836-5eb8f54559ec<-1b813ef4-47a4-4bfc-8eb5-c34ae440adb1#0:FAIL-t12] and 0 exception(s); f2627371-a904-4314-a836-5eb8f54559ec@group-73E40DF2990B:t12, leader=null, voted=f2627371-a904-4314-a836-5eb8f54559ec, raftlog=f2627371-a904-4314-a836-5eb8f54559ec@group-73E40DF2990B-SegmentedRaftLog:OPENED:c-1,f-1,i0, conf=-1: [e6a83585-83d0-4616-a3d5-866875ad8a29:192.168.34.32:46159, f2627371-a904-4314-a836-5eb8f54559ec:192.168.34.32:33224, 1b813ef4-47a4-4bfc-8eb5-c34ae440adb1:192.168.34.32:36113], old=null
2019-10-21 19:12:38,997 [f2627371-a904-4314-a836-5eb8f54559ec@group-73E40DF2990B-LeaderElection17] INFO  impl.RaftServerImpl (RaftServerImpl.java:setRole(184)) - f2627371-a904-4314-a836-5eb8f54559ec@group-73E40DF2990B: changes role from CANDIDATE to FOLLOWER at term 12 for DISCOVERED_A_NEW_TERM
2019-10-21 19:12:38,997 [f2627371-a904-4314-a836-5eb8f54559ec@group-73E40DF2990B-LeaderElection17] INFO  impl.RoleInfo (RoleInfo.java:shutdownLeaderElection(134)) - f2627371-a904-4314-a836-5eb8f54559ec: shutdown LeaderElection
2019-10-21 19:12:38,997 [f2627371-a904-4314-a836-5eb8f54559ec@group-73E40DF2990B-LeaderElection17] INFO  impl.RoleInfo (RoleInfo.java:updateAndGet(143)) - f2627371-a904-4314-a836-5eb8f54559ec: start FollowerState
2019-10-21 19:12:39,137 [Thread-312] INFO  impl.FollowerState (FollowerState.java:run(108)) - f2627371-a904-4314-a836-5eb8f54559ec@group-73E40DF2990B-FollowerState: change to CANDIDATE, lastRpcTime:139ms, electionTimeout:139ms
2019-10-21 19:12:39,140 [Thread-312] INFO  impl.RoleInfo (RoleInfo.java:shutdownFollowerState(121)) - f2627371-a904-4314-a836-5eb8f54559ec: shutdown FollowerState
2019-10-21 19:12:39,140 [Thread-312] INFO  impl.RaftServerImpl (RaftServerImpl.java:setRole(184)) - f2627371-a904-4314-a836-5eb8f54559ec@group-73E40DF2990B: changes role from  FOLLOWER to CANDIDATE at term 12 for changeToCandidate
2019-10-21 19:12:39,142 [Thread-312] INFO  impl.RoleInfo (RoleInfo.java:updateAndGet(143)) - f2627371-a904-4314-a836-5eb8f54559ec: start LeaderElection
2019-10-21 19:12:39,163 [f2627371-a904-4314-a836-5eb8f54559ec@group-73E40DF2990B-LeaderElection18] INFO  impl.LeaderElection (LeaderElection.java:askForVotes(178)) - f2627371-a904-4314-a836-5eb8f54559ec@group-73E40DF2990B-LeaderElection18: begin an election at term 13 for -1: [e6a83585-83d0-4616-a3d5-866875ad8a29:192.168.34.32:46159, f2627371-a904-4314-a836-5eb8f54559ec:192.168.34.32:33224, 1b813ef4-47a4-4bfc-8eb5-c34ae440adb1:192.168.34.32:36113], old=null
2019-10-21 19:12:39,171 [grpc-default-executor-2] INFO  impl.RaftServerImpl (RaftServerImpl.java:setRole(184)) - e6a83585-83d0-4616-a3d5-866875ad8a29@group-73E40DF2990B: changes role from  FOLLOWER to FOLLOWER at term 13 for recognizeCandidate:f2627371-a904-4314-a836-5eb8f54559ec
2019-10-21 19:12:39,171 [grpc-default-executor-5] INFO  impl.RaftServerImpl (RaftServerImpl.java:setRole(184)) - 1b813ef4-47a4-4bfc-8eb5-c34ae440adb1@group-73E40DF2990B: changes role from  FOLLOWER to FOLLOWER at term 13 for recognizeCandidate:f2627371-a904-4314-a836-5eb8f54559ec
2019-10-21 19:12:39,171 [grpc-default-executor-2] INFO  impl.RoleInfo (RoleInfo.java:shutdownFollowerState(121)) - e6a83585-83d0-4616-a3d5-866875ad8a29: shutdown FollowerState
2019-10-21 19:12:39,171 [grpc-default-executor-5] INFO  impl.RoleInfo (RoleInfo.java:shutdownFollowerState(121)) - 1b813ef4-47a4-4bfc-8eb5-c34ae440adb1: shutdown FollowerState
2019-10-21 19:12:39,171 [grpc-default-executor-2] INFO  impl.RoleInfo (RoleInfo.java:updateAndGet(143)) - e6a83585-83d0-4616-a3d5-866875ad8a29: start FollowerState
2019-10-21 19:12:39,171 [Thread-311] INFO  impl.FollowerState (FollowerState.java:run(117)) - e6a83585-83d0-4616-a3d5-866875ad8a29@group-73E40DF2990B-FollowerState was interrupted: java.lang.InterruptedException: sleep interrupted
2019-10-21 19:12:39,171 [Thread-310] INFO  impl.FollowerState (FollowerState.java:run(117)) - 1b813ef4-47a4-4bfc-8eb5-c34ae440adb1@group-73E40DF2990B-FollowerState was interrupted: java.lang.InterruptedException: sleep interrupted
2019-10-21 19:12:39,171 [grpc-default-executor-5] INFO  impl.RoleInfo (RoleInfo.java:updateAndGet(143)) - 1b813ef4-47a4-4bfc-8eb5-c34ae440adb1: start FollowerState
2019-10-21 19:12:39,190 [f2627371-a904-4314-a836-5eb8f54559ec@group-73E40DF2990B-LeaderElection18] INFO  impl.LeaderElection (LeaderElection.java:logAndReturn(56)) - f2627371-a904-4314-a836-5eb8f54559ec@group-73E40DF2990B-LeaderElection18: Election REJECTED; received 2 response(s) [f2627371-a904-4314-a836-5eb8f54559ec<-e6a83585-83d0-4616-a3d5-866875ad8a29#0:FAIL-t13, f2627371-a904-4314-a836-5eb8f54559ec<-1b813ef4-47a4-4bfc-8eb5-c34ae440adb1#0:FAIL-t13] and 0 exception(s); f2627371-a904-4314-a836-5eb8f54559ec@group-73E40DF2990B:t13, leader=null, voted=f2627371-a904-4314-a836-5eb8f54559ec, raftlog=f2627371-a904-4314-a836-5eb8f54559ec@group-73E40DF2990B-SegmentedRaftLog:OPENED:c-1,f-1,i0, conf=-1: [e6a83585-83d0-4616-a3d5-866875ad8a29:192.168.34.32:46159, f2627371-a904-4314-a836-5eb8f54559ec:192.168.34.32:33224, 1b813ef4-47a4-4bfc-8eb5-c34ae440adb1:192.168.34.32:36113], old=null
2019-10-21 19:12:39,191 [f2627371-a904-4314-a836-5eb8f54559ec@group-73E40DF2990B-LeaderElection18] INFO  impl.RaftServerImpl (RaftServerImpl.java:setRole(184)) - f2627371-a904-4314-a836-5eb8f54559ec@group-73E40DF2990B: changes role from CANDIDATE to FOLLOWER at term 13 for DISCOVERED_A_NEW_TERM
2019-10-21 19:12:39,191 [f2627371-a904-4314-a836-5eb8f54559ec@group-73E40DF2990B-LeaderElection18] INFO  impl.RoleInfo (RoleInfo.java:shutdownLeaderElection(134)) - f2627371-a904-4314-a836-5eb8f54559ec: shutdown LeaderElection
2019-10-21 19:12:39,191 [f2627371-a904-4314-a836-5eb8f54559ec@group-73E40DF2990B-LeaderElection18] INFO  impl.RoleInfo (RoleInfo.java:updateAndGet(143)) - f2627371-a904-4314-a836-5eb8f54559ec: start FollowerState
2019-10-21 19:12:39,285 [Thread-199] INFO  container.ReplicationManager (ReplicationManager.java:start(162)) - Starting Replication Monitor Thread.
2019-10-21 19:12:39,292 [ReplicationMonitor] INFO  container.ReplicationManager (ReplicationManager.java:run(225)) - Replication Monitor Thread took 4 milliseconds for processing 1 containers.
2019-10-21 19:12:39,352 [Thread-318] INFO  impl.FollowerState (FollowerState.java:run(108)) - f2627371-a904-4314-a836-5eb8f54559ec@group-73E40DF2990B-FollowerState: change to CANDIDATE, lastRpcTime:160ms, electionTimeout:160ms
2019-10-21 19:12:39,352 [Thread-318] INFO  impl.RoleInfo (RoleInfo.java:shutdownFollowerState(121)) - f2627371-a904-4314-a836-5eb8f54559ec: shutdown FollowerState
2019-10-21 19:12:39,352 [Thread-318] INFO  impl.RaftServerImpl (RaftServerImpl.java:setRole(184)) - f2627371-a904-4314-a836-5eb8f54559ec@group-73E40DF2990B: changes role from  FOLLOWER to CANDIDATE at term 13 for changeToCandidate
2019-10-21 19:12:39,352 [Thread-318] INFO  impl.RoleInfo (RoleInfo.java:updateAndGet(143)) - f2627371-a904-4314-a836-5eb8f54559ec: start LeaderElection
2019-10-21 19:12:39,367 [f2627371-a904-4314-a836-5eb8f54559ec@group-73E40DF2990B-LeaderElection19] INFO  impl.LeaderElection (LeaderElection.java:askForVotes(178)) - f2627371-a904-4314-a836-5eb8f54559ec@group-73E40DF2990B-LeaderElection19: begin an election at term 14 for -1: [e6a83585-83d0-4616-a3d5-866875ad8a29:192.168.34.32:46159, f2627371-a904-4314-a836-5eb8f54559ec:192.168.34.32:33224, 1b813ef4-47a4-4bfc-8eb5-c34ae440adb1:192.168.34.32:36113], old=null
2019-10-21 19:12:39,376 [grpc-default-executor-2] INFO  impl.RaftServerImpl (RaftServerImpl.java:setRole(184)) - e6a83585-83d0-4616-a3d5-866875ad8a29@group-73E40DF2990B: changes role from  FOLLOWER to FOLLOWER at term 14 for recognizeCandidate:f2627371-a904-4314-a836-5eb8f54559ec
2019-10-21 19:12:39,376 [grpc-default-executor-2] INFO  impl.RoleInfo (RoleInfo.java:shutdownFollowerState(121)) - e6a83585-83d0-4616-a3d5-866875ad8a29: shutdown FollowerState
2019-10-21 19:12:39,376 [grpc-default-executor-5] INFO  impl.RaftServerImpl (RaftServerImpl.java:setRole(184)) - 1b813ef4-47a4-4bfc-8eb5-c34ae440adb1@group-73E40DF2990B: changes role from  FOLLOWER to FOLLOWER at term 14 for recognizeCandidate:f2627371-a904-4314-a836-5eb8f54559ec
2019-10-21 19:12:39,377 [grpc-default-executor-2] INFO  impl.RoleInfo (RoleInfo.java:updateAndGet(143)) - e6a83585-83d0-4616-a3d5-866875ad8a29: start FollowerState
2019-10-21 19:12:39,377 [Thread-316] INFO  impl.FollowerState (FollowerState.java:run(117)) - e6a83585-83d0-4616-a3d5-866875ad8a29@group-73E40DF2990B-FollowerState was interrupted: java.lang.InterruptedException: sleep interrupted
2019-10-21 19:12:39,377 [grpc-default-executor-5] INFO  impl.RoleInfo (RoleInfo.java:shutdownFollowerState(121)) - 1b813ef4-47a4-4bfc-8eb5-c34ae440adb1: shutdown FollowerState
2019-10-21 19:12:39,378 [Thread-317] INFO  impl.FollowerState (FollowerState.java:run(117)) - 1b813ef4-47a4-4bfc-8eb5-c34ae440adb1@group-73E40DF2990B-FollowerState was interrupted: java.lang.InterruptedException: sleep interrupted
2019-10-21 19:12:39,378 [grpc-default-executor-5] INFO  impl.RoleInfo (RoleInfo.java:updateAndGet(143)) - 1b813ef4-47a4-4bfc-8eb5-c34ae440adb1: start FollowerState
2019-10-21 19:12:39,395 [f2627371-a904-4314-a836-5eb8f54559ec@group-73E40DF2990B-LeaderElection19] INFO  impl.LeaderElection (LeaderElection.java:logAndReturn(56)) - f2627371-a904-4314-a836-5eb8f54559ec@group-73E40DF2990B-LeaderElection19: Election REJECTED; received 2 response(s) [f2627371-a904-4314-a836-5eb8f54559ec<-e6a83585-83d0-4616-a3d5-866875ad8a29#0:FAIL-t14, f2627371-a904-4314-a836-5eb8f54559ec<-1b813ef4-47a4-4bfc-8eb5-c34ae440adb1#0:FAIL-t14] and 0 exception(s); f2627371-a904-4314-a836-5eb8f54559ec@group-73E40DF2990B:t14, leader=null, voted=f2627371-a904-4314-a836-5eb8f54559ec, raftlog=f2627371-a904-4314-a836-5eb8f54559ec@group-73E40DF2990B-SegmentedRaftLog:OPENED:c-1,f-1,i0, conf=-1: [e6a83585-83d0-4616-a3d5-866875ad8a29:192.168.34.32:46159, f2627371-a904-4314-a836-5eb8f54559ec:192.168.34.32:33224, 1b813ef4-47a4-4bfc-8eb5-c34ae440adb1:192.168.34.32:36113], old=null
2019-10-21 19:12:39,396 [f2627371-a904-4314-a836-5eb8f54559ec@group-73E40DF2990B-LeaderElection19] INFO  impl.RaftServerImpl (RaftServerImpl.java:setRole(184)) - f2627371-a904-4314-a836-5eb8f54559ec@group-73E40DF2990B: changes role from CANDIDATE to FOLLOWER at term 14 for DISCOVERED_A_NEW_TERM
2019-10-21 19:12:39,396 [f2627371-a904-4314-a836-5eb8f54559ec@group-73E40DF2990B-LeaderElection19] INFO  impl.RoleInfo (RoleInfo.java:shutdownLeaderElection(134)) - f2627371-a904-4314-a836-5eb8f54559ec: shutdown LeaderElection
2019-10-21 19:12:39,396 [f2627371-a904-4314-a836-5eb8f54559ec@group-73E40DF2990B-LeaderElection19] INFO  impl.RoleInfo (RoleInfo.java:updateAndGet(143)) - f2627371-a904-4314-a836-5eb8f54559ec: start FollowerState
2019-10-21 19:12:39,440 [Thread-325] INFO  impl.FollowerState (FollowerState.java:run(108)) - f2627371-a904-4314-a836-5eb8f54559ec@group-73E40DF2990B-FollowerState: change to CANDIDATE, lastRpcTime:44ms, electionTimeout:44ms
2019-10-21 19:12:39,441 [Thread-325] INFO  impl.RoleInfo (RoleInfo.java:shutdownFollowerState(121)) - f2627371-a904-4314-a836-5eb8f54559ec: shutdown FollowerState
2019-10-21 19:12:39,442 [Thread-325] INFO  impl.RaftServerImpl (RaftServerImpl.java:setRole(184)) - f2627371-a904-4314-a836-5eb8f54559ec@group-73E40DF2990B: changes role from  FOLLOWER to CANDIDATE at term 14 for changeToCandidate
2019-10-21 19:12:39,442 [Thread-325] INFO  impl.RoleInfo (RoleInfo.java:updateAndGet(143)) - f2627371-a904-4314-a836-5eb8f54559ec: start LeaderElection
2019-10-21 19:12:39,461 [f2627371-a904-4314-a836-5eb8f54559ec@group-73E40DF2990B-LeaderElection20] INFO  impl.LeaderElection (LeaderElection.java:askForVotes(178)) - f2627371-a904-4314-a836-5eb8f54559ec@group-73E40DF2990B-LeaderElection20: begin an election at term 15 for -1: [e6a83585-83d0-4616-a3d5-866875ad8a29:192.168.34.32:46159, f2627371-a904-4314-a836-5eb8f54559ec:192.168.34.32:33224, 1b813ef4-47a4-4bfc-8eb5-c34ae440adb1:192.168.34.32:36113], old=null
2019-10-21 19:12:39,464 [grpc-default-executor-2] INFO  impl.RaftServerImpl (RaftServerImpl.java:setRole(184)) - 1b813ef4-47a4-4bfc-8eb5-c34ae440adb1@group-73E40DF2990B: changes role from  FOLLOWER to FOLLOWER at term 15 for recognizeCandidate:f2627371-a904-4314-a836-5eb8f54559ec
2019-10-21 19:12:39,464 [grpc-default-executor-2] INFO  impl.RoleInfo (RoleInfo.java:shutdownFollowerState(121)) - 1b813ef4-47a4-4bfc-8eb5-c34ae440adb1: shutdown FollowerState
2019-10-21 19:12:39,464 [grpc-default-executor-2] INFO  impl.RoleInfo (RoleInfo.java:updateAndGet(143)) - 1b813ef4-47a4-4bfc-8eb5-c34ae440adb1: start FollowerState
2019-10-21 19:12:39,464 [Thread-324] INFO  impl.FollowerState (FollowerState.java:run(117)) - 1b813ef4-47a4-4bfc-8eb5-c34ae440adb1@group-73E40DF2990B-FollowerState was interrupted: java.lang.InterruptedException: sleep interrupted
2019-10-21 19:12:39,465 [grpc-default-executor-5] INFO  impl.RaftServerImpl (RaftServerImpl.java:setRole(184)) - e6a83585-83d0-4616-a3d5-866875ad8a29@group-73E40DF2990B: changes role from  FOLLOWER to FOLLOWER at term 15 for recognizeCandidate:f2627371-a904-4314-a836-5eb8f54559ec
2019-10-21 19:12:39,465 [grpc-default-executor-5] INFO  impl.RoleInfo (RoleInfo.java:shutdownFollowerState(121)) - e6a83585-83d0-4616-a3d5-866875ad8a29: shutdown FollowerState
2019-10-21 19:12:39,465 [Thread-323] INFO  impl.FollowerState (FollowerState.java:run(117)) - e6a83585-83d0-4616-a3d5-866875ad8a29@group-73E40DF2990B-FollowerState was interrupted: java.lang.InterruptedException: sleep interrupted
2019-10-21 19:12:39,465 [grpc-default-executor-5] INFO  impl.RoleInfo (RoleInfo.java:updateAndGet(143)) - e6a83585-83d0-4616-a3d5-866875ad8a29: start FollowerState
2019-10-21 19:12:39,482 [f2627371-a904-4314-a836-5eb8f54559ec@group-73E40DF2990B-LeaderElection20] INFO  impl.LeaderElection (LeaderElection.java:logAndReturn(56)) - f2627371-a904-4314-a836-5eb8f54559ec@group-73E40DF2990B-LeaderElection20: Election REJECTED; received 2 response(s) [f2627371-a904-4314-a836-5eb8f54559ec<-e6a83585-83d0-4616-a3d5-866875ad8a29#0:FAIL-t15, f2627371-a904-4314-a836-5eb8f54559ec<-1b813ef4-47a4-4bfc-8eb5-c34ae440adb1#0:FAIL-t15] and 0 exception(s); f2627371-a904-4314-a836-5eb8f54559ec@group-73E40DF2990B:t15, leader=null, voted=f2627371-a904-4314-a836-5eb8f54559ec, raftlog=f2627371-a904-4314-a836-5eb8f54559ec@group-73E40DF2990B-SegmentedRaftLog:OPENED:c-1,f-1,i0, conf=-1: [e6a83585-83d0-4616-a3d5-866875ad8a29:192.168.34.32:46159, f2627371-a904-4314-a836-5eb8f54559ec:192.168.34.32:33224, 1b813ef4-47a4-4bfc-8eb5-c34ae440adb1:192.168.34.32:36113], old=null
2019-10-21 19:12:39,482 [f2627371-a904-4314-a836-5eb8f54559ec@group-73E40DF2990B-LeaderElection20] INFO  impl.RaftServerImpl (RaftServerImpl.java:setRole(184)) - f2627371-a904-4314-a836-5eb8f54559ec@group-73E40DF2990B: changes role from CANDIDATE to FOLLOWER at term 15 for DISCOVERED_A_NEW_TERM
2019-10-21 19:12:39,482 [f2627371-a904-4314-a836-5eb8f54559ec@group-73E40DF2990B-LeaderElection20] INFO  impl.RoleInfo (RoleInfo.java:shutdownLeaderElection(134)) - f2627371-a904-4314-a836-5eb8f54559ec: shutdown LeaderElection
2019-10-21 19:12:39,482 [f2627371-a904-4314-a836-5eb8f54559ec@group-73E40DF2990B-LeaderElection20] INFO  impl.RoleInfo (RoleInfo.java:updateAndGet(143)) - f2627371-a904-4314-a836-5eb8f54559ec: start FollowerState
2019-10-21 19:12:39,528 [Thread-331] INFO  impl.FollowerState (FollowerState.java:run(108)) - f2627371-a904-4314-a836-5eb8f54559ec@group-73E40DF2990B-FollowerState: change to CANDIDATE, lastRpcTime:45ms, electionTimeout:45ms
2019-10-21 19:12:39,529 [Thread-331] INFO  impl.RoleInfo (RoleInfo.java:shutdownFollowerState(121)) - f2627371-a904-4314-a836-5eb8f54559ec: shutdown FollowerState
2019-10-21 19:12:39,529 [Thread-331] INFO  impl.RaftServerImpl (RaftServerImpl.java:setRole(184)) - f2627371-a904-4314-a836-5eb8f54559ec@group-73E40DF2990B: changes role from  FOLLOWER to CANDIDATE at term 15 for changeToCandidate
2019-10-21 19:12:39,529 [Thread-331] INFO  impl.RoleInfo (RoleInfo.java:updateAndGet(143)) - f2627371-a904-4314-a836-5eb8f54559ec: start LeaderElection
2019-10-21 19:12:39,543 [f2627371-a904-4314-a836-5eb8f54559ec@group-73E40DF2990B-LeaderElection21] INFO  impl.LeaderElection (LeaderElection.java:askForVotes(178)) - f2627371-a904-4314-a836-5eb8f54559ec@group-73E40DF2990B-LeaderElection21: begin an election at term 16 for -1: [e6a83585-83d0-4616-a3d5-866875ad8a29:192.168.34.32:46159, f2627371-a904-4314-a836-5eb8f54559ec:192.168.34.32:33224, 1b813ef4-47a4-4bfc-8eb5-c34ae440adb1:192.168.34.32:36113], old=null
2019-10-21 19:12:39,547 [grpc-default-executor-2] INFO  impl.RaftServerImpl (RaftServerImpl.java:setRole(184)) - e6a83585-83d0-4616-a3d5-866875ad8a29@group-73E40DF2990B: changes role from  FOLLOWER to FOLLOWER at term 16 for recognizeCandidate:f2627371-a904-4314-a836-5eb8f54559ec
2019-10-21 19:12:39,547 [grpc-default-executor-5] INFO  impl.RaftServerImpl (RaftServerImpl.java:setRole(184)) - 1b813ef4-47a4-4bfc-8eb5-c34ae440adb1@group-73E40DF2990B: changes role from  FOLLOWER to FOLLOWER at term 16 for recognizeCandidate:f2627371-a904-4314-a836-5eb8f54559ec
2019-10-21 19:12:39,547 [grpc-default-executor-2] INFO  impl.RoleInfo (RoleInfo.java:shutdownFollowerState(121)) - e6a83585-83d0-4616-a3d5-866875ad8a29: shutdown FollowerState
2019-10-21 19:12:39,547 [grpc-default-executor-5] INFO  impl.RoleInfo (RoleInfo.java:shutdownFollowerState(121)) - 1b813ef4-47a4-4bfc-8eb5-c34ae440adb1: shutdown FollowerState
2019-10-21 19:12:39,547 [grpc-default-executor-2] INFO  impl.RoleInfo (RoleInfo.java:updateAndGet(143)) - e6a83585-83d0-4616-a3d5-866875ad8a29: start FollowerState
2019-10-21 19:12:39,547 [Thread-330] INFO  impl.FollowerState (FollowerState.java:run(117)) - e6a83585-83d0-4616-a3d5-866875ad8a29@group-73E40DF2990B-FollowerState was interrupted: java.lang.InterruptedException: sleep interrupted
2019-10-21 19:12:39,547 [grpc-default-executor-5] INFO  impl.RoleInfo (RoleInfo.java:updateAndGet(143)) - 1b813ef4-47a4-4bfc-8eb5-c34ae440adb1: start FollowerState
2019-10-21 19:12:39,547 [Thread-329] INFO  impl.FollowerState (FollowerState.java:run(117)) - 1b813ef4-47a4-4bfc-8eb5-c34ae440adb1@group-73E40DF2990B-FollowerState was interrupted: java.lang.InterruptedException: sleep interrupted
2019-10-21 19:12:39,548 [f2627371-a904-4314-a836-5eb8f54559ec@group-73E40DF2990B-LeaderElection21] INFO  impl.LeaderElection (LeaderElection.java:logAndReturn(56)) - f2627371-a904-4314-a836-5eb8f54559ec@group-73E40DF2990B-LeaderElection21: Election TIMEOUT; received 0 response(s) [] and 0 exception(s); f2627371-a904-4314-a836-5eb8f54559ec@group-73E40DF2990B:t16, leader=null, voted=f2627371-a904-4314-a836-5eb8f54559ec, raftlog=f2627371-a904-4314-a836-5eb8f54559ec@group-73E40DF2990B-SegmentedRaftLog:OPENED:c-1,f-1,i0, conf=-1: [e6a83585-83d0-4616-a3d5-866875ad8a29:192.168.34.32:46159, f2627371-a904-4314-a836-5eb8f54559ec:192.168.34.32:33224, 1b813ef4-47a4-4bfc-8eb5-c34ae440adb1:192.168.34.32:36113], old=null
2019-10-21 19:12:39,561 [f2627371-a904-4314-a836-5eb8f54559ec@group-73E40DF2990B-LeaderElection21] INFO  impl.LeaderElection (LeaderElection.java:askForVotes(178)) - f2627371-a904-4314-a836-5eb8f54559ec@group-73E40DF2990B-LeaderElection21: begin an election at term 17 for -1: [e6a83585-83d0-4616-a3d5-866875ad8a29:192.168.34.32:46159, f2627371-a904-4314-a836-5eb8f54559ec:192.168.34.32:33224, 1b813ef4-47a4-4bfc-8eb5-c34ae440adb1:192.168.34.32:36113], old=null
2019-10-21 19:12:39,565 [grpc-default-executor-2] INFO  impl.RaftServerImpl (RaftServerImpl.java:setRole(184)) - 1b813ef4-47a4-4bfc-8eb5-c34ae440adb1@group-73E40DF2990B: changes role from  FOLLOWER to FOLLOWER at term 17 for recognizeCandidate:f2627371-a904-4314-a836-5eb8f54559ec
2019-10-21 19:12:39,566 [grpc-default-executor-5] INFO  impl.RaftServerImpl (RaftServerImpl.java:setRole(184)) - e6a83585-83d0-4616-a3d5-866875ad8a29@group-73E40DF2990B: changes role from  FOLLOWER to FOLLOWER at term 17 for recognizeCandidate:f2627371-a904-4314-a836-5eb8f54559ec
2019-10-21 19:12:39,566 [grpc-default-executor-2] INFO  impl.RoleInfo (RoleInfo.java:shutdownFollowerState(121)) - 1b813ef4-47a4-4bfc-8eb5-c34ae440adb1: shutdown FollowerState
2019-10-21 19:12:39,566 [grpc-default-executor-5] INFO  impl.RoleInfo (RoleInfo.java:shutdownFollowerState(121)) - e6a83585-83d0-4616-a3d5-866875ad8a29: shutdown FollowerState
2019-10-21 19:12:39,566 [grpc-default-executor-2] INFO  impl.RoleInfo (RoleInfo.java:updateAndGet(143)) - 1b813ef4-47a4-4bfc-8eb5-c34ae440adb1: start FollowerState
2019-10-21 19:12:39,566 [Thread-336] INFO  impl.FollowerState (FollowerState.java:run(117)) - 1b813ef4-47a4-4bfc-8eb5-c34ae440adb1@group-73E40DF2990B-FollowerState was interrupted: java.lang.InterruptedException: sleep interrupted
2019-10-21 19:12:39,566 [grpc-default-executor-5] INFO  impl.RoleInfo (RoleInfo.java:updateAndGet(143)) - e6a83585-83d0-4616-a3d5-866875ad8a29: start FollowerState
2019-10-21 19:12:39,566 [Thread-335] INFO  impl.FollowerState (FollowerState.java:run(117)) - e6a83585-83d0-4616-a3d5-866875ad8a29@group-73E40DF2990B-FollowerState was interrupted: java.lang.InterruptedException: sleep interrupted
2019-10-21 19:12:39,579 [f2627371-a904-4314-a836-5eb8f54559ec@group-73E40DF2990B-LeaderElection21] INFO  impl.LeaderElection (LeaderElection.java:logAndReturn(56)) - f2627371-a904-4314-a836-5eb8f54559ec@group-73E40DF2990B-LeaderElection21: Election TIMEOUT; received 0 response(s) [] and 0 exception(s); f2627371-a904-4314-a836-5eb8f54559ec@group-73E40DF2990B:t17, leader=null, voted=f2627371-a904-4314-a836-5eb8f54559ec, raftlog=f2627371-a904-4314-a836-5eb8f54559ec@group-73E40DF2990B-SegmentedRaftLog:OPENED:c-1,f-1,i0, conf=-1: [e6a83585-83d0-4616-a3d5-866875ad8a29:192.168.34.32:46159, f2627371-a904-4314-a836-5eb8f54559ec:192.168.34.32:33224, 1b813ef4-47a4-4bfc-8eb5-c34ae440adb1:192.168.34.32:36113], old=null
2019-10-21 19:12:39,583 [f2627371-a904-4314-a836-5eb8f54559ec@group-73E40DF2990B-LeaderElection21] INFO  impl.LeaderElection (LeaderElection.java:askForVotes(178)) - f2627371-a904-4314-a836-5eb8f54559ec@group-73E40DF2990B-LeaderElection21: begin an election at term 18 for -1: [e6a83585-83d0-4616-a3d5-866875ad8a29:192.168.34.32:46159, f2627371-a904-4314-a836-5eb8f54559ec:192.168.34.32:33224, 1b813ef4-47a4-4bfc-8eb5-c34ae440adb1:192.168.34.32:36113], old=null
2019-10-21 19:12:39,586 [grpc-default-executor-5] INFO  impl.RaftServerImpl (RaftServerImpl.java:setRole(184)) - 1b813ef4-47a4-4bfc-8eb5-c34ae440adb1@group-73E40DF2990B: changes role from  FOLLOWER to FOLLOWER at term 18 for recognizeCandidate:f2627371-a904-4314-a836-5eb8f54559ec
2019-10-21 19:12:39,586 [grpc-default-executor-2] INFO  impl.RaftServerImpl (RaftServerImpl.java:setRole(184)) - e6a83585-83d0-4616-a3d5-866875ad8a29@group-73E40DF2990B: changes role from  FOLLOWER to FOLLOWER at term 18 for recognizeCandidate:f2627371-a904-4314-a836-5eb8f54559ec
2019-10-21 19:12:39,591 [grpc-default-executor-2] INFO  impl.RoleInfo (RoleInfo.java:shutdownFollowerState(121)) - e6a83585-83d0-4616-a3d5-866875ad8a29: shutdown FollowerState
2019-10-21 19:12:39,590 [grpc-default-executor-5] INFO  impl.RoleInfo (RoleInfo.java:shutdownFollowerState(121)) - 1b813ef4-47a4-4bfc-8eb5-c34ae440adb1: shutdown FollowerState
2019-10-21 19:12:39,591 [grpc-default-executor-2] INFO  impl.RoleInfo (RoleInfo.java:updateAndGet(143)) - e6a83585-83d0-4616-a3d5-866875ad8a29: start FollowerState
2019-10-21 19:12:39,591 [Thread-340] INFO  impl.FollowerState (FollowerState.java:run(117)) - e6a83585-83d0-4616-a3d5-866875ad8a29@group-73E40DF2990B-FollowerState was interrupted: java.lang.InterruptedException: sleep interrupted
2019-10-21 19:12:39,591 [Thread-339] INFO  impl.FollowerState (FollowerState.java:run(117)) - 1b813ef4-47a4-4bfc-8eb5-c34ae440adb1@group-73E40DF2990B-FollowerState was interrupted: java.lang.InterruptedException: sleep interrupted
2019-10-21 19:12:39,591 [grpc-default-executor-5] INFO  impl.RoleInfo (RoleInfo.java:updateAndGet(143)) - 1b813ef4-47a4-4bfc-8eb5-c34ae440adb1: start FollowerState
2019-10-21 19:12:39,606 [f2627371-a904-4314-a836-5eb8f54559ec@group-73E40DF2990B-LeaderElection21] INFO  impl.LeaderElection (LeaderElection.java:logAndReturn(56)) - f2627371-a904-4314-a836-5eb8f54559ec@group-73E40DF2990B-LeaderElection21: Election REJECTED; received 2 response(s) [f2627371-a904-4314-a836-5eb8f54559ec<-e6a83585-83d0-4616-a3d5-866875ad8a29#0:FAIL-t18, f2627371-a904-4314-a836-5eb8f54559ec<-1b813ef4-47a4-4bfc-8eb5-c34ae440adb1#0:FAIL-t18] and 0 exception(s); f2627371-a904-4314-a836-5eb8f54559ec@group-73E40DF2990B:t18, leader=null, voted=f2627371-a904-4314-a836-5eb8f54559ec, raftlog=f2627371-a904-4314-a836-5eb8f54559ec@group-73E40DF2990B-SegmentedRaftLog:OPENED:c-1,f-1,i0, conf=-1: [e6a83585-83d0-4616-a3d5-866875ad8a29:192.168.34.32:46159, f2627371-a904-4314-a836-5eb8f54559ec:192.168.34.32:33224, 1b813ef4-47a4-4bfc-8eb5-c34ae440adb1:192.168.34.32:36113], old=null
2019-10-21 19:12:39,607 [f2627371-a904-4314-a836-5eb8f54559ec@group-73E40DF2990B-LeaderElection21] INFO  impl.RaftServerImpl (RaftServerImpl.java:setRole(184)) - f2627371-a904-4314-a836-5eb8f54559ec@group-73E40DF2990B: changes role from CANDIDATE to FOLLOWER at term 18 for DISCOVERED_A_NEW_TERM
2019-10-21 19:12:39,607 [f2627371-a904-4314-a836-5eb8f54559ec@group-73E40DF2990B-LeaderElection21] INFO  impl.RoleInfo (RoleInfo.java:shutdownLeaderElection(134)) - f2627371-a904-4314-a836-5eb8f54559ec: shutdown LeaderElection
2019-10-21 19:12:39,607 [f2627371-a904-4314-a836-5eb8f54559ec@group-73E40DF2990B-LeaderElection21] INFO  impl.RoleInfo (RoleInfo.java:updateAndGet(143)) - f2627371-a904-4314-a836-5eb8f54559ec: start FollowerState
2019-10-21 19:12:39,608 [Thread-345] INFO  impl.FollowerState (FollowerState.java:run(108)) - f2627371-a904-4314-a836-5eb8f54559ec@group-73E40DF2990B-FollowerState: change to CANDIDATE, lastRpcTime:1ms, electionTimeout:1ms
2019-10-21 19:12:39,609 [Thread-345] INFO  impl.RoleInfo (RoleInfo.java:shutdownFollowerState(121)) - f2627371-a904-4314-a836-5eb8f54559ec: shutdown FollowerState
2019-10-21 19:12:39,609 [Thread-345] INFO  impl.RaftServerImpl (RaftServerImpl.java:setRole(184)) - f2627371-a904-4314-a836-5eb8f54559ec@group-73E40DF2990B: changes role from  FOLLOWER to CANDIDATE at term 18 for changeToCandidate
2019-10-21 19:12:39,610 [Thread-345] INFO  impl.RoleInfo (RoleInfo.java:updateAndGet(143)) - f2627371-a904-4314-a836-5eb8f54559ec: start LeaderElection
2019-10-21 19:12:39,623 [f2627371-a904-4314-a836-5eb8f54559ec@group-73E40DF2990B-LeaderElection22] INFO  impl.LeaderElection (LeaderElection.java:askForVotes(178)) - f2627371-a904-4314-a836-5eb8f54559ec@group-73E40DF2990B-LeaderElection22: begin an election at term 19 for -1: [e6a83585-83d0-4616-a3d5-866875ad8a29:192.168.34.32:46159, f2627371-a904-4314-a836-5eb8f54559ec:192.168.34.32:33224, 1b813ef4-47a4-4bfc-8eb5-c34ae440adb1:192.168.34.32:36113], old=null
2019-10-21 19:12:39,626 [grpc-default-executor-5] INFO  impl.RaftServerImpl (RaftServerImpl.java:setRole(184)) - 1b813ef4-47a4-4bfc-8eb5-c34ae440adb1@group-73E40DF2990B: changes role from  FOLLOWER to FOLLOWER at term 19 for recognizeCandidate:f2627371-a904-4314-a836-5eb8f54559ec
2019-10-21 19:12:39,626 [grpc-default-executor-5] INFO  impl.RoleInfo (RoleInfo.java:shutdownFollowerState(121)) - 1b813ef4-47a4-4bfc-8eb5-c34ae440adb1: shutdown FollowerState
2019-10-21 19:12:39,626 [Thread-344] INFO  impl.FollowerState (FollowerState.java:run(117)) - 1b813ef4-47a4-4bfc-8eb5-c34ae440adb1@group-73E40DF2990B-FollowerState was interrupted: java.lang.InterruptedException: sleep interrupted
2019-10-21 19:12:39,627 [grpc-default-executor-2] INFO  impl.RaftServerImpl (RaftServerImpl.java:setRole(184)) - e6a83585-83d0-4616-a3d5-866875ad8a29@group-73E40DF2990B: changes role from  FOLLOWER to FOLLOWER at term 19 for recognizeCandidate:f2627371-a904-4314-a836-5eb8f54559ec
2019-10-21 19:12:39,626 [grpc-default-executor-5] INFO  impl.RoleInfo (RoleInfo.java:updateAndGet(143)) - 1b813ef4-47a4-4bfc-8eb5-c34ae440adb1: start FollowerState
2019-10-21 19:12:39,627 [grpc-default-executor-2] INFO  impl.RoleInfo (RoleInfo.java:shutdownFollowerState(121)) - e6a83585-83d0-4616-a3d5-866875ad8a29: shutdown FollowerState
2019-10-21 19:12:39,627 [Thread-343] INFO  impl.FollowerState (FollowerState.java:run(117)) - e6a83585-83d0-4616-a3d5-866875ad8a29@group-73E40DF2990B-FollowerState was interrupted: java.lang.InterruptedException: sleep interrupted
2019-10-21 19:12:39,627 [grpc-default-executor-2] INFO  impl.RoleInfo (RoleInfo.java:updateAndGet(143)) - e6a83585-83d0-4616-a3d5-866875ad8a29: start FollowerState
2019-10-21 19:12:39,644 [f2627371-a904-4314-a836-5eb8f54559ec@group-73E40DF2990B-LeaderElection22] INFO  impl.LeaderElection (LeaderElection.java:logAndReturn(56)) - f2627371-a904-4314-a836-5eb8f54559ec@group-73E40DF2990B-LeaderElection22: Election REJECTED; received 2 response(s) [f2627371-a904-4314-a836-5eb8f54559ec<-e6a83585-83d0-4616-a3d5-866875ad8a29#0:FAIL-t19, f2627371-a904-4314-a836-5eb8f54559ec<-1b813ef4-47a4-4bfc-8eb5-c34ae440adb1#0:FAIL-t19] and 0 exception(s); f2627371-a904-4314-a836-5eb8f54559ec@group-73E40DF2990B:t19, leader=null, voted=f2627371-a904-4314-a836-5eb8f54559ec, raftlog=f2627371-a904-4314-a836-5eb8f54559ec@group-73E40DF2990B-SegmentedRaftLog:OPENED:c-1,f-1,i0, conf=-1: [e6a83585-83d0-4616-a3d5-866875ad8a29:192.168.34.32:46159, f2627371-a904-4314-a836-5eb8f54559ec:192.168.34.32:33224, 1b813ef4-47a4-4bfc-8eb5-c34ae440adb1:192.168.34.32:36113], old=null
2019-10-21 19:12:39,644 [f2627371-a904-4314-a836-5eb8f54559ec@group-73E40DF2990B-LeaderElection22] INFO  impl.RaftServerImpl (RaftServerImpl.java:setRole(184)) - f2627371-a904-4314-a836-5eb8f54559ec@group-73E40DF2990B: changes role from CANDIDATE to FOLLOWER at term 19 for DISCOVERED_A_NEW_TERM
2019-10-21 19:12:39,644 [f2627371-a904-4314-a836-5eb8f54559ec@group-73E40DF2990B-LeaderElection22] INFO  impl.RoleInfo (RoleInfo.java:shutdownLeaderElection(134)) - f2627371-a904-4314-a836-5eb8f54559ec: shutdown LeaderElection
2019-10-21 19:12:39,644 [f2627371-a904-4314-a836-5eb8f54559ec@group-73E40DF2990B-LeaderElection22] INFO  impl.RoleInfo (RoleInfo.java:updateAndGet(143)) - f2627371-a904-4314-a836-5eb8f54559ec: start FollowerState
2019-10-21 19:12:39,723 [Thread-351] INFO  impl.FollowerState (FollowerState.java:run(108)) - f2627371-a904-4314-a836-5eb8f54559ec@group-73E40DF2990B-FollowerState: change to CANDIDATE, lastRpcTime:78ms, electionTimeout:78ms
2019-10-21 19:12:39,724 [Thread-351] INFO  impl.RoleInfo (RoleInfo.java:shutdownFollowerState(121)) - f2627371-a904-4314-a836-5eb8f54559ec: shutdown FollowerState
2019-10-21 19:12:39,724 [Thread-351] INFO  impl.RaftServerImpl (RaftServerImpl.java:setRole(184)) - f2627371-a904-4314-a836-5eb8f54559ec@group-73E40DF2990B: changes role from  FOLLOWER to CANDIDATE at term 19 for changeToCandidate
2019-10-21 19:12:39,724 [Thread-351] INFO  impl.RoleInfo (RoleInfo.java:updateAndGet(143)) - f2627371-a904-4314-a836-5eb8f54559ec: start LeaderElection
2019-10-21 19:12:39,737 [f2627371-a904-4314-a836-5eb8f54559ec@group-73E40DF2990B-LeaderElection23] INFO  impl.LeaderElection (LeaderElection.java:askForVotes(178)) - f2627371-a904-4314-a836-5eb8f54559ec@group-73E40DF2990B-LeaderElection23: begin an election at term 20 for -1: [e6a83585-83d0-4616-a3d5-866875ad8a29:192.168.34.32:46159, f2627371-a904-4314-a836-5eb8f54559ec:192.168.34.32:33224, 1b813ef4-47a4-4bfc-8eb5-c34ae440adb1:192.168.34.32:36113], old=null
2019-10-21 19:12:39,740 [grpc-default-executor-2] INFO  impl.RaftServerImpl (RaftServerImpl.java:setRole(184)) - e6a83585-83d0-4616-a3d5-866875ad8a29@group-73E40DF2990B: changes role from  FOLLOWER to FOLLOWER at term 20 for recognizeCandidate:f2627371-a904-4314-a836-5eb8f54559ec
2019-10-21 19:12:39,740 [grpc-default-executor-5] INFO  impl.RaftServerImpl (RaftServerImpl.java:setRole(184)) - 1b813ef4-47a4-4bfc-8eb5-c34ae440adb1@group-73E40DF2990B: changes role from  FOLLOWER to FOLLOWER at term 20 for recognizeCandidate:f2627371-a904-4314-a836-5eb8f54559ec
2019-10-21 19:12:39,740 [grpc-default-executor-2] INFO  impl.RoleInfo (RoleInfo.java:shutdownFollowerState(121)) - e6a83585-83d0-4616-a3d5-866875ad8a29: shutdown FollowerState
2019-10-21 19:12:39,740 [grpc-default-executor-5] INFO  impl.RoleInfo (RoleInfo.java:shutdownFollowerState(121)) - 1b813ef4-47a4-4bfc-8eb5-c34ae440adb1: shutdown FollowerState
2019-10-21 19:12:39,741 [grpc-default-executor-2] INFO  impl.RoleInfo (RoleInfo.java:updateAndGet(143)) - e6a83585-83d0-4616-a3d5-866875ad8a29: start FollowerState
2019-10-21 19:12:39,741 [Thread-350] INFO  impl.FollowerState (FollowerState.java:run(117)) - e6a83585-83d0-4616-a3d5-866875ad8a29@group-73E40DF2990B-FollowerState was interrupted: java.lang.InterruptedException: sleep interrupted
2019-10-21 19:12:39,741 [Thread-349] INFO  impl.FollowerState (FollowerState.java:run(117)) - 1b813ef4-47a4-4bfc-8eb5-c34ae440adb1@group-73E40DF2990B-FollowerState was interrupted: java.lang.InterruptedException: sleep interrupted
2019-10-21 19:12:39,741 [grpc-default-executor-5] INFO  impl.RoleInfo (RoleInfo.java:updateAndGet(143)) - 1b813ef4-47a4-4bfc-8eb5-c34ae440adb1: start FollowerState
2019-10-21 19:12:39,757 [f2627371-a904-4314-a836-5eb8f54559ec@group-73E40DF2990B-LeaderElection23] INFO  impl.LeaderElection (LeaderElection.java:logAndReturn(56)) - f2627371-a904-4314-a836-5eb8f54559ec@group-73E40DF2990B-LeaderElection23: Election REJECTED; received 2 response(s) [f2627371-a904-4314-a836-5eb8f54559ec<-e6a83585-83d0-4616-a3d5-866875ad8a29#0:FAIL-t20, f2627371-a904-4314-a836-5eb8f54559ec<-1b813ef4-47a4-4bfc-8eb5-c34ae440adb1#0:FAIL-t20] and 0 exception(s); f2627371-a904-4314-a836-5eb8f54559ec@group-73E40DF2990B:t20, leader=null, voted=f2627371-a904-4314-a836-5eb8f54559ec, raftlog=f2627371-a904-4314-a836-5eb8f54559ec@group-73E40DF2990B-SegmentedRaftLog:OPENED:c-1,f-1,i0, conf=-1: [e6a83585-83d0-4616-a3d5-866875ad8a29:192.168.34.32:46159, f2627371-a904-4314-a836-5eb8f54559ec:192.168.34.32:33224, 1b813ef4-47a4-4bfc-8eb5-c34ae440adb1:192.168.34.32:36113], old=null
2019-10-21 19:12:39,757 [f2627371-a904-4314-a836-5eb8f54559ec@group-73E40DF2990B-LeaderElection23] INFO  impl.RaftServerImpl (RaftServerImpl.java:setRole(184)) - f2627371-a904-4314-a836-5eb8f54559ec@group-73E40DF2990B: changes role from CANDIDATE to FOLLOWER at term 20 for DISCOVERED_A_NEW_TERM
2019-10-21 19:12:39,757 [f2627371-a904-4314-a836-5eb8f54559ec@group-73E40DF2990B-LeaderElection23] INFO  impl.RoleInfo (RoleInfo.java:shutdownLeaderElection(134)) - f2627371-a904-4314-a836-5eb8f54559ec: shutdown LeaderElection
2019-10-21 19:12:39,757 [f2627371-a904-4314-a836-5eb8f54559ec@group-73E40DF2990B-LeaderElection23] INFO  impl.RoleInfo (RoleInfo.java:updateAndGet(143)) - f2627371-a904-4314-a836-5eb8f54559ec: start FollowerState
2019-10-21 19:12:39,917 [Thread-357] INFO  impl.FollowerState (FollowerState.java:run(108)) - f2627371-a904-4314-a836-5eb8f54559ec@group-73E40DF2990B-FollowerState: change to CANDIDATE, lastRpcTime:160ms, electionTimeout:160ms
2019-10-21 19:12:39,919 [Thread-357] INFO  impl.RoleInfo (RoleInfo.java:shutdownFollowerState(121)) - f2627371-a904-4314-a836-5eb8f54559ec: shutdown FollowerState
2019-10-21 19:12:39,920 [Thread-357] INFO  impl.RaftServerImpl (RaftServerImpl.java:setRole(184)) - f2627371-a904-4314-a836-5eb8f54559ec@group-73E40DF2990B: changes role from  FOLLOWER to CANDIDATE at term 20 for changeToCandidate
2019-10-21 19:12:39,920 [Thread-357] INFO  impl.RoleInfo (RoleInfo.java:updateAndGet(143)) - f2627371-a904-4314-a836-5eb8f54559ec: start LeaderElection
2019-10-21 19:12:39,934 [f2627371-a904-4314-a836-5eb8f54559ec@group-73E40DF2990B-LeaderElection24] INFO  impl.LeaderElection (LeaderElection.java:askForVotes(178)) - f2627371-a904-4314-a836-5eb8f54559ec@group-73E40DF2990B-LeaderElection24: begin an election at term 21 for -1: [e6a83585-83d0-4616-a3d5-866875ad8a29:192.168.34.32:46159, f2627371-a904-4314-a836-5eb8f54559ec:192.168.34.32:33224, 1b813ef4-47a4-4bfc-8eb5-c34ae440adb1:192.168.34.32:36113], old=null
2019-10-21 19:12:39,938 [grpc-default-executor-5] INFO  impl.RaftServerImpl (RaftServerImpl.java:setRole(184)) - 1b813ef4-47a4-4bfc-8eb5-c34ae440adb1@group-73E40DF2990B: changes role from  FOLLOWER to FOLLOWER at term 21 for recognizeCandidate:f2627371-a904-4314-a836-5eb8f54559ec
2019-10-21 19:12:39,938 [grpc-default-executor-2] INFO  impl.RaftServerImpl (RaftServerImpl.java:setRole(184)) - e6a83585-83d0-4616-a3d5-866875ad8a29@group-73E40DF2990B: changes role from  FOLLOWER to FOLLOWER at term 21 for recognizeCandidate:f2627371-a904-4314-a836-5eb8f54559ec
2019-10-21 19:12:39,938 [grpc-default-executor-5] INFO  impl.RoleInfo (RoleInfo.java:shutdownFollowerState(121)) - 1b813ef4-47a4-4bfc-8eb5-c34ae440adb1: shutdown FollowerState
2019-10-21 19:12:39,938 [grpc-default-executor-2] INFO  impl.RoleInfo (RoleInfo.java:shutdownFollowerState(121)) - e6a83585-83d0-4616-a3d5-866875ad8a29: shutdown FollowerState
2019-10-21 19:12:39,939 [grpc-default-executor-5] INFO  impl.RoleInfo (RoleInfo.java:updateAndGet(143)) - 1b813ef4-47a4-4bfc-8eb5-c34ae440adb1: start FollowerState
2019-10-21 19:12:39,939 [Thread-356] INFO  impl.FollowerState (FollowerState.java:run(117)) - 1b813ef4-47a4-4bfc-8eb5-c34ae440adb1@group-73E40DF2990B-FollowerState was interrupted: java.lang.InterruptedException: sleep interrupted
2019-10-21 19:12:39,939 [grpc-default-executor-2] INFO  impl.RoleInfo (RoleInfo.java:updateAndGet(143)) - e6a83585-83d0-4616-a3d5-866875ad8a29: start FollowerState
2019-10-21 19:12:39,939 [Thread-355] INFO  impl.FollowerState (FollowerState.java:run(117)) - e6a83585-83d0-4616-a3d5-866875ad8a29@group-73E40DF2990B-FollowerState was interrupted: java.lang.InterruptedException: sleep interrupted
2019-10-21 19:12:39,956 [f2627371-a904-4314-a836-5eb8f54559ec@group-73E40DF2990B-LeaderElection24] INFO  impl.LeaderElection (LeaderElection.java:logAndReturn(56)) - f2627371-a904-4314-a836-5eb8f54559ec@group-73E40DF2990B-LeaderElection24: Election REJECTED; received 2 response(s) [f2627371-a904-4314-a836-5eb8f54559ec<-e6a83585-83d0-4616-a3d5-866875ad8a29#0:FAIL-t21, f2627371-a904-4314-a836-5eb8f54559ec<-1b813ef4-47a4-4bfc-8eb5-c34ae440adb1#0:FAIL-t21] and 0 exception(s); f2627371-a904-4314-a836-5eb8f54559ec@group-73E40DF2990B:t21, leader=null, voted=f2627371-a904-4314-a836-5eb8f54559ec, raftlog=f2627371-a904-4314-a836-5eb8f54559ec@group-73E40DF2990B-SegmentedRaftLog:OPENED:c-1,f-1,i0, conf=-1: [e6a83585-83d0-4616-a3d5-866875ad8a29:192.168.34.32:46159, f2627371-a904-4314-a836-5eb8f54559ec:192.168.34.32:33224, 1b813ef4-47a4-4bfc-8eb5-c34ae440adb1:192.168.34.32:36113], old=null
2019-10-21 19:12:39,956 [f2627371-a904-4314-a836-5eb8f54559ec@group-73E40DF2990B-LeaderElection24] INFO  impl.RaftServerImpl (RaftServerImpl.java:setRole(184)) - f2627371-a904-4314-a836-5eb8f54559ec@group-73E40DF2990B: changes role from CANDIDATE to FOLLOWER at term 21 for DISCOVERED_A_NEW_TERM
2019-10-21 19:12:39,956 [f2627371-a904-4314-a836-5eb8f54559ec@group-73E40DF2990B-LeaderElection24] INFO  impl.RoleInfo (RoleInfo.java:shutdownLeaderElection(134)) - f2627371-a904-4314-a836-5eb8f54559ec: shutdown LeaderElection
2019-10-21 19:12:39,956 [f2627371-a904-4314-a836-5eb8f54559ec@group-73E40DF2990B-LeaderElection24] INFO  impl.RoleInfo (RoleInfo.java:updateAndGet(143)) - f2627371-a904-4314-a836-5eb8f54559ec: start FollowerState
2019-10-21 19:12:40,062 [Thread-363] INFO  impl.FollowerState (FollowerState.java:run(108)) - f2627371-a904-4314-a836-5eb8f54559ec@group-73E40DF2990B-FollowerState: change to CANDIDATE, lastRpcTime:105ms, electionTimeout:105ms
2019-10-21 19:12:40,063 [Thread-363] INFO  impl.RoleInfo (RoleInfo.java:shutdownFollowerState(121)) - f2627371-a904-4314-a836-5eb8f54559ec: shutdown FollowerState
2019-10-21 19:12:40,063 [Thread-363] INFO  impl.RaftServerImpl (RaftServerImpl.java:setRole(184)) - f2627371-a904-4314-a836-5eb8f54559ec@group-73E40DF2990B: changes role from  FOLLOWER to CANDIDATE at term 21 for changeToCandidate
2019-10-21 19:12:40,063 [Thread-363] INFO  impl.RoleInfo (RoleInfo.java:updateAndGet(143)) - f2627371-a904-4314-a836-5eb8f54559ec: start LeaderElection
2019-10-21 19:12:40,078 [f2627371-a904-4314-a836-5eb8f54559ec@group-73E40DF2990B-LeaderElection25] INFO  impl.LeaderElection (LeaderElection.java:askForVotes(178)) - f2627371-a904-4314-a836-5eb8f54559ec@group-73E40DF2990B-LeaderElection25: begin an election at term 22 for -1: [e6a83585-83d0-4616-a3d5-866875ad8a29:192.168.34.32:46159, f2627371-a904-4314-a836-5eb8f54559ec:192.168.34.32:33224, 1b813ef4-47a4-4bfc-8eb5-c34ae440adb1:192.168.34.32:36113], old=null
2019-10-21 19:12:40,083 [grpc-default-executor-5] INFO  impl.RaftServerImpl (RaftServerImpl.java:setRole(184)) - e6a83585-83d0-4616-a3d5-866875ad8a29@group-73E40DF2990B: changes role from  FOLLOWER to FOLLOWER at term 22 for recognizeCandidate:f2627371-a904-4314-a836-5eb8f54559ec
2019-10-21 19:12:40,083 [grpc-default-executor-2] INFO  impl.RaftServerImpl (RaftServerImpl.java:setRole(184)) - 1b813ef4-47a4-4bfc-8eb5-c34ae440adb1@group-73E40DF2990B: changes role from  FOLLOWER to FOLLOWER at term 22 for recognizeCandidate:f2627371-a904-4314-a836-5eb8f54559ec
2019-10-21 19:12:40,083 [grpc-default-executor-5] INFO  impl.RoleInfo (RoleInfo.java:shutdownFollowerState(121)) - e6a83585-83d0-4616-a3d5-866875ad8a29: shutdown FollowerState
2019-10-21 19:12:40,084 [grpc-default-executor-2] INFO  impl.RoleInfo (RoleInfo.java:shutdownFollowerState(121)) - 1b813ef4-47a4-4bfc-8eb5-c34ae440adb1: shutdown FollowerState
2019-10-21 19:12:40,084 [grpc-default-executor-5] INFO  impl.RoleInfo (RoleInfo.java:updateAndGet(143)) - e6a83585-83d0-4616-a3d5-866875ad8a29: start FollowerState
2019-10-21 19:12:40,084 [grpc-default-executor-2] INFO  impl.RoleInfo (RoleInfo.java:updateAndGet(143)) - 1b813ef4-47a4-4bfc-8eb5-c34ae440adb1: start FollowerState
2019-10-21 19:12:40,084 [Thread-361] INFO  impl.FollowerState (FollowerState.java:run(117)) - 1b813ef4-47a4-4bfc-8eb5-c34ae440adb1@group-73E40DF2990B-FollowerState was interrupted: java.lang.InterruptedException: sleep interrupted
2019-10-21 19:12:40,084 [Thread-362] INFO  impl.FollowerState (FollowerState.java:run(117)) - e6a83585-83d0-4616-a3d5-866875ad8a29@group-73E40DF2990B-FollowerState was interrupted: java.lang.InterruptedException: sleep interrupted
2019-10-21 19:12:40,100 [f2627371-a904-4314-a836-5eb8f54559ec@group-73E40DF2990B-LeaderElection25] INFO  impl.LeaderElection (LeaderElection.java:logAndReturn(56)) - f2627371-a904-4314-a836-5eb8f54559ec@group-73E40DF2990B-LeaderElection25: Election REJECTED; received 2 response(s) [f2627371-a904-4314-a836-5eb8f54559ec<-e6a83585-83d0-4616-a3d5-866875ad8a29#0:FAIL-t22, f2627371-a904-4314-a836-5eb8f54559ec<-1b813ef4-47a4-4bfc-8eb5-c34ae440adb1#0:FAIL-t22] and 0 exception(s); f2627371-a904-4314-a836-5eb8f54559ec@group-73E40DF2990B:t22, leader=null, voted=f2627371-a904-4314-a836-5eb8f54559ec, raftlog=f2627371-a904-4314-a836-5eb8f54559ec@group-73E40DF2990B-SegmentedRaftLog:OPENED:c-1,f-1,i0, conf=-1: [e6a83585-83d0-4616-a3d5-866875ad8a29:192.168.34.32:46159, f2627371-a904-4314-a836-5eb8f54559ec:192.168.34.32:33224, 1b813ef4-47a4-4bfc-8eb5-c34ae440adb1:192.168.34.32:36113], old=null
2019-10-21 19:12:40,100 [f2627371-a904-4314-a836-5eb8f54559ec@group-73E40DF2990B-LeaderElection25] INFO  impl.RaftServerImpl (RaftServerImpl.java:setRole(184)) - f2627371-a904-4314-a836-5eb8f54559ec@group-73E40DF2990B: changes role from CANDIDATE to FOLLOWER at term 22 for DISCOVERED_A_NEW_TERM
2019-10-21 19:12:40,101 [f2627371-a904-4314-a836-5eb8f54559ec@group-73E40DF2990B-LeaderElection25] INFO  impl.RoleInfo (RoleInfo.java:shutdownLeaderElection(134)) - f2627371-a904-4314-a836-5eb8f54559ec: shutdown LeaderElection
2019-10-21 19:12:40,101 [f2627371-a904-4314-a836-5eb8f54559ec@group-73E40DF2990B-LeaderElection25] INFO  impl.RoleInfo (RoleInfo.java:updateAndGet(143)) - f2627371-a904-4314-a836-5eb8f54559ec: start FollowerState
2019-10-21 19:12:40,279 [Thread-371] INFO  impl.FollowerState (FollowerState.java:run(108)) - f2627371-a904-4314-a836-5eb8f54559ec@group-73E40DF2990B-FollowerState: change to CANDIDATE, lastRpcTime:178ms, electionTimeout:178ms
2019-10-21 19:12:40,280 [Thread-371] INFO  impl.RoleInfo (RoleInfo.java:shutdownFollowerState(121)) - f2627371-a904-4314-a836-5eb8f54559ec: shutdown FollowerState
2019-10-21 19:12:40,281 [Thread-371] INFO  impl.RaftServerImpl (RaftServerImpl.java:setRole(184)) - f2627371-a904-4314-a836-5eb8f54559ec@group-73E40DF2990B: changes role from  FOLLOWER to CANDIDATE at term 22 for changeToCandidate
2019-10-21 19:12:40,281 [Thread-371] INFO  impl.RoleInfo (RoleInfo.java:updateAndGet(143)) - f2627371-a904-4314-a836-5eb8f54559ec: start LeaderElection
2019-10-21 19:12:40,296 [f2627371-a904-4314-a836-5eb8f54559ec@group-73E40DF2990B-LeaderElection26] INFO  impl.LeaderElection (LeaderElection.java:askForVotes(178)) - f2627371-a904-4314-a836-5eb8f54559ec@group-73E40DF2990B-LeaderElection26: begin an election at term 23 for -1: [e6a83585-83d0-4616-a3d5-866875ad8a29:192.168.34.32:46159, f2627371-a904-4314-a836-5eb8f54559ec:192.168.34.32:33224, 1b813ef4-47a4-4bfc-8eb5-c34ae440adb1:192.168.34.32:36113], old=null
2019-10-21 19:12:40,299 [grpc-default-executor-2] INFO  impl.RaftServerImpl (RaftServerImpl.java:setRole(184)) - 1b813ef4-47a4-4bfc-8eb5-c34ae440adb1@group-73E40DF2990B: changes role from  FOLLOWER to FOLLOWER at term 23 for recognizeCandidate:f2627371-a904-4314-a836-5eb8f54559ec
2019-10-21 19:12:40,299 [grpc-default-executor-2] INFO  impl.RoleInfo (RoleInfo.java:shutdownFollowerState(121)) - 1b813ef4-47a4-4bfc-8eb5-c34ae440adb1: shutdown FollowerState
2019-10-21 19:12:40,299 [grpc-default-executor-5] INFO  impl.RaftServerImpl (RaftServerImpl.java:setRole(184)) - e6a83585-83d0-4616-a3d5-866875ad8a29@group-73E40DF2990B: changes role from  FOLLOWER to FOLLOWER at term 23 for recognizeCandidate:f2627371-a904-4314-a836-5eb8f54559ec
2019-10-21 19:12:40,300 [Thread-370] INFO  impl.FollowerState (FollowerState.java:run(117)) - 1b813ef4-47a4-4bfc-8eb5-c34ae440adb1@group-73E40DF2990B-FollowerState was interrupted: java.lang.InterruptedException: sleep interrupted
2019-10-21 19:12:40,300 [grpc-default-executor-2] INFO  impl.RoleInfo (RoleInfo.java:updateAndGet(143)) - 1b813ef4-47a4-4bfc-8eb5-c34ae440adb1: start FollowerState
2019-10-21 19:12:40,300 [grpc-default-executor-5] INFO  impl.RoleInfo (RoleInfo.java:shutdownFollowerState(121)) - e6a83585-83d0-4616-a3d5-866875ad8a29: shutdown FollowerState
2019-10-21 19:12:40,300 [Thread-369] INFO  impl.FollowerState (FollowerState.java:run(117)) - e6a83585-83d0-4616-a3d5-866875ad8a29@group-73E40DF2990B-FollowerState was interrupted: java.lang.InterruptedException: sleep interrupted
2019-10-21 19:12:40,300 [grpc-default-executor-5] INFO  impl.RoleInfo (RoleInfo.java:updateAndGet(143)) - e6a83585-83d0-4616-a3d5-866875ad8a29: start FollowerState
2019-10-21 19:12:40,321 [f2627371-a904-4314-a836-5eb8f54559ec@group-73E40DF2990B-LeaderElection26] INFO  impl.LeaderElection (LeaderElection.java:logAndReturn(56)) - f2627371-a904-4314-a836-5eb8f54559ec@group-73E40DF2990B-LeaderElection26: Election REJECTED; received 2 response(s) [f2627371-a904-4314-a836-5eb8f54559ec<-e6a83585-83d0-4616-a3d5-866875ad8a29#0:FAIL-t23, f2627371-a904-4314-a836-5eb8f54559ec<-1b813ef4-47a4-4bfc-8eb5-c34ae440adb1#0:FAIL-t23] and 0 exception(s); f2627371-a904-4314-a836-5eb8f54559ec@group-73E40DF2990B:t23, leader=null, voted=f2627371-a904-4314-a836-5eb8f54559ec, raftlog=f2627371-a904-4314-a836-5eb8f54559ec@group-73E40DF2990B-SegmentedRaftLog:OPENED:c-1,f-1,i0, conf=-1: [e6a83585-83d0-4616-a3d5-866875ad8a29:192.168.34.32:46159, f2627371-a904-4314-a836-5eb8f54559ec:192.168.34.32:33224, 1b813ef4-47a4-4bfc-8eb5-c34ae440adb1:192.168.34.32:36113], old=null
2019-10-21 19:12:40,321 [f2627371-a904-4314-a836-5eb8f54559ec@group-73E40DF2990B-LeaderElection26] INFO  impl.RaftServerImpl (RaftServerImpl.java:setRole(184)) - f2627371-a904-4314-a836-5eb8f54559ec@group-73E40DF2990B: changes role from CANDIDATE to FOLLOWER at term 23 for DISCOVERED_A_NEW_TERM
2019-10-21 19:12:40,321 [f2627371-a904-4314-a836-5eb8f54559ec@group-73E40DF2990B-LeaderElection26] INFO  impl.RoleInfo (RoleInfo.java:shutdownLeaderElection(134)) - f2627371-a904-4314-a836-5eb8f54559ec: shutdown LeaderElection
2019-10-21 19:12:40,322 [f2627371-a904-4314-a836-5eb8f54559ec@group-73E40DF2990B-LeaderElection26] INFO  impl.RoleInfo (RoleInfo.java:updateAndGet(143)) - f2627371-a904-4314-a836-5eb8f54559ec: start FollowerState
2019-10-21 19:12:40,503 [Thread-377] INFO  impl.FollowerState (FollowerState.java:run(108)) - f2627371-a904-4314-a836-5eb8f54559ec@group-73E40DF2990B-FollowerState: change to CANDIDATE, lastRpcTime:181ms, electionTimeout:181ms
2019-10-21 19:12:40,505 [Thread-377] INFO  impl.RoleInfo (RoleInfo.java:shutdownFollowerState(121)) - f2627371-a904-4314-a836-5eb8f54559ec: shutdown FollowerState
2019-10-21 19:12:40,505 [Thread-377] INFO  impl.RaftServerImpl (RaftServerImpl.java:setRole(184)) - f2627371-a904-4314-a836-5eb8f54559ec@group-73E40DF2990B: changes role from  FOLLOWER to CANDIDATE at term 23 for changeToCandidate
2019-10-21 19:12:40,505 [Thread-377] INFO  impl.RoleInfo (RoleInfo.java:updateAndGet(143)) - f2627371-a904-4314-a836-5eb8f54559ec: start LeaderElection
2019-10-21 19:12:40,519 [f2627371-a904-4314-a836-5eb8f54559ec@group-73E40DF2990B-LeaderElection27] INFO  impl.LeaderElection (LeaderElection.java:askForVotes(178)) - f2627371-a904-4314-a836-5eb8f54559ec@group-73E40DF2990B-LeaderElection27: begin an election at term 24 for -1: [e6a83585-83d0-4616-a3d5-866875ad8a29:192.168.34.32:46159, f2627371-a904-4314-a836-5eb8f54559ec:192.168.34.32:33224, 1b813ef4-47a4-4bfc-8eb5-c34ae440adb1:192.168.34.32:36113], old=null
2019-10-21 19:12:40,522 [grpc-default-executor-5] INFO  impl.RaftServerImpl (RaftServerImpl.java:setRole(184)) - 1b813ef4-47a4-4bfc-8eb5-c34ae440adb1@group-73E40DF2990B: changes role from  FOLLOWER to FOLLOWER at term 24 for recognizeCandidate:f2627371-a904-4314-a836-5eb8f54559ec
2019-10-21 19:12:40,522 [grpc-default-executor-2] INFO  impl.RaftServerImpl (RaftServerImpl.java:setRole(184)) - e6a83585-83d0-4616-a3d5-866875ad8a29@group-73E40DF2990B: changes role from  FOLLOWER to FOLLOWER at term 24 for recognizeCandidate:f2627371-a904-4314-a836-5eb8f54559ec
2019-10-21 19:12:40,522 [grpc-default-executor-5] INFO  impl.RoleInfo (RoleInfo.java:shutdownFollowerState(121)) - 1b813ef4-47a4-4bfc-8eb5-c34ae440adb1: shutdown FollowerState
2019-10-21 19:12:40,523 [grpc-default-executor-2] INFO  impl.RoleInfo (RoleInfo.java:shutdownFollowerState(121)) - e6a83585-83d0-4616-a3d5-866875ad8a29: shutdown FollowerState
2019-10-21 19:12:40,523 [grpc-default-executor-5] INFO  impl.RoleInfo (RoleInfo.java:updateAndGet(143)) - 1b813ef4-47a4-4bfc-8eb5-c34ae440adb1: start FollowerState
2019-10-21 19:12:40,523 [Thread-375] INFO  impl.FollowerState (FollowerState.java:run(117)) - 1b813ef4-47a4-4bfc-8eb5-c34ae440adb1@group-73E40DF2990B-FollowerState was interrupted: java.lang.InterruptedException: sleep interrupted
2019-10-21 19:12:40,523 [grpc-default-executor-2] INFO  impl.RoleInfo (RoleInfo.java:updateAndGet(143)) - e6a83585-83d0-4616-a3d5-866875ad8a29: start FollowerState
2019-10-21 19:12:40,523 [Thread-376] INFO  impl.FollowerState (FollowerState.java:run(117)) - e6a83585-83d0-4616-a3d5-866875ad8a29@group-73E40DF2990B-FollowerState was interrupted: java.lang.InterruptedException: sleep interrupted
2019-10-21 19:12:40,537 [f2627371-a904-4314-a836-5eb8f54559ec@group-73E40DF2990B-LeaderElection27] INFO  impl.LeaderElection (LeaderElection.java:logAndReturn(56)) - f2627371-a904-4314-a836-5eb8f54559ec@group-73E40DF2990B-LeaderElection27: Election REJECTED; received 2 response(s) [f2627371-a904-4314-a836-5eb8f54559ec<-e6a83585-83d0-4616-a3d5-866875ad8a29#0:FAIL-t24, f2627371-a904-4314-a836-5eb8f54559ec<-1b813ef4-47a4-4bfc-8eb5-c34ae440adb1#0:FAIL-t24] and 0 exception(s); f2627371-a904-4314-a836-5eb8f54559ec@group-73E40DF2990B:t24, leader=null, voted=f2627371-a904-4314-a836-5eb8f54559ec, raftlog=f2627371-a904-4314-a836-5eb8f54559ec@group-73E40DF2990B-SegmentedRaftLog:OPENED:c-1,f-1,i0, conf=-1: [e6a83585-83d0-4616-a3d5-866875ad8a29:192.168.34.32:46159, f2627371-a904-4314-a836-5eb8f54559ec:192.168.34.32:33224, 1b813ef4-47a4-4bfc-8eb5-c34ae440adb1:192.168.34.32:36113], old=null
2019-10-21 19:12:40,537 [f2627371-a904-4314-a836-5eb8f54559ec@group-73E40DF2990B-LeaderElection27] INFO  impl.RaftServerImpl (RaftServerImpl.java:setRole(184)) - f2627371-a904-4314-a836-5eb8f54559ec@group-73E40DF2990B: changes role from CANDIDATE to FOLLOWER at term 24 for DISCOVERED_A_NEW_TERM
2019-10-21 19:12:40,537 [f2627371-a904-4314-a836-5eb8f54559ec@group-73E40DF2990B-LeaderElection27] INFO  impl.RoleInfo (RoleInfo.java:shutdownLeaderElection(134)) - f2627371-a904-4314-a836-5eb8f54559ec: shutdown LeaderElection
2019-10-21 19:12:40,537 [f2627371-a904-4314-a836-5eb8f54559ec@group-73E40DF2990B-LeaderElection27] INFO  impl.RoleInfo (RoleInfo.java:updateAndGet(143)) - f2627371-a904-4314-a836-5eb8f54559ec: start FollowerState
2019-10-21 19:12:40,547 [Thread-383] INFO  impl.FollowerState (FollowerState.java:run(108)) - f2627371-a904-4314-a836-5eb8f54559ec@group-73E40DF2990B-FollowerState: change to CANDIDATE, lastRpcTime:10ms, electionTimeout:10ms
2019-10-21 19:12:40,549 [Thread-383] INFO  impl.RoleInfo (RoleInfo.java:shutdownFollowerState(121)) - f2627371-a904-4314-a836-5eb8f54559ec: shutdown FollowerState
2019-10-21 19:12:40,549 [Thread-383] INFO  impl.RaftServerImpl (RaftServerImpl.java:setRole(184)) - f2627371-a904-4314-a836-5eb8f54559ec@group-73E40DF2990B: changes role from  FOLLOWER to CANDIDATE at term 24 for changeToCandidate
2019-10-21 19:12:40,549 [Thread-383] INFO  impl.RoleInfo (RoleInfo.java:updateAndGet(143)) - f2627371-a904-4314-a836-5eb8f54559ec: start LeaderElection
2019-10-21 19:12:40,563 [f2627371-a904-4314-a836-5eb8f54559ec@group-73E40DF2990B-LeaderElection28] INFO  impl.LeaderElection (LeaderElection.java:askForVotes(178)) - f2627371-a904-4314-a836-5eb8f54559ec@group-73E40DF2990B-LeaderElection28: begin an election at term 25 for -1: [e6a83585-83d0-4616-a3d5-866875ad8a29:192.168.34.32:46159, f2627371-a904-4314-a836-5eb8f54559ec:192.168.34.32:33224, 1b813ef4-47a4-4bfc-8eb5-c34ae440adb1:192.168.34.32:36113], old=null
2019-10-21 19:12:40,566 [grpc-default-executor-2] INFO  impl.RaftServerImpl (RaftServerImpl.java:setRole(184)) - 1b813ef4-47a4-4bfc-8eb5-c34ae440adb1@group-73E40DF2990B: changes role from  FOLLOWER to FOLLOWER at term 25 for recognizeCandidate:f2627371-a904-4314-a836-5eb8f54559ec
2019-10-21 19:12:40,566 [grpc-default-executor-2] INFO  impl.RoleInfo (RoleInfo.java:shutdownFollowerState(121)) - 1b813ef4-47a4-4bfc-8eb5-c34ae440adb1: shutdown FollowerState
2019-10-21 19:12:40,566 [grpc-default-executor-5] INFO  impl.RaftServerImpl (RaftServerImpl.java:setRole(184)) - e6a83585-83d0-4616-a3d5-866875ad8a29@group-73E40DF2990B: changes role from  FOLLOWER to FOLLOWER at term 25 for recognizeCandidate:f2627371-a904-4314-a836-5eb8f54559ec
2019-10-21 19:12:40,566 [grpc-default-executor-2] INFO  impl.RoleInfo (RoleInfo.java:updateAndGet(143)) - 1b813ef4-47a4-4bfc-8eb5-c34ae440adb1: start FollowerState
2019-10-21 19:12:40,566 [Thread-381] INFO  impl.FollowerState (FollowerState.java:run(117)) - 1b813ef4-47a4-4bfc-8eb5-c34ae440adb1@group-73E40DF2990B-FollowerState was interrupted: java.lang.InterruptedException: sleep interrupted
2019-10-21 19:12:40,567 [grpc-default-executor-5] INFO  impl.RoleInfo (RoleInfo.java:shutdownFollowerState(121)) - e6a83585-83d0-4616-a3d5-866875ad8a29: shutdown FollowerState
2019-10-21 19:12:40,567 [Thread-382] INFO  impl.FollowerState (FollowerState.java:run(117)) - e6a83585-83d0-4616-a3d5-866875ad8a29@group-73E40DF2990B-FollowerState was interrupted: java.lang.InterruptedException: sleep interrupted
2019-10-21 19:12:40,567 [grpc-default-executor-5] INFO  impl.RoleInfo (RoleInfo.java:updateAndGet(143)) - e6a83585-83d0-4616-a3d5-866875ad8a29: start FollowerState
2019-10-21 19:12:40,584 [f2627371-a904-4314-a836-5eb8f54559ec@group-73E40DF2990B-LeaderElection28] INFO  impl.LeaderElection (LeaderElection.java:logAndReturn(56)) - f2627371-a904-4314-a836-5eb8f54559ec@group-73E40DF2990B-LeaderElection28: Election REJECTED; received 2 response(s) [f2627371-a904-4314-a836-5eb8f54559ec<-e6a83585-83d0-4616-a3d5-866875ad8a29#0:FAIL-t25, f2627371-a904-4314-a836-5eb8f54559ec<-1b813ef4-47a4-4bfc-8eb5-c34ae440adb1#0:FAIL-t25] and 0 exception(s); f2627371-a904-4314-a836-5eb8f54559ec@group-73E40DF2990B:t25, leader=null, voted=f2627371-a904-4314-a836-5eb8f54559ec, raftlog=f2627371-a904-4314-a836-5eb8f54559ec@group-73E40DF2990B-SegmentedRaftLog:OPENED:c-1,f-1,i0, conf=-1: [e6a83585-83d0-4616-a3d5-866875ad8a29:192.168.34.32:46159, f2627371-a904-4314-a836-5eb8f54559ec:192.168.34.32:33224, 1b813ef4-47a4-4bfc-8eb5-c34ae440adb1:192.168.34.32:36113], old=null
2019-10-21 19:12:40,584 [f2627371-a904-4314-a836-5eb8f54559ec@group-73E40DF2990B-LeaderElection28] INFO  impl.RaftServerImpl (RaftServerImpl.java:setRole(184)) - f2627371-a904-4314-a836-5eb8f54559ec@group-73E40DF2990B: changes role from CANDIDATE to FOLLOWER at term 25 for DISCOVERED_A_NEW_TERM
2019-10-21 19:12:40,584 [f2627371-a904-4314-a836-5eb8f54559ec@group-73E40DF2990B-LeaderElection28] INFO  impl.RoleInfo (RoleInfo.java:shutdownLeaderElection(134)) - f2627371-a904-4314-a836-5eb8f54559ec: shutdown LeaderElection
2019-10-21 19:12:40,584 [f2627371-a904-4314-a836-5eb8f54559ec@group-73E40DF2990B-LeaderElection28] INFO  impl.RoleInfo (RoleInfo.java:updateAndGet(143)) - f2627371-a904-4314-a836-5eb8f54559ec: start FollowerState
2019-10-21 19:12:40,726 [Thread-389] INFO  impl.FollowerState (FollowerState.java:run(108)) - f2627371-a904-4314-a836-5eb8f54559ec@group-73E40DF2990B-FollowerState: change to CANDIDATE, lastRpcTime:141ms, electionTimeout:141ms
2019-10-21 19:12:40,728 [Thread-389] INFO  impl.RoleInfo (RoleInfo.java:shutdownFollowerState(121)) - f2627371-a904-4314-a836-5eb8f54559ec: shutdown FollowerState
2019-10-21 19:12:40,728 [Thread-389] INFO  impl.RaftServerImpl (RaftServerImpl.java:setRole(184)) - f2627371-a904-4314-a836-5eb8f54559ec@group-73E40DF2990B: changes role from  FOLLOWER to CANDIDATE at term 25 for changeToCandidate
2019-10-21 19:12:40,728 [Thread-389] INFO  impl.RoleInfo (RoleInfo.java:updateAndGet(143)) - f2627371-a904-4314-a836-5eb8f54559ec: start LeaderElection
2019-10-21 19:12:40,743 [f2627371-a904-4314-a836-5eb8f54559ec@group-73E40DF2990B-LeaderElection29] INFO  impl.LeaderElection (LeaderElection.java:askForVotes(178)) - f2627371-a904-4314-a836-5eb8f54559ec@group-73E40DF2990B-LeaderElection29: begin an election at term 26 for -1: [e6a83585-83d0-4616-a3d5-866875ad8a29:192.168.34.32:46159, f2627371-a904-4314-a836-5eb8f54559ec:192.168.34.32:33224, 1b813ef4-47a4-4bfc-8eb5-c34ae440adb1:192.168.34.32:36113], old=null
2019-10-21 19:12:40,747 [grpc-default-executor-5] INFO  impl.RaftServerImpl (RaftServerImpl.java:setRole(184)) - 1b813ef4-47a4-4bfc-8eb5-c34ae440adb1@group-73E40DF2990B: changes role from  FOLLOWER to FOLLOWER at term 26 for recognizeCandidate:f2627371-a904-4314-a836-5eb8f54559ec
2019-10-21 19:12:40,747 [grpc-default-executor-2] INFO  impl.RaftServerImpl (RaftServerImpl.java:setRole(184)) - e6a83585-83d0-4616-a3d5-866875ad8a29@group-73E40DF2990B: changes role from  FOLLOWER to FOLLOWER at term 26 for recognizeCandidate:f2627371-a904-4314-a836-5eb8f54559ec
2019-10-21 19:12:40,747 [grpc-default-executor-5] INFO  impl.RoleInfo (RoleInfo.java:shutdownFollowerState(121)) - 1b813ef4-47a4-4bfc-8eb5-c34ae440adb1: shutdown FollowerState
2019-10-21 19:12:40,747 [grpc-default-executor-2] INFO  impl.RoleInfo (RoleInfo.java:shutdownFollowerState(121)) - e6a83585-83d0-4616-a3d5-866875ad8a29: shutdown FollowerState
2019-10-21 19:12:40,748 [Thread-387] INFO  impl.FollowerState (FollowerState.java:run(117)) - 1b813ef4-47a4-4bfc-8eb5-c34ae440adb1@group-73E40DF2990B-FollowerState was interrupted: java.lang.InterruptedException: sleep interrupted
2019-10-21 19:12:40,748 [grpc-default-executor-5] INFO  impl.RoleInfo (RoleInfo.java:updateAndGet(143)) - 1b813ef4-47a4-4bfc-8eb5-c34ae440adb1: start FollowerState
2019-10-21 19:12:40,748 [grpc-default-executor-2] INFO  impl.RoleInfo (RoleInfo.java:updateAndGet(143)) - e6a83585-83d0-4616-a3d5-866875ad8a29: start FollowerState
2019-10-21 19:12:40,748 [Thread-388] INFO  impl.FollowerState (FollowerState.java:run(117)) - e6a83585-83d0-4616-a3d5-866875ad8a29@group-73E40DF2990B-FollowerState was interrupted: java.lang.InterruptedException: sleep interrupted
2019-10-21 19:12:40,764 [f2627371-a904-4314-a836-5eb8f54559ec@group-73E40DF2990B-LeaderElection29] INFO  impl.LeaderElection (LeaderElection.java:logAndReturn(56)) - f2627371-a904-4314-a836-5eb8f54559ec@group-73E40DF2990B-LeaderElection29: Election REJECTED; received 2 response(s) [f2627371-a904-4314-a836-5eb8f54559ec<-e6a83585-83d0-4616-a3d5-866875ad8a29#0:FAIL-t26, f2627371-a904-4314-a836-5eb8f54559ec<-1b813ef4-47a4-4bfc-8eb5-c34ae440adb1#0:FAIL-t26] and 0 exception(s); f2627371-a904-4314-a836-5eb8f54559ec@group-73E40DF2990B:t26, leader=null, voted=f2627371-a904-4314-a836-5eb8f54559ec, raftlog=f2627371-a904-4314-a836-5eb8f54559ec@group-73E40DF2990B-SegmentedRaftLog:OPENED:c-1,f-1,i0, conf=-1: [e6a83585-83d0-4616-a3d5-866875ad8a29:192.168.34.32:46159, f2627371-a904-4314-a836-5eb8f54559ec:192.168.34.32:33224, 1b813ef4-47a4-4bfc-8eb5-c34ae440adb1:192.168.34.32:36113], old=null
2019-10-21 19:12:40,765 [f2627371-a904-4314-a836-5eb8f54559ec@group-73E40DF2990B-LeaderElection29] INFO  impl.RaftServerImpl (RaftServerImpl.java:setRole(184)) - f2627371-a904-4314-a836-5eb8f54559ec@group-73E40DF2990B: changes role from CANDIDATE to FOLLOWER at term 26 for DISCOVERED_A_NEW_TERM
2019-10-21 19:12:40,765 [f2627371-a904-4314-a836-5eb8f54559ec@group-73E40DF2990B-LeaderElection29] INFO  impl.RoleInfo (RoleInfo.java:shutdownLeaderElection(134)) - f2627371-a904-4314-a836-5eb8f54559ec: shutdown LeaderElection
2019-10-21 19:12:40,765 [f2627371-a904-4314-a836-5eb8f54559ec@group-73E40DF2990B-LeaderElection29] INFO  impl.RoleInfo (RoleInfo.java:updateAndGet(143)) - f2627371-a904-4314-a836-5eb8f54559ec: start FollowerState
2019-10-21 19:12:40,886 [Thread-395] INFO  impl.FollowerState (FollowerState.java:run(108)) - f2627371-a904-4314-a836-5eb8f54559ec@group-73E40DF2990B-FollowerState: change to CANDIDATE, lastRpcTime:120ms, electionTimeout:120ms
2019-10-21 19:12:40,887 [Thread-395] INFO  impl.RoleInfo (RoleInfo.java:shutdownFollowerState(121)) - f2627371-a904-4314-a836-5eb8f54559ec: shutdown FollowerState
2019-10-21 19:12:40,887 [Thread-395] INFO  impl.RaftServerImpl (RaftServerImpl.java:setRole(184)) - f2627371-a904-4314-a836-5eb8f54559ec@group-73E40DF2990B: changes role from  FOLLOWER to CANDIDATE at term 26 for changeToCandidate
2019-10-21 19:12:40,888 [Thread-395] INFO  impl.RoleInfo (RoleInfo.java:updateAndGet(143)) - f2627371-a904-4314-a836-5eb8f54559ec: start LeaderElection
2019-10-21 19:12:40,902 [f2627371-a904-4314-a836-5eb8f54559ec@group-73E40DF2990B-LeaderElection30] INFO  impl.LeaderElection (LeaderElection.java:askForVotes(178)) - f2627371-a904-4314-a836-5eb8f54559ec@group-73E40DF2990B-LeaderElection30: begin an election at term 27 for -1: [e6a83585-83d0-4616-a3d5-866875ad8a29:192.168.34.32:46159, f2627371-a904-4314-a836-5eb8f54559ec:192.168.34.32:33224, 1b813ef4-47a4-4bfc-8eb5-c34ae440adb1:192.168.34.32:36113], old=null
2019-10-21 19:12:40,905 [grpc-default-executor-2] INFO  impl.RaftServerImpl (RaftServerImpl.java:setRole(184)) - e6a83585-83d0-4616-a3d5-866875ad8a29@group-73E40DF2990B: changes role from  FOLLOWER to FOLLOWER at term 27 for recognizeCandidate:f2627371-a904-4314-a836-5eb8f54559ec
2019-10-21 19:12:40,906 [grpc-default-executor-5] INFO  impl.RaftServerImpl (RaftServerImpl.java:setRole(184)) - 1b813ef4-47a4-4bfc-8eb5-c34ae440adb1@group-73E40DF2990B: changes role from  FOLLOWER to FOLLOWER at term 27 for recognizeCandidate:f2627371-a904-4314-a836-5eb8f54559ec
2019-10-21 19:12:40,906 [grpc-default-executor-2] INFO  impl.RoleInfo (RoleInfo.java:shutdownFollowerState(121)) - e6a83585-83d0-4616-a3d5-866875ad8a29: shutdown FollowerState
2019-10-21 19:12:40,906 [grpc-default-executor-5] INFO  impl.RoleInfo (RoleInfo.java:shutdownFollowerState(121)) - 1b813ef4-47a4-4bfc-8eb5-c34ae440adb1: shutdown FollowerState
2019-10-21 19:12:40,906 [grpc-default-executor-2] INFO  impl.RoleInfo (RoleInfo.java:updateAndGet(143)) - e6a83585-83d0-4616-a3d5-866875ad8a29: start FollowerState
2019-10-21 19:12:40,906 [Thread-394] INFO  impl.FollowerState (FollowerState.java:run(117)) - e6a83585-83d0-4616-a3d5-866875ad8a29@group-73E40DF2990B-FollowerState was interrupted: java.lang.InterruptedException: sleep interrupted
2019-10-21 19:12:40,906 [Thread-393] INFO  impl.FollowerState (FollowerState.java:run(117)) - 1b813ef4-47a4-4bfc-8eb5-c34ae440adb1@group-73E40DF2990B-FollowerState was interrupted: java.lang.InterruptedException: sleep interrupted
2019-10-21 19:12:40,906 [grpc-default-executor-5] INFO  impl.RoleInfo (RoleInfo.java:updateAndGet(143)) - 1b813ef4-47a4-4bfc-8eb5-c34ae440adb1: start FollowerState
2019-10-21 19:12:40,923 [f2627371-a904-4314-a836-5eb8f54559ec@group-73E40DF2990B-LeaderElection30] INFO  impl.LeaderElection (LeaderElection.java:logAndReturn(56)) - f2627371-a904-4314-a836-5eb8f54559ec@group-73E40DF2990B-LeaderElection30: Election REJECTED; received 2 response(s) [f2627371-a904-4314-a836-5eb8f54559ec<-e6a83585-83d0-4616-a3d5-866875ad8a29#0:FAIL-t27, f2627371-a904-4314-a836-5eb8f54559ec<-1b813ef4-47a4-4bfc-8eb5-c34ae440adb1#0:FAIL-t27] and 0 exception(s); f2627371-a904-4314-a836-5eb8f54559ec@group-73E40DF2990B:t27, leader=null, voted=f2627371-a904-4314-a836-5eb8f54559ec, raftlog=f2627371-a904-4314-a836-5eb8f54559ec@group-73E40DF2990B-SegmentedRaftLog:OPENED:c-1,f-1,i0, conf=-1: [e6a83585-83d0-4616-a3d5-866875ad8a29:192.168.34.32:46159, f2627371-a904-4314-a836-5eb8f54559ec:192.168.34.32:33224, 1b813ef4-47a4-4bfc-8eb5-c34ae440adb1:192.168.34.32:36113], old=null
2019-10-21 19:12:40,924 [f2627371-a904-4314-a836-5eb8f54559ec@group-73E40DF2990B-LeaderElection30] INFO  impl.RaftServerImpl (RaftServerImpl.java:setRole(184)) - f2627371-a904-4314-a836-5eb8f54559ec@group-73E40DF2990B: changes role from CANDIDATE to FOLLOWER at term 27 for DISCOVERED_A_NEW_TERM
2019-10-21 19:12:40,924 [f2627371-a904-4314-a836-5eb8f54559ec@group-73E40DF2990B-LeaderElection30] INFO  impl.RoleInfo (RoleInfo.java:shutdownLeaderElection(134)) - f2627371-a904-4314-a836-5eb8f54559ec: shutdown LeaderElection
2019-10-21 19:12:40,924 [f2627371-a904-4314-a836-5eb8f54559ec@group-73E40DF2990B-LeaderElection30] INFO  impl.RoleInfo (RoleInfo.java:updateAndGet(143)) - f2627371-a904-4314-a836-5eb8f54559ec: start FollowerState
2019-10-21 19:12:41,095 [Thread-401] INFO  impl.FollowerState (FollowerState.java:run(108)) - f2627371-a904-4314-a836-5eb8f54559ec@group-73E40DF2990B-FollowerState: change to CANDIDATE, lastRpcTime:171ms, electionTimeout:171ms
2019-10-21 19:12:41,097 [Thread-401] INFO  impl.RoleInfo (RoleInfo.java:shutdownFollowerState(121)) - f2627371-a904-4314-a836-5eb8f54559ec: shutdown FollowerState
2019-10-21 19:12:41,097 [Thread-401] INFO  impl.RaftServerImpl (RaftServerImpl.java:setRole(184)) - f2627371-a904-4314-a836-5eb8f54559ec@group-73E40DF2990B: changes role from  FOLLOWER to CANDIDATE at term 27 for changeToCandidate
2019-10-21 19:12:41,097 [Thread-401] INFO  impl.RoleInfo (RoleInfo.java:updateAndGet(143)) - f2627371-a904-4314-a836-5eb8f54559ec: start LeaderElection
2019-10-21 19:12:41,111 [f2627371-a904-4314-a836-5eb8f54559ec@group-73E40DF2990B-LeaderElection31] INFO  impl.LeaderElection (LeaderElection.java:askForVotes(178)) - f2627371-a904-4314-a836-5eb8f54559ec@group-73E40DF2990B-LeaderElection31: begin an election at term 28 for -1: [e6a83585-83d0-4616-a3d5-866875ad8a29:192.168.34.32:46159, f2627371-a904-4314-a836-5eb8f54559ec:192.168.34.32:33224, 1b813ef4-47a4-4bfc-8eb5-c34ae440adb1:192.168.34.32:36113], old=null
2019-10-21 19:12:41,115 [grpc-default-executor-5] INFO  impl.RaftServerImpl (RaftServerImpl.java:setRole(184)) - 1b813ef4-47a4-4bfc-8eb5-c34ae440adb1@group-73E40DF2990B: changes role from  FOLLOWER to FOLLOWER at term 28 for recognizeCandidate:f2627371-a904-4314-a836-5eb8f54559ec
2019-10-21 19:12:41,115 [grpc-default-executor-5] INFO  impl.RoleInfo (RoleInfo.java:shutdownFollowerState(121)) - 1b813ef4-47a4-4bfc-8eb5-c34ae440adb1: shutdown FollowerState
2019-10-21 19:12:41,115 [grpc-default-executor-2] INFO  impl.RaftServerImpl (RaftServerImpl.java:setRole(184)) - e6a83585-83d0-4616-a3d5-866875ad8a29@group-73E40DF2990B: changes role from  FOLLOWER to FOLLOWER at term 28 for recognizeCandidate:f2627371-a904-4314-a836-5eb8f54559ec
2019-10-21 19:12:41,115 [grpc-default-executor-5] INFO  impl.RoleInfo (RoleInfo.java:updateAndGet(143)) - 1b813ef4-47a4-4bfc-8eb5-c34ae440adb1: start FollowerState
2019-10-21 19:12:41,115 [Thread-400] INFO  impl.FollowerState (FollowerState.java:run(117)) - 1b813ef4-47a4-4bfc-8eb5-c34ae440adb1@group-73E40DF2990B-FollowerState was interrupted: java.lang.InterruptedException: sleep interrupted
2019-10-21 19:12:41,116 [grpc-default-executor-2] INFO  impl.RoleInfo (RoleInfo.java:shutdownFollowerState(121)) - e6a83585-83d0-4616-a3d5-866875ad8a29: shutdown FollowerState
2019-10-21 19:12:41,116 [grpc-default-executor-2] INFO  impl.RoleInfo (RoleInfo.java:updateAndGet(143)) - e6a83585-83d0-4616-a3d5-866875ad8a29: start FollowerState
2019-10-21 19:12:41,116 [Thread-399] INFO  impl.FollowerState (FollowerState.java:run(117)) - e6a83585-83d0-4616-a3d5-866875ad8a29@group-73E40DF2990B-FollowerState was interrupted: java.lang.InterruptedException: sleep interrupted
2019-10-21 19:12:41,132 [f2627371-a904-4314-a836-5eb8f54559ec@group-73E40DF2990B-LeaderElection31] INFO  impl.LeaderElection (LeaderElection.java:logAndReturn(56)) - f2627371-a904-4314-a836-5eb8f54559ec@group-73E40DF2990B-LeaderElection31: Election REJECTED; received 2 response(s) [f2627371-a904-4314-a836-5eb8f54559ec<-e6a83585-83d0-4616-a3d5-866875ad8a29#0:FAIL-t28, f2627371-a904-4314-a836-5eb8f54559ec<-1b813ef4-47a4-4bfc-8eb5-c34ae440adb1#0:FAIL-t28] and 0 exception(s); f2627371-a904-4314-a836-5eb8f54559ec@group-73E40DF2990B:t28, leader=null, voted=f2627371-a904-4314-a836-5eb8f54559ec, raftlog=f2627371-a904-4314-a836-5eb8f54559ec@group-73E40DF2990B-SegmentedRaftLog:OPENED:c-1,f-1,i0, conf=-1: [e6a83585-83d0-4616-a3d5-866875ad8a29:192.168.34.32:46159, f2627371-a904-4314-a836-5eb8f54559ec:192.168.34.32:33224, 1b813ef4-47a4-4bfc-8eb5-c34ae440adb1:192.168.34.32:36113], old=null
2019-10-21 19:12:41,132 [f2627371-a904-4314-a836-5eb8f54559ec@group-73E40DF2990B-LeaderElection31] INFO  impl.RaftServerImpl (RaftServerImpl.java:setRole(184)) - f2627371-a904-4314-a836-5eb8f54559ec@group-73E40DF2990B: changes role from CANDIDATE to FOLLOWER at term 28 for DISCOVERED_A_NEW_TERM
2019-10-21 19:12:41,132 [f2627371-a904-4314-a836-5eb8f54559ec@group-73E40DF2990B-LeaderElection31] INFO  impl.RoleInfo (RoleInfo.java:shutdownLeaderElection(134)) - f2627371-a904-4314-a836-5eb8f54559ec: shutdown LeaderElection
2019-10-21 19:12:41,132 [f2627371-a904-4314-a836-5eb8f54559ec@group-73E40DF2990B-LeaderElection31] INFO  impl.RoleInfo (RoleInfo.java:updateAndGet(143)) - f2627371-a904-4314-a836-5eb8f54559ec: start FollowerState
2019-10-21 19:12:41,187 [Thread-409] INFO  impl.FollowerState (FollowerState.java:run(108)) - f2627371-a904-4314-a836-5eb8f54559ec@group-73E40DF2990B-FollowerState: change to CANDIDATE, lastRpcTime:54ms, electionTimeout:54ms
2019-10-21 19:12:41,188 [Thread-409] INFO  impl.RoleInfo (RoleInfo.java:shutdownFollowerState(121)) - f2627371-a904-4314-a836-5eb8f54559ec: shutdown FollowerState
2019-10-21 19:12:41,188 [Thread-409] INFO  impl.RaftServerImpl (RaftServerImpl.java:setRole(184)) - f2627371-a904-4314-a836-5eb8f54559ec@group-73E40DF2990B: changes role from  FOLLOWER to CANDIDATE at term 28 for changeToCandidate
2019-10-21 19:12:41,188 [Thread-409] INFO  impl.RoleInfo (RoleInfo.java:updateAndGet(143)) - f2627371-a904-4314-a836-5eb8f54559ec: start LeaderElection
2019-10-21 19:12:41,202 [f2627371-a904-4314-a836-5eb8f54559ec@group-73E40DF2990B-LeaderElection32] INFO  impl.LeaderElection (LeaderElection.java:askForVotes(178)) - f2627371-a904-4314-a836-5eb8f54559ec@group-73E40DF2990B-LeaderElection32: begin an election at term 29 for -1: [e6a83585-83d0-4616-a3d5-866875ad8a29:192.168.34.32:46159, f2627371-a904-4314-a836-5eb8f54559ec:192.168.34.32:33224, 1b813ef4-47a4-4bfc-8eb5-c34ae440adb1:192.168.34.32:36113], old=null
2019-10-21 19:12:41,206 [grpc-default-executor-2] INFO  impl.RaftServerImpl (RaftServerImpl.java:setRole(184)) - 1b813ef4-47a4-4bfc-8eb5-c34ae440adb1@group-73E40DF2990B: changes role from  FOLLOWER to FOLLOWER at term 29 for recognizeCandidate:f2627371-a904-4314-a836-5eb8f54559ec
2019-10-21 19:12:41,206 [grpc-default-executor-5] INFO  impl.RaftServerImpl (RaftServerImpl.java:setRole(184)) - e6a83585-83d0-4616-a3d5-866875ad8a29@group-73E40DF2990B: changes role from  FOLLOWER to FOLLOWER at term 29 for recognizeCandidate:f2627371-a904-4314-a836-5eb8f54559ec
2019-10-21 19:12:41,206 [grpc-default-executor-2] INFO  impl.RoleInfo (RoleInfo.java:shutdownFollowerState(121)) - 1b813ef4-47a4-4bfc-8eb5-c34ae440adb1: shutdown FollowerState
2019-10-21 19:12:41,206 [grpc-default-executor-5] INFO  impl.RoleInfo (RoleInfo.java:shutdownFollowerState(121)) - e6a83585-83d0-4616-a3d5-866875ad8a29: shutdown FollowerState
2019-10-21 19:12:41,206 [Thread-407] INFO  impl.FollowerState (FollowerState.java:run(117)) - 1b813ef4-47a4-4bfc-8eb5-c34ae440adb1@group-73E40DF2990B-FollowerState was interrupted: java.lang.InterruptedException: sleep interrupted
2019-10-21 19:12:41,206 [grpc-default-executor-2] INFO  impl.RoleInfo (RoleInfo.java:updateAndGet(143)) - 1b813ef4-47a4-4bfc-8eb5-c34ae440adb1: start FollowerState
2019-10-21 19:12:41,206 [Thread-408] INFO  impl.FollowerState (FollowerState.java:run(117)) - e6a83585-83d0-4616-a3d5-866875ad8a29@group-73E40DF2990B-FollowerState was interrupted: java.lang.InterruptedException: sleep interrupted
2019-10-21 19:12:41,206 [grpc-default-executor-5] INFO  impl.RoleInfo (RoleInfo.java:updateAndGet(143)) - e6a83585-83d0-4616-a3d5-866875ad8a29: start FollowerState
2019-10-21 19:12:41,207 [f2627371-a904-4314-a836-5eb8f54559ec@group-73E40DF2990B-LeaderElection32] INFO  impl.LeaderElection (LeaderElection.java:logAndReturn(56)) - f2627371-a904-4314-a836-5eb8f54559ec@group-73E40DF2990B-LeaderElection32: Election TIMEOUT; received 0 response(s) [] and 0 exception(s); f2627371-a904-4314-a836-5eb8f54559ec@group-73E40DF2990B:t29, leader=null, voted=f2627371-a904-4314-a836-5eb8f54559ec, raftlog=f2627371-a904-4314-a836-5eb8f54559ec@group-73E40DF2990B-SegmentedRaftLog:OPENED:c-1,f-1,i0, conf=-1: [e6a83585-83d0-4616-a3d5-866875ad8a29:192.168.34.32:46159, f2627371-a904-4314-a836-5eb8f54559ec:192.168.34.32:33224, 1b813ef4-47a4-4bfc-8eb5-c34ae440adb1:192.168.34.32:36113], old=null
2019-10-21 19:12:41,221 [f2627371-a904-4314-a836-5eb8f54559ec@group-73E40DF2990B-LeaderElection32] INFO  impl.LeaderElection (LeaderElection.java:askForVotes(178)) - f2627371-a904-4314-a836-5eb8f54559ec@group-73E40DF2990B-LeaderElection32: begin an election at term 30 for -1: [e6a83585-83d0-4616-a3d5-866875ad8a29:192.168.34.32:46159, f2627371-a904-4314-a836-5eb8f54559ec:192.168.34.32:33224, 1b813ef4-47a4-4bfc-8eb5-c34ae440adb1:192.168.34.32:36113], old=null
2019-10-21 19:12:41,225 [grpc-default-executor-5] INFO  impl.RaftServerImpl (RaftServerImpl.java:setRole(184)) - 1b813ef4-47a4-4bfc-8eb5-c34ae440adb1@group-73E40DF2990B: changes role from  FOLLOWER to FOLLOWER at term 30 for recognizeCandidate:f2627371-a904-4314-a836-5eb8f54559ec
2019-10-21 19:12:41,226 [grpc-default-executor-2] INFO  impl.RaftServerImpl (RaftServerImpl.java:setRole(184)) - e6a83585-83d0-4616-a3d5-866875ad8a29@group-73E40DF2990B: changes role from  FOLLOWER to FOLLOWER at term 30 for recognizeCandidate:f2627371-a904-4314-a836-5eb8f54559ec
2019-10-21 19:12:41,226 [grpc-default-executor-5] INFO  impl.RoleInfo (RoleInfo.java:shutdownFollowerState(121)) - 1b813ef4-47a4-4bfc-8eb5-c34ae440adb1: shutdown FollowerState
2019-10-21 19:12:41,227 [grpc-default-executor-2] INFO  impl.RoleInfo (RoleInfo.java:shutdownFollowerState(121)) - e6a83585-83d0-4616-a3d5-866875ad8a29: shutdown FollowerState
2019-10-21 19:12:41,227 [Thread-413] INFO  impl.FollowerState (FollowerState.java:run(117)) - 1b813ef4-47a4-4bfc-8eb5-c34ae440adb1@group-73E40DF2990B-FollowerState was interrupted: java.lang.InterruptedException: sleep interrupted
2019-10-21 19:12:41,227 [grpc-default-executor-5] INFO  impl.RoleInfo (RoleInfo.java:updateAndGet(143)) - 1b813ef4-47a4-4bfc-8eb5-c34ae440adb1: start FollowerState
2019-10-21 19:12:41,227 [Thread-414] INFO  impl.FollowerState (FollowerState.java:run(117)) - e6a83585-83d0-4616-a3d5-866875ad8a29@group-73E40DF2990B-FollowerState was interrupted: java.lang.InterruptedException: sleep interrupted
2019-10-21 19:12:41,227 [grpc-default-executor-2] INFO  impl.RoleInfo (RoleInfo.java:updateAndGet(143)) - e6a83585-83d0-4616-a3d5-866875ad8a29: start FollowerState
2019-10-21 19:12:41,243 [f2627371-a904-4314-a836-5eb8f54559ec@group-73E40DF2990B-LeaderElection32] INFO  impl.LeaderElection (LeaderElection.java:logAndReturn(56)) - f2627371-a904-4314-a836-5eb8f54559ec@group-73E40DF2990B-LeaderElection32: Election REJECTED; received 2 response(s) [f2627371-a904-4314-a836-5eb8f54559ec<-e6a83585-83d0-4616-a3d5-866875ad8a29#0:FAIL-t30, f2627371-a904-4314-a836-5eb8f54559ec<-1b813ef4-47a4-4bfc-8eb5-c34ae440adb1#0:FAIL-t30] and 0 exception(s); f2627371-a904-4314-a836-5eb8f54559ec@group-73E40DF2990B:t30, leader=null, voted=f2627371-a904-4314-a836-5eb8f54559ec, raftlog=f2627371-a904-4314-a836-5eb8f54559ec@group-73E40DF2990B-SegmentedRaftLog:OPENED:c-1,f-1,i0, conf=-1: [e6a83585-83d0-4616-a3d5-866875ad8a29:192.168.34.32:46159, f2627371-a904-4314-a836-5eb8f54559ec:192.168.34.32:33224, 1b813ef4-47a4-4bfc-8eb5-c34ae440adb1:192.168.34.32:36113], old=null
2019-10-21 19:12:41,243 [f2627371-a904-4314-a836-5eb8f54559ec@group-73E40DF2990B-LeaderElection32] INFO  impl.RaftServerImpl (RaftServerImpl.java:setRole(184)) - f2627371-a904-4314-a836-5eb8f54559ec@group-73E40DF2990B: changes role from CANDIDATE to FOLLOWER at term 30 for DISCOVERED_A_NEW_TERM
2019-10-21 19:12:41,243 [f2627371-a904-4314-a836-5eb8f54559ec@group-73E40DF2990B-LeaderElection32] INFO  impl.RoleInfo (RoleInfo.java:shutdownLeaderElection(134)) - f2627371-a904-4314-a836-5eb8f54559ec: shutdown LeaderElection
2019-10-21 19:12:41,243 [f2627371-a904-4314-a836-5eb8f54559ec@group-73E40DF2990B-LeaderElection32] INFO  impl.RoleInfo (RoleInfo.java:updateAndGet(143)) - f2627371-a904-4314-a836-5eb8f54559ec: start FollowerState
2019-10-21 19:12:41,433 [Thread-419] INFO  impl.FollowerState (FollowerState.java:run(108)) - f2627371-a904-4314-a836-5eb8f54559ec@group-73E40DF2990B-FollowerState: change to CANDIDATE, lastRpcTime:189ms, electionTimeout:189ms
2019-10-21 19:12:41,434 [Thread-419] INFO  impl.RoleInfo (RoleInfo.java:shutdownFollowerState(121)) - f2627371-a904-4314-a836-5eb8f54559ec: shutdown FollowerState
2019-10-21 19:12:41,434 [Thread-419] INFO  impl.RaftServerImpl (RaftServerImpl.java:setRole(184)) - f2627371-a904-4314-a836-5eb8f54559ec@group-73E40DF2990B: changes role from  FOLLOWER to CANDIDATE at term 30 for changeToCandidate
2019-10-21 19:12:41,434 [Thread-419] INFO  impl.RoleInfo (RoleInfo.java:updateAndGet(143)) - f2627371-a904-4314-a836-5eb8f54559ec: start LeaderElection
2019-10-21 19:12:41,449 [f2627371-a904-4314-a836-5eb8f54559ec@group-73E40DF2990B-LeaderElection33] INFO  impl.LeaderElection (LeaderElection.java:askForVotes(178)) - f2627371-a904-4314-a836-5eb8f54559ec@group-73E40DF2990B-LeaderElection33: begin an election at term 31 for -1: [e6a83585-83d0-4616-a3d5-866875ad8a29:192.168.34.32:46159, f2627371-a904-4314-a836-5eb8f54559ec:192.168.34.32:33224, 1b813ef4-47a4-4bfc-8eb5-c34ae440adb1:192.168.34.32:36113], old=null
2019-10-21 19:12:41,452 [grpc-default-executor-5] INFO  impl.RaftServerImpl (RaftServerImpl.java:setRole(184)) - 1b813ef4-47a4-4bfc-8eb5-c34ae440adb1@group-73E40DF2990B: changes role from  FOLLOWER to FOLLOWER at term 31 for recognizeCandidate:f2627371-a904-4314-a836-5eb8f54559ec
2019-10-21 19:12:41,452 [grpc-default-executor-2] INFO  impl.RaftServerImpl (RaftServerImpl.java:setRole(184)) - e6a83585-83d0-4616-a3d5-866875ad8a29@group-73E40DF2990B: changes role from  FOLLOWER to FOLLOWER at term 31 for recognizeCandidate:f2627371-a904-4314-a836-5eb8f54559ec
2019-10-21 19:12:41,453 [grpc-default-executor-5] INFO  impl.RoleInfo (RoleInfo.java:shutdownFollowerState(121)) - 1b813ef4-47a4-4bfc-8eb5-c34ae440adb1: shutdown FollowerState
2019-10-21 19:12:41,453 [grpc-default-executor-2] INFO  impl.RoleInfo (RoleInfo.java:shutdownFollowerState(121)) - e6a83585-83d0-4616-a3d5-866875ad8a29: shutdown FollowerState
2019-10-21 19:12:41,453 [Thread-417] INFO  impl.FollowerState (FollowerState.java:run(117)) - 1b813ef4-47a4-4bfc-8eb5-c34ae440adb1@group-73E40DF2990B-FollowerState was interrupted: java.lang.InterruptedException: sleep interrupted
2019-10-21 19:12:41,453 [grpc-default-executor-5] INFO  impl.RoleInfo (RoleInfo.java:updateAndGet(143)) - 1b813ef4-47a4-4bfc-8eb5-c34ae440adb1: start FollowerState
2019-10-21 19:12:41,453 [Thread-418] INFO  impl.FollowerState (FollowerState.java:run(117)) - e6a83585-83d0-4616-a3d5-866875ad8a29@group-73E40DF2990B-FollowerState was interrupted: java.lang.InterruptedException: sleep interrupted
2019-10-21 19:12:41,453 [grpc-default-executor-2] INFO  impl.RoleInfo (RoleInfo.java:updateAndGet(143)) - e6a83585-83d0-4616-a3d5-866875ad8a29: start FollowerState
2019-10-21 19:12:41,454 [f2627371-a904-4314-a836-5eb8f54559ec@group-73E40DF2990B-LeaderElection33] INFO  impl.LeaderElection (LeaderElection.java:logAndReturn(56)) - f2627371-a904-4314-a836-5eb8f54559ec@group-73E40DF2990B-LeaderElection33: Election TIMEOUT; received 0 response(s) [] and 0 exception(s); f2627371-a904-4314-a836-5eb8f54559ec@group-73E40DF2990B:t31, leader=null, voted=f2627371-a904-4314-a836-5eb8f54559ec, raftlog=f2627371-a904-4314-a836-5eb8f54559ec@group-73E40DF2990B-SegmentedRaftLog:OPENED:c-1,f-1,i0, conf=-1: [e6a83585-83d0-4616-a3d5-866875ad8a29:192.168.34.32:46159, f2627371-a904-4314-a836-5eb8f54559ec:192.168.34.32:33224, 1b813ef4-47a4-4bfc-8eb5-c34ae440adb1:192.168.34.32:36113], old=null
2019-10-21 19:12:41,468 [f2627371-a904-4314-a836-5eb8f54559ec@group-73E40DF2990B-LeaderElection33] INFO  impl.LeaderElection (LeaderElection.java:askForVotes(178)) - f2627371-a904-4314-a836-5eb8f54559ec@group-73E40DF2990B-LeaderElection33: begin an election at term 32 for -1: [e6a83585-83d0-4616-a3d5-866875ad8a29:192.168.34.32:46159, f2627371-a904-4314-a836-5eb8f54559ec:192.168.34.32:33224, 1b813ef4-47a4-4bfc-8eb5-c34ae440adb1:192.168.34.32:36113], old=null
2019-10-21 19:12:41,472 [grpc-default-executor-2] INFO  impl.RaftServerImpl (RaftServerImpl.java:setRole(184)) - 1b813ef4-47a4-4bfc-8eb5-c34ae440adb1@group-73E40DF2990B: changes role from  FOLLOWER to FOLLOWER at term 32 for recognizeCandidate:f2627371-a904-4314-a836-5eb8f54559ec
2019-10-21 19:12:41,473 [grpc-default-executor-2] INFO  impl.RoleInfo (RoleInfo.java:shutdownFollowerState(121)) - 1b813ef4-47a4-4bfc-8eb5-c34ae440adb1: shutdown FollowerState
2019-10-21 19:12:41,473 [grpc-default-executor-5] INFO  impl.RaftServerImpl (RaftServerImpl.java:setRole(184)) - e6a83585-83d0-4616-a3d5-866875ad8a29@group-73E40DF2990B: changes role from  FOLLOWER to FOLLOWER at term 32 for recognizeCandidate:f2627371-a904-4314-a836-5eb8f54559ec
2019-10-21 19:12:41,473 [Thread-423] INFO  impl.FollowerState (FollowerState.java:run(117)) - 1b813ef4-47a4-4bfc-8eb5-c34ae440adb1@group-73E40DF2990B-FollowerState was interrupted: java.lang.InterruptedException: sleep interrupted
2019-10-21 19:12:41,473 [grpc-default-executor-2] INFO  impl.RoleInfo (RoleInfo.java:updateAndGet(143)) - 1b813ef4-47a4-4bfc-8eb5-c34ae440adb1: start FollowerState
2019-10-21 19:12:41,473 [grpc-default-executor-5] INFO  impl.RoleInfo (RoleInfo.java:shutdownFollowerState(121)) - e6a83585-83d0-4616-a3d5-866875ad8a29: shutdown FollowerState
2019-10-21 19:12:41,474 [grpc-default-executor-5] INFO  impl.RoleInfo (RoleInfo.java:updateAndGet(143)) - e6a83585-83d0-4616-a3d5-866875ad8a29: start FollowerState
2019-10-21 19:12:41,474 [Thread-424] INFO  impl.FollowerState (FollowerState.java:run(117)) - e6a83585-83d0-4616-a3d5-866875ad8a29@group-73E40DF2990B-FollowerState was interrupted: java.lang.InterruptedException: sleep interrupted
2019-10-21 19:12:41,489 [f2627371-a904-4314-a836-5eb8f54559ec@group-73E40DF2990B-LeaderElection33] INFO  impl.LeaderElection (LeaderElection.java:logAndReturn(56)) - f2627371-a904-4314-a836-5eb8f54559ec@group-73E40DF2990B-LeaderElection33: Election REJECTED; received 2 response(s) [f2627371-a904-4314-a836-5eb8f54559ec<-e6a83585-83d0-4616-a3d5-866875ad8a29#0:FAIL-t32, f2627371-a904-4314-a836-5eb8f54559ec<-1b813ef4-47a4-4bfc-8eb5-c34ae440adb1#0:FAIL-t32] and 0 exception(s); f2627371-a904-4314-a836-5eb8f54559ec@group-73E40DF2990B:t32, leader=null, voted=f2627371-a904-4314-a836-5eb8f54559ec, raftlog=f2627371-a904-4314-a836-5eb8f54559ec@group-73E40DF2990B-SegmentedRaftLog:OPENED:c-1,f-1,i0, conf=-1: [e6a83585-83d0-4616-a3d5-866875ad8a29:192.168.34.32:46159, f2627371-a904-4314-a836-5eb8f54559ec:192.168.34.32:33224, 1b813ef4-47a4-4bfc-8eb5-c34ae440adb1:192.168.34.32:36113], old=null
2019-10-21 19:12:41,489 [f2627371-a904-4314-a836-5eb8f54559ec@group-73E40DF2990B-LeaderElection33] INFO  impl.RaftServerImpl (RaftServerImpl.java:setRole(184)) - f2627371-a904-4314-a836-5eb8f54559ec@group-73E40DF2990B: changes role from CANDIDATE to FOLLOWER at term 32 for DISCOVERED_A_NEW_TERM
2019-10-21 19:12:41,490 [f2627371-a904-4314-a836-5eb8f54559ec@group-73E40DF2990B-LeaderElection33] INFO  impl.RoleInfo (RoleInfo.java:shutdownLeaderElection(134)) - f2627371-a904-4314-a836-5eb8f54559ec: shutdown LeaderElection
2019-10-21 19:12:41,490 [f2627371-a904-4314-a836-5eb8f54559ec@group-73E40DF2990B-LeaderElection33] INFO  impl.RoleInfo (RoleInfo.java:updateAndGet(143)) - f2627371-a904-4314-a836-5eb8f54559ec: start FollowerState
2019-10-21 19:12:41,600 [Thread-429] INFO  impl.FollowerState (FollowerState.java:run(108)) - f2627371-a904-4314-a836-5eb8f54559ec@group-73E40DF2990B-FollowerState: change to CANDIDATE, lastRpcTime:110ms, electionTimeout:110ms
2019-10-21 19:12:41,601 [Thread-429] INFO  impl.RoleInfo (RoleInfo.java:shutdownFollowerState(121)) - f2627371-a904-4314-a836-5eb8f54559ec: shutdown FollowerState
2019-10-21 19:12:41,602 [Thread-429] INFO  impl.RaftServerImpl (RaftServerImpl.java:setRole(184)) - f2627371-a904-4314-a836-5eb8f54559ec@group-73E40DF2990B: changes role from  FOLLOWER to CANDIDATE at term 32 for changeToCandidate
2019-10-21 19:12:41,602 [Thread-429] INFO  impl.RoleInfo (RoleInfo.java:updateAndGet(143)) - f2627371-a904-4314-a836-5eb8f54559ec: start LeaderElection
2019-10-21 19:12:41,616 [f2627371-a904-4314-a836-5eb8f54559ec@group-73E40DF2990B-LeaderElection34] INFO  impl.LeaderElection (LeaderElection.java:askForVotes(178)) - f2627371-a904-4314-a836-5eb8f54559ec@group-73E40DF2990B-LeaderElection34: begin an election at term 33 for -1: [e6a83585-83d0-4616-a3d5-866875ad8a29:192.168.34.32:46159, f2627371-a904-4314-a836-5eb8f54559ec:192.168.34.32:33224, 1b813ef4-47a4-4bfc-8eb5-c34ae440adb1:192.168.34.32:36113], old=null
2019-10-21 19:12:41,619 [grpc-default-executor-5] INFO  impl.RaftServerImpl (RaftServerImpl.java:setRole(184)) - 1b813ef4-47a4-4bfc-8eb5-c34ae440adb1@group-73E40DF2990B: changes role from  FOLLOWER to FOLLOWER at term 33 for recognizeCandidate:f2627371-a904-4314-a836-5eb8f54559ec
2019-10-21 19:12:41,619 [grpc-default-executor-2] INFO  impl.RaftServerImpl (RaftServerImpl.java:setRole(184)) - e6a83585-83d0-4616-a3d5-866875ad8a29@group-73E40DF2990B: changes role from  FOLLOWER to FOLLOWER at term 33 for recognizeCandidate:f2627371-a904-4314-a836-5eb8f54559ec
2019-10-21 19:12:41,619 [grpc-default-executor-5] INFO  impl.RoleInfo (RoleInfo.java:shutdownFollowerState(121)) - 1b813ef4-47a4-4bfc-8eb5-c34ae440adb1: shutdown FollowerState
2019-10-21 19:12:41,619 [grpc-default-executor-2] INFO  impl.RoleInfo (RoleInfo.java:shutdownFollowerState(121)) - e6a83585-83d0-4616-a3d5-866875ad8a29: shutdown FollowerState
2019-10-21 19:12:41,620 [Thread-427] INFO  impl.FollowerState (FollowerState.java:run(117)) - 1b813ef4-47a4-4bfc-8eb5-c34ae440adb1@group-73E40DF2990B-FollowerState was interrupted: java.lang.InterruptedException: sleep interrupted
2019-10-21 19:12:41,620 [grpc-default-executor-5] INFO  impl.RoleInfo (RoleInfo.java:updateAndGet(143)) - 1b813ef4-47a4-4bfc-8eb5-c34ae440adb1: start FollowerState
2019-10-21 19:12:41,620 [Thread-428] INFO  impl.FollowerState (FollowerState.java:run(117)) - e6a83585-83d0-4616-a3d5-866875ad8a29@group-73E40DF2990B-FollowerState was interrupted: java.lang.InterruptedException: sleep interrupted
2019-10-21 19:12:41,620 [grpc-default-executor-2] INFO  impl.RoleInfo (RoleInfo.java:updateAndGet(143)) - e6a83585-83d0-4616-a3d5-866875ad8a29: start FollowerState
2019-10-21 19:12:41,638 [f2627371-a904-4314-a836-5eb8f54559ec@group-73E40DF2990B-LeaderElection34] INFO  impl.LeaderElection (LeaderElection.java:logAndReturn(56)) - f2627371-a904-4314-a836-5eb8f54559ec@group-73E40DF2990B-LeaderElection34: Election REJECTED; received 2 response(s) [f2627371-a904-4314-a836-5eb8f54559ec<-e6a83585-83d0-4616-a3d5-866875ad8a29#0:FAIL-t33, f2627371-a904-4314-a836-5eb8f54559ec<-1b813ef4-47a4-4bfc-8eb5-c34ae440adb1#0:FAIL-t33] and 0 exception(s); f2627371-a904-4314-a836-5eb8f54559ec@group-73E40DF2990B:t33, leader=null, voted=f2627371-a904-4314-a836-5eb8f54559ec, raftlog=f2627371-a904-4314-a836-5eb8f54559ec@group-73E40DF2990B-SegmentedRaftLog:OPENED:c-1,f-1,i0, conf=-1: [e6a83585-83d0-4616-a3d5-866875ad8a29:192.168.34.32:46159, f2627371-a904-4314-a836-5eb8f54559ec:192.168.34.32:33224, 1b813ef4-47a4-4bfc-8eb5-c34ae440adb1:192.168.34.32:36113], old=null
2019-10-21 19:12:41,639 [f2627371-a904-4314-a836-5eb8f54559ec@group-73E40DF2990B-LeaderElection34] INFO  impl.RaftServerImpl (RaftServerImpl.java:setRole(184)) - f2627371-a904-4314-a836-5eb8f54559ec@group-73E40DF2990B: changes role from CANDIDATE to FOLLOWER at term 33 for DISCOVERED_A_NEW_TERM
2019-10-21 19:12:41,639 [f2627371-a904-4314-a836-5eb8f54559ec@group-73E40DF2990B-LeaderElection34] INFO  impl.RoleInfo (RoleInfo.java:shutdownLeaderElection(134)) - f2627371-a904-4314-a836-5eb8f54559ec: shutdown LeaderElection
2019-10-21 19:12:41,639 [f2627371-a904-4314-a836-5eb8f54559ec@group-73E40DF2990B-LeaderElection34] INFO  impl.RoleInfo (RoleInfo.java:updateAndGet(143)) - f2627371-a904-4314-a836-5eb8f54559ec: start FollowerState
2019-10-21 19:12:41,828 [Thread-435] INFO  impl.FollowerState (FollowerState.java:run(108)) - f2627371-a904-4314-a836-5eb8f54559ec@group-73E40DF2990B-FollowerState: change to CANDIDATE, lastRpcTime:189ms, electionTimeout:189ms
2019-10-21 19:12:41,830 [Thread-435] INFO  impl.RoleInfo (RoleInfo.java:shutdownFollowerState(121)) - f2627371-a904-4314-a836-5eb8f54559ec: shutdown FollowerState
2019-10-21 19:12:41,831 [Thread-435] INFO  impl.RaftServerImpl (RaftServerImpl.java:setRole(184)) - f2627371-a904-4314-a836-5eb8f54559ec@group-73E40DF2990B: changes role from  FOLLOWER to CANDIDATE at term 33 for changeToCandidate
2019-10-21 19:12:41,831 [Thread-435] INFO  impl.RoleInfo (RoleInfo.java:updateAndGet(143)) - f2627371-a904-4314-a836-5eb8f54559ec: start LeaderElection
2019-10-21 19:12:41,856 [f2627371-a904-4314-a836-5eb8f54559ec@group-73E40DF2990B-LeaderElection35] INFO  impl.LeaderElection (LeaderElection.java:askForVotes(178)) - f2627371-a904-4314-a836-5eb8f54559ec@group-73E40DF2990B-LeaderElection35: begin an election at term 34 for -1: [e6a83585-83d0-4616-a3d5-866875ad8a29:192.168.34.32:46159, f2627371-a904-4314-a836-5eb8f54559ec:192.168.34.32:33224, 1b813ef4-47a4-4bfc-8eb5-c34ae440adb1:192.168.34.32:36113], old=null
2019-10-21 19:12:41,860 [grpc-default-executor-2] INFO  impl.RaftServerImpl (RaftServerImpl.java:setRole(184)) - 1b813ef4-47a4-4bfc-8eb5-c34ae440adb1@group-73E40DF2990B: changes role from  FOLLOWER to FOLLOWER at term 34 for recognizeCandidate:f2627371-a904-4314-a836-5eb8f54559ec
2019-10-21 19:12:41,860 [grpc-default-executor-2] INFO  impl.RoleInfo (RoleInfo.java:shutdownFollowerState(121)) - 1b813ef4-47a4-4bfc-8eb5-c34ae440adb1: shutdown FollowerState
2019-10-21 19:12:41,860 [grpc-default-executor-5] INFO  impl.RaftServerImpl (RaftServerImpl.java:setRole(184)) - e6a83585-83d0-4616-a3d5-866875ad8a29@group-73E40DF2990B: changes role from  FOLLOWER to FOLLOWER at term 34 for recognizeCandidate:f2627371-a904-4314-a836-5eb8f54559ec
2019-10-21 19:12:41,861 [Thread-433] INFO  impl.FollowerState (FollowerState.java:run(117)) - 1b813ef4-47a4-4bfc-8eb5-c34ae440adb1@group-73E40DF2990B-FollowerState was interrupted: java.lang.InterruptedException: sleep interrupted
2019-10-21 19:12:41,861 [grpc-default-executor-2] INFO  impl.RoleInfo (RoleInfo.java:updateAndGet(143)) - 1b813ef4-47a4-4bfc-8eb5-c34ae440adb1: start FollowerState
2019-10-21 19:12:41,861 [grpc-default-executor-5] INFO  impl.RoleInfo (RoleInfo.java:shutdownFollowerState(121)) - e6a83585-83d0-4616-a3d5-866875ad8a29: shutdown FollowerState
2019-10-21 19:12:41,861 [grpc-default-executor-5] INFO  impl.RoleInfo (RoleInfo.java:updateAndGet(143)) - e6a83585-83d0-4616-a3d5-866875ad8a29: start FollowerState
2019-10-21 19:12:41,861 [Thread-434] INFO  impl.FollowerState (FollowerState.java:run(117)) - e6a83585-83d0-4616-a3d5-866875ad8a29@group-73E40DF2990B-FollowerState was interrupted: java.lang.InterruptedException: sleep interrupted
2019-10-21 19:12:41,871 [f2627371-a904-4314-a836-5eb8f54559ec@group-73E40DF2990B-LeaderElection35] INFO  impl.LeaderElection (LeaderElection.java:logAndReturn(56)) - f2627371-a904-4314-a836-5eb8f54559ec@group-73E40DF2990B-LeaderElection35: Election REJECTED; received 2 response(s) [f2627371-a904-4314-a836-5eb8f54559ec<-e6a83585-83d0-4616-a3d5-866875ad8a29#0:FAIL-t34, f2627371-a904-4314-a836-5eb8f54559ec<-1b813ef4-47a4-4bfc-8eb5-c34ae440adb1#0:FAIL-t34] and 0 exception(s); f2627371-a904-4314-a836-5eb8f54559ec@group-73E40DF2990B:t34, leader=null, voted=f2627371-a904-4314-a836-5eb8f54559ec, raftlog=f2627371-a904-4314-a836-5eb8f54559ec@group-73E40DF2990B-SegmentedRaftLog:OPENED:c-1,f-1,i0, conf=-1: [e6a83585-83d0-4616-a3d5-866875ad8a29:192.168.34.32:46159, f2627371-a904-4314-a836-5eb8f54559ec:192.168.34.32:33224, 1b813ef4-47a4-4bfc-8eb5-c34ae440adb1:192.168.34.32:36113], old=null
2019-10-21 19:12:41,872 [f2627371-a904-4314-a836-5eb8f54559ec@group-73E40DF2990B-LeaderElection35] INFO  impl.RaftServerImpl (RaftServerImpl.java:setRole(184)) - f2627371-a904-4314-a836-5eb8f54559ec@group-73E40DF2990B: changes role from CANDIDATE to FOLLOWER at term 34 for DISCOVERED_A_NEW_TERM
2019-10-21 19:12:41,872 [f2627371-a904-4314-a836-5eb8f54559ec@group-73E40DF2990B-LeaderElection35] INFO  impl.RoleInfo (RoleInfo.java:shutdownLeaderElection(134)) - f2627371-a904-4314-a836-5eb8f54559ec: shutdown LeaderElection
2019-10-21 19:12:41,872 [f2627371-a904-4314-a836-5eb8f54559ec@group-73E40DF2990B-LeaderElection35] INFO  impl.RoleInfo (RoleInfo.java:updateAndGet(143)) - f2627371-a904-4314-a836-5eb8f54559ec: start FollowerState
2019-10-21 19:12:41,880 [Thread-441] INFO  impl.FollowerState (FollowerState.java:run(108)) - f2627371-a904-4314-a836-5eb8f54559ec@group-73E40DF2990B-FollowerState: change to CANDIDATE, lastRpcTime:7ms, electionTimeout:7ms
2019-10-21 19:12:41,881 [Thread-441] INFO  impl.RoleInfo (RoleInfo.java:shutdownFollowerState(121)) - f2627371-a904-4314-a836-5eb8f54559ec: shutdown FollowerState
2019-10-21 19:12:41,881 [Thread-441] INFO  impl.RaftServerImpl (RaftServerImpl.java:setRole(184)) - f2627371-a904-4314-a836-5eb8f54559ec@group-73E40DF2990B: changes role from  FOLLOWER to CANDIDATE at term 34 for changeToCandidate
2019-10-21 19:12:41,881 [Thread-441] INFO  impl.RoleInfo (RoleInfo.java:updateAndGet(143)) - f2627371-a904-4314-a836-5eb8f54559ec: start LeaderElection
2019-10-21 19:12:41,894 [f2627371-a904-4314-a836-5eb8f54559ec@group-73E40DF2990B-LeaderElection36] INFO  impl.LeaderElection (LeaderElection.java:askForVotes(178)) - f2627371-a904-4314-a836-5eb8f54559ec@group-73E40DF2990B-LeaderElection36: begin an election at term 35 for -1: [e6a83585-83d0-4616-a3d5-866875ad8a29:192.168.34.32:46159, f2627371-a904-4314-a836-5eb8f54559ec:192.168.34.32:33224, 1b813ef4-47a4-4bfc-8eb5-c34ae440adb1:192.168.34.32:36113], old=null
2019-10-21 19:12:41,897 [grpc-default-executor-5] INFO  impl.RaftServerImpl (RaftServerImpl.java:setRole(184)) - e6a83585-83d0-4616-a3d5-866875ad8a29@group-73E40DF2990B: changes role from  FOLLOWER to FOLLOWER at term 35 for recognizeCandidate:f2627371-a904-4314-a836-5eb8f54559ec
2019-10-21 19:12:41,897 [grpc-default-executor-2] INFO  impl.RaftServerImpl (RaftServerImpl.java:setRole(184)) - 1b813ef4-47a4-4bfc-8eb5-c34ae440adb1@group-73E40DF2990B: changes role from  FOLLOWER to FOLLOWER at term 35 for recognizeCandidate:f2627371-a904-4314-a836-5eb8f54559ec
2019-10-21 19:12:41,898 [grpc-default-executor-5] INFO  impl.RoleInfo (RoleInfo.java:shutdownFollowerState(121)) - e6a83585-83d0-4616-a3d5-866875ad8a29: shutdown FollowerState
2019-10-21 19:12:41,898 [grpc-default-executor-2] INFO  impl.RoleInfo (RoleInfo.java:shutdownFollowerState(121)) - 1b813ef4-47a4-4bfc-8eb5-c34ae440adb1: shutdown FollowerState
2019-10-21 19:12:41,898 [Thread-440] INFO  impl.FollowerState (FollowerState.java:run(117)) - e6a83585-83d0-4616-a3d5-866875ad8a29@group-73E40DF2990B-FollowerState was interrupted: java.lang.InterruptedException: sleep interrupted
2019-10-21 19:12:41,898 [Thread-439] INFO  impl.FollowerState (FollowerState.java:run(117)) - 1b813ef4-47a4-4bfc-8eb5-c34ae440adb1@group-73E40DF2990B-FollowerState was interrupted: java.lang.InterruptedException: sleep interrupted
2019-10-21 19:12:41,898 [grpc-default-executor-5] INFO  impl.RoleInfo (RoleInfo.java:updateAndGet(143)) - e6a83585-83d0-4616-a3d5-866875ad8a29: start FollowerState
2019-10-21 19:12:41,898 [grpc-default-executor-2] INFO  impl.RoleInfo (RoleInfo.java:updateAndGet(143)) - 1b813ef4-47a4-4bfc-8eb5-c34ae440adb1: start FollowerState
2019-10-21 19:12:41,941 [f2627371-a904-4314-a836-5eb8f54559ec@group-73E40DF2990B-LeaderElection36] INFO  impl.LeaderElection (LeaderElection.java:logAndReturn(56)) - f2627371-a904-4314-a836-5eb8f54559ec@group-73E40DF2990B-LeaderElection36: Election REJECTED; received 2 response(s) [f2627371-a904-4314-a836-5eb8f54559ec<-e6a83585-83d0-4616-a3d5-866875ad8a29#0:FAIL-t35, f2627371-a904-4314-a836-5eb8f54559ec<-1b813ef4-47a4-4bfc-8eb5-c34ae440adb1#0:FAIL-t35] and 0 exception(s); f2627371-a904-4314-a836-5eb8f54559ec@group-73E40DF2990B:t35, leader=null, voted=f2627371-a904-4314-a836-5eb8f54559ec, raftlog=f2627371-a904-4314-a836-5eb8f54559ec@group-73E40DF2990B-SegmentedRaftLog:OPENED:c-1,f-1,i0, conf=-1: [e6a83585-83d0-4616-a3d5-866875ad8a29:192.168.34.32:46159, f2627371-a904-4314-a836-5eb8f54559ec:192.168.34.32:33224, 1b813ef4-47a4-4bfc-8eb5-c34ae440adb1:192.168.34.32:36113], old=null
2019-10-21 19:12:41,941 [f2627371-a904-4314-a836-5eb8f54559ec@group-73E40DF2990B-LeaderElection36] INFO  impl.RaftServerImpl (RaftServerImpl.java:setRole(184)) - f2627371-a904-4314-a836-5eb8f54559ec@group-73E40DF2990B: changes role from CANDIDATE to FOLLOWER at term 35 for DISCOVERED_A_NEW_TERM
2019-10-21 19:12:41,942 [f2627371-a904-4314-a836-5eb8f54559ec@group-73E40DF2990B-LeaderElection36] INFO  impl.RoleInfo (RoleInfo.java:shutdownLeaderElection(134)) - f2627371-a904-4314-a836-5eb8f54559ec: shutdown LeaderElection
2019-10-21 19:12:41,942 [f2627371-a904-4314-a836-5eb8f54559ec@group-73E40DF2990B-LeaderElection36] INFO  impl.RoleInfo (RoleInfo.java:updateAndGet(143)) - f2627371-a904-4314-a836-5eb8f54559ec: start FollowerState
2019-10-21 19:12:42,094 [Thread-447] INFO  impl.FollowerState (FollowerState.java:run(108)) - f2627371-a904-4314-a836-5eb8f54559ec@group-73E40DF2990B-FollowerState: change to CANDIDATE, lastRpcTime:152ms, electionTimeout:152ms
2019-10-21 19:12:42,096 [Thread-447] INFO  impl.RoleInfo (RoleInfo.java:shutdownFollowerState(121)) - f2627371-a904-4314-a836-5eb8f54559ec: shutdown FollowerState
2019-10-21 19:12:42,096 [Thread-447] INFO  impl.RaftServerImpl (RaftServerImpl.java:setRole(184)) - f2627371-a904-4314-a836-5eb8f54559ec@group-73E40DF2990B: changes role from  FOLLOWER to CANDIDATE at term 35 for changeToCandidate
2019-10-21 19:12:42,096 [Thread-447] INFO  impl.RoleInfo (RoleInfo.java:updateAndGet(143)) - f2627371-a904-4314-a836-5eb8f54559ec: start LeaderElection
2019-10-21 19:12:42,110 [f2627371-a904-4314-a836-5eb8f54559ec@group-73E40DF2990B-LeaderElection37] INFO  impl.LeaderElection (LeaderElection.java:askForVotes(178)) - f2627371-a904-4314-a836-5eb8f54559ec@group-73E40DF2990B-LeaderElection37: begin an election at term 36 for -1: [e6a83585-83d0-4616-a3d5-866875ad8a29:192.168.34.32:46159, f2627371-a904-4314-a836-5eb8f54559ec:192.168.34.32:33224, 1b813ef4-47a4-4bfc-8eb5-c34ae440adb1:192.168.34.32:36113], old=null
2019-10-21 19:12:42,114 [grpc-default-executor-2] INFO  impl.RaftServerImpl (RaftServerImpl.java:setRole(184)) - 1b813ef4-47a4-4bfc-8eb5-c34ae440adb1@group-73E40DF2990B: changes role from  FOLLOWER to FOLLOWER at term 36 for recognizeCandidate:f2627371-a904-4314-a836-5eb8f54559ec
2019-10-21 19:12:42,114 [grpc-default-executor-5] INFO  impl.RaftServerImpl (RaftServerImpl.java:setRole(184)) - e6a83585-83d0-4616-a3d5-866875ad8a29@group-73E40DF2990B: changes role from  FOLLOWER to FOLLOWER at term 36 for recognizeCandidate:f2627371-a904-4314-a836-5eb8f54559ec
2019-10-21 19:12:42,114 [grpc-default-executor-5] INFO  impl.RoleInfo (RoleInfo.java:shutdownFollowerState(121)) - e6a83585-83d0-4616-a3d5-866875ad8a29: shutdown FollowerState
2019-10-21 19:12:42,114 [grpc-default-executor-2] INFO  impl.RoleInfo (RoleInfo.java:shutdownFollowerState(121)) - 1b813ef4-47a4-4bfc-8eb5-c34ae440adb1: shutdown FollowerState
2019-10-21 19:12:42,115 [Thread-445] INFO  impl.FollowerState (FollowerState.java:run(117)) - e6a83585-83d0-4616-a3d5-866875ad8a29@group-73E40DF2990B-FollowerState was interrupted: java.lang.InterruptedException: sleep interrupted
2019-10-21 19:12:42,115 [grpc-default-executor-2] INFO  impl.RoleInfo (RoleInfo.java:updateAndGet(143)) - 1b813ef4-47a4-4bfc-8eb5-c34ae440adb1: start FollowerState
2019-10-21 19:12:42,115 [grpc-default-executor-5] INFO  impl.RoleInfo (RoleInfo.java:updateAndGet(143)) - e6a83585-83d0-4616-a3d5-866875ad8a29: start FollowerState
2019-10-21 19:12:42,115 [Thread-446] INFO  impl.FollowerState (FollowerState.java:run(117)) - 1b813ef4-47a4-4bfc-8eb5-c34ae440adb1@group-73E40DF2990B-FollowerState was interrupted: java.lang.InterruptedException: sleep interrupted
2019-10-21 19:12:42,117 [f2627371-a904-4314-a836-5eb8f54559ec@group-73E40DF2990B-LeaderElection37] INFO  impl.LeaderElection (LeaderElection.java:logAndReturn(56)) - f2627371-a904-4314-a836-5eb8f54559ec@group-73E40DF2990B-LeaderElection37: Election TIMEOUT; received 0 response(s) [] and 0 exception(s); f2627371-a904-4314-a836-5eb8f54559ec@group-73E40DF2990B:t36, leader=null, voted=f2627371-a904-4314-a836-5eb8f54559ec, raftlog=f2627371-a904-4314-a836-5eb8f54559ec@group-73E40DF2990B-SegmentedRaftLog:OPENED:c-1,f-1,i0, conf=-1: [e6a83585-83d0-4616-a3d5-866875ad8a29:192.168.34.32:46159, f2627371-a904-4314-a836-5eb8f54559ec:192.168.34.32:33224, 1b813ef4-47a4-4bfc-8eb5-c34ae440adb1:192.168.34.32:36113], old=null
2019-10-21 19:12:42,124 [f2627371-a904-4314-a836-5eb8f54559ec@group-73E40DF2990B-LeaderElection37] INFO  impl.LeaderElection (LeaderElection.java:askForVotes(178)) - f2627371-a904-4314-a836-5eb8f54559ec@group-73E40DF2990B-LeaderElection37: begin an election at term 37 for -1: [e6a83585-83d0-4616-a3d5-866875ad8a29:192.168.34.32:46159, f2627371-a904-4314-a836-5eb8f54559ec:192.168.34.32:33224, 1b813ef4-47a4-4bfc-8eb5-c34ae440adb1:192.168.34.32:36113], old=null
2019-10-21 19:12:42,127 [grpc-default-executor-2] INFO  impl.RaftServerImpl (RaftServerImpl.java:setRole(184)) - e6a83585-83d0-4616-a3d5-866875ad8a29@group-73E40DF2990B: changes role from  FOLLOWER to FOLLOWER at term 37 for recognizeCandidate:f2627371-a904-4314-a836-5eb8f54559ec
2019-10-21 19:12:42,132 [grpc-default-executor-2] INFO  impl.RoleInfo (RoleInfo.java:shutdownFollowerState(121)) - e6a83585-83d0-4616-a3d5-866875ad8a29: shutdown FollowerState
2019-10-21 19:12:42,132 [Thread-453] INFO  impl.FollowerState (FollowerState.java:run(117)) - e6a83585-83d0-4616-a3d5-866875ad8a29@group-73E40DF2990B-FollowerState was interrupted: java.lang.InterruptedException: sleep interrupted
2019-10-21 19:12:42,132 [grpc-default-executor-2] INFO  impl.RoleInfo (RoleInfo.java:updateAndGet(143)) - e6a83585-83d0-4616-a3d5-866875ad8a29: start FollowerState
2019-10-21 19:12:42,132 [grpc-default-executor-5] INFO  impl.RaftServerImpl (RaftServerImpl.java:setRole(184)) - 1b813ef4-47a4-4bfc-8eb5-c34ae440adb1@group-73E40DF2990B: changes role from  FOLLOWER to FOLLOWER at term 37 for recognizeCandidate:f2627371-a904-4314-a836-5eb8f54559ec
2019-10-21 19:12:42,132 [grpc-default-executor-5] INFO  impl.RoleInfo (RoleInfo.java:shutdownFollowerState(121)) - 1b813ef4-47a4-4bfc-8eb5-c34ae440adb1: shutdown FollowerState
2019-10-21 19:12:42,133 [grpc-default-executor-5] INFO  impl.RoleInfo (RoleInfo.java:updateAndGet(143)) - 1b813ef4-47a4-4bfc-8eb5-c34ae440adb1: start FollowerState
2019-10-21 19:12:42,133 [Thread-454] INFO  impl.FollowerState (FollowerState.java:run(117)) - 1b813ef4-47a4-4bfc-8eb5-c34ae440adb1@group-73E40DF2990B-FollowerState was interrupted: java.lang.InterruptedException: sleep interrupted
2019-10-21 19:12:42,148 [f2627371-a904-4314-a836-5eb8f54559ec@group-73E40DF2990B-LeaderElection37] INFO  impl.LeaderElection (LeaderElection.java:logAndReturn(56)) - f2627371-a904-4314-a836-5eb8f54559ec@group-73E40DF2990B-LeaderElection37: Election REJECTED; received 2 response(s) [f2627371-a904-4314-a836-5eb8f54559ec<-e6a83585-83d0-4616-a3d5-866875ad8a29#0:FAIL-t37, f2627371-a904-4314-a836-5eb8f54559ec<-1b813ef4-47a4-4bfc-8eb5-c34ae440adb1#0:FAIL-t37] and 0 exception(s); f2627371-a904-4314-a836-5eb8f54559ec@group-73E40DF2990B:t37, leader=null, voted=f2627371-a904-4314-a836-5eb8f54559ec, raftlog=f2627371-a904-4314-a836-5eb8f54559ec@group-73E40DF2990B-SegmentedRaftLog:OPENED:c-1,f-1,i0, conf=-1: [e6a83585-83d0-4616-a3d5-866875ad8a29:192.168.34.32:46159, f2627371-a904-4314-a836-5eb8f54559ec:192.168.34.32:33224, 1b813ef4-47a4-4bfc-8eb5-c34ae440adb1:192.168.34.32:36113], old=null
2019-10-21 19:12:42,148 [f2627371-a904-4314-a836-5eb8f54559ec@group-73E40DF2990B-LeaderElection37] INFO  impl.RaftServerImpl (RaftServerImpl.java:setRole(184)) - f2627371-a904-4314-a836-5eb8f54559ec@group-73E40DF2990B: changes role from CANDIDATE to FOLLOWER at term 37 for DISCOVERED_A_NEW_TERM
2019-10-21 19:12:42,148 [f2627371-a904-4314-a836-5eb8f54559ec@group-73E40DF2990B-LeaderElection37] INFO  impl.RoleInfo (RoleInfo.java:shutdownLeaderElection(134)) - f2627371-a904-4314-a836-5eb8f54559ec: shutdown LeaderElection
2019-10-21 19:12:42,149 [f2627371-a904-4314-a836-5eb8f54559ec@group-73E40DF2990B-LeaderElection37] INFO  impl.RoleInfo (RoleInfo.java:updateAndGet(143)) - f2627371-a904-4314-a836-5eb8f54559ec: start FollowerState
2019-10-21 19:12:42,256 [Thread-459] INFO  impl.FollowerState (FollowerState.java:run(108)) - f2627371-a904-4314-a836-5eb8f54559ec@group-73E40DF2990B-FollowerState: change to CANDIDATE, lastRpcTime:107ms, electionTimeout:107ms
2019-10-21 19:12:42,256 [Thread-459] INFO  impl.RoleInfo (RoleInfo.java:shutdownFollowerState(121)) - f2627371-a904-4314-a836-5eb8f54559ec: shutdown FollowerState
2019-10-21 19:12:42,256 [Thread-459] INFO  impl.RaftServerImpl (RaftServerImpl.java:setRole(184)) - f2627371-a904-4314-a836-5eb8f54559ec@group-73E40DF2990B: changes role from  FOLLOWER to CANDIDATE at term 37 for changeToCandidate
2019-10-21 19:12:42,257 [Thread-459] INFO  impl.RoleInfo (RoleInfo.java:updateAndGet(143)) - f2627371-a904-4314-a836-5eb8f54559ec: start LeaderElection
2019-10-21 19:12:42,271 [f2627371-a904-4314-a836-5eb8f54559ec@group-73E40DF2990B-LeaderElection38] INFO  impl.LeaderElection (LeaderElection.java:askForVotes(178)) - f2627371-a904-4314-a836-5eb8f54559ec@group-73E40DF2990B-LeaderElection38: begin an election at term 38 for -1: [e6a83585-83d0-4616-a3d5-866875ad8a29:192.168.34.32:46159, f2627371-a904-4314-a836-5eb8f54559ec:192.168.34.32:33224, 1b813ef4-47a4-4bfc-8eb5-c34ae440adb1:192.168.34.32:36113], old=null
2019-10-21 19:12:42,274 [grpc-default-executor-5] INFO  impl.RaftServerImpl (RaftServerImpl.java:setRole(184)) - e6a83585-83d0-4616-a3d5-866875ad8a29@group-73E40DF2990B: changes role from  FOLLOWER to FOLLOWER at term 38 for recognizeCandidate:f2627371-a904-4314-a836-5eb8f54559ec
2019-10-21 19:12:42,274 [grpc-default-executor-2] INFO  impl.RaftServerImpl (RaftServerImpl.java:setRole(184)) - 1b813ef4-47a4-4bfc-8eb5-c34ae440adb1@group-73E40DF2990B: changes role from  FOLLOWER to FOLLOWER at term 38 for recognizeCandidate:f2627371-a904-4314-a836-5eb8f54559ec
2019-10-21 19:12:42,274 [grpc-default-executor-5] INFO  impl.RoleInfo (RoleInfo.java:shutdownFollowerState(121)) - e6a83585-83d0-4616-a3d5-866875ad8a29: shutdown FollowerState
2019-10-21 19:12:42,274 [grpc-default-executor-2] INFO  impl.RoleInfo (RoleInfo.java:shutdownFollowerState(121)) - 1b813ef4-47a4-4bfc-8eb5-c34ae440adb1: shutdown FollowerState
2019-10-21 19:12:42,274 [grpc-default-executor-5] INFO  impl.RoleInfo (RoleInfo.java:updateAndGet(143)) - e6a83585-83d0-4616-a3d5-866875ad8a29: start FollowerState
2019-10-21 19:12:42,274 [Thread-457] INFO  impl.FollowerState (FollowerState.java:run(117)) - e6a83585-83d0-4616-a3d5-866875ad8a29@group-73E40DF2990B-FollowerState was interrupted: java.lang.InterruptedException: sleep interrupted
2019-10-21 19:12:42,275 [grpc-default-executor-2] INFO  impl.RoleInfo (RoleInfo.java:updateAndGet(143)) - 1b813ef4-47a4-4bfc-8eb5-c34ae440adb1: start FollowerState
2019-10-21 19:12:42,275 [Thread-458] INFO  impl.FollowerState (FollowerState.java:run(117)) - 1b813ef4-47a4-4bfc-8eb5-c34ae440adb1@group-73E40DF2990B-FollowerState was interrupted: java.lang.InterruptedException: sleep interrupted
2019-10-21 19:12:42,292 [f2627371-a904-4314-a836-5eb8f54559ec@group-73E40DF2990B-LeaderElection38] INFO  impl.LeaderElection (LeaderElection.java:logAndReturn(56)) - f2627371-a904-4314-a836-5eb8f54559ec@group-73E40DF2990B-LeaderElection38: Election REJECTED; received 2 response(s) [f2627371-a904-4314-a836-5eb8f54559ec<-e6a83585-83d0-4616-a3d5-866875ad8a29#0:FAIL-t38, f2627371-a904-4314-a836-5eb8f54559ec<-1b813ef4-47a4-4bfc-8eb5-c34ae440adb1#0:FAIL-t38] and 0 exception(s); f2627371-a904-4314-a836-5eb8f54559ec@group-73E40DF2990B:t38, leader=null, voted=f2627371-a904-4314-a836-5eb8f54559ec, raftlog=f2627371-a904-4314-a836-5eb8f54559ec@group-73E40DF2990B-SegmentedRaftLog:OPENED:c-1,f-1,i0, conf=-1: [e6a83585-83d0-4616-a3d5-866875ad8a29:192.168.34.32:46159, f2627371-a904-4314-a836-5eb8f54559ec:192.168.34.32:33224, 1b813ef4-47a4-4bfc-8eb5-c34ae440adb1:192.168.34.32:36113], old=null
2019-10-21 19:12:42,292 [f2627371-a904-4314-a836-5eb8f54559ec@group-73E40DF2990B-LeaderElection38] INFO  impl.RaftServerImpl (RaftServerImpl.java:setRole(184)) - f2627371-a904-4314-a836-5eb8f54559ec@group-73E40DF2990B: changes role from CANDIDATE to FOLLOWER at term 38 for DISCOVERED_A_NEW_TERM
2019-10-21 19:12:42,292 [f2627371-a904-4314-a836-5eb8f54559ec@group-73E40DF2990B-LeaderElection38] INFO  impl.RoleInfo (RoleInfo.java:shutdownLeaderElection(134)) - f2627371-a904-4314-a836-5eb8f54559ec: shutdown LeaderElection
2019-10-21 19:12:42,293 [f2627371-a904-4314-a836-5eb8f54559ec@group-73E40DF2990B-LeaderElection38] INFO  impl.RoleInfo (RoleInfo.java:updateAndGet(143)) - f2627371-a904-4314-a836-5eb8f54559ec: start FollowerState
2019-10-21 19:12:42,384 [Thread-465] INFO  impl.FollowerState (FollowerState.java:run(108)) - f2627371-a904-4314-a836-5eb8f54559ec@group-73E40DF2990B-FollowerState: change to CANDIDATE, lastRpcTime:91ms, electionTimeout:91ms
2019-10-21 19:12:42,384 [Thread-465] INFO  impl.RoleInfo (RoleInfo.java:shutdownFollowerState(121)) - f2627371-a904-4314-a836-5eb8f54559ec: shutdown FollowerState
2019-10-21 19:12:42,384 [Thread-465] INFO  impl.RaftServerImpl (RaftServerImpl.java:setRole(184)) - f2627371-a904-4314-a836-5eb8f54559ec@group-73E40DF2990B: changes role from  FOLLOWER to CANDIDATE at term 38 for changeToCandidate
2019-10-21 19:12:42,384 [Thread-465] INFO  impl.RoleInfo (RoleInfo.java:updateAndGet(143)) - f2627371-a904-4314-a836-5eb8f54559ec: start LeaderElection
2019-10-21 19:12:42,399 [f2627371-a904-4314-a836-5eb8f54559ec@group-73E40DF2990B-LeaderElection39] INFO  impl.LeaderElection (LeaderElection.java:askForVotes(178)) - f2627371-a904-4314-a836-5eb8f54559ec@group-73E40DF2990B-LeaderElection39: begin an election at term 39 for -1: [e6a83585-83d0-4616-a3d5-866875ad8a29:192.168.34.32:46159, f2627371-a904-4314-a836-5eb8f54559ec:192.168.34.32:33224, 1b813ef4-47a4-4bfc-8eb5-c34ae440adb1:192.168.34.32:36113], old=null
2019-10-21 19:12:42,402 [grpc-default-executor-2] INFO  impl.RaftServerImpl (RaftServerImpl.java:setRole(184)) - e6a83585-83d0-4616-a3d5-866875ad8a29@group-73E40DF2990B: changes role from  FOLLOWER to FOLLOWER at term 39 for recognizeCandidate:f2627371-a904-4314-a836-5eb8f54559ec
2019-10-21 19:12:42,402 [grpc-default-executor-2] INFO  impl.RoleInfo (RoleInfo.java:shutdownFollowerState(121)) - e6a83585-83d0-4616-a3d5-866875ad8a29: shutdown FollowerState
2019-10-21 19:12:42,402 [grpc-default-executor-5] INFO  impl.RaftServerImpl (RaftServerImpl.java:setRole(184)) - 1b813ef4-47a4-4bfc-8eb5-c34ae440adb1@group-73E40DF2990B: changes role from  FOLLOWER to FOLLOWER at term 39 for recognizeCandidate:f2627371-a904-4314-a836-5eb8f54559ec
2019-10-21 19:12:42,402 [Thread-463] INFO  impl.FollowerState (FollowerState.java:run(117)) - e6a83585-83d0-4616-a3d5-866875ad8a29@group-73E40DF2990B-FollowerState was interrupted: java.lang.InterruptedException: sleep interrupted
2019-10-21 19:12:42,402 [grpc-default-executor-2] INFO  impl.RoleInfo (RoleInfo.java:updateAndGet(143)) - e6a83585-83d0-4616-a3d5-866875ad8a29: start FollowerState
2019-10-21 19:12:42,402 [grpc-default-executor-5] INFO  impl.RoleInfo (RoleInfo.java:shutdownFollowerState(121)) - 1b813ef4-47a4-4bfc-8eb5-c34ae440adb1: shutdown FollowerState
2019-10-21 19:12:42,403 [grpc-default-executor-5] INFO  impl.RoleInfo (RoleInfo.java:updateAndGet(143)) - 1b813ef4-47a4-4bfc-8eb5-c34ae440adb1: start FollowerState
2019-10-21 19:12:42,403 [Thread-464] INFO  impl.FollowerState (FollowerState.java:run(117)) - 1b813ef4-47a4-4bfc-8eb5-c34ae440adb1@group-73E40DF2990B-FollowerState was interrupted: java.lang.InterruptedException: sleep interrupted
2019-10-21 19:12:42,422 [f2627371-a904-4314-a836-5eb8f54559ec@group-73E40DF2990B-LeaderElection39] INFO  impl.LeaderElection (LeaderElection.java:logAndReturn(56)) - f2627371-a904-4314-a836-5eb8f54559ec@group-73E40DF2990B-LeaderElection39: Election REJECTED; received 2 response(s) [f2627371-a904-4314-a836-5eb8f54559ec<-e6a83585-83d0-4616-a3d5-866875ad8a29#0:FAIL-t39, f2627371-a904-4314-a836-5eb8f54559ec<-1b813ef4-47a4-4bfc-8eb5-c34ae440adb1#0:FAIL-t39] and 0 exception(s); f2627371-a904-4314-a836-5eb8f54559ec@group-73E40DF2990B:t39, leader=null, voted=f2627371-a904-4314-a836-5eb8f54559ec, raftlog=f2627371-a904-4314-a836-5eb8f54559ec@group-73E40DF2990B-SegmentedRaftLog:OPENED:c-1,f-1,i0, conf=-1: [e6a83585-83d0-4616-a3d5-866875ad8a29:192.168.34.32:46159, f2627371-a904-4314-a836-5eb8f54559ec:192.168.34.32:33224, 1b813ef4-47a4-4bfc-8eb5-c34ae440adb1:192.168.34.32:36113], old=null
2019-10-21 19:12:42,422 [f2627371-a904-4314-a836-5eb8f54559ec@group-73E40DF2990B-LeaderElection39] INFO  impl.RaftServerImpl (RaftServerImpl.java:setRole(184)) - f2627371-a904-4314-a836-5eb8f54559ec@group-73E40DF2990B: changes role from CANDIDATE to FOLLOWER at term 39 for DISCOVERED_A_NEW_TERM
2019-10-21 19:12:42,422 [f2627371-a904-4314-a836-5eb8f54559ec@group-73E40DF2990B-LeaderElection39] INFO  impl.RoleInfo (RoleInfo.java:shutdownLeaderElection(134)) - f2627371-a904-4314-a836-5eb8f54559ec: shutdown LeaderElection
2019-10-21 19:12:42,422 [f2627371-a904-4314-a836-5eb8f54559ec@group-73E40DF2990B-LeaderElection39] INFO  impl.RoleInfo (RoleInfo.java:updateAndGet(143)) - f2627371-a904-4314-a836-5eb8f54559ec: start FollowerState
2019-10-21 19:12:42,475 [Thread-471] INFO  impl.FollowerState (FollowerState.java:run(108)) - f2627371-a904-4314-a836-5eb8f54559ec@group-73E40DF2990B-FollowerState: change to CANDIDATE, lastRpcTime:52ms, electionTimeout:52ms
2019-10-21 19:12:42,475 [Thread-471] INFO  impl.RoleInfo (RoleInfo.java:shutdownFollowerState(121)) - f2627371-a904-4314-a836-5eb8f54559ec: shutdown FollowerState
2019-10-21 19:12:42,475 [Thread-471] INFO  impl.RaftServerImpl (RaftServerImpl.java:setRole(184)) - f2627371-a904-4314-a836-5eb8f54559ec@group-73E40DF2990B: changes role from  FOLLOWER to CANDIDATE at term 39 for changeToCandidate
2019-10-21 19:12:42,476 [Thread-471] INFO  impl.RoleInfo (RoleInfo.java:updateAndGet(143)) - f2627371-a904-4314-a836-5eb8f54559ec: start LeaderElection
2019-10-21 19:12:42,490 [f2627371-a904-4314-a836-5eb8f54559ec@group-73E40DF2990B-LeaderElection40] INFO  impl.LeaderElection (LeaderElection.java:askForVotes(178)) - f2627371-a904-4314-a836-5eb8f54559ec@group-73E40DF2990B-LeaderElection40: begin an election at term 40 for -1: [e6a83585-83d0-4616-a3d5-866875ad8a29:192.168.34.32:46159, f2627371-a904-4314-a836-5eb8f54559ec:192.168.34.32:33224, 1b813ef4-47a4-4bfc-8eb5-c34ae440adb1:192.168.34.32:36113], old=null
2019-10-21 19:12:42,494 [grpc-default-executor-2] INFO  impl.RaftServerImpl (RaftServerImpl.java:setRole(184)) - 1b813ef4-47a4-4bfc-8eb5-c34ae440adb1@group-73E40DF2990B: changes role from  FOLLOWER to FOLLOWER at term 40 for recognizeCandidate:f2627371-a904-4314-a836-5eb8f54559ec
2019-10-21 19:12:42,494 [grpc-default-executor-5] INFO  impl.RaftServerImpl (RaftServerImpl.java:setRole(184)) - e6a83585-83d0-4616-a3d5-866875ad8a29@group-73E40DF2990B: changes role from  FOLLOWER to FOLLOWER at term 40 for recognizeCandidate:f2627371-a904-4314-a836-5eb8f54559ec
2019-10-21 19:12:42,494 [grpc-default-executor-2] INFO  impl.RoleInfo (RoleInfo.java:shutdownFollowerState(121)) - 1b813ef4-47a4-4bfc-8eb5-c34ae440adb1: shutdown FollowerState
2019-10-21 19:12:42,494 [grpc-default-executor-5] INFO  impl.RoleInfo (RoleInfo.java:shutdownFollowerState(121)) - e6a83585-83d0-4616-a3d5-866875ad8a29: shutdown FollowerState
2019-10-21 19:12:42,494 [Thread-470] INFO  impl.FollowerState (FollowerState.java:run(117)) - 1b813ef4-47a4-4bfc-8eb5-c34ae440adb1@group-73E40DF2990B-FollowerState was interrupted: java.lang.InterruptedException: sleep interrupted
2019-10-21 19:12:42,494 [grpc-default-executor-2] INFO  impl.RoleInfo (RoleInfo.java:updateAndGet(143)) - 1b813ef4-47a4-4bfc-8eb5-c34ae440adb1: start FollowerState
2019-10-21 19:12:42,494 [grpc-default-executor-5] INFO  impl.RoleInfo (RoleInfo.java:updateAndGet(143)) - e6a83585-83d0-4616-a3d5-866875ad8a29: start FollowerState
2019-10-21 19:12:42,495 [Thread-469] INFO  impl.FollowerState (FollowerState.java:run(117)) - e6a83585-83d0-4616-a3d5-866875ad8a29@group-73E40DF2990B-FollowerState was interrupted: java.lang.InterruptedException: sleep interrupted
2019-10-21 19:12:42,512 [f2627371-a904-4314-a836-5eb8f54559ec@group-73E40DF2990B-LeaderElection40] INFO  impl.LeaderElection (LeaderElection.java:logAndReturn(56)) - f2627371-a904-4314-a836-5eb8f54559ec@group-73E40DF2990B-LeaderElection40: Election REJECTED; received 2 response(s) [f2627371-a904-4314-a836-5eb8f54559ec<-e6a83585-83d0-4616-a3d5-866875ad8a29#0:FAIL-t40, f2627371-a904-4314-a836-5eb8f54559ec<-1b813ef4-47a4-4bfc-8eb5-c34ae440adb1#0:FAIL-t40] and 0 exception(s); f2627371-a904-4314-a836-5eb8f54559ec@group-73E40DF2990B:t40, leader=null, voted=f2627371-a904-4314-a836-5eb8f54559ec, raftlog=f2627371-a904-4314-a836-5eb8f54559ec@group-73E40DF2990B-SegmentedRaftLog:OPENED:c-1,f-1,i0, conf=-1: [e6a83585-83d0-4616-a3d5-866875ad8a29:192.168.34.32:46159, f2627371-a904-4314-a836-5eb8f54559ec:192.168.34.32:33224, 1b813ef4-47a4-4bfc-8eb5-c34ae440adb1:192.168.34.32:36113], old=null
2019-10-21 19:12:42,512 [f2627371-a904-4314-a836-5eb8f54559ec@group-73E40DF2990B-LeaderElection40] INFO  impl.RaftServerImpl (RaftServerImpl.java:setRole(184)) - f2627371-a904-4314-a836-5eb8f54559ec@group-73E40DF2990B: changes role from CANDIDATE to FOLLOWER at term 40 for DISCOVERED_A_NEW_TERM
2019-10-21 19:12:42,512 [f2627371-a904-4314-a836-5eb8f54559ec@group-73E40DF2990B-LeaderElection40] INFO  impl.RoleInfo (RoleInfo.java:shutdownLeaderElection(134)) - f2627371-a904-4314-a836-5eb8f54559ec: shutdown LeaderElection
2019-10-21 19:12:42,513 [f2627371-a904-4314-a836-5eb8f54559ec@group-73E40DF2990B-LeaderElection40] INFO  impl.RoleInfo (RoleInfo.java:updateAndGet(143)) - f2627371-a904-4314-a836-5eb8f54559ec: start FollowerState
2019-10-21 19:12:42,679 [Thread-477] INFO  impl.FollowerState (FollowerState.java:run(108)) - f2627371-a904-4314-a836-5eb8f54559ec@group-73E40DF2990B-FollowerState: change to CANDIDATE, lastRpcTime:166ms, electionTimeout:166ms
2019-10-21 19:12:42,679 [Thread-477] INFO  impl.RoleInfo (RoleInfo.java:shutdownFollowerState(121)) - f2627371-a904-4314-a836-5eb8f54559ec: shutdown FollowerState
2019-10-21 19:12:42,680 [Thread-477] INFO  impl.RaftServerImpl (RaftServerImpl.java:setRole(184)) - f2627371-a904-4314-a836-5eb8f54559ec@group-73E40DF2990B: changes role from  FOLLOWER to CANDIDATE at term 40 for changeToCandidate
2019-10-21 19:12:42,680 [Thread-477] INFO  impl.RoleInfo (RoleInfo.java:updateAndGet(143)) - f2627371-a904-4314-a836-5eb8f54559ec: start LeaderElection
2019-10-21 19:12:42,694 [f2627371-a904-4314-a836-5eb8f54559ec@group-73E40DF2990B-LeaderElection41] INFO  impl.LeaderElection (LeaderElection.java:askForVotes(178)) - f2627371-a904-4314-a836-5eb8f54559ec@group-73E40DF2990B-LeaderElection41: begin an election at term 41 for -1: [e6a83585-83d0-4616-a3d5-866875ad8a29:192.168.34.32:46159, f2627371-a904-4314-a836-5eb8f54559ec:192.168.34.32:33224, 1b813ef4-47a4-4bfc-8eb5-c34ae440adb1:192.168.34.32:36113], old=null
2019-10-21 19:12:42,699 [grpc-default-executor-2] INFO  impl.RaftServerImpl (RaftServerImpl.java:setRole(184)) - 1b813ef4-47a4-4bfc-8eb5-c34ae440adb1@group-73E40DF2990B: changes role from  FOLLOWER to FOLLOWER at term 41 for recognizeCandidate:f2627371-a904-4314-a836-5eb8f54559ec
2019-10-21 19:12:42,699 [grpc-default-executor-5] INFO  impl.RaftServerImpl (RaftServerImpl.java:setRole(184)) - e6a83585-83d0-4616-a3d5-866875ad8a29@group-73E40DF2990B: changes role from  FOLLOWER to FOLLOWER at term 41 for recognizeCandidate:f2627371-a904-4314-a836-5eb8f54559ec
2019-10-21 19:12:42,699 [grpc-default-executor-2] INFO  impl.RoleInfo (RoleInfo.java:shutdownFollowerState(121)) - 1b813ef4-47a4-4bfc-8eb5-c34ae440adb1: shutdown FollowerState
2019-10-21 19:12:42,699 [grpc-default-executor-5] INFO  impl.RoleInfo (RoleInfo.java:shutdownFollowerState(121)) - e6a83585-83d0-4616-a3d5-866875ad8a29: shutdown FollowerState
2019-10-21 19:12:42,699 [grpc-default-executor-2] INFO  impl.RoleInfo (RoleInfo.java:updateAndGet(143)) - 1b813ef4-47a4-4bfc-8eb5-c34ae440adb1: start FollowerState
2019-10-21 19:12:42,699 [Thread-475] INFO  impl.FollowerState (FollowerState.java:run(117)) - 1b813ef4-47a4-4bfc-8eb5-c34ae440adb1@group-73E40DF2990B-FollowerState was interrupted: java.lang.InterruptedException: sleep interrupted
2019-10-21 19:12:42,700 [Thread-476] INFO  impl.FollowerState (FollowerState.java:run(117)) - e6a83585-83d0-4616-a3d5-866875ad8a29@group-73E40DF2990B-FollowerState was interrupted: java.lang.InterruptedException: sleep interrupted
2019-10-21 19:12:42,700 [grpc-default-executor-5] INFO  impl.RoleInfo (RoleInfo.java:updateAndGet(143)) - e6a83585-83d0-4616-a3d5-866875ad8a29: start FollowerState
2019-10-21 19:12:42,711 [f2627371-a904-4314-a836-5eb8f54559ec@group-73E40DF2990B-LeaderElection41] INFO  impl.LeaderElection (LeaderElection.java:logAndReturn(56)) - f2627371-a904-4314-a836-5eb8f54559ec@group-73E40DF2990B-LeaderElection41: Election REJECTED; received 2 response(s) [f2627371-a904-4314-a836-5eb8f54559ec<-e6a83585-83d0-4616-a3d5-866875ad8a29#0:FAIL-t41, f2627371-a904-4314-a836-5eb8f54559ec<-1b813ef4-47a4-4bfc-8eb5-c34ae440adb1#0:FAIL-t41] and 0 exception(s); f2627371-a904-4314-a836-5eb8f54559ec@group-73E40DF2990B:t41, leader=null, voted=f2627371-a904-4314-a836-5eb8f54559ec, raftlog=f2627371-a904-4314-a836-5eb8f54559ec@group-73E40DF2990B-SegmentedRaftLog:OPENED:c-1,f-1,i0, conf=-1: [e6a83585-83d0-4616-a3d5-866875ad8a29:192.168.34.32:46159, f2627371-a904-4314-a836-5eb8f54559ec:192.168.34.32:33224, 1b813ef4-47a4-4bfc-8eb5-c34ae440adb1:192.168.34.32:36113], old=null
2019-10-21 19:12:42,711 [f2627371-a904-4314-a836-5eb8f54559ec@group-73E40DF2990B-LeaderElection41] INFO  impl.RaftServerImpl (RaftServerImpl.java:setRole(184)) - f2627371-a904-4314-a836-5eb8f54559ec@group-73E40DF2990B: changes role from CANDIDATE to FOLLOWER at term 41 for DISCOVERED_A_NEW_TERM
2019-10-21 19:12:42,712 [f2627371-a904-4314-a836-5eb8f54559ec@group-73E40DF2990B-LeaderElection41] INFO  impl.RoleInfo (RoleInfo.java:shutdownLeaderElection(134)) - f2627371-a904-4314-a836-5eb8f54559ec: shutdown LeaderElection
2019-10-21 19:12:42,712 [f2627371-a904-4314-a836-5eb8f54559ec@group-73E40DF2990B-LeaderElection41] INFO  impl.RoleInfo (RoleInfo.java:updateAndGet(143)) - f2627371-a904-4314-a836-5eb8f54559ec: start FollowerState
2019-10-21 19:12:42,795 [Thread-483] INFO  impl.FollowerState (FollowerState.java:run(108)) - f2627371-a904-4314-a836-5eb8f54559ec@group-73E40DF2990B-FollowerState: change to CANDIDATE, lastRpcTime:83ms, electionTimeout:83ms
2019-10-21 19:12:42,796 [Thread-483] INFO  impl.RoleInfo (RoleInfo.java:shutdownFollowerState(121)) - f2627371-a904-4314-a836-5eb8f54559ec: shutdown FollowerState
2019-10-21 19:12:42,796 [Thread-483] INFO  impl.RaftServerImpl (RaftServerImpl.java:setRole(184)) - f2627371-a904-4314-a836-5eb8f54559ec@group-73E40DF2990B: changes role from  FOLLOWER to CANDIDATE at term 41 for changeToCandidate
2019-10-21 19:12:42,796 [Thread-483] INFO  impl.RoleInfo (RoleInfo.java:updateAndGet(143)) - f2627371-a904-4314-a836-5eb8f54559ec: start LeaderElection
2019-10-21 19:12:42,811 [f2627371-a904-4314-a836-5eb8f54559ec@group-73E40DF2990B-LeaderElection42] INFO  impl.LeaderElection (LeaderElection.java:askForVotes(178)) - f2627371-a904-4314-a836-5eb8f54559ec@group-73E40DF2990B-LeaderElection42: begin an election at term 42 for -1: [e6a83585-83d0-4616-a3d5-866875ad8a29:192.168.34.32:46159, f2627371-a904-4314-a836-5eb8f54559ec:192.168.34.32:33224, 1b813ef4-47a4-4bfc-8eb5-c34ae440adb1:192.168.34.32:36113], old=null
2019-10-21 19:12:42,814 [grpc-default-executor-5] INFO  impl.RaftServerImpl (RaftServerImpl.java:setRole(184)) - e6a83585-83d0-4616-a3d5-866875ad8a29@group-73E40DF2990B: changes role from  FOLLOWER to FOLLOWER at term 42 for recognizeCandidate:f2627371-a904-4314-a836-5eb8f54559ec
2019-10-21 19:12:42,814 [grpc-default-executor-5] INFO  impl.RoleInfo (RoleInfo.java:shutdownFollowerState(121)) - e6a83585-83d0-4616-a3d5-866875ad8a29: shutdown FollowerState
2019-10-21 19:12:42,814 [grpc-default-executor-5] INFO  impl.RoleInfo (RoleInfo.java:updateAndGet(143)) - e6a83585-83d0-4616-a3d5-866875ad8a29: start FollowerState
2019-10-21 19:12:42,814 [Thread-482] INFO  impl.FollowerState (FollowerState.java:run(117)) - e6a83585-83d0-4616-a3d5-866875ad8a29@group-73E40DF2990B-FollowerState was interrupted: java.lang.InterruptedException: sleep interrupted
2019-10-21 19:12:42,815 [grpc-default-executor-2] INFO  impl.RaftServerImpl (RaftServerImpl.java:setRole(184)) - 1b813ef4-47a4-4bfc-8eb5-c34ae440adb1@group-73E40DF2990B: changes role from  FOLLOWER to FOLLOWER at term 42 for recognizeCandidate:f2627371-a904-4314-a836-5eb8f54559ec
2019-10-21 19:12:42,815 [grpc-default-executor-2] INFO  impl.RoleInfo (RoleInfo.java:shutdownFollowerState(121)) - 1b813ef4-47a4-4bfc-8eb5-c34ae440adb1: shutdown FollowerState
2019-10-21 19:12:42,815 [grpc-default-executor-2] INFO  impl.RoleInfo (RoleInfo.java:updateAndGet(143)) - 1b813ef4-47a4-4bfc-8eb5-c34ae440adb1: start FollowerState
2019-10-21 19:12:42,816 [Thread-481] INFO  impl.FollowerState (FollowerState.java:run(117)) - 1b813ef4-47a4-4bfc-8eb5-c34ae440adb1@group-73E40DF2990B-FollowerState was interrupted: java.lang.InterruptedException: sleep interrupted
2019-10-21 19:12:42,832 [f2627371-a904-4314-a836-5eb8f54559ec@group-73E40DF2990B-LeaderElection42] INFO  impl.LeaderElection (LeaderElection.java:logAndReturn(56)) - f2627371-a904-4314-a836-5eb8f54559ec@group-73E40DF2990B-LeaderElection42: Election REJECTED; received 2 response(s) [f2627371-a904-4314-a836-5eb8f54559ec<-e6a83585-83d0-4616-a3d5-866875ad8a29#0:FAIL-t42, f2627371-a904-4314-a836-5eb8f54559ec<-1b813ef4-47a4-4bfc-8eb5-c34ae440adb1#0:FAIL-t42] and 0 exception(s); f2627371-a904-4314-a836-5eb8f54559ec@group-73E40DF2990B:t42, leader=null, voted=f2627371-a904-4314-a836-5eb8f54559ec, raftlog=f2627371-a904-4314-a836-5eb8f54559ec@group-73E40DF2990B-SegmentedRaftLog:OPENED:c-1,f-1,i0, conf=-1: [e6a83585-83d0-4616-a3d5-866875ad8a29:192.168.34.32:46159, f2627371-a904-4314-a836-5eb8f54559ec:192.168.34.32:33224, 1b813ef4-47a4-4bfc-8eb5-c34ae440adb1:192.168.34.32:36113], old=null
2019-10-21 19:12:42,832 [f2627371-a904-4314-a836-5eb8f54559ec@group-73E40DF2990B-LeaderElection42] INFO  impl.RaftServerImpl (RaftServerImpl.java:setRole(184)) - f2627371-a904-4314-a836-5eb8f54559ec@group-73E40DF2990B: changes role from CANDIDATE to FOLLOWER at term 42 for DISCOVERED_A_NEW_TERM
2019-10-21 19:12:42,832 [f2627371-a904-4314-a836-5eb8f54559ec@group-73E40DF2990B-LeaderElection42] INFO  impl.RoleInfo (RoleInfo.java:shutdownLeaderElection(134)) - f2627371-a904-4314-a836-5eb8f54559ec: shutdown LeaderElection
2019-10-21 19:12:42,832 [f2627371-a904-4314-a836-5eb8f54559ec@group-73E40DF2990B-LeaderElection42] INFO  impl.RoleInfo (RoleInfo.java:updateAndGet(143)) - f2627371-a904-4314-a836-5eb8f54559ec: start FollowerState
2019-10-21 19:12:42,912 [Thread-489] INFO  impl.FollowerState (FollowerState.java:run(108)) - f2627371-a904-4314-a836-5eb8f54559ec@group-73E40DF2990B-FollowerState: change to CANDIDATE, lastRpcTime:79ms, electionTimeout:79ms
2019-10-21 19:12:42,912 [Thread-489] INFO  impl.RoleInfo (RoleInfo.java:shutdownFollowerState(121)) - f2627371-a904-4314-a836-5eb8f54559ec: shutdown FollowerState
2019-10-21 19:12:42,912 [Thread-489] INFO  impl.RaftServerImpl (RaftServerImpl.java:setRole(184)) - f2627371-a904-4314-a836-5eb8f54559ec@group-73E40DF2990B: changes role from  FOLLOWER to CANDIDATE at term 42 for changeToCandidate
2019-10-21 19:12:42,912 [Thread-489] INFO  impl.RoleInfo (RoleInfo.java:updateAndGet(143)) - f2627371-a904-4314-a836-5eb8f54559ec: start LeaderElection
2019-10-21 19:12:42,926 [f2627371-a904-4314-a836-5eb8f54559ec@group-73E40DF2990B-LeaderElection43] INFO  impl.LeaderElection (LeaderElection.java:askForVotes(178)) - f2627371-a904-4314-a836-5eb8f54559ec@group-73E40DF2990B-LeaderElection43: begin an election at term 43 for -1: [e6a83585-83d0-4616-a3d5-866875ad8a29:192.168.34.32:46159, f2627371-a904-4314-a836-5eb8f54559ec:192.168.34.32:33224, 1b813ef4-47a4-4bfc-8eb5-c34ae440adb1:192.168.34.32:36113], old=null
2019-10-21 19:12:42,928 [f2627371-a904-4314-a836-5eb8f54559ec@group-73E40DF2990B-LeaderElection43] INFO  impl.LeaderElection (LeaderElection.java:logAndReturn(56)) - f2627371-a904-4314-a836-5eb8f54559ec@group-73E40DF2990B-LeaderElection43: Election TIMEOUT; received 0 response(s) [] and 0 exception(s); f2627371-a904-4314-a836-5eb8f54559ec@group-73E40DF2990B:t43, leader=null, voted=f2627371-a904-4314-a836-5eb8f54559ec, raftlog=f2627371-a904-4314-a836-5eb8f54559ec@group-73E40DF2990B-SegmentedRaftLog:OPENED:c-1,f-1,i0, conf=-1: [e6a83585-83d0-4616-a3d5-866875ad8a29:192.168.34.32:46159, f2627371-a904-4314-a836-5eb8f54559ec:192.168.34.32:33224, 1b813ef4-47a4-4bfc-8eb5-c34ae440adb1:192.168.34.32:36113], old=null
2019-10-21 19:12:42,929 [grpc-default-executor-2] INFO  impl.RaftServerImpl (RaftServerImpl.java:setRole(184)) - e6a83585-83d0-4616-a3d5-866875ad8a29@group-73E40DF2990B: changes role from  FOLLOWER to FOLLOWER at term 43 for recognizeCandidate:f2627371-a904-4314-a836-5eb8f54559ec
2019-10-21 19:12:42,929 [grpc-default-executor-2] INFO  impl.RoleInfo (RoleInfo.java:shutdownFollowerState(121)) - e6a83585-83d0-4616-a3d5-866875ad8a29: shutdown FollowerState
2019-10-21 19:12:42,930 [grpc-default-executor-2] INFO  impl.RoleInfo (RoleInfo.java:updateAndGet(143)) - e6a83585-83d0-4616-a3d5-866875ad8a29: start FollowerState
2019-10-21 19:12:42,930 [Thread-487] INFO  impl.FollowerState (FollowerState.java:run(117)) - e6a83585-83d0-4616-a3d5-866875ad8a29@group-73E40DF2990B-FollowerState was interrupted: java.lang.InterruptedException: sleep interrupted
2019-10-21 19:12:42,930 [grpc-default-executor-5] INFO  impl.RaftServerImpl (RaftServerImpl.java:setRole(184)) - 1b813ef4-47a4-4bfc-8eb5-c34ae440adb1@group-73E40DF2990B: changes role from  FOLLOWER to FOLLOWER at term 43 for recognizeCandidate:f2627371-a904-4314-a836-5eb8f54559ec
2019-10-21 19:12:42,930 [grpc-default-executor-5] INFO  impl.RoleInfo (RoleInfo.java:shutdownFollowerState(121)) - 1b813ef4-47a4-4bfc-8eb5-c34ae440adb1: shutdown FollowerState
2019-10-21 19:12:42,930 [Thread-488] INFO  impl.FollowerState (FollowerState.java:run(117)) - 1b813ef4-47a4-4bfc-8eb5-c34ae440adb1@group-73E40DF2990B-FollowerState was interrupted: java.lang.InterruptedException: sleep interrupted
2019-10-21 19:12:42,930 [grpc-default-executor-5] INFO  impl.RoleInfo (RoleInfo.java:updateAndGet(143)) - 1b813ef4-47a4-4bfc-8eb5-c34ae440adb1: start FollowerState
2019-10-21 19:12:42,942 [f2627371-a904-4314-a836-5eb8f54559ec@group-73E40DF2990B-LeaderElection43] INFO  impl.LeaderElection (LeaderElection.java:askForVotes(178)) - f2627371-a904-4314-a836-5eb8f54559ec@group-73E40DF2990B-LeaderElection43: begin an election at term 44 for -1: [e6a83585-83d0-4616-a3d5-866875ad8a29:192.168.34.32:46159, f2627371-a904-4314-a836-5eb8f54559ec:192.168.34.32:33224, 1b813ef4-47a4-4bfc-8eb5-c34ae440adb1:192.168.34.32:36113], old=null
2019-10-21 19:12:42,945 [grpc-default-executor-5] INFO  impl.RaftServerImpl (RaftServerImpl.java:setRole(184)) - e6a83585-83d0-4616-a3d5-866875ad8a29@group-73E40DF2990B: changes role from  FOLLOWER to FOLLOWER at term 44 for recognizeCandidate:f2627371-a904-4314-a836-5eb8f54559ec
2019-10-21 19:12:42,945 [grpc-default-executor-2] INFO  impl.RaftServerImpl (RaftServerImpl.java:setRole(184)) - 1b813ef4-47a4-4bfc-8eb5-c34ae440adb1@group-73E40DF2990B: changes role from  FOLLOWER to FOLLOWER at term 44 for recognizeCandidate:f2627371-a904-4314-a836-5eb8f54559ec
2019-10-21 19:12:42,945 [grpc-default-executor-5] INFO  impl.RoleInfo (RoleInfo.java:shutdownFollowerState(121)) - e6a83585-83d0-4616-a3d5-866875ad8a29: shutdown FollowerState
2019-10-21 19:12:42,945 [grpc-default-executor-2] INFO  impl.RoleInfo (RoleInfo.java:shutdownFollowerState(121)) - 1b813ef4-47a4-4bfc-8eb5-c34ae440adb1: shutdown FollowerState
2019-10-21 19:12:42,945 [grpc-default-executor-5] INFO  impl.RoleInfo (RoleInfo.java:updateAndGet(143)) - e6a83585-83d0-4616-a3d5-866875ad8a29: start FollowerState
2019-10-21 19:12:42,945 [Thread-493] INFO  impl.FollowerState (FollowerState.java:run(117)) - e6a83585-83d0-4616-a3d5-866875ad8a29@group-73E40DF2990B-FollowerState was interrupted: java.lang.InterruptedException: sleep interrupted
2019-10-21 19:12:42,946 [Thread-494] INFO  impl.FollowerState (FollowerState.java:run(117)) - 1b813ef4-47a4-4bfc-8eb5-c34ae440adb1@group-73E40DF2990B-FollowerState was interrupted: java.lang.InterruptedException: sleep interrupted
2019-10-21 19:12:42,945 [grpc-default-executor-2] INFO  impl.RoleInfo (RoleInfo.java:updateAndGet(143)) - 1b813ef4-47a4-4bfc-8eb5-c34ae440adb1: start FollowerState
2019-10-21 19:12:42,965 [f2627371-a904-4314-a836-5eb8f54559ec@group-73E40DF2990B-LeaderElection43] INFO  impl.LeaderElection (LeaderElection.java:logAndReturn(56)) - f2627371-a904-4314-a836-5eb8f54559ec@group-73E40DF2990B-LeaderElection43: Election REJECTED; received 2 response(s) [f2627371-a904-4314-a836-5eb8f54559ec<-e6a83585-83d0-4616-a3d5-866875ad8a29#0:FAIL-t44, f2627371-a904-4314-a836-5eb8f54559ec<-1b813ef4-47a4-4bfc-8eb5-c34ae440adb1#0:FAIL-t44] and 0 exception(s); f2627371-a904-4314-a836-5eb8f54559ec@group-73E40DF2990B:t44, leader=null, voted=f2627371-a904-4314-a836-5eb8f54559ec, raftlog=f2627371-a904-4314-a836-5eb8f54559ec@group-73E40DF2990B-SegmentedRaftLog:OPENED:c-1,f-1,i0, conf=-1: [e6a83585-83d0-4616-a3d5-866875ad8a29:192.168.34.32:46159, f2627371-a904-4314-a836-5eb8f54559ec:192.168.34.32:33224, 1b813ef4-47a4-4bfc-8eb5-c34ae440adb1:192.168.34.32:36113], old=null
2019-10-21 19:12:42,965 [f2627371-a904-4314-a836-5eb8f54559ec@group-73E40DF2990B-LeaderElection43] INFO  impl.RaftServerImpl (RaftServerImpl.java:setRole(184)) - f2627371-a904-4314-a836-5eb8f54559ec@group-73E40DF2990B: changes role from CANDIDATE to FOLLOWER at term 44 for DISCOVERED_A_NEW_TERM
2019-10-21 19:12:42,965 [f2627371-a904-4314-a836-5eb8f54559ec@group-73E40DF2990B-LeaderElection43] INFO  impl.RoleInfo (RoleInfo.java:shutdownLeaderElection(134)) - f2627371-a904-4314-a836-5eb8f54559ec: shutdown LeaderElection
2019-10-21 19:12:42,966 [f2627371-a904-4314-a836-5eb8f54559ec@group-73E40DF2990B-LeaderElection43] INFO  impl.RoleInfo (RoleInfo.java:updateAndGet(143)) - f2627371-a904-4314-a836-5eb8f54559ec: start FollowerState
2019-10-21 19:12:43,112 [Thread-499] INFO  impl.FollowerState (FollowerState.java:run(108)) - f2627371-a904-4314-a836-5eb8f54559ec@group-73E40DF2990B-FollowerState: change to CANDIDATE, lastRpcTime:146ms, electionTimeout:146ms
2019-10-21 19:12:43,113 [Thread-499] INFO  impl.RoleInfo (RoleInfo.java:shutdownFollowerState(121)) - f2627371-a904-4314-a836-5eb8f54559ec: shutdown FollowerState
2019-10-21 19:12:43,113 [Thread-499] INFO  impl.RaftServerImpl (RaftServerImpl.java:setRole(184)) - f2627371-a904-4314-a836-5eb8f54559ec@group-73E40DF2990B: changes role from  FOLLOWER to CANDIDATE at term 44 for changeToCandidate
2019-10-21 19:12:43,113 [Thread-499] INFO  impl.RoleInfo (RoleInfo.java:updateAndGet(143)) - f2627371-a904-4314-a836-5eb8f54559ec: start LeaderElection
2019-10-21 19:12:43,127 [f2627371-a904-4314-a836-5eb8f54559ec@group-73E40DF2990B-LeaderElection44] INFO  impl.LeaderElection (LeaderElection.java:askForVotes(178)) - f2627371-a904-4314-a836-5eb8f54559ec@group-73E40DF2990B-LeaderElection44: begin an election at term 45 for -1: [e6a83585-83d0-4616-a3d5-866875ad8a29:192.168.34.32:46159, f2627371-a904-4314-a836-5eb8f54559ec:192.168.34.32:33224, 1b813ef4-47a4-4bfc-8eb5-c34ae440adb1:192.168.34.32:36113], old=null
2019-10-21 19:12:43,131 [grpc-default-executor-2] INFO  impl.RaftServerImpl (RaftServerImpl.java:setRole(184)) - 1b813ef4-47a4-4bfc-8eb5-c34ae440adb1@group-73E40DF2990B: changes role from  FOLLOWER to FOLLOWER at term 45 for recognizeCandidate:f2627371-a904-4314-a836-5eb8f54559ec
2019-10-21 19:12:43,131 [grpc-default-executor-5] INFO  impl.RaftServerImpl (RaftServerImpl.java:setRole(184)) - e6a83585-83d0-4616-a3d5-866875ad8a29@group-73E40DF2990B: changes role from  FOLLOWER to FOLLOWER at term 45 for recognizeCandidate:f2627371-a904-4314-a836-5eb8f54559ec
2019-10-21 19:12:43,131 [grpc-default-executor-2] INFO  impl.RoleInfo (RoleInfo.java:shutdownFollowerState(121)) - 1b813ef4-47a4-4bfc-8eb5-c34ae440adb1: shutdown FollowerState
2019-10-21 19:12:43,131 [grpc-default-executor-5] INFO  impl.RoleInfo (RoleInfo.java:shutdownFollowerState(121)) - e6a83585-83d0-4616-a3d5-866875ad8a29: shutdown FollowerState
2019-10-21 19:12:43,131 [Thread-498] INFO  impl.FollowerState (FollowerState.java:run(117)) - 1b813ef4-47a4-4bfc-8eb5-c34ae440adb1@group-73E40DF2990B-FollowerState was interrupted: java.lang.InterruptedException: sleep interrupted
2019-10-21 19:12:43,131 [grpc-default-executor-2] INFO  impl.RoleInfo (RoleInfo.java:updateAndGet(143)) - 1b813ef4-47a4-4bfc-8eb5-c34ae440adb1: start FollowerState
2019-10-21 19:12:43,132 [Thread-497] INFO  impl.FollowerState (FollowerState.java:run(117)) - e6a83585-83d0-4616-a3d5-866875ad8a29@group-73E40DF2990B-FollowerState was interrupted: java.lang.InterruptedException: sleep interrupted
2019-10-21 19:12:43,131 [grpc-default-executor-5] INFO  impl.RoleInfo (RoleInfo.java:updateAndGet(143)) - e6a83585-83d0-4616-a3d5-866875ad8a29: start FollowerState
2019-10-21 19:12:43,147 [f2627371-a904-4314-a836-5eb8f54559ec@group-73E40DF2990B-LeaderElection44] INFO  impl.LeaderElection (LeaderElection.java:logAndReturn(56)) - f2627371-a904-4314-a836-5eb8f54559ec@group-73E40DF2990B-LeaderElection44: Election REJECTED; received 2 response(s) [f2627371-a904-4314-a836-5eb8f54559ec<-e6a83585-83d0-4616-a3d5-866875ad8a29#0:FAIL-t45, f2627371-a904-4314-a836-5eb8f54559ec<-1b813ef4-47a4-4bfc-8eb5-c34ae440adb1#0:FAIL-t45] and 0 exception(s); f2627371-a904-4314-a836-5eb8f54559ec@group-73E40DF2990B:t45, leader=null, voted=f2627371-a904-4314-a836-5eb8f54559ec, raftlog=f2627371-a904-4314-a836-5eb8f54559ec@group-73E40DF2990B-SegmentedRaftLog:OPENED:c-1,f-1,i0, conf=-1: [e6a83585-83d0-4616-a3d5-866875ad8a29:192.168.34.32:46159, f2627371-a904-4314-a836-5eb8f54559ec:192.168.34.32:33224, 1b813ef4-47a4-4bfc-8eb5-c34ae440adb1:192.168.34.32:36113], old=null
2019-10-21 19:12:43,147 [f2627371-a904-4314-a836-5eb8f54559ec@group-73E40DF2990B-LeaderElection44] INFO  impl.RaftServerImpl (RaftServerImpl.java:setRole(184)) - f2627371-a904-4314-a836-5eb8f54559ec@group-73E40DF2990B: changes role from CANDIDATE to FOLLOWER at term 45 for DISCOVERED_A_NEW_TERM
2019-10-21 19:12:43,147 [f2627371-a904-4314-a836-5eb8f54559ec@group-73E40DF2990B-LeaderElection44] INFO  impl.RoleInfo (RoleInfo.java:shutdownLeaderElection(134)) - f2627371-a904-4314-a836-5eb8f54559ec: shutdown LeaderElection
2019-10-21 19:12:43,147 [f2627371-a904-4314-a836-5eb8f54559ec@group-73E40DF2990B-LeaderElection44] INFO  impl.RoleInfo (RoleInfo.java:updateAndGet(143)) - f2627371-a904-4314-a836-5eb8f54559ec: start FollowerState
2019-10-21 19:12:43,223 [Thread-507] INFO  impl.FollowerState (FollowerState.java:run(108)) - f2627371-a904-4314-a836-5eb8f54559ec@group-73E40DF2990B-FollowerState: change to CANDIDATE, lastRpcTime:75ms, electionTimeout:75ms
2019-10-21 19:12:43,223 [Thread-507] INFO  impl.RoleInfo (RoleInfo.java:shutdownFollowerState(121)) - f2627371-a904-4314-a836-5eb8f54559ec: shutdown FollowerState
2019-10-21 19:12:43,223 [Thread-507] INFO  impl.RaftServerImpl (RaftServerImpl.java:setRole(184)) - f2627371-a904-4314-a836-5eb8f54559ec@group-73E40DF2990B: changes role from  FOLLOWER to CANDIDATE at term 45 for changeToCandidate
2019-10-21 19:12:43,223 [Thread-507] INFO  impl.RoleInfo (RoleInfo.java:updateAndGet(143)) - f2627371-a904-4314-a836-5eb8f54559ec: start LeaderElection
2019-10-21 19:12:43,237 [f2627371-a904-4314-a836-5eb8f54559ec@group-73E40DF2990B-LeaderElection45] INFO  impl.LeaderElection (LeaderElection.java:askForVotes(178)) - f2627371-a904-4314-a836-5eb8f54559ec@group-73E40DF2990B-LeaderElection45: begin an election at term 46 for -1: [e6a83585-83d0-4616-a3d5-866875ad8a29:192.168.34.32:46159, f2627371-a904-4314-a836-5eb8f54559ec:192.168.34.32:33224, 1b813ef4-47a4-4bfc-8eb5-c34ae440adb1:192.168.34.32:36113], old=null
2019-10-21 19:12:43,240 [grpc-default-executor-5] INFO  impl.RaftServerImpl (RaftServerImpl.java:setRole(184)) - e6a83585-83d0-4616-a3d5-866875ad8a29@group-73E40DF2990B: changes role from  FOLLOWER to FOLLOWER at term 46 for recognizeCandidate:f2627371-a904-4314-a836-5eb8f54559ec
2019-10-21 19:12:43,240 [grpc-default-executor-5] INFO  impl.RoleInfo (RoleInfo.java:shutdownFollowerState(121)) - e6a83585-83d0-4616-a3d5-866875ad8a29: shutdown FollowerState
2019-10-21 19:12:43,240 [grpc-default-executor-2] INFO  impl.RaftServerImpl (RaftServerImpl.java:setRole(184)) - 1b813ef4-47a4-4bfc-8eb5-c34ae440adb1@group-73E40DF2990B: changes role from  FOLLOWER to FOLLOWER at term 46 for recognizeCandidate:f2627371-a904-4314-a836-5eb8f54559ec
2019-10-21 19:12:43,240 [Thread-506] INFO  impl.FollowerState (FollowerState.java:run(117)) - e6a83585-83d0-4616-a3d5-866875ad8a29@group-73E40DF2990B-FollowerState was interrupted: java.lang.InterruptedException: sleep interrupted
2019-10-21 19:12:43,240 [grpc-default-executor-5] INFO  impl.RoleInfo (RoleInfo.java:updateAndGet(143)) - e6a83585-83d0-4616-a3d5-866875ad8a29: start FollowerState
2019-10-21 19:12:43,241 [grpc-default-executor-2] INFO  impl.RoleInfo (RoleInfo.java:shutdownFollowerState(121)) - 1b813ef4-47a4-4bfc-8eb5-c34ae440adb1: shutdown FollowerState
2019-10-21 19:12:43,241 [grpc-default-executor-2] INFO  impl.RoleInfo (RoleInfo.java:updateAndGet(143)) - 1b813ef4-47a4-4bfc-8eb5-c34ae440adb1: start FollowerState
2019-10-21 19:12:43,241 [Thread-505] INFO  impl.FollowerState (FollowerState.java:run(117)) - 1b813ef4-47a4-4bfc-8eb5-c34ae440adb1@group-73E40DF2990B-FollowerState was interrupted: java.lang.InterruptedException: sleep interrupted
2019-10-21 19:12:43,259 [f2627371-a904-4314-a836-5eb8f54559ec@group-73E40DF2990B-LeaderElection45] INFO  impl.LeaderElection (LeaderElection.java:logAndReturn(56)) - f2627371-a904-4314-a836-5eb8f54559ec@group-73E40DF2990B-LeaderElection45: Election REJECTED; received 2 response(s) [f2627371-a904-4314-a836-5eb8f54559ec<-e6a83585-83d0-4616-a3d5-866875ad8a29#0:FAIL-t46, f2627371-a904-4314-a836-5eb8f54559ec<-1b813ef4-47a4-4bfc-8eb5-c34ae440adb1#0:FAIL-t46] and 0 exception(s); f2627371-a904-4314-a836-5eb8f54559ec@group-73E40DF2990B:t46, leader=null, voted=f2627371-a904-4314-a836-5eb8f54559ec, raftlog=f2627371-a904-4314-a836-5eb8f54559ec@group-73E40DF2990B-SegmentedRaftLog:OPENED:c-1,f-1,i0, conf=-1: [e6a83585-83d0-4616-a3d5-866875ad8a29:192.168.34.32:46159, f2627371-a904-4314-a836-5eb8f54559ec:192.168.34.32:33224, 1b813ef4-47a4-4bfc-8eb5-c34ae440adb1:192.168.34.32:36113], old=null
2019-10-21 19:12:43,259 [f2627371-a904-4314-a836-5eb8f54559ec@group-73E40DF2990B-LeaderElection45] INFO  impl.RaftServerImpl (RaftServerImpl.java:setRole(184)) - f2627371-a904-4314-a836-5eb8f54559ec@group-73E40DF2990B: changes role from CANDIDATE to FOLLOWER at term 46 for DISCOVERED_A_NEW_TERM
2019-10-21 19:12:43,259 [f2627371-a904-4314-a836-5eb8f54559ec@group-73E40DF2990B-LeaderElection45] INFO  impl.RoleInfo (RoleInfo.java:shutdownLeaderElection(134)) - f2627371-a904-4314-a836-5eb8f54559ec: shutdown LeaderElection
2019-10-21 19:12:43,260 [f2627371-a904-4314-a836-5eb8f54559ec@group-73E40DF2990B-LeaderElection45] INFO  impl.RoleInfo (RoleInfo.java:updateAndGet(143)) - f2627371-a904-4314-a836-5eb8f54559ec: start FollowerState
2019-10-21 19:12:43,387 [Thread-513] INFO  impl.FollowerState (FollowerState.java:run(108)) - f2627371-a904-4314-a836-5eb8f54559ec@group-73E40DF2990B-FollowerState: change to CANDIDATE, lastRpcTime:127ms, electionTimeout:127ms
2019-10-21 19:12:43,387 [Thread-513] INFO  impl.RoleInfo (RoleInfo.java:shutdownFollowerState(121)) - f2627371-a904-4314-a836-5eb8f54559ec: shutdown FollowerState
2019-10-21 19:12:43,387 [Thread-513] INFO  impl.RaftServerImpl (RaftServerImpl.java:setRole(184)) - f2627371-a904-4314-a836-5eb8f54559ec@group-73E40DF2990B: changes role from  FOLLOWER to CANDIDATE at term 46 for changeToCandidate
2019-10-21 19:12:43,387 [Thread-513] INFO  impl.RoleInfo (RoleInfo.java:updateAndGet(143)) - f2627371-a904-4314-a836-5eb8f54559ec: start LeaderElection
2019-10-21 19:12:43,402 [f2627371-a904-4314-a836-5eb8f54559ec@group-73E40DF2990B-LeaderElection46] INFO  impl.LeaderElection (LeaderElection.java:askForVotes(178)) - f2627371-a904-4314-a836-5eb8f54559ec@group-73E40DF2990B-LeaderElection46: begin an election at term 47 for -1: [e6a83585-83d0-4616-a3d5-866875ad8a29:192.168.34.32:46159, f2627371-a904-4314-a836-5eb8f54559ec:192.168.34.32:33224, 1b813ef4-47a4-4bfc-8eb5-c34ae440adb1:192.168.34.32:36113], old=null
2019-10-21 19:12:43,407 [grpc-default-executor-5] INFO  impl.RaftServerImpl (RaftServerImpl.java:setRole(184)) - e6a83585-83d0-4616-a3d5-866875ad8a29@group-73E40DF2990B: changes role from  FOLLOWER to FOLLOWER at term 47 for recognizeCandidate:f2627371-a904-4314-a836-5eb8f54559ec
2019-10-21 19:12:43,407 [grpc-default-executor-5] INFO  impl.RoleInfo (RoleInfo.java:shutdownFollowerState(121)) - e6a83585-83d0-4616-a3d5-866875ad8a29: shutdown FollowerState
2019-10-21 19:12:43,407 [grpc-default-executor-2] INFO  impl.RaftServerImpl (RaftServerImpl.java:setRole(184)) - 1b813ef4-47a4-4bfc-8eb5-c34ae440adb1@group-73E40DF2990B: changes role from  FOLLOWER to FOLLOWER at term 47 for recognizeCandidate:f2627371-a904-4314-a836-5eb8f54559ec
2019-10-21 19:12:43,407 [Thread-511] INFO  impl.FollowerState (FollowerState.java:run(117)) - e6a83585-83d0-4616-a3d5-866875ad8a29@group-73E40DF2990B-FollowerState was interrupted: java.lang.InterruptedException: sleep interrupted
2019-10-21 19:12:43,407 [grpc-default-executor-5] INFO  impl.RoleInfo (RoleInfo.java:updateAndGet(143)) - e6a83585-83d0-4616-a3d5-866875ad8a29: start FollowerState
2019-10-21 19:12:43,407 [grpc-default-executor-2] INFO  impl.RoleInfo (RoleInfo.java:shutdownFollowerState(121)) - 1b813ef4-47a4-4bfc-8eb5-c34ae440adb1: shutdown FollowerState
2019-10-21 19:12:43,408 [grpc-default-executor-2] INFO  impl.RoleInfo (RoleInfo.java:updateAndGet(143)) - 1b813ef4-47a4-4bfc-8eb5-c34ae440adb1: start FollowerState
2019-10-21 19:12:43,408 [Thread-512] INFO  impl.FollowerState (FollowerState.java:run(117)) - 1b813ef4-47a4-4bfc-8eb5-c34ae440adb1@group-73E40DF2990B-FollowerState was interrupted: java.lang.InterruptedException: sleep interrupted
2019-10-21 19:12:43,424 [f2627371-a904-4314-a836-5eb8f54559ec@group-73E40DF2990B-LeaderElection46] INFO  impl.LeaderElection (LeaderElection.java:logAndReturn(56)) - f2627371-a904-4314-a836-5eb8f54559ec@group-73E40DF2990B-LeaderElection46: Election REJECTED; received 2 response(s) [f2627371-a904-4314-a836-5eb8f54559ec<-e6a83585-83d0-4616-a3d5-866875ad8a29#0:FAIL-t47, f2627371-a904-4314-a836-5eb8f54559ec<-1b813ef4-47a4-4bfc-8eb5-c34ae440adb1#0:FAIL-t47] and 0 exception(s); f2627371-a904-4314-a836-5eb8f54559ec@group-73E40DF2990B:t47, leader=null, voted=f2627371-a904-4314-a836-5eb8f54559ec, raftlog=f2627371-a904-4314-a836-5eb8f54559ec@group-73E40DF2990B-SegmentedRaftLog:OPENED:c-1,f-1,i0, conf=-1: [e6a83585-83d0-4616-a3d5-866875ad8a29:192.168.34.32:46159, f2627371-a904-4314-a836-5eb8f54559ec:192.168.34.32:33224, 1b813ef4-47a4-4bfc-8eb5-c34ae440adb1:192.168.34.32:36113], old=null
2019-10-21 19:12:43,424 [f2627371-a904-4314-a836-5eb8f54559ec@group-73E40DF2990B-LeaderElection46] INFO  impl.RaftServerImpl (RaftServerImpl.java:setRole(184)) - f2627371-a904-4314-a836-5eb8f54559ec@group-73E40DF2990B: changes role from CANDIDATE to FOLLOWER at term 47 for DISCOVERED_A_NEW_TERM
2019-10-21 19:12:43,424 [f2627371-a904-4314-a836-5eb8f54559ec@group-73E40DF2990B-LeaderElection46] INFO  impl.RoleInfo (RoleInfo.java:shutdownLeaderElection(134)) - f2627371-a904-4314-a836-5eb8f54559ec: shutdown LeaderElection
2019-10-21 19:12:43,425 [f2627371-a904-4314-a836-5eb8f54559ec@group-73E40DF2990B-LeaderElection46] INFO  impl.RoleInfo (RoleInfo.java:updateAndGet(143)) - f2627371-a904-4314-a836-5eb8f54559ec: start FollowerState
2019-10-21 19:12:43,597 [Thread-519] INFO  impl.FollowerState (FollowerState.java:run(108)) - f2627371-a904-4314-a836-5eb8f54559ec@group-73E40DF2990B-FollowerState: change to CANDIDATE, lastRpcTime:172ms, electionTimeout:172ms
2019-10-21 19:12:43,597 [Thread-519] INFO  impl.RoleInfo (RoleInfo.java:shutdownFollowerState(121)) - f2627371-a904-4314-a836-5eb8f54559ec: shutdown FollowerState
2019-10-21 19:12:43,597 [Thread-519] INFO  impl.RaftServerImpl (RaftServerImpl.java:setRole(184)) - f2627371-a904-4314-a836-5eb8f54559ec@group-73E40DF2990B: changes role from  FOLLOWER to CANDIDATE at term 47 for changeToCandidate
2019-10-21 19:12:43,598 [Thread-519] INFO  impl.RoleInfo (RoleInfo.java:updateAndGet(143)) - f2627371-a904-4314-a836-5eb8f54559ec: start LeaderElection
2019-10-21 19:12:43,612 [f2627371-a904-4314-a836-5eb8f54559ec@group-73E40DF2990B-LeaderElection47] INFO  impl.LeaderElection (LeaderElection.java:askForVotes(178)) - f2627371-a904-4314-a836-5eb8f54559ec@group-73E40DF2990B-LeaderElection47: begin an election at term 48 for -1: [e6a83585-83d0-4616-a3d5-866875ad8a29:192.168.34.32:46159, f2627371-a904-4314-a836-5eb8f54559ec:192.168.34.32:33224, 1b813ef4-47a4-4bfc-8eb5-c34ae440adb1:192.168.34.32:36113], old=null
2019-10-21 19:12:43,616 [grpc-default-executor-5] INFO  impl.RaftServerImpl (RaftServerImpl.java:setRole(184)) - e6a83585-83d0-4616-a3d5-866875ad8a29@group-73E40DF2990B: changes role from  FOLLOWER to FOLLOWER at term 48 for recognizeCandidate:f2627371-a904-4314-a836-5eb8f54559ec
2019-10-21 19:12:43,616 [grpc-default-executor-2] INFO  impl.RaftServerImpl (RaftServerImpl.java:setRole(184)) - 1b813ef4-47a4-4bfc-8eb5-c34ae440adb1@group-73E40DF2990B: changes role from  FOLLOWER to FOLLOWER at term 48 for recognizeCandidate:f2627371-a904-4314-a836-5eb8f54559ec
2019-10-21 19:12:43,616 [grpc-default-executor-5] INFO  impl.RoleInfo (RoleInfo.java:shutdownFollowerState(121)) - e6a83585-83d0-4616-a3d5-866875ad8a29: shutdown FollowerState
2019-10-21 19:12:43,616 [grpc-default-executor-2] INFO  impl.RoleInfo (RoleInfo.java:shutdownFollowerState(121)) - 1b813ef4-47a4-4bfc-8eb5-c34ae440adb1: shutdown FollowerState
2019-10-21 19:12:43,617 [Thread-517] INFO  impl.FollowerState (FollowerState.java:run(117)) - e6a83585-83d0-4616-a3d5-866875ad8a29@group-73E40DF2990B-FollowerState was interrupted: java.lang.InterruptedException: sleep interrupted
2019-10-21 19:12:43,617 [Thread-518] INFO  impl.FollowerState (FollowerState.java:run(117)) - 1b813ef4-47a4-4bfc-8eb5-c34ae440adb1@group-73E40DF2990B-FollowerState was interrupted: java.lang.InterruptedException: sleep interrupted
2019-10-21 19:12:43,617 [grpc-default-executor-5] INFO  impl.RoleInfo (RoleInfo.java:updateAndGet(143)) - e6a83585-83d0-4616-a3d5-866875ad8a29: start FollowerState
2019-10-21 19:12:43,617 [grpc-default-executor-2] INFO  impl.RoleInfo (RoleInfo.java:updateAndGet(143)) - 1b813ef4-47a4-4bfc-8eb5-c34ae440adb1: start FollowerState
2019-10-21 19:12:43,633 [f2627371-a904-4314-a836-5eb8f54559ec@group-73E40DF2990B-LeaderElection47] INFO  impl.LeaderElection (LeaderElection.java:logAndReturn(56)) - f2627371-a904-4314-a836-5eb8f54559ec@group-73E40DF2990B-LeaderElection47: Election REJECTED; received 2 response(s) [f2627371-a904-4314-a836-5eb8f54559ec<-e6a83585-83d0-4616-a3d5-866875ad8a29#0:FAIL-t48, f2627371-a904-4314-a836-5eb8f54559ec<-1b813ef4-47a4-4bfc-8eb5-c34ae440adb1#0:FAIL-t48] and 0 exception(s); f2627371-a904-4314-a836-5eb8f54559ec@group-73E40DF2990B:t48, leader=null, voted=f2627371-a904-4314-a836-5eb8f54559ec, raftlog=f2627371-a904-4314-a836-5eb8f54559ec@group-73E40DF2990B-SegmentedRaftLog:OPENED:c-1,f-1,i0, conf=-1: [e6a83585-83d0-4616-a3d5-866875ad8a29:192.168.34.32:46159, f2627371-a904-4314-a836-5eb8f54559ec:192.168.34.32:33224, 1b813ef4-47a4-4bfc-8eb5-c34ae440adb1:192.168.34.32:36113], old=null
2019-10-21 19:12:43,633 [f2627371-a904-4314-a836-5eb8f54559ec@group-73E40DF2990B-LeaderElection47] INFO  impl.RaftServerImpl (RaftServerImpl.java:setRole(184)) - f2627371-a904-4314-a836-5eb8f54559ec@group-73E40DF2990B: changes role from CANDIDATE to FOLLOWER at term 48 for DISCOVERED_A_NEW_TERM
2019-10-21 19:12:43,633 [f2627371-a904-4314-a836-5eb8f54559ec@group-73E40DF2990B-LeaderElection47] INFO  impl.RoleInfo (RoleInfo.java:shutdownLeaderElection(134)) - f2627371-a904-4314-a836-5eb8f54559ec: shutdown LeaderElection
2019-10-21 19:12:43,633 [f2627371-a904-4314-a836-5eb8f54559ec@group-73E40DF2990B-LeaderElection47] INFO  impl.RoleInfo (RoleInfo.java:updateAndGet(143)) - f2627371-a904-4314-a836-5eb8f54559ec: start FollowerState
2019-10-21 19:12:43,732 [Thread-525] INFO  impl.FollowerState (FollowerState.java:run(108)) - f2627371-a904-4314-a836-5eb8f54559ec@group-73E40DF2990B-FollowerState: change to CANDIDATE, lastRpcTime:98ms, electionTimeout:98ms
2019-10-21 19:12:43,732 [Thread-525] INFO  impl.RoleInfo (RoleInfo.java:shutdownFollowerState(121)) - f2627371-a904-4314-a836-5eb8f54559ec: shutdown FollowerState
2019-10-21 19:12:43,732 [Thread-525] INFO  impl.RaftServerImpl (RaftServerImpl.java:setRole(184)) - f2627371-a904-4314-a836-5eb8f54559ec@group-73E40DF2990B: changes role from  FOLLOWER to CANDIDATE at term 48 for changeToCandidate
2019-10-21 19:12:43,732 [Thread-525] INFO  impl.RoleInfo (RoleInfo.java:updateAndGet(143)) - f2627371-a904-4314-a836-5eb8f54559ec: start LeaderElection
2019-10-21 19:12:43,746 [f2627371-a904-4314-a836-5eb8f54559ec@group-73E40DF2990B-LeaderElection48] INFO  impl.LeaderElection (LeaderElection.java:askForVotes(178)) - f2627371-a904-4314-a836-5eb8f54559ec@group-73E40DF2990B-LeaderElection48: begin an election at term 49 for -1: [e6a83585-83d0-4616-a3d5-866875ad8a29:192.168.34.32:46159, f2627371-a904-4314-a836-5eb8f54559ec:192.168.34.32:33224, 1b813ef4-47a4-4bfc-8eb5-c34ae440adb1:192.168.34.32:36113], old=null
2019-10-21 19:12:43,749 [grpc-default-executor-2] INFO  impl.RaftServerImpl (RaftServerImpl.java:setRole(184)) - e6a83585-83d0-4616-a3d5-866875ad8a29@group-73E40DF2990B: changes role from  FOLLOWER to FOLLOWER at term 49 for recognizeCandidate:f2627371-a904-4314-a836-5eb8f54559ec
2019-10-21 19:12:43,749 [grpc-default-executor-5] INFO  impl.RaftServerImpl (RaftServerImpl.java:setRole(184)) - 1b813ef4-47a4-4bfc-8eb5-c34ae440adb1@group-73E40DF2990B: changes role from  FOLLOWER to FOLLOWER at term 49 for recognizeCandidate:f2627371-a904-4314-a836-5eb8f54559ec
2019-10-21 19:12:43,750 [grpc-default-executor-2] INFO  impl.RoleInfo (RoleInfo.java:shutdownFollowerState(121)) - e6a83585-83d0-4616-a3d5-866875ad8a29: shutdown FollowerState
2019-10-21 19:12:43,750 [grpc-default-executor-5] INFO  impl.RoleInfo (RoleInfo.java:shutdownFollowerState(121)) - 1b813ef4-47a4-4bfc-8eb5-c34ae440adb1: shutdown FollowerState
2019-10-21 19:12:43,750 [grpc-default-executor-2] INFO  impl.RoleInfo (RoleInfo.java:updateAndGet(143)) - e6a83585-83d0-4616-a3d5-866875ad8a29: start FollowerState
2019-10-21 19:12:43,750 [Thread-523] INFO  impl.FollowerState (FollowerState.java:run(117)) - e6a83585-83d0-4616-a3d5-866875ad8a29@group-73E40DF2990B-FollowerState was interrupted: java.lang.InterruptedException: sleep interrupted
2019-10-21 19:12:43,750 [Thread-524] INFO  impl.FollowerState (FollowerState.java:run(117)) - 1b813ef4-47a4-4bfc-8eb5-c34ae440adb1@group-73E40DF2990B-FollowerState was interrupted: java.lang.InterruptedException: sleep interrupted
2019-10-21 19:12:43,750 [grpc-default-executor-5] INFO  impl.RoleInfo (RoleInfo.java:updateAndGet(143)) - 1b813ef4-47a4-4bfc-8eb5-c34ae440adb1: start FollowerState
2019-10-21 19:12:43,766 [f2627371-a904-4314-a836-5eb8f54559ec@group-73E40DF2990B-LeaderElection48] INFO  impl.LeaderElection (LeaderElection.java:logAndReturn(56)) - f2627371-a904-4314-a836-5eb8f54559ec@group-73E40DF2990B-LeaderElection48: Election REJECTED; received 2 response(s) [f2627371-a904-4314-a836-5eb8f54559ec<-e6a83585-83d0-4616-a3d5-866875ad8a29#0:FAIL-t49, f2627371-a904-4314-a836-5eb8f54559ec<-1b813ef4-47a4-4bfc-8eb5-c34ae440adb1#0:FAIL-t49] and 0 exception(s); f2627371-a904-4314-a836-5eb8f54559ec@group-73E40DF2990B:t49, leader=null, voted=f2627371-a904-4314-a836-5eb8f54559ec, raftlog=f2627371-a904-4314-a836-5eb8f54559ec@group-73E40DF2990B-SegmentedRaftLog:OPENED:c-1,f-1,i0, conf=-1: [e6a83585-83d0-4616-a3d5-866875ad8a29:192.168.34.32:46159, f2627371-a904-4314-a836-5eb8f54559ec:192.168.34.32:33224, 1b813ef4-47a4-4bfc-8eb5-c34ae440adb1:192.168.34.32:36113], old=null
2019-10-21 19:12:43,766 [f2627371-a904-4314-a836-5eb8f54559ec@group-73E40DF2990B-LeaderElection48] INFO  impl.RaftServerImpl (RaftServerImpl.java:setRole(184)) - f2627371-a904-4314-a836-5eb8f54559ec@group-73E40DF2990B: changes role from CANDIDATE to FOLLOWER at term 49 for DISCOVERED_A_NEW_TERM
2019-10-21 19:12:43,766 [f2627371-a904-4314-a836-5eb8f54559ec@group-73E40DF2990B-LeaderElection48] INFO  impl.RoleInfo (RoleInfo.java:shutdownLeaderElection(134)) - f2627371-a904-4314-a836-5eb8f54559ec: shutdown LeaderElection
2019-10-21 19:12:43,766 [f2627371-a904-4314-a836-5eb8f54559ec@group-73E40DF2990B-LeaderElection48] INFO  impl.RoleInfo (RoleInfo.java:updateAndGet(143)) - f2627371-a904-4314-a836-5eb8f54559ec: start FollowerState
2019-10-21 19:12:43,811 [Thread-531] INFO  impl.FollowerState (FollowerState.java:run(108)) - f2627371-a904-4314-a836-5eb8f54559ec@group-73E40DF2990B-FollowerState: change to CANDIDATE, lastRpcTime:44ms, electionTimeout:44ms
2019-10-21 19:12:43,811 [Thread-531] INFO  impl.RoleInfo (RoleInfo.java:shutdownFollowerState(121)) - f2627371-a904-4314-a836-5eb8f54559ec: shutdown FollowerState
2019-10-21 19:12:43,811 [Thread-531] INFO  impl.RaftServerImpl (RaftServerImpl.java:setRole(184)) - f2627371-a904-4314-a836-5eb8f54559ec@group-73E40DF2990B: changes role from  FOLLOWER to CANDIDATE at term 49 for changeToCandidate
2019-10-21 19:12:43,811 [Thread-531] INFO  impl.RoleInfo (RoleInfo.java:updateAndGet(143)) - f2627371-a904-4314-a836-5eb8f54559ec: start LeaderElection
2019-10-21 19:12:43,825 [f2627371-a904-4314-a836-5eb8f54559ec@group-73E40DF2990B-LeaderElection49] INFO  impl.LeaderElection (LeaderElection.java:askForVotes(178)) - f2627371-a904-4314-a836-5eb8f54559ec@group-73E40DF2990B-LeaderElection49: begin an election at term 50 for -1: [e6a83585-83d0-4616-a3d5-866875ad8a29:192.168.34.32:46159, f2627371-a904-4314-a836-5eb8f54559ec:192.168.34.32:33224, 1b813ef4-47a4-4bfc-8eb5-c34ae440adb1:192.168.34.32:36113], old=null
2019-10-21 19:12:43,828 [grpc-default-executor-5] INFO  impl.RaftServerImpl (RaftServerImpl.java:setRole(184)) - e6a83585-83d0-4616-a3d5-866875ad8a29@group-73E40DF2990B: changes role from  FOLLOWER to FOLLOWER at term 50 for recognizeCandidate:f2627371-a904-4314-a836-5eb8f54559ec
2019-10-21 19:12:43,828 [grpc-default-executor-5] INFO  impl.RoleInfo (RoleInfo.java:shutdownFollowerState(121)) - e6a83585-83d0-4616-a3d5-866875ad8a29: shutdown FollowerState
2019-10-21 19:12:43,828 [grpc-default-executor-5] INFO  impl.RoleInfo (RoleInfo.java:updateAndGet(143)) - e6a83585-83d0-4616-a3d5-866875ad8a29: start FollowerState
2019-10-21 19:12:43,828 [Thread-529] INFO  impl.FollowerState (FollowerState.java:run(117)) - e6a83585-83d0-4616-a3d5-866875ad8a29@group-73E40DF2990B-FollowerState was interrupted: java.lang.InterruptedException: sleep interrupted
2019-10-21 19:12:43,828 [grpc-default-executor-2] INFO  impl.RaftServerImpl (RaftServerImpl.java:setRole(184)) - 1b813ef4-47a4-4bfc-8eb5-c34ae440adb1@group-73E40DF2990B: changes role from  FOLLOWER to FOLLOWER at term 50 for recognizeCandidate:f2627371-a904-4314-a836-5eb8f54559ec
2019-10-21 19:12:43,828 [grpc-default-executor-2] INFO  impl.RoleInfo (RoleInfo.java:shutdownFollowerState(121)) - 1b813ef4-47a4-4bfc-8eb5-c34ae440adb1: shutdown FollowerState
2019-10-21 19:12:43,829 [Thread-530] INFO  impl.FollowerState (FollowerState.java:run(117)) - 1b813ef4-47a4-4bfc-8eb5-c34ae440adb1@group-73E40DF2990B-FollowerState was interrupted: java.lang.InterruptedException: sleep interrupted
2019-10-21 19:12:43,829 [grpc-default-executor-2] INFO  impl.RoleInfo (RoleInfo.java:updateAndGet(143)) - 1b813ef4-47a4-4bfc-8eb5-c34ae440adb1: start FollowerState
2019-10-21 19:12:43,842 [f2627371-a904-4314-a836-5eb8f54559ec@group-73E40DF2990B-LeaderElection49] INFO  impl.LeaderElection (LeaderElection.java:logAndReturn(56)) - f2627371-a904-4314-a836-5eb8f54559ec@group-73E40DF2990B-LeaderElection49: Election TIMEOUT; received 0 response(s) [] and 0 exception(s); f2627371-a904-4314-a836-5eb8f54559ec@group-73E40DF2990B:t50, leader=null, voted=f2627371-a904-4314-a836-5eb8f54559ec, raftlog=f2627371-a904-4314-a836-5eb8f54559ec@group-73E40DF2990B-SegmentedRaftLog:OPENED:c-1,f-1,i0, conf=-1: [e6a83585-83d0-4616-a3d5-866875ad8a29:192.168.34.32:46159, f2627371-a904-4314-a836-5eb8f54559ec:192.168.34.32:33224, 1b813ef4-47a4-4bfc-8eb5-c34ae440adb1:192.168.34.32:36113], old=null
2019-10-21 19:12:43,854 [f2627371-a904-4314-a836-5eb8f54559ec@group-73E40DF2990B-LeaderElection49] INFO  impl.LeaderElection (LeaderElection.java:askForVotes(178)) - f2627371-a904-4314-a836-5eb8f54559ec@group-73E40DF2990B-LeaderElection49: begin an election at term 51 for -1: [e6a83585-83d0-4616-a3d5-866875ad8a29:192.168.34.32:46159, f2627371-a904-4314-a836-5eb8f54559ec:192.168.34.32:33224, 1b813ef4-47a4-4bfc-8eb5-c34ae440adb1:192.168.34.32:36113], old=null
2019-10-21 19:12:43,857 [grpc-default-executor-2] INFO  impl.RaftServerImpl (RaftServerImpl.java:setRole(184)) - e6a83585-83d0-4616-a3d5-866875ad8a29@group-73E40DF2990B: changes role from  FOLLOWER to FOLLOWER at term 51 for recognizeCandidate:f2627371-a904-4314-a836-5eb8f54559ec
2019-10-21 19:12:43,857 [grpc-default-executor-2] INFO  impl.RoleInfo (RoleInfo.java:shutdownFollowerState(121)) - e6a83585-83d0-4616-a3d5-866875ad8a29: shutdown FollowerState
2019-10-21 19:12:43,857 [grpc-default-executor-5] INFO  impl.RaftServerImpl (RaftServerImpl.java:setRole(184)) - 1b813ef4-47a4-4bfc-8eb5-c34ae440adb1@group-73E40DF2990B: changes role from  FOLLOWER to FOLLOWER at term 51 for recognizeCandidate:f2627371-a904-4314-a836-5eb8f54559ec
2019-10-21 19:12:43,857 [Thread-535] INFO  impl.FollowerState (FollowerState.java:run(117)) - e6a83585-83d0-4616-a3d5-866875ad8a29@group-73E40DF2990B-FollowerState was interrupted: java.lang.InterruptedException: sleep interrupted
2019-10-21 19:12:43,857 [grpc-default-executor-2] INFO  impl.RoleInfo (RoleInfo.java:updateAndGet(143)) - e6a83585-83d0-4616-a3d5-866875ad8a29: start FollowerState
2019-10-21 19:12:43,857 [grpc-default-executor-5] INFO  impl.RoleInfo (RoleInfo.java:shutdownFollowerState(121)) - 1b813ef4-47a4-4bfc-8eb5-c34ae440adb1: shutdown FollowerState
2019-10-21 19:12:43,858 [grpc-default-executor-5] INFO  impl.RoleInfo (RoleInfo.java:updateAndGet(143)) - 1b813ef4-47a4-4bfc-8eb5-c34ae440adb1: start FollowerState
2019-10-21 19:12:43,858 [Thread-536] INFO  impl.FollowerState (FollowerState.java:run(117)) - 1b813ef4-47a4-4bfc-8eb5-c34ae440adb1@group-73E40DF2990B-FollowerState was interrupted: java.lang.InterruptedException: sleep interrupted
2019-10-21 19:12:43,873 [f2627371-a904-4314-a836-5eb8f54559ec@group-73E40DF2990B-LeaderElection49] INFO  impl.LeaderElection (LeaderElection.java:logAndReturn(56)) - f2627371-a904-4314-a836-5eb8f54559ec@group-73E40DF2990B-LeaderElection49: Election REJECTED; received 2 response(s) [f2627371-a904-4314-a836-5eb8f54559ec<-e6a83585-83d0-4616-a3d5-866875ad8a29#0:FAIL-t51, f2627371-a904-4314-a836-5eb8f54559ec<-1b813ef4-47a4-4bfc-8eb5-c34ae440adb1#0:FAIL-t51] and 0 exception(s); f2627371-a904-4314-a836-5eb8f54559ec@group-73E40DF2990B:t51, leader=null, voted=f2627371-a904-4314-a836-5eb8f54559ec, raftlog=f2627371-a904-4314-a836-5eb8f54559ec@group-73E40DF2990B-SegmentedRaftLog:OPENED:c-1,f-1,i0, conf=-1: [e6a83585-83d0-4616-a3d5-866875ad8a29:192.168.34.32:46159, f2627371-a904-4314-a836-5eb8f54559ec:192.168.34.32:33224, 1b813ef4-47a4-4bfc-8eb5-c34ae440adb1:192.168.34.32:36113], old=null
2019-10-21 19:12:43,873 [f2627371-a904-4314-a836-5eb8f54559ec@group-73E40DF2990B-LeaderElection49] INFO  impl.RaftServerImpl (RaftServerImpl.java:setRole(184)) - f2627371-a904-4314-a836-5eb8f54559ec@group-73E40DF2990B: changes role from CANDIDATE to FOLLOWER at term 51 for DISCOVERED_A_NEW_TERM
2019-10-21 19:12:43,873 [f2627371-a904-4314-a836-5eb8f54559ec@group-73E40DF2990B-LeaderElection49] INFO  impl.RoleInfo (RoleInfo.java:shutdownLeaderElection(134)) - f2627371-a904-4314-a836-5eb8f54559ec: shutdown LeaderElection
2019-10-21 19:12:43,873 [f2627371-a904-4314-a836-5eb8f54559ec@group-73E40DF2990B-LeaderElection49] INFO  impl.RoleInfo (RoleInfo.java:updateAndGet(143)) - f2627371-a904-4314-a836-5eb8f54559ec: start FollowerState
2019-10-21 19:12:44,006 [Thread-541] INFO  impl.FollowerState (FollowerState.java:run(108)) - f2627371-a904-4314-a836-5eb8f54559ec@group-73E40DF2990B-FollowerState: change to CANDIDATE, lastRpcTime:132ms, electionTimeout:132ms
2019-10-21 19:12:44,006 [Thread-541] INFO  impl.RoleInfo (RoleInfo.java:shutdownFollowerState(121)) - f2627371-a904-4314-a836-5eb8f54559ec: shutdown FollowerState
2019-10-21 19:12:44,006 [Thread-541] INFO  impl.RaftServerImpl (RaftServerImpl.java:setRole(184)) - f2627371-a904-4314-a836-5eb8f54559ec@group-73E40DF2990B: changes role from  FOLLOWER to CANDIDATE at term 51 for changeToCandidate
2019-10-21 19:12:44,006 [Thread-541] INFO  impl.RoleInfo (RoleInfo.java:updateAndGet(143)) - f2627371-a904-4314-a836-5eb8f54559ec: start LeaderElection
2019-10-21 19:12:44,020 [f2627371-a904-4314-a836-5eb8f54559ec@group-73E40DF2990B-LeaderElection50] INFO  impl.LeaderElection (LeaderElection.java:askForVotes(178)) - f2627371-a904-4314-a836-5eb8f54559ec@group-73E40DF2990B-LeaderElection50: begin an election at term 52 for -1: [e6a83585-83d0-4616-a3d5-866875ad8a29:192.168.34.32:46159, f2627371-a904-4314-a836-5eb8f54559ec:192.168.34.32:33224, 1b813ef4-47a4-4bfc-8eb5-c34ae440adb1:192.168.34.32:36113], old=null
2019-10-21 19:12:44,023 [grpc-default-executor-5] INFO  impl.RaftServerImpl (RaftServerImpl.java:setRole(184)) - e6a83585-83d0-4616-a3d5-866875ad8a29@group-73E40DF2990B: changes role from  FOLLOWER to FOLLOWER at term 52 for recognizeCandidate:f2627371-a904-4314-a836-5eb8f54559ec
2019-10-21 19:12:44,023 [grpc-default-executor-2] INFO  impl.RaftServerImpl (RaftServerImpl.java:setRole(184)) - 1b813ef4-47a4-4bfc-8eb5-c34ae440adb1@group-73E40DF2990B: changes role from  FOLLOWER to FOLLOWER at term 52 for recognizeCandidate:f2627371-a904-4314-a836-5eb8f54559ec
2019-10-21 19:12:44,023 [grpc-default-executor-5] INFO  impl.RoleInfo (RoleInfo.java:shutdownFollowerState(121)) - e6a83585-83d0-4616-a3d5-866875ad8a29: shutdown FollowerState
2019-10-21 19:12:44,023 [grpc-default-executor-2] INFO  impl.RoleInfo (RoleInfo.java:shutdownFollowerState(121)) - 1b813ef4-47a4-4bfc-8eb5-c34ae440adb1: shutdown FollowerState
2019-10-21 19:12:44,024 [Thread-539] INFO  impl.FollowerState (FollowerState.java:run(117)) - e6a83585-83d0-4616-a3d5-866875ad8a29@group-73E40DF2990B-FollowerState was interrupted: java.lang.InterruptedException: sleep interrupted
2019-10-21 19:12:44,024 [grpc-default-executor-5] INFO  impl.RoleInfo (RoleInfo.java:updateAndGet(143)) - e6a83585-83d0-4616-a3d5-866875ad8a29: start FollowerState
2019-10-21 19:12:44,024 [Thread-540] INFO  impl.FollowerState (FollowerState.java:run(117)) - 1b813ef4-47a4-4bfc-8eb5-c34ae440adb1@group-73E40DF2990B-FollowerState was interrupted: java.lang.InterruptedException: sleep interrupted
2019-10-21 19:12:44,024 [grpc-default-executor-2] INFO  impl.RoleInfo (RoleInfo.java:updateAndGet(143)) - 1b813ef4-47a4-4bfc-8eb5-c34ae440adb1: start FollowerState
2019-10-21 19:12:44,038 [f2627371-a904-4314-a836-5eb8f54559ec@group-73E40DF2990B-LeaderElection50] INFO  impl.LeaderElection (LeaderElection.java:logAndReturn(56)) - f2627371-a904-4314-a836-5eb8f54559ec@group-73E40DF2990B-LeaderElection50: Election REJECTED; received 2 response(s) [f2627371-a904-4314-a836-5eb8f54559ec<-e6a83585-83d0-4616-a3d5-866875ad8a29#0:FAIL-t52, f2627371-a904-4314-a836-5eb8f54559ec<-1b813ef4-47a4-4bfc-8eb5-c34ae440adb1#0:FAIL-t52] and 0 exception(s); f2627371-a904-4314-a836-5eb8f54559ec@group-73E40DF2990B:t52, leader=null, voted=f2627371-a904-4314-a836-5eb8f54559ec, raftlog=f2627371-a904-4314-a836-5eb8f54559ec@group-73E40DF2990B-SegmentedRaftLog:OPENED:c-1,f-1,i0, conf=-1: [e6a83585-83d0-4616-a3d5-866875ad8a29:192.168.34.32:46159, f2627371-a904-4314-a836-5eb8f54559ec:192.168.34.32:33224, 1b813ef4-47a4-4bfc-8eb5-c34ae440adb1:192.168.34.32:36113], old=null
2019-10-21 19:12:44,038 [f2627371-a904-4314-a836-5eb8f54559ec@group-73E40DF2990B-LeaderElection50] INFO  impl.RaftServerImpl (RaftServerImpl.java:setRole(184)) - f2627371-a904-4314-a836-5eb8f54559ec@group-73E40DF2990B: changes role from CANDIDATE to FOLLOWER at term 52 for DISCOVERED_A_NEW_TERM
2019-10-21 19:12:44,038 [f2627371-a904-4314-a836-5eb8f54559ec@group-73E40DF2990B-LeaderElection50] INFO  impl.RoleInfo (RoleInfo.java:shutdownLeaderElection(134)) - f2627371-a904-4314-a836-5eb8f54559ec: shutdown LeaderElection
2019-10-21 19:12:44,038 [f2627371-a904-4314-a836-5eb8f54559ec@group-73E40DF2990B-LeaderElection50] INFO  impl.RoleInfo (RoleInfo.java:updateAndGet(143)) - f2627371-a904-4314-a836-5eb8f54559ec: start FollowerState
2019-10-21 19:12:44,215 [Thread-547] INFO  impl.FollowerState (FollowerState.java:run(108)) - f2627371-a904-4314-a836-5eb8f54559ec@group-73E40DF2990B-FollowerState: change to CANDIDATE, lastRpcTime:177ms, electionTimeout:177ms
2019-10-21 19:12:44,216 [Thread-547] INFO  impl.RoleInfo (RoleInfo.java:shutdownFollowerState(121)) - f2627371-a904-4314-a836-5eb8f54559ec: shutdown FollowerState
2019-10-21 19:12:44,216 [Thread-547] INFO  impl.RaftServerImpl (RaftServerImpl.java:setRole(184)) - f2627371-a904-4314-a836-5eb8f54559ec@group-73E40DF2990B: changes role from  FOLLOWER to CANDIDATE at term 52 for changeToCandidate
2019-10-21 19:12:44,216 [Thread-547] INFO  impl.RoleInfo (RoleInfo.java:updateAndGet(143)) - f2627371-a904-4314-a836-5eb8f54559ec: start LeaderElection
2019-10-21 19:12:44,230 [f2627371-a904-4314-a836-5eb8f54559ec@group-73E40DF2990B-LeaderElection51] INFO  impl.LeaderElection (LeaderElection.java:askForVotes(178)) - f2627371-a904-4314-a836-5eb8f54559ec@group-73E40DF2990B-LeaderElection51: begin an election at term 53 for -1: [e6a83585-83d0-4616-a3d5-866875ad8a29:192.168.34.32:46159, f2627371-a904-4314-a836-5eb8f54559ec:192.168.34.32:33224, 1b813ef4-47a4-4bfc-8eb5-c34ae440adb1:192.168.34.32:36113], old=null
2019-10-21 19:12:44,232 [grpc-default-executor-2] INFO  impl.RaftServerImpl (RaftServerImpl.java:setRole(184)) - e6a83585-83d0-4616-a3d5-866875ad8a29@group-73E40DF2990B: changes role from  FOLLOWER to FOLLOWER at term 53 for recognizeCandidate:f2627371-a904-4314-a836-5eb8f54559ec
2019-10-21 19:12:44,233 [grpc-default-executor-2] INFO  impl.RoleInfo (RoleInfo.java:shutdownFollowerState(121)) - e6a83585-83d0-4616-a3d5-866875ad8a29: shutdown FollowerState
2019-10-21 19:12:44,233 [grpc-default-executor-2] INFO  impl.RoleInfo (RoleInfo.java:updateAndGet(143)) - e6a83585-83d0-4616-a3d5-866875ad8a29: start FollowerState
2019-10-21 19:12:44,233 [Thread-545] INFO  impl.FollowerState (FollowerState.java:run(117)) - e6a83585-83d0-4616-a3d5-866875ad8a29@group-73E40DF2990B-FollowerState was interrupted: java.lang.InterruptedException: sleep interrupted
2019-10-21 19:12:44,233 [grpc-default-executor-5] INFO  impl.RaftServerImpl (RaftServerImpl.java:setRole(184)) - 1b813ef4-47a4-4bfc-8eb5-c34ae440adb1@group-73E40DF2990B: changes role from  FOLLOWER to FOLLOWER at term 53 for recognizeCandidate:f2627371-a904-4314-a836-5eb8f54559ec
2019-10-21 19:12:44,233 [grpc-default-executor-5] INFO  impl.RoleInfo (RoleInfo.java:shutdownFollowerState(121)) - 1b813ef4-47a4-4bfc-8eb5-c34ae440adb1: shutdown FollowerState
2019-10-21 19:12:44,234 [grpc-default-executor-5] INFO  impl.RoleInfo (RoleInfo.java:updateAndGet(143)) - 1b813ef4-47a4-4bfc-8eb5-c34ae440adb1: start FollowerState
2019-10-21 19:12:44,234 [Thread-546] INFO  impl.FollowerState (FollowerState.java:run(117)) - 1b813ef4-47a4-4bfc-8eb5-c34ae440adb1@group-73E40DF2990B-FollowerState was interrupted: java.lang.InterruptedException: sleep interrupted
2019-10-21 19:12:44,236 [f2627371-a904-4314-a836-5eb8f54559ec@group-73E40DF2990B-LeaderElection51] INFO  impl.LeaderElection (LeaderElection.java:logAndReturn(56)) - f2627371-a904-4314-a836-5eb8f54559ec@group-73E40DF2990B-LeaderElection51: Election TIMEOUT; received 0 response(s) [] and 0 exception(s); f2627371-a904-4314-a836-5eb8f54559ec@group-73E40DF2990B:t53, leader=null, voted=f2627371-a904-4314-a836-5eb8f54559ec, raftlog=f2627371-a904-4314-a836-5eb8f54559ec@group-73E40DF2990B-SegmentedRaftLog:OPENED:c-1,f-1,i0, conf=-1: [e6a83585-83d0-4616-a3d5-866875ad8a29:192.168.34.32:46159, f2627371-a904-4314-a836-5eb8f54559ec:192.168.34.32:33224, 1b813ef4-47a4-4bfc-8eb5-c34ae440adb1:192.168.34.32:36113], old=null
2019-10-21 19:12:44,247 [f2627371-a904-4314-a836-5eb8f54559ec@group-73E40DF2990B-LeaderElection51] INFO  impl.LeaderElection (LeaderElection.java:askForVotes(178)) - f2627371-a904-4314-a836-5eb8f54559ec@group-73E40DF2990B-LeaderElection51: begin an election at term 54 for -1: [e6a83585-83d0-4616-a3d5-866875ad8a29:192.168.34.32:46159, f2627371-a904-4314-a836-5eb8f54559ec:192.168.34.32:33224, 1b813ef4-47a4-4bfc-8eb5-c34ae440adb1:192.168.34.32:36113], old=null
2019-10-21 19:12:44,250 [grpc-default-executor-2] INFO  impl.RaftServerImpl (RaftServerImpl.java:setRole(184)) - e6a83585-83d0-4616-a3d5-866875ad8a29@group-73E40DF2990B: changes role from  FOLLOWER to FOLLOWER at term 54 for recognizeCandidate:f2627371-a904-4314-a836-5eb8f54559ec
2019-10-21 19:12:44,250 [grpc-default-executor-2] INFO  impl.RoleInfo (RoleInfo.java:shutdownFollowerState(121)) - e6a83585-83d0-4616-a3d5-866875ad8a29: shutdown FollowerState
2019-10-21 19:12:44,251 [grpc-default-executor-2] INFO  impl.RoleInfo (RoleInfo.java:updateAndGet(143)) - e6a83585-83d0-4616-a3d5-866875ad8a29: start FollowerState
2019-10-21 19:12:44,251 [Thread-553] INFO  impl.FollowerState (FollowerState.java:run(117)) - e6a83585-83d0-4616-a3d5-866875ad8a29@group-73E40DF2990B-FollowerState was interrupted: java.lang.InterruptedException: sleep interrupted
2019-10-21 19:12:44,251 [grpc-default-executor-5] INFO  impl.RaftServerImpl (RaftServerImpl.java:setRole(184)) - 1b813ef4-47a4-4bfc-8eb5-c34ae440adb1@group-73E40DF2990B: changes role from  FOLLOWER to FOLLOWER at term 54 for recognizeCandidate:f2627371-a904-4314-a836-5eb8f54559ec
2019-10-21 19:12:44,251 [grpc-default-executor-5] INFO  impl.RoleInfo (RoleInfo.java:shutdownFollowerState(121)) - 1b813ef4-47a4-4bfc-8eb5-c34ae440adb1: shutdown FollowerState
2019-10-21 19:12:44,251 [Thread-554] INFO  impl.FollowerState (FollowerState.java:run(117)) - 1b813ef4-47a4-4bfc-8eb5-c34ae440adb1@group-73E40DF2990B-FollowerState was interrupted: java.lang.InterruptedException: sleep interrupted
2019-10-21 19:12:44,251 [grpc-default-executor-5] INFO  impl.RoleInfo (RoleInfo.java:updateAndGet(143)) - 1b813ef4-47a4-4bfc-8eb5-c34ae440adb1: start FollowerState
2019-10-21 19:12:44,266 [f2627371-a904-4314-a836-5eb8f54559ec@group-73E40DF2990B-LeaderElection51] INFO  impl.LeaderElection (LeaderElection.java:logAndReturn(56)) - f2627371-a904-4314-a836-5eb8f54559ec@group-73E40DF2990B-LeaderElection51: Election REJECTED; received 2 response(s) [f2627371-a904-4314-a836-5eb8f54559ec<-e6a83585-83d0-4616-a3d5-866875ad8a29#0:FAIL-t54, f2627371-a904-4314-a836-5eb8f54559ec<-1b813ef4-47a4-4bfc-8eb5-c34ae440adb1#0:FAIL-t54] and 0 exception(s); f2627371-a904-4314-a836-5eb8f54559ec@group-73E40DF2990B:t54, leader=null, voted=f2627371-a904-4314-a836-5eb8f54559ec, raftlog=f2627371-a904-4314-a836-5eb8f54559ec@group-73E40DF2990B-SegmentedRaftLog:OPENED:c-1,f-1,i0, conf=-1: [e6a83585-83d0-4616-a3d5-866875ad8a29:192.168.34.32:46159, f2627371-a904-4314-a836-5eb8f54559ec:192.168.34.32:33224, 1b813ef4-47a4-4bfc-8eb5-c34ae440adb1:192.168.34.32:36113], old=null
2019-10-21 19:12:44,266 [f2627371-a904-4314-a836-5eb8f54559ec@group-73E40DF2990B-LeaderElection51] INFO  impl.RaftServerImpl (RaftServerImpl.java:setRole(184)) - f2627371-a904-4314-a836-5eb8f54559ec@group-73E40DF2990B: changes role from CANDIDATE to FOLLOWER at term 54 for DISCOVERED_A_NEW_TERM
2019-10-21 19:12:44,266 [f2627371-a904-4314-a836-5eb8f54559ec@group-73E40DF2990B-LeaderElection51] INFO  impl.RoleInfo (RoleInfo.java:shutdownLeaderElection(134)) - f2627371-a904-4314-a836-5eb8f54559ec: shutdown LeaderElection
2019-10-21 19:12:44,266 [f2627371-a904-4314-a836-5eb8f54559ec@group-73E40DF2990B-LeaderElection51] INFO  impl.RoleInfo (RoleInfo.java:updateAndGet(143)) - f2627371-a904-4314-a836-5eb8f54559ec: start FollowerState
2019-10-21 19:12:44,345 [Thread-559] INFO  impl.FollowerState (FollowerState.java:run(108)) - f2627371-a904-4314-a836-5eb8f54559ec@group-73E40DF2990B-FollowerState: change to CANDIDATE, lastRpcTime:78ms, electionTimeout:78ms
2019-10-21 19:12:44,345 [Thread-559] INFO  impl.RoleInfo (RoleInfo.java:shutdownFollowerState(121)) - f2627371-a904-4314-a836-5eb8f54559ec: shutdown FollowerState
2019-10-21 19:12:44,345 [Thread-559] INFO  impl.RaftServerImpl (RaftServerImpl.java:setRole(184)) - f2627371-a904-4314-a836-5eb8f54559ec@group-73E40DF2990B: changes role from  FOLLOWER to CANDIDATE at term 54 for changeToCandidate
2019-10-21 19:12:44,345 [Thread-559] INFO  impl.RoleInfo (RoleInfo.java:updateAndGet(143)) - f2627371-a904-4314-a836-5eb8f54559ec: start LeaderElection
2019-10-21 19:12:44,359 [f2627371-a904-4314-a836-5eb8f54559ec@group-73E40DF2990B-LeaderElection52] INFO  impl.LeaderElection (LeaderElection.java:askForVotes(178)) - f2627371-a904-4314-a836-5eb8f54559ec@group-73E40DF2990B-LeaderElection52: begin an election at term 55 for -1: [e6a83585-83d0-4616-a3d5-866875ad8a29:192.168.34.32:46159, f2627371-a904-4314-a836-5eb8f54559ec:192.168.34.32:33224, 1b813ef4-47a4-4bfc-8eb5-c34ae440adb1:192.168.34.32:36113], old=null
2019-10-21 19:12:44,363 [grpc-default-executor-2] INFO  impl.RaftServerImpl (RaftServerImpl.java:setRole(184)) - 1b813ef4-47a4-4bfc-8eb5-c34ae440adb1@group-73E40DF2990B: changes role from  FOLLOWER to FOLLOWER at term 55 for recognizeCandidate:f2627371-a904-4314-a836-5eb8f54559ec
2019-10-21 19:12:44,363 [grpc-default-executor-2] INFO  impl.RoleInfo (RoleInfo.java:shutdownFollowerState(121)) - 1b813ef4-47a4-4bfc-8eb5-c34ae440adb1: shutdown FollowerState
2019-10-21 19:12:44,364 [grpc-default-executor-2] INFO  impl.RoleInfo (RoleInfo.java:updateAndGet(143)) - 1b813ef4-47a4-4bfc-8eb5-c34ae440adb1: start FollowerState
2019-10-21 19:12:44,364 [Thread-558] INFO  impl.FollowerState (FollowerState.java:run(117)) - 1b813ef4-47a4-4bfc-8eb5-c34ae440adb1@group-73E40DF2990B-FollowerState was interrupted: java.lang.InterruptedException: sleep interrupted
2019-10-21 19:12:44,364 [grpc-default-executor-5] INFO  impl.RaftServerImpl (RaftServerImpl.java:setRole(184)) - e6a83585-83d0-4616-a3d5-866875ad8a29@group-73E40DF2990B: changes role from  FOLLOWER to FOLLOWER at term 55 for recognizeCandidate:f2627371-a904-4314-a836-5eb8f54559ec
2019-10-21 19:12:44,364 [grpc-default-executor-5] INFO  impl.RoleInfo (RoleInfo.java:shutdownFollowerState(121)) - e6a83585-83d0-4616-a3d5-866875ad8a29: shutdown FollowerState
2019-10-21 19:12:44,365 [Thread-557] INFO  impl.FollowerState (FollowerState.java:run(117)) - e6a83585-83d0-4616-a3d5-866875ad8a29@group-73E40DF2990B-FollowerState was interrupted: java.lang.InterruptedException: sleep interrupted
2019-10-21 19:12:44,365 [grpc-default-executor-5] INFO  impl.RoleInfo (RoleInfo.java:updateAndGet(143)) - e6a83585-83d0-4616-a3d5-866875ad8a29: start FollowerState
2019-10-21 19:12:44,379 [f2627371-a904-4314-a836-5eb8f54559ec@group-73E40DF2990B-LeaderElection52] INFO  impl.LeaderElection (LeaderElection.java:logAndReturn(56)) - f2627371-a904-4314-a836-5eb8f54559ec@group-73E40DF2990B-LeaderElection52: Election REJECTED; received 2 response(s) [f2627371-a904-4314-a836-5eb8f54559ec<-e6a83585-83d0-4616-a3d5-866875ad8a29#0:FAIL-t55, f2627371-a904-4314-a836-5eb8f54559ec<-1b813ef4-47a4-4bfc-8eb5-c34ae440adb1#0:FAIL-t55] and 0 exception(s); f2627371-a904-4314-a836-5eb8f54559ec@group-73E40DF2990B:t55, leader=null, voted=f2627371-a904-4314-a836-5eb8f54559ec, raftlog=f2627371-a904-4314-a836-5eb8f54559ec@group-73E40DF2990B-SegmentedRaftLog:OPENED:c-1,f-1,i0, conf=-1: [e6a83585-83d0-4616-a3d5-866875ad8a29:192.168.34.32:46159, f2627371-a904-4314-a836-5eb8f54559ec:192.168.34.32:33224, 1b813ef4-47a4-4bfc-8eb5-c34ae440adb1:192.168.34.32:36113], old=null
2019-10-21 19:12:44,379 [f2627371-a904-4314-a836-5eb8f54559ec@group-73E40DF2990B-LeaderElection52] INFO  impl.RaftServerImpl (RaftServerImpl.java:setRole(184)) - f2627371-a904-4314-a836-5eb8f54559ec@group-73E40DF2990B: changes role from CANDIDATE to FOLLOWER at term 55 for DISCOVERED_A_NEW_TERM
2019-10-21 19:12:44,379 [f2627371-a904-4314-a836-5eb8f54559ec@group-73E40DF2990B-LeaderElection52] INFO  impl.RoleInfo (RoleInfo.java:shutdownLeaderElection(134)) - f2627371-a904-4314-a836-5eb8f54559ec: shutdown LeaderElection
2019-10-21 19:12:44,380 [f2627371-a904-4314-a836-5eb8f54559ec@group-73E40DF2990B-LeaderElection52] INFO  impl.RoleInfo (RoleInfo.java:updateAndGet(143)) - f2627371-a904-4314-a836-5eb8f54559ec: start FollowerState
2019-10-21 19:12:44,402 [Thread-565] INFO  impl.FollowerState (FollowerState.java:run(108)) - f2627371-a904-4314-a836-5eb8f54559ec@group-73E40DF2990B-FollowerState: change to CANDIDATE, lastRpcTime:22ms, electionTimeout:22ms
2019-10-21 19:12:44,402 [Thread-565] INFO  impl.RoleInfo (RoleInfo.java:shutdownFollowerState(121)) - f2627371-a904-4314-a836-5eb8f54559ec: shutdown FollowerState
2019-10-21 19:12:44,402 [Thread-565] INFO  impl.RaftServerImpl (RaftServerImpl.java:setRole(184)) - f2627371-a904-4314-a836-5eb8f54559ec@group-73E40DF2990B: changes role from  FOLLOWER to CANDIDATE at term 55 for changeToCandidate
2019-10-21 19:12:44,402 [Thread-565] INFO  impl.RoleInfo (RoleInfo.java:updateAndGet(143)) - f2627371-a904-4314-a836-5eb8f54559ec: start LeaderElection
2019-10-21 19:12:44,416 [f2627371-a904-4314-a836-5eb8f54559ec@group-73E40DF2990B-LeaderElection53] INFO  impl.LeaderElection (LeaderElection.java:askForVotes(178)) - f2627371-a904-4314-a836-5eb8f54559ec@group-73E40DF2990B-LeaderElection53: begin an election at term 56 for -1: [e6a83585-83d0-4616-a3d5-866875ad8a29:192.168.34.32:46159, f2627371-a904-4314-a836-5eb8f54559ec:192.168.34.32:33224, 1b813ef4-47a4-4bfc-8eb5-c34ae440adb1:192.168.34.32:36113], old=null
2019-10-21 19:12:44,419 [grpc-default-executor-5] INFO  impl.RaftServerImpl (RaftServerImpl.java:setRole(184)) - e6a83585-83d0-4616-a3d5-866875ad8a29@group-73E40DF2990B: changes role from  FOLLOWER to FOLLOWER at term 56 for recognizeCandidate:f2627371-a904-4314-a836-5eb8f54559ec
2019-10-21 19:12:44,419 [grpc-default-executor-2] INFO  impl.RaftServerImpl (RaftServerImpl.java:setRole(184)) - 1b813ef4-47a4-4bfc-8eb5-c34ae440adb1@group-73E40DF2990B: changes role from  FOLLOWER to FOLLOWER at term 56 for recognizeCandidate:f2627371-a904-4314-a836-5eb8f54559ec
2019-10-21 19:12:44,419 [grpc-default-executor-5] INFO  impl.RoleInfo (RoleInfo.java:shutdownFollowerState(121)) - e6a83585-83d0-4616-a3d5-866875ad8a29: shutdown FollowerState
2019-10-21 19:12:44,419 [grpc-default-executor-2] INFO  impl.RoleInfo (RoleInfo.java:shutdownFollowerState(121)) - 1b813ef4-47a4-4bfc-8eb5-c34ae440adb1: shutdown FollowerState
2019-10-21 19:12:44,419 [grpc-default-executor-5] INFO  impl.RoleInfo (RoleInfo.java:updateAndGet(143)) - e6a83585-83d0-4616-a3d5-866875ad8a29: start FollowerState
2019-10-21 19:12:44,419 [Thread-564] INFO  impl.FollowerState (FollowerState.java:run(117)) - e6a83585-83d0-4616-a3d5-866875ad8a29@group-73E40DF2990B-FollowerState was interrupted: java.lang.InterruptedException: sleep interrupted
2019-10-21 19:12:44,420 [grpc-default-executor-2] INFO  impl.RoleInfo (RoleInfo.java:updateAndGet(143)) - 1b813ef4-47a4-4bfc-8eb5-c34ae440adb1: start FollowerState
2019-10-21 19:12:44,420 [Thread-563] INFO  impl.FollowerState (FollowerState.java:run(117)) - 1b813ef4-47a4-4bfc-8eb5-c34ae440adb1@group-73E40DF2990B-FollowerState was interrupted: java.lang.InterruptedException: sleep interrupted
2019-10-21 19:12:44,435 [f2627371-a904-4314-a836-5eb8f54559ec@group-73E40DF2990B-LeaderElection53] INFO  impl.LeaderElection (LeaderElection.java:logAndReturn(56)) - f2627371-a904-4314-a836-5eb8f54559ec@group-73E40DF2990B-LeaderElection53: Election REJECTED; received 2 response(s) [f2627371-a904-4314-a836-5eb8f54559ec<-e6a83585-83d0-4616-a3d5-866875ad8a29#0:FAIL-t56, f2627371-a904-4314-a836-5eb8f54559ec<-1b813ef4-47a4-4bfc-8eb5-c34ae440adb1#0:FAIL-t56] and 0 exception(s); f2627371-a904-4314-a836-5eb8f54559ec@group-73E40DF2990B:t56, leader=null, voted=f2627371-a904-4314-a836-5eb8f54559ec, raftlog=f2627371-a904-4314-a836-5eb8f54559ec@group-73E40DF2990B-SegmentedRaftLog:OPENED:c-1,f-1,i0, conf=-1: [e6a83585-83d0-4616-a3d5-866875ad8a29:192.168.34.32:46159, f2627371-a904-4314-a836-5eb8f54559ec:192.168.34.32:33224, 1b813ef4-47a4-4bfc-8eb5-c34ae440adb1:192.168.34.32:36113], old=null
2019-10-21 19:12:44,435 [f2627371-a904-4314-a836-5eb8f54559ec@group-73E40DF2990B-LeaderElection53] INFO  impl.RaftServerImpl (RaftServerImpl.java:setRole(184)) - f2627371-a904-4314-a836-5eb8f54559ec@group-73E40DF2990B: changes role from CANDIDATE to FOLLOWER at term 56 for DISCOVERED_A_NEW_TERM
2019-10-21 19:12:44,435 [f2627371-a904-4314-a836-5eb8f54559ec@group-73E40DF2990B-LeaderElection53] INFO  impl.RoleInfo (RoleInfo.java:shutdownLeaderElection(134)) - f2627371-a904-4314-a836-5eb8f54559ec: shutdown LeaderElection
2019-10-21 19:12:44,435 [f2627371-a904-4314-a836-5eb8f54559ec@group-73E40DF2990B-LeaderElection53] INFO  impl.RoleInfo (RoleInfo.java:updateAndGet(143)) - f2627371-a904-4314-a836-5eb8f54559ec: start FollowerState
2019-10-21 19:12:44,479 [Thread-571] INFO  impl.FollowerState (FollowerState.java:run(108)) - f2627371-a904-4314-a836-5eb8f54559ec@group-73E40DF2990B-FollowerState: change to CANDIDATE, lastRpcTime:43ms, electionTimeout:43ms
2019-10-21 19:12:44,479 [Thread-571] INFO  impl.RoleInfo (RoleInfo.java:shutdownFollowerState(121)) - f2627371-a904-4314-a836-5eb8f54559ec: shutdown FollowerState
2019-10-21 19:12:44,479 [Thread-571] INFO  impl.RaftServerImpl (RaftServerImpl.java:setRole(184)) - f2627371-a904-4314-a836-5eb8f54559ec@group-73E40DF2990B: changes role from  FOLLOWER to CANDIDATE at term 56 for changeToCandidate
2019-10-21 19:12:44,479 [Thread-571] INFO  impl.RoleInfo (RoleInfo.java:updateAndGet(143)) - f2627371-a904-4314-a836-5eb8f54559ec: start LeaderElection
2019-10-21 19:12:44,493 [f2627371-a904-4314-a836-5eb8f54559ec@group-73E40DF2990B-LeaderElection54] INFO  impl.LeaderElection (LeaderElection.java:askForVotes(178)) - f2627371-a904-4314-a836-5eb8f54559ec@group-73E40DF2990B-LeaderElection54: begin an election at term 57 for -1: [e6a83585-83d0-4616-a3d5-866875ad8a29:192.168.34.32:46159, f2627371-a904-4314-a836-5eb8f54559ec:192.168.34.32:33224, 1b813ef4-47a4-4bfc-8eb5-c34ae440adb1:192.168.34.32:36113], old=null
2019-10-21 19:12:44,496 [grpc-default-executor-5] INFO  impl.RaftServerImpl (RaftServerImpl.java:setRole(184)) - e6a83585-83d0-4616-a3d5-866875ad8a29@group-73E40DF2990B: changes role from  FOLLOWER to FOLLOWER at term 57 for recognizeCandidate:f2627371-a904-4314-a836-5eb8f54559ec
2019-10-21 19:12:44,496 [grpc-default-executor-2] INFO  impl.RaftServerImpl (RaftServerImpl.java:setRole(184)) - 1b813ef4-47a4-4bfc-8eb5-c34ae440adb1@group-73E40DF2990B: changes role from  FOLLOWER to FOLLOWER at term 57 for recognizeCandidate:f2627371-a904-4314-a836-5eb8f54559ec
2019-10-21 19:12:44,496 [grpc-default-executor-5] INFO  impl.RoleInfo (RoleInfo.java:shutdownFollowerState(121)) - e6a83585-83d0-4616-a3d5-866875ad8a29: shutdown FollowerState
2019-10-21 19:12:44,496 [grpc-default-executor-2] INFO  impl.RoleInfo (RoleInfo.java:shutdownFollowerState(121)) - 1b813ef4-47a4-4bfc-8eb5-c34ae440adb1: shutdown FollowerState
2019-10-21 19:12:44,496 [Thread-569] INFO  impl.FollowerState (FollowerState.java:run(117)) - e6a83585-83d0-4616-a3d5-866875ad8a29@group-73E40DF2990B-FollowerState was interrupted: java.lang.InterruptedException: sleep interrupted
2019-10-21 19:12:44,496 [grpc-default-executor-5] INFO  impl.RoleInfo (RoleInfo.java:updateAndGet(143)) - e6a83585-83d0-4616-a3d5-866875ad8a29: start FollowerState
2019-10-21 19:12:44,497 [Thread-570] INFO  impl.FollowerState (FollowerState.java:run(117)) - 1b813ef4-47a4-4bfc-8eb5-c34ae440adb1@group-73E40DF2990B-FollowerState was interrupted: java.lang.InterruptedException: sleep interrupted
2019-10-21 19:12:44,497 [grpc-default-executor-2] INFO  impl.RoleInfo (RoleInfo.java:updateAndGet(143)) - 1b813ef4-47a4-4bfc-8eb5-c34ae440adb1: start FollowerState
2019-10-21 19:12:44,512 [f2627371-a904-4314-a836-5eb8f54559ec@group-73E40DF2990B-LeaderElection54] INFO  impl.LeaderElection (LeaderElection.java:logAndReturn(56)) - f2627371-a904-4314-a836-5eb8f54559ec@group-73E40DF2990B-LeaderElection54: Election REJECTED; received 2 response(s) [f2627371-a904-4314-a836-5eb8f54559ec<-e6a83585-83d0-4616-a3d5-866875ad8a29#0:FAIL-t57, f2627371-a904-4314-a836-5eb8f54559ec<-1b813ef4-47a4-4bfc-8eb5-c34ae440adb1#0:FAIL-t57] and 0 exception(s); f2627371-a904-4314-a836-5eb8f54559ec@group-73E40DF2990B:t57, leader=null, voted=f2627371-a904-4314-a836-5eb8f54559ec, raftlog=f2627371-a904-4314-a836-5eb8f54559ec@group-73E40DF2990B-SegmentedRaftLog:OPENED:c-1,f-1,i0, conf=-1: [e6a83585-83d0-4616-a3d5-866875ad8a29:192.168.34.32:46159, f2627371-a904-4314-a836-5eb8f54559ec:192.168.34.32:33224, 1b813ef4-47a4-4bfc-8eb5-c34ae440adb1:192.168.34.32:36113], old=null
2019-10-21 19:12:44,512 [f2627371-a904-4314-a836-5eb8f54559ec@group-73E40DF2990B-LeaderElection54] INFO  impl.RaftServerImpl (RaftServerImpl.java:setRole(184)) - f2627371-a904-4314-a836-5eb8f54559ec@group-73E40DF2990B: changes role from CANDIDATE to FOLLOWER at term 57 for DISCOVERED_A_NEW_TERM
2019-10-21 19:12:44,513 [f2627371-a904-4314-a836-5eb8f54559ec@group-73E40DF2990B-LeaderElection54] INFO  impl.RoleInfo (RoleInfo.java:shutdownLeaderElection(134)) - f2627371-a904-4314-a836-5eb8f54559ec: shutdown LeaderElection
2019-10-21 19:12:44,513 [f2627371-a904-4314-a836-5eb8f54559ec@group-73E40DF2990B-LeaderElection54] INFO  impl.RoleInfo (RoleInfo.java:updateAndGet(143)) - f2627371-a904-4314-a836-5eb8f54559ec: start FollowerState
2019-10-21 19:12:44,654 [Thread-577] INFO  impl.FollowerState (FollowerState.java:run(108)) - f2627371-a904-4314-a836-5eb8f54559ec@group-73E40DF2990B-FollowerState: change to CANDIDATE, lastRpcTime:141ms, electionTimeout:141ms
2019-10-21 19:12:44,654 [Thread-577] INFO  impl.RoleInfo (RoleInfo.java:shutdownFollowerState(121)) - f2627371-a904-4314-a836-5eb8f54559ec: shutdown FollowerState
2019-10-21 19:12:44,655 [Thread-577] INFO  impl.RaftServerImpl (RaftServerImpl.java:setRole(184)) - f2627371-a904-4314-a836-5eb8f54559ec@group-73E40DF2990B: changes role from  FOLLOWER to CANDIDATE at term 57 for changeToCandidate
2019-10-21 19:12:44,655 [Thread-577] INFO  impl.RoleInfo (RoleInfo.java:updateAndGet(143)) - f2627371-a904-4314-a836-5eb8f54559ec: start LeaderElection
2019-10-21 19:12:44,669 [f2627371-a904-4314-a836-5eb8f54559ec@group-73E40DF2990B-LeaderElection55] INFO  impl.LeaderElection (LeaderElection.java:askForVotes(178)) - f2627371-a904-4314-a836-5eb8f54559ec@group-73E40DF2990B-LeaderElection55: begin an election at term 58 for -1: [e6a83585-83d0-4616-a3d5-866875ad8a29:192.168.34.32:46159, f2627371-a904-4314-a836-5eb8f54559ec:192.168.34.32:33224, 1b813ef4-47a4-4bfc-8eb5-c34ae440adb1:192.168.34.32:36113], old=null
2019-10-21 19:12:44,674 [grpc-default-executor-5] INFO  impl.RaftServerImpl (RaftServerImpl.java:setRole(184)) - e6a83585-83d0-4616-a3d5-866875ad8a29@group-73E40DF2990B: changes role from  FOLLOWER to FOLLOWER at term 58 for recognizeCandidate:f2627371-a904-4314-a836-5eb8f54559ec
2019-10-21 19:12:44,674 [grpc-default-executor-2] INFO  impl.RaftServerImpl (RaftServerImpl.java:setRole(184)) - 1b813ef4-47a4-4bfc-8eb5-c34ae440adb1@group-73E40DF2990B: changes role from  FOLLOWER to FOLLOWER at term 58 for recognizeCandidate:f2627371-a904-4314-a836-5eb8f54559ec
2019-10-21 19:12:44,674 [grpc-default-executor-5] INFO  impl.RoleInfo (RoleInfo.java:shutdownFollowerState(121)) - e6a83585-83d0-4616-a3d5-866875ad8a29: shutdown FollowerState
2019-10-21 19:12:44,674 [grpc-default-executor-2] INFO  impl.RoleInfo (RoleInfo.java:shutdownFollowerState(121)) - 1b813ef4-47a4-4bfc-8eb5-c34ae440adb1: shutdown FollowerState
2019-10-21 19:12:44,674 [Thread-575] INFO  impl.FollowerState (FollowerState.java:run(117)) - e6a83585-83d0-4616-a3d5-866875ad8a29@group-73E40DF2990B-FollowerState was interrupted: java.lang.InterruptedException: sleep interrupted
2019-10-21 19:12:44,674 [grpc-default-executor-5] INFO  impl.RoleInfo (RoleInfo.java:updateAndGet(143)) - e6a83585-83d0-4616-a3d5-866875ad8a29: start FollowerState
2019-10-21 19:12:44,674 [Thread-576] INFO  impl.FollowerState (FollowerState.java:run(117)) - 1b813ef4-47a4-4bfc-8eb5-c34ae440adb1@group-73E40DF2990B-FollowerState was interrupted: java.lang.InterruptedException: sleep interrupted
2019-10-21 19:12:44,674 [grpc-default-executor-2] INFO  impl.RoleInfo (RoleInfo.java:updateAndGet(143)) - 1b813ef4-47a4-4bfc-8eb5-c34ae440adb1: start FollowerState
2019-10-21 19:12:44,690 [f2627371-a904-4314-a836-5eb8f54559ec@group-73E40DF2990B-LeaderElection55] INFO  impl.LeaderElection (LeaderElection.java:logAndReturn(56)) - f2627371-a904-4314-a836-5eb8f54559ec@group-73E40DF2990B-LeaderElection55: Election REJECTED; received 2 response(s) [f2627371-a904-4314-a836-5eb8f54559ec<-e6a83585-83d0-4616-a3d5-866875ad8a29#0:FAIL-t58, f2627371-a904-4314-a836-5eb8f54559ec<-1b813ef4-47a4-4bfc-8eb5-c34ae440adb1#0:FAIL-t58] and 0 exception(s); f2627371-a904-4314-a836-5eb8f54559ec@group-73E40DF2990B:t58, leader=null, voted=f2627371-a904-4314-a836-5eb8f54559ec, raftlog=f2627371-a904-4314-a836-5eb8f54559ec@group-73E40DF2990B-SegmentedRaftLog:OPENED:c-1,f-1,i0, conf=-1: [e6a83585-83d0-4616-a3d5-866875ad8a29:192.168.34.32:46159, f2627371-a904-4314-a836-5eb8f54559ec:192.168.34.32:33224, 1b813ef4-47a4-4bfc-8eb5-c34ae440adb1:192.168.34.32:36113], old=null
2019-10-21 19:12:44,690 [f2627371-a904-4314-a836-5eb8f54559ec@group-73E40DF2990B-LeaderElection55] INFO  impl.RaftServerImpl (RaftServerImpl.java:setRole(184)) - f2627371-a904-4314-a836-5eb8f54559ec@group-73E40DF2990B: changes role from CANDIDATE to FOLLOWER at term 58 for DISCOVERED_A_NEW_TERM
2019-10-21 19:12:44,690 [f2627371-a904-4314-a836-5eb8f54559ec@group-73E40DF2990B-LeaderElection55] INFO  impl.RoleInfo (RoleInfo.java:shutdownLeaderElection(134)) - f2627371-a904-4314-a836-5eb8f54559ec: shutdown LeaderElection
2019-10-21 19:12:44,690 [f2627371-a904-4314-a836-5eb8f54559ec@group-73E40DF2990B-LeaderElection55] INFO  impl.RoleInfo (RoleInfo.java:updateAndGet(143)) - f2627371-a904-4314-a836-5eb8f54559ec: start FollowerState
2019-10-21 19:12:44,723 [Thread-583] INFO  impl.FollowerState (FollowerState.java:run(108)) - f2627371-a904-4314-a836-5eb8f54559ec@group-73E40DF2990B-FollowerState: change to CANDIDATE, lastRpcTime:32ms, electionTimeout:32ms
2019-10-21 19:12:44,723 [Thread-583] INFO  impl.RoleInfo (RoleInfo.java:shutdownFollowerState(121)) - f2627371-a904-4314-a836-5eb8f54559ec: shutdown FollowerState
2019-10-21 19:12:44,723 [Thread-583] INFO  impl.RaftServerImpl (RaftServerImpl.java:setRole(184)) - f2627371-a904-4314-a836-5eb8f54559ec@group-73E40DF2990B: changes role from  FOLLOWER to CANDIDATE at term 58 for changeToCandidate
2019-10-21 19:12:44,723 [Thread-583] INFO  impl.RoleInfo (RoleInfo.java:updateAndGet(143)) - f2627371-a904-4314-a836-5eb8f54559ec: start LeaderElection
2019-10-21 19:12:44,737 [f2627371-a904-4314-a836-5eb8f54559ec@group-73E40DF2990B-LeaderElection56] INFO  impl.LeaderElection (LeaderElection.java:askForVotes(178)) - f2627371-a904-4314-a836-5eb8f54559ec@group-73E40DF2990B-LeaderElection56: begin an election at term 59 for -1: [e6a83585-83d0-4616-a3d5-866875ad8a29:192.168.34.32:46159, f2627371-a904-4314-a836-5eb8f54559ec:192.168.34.32:33224, 1b813ef4-47a4-4bfc-8eb5-c34ae440adb1:192.168.34.32:36113], old=null
2019-10-21 19:12:44,739 [grpc-default-executor-2] INFO  impl.RaftServerImpl (RaftServerImpl.java:setRole(184)) - e6a83585-83d0-4616-a3d5-866875ad8a29@group-73E40DF2990B: changes role from  FOLLOWER to FOLLOWER at term 59 for recognizeCandidate:f2627371-a904-4314-a836-5eb8f54559ec
2019-10-21 19:12:44,740 [grpc-default-executor-2] INFO  impl.RoleInfo (RoleInfo.java:shutdownFollowerState(121)) - e6a83585-83d0-4616-a3d5-866875ad8a29: shutdown FollowerState
2019-10-21 19:12:44,740 [grpc-default-executor-2] INFO  impl.RoleInfo (RoleInfo.java:updateAndGet(143)) - e6a83585-83d0-4616-a3d5-866875ad8a29: start FollowerState
2019-10-21 19:12:44,740 [grpc-default-executor-5] INFO  impl.RaftServerImpl (RaftServerImpl.java:setRole(184)) - 1b813ef4-47a4-4bfc-8eb5-c34ae440adb1@group-73E40DF2990B: changes role from  FOLLOWER to FOLLOWER at term 59 for recognizeCandidate:f2627371-a904-4314-a836-5eb8f54559ec
2019-10-21 19:12:44,740 [Thread-581] INFO  impl.FollowerState (FollowerState.java:run(117)) - e6a83585-83d0-4616-a3d5-866875ad8a29@group-73E40DF2990B-FollowerState was interrupted: java.lang.InterruptedException: sleep interrupted
2019-10-21 19:12:44,740 [grpc-default-executor-5] INFO  impl.RoleInfo (RoleInfo.java:shutdownFollowerState(121)) - 1b813ef4-47a4-4bfc-8eb5-c34ae440adb1: shutdown FollowerState
2019-10-21 19:12:44,740 [grpc-default-executor-5] INFO  impl.RoleInfo (RoleInfo.java:updateAndGet(143)) - 1b813ef4-47a4-4bfc-8eb5-c34ae440adb1: start FollowerState
2019-10-21 19:12:44,740 [Thread-582] INFO  impl.FollowerState (FollowerState.java:run(117)) - 1b813ef4-47a4-4bfc-8eb5-c34ae440adb1@group-73E40DF2990B-FollowerState was interrupted: java.lang.InterruptedException: sleep interrupted
2019-10-21 19:12:44,755 [f2627371-a904-4314-a836-5eb8f54559ec@group-73E40DF2990B-LeaderElection56] INFO  impl.LeaderElection (LeaderElection.java:logAndReturn(56)) - f2627371-a904-4314-a836-5eb8f54559ec@group-73E40DF2990B-LeaderElection56: Election REJECTED; received 2 response(s) [f2627371-a904-4314-a836-5eb8f54559ec<-e6a83585-83d0-4616-a3d5-866875ad8a29#0:FAIL-t59, f2627371-a904-4314-a836-5eb8f54559ec<-1b813ef4-47a4-4bfc-8eb5-c34ae440adb1#0:FAIL-t59] and 0 exception(s); f2627371-a904-4314-a836-5eb8f54559ec@group-73E40DF2990B:t59, leader=null, voted=f2627371-a904-4314-a836-5eb8f54559ec, raftlog=f2627371-a904-4314-a836-5eb8f54559ec@group-73E40DF2990B-SegmentedRaftLog:OPENED:c-1,f-1,i0, conf=-1: [e6a83585-83d0-4616-a3d5-866875ad8a29:192.168.34.32:46159, f2627371-a904-4314-a836-5eb8f54559ec:192.168.34.32:33224, 1b813ef4-47a4-4bfc-8eb5-c34ae440adb1:192.168.34.32:36113], old=null
2019-10-21 19:12:44,755 [f2627371-a904-4314-a836-5eb8f54559ec@group-73E40DF2990B-LeaderElection56] INFO  impl.RaftServerImpl (RaftServerImpl.java:setRole(184)) - f2627371-a904-4314-a836-5eb8f54559ec@group-73E40DF2990B: changes role from CANDIDATE to FOLLOWER at term 59 for DISCOVERED_A_NEW_TERM
2019-10-21 19:12:44,755 [f2627371-a904-4314-a836-5eb8f54559ec@group-73E40DF2990B-LeaderElection56] INFO  impl.RoleInfo (RoleInfo.java:shutdownLeaderElection(134)) - f2627371-a904-4314-a836-5eb8f54559ec: shutdown LeaderElection
2019-10-21 19:12:44,756 [f2627371-a904-4314-a836-5eb8f54559ec@group-73E40DF2990B-LeaderElection56] INFO  impl.RoleInfo (RoleInfo.java:updateAndGet(143)) - f2627371-a904-4314-a836-5eb8f54559ec: start FollowerState
2019-10-21 19:12:44,918 [Thread-589] INFO  impl.FollowerState (FollowerState.java:run(108)) - f2627371-a904-4314-a836-5eb8f54559ec@group-73E40DF2990B-FollowerState: change to CANDIDATE, lastRpcTime:162ms, electionTimeout:162ms
2019-10-21 19:12:44,918 [Thread-589] INFO  impl.RoleInfo (RoleInfo.java:shutdownFollowerState(121)) - f2627371-a904-4314-a836-5eb8f54559ec: shutdown FollowerState
2019-10-21 19:12:44,919 [Thread-589] INFO  impl.RaftServerImpl (RaftServerImpl.java:setRole(184)) - f2627371-a904-4314-a836-5eb8f54559ec@group-73E40DF2990B: changes role from  FOLLOWER to CANDIDATE at term 59 for changeToCandidate
2019-10-21 19:12:44,919 [Thread-589] INFO  impl.RoleInfo (RoleInfo.java:updateAndGet(143)) - f2627371-a904-4314-a836-5eb8f54559ec: start LeaderElection
2019-10-21 19:12:44,933 [f2627371-a904-4314-a836-5eb8f54559ec@group-73E40DF2990B-LeaderElection57] INFO  impl.LeaderElection (LeaderElection.java:askForVotes(178)) - f2627371-a904-4314-a836-5eb8f54559ec@group-73E40DF2990B-LeaderElection57: begin an election at term 60 for -1: [e6a83585-83d0-4616-a3d5-866875ad8a29:192.168.34.32:46159, f2627371-a904-4314-a836-5eb8f54559ec:192.168.34.32:33224, 1b813ef4-47a4-4bfc-8eb5-c34ae440adb1:192.168.34.32:36113], old=null
2019-10-21 19:12:44,937 [grpc-default-executor-5] INFO  impl.RaftServerImpl (RaftServerImpl.java:setRole(184)) - 1b813ef4-47a4-4bfc-8eb5-c34ae440adb1@group-73E40DF2990B: changes role from  FOLLOWER to FOLLOWER at term 60 for recognizeCandidate:f2627371-a904-4314-a836-5eb8f54559ec
2019-10-21 19:12:44,937 [grpc-default-executor-2] INFO  impl.RaftServerImpl (RaftServerImpl.java:setRole(184)) - e6a83585-83d0-4616-a3d5-866875ad8a29@group-73E40DF2990B: changes role from  FOLLOWER to FOLLOWER at term 60 for recognizeCandidate:f2627371-a904-4314-a836-5eb8f54559ec
2019-10-21 19:12:44,937 [grpc-default-executor-2] INFO  impl.RoleInfo (RoleInfo.java:shutdownFollowerState(121)) - e6a83585-83d0-4616-a3d5-866875ad8a29: shutdown FollowerState
2019-10-21 19:12:44,937 [grpc-default-executor-5] INFO  impl.RoleInfo (RoleInfo.java:shutdownFollowerState(121)) - 1b813ef4-47a4-4bfc-8eb5-c34ae440adb1: shutdown FollowerState
2019-10-21 19:12:44,937 [grpc-default-executor-2] INFO  impl.RoleInfo (RoleInfo.java:updateAndGet(143)) - e6a83585-83d0-4616-a3d5-866875ad8a29: start FollowerState
2019-10-21 19:12:44,938 [Thread-588] INFO  impl.FollowerState (FollowerState.java:run(117)) - 1b813ef4-47a4-4bfc-8eb5-c34ae440adb1@group-73E40DF2990B-FollowerState was interrupted: java.lang.InterruptedException: sleep interrupted
2019-10-21 19:12:44,938 [grpc-default-executor-5] INFO  impl.RoleInfo (RoleInfo.java:updateAndGet(143)) - 1b813ef4-47a4-4bfc-8eb5-c34ae440adb1: start FollowerState
2019-10-21 19:12:44,938 [Thread-587] INFO  impl.FollowerState (FollowerState.java:run(117)) - e6a83585-83d0-4616-a3d5-866875ad8a29@group-73E40DF2990B-FollowerState was interrupted: java.lang.InterruptedException: sleep interrupted
2019-10-21 19:12:44,954 [f2627371-a904-4314-a836-5eb8f54559ec@group-73E40DF2990B-LeaderElection57] INFO  impl.LeaderElection (LeaderElection.java:logAndReturn(56)) - f2627371-a904-4314-a836-5eb8f54559ec@group-73E40DF2990B-LeaderElection57: Election REJECTED; received 2 response(s) [f2627371-a904-4314-a836-5eb8f54559ec<-e6a83585-83d0-4616-a3d5-866875ad8a29#0:FAIL-t60, f2627371-a904-4314-a836-5eb8f54559ec<-1b813ef4-47a4-4bfc-8eb5-c34ae440adb1#0:FAIL-t60] and 0 exception(s); f2627371-a904-4314-a836-5eb8f54559ec@group-73E40DF2990B:t60, leader=null, voted=f2627371-a904-4314-a836-5eb8f54559ec, raftlog=f2627371-a904-4314-a836-5eb8f54559ec@group-73E40DF2990B-SegmentedRaftLog:OPENED:c-1,f-1,i0, conf=-1: [e6a83585-83d0-4616-a3d5-866875ad8a29:192.168.34.32:46159, f2627371-a904-4314-a836-5eb8f54559ec:192.168.34.32:33224, 1b813ef4-47a4-4bfc-8eb5-c34ae440adb1:192.168.34.32:36113], old=null
2019-10-21 19:12:44,954 [f2627371-a904-4314-a836-5eb8f54559ec@group-73E40DF2990B-LeaderElection57] INFO  impl.RaftServerImpl (RaftServerImpl.java:setRole(184)) - f2627371-a904-4314-a836-5eb8f54559ec@group-73E40DF2990B: changes role from CANDIDATE to FOLLOWER at term 60 for DISCOVERED_A_NEW_TERM
2019-10-21 19:12:44,954 [f2627371-a904-4314-a836-5eb8f54559ec@group-73E40DF2990B-LeaderElection57] INFO  impl.RoleInfo (RoleInfo.java:shutdownLeaderElection(134)) - f2627371-a904-4314-a836-5eb8f54559ec: shutdown LeaderElection
2019-10-21 19:12:44,954 [f2627371-a904-4314-a836-5eb8f54559ec@group-73E40DF2990B-LeaderElection57] INFO  impl.RoleInfo (RoleInfo.java:updateAndGet(143)) - f2627371-a904-4314-a836-5eb8f54559ec: start FollowerState
2019-10-21 19:12:45,124 [Thread-595] INFO  impl.FollowerState (FollowerState.java:run(108)) - f2627371-a904-4314-a836-5eb8f54559ec@group-73E40DF2990B-FollowerState: change to CANDIDATE, lastRpcTime:169ms, electionTimeout:169ms
2019-10-21 19:12:45,124 [Thread-595] INFO  impl.RoleInfo (RoleInfo.java:shutdownFollowerState(121)) - f2627371-a904-4314-a836-5eb8f54559ec: shutdown FollowerState
2019-10-21 19:12:45,124 [Thread-595] INFO  impl.RaftServerImpl (RaftServerImpl.java:setRole(184)) - f2627371-a904-4314-a836-5eb8f54559ec@group-73E40DF2990B: changes role from  FOLLOWER to CANDIDATE at term 60 for changeToCandidate
2019-10-21 19:12:45,124 [Thread-595] INFO  impl.RoleInfo (RoleInfo.java:updateAndGet(143)) - f2627371-a904-4314-a836-5eb8f54559ec: start LeaderElection
2019-10-21 19:12:45,138 [f2627371-a904-4314-a836-5eb8f54559ec@group-73E40DF2990B-LeaderElection58] INFO  impl.LeaderElection (LeaderElection.java:askForVotes(178)) - f2627371-a904-4314-a836-5eb8f54559ec@group-73E40DF2990B-LeaderElection58: begin an election at term 61 for -1: [e6a83585-83d0-4616-a3d5-866875ad8a29:192.168.34.32:46159, f2627371-a904-4314-a836-5eb8f54559ec:192.168.34.32:33224, 1b813ef4-47a4-4bfc-8eb5-c34ae440adb1:192.168.34.32:36113], old=null
2019-10-21 19:12:45,141 [grpc-default-executor-2] INFO  impl.RaftServerImpl (RaftServerImpl.java:setRole(184)) - e6a83585-83d0-4616-a3d5-866875ad8a29@group-73E40DF2990B: changes role from  FOLLOWER to FOLLOWER at term 61 for recognizeCandidate:f2627371-a904-4314-a836-5eb8f54559ec
2019-10-21 19:12:45,141 [grpc-default-executor-5] INFO  impl.RaftServerImpl (RaftServerImpl.java:setRole(184)) - 1b813ef4-47a4-4bfc-8eb5-c34ae440adb1@group-73E40DF2990B: changes role from  FOLLOWER to FOLLOWER at term 61 for recognizeCandidate:f2627371-a904-4314-a836-5eb8f54559ec
2019-10-21 19:12:45,141 [grpc-default-executor-2] INFO  impl.RoleInfo (RoleInfo.java:shutdownFollowerState(121)) - e6a83585-83d0-4616-a3d5-866875ad8a29: shutdown FollowerState
2019-10-21 19:12:45,141 [grpc-default-executor-5] INFO  impl.RoleInfo (RoleInfo.java:shutdownFollowerState(121)) - 1b813ef4-47a4-4bfc-8eb5-c34ae440adb1: shutdown FollowerState
2019-10-21 19:12:45,142 [Thread-593] INFO  impl.FollowerState (FollowerState.java:run(117)) - e6a83585-83d0-4616-a3d5-866875ad8a29@group-73E40DF2990B-FollowerState was interrupted: java.lang.InterruptedException: sleep interrupted
2019-10-21 19:12:45,142 [grpc-default-executor-2] INFO  impl.RoleInfo (RoleInfo.java:updateAndGet(143)) - e6a83585-83d0-4616-a3d5-866875ad8a29: start FollowerState
2019-10-21 19:12:45,142 [Thread-594] INFO  impl.FollowerState (FollowerState.java:run(117)) - 1b813ef4-47a4-4bfc-8eb5-c34ae440adb1@group-73E40DF2990B-FollowerState was interrupted: java.lang.InterruptedException: sleep interrupted
2019-10-21 19:12:45,142 [grpc-default-executor-5] INFO  impl.RoleInfo (RoleInfo.java:updateAndGet(143)) - 1b813ef4-47a4-4bfc-8eb5-c34ae440adb1: start FollowerState
2019-10-21 19:12:45,156 [f2627371-a904-4314-a836-5eb8f54559ec@group-73E40DF2990B-LeaderElection58] INFO  impl.LeaderElection (LeaderElection.java:logAndReturn(56)) - f2627371-a904-4314-a836-5eb8f54559ec@group-73E40DF2990B-LeaderElection58: Election REJECTED; received 2 response(s) [f2627371-a904-4314-a836-5eb8f54559ec<-e6a83585-83d0-4616-a3d5-866875ad8a29#0:FAIL-t61, f2627371-a904-4314-a836-5eb8f54559ec<-1b813ef4-47a4-4bfc-8eb5-c34ae440adb1#0:FAIL-t61] and 0 exception(s); f2627371-a904-4314-a836-5eb8f54559ec@group-73E40DF2990B:t61, leader=null, voted=f2627371-a904-4314-a836-5eb8f54559ec, raftlog=f2627371-a904-4314-a836-5eb8f54559ec@group-73E40DF2990B-SegmentedRaftLog:OPENED:c-1,f-1,i0, conf=-1: [e6a83585-83d0-4616-a3d5-866875ad8a29:192.168.34.32:46159, f2627371-a904-4314-a836-5eb8f54559ec:192.168.34.32:33224, 1b813ef4-47a4-4bfc-8eb5-c34ae440adb1:192.168.34.32:36113], old=null
2019-10-21 19:12:45,156 [f2627371-a904-4314-a836-5eb8f54559ec@group-73E40DF2990B-LeaderElection58] INFO  impl.RaftServerImpl (RaftServerImpl.java:setRole(184)) - f2627371-a904-4314-a836-5eb8f54559ec@group-73E40DF2990B: changes role from CANDIDATE to FOLLOWER at term 61 for DISCOVERED_A_NEW_TERM
2019-10-21 19:12:45,156 [f2627371-a904-4314-a836-5eb8f54559ec@group-73E40DF2990B-LeaderElection58] INFO  impl.RoleInfo (RoleInfo.java:shutdownLeaderElection(134)) - f2627371-a904-4314-a836-5eb8f54559ec: shutdown LeaderElection
2019-10-21 19:12:45,156 [f2627371-a904-4314-a836-5eb8f54559ec@group-73E40DF2990B-LeaderElection58] INFO  impl.RoleInfo (RoleInfo.java:updateAndGet(143)) - f2627371-a904-4314-a836-5eb8f54559ec: start FollowerState
2019-10-21 19:12:45,346 [Thread-603] INFO  impl.FollowerState (FollowerState.java:run(108)) - f2627371-a904-4314-a836-5eb8f54559ec@group-73E40DF2990B-FollowerState: change to CANDIDATE, lastRpcTime:189ms, electionTimeout:189ms
2019-10-21 19:12:45,346 [Thread-603] INFO  impl.RoleInfo (RoleInfo.java:shutdownFollowerState(121)) - f2627371-a904-4314-a836-5eb8f54559ec: shutdown FollowerState
2019-10-21 19:12:45,347 [Thread-603] INFO  impl.RaftServerImpl (RaftServerImpl.java:setRole(184)) - f2627371-a904-4314-a836-5eb8f54559ec@group-73E40DF2990B: changes role from  FOLLOWER to CANDIDATE at term 61 for changeToCandidate
2019-10-21 19:12:45,347 [Thread-603] INFO  impl.RoleInfo (RoleInfo.java:updateAndGet(143)) - f2627371-a904-4314-a836-5eb8f54559ec: start LeaderElection
2019-10-21 19:12:45,362 [f2627371-a904-4314-a836-5eb8f54559ec@group-73E40DF2990B-LeaderElection59] INFO  impl.LeaderElection (LeaderElection.java:askForVotes(178)) - f2627371-a904-4314-a836-5eb8f54559ec@group-73E40DF2990B-LeaderElection59: begin an election at term 62 for -1: [e6a83585-83d0-4616-a3d5-866875ad8a29:192.168.34.32:46159, f2627371-a904-4314-a836-5eb8f54559ec:192.168.34.32:33224, 1b813ef4-47a4-4bfc-8eb5-c34ae440adb1:192.168.34.32:36113], old=null
2019-10-21 19:12:45,366 [grpc-default-executor-2] INFO  impl.RaftServerImpl (RaftServerImpl.java:setRole(184)) - e6a83585-83d0-4616-a3d5-866875ad8a29@group-73E40DF2990B: changes role from  FOLLOWER to FOLLOWER at term 62 for recognizeCandidate:f2627371-a904-4314-a836-5eb8f54559ec
2019-10-21 19:12:45,366 [grpc-default-executor-2] INFO  impl.RoleInfo (RoleInfo.java:shutdownFollowerState(121)) - e6a83585-83d0-4616-a3d5-866875ad8a29: shutdown FollowerState
2019-10-21 19:12:45,366 [grpc-default-executor-5] INFO  impl.RaftServerImpl (RaftServerImpl.java:setRole(184)) - 1b813ef4-47a4-4bfc-8eb5-c34ae440adb1@group-73E40DF2990B: changes role from  FOLLOWER to FOLLOWER at term 62 for recognizeCandidate:f2627371-a904-4314-a836-5eb8f54559ec
2019-10-21 19:12:45,366 [Thread-601] INFO  impl.FollowerState (FollowerState.java:run(117)) - e6a83585-83d0-4616-a3d5-866875ad8a29@group-73E40DF2990B-FollowerState was interrupted: java.lang.InterruptedException: sleep interrupted
2019-10-21 19:12:45,366 [grpc-default-executor-2] INFO  impl.RoleInfo (RoleInfo.java:updateAndGet(143)) - e6a83585-83d0-4616-a3d5-866875ad8a29: start FollowerState
2019-10-21 19:12:45,366 [grpc-default-executor-5] INFO  impl.RoleInfo (RoleInfo.java:shutdownFollowerState(121)) - 1b813ef4-47a4-4bfc-8eb5-c34ae440adb1: shutdown FollowerState
2019-10-21 19:12:45,367 [grpc-default-executor-5] INFO  impl.RoleInfo (RoleInfo.java:updateAndGet(143)) - 1b813ef4-47a4-4bfc-8eb5-c34ae440adb1: start FollowerState
2019-10-21 19:12:45,367 [Thread-602] INFO  impl.FollowerState (FollowerState.java:run(117)) - 1b813ef4-47a4-4bfc-8eb5-c34ae440adb1@group-73E40DF2990B-FollowerState was interrupted: java.lang.InterruptedException: sleep interrupted
2019-10-21 19:12:45,383 [f2627371-a904-4314-a836-5eb8f54559ec@group-73E40DF2990B-LeaderElection59] INFO  impl.LeaderElection (LeaderElection.java:logAndReturn(56)) - f2627371-a904-4314-a836-5eb8f54559ec@group-73E40DF2990B-LeaderElection59: Election REJECTED; received 2 response(s) [f2627371-a904-4314-a836-5eb8f54559ec<-e6a83585-83d0-4616-a3d5-866875ad8a29#0:FAIL-t62, f2627371-a904-4314-a836-5eb8f54559ec<-1b813ef4-47a4-4bfc-8eb5-c34ae440adb1#0:FAIL-t62] and 0 exception(s); f2627371-a904-4314-a836-5eb8f54559ec@group-73E40DF2990B:t62, leader=null, voted=f2627371-a904-4314-a836-5eb8f54559ec, raftlog=f2627371-a904-4314-a836-5eb8f54559ec@group-73E40DF2990B-SegmentedRaftLog:OPENED:c-1,f-1,i0, conf=-1: [e6a83585-83d0-4616-a3d5-866875ad8a29:192.168.34.32:46159, f2627371-a904-4314-a836-5eb8f54559ec:192.168.34.32:33224, 1b813ef4-47a4-4bfc-8eb5-c34ae440adb1:192.168.34.32:36113], old=null
2019-10-21 19:12:45,383 [f2627371-a904-4314-a836-5eb8f54559ec@group-73E40DF2990B-LeaderElection59] INFO  impl.RaftServerImpl (RaftServerImpl.java:setRole(184)) - f2627371-a904-4314-a836-5eb8f54559ec@group-73E40DF2990B: changes role from CANDIDATE to FOLLOWER at term 62 for DISCOVERED_A_NEW_TERM
2019-10-21 19:12:45,383 [f2627371-a904-4314-a836-5eb8f54559ec@group-73E40DF2990B-LeaderElection59] INFO  impl.RoleInfo (RoleInfo.java:shutdownLeaderElection(134)) - f2627371-a904-4314-a836-5eb8f54559ec: shutdown LeaderElection
2019-10-21 19:12:45,383 [f2627371-a904-4314-a836-5eb8f54559ec@group-73E40DF2990B-LeaderElection59] INFO  impl.RoleInfo (RoleInfo.java:updateAndGet(143)) - f2627371-a904-4314-a836-5eb8f54559ec: start FollowerState
2019-10-21 19:12:45,497 [Thread-609] INFO  impl.FollowerState (FollowerState.java:run(108)) - f2627371-a904-4314-a836-5eb8f54559ec@group-73E40DF2990B-FollowerState: change to CANDIDATE, lastRpcTime:113ms, electionTimeout:113ms
2019-10-21 19:12:45,498 [Thread-609] INFO  impl.RoleInfo (RoleInfo.java:shutdownFollowerState(121)) - f2627371-a904-4314-a836-5eb8f54559ec: shutdown FollowerState
2019-10-21 19:12:45,498 [Thread-609] INFO  impl.RaftServerImpl (RaftServerImpl.java:setRole(184)) - f2627371-a904-4314-a836-5eb8f54559ec@group-73E40DF2990B: changes role from  FOLLOWER to CANDIDATE at term 62 for changeToCandidate
2019-10-21 19:12:45,498 [Thread-609] INFO  impl.RoleInfo (RoleInfo.java:updateAndGet(143)) - f2627371-a904-4314-a836-5eb8f54559ec: start LeaderElection
2019-10-21 19:12:45,513 [f2627371-a904-4314-a836-5eb8f54559ec@group-73E40DF2990B-LeaderElection60] INFO  impl.LeaderElection (LeaderElection.java:askForVotes(178)) - f2627371-a904-4314-a836-5eb8f54559ec@group-73E40DF2990B-LeaderElection60: begin an election at term 63 for -1: [e6a83585-83d0-4616-a3d5-866875ad8a29:192.168.34.32:46159, f2627371-a904-4314-a836-5eb8f54559ec:192.168.34.32:33224, 1b813ef4-47a4-4bfc-8eb5-c34ae440adb1:192.168.34.32:36113], old=null
2019-10-21 19:12:45,518 [grpc-default-executor-2] INFO  impl.RaftServerImpl (RaftServerImpl.java:setRole(184)) - e6a83585-83d0-4616-a3d5-866875ad8a29@group-73E40DF2990B: changes role from  FOLLOWER to FOLLOWER at term 63 for recognizeCandidate:f2627371-a904-4314-a836-5eb8f54559ec
2019-10-21 19:12:45,518 [grpc-default-executor-2] INFO  impl.RoleInfo (RoleInfo.java:shutdownFollowerState(121)) - e6a83585-83d0-4616-a3d5-866875ad8a29: shutdown FollowerState
2019-10-21 19:12:45,518 [grpc-default-executor-5] INFO  impl.RaftServerImpl (RaftServerImpl.java:setRole(184)) - 1b813ef4-47a4-4bfc-8eb5-c34ae440adb1@group-73E40DF2990B: changes role from  FOLLOWER to FOLLOWER at term 63 for recognizeCandidate:f2627371-a904-4314-a836-5eb8f54559ec
2019-10-21 19:12:45,518 [Thread-607] INFO  impl.FollowerState (FollowerState.java:run(117)) - e6a83585-83d0-4616-a3d5-866875ad8a29@group-73E40DF2990B-FollowerState was interrupted: java.lang.InterruptedException: sleep interrupted
2019-10-21 19:12:45,518 [grpc-default-executor-2] INFO  impl.RoleInfo (RoleInfo.java:updateAndGet(143)) - e6a83585-83d0-4616-a3d5-866875ad8a29: start FollowerState
2019-10-21 19:12:45,519 [grpc-default-executor-5] INFO  impl.RoleInfo (RoleInfo.java:shutdownFollowerState(121)) - 1b813ef4-47a4-4bfc-8eb5-c34ae440adb1: shutdown FollowerState
2019-10-21 19:12:45,519 [grpc-default-executor-5] INFO  impl.RoleInfo (RoleInfo.java:updateAndGet(143)) - 1b813ef4-47a4-4bfc-8eb5-c34ae440adb1: start FollowerState
2019-10-21 19:12:45,519 [Thread-608] INFO  impl.FollowerState (FollowerState.java:run(117)) - 1b813ef4-47a4-4bfc-8eb5-c34ae440adb1@group-73E40DF2990B-FollowerState was interrupted: java.lang.InterruptedException: sleep interrupted
2019-10-21 19:12:45,534 [f2627371-a904-4314-a836-5eb8f54559ec@group-73E40DF2990B-LeaderElection60] INFO  impl.LeaderElection (LeaderElection.java:logAndReturn(56)) - f2627371-a904-4314-a836-5eb8f54559ec@group-73E40DF2990B-LeaderElection60: Election REJECTED; received 2 response(s) [f2627371-a904-4314-a836-5eb8f54559ec<-e6a83585-83d0-4616-a3d5-866875ad8a29#0:FAIL-t63, f2627371-a904-4314-a836-5eb8f54559ec<-1b813ef4-47a4-4bfc-8eb5-c34ae440adb1#0:FAIL-t63] and 0 exception(s); f2627371-a904-4314-a836-5eb8f54559ec@group-73E40DF2990B:t63, leader=null, voted=f2627371-a904-4314-a836-5eb8f54559ec, raftlog=f2627371-a904-4314-a836-5eb8f54559ec@group-73E40DF2990B-SegmentedRaftLog:OPENED:c-1,f-1,i0, conf=-1: [e6a83585-83d0-4616-a3d5-866875ad8a29:192.168.34.32:46159, f2627371-a904-4314-a836-5eb8f54559ec:192.168.34.32:33224, 1b813ef4-47a4-4bfc-8eb5-c34ae440adb1:192.168.34.32:36113], old=null
2019-10-21 19:12:45,534 [f2627371-a904-4314-a836-5eb8f54559ec@group-73E40DF2990B-LeaderElection60] INFO  impl.RaftServerImpl (RaftServerImpl.java:setRole(184)) - f2627371-a904-4314-a836-5eb8f54559ec@group-73E40DF2990B: changes role from CANDIDATE to FOLLOWER at term 63 for DISCOVERED_A_NEW_TERM
2019-10-21 19:12:45,535 [f2627371-a904-4314-a836-5eb8f54559ec@group-73E40DF2990B-LeaderElection60] INFO  impl.RoleInfo (RoleInfo.java:shutdownLeaderElection(134)) - f2627371-a904-4314-a836-5eb8f54559ec: shutdown LeaderElection
2019-10-21 19:12:45,535 [f2627371-a904-4314-a836-5eb8f54559ec@group-73E40DF2990B-LeaderElection60] INFO  impl.RoleInfo (RoleInfo.java:updateAndGet(143)) - f2627371-a904-4314-a836-5eb8f54559ec: start FollowerState
2019-10-21 19:12:45,600 [Thread-615] INFO  impl.FollowerState (FollowerState.java:run(108)) - f2627371-a904-4314-a836-5eb8f54559ec@group-73E40DF2990B-FollowerState: change to CANDIDATE, lastRpcTime:65ms, electionTimeout:65ms
2019-10-21 19:12:45,600 [Thread-615] INFO  impl.RoleInfo (RoleInfo.java:shutdownFollowerState(121)) - f2627371-a904-4314-a836-5eb8f54559ec: shutdown FollowerState
2019-10-21 19:12:45,600 [Thread-615] INFO  impl.RaftServerImpl (RaftServerImpl.java:setRole(184)) - f2627371-a904-4314-a836-5eb8f54559ec@group-73E40DF2990B: changes role from  FOLLOWER to CANDIDATE at term 63 for changeToCandidate
2019-10-21 19:12:45,601 [Thread-615] INFO  impl.RoleInfo (RoleInfo.java:updateAndGet(143)) - f2627371-a904-4314-a836-5eb8f54559ec: start LeaderElection
2019-10-21 19:12:45,615 [f2627371-a904-4314-a836-5eb8f54559ec@group-73E40DF2990B-LeaderElection61] INFO  impl.LeaderElection (LeaderElection.java:askForVotes(178)) - f2627371-a904-4314-a836-5eb8f54559ec@group-73E40DF2990B-LeaderElection61: begin an election at term 64 for -1: [e6a83585-83d0-4616-a3d5-866875ad8a29:192.168.34.32:46159, f2627371-a904-4314-a836-5eb8f54559ec:192.168.34.32:33224, 1b813ef4-47a4-4bfc-8eb5-c34ae440adb1:192.168.34.32:36113], old=null
2019-10-21 19:12:45,617 [grpc-default-executor-2] INFO  impl.RaftServerImpl (RaftServerImpl.java:setRole(184)) - e6a83585-83d0-4616-a3d5-866875ad8a29@group-73E40DF2990B: changes role from  FOLLOWER to FOLLOWER at term 64 for recognizeCandidate:f2627371-a904-4314-a836-5eb8f54559ec
2019-10-21 19:12:45,617 [grpc-default-executor-2] INFO  impl.RoleInfo (RoleInfo.java:shutdownFollowerState(121)) - e6a83585-83d0-4616-a3d5-866875ad8a29: shutdown FollowerState
2019-10-21 19:12:45,617 [grpc-default-executor-5] INFO  impl.RaftServerImpl (RaftServerImpl.java:setRole(184)) - 1b813ef4-47a4-4bfc-8eb5-c34ae440adb1@group-73E40DF2990B: changes role from  FOLLOWER to FOLLOWER at term 64 for recognizeCandidate:f2627371-a904-4314-a836-5eb8f54559ec
2019-10-21 19:12:45,618 [grpc-default-executor-2] INFO  impl.RoleInfo (RoleInfo.java:updateAndGet(143)) - e6a83585-83d0-4616-a3d5-866875ad8a29: start FollowerState
2019-10-21 19:12:45,618 [Thread-613] INFO  impl.FollowerState (FollowerState.java:run(117)) - e6a83585-83d0-4616-a3d5-866875ad8a29@group-73E40DF2990B-FollowerState was interrupted: java.lang.InterruptedException: sleep interrupted
2019-10-21 19:12:45,618 [grpc-default-executor-5] INFO  impl.RoleInfo (RoleInfo.java:shutdownFollowerState(121)) - 1b813ef4-47a4-4bfc-8eb5-c34ae440adb1: shutdown FollowerState
2019-10-21 19:12:45,619 [grpc-default-executor-5] INFO  impl.RoleInfo (RoleInfo.java:updateAndGet(143)) - 1b813ef4-47a4-4bfc-8eb5-c34ae440adb1: start FollowerState
2019-10-21 19:12:45,619 [Thread-614] INFO  impl.FollowerState (FollowerState.java:run(117)) - 1b813ef4-47a4-4bfc-8eb5-c34ae440adb1@group-73E40DF2990B-FollowerState was interrupted: java.lang.InterruptedException: sleep interrupted
2019-10-21 19:12:45,633 [f2627371-a904-4314-a836-5eb8f54559ec@group-73E40DF2990B-LeaderElection61] INFO  impl.LeaderElection (LeaderElection.java:logAndReturn(56)) - f2627371-a904-4314-a836-5eb8f54559ec@group-73E40DF2990B-LeaderElection61: Election REJECTED; received 2 response(s) [f2627371-a904-4314-a836-5eb8f54559ec<-e6a83585-83d0-4616-a3d5-866875ad8a29#0:FAIL-t64, f2627371-a904-4314-a836-5eb8f54559ec<-1b813ef4-47a4-4bfc-8eb5-c34ae440adb1#0:FAIL-t64] and 0 exception(s); f2627371-a904-4314-a836-5eb8f54559ec@group-73E40DF2990B:t64, leader=null, voted=f2627371-a904-4314-a836-5eb8f54559ec, raftlog=f2627371-a904-4314-a836-5eb8f54559ec@group-73E40DF2990B-SegmentedRaftLog:OPENED:c-1,f-1,i0, conf=-1: [e6a83585-83d0-4616-a3d5-866875ad8a29:192.168.34.32:46159, f2627371-a904-4314-a836-5eb8f54559ec:192.168.34.32:33224, 1b813ef4-47a4-4bfc-8eb5-c34ae440adb1:192.168.34.32:36113], old=null
2019-10-21 19:12:45,633 [f2627371-a904-4314-a836-5eb8f54559ec@group-73E40DF2990B-LeaderElection61] INFO  impl.RaftServerImpl (RaftServerImpl.java:setRole(184)) - f2627371-a904-4314-a836-5eb8f54559ec@group-73E40DF2990B: changes role from CANDIDATE to FOLLOWER at term 64 for DISCOVERED_A_NEW_TERM
2019-10-21 19:12:45,633 [f2627371-a904-4314-a836-5eb8f54559ec@group-73E40DF2990B-LeaderElection61] INFO  impl.RoleInfo (RoleInfo.java:shutdownLeaderElection(134)) - f2627371-a904-4314-a836-5eb8f54559ec: shutdown LeaderElection
2019-10-21 19:12:45,633 [f2627371-a904-4314-a836-5eb8f54559ec@group-73E40DF2990B-LeaderElection61] INFO  impl.RoleInfo (RoleInfo.java:updateAndGet(143)) - f2627371-a904-4314-a836-5eb8f54559ec: start FollowerState
2019-10-21 19:12:45,717 [Thread-621] INFO  impl.FollowerState (FollowerState.java:run(108)) - f2627371-a904-4314-a836-5eb8f54559ec@group-73E40DF2990B-FollowerState: change to CANDIDATE, lastRpcTime:83ms, electionTimeout:83ms
2019-10-21 19:12:45,717 [Thread-621] INFO  impl.RoleInfo (RoleInfo.java:shutdownFollowerState(121)) - f2627371-a904-4314-a836-5eb8f54559ec: shutdown FollowerState
2019-10-21 19:12:45,717 [Thread-621] INFO  impl.RaftServerImpl (RaftServerImpl.java:setRole(184)) - f2627371-a904-4314-a836-5eb8f54559ec@group-73E40DF2990B: changes role from  FOLLOWER to CANDIDATE at term 64 for changeToCandidate
2019-10-21 19:12:45,717 [Thread-621] INFO  impl.RoleInfo (RoleInfo.java:updateAndGet(143)) - f2627371-a904-4314-a836-5eb8f54559ec: start LeaderElection
2019-10-21 19:12:45,730 [f2627371-a904-4314-a836-5eb8f54559ec@group-73E40DF2990B-LeaderElection62] INFO  impl.LeaderElection (LeaderElection.java:askForVotes(178)) - f2627371-a904-4314-a836-5eb8f54559ec@group-73E40DF2990B-LeaderElection62: begin an election at term 65 for -1: [e6a83585-83d0-4616-a3d5-866875ad8a29:192.168.34.32:46159, f2627371-a904-4314-a836-5eb8f54559ec:192.168.34.32:33224, 1b813ef4-47a4-4bfc-8eb5-c34ae440adb1:192.168.34.32:36113], old=null
2019-10-21 19:12:45,733 [grpc-default-executor-5] INFO  impl.RaftServerImpl (RaftServerImpl.java:setRole(184)) - 1b813ef4-47a4-4bfc-8eb5-c34ae440adb1@group-73E40DF2990B: changes role from  FOLLOWER to FOLLOWER at term 65 for recognizeCandidate:f2627371-a904-4314-a836-5eb8f54559ec
2019-10-21 19:12:45,733 [grpc-default-executor-2] INFO  impl.RaftServerImpl (RaftServerImpl.java:setRole(184)) - e6a83585-83d0-4616-a3d5-866875ad8a29@group-73E40DF2990B: changes role from  FOLLOWER to FOLLOWER at term 65 for recognizeCandidate:f2627371-a904-4314-a836-5eb8f54559ec
2019-10-21 19:12:45,733 [grpc-default-executor-5] INFO  impl.RoleInfo (RoleInfo.java:shutdownFollowerState(121)) - 1b813ef4-47a4-4bfc-8eb5-c34ae440adb1: shutdown FollowerState
2019-10-21 19:12:45,734 [grpc-default-executor-2] INFO  impl.RoleInfo (RoleInfo.java:shutdownFollowerState(121)) - e6a83585-83d0-4616-a3d5-866875ad8a29: shutdown FollowerState
2019-10-21 19:12:45,734 [Thread-620] INFO  impl.FollowerState (FollowerState.java:run(117)) - 1b813ef4-47a4-4bfc-8eb5-c34ae440adb1@group-73E40DF2990B-FollowerState was interrupted: java.lang.InterruptedException: sleep interrupted
2019-10-21 19:12:45,734 [grpc-default-executor-5] INFO  impl.RoleInfo (RoleInfo.java:updateAndGet(143)) - 1b813ef4-47a4-4bfc-8eb5-c34ae440adb1: start FollowerState
2019-10-21 19:12:45,734 [Thread-619] INFO  impl.FollowerState (FollowerState.java:run(117)) - e6a83585-83d0-4616-a3d5-866875ad8a29@group-73E40DF2990B-FollowerState was interrupted: java.lang.InterruptedException: sleep interrupted
2019-10-21 19:12:45,734 [grpc-default-executor-2] INFO  impl.RoleInfo (RoleInfo.java:updateAndGet(143)) - e6a83585-83d0-4616-a3d5-866875ad8a29: start FollowerState
2019-10-21 19:12:45,749 [f2627371-a904-4314-a836-5eb8f54559ec@group-73E40DF2990B-LeaderElection62] INFO  impl.LeaderElection (LeaderElection.java:logAndReturn(56)) - f2627371-a904-4314-a836-5eb8f54559ec@group-73E40DF2990B-LeaderElection62: Election REJECTED; received 2 response(s) [f2627371-a904-4314-a836-5eb8f54559ec<-e6a83585-83d0-4616-a3d5-866875ad8a29#0:FAIL-t65, f2627371-a904-4314-a836-5eb8f54559ec<-1b813ef4-47a4-4bfc-8eb5-c34ae440adb1#0:FAIL-t65] and 0 exception(s); f2627371-a904-4314-a836-5eb8f54559ec@group-73E40DF2990B:t65, leader=null, voted=f2627371-a904-4314-a836-5eb8f54559ec, raftlog=f2627371-a904-4314-a836-5eb8f54559ec@group-73E40DF2990B-SegmentedRaftLog:OPENED:c-1,f-1,i0, conf=-1: [e6a83585-83d0-4616-a3d5-866875ad8a29:192.168.34.32:46159, f2627371-a904-4314-a836-5eb8f54559ec:192.168.34.32:33224, 1b813ef4-47a4-4bfc-8eb5-c34ae440adb1:192.168.34.32:36113], old=null
2019-10-21 19:12:45,750 [f2627371-a904-4314-a836-5eb8f54559ec@group-73E40DF2990B-LeaderElection62] INFO  impl.RaftServerImpl (RaftServerImpl.java:setRole(184)) - f2627371-a904-4314-a836-5eb8f54559ec@group-73E40DF2990B: changes role from CANDIDATE to FOLLOWER at term 65 for DISCOVERED_A_NEW_TERM
2019-10-21 19:12:45,750 [f2627371-a904-4314-a836-5eb8f54559ec@group-73E40DF2990B-LeaderElection62] INFO  impl.RoleInfo (RoleInfo.java:shutdownLeaderElection(134)) - f2627371-a904-4314-a836-5eb8f54559ec: shutdown LeaderElection
2019-10-21 19:12:45,750 [f2627371-a904-4314-a836-5eb8f54559ec@group-73E40DF2990B-LeaderElection62] INFO  impl.RoleInfo (RoleInfo.java:updateAndGet(143)) - f2627371-a904-4314-a836-5eb8f54559ec: start FollowerState
2019-10-21 19:12:45,917 [Thread-627] INFO  impl.FollowerState (FollowerState.java:run(108)) - f2627371-a904-4314-a836-5eb8f54559ec@group-73E40DF2990B-FollowerState: change to CANDIDATE, lastRpcTime:167ms, electionTimeout:167ms
2019-10-21 19:12:45,918 [Thread-627] INFO  impl.RoleInfo (RoleInfo.java:shutdownFollowerState(121)) - f2627371-a904-4314-a836-5eb8f54559ec: shutdown FollowerState
2019-10-21 19:12:45,918 [Thread-627] INFO  impl.RaftServerImpl (RaftServerImpl.java:setRole(184)) - f2627371-a904-4314-a836-5eb8f54559ec@group-73E40DF2990B: changes role from  FOLLOWER to CANDIDATE at term 65 for changeToCandidate
2019-10-21 19:12:45,918 [Thread-627] INFO  impl.RoleInfo (RoleInfo.java:updateAndGet(143)) - f2627371-a904-4314-a836-5eb8f54559ec: start LeaderElection
2019-10-21 19:12:45,932 [f2627371-a904-4314-a836-5eb8f54559ec@group-73E40DF2990B-LeaderElection63] INFO  impl.LeaderElection (LeaderElection.java:askForVotes(178)) - f2627371-a904-4314-a836-5eb8f54559ec@group-73E40DF2990B-LeaderElection63: begin an election at term 66 for -1: [e6a83585-83d0-4616-a3d5-866875ad8a29:192.168.34.32:46159, f2627371-a904-4314-a836-5eb8f54559ec:192.168.34.32:33224, 1b813ef4-47a4-4bfc-8eb5-c34ae440adb1:192.168.34.32:36113], old=null
2019-10-21 19:12:45,934 [grpc-default-executor-2] INFO  impl.RaftServerImpl (RaftServerImpl.java:setRole(184)) - e6a83585-83d0-4616-a3d5-866875ad8a29@group-73E40DF2990B: changes role from  FOLLOWER to FOLLOWER at term 66 for recognizeCandidate:f2627371-a904-4314-a836-5eb8f54559ec
2019-10-21 19:12:45,935 [grpc-default-executor-2] INFO  impl.RoleInfo (RoleInfo.java:shutdownFollowerState(121)) - e6a83585-83d0-4616-a3d5-866875ad8a29: shutdown FollowerState
2019-10-21 19:12:45,935 [grpc-default-executor-5] INFO  impl.RaftServerImpl (RaftServerImpl.java:setRole(184)) - 1b813ef4-47a4-4bfc-8eb5-c34ae440adb1@group-73E40DF2990B: changes role from  FOLLOWER to FOLLOWER at term 66 for recognizeCandidate:f2627371-a904-4314-a836-5eb8f54559ec
2019-10-21 19:12:45,935 [grpc-default-executor-5] INFO  impl.RoleInfo (RoleInfo.java:shutdownFollowerState(121)) - 1b813ef4-47a4-4bfc-8eb5-c34ae440adb1: shutdown FollowerState
2019-10-21 19:12:45,935 [grpc-default-executor-2] INFO  impl.RoleInfo (RoleInfo.java:updateAndGet(143)) - e6a83585-83d0-4616-a3d5-866875ad8a29: start FollowerState
2019-10-21 19:12:45,935 [Thread-626] INFO  impl.FollowerState (FollowerState.java:run(117)) - e6a83585-83d0-4616-a3d5-866875ad8a29@group-73E40DF2990B-FollowerState was interrupted: java.lang.InterruptedException: sleep interrupted
2019-10-21 19:12:45,935 [Thread-625] INFO  impl.FollowerState (FollowerState.java:run(117)) - 1b813ef4-47a4-4bfc-8eb5-c34ae440adb1@group-73E40DF2990B-FollowerState was interrupted: java.lang.InterruptedException: sleep interrupted
2019-10-21 19:12:45,935 [grpc-default-executor-5] INFO  impl.RoleInfo (RoleInfo.java:updateAndGet(143)) - 1b813ef4-47a4-4bfc-8eb5-c34ae440adb1: start FollowerState
2019-10-21 19:12:45,950 [f2627371-a904-4314-a836-5eb8f54559ec@group-73E40DF2990B-LeaderElection63] INFO  impl.LeaderElection (LeaderElection.java:logAndReturn(56)) - f2627371-a904-4314-a836-5eb8f54559ec@group-73E40DF2990B-LeaderElection63: Election REJECTED; received 2 response(s) [f2627371-a904-4314-a836-5eb8f54559ec<-e6a83585-83d0-4616-a3d5-866875ad8a29#0:FAIL-t66, f2627371-a904-4314-a836-5eb8f54559ec<-1b813ef4-47a4-4bfc-8eb5-c34ae440adb1#0:FAIL-t66] and 0 exception(s); f2627371-a904-4314-a836-5eb8f54559ec@group-73E40DF2990B:t66, leader=null, voted=f2627371-a904-4314-a836-5eb8f54559ec, raftlog=f2627371-a904-4314-a836-5eb8f54559ec@group-73E40DF2990B-SegmentedRaftLog:OPENED:c-1,f-1,i0, conf=-1: [e6a83585-83d0-4616-a3d5-866875ad8a29:192.168.34.32:46159, f2627371-a904-4314-a836-5eb8f54559ec:192.168.34.32:33224, 1b813ef4-47a4-4bfc-8eb5-c34ae440adb1:192.168.34.32:36113], old=null
2019-10-21 19:12:45,951 [f2627371-a904-4314-a836-5eb8f54559ec@group-73E40DF2990B-LeaderElection63] INFO  impl.RaftServerImpl (RaftServerImpl.java:setRole(184)) - f2627371-a904-4314-a836-5eb8f54559ec@group-73E40DF2990B: changes role from CANDIDATE to FOLLOWER at term 66 for DISCOVERED_A_NEW_TERM
2019-10-21 19:12:45,951 [f2627371-a904-4314-a836-5eb8f54559ec@group-73E40DF2990B-LeaderElection63] INFO  impl.RoleInfo (RoleInfo.java:shutdownLeaderElection(134)) - f2627371-a904-4314-a836-5eb8f54559ec: shutdown LeaderElection
2019-10-21 19:12:45,951 [f2627371-a904-4314-a836-5eb8f54559ec@group-73E40DF2990B-LeaderElection63] INFO  impl.RoleInfo (RoleInfo.java:updateAndGet(143)) - f2627371-a904-4314-a836-5eb8f54559ec: start FollowerState
2019-10-21 19:12:46,056 [Thread-633] INFO  impl.FollowerState (FollowerState.java:run(108)) - f2627371-a904-4314-a836-5eb8f54559ec@group-73E40DF2990B-FollowerState: change to CANDIDATE, lastRpcTime:104ms, electionTimeout:104ms
2019-10-21 19:12:46,056 [Thread-633] INFO  impl.RoleInfo (RoleInfo.java:shutdownFollowerState(121)) - f2627371-a904-4314-a836-5eb8f54559ec: shutdown FollowerState
2019-10-21 19:12:46,056 [Thread-633] INFO  impl.RaftServerImpl (RaftServerImpl.java:setRole(184)) - f2627371-a904-4314-a836-5eb8f54559ec@group-73E40DF2990B: changes role from  FOLLOWER to CANDIDATE at term 66 for changeToCandidate
2019-10-21 19:12:46,056 [Thread-633] INFO  impl.RoleInfo (RoleInfo.java:updateAndGet(143)) - f2627371-a904-4314-a836-5eb8f54559ec: start LeaderElection
2019-10-21 19:12:46,070 [f2627371-a904-4314-a836-5eb8f54559ec@group-73E40DF2990B-LeaderElection64] INFO  impl.LeaderElection (LeaderElection.java:askForVotes(178)) - f2627371-a904-4314-a836-5eb8f54559ec@group-73E40DF2990B-LeaderElection64: begin an election at term 67 for -1: [e6a83585-83d0-4616-a3d5-866875ad8a29:192.168.34.32:46159, f2627371-a904-4314-a836-5eb8f54559ec:192.168.34.32:33224, 1b813ef4-47a4-4bfc-8eb5-c34ae440adb1:192.168.34.32:36113], old=null
2019-10-21 19:12:46,072 [grpc-default-executor-2] INFO  impl.RaftServerImpl (RaftServerImpl.java:setRole(184)) - e6a83585-83d0-4616-a3d5-866875ad8a29@group-73E40DF2990B: changes role from  FOLLOWER to FOLLOWER at term 67 for recognizeCandidate:f2627371-a904-4314-a836-5eb8f54559ec
2019-10-21 19:12:46,072 [grpc-default-executor-2] INFO  impl.RoleInfo (RoleInfo.java:shutdownFollowerState(121)) - e6a83585-83d0-4616-a3d5-866875ad8a29: shutdown FollowerState
2019-10-21 19:12:46,072 [grpc-default-executor-2] INFO  impl.RoleInfo (RoleInfo.java:updateAndGet(143)) - e6a83585-83d0-4616-a3d5-866875ad8a29: start FollowerState
2019-10-21 19:12:46,072 [grpc-default-executor-5] INFO  impl.RaftServerImpl (RaftServerImpl.java:setRole(184)) - 1b813ef4-47a4-4bfc-8eb5-c34ae440adb1@group-73E40DF2990B: changes role from  FOLLOWER to FOLLOWER at term 67 for recognizeCandidate:f2627371-a904-4314-a836-5eb8f54559ec
2019-10-21 19:12:46,073 [grpc-default-executor-5] INFO  impl.RoleInfo (RoleInfo.java:shutdownFollowerState(121)) - 1b813ef4-47a4-4bfc-8eb5-c34ae440adb1: shutdown FollowerState
2019-10-21 19:12:46,072 [Thread-631] INFO  impl.FollowerState (FollowerState.java:run(117)) - e6a83585-83d0-4616-a3d5-866875ad8a29@group-73E40DF2990B-FollowerState was interrupted: java.lang.InterruptedException: sleep interrupted
2019-10-21 19:12:46,073 [Thread-632] INFO  impl.FollowerState (FollowerState.java:run(117)) - 1b813ef4-47a4-4bfc-8eb5-c34ae440adb1@group-73E40DF2990B-FollowerState was interrupted: java.lang.InterruptedException: sleep interrupted
2019-10-21 19:12:46,073 [grpc-default-executor-5] INFO  impl.RoleInfo (RoleInfo.java:updateAndGet(143)) - 1b813ef4-47a4-4bfc-8eb5-c34ae440adb1: start FollowerState
2019-10-21 19:12:46,093 [f2627371-a904-4314-a836-5eb8f54559ec@group-73E40DF2990B-LeaderElection64] INFO  impl.LeaderElection (LeaderElection.java:logAndReturn(56)) - f2627371-a904-4314-a836-5eb8f54559ec@group-73E40DF2990B-LeaderElection64: Election REJECTED; received 2 response(s) [f2627371-a904-4314-a836-5eb8f54559ec<-e6a83585-83d0-4616-a3d5-866875ad8a29#0:FAIL-t67, f2627371-a904-4314-a836-5eb8f54559ec<-1b813ef4-47a4-4bfc-8eb5-c34ae440adb1#0:FAIL-t67] and 0 exception(s); f2627371-a904-4314-a836-5eb8f54559ec@group-73E40DF2990B:t67, leader=null, voted=f2627371-a904-4314-a836-5eb8f54559ec, raftlog=f2627371-a904-4314-a836-5eb8f54559ec@group-73E40DF2990B-SegmentedRaftLog:OPENED:c-1,f-1,i0, conf=-1: [e6a83585-83d0-4616-a3d5-866875ad8a29:192.168.34.32:46159, f2627371-a904-4314-a836-5eb8f54559ec:192.168.34.32:33224, 1b813ef4-47a4-4bfc-8eb5-c34ae440adb1:192.168.34.32:36113], old=null
2019-10-21 19:12:46,093 [f2627371-a904-4314-a836-5eb8f54559ec@group-73E40DF2990B-LeaderElection64] INFO  impl.RaftServerImpl (RaftServerImpl.java:setRole(184)) - f2627371-a904-4314-a836-5eb8f54559ec@group-73E40DF2990B: changes role from CANDIDATE to FOLLOWER at term 67 for DISCOVERED_A_NEW_TERM
2019-10-21 19:12:46,093 [f2627371-a904-4314-a836-5eb8f54559ec@group-73E40DF2990B-LeaderElection64] INFO  impl.RoleInfo (RoleInfo.java:shutdownLeaderElection(134)) - f2627371-a904-4314-a836-5eb8f54559ec: shutdown LeaderElection
2019-10-21 19:12:46,093 [f2627371-a904-4314-a836-5eb8f54559ec@group-73E40DF2990B-LeaderElection64] INFO  impl.RoleInfo (RoleInfo.java:updateAndGet(143)) - f2627371-a904-4314-a836-5eb8f54559ec: start FollowerState
2019-10-21 19:12:46,125 [Thread-639] INFO  impl.FollowerState (FollowerState.java:run(108)) - f2627371-a904-4314-a836-5eb8f54559ec@group-73E40DF2990B-FollowerState: change to CANDIDATE, lastRpcTime:32ms, electionTimeout:32ms
2019-10-21 19:12:46,126 [Thread-639] INFO  impl.RoleInfo (RoleInfo.java:shutdownFollowerState(121)) - f2627371-a904-4314-a836-5eb8f54559ec: shutdown FollowerState
2019-10-21 19:12:46,126 [Thread-639] INFO  impl.RaftServerImpl (RaftServerImpl.java:setRole(184)) - f2627371-a904-4314-a836-5eb8f54559ec@group-73E40DF2990B: changes role from  FOLLOWER to CANDIDATE at term 67 for changeToCandidate
2019-10-21 19:12:46,126 [Thread-639] INFO  impl.RoleInfo (RoleInfo.java:updateAndGet(143)) - f2627371-a904-4314-a836-5eb8f54559ec: start LeaderElection
2019-10-21 19:12:46,140 [f2627371-a904-4314-a836-5eb8f54559ec@group-73E40DF2990B-LeaderElection65] INFO  impl.LeaderElection (LeaderElection.java:askForVotes(178)) - f2627371-a904-4314-a836-5eb8f54559ec@group-73E40DF2990B-LeaderElection65: begin an election at term 68 for -1: [e6a83585-83d0-4616-a3d5-866875ad8a29:192.168.34.32:46159, f2627371-a904-4314-a836-5eb8f54559ec:192.168.34.32:33224, 1b813ef4-47a4-4bfc-8eb5-c34ae440adb1:192.168.34.32:36113], old=null
2019-10-21 19:12:46,142 [grpc-default-executor-5] INFO  impl.RaftServerImpl (RaftServerImpl.java:setRole(184)) - e6a83585-83d0-4616-a3d5-866875ad8a29@group-73E40DF2990B: changes role from  FOLLOWER to FOLLOWER at term 68 for recognizeCandidate:f2627371-a904-4314-a836-5eb8f54559ec
2019-10-21 19:12:46,142 [grpc-default-executor-5] INFO  impl.RoleInfo (RoleInfo.java:shutdownFollowerState(121)) - e6a83585-83d0-4616-a3d5-866875ad8a29: shutdown FollowerState
2019-10-21 19:12:46,143 [grpc-default-executor-2] INFO  impl.RaftServerImpl (RaftServerImpl.java:setRole(184)) - 1b813ef4-47a4-4bfc-8eb5-c34ae440adb1@group-73E40DF2990B: changes role from  FOLLOWER to FOLLOWER at term 68 for recognizeCandidate:f2627371-a904-4314-a836-5eb8f54559ec
2019-10-21 19:12:46,143 [Thread-637] INFO  impl.FollowerState (FollowerState.java:run(117)) - e6a83585-83d0-4616-a3d5-866875ad8a29@group-73E40DF2990B-FollowerState was interrupted: java.lang.InterruptedException: sleep interrupted
2019-10-21 19:12:46,143 [grpc-default-executor-5] INFO  impl.RoleInfo (RoleInfo.java:updateAndGet(143)) - e6a83585-83d0-4616-a3d5-866875ad8a29: start FollowerState
2019-10-21 19:12:46,143 [grpc-default-executor-2] INFO  impl.RoleInfo (RoleInfo.java:shutdownFollowerState(121)) - 1b813ef4-47a4-4bfc-8eb5-c34ae440adb1: shutdown FollowerState
2019-10-21 19:12:46,143 [grpc-default-executor-2] INFO  impl.RoleInfo (RoleInfo.java:updateAndGet(143)) - 1b813ef4-47a4-4bfc-8eb5-c34ae440adb1: start FollowerState
2019-10-21 19:12:46,143 [Thread-638] INFO  impl.FollowerState (FollowerState.java:run(117)) - 1b813ef4-47a4-4bfc-8eb5-c34ae440adb1@group-73E40DF2990B-FollowerState was interrupted: java.lang.InterruptedException: sleep interrupted
2019-10-21 19:12:46,144 [f2627371-a904-4314-a836-5eb8f54559ec@group-73E40DF2990B-LeaderElection65] INFO  impl.LeaderElection (LeaderElection.java:logAndReturn(56)) - f2627371-a904-4314-a836-5eb8f54559ec@group-73E40DF2990B-LeaderElection65: Election TIMEOUT; received 0 response(s) [] and 0 exception(s); f2627371-a904-4314-a836-5eb8f54559ec@group-73E40DF2990B:t68, leader=null, voted=f2627371-a904-4314-a836-5eb8f54559ec, raftlog=f2627371-a904-4314-a836-5eb8f54559ec@group-73E40DF2990B-SegmentedRaftLog:OPENED:c-1,f-1,i0, conf=-1: [e6a83585-83d0-4616-a3d5-866875ad8a29:192.168.34.32:46159, f2627371-a904-4314-a836-5eb8f54559ec:192.168.34.32:33224, 1b813ef4-47a4-4bfc-8eb5-c34ae440adb1:192.168.34.32:36113], old=null
2019-10-21 19:12:46,157 [f2627371-a904-4314-a836-5eb8f54559ec@group-73E40DF2990B-LeaderElection65] INFO  impl.LeaderElection (LeaderElection.java:askForVotes(178)) - f2627371-a904-4314-a836-5eb8f54559ec@group-73E40DF2990B-LeaderElection65: begin an election at term 69 for -1: [e6a83585-83d0-4616-a3d5-866875ad8a29:192.168.34.32:46159, f2627371-a904-4314-a836-5eb8f54559ec:192.168.34.32:33224, 1b813ef4-47a4-4bfc-8eb5-c34ae440adb1:192.168.34.32:36113], old=null
2019-10-21 19:12:46,159 [grpc-default-executor-2] INFO  impl.RaftServerImpl (RaftServerImpl.java:setRole(184)) - e6a83585-83d0-4616-a3d5-866875ad8a29@group-73E40DF2990B: changes role from  FOLLOWER to FOLLOWER at term 69 for recognizeCandidate:f2627371-a904-4314-a836-5eb8f54559ec
2019-10-21 19:12:46,159 [grpc-default-executor-2] INFO  impl.RoleInfo (RoleInfo.java:shutdownFollowerState(121)) - e6a83585-83d0-4616-a3d5-866875ad8a29: shutdown FollowerState
2019-10-21 19:12:46,160 [grpc-default-executor-2] INFO  impl.RoleInfo (RoleInfo.java:updateAndGet(143)) - e6a83585-83d0-4616-a3d5-866875ad8a29: start FollowerState
2019-10-21 19:12:46,160 [grpc-default-executor-5] INFO  impl.RaftServerImpl (RaftServerImpl.java:setRole(184)) - 1b813ef4-47a4-4bfc-8eb5-c34ae440adb1@group-73E40DF2990B: changes role from  FOLLOWER to FOLLOWER at term 69 for recognizeCandidate:f2627371-a904-4314-a836-5eb8f54559ec
2019-10-21 19:12:46,160 [grpc-default-executor-5] INFO  impl.RoleInfo (RoleInfo.java:shutdownFollowerState(121)) - 1b813ef4-47a4-4bfc-8eb5-c34ae440adb1: shutdown FollowerState
2019-10-21 19:12:46,160 [Thread-645] INFO  impl.FollowerState (FollowerState.java:run(117)) - e6a83585-83d0-4616-a3d5-866875ad8a29@group-73E40DF2990B-FollowerState was interrupted: java.lang.InterruptedException: sleep interrupted
2019-10-21 19:12:46,160 [grpc-default-executor-5] INFO  impl.RoleInfo (RoleInfo.java:updateAndGet(143)) - 1b813ef4-47a4-4bfc-8eb5-c34ae440adb1: start FollowerState
2019-10-21 19:12:46,160 [Thread-646] INFO  impl.FollowerState (FollowerState.java:run(117)) - 1b813ef4-47a4-4bfc-8eb5-c34ae440adb1@group-73E40DF2990B-FollowerState was interrupted: java.lang.InterruptedException: sleep interrupted
2019-10-21 19:12:46,169 [f2627371-a904-4314-a836-5eb8f54559ec@group-73E40DF2990B-LeaderElection65] INFO  impl.LeaderElection (LeaderElection.java:logAndReturn(56)) - f2627371-a904-4314-a836-5eb8f54559ec@group-73E40DF2990B-LeaderElection65: Election REJECTED; received 2 response(s) [f2627371-a904-4314-a836-5eb8f54559ec<-e6a83585-83d0-4616-a3d5-866875ad8a29#0:FAIL-t69, f2627371-a904-4314-a836-5eb8f54559ec<-1b813ef4-47a4-4bfc-8eb5-c34ae440adb1#0:FAIL-t69] and 0 exception(s); f2627371-a904-4314-a836-5eb8f54559ec@group-73E40DF2990B:t69, leader=null, voted=f2627371-a904-4314-a836-5eb8f54559ec, raftlog=f2627371-a904-4314-a836-5eb8f54559ec@group-73E40DF2990B-SegmentedRaftLog:OPENED:c-1,f-1,i0, conf=-1: [e6a83585-83d0-4616-a3d5-866875ad8a29:192.168.34.32:46159, f2627371-a904-4314-a836-5eb8f54559ec:192.168.34.32:33224, 1b813ef4-47a4-4bfc-8eb5-c34ae440adb1:192.168.34.32:36113], old=null
2019-10-21 19:12:46,169 [f2627371-a904-4314-a836-5eb8f54559ec@group-73E40DF2990B-LeaderElection65] INFO  impl.RaftServerImpl (RaftServerImpl.java:setRole(184)) - f2627371-a904-4314-a836-5eb8f54559ec@group-73E40DF2990B: changes role from CANDIDATE to FOLLOWER at term 69 for DISCOVERED_A_NEW_TERM
2019-10-21 19:12:46,169 [f2627371-a904-4314-a836-5eb8f54559ec@group-73E40DF2990B-LeaderElection65] INFO  impl.RoleInfo (RoleInfo.java:shutdownLeaderElection(134)) - f2627371-a904-4314-a836-5eb8f54559ec: shutdown LeaderElection
2019-10-21 19:12:46,169 [f2627371-a904-4314-a836-5eb8f54559ec@group-73E40DF2990B-LeaderElection65] INFO  impl.RoleInfo (RoleInfo.java:updateAndGet(143)) - f2627371-a904-4314-a836-5eb8f54559ec: start FollowerState
2019-10-21 19:12:46,329 [Thread-651] INFO  impl.FollowerState (FollowerState.java:run(108)) - f2627371-a904-4314-a836-5eb8f54559ec@group-73E40DF2990B-FollowerState: change to CANDIDATE, lastRpcTime:159ms, electionTimeout:159ms
2019-10-21 19:12:46,329 [Thread-651] INFO  impl.RoleInfo (RoleInfo.java:shutdownFollowerState(121)) - f2627371-a904-4314-a836-5eb8f54559ec: shutdown FollowerState
2019-10-21 19:12:46,329 [Thread-651] INFO  impl.RaftServerImpl (RaftServerImpl.java:setRole(184)) - f2627371-a904-4314-a836-5eb8f54559ec@group-73E40DF2990B: changes role from  FOLLOWER to CANDIDATE at term 69 for changeToCandidate
2019-10-21 19:12:46,329 [Thread-651] INFO  impl.RoleInfo (RoleInfo.java:updateAndGet(143)) - f2627371-a904-4314-a836-5eb8f54559ec: start LeaderElection
2019-10-21 19:12:46,344 [f2627371-a904-4314-a836-5eb8f54559ec@group-73E40DF2990B-LeaderElection66] INFO  impl.LeaderElection (LeaderElection.java:askForVotes(178)) - f2627371-a904-4314-a836-5eb8f54559ec@group-73E40DF2990B-LeaderElection66: begin an election at term 70 for -1: [e6a83585-83d0-4616-a3d5-866875ad8a29:192.168.34.32:46159, f2627371-a904-4314-a836-5eb8f54559ec:192.168.34.32:33224, 1b813ef4-47a4-4bfc-8eb5-c34ae440adb1:192.168.34.32:36113], old=null
2019-10-21 19:12:46,347 [grpc-default-executor-2] INFO  impl.RaftServerImpl (RaftServerImpl.java:setRole(184)) - e6a83585-83d0-4616-a3d5-866875ad8a29@group-73E40DF2990B: changes role from  FOLLOWER to FOLLOWER at term 70 for recognizeCandidate:f2627371-a904-4314-a836-5eb8f54559ec
2019-10-21 19:12:46,347 [grpc-default-executor-5] INFO  impl.RaftServerImpl (RaftServerImpl.java:setRole(184)) - 1b813ef4-47a4-4bfc-8eb5-c34ae440adb1@group-73E40DF2990B: changes role from  FOLLOWER to FOLLOWER at term 70 for recognizeCandidate:f2627371-a904-4314-a836-5eb8f54559ec
2019-10-21 19:12:46,348 [grpc-default-executor-5] INFO  impl.RoleInfo (RoleInfo.java:shutdownFollowerState(121)) - 1b813ef4-47a4-4bfc-8eb5-c34ae440adb1: shutdown FollowerState
2019-10-21 19:12:46,347 [grpc-default-executor-2] INFO  impl.RoleInfo (RoleInfo.java:shutdownFollowerState(121)) - e6a83585-83d0-4616-a3d5-866875ad8a29: shutdown FollowerState
2019-10-21 19:12:46,348 [Thread-650] INFO  impl.FollowerState (FollowerState.java:run(117)) - 1b813ef4-47a4-4bfc-8eb5-c34ae440adb1@group-73E40DF2990B-FollowerState was interrupted: java.lang.InterruptedException: sleep interrupted
2019-10-21 19:12:46,348 [grpc-default-executor-5] INFO  impl.RoleInfo (RoleInfo.java:updateAndGet(143)) - 1b813ef4-47a4-4bfc-8eb5-c34ae440adb1: start FollowerState
2019-10-21 19:12:46,348 [Thread-649] INFO  impl.FollowerState (FollowerState.java:run(117)) - e6a83585-83d0-4616-a3d5-866875ad8a29@group-73E40DF2990B-FollowerState was interrupted: java.lang.InterruptedException: sleep interrupted
2019-10-21 19:12:46,348 [grpc-default-executor-2] INFO  impl.RoleInfo (RoleInfo.java:updateAndGet(143)) - e6a83585-83d0-4616-a3d5-866875ad8a29: start FollowerState
2019-10-21 19:12:46,363 [f2627371-a904-4314-a836-5eb8f54559ec@group-73E40DF2990B-LeaderElection66] INFO  impl.LeaderElection (LeaderElection.java:logAndReturn(56)) - f2627371-a904-4314-a836-5eb8f54559ec@group-73E40DF2990B-LeaderElection66: Election REJECTED; received 2 response(s) [f2627371-a904-4314-a836-5eb8f54559ec<-e6a83585-83d0-4616-a3d5-866875ad8a29#0:FAIL-t70, f2627371-a904-4314-a836-5eb8f54559ec<-1b813ef4-47a4-4bfc-8eb5-c34ae440adb1#0:FAIL-t70] and 0 exception(s); f2627371-a904-4314-a836-5eb8f54559ec@group-73E40DF2990B:t70, leader=null, voted=f2627371-a904-4314-a836-5eb8f54559ec, raftlog=f2627371-a904-4314-a836-5eb8f54559ec@group-73E40DF2990B-SegmentedRaftLog:OPENED:c-1,f-1,i0, conf=-1: [e6a83585-83d0-4616-a3d5-866875ad8a29:192.168.34.32:46159, f2627371-a904-4314-a836-5eb8f54559ec:192.168.34.32:33224, 1b813ef4-47a4-4bfc-8eb5-c34ae440adb1:192.168.34.32:36113], old=null
2019-10-21 19:12:46,363 [f2627371-a904-4314-a836-5eb8f54559ec@group-73E40DF2990B-LeaderElection66] INFO  impl.RaftServerImpl (RaftServerImpl.java:setRole(184)) - f2627371-a904-4314-a836-5eb8f54559ec@group-73E40DF2990B: changes role from CANDIDATE to FOLLOWER at term 70 for DISCOVERED_A_NEW_TERM
2019-10-21 19:12:46,363 [f2627371-a904-4314-a836-5eb8f54559ec@group-73E40DF2990B-LeaderElection66] INFO  impl.RoleInfo (RoleInfo.java:shutdownLeaderElection(134)) - f2627371-a904-4314-a836-5eb8f54559ec: shutdown LeaderElection
2019-10-21 19:12:46,364 [f2627371-a904-4314-a836-5eb8f54559ec@group-73E40DF2990B-LeaderElection66] INFO  impl.RoleInfo (RoleInfo.java:updateAndGet(143)) - f2627371-a904-4314-a836-5eb8f54559ec: start FollowerState
2019-10-21 19:12:46,554 [Thread-657] INFO  impl.FollowerState (FollowerState.java:run(108)) - f2627371-a904-4314-a836-5eb8f54559ec@group-73E40DF2990B-FollowerState: change to CANDIDATE, lastRpcTime:190ms, electionTimeout:190ms
2019-10-21 19:12:46,555 [Thread-657] INFO  impl.RoleInfo (RoleInfo.java:shutdownFollowerState(121)) - f2627371-a904-4314-a836-5eb8f54559ec: shutdown FollowerState
2019-10-21 19:12:46,555 [Thread-657] INFO  impl.RaftServerImpl (RaftServerImpl.java:setRole(184)) - f2627371-a904-4314-a836-5eb8f54559ec@group-73E40DF2990B: changes role from  FOLLOWER to CANDIDATE at term 70 for changeToCandidate
2019-10-21 19:12:46,555 [Thread-657] INFO  impl.RoleInfo (RoleInfo.java:updateAndGet(143)) - f2627371-a904-4314-a836-5eb8f54559ec: start LeaderElection
2019-10-21 19:12:46,569 [f2627371-a904-4314-a836-5eb8f54559ec@group-73E40DF2990B-LeaderElection67] INFO  impl.LeaderElection (LeaderElection.java:askForVotes(178)) - f2627371-a904-4314-a836-5eb8f54559ec@group-73E40DF2990B-LeaderElection67: begin an election at term 71 for -1: [e6a83585-83d0-4616-a3d5-866875ad8a29:192.168.34.32:46159, f2627371-a904-4314-a836-5eb8f54559ec:192.168.34.32:33224, 1b813ef4-47a4-4bfc-8eb5-c34ae440adb1:192.168.34.32:36113], old=null
2019-10-21 19:12:46,572 [grpc-default-executor-2] INFO  impl.RaftServerImpl (RaftServerImpl.java:setRole(184)) - e6a83585-83d0-4616-a3d5-866875ad8a29@group-73E40DF2990B: changes role from  FOLLOWER to FOLLOWER at term 71 for recognizeCandidate:f2627371-a904-4314-a836-5eb8f54559ec
2019-10-21 19:12:46,572 [grpc-default-executor-5] INFO  impl.RaftServerImpl (RaftServerImpl.java:setRole(184)) - 1b813ef4-47a4-4bfc-8eb5-c34ae440adb1@group-73E40DF2990B: changes role from  FOLLOWER to FOLLOWER at term 71 for recognizeCandidate:f2627371-a904-4314-a836-5eb8f54559ec
2019-10-21 19:12:46,572 [grpc-default-executor-2] INFO  impl.RoleInfo (RoleInfo.java:shutdownFollowerState(121)) - e6a83585-83d0-4616-a3d5-866875ad8a29: shutdown FollowerState
2019-10-21 19:12:46,573 [grpc-default-executor-5] INFO  impl.RoleInfo (RoleInfo.java:shutdownFollowerState(121)) - 1b813ef4-47a4-4bfc-8eb5-c34ae440adb1: shutdown FollowerState
2019-10-21 19:12:46,573 [Thread-656] INFO  impl.FollowerState (FollowerState.java:run(117)) - e6a83585-83d0-4616-a3d5-866875ad8a29@group-73E40DF2990B-FollowerState was interrupted: java.lang.InterruptedException: sleep interrupted
2019-10-21 19:12:46,573 [grpc-default-executor-2] INFO  impl.RoleInfo (RoleInfo.java:updateAndGet(143)) - e6a83585-83d0-4616-a3d5-866875ad8a29: start FollowerState
2019-10-21 19:12:46,573 [Thread-655] INFO  impl.FollowerState (FollowerState.java:run(117)) - 1b813ef4-47a4-4bfc-8eb5-c34ae440adb1@group-73E40DF2990B-FollowerState was interrupted: java.lang.InterruptedException: sleep interrupted
2019-10-21 19:12:46,573 [grpc-default-executor-5] INFO  impl.RoleInfo (RoleInfo.java:updateAndGet(143)) - 1b813ef4-47a4-4bfc-8eb5-c34ae440adb1: start FollowerState
2019-10-21 19:12:46,589 [f2627371-a904-4314-a836-5eb8f54559ec@group-73E40DF2990B-LeaderElection67] INFO  impl.LeaderElection (LeaderElection.java:logAndReturn(56)) - f2627371-a904-4314-a836-5eb8f54559ec@group-73E40DF2990B-LeaderElection67: Election REJECTED; received 2 response(s) [f2627371-a904-4314-a836-5eb8f54559ec<-e6a83585-83d0-4616-a3d5-866875ad8a29#0:FAIL-t71, f2627371-a904-4314-a836-5eb8f54559ec<-1b813ef4-47a4-4bfc-8eb5-c34ae440adb1#0:FAIL-t71] and 0 exception(s); f2627371-a904-4314-a836-5eb8f54559ec@group-73E40DF2990B:t71, leader=null, voted=f2627371-a904-4314-a836-5eb8f54559ec, raftlog=f2627371-a904-4314-a836-5eb8f54559ec@group-73E40DF2990B-SegmentedRaftLog:OPENED:c-1,f-1,i0, conf=-1: [e6a83585-83d0-4616-a3d5-866875ad8a29:192.168.34.32:46159, f2627371-a904-4314-a836-5eb8f54559ec:192.168.34.32:33224, 1b813ef4-47a4-4bfc-8eb5-c34ae440adb1:192.168.34.32:36113], old=null
2019-10-21 19:12:46,590 [f2627371-a904-4314-a836-5eb8f54559ec@group-73E40DF2990B-LeaderElection67] INFO  impl.RaftServerImpl (RaftServerImpl.java:setRole(184)) - f2627371-a904-4314-a836-5eb8f54559ec@group-73E40DF2990B: changes role from CANDIDATE to FOLLOWER at term 71 for DISCOVERED_A_NEW_TERM
2019-10-21 19:12:46,590 [f2627371-a904-4314-a836-5eb8f54559ec@group-73E40DF2990B-LeaderElection67] INFO  impl.RoleInfo (RoleInfo.java:shutdownLeaderElection(134)) - f2627371-a904-4314-a836-5eb8f54559ec: shutdown LeaderElection
2019-10-21 19:12:46,590 [f2627371-a904-4314-a836-5eb8f54559ec@group-73E40DF2990B-LeaderElection67] INFO  impl.RoleInfo (RoleInfo.java:updateAndGet(143)) - f2627371-a904-4314-a836-5eb8f54559ec: start FollowerState
2019-10-21 19:12:46,771 [Thread-663] INFO  impl.FollowerState (FollowerState.java:run(108)) - f2627371-a904-4314-a836-5eb8f54559ec@group-73E40DF2990B-FollowerState: change to CANDIDATE, lastRpcTime:181ms, electionTimeout:181ms
2019-10-21 19:12:46,772 [Thread-663] INFO  impl.RoleInfo (RoleInfo.java:shutdownFollowerState(121)) - f2627371-a904-4314-a836-5eb8f54559ec: shutdown FollowerState
2019-10-21 19:12:46,772 [Thread-663] INFO  impl.RaftServerImpl (RaftServerImpl.java:setRole(184)) - f2627371-a904-4314-a836-5eb8f54559ec@group-73E40DF2990B: changes role from  FOLLOWER to CANDIDATE at term 71 for changeToCandidate
2019-10-21 19:12:46,772 [Thread-663] INFO  impl.RoleInfo (RoleInfo.java:updateAndGet(143)) - f2627371-a904-4314-a836-5eb8f54559ec: start LeaderElection
2019-10-21 19:12:46,786 [f2627371-a904-4314-a836-5eb8f54559ec@group-73E40DF2990B-LeaderElection68] INFO  impl.LeaderElection (LeaderElection.java:askForVotes(178)) - f2627371-a904-4314-a836-5eb8f54559ec@group-73E40DF2990B-LeaderElection68: begin an election at term 72 for -1: [e6a83585-83d0-4616-a3d5-866875ad8a29:192.168.34.32:46159, f2627371-a904-4314-a836-5eb8f54559ec:192.168.34.32:33224, 1b813ef4-47a4-4bfc-8eb5-c34ae440adb1:192.168.34.32:36113], old=null
2019-10-21 19:12:46,789 [grpc-default-executor-2] INFO  impl.RaftServerImpl (RaftServerImpl.java:setRole(184)) - e6a83585-83d0-4616-a3d5-866875ad8a29@group-73E40DF2990B: changes role from  FOLLOWER to FOLLOWER at term 72 for recognizeCandidate:f2627371-a904-4314-a836-5eb8f54559ec
2019-10-21 19:12:46,789 [grpc-default-executor-2] INFO  impl.RoleInfo (RoleInfo.java:shutdownFollowerState(121)) - e6a83585-83d0-4616-a3d5-866875ad8a29: shutdown FollowerState
2019-10-21 19:12:46,789 [grpc-default-executor-5] INFO  impl.RaftServerImpl (RaftServerImpl.java:setRole(184)) - 1b813ef4-47a4-4bfc-8eb5-c34ae440adb1@group-73E40DF2990B: changes role from  FOLLOWER to FOLLOWER at term 72 for recognizeCandidate:f2627371-a904-4314-a836-5eb8f54559ec
2019-10-21 19:12:46,789 [Thread-661] INFO  impl.FollowerState (FollowerState.java:run(117)) - e6a83585-83d0-4616-a3d5-866875ad8a29@group-73E40DF2990B-FollowerState was interrupted: java.lang.InterruptedException: sleep interrupted
2019-10-21 19:12:46,789 [grpc-default-executor-2] INFO  impl.RoleInfo (RoleInfo.java:updateAndGet(143)) - e6a83585-83d0-4616-a3d5-866875ad8a29: start FollowerState
2019-10-21 19:12:46,789 [grpc-default-executor-5] INFO  impl.RoleInfo (RoleInfo.java:shutdownFollowerState(121)) - 1b813ef4-47a4-4bfc-8eb5-c34ae440adb1: shutdown FollowerState
2019-10-21 19:12:46,790 [grpc-default-executor-5] INFO  impl.RoleInfo (RoleInfo.java:updateAndGet(143)) - 1b813ef4-47a4-4bfc-8eb5-c34ae440adb1: start FollowerState
2019-10-21 19:12:46,790 [Thread-662] INFO  impl.FollowerState (FollowerState.java:run(117)) - 1b813ef4-47a4-4bfc-8eb5-c34ae440adb1@group-73E40DF2990B-FollowerState was interrupted: java.lang.InterruptedException: sleep interrupted
2019-10-21 19:12:46,804 [f2627371-a904-4314-a836-5eb8f54559ec@group-73E40DF2990B-LeaderElection68] INFO  impl.LeaderElection (LeaderElection.java:logAndReturn(56)) - f2627371-a904-4314-a836-5eb8f54559ec@group-73E40DF2990B-LeaderElection68: Election REJECTED; received 2 response(s) [f2627371-a904-4314-a836-5eb8f54559ec<-e6a83585-83d0-4616-a3d5-866875ad8a29#0:FAIL-t72, f2627371-a904-4314-a836-5eb8f54559ec<-1b813ef4-47a4-4bfc-8eb5-c34ae440adb1#0:FAIL-t72] and 0 exception(s); f2627371-a904-4314-a836-5eb8f54559ec@group-73E40DF2990B:t72, leader=null, voted=f2627371-a904-4314-a836-5eb8f54559ec, raftlog=f2627371-a904-4314-a836-5eb8f54559ec@group-73E40DF2990B-SegmentedRaftLog:OPENED:c-1,f-1,i0, conf=-1: [e6a83585-83d0-4616-a3d5-866875ad8a29:192.168.34.32:46159, f2627371-a904-4314-a836-5eb8f54559ec:192.168.34.32:33224, 1b813ef4-47a4-4bfc-8eb5-c34ae440adb1:192.168.34.32:36113], old=null
2019-10-21 19:12:46,805 [f2627371-a904-4314-a836-5eb8f54559ec@group-73E40DF2990B-LeaderElection68] INFO  impl.RaftServerImpl (RaftServerImpl.java:setRole(184)) - f2627371-a904-4314-a836-5eb8f54559ec@group-73E40DF2990B: changes role from CANDIDATE to FOLLOWER at term 72 for DISCOVERED_A_NEW_TERM
2019-10-21 19:12:46,805 [f2627371-a904-4314-a836-5eb8f54559ec@group-73E40DF2990B-LeaderElection68] INFO  impl.RoleInfo (RoleInfo.java:shutdownLeaderElection(134)) - f2627371-a904-4314-a836-5eb8f54559ec: shutdown LeaderElection
2019-10-21 19:12:46,805 [f2627371-a904-4314-a836-5eb8f54559ec@group-73E40DF2990B-LeaderElection68] INFO  impl.RoleInfo (RoleInfo.java:updateAndGet(143)) - f2627371-a904-4314-a836-5eb8f54559ec: start FollowerState
2019-10-21 19:12:46,978 [Thread-669] INFO  impl.FollowerState (FollowerState.java:run(108)) - f2627371-a904-4314-a836-5eb8f54559ec@group-73E40DF2990B-FollowerState: change to CANDIDATE, lastRpcTime:173ms, electionTimeout:173ms
2019-10-21 19:12:46,978 [Thread-669] INFO  impl.RoleInfo (RoleInfo.java:shutdownFollowerState(121)) - f2627371-a904-4314-a836-5eb8f54559ec: shutdown FollowerState
2019-10-21 19:12:46,979 [Thread-669] INFO  impl.RaftServerImpl (RaftServerImpl.java:setRole(184)) - f2627371-a904-4314-a836-5eb8f54559ec@group-73E40DF2990B: changes role from  FOLLOWER to CANDIDATE at term 72 for changeToCandidate
2019-10-21 19:12:46,979 [Thread-669] INFO  impl.RoleInfo (RoleInfo.java:updateAndGet(143)) - f2627371-a904-4314-a836-5eb8f54559ec: start LeaderElection
2019-10-21 19:12:47,010 [f2627371-a904-4314-a836-5eb8f54559ec@group-73E40DF2990B-LeaderElection69] INFO  impl.LeaderElection (LeaderElection.java:askForVotes(178)) - f2627371-a904-4314-a836-5eb8f54559ec@group-73E40DF2990B-LeaderElection69: begin an election at term 73 for -1: [e6a83585-83d0-4616-a3d5-866875ad8a29:192.168.34.32:46159, f2627371-a904-4314-a836-5eb8f54559ec:192.168.34.32:33224, 1b813ef4-47a4-4bfc-8eb5-c34ae440adb1:192.168.34.32:36113], old=null
2019-10-21 19:12:47,013 [grpc-default-executor-2] INFO  impl.RaftServerImpl (RaftServerImpl.java:setRole(184)) - e6a83585-83d0-4616-a3d5-866875ad8a29@group-73E40DF2990B: changes role from  FOLLOWER to FOLLOWER at term 73 for recognizeCandidate:f2627371-a904-4314-a836-5eb8f54559ec
2019-10-21 19:12:47,013 [grpc-default-executor-2] INFO  impl.RoleInfo (RoleInfo.java:shutdownFollowerState(121)) - e6a83585-83d0-4616-a3d5-866875ad8a29: shutdown FollowerState
2019-10-21 19:12:47,014 [grpc-default-executor-2] INFO  impl.RoleInfo (RoleInfo.java:updateAndGet(143)) - e6a83585-83d0-4616-a3d5-866875ad8a29: start FollowerState
2019-10-21 19:12:47,014 [grpc-default-executor-5] INFO  impl.RaftServerImpl (RaftServerImpl.java:setRole(184)) - 1b813ef4-47a4-4bfc-8eb5-c34ae440adb1@group-73E40DF2990B: changes role from  FOLLOWER to FOLLOWER at term 73 for recognizeCandidate:f2627371-a904-4314-a836-5eb8f54559ec
2019-10-21 19:12:47,014 [grpc-default-executor-5] INFO  impl.RoleInfo (RoleInfo.java:shutdownFollowerState(121)) - 1b813ef4-47a4-4bfc-8eb5-c34ae440adb1: shutdown FollowerState
2019-10-21 19:12:47,014 [Thread-667] INFO  impl.FollowerState (FollowerState.java:run(117)) - e6a83585-83d0-4616-a3d5-866875ad8a29@group-73E40DF2990B-FollowerState was interrupted: java.lang.InterruptedException: sleep interrupted
2019-10-21 19:12:47,014 [Thread-668] INFO  impl.FollowerState (FollowerState.java:run(117)) - 1b813ef4-47a4-4bfc-8eb5-c34ae440adb1@group-73E40DF2990B-FollowerState was interrupted: java.lang.InterruptedException: sleep interrupted
2019-10-21 19:12:47,014 [grpc-default-executor-5] INFO  impl.RoleInfo (RoleInfo.java:updateAndGet(143)) - 1b813ef4-47a4-4bfc-8eb5-c34ae440adb1: start FollowerState
2019-10-21 19:12:47,045 [f2627371-a904-4314-a836-5eb8f54559ec@group-73E40DF2990B-LeaderElection69] INFO  impl.LeaderElection (LeaderElection.java:logAndReturn(56)) - f2627371-a904-4314-a836-5eb8f54559ec@group-73E40DF2990B-LeaderElection69: Election REJECTED; received 2 response(s) [f2627371-a904-4314-a836-5eb8f54559ec<-e6a83585-83d0-4616-a3d5-866875ad8a29#0:FAIL-t73, f2627371-a904-4314-a836-5eb8f54559ec<-1b813ef4-47a4-4bfc-8eb5-c34ae440adb1#0:FAIL-t73] and 0 exception(s); f2627371-a904-4314-a836-5eb8f54559ec@group-73E40DF2990B:t73, leader=null, voted=f2627371-a904-4314-a836-5eb8f54559ec, raftlog=f2627371-a904-4314-a836-5eb8f54559ec@group-73E40DF2990B-SegmentedRaftLog:OPENED:c-1,f-1,i0, conf=-1: [e6a83585-83d0-4616-a3d5-866875ad8a29:192.168.34.32:46159, f2627371-a904-4314-a836-5eb8f54559ec:192.168.34.32:33224, 1b813ef4-47a4-4bfc-8eb5-c34ae440adb1:192.168.34.32:36113], old=null
2019-10-21 19:12:47,045 [f2627371-a904-4314-a836-5eb8f54559ec@group-73E40DF2990B-LeaderElection69] INFO  impl.RaftServerImpl (RaftServerImpl.java:setRole(184)) - f2627371-a904-4314-a836-5eb8f54559ec@group-73E40DF2990B: changes role from CANDIDATE to FOLLOWER at term 73 for DISCOVERED_A_NEW_TERM
2019-10-21 19:12:47,045 [f2627371-a904-4314-a836-5eb8f54559ec@group-73E40DF2990B-LeaderElection69] INFO  impl.RoleInfo (RoleInfo.java:shutdownLeaderElection(134)) - f2627371-a904-4314-a836-5eb8f54559ec: shutdown LeaderElection
2019-10-21 19:12:47,045 [f2627371-a904-4314-a836-5eb8f54559ec@group-73E40DF2990B-LeaderElection69] INFO  impl.RoleInfo (RoleInfo.java:updateAndGet(143)) - f2627371-a904-4314-a836-5eb8f54559ec: start FollowerState
2019-10-21 19:12:47,099 [Thread-675] INFO  impl.FollowerState (FollowerState.java:run(108)) - f2627371-a904-4314-a836-5eb8f54559ec@group-73E40DF2990B-FollowerState: change to CANDIDATE, lastRpcTime:53ms, electionTimeout:53ms
2019-10-21 19:12:47,099 [Thread-675] INFO  impl.RoleInfo (RoleInfo.java:shutdownFollowerState(121)) - f2627371-a904-4314-a836-5eb8f54559ec: shutdown FollowerState
2019-10-21 19:12:47,099 [Thread-675] INFO  impl.RaftServerImpl (RaftServerImpl.java:setRole(184)) - f2627371-a904-4314-a836-5eb8f54559ec@group-73E40DF2990B: changes role from  FOLLOWER to CANDIDATE at term 73 for changeToCandidate
2019-10-21 19:12:47,099 [Thread-675] INFO  impl.RoleInfo (RoleInfo.java:updateAndGet(143)) - f2627371-a904-4314-a836-5eb8f54559ec: start LeaderElection
2019-10-21 19:12:47,114 [f2627371-a904-4314-a836-5eb8f54559ec@group-73E40DF2990B-LeaderElection70] INFO  impl.LeaderElection (LeaderElection.java:askForVotes(178)) - f2627371-a904-4314-a836-5eb8f54559ec@group-73E40DF2990B-LeaderElection70: begin an election at term 74 for -1: [e6a83585-83d0-4616-a3d5-866875ad8a29:192.168.34.32:46159, f2627371-a904-4314-a836-5eb8f54559ec:192.168.34.32:33224, 1b813ef4-47a4-4bfc-8eb5-c34ae440adb1:192.168.34.32:36113], old=null
2019-10-21 19:12:47,117 [grpc-default-executor-2] INFO  impl.RaftServerImpl (RaftServerImpl.java:setRole(184)) - e6a83585-83d0-4616-a3d5-866875ad8a29@group-73E40DF2990B: changes role from  FOLLOWER to FOLLOWER at term 74 for recognizeCandidate:f2627371-a904-4314-a836-5eb8f54559ec
2019-10-21 19:12:47,117 [grpc-default-executor-2] INFO  impl.RoleInfo (RoleInfo.java:shutdownFollowerState(121)) - e6a83585-83d0-4616-a3d5-866875ad8a29: shutdown FollowerState
2019-10-21 19:12:47,117 [grpc-default-executor-5] INFO  impl.RaftServerImpl (RaftServerImpl.java:setRole(184)) - 1b813ef4-47a4-4bfc-8eb5-c34ae440adb1@group-73E40DF2990B: changes role from  FOLLOWER to FOLLOWER at term 74 for recognizeCandidate:f2627371-a904-4314-a836-5eb8f54559ec
2019-10-21 19:12:47,117 [Thread-673] INFO  impl.FollowerState (FollowerState.java:run(117)) - e6a83585-83d0-4616-a3d5-866875ad8a29@group-73E40DF2990B-FollowerState was interrupted: java.lang.InterruptedException: sleep interrupted
2019-10-21 19:12:47,117 [grpc-default-executor-2] INFO  impl.RoleInfo (RoleInfo.java:updateAndGet(143)) - e6a83585-83d0-4616-a3d5-866875ad8a29: start FollowerState
2019-10-21 19:12:47,117 [grpc-default-executor-5] INFO  impl.RoleInfo (RoleInfo.java:shutdownFollowerState(121)) - 1b813ef4-47a4-4bfc-8eb5-c34ae440adb1: shutdown FollowerState
2019-10-21 19:12:47,118 [grpc-default-executor-5] INFO  impl.RoleInfo (RoleInfo.java:updateAndGet(143)) - 1b813ef4-47a4-4bfc-8eb5-c34ae440adb1: start FollowerState
2019-10-21 19:12:47,118 [Thread-674] INFO  impl.FollowerState (FollowerState.java:run(117)) - 1b813ef4-47a4-4bfc-8eb5-c34ae440adb1@group-73E40DF2990B-FollowerState was interrupted: java.lang.InterruptedException: sleep interrupted
2019-10-21 19:12:47,135 [f2627371-a904-4314-a836-5eb8f54559ec@group-73E40DF2990B-LeaderElection70] INFO  impl.LeaderElection (LeaderElection.java:logAndReturn(56)) - f2627371-a904-4314-a836-5eb8f54559ec@group-73E40DF2990B-LeaderElection70: Election REJECTED; received 2 response(s) [f2627371-a904-4314-a836-5eb8f54559ec<-e6a83585-83d0-4616-a3d5-866875ad8a29#0:FAIL-t74, f2627371-a904-4314-a836-5eb8f54559ec<-1b813ef4-47a4-4bfc-8eb5-c34ae440adb1#0:FAIL-t74] and 0 exception(s); f2627371-a904-4314-a836-5eb8f54559ec@group-73E40DF2990B:t74, leader=null, voted=f2627371-a904-4314-a836-5eb8f54559ec, raftlog=f2627371-a904-4314-a836-5eb8f54559ec@group-73E40DF2990B-SegmentedRaftLog:OPENED:c-1,f-1,i0, conf=-1: [e6a83585-83d0-4616-a3d5-866875ad8a29:192.168.34.32:46159, f2627371-a904-4314-a836-5eb8f54559ec:192.168.34.32:33224, 1b813ef4-47a4-4bfc-8eb5-c34ae440adb1:192.168.34.32:36113], old=null
2019-10-21 19:12:47,136 [f2627371-a904-4314-a836-5eb8f54559ec@group-73E40DF2990B-LeaderElection70] INFO  impl.RaftServerImpl (RaftServerImpl.java:setRole(184)) - f2627371-a904-4314-a836-5eb8f54559ec@group-73E40DF2990B: changes role from CANDIDATE to FOLLOWER at term 74 for DISCOVERED_A_NEW_TERM
2019-10-21 19:12:47,136 [f2627371-a904-4314-a836-5eb8f54559ec@group-73E40DF2990B-LeaderElection70] INFO  impl.RoleInfo (RoleInfo.java:shutdownLeaderElection(134)) - f2627371-a904-4314-a836-5eb8f54559ec: shutdown LeaderElection
2019-10-21 19:12:47,136 [f2627371-a904-4314-a836-5eb8f54559ec@group-73E40DF2990B-LeaderElection70] INFO  impl.RoleInfo (RoleInfo.java:updateAndGet(143)) - f2627371-a904-4314-a836-5eb8f54559ec: start FollowerState
2019-10-21 19:12:47,173 [Thread-683] INFO  impl.FollowerState (FollowerState.java:run(108)) - f2627371-a904-4314-a836-5eb8f54559ec@group-73E40DF2990B-FollowerState: change to CANDIDATE, lastRpcTime:37ms, electionTimeout:37ms
2019-10-21 19:12:47,174 [Thread-683] INFO  impl.RoleInfo (RoleInfo.java:shutdownFollowerState(121)) - f2627371-a904-4314-a836-5eb8f54559ec: shutdown FollowerState
2019-10-21 19:12:47,174 [Thread-683] INFO  impl.RaftServerImpl (RaftServerImpl.java:setRole(184)) - f2627371-a904-4314-a836-5eb8f54559ec@group-73E40DF2990B: changes role from  FOLLOWER to CANDIDATE at term 74 for changeToCandidate
2019-10-21 19:12:47,174 [Thread-683] INFO  impl.RoleInfo (RoleInfo.java:updateAndGet(143)) - f2627371-a904-4314-a836-5eb8f54559ec: start LeaderElection
2019-10-21 19:12:47,187 [f2627371-a904-4314-a836-5eb8f54559ec@group-73E40DF2990B-LeaderElection71] INFO  impl.LeaderElection (LeaderElection.java:askForVotes(178)) - f2627371-a904-4314-a836-5eb8f54559ec@group-73E40DF2990B-LeaderElection71: begin an election at term 75 for -1: [e6a83585-83d0-4616-a3d5-866875ad8a29:192.168.34.32:46159, f2627371-a904-4314-a836-5eb8f54559ec:192.168.34.32:33224, 1b813ef4-47a4-4bfc-8eb5-c34ae440adb1:192.168.34.32:36113], old=null
2019-10-21 19:12:47,190 [grpc-default-executor-1] INFO  impl.RaftServerImpl (RaftServerImpl.java:setRole(184)) - e6a83585-83d0-4616-a3d5-866875ad8a29@group-73E40DF2990B: changes role from  FOLLOWER to FOLLOWER at term 75 for recognizeCandidate:f2627371-a904-4314-a836-5eb8f54559ec
2019-10-21 19:12:47,190 [grpc-default-executor-0] INFO  impl.RaftServerImpl (RaftServerImpl.java:setRole(184)) - 1b813ef4-47a4-4bfc-8eb5-c34ae440adb1@group-73E40DF2990B: changes role from  FOLLOWER to FOLLOWER at term 75 for recognizeCandidate:f2627371-a904-4314-a836-5eb8f54559ec
2019-10-21 19:12:47,191 [grpc-default-executor-1] INFO  impl.RoleInfo (RoleInfo.java:shutdownFollowerState(121)) - e6a83585-83d0-4616-a3d5-866875ad8a29: shutdown FollowerState
2019-10-21 19:12:47,191 [grpc-default-executor-0] INFO  impl.RoleInfo (RoleInfo.java:shutdownFollowerState(121)) - 1b813ef4-47a4-4bfc-8eb5-c34ae440adb1: shutdown FollowerState
2019-10-21 19:12:47,191 [Thread-679] INFO  impl.FollowerState (FollowerState.java:run(117)) - e6a83585-83d0-4616-a3d5-866875ad8a29@group-73E40DF2990B-FollowerState was interrupted: java.lang.InterruptedException: sleep interrupted
2019-10-21 19:12:47,191 [grpc-default-executor-1] INFO  impl.RoleInfo (RoleInfo.java:updateAndGet(143)) - e6a83585-83d0-4616-a3d5-866875ad8a29: start FollowerState
2019-10-21 19:12:47,191 [Thread-680] INFO  impl.FollowerState (FollowerState.java:run(117)) - 1b813ef4-47a4-4bfc-8eb5-c34ae440adb1@group-73E40DF2990B-FollowerState was interrupted: java.lang.InterruptedException: sleep interrupted
2019-10-21 19:12:47,191 [grpc-default-executor-0] INFO  impl.RoleInfo (RoleInfo.java:updateAndGet(143)) - 1b813ef4-47a4-4bfc-8eb5-c34ae440adb1: start FollowerState
2019-10-21 19:12:47,207 [f2627371-a904-4314-a836-5eb8f54559ec@group-73E40DF2990B-LeaderElection71] INFO  impl.LeaderElection (LeaderElection.java:logAndReturn(56)) - f2627371-a904-4314-a836-5eb8f54559ec@group-73E40DF2990B-LeaderElection71: Election REJECTED; received 2 response(s) [f2627371-a904-4314-a836-5eb8f54559ec<-e6a83585-83d0-4616-a3d5-866875ad8a29#0:FAIL-t75, f2627371-a904-4314-a836-5eb8f54559ec<-1b813ef4-47a4-4bfc-8eb5-c34ae440adb1#0:FAIL-t75] and 0 exception(s); f2627371-a904-4314-a836-5eb8f54559ec@group-73E40DF2990B:t75, leader=null, voted=f2627371-a904-4314-a836-5eb8f54559ec, raftlog=f2627371-a904-4314-a836-5eb8f54559ec@group-73E40DF2990B-SegmentedRaftLog:OPENED:c-1,f-1,i0, conf=-1: [e6a83585-83d0-4616-a3d5-866875ad8a29:192.168.34.32:46159, f2627371-a904-4314-a836-5eb8f54559ec:192.168.34.32:33224, 1b813ef4-47a4-4bfc-8eb5-c34ae440adb1:192.168.34.32:36113], old=null
2019-10-21 19:12:47,207 [f2627371-a904-4314-a836-5eb8f54559ec@group-73E40DF2990B-LeaderElection71] INFO  impl.RaftServerImpl (RaftServerImpl.java:setRole(184)) - f2627371-a904-4314-a836-5eb8f54559ec@group-73E40DF2990B: changes role from CANDIDATE to FOLLOWER at term 75 for DISCOVERED_A_NEW_TERM
2019-10-21 19:12:47,207 [f2627371-a904-4314-a836-5eb8f54559ec@group-73E40DF2990B-LeaderElection71] INFO  impl.RoleInfo (RoleInfo.java:shutdownLeaderElection(134)) - f2627371-a904-4314-a836-5eb8f54559ec: shutdown LeaderElection
2019-10-21 19:12:47,207 [f2627371-a904-4314-a836-5eb8f54559ec@group-73E40DF2990B-LeaderElection71] INFO  impl.RoleInfo (RoleInfo.java:updateAndGet(143)) - f2627371-a904-4314-a836-5eb8f54559ec: start FollowerState
2019-10-21 19:12:47,394 [Thread-689] INFO  impl.FollowerState (FollowerState.java:run(108)) - f2627371-a904-4314-a836-5eb8f54559ec@group-73E40DF2990B-FollowerState: change to CANDIDATE, lastRpcTime:186ms, electionTimeout:186ms
2019-10-21 19:12:47,394 [Thread-689] INFO  impl.RoleInfo (RoleInfo.java:shutdownFollowerState(121)) - f2627371-a904-4314-a836-5eb8f54559ec: shutdown FollowerState
2019-10-21 19:12:47,394 [Thread-689] INFO  impl.RaftServerImpl (RaftServerImpl.java:setRole(184)) - f2627371-a904-4314-a836-5eb8f54559ec@group-73E40DF2990B: changes role from  FOLLOWER to CANDIDATE at term 75 for changeToCandidate
2019-10-21 19:12:47,394 [Thread-689] INFO  impl.RoleInfo (RoleInfo.java:updateAndGet(143)) - f2627371-a904-4314-a836-5eb8f54559ec: start LeaderElection
2019-10-21 19:12:47,408 [f2627371-a904-4314-a836-5eb8f54559ec@group-73E40DF2990B-LeaderElection72] INFO  impl.LeaderElection (LeaderElection.java:askForVotes(178)) - f2627371-a904-4314-a836-5eb8f54559ec@group-73E40DF2990B-LeaderElection72: begin an election at term 76 for -1: [e6a83585-83d0-4616-a3d5-866875ad8a29:192.168.34.32:46159, f2627371-a904-4314-a836-5eb8f54559ec:192.168.34.32:33224, 1b813ef4-47a4-4bfc-8eb5-c34ae440adb1:192.168.34.32:36113], old=null
2019-10-21 19:12:47,411 [grpc-default-executor-0] INFO  impl.RaftServerImpl (RaftServerImpl.java:setRole(184)) - 1b813ef4-47a4-4bfc-8eb5-c34ae440adb1@group-73E40DF2990B: changes role from  FOLLOWER to FOLLOWER at term 76 for recognizeCandidate:f2627371-a904-4314-a836-5eb8f54559ec
2019-10-21 19:12:47,411 [grpc-default-executor-0] INFO  impl.RoleInfo (RoleInfo.java:shutdownFollowerState(121)) - 1b813ef4-47a4-4bfc-8eb5-c34ae440adb1: shutdown FollowerState
2019-10-21 19:12:47,411 [grpc-default-executor-1] INFO  impl.RaftServerImpl (RaftServerImpl.java:setRole(184)) - e6a83585-83d0-4616-a3d5-866875ad8a29@group-73E40DF2990B: changes role from  FOLLOWER to FOLLOWER at term 76 for recognizeCandidate:f2627371-a904-4314-a836-5eb8f54559ec
2019-10-21 19:12:47,412 [Thread-688] INFO  impl.FollowerState (FollowerState.java:run(117)) - 1b813ef4-47a4-4bfc-8eb5-c34ae440adb1@group-73E40DF2990B-FollowerState was interrupted: java.lang.InterruptedException: sleep interrupted
2019-10-21 19:12:47,412 [grpc-default-executor-0] INFO  impl.RoleInfo (RoleInfo.java:updateAndGet(143)) - 1b813ef4-47a4-4bfc-8eb5-c34ae440adb1: start FollowerState
2019-10-21 19:12:47,412 [grpc-default-executor-1] INFO  impl.RoleInfo (RoleInfo.java:shutdownFollowerState(121)) - e6a83585-83d0-4616-a3d5-866875ad8a29: shutdown FollowerState
2019-10-21 19:12:47,412 [grpc-default-executor-1] INFO  impl.RoleInfo (RoleInfo.java:updateAndGet(143)) - e6a83585-83d0-4616-a3d5-866875ad8a29: start FollowerState
2019-10-21 19:12:47,412 [Thread-687] INFO  impl.FollowerState (FollowerState.java:run(117)) - e6a83585-83d0-4616-a3d5-866875ad8a29@group-73E40DF2990B-FollowerState was interrupted: java.lang.InterruptedException: sleep interrupted
2019-10-21 19:12:47,427 [f2627371-a904-4314-a836-5eb8f54559ec@group-73E40DF2990B-LeaderElection72] INFO  impl.LeaderElection (LeaderElection.java:logAndReturn(56)) - f2627371-a904-4314-a836-5eb8f54559ec@group-73E40DF2990B-LeaderElection72: Election REJECTED; received 2 response(s) [f2627371-a904-4314-a836-5eb8f54559ec<-e6a83585-83d0-4616-a3d5-866875ad8a29#0:FAIL-t76, f2627371-a904-4314-a836-5eb8f54559ec<-1b813ef4-47a4-4bfc-8eb5-c34ae440adb1#0:FAIL-t76] and 0 exception(s); f2627371-a904-4314-a836-5eb8f54559ec@group-73E40DF2990B:t76, leader=null, voted=f2627371-a904-4314-a836-5eb8f54559ec, raftlog=f2627371-a904-4314-a836-5eb8f54559ec@group-73E40DF2990B-SegmentedRaftLog:OPENED:c-1,f-1,i0, conf=-1: [e6a83585-83d0-4616-a3d5-866875ad8a29:192.168.34.32:46159, f2627371-a904-4314-a836-5eb8f54559ec:192.168.34.32:33224, 1b813ef4-47a4-4bfc-8eb5-c34ae440adb1:192.168.34.32:36113], old=null
2019-10-21 19:12:47,428 [f2627371-a904-4314-a836-5eb8f54559ec@group-73E40DF2990B-LeaderElection72] INFO  impl.RaftServerImpl (RaftServerImpl.java:setRole(184)) - f2627371-a904-4314-a836-5eb8f54559ec@group-73E40DF2990B: changes role from CANDIDATE to FOLLOWER at term 76 for DISCOVERED_A_NEW_TERM
2019-10-21 19:12:47,428 [f2627371-a904-4314-a836-5eb8f54559ec@group-73E40DF2990B-LeaderElection72] INFO  impl.RoleInfo (RoleInfo.java:shutdownLeaderElection(134)) - f2627371-a904-4314-a836-5eb8f54559ec: shutdown LeaderElection
2019-10-21 19:12:47,428 [f2627371-a904-4314-a836-5eb8f54559ec@group-73E40DF2990B-LeaderElection72] INFO  impl.RoleInfo (RoleInfo.java:updateAndGet(143)) - f2627371-a904-4314-a836-5eb8f54559ec: start FollowerState
2019-10-21 19:12:47,603 [Thread-696] INFO  impl.FollowerState (FollowerState.java:run(108)) - f2627371-a904-4314-a836-5eb8f54559ec@group-73E40DF2990B-FollowerState: change to CANDIDATE, lastRpcTime:175ms, electionTimeout:175ms
2019-10-21 19:12:47,603 [Thread-696] INFO  impl.RoleInfo (RoleInfo.java:shutdownFollowerState(121)) - f2627371-a904-4314-a836-5eb8f54559ec: shutdown FollowerState
2019-10-21 19:12:47,604 [Thread-696] INFO  impl.RaftServerImpl (RaftServerImpl.java:setRole(184)) - f2627371-a904-4314-a836-5eb8f54559ec@group-73E40DF2990B: changes role from  FOLLOWER to CANDIDATE at term 76 for changeToCandidate
2019-10-21 19:12:47,604 [Thread-696] INFO  impl.RoleInfo (RoleInfo.java:updateAndGet(143)) - f2627371-a904-4314-a836-5eb8f54559ec: start LeaderElection
2019-10-21 19:12:47,618 [f2627371-a904-4314-a836-5eb8f54559ec@group-73E40DF2990B-LeaderElection73] INFO  impl.LeaderElection (LeaderElection.java:askForVotes(178)) - f2627371-a904-4314-a836-5eb8f54559ec@group-73E40DF2990B-LeaderElection73: begin an election at term 77 for -1: [e6a83585-83d0-4616-a3d5-866875ad8a29:192.168.34.32:46159, f2627371-a904-4314-a836-5eb8f54559ec:192.168.34.32:33224, 1b813ef4-47a4-4bfc-8eb5-c34ae440adb1:192.168.34.32:36113], old=null
2019-10-21 19:12:47,621 [grpc-default-executor-1] INFO  impl.RaftServerImpl (RaftServerImpl.java:setRole(184)) - e6a83585-83d0-4616-a3d5-866875ad8a29@group-73E40DF2990B: changes role from  FOLLOWER to FOLLOWER at term 77 for recognizeCandidate:f2627371-a904-4314-a836-5eb8f54559ec
2019-10-21 19:12:47,621 [grpc-default-executor-1] INFO  impl.RoleInfo (RoleInfo.java:shutdownFollowerState(121)) - e6a83585-83d0-4616-a3d5-866875ad8a29: shutdown FollowerState
2019-10-21 19:12:47,621 [grpc-default-executor-0] INFO  impl.RaftServerImpl (RaftServerImpl.java:setRole(184)) - 1b813ef4-47a4-4bfc-8eb5-c34ae440adb1@group-73E40DF2990B: changes role from  FOLLOWER to FOLLOWER at term 77 for recognizeCandidate:f2627371-a904-4314-a836-5eb8f54559ec
2019-10-21 19:12:47,621 [Thread-695] INFO  impl.FollowerState (FollowerState.java:run(117)) - e6a83585-83d0-4616-a3d5-866875ad8a29@group-73E40DF2990B-FollowerState was interrupted: java.lang.InterruptedException: sleep interrupted
2019-10-21 19:12:47,621 [grpc-default-executor-1] INFO  impl.RoleInfo (RoleInfo.java:updateAndGet(143)) - e6a83585-83d0-4616-a3d5-866875ad8a29: start FollowerState
2019-10-21 19:12:47,621 [grpc-default-executor-0] INFO  impl.RoleInfo (RoleInfo.java:shutdownFollowerState(121)) - 1b813ef4-47a4-4bfc-8eb5-c34ae440adb1: shutdown FollowerState
2019-10-21 19:12:47,622 [grpc-default-executor-0] INFO  impl.RoleInfo (RoleInfo.java:updateAndGet(143)) - 1b813ef4-47a4-4bfc-8eb5-c34ae440adb1: start FollowerState
2019-10-21 19:12:47,622 [Thread-694] INFO  impl.FollowerState (FollowerState.java:run(117)) - 1b813ef4-47a4-4bfc-8eb5-c34ae440adb1@group-73E40DF2990B-FollowerState was interrupted: java.lang.InterruptedException: sleep interrupted
2019-10-21 19:12:47,637 [f2627371-a904-4314-a836-5eb8f54559ec@group-73E40DF2990B-LeaderElection73] INFO  impl.LeaderElection (LeaderElection.java:logAndReturn(56)) - f2627371-a904-4314-a836-5eb8f54559ec@group-73E40DF2990B-LeaderElection73: Election REJECTED; received 2 response(s) [f2627371-a904-4314-a836-5eb8f54559ec<-e6a83585-83d0-4616-a3d5-866875ad8a29#0:FAIL-t77, f2627371-a904-4314-a836-5eb8f54559ec<-1b813ef4-47a4-4bfc-8eb5-c34ae440adb1#0:FAIL-t77] and 0 exception(s); f2627371-a904-4314-a836-5eb8f54559ec@group-73E40DF2990B:t77, leader=null, voted=f2627371-a904-4314-a836-5eb8f54559ec, raftlog=f2627371-a904-4314-a836-5eb8f54559ec@group-73E40DF2990B-SegmentedRaftLog:OPENED:c-1,f-1,i0, conf=-1: [e6a83585-83d0-4616-a3d5-866875ad8a29:192.168.34.32:46159, f2627371-a904-4314-a836-5eb8f54559ec:192.168.34.32:33224, 1b813ef4-47a4-4bfc-8eb5-c34ae440adb1:192.168.34.32:36113], old=null
2019-10-21 19:12:47,638 [f2627371-a904-4314-a836-5eb8f54559ec@group-73E40DF2990B-LeaderElection73] INFO  impl.RaftServerImpl (RaftServerImpl.java:setRole(184)) - f2627371-a904-4314-a836-5eb8f54559ec@group-73E40DF2990B: changes role from CANDIDATE to FOLLOWER at term 77 for DISCOVERED_A_NEW_TERM
2019-10-21 19:12:47,638 [f2627371-a904-4314-a836-5eb8f54559ec@group-73E40DF2990B-LeaderElection73] INFO  impl.RoleInfo (RoleInfo.java:shutdownLeaderElection(134)) - f2627371-a904-4314-a836-5eb8f54559ec: shutdown LeaderElection
2019-10-21 19:12:47,638 [f2627371-a904-4314-a836-5eb8f54559ec@group-73E40DF2990B-LeaderElection73] INFO  impl.RoleInfo (RoleInfo.java:updateAndGet(143)) - f2627371-a904-4314-a836-5eb8f54559ec: start FollowerState
2019-10-21 19:12:47,790 [Thread-702] INFO  impl.FollowerState (FollowerState.java:run(108)) - f2627371-a904-4314-a836-5eb8f54559ec@group-73E40DF2990B-FollowerState: change to CANDIDATE, lastRpcTime:152ms, electionTimeout:152ms
2019-10-21 19:12:47,790 [Thread-702] INFO  impl.RoleInfo (RoleInfo.java:shutdownFollowerState(121)) - f2627371-a904-4314-a836-5eb8f54559ec: shutdown FollowerState
2019-10-21 19:12:47,791 [Thread-702] INFO  impl.RaftServerImpl (RaftServerImpl.java:setRole(184)) - f2627371-a904-4314-a836-5eb8f54559ec@group-73E40DF2990B: changes role from  FOLLOWER to CANDIDATE at term 77 for changeToCandidate
2019-10-21 19:12:47,791 [Thread-702] INFO  impl.RoleInfo (RoleInfo.java:updateAndGet(143)) - f2627371-a904-4314-a836-5eb8f54559ec: start LeaderElection
2019-10-21 19:12:47,805 [f2627371-a904-4314-a836-5eb8f54559ec@group-73E40DF2990B-LeaderElection74] INFO  impl.LeaderElection (LeaderElection.java:askForVotes(178)) - f2627371-a904-4314-a836-5eb8f54559ec@group-73E40DF2990B-LeaderElection74: begin an election at term 78 for -1: [e6a83585-83d0-4616-a3d5-866875ad8a29:192.168.34.32:46159, f2627371-a904-4314-a836-5eb8f54559ec:192.168.34.32:33224, 1b813ef4-47a4-4bfc-8eb5-c34ae440adb1:192.168.34.32:36113], old=null
2019-10-21 19:12:47,807 [grpc-default-executor-0] INFO  impl.RaftServerImpl (RaftServerImpl.java:setRole(184)) - e6a83585-83d0-4616-a3d5-866875ad8a29@group-73E40DF2990B: changes role from  FOLLOWER to FOLLOWER at term 78 for recognizeCandidate:f2627371-a904-4314-a836-5eb8f54559ec
2019-10-21 19:12:47,807 [grpc-default-executor-0] INFO  impl.RoleInfo (RoleInfo.java:shutdownFollowerState(121)) - e6a83585-83d0-4616-a3d5-866875ad8a29: shutdown FollowerState
2019-10-21 19:12:47,808 [grpc-default-executor-0] INFO  impl.RoleInfo (RoleInfo.java:updateAndGet(143)) - e6a83585-83d0-4616-a3d5-866875ad8a29: start FollowerState
2019-10-21 19:12:47,808 [Thread-700] INFO  impl.FollowerState (FollowerState.java:run(117)) - e6a83585-83d0-4616-a3d5-866875ad8a29@group-73E40DF2990B-FollowerState was interrupted: java.lang.InterruptedException: sleep interrupted
2019-10-21 19:12:47,808 [grpc-default-executor-1] INFO  impl.RaftServerImpl (RaftServerImpl.java:setRole(184)) - 1b813ef4-47a4-4bfc-8eb5-c34ae440adb1@group-73E40DF2990B: changes role from  FOLLOWER to FOLLOWER at term 78 for recognizeCandidate:f2627371-a904-4314-a836-5eb8f54559ec
2019-10-21 19:12:47,808 [grpc-default-executor-1] INFO  impl.RoleInfo (RoleInfo.java:shutdownFollowerState(121)) - 1b813ef4-47a4-4bfc-8eb5-c34ae440adb1: shutdown FollowerState
2019-10-21 19:12:47,808 [grpc-default-executor-1] INFO  impl.RoleInfo (RoleInfo.java:updateAndGet(143)) - 1b813ef4-47a4-4bfc-8eb5-c34ae440adb1: start FollowerState
2019-10-21 19:12:47,809 [Thread-701] INFO  impl.FollowerState (FollowerState.java:run(117)) - 1b813ef4-47a4-4bfc-8eb5-c34ae440adb1@group-73E40DF2990B-FollowerState was interrupted: java.lang.InterruptedException: sleep interrupted
2019-10-21 19:12:47,822 [f2627371-a904-4314-a836-5eb8f54559ec@group-73E40DF2990B-LeaderElection74] INFO  impl.LeaderElection (LeaderElection.java:logAndReturn(56)) - f2627371-a904-4314-a836-5eb8f54559ec@group-73E40DF2990B-LeaderElection74: Election REJECTED; received 2 response(s) [f2627371-a904-4314-a836-5eb8f54559ec<-e6a83585-83d0-4616-a3d5-866875ad8a29#0:FAIL-t78, f2627371-a904-4314-a836-5eb8f54559ec<-1b813ef4-47a4-4bfc-8eb5-c34ae440adb1#0:FAIL-t78] and 0 exception(s); f2627371-a904-4314-a836-5eb8f54559ec@group-73E40DF2990B:t78, leader=null, voted=f2627371-a904-4314-a836-5eb8f54559ec, raftlog=f2627371-a904-4314-a836-5eb8f54559ec@group-73E40DF2990B-SegmentedRaftLog:OPENED:c-1,f-1,i0, conf=-1: [e6a83585-83d0-4616-a3d5-866875ad8a29:192.168.34.32:46159, f2627371-a904-4314-a836-5eb8f54559ec:192.168.34.32:33224, 1b813ef4-47a4-4bfc-8eb5-c34ae440adb1:192.168.34.32:36113], old=null
2019-10-21 19:12:47,823 [f2627371-a904-4314-a836-5eb8f54559ec@group-73E40DF2990B-LeaderElection74] INFO  impl.RaftServerImpl (RaftServerImpl.java:setRole(184)) - f2627371-a904-4314-a836-5eb8f54559ec@group-73E40DF2990B: changes role from CANDIDATE to FOLLOWER at term 78 for DISCOVERED_A_NEW_TERM
2019-10-21 19:12:47,823 [f2627371-a904-4314-a836-5eb8f54559ec@group-73E40DF2990B-LeaderElection74] INFO  impl.RoleInfo (RoleInfo.java:shutdownLeaderElection(134)) - f2627371-a904-4314-a836-5eb8f54559ec: shutdown LeaderElection
2019-10-21 19:12:47,824 [f2627371-a904-4314-a836-5eb8f54559ec@group-73E40DF2990B-LeaderElection74] INFO  impl.RoleInfo (RoleInfo.java:updateAndGet(143)) - f2627371-a904-4314-a836-5eb8f54559ec: start FollowerState
2019-10-21 19:12:47,980 [Thread-708] INFO  impl.FollowerState (FollowerState.java:run(108)) - f2627371-a904-4314-a836-5eb8f54559ec@group-73E40DF2990B-FollowerState: change to CANDIDATE, lastRpcTime:156ms, electionTimeout:156ms
2019-10-21 19:12:47,980 [Thread-708] INFO  impl.RoleInfo (RoleInfo.java:shutdownFollowerState(121)) - f2627371-a904-4314-a836-5eb8f54559ec: shutdown FollowerState
2019-10-21 19:12:47,981 [Thread-708] INFO  impl.RaftServerImpl (RaftServerImpl.java:setRole(184)) - f2627371-a904-4314-a836-5eb8f54559ec@group-73E40DF2990B: changes role from  FOLLOWER to CANDIDATE at term 78 for changeToCandidate
2019-10-21 19:12:47,981 [Thread-708] INFO  impl.RoleInfo (RoleInfo.java:updateAndGet(143)) - f2627371-a904-4314-a836-5eb8f54559ec: start LeaderElection
2019-10-21 19:12:47,995 [f2627371-a904-4314-a836-5eb8f54559ec@group-73E40DF2990B-LeaderElection75] INFO  impl.LeaderElection (LeaderElection.java:askForVotes(178)) - f2627371-a904-4314-a836-5eb8f54559ec@group-73E40DF2990B-LeaderElection75: begin an election at term 79 for -1: [e6a83585-83d0-4616-a3d5-866875ad8a29:192.168.34.32:46159, f2627371-a904-4314-a836-5eb8f54559ec:192.168.34.32:33224, 1b813ef4-47a4-4bfc-8eb5-c34ae440adb1:192.168.34.32:36113], old=null
2019-10-21 19:12:47,998 [grpc-default-executor-1] INFO  impl.RaftServerImpl (RaftServerImpl.java:setRole(184)) - 1b813ef4-47a4-4bfc-8eb5-c34ae440adb1@group-73E40DF2990B: changes role from  FOLLOWER to FOLLOWER at term 79 for recognizeCandidate:f2627371-a904-4314-a836-5eb8f54559ec
2019-10-21 19:12:47,998 [grpc-default-executor-0] INFO  impl.RaftServerImpl (RaftServerImpl.java:setRole(184)) - e6a83585-83d0-4616-a3d5-866875ad8a29@group-73E40DF2990B: changes role from  FOLLOWER to FOLLOWER at term 79 for recognizeCandidate:f2627371-a904-4314-a836-5eb8f54559ec
2019-10-21 19:12:47,998 [grpc-default-executor-1] INFO  impl.RoleInfo (RoleInfo.java:shutdownFollowerState(121)) - 1b813ef4-47a4-4bfc-8eb5-c34ae440adb1: shutdown FollowerState
2019-10-21 19:12:47,999 [grpc-default-executor-0] INFO  impl.RoleInfo (RoleInfo.java:shutdownFollowerState(121)) - e6a83585-83d0-4616-a3d5-866875ad8a29: shutdown FollowerState
2019-10-21 19:12:47,999 [Thread-707] INFO  impl.FollowerState (FollowerState.java:run(117)) - 1b813ef4-47a4-4bfc-8eb5-c34ae440adb1@group-73E40DF2990B-FollowerState was interrupted: java.lang.InterruptedException: sleep interrupted
2019-10-21 19:12:47,999 [grpc-default-executor-1] INFO  impl.RoleInfo (RoleInfo.java:updateAndGet(143)) - 1b813ef4-47a4-4bfc-8eb5-c34ae440adb1: start FollowerState
2019-10-21 19:12:47,999 [Thread-706] INFO  impl.FollowerState (FollowerState.java:run(117)) - e6a83585-83d0-4616-a3d5-866875ad8a29@group-73E40DF2990B-FollowerState was interrupted: java.lang.InterruptedException: sleep interrupted
2019-10-21 19:12:47,999 [grpc-default-executor-0] INFO  impl.RoleInfo (RoleInfo.java:updateAndGet(143)) - e6a83585-83d0-4616-a3d5-866875ad8a29: start FollowerState
2019-10-21 19:12:48,015 [f2627371-a904-4314-a836-5eb8f54559ec@group-73E40DF2990B-LeaderElection75] INFO  impl.LeaderElection (LeaderElection.java:logAndReturn(56)) - f2627371-a904-4314-a836-5eb8f54559ec@group-73E40DF2990B-LeaderElection75: Election REJECTED; received 2 response(s) [f2627371-a904-4314-a836-5eb8f54559ec<-e6a83585-83d0-4616-a3d5-866875ad8a29#0:FAIL-t79, f2627371-a904-4314-a836-5eb8f54559ec<-1b813ef4-47a4-4bfc-8eb5-c34ae440adb1#0:FAIL-t79] and 0 exception(s); f2627371-a904-4314-a836-5eb8f54559ec@group-73E40DF2990B:t79, leader=null, voted=f2627371-a904-4314-a836-5eb8f54559ec, raftlog=f2627371-a904-4314-a836-5eb8f54559ec@group-73E40DF2990B-SegmentedRaftLog:OPENED:c-1,f-1,i0, conf=-1: [e6a83585-83d0-4616-a3d5-866875ad8a29:192.168.34.32:46159, f2627371-a904-4314-a836-5eb8f54559ec:192.168.34.32:33224, 1b813ef4-47a4-4bfc-8eb5-c34ae440adb1:192.168.34.32:36113], old=null
2019-10-21 19:12:48,015 [f2627371-a904-4314-a836-5eb8f54559ec@group-73E40DF2990B-LeaderElection75] INFO  impl.RaftServerImpl (RaftServerImpl.java:setRole(184)) - f2627371-a904-4314-a836-5eb8f54559ec@group-73E40DF2990B: changes role from CANDIDATE to FOLLOWER at term 79 for DISCOVERED_A_NEW_TERM
2019-10-21 19:12:48,016 [f2627371-a904-4314-a836-5eb8f54559ec@group-73E40DF2990B-LeaderElection75] INFO  impl.RoleInfo (RoleInfo.java:shutdownLeaderElection(134)) - f2627371-a904-4314-a836-5eb8f54559ec: shutdown LeaderElection
2019-10-21 19:12:48,016 [f2627371-a904-4314-a836-5eb8f54559ec@group-73E40DF2990B-LeaderElection75] INFO  impl.RoleInfo (RoleInfo.java:updateAndGet(143)) - f2627371-a904-4314-a836-5eb8f54559ec: start FollowerState
2019-10-21 19:12:48,047 [Thread-714] INFO  impl.FollowerState (FollowerState.java:run(108)) - f2627371-a904-4314-a836-5eb8f54559ec@group-73E40DF2990B-FollowerState: change to CANDIDATE, lastRpcTime:31ms, electionTimeout:31ms
2019-10-21 19:12:48,047 [Thread-714] INFO  impl.RoleInfo (RoleInfo.java:shutdownFollowerState(121)) - f2627371-a904-4314-a836-5eb8f54559ec: shutdown FollowerState
2019-10-21 19:12:48,048 [Thread-714] INFO  impl.RaftServerImpl (RaftServerImpl.java:setRole(184)) - f2627371-a904-4314-a836-5eb8f54559ec@group-73E40DF2990B: changes role from  FOLLOWER to CANDIDATE at term 79 for changeToCandidate
2019-10-21 19:12:48,048 [Thread-714] INFO  impl.RoleInfo (RoleInfo.java:updateAndGet(143)) - f2627371-a904-4314-a836-5eb8f54559ec: start LeaderElection
2019-10-21 19:12:48,062 [f2627371-a904-4314-a836-5eb8f54559ec@group-73E40DF2990B-LeaderElection76] INFO  impl.LeaderElection (LeaderElection.java:askForVotes(178)) - f2627371-a904-4314-a836-5eb8f54559ec@group-73E40DF2990B-LeaderElection76: begin an election at term 80 for -1: [e6a83585-83d0-4616-a3d5-866875ad8a29:192.168.34.32:46159, f2627371-a904-4314-a836-5eb8f54559ec:192.168.34.32:33224, 1b813ef4-47a4-4bfc-8eb5-c34ae440adb1:192.168.34.32:36113], old=null
2019-10-21 19:12:48,065 [grpc-default-executor-1] INFO  impl.RaftServerImpl (RaftServerImpl.java:setRole(184)) - e6a83585-83d0-4616-a3d5-866875ad8a29@group-73E40DF2990B: changes role from  FOLLOWER to FOLLOWER at term 80 for recognizeCandidate:f2627371-a904-4314-a836-5eb8f54559ec
2019-10-21 19:12:48,065 [grpc-default-executor-1] INFO  impl.RoleInfo (RoleInfo.java:shutdownFollowerState(121)) - e6a83585-83d0-4616-a3d5-866875ad8a29: shutdown FollowerState
2019-10-21 19:12:48,065 [grpc-default-executor-0] INFO  impl.RaftServerImpl (RaftServerImpl.java:setRole(184)) - 1b813ef4-47a4-4bfc-8eb5-c34ae440adb1@group-73E40DF2990B: changes role from  FOLLOWER to FOLLOWER at term 80 for recognizeCandidate:f2627371-a904-4314-a836-5eb8f54559ec
2019-10-21 19:12:48,065 [Thread-713] INFO  impl.FollowerState (FollowerState.java:run(117)) - e6a83585-83d0-4616-a3d5-866875ad8a29@group-73E40DF2990B-FollowerState was interrupted: java.lang.InterruptedException: sleep interrupted
2019-10-21 19:12:48,065 [grpc-default-executor-1] INFO  impl.RoleInfo (RoleInfo.java:updateAndGet(143)) - e6a83585-83d0-4616-a3d5-866875ad8a29: start FollowerState
2019-10-21 19:12:48,065 [grpc-default-executor-0] INFO  impl.RoleInfo (RoleInfo.java:shutdownFollowerState(121)) - 1b813ef4-47a4-4bfc-8eb5-c34ae440adb1: shutdown FollowerState
2019-10-21 19:12:48,066 [grpc-default-executor-0] INFO  impl.RoleInfo (RoleInfo.java:updateAndGet(143)) - 1b813ef4-47a4-4bfc-8eb5-c34ae440adb1: start FollowerState
2019-10-21 19:12:48,066 [Thread-712] INFO  impl.FollowerState (FollowerState.java:run(117)) - 1b813ef4-47a4-4bfc-8eb5-c34ae440adb1@group-73E40DF2990B-FollowerState was interrupted: java.lang.InterruptedException: sleep interrupted
2019-10-21 19:12:48,081 [f2627371-a904-4314-a836-5eb8f54559ec@group-73E40DF2990B-LeaderElection76] INFO  impl.LeaderElection (LeaderElection.java:logAndReturn(56)) - f2627371-a904-4314-a836-5eb8f54559ec@group-73E40DF2990B-LeaderElection76: Election REJECTED; received 2 response(s) [f2627371-a904-4314-a836-5eb8f54559ec<-e6a83585-83d0-4616-a3d5-866875ad8a29#0:FAIL-t80, f2627371-a904-4314-a836-5eb8f54559ec<-1b813ef4-47a4-4bfc-8eb5-c34ae440adb1#0:FAIL-t80] and 0 exception(s); f2627371-a904-4314-a836-5eb8f54559ec@group-73E40DF2990B:t80, leader=null, voted=f2627371-a904-4314-a836-5eb8f54559ec, raftlog=f2627371-a904-4314-a836-5eb8f54559ec@group-73E40DF2990B-SegmentedRaftLog:OPENED:c-1,f-1,i0, conf=-1: [e6a83585-83d0-4616-a3d5-866875ad8a29:192.168.34.32:46159, f2627371-a904-4314-a836-5eb8f54559ec:192.168.34.32:33224, 1b813ef4-47a4-4bfc-8eb5-c34ae440adb1:192.168.34.32:36113], old=null
2019-10-21 19:12:48,081 [f2627371-a904-4314-a836-5eb8f54559ec@group-73E40DF2990B-LeaderElection76] INFO  impl.RaftServerImpl (RaftServerImpl.java:setRole(184)) - f2627371-a904-4314-a836-5eb8f54559ec@group-73E40DF2990B: changes role from CANDIDATE to FOLLOWER at term 80 for DISCOVERED_A_NEW_TERM
2019-10-21 19:12:48,082 [f2627371-a904-4314-a836-5eb8f54559ec@group-73E40DF2990B-LeaderElection76] INFO  impl.RoleInfo (RoleInfo.java:shutdownLeaderElection(134)) - f2627371-a904-4314-a836-5eb8f54559ec: shutdown LeaderElection
2019-10-21 19:12:48,082 [f2627371-a904-4314-a836-5eb8f54559ec@group-73E40DF2990B-LeaderElection76] INFO  impl.RoleInfo (RoleInfo.java:updateAndGet(143)) - f2627371-a904-4314-a836-5eb8f54559ec: start FollowerState
2019-10-21 19:12:48,128 [Thread-720] INFO  impl.FollowerState (FollowerState.java:run(108)) - f2627371-a904-4314-a836-5eb8f54559ec@group-73E40DF2990B-FollowerState: change to CANDIDATE, lastRpcTime:46ms, electionTimeout:46ms
2019-10-21 19:12:48,128 [Thread-720] INFO  impl.RoleInfo (RoleInfo.java:shutdownFollowerState(121)) - f2627371-a904-4314-a836-5eb8f54559ec: shutdown FollowerState
2019-10-21 19:12:48,129 [Thread-720] INFO  impl.RaftServerImpl (RaftServerImpl.java:setRole(184)) - f2627371-a904-4314-a836-5eb8f54559ec@group-73E40DF2990B: changes role from  FOLLOWER to CANDIDATE at term 80 for changeToCandidate
2019-10-21 19:12:48,129 [Thread-720] INFO  impl.RoleInfo (RoleInfo.java:updateAndGet(143)) - f2627371-a904-4314-a836-5eb8f54559ec: start LeaderElection
2019-10-21 19:12:48,144 [f2627371-a904-4314-a836-5eb8f54559ec@group-73E40DF2990B-LeaderElection77] INFO  impl.LeaderElection (LeaderElection.java:askForVotes(178)) - f2627371-a904-4314-a836-5eb8f54559ec@group-73E40DF2990B-LeaderElection77: begin an election at term 81 for -1: [e6a83585-83d0-4616-a3d5-866875ad8a29:192.168.34.32:46159, f2627371-a904-4314-a836-5eb8f54559ec:192.168.34.32:33224, 1b813ef4-47a4-4bfc-8eb5-c34ae440adb1:192.168.34.32:36113], old=null
2019-10-21 19:12:48,150 [grpc-default-executor-1] INFO  impl.RaftServerImpl (RaftServerImpl.java:setRole(184)) - e6a83585-83d0-4616-a3d5-866875ad8a29@group-73E40DF2990B: changes role from  FOLLOWER to FOLLOWER at term 81 for recognizeCandidate:f2627371-a904-4314-a836-5eb8f54559ec
2019-10-21 19:12:48,150 [grpc-default-executor-1] INFO  impl.RoleInfo (RoleInfo.java:shutdownFollowerState(121)) - e6a83585-83d0-4616-a3d5-866875ad8a29: shutdown FollowerState
2019-10-21 19:12:48,150 [grpc-default-executor-1] INFO  impl.RoleInfo (RoleInfo.java:updateAndGet(143)) - e6a83585-83d0-4616-a3d5-866875ad8a29: start FollowerState
2019-10-21 19:12:48,150 [Thread-718] INFO  impl.FollowerState (FollowerState.java:run(117)) - e6a83585-83d0-4616-a3d5-866875ad8a29@group-73E40DF2990B-FollowerState was interrupted: java.lang.InterruptedException: sleep interrupted
2019-10-21 19:12:48,151 [grpc-default-executor-5] INFO  impl.RaftServerImpl (RaftServerImpl.java:setRole(184)) - 1b813ef4-47a4-4bfc-8eb5-c34ae440adb1@group-73E40DF2990B: changes role from  FOLLOWER to FOLLOWER at term 81 for recognizeCandidate:f2627371-a904-4314-a836-5eb8f54559ec
2019-10-21 19:12:48,152 [grpc-default-executor-5] INFO  impl.RoleInfo (RoleInfo.java:shutdownFollowerState(121)) - 1b813ef4-47a4-4bfc-8eb5-c34ae440adb1: shutdown FollowerState
2019-10-21 19:12:48,152 [grpc-default-executor-5] INFO  impl.RoleInfo (RoleInfo.java:updateAndGet(143)) - 1b813ef4-47a4-4bfc-8eb5-c34ae440adb1: start FollowerState
2019-10-21 19:12:48,152 [Thread-719] INFO  impl.FollowerState (FollowerState.java:run(117)) - 1b813ef4-47a4-4bfc-8eb5-c34ae440adb1@group-73E40DF2990B-FollowerState was interrupted: java.lang.InterruptedException: sleep interrupted
2019-10-21 19:12:48,159 [f2627371-a904-4314-a836-5eb8f54559ec@group-73E40DF2990B-LeaderElection77] INFO  impl.LeaderElection (LeaderElection.java:logAndReturn(56)) - f2627371-a904-4314-a836-5eb8f54559ec@group-73E40DF2990B-LeaderElection77: Election TIMEOUT; received 0 response(s) [] and 0 exception(s); f2627371-a904-4314-a836-5eb8f54559ec@group-73E40DF2990B:t81, leader=null, voted=f2627371-a904-4314-a836-5eb8f54559ec, raftlog=f2627371-a904-4314-a836-5eb8f54559ec@group-73E40DF2990B-SegmentedRaftLog:OPENED:c-1,f-1,i0, conf=-1: [e6a83585-83d0-4616-a3d5-866875ad8a29:192.168.34.32:46159, f2627371-a904-4314-a836-5eb8f54559ec:192.168.34.32:33224, 1b813ef4-47a4-4bfc-8eb5-c34ae440adb1:192.168.34.32:36113], old=null
2019-10-21 19:12:48,173 [f2627371-a904-4314-a836-5eb8f54559ec@group-73E40DF2990B-LeaderElection77] INFO  impl.LeaderElection (LeaderElection.java:askForVotes(178)) - f2627371-a904-4314-a836-5eb8f54559ec@group-73E40DF2990B-LeaderElection77: begin an election at term 82 for -1: [e6a83585-83d0-4616-a3d5-866875ad8a29:192.168.34.32:46159, f2627371-a904-4314-a836-5eb8f54559ec:192.168.34.32:33224, 1b813ef4-47a4-4bfc-8eb5-c34ae440adb1:192.168.34.32:36113], old=null
2019-10-21 19:12:48,175 [grpc-default-executor-1] INFO  impl.RaftServerImpl (RaftServerImpl.java:setRole(184)) - e6a83585-83d0-4616-a3d5-866875ad8a29@group-73E40DF2990B: changes role from  FOLLOWER to FOLLOWER at term 82 for recognizeCandidate:f2627371-a904-4314-a836-5eb8f54559ec
2019-10-21 19:12:48,175 [grpc-default-executor-1] INFO  impl.RoleInfo (RoleInfo.java:shutdownFollowerState(121)) - e6a83585-83d0-4616-a3d5-866875ad8a29: shutdown FollowerState
2019-10-21 19:12:48,175 [grpc-default-executor-1] INFO  impl.RoleInfo (RoleInfo.java:updateAndGet(143)) - e6a83585-83d0-4616-a3d5-866875ad8a29: start FollowerState
2019-10-21 19:12:48,175 [Thread-726] INFO  impl.FollowerState (FollowerState.java:run(117)) - e6a83585-83d0-4616-a3d5-866875ad8a29@group-73E40DF2990B-FollowerState was interrupted: java.lang.InterruptedException: sleep interrupted
2019-10-21 19:12:48,176 [grpc-default-executor-5] INFO  impl.RaftServerImpl (RaftServerImpl.java:setRole(184)) - 1b813ef4-47a4-4bfc-8eb5-c34ae440adb1@group-73E40DF2990B: changes role from  FOLLOWER to FOLLOWER at term 82 for recognizeCandidate:f2627371-a904-4314-a836-5eb8f54559ec
2019-10-21 19:12:48,176 [grpc-default-executor-5] INFO  impl.RoleInfo (RoleInfo.java:shutdownFollowerState(121)) - 1b813ef4-47a4-4bfc-8eb5-c34ae440adb1: shutdown FollowerState
2019-10-21 19:12:48,176 [grpc-default-executor-5] INFO  impl.RoleInfo (RoleInfo.java:updateAndGet(143)) - 1b813ef4-47a4-4bfc-8eb5-c34ae440adb1: start FollowerState
2019-10-21 19:12:48,176 [Thread-727] INFO  impl.FollowerState (FollowerState.java:run(117)) - 1b813ef4-47a4-4bfc-8eb5-c34ae440adb1@group-73E40DF2990B-FollowerState was interrupted: java.lang.InterruptedException: sleep interrupted
2019-10-21 19:12:48,191 [f2627371-a904-4314-a836-5eb8f54559ec@group-73E40DF2990B-LeaderElection77] INFO  impl.LeaderElection (LeaderElection.java:logAndReturn(56)) - f2627371-a904-4314-a836-5eb8f54559ec@group-73E40DF2990B-LeaderElection77: Election REJECTED; received 2 response(s) [f2627371-a904-4314-a836-5eb8f54559ec<-e6a83585-83d0-4616-a3d5-866875ad8a29#0:FAIL-t82, f2627371-a904-4314-a836-5eb8f54559ec<-1b813ef4-47a4-4bfc-8eb5-c34ae440adb1#0:FAIL-t82] and 0 exception(s); f2627371-a904-4314-a836-5eb8f54559ec@group-73E40DF2990B:t82, leader=null, voted=f2627371-a904-4314-a836-5eb8f54559ec, raftlog=f2627371-a904-4314-a836-5eb8f54559ec@group-73E40DF2990B-SegmentedRaftLog:OPENED:c-1,f-1,i0, conf=-1: [e6a83585-83d0-4616-a3d5-866875ad8a29:192.168.34.32:46159, f2627371-a904-4314-a836-5eb8f54559ec:192.168.34.32:33224, 1b813ef4-47a4-4bfc-8eb5-c34ae440adb1:192.168.34.32:36113], old=null
2019-10-21 19:12:48,191 [f2627371-a904-4314-a836-5eb8f54559ec@group-73E40DF2990B-LeaderElection77] INFO  impl.RaftServerImpl (RaftServerImpl.java:setRole(184)) - f2627371-a904-4314-a836-5eb8f54559ec@group-73E40DF2990B: changes role from CANDIDATE to FOLLOWER at term 82 for DISCOVERED_A_NEW_TERM
2019-10-21 19:12:48,191 [f2627371-a904-4314-a836-5eb8f54559ec@group-73E40DF2990B-LeaderElection77] INFO  impl.RoleInfo (RoleInfo.java:shutdownLeaderElection(134)) - f2627371-a904-4314-a836-5eb8f54559ec: shutdown LeaderElection
2019-10-21 19:12:48,191 [f2627371-a904-4314-a836-5eb8f54559ec@group-73E40DF2990B-LeaderElection77] INFO  impl.RoleInfo (RoleInfo.java:updateAndGet(143)) - f2627371-a904-4314-a836-5eb8f54559ec: start FollowerState
2019-10-21 19:12:48,383 [Thread-732] INFO  impl.FollowerState (FollowerState.java:run(108)) - f2627371-a904-4314-a836-5eb8f54559ec@group-73E40DF2990B-FollowerState: change to CANDIDATE, lastRpcTime:191ms, electionTimeout:191ms
2019-10-21 19:12:48,383 [Thread-732] INFO  impl.RoleInfo (RoleInfo.java:shutdownFollowerState(121)) - f2627371-a904-4314-a836-5eb8f54559ec: shutdown FollowerState
2019-10-21 19:12:48,383 [Thread-732] INFO  impl.RaftServerImpl (RaftServerImpl.java:setRole(184)) - f2627371-a904-4314-a836-5eb8f54559ec@group-73E40DF2990B: changes role from  FOLLOWER to CANDIDATE at term 82 for changeToCandidate
2019-10-21 19:12:48,383 [Thread-732] INFO  impl.RoleInfo (RoleInfo.java:updateAndGet(143)) - f2627371-a904-4314-a836-5eb8f54559ec: start LeaderElection
2019-10-21 19:12:48,398 [f2627371-a904-4314-a836-5eb8f54559ec@group-73E40DF2990B-LeaderElection78] INFO  impl.LeaderElection (LeaderElection.java:askForVotes(178)) - f2627371-a904-4314-a836-5eb8f54559ec@group-73E40DF2990B-LeaderElection78: begin an election at term 83 for -1: [e6a83585-83d0-4616-a3d5-866875ad8a29:192.168.34.32:46159, f2627371-a904-4314-a836-5eb8f54559ec:192.168.34.32:33224, 1b813ef4-47a4-4bfc-8eb5-c34ae440adb1:192.168.34.32:36113], old=null
2019-10-21 19:12:48,401 [grpc-default-executor-1] INFO  impl.RaftServerImpl (RaftServerImpl.java:setRole(184)) - e6a83585-83d0-4616-a3d5-866875ad8a29@group-73E40DF2990B: changes role from  FOLLOWER to FOLLOWER at term 83 for recognizeCandidate:f2627371-a904-4314-a836-5eb8f54559ec
2019-10-21 19:12:48,402 [grpc-default-executor-1] INFO  impl.RoleInfo (RoleInfo.java:shutdownFollowerState(121)) - e6a83585-83d0-4616-a3d5-866875ad8a29: shutdown FollowerState
2019-10-21 19:12:48,402 [grpc-default-executor-5] INFO  impl.RaftServerImpl (RaftServerImpl.java:setRole(184)) - 1b813ef4-47a4-4bfc-8eb5-c34ae440adb1@group-73E40DF2990B: changes role from  FOLLOWER to FOLLOWER at term 83 for recognizeCandidate:f2627371-a904-4314-a836-5eb8f54559ec
2019-10-21 19:12:48,402 [Thread-730] INFO  impl.FollowerState (FollowerState.java:run(117)) - e6a83585-83d0-4616-a3d5-866875ad8a29@group-73E40DF2990B-FollowerState was interrupted: java.lang.InterruptedException: sleep interrupted
2019-10-21 19:12:48,402 [grpc-default-executor-1] INFO  impl.RoleInfo (RoleInfo.java:updateAndGet(143)) - e6a83585-83d0-4616-a3d5-866875ad8a29: start FollowerState
2019-10-21 19:12:48,402 [grpc-default-executor-5] INFO  impl.RoleInfo (RoleInfo.java:shutdownFollowerState(121)) - 1b813ef4-47a4-4bfc-8eb5-c34ae440adb1: shutdown FollowerState
2019-10-21 19:12:48,403 [grpc-default-executor-5] INFO  impl.RoleInfo (RoleInfo.java:updateAndGet(143)) - 1b813ef4-47a4-4bfc-8eb5-c34ae440adb1: start FollowerState
2019-10-21 19:12:48,403 [Thread-731] INFO  impl.FollowerState (FollowerState.java:run(117)) - 1b813ef4-47a4-4bfc-8eb5-c34ae440adb1@group-73E40DF2990B-FollowerState was interrupted: java.lang.InterruptedException: sleep interrupted
2019-10-21 19:12:48,416 [f2627371-a904-4314-a836-5eb8f54559ec@group-73E40DF2990B-LeaderElection78] INFO  impl.LeaderElection (LeaderElection.java:logAndReturn(56)) - f2627371-a904-4314-a836-5eb8f54559ec@group-73E40DF2990B-LeaderElection78: Election REJECTED; received 2 response(s) [f2627371-a904-4314-a836-5eb8f54559ec<-e6a83585-83d0-4616-a3d5-866875ad8a29#0:FAIL-t83, f2627371-a904-4314-a836-5eb8f54559ec<-1b813ef4-47a4-4bfc-8eb5-c34ae440adb1#0:FAIL-t83] and 0 exception(s); f2627371-a904-4314-a836-5eb8f54559ec@group-73E40DF2990B:t83, leader=null, voted=f2627371-a904-4314-a836-5eb8f54559ec, raftlog=f2627371-a904-4314-a836-5eb8f54559ec@group-73E40DF2990B-SegmentedRaftLog:OPENED:c-1,f-1,i0, conf=-1: [e6a83585-83d0-4616-a3d5-866875ad8a29:192.168.34.32:46159, f2627371-a904-4314-a836-5eb8f54559ec:192.168.34.32:33224, 1b813ef4-47a4-4bfc-8eb5-c34ae440adb1:192.168.34.32:36113], old=null
2019-10-21 19:12:48,417 [f2627371-a904-4314-a836-5eb8f54559ec@group-73E40DF2990B-LeaderElection78] INFO  impl.RaftServerImpl (RaftServerImpl.java:setRole(184)) - f2627371-a904-4314-a836-5eb8f54559ec@group-73E40DF2990B: changes role from CANDIDATE to FOLLOWER at term 83 for DISCOVERED_A_NEW_TERM
2019-10-21 19:12:48,417 [f2627371-a904-4314-a836-5eb8f54559ec@group-73E40DF2990B-LeaderElection78] INFO  impl.RoleInfo (RoleInfo.java:shutdownLeaderElection(134)) - f2627371-a904-4314-a836-5eb8f54559ec: shutdown LeaderElection
2019-10-21 19:12:48,417 [f2627371-a904-4314-a836-5eb8f54559ec@group-73E40DF2990B-LeaderElection78] INFO  impl.RoleInfo (RoleInfo.java:updateAndGet(143)) - f2627371-a904-4314-a836-5eb8f54559ec: start FollowerState
2019-10-21 19:12:48,614 [Thread-738] INFO  impl.FollowerState (FollowerState.java:run(108)) - f2627371-a904-4314-a836-5eb8f54559ec@group-73E40DF2990B-FollowerState: change to CANDIDATE, lastRpcTime:196ms, electionTimeout:196ms
2019-10-21 19:12:48,614 [Thread-738] INFO  impl.RoleInfo (RoleInfo.java:shutdownFollowerState(121)) - f2627371-a904-4314-a836-5eb8f54559ec: shutdown FollowerState
2019-10-21 19:12:48,614 [Thread-738] INFO  impl.RaftServerImpl (RaftServerImpl.java:setRole(184)) - f2627371-a904-4314-a836-5eb8f54559ec@group-73E40DF2990B: changes role from  FOLLOWER to CANDIDATE at term 83 for changeToCandidate
2019-10-21 19:12:48,614 [Thread-738] INFO  impl.RoleInfo (RoleInfo.java:updateAndGet(143)) - f2627371-a904-4314-a836-5eb8f54559ec: start LeaderElection
2019-10-21 19:12:48,629 [f2627371-a904-4314-a836-5eb8f54559ec@group-73E40DF2990B-LeaderElection79] INFO  impl.LeaderElection (LeaderElection.java:askForVotes(178)) - f2627371-a904-4314-a836-5eb8f54559ec@group-73E40DF2990B-LeaderElection79: begin an election at term 84 for -1: [e6a83585-83d0-4616-a3d5-866875ad8a29:192.168.34.32:46159, f2627371-a904-4314-a836-5eb8f54559ec:192.168.34.32:33224, 1b813ef4-47a4-4bfc-8eb5-c34ae440adb1:192.168.34.32:36113], old=null
2019-10-21 19:12:48,632 [grpc-default-executor-1] INFO  impl.RaftServerImpl (RaftServerImpl.java:setRole(184)) - e6a83585-83d0-4616-a3d5-866875ad8a29@group-73E40DF2990B: changes role from  FOLLOWER to FOLLOWER at term 84 for recognizeCandidate:f2627371-a904-4314-a836-5eb8f54559ec
2019-10-21 19:12:48,632 [grpc-default-executor-1] INFO  impl.RoleInfo (RoleInfo.java:shutdownFollowerState(121)) - e6a83585-83d0-4616-a3d5-866875ad8a29: shutdown FollowerState
2019-10-21 19:12:48,632 [grpc-default-executor-1] INFO  impl.RoleInfo (RoleInfo.java:updateAndGet(143)) - e6a83585-83d0-4616-a3d5-866875ad8a29: start FollowerState
2019-10-21 19:12:48,632 [Thread-736] INFO  impl.FollowerState (FollowerState.java:run(117)) - e6a83585-83d0-4616-a3d5-866875ad8a29@group-73E40DF2990B-FollowerState was interrupted: java.lang.InterruptedException: sleep interrupted
2019-10-21 19:12:48,633 [grpc-default-executor-5] INFO  impl.RaftServerImpl (RaftServerImpl.java:setRole(184)) - 1b813ef4-47a4-4bfc-8eb5-c34ae440adb1@group-73E40DF2990B: changes role from  FOLLOWER to FOLLOWER at term 84 for recognizeCandidate:f2627371-a904-4314-a836-5eb8f54559ec
2019-10-21 19:12:48,633 [grpc-default-executor-5] INFO  impl.RoleInfo (RoleInfo.java:shutdownFollowerState(121)) - 1b813ef4-47a4-4bfc-8eb5-c34ae440adb1: shutdown FollowerState
2019-10-21 19:12:48,633 [grpc-default-executor-5] INFO  impl.RoleInfo (RoleInfo.java:updateAndGet(143)) - 1b813ef4-47a4-4bfc-8eb5-c34ae440adb1: start FollowerState
2019-10-21 19:12:48,633 [Thread-737] INFO  impl.FollowerState (FollowerState.java:run(117)) - 1b813ef4-47a4-4bfc-8eb5-c34ae440adb1@group-73E40DF2990B-FollowerState was interrupted: java.lang.InterruptedException: sleep interrupted
2019-10-21 19:12:48,648 [f2627371-a904-4314-a836-5eb8f54559ec@group-73E40DF2990B-LeaderElection79] INFO  impl.LeaderElection (LeaderElection.java:logAndReturn(56)) - f2627371-a904-4314-a836-5eb8f54559ec@group-73E40DF2990B-LeaderElection79: Election REJECTED; received 2 response(s) [f2627371-a904-4314-a836-5eb8f54559ec<-e6a83585-83d0-4616-a3d5-866875ad8a29#0:FAIL-t84, f2627371-a904-4314-a836-5eb8f54559ec<-1b813ef4-47a4-4bfc-8eb5-c34ae440adb1#0:FAIL-t84] and 0 exception(s); f2627371-a904-4314-a836-5eb8f54559ec@group-73E40DF2990B:t84, leader=null, voted=f2627371-a904-4314-a836-5eb8f54559ec, raftlog=f2627371-a904-4314-a836-5eb8f54559ec@group-73E40DF2990B-SegmentedRaftLog:OPENED:c-1,f-1,i0, conf=-1: [e6a83585-83d0-4616-a3d5-866875ad8a29:192.168.34.32:46159, f2627371-a904-4314-a836-5eb8f54559ec:192.168.34.32:33224, 1b813ef4-47a4-4bfc-8eb5-c34ae440adb1:192.168.34.32:36113], old=null
2019-10-21 19:12:48,648 [f2627371-a904-4314-a836-5eb8f54559ec@group-73E40DF2990B-LeaderElection79] INFO  impl.RaftServerImpl (RaftServerImpl.java:setRole(184)) - f2627371-a904-4314-a836-5eb8f54559ec@group-73E40DF2990B: changes role from CANDIDATE to FOLLOWER at term 84 for DISCOVERED_A_NEW_TERM
2019-10-21 19:12:48,648 [f2627371-a904-4314-a836-5eb8f54559ec@group-73E40DF2990B-LeaderElection79] INFO  impl.RoleInfo (RoleInfo.java:shutdownLeaderElection(134)) - f2627371-a904-4314-a836-5eb8f54559ec: shutdown LeaderElection
2019-10-21 19:12:48,648 [f2627371-a904-4314-a836-5eb8f54559ec@group-73E40DF2990B-LeaderElection79] INFO  impl.RoleInfo (RoleInfo.java:updateAndGet(143)) - f2627371-a904-4314-a836-5eb8f54559ec: start FollowerState
2019-10-21 19:12:48,833 [Thread-744] INFO  impl.FollowerState (FollowerState.java:run(108)) - f2627371-a904-4314-a836-5eb8f54559ec@group-73E40DF2990B-FollowerState: change to CANDIDATE, lastRpcTime:184ms, electionTimeout:184ms
2019-10-21 19:12:48,833 [Thread-744] INFO  impl.RoleInfo (RoleInfo.java:shutdownFollowerState(121)) - f2627371-a904-4314-a836-5eb8f54559ec: shutdown FollowerState
2019-10-21 19:12:48,833 [Thread-744] INFO  impl.RaftServerImpl (RaftServerImpl.java:setRole(184)) - f2627371-a904-4314-a836-5eb8f54559ec@group-73E40DF2990B: changes role from  FOLLOWER to CANDIDATE at term 84 for changeToCandidate
2019-10-21 19:12:48,833 [Thread-744] INFO  impl.RoleInfo (RoleInfo.java:updateAndGet(143)) - f2627371-a904-4314-a836-5eb8f54559ec: start LeaderElection
2019-10-21 19:12:48,847 [f2627371-a904-4314-a836-5eb8f54559ec@group-73E40DF2990B-LeaderElection80] INFO  impl.LeaderElection (LeaderElection.java:askForVotes(178)) - f2627371-a904-4314-a836-5eb8f54559ec@group-73E40DF2990B-LeaderElection80: begin an election at term 85 for -1: [e6a83585-83d0-4616-a3d5-866875ad8a29:192.168.34.32:46159, f2627371-a904-4314-a836-5eb8f54559ec:192.168.34.32:33224, 1b813ef4-47a4-4bfc-8eb5-c34ae440adb1:192.168.34.32:36113], old=null
2019-10-21 19:12:48,850 [grpc-default-executor-1] INFO  impl.RaftServerImpl (RaftServerImpl.java:setRole(184)) - e6a83585-83d0-4616-a3d5-866875ad8a29@group-73E40DF2990B: changes role from  FOLLOWER to FOLLOWER at term 85 for recognizeCandidate:f2627371-a904-4314-a836-5eb8f54559ec
2019-10-21 19:12:48,850 [grpc-default-executor-5] INFO  impl.RaftServerImpl (RaftServerImpl.java:setRole(184)) - 1b813ef4-47a4-4bfc-8eb5-c34ae440adb1@group-73E40DF2990B: changes role from  FOLLOWER to FOLLOWER at term 85 for recognizeCandidate:f2627371-a904-4314-a836-5eb8f54559ec
2019-10-21 19:12:48,850 [grpc-default-executor-1] INFO  impl.RoleInfo (RoleInfo.java:shutdownFollowerState(121)) - e6a83585-83d0-4616-a3d5-866875ad8a29: shutdown FollowerState
2019-10-21 19:12:48,850 [grpc-default-executor-5] INFO  impl.RoleInfo (RoleInfo.java:shutdownFollowerState(121)) - 1b813ef4-47a4-4bfc-8eb5-c34ae440adb1: shutdown FollowerState
2019-10-21 19:12:48,851 [Thread-742] INFO  impl.FollowerState (FollowerState.java:run(117)) - e6a83585-83d0-4616-a3d5-866875ad8a29@group-73E40DF2990B-FollowerState was interrupted: java.lang.InterruptedException: sleep interrupted
2019-10-21 19:12:48,851 [grpc-default-executor-1] INFO  impl.RoleInfo (RoleInfo.java:updateAndGet(143)) - e6a83585-83d0-4616-a3d5-866875ad8a29: start FollowerState
2019-10-21 19:12:48,851 [grpc-default-executor-5] INFO  impl.RoleInfo (RoleInfo.java:updateAndGet(143)) - 1b813ef4-47a4-4bfc-8eb5-c34ae440adb1: start FollowerState
2019-10-21 19:12:48,851 [Thread-743] INFO  impl.FollowerState (FollowerState.java:run(117)) - 1b813ef4-47a4-4bfc-8eb5-c34ae440adb1@group-73E40DF2990B-FollowerState was interrupted: java.lang.InterruptedException: sleep interrupted
2019-10-21 19:12:48,867 [f2627371-a904-4314-a836-5eb8f54559ec@group-73E40DF2990B-LeaderElection80] INFO  impl.LeaderElection (LeaderElection.java:logAndReturn(56)) - f2627371-a904-4314-a836-5eb8f54559ec@group-73E40DF2990B-LeaderElection80: Election REJECTED; received 2 response(s) [f2627371-a904-4314-a836-5eb8f54559ec<-e6a83585-83d0-4616-a3d5-866875ad8a29#0:FAIL-t85, f2627371-a904-4314-a836-5eb8f54559ec<-1b813ef4-47a4-4bfc-8eb5-c34ae440adb1#0:FAIL-t85] and 0 exception(s); f2627371-a904-4314-a836-5eb8f54559ec@group-73E40DF2990B:t85, leader=null, voted=f2627371-a904-4314-a836-5eb8f54559ec, raftlog=f2627371-a904-4314-a836-5eb8f54559ec@group-73E40DF2990B-SegmentedRaftLog:OPENED:c-1,f-1,i0, conf=-1: [e6a83585-83d0-4616-a3d5-866875ad8a29:192.168.34.32:46159, f2627371-a904-4314-a836-5eb8f54559ec:192.168.34.32:33224, 1b813ef4-47a4-4bfc-8eb5-c34ae440adb1:192.168.34.32:36113], old=null
2019-10-21 19:12:48,867 [f2627371-a904-4314-a836-5eb8f54559ec@group-73E40DF2990B-LeaderElection80] INFO  impl.RaftServerImpl (RaftServerImpl.java:setRole(184)) - f2627371-a904-4314-a836-5eb8f54559ec@group-73E40DF2990B: changes role from CANDIDATE to FOLLOWER at term 85 for DISCOVERED_A_NEW_TERM
2019-10-21 19:12:48,867 [f2627371-a904-4314-a836-5eb8f54559ec@group-73E40DF2990B-LeaderElection80] INFO  impl.RoleInfo (RoleInfo.java:shutdownLeaderElection(134)) - f2627371-a904-4314-a836-5eb8f54559ec: shutdown LeaderElection
2019-10-21 19:12:48,867 [f2627371-a904-4314-a836-5eb8f54559ec@group-73E40DF2990B-LeaderElection80] INFO  impl.RoleInfo (RoleInfo.java:updateAndGet(143)) - f2627371-a904-4314-a836-5eb8f54559ec: start FollowerState
2019-10-21 19:12:48,948 [Thread-750] INFO  impl.FollowerState (FollowerState.java:run(108)) - f2627371-a904-4314-a836-5eb8f54559ec@group-73E40DF2990B-FollowerState: change to CANDIDATE, lastRpcTime:80ms, electionTimeout:80ms
2019-10-21 19:12:48,948 [Thread-750] INFO  impl.RoleInfo (RoleInfo.java:shutdownFollowerState(121)) - f2627371-a904-4314-a836-5eb8f54559ec: shutdown FollowerState
2019-10-21 19:12:48,948 [Thread-750] INFO  impl.RaftServerImpl (RaftServerImpl.java:setRole(184)) - f2627371-a904-4314-a836-5eb8f54559ec@group-73E40DF2990B: changes role from  FOLLOWER to CANDIDATE at term 85 for changeToCandidate
2019-10-21 19:12:48,948 [Thread-750] INFO  impl.RoleInfo (RoleInfo.java:updateAndGet(143)) - f2627371-a904-4314-a836-5eb8f54559ec: start LeaderElection
2019-10-21 19:12:48,959 [f2627371-a904-4314-a836-5eb8f54559ec@group-73E40DF2990B-LeaderElection81] INFO  impl.LeaderElection (LeaderElection.java:askForVotes(178)) - f2627371-a904-4314-a836-5eb8f54559ec@group-73E40DF2990B-LeaderElection81: begin an election at term 86 for -1: [e6a83585-83d0-4616-a3d5-866875ad8a29:192.168.34.32:46159, f2627371-a904-4314-a836-5eb8f54559ec:192.168.34.32:33224, 1b813ef4-47a4-4bfc-8eb5-c34ae440adb1:192.168.34.32:36113], old=null
2019-10-21 19:12:48,962 [grpc-default-executor-5] INFO  impl.RaftServerImpl (RaftServerImpl.java:setRole(184)) - e6a83585-83d0-4616-a3d5-866875ad8a29@group-73E40DF2990B: changes role from  FOLLOWER to FOLLOWER at term 86 for recognizeCandidate:f2627371-a904-4314-a836-5eb8f54559ec
2019-10-21 19:12:48,962 [grpc-default-executor-1] INFO  impl.RaftServerImpl (RaftServerImpl.java:setRole(184)) - 1b813ef4-47a4-4bfc-8eb5-c34ae440adb1@group-73E40DF2990B: changes role from  FOLLOWER to FOLLOWER at term 86 for recognizeCandidate:f2627371-a904-4314-a836-5eb8f54559ec
2019-10-21 19:12:48,962 [grpc-default-executor-5] INFO  impl.RoleInfo (RoleInfo.java:shutdownFollowerState(121)) - e6a83585-83d0-4616-a3d5-866875ad8a29: shutdown FollowerState
2019-10-21 19:12:48,962 [grpc-default-executor-1] INFO  impl.RoleInfo (RoleInfo.java:shutdownFollowerState(121)) - 1b813ef4-47a4-4bfc-8eb5-c34ae440adb1: shutdown FollowerState
2019-10-21 19:12:48,962 [Thread-748] INFO  impl.FollowerState (FollowerState.java:run(117)) - e6a83585-83d0-4616-a3d5-866875ad8a29@group-73E40DF2990B-FollowerState was interrupted: java.lang.InterruptedException: sleep interrupted
2019-10-21 19:12:48,962 [Thread-749] INFO  impl.FollowerState (FollowerState.java:run(117)) - 1b813ef4-47a4-4bfc-8eb5-c34ae440adb1@group-73E40DF2990B-FollowerState was interrupted: java.lang.InterruptedException: sleep interrupted
2019-10-21 19:12:48,962 [grpc-default-executor-5] INFO  impl.RoleInfo (RoleInfo.java:updateAndGet(143)) - e6a83585-83d0-4616-a3d5-866875ad8a29: start FollowerState
2019-10-21 19:12:48,962 [grpc-default-executor-1] INFO  impl.RoleInfo (RoleInfo.java:updateAndGet(143)) - 1b813ef4-47a4-4bfc-8eb5-c34ae440adb1: start FollowerState
2019-10-21 19:12:48,977 [f2627371-a904-4314-a836-5eb8f54559ec@group-73E40DF2990B-LeaderElection81] INFO  impl.LeaderElection (LeaderElection.java:logAndReturn(56)) - f2627371-a904-4314-a836-5eb8f54559ec@group-73E40DF2990B-LeaderElection81: Election REJECTED; received 2 response(s) [f2627371-a904-4314-a836-5eb8f54559ec<-e6a83585-83d0-4616-a3d5-866875ad8a29#0:FAIL-t86, f2627371-a904-4314-a836-5eb8f54559ec<-1b813ef4-47a4-4bfc-8eb5-c34ae440adb1#0:FAIL-t86] and 0 exception(s); f2627371-a904-4314-a836-5eb8f54559ec@group-73E40DF2990B:t86, leader=null, voted=f2627371-a904-4314-a836-5eb8f54559ec, raftlog=f2627371-a904-4314-a836-5eb8f54559ec@group-73E40DF2990B-SegmentedRaftLog:OPENED:c-1,f-1,i0, conf=-1: [e6a83585-83d0-4616-a3d5-866875ad8a29:192.168.34.32:46159, f2627371-a904-4314-a836-5eb8f54559ec:192.168.34.32:33224, 1b813ef4-47a4-4bfc-8eb5-c34ae440adb1:192.168.34.32:36113], old=null
2019-10-21 19:12:48,977 [f2627371-a904-4314-a836-5eb8f54559ec@group-73E40DF2990B-LeaderElection81] INFO  impl.RaftServerImpl (RaftServerImpl.java:setRole(184)) - f2627371-a904-4314-a836-5eb8f54559ec@group-73E40DF2990B: changes role from CANDIDATE to FOLLOWER at term 86 for DISCOVERED_A_NEW_TERM
2019-10-21 19:12:48,977 [f2627371-a904-4314-a836-5eb8f54559ec@group-73E40DF2990B-LeaderElection81] INFO  impl.RoleInfo (RoleInfo.java:shutdownLeaderElection(134)) - f2627371-a904-4314-a836-5eb8f54559ec: shutdown LeaderElection
2019-10-21 19:12:48,978 [f2627371-a904-4314-a836-5eb8f54559ec@group-73E40DF2990B-LeaderElection81] INFO  impl.RoleInfo (RoleInfo.java:updateAndGet(143)) - f2627371-a904-4314-a836-5eb8f54559ec: start FollowerState
2019-10-21 19:12:49,073 [Thread-756] INFO  impl.FollowerState (FollowerState.java:run(108)) - f2627371-a904-4314-a836-5eb8f54559ec@group-73E40DF2990B-FollowerState: change to CANDIDATE, lastRpcTime:95ms, electionTimeout:89ms
2019-10-21 19:12:49,073 [Thread-756] INFO  impl.RoleInfo (RoleInfo.java:shutdownFollowerState(121)) - f2627371-a904-4314-a836-5eb8f54559ec: shutdown FollowerState
2019-10-21 19:12:49,073 [Thread-756] INFO  impl.RaftServerImpl (RaftServerImpl.java:setRole(184)) - f2627371-a904-4314-a836-5eb8f54559ec@group-73E40DF2990B: changes role from  FOLLOWER to CANDIDATE at term 86 for changeToCandidate
2019-10-21 19:12:49,078 [Thread-756] INFO  impl.RoleInfo (RoleInfo.java:updateAndGet(143)) - f2627371-a904-4314-a836-5eb8f54559ec: start LeaderElection
2019-10-21 19:12:49,093 [f2627371-a904-4314-a836-5eb8f54559ec@group-73E40DF2990B-LeaderElection82] INFO  impl.LeaderElection (LeaderElection.java:askForVotes(178)) - f2627371-a904-4314-a836-5eb8f54559ec@group-73E40DF2990B-LeaderElection82: begin an election at term 87 for -1: [e6a83585-83d0-4616-a3d5-866875ad8a29:192.168.34.32:46159, f2627371-a904-4314-a836-5eb8f54559ec:192.168.34.32:33224, 1b813ef4-47a4-4bfc-8eb5-c34ae440adb1:192.168.34.32:36113], old=null
2019-10-21 19:12:49,095 [grpc-default-executor-5] INFO  impl.RaftServerImpl (RaftServerImpl.java:setRole(184)) - e6a83585-83d0-4616-a3d5-866875ad8a29@group-73E40DF2990B: changes role from  FOLLOWER to FOLLOWER at term 87 for recognizeCandidate:f2627371-a904-4314-a836-5eb8f54559ec
2019-10-21 19:12:49,095 [grpc-default-executor-5] INFO  impl.RoleInfo (RoleInfo.java:shutdownFollowerState(121)) - e6a83585-83d0-4616-a3d5-866875ad8a29: shutdown FollowerState
2019-10-21 19:12:49,097 [Thread-754] INFO  impl.FollowerState (FollowerState.java:run(117)) - e6a83585-83d0-4616-a3d5-866875ad8a29@group-73E40DF2990B-FollowerState was interrupted: java.lang.InterruptedException: sleep interrupted
2019-10-21 19:12:49,097 [grpc-default-executor-5] INFO  impl.RoleInfo (RoleInfo.java:updateAndGet(143)) - e6a83585-83d0-4616-a3d5-866875ad8a29: start FollowerState
2019-10-21 19:12:49,100 [grpc-default-executor-1] INFO  impl.RaftServerImpl (RaftServerImpl.java:setRole(184)) - 1b813ef4-47a4-4bfc-8eb5-c34ae440adb1@group-73E40DF2990B: changes role from  FOLLOWER to FOLLOWER at term 87 for recognizeCandidate:f2627371-a904-4314-a836-5eb8f54559ec
2019-10-21 19:12:49,100 [grpc-default-executor-1] INFO  impl.RoleInfo (RoleInfo.java:shutdownFollowerState(121)) - 1b813ef4-47a4-4bfc-8eb5-c34ae440adb1: shutdown FollowerState
2019-10-21 19:12:49,103 [grpc-default-executor-1] INFO  impl.RoleInfo (RoleInfo.java:updateAndGet(143)) - 1b813ef4-47a4-4bfc-8eb5-c34ae440adb1: start FollowerState
2019-10-21 19:12:49,103 [Thread-755] INFO  impl.FollowerState (FollowerState.java:run(117)) - 1b813ef4-47a4-4bfc-8eb5-c34ae440adb1@group-73E40DF2990B-FollowerState was interrupted: java.lang.InterruptedException: sleep interrupted
2019-10-21 19:12:49,113 [f2627371-a904-4314-a836-5eb8f54559ec@group-73E40DF2990B-LeaderElection82] INFO  impl.LeaderElection (LeaderElection.java:logAndReturn(56)) - f2627371-a904-4314-a836-5eb8f54559ec@group-73E40DF2990B-LeaderElection82: Election REJECTED; received 2 response(s) [f2627371-a904-4314-a836-5eb8f54559ec<-e6a83585-83d0-4616-a3d5-866875ad8a29#0:FAIL-t87, f2627371-a904-4314-a836-5eb8f54559ec<-1b813ef4-47a4-4bfc-8eb5-c34ae440adb1#0:FAIL-t87] and 0 exception(s); f2627371-a904-4314-a836-5eb8f54559ec@group-73E40DF2990B:t87, leader=null, voted=f2627371-a904-4314-a836-5eb8f54559ec, raftlog=f2627371-a904-4314-a836-5eb8f54559ec@group-73E40DF2990B-SegmentedRaftLog:OPENED:c-1,f-1,i0, conf=-1: [e6a83585-83d0-4616-a3d5-866875ad8a29:192.168.34.32:46159, f2627371-a904-4314-a836-5eb8f54559ec:192.168.34.32:33224, 1b813ef4-47a4-4bfc-8eb5-c34ae440adb1:192.168.34.32:36113], old=null
2019-10-21 19:12:49,113 [f2627371-a904-4314-a836-5eb8f54559ec@group-73E40DF2990B-LeaderElection82] INFO  impl.RaftServerImpl (RaftServerImpl.java:setRole(184)) - f2627371-a904-4314-a836-5eb8f54559ec@group-73E40DF2990B: changes role from CANDIDATE to FOLLOWER at term 87 for DISCOVERED_A_NEW_TERM
2019-10-21 19:12:49,113 [f2627371-a904-4314-a836-5eb8f54559ec@group-73E40DF2990B-LeaderElection82] INFO  impl.RoleInfo (RoleInfo.java:shutdownLeaderElection(134)) - f2627371-a904-4314-a836-5eb8f54559ec: shutdown LeaderElection
2019-10-21 19:12:49,113 [f2627371-a904-4314-a836-5eb8f54559ec@group-73E40DF2990B-LeaderElection82] INFO  impl.RoleInfo (RoleInfo.java:updateAndGet(143)) - f2627371-a904-4314-a836-5eb8f54559ec: start FollowerState
2019-10-21 19:12:49,226 [Thread-762] INFO  impl.FollowerState (FollowerState.java:run(108)) - f2627371-a904-4314-a836-5eb8f54559ec@group-73E40DF2990B-FollowerState: change to CANDIDATE, lastRpcTime:112ms, electionTimeout:112ms
2019-10-21 19:12:49,226 [Thread-762] INFO  impl.RoleInfo (RoleInfo.java:shutdownFollowerState(121)) - f2627371-a904-4314-a836-5eb8f54559ec: shutdown FollowerState
2019-10-21 19:12:49,226 [Thread-762] INFO  impl.RaftServerImpl (RaftServerImpl.java:setRole(184)) - f2627371-a904-4314-a836-5eb8f54559ec@group-73E40DF2990B: changes role from  FOLLOWER to CANDIDATE at term 87 for changeToCandidate
2019-10-21 19:12:49,226 [Thread-762] INFO  impl.RoleInfo (RoleInfo.java:updateAndGet(143)) - f2627371-a904-4314-a836-5eb8f54559ec: start LeaderElection
2019-10-21 19:12:49,239 [f2627371-a904-4314-a836-5eb8f54559ec@group-73E40DF2990B-LeaderElection83] INFO  impl.LeaderElection (LeaderElection.java:askForVotes(178)) - f2627371-a904-4314-a836-5eb8f54559ec@group-73E40DF2990B-LeaderElection83: begin an election at term 88 for -1: [e6a83585-83d0-4616-a3d5-866875ad8a29:192.168.34.32:46159, f2627371-a904-4314-a836-5eb8f54559ec:192.168.34.32:33224, 1b813ef4-47a4-4bfc-8eb5-c34ae440adb1:192.168.34.32:36113], old=null
2019-10-21 19:12:49,243 [grpc-default-executor-1] INFO  impl.RaftServerImpl (RaftServerImpl.java:setRole(184)) - e6a83585-83d0-4616-a3d5-866875ad8a29@group-73E40DF2990B: changes role from  FOLLOWER to FOLLOWER at term 88 for recognizeCandidate:f2627371-a904-4314-a836-5eb8f54559ec
2019-10-21 19:12:49,243 [grpc-default-executor-5] INFO  impl.RaftServerImpl (RaftServerImpl.java:setRole(184)) - 1b813ef4-47a4-4bfc-8eb5-c34ae440adb1@group-73E40DF2990B: changes role from  FOLLOWER to FOLLOWER at term 88 for recognizeCandidate:f2627371-a904-4314-a836-5eb8f54559ec
2019-10-21 19:12:49,244 [f2627371-a904-4314-a836-5eb8f54559ec@group-73E40DF2990B-LeaderElection83] INFO  impl.LeaderElection (LeaderElection.java:logAndReturn(56)) - f2627371-a904-4314-a836-5eb8f54559ec@group-73E40DF2990B-LeaderElection83: Election TIMEOUT; received 0 response(s) [] and 0 exception(s); f2627371-a904-4314-a836-5eb8f54559ec@group-73E40DF2990B:t88, leader=null, voted=f2627371-a904-4314-a836-5eb8f54559ec, raftlog=f2627371-a904-4314-a836-5eb8f54559ec@group-73E40DF2990B-SegmentedRaftLog:OPENED:c-1,f-1,i0, conf=-1: [e6a83585-83d0-4616-a3d5-866875ad8a29:192.168.34.32:46159, f2627371-a904-4314-a836-5eb8f54559ec:192.168.34.32:33224, 1b813ef4-47a4-4bfc-8eb5-c34ae440adb1:192.168.34.32:36113], old=null
2019-10-21 19:12:49,244 [grpc-default-executor-1] INFO  impl.RoleInfo (RoleInfo.java:shutdownFollowerState(121)) - e6a83585-83d0-4616-a3d5-866875ad8a29: shutdown FollowerState
2019-10-21 19:12:49,244 [grpc-default-executor-5] INFO  impl.RoleInfo (RoleInfo.java:shutdownFollowerState(121)) - 1b813ef4-47a4-4bfc-8eb5-c34ae440adb1: shutdown FollowerState
2019-10-21 19:12:49,244 [Thread-760] INFO  impl.FollowerState (FollowerState.java:run(117)) - e6a83585-83d0-4616-a3d5-866875ad8a29@group-73E40DF2990B-FollowerState was interrupted: java.lang.InterruptedException: sleep interrupted
2019-10-21 19:12:49,244 [grpc-default-executor-1] INFO  impl.RoleInfo (RoleInfo.java:updateAndGet(143)) - e6a83585-83d0-4616-a3d5-866875ad8a29: start FollowerState
2019-10-21 19:12:49,244 [Thread-761] INFO  impl.FollowerState (FollowerState.java:run(117)) - 1b813ef4-47a4-4bfc-8eb5-c34ae440adb1@group-73E40DF2990B-FollowerState was interrupted: java.lang.InterruptedException: sleep interrupted
2019-10-21 19:12:49,244 [grpc-default-executor-5] INFO  impl.RoleInfo (RoleInfo.java:updateAndGet(143)) - 1b813ef4-47a4-4bfc-8eb5-c34ae440adb1: start FollowerState
2019-10-21 19:12:49,257 [f2627371-a904-4314-a836-5eb8f54559ec@group-73E40DF2990B-LeaderElection83] INFO  impl.LeaderElection (LeaderElection.java:askForVotes(178)) - f2627371-a904-4314-a836-5eb8f54559ec@group-73E40DF2990B-LeaderElection83: begin an election at term 89 for -1: [e6a83585-83d0-4616-a3d5-866875ad8a29:192.168.34.32:46159, f2627371-a904-4314-a836-5eb8f54559ec:192.168.34.32:33224, 1b813ef4-47a4-4bfc-8eb5-c34ae440adb1:192.168.34.32:36113], old=null
2019-10-21 19:12:49,259 [grpc-default-executor-5] INFO  impl.RaftServerImpl (RaftServerImpl.java:setRole(184)) - e6a83585-83d0-4616-a3d5-866875ad8a29@group-73E40DF2990B: changes role from  FOLLOWER to FOLLOWER at term 89 for recognizeCandidate:f2627371-a904-4314-a836-5eb8f54559ec
2019-10-21 19:12:49,259 [grpc-default-executor-5] INFO  impl.RoleInfo (RoleInfo.java:shutdownFollowerState(121)) - e6a83585-83d0-4616-a3d5-866875ad8a29: shutdown FollowerState
2019-10-21 19:12:49,259 [grpc-default-executor-1] INFO  impl.RaftServerImpl (RaftServerImpl.java:setRole(184)) - 1b813ef4-47a4-4bfc-8eb5-c34ae440adb1@group-73E40DF2990B: changes role from  FOLLOWER to FOLLOWER at term 89 for recognizeCandidate:f2627371-a904-4314-a836-5eb8f54559ec
2019-10-21 19:12:49,260 [grpc-default-executor-5] INFO  impl.RoleInfo (RoleInfo.java:updateAndGet(143)) - e6a83585-83d0-4616-a3d5-866875ad8a29: start FollowerState
2019-10-21 19:12:49,260 [Thread-768] INFO  impl.FollowerState (FollowerState.java:run(117)) - e6a83585-83d0-4616-a3d5-866875ad8a29@group-73E40DF2990B-FollowerState was interrupted: java.lang.InterruptedException: sleep interrupted
2019-10-21 19:12:49,260 [grpc-default-executor-1] INFO  impl.RoleInfo (RoleInfo.java:shutdownFollowerState(121)) - 1b813ef4-47a4-4bfc-8eb5-c34ae440adb1: shutdown FollowerState
2019-10-21 19:12:49,260 [grpc-default-executor-1] INFO  impl.RoleInfo (RoleInfo.java:updateAndGet(143)) - 1b813ef4-47a4-4bfc-8eb5-c34ae440adb1: start FollowerState
2019-10-21 19:12:49,260 [Thread-769] INFO  impl.FollowerState (FollowerState.java:run(117)) - 1b813ef4-47a4-4bfc-8eb5-c34ae440adb1@group-73E40DF2990B-FollowerState was interrupted: java.lang.InterruptedException: sleep interrupted
2019-10-21 19:12:49,267 [f2627371-a904-4314-a836-5eb8f54559ec@group-73E40DF2990B-LeaderElection83] INFO  impl.LeaderElection (LeaderElection.java:logAndReturn(56)) - f2627371-a904-4314-a836-5eb8f54559ec@group-73E40DF2990B-LeaderElection83: Election REJECTED; received 2 response(s) [f2627371-a904-4314-a836-5eb8f54559ec<-e6a83585-83d0-4616-a3d5-866875ad8a29#0:FAIL-t89, f2627371-a904-4314-a836-5eb8f54559ec<-1b813ef4-47a4-4bfc-8eb5-c34ae440adb1#0:FAIL-t89] and 0 exception(s); f2627371-a904-4314-a836-5eb8f54559ec@group-73E40DF2990B:t89, leader=null, voted=f2627371-a904-4314-a836-5eb8f54559ec, raftlog=f2627371-a904-4314-a836-5eb8f54559ec@group-73E40DF2990B-SegmentedRaftLog:OPENED:c-1,f-1,i0, conf=-1: [e6a83585-83d0-4616-a3d5-866875ad8a29:192.168.34.32:46159, f2627371-a904-4314-a836-5eb8f54559ec:192.168.34.32:33224, 1b813ef4-47a4-4bfc-8eb5-c34ae440adb1:192.168.34.32:36113], old=null
2019-10-21 19:12:49,267 [f2627371-a904-4314-a836-5eb8f54559ec@group-73E40DF2990B-LeaderElection83] INFO  impl.RaftServerImpl (RaftServerImpl.java:setRole(184)) - f2627371-a904-4314-a836-5eb8f54559ec@group-73E40DF2990B: changes role from CANDIDATE to FOLLOWER at term 89 for DISCOVERED_A_NEW_TERM
2019-10-21 19:12:49,268 [f2627371-a904-4314-a836-5eb8f54559ec@group-73E40DF2990B-LeaderElection83] INFO  impl.RoleInfo (RoleInfo.java:shutdownLeaderElection(134)) - f2627371-a904-4314-a836-5eb8f54559ec: shutdown LeaderElection
2019-10-21 19:12:49,268 [f2627371-a904-4314-a836-5eb8f54559ec@group-73E40DF2990B-LeaderElection83] INFO  impl.RoleInfo (RoleInfo.java:updateAndGet(143)) - f2627371-a904-4314-a836-5eb8f54559ec: start FollowerState
2019-10-21 19:12:49,333 [Thread-774] INFO  impl.FollowerState (FollowerState.java:run(108)) - f2627371-a904-4314-a836-5eb8f54559ec@group-73E40DF2990B-FollowerState: change to CANDIDATE, lastRpcTime:65ms, electionTimeout:65ms
2019-10-21 19:12:49,333 [Thread-774] INFO  impl.RoleInfo (RoleInfo.java:shutdownFollowerState(121)) - f2627371-a904-4314-a836-5eb8f54559ec: shutdown FollowerState
2019-10-21 19:12:49,334 [Thread-774] INFO  impl.RaftServerImpl (RaftServerImpl.java:setRole(184)) - f2627371-a904-4314-a836-5eb8f54559ec@group-73E40DF2990B: changes role from  FOLLOWER to CANDIDATE at term 89 for changeToCandidate
2019-10-21 19:12:49,334 [Thread-774] INFO  impl.RoleInfo (RoleInfo.java:updateAndGet(143)) - f2627371-a904-4314-a836-5eb8f54559ec: start LeaderElection
2019-10-21 19:12:49,348 [f2627371-a904-4314-a836-5eb8f54559ec@group-73E40DF2990B-LeaderElection84] INFO  impl.LeaderElection (LeaderElection.java:askForVotes(178)) - f2627371-a904-4314-a836-5eb8f54559ec@group-73E40DF2990B-LeaderElection84: begin an election at term 90 for -1: [e6a83585-83d0-4616-a3d5-866875ad8a29:192.168.34.32:46159, f2627371-a904-4314-a836-5eb8f54559ec:192.168.34.32:33224, 1b813ef4-47a4-4bfc-8eb5-c34ae440adb1:192.168.34.32:36113], old=null
2019-10-21 19:12:49,351 [grpc-default-executor-5] INFO  impl.RaftServerImpl (RaftServerImpl.java:setRole(184)) - e6a83585-83d0-4616-a3d5-866875ad8a29@group-73E40DF2990B: changes role from  FOLLOWER to FOLLOWER at term 90 for recognizeCandidate:f2627371-a904-4314-a836-5eb8f54559ec
2019-10-21 19:12:49,351 [grpc-default-executor-1] INFO  impl.RaftServerImpl (RaftServerImpl.java:setRole(184)) - 1b813ef4-47a4-4bfc-8eb5-c34ae440adb1@group-73E40DF2990B: changes role from  FOLLOWER to FOLLOWER at term 90 for recognizeCandidate:f2627371-a904-4314-a836-5eb8f54559ec
2019-10-21 19:12:49,352 [grpc-default-executor-1] INFO  impl.RoleInfo (RoleInfo.java:shutdownFollowerState(121)) - 1b813ef4-47a4-4bfc-8eb5-c34ae440adb1: shutdown FollowerState
2019-10-21 19:12:49,351 [grpc-default-executor-5] INFO  impl.RoleInfo (RoleInfo.java:shutdownFollowerState(121)) - e6a83585-83d0-4616-a3d5-866875ad8a29: shutdown FollowerState
2019-10-21 19:12:49,352 [Thread-773] INFO  impl.FollowerState (FollowerState.java:run(117)) - 1b813ef4-47a4-4bfc-8eb5-c34ae440adb1@group-73E40DF2990B-FollowerState was interrupted: java.lang.InterruptedException: sleep interrupted
2019-10-21 19:12:49,352 [grpc-default-executor-1] INFO  impl.RoleInfo (RoleInfo.java:updateAndGet(143)) - 1b813ef4-47a4-4bfc-8eb5-c34ae440adb1: start FollowerState
2019-10-21 19:12:49,353 [grpc-default-executor-5] INFO  impl.RoleInfo (RoleInfo.java:updateAndGet(143)) - e6a83585-83d0-4616-a3d5-866875ad8a29: start FollowerState
2019-10-21 19:12:49,352 [Thread-772] INFO  impl.FollowerState (FollowerState.java:run(117)) - e6a83585-83d0-4616-a3d5-866875ad8a29@group-73E40DF2990B-FollowerState was interrupted: java.lang.InterruptedException: sleep interrupted
2019-10-21 19:12:49,368 [f2627371-a904-4314-a836-5eb8f54559ec@group-73E40DF2990B-LeaderElection84] INFO  impl.LeaderElection (LeaderElection.java:logAndReturn(56)) - f2627371-a904-4314-a836-5eb8f54559ec@group-73E40DF2990B-LeaderElection84: Election REJECTED; received 2 response(s) [f2627371-a904-4314-a836-5eb8f54559ec<-e6a83585-83d0-4616-a3d5-866875ad8a29#0:FAIL-t90, f2627371-a904-4314-a836-5eb8f54559ec<-1b813ef4-47a4-4bfc-8eb5-c34ae440adb1#0:FAIL-t90] and 0 exception(s); f2627371-a904-4314-a836-5eb8f54559ec@group-73E40DF2990B:t90, leader=null, voted=f2627371-a904-4314-a836-5eb8f54559ec, raftlog=f2627371-a904-4314-a836-5eb8f54559ec@group-73E40DF2990B-SegmentedRaftLog:OPENED:c-1,f-1,i0, conf=-1: [e6a83585-83d0-4616-a3d5-866875ad8a29:192.168.34.32:46159, f2627371-a904-4314-a836-5eb8f54559ec:192.168.34.32:33224, 1b813ef4-47a4-4bfc-8eb5-c34ae440adb1:192.168.34.32:36113], old=null
2019-10-21 19:12:49,368 [f2627371-a904-4314-a836-5eb8f54559ec@group-73E40DF2990B-LeaderElection84] INFO  impl.RaftServerImpl (RaftServerImpl.java:setRole(184)) - f2627371-a904-4314-a836-5eb8f54559ec@group-73E40DF2990B: changes role from CANDIDATE to FOLLOWER at term 90 for DISCOVERED_A_NEW_TERM
2019-10-21 19:12:49,369 [f2627371-a904-4314-a836-5eb8f54559ec@group-73E40DF2990B-LeaderElection84] INFO  impl.RoleInfo (RoleInfo.java:shutdownLeaderElection(134)) - f2627371-a904-4314-a836-5eb8f54559ec: shutdown LeaderElection
2019-10-21 19:12:49,369 [f2627371-a904-4314-a836-5eb8f54559ec@group-73E40DF2990B-LeaderElection84] INFO  impl.RoleInfo (RoleInfo.java:updateAndGet(143)) - f2627371-a904-4314-a836-5eb8f54559ec: start FollowerState
2019-10-21 19:12:49,561 [Thread-780] INFO  impl.FollowerState (FollowerState.java:run(108)) - f2627371-a904-4314-a836-5eb8f54559ec@group-73E40DF2990B-FollowerState: change to CANDIDATE, lastRpcTime:192ms, electionTimeout:192ms
2019-10-21 19:12:49,561 [Thread-780] INFO  impl.RoleInfo (RoleInfo.java:shutdownFollowerState(121)) - f2627371-a904-4314-a836-5eb8f54559ec: shutdown FollowerState
2019-10-21 19:12:49,562 [Thread-780] INFO  impl.RaftServerImpl (RaftServerImpl.java:setRole(184)) - f2627371-a904-4314-a836-5eb8f54559ec@group-73E40DF2990B: changes role from  FOLLOWER to CANDIDATE at term 90 for changeToCandidate
2019-10-21 19:12:49,562 [Thread-780] INFO  impl.RoleInfo (RoleInfo.java:updateAndGet(143)) - f2627371-a904-4314-a836-5eb8f54559ec: start LeaderElection
2019-10-21 19:12:49,577 [f2627371-a904-4314-a836-5eb8f54559ec@group-73E40DF2990B-LeaderElection85] INFO  impl.LeaderElection (LeaderElection.java:askForVotes(178)) - f2627371-a904-4314-a836-5eb8f54559ec@group-73E40DF2990B-LeaderElection85: begin an election at term 91 for -1: [e6a83585-83d0-4616-a3d5-866875ad8a29:192.168.34.32:46159, f2627371-a904-4314-a836-5eb8f54559ec:192.168.34.32:33224, 1b813ef4-47a4-4bfc-8eb5-c34ae440adb1:192.168.34.32:36113], old=null
2019-10-21 19:12:49,580 [grpc-default-executor-5] INFO  impl.RaftServerImpl (RaftServerImpl.java:setRole(184)) - e6a83585-83d0-4616-a3d5-866875ad8a29@group-73E40DF2990B: changes role from  FOLLOWER to FOLLOWER at term 91 for recognizeCandidate:f2627371-a904-4314-a836-5eb8f54559ec
2019-10-21 19:12:49,580 [grpc-default-executor-1] INFO  impl.RaftServerImpl (RaftServerImpl.java:setRole(184)) - 1b813ef4-47a4-4bfc-8eb5-c34ae440adb1@group-73E40DF2990B: changes role from  FOLLOWER to FOLLOWER at term 91 for recognizeCandidate:f2627371-a904-4314-a836-5eb8f54559ec
2019-10-21 19:12:49,580 [grpc-default-executor-5] INFO  impl.RoleInfo (RoleInfo.java:shutdownFollowerState(121)) - e6a83585-83d0-4616-a3d5-866875ad8a29: shutdown FollowerState
2019-10-21 19:12:49,581 [grpc-default-executor-1] INFO  impl.RoleInfo (RoleInfo.java:shutdownFollowerState(121)) - 1b813ef4-47a4-4bfc-8eb5-c34ae440adb1: shutdown FollowerState
2019-10-21 19:12:49,581 [Thread-779] INFO  impl.FollowerState (FollowerState.java:run(117)) - e6a83585-83d0-4616-a3d5-866875ad8a29@group-73E40DF2990B-FollowerState was interrupted: java.lang.InterruptedException: sleep interrupted
2019-10-21 19:12:49,581 [grpc-default-executor-5] INFO  impl.RoleInfo (RoleInfo.java:updateAndGet(143)) - e6a83585-83d0-4616-a3d5-866875ad8a29: start FollowerState
2019-10-21 19:12:49,581 [Thread-778] INFO  impl.FollowerState (FollowerState.java:run(117)) - 1b813ef4-47a4-4bfc-8eb5-c34ae440adb1@group-73E40DF2990B-FollowerState was interrupted: java.lang.InterruptedException: sleep interrupted
2019-10-21 19:12:49,581 [grpc-default-executor-1] INFO  impl.RoleInfo (RoleInfo.java:updateAndGet(143)) - 1b813ef4-47a4-4bfc-8eb5-c34ae440adb1: start FollowerState
2019-10-21 19:12:49,597 [f2627371-a904-4314-a836-5eb8f54559ec@group-73E40DF2990B-LeaderElection85] INFO  impl.LeaderElection (LeaderElection.java:logAndReturn(56)) - f2627371-a904-4314-a836-5eb8f54559ec@group-73E40DF2990B-LeaderElection85: Election REJECTED; received 2 response(s) [f2627371-a904-4314-a836-5eb8f54559ec<-e6a83585-83d0-4616-a3d5-866875ad8a29#0:FAIL-t91, f2627371-a904-4314-a836-5eb8f54559ec<-1b813ef4-47a4-4bfc-8eb5-c34ae440adb1#0:FAIL-t91] and 0 exception(s); f2627371-a904-4314-a836-5eb8f54559ec@group-73E40DF2990B:t91, leader=null, voted=f2627371-a904-4314-a836-5eb8f54559ec, raftlog=f2627371-a904-4314-a836-5eb8f54559ec@group-73E40DF2990B-SegmentedRaftLog:OPENED:c-1,f-1,i0, conf=-1: [e6a83585-83d0-4616-a3d5-866875ad8a29:192.168.34.32:46159, f2627371-a904-4314-a836-5eb8f54559ec:192.168.34.32:33224, 1b813ef4-47a4-4bfc-8eb5-c34ae440adb1:192.168.34.32:36113], old=null
2019-10-21 19:12:49,597 [f2627371-a904-4314-a836-5eb8f54559ec@group-73E40DF2990B-LeaderElection85] INFO  impl.RaftServerImpl (RaftServerImpl.java:setRole(184)) - f2627371-a904-4314-a836-5eb8f54559ec@group-73E40DF2990B: changes role from CANDIDATE to FOLLOWER at term 91 for DISCOVERED_A_NEW_TERM
2019-10-21 19:12:49,598 [f2627371-a904-4314-a836-5eb8f54559ec@group-73E40DF2990B-LeaderElection85] INFO  impl.RoleInfo (RoleInfo.java:shutdownLeaderElection(134)) - f2627371-a904-4314-a836-5eb8f54559ec: shutdown LeaderElection
2019-10-21 19:12:49,598 [f2627371-a904-4314-a836-5eb8f54559ec@group-73E40DF2990B-LeaderElection85] INFO  impl.RoleInfo (RoleInfo.java:updateAndGet(143)) - f2627371-a904-4314-a836-5eb8f54559ec: start FollowerState
2019-10-21 19:12:49,598 [Thread-786] INFO  impl.FollowerState (FollowerState.java:run(108)) - f2627371-a904-4314-a836-5eb8f54559ec@group-73E40DF2990B-FollowerState: change to CANDIDATE, lastRpcTime:0ms, electionTimeout:0ms
2019-10-21 19:12:49,598 [Thread-786] INFO  impl.RoleInfo (RoleInfo.java:shutdownFollowerState(121)) - f2627371-a904-4314-a836-5eb8f54559ec: shutdown FollowerState
2019-10-21 19:12:49,598 [Thread-786] INFO  impl.RaftServerImpl (RaftServerImpl.java:setRole(184)) - f2627371-a904-4314-a836-5eb8f54559ec@group-73E40DF2990B: changes role from  FOLLOWER to CANDIDATE at term 91 for changeToCandidate
2019-10-21 19:12:49,599 [Thread-786] INFO  impl.RoleInfo (RoleInfo.java:updateAndGet(143)) - f2627371-a904-4314-a836-5eb8f54559ec: start LeaderElection
2019-10-21 19:12:49,612 [f2627371-a904-4314-a836-5eb8f54559ec@group-73E40DF2990B-LeaderElection86] INFO  impl.LeaderElection (LeaderElection.java:askForVotes(178)) - f2627371-a904-4314-a836-5eb8f54559ec@group-73E40DF2990B-LeaderElection86: begin an election at term 92 for -1: [e6a83585-83d0-4616-a3d5-866875ad8a29:192.168.34.32:46159, f2627371-a904-4314-a836-5eb8f54559ec:192.168.34.32:33224, 1b813ef4-47a4-4bfc-8eb5-c34ae440adb1:192.168.34.32:36113], old=null
2019-10-21 19:12:49,614 [grpc-default-executor-1] INFO  impl.RaftServerImpl (RaftServerImpl.java:setRole(184)) - e6a83585-83d0-4616-a3d5-866875ad8a29@group-73E40DF2990B: changes role from  FOLLOWER to FOLLOWER at term 92 for recognizeCandidate:f2627371-a904-4314-a836-5eb8f54559ec
2019-10-21 19:12:49,614 [grpc-default-executor-5] INFO  impl.RaftServerImpl (RaftServerImpl.java:setRole(184)) - 1b813ef4-47a4-4bfc-8eb5-c34ae440adb1@group-73E40DF2990B: changes role from  FOLLOWER to FOLLOWER at term 92 for recognizeCandidate:f2627371-a904-4314-a836-5eb8f54559ec
2019-10-21 19:12:49,614 [grpc-default-executor-1] INFO  impl.RoleInfo (RoleInfo.java:shutdownFollowerState(121)) - e6a83585-83d0-4616-a3d5-866875ad8a29: shutdown FollowerState
2019-10-21 19:12:49,615 [grpc-default-executor-5] INFO  impl.RoleInfo (RoleInfo.java:shutdownFollowerState(121)) - 1b813ef4-47a4-4bfc-8eb5-c34ae440adb1: shutdown FollowerState
2019-10-21 19:12:49,615 [Thread-784] INFO  impl.FollowerState (FollowerState.java:run(117)) - e6a83585-83d0-4616-a3d5-866875ad8a29@group-73E40DF2990B-FollowerState was interrupted: java.lang.InterruptedException: sleep interrupted
2019-10-21 19:12:49,615 [grpc-default-executor-1] INFO  impl.RoleInfo (RoleInfo.java:updateAndGet(143)) - e6a83585-83d0-4616-a3d5-866875ad8a29: start FollowerState
2019-10-21 19:12:49,615 [grpc-default-executor-5] INFO  impl.RoleInfo (RoleInfo.java:updateAndGet(143)) - 1b813ef4-47a4-4bfc-8eb5-c34ae440adb1: start FollowerState
2019-10-21 19:12:49,615 [Thread-785] INFO  impl.FollowerState (FollowerState.java:run(117)) - 1b813ef4-47a4-4bfc-8eb5-c34ae440adb1@group-73E40DF2990B-FollowerState was interrupted: java.lang.InterruptedException: sleep interrupted
2019-10-21 19:12:49,629 [f2627371-a904-4314-a836-5eb8f54559ec@group-73E40DF2990B-LeaderElection86] INFO  impl.LeaderElection (LeaderElection.java:logAndReturn(56)) - f2627371-a904-4314-a836-5eb8f54559ec@group-73E40DF2990B-LeaderElection86: Election REJECTED; received 2 response(s) [f2627371-a904-4314-a836-5eb8f54559ec<-e6a83585-83d0-4616-a3d5-866875ad8a29#0:FAIL-t92, f2627371-a904-4314-a836-5eb8f54559ec<-1b813ef4-47a4-4bfc-8eb5-c34ae440adb1#0:FAIL-t92] and 0 exception(s); f2627371-a904-4314-a836-5eb8f54559ec@group-73E40DF2990B:t92, leader=null, voted=f2627371-a904-4314-a836-5eb8f54559ec, raftlog=f2627371-a904-4314-a836-5eb8f54559ec@group-73E40DF2990B-SegmentedRaftLog:OPENED:c-1,f-1,i0, conf=-1: [e6a83585-83d0-4616-a3d5-866875ad8a29:192.168.34.32:46159, f2627371-a904-4314-a836-5eb8f54559ec:192.168.34.32:33224, 1b813ef4-47a4-4bfc-8eb5-c34ae440adb1:192.168.34.32:36113], old=null
2019-10-21 19:12:49,629 [f2627371-a904-4314-a836-5eb8f54559ec@group-73E40DF2990B-LeaderElection86] INFO  impl.RaftServerImpl (RaftServerImpl.java:setRole(184)) - f2627371-a904-4314-a836-5eb8f54559ec@group-73E40DF2990B: changes role from CANDIDATE to FOLLOWER at term 92 for DISCOVERED_A_NEW_TERM
2019-10-21 19:12:49,629 [f2627371-a904-4314-a836-5eb8f54559ec@group-73E40DF2990B-LeaderElection86] INFO  impl.RoleInfo (RoleInfo.java:shutdownLeaderElection(134)) - f2627371-a904-4314-a836-5eb8f54559ec: shutdown LeaderElection
2019-10-21 19:12:49,629 [f2627371-a904-4314-a836-5eb8f54559ec@group-73E40DF2990B-LeaderElection86] INFO  impl.RoleInfo (RoleInfo.java:updateAndGet(143)) - f2627371-a904-4314-a836-5eb8f54559ec: start FollowerState
2019-10-21 19:12:49,758 [Thread-792] INFO  impl.FollowerState (FollowerState.java:run(108)) - f2627371-a904-4314-a836-5eb8f54559ec@group-73E40DF2990B-FollowerState: change to CANDIDATE, lastRpcTime:128ms, electionTimeout:128ms
2019-10-21 19:12:49,758 [Thread-792] INFO  impl.RoleInfo (RoleInfo.java:shutdownFollowerState(121)) - f2627371-a904-4314-a836-5eb8f54559ec: shutdown FollowerState
2019-10-21 19:12:49,758 [Thread-792] INFO  impl.RaftServerImpl (RaftServerImpl.java:setRole(184)) - f2627371-a904-4314-a836-5eb8f54559ec@group-73E40DF2990B: changes role from  FOLLOWER to CANDIDATE at term 92 for changeToCandidate
2019-10-21 19:12:49,758 [Thread-792] INFO  impl.RoleInfo (RoleInfo.java:updateAndGet(143)) - f2627371-a904-4314-a836-5eb8f54559ec: start LeaderElection
2019-10-21 19:12:49,772 [f2627371-a904-4314-a836-5eb8f54559ec@group-73E40DF2990B-LeaderElection87] INFO  impl.LeaderElection (LeaderElection.java:askForVotes(178)) - f2627371-a904-4314-a836-5eb8f54559ec@group-73E40DF2990B-LeaderElection87: begin an election at term 93 for -1: [e6a83585-83d0-4616-a3d5-866875ad8a29:192.168.34.32:46159, f2627371-a904-4314-a836-5eb8f54559ec:192.168.34.32:33224, 1b813ef4-47a4-4bfc-8eb5-c34ae440adb1:192.168.34.32:36113], old=null
2019-10-21 19:12:49,776 [grpc-default-executor-1] INFO  impl.RaftServerImpl (RaftServerImpl.java:setRole(184)) - e6a83585-83d0-4616-a3d5-866875ad8a29@group-73E40DF2990B: changes role from  FOLLOWER to FOLLOWER at term 93 for recognizeCandidate:f2627371-a904-4314-a836-5eb8f54559ec
2019-10-21 19:12:49,776 [grpc-default-executor-1] INFO  impl.RoleInfo (RoleInfo.java:shutdownFollowerState(121)) - e6a83585-83d0-4616-a3d5-866875ad8a29: shutdown FollowerState
2019-10-21 19:12:49,776 [grpc-default-executor-5] INFO  impl.RaftServerImpl (RaftServerImpl.java:setRole(184)) - 1b813ef4-47a4-4bfc-8eb5-c34ae440adb1@group-73E40DF2990B: changes role from  FOLLOWER to FOLLOWER at term 93 for recognizeCandidate:f2627371-a904-4314-a836-5eb8f54559ec
2019-10-21 19:12:49,776 [grpc-default-executor-1] INFO  impl.RoleInfo (RoleInfo.java:updateAndGet(143)) - e6a83585-83d0-4616-a3d5-866875ad8a29: start FollowerState
2019-10-21 19:12:49,776 [Thread-790] INFO  impl.FollowerState (FollowerState.java:run(117)) - e6a83585-83d0-4616-a3d5-866875ad8a29@group-73E40DF2990B-FollowerState was interrupted: java.lang.InterruptedException: sleep interrupted
2019-10-21 19:12:49,776 [grpc-default-executor-5] INFO  impl.RoleInfo (RoleInfo.java:shutdownFollowerState(121)) - 1b813ef4-47a4-4bfc-8eb5-c34ae440adb1: shutdown FollowerState
2019-10-21 19:12:49,777 [grpc-default-executor-5] INFO  impl.RoleInfo (RoleInfo.java:updateAndGet(143)) - 1b813ef4-47a4-4bfc-8eb5-c34ae440adb1: start FollowerState
2019-10-21 19:12:49,777 [Thread-791] INFO  impl.FollowerState (FollowerState.java:run(117)) - 1b813ef4-47a4-4bfc-8eb5-c34ae440adb1@group-73E40DF2990B-FollowerState was interrupted: java.lang.InterruptedException: sleep interrupted
2019-10-21 19:12:49,794 [f2627371-a904-4314-a836-5eb8f54559ec@group-73E40DF2990B-LeaderElection87] INFO  impl.LeaderElection (LeaderElection.java:logAndReturn(56)) - f2627371-a904-4314-a836-5eb8f54559ec@group-73E40DF2990B-LeaderElection87: Election REJECTED; received 2 response(s) [f2627371-a904-4314-a836-5eb8f54559ec<-e6a83585-83d0-4616-a3d5-866875ad8a29#0:FAIL-t93, f2627371-a904-4314-a836-5eb8f54559ec<-1b813ef4-47a4-4bfc-8eb5-c34ae440adb1#0:FAIL-t93] and 0 exception(s); f2627371-a904-4314-a836-5eb8f54559ec@group-73E40DF2990B:t93, leader=null, voted=f2627371-a904-4314-a836-5eb8f54559ec, raftlog=f2627371-a904-4314-a836-5eb8f54559ec@group-73E40DF2990B-SegmentedRaftLog:OPENED:c-1,f-1,i0, conf=-1: [e6a83585-83d0-4616-a3d5-866875ad8a29:192.168.34.32:46159, f2627371-a904-4314-a836-5eb8f54559ec:192.168.34.32:33224, 1b813ef4-47a4-4bfc-8eb5-c34ae440adb1:192.168.34.32:36113], old=null
2019-10-21 19:12:49,795 [f2627371-a904-4314-a836-5eb8f54559ec@group-73E40DF2990B-LeaderElection87] INFO  impl.RaftServerImpl (RaftServerImpl.java:setRole(184)) - f2627371-a904-4314-a836-5eb8f54559ec@group-73E40DF2990B: changes role from CANDIDATE to FOLLOWER at term 93 for DISCOVERED_A_NEW_TERM
2019-10-21 19:12:49,795 [f2627371-a904-4314-a836-5eb8f54559ec@group-73E40DF2990B-LeaderElection87] INFO  impl.RoleInfo (RoleInfo.java:shutdownLeaderElection(134)) - f2627371-a904-4314-a836-5eb8f54559ec: shutdown LeaderElection
2019-10-21 19:12:49,795 [f2627371-a904-4314-a836-5eb8f54559ec@group-73E40DF2990B-LeaderElection87] INFO  impl.RoleInfo (RoleInfo.java:updateAndGet(143)) - f2627371-a904-4314-a836-5eb8f54559ec: start FollowerState
2019-10-21 19:12:49,885 [Thread-798] INFO  impl.FollowerState (FollowerState.java:run(108)) - f2627371-a904-4314-a836-5eb8f54559ec@group-73E40DF2990B-FollowerState: change to CANDIDATE, lastRpcTime:89ms, electionTimeout:89ms
2019-10-21 19:12:49,885 [Thread-798] INFO  impl.RoleInfo (RoleInfo.java:shutdownFollowerState(121)) - f2627371-a904-4314-a836-5eb8f54559ec: shutdown FollowerState
2019-10-21 19:12:49,885 [Thread-798] INFO  impl.RaftServerImpl (RaftServerImpl.java:setRole(184)) - f2627371-a904-4314-a836-5eb8f54559ec@group-73E40DF2990B: changes role from  FOLLOWER to CANDIDATE at term 93 for changeToCandidate
2019-10-21 19:12:49,885 [Thread-798] INFO  impl.RoleInfo (RoleInfo.java:updateAndGet(143)) - f2627371-a904-4314-a836-5eb8f54559ec: start LeaderElection
2019-10-21 19:12:49,899 [f2627371-a904-4314-a836-5eb8f54559ec@group-73E40DF2990B-LeaderElection88] INFO  impl.LeaderElection (LeaderElection.java:askForVotes(178)) - f2627371-a904-4314-a836-5eb8f54559ec@group-73E40DF2990B-LeaderElection88: begin an election at term 94 for -1: [e6a83585-83d0-4616-a3d5-866875ad8a29:192.168.34.32:46159, f2627371-a904-4314-a836-5eb8f54559ec:192.168.34.32:33224, 1b813ef4-47a4-4bfc-8eb5-c34ae440adb1:192.168.34.32:36113], old=null
2019-10-21 19:12:49,902 [grpc-default-executor-5] INFO  impl.RaftServerImpl (RaftServerImpl.java:setRole(184)) - e6a83585-83d0-4616-a3d5-866875ad8a29@group-73E40DF2990B: changes role from  FOLLOWER to FOLLOWER at term 94 for recognizeCandidate:f2627371-a904-4314-a836-5eb8f54559ec
2019-10-21 19:12:49,902 [grpc-default-executor-5] INFO  impl.RoleInfo (RoleInfo.java:shutdownFollowerState(121)) - e6a83585-83d0-4616-a3d5-866875ad8a29: shutdown FollowerState
2019-10-21 19:12:49,902 [grpc-default-executor-5] INFO  impl.RoleInfo (RoleInfo.java:updateAndGet(143)) - e6a83585-83d0-4616-a3d5-866875ad8a29: start FollowerState
2019-10-21 19:12:49,902 [Thread-796] INFO  impl.FollowerState (FollowerState.java:run(117)) - e6a83585-83d0-4616-a3d5-866875ad8a29@group-73E40DF2990B-FollowerState was interrupted: java.lang.InterruptedException: sleep interrupted
2019-10-21 19:12:49,902 [grpc-default-executor-1] INFO  impl.RaftServerImpl (RaftServerImpl.java:setRole(184)) - 1b813ef4-47a4-4bfc-8eb5-c34ae440adb1@group-73E40DF2990B: changes role from  FOLLOWER to FOLLOWER at term 94 for recognizeCandidate:f2627371-a904-4314-a836-5eb8f54559ec
2019-10-21 19:12:49,902 [grpc-default-executor-1] INFO  impl.RoleInfo (RoleInfo.java:shutdownFollowerState(121)) - 1b813ef4-47a4-4bfc-8eb5-c34ae440adb1: shutdown FollowerState
2019-10-21 19:12:49,902 [grpc-default-executor-1] INFO  impl.RoleInfo (RoleInfo.java:updateAndGet(143)) - 1b813ef4-47a4-4bfc-8eb5-c34ae440adb1: start FollowerState
2019-10-21 19:12:49,902 [Thread-797] INFO  impl.FollowerState (FollowerState.java:run(117)) - 1b813ef4-47a4-4bfc-8eb5-c34ae440adb1@group-73E40DF2990B-FollowerState was interrupted: java.lang.InterruptedException: sleep interrupted
2019-10-21 19:12:49,917 [f2627371-a904-4314-a836-5eb8f54559ec@group-73E40DF2990B-LeaderElection88] INFO  impl.LeaderElection (LeaderElection.java:logAndReturn(56)) - f2627371-a904-4314-a836-5eb8f54559ec@group-73E40DF2990B-LeaderElection88: Election REJECTED; received 2 response(s) [f2627371-a904-4314-a836-5eb8f54559ec<-e6a83585-83d0-4616-a3d5-866875ad8a29#0:FAIL-t94, f2627371-a904-4314-a836-5eb8f54559ec<-1b813ef4-47a4-4bfc-8eb5-c34ae440adb1#0:FAIL-t94] and 0 exception(s); f2627371-a904-4314-a836-5eb8f54559ec@group-73E40DF2990B:t94, leader=null, voted=f2627371-a904-4314-a836-5eb8f54559ec, raftlog=f2627371-a904-4314-a836-5eb8f54559ec@group-73E40DF2990B-SegmentedRaftLog:OPENED:c-1,f-1,i0, conf=-1: [e6a83585-83d0-4616-a3d5-866875ad8a29:192.168.34.32:46159, f2627371-a904-4314-a836-5eb8f54559ec:192.168.34.32:33224, 1b813ef4-47a4-4bfc-8eb5-c34ae440adb1:192.168.34.32:36113], old=null
2019-10-21 19:12:49,917 [f2627371-a904-4314-a836-5eb8f54559ec@group-73E40DF2990B-LeaderElection88] INFO  impl.RaftServerImpl (RaftServerImpl.java:setRole(184)) - f2627371-a904-4314-a836-5eb8f54559ec@group-73E40DF2990B: changes role from CANDIDATE to FOLLOWER at term 94 for DISCOVERED_A_NEW_TERM
2019-10-21 19:12:49,917 [f2627371-a904-4314-a836-5eb8f54559ec@group-73E40DF2990B-LeaderElection88] INFO  impl.RoleInfo (RoleInfo.java:shutdownLeaderElection(134)) - f2627371-a904-4314-a836-5eb8f54559ec: shutdown LeaderElection
2019-10-21 19:12:49,917 [f2627371-a904-4314-a836-5eb8f54559ec@group-73E40DF2990B-LeaderElection88] INFO  impl.RoleInfo (RoleInfo.java:updateAndGet(143)) - f2627371-a904-4314-a836-5eb8f54559ec: start FollowerState
2019-10-21 19:12:50,091 [Thread-804] INFO  impl.FollowerState (FollowerState.java:run(108)) - f2627371-a904-4314-a836-5eb8f54559ec@group-73E40DF2990B-FollowerState: change to CANDIDATE, lastRpcTime:173ms, electionTimeout:173ms
2019-10-21 19:12:50,091 [Thread-804] INFO  impl.RoleInfo (RoleInfo.java:shutdownFollowerState(121)) - f2627371-a904-4314-a836-5eb8f54559ec: shutdown FollowerState
2019-10-21 19:12:50,091 [Thread-804] INFO  impl.RaftServerImpl (RaftServerImpl.java:setRole(184)) - f2627371-a904-4314-a836-5eb8f54559ec@group-73E40DF2990B: changes role from  FOLLOWER to CANDIDATE at term 94 for changeToCandidate
2019-10-21 19:12:50,091 [Thread-804] INFO  impl.RoleInfo (RoleInfo.java:updateAndGet(143)) - f2627371-a904-4314-a836-5eb8f54559ec: start LeaderElection
2019-10-21 19:12:50,105 [f2627371-a904-4314-a836-5eb8f54559ec@group-73E40DF2990B-LeaderElection89] INFO  impl.LeaderElection (LeaderElection.java:askForVotes(178)) - f2627371-a904-4314-a836-5eb8f54559ec@group-73E40DF2990B-LeaderElection89: begin an election at term 95 for -1: [e6a83585-83d0-4616-a3d5-866875ad8a29:192.168.34.32:46159, f2627371-a904-4314-a836-5eb8f54559ec:192.168.34.32:33224, 1b813ef4-47a4-4bfc-8eb5-c34ae440adb1:192.168.34.32:36113], old=null
2019-10-21 19:12:50,108 [grpc-default-executor-1] INFO  impl.RaftServerImpl (RaftServerImpl.java:setRole(184)) - e6a83585-83d0-4616-a3d5-866875ad8a29@group-73E40DF2990B: changes role from  FOLLOWER to FOLLOWER at term 95 for recognizeCandidate:f2627371-a904-4314-a836-5eb8f54559ec
2019-10-21 19:12:50,108 [grpc-default-executor-1] INFO  impl.RoleInfo (RoleInfo.java:shutdownFollowerState(121)) - e6a83585-83d0-4616-a3d5-866875ad8a29: shutdown FollowerState
2019-10-21 19:12:50,108 [grpc-default-executor-5] INFO  impl.RaftServerImpl (RaftServerImpl.java:setRole(184)) - 1b813ef4-47a4-4bfc-8eb5-c34ae440adb1@group-73E40DF2990B: changes role from  FOLLOWER to FOLLOWER at term 95 for recognizeCandidate:f2627371-a904-4314-a836-5eb8f54559ec
2019-10-21 19:12:50,108 [grpc-default-executor-1] INFO  impl.RoleInfo (RoleInfo.java:updateAndGet(143)) - e6a83585-83d0-4616-a3d5-866875ad8a29: start FollowerState
2019-10-21 19:12:50,108 [Thread-802] INFO  impl.FollowerState (FollowerState.java:run(117)) - e6a83585-83d0-4616-a3d5-866875ad8a29@group-73E40DF2990B-FollowerState was interrupted: java.lang.InterruptedException: sleep interrupted
2019-10-21 19:12:50,109 [grpc-default-executor-5] INFO  impl.RoleInfo (RoleInfo.java:shutdownFollowerState(121)) - 1b813ef4-47a4-4bfc-8eb5-c34ae440adb1: shutdown FollowerState
2019-10-21 19:12:50,109 [grpc-default-executor-5] INFO  impl.RoleInfo (RoleInfo.java:updateAndGet(143)) - 1b813ef4-47a4-4bfc-8eb5-c34ae440adb1: start FollowerState
2019-10-21 19:12:50,109 [Thread-803] INFO  impl.FollowerState (FollowerState.java:run(117)) - 1b813ef4-47a4-4bfc-8eb5-c34ae440adb1@group-73E40DF2990B-FollowerState was interrupted: java.lang.InterruptedException: sleep interrupted
2019-10-21 19:12:50,124 [f2627371-a904-4314-a836-5eb8f54559ec@group-73E40DF2990B-LeaderElection89] INFO  impl.LeaderElection (LeaderElection.java:logAndReturn(56)) - f2627371-a904-4314-a836-5eb8f54559ec@group-73E40DF2990B-LeaderElection89: Election REJECTED; received 2 response(s) [f2627371-a904-4314-a836-5eb8f54559ec<-e6a83585-83d0-4616-a3d5-866875ad8a29#0:FAIL-t95, f2627371-a904-4314-a836-5eb8f54559ec<-1b813ef4-47a4-4bfc-8eb5-c34ae440adb1#0:FAIL-t95] and 0 exception(s); f2627371-a904-4314-a836-5eb8f54559ec@group-73E40DF2990B:t95, leader=null, voted=f2627371-a904-4314-a836-5eb8f54559ec, raftlog=f2627371-a904-4314-a836-5eb8f54559ec@group-73E40DF2990B-SegmentedRaftLog:OPENED:c-1,f-1,i0, conf=-1: [e6a83585-83d0-4616-a3d5-866875ad8a29:192.168.34.32:46159, f2627371-a904-4314-a836-5eb8f54559ec:192.168.34.32:33224, 1b813ef4-47a4-4bfc-8eb5-c34ae440adb1:192.168.34.32:36113], old=null
2019-10-21 19:12:50,124 [f2627371-a904-4314-a836-5eb8f54559ec@group-73E40DF2990B-LeaderElection89] INFO  impl.RaftServerImpl (RaftServerImpl.java:setRole(184)) - f2627371-a904-4314-a836-5eb8f54559ec@group-73E40DF2990B: changes role from CANDIDATE to FOLLOWER at term 95 for DISCOVERED_A_NEW_TERM
2019-10-21 19:12:50,125 [f2627371-a904-4314-a836-5eb8f54559ec@group-73E40DF2990B-LeaderElection89] INFO  impl.RoleInfo (RoleInfo.java:shutdownLeaderElection(134)) - f2627371-a904-4314-a836-5eb8f54559ec: shutdown LeaderElection
2019-10-21 19:12:50,125 [f2627371-a904-4314-a836-5eb8f54559ec@group-73E40DF2990B-LeaderElection89] INFO  impl.RoleInfo (RoleInfo.java:updateAndGet(143)) - f2627371-a904-4314-a836-5eb8f54559ec: start FollowerState
2019-10-21 19:12:50,182 [Thread-810] INFO  impl.FollowerState (FollowerState.java:run(108)) - f2627371-a904-4314-a836-5eb8f54559ec@group-73E40DF2990B-FollowerState: change to CANDIDATE, lastRpcTime:57ms, electionTimeout:57ms
2019-10-21 19:12:50,182 [Thread-810] INFO  impl.RoleInfo (RoleInfo.java:shutdownFollowerState(121)) - f2627371-a904-4314-a836-5eb8f54559ec: shutdown FollowerState
2019-10-21 19:12:50,183 [Thread-810] INFO  impl.RaftServerImpl (RaftServerImpl.java:setRole(184)) - f2627371-a904-4314-a836-5eb8f54559ec@group-73E40DF2990B: changes role from  FOLLOWER to CANDIDATE at term 95 for changeToCandidate
2019-10-21 19:12:50,183 [Thread-810] INFO  impl.RoleInfo (RoleInfo.java:updateAndGet(143)) - f2627371-a904-4314-a836-5eb8f54559ec: start LeaderElection
2019-10-21 19:12:50,197 [f2627371-a904-4314-a836-5eb8f54559ec@group-73E40DF2990B-LeaderElection90] INFO  impl.LeaderElection (LeaderElection.java:askForVotes(178)) - f2627371-a904-4314-a836-5eb8f54559ec@group-73E40DF2990B-LeaderElection90: begin an election at term 96 for -1: [e6a83585-83d0-4616-a3d5-866875ad8a29:192.168.34.32:46159, f2627371-a904-4314-a836-5eb8f54559ec:192.168.34.32:33224, 1b813ef4-47a4-4bfc-8eb5-c34ae440adb1:192.168.34.32:36113], old=null
2019-10-21 19:12:50,199 [grpc-default-executor-5] INFO  impl.RaftServerImpl (RaftServerImpl.java:setRole(184)) - e6a83585-83d0-4616-a3d5-866875ad8a29@group-73E40DF2990B: changes role from  FOLLOWER to FOLLOWER at term 96 for recognizeCandidate:f2627371-a904-4314-a836-5eb8f54559ec
2019-10-21 19:12:50,199 [grpc-default-executor-5] INFO  impl.RoleInfo (RoleInfo.java:shutdownFollowerState(121)) - e6a83585-83d0-4616-a3d5-866875ad8a29: shutdown FollowerState
2019-10-21 19:12:50,199 [grpc-default-executor-5] INFO  impl.RoleInfo (RoleInfo.java:updateAndGet(143)) - e6a83585-83d0-4616-a3d5-866875ad8a29: start FollowerState
2019-10-21 19:12:50,199 [grpc-default-executor-1] INFO  impl.RaftServerImpl (RaftServerImpl.java:setRole(184)) - 1b813ef4-47a4-4bfc-8eb5-c34ae440adb1@group-73E40DF2990B: changes role from  FOLLOWER to FOLLOWER at term 96 for recognizeCandidate:f2627371-a904-4314-a836-5eb8f54559ec
2019-10-21 19:12:50,199 [Thread-808] INFO  impl.FollowerState (FollowerState.java:run(117)) - e6a83585-83d0-4616-a3d5-866875ad8a29@group-73E40DF2990B-FollowerState was interrupted: java.lang.InterruptedException: sleep interrupted
2019-10-21 19:12:50,200 [grpc-default-executor-1] INFO  impl.RoleInfo (RoleInfo.java:shutdownFollowerState(121)) - 1b813ef4-47a4-4bfc-8eb5-c34ae440adb1: shutdown FollowerState
2019-10-21 19:12:50,200 [grpc-default-executor-1] INFO  impl.RoleInfo (RoleInfo.java:updateAndGet(143)) - 1b813ef4-47a4-4bfc-8eb5-c34ae440adb1: start FollowerState
2019-10-21 19:12:50,200 [Thread-809] INFO  impl.FollowerState (FollowerState.java:run(117)) - 1b813ef4-47a4-4bfc-8eb5-c34ae440adb1@group-73E40DF2990B-FollowerState was interrupted: java.lang.InterruptedException: sleep interrupted
2019-10-21 19:12:50,214 [f2627371-a904-4314-a836-5eb8f54559ec@group-73E40DF2990B-LeaderElection90] INFO  impl.LeaderElection (LeaderElection.java:logAndReturn(56)) - f2627371-a904-4314-a836-5eb8f54559ec@group-73E40DF2990B-LeaderElection90: Election REJECTED; received 2 response(s) [f2627371-a904-4314-a836-5eb8f54559ec<-e6a83585-83d0-4616-a3d5-866875ad8a29#0:FAIL-t96, f2627371-a904-4314-a836-5eb8f54559ec<-1b813ef4-47a4-4bfc-8eb5-c34ae440adb1#0:FAIL-t96] and 0 exception(s); f2627371-a904-4314-a836-5eb8f54559ec@group-73E40DF2990B:t96, leader=null, voted=f2627371-a904-4314-a836-5eb8f54559ec, raftlog=f2627371-a904-4314-a836-5eb8f54559ec@group-73E40DF2990B-SegmentedRaftLog:OPENED:c-1,f-1,i0, conf=-1: [e6a83585-83d0-4616-a3d5-866875ad8a29:192.168.34.32:46159, f2627371-a904-4314-a836-5eb8f54559ec:192.168.34.32:33224, 1b813ef4-47a4-4bfc-8eb5-c34ae440adb1:192.168.34.32:36113], old=null
2019-10-21 19:12:50,215 [f2627371-a904-4314-a836-5eb8f54559ec@group-73E40DF2990B-LeaderElection90] INFO  impl.RaftServerImpl (RaftServerImpl.java:setRole(184)) - f2627371-a904-4314-a836-5eb8f54559ec@group-73E40DF2990B: changes role from CANDIDATE to FOLLOWER at term 96 for DISCOVERED_A_NEW_TERM
2019-10-21 19:12:50,215 [f2627371-a904-4314-a836-5eb8f54559ec@group-73E40DF2990B-LeaderElection90] INFO  impl.RoleInfo (RoleInfo.java:shutdownLeaderElection(134)) - f2627371-a904-4314-a836-5eb8f54559ec: shutdown LeaderElection
2019-10-21 19:12:50,215 [f2627371-a904-4314-a836-5eb8f54559ec@group-73E40DF2990B-LeaderElection90] INFO  impl.RoleInfo (RoleInfo.java:updateAndGet(143)) - f2627371-a904-4314-a836-5eb8f54559ec: start FollowerState
2019-10-21 19:12:50,313 [Thread-818] INFO  impl.FollowerState (FollowerState.java:run(108)) - f2627371-a904-4314-a836-5eb8f54559ec@group-73E40DF2990B-FollowerState: change to CANDIDATE, lastRpcTime:98ms, electionTimeout:98ms
2019-10-21 19:12:50,313 [Thread-818] INFO  impl.RoleInfo (RoleInfo.java:shutdownFollowerState(121)) - f2627371-a904-4314-a836-5eb8f54559ec: shutdown FollowerState
2019-10-21 19:12:50,313 [Thread-818] INFO  impl.RaftServerImpl (RaftServerImpl.java:setRole(184)) - f2627371-a904-4314-a836-5eb8f54559ec@group-73E40DF2990B: changes role from  FOLLOWER to CANDIDATE at term 96 for changeToCandidate
2019-10-21 19:12:50,314 [Thread-818] INFO  impl.RoleInfo (RoleInfo.java:updateAndGet(143)) - f2627371-a904-4314-a836-5eb8f54559ec: start LeaderElection
2019-10-21 19:12:50,327 [f2627371-a904-4314-a836-5eb8f54559ec@group-73E40DF2990B-LeaderElection91] INFO  impl.LeaderElection (LeaderElection.java:askForVotes(178)) - f2627371-a904-4314-a836-5eb8f54559ec@group-73E40DF2990B-LeaderElection91: begin an election at term 97 for -1: [e6a83585-83d0-4616-a3d5-866875ad8a29:192.168.34.32:46159, f2627371-a904-4314-a836-5eb8f54559ec:192.168.34.32:33224, 1b813ef4-47a4-4bfc-8eb5-c34ae440adb1:192.168.34.32:36113], old=null
2019-10-21 19:12:50,329 [grpc-default-executor-1] INFO  impl.RaftServerImpl (RaftServerImpl.java:setRole(184)) - e6a83585-83d0-4616-a3d5-866875ad8a29@group-73E40DF2990B: changes role from  FOLLOWER to FOLLOWER at term 97 for recognizeCandidate:f2627371-a904-4314-a836-5eb8f54559ec
2019-10-21 19:12:50,329 [grpc-default-executor-1] INFO  impl.RoleInfo (RoleInfo.java:shutdownFollowerState(121)) - e6a83585-83d0-4616-a3d5-866875ad8a29: shutdown FollowerState
2019-10-21 19:12:50,330 [grpc-default-executor-1] INFO  impl.RoleInfo (RoleInfo.java:updateAndGet(143)) - e6a83585-83d0-4616-a3d5-866875ad8a29: start FollowerState
2019-10-21 19:12:50,330 [Thread-816] INFO  impl.FollowerState (FollowerState.java:run(117)) - e6a83585-83d0-4616-a3d5-866875ad8a29@group-73E40DF2990B-FollowerState was interrupted: java.lang.InterruptedException: sleep interrupted
2019-10-21 19:12:50,330 [grpc-default-executor-5] INFO  impl.RaftServerImpl (RaftServerImpl.java:setRole(184)) - 1b813ef4-47a4-4bfc-8eb5-c34ae440adb1@group-73E40DF2990B: changes role from  FOLLOWER to FOLLOWER at term 97 for recognizeCandidate:f2627371-a904-4314-a836-5eb8f54559ec
2019-10-21 19:12:50,330 [grpc-default-executor-5] INFO  impl.RoleInfo (RoleInfo.java:shutdownFollowerState(121)) - 1b813ef4-47a4-4bfc-8eb5-c34ae440adb1: shutdown FollowerState
2019-10-21 19:12:50,330 [grpc-default-executor-5] INFO  impl.RoleInfo (RoleInfo.java:updateAndGet(143)) - 1b813ef4-47a4-4bfc-8eb5-c34ae440adb1: start FollowerState
2019-10-21 19:12:50,330 [Thread-817] INFO  impl.FollowerState (FollowerState.java:run(117)) - 1b813ef4-47a4-4bfc-8eb5-c34ae440adb1@group-73E40DF2990B-FollowerState was interrupted: java.lang.InterruptedException: sleep interrupted
2019-10-21 19:12:50,346 [f2627371-a904-4314-a836-5eb8f54559ec@group-73E40DF2990B-LeaderElection91] INFO  impl.LeaderElection (LeaderElection.java:logAndReturn(56)) - f2627371-a904-4314-a836-5eb8f54559ec@group-73E40DF2990B-LeaderElection91: Election REJECTED; received 2 response(s) [f2627371-a904-4314-a836-5eb8f54559ec<-e6a83585-83d0-4616-a3d5-866875ad8a29#0:FAIL-t97, f2627371-a904-4314-a836-5eb8f54559ec<-1b813ef4-47a4-4bfc-8eb5-c34ae440adb1#0:FAIL-t97] and 0 exception(s); f2627371-a904-4314-a836-5eb8f54559ec@group-73E40DF2990B:t97, leader=null, voted=f2627371-a904-4314-a836-5eb8f54559ec, raftlog=f2627371-a904-4314-a836-5eb8f54559ec@group-73E40DF2990B-SegmentedRaftLog:OPENED:c-1,f-1,i0, conf=-1: [e6a83585-83d0-4616-a3d5-866875ad8a29:192.168.34.32:46159, f2627371-a904-4314-a836-5eb8f54559ec:192.168.34.32:33224, 1b813ef4-47a4-4bfc-8eb5-c34ae440adb1:192.168.34.32:36113], old=null
2019-10-21 19:12:50,346 [f2627371-a904-4314-a836-5eb8f54559ec@group-73E40DF2990B-LeaderElection91] INFO  impl.RaftServerImpl (RaftServerImpl.java:setRole(184)) - f2627371-a904-4314-a836-5eb8f54559ec@group-73E40DF2990B: changes role from CANDIDATE to FOLLOWER at term 97 for DISCOVERED_A_NEW_TERM
2019-10-21 19:12:50,346 [f2627371-a904-4314-a836-5eb8f54559ec@group-73E40DF2990B-LeaderElection91] INFO  impl.RoleInfo (RoleInfo.java:shutdownLeaderElection(134)) - f2627371-a904-4314-a836-5eb8f54559ec: shutdown LeaderElection
2019-10-21 19:12:50,346 [f2627371-a904-4314-a836-5eb8f54559ec@group-73E40DF2990B-LeaderElection91] INFO  impl.RoleInfo (RoleInfo.java:updateAndGet(143)) - f2627371-a904-4314-a836-5eb8f54559ec: start FollowerState
2019-10-21 19:12:50,348 [Thread-824] INFO  impl.FollowerState (FollowerState.java:run(108)) - f2627371-a904-4314-a836-5eb8f54559ec@group-73E40DF2990B-FollowerState: change to CANDIDATE, lastRpcTime:1ms, electionTimeout:1ms
2019-10-21 19:12:50,348 [Thread-824] INFO  impl.RoleInfo (RoleInfo.java:shutdownFollowerState(121)) - f2627371-a904-4314-a836-5eb8f54559ec: shutdown FollowerState
2019-10-21 19:12:50,348 [Thread-824] INFO  impl.RaftServerImpl (RaftServerImpl.java:setRole(184)) - f2627371-a904-4314-a836-5eb8f54559ec@group-73E40DF2990B: changes role from  FOLLOWER to CANDIDATE at term 97 for changeToCandidate
2019-10-21 19:12:50,348 [Thread-824] INFO  impl.RoleInfo (RoleInfo.java:updateAndGet(143)) - f2627371-a904-4314-a836-5eb8f54559ec: start LeaderElection
2019-10-21 19:12:50,357 [f2627371-a904-4314-a836-5eb8f54559ec@group-73E40DF2990B-LeaderElection92] INFO  impl.LeaderElection (LeaderElection.java:askForVotes(178)) - f2627371-a904-4314-a836-5eb8f54559ec@group-73E40DF2990B-LeaderElection92: begin an election at term 98 for -1: [e6a83585-83d0-4616-a3d5-866875ad8a29:192.168.34.32:46159, f2627371-a904-4314-a836-5eb8f54559ec:192.168.34.32:33224, 1b813ef4-47a4-4bfc-8eb5-c34ae440adb1:192.168.34.32:36113], old=null
2019-10-21 19:12:50,359 [grpc-default-executor-1] INFO  impl.RaftServerImpl (RaftServerImpl.java:setRole(184)) - e6a83585-83d0-4616-a3d5-866875ad8a29@group-73E40DF2990B: changes role from  FOLLOWER to FOLLOWER at term 98 for recognizeCandidate:f2627371-a904-4314-a836-5eb8f54559ec
2019-10-21 19:12:50,359 [grpc-default-executor-1] INFO  impl.RoleInfo (RoleInfo.java:shutdownFollowerState(121)) - e6a83585-83d0-4616-a3d5-866875ad8a29: shutdown FollowerState
2019-10-21 19:12:50,359 [grpc-default-executor-1] INFO  impl.RoleInfo (RoleInfo.java:updateAndGet(143)) - e6a83585-83d0-4616-a3d5-866875ad8a29: start FollowerState
2019-10-21 19:12:50,359 [grpc-default-executor-5] INFO  impl.RaftServerImpl (RaftServerImpl.java:setRole(184)) - 1b813ef4-47a4-4bfc-8eb5-c34ae440adb1@group-73E40DF2990B: changes role from  FOLLOWER to FOLLOWER at term 98 for recognizeCandidate:f2627371-a904-4314-a836-5eb8f54559ec
2019-10-21 19:12:50,359 [grpc-default-executor-5] INFO  impl.RoleInfo (RoleInfo.java:shutdownFollowerState(121)) - 1b813ef4-47a4-4bfc-8eb5-c34ae440adb1: shutdown FollowerState
2019-10-21 19:12:50,359 [Thread-822] INFO  impl.FollowerState (FollowerState.java:run(117)) - e6a83585-83d0-4616-a3d5-866875ad8a29@group-73E40DF2990B-FollowerState was interrupted: java.lang.InterruptedException: sleep interrupted
2019-10-21 19:12:50,359 [Thread-823] INFO  impl.FollowerState (FollowerState.java:run(117)) - 1b813ef4-47a4-4bfc-8eb5-c34ae440adb1@group-73E40DF2990B-FollowerState was interrupted: java.lang.InterruptedException: sleep interrupted
2019-10-21 19:12:50,359 [grpc-default-executor-5] INFO  impl.RoleInfo (RoleInfo.java:updateAndGet(143)) - 1b813ef4-47a4-4bfc-8eb5-c34ae440adb1: start FollowerState
2019-10-21 19:12:50,375 [f2627371-a904-4314-a836-5eb8f54559ec@group-73E40DF2990B-LeaderElection92] INFO  impl.LeaderElection (LeaderElection.java:logAndReturn(56)) - f2627371-a904-4314-a836-5eb8f54559ec@group-73E40DF2990B-LeaderElection92: Election REJECTED; received 2 response(s) [f2627371-a904-4314-a836-5eb8f54559ec<-e6a83585-83d0-4616-a3d5-866875ad8a29#0:FAIL-t98, f2627371-a904-4314-a836-5eb8f54559ec<-1b813ef4-47a4-4bfc-8eb5-c34ae440adb1#0:FAIL-t98] and 0 exception(s); f2627371-a904-4314-a836-5eb8f54559ec@group-73E40DF2990B:t98, leader=null, voted=f2627371-a904-4314-a836-5eb8f54559ec, raftlog=f2627371-a904-4314-a836-5eb8f54559ec@group-73E40DF2990B-SegmentedRaftLog:OPENED:c-1,f-1,i0, conf=-1: [e6a83585-83d0-4616-a3d5-866875ad8a29:192.168.34.32:46159, f2627371-a904-4314-a836-5eb8f54559ec:192.168.34.32:33224, 1b813ef4-47a4-4bfc-8eb5-c34ae440adb1:192.168.34.32:36113], old=null
2019-10-21 19:12:50,375 [f2627371-a904-4314-a836-5eb8f54559ec@group-73E40DF2990B-LeaderElection92] INFO  impl.RaftServerImpl (RaftServerImpl.java:setRole(184)) - f2627371-a904-4314-a836-5eb8f54559ec@group-73E40DF2990B: changes role from CANDIDATE to FOLLOWER at term 98 for DISCOVERED_A_NEW_TERM
2019-10-21 19:12:50,375 [f2627371-a904-4314-a836-5eb8f54559ec@group-73E40DF2990B-LeaderElection92] INFO  impl.RoleInfo (RoleInfo.java:shutdownLeaderElection(134)) - f2627371-a904-4314-a836-5eb8f54559ec: shutdown LeaderElection
2019-10-21 19:12:50,375 [f2627371-a904-4314-a836-5eb8f54559ec@group-73E40DF2990B-LeaderElection92] INFO  impl.RoleInfo (RoleInfo.java:updateAndGet(143)) - f2627371-a904-4314-a836-5eb8f54559ec: start FollowerState
2019-10-21 19:12:50,546 [Thread-830] INFO  impl.FollowerState (FollowerState.java:run(108)) - f2627371-a904-4314-a836-5eb8f54559ec@group-73E40DF2990B-FollowerState: change to CANDIDATE, lastRpcTime:170ms, electionTimeout:170ms
2019-10-21 19:12:50,546 [Thread-830] INFO  impl.RoleInfo (RoleInfo.java:shutdownFollowerState(121)) - f2627371-a904-4314-a836-5eb8f54559ec: shutdown FollowerState
2019-10-21 19:12:50,546 [Thread-830] INFO  impl.RaftServerImpl (RaftServerImpl.java:setRole(184)) - f2627371-a904-4314-a836-5eb8f54559ec@group-73E40DF2990B: changes role from  FOLLOWER to CANDIDATE at term 98 for changeToCandidate
2019-10-21 19:12:50,546 [Thread-830] INFO  impl.RoleInfo (RoleInfo.java:updateAndGet(143)) - f2627371-a904-4314-a836-5eb8f54559ec: start LeaderElection
2019-10-21 19:12:50,560 [f2627371-a904-4314-a836-5eb8f54559ec@group-73E40DF2990B-LeaderElection93] INFO  impl.LeaderElection (LeaderElection.java:askForVotes(178)) - f2627371-a904-4314-a836-5eb8f54559ec@group-73E40DF2990B-LeaderElection93: begin an election at term 99 for -1: [e6a83585-83d0-4616-a3d5-866875ad8a29:192.168.34.32:46159, f2627371-a904-4314-a836-5eb8f54559ec:192.168.34.32:33224, 1b813ef4-47a4-4bfc-8eb5-c34ae440adb1:192.168.34.32:36113], old=null
2019-10-21 19:12:50,563 [grpc-default-executor-5] INFO  impl.RaftServerImpl (RaftServerImpl.java:setRole(184)) - e6a83585-83d0-4616-a3d5-866875ad8a29@group-73E40DF2990B: changes role from  FOLLOWER to FOLLOWER at term 99 for recognizeCandidate:f2627371-a904-4314-a836-5eb8f54559ec
2019-10-21 19:12:50,563 [grpc-default-executor-5] INFO  impl.RoleInfo (RoleInfo.java:shutdownFollowerState(121)) - e6a83585-83d0-4616-a3d5-866875ad8a29: shutdown FollowerState
2019-10-21 19:12:50,563 [grpc-default-executor-1] INFO  impl.RaftServerImpl (RaftServerImpl.java:setRole(184)) - 1b813ef4-47a4-4bfc-8eb5-c34ae440adb1@group-73E40DF2990B: changes role from  FOLLOWER to FOLLOWER at term 99 for recognizeCandidate:f2627371-a904-4314-a836-5eb8f54559ec
2019-10-21 19:12:50,563 [Thread-828] INFO  impl.FollowerState (FollowerState.java:run(117)) - e6a83585-83d0-4616-a3d5-866875ad8a29@group-73E40DF2990B-FollowerState was interrupted: java.lang.InterruptedException: sleep interrupted
2019-10-21 19:12:50,563 [grpc-default-executor-5] INFO  impl.RoleInfo (RoleInfo.java:updateAndGet(143)) - e6a83585-83d0-4616-a3d5-866875ad8a29: start FollowerState
2019-10-21 19:12:50,563 [grpc-default-executor-1] INFO  impl.RoleInfo (RoleInfo.java:shutdownFollowerState(121)) - 1b813ef4-47a4-4bfc-8eb5-c34ae440adb1: shutdown FollowerState
2019-10-21 19:12:50,564 [grpc-default-executor-1] INFO  impl.RoleInfo (RoleInfo.java:updateAndGet(143)) - 1b813ef4-47a4-4bfc-8eb5-c34ae440adb1: start FollowerState
2019-10-21 19:12:50,564 [Thread-829] INFO  impl.FollowerState (FollowerState.java:run(117)) - 1b813ef4-47a4-4bfc-8eb5-c34ae440adb1@group-73E40DF2990B-FollowerState was interrupted: java.lang.InterruptedException: sleep interrupted
2019-10-21 19:12:50,579 [f2627371-a904-4314-a836-5eb8f54559ec@group-73E40DF2990B-LeaderElection93] INFO  impl.LeaderElection (LeaderElection.java:logAndReturn(56)) - f2627371-a904-4314-a836-5eb8f54559ec@group-73E40DF2990B-LeaderElection93: Election REJECTED; received 2 response(s) [f2627371-a904-4314-a836-5eb8f54559ec<-e6a83585-83d0-4616-a3d5-866875ad8a29#0:FAIL-t99, f2627371-a904-4314-a836-5eb8f54559ec<-1b813ef4-47a4-4bfc-8eb5-c34ae440adb1#0:FAIL-t99] and 0 exception(s); f2627371-a904-4314-a836-5eb8f54559ec@group-73E40DF2990B:t99, leader=null, voted=f2627371-a904-4314-a836-5eb8f54559ec, raftlog=f2627371-a904-4314-a836-5eb8f54559ec@group-73E40DF2990B-SegmentedRaftLog:OPENED:c-1,f-1,i0, conf=-1: [e6a83585-83d0-4616-a3d5-866875ad8a29:192.168.34.32:46159, f2627371-a904-4314-a836-5eb8f54559ec:192.168.34.32:33224, 1b813ef4-47a4-4bfc-8eb5-c34ae440adb1:192.168.34.32:36113], old=null
2019-10-21 19:12:50,579 [f2627371-a904-4314-a836-5eb8f54559ec@group-73E40DF2990B-LeaderElection93] INFO  impl.RaftServerImpl (RaftServerImpl.java:setRole(184)) - f2627371-a904-4314-a836-5eb8f54559ec@group-73E40DF2990B: changes role from CANDIDATE to FOLLOWER at term 99 for DISCOVERED_A_NEW_TERM
2019-10-21 19:12:50,579 [f2627371-a904-4314-a836-5eb8f54559ec@group-73E40DF2990B-LeaderElection93] INFO  impl.RoleInfo (RoleInfo.java:shutdownLeaderElection(134)) - f2627371-a904-4314-a836-5eb8f54559ec: shutdown LeaderElection
2019-10-21 19:12:50,580 [f2627371-a904-4314-a836-5eb8f54559ec@group-73E40DF2990B-LeaderElection93] INFO  impl.RoleInfo (RoleInfo.java:updateAndGet(143)) - f2627371-a904-4314-a836-5eb8f54559ec: start FollowerState
2019-10-21 19:12:50,636 [Thread-836] INFO  impl.FollowerState (FollowerState.java:run(108)) - f2627371-a904-4314-a836-5eb8f54559ec@group-73E40DF2990B-FollowerState: change to CANDIDATE, lastRpcTime:56ms, electionTimeout:56ms
2019-10-21 19:12:50,636 [Thread-836] INFO  impl.RoleInfo (RoleInfo.java:shutdownFollowerState(121)) - f2627371-a904-4314-a836-5eb8f54559ec: shutdown FollowerState
2019-10-21 19:12:50,636 [Thread-836] INFO  impl.RaftServerImpl (RaftServerImpl.java:setRole(184)) - f2627371-a904-4314-a836-5eb8f54559ec@group-73E40DF2990B: changes role from  FOLLOWER to CANDIDATE at term 99 for changeToCandidate
2019-10-21 19:12:50,636 [Thread-836] INFO  impl.RoleInfo (RoleInfo.java:updateAndGet(143)) - f2627371-a904-4314-a836-5eb8f54559ec: start LeaderElection
2019-10-21 19:12:50,651 [f2627371-a904-4314-a836-5eb8f54559ec@group-73E40DF2990B-LeaderElection94] INFO  impl.LeaderElection (LeaderElection.java:askForVotes(178)) - f2627371-a904-4314-a836-5eb8f54559ec@group-73E40DF2990B-LeaderElection94: begin an election at term 100 for -1: [e6a83585-83d0-4616-a3d5-866875ad8a29:192.168.34.32:46159, f2627371-a904-4314-a836-5eb8f54559ec:192.168.34.32:33224, 1b813ef4-47a4-4bfc-8eb5-c34ae440adb1:192.168.34.32:36113], old=null
2019-10-21 19:12:50,653 [grpc-default-executor-5] INFO  impl.RaftServerImpl (RaftServerImpl.java:setRole(184)) - e6a83585-83d0-4616-a3d5-866875ad8a29@group-73E40DF2990B: changes role from  FOLLOWER to FOLLOWER at term 100 for recognizeCandidate:f2627371-a904-4314-a836-5eb8f54559ec
2019-10-21 19:12:50,654 [grpc-default-executor-5] INFO  impl.RoleInfo (RoleInfo.java:shutdownFollowerState(121)) - e6a83585-83d0-4616-a3d5-866875ad8a29: shutdown FollowerState
2019-10-21 19:12:50,654 [grpc-default-executor-5] INFO  impl.RoleInfo (RoleInfo.java:updateAndGet(143)) - e6a83585-83d0-4616-a3d5-866875ad8a29: start FollowerState
2019-10-21 19:12:50,654 [Thread-834] INFO  impl.FollowerState (FollowerState.java:run(117)) - e6a83585-83d0-4616-a3d5-866875ad8a29@group-73E40DF2990B-FollowerState was interrupted: java.lang.InterruptedException: sleep interrupted
2019-10-21 19:12:50,654 [grpc-default-executor-1] INFO  impl.RaftServerImpl (RaftServerImpl.java:setRole(184)) - 1b813ef4-47a4-4bfc-8eb5-c34ae440adb1@group-73E40DF2990B: changes role from  FOLLOWER to FOLLOWER at term 100 for recognizeCandidate:f2627371-a904-4314-a836-5eb8f54559ec
2019-10-21 19:12:50,654 [grpc-default-executor-1] INFO  impl.RoleInfo (RoleInfo.java:shutdownFollowerState(121)) - 1b813ef4-47a4-4bfc-8eb5-c34ae440adb1: shutdown FollowerState
2019-10-21 19:12:50,654 [grpc-default-executor-1] INFO  impl.RoleInfo (RoleInfo.java:updateAndGet(143)) - 1b813ef4-47a4-4bfc-8eb5-c34ae440adb1: start FollowerState
2019-10-21 19:12:50,654 [Thread-835] INFO  impl.FollowerState (FollowerState.java:run(117)) - 1b813ef4-47a4-4bfc-8eb5-c34ae440adb1@group-73E40DF2990B-FollowerState was interrupted: java.lang.InterruptedException: sleep interrupted
2019-10-21 19:12:50,656 [f2627371-a904-4314-a836-5eb8f54559ec@group-73E40DF2990B-LeaderElection94] INFO  impl.LeaderElection (LeaderElection.java:logAndReturn(56)) - f2627371-a904-4314-a836-5eb8f54559ec@group-73E40DF2990B-LeaderElection94: Election TIMEOUT; received 0 response(s) [] and 0 exception(s); f2627371-a904-4314-a836-5eb8f54559ec@group-73E40DF2990B:t100, leader=null, voted=f2627371-a904-4314-a836-5eb8f54559ec, raftlog=f2627371-a904-4314-a836-5eb8f54559ec@group-73E40DF2990B-SegmentedRaftLog:OPENED:c-1,f-1,i0, conf=-1: [e6a83585-83d0-4616-a3d5-866875ad8a29:192.168.34.32:46159, f2627371-a904-4314-a836-5eb8f54559ec:192.168.34.32:33224, 1b813ef4-47a4-4bfc-8eb5-c34ae440adb1:192.168.34.32:36113], old=null
2019-10-21 19:12:50,667 [f2627371-a904-4314-a836-5eb8f54559ec@group-73E40DF2990B-LeaderElection94] INFO  impl.LeaderElection (LeaderElection.java:askForVotes(178)) - f2627371-a904-4314-a836-5eb8f54559ec@group-73E40DF2990B-LeaderElection94: begin an election at term 101 for -1: [e6a83585-83d0-4616-a3d5-866875ad8a29:192.168.34.32:46159, f2627371-a904-4314-a836-5eb8f54559ec:192.168.34.32:33224, 1b813ef4-47a4-4bfc-8eb5-c34ae440adb1:192.168.34.32:36113], old=null
2019-10-21 19:12:50,669 [grpc-default-executor-5] INFO  impl.RaftServerImpl (RaftServerImpl.java:setRole(184)) - e6a83585-83d0-4616-a3d5-866875ad8a29@group-73E40DF2990B: changes role from  FOLLOWER to FOLLOWER at term 101 for recognizeCandidate:f2627371-a904-4314-a836-5eb8f54559ec
2019-10-21 19:12:50,670 [grpc-default-executor-1] INFO  impl.RaftServerImpl (RaftServerImpl.java:setRole(184)) - 1b813ef4-47a4-4bfc-8eb5-c34ae440adb1@group-73E40DF2990B: changes role from  FOLLOWER to FOLLOWER at term 101 for recognizeCandidate:f2627371-a904-4314-a836-5eb8f54559ec
2019-10-21 19:12:50,670 [grpc-default-executor-1] INFO  impl.RoleInfo (RoleInfo.java:shutdownFollowerState(121)) - 1b813ef4-47a4-4bfc-8eb5-c34ae440adb1: shutdown FollowerState
2019-10-21 19:12:50,670 [grpc-default-executor-5] INFO  impl.RoleInfo (RoleInfo.java:shutdownFollowerState(121)) - e6a83585-83d0-4616-a3d5-866875ad8a29: shutdown FollowerState
2019-10-21 19:12:50,670 [Thread-841] INFO  impl.FollowerState (FollowerState.java:run(117)) - 1b813ef4-47a4-4bfc-8eb5-c34ae440adb1@group-73E40DF2990B-FollowerState was interrupted: java.lang.InterruptedException: sleep interrupted
2019-10-21 19:12:50,670 [grpc-default-executor-1] INFO  impl.RoleInfo (RoleInfo.java:updateAndGet(143)) - 1b813ef4-47a4-4bfc-8eb5-c34ae440adb1: start FollowerState
2019-10-21 19:12:50,670 [Thread-840] INFO  impl.FollowerState (FollowerState.java:run(117)) - e6a83585-83d0-4616-a3d5-866875ad8a29@group-73E40DF2990B-FollowerState was interrupted: java.lang.InterruptedException: sleep interrupted
2019-10-21 19:12:50,670 [grpc-default-executor-5] INFO  impl.RoleInfo (RoleInfo.java:updateAndGet(143)) - e6a83585-83d0-4616-a3d5-866875ad8a29: start FollowerState
2019-10-21 19:12:50,679 [f2627371-a904-4314-a836-5eb8f54559ec@group-73E40DF2990B-LeaderElection94] INFO  impl.LeaderElection (LeaderElection.java:logAndReturn(56)) - f2627371-a904-4314-a836-5eb8f54559ec@group-73E40DF2990B-LeaderElection94: Election TIMEOUT; received 0 response(s) [] and 0 exception(s); f2627371-a904-4314-a836-5eb8f54559ec@group-73E40DF2990B:t101, leader=null, voted=f2627371-a904-4314-a836-5eb8f54559ec, raftlog=f2627371-a904-4314-a836-5eb8f54559ec@group-73E40DF2990B-SegmentedRaftLog:OPENED:c-1,f-1,i0, conf=-1: [e6a83585-83d0-4616-a3d5-866875ad8a29:192.168.34.32:46159, f2627371-a904-4314-a836-5eb8f54559ec:192.168.34.32:33224, 1b813ef4-47a4-4bfc-8eb5-c34ae440adb1:192.168.34.32:36113], old=null
2019-10-21 19:12:50,684 [f2627371-a904-4314-a836-5eb8f54559ec@group-73E40DF2990B-LeaderElection94] INFO  impl.LeaderElection (LeaderElection.java:askForVotes(178)) - f2627371-a904-4314-a836-5eb8f54559ec@group-73E40DF2990B-LeaderElection94: begin an election at term 102 for -1: [e6a83585-83d0-4616-a3d5-866875ad8a29:192.168.34.32:46159, f2627371-a904-4314-a836-5eb8f54559ec:192.168.34.32:33224, 1b813ef4-47a4-4bfc-8eb5-c34ae440adb1:192.168.34.32:36113], old=null
2019-10-21 19:12:50,686 [grpc-default-executor-1] INFO  impl.RaftServerImpl (RaftServerImpl.java:setRole(184)) - e6a83585-83d0-4616-a3d5-866875ad8a29@group-73E40DF2990B: changes role from  FOLLOWER to FOLLOWER at term 102 for recognizeCandidate:f2627371-a904-4314-a836-5eb8f54559ec
2019-10-21 19:12:50,686 [grpc-default-executor-1] INFO  impl.RoleInfo (RoleInfo.java:shutdownFollowerState(121)) - e6a83585-83d0-4616-a3d5-866875ad8a29: shutdown FollowerState
2019-10-21 19:12:50,686 [grpc-default-executor-1] INFO  impl.RoleInfo (RoleInfo.java:updateAndGet(143)) - e6a83585-83d0-4616-a3d5-866875ad8a29: start FollowerState
2019-10-21 19:12:50,686 [grpc-default-executor-5] INFO  impl.RaftServerImpl (RaftServerImpl.java:setRole(184)) - 1b813ef4-47a4-4bfc-8eb5-c34ae440adb1@group-73E40DF2990B: changes role from  FOLLOWER to FOLLOWER at term 102 for recognizeCandidate:f2627371-a904-4314-a836-5eb8f54559ec
2019-10-21 19:12:50,686 [Thread-845] INFO  impl.FollowerState (FollowerState.java:run(117)) - e6a83585-83d0-4616-a3d5-866875ad8a29@group-73E40DF2990B-FollowerState was interrupted: java.lang.InterruptedException: sleep interrupted
2019-10-21 19:12:50,686 [grpc-default-executor-5] INFO  impl.RoleInfo (RoleInfo.java:shutdownFollowerState(121)) - 1b813ef4-47a4-4bfc-8eb5-c34ae440adb1: shutdown FollowerState
2019-10-21 19:12:50,687 [grpc-default-executor-5] INFO  impl.RoleInfo (RoleInfo.java:updateAndGet(143)) - 1b813ef4-47a4-4bfc-8eb5-c34ae440adb1: start FollowerState
2019-10-21 19:12:50,687 [Thread-844] INFO  impl.FollowerState (FollowerState.java:run(117)) - 1b813ef4-47a4-4bfc-8eb5-c34ae440adb1@group-73E40DF2990B-FollowerState was interrupted: java.lang.InterruptedException: sleep interrupted
2019-10-21 19:12:50,701 [f2627371-a904-4314-a836-5eb8f54559ec@group-73E40DF2990B-LeaderElection94] INFO  impl.LeaderElection (LeaderElection.java:logAndReturn(56)) - f2627371-a904-4314-a836-5eb8f54559ec@group-73E40DF2990B-LeaderElection94: Election REJECTED; received 2 response(s) [f2627371-a904-4314-a836-5eb8f54559ec<-e6a83585-83d0-4616-a3d5-866875ad8a29#0:FAIL-t102, f2627371-a904-4314-a836-5eb8f54559ec<-1b813ef4-47a4-4bfc-8eb5-c34ae440adb1#0:FAIL-t102] and 0 exception(s); f2627371-a904-4314-a836-5eb8f54559ec@group-73E40DF2990B:t102, leader=null, voted=f2627371-a904-4314-a836-5eb8f54559ec, raftlog=f2627371-a904-4314-a836-5eb8f54559ec@group-73E40DF2990B-SegmentedRaftLog:OPENED:c-1,f-1,i0, conf=-1: [e6a83585-83d0-4616-a3d5-866875ad8a29:192.168.34.32:46159, f2627371-a904-4314-a836-5eb8f54559ec:192.168.34.32:33224, 1b813ef4-47a4-4bfc-8eb5-c34ae440adb1:192.168.34.32:36113], old=null
2019-10-21 19:12:50,701 [f2627371-a904-4314-a836-5eb8f54559ec@group-73E40DF2990B-LeaderElection94] INFO  impl.RaftServerImpl (RaftServerImpl.java:setRole(184)) - f2627371-a904-4314-a836-5eb8f54559ec@group-73E40DF2990B: changes role from CANDIDATE to FOLLOWER at term 102 for DISCOVERED_A_NEW_TERM
2019-10-21 19:12:50,701 [f2627371-a904-4314-a836-5eb8f54559ec@group-73E40DF2990B-LeaderElection94] INFO  impl.RoleInfo (RoleInfo.java:shutdownLeaderElection(134)) - f2627371-a904-4314-a836-5eb8f54559ec: shutdown LeaderElection
2019-10-21 19:12:50,701 [f2627371-a904-4314-a836-5eb8f54559ec@group-73E40DF2990B-LeaderElection94] INFO  impl.RoleInfo (RoleInfo.java:updateAndGet(143)) - f2627371-a904-4314-a836-5eb8f54559ec: start FollowerState
2019-10-21 19:12:50,899 [Thread-850] INFO  impl.FollowerState (FollowerState.java:run(108)) - f2627371-a904-4314-a836-5eb8f54559ec@group-73E40DF2990B-FollowerState: change to CANDIDATE, lastRpcTime:198ms, electionTimeout:198ms
2019-10-21 19:12:50,900 [Thread-850] INFO  impl.RoleInfo (RoleInfo.java:shutdownFollowerState(121)) - f2627371-a904-4314-a836-5eb8f54559ec: shutdown FollowerState
2019-10-21 19:12:50,900 [Thread-850] INFO  impl.RaftServerImpl (RaftServerImpl.java:setRole(184)) - f2627371-a904-4314-a836-5eb8f54559ec@group-73E40DF2990B: changes role from  FOLLOWER to CANDIDATE at term 102 for changeToCandidate
2019-10-21 19:12:50,900 [Thread-850] INFO  impl.RoleInfo (RoleInfo.java:updateAndGet(143)) - f2627371-a904-4314-a836-5eb8f54559ec: start LeaderElection
2019-10-21 19:12:50,913 [f2627371-a904-4314-a836-5eb8f54559ec@group-73E40DF2990B-LeaderElection95] INFO  impl.LeaderElection (LeaderElection.java:askForVotes(178)) - f2627371-a904-4314-a836-5eb8f54559ec@group-73E40DF2990B-LeaderElection95: begin an election at term 103 for -1: [e6a83585-83d0-4616-a3d5-866875ad8a29:192.168.34.32:46159, f2627371-a904-4314-a836-5eb8f54559ec:192.168.34.32:33224, 1b813ef4-47a4-4bfc-8eb5-c34ae440adb1:192.168.34.32:36113], old=null
2019-10-21 19:12:50,918 [grpc-default-executor-1] INFO  impl.RaftServerImpl (RaftServerImpl.java:setRole(184)) - 1b813ef4-47a4-4bfc-8eb5-c34ae440adb1@group-73E40DF2990B: changes role from  FOLLOWER to FOLLOWER at term 103 for recognizeCandidate:f2627371-a904-4314-a836-5eb8f54559ec
2019-10-21 19:12:50,918 [grpc-default-executor-5] INFO  impl.RaftServerImpl (RaftServerImpl.java:setRole(184)) - e6a83585-83d0-4616-a3d5-866875ad8a29@group-73E40DF2990B: changes role from  FOLLOWER to FOLLOWER at term 103 for recognizeCandidate:f2627371-a904-4314-a836-5eb8f54559ec
2019-10-21 19:12:50,918 [grpc-default-executor-1] INFO  impl.RoleInfo (RoleInfo.java:shutdownFollowerState(121)) - 1b813ef4-47a4-4bfc-8eb5-c34ae440adb1: shutdown FollowerState
2019-10-21 19:12:50,918 [grpc-default-executor-5] INFO  impl.RoleInfo (RoleInfo.java:shutdownFollowerState(121)) - e6a83585-83d0-4616-a3d5-866875ad8a29: shutdown FollowerState
2019-10-21 19:12:50,919 [Thread-849] INFO  impl.FollowerState (FollowerState.java:run(117)) - 1b813ef4-47a4-4bfc-8eb5-c34ae440adb1@group-73E40DF2990B-FollowerState was interrupted: java.lang.InterruptedException: sleep interrupted
2019-10-21 19:12:50,919 [grpc-default-executor-1] INFO  impl.RoleInfo (RoleInfo.java:updateAndGet(143)) - 1b813ef4-47a4-4bfc-8eb5-c34ae440adb1: start FollowerState
2019-10-21 19:12:50,919 [grpc-default-executor-5] INFO  impl.RoleInfo (RoleInfo.java:updateAndGet(143)) - e6a83585-83d0-4616-a3d5-866875ad8a29: start FollowerState
2019-10-21 19:12:50,919 [Thread-848] INFO  impl.FollowerState (FollowerState.java:run(117)) - e6a83585-83d0-4616-a3d5-866875ad8a29@group-73E40DF2990B-FollowerState was interrupted: java.lang.InterruptedException: sleep interrupted
2019-10-21 19:12:50,935 [f2627371-a904-4314-a836-5eb8f54559ec@group-73E40DF2990B-LeaderElection95] INFO  impl.LeaderElection (LeaderElection.java:logAndReturn(56)) - f2627371-a904-4314-a836-5eb8f54559ec@group-73E40DF2990B-LeaderElection95: Election REJECTED; received 2 response(s) [f2627371-a904-4314-a836-5eb8f54559ec<-e6a83585-83d0-4616-a3d5-866875ad8a29#0:FAIL-t103, f2627371-a904-4314-a836-5eb8f54559ec<-1b813ef4-47a4-4bfc-8eb5-c34ae440adb1#0:FAIL-t103] and 0 exception(s); f2627371-a904-4314-a836-5eb8f54559ec@group-73E40DF2990B:t103, leader=null, voted=f2627371-a904-4314-a836-5eb8f54559ec, raftlog=f2627371-a904-4314-a836-5eb8f54559ec@group-73E40DF2990B-SegmentedRaftLog:OPENED:c-1,f-1,i0, conf=-1: [e6a83585-83d0-4616-a3d5-866875ad8a29:192.168.34.32:46159, f2627371-a904-4314-a836-5eb8f54559ec:192.168.34.32:33224, 1b813ef4-47a4-4bfc-8eb5-c34ae440adb1:192.168.34.32:36113], old=null
2019-10-21 19:12:50,935 [f2627371-a904-4314-a836-5eb8f54559ec@group-73E40DF2990B-LeaderElection95] INFO  impl.RaftServerImpl (RaftServerImpl.java:setRole(184)) - f2627371-a904-4314-a836-5eb8f54559ec@group-73E40DF2990B: changes role from CANDIDATE to FOLLOWER at term 103 for DISCOVERED_A_NEW_TERM
2019-10-21 19:12:50,935 [f2627371-a904-4314-a836-5eb8f54559ec@group-73E40DF2990B-LeaderElection95] INFO  impl.RoleInfo (RoleInfo.java:shutdownLeaderElection(134)) - f2627371-a904-4314-a836-5eb8f54559ec: shutdown LeaderElection
2019-10-21 19:12:50,935 [f2627371-a904-4314-a836-5eb8f54559ec@group-73E40DF2990B-LeaderElection95] INFO  impl.RoleInfo (RoleInfo.java:updateAndGet(143)) - f2627371-a904-4314-a836-5eb8f54559ec: start FollowerState
2019-10-21 19:12:51,114 [Thread-856] INFO  impl.FollowerState (FollowerState.java:run(108)) - f2627371-a904-4314-a836-5eb8f54559ec@group-73E40DF2990B-FollowerState: change to CANDIDATE, lastRpcTime:178ms, electionTimeout:178ms
2019-10-21 19:12:51,114 [Thread-856] INFO  impl.RoleInfo (RoleInfo.java:shutdownFollowerState(121)) - f2627371-a904-4314-a836-5eb8f54559ec: shutdown FollowerState
2019-10-21 19:12:51,114 [Thread-856] INFO  impl.RaftServerImpl (RaftServerImpl.java:setRole(184)) - f2627371-a904-4314-a836-5eb8f54559ec@group-73E40DF2990B: changes role from  FOLLOWER to CANDIDATE at term 103 for changeToCandidate
2019-10-21 19:12:51,114 [Thread-856] INFO  impl.RoleInfo (RoleInfo.java:updateAndGet(143)) - f2627371-a904-4314-a836-5eb8f54559ec: start LeaderElection
2019-10-21 19:12:51,129 [f2627371-a904-4314-a836-5eb8f54559ec@group-73E40DF2990B-LeaderElection96] INFO  impl.LeaderElection (LeaderElection.java:askForVotes(178)) - f2627371-a904-4314-a836-5eb8f54559ec@group-73E40DF2990B-LeaderElection96: begin an election at term 104 for -1: [e6a83585-83d0-4616-a3d5-866875ad8a29:192.168.34.32:46159, f2627371-a904-4314-a836-5eb8f54559ec:192.168.34.32:33224, 1b813ef4-47a4-4bfc-8eb5-c34ae440adb1:192.168.34.32:36113], old=null
2019-10-21 19:12:51,133 [grpc-default-executor-1] INFO  impl.RaftServerImpl (RaftServerImpl.java:setRole(184)) - 1b813ef4-47a4-4bfc-8eb5-c34ae440adb1@group-73E40DF2990B: changes role from  FOLLOWER to FOLLOWER at term 104 for recognizeCandidate:f2627371-a904-4314-a836-5eb8f54559ec
2019-10-21 19:12:51,133 [grpc-default-executor-5] INFO  impl.RaftServerImpl (RaftServerImpl.java:setRole(184)) - e6a83585-83d0-4616-a3d5-866875ad8a29@group-73E40DF2990B: changes role from  FOLLOWER to FOLLOWER at term 104 for recognizeCandidate:f2627371-a904-4314-a836-5eb8f54559ec
2019-10-21 19:12:51,133 [grpc-default-executor-5] INFO  impl.RoleInfo (RoleInfo.java:shutdownFollowerState(121)) - e6a83585-83d0-4616-a3d5-866875ad8a29: shutdown FollowerState
2019-10-21 19:12:51,133 [grpc-default-executor-1] INFO  impl.RoleInfo (RoleInfo.java:shutdownFollowerState(121)) - 1b813ef4-47a4-4bfc-8eb5-c34ae440adb1: shutdown FollowerState
2019-10-21 19:12:51,133 [Thread-855] INFO  impl.FollowerState (FollowerState.java:run(117)) - e6a83585-83d0-4616-a3d5-866875ad8a29@group-73E40DF2990B-FollowerState was interrupted: java.lang.InterruptedException: sleep interrupted
2019-10-21 19:12:51,133 [Thread-854] INFO  impl.FollowerState (FollowerState.java:run(117)) - 1b813ef4-47a4-4bfc-8eb5-c34ae440adb1@group-73E40DF2990B-FollowerState was interrupted: java.lang.InterruptedException: sleep interrupted
2019-10-21 19:12:51,133 [grpc-default-executor-1] INFO  impl.RoleInfo (RoleInfo.java:updateAndGet(143)) - 1b813ef4-47a4-4bfc-8eb5-c34ae440adb1: start FollowerState
2019-10-21 19:12:51,133 [grpc-default-executor-5] INFO  impl.RoleInfo (RoleInfo.java:updateAndGet(143)) - e6a83585-83d0-4616-a3d5-866875ad8a29: start FollowerState
2019-10-21 19:12:51,150 [f2627371-a904-4314-a836-5eb8f54559ec@group-73E40DF2990B-LeaderElection96] INFO  impl.LeaderElection (LeaderElection.java:logAndReturn(56)) - f2627371-a904-4314-a836-5eb8f54559ec@group-73E40DF2990B-LeaderElection96: Election REJECTED; received 2 response(s) [f2627371-a904-4314-a836-5eb8f54559ec<-e6a83585-83d0-4616-a3d5-866875ad8a29#0:FAIL-t104, f2627371-a904-4314-a836-5eb8f54559ec<-1b813ef4-47a4-4bfc-8eb5-c34ae440adb1#0:FAIL-t104] and 0 exception(s); f2627371-a904-4314-a836-5eb8f54559ec@group-73E40DF2990B:t104, leader=null, voted=f2627371-a904-4314-a836-5eb8f54559ec, raftlog=f2627371-a904-4314-a836-5eb8f54559ec@group-73E40DF2990B-SegmentedRaftLog:OPENED:c-1,f-1,i0, conf=-1: [e6a83585-83d0-4616-a3d5-866875ad8a29:192.168.34.32:46159, f2627371-a904-4314-a836-5eb8f54559ec:192.168.34.32:33224, 1b813ef4-47a4-4bfc-8eb5-c34ae440adb1:192.168.34.32:36113], old=null
2019-10-21 19:12:51,151 [f2627371-a904-4314-a836-5eb8f54559ec@group-73E40DF2990B-LeaderElection96] INFO  impl.RaftServerImpl (RaftServerImpl.java:setRole(184)) - f2627371-a904-4314-a836-5eb8f54559ec@group-73E40DF2990B: changes role from CANDIDATE to FOLLOWER at term 104 for DISCOVERED_A_NEW_TERM
2019-10-21 19:12:51,151 [f2627371-a904-4314-a836-5eb8f54559ec@group-73E40DF2990B-LeaderElection96] INFO  impl.RoleInfo (RoleInfo.java:shutdownLeaderElection(134)) - f2627371-a904-4314-a836-5eb8f54559ec: shutdown LeaderElection
2019-10-21 19:12:51,151 [f2627371-a904-4314-a836-5eb8f54559ec@group-73E40DF2990B-LeaderElection96] INFO  impl.RoleInfo (RoleInfo.java:updateAndGet(143)) - f2627371-a904-4314-a836-5eb8f54559ec: start FollowerState
2019-10-21 19:12:51,195 [Thread-862] INFO  impl.FollowerState (FollowerState.java:run(108)) - f2627371-a904-4314-a836-5eb8f54559ec@group-73E40DF2990B-FollowerState: change to CANDIDATE, lastRpcTime:44ms, electionTimeout:44ms
2019-10-21 19:12:51,196 [Thread-862] INFO  impl.RoleInfo (RoleInfo.java:shutdownFollowerState(121)) - f2627371-a904-4314-a836-5eb8f54559ec: shutdown FollowerState
2019-10-21 19:12:51,197 [Thread-862] INFO  impl.RaftServerImpl (RaftServerImpl.java:setRole(184)) - f2627371-a904-4314-a836-5eb8f54559ec@group-73E40DF2990B: changes role from  FOLLOWER to CANDIDATE at term 104 for changeToCandidate
2019-10-21 19:12:51,197 [Thread-862] INFO  impl.RoleInfo (RoleInfo.java:updateAndGet(143)) - f2627371-a904-4314-a836-5eb8f54559ec: start LeaderElection
2019-10-21 19:12:51,210 [f2627371-a904-4314-a836-5eb8f54559ec@group-73E40DF2990B-LeaderElection97] INFO  impl.LeaderElection (LeaderElection.java:askForVotes(178)) - f2627371-a904-4314-a836-5eb8f54559ec@group-73E40DF2990B-LeaderElection97: begin an election at term 105 for -1: [e6a83585-83d0-4616-a3d5-866875ad8a29:192.168.34.32:46159, f2627371-a904-4314-a836-5eb8f54559ec:192.168.34.32:33224, 1b813ef4-47a4-4bfc-8eb5-c34ae440adb1:192.168.34.32:36113], old=null
2019-10-21 19:12:51,213 [grpc-default-executor-1] INFO  impl.RaftServerImpl (RaftServerImpl.java:setRole(184)) - 1b813ef4-47a4-4bfc-8eb5-c34ae440adb1@group-73E40DF2990B: changes role from  FOLLOWER to FOLLOWER at term 105 for recognizeCandidate:f2627371-a904-4314-a836-5eb8f54559ec
2019-10-21 19:12:51,213 [grpc-default-executor-1] INFO  impl.RoleInfo (RoleInfo.java:shutdownFollowerState(121)) - 1b813ef4-47a4-4bfc-8eb5-c34ae440adb1: shutdown FollowerState
2019-10-21 19:12:51,213 [grpc-default-executor-1] INFO  impl.RoleInfo (RoleInfo.java:updateAndGet(143)) - 1b813ef4-47a4-4bfc-8eb5-c34ae440adb1: start FollowerState
2019-10-21 19:12:51,213 [Thread-861] INFO  impl.FollowerState (FollowerState.java:run(117)) - 1b813ef4-47a4-4bfc-8eb5-c34ae440adb1@group-73E40DF2990B-FollowerState was interrupted: java.lang.InterruptedException: sleep interrupted
2019-10-21 19:12:51,213 [grpc-default-executor-5] INFO  impl.RaftServerImpl (RaftServerImpl.java:setRole(184)) - e6a83585-83d0-4616-a3d5-866875ad8a29@group-73E40DF2990B: changes role from  FOLLOWER to FOLLOWER at term 105 for recognizeCandidate:f2627371-a904-4314-a836-5eb8f54559ec
2019-10-21 19:12:51,213 [grpc-default-executor-5] INFO  impl.RoleInfo (RoleInfo.java:shutdownFollowerState(121)) - e6a83585-83d0-4616-a3d5-866875ad8a29: shutdown FollowerState
2019-10-21 19:12:51,214 [grpc-default-executor-5] INFO  impl.RoleInfo (RoleInfo.java:updateAndGet(143)) - e6a83585-83d0-4616-a3d5-866875ad8a29: start FollowerState
2019-10-21 19:12:51,214 [Thread-860] INFO  impl.FollowerState (FollowerState.java:run(117)) - e6a83585-83d0-4616-a3d5-866875ad8a29@group-73E40DF2990B-FollowerState was interrupted: java.lang.InterruptedException: sleep interrupted
2019-10-21 19:12:51,228 [f2627371-a904-4314-a836-5eb8f54559ec@group-73E40DF2990B-LeaderElection97] INFO  impl.LeaderElection (LeaderElection.java:logAndReturn(56)) - f2627371-a904-4314-a836-5eb8f54559ec@group-73E40DF2990B-LeaderElection97: Election REJECTED; received 2 response(s) [f2627371-a904-4314-a836-5eb8f54559ec<-e6a83585-83d0-4616-a3d5-866875ad8a29#0:FAIL-t105, f2627371-a904-4314-a836-5eb8f54559ec<-1b813ef4-47a4-4bfc-8eb5-c34ae440adb1#0:FAIL-t105] and 0 exception(s); f2627371-a904-4314-a836-5eb8f54559ec@group-73E40DF2990B:t105, leader=null, voted=f2627371-a904-4314-a836-5eb8f54559ec, raftlog=f2627371-a904-4314-a836-5eb8f54559ec@group-73E40DF2990B-SegmentedRaftLog:OPENED:c-1,f-1,i0, conf=-1: [e6a83585-83d0-4616-a3d5-866875ad8a29:192.168.34.32:46159, f2627371-a904-4314-a836-5eb8f54559ec:192.168.34.32:33224, 1b813ef4-47a4-4bfc-8eb5-c34ae440adb1:192.168.34.32:36113], old=null
2019-10-21 19:12:51,229 [f2627371-a904-4314-a836-5eb8f54559ec@group-73E40DF2990B-LeaderElection97] INFO  impl.RaftServerImpl (RaftServerImpl.java:setRole(184)) - f2627371-a904-4314-a836-5eb8f54559ec@group-73E40DF2990B: changes role from CANDIDATE to FOLLOWER at term 105 for DISCOVERED_A_NEW_TERM
2019-10-21 19:12:51,229 [f2627371-a904-4314-a836-5eb8f54559ec@group-73E40DF2990B-LeaderElection97] INFO  impl.RoleInfo (RoleInfo.java:shutdownLeaderElection(134)) - f2627371-a904-4314-a836-5eb8f54559ec: shutdown LeaderElection
2019-10-21 19:12:51,229 [f2627371-a904-4314-a836-5eb8f54559ec@group-73E40DF2990B-LeaderElection97] INFO  impl.RoleInfo (RoleInfo.java:updateAndGet(143)) - f2627371-a904-4314-a836-5eb8f54559ec: start FollowerState
2019-10-21 19:12:51,290 [Thread-870] INFO  impl.FollowerState (FollowerState.java:run(108)) - f2627371-a904-4314-a836-5eb8f54559ec@group-73E40DF2990B-FollowerState: change to CANDIDATE, lastRpcTime:61ms, electionTimeout:61ms
2019-10-21 19:12:51,290 [Thread-870] INFO  impl.RoleInfo (RoleInfo.java:shutdownFollowerState(121)) - f2627371-a904-4314-a836-5eb8f54559ec: shutdown FollowerState
2019-10-21 19:12:51,290 [Thread-870] INFO  impl.RaftServerImpl (RaftServerImpl.java:setRole(184)) - f2627371-a904-4314-a836-5eb8f54559ec@group-73E40DF2990B: changes role from  FOLLOWER to CANDIDATE at term 105 for changeToCandidate
2019-10-21 19:12:51,291 [Thread-870] INFO  impl.RoleInfo (RoleInfo.java:updateAndGet(143)) - f2627371-a904-4314-a836-5eb8f54559ec: start LeaderElection
2019-10-21 19:12:51,305 [f2627371-a904-4314-a836-5eb8f54559ec@group-73E40DF2990B-LeaderElection98] INFO  impl.LeaderElection (LeaderElection.java:askForVotes(178)) - f2627371-a904-4314-a836-5eb8f54559ec@group-73E40DF2990B-LeaderElection98: begin an election at term 106 for -1: [e6a83585-83d0-4616-a3d5-866875ad8a29:192.168.34.32:46159, f2627371-a904-4314-a836-5eb8f54559ec:192.168.34.32:33224, 1b813ef4-47a4-4bfc-8eb5-c34ae440adb1:192.168.34.32:36113], old=null
2019-10-21 19:12:51,308 [grpc-default-executor-1] INFO  impl.RaftServerImpl (RaftServerImpl.java:setRole(184)) - e6a83585-83d0-4616-a3d5-866875ad8a29@group-73E40DF2990B: changes role from  FOLLOWER to FOLLOWER at term 106 for recognizeCandidate:f2627371-a904-4314-a836-5eb8f54559ec
2019-10-21 19:12:51,308 [grpc-default-executor-1] INFO  impl.RoleInfo (RoleInfo.java:shutdownFollowerState(121)) - e6a83585-83d0-4616-a3d5-866875ad8a29: shutdown FollowerState
2019-10-21 19:12:51,308 [grpc-default-executor-5] INFO  impl.RaftServerImpl (RaftServerImpl.java:setRole(184)) - 1b813ef4-47a4-4bfc-8eb5-c34ae440adb1@group-73E40DF2990B: changes role from  FOLLOWER to FOLLOWER at term 106 for recognizeCandidate:f2627371-a904-4314-a836-5eb8f54559ec
2019-10-21 19:12:51,308 [Thread-869] INFO  impl.FollowerState (FollowerState.java:run(117)) - e6a83585-83d0-4616-a3d5-866875ad8a29@group-73E40DF2990B-FollowerState was interrupted: java.lang.InterruptedException: sleep interrupted
2019-10-21 19:12:51,308 [grpc-default-executor-1] INFO  impl.RoleInfo (RoleInfo.java:updateAndGet(143)) - e6a83585-83d0-4616-a3d5-866875ad8a29: start FollowerState
2019-10-21 19:12:51,308 [grpc-default-executor-5] INFO  impl.RoleInfo (RoleInfo.java:shutdownFollowerState(121)) - 1b813ef4-47a4-4bfc-8eb5-c34ae440adb1: shutdown FollowerState
2019-10-21 19:12:51,309 [grpc-default-executor-5] INFO  impl.RoleInfo (RoleInfo.java:updateAndGet(143)) - 1b813ef4-47a4-4bfc-8eb5-c34ae440adb1: start FollowerState
2019-10-21 19:12:51,309 [Thread-868] INFO  impl.FollowerState (FollowerState.java:run(117)) - 1b813ef4-47a4-4bfc-8eb5-c34ae440adb1@group-73E40DF2990B-FollowerState was interrupted: java.lang.InterruptedException: sleep interrupted
2019-10-21 19:12:51,323 [f2627371-a904-4314-a836-5eb8f54559ec@group-73E40DF2990B-LeaderElection98] INFO  impl.LeaderElection (LeaderElection.java:logAndReturn(56)) - f2627371-a904-4314-a836-5eb8f54559ec@group-73E40DF2990B-LeaderElection98: Election REJECTED; received 2 response(s) [f2627371-a904-4314-a836-5eb8f54559ec<-e6a83585-83d0-4616-a3d5-866875ad8a29#0:FAIL-t106, f2627371-a904-4314-a836-5eb8f54559ec<-1b813ef4-47a4-4bfc-8eb5-c34ae440adb1#0:FAIL-t106] and 0 exception(s); f2627371-a904-4314-a836-5eb8f54559ec@group-73E40DF2990B:t106, leader=null, voted=f2627371-a904-4314-a836-5eb8f54559ec, raftlog=f2627371-a904-4314-a836-5eb8f54559ec@group-73E40DF2990B-SegmentedRaftLog:OPENED:c-1,f-1,i0, conf=-1: [e6a83585-83d0-4616-a3d5-866875ad8a29:192.168.34.32:46159, f2627371-a904-4314-a836-5eb8f54559ec:192.168.34.32:33224, 1b813ef4-47a4-4bfc-8eb5-c34ae440adb1:192.168.34.32:36113], old=null
2019-10-21 19:12:51,324 [f2627371-a904-4314-a836-5eb8f54559ec@group-73E40DF2990B-LeaderElection98] INFO  impl.RaftServerImpl (RaftServerImpl.java:setRole(184)) - f2627371-a904-4314-a836-5eb8f54559ec@group-73E40DF2990B: changes role from CANDIDATE to FOLLOWER at term 106 for DISCOVERED_A_NEW_TERM
2019-10-21 19:12:51,324 [f2627371-a904-4314-a836-5eb8f54559ec@group-73E40DF2990B-LeaderElection98] INFO  impl.RoleInfo (RoleInfo.java:shutdownLeaderElection(134)) - f2627371-a904-4314-a836-5eb8f54559ec: shutdown LeaderElection
2019-10-21 19:12:51,324 [f2627371-a904-4314-a836-5eb8f54559ec@group-73E40DF2990B-LeaderElection98] INFO  impl.RoleInfo (RoleInfo.java:updateAndGet(143)) - f2627371-a904-4314-a836-5eb8f54559ec: start FollowerState
2019-10-21 19:12:51,485 [Thread-876] INFO  impl.FollowerState (FollowerState.java:run(108)) - f2627371-a904-4314-a836-5eb8f54559ec@group-73E40DF2990B-FollowerState: change to CANDIDATE, lastRpcTime:161ms, electionTimeout:161ms
2019-10-21 19:12:51,485 [Thread-876] INFO  impl.RoleInfo (RoleInfo.java:shutdownFollowerState(121)) - f2627371-a904-4314-a836-5eb8f54559ec: shutdown FollowerState
2019-10-21 19:12:51,486 [Thread-876] INFO  impl.RaftServerImpl (RaftServerImpl.java:setRole(184)) - f2627371-a904-4314-a836-5eb8f54559ec@group-73E40DF2990B: changes role from  FOLLOWER to CANDIDATE at term 106 for changeToCandidate
2019-10-21 19:12:51,486 [Thread-876] INFO  impl.RoleInfo (RoleInfo.java:updateAndGet(143)) - f2627371-a904-4314-a836-5eb8f54559ec: start LeaderElection
2019-10-21 19:12:51,500 [f2627371-a904-4314-a836-5eb8f54559ec@group-73E40DF2990B-LeaderElection99] INFO  impl.LeaderElection (LeaderElection.java:askForVotes(178)) - f2627371-a904-4314-a836-5eb8f54559ec@group-73E40DF2990B-LeaderElection99: begin an election at term 107 for -1: [e6a83585-83d0-4616-a3d5-866875ad8a29:192.168.34.32:46159, f2627371-a904-4314-a836-5eb8f54559ec:192.168.34.32:33224, 1b813ef4-47a4-4bfc-8eb5-c34ae440adb1:192.168.34.32:36113], old=null
2019-10-21 19:12:51,503 [grpc-default-executor-5] INFO  impl.RaftServerImpl (RaftServerImpl.java:setRole(184)) - 1b813ef4-47a4-4bfc-8eb5-c34ae440adb1@group-73E40DF2990B: changes role from  FOLLOWER to FOLLOWER at term 107 for recognizeCandidate:f2627371-a904-4314-a836-5eb8f54559ec
2019-10-21 19:12:51,503 [grpc-default-executor-1] INFO  impl.RaftServerImpl (RaftServerImpl.java:setRole(184)) - e6a83585-83d0-4616-a3d5-866875ad8a29@group-73E40DF2990B: changes role from  FOLLOWER to FOLLOWER at term 107 for recognizeCandidate:f2627371-a904-4314-a836-5eb8f54559ec
2019-10-21 19:12:51,503 [grpc-default-executor-5] INFO  impl.RoleInfo (RoleInfo.java:shutdownFollowerState(121)) - 1b813ef4-47a4-4bfc-8eb5-c34ae440adb1: shutdown FollowerState
2019-10-21 19:12:51,504 [grpc-default-executor-1] INFO  impl.RoleInfo (RoleInfo.java:shutdownFollowerState(121)) - e6a83585-83d0-4616-a3d5-866875ad8a29: shutdown FollowerState
2019-10-21 19:12:51,504 [Thread-875] INFO  impl.FollowerState (FollowerState.java:run(117)) - 1b813ef4-47a4-4bfc-8eb5-c34ae440adb1@group-73E40DF2990B-FollowerState was interrupted: java.lang.InterruptedException: sleep interrupted
2019-10-21 19:12:51,504 [Thread-874] INFO  impl.FollowerState (FollowerState.java:run(117)) - e6a83585-83d0-4616-a3d5-866875ad8a29@group-73E40DF2990B-FollowerState was interrupted: java.lang.InterruptedException: sleep interrupted
2019-10-21 19:12:51,504 [grpc-default-executor-5] INFO  impl.RoleInfo (RoleInfo.java:updateAndGet(143)) - 1b813ef4-47a4-4bfc-8eb5-c34ae440adb1: start FollowerState
2019-10-21 19:12:51,504 [grpc-default-executor-1] INFO  impl.RoleInfo (RoleInfo.java:updateAndGet(143)) - e6a83585-83d0-4616-a3d5-866875ad8a29: start FollowerState
2019-10-21 19:12:51,519 [f2627371-a904-4314-a836-5eb8f54559ec@group-73E40DF2990B-LeaderElection99] INFO  impl.LeaderElection (LeaderElection.java:logAndReturn(56)) - f2627371-a904-4314-a836-5eb8f54559ec@group-73E40DF2990B-LeaderElection99: Election REJECTED; received 2 response(s) [f2627371-a904-4314-a836-5eb8f54559ec<-e6a83585-83d0-4616-a3d5-866875ad8a29#0:FAIL-t107, f2627371-a904-4314-a836-5eb8f54559ec<-1b813ef4-47a4-4bfc-8eb5-c34ae440adb1#0:FAIL-t107] and 0 exception(s); f2627371-a904-4314-a836-5eb8f54559ec@group-73E40DF2990B:t107, leader=null, voted=f2627371-a904-4314-a836-5eb8f54559ec, raftlog=f2627371-a904-4314-a836-5eb8f54559ec@group-73E40DF2990B-SegmentedRaftLog:OPENED:c-1,f-1,i0, conf=-1: [e6a83585-83d0-4616-a3d5-866875ad8a29:192.168.34.32:46159, f2627371-a904-4314-a836-5eb8f54559ec:192.168.34.32:33224, 1b813ef4-47a4-4bfc-8eb5-c34ae440adb1:192.168.34.32:36113], old=null
2019-10-21 19:12:51,519 [f2627371-a904-4314-a836-5eb8f54559ec@group-73E40DF2990B-LeaderElection99] INFO  impl.RaftServerImpl (RaftServerImpl.java:setRole(184)) - f2627371-a904-4314-a836-5eb8f54559ec@group-73E40DF2990B: changes role from CANDIDATE to FOLLOWER at term 107 for DISCOVERED_A_NEW_TERM
2019-10-21 19:12:51,519 [f2627371-a904-4314-a836-5eb8f54559ec@group-73E40DF2990B-LeaderElection99] INFO  impl.RoleInfo (RoleInfo.java:shutdownLeaderElection(134)) - f2627371-a904-4314-a836-5eb8f54559ec: shutdown LeaderElection
2019-10-21 19:12:51,520 [f2627371-a904-4314-a836-5eb8f54559ec@group-73E40DF2990B-LeaderElection99] INFO  impl.RoleInfo (RoleInfo.java:updateAndGet(143)) - f2627371-a904-4314-a836-5eb8f54559ec: start FollowerState
2019-10-21 19:12:51,641 [Thread-882] INFO  impl.FollowerState (FollowerState.java:run(108)) - f2627371-a904-4314-a836-5eb8f54559ec@group-73E40DF2990B-FollowerState: change to CANDIDATE, lastRpcTime:121ms, electionTimeout:121ms
2019-10-21 19:12:51,641 [Thread-882] INFO  impl.RoleInfo (RoleInfo.java:shutdownFollowerState(121)) - f2627371-a904-4314-a836-5eb8f54559ec: shutdown FollowerState
2019-10-21 19:12:51,641 [Thread-882] INFO  impl.RaftServerImpl (RaftServerImpl.java:setRole(184)) - f2627371-a904-4314-a836-5eb8f54559ec@group-73E40DF2990B: changes role from  FOLLOWER to CANDIDATE at term 107 for changeToCandidate
2019-10-21 19:12:51,641 [Thread-882] INFO  impl.RoleInfo (RoleInfo.java:updateAndGet(143)) - f2627371-a904-4314-a836-5eb8f54559ec: start LeaderElection
2019-10-21 19:12:51,656 [f2627371-a904-4314-a836-5eb8f54559ec@group-73E40DF2990B-LeaderElection100] INFO  impl.LeaderElection (LeaderElection.java:askForVotes(178)) - f2627371-a904-4314-a836-5eb8f54559ec@group-73E40DF2990B-LeaderElection100: begin an election at term 108 for -1: [e6a83585-83d0-4616-a3d5-866875ad8a29:192.168.34.32:46159, f2627371-a904-4314-a836-5eb8f54559ec:192.168.34.32:33224, 1b813ef4-47a4-4bfc-8eb5-c34ae440adb1:192.168.34.32:36113], old=null
2019-10-21 19:12:51,659 [grpc-default-executor-5] INFO  impl.RaftServerImpl (RaftServerImpl.java:setRole(184)) - 1b813ef4-47a4-4bfc-8eb5-c34ae440adb1@group-73E40DF2990B: changes role from  FOLLOWER to FOLLOWER at term 108 for recognizeCandidate:f2627371-a904-4314-a836-5eb8f54559ec
2019-10-21 19:12:51,659 [grpc-default-executor-1] INFO  impl.RaftServerImpl (RaftServerImpl.java:setRole(184)) - e6a83585-83d0-4616-a3d5-866875ad8a29@group-73E40DF2990B: changes role from  FOLLOWER to FOLLOWER at term 108 for recognizeCandidate:f2627371-a904-4314-a836-5eb8f54559ec
2019-10-21 19:12:51,659 [grpc-default-executor-5] INFO  impl.RoleInfo (RoleInfo.java:shutdownFollowerState(121)) - 1b813ef4-47a4-4bfc-8eb5-c34ae440adb1: shutdown FollowerState
2019-10-21 19:12:51,659 [grpc-default-executor-1] INFO  impl.RoleInfo (RoleInfo.java:shutdownFollowerState(121)) - e6a83585-83d0-4616-a3d5-866875ad8a29: shutdown FollowerState
2019-10-21 19:12:51,659 [Thread-880] INFO  impl.FollowerState (FollowerState.java:run(117)) - 1b813ef4-47a4-4bfc-8eb5-c34ae440adb1@group-73E40DF2990B-FollowerState was interrupted: java.lang.InterruptedException: sleep interrupted
2019-10-21 19:12:51,659 [grpc-default-executor-5] INFO  impl.RoleInfo (RoleInfo.java:updateAndGet(143)) - 1b813ef4-47a4-4bfc-8eb5-c34ae440adb1: start FollowerState
2019-10-21 19:12:51,659 [Thread-881] INFO  impl.FollowerState (FollowerState.java:run(117)) - e6a83585-83d0-4616-a3d5-866875ad8a29@group-73E40DF2990B-FollowerState was interrupted: java.lang.InterruptedException: sleep interrupted
2019-10-21 19:12:51,659 [grpc-default-executor-1] INFO  impl.RoleInfo (RoleInfo.java:updateAndGet(143)) - e6a83585-83d0-4616-a3d5-866875ad8a29: start FollowerState
2019-10-21 19:12:51,675 [f2627371-a904-4314-a836-5eb8f54559ec@group-73E40DF2990B-LeaderElection100] INFO  impl.LeaderElection (LeaderElection.java:logAndReturn(56)) - f2627371-a904-4314-a836-5eb8f54559ec@group-73E40DF2990B-LeaderElection100: Election REJECTED; received 2 response(s) [f2627371-a904-4314-a836-5eb8f54559ec<-e6a83585-83d0-4616-a3d5-866875ad8a29#0:FAIL-t108, f2627371-a904-4314-a836-5eb8f54559ec<-1b813ef4-47a4-4bfc-8eb5-c34ae440adb1#0:FAIL-t108] and 0 exception(s); f2627371-a904-4314-a836-5eb8f54559ec@group-73E40DF2990B:t108, leader=null, voted=f2627371-a904-4314-a836-5eb8f54559ec, raftlog=f2627371-a904-4314-a836-5eb8f54559ec@group-73E40DF2990B-SegmentedRaftLog:OPENED:c-1,f-1,i0, conf=-1: [e6a83585-83d0-4616-a3d5-866875ad8a29:192.168.34.32:46159, f2627371-a904-4314-a836-5eb8f54559ec:192.168.34.32:33224, 1b813ef4-47a4-4bfc-8eb5-c34ae440adb1:192.168.34.32:36113], old=null
2019-10-21 19:12:51,676 [f2627371-a904-4314-a836-5eb8f54559ec@group-73E40DF2990B-LeaderElection100] INFO  impl.RaftServerImpl (RaftServerImpl.java:setRole(184)) - f2627371-a904-4314-a836-5eb8f54559ec@group-73E40DF2990B: changes role from CANDIDATE to FOLLOWER at term 108 for DISCOVERED_A_NEW_TERM
2019-10-21 19:12:51,676 [f2627371-a904-4314-a836-5eb8f54559ec@group-73E40DF2990B-LeaderElection100] INFO  impl.RoleInfo (RoleInfo.java:shutdownLeaderElection(134)) - f2627371-a904-4314-a836-5eb8f54559ec: shutdown LeaderElection
2019-10-21 19:12:51,677 [f2627371-a904-4314-a836-5eb8f54559ec@group-73E40DF2990B-LeaderElection100] INFO  impl.RoleInfo (RoleInfo.java:updateAndGet(143)) - f2627371-a904-4314-a836-5eb8f54559ec: start FollowerState
2019-10-21 19:12:51,690 [Thread-888] INFO  impl.FollowerState (FollowerState.java:run(108)) - f2627371-a904-4314-a836-5eb8f54559ec@group-73E40DF2990B-FollowerState: change to CANDIDATE, lastRpcTime:13ms, electionTimeout:13ms
2019-10-21 19:12:51,690 [Thread-888] INFO  impl.RoleInfo (RoleInfo.java:shutdownFollowerState(121)) - f2627371-a904-4314-a836-5eb8f54559ec: shutdown FollowerState
2019-10-21 19:12:51,690 [Thread-888] INFO  impl.RaftServerImpl (RaftServerImpl.java:setRole(184)) - f2627371-a904-4314-a836-5eb8f54559ec@group-73E40DF2990B: changes role from  FOLLOWER to CANDIDATE at term 108 for changeToCandidate
2019-10-21 19:12:51,691 [Thread-888] INFO  impl.RoleInfo (RoleInfo.java:updateAndGet(143)) - f2627371-a904-4314-a836-5eb8f54559ec: start LeaderElection
2019-10-21 19:12:51,705 [f2627371-a904-4314-a836-5eb8f54559ec@group-73E40DF2990B-LeaderElection101] INFO  impl.LeaderElection (LeaderElection.java:askForVotes(178)) - f2627371-a904-4314-a836-5eb8f54559ec@group-73E40DF2990B-LeaderElection101: begin an election at term 109 for -1: [e6a83585-83d0-4616-a3d5-866875ad8a29:192.168.34.32:46159, f2627371-a904-4314-a836-5eb8f54559ec:192.168.34.32:33224, 1b813ef4-47a4-4bfc-8eb5-c34ae440adb1:192.168.34.32:36113], old=null
2019-10-21 19:12:51,710 [grpc-default-executor-1] INFO  impl.RaftServerImpl (RaftServerImpl.java:setRole(184)) - e6a83585-83d0-4616-a3d5-866875ad8a29@group-73E40DF2990B: changes role from  FOLLOWER to FOLLOWER at term 109 for recognizeCandidate:f2627371-a904-4314-a836-5eb8f54559ec
2019-10-21 19:12:51,710 [grpc-default-executor-5] INFO  impl.RaftServerImpl (RaftServerImpl.java:setRole(184)) - 1b813ef4-47a4-4bfc-8eb5-c34ae440adb1@group-73E40DF2990B: changes role from  FOLLOWER to FOLLOWER at term 109 for recognizeCandidate:f2627371-a904-4314-a836-5eb8f54559ec
2019-10-21 19:12:51,710 [grpc-default-executor-1] INFO  impl.RoleInfo (RoleInfo.java:shutdownFollowerState(121)) - e6a83585-83d0-4616-a3d5-866875ad8a29: shutdown FollowerState
2019-10-21 19:12:51,711 [grpc-default-executor-5] INFO  impl.RoleInfo (RoleInfo.java:shutdownFollowerState(121)) - 1b813ef4-47a4-4bfc-8eb5-c34ae440adb1: shutdown FollowerState
2019-10-21 19:12:51,711 [grpc-default-executor-1] INFO  impl.RoleInfo (RoleInfo.java:updateAndGet(143)) - e6a83585-83d0-4616-a3d5-866875ad8a29: start FollowerState
2019-10-21 19:12:51,711 [Thread-886] INFO  impl.FollowerState (FollowerState.java:run(117)) - 1b813ef4-47a4-4bfc-8eb5-c34ae440adb1@group-73E40DF2990B-FollowerState was interrupted: java.lang.InterruptedException: sleep interrupted
2019-10-21 19:12:51,711 [grpc-default-executor-5] INFO  impl.RoleInfo (RoleInfo.java:updateAndGet(143)) - 1b813ef4-47a4-4bfc-8eb5-c34ae440adb1: start FollowerState
2019-10-21 19:12:51,711 [Thread-887] INFO  impl.FollowerState (FollowerState.java:run(117)) - e6a83585-83d0-4616-a3d5-866875ad8a29@group-73E40DF2990B-FollowerState was interrupted: java.lang.InterruptedException: sleep interrupted
2019-10-21 19:12:51,726 [f2627371-a904-4314-a836-5eb8f54559ec@group-73E40DF2990B-LeaderElection101] INFO  impl.LeaderElection (LeaderElection.java:logAndReturn(56)) - f2627371-a904-4314-a836-5eb8f54559ec@group-73E40DF2990B-LeaderElection101: Election REJECTED; received 2 response(s) [f2627371-a904-4314-a836-5eb8f54559ec<-e6a83585-83d0-4616-a3d5-866875ad8a29#0:FAIL-t109, f2627371-a904-4314-a836-5eb8f54559ec<-1b813ef4-47a4-4bfc-8eb5-c34ae440adb1#0:FAIL-t109] and 0 exception(s); f2627371-a904-4314-a836-5eb8f54559ec@group-73E40DF2990B:t109, leader=null, voted=f2627371-a904-4314-a836-5eb8f54559ec, raftlog=f2627371-a904-4314-a836-5eb8f54559ec@group-73E40DF2990B-SegmentedRaftLog:OPENED:c-1,f-1,i0, conf=-1: [e6a83585-83d0-4616-a3d5-866875ad8a29:192.168.34.32:46159, f2627371-a904-4314-a836-5eb8f54559ec:192.168.34.32:33224, 1b813ef4-47a4-4bfc-8eb5-c34ae440adb1:192.168.34.32:36113], old=null
2019-10-21 19:12:51,727 [f2627371-a904-4314-a836-5eb8f54559ec@group-73E40DF2990B-LeaderElection101] INFO  impl.RaftServerImpl (RaftServerImpl.java:setRole(184)) - f2627371-a904-4314-a836-5eb8f54559ec@group-73E40DF2990B: changes role from CANDIDATE to FOLLOWER at term 109 for DISCOVERED_A_NEW_TERM
2019-10-21 19:12:51,727 [f2627371-a904-4314-a836-5eb8f54559ec@group-73E40DF2990B-LeaderElection101] INFO  impl.RoleInfo (RoleInfo.java:shutdownLeaderElection(134)) - f2627371-a904-4314-a836-5eb8f54559ec: shutdown LeaderElection
2019-10-21 19:12:51,727 [f2627371-a904-4314-a836-5eb8f54559ec@group-73E40DF2990B-LeaderElection101] INFO  impl.RoleInfo (RoleInfo.java:updateAndGet(143)) - f2627371-a904-4314-a836-5eb8f54559ec: start FollowerState
2019-10-21 19:12:51,775 [Thread-894] INFO  impl.FollowerState (FollowerState.java:run(108)) - f2627371-a904-4314-a836-5eb8f54559ec@group-73E40DF2990B-FollowerState: change to CANDIDATE, lastRpcTime:48ms, electionTimeout:48ms
2019-10-21 19:12:51,775 [Thread-894] INFO  impl.RoleInfo (RoleInfo.java:shutdownFollowerState(121)) - f2627371-a904-4314-a836-5eb8f54559ec: shutdown FollowerState
2019-10-21 19:12:51,776 [Thread-894] INFO  impl.RaftServerImpl (RaftServerImpl.java:setRole(184)) - f2627371-a904-4314-a836-5eb8f54559ec@group-73E40DF2990B: changes role from  FOLLOWER to CANDIDATE at term 109 for changeToCandidate
2019-10-21 19:12:51,776 [Thread-894] INFO  impl.RoleInfo (RoleInfo.java:updateAndGet(143)) - f2627371-a904-4314-a836-5eb8f54559ec: start LeaderElection
2019-10-21 19:12:51,790 [f2627371-a904-4314-a836-5eb8f54559ec@group-73E40DF2990B-LeaderElection102] INFO  impl.LeaderElection (LeaderElection.java:askForVotes(178)) - f2627371-a904-4314-a836-5eb8f54559ec@group-73E40DF2990B-LeaderElection102: begin an election at term 110 for -1: [e6a83585-83d0-4616-a3d5-866875ad8a29:192.168.34.32:46159, f2627371-a904-4314-a836-5eb8f54559ec:192.168.34.32:33224, 1b813ef4-47a4-4bfc-8eb5-c34ae440adb1:192.168.34.32:36113], old=null
2019-10-21 19:12:51,793 [grpc-default-executor-5] INFO  impl.RaftServerImpl (RaftServerImpl.java:setRole(184)) - e6a83585-83d0-4616-a3d5-866875ad8a29@group-73E40DF2990B: changes role from  FOLLOWER to FOLLOWER at term 110 for recognizeCandidate:f2627371-a904-4314-a836-5eb8f54559ec
2019-10-21 19:12:51,793 [grpc-default-executor-1] INFO  impl.RaftServerImpl (RaftServerImpl.java:setRole(184)) - 1b813ef4-47a4-4bfc-8eb5-c34ae440adb1@group-73E40DF2990B: changes role from  FOLLOWER to FOLLOWER at term 110 for recognizeCandidate:f2627371-a904-4314-a836-5eb8f54559ec
2019-10-21 19:12:51,793 [grpc-default-executor-5] INFO  impl.RoleInfo (RoleInfo.java:shutdownFollowerState(121)) - e6a83585-83d0-4616-a3d5-866875ad8a29: shutdown FollowerState
2019-10-21 19:12:51,793 [grpc-default-executor-1] INFO  impl.RoleInfo (RoleInfo.java:shutdownFollowerState(121)) - 1b813ef4-47a4-4bfc-8eb5-c34ae440adb1: shutdown FollowerState
2019-10-21 19:12:51,793 [Thread-892] INFO  impl.FollowerState (FollowerState.java:run(117)) - e6a83585-83d0-4616-a3d5-866875ad8a29@group-73E40DF2990B-FollowerState was interrupted: java.lang.InterruptedException: sleep interrupted
2019-10-21 19:12:51,793 [grpc-default-executor-5] INFO  impl.RoleInfo (RoleInfo.java:updateAndGet(143)) - e6a83585-83d0-4616-a3d5-866875ad8a29: start FollowerState
2019-10-21 19:12:51,794 [Thread-893] INFO  impl.FollowerState (FollowerState.java:run(117)) - 1b813ef4-47a4-4bfc-8eb5-c34ae440adb1@group-73E40DF2990B-FollowerState was interrupted: java.lang.InterruptedException: sleep interrupted
2019-10-21 19:12:51,794 [grpc-default-executor-1] INFO  impl.RoleInfo (RoleInfo.java:updateAndGet(143)) - 1b813ef4-47a4-4bfc-8eb5-c34ae440adb1: start FollowerState
2019-10-21 19:12:51,809 [f2627371-a904-4314-a836-5eb8f54559ec@group-73E40DF2990B-LeaderElection102] INFO  impl.LeaderElection (LeaderElection.java:logAndReturn(56)) - f2627371-a904-4314-a836-5eb8f54559ec@group-73E40DF2990B-LeaderElection102: Election REJECTED; received 2 response(s) [f2627371-a904-4314-a836-5eb8f54559ec<-e6a83585-83d0-4616-a3d5-866875ad8a29#0:FAIL-t110, f2627371-a904-4314-a836-5eb8f54559ec<-1b813ef4-47a4-4bfc-8eb5-c34ae440adb1#0:FAIL-t110] and 0 exception(s); f2627371-a904-4314-a836-5eb8f54559ec@group-73E40DF2990B:t110, leader=null, voted=f2627371-a904-4314-a836-5eb8f54559ec, raftlog=f2627371-a904-4314-a836-5eb8f54559ec@group-73E40DF2990B-SegmentedRaftLog:OPENED:c-1,f-1,i0, conf=-1: [e6a83585-83d0-4616-a3d5-866875ad8a29:192.168.34.32:46159, f2627371-a904-4314-a836-5eb8f54559ec:192.168.34.32:33224, 1b813ef4-47a4-4bfc-8eb5-c34ae440adb1:192.168.34.32:36113], old=null
2019-10-21 19:12:51,809 [f2627371-a904-4314-a836-5eb8f54559ec@group-73E40DF2990B-LeaderElection102] INFO  impl.RaftServerImpl (RaftServerImpl.java:setRole(184)) - f2627371-a904-4314-a836-5eb8f54559ec@group-73E40DF2990B: changes role from CANDIDATE to FOLLOWER at term 110 for DISCOVERED_A_NEW_TERM
2019-10-21 19:12:51,809 [f2627371-a904-4314-a836-5eb8f54559ec@group-73E40DF2990B-LeaderElection102] INFO  impl.RoleInfo (RoleInfo.java:shutdownLeaderElection(134)) - f2627371-a904-4314-a836-5eb8f54559ec: shutdown LeaderElection
2019-10-21 19:12:51,809 [f2627371-a904-4314-a836-5eb8f54559ec@group-73E40DF2990B-LeaderElection102] INFO  impl.RoleInfo (RoleInfo.java:updateAndGet(143)) - f2627371-a904-4314-a836-5eb8f54559ec: start FollowerState
2019-10-21 19:12:52,004 [Thread-900] INFO  impl.FollowerState (FollowerState.java:run(108)) - f2627371-a904-4314-a836-5eb8f54559ec@group-73E40DF2990B-FollowerState: change to CANDIDATE, lastRpcTime:194ms, electionTimeout:194ms
2019-10-21 19:12:52,004 [Thread-900] INFO  impl.RoleInfo (RoleInfo.java:shutdownFollowerState(121)) - f2627371-a904-4314-a836-5eb8f54559ec: shutdown FollowerState
2019-10-21 19:12:52,004 [Thread-900] INFO  impl.RaftServerImpl (RaftServerImpl.java:setRole(184)) - f2627371-a904-4314-a836-5eb8f54559ec@group-73E40DF2990B: changes role from  FOLLOWER to CANDIDATE at term 110 for changeToCandidate
2019-10-21 19:12:52,004 [Thread-900] INFO  impl.RoleInfo (RoleInfo.java:updateAndGet(143)) - f2627371-a904-4314-a836-5eb8f54559ec: start LeaderElection
2019-10-21 19:12:52,018 [f2627371-a904-4314-a836-5eb8f54559ec@group-73E40DF2990B-LeaderElection103] INFO  impl.LeaderElection (LeaderElection.java:askForVotes(178)) - f2627371-a904-4314-a836-5eb8f54559ec@group-73E40DF2990B-LeaderElection103: begin an election at term 111 for -1: [e6a83585-83d0-4616-a3d5-866875ad8a29:192.168.34.32:46159, f2627371-a904-4314-a836-5eb8f54559ec:192.168.34.32:33224, 1b813ef4-47a4-4bfc-8eb5-c34ae440adb1:192.168.34.32:36113], old=null
2019-10-21 19:12:52,021 [grpc-default-executor-1] INFO  impl.RaftServerImpl (RaftServerImpl.java:setRole(184)) - e6a83585-83d0-4616-a3d5-866875ad8a29@group-73E40DF2990B: changes role from  FOLLOWER to FOLLOWER at term 111 for recognizeCandidate:f2627371-a904-4314-a836-5eb8f54559ec
2019-10-21 19:12:52,021 [grpc-default-executor-1] INFO  impl.RoleInfo (RoleInfo.java:shutdownFollowerState(121)) - e6a83585-83d0-4616-a3d5-866875ad8a29: shutdown FollowerState
2019-10-21 19:12:52,021 [grpc-default-executor-5] INFO  impl.RaftServerImpl (RaftServerImpl.java:setRole(184)) - 1b813ef4-47a4-4bfc-8eb5-c34ae440adb1@group-73E40DF2990B: changes role from  FOLLOWER to FOLLOWER at term 111 for recognizeCandidate:f2627371-a904-4314-a836-5eb8f54559ec
2019-10-21 19:12:52,021 [Thread-898] INFO  impl.FollowerState (FollowerState.java:run(117)) - e6a83585-83d0-4616-a3d5-866875ad8a29@group-73E40DF2990B-FollowerState was interrupted: java.lang.InterruptedException: sleep interrupted
2019-10-21 19:12:52,021 [grpc-default-executor-1] INFO  impl.RoleInfo (RoleInfo.java:updateAndGet(143)) - e6a83585-83d0-4616-a3d5-866875ad8a29: start FollowerState
2019-10-21 19:12:52,021 [grpc-default-executor-5] INFO  impl.RoleInfo (RoleInfo.java:shutdownFollowerState(121)) - 1b813ef4-47a4-4bfc-8eb5-c34ae440adb1: shutdown FollowerState
2019-10-21 19:12:52,022 [grpc-default-executor-5] INFO  impl.RoleInfo (RoleInfo.java:updateAndGet(143)) - 1b813ef4-47a4-4bfc-8eb5-c34ae440adb1: start FollowerState
2019-10-21 19:12:52,022 [Thread-899] INFO  impl.FollowerState (FollowerState.java:run(117)) - 1b813ef4-47a4-4bfc-8eb5-c34ae440adb1@group-73E40DF2990B-FollowerState was interrupted: java.lang.InterruptedException: sleep interrupted
2019-10-21 19:12:52,031 [f2627371-a904-4314-a836-5eb8f54559ec@group-73E40DF2990B-LeaderElection103] INFO  impl.LeaderElection (LeaderElection.java:logAndReturn(56)) - f2627371-a904-4314-a836-5eb8f54559ec@group-73E40DF2990B-LeaderElection103: Election TIMEOUT; received 0 response(s) [] and 0 exception(s); f2627371-a904-4314-a836-5eb8f54559ec@group-73E40DF2990B:t111, leader=null, voted=f2627371-a904-4314-a836-5eb8f54559ec, raftlog=f2627371-a904-4314-a836-5eb8f54559ec@group-73E40DF2990B-SegmentedRaftLog:OPENED:c-1,f-1,i0, conf=-1: [e6a83585-83d0-4616-a3d5-866875ad8a29:192.168.34.32:46159, f2627371-a904-4314-a836-5eb8f54559ec:192.168.34.32:33224, 1b813ef4-47a4-4bfc-8eb5-c34ae440adb1:192.168.34.32:36113], old=null
2019-10-21 19:12:52,035 [f2627371-a904-4314-a836-5eb8f54559ec@group-73E40DF2990B-LeaderElection103] INFO  impl.LeaderElection (LeaderElection.java:askForVotes(178)) - f2627371-a904-4314-a836-5eb8f54559ec@group-73E40DF2990B-LeaderElection103: begin an election at term 112 for -1: [e6a83585-83d0-4616-a3d5-866875ad8a29:192.168.34.32:46159, f2627371-a904-4314-a836-5eb8f54559ec:192.168.34.32:33224, 1b813ef4-47a4-4bfc-8eb5-c34ae440adb1:192.168.34.32:36113], old=null
2019-10-21 19:12:52,038 [grpc-default-executor-5] INFO  impl.RaftServerImpl (RaftServerImpl.java:setRole(184)) - e6a83585-83d0-4616-a3d5-866875ad8a29@group-73E40DF2990B: changes role from  FOLLOWER to FOLLOWER at term 112 for recognizeCandidate:f2627371-a904-4314-a836-5eb8f54559ec
2019-10-21 19:12:52,038 [grpc-default-executor-5] INFO  impl.RoleInfo (RoleInfo.java:shutdownFollowerState(121)) - e6a83585-83d0-4616-a3d5-866875ad8a29: shutdown FollowerState
2019-10-21 19:12:52,038 [grpc-default-executor-5] INFO  impl.RoleInfo (RoleInfo.java:updateAndGet(143)) - e6a83585-83d0-4616-a3d5-866875ad8a29: start FollowerState
2019-10-21 19:12:52,038 [Thread-904] INFO  impl.FollowerState (FollowerState.java:run(117)) - e6a83585-83d0-4616-a3d5-866875ad8a29@group-73E40DF2990B-FollowerState was interrupted: java.lang.InterruptedException: sleep interrupted
2019-10-21 19:12:52,038 [grpc-default-executor-1] INFO  impl.RaftServerImpl (RaftServerImpl.java:setRole(184)) - 1b813ef4-47a4-4bfc-8eb5-c34ae440adb1@group-73E40DF2990B: changes role from  FOLLOWER to FOLLOWER at term 112 for recognizeCandidate:f2627371-a904-4314-a836-5eb8f54559ec
2019-10-21 19:12:52,038 [grpc-default-executor-1] INFO  impl.RoleInfo (RoleInfo.java:shutdownFollowerState(121)) - 1b813ef4-47a4-4bfc-8eb5-c34ae440adb1: shutdown FollowerState
2019-10-21 19:12:52,039 [grpc-default-executor-1] INFO  impl.RoleInfo (RoleInfo.java:updateAndGet(143)) - 1b813ef4-47a4-4bfc-8eb5-c34ae440adb1: start FollowerState
2019-10-21 19:12:52,039 [Thread-905] INFO  impl.FollowerState (FollowerState.java:run(117)) - 1b813ef4-47a4-4bfc-8eb5-c34ae440adb1@group-73E40DF2990B-FollowerState was interrupted: java.lang.InterruptedException: sleep interrupted
2019-10-21 19:12:52,053 [f2627371-a904-4314-a836-5eb8f54559ec@group-73E40DF2990B-LeaderElection103] INFO  impl.LeaderElection (LeaderElection.java:logAndReturn(56)) - f2627371-a904-4314-a836-5eb8f54559ec@group-73E40DF2990B-LeaderElection103: Election REJECTED; received 2 response(s) [f2627371-a904-4314-a836-5eb8f54559ec<-e6a83585-83d0-4616-a3d5-866875ad8a29#0:FAIL-t112, f2627371-a904-4314-a836-5eb8f54559ec<-1b813ef4-47a4-4bfc-8eb5-c34ae440adb1#0:FAIL-t112] and 0 exception(s); f2627371-a904-4314-a836-5eb8f54559ec@group-73E40DF2990B:t112, leader=null, voted=f2627371-a904-4314-a836-5eb8f54559ec, raftlog=f2627371-a904-4314-a836-5eb8f54559ec@group-73E40DF2990B-SegmentedRaftLog:OPENED:c-1,f-1,i0, conf=-1: [e6a83585-83d0-4616-a3d5-866875ad8a29:192.168.34.32:46159, f2627371-a904-4314-a836-5eb8f54559ec:192.168.34.32:33224, 1b813ef4-47a4-4bfc-8eb5-c34ae440adb1:192.168.34.32:36113], old=null
2019-10-21 19:12:52,053 [f2627371-a904-4314-a836-5eb8f54559ec@group-73E40DF2990B-LeaderElection103] INFO  impl.RaftServerImpl (RaftServerImpl.java:setRole(184)) - f2627371-a904-4314-a836-5eb8f54559ec@group-73E40DF2990B: changes role from CANDIDATE to FOLLOWER at term 112 for DISCOVERED_A_NEW_TERM
2019-10-21 19:12:52,053 [f2627371-a904-4314-a836-5eb8f54559ec@group-73E40DF2990B-LeaderElection103] INFO  impl.RoleInfo (RoleInfo.java:shutdownLeaderElection(134)) - f2627371-a904-4314-a836-5eb8f54559ec: shutdown LeaderElection
2019-10-21 19:12:52,054 [f2627371-a904-4314-a836-5eb8f54559ec@group-73E40DF2990B-LeaderElection103] INFO  impl.RoleInfo (RoleInfo.java:updateAndGet(143)) - f2627371-a904-4314-a836-5eb8f54559ec: start FollowerState
2019-10-21 19:12:52,113 [Thread-910] INFO  impl.FollowerState (FollowerState.java:run(108)) - f2627371-a904-4314-a836-5eb8f54559ec@group-73E40DF2990B-FollowerState: change to CANDIDATE, lastRpcTime:59ms, electionTimeout:59ms
2019-10-21 19:12:52,113 [Thread-910] INFO  impl.RoleInfo (RoleInfo.java:shutdownFollowerState(121)) - f2627371-a904-4314-a836-5eb8f54559ec: shutdown FollowerState
2019-10-21 19:12:52,113 [Thread-910] INFO  impl.RaftServerImpl (RaftServerImpl.java:setRole(184)) - f2627371-a904-4314-a836-5eb8f54559ec@group-73E40DF2990B: changes role from  FOLLOWER to CANDIDATE at term 112 for changeToCandidate
2019-10-21 19:12:52,114 [Thread-910] INFO  impl.RoleInfo (RoleInfo.java:updateAndGet(143)) - f2627371-a904-4314-a836-5eb8f54559ec: start LeaderElection
2019-10-21 19:12:52,128 [f2627371-a904-4314-a836-5eb8f54559ec@group-73E40DF2990B-LeaderElection104] INFO  impl.LeaderElection (LeaderElection.java:askForVotes(178)) - f2627371-a904-4314-a836-5eb8f54559ec@group-73E40DF2990B-LeaderElection104: begin an election at term 113 for -1: [e6a83585-83d0-4616-a3d5-866875ad8a29:192.168.34.32:46159, f2627371-a904-4314-a836-5eb8f54559ec:192.168.34.32:33224, 1b813ef4-47a4-4bfc-8eb5-c34ae440adb1:192.168.34.32:36113], old=null
2019-10-21 19:12:52,132 [grpc-default-executor-1] INFO  impl.RaftServerImpl (RaftServerImpl.java:setRole(184)) - e6a83585-83d0-4616-a3d5-866875ad8a29@group-73E40DF2990B: changes role from  FOLLOWER to FOLLOWER at term 113 for recognizeCandidate:f2627371-a904-4314-a836-5eb8f54559ec
2019-10-21 19:12:52,132 [grpc-default-executor-1] INFO  impl.RoleInfo (RoleInfo.java:shutdownFollowerState(121)) - e6a83585-83d0-4616-a3d5-866875ad8a29: shutdown FollowerState
2019-10-21 19:12:52,132 [grpc-default-executor-1] INFO  impl.RoleInfo (RoleInfo.java:updateAndGet(143)) - e6a83585-83d0-4616-a3d5-866875ad8a29: start FollowerState
2019-10-21 19:12:52,132 [Thread-908] INFO  impl.FollowerState (FollowerState.java:run(117)) - e6a83585-83d0-4616-a3d5-866875ad8a29@group-73E40DF2990B-FollowerState was interrupted: java.lang.InterruptedException: sleep interrupted
2019-10-21 19:12:52,133 [grpc-default-executor-5] INFO  impl.RaftServerImpl (RaftServerImpl.java:setRole(184)) - 1b813ef4-47a4-4bfc-8eb5-c34ae440adb1@group-73E40DF2990B: changes role from  FOLLOWER to FOLLOWER at term 113 for recognizeCandidate:f2627371-a904-4314-a836-5eb8f54559ec
2019-10-21 19:12:52,133 [grpc-default-executor-5] INFO  impl.RoleInfo (RoleInfo.java:shutdownFollowerState(121)) - 1b813ef4-47a4-4bfc-8eb5-c34ae440adb1: shutdown FollowerState
2019-10-21 19:12:52,133 [grpc-default-executor-5] INFO  impl.RoleInfo (RoleInfo.java:updateAndGet(143)) - 1b813ef4-47a4-4bfc-8eb5-c34ae440adb1: start FollowerState
2019-10-21 19:12:52,133 [Thread-909] INFO  impl.FollowerState (FollowerState.java:run(117)) - 1b813ef4-47a4-4bfc-8eb5-c34ae440adb1@group-73E40DF2990B-FollowerState was interrupted: java.lang.InterruptedException: sleep interrupted
2019-10-21 19:12:52,147 [f2627371-a904-4314-a836-5eb8f54559ec@group-73E40DF2990B-LeaderElection104] INFO  impl.LeaderElection (LeaderElection.java:logAndReturn(56)) - f2627371-a904-4314-a836-5eb8f54559ec@group-73E40DF2990B-LeaderElection104: Election REJECTED; received 2 response(s) [f2627371-a904-4314-a836-5eb8f54559ec<-e6a83585-83d0-4616-a3d5-866875ad8a29#0:FAIL-t113, f2627371-a904-4314-a836-5eb8f54559ec<-1b813ef4-47a4-4bfc-8eb5-c34ae440adb1#0:FAIL-t113] and 0 exception(s); f2627371-a904-4314-a836-5eb8f54559ec@group-73E40DF2990B:t113, leader=null, voted=f2627371-a904-4314-a836-5eb8f54559ec, raftlog=f2627371-a904-4314-a836-5eb8f54559ec@group-73E40DF2990B-SegmentedRaftLog:OPENED:c-1,f-1,i0, conf=-1: [e6a83585-83d0-4616-a3d5-866875ad8a29:192.168.34.32:46159, f2627371-a904-4314-a836-5eb8f54559ec:192.168.34.32:33224, 1b813ef4-47a4-4bfc-8eb5-c34ae440adb1:192.168.34.32:36113], old=null
2019-10-21 19:12:52,148 [f2627371-a904-4314-a836-5eb8f54559ec@group-73E40DF2990B-LeaderElection104] INFO  impl.RaftServerImpl (RaftServerImpl.java:setRole(184)) - f2627371-a904-4314-a836-5eb8f54559ec@group-73E40DF2990B: changes role from CANDIDATE to FOLLOWER at term 113 for DISCOVERED_A_NEW_TERM
2019-10-21 19:12:52,148 [f2627371-a904-4314-a836-5eb8f54559ec@group-73E40DF2990B-LeaderElection104] INFO  impl.RoleInfo (RoleInfo.java:shutdownLeaderElection(134)) - f2627371-a904-4314-a836-5eb8f54559ec: shutdown LeaderElection
2019-10-21 19:12:52,148 [f2627371-a904-4314-a836-5eb8f54559ec@group-73E40DF2990B-LeaderElection104] INFO  impl.RoleInfo (RoleInfo.java:updateAndGet(143)) - f2627371-a904-4314-a836-5eb8f54559ec: start FollowerState
2019-10-21 19:12:52,156 [Thread-916] INFO  impl.FollowerState (FollowerState.java:run(108)) - f2627371-a904-4314-a836-5eb8f54559ec@group-73E40DF2990B-FollowerState: change to CANDIDATE, lastRpcTime:7ms, electionTimeout:7ms
2019-10-21 19:12:52,156 [Thread-916] INFO  impl.RoleInfo (RoleInfo.java:shutdownFollowerState(121)) - f2627371-a904-4314-a836-5eb8f54559ec: shutdown FollowerState
2019-10-21 19:12:52,156 [Thread-916] INFO  impl.RaftServerImpl (RaftServerImpl.java:setRole(184)) - f2627371-a904-4314-a836-5eb8f54559ec@group-73E40DF2990B: changes role from  FOLLOWER to CANDIDATE at term 113 for changeToCandidate
2019-10-21 19:12:52,156 [Thread-916] INFO  impl.RoleInfo (RoleInfo.java:updateAndGet(143)) - f2627371-a904-4314-a836-5eb8f54559ec: start LeaderElection
2019-10-21 19:12:52,169 [f2627371-a904-4314-a836-5eb8f54559ec@group-73E40DF2990B-LeaderElection105] INFO  impl.LeaderElection (LeaderElection.java:askForVotes(178)) - f2627371-a904-4314-a836-5eb8f54559ec@group-73E40DF2990B-LeaderElection105: begin an election at term 114 for -1: [e6a83585-83d0-4616-a3d5-866875ad8a29:192.168.34.32:46159, f2627371-a904-4314-a836-5eb8f54559ec:192.168.34.32:33224, 1b813ef4-47a4-4bfc-8eb5-c34ae440adb1:192.168.34.32:36113], old=null
2019-10-21 19:12:52,177 [grpc-default-executor-1] INFO  impl.RaftServerImpl (RaftServerImpl.java:setRole(184)) - e6a83585-83d0-4616-a3d5-866875ad8a29@group-73E40DF2990B: changes role from  FOLLOWER to FOLLOWER at term 114 for recognizeCandidate:f2627371-a904-4314-a836-5eb8f54559ec
2019-10-21 19:12:52,177 [grpc-default-executor-1] INFO  impl.RoleInfo (RoleInfo.java:shutdownFollowerState(121)) - e6a83585-83d0-4616-a3d5-866875ad8a29: shutdown FollowerState
2019-10-21 19:12:52,177 [grpc-default-executor-1] INFO  impl.RoleInfo (RoleInfo.java:updateAndGet(143)) - e6a83585-83d0-4616-a3d5-866875ad8a29: start FollowerState
2019-10-21 19:12:52,177 [Thread-914] INFO  impl.FollowerState (FollowerState.java:run(117)) - e6a83585-83d0-4616-a3d5-866875ad8a29@group-73E40DF2990B-FollowerState was interrupted: java.lang.InterruptedException: sleep interrupted
2019-10-21 19:12:52,178 [grpc-default-executor-5] INFO  impl.RaftServerImpl (RaftServerImpl.java:setRole(184)) - 1b813ef4-47a4-4bfc-8eb5-c34ae440adb1@group-73E40DF2990B: changes role from  FOLLOWER to FOLLOWER at term 114 for recognizeCandidate:f2627371-a904-4314-a836-5eb8f54559ec
2019-10-21 19:12:52,178 [grpc-default-executor-5] INFO  impl.RoleInfo (RoleInfo.java:shutdownFollowerState(121)) - 1b813ef4-47a4-4bfc-8eb5-c34ae440adb1: shutdown FollowerState
2019-10-21 19:12:52,178 [grpc-default-executor-5] INFO  impl.RoleInfo (RoleInfo.java:updateAndGet(143)) - 1b813ef4-47a4-4bfc-8eb5-c34ae440adb1: start FollowerState
2019-10-21 19:12:52,178 [Thread-915] INFO  impl.FollowerState (FollowerState.java:run(117)) - 1b813ef4-47a4-4bfc-8eb5-c34ae440adb1@group-73E40DF2990B-FollowerState was interrupted: java.lang.InterruptedException: sleep interrupted
2019-10-21 19:12:52,192 [f2627371-a904-4314-a836-5eb8f54559ec@group-73E40DF2990B-LeaderElection105] INFO  impl.LeaderElection (LeaderElection.java:logAndReturn(56)) - f2627371-a904-4314-a836-5eb8f54559ec@group-73E40DF2990B-LeaderElection105: Election REJECTED; received 2 response(s) [f2627371-a904-4314-a836-5eb8f54559ec<-e6a83585-83d0-4616-a3d5-866875ad8a29#0:FAIL-t114, f2627371-a904-4314-a836-5eb8f54559ec<-1b813ef4-47a4-4bfc-8eb5-c34ae440adb1#0:FAIL-t114] and 0 exception(s); f2627371-a904-4314-a836-5eb8f54559ec@group-73E40DF2990B:t114, leader=null, voted=f2627371-a904-4314-a836-5eb8f54559ec, raftlog=f2627371-a904-4314-a836-5eb8f54559ec@group-73E40DF2990B-SegmentedRaftLog:OPENED:c-1,f-1,i0, conf=-1: [e6a83585-83d0-4616-a3d5-866875ad8a29:192.168.34.32:46159, f2627371-a904-4314-a836-5eb8f54559ec:192.168.34.32:33224, 1b813ef4-47a4-4bfc-8eb5-c34ae440adb1:192.168.34.32:36113], old=null
2019-10-21 19:12:52,192 [f2627371-a904-4314-a836-5eb8f54559ec@group-73E40DF2990B-LeaderElection105] INFO  impl.RaftServerImpl (RaftServerImpl.java:setRole(184)) - f2627371-a904-4314-a836-5eb8f54559ec@group-73E40DF2990B: changes role from CANDIDATE to FOLLOWER at term 114 for DISCOVERED_A_NEW_TERM
2019-10-21 19:12:52,193 [f2627371-a904-4314-a836-5eb8f54559ec@group-73E40DF2990B-LeaderElection105] INFO  impl.RoleInfo (RoleInfo.java:shutdownLeaderElection(134)) - f2627371-a904-4314-a836-5eb8f54559ec: shutdown LeaderElection
2019-10-21 19:12:52,193 [f2627371-a904-4314-a836-5eb8f54559ec@group-73E40DF2990B-LeaderElection105] INFO  impl.RoleInfo (RoleInfo.java:updateAndGet(143)) - f2627371-a904-4314-a836-5eb8f54559ec: start FollowerState
2019-10-21 19:12:52,339 [Thread-922] INFO  impl.FollowerState (FollowerState.java:run(108)) - f2627371-a904-4314-a836-5eb8f54559ec@group-73E40DF2990B-FollowerState: change to CANDIDATE, lastRpcTime:146ms, electionTimeout:146ms
2019-10-21 19:12:52,339 [Thread-922] INFO  impl.RoleInfo (RoleInfo.java:shutdownFollowerState(121)) - f2627371-a904-4314-a836-5eb8f54559ec: shutdown FollowerState
2019-10-21 19:12:52,339 [Thread-922] INFO  impl.RaftServerImpl (RaftServerImpl.java:setRole(184)) - f2627371-a904-4314-a836-5eb8f54559ec@group-73E40DF2990B: changes role from  FOLLOWER to CANDIDATE at term 114 for changeToCandidate
2019-10-21 19:12:52,340 [Thread-922] INFO  impl.RoleInfo (RoleInfo.java:updateAndGet(143)) - f2627371-a904-4314-a836-5eb8f54559ec: start LeaderElection
2019-10-21 19:12:52,355 [f2627371-a904-4314-a836-5eb8f54559ec@group-73E40DF2990B-LeaderElection106] INFO  impl.LeaderElection (LeaderElection.java:askForVotes(178)) - f2627371-a904-4314-a836-5eb8f54559ec@group-73E40DF2990B-LeaderElection106: begin an election at term 115 for -1: [e6a83585-83d0-4616-a3d5-866875ad8a29:192.168.34.32:46159, f2627371-a904-4314-a836-5eb8f54559ec:192.168.34.32:33224, 1b813ef4-47a4-4bfc-8eb5-c34ae440adb1:192.168.34.32:36113], old=null
2019-10-21 19:12:52,358 [grpc-default-executor-5] INFO  impl.RaftServerImpl (RaftServerImpl.java:setRole(184)) - e6a83585-83d0-4616-a3d5-866875ad8a29@group-73E40DF2990B: changes role from  FOLLOWER to FOLLOWER at term 115 for recognizeCandidate:f2627371-a904-4314-a836-5eb8f54559ec
2019-10-21 19:12:52,359 [grpc-default-executor-5] INFO  impl.RoleInfo (RoleInfo.java:shutdownFollowerState(121)) - e6a83585-83d0-4616-a3d5-866875ad8a29: shutdown FollowerState
2019-10-21 19:12:52,359 [grpc-default-executor-1] INFO  impl.RaftServerImpl (RaftServerImpl.java:setRole(184)) - 1b813ef4-47a4-4bfc-8eb5-c34ae440adb1@group-73E40DF2990B: changes role from  FOLLOWER to FOLLOWER at term 115 for recognizeCandidate:f2627371-a904-4314-a836-5eb8f54559ec
2019-10-21 19:12:52,359 [grpc-default-executor-1] INFO  impl.RoleInfo (RoleInfo.java:shutdownFollowerState(121)) - 1b813ef4-47a4-4bfc-8eb5-c34ae440adb1: shutdown FollowerState
2019-10-21 19:12:52,359 [grpc-default-executor-5] INFO  impl.RoleInfo (RoleInfo.java:updateAndGet(143)) - e6a83585-83d0-4616-a3d5-866875ad8a29: start FollowerState
2019-10-21 19:12:52,359 [Thread-920] INFO  impl.FollowerState (FollowerState.java:run(117)) - e6a83585-83d0-4616-a3d5-866875ad8a29@group-73E40DF2990B-FollowerState was interrupted: java.lang.InterruptedException: sleep interrupted
2019-10-21 19:12:52,359 [Thread-921] INFO  impl.FollowerState (FollowerState.java:run(117)) - 1b813ef4-47a4-4bfc-8eb5-c34ae440adb1@group-73E40DF2990B-FollowerState was interrupted: java.lang.InterruptedException: sleep interrupted
2019-10-21 19:12:52,359 [grpc-default-executor-1] INFO  impl.RoleInfo (RoleInfo.java:updateAndGet(143)) - 1b813ef4-47a4-4bfc-8eb5-c34ae440adb1: start FollowerState
2019-10-21 19:12:52,362 [f2627371-a904-4314-a836-5eb8f54559ec@group-73E40DF2990B-LeaderElection106] INFO  impl.LeaderElection (LeaderElection.java:logAndReturn(56)) - f2627371-a904-4314-a836-5eb8f54559ec@group-73E40DF2990B-LeaderElection106: Election TIMEOUT; received 0 response(s) [] and 0 exception(s); f2627371-a904-4314-a836-5eb8f54559ec@group-73E40DF2990B:t115, leader=null, voted=f2627371-a904-4314-a836-5eb8f54559ec, raftlog=f2627371-a904-4314-a836-5eb8f54559ec@group-73E40DF2990B-SegmentedRaftLog:OPENED:c-1,f-1,i0, conf=-1: [e6a83585-83d0-4616-a3d5-866875ad8a29:192.168.34.32:46159, f2627371-a904-4314-a836-5eb8f54559ec:192.168.34.32:33224, 1b813ef4-47a4-4bfc-8eb5-c34ae440adb1:192.168.34.32:36113], old=null
2019-10-21 19:12:52,373 [f2627371-a904-4314-a836-5eb8f54559ec@group-73E40DF2990B-LeaderElection106] INFO  impl.LeaderElection (LeaderElection.java:askForVotes(178)) - f2627371-a904-4314-a836-5eb8f54559ec@group-73E40DF2990B-LeaderElection106: begin an election at term 116 for -1: [e6a83585-83d0-4616-a3d5-866875ad8a29:192.168.34.32:46159, f2627371-a904-4314-a836-5eb8f54559ec:192.168.34.32:33224, 1b813ef4-47a4-4bfc-8eb5-c34ae440adb1:192.168.34.32:36113], old=null
2019-10-21 19:12:52,376 [grpc-default-executor-1] INFO  impl.RaftServerImpl (RaftServerImpl.java:setRole(184)) - e6a83585-83d0-4616-a3d5-866875ad8a29@group-73E40DF2990B: changes role from  FOLLOWER to FOLLOWER at term 116 for recognizeCandidate:f2627371-a904-4314-a836-5eb8f54559ec
2019-10-21 19:12:52,376 [grpc-default-executor-1] INFO  impl.RoleInfo (RoleInfo.java:shutdownFollowerState(121)) - e6a83585-83d0-4616-a3d5-866875ad8a29: shutdown FollowerState
2019-10-21 19:12:52,376 [grpc-default-executor-5] INFO  impl.RaftServerImpl (RaftServerImpl.java:setRole(184)) - 1b813ef4-47a4-4bfc-8eb5-c34ae440adb1@group-73E40DF2990B: changes role from  FOLLOWER to FOLLOWER at term 116 for recognizeCandidate:f2627371-a904-4314-a836-5eb8f54559ec
2019-10-21 19:12:52,376 [Thread-928] INFO  impl.FollowerState (FollowerState.java:run(117)) - e6a83585-83d0-4616-a3d5-866875ad8a29@group-73E40DF2990B-FollowerState was interrupted: java.lang.InterruptedException: sleep interrupted
2019-10-21 19:12:52,376 [grpc-default-executor-1] INFO  impl.RoleInfo (RoleInfo.java:updateAndGet(143)) - e6a83585-83d0-4616-a3d5-866875ad8a29: start FollowerState
2019-10-21 19:12:52,376 [grpc-default-executor-5] INFO  impl.RoleInfo (RoleInfo.java:shutdownFollowerState(121)) - 1b813ef4-47a4-4bfc-8eb5-c34ae440adb1: shutdown FollowerState
2019-10-21 19:12:52,377 [grpc-default-executor-5] INFO  impl.RoleInfo (RoleInfo.java:updateAndGet(143)) - 1b813ef4-47a4-4bfc-8eb5-c34ae440adb1: start FollowerState
2019-10-21 19:12:52,377 [Thread-929] INFO  impl.FollowerState (FollowerState.java:run(117)) - 1b813ef4-47a4-4bfc-8eb5-c34ae440adb1@group-73E40DF2990B-FollowerState was interrupted: java.lang.InterruptedException: sleep interrupted
2019-10-21 19:12:52,392 [f2627371-a904-4314-a836-5eb8f54559ec@group-73E40DF2990B-LeaderElection106] INFO  impl.LeaderElection (LeaderElection.java:logAndReturn(56)) - f2627371-a904-4314-a836-5eb8f54559ec@group-73E40DF2990B-LeaderElection106: Election REJECTED; received 2 response(s) [f2627371-a904-4314-a836-5eb8f54559ec<-e6a83585-83d0-4616-a3d5-866875ad8a29#0:FAIL-t116, f2627371-a904-4314-a836-5eb8f54559ec<-1b813ef4-47a4-4bfc-8eb5-c34ae440adb1#0:FAIL-t116] and 0 exception(s); f2627371-a904-4314-a836-5eb8f54559ec@group-73E40DF2990B:t116, leader=null, voted=f2627371-a904-4314-a836-5eb8f54559ec, raftlog=f2627371-a904-4314-a836-5eb8f54559ec@group-73E40DF2990B-SegmentedRaftLog:OPENED:c-1,f-1,i0, conf=-1: [e6a83585-83d0-4616-a3d5-866875ad8a29:192.168.34.32:46159, f2627371-a904-4314-a836-5eb8f54559ec:192.168.34.32:33224, 1b813ef4-47a4-4bfc-8eb5-c34ae440adb1:192.168.34.32:36113], old=null
2019-10-21 19:12:52,392 [f2627371-a904-4314-a836-5eb8f54559ec@group-73E40DF2990B-LeaderElection106] INFO  impl.RaftServerImpl (RaftServerImpl.java:setRole(184)) - f2627371-a904-4314-a836-5eb8f54559ec@group-73E40DF2990B: changes role from CANDIDATE to FOLLOWER at term 116 for DISCOVERED_A_NEW_TERM
2019-10-21 19:12:52,392 [f2627371-a904-4314-a836-5eb8f54559ec@group-73E40DF2990B-LeaderElection106] INFO  impl.RoleInfo (RoleInfo.java:shutdownLeaderElection(134)) - f2627371-a904-4314-a836-5eb8f54559ec: shutdown LeaderElection
2019-10-21 19:12:52,392 [f2627371-a904-4314-a836-5eb8f54559ec@group-73E40DF2990B-LeaderElection106] INFO  impl.RoleInfo (RoleInfo.java:updateAndGet(143)) - f2627371-a904-4314-a836-5eb8f54559ec: start FollowerState
2019-10-21 19:12:52,566 [Thread-934] INFO  impl.FollowerState (FollowerState.java:run(108)) - f2627371-a904-4314-a836-5eb8f54559ec@group-73E40DF2990B-FollowerState: change to CANDIDATE, lastRpcTime:173ms, electionTimeout:173ms
2019-10-21 19:12:52,566 [Thread-934] INFO  impl.RoleInfo (RoleInfo.java:shutdownFollowerState(121)) - f2627371-a904-4314-a836-5eb8f54559ec: shutdown FollowerState
2019-10-21 19:12:52,566 [Thread-934] INFO  impl.RaftServerImpl (RaftServerImpl.java:setRole(184)) - f2627371-a904-4314-a836-5eb8f54559ec@group-73E40DF2990B: changes role from  FOLLOWER to CANDIDATE at term 116 for changeToCandidate
2019-10-21 19:12:52,567 [Thread-934] INFO  impl.RoleInfo (RoleInfo.java:updateAndGet(143)) - f2627371-a904-4314-a836-5eb8f54559ec: start LeaderElection
2019-10-21 19:12:52,580 [f2627371-a904-4314-a836-5eb8f54559ec@group-73E40DF2990B-LeaderElection107] INFO  impl.LeaderElection (LeaderElection.java:askForVotes(178)) - f2627371-a904-4314-a836-5eb8f54559ec@group-73E40DF2990B-LeaderElection107: begin an election at term 117 for -1: [e6a83585-83d0-4616-a3d5-866875ad8a29:192.168.34.32:46159, f2627371-a904-4314-a836-5eb8f54559ec:192.168.34.32:33224, 1b813ef4-47a4-4bfc-8eb5-c34ae440adb1:192.168.34.32:36113], old=null
2019-10-21 19:12:52,584 [grpc-default-executor-5] INFO  impl.RaftServerImpl (RaftServerImpl.java:setRole(184)) - e6a83585-83d0-4616-a3d5-866875ad8a29@group-73E40DF2990B: changes role from  FOLLOWER to FOLLOWER at term 117 for recognizeCandidate:f2627371-a904-4314-a836-5eb8f54559ec
2019-10-21 19:12:52,584 [grpc-default-executor-5] INFO  impl.RoleInfo (RoleInfo.java:shutdownFollowerState(121)) - e6a83585-83d0-4616-a3d5-866875ad8a29: shutdown FollowerState
2019-10-21 19:12:52,584 [grpc-default-executor-1] INFO  impl.RaftServerImpl (RaftServerImpl.java:setRole(184)) - 1b813ef4-47a4-4bfc-8eb5-c34ae440adb1@group-73E40DF2990B: changes role from  FOLLOWER to FOLLOWER at term 117 for recognizeCandidate:f2627371-a904-4314-a836-5eb8f54559ec
2019-10-21 19:12:52,584 [Thread-932] INFO  impl.FollowerState (FollowerState.java:run(117)) - e6a83585-83d0-4616-a3d5-866875ad8a29@group-73E40DF2990B-FollowerState was interrupted: java.lang.InterruptedException: sleep interrupted
2019-10-21 19:12:52,584 [grpc-default-executor-5] INFO  impl.RoleInfo (RoleInfo.java:updateAndGet(143)) - e6a83585-83d0-4616-a3d5-866875ad8a29: start FollowerState
2019-10-21 19:12:52,584 [grpc-default-executor-1] INFO  impl.RoleInfo (RoleInfo.java:shutdownFollowerState(121)) - 1b813ef4-47a4-4bfc-8eb5-c34ae440adb1: shutdown FollowerState
2019-10-21 19:12:52,585 [grpc-default-executor-1] INFO  impl.RoleInfo (RoleInfo.java:updateAndGet(143)) - 1b813ef4-47a4-4bfc-8eb5-c34ae440adb1: start FollowerState
2019-10-21 19:12:52,585 [Thread-933] INFO  impl.FollowerState (FollowerState.java:run(117)) - 1b813ef4-47a4-4bfc-8eb5-c34ae440adb1@group-73E40DF2990B-FollowerState was interrupted: java.lang.InterruptedException: sleep interrupted
2019-10-21 19:12:52,600 [f2627371-a904-4314-a836-5eb8f54559ec@group-73E40DF2990B-LeaderElection107] INFO  impl.LeaderElection (LeaderElection.java:logAndReturn(56)) - f2627371-a904-4314-a836-5eb8f54559ec@group-73E40DF2990B-LeaderElection107: Election REJECTED; received 2 response(s) [f2627371-a904-4314-a836-5eb8f54559ec<-e6a83585-83d0-4616-a3d5-866875ad8a29#0:FAIL-t117, f2627371-a904-4314-a836-5eb8f54559ec<-1b813ef4-47a4-4bfc-8eb5-c34ae440adb1#0:FAIL-t117] and 0 exception(s); f2627371-a904-4314-a836-5eb8f54559ec@group-73E40DF2990B:t117, leader=null, voted=f2627371-a904-4314-a836-5eb8f54559ec, raftlog=f2627371-a904-4314-a836-5eb8f54559ec@group-73E40DF2990B-SegmentedRaftLog:OPENED:c-1,f-1,i0, conf=-1: [e6a83585-83d0-4616-a3d5-866875ad8a29:192.168.34.32:46159, f2627371-a904-4314-a836-5eb8f54559ec:192.168.34.32:33224, 1b813ef4-47a4-4bfc-8eb5-c34ae440adb1:192.168.34.32:36113], old=null
2019-10-21 19:12:52,600 [f2627371-a904-4314-a836-5eb8f54559ec@group-73E40DF2990B-LeaderElection107] INFO  impl.RaftServerImpl (RaftServerImpl.java:setRole(184)) - f2627371-a904-4314-a836-5eb8f54559ec@group-73E40DF2990B: changes role from CANDIDATE to FOLLOWER at term 117 for DISCOVERED_A_NEW_TERM
2019-10-21 19:12:52,600 [f2627371-a904-4314-a836-5eb8f54559ec@group-73E40DF2990B-LeaderElection107] INFO  impl.RoleInfo (RoleInfo.java:shutdownLeaderElection(134)) - f2627371-a904-4314-a836-5eb8f54559ec: shutdown LeaderElection
2019-10-21 19:12:52,600 [f2627371-a904-4314-a836-5eb8f54559ec@group-73E40DF2990B-LeaderElection107] INFO  impl.RoleInfo (RoleInfo.java:updateAndGet(143)) - f2627371-a904-4314-a836-5eb8f54559ec: start FollowerState
2019-10-21 19:12:52,739 [Thread-940] INFO  impl.FollowerState (FollowerState.java:run(108)) - f2627371-a904-4314-a836-5eb8f54559ec@group-73E40DF2990B-FollowerState: change to CANDIDATE, lastRpcTime:138ms, electionTimeout:138ms
2019-10-21 19:12:52,739 [Thread-940] INFO  impl.RoleInfo (RoleInfo.java:shutdownFollowerState(121)) - f2627371-a904-4314-a836-5eb8f54559ec: shutdown FollowerState
2019-10-21 19:12:52,739 [Thread-940] INFO  impl.RaftServerImpl (RaftServerImpl.java:setRole(184)) - f2627371-a904-4314-a836-5eb8f54559ec@group-73E40DF2990B: changes role from  FOLLOWER to CANDIDATE at term 117 for changeToCandidate
2019-10-21 19:12:52,739 [Thread-940] INFO  impl.RoleInfo (RoleInfo.java:updateAndGet(143)) - f2627371-a904-4314-a836-5eb8f54559ec: start LeaderElection
2019-10-21 19:12:52,754 [f2627371-a904-4314-a836-5eb8f54559ec@group-73E40DF2990B-LeaderElection108] INFO  impl.LeaderElection (LeaderElection.java:askForVotes(178)) - f2627371-a904-4314-a836-5eb8f54559ec@group-73E40DF2990B-LeaderElection108: begin an election at term 118 for -1: [e6a83585-83d0-4616-a3d5-866875ad8a29:192.168.34.32:46159, f2627371-a904-4314-a836-5eb8f54559ec:192.168.34.32:33224, 1b813ef4-47a4-4bfc-8eb5-c34ae440adb1:192.168.34.32:36113], old=null
2019-10-21 19:12:52,757 [grpc-default-executor-1] INFO  impl.RaftServerImpl (RaftServerImpl.java:setRole(184)) - e6a83585-83d0-4616-a3d5-866875ad8a29@group-73E40DF2990B: changes role from  FOLLOWER to FOLLOWER at term 118 for recognizeCandidate:f2627371-a904-4314-a836-5eb8f54559ec
2019-10-21 19:12:52,757 [grpc-default-executor-1] INFO  impl.RoleInfo (RoleInfo.java:shutdownFollowerState(121)) - e6a83585-83d0-4616-a3d5-866875ad8a29: shutdown FollowerState
2019-10-21 19:12:52,757 [grpc-default-executor-1] INFO  impl.RoleInfo (RoleInfo.java:updateAndGet(143)) - e6a83585-83d0-4616-a3d5-866875ad8a29: start FollowerState
2019-10-21 19:12:52,757 [grpc-default-executor-5] INFO  impl.RaftServerImpl (RaftServerImpl.java:setRole(184)) - 1b813ef4-47a4-4bfc-8eb5-c34ae440adb1@group-73E40DF2990B: changes role from  FOLLOWER to FOLLOWER at term 118 for recognizeCandidate:f2627371-a904-4314-a836-5eb8f54559ec
2019-10-21 19:12:52,757 [grpc-default-executor-5] INFO  impl.RoleInfo (RoleInfo.java:shutdownFollowerState(121)) - 1b813ef4-47a4-4bfc-8eb5-c34ae440adb1: shutdown FollowerState
2019-10-21 19:12:52,757 [Thread-938] INFO  impl.FollowerState (FollowerState.java:run(117)) - e6a83585-83d0-4616-a3d5-866875ad8a29@group-73E40DF2990B-FollowerState was interrupted: java.lang.InterruptedException: sleep interrupted
2019-10-21 19:12:52,758 [Thread-939] INFO  impl.FollowerState (FollowerState.java:run(117)) - 1b813ef4-47a4-4bfc-8eb5-c34ae440adb1@group-73E40DF2990B-FollowerState was interrupted: java.lang.InterruptedException: sleep interrupted
2019-10-21 19:12:52,758 [grpc-default-executor-5] INFO  impl.RoleInfo (RoleInfo.java:updateAndGet(143)) - 1b813ef4-47a4-4bfc-8eb5-c34ae440adb1: start FollowerState
2019-10-21 19:12:52,772 [f2627371-a904-4314-a836-5eb8f54559ec@group-73E40DF2990B-LeaderElection108] INFO  impl.LeaderElection (LeaderElection.java:logAndReturn(56)) - f2627371-a904-4314-a836-5eb8f54559ec@group-73E40DF2990B-LeaderElection108: Election REJECTED; received 2 response(s) [f2627371-a904-4314-a836-5eb8f54559ec<-e6a83585-83d0-4616-a3d5-866875ad8a29#0:FAIL-t118, f2627371-a904-4314-a836-5eb8f54559ec<-1b813ef4-47a4-4bfc-8eb5-c34ae440adb1#0:FAIL-t118] and 0 exception(s); f2627371-a904-4314-a836-5eb8f54559ec@group-73E40DF2990B:t118, leader=null, voted=f2627371-a904-4314-a836-5eb8f54559ec, raftlog=f2627371-a904-4314-a836-5eb8f54559ec@group-73E40DF2990B-SegmentedRaftLog:OPENED:c-1,f-1,i0, conf=-1: [e6a83585-83d0-4616-a3d5-866875ad8a29:192.168.34.32:46159, f2627371-a904-4314-a836-5eb8f54559ec:192.168.34.32:33224, 1b813ef4-47a4-4bfc-8eb5-c34ae440adb1:192.168.34.32:36113], old=null
2019-10-21 19:12:52,773 [f2627371-a904-4314-a836-5eb8f54559ec@group-73E40DF2990B-LeaderElection108] INFO  impl.RaftServerImpl (RaftServerImpl.java:setRole(184)) - f2627371-a904-4314-a836-5eb8f54559ec@group-73E40DF2990B: changes role from CANDIDATE to FOLLOWER at term 118 for DISCOVERED_A_NEW_TERM
2019-10-21 19:12:52,773 [f2627371-a904-4314-a836-5eb8f54559ec@group-73E40DF2990B-LeaderElection108] INFO  impl.RoleInfo (RoleInfo.java:shutdownLeaderElection(134)) - f2627371-a904-4314-a836-5eb8f54559ec: shutdown LeaderElection
2019-10-21 19:12:52,773 [f2627371-a904-4314-a836-5eb8f54559ec@group-73E40DF2990B-LeaderElection108] INFO  impl.RoleInfo (RoleInfo.java:updateAndGet(143)) - f2627371-a904-4314-a836-5eb8f54559ec: start FollowerState
2019-10-21 19:12:52,826 [Thread-946] INFO  impl.FollowerState (FollowerState.java:run(108)) - f2627371-a904-4314-a836-5eb8f54559ec@group-73E40DF2990B-FollowerState: change to CANDIDATE, lastRpcTime:53ms, electionTimeout:53ms
2019-10-21 19:12:52,827 [Thread-946] INFO  impl.RoleInfo (RoleInfo.java:shutdownFollowerState(121)) - f2627371-a904-4314-a836-5eb8f54559ec: shutdown FollowerState
2019-10-21 19:12:52,827 [Thread-946] INFO  impl.RaftServerImpl (RaftServerImpl.java:setRole(184)) - f2627371-a904-4314-a836-5eb8f54559ec@group-73E40DF2990B: changes role from  FOLLOWER to CANDIDATE at term 118 for changeToCandidate
2019-10-21 19:12:52,827 [Thread-946] INFO  impl.RoleInfo (RoleInfo.java:updateAndGet(143)) - f2627371-a904-4314-a836-5eb8f54559ec: start LeaderElection
2019-10-21 19:12:52,840 [f2627371-a904-4314-a836-5eb8f54559ec@group-73E40DF2990B-LeaderElection109] INFO  impl.LeaderElection (LeaderElection.java:askForVotes(178)) - f2627371-a904-4314-a836-5eb8f54559ec@group-73E40DF2990B-LeaderElection109: begin an election at term 119 for -1: [e6a83585-83d0-4616-a3d5-866875ad8a29:192.168.34.32:46159, f2627371-a904-4314-a836-5eb8f54559ec:192.168.34.32:33224, 1b813ef4-47a4-4bfc-8eb5-c34ae440adb1:192.168.34.32:36113], old=null
2019-10-21 19:12:52,842 [grpc-default-executor-5] INFO  impl.RaftServerImpl (RaftServerImpl.java:setRole(184)) - e6a83585-83d0-4616-a3d5-866875ad8a29@group-73E40DF2990B: changes role from  FOLLOWER to FOLLOWER at term 119 for recognizeCandidate:f2627371-a904-4314-a836-5eb8f54559ec
2019-10-21 19:12:52,843 [grpc-default-executor-5] INFO  impl.RoleInfo (RoleInfo.java:shutdownFollowerState(121)) - e6a83585-83d0-4616-a3d5-866875ad8a29: shutdown FollowerState
2019-10-21 19:12:52,843 [grpc-default-executor-5] INFO  impl.RoleInfo (RoleInfo.java:updateAndGet(143)) - e6a83585-83d0-4616-a3d5-866875ad8a29: start FollowerState
2019-10-21 19:12:52,843 [Thread-944] INFO  impl.FollowerState (FollowerState.java:run(117)) - e6a83585-83d0-4616-a3d5-866875ad8a29@group-73E40DF2990B-FollowerState was interrupted: java.lang.InterruptedException: sleep interrupted
2019-10-21 19:12:52,843 [grpc-default-executor-1] INFO  impl.RaftServerImpl (RaftServerImpl.java:setRole(184)) - 1b813ef4-47a4-4bfc-8eb5-c34ae440adb1@group-73E40DF2990B: changes role from  FOLLOWER to FOLLOWER at term 119 for recognizeCandidate:f2627371-a904-4314-a836-5eb8f54559ec
2019-10-21 19:12:52,843 [grpc-default-executor-1] INFO  impl.RoleInfo (RoleInfo.java:shutdownFollowerState(121)) - 1b813ef4-47a4-4bfc-8eb5-c34ae440adb1: shutdown FollowerState
2019-10-21 19:12:52,844 [grpc-default-executor-1] INFO  impl.RoleInfo (RoleInfo.java:updateAndGet(143)) - 1b813ef4-47a4-4bfc-8eb5-c34ae440adb1: start FollowerState
2019-10-21 19:12:52,844 [Thread-945] INFO  impl.FollowerState (FollowerState.java:run(117)) - 1b813ef4-47a4-4bfc-8eb5-c34ae440adb1@group-73E40DF2990B-FollowerState was interrupted: java.lang.InterruptedException: sleep interrupted
2019-10-21 19:12:52,858 [f2627371-a904-4314-a836-5eb8f54559ec@group-73E40DF2990B-LeaderElection109] INFO  impl.LeaderElection (LeaderElection.java:logAndReturn(56)) - f2627371-a904-4314-a836-5eb8f54559ec@group-73E40DF2990B-LeaderElection109: Election REJECTED; received 2 response(s) [f2627371-a904-4314-a836-5eb8f54559ec<-e6a83585-83d0-4616-a3d5-866875ad8a29#0:FAIL-t119, f2627371-a904-4314-a836-5eb8f54559ec<-1b813ef4-47a4-4bfc-8eb5-c34ae440adb1#0:FAIL-t119] and 0 exception(s); f2627371-a904-4314-a836-5eb8f54559ec@group-73E40DF2990B:t119, leader=null, voted=f2627371-a904-4314-a836-5eb8f54559ec, raftlog=f2627371-a904-4314-a836-5eb8f54559ec@group-73E40DF2990B-SegmentedRaftLog:OPENED:c-1,f-1,i0, conf=-1: [e6a83585-83d0-4616-a3d5-866875ad8a29:192.168.34.32:46159, f2627371-a904-4314-a836-5eb8f54559ec:192.168.34.32:33224, 1b813ef4-47a4-4bfc-8eb5-c34ae440adb1:192.168.34.32:36113], old=null
2019-10-21 19:12:52,858 [f2627371-a904-4314-a836-5eb8f54559ec@group-73E40DF2990B-LeaderElection109] INFO  impl.RaftServerImpl (RaftServerImpl.java:setRole(184)) - f2627371-a904-4314-a836-5eb8f54559ec@group-73E40DF2990B: changes role from CANDIDATE to FOLLOWER at term 119 for DISCOVERED_A_NEW_TERM
2019-10-21 19:12:52,858 [f2627371-a904-4314-a836-5eb8f54559ec@group-73E40DF2990B-LeaderElection109] INFO  impl.RoleInfo (RoleInfo.java:shutdownLeaderElection(134)) - f2627371-a904-4314-a836-5eb8f54559ec: shutdown LeaderElection
2019-10-21 19:12:52,858 [f2627371-a904-4314-a836-5eb8f54559ec@group-73E40DF2990B-LeaderElection109] INFO  impl.RoleInfo (RoleInfo.java:updateAndGet(143)) - f2627371-a904-4314-a836-5eb8f54559ec: start FollowerState
2019-10-21 19:12:52,908 [Thread-952] INFO  impl.FollowerState (FollowerState.java:run(108)) - f2627371-a904-4314-a836-5eb8f54559ec@group-73E40DF2990B-FollowerState: change to CANDIDATE, lastRpcTime:49ms, electionTimeout:49ms
2019-10-21 19:12:52,908 [Thread-952] INFO  impl.RoleInfo (RoleInfo.java:shutdownFollowerState(121)) - f2627371-a904-4314-a836-5eb8f54559ec: shutdown FollowerState
2019-10-21 19:12:52,908 [Thread-952] INFO  impl.RaftServerImpl (RaftServerImpl.java:setRole(184)) - f2627371-a904-4314-a836-5eb8f54559ec@group-73E40DF2990B: changes role from  FOLLOWER to CANDIDATE at term 119 for changeToCandidate
2019-10-21 19:12:52,908 [Thread-952] INFO  impl.RoleInfo (RoleInfo.java:updateAndGet(143)) - f2627371-a904-4314-a836-5eb8f54559ec: start LeaderElection
2019-10-21 19:12:52,922 [f2627371-a904-4314-a836-5eb8f54559ec@group-73E40DF2990B-LeaderElection110] INFO  impl.LeaderElection (LeaderElection.java:askForVotes(178)) - f2627371-a904-4314-a836-5eb8f54559ec@group-73E40DF2990B-LeaderElection110: begin an election at term 120 for -1: [e6a83585-83d0-4616-a3d5-866875ad8a29:192.168.34.32:46159, f2627371-a904-4314-a836-5eb8f54559ec:192.168.34.32:33224, 1b813ef4-47a4-4bfc-8eb5-c34ae440adb1:192.168.34.32:36113], old=null
2019-10-21 19:12:52,925 [grpc-default-executor-1] INFO  impl.RaftServerImpl (RaftServerImpl.java:setRole(184)) - e6a83585-83d0-4616-a3d5-866875ad8a29@group-73E40DF2990B: changes role from  FOLLOWER to FOLLOWER at term 120 for recognizeCandidate:f2627371-a904-4314-a836-5eb8f54559ec
2019-10-21 19:12:52,925 [grpc-default-executor-1] INFO  impl.RoleInfo (RoleInfo.java:shutdownFollowerState(121)) - e6a83585-83d0-4616-a3d5-866875ad8a29: shutdown FollowerState
2019-10-21 19:12:52,925 [grpc-default-executor-1] INFO  impl.RoleInfo (RoleInfo.java:updateAndGet(143)) - e6a83585-83d0-4616-a3d5-866875ad8a29: start FollowerState
2019-10-21 19:12:52,925 [Thread-950] INFO  impl.FollowerState (FollowerState.java:run(117)) - e6a83585-83d0-4616-a3d5-866875ad8a29@group-73E40DF2990B-FollowerState was interrupted: java.lang.InterruptedException: sleep interrupted
2019-10-21 19:12:52,925 [grpc-default-executor-5] INFO  impl.RaftServerImpl (RaftServerImpl.java:setRole(184)) - 1b813ef4-47a4-4bfc-8eb5-c34ae440adb1@group-73E40DF2990B: changes role from  FOLLOWER to FOLLOWER at term 120 for recognizeCandidate:f2627371-a904-4314-a836-5eb8f54559ec
2019-10-21 19:12:52,926 [grpc-default-executor-5] INFO  impl.RoleInfo (RoleInfo.java:shutdownFollowerState(121)) - 1b813ef4-47a4-4bfc-8eb5-c34ae440adb1: shutdown FollowerState
2019-10-21 19:12:52,926 [grpc-default-executor-5] INFO  impl.RoleInfo (RoleInfo.java:updateAndGet(143)) - 1b813ef4-47a4-4bfc-8eb5-c34ae440adb1: start FollowerState
2019-10-21 19:12:52,926 [Thread-951] INFO  impl.FollowerState (FollowerState.java:run(117)) - 1b813ef4-47a4-4bfc-8eb5-c34ae440adb1@group-73E40DF2990B-FollowerState was interrupted: java.lang.InterruptedException: sleep interrupted
2019-10-21 19:12:52,940 [f2627371-a904-4314-a836-5eb8f54559ec@group-73E40DF2990B-LeaderElection110] INFO  impl.LeaderElection (LeaderElection.java:logAndReturn(56)) - f2627371-a904-4314-a836-5eb8f54559ec@group-73E40DF2990B-LeaderElection110: Election REJECTED; received 2 response(s) [f2627371-a904-4314-a836-5eb8f54559ec<-e6a83585-83d0-4616-a3d5-866875ad8a29#0:FAIL-t120, f2627371-a904-4314-a836-5eb8f54559ec<-1b813ef4-47a4-4bfc-8eb5-c34ae440adb1#0:FAIL-t120] and 0 exception(s); f2627371-a904-4314-a836-5eb8f54559ec@group-73E40DF2990B:t120, leader=null, voted=f2627371-a904-4314-a836-5eb8f54559ec, raftlog=f2627371-a904-4314-a836-5eb8f54559ec@group-73E40DF2990B-SegmentedRaftLog:OPENED:c-1,f-1,i0, conf=-1: [e6a83585-83d0-4616-a3d5-866875ad8a29:192.168.34.32:46159, f2627371-a904-4314-a836-5eb8f54559ec:192.168.34.32:33224, 1b813ef4-47a4-4bfc-8eb5-c34ae440adb1:192.168.34.32:36113], old=null
2019-10-21 19:12:52,941 [f2627371-a904-4314-a836-5eb8f54559ec@group-73E40DF2990B-LeaderElection110] INFO  impl.RaftServerImpl (RaftServerImpl.java:setRole(184)) - f2627371-a904-4314-a836-5eb8f54559ec@group-73E40DF2990B: changes role from CANDIDATE to FOLLOWER at term 120 for DISCOVERED_A_NEW_TERM
2019-10-21 19:12:52,941 [f2627371-a904-4314-a836-5eb8f54559ec@group-73E40DF2990B-LeaderElection110] INFO  impl.RoleInfo (RoleInfo.java:shutdownLeaderElection(134)) - f2627371-a904-4314-a836-5eb8f54559ec: shutdown LeaderElection
2019-10-21 19:12:52,941 [f2627371-a904-4314-a836-5eb8f54559ec@group-73E40DF2990B-LeaderElection110] INFO  impl.RoleInfo (RoleInfo.java:updateAndGet(143)) - f2627371-a904-4314-a836-5eb8f54559ec: start FollowerState
2019-10-21 19:12:53,068 [Thread-958] INFO  impl.FollowerState (FollowerState.java:run(108)) - f2627371-a904-4314-a836-5eb8f54559ec@group-73E40DF2990B-FollowerState: change to CANDIDATE, lastRpcTime:126ms, electionTimeout:126ms
2019-10-21 19:12:53,068 [Thread-958] INFO  impl.RoleInfo (RoleInfo.java:shutdownFollowerState(121)) - f2627371-a904-4314-a836-5eb8f54559ec: shutdown FollowerState
2019-10-21 19:12:53,068 [Thread-958] INFO  impl.RaftServerImpl (RaftServerImpl.java:setRole(184)) - f2627371-a904-4314-a836-5eb8f54559ec@group-73E40DF2990B: changes role from  FOLLOWER to CANDIDATE at term 120 for changeToCandidate
2019-10-21 19:12:53,068 [Thread-958] INFO  impl.RoleInfo (RoleInfo.java:updateAndGet(143)) - f2627371-a904-4314-a836-5eb8f54559ec: start LeaderElection
2019-10-21 19:12:53,082 [f2627371-a904-4314-a836-5eb8f54559ec@group-73E40DF2990B-LeaderElection111] INFO  impl.LeaderElection (LeaderElection.java:askForVotes(178)) - f2627371-a904-4314-a836-5eb8f54559ec@group-73E40DF2990B-LeaderElection111: begin an election at term 121 for -1: [e6a83585-83d0-4616-a3d5-866875ad8a29:192.168.34.32:46159, f2627371-a904-4314-a836-5eb8f54559ec:192.168.34.32:33224, 1b813ef4-47a4-4bfc-8eb5-c34ae440adb1:192.168.34.32:36113], old=null
2019-10-21 19:12:53,085 [grpc-default-executor-1] INFO  impl.RaftServerImpl (RaftServerImpl.java:setRole(184)) - e6a83585-83d0-4616-a3d5-866875ad8a29@group-73E40DF2990B: changes role from  FOLLOWER to FOLLOWER at term 121 for recognizeCandidate:f2627371-a904-4314-a836-5eb8f54559ec
2019-10-21 19:12:53,085 [grpc-default-executor-1] INFO  impl.RoleInfo (RoleInfo.java:shutdownFollowerState(121)) - e6a83585-83d0-4616-a3d5-866875ad8a29: shutdown FollowerState
2019-10-21 19:12:53,085 [grpc-default-executor-5] INFO  impl.RaftServerImpl (RaftServerImpl.java:setRole(184)) - 1b813ef4-47a4-4bfc-8eb5-c34ae440adb1@group-73E40DF2990B: changes role from  FOLLOWER to FOLLOWER at term 121 for recognizeCandidate:f2627371-a904-4314-a836-5eb8f54559ec
2019-10-21 19:12:53,086 [grpc-default-executor-5] INFO  impl.RoleInfo (RoleInfo.java:shutdownFollowerState(121)) - 1b813ef4-47a4-4bfc-8eb5-c34ae440adb1: shutdown FollowerState
2019-10-21 19:12:53,086 [Thread-956] INFO  impl.FollowerState (FollowerState.java:run(117)) - e6a83585-83d0-4616-a3d5-866875ad8a29@group-73E40DF2990B-FollowerState was interrupted: java.lang.InterruptedException: sleep interrupted
2019-10-21 19:12:53,086 [grpc-default-executor-1] INFO  impl.RoleInfo (RoleInfo.java:updateAndGet(143)) - e6a83585-83d0-4616-a3d5-866875ad8a29: start FollowerState
2019-10-21 19:12:53,086 [Thread-957] INFO  impl.FollowerState (FollowerState.java:run(117)) - 1b813ef4-47a4-4bfc-8eb5-c34ae440adb1@group-73E40DF2990B-FollowerState was interrupted: java.lang.InterruptedException: sleep interrupted
2019-10-21 19:12:53,086 [grpc-default-executor-5] INFO  impl.RoleInfo (RoleInfo.java:updateAndGet(143)) - 1b813ef4-47a4-4bfc-8eb5-c34ae440adb1: start FollowerState
2019-10-21 19:12:53,100 [f2627371-a904-4314-a836-5eb8f54559ec@group-73E40DF2990B-LeaderElection111] INFO  impl.LeaderElection (LeaderElection.java:logAndReturn(56)) - f2627371-a904-4314-a836-5eb8f54559ec@group-73E40DF2990B-LeaderElection111: Election REJECTED; received 2 response(s) [f2627371-a904-4314-a836-5eb8f54559ec<-e6a83585-83d0-4616-a3d5-866875ad8a29#0:FAIL-t121, f2627371-a904-4314-a836-5eb8f54559ec<-1b813ef4-47a4-4bfc-8eb5-c34ae440adb1#0:FAIL-t121] and 0 exception(s); f2627371-a904-4314-a836-5eb8f54559ec@group-73E40DF2990B:t121, leader=null, voted=f2627371-a904-4314-a836-5eb8f54559ec, raftlog=f2627371-a904-4314-a836-5eb8f54559ec@group-73E40DF2990B-SegmentedRaftLog:OPENED:c-1,f-1,i0, conf=-1: [e6a83585-83d0-4616-a3d5-866875ad8a29:192.168.34.32:46159, f2627371-a904-4314-a836-5eb8f54559ec:192.168.34.32:33224, 1b813ef4-47a4-4bfc-8eb5-c34ae440adb1:192.168.34.32:36113], old=null
2019-10-21 19:12:53,101 [f2627371-a904-4314-a836-5eb8f54559ec@group-73E40DF2990B-LeaderElection111] INFO  impl.RaftServerImpl (RaftServerImpl.java:setRole(184)) - f2627371-a904-4314-a836-5eb8f54559ec@group-73E40DF2990B: changes role from CANDIDATE to FOLLOWER at term 121 for DISCOVERED_A_NEW_TERM
2019-10-21 19:12:53,101 [f2627371-a904-4314-a836-5eb8f54559ec@group-73E40DF2990B-LeaderElection111] INFO  impl.RoleInfo (RoleInfo.java:shutdownLeaderElection(134)) - f2627371-a904-4314-a836-5eb8f54559ec: shutdown LeaderElection
2019-10-21 19:12:53,101 [f2627371-a904-4314-a836-5eb8f54559ec@group-73E40DF2990B-LeaderElection111] INFO  impl.RoleInfo (RoleInfo.java:updateAndGet(143)) - f2627371-a904-4314-a836-5eb8f54559ec: start FollowerState
2019-10-21 19:12:53,124 [Thread-964] INFO  impl.FollowerState (FollowerState.java:run(108)) - f2627371-a904-4314-a836-5eb8f54559ec@group-73E40DF2990B-FollowerState: change to CANDIDATE, lastRpcTime:23ms, electionTimeout:23ms
2019-10-21 19:12:53,124 [Thread-964] INFO  impl.RoleInfo (RoleInfo.java:shutdownFollowerState(121)) - f2627371-a904-4314-a836-5eb8f54559ec: shutdown FollowerState
2019-10-21 19:12:53,124 [Thread-964] INFO  impl.RaftServerImpl (RaftServerImpl.java:setRole(184)) - f2627371-a904-4314-a836-5eb8f54559ec@group-73E40DF2990B: changes role from  FOLLOWER to CANDIDATE at term 121 for changeToCandidate
2019-10-21 19:12:53,125 [Thread-964] INFO  impl.RoleInfo (RoleInfo.java:updateAndGet(143)) - f2627371-a904-4314-a836-5eb8f54559ec: start LeaderElection
2019-10-21 19:12:53,147 [f2627371-a904-4314-a836-5eb8f54559ec@group-73E40DF2990B-LeaderElection112] INFO  impl.LeaderElection (LeaderElection.java:askForVotes(178)) - f2627371-a904-4314-a836-5eb8f54559ec@group-73E40DF2990B-LeaderElection112: begin an election at term 122 for -1: [e6a83585-83d0-4616-a3d5-866875ad8a29:192.168.34.32:46159, f2627371-a904-4314-a836-5eb8f54559ec:192.168.34.32:33224, 1b813ef4-47a4-4bfc-8eb5-c34ae440adb1:192.168.34.32:36113], old=null
2019-10-21 19:12:53,149 [grpc-default-executor-1] INFO  impl.RaftServerImpl (RaftServerImpl.java:setRole(184)) - e6a83585-83d0-4616-a3d5-866875ad8a29@group-73E40DF2990B: changes role from  FOLLOWER to FOLLOWER at term 122 for recognizeCandidate:f2627371-a904-4314-a836-5eb8f54559ec
2019-10-21 19:12:53,149 [grpc-default-executor-1] INFO  impl.RoleInfo (RoleInfo.java:shutdownFollowerState(121)) - e6a83585-83d0-4616-a3d5-866875ad8a29: shutdown FollowerState
2019-10-21 19:12:53,149 [grpc-default-executor-1] INFO  impl.RoleInfo (RoleInfo.java:updateAndGet(143)) - e6a83585-83d0-4616-a3d5-866875ad8a29: start FollowerState
2019-10-21 19:12:53,149 [Thread-962] INFO  impl.FollowerState (FollowerState.java:run(117)) - e6a83585-83d0-4616-a3d5-866875ad8a29@group-73E40DF2990B-FollowerState was interrupted: java.lang.InterruptedException: sleep interrupted
2019-10-21 19:12:53,149 [grpc-default-executor-5] INFO  impl.RaftServerImpl (RaftServerImpl.java:setRole(184)) - 1b813ef4-47a4-4bfc-8eb5-c34ae440adb1@group-73E40DF2990B: changes role from  FOLLOWER to FOLLOWER at term 122 for recognizeCandidate:f2627371-a904-4314-a836-5eb8f54559ec
2019-10-21 19:12:53,150 [grpc-default-executor-5] INFO  impl.RoleInfo (RoleInfo.java:shutdownFollowerState(121)) - 1b813ef4-47a4-4bfc-8eb5-c34ae440adb1: shutdown FollowerState
2019-10-21 19:12:53,150 [grpc-default-executor-5] INFO  impl.RoleInfo (RoleInfo.java:updateAndGet(143)) - 1b813ef4-47a4-4bfc-8eb5-c34ae440adb1: start FollowerState
2019-10-21 19:12:53,150 [Thread-963] INFO  impl.FollowerState (FollowerState.java:run(117)) - 1b813ef4-47a4-4bfc-8eb5-c34ae440adb1@group-73E40DF2990B-FollowerState was interrupted: java.lang.InterruptedException: sleep interrupted
2019-10-21 19:12:53,164 [f2627371-a904-4314-a836-5eb8f54559ec@group-73E40DF2990B-LeaderElection112] INFO  impl.LeaderElection (LeaderElection.java:logAndReturn(56)) - f2627371-a904-4314-a836-5eb8f54559ec@group-73E40DF2990B-LeaderElection112: Election REJECTED; received 2 response(s) [f2627371-a904-4314-a836-5eb8f54559ec<-e6a83585-83d0-4616-a3d5-866875ad8a29#0:FAIL-t122, f2627371-a904-4314-a836-5eb8f54559ec<-1b813ef4-47a4-4bfc-8eb5-c34ae440adb1#0:FAIL-t122] and 0 exception(s); f2627371-a904-4314-a836-5eb8f54559ec@group-73E40DF2990B:t122, leader=null, voted=f2627371-a904-4314-a836-5eb8f54559ec, raftlog=f2627371-a904-4314-a836-5eb8f54559ec@group-73E40DF2990B-SegmentedRaftLog:OPENED:c-1,f-1,i0, conf=-1: [e6a83585-83d0-4616-a3d5-866875ad8a29:192.168.34.32:46159, f2627371-a904-4314-a836-5eb8f54559ec:192.168.34.32:33224, 1b813ef4-47a4-4bfc-8eb5-c34ae440adb1:192.168.34.32:36113], old=null
2019-10-21 19:12:53,164 [f2627371-a904-4314-a836-5eb8f54559ec@group-73E40DF2990B-LeaderElection112] INFO  impl.RaftServerImpl (RaftServerImpl.java:setRole(184)) - f2627371-a904-4314-a836-5eb8f54559ec@group-73E40DF2990B: changes role from CANDIDATE to FOLLOWER at term 122 for DISCOVERED_A_NEW_TERM
2019-10-21 19:12:53,165 [f2627371-a904-4314-a836-5eb8f54559ec@group-73E40DF2990B-LeaderElection112] INFO  impl.RoleInfo (RoleInfo.java:shutdownLeaderElection(134)) - f2627371-a904-4314-a836-5eb8f54559ec: shutdown LeaderElection
2019-10-21 19:12:53,165 [f2627371-a904-4314-a836-5eb8f54559ec@group-73E40DF2990B-LeaderElection112] INFO  impl.RoleInfo (RoleInfo.java:updateAndGet(143)) - f2627371-a904-4314-a836-5eb8f54559ec: start FollowerState
2019-10-21 19:12:53,204 [Thread-970] INFO  impl.FollowerState (FollowerState.java:run(108)) - f2627371-a904-4314-a836-5eb8f54559ec@group-73E40DF2990B-FollowerState: change to CANDIDATE, lastRpcTime:39ms, electionTimeout:39ms
2019-10-21 19:12:53,204 [Thread-970] INFO  impl.RoleInfo (RoleInfo.java:shutdownFollowerState(121)) - f2627371-a904-4314-a836-5eb8f54559ec: shutdown FollowerState
2019-10-21 19:12:53,204 [Thread-970] INFO  impl.RaftServerImpl (RaftServerImpl.java:setRole(184)) - f2627371-a904-4314-a836-5eb8f54559ec@group-73E40DF2990B: changes role from  FOLLOWER to CANDIDATE at term 122 for changeToCandidate
2019-10-21 19:12:53,204 [Thread-970] INFO  impl.RoleInfo (RoleInfo.java:updateAndGet(143)) - f2627371-a904-4314-a836-5eb8f54559ec: start LeaderElection
2019-10-21 19:12:53,218 [f2627371-a904-4314-a836-5eb8f54559ec@group-73E40DF2990B-LeaderElection113] INFO  impl.LeaderElection (LeaderElection.java:askForVotes(178)) - f2627371-a904-4314-a836-5eb8f54559ec@group-73E40DF2990B-LeaderElection113: begin an election at term 123 for -1: [e6a83585-83d0-4616-a3d5-866875ad8a29:192.168.34.32:46159, f2627371-a904-4314-a836-5eb8f54559ec:192.168.34.32:33224, 1b813ef4-47a4-4bfc-8eb5-c34ae440adb1:192.168.34.32:36113], old=null
2019-10-21 19:12:53,223 [grpc-default-executor-5] INFO  impl.RaftServerImpl (RaftServerImpl.java:setRole(184)) - e6a83585-83d0-4616-a3d5-866875ad8a29@group-73E40DF2990B: changes role from  FOLLOWER to FOLLOWER at term 123 for recognizeCandidate:f2627371-a904-4314-a836-5eb8f54559ec
2019-10-21 19:12:53,223 [grpc-default-executor-5] INFO  impl.RoleInfo (RoleInfo.java:shutdownFollowerState(121)) - e6a83585-83d0-4616-a3d5-866875ad8a29: shutdown FollowerState
2019-10-21 19:12:53,223 [grpc-default-executor-5] INFO  impl.RoleInfo (RoleInfo.java:updateAndGet(143)) - e6a83585-83d0-4616-a3d5-866875ad8a29: start FollowerState
2019-10-21 19:12:53,223 [Thread-968] INFO  impl.FollowerState (FollowerState.java:run(117)) - e6a83585-83d0-4616-a3d5-866875ad8a29@group-73E40DF2990B-FollowerState was interrupted: java.lang.InterruptedException: sleep interrupted
2019-10-21 19:12:53,225 [grpc-default-executor-0] INFO  impl.RaftServerImpl (RaftServerImpl.java:setRole(184)) - 1b813ef4-47a4-4bfc-8eb5-c34ae440adb1@group-73E40DF2990B: changes role from  FOLLOWER to FOLLOWER at term 123 for recognizeCandidate:f2627371-a904-4314-a836-5eb8f54559ec
2019-10-21 19:12:53,227 [grpc-default-executor-0] INFO  impl.RoleInfo (RoleInfo.java:shutdownFollowerState(121)) - 1b813ef4-47a4-4bfc-8eb5-c34ae440adb1: shutdown FollowerState
2019-10-21 19:12:53,227 [grpc-default-executor-0] INFO  impl.RoleInfo (RoleInfo.java:updateAndGet(143)) - 1b813ef4-47a4-4bfc-8eb5-c34ae440adb1: start FollowerState
2019-10-21 19:12:53,227 [Thread-969] INFO  impl.FollowerState (FollowerState.java:run(117)) - 1b813ef4-47a4-4bfc-8eb5-c34ae440adb1@group-73E40DF2990B-FollowerState was interrupted: java.lang.InterruptedException: sleep interrupted
2019-10-21 19:12:53,242 [f2627371-a904-4314-a836-5eb8f54559ec@group-73E40DF2990B-LeaderElection113] INFO  impl.LeaderElection (LeaderElection.java:logAndReturn(56)) - f2627371-a904-4314-a836-5eb8f54559ec@group-73E40DF2990B-LeaderElection113: Election REJECTED; received 2 response(s) [f2627371-a904-4314-a836-5eb8f54559ec<-e6a83585-83d0-4616-a3d5-866875ad8a29#0:FAIL-t123, f2627371-a904-4314-a836-5eb8f54559ec<-1b813ef4-47a4-4bfc-8eb5-c34ae440adb1#0:FAIL-t123] and 0 exception(s); f2627371-a904-4314-a836-5eb8f54559ec@group-73E40DF2990B:t123, leader=null, voted=f2627371-a904-4314-a836-5eb8f54559ec, raftlog=f2627371-a904-4314-a836-5eb8f54559ec@group-73E40DF2990B-SegmentedRaftLog:OPENED:c-1,f-1,i0, conf=-1: [e6a83585-83d0-4616-a3d5-866875ad8a29:192.168.34.32:46159, f2627371-a904-4314-a836-5eb8f54559ec:192.168.34.32:33224, 1b813ef4-47a4-4bfc-8eb5-c34ae440adb1:192.168.34.32:36113], old=null
2019-10-21 19:12:53,242 [f2627371-a904-4314-a836-5eb8f54559ec@group-73E40DF2990B-LeaderElection113] INFO  impl.RaftServerImpl (RaftServerImpl.java:setRole(184)) - f2627371-a904-4314-a836-5eb8f54559ec@group-73E40DF2990B: changes role from CANDIDATE to FOLLOWER at term 123 for DISCOVERED_A_NEW_TERM
2019-10-21 19:12:53,242 [f2627371-a904-4314-a836-5eb8f54559ec@group-73E40DF2990B-LeaderElection113] INFO  impl.RoleInfo (RoleInfo.java:shutdownLeaderElection(134)) - f2627371-a904-4314-a836-5eb8f54559ec: shutdown LeaderElection
2019-10-21 19:12:53,242 [f2627371-a904-4314-a836-5eb8f54559ec@group-73E40DF2990B-LeaderElection113] INFO  impl.RoleInfo (RoleInfo.java:updateAndGet(143)) - f2627371-a904-4314-a836-5eb8f54559ec: start FollowerState
2019-10-21 19:12:53,427 [Thread-978] INFO  impl.FollowerState (FollowerState.java:run(108)) - f2627371-a904-4314-a836-5eb8f54559ec@group-73E40DF2990B-FollowerState: change to CANDIDATE, lastRpcTime:184ms, electionTimeout:184ms
2019-10-21 19:12:53,427 [Thread-978] INFO  impl.RoleInfo (RoleInfo.java:shutdownFollowerState(121)) - f2627371-a904-4314-a836-5eb8f54559ec: shutdown FollowerState
2019-10-21 19:12:53,427 [Thread-978] INFO  impl.RaftServerImpl (RaftServerImpl.java:setRole(184)) - f2627371-a904-4314-a836-5eb8f54559ec@group-73E40DF2990B: changes role from  FOLLOWER to CANDIDATE at term 123 for changeToCandidate
2019-10-21 19:12:53,427 [Thread-978] INFO  impl.RoleInfo (RoleInfo.java:updateAndGet(143)) - f2627371-a904-4314-a836-5eb8f54559ec: start LeaderElection
2019-10-21 19:12:53,435 [f2627371-a904-4314-a836-5eb8f54559ec@group-73E40DF2990B-LeaderElection114] INFO  impl.LeaderElection (LeaderElection.java:askForVotes(178)) - f2627371-a904-4314-a836-5eb8f54559ec@group-73E40DF2990B-LeaderElection114: begin an election at term 124 for -1: [e6a83585-83d0-4616-a3d5-866875ad8a29:192.168.34.32:46159, f2627371-a904-4314-a836-5eb8f54559ec:192.168.34.32:33224, 1b813ef4-47a4-4bfc-8eb5-c34ae440adb1:192.168.34.32:36113], old=null
2019-10-21 19:12:53,438 [grpc-default-executor-0] INFO  impl.RaftServerImpl (RaftServerImpl.java:setRole(184)) - 1b813ef4-47a4-4bfc-8eb5-c34ae440adb1@group-73E40DF2990B: changes role from  FOLLOWER to FOLLOWER at term 124 for recognizeCandidate:f2627371-a904-4314-a836-5eb8f54559ec
2019-10-21 19:12:53,438 [grpc-default-executor-5] INFO  impl.RaftServerImpl (RaftServerImpl.java:setRole(184)) - e6a83585-83d0-4616-a3d5-866875ad8a29@group-73E40DF2990B: changes role from  FOLLOWER to FOLLOWER at term 124 for recognizeCandidate:f2627371-a904-4314-a836-5eb8f54559ec
2019-10-21 19:12:53,438 [grpc-default-executor-0] INFO  impl.RoleInfo (RoleInfo.java:shutdownFollowerState(121)) - 1b813ef4-47a4-4bfc-8eb5-c34ae440adb1: shutdown FollowerState
2019-10-21 19:12:53,438 [grpc-default-executor-5] INFO  impl.RoleInfo (RoleInfo.java:shutdownFollowerState(121)) - e6a83585-83d0-4616-a3d5-866875ad8a29: shutdown FollowerState
2019-10-21 19:12:53,439 [Thread-977] INFO  impl.FollowerState (FollowerState.java:run(117)) - 1b813ef4-47a4-4bfc-8eb5-c34ae440adb1@group-73E40DF2990B-FollowerState was interrupted: java.lang.InterruptedException: sleep interrupted
2019-10-21 19:12:53,439 [grpc-default-executor-0] INFO  impl.RoleInfo (RoleInfo.java:updateAndGet(143)) - 1b813ef4-47a4-4bfc-8eb5-c34ae440adb1: start FollowerState
2019-10-21 19:12:53,439 [Thread-976] INFO  impl.FollowerState (FollowerState.java:run(117)) - e6a83585-83d0-4616-a3d5-866875ad8a29@group-73E40DF2990B-FollowerState was interrupted: java.lang.InterruptedException: sleep interrupted
2019-10-21 19:12:53,439 [grpc-default-executor-5] INFO  impl.RoleInfo (RoleInfo.java:updateAndGet(143)) - e6a83585-83d0-4616-a3d5-866875ad8a29: start FollowerState
2019-10-21 19:12:53,454 [f2627371-a904-4314-a836-5eb8f54559ec@group-73E40DF2990B-LeaderElection114] INFO  impl.LeaderElection (LeaderElection.java:logAndReturn(56)) - f2627371-a904-4314-a836-5eb8f54559ec@group-73E40DF2990B-LeaderElection114: Election REJECTED; received 2 response(s) [f2627371-a904-4314-a836-5eb8f54559ec<-e6a83585-83d0-4616-a3d5-866875ad8a29#0:FAIL-t124, f2627371-a904-4314-a836-5eb8f54559ec<-1b813ef4-47a4-4bfc-8eb5-c34ae440adb1#0:FAIL-t124] and 0 exception(s); f2627371-a904-4314-a836-5eb8f54559ec@group-73E40DF2990B:t124, leader=null, voted=f2627371-a904-4314-a836-5eb8f54559ec, raftlog=f2627371-a904-4314-a836-5eb8f54559ec@group-73E40DF2990B-SegmentedRaftLog:OPENED:c-1,f-1,i0, conf=-1: [e6a83585-83d0-4616-a3d5-866875ad8a29:192.168.34.32:46159, f2627371-a904-4314-a836-5eb8f54559ec:192.168.34.32:33224, 1b813ef4-47a4-4bfc-8eb5-c34ae440adb1:192.168.34.32:36113], old=null
2019-10-21 19:12:53,455 [f2627371-a904-4314-a836-5eb8f54559ec@group-73E40DF2990B-LeaderElection114] INFO  impl.RaftServerImpl (RaftServerImpl.java:setRole(184)) - f2627371-a904-4314-a836-5eb8f54559ec@group-73E40DF2990B: changes role from CANDIDATE to FOLLOWER at term 124 for DISCOVERED_A_NEW_TERM
2019-10-21 19:12:53,455 [f2627371-a904-4314-a836-5eb8f54559ec@group-73E40DF2990B-LeaderElection114] INFO  impl.RoleInfo (RoleInfo.java:shutdownLeaderElection(134)) - f2627371-a904-4314-a836-5eb8f54559ec: shutdown LeaderElection
2019-10-21 19:12:53,455 [f2627371-a904-4314-a836-5eb8f54559ec@group-73E40DF2990B-LeaderElection114] INFO  impl.RoleInfo (RoleInfo.java:updateAndGet(143)) - f2627371-a904-4314-a836-5eb8f54559ec: start FollowerState
2019-10-21 19:12:53,474 [Thread-984] INFO  impl.FollowerState (FollowerState.java:run(108)) - f2627371-a904-4314-a836-5eb8f54559ec@group-73E40DF2990B-FollowerState: change to CANDIDATE, lastRpcTime:19ms, electionTimeout:19ms
2019-10-21 19:12:53,474 [Thread-984] INFO  impl.RoleInfo (RoleInfo.java:shutdownFollowerState(121)) - f2627371-a904-4314-a836-5eb8f54559ec: shutdown FollowerState
2019-10-21 19:12:53,474 [Thread-984] INFO  impl.RaftServerImpl (RaftServerImpl.java:setRole(184)) - f2627371-a904-4314-a836-5eb8f54559ec@group-73E40DF2990B: changes role from  FOLLOWER to CANDIDATE at term 124 for changeToCandidate
2019-10-21 19:12:53,475 [Thread-984] INFO  impl.RoleInfo (RoleInfo.java:updateAndGet(143)) - f2627371-a904-4314-a836-5eb8f54559ec: start LeaderElection
2019-10-21 19:12:53,488 [f2627371-a904-4314-a836-5eb8f54559ec@group-73E40DF2990B-LeaderElection115] INFO  impl.LeaderElection (LeaderElection.java:askForVotes(178)) - f2627371-a904-4314-a836-5eb8f54559ec@group-73E40DF2990B-LeaderElection115: begin an election at term 125 for -1: [e6a83585-83d0-4616-a3d5-866875ad8a29:192.168.34.32:46159, f2627371-a904-4314-a836-5eb8f54559ec:192.168.34.32:33224, 1b813ef4-47a4-4bfc-8eb5-c34ae440adb1:192.168.34.32:36113], old=null
2019-10-21 19:12:53,491 [grpc-default-executor-5] INFO  impl.RaftServerImpl (RaftServerImpl.java:setRole(184)) - e6a83585-83d0-4616-a3d5-866875ad8a29@group-73E40DF2990B: changes role from  FOLLOWER to FOLLOWER at term 125 for recognizeCandidate:f2627371-a904-4314-a836-5eb8f54559ec
2019-10-21 19:12:53,491 [grpc-default-executor-0] INFO  impl.RaftServerImpl (RaftServerImpl.java:setRole(184)) - 1b813ef4-47a4-4bfc-8eb5-c34ae440adb1@group-73E40DF2990B: changes role from  FOLLOWER to FOLLOWER at term 125 for recognizeCandidate:f2627371-a904-4314-a836-5eb8f54559ec
2019-10-21 19:12:53,491 [grpc-default-executor-5] INFO  impl.RoleInfo (RoleInfo.java:shutdownFollowerState(121)) - e6a83585-83d0-4616-a3d5-866875ad8a29: shutdown FollowerState
2019-10-21 19:12:53,491 [grpc-default-executor-0] INFO  impl.RoleInfo (RoleInfo.java:shutdownFollowerState(121)) - 1b813ef4-47a4-4bfc-8eb5-c34ae440adb1: shutdown FollowerState
2019-10-21 19:12:53,492 [Thread-983] INFO  impl.FollowerState (FollowerState.java:run(117)) - e6a83585-83d0-4616-a3d5-866875ad8a29@group-73E40DF2990B-FollowerState was interrupted: java.lang.InterruptedException: sleep interrupted
2019-10-21 19:12:53,492 [grpc-default-executor-5] INFO  impl.RoleInfo (RoleInfo.java:updateAndGet(143)) - e6a83585-83d0-4616-a3d5-866875ad8a29: start FollowerState
2019-10-21 19:12:53,492 [Thread-982] INFO  impl.FollowerState (FollowerState.java:run(117)) - 1b813ef4-47a4-4bfc-8eb5-c34ae440adb1@group-73E40DF2990B-FollowerState was interrupted: java.lang.InterruptedException: sleep interrupted
2019-10-21 19:12:53,492 [grpc-default-executor-0] INFO  impl.RoleInfo (RoleInfo.java:updateAndGet(143)) - 1b813ef4-47a4-4bfc-8eb5-c34ae440adb1: start FollowerState
2019-10-21 19:12:53,507 [f2627371-a904-4314-a836-5eb8f54559ec@group-73E40DF2990B-LeaderElection115] INFO  impl.LeaderElection (LeaderElection.java:logAndReturn(56)) - f2627371-a904-4314-a836-5eb8f54559ec@group-73E40DF2990B-LeaderElection115: Election REJECTED; received 2 response(s) [f2627371-a904-4314-a836-5eb8f54559ec<-e6a83585-83d0-4616-a3d5-866875ad8a29#0:FAIL-t125, f2627371-a904-4314-a836-5eb8f54559ec<-1b813ef4-47a4-4bfc-8eb5-c34ae440adb1#0:FAIL-t125] and 0 exception(s); f2627371-a904-4314-a836-5eb8f54559ec@group-73E40DF2990B:t125, leader=null, voted=f2627371-a904-4314-a836-5eb8f54559ec, raftlog=f2627371-a904-4314-a836-5eb8f54559ec@group-73E40DF2990B-SegmentedRaftLog:OPENED:c-1,f-1,i0, conf=-1: [e6a83585-83d0-4616-a3d5-866875ad8a29:192.168.34.32:46159, f2627371-a904-4314-a836-5eb8f54559ec:192.168.34.32:33224, 1b813ef4-47a4-4bfc-8eb5-c34ae440adb1:192.168.34.32:36113], old=null
2019-10-21 19:12:53,508 [f2627371-a904-4314-a836-5eb8f54559ec@group-73E40DF2990B-LeaderElection115] INFO  impl.RaftServerImpl (RaftServerImpl.java:setRole(184)) - f2627371-a904-4314-a836-5eb8f54559ec@group-73E40DF2990B: changes role from CANDIDATE to FOLLOWER at term 125 for DISCOVERED_A_NEW_TERM
2019-10-21 19:12:53,508 [f2627371-a904-4314-a836-5eb8f54559ec@group-73E40DF2990B-LeaderElection115] INFO  impl.RoleInfo (RoleInfo.java:shutdownLeaderElection(134)) - f2627371-a904-4314-a836-5eb8f54559ec: shutdown LeaderElection
2019-10-21 19:12:53,508 [f2627371-a904-4314-a836-5eb8f54559ec@group-73E40DF2990B-LeaderElection115] INFO  impl.RoleInfo (RoleInfo.java:updateAndGet(143)) - f2627371-a904-4314-a836-5eb8f54559ec: start FollowerState
2019-10-21 19:12:53,608 [Thread-990] INFO  impl.FollowerState (FollowerState.java:run(108)) - f2627371-a904-4314-a836-5eb8f54559ec@group-73E40DF2990B-FollowerState: change to CANDIDATE, lastRpcTime:100ms, electionTimeout:100ms
2019-10-21 19:12:53,609 [Thread-990] INFO  impl.RoleInfo (RoleInfo.java:shutdownFollowerState(121)) - f2627371-a904-4314-a836-5eb8f54559ec: shutdown FollowerState
2019-10-21 19:12:53,609 [Thread-990] INFO  impl.RaftServerImpl (RaftServerImpl.java:setRole(184)) - f2627371-a904-4314-a836-5eb8f54559ec@group-73E40DF2990B: changes role from  FOLLOWER to CANDIDATE at term 125 for changeToCandidate
2019-10-21 19:12:53,609 [Thread-990] INFO  impl.RoleInfo (RoleInfo.java:updateAndGet(143)) - f2627371-a904-4314-a836-5eb8f54559ec: start LeaderElection
2019-10-21 19:12:53,677 [f2627371-a904-4314-a836-5eb8f54559ec@group-73E40DF2990B-LeaderElection116] INFO  impl.LeaderElection (LeaderElection.java:askForVotes(178)) - f2627371-a904-4314-a836-5eb8f54559ec@group-73E40DF2990B-LeaderElection116: begin an election at term 126 for -1: [e6a83585-83d0-4616-a3d5-866875ad8a29:192.168.34.32:46159, f2627371-a904-4314-a836-5eb8f54559ec:192.168.34.32:33224, 1b813ef4-47a4-4bfc-8eb5-c34ae440adb1:192.168.34.32:36113], old=null
2019-10-21 19:12:53,680 [grpc-default-executor-0] INFO  impl.RaftServerImpl (RaftServerImpl.java:setRole(184)) - 1b813ef4-47a4-4bfc-8eb5-c34ae440adb1@group-73E40DF2990B: changes role from  FOLLOWER to FOLLOWER at term 126 for recognizeCandidate:f2627371-a904-4314-a836-5eb8f54559ec
2019-10-21 19:12:53,680 [grpc-default-executor-5] INFO  impl.RaftServerImpl (RaftServerImpl.java:setRole(184)) - e6a83585-83d0-4616-a3d5-866875ad8a29@group-73E40DF2990B: changes role from  FOLLOWER to FOLLOWER at term 126 for recognizeCandidate:f2627371-a904-4314-a836-5eb8f54559ec
2019-10-21 19:12:53,680 [grpc-default-executor-0] INFO  impl.RoleInfo (RoleInfo.java:shutdownFollowerState(121)) - 1b813ef4-47a4-4bfc-8eb5-c34ae440adb1: shutdown FollowerState
2019-10-21 19:12:53,680 [grpc-default-executor-5] INFO  impl.RoleInfo (RoleInfo.java:shutdownFollowerState(121)) - e6a83585-83d0-4616-a3d5-866875ad8a29: shutdown FollowerState
2019-10-21 19:12:53,681 [Thread-989] INFO  impl.FollowerState (FollowerState.java:run(117)) - 1b813ef4-47a4-4bfc-8eb5-c34ae440adb1@group-73E40DF2990B-FollowerState was interrupted: java.lang.InterruptedException: sleep interrupted
2019-10-21 19:12:53,681 [grpc-default-executor-0] INFO  impl.RoleInfo (RoleInfo.java:updateAndGet(143)) - 1b813ef4-47a4-4bfc-8eb5-c34ae440adb1: start FollowerState
2019-10-21 19:12:53,681 [Thread-988] INFO  impl.FollowerState (FollowerState.java:run(117)) - e6a83585-83d0-4616-a3d5-866875ad8a29@group-73E40DF2990B-FollowerState was interrupted: java.lang.InterruptedException: sleep interrupted
2019-10-21 19:12:53,681 [grpc-default-executor-5] INFO  impl.RoleInfo (RoleInfo.java:updateAndGet(143)) - e6a83585-83d0-4616-a3d5-866875ad8a29: start FollowerState
2019-10-21 19:12:53,685 [f2627371-a904-4314-a836-5eb8f54559ec@group-73E40DF2990B-LeaderElection116] INFO  impl.LeaderElection (LeaderElection.java:logAndReturn(56)) - f2627371-a904-4314-a836-5eb8f54559ec@group-73E40DF2990B-LeaderElection116: Election TIMEOUT; received 0 response(s) [] and 0 exception(s); f2627371-a904-4314-a836-5eb8f54559ec@group-73E40DF2990B:t126, leader=null, voted=f2627371-a904-4314-a836-5eb8f54559ec, raftlog=f2627371-a904-4314-a836-5eb8f54559ec@group-73E40DF2990B-SegmentedRaftLog:OPENED:c-1,f-1,i0, conf=-1: [e6a83585-83d0-4616-a3d5-866875ad8a29:192.168.34.32:46159, f2627371-a904-4314-a836-5eb8f54559ec:192.168.34.32:33224, 1b813ef4-47a4-4bfc-8eb5-c34ae440adb1:192.168.34.32:36113], old=null
2019-10-21 19:12:53,695 [f2627371-a904-4314-a836-5eb8f54559ec@group-73E40DF2990B-LeaderElection116] INFO  impl.LeaderElection (LeaderElection.java:askForVotes(178)) - f2627371-a904-4314-a836-5eb8f54559ec@group-73E40DF2990B-LeaderElection116: begin an election at term 127 for -1: [e6a83585-83d0-4616-a3d5-866875ad8a29:192.168.34.32:46159, f2627371-a904-4314-a836-5eb8f54559ec:192.168.34.32:33224, 1b813ef4-47a4-4bfc-8eb5-c34ae440adb1:192.168.34.32:36113], old=null
2019-10-21 19:12:53,698 [grpc-default-executor-5] INFO  impl.RaftServerImpl (RaftServerImpl.java:setRole(184)) - e6a83585-83d0-4616-a3d5-866875ad8a29@group-73E40DF2990B: changes role from  FOLLOWER to FOLLOWER at term 127 for recognizeCandidate:f2627371-a904-4314-a836-5eb8f54559ec
2019-10-21 19:12:53,698 [grpc-default-executor-5] INFO  impl.RoleInfo (RoleInfo.java:shutdownFollowerState(121)) - e6a83585-83d0-4616-a3d5-866875ad8a29: shutdown FollowerState
2019-10-21 19:12:53,698 [grpc-default-executor-0] INFO  impl.RaftServerImpl (RaftServerImpl.java:setRole(184)) - 1b813ef4-47a4-4bfc-8eb5-c34ae440adb1@group-73E40DF2990B: changes role from  FOLLOWER to FOLLOWER at term 127 for recognizeCandidate:f2627371-a904-4314-a836-5eb8f54559ec
2019-10-21 19:12:53,698 [grpc-default-executor-0] INFO  impl.RoleInfo (RoleInfo.java:shutdownFollowerState(121)) - 1b813ef4-47a4-4bfc-8eb5-c34ae440adb1: shutdown FollowerState
2019-10-21 19:12:53,698 [Thread-995] INFO  impl.FollowerState (FollowerState.java:run(117)) - e6a83585-83d0-4616-a3d5-866875ad8a29@group-73E40DF2990B-FollowerState was interrupted: java.lang.InterruptedException: sleep interrupted
2019-10-21 19:12:53,698 [grpc-default-executor-5] INFO  impl.RoleInfo (RoleInfo.java:updateAndGet(143)) - e6a83585-83d0-4616-a3d5-866875ad8a29: start FollowerState
2019-10-21 19:12:53,699 [grpc-default-executor-0] INFO  impl.RoleInfo (RoleInfo.java:updateAndGet(143)) - 1b813ef4-47a4-4bfc-8eb5-c34ae440adb1: start FollowerState
2019-10-21 19:12:53,699 [Thread-994] INFO  impl.FollowerState (FollowerState.java:run(117)) - 1b813ef4-47a4-4bfc-8eb5-c34ae440adb1@group-73E40DF2990B-FollowerState was interrupted: java.lang.InterruptedException: sleep interrupted
2019-10-21 19:12:53,714 [f2627371-a904-4314-a836-5eb8f54559ec@group-73E40DF2990B-LeaderElection116] INFO  impl.LeaderElection (LeaderElection.java:logAndReturn(56)) - f2627371-a904-4314-a836-5eb8f54559ec@group-73E40DF2990B-LeaderElection116: Election REJECTED; received 2 response(s) [f2627371-a904-4314-a836-5eb8f54559ec<-e6a83585-83d0-4616-a3d5-866875ad8a29#0:FAIL-t127, f2627371-a904-4314-a836-5eb8f54559ec<-1b813ef4-47a4-4bfc-8eb5-c34ae440adb1#0:FAIL-t127] and 0 exception(s); f2627371-a904-4314-a836-5eb8f54559ec@group-73E40DF2990B:t127, leader=null, voted=f2627371-a904-4314-a836-5eb8f54559ec, raftlog=f2627371-a904-4314-a836-5eb8f54559ec@group-73E40DF2990B-SegmentedRaftLog:OPENED:c-1,f-1,i0, conf=-1: [e6a83585-83d0-4616-a3d5-866875ad8a29:192.168.34.32:46159, f2627371-a904-4314-a836-5eb8f54559ec:192.168.34.32:33224, 1b813ef4-47a4-4bfc-8eb5-c34ae440adb1:192.168.34.32:36113], old=null
2019-10-21 19:12:53,714 [f2627371-a904-4314-a836-5eb8f54559ec@group-73E40DF2990B-LeaderElection116] INFO  impl.RaftServerImpl (RaftServerImpl.java:setRole(184)) - f2627371-a904-4314-a836-5eb8f54559ec@group-73E40DF2990B: changes role from CANDIDATE to FOLLOWER at term 127 for DISCOVERED_A_NEW_TERM
2019-10-21 19:12:53,714 [f2627371-a904-4314-a836-5eb8f54559ec@group-73E40DF2990B-LeaderElection116] INFO  impl.RoleInfo (RoleInfo.java:shutdownLeaderElection(134)) - f2627371-a904-4314-a836-5eb8f54559ec: shutdown LeaderElection
2019-10-21 19:12:53,714 [f2627371-a904-4314-a836-5eb8f54559ec@group-73E40DF2990B-LeaderElection116] INFO  impl.RoleInfo (RoleInfo.java:updateAndGet(143)) - f2627371-a904-4314-a836-5eb8f54559ec: start FollowerState
2019-10-21 19:12:53,770 [Thread-1000] INFO  impl.FollowerState (FollowerState.java:run(108)) - f2627371-a904-4314-a836-5eb8f54559ec@group-73E40DF2990B-FollowerState: change to CANDIDATE, lastRpcTime:55ms, electionTimeout:55ms
2019-10-21 19:12:53,770 [Thread-1000] INFO  impl.RoleInfo (RoleInfo.java:shutdownFollowerState(121)) - f2627371-a904-4314-a836-5eb8f54559ec: shutdown FollowerState
2019-10-21 19:12:53,770 [Thread-1000] INFO  impl.RaftServerImpl (RaftServerImpl.java:setRole(184)) - f2627371-a904-4314-a836-5eb8f54559ec@group-73E40DF2990B: changes role from  FOLLOWER to CANDIDATE at term 127 for changeToCandidate
2019-10-21 19:12:53,770 [Thread-1000] INFO  impl.RoleInfo (RoleInfo.java:updateAndGet(143)) - f2627371-a904-4314-a836-5eb8f54559ec: start LeaderElection
2019-10-21 19:12:53,814 [f2627371-a904-4314-a836-5eb8f54559ec@group-73E40DF2990B-LeaderElection117] INFO  impl.LeaderElection (LeaderElection.java:askForVotes(178)) - f2627371-a904-4314-a836-5eb8f54559ec@group-73E40DF2990B-LeaderElection117: begin an election at term 128 for -1: [e6a83585-83d0-4616-a3d5-866875ad8a29:192.168.34.32:46159, f2627371-a904-4314-a836-5eb8f54559ec:192.168.34.32:33224, 1b813ef4-47a4-4bfc-8eb5-c34ae440adb1:192.168.34.32:36113], old=null
2019-10-21 19:12:53,816 [grpc-default-executor-0] INFO  impl.RaftServerImpl (RaftServerImpl.java:setRole(184)) - e6a83585-83d0-4616-a3d5-866875ad8a29@group-73E40DF2990B: changes role from  FOLLOWER to FOLLOWER at term 128 for recognizeCandidate:f2627371-a904-4314-a836-5eb8f54559ec
2019-10-21 19:12:53,816 [grpc-default-executor-5] INFO  impl.RaftServerImpl (RaftServerImpl.java:setRole(184)) - 1b813ef4-47a4-4bfc-8eb5-c34ae440adb1@group-73E40DF2990B: changes role from  FOLLOWER to FOLLOWER at term 128 for recognizeCandidate:f2627371-a904-4314-a836-5eb8f54559ec
2019-10-21 19:12:53,817 [grpc-default-executor-0] INFO  impl.RoleInfo (RoleInfo.java:shutdownFollowerState(121)) - e6a83585-83d0-4616-a3d5-866875ad8a29: shutdown FollowerState
2019-10-21 19:12:53,817 [grpc-default-executor-5] INFO  impl.RoleInfo (RoleInfo.java:shutdownFollowerState(121)) - 1b813ef4-47a4-4bfc-8eb5-c34ae440adb1: shutdown FollowerState
2019-10-21 19:12:53,817 [Thread-998] INFO  impl.FollowerState (FollowerState.java:run(117)) - e6a83585-83d0-4616-a3d5-866875ad8a29@group-73E40DF2990B-FollowerState was interrupted: java.lang.InterruptedException: sleep interrupted
2019-10-21 19:12:53,817 [Thread-999] INFO  impl.FollowerState (FollowerState.java:run(117)) - 1b813ef4-47a4-4bfc-8eb5-c34ae440adb1@group-73E40DF2990B-FollowerState was interrupted: java.lang.InterruptedException: sleep interrupted
2019-10-21 19:12:53,817 [grpc-default-executor-0] INFO  impl.RoleInfo (RoleInfo.java:updateAndGet(143)) - e6a83585-83d0-4616-a3d5-866875ad8a29: start FollowerState
2019-10-21 19:12:53,817 [grpc-default-executor-5] INFO  impl.RoleInfo (RoleInfo.java:updateAndGet(143)) - 1b813ef4-47a4-4bfc-8eb5-c34ae440adb1: start FollowerState
2019-10-21 19:12:53,832 [f2627371-a904-4314-a836-5eb8f54559ec@group-73E40DF2990B-LeaderElection117] INFO  impl.LeaderElection (LeaderElection.java:logAndReturn(56)) - f2627371-a904-4314-a836-5eb8f54559ec@group-73E40DF2990B-LeaderElection117: Election REJECTED; received 2 response(s) [f2627371-a904-4314-a836-5eb8f54559ec<-e6a83585-83d0-4616-a3d5-866875ad8a29#0:FAIL-t128, f2627371-a904-4314-a836-5eb8f54559ec<-1b813ef4-47a4-4bfc-8eb5-c34ae440adb1#0:FAIL-t128] and 0 exception(s); f2627371-a904-4314-a836-5eb8f54559ec@group-73E40DF2990B:t128, leader=null, voted=f2627371-a904-4314-a836-5eb8f54559ec, raftlog=f2627371-a904-4314-a836-5eb8f54559ec@group-73E40DF2990B-SegmentedRaftLog:OPENED:c-1,f-1,i0, conf=-1: [e6a83585-83d0-4616-a3d5-866875ad8a29:192.168.34.32:46159, f2627371-a904-4314-a836-5eb8f54559ec:192.168.34.32:33224, 1b813ef4-47a4-4bfc-8eb5-c34ae440adb1:192.168.34.32:36113], old=null
2019-10-21 19:12:53,832 [f2627371-a904-4314-a836-5eb8f54559ec@group-73E40DF2990B-LeaderElection117] INFO  impl.RaftServerImpl (RaftServerImpl.java:setRole(184)) - f2627371-a904-4314-a836-5eb8f54559ec@group-73E40DF2990B: changes role from CANDIDATE to FOLLOWER at term 128 for DISCOVERED_A_NEW_TERM
2019-10-21 19:12:53,833 [f2627371-a904-4314-a836-5eb8f54559ec@group-73E40DF2990B-LeaderElection117] INFO  impl.RoleInfo (RoleInfo.java:shutdownLeaderElection(134)) - f2627371-a904-4314-a836-5eb8f54559ec: shutdown LeaderElection
2019-10-21 19:12:53,833 [f2627371-a904-4314-a836-5eb8f54559ec@group-73E40DF2990B-LeaderElection117] INFO  impl.RoleInfo (RoleInfo.java:updateAndGet(143)) - f2627371-a904-4314-a836-5eb8f54559ec: start FollowerState
2019-10-21 19:12:54,000 [Thread-1006] INFO  impl.FollowerState (FollowerState.java:run(108)) - f2627371-a904-4314-a836-5eb8f54559ec@group-73E40DF2990B-FollowerState: change to CANDIDATE, lastRpcTime:167ms, electionTimeout:167ms
2019-10-21 19:12:54,000 [Thread-1006] INFO  impl.RoleInfo (RoleInfo.java:shutdownFollowerState(121)) - f2627371-a904-4314-a836-5eb8f54559ec: shutdown FollowerState
2019-10-21 19:12:54,000 [Thread-1006] INFO  impl.RaftServerImpl (RaftServerImpl.java:setRole(184)) - f2627371-a904-4314-a836-5eb8f54559ec@group-73E40DF2990B: changes role from  FOLLOWER to CANDIDATE at term 128 for changeToCandidate
2019-10-21 19:12:54,001 [Thread-1006] INFO  impl.RoleInfo (RoleInfo.java:updateAndGet(143)) - f2627371-a904-4314-a836-5eb8f54559ec: start LeaderElection
2019-10-21 19:12:54,015 [f2627371-a904-4314-a836-5eb8f54559ec@group-73E40DF2990B-LeaderElection118] INFO  impl.LeaderElection (LeaderElection.java:askForVotes(178)) - f2627371-a904-4314-a836-5eb8f54559ec@group-73E40DF2990B-LeaderElection118: begin an election at term 129 for -1: [e6a83585-83d0-4616-a3d5-866875ad8a29:192.168.34.32:46159, f2627371-a904-4314-a836-5eb8f54559ec:192.168.34.32:33224, 1b813ef4-47a4-4bfc-8eb5-c34ae440adb1:192.168.34.32:36113], old=null
2019-10-21 19:12:54,017 [grpc-default-executor-0] INFO  impl.RaftServerImpl (RaftServerImpl.java:setRole(184)) - 1b813ef4-47a4-4bfc-8eb5-c34ae440adb1@group-73E40DF2990B: changes role from  FOLLOWER to FOLLOWER at term 129 for recognizeCandidate:f2627371-a904-4314-a836-5eb8f54559ec
2019-10-21 19:12:54,017 [grpc-default-executor-5] INFO  impl.RaftServerImpl (RaftServerImpl.java:setRole(184)) - e6a83585-83d0-4616-a3d5-866875ad8a29@group-73E40DF2990B: changes role from  FOLLOWER to FOLLOWER at term 129 for recognizeCandidate:f2627371-a904-4314-a836-5eb8f54559ec
2019-10-21 19:12:54,018 [grpc-default-executor-5] INFO  impl.RoleInfo (RoleInfo.java:shutdownFollowerState(121)) - e6a83585-83d0-4616-a3d5-866875ad8a29: shutdown FollowerState
2019-10-21 19:12:54,017 [grpc-default-executor-0] INFO  impl.RoleInfo (RoleInfo.java:shutdownFollowerState(121)) - 1b813ef4-47a4-4bfc-8eb5-c34ae440adb1: shutdown FollowerState
2019-10-21 19:12:54,018 [Thread-1004] INFO  impl.FollowerState (FollowerState.java:run(117)) - e6a83585-83d0-4616-a3d5-866875ad8a29@group-73E40DF2990B-FollowerState was interrupted: java.lang.InterruptedException: sleep interrupted
2019-10-21 19:12:54,018 [grpc-default-executor-0] INFO  impl.RoleInfo (RoleInfo.java:updateAndGet(143)) - 1b813ef4-47a4-4bfc-8eb5-c34ae440adb1: start FollowerState
2019-10-21 19:12:54,018 [grpc-default-executor-5] INFO  impl.RoleInfo (RoleInfo.java:updateAndGet(143)) - e6a83585-83d0-4616-a3d5-866875ad8a29: start FollowerState
2019-10-21 19:12:54,018 [Thread-1005] INFO  impl.FollowerState (FollowerState.java:run(117)) - 1b813ef4-47a4-4bfc-8eb5-c34ae440adb1@group-73E40DF2990B-FollowerState was interrupted: java.lang.InterruptedException: sleep interrupted
2019-10-21 19:12:54,033 [f2627371-a904-4314-a836-5eb8f54559ec@group-73E40DF2990B-LeaderElection118] INFO  impl.LeaderElection (LeaderElection.java:logAndReturn(56)) - f2627371-a904-4314-a836-5eb8f54559ec@group-73E40DF2990B-LeaderElection118: Election REJECTED; received 2 response(s) [f2627371-a904-4314-a836-5eb8f54559ec<-e6a83585-83d0-4616-a3d5-866875ad8a29#0:FAIL-t129, f2627371-a904-4314-a836-5eb8f54559ec<-1b813ef4-47a4-4bfc-8eb5-c34ae440adb1#0:FAIL-t129] and 0 exception(s); f2627371-a904-4314-a836-5eb8f54559ec@group-73E40DF2990B:t129, leader=null, voted=f2627371-a904-4314-a836-5eb8f54559ec, raftlog=f2627371-a904-4314-a836-5eb8f54559ec@group-73E40DF2990B-SegmentedRaftLog:OPENED:c-1,f-1,i0, conf=-1: [e6a83585-83d0-4616-a3d5-866875ad8a29:192.168.34.32:46159, f2627371-a904-4314-a836-5eb8f54559ec:192.168.34.32:33224, 1b813ef4-47a4-4bfc-8eb5-c34ae440adb1:192.168.34.32:36113], old=null
2019-10-21 19:12:54,033 [f2627371-a904-4314-a836-5eb8f54559ec@group-73E40DF2990B-LeaderElection118] INFO  impl.RaftServerImpl (RaftServerImpl.java:setRole(184)) - f2627371-a904-4314-a836-5eb8f54559ec@group-73E40DF2990B: changes role from CANDIDATE to FOLLOWER at term 129 for DISCOVERED_A_NEW_TERM
2019-10-21 19:12:54,033 [f2627371-a904-4314-a836-5eb8f54559ec@group-73E40DF2990B-LeaderElection118] INFO  impl.RoleInfo (RoleInfo.java:shutdownLeaderElection(134)) - f2627371-a904-4314-a836-5eb8f54559ec: shutdown LeaderElection
2019-10-21 19:12:54,034 [f2627371-a904-4314-a836-5eb8f54559ec@group-73E40DF2990B-LeaderElection118] INFO  impl.RoleInfo (RoleInfo.java:updateAndGet(143)) - f2627371-a904-4314-a836-5eb8f54559ec: start FollowerState
2019-10-21 19:12:54,174 [Thread-1012] INFO  impl.FollowerState (FollowerState.java:run(108)) - f2627371-a904-4314-a836-5eb8f54559ec@group-73E40DF2990B-FollowerState: change to CANDIDATE, lastRpcTime:140ms, electionTimeout:140ms
2019-10-21 19:12:54,174 [Thread-1012] INFO  impl.RoleInfo (RoleInfo.java:shutdownFollowerState(121)) - f2627371-a904-4314-a836-5eb8f54559ec: shutdown FollowerState
2019-10-21 19:12:54,175 [Thread-1012] INFO  impl.RaftServerImpl (RaftServerImpl.java:setRole(184)) - f2627371-a904-4314-a836-5eb8f54559ec@group-73E40DF2990B: changes role from  FOLLOWER to CANDIDATE at term 129 for changeToCandidate
2019-10-21 19:12:54,175 [Thread-1012] INFO  impl.RoleInfo (RoleInfo.java:updateAndGet(143)) - f2627371-a904-4314-a836-5eb8f54559ec: start LeaderElection
2019-10-21 19:12:54,191 [f2627371-a904-4314-a836-5eb8f54559ec@group-73E40DF2990B-LeaderElection119] INFO  impl.LeaderElection (LeaderElection.java:askForVotes(178)) - f2627371-a904-4314-a836-5eb8f54559ec@group-73E40DF2990B-LeaderElection119: begin an election at term 130 for -1: [e6a83585-83d0-4616-a3d5-866875ad8a29:192.168.34.32:46159, f2627371-a904-4314-a836-5eb8f54559ec:192.168.34.32:33224, 1b813ef4-47a4-4bfc-8eb5-c34ae440adb1:192.168.34.32:36113], old=null
2019-10-21 19:12:54,194 [grpc-default-executor-5] INFO  impl.RaftServerImpl (RaftServerImpl.java:setRole(184)) - 1b813ef4-47a4-4bfc-8eb5-c34ae440adb1@group-73E40DF2990B: changes role from  FOLLOWER to FOLLOWER at term 130 for recognizeCandidate:f2627371-a904-4314-a836-5eb8f54559ec
2019-10-21 19:12:54,194 [grpc-default-executor-0] INFO  impl.RaftServerImpl (RaftServerImpl.java:setRole(184)) - e6a83585-83d0-4616-a3d5-866875ad8a29@group-73E40DF2990B: changes role from  FOLLOWER to FOLLOWER at term 130 for recognizeCandidate:f2627371-a904-4314-a836-5eb8f54559ec
2019-10-21 19:12:54,194 [grpc-default-executor-0] INFO  impl.RoleInfo (RoleInfo.java:shutdownFollowerState(121)) - e6a83585-83d0-4616-a3d5-866875ad8a29: shutdown FollowerState
2019-10-21 19:12:54,194 [grpc-default-executor-5] INFO  impl.RoleInfo (RoleInfo.java:shutdownFollowerState(121)) - 1b813ef4-47a4-4bfc-8eb5-c34ae440adb1: shutdown FollowerState
2019-10-21 19:12:54,194 [Thread-1010] INFO  impl.FollowerState (FollowerState.java:run(117)) - e6a83585-83d0-4616-a3d5-866875ad8a29@group-73E40DF2990B-FollowerState was interrupted: java.lang.InterruptedException: sleep interrupted
2019-10-21 19:12:54,194 [grpc-default-executor-0] INFO  impl.RoleInfo (RoleInfo.java:updateAndGet(143)) - e6a83585-83d0-4616-a3d5-866875ad8a29: start FollowerState
2019-10-21 19:12:54,194 [grpc-default-executor-5] INFO  impl.RoleInfo (RoleInfo.java:updateAndGet(143)) - 1b813ef4-47a4-4bfc-8eb5-c34ae440adb1: start FollowerState
2019-10-21 19:12:54,194 [Thread-1011] INFO  impl.FollowerState (FollowerState.java:run(117)) - 1b813ef4-47a4-4bfc-8eb5-c34ae440adb1@group-73E40DF2990B-FollowerState was interrupted: java.lang.InterruptedException: sleep interrupted
2019-10-21 19:12:54,210 [f2627371-a904-4314-a836-5eb8f54559ec@group-73E40DF2990B-LeaderElection119] INFO  impl.LeaderElection (LeaderElection.java:logAndReturn(56)) - f2627371-a904-4314-a836-5eb8f54559ec@group-73E40DF2990B-LeaderElection119: Election REJECTED; received 2 response(s) [f2627371-a904-4314-a836-5eb8f54559ec<-e6a83585-83d0-4616-a3d5-866875ad8a29#0:FAIL-t130, f2627371-a904-4314-a836-5eb8f54559ec<-1b813ef4-47a4-4bfc-8eb5-c34ae440adb1#0:FAIL-t130] and 0 exception(s); f2627371-a904-4314-a836-5eb8f54559ec@group-73E40DF2990B:t130, leader=null, voted=f2627371-a904-4314-a836-5eb8f54559ec, raftlog=f2627371-a904-4314-a836-5eb8f54559ec@group-73E40DF2990B-SegmentedRaftLog:OPENED:c-1,f-1,i0, conf=-1: [e6a83585-83d0-4616-a3d5-866875ad8a29:192.168.34.32:46159, f2627371-a904-4314-a836-5eb8f54559ec:192.168.34.32:33224, 1b813ef4-47a4-4bfc-8eb5-c34ae440adb1:192.168.34.32:36113], old=null
2019-10-21 19:12:54,210 [f2627371-a904-4314-a836-5eb8f54559ec@group-73E40DF2990B-LeaderElection119] INFO  impl.RaftServerImpl (RaftServerImpl.java:setRole(184)) - f2627371-a904-4314-a836-5eb8f54559ec@group-73E40DF2990B: changes role from CANDIDATE to FOLLOWER at term 130 for DISCOVERED_A_NEW_TERM
2019-10-21 19:12:54,210 [f2627371-a904-4314-a836-5eb8f54559ec@group-73E40DF2990B-LeaderElection119] INFO  impl.RoleInfo (RoleInfo.java:shutdownLeaderElection(134)) - f2627371-a904-4314-a836-5eb8f54559ec: shutdown LeaderElection
2019-10-21 19:12:54,210 [f2627371-a904-4314-a836-5eb8f54559ec@group-73E40DF2990B-LeaderElection119] INFO  impl.RoleInfo (RoleInfo.java:updateAndGet(143)) - f2627371-a904-4314-a836-5eb8f54559ec: start FollowerState
2019-10-21 19:12:54,332 [Thread-1018] INFO  impl.FollowerState (FollowerState.java:run(108)) - f2627371-a904-4314-a836-5eb8f54559ec@group-73E40DF2990B-FollowerState: change to CANDIDATE, lastRpcTime:122ms, electionTimeout:122ms
2019-10-21 19:12:54,334 [Thread-1018] INFO  impl.RoleInfo (RoleInfo.java:shutdownFollowerState(121)) - f2627371-a904-4314-a836-5eb8f54559ec: shutdown FollowerState
2019-10-21 19:12:54,334 [Thread-1018] INFO  impl.RaftServerImpl (RaftServerImpl.java:setRole(184)) - f2627371-a904-4314-a836-5eb8f54559ec@group-73E40DF2990B: changes role from  FOLLOWER to CANDIDATE at term 130 for changeToCandidate
2019-10-21 19:12:54,334 [Thread-1018] INFO  impl.RoleInfo (RoleInfo.java:updateAndGet(143)) - f2627371-a904-4314-a836-5eb8f54559ec: start LeaderElection
2019-10-21 19:12:54,351 [f2627371-a904-4314-a836-5eb8f54559ec@group-73E40DF2990B-LeaderElection120] INFO  impl.LeaderElection (LeaderElection.java:askForVotes(178)) - f2627371-a904-4314-a836-5eb8f54559ec@group-73E40DF2990B-LeaderElection120: begin an election at term 131 for -1: [e6a83585-83d0-4616-a3d5-866875ad8a29:192.168.34.32:46159, f2627371-a904-4314-a836-5eb8f54559ec:192.168.34.32:33224, 1b813ef4-47a4-4bfc-8eb5-c34ae440adb1:192.168.34.32:36113], old=null
2019-10-21 19:12:54,353 [grpc-default-executor-5] INFO  impl.RaftServerImpl (RaftServerImpl.java:setRole(184)) - e6a83585-83d0-4616-a3d5-866875ad8a29@group-73E40DF2990B: changes role from  FOLLOWER to FOLLOWER at term 131 for recognizeCandidate:f2627371-a904-4314-a836-5eb8f54559ec
2019-10-21 19:12:54,353 [grpc-default-executor-0] INFO  impl.RaftServerImpl (RaftServerImpl.java:setRole(184)) - 1b813ef4-47a4-4bfc-8eb5-c34ae440adb1@group-73E40DF2990B: changes role from  FOLLOWER to FOLLOWER at term 131 for recognizeCandidate:f2627371-a904-4314-a836-5eb8f54559ec
2019-10-21 19:12:54,353 [grpc-default-executor-5] INFO  impl.RoleInfo (RoleInfo.java:shutdownFollowerState(121)) - e6a83585-83d0-4616-a3d5-866875ad8a29: shutdown FollowerState
2019-10-21 19:12:54,353 [grpc-default-executor-0] INFO  impl.RoleInfo (RoleInfo.java:shutdownFollowerState(121)) - 1b813ef4-47a4-4bfc-8eb5-c34ae440adb1: shutdown FollowerState
2019-10-21 19:12:54,354 [grpc-default-executor-5] INFO  impl.RoleInfo (RoleInfo.java:updateAndGet(143)) - e6a83585-83d0-4616-a3d5-866875ad8a29: start FollowerState
2019-10-21 19:12:54,354 [Thread-1017] INFO  impl.FollowerState (FollowerState.java:run(117)) - 1b813ef4-47a4-4bfc-8eb5-c34ae440adb1@group-73E40DF2990B-FollowerState was interrupted: java.lang.InterruptedException: sleep interrupted
2019-10-21 19:12:54,354 [Thread-1016] INFO  impl.FollowerState (FollowerState.java:run(117)) - e6a83585-83d0-4616-a3d5-866875ad8a29@group-73E40DF2990B-FollowerState was interrupted: java.lang.InterruptedException: sleep interrupted
2019-10-21 19:12:54,354 [grpc-default-executor-0] INFO  impl.RoleInfo (RoleInfo.java:updateAndGet(143)) - 1b813ef4-47a4-4bfc-8eb5-c34ae440adb1: start FollowerState
2019-10-21 19:12:54,369 [f2627371-a904-4314-a836-5eb8f54559ec@group-73E40DF2990B-LeaderElection120] INFO  impl.LeaderElection (LeaderElection.java:logAndReturn(56)) - f2627371-a904-4314-a836-5eb8f54559ec@group-73E40DF2990B-LeaderElection120: Election REJECTED; received 2 response(s) [f2627371-a904-4314-a836-5eb8f54559ec<-e6a83585-83d0-4616-a3d5-866875ad8a29#0:FAIL-t131, f2627371-a904-4314-a836-5eb8f54559ec<-1b813ef4-47a4-4bfc-8eb5-c34ae440adb1#0:FAIL-t131] and 0 exception(s); f2627371-a904-4314-a836-5eb8f54559ec@group-73E40DF2990B:t131, leader=null, voted=f2627371-a904-4314-a836-5eb8f54559ec, raftlog=f2627371-a904-4314-a836-5eb8f54559ec@group-73E40DF2990B-SegmentedRaftLog:OPENED:c-1,f-1,i0, conf=-1: [e6a83585-83d0-4616-a3d5-866875ad8a29:192.168.34.32:46159, f2627371-a904-4314-a836-5eb8f54559ec:192.168.34.32:33224, 1b813ef4-47a4-4bfc-8eb5-c34ae440adb1:192.168.34.32:36113], old=null
2019-10-21 19:12:54,369 [f2627371-a904-4314-a836-5eb8f54559ec@group-73E40DF2990B-LeaderElection120] INFO  impl.RaftServerImpl (RaftServerImpl.java:setRole(184)) - f2627371-a904-4314-a836-5eb8f54559ec@group-73E40DF2990B: changes role from CANDIDATE to FOLLOWER at term 131 for DISCOVERED_A_NEW_TERM
2019-10-21 19:12:54,369 [f2627371-a904-4314-a836-5eb8f54559ec@group-73E40DF2990B-LeaderElection120] INFO  impl.RoleInfo (RoleInfo.java:shutdownLeaderElection(134)) - f2627371-a904-4314-a836-5eb8f54559ec: shutdown LeaderElection
2019-10-21 19:12:54,369 [f2627371-a904-4314-a836-5eb8f54559ec@group-73E40DF2990B-LeaderElection120] INFO  impl.RoleInfo (RoleInfo.java:updateAndGet(143)) - f2627371-a904-4314-a836-5eb8f54559ec: start FollowerState
2019-10-21 19:12:54,437 [Thread-1026] INFO  impl.FollowerState (FollowerState.java:run(108)) - f2627371-a904-4314-a836-5eb8f54559ec@group-73E40DF2990B-FollowerState: change to CANDIDATE, lastRpcTime:67ms, electionTimeout:67ms
2019-10-21 19:12:54,437 [Thread-1026] INFO  impl.RoleInfo (RoleInfo.java:shutdownFollowerState(121)) - f2627371-a904-4314-a836-5eb8f54559ec: shutdown FollowerState
2019-10-21 19:12:54,437 [Thread-1026] INFO  impl.RaftServerImpl (RaftServerImpl.java:setRole(184)) - f2627371-a904-4314-a836-5eb8f54559ec@group-73E40DF2990B: changes role from  FOLLOWER to CANDIDATE at term 131 for changeToCandidate
2019-10-21 19:12:54,437 [Thread-1026] INFO  impl.RoleInfo (RoleInfo.java:updateAndGet(143)) - f2627371-a904-4314-a836-5eb8f54559ec: start LeaderElection
2019-10-21 19:12:54,447 [f2627371-a904-4314-a836-5eb8f54559ec@group-73E40DF2990B-LeaderElection121] INFO  impl.LeaderElection (LeaderElection.java:askForVotes(178)) - f2627371-a904-4314-a836-5eb8f54559ec@group-73E40DF2990B-LeaderElection121: begin an election at term 132 for -1: [e6a83585-83d0-4616-a3d5-866875ad8a29:192.168.34.32:46159, f2627371-a904-4314-a836-5eb8f54559ec:192.168.34.32:33224, 1b813ef4-47a4-4bfc-8eb5-c34ae440adb1:192.168.34.32:36113], old=null
2019-10-21 19:12:54,450 [grpc-default-executor-0] INFO  impl.RaftServerImpl (RaftServerImpl.java:setRole(184)) - e6a83585-83d0-4616-a3d5-866875ad8a29@group-73E40DF2990B: changes role from  FOLLOWER to FOLLOWER at term 132 for recognizeCandidate:f2627371-a904-4314-a836-5eb8f54559ec
2019-10-21 19:12:54,450 [grpc-default-executor-5] INFO  impl.RaftServerImpl (RaftServerImpl.java:setRole(184)) - 1b813ef4-47a4-4bfc-8eb5-c34ae440adb1@group-73E40DF2990B: changes role from  FOLLOWER to FOLLOWER at term 132 for recognizeCandidate:f2627371-a904-4314-a836-5eb8f54559ec
2019-10-21 19:12:54,450 [grpc-default-executor-0] INFO  impl.RoleInfo (RoleInfo.java:shutdownFollowerState(121)) - e6a83585-83d0-4616-a3d5-866875ad8a29: shutdown FollowerState
2019-10-21 19:12:54,450 [grpc-default-executor-5] INFO  impl.RoleInfo (RoleInfo.java:shutdownFollowerState(121)) - 1b813ef4-47a4-4bfc-8eb5-c34ae440adb1: shutdown FollowerState
2019-10-21 19:12:54,451 [grpc-default-executor-0] INFO  impl.RoleInfo (RoleInfo.java:updateAndGet(143)) - e6a83585-83d0-4616-a3d5-866875ad8a29: start FollowerState
2019-10-21 19:12:54,451 [Thread-1024] INFO  impl.FollowerState (FollowerState.java:run(117)) - e6a83585-83d0-4616-a3d5-866875ad8a29@group-73E40DF2990B-FollowerState was interrupted: java.lang.InterruptedException: sleep interrupted
2019-10-21 19:12:54,451 [grpc-default-executor-5] INFO  impl.RoleInfo (RoleInfo.java:updateAndGet(143)) - 1b813ef4-47a4-4bfc-8eb5-c34ae440adb1: start FollowerState
2019-10-21 19:12:54,451 [Thread-1025] INFO  impl.FollowerState (FollowerState.java:run(117)) - 1b813ef4-47a4-4bfc-8eb5-c34ae440adb1@group-73E40DF2990B-FollowerState was interrupted: java.lang.InterruptedException: sleep interrupted
2019-10-21 19:12:54,476 [f2627371-a904-4314-a836-5eb8f54559ec@group-73E40DF2990B-LeaderElection121] INFO  impl.LeaderElection (LeaderElection.java:logAndReturn(56)) - f2627371-a904-4314-a836-5eb8f54559ec@group-73E40DF2990B-LeaderElection121: Election REJECTED; received 2 response(s) [f2627371-a904-4314-a836-5eb8f54559ec<-e6a83585-83d0-4616-a3d5-866875ad8a29#0:FAIL-t132, f2627371-a904-4314-a836-5eb8f54559ec<-1b813ef4-47a4-4bfc-8eb5-c34ae440adb1#0:FAIL-t132] and 0 exception(s); f2627371-a904-4314-a836-5eb8f54559ec@group-73E40DF2990B:t132, leader=null, voted=f2627371-a904-4314-a836-5eb8f54559ec, raftlog=f2627371-a904-4314-a836-5eb8f54559ec@group-73E40DF2990B-SegmentedRaftLog:OPENED:c-1,f-1,i0, conf=-1: [e6a83585-83d0-4616-a3d5-866875ad8a29:192.168.34.32:46159, f2627371-a904-4314-a836-5eb8f54559ec:192.168.34.32:33224, 1b813ef4-47a4-4bfc-8eb5-c34ae440adb1:192.168.34.32:36113], old=null
2019-10-21 19:12:54,476 [f2627371-a904-4314-a836-5eb8f54559ec@group-73E40DF2990B-LeaderElection121] INFO  impl.RaftServerImpl (RaftServerImpl.java:setRole(184)) - f2627371-a904-4314-a836-5eb8f54559ec@group-73E40DF2990B: changes role from CANDIDATE to FOLLOWER at term 132 for DISCOVERED_A_NEW_TERM
2019-10-21 19:12:54,476 [f2627371-a904-4314-a836-5eb8f54559ec@group-73E40DF2990B-LeaderElection121] INFO  impl.RoleInfo (RoleInfo.java:shutdownLeaderElection(134)) - f2627371-a904-4314-a836-5eb8f54559ec: shutdown LeaderElection
2019-10-21 19:12:54,476 [f2627371-a904-4314-a836-5eb8f54559ec@group-73E40DF2990B-LeaderElection121] INFO  impl.RoleInfo (RoleInfo.java:updateAndGet(143)) - f2627371-a904-4314-a836-5eb8f54559ec: start FollowerState
2019-10-21 19:12:54,500 [Thread-1032] INFO  impl.FollowerState (FollowerState.java:run(108)) - f2627371-a904-4314-a836-5eb8f54559ec@group-73E40DF2990B-FollowerState: change to CANDIDATE, lastRpcTime:23ms, electionTimeout:23ms
2019-10-21 19:12:54,500 [Thread-1032] INFO  impl.RoleInfo (RoleInfo.java:shutdownFollowerState(121)) - f2627371-a904-4314-a836-5eb8f54559ec: shutdown FollowerState
2019-10-21 19:12:54,500 [Thread-1032] INFO  impl.RaftServerImpl (RaftServerImpl.java:setRole(184)) - f2627371-a904-4314-a836-5eb8f54559ec@group-73E40DF2990B: changes role from  FOLLOWER to CANDIDATE at term 132 for changeToCandidate
2019-10-21 19:12:54,500 [Thread-1032] INFO  impl.RoleInfo (RoleInfo.java:updateAndGet(143)) - f2627371-a904-4314-a836-5eb8f54559ec: start LeaderElection
2019-10-21 19:12:54,514 [f2627371-a904-4314-a836-5eb8f54559ec@group-73E40DF2990B-LeaderElection122] INFO  impl.LeaderElection (LeaderElection.java:askForVotes(178)) - f2627371-a904-4314-a836-5eb8f54559ec@group-73E40DF2990B-LeaderElection122: begin an election at term 133 for -1: [e6a83585-83d0-4616-a3d5-866875ad8a29:192.168.34.32:46159, f2627371-a904-4314-a836-5eb8f54559ec:192.168.34.32:33224, 1b813ef4-47a4-4bfc-8eb5-c34ae440adb1:192.168.34.32:36113], old=null
2019-10-21 19:12:54,515 [grpc-default-executor-0] INFO  impl.RaftServerImpl (RaftServerImpl.java:setRole(184)) - 1b813ef4-47a4-4bfc-8eb5-c34ae440adb1@group-73E40DF2990B: changes role from  FOLLOWER to FOLLOWER at term 133 for recognizeCandidate:f2627371-a904-4314-a836-5eb8f54559ec
2019-10-21 19:12:54,516 [grpc-default-executor-5] INFO  impl.RaftServerImpl (RaftServerImpl.java:setRole(184)) - e6a83585-83d0-4616-a3d5-866875ad8a29@group-73E40DF2990B: changes role from  FOLLOWER to FOLLOWER at term 133 for recognizeCandidate:f2627371-a904-4314-a836-5eb8f54559ec
2019-10-21 19:12:54,516 [grpc-default-executor-0] INFO  impl.RoleInfo (RoleInfo.java:shutdownFollowerState(121)) - 1b813ef4-47a4-4bfc-8eb5-c34ae440adb1: shutdown FollowerState
2019-10-21 19:12:54,516 [grpc-default-executor-5] INFO  impl.RoleInfo (RoleInfo.java:shutdownFollowerState(121)) - e6a83585-83d0-4616-a3d5-866875ad8a29: shutdown FollowerState
2019-10-21 19:12:54,516 [Thread-1031] INFO  impl.FollowerState (FollowerState.java:run(117)) - 1b813ef4-47a4-4bfc-8eb5-c34ae440adb1@group-73E40DF2990B-FollowerState was interrupted: java.lang.InterruptedException: sleep interrupted
2019-10-21 19:12:54,516 [grpc-default-executor-0] INFO  impl.RoleInfo (RoleInfo.java:updateAndGet(143)) - 1b813ef4-47a4-4bfc-8eb5-c34ae440adb1: start FollowerState
2019-10-21 19:12:54,516 [Thread-1030] INFO  impl.FollowerState (FollowerState.java:run(117)) - e6a83585-83d0-4616-a3d5-866875ad8a29@group-73E40DF2990B-FollowerState was interrupted: java.lang.InterruptedException: sleep interrupted
2019-10-21 19:12:54,516 [grpc-default-executor-5] INFO  impl.RoleInfo (RoleInfo.java:updateAndGet(143)) - e6a83585-83d0-4616-a3d5-866875ad8a29: start FollowerState
2019-10-21 19:12:54,548 [f2627371-a904-4314-a836-5eb8f54559ec@group-73E40DF2990B-LeaderElection122] INFO  impl.LeaderElection (LeaderElection.java:logAndReturn(56)) - f2627371-a904-4314-a836-5eb8f54559ec@group-73E40DF2990B-LeaderElection122: Election REJECTED; received 2 response(s) [f2627371-a904-4314-a836-5eb8f54559ec<-e6a83585-83d0-4616-a3d5-866875ad8a29#0:FAIL-t133, f2627371-a904-4314-a836-5eb8f54559ec<-1b813ef4-47a4-4bfc-8eb5-c34ae440adb1#0:FAIL-t133] and 0 exception(s); f2627371-a904-4314-a836-5eb8f54559ec@group-73E40DF2990B:t133, leader=null, voted=f2627371-a904-4314-a836-5eb8f54559ec, raftlog=f2627371-a904-4314-a836-5eb8f54559ec@group-73E40DF2990B-SegmentedRaftLog:OPENED:c-1,f-1,i0, conf=-1: [e6a83585-83d0-4616-a3d5-866875ad8a29:192.168.34.32:46159, f2627371-a904-4314-a836-5eb8f54559ec:192.168.34.32:33224, 1b813ef4-47a4-4bfc-8eb5-c34ae440adb1:192.168.34.32:36113], old=null
2019-10-21 19:12:54,548 [f2627371-a904-4314-a836-5eb8f54559ec@group-73E40DF2990B-LeaderElection122] INFO  impl.RaftServerImpl (RaftServerImpl.java:setRole(184)) - f2627371-a904-4314-a836-5eb8f54559ec@group-73E40DF2990B: changes role from CANDIDATE to FOLLOWER at term 133 for DISCOVERED_A_NEW_TERM
2019-10-21 19:12:54,548 [f2627371-a904-4314-a836-5eb8f54559ec@group-73E40DF2990B-LeaderElection122] INFO  impl.RoleInfo (RoleInfo.java:shutdownLeaderElection(134)) - f2627371-a904-4314-a836-5eb8f54559ec: shutdown LeaderElection
2019-10-21 19:12:54,549 [f2627371-a904-4314-a836-5eb8f54559ec@group-73E40DF2990B-LeaderElection122] INFO  impl.RoleInfo (RoleInfo.java:updateAndGet(143)) - f2627371-a904-4314-a836-5eb8f54559ec: start FollowerState
2019-10-21 19:12:54,681 [Thread-1038] INFO  impl.FollowerState (FollowerState.java:run(108)) - f2627371-a904-4314-a836-5eb8f54559ec@group-73E40DF2990B-FollowerState: change to CANDIDATE, lastRpcTime:132ms, electionTimeout:132ms
2019-10-21 19:12:54,681 [Thread-1038] INFO  impl.RoleInfo (RoleInfo.java:shutdownFollowerState(121)) - f2627371-a904-4314-a836-5eb8f54559ec: shutdown FollowerState
2019-10-21 19:12:54,681 [Thread-1038] INFO  impl.RaftServerImpl (RaftServerImpl.java:setRole(184)) - f2627371-a904-4314-a836-5eb8f54559ec@group-73E40DF2990B: changes role from  FOLLOWER to CANDIDATE at term 133 for changeToCandidate
2019-10-21 19:12:54,681 [Thread-1038] INFO  impl.RoleInfo (RoleInfo.java:updateAndGet(143)) - f2627371-a904-4314-a836-5eb8f54559ec: start LeaderElection
2019-10-21 19:12:54,697 [f2627371-a904-4314-a836-5eb8f54559ec@group-73E40DF2990B-LeaderElection123] INFO  impl.LeaderElection (LeaderElection.java:askForVotes(178)) - f2627371-a904-4314-a836-5eb8f54559ec@group-73E40DF2990B-LeaderElection123: begin an election at term 134 for -1: [e6a83585-83d0-4616-a3d5-866875ad8a29:192.168.34.32:46159, f2627371-a904-4314-a836-5eb8f54559ec:192.168.34.32:33224, 1b813ef4-47a4-4bfc-8eb5-c34ae440adb1:192.168.34.32:36113], old=null
2019-10-21 19:12:54,700 [grpc-default-executor-5] INFO  impl.RaftServerImpl (RaftServerImpl.java:setRole(184)) - 1b813ef4-47a4-4bfc-8eb5-c34ae440adb1@group-73E40DF2990B: changes role from  FOLLOWER to FOLLOWER at term 134 for recognizeCandidate:f2627371-a904-4314-a836-5eb8f54559ec
2019-10-21 19:12:54,700 [grpc-default-executor-5] INFO  impl.RoleInfo (RoleInfo.java:shutdownFollowerState(121)) - 1b813ef4-47a4-4bfc-8eb5-c34ae440adb1: shutdown FollowerState
2019-10-21 19:12:54,700 [grpc-default-executor-0] INFO  impl.RaftServerImpl (RaftServerImpl.java:setRole(184)) - e6a83585-83d0-4616-a3d5-866875ad8a29@group-73E40DF2990B: changes role from  FOLLOWER to FOLLOWER at term 134 for recognizeCandidate:f2627371-a904-4314-a836-5eb8f54559ec
2019-10-21 19:12:54,700 [grpc-default-executor-0] INFO  impl.RoleInfo (RoleInfo.java:shutdownFollowerState(121)) - e6a83585-83d0-4616-a3d5-866875ad8a29: shutdown FollowerState
2019-10-21 19:12:54,700 [Thread-1036] INFO  impl.FollowerState (FollowerState.java:run(117)) - 1b813ef4-47a4-4bfc-8eb5-c34ae440adb1@group-73E40DF2990B-FollowerState was interrupted: java.lang.InterruptedException: sleep interrupted
2019-10-21 19:12:54,700 [grpc-default-executor-5] INFO  impl.RoleInfo (RoleInfo.java:updateAndGet(143)) - 1b813ef4-47a4-4bfc-8eb5-c34ae440adb1: start FollowerState
2019-10-21 19:12:54,700 [Thread-1037] INFO  impl.FollowerState (FollowerState.java:run(117)) - e6a83585-83d0-4616-a3d5-866875ad8a29@group-73E40DF2990B-FollowerState was interrupted: java.lang.InterruptedException: sleep interrupted
2019-10-21 19:12:54,700 [grpc-default-executor-0] INFO  impl.RoleInfo (RoleInfo.java:updateAndGet(143)) - e6a83585-83d0-4616-a3d5-866875ad8a29: start FollowerState
2019-10-21 19:12:54,719 [f2627371-a904-4314-a836-5eb8f54559ec@group-73E40DF2990B-LeaderElection123] INFO  impl.LeaderElection (LeaderElection.java:logAndReturn(56)) - f2627371-a904-4314-a836-5eb8f54559ec@group-73E40DF2990B-LeaderElection123: Election REJECTED; received 2 response(s) [f2627371-a904-4314-a836-5eb8f54559ec<-e6a83585-83d0-4616-a3d5-866875ad8a29#0:FAIL-t134, f2627371-a904-4314-a836-5eb8f54559ec<-1b813ef4-47a4-4bfc-8eb5-c34ae440adb1#0:FAIL-t134] and 0 exception(s); f2627371-a904-4314-a836-5eb8f54559ec@group-73E40DF2990B:t134, leader=null, voted=f2627371-a904-4314-a836-5eb8f54559ec, raftlog=f2627371-a904-4314-a836-5eb8f54559ec@group-73E40DF2990B-SegmentedRaftLog:OPENED:c-1,f-1,i0, conf=-1: [e6a83585-83d0-4616-a3d5-866875ad8a29:192.168.34.32:46159, f2627371-a904-4314-a836-5eb8f54559ec:192.168.34.32:33224, 1b813ef4-47a4-4bfc-8eb5-c34ae440adb1:192.168.34.32:36113], old=null
2019-10-21 19:12:54,719 [f2627371-a904-4314-a836-5eb8f54559ec@group-73E40DF2990B-LeaderElection123] INFO  impl.RaftServerImpl (RaftServerImpl.java:setRole(184)) - f2627371-a904-4314-a836-5eb8f54559ec@group-73E40DF2990B: changes role from CANDIDATE to FOLLOWER at term 134 for DISCOVERED_A_NEW_TERM
2019-10-21 19:12:54,719 [f2627371-a904-4314-a836-5eb8f54559ec@group-73E40DF2990B-LeaderElection123] INFO  impl.RoleInfo (RoleInfo.java:shutdownLeaderElection(134)) - f2627371-a904-4314-a836-5eb8f54559ec: shutdown LeaderElection
2019-10-21 19:12:54,719 [f2627371-a904-4314-a836-5eb8f54559ec@group-73E40DF2990B-LeaderElection123] INFO  impl.RoleInfo (RoleInfo.java:updateAndGet(143)) - f2627371-a904-4314-a836-5eb8f54559ec: start FollowerState
2019-10-21 19:12:54,898 [Thread-1044] INFO  impl.FollowerState (FollowerState.java:run(108)) - f2627371-a904-4314-a836-5eb8f54559ec@group-73E40DF2990B-FollowerState: change to CANDIDATE, lastRpcTime:178ms, electionTimeout:178ms
2019-10-21 19:12:54,898 [Thread-1044] INFO  impl.RoleInfo (RoleInfo.java:shutdownFollowerState(121)) - f2627371-a904-4314-a836-5eb8f54559ec: shutdown FollowerState
2019-10-21 19:12:54,898 [Thread-1044] INFO  impl.RaftServerImpl (RaftServerImpl.java:setRole(184)) - f2627371-a904-4314-a836-5eb8f54559ec@group-73E40DF2990B: changes role from  FOLLOWER to CANDIDATE at term 134 for changeToCandidate
2019-10-21 19:12:54,898 [Thread-1044] INFO  impl.RoleInfo (RoleInfo.java:updateAndGet(143)) - f2627371-a904-4314-a836-5eb8f54559ec: start LeaderElection
2019-10-21 19:12:54,912 [f2627371-a904-4314-a836-5eb8f54559ec@group-73E40DF2990B-LeaderElection124] INFO  impl.LeaderElection (LeaderElection.java:askForVotes(178)) - f2627371-a904-4314-a836-5eb8f54559ec@group-73E40DF2990B-LeaderElection124: begin an election at term 135 for -1: [e6a83585-83d0-4616-a3d5-866875ad8a29:192.168.34.32:46159, f2627371-a904-4314-a836-5eb8f54559ec:192.168.34.32:33224, 1b813ef4-47a4-4bfc-8eb5-c34ae440adb1:192.168.34.32:36113], old=null
2019-10-21 19:12:54,914 [grpc-default-executor-5] INFO  impl.RaftServerImpl (RaftServerImpl.java:setRole(184)) - e6a83585-83d0-4616-a3d5-866875ad8a29@group-73E40DF2990B: changes role from  FOLLOWER to FOLLOWER at term 135 for recognizeCandidate:f2627371-a904-4314-a836-5eb8f54559ec
2019-10-21 19:12:54,914 [grpc-default-executor-5] INFO  impl.RoleInfo (RoleInfo.java:shutdownFollowerState(121)) - e6a83585-83d0-4616-a3d5-866875ad8a29: shutdown FollowerState
2019-10-21 19:12:54,914 [grpc-default-executor-5] INFO  impl.RoleInfo (RoleInfo.java:updateAndGet(143)) - e6a83585-83d0-4616-a3d5-866875ad8a29: start FollowerState
2019-10-21 19:12:54,915 [Thread-1043] INFO  impl.FollowerState (FollowerState.java:run(117)) - e6a83585-83d0-4616-a3d5-866875ad8a29@group-73E40DF2990B-FollowerState was interrupted: java.lang.InterruptedException: sleep interrupted
2019-10-21 19:12:54,915 [grpc-default-executor-0] INFO  impl.RaftServerImpl (RaftServerImpl.java:setRole(184)) - 1b813ef4-47a4-4bfc-8eb5-c34ae440adb1@group-73E40DF2990B: changes role from  FOLLOWER to FOLLOWER at term 135 for recognizeCandidate:f2627371-a904-4314-a836-5eb8f54559ec
2019-10-21 19:12:54,915 [grpc-default-executor-0] INFO  impl.RoleInfo (RoleInfo.java:shutdownFollowerState(121)) - 1b813ef4-47a4-4bfc-8eb5-c34ae440adb1: shutdown FollowerState
2019-10-21 19:12:54,915 [grpc-default-executor-0] INFO  impl.RoleInfo (RoleInfo.java:updateAndGet(143)) - 1b813ef4-47a4-4bfc-8eb5-c34ae440adb1: start FollowerState
2019-10-21 19:12:54,915 [Thread-1042] INFO  impl.FollowerState (FollowerState.java:run(117)) - 1b813ef4-47a4-4bfc-8eb5-c34ae440adb1@group-73E40DF2990B-FollowerState was interrupted: java.lang.InterruptedException: sleep interrupted
2019-10-21 19:12:54,930 [f2627371-a904-4314-a836-5eb8f54559ec@group-73E40DF2990B-LeaderElection124] INFO  impl.LeaderElection (LeaderElection.java:logAndReturn(56)) - f2627371-a904-4314-a836-5eb8f54559ec@group-73E40DF2990B-LeaderElection124: Election REJECTED; received 2 response(s) [f2627371-a904-4314-a836-5eb8f54559ec<-e6a83585-83d0-4616-a3d5-866875ad8a29#0:FAIL-t135, f2627371-a904-4314-a836-5eb8f54559ec<-1b813ef4-47a4-4bfc-8eb5-c34ae440adb1#0:FAIL-t135] and 0 exception(s); f2627371-a904-4314-a836-5eb8f54559ec@group-73E40DF2990B:t135, leader=null, voted=f2627371-a904-4314-a836-5eb8f54559ec, raftlog=f2627371-a904-4314-a836-5eb8f54559ec@group-73E40DF2990B-SegmentedRaftLog:OPENED:c-1,f-1,i0, conf=-1: [e6a83585-83d0-4616-a3d5-866875ad8a29:192.168.34.32:46159, f2627371-a904-4314-a836-5eb8f54559ec:192.168.34.32:33224, 1b813ef4-47a4-4bfc-8eb5-c34ae440adb1:192.168.34.32:36113], old=null
2019-10-21 19:12:54,930 [f2627371-a904-4314-a836-5eb8f54559ec@group-73E40DF2990B-LeaderElection124] INFO  impl.RaftServerImpl (RaftServerImpl.java:setRole(184)) - f2627371-a904-4314-a836-5eb8f54559ec@group-73E40DF2990B: changes role from CANDIDATE to FOLLOWER at term 135 for DISCOVERED_A_NEW_TERM
2019-10-21 19:12:54,931 [f2627371-a904-4314-a836-5eb8f54559ec@group-73E40DF2990B-LeaderElection124] INFO  impl.RoleInfo (RoleInfo.java:shutdownLeaderElection(134)) - f2627371-a904-4314-a836-5eb8f54559ec: shutdown LeaderElection
2019-10-21 19:12:54,931 [f2627371-a904-4314-a836-5eb8f54559ec@group-73E40DF2990B-LeaderElection124] INFO  impl.RoleInfo (RoleInfo.java:updateAndGet(143)) - f2627371-a904-4314-a836-5eb8f54559ec: start FollowerState
2019-10-21 19:12:55,128 [Thread-1050] INFO  impl.FollowerState (FollowerState.java:run(108)) - f2627371-a904-4314-a836-5eb8f54559ec@group-73E40DF2990B-FollowerState: change to CANDIDATE, lastRpcTime:197ms, electionTimeout:197ms
2019-10-21 19:12:55,129 [Thread-1050] INFO  impl.RoleInfo (RoleInfo.java:shutdownFollowerState(121)) - f2627371-a904-4314-a836-5eb8f54559ec: shutdown FollowerState
2019-10-21 19:12:55,129 [Thread-1050] INFO  impl.RaftServerImpl (RaftServerImpl.java:setRole(184)) - f2627371-a904-4314-a836-5eb8f54559ec@group-73E40DF2990B: changes role from  FOLLOWER to CANDIDATE at term 135 for changeToCandidate
2019-10-21 19:12:55,129 [Thread-1050] INFO  impl.RoleInfo (RoleInfo.java:updateAndGet(143)) - f2627371-a904-4314-a836-5eb8f54559ec: start LeaderElection
2019-10-21 19:12:55,168 [f2627371-a904-4314-a836-5eb8f54559ec@group-73E40DF2990B-LeaderElection125] INFO  impl.LeaderElection (LeaderElection.java:askForVotes(178)) - f2627371-a904-4314-a836-5eb8f54559ec@group-73E40DF2990B-LeaderElection125: begin an election at term 136 for -1: [e6a83585-83d0-4616-a3d5-866875ad8a29:192.168.34.32:46159, f2627371-a904-4314-a836-5eb8f54559ec:192.168.34.32:33224, 1b813ef4-47a4-4bfc-8eb5-c34ae440adb1:192.168.34.32:36113], old=null
2019-10-21 19:12:55,171 [grpc-default-executor-0] INFO  impl.RaftServerImpl (RaftServerImpl.java:setRole(184)) - e6a83585-83d0-4616-a3d5-866875ad8a29@group-73E40DF2990B: changes role from  FOLLOWER to FOLLOWER at term 136 for recognizeCandidate:f2627371-a904-4314-a836-5eb8f54559ec
2019-10-21 19:12:55,171 [grpc-default-executor-5] INFO  impl.RaftServerImpl (RaftServerImpl.java:setRole(184)) - 1b813ef4-47a4-4bfc-8eb5-c34ae440adb1@group-73E40DF2990B: changes role from  FOLLOWER to FOLLOWER at term 136 for recognizeCandidate:f2627371-a904-4314-a836-5eb8f54559ec
2019-10-21 19:12:55,171 [grpc-default-executor-0] INFO  impl.RoleInfo (RoleInfo.java:shutdownFollowerState(121)) - e6a83585-83d0-4616-a3d5-866875ad8a29: shutdown FollowerState
2019-10-21 19:12:55,171 [grpc-default-executor-5] INFO  impl.RoleInfo (RoleInfo.java:shutdownFollowerState(121)) - 1b813ef4-47a4-4bfc-8eb5-c34ae440adb1: shutdown FollowerState
2019-10-21 19:12:55,171 [grpc-default-executor-0] INFO  impl.RoleInfo (RoleInfo.java:updateAndGet(143)) - e6a83585-83d0-4616-a3d5-866875ad8a29: start FollowerState
2019-10-21 19:12:55,171 [Thread-1049] INFO  impl.FollowerState (FollowerState.java:run(117)) - 1b813ef4-47a4-4bfc-8eb5-c34ae440adb1@group-73E40DF2990B-FollowerState was interrupted: java.lang.InterruptedException: sleep interrupted
2019-10-21 19:12:55,171 [grpc-default-executor-5] INFO  impl.RoleInfo (RoleInfo.java:updateAndGet(143)) - 1b813ef4-47a4-4bfc-8eb5-c34ae440adb1: start FollowerState
2019-10-21 19:12:55,171 [Thread-1048] INFO  impl.FollowerState (FollowerState.java:run(117)) - e6a83585-83d0-4616-a3d5-866875ad8a29@group-73E40DF2990B-FollowerState was interrupted: java.lang.InterruptedException: sleep interrupted
2019-10-21 19:12:55,187 [f2627371-a904-4314-a836-5eb8f54559ec@group-73E40DF2990B-LeaderElection125] INFO  impl.LeaderElection (LeaderElection.java:logAndReturn(56)) - f2627371-a904-4314-a836-5eb8f54559ec@group-73E40DF2990B-LeaderElection125: Election REJECTED; received 2 response(s) [f2627371-a904-4314-a836-5eb8f54559ec<-e6a83585-83d0-4616-a3d5-866875ad8a29#0:FAIL-t136, f2627371-a904-4314-a836-5eb8f54559ec<-1b813ef4-47a4-4bfc-8eb5-c34ae440adb1#0:FAIL-t136] and 0 exception(s); f2627371-a904-4314-a836-5eb8f54559ec@group-73E40DF2990B:t136, leader=null, voted=f2627371-a904-4314-a836-5eb8f54559ec, raftlog=f2627371-a904-4314-a836-5eb8f54559ec@group-73E40DF2990B-SegmentedRaftLog:OPENED:c-1,f-1,i0, conf=-1: [e6a83585-83d0-4616-a3d5-866875ad8a29:192.168.34.32:46159, f2627371-a904-4314-a836-5eb8f54559ec:192.168.34.32:33224, 1b813ef4-47a4-4bfc-8eb5-c34ae440adb1:192.168.34.32:36113], old=null
2019-10-21 19:12:55,187 [f2627371-a904-4314-a836-5eb8f54559ec@group-73E40DF2990B-LeaderElection125] INFO  impl.RaftServerImpl (RaftServerImpl.java:setRole(184)) - f2627371-a904-4314-a836-5eb8f54559ec@group-73E40DF2990B: changes role from CANDIDATE to FOLLOWER at term 136 for DISCOVERED_A_NEW_TERM
2019-10-21 19:12:55,187 [f2627371-a904-4314-a836-5eb8f54559ec@group-73E40DF2990B-LeaderElection125] INFO  impl.RoleInfo (RoleInfo.java:shutdownLeaderElection(134)) - f2627371-a904-4314-a836-5eb8f54559ec: shutdown LeaderElection
2019-10-21 19:12:55,187 [f2627371-a904-4314-a836-5eb8f54559ec@group-73E40DF2990B-LeaderElection125] INFO  impl.RoleInfo (RoleInfo.java:updateAndGet(143)) - f2627371-a904-4314-a836-5eb8f54559ec: start FollowerState
2019-10-21 19:12:55,297 [Thread-1056] INFO  impl.FollowerState (FollowerState.java:run(108)) - f2627371-a904-4314-a836-5eb8f54559ec@group-73E40DF2990B-FollowerState: change to CANDIDATE, lastRpcTime:109ms, electionTimeout:109ms
2019-10-21 19:12:55,297 [Thread-1056] INFO  impl.RoleInfo (RoleInfo.java:shutdownFollowerState(121)) - f2627371-a904-4314-a836-5eb8f54559ec: shutdown FollowerState
2019-10-21 19:12:55,297 [Thread-1056] INFO  impl.RaftServerImpl (RaftServerImpl.java:setRole(184)) - f2627371-a904-4314-a836-5eb8f54559ec@group-73E40DF2990B: changes role from  FOLLOWER to CANDIDATE at term 136 for changeToCandidate
2019-10-21 19:12:55,297 [Thread-1056] INFO  impl.RoleInfo (RoleInfo.java:updateAndGet(143)) - f2627371-a904-4314-a836-5eb8f54559ec: start LeaderElection
2019-10-21 19:12:55,329 [f2627371-a904-4314-a836-5eb8f54559ec@group-73E40DF2990B-LeaderElection126] INFO  impl.LeaderElection (LeaderElection.java:askForVotes(178)) - f2627371-a904-4314-a836-5eb8f54559ec@group-73E40DF2990B-LeaderElection126: begin an election at term 137 for -1: [e6a83585-83d0-4616-a3d5-866875ad8a29:192.168.34.32:46159, f2627371-a904-4314-a836-5eb8f54559ec:192.168.34.32:33224, 1b813ef4-47a4-4bfc-8eb5-c34ae440adb1:192.168.34.32:36113], old=null
2019-10-21 19:12:55,332 [grpc-default-executor-5] INFO  impl.RaftServerImpl (RaftServerImpl.java:setRole(184)) - e6a83585-83d0-4616-a3d5-866875ad8a29@group-73E40DF2990B: changes role from  FOLLOWER to FOLLOWER at term 137 for recognizeCandidate:f2627371-a904-4314-a836-5eb8f54559ec
2019-10-21 19:12:55,332 [grpc-default-executor-5] INFO  impl.RoleInfo (RoleInfo.java:shutdownFollowerState(121)) - e6a83585-83d0-4616-a3d5-866875ad8a29: shutdown FollowerState
2019-10-21 19:12:55,332 [grpc-default-executor-0] INFO  impl.RaftServerImpl (RaftServerImpl.java:setRole(184)) - 1b813ef4-47a4-4bfc-8eb5-c34ae440adb1@group-73E40DF2990B: changes role from  FOLLOWER to FOLLOWER at term 137 for recognizeCandidate:f2627371-a904-4314-a836-5eb8f54559ec
2019-10-21 19:12:55,332 [Thread-1054] INFO  impl.FollowerState (FollowerState.java:run(117)) - e6a83585-83d0-4616-a3d5-866875ad8a29@group-73E40DF2990B-FollowerState was interrupted: java.lang.InterruptedException: sleep interrupted
2019-10-21 19:12:55,332 [grpc-default-executor-5] INFO  impl.RoleInfo (RoleInfo.java:updateAndGet(143)) - e6a83585-83d0-4616-a3d5-866875ad8a29: start FollowerState
2019-10-21 19:12:55,332 [grpc-default-executor-0] INFO  impl.RoleInfo (RoleInfo.java:shutdownFollowerState(121)) - 1b813ef4-47a4-4bfc-8eb5-c34ae440adb1: shutdown FollowerState
2019-10-21 19:12:55,333 [grpc-default-executor-0] INFO  impl.RoleInfo (RoleInfo.java:updateAndGet(143)) - 1b813ef4-47a4-4bfc-8eb5-c34ae440adb1: start FollowerState
2019-10-21 19:12:55,333 [Thread-1055] INFO  impl.FollowerState (FollowerState.java:run(117)) - 1b813ef4-47a4-4bfc-8eb5-c34ae440adb1@group-73E40DF2990B-FollowerState was interrupted: java.lang.InterruptedException: sleep interrupted
2019-10-21 19:12:55,349 [f2627371-a904-4314-a836-5eb8f54559ec@group-73E40DF2990B-LeaderElection126] INFO  impl.LeaderElection (LeaderElection.java:logAndReturn(56)) - f2627371-a904-4314-a836-5eb8f54559ec@group-73E40DF2990B-LeaderElection126: Election REJECTED; received 2 response(s) [f2627371-a904-4314-a836-5eb8f54559ec<-e6a83585-83d0-4616-a3d5-866875ad8a29#0:FAIL-t137, f2627371-a904-4314-a836-5eb8f54559ec<-1b813ef4-47a4-4bfc-8eb5-c34ae440adb1#0:FAIL-t137] and 0 exception(s); f2627371-a904-4314-a836-5eb8f54559ec@group-73E40DF2990B:t137, leader=null, voted=f2627371-a904-4314-a836-5eb8f54559ec, raftlog=f2627371-a904-4314-a836-5eb8f54559ec@group-73E40DF2990B-SegmentedRaftLog:OPENED:c-1,f-1,i0, conf=-1: [e6a83585-83d0-4616-a3d5-866875ad8a29:192.168.34.32:46159, f2627371-a904-4314-a836-5eb8f54559ec:192.168.34.32:33224, 1b813ef4-47a4-4bfc-8eb5-c34ae440adb1:192.168.34.32:36113], old=null
2019-10-21 19:12:55,349 [f2627371-a904-4314-a836-5eb8f54559ec@group-73E40DF2990B-LeaderElection126] INFO  impl.RaftServerImpl (RaftServerImpl.java:setRole(184)) - f2627371-a904-4314-a836-5eb8f54559ec@group-73E40DF2990B: changes role from CANDIDATE to FOLLOWER at term 137 for DISCOVERED_A_NEW_TERM
2019-10-21 19:12:55,349 [f2627371-a904-4314-a836-5eb8f54559ec@group-73E40DF2990B-LeaderElection126] INFO  impl.RoleInfo (RoleInfo.java:shutdownLeaderElection(134)) - f2627371-a904-4314-a836-5eb8f54559ec: shutdown LeaderElection
2019-10-21 19:12:55,350 [f2627371-a904-4314-a836-5eb8f54559ec@group-73E40DF2990B-LeaderElection126] INFO  impl.RoleInfo (RoleInfo.java:updateAndGet(143)) - f2627371-a904-4314-a836-5eb8f54559ec: start FollowerState
2019-10-21 19:12:55,462 [Thread-1064] INFO  impl.FollowerState (FollowerState.java:run(108)) - f2627371-a904-4314-a836-5eb8f54559ec@group-73E40DF2990B-FollowerState: change to CANDIDATE, lastRpcTime:112ms, electionTimeout:112ms
2019-10-21 19:12:55,462 [Thread-1064] INFO  impl.RoleInfo (RoleInfo.java:shutdownFollowerState(121)) - f2627371-a904-4314-a836-5eb8f54559ec: shutdown FollowerState
2019-10-21 19:12:55,463 [Thread-1064] INFO  impl.RaftServerImpl (RaftServerImpl.java:setRole(184)) - f2627371-a904-4314-a836-5eb8f54559ec@group-73E40DF2990B: changes role from  FOLLOWER to CANDIDATE at term 137 for changeToCandidate
2019-10-21 19:12:55,463 [Thread-1064] INFO  impl.RoleInfo (RoleInfo.java:updateAndGet(143)) - f2627371-a904-4314-a836-5eb8f54559ec: start LeaderElection
2019-10-21 19:12:55,478 [f2627371-a904-4314-a836-5eb8f54559ec@group-73E40DF2990B-LeaderElection127] INFO  impl.LeaderElection (LeaderElection.java:askForVotes(178)) - f2627371-a904-4314-a836-5eb8f54559ec@group-73E40DF2990B-LeaderElection127: begin an election at term 138 for -1: [e6a83585-83d0-4616-a3d5-866875ad8a29:192.168.34.32:46159, f2627371-a904-4314-a836-5eb8f54559ec:192.168.34.32:33224, 1b813ef4-47a4-4bfc-8eb5-c34ae440adb1:192.168.34.32:36113], old=null
2019-10-21 19:12:55,481 [grpc-default-executor-5] INFO  impl.RaftServerImpl (RaftServerImpl.java:setRole(184)) - e6a83585-83d0-4616-a3d5-866875ad8a29@group-73E40DF2990B: changes role from  FOLLOWER to FOLLOWER at term 138 for recognizeCandidate:f2627371-a904-4314-a836-5eb8f54559ec
2019-10-21 19:12:55,481 [grpc-default-executor-0] INFO  impl.RaftServerImpl (RaftServerImpl.java:setRole(184)) - 1b813ef4-47a4-4bfc-8eb5-c34ae440adb1@group-73E40DF2990B: changes role from  FOLLOWER to FOLLOWER at term 138 for recognizeCandidate:f2627371-a904-4314-a836-5eb8f54559ec
2019-10-21 19:12:55,481 [grpc-default-executor-5] INFO  impl.RoleInfo (RoleInfo.java:shutdownFollowerState(121)) - e6a83585-83d0-4616-a3d5-866875ad8a29: shutdown FollowerState
2019-10-21 19:12:55,481 [grpc-default-executor-0] INFO  impl.RoleInfo (RoleInfo.java:shutdownFollowerState(121)) - 1b813ef4-47a4-4bfc-8eb5-c34ae440adb1: shutdown FollowerState
2019-10-21 19:12:55,482 [grpc-default-executor-5] INFO  impl.RoleInfo (RoleInfo.java:updateAndGet(143)) - e6a83585-83d0-4616-a3d5-866875ad8a29: start FollowerState
2019-10-21 19:12:55,482 [grpc-default-executor-0] INFO  impl.RoleInfo (RoleInfo.java:updateAndGet(143)) - 1b813ef4-47a4-4bfc-8eb5-c34ae440adb1: start FollowerState
2019-10-21 19:12:55,482 [Thread-1062] INFO  impl.FollowerState (FollowerState.java:run(117)) - e6a83585-83d0-4616-a3d5-866875ad8a29@group-73E40DF2990B-FollowerState was interrupted: java.lang.InterruptedException: sleep interrupted
2019-10-21 19:12:55,482 [Thread-1063] INFO  impl.FollowerState (FollowerState.java:run(117)) - 1b813ef4-47a4-4bfc-8eb5-c34ae440adb1@group-73E40DF2990B-FollowerState was interrupted: java.lang.InterruptedException: sleep interrupted
2019-10-21 19:12:55,497 [f2627371-a904-4314-a836-5eb8f54559ec@group-73E40DF2990B-LeaderElection127] INFO  impl.LeaderElection (LeaderElection.java:logAndReturn(56)) - f2627371-a904-4314-a836-5eb8f54559ec@group-73E40DF2990B-LeaderElection127: Election REJECTED; received 2 response(s) [f2627371-a904-4314-a836-5eb8f54559ec<-e6a83585-83d0-4616-a3d5-866875ad8a29#0:FAIL-t138, f2627371-a904-4314-a836-5eb8f54559ec<-1b813ef4-47a4-4bfc-8eb5-c34ae440adb1#0:FAIL-t138] and 0 exception(s); f2627371-a904-4314-a836-5eb8f54559ec@group-73E40DF2990B:t138, leader=null, voted=f2627371-a904-4314-a836-5eb8f54559ec, raftlog=f2627371-a904-4314-a836-5eb8f54559ec@group-73E40DF2990B-SegmentedRaftLog:OPENED:c-1,f-1,i0, conf=-1: [e6a83585-83d0-4616-a3d5-866875ad8a29:192.168.34.32:46159, f2627371-a904-4314-a836-5eb8f54559ec:192.168.34.32:33224, 1b813ef4-47a4-4bfc-8eb5-c34ae440adb1:192.168.34.32:36113], old=null
2019-10-21 19:12:55,497 [f2627371-a904-4314-a836-5eb8f54559ec@group-73E40DF2990B-LeaderElection127] INFO  impl.RaftServerImpl (RaftServerImpl.java:setRole(184)) - f2627371-a904-4314-a836-5eb8f54559ec@group-73E40DF2990B: changes role from CANDIDATE to FOLLOWER at term 138 for DISCOVERED_A_NEW_TERM
2019-10-21 19:12:55,497 [f2627371-a904-4314-a836-5eb8f54559ec@group-73E40DF2990B-LeaderElection127] INFO  impl.RoleInfo (RoleInfo.java:shutdownLeaderElection(134)) - f2627371-a904-4314-a836-5eb8f54559ec: shutdown LeaderElection
2019-10-21 19:12:55,498 [f2627371-a904-4314-a836-5eb8f54559ec@group-73E40DF2990B-LeaderElection127] INFO  impl.RoleInfo (RoleInfo.java:updateAndGet(143)) - f2627371-a904-4314-a836-5eb8f54559ec: start FollowerState
2019-10-21 19:12:55,524 [Thread-1070] INFO  impl.FollowerState (FollowerState.java:run(108)) - f2627371-a904-4314-a836-5eb8f54559ec@group-73E40DF2990B-FollowerState: change to CANDIDATE, lastRpcTime:26ms, electionTimeout:26ms
2019-10-21 19:12:55,524 [Thread-1070] INFO  impl.RoleInfo (RoleInfo.java:shutdownFollowerState(121)) - f2627371-a904-4314-a836-5eb8f54559ec: shutdown FollowerState
2019-10-21 19:12:55,524 [Thread-1070] INFO  impl.RaftServerImpl (RaftServerImpl.java:setRole(184)) - f2627371-a904-4314-a836-5eb8f54559ec@group-73E40DF2990B: changes role from  FOLLOWER to CANDIDATE at term 138 for changeToCandidate
2019-10-21 19:12:55,524 [Thread-1070] INFO  impl.RoleInfo (RoleInfo.java:updateAndGet(143)) - f2627371-a904-4314-a836-5eb8f54559ec: start LeaderElection
2019-10-21 19:12:55,534 [f2627371-a904-4314-a836-5eb8f54559ec@group-73E40DF2990B-LeaderElection128] INFO  impl.LeaderElection (LeaderElection.java:askForVotes(178)) - f2627371-a904-4314-a836-5eb8f54559ec@group-73E40DF2990B-LeaderElection128: begin an election at term 139 for -1: [e6a83585-83d0-4616-a3d5-866875ad8a29:192.168.34.32:46159, f2627371-a904-4314-a836-5eb8f54559ec:192.168.34.32:33224, 1b813ef4-47a4-4bfc-8eb5-c34ae440adb1:192.168.34.32:36113], old=null
2019-10-21 19:12:55,537 [grpc-default-executor-5] INFO  impl.RaftServerImpl (RaftServerImpl.java:setRole(184)) - 1b813ef4-47a4-4bfc-8eb5-c34ae440adb1@group-73E40DF2990B: changes role from  FOLLOWER to FOLLOWER at term 139 for recognizeCandidate:f2627371-a904-4314-a836-5eb8f54559ec
2019-10-21 19:12:55,537 [grpc-default-executor-5] INFO  impl.RoleInfo (RoleInfo.java:shutdownFollowerState(121)) - 1b813ef4-47a4-4bfc-8eb5-c34ae440adb1: shutdown FollowerState
2019-10-21 19:12:55,537 [grpc-default-executor-0] INFO  impl.RaftServerImpl (RaftServerImpl.java:setRole(184)) - e6a83585-83d0-4616-a3d5-866875ad8a29@group-73E40DF2990B: changes role from  FOLLOWER to FOLLOWER at term 139 for recognizeCandidate:f2627371-a904-4314-a836-5eb8f54559ec
2019-10-21 19:12:55,537 [Thread-1069] INFO  impl.FollowerState (FollowerState.java:run(117)) - 1b813ef4-47a4-4bfc-8eb5-c34ae440adb1@group-73E40DF2990B-FollowerState was interrupted: java.lang.InterruptedException: sleep interrupted
2019-10-21 19:12:55,537 [grpc-default-executor-5] INFO  impl.RoleInfo (RoleInfo.java:updateAndGet(143)) - 1b813ef4-47a4-4bfc-8eb5-c34ae440adb1: start FollowerState
2019-10-21 19:12:55,537 [grpc-default-executor-0] INFO  impl.RoleInfo (RoleInfo.java:shutdownFollowerState(121)) - e6a83585-83d0-4616-a3d5-866875ad8a29: shutdown FollowerState
2019-10-21 19:12:55,538 [grpc-default-executor-0] INFO  impl.RoleInfo (RoleInfo.java:updateAndGet(143)) - e6a83585-83d0-4616-a3d5-866875ad8a29: start FollowerState
2019-10-21 19:12:55,538 [Thread-1068] INFO  impl.FollowerState (FollowerState.java:run(117)) - e6a83585-83d0-4616-a3d5-866875ad8a29@group-73E40DF2990B-FollowerState was interrupted: java.lang.InterruptedException: sleep interrupted
2019-10-21 19:12:55,553 [f2627371-a904-4314-a836-5eb8f54559ec@group-73E40DF2990B-LeaderElection128] INFO  impl.LeaderElection (LeaderElection.java:logAndReturn(56)) - f2627371-a904-4314-a836-5eb8f54559ec@group-73E40DF2990B-LeaderElection128: Election REJECTED; received 2 response(s) [f2627371-a904-4314-a836-5eb8f54559ec<-e6a83585-83d0-4616-a3d5-866875ad8a29#0:FAIL-t139, f2627371-a904-4314-a836-5eb8f54559ec<-1b813ef4-47a4-4bfc-8eb5-c34ae440adb1#0:FAIL-t139] and 0 exception(s); f2627371-a904-4314-a836-5eb8f54559ec@group-73E40DF2990B:t139, leader=null, voted=f2627371-a904-4314-a836-5eb8f54559ec, raftlog=f2627371-a904-4314-a836-5eb8f54559ec@group-73E40DF2990B-SegmentedRaftLog:OPENED:c-1,f-1,i0, conf=-1: [e6a83585-83d0-4616-a3d5-866875ad8a29:192.168.34.32:46159, f2627371-a904-4314-a836-5eb8f54559ec:192.168.34.32:33224, 1b813ef4-47a4-4bfc-8eb5-c34ae440adb1:192.168.34.32:36113], old=null
2019-10-21 19:12:55,553 [f2627371-a904-4314-a836-5eb8f54559ec@group-73E40DF2990B-LeaderElection128] INFO  impl.RaftServerImpl (RaftServerImpl.java:setRole(184)) - f2627371-a904-4314-a836-5eb8f54559ec@group-73E40DF2990B: changes role from CANDIDATE to FOLLOWER at term 139 for DISCOVERED_A_NEW_TERM
2019-10-21 19:12:55,553 [f2627371-a904-4314-a836-5eb8f54559ec@group-73E40DF2990B-LeaderElection128] INFO  impl.RoleInfo (RoleInfo.java:shutdownLeaderElection(134)) - f2627371-a904-4314-a836-5eb8f54559ec: shutdown LeaderElection
2019-10-21 19:12:55,553 [f2627371-a904-4314-a836-5eb8f54559ec@group-73E40DF2990B-LeaderElection128] INFO  impl.RoleInfo (RoleInfo.java:updateAndGet(143)) - f2627371-a904-4314-a836-5eb8f54559ec: start FollowerState
2019-10-21 19:12:55,737 [Thread-1076] INFO  impl.FollowerState (FollowerState.java:run(108)) - f2627371-a904-4314-a836-5eb8f54559ec@group-73E40DF2990B-FollowerState: change to CANDIDATE, lastRpcTime:183ms, electionTimeout:183ms
2019-10-21 19:12:55,737 [Thread-1076] INFO  impl.RoleInfo (RoleInfo.java:shutdownFollowerState(121)) - f2627371-a904-4314-a836-5eb8f54559ec: shutdown FollowerState
2019-10-21 19:12:55,737 [Thread-1076] INFO  impl.RaftServerImpl (RaftServerImpl.java:setRole(184)) - f2627371-a904-4314-a836-5eb8f54559ec@group-73E40DF2990B: changes role from  FOLLOWER to CANDIDATE at term 139 for changeToCandidate
2019-10-21 19:12:55,737 [Thread-1076] INFO  impl.RoleInfo (RoleInfo.java:updateAndGet(143)) - f2627371-a904-4314-a836-5eb8f54559ec: start LeaderElection
2019-10-21 19:12:55,779 [f2627371-a904-4314-a836-5eb8f54559ec@group-73E40DF2990B-LeaderElection129] INFO  impl.LeaderElection (LeaderElection.java:askForVotes(178)) - f2627371-a904-4314-a836-5eb8f54559ec@group-73E40DF2990B-LeaderElection129: begin an election at term 140 for -1: [e6a83585-83d0-4616-a3d5-866875ad8a29:192.168.34.32:46159, f2627371-a904-4314-a836-5eb8f54559ec:192.168.34.32:33224, 1b813ef4-47a4-4bfc-8eb5-c34ae440adb1:192.168.34.32:36113], old=null
2019-10-21 19:12:55,782 [grpc-default-executor-0] INFO  impl.RaftServerImpl (RaftServerImpl.java:setRole(184)) - e6a83585-83d0-4616-a3d5-866875ad8a29@group-73E40DF2990B: changes role from  FOLLOWER to FOLLOWER at term 140 for recognizeCandidate:f2627371-a904-4314-a836-5eb8f54559ec
2019-10-21 19:12:55,782 [grpc-default-executor-5] INFO  impl.RaftServerImpl (RaftServerImpl.java:setRole(184)) - 1b813ef4-47a4-4bfc-8eb5-c34ae440adb1@group-73E40DF2990B: changes role from  FOLLOWER to FOLLOWER at term 140 for recognizeCandidate:f2627371-a904-4314-a836-5eb8f54559ec
2019-10-21 19:12:55,782 [grpc-default-executor-0] INFO  impl.RoleInfo (RoleInfo.java:shutdownFollowerState(121)) - e6a83585-83d0-4616-a3d5-866875ad8a29: shutdown FollowerState
2019-10-21 19:12:55,782 [grpc-default-executor-5] INFO  impl.RoleInfo (RoleInfo.java:shutdownFollowerState(121)) - 1b813ef4-47a4-4bfc-8eb5-c34ae440adb1: shutdown FollowerState
2019-10-21 19:12:55,783 [grpc-default-executor-0] INFO  impl.RoleInfo (RoleInfo.java:updateAndGet(143)) - e6a83585-83d0-4616-a3d5-866875ad8a29: start FollowerState
2019-10-21 19:12:55,783 [Thread-1074] INFO  impl.FollowerState (FollowerState.java:run(117)) - 1b813ef4-47a4-4bfc-8eb5-c34ae440adb1@group-73E40DF2990B-FollowerState was interrupted: java.lang.InterruptedException: sleep interrupted
2019-10-21 19:12:55,783 [grpc-default-executor-5] INFO  impl.RoleInfo (RoleInfo.java:updateAndGet(143)) - 1b813ef4-47a4-4bfc-8eb5-c34ae440adb1: start FollowerState
2019-10-21 19:12:55,783 [Thread-1075] INFO  impl.FollowerState (FollowerState.java:run(117)) - e6a83585-83d0-4616-a3d5-866875ad8a29@group-73E40DF2990B-FollowerState was interrupted: java.lang.InterruptedException: sleep interrupted
2019-10-21 19:12:55,796 [f2627371-a904-4314-a836-5eb8f54559ec@group-73E40DF2990B-LeaderElection129] INFO  impl.LeaderElection (LeaderElection.java:logAndReturn(56)) - f2627371-a904-4314-a836-5eb8f54559ec@group-73E40DF2990B-LeaderElection129: Election REJECTED; received 2 response(s) [f2627371-a904-4314-a836-5eb8f54559ec<-e6a83585-83d0-4616-a3d5-866875ad8a29#0:FAIL-t140, f2627371-a904-4314-a836-5eb8f54559ec<-1b813ef4-47a4-4bfc-8eb5-c34ae440adb1#0:FAIL-t140] and 0 exception(s); f2627371-a904-4314-a836-5eb8f54559ec@group-73E40DF2990B:t140, leader=null, voted=f2627371-a904-4314-a836-5eb8f54559ec, raftlog=f2627371-a904-4314-a836-5eb8f54559ec@group-73E40DF2990B-SegmentedRaftLog:OPENED:c-1,f-1,i0, conf=-1: [e6a83585-83d0-4616-a3d5-866875ad8a29:192.168.34.32:46159, f2627371-a904-4314-a836-5eb8f54559ec:192.168.34.32:33224, 1b813ef4-47a4-4bfc-8eb5-c34ae440adb1:192.168.34.32:36113], old=null
2019-10-21 19:12:55,796 [f2627371-a904-4314-a836-5eb8f54559ec@group-73E40DF2990B-LeaderElection129] INFO  impl.RaftServerImpl (RaftServerImpl.java:setRole(184)) - f2627371-a904-4314-a836-5eb8f54559ec@group-73E40DF2990B: changes role from CANDIDATE to FOLLOWER at term 140 for DISCOVERED_A_NEW_TERM
2019-10-21 19:12:55,796 [f2627371-a904-4314-a836-5eb8f54559ec@group-73E40DF2990B-LeaderElection129] INFO  impl.RoleInfo (RoleInfo.java:shutdownLeaderElection(134)) - f2627371-a904-4314-a836-5eb8f54559ec: shutdown LeaderElection
2019-10-21 19:12:55,796 [f2627371-a904-4314-a836-5eb8f54559ec@group-73E40DF2990B-LeaderElection129] INFO  impl.RoleInfo (RoleInfo.java:updateAndGet(143)) - f2627371-a904-4314-a836-5eb8f54559ec: start FollowerState
2019-10-21 19:12:55,934 [Thread-1082] INFO  impl.FollowerState (FollowerState.java:run(108)) - f2627371-a904-4314-a836-5eb8f54559ec@group-73E40DF2990B-FollowerState: change to CANDIDATE, lastRpcTime:137ms, electionTimeout:137ms
2019-10-21 19:12:55,934 [Thread-1082] INFO  impl.RoleInfo (RoleInfo.java:shutdownFollowerState(121)) - f2627371-a904-4314-a836-5eb8f54559ec: shutdown FollowerState
2019-10-21 19:12:55,934 [Thread-1082] INFO  impl.RaftServerImpl (RaftServerImpl.java:setRole(184)) - f2627371-a904-4314-a836-5eb8f54559ec@group-73E40DF2990B: changes role from  FOLLOWER to CANDIDATE at term 140 for changeToCandidate
2019-10-21 19:12:55,934 [Thread-1082] INFO  impl.RoleInfo (RoleInfo.java:updateAndGet(143)) - f2627371-a904-4314-a836-5eb8f54559ec: start LeaderElection
2019-10-21 19:12:55,976 [f2627371-a904-4314-a836-5eb8f54559ec@group-73E40DF2990B-LeaderElection130] INFO  impl.LeaderElection (LeaderElection.java:askForVotes(178)) - f2627371-a904-4314-a836-5eb8f54559ec@group-73E40DF2990B-LeaderElection130: begin an election at term 141 for -1: [e6a83585-83d0-4616-a3d5-866875ad8a29:192.168.34.32:46159, f2627371-a904-4314-a836-5eb8f54559ec:192.168.34.32:33224, 1b813ef4-47a4-4bfc-8eb5-c34ae440adb1:192.168.34.32:36113], old=null
2019-10-21 19:12:55,978 [grpc-default-executor-5] INFO  impl.RaftServerImpl (RaftServerImpl.java:setRole(184)) - 1b813ef4-47a4-4bfc-8eb5-c34ae440adb1@group-73E40DF2990B: changes role from  FOLLOWER to FOLLOWER at term 141 for recognizeCandidate:f2627371-a904-4314-a836-5eb8f54559ec
2019-10-21 19:12:55,978 [grpc-default-executor-0] INFO  impl.RaftServerImpl (RaftServerImpl.java:setRole(184)) - e6a83585-83d0-4616-a3d5-866875ad8a29@group-73E40DF2990B: changes role from  FOLLOWER to FOLLOWER at term 141 for recognizeCandidate:f2627371-a904-4314-a836-5eb8f54559ec
2019-10-21 19:12:55,979 [grpc-default-executor-5] INFO  impl.RoleInfo (RoleInfo.java:shutdownFollowerState(121)) - 1b813ef4-47a4-4bfc-8eb5-c34ae440adb1: shutdown FollowerState
2019-10-21 19:12:55,979 [grpc-default-executor-0] INFO  impl.RoleInfo (RoleInfo.java:shutdownFollowerState(121)) - e6a83585-83d0-4616-a3d5-866875ad8a29: shutdown FollowerState
2019-10-21 19:12:55,979 [grpc-default-executor-5] INFO  impl.RoleInfo (RoleInfo.java:updateAndGet(143)) - 1b813ef4-47a4-4bfc-8eb5-c34ae440adb1: start FollowerState
2019-10-21 19:12:55,979 [Thread-1080] INFO  impl.FollowerState (FollowerState.java:run(117)) - e6a83585-83d0-4616-a3d5-866875ad8a29@group-73E40DF2990B-FollowerState was interrupted: java.lang.InterruptedException: sleep interrupted
2019-10-21 19:12:55,979 [grpc-default-executor-0] INFO  impl.RoleInfo (RoleInfo.java:updateAndGet(143)) - e6a83585-83d0-4616-a3d5-866875ad8a29: start FollowerState
2019-10-21 19:12:55,979 [Thread-1081] INFO  impl.FollowerState (FollowerState.java:run(117)) - 1b813ef4-47a4-4bfc-8eb5-c34ae440adb1@group-73E40DF2990B-FollowerState was interrupted: java.lang.InterruptedException: sleep interrupted
2019-10-21 19:12:55,995 [f2627371-a904-4314-a836-5eb8f54559ec@group-73E40DF2990B-LeaderElection130] INFO  impl.LeaderElection (LeaderElection.java:logAndReturn(56)) - f2627371-a904-4314-a836-5eb8f54559ec@group-73E40DF2990B-LeaderElection130: Election REJECTED; received 2 response(s) [f2627371-a904-4314-a836-5eb8f54559ec<-e6a83585-83d0-4616-a3d5-866875ad8a29#0:FAIL-t141, f2627371-a904-4314-a836-5eb8f54559ec<-1b813ef4-47a4-4bfc-8eb5-c34ae440adb1#0:FAIL-t141] and 0 exception(s); f2627371-a904-4314-a836-5eb8f54559ec@group-73E40DF2990B:t141, leader=null, voted=f2627371-a904-4314-a836-5eb8f54559ec, raftlog=f2627371-a904-4314-a836-5eb8f54559ec@group-73E40DF2990B-SegmentedRaftLog:OPENED:c-1,f-1,i0, conf=-1: [e6a83585-83d0-4616-a3d5-866875ad8a29:192.168.34.32:46159, f2627371-a904-4314-a836-5eb8f54559ec:192.168.34.32:33224, 1b813ef4-47a4-4bfc-8eb5-c34ae440adb1:192.168.34.32:36113], old=null
2019-10-21 19:12:55,996 [f2627371-a904-4314-a836-5eb8f54559ec@group-73E40DF2990B-LeaderElection130] INFO  impl.RaftServerImpl (RaftServerImpl.java:setRole(184)) - f2627371-a904-4314-a836-5eb8f54559ec@group-73E40DF2990B: changes role from CANDIDATE to FOLLOWER at term 141 for DISCOVERED_A_NEW_TERM
2019-10-21 19:12:55,996 [f2627371-a904-4314-a836-5eb8f54559ec@group-73E40DF2990B-LeaderElection130] INFO  impl.RoleInfo (RoleInfo.java:shutdownLeaderElection(134)) - f2627371-a904-4314-a836-5eb8f54559ec: shutdown LeaderElection
2019-10-21 19:12:55,996 [f2627371-a904-4314-a836-5eb8f54559ec@group-73E40DF2990B-LeaderElection130] INFO  impl.RoleInfo (RoleInfo.java:updateAndGet(143)) - f2627371-a904-4314-a836-5eb8f54559ec: start FollowerState
2019-10-21 19:12:56,196 [Thread-1088] INFO  impl.FollowerState (FollowerState.java:run(108)) - f2627371-a904-4314-a836-5eb8f54559ec@group-73E40DF2990B-FollowerState: change to CANDIDATE, lastRpcTime:200ms, electionTimeout:200ms
2019-10-21 19:12:56,197 [Thread-1088] INFO  impl.RoleInfo (RoleInfo.java:shutdownFollowerState(121)) - f2627371-a904-4314-a836-5eb8f54559ec: shutdown FollowerState
2019-10-21 19:12:56,197 [Thread-1088] INFO  impl.RaftServerImpl (RaftServerImpl.java:setRole(184)) - f2627371-a904-4314-a836-5eb8f54559ec@group-73E40DF2990B: changes role from  FOLLOWER to CANDIDATE at term 141 for changeToCandidate
2019-10-21 19:12:56,197 [Thread-1088] INFO  impl.RoleInfo (RoleInfo.java:updateAndGet(143)) - f2627371-a904-4314-a836-5eb8f54559ec: start LeaderElection
2019-10-21 19:12:56,235 [f2627371-a904-4314-a836-5eb8f54559ec@group-73E40DF2990B-LeaderElection131] INFO  impl.LeaderElection (LeaderElection.java:askForVotes(178)) - f2627371-a904-4314-a836-5eb8f54559ec@group-73E40DF2990B-LeaderElection131: begin an election at term 142 for -1: [e6a83585-83d0-4616-a3d5-866875ad8a29:192.168.34.32:46159, f2627371-a904-4314-a836-5eb8f54559ec:192.168.34.32:33224, 1b813ef4-47a4-4bfc-8eb5-c34ae440adb1:192.168.34.32:36113], old=null
2019-10-21 19:12:56,238 [grpc-default-executor-5] INFO  impl.RaftServerImpl (RaftServerImpl.java:setRole(184)) - e6a83585-83d0-4616-a3d5-866875ad8a29@group-73E40DF2990B: changes role from  FOLLOWER to FOLLOWER at term 142 for recognizeCandidate:f2627371-a904-4314-a836-5eb8f54559ec
2019-10-21 19:12:56,238 [grpc-default-executor-5] INFO  impl.RoleInfo (RoleInfo.java:shutdownFollowerState(121)) - e6a83585-83d0-4616-a3d5-866875ad8a29: shutdown FollowerState
2019-10-21 19:12:56,238 [grpc-default-executor-5] INFO  impl.RoleInfo (RoleInfo.java:updateAndGet(143)) - e6a83585-83d0-4616-a3d5-866875ad8a29: start FollowerState
2019-10-21 19:12:56,238 [Thread-1087] INFO  impl.FollowerState (FollowerState.java:run(117)) - e6a83585-83d0-4616-a3d5-866875ad8a29@group-73E40DF2990B-FollowerState was interrupted: java.lang.InterruptedException: sleep interrupted
2019-10-21 19:12:56,238 [grpc-default-executor-0] INFO  impl.RaftServerImpl (RaftServerImpl.java:setRole(184)) - 1b813ef4-47a4-4bfc-8eb5-c34ae440adb1@group-73E40DF2990B: changes role from  FOLLOWER to FOLLOWER at term 142 for recognizeCandidate:f2627371-a904-4314-a836-5eb8f54559ec
2019-10-21 19:12:56,239 [grpc-default-executor-0] INFO  impl.RoleInfo (RoleInfo.java:shutdownFollowerState(121)) - 1b813ef4-47a4-4bfc-8eb5-c34ae440adb1: shutdown FollowerState
2019-10-21 19:12:56,239 [grpc-default-executor-0] INFO  impl.RoleInfo (RoleInfo.java:updateAndGet(143)) - 1b813ef4-47a4-4bfc-8eb5-c34ae440adb1: start FollowerState
2019-10-21 19:12:56,239 [Thread-1086] INFO  impl.FollowerState (FollowerState.java:run(117)) - 1b813ef4-47a4-4bfc-8eb5-c34ae440adb1@group-73E40DF2990B-FollowerState was interrupted: java.lang.InterruptedException: sleep interrupted
2019-10-21 19:12:56,254 [f2627371-a904-4314-a836-5eb8f54559ec@group-73E40DF2990B-LeaderElection131] INFO  impl.LeaderElection (LeaderElection.java:logAndReturn(56)) - f2627371-a904-4314-a836-5eb8f54559ec@group-73E40DF2990B-LeaderElection131: Election REJECTED; received 2 response(s) [f2627371-a904-4314-a836-5eb8f54559ec<-e6a83585-83d0-4616-a3d5-866875ad8a29#0:FAIL-t142, f2627371-a904-4314-a836-5eb8f54559ec<-1b813ef4-47a4-4bfc-8eb5-c34ae440adb1#0:FAIL-t142] and 0 exception(s); f2627371-a904-4314-a836-5eb8f54559ec@group-73E40DF2990B:t142, leader=null, voted=f2627371-a904-4314-a836-5eb8f54559ec, raftlog=f2627371-a904-4314-a836-5eb8f54559ec@group-73E40DF2990B-SegmentedRaftLog:OPENED:c-1,f-1,i0, conf=-1: [e6a83585-83d0-4616-a3d5-866875ad8a29:192.168.34.32:46159, f2627371-a904-4314-a836-5eb8f54559ec:192.168.34.32:33224, 1b813ef4-47a4-4bfc-8eb5-c34ae440adb1:192.168.34.32:36113], old=null
2019-10-21 19:12:56,255 [f2627371-a904-4314-a836-5eb8f54559ec@group-73E40DF2990B-LeaderElection131] INFO  impl.RaftServerImpl (RaftServerImpl.java:setRole(184)) - f2627371-a904-4314-a836-5eb8f54559ec@group-73E40DF2990B: changes role from CANDIDATE to FOLLOWER at term 142 for DISCOVERED_A_NEW_TERM
2019-10-21 19:12:56,255 [f2627371-a904-4314-a836-5eb8f54559ec@group-73E40DF2990B-LeaderElection131] INFO  impl.RoleInfo (RoleInfo.java:shutdownLeaderElection(134)) - f2627371-a904-4314-a836-5eb8f54559ec: shutdown LeaderElection
2019-10-21 19:12:56,255 [f2627371-a904-4314-a836-5eb8f54559ec@group-73E40DF2990B-LeaderElection131] INFO  impl.RoleInfo (RoleInfo.java:updateAndGet(143)) - f2627371-a904-4314-a836-5eb8f54559ec: start FollowerState
2019-10-21 19:12:56,279 [Thread-1094] INFO  impl.FollowerState (FollowerState.java:run(108)) - f2627371-a904-4314-a836-5eb8f54559ec@group-73E40DF2990B-FollowerState: change to CANDIDATE, lastRpcTime:23ms, electionTimeout:23ms
2019-10-21 19:12:56,279 [Thread-1094] INFO  impl.RoleInfo (RoleInfo.java:shutdownFollowerState(121)) - f2627371-a904-4314-a836-5eb8f54559ec: shutdown FollowerState
2019-10-21 19:12:56,279 [Thread-1094] INFO  impl.RaftServerImpl (RaftServerImpl.java:setRole(184)) - f2627371-a904-4314-a836-5eb8f54559ec@group-73E40DF2990B: changes role from  FOLLOWER to CANDIDATE at term 142 for changeToCandidate
2019-10-21 19:12:56,279 [Thread-1094] INFO  impl.RoleInfo (RoleInfo.java:updateAndGet(143)) - f2627371-a904-4314-a836-5eb8f54559ec: start LeaderElection
2019-10-21 19:12:56,329 [f2627371-a904-4314-a836-5eb8f54559ec@group-73E40DF2990B-LeaderElection132] INFO  impl.LeaderElection (LeaderElection.java:askForVotes(178)) - f2627371-a904-4314-a836-5eb8f54559ec@group-73E40DF2990B-LeaderElection132: begin an election at term 143 for -1: [e6a83585-83d0-4616-a3d5-866875ad8a29:192.168.34.32:46159, f2627371-a904-4314-a836-5eb8f54559ec:192.168.34.32:33224, 1b813ef4-47a4-4bfc-8eb5-c34ae440adb1:192.168.34.32:36113], old=null
2019-10-21 19:12:56,331 [grpc-default-executor-5] INFO  impl.RaftServerImpl (RaftServerImpl.java:setRole(184)) - e6a83585-83d0-4616-a3d5-866875ad8a29@group-73E40DF2990B: changes role from  FOLLOWER to FOLLOWER at term 143 for recognizeCandidate:f2627371-a904-4314-a836-5eb8f54559ec
2019-10-21 19:12:56,332 [grpc-default-executor-5] INFO  impl.RoleInfo (RoleInfo.java:shutdownFollowerState(121)) - e6a83585-83d0-4616-a3d5-866875ad8a29: shutdown FollowerState
2019-10-21 19:12:56,332 [grpc-default-executor-0] INFO  impl.RaftServerImpl (RaftServerImpl.java:setRole(184)) - 1b813ef4-47a4-4bfc-8eb5-c34ae440adb1@group-73E40DF2990B: changes role from  FOLLOWER to FOLLOWER at term 143 for recognizeCandidate:f2627371-a904-4314-a836-5eb8f54559ec
2019-10-21 19:12:56,332 [Thread-1092] INFO  impl.FollowerState (FollowerState.java:run(117)) - e6a83585-83d0-4616-a3d5-866875ad8a29@group-73E40DF2990B-FollowerState was interrupted: java.lang.InterruptedException: sleep interrupted
2019-10-21 19:12:56,332 [grpc-default-executor-5] INFO  impl.RoleInfo (RoleInfo.java:updateAndGet(143)) - e6a83585-83d0-4616-a3d5-866875ad8a29: start FollowerState
2019-10-21 19:12:56,332 [grpc-default-executor-0] INFO  impl.RoleInfo (RoleInfo.java:shutdownFollowerState(121)) - 1b813ef4-47a4-4bfc-8eb5-c34ae440adb1: shutdown FollowerState
2019-10-21 19:12:56,333 [grpc-default-executor-0] INFO  impl.RoleInfo (RoleInfo.java:updateAndGet(143)) - 1b813ef4-47a4-4bfc-8eb5-c34ae440adb1: start FollowerState
2019-10-21 19:12:56,333 [Thread-1093] INFO  impl.FollowerState (FollowerState.java:run(117)) - 1b813ef4-47a4-4bfc-8eb5-c34ae440adb1@group-73E40DF2990B-FollowerState was interrupted: java.lang.InterruptedException: sleep interrupted
2019-10-21 19:12:56,353 [f2627371-a904-4314-a836-5eb8f54559ec@group-73E40DF2990B-LeaderElection132] INFO  impl.LeaderElection (LeaderElection.java:logAndReturn(56)) - f2627371-a904-4314-a836-5eb8f54559ec@group-73E40DF2990B-LeaderElection132: Election REJECTED; received 2 response(s) [f2627371-a904-4314-a836-5eb8f54559ec<-e6a83585-83d0-4616-a3d5-866875ad8a29#0:FAIL-t143, f2627371-a904-4314-a836-5eb8f54559ec<-1b813ef4-47a4-4bfc-8eb5-c34ae440adb1#0:FAIL-t143] and 0 exception(s); f2627371-a904-4314-a836-5eb8f54559ec@group-73E40DF2990B:t143, leader=null, voted=f2627371-a904-4314-a836-5eb8f54559ec, raftlog=f2627371-a904-4314-a836-5eb8f54559ec@group-73E40DF2990B-SegmentedRaftLog:OPENED:c-1,f-1,i0, conf=-1: [e6a83585-83d0-4616-a3d5-866875ad8a29:192.168.34.32:46159, f2627371-a904-4314-a836-5eb8f54559ec:192.168.34.32:33224, 1b813ef4-47a4-4bfc-8eb5-c34ae440adb1:192.168.34.32:36113], old=null
2019-10-21 19:12:56,354 [f2627371-a904-4314-a836-5eb8f54559ec@group-73E40DF2990B-LeaderElection132] INFO  impl.RaftServerImpl (RaftServerImpl.java:setRole(184)) - f2627371-a904-4314-a836-5eb8f54559ec@group-73E40DF2990B: changes role from CANDIDATE to FOLLOWER at term 143 for DISCOVERED_A_NEW_TERM
2019-10-21 19:12:56,354 [f2627371-a904-4314-a836-5eb8f54559ec@group-73E40DF2990B-LeaderElection132] INFO  impl.RoleInfo (RoleInfo.java:shutdownLeaderElection(134)) - f2627371-a904-4314-a836-5eb8f54559ec: shutdown LeaderElection
2019-10-21 19:12:56,354 [f2627371-a904-4314-a836-5eb8f54559ec@group-73E40DF2990B-LeaderElection132] INFO  impl.RoleInfo (RoleInfo.java:updateAndGet(143)) - f2627371-a904-4314-a836-5eb8f54559ec: start FollowerState
2019-10-21 19:12:56,492 [Thread-1102] INFO  impl.FollowerState (FollowerState.java:run(108)) - f2627371-a904-4314-a836-5eb8f54559ec@group-73E40DF2990B-FollowerState: change to CANDIDATE, lastRpcTime:138ms, electionTimeout:138ms
2019-10-21 19:12:56,493 [Thread-1102] INFO  impl.RoleInfo (RoleInfo.java:shutdownFollowerState(121)) - f2627371-a904-4314-a836-5eb8f54559ec: shutdown FollowerState
2019-10-21 19:12:56,493 [Thread-1102] INFO  impl.RaftServerImpl (RaftServerImpl.java:setRole(184)) - f2627371-a904-4314-a836-5eb8f54559ec@group-73E40DF2990B: changes role from  FOLLOWER to CANDIDATE at term 143 for changeToCandidate
2019-10-21 19:12:56,493 [Thread-1102] INFO  impl.RoleInfo (RoleInfo.java:updateAndGet(143)) - f2627371-a904-4314-a836-5eb8f54559ec: start LeaderElection
2019-10-21 19:12:56,536 [f2627371-a904-4314-a836-5eb8f54559ec@group-73E40DF2990B-LeaderElection133] INFO  impl.LeaderElection (LeaderElection.java:askForVotes(178)) - f2627371-a904-4314-a836-5eb8f54559ec@group-73E40DF2990B-LeaderElection133: begin an election at term 144 for -1: [e6a83585-83d0-4616-a3d5-866875ad8a29:192.168.34.32:46159, f2627371-a904-4314-a836-5eb8f54559ec:192.168.34.32:33224, 1b813ef4-47a4-4bfc-8eb5-c34ae440adb1:192.168.34.32:36113], old=null
2019-10-21 19:12:56,539 [grpc-default-executor-0] INFO  impl.RaftServerImpl (RaftServerImpl.java:setRole(184)) - e6a83585-83d0-4616-a3d5-866875ad8a29@group-73E40DF2990B: changes role from  FOLLOWER to FOLLOWER at term 144 for recognizeCandidate:f2627371-a904-4314-a836-5eb8f54559ec
2019-10-21 19:12:56,539 [grpc-default-executor-5] INFO  impl.RaftServerImpl (RaftServerImpl.java:setRole(184)) - 1b813ef4-47a4-4bfc-8eb5-c34ae440adb1@group-73E40DF2990B: changes role from  FOLLOWER to FOLLOWER at term 144 for recognizeCandidate:f2627371-a904-4314-a836-5eb8f54559ec
2019-10-21 19:12:56,539 [grpc-default-executor-5] INFO  impl.RoleInfo (RoleInfo.java:shutdownFollowerState(121)) - 1b813ef4-47a4-4bfc-8eb5-c34ae440adb1: shutdown FollowerState
2019-10-21 19:12:56,539 [grpc-default-executor-0] INFO  impl.RoleInfo (RoleInfo.java:shutdownFollowerState(121)) - e6a83585-83d0-4616-a3d5-866875ad8a29: shutdown FollowerState
2019-10-21 19:12:56,539 [grpc-default-executor-5] INFO  impl.RoleInfo (RoleInfo.java:updateAndGet(143)) - 1b813ef4-47a4-4bfc-8eb5-c34ae440adb1: start FollowerState
2019-10-21 19:12:56,539 [grpc-default-executor-0] INFO  impl.RoleInfo (RoleInfo.java:updateAndGet(143)) - e6a83585-83d0-4616-a3d5-866875ad8a29: start FollowerState
2019-10-21 19:12:56,539 [Thread-1101] INFO  impl.FollowerState (FollowerState.java:run(117)) - 1b813ef4-47a4-4bfc-8eb5-c34ae440adb1@group-73E40DF2990B-FollowerState was interrupted: java.lang.InterruptedException: sleep interrupted
2019-10-21 19:12:56,539 [Thread-1100] INFO  impl.FollowerState (FollowerState.java:run(117)) - e6a83585-83d0-4616-a3d5-866875ad8a29@group-73E40DF2990B-FollowerState was interrupted: java.lang.InterruptedException: sleep interrupted
2019-10-21 19:12:56,555 [f2627371-a904-4314-a836-5eb8f54559ec@group-73E40DF2990B-LeaderElection133] INFO  impl.LeaderElection (LeaderElection.java:logAndReturn(56)) - f2627371-a904-4314-a836-5eb8f54559ec@group-73E40DF2990B-LeaderElection133: Election REJECTED; received 2 response(s) [f2627371-a904-4314-a836-5eb8f54559ec<-e6a83585-83d0-4616-a3d5-866875ad8a29#0:FAIL-t144, f2627371-a904-4314-a836-5eb8f54559ec<-1b813ef4-47a4-4bfc-8eb5-c34ae440adb1#0:FAIL-t144] and 0 exception(s); f2627371-a904-4314-a836-5eb8f54559ec@group-73E40DF2990B:t144, leader=null, voted=f2627371-a904-4314-a836-5eb8f54559ec, raftlog=f2627371-a904-4314-a836-5eb8f54559ec@group-73E40DF2990B-SegmentedRaftLog:OPENED:c-1,f-1,i0, conf=-1: [e6a83585-83d0-4616-a3d5-866875ad8a29:192.168.34.32:46159, f2627371-a904-4314-a836-5eb8f54559ec:192.168.34.32:33224, 1b813ef4-47a4-4bfc-8eb5-c34ae440adb1:192.168.34.32:36113], old=null
2019-10-21 19:12:56,555 [f2627371-a904-4314-a836-5eb8f54559ec@group-73E40DF2990B-LeaderElection133] INFO  impl.RaftServerImpl (RaftServerImpl.java:setRole(184)) - f2627371-a904-4314-a836-5eb8f54559ec@group-73E40DF2990B: changes role from CANDIDATE to FOLLOWER at term 144 for DISCOVERED_A_NEW_TERM
2019-10-21 19:12:56,555 [f2627371-a904-4314-a836-5eb8f54559ec@group-73E40DF2990B-LeaderElection133] INFO  impl.RoleInfo (RoleInfo.java:shutdownLeaderElection(134)) - f2627371-a904-4314-a836-5eb8f54559ec: shutdown LeaderElection
2019-10-21 19:12:56,556 [f2627371-a904-4314-a836-5eb8f54559ec@group-73E40DF2990B-LeaderElection133] INFO  impl.RoleInfo (RoleInfo.java:updateAndGet(143)) - f2627371-a904-4314-a836-5eb8f54559ec: start FollowerState
2019-10-21 19:12:56,582 [Thread-1108] INFO  impl.FollowerState (FollowerState.java:run(108)) - f2627371-a904-4314-a836-5eb8f54559ec@group-73E40DF2990B-FollowerState: change to CANDIDATE, lastRpcTime:26ms, electionTimeout:26ms
2019-10-21 19:12:56,582 [Thread-1108] INFO  impl.RoleInfo (RoleInfo.java:shutdownFollowerState(121)) - f2627371-a904-4314-a836-5eb8f54559ec: shutdown FollowerState
2019-10-21 19:12:56,582 [Thread-1108] INFO  impl.RaftServerImpl (RaftServerImpl.java:setRole(184)) - f2627371-a904-4314-a836-5eb8f54559ec@group-73E40DF2990B: changes role from  FOLLOWER to CANDIDATE at term 144 for changeToCandidate
2019-10-21 19:12:56,582 [Thread-1108] INFO  impl.RoleInfo (RoleInfo.java:updateAndGet(143)) - f2627371-a904-4314-a836-5eb8f54559ec: start LeaderElection
2019-10-21 19:12:56,623 [f2627371-a904-4314-a836-5eb8f54559ec@group-73E40DF2990B-LeaderElection134] INFO  impl.LeaderElection (LeaderElection.java:askForVotes(178)) - f2627371-a904-4314-a836-5eb8f54559ec@group-73E40DF2990B-LeaderElection134: begin an election at term 145 for -1: [e6a83585-83d0-4616-a3d5-866875ad8a29:192.168.34.32:46159, f2627371-a904-4314-a836-5eb8f54559ec:192.168.34.32:33224, 1b813ef4-47a4-4bfc-8eb5-c34ae440adb1:192.168.34.32:36113], old=null
2019-10-21 19:12:56,625 [grpc-default-executor-5] INFO  impl.RaftServerImpl (RaftServerImpl.java:setRole(184)) - e6a83585-83d0-4616-a3d5-866875ad8a29@group-73E40DF2990B: changes role from  FOLLOWER to FOLLOWER at term 145 for recognizeCandidate:f2627371-a904-4314-a836-5eb8f54559ec
2019-10-21 19:12:56,625 [grpc-default-executor-5] INFO  impl.RoleInfo (RoleInfo.java:shutdownFollowerState(121)) - e6a83585-83d0-4616-a3d5-866875ad8a29: shutdown FollowerState
2019-10-21 19:12:56,625 [grpc-default-executor-0] INFO  impl.RaftServerImpl (RaftServerImpl.java:setRole(184)) - 1b813ef4-47a4-4bfc-8eb5-c34ae440adb1@group-73E40DF2990B: changes role from  FOLLOWER to FOLLOWER at term 145 for recognizeCandidate:f2627371-a904-4314-a836-5eb8f54559ec
2019-10-21 19:12:56,625 [grpc-default-executor-5] INFO  impl.RoleInfo (RoleInfo.java:updateAndGet(143)) - e6a83585-83d0-4616-a3d5-866875ad8a29: start FollowerState
2019-10-21 19:12:56,626 [Thread-1107] INFO  impl.FollowerState (FollowerState.java:run(117)) - e6a83585-83d0-4616-a3d5-866875ad8a29@group-73E40DF2990B-FollowerState was interrupted: java.lang.InterruptedException: sleep interrupted
2019-10-21 19:12:56,626 [grpc-default-executor-0] INFO  impl.RoleInfo (RoleInfo.java:shutdownFollowerState(121)) - 1b813ef4-47a4-4bfc-8eb5-c34ae440adb1: shutdown FollowerState
2019-10-21 19:12:56,626 [grpc-default-executor-0] INFO  impl.RoleInfo (RoleInfo.java:updateAndGet(143)) - 1b813ef4-47a4-4bfc-8eb5-c34ae440adb1: start FollowerState
2019-10-21 19:12:56,626 [Thread-1106] INFO  impl.FollowerState (FollowerState.java:run(117)) - 1b813ef4-47a4-4bfc-8eb5-c34ae440adb1@group-73E40DF2990B-FollowerState was interrupted: java.lang.InterruptedException: sleep interrupted
2019-10-21 19:12:56,641 [f2627371-a904-4314-a836-5eb8f54559ec@group-73E40DF2990B-LeaderElection134] INFO  impl.LeaderElection (LeaderElection.java:logAndReturn(56)) - f2627371-a904-4314-a836-5eb8f54559ec@group-73E40DF2990B-LeaderElection134: Election REJECTED; received 2 response(s) [f2627371-a904-4314-a836-5eb8f54559ec<-e6a83585-83d0-4616-a3d5-866875ad8a29#0:FAIL-t145, f2627371-a904-4314-a836-5eb8f54559ec<-1b813ef4-47a4-4bfc-8eb5-c34ae440adb1#0:FAIL-t145] and 0 exception(s); f2627371-a904-4314-a836-5eb8f54559ec@group-73E40DF2990B:t145, leader=null, voted=f2627371-a904-4314-a836-5eb8f54559ec, raftlog=f2627371-a904-4314-a836-5eb8f54559ec@group-73E40DF2990B-SegmentedRaftLog:OPENED:c-1,f-1,i0, conf=-1: [e6a83585-83d0-4616-a3d5-866875ad8a29:192.168.34.32:46159, f2627371-a904-4314-a836-5eb8f54559ec:192.168.34.32:33224, 1b813ef4-47a4-4bfc-8eb5-c34ae440adb1:192.168.34.32:36113], old=null
2019-10-21 19:12:56,641 [f2627371-a904-4314-a836-5eb8f54559ec@group-73E40DF2990B-LeaderElection134] INFO  impl.RaftServerImpl (RaftServerImpl.java:setRole(184)) - f2627371-a904-4314-a836-5eb8f54559ec@group-73E40DF2990B: changes role from CANDIDATE to FOLLOWER at term 145 for DISCOVERED_A_NEW_TERM
2019-10-21 19:12:56,642 [f2627371-a904-4314-a836-5eb8f54559ec@group-73E40DF2990B-LeaderElection134] INFO  impl.RoleInfo (RoleInfo.java:shutdownLeaderElection(134)) - f2627371-a904-4314-a836-5eb8f54559ec: shutdown LeaderElection
2019-10-21 19:12:56,642 [f2627371-a904-4314-a836-5eb8f54559ec@group-73E40DF2990B-LeaderElection134] INFO  impl.RoleInfo (RoleInfo.java:updateAndGet(143)) - f2627371-a904-4314-a836-5eb8f54559ec: start FollowerState
2019-10-21 19:12:56,787 [Thread-1114] INFO  impl.FollowerState (FollowerState.java:run(108)) - f2627371-a904-4314-a836-5eb8f54559ec@group-73E40DF2990B-FollowerState: change to CANDIDATE, lastRpcTime:145ms, electionTimeout:145ms
2019-10-21 19:12:56,787 [Thread-1114] INFO  impl.RoleInfo (RoleInfo.java:shutdownFollowerState(121)) - f2627371-a904-4314-a836-5eb8f54559ec: shutdown FollowerState
2019-10-21 19:12:56,787 [Thread-1114] INFO  impl.RaftServerImpl (RaftServerImpl.java:setRole(184)) - f2627371-a904-4314-a836-5eb8f54559ec@group-73E40DF2990B: changes role from  FOLLOWER to CANDIDATE at term 145 for changeToCandidate
2019-10-21 19:12:56,788 [Thread-1114] INFO  impl.RoleInfo (RoleInfo.java:updateAndGet(143)) - f2627371-a904-4314-a836-5eb8f54559ec: start LeaderElection
2019-10-21 19:12:56,826 [f2627371-a904-4314-a836-5eb8f54559ec@group-73E40DF2990B-LeaderElection135] INFO  impl.LeaderElection (LeaderElection.java:askForVotes(178)) - f2627371-a904-4314-a836-5eb8f54559ec@group-73E40DF2990B-LeaderElection135: begin an election at term 146 for -1: [e6a83585-83d0-4616-a3d5-866875ad8a29:192.168.34.32:46159, f2627371-a904-4314-a836-5eb8f54559ec:192.168.34.32:33224, 1b813ef4-47a4-4bfc-8eb5-c34ae440adb1:192.168.34.32:36113], old=null
2019-10-21 19:12:56,829 [grpc-default-executor-5] INFO  impl.RaftServerImpl (RaftServerImpl.java:setRole(184)) - 1b813ef4-47a4-4bfc-8eb5-c34ae440adb1@group-73E40DF2990B: changes role from  FOLLOWER to FOLLOWER at term 146 for recognizeCandidate:f2627371-a904-4314-a836-5eb8f54559ec
2019-10-21 19:12:56,829 [grpc-default-executor-0] INFO  impl.RaftServerImpl (RaftServerImpl.java:setRole(184)) - e6a83585-83d0-4616-a3d5-866875ad8a29@group-73E40DF2990B: changes role from  FOLLOWER to FOLLOWER at term 146 for recognizeCandidate:f2627371-a904-4314-a836-5eb8f54559ec
2019-10-21 19:12:56,829 [grpc-default-executor-5] INFO  impl.RoleInfo (RoleInfo.java:shutdownFollowerState(121)) - 1b813ef4-47a4-4bfc-8eb5-c34ae440adb1: shutdown FollowerState
2019-10-21 19:12:56,829 [grpc-default-executor-0] INFO  impl.RoleInfo (RoleInfo.java:shutdownFollowerState(121)) - e6a83585-83d0-4616-a3d5-866875ad8a29: shutdown FollowerState
2019-10-21 19:12:56,830 [grpc-default-executor-5] INFO  impl.RoleInfo (RoleInfo.java:updateAndGet(143)) - 1b813ef4-47a4-4bfc-8eb5-c34ae440adb1: start FollowerState
2019-10-21 19:12:56,830 [Thread-1112] INFO  impl.FollowerState (FollowerState.java:run(117)) - e6a83585-83d0-4616-a3d5-866875ad8a29@group-73E40DF2990B-FollowerState was interrupted: java.lang.InterruptedException: sleep interrupted
2019-10-21 19:12:56,830 [Thread-1113] INFO  impl.FollowerState (FollowerState.java:run(117)) - 1b813ef4-47a4-4bfc-8eb5-c34ae440adb1@group-73E40DF2990B-FollowerState was interrupted: java.lang.InterruptedException: sleep interrupted
2019-10-21 19:12:56,830 [grpc-default-executor-0] INFO  impl.RoleInfo (RoleInfo.java:updateAndGet(143)) - e6a83585-83d0-4616-a3d5-866875ad8a29: start FollowerState
2019-10-21 19:12:56,844 [f2627371-a904-4314-a836-5eb8f54559ec@group-73E40DF2990B-LeaderElection135] INFO  impl.LeaderElection (LeaderElection.java:logAndReturn(56)) - f2627371-a904-4314-a836-5eb8f54559ec@group-73E40DF2990B-LeaderElection135: Election REJECTED; received 2 response(s) [f2627371-a904-4314-a836-5eb8f54559ec<-e6a83585-83d0-4616-a3d5-866875ad8a29#0:FAIL-t146, f2627371-a904-4314-a836-5eb8f54559ec<-1b813ef4-47a4-4bfc-8eb5-c34ae440adb1#0:FAIL-t146] and 0 exception(s); f2627371-a904-4314-a836-5eb8f54559ec@group-73E40DF2990B:t146, leader=null, voted=f2627371-a904-4314-a836-5eb8f54559ec, raftlog=f2627371-a904-4314-a836-5eb8f54559ec@group-73E40DF2990B-SegmentedRaftLog:OPENED:c-1,f-1,i0, conf=-1: [e6a83585-83d0-4616-a3d5-866875ad8a29:192.168.34.32:46159, f2627371-a904-4314-a836-5eb8f54559ec:192.168.34.32:33224, 1b813ef4-47a4-4bfc-8eb5-c34ae440adb1:192.168.34.32:36113], old=null
2019-10-21 19:12:56,845 [f2627371-a904-4314-a836-5eb8f54559ec@group-73E40DF2990B-LeaderElection135] INFO  impl.RaftServerImpl (RaftServerImpl.java:setRole(184)) - f2627371-a904-4314-a836-5eb8f54559ec@group-73E40DF2990B: changes role from CANDIDATE to FOLLOWER at term 146 for DISCOVERED_A_NEW_TERM
2019-10-21 19:12:56,845 [f2627371-a904-4314-a836-5eb8f54559ec@group-73E40DF2990B-LeaderElection135] INFO  impl.RoleInfo (RoleInfo.java:shutdownLeaderElection(134)) - f2627371-a904-4314-a836-5eb8f54559ec: shutdown LeaderElection
2019-10-21 19:12:56,845 [f2627371-a904-4314-a836-5eb8f54559ec@group-73E40DF2990B-LeaderElection135] INFO  impl.RoleInfo (RoleInfo.java:updateAndGet(143)) - f2627371-a904-4314-a836-5eb8f54559ec: start FollowerState
2019-10-21 19:12:57,010 [Thread-1120] INFO  impl.FollowerState (FollowerState.java:run(108)) - f2627371-a904-4314-a836-5eb8f54559ec@group-73E40DF2990B-FollowerState: change to CANDIDATE, lastRpcTime:165ms, electionTimeout:165ms
2019-10-21 19:12:57,011 [Thread-1120] INFO  impl.RoleInfo (RoleInfo.java:shutdownFollowerState(121)) - f2627371-a904-4314-a836-5eb8f54559ec: shutdown FollowerState
2019-10-21 19:12:57,011 [Thread-1120] INFO  impl.RaftServerImpl (RaftServerImpl.java:setRole(184)) - f2627371-a904-4314-a836-5eb8f54559ec@group-73E40DF2990B: changes role from  FOLLOWER to CANDIDATE at term 146 for changeToCandidate
2019-10-21 19:12:57,011 [Thread-1120] INFO  impl.RoleInfo (RoleInfo.java:updateAndGet(143)) - f2627371-a904-4314-a836-5eb8f54559ec: start LeaderElection
2019-10-21 19:12:57,313 [f2627371-a904-4314-a836-5eb8f54559ec@group-73E40DF2990B-LeaderElection136] INFO  impl.LeaderElection (LeaderElection.java:askForVotes(178)) - f2627371-a904-4314-a836-5eb8f54559ec@group-73E40DF2990B-LeaderElection136: begin an election at term 147 for -1: [e6a83585-83d0-4616-a3d5-866875ad8a29:192.168.34.32:46159, f2627371-a904-4314-a836-5eb8f54559ec:192.168.34.32:33224, 1b813ef4-47a4-4bfc-8eb5-c34ae440adb1:192.168.34.32:36113], old=null
2019-10-21 19:12:57,315 [grpc-default-executor-5] INFO  impl.RaftServerImpl (RaftServerImpl.java:setRole(184)) - e6a83585-83d0-4616-a3d5-866875ad8a29@group-73E40DF2990B: changes role from  FOLLOWER to FOLLOWER at term 147 for recognizeCandidate:f2627371-a904-4314-a836-5eb8f54559ec
2019-10-21 19:12:57,315 [grpc-default-executor-5] INFO  impl.RoleInfo (RoleInfo.java:shutdownFollowerState(121)) - e6a83585-83d0-4616-a3d5-866875ad8a29: shutdown FollowerState
2019-10-21 19:12:57,316 [grpc-default-executor-5] INFO  impl.RoleInfo (RoleInfo.java:updateAndGet(143)) - e6a83585-83d0-4616-a3d5-866875ad8a29: start FollowerState
2019-10-21 19:12:57,316 [grpc-default-executor-0] INFO  impl.RaftServerImpl (RaftServerImpl.java:setRole(184)) - 1b813ef4-47a4-4bfc-8eb5-c34ae440adb1@group-73E40DF2990B: changes role from  FOLLOWER to FOLLOWER at term 147 for recognizeCandidate:f2627371-a904-4314-a836-5eb8f54559ec
2019-10-21 19:12:57,316 [grpc-default-executor-0] INFO  impl.RoleInfo (RoleInfo.java:shutdownFollowerState(121)) - 1b813ef4-47a4-4bfc-8eb5-c34ae440adb1: shutdown FollowerState
2019-10-21 19:12:57,316 [Thread-1119] INFO  impl.FollowerState (FollowerState.java:run(117)) - e6a83585-83d0-4616-a3d5-866875ad8a29@group-73E40DF2990B-FollowerState was interrupted: java.lang.InterruptedException: sleep interrupted
2019-10-21 19:12:57,316 [Thread-1118] INFO  impl.FollowerState (FollowerState.java:run(117)) - 1b813ef4-47a4-4bfc-8eb5-c34ae440adb1@group-73E40DF2990B-FollowerState was interrupted: java.lang.InterruptedException: sleep interrupted
2019-10-21 19:12:57,316 [grpc-default-executor-0] INFO  impl.RoleInfo (RoleInfo.java:updateAndGet(143)) - 1b813ef4-47a4-4bfc-8eb5-c34ae440adb1: start FollowerState
2019-10-21 19:12:57,334 [f2627371-a904-4314-a836-5eb8f54559ec@group-73E40DF2990B-LeaderElection136] INFO  impl.LeaderElection (LeaderElection.java:logAndReturn(56)) - f2627371-a904-4314-a836-5eb8f54559ec@group-73E40DF2990B-LeaderElection136: Election REJECTED; received 2 response(s) [f2627371-a904-4314-a836-5eb8f54559ec<-e6a83585-83d0-4616-a3d5-866875ad8a29#0:FAIL-t147, f2627371-a904-4314-a836-5eb8f54559ec<-1b813ef4-47a4-4bfc-8eb5-c34ae440adb1#0:FAIL-t147] and 0 exception(s); f2627371-a904-4314-a836-5eb8f54559ec@group-73E40DF2990B:t147, leader=null, voted=f2627371-a904-4314-a836-5eb8f54559ec, raftlog=f2627371-a904-4314-a836-5eb8f54559ec@group-73E40DF2990B-SegmentedRaftLog:OPENED:c-1,f-1,i0, conf=-1: [e6a83585-83d0-4616-a3d5-866875ad8a29:192.168.34.32:46159, f2627371-a904-4314-a836-5eb8f54559ec:192.168.34.32:33224, 1b813ef4-47a4-4bfc-8eb5-c34ae440adb1:192.168.34.32:36113], old=null
2019-10-21 19:12:57,334 [f2627371-a904-4314-a836-5eb8f54559ec@group-73E40DF2990B-LeaderElection136] INFO  impl.RaftServerImpl (RaftServerImpl.java:setRole(184)) - f2627371-a904-4314-a836-5eb8f54559ec@group-73E40DF2990B: changes role from CANDIDATE to FOLLOWER at term 147 for DISCOVERED_A_NEW_TERM
2019-10-21 19:12:57,335 [f2627371-a904-4314-a836-5eb8f54559ec@group-73E40DF2990B-LeaderElection136] INFO  impl.RoleInfo (RoleInfo.java:shutdownLeaderElection(134)) - f2627371-a904-4314-a836-5eb8f54559ec: shutdown LeaderElection
2019-10-21 19:12:57,335 [f2627371-a904-4314-a836-5eb8f54559ec@group-73E40DF2990B-LeaderElection136] INFO  impl.RoleInfo (RoleInfo.java:updateAndGet(143)) - f2627371-a904-4314-a836-5eb8f54559ec: start FollowerState
2019-10-21 19:12:57,362 [Thread-1128] INFO  impl.FollowerState (FollowerState.java:run(108)) - f2627371-a904-4314-a836-5eb8f54559ec@group-73E40DF2990B-FollowerState: change to CANDIDATE, lastRpcTime:27ms, electionTimeout:27ms
2019-10-21 19:12:57,362 [Thread-1128] INFO  impl.RoleInfo (RoleInfo.java:shutdownFollowerState(121)) - f2627371-a904-4314-a836-5eb8f54559ec: shutdown FollowerState
2019-10-21 19:12:57,362 [Thread-1128] INFO  impl.RaftServerImpl (RaftServerImpl.java:setRole(184)) - f2627371-a904-4314-a836-5eb8f54559ec@group-73E40DF2990B: changes role from  FOLLOWER to CANDIDATE at term 147 for changeToCandidate
2019-10-21 19:12:57,363 [Thread-1128] INFO  impl.RoleInfo (RoleInfo.java:updateAndGet(143)) - f2627371-a904-4314-a836-5eb8f54559ec: start LeaderElection
2019-10-21 19:12:57,375 [f2627371-a904-4314-a836-5eb8f54559ec@group-73E40DF2990B-LeaderElection137] INFO  impl.LeaderElection (LeaderElection.java:askForVotes(178)) - f2627371-a904-4314-a836-5eb8f54559ec@group-73E40DF2990B-LeaderElection137: begin an election at term 148 for -1: [e6a83585-83d0-4616-a3d5-866875ad8a29:192.168.34.32:46159, f2627371-a904-4314-a836-5eb8f54559ec:192.168.34.32:33224, 1b813ef4-47a4-4bfc-8eb5-c34ae440adb1:192.168.34.32:36113], old=null
2019-10-21 19:12:57,378 [grpc-default-executor-5] INFO  impl.RaftServerImpl (RaftServerImpl.java:setRole(184)) - e6a83585-83d0-4616-a3d5-866875ad8a29@group-73E40DF2990B: changes role from  FOLLOWER to FOLLOWER at term 148 for recognizeCandidate:f2627371-a904-4314-a836-5eb8f54559ec
2019-10-21 19:12:57,378 [grpc-default-executor-5] INFO  impl.RoleInfo (RoleInfo.java:shutdownFollowerState(121)) - e6a83585-83d0-4616-a3d5-866875ad8a29: shutdown FollowerState
2019-10-21 19:12:57,378 [grpc-default-executor-0] INFO  impl.RaftServerImpl (RaftServerImpl.java:setRole(184)) - 1b813ef4-47a4-4bfc-8eb5-c34ae440adb1@group-73E40DF2990B: changes role from  FOLLOWER to FOLLOWER at term 148 for recognizeCandidate:f2627371-a904-4314-a836-5eb8f54559ec
2019-10-21 19:12:57,378 [Thread-1126] INFO  impl.FollowerState (FollowerState.java:run(117)) - e6a83585-83d0-4616-a3d5-866875ad8a29@group-73E40DF2990B-FollowerState was interrupted: java.lang.InterruptedException: sleep interrupted
2019-10-21 19:12:57,378 [grpc-default-executor-5] INFO  impl.RoleInfo (RoleInfo.java:updateAndGet(143)) - e6a83585-83d0-4616-a3d5-866875ad8a29: start FollowerState
2019-10-21 19:12:57,378 [grpc-default-executor-0] INFO  impl.RoleInfo (RoleInfo.java:shutdownFollowerState(121)) - 1b813ef4-47a4-4bfc-8eb5-c34ae440adb1: shutdown FollowerState
2019-10-21 19:12:57,379 [grpc-default-executor-0] INFO  impl.RoleInfo (RoleInfo.java:updateAndGet(143)) - 1b813ef4-47a4-4bfc-8eb5-c34ae440adb1: start FollowerState
2019-10-21 19:12:57,379 [Thread-1127] INFO  impl.FollowerState (FollowerState.java:run(117)) - 1b813ef4-47a4-4bfc-8eb5-c34ae440adb1@group-73E40DF2990B-FollowerState was interrupted: java.lang.InterruptedException: sleep interrupted
2019-10-21 19:12:57,387 [f2627371-a904-4314-a836-5eb8f54559ec@group-73E40DF2990B-LeaderElection137] INFO  impl.LeaderElection (LeaderElection.java:logAndReturn(56)) - f2627371-a904-4314-a836-5eb8f54559ec@group-73E40DF2990B-LeaderElection137: Election REJECTED; received 2 response(s) [f2627371-a904-4314-a836-5eb8f54559ec<-e6a83585-83d0-4616-a3d5-866875ad8a29#0:FAIL-t148, f2627371-a904-4314-a836-5eb8f54559ec<-1b813ef4-47a4-4bfc-8eb5-c34ae440adb1#0:FAIL-t148] and 0 exception(s); f2627371-a904-4314-a836-5eb8f54559ec@group-73E40DF2990B:t148, leader=null, voted=f2627371-a904-4314-a836-5eb8f54559ec, raftlog=f2627371-a904-4314-a836-5eb8f54559ec@group-73E40DF2990B-SegmentedRaftLog:OPENED:c-1,f-1,i0, conf=-1: [e6a83585-83d0-4616-a3d5-866875ad8a29:192.168.34.32:46159, f2627371-a904-4314-a836-5eb8f54559ec:192.168.34.32:33224, 1b813ef4-47a4-4bfc-8eb5-c34ae440adb1:192.168.34.32:36113], old=null
2019-10-21 19:12:57,387 [f2627371-a904-4314-a836-5eb8f54559ec@group-73E40DF2990B-LeaderElection137] INFO  impl.RaftServerImpl (RaftServerImpl.java:setRole(184)) - f2627371-a904-4314-a836-5eb8f54559ec@group-73E40DF2990B: changes role from CANDIDATE to FOLLOWER at term 148 for DISCOVERED_A_NEW_TERM
2019-10-21 19:12:57,387 [f2627371-a904-4314-a836-5eb8f54559ec@group-73E40DF2990B-LeaderElection137] INFO  impl.RoleInfo (RoleInfo.java:shutdownLeaderElection(134)) - f2627371-a904-4314-a836-5eb8f54559ec: shutdown LeaderElection
2019-10-21 19:12:57,387 [f2627371-a904-4314-a836-5eb8f54559ec@group-73E40DF2990B-LeaderElection137] INFO  impl.RoleInfo (RoleInfo.java:updateAndGet(143)) - f2627371-a904-4314-a836-5eb8f54559ec: start FollowerState
2019-10-21 19:12:57,453 [Thread-1134] INFO  impl.FollowerState (FollowerState.java:run(108)) - f2627371-a904-4314-a836-5eb8f54559ec@group-73E40DF2990B-FollowerState: change to CANDIDATE, lastRpcTime:66ms, electionTimeout:66ms
2019-10-21 19:12:57,454 [Thread-1134] INFO  impl.RoleInfo (RoleInfo.java:shutdownFollowerState(121)) - f2627371-a904-4314-a836-5eb8f54559ec: shutdown FollowerState
2019-10-21 19:12:57,454 [Thread-1134] INFO  impl.RaftServerImpl (RaftServerImpl.java:setRole(184)) - f2627371-a904-4314-a836-5eb8f54559ec@group-73E40DF2990B: changes role from  FOLLOWER to CANDIDATE at term 148 for changeToCandidate
2019-10-21 19:12:57,454 [Thread-1134] INFO  impl.RoleInfo (RoleInfo.java:updateAndGet(143)) - f2627371-a904-4314-a836-5eb8f54559ec: start LeaderElection
2019-10-21 19:12:57,461 [f2627371-a904-4314-a836-5eb8f54559ec@group-73E40DF2990B-LeaderElection138] INFO  impl.LeaderElection (LeaderElection.java:askForVotes(178)) - f2627371-a904-4314-a836-5eb8f54559ec@group-73E40DF2990B-LeaderElection138: begin an election at term 149 for -1: [e6a83585-83d0-4616-a3d5-866875ad8a29:192.168.34.32:46159, f2627371-a904-4314-a836-5eb8f54559ec:192.168.34.32:33224, 1b813ef4-47a4-4bfc-8eb5-c34ae440adb1:192.168.34.32:36113], old=null
2019-10-21 19:12:57,464 [grpc-default-executor-0] INFO  impl.RaftServerImpl (RaftServerImpl.java:setRole(184)) - e6a83585-83d0-4616-a3d5-866875ad8a29@group-73E40DF2990B: changes role from  FOLLOWER to FOLLOWER at term 149 for recognizeCandidate:f2627371-a904-4314-a836-5eb8f54559ec
2019-10-21 19:12:57,464 [grpc-default-executor-0] INFO  impl.RoleInfo (RoleInfo.java:shutdownFollowerState(121)) - e6a83585-83d0-4616-a3d5-866875ad8a29: shutdown FollowerState
2019-10-21 19:12:57,464 [grpc-default-executor-0] INFO  impl.RoleInfo (RoleInfo.java:updateAndGet(143)) - e6a83585-83d0-4616-a3d5-866875ad8a29: start FollowerState
2019-10-21 19:12:57,464 [grpc-default-executor-5] INFO  impl.RaftServerImpl (RaftServerImpl.java:setRole(184)) - 1b813ef4-47a4-4bfc-8eb5-c34ae440adb1@group-73E40DF2990B: changes role from  FOLLOWER to FOLLOWER at term 149 for recognizeCandidate:f2627371-a904-4314-a836-5eb8f54559ec
2019-10-21 19:12:57,464 [Thread-1132] INFO  impl.FollowerState (FollowerState.java:run(117)) - e6a83585-83d0-4616-a3d5-866875ad8a29@group-73E40DF2990B-FollowerState was interrupted: java.lang.InterruptedException: sleep interrupted
2019-10-21 19:12:57,465 [grpc-default-executor-5] INFO  impl.RoleInfo (RoleInfo.java:shutdownFollowerState(121)) - 1b813ef4-47a4-4bfc-8eb5-c34ae440adb1: shutdown FollowerState
2019-10-21 19:12:57,465 [grpc-default-executor-5] INFO  impl.RoleInfo (RoleInfo.java:updateAndGet(143)) - 1b813ef4-47a4-4bfc-8eb5-c34ae440adb1: start FollowerState
2019-10-21 19:12:57,465 [Thread-1133] INFO  impl.FollowerState (FollowerState.java:run(117)) - 1b813ef4-47a4-4bfc-8eb5-c34ae440adb1@group-73E40DF2990B-FollowerState was interrupted: java.lang.InterruptedException: sleep interrupted
2019-10-21 19:12:57,470 [f2627371-a904-4314-a836-5eb8f54559ec@group-73E40DF2990B-LeaderElection138] INFO  impl.LeaderElection (LeaderElection.java:logAndReturn(56)) - f2627371-a904-4314-a836-5eb8f54559ec@group-73E40DF2990B-LeaderElection138: Election TIMEOUT; received 0 response(s) [] and 0 exception(s); f2627371-a904-4314-a836-5eb8f54559ec@group-73E40DF2990B:t149, leader=null, voted=f2627371-a904-4314-a836-5eb8f54559ec, raftlog=f2627371-a904-4314-a836-5eb8f54559ec@group-73E40DF2990B-SegmentedRaftLog:OPENED:c-1,f-1,i0, conf=-1: [e6a83585-83d0-4616-a3d5-866875ad8a29:192.168.34.32:46159, f2627371-a904-4314-a836-5eb8f54559ec:192.168.34.32:33224, 1b813ef4-47a4-4bfc-8eb5-c34ae440adb1:192.168.34.32:36113], old=null
2019-10-21 19:12:57,475 [f2627371-a904-4314-a836-5eb8f54559ec@group-73E40DF2990B-LeaderElection138] INFO  impl.LeaderElection (LeaderElection.java:askForVotes(178)) - f2627371-a904-4314-a836-5eb8f54559ec@group-73E40DF2990B-LeaderElection138: begin an election at term 150 for -1: [e6a83585-83d0-4616-a3d5-866875ad8a29:192.168.34.32:46159, f2627371-a904-4314-a836-5eb8f54559ec:192.168.34.32:33224, 1b813ef4-47a4-4bfc-8eb5-c34ae440adb1:192.168.34.32:36113], old=null
2019-10-21 19:12:57,478 [grpc-default-executor-5] INFO  impl.RaftServerImpl (RaftServerImpl.java:setRole(184)) - e6a83585-83d0-4616-a3d5-866875ad8a29@group-73E40DF2990B: changes role from  FOLLOWER to FOLLOWER at term 150 for recognizeCandidate:f2627371-a904-4314-a836-5eb8f54559ec
2019-10-21 19:12:57,478 [grpc-default-executor-5] INFO  impl.RoleInfo (RoleInfo.java:shutdownFollowerState(121)) - e6a83585-83d0-4616-a3d5-866875ad8a29: shutdown FollowerState
2019-10-21 19:12:57,478 [grpc-default-executor-5] INFO  impl.RoleInfo (RoleInfo.java:updateAndGet(143)) - e6a83585-83d0-4616-a3d5-866875ad8a29: start FollowerState
2019-10-21 19:12:57,478 [Thread-1138] INFO  impl.FollowerState (FollowerState.java:run(117)) - e6a83585-83d0-4616-a3d5-866875ad8a29@group-73E40DF2990B-FollowerState was interrupted: java.lang.InterruptedException: sleep interrupted
2019-10-21 19:12:57,478 [grpc-default-executor-0] INFO  impl.RaftServerImpl (RaftServerImpl.java:setRole(184)) - 1b813ef4-47a4-4bfc-8eb5-c34ae440adb1@group-73E40DF2990B: changes role from  FOLLOWER to FOLLOWER at term 150 for recognizeCandidate:f2627371-a904-4314-a836-5eb8f54559ec
2019-10-21 19:12:57,479 [grpc-default-executor-0] INFO  impl.RoleInfo (RoleInfo.java:shutdownFollowerState(121)) - 1b813ef4-47a4-4bfc-8eb5-c34ae440adb1: shutdown FollowerState
2019-10-21 19:12:57,479 [grpc-default-executor-0] INFO  impl.RoleInfo (RoleInfo.java:updateAndGet(143)) - 1b813ef4-47a4-4bfc-8eb5-c34ae440adb1: start FollowerState
2019-10-21 19:12:57,479 [Thread-1139] INFO  impl.FollowerState (FollowerState.java:run(117)) - 1b813ef4-47a4-4bfc-8eb5-c34ae440adb1@group-73E40DF2990B-FollowerState was interrupted: java.lang.InterruptedException: sleep interrupted
2019-10-21 19:12:57,511 [f2627371-a904-4314-a836-5eb8f54559ec@group-73E40DF2990B-LeaderElection138] INFO  impl.LeaderElection (LeaderElection.java:logAndReturn(56)) - f2627371-a904-4314-a836-5eb8f54559ec@group-73E40DF2990B-LeaderElection138: Election REJECTED; received 2 response(s) [f2627371-a904-4314-a836-5eb8f54559ec<-e6a83585-83d0-4616-a3d5-866875ad8a29#0:FAIL-t150, f2627371-a904-4314-a836-5eb8f54559ec<-1b813ef4-47a4-4bfc-8eb5-c34ae440adb1#0:FAIL-t150] and 0 exception(s); f2627371-a904-4314-a836-5eb8f54559ec@group-73E40DF2990B:t150, leader=null, voted=f2627371-a904-4314-a836-5eb8f54559ec, raftlog=f2627371-a904-4314-a836-5eb8f54559ec@group-73E40DF2990B-SegmentedRaftLog:OPENED:c-1,f-1,i0, conf=-1: [e6a83585-83d0-4616-a3d5-866875ad8a29:192.168.34.32:46159, f2627371-a904-4314-a836-5eb8f54559ec:192.168.34.32:33224, 1b813ef4-47a4-4bfc-8eb5-c34ae440adb1:192.168.34.32:36113], old=null
2019-10-21 19:12:57,511 [f2627371-a904-4314-a836-5eb8f54559ec@group-73E40DF2990B-LeaderElection138] INFO  impl.RaftServerImpl (RaftServerImpl.java:setRole(184)) - f2627371-a904-4314-a836-5eb8f54559ec@group-73E40DF2990B: changes role from CANDIDATE to FOLLOWER at term 150 for DISCOVERED_A_NEW_TERM
2019-10-21 19:12:57,511 [f2627371-a904-4314-a836-5eb8f54559ec@group-73E40DF2990B-LeaderElection138] INFO  impl.RoleInfo (RoleInfo.java:shutdownLeaderElection(134)) - f2627371-a904-4314-a836-5eb8f54559ec: shutdown LeaderElection
2019-10-21 19:12:57,511 [f2627371-a904-4314-a836-5eb8f54559ec@group-73E40DF2990B-LeaderElection138] INFO  impl.RoleInfo (RoleInfo.java:updateAndGet(143)) - f2627371-a904-4314-a836-5eb8f54559ec: start FollowerState
2019-10-21 19:12:57,676 [Thread-1144] INFO  impl.FollowerState (FollowerState.java:run(108)) - f2627371-a904-4314-a836-5eb8f54559ec@group-73E40DF2990B-FollowerState: change to CANDIDATE, lastRpcTime:164ms, electionTimeout:164ms
2019-10-21 19:12:57,676 [Thread-1144] INFO  impl.RoleInfo (RoleInfo.java:shutdownFollowerState(121)) - f2627371-a904-4314-a836-5eb8f54559ec: shutdown FollowerState
2019-10-21 19:12:57,677 [Thread-1144] INFO  impl.RaftServerImpl (RaftServerImpl.java:setRole(184)) - f2627371-a904-4314-a836-5eb8f54559ec@group-73E40DF2990B: changes role from  FOLLOWER to CANDIDATE at term 150 for changeToCandidate
2019-10-21 19:12:57,677 [Thread-1144] INFO  impl.RoleInfo (RoleInfo.java:updateAndGet(143)) - f2627371-a904-4314-a836-5eb8f54559ec: start LeaderElection
2019-10-21 19:12:57,683 [f2627371-a904-4314-a836-5eb8f54559ec@group-73E40DF2990B-LeaderElection139] INFO  impl.LeaderElection (LeaderElection.java:askForVotes(178)) - f2627371-a904-4314-a836-5eb8f54559ec@group-73E40DF2990B-LeaderElection139: begin an election at term 151 for -1: [e6a83585-83d0-4616-a3d5-866875ad8a29:192.168.34.32:46159, f2627371-a904-4314-a836-5eb8f54559ec:192.168.34.32:33224, 1b813ef4-47a4-4bfc-8eb5-c34ae440adb1:192.168.34.32:36113], old=null
2019-10-21 19:12:57,688 [grpc-default-executor-5] INFO  impl.RaftServerImpl (RaftServerImpl.java:setRole(184)) - 1b813ef4-47a4-4bfc-8eb5-c34ae440adb1@group-73E40DF2990B: changes role from  FOLLOWER to FOLLOWER at term 151 for recognizeCandidate:f2627371-a904-4314-a836-5eb8f54559ec
2019-10-21 19:12:57,688 [grpc-default-executor-0] INFO  impl.RaftServerImpl (RaftServerImpl.java:setRole(184)) - e6a83585-83d0-4616-a3d5-866875ad8a29@group-73E40DF2990B: changes role from  FOLLOWER to FOLLOWER at term 151 for recognizeCandidate:f2627371-a904-4314-a836-5eb8f54559ec
2019-10-21 19:12:57,688 [grpc-default-executor-5] INFO  impl.RoleInfo (RoleInfo.java:shutdownFollowerState(121)) - 1b813ef4-47a4-4bfc-8eb5-c34ae440adb1: shutdown FollowerState
2019-10-21 19:12:57,688 [grpc-default-executor-0] INFO  impl.RoleInfo (RoleInfo.java:shutdownFollowerState(121)) - e6a83585-83d0-4616-a3d5-866875ad8a29: shutdown FollowerState
2019-10-21 19:12:57,688 [grpc-default-executor-5] INFO  impl.RoleInfo (RoleInfo.java:updateAndGet(143)) - 1b813ef4-47a4-4bfc-8eb5-c34ae440adb1: start FollowerState
2019-10-21 19:12:57,688 [Thread-1142] INFO  impl.FollowerState (FollowerState.java:run(117)) - e6a83585-83d0-4616-a3d5-866875ad8a29@group-73E40DF2990B-FollowerState was interrupted: java.lang.InterruptedException: sleep interrupted
2019-10-21 19:12:57,688 [grpc-default-executor-0] INFO  impl.RoleInfo (RoleInfo.java:updateAndGet(143)) - e6a83585-83d0-4616-a3d5-866875ad8a29: start FollowerState
2019-10-21 19:12:57,688 [Thread-1143] INFO  impl.FollowerState (FollowerState.java:run(117)) - 1b813ef4-47a4-4bfc-8eb5-c34ae440adb1@group-73E40DF2990B-FollowerState was interrupted: java.lang.InterruptedException: sleep interrupted
2019-10-21 19:12:57,699 [f2627371-a904-4314-a836-5eb8f54559ec@group-73E40DF2990B-LeaderElection139] INFO  impl.LeaderElection (LeaderElection.java:logAndReturn(56)) - f2627371-a904-4314-a836-5eb8f54559ec@group-73E40DF2990B-LeaderElection139: Election TIMEOUT; received 0 response(s) [] and 0 exception(s); f2627371-a904-4314-a836-5eb8f54559ec@group-73E40DF2990B:t151, leader=null, voted=f2627371-a904-4314-a836-5eb8f54559ec, raftlog=f2627371-a904-4314-a836-5eb8f54559ec@group-73E40DF2990B-SegmentedRaftLog:OPENED:c-1,f-1,i0, conf=-1: [e6a83585-83d0-4616-a3d5-866875ad8a29:192.168.34.32:46159, f2627371-a904-4314-a836-5eb8f54559ec:192.168.34.32:33224, 1b813ef4-47a4-4bfc-8eb5-c34ae440adb1:192.168.34.32:36113], old=null
2019-10-21 19:12:57,716 [f2627371-a904-4314-a836-5eb8f54559ec@group-73E40DF2990B-LeaderElection139] INFO  impl.LeaderElection (LeaderElection.java:askForVotes(178)) - f2627371-a904-4314-a836-5eb8f54559ec@group-73E40DF2990B-LeaderElection139: begin an election at term 152 for -1: [e6a83585-83d0-4616-a3d5-866875ad8a29:192.168.34.32:46159, f2627371-a904-4314-a836-5eb8f54559ec:192.168.34.32:33224, 1b813ef4-47a4-4bfc-8eb5-c34ae440adb1:192.168.34.32:36113], old=null
2019-10-21 19:12:57,718 [grpc-default-executor-5] INFO  impl.RaftServerImpl (RaftServerImpl.java:setRole(184)) - e6a83585-83d0-4616-a3d5-866875ad8a29@group-73E40DF2990B: changes role from  FOLLOWER to FOLLOWER at term 152 for recognizeCandidate:f2627371-a904-4314-a836-5eb8f54559ec
2019-10-21 19:12:57,718 [grpc-default-executor-5] INFO  impl.RoleInfo (RoleInfo.java:shutdownFollowerState(121)) - e6a83585-83d0-4616-a3d5-866875ad8a29: shutdown FollowerState
2019-10-21 19:12:57,718 [grpc-default-executor-5] INFO  impl.RoleInfo (RoleInfo.java:updateAndGet(143)) - e6a83585-83d0-4616-a3d5-866875ad8a29: start FollowerState
2019-10-21 19:12:57,718 [Thread-1149] INFO  impl.FollowerState (FollowerState.java:run(117)) - e6a83585-83d0-4616-a3d5-866875ad8a29@group-73E40DF2990B-FollowerState was interrupted: java.lang.InterruptedException: sleep interrupted
2019-10-21 19:12:57,719 [grpc-default-executor-0] INFO  impl.RaftServerImpl (RaftServerImpl.java:setRole(184)) - 1b813ef4-47a4-4bfc-8eb5-c34ae440adb1@group-73E40DF2990B: changes role from  FOLLOWER to FOLLOWER at term 152 for recognizeCandidate:f2627371-a904-4314-a836-5eb8f54559ec
2019-10-21 19:12:57,719 [grpc-default-executor-0] INFO  impl.RoleInfo (RoleInfo.java:shutdownFollowerState(121)) - 1b813ef4-47a4-4bfc-8eb5-c34ae440adb1: shutdown FollowerState
2019-10-21 19:12:57,719 [grpc-default-executor-0] INFO  impl.RoleInfo (RoleInfo.java:updateAndGet(143)) - 1b813ef4-47a4-4bfc-8eb5-c34ae440adb1: start FollowerState
2019-10-21 19:12:57,720 [Thread-1148] INFO  impl.FollowerState (FollowerState.java:run(117)) - 1b813ef4-47a4-4bfc-8eb5-c34ae440adb1@group-73E40DF2990B-FollowerState was interrupted: java.lang.InterruptedException: sleep interrupted
2019-10-21 19:12:57,735 [f2627371-a904-4314-a836-5eb8f54559ec@group-73E40DF2990B-LeaderElection139] INFO  impl.LeaderElection (LeaderElection.java:logAndReturn(56)) - f2627371-a904-4314-a836-5eb8f54559ec@group-73E40DF2990B-LeaderElection139: Election REJECTED; received 2 response(s) [f2627371-a904-4314-a836-5eb8f54559ec<-e6a83585-83d0-4616-a3d5-866875ad8a29#0:FAIL-t152, f2627371-a904-4314-a836-5eb8f54559ec<-1b813ef4-47a4-4bfc-8eb5-c34ae440adb1#0:FAIL-t152] and 0 exception(s); f2627371-a904-4314-a836-5eb8f54559ec@group-73E40DF2990B:t152, leader=null, voted=f2627371-a904-4314-a836-5eb8f54559ec, raftlog=f2627371-a904-4314-a836-5eb8f54559ec@group-73E40DF2990B-SegmentedRaftLog:OPENED:c-1,f-1,i0, conf=-1: [e6a83585-83d0-4616-a3d5-866875ad8a29:192.168.34.32:46159, f2627371-a904-4314-a836-5eb8f54559ec:192.168.34.32:33224, 1b813ef4-47a4-4bfc-8eb5-c34ae440adb1:192.168.34.32:36113], old=null
2019-10-21 19:12:57,736 [f2627371-a904-4314-a836-5eb8f54559ec@group-73E40DF2990B-LeaderElection139] INFO  impl.RaftServerImpl (RaftServerImpl.java:setRole(184)) - f2627371-a904-4314-a836-5eb8f54559ec@group-73E40DF2990B: changes role from CANDIDATE to FOLLOWER at term 152 for DISCOVERED_A_NEW_TERM
2019-10-21 19:12:57,736 [f2627371-a904-4314-a836-5eb8f54559ec@group-73E40DF2990B-LeaderElection139] INFO  impl.RoleInfo (RoleInfo.java:shutdownLeaderElection(134)) - f2627371-a904-4314-a836-5eb8f54559ec: shutdown LeaderElection
2019-10-21 19:12:57,736 [f2627371-a904-4314-a836-5eb8f54559ec@group-73E40DF2990B-LeaderElection139] INFO  impl.RoleInfo (RoleInfo.java:updateAndGet(143)) - f2627371-a904-4314-a836-5eb8f54559ec: start FollowerState
2019-10-21 19:12:57,851 [Thread-1154] INFO  impl.FollowerState (FollowerState.java:run(108)) - f2627371-a904-4314-a836-5eb8f54559ec@group-73E40DF2990B-FollowerState: change to CANDIDATE, lastRpcTime:115ms, electionTimeout:115ms
2019-10-21 19:12:57,851 [Thread-1154] INFO  impl.RoleInfo (RoleInfo.java:shutdownFollowerState(121)) - f2627371-a904-4314-a836-5eb8f54559ec: shutdown FollowerState
2019-10-21 19:12:57,852 [Thread-1154] INFO  impl.RaftServerImpl (RaftServerImpl.java:setRole(184)) - f2627371-a904-4314-a836-5eb8f54559ec@group-73E40DF2990B: changes role from  FOLLOWER to CANDIDATE at term 152 for changeToCandidate
2019-10-21 19:12:57,852 [Thread-1154] INFO  impl.RoleInfo (RoleInfo.java:updateAndGet(143)) - f2627371-a904-4314-a836-5eb8f54559ec: start LeaderElection
2019-10-21 19:12:57,868 [f2627371-a904-4314-a836-5eb8f54559ec@group-73E40DF2990B-LeaderElection140] INFO  impl.LeaderElection (LeaderElection.java:askForVotes(178)) - f2627371-a904-4314-a836-5eb8f54559ec@group-73E40DF2990B-LeaderElection140: begin an election at term 153 for -1: [e6a83585-83d0-4616-a3d5-866875ad8a29:192.168.34.32:46159, f2627371-a904-4314-a836-5eb8f54559ec:192.168.34.32:33224, 1b813ef4-47a4-4bfc-8eb5-c34ae440adb1:192.168.34.32:36113], old=null
2019-10-21 19:12:57,871 [grpc-default-executor-5] INFO  impl.RaftServerImpl (RaftServerImpl.java:setRole(184)) - e6a83585-83d0-4616-a3d5-866875ad8a29@group-73E40DF2990B: changes role from  FOLLOWER to FOLLOWER at term 153 for recognizeCandidate:f2627371-a904-4314-a836-5eb8f54559ec
2019-10-21 19:12:57,871 [grpc-default-executor-5] INFO  impl.RoleInfo (RoleInfo.java:shutdownFollowerState(121)) - e6a83585-83d0-4616-a3d5-866875ad8a29: shutdown FollowerState
2019-10-21 19:12:57,871 [grpc-default-executor-0] INFO  impl.RaftServerImpl (RaftServerImpl.java:setRole(184)) - 1b813ef4-47a4-4bfc-8eb5-c34ae440adb1@group-73E40DF2990B: changes role from  FOLLOWER to FOLLOWER at term 153 for recognizeCandidate:f2627371-a904-4314-a836-5eb8f54559ec
2019-10-21 19:12:57,872 [Thread-1152] INFO  impl.FollowerState (FollowerState.java:run(117)) - e6a83585-83d0-4616-a3d5-866875ad8a29@group-73E40DF2990B-FollowerState was interrupted: java.lang.InterruptedException: sleep interrupted
2019-10-21 19:12:57,871 [grpc-default-executor-5] INFO  impl.RoleInfo (RoleInfo.java:updateAndGet(143)) - e6a83585-83d0-4616-a3d5-866875ad8a29: start FollowerState
2019-10-21 19:12:57,872 [grpc-default-executor-0] INFO  impl.RoleInfo (RoleInfo.java:shutdownFollowerState(121)) - 1b813ef4-47a4-4bfc-8eb5-c34ae440adb1: shutdown FollowerState
2019-10-21 19:12:57,872 [grpc-default-executor-0] INFO  impl.RoleInfo (RoleInfo.java:updateAndGet(143)) - 1b813ef4-47a4-4bfc-8eb5-c34ae440adb1: start FollowerState
2019-10-21 19:12:57,872 [Thread-1153] INFO  impl.FollowerState (FollowerState.java:run(117)) - 1b813ef4-47a4-4bfc-8eb5-c34ae440adb1@group-73E40DF2990B-FollowerState was interrupted: java.lang.InterruptedException: sleep interrupted
2019-10-21 19:12:57,887 [f2627371-a904-4314-a836-5eb8f54559ec@group-73E40DF2990B-LeaderElection140] INFO  impl.LeaderElection (LeaderElection.java:logAndReturn(56)) - f2627371-a904-4314-a836-5eb8f54559ec@group-73E40DF2990B-LeaderElection140: Election REJECTED; received 2 response(s) [f2627371-a904-4314-a836-5eb8f54559ec<-e6a83585-83d0-4616-a3d5-866875ad8a29#0:FAIL-t153, f2627371-a904-4314-a836-5eb8f54559ec<-1b813ef4-47a4-4bfc-8eb5-c34ae440adb1#0:FAIL-t153] and 0 exception(s); f2627371-a904-4314-a836-5eb8f54559ec@group-73E40DF2990B:t153, leader=null, voted=f2627371-a904-4314-a836-5eb8f54559ec, raftlog=f2627371-a904-4314-a836-5eb8f54559ec@group-73E40DF2990B-SegmentedRaftLog:OPENED:c-1,f-1,i0, conf=-1: [e6a83585-83d0-4616-a3d5-866875ad8a29:192.168.34.32:46159, f2627371-a904-4314-a836-5eb8f54559ec:192.168.34.32:33224, 1b813ef4-47a4-4bfc-8eb5-c34ae440adb1:192.168.34.32:36113], old=null
2019-10-21 19:12:57,887 [f2627371-a904-4314-a836-5eb8f54559ec@group-73E40DF2990B-LeaderElection140] INFO  impl.RaftServerImpl (RaftServerImpl.java:setRole(184)) - f2627371-a904-4314-a836-5eb8f54559ec@group-73E40DF2990B: changes role from CANDIDATE to FOLLOWER at term 153 for DISCOVERED_A_NEW_TERM
2019-10-21 19:12:57,887 [f2627371-a904-4314-a836-5eb8f54559ec@group-73E40DF2990B-LeaderElection140] INFO  impl.RoleInfo (RoleInfo.java:shutdownLeaderElection(134)) - f2627371-a904-4314-a836-5eb8f54559ec: shutdown LeaderElection
2019-10-21 19:12:57,887 [f2627371-a904-4314-a836-5eb8f54559ec@group-73E40DF2990B-LeaderElection140] INFO  impl.RoleInfo (RoleInfo.java:updateAndGet(143)) - f2627371-a904-4314-a836-5eb8f54559ec: start FollowerState
2019-10-21 19:12:57,992 [Thread-1160] INFO  impl.FollowerState (FollowerState.java:run(108)) - f2627371-a904-4314-a836-5eb8f54559ec@group-73E40DF2990B-FollowerState: change to CANDIDATE, lastRpcTime:105ms, electionTimeout:105ms
2019-10-21 19:12:57,993 [Thread-1160] INFO  impl.RoleInfo (RoleInfo.java:shutdownFollowerState(121)) - f2627371-a904-4314-a836-5eb8f54559ec: shutdown FollowerState
2019-10-21 19:12:57,993 [Thread-1160] INFO  impl.RaftServerImpl (RaftServerImpl.java:setRole(184)) - f2627371-a904-4314-a836-5eb8f54559ec@group-73E40DF2990B: changes role from  FOLLOWER to CANDIDATE at term 153 for changeToCandidate
2019-10-21 19:12:57,993 [Thread-1160] INFO  impl.RoleInfo (RoleInfo.java:updateAndGet(143)) - f2627371-a904-4314-a836-5eb8f54559ec: start LeaderElection
2019-10-21 19:12:58,010 [f2627371-a904-4314-a836-5eb8f54559ec@group-73E40DF2990B-LeaderElection141] INFO  impl.LeaderElection (LeaderElection.java:askForVotes(178)) - f2627371-a904-4314-a836-5eb8f54559ec@group-73E40DF2990B-LeaderElection141: begin an election at term 154 for -1: [e6a83585-83d0-4616-a3d5-866875ad8a29:192.168.34.32:46159, f2627371-a904-4314-a836-5eb8f54559ec:192.168.34.32:33224, 1b813ef4-47a4-4bfc-8eb5-c34ae440adb1:192.168.34.32:36113], old=null
2019-10-21 19:12:58,013 [grpc-default-executor-0] INFO  impl.RaftServerImpl (RaftServerImpl.java:setRole(184)) - 1b813ef4-47a4-4bfc-8eb5-c34ae440adb1@group-73E40DF2990B: changes role from  FOLLOWER to FOLLOWER at term 154 for recognizeCandidate:f2627371-a904-4314-a836-5eb8f54559ec
2019-10-21 19:12:58,013 [grpc-default-executor-5] INFO  impl.RaftServerImpl (RaftServerImpl.java:setRole(184)) - e6a83585-83d0-4616-a3d5-866875ad8a29@group-73E40DF2990B: changes role from  FOLLOWER to FOLLOWER at term 154 for recognizeCandidate:f2627371-a904-4314-a836-5eb8f54559ec
2019-10-21 19:12:58,013 [grpc-default-executor-0] INFO  impl.RoleInfo (RoleInfo.java:shutdownFollowerState(121)) - 1b813ef4-47a4-4bfc-8eb5-c34ae440adb1: shutdown FollowerState
2019-10-21 19:12:58,014 [grpc-default-executor-5] INFO  impl.RoleInfo (RoleInfo.java:shutdownFollowerState(121)) - e6a83585-83d0-4616-a3d5-866875ad8a29: shutdown FollowerState
2019-10-21 19:12:58,014 [grpc-default-executor-0] INFO  impl.RoleInfo (RoleInfo.java:updateAndGet(143)) - 1b813ef4-47a4-4bfc-8eb5-c34ae440adb1: start FollowerState
2019-10-21 19:12:58,014 [Thread-1159] INFO  impl.FollowerState (FollowerState.java:run(117)) - 1b813ef4-47a4-4bfc-8eb5-c34ae440adb1@group-73E40DF2990B-FollowerState was interrupted: java.lang.InterruptedException: sleep interrupted
2019-10-21 19:12:58,014 [grpc-default-executor-5] INFO  impl.RoleInfo (RoleInfo.java:updateAndGet(143)) - e6a83585-83d0-4616-a3d5-866875ad8a29: start FollowerState
2019-10-21 19:12:58,014 [Thread-1158] INFO  impl.FollowerState (FollowerState.java:run(117)) - e6a83585-83d0-4616-a3d5-866875ad8a29@group-73E40DF2990B-FollowerState was interrupted: java.lang.InterruptedException: sleep interrupted
2019-10-21 19:12:58,029 [f2627371-a904-4314-a836-5eb8f54559ec@group-73E40DF2990B-LeaderElection141] INFO  impl.LeaderElection (LeaderElection.java:logAndReturn(56)) - f2627371-a904-4314-a836-5eb8f54559ec@group-73E40DF2990B-LeaderElection141: Election REJECTED; received 2 response(s) [f2627371-a904-4314-a836-5eb8f54559ec<-e6a83585-83d0-4616-a3d5-866875ad8a29#0:FAIL-t154, f2627371-a904-4314-a836-5eb8f54559ec<-1b813ef4-47a4-4bfc-8eb5-c34ae440adb1#0:FAIL-t154] and 0 exception(s); f2627371-a904-4314-a836-5eb8f54559ec@group-73E40DF2990B:t154, leader=null, voted=f2627371-a904-4314-a836-5eb8f54559ec, raftlog=f2627371-a904-4314-a836-5eb8f54559ec@group-73E40DF2990B-SegmentedRaftLog:OPENED:c-1,f-1,i0, conf=-1: [e6a83585-83d0-4616-a3d5-866875ad8a29:192.168.34.32:46159, f2627371-a904-4314-a836-5eb8f54559ec:192.168.34.32:33224, 1b813ef4-47a4-4bfc-8eb5-c34ae440adb1:192.168.34.32:36113], old=null
2019-10-21 19:12:58,029 [f2627371-a904-4314-a836-5eb8f54559ec@group-73E40DF2990B-LeaderElection141] INFO  impl.RaftServerImpl (RaftServerImpl.java:setRole(184)) - f2627371-a904-4314-a836-5eb8f54559ec@group-73E40DF2990B: changes role from CANDIDATE to FOLLOWER at term 154 for DISCOVERED_A_NEW_TERM
2019-10-21 19:12:58,029 [f2627371-a904-4314-a836-5eb8f54559ec@group-73E40DF2990B-LeaderElection141] INFO  impl.RoleInfo (RoleInfo.java:shutdownLeaderElection(134)) - f2627371-a904-4314-a836-5eb8f54559ec: shutdown LeaderElection
2019-10-21 19:12:58,029 [f2627371-a904-4314-a836-5eb8f54559ec@group-73E40DF2990B-LeaderElection141] INFO  impl.RoleInfo (RoleInfo.java:updateAndGet(143)) - f2627371-a904-4314-a836-5eb8f54559ec: start FollowerState
2019-10-21 19:12:58,108 [Thread-1166] INFO  impl.FollowerState (FollowerState.java:run(108)) - f2627371-a904-4314-a836-5eb8f54559ec@group-73E40DF2990B-FollowerState: change to CANDIDATE, lastRpcTime:78ms, electionTimeout:78ms
2019-10-21 19:12:58,108 [Thread-1166] INFO  impl.RoleInfo (RoleInfo.java:shutdownFollowerState(121)) - f2627371-a904-4314-a836-5eb8f54559ec: shutdown FollowerState
2019-10-21 19:12:58,108 [Thread-1166] INFO  impl.RaftServerImpl (RaftServerImpl.java:setRole(184)) - f2627371-a904-4314-a836-5eb8f54559ec@group-73E40DF2990B: changes role from  FOLLOWER to CANDIDATE at term 154 for changeToCandidate
2019-10-21 19:12:58,108 [Thread-1166] INFO  impl.RoleInfo (RoleInfo.java:updateAndGet(143)) - f2627371-a904-4314-a836-5eb8f54559ec: start LeaderElection
2019-10-21 19:12:58,122 [f2627371-a904-4314-a836-5eb8f54559ec@group-73E40DF2990B-LeaderElection142] INFO  impl.LeaderElection (LeaderElection.java:askForVotes(178)) - f2627371-a904-4314-a836-5eb8f54559ec@group-73E40DF2990B-LeaderElection142: begin an election at term 155 for -1: [e6a83585-83d0-4616-a3d5-866875ad8a29:192.168.34.32:46159, f2627371-a904-4314-a836-5eb8f54559ec:192.168.34.32:33224, 1b813ef4-47a4-4bfc-8eb5-c34ae440adb1:192.168.34.32:36113], old=null
2019-10-21 19:12:58,125 [grpc-default-executor-0] INFO  impl.RaftServerImpl (RaftServerImpl.java:setRole(184)) - e6a83585-83d0-4616-a3d5-866875ad8a29@group-73E40DF2990B: changes role from  FOLLOWER to FOLLOWER at term 155 for recognizeCandidate:f2627371-a904-4314-a836-5eb8f54559ec
2019-10-21 19:12:58,125 [grpc-default-executor-5] INFO  impl.RaftServerImpl (RaftServerImpl.java:setRole(184)) - 1b813ef4-47a4-4bfc-8eb5-c34ae440adb1@group-73E40DF2990B: changes role from  FOLLOWER to FOLLOWER at term 155 for recognizeCandidate:f2627371-a904-4314-a836-5eb8f54559ec
2019-10-21 19:12:58,125 [grpc-default-executor-0] INFO  impl.RoleInfo (RoleInfo.java:shutdownFollowerState(121)) - e6a83585-83d0-4616-a3d5-866875ad8a29: shutdown FollowerState
2019-10-21 19:12:58,125 [grpc-default-executor-5] INFO  impl.RoleInfo (RoleInfo.java:shutdownFollowerState(121)) - 1b813ef4-47a4-4bfc-8eb5-c34ae440adb1: shutdown FollowerState
2019-10-21 19:12:58,125 [Thread-1165] INFO  impl.FollowerState (FollowerState.java:run(117)) - e6a83585-83d0-4616-a3d5-866875ad8a29@group-73E40DF2990B-FollowerState was interrupted: java.lang.InterruptedException: sleep interrupted
2019-10-21 19:12:58,125 [grpc-default-executor-0] INFO  impl.RoleInfo (RoleInfo.java:updateAndGet(143)) - e6a83585-83d0-4616-a3d5-866875ad8a29: start FollowerState
2019-10-21 19:12:58,126 [Thread-1164] INFO  impl.FollowerState (FollowerState.java:run(117)) - 1b813ef4-47a4-4bfc-8eb5-c34ae440adb1@group-73E40DF2990B-FollowerState was interrupted: java.lang.InterruptedException: sleep interrupted
2019-10-21 19:12:58,125 [grpc-default-executor-5] INFO  impl.RoleInfo (RoleInfo.java:updateAndGet(143)) - 1b813ef4-47a4-4bfc-8eb5-c34ae440adb1: start FollowerState
2019-10-21 19:12:58,141 [f2627371-a904-4314-a836-5eb8f54559ec@group-73E40DF2990B-LeaderElection142] INFO  impl.LeaderElection (LeaderElection.java:logAndReturn(56)) - f2627371-a904-4314-a836-5eb8f54559ec@group-73E40DF2990B-LeaderElection142: Election REJECTED; received 2 response(s) [f2627371-a904-4314-a836-5eb8f54559ec<-e6a83585-83d0-4616-a3d5-866875ad8a29#0:FAIL-t155, f2627371-a904-4314-a836-5eb8f54559ec<-1b813ef4-47a4-4bfc-8eb5-c34ae440adb1#0:FAIL-t155] and 0 exception(s); f2627371-a904-4314-a836-5eb8f54559ec@group-73E40DF2990B:t155, leader=null, voted=f2627371-a904-4314-a836-5eb8f54559ec, raftlog=f2627371-a904-4314-a836-5eb8f54559ec@group-73E40DF2990B-SegmentedRaftLog:OPENED:c-1,f-1,i0, conf=-1: [e6a83585-83d0-4616-a3d5-866875ad8a29:192.168.34.32:46159, f2627371-a904-4314-a836-5eb8f54559ec:192.168.34.32:33224, 1b813ef4-47a4-4bfc-8eb5-c34ae440adb1:192.168.34.32:36113], old=null
2019-10-21 19:12:58,141 [f2627371-a904-4314-a836-5eb8f54559ec@group-73E40DF2990B-LeaderElection142] INFO  impl.RaftServerImpl (RaftServerImpl.java:setRole(184)) - f2627371-a904-4314-a836-5eb8f54559ec@group-73E40DF2990B: changes role from CANDIDATE to FOLLOWER at term 155 for DISCOVERED_A_NEW_TERM
2019-10-21 19:12:58,141 [f2627371-a904-4314-a836-5eb8f54559ec@group-73E40DF2990B-LeaderElection142] INFO  impl.RoleInfo (RoleInfo.java:shutdownLeaderElection(134)) - f2627371-a904-4314-a836-5eb8f54559ec: shutdown LeaderElection
2019-10-21 19:12:58,141 [f2627371-a904-4314-a836-5eb8f54559ec@group-73E40DF2990B-LeaderElection142] INFO  impl.RoleInfo (RoleInfo.java:updateAndGet(143)) - f2627371-a904-4314-a836-5eb8f54559ec: start FollowerState
2019-10-21 19:12:58,245 [Thread-1172] INFO  impl.FollowerState (FollowerState.java:run(108)) - f2627371-a904-4314-a836-5eb8f54559ec@group-73E40DF2990B-FollowerState: change to CANDIDATE, lastRpcTime:103ms, electionTimeout:103ms
2019-10-21 19:12:58,245 [Thread-1172] INFO  impl.RoleInfo (RoleInfo.java:shutdownFollowerState(121)) - f2627371-a904-4314-a836-5eb8f54559ec: shutdown FollowerState
2019-10-21 19:12:58,245 [Thread-1172] INFO  impl.RaftServerImpl (RaftServerImpl.java:setRole(184)) - f2627371-a904-4314-a836-5eb8f54559ec@group-73E40DF2990B: changes role from  FOLLOWER to CANDIDATE at term 155 for changeToCandidate
2019-10-21 19:12:58,245 [Thread-1172] INFO  impl.RoleInfo (RoleInfo.java:updateAndGet(143)) - f2627371-a904-4314-a836-5eb8f54559ec: start LeaderElection
2019-10-21 19:12:58,261 [f2627371-a904-4314-a836-5eb8f54559ec@group-73E40DF2990B-LeaderElection143] INFO  impl.LeaderElection (LeaderElection.java:askForVotes(178)) - f2627371-a904-4314-a836-5eb8f54559ec@group-73E40DF2990B-LeaderElection143: begin an election at term 156 for -1: [e6a83585-83d0-4616-a3d5-866875ad8a29:192.168.34.32:46159, f2627371-a904-4314-a836-5eb8f54559ec:192.168.34.32:33224, 1b813ef4-47a4-4bfc-8eb5-c34ae440adb1:192.168.34.32:36113], old=null
2019-10-21 19:12:58,263 [grpc-default-executor-0] INFO  impl.RaftServerImpl (RaftServerImpl.java:setRole(184)) - e6a83585-83d0-4616-a3d5-866875ad8a29@group-73E40DF2990B: changes role from  FOLLOWER to FOLLOWER at term 156 for recognizeCandidate:f2627371-a904-4314-a836-5eb8f54559ec
2019-10-21 19:12:58,263 [grpc-default-executor-0] INFO  impl.RoleInfo (RoleInfo.java:shutdownFollowerState(121)) - e6a83585-83d0-4616-a3d5-866875ad8a29: shutdown FollowerState
2019-10-21 19:12:58,263 [grpc-default-executor-0] INFO  impl.RoleInfo (RoleInfo.java:updateAndGet(143)) - e6a83585-83d0-4616-a3d5-866875ad8a29: start FollowerState
2019-10-21 19:12:58,263 [Thread-1170] INFO  impl.FollowerState (FollowerState.java:run(117)) - e6a83585-83d0-4616-a3d5-866875ad8a29@group-73E40DF2990B-FollowerState was interrupted: java.lang.InterruptedException: sleep interrupted
2019-10-21 19:12:58,263 [grpc-default-executor-5] INFO  impl.RaftServerImpl (RaftServerImpl.java:setRole(184)) - 1b813ef4-47a4-4bfc-8eb5-c34ae440adb1@group-73E40DF2990B: changes role from  FOLLOWER to FOLLOWER at term 156 for recognizeCandidate:f2627371-a904-4314-a836-5eb8f54559ec
2019-10-21 19:12:58,264 [grpc-default-executor-5] INFO  impl.RoleInfo (RoleInfo.java:shutdownFollowerState(121)) - 1b813ef4-47a4-4bfc-8eb5-c34ae440adb1: shutdown FollowerState
2019-10-21 19:12:58,264 [grpc-default-executor-5] INFO  impl.RoleInfo (RoleInfo.java:updateAndGet(143)) - 1b813ef4-47a4-4bfc-8eb5-c34ae440adb1: start FollowerState
2019-10-21 19:12:58,264 [Thread-1171] INFO  impl.FollowerState (FollowerState.java:run(117)) - 1b813ef4-47a4-4bfc-8eb5-c34ae440adb1@group-73E40DF2990B-FollowerState was interrupted: java.lang.InterruptedException: sleep interrupted
2019-10-21 19:12:58,278 [f2627371-a904-4314-a836-5eb8f54559ec@group-73E40DF2990B-LeaderElection143] INFO  impl.LeaderElection (LeaderElection.java:logAndReturn(56)) - f2627371-a904-4314-a836-5eb8f54559ec@group-73E40DF2990B-LeaderElection143: Election REJECTED; received 2 response(s) [f2627371-a904-4314-a836-5eb8f54559ec<-e6a83585-83d0-4616-a3d5-866875ad8a29#0:FAIL-t156, f2627371-a904-4314-a836-5eb8f54559ec<-1b813ef4-47a4-4bfc-8eb5-c34ae440adb1#0:FAIL-t156] and 0 exception(s); f2627371-a904-4314-a836-5eb8f54559ec@group-73E40DF2990B:t156, leader=null, voted=f2627371-a904-4314-a836-5eb8f54559ec, raftlog=f2627371-a904-4314-a836-5eb8f54559ec@group-73E40DF2990B-SegmentedRaftLog:OPENED:c-1,f-1,i0, conf=-1: [e6a83585-83d0-4616-a3d5-866875ad8a29:192.168.34.32:46159, f2627371-a904-4314-a836-5eb8f54559ec:192.168.34.32:33224, 1b813ef4-47a4-4bfc-8eb5-c34ae440adb1:192.168.34.32:36113], old=null
2019-10-21 19:12:58,279 [f2627371-a904-4314-a836-5eb8f54559ec@group-73E40DF2990B-LeaderElection143] INFO  impl.RaftServerImpl (RaftServerImpl.java:setRole(184)) - f2627371-a904-4314-a836-5eb8f54559ec@group-73E40DF2990B: changes role from CANDIDATE to FOLLOWER at term 156 for DISCOVERED_A_NEW_TERM
2019-10-21 19:12:58,279 [f2627371-a904-4314-a836-5eb8f54559ec@group-73E40DF2990B-LeaderElection143] INFO  impl.RoleInfo (RoleInfo.java:shutdownLeaderElection(134)) - f2627371-a904-4314-a836-5eb8f54559ec: shutdown LeaderElection
2019-10-21 19:12:58,279 [f2627371-a904-4314-a836-5eb8f54559ec@group-73E40DF2990B-LeaderElection143] INFO  impl.RoleInfo (RoleInfo.java:updateAndGet(143)) - f2627371-a904-4314-a836-5eb8f54559ec: start FollowerState
2019-10-21 19:12:58,351 [Thread-1178] INFO  impl.FollowerState (FollowerState.java:run(108)) - f2627371-a904-4314-a836-5eb8f54559ec@group-73E40DF2990B-FollowerState: change to CANDIDATE, lastRpcTime:72ms, electionTimeout:72ms
2019-10-21 19:12:58,351 [Thread-1178] INFO  impl.RoleInfo (RoleInfo.java:shutdownFollowerState(121)) - f2627371-a904-4314-a836-5eb8f54559ec: shutdown FollowerState
2019-10-21 19:12:58,351 [Thread-1178] INFO  impl.RaftServerImpl (RaftServerImpl.java:setRole(184)) - f2627371-a904-4314-a836-5eb8f54559ec@group-73E40DF2990B: changes role from  FOLLOWER to CANDIDATE at term 156 for changeToCandidate
2019-10-21 19:12:58,352 [Thread-1178] INFO  impl.RoleInfo (RoleInfo.java:updateAndGet(143)) - f2627371-a904-4314-a836-5eb8f54559ec: start LeaderElection
2019-10-21 19:12:58,367 [f2627371-a904-4314-a836-5eb8f54559ec@group-73E40DF2990B-LeaderElection144] INFO  impl.LeaderElection (LeaderElection.java:askForVotes(178)) - f2627371-a904-4314-a836-5eb8f54559ec@group-73E40DF2990B-LeaderElection144: begin an election at term 157 for -1: [e6a83585-83d0-4616-a3d5-866875ad8a29:192.168.34.32:46159, f2627371-a904-4314-a836-5eb8f54559ec:192.168.34.32:33224, 1b813ef4-47a4-4bfc-8eb5-c34ae440adb1:192.168.34.32:36113], old=null
2019-10-21 19:12:58,370 [grpc-default-executor-0] INFO  impl.RaftServerImpl (RaftServerImpl.java:setRole(184)) - e6a83585-83d0-4616-a3d5-866875ad8a29@group-73E40DF2990B: changes role from  FOLLOWER to FOLLOWER at term 157 for recognizeCandidate:f2627371-a904-4314-a836-5eb8f54559ec
2019-10-21 19:12:58,370 [grpc-default-executor-5] INFO  impl.RaftServerImpl (RaftServerImpl.java:setRole(184)) - 1b813ef4-47a4-4bfc-8eb5-c34ae440adb1@group-73E40DF2990B: changes role from  FOLLOWER to FOLLOWER at term 157 for recognizeCandidate:f2627371-a904-4314-a836-5eb8f54559ec
2019-10-21 19:12:58,370 [grpc-default-executor-5] INFO  impl.RoleInfo (RoleInfo.java:shutdownFollowerState(121)) - 1b813ef4-47a4-4bfc-8eb5-c34ae440adb1: shutdown FollowerState
2019-10-21 19:12:58,370 [grpc-default-executor-0] INFO  impl.RoleInfo (RoleInfo.java:shutdownFollowerState(121)) - e6a83585-83d0-4616-a3d5-866875ad8a29: shutdown FollowerState
2019-10-21 19:12:58,371 [grpc-default-executor-5] INFO  impl.RoleInfo (RoleInfo.java:updateAndGet(143)) - 1b813ef4-47a4-4bfc-8eb5-c34ae440adb1: start FollowerState
2019-10-21 19:12:58,371 [grpc-default-executor-0] INFO  impl.RoleInfo (RoleInfo.java:updateAndGet(143)) - e6a83585-83d0-4616-a3d5-866875ad8a29: start FollowerState
2019-10-21 19:12:58,371 [Thread-1177] INFO  impl.FollowerState (FollowerState.java:run(117)) - 1b813ef4-47a4-4bfc-8eb5-c34ae440adb1@group-73E40DF2990B-FollowerState was interrupted: java.lang.InterruptedException: sleep interrupted
2019-10-21 19:12:58,371 [Thread-1176] INFO  impl.FollowerState (FollowerState.java:run(117)) - e6a83585-83d0-4616-a3d5-866875ad8a29@group-73E40DF2990B-FollowerState was interrupted: java.lang.InterruptedException: sleep interrupted
2019-10-21 19:12:58,386 [f2627371-a904-4314-a836-5eb8f54559ec@group-73E40DF2990B-LeaderElection144] INFO  impl.LeaderElection (LeaderElection.java:logAndReturn(56)) - f2627371-a904-4314-a836-5eb8f54559ec@group-73E40DF2990B-LeaderElection144: Election REJECTED; received 2 response(s) [f2627371-a904-4314-a836-5eb8f54559ec<-e6a83585-83d0-4616-a3d5-866875ad8a29#0:FAIL-t157, f2627371-a904-4314-a836-5eb8f54559ec<-1b813ef4-47a4-4bfc-8eb5-c34ae440adb1#0:FAIL-t157] and 0 exception(s); f2627371-a904-4314-a836-5eb8f54559ec@group-73E40DF2990B:t157, leader=null, voted=f2627371-a904-4314-a836-5eb8f54559ec, raftlog=f2627371-a904-4314-a836-5eb8f54559ec@group-73E40DF2990B-SegmentedRaftLog:OPENED:c-1,f-1,i0, conf=-1: [e6a83585-83d0-4616-a3d5-866875ad8a29:192.168.34.32:46159, f2627371-a904-4314-a836-5eb8f54559ec:192.168.34.32:33224, 1b813ef4-47a4-4bfc-8eb5-c34ae440adb1:192.168.34.32:36113], old=null
2019-10-21 19:12:58,386 [f2627371-a904-4314-a836-5eb8f54559ec@group-73E40DF2990B-LeaderElection144] INFO  impl.RaftServerImpl (RaftServerImpl.java:setRole(184)) - f2627371-a904-4314-a836-5eb8f54559ec@group-73E40DF2990B: changes role from CANDIDATE to FOLLOWER at term 157 for DISCOVERED_A_NEW_TERM
2019-10-21 19:12:58,386 [f2627371-a904-4314-a836-5eb8f54559ec@group-73E40DF2990B-LeaderElection144] INFO  impl.RoleInfo (RoleInfo.java:shutdownLeaderElection(134)) - f2627371-a904-4314-a836-5eb8f54559ec: shutdown LeaderElection
2019-10-21 19:12:58,386 [f2627371-a904-4314-a836-5eb8f54559ec@group-73E40DF2990B-LeaderElection144] INFO  impl.RoleInfo (RoleInfo.java:updateAndGet(143)) - f2627371-a904-4314-a836-5eb8f54559ec: start FollowerState
2019-10-21 19:12:58,490 [Thread-1186] INFO  impl.FollowerState (FollowerState.java:run(108)) - f2627371-a904-4314-a836-5eb8f54559ec@group-73E40DF2990B-FollowerState: change to CANDIDATE, lastRpcTime:103ms, electionTimeout:103ms
2019-10-21 19:12:58,490 [Thread-1186] INFO  impl.RoleInfo (RoleInfo.java:shutdownFollowerState(121)) - f2627371-a904-4314-a836-5eb8f54559ec: shutdown FollowerState
2019-10-21 19:12:58,490 [Thread-1186] INFO  impl.RaftServerImpl (RaftServerImpl.java:setRole(184)) - f2627371-a904-4314-a836-5eb8f54559ec@group-73E40DF2990B: changes role from  FOLLOWER to CANDIDATE at term 157 for changeToCandidate
2019-10-21 19:12:58,490 [Thread-1186] INFO  impl.RoleInfo (RoleInfo.java:updateAndGet(143)) - f2627371-a904-4314-a836-5eb8f54559ec: start LeaderElection
2019-10-21 19:12:58,506 [f2627371-a904-4314-a836-5eb8f54559ec@group-73E40DF2990B-LeaderElection145] INFO  impl.LeaderElection (LeaderElection.java:askForVotes(178)) - f2627371-a904-4314-a836-5eb8f54559ec@group-73E40DF2990B-LeaderElection145: begin an election at term 158 for -1: [e6a83585-83d0-4616-a3d5-866875ad8a29:192.168.34.32:46159, f2627371-a904-4314-a836-5eb8f54559ec:192.168.34.32:33224, 1b813ef4-47a4-4bfc-8eb5-c34ae440adb1:192.168.34.32:36113], old=null
2019-10-21 19:12:58,509 [grpc-default-executor-0] INFO  impl.RaftServerImpl (RaftServerImpl.java:setRole(184)) - e6a83585-83d0-4616-a3d5-866875ad8a29@group-73E40DF2990B: changes role from  FOLLOWER to FOLLOWER at term 158 for recognizeCandidate:f2627371-a904-4314-a836-5eb8f54559ec
2019-10-21 19:12:58,509 [grpc-default-executor-0] INFO  impl.RoleInfo (RoleInfo.java:shutdownFollowerState(121)) - e6a83585-83d0-4616-a3d5-866875ad8a29: shutdown FollowerState
2019-10-21 19:12:58,509 [grpc-default-executor-5] INFO  impl.RaftServerImpl (RaftServerImpl.java:setRole(184)) - 1b813ef4-47a4-4bfc-8eb5-c34ae440adb1@group-73E40DF2990B: changes role from  FOLLOWER to FOLLOWER at term 158 for recognizeCandidate:f2627371-a904-4314-a836-5eb8f54559ec
2019-10-21 19:12:58,509 [Thread-1185] INFO  impl.FollowerState (FollowerState.java:run(117)) - e6a83585-83d0-4616-a3d5-866875ad8a29@group-73E40DF2990B-FollowerState was interrupted: java.lang.InterruptedException: sleep interrupted
2019-10-21 19:12:58,509 [grpc-default-executor-0] INFO  impl.RoleInfo (RoleInfo.java:updateAndGet(143)) - e6a83585-83d0-4616-a3d5-866875ad8a29: start FollowerState
2019-10-21 19:12:58,509 [grpc-default-executor-5] INFO  impl.RoleInfo (RoleInfo.java:shutdownFollowerState(121)) - 1b813ef4-47a4-4bfc-8eb5-c34ae440adb1: shutdown FollowerState
2019-10-21 19:12:58,510 [grpc-default-executor-5] INFO  impl.RoleInfo (RoleInfo.java:updateAndGet(143)) - 1b813ef4-47a4-4bfc-8eb5-c34ae440adb1: start FollowerState
2019-10-21 19:12:58,510 [Thread-1184] INFO  impl.FollowerState (FollowerState.java:run(117)) - 1b813ef4-47a4-4bfc-8eb5-c34ae440adb1@group-73E40DF2990B-FollowerState was interrupted: java.lang.InterruptedException: sleep interrupted
2019-10-21 19:12:58,524 [f2627371-a904-4314-a836-5eb8f54559ec@group-73E40DF2990B-LeaderElection145] INFO  impl.LeaderElection (LeaderElection.java:logAndReturn(56)) - f2627371-a904-4314-a836-5eb8f54559ec@group-73E40DF2990B-LeaderElection145: Election REJECTED; received 2 response(s) [f2627371-a904-4314-a836-5eb8f54559ec<-e6a83585-83d0-4616-a3d5-866875ad8a29#0:FAIL-t158, f2627371-a904-4314-a836-5eb8f54559ec<-1b813ef4-47a4-4bfc-8eb5-c34ae440adb1#0:FAIL-t158] and 0 exception(s); f2627371-a904-4314-a836-5eb8f54559ec@group-73E40DF2990B:t158, leader=null, voted=f2627371-a904-4314-a836-5eb8f54559ec, raftlog=f2627371-a904-4314-a836-5eb8f54559ec@group-73E40DF2990B-SegmentedRaftLog:OPENED:c-1,f-1,i0, conf=-1: [e6a83585-83d0-4616-a3d5-866875ad8a29:192.168.34.32:46159, f2627371-a904-4314-a836-5eb8f54559ec:192.168.34.32:33224, 1b813ef4-47a4-4bfc-8eb5-c34ae440adb1:192.168.34.32:36113], old=null
2019-10-21 19:12:58,525 [f2627371-a904-4314-a836-5eb8f54559ec@group-73E40DF2990B-LeaderElection145] INFO  impl.RaftServerImpl (RaftServerImpl.java:setRole(184)) - f2627371-a904-4314-a836-5eb8f54559ec@group-73E40DF2990B: changes role from CANDIDATE to FOLLOWER at term 158 for DISCOVERED_A_NEW_TERM
2019-10-21 19:12:58,525 [f2627371-a904-4314-a836-5eb8f54559ec@group-73E40DF2990B-LeaderElection145] INFO  impl.RoleInfo (RoleInfo.java:shutdownLeaderElection(134)) - f2627371-a904-4314-a836-5eb8f54559ec: shutdown LeaderElection
2019-10-21 19:12:58,525 [f2627371-a904-4314-a836-5eb8f54559ec@group-73E40DF2990B-LeaderElection145] INFO  impl.RoleInfo (RoleInfo.java:updateAndGet(143)) - f2627371-a904-4314-a836-5eb8f54559ec: start FollowerState
2019-10-21 19:12:58,551 [Thread-1192] INFO  impl.FollowerState (FollowerState.java:run(108)) - f2627371-a904-4314-a836-5eb8f54559ec@group-73E40DF2990B-FollowerState: change to CANDIDATE, lastRpcTime:26ms, electionTimeout:26ms
2019-10-21 19:12:58,551 [Thread-1192] INFO  impl.RoleInfo (RoleInfo.java:shutdownFollowerState(121)) - f2627371-a904-4314-a836-5eb8f54559ec: shutdown FollowerState
2019-10-21 19:12:58,551 [Thread-1192] INFO  impl.RaftServerImpl (RaftServerImpl.java:setRole(184)) - f2627371-a904-4314-a836-5eb8f54559ec@group-73E40DF2990B: changes role from  FOLLOWER to CANDIDATE at term 158 for changeToCandidate
2019-10-21 19:12:58,551 [Thread-1192] INFO  impl.RoleInfo (RoleInfo.java:updateAndGet(143)) - f2627371-a904-4314-a836-5eb8f54559ec: start LeaderElection
2019-10-21 19:12:58,565 [f2627371-a904-4314-a836-5eb8f54559ec@group-73E40DF2990B-LeaderElection146] INFO  impl.LeaderElection (LeaderElection.java:askForVotes(178)) - f2627371-a904-4314-a836-5eb8f54559ec@group-73E40DF2990B-LeaderElection146: begin an election at term 159 for -1: [e6a83585-83d0-4616-a3d5-866875ad8a29:192.168.34.32:46159, f2627371-a904-4314-a836-5eb8f54559ec:192.168.34.32:33224, 1b813ef4-47a4-4bfc-8eb5-c34ae440adb1:192.168.34.32:36113], old=null
2019-10-21 19:12:58,567 [grpc-default-executor-0] INFO  impl.RaftServerImpl (RaftServerImpl.java:setRole(184)) - e6a83585-83d0-4616-a3d5-866875ad8a29@group-73E40DF2990B: changes role from  FOLLOWER to FOLLOWER at term 159 for recognizeCandidate:f2627371-a904-4314-a836-5eb8f54559ec
2019-10-21 19:12:58,568 [grpc-default-executor-0] INFO  impl.RoleInfo (RoleInfo.java:shutdownFollowerState(121)) - e6a83585-83d0-4616-a3d5-866875ad8a29: shutdown FollowerState
2019-10-21 19:12:58,568 [grpc-default-executor-0] INFO  impl.RoleInfo (RoleInfo.java:updateAndGet(143)) - e6a83585-83d0-4616-a3d5-866875ad8a29: start FollowerState
2019-10-21 19:12:58,568 [Thread-1190] INFO  impl.FollowerState (FollowerState.java:run(117)) - e6a83585-83d0-4616-a3d5-866875ad8a29@group-73E40DF2990B-FollowerState was interrupted: java.lang.InterruptedException: sleep interrupted
2019-10-21 19:12:58,568 [grpc-default-executor-5] INFO  impl.RaftServerImpl (RaftServerImpl.java:setRole(184)) - 1b813ef4-47a4-4bfc-8eb5-c34ae440adb1@group-73E40DF2990B: changes role from  FOLLOWER to FOLLOWER at term 159 for recognizeCandidate:f2627371-a904-4314-a836-5eb8f54559ec
2019-10-21 19:12:58,568 [grpc-default-executor-5] INFO  impl.RoleInfo (RoleInfo.java:shutdownFollowerState(121)) - 1b813ef4-47a4-4bfc-8eb5-c34ae440adb1: shutdown FollowerState
2019-10-21 19:12:58,568 [grpc-default-executor-5] INFO  impl.RoleInfo (RoleInfo.java:updateAndGet(143)) - 1b813ef4-47a4-4bfc-8eb5-c34ae440adb1: start FollowerState
2019-10-21 19:12:58,568 [Thread-1191] INFO  impl.FollowerState (FollowerState.java:run(117)) - 1b813ef4-47a4-4bfc-8eb5-c34ae440adb1@group-73E40DF2990B-FollowerState was interrupted: java.lang.InterruptedException: sleep interrupted
2019-10-21 19:12:58,582 [f2627371-a904-4314-a836-5eb8f54559ec@group-73E40DF2990B-LeaderElection146] INFO  impl.LeaderElection (LeaderElection.java:logAndReturn(56)) - f2627371-a904-4314-a836-5eb8f54559ec@group-73E40DF2990B-LeaderElection146: Election REJECTED; received 2 response(s) [f2627371-a904-4314-a836-5eb8f54559ec<-e6a83585-83d0-4616-a3d5-866875ad8a29#0:FAIL-t159, f2627371-a904-4314-a836-5eb8f54559ec<-1b813ef4-47a4-4bfc-8eb5-c34ae440adb1#0:FAIL-t159] and 0 exception(s); f2627371-a904-4314-a836-5eb8f54559ec@group-73E40DF2990B:t159, leader=null, voted=f2627371-a904-4314-a836-5eb8f54559ec, raftlog=f2627371-a904-4314-a836-5eb8f54559ec@group-73E40DF2990B-SegmentedRaftLog:OPENED:c-1,f-1,i0, conf=-1: [e6a83585-83d0-4616-a3d5-866875ad8a29:192.168.34.32:46159, f2627371-a904-4314-a836-5eb8f54559ec:192.168.34.32:33224, 1b813ef4-47a4-4bfc-8eb5-c34ae440adb1:192.168.34.32:36113], old=null
2019-10-21 19:12:58,582 [f2627371-a904-4314-a836-5eb8f54559ec@group-73E40DF2990B-LeaderElection146] INFO  impl.RaftServerImpl (RaftServerImpl.java:setRole(184)) - f2627371-a904-4314-a836-5eb8f54559ec@group-73E40DF2990B: changes role from CANDIDATE to FOLLOWER at term 159 for DISCOVERED_A_NEW_TERM
2019-10-21 19:12:58,582 [f2627371-a904-4314-a836-5eb8f54559ec@group-73E40DF2990B-LeaderElection146] INFO  impl.RoleInfo (RoleInfo.java:shutdownLeaderElection(134)) - f2627371-a904-4314-a836-5eb8f54559ec: shutdown LeaderElection
2019-10-21 19:12:58,582 [f2627371-a904-4314-a836-5eb8f54559ec@group-73E40DF2990B-LeaderElection146] INFO  impl.RoleInfo (RoleInfo.java:updateAndGet(143)) - f2627371-a904-4314-a836-5eb8f54559ec: start FollowerState
2019-10-21 19:12:58,612 [Thread-1198] INFO  impl.FollowerState (FollowerState.java:run(108)) - f2627371-a904-4314-a836-5eb8f54559ec@group-73E40DF2990B-FollowerState: change to CANDIDATE, lastRpcTime:30ms, electionTimeout:30ms
2019-10-21 19:12:58,613 [Thread-1198] INFO  impl.RoleInfo (RoleInfo.java:shutdownFollowerState(121)) - f2627371-a904-4314-a836-5eb8f54559ec: shutdown FollowerState
2019-10-21 19:12:58,613 [Thread-1198] INFO  impl.RaftServerImpl (RaftServerImpl.java:setRole(184)) - f2627371-a904-4314-a836-5eb8f54559ec@group-73E40DF2990B: changes role from  FOLLOWER to CANDIDATE at term 159 for changeToCandidate
2019-10-21 19:12:58,613 [Thread-1198] INFO  impl.RoleInfo (RoleInfo.java:updateAndGet(143)) - f2627371-a904-4314-a836-5eb8f54559ec: start LeaderElection
2019-10-21 19:12:58,627 [f2627371-a904-4314-a836-5eb8f54559ec@group-73E40DF2990B-LeaderElection147] INFO  impl.LeaderElection (LeaderElection.java:askForVotes(178)) - f2627371-a904-4314-a836-5eb8f54559ec@group-73E40DF2990B-LeaderElection147: begin an election at term 160 for -1: [e6a83585-83d0-4616-a3d5-866875ad8a29:192.168.34.32:46159, f2627371-a904-4314-a836-5eb8f54559ec:192.168.34.32:33224, 1b813ef4-47a4-4bfc-8eb5-c34ae440adb1:192.168.34.32:36113], old=null
2019-10-21 19:12:58,629 [grpc-default-executor-0] INFO  impl.RaftServerImpl (RaftServerImpl.java:setRole(184)) - 1b813ef4-47a4-4bfc-8eb5-c34ae440adb1@group-73E40DF2990B: changes role from  FOLLOWER to FOLLOWER at term 160 for recognizeCandidate:f2627371-a904-4314-a836-5eb8f54559ec
2019-10-21 19:12:58,630 [grpc-default-executor-0] INFO  impl.RoleInfo (RoleInfo.java:shutdownFollowerState(121)) - 1b813ef4-47a4-4bfc-8eb5-c34ae440adb1: shutdown FollowerState
2019-10-21 19:12:58,629 [grpc-default-executor-5] INFO  impl.RaftServerImpl (RaftServerImpl.java:setRole(184)) - e6a83585-83d0-4616-a3d5-866875ad8a29@group-73E40DF2990B: changes role from  FOLLOWER to FOLLOWER at term 160 for recognizeCandidate:f2627371-a904-4314-a836-5eb8f54559ec
2019-10-21 19:12:58,630 [grpc-default-executor-5] INFO  impl.RoleInfo (RoleInfo.java:shutdownFollowerState(121)) - e6a83585-83d0-4616-a3d5-866875ad8a29: shutdown FollowerState
2019-10-21 19:12:58,630 [Thread-1197] INFO  impl.FollowerState (FollowerState.java:run(117)) - 1b813ef4-47a4-4bfc-8eb5-c34ae440adb1@group-73E40DF2990B-FollowerState was interrupted: java.lang.InterruptedException: sleep interrupted
2019-10-21 19:12:58,630 [Thread-1196] INFO  impl.FollowerState (FollowerState.java:run(117)) - e6a83585-83d0-4616-a3d5-866875ad8a29@group-73E40DF2990B-FollowerState was interrupted: java.lang.InterruptedException: sleep interrupted
2019-10-21 19:12:58,630 [grpc-default-executor-0] INFO  impl.RoleInfo (RoleInfo.java:updateAndGet(143)) - 1b813ef4-47a4-4bfc-8eb5-c34ae440adb1: start FollowerState
2019-10-21 19:12:58,630 [grpc-default-executor-5] INFO  impl.RoleInfo (RoleInfo.java:updateAndGet(143)) - e6a83585-83d0-4616-a3d5-866875ad8a29: start FollowerState
2019-10-21 19:12:58,645 [f2627371-a904-4314-a836-5eb8f54559ec@group-73E40DF2990B-LeaderElection147] INFO  impl.LeaderElection (LeaderElection.java:logAndReturn(56)) - f2627371-a904-4314-a836-5eb8f54559ec@group-73E40DF2990B-LeaderElection147: Election REJECTED; received 2 response(s) [f2627371-a904-4314-a836-5eb8f54559ec<-e6a83585-83d0-4616-a3d5-866875ad8a29#0:FAIL-t160, f2627371-a904-4314-a836-5eb8f54559ec<-1b813ef4-47a4-4bfc-8eb5-c34ae440adb1#0:FAIL-t160] and 0 exception(s); f2627371-a904-4314-a836-5eb8f54559ec@group-73E40DF2990B:t160, leader=null, voted=f2627371-a904-4314-a836-5eb8f54559ec, raftlog=f2627371-a904-4314-a836-5eb8f54559ec@group-73E40DF2990B-SegmentedRaftLog:OPENED:c-1,f-1,i0, conf=-1: [e6a83585-83d0-4616-a3d5-866875ad8a29:192.168.34.32:46159, f2627371-a904-4314-a836-5eb8f54559ec:192.168.34.32:33224, 1b813ef4-47a4-4bfc-8eb5-c34ae440adb1:192.168.34.32:36113], old=null
2019-10-21 19:12:58,645 [f2627371-a904-4314-a836-5eb8f54559ec@group-73E40DF2990B-LeaderElection147] INFO  impl.RaftServerImpl (RaftServerImpl.java:setRole(184)) - f2627371-a904-4314-a836-5eb8f54559ec@group-73E40DF2990B: changes role from CANDIDATE to FOLLOWER at term 160 for DISCOVERED_A_NEW_TERM
2019-10-21 19:12:58,646 [f2627371-a904-4314-a836-5eb8f54559ec@group-73E40DF2990B-LeaderElection147] INFO  impl.RoleInfo (RoleInfo.java:shutdownLeaderElection(134)) - f2627371-a904-4314-a836-5eb8f54559ec: shutdown LeaderElection
2019-10-21 19:12:58,646 [f2627371-a904-4314-a836-5eb8f54559ec@group-73E40DF2990B-LeaderElection147] INFO  impl.RoleInfo (RoleInfo.java:updateAndGet(143)) - f2627371-a904-4314-a836-5eb8f54559ec: start FollowerState
2019-10-21 19:12:58,690 [Thread-1204] INFO  impl.FollowerState (FollowerState.java:run(108)) - f2627371-a904-4314-a836-5eb8f54559ec@group-73E40DF2990B-FollowerState: change to CANDIDATE, lastRpcTime:44ms, electionTimeout:44ms
2019-10-21 19:12:58,690 [Thread-1204] INFO  impl.RoleInfo (RoleInfo.java:shutdownFollowerState(121)) - f2627371-a904-4314-a836-5eb8f54559ec: shutdown FollowerState
2019-10-21 19:12:58,690 [Thread-1204] INFO  impl.RaftServerImpl (RaftServerImpl.java:setRole(184)) - f2627371-a904-4314-a836-5eb8f54559ec@group-73E40DF2990B: changes role from  FOLLOWER to CANDIDATE at term 160 for changeToCandidate
2019-10-21 19:12:58,691 [Thread-1204] INFO  impl.RoleInfo (RoleInfo.java:updateAndGet(143)) - f2627371-a904-4314-a836-5eb8f54559ec: start LeaderElection
2019-10-21 19:12:58,705 [f2627371-a904-4314-a836-5eb8f54559ec@group-73E40DF2990B-LeaderElection148] INFO  impl.LeaderElection (LeaderElection.java:askForVotes(178)) - f2627371-a904-4314-a836-5eb8f54559ec@group-73E40DF2990B-LeaderElection148: begin an election at term 161 for -1: [e6a83585-83d0-4616-a3d5-866875ad8a29:192.168.34.32:46159, f2627371-a904-4314-a836-5eb8f54559ec:192.168.34.32:33224, 1b813ef4-47a4-4bfc-8eb5-c34ae440adb1:192.168.34.32:36113], old=null
2019-10-21 19:12:58,707 [grpc-default-executor-5] INFO  impl.RaftServerImpl (RaftServerImpl.java:setRole(184)) - e6a83585-83d0-4616-a3d5-866875ad8a29@group-73E40DF2990B: changes role from  FOLLOWER to FOLLOWER at term 161 for recognizeCandidate:f2627371-a904-4314-a836-5eb8f54559ec
2019-10-21 19:12:58,708 [grpc-default-executor-5] INFO  impl.RoleInfo (RoleInfo.java:shutdownFollowerState(121)) - e6a83585-83d0-4616-a3d5-866875ad8a29: shutdown FollowerState
2019-10-21 19:12:58,708 [grpc-default-executor-5] INFO  impl.RoleInfo (RoleInfo.java:updateAndGet(143)) - e6a83585-83d0-4616-a3d5-866875ad8a29: start FollowerState
2019-10-21 19:12:58,708 [Thread-1203] INFO  impl.FollowerState (FollowerState.java:run(117)) - e6a83585-83d0-4616-a3d5-866875ad8a29@group-73E40DF2990B-FollowerState was interrupted: java.lang.InterruptedException: sleep interrupted
2019-10-21 19:12:58,708 [grpc-default-executor-0] INFO  impl.RaftServerImpl (RaftServerImpl.java:setRole(184)) - 1b813ef4-47a4-4bfc-8eb5-c34ae440adb1@group-73E40DF2990B: changes role from  FOLLOWER to FOLLOWER at term 161 for recognizeCandidate:f2627371-a904-4314-a836-5eb8f54559ec
2019-10-21 19:12:58,708 [grpc-default-executor-0] INFO  impl.RoleInfo (RoleInfo.java:shutdownFollowerState(121)) - 1b813ef4-47a4-4bfc-8eb5-c34ae440adb1: shutdown FollowerState
2019-10-21 19:12:58,708 [grpc-default-executor-0] INFO  impl.RoleInfo (RoleInfo.java:updateAndGet(143)) - 1b813ef4-47a4-4bfc-8eb5-c34ae440adb1: start FollowerState
2019-10-21 19:12:58,709 [Thread-1202] INFO  impl.FollowerState (FollowerState.java:run(117)) - 1b813ef4-47a4-4bfc-8eb5-c34ae440adb1@group-73E40DF2990B-FollowerState was interrupted: java.lang.InterruptedException: sleep interrupted
2019-10-21 19:12:58,725 [f2627371-a904-4314-a836-5eb8f54559ec@group-73E40DF2990B-LeaderElection148] INFO  impl.LeaderElection (LeaderElection.java:logAndReturn(56)) - f2627371-a904-4314-a836-5eb8f54559ec@group-73E40DF2990B-LeaderElection148: Election REJECTED; received 2 response(s) [f2627371-a904-4314-a836-5eb8f54559ec<-e6a83585-83d0-4616-a3d5-866875ad8a29#0:FAIL-t161, f2627371-a904-4314-a836-5eb8f54559ec<-1b813ef4-47a4-4bfc-8eb5-c34ae440adb1#0:FAIL-t161] and 0 exception(s); f2627371-a904-4314-a836-5eb8f54559ec@group-73E40DF2990B:t161, leader=null, voted=f2627371-a904-4314-a836-5eb8f54559ec, raftlog=f2627371-a904-4314-a836-5eb8f54559ec@group-73E40DF2990B-SegmentedRaftLog:OPENED:c-1,f-1,i0, conf=-1: [e6a83585-83d0-4616-a3d5-866875ad8a29:192.168.34.32:46159, f2627371-a904-4314-a836-5eb8f54559ec:192.168.34.32:33224, 1b813ef4-47a4-4bfc-8eb5-c34ae440adb1:192.168.34.32:36113], old=null
2019-10-21 19:12:58,725 [f2627371-a904-4314-a836-5eb8f54559ec@group-73E40DF2990B-LeaderElection148] INFO  impl.RaftServerImpl (RaftServerImpl.java:setRole(184)) - f2627371-a904-4314-a836-5eb8f54559ec@group-73E40DF2990B: changes role from CANDIDATE to FOLLOWER at term 161 for DISCOVERED_A_NEW_TERM
2019-10-21 19:12:58,725 [f2627371-a904-4314-a836-5eb8f54559ec@group-73E40DF2990B-LeaderElection148] INFO  impl.RoleInfo (RoleInfo.java:shutdownLeaderElection(134)) - f2627371-a904-4314-a836-5eb8f54559ec: shutdown LeaderElection
2019-10-21 19:12:58,725 [f2627371-a904-4314-a836-5eb8f54559ec@group-73E40DF2990B-LeaderElection148] INFO  impl.RoleInfo (RoleInfo.java:updateAndGet(143)) - f2627371-a904-4314-a836-5eb8f54559ec: start FollowerState
2019-10-21 19:12:58,911 [Thread-1210] INFO  impl.FollowerState (FollowerState.java:run(108)) - f2627371-a904-4314-a836-5eb8f54559ec@group-73E40DF2990B-FollowerState: change to CANDIDATE, lastRpcTime:185ms, electionTimeout:185ms
2019-10-21 19:12:58,911 [Thread-1210] INFO  impl.RoleInfo (RoleInfo.java:shutdownFollowerState(121)) - f2627371-a904-4314-a836-5eb8f54559ec: shutdown FollowerState
2019-10-21 19:12:58,911 [Thread-1210] INFO  impl.RaftServerImpl (RaftServerImpl.java:setRole(184)) - f2627371-a904-4314-a836-5eb8f54559ec@group-73E40DF2990B: changes role from  FOLLOWER to CANDIDATE at term 161 for changeToCandidate
2019-10-21 19:12:58,912 [Thread-1210] INFO  impl.RoleInfo (RoleInfo.java:updateAndGet(143)) - f2627371-a904-4314-a836-5eb8f54559ec: start LeaderElection
2019-10-21 19:12:58,962 [f2627371-a904-4314-a836-5eb8f54559ec@group-73E40DF2990B-LeaderElection149] INFO  impl.LeaderElection (LeaderElection.java:askForVotes(178)) - f2627371-a904-4314-a836-5eb8f54559ec@group-73E40DF2990B-LeaderElection149: begin an election at term 162 for -1: [e6a83585-83d0-4616-a3d5-866875ad8a29:192.168.34.32:46159, f2627371-a904-4314-a836-5eb8f54559ec:192.168.34.32:33224, 1b813ef4-47a4-4bfc-8eb5-c34ae440adb1:192.168.34.32:36113], old=null
2019-10-21 19:12:58,970 [grpc-default-executor-0] INFO  impl.RaftServerImpl (RaftServerImpl.java:setRole(184)) - 1b813ef4-47a4-4bfc-8eb5-c34ae440adb1@group-73E40DF2990B: changes role from  FOLLOWER to FOLLOWER at term 162 for recognizeCandidate:f2627371-a904-4314-a836-5eb8f54559ec
2019-10-21 19:12:58,970 [grpc-default-executor-0] INFO  impl.RoleInfo (RoleInfo.java:shutdownFollowerState(121)) - 1b813ef4-47a4-4bfc-8eb5-c34ae440adb1: shutdown FollowerState
2019-10-21 19:12:58,971 [grpc-default-executor-0] INFO  impl.RoleInfo (RoleInfo.java:updateAndGet(143)) - 1b813ef4-47a4-4bfc-8eb5-c34ae440adb1: start FollowerState
2019-10-21 19:12:58,971 [grpc-default-executor-5] INFO  impl.RaftServerImpl (RaftServerImpl.java:setRole(184)) - e6a83585-83d0-4616-a3d5-866875ad8a29@group-73E40DF2990B: changes role from  FOLLOWER to FOLLOWER at term 162 for recognizeCandidate:f2627371-a904-4314-a836-5eb8f54559ec
2019-10-21 19:12:58,971 [grpc-default-executor-5] INFO  impl.RoleInfo (RoleInfo.java:shutdownFollowerState(121)) - e6a83585-83d0-4616-a3d5-866875ad8a29: shutdown FollowerState
2019-10-21 19:12:58,972 [grpc-default-executor-5] INFO  impl.RoleInfo (RoleInfo.java:updateAndGet(143)) - e6a83585-83d0-4616-a3d5-866875ad8a29: start FollowerState
2019-10-21 19:12:58,972 [Thread-1208] INFO  impl.FollowerState (FollowerState.java:run(117)) - e6a83585-83d0-4616-a3d5-866875ad8a29@group-73E40DF2990B-FollowerState was interrupted: java.lang.InterruptedException: sleep interrupted
2019-10-21 19:12:58,972 [Thread-1209] INFO  impl.FollowerState (FollowerState.java:run(117)) - 1b813ef4-47a4-4bfc-8eb5-c34ae440adb1@group-73E40DF2990B-FollowerState was interrupted: java.lang.InterruptedException: sleep interrupted
2019-10-21 19:12:58,988 [f2627371-a904-4314-a836-5eb8f54559ec@group-73E40DF2990B-LeaderElection149] INFO  impl.LeaderElection (LeaderElection.java:logAndReturn(56)) - f2627371-a904-4314-a836-5eb8f54559ec@group-73E40DF2990B-LeaderElection149: Election REJECTED; received 2 response(s) [f2627371-a904-4314-a836-5eb8f54559ec<-e6a83585-83d0-4616-a3d5-866875ad8a29#0:FAIL-t162, f2627371-a904-4314-a836-5eb8f54559ec<-1b813ef4-47a4-4bfc-8eb5-c34ae440adb1#0:FAIL-t162] and 0 exception(s); f2627371-a904-4314-a836-5eb8f54559ec@group-73E40DF2990B:t162, leader=null, voted=f2627371-a904-4314-a836-5eb8f54559ec, raftlog=f2627371-a904-4314-a836-5eb8f54559ec@group-73E40DF2990B-SegmentedRaftLog:OPENED:c-1,f-1,i0, conf=-1: [e6a83585-83d0-4616-a3d5-866875ad8a29:192.168.34.32:46159, f2627371-a904-4314-a836-5eb8f54559ec:192.168.34.32:33224, 1b813ef4-47a4-4bfc-8eb5-c34ae440adb1:192.168.34.32:36113], old=null
2019-10-21 19:12:58,988 [f2627371-a904-4314-a836-5eb8f54559ec@group-73E40DF2990B-LeaderElection149] INFO  impl.RaftServerImpl (RaftServerImpl.java:setRole(184)) - f2627371-a904-4314-a836-5eb8f54559ec@group-73E40DF2990B: changes role from CANDIDATE to FOLLOWER at term 162 for DISCOVERED_A_NEW_TERM
2019-10-21 19:12:58,988 [f2627371-a904-4314-a836-5eb8f54559ec@group-73E40DF2990B-LeaderElection149] INFO  impl.RoleInfo (RoleInfo.java:shutdownLeaderElection(134)) - f2627371-a904-4314-a836-5eb8f54559ec: shutdown LeaderElection
2019-10-21 19:12:58,988 [f2627371-a904-4314-a836-5eb8f54559ec@group-73E40DF2990B-LeaderElection149] INFO  impl.RoleInfo (RoleInfo.java:updateAndGet(143)) - f2627371-a904-4314-a836-5eb8f54559ec: start FollowerState
2019-10-21 19:12:59,109 [Thread-1216] INFO  impl.FollowerState (FollowerState.java:run(108)) - f2627371-a904-4314-a836-5eb8f54559ec@group-73E40DF2990B-FollowerState: change to CANDIDATE, lastRpcTime:120ms, electionTimeout:120ms
2019-10-21 19:12:59,109 [Thread-1216] INFO  impl.RoleInfo (RoleInfo.java:shutdownFollowerState(121)) - f2627371-a904-4314-a836-5eb8f54559ec: shutdown FollowerState
2019-10-21 19:12:59,109 [Thread-1216] INFO  impl.RaftServerImpl (RaftServerImpl.java:setRole(184)) - f2627371-a904-4314-a836-5eb8f54559ec@group-73E40DF2990B: changes role from  FOLLOWER to CANDIDATE at term 162 for changeToCandidate
2019-10-21 19:12:59,110 [Thread-1216] INFO  impl.RoleInfo (RoleInfo.java:updateAndGet(143)) - f2627371-a904-4314-a836-5eb8f54559ec: start LeaderElection
2019-10-21 19:12:59,138 [f2627371-a904-4314-a836-5eb8f54559ec@group-73E40DF2990B-LeaderElection150] INFO  impl.LeaderElection (LeaderElection.java:askForVotes(178)) - f2627371-a904-4314-a836-5eb8f54559ec@group-73E40DF2990B-LeaderElection150: begin an election at term 163 for -1: [e6a83585-83d0-4616-a3d5-866875ad8a29:192.168.34.32:46159, f2627371-a904-4314-a836-5eb8f54559ec:192.168.34.32:33224, 1b813ef4-47a4-4bfc-8eb5-c34ae440adb1:192.168.34.32:36113], old=null
2019-10-21 19:12:59,142 [grpc-default-executor-0] INFO  impl.RaftServerImpl (RaftServerImpl.java:setRole(184)) - e6a83585-83d0-4616-a3d5-866875ad8a29@group-73E40DF2990B: changes role from  FOLLOWER to FOLLOWER at term 163 for recognizeCandidate:f2627371-a904-4314-a836-5eb8f54559ec
2019-10-21 19:12:59,142 [grpc-default-executor-0] INFO  impl.RoleInfo (RoleInfo.java:shutdownFollowerState(121)) - e6a83585-83d0-4616-a3d5-866875ad8a29: shutdown FollowerState
2019-10-21 19:12:59,142 [grpc-default-executor-0] INFO  impl.RoleInfo (RoleInfo.java:updateAndGet(143)) - e6a83585-83d0-4616-a3d5-866875ad8a29: start FollowerState
2019-10-21 19:12:59,142 [grpc-default-executor-5] INFO  impl.RaftServerImpl (RaftServerImpl.java:setRole(184)) - 1b813ef4-47a4-4bfc-8eb5-c34ae440adb1@group-73E40DF2990B: changes role from  FOLLOWER to FOLLOWER at term 163 for recognizeCandidate:f2627371-a904-4314-a836-5eb8f54559ec
2019-10-21 19:12:59,142 [Thread-1215] INFO  impl.FollowerState (FollowerState.java:run(117)) - e6a83585-83d0-4616-a3d5-866875ad8a29@group-73E40DF2990B-FollowerState was interrupted: java.lang.InterruptedException: sleep interrupted
2019-10-21 19:12:59,142 [grpc-default-executor-5] INFO  impl.RoleInfo (RoleInfo.java:shutdownFollowerState(121)) - 1b813ef4-47a4-4bfc-8eb5-c34ae440adb1: shutdown FollowerState
2019-10-21 19:12:59,143 [grpc-default-executor-5] INFO  impl.RoleInfo (RoleInfo.java:updateAndGet(143)) - 1b813ef4-47a4-4bfc-8eb5-c34ae440adb1: start FollowerState
2019-10-21 19:12:59,143 [Thread-1214] INFO  impl.FollowerState (FollowerState.java:run(117)) - 1b813ef4-47a4-4bfc-8eb5-c34ae440adb1@group-73E40DF2990B-FollowerState was interrupted: java.lang.InterruptedException: sleep interrupted
2019-10-21 19:12:59,158 [f2627371-a904-4314-a836-5eb8f54559ec@group-73E40DF2990B-LeaderElection150] INFO  impl.LeaderElection (LeaderElection.java:logAndReturn(56)) - f2627371-a904-4314-a836-5eb8f54559ec@group-73E40DF2990B-LeaderElection150: Election REJECTED; received 2 response(s) [f2627371-a904-4314-a836-5eb8f54559ec<-e6a83585-83d0-4616-a3d5-866875ad8a29#0:FAIL-t163, f2627371-a904-4314-a836-5eb8f54559ec<-1b813ef4-47a4-4bfc-8eb5-c34ae440adb1#0:FAIL-t163] and 0 exception(s); f2627371-a904-4314-a836-5eb8f54559ec@group-73E40DF2990B:t163, leader=null, voted=f2627371-a904-4314-a836-5eb8f54559ec, raftlog=f2627371-a904-4314-a836-5eb8f54559ec@group-73E40DF2990B-SegmentedRaftLog:OPENED:c-1,f-1,i0, conf=-1: [e6a83585-83d0-4616-a3d5-866875ad8a29:192.168.34.32:46159, f2627371-a904-4314-a836-5eb8f54559ec:192.168.34.32:33224, 1b813ef4-47a4-4bfc-8eb5-c34ae440adb1:192.168.34.32:36113], old=null
2019-10-21 19:12:59,158 [f2627371-a904-4314-a836-5eb8f54559ec@group-73E40DF2990B-LeaderElection150] INFO  impl.RaftServerImpl (RaftServerImpl.java:setRole(184)) - f2627371-a904-4314-a836-5eb8f54559ec@group-73E40DF2990B: changes role from CANDIDATE to FOLLOWER at term 163 for DISCOVERED_A_NEW_TERM
2019-10-21 19:12:59,158 [f2627371-a904-4314-a836-5eb8f54559ec@group-73E40DF2990B-LeaderElection150] INFO  impl.RoleInfo (RoleInfo.java:shutdownLeaderElection(134)) - f2627371-a904-4314-a836-5eb8f54559ec: shutdown LeaderElection
2019-10-21 19:12:59,158 [f2627371-a904-4314-a836-5eb8f54559ec@group-73E40DF2990B-LeaderElection150] INFO  impl.RoleInfo (RoleInfo.java:updateAndGet(143)) - f2627371-a904-4314-a836-5eb8f54559ec: start FollowerState
2019-10-21 19:12:59,184 [Thread-1222] INFO  impl.FollowerState (FollowerState.java:run(108)) - f2627371-a904-4314-a836-5eb8f54559ec@group-73E40DF2990B-FollowerState: change to CANDIDATE, lastRpcTime:25ms, electionTimeout:25ms
2019-10-21 19:12:59,184 [Thread-1222] INFO  impl.RoleInfo (RoleInfo.java:shutdownFollowerState(121)) - f2627371-a904-4314-a836-5eb8f54559ec: shutdown FollowerState
2019-10-21 19:12:59,184 [Thread-1222] INFO  impl.RaftServerImpl (RaftServerImpl.java:setRole(184)) - f2627371-a904-4314-a836-5eb8f54559ec@group-73E40DF2990B: changes role from  FOLLOWER to CANDIDATE at term 163 for changeToCandidate
2019-10-21 19:12:59,184 [Thread-1222] INFO  impl.RoleInfo (RoleInfo.java:updateAndGet(143)) - f2627371-a904-4314-a836-5eb8f54559ec: start LeaderElection
2019-10-21 19:12:59,199 [f2627371-a904-4314-a836-5eb8f54559ec@group-73E40DF2990B-LeaderElection151] INFO  impl.LeaderElection (LeaderElection.java:askForVotes(178)) - f2627371-a904-4314-a836-5eb8f54559ec@group-73E40DF2990B-LeaderElection151: begin an election at term 164 for -1: [e6a83585-83d0-4616-a3d5-866875ad8a29:192.168.34.32:46159, f2627371-a904-4314-a836-5eb8f54559ec:192.168.34.32:33224, 1b813ef4-47a4-4bfc-8eb5-c34ae440adb1:192.168.34.32:36113], old=null
2019-10-21 19:12:59,203 [grpc-default-executor-0] INFO  impl.RaftServerImpl (RaftServerImpl.java:setRole(184)) - e6a83585-83d0-4616-a3d5-866875ad8a29@group-73E40DF2990B: changes role from  FOLLOWER to FOLLOWER at term 164 for recognizeCandidate:f2627371-a904-4314-a836-5eb8f54559ec
2019-10-21 19:12:59,203 [grpc-default-executor-5] INFO  impl.RaftServerImpl (RaftServerImpl.java:setRole(184)) - 1b813ef4-47a4-4bfc-8eb5-c34ae440adb1@group-73E40DF2990B: changes role from  FOLLOWER to FOLLOWER at term 164 for recognizeCandidate:f2627371-a904-4314-a836-5eb8f54559ec
2019-10-21 19:12:59,203 [grpc-default-executor-0] INFO  impl.RoleInfo (RoleInfo.java:shutdownFollowerState(121)) - e6a83585-83d0-4616-a3d5-866875ad8a29: shutdown FollowerState
2019-10-21 19:12:59,204 [grpc-default-executor-5] INFO  impl.RoleInfo (RoleInfo.java:shutdownFollowerState(121)) - 1b813ef4-47a4-4bfc-8eb5-c34ae440adb1: shutdown FollowerState
2019-10-21 19:12:59,204 [grpc-default-executor-0] INFO  impl.RoleInfo (RoleInfo.java:updateAndGet(143)) - e6a83585-83d0-4616-a3d5-866875ad8a29: start FollowerState
2019-10-21 19:12:59,204 [grpc-default-executor-5] INFO  impl.RoleInfo (RoleInfo.java:updateAndGet(143)) - 1b813ef4-47a4-4bfc-8eb5-c34ae440adb1: start FollowerState
2019-10-21 19:12:59,204 [Thread-1220] INFO  impl.FollowerState (FollowerState.java:run(117)) - e6a83585-83d0-4616-a3d5-866875ad8a29@group-73E40DF2990B-FollowerState was interrupted: java.lang.InterruptedException: sleep interrupted
2019-10-21 19:12:59,204 [Thread-1221] INFO  impl.FollowerState (FollowerState.java:run(117)) - 1b813ef4-47a4-4bfc-8eb5-c34ae440adb1@group-73E40DF2990B-FollowerState was interrupted: java.lang.InterruptedException: sleep interrupted
2019-10-21 19:12:59,219 [f2627371-a904-4314-a836-5eb8f54559ec@group-73E40DF2990B-LeaderElection151] INFO  impl.LeaderElection (LeaderElection.java:logAndReturn(56)) - f2627371-a904-4314-a836-5eb8f54559ec@group-73E40DF2990B-LeaderElection151: Election REJECTED; received 2 response(s) [f2627371-a904-4314-a836-5eb8f54559ec<-e6a83585-83d0-4616-a3d5-866875ad8a29#0:FAIL-t164, f2627371-a904-4314-a836-5eb8f54559ec<-1b813ef4-47a4-4bfc-8eb5-c34ae440adb1#0:FAIL-t164] and 0 exception(s); f2627371-a904-4314-a836-5eb8f54559ec@group-73E40DF2990B:t164, leader=null, voted=f2627371-a904-4314-a836-5eb8f54559ec, raftlog=f2627371-a904-4314-a836-5eb8f54559ec@group-73E40DF2990B-SegmentedRaftLog:OPENED:c-1,f-1,i0, conf=-1: [e6a83585-83d0-4616-a3d5-866875ad8a29:192.168.34.32:46159, f2627371-a904-4314-a836-5eb8f54559ec:192.168.34.32:33224, 1b813ef4-47a4-4bfc-8eb5-c34ae440adb1:192.168.34.32:36113], old=null
2019-10-21 19:12:59,219 [f2627371-a904-4314-a836-5eb8f54559ec@group-73E40DF2990B-LeaderElection151] INFO  impl.RaftServerImpl (RaftServerImpl.java:setRole(184)) - f2627371-a904-4314-a836-5eb8f54559ec@group-73E40DF2990B: changes role from CANDIDATE to FOLLOWER at term 164 for DISCOVERED_A_NEW_TERM
2019-10-21 19:12:59,219 [f2627371-a904-4314-a836-5eb8f54559ec@group-73E40DF2990B-LeaderElection151] INFO  impl.RoleInfo (RoleInfo.java:shutdownLeaderElection(134)) - f2627371-a904-4314-a836-5eb8f54559ec: shutdown LeaderElection
2019-10-21 19:12:59,219 [f2627371-a904-4314-a836-5eb8f54559ec@group-73E40DF2990B-LeaderElection151] INFO  impl.RoleInfo (RoleInfo.java:updateAndGet(143)) - f2627371-a904-4314-a836-5eb8f54559ec: start FollowerState
2019-10-21 19:12:59,324 [Thread-1228] INFO  impl.FollowerState (FollowerState.java:run(108)) - f2627371-a904-4314-a836-5eb8f54559ec@group-73E40DF2990B-FollowerState: change to CANDIDATE, lastRpcTime:104ms, electionTimeout:104ms
2019-10-21 19:12:59,324 [Thread-1228] INFO  impl.RoleInfo (RoleInfo.java:shutdownFollowerState(121)) - f2627371-a904-4314-a836-5eb8f54559ec: shutdown FollowerState
2019-10-21 19:12:59,324 [Thread-1228] INFO  impl.RaftServerImpl (RaftServerImpl.java:setRole(184)) - f2627371-a904-4314-a836-5eb8f54559ec@group-73E40DF2990B: changes role from  FOLLOWER to CANDIDATE at term 164 for changeToCandidate
2019-10-21 19:12:59,324 [Thread-1228] INFO  impl.RoleInfo (RoleInfo.java:updateAndGet(143)) - f2627371-a904-4314-a836-5eb8f54559ec: start LeaderElection
2019-10-21 19:12:59,351 [f2627371-a904-4314-a836-5eb8f54559ec@group-73E40DF2990B-LeaderElection152] INFO  impl.LeaderElection (LeaderElection.java:askForVotes(178)) - f2627371-a904-4314-a836-5eb8f54559ec@group-73E40DF2990B-LeaderElection152: begin an election at term 165 for -1: [e6a83585-83d0-4616-a3d5-866875ad8a29:192.168.34.32:46159, f2627371-a904-4314-a836-5eb8f54559ec:192.168.34.32:33224, 1b813ef4-47a4-4bfc-8eb5-c34ae440adb1:192.168.34.32:36113], old=null
2019-10-21 19:12:59,354 [grpc-default-executor-0] INFO  impl.RaftServerImpl (RaftServerImpl.java:setRole(184)) - e6a83585-83d0-4616-a3d5-866875ad8a29@group-73E40DF2990B: changes role from  FOLLOWER to FOLLOWER at term 165 for recognizeCandidate:f2627371-a904-4314-a836-5eb8f54559ec
2019-10-21 19:12:59,355 [grpc-default-executor-0] INFO  impl.RoleInfo (RoleInfo.java:shutdownFollowerState(121)) - e6a83585-83d0-4616-a3d5-866875ad8a29: shutdown FollowerState
2019-10-21 19:12:59,355 [grpc-default-executor-0] INFO  impl.RoleInfo (RoleInfo.java:updateAndGet(143)) - e6a83585-83d0-4616-a3d5-866875ad8a29: start FollowerState
2019-10-21 19:12:59,355 [grpc-default-executor-5] INFO  impl.RaftServerImpl (RaftServerImpl.java:setRole(184)) - 1b813ef4-47a4-4bfc-8eb5-c34ae440adb1@group-73E40DF2990B: changes role from  FOLLOWER to FOLLOWER at term 165 for recognizeCandidate:f2627371-a904-4314-a836-5eb8f54559ec
2019-10-21 19:12:59,355 [grpc-default-executor-5] INFO  impl.RoleInfo (RoleInfo.java:shutdownFollowerState(121)) - 1b813ef4-47a4-4bfc-8eb5-c34ae440adb1: shutdown FollowerState
2019-10-21 19:12:59,355 [Thread-1226] INFO  impl.FollowerState (FollowerState.java:run(117)) - e6a83585-83d0-4616-a3d5-866875ad8a29@group-73E40DF2990B-FollowerState was interrupted: java.lang.InterruptedException: sleep interrupted
2019-10-21 19:12:59,355 [grpc-default-executor-5] INFO  impl.RoleInfo (RoleInfo.java:updateAndGet(143)) - 1b813ef4-47a4-4bfc-8eb5-c34ae440adb1: start FollowerState
2019-10-21 19:12:59,355 [Thread-1227] INFO  impl.FollowerState (FollowerState.java:run(117)) - 1b813ef4-47a4-4bfc-8eb5-c34ae440adb1@group-73E40DF2990B-FollowerState was interrupted: java.lang.InterruptedException: sleep interrupted
2019-10-21 19:12:59,369 [f2627371-a904-4314-a836-5eb8f54559ec@group-73E40DF2990B-LeaderElection152] INFO  impl.LeaderElection (LeaderElection.java:logAndReturn(56)) - f2627371-a904-4314-a836-5eb8f54559ec@group-73E40DF2990B-LeaderElection152: Election REJECTED; received 2 response(s) [f2627371-a904-4314-a836-5eb8f54559ec<-e6a83585-83d0-4616-a3d5-866875ad8a29#0:FAIL-t165, f2627371-a904-4314-a836-5eb8f54559ec<-1b813ef4-47a4-4bfc-8eb5-c34ae440adb1#0:FAIL-t165] and 0 exception(s); f2627371-a904-4314-a836-5eb8f54559ec@group-73E40DF2990B:t165, leader=null, voted=f2627371-a904-4314-a836-5eb8f54559ec, raftlog=f2627371-a904-4314-a836-5eb8f54559ec@group-73E40DF2990B-SegmentedRaftLog:OPENED:c-1,f-1,i0, conf=-1: [e6a83585-83d0-4616-a3d5-866875ad8a29:192.168.34.32:46159, f2627371-a904-4314-a836-5eb8f54559ec:192.168.34.32:33224, 1b813ef4-47a4-4bfc-8eb5-c34ae440adb1:192.168.34.32:36113], old=null
2019-10-21 19:12:59,370 [f2627371-a904-4314-a836-5eb8f54559ec@group-73E40DF2990B-LeaderElection152] INFO  impl.RaftServerImpl (RaftServerImpl.java:setRole(184)) - f2627371-a904-4314-a836-5eb8f54559ec@group-73E40DF2990B: changes role from CANDIDATE to FOLLOWER at term 165 for DISCOVERED_A_NEW_TERM
2019-10-21 19:12:59,370 [f2627371-a904-4314-a836-5eb8f54559ec@group-73E40DF2990B-LeaderElection152] INFO  impl.RoleInfo (RoleInfo.java:shutdownLeaderElection(134)) - f2627371-a904-4314-a836-5eb8f54559ec: shutdown LeaderElection
2019-10-21 19:12:59,370 [f2627371-a904-4314-a836-5eb8f54559ec@group-73E40DF2990B-LeaderElection152] INFO  impl.RoleInfo (RoleInfo.java:updateAndGet(143)) - f2627371-a904-4314-a836-5eb8f54559ec: start FollowerState
2019-10-21 19:12:59,409 [Thread-1236] INFO  impl.FollowerState (FollowerState.java:run(108)) - f2627371-a904-4314-a836-5eb8f54559ec@group-73E40DF2990B-FollowerState: change to CANDIDATE, lastRpcTime:39ms, electionTimeout:39ms
2019-10-21 19:12:59,409 [Thread-1236] INFO  impl.RoleInfo (RoleInfo.java:shutdownFollowerState(121)) - f2627371-a904-4314-a836-5eb8f54559ec: shutdown FollowerState
2019-10-21 19:12:59,410 [Thread-1236] INFO  impl.RaftServerImpl (RaftServerImpl.java:setRole(184)) - f2627371-a904-4314-a836-5eb8f54559ec@group-73E40DF2990B: changes role from  FOLLOWER to CANDIDATE at term 165 for changeToCandidate
2019-10-21 19:12:59,410 [Thread-1236] INFO  impl.RoleInfo (RoleInfo.java:updateAndGet(143)) - f2627371-a904-4314-a836-5eb8f54559ec: start LeaderElection
2019-10-21 19:12:59,424 [f2627371-a904-4314-a836-5eb8f54559ec@group-73E40DF2990B-LeaderElection153] INFO  impl.LeaderElection (LeaderElection.java:askForVotes(178)) - f2627371-a904-4314-a836-5eb8f54559ec@group-73E40DF2990B-LeaderElection153: begin an election at term 166 for -1: [e6a83585-83d0-4616-a3d5-866875ad8a29:192.168.34.32:46159, f2627371-a904-4314-a836-5eb8f54559ec:192.168.34.32:33224, 1b813ef4-47a4-4bfc-8eb5-c34ae440adb1:192.168.34.32:36113], old=null
2019-10-21 19:12:59,426 [grpc-default-executor-5] INFO  impl.RaftServerImpl (RaftServerImpl.java:setRole(184)) - e6a83585-83d0-4616-a3d5-866875ad8a29@group-73E40DF2990B: changes role from  FOLLOWER to FOLLOWER at term 166 for recognizeCandidate:f2627371-a904-4314-a836-5eb8f54559ec
2019-10-21 19:12:59,426 [grpc-default-executor-5] INFO  impl.RoleInfo (RoleInfo.java:shutdownFollowerState(121)) - e6a83585-83d0-4616-a3d5-866875ad8a29: shutdown FollowerState
2019-10-21 19:12:59,426 [grpc-default-executor-5] INFO  impl.RoleInfo (RoleInfo.java:updateAndGet(143)) - e6a83585-83d0-4616-a3d5-866875ad8a29: start FollowerState
2019-10-21 19:12:59,426 [Thread-1234] INFO  impl.FollowerState (FollowerState.java:run(117)) - e6a83585-83d0-4616-a3d5-866875ad8a29@group-73E40DF2990B-FollowerState was interrupted: java.lang.InterruptedException: sleep interrupted
2019-10-21 19:12:59,426 [grpc-default-executor-0] INFO  impl.RaftServerImpl (RaftServerImpl.java:setRole(184)) - 1b813ef4-47a4-4bfc-8eb5-c34ae440adb1@group-73E40DF2990B: changes role from  FOLLOWER to FOLLOWER at term 166 for recognizeCandidate:f2627371-a904-4314-a836-5eb8f54559ec
2019-10-21 19:12:59,427 [grpc-default-executor-0] INFO  impl.RoleInfo (RoleInfo.java:shutdownFollowerState(121)) - 1b813ef4-47a4-4bfc-8eb5-c34ae440adb1: shutdown FollowerState
2019-10-21 19:12:59,427 [grpc-default-executor-0] INFO  impl.RoleInfo (RoleInfo.java:updateAndGet(143)) - 1b813ef4-47a4-4bfc-8eb5-c34ae440adb1: start FollowerState
2019-10-21 19:12:59,427 [Thread-1235] INFO  impl.FollowerState (FollowerState.java:run(117)) - 1b813ef4-47a4-4bfc-8eb5-c34ae440adb1@group-73E40DF2990B-FollowerState was interrupted: java.lang.InterruptedException: sleep interrupted
2019-10-21 19:12:59,442 [f2627371-a904-4314-a836-5eb8f54559ec@group-73E40DF2990B-LeaderElection153] INFO  impl.LeaderElection (LeaderElection.java:logAndReturn(56)) - f2627371-a904-4314-a836-5eb8f54559ec@group-73E40DF2990B-LeaderElection153: Election REJECTED; received 2 response(s) [f2627371-a904-4314-a836-5eb8f54559ec<-e6a83585-83d0-4616-a3d5-866875ad8a29#0:FAIL-t166, f2627371-a904-4314-a836-5eb8f54559ec<-1b813ef4-47a4-4bfc-8eb5-c34ae440adb1#0:FAIL-t166] and 0 exception(s); f2627371-a904-4314-a836-5eb8f54559ec@group-73E40DF2990B:t166, leader=null, voted=f2627371-a904-4314-a836-5eb8f54559ec, raftlog=f2627371-a904-4314-a836-5eb8f54559ec@group-73E40DF2990B-SegmentedRaftLog:OPENED:c-1,f-1,i0, conf=-1: [e6a83585-83d0-4616-a3d5-866875ad8a29:192.168.34.32:46159, f2627371-a904-4314-a836-5eb8f54559ec:192.168.34.32:33224, 1b813ef4-47a4-4bfc-8eb5-c34ae440adb1:192.168.34.32:36113], old=null
2019-10-21 19:12:59,442 [f2627371-a904-4314-a836-5eb8f54559ec@group-73E40DF2990B-LeaderElection153] INFO  impl.RaftServerImpl (RaftServerImpl.java:setRole(184)) - f2627371-a904-4314-a836-5eb8f54559ec@group-73E40DF2990B: changes role from CANDIDATE to FOLLOWER at term 166 for DISCOVERED_A_NEW_TERM
2019-10-21 19:12:59,442 [f2627371-a904-4314-a836-5eb8f54559ec@group-73E40DF2990B-LeaderElection153] INFO  impl.RoleInfo (RoleInfo.java:shutdownLeaderElection(134)) - f2627371-a904-4314-a836-5eb8f54559ec: shutdown LeaderElection
2019-10-21 19:12:59,442 [f2627371-a904-4314-a836-5eb8f54559ec@group-73E40DF2990B-LeaderElection153] INFO  impl.RoleInfo (RoleInfo.java:updateAndGet(143)) - f2627371-a904-4314-a836-5eb8f54559ec: start FollowerState
2019-10-21 19:12:59,634 [Thread-1242] INFO  impl.FollowerState (FollowerState.java:run(108)) - f2627371-a904-4314-a836-5eb8f54559ec@group-73E40DF2990B-FollowerState: change to CANDIDATE, lastRpcTime:192ms, electionTimeout:192ms
2019-10-21 19:12:59,635 [Thread-1242] INFO  impl.RoleInfo (RoleInfo.java:shutdownFollowerState(121)) - f2627371-a904-4314-a836-5eb8f54559ec: shutdown FollowerState
2019-10-21 19:12:59,635 [Thread-1242] INFO  impl.RaftServerImpl (RaftServerImpl.java:setRole(184)) - f2627371-a904-4314-a836-5eb8f54559ec@group-73E40DF2990B: changes role from  FOLLOWER to CANDIDATE at term 166 for changeToCandidate
2019-10-21 19:12:59,635 [Thread-1242] INFO  impl.RoleInfo (RoleInfo.java:updateAndGet(143)) - f2627371-a904-4314-a836-5eb8f54559ec: start LeaderElection
2019-10-21 19:12:59,663 [f2627371-a904-4314-a836-5eb8f54559ec@group-73E40DF2990B-LeaderElection154] INFO  impl.LeaderElection (LeaderElection.java:askForVotes(178)) - f2627371-a904-4314-a836-5eb8f54559ec@group-73E40DF2990B-LeaderElection154: begin an election at term 167 for -1: [e6a83585-83d0-4616-a3d5-866875ad8a29:192.168.34.32:46159, f2627371-a904-4314-a836-5eb8f54559ec:192.168.34.32:33224, 1b813ef4-47a4-4bfc-8eb5-c34ae440adb1:192.168.34.32:36113], old=null
2019-10-21 19:12:59,665 [grpc-default-executor-0] INFO  impl.RaftServerImpl (RaftServerImpl.java:setRole(184)) - e6a83585-83d0-4616-a3d5-866875ad8a29@group-73E40DF2990B: changes role from  FOLLOWER to FOLLOWER at term 167 for recognizeCandidate:f2627371-a904-4314-a836-5eb8f54559ec
2019-10-21 19:12:59,665 [grpc-default-executor-5] INFO  impl.RaftServerImpl (RaftServerImpl.java:setRole(184)) - 1b813ef4-47a4-4bfc-8eb5-c34ae440adb1@group-73E40DF2990B: changes role from  FOLLOWER to FOLLOWER at term 167 for recognizeCandidate:f2627371-a904-4314-a836-5eb8f54559ec
2019-10-21 19:12:59,665 [grpc-default-executor-0] INFO  impl.RoleInfo (RoleInfo.java:shutdownFollowerState(121)) - e6a83585-83d0-4616-a3d5-866875ad8a29: shutdown FollowerState
2019-10-21 19:12:59,665 [grpc-default-executor-5] INFO  impl.RoleInfo (RoleInfo.java:shutdownFollowerState(121)) - 1b813ef4-47a4-4bfc-8eb5-c34ae440adb1: shutdown FollowerState
2019-10-21 19:12:59,666 [grpc-default-executor-0] INFO  impl.RoleInfo (RoleInfo.java:updateAndGet(143)) - e6a83585-83d0-4616-a3d5-866875ad8a29: start FollowerState
2019-10-21 19:12:59,666 [Thread-1241] INFO  impl.FollowerState (FollowerState.java:run(117)) - 1b813ef4-47a4-4bfc-8eb5-c34ae440adb1@group-73E40DF2990B-FollowerState was interrupted: java.lang.InterruptedException: sleep interrupted
2019-10-21 19:12:59,666 [grpc-default-executor-5] INFO  impl.RoleInfo (RoleInfo.java:updateAndGet(143)) - 1b813ef4-47a4-4bfc-8eb5-c34ae440adb1: start FollowerState
2019-10-21 19:12:59,666 [Thread-1240] INFO  impl.FollowerState (FollowerState.java:run(117)) - e6a83585-83d0-4616-a3d5-866875ad8a29@group-73E40DF2990B-FollowerState was interrupted: java.lang.InterruptedException: sleep interrupted
2019-10-21 19:12:59,686 [f2627371-a904-4314-a836-5eb8f54559ec@group-73E40DF2990B-LeaderElection154] INFO  impl.LeaderElection (LeaderElection.java:logAndReturn(56)) - f2627371-a904-4314-a836-5eb8f54559ec@group-73E40DF2990B-LeaderElection154: Election REJECTED; received 2 response(s) [f2627371-a904-4314-a836-5eb8f54559ec<-e6a83585-83d0-4616-a3d5-866875ad8a29#0:FAIL-t167, f2627371-a904-4314-a836-5eb8f54559ec<-1b813ef4-47a4-4bfc-8eb5-c34ae440adb1#0:FAIL-t167] and 0 exception(s); f2627371-a904-4314-a836-5eb8f54559ec@group-73E40DF2990B:t167, leader=null, voted=f2627371-a904-4314-a836-5eb8f54559ec, raftlog=f2627371-a904-4314-a836-5eb8f54559ec@group-73E40DF2990B-SegmentedRaftLog:OPENED:c-1,f-1,i0, conf=-1: [e6a83585-83d0-4616-a3d5-866875ad8a29:192.168.34.32:46159, f2627371-a904-4314-a836-5eb8f54559ec:192.168.34.32:33224, 1b813ef4-47a4-4bfc-8eb5-c34ae440adb1:192.168.34.32:36113], old=null
2019-10-21 19:12:59,687 [f2627371-a904-4314-a836-5eb8f54559ec@group-73E40DF2990B-LeaderElection154] INFO  impl.RaftServerImpl (RaftServerImpl.java:setRole(184)) - f2627371-a904-4314-a836-5eb8f54559ec@group-73E40DF2990B: changes role from CANDIDATE to FOLLOWER at term 167 for DISCOVERED_A_NEW_TERM
2019-10-21 19:12:59,687 [f2627371-a904-4314-a836-5eb8f54559ec@group-73E40DF2990B-LeaderElection154] INFO  impl.RoleInfo (RoleInfo.java:shutdownLeaderElection(134)) - f2627371-a904-4314-a836-5eb8f54559ec: shutdown LeaderElection
2019-10-21 19:12:59,687 [f2627371-a904-4314-a836-5eb8f54559ec@group-73E40DF2990B-LeaderElection154] INFO  impl.RoleInfo (RoleInfo.java:updateAndGet(143)) - f2627371-a904-4314-a836-5eb8f54559ec: start FollowerState
2019-10-21 19:12:59,754 [Thread-1248] INFO  impl.FollowerState (FollowerState.java:run(108)) - f2627371-a904-4314-a836-5eb8f54559ec@group-73E40DF2990B-FollowerState: change to CANDIDATE, lastRpcTime:67ms, electionTimeout:67ms
2019-10-21 19:12:59,755 [Thread-1248] INFO  impl.RoleInfo (RoleInfo.java:shutdownFollowerState(121)) - f2627371-a904-4314-a836-5eb8f54559ec: shutdown FollowerState
2019-10-21 19:12:59,755 [Thread-1248] INFO  impl.RaftServerImpl (RaftServerImpl.java:setRole(184)) - f2627371-a904-4314-a836-5eb8f54559ec@group-73E40DF2990B: changes role from  FOLLOWER to CANDIDATE at term 167 for changeToCandidate
2019-10-21 19:12:59,755 [Thread-1248] INFO  impl.RoleInfo (RoleInfo.java:updateAndGet(143)) - f2627371-a904-4314-a836-5eb8f54559ec: start LeaderElection
2019-10-21 19:12:59,770 [f2627371-a904-4314-a836-5eb8f54559ec@group-73E40DF2990B-LeaderElection155] INFO  impl.LeaderElection (LeaderElection.java:askForVotes(178)) - f2627371-a904-4314-a836-5eb8f54559ec@group-73E40DF2990B-LeaderElection155: begin an election at term 168 for -1: [e6a83585-83d0-4616-a3d5-866875ad8a29:192.168.34.32:46159, f2627371-a904-4314-a836-5eb8f54559ec:192.168.34.32:33224, 1b813ef4-47a4-4bfc-8eb5-c34ae440adb1:192.168.34.32:36113], old=null
2019-10-21 19:12:59,772 [grpc-default-executor-5] INFO  impl.RaftServerImpl (RaftServerImpl.java:setRole(184)) - e6a83585-83d0-4616-a3d5-866875ad8a29@group-73E40DF2990B: changes role from  FOLLOWER to FOLLOWER at term 168 for recognizeCandidate:f2627371-a904-4314-a836-5eb8f54559ec
2019-10-21 19:12:59,772 [grpc-default-executor-0] INFO  impl.RaftServerImpl (RaftServerImpl.java:setRole(184)) - 1b813ef4-47a4-4bfc-8eb5-c34ae440adb1@group-73E40DF2990B: changes role from  FOLLOWER to FOLLOWER at term 168 for recognizeCandidate:f2627371-a904-4314-a836-5eb8f54559ec
2019-10-21 19:12:59,772 [grpc-default-executor-5] INFO  impl.RoleInfo (RoleInfo.java:shutdownFollowerState(121)) - e6a83585-83d0-4616-a3d5-866875ad8a29: shutdown FollowerState
2019-10-21 19:12:59,772 [grpc-default-executor-0] INFO  impl.RoleInfo (RoleInfo.java:shutdownFollowerState(121)) - 1b813ef4-47a4-4bfc-8eb5-c34ae440adb1: shutdown FollowerState
2019-10-21 19:12:59,772 [grpc-default-executor-5] INFO  impl.RoleInfo (RoleInfo.java:updateAndGet(143)) - e6a83585-83d0-4616-a3d5-866875ad8a29: start FollowerState
2019-10-21 19:12:59,773 [Thread-1247] INFO  impl.FollowerState (FollowerState.java:run(117)) - 1b813ef4-47a4-4bfc-8eb5-c34ae440adb1@group-73E40DF2990B-FollowerState was interrupted: java.lang.InterruptedException: sleep interrupted
2019-10-21 19:12:59,772 [Thread-1246] INFO  impl.FollowerState (FollowerState.java:run(117)) - e6a83585-83d0-4616-a3d5-866875ad8a29@group-73E40DF2990B-FollowerState was interrupted: java.lang.InterruptedException: sleep interrupted
2019-10-21 19:12:59,773 [grpc-default-executor-0] INFO  impl.RoleInfo (RoleInfo.java:updateAndGet(143)) - 1b813ef4-47a4-4bfc-8eb5-c34ae440adb1: start FollowerState
2019-10-21 19:12:59,788 [f2627371-a904-4314-a836-5eb8f54559ec@group-73E40DF2990B-LeaderElection155] INFO  impl.LeaderElection (LeaderElection.java:logAndReturn(56)) - f2627371-a904-4314-a836-5eb8f54559ec@group-73E40DF2990B-LeaderElection155: Election REJECTED; received 2 response(s) [f2627371-a904-4314-a836-5eb8f54559ec<-e6a83585-83d0-4616-a3d5-866875ad8a29#0:FAIL-t168, f2627371-a904-4314-a836-5eb8f54559ec<-1b813ef4-47a4-4bfc-8eb5-c34ae440adb1#0:FAIL-t168] and 0 exception(s); f2627371-a904-4314-a836-5eb8f54559ec@group-73E40DF2990B:t168, leader=null, voted=f2627371-a904-4314-a836-5eb8f54559ec, raftlog=f2627371-a904-4314-a836-5eb8f54559ec@group-73E40DF2990B-SegmentedRaftLog:OPENED:c-1,f-1,i0, conf=-1: [e6a83585-83d0-4616-a3d5-866875ad8a29:192.168.34.32:46159, f2627371-a904-4314-a836-5eb8f54559ec:192.168.34.32:33224, 1b813ef4-47a4-4bfc-8eb5-c34ae440adb1:192.168.34.32:36113], old=null
2019-10-21 19:12:59,788 [f2627371-a904-4314-a836-5eb8f54559ec@group-73E40DF2990B-LeaderElection155] INFO  impl.RaftServerImpl (RaftServerImpl.java:setRole(184)) - f2627371-a904-4314-a836-5eb8f54559ec@group-73E40DF2990B: changes role from CANDIDATE to FOLLOWER at term 168 for DISCOVERED_A_NEW_TERM
2019-10-21 19:12:59,788 [f2627371-a904-4314-a836-5eb8f54559ec@group-73E40DF2990B-LeaderElection155] INFO  impl.RoleInfo (RoleInfo.java:shutdownLeaderElection(134)) - f2627371-a904-4314-a836-5eb8f54559ec: shutdown LeaderElection
2019-10-21 19:12:59,788 [f2627371-a904-4314-a836-5eb8f54559ec@group-73E40DF2990B-LeaderElection155] INFO  impl.RoleInfo (RoleInfo.java:updateAndGet(143)) - f2627371-a904-4314-a836-5eb8f54559ec: start FollowerState
2019-10-21 19:12:59,871 [Thread-1254] INFO  impl.FollowerState (FollowerState.java:run(108)) - f2627371-a904-4314-a836-5eb8f54559ec@group-73E40DF2990B-FollowerState: change to CANDIDATE, lastRpcTime:82ms, electionTimeout:82ms
2019-10-21 19:12:59,871 [Thread-1254] INFO  impl.RoleInfo (RoleInfo.java:shutdownFollowerState(121)) - f2627371-a904-4314-a836-5eb8f54559ec: shutdown FollowerState
2019-10-21 19:12:59,871 [Thread-1254] INFO  impl.RaftServerImpl (RaftServerImpl.java:setRole(184)) - f2627371-a904-4314-a836-5eb8f54559ec@group-73E40DF2990B: changes role from  FOLLOWER to CANDIDATE at term 168 for changeToCandidate
2019-10-21 19:12:59,871 [Thread-1254] INFO  impl.RoleInfo (RoleInfo.java:updateAndGet(143)) - f2627371-a904-4314-a836-5eb8f54559ec: start LeaderElection
2019-10-21 19:12:59,886 [f2627371-a904-4314-a836-5eb8f54559ec@group-73E40DF2990B-LeaderElection156] INFO  impl.LeaderElection (LeaderElection.java:askForVotes(178)) - f2627371-a904-4314-a836-5eb8f54559ec@group-73E40DF2990B-LeaderElection156: begin an election at term 169 for -1: [e6a83585-83d0-4616-a3d5-866875ad8a29:192.168.34.32:46159, f2627371-a904-4314-a836-5eb8f54559ec:192.168.34.32:33224, 1b813ef4-47a4-4bfc-8eb5-c34ae440adb1:192.168.34.32:36113], old=null
2019-10-21 19:12:59,890 [grpc-default-executor-5] INFO  impl.RaftServerImpl (RaftServerImpl.java:setRole(184)) - 1b813ef4-47a4-4bfc-8eb5-c34ae440adb1@group-73E40DF2990B: changes role from  FOLLOWER to FOLLOWER at term 169 for recognizeCandidate:f2627371-a904-4314-a836-5eb8f54559ec
2019-10-21 19:12:59,890 [grpc-default-executor-5] INFO  impl.RoleInfo (RoleInfo.java:shutdownFollowerState(121)) - 1b813ef4-47a4-4bfc-8eb5-c34ae440adb1: shutdown FollowerState
2019-10-21 19:12:59,890 [grpc-default-executor-0] INFO  impl.RaftServerImpl (RaftServerImpl.java:setRole(184)) - e6a83585-83d0-4616-a3d5-866875ad8a29@group-73E40DF2990B: changes role from  FOLLOWER to FOLLOWER at term 169 for recognizeCandidate:f2627371-a904-4314-a836-5eb8f54559ec
2019-10-21 19:12:59,890 [Thread-1253] INFO  impl.FollowerState (FollowerState.java:run(117)) - 1b813ef4-47a4-4bfc-8eb5-c34ae440adb1@group-73E40DF2990B-FollowerState was interrupted: java.lang.InterruptedException: sleep interrupted
2019-10-21 19:12:59,890 [grpc-default-executor-5] INFO  impl.RoleInfo (RoleInfo.java:updateAndGet(143)) - 1b813ef4-47a4-4bfc-8eb5-c34ae440adb1: start FollowerState
2019-10-21 19:12:59,890 [grpc-default-executor-0] INFO  impl.RoleInfo (RoleInfo.java:shutdownFollowerState(121)) - e6a83585-83d0-4616-a3d5-866875ad8a29: shutdown FollowerState
2019-10-21 19:12:59,891 [grpc-default-executor-0] INFO  impl.RoleInfo (RoleInfo.java:updateAndGet(143)) - e6a83585-83d0-4616-a3d5-866875ad8a29: start FollowerState
2019-10-21 19:12:59,891 [Thread-1252] INFO  impl.FollowerState (FollowerState.java:run(117)) - e6a83585-83d0-4616-a3d5-866875ad8a29@group-73E40DF2990B-FollowerState was interrupted: java.lang.InterruptedException: sleep interrupted
2019-10-21 19:12:59,918 [f2627371-a904-4314-a836-5eb8f54559ec@group-73E40DF2990B-LeaderElection156] INFO  impl.LeaderElection (LeaderElection.java:logAndReturn(56)) - f2627371-a904-4314-a836-5eb8f54559ec@group-73E40DF2990B-LeaderElection156: Election REJECTED; received 2 response(s) [f2627371-a904-4314-a836-5eb8f54559ec<-e6a83585-83d0-4616-a3d5-866875ad8a29#0:FAIL-t169, f2627371-a904-4314-a836-5eb8f54559ec<-1b813ef4-47a4-4bfc-8eb5-c34ae440adb1#0:FAIL-t169] and 0 exception(s); f2627371-a904-4314-a836-5eb8f54559ec@group-73E40DF2990B:t169, leader=null, voted=f2627371-a904-4314-a836-5eb8f54559ec, raftlog=f2627371-a904-4314-a836-5eb8f54559ec@group-73E40DF2990B-SegmentedRaftLog:OPENED:c-1,f-1,i0, conf=-1: [e6a83585-83d0-4616-a3d5-866875ad8a29:192.168.34.32:46159, f2627371-a904-4314-a836-5eb8f54559ec:192.168.34.32:33224, 1b813ef4-47a4-4bfc-8eb5-c34ae440adb1:192.168.34.32:36113], old=null
2019-10-21 19:12:59,918 [f2627371-a904-4314-a836-5eb8f54559ec@group-73E40DF2990B-LeaderElection156] INFO  impl.RaftServerImpl (RaftServerImpl.java:setRole(184)) - f2627371-a904-4314-a836-5eb8f54559ec@group-73E40DF2990B: changes role from CANDIDATE to FOLLOWER at term 169 for DISCOVERED_A_NEW_TERM
2019-10-21 19:12:59,918 [f2627371-a904-4314-a836-5eb8f54559ec@group-73E40DF2990B-LeaderElection156] INFO  impl.RoleInfo (RoleInfo.java:shutdownLeaderElection(134)) - f2627371-a904-4314-a836-5eb8f54559ec: shutdown LeaderElection
2019-10-21 19:12:59,918 [f2627371-a904-4314-a836-5eb8f54559ec@group-73E40DF2990B-LeaderElection156] INFO  impl.RoleInfo (RoleInfo.java:updateAndGet(143)) - f2627371-a904-4314-a836-5eb8f54559ec: start FollowerState
2019-10-21 19:12:59,975 [Thread-1260] INFO  impl.FollowerState (FollowerState.java:run(108)) - f2627371-a904-4314-a836-5eb8f54559ec@group-73E40DF2990B-FollowerState: change to CANDIDATE, lastRpcTime:56ms, electionTimeout:56ms
2019-10-21 19:12:59,975 [Thread-1260] INFO  impl.RoleInfo (RoleInfo.java:shutdownFollowerState(121)) - f2627371-a904-4314-a836-5eb8f54559ec: shutdown FollowerState
2019-10-21 19:12:59,975 [Thread-1260] INFO  impl.RaftServerImpl (RaftServerImpl.java:setRole(184)) - f2627371-a904-4314-a836-5eb8f54559ec@group-73E40DF2990B: changes role from  FOLLOWER to CANDIDATE at term 169 for changeToCandidate
2019-10-21 19:12:59,975 [Thread-1260] INFO  impl.RoleInfo (RoleInfo.java:updateAndGet(143)) - f2627371-a904-4314-a836-5eb8f54559ec: start LeaderElection
2019-10-21 19:12:59,991 [f2627371-a904-4314-a836-5eb8f54559ec@group-73E40DF2990B-LeaderElection157] INFO  impl.LeaderElection (LeaderElection.java:askForVotes(178)) - f2627371-a904-4314-a836-5eb8f54559ec@group-73E40DF2990B-LeaderElection157: begin an election at term 170 for -1: [e6a83585-83d0-4616-a3d5-866875ad8a29:192.168.34.32:46159, f2627371-a904-4314-a836-5eb8f54559ec:192.168.34.32:33224, 1b813ef4-47a4-4bfc-8eb5-c34ae440adb1:192.168.34.32:36113], old=null
2019-10-21 19:12:59,993 [grpc-default-executor-5] INFO  impl.RaftServerImpl (RaftServerImpl.java:setRole(184)) - e6a83585-83d0-4616-a3d5-866875ad8a29@group-73E40DF2990B: changes role from  FOLLOWER to FOLLOWER at term 170 for recognizeCandidate:f2627371-a904-4314-a836-5eb8f54559ec
2019-10-21 19:12:59,994 [grpc-default-executor-5] INFO  impl.RoleInfo (RoleInfo.java:shutdownFollowerState(121)) - e6a83585-83d0-4616-a3d5-866875ad8a29: shutdown FollowerState
2019-10-21 19:12:59,994 [grpc-default-executor-5] INFO  impl.RoleInfo (RoleInfo.java:updateAndGet(143)) - e6a83585-83d0-4616-a3d5-866875ad8a29: start FollowerState
2019-10-21 19:12:59,994 [Thread-1259] INFO  impl.FollowerState (FollowerState.java:run(117)) - e6a83585-83d0-4616-a3d5-866875ad8a29@group-73E40DF2990B-FollowerState was interrupted: java.lang.InterruptedException: sleep interrupted
2019-10-21 19:12:59,994 [grpc-default-executor-0] INFO  impl.RaftServerImpl (RaftServerImpl.java:setRole(184)) - 1b813ef4-47a4-4bfc-8eb5-c34ae440adb1@group-73E40DF2990B: changes role from  FOLLOWER to FOLLOWER at term 170 for recognizeCandidate:f2627371-a904-4314-a836-5eb8f54559ec
2019-10-21 19:12:59,994 [grpc-default-executor-0] INFO  impl.RoleInfo (RoleInfo.java:shutdownFollowerState(121)) - 1b813ef4-47a4-4bfc-8eb5-c34ae440adb1: shutdown FollowerState
2019-10-21 19:12:59,995 [grpc-default-executor-0] INFO  impl.RoleInfo (RoleInfo.java:updateAndGet(143)) - 1b813ef4-47a4-4bfc-8eb5-c34ae440adb1: start FollowerState
2019-10-21 19:12:59,995 [Thread-1258] INFO  impl.FollowerState (FollowerState.java:run(117)) - 1b813ef4-47a4-4bfc-8eb5-c34ae440adb1@group-73E40DF2990B-FollowerState was interrupted: java.lang.InterruptedException: sleep interrupted
2019-10-21 19:13:00,010 [f2627371-a904-4314-a836-5eb8f54559ec@group-73E40DF2990B-LeaderElection157] INFO  impl.LeaderElection (LeaderElection.java:logAndReturn(56)) - f2627371-a904-4314-a836-5eb8f54559ec@group-73E40DF2990B-LeaderElection157: Election REJECTED; received 2 response(s) [f2627371-a904-4314-a836-5eb8f54559ec<-e6a83585-83d0-4616-a3d5-866875ad8a29#0:FAIL-t170, f2627371-a904-4314-a836-5eb8f54559ec<-1b813ef4-47a4-4bfc-8eb5-c34ae440adb1#0:FAIL-t170] and 0 exception(s); f2627371-a904-4314-a836-5eb8f54559ec@group-73E40DF2990B:t170, leader=null, voted=f2627371-a904-4314-a836-5eb8f54559ec, raftlog=f2627371-a904-4314-a836-5eb8f54559ec@group-73E40DF2990B-SegmentedRaftLog:OPENED:c-1,f-1,i0, conf=-1: [e6a83585-83d0-4616-a3d5-866875ad8a29:192.168.34.32:46159, f2627371-a904-4314-a836-5eb8f54559ec:192.168.34.32:33224, 1b813ef4-47a4-4bfc-8eb5-c34ae440adb1:192.168.34.32:36113], old=null
2019-10-21 19:13:00,010 [f2627371-a904-4314-a836-5eb8f54559ec@group-73E40DF2990B-LeaderElection157] INFO  impl.RaftServerImpl (RaftServerImpl.java:setRole(184)) - f2627371-a904-4314-a836-5eb8f54559ec@group-73E40DF2990B: changes role from CANDIDATE to FOLLOWER at term 170 for DISCOVERED_A_NEW_TERM
2019-10-21 19:13:00,010 [f2627371-a904-4314-a836-5eb8f54559ec@group-73E40DF2990B-LeaderElection157] INFO  impl.RoleInfo (RoleInfo.java:shutdownLeaderElection(134)) - f2627371-a904-4314-a836-5eb8f54559ec: shutdown LeaderElection
2019-10-21 19:13:00,010 [f2627371-a904-4314-a836-5eb8f54559ec@group-73E40DF2990B-LeaderElection157] INFO  impl.RoleInfo (RoleInfo.java:updateAndGet(143)) - f2627371-a904-4314-a836-5eb8f54559ec: start FollowerState
2019-10-21 19:13:00,115 [Thread-1266] INFO  impl.FollowerState (FollowerState.java:run(108)) - f2627371-a904-4314-a836-5eb8f54559ec@group-73E40DF2990B-FollowerState: change to CANDIDATE, lastRpcTime:104ms, electionTimeout:104ms
2019-10-21 19:13:00,115 [Thread-1266] INFO  impl.RoleInfo (RoleInfo.java:shutdownFollowerState(121)) - f2627371-a904-4314-a836-5eb8f54559ec: shutdown FollowerState
2019-10-21 19:13:00,115 [Thread-1266] INFO  impl.RaftServerImpl (RaftServerImpl.java:setRole(184)) - f2627371-a904-4314-a836-5eb8f54559ec@group-73E40DF2990B: changes role from  FOLLOWER to CANDIDATE at term 170 for changeToCandidate
2019-10-21 19:13:00,116 [Thread-1266] INFO  impl.RoleInfo (RoleInfo.java:updateAndGet(143)) - f2627371-a904-4314-a836-5eb8f54559ec: start LeaderElection
2019-10-21 19:13:00,132 [f2627371-a904-4314-a836-5eb8f54559ec@group-73E40DF2990B-LeaderElection158] INFO  impl.LeaderElection (LeaderElection.java:askForVotes(178)) - f2627371-a904-4314-a836-5eb8f54559ec@group-73E40DF2990B-LeaderElection158: begin an election at term 171 for -1: [e6a83585-83d0-4616-a3d5-866875ad8a29:192.168.34.32:46159, f2627371-a904-4314-a836-5eb8f54559ec:192.168.34.32:33224, 1b813ef4-47a4-4bfc-8eb5-c34ae440adb1:192.168.34.32:36113], old=null
2019-10-21 19:13:00,135 [grpc-default-executor-0] INFO  impl.RaftServerImpl (RaftServerImpl.java:setRole(184)) - 1b813ef4-47a4-4bfc-8eb5-c34ae440adb1@group-73E40DF2990B: changes role from  FOLLOWER to FOLLOWER at term 171 for recognizeCandidate:f2627371-a904-4314-a836-5eb8f54559ec
2019-10-21 19:13:00,135 [grpc-default-executor-0] INFO  impl.RoleInfo (RoleInfo.java:shutdownFollowerState(121)) - 1b813ef4-47a4-4bfc-8eb5-c34ae440adb1: shutdown FollowerState
2019-10-21 19:13:00,135 [grpc-default-executor-5] INFO  impl.RaftServerImpl (RaftServerImpl.java:setRole(184)) - e6a83585-83d0-4616-a3d5-866875ad8a29@group-73E40DF2990B: changes role from  FOLLOWER to FOLLOWER at term 171 for recognizeCandidate:f2627371-a904-4314-a836-5eb8f54559ec
2019-10-21 19:13:00,135 [grpc-default-executor-0] INFO  impl.RoleInfo (RoleInfo.java:updateAndGet(143)) - 1b813ef4-47a4-4bfc-8eb5-c34ae440adb1: start FollowerState
2019-10-21 19:13:00,135 [Thread-1265] INFO  impl.FollowerState (FollowerState.java:run(117)) - 1b813ef4-47a4-4bfc-8eb5-c34ae440adb1@group-73E40DF2990B-FollowerState was interrupted: java.lang.InterruptedException: sleep interrupted
2019-10-21 19:13:00,135 [grpc-default-executor-5] INFO  impl.RoleInfo (RoleInfo.java:shutdownFollowerState(121)) - e6a83585-83d0-4616-a3d5-866875ad8a29: shutdown FollowerState
2019-10-21 19:13:00,136 [grpc-default-executor-5] INFO  impl.RoleInfo (RoleInfo.java:updateAndGet(143)) - e6a83585-83d0-4616-a3d5-866875ad8a29: start FollowerState
2019-10-21 19:13:00,136 [Thread-1264] INFO  impl.FollowerState (FollowerState.java:run(117)) - e6a83585-83d0-4616-a3d5-866875ad8a29@group-73E40DF2990B-FollowerState was interrupted: java.lang.InterruptedException: sleep interrupted
2019-10-21 19:13:00,150 [f2627371-a904-4314-a836-5eb8f54559ec@group-73E40DF2990B-LeaderElection158] INFO  impl.LeaderElection (LeaderElection.java:logAndReturn(56)) - f2627371-a904-4314-a836-5eb8f54559ec@group-73E40DF2990B-LeaderElection158: Election REJECTED; received 2 response(s) [f2627371-a904-4314-a836-5eb8f54559ec<-e6a83585-83d0-4616-a3d5-866875ad8a29#0:FAIL-t171, f2627371-a904-4314-a836-5eb8f54559ec<-1b813ef4-47a4-4bfc-8eb5-c34ae440adb1#0:FAIL-t171] and 0 exception(s); f2627371-a904-4314-a836-5eb8f54559ec@group-73E40DF2990B:t171, leader=null, voted=f2627371-a904-4314-a836-5eb8f54559ec, raftlog=f2627371-a904-4314-a836-5eb8f54559ec@group-73E40DF2990B-SegmentedRaftLog:OPENED:c-1,f-1,i0, conf=-1: [e6a83585-83d0-4616-a3d5-866875ad8a29:192.168.34.32:46159, f2627371-a904-4314-a836-5eb8f54559ec:192.168.34.32:33224, 1b813ef4-47a4-4bfc-8eb5-c34ae440adb1:192.168.34.32:36113], old=null
2019-10-21 19:13:00,150 [f2627371-a904-4314-a836-5eb8f54559ec@group-73E40DF2990B-LeaderElection158] INFO  impl.RaftServerImpl (RaftServerImpl.java:setRole(184)) - f2627371-a904-4314-a836-5eb8f54559ec@group-73E40DF2990B: changes role from CANDIDATE to FOLLOWER at term 171 for DISCOVERED_A_NEW_TERM
2019-10-21 19:13:00,150 [f2627371-a904-4314-a836-5eb8f54559ec@group-73E40DF2990B-LeaderElection158] INFO  impl.RoleInfo (RoleInfo.java:shutdownLeaderElection(134)) - f2627371-a904-4314-a836-5eb8f54559ec: shutdown LeaderElection
2019-10-21 19:13:00,150 [f2627371-a904-4314-a836-5eb8f54559ec@group-73E40DF2990B-LeaderElection158] INFO  impl.RoleInfo (RoleInfo.java:updateAndGet(143)) - f2627371-a904-4314-a836-5eb8f54559ec: start FollowerState
2019-10-21 19:13:00,176 [Thread-1272] INFO  impl.FollowerState (FollowerState.java:run(108)) - f2627371-a904-4314-a836-5eb8f54559ec@group-73E40DF2990B-FollowerState: change to CANDIDATE, lastRpcTime:25ms, electionTimeout:25ms
2019-10-21 19:13:00,176 [Thread-1272] INFO  impl.RoleInfo (RoleInfo.java:shutdownFollowerState(121)) - f2627371-a904-4314-a836-5eb8f54559ec: shutdown FollowerState
2019-10-21 19:13:00,176 [Thread-1272] INFO  impl.RaftServerImpl (RaftServerImpl.java:setRole(184)) - f2627371-a904-4314-a836-5eb8f54559ec@group-73E40DF2990B: changes role from  FOLLOWER to CANDIDATE at term 171 for changeToCandidate
2019-10-21 19:13:00,176 [Thread-1272] INFO  impl.RoleInfo (RoleInfo.java:updateAndGet(143)) - f2627371-a904-4314-a836-5eb8f54559ec: start LeaderElection
2019-10-21 19:13:00,183 [f2627371-a904-4314-a836-5eb8f54559ec@group-73E40DF2990B-LeaderElection159] INFO  impl.LeaderElection (LeaderElection.java:askForVotes(178)) - f2627371-a904-4314-a836-5eb8f54559ec@group-73E40DF2990B-LeaderElection159: begin an election at term 172 for -1: [e6a83585-83d0-4616-a3d5-866875ad8a29:192.168.34.32:46159, f2627371-a904-4314-a836-5eb8f54559ec:192.168.34.32:33224, 1b813ef4-47a4-4bfc-8eb5-c34ae440adb1:192.168.34.32:36113], old=null
2019-10-21 19:13:00,186 [grpc-default-executor-5] INFO  impl.RaftServerImpl (RaftServerImpl.java:setRole(184)) - e6a83585-83d0-4616-a3d5-866875ad8a29@group-73E40DF2990B: changes role from  FOLLOWER to FOLLOWER at term 172 for recognizeCandidate:f2627371-a904-4314-a836-5eb8f54559ec
2019-10-21 19:13:00,187 [grpc-default-executor-5] INFO  impl.RoleInfo (RoleInfo.java:shutdownFollowerState(121)) - e6a83585-83d0-4616-a3d5-866875ad8a29: shutdown FollowerState
2019-10-21 19:13:00,187 [grpc-default-executor-5] INFO  impl.RoleInfo (RoleInfo.java:updateAndGet(143)) - e6a83585-83d0-4616-a3d5-866875ad8a29: start FollowerState
2019-10-21 19:13:00,187 [Thread-1271] INFO  impl.FollowerState (FollowerState.java:run(117)) - e6a83585-83d0-4616-a3d5-866875ad8a29@group-73E40DF2990B-FollowerState was interrupted: java.lang.InterruptedException: sleep interrupted
2019-10-21 19:13:00,187 [grpc-default-executor-0] INFO  impl.RaftServerImpl (RaftServerImpl.java:setRole(184)) - 1b813ef4-47a4-4bfc-8eb5-c34ae440adb1@group-73E40DF2990B: changes role from  FOLLOWER to FOLLOWER at term 172 for recognizeCandidate:f2627371-a904-4314-a836-5eb8f54559ec
2019-10-21 19:13:00,187 [grpc-default-executor-0] INFO  impl.RoleInfo (RoleInfo.java:shutdownFollowerState(121)) - 1b813ef4-47a4-4bfc-8eb5-c34ae440adb1: shutdown FollowerState
2019-10-21 19:13:00,188 [grpc-default-executor-0] INFO  impl.RoleInfo (RoleInfo.java:updateAndGet(143)) - 1b813ef4-47a4-4bfc-8eb5-c34ae440adb1: start FollowerState
2019-10-21 19:13:00,188 [Thread-1270] INFO  impl.FollowerState (FollowerState.java:run(117)) - 1b813ef4-47a4-4bfc-8eb5-c34ae440adb1@group-73E40DF2990B-FollowerState was interrupted: java.lang.InterruptedException: sleep interrupted
2019-10-21 19:13:00,202 [f2627371-a904-4314-a836-5eb8f54559ec@group-73E40DF2990B-LeaderElection159] INFO  impl.LeaderElection (LeaderElection.java:logAndReturn(56)) - f2627371-a904-4314-a836-5eb8f54559ec@group-73E40DF2990B-LeaderElection159: Election REJECTED; received 2 response(s) [f2627371-a904-4314-a836-5eb8f54559ec<-e6a83585-83d0-4616-a3d5-866875ad8a29#0:FAIL-t172, f2627371-a904-4314-a836-5eb8f54559ec<-1b813ef4-47a4-4bfc-8eb5-c34ae440adb1#0:FAIL-t172] and 0 exception(s); f2627371-a904-4314-a836-5eb8f54559ec@group-73E40DF2990B:t172, leader=null, voted=f2627371-a904-4314-a836-5eb8f54559ec, raftlog=f2627371-a904-4314-a836-5eb8f54559ec@group-73E40DF2990B-SegmentedRaftLog:OPENED:c-1,f-1,i0, conf=-1: [e6a83585-83d0-4616-a3d5-866875ad8a29:192.168.34.32:46159, f2627371-a904-4314-a836-5eb8f54559ec:192.168.34.32:33224, 1b813ef4-47a4-4bfc-8eb5-c34ae440adb1:192.168.34.32:36113], old=null
2019-10-21 19:13:00,202 [f2627371-a904-4314-a836-5eb8f54559ec@group-73E40DF2990B-LeaderElection159] INFO  impl.RaftServerImpl (RaftServerImpl.java:setRole(184)) - f2627371-a904-4314-a836-5eb8f54559ec@group-73E40DF2990B: changes role from CANDIDATE to FOLLOWER at term 172 for DISCOVERED_A_NEW_TERM
2019-10-21 19:13:00,202 [f2627371-a904-4314-a836-5eb8f54559ec@group-73E40DF2990B-LeaderElection159] INFO  impl.RoleInfo (RoleInfo.java:shutdownLeaderElection(134)) - f2627371-a904-4314-a836-5eb8f54559ec: shutdown LeaderElection
2019-10-21 19:13:00,203 [f2627371-a904-4314-a836-5eb8f54559ec@group-73E40DF2990B-LeaderElection159] INFO  impl.RoleInfo (RoleInfo.java:updateAndGet(143)) - f2627371-a904-4314-a836-5eb8f54559ec: start FollowerState
2019-10-21 19:13:00,400 [Thread-1278] INFO  impl.FollowerState (FollowerState.java:run(108)) - f2627371-a904-4314-a836-5eb8f54559ec@group-73E40DF2990B-FollowerState: change to CANDIDATE, lastRpcTime:197ms, electionTimeout:197ms
2019-10-21 19:13:00,400 [Thread-1278] INFO  impl.RoleInfo (RoleInfo.java:shutdownFollowerState(121)) - f2627371-a904-4314-a836-5eb8f54559ec: shutdown FollowerState
2019-10-21 19:13:00,401 [Thread-1278] INFO  impl.RaftServerImpl (RaftServerImpl.java:setRole(184)) - f2627371-a904-4314-a836-5eb8f54559ec@group-73E40DF2990B: changes role from  FOLLOWER to CANDIDATE at term 172 for changeToCandidate
2019-10-21 19:13:00,401 [Thread-1278] INFO  impl.RoleInfo (RoleInfo.java:updateAndGet(143)) - f2627371-a904-4314-a836-5eb8f54559ec: start LeaderElection
2019-10-21 19:13:00,412 [f2627371-a904-4314-a836-5eb8f54559ec@group-73E40DF2990B-LeaderElection160] INFO  impl.LeaderElection (LeaderElection.java:askForVotes(178)) - f2627371-a904-4314-a836-5eb8f54559ec@group-73E40DF2990B-LeaderElection160: begin an election at term 173 for -1: [e6a83585-83d0-4616-a3d5-866875ad8a29:192.168.34.32:46159, f2627371-a904-4314-a836-5eb8f54559ec:192.168.34.32:33224, 1b813ef4-47a4-4bfc-8eb5-c34ae440adb1:192.168.34.32:36113], old=null
2019-10-21 19:13:00,415 [grpc-default-executor-0] INFO  impl.RaftServerImpl (RaftServerImpl.java:setRole(184)) - e6a83585-83d0-4616-a3d5-866875ad8a29@group-73E40DF2990B: changes role from  FOLLOWER to FOLLOWER at term 173 for recognizeCandidate:f2627371-a904-4314-a836-5eb8f54559ec
2019-10-21 19:13:00,416 [grpc-default-executor-0] INFO  impl.RoleInfo (RoleInfo.java:shutdownFollowerState(121)) - e6a83585-83d0-4616-a3d5-866875ad8a29: shutdown FollowerState
2019-10-21 19:13:00,416 [grpc-default-executor-0] INFO  impl.RoleInfo (RoleInfo.java:updateAndGet(143)) - e6a83585-83d0-4616-a3d5-866875ad8a29: start FollowerState
2019-10-21 19:13:00,416 [Thread-1276] INFO  impl.FollowerState (FollowerState.java:run(117)) - e6a83585-83d0-4616-a3d5-866875ad8a29@group-73E40DF2990B-FollowerState was interrupted: java.lang.InterruptedException: sleep interrupted
2019-10-21 19:13:00,416 [grpc-default-executor-5] INFO  impl.RaftServerImpl (RaftServerImpl.java:setRole(184)) - 1b813ef4-47a4-4bfc-8eb5-c34ae440adb1@group-73E40DF2990B: changes role from  FOLLOWER to FOLLOWER at term 173 for recognizeCandidate:f2627371-a904-4314-a836-5eb8f54559ec
2019-10-21 19:13:00,416 [grpc-default-executor-5] INFO  impl.RoleInfo (RoleInfo.java:shutdownFollowerState(121)) - 1b813ef4-47a4-4bfc-8eb5-c34ae440adb1: shutdown FollowerState
2019-10-21 19:13:00,416 [grpc-default-executor-5] INFO  impl.RoleInfo (RoleInfo.java:updateAndGet(143)) - 1b813ef4-47a4-4bfc-8eb5-c34ae440adb1: start FollowerState
2019-10-21 19:13:00,416 [Thread-1277] INFO  impl.FollowerState (FollowerState.java:run(117)) - 1b813ef4-47a4-4bfc-8eb5-c34ae440adb1@group-73E40DF2990B-FollowerState was interrupted: java.lang.InterruptedException: sleep interrupted
2019-10-21 19:13:00,431 [f2627371-a904-4314-a836-5eb8f54559ec@group-73E40DF2990B-LeaderElection160] INFO  impl.LeaderElection (LeaderElection.java:logAndReturn(56)) - f2627371-a904-4314-a836-5eb8f54559ec@group-73E40DF2990B-LeaderElection160: Election REJECTED; received 2 response(s) [f2627371-a904-4314-a836-5eb8f54559ec<-e6a83585-83d0-4616-a3d5-866875ad8a29#0:FAIL-t173, f2627371-a904-4314-a836-5eb8f54559ec<-1b813ef4-47a4-4bfc-8eb5-c34ae440adb1#0:FAIL-t173] and 0 exception(s); f2627371-a904-4314-a836-5eb8f54559ec@group-73E40DF2990B:t173, leader=null, voted=f2627371-a904-4314-a836-5eb8f54559ec, raftlog=f2627371-a904-4314-a836-5eb8f54559ec@group-73E40DF2990B-SegmentedRaftLog:OPENED:c-1,f-1,i0, conf=-1: [e6a83585-83d0-4616-a3d5-866875ad8a29:192.168.34.32:46159, f2627371-a904-4314-a836-5eb8f54559ec:192.168.34.32:33224, 1b813ef4-47a4-4bfc-8eb5-c34ae440adb1:192.168.34.32:36113], old=null
2019-10-21 19:13:00,431 [f2627371-a904-4314-a836-5eb8f54559ec@group-73E40DF2990B-LeaderElection160] INFO  impl.RaftServerImpl (RaftServerImpl.java:setRole(184)) - f2627371-a904-4314-a836-5eb8f54559ec@group-73E40DF2990B: changes role from CANDIDATE to FOLLOWER at term 173 for DISCOVERED_A_NEW_TERM
2019-10-21 19:13:00,431 [f2627371-a904-4314-a836-5eb8f54559ec@group-73E40DF2990B-LeaderElection160] INFO  impl.RoleInfo (RoleInfo.java:shutdownLeaderElection(134)) - f2627371-a904-4314-a836-5eb8f54559ec: shutdown LeaderElection
2019-10-21 19:13:00,431 [f2627371-a904-4314-a836-5eb8f54559ec@group-73E40DF2990B-LeaderElection160] INFO  impl.RoleInfo (RoleInfo.java:updateAndGet(143)) - f2627371-a904-4314-a836-5eb8f54559ec: start FollowerState
2019-10-21 19:13:00,532 [Thread-1286] INFO  impl.FollowerState (FollowerState.java:run(108)) - f2627371-a904-4314-a836-5eb8f54559ec@group-73E40DF2990B-FollowerState: change to CANDIDATE, lastRpcTime:100ms, electionTimeout:100ms
2019-10-21 19:13:00,532 [Thread-1286] INFO  impl.RoleInfo (RoleInfo.java:shutdownFollowerState(121)) - f2627371-a904-4314-a836-5eb8f54559ec: shutdown FollowerState
2019-10-21 19:13:00,532 [Thread-1286] INFO  impl.RaftServerImpl (RaftServerImpl.java:setRole(184)) - f2627371-a904-4314-a836-5eb8f54559ec@group-73E40DF2990B: changes role from  FOLLOWER to CANDIDATE at term 173 for changeToCandidate
2019-10-21 19:13:00,533 [Thread-1286] INFO  impl.RoleInfo (RoleInfo.java:updateAndGet(143)) - f2627371-a904-4314-a836-5eb8f54559ec: start LeaderElection
2019-10-21 19:13:00,549 [f2627371-a904-4314-a836-5eb8f54559ec@group-73E40DF2990B-LeaderElection161] INFO  impl.LeaderElection (LeaderElection.java:askForVotes(178)) - f2627371-a904-4314-a836-5eb8f54559ec@group-73E40DF2990B-LeaderElection161: begin an election at term 174 for -1: [e6a83585-83d0-4616-a3d5-866875ad8a29:192.168.34.32:46159, f2627371-a904-4314-a836-5eb8f54559ec:192.168.34.32:33224, 1b813ef4-47a4-4bfc-8eb5-c34ae440adb1:192.168.34.32:36113], old=null
2019-10-21 19:13:00,552 [grpc-default-executor-5] INFO  impl.RaftServerImpl (RaftServerImpl.java:setRole(184)) - 1b813ef4-47a4-4bfc-8eb5-c34ae440adb1@group-73E40DF2990B: changes role from  FOLLOWER to FOLLOWER at term 174 for recognizeCandidate:f2627371-a904-4314-a836-5eb8f54559ec
2019-10-21 19:13:00,552 [grpc-default-executor-0] INFO  impl.RaftServerImpl (RaftServerImpl.java:setRole(184)) - e6a83585-83d0-4616-a3d5-866875ad8a29@group-73E40DF2990B: changes role from  FOLLOWER to FOLLOWER at term 174 for recognizeCandidate:f2627371-a904-4314-a836-5eb8f54559ec
2019-10-21 19:13:00,552 [grpc-default-executor-0] INFO  impl.RoleInfo (RoleInfo.java:shutdownFollowerState(121)) - e6a83585-83d0-4616-a3d5-866875ad8a29: shutdown FollowerState
2019-10-21 19:13:00,552 [grpc-default-executor-5] INFO  impl.RoleInfo (RoleInfo.java:shutdownFollowerState(121)) - 1b813ef4-47a4-4bfc-8eb5-c34ae440adb1: shutdown FollowerState
2019-10-21 19:13:00,552 [grpc-default-executor-0] INFO  impl.RoleInfo (RoleInfo.java:updateAndGet(143)) - e6a83585-83d0-4616-a3d5-866875ad8a29: start FollowerState
2019-10-21 19:13:00,552 [grpc-default-executor-5] INFO  impl.RoleInfo (RoleInfo.java:updateAndGet(143)) - 1b813ef4-47a4-4bfc-8eb5-c34ae440adb1: start FollowerState
2019-10-21 19:13:00,552 [Thread-1284] INFO  impl.FollowerState (FollowerState.java:run(117)) - e6a83585-83d0-4616-a3d5-866875ad8a29@group-73E40DF2990B-FollowerState was interrupted: java.lang.InterruptedException: sleep interrupted
2019-10-21 19:13:00,552 [Thread-1285] INFO  impl.FollowerState (FollowerState.java:run(117)) - 1b813ef4-47a4-4bfc-8eb5-c34ae440adb1@group-73E40DF2990B-FollowerState was interrupted: java.lang.InterruptedException: sleep interrupted
2019-10-21 19:13:00,567 [f2627371-a904-4314-a836-5eb8f54559ec@group-73E40DF2990B-LeaderElection161] INFO  impl.LeaderElection (LeaderElection.java:logAndReturn(56)) - f2627371-a904-4314-a836-5eb8f54559ec@group-73E40DF2990B-LeaderElection161: Election REJECTED; received 2 response(s) [f2627371-a904-4314-a836-5eb8f54559ec<-e6a83585-83d0-4616-a3d5-866875ad8a29#0:FAIL-t174, f2627371-a904-4314-a836-5eb8f54559ec<-1b813ef4-47a4-4bfc-8eb5-c34ae440adb1#0:FAIL-t174] and 0 exception(s); f2627371-a904-4314-a836-5eb8f54559ec@group-73E40DF2990B:t174, leader=null, voted=f2627371-a904-4314-a836-5eb8f54559ec, raftlog=f2627371-a904-4314-a836-5eb8f54559ec@group-73E40DF2990B-SegmentedRaftLog:OPENED:c-1,f-1,i0, conf=-1: [e6a83585-83d0-4616-a3d5-866875ad8a29:192.168.34.32:46159, f2627371-a904-4314-a836-5eb8f54559ec:192.168.34.32:33224, 1b813ef4-47a4-4bfc-8eb5-c34ae440adb1:192.168.34.32:36113], old=null
2019-10-21 19:13:00,567 [f2627371-a904-4314-a836-5eb8f54559ec@group-73E40DF2990B-LeaderElection161] INFO  impl.RaftServerImpl (RaftServerImpl.java:setRole(184)) - f2627371-a904-4314-a836-5eb8f54559ec@group-73E40DF2990B: changes role from CANDIDATE to FOLLOWER at term 174 for DISCOVERED_A_NEW_TERM
2019-10-21 19:13:00,567 [f2627371-a904-4314-a836-5eb8f54559ec@group-73E40DF2990B-LeaderElection161] INFO  impl.RoleInfo (RoleInfo.java:shutdownLeaderElection(134)) - f2627371-a904-4314-a836-5eb8f54559ec: shutdown LeaderElection
2019-10-21 19:13:00,568 [f2627371-a904-4314-a836-5eb8f54559ec@group-73E40DF2990B-LeaderElection161] INFO  impl.RoleInfo (RoleInfo.java:updateAndGet(143)) - f2627371-a904-4314-a836-5eb8f54559ec: start FollowerState
2019-10-21 19:13:00,609 [Thread-1292] INFO  impl.FollowerState (FollowerState.java:run(108)) - f2627371-a904-4314-a836-5eb8f54559ec@group-73E40DF2990B-FollowerState: change to CANDIDATE, lastRpcTime:41ms, electionTimeout:41ms
2019-10-21 19:13:00,609 [Thread-1292] INFO  impl.RoleInfo (RoleInfo.java:shutdownFollowerState(121)) - f2627371-a904-4314-a836-5eb8f54559ec: shutdown FollowerState
2019-10-21 19:13:00,609 [Thread-1292] INFO  impl.RaftServerImpl (RaftServerImpl.java:setRole(184)) - f2627371-a904-4314-a836-5eb8f54559ec@group-73E40DF2990B: changes role from  FOLLOWER to CANDIDATE at term 174 for changeToCandidate
2019-10-21 19:13:00,609 [Thread-1292] INFO  impl.RoleInfo (RoleInfo.java:updateAndGet(143)) - f2627371-a904-4314-a836-5eb8f54559ec: start LeaderElection
2019-10-21 19:13:00,625 [f2627371-a904-4314-a836-5eb8f54559ec@group-73E40DF2990B-LeaderElection162] INFO  impl.LeaderElection (LeaderElection.java:askForVotes(178)) - f2627371-a904-4314-a836-5eb8f54559ec@group-73E40DF2990B-LeaderElection162: begin an election at term 175 for -1: [e6a83585-83d0-4616-a3d5-866875ad8a29:192.168.34.32:46159, f2627371-a904-4314-a836-5eb8f54559ec:192.168.34.32:33224, 1b813ef4-47a4-4bfc-8eb5-c34ae440adb1:192.168.34.32:36113], old=null
2019-10-21 19:13:00,627 [grpc-default-executor-5] INFO  impl.RaftServerImpl (RaftServerImpl.java:setRole(184)) - e6a83585-83d0-4616-a3d5-866875ad8a29@group-73E40DF2990B: changes role from  FOLLOWER to FOLLOWER at term 175 for recognizeCandidate:f2627371-a904-4314-a836-5eb8f54559ec
2019-10-21 19:13:00,628 [grpc-default-executor-0] INFO  impl.RaftServerImpl (RaftServerImpl.java:setRole(184)) - 1b813ef4-47a4-4bfc-8eb5-c34ae440adb1@group-73E40DF2990B: changes role from  FOLLOWER to FOLLOWER at term 175 for recognizeCandidate:f2627371-a904-4314-a836-5eb8f54559ec
2019-10-21 19:13:00,628 [grpc-default-executor-5] INFO  impl.RoleInfo (RoleInfo.java:shutdownFollowerState(121)) - e6a83585-83d0-4616-a3d5-866875ad8a29: shutdown FollowerState
2019-10-21 19:13:00,628 [grpc-default-executor-0] INFO  impl.RoleInfo (RoleInfo.java:shutdownFollowerState(121)) - 1b813ef4-47a4-4bfc-8eb5-c34ae440adb1: shutdown FollowerState
2019-10-21 19:13:00,628 [Thread-1290] INFO  impl.FollowerState (FollowerState.java:run(117)) - e6a83585-83d0-4616-a3d5-866875ad8a29@group-73E40DF2990B-FollowerState was interrupted: java.lang.InterruptedException: sleep interrupted
2019-10-21 19:13:00,628 [grpc-default-executor-5] INFO  impl.RoleInfo (RoleInfo.java:updateAndGet(143)) - e6a83585-83d0-4616-a3d5-866875ad8a29: start FollowerState
2019-10-21 19:13:00,628 [Thread-1291] INFO  impl.FollowerState (FollowerState.java:run(117)) - 1b813ef4-47a4-4bfc-8eb5-c34ae440adb1@group-73E40DF2990B-FollowerState was interrupted: java.lang.InterruptedException: sleep interrupted
2019-10-21 19:13:00,628 [grpc-default-executor-0] INFO  impl.RoleInfo (RoleInfo.java:updateAndGet(143)) - 1b813ef4-47a4-4bfc-8eb5-c34ae440adb1: start FollowerState
2019-10-21 19:13:00,643 [f2627371-a904-4314-a836-5eb8f54559ec@group-73E40DF2990B-LeaderElection162] INFO  impl.LeaderElection (LeaderElection.java:logAndReturn(56)) - f2627371-a904-4314-a836-5eb8f54559ec@group-73E40DF2990B-LeaderElection162: Election REJECTED; received 2 response(s) [f2627371-a904-4314-a836-5eb8f54559ec<-e6a83585-83d0-4616-a3d5-866875ad8a29#0:FAIL-t175, f2627371-a904-4314-a836-5eb8f54559ec<-1b813ef4-47a4-4bfc-8eb5-c34ae440adb1#0:FAIL-t175] and 0 exception(s); f2627371-a904-4314-a836-5eb8f54559ec@group-73E40DF2990B:t175, leader=null, voted=f2627371-a904-4314-a836-5eb8f54559ec, raftlog=f2627371-a904-4314-a836-5eb8f54559ec@group-73E40DF2990B-SegmentedRaftLog:OPENED:c-1,f-1,i0, conf=-1: [e6a83585-83d0-4616-a3d5-866875ad8a29:192.168.34.32:46159, f2627371-a904-4314-a836-5eb8f54559ec:192.168.34.32:33224, 1b813ef4-47a4-4bfc-8eb5-c34ae440adb1:192.168.34.32:36113], old=null
2019-10-21 19:13:00,643 [f2627371-a904-4314-a836-5eb8f54559ec@group-73E40DF2990B-LeaderElection162] INFO  impl.RaftServerImpl (RaftServerImpl.java:setRole(184)) - f2627371-a904-4314-a836-5eb8f54559ec@group-73E40DF2990B: changes role from CANDIDATE to FOLLOWER at term 175 for DISCOVERED_A_NEW_TERM
2019-10-21 19:13:00,644 [f2627371-a904-4314-a836-5eb8f54559ec@group-73E40DF2990B-LeaderElection162] INFO  impl.RoleInfo (RoleInfo.java:shutdownLeaderElection(134)) - f2627371-a904-4314-a836-5eb8f54559ec: shutdown LeaderElection
2019-10-21 19:13:00,644 [f2627371-a904-4314-a836-5eb8f54559ec@group-73E40DF2990B-LeaderElection162] INFO  impl.RoleInfo (RoleInfo.java:updateAndGet(143)) - f2627371-a904-4314-a836-5eb8f54559ec: start FollowerState
2019-10-21 19:13:00,761 [Thread-1298] INFO  impl.FollowerState (FollowerState.java:run(108)) - f2627371-a904-4314-a836-5eb8f54559ec@group-73E40DF2990B-FollowerState: change to CANDIDATE, lastRpcTime:117ms, electionTimeout:117ms
2019-10-21 19:13:00,761 [Thread-1298] INFO  impl.RoleInfo (RoleInfo.java:shutdownFollowerState(121)) - f2627371-a904-4314-a836-5eb8f54559ec: shutdown FollowerState
2019-10-21 19:13:00,761 [Thread-1298] INFO  impl.RaftServerImpl (RaftServerImpl.java:setRole(184)) - f2627371-a904-4314-a836-5eb8f54559ec@group-73E40DF2990B: changes role from  FOLLOWER to CANDIDATE at term 175 for changeToCandidate
2019-10-21 19:13:00,762 [Thread-1298] INFO  impl.RoleInfo (RoleInfo.java:updateAndGet(143)) - f2627371-a904-4314-a836-5eb8f54559ec: start LeaderElection
2019-10-21 19:13:00,777 [f2627371-a904-4314-a836-5eb8f54559ec@group-73E40DF2990B-LeaderElection163] INFO  impl.LeaderElection (LeaderElection.java:askForVotes(178)) - f2627371-a904-4314-a836-5eb8f54559ec@group-73E40DF2990B-LeaderElection163: begin an election at term 176 for -1: [e6a83585-83d0-4616-a3d5-866875ad8a29:192.168.34.32:46159, f2627371-a904-4314-a836-5eb8f54559ec:192.168.34.32:33224, 1b813ef4-47a4-4bfc-8eb5-c34ae440adb1:192.168.34.32:36113], old=null
2019-10-21 19:13:00,780 [grpc-default-executor-0] INFO  impl.RaftServerImpl (RaftServerImpl.java:setRole(184)) - 1b813ef4-47a4-4bfc-8eb5-c34ae440adb1@group-73E40DF2990B: changes role from  FOLLOWER to FOLLOWER at term 176 for recognizeCandidate:f2627371-a904-4314-a836-5eb8f54559ec
2019-10-21 19:13:00,780 [grpc-default-executor-0] INFO  impl.RoleInfo (RoleInfo.java:shutdownFollowerState(121)) - 1b813ef4-47a4-4bfc-8eb5-c34ae440adb1: shutdown FollowerState
2019-10-21 19:13:00,780 [grpc-default-executor-5] INFO  impl.RaftServerImpl (RaftServerImpl.java:setRole(184)) - e6a83585-83d0-4616-a3d5-866875ad8a29@group-73E40DF2990B: changes role from  FOLLOWER to FOLLOWER at term 176 for recognizeCandidate:f2627371-a904-4314-a836-5eb8f54559ec
2019-10-21 19:13:00,780 [grpc-default-executor-5] INFO  impl.RoleInfo (RoleInfo.java:shutdownFollowerState(121)) - e6a83585-83d0-4616-a3d5-866875ad8a29: shutdown FollowerState
2019-10-21 19:13:00,780 [Thread-1297] INFO  impl.FollowerState (FollowerState.java:run(117)) - 1b813ef4-47a4-4bfc-8eb5-c34ae440adb1@group-73E40DF2990B-FollowerState was interrupted: java.lang.InterruptedException: sleep interrupted
2019-10-21 19:13:00,780 [grpc-default-executor-0] INFO  impl.RoleInfo (RoleInfo.java:updateAndGet(143)) - 1b813ef4-47a4-4bfc-8eb5-c34ae440adb1: start FollowerState
2019-10-21 19:13:00,781 [Thread-1296] INFO  impl.FollowerState (FollowerState.java:run(117)) - e6a83585-83d0-4616-a3d5-866875ad8a29@group-73E40DF2990B-FollowerState was interrupted: java.lang.InterruptedException: sleep interrupted
2019-10-21 19:13:00,780 [grpc-default-executor-5] INFO  impl.RoleInfo (RoleInfo.java:updateAndGet(143)) - e6a83585-83d0-4616-a3d5-866875ad8a29: start FollowerState
2019-10-21 19:13:00,796 [f2627371-a904-4314-a836-5eb8f54559ec@group-73E40DF2990B-LeaderElection163] INFO  impl.LeaderElection (LeaderElection.java:logAndReturn(56)) - f2627371-a904-4314-a836-5eb8f54559ec@group-73E40DF2990B-LeaderElection163: Election REJECTED; received 2 response(s) [f2627371-a904-4314-a836-5eb8f54559ec<-e6a83585-83d0-4616-a3d5-866875ad8a29#0:FAIL-t176, f2627371-a904-4314-a836-5eb8f54559ec<-1b813ef4-47a4-4bfc-8eb5-c34ae440adb1#0:FAIL-t176] and 0 exception(s); f2627371-a904-4314-a836-5eb8f54559ec@group-73E40DF2990B:t176, leader=null, voted=f2627371-a904-4314-a836-5eb8f54559ec, raftlog=f2627371-a904-4314-a836-5eb8f54559ec@group-73E40DF2990B-SegmentedRaftLog:OPENED:c-1,f-1,i0, conf=-1: [e6a83585-83d0-4616-a3d5-866875ad8a29:192.168.34.32:46159, f2627371-a904-4314-a836-5eb8f54559ec:192.168.34.32:33224, 1b813ef4-47a4-4bfc-8eb5-c34ae440adb1:192.168.34.32:36113], old=null
2019-10-21 19:13:00,796 [f2627371-a904-4314-a836-5eb8f54559ec@group-73E40DF2990B-LeaderElection163] INFO  impl.RaftServerImpl (RaftServerImpl.java:setRole(184)) - f2627371-a904-4314-a836-5eb8f54559ec@group-73E40DF2990B: changes role from CANDIDATE to FOLLOWER at term 176 for DISCOVERED_A_NEW_TERM
2019-10-21 19:13:00,796 [f2627371-a904-4314-a836-5eb8f54559ec@group-73E40DF2990B-LeaderElection163] INFO  impl.RoleInfo (RoleInfo.java:shutdownLeaderElection(134)) - f2627371-a904-4314-a836-5eb8f54559ec: shutdown LeaderElection
2019-10-21 19:13:00,797 [f2627371-a904-4314-a836-5eb8f54559ec@group-73E40DF2990B-LeaderElection163] INFO  impl.RoleInfo (RoleInfo.java:updateAndGet(143)) - f2627371-a904-4314-a836-5eb8f54559ec: start FollowerState
2019-10-21 19:13:00,863 [Thread-1304] INFO  impl.FollowerState (FollowerState.java:run(108)) - f2627371-a904-4314-a836-5eb8f54559ec@group-73E40DF2990B-FollowerState: change to CANDIDATE, lastRpcTime:66ms, electionTimeout:66ms
2019-10-21 19:13:00,863 [Thread-1304] INFO  impl.RoleInfo (RoleInfo.java:shutdownFollowerState(121)) - f2627371-a904-4314-a836-5eb8f54559ec: shutdown FollowerState
2019-10-21 19:13:00,863 [Thread-1304] INFO  impl.RaftServerImpl (RaftServerImpl.java:setRole(184)) - f2627371-a904-4314-a836-5eb8f54559ec@group-73E40DF2990B: changes role from  FOLLOWER to CANDIDATE at term 176 for changeToCandidate
2019-10-21 19:13:00,864 [Thread-1304] INFO  impl.RoleInfo (RoleInfo.java:updateAndGet(143)) - f2627371-a904-4314-a836-5eb8f54559ec: start LeaderElection
2019-10-21 19:13:00,878 [f2627371-a904-4314-a836-5eb8f54559ec@group-73E40DF2990B-LeaderElection164] INFO  impl.LeaderElection (LeaderElection.java:askForVotes(178)) - f2627371-a904-4314-a836-5eb8f54559ec@group-73E40DF2990B-LeaderElection164: begin an election at term 177 for -1: [e6a83585-83d0-4616-a3d5-866875ad8a29:192.168.34.32:46159, f2627371-a904-4314-a836-5eb8f54559ec:192.168.34.32:33224, 1b813ef4-47a4-4bfc-8eb5-c34ae440adb1:192.168.34.32:36113], old=null
2019-10-21 19:13:00,881 [grpc-default-executor-0] INFO  impl.RaftServerImpl (RaftServerImpl.java:setRole(184)) - 1b813ef4-47a4-4bfc-8eb5-c34ae440adb1@group-73E40DF2990B: changes role from  FOLLOWER to FOLLOWER at term 177 for recognizeCandidate:f2627371-a904-4314-a836-5eb8f54559ec
2019-10-21 19:13:00,882 [grpc-default-executor-0] INFO  impl.RoleInfo (RoleInfo.java:shutdownFollowerState(121)) - 1b813ef4-47a4-4bfc-8eb5-c34ae440adb1: shutdown FollowerState
2019-10-21 19:13:00,882 [grpc-default-executor-0] INFO  impl.RoleInfo (RoleInfo.java:updateAndGet(143)) - 1b813ef4-47a4-4bfc-8eb5-c34ae440adb1: start FollowerState
2019-10-21 19:13:00,882 [grpc-default-executor-5] INFO  impl.RaftServerImpl (RaftServerImpl.java:setRole(184)) - e6a83585-83d0-4616-a3d5-866875ad8a29@group-73E40DF2990B: changes role from  FOLLOWER to FOLLOWER at term 177 for recognizeCandidate:f2627371-a904-4314-a836-5eb8f54559ec
2019-10-21 19:13:00,882 [Thread-1302] INFO  impl.FollowerState (FollowerState.java:run(117)) - 1b813ef4-47a4-4bfc-8eb5-c34ae440adb1@group-73E40DF2990B-FollowerState was interrupted: java.lang.InterruptedException: sleep interrupted
2019-10-21 19:13:00,882 [grpc-default-executor-5] INFO  impl.RoleInfo (RoleInfo.java:shutdownFollowerState(121)) - e6a83585-83d0-4616-a3d5-866875ad8a29: shutdown FollowerState
2019-10-21 19:13:00,883 [grpc-default-executor-5] INFO  impl.RoleInfo (RoleInfo.java:updateAndGet(143)) - e6a83585-83d0-4616-a3d5-866875ad8a29: start FollowerState
2019-10-21 19:13:00,883 [Thread-1303] INFO  impl.FollowerState (FollowerState.java:run(117)) - e6a83585-83d0-4616-a3d5-866875ad8a29@group-73E40DF2990B-FollowerState was interrupted: java.lang.InterruptedException: sleep interrupted
2019-10-21 19:13:00,897 [f2627371-a904-4314-a836-5eb8f54559ec@group-73E40DF2990B-LeaderElection164] INFO  impl.LeaderElection (LeaderElection.java:logAndReturn(56)) - f2627371-a904-4314-a836-5eb8f54559ec@group-73E40DF2990B-LeaderElection164: Election REJECTED; received 2 response(s) [f2627371-a904-4314-a836-5eb8f54559ec<-e6a83585-83d0-4616-a3d5-866875ad8a29#0:FAIL-t177, f2627371-a904-4314-a836-5eb8f54559ec<-1b813ef4-47a4-4bfc-8eb5-c34ae440adb1#0:FAIL-t177] and 0 exception(s); f2627371-a904-4314-a836-5eb8f54559ec@group-73E40DF2990B:t177, leader=null, voted=f2627371-a904-4314-a836-5eb8f54559ec, raftlog=f2627371-a904-4314-a836-5eb8f54559ec@group-73E40DF2990B-SegmentedRaftLog:OPENED:c-1,f-1,i0, conf=-1: [e6a83585-83d0-4616-a3d5-866875ad8a29:192.168.34.32:46159, f2627371-a904-4314-a836-5eb8f54559ec:192.168.34.32:33224, 1b813ef4-47a4-4bfc-8eb5-c34ae440adb1:192.168.34.32:36113], old=null
2019-10-21 19:13:00,897 [f2627371-a904-4314-a836-5eb8f54559ec@group-73E40DF2990B-LeaderElection164] INFO  impl.RaftServerImpl (RaftServerImpl.java:setRole(184)) - f2627371-a904-4314-a836-5eb8f54559ec@group-73E40DF2990B: changes role from CANDIDATE to FOLLOWER at term 177 for DISCOVERED_A_NEW_TERM
2019-10-21 19:13:00,897 [f2627371-a904-4314-a836-5eb8f54559ec@group-73E40DF2990B-LeaderElection164] INFO  impl.RoleInfo (RoleInfo.java:shutdownLeaderElection(134)) - f2627371-a904-4314-a836-5eb8f54559ec: shutdown LeaderElection
2019-10-21 19:13:00,898 [f2627371-a904-4314-a836-5eb8f54559ec@group-73E40DF2990B-LeaderElection164] INFO  impl.RoleInfo (RoleInfo.java:updateAndGet(143)) - f2627371-a904-4314-a836-5eb8f54559ec: start FollowerState
2019-10-21 19:13:01,059 [Thread-1310] INFO  impl.FollowerState (FollowerState.java:run(108)) - f2627371-a904-4314-a836-5eb8f54559ec@group-73E40DF2990B-FollowerState: change to CANDIDATE, lastRpcTime:161ms, electionTimeout:161ms
2019-10-21 19:13:01,059 [Thread-1310] INFO  impl.RoleInfo (RoleInfo.java:shutdownFollowerState(121)) - f2627371-a904-4314-a836-5eb8f54559ec: shutdown FollowerState
2019-10-21 19:13:01,060 [Thread-1310] INFO  impl.RaftServerImpl (RaftServerImpl.java:setRole(184)) - f2627371-a904-4314-a836-5eb8f54559ec@group-73E40DF2990B: changes role from  FOLLOWER to CANDIDATE at term 177 for changeToCandidate
2019-10-21 19:13:01,060 [Thread-1310] INFO  impl.RoleInfo (RoleInfo.java:updateAndGet(143)) - f2627371-a904-4314-a836-5eb8f54559ec: start LeaderElection
2019-10-21 19:13:01,076 [f2627371-a904-4314-a836-5eb8f54559ec@group-73E40DF2990B-LeaderElection165] INFO  impl.LeaderElection (LeaderElection.java:askForVotes(178)) - f2627371-a904-4314-a836-5eb8f54559ec@group-73E40DF2990B-LeaderElection165: begin an election at term 178 for -1: [e6a83585-83d0-4616-a3d5-866875ad8a29:192.168.34.32:46159, f2627371-a904-4314-a836-5eb8f54559ec:192.168.34.32:33224, 1b813ef4-47a4-4bfc-8eb5-c34ae440adb1:192.168.34.32:36113], old=null
2019-10-21 19:13:01,079 [grpc-default-executor-0] INFO  impl.RaftServerImpl (RaftServerImpl.java:setRole(184)) - 1b813ef4-47a4-4bfc-8eb5-c34ae440adb1@group-73E40DF2990B: changes role from  FOLLOWER to FOLLOWER at term 178 for recognizeCandidate:f2627371-a904-4314-a836-5eb8f54559ec
2019-10-21 19:13:01,079 [grpc-default-executor-0] INFO  impl.RoleInfo (RoleInfo.java:shutdownFollowerState(121)) - 1b813ef4-47a4-4bfc-8eb5-c34ae440adb1: shutdown FollowerState
2019-10-21 19:13:01,079 [grpc-default-executor-5] INFO  impl.RaftServerImpl (RaftServerImpl.java:setRole(184)) - e6a83585-83d0-4616-a3d5-866875ad8a29@group-73E40DF2990B: changes role from  FOLLOWER to FOLLOWER at term 178 for recognizeCandidate:f2627371-a904-4314-a836-5eb8f54559ec
2019-10-21 19:13:01,079 [grpc-default-executor-0] INFO  impl.RoleInfo (RoleInfo.java:updateAndGet(143)) - 1b813ef4-47a4-4bfc-8eb5-c34ae440adb1: start FollowerState
2019-10-21 19:13:01,079 [Thread-1308] INFO  impl.FollowerState (FollowerState.java:run(117)) - 1b813ef4-47a4-4bfc-8eb5-c34ae440adb1@group-73E40DF2990B-FollowerState was interrupted: java.lang.InterruptedException: sleep interrupted
2019-10-21 19:13:01,079 [grpc-default-executor-5] INFO  impl.RoleInfo (RoleInfo.java:shutdownFollowerState(121)) - e6a83585-83d0-4616-a3d5-866875ad8a29: shutdown FollowerState
2019-10-21 19:13:01,080 [grpc-default-executor-5] INFO  impl.RoleInfo (RoleInfo.java:updateAndGet(143)) - e6a83585-83d0-4616-a3d5-866875ad8a29: start FollowerState
2019-10-21 19:13:01,080 [Thread-1309] INFO  impl.FollowerState (FollowerState.java:run(117)) - e6a83585-83d0-4616-a3d5-866875ad8a29@group-73E40DF2990B-FollowerState was interrupted: java.lang.InterruptedException: sleep interrupted
2019-10-21 19:13:01,095 [f2627371-a904-4314-a836-5eb8f54559ec@group-73E40DF2990B-LeaderElection165] INFO  impl.LeaderElection (LeaderElection.java:logAndReturn(56)) - f2627371-a904-4314-a836-5eb8f54559ec@group-73E40DF2990B-LeaderElection165: Election REJECTED; received 2 response(s) [f2627371-a904-4314-a836-5eb8f54559ec<-e6a83585-83d0-4616-a3d5-866875ad8a29#0:FAIL-t178, f2627371-a904-4314-a836-5eb8f54559ec<-1b813ef4-47a4-4bfc-8eb5-c34ae440adb1#0:FAIL-t178] and 0 exception(s); f2627371-a904-4314-a836-5eb8f54559ec@group-73E40DF2990B:t178, leader=null, voted=f2627371-a904-4314-a836-5eb8f54559ec, raftlog=f2627371-a904-4314-a836-5eb8f54559ec@group-73E40DF2990B-SegmentedRaftLog:OPENED:c-1,f-1,i0, conf=-1: [e6a83585-83d0-4616-a3d5-866875ad8a29:192.168.34.32:46159, f2627371-a904-4314-a836-5eb8f54559ec:192.168.34.32:33224, 1b813ef4-47a4-4bfc-8eb5-c34ae440adb1:192.168.34.32:36113], old=null
2019-10-21 19:13:01,095 [f2627371-a904-4314-a836-5eb8f54559ec@group-73E40DF2990B-LeaderElection165] INFO  impl.RaftServerImpl (RaftServerImpl.java:setRole(184)) - f2627371-a904-4314-a836-5eb8f54559ec@group-73E40DF2990B: changes role from CANDIDATE to FOLLOWER at term 178 for DISCOVERED_A_NEW_TERM
2019-10-21 19:13:01,095 [f2627371-a904-4314-a836-5eb8f54559ec@group-73E40DF2990B-LeaderElection165] INFO  impl.RoleInfo (RoleInfo.java:shutdownLeaderElection(134)) - f2627371-a904-4314-a836-5eb8f54559ec: shutdown LeaderElection
2019-10-21 19:13:01,095 [f2627371-a904-4314-a836-5eb8f54559ec@group-73E40DF2990B-LeaderElection165] INFO  impl.RoleInfo (RoleInfo.java:updateAndGet(143)) - f2627371-a904-4314-a836-5eb8f54559ec: start FollowerState
2019-10-21 19:13:01,248 [Thread-1316] INFO  impl.FollowerState (FollowerState.java:run(108)) - f2627371-a904-4314-a836-5eb8f54559ec@group-73E40DF2990B-FollowerState: change to CANDIDATE, lastRpcTime:152ms, electionTimeout:152ms
2019-10-21 19:13:01,248 [Thread-1316] INFO  impl.RoleInfo (RoleInfo.java:shutdownFollowerState(121)) - f2627371-a904-4314-a836-5eb8f54559ec: shutdown FollowerState
2019-10-21 19:13:01,248 [Thread-1316] INFO  impl.RaftServerImpl (RaftServerImpl.java:setRole(184)) - f2627371-a904-4314-a836-5eb8f54559ec@group-73E40DF2990B: changes role from  FOLLOWER to CANDIDATE at term 178 for changeToCandidate
2019-10-21 19:13:01,248 [Thread-1316] INFO  impl.RoleInfo (RoleInfo.java:updateAndGet(143)) - f2627371-a904-4314-a836-5eb8f54559ec: start LeaderElection
2019-10-21 19:13:01,257 [f2627371-a904-4314-a836-5eb8f54559ec@group-73E40DF2990B-LeaderElection166] INFO  impl.LeaderElection (LeaderElection.java:askForVotes(178)) - f2627371-a904-4314-a836-5eb8f54559ec@group-73E40DF2990B-LeaderElection166: begin an election at term 179 for -1: [e6a83585-83d0-4616-a3d5-866875ad8a29:192.168.34.32:46159, f2627371-a904-4314-a836-5eb8f54559ec:192.168.34.32:33224, 1b813ef4-47a4-4bfc-8eb5-c34ae440adb1:192.168.34.32:36113], old=null
2019-10-21 19:13:01,259 [grpc-default-executor-5] INFO  impl.RaftServerImpl (RaftServerImpl.java:setRole(184)) - e6a83585-83d0-4616-a3d5-866875ad8a29@group-73E40DF2990B: changes role from  FOLLOWER to FOLLOWER at term 179 for recognizeCandidate:f2627371-a904-4314-a836-5eb8f54559ec
2019-10-21 19:13:01,259 [grpc-default-executor-5] INFO  impl.RoleInfo (RoleInfo.java:shutdownFollowerState(121)) - e6a83585-83d0-4616-a3d5-866875ad8a29: shutdown FollowerState
2019-10-21 19:13:01,260 [grpc-default-executor-5] INFO  impl.RoleInfo (RoleInfo.java:updateAndGet(143)) - e6a83585-83d0-4616-a3d5-866875ad8a29: start FollowerState
2019-10-21 19:13:01,260 [grpc-default-executor-0] INFO  impl.RaftServerImpl (RaftServerImpl.java:setRole(184)) - 1b813ef4-47a4-4bfc-8eb5-c34ae440adb1@group-73E40DF2990B: changes role from  FOLLOWER to FOLLOWER at term 179 for recognizeCandidate:f2627371-a904-4314-a836-5eb8f54559ec
2019-10-21 19:13:01,260 [grpc-default-executor-0] INFO  impl.RoleInfo (RoleInfo.java:shutdownFollowerState(121)) - 1b813ef4-47a4-4bfc-8eb5-c34ae440adb1: shutdown FollowerState
2019-10-21 19:13:01,260 [Thread-1315] INFO  impl.FollowerState (FollowerState.java:run(117)) - e6a83585-83d0-4616-a3d5-866875ad8a29@group-73E40DF2990B-FollowerState was interrupted: java.lang.InterruptedException: sleep interrupted
2019-10-21 19:13:01,260 [Thread-1314] INFO  impl.FollowerState (FollowerState.java:run(117)) - 1b813ef4-47a4-4bfc-8eb5-c34ae440adb1@group-73E40DF2990B-FollowerState was interrupted: java.lang.InterruptedException: sleep interrupted
2019-10-21 19:13:01,260 [grpc-default-executor-0] INFO  impl.RoleInfo (RoleInfo.java:updateAndGet(143)) - 1b813ef4-47a4-4bfc-8eb5-c34ae440adb1: start FollowerState
2019-10-21 19:13:01,275 [f2627371-a904-4314-a836-5eb8f54559ec@group-73E40DF2990B-LeaderElection166] INFO  impl.LeaderElection (LeaderElection.java:logAndReturn(56)) - f2627371-a904-4314-a836-5eb8f54559ec@group-73E40DF2990B-LeaderElection166: Election REJECTED; received 2 response(s) [f2627371-a904-4314-a836-5eb8f54559ec<-e6a83585-83d0-4616-a3d5-866875ad8a29#0:FAIL-t179, f2627371-a904-4314-a836-5eb8f54559ec<-1b813ef4-47a4-4bfc-8eb5-c34ae440adb1#0:FAIL-t179] and 0 exception(s); f2627371-a904-4314-a836-5eb8f54559ec@group-73E40DF2990B:t179, leader=null, voted=f2627371-a904-4314-a836-5eb8f54559ec, raftlog=f2627371-a904-4314-a836-5eb8f54559ec@group-73E40DF2990B-SegmentedRaftLog:OPENED:c-1,f-1,i0, conf=-1: [e6a83585-83d0-4616-a3d5-866875ad8a29:192.168.34.32:46159, f2627371-a904-4314-a836-5eb8f54559ec:192.168.34.32:33224, 1b813ef4-47a4-4bfc-8eb5-c34ae440adb1:192.168.34.32:36113], old=null
2019-10-21 19:13:01,275 [f2627371-a904-4314-a836-5eb8f54559ec@group-73E40DF2990B-LeaderElection166] INFO  impl.RaftServerImpl (RaftServerImpl.java:setRole(184)) - f2627371-a904-4314-a836-5eb8f54559ec@group-73E40DF2990B: changes role from CANDIDATE to FOLLOWER at term 179 for DISCOVERED_A_NEW_TERM
2019-10-21 19:13:01,275 [f2627371-a904-4314-a836-5eb8f54559ec@group-73E40DF2990B-LeaderElection166] INFO  impl.RoleInfo (RoleInfo.java:shutdownLeaderElection(134)) - f2627371-a904-4314-a836-5eb8f54559ec: shutdown LeaderElection
2019-10-21 19:13:01,275 [f2627371-a904-4314-a836-5eb8f54559ec@group-73E40DF2990B-LeaderElection166] INFO  impl.RoleInfo (RoleInfo.java:updateAndGet(143)) - f2627371-a904-4314-a836-5eb8f54559ec: start FollowerState
2019-10-21 19:13:01,292 [Thread-1322] INFO  impl.FollowerState (FollowerState.java:run(108)) - f2627371-a904-4314-a836-5eb8f54559ec@group-73E40DF2990B-FollowerState: change to CANDIDATE, lastRpcTime:16ms, electionTimeout:16ms
2019-10-21 19:13:01,292 [Thread-1322] INFO  impl.RoleInfo (RoleInfo.java:shutdownFollowerState(121)) - f2627371-a904-4314-a836-5eb8f54559ec: shutdown FollowerState
2019-10-21 19:13:01,292 [Thread-1322] INFO  impl.RaftServerImpl (RaftServerImpl.java:setRole(184)) - f2627371-a904-4314-a836-5eb8f54559ec@group-73E40DF2990B: changes role from  FOLLOWER to CANDIDATE at term 179 for changeToCandidate
2019-10-21 19:13:01,292 [Thread-1322] INFO  impl.RoleInfo (RoleInfo.java:updateAndGet(143)) - f2627371-a904-4314-a836-5eb8f54559ec: start LeaderElection
2019-10-21 19:13:01,307 [f2627371-a904-4314-a836-5eb8f54559ec@group-73E40DF2990B-LeaderElection167] INFO  impl.LeaderElection (LeaderElection.java:askForVotes(178)) - f2627371-a904-4314-a836-5eb8f54559ec@group-73E40DF2990B-LeaderElection167: begin an election at term 180 for -1: [e6a83585-83d0-4616-a3d5-866875ad8a29:192.168.34.32:46159, f2627371-a904-4314-a836-5eb8f54559ec:192.168.34.32:33224, 1b813ef4-47a4-4bfc-8eb5-c34ae440adb1:192.168.34.32:36113], old=null
2019-10-21 19:13:01,309 [grpc-default-executor-5] INFO  impl.RaftServerImpl (RaftServerImpl.java:setRole(184)) - e6a83585-83d0-4616-a3d5-866875ad8a29@group-73E40DF2990B: changes role from  FOLLOWER to FOLLOWER at term 180 for recognizeCandidate:f2627371-a904-4314-a836-5eb8f54559ec
2019-10-21 19:13:01,310 [grpc-default-executor-5] INFO  impl.RoleInfo (RoleInfo.java:shutdownFollowerState(121)) - e6a83585-83d0-4616-a3d5-866875ad8a29: shutdown FollowerState
2019-10-21 19:13:01,310 [grpc-default-executor-5] INFO  impl.RoleInfo (RoleInfo.java:updateAndGet(143)) - e6a83585-83d0-4616-a3d5-866875ad8a29: start FollowerState
2019-10-21 19:13:01,310 [Thread-1320] INFO  impl.FollowerState (FollowerState.java:run(117)) - e6a83585-83d0-4616-a3d5-866875ad8a29@group-73E40DF2990B-FollowerState was interrupted: java.lang.InterruptedException: sleep interrupted
2019-10-21 19:13:01,310 [grpc-default-executor-0] INFO  impl.RaftServerImpl (RaftServerImpl.java:setRole(184)) - 1b813ef4-47a4-4bfc-8eb5-c34ae440adb1@group-73E40DF2990B: changes role from  FOLLOWER to FOLLOWER at term 180 for recognizeCandidate:f2627371-a904-4314-a836-5eb8f54559ec
2019-10-21 19:13:01,310 [grpc-default-executor-0] INFO  impl.RoleInfo (RoleInfo.java:shutdownFollowerState(121)) - 1b813ef4-47a4-4bfc-8eb5-c34ae440adb1: shutdown FollowerState
2019-10-21 19:13:01,310 [grpc-default-executor-0] INFO  impl.RoleInfo (RoleInfo.java:updateAndGet(143)) - 1b813ef4-47a4-4bfc-8eb5-c34ae440adb1: start FollowerState
2019-10-21 19:13:01,311 [Thread-1321] INFO  impl.FollowerState (FollowerState.java:run(117)) - 1b813ef4-47a4-4bfc-8eb5-c34ae440adb1@group-73E40DF2990B-FollowerState was interrupted: java.lang.InterruptedException: sleep interrupted
2019-10-21 19:13:01,316 [f2627371-a904-4314-a836-5eb8f54559ec@group-73E40DF2990B-LeaderElection167] INFO  impl.LeaderElection (LeaderElection.java:logAndReturn(56)) - f2627371-a904-4314-a836-5eb8f54559ec@group-73E40DF2990B-LeaderElection167: Election TIMEOUT; received 0 response(s) [] and 0 exception(s); f2627371-a904-4314-a836-5eb8f54559ec@group-73E40DF2990B:t180, leader=null, voted=f2627371-a904-4314-a836-5eb8f54559ec, raftlog=f2627371-a904-4314-a836-5eb8f54559ec@group-73E40DF2990B-SegmentedRaftLog:OPENED:c-1,f-1,i0, conf=-1: [e6a83585-83d0-4616-a3d5-866875ad8a29:192.168.34.32:46159, f2627371-a904-4314-a836-5eb8f54559ec:192.168.34.32:33224, 1b813ef4-47a4-4bfc-8eb5-c34ae440adb1:192.168.34.32:36113], old=null
2019-10-21 19:13:01,324 [f2627371-a904-4314-a836-5eb8f54559ec@group-73E40DF2990B-LeaderElection167] INFO  impl.LeaderElection (LeaderElection.java:askForVotes(178)) - f2627371-a904-4314-a836-5eb8f54559ec@group-73E40DF2990B-LeaderElection167: begin an election at term 181 for -1: [e6a83585-83d0-4616-a3d5-866875ad8a29:192.168.34.32:46159, f2627371-a904-4314-a836-5eb8f54559ec:192.168.34.32:33224, 1b813ef4-47a4-4bfc-8eb5-c34ae440adb1:192.168.34.32:36113], old=null
2019-10-21 19:13:01,327 [grpc-default-executor-5] INFO  impl.RaftServerImpl (RaftServerImpl.java:setRole(184)) - e6a83585-83d0-4616-a3d5-866875ad8a29@group-73E40DF2990B: changes role from  FOLLOWER to FOLLOWER at term 181 for recognizeCandidate:f2627371-a904-4314-a836-5eb8f54559ec
2019-10-21 19:13:01,327 [grpc-default-executor-5] INFO  impl.RoleInfo (RoleInfo.java:shutdownFollowerState(121)) - e6a83585-83d0-4616-a3d5-866875ad8a29: shutdown FollowerState
2019-10-21 19:13:01,327 [grpc-default-executor-5] INFO  impl.RoleInfo (RoleInfo.java:updateAndGet(143)) - e6a83585-83d0-4616-a3d5-866875ad8a29: start FollowerState
2019-10-21 19:13:01,327 [grpc-default-executor-0] INFO  impl.RaftServerImpl (RaftServerImpl.java:setRole(184)) - 1b813ef4-47a4-4bfc-8eb5-c34ae440adb1@group-73E40DF2990B: changes role from  FOLLOWER to FOLLOWER at term 181 for recognizeCandidate:f2627371-a904-4314-a836-5eb8f54559ec
2019-10-21 19:13:01,327 [Thread-1326] INFO  impl.FollowerState (FollowerState.java:run(117)) - e6a83585-83d0-4616-a3d5-866875ad8a29@group-73E40DF2990B-FollowerState was interrupted: java.lang.InterruptedException: sleep interrupted
2019-10-21 19:13:01,327 [grpc-default-executor-0] INFO  impl.RoleInfo (RoleInfo.java:shutdownFollowerState(121)) - 1b813ef4-47a4-4bfc-8eb5-c34ae440adb1: shutdown FollowerState
2019-10-21 19:13:01,328 [grpc-default-executor-0] INFO  impl.RoleInfo (RoleInfo.java:updateAndGet(143)) - 1b813ef4-47a4-4bfc-8eb5-c34ae440adb1: start FollowerState
2019-10-21 19:13:01,328 [Thread-1327] INFO  impl.FollowerState (FollowerState.java:run(117)) - 1b813ef4-47a4-4bfc-8eb5-c34ae440adb1@group-73E40DF2990B-FollowerState was interrupted: java.lang.InterruptedException: sleep interrupted
2019-10-21 19:13:01,328 [f2627371-a904-4314-a836-5eb8f54559ec@group-73E40DF2990B-LeaderElection167] INFO  impl.LeaderElection (LeaderElection.java:logAndReturn(56)) - f2627371-a904-4314-a836-5eb8f54559ec@group-73E40DF2990B-LeaderElection167: Election TIMEOUT; received 0 response(s) [] and 0 exception(s); f2627371-a904-4314-a836-5eb8f54559ec@group-73E40DF2990B:t181, leader=null, voted=f2627371-a904-4314-a836-5eb8f54559ec, raftlog=f2627371-a904-4314-a836-5eb8f54559ec@group-73E40DF2990B-SegmentedRaftLog:OPENED:c-1,f-1,i0, conf=-1: [e6a83585-83d0-4616-a3d5-866875ad8a29:192.168.34.32:46159, f2627371-a904-4314-a836-5eb8f54559ec:192.168.34.32:33224, 1b813ef4-47a4-4bfc-8eb5-c34ae440adb1:192.168.34.32:36113], old=null
2019-10-21 19:13:01,341 [f2627371-a904-4314-a836-5eb8f54559ec@group-73E40DF2990B-LeaderElection167] INFO  impl.LeaderElection (LeaderElection.java:askForVotes(178)) - f2627371-a904-4314-a836-5eb8f54559ec@group-73E40DF2990B-LeaderElection167: begin an election at term 182 for -1: [e6a83585-83d0-4616-a3d5-866875ad8a29:192.168.34.32:46159, f2627371-a904-4314-a836-5eb8f54559ec:192.168.34.32:33224, 1b813ef4-47a4-4bfc-8eb5-c34ae440adb1:192.168.34.32:36113], old=null
2019-10-21 19:13:01,343 [grpc-default-executor-5] INFO  impl.RaftServerImpl (RaftServerImpl.java:setRole(184)) - e6a83585-83d0-4616-a3d5-866875ad8a29@group-73E40DF2990B: changes role from  FOLLOWER to FOLLOWER at term 182 for recognizeCandidate:f2627371-a904-4314-a836-5eb8f54559ec
2019-10-21 19:13:01,343 [grpc-default-executor-5] INFO  impl.RoleInfo (RoleInfo.java:shutdownFollowerState(121)) - e6a83585-83d0-4616-a3d5-866875ad8a29: shutdown FollowerState
2019-10-21 19:13:01,343 [grpc-default-executor-0] INFO  impl.RaftServerImpl (RaftServerImpl.java:setRole(184)) - 1b813ef4-47a4-4bfc-8eb5-c34ae440adb1@group-73E40DF2990B: changes role from  FOLLOWER to FOLLOWER at term 182 for recognizeCandidate:f2627371-a904-4314-a836-5eb8f54559ec
2019-10-21 19:13:01,343 [grpc-default-executor-0] INFO  impl.RoleInfo (RoleInfo.java:shutdownFollowerState(121)) - 1b813ef4-47a4-4bfc-8eb5-c34ae440adb1: shutdown FollowerState
2019-10-21 19:13:01,343 [Thread-1330] INFO  impl.FollowerState (FollowerState.java:run(117)) - e6a83585-83d0-4616-a3d5-866875ad8a29@group-73E40DF2990B-FollowerState was interrupted: java.lang.InterruptedException: sleep interrupted
2019-10-21 19:13:01,343 [grpc-default-executor-5] INFO  impl.RoleInfo (RoleInfo.java:updateAndGet(143)) - e6a83585-83d0-4616-a3d5-866875ad8a29: start FollowerState
2019-10-21 19:13:01,344 [Thread-1331] INFO  impl.FollowerState (FollowerState.java:run(117)) - 1b813ef4-47a4-4bfc-8eb5-c34ae440adb1@group-73E40DF2990B-FollowerState was interrupted: java.lang.InterruptedException: sleep interrupted
2019-10-21 19:13:01,344 [grpc-default-executor-0] INFO  impl.RoleInfo (RoleInfo.java:updateAndGet(143)) - 1b813ef4-47a4-4bfc-8eb5-c34ae440adb1: start FollowerState
2019-10-21 19:13:01,359 [f2627371-a904-4314-a836-5eb8f54559ec@group-73E40DF2990B-LeaderElection167] INFO  impl.LeaderElection (LeaderElection.java:logAndReturn(56)) - f2627371-a904-4314-a836-5eb8f54559ec@group-73E40DF2990B-LeaderElection167: Election REJECTED; received 2 response(s) [f2627371-a904-4314-a836-5eb8f54559ec<-e6a83585-83d0-4616-a3d5-866875ad8a29#0:FAIL-t182, f2627371-a904-4314-a836-5eb8f54559ec<-1b813ef4-47a4-4bfc-8eb5-c34ae440adb1#0:FAIL-t182] and 0 exception(s); f2627371-a904-4314-a836-5eb8f54559ec@group-73E40DF2990B:t182, leader=null, voted=f2627371-a904-4314-a836-5eb8f54559ec, raftlog=f2627371-a904-4314-a836-5eb8f54559ec@group-73E40DF2990B-SegmentedRaftLog:OPENED:c-1,f-1,i0, conf=-1: [e6a83585-83d0-4616-a3d5-866875ad8a29:192.168.34.32:46159, f2627371-a904-4314-a836-5eb8f54559ec:192.168.34.32:33224, 1b813ef4-47a4-4bfc-8eb5-c34ae440adb1:192.168.34.32:36113], old=null
2019-10-21 19:13:01,359 [f2627371-a904-4314-a836-5eb8f54559ec@group-73E40DF2990B-LeaderElection167] INFO  impl.RaftServerImpl (RaftServerImpl.java:setRole(184)) - f2627371-a904-4314-a836-5eb8f54559ec@group-73E40DF2990B: changes role from CANDIDATE to FOLLOWER at term 182 for DISCOVERED_A_NEW_TERM
2019-10-21 19:13:01,359 [f2627371-a904-4314-a836-5eb8f54559ec@group-73E40DF2990B-LeaderElection167] INFO  impl.RoleInfo (RoleInfo.java:shutdownLeaderElection(134)) - f2627371-a904-4314-a836-5eb8f54559ec: shutdown LeaderElection
2019-10-21 19:13:01,359 [f2627371-a904-4314-a836-5eb8f54559ec@group-73E40DF2990B-LeaderElection167] INFO  impl.RoleInfo (RoleInfo.java:updateAndGet(143)) - f2627371-a904-4314-a836-5eb8f54559ec: start FollowerState
2019-10-21 19:13:01,472 [Thread-1336] INFO  impl.FollowerState (FollowerState.java:run(108)) - f2627371-a904-4314-a836-5eb8f54559ec@group-73E40DF2990B-FollowerState: change to CANDIDATE, lastRpcTime:113ms, electionTimeout:113ms
2019-10-21 19:13:01,473 [Thread-1336] INFO  impl.RoleInfo (RoleInfo.java:shutdownFollowerState(121)) - f2627371-a904-4314-a836-5eb8f54559ec: shutdown FollowerState
2019-10-21 19:13:01,473 [Thread-1336] INFO  impl.RaftServerImpl (RaftServerImpl.java:setRole(184)) - f2627371-a904-4314-a836-5eb8f54559ec@group-73E40DF2990B: changes role from  FOLLOWER to CANDIDATE at term 182 for changeToCandidate
2019-10-21 19:13:01,473 [Thread-1336] INFO  impl.RoleInfo (RoleInfo.java:updateAndGet(143)) - f2627371-a904-4314-a836-5eb8f54559ec: start LeaderElection
2019-10-21 19:13:01,489 [f2627371-a904-4314-a836-5eb8f54559ec@group-73E40DF2990B-LeaderElection168] INFO  impl.LeaderElection (LeaderElection.java:askForVotes(178)) - f2627371-a904-4314-a836-5eb8f54559ec@group-73E40DF2990B-LeaderElection168: begin an election at term 183 for -1: [e6a83585-83d0-4616-a3d5-866875ad8a29:192.168.34.32:46159, f2627371-a904-4314-a836-5eb8f54559ec:192.168.34.32:33224, 1b813ef4-47a4-4bfc-8eb5-c34ae440adb1:192.168.34.32:36113], old=null
2019-10-21 19:13:01,492 [grpc-default-executor-5] INFO  impl.RaftServerImpl (RaftServerImpl.java:setRole(184)) - e6a83585-83d0-4616-a3d5-866875ad8a29@group-73E40DF2990B: changes role from  FOLLOWER to FOLLOWER at term 183 for recognizeCandidate:f2627371-a904-4314-a836-5eb8f54559ec
2019-10-21 19:13:01,492 [grpc-default-executor-5] INFO  impl.RoleInfo (RoleInfo.java:shutdownFollowerState(121)) - e6a83585-83d0-4616-a3d5-866875ad8a29: shutdown FollowerState
2019-10-21 19:13:01,493 [grpc-default-executor-0] INFO  impl.RaftServerImpl (RaftServerImpl.java:setRole(184)) - 1b813ef4-47a4-4bfc-8eb5-c34ae440adb1@group-73E40DF2990B: changes role from  FOLLOWER to FOLLOWER at term 183 for recognizeCandidate:f2627371-a904-4314-a836-5eb8f54559ec
2019-10-21 19:13:01,493 [Thread-1334] INFO  impl.FollowerState (FollowerState.java:run(117)) - e6a83585-83d0-4616-a3d5-866875ad8a29@group-73E40DF2990B-FollowerState was interrupted: java.lang.InterruptedException: sleep interrupted
2019-10-21 19:13:01,493 [grpc-default-executor-5] INFO  impl.RoleInfo (RoleInfo.java:updateAndGet(143)) - e6a83585-83d0-4616-a3d5-866875ad8a29: start FollowerState
2019-10-21 19:13:01,493 [grpc-default-executor-0] INFO  impl.RoleInfo (RoleInfo.java:shutdownFollowerState(121)) - 1b813ef4-47a4-4bfc-8eb5-c34ae440adb1: shutdown FollowerState
2019-10-21 19:13:01,493 [grpc-default-executor-0] INFO  impl.RoleInfo (RoleInfo.java:updateAndGet(143)) - 1b813ef4-47a4-4bfc-8eb5-c34ae440adb1: start FollowerState
2019-10-21 19:13:01,493 [Thread-1335] INFO  impl.FollowerState (FollowerState.java:run(117)) - 1b813ef4-47a4-4bfc-8eb5-c34ae440adb1@group-73E40DF2990B-FollowerState was interrupted: java.lang.InterruptedException: sleep interrupted
2019-10-21 19:13:01,508 [f2627371-a904-4314-a836-5eb8f54559ec@group-73E40DF2990B-LeaderElection168] INFO  impl.LeaderElection (LeaderElection.java:logAndReturn(56)) - f2627371-a904-4314-a836-5eb8f54559ec@group-73E40DF2990B-LeaderElection168: Election REJECTED; received 2 response(s) [f2627371-a904-4314-a836-5eb8f54559ec<-e6a83585-83d0-4616-a3d5-866875ad8a29#0:FAIL-t183, f2627371-a904-4314-a836-5eb8f54559ec<-1b813ef4-47a4-4bfc-8eb5-c34ae440adb1#0:FAIL-t183] and 0 exception(s); f2627371-a904-4314-a836-5eb8f54559ec@group-73E40DF2990B:t183, leader=null, voted=f2627371-a904-4314-a836-5eb8f54559ec, raftlog=f2627371-a904-4314-a836-5eb8f54559ec@group-73E40DF2990B-SegmentedRaftLog:OPENED:c-1,f-1,i0, conf=-1: [e6a83585-83d0-4616-a3d5-866875ad8a29:192.168.34.32:46159, f2627371-a904-4314-a836-5eb8f54559ec:192.168.34.32:33224, 1b813ef4-47a4-4bfc-8eb5-c34ae440adb1:192.168.34.32:36113], old=null
2019-10-21 19:13:01,508 [f2627371-a904-4314-a836-5eb8f54559ec@group-73E40DF2990B-LeaderElection168] INFO  impl.RaftServerImpl (RaftServerImpl.java:setRole(184)) - f2627371-a904-4314-a836-5eb8f54559ec@group-73E40DF2990B: changes role from CANDIDATE to FOLLOWER at term 183 for DISCOVERED_A_NEW_TERM
2019-10-21 19:13:01,508 [f2627371-a904-4314-a836-5eb8f54559ec@group-73E40DF2990B-LeaderElection168] INFO  impl.RoleInfo (RoleInfo.java:shutdownLeaderElection(134)) - f2627371-a904-4314-a836-5eb8f54559ec: shutdown LeaderElection
2019-10-21 19:13:01,508 [f2627371-a904-4314-a836-5eb8f54559ec@group-73E40DF2990B-LeaderElection168] INFO  impl.RoleInfo (RoleInfo.java:updateAndGet(143)) - f2627371-a904-4314-a836-5eb8f54559ec: start FollowerState
2019-10-21 19:13:01,568 [Thread-1344] INFO  impl.FollowerState (FollowerState.java:run(108)) - f2627371-a904-4314-a836-5eb8f54559ec@group-73E40DF2990B-FollowerState: change to CANDIDATE, lastRpcTime:59ms, electionTimeout:59ms
2019-10-21 19:13:01,568 [Thread-1344] INFO  impl.RoleInfo (RoleInfo.java:shutdownFollowerState(121)) - f2627371-a904-4314-a836-5eb8f54559ec: shutdown FollowerState
2019-10-21 19:13:01,568 [Thread-1344] INFO  impl.RaftServerImpl (RaftServerImpl.java:setRole(184)) - f2627371-a904-4314-a836-5eb8f54559ec@group-73E40DF2990B: changes role from  FOLLOWER to CANDIDATE at term 183 for changeToCandidate
2019-10-21 19:13:01,568 [Thread-1344] INFO  impl.RoleInfo (RoleInfo.java:updateAndGet(143)) - f2627371-a904-4314-a836-5eb8f54559ec: start LeaderElection
2019-10-21 19:13:01,602 [f2627371-a904-4314-a836-5eb8f54559ec@group-73E40DF2990B-LeaderElection169] INFO  impl.LeaderElection (LeaderElection.java:askForVotes(178)) - f2627371-a904-4314-a836-5eb8f54559ec@group-73E40DF2990B-LeaderElection169: begin an election at term 184 for -1: [e6a83585-83d0-4616-a3d5-866875ad8a29:192.168.34.32:46159, f2627371-a904-4314-a836-5eb8f54559ec:192.168.34.32:33224, 1b813ef4-47a4-4bfc-8eb5-c34ae440adb1:192.168.34.32:36113], old=null
2019-10-21 19:13:01,605 [grpc-default-executor-5] INFO  impl.RaftServerImpl (RaftServerImpl.java:setRole(184)) - e6a83585-83d0-4616-a3d5-866875ad8a29@group-73E40DF2990B: changes role from  FOLLOWER to FOLLOWER at term 184 for recognizeCandidate:f2627371-a904-4314-a836-5eb8f54559ec
2019-10-21 19:13:01,605 [grpc-default-executor-5] INFO  impl.RoleInfo (RoleInfo.java:shutdownFollowerState(121)) - e6a83585-83d0-4616-a3d5-866875ad8a29: shutdown FollowerState
2019-10-21 19:13:01,605 [grpc-default-executor-5] INFO  impl.RoleInfo (RoleInfo.java:updateAndGet(143)) - e6a83585-83d0-4616-a3d5-866875ad8a29: start FollowerState
2019-10-21 19:13:01,605 [Thread-1342] INFO  impl.FollowerState (FollowerState.java:run(117)) - e6a83585-83d0-4616-a3d5-866875ad8a29@group-73E40DF2990B-FollowerState was interrupted: java.lang.InterruptedException: sleep interrupted
2019-10-21 19:13:01,605 [grpc-default-executor-0] INFO  impl.RaftServerImpl (RaftServerImpl.java:setRole(184)) - 1b813ef4-47a4-4bfc-8eb5-c34ae440adb1@group-73E40DF2990B: changes role from  FOLLOWER to FOLLOWER at term 184 for recognizeCandidate:f2627371-a904-4314-a836-5eb8f54559ec
2019-10-21 19:13:01,606 [grpc-default-executor-0] INFO  impl.RoleInfo (RoleInfo.java:shutdownFollowerState(121)) - 1b813ef4-47a4-4bfc-8eb5-c34ae440adb1: shutdown FollowerState
2019-10-21 19:13:01,606 [grpc-default-executor-0] INFO  impl.RoleInfo (RoleInfo.java:updateAndGet(143)) - 1b813ef4-47a4-4bfc-8eb5-c34ae440adb1: start FollowerState
2019-10-21 19:13:01,606 [Thread-1343] INFO  impl.FollowerState (FollowerState.java:run(117)) - 1b813ef4-47a4-4bfc-8eb5-c34ae440adb1@group-73E40DF2990B-FollowerState was interrupted: java.lang.InterruptedException: sleep interrupted
2019-10-21 19:13:01,621 [f2627371-a904-4314-a836-5eb8f54559ec@group-73E40DF2990B-LeaderElection169] INFO  impl.LeaderElection (LeaderElection.java:logAndReturn(56)) - f2627371-a904-4314-a836-5eb8f54559ec@group-73E40DF2990B-LeaderElection169: Election REJECTED; received 2 response(s) [f2627371-a904-4314-a836-5eb8f54559ec<-e6a83585-83d0-4616-a3d5-866875ad8a29#0:FAIL-t184, f2627371-a904-4314-a836-5eb8f54559ec<-1b813ef4-47a4-4bfc-8eb5-c34ae440adb1#0:FAIL-t184] and 0 exception(s); f2627371-a904-4314-a836-5eb8f54559ec@group-73E40DF2990B:t184, leader=null, voted=f2627371-a904-4314-a836-5eb8f54559ec, raftlog=f2627371-a904-4314-a836-5eb8f54559ec@group-73E40DF2990B-SegmentedRaftLog:OPENED:c-1,f-1,i0, conf=-1: [e6a83585-83d0-4616-a3d5-866875ad8a29:192.168.34.32:46159, f2627371-a904-4314-a836-5eb8f54559ec:192.168.34.32:33224, 1b813ef4-47a4-4bfc-8eb5-c34ae440adb1:192.168.34.32:36113], old=null
2019-10-21 19:13:01,621 [f2627371-a904-4314-a836-5eb8f54559ec@group-73E40DF2990B-LeaderElection169] INFO  impl.RaftServerImpl (RaftServerImpl.java:setRole(184)) - f2627371-a904-4314-a836-5eb8f54559ec@group-73E40DF2990B: changes role from CANDIDATE to FOLLOWER at term 184 for DISCOVERED_A_NEW_TERM
2019-10-21 19:13:01,621 [f2627371-a904-4314-a836-5eb8f54559ec@group-73E40DF2990B-LeaderElection169] INFO  impl.RoleInfo (RoleInfo.java:shutdownLeaderElection(134)) - f2627371-a904-4314-a836-5eb8f54559ec: shutdown LeaderElection
2019-10-21 19:13:01,621 [f2627371-a904-4314-a836-5eb8f54559ec@group-73E40DF2990B-LeaderElection169] INFO  impl.RoleInfo (RoleInfo.java:updateAndGet(143)) - f2627371-a904-4314-a836-5eb8f54559ec: start FollowerState
2019-10-21 19:13:01,681 [Thread-1350] INFO  impl.FollowerState (FollowerState.java:run(108)) - f2627371-a904-4314-a836-5eb8f54559ec@group-73E40DF2990B-FollowerState: change to CANDIDATE, lastRpcTime:59ms, electionTimeout:59ms
2019-10-21 19:13:01,681 [Thread-1350] INFO  impl.RoleInfo (RoleInfo.java:shutdownFollowerState(121)) - f2627371-a904-4314-a836-5eb8f54559ec: shutdown FollowerState
2019-10-21 19:13:01,681 [Thread-1350] INFO  impl.RaftServerImpl (RaftServerImpl.java:setRole(184)) - f2627371-a904-4314-a836-5eb8f54559ec@group-73E40DF2990B: changes role from  FOLLOWER to CANDIDATE at term 184 for changeToCandidate
2019-10-21 19:13:01,681 [Thread-1350] INFO  impl.RoleInfo (RoleInfo.java:updateAndGet(143)) - f2627371-a904-4314-a836-5eb8f54559ec: start LeaderElection
2019-10-21 19:13:01,696 [f2627371-a904-4314-a836-5eb8f54559ec@group-73E40DF2990B-LeaderElection170] INFO  impl.LeaderElection (LeaderElection.java:askForVotes(178)) - f2627371-a904-4314-a836-5eb8f54559ec@group-73E40DF2990B-LeaderElection170: begin an election at term 185 for -1: [e6a83585-83d0-4616-a3d5-866875ad8a29:192.168.34.32:46159, f2627371-a904-4314-a836-5eb8f54559ec:192.168.34.32:33224, 1b813ef4-47a4-4bfc-8eb5-c34ae440adb1:192.168.34.32:36113], old=null
2019-10-21 19:13:01,698 [grpc-default-executor-5] INFO  impl.RaftServerImpl (RaftServerImpl.java:setRole(184)) - e6a83585-83d0-4616-a3d5-866875ad8a29@group-73E40DF2990B: changes role from  FOLLOWER to FOLLOWER at term 185 for recognizeCandidate:f2627371-a904-4314-a836-5eb8f54559ec
2019-10-21 19:13:01,699 [grpc-default-executor-5] INFO  impl.RoleInfo (RoleInfo.java:shutdownFollowerState(121)) - e6a83585-83d0-4616-a3d5-866875ad8a29: shutdown FollowerState
2019-10-21 19:13:01,699 [grpc-default-executor-5] INFO  impl.RoleInfo (RoleInfo.java:updateAndGet(143)) - e6a83585-83d0-4616-a3d5-866875ad8a29: start FollowerState
2019-10-21 19:13:01,699 [grpc-default-executor-0] INFO  impl.RaftServerImpl (RaftServerImpl.java:setRole(184)) - 1b813ef4-47a4-4bfc-8eb5-c34ae440adb1@group-73E40DF2990B: changes role from  FOLLOWER to FOLLOWER at term 185 for recognizeCandidate:f2627371-a904-4314-a836-5eb8f54559ec
2019-10-21 19:13:01,699 [grpc-default-executor-0] INFO  impl.RoleInfo (RoleInfo.java:shutdownFollowerState(121)) - 1b813ef4-47a4-4bfc-8eb5-c34ae440adb1: shutdown FollowerState
2019-10-21 19:13:01,699 [Thread-1348] INFO  impl.FollowerState (FollowerState.java:run(117)) - e6a83585-83d0-4616-a3d5-866875ad8a29@group-73E40DF2990B-FollowerState was interrupted: java.lang.InterruptedException: sleep interrupted
2019-10-21 19:13:01,699 [grpc-default-executor-0] INFO  impl.RoleInfo (RoleInfo.java:updateAndGet(143)) - 1b813ef4-47a4-4bfc-8eb5-c34ae440adb1: start FollowerState
2019-10-21 19:13:01,699 [Thread-1349] INFO  impl.FollowerState (FollowerState.java:run(117)) - 1b813ef4-47a4-4bfc-8eb5-c34ae440adb1@group-73E40DF2990B-FollowerState was interrupted: java.lang.InterruptedException: sleep interrupted
2019-10-21 19:13:01,720 [f2627371-a904-4314-a836-5eb8f54559ec@group-73E40DF2990B-LeaderElection170] INFO  impl.LeaderElection (LeaderElection.java:logAndReturn(56)) - f2627371-a904-4314-a836-5eb8f54559ec@group-73E40DF2990B-LeaderElection170: Election REJECTED; received 2 response(s) [f2627371-a904-4314-a836-5eb8f54559ec<-e6a83585-83d0-4616-a3d5-866875ad8a29#0:FAIL-t185, f2627371-a904-4314-a836-5eb8f54559ec<-1b813ef4-47a4-4bfc-8eb5-c34ae440adb1#0:FAIL-t185] and 0 exception(s); f2627371-a904-4314-a836-5eb8f54559ec@group-73E40DF2990B:t185, leader=null, voted=f2627371-a904-4314-a836-5eb8f54559ec, raftlog=f2627371-a904-4314-a836-5eb8f54559ec@group-73E40DF2990B-SegmentedRaftLog:OPENED:c-1,f-1,i0, conf=-1: [e6a83585-83d0-4616-a3d5-866875ad8a29:192.168.34.32:46159, f2627371-a904-4314-a836-5eb8f54559ec:192.168.34.32:33224, 1b813ef4-47a4-4bfc-8eb5-c34ae440adb1:192.168.34.32:36113], old=null
2019-10-21 19:13:01,720 [f2627371-a904-4314-a836-5eb8f54559ec@group-73E40DF2990B-LeaderElection170] INFO  impl.RaftServerImpl (RaftServerImpl.java:setRole(184)) - f2627371-a904-4314-a836-5eb8f54559ec@group-73E40DF2990B: changes role from CANDIDATE to FOLLOWER at term 185 for DISCOVERED_A_NEW_TERM
2019-10-21 19:13:01,720 [f2627371-a904-4314-a836-5eb8f54559ec@group-73E40DF2990B-LeaderElection170] INFO  impl.RoleInfo (RoleInfo.java:shutdownLeaderElection(134)) - f2627371-a904-4314-a836-5eb8f54559ec: shutdown LeaderElection
2019-10-21 19:13:01,720 [f2627371-a904-4314-a836-5eb8f54559ec@group-73E40DF2990B-LeaderElection170] INFO  impl.RoleInfo (RoleInfo.java:updateAndGet(143)) - f2627371-a904-4314-a836-5eb8f54559ec: start FollowerState
2019-10-21 19:13:01,865 [Thread-1356] INFO  impl.FollowerState (FollowerState.java:run(108)) - f2627371-a904-4314-a836-5eb8f54559ec@group-73E40DF2990B-FollowerState: change to CANDIDATE, lastRpcTime:145ms, electionTimeout:145ms
2019-10-21 19:13:01,866 [Thread-1356] INFO  impl.RoleInfo (RoleInfo.java:shutdownFollowerState(121)) - f2627371-a904-4314-a836-5eb8f54559ec: shutdown FollowerState
2019-10-21 19:13:01,866 [Thread-1356] INFO  impl.RaftServerImpl (RaftServerImpl.java:setRole(184)) - f2627371-a904-4314-a836-5eb8f54559ec@group-73E40DF2990B: changes role from  FOLLOWER to CANDIDATE at term 185 for changeToCandidate
2019-10-21 19:13:01,866 [Thread-1356] INFO  impl.RoleInfo (RoleInfo.java:updateAndGet(143)) - f2627371-a904-4314-a836-5eb8f54559ec: start LeaderElection
2019-10-21 19:13:01,882 [f2627371-a904-4314-a836-5eb8f54559ec@group-73E40DF2990B-LeaderElection171] INFO  impl.LeaderElection (LeaderElection.java:askForVotes(178)) - f2627371-a904-4314-a836-5eb8f54559ec@group-73E40DF2990B-LeaderElection171: begin an election at term 186 for -1: [e6a83585-83d0-4616-a3d5-866875ad8a29:192.168.34.32:46159, f2627371-a904-4314-a836-5eb8f54559ec:192.168.34.32:33224, 1b813ef4-47a4-4bfc-8eb5-c34ae440adb1:192.168.34.32:36113], old=null
2019-10-21 19:13:01,885 [grpc-default-executor-0] INFO  impl.RaftServerImpl (RaftServerImpl.java:setRole(184)) - e6a83585-83d0-4616-a3d5-866875ad8a29@group-73E40DF2990B: changes role from  FOLLOWER to FOLLOWER at term 186 for recognizeCandidate:f2627371-a904-4314-a836-5eb8f54559ec
2019-10-21 19:13:01,885 [grpc-default-executor-0] INFO  impl.RoleInfo (RoleInfo.java:shutdownFollowerState(121)) - e6a83585-83d0-4616-a3d5-866875ad8a29: shutdown FollowerState
2019-10-21 19:13:01,885 [grpc-default-executor-0] INFO  impl.RoleInfo (RoleInfo.java:updateAndGet(143)) - e6a83585-83d0-4616-a3d5-866875ad8a29: start FollowerState
2019-10-21 19:13:01,886 [Thread-1354] INFO  impl.FollowerState (FollowerState.java:run(117)) - e6a83585-83d0-4616-a3d5-866875ad8a29@group-73E40DF2990B-FollowerState was interrupted: java.lang.InterruptedException: sleep interrupted
2019-10-21 19:13:01,886 [grpc-default-executor-5] INFO  impl.RaftServerImpl (RaftServerImpl.java:setRole(184)) - 1b813ef4-47a4-4bfc-8eb5-c34ae440adb1@group-73E40DF2990B: changes role from  FOLLOWER to FOLLOWER at term 186 for recognizeCandidate:f2627371-a904-4314-a836-5eb8f54559ec
2019-10-21 19:13:01,886 [grpc-default-executor-5] INFO  impl.RoleInfo (RoleInfo.java:shutdownFollowerState(121)) - 1b813ef4-47a4-4bfc-8eb5-c34ae440adb1: shutdown FollowerState
2019-10-21 19:13:01,886 [grpc-default-executor-5] INFO  impl.RoleInfo (RoleInfo.java:updateAndGet(143)) - 1b813ef4-47a4-4bfc-8eb5-c34ae440adb1: start FollowerState
2019-10-21 19:13:01,886 [Thread-1355] INFO  impl.FollowerState (FollowerState.java:run(117)) - 1b813ef4-47a4-4bfc-8eb5-c34ae440adb1@group-73E40DF2990B-FollowerState was interrupted: java.lang.InterruptedException: sleep interrupted
2019-10-21 19:13:01,900 [f2627371-a904-4314-a836-5eb8f54559ec@group-73E40DF2990B-LeaderElection171] INFO  impl.LeaderElection (LeaderElection.java:logAndReturn(56)) - f2627371-a904-4314-a836-5eb8f54559ec@group-73E40DF2990B-LeaderElection171: Election REJECTED; received 2 response(s) [f2627371-a904-4314-a836-5eb8f54559ec<-e6a83585-83d0-4616-a3d5-866875ad8a29#0:FAIL-t186, f2627371-a904-4314-a836-5eb8f54559ec<-1b813ef4-47a4-4bfc-8eb5-c34ae440adb1#0:FAIL-t186] and 0 exception(s); f2627371-a904-4314-a836-5eb8f54559ec@group-73E40DF2990B:t186, leader=null, voted=f2627371-a904-4314-a836-5eb8f54559ec, raftlog=f2627371-a904-4314-a836-5eb8f54559ec@group-73E40DF2990B-SegmentedRaftLog:OPENED:c-1,f-1,i0, conf=-1: [e6a83585-83d0-4616-a3d5-866875ad8a29:192.168.34.32:46159, f2627371-a904-4314-a836-5eb8f54559ec:192.168.34.32:33224, 1b813ef4-47a4-4bfc-8eb5-c34ae440adb1:192.168.34.32:36113], old=null
2019-10-21 19:13:01,901 [f2627371-a904-4314-a836-5eb8f54559ec@group-73E40DF2990B-LeaderElection171] INFO  impl.RaftServerImpl (RaftServerImpl.java:setRole(184)) - f2627371-a904-4314-a836-5eb8f54559ec@group-73E40DF2990B: changes role from CANDIDATE to FOLLOWER at term 186 for DISCOVERED_A_NEW_TERM
2019-10-21 19:13:01,901 [f2627371-a904-4314-a836-5eb8f54559ec@group-73E40DF2990B-LeaderElection171] INFO  impl.RoleInfo (RoleInfo.java:shutdownLeaderElection(134)) - f2627371-a904-4314-a836-5eb8f54559ec: shutdown LeaderElection
2019-10-21 19:13:01,901 [f2627371-a904-4314-a836-5eb8f54559ec@group-73E40DF2990B-LeaderElection171] INFO  impl.RoleInfo (RoleInfo.java:updateAndGet(143)) - f2627371-a904-4314-a836-5eb8f54559ec: start FollowerState
2019-10-21 19:13:01,901 [Thread-1362] INFO  impl.FollowerState (FollowerState.java:run(108)) - f2627371-a904-4314-a836-5eb8f54559ec@group-73E40DF2990B-FollowerState: change to CANDIDATE, lastRpcTime:0ms, electionTimeout:0ms
2019-10-21 19:13:01,901 [Thread-1362] INFO  impl.RoleInfo (RoleInfo.java:shutdownFollowerState(121)) - f2627371-a904-4314-a836-5eb8f54559ec: shutdown FollowerState
2019-10-21 19:13:01,902 [Thread-1362] INFO  impl.RaftServerImpl (RaftServerImpl.java:setRole(184)) - f2627371-a904-4314-a836-5eb8f54559ec@group-73E40DF2990B: changes role from  FOLLOWER to CANDIDATE at term 186 for changeToCandidate
2019-10-21 19:13:01,902 [Thread-1362] INFO  impl.RoleInfo (RoleInfo.java:updateAndGet(143)) - f2627371-a904-4314-a836-5eb8f54559ec: start LeaderElection
2019-10-21 19:13:01,916 [f2627371-a904-4314-a836-5eb8f54559ec@group-73E40DF2990B-LeaderElection172] INFO  impl.LeaderElection (LeaderElection.java:askForVotes(178)) - f2627371-a904-4314-a836-5eb8f54559ec@group-73E40DF2990B-LeaderElection172: begin an election at term 187 for -1: [e6a83585-83d0-4616-a3d5-866875ad8a29:192.168.34.32:46159, f2627371-a904-4314-a836-5eb8f54559ec:192.168.34.32:33224, 1b813ef4-47a4-4bfc-8eb5-c34ae440adb1:192.168.34.32:36113], old=null
2019-10-21 19:13:01,917 [grpc-default-executor-5] INFO  impl.RaftServerImpl (RaftServerImpl.java:setRole(184)) - e6a83585-83d0-4616-a3d5-866875ad8a29@group-73E40DF2990B: changes role from  FOLLOWER to FOLLOWER at term 187 for recognizeCandidate:f2627371-a904-4314-a836-5eb8f54559ec
2019-10-21 19:13:01,918 [grpc-default-executor-5] INFO  impl.RoleInfo (RoleInfo.java:shutdownFollowerState(121)) - e6a83585-83d0-4616-a3d5-866875ad8a29: shutdown FollowerState
2019-10-21 19:13:01,918 [grpc-default-executor-5] INFO  impl.RoleInfo (RoleInfo.java:updateAndGet(143)) - e6a83585-83d0-4616-a3d5-866875ad8a29: start FollowerState
2019-10-21 19:13:01,918 [Thread-1360] INFO  impl.FollowerState (FollowerState.java:run(117)) - e6a83585-83d0-4616-a3d5-866875ad8a29@group-73E40DF2990B-FollowerState was interrupted: java.lang.InterruptedException: sleep interrupted
2019-10-21 19:13:01,918 [grpc-default-executor-0] INFO  impl.RaftServerImpl (RaftServerImpl.java:setRole(184)) - 1b813ef4-47a4-4bfc-8eb5-c34ae440adb1@group-73E40DF2990B: changes role from  FOLLOWER to FOLLOWER at term 187 for recognizeCandidate:f2627371-a904-4314-a836-5eb8f54559ec
2019-10-21 19:13:01,918 [grpc-default-executor-0] INFO  impl.RoleInfo (RoleInfo.java:shutdownFollowerState(121)) - 1b813ef4-47a4-4bfc-8eb5-c34ae440adb1: shutdown FollowerState
2019-10-21 19:13:01,918 [grpc-default-executor-0] INFO  impl.RoleInfo (RoleInfo.java:updateAndGet(143)) - 1b813ef4-47a4-4bfc-8eb5-c34ae440adb1: start FollowerState
2019-10-21 19:13:01,918 [Thread-1361] INFO  impl.FollowerState (FollowerState.java:run(117)) - 1b813ef4-47a4-4bfc-8eb5-c34ae440adb1@group-73E40DF2990B-FollowerState was interrupted: java.lang.InterruptedException: sleep interrupted
2019-10-21 19:13:01,931 [f2627371-a904-4314-a836-5eb8f54559ec@group-73E40DF2990B-LeaderElection172] INFO  impl.LeaderElection (LeaderElection.java:logAndReturn(56)) - f2627371-a904-4314-a836-5eb8f54559ec@group-73E40DF2990B-LeaderElection172: Election TIMEOUT; received 0 response(s) [] and 0 exception(s); f2627371-a904-4314-a836-5eb8f54559ec@group-73E40DF2990B:t187, leader=null, voted=f2627371-a904-4314-a836-5eb8f54559ec, raftlog=f2627371-a904-4314-a836-5eb8f54559ec@group-73E40DF2990B-SegmentedRaftLog:OPENED:c-1,f-1,i0, conf=-1: [e6a83585-83d0-4616-a3d5-866875ad8a29:192.168.34.32:46159, f2627371-a904-4314-a836-5eb8f54559ec:192.168.34.32:33224, 1b813ef4-47a4-4bfc-8eb5-c34ae440adb1:192.168.34.32:36113], old=null
2019-10-21 19:13:01,934 [f2627371-a904-4314-a836-5eb8f54559ec@group-73E40DF2990B-LeaderElection172] INFO  impl.LeaderElection (LeaderElection.java:askForVotes(178)) - f2627371-a904-4314-a836-5eb8f54559ec@group-73E40DF2990B-LeaderElection172: begin an election at term 188 for -1: [e6a83585-83d0-4616-a3d5-866875ad8a29:192.168.34.32:46159, f2627371-a904-4314-a836-5eb8f54559ec:192.168.34.32:33224, 1b813ef4-47a4-4bfc-8eb5-c34ae440adb1:192.168.34.32:36113], old=null
2019-10-21 19:13:01,936 [grpc-default-executor-5] INFO  impl.RaftServerImpl (RaftServerImpl.java:setRole(184)) - e6a83585-83d0-4616-a3d5-866875ad8a29@group-73E40DF2990B: changes role from  FOLLOWER to FOLLOWER at term 188 for recognizeCandidate:f2627371-a904-4314-a836-5eb8f54559ec
2019-10-21 19:13:01,936 [grpc-default-executor-5] INFO  impl.RoleInfo (RoleInfo.java:shutdownFollowerState(121)) - e6a83585-83d0-4616-a3d5-866875ad8a29: shutdown FollowerState
2019-10-21 19:13:01,936 [grpc-default-executor-5] INFO  impl.RoleInfo (RoleInfo.java:updateAndGet(143)) - e6a83585-83d0-4616-a3d5-866875ad8a29: start FollowerState
2019-10-21 19:13:01,936 [Thread-1366] INFO  impl.FollowerState (FollowerState.java:run(117)) - e6a83585-83d0-4616-a3d5-866875ad8a29@group-73E40DF2990B-FollowerState was interrupted: java.lang.InterruptedException: sleep interrupted
2019-10-21 19:13:01,936 [grpc-default-executor-0] INFO  impl.RaftServerImpl (RaftServerImpl.java:setRole(184)) - 1b813ef4-47a4-4bfc-8eb5-c34ae440adb1@group-73E40DF2990B: changes role from  FOLLOWER to FOLLOWER at term 188 for recognizeCandidate:f2627371-a904-4314-a836-5eb8f54559ec
2019-10-21 19:13:01,937 [grpc-default-executor-0] INFO  impl.RoleInfo (RoleInfo.java:shutdownFollowerState(121)) - 1b813ef4-47a4-4bfc-8eb5-c34ae440adb1: shutdown FollowerState
2019-10-21 19:13:01,937 [grpc-default-executor-0] INFO  impl.RoleInfo (RoleInfo.java:updateAndGet(143)) - 1b813ef4-47a4-4bfc-8eb5-c34ae440adb1: start FollowerState
2019-10-21 19:13:01,937 [Thread-1367] INFO  impl.FollowerState (FollowerState.java:run(117)) - 1b813ef4-47a4-4bfc-8eb5-c34ae440adb1@group-73E40DF2990B-FollowerState was interrupted: java.lang.InterruptedException: sleep interrupted
2019-10-21 19:13:01,950 [f2627371-a904-4314-a836-5eb8f54559ec@group-73E40DF2990B-LeaderElection172] INFO  impl.LeaderElection (LeaderElection.java:logAndReturn(56)) - f2627371-a904-4314-a836-5eb8f54559ec@group-73E40DF2990B-LeaderElection172: Election REJECTED; received 2 response(s) [f2627371-a904-4314-a836-5eb8f54559ec<-e6a83585-83d0-4616-a3d5-866875ad8a29#0:FAIL-t188, f2627371-a904-4314-a836-5eb8f54559ec<-1b813ef4-47a4-4bfc-8eb5-c34ae440adb1#0:FAIL-t188] and 0 exception(s); f2627371-a904-4314-a836-5eb8f54559ec@group-73E40DF2990B:t188, leader=null, voted=f2627371-a904-4314-a836-5eb8f54559ec, raftlog=f2627371-a904-4314-a836-5eb8f54559ec@group-73E40DF2990B-SegmentedRaftLog:OPENED:c-1,f-1,i0, conf=-1: [e6a83585-83d0-4616-a3d5-866875ad8a29:192.168.34.32:46159, f2627371-a904-4314-a836-5eb8f54559ec:192.168.34.32:33224, 1b813ef4-47a4-4bfc-8eb5-c34ae440adb1:192.168.34.32:36113], old=null
2019-10-21 19:13:01,951 [f2627371-a904-4314-a836-5eb8f54559ec@group-73E40DF2990B-LeaderElection172] INFO  impl.RaftServerImpl (RaftServerImpl.java:setRole(184)) - f2627371-a904-4314-a836-5eb8f54559ec@group-73E40DF2990B: changes role from CANDIDATE to FOLLOWER at term 188 for DISCOVERED_A_NEW_TERM
2019-10-21 19:13:01,951 [f2627371-a904-4314-a836-5eb8f54559ec@group-73E40DF2990B-LeaderElection172] INFO  impl.RoleInfo (RoleInfo.java:shutdownLeaderElection(134)) - f2627371-a904-4314-a836-5eb8f54559ec: shutdown LeaderElection
2019-10-21 19:13:01,951 [f2627371-a904-4314-a836-5eb8f54559ec@group-73E40DF2990B-LeaderElection172] INFO  impl.RoleInfo (RoleInfo.java:updateAndGet(143)) - f2627371-a904-4314-a836-5eb8f54559ec: start FollowerState
2019-10-21 19:13:01,987 [Thread-1372] INFO  impl.FollowerState (FollowerState.java:run(108)) - f2627371-a904-4314-a836-5eb8f54559ec@group-73E40DF2990B-FollowerState: change to CANDIDATE, lastRpcTime:36ms, electionTimeout:36ms
2019-10-21 19:13:01,987 [Thread-1372] INFO  impl.RoleInfo (RoleInfo.java:shutdownFollowerState(121)) - f2627371-a904-4314-a836-5eb8f54559ec: shutdown FollowerState
2019-10-21 19:13:01,987 [Thread-1372] INFO  impl.RaftServerImpl (RaftServerImpl.java:setRole(184)) - f2627371-a904-4314-a836-5eb8f54559ec@group-73E40DF2990B: changes role from  FOLLOWER to CANDIDATE at term 188 for changeToCandidate
2019-10-21 19:13:01,987 [Thread-1372] INFO  impl.RoleInfo (RoleInfo.java:updateAndGet(143)) - f2627371-a904-4314-a836-5eb8f54559ec: start LeaderElection
2019-10-21 19:13:02,002 [f2627371-a904-4314-a836-5eb8f54559ec@group-73E40DF2990B-LeaderElection173] INFO  impl.LeaderElection (LeaderElection.java:askForVotes(178)) - f2627371-a904-4314-a836-5eb8f54559ec@group-73E40DF2990B-LeaderElection173: begin an election at term 189 for -1: [e6a83585-83d0-4616-a3d5-866875ad8a29:192.168.34.32:46159, f2627371-a904-4314-a836-5eb8f54559ec:192.168.34.32:33224, 1b813ef4-47a4-4bfc-8eb5-c34ae440adb1:192.168.34.32:36113], old=null
2019-10-21 19:13:02,005 [grpc-default-executor-0] INFO  impl.RaftServerImpl (RaftServerImpl.java:setRole(184)) - e6a83585-83d0-4616-a3d5-866875ad8a29@group-73E40DF2990B: changes role from  FOLLOWER to FOLLOWER at term 189 for recognizeCandidate:f2627371-a904-4314-a836-5eb8f54559ec
2019-10-21 19:13:02,005 [grpc-default-executor-0] INFO  impl.RoleInfo (RoleInfo.java:shutdownFollowerState(121)) - e6a83585-83d0-4616-a3d5-866875ad8a29: shutdown FollowerState
2019-10-21 19:13:02,005 [grpc-default-executor-0] INFO  impl.RoleInfo (RoleInfo.java:updateAndGet(143)) - e6a83585-83d0-4616-a3d5-866875ad8a29: start FollowerState
2019-10-21 19:13:02,005 [Thread-1370] INFO  impl.FollowerState (FollowerState.java:run(117)) - e6a83585-83d0-4616-a3d5-866875ad8a29@group-73E40DF2990B-FollowerState was interrupted: java.lang.InterruptedException: sleep interrupted
2019-10-21 19:13:02,005 [grpc-default-executor-5] INFO  impl.RaftServerImpl (RaftServerImpl.java:setRole(184)) - 1b813ef4-47a4-4bfc-8eb5-c34ae440adb1@group-73E40DF2990B: changes role from  FOLLOWER to FOLLOWER at term 189 for recognizeCandidate:f2627371-a904-4314-a836-5eb8f54559ec
2019-10-21 19:13:02,005 [grpc-default-executor-5] INFO  impl.RoleInfo (RoleInfo.java:shutdownFollowerState(121)) - 1b813ef4-47a4-4bfc-8eb5-c34ae440adb1: shutdown FollowerState
2019-10-21 19:13:02,006 [grpc-default-executor-5] INFO  impl.RoleInfo (RoleInfo.java:updateAndGet(143)) - 1b813ef4-47a4-4bfc-8eb5-c34ae440adb1: start FollowerState
2019-10-21 19:13:02,006 [Thread-1371] INFO  impl.FollowerState (FollowerState.java:run(117)) - 1b813ef4-47a4-4bfc-8eb5-c34ae440adb1@group-73E40DF2990B-FollowerState was interrupted: java.lang.InterruptedException: sleep interrupted
2019-10-21 19:13:02,020 [f2627371-a904-4314-a836-5eb8f54559ec@group-73E40DF2990B-LeaderElection173] INFO  impl.LeaderElection (LeaderElection.java:logAndReturn(56)) - f2627371-a904-4314-a836-5eb8f54559ec@group-73E40DF2990B-LeaderElection173: Election REJECTED; received 2 response(s) [f2627371-a904-4314-a836-5eb8f54559ec<-e6a83585-83d0-4616-a3d5-866875ad8a29#0:FAIL-t189, f2627371-a904-4314-a836-5eb8f54559ec<-1b813ef4-47a4-4bfc-8eb5-c34ae440adb1#0:FAIL-t189] and 0 exception(s); f2627371-a904-4314-a836-5eb8f54559ec@group-73E40DF2990B:t189, leader=null, voted=f2627371-a904-4314-a836-5eb8f54559ec, raftlog=f2627371-a904-4314-a836-5eb8f54559ec@group-73E40DF2990B-SegmentedRaftLog:OPENED:c-1,f-1,i0, conf=-1: [e6a83585-83d0-4616-a3d5-866875ad8a29:192.168.34.32:46159, f2627371-a904-4314-a836-5eb8f54559ec:192.168.34.32:33224, 1b813ef4-47a4-4bfc-8eb5-c34ae440adb1:192.168.34.32:36113], old=null
2019-10-21 19:13:02,020 [f2627371-a904-4314-a836-5eb8f54559ec@group-73E40DF2990B-LeaderElection173] INFO  impl.RaftServerImpl (RaftServerImpl.java:setRole(184)) - f2627371-a904-4314-a836-5eb8f54559ec@group-73E40DF2990B: changes role from CANDIDATE to FOLLOWER at term 189 for DISCOVERED_A_NEW_TERM
2019-10-21 19:13:02,020 [f2627371-a904-4314-a836-5eb8f54559ec@group-73E40DF2990B-LeaderElection173] INFO  impl.RoleInfo (RoleInfo.java:shutdownLeaderElection(134)) - f2627371-a904-4314-a836-5eb8f54559ec: shutdown LeaderElection
2019-10-21 19:13:02,021 [f2627371-a904-4314-a836-5eb8f54559ec@group-73E40DF2990B-LeaderElection173] INFO  impl.RoleInfo (RoleInfo.java:updateAndGet(143)) - f2627371-a904-4314-a836-5eb8f54559ec: start FollowerState
2019-10-21 19:13:02,133 [Thread-1378] INFO  impl.FollowerState (FollowerState.java:run(108)) - f2627371-a904-4314-a836-5eb8f54559ec@group-73E40DF2990B-FollowerState: change to CANDIDATE, lastRpcTime:112ms, electionTimeout:112ms
2019-10-21 19:13:02,133 [Thread-1378] INFO  impl.RoleInfo (RoleInfo.java:shutdownFollowerState(121)) - f2627371-a904-4314-a836-5eb8f54559ec: shutdown FollowerState
2019-10-21 19:13:02,134 [Thread-1378] INFO  impl.RaftServerImpl (RaftServerImpl.java:setRole(184)) - f2627371-a904-4314-a836-5eb8f54559ec@group-73E40DF2990B: changes role from  FOLLOWER to CANDIDATE at term 189 for changeToCandidate
2019-10-21 19:13:02,134 [Thread-1378] INFO  impl.RoleInfo (RoleInfo.java:updateAndGet(143)) - f2627371-a904-4314-a836-5eb8f54559ec: start LeaderElection
2019-10-21 19:13:02,840 [f2627371-a904-4314-a836-5eb8f54559ec@group-73E40DF2990B-LeaderElection174] INFO  impl.LeaderElection (LeaderElection.java:askForVotes(178)) - f2627371-a904-4314-a836-5eb8f54559ec@group-73E40DF2990B-LeaderElection174: begin an election at term 190 for -1: [e6a83585-83d0-4616-a3d5-866875ad8a29:192.168.34.32:46159, f2627371-a904-4314-a836-5eb8f54559ec:192.168.34.32:33224, 1b813ef4-47a4-4bfc-8eb5-c34ae440adb1:192.168.34.32:36113], old=null
2019-10-21 19:13:02,844 [grpc-default-executor-0] INFO  impl.RaftServerImpl (RaftServerImpl.java:setRole(184)) - e6a83585-83d0-4616-a3d5-866875ad8a29@group-73E40DF2990B: changes role from  FOLLOWER to FOLLOWER at term 190 for recognizeCandidate:f2627371-a904-4314-a836-5eb8f54559ec
2019-10-21 19:13:02,844 [grpc-default-executor-5] INFO  impl.RaftServerImpl (RaftServerImpl.java:setRole(184)) - 1b813ef4-47a4-4bfc-8eb5-c34ae440adb1@group-73E40DF2990B: changes role from  FOLLOWER to FOLLOWER at term 190 for recognizeCandidate:f2627371-a904-4314-a836-5eb8f54559ec
2019-10-21 19:13:02,844 [grpc-default-executor-0] INFO  impl.RoleInfo (RoleInfo.java:shutdownFollowerState(121)) - e6a83585-83d0-4616-a3d5-866875ad8a29: shutdown FollowerState
2019-10-21 19:13:02,844 [grpc-default-executor-5] INFO  impl.RoleInfo (RoleInfo.java:shutdownFollowerState(121)) - 1b813ef4-47a4-4bfc-8eb5-c34ae440adb1: shutdown FollowerState
2019-10-21 19:13:02,844 [Thread-1376] INFO  impl.FollowerState (FollowerState.java:run(117)) - e6a83585-83d0-4616-a3d5-866875ad8a29@group-73E40DF2990B-FollowerState was interrupted: java.lang.InterruptedException: sleep interrupted
2019-10-21 19:13:02,844 [grpc-default-executor-0] INFO  impl.RoleInfo (RoleInfo.java:updateAndGet(143)) - e6a83585-83d0-4616-a3d5-866875ad8a29: start FollowerState
2019-10-21 19:13:02,844 [Thread-1377] INFO  impl.FollowerState (FollowerState.java:run(117)) - 1b813ef4-47a4-4bfc-8eb5-c34ae440adb1@group-73E40DF2990B-FollowerState was interrupted: java.lang.InterruptedException: sleep interrupted
2019-10-21 19:13:02,844 [grpc-default-executor-5] INFO  impl.RoleInfo (RoleInfo.java:updateAndGet(143)) - 1b813ef4-47a4-4bfc-8eb5-c34ae440adb1: start FollowerState
2019-10-21 19:13:02,866 [f2627371-a904-4314-a836-5eb8f54559ec@group-73E40DF2990B-LeaderElection174] INFO  impl.LeaderElection (LeaderElection.java:logAndReturn(56)) - f2627371-a904-4314-a836-5eb8f54559ec@group-73E40DF2990B-LeaderElection174: Election REJECTED; received 2 response(s) [f2627371-a904-4314-a836-5eb8f54559ec<-e6a83585-83d0-4616-a3d5-866875ad8a29#0:FAIL-t190, f2627371-a904-4314-a836-5eb8f54559ec<-1b813ef4-47a4-4bfc-8eb5-c34ae440adb1#0:FAIL-t190] and 0 exception(s); f2627371-a904-4314-a836-5eb8f54559ec@group-73E40DF2990B:t190, leader=null, voted=f2627371-a904-4314-a836-5eb8f54559ec, raftlog=f2627371-a904-4314-a836-5eb8f54559ec@group-73E40DF2990B-SegmentedRaftLog:OPENED:c-1,f-1,i0, conf=-1: [e6a83585-83d0-4616-a3d5-866875ad8a29:192.168.34.32:46159, f2627371-a904-4314-a836-5eb8f54559ec:192.168.34.32:33224, 1b813ef4-47a4-4bfc-8eb5-c34ae440adb1:192.168.34.32:36113], old=null
2019-10-21 19:13:02,867 [f2627371-a904-4314-a836-5eb8f54559ec@group-73E40DF2990B-LeaderElection174] INFO  impl.RaftServerImpl (RaftServerImpl.java:setRole(184)) - f2627371-a904-4314-a836-5eb8f54559ec@group-73E40DF2990B: changes role from CANDIDATE to FOLLOWER at term 190 for DISCOVERED_A_NEW_TERM
2019-10-21 19:13:02,867 [f2627371-a904-4314-a836-5eb8f54559ec@group-73E40DF2990B-LeaderElection174] INFO  impl.RoleInfo (RoleInfo.java:shutdownLeaderElection(134)) - f2627371-a904-4314-a836-5eb8f54559ec: shutdown LeaderElection
2019-10-21 19:13:02,867 [f2627371-a904-4314-a836-5eb8f54559ec@group-73E40DF2990B-LeaderElection174] INFO  impl.RoleInfo (RoleInfo.java:updateAndGet(143)) - f2627371-a904-4314-a836-5eb8f54559ec: start FollowerState
2019-10-21 19:13:03,038 [Thread-1387] INFO  impl.FollowerState (FollowerState.java:run(108)) - f2627371-a904-4314-a836-5eb8f54559ec@group-73E40DF2990B-FollowerState: change to CANDIDATE, lastRpcTime:171ms, electionTimeout:171ms
2019-10-21 19:13:03,039 [Thread-1387] INFO  impl.RoleInfo (RoleInfo.java:shutdownFollowerState(121)) - f2627371-a904-4314-a836-5eb8f54559ec: shutdown FollowerState
2019-10-21 19:13:03,039 [Thread-1387] INFO  impl.RaftServerImpl (RaftServerImpl.java:setRole(184)) - f2627371-a904-4314-a836-5eb8f54559ec@group-73E40DF2990B: changes role from  FOLLOWER to CANDIDATE at term 190 for changeToCandidate
2019-10-21 19:13:03,039 [Thread-1387] INFO  impl.RoleInfo (RoleInfo.java:updateAndGet(143)) - f2627371-a904-4314-a836-5eb8f54559ec: start LeaderElection
2019-10-21 19:13:03,066 [f2627371-a904-4314-a836-5eb8f54559ec@group-73E40DF2990B-LeaderElection175] INFO  impl.LeaderElection (LeaderElection.java:askForVotes(178)) - f2627371-a904-4314-a836-5eb8f54559ec@group-73E40DF2990B-LeaderElection175: begin an election at term 191 for -1: [e6a83585-83d0-4616-a3d5-866875ad8a29:192.168.34.32:46159, f2627371-a904-4314-a836-5eb8f54559ec:192.168.34.32:33224, 1b813ef4-47a4-4bfc-8eb5-c34ae440adb1:192.168.34.32:36113], old=null
2019-10-21 19:13:03,070 [grpc-default-executor-0] INFO  impl.RaftServerImpl (RaftServerImpl.java:setRole(184)) - 1b813ef4-47a4-4bfc-8eb5-c34ae440adb1@group-73E40DF2990B: changes role from  FOLLOWER to FOLLOWER at term 191 for recognizeCandidate:f2627371-a904-4314-a836-5eb8f54559ec
2019-10-21 19:13:03,071 [grpc-default-executor-0] INFO  impl.RoleInfo (RoleInfo.java:shutdownFollowerState(121)) - 1b813ef4-47a4-4bfc-8eb5-c34ae440adb1: shutdown FollowerState
2019-10-21 19:13:03,071 [grpc-default-executor-0] INFO  impl.RoleInfo (RoleInfo.java:updateAndGet(143)) - 1b813ef4-47a4-4bfc-8eb5-c34ae440adb1: start FollowerState
2019-10-21 19:13:03,071 [grpc-default-executor-5] INFO  impl.RaftServerImpl (RaftServerImpl.java:setRole(184)) - e6a83585-83d0-4616-a3d5-866875ad8a29@group-73E40DF2990B: changes role from  FOLLOWER to FOLLOWER at term 191 for recognizeCandidate:f2627371-a904-4314-a836-5eb8f54559ec
2019-10-21 19:13:03,072 [grpc-default-executor-5] INFO  impl.RoleInfo (RoleInfo.java:shutdownFollowerState(121)) - e6a83585-83d0-4616-a3d5-866875ad8a29: shutdown FollowerState
2019-10-21 19:13:03,072 [grpc-default-executor-5] INFO  impl.RoleInfo (RoleInfo.java:updateAndGet(143)) - e6a83585-83d0-4616-a3d5-866875ad8a29: start FollowerState
2019-10-21 19:13:03,072 [Thread-1385] INFO  impl.FollowerState (FollowerState.java:run(117)) - e6a83585-83d0-4616-a3d5-866875ad8a29@group-73E40DF2990B-FollowerState was interrupted: java.lang.InterruptedException: sleep interrupted
2019-10-21 19:13:03,072 [Thread-1386] INFO  impl.FollowerState (FollowerState.java:run(117)) - 1b813ef4-47a4-4bfc-8eb5-c34ae440adb1@group-73E40DF2990B-FollowerState was interrupted: java.lang.InterruptedException: sleep interrupted
2019-10-21 19:13:03,086 [f2627371-a904-4314-a836-5eb8f54559ec@group-73E40DF2990B-LeaderElection175] INFO  impl.LeaderElection (LeaderElection.java:logAndReturn(56)) - f2627371-a904-4314-a836-5eb8f54559ec@group-73E40DF2990B-LeaderElection175: Election REJECTED; received 2 response(s) [f2627371-a904-4314-a836-5eb8f54559ec<-e6a83585-83d0-4616-a3d5-866875ad8a29#0:FAIL-t191, f2627371-a904-4314-a836-5eb8f54559ec<-1b813ef4-47a4-4bfc-8eb5-c34ae440adb1#0:FAIL-t191] and 0 exception(s); f2627371-a904-4314-a836-5eb8f54559ec@group-73E40DF2990B:t191, leader=null, voted=f2627371-a904-4314-a836-5eb8f54559ec, raftlog=f2627371-a904-4314-a836-5eb8f54559ec@group-73E40DF2990B-SegmentedRaftLog:OPENED:c-1,f-1,i0, conf=-1: [e6a83585-83d0-4616-a3d5-866875ad8a29:192.168.34.32:46159, f2627371-a904-4314-a836-5eb8f54559ec:192.168.34.32:33224, 1b813ef4-47a4-4bfc-8eb5-c34ae440adb1:192.168.34.32:36113], old=null
2019-10-21 19:13:03,086 [f2627371-a904-4314-a836-5eb8f54559ec@group-73E40DF2990B-LeaderElection175] INFO  impl.RaftServerImpl (RaftServerImpl.java:setRole(184)) - f2627371-a904-4314-a836-5eb8f54559ec@group-73E40DF2990B: changes role from CANDIDATE to FOLLOWER at term 191 for DISCOVERED_A_NEW_TERM
2019-10-21 19:13:03,086 [f2627371-a904-4314-a836-5eb8f54559ec@group-73E40DF2990B-LeaderElection175] INFO  impl.RoleInfo (RoleInfo.java:shutdownLeaderElection(134)) - f2627371-a904-4314-a836-5eb8f54559ec: shutdown LeaderElection
2019-10-21 19:13:03,087 [f2627371-a904-4314-a836-5eb8f54559ec@group-73E40DF2990B-LeaderElection175] INFO  impl.RoleInfo (RoleInfo.java:updateAndGet(143)) - f2627371-a904-4314-a836-5eb8f54559ec: start FollowerState
2019-10-21 19:13:03,281 [Thread-1393] INFO  impl.FollowerState (FollowerState.java:run(108)) - f2627371-a904-4314-a836-5eb8f54559ec@group-73E40DF2990B-FollowerState: change to CANDIDATE, lastRpcTime:194ms, electionTimeout:194ms
2019-10-21 19:13:03,281 [Thread-1393] INFO  impl.RoleInfo (RoleInfo.java:shutdownFollowerState(121)) - f2627371-a904-4314-a836-5eb8f54559ec: shutdown FollowerState
2019-10-21 19:13:03,281 [Thread-1393] INFO  impl.RaftServerImpl (RaftServerImpl.java:setRole(184)) - f2627371-a904-4314-a836-5eb8f54559ec@group-73E40DF2990B: changes role from  FOLLOWER to CANDIDATE at term 191 for changeToCandidate
2019-10-21 19:13:03,281 [Thread-1393] INFO  impl.RoleInfo (RoleInfo.java:updateAndGet(143)) - f2627371-a904-4314-a836-5eb8f54559ec: start LeaderElection
2019-10-21 19:13:03,309 [f2627371-a904-4314-a836-5eb8f54559ec@group-73E40DF2990B-LeaderElection176] INFO  impl.LeaderElection (LeaderElection.java:askForVotes(178)) - f2627371-a904-4314-a836-5eb8f54559ec@group-73E40DF2990B-LeaderElection176: begin an election at term 192 for -1: [e6a83585-83d0-4616-a3d5-866875ad8a29:192.168.34.32:46159, f2627371-a904-4314-a836-5eb8f54559ec:192.168.34.32:33224, 1b813ef4-47a4-4bfc-8eb5-c34ae440adb1:192.168.34.32:36113], old=null
2019-10-21 19:13:03,312 [grpc-default-executor-5] INFO  impl.RaftServerImpl (RaftServerImpl.java:setRole(184)) - e6a83585-83d0-4616-a3d5-866875ad8a29@group-73E40DF2990B: changes role from  FOLLOWER to FOLLOWER at term 192 for recognizeCandidate:f2627371-a904-4314-a836-5eb8f54559ec
2019-10-21 19:13:03,312 [grpc-default-executor-0] INFO  impl.RaftServerImpl (RaftServerImpl.java:setRole(184)) - 1b813ef4-47a4-4bfc-8eb5-c34ae440adb1@group-73E40DF2990B: changes role from  FOLLOWER to FOLLOWER at term 192 for recognizeCandidate:f2627371-a904-4314-a836-5eb8f54559ec
2019-10-21 19:13:03,313 [grpc-default-executor-0] INFO  impl.RoleInfo (RoleInfo.java:shutdownFollowerState(121)) - 1b813ef4-47a4-4bfc-8eb5-c34ae440adb1: shutdown FollowerState
2019-10-21 19:13:03,313 [grpc-default-executor-5] INFO  impl.RoleInfo (RoleInfo.java:shutdownFollowerState(121)) - e6a83585-83d0-4616-a3d5-866875ad8a29: shutdown FollowerState
2019-10-21 19:13:03,313 [Thread-1391] INFO  impl.FollowerState (FollowerState.java:run(117)) - 1b813ef4-47a4-4bfc-8eb5-c34ae440adb1@group-73E40DF2990B-FollowerState was interrupted: java.lang.InterruptedException: sleep interrupted
2019-10-21 19:13:03,313 [grpc-default-executor-0] INFO  impl.RoleInfo (RoleInfo.java:updateAndGet(143)) - 1b813ef4-47a4-4bfc-8eb5-c34ae440adb1: start FollowerState
2019-10-21 19:13:03,313 [Thread-1392] INFO  impl.FollowerState (FollowerState.java:run(117)) - e6a83585-83d0-4616-a3d5-866875ad8a29@group-73E40DF2990B-FollowerState was interrupted: java.lang.InterruptedException: sleep interrupted
2019-10-21 19:13:03,313 [grpc-default-executor-5] INFO  impl.RoleInfo (RoleInfo.java:updateAndGet(143)) - e6a83585-83d0-4616-a3d5-866875ad8a29: start FollowerState
2019-10-21 19:13:03,328 [f2627371-a904-4314-a836-5eb8f54559ec@group-73E40DF2990B-LeaderElection176] INFO  impl.LeaderElection (LeaderElection.java:logAndReturn(56)) - f2627371-a904-4314-a836-5eb8f54559ec@group-73E40DF2990B-LeaderElection176: Election REJECTED; received 2 response(s) [f2627371-a904-4314-a836-5eb8f54559ec<-e6a83585-83d0-4616-a3d5-866875ad8a29#0:FAIL-t192, f2627371-a904-4314-a836-5eb8f54559ec<-1b813ef4-47a4-4bfc-8eb5-c34ae440adb1#0:FAIL-t192] and 0 exception(s); f2627371-a904-4314-a836-5eb8f54559ec@group-73E40DF2990B:t192, leader=null, voted=f2627371-a904-4314-a836-5eb8f54559ec, raftlog=f2627371-a904-4314-a836-5eb8f54559ec@group-73E40DF2990B-SegmentedRaftLog:OPENED:c-1,f-1,i0, conf=-1: [e6a83585-83d0-4616-a3d5-866875ad8a29:192.168.34.32:46159, f2627371-a904-4314-a836-5eb8f54559ec:192.168.34.32:33224, 1b813ef4-47a4-4bfc-8eb5-c34ae440adb1:192.168.34.32:36113], old=null
2019-10-21 19:13:03,329 [f2627371-a904-4314-a836-5eb8f54559ec@group-73E40DF2990B-LeaderElection176] INFO  impl.RaftServerImpl (RaftServerImpl.java:setRole(184)) - f2627371-a904-4314-a836-5eb8f54559ec@group-73E40DF2990B: changes role from CANDIDATE to FOLLOWER at term 192 for DISCOVERED_A_NEW_TERM
2019-10-21 19:13:03,329 [f2627371-a904-4314-a836-5eb8f54559ec@group-73E40DF2990B-LeaderElection176] INFO  impl.RoleInfo (RoleInfo.java:shutdownLeaderElection(134)) - f2627371-a904-4314-a836-5eb8f54559ec: shutdown LeaderElection
2019-10-21 19:13:03,329 [f2627371-a904-4314-a836-5eb8f54559ec@group-73E40DF2990B-LeaderElection176] INFO  impl.RoleInfo (RoleInfo.java:updateAndGet(143)) - f2627371-a904-4314-a836-5eb8f54559ec: start FollowerState
2019-10-21 19:13:03,490 [Thread-1399] INFO  impl.FollowerState (FollowerState.java:run(108)) - f2627371-a904-4314-a836-5eb8f54559ec@group-73E40DF2990B-FollowerState: change to CANDIDATE, lastRpcTime:161ms, electionTimeout:154ms
2019-10-21 19:13:03,491 [Thread-1399] INFO  impl.RoleInfo (RoleInfo.java:shutdownFollowerState(121)) - f2627371-a904-4314-a836-5eb8f54559ec: shutdown FollowerState
2019-10-21 19:13:03,491 [Thread-1399] INFO  impl.RaftServerImpl (RaftServerImpl.java:setRole(184)) - f2627371-a904-4314-a836-5eb8f54559ec@group-73E40DF2990B: changes role from  FOLLOWER to CANDIDATE at term 192 for changeToCandidate
2019-10-21 19:13:03,491 [Thread-1399] INFO  impl.RoleInfo (RoleInfo.java:updateAndGet(143)) - f2627371-a904-4314-a836-5eb8f54559ec: start LeaderElection
2019-10-21 19:13:03,506 [f2627371-a904-4314-a836-5eb8f54559ec@group-73E40DF2990B-LeaderElection177] INFO  impl.LeaderElection (LeaderElection.java:askForVotes(178)) - f2627371-a904-4314-a836-5eb8f54559ec@group-73E40DF2990B-LeaderElection177: begin an election at term 193 for -1: [e6a83585-83d0-4616-a3d5-866875ad8a29:192.168.34.32:46159, f2627371-a904-4314-a836-5eb8f54559ec:192.168.34.32:33224, 1b813ef4-47a4-4bfc-8eb5-c34ae440adb1:192.168.34.32:36113], old=null
2019-10-21 19:13:03,509 [grpc-default-executor-0] INFO  impl.RaftServerImpl (RaftServerImpl.java:setRole(184)) - e6a83585-83d0-4616-a3d5-866875ad8a29@group-73E40DF2990B: changes role from  FOLLOWER to FOLLOWER at term 193 for recognizeCandidate:f2627371-a904-4314-a836-5eb8f54559ec
2019-10-21 19:13:03,509 [grpc-default-executor-0] INFO  impl.RoleInfo (RoleInfo.java:shutdownFollowerState(121)) - e6a83585-83d0-4616-a3d5-866875ad8a29: shutdown FollowerState
2019-10-21 19:13:03,509 [grpc-default-executor-0] INFO  impl.RoleInfo (RoleInfo.java:updateAndGet(143)) - e6a83585-83d0-4616-a3d5-866875ad8a29: start FollowerState
2019-10-21 19:13:03,509 [Thread-1398] INFO  impl.FollowerState (FollowerState.java:run(117)) - e6a83585-83d0-4616-a3d5-866875ad8a29@group-73E40DF2990B-FollowerState was interrupted: java.lang.InterruptedException: sleep interrupted
2019-10-21 19:13:03,510 [grpc-default-executor-5] INFO  impl.RaftServerImpl (RaftServerImpl.java:setRole(184)) - 1b813ef4-47a4-4bfc-8eb5-c34ae440adb1@group-73E40DF2990B: changes role from  FOLLOWER to FOLLOWER at term 193 for recognizeCandidate:f2627371-a904-4314-a836-5eb8f54559ec
2019-10-21 19:13:03,510 [grpc-default-executor-5] INFO  impl.RoleInfo (RoleInfo.java:shutdownFollowerState(121)) - 1b813ef4-47a4-4bfc-8eb5-c34ae440adb1: shutdown FollowerState
2019-10-21 19:13:03,510 [grpc-default-executor-5] INFO  impl.RoleInfo (RoleInfo.java:updateAndGet(143)) - 1b813ef4-47a4-4bfc-8eb5-c34ae440adb1: start FollowerState
2019-10-21 19:13:03,510 [Thread-1397] INFO  impl.FollowerState (FollowerState.java:run(117)) - 1b813ef4-47a4-4bfc-8eb5-c34ae440adb1@group-73E40DF2990B-FollowerState was interrupted: java.lang.InterruptedException: sleep interrupted
2019-10-21 19:13:03,524 [f2627371-a904-4314-a836-5eb8f54559ec@group-73E40DF2990B-LeaderElection177] INFO  impl.LeaderElection (LeaderElection.java:logAndReturn(56)) - f2627371-a904-4314-a836-5eb8f54559ec@group-73E40DF2990B-LeaderElection177: Election REJECTED; received 2 response(s) [f2627371-a904-4314-a836-5eb8f54559ec<-e6a83585-83d0-4616-a3d5-866875ad8a29#0:FAIL-t193, f2627371-a904-4314-a836-5eb8f54559ec<-1b813ef4-47a4-4bfc-8eb5-c34ae440adb1#0:FAIL-t193] and 0 exception(s); f2627371-a904-4314-a836-5eb8f54559ec@group-73E40DF2990B:t193, leader=null, voted=f2627371-a904-4314-a836-5eb8f54559ec, raftlog=f2627371-a904-4314-a836-5eb8f54559ec@group-73E40DF2990B-SegmentedRaftLog:OPENED:c-1,f-1,i0, conf=-1: [e6a83585-83d0-4616-a3d5-866875ad8a29:192.168.34.32:46159, f2627371-a904-4314-a836-5eb8f54559ec:192.168.34.32:33224, 1b813ef4-47a4-4bfc-8eb5-c34ae440adb1:192.168.34.32:36113], old=null
2019-10-21 19:13:03,524 [f2627371-a904-4314-a836-5eb8f54559ec@group-73E40DF2990B-LeaderElection177] INFO  impl.RaftServerImpl (RaftServerImpl.java:setRole(184)) - f2627371-a904-4314-a836-5eb8f54559ec@group-73E40DF2990B: changes role from CANDIDATE to FOLLOWER at term 193 for DISCOVERED_A_NEW_TERM
2019-10-21 19:13:03,524 [f2627371-a904-4314-a836-5eb8f54559ec@group-73E40DF2990B-LeaderElection177] INFO  impl.RoleInfo (RoleInfo.java:shutdownLeaderElection(134)) - f2627371-a904-4314-a836-5eb8f54559ec: shutdown LeaderElection
2019-10-21 19:13:03,524 [f2627371-a904-4314-a836-5eb8f54559ec@group-73E40DF2990B-LeaderElection177] INFO  impl.RoleInfo (RoleInfo.java:updateAndGet(143)) - f2627371-a904-4314-a836-5eb8f54559ec: start FollowerState
2019-10-21 19:13:03,662 [Thread-1407] INFO  impl.FollowerState (FollowerState.java:run(108)) - f2627371-a904-4314-a836-5eb8f54559ec@group-73E40DF2990B-FollowerState: change to CANDIDATE, lastRpcTime:137ms, electionTimeout:137ms
2019-10-21 19:13:03,662 [Thread-1407] INFO  impl.RoleInfo (RoleInfo.java:shutdownFollowerState(121)) - f2627371-a904-4314-a836-5eb8f54559ec: shutdown FollowerState
2019-10-21 19:13:03,662 [Thread-1407] INFO  impl.RaftServerImpl (RaftServerImpl.java:setRole(184)) - f2627371-a904-4314-a836-5eb8f54559ec@group-73E40DF2990B: changes role from  FOLLOWER to CANDIDATE at term 193 for changeToCandidate
2019-10-21 19:13:03,662 [Thread-1407] INFO  impl.RoleInfo (RoleInfo.java:updateAndGet(143)) - f2627371-a904-4314-a836-5eb8f54559ec: start LeaderElection
2019-10-21 19:13:03,689 [f2627371-a904-4314-a836-5eb8f54559ec@group-73E40DF2990B-LeaderElection178] INFO  impl.LeaderElection (LeaderElection.java:askForVotes(178)) - f2627371-a904-4314-a836-5eb8f54559ec@group-73E40DF2990B-LeaderElection178: begin an election at term 194 for -1: [e6a83585-83d0-4616-a3d5-866875ad8a29:192.168.34.32:46159, f2627371-a904-4314-a836-5eb8f54559ec:192.168.34.32:33224, 1b813ef4-47a4-4bfc-8eb5-c34ae440adb1:192.168.34.32:36113], old=null
2019-10-21 19:13:03,692 [grpc-default-executor-0] INFO  impl.RaftServerImpl (RaftServerImpl.java:setRole(184)) - 1b813ef4-47a4-4bfc-8eb5-c34ae440adb1@group-73E40DF2990B: changes role from  FOLLOWER to FOLLOWER at term 194 for recognizeCandidate:f2627371-a904-4314-a836-5eb8f54559ec
2019-10-21 19:13:03,692 [grpc-default-executor-0] INFO  impl.RoleInfo (RoleInfo.java:shutdownFollowerState(121)) - 1b813ef4-47a4-4bfc-8eb5-c34ae440adb1: shutdown FollowerState
2019-10-21 19:13:03,692 [grpc-default-executor-0] INFO  impl.RoleInfo (RoleInfo.java:updateAndGet(143)) - 1b813ef4-47a4-4bfc-8eb5-c34ae440adb1: start FollowerState
2019-10-21 19:13:03,692 [Thread-1406] INFO  impl.FollowerState (FollowerState.java:run(117)) - 1b813ef4-47a4-4bfc-8eb5-c34ae440adb1@group-73E40DF2990B-FollowerState was interrupted: java.lang.InterruptedException: sleep interrupted
2019-10-21 19:13:03,692 [grpc-default-executor-5] INFO  impl.RaftServerImpl (RaftServerImpl.java:setRole(184)) - e6a83585-83d0-4616-a3d5-866875ad8a29@group-73E40DF2990B: changes role from  FOLLOWER to FOLLOWER at term 194 for recognizeCandidate:f2627371-a904-4314-a836-5eb8f54559ec
2019-10-21 19:13:03,693 [grpc-default-executor-5] INFO  impl.RoleInfo (RoleInfo.java:shutdownFollowerState(121)) - e6a83585-83d0-4616-a3d5-866875ad8a29: shutdown FollowerState
2019-10-21 19:13:03,693 [Thread-1405] INFO  impl.FollowerState (FollowerState.java:run(117)) - e6a83585-83d0-4616-a3d5-866875ad8a29@group-73E40DF2990B-FollowerState was interrupted: java.lang.InterruptedException: sleep interrupted
2019-10-21 19:13:03,693 [grpc-default-executor-5] INFO  impl.RoleInfo (RoleInfo.java:updateAndGet(143)) - e6a83585-83d0-4616-a3d5-866875ad8a29: start FollowerState
2019-10-21 19:13:03,706 [f2627371-a904-4314-a836-5eb8f54559ec@group-73E40DF2990B-LeaderElection178] INFO  impl.LeaderElection (LeaderElection.java:logAndReturn(56)) - f2627371-a904-4314-a836-5eb8f54559ec@group-73E40DF2990B-LeaderElection178: Election TIMEOUT; received 0 response(s) [] and 0 exception(s); f2627371-a904-4314-a836-5eb8f54559ec@group-73E40DF2990B:t194, leader=null, voted=f2627371-a904-4314-a836-5eb8f54559ec, raftlog=f2627371-a904-4314-a836-5eb8f54559ec@group-73E40DF2990B-SegmentedRaftLog:OPENED:c-1,f-1,i0, conf=-1: [e6a83585-83d0-4616-a3d5-866875ad8a29:192.168.34.32:46159, f2627371-a904-4314-a836-5eb8f54559ec:192.168.34.32:33224, 1b813ef4-47a4-4bfc-8eb5-c34ae440adb1:192.168.34.32:36113], old=null
2019-10-21 19:13:03,720 [f2627371-a904-4314-a836-5eb8f54559ec@group-73E40DF2990B-LeaderElection178] INFO  impl.LeaderElection (LeaderElection.java:askForVotes(178)) - f2627371-a904-4314-a836-5eb8f54559ec@group-73E40DF2990B-LeaderElection178: begin an election at term 195 for -1: [e6a83585-83d0-4616-a3d5-866875ad8a29:192.168.34.32:46159, f2627371-a904-4314-a836-5eb8f54559ec:192.168.34.32:33224, 1b813ef4-47a4-4bfc-8eb5-c34ae440adb1:192.168.34.32:36113], old=null
2019-10-21 19:13:03,722 [grpc-default-executor-5] INFO  impl.RaftServerImpl (RaftServerImpl.java:setRole(184)) - e6a83585-83d0-4616-a3d5-866875ad8a29@group-73E40DF2990B: changes role from  FOLLOWER to FOLLOWER at term 195 for recognizeCandidate:f2627371-a904-4314-a836-5eb8f54559ec
2019-10-21 19:13:03,722 [grpc-default-executor-5] INFO  impl.RoleInfo (RoleInfo.java:shutdownFollowerState(121)) - e6a83585-83d0-4616-a3d5-866875ad8a29: shutdown FollowerState
2019-10-21 19:13:03,722 [grpc-default-executor-5] INFO  impl.RoleInfo (RoleInfo.java:updateAndGet(143)) - e6a83585-83d0-4616-a3d5-866875ad8a29: start FollowerState
2019-10-21 19:13:03,722 [grpc-default-executor-0] INFO  impl.RaftServerImpl (RaftServerImpl.java:setRole(184)) - 1b813ef4-47a4-4bfc-8eb5-c34ae440adb1@group-73E40DF2990B: changes role from  FOLLOWER to FOLLOWER at term 195 for recognizeCandidate:f2627371-a904-4314-a836-5eb8f54559ec
2019-10-21 19:13:03,722 [grpc-default-executor-0] INFO  impl.RoleInfo (RoleInfo.java:shutdownFollowerState(121)) - 1b813ef4-47a4-4bfc-8eb5-c34ae440adb1: shutdown FollowerState
2019-10-21 19:13:03,722 [Thread-1412] INFO  impl.FollowerState (FollowerState.java:run(117)) - e6a83585-83d0-4616-a3d5-866875ad8a29@group-73E40DF2990B-FollowerState was interrupted: java.lang.InterruptedException: sleep interrupted
2019-10-21 19:13:03,723 [Thread-1411] INFO  impl.FollowerState (FollowerState.java:run(117)) - 1b813ef4-47a4-4bfc-8eb5-c34ae440adb1@group-73E40DF2990B-FollowerState was interrupted: java.lang.InterruptedException: sleep interrupted
2019-10-21 19:13:03,722 [grpc-default-executor-0] INFO  impl.RoleInfo (RoleInfo.java:updateAndGet(143)) - 1b813ef4-47a4-4bfc-8eb5-c34ae440adb1: start FollowerState
2019-10-21 19:13:03,737 [f2627371-a904-4314-a836-5eb8f54559ec@group-73E40DF2990B-LeaderElection178] INFO  impl.LeaderElection (LeaderElection.java:logAndReturn(56)) - f2627371-a904-4314-a836-5eb8f54559ec@group-73E40DF2990B-LeaderElection178: Election REJECTED; received 2 response(s) [f2627371-a904-4314-a836-5eb8f54559ec<-e6a83585-83d0-4616-a3d5-866875ad8a29#0:FAIL-t195, f2627371-a904-4314-a836-5eb8f54559ec<-1b813ef4-47a4-4bfc-8eb5-c34ae440adb1#0:FAIL-t195] and 0 exception(s); f2627371-a904-4314-a836-5eb8f54559ec@group-73E40DF2990B:t195, leader=null, voted=f2627371-a904-4314-a836-5eb8f54559ec, raftlog=f2627371-a904-4314-a836-5eb8f54559ec@group-73E40DF2990B-SegmentedRaftLog:OPENED:c-1,f-1,i0, conf=-1: [e6a83585-83d0-4616-a3d5-866875ad8a29:192.168.34.32:46159, f2627371-a904-4314-a836-5eb8f54559ec:192.168.34.32:33224, 1b813ef4-47a4-4bfc-8eb5-c34ae440adb1:192.168.34.32:36113], old=null
2019-10-21 19:13:03,737 [f2627371-a904-4314-a836-5eb8f54559ec@group-73E40DF2990B-LeaderElection178] INFO  impl.RaftServerImpl (RaftServerImpl.java:setRole(184)) - f2627371-a904-4314-a836-5eb8f54559ec@group-73E40DF2990B: changes role from CANDIDATE to FOLLOWER at term 195 for DISCOVERED_A_NEW_TERM
2019-10-21 19:13:03,738 [f2627371-a904-4314-a836-5eb8f54559ec@group-73E40DF2990B-LeaderElection178] INFO  impl.RoleInfo (RoleInfo.java:shutdownLeaderElection(134)) - f2627371-a904-4314-a836-5eb8f54559ec: shutdown LeaderElection
2019-10-21 19:13:03,738 [f2627371-a904-4314-a836-5eb8f54559ec@group-73E40DF2990B-LeaderElection178] INFO  impl.RoleInfo (RoleInfo.java:updateAndGet(143)) - f2627371-a904-4314-a836-5eb8f54559ec: start FollowerState
2019-10-21 19:13:03,783 [Thread-1417] INFO  impl.FollowerState (FollowerState.java:run(108)) - f2627371-a904-4314-a836-5eb8f54559ec@group-73E40DF2990B-FollowerState: change to CANDIDATE, lastRpcTime:45ms, electionTimeout:45ms
2019-10-21 19:13:03,783 [Thread-1417] INFO  impl.RoleInfo (RoleInfo.java:shutdownFollowerState(121)) - f2627371-a904-4314-a836-5eb8f54559ec: shutdown FollowerState
2019-10-21 19:13:03,783 [Thread-1417] INFO  impl.RaftServerImpl (RaftServerImpl.java:setRole(184)) - f2627371-a904-4314-a836-5eb8f54559ec@group-73E40DF2990B: changes role from  FOLLOWER to CANDIDATE at term 195 for changeToCandidate
2019-10-21 19:13:03,784 [Thread-1417] INFO  impl.RoleInfo (RoleInfo.java:updateAndGet(143)) - f2627371-a904-4314-a836-5eb8f54559ec: start LeaderElection
2019-10-21 19:13:03,798 [f2627371-a904-4314-a836-5eb8f54559ec@group-73E40DF2990B-LeaderElection179] INFO  impl.LeaderElection (LeaderElection.java:askForVotes(178)) - f2627371-a904-4314-a836-5eb8f54559ec@group-73E40DF2990B-LeaderElection179: begin an election at term 196 for -1: [e6a83585-83d0-4616-a3d5-866875ad8a29:192.168.34.32:46159, f2627371-a904-4314-a836-5eb8f54559ec:192.168.34.32:33224, 1b813ef4-47a4-4bfc-8eb5-c34ae440adb1:192.168.34.32:36113], old=null
2019-10-21 19:13:03,801 [grpc-default-executor-5] INFO  impl.RaftServerImpl (RaftServerImpl.java:setRole(184)) - e6a83585-83d0-4616-a3d5-866875ad8a29@group-73E40DF2990B: changes role from  FOLLOWER to FOLLOWER at term 196 for recognizeCandidate:f2627371-a904-4314-a836-5eb8f54559ec
2019-10-21 19:13:03,801 [grpc-default-executor-0] INFO  impl.RaftServerImpl (RaftServerImpl.java:setRole(184)) - 1b813ef4-47a4-4bfc-8eb5-c34ae440adb1@group-73E40DF2990B: changes role from  FOLLOWER to FOLLOWER at term 196 for recognizeCandidate:f2627371-a904-4314-a836-5eb8f54559ec
2019-10-21 19:13:03,801 [grpc-default-executor-5] INFO  impl.RoleInfo (RoleInfo.java:shutdownFollowerState(121)) - e6a83585-83d0-4616-a3d5-866875ad8a29: shutdown FollowerState
2019-10-21 19:13:03,801 [grpc-default-executor-0] INFO  impl.RoleInfo (RoleInfo.java:shutdownFollowerState(121)) - 1b813ef4-47a4-4bfc-8eb5-c34ae440adb1: shutdown FollowerState
2019-10-21 19:13:03,801 [Thread-1415] INFO  impl.FollowerState (FollowerState.java:run(117)) - e6a83585-83d0-4616-a3d5-866875ad8a29@group-73E40DF2990B-FollowerState was interrupted: java.lang.InterruptedException: sleep interrupted
2019-10-21 19:13:03,801 [grpc-default-executor-5] INFO  impl.RoleInfo (RoleInfo.java:updateAndGet(143)) - e6a83585-83d0-4616-a3d5-866875ad8a29: start FollowerState
2019-10-21 19:13:03,801 [Thread-1416] INFO  impl.FollowerState (FollowerState.java:run(117)) - 1b813ef4-47a4-4bfc-8eb5-c34ae440adb1@group-73E40DF2990B-FollowerState was interrupted: java.lang.InterruptedException: sleep interrupted
2019-10-21 19:13:03,801 [grpc-default-executor-0] INFO  impl.RoleInfo (RoleInfo.java:updateAndGet(143)) - 1b813ef4-47a4-4bfc-8eb5-c34ae440adb1: start FollowerState
2019-10-21 19:13:03,815 [f2627371-a904-4314-a836-5eb8f54559ec@group-73E40DF2990B-LeaderElection179] INFO  impl.LeaderElection (LeaderElection.java:logAndReturn(56)) - f2627371-a904-4314-a836-5eb8f54559ec@group-73E40DF2990B-LeaderElection179: Election REJECTED; received 2 response(s) [f2627371-a904-4314-a836-5eb8f54559ec<-e6a83585-83d0-4616-a3d5-866875ad8a29#0:FAIL-t196, f2627371-a904-4314-a836-5eb8f54559ec<-1b813ef4-47a4-4bfc-8eb5-c34ae440adb1#0:FAIL-t196] and 0 exception(s); f2627371-a904-4314-a836-5eb8f54559ec@group-73E40DF2990B:t196, leader=null, voted=f2627371-a904-4314-a836-5eb8f54559ec, raftlog=f2627371-a904-4314-a836-5eb8f54559ec@group-73E40DF2990B-SegmentedRaftLog:OPENED:c-1,f-1,i0, conf=-1: [e6a83585-83d0-4616-a3d5-866875ad8a29:192.168.34.32:46159, f2627371-a904-4314-a836-5eb8f54559ec:192.168.34.32:33224, 1b813ef4-47a4-4bfc-8eb5-c34ae440adb1:192.168.34.32:36113], old=null
2019-10-21 19:13:03,816 [f2627371-a904-4314-a836-5eb8f54559ec@group-73E40DF2990B-LeaderElection179] INFO  impl.RaftServerImpl (RaftServerImpl.java:setRole(184)) - f2627371-a904-4314-a836-5eb8f54559ec@group-73E40DF2990B: changes role from CANDIDATE to FOLLOWER at term 196 for DISCOVERED_A_NEW_TERM
2019-10-21 19:13:03,816 [f2627371-a904-4314-a836-5eb8f54559ec@group-73E40DF2990B-LeaderElection179] INFO  impl.RoleInfo (RoleInfo.java:shutdownLeaderElection(134)) - f2627371-a904-4314-a836-5eb8f54559ec: shutdown LeaderElection
2019-10-21 19:13:03,816 [f2627371-a904-4314-a836-5eb8f54559ec@group-73E40DF2990B-LeaderElection179] INFO  impl.RoleInfo (RoleInfo.java:updateAndGet(143)) - f2627371-a904-4314-a836-5eb8f54559ec: start FollowerState
2019-10-21 19:13:04,001 [Thread-1423] INFO  impl.FollowerState (FollowerState.java:run(108)) - f2627371-a904-4314-a836-5eb8f54559ec@group-73E40DF2990B-FollowerState: change to CANDIDATE, lastRpcTime:185ms, electionTimeout:185ms
2019-10-21 19:13:04,002 [Thread-1423] INFO  impl.RoleInfo (RoleInfo.java:shutdownFollowerState(121)) - f2627371-a904-4314-a836-5eb8f54559ec: shutdown FollowerState
2019-10-21 19:13:04,002 [Thread-1423] INFO  impl.RaftServerImpl (RaftServerImpl.java:setRole(184)) - f2627371-a904-4314-a836-5eb8f54559ec@group-73E40DF2990B: changes role from  FOLLOWER to CANDIDATE at term 196 for changeToCandidate
2019-10-21 19:13:04,002 [Thread-1423] INFO  impl.RoleInfo (RoleInfo.java:updateAndGet(143)) - f2627371-a904-4314-a836-5eb8f54559ec: start LeaderElection
2019-10-21 19:13:04,031 [f2627371-a904-4314-a836-5eb8f54559ec@group-73E40DF2990B-LeaderElection180] INFO  impl.LeaderElection (LeaderElection.java:askForVotes(178)) - f2627371-a904-4314-a836-5eb8f54559ec@group-73E40DF2990B-LeaderElection180: begin an election at term 197 for -1: [e6a83585-83d0-4616-a3d5-866875ad8a29:192.168.34.32:46159, f2627371-a904-4314-a836-5eb8f54559ec:192.168.34.32:33224, 1b813ef4-47a4-4bfc-8eb5-c34ae440adb1:192.168.34.32:36113], old=null
2019-10-21 19:13:04,032 [grpc-default-executor-0] INFO  impl.RaftServerImpl (RaftServerImpl.java:setRole(184)) - e6a83585-83d0-4616-a3d5-866875ad8a29@group-73E40DF2990B: changes role from  FOLLOWER to FOLLOWER at term 197 for recognizeCandidate:f2627371-a904-4314-a836-5eb8f54559ec
2019-10-21 19:13:04,033 [grpc-default-executor-0] INFO  impl.RoleInfo (RoleInfo.java:shutdownFollowerState(121)) - e6a83585-83d0-4616-a3d5-866875ad8a29: shutdown FollowerState
2019-10-21 19:13:04,033 [grpc-default-executor-0] INFO  impl.RoleInfo (RoleInfo.java:updateAndGet(143)) - e6a83585-83d0-4616-a3d5-866875ad8a29: start FollowerState
2019-10-21 19:13:04,033 [Thread-1421] INFO  impl.FollowerState (FollowerState.java:run(117)) - e6a83585-83d0-4616-a3d5-866875ad8a29@group-73E40DF2990B-FollowerState was interrupted: java.lang.InterruptedException: sleep interrupted
2019-10-21 19:13:04,033 [grpc-default-executor-5] INFO  impl.RaftServerImpl (RaftServerImpl.java:setRole(184)) - 1b813ef4-47a4-4bfc-8eb5-c34ae440adb1@group-73E40DF2990B: changes role from  FOLLOWER to FOLLOWER at term 197 for recognizeCandidate:f2627371-a904-4314-a836-5eb8f54559ec
2019-10-21 19:13:04,033 [grpc-default-executor-5] INFO  impl.RoleInfo (RoleInfo.java:shutdownFollowerState(121)) - 1b813ef4-47a4-4bfc-8eb5-c34ae440adb1: shutdown FollowerState
2019-10-21 19:13:04,033 [grpc-default-executor-5] INFO  impl.RoleInfo (RoleInfo.java:updateAndGet(143)) - 1b813ef4-47a4-4bfc-8eb5-c34ae440adb1: start FollowerState
2019-10-21 19:13:04,033 [Thread-1422] INFO  impl.FollowerState (FollowerState.java:run(117)) - 1b813ef4-47a4-4bfc-8eb5-c34ae440adb1@group-73E40DF2990B-FollowerState was interrupted: java.lang.InterruptedException: sleep interrupted
2019-10-21 19:13:04,047 [f2627371-a904-4314-a836-5eb8f54559ec@group-73E40DF2990B-LeaderElection180] INFO  impl.LeaderElection (LeaderElection.java:logAndReturn(56)) - f2627371-a904-4314-a836-5eb8f54559ec@group-73E40DF2990B-LeaderElection180: Election REJECTED; received 2 response(s) [f2627371-a904-4314-a836-5eb8f54559ec<-e6a83585-83d0-4616-a3d5-866875ad8a29#0:FAIL-t197, f2627371-a904-4314-a836-5eb8f54559ec<-1b813ef4-47a4-4bfc-8eb5-c34ae440adb1#0:FAIL-t197] and 0 exception(s); f2627371-a904-4314-a836-5eb8f54559ec@group-73E40DF2990B:t197, leader=null, voted=f2627371-a904-4314-a836-5eb8f54559ec, raftlog=f2627371-a904-4314-a836-5eb8f54559ec@group-73E40DF2990B-SegmentedRaftLog:OPENED:c-1,f-1,i0, conf=-1: [e6a83585-83d0-4616-a3d5-866875ad8a29:192.168.34.32:46159, f2627371-a904-4314-a836-5eb8f54559ec:192.168.34.32:33224, 1b813ef4-47a4-4bfc-8eb5-c34ae440adb1:192.168.34.32:36113], old=null
2019-10-21 19:13:04,047 [f2627371-a904-4314-a836-5eb8f54559ec@group-73E40DF2990B-LeaderElection180] INFO  impl.RaftServerImpl (RaftServerImpl.java:setRole(184)) - f2627371-a904-4314-a836-5eb8f54559ec@group-73E40DF2990B: changes role from CANDIDATE to FOLLOWER at term 197 for DISCOVERED_A_NEW_TERM
2019-10-21 19:13:04,047 [f2627371-a904-4314-a836-5eb8f54559ec@group-73E40DF2990B-LeaderElection180] INFO  impl.RoleInfo (RoleInfo.java:shutdownLeaderElection(134)) - f2627371-a904-4314-a836-5eb8f54559ec: shutdown LeaderElection
2019-10-21 19:13:04,047 [f2627371-a904-4314-a836-5eb8f54559ec@group-73E40DF2990B-LeaderElection180] INFO  impl.RoleInfo (RoleInfo.java:updateAndGet(143)) - f2627371-a904-4314-a836-5eb8f54559ec: start FollowerState
2019-10-21 19:13:04,239 [Thread-1429] INFO  impl.FollowerState (FollowerState.java:run(108)) - f2627371-a904-4314-a836-5eb8f54559ec@group-73E40DF2990B-FollowerState: change to CANDIDATE, lastRpcTime:191ms, electionTimeout:191ms
2019-10-21 19:13:04,239 [Thread-1429] INFO  impl.RoleInfo (RoleInfo.java:shutdownFollowerState(121)) - f2627371-a904-4314-a836-5eb8f54559ec: shutdown FollowerState
2019-10-21 19:13:04,239 [Thread-1429] INFO  impl.RaftServerImpl (RaftServerImpl.java:setRole(184)) - f2627371-a904-4314-a836-5eb8f54559ec@group-73E40DF2990B: changes role from  FOLLOWER to CANDIDATE at term 197 for changeToCandidate
2019-10-21 19:13:04,239 [Thread-1429] INFO  impl.RoleInfo (RoleInfo.java:updateAndGet(143)) - f2627371-a904-4314-a836-5eb8f54559ec: start LeaderElection
2019-10-21 19:13:04,268 [f2627371-a904-4314-a836-5eb8f54559ec@group-73E40DF2990B-LeaderElection181] INFO  impl.LeaderElection (LeaderElection.java:askForVotes(178)) - f2627371-a904-4314-a836-5eb8f54559ec@group-73E40DF2990B-LeaderElection181: begin an election at term 198 for -1: [e6a83585-83d0-4616-a3d5-866875ad8a29:192.168.34.32:46159, f2627371-a904-4314-a836-5eb8f54559ec:192.168.34.32:33224, 1b813ef4-47a4-4bfc-8eb5-c34ae440adb1:192.168.34.32:36113], old=null
2019-10-21 19:13:04,271 [grpc-default-executor-5] INFO  impl.RaftServerImpl (RaftServerImpl.java:setRole(184)) - e6a83585-83d0-4616-a3d5-866875ad8a29@group-73E40DF2990B: changes role from  FOLLOWER to FOLLOWER at term 198 for recognizeCandidate:f2627371-a904-4314-a836-5eb8f54559ec
2019-10-21 19:13:04,271 [grpc-default-executor-5] INFO  impl.RoleInfo (RoleInfo.java:shutdownFollowerState(121)) - e6a83585-83d0-4616-a3d5-866875ad8a29: shutdown FollowerState
2019-10-21 19:13:04,271 [grpc-default-executor-0] INFO  impl.RaftServerImpl (RaftServerImpl.java:setRole(184)) - 1b813ef4-47a4-4bfc-8eb5-c34ae440adb1@group-73E40DF2990B: changes role from  FOLLOWER to FOLLOWER at term 198 for recognizeCandidate:f2627371-a904-4314-a836-5eb8f54559ec
2019-10-21 19:13:04,271 [grpc-default-executor-5] INFO  impl.RoleInfo (RoleInfo.java:updateAndGet(143)) - e6a83585-83d0-4616-a3d5-866875ad8a29: start FollowerState
2019-10-21 19:13:04,271 [Thread-1427] INFO  impl.FollowerState (FollowerState.java:run(117)) - e6a83585-83d0-4616-a3d5-866875ad8a29@group-73E40DF2990B-FollowerState was interrupted: java.lang.InterruptedException: sleep interrupted
2019-10-21 19:13:04,272 [grpc-default-executor-0] INFO  impl.RoleInfo (RoleInfo.java:shutdownFollowerState(121)) - 1b813ef4-47a4-4bfc-8eb5-c34ae440adb1: shutdown FollowerState
2019-10-21 19:13:04,272 [grpc-default-executor-0] INFO  impl.RoleInfo (RoleInfo.java:updateAndGet(143)) - 1b813ef4-47a4-4bfc-8eb5-c34ae440adb1: start FollowerState
2019-10-21 19:13:04,272 [Thread-1428] INFO  impl.FollowerState (FollowerState.java:run(117)) - 1b813ef4-47a4-4bfc-8eb5-c34ae440adb1@group-73E40DF2990B-FollowerState was interrupted: java.lang.InterruptedException: sleep interrupted
2019-10-21 19:13:04,287 [f2627371-a904-4314-a836-5eb8f54559ec@group-73E40DF2990B-LeaderElection181] INFO  impl.LeaderElection (LeaderElection.java:logAndReturn(56)) - f2627371-a904-4314-a836-5eb8f54559ec@group-73E40DF2990B-LeaderElection181: Election REJECTED; received 2 response(s) [f2627371-a904-4314-a836-5eb8f54559ec<-e6a83585-83d0-4616-a3d5-866875ad8a29#0:FAIL-t198, f2627371-a904-4314-a836-5eb8f54559ec<-1b813ef4-47a4-4bfc-8eb5-c34ae440adb1#0:FAIL-t198] and 0 exception(s); f2627371-a904-4314-a836-5eb8f54559ec@group-73E40DF2990B:t198, leader=null, voted=f2627371-a904-4314-a836-5eb8f54559ec, raftlog=f2627371-a904-4314-a836-5eb8f54559ec@group-73E40DF2990B-SegmentedRaftLog:OPENED:c-1,f-1,i0, conf=-1: [e6a83585-83d0-4616-a3d5-866875ad8a29:192.168.34.32:46159, f2627371-a904-4314-a836-5eb8f54559ec:192.168.34.32:33224, 1b813ef4-47a4-4bfc-8eb5-c34ae440adb1:192.168.34.32:36113], old=null
2019-10-21 19:13:04,287 [f2627371-a904-4314-a836-5eb8f54559ec@group-73E40DF2990B-LeaderElection181] INFO  impl.RaftServerImpl (RaftServerImpl.java:setRole(184)) - f2627371-a904-4314-a836-5eb8f54559ec@group-73E40DF2990B: changes role from CANDIDATE to FOLLOWER at term 198 for DISCOVERED_A_NEW_TERM
2019-10-21 19:13:04,287 [f2627371-a904-4314-a836-5eb8f54559ec@group-73E40DF2990B-LeaderElection181] INFO  impl.RoleInfo (RoleInfo.java:shutdownLeaderElection(134)) - f2627371-a904-4314-a836-5eb8f54559ec: shutdown LeaderElection
2019-10-21 19:13:04,287 [f2627371-a904-4314-a836-5eb8f54559ec@group-73E40DF2990B-LeaderElection181] INFO  impl.RoleInfo (RoleInfo.java:updateAndGet(143)) - f2627371-a904-4314-a836-5eb8f54559ec: start FollowerState
2019-10-21 19:13:04,437 [Thread-1435] INFO  impl.FollowerState (FollowerState.java:run(108)) - f2627371-a904-4314-a836-5eb8f54559ec@group-73E40DF2990B-FollowerState: change to CANDIDATE, lastRpcTime:150ms, electionTimeout:150ms
2019-10-21 19:13:04,437 [Thread-1435] INFO  impl.RoleInfo (RoleInfo.java:shutdownFollowerState(121)) - f2627371-a904-4314-a836-5eb8f54559ec: shutdown FollowerState
2019-10-21 19:13:04,438 [Thread-1435] INFO  impl.RaftServerImpl (RaftServerImpl.java:setRole(184)) - f2627371-a904-4314-a836-5eb8f54559ec@group-73E40DF2990B: changes role from  FOLLOWER to CANDIDATE at term 198 for changeToCandidate
2019-10-21 19:13:04,438 [Thread-1435] INFO  impl.RoleInfo (RoleInfo.java:updateAndGet(143)) - f2627371-a904-4314-a836-5eb8f54559ec: start LeaderElection
2019-10-21 19:13:04,454 [f2627371-a904-4314-a836-5eb8f54559ec@group-73E40DF2990B-LeaderElection182] INFO  impl.LeaderElection (LeaderElection.java:askForVotes(178)) - f2627371-a904-4314-a836-5eb8f54559ec@group-73E40DF2990B-LeaderElection182: begin an election at term 199 for -1: [e6a83585-83d0-4616-a3d5-866875ad8a29:192.168.34.32:46159, f2627371-a904-4314-a836-5eb8f54559ec:192.168.34.32:33224, 1b813ef4-47a4-4bfc-8eb5-c34ae440adb1:192.168.34.32:36113], old=null
2019-10-21 19:13:04,457 [grpc-default-executor-0] INFO  impl.RaftServerImpl (RaftServerImpl.java:setRole(184)) - e6a83585-83d0-4616-a3d5-866875ad8a29@group-73E40DF2990B: changes role from  FOLLOWER to FOLLOWER at term 199 for recognizeCandidate:f2627371-a904-4314-a836-5eb8f54559ec
2019-10-21 19:13:04,457 [grpc-default-executor-0] INFO  impl.RoleInfo (RoleInfo.java:shutdownFollowerState(121)) - e6a83585-83d0-4616-a3d5-866875ad8a29: shutdown FollowerState
2019-10-21 19:13:04,457 [grpc-default-executor-0] INFO  impl.RoleInfo (RoleInfo.java:updateAndGet(143)) - e6a83585-83d0-4616-a3d5-866875ad8a29: start FollowerState
2019-10-21 19:13:04,457 [Thread-1433] INFO  impl.FollowerState (FollowerState.java:run(117)) - e6a83585-83d0-4616-a3d5-866875ad8a29@group-73E40DF2990B-FollowerState was interrupted: java.lang.InterruptedException: sleep interrupted
2019-10-21 19:13:04,457 [grpc-default-executor-5] INFO  impl.RaftServerImpl (RaftServerImpl.java:setRole(184)) - 1b813ef4-47a4-4bfc-8eb5-c34ae440adb1@group-73E40DF2990B: changes role from  FOLLOWER to FOLLOWER at term 199 for recognizeCandidate:f2627371-a904-4314-a836-5eb8f54559ec
2019-10-21 19:13:04,458 [grpc-default-executor-5] INFO  impl.RoleInfo (RoleInfo.java:shutdownFollowerState(121)) - 1b813ef4-47a4-4bfc-8eb5-c34ae440adb1: shutdown FollowerState
2019-10-21 19:13:04,458 [grpc-default-executor-5] INFO  impl.RoleInfo (RoleInfo.java:updateAndGet(143)) - 1b813ef4-47a4-4bfc-8eb5-c34ae440adb1: start FollowerState
2019-10-21 19:13:04,458 [Thread-1434] INFO  impl.FollowerState (FollowerState.java:run(117)) - 1b813ef4-47a4-4bfc-8eb5-c34ae440adb1@group-73E40DF2990B-FollowerState was interrupted: java.lang.InterruptedException: sleep interrupted
2019-10-21 19:13:04,472 [f2627371-a904-4314-a836-5eb8f54559ec@group-73E40DF2990B-LeaderElection182] INFO  impl.LeaderElection (LeaderElection.java:logAndReturn(56)) - f2627371-a904-4314-a836-5eb8f54559ec@group-73E40DF2990B-LeaderElection182: Election REJECTED; received 2 response(s) [f2627371-a904-4314-a836-5eb8f54559ec<-e6a83585-83d0-4616-a3d5-866875ad8a29#0:FAIL-t199, f2627371-a904-4314-a836-5eb8f54559ec<-1b813ef4-47a4-4bfc-8eb5-c34ae440adb1#0:FAIL-t199] and 0 exception(s); f2627371-a904-4314-a836-5eb8f54559ec@group-73E40DF2990B:t199, leader=null, voted=f2627371-a904-4314-a836-5eb8f54559ec, raftlog=f2627371-a904-4314-a836-5eb8f54559ec@group-73E40DF2990B-SegmentedRaftLog:OPENED:c-1,f-1,i0, conf=-1: [e6a83585-83d0-4616-a3d5-866875ad8a29:192.168.34.32:46159, f2627371-a904-4314-a836-5eb8f54559ec:192.168.34.32:33224, 1b813ef4-47a4-4bfc-8eb5-c34ae440adb1:192.168.34.32:36113], old=null
2019-10-21 19:13:04,472 [f2627371-a904-4314-a836-5eb8f54559ec@group-73E40DF2990B-LeaderElection182] INFO  impl.RaftServerImpl (RaftServerImpl.java:setRole(184)) - f2627371-a904-4314-a836-5eb8f54559ec@group-73E40DF2990B: changes role from CANDIDATE to FOLLOWER at term 199 for DISCOVERED_A_NEW_TERM
2019-10-21 19:13:04,472 [f2627371-a904-4314-a836-5eb8f54559ec@group-73E40DF2990B-LeaderElection182] INFO  impl.RoleInfo (RoleInfo.java:shutdownLeaderElection(134)) - f2627371-a904-4314-a836-5eb8f54559ec: shutdown LeaderElection
2019-10-21 19:13:04,473 [f2627371-a904-4314-a836-5eb8f54559ec@group-73E40DF2990B-LeaderElection182] INFO  impl.RoleInfo (RoleInfo.java:updateAndGet(143)) - f2627371-a904-4314-a836-5eb8f54559ec: start FollowerState
2019-10-21 19:13:04,660 [Thread-1443] INFO  impl.FollowerState (FollowerState.java:run(108)) - f2627371-a904-4314-a836-5eb8f54559ec@group-73E40DF2990B-FollowerState: change to CANDIDATE, lastRpcTime:187ms, electionTimeout:187ms
2019-10-21 19:13:04,660 [Thread-1443] INFO  impl.RoleInfo (RoleInfo.java:shutdownFollowerState(121)) - f2627371-a904-4314-a836-5eb8f54559ec: shutdown FollowerState
2019-10-21 19:13:04,661 [Thread-1443] INFO  impl.RaftServerImpl (RaftServerImpl.java:setRole(184)) - f2627371-a904-4314-a836-5eb8f54559ec@group-73E40DF2990B: changes role from  FOLLOWER to CANDIDATE at term 199 for changeToCandidate
2019-10-21 19:13:04,661 [Thread-1443] INFO  impl.RoleInfo (RoleInfo.java:updateAndGet(143)) - f2627371-a904-4314-a836-5eb8f54559ec: start LeaderElection
2019-10-21 19:13:04,698 [f2627371-a904-4314-a836-5eb8f54559ec@group-73E40DF2990B-LeaderElection183] INFO  impl.LeaderElection (LeaderElection.java:askForVotes(178)) - f2627371-a904-4314-a836-5eb8f54559ec@group-73E40DF2990B-LeaderElection183: begin an election at term 200 for -1: [e6a83585-83d0-4616-a3d5-866875ad8a29:192.168.34.32:46159, f2627371-a904-4314-a836-5eb8f54559ec:192.168.34.32:33224, 1b813ef4-47a4-4bfc-8eb5-c34ae440adb1:192.168.34.32:36113], old=null
2019-10-21 19:13:04,703 [grpc-default-executor-5] INFO  impl.RaftServerImpl (RaftServerImpl.java:setRole(184)) - 1b813ef4-47a4-4bfc-8eb5-c34ae440adb1@group-73E40DF2990B: changes role from  FOLLOWER to FOLLOWER at term 200 for recognizeCandidate:f2627371-a904-4314-a836-5eb8f54559ec
2019-10-21 19:13:04,703 [grpc-default-executor-0] INFO  impl.RaftServerImpl (RaftServerImpl.java:setRole(184)) - e6a83585-83d0-4616-a3d5-866875ad8a29@group-73E40DF2990B: changes role from  FOLLOWER to FOLLOWER at term 200 for recognizeCandidate:f2627371-a904-4314-a836-5eb8f54559ec
2019-10-21 19:13:04,704 [grpc-default-executor-5] INFO  impl.RoleInfo (RoleInfo.java:shutdownFollowerState(121)) - 1b813ef4-47a4-4bfc-8eb5-c34ae440adb1: shutdown FollowerState
2019-10-21 19:13:04,704 [grpc-default-executor-0] INFO  impl.RoleInfo (RoleInfo.java:shutdownFollowerState(121)) - e6a83585-83d0-4616-a3d5-866875ad8a29: shutdown FollowerState
2019-10-21 19:13:04,704 [grpc-default-executor-5] INFO  impl.RoleInfo (RoleInfo.java:updateAndGet(143)) - 1b813ef4-47a4-4bfc-8eb5-c34ae440adb1: start FollowerState
2019-10-21 19:13:04,704 [Thread-1442] INFO  impl.FollowerState (FollowerState.java:run(117)) - 1b813ef4-47a4-4bfc-8eb5-c34ae440adb1@group-73E40DF2990B-FollowerState was interrupted: java.lang.InterruptedException: sleep interrupted
2019-10-21 19:13:04,704 [Thread-1441] INFO  impl.FollowerState (FollowerState.java:run(117)) - e6a83585-83d0-4616-a3d5-866875ad8a29@group-73E40DF2990B-FollowerState was interrupted: java.lang.InterruptedException: sleep interrupted
2019-10-21 19:13:04,704 [grpc-default-executor-0] INFO  impl.RoleInfo (RoleInfo.java:updateAndGet(143)) - e6a83585-83d0-4616-a3d5-866875ad8a29: start FollowerState
2019-10-21 19:13:04,722 [f2627371-a904-4314-a836-5eb8f54559ec@group-73E40DF2990B-LeaderElection183] INFO  impl.LeaderElection (LeaderElection.java:logAndReturn(56)) - f2627371-a904-4314-a836-5eb8f54559ec@group-73E40DF2990B-LeaderElection183: Election REJECTED; received 2 response(s) [f2627371-a904-4314-a836-5eb8f54559ec<-e6a83585-83d0-4616-a3d5-866875ad8a29#0:FAIL-t200, f2627371-a904-4314-a836-5eb8f54559ec<-1b813ef4-47a4-4bfc-8eb5-c34ae440adb1#0:FAIL-t200] and 0 exception(s); f2627371-a904-4314-a836-5eb8f54559ec@group-73E40DF2990B:t200, leader=null, voted=f2627371-a904-4314-a836-5eb8f54559ec, raftlog=f2627371-a904-4314-a836-5eb8f54559ec@group-73E40DF2990B-SegmentedRaftLog:OPENED:c-1,f-1,i0, conf=-1: [e6a83585-83d0-4616-a3d5-866875ad8a29:192.168.34.32:46159, f2627371-a904-4314-a836-5eb8f54559ec:192.168.34.32:33224, 1b813ef4-47a4-4bfc-8eb5-c34ae440adb1:192.168.34.32:36113], old=null
2019-10-21 19:13:04,722 [f2627371-a904-4314-a836-5eb8f54559ec@group-73E40DF2990B-LeaderElection183] INFO  impl.RaftServerImpl (RaftServerImpl.java:setRole(184)) - f2627371-a904-4314-a836-5eb8f54559ec@group-73E40DF2990B: changes role from CANDIDATE to FOLLOWER at term 200 for DISCOVERED_A_NEW_TERM
2019-10-21 19:13:04,722 [f2627371-a904-4314-a836-5eb8f54559ec@group-73E40DF2990B-LeaderElection183] INFO  impl.RoleInfo (RoleInfo.java:shutdownLeaderElection(134)) - f2627371-a904-4314-a836-5eb8f54559ec: shutdown LeaderElection
2019-10-21 19:13:04,722 [f2627371-a904-4314-a836-5eb8f54559ec@group-73E40DF2990B-LeaderElection183] INFO  impl.RoleInfo (RoleInfo.java:updateAndGet(143)) - f2627371-a904-4314-a836-5eb8f54559ec: start FollowerState
2019-10-21 19:13:04,767 [Thread-1449] INFO  impl.FollowerState (FollowerState.java:run(108)) - f2627371-a904-4314-a836-5eb8f54559ec@group-73E40DF2990B-FollowerState: change to CANDIDATE, lastRpcTime:44ms, electionTimeout:44ms
2019-10-21 19:13:04,767 [Thread-1449] INFO  impl.RoleInfo (RoleInfo.java:shutdownFollowerState(121)) - f2627371-a904-4314-a836-5eb8f54559ec: shutdown FollowerState
2019-10-21 19:13:04,767 [Thread-1449] INFO  impl.RaftServerImpl (RaftServerImpl.java:setRole(184)) - f2627371-a904-4314-a836-5eb8f54559ec@group-73E40DF2990B: changes role from  FOLLOWER to CANDIDATE at term 200 for changeToCandidate
2019-10-21 19:13:04,768 [Thread-1449] INFO  impl.RoleInfo (RoleInfo.java:updateAndGet(143)) - f2627371-a904-4314-a836-5eb8f54559ec: start LeaderElection
2019-10-21 19:13:04,782 [f2627371-a904-4314-a836-5eb8f54559ec@group-73E40DF2990B-LeaderElection184] INFO  impl.LeaderElection (LeaderElection.java:askForVotes(178)) - f2627371-a904-4314-a836-5eb8f54559ec@group-73E40DF2990B-LeaderElection184: begin an election at term 201 for -1: [e6a83585-83d0-4616-a3d5-866875ad8a29:192.168.34.32:46159, f2627371-a904-4314-a836-5eb8f54559ec:192.168.34.32:33224, 1b813ef4-47a4-4bfc-8eb5-c34ae440adb1:192.168.34.32:36113], old=null
2019-10-21 19:13:04,786 [grpc-default-executor-5] INFO  impl.RaftServerImpl (RaftServerImpl.java:setRole(184)) - e6a83585-83d0-4616-a3d5-866875ad8a29@group-73E40DF2990B: changes role from  FOLLOWER to FOLLOWER at term 201 for recognizeCandidate:f2627371-a904-4314-a836-5eb8f54559ec
2019-10-21 19:13:04,786 [grpc-default-executor-0] INFO  impl.RaftServerImpl (RaftServerImpl.java:setRole(184)) - 1b813ef4-47a4-4bfc-8eb5-c34ae440adb1@group-73E40DF2990B: changes role from  FOLLOWER to FOLLOWER at term 201 for recognizeCandidate:f2627371-a904-4314-a836-5eb8f54559ec
2019-10-21 19:13:04,786 [grpc-default-executor-5] INFO  impl.RoleInfo (RoleInfo.java:shutdownFollowerState(121)) - e6a83585-83d0-4616-a3d5-866875ad8a29: shutdown FollowerState
2019-10-21 19:13:04,786 [grpc-default-executor-0] INFO  impl.RoleInfo (RoleInfo.java:shutdownFollowerState(121)) - 1b813ef4-47a4-4bfc-8eb5-c34ae440adb1: shutdown FollowerState
2019-10-21 19:13:04,787 [Thread-1448] INFO  impl.FollowerState (FollowerState.java:run(117)) - e6a83585-83d0-4616-a3d5-866875ad8a29@group-73E40DF2990B-FollowerState was interrupted: java.lang.InterruptedException: sleep interrupted
2019-10-21 19:13:04,787 [grpc-default-executor-5] INFO  impl.RoleInfo (RoleInfo.java:updateAndGet(143)) - e6a83585-83d0-4616-a3d5-866875ad8a29: start FollowerState
2019-10-21 19:13:04,787 [Thread-1447] INFO  impl.FollowerState (FollowerState.java:run(117)) - 1b813ef4-47a4-4bfc-8eb5-c34ae440adb1@group-73E40DF2990B-FollowerState was interrupted: java.lang.InterruptedException: sleep interrupted
2019-10-21 19:13:04,787 [grpc-default-executor-0] INFO  impl.RoleInfo (RoleInfo.java:updateAndGet(143)) - 1b813ef4-47a4-4bfc-8eb5-c34ae440adb1: start FollowerState
2019-10-21 19:13:04,790 [f2627371-a904-4314-a836-5eb8f54559ec@group-73E40DF2990B-LeaderElection184] INFO  impl.LeaderElection (LeaderElection.java:logAndReturn(56)) - f2627371-a904-4314-a836-5eb8f54559ec@group-73E40DF2990B-LeaderElection184: Election TIMEOUT; received 0 response(s) [] and 0 exception(s); f2627371-a904-4314-a836-5eb8f54559ec@group-73E40DF2990B:t201, leader=null, voted=f2627371-a904-4314-a836-5eb8f54559ec, raftlog=f2627371-a904-4314-a836-5eb8f54559ec@group-73E40DF2990B-SegmentedRaftLog:OPENED:c-1,f-1,i0, conf=-1: [e6a83585-83d0-4616-a3d5-866875ad8a29:192.168.34.32:46159, f2627371-a904-4314-a836-5eb8f54559ec:192.168.34.32:33224, 1b813ef4-47a4-4bfc-8eb5-c34ae440adb1:192.168.34.32:36113], old=null
2019-10-21 19:13:04,802 [f2627371-a904-4314-a836-5eb8f54559ec@group-73E40DF2990B-LeaderElection184] INFO  impl.LeaderElection (LeaderElection.java:askForVotes(178)) - f2627371-a904-4314-a836-5eb8f54559ec@group-73E40DF2990B-LeaderElection184: begin an election at term 202 for -1: [e6a83585-83d0-4616-a3d5-866875ad8a29:192.168.34.32:46159, f2627371-a904-4314-a836-5eb8f54559ec:192.168.34.32:33224, 1b813ef4-47a4-4bfc-8eb5-c34ae440adb1:192.168.34.32:36113], old=null
2019-10-21 19:13:04,804 [grpc-default-executor-0] INFO  impl.RaftServerImpl (RaftServerImpl.java:setRole(184)) - e6a83585-83d0-4616-a3d5-866875ad8a29@group-73E40DF2990B: changes role from  FOLLOWER to FOLLOWER at term 202 for recognizeCandidate:f2627371-a904-4314-a836-5eb8f54559ec
2019-10-21 19:13:04,804 [grpc-default-executor-0] INFO  impl.RoleInfo (RoleInfo.java:shutdownFollowerState(121)) - e6a83585-83d0-4616-a3d5-866875ad8a29: shutdown FollowerState
2019-10-21 19:13:04,805 [grpc-default-executor-0] INFO  impl.RoleInfo (RoleInfo.java:updateAndGet(143)) - e6a83585-83d0-4616-a3d5-866875ad8a29: start FollowerState
2019-10-21 19:13:04,805 [Thread-1453] INFO  impl.FollowerState (FollowerState.java:run(117)) - e6a83585-83d0-4616-a3d5-866875ad8a29@group-73E40DF2990B-FollowerState was interrupted: java.lang.InterruptedException: sleep interrupted
2019-10-21 19:13:04,805 [grpc-default-executor-5] INFO  impl.RaftServerImpl (RaftServerImpl.java:setRole(184)) - 1b813ef4-47a4-4bfc-8eb5-c34ae440adb1@group-73E40DF2990B: changes role from  FOLLOWER to FOLLOWER at term 202 for recognizeCandidate:f2627371-a904-4314-a836-5eb8f54559ec
2019-10-21 19:13:04,806 [grpc-default-executor-5] INFO  impl.RoleInfo (RoleInfo.java:shutdownFollowerState(121)) - 1b813ef4-47a4-4bfc-8eb5-c34ae440adb1: shutdown FollowerState
2019-10-21 19:13:04,806 [grpc-default-executor-5] INFO  impl.RoleInfo (RoleInfo.java:updateAndGet(143)) - 1b813ef4-47a4-4bfc-8eb5-c34ae440adb1: start FollowerState
2019-10-21 19:13:04,806 [Thread-1454] INFO  impl.FollowerState (FollowerState.java:run(117)) - 1b813ef4-47a4-4bfc-8eb5-c34ae440adb1@group-73E40DF2990B-FollowerState was interrupted: java.lang.InterruptedException: sleep interrupted
2019-10-21 19:13:04,819 [f2627371-a904-4314-a836-5eb8f54559ec@group-73E40DF2990B-LeaderElection184] INFO  impl.LeaderElection (LeaderElection.java:logAndReturn(56)) - f2627371-a904-4314-a836-5eb8f54559ec@group-73E40DF2990B-LeaderElection184: Election REJECTED; received 2 response(s) [f2627371-a904-4314-a836-5eb8f54559ec<-e6a83585-83d0-4616-a3d5-866875ad8a29#0:FAIL-t202, f2627371-a904-4314-a836-5eb8f54559ec<-1b813ef4-47a4-4bfc-8eb5-c34ae440adb1#0:FAIL-t202] and 0 exception(s); f2627371-a904-4314-a836-5eb8f54559ec@group-73E40DF2990B:t202, leader=null, voted=f2627371-a904-4314-a836-5eb8f54559ec, raftlog=f2627371-a904-4314-a836-5eb8f54559ec@group-73E40DF2990B-SegmentedRaftLog:OPENED:c-1,f-1,i0, conf=-1: [e6a83585-83d0-4616-a3d5-866875ad8a29:192.168.34.32:46159, f2627371-a904-4314-a836-5eb8f54559ec:192.168.34.32:33224, 1b813ef4-47a4-4bfc-8eb5-c34ae440adb1:192.168.34.32:36113], old=null
2019-10-21 19:13:04,819 [f2627371-a904-4314-a836-5eb8f54559ec@group-73E40DF2990B-LeaderElection184] INFO  impl.RaftServerImpl (RaftServerImpl.java:setRole(184)) - f2627371-a904-4314-a836-5eb8f54559ec@group-73E40DF2990B: changes role from CANDIDATE to FOLLOWER at term 202 for DISCOVERED_A_NEW_TERM
2019-10-21 19:13:04,820 [f2627371-a904-4314-a836-5eb8f54559ec@group-73E40DF2990B-LeaderElection184] INFO  impl.RoleInfo (RoleInfo.java:shutdownLeaderElection(134)) - f2627371-a904-4314-a836-5eb8f54559ec: shutdown LeaderElection
2019-10-21 19:13:04,820 [f2627371-a904-4314-a836-5eb8f54559ec@group-73E40DF2990B-LeaderElection184] INFO  impl.RoleInfo (RoleInfo.java:updateAndGet(143)) - f2627371-a904-4314-a836-5eb8f54559ec: start FollowerState
2019-10-21 19:13:05,003 [Thread-1459] INFO  impl.FollowerState (FollowerState.java:run(108)) - f2627371-a904-4314-a836-5eb8f54559ec@group-73E40DF2990B-FollowerState: change to CANDIDATE, lastRpcTime:183ms, electionTimeout:183ms
2019-10-21 19:13:05,004 [Thread-1459] INFO  impl.RoleInfo (RoleInfo.java:shutdownFollowerState(121)) - f2627371-a904-4314-a836-5eb8f54559ec: shutdown FollowerState
2019-10-21 19:13:05,004 [Thread-1459] INFO  impl.RaftServerImpl (RaftServerImpl.java:setRole(184)) - f2627371-a904-4314-a836-5eb8f54559ec@group-73E40DF2990B: changes role from  FOLLOWER to CANDIDATE at term 202 for changeToCandidate
2019-10-21 19:13:05,004 [Thread-1459] INFO  impl.RoleInfo (RoleInfo.java:updateAndGet(143)) - f2627371-a904-4314-a836-5eb8f54559ec: start LeaderElection
2019-10-21 19:13:05,024 [f2627371-a904-4314-a836-5eb8f54559ec@group-73E40DF2990B-LeaderElection185] INFO  impl.LeaderElection (LeaderElection.java:askForVotes(178)) - f2627371-a904-4314-a836-5eb8f54559ec@group-73E40DF2990B-LeaderElection185: begin an election at term 203 for -1: [e6a83585-83d0-4616-a3d5-866875ad8a29:192.168.34.32:46159, f2627371-a904-4314-a836-5eb8f54559ec:192.168.34.32:33224, 1b813ef4-47a4-4bfc-8eb5-c34ae440adb1:192.168.34.32:36113], old=null
2019-10-21 19:13:05,026 [grpc-default-executor-5] INFO  impl.RaftServerImpl (RaftServerImpl.java:setRole(184)) - 1b813ef4-47a4-4bfc-8eb5-c34ae440adb1@group-73E40DF2990B: changes role from  FOLLOWER to FOLLOWER at term 203 for recognizeCandidate:f2627371-a904-4314-a836-5eb8f54559ec
2019-10-21 19:13:05,027 [grpc-default-executor-0] INFO  impl.RaftServerImpl (RaftServerImpl.java:setRole(184)) - e6a83585-83d0-4616-a3d5-866875ad8a29@group-73E40DF2990B: changes role from  FOLLOWER to FOLLOWER at term 203 for recognizeCandidate:f2627371-a904-4314-a836-5eb8f54559ec
2019-10-21 19:13:05,027 [grpc-default-executor-5] INFO  impl.RoleInfo (RoleInfo.java:shutdownFollowerState(121)) - 1b813ef4-47a4-4bfc-8eb5-c34ae440adb1: shutdown FollowerState
2019-10-21 19:13:05,027 [grpc-default-executor-0] INFO  impl.RoleInfo (RoleInfo.java:shutdownFollowerState(121)) - e6a83585-83d0-4616-a3d5-866875ad8a29: shutdown FollowerState
2019-10-21 19:13:05,027 [Thread-1458] INFO  impl.FollowerState (FollowerState.java:run(117)) - 1b813ef4-47a4-4bfc-8eb5-c34ae440adb1@group-73E40DF2990B-FollowerState was interrupted: java.lang.InterruptedException: sleep interrupted
2019-10-21 19:13:05,027 [Thread-1457] INFO  impl.FollowerState (FollowerState.java:run(117)) - e6a83585-83d0-4616-a3d5-866875ad8a29@group-73E40DF2990B-FollowerState was interrupted: java.lang.InterruptedException: sleep interrupted
2019-10-21 19:13:05,027 [grpc-default-executor-5] INFO  impl.RoleInfo (RoleInfo.java:updateAndGet(143)) - 1b813ef4-47a4-4bfc-8eb5-c34ae440adb1: start FollowerState
2019-10-21 19:13:05,027 [grpc-default-executor-0] INFO  impl.RoleInfo (RoleInfo.java:updateAndGet(143)) - e6a83585-83d0-4616-a3d5-866875ad8a29: start FollowerState
2019-10-21 19:13:05,057 [f2627371-a904-4314-a836-5eb8f54559ec@group-73E40DF2990B-LeaderElection185] INFO  impl.LeaderElection (LeaderElection.java:logAndReturn(56)) - f2627371-a904-4314-a836-5eb8f54559ec@group-73E40DF2990B-LeaderElection185: Election REJECTED; received 2 response(s) [f2627371-a904-4314-a836-5eb8f54559ec<-e6a83585-83d0-4616-a3d5-866875ad8a29#0:FAIL-t203, f2627371-a904-4314-a836-5eb8f54559ec<-1b813ef4-47a4-4bfc-8eb5-c34ae440adb1#0:FAIL-t203] and 0 exception(s); f2627371-a904-4314-a836-5eb8f54559ec@group-73E40DF2990B:t203, leader=null, voted=f2627371-a904-4314-a836-5eb8f54559ec, raftlog=f2627371-a904-4314-a836-5eb8f54559ec@group-73E40DF2990B-SegmentedRaftLog:OPENED:c-1,f-1,i0, conf=-1: [e6a83585-83d0-4616-a3d5-866875ad8a29:192.168.34.32:46159, f2627371-a904-4314-a836-5eb8f54559ec:192.168.34.32:33224, 1b813ef4-47a4-4bfc-8eb5-c34ae440adb1:192.168.34.32:36113], old=null
2019-10-21 19:13:05,057 [f2627371-a904-4314-a836-5eb8f54559ec@group-73E40DF2990B-LeaderElection185] INFO  impl.RaftServerImpl (RaftServerImpl.java:setRole(184)) - f2627371-a904-4314-a836-5eb8f54559ec@group-73E40DF2990B: changes role from CANDIDATE to FOLLOWER at term 203 for DISCOVERED_A_NEW_TERM
2019-10-21 19:13:05,057 [f2627371-a904-4314-a836-5eb8f54559ec@group-73E40DF2990B-LeaderElection185] INFO  impl.RoleInfo (RoleInfo.java:shutdownLeaderElection(134)) - f2627371-a904-4314-a836-5eb8f54559ec: shutdown LeaderElection
2019-10-21 19:13:05,057 [f2627371-a904-4314-a836-5eb8f54559ec@group-73E40DF2990B-LeaderElection185] INFO  impl.RoleInfo (RoleInfo.java:updateAndGet(143)) - f2627371-a904-4314-a836-5eb8f54559ec: start FollowerState
2019-10-21 19:13:05,132 [Thread-1465] INFO  impl.FollowerState (FollowerState.java:run(108)) - f2627371-a904-4314-a836-5eb8f54559ec@group-73E40DF2990B-FollowerState: change to CANDIDATE, lastRpcTime:74ms, electionTimeout:74ms
2019-10-21 19:13:05,132 [Thread-1465] INFO  impl.RoleInfo (RoleInfo.java:shutdownFollowerState(121)) - f2627371-a904-4314-a836-5eb8f54559ec: shutdown FollowerState
2019-10-21 19:13:05,132 [Thread-1465] INFO  impl.RaftServerImpl (RaftServerImpl.java:setRole(184)) - f2627371-a904-4314-a836-5eb8f54559ec@group-73E40DF2990B: changes role from  FOLLOWER to CANDIDATE at term 203 for changeToCandidate
2019-10-21 19:13:05,132 [Thread-1465] INFO  impl.RoleInfo (RoleInfo.java:updateAndGet(143)) - f2627371-a904-4314-a836-5eb8f54559ec: start LeaderElection
2019-10-21 19:13:05,148 [f2627371-a904-4314-a836-5eb8f54559ec@group-73E40DF2990B-LeaderElection186] INFO  impl.LeaderElection (LeaderElection.java:askForVotes(178)) - f2627371-a904-4314-a836-5eb8f54559ec@group-73E40DF2990B-LeaderElection186: begin an election at term 204 for -1: [e6a83585-83d0-4616-a3d5-866875ad8a29:192.168.34.32:46159, f2627371-a904-4314-a836-5eb8f54559ec:192.168.34.32:33224, 1b813ef4-47a4-4bfc-8eb5-c34ae440adb1:192.168.34.32:36113], old=null
2019-10-21 19:13:05,151 [grpc-default-executor-5] INFO  impl.RaftServerImpl (RaftServerImpl.java:setRole(184)) - e6a83585-83d0-4616-a3d5-866875ad8a29@group-73E40DF2990B: changes role from  FOLLOWER to FOLLOWER at term 204 for recognizeCandidate:f2627371-a904-4314-a836-5eb8f54559ec
2019-10-21 19:13:05,151 [grpc-default-executor-5] INFO  impl.RoleInfo (RoleInfo.java:shutdownFollowerState(121)) - e6a83585-83d0-4616-a3d5-866875ad8a29: shutdown FollowerState
2019-10-21 19:13:05,152 [grpc-default-executor-0] INFO  impl.RaftServerImpl (RaftServerImpl.java:setRole(184)) - 1b813ef4-47a4-4bfc-8eb5-c34ae440adb1@group-73E40DF2990B: changes role from  FOLLOWER to FOLLOWER at term 204 for recognizeCandidate:f2627371-a904-4314-a836-5eb8f54559ec
2019-10-21 19:13:05,152 [Thread-1464] INFO  impl.FollowerState (FollowerState.java:run(117)) - e6a83585-83d0-4616-a3d5-866875ad8a29@group-73E40DF2990B-FollowerState was interrupted: java.lang.InterruptedException: sleep interrupted
2019-10-21 19:13:05,152 [grpc-default-executor-5] INFO  impl.RoleInfo (RoleInfo.java:updateAndGet(143)) - e6a83585-83d0-4616-a3d5-866875ad8a29: start FollowerState
2019-10-21 19:13:05,152 [grpc-default-executor-0] INFO  impl.RoleInfo (RoleInfo.java:shutdownFollowerState(121)) - 1b813ef4-47a4-4bfc-8eb5-c34ae440adb1: shutdown FollowerState
2019-10-21 19:13:05,152 [grpc-default-executor-0] INFO  impl.RoleInfo (RoleInfo.java:updateAndGet(143)) - 1b813ef4-47a4-4bfc-8eb5-c34ae440adb1: start FollowerState
2019-10-21 19:13:05,152 [Thread-1463] INFO  impl.FollowerState (FollowerState.java:run(117)) - 1b813ef4-47a4-4bfc-8eb5-c34ae440adb1@group-73E40DF2990B-FollowerState was interrupted: java.lang.InterruptedException: sleep interrupted
2019-10-21 19:13:05,168 [f2627371-a904-4314-a836-5eb8f54559ec@group-73E40DF2990B-LeaderElection186] INFO  impl.LeaderElection (LeaderElection.java:logAndReturn(56)) - f2627371-a904-4314-a836-5eb8f54559ec@group-73E40DF2990B-LeaderElection186: Election REJECTED; received 2 response(s) [f2627371-a904-4314-a836-5eb8f54559ec<-e6a83585-83d0-4616-a3d5-866875ad8a29#0:FAIL-t204, f2627371-a904-4314-a836-5eb8f54559ec<-1b813ef4-47a4-4bfc-8eb5-c34ae440adb1#0:FAIL-t204] and 0 exception(s); f2627371-a904-4314-a836-5eb8f54559ec@group-73E40DF2990B:t204, leader=null, voted=f2627371-a904-4314-a836-5eb8f54559ec, raftlog=f2627371-a904-4314-a836-5eb8f54559ec@group-73E40DF2990B-SegmentedRaftLog:OPENED:c-1,f-1,i0, conf=-1: [e6a83585-83d0-4616-a3d5-866875ad8a29:192.168.34.32:46159, f2627371-a904-4314-a836-5eb8f54559ec:192.168.34.32:33224, 1b813ef4-47a4-4bfc-8eb5-c34ae440adb1:192.168.34.32:36113], old=null
2019-10-21 19:13:05,168 [f2627371-a904-4314-a836-5eb8f54559ec@group-73E40DF2990B-LeaderElection186] INFO  impl.RaftServerImpl (RaftServerImpl.java:setRole(184)) - f2627371-a904-4314-a836-5eb8f54559ec@group-73E40DF2990B: changes role from CANDIDATE to FOLLOWER at term 204 for DISCOVERED_A_NEW_TERM
2019-10-21 19:13:05,168 [f2627371-a904-4314-a836-5eb8f54559ec@group-73E40DF2990B-LeaderElection186] INFO  impl.RoleInfo (RoleInfo.java:shutdownLeaderElection(134)) - f2627371-a904-4314-a836-5eb8f54559ec: shutdown LeaderElection
2019-10-21 19:13:05,168 [f2627371-a904-4314-a836-5eb8f54559ec@group-73E40DF2990B-LeaderElection186] INFO  impl.RoleInfo (RoleInfo.java:updateAndGet(143)) - f2627371-a904-4314-a836-5eb8f54559ec: start FollowerState
2019-10-21 19:13:05,337 [Thread-1471] INFO  impl.FollowerState (FollowerState.java:run(108)) - f2627371-a904-4314-a836-5eb8f54559ec@group-73E40DF2990B-FollowerState: change to CANDIDATE, lastRpcTime:168ms, electionTimeout:168ms
2019-10-21 19:13:05,337 [Thread-1471] INFO  impl.RoleInfo (RoleInfo.java:shutdownFollowerState(121)) - f2627371-a904-4314-a836-5eb8f54559ec: shutdown FollowerState
2019-10-21 19:13:05,337 [Thread-1471] INFO  impl.RaftServerImpl (RaftServerImpl.java:setRole(184)) - f2627371-a904-4314-a836-5eb8f54559ec@group-73E40DF2990B: changes role from  FOLLOWER to CANDIDATE at term 204 for changeToCandidate
2019-10-21 19:13:05,337 [Thread-1471] INFO  impl.RoleInfo (RoleInfo.java:updateAndGet(143)) - f2627371-a904-4314-a836-5eb8f54559ec: start LeaderElection
2019-10-21 19:13:05,355 [f2627371-a904-4314-a836-5eb8f54559ec@group-73E40DF2990B-LeaderElection187] INFO  impl.LeaderElection (LeaderElection.java:askForVotes(178)) - f2627371-a904-4314-a836-5eb8f54559ec@group-73E40DF2990B-LeaderElection187: begin an election at term 205 for -1: [e6a83585-83d0-4616-a3d5-866875ad8a29:192.168.34.32:46159, f2627371-a904-4314-a836-5eb8f54559ec:192.168.34.32:33224, 1b813ef4-47a4-4bfc-8eb5-c34ae440adb1:192.168.34.32:36113], old=null
2019-10-21 19:13:05,358 [grpc-default-executor-0] INFO  impl.RaftServerImpl (RaftServerImpl.java:setRole(184)) - e6a83585-83d0-4616-a3d5-866875ad8a29@group-73E40DF2990B: changes role from  FOLLOWER to FOLLOWER at term 205 for recognizeCandidate:f2627371-a904-4314-a836-5eb8f54559ec
2019-10-21 19:13:05,359 [grpc-default-executor-0] INFO  impl.RoleInfo (RoleInfo.java:shutdownFollowerState(121)) - e6a83585-83d0-4616-a3d5-866875ad8a29: shutdown FollowerState
2019-10-21 19:13:05,359 [grpc-default-executor-5] INFO  impl.RaftServerImpl (RaftServerImpl.java:setRole(184)) - 1b813ef4-47a4-4bfc-8eb5-c34ae440adb1@group-73E40DF2990B: changes role from  FOLLOWER to FOLLOWER at term 205 for recognizeCandidate:f2627371-a904-4314-a836-5eb8f54559ec
2019-10-21 19:13:05,359 [grpc-default-executor-0] INFO  impl.RoleInfo (RoleInfo.java:updateAndGet(143)) - e6a83585-83d0-4616-a3d5-866875ad8a29: start FollowerState
2019-10-21 19:13:05,359 [Thread-1469] INFO  impl.FollowerState (FollowerState.java:run(117)) - e6a83585-83d0-4616-a3d5-866875ad8a29@group-73E40DF2990B-FollowerState was interrupted: java.lang.InterruptedException: sleep interrupted
2019-10-21 19:13:05,359 [grpc-default-executor-5] INFO  impl.RoleInfo (RoleInfo.java:shutdownFollowerState(121)) - 1b813ef4-47a4-4bfc-8eb5-c34ae440adb1: shutdown FollowerState
2019-10-21 19:13:05,369 [grpc-default-executor-5] INFO  impl.RoleInfo (RoleInfo.java:updateAndGet(143)) - 1b813ef4-47a4-4bfc-8eb5-c34ae440adb1: start FollowerState
2019-10-21 19:13:05,369 [Thread-1470] INFO  impl.FollowerState (FollowerState.java:run(117)) - 1b813ef4-47a4-4bfc-8eb5-c34ae440adb1@group-73E40DF2990B-FollowerState was interrupted: java.lang.InterruptedException: sleep interrupted
2019-10-21 19:13:05,384 [f2627371-a904-4314-a836-5eb8f54559ec@group-73E40DF2990B-LeaderElection187] INFO  impl.LeaderElection (LeaderElection.java:logAndReturn(56)) - f2627371-a904-4314-a836-5eb8f54559ec@group-73E40DF2990B-LeaderElection187: Election REJECTED; received 2 response(s) [f2627371-a904-4314-a836-5eb8f54559ec<-e6a83585-83d0-4616-a3d5-866875ad8a29#0:FAIL-t205, f2627371-a904-4314-a836-5eb8f54559ec<-1b813ef4-47a4-4bfc-8eb5-c34ae440adb1#0:FAIL-t205] and 0 exception(s); f2627371-a904-4314-a836-5eb8f54559ec@group-73E40DF2990B:t205, leader=null, voted=f2627371-a904-4314-a836-5eb8f54559ec, raftlog=f2627371-a904-4314-a836-5eb8f54559ec@group-73E40DF2990B-SegmentedRaftLog:OPENED:c-1,f-1,i0, conf=-1: [e6a83585-83d0-4616-a3d5-866875ad8a29:192.168.34.32:46159, f2627371-a904-4314-a836-5eb8f54559ec:192.168.34.32:33224, 1b813ef4-47a4-4bfc-8eb5-c34ae440adb1:192.168.34.32:36113], old=null
2019-10-21 19:13:05,385 [f2627371-a904-4314-a836-5eb8f54559ec@group-73E40DF2990B-LeaderElection187] INFO  impl.RaftServerImpl (RaftServerImpl.java:setRole(184)) - f2627371-a904-4314-a836-5eb8f54559ec@group-73E40DF2990B: changes role from CANDIDATE to FOLLOWER at term 205 for DISCOVERED_A_NEW_TERM
2019-10-21 19:13:05,385 [f2627371-a904-4314-a836-5eb8f54559ec@group-73E40DF2990B-LeaderElection187] INFO  impl.RoleInfo (RoleInfo.java:shutdownLeaderElection(134)) - f2627371-a904-4314-a836-5eb8f54559ec: shutdown LeaderElection
2019-10-21 19:13:05,385 [f2627371-a904-4314-a836-5eb8f54559ec@group-73E40DF2990B-LeaderElection187] INFO  impl.RoleInfo (RoleInfo.java:updateAndGet(143)) - f2627371-a904-4314-a836-5eb8f54559ec: start FollowerState
2019-10-21 19:13:05,580 [Thread-1477] INFO  impl.FollowerState (FollowerState.java:run(108)) - f2627371-a904-4314-a836-5eb8f54559ec@group-73E40DF2990B-FollowerState: change to CANDIDATE, lastRpcTime:195ms, electionTimeout:195ms
2019-10-21 19:13:05,581 [Thread-1477] INFO  impl.RoleInfo (RoleInfo.java:shutdownFollowerState(121)) - f2627371-a904-4314-a836-5eb8f54559ec: shutdown FollowerState
2019-10-21 19:13:05,581 [Thread-1477] INFO  impl.RaftServerImpl (RaftServerImpl.java:setRole(184)) - f2627371-a904-4314-a836-5eb8f54559ec@group-73E40DF2990B: changes role from  FOLLOWER to CANDIDATE at term 205 for changeToCandidate
2019-10-21 19:13:05,581 [Thread-1477] INFO  impl.RoleInfo (RoleInfo.java:updateAndGet(143)) - f2627371-a904-4314-a836-5eb8f54559ec: start LeaderElection
2019-10-21 19:13:05,598 [f2627371-a904-4314-a836-5eb8f54559ec@group-73E40DF2990B-LeaderElection188] INFO  impl.LeaderElection (LeaderElection.java:askForVotes(178)) - f2627371-a904-4314-a836-5eb8f54559ec@group-73E40DF2990B-LeaderElection188: begin an election at term 206 for -1: [e6a83585-83d0-4616-a3d5-866875ad8a29:192.168.34.32:46159, f2627371-a904-4314-a836-5eb8f54559ec:192.168.34.32:33224, 1b813ef4-47a4-4bfc-8eb5-c34ae440adb1:192.168.34.32:36113], old=null
2019-10-21 19:13:05,600 [grpc-default-executor-5] INFO  impl.RaftServerImpl (RaftServerImpl.java:setRole(184)) - e6a83585-83d0-4616-a3d5-866875ad8a29@group-73E40DF2990B: changes role from  FOLLOWER to FOLLOWER at term 206 for recognizeCandidate:f2627371-a904-4314-a836-5eb8f54559ec
2019-10-21 19:13:05,601 [grpc-default-executor-5] INFO  impl.RoleInfo (RoleInfo.java:shutdownFollowerState(121)) - e6a83585-83d0-4616-a3d5-866875ad8a29: shutdown FollowerState
2019-10-21 19:13:05,601 [grpc-default-executor-5] INFO  impl.RoleInfo (RoleInfo.java:updateAndGet(143)) - e6a83585-83d0-4616-a3d5-866875ad8a29: start FollowerState
2019-10-21 19:13:05,601 [Thread-1475] INFO  impl.FollowerState (FollowerState.java:run(117)) - e6a83585-83d0-4616-a3d5-866875ad8a29@group-73E40DF2990B-FollowerState was interrupted: java.lang.InterruptedException: sleep interrupted
2019-10-21 19:13:05,601 [grpc-default-executor-0] INFO  impl.RaftServerImpl (RaftServerImpl.java:setRole(184)) - 1b813ef4-47a4-4bfc-8eb5-c34ae440adb1@group-73E40DF2990B: changes role from  FOLLOWER to FOLLOWER at term 206 for recognizeCandidate:f2627371-a904-4314-a836-5eb8f54559ec
2019-10-21 19:13:05,601 [grpc-default-executor-0] INFO  impl.RoleInfo (RoleInfo.java:shutdownFollowerState(121)) - 1b813ef4-47a4-4bfc-8eb5-c34ae440adb1: shutdown FollowerState
2019-10-21 19:13:05,601 [grpc-default-executor-0] INFO  impl.RoleInfo (RoleInfo.java:updateAndGet(143)) - 1b813ef4-47a4-4bfc-8eb5-c34ae440adb1: start FollowerState
2019-10-21 19:13:05,602 [Thread-1476] INFO  impl.FollowerState (FollowerState.java:run(117)) - 1b813ef4-47a4-4bfc-8eb5-c34ae440adb1@group-73E40DF2990B-FollowerState was interrupted: java.lang.InterruptedException: sleep interrupted
2019-10-21 19:13:05,617 [f2627371-a904-4314-a836-5eb8f54559ec@group-73E40DF2990B-LeaderElection188] INFO  impl.LeaderElection (LeaderElection.java:logAndReturn(56)) - f2627371-a904-4314-a836-5eb8f54559ec@group-73E40DF2990B-LeaderElection188: Election REJECTED; received 2 response(s) [f2627371-a904-4314-a836-5eb8f54559ec<-e6a83585-83d0-4616-a3d5-866875ad8a29#0:FAIL-t206, f2627371-a904-4314-a836-5eb8f54559ec<-1b813ef4-47a4-4bfc-8eb5-c34ae440adb1#0:FAIL-t206] and 0 exception(s); f2627371-a904-4314-a836-5eb8f54559ec@group-73E40DF2990B:t206, leader=null, voted=f2627371-a904-4314-a836-5eb8f54559ec, raftlog=f2627371-a904-4314-a836-5eb8f54559ec@group-73E40DF2990B-SegmentedRaftLog:OPENED:c-1,f-1,i0, conf=-1: [e6a83585-83d0-4616-a3d5-866875ad8a29:192.168.34.32:46159, f2627371-a904-4314-a836-5eb8f54559ec:192.168.34.32:33224, 1b813ef4-47a4-4bfc-8eb5-c34ae440adb1:192.168.34.32:36113], old=null
2019-10-21 19:13:05,617 [f2627371-a904-4314-a836-5eb8f54559ec@group-73E40DF2990B-LeaderElection188] INFO  impl.RaftServerImpl (RaftServerImpl.java:setRole(184)) - f2627371-a904-4314-a836-5eb8f54559ec@group-73E40DF2990B: changes role from CANDIDATE to FOLLOWER at term 206 for DISCOVERED_A_NEW_TERM
2019-10-21 19:13:05,617 [f2627371-a904-4314-a836-5eb8f54559ec@group-73E40DF2990B-LeaderElection188] INFO  impl.RoleInfo (RoleInfo.java:shutdownLeaderElection(134)) - f2627371-a904-4314-a836-5eb8f54559ec: shutdown LeaderElection
2019-10-21 19:13:05,618 [f2627371-a904-4314-a836-5eb8f54559ec@group-73E40DF2990B-LeaderElection188] INFO  impl.RoleInfo (RoleInfo.java:updateAndGet(143)) - f2627371-a904-4314-a836-5eb8f54559ec: start FollowerState
2019-10-21 19:13:05,636 [Thread-1485] INFO  impl.FollowerState (FollowerState.java:run(108)) - f2627371-a904-4314-a836-5eb8f54559ec@group-73E40DF2990B-FollowerState: change to CANDIDATE, lastRpcTime:18ms, electionTimeout:18ms
2019-10-21 19:13:05,636 [Thread-1485] INFO  impl.RoleInfo (RoleInfo.java:shutdownFollowerState(121)) - f2627371-a904-4314-a836-5eb8f54559ec: shutdown FollowerState
2019-10-21 19:13:05,636 [Thread-1485] INFO  impl.RaftServerImpl (RaftServerImpl.java:setRole(184)) - f2627371-a904-4314-a836-5eb8f54559ec@group-73E40DF2990B: changes role from  FOLLOWER to CANDIDATE at term 206 for changeToCandidate
2019-10-21 19:13:05,636 [Thread-1485] INFO  impl.RoleInfo (RoleInfo.java:updateAndGet(143)) - f2627371-a904-4314-a836-5eb8f54559ec: start LeaderElection
2019-10-21 19:13:05,650 [f2627371-a904-4314-a836-5eb8f54559ec@group-73E40DF2990B-LeaderElection189] INFO  impl.LeaderElection (LeaderElection.java:askForVotes(178)) - f2627371-a904-4314-a836-5eb8f54559ec@group-73E40DF2990B-LeaderElection189: begin an election at term 207 for -1: [e6a83585-83d0-4616-a3d5-866875ad8a29:192.168.34.32:46159, f2627371-a904-4314-a836-5eb8f54559ec:192.168.34.32:33224, 1b813ef4-47a4-4bfc-8eb5-c34ae440adb1:192.168.34.32:36113], old=null
2019-10-21 19:13:05,653 [grpc-default-executor-5] INFO  impl.RaftServerImpl (RaftServerImpl.java:setRole(184)) - e6a83585-83d0-4616-a3d5-866875ad8a29@group-73E40DF2990B: changes role from  FOLLOWER to FOLLOWER at term 207 for recognizeCandidate:f2627371-a904-4314-a836-5eb8f54559ec
2019-10-21 19:13:05,653 [grpc-default-executor-0] INFO  impl.RaftServerImpl (RaftServerImpl.java:setRole(184)) - 1b813ef4-47a4-4bfc-8eb5-c34ae440adb1@group-73E40DF2990B: changes role from  FOLLOWER to FOLLOWER at term 207 for recognizeCandidate:f2627371-a904-4314-a836-5eb8f54559ec
2019-10-21 19:13:05,653 [grpc-default-executor-5] INFO  impl.RoleInfo (RoleInfo.java:shutdownFollowerState(121)) - e6a83585-83d0-4616-a3d5-866875ad8a29: shutdown FollowerState
2019-10-21 19:13:05,653 [grpc-default-executor-0] INFO  impl.RoleInfo (RoleInfo.java:shutdownFollowerState(121)) - 1b813ef4-47a4-4bfc-8eb5-c34ae440adb1: shutdown FollowerState
2019-10-21 19:13:05,653 [Thread-1483] INFO  impl.FollowerState (FollowerState.java:run(117)) - e6a83585-83d0-4616-a3d5-866875ad8a29@group-73E40DF2990B-FollowerState was interrupted: java.lang.InterruptedException: sleep interrupted
2019-10-21 19:13:05,653 [Thread-1484] INFO  impl.FollowerState (FollowerState.java:run(117)) - 1b813ef4-47a4-4bfc-8eb5-c34ae440adb1@group-73E40DF2990B-FollowerState was interrupted: java.lang.InterruptedException: sleep interrupted
2019-10-21 19:13:05,653 [grpc-default-executor-5] INFO  impl.RoleInfo (RoleInfo.java:updateAndGet(143)) - e6a83585-83d0-4616-a3d5-866875ad8a29: start FollowerState
2019-10-21 19:13:05,653 [grpc-default-executor-0] INFO  impl.RoleInfo (RoleInfo.java:updateAndGet(143)) - 1b813ef4-47a4-4bfc-8eb5-c34ae440adb1: start FollowerState
2019-10-21 19:13:05,660 [f2627371-a904-4314-a836-5eb8f54559ec@group-73E40DF2990B-LeaderElection189] INFO  impl.LeaderElection (LeaderElection.java:logAndReturn(56)) - f2627371-a904-4314-a836-5eb8f54559ec@group-73E40DF2990B-LeaderElection189: Election TIMEOUT; received 0 response(s) [] and 0 exception(s); f2627371-a904-4314-a836-5eb8f54559ec@group-73E40DF2990B:t207, leader=null, voted=f2627371-a904-4314-a836-5eb8f54559ec, raftlog=f2627371-a904-4314-a836-5eb8f54559ec@group-73E40DF2990B-SegmentedRaftLog:OPENED:c-1,f-1,i0, conf=-1: [e6a83585-83d0-4616-a3d5-866875ad8a29:192.168.34.32:46159, f2627371-a904-4314-a836-5eb8f54559ec:192.168.34.32:33224, 1b813ef4-47a4-4bfc-8eb5-c34ae440adb1:192.168.34.32:36113], old=null
2019-10-21 19:13:05,667 [f2627371-a904-4314-a836-5eb8f54559ec@group-73E40DF2990B-LeaderElection189] INFO  impl.LeaderElection (LeaderElection.java:askForVotes(178)) - f2627371-a904-4314-a836-5eb8f54559ec@group-73E40DF2990B-LeaderElection189: begin an election at term 208 for -1: [e6a83585-83d0-4616-a3d5-866875ad8a29:192.168.34.32:46159, f2627371-a904-4314-a836-5eb8f54559ec:192.168.34.32:33224, 1b813ef4-47a4-4bfc-8eb5-c34ae440adb1:192.168.34.32:36113], old=null
2019-10-21 19:13:05,669 [grpc-default-executor-0] INFO  impl.RaftServerImpl (RaftServerImpl.java:setRole(184)) - e6a83585-83d0-4616-a3d5-866875ad8a29@group-73E40DF2990B: changes role from  FOLLOWER to FOLLOWER at term 208 for recognizeCandidate:f2627371-a904-4314-a836-5eb8f54559ec
2019-10-21 19:13:05,669 [grpc-default-executor-0] INFO  impl.RoleInfo (RoleInfo.java:shutdownFollowerState(121)) - e6a83585-83d0-4616-a3d5-866875ad8a29: shutdown FollowerState
2019-10-21 19:13:05,669 [grpc-default-executor-0] INFO  impl.RoleInfo (RoleInfo.java:updateAndGet(143)) - e6a83585-83d0-4616-a3d5-866875ad8a29: start FollowerState
2019-10-21 19:13:05,669 [Thread-1489] INFO  impl.FollowerState (FollowerState.java:run(117)) - e6a83585-83d0-4616-a3d5-866875ad8a29@group-73E40DF2990B-FollowerState was interrupted: java.lang.InterruptedException: sleep interrupted
2019-10-21 19:13:05,669 [grpc-default-executor-5] INFO  impl.RaftServerImpl (RaftServerImpl.java:setRole(184)) - 1b813ef4-47a4-4bfc-8eb5-c34ae440adb1@group-73E40DF2990B: changes role from  FOLLOWER to FOLLOWER at term 208 for recognizeCandidate:f2627371-a904-4314-a836-5eb8f54559ec
2019-10-21 19:13:05,670 [grpc-default-executor-5] INFO  impl.RoleInfo (RoleInfo.java:shutdownFollowerState(121)) - 1b813ef4-47a4-4bfc-8eb5-c34ae440adb1: shutdown FollowerState
2019-10-21 19:13:05,670 [grpc-default-executor-5] INFO  impl.RoleInfo (RoleInfo.java:updateAndGet(143)) - 1b813ef4-47a4-4bfc-8eb5-c34ae440adb1: start FollowerState
2019-10-21 19:13:05,670 [Thread-1490] INFO  impl.FollowerState (FollowerState.java:run(117)) - 1b813ef4-47a4-4bfc-8eb5-c34ae440adb1@group-73E40DF2990B-FollowerState was interrupted: java.lang.InterruptedException: sleep interrupted
2019-10-21 19:13:05,684 [f2627371-a904-4314-a836-5eb8f54559ec@group-73E40DF2990B-LeaderElection189] INFO  impl.LeaderElection (LeaderElection.java:logAndReturn(56)) - f2627371-a904-4314-a836-5eb8f54559ec@group-73E40DF2990B-LeaderElection189: Election REJECTED; received 2 response(s) [f2627371-a904-4314-a836-5eb8f54559ec<-e6a83585-83d0-4616-a3d5-866875ad8a29#0:FAIL-t208, f2627371-a904-4314-a836-5eb8f54559ec<-1b813ef4-47a4-4bfc-8eb5-c34ae440adb1#0:FAIL-t208] and 0 exception(s); f2627371-a904-4314-a836-5eb8f54559ec@group-73E40DF2990B:t208, leader=null, voted=f2627371-a904-4314-a836-5eb8f54559ec, raftlog=f2627371-a904-4314-a836-5eb8f54559ec@group-73E40DF2990B-SegmentedRaftLog:OPENED:c-1,f-1,i0, conf=-1: [e6a83585-83d0-4616-a3d5-866875ad8a29:192.168.34.32:46159, f2627371-a904-4314-a836-5eb8f54559ec:192.168.34.32:33224, 1b813ef4-47a4-4bfc-8eb5-c34ae440adb1:192.168.34.32:36113], old=null
2019-10-21 19:13:05,684 [f2627371-a904-4314-a836-5eb8f54559ec@group-73E40DF2990B-LeaderElection189] INFO  impl.RaftServerImpl (RaftServerImpl.java:setRole(184)) - f2627371-a904-4314-a836-5eb8f54559ec@group-73E40DF2990B: changes role from CANDIDATE to FOLLOWER at term 208 for DISCOVERED_A_NEW_TERM
2019-10-21 19:13:05,684 [f2627371-a904-4314-a836-5eb8f54559ec@group-73E40DF2990B-LeaderElection189] INFO  impl.RoleInfo (RoleInfo.java:shutdownLeaderElection(134)) - f2627371-a904-4314-a836-5eb8f54559ec: shutdown LeaderElection
2019-10-21 19:13:05,684 [f2627371-a904-4314-a836-5eb8f54559ec@group-73E40DF2990B-LeaderElection189] INFO  impl.RoleInfo (RoleInfo.java:updateAndGet(143)) - f2627371-a904-4314-a836-5eb8f54559ec: start FollowerState
2019-10-21 19:13:05,770 [Thread-1495] INFO  impl.FollowerState (FollowerState.java:run(108)) - f2627371-a904-4314-a836-5eb8f54559ec@group-73E40DF2990B-FollowerState: change to CANDIDATE, lastRpcTime:85ms, electionTimeout:85ms
2019-10-21 19:13:05,770 [Thread-1495] INFO  impl.RoleInfo (RoleInfo.java:shutdownFollowerState(121)) - f2627371-a904-4314-a836-5eb8f54559ec: shutdown FollowerState
2019-10-21 19:13:05,770 [Thread-1495] INFO  impl.RaftServerImpl (RaftServerImpl.java:setRole(184)) - f2627371-a904-4314-a836-5eb8f54559ec@group-73E40DF2990B: changes role from  FOLLOWER to CANDIDATE at term 208 for changeToCandidate
2019-10-21 19:13:05,770 [Thread-1495] INFO  impl.RoleInfo (RoleInfo.java:updateAndGet(143)) - f2627371-a904-4314-a836-5eb8f54559ec: start LeaderElection
2019-10-21 19:13:05,785 [f2627371-a904-4314-a836-5eb8f54559ec@group-73E40DF2990B-LeaderElection190] INFO  impl.LeaderElection (LeaderElection.java:askForVotes(178)) - f2627371-a904-4314-a836-5eb8f54559ec@group-73E40DF2990B-LeaderElection190: begin an election at term 209 for -1: [e6a83585-83d0-4616-a3d5-866875ad8a29:192.168.34.32:46159, f2627371-a904-4314-a836-5eb8f54559ec:192.168.34.32:33224, 1b813ef4-47a4-4bfc-8eb5-c34ae440adb1:192.168.34.32:36113], old=null
2019-10-21 19:13:05,788 [grpc-default-executor-5] INFO  impl.RaftServerImpl (RaftServerImpl.java:setRole(184)) - 1b813ef4-47a4-4bfc-8eb5-c34ae440adb1@group-73E40DF2990B: changes role from  FOLLOWER to FOLLOWER at term 209 for recognizeCandidate:f2627371-a904-4314-a836-5eb8f54559ec
2019-10-21 19:13:05,788 [grpc-default-executor-5] INFO  impl.RoleInfo (RoleInfo.java:shutdownFollowerState(121)) - 1b813ef4-47a4-4bfc-8eb5-c34ae440adb1: shutdown FollowerState
2019-10-21 19:13:05,788 [grpc-default-executor-5] INFO  impl.RoleInfo (RoleInfo.java:updateAndGet(143)) - 1b813ef4-47a4-4bfc-8eb5-c34ae440adb1: start FollowerState
2019-10-21 19:13:05,788 [Thread-1494] INFO  impl.FollowerState (FollowerState.java:run(117)) - 1b813ef4-47a4-4bfc-8eb5-c34ae440adb1@group-73E40DF2990B-FollowerState was interrupted: java.lang.InterruptedException: sleep interrupted
2019-10-21 19:13:05,788 [grpc-default-executor-0] INFO  impl.RaftServerImpl (RaftServerImpl.java:setRole(184)) - e6a83585-83d0-4616-a3d5-866875ad8a29@group-73E40DF2990B: changes role from  FOLLOWER to FOLLOWER at term 209 for recognizeCandidate:f2627371-a904-4314-a836-5eb8f54559ec
2019-10-21 19:13:05,789 [grpc-default-executor-0] INFO  impl.RoleInfo (RoleInfo.java:shutdownFollowerState(121)) - e6a83585-83d0-4616-a3d5-866875ad8a29: shutdown FollowerState
2019-10-21 19:13:05,789 [grpc-default-executor-0] INFO  impl.RoleInfo (RoleInfo.java:updateAndGet(143)) - e6a83585-83d0-4616-a3d5-866875ad8a29: start FollowerState
2019-10-21 19:13:05,789 [Thread-1493] INFO  impl.FollowerState (FollowerState.java:run(117)) - e6a83585-83d0-4616-a3d5-866875ad8a29@group-73E40DF2990B-FollowerState was interrupted: java.lang.InterruptedException: sleep interrupted
2019-10-21 19:13:05,803 [f2627371-a904-4314-a836-5eb8f54559ec@group-73E40DF2990B-LeaderElection190] INFO  impl.LeaderElection (LeaderElection.java:logAndReturn(56)) - f2627371-a904-4314-a836-5eb8f54559ec@group-73E40DF2990B-LeaderElection190: Election REJECTED; received 2 response(s) [f2627371-a904-4314-a836-5eb8f54559ec<-e6a83585-83d0-4616-a3d5-866875ad8a29#0:FAIL-t209, f2627371-a904-4314-a836-5eb8f54559ec<-1b813ef4-47a4-4bfc-8eb5-c34ae440adb1#0:FAIL-t209] and 0 exception(s); f2627371-a904-4314-a836-5eb8f54559ec@group-73E40DF2990B:t209, leader=null, voted=f2627371-a904-4314-a836-5eb8f54559ec, raftlog=f2627371-a904-4314-a836-5eb8f54559ec@group-73E40DF2990B-SegmentedRaftLog:OPENED:c-1,f-1,i0, conf=-1: [e6a83585-83d0-4616-a3d5-866875ad8a29:192.168.34.32:46159, f2627371-a904-4314-a836-5eb8f54559ec:192.168.34.32:33224, 1b813ef4-47a4-4bfc-8eb5-c34ae440adb1:192.168.34.32:36113], old=null
2019-10-21 19:13:05,803 [f2627371-a904-4314-a836-5eb8f54559ec@group-73E40DF2990B-LeaderElection190] INFO  impl.RaftServerImpl (RaftServerImpl.java:setRole(184)) - f2627371-a904-4314-a836-5eb8f54559ec@group-73E40DF2990B: changes role from CANDIDATE to FOLLOWER at term 209 for DISCOVERED_A_NEW_TERM
2019-10-21 19:13:05,803 [f2627371-a904-4314-a836-5eb8f54559ec@group-73E40DF2990B-LeaderElection190] INFO  impl.RoleInfo (RoleInfo.java:shutdownLeaderElection(134)) - f2627371-a904-4314-a836-5eb8f54559ec: shutdown LeaderElection
2019-10-21 19:13:05,804 [f2627371-a904-4314-a836-5eb8f54559ec@group-73E40DF2990B-LeaderElection190] INFO  impl.RoleInfo (RoleInfo.java:updateAndGet(143)) - f2627371-a904-4314-a836-5eb8f54559ec: start FollowerState
2019-10-21 19:13:05,860 [Thread-1501] INFO  impl.FollowerState (FollowerState.java:run(108)) - f2627371-a904-4314-a836-5eb8f54559ec@group-73E40DF2990B-FollowerState: change to CANDIDATE, lastRpcTime:56ms, electionTimeout:56ms
2019-10-21 19:13:05,860 [Thread-1501] INFO  impl.RoleInfo (RoleInfo.java:shutdownFollowerState(121)) - f2627371-a904-4314-a836-5eb8f54559ec: shutdown FollowerState
2019-10-21 19:13:05,861 [Thread-1501] INFO  impl.RaftServerImpl (RaftServerImpl.java:setRole(184)) - f2627371-a904-4314-a836-5eb8f54559ec@group-73E40DF2990B: changes role from  FOLLOWER to CANDIDATE at term 209 for changeToCandidate
2019-10-21 19:13:05,861 [Thread-1501] INFO  impl.RoleInfo (RoleInfo.java:updateAndGet(143)) - f2627371-a904-4314-a836-5eb8f54559ec: start LeaderElection
2019-10-21 19:13:05,865 [f2627371-a904-4314-a836-5eb8f54559ec@group-73E40DF2990B-LeaderElection191] INFO  impl.LeaderElection (LeaderElection.java:askForVotes(178)) - f2627371-a904-4314-a836-5eb8f54559ec@group-73E40DF2990B-LeaderElection191: begin an election at term 210 for -1: [e6a83585-83d0-4616-a3d5-866875ad8a29:192.168.34.32:46159, f2627371-a904-4314-a836-5eb8f54559ec:192.168.34.32:33224, 1b813ef4-47a4-4bfc-8eb5-c34ae440adb1:192.168.34.32:36113], old=null
2019-10-21 19:13:05,868 [grpc-default-executor-5] INFO  impl.RaftServerImpl (RaftServerImpl.java:setRole(184)) - e6a83585-83d0-4616-a3d5-866875ad8a29@group-73E40DF2990B: changes role from  FOLLOWER to FOLLOWER at term 210 for recognizeCandidate:f2627371-a904-4314-a836-5eb8f54559ec
2019-10-21 19:13:05,868 [grpc-default-executor-0] INFO  impl.RaftServerImpl (RaftServerImpl.java:setRole(184)) - 1b813ef4-47a4-4bfc-8eb5-c34ae440adb1@group-73E40DF2990B: changes role from  FOLLOWER to FOLLOWER at term 210 for recognizeCandidate:f2627371-a904-4314-a836-5eb8f54559ec
2019-10-21 19:13:05,868 [grpc-default-executor-5] INFO  impl.RoleInfo (RoleInfo.java:shutdownFollowerState(121)) - e6a83585-83d0-4616-a3d5-866875ad8a29: shutdown FollowerState
2019-10-21 19:13:05,869 [grpc-default-executor-0] INFO  impl.RoleInfo (RoleInfo.java:shutdownFollowerState(121)) - 1b813ef4-47a4-4bfc-8eb5-c34ae440adb1: shutdown FollowerState
2019-10-21 19:13:05,869 [Thread-1500] INFO  impl.FollowerState (FollowerState.java:run(117)) - e6a83585-83d0-4616-a3d5-866875ad8a29@group-73E40DF2990B-FollowerState was interrupted: java.lang.InterruptedException: sleep interrupted
2019-10-21 19:13:05,869 [grpc-default-executor-5] INFO  impl.RoleInfo (RoleInfo.java:updateAndGet(143)) - e6a83585-83d0-4616-a3d5-866875ad8a29: start FollowerState
2019-10-21 19:13:05,869 [Thread-1499] INFO  impl.FollowerState (FollowerState.java:run(117)) - 1b813ef4-47a4-4bfc-8eb5-c34ae440adb1@group-73E40DF2990B-FollowerState was interrupted: java.lang.InterruptedException: sleep interrupted
2019-10-21 19:13:05,869 [grpc-default-executor-0] INFO  impl.RoleInfo (RoleInfo.java:updateAndGet(143)) - 1b813ef4-47a4-4bfc-8eb5-c34ae440adb1: start FollowerState
2019-10-21 19:13:05,885 [f2627371-a904-4314-a836-5eb8f54559ec@group-73E40DF2990B-LeaderElection191] INFO  impl.LeaderElection (LeaderElection.java:logAndReturn(56)) - f2627371-a904-4314-a836-5eb8f54559ec@group-73E40DF2990B-LeaderElection191: Election REJECTED; received 2 response(s) [f2627371-a904-4314-a836-5eb8f54559ec<-e6a83585-83d0-4616-a3d5-866875ad8a29#0:FAIL-t210, f2627371-a904-4314-a836-5eb8f54559ec<-1b813ef4-47a4-4bfc-8eb5-c34ae440adb1#0:FAIL-t210] and 0 exception(s); f2627371-a904-4314-a836-5eb8f54559ec@group-73E40DF2990B:t210, leader=null, voted=f2627371-a904-4314-a836-5eb8f54559ec, raftlog=f2627371-a904-4314-a836-5eb8f54559ec@group-73E40DF2990B-SegmentedRaftLog:OPENED:c-1,f-1,i0, conf=-1: [e6a83585-83d0-4616-a3d5-866875ad8a29:192.168.34.32:46159, f2627371-a904-4314-a836-5eb8f54559ec:192.168.34.32:33224, 1b813ef4-47a4-4bfc-8eb5-c34ae440adb1:192.168.34.32:36113], old=null
2019-10-21 19:13:05,885 [f2627371-a904-4314-a836-5eb8f54559ec@group-73E40DF2990B-LeaderElection191] INFO  impl.RaftServerImpl (RaftServerImpl.java:setRole(184)) - f2627371-a904-4314-a836-5eb8f54559ec@group-73E40DF2990B: changes role from CANDIDATE to FOLLOWER at term 210 for DISCOVERED_A_NEW_TERM
2019-10-21 19:13:05,885 [f2627371-a904-4314-a836-5eb8f54559ec@group-73E40DF2990B-LeaderElection191] INFO  impl.RoleInfo (RoleInfo.java:shutdownLeaderElection(134)) - f2627371-a904-4314-a836-5eb8f54559ec: shutdown LeaderElection
2019-10-21 19:13:05,885 [f2627371-a904-4314-a836-5eb8f54559ec@group-73E40DF2990B-LeaderElection191] INFO  impl.RoleInfo (RoleInfo.java:updateAndGet(143)) - f2627371-a904-4314-a836-5eb8f54559ec: start FollowerState
2019-10-21 19:13:06,019 [Thread-1507] INFO  impl.FollowerState (FollowerState.java:run(108)) - f2627371-a904-4314-a836-5eb8f54559ec@group-73E40DF2990B-FollowerState: change to CANDIDATE, lastRpcTime:134ms, electionTimeout:134ms
2019-10-21 19:13:06,020 [Thread-1507] INFO  impl.RoleInfo (RoleInfo.java:shutdownFollowerState(121)) - f2627371-a904-4314-a836-5eb8f54559ec: shutdown FollowerState
2019-10-21 19:13:06,020 [Thread-1507] INFO  impl.RaftServerImpl (RaftServerImpl.java:setRole(184)) - f2627371-a904-4314-a836-5eb8f54559ec@group-73E40DF2990B: changes role from  FOLLOWER to CANDIDATE at term 210 for changeToCandidate
2019-10-21 19:13:06,020 [Thread-1507] INFO  impl.RoleInfo (RoleInfo.java:updateAndGet(143)) - f2627371-a904-4314-a836-5eb8f54559ec: start LeaderElection
2019-10-21 19:13:06,036 [f2627371-a904-4314-a836-5eb8f54559ec@group-73E40DF2990B-LeaderElection192] INFO  impl.LeaderElection (LeaderElection.java:askForVotes(178)) - f2627371-a904-4314-a836-5eb8f54559ec@group-73E40DF2990B-LeaderElection192: begin an election at term 211 for -1: [e6a83585-83d0-4616-a3d5-866875ad8a29:192.168.34.32:46159, f2627371-a904-4314-a836-5eb8f54559ec:192.168.34.32:33224, 1b813ef4-47a4-4bfc-8eb5-c34ae440adb1:192.168.34.32:36113], old=null
2019-10-21 19:13:06,037 [f2627371-a904-4314-a836-5eb8f54559ec@group-73E40DF2990B-LeaderElection192] INFO  impl.LeaderElection (LeaderElection.java:logAndReturn(56)) - f2627371-a904-4314-a836-5eb8f54559ec@group-73E40DF2990B-LeaderElection192: Election TIMEOUT; received 0 response(s) [] and 0 exception(s); f2627371-a904-4314-a836-5eb8f54559ec@group-73E40DF2990B:t211, leader=null, voted=f2627371-a904-4314-a836-5eb8f54559ec, raftlog=f2627371-a904-4314-a836-5eb8f54559ec@group-73E40DF2990B-SegmentedRaftLog:OPENED:c-1,f-1,i0, conf=-1: [e6a83585-83d0-4616-a3d5-866875ad8a29:192.168.34.32:46159, f2627371-a904-4314-a836-5eb8f54559ec:192.168.34.32:33224, 1b813ef4-47a4-4bfc-8eb5-c34ae440adb1:192.168.34.32:36113], old=null
2019-10-21 19:13:06,040 [grpc-default-executor-0] INFO  impl.RaftServerImpl (RaftServerImpl.java:setRole(184)) - e6a83585-83d0-4616-a3d5-866875ad8a29@group-73E40DF2990B: changes role from  FOLLOWER to FOLLOWER at term 211 for recognizeCandidate:f2627371-a904-4314-a836-5eb8f54559ec
2019-10-21 19:13:06,040 [grpc-default-executor-0] INFO  impl.RoleInfo (RoleInfo.java:shutdownFollowerState(121)) - e6a83585-83d0-4616-a3d5-866875ad8a29: shutdown FollowerState
2019-10-21 19:13:06,040 [grpc-default-executor-5] INFO  impl.RaftServerImpl (RaftServerImpl.java:setRole(184)) - 1b813ef4-47a4-4bfc-8eb5-c34ae440adb1@group-73E40DF2990B: changes role from  FOLLOWER to FOLLOWER at term 211 for recognizeCandidate:f2627371-a904-4314-a836-5eb8f54559ec
2019-10-21 19:13:06,040 [Thread-1505] INFO  impl.FollowerState (FollowerState.java:run(117)) - e6a83585-83d0-4616-a3d5-866875ad8a29@group-73E40DF2990B-FollowerState was interrupted: java.lang.InterruptedException: sleep interrupted
2019-10-21 19:13:06,040 [grpc-default-executor-0] INFO  impl.RoleInfo (RoleInfo.java:updateAndGet(143)) - e6a83585-83d0-4616-a3d5-866875ad8a29: start FollowerState
2019-10-21 19:13:06,040 [grpc-default-executor-5] INFO  impl.RoleInfo (RoleInfo.java:shutdownFollowerState(121)) - 1b813ef4-47a4-4bfc-8eb5-c34ae440adb1: shutdown FollowerState
2019-10-21 19:13:06,041 [grpc-default-executor-5] INFO  impl.RoleInfo (RoleInfo.java:updateAndGet(143)) - 1b813ef4-47a4-4bfc-8eb5-c34ae440adb1: start FollowerState
2019-10-21 19:13:06,041 [Thread-1506] INFO  impl.FollowerState (FollowerState.java:run(117)) - 1b813ef4-47a4-4bfc-8eb5-c34ae440adb1@group-73E40DF2990B-FollowerState was interrupted: java.lang.InterruptedException: sleep interrupted
2019-10-21 19:13:06,051 [f2627371-a904-4314-a836-5eb8f54559ec@group-73E40DF2990B-LeaderElection192] INFO  impl.LeaderElection (LeaderElection.java:askForVotes(178)) - f2627371-a904-4314-a836-5eb8f54559ec@group-73E40DF2990B-LeaderElection192: begin an election at term 212 for -1: [e6a83585-83d0-4616-a3d5-866875ad8a29:192.168.34.32:46159, f2627371-a904-4314-a836-5eb8f54559ec:192.168.34.32:33224, 1b813ef4-47a4-4bfc-8eb5-c34ae440adb1:192.168.34.32:36113], old=null
2019-10-21 19:13:06,053 [grpc-default-executor-0] INFO  impl.RaftServerImpl (RaftServerImpl.java:setRole(184)) - e6a83585-83d0-4616-a3d5-866875ad8a29@group-73E40DF2990B: changes role from  FOLLOWER to FOLLOWER at term 212 for recognizeCandidate:f2627371-a904-4314-a836-5eb8f54559ec
2019-10-21 19:13:06,053 [grpc-default-executor-0] INFO  impl.RoleInfo (RoleInfo.java:shutdownFollowerState(121)) - e6a83585-83d0-4616-a3d5-866875ad8a29: shutdown FollowerState
2019-10-21 19:13:06,053 [grpc-default-executor-0] INFO  impl.RoleInfo (RoleInfo.java:updateAndGet(143)) - e6a83585-83d0-4616-a3d5-866875ad8a29: start FollowerState
2019-10-21 19:13:06,054 [Thread-1511] INFO  impl.FollowerState (FollowerState.java:run(117)) - e6a83585-83d0-4616-a3d5-866875ad8a29@group-73E40DF2990B-FollowerState was interrupted: java.lang.InterruptedException: sleep interrupted
2019-10-21 19:13:06,054 [grpc-default-executor-5] INFO  impl.RaftServerImpl (RaftServerImpl.java:setRole(184)) - 1b813ef4-47a4-4bfc-8eb5-c34ae440adb1@group-73E40DF2990B: changes role from  FOLLOWER to FOLLOWER at term 212 for recognizeCandidate:f2627371-a904-4314-a836-5eb8f54559ec
2019-10-21 19:13:06,054 [grpc-default-executor-5] INFO  impl.RoleInfo (RoleInfo.java:shutdownFollowerState(121)) - 1b813ef4-47a4-4bfc-8eb5-c34ae440adb1: shutdown FollowerState
2019-10-21 19:13:06,054 [grpc-default-executor-5] INFO  impl.RoleInfo (RoleInfo.java:updateAndGet(143)) - 1b813ef4-47a4-4bfc-8eb5-c34ae440adb1: start FollowerState
2019-10-21 19:13:06,054 [Thread-1512] INFO  impl.FollowerState (FollowerState.java:run(117)) - 1b813ef4-47a4-4bfc-8eb5-c34ae440adb1@group-73E40DF2990B-FollowerState was interrupted: java.lang.InterruptedException: sleep interrupted
2019-10-21 19:13:06,077 [f2627371-a904-4314-a836-5eb8f54559ec@group-73E40DF2990B-LeaderElection192] INFO  impl.LeaderElection (LeaderElection.java:logAndReturn(56)) - f2627371-a904-4314-a836-5eb8f54559ec@group-73E40DF2990B-LeaderElection192: Election REJECTED; received 2 response(s) [f2627371-a904-4314-a836-5eb8f54559ec<-e6a83585-83d0-4616-a3d5-866875ad8a29#0:FAIL-t212, f2627371-a904-4314-a836-5eb8f54559ec<-1b813ef4-47a4-4bfc-8eb5-c34ae440adb1#0:FAIL-t212] and 0 exception(s); f2627371-a904-4314-a836-5eb8f54559ec@group-73E40DF2990B:t212, leader=null, voted=f2627371-a904-4314-a836-5eb8f54559ec, raftlog=f2627371-a904-4314-a836-5eb8f54559ec@group-73E40DF2990B-SegmentedRaftLog:OPENED:c-1,f-1,i0, conf=-1: [e6a83585-83d0-4616-a3d5-866875ad8a29:192.168.34.32:46159, f2627371-a904-4314-a836-5eb8f54559ec:192.168.34.32:33224, 1b813ef4-47a4-4bfc-8eb5-c34ae440adb1:192.168.34.32:36113], old=null
2019-10-21 19:13:06,078 [f2627371-a904-4314-a836-5eb8f54559ec@group-73E40DF2990B-LeaderElection192] INFO  impl.RaftServerImpl (RaftServerImpl.java:setRole(184)) - f2627371-a904-4314-a836-5eb8f54559ec@group-73E40DF2990B: changes role from CANDIDATE to FOLLOWER at term 212 for DISCOVERED_A_NEW_TERM
2019-10-21 19:13:06,078 [f2627371-a904-4314-a836-5eb8f54559ec@group-73E40DF2990B-LeaderElection192] INFO  impl.RoleInfo (RoleInfo.java:shutdownLeaderElection(134)) - f2627371-a904-4314-a836-5eb8f54559ec: shutdown LeaderElection
2019-10-21 19:13:06,078 [f2627371-a904-4314-a836-5eb8f54559ec@group-73E40DF2990B-LeaderElection192] INFO  impl.RoleInfo (RoleInfo.java:updateAndGet(143)) - f2627371-a904-4314-a836-5eb8f54559ec: start FollowerState
2019-10-21 19:13:06,152 [Thread-1517] INFO  impl.FollowerState (FollowerState.java:run(108)) - f2627371-a904-4314-a836-5eb8f54559ec@group-73E40DF2990B-FollowerState: change to CANDIDATE, lastRpcTime:74ms, electionTimeout:74ms
2019-10-21 19:13:06,153 [Thread-1517] INFO  impl.RoleInfo (RoleInfo.java:shutdownFollowerState(121)) - f2627371-a904-4314-a836-5eb8f54559ec: shutdown FollowerState
2019-10-21 19:13:06,153 [Thread-1517] INFO  impl.RaftServerImpl (RaftServerImpl.java:setRole(184)) - f2627371-a904-4314-a836-5eb8f54559ec@group-73E40DF2990B: changes role from  FOLLOWER to CANDIDATE at term 212 for changeToCandidate
2019-10-21 19:13:06,153 [Thread-1517] INFO  impl.RoleInfo (RoleInfo.java:updateAndGet(143)) - f2627371-a904-4314-a836-5eb8f54559ec: start LeaderElection
2019-10-21 19:13:06,167 [f2627371-a904-4314-a836-5eb8f54559ec@group-73E40DF2990B-LeaderElection193] INFO  impl.LeaderElection (LeaderElection.java:askForVotes(178)) - f2627371-a904-4314-a836-5eb8f54559ec@group-73E40DF2990B-LeaderElection193: begin an election at term 213 for -1: [e6a83585-83d0-4616-a3d5-866875ad8a29:192.168.34.32:46159, f2627371-a904-4314-a836-5eb8f54559ec:192.168.34.32:33224, 1b813ef4-47a4-4bfc-8eb5-c34ae440adb1:192.168.34.32:36113], old=null
2019-10-21 19:13:06,170 [grpc-default-executor-5] INFO  impl.RaftServerImpl (RaftServerImpl.java:setRole(184)) - e6a83585-83d0-4616-a3d5-866875ad8a29@group-73E40DF2990B: changes role from  FOLLOWER to FOLLOWER at term 213 for recognizeCandidate:f2627371-a904-4314-a836-5eb8f54559ec
2019-10-21 19:13:06,170 [grpc-default-executor-5] INFO  impl.RoleInfo (RoleInfo.java:shutdownFollowerState(121)) - e6a83585-83d0-4616-a3d5-866875ad8a29: shutdown FollowerState
2019-10-21 19:13:06,170 [grpc-default-executor-0] INFO  impl.RaftServerImpl (RaftServerImpl.java:setRole(184)) - 1b813ef4-47a4-4bfc-8eb5-c34ae440adb1@group-73E40DF2990B: changes role from  FOLLOWER to FOLLOWER at term 213 for recognizeCandidate:f2627371-a904-4314-a836-5eb8f54559ec
2019-10-21 19:13:06,171 [grpc-default-executor-0] INFO  impl.RoleInfo (RoleInfo.java:shutdownFollowerState(121)) - 1b813ef4-47a4-4bfc-8eb5-c34ae440adb1: shutdown FollowerState
2019-10-21 19:13:06,171 [Thread-1515] INFO  impl.FollowerState (FollowerState.java:run(117)) - e6a83585-83d0-4616-a3d5-866875ad8a29@group-73E40DF2990B-FollowerState was interrupted: java.lang.InterruptedException: sleep interrupted
2019-10-21 19:13:06,170 [grpc-default-executor-5] INFO  impl.RoleInfo (RoleInfo.java:updateAndGet(143)) - e6a83585-83d0-4616-a3d5-866875ad8a29: start FollowerState
2019-10-21 19:13:06,171 [Thread-1516] INFO  impl.FollowerState (FollowerState.java:run(117)) - 1b813ef4-47a4-4bfc-8eb5-c34ae440adb1@group-73E40DF2990B-FollowerState was interrupted: java.lang.InterruptedException: sleep interrupted
2019-10-21 19:13:06,171 [grpc-default-executor-0] INFO  impl.RoleInfo (RoleInfo.java:updateAndGet(143)) - 1b813ef4-47a4-4bfc-8eb5-c34ae440adb1: start FollowerState
2019-10-21 19:13:06,174 [f2627371-a904-4314-a836-5eb8f54559ec@group-73E40DF2990B-LeaderElection193] INFO  impl.LeaderElection (LeaderElection.java:logAndReturn(56)) - f2627371-a904-4314-a836-5eb8f54559ec@group-73E40DF2990B-LeaderElection193: Election TIMEOUT; received 0 response(s) [] and 0 exception(s); f2627371-a904-4314-a836-5eb8f54559ec@group-73E40DF2990B:t213, leader=null, voted=f2627371-a904-4314-a836-5eb8f54559ec, raftlog=f2627371-a904-4314-a836-5eb8f54559ec@group-73E40DF2990B-SegmentedRaftLog:OPENED:c-1,f-1,i0, conf=-1: [e6a83585-83d0-4616-a3d5-866875ad8a29:192.168.34.32:46159, f2627371-a904-4314-a836-5eb8f54559ec:192.168.34.32:33224, 1b813ef4-47a4-4bfc-8eb5-c34ae440adb1:192.168.34.32:36113], old=null
2019-10-21 19:13:06,185 [f2627371-a904-4314-a836-5eb8f54559ec@group-73E40DF2990B-LeaderElection193] INFO  impl.LeaderElection (LeaderElection.java:askForVotes(178)) - f2627371-a904-4314-a836-5eb8f54559ec@group-73E40DF2990B-LeaderElection193: begin an election at term 214 for -1: [e6a83585-83d0-4616-a3d5-866875ad8a29:192.168.34.32:46159, f2627371-a904-4314-a836-5eb8f54559ec:192.168.34.32:33224, 1b813ef4-47a4-4bfc-8eb5-c34ae440adb1:192.168.34.32:36113], old=null
2019-10-21 19:13:06,187 [grpc-default-executor-0] INFO  impl.RaftServerImpl (RaftServerImpl.java:setRole(184)) - e6a83585-83d0-4616-a3d5-866875ad8a29@group-73E40DF2990B: changes role from  FOLLOWER to FOLLOWER at term 214 for recognizeCandidate:f2627371-a904-4314-a836-5eb8f54559ec
2019-10-21 19:13:06,187 [grpc-default-executor-0] INFO  impl.RoleInfo (RoleInfo.java:shutdownFollowerState(121)) - e6a83585-83d0-4616-a3d5-866875ad8a29: shutdown FollowerState
2019-10-21 19:13:06,187 [grpc-default-executor-0] INFO  impl.RoleInfo (RoleInfo.java:updateAndGet(143)) - e6a83585-83d0-4616-a3d5-866875ad8a29: start FollowerState
2019-10-21 19:13:06,187 [Thread-1521] INFO  impl.FollowerState (FollowerState.java:run(117)) - e6a83585-83d0-4616-a3d5-866875ad8a29@group-73E40DF2990B-FollowerState was interrupted: java.lang.InterruptedException: sleep interrupted
2019-10-21 19:13:06,188 [grpc-default-executor-5] INFO  impl.RaftServerImpl (RaftServerImpl.java:setRole(184)) - 1b813ef4-47a4-4bfc-8eb5-c34ae440adb1@group-73E40DF2990B: changes role from  FOLLOWER to FOLLOWER at term 214 for recognizeCandidate:f2627371-a904-4314-a836-5eb8f54559ec
2019-10-21 19:13:06,188 [grpc-default-executor-5] INFO  impl.RoleInfo (RoleInfo.java:shutdownFollowerState(121)) - 1b813ef4-47a4-4bfc-8eb5-c34ae440adb1: shutdown FollowerState
2019-10-21 19:13:06,188 [grpc-default-executor-5] INFO  impl.RoleInfo (RoleInfo.java:updateAndGet(143)) - 1b813ef4-47a4-4bfc-8eb5-c34ae440adb1: start FollowerState
2019-10-21 19:13:06,188 [Thread-1522] INFO  impl.FollowerState (FollowerState.java:run(117)) - 1b813ef4-47a4-4bfc-8eb5-c34ae440adb1@group-73E40DF2990B-FollowerState was interrupted: java.lang.InterruptedException: sleep interrupted
2019-10-21 19:13:06,202 [f2627371-a904-4314-a836-5eb8f54559ec@group-73E40DF2990B-LeaderElection193] INFO  impl.LeaderElection (LeaderElection.java:logAndReturn(56)) - f2627371-a904-4314-a836-5eb8f54559ec@group-73E40DF2990B-LeaderElection193: Election REJECTED; received 2 response(s) [f2627371-a904-4314-a836-5eb8f54559ec<-e6a83585-83d0-4616-a3d5-866875ad8a29#0:FAIL-t214, f2627371-a904-4314-a836-5eb8f54559ec<-1b813ef4-47a4-4bfc-8eb5-c34ae440adb1#0:FAIL-t214] and 0 exception(s); f2627371-a904-4314-a836-5eb8f54559ec@group-73E40DF2990B:t214, leader=null, voted=f2627371-a904-4314-a836-5eb8f54559ec, raftlog=f2627371-a904-4314-a836-5eb8f54559ec@group-73E40DF2990B-SegmentedRaftLog:OPENED:c-1,f-1,i0, conf=-1: [e6a83585-83d0-4616-a3d5-866875ad8a29:192.168.34.32:46159, f2627371-a904-4314-a836-5eb8f54559ec:192.168.34.32:33224, 1b813ef4-47a4-4bfc-8eb5-c34ae440adb1:192.168.34.32:36113], old=null
2019-10-21 19:13:06,202 [f2627371-a904-4314-a836-5eb8f54559ec@group-73E40DF2990B-LeaderElection193] INFO  impl.RaftServerImpl (RaftServerImpl.java:setRole(184)) - f2627371-a904-4314-a836-5eb8f54559ec@group-73E40DF2990B: changes role from CANDIDATE to FOLLOWER at term 214 for DISCOVERED_A_NEW_TERM
2019-10-21 19:13:06,202 [f2627371-a904-4314-a836-5eb8f54559ec@group-73E40DF2990B-LeaderElection193] INFO  impl.RoleInfo (RoleInfo.java:shutdownLeaderElection(134)) - f2627371-a904-4314-a836-5eb8f54559ec: shutdown LeaderElection
2019-10-21 19:13:06,202 [f2627371-a904-4314-a836-5eb8f54559ec@group-73E40DF2990B-LeaderElection193] INFO  impl.RoleInfo (RoleInfo.java:updateAndGet(143)) - f2627371-a904-4314-a836-5eb8f54559ec: start FollowerState
2019-10-21 19:13:06,288 [Thread-1527] INFO  impl.FollowerState (FollowerState.java:run(108)) - f2627371-a904-4314-a836-5eb8f54559ec@group-73E40DF2990B-FollowerState: change to CANDIDATE, lastRpcTime:85ms, electionTimeout:85ms
2019-10-21 19:13:06,288 [Thread-1527] INFO  impl.RoleInfo (RoleInfo.java:shutdownFollowerState(121)) - f2627371-a904-4314-a836-5eb8f54559ec: shutdown FollowerState
2019-10-21 19:13:06,288 [Thread-1527] INFO  impl.RaftServerImpl (RaftServerImpl.java:setRole(184)) - f2627371-a904-4314-a836-5eb8f54559ec@group-73E40DF2990B: changes role from  FOLLOWER to CANDIDATE at term 214 for changeToCandidate
2019-10-21 19:13:06,288 [Thread-1527] INFO  impl.RoleInfo (RoleInfo.java:updateAndGet(143)) - f2627371-a904-4314-a836-5eb8f54559ec: start LeaderElection
2019-10-21 19:13:06,302 [f2627371-a904-4314-a836-5eb8f54559ec@group-73E40DF2990B-LeaderElection194] INFO  impl.LeaderElection (LeaderElection.java:askForVotes(178)) - f2627371-a904-4314-a836-5eb8f54559ec@group-73E40DF2990B-LeaderElection194: begin an election at term 215 for -1: [e6a83585-83d0-4616-a3d5-866875ad8a29:192.168.34.32:46159, f2627371-a904-4314-a836-5eb8f54559ec:192.168.34.32:33224, 1b813ef4-47a4-4bfc-8eb5-c34ae440adb1:192.168.34.32:36113], old=null
2019-10-21 19:13:06,304 [grpc-default-executor-5] INFO  impl.RaftServerImpl (RaftServerImpl.java:setRole(184)) - e6a83585-83d0-4616-a3d5-866875ad8a29@group-73E40DF2990B: changes role from  FOLLOWER to FOLLOWER at term 215 for recognizeCandidate:f2627371-a904-4314-a836-5eb8f54559ec
2019-10-21 19:13:06,304 [grpc-default-executor-5] INFO  impl.RoleInfo (RoleInfo.java:shutdownFollowerState(121)) - e6a83585-83d0-4616-a3d5-866875ad8a29: shutdown FollowerState
2019-10-21 19:13:06,304 [grpc-default-executor-0] INFO  impl.RaftServerImpl (RaftServerImpl.java:setRole(184)) - 1b813ef4-47a4-4bfc-8eb5-c34ae440adb1@group-73E40DF2990B: changes role from  FOLLOWER to FOLLOWER at term 215 for recognizeCandidate:f2627371-a904-4314-a836-5eb8f54559ec
2019-10-21 19:13:06,305 [grpc-default-executor-0] INFO  impl.RoleInfo (RoleInfo.java:shutdownFollowerState(121)) - 1b813ef4-47a4-4bfc-8eb5-c34ae440adb1: shutdown FollowerState
2019-10-21 19:13:06,304 [Thread-1525] INFO  impl.FollowerState (FollowerState.java:run(117)) - e6a83585-83d0-4616-a3d5-866875ad8a29@group-73E40DF2990B-FollowerState was interrupted: java.lang.InterruptedException: sleep interrupted
2019-10-21 19:13:06,304 [grpc-default-executor-5] INFO  impl.RoleInfo (RoleInfo.java:updateAndGet(143)) - e6a83585-83d0-4616-a3d5-866875ad8a29: start FollowerState
2019-10-21 19:13:06,305 [Thread-1526] INFO  impl.FollowerState (FollowerState.java:run(117)) - 1b813ef4-47a4-4bfc-8eb5-c34ae440adb1@group-73E40DF2990B-FollowerState was interrupted: java.lang.InterruptedException: sleep interrupted
2019-10-21 19:13:06,305 [grpc-default-executor-0] INFO  impl.RoleInfo (RoleInfo.java:updateAndGet(143)) - 1b813ef4-47a4-4bfc-8eb5-c34ae440adb1: start FollowerState
2019-10-21 19:13:06,326 [f2627371-a904-4314-a836-5eb8f54559ec@group-73E40DF2990B-LeaderElection194] INFO  impl.LeaderElection (LeaderElection.java:logAndReturn(56)) - f2627371-a904-4314-a836-5eb8f54559ec@group-73E40DF2990B-LeaderElection194: Election REJECTED; received 2 response(s) [f2627371-a904-4314-a836-5eb8f54559ec<-e6a83585-83d0-4616-a3d5-866875ad8a29#0:FAIL-t215, f2627371-a904-4314-a836-5eb8f54559ec<-1b813ef4-47a4-4bfc-8eb5-c34ae440adb1#0:FAIL-t215] and 0 exception(s); f2627371-a904-4314-a836-5eb8f54559ec@group-73E40DF2990B:t215, leader=null, voted=f2627371-a904-4314-a836-5eb8f54559ec, raftlog=f2627371-a904-4314-a836-5eb8f54559ec@group-73E40DF2990B-SegmentedRaftLog:OPENED:c-1,f-1,i0, conf=-1: [e6a83585-83d0-4616-a3d5-866875ad8a29:192.168.34.32:46159, f2627371-a904-4314-a836-5eb8f54559ec:192.168.34.32:33224, 1b813ef4-47a4-4bfc-8eb5-c34ae440adb1:192.168.34.32:36113], old=null
2019-10-21 19:13:06,326 [f2627371-a904-4314-a836-5eb8f54559ec@group-73E40DF2990B-LeaderElection194] INFO  impl.RaftServerImpl (RaftServerImpl.java:setRole(184)) - f2627371-a904-4314-a836-5eb8f54559ec@group-73E40DF2990B: changes role from CANDIDATE to FOLLOWER at term 215 for DISCOVERED_A_NEW_TERM
2019-10-21 19:13:06,326 [f2627371-a904-4314-a836-5eb8f54559ec@group-73E40DF2990B-LeaderElection194] INFO  impl.RoleInfo (RoleInfo.java:shutdownLeaderElection(134)) - f2627371-a904-4314-a836-5eb8f54559ec: shutdown LeaderElection
2019-10-21 19:13:06,326 [f2627371-a904-4314-a836-5eb8f54559ec@group-73E40DF2990B-LeaderElection194] INFO  impl.RoleInfo (RoleInfo.java:updateAndGet(143)) - f2627371-a904-4314-a836-5eb8f54559ec: start FollowerState
2019-10-21 19:13:06,453 [Thread-1533] INFO  impl.FollowerState (FollowerState.java:run(108)) - f2627371-a904-4314-a836-5eb8f54559ec@group-73E40DF2990B-FollowerState: change to CANDIDATE, lastRpcTime:126ms, electionTimeout:126ms
2019-10-21 19:13:06,453 [Thread-1533] INFO  impl.RoleInfo (RoleInfo.java:shutdownFollowerState(121)) - f2627371-a904-4314-a836-5eb8f54559ec: shutdown FollowerState
2019-10-21 19:13:06,454 [Thread-1533] INFO  impl.RaftServerImpl (RaftServerImpl.java:setRole(184)) - f2627371-a904-4314-a836-5eb8f54559ec@group-73E40DF2990B: changes role from  FOLLOWER to CANDIDATE at term 215 for changeToCandidate
2019-10-21 19:13:06,455 [Thread-1533] INFO  impl.RoleInfo (RoleInfo.java:updateAndGet(143)) - f2627371-a904-4314-a836-5eb8f54559ec: start LeaderElection
2019-10-21 19:13:06,470 [f2627371-a904-4314-a836-5eb8f54559ec@group-73E40DF2990B-LeaderElection195] INFO  impl.LeaderElection (LeaderElection.java:askForVotes(178)) - f2627371-a904-4314-a836-5eb8f54559ec@group-73E40DF2990B-LeaderElection195: begin an election at term 216 for -1: [e6a83585-83d0-4616-a3d5-866875ad8a29:192.168.34.32:46159, f2627371-a904-4314-a836-5eb8f54559ec:192.168.34.32:33224, 1b813ef4-47a4-4bfc-8eb5-c34ae440adb1:192.168.34.32:36113], old=null
2019-10-21 19:13:06,472 [grpc-default-executor-0] INFO  impl.RaftServerImpl (RaftServerImpl.java:setRole(184)) - e6a83585-83d0-4616-a3d5-866875ad8a29@group-73E40DF2990B: changes role from  FOLLOWER to FOLLOWER at term 216 for recognizeCandidate:f2627371-a904-4314-a836-5eb8f54559ec
2019-10-21 19:13:06,472 [grpc-default-executor-5] INFO  impl.RaftServerImpl (RaftServerImpl.java:setRole(184)) - 1b813ef4-47a4-4bfc-8eb5-c34ae440adb1@group-73E40DF2990B: changes role from  FOLLOWER to FOLLOWER at term 216 for recognizeCandidate:f2627371-a904-4314-a836-5eb8f54559ec
2019-10-21 19:13:06,472 [grpc-default-executor-0] INFO  impl.RoleInfo (RoleInfo.java:shutdownFollowerState(121)) - e6a83585-83d0-4616-a3d5-866875ad8a29: shutdown FollowerState
2019-10-21 19:13:06,473 [grpc-default-executor-5] INFO  impl.RoleInfo (RoleInfo.java:shutdownFollowerState(121)) - 1b813ef4-47a4-4bfc-8eb5-c34ae440adb1: shutdown FollowerState
2019-10-21 19:13:06,473 [Thread-1531] INFO  impl.FollowerState (FollowerState.java:run(117)) - e6a83585-83d0-4616-a3d5-866875ad8a29@group-73E40DF2990B-FollowerState was interrupted: java.lang.InterruptedException: sleep interrupted
2019-10-21 19:13:06,473 [grpc-default-executor-0] INFO  impl.RoleInfo (RoleInfo.java:updateAndGet(143)) - e6a83585-83d0-4616-a3d5-866875ad8a29: start FollowerState
2019-10-21 19:13:06,473 [Thread-1532] INFO  impl.FollowerState (FollowerState.java:run(117)) - 1b813ef4-47a4-4bfc-8eb5-c34ae440adb1@group-73E40DF2990B-FollowerState was interrupted: java.lang.InterruptedException: sleep interrupted
2019-10-21 19:13:06,473 [grpc-default-executor-5] INFO  impl.RoleInfo (RoleInfo.java:updateAndGet(143)) - 1b813ef4-47a4-4bfc-8eb5-c34ae440adb1: start FollowerState
2019-10-21 19:13:06,488 [f2627371-a904-4314-a836-5eb8f54559ec@group-73E40DF2990B-LeaderElection195] INFO  impl.LeaderElection (LeaderElection.java:logAndReturn(56)) - f2627371-a904-4314-a836-5eb8f54559ec@group-73E40DF2990B-LeaderElection195: Election REJECTED; received 2 response(s) [f2627371-a904-4314-a836-5eb8f54559ec<-e6a83585-83d0-4616-a3d5-866875ad8a29#0:FAIL-t216, f2627371-a904-4314-a836-5eb8f54559ec<-1b813ef4-47a4-4bfc-8eb5-c34ae440adb1#0:FAIL-t216] and 0 exception(s); f2627371-a904-4314-a836-5eb8f54559ec@group-73E40DF2990B:t216, leader=null, voted=f2627371-a904-4314-a836-5eb8f54559ec, raftlog=f2627371-a904-4314-a836-5eb8f54559ec@group-73E40DF2990B-SegmentedRaftLog:OPENED:c-1,f-1,i0, conf=-1: [e6a83585-83d0-4616-a3d5-866875ad8a29:192.168.34.32:46159, f2627371-a904-4314-a836-5eb8f54559ec:192.168.34.32:33224, 1b813ef4-47a4-4bfc-8eb5-c34ae440adb1:192.168.34.32:36113], old=null
2019-10-21 19:13:06,488 [f2627371-a904-4314-a836-5eb8f54559ec@group-73E40DF2990B-LeaderElection195] INFO  impl.RaftServerImpl (RaftServerImpl.java:setRole(184)) - f2627371-a904-4314-a836-5eb8f54559ec@group-73E40DF2990B: changes role from CANDIDATE to FOLLOWER at term 216 for DISCOVERED_A_NEW_TERM
2019-10-21 19:13:06,488 [f2627371-a904-4314-a836-5eb8f54559ec@group-73E40DF2990B-LeaderElection195] INFO  impl.RoleInfo (RoleInfo.java:shutdownLeaderElection(134)) - f2627371-a904-4314-a836-5eb8f54559ec: shutdown LeaderElection
2019-10-21 19:13:06,488 [f2627371-a904-4314-a836-5eb8f54559ec@group-73E40DF2990B-LeaderElection195] INFO  impl.RoleInfo (RoleInfo.java:updateAndGet(143)) - f2627371-a904-4314-a836-5eb8f54559ec: start FollowerState
2019-10-21 19:13:06,612 [Thread-1541] INFO  impl.FollowerState (FollowerState.java:run(108)) - f2627371-a904-4314-a836-5eb8f54559ec@group-73E40DF2990B-FollowerState: change to CANDIDATE, lastRpcTime:124ms, electionTimeout:124ms
2019-10-21 19:13:06,613 [Thread-1541] INFO  impl.RoleInfo (RoleInfo.java:shutdownFollowerState(121)) - f2627371-a904-4314-a836-5eb8f54559ec: shutdown FollowerState
2019-10-21 19:13:06,613 [Thread-1541] INFO  impl.RaftServerImpl (RaftServerImpl.java:setRole(184)) - f2627371-a904-4314-a836-5eb8f54559ec@group-73E40DF2990B: changes role from  FOLLOWER to CANDIDATE at term 216 for changeToCandidate
2019-10-21 19:13:06,613 [Thread-1541] INFO  impl.RoleInfo (RoleInfo.java:updateAndGet(143)) - f2627371-a904-4314-a836-5eb8f54559ec: start LeaderElection
2019-10-21 19:13:06,625 [f2627371-a904-4314-a836-5eb8f54559ec@group-73E40DF2990B-LeaderElection196] INFO  impl.LeaderElection (LeaderElection.java:askForVotes(178)) - f2627371-a904-4314-a836-5eb8f54559ec@group-73E40DF2990B-LeaderElection196: begin an election at term 217 for -1: [e6a83585-83d0-4616-a3d5-866875ad8a29:192.168.34.32:46159, f2627371-a904-4314-a836-5eb8f54559ec:192.168.34.32:33224, 1b813ef4-47a4-4bfc-8eb5-c34ae440adb1:192.168.34.32:36113], old=null
2019-10-21 19:13:06,628 [grpc-default-executor-0] INFO  impl.RaftServerImpl (RaftServerImpl.java:setRole(184)) - 1b813ef4-47a4-4bfc-8eb5-c34ae440adb1@group-73E40DF2990B: changes role from  FOLLOWER to FOLLOWER at term 217 for recognizeCandidate:f2627371-a904-4314-a836-5eb8f54559ec
2019-10-21 19:13:06,628 [grpc-default-executor-0] INFO  impl.RoleInfo (RoleInfo.java:shutdownFollowerState(121)) - 1b813ef4-47a4-4bfc-8eb5-c34ae440adb1: shutdown FollowerState
2019-10-21 19:13:06,628 [grpc-default-executor-0] INFO  impl.RoleInfo (RoleInfo.java:updateAndGet(143)) - 1b813ef4-47a4-4bfc-8eb5-c34ae440adb1: start FollowerState
2019-10-21 19:13:06,628 [grpc-default-executor-5] INFO  impl.RaftServerImpl (RaftServerImpl.java:setRole(184)) - e6a83585-83d0-4616-a3d5-866875ad8a29@group-73E40DF2990B: changes role from  FOLLOWER to FOLLOWER at term 217 for recognizeCandidate:f2627371-a904-4314-a836-5eb8f54559ec
2019-10-21 19:13:06,628 [grpc-default-executor-5] INFO  impl.RoleInfo (RoleInfo.java:shutdownFollowerState(121)) - e6a83585-83d0-4616-a3d5-866875ad8a29: shutdown FollowerState
2019-10-21 19:13:06,628 [Thread-1540] INFO  impl.FollowerState (FollowerState.java:run(117)) - 1b813ef4-47a4-4bfc-8eb5-c34ae440adb1@group-73E40DF2990B-FollowerState was interrupted: java.lang.InterruptedException: sleep interrupted
2019-10-21 19:13:06,629 [Thread-1539] INFO  impl.FollowerState (FollowerState.java:run(117)) - e6a83585-83d0-4616-a3d5-866875ad8a29@group-73E40DF2990B-FollowerState was interrupted: java.lang.InterruptedException: sleep interrupted
2019-10-21 19:13:06,628 [grpc-default-executor-5] INFO  impl.RoleInfo (RoleInfo.java:updateAndGet(143)) - e6a83585-83d0-4616-a3d5-866875ad8a29: start FollowerState
2019-10-21 19:13:06,643 [f2627371-a904-4314-a836-5eb8f54559ec@group-73E40DF2990B-LeaderElection196] INFO  impl.LeaderElection (LeaderElection.java:logAndReturn(56)) - f2627371-a904-4314-a836-5eb8f54559ec@group-73E40DF2990B-LeaderElection196: Election REJECTED; received 2 response(s) [f2627371-a904-4314-a836-5eb8f54559ec<-e6a83585-83d0-4616-a3d5-866875ad8a29#0:FAIL-t217, f2627371-a904-4314-a836-5eb8f54559ec<-1b813ef4-47a4-4bfc-8eb5-c34ae440adb1#0:FAIL-t217] and 0 exception(s); f2627371-a904-4314-a836-5eb8f54559ec@group-73E40DF2990B:t217, leader=null, voted=f2627371-a904-4314-a836-5eb8f54559ec, raftlog=f2627371-a904-4314-a836-5eb8f54559ec@group-73E40DF2990B-SegmentedRaftLog:OPENED:c-1,f-1,i0, conf=-1: [e6a83585-83d0-4616-a3d5-866875ad8a29:192.168.34.32:46159, f2627371-a904-4314-a836-5eb8f54559ec:192.168.34.32:33224, 1b813ef4-47a4-4bfc-8eb5-c34ae440adb1:192.168.34.32:36113], old=null
2019-10-21 19:13:06,644 [f2627371-a904-4314-a836-5eb8f54559ec@group-73E40DF2990B-LeaderElection196] INFO  impl.RaftServerImpl (RaftServerImpl.java:setRole(184)) - f2627371-a904-4314-a836-5eb8f54559ec@group-73E40DF2990B: changes role from CANDIDATE to FOLLOWER at term 217 for DISCOVERED_A_NEW_TERM
2019-10-21 19:13:06,644 [f2627371-a904-4314-a836-5eb8f54559ec@group-73E40DF2990B-LeaderElection196] INFO  impl.RoleInfo (RoleInfo.java:shutdownLeaderElection(134)) - f2627371-a904-4314-a836-5eb8f54559ec: shutdown LeaderElection
2019-10-21 19:13:06,644 [f2627371-a904-4314-a836-5eb8f54559ec@group-73E40DF2990B-LeaderElection196] INFO  impl.RoleInfo (RoleInfo.java:updateAndGet(143)) - f2627371-a904-4314-a836-5eb8f54559ec: start FollowerState
2019-10-21 19:13:06,713 [Thread-1547] INFO  impl.FollowerState (FollowerState.java:run(108)) - f2627371-a904-4314-a836-5eb8f54559ec@group-73E40DF2990B-FollowerState: change to CANDIDATE, lastRpcTime:69ms, electionTimeout:69ms
2019-10-21 19:13:06,714 [Thread-1547] INFO  impl.RoleInfo (RoleInfo.java:shutdownFollowerState(121)) - f2627371-a904-4314-a836-5eb8f54559ec: shutdown FollowerState
2019-10-21 19:13:06,714 [Thread-1547] INFO  impl.RaftServerImpl (RaftServerImpl.java:setRole(184)) - f2627371-a904-4314-a836-5eb8f54559ec@group-73E40DF2990B: changes role from  FOLLOWER to CANDIDATE at term 217 for changeToCandidate
2019-10-21 19:13:06,714 [Thread-1547] INFO  impl.RoleInfo (RoleInfo.java:updateAndGet(143)) - f2627371-a904-4314-a836-5eb8f54559ec: start LeaderElection
2019-10-21 19:13:06,728 [f2627371-a904-4314-a836-5eb8f54559ec@group-73E40DF2990B-LeaderElection197] INFO  impl.LeaderElection (LeaderElection.java:askForVotes(178)) - f2627371-a904-4314-a836-5eb8f54559ec@group-73E40DF2990B-LeaderElection197: begin an election at term 218 for -1: [e6a83585-83d0-4616-a3d5-866875ad8a29:192.168.34.32:46159, f2627371-a904-4314-a836-5eb8f54559ec:192.168.34.32:33224, 1b813ef4-47a4-4bfc-8eb5-c34ae440adb1:192.168.34.32:36113], old=null
2019-10-21 19:13:06,731 [grpc-default-executor-5] INFO  impl.RaftServerImpl (RaftServerImpl.java:setRole(184)) - e6a83585-83d0-4616-a3d5-866875ad8a29@group-73E40DF2990B: changes role from  FOLLOWER to FOLLOWER at term 218 for recognizeCandidate:f2627371-a904-4314-a836-5eb8f54559ec
2019-10-21 19:13:06,732 [grpc-default-executor-5] INFO  impl.RoleInfo (RoleInfo.java:shutdownFollowerState(121)) - e6a83585-83d0-4616-a3d5-866875ad8a29: shutdown FollowerState
2019-10-21 19:13:06,732 [grpc-default-executor-5] INFO  impl.RoleInfo (RoleInfo.java:updateAndGet(143)) - e6a83585-83d0-4616-a3d5-866875ad8a29: start FollowerState
2019-10-21 19:13:06,732 [Thread-1546] INFO  impl.FollowerState (FollowerState.java:run(117)) - e6a83585-83d0-4616-a3d5-866875ad8a29@group-73E40DF2990B-FollowerState was interrupted: java.lang.InterruptedException: sleep interrupted
2019-10-21 19:13:06,732 [grpc-default-executor-0] INFO  impl.RaftServerImpl (RaftServerImpl.java:setRole(184)) - 1b813ef4-47a4-4bfc-8eb5-c34ae440adb1@group-73E40DF2990B: changes role from  FOLLOWER to FOLLOWER at term 218 for recognizeCandidate:f2627371-a904-4314-a836-5eb8f54559ec
2019-10-21 19:13:06,732 [grpc-default-executor-0] INFO  impl.RoleInfo (RoleInfo.java:shutdownFollowerState(121)) - 1b813ef4-47a4-4bfc-8eb5-c34ae440adb1: shutdown FollowerState
2019-10-21 19:13:06,732 [grpc-default-executor-0] INFO  impl.RoleInfo (RoleInfo.java:updateAndGet(143)) - 1b813ef4-47a4-4bfc-8eb5-c34ae440adb1: start FollowerState
2019-10-21 19:13:06,732 [Thread-1545] INFO  impl.FollowerState (FollowerState.java:run(117)) - 1b813ef4-47a4-4bfc-8eb5-c34ae440adb1@group-73E40DF2990B-FollowerState was interrupted: java.lang.InterruptedException: sleep interrupted
2019-10-21 19:13:06,746 [f2627371-a904-4314-a836-5eb8f54559ec@group-73E40DF2990B-LeaderElection197] INFO  impl.LeaderElection (LeaderElection.java:logAndReturn(56)) - f2627371-a904-4314-a836-5eb8f54559ec@group-73E40DF2990B-LeaderElection197: Election REJECTED; received 2 response(s) [f2627371-a904-4314-a836-5eb8f54559ec<-e6a83585-83d0-4616-a3d5-866875ad8a29#0:FAIL-t218, f2627371-a904-4314-a836-5eb8f54559ec<-1b813ef4-47a4-4bfc-8eb5-c34ae440adb1#0:FAIL-t218] and 0 exception(s); f2627371-a904-4314-a836-5eb8f54559ec@group-73E40DF2990B:t218, leader=null, voted=f2627371-a904-4314-a836-5eb8f54559ec, raftlog=f2627371-a904-4314-a836-5eb8f54559ec@group-73E40DF2990B-SegmentedRaftLog:OPENED:c-1,f-1,i0, conf=-1: [e6a83585-83d0-4616-a3d5-866875ad8a29:192.168.34.32:46159, f2627371-a904-4314-a836-5eb8f54559ec:192.168.34.32:33224, 1b813ef4-47a4-4bfc-8eb5-c34ae440adb1:192.168.34.32:36113], old=null
2019-10-21 19:13:06,747 [f2627371-a904-4314-a836-5eb8f54559ec@group-73E40DF2990B-LeaderElection197] INFO  impl.RaftServerImpl (RaftServerImpl.java:setRole(184)) - f2627371-a904-4314-a836-5eb8f54559ec@group-73E40DF2990B: changes role from CANDIDATE to FOLLOWER at term 218 for DISCOVERED_A_NEW_TERM
2019-10-21 19:13:06,747 [f2627371-a904-4314-a836-5eb8f54559ec@group-73E40DF2990B-LeaderElection197] INFO  impl.RoleInfo (RoleInfo.java:shutdownLeaderElection(134)) - f2627371-a904-4314-a836-5eb8f54559ec: shutdown LeaderElection
2019-10-21 19:13:06,747 [f2627371-a904-4314-a836-5eb8f54559ec@group-73E40DF2990B-LeaderElection197] INFO  impl.RoleInfo (RoleInfo.java:updateAndGet(143)) - f2627371-a904-4314-a836-5eb8f54559ec: start FollowerState
2019-10-21 19:13:06,762 [Thread-1553] INFO  impl.FollowerState (FollowerState.java:run(108)) - f2627371-a904-4314-a836-5eb8f54559ec@group-73E40DF2990B-FollowerState: change to CANDIDATE, lastRpcTime:15ms, electionTimeout:15ms
2019-10-21 19:13:06,763 [Thread-1553] INFO  impl.RoleInfo (RoleInfo.java:shutdownFollowerState(121)) - f2627371-a904-4314-a836-5eb8f54559ec: shutdown FollowerState
2019-10-21 19:13:06,763 [Thread-1553] INFO  impl.RaftServerImpl (RaftServerImpl.java:setRole(184)) - f2627371-a904-4314-a836-5eb8f54559ec@group-73E40DF2990B: changes role from  FOLLOWER to CANDIDATE at term 218 for changeToCandidate
2019-10-21 19:13:06,763 [Thread-1553] INFO  impl.RoleInfo (RoleInfo.java:updateAndGet(143)) - f2627371-a904-4314-a836-5eb8f54559ec: start LeaderElection
2019-10-21 19:13:06,769 [f2627371-a904-4314-a836-5eb8f54559ec@group-73E40DF2990B-LeaderElection198] INFO  impl.LeaderElection (LeaderElection.java:askForVotes(178)) - f2627371-a904-4314-a836-5eb8f54559ec@group-73E40DF2990B-LeaderElection198: begin an election at term 219 for -1: [e6a83585-83d0-4616-a3d5-866875ad8a29:192.168.34.32:46159, f2627371-a904-4314-a836-5eb8f54559ec:192.168.34.32:33224, 1b813ef4-47a4-4bfc-8eb5-c34ae440adb1:192.168.34.32:36113], old=null
2019-10-21 19:13:06,771 [grpc-default-executor-0] INFO  impl.RaftServerImpl (RaftServerImpl.java:setRole(184)) - e6a83585-83d0-4616-a3d5-866875ad8a29@group-73E40DF2990B: changes role from  FOLLOWER to FOLLOWER at term 219 for recognizeCandidate:f2627371-a904-4314-a836-5eb8f54559ec
2019-10-21 19:13:06,771 [grpc-default-executor-0] INFO  impl.RoleInfo (RoleInfo.java:shutdownFollowerState(121)) - e6a83585-83d0-4616-a3d5-866875ad8a29: shutdown FollowerState
2019-10-21 19:13:06,771 [grpc-default-executor-0] INFO  impl.RoleInfo (RoleInfo.java:updateAndGet(143)) - e6a83585-83d0-4616-a3d5-866875ad8a29: start FollowerState
2019-10-21 19:13:06,771 [grpc-default-executor-5] INFO  impl.RaftServerImpl (RaftServerImpl.java:setRole(184)) - 1b813ef4-47a4-4bfc-8eb5-c34ae440adb1@group-73E40DF2990B: changes role from  FOLLOWER to FOLLOWER at term 219 for recognizeCandidate:f2627371-a904-4314-a836-5eb8f54559ec
2019-10-21 19:13:06,771 [grpc-default-executor-5] INFO  impl.RoleInfo (RoleInfo.java:shutdownFollowerState(121)) - 1b813ef4-47a4-4bfc-8eb5-c34ae440adb1: shutdown FollowerState
2019-10-21 19:13:06,771 [Thread-1551] INFO  impl.FollowerState (FollowerState.java:run(117)) - e6a83585-83d0-4616-a3d5-866875ad8a29@group-73E40DF2990B-FollowerState was interrupted: java.lang.InterruptedException: sleep interrupted
2019-10-21 19:13:06,772 [grpc-default-executor-5] INFO  impl.RoleInfo (RoleInfo.java:updateAndGet(143)) - 1b813ef4-47a4-4bfc-8eb5-c34ae440adb1: start FollowerState
2019-10-21 19:13:06,772 [Thread-1552] INFO  impl.FollowerState (FollowerState.java:run(117)) - 1b813ef4-47a4-4bfc-8eb5-c34ae440adb1@group-73E40DF2990B-FollowerState was interrupted: java.lang.InterruptedException: sleep interrupted
2019-10-21 19:13:06,785 [f2627371-a904-4314-a836-5eb8f54559ec@group-73E40DF2990B-LeaderElection198] INFO  impl.LeaderElection (LeaderElection.java:logAndReturn(56)) - f2627371-a904-4314-a836-5eb8f54559ec@group-73E40DF2990B-LeaderElection198: Election REJECTED; received 2 response(s) [f2627371-a904-4314-a836-5eb8f54559ec<-e6a83585-83d0-4616-a3d5-866875ad8a29#0:FAIL-t219, f2627371-a904-4314-a836-5eb8f54559ec<-1b813ef4-47a4-4bfc-8eb5-c34ae440adb1#0:FAIL-t219] and 0 exception(s); f2627371-a904-4314-a836-5eb8f54559ec@group-73E40DF2990B:t219, leader=null, voted=f2627371-a904-4314-a836-5eb8f54559ec, raftlog=f2627371-a904-4314-a836-5eb8f54559ec@group-73E40DF2990B-SegmentedRaftLog:OPENED:c-1,f-1,i0, conf=-1: [e6a83585-83d0-4616-a3d5-866875ad8a29:192.168.34.32:46159, f2627371-a904-4314-a836-5eb8f54559ec:192.168.34.32:33224, 1b813ef4-47a4-4bfc-8eb5-c34ae440adb1:192.168.34.32:36113], old=null
2019-10-21 19:13:06,785 [f2627371-a904-4314-a836-5eb8f54559ec@group-73E40DF2990B-LeaderElection198] INFO  impl.RaftServerImpl (RaftServerImpl.java:setRole(184)) - f2627371-a904-4314-a836-5eb8f54559ec@group-73E40DF2990B: changes role from CANDIDATE to FOLLOWER at term 219 for DISCOVERED_A_NEW_TERM
2019-10-21 19:13:06,785 [f2627371-a904-4314-a836-5eb8f54559ec@group-73E40DF2990B-LeaderElection198] INFO  impl.RoleInfo (RoleInfo.java:shutdownLeaderElection(134)) - f2627371-a904-4314-a836-5eb8f54559ec: shutdown LeaderElection
2019-10-21 19:13:06,785 [f2627371-a904-4314-a836-5eb8f54559ec@group-73E40DF2990B-LeaderElection198] INFO  impl.RoleInfo (RoleInfo.java:updateAndGet(143)) - f2627371-a904-4314-a836-5eb8f54559ec: start FollowerState
2019-10-21 19:13:06,873 [Thread-1559] INFO  impl.FollowerState (FollowerState.java:run(108)) - f2627371-a904-4314-a836-5eb8f54559ec@group-73E40DF2990B-FollowerState: change to CANDIDATE, lastRpcTime:87ms, electionTimeout:87ms
2019-10-21 19:13:06,873 [Thread-1559] INFO  impl.RoleInfo (RoleInfo.java:shutdownFollowerState(121)) - f2627371-a904-4314-a836-5eb8f54559ec: shutdown FollowerState
2019-10-21 19:13:06,873 [Thread-1559] INFO  impl.RaftServerImpl (RaftServerImpl.java:setRole(184)) - f2627371-a904-4314-a836-5eb8f54559ec@group-73E40DF2990B: changes role from  FOLLOWER to CANDIDATE at term 219 for changeToCandidate
2019-10-21 19:13:06,873 [Thread-1559] INFO  impl.RoleInfo (RoleInfo.java:updateAndGet(143)) - f2627371-a904-4314-a836-5eb8f54559ec: start LeaderElection
2019-10-21 19:13:06,888 [f2627371-a904-4314-a836-5eb8f54559ec@group-73E40DF2990B-LeaderElection199] INFO  impl.LeaderElection (LeaderElection.java:askForVotes(178)) - f2627371-a904-4314-a836-5eb8f54559ec@group-73E40DF2990B-LeaderElection199: begin an election at term 220 for -1: [e6a83585-83d0-4616-a3d5-866875ad8a29:192.168.34.32:46159, f2627371-a904-4314-a836-5eb8f54559ec:192.168.34.32:33224, 1b813ef4-47a4-4bfc-8eb5-c34ae440adb1:192.168.34.32:36113], old=null
2019-10-21 19:13:06,890 [grpc-default-executor-0] INFO  impl.RaftServerImpl (RaftServerImpl.java:setRole(184)) - e6a83585-83d0-4616-a3d5-866875ad8a29@group-73E40DF2990B: changes role from  FOLLOWER to FOLLOWER at term 220 for recognizeCandidate:f2627371-a904-4314-a836-5eb8f54559ec
2019-10-21 19:13:06,891 [grpc-default-executor-0] INFO  impl.RoleInfo (RoleInfo.java:shutdownFollowerState(121)) - e6a83585-83d0-4616-a3d5-866875ad8a29: shutdown FollowerState
2019-10-21 19:13:06,891 [grpc-default-executor-0] INFO  impl.RoleInfo (RoleInfo.java:updateAndGet(143)) - e6a83585-83d0-4616-a3d5-866875ad8a29: start FollowerState
2019-10-21 19:13:06,891 [grpc-default-executor-5] INFO  impl.RaftServerImpl (RaftServerImpl.java:setRole(184)) - 1b813ef4-47a4-4bfc-8eb5-c34ae440adb1@group-73E40DF2990B: changes role from  FOLLOWER to FOLLOWER at term 220 for recognizeCandidate:f2627371-a904-4314-a836-5eb8f54559ec
2019-10-21 19:13:06,891 [grpc-default-executor-5] INFO  impl.RoleInfo (RoleInfo.java:shutdownFollowerState(121)) - 1b813ef4-47a4-4bfc-8eb5-c34ae440adb1: shutdown FollowerState
2019-10-21 19:13:06,891 [Thread-1557] INFO  impl.FollowerState (FollowerState.java:run(117)) - e6a83585-83d0-4616-a3d5-866875ad8a29@group-73E40DF2990B-FollowerState was interrupted: java.lang.InterruptedException: sleep interrupted
2019-10-21 19:13:06,892 [Thread-1558] INFO  impl.FollowerState (FollowerState.java:run(117)) - 1b813ef4-47a4-4bfc-8eb5-c34ae440adb1@group-73E40DF2990B-FollowerState was interrupted: java.lang.InterruptedException: sleep interrupted
2019-10-21 19:13:06,891 [grpc-default-executor-5] INFO  impl.RoleInfo (RoleInfo.java:updateAndGet(143)) - 1b813ef4-47a4-4bfc-8eb5-c34ae440adb1: start FollowerState
2019-10-21 19:13:06,906 [f2627371-a904-4314-a836-5eb8f54559ec@group-73E40DF2990B-LeaderElection199] INFO  impl.LeaderElection (LeaderElection.java:logAndReturn(56)) - f2627371-a904-4314-a836-5eb8f54559ec@group-73E40DF2990B-LeaderElection199: Election REJECTED; received 2 response(s) [f2627371-a904-4314-a836-5eb8f54559ec<-e6a83585-83d0-4616-a3d5-866875ad8a29#0:FAIL-t220, f2627371-a904-4314-a836-5eb8f54559ec<-1b813ef4-47a4-4bfc-8eb5-c34ae440adb1#0:FAIL-t220] and 0 exception(s); f2627371-a904-4314-a836-5eb8f54559ec@group-73E40DF2990B:t220, leader=null, voted=f2627371-a904-4314-a836-5eb8f54559ec, raftlog=f2627371-a904-4314-a836-5eb8f54559ec@group-73E40DF2990B-SegmentedRaftLog:OPENED:c-1,f-1,i0, conf=-1: [e6a83585-83d0-4616-a3d5-866875ad8a29:192.168.34.32:46159, f2627371-a904-4314-a836-5eb8f54559ec:192.168.34.32:33224, 1b813ef4-47a4-4bfc-8eb5-c34ae440adb1:192.168.34.32:36113], old=null
2019-10-21 19:13:06,907 [f2627371-a904-4314-a836-5eb8f54559ec@group-73E40DF2990B-LeaderElection199] INFO  impl.RaftServerImpl (RaftServerImpl.java:setRole(184)) - f2627371-a904-4314-a836-5eb8f54559ec@group-73E40DF2990B: changes role from CANDIDATE to FOLLOWER at term 220 for DISCOVERED_A_NEW_TERM
2019-10-21 19:13:06,907 [f2627371-a904-4314-a836-5eb8f54559ec@group-73E40DF2990B-LeaderElection199] INFO  impl.RoleInfo (RoleInfo.java:shutdownLeaderElection(134)) - f2627371-a904-4314-a836-5eb8f54559ec: shutdown LeaderElection
2019-10-21 19:13:06,907 [f2627371-a904-4314-a836-5eb8f54559ec@group-73E40DF2990B-LeaderElection199] INFO  impl.RoleInfo (RoleInfo.java:updateAndGet(143)) - f2627371-a904-4314-a836-5eb8f54559ec: start FollowerState
2019-10-21 19:13:07,048 [Thread-1565] INFO  impl.FollowerState (FollowerState.java:run(108)) - f2627371-a904-4314-a836-5eb8f54559ec@group-73E40DF2990B-FollowerState: change to CANDIDATE, lastRpcTime:141ms, electionTimeout:141ms
2019-10-21 19:13:07,049 [Thread-1565] INFO  impl.RoleInfo (RoleInfo.java:shutdownFollowerState(121)) - f2627371-a904-4314-a836-5eb8f54559ec: shutdown FollowerState
2019-10-21 19:13:07,049 [Thread-1565] INFO  impl.RaftServerImpl (RaftServerImpl.java:setRole(184)) - f2627371-a904-4314-a836-5eb8f54559ec@group-73E40DF2990B: changes role from  FOLLOWER to CANDIDATE at term 220 for changeToCandidate
2019-10-21 19:13:07,049 [Thread-1565] INFO  impl.RoleInfo (RoleInfo.java:updateAndGet(143)) - f2627371-a904-4314-a836-5eb8f54559ec: start LeaderElection
2019-10-21 19:13:07,077 [f2627371-a904-4314-a836-5eb8f54559ec@group-73E40DF2990B-LeaderElection200] INFO  impl.LeaderElection (LeaderElection.java:askForVotes(178)) - f2627371-a904-4314-a836-5eb8f54559ec@group-73E40DF2990B-LeaderElection200: begin an election at term 221 for -1: [e6a83585-83d0-4616-a3d5-866875ad8a29:192.168.34.32:46159, f2627371-a904-4314-a836-5eb8f54559ec:192.168.34.32:33224, 1b813ef4-47a4-4bfc-8eb5-c34ae440adb1:192.168.34.32:36113], old=null
2019-10-21 19:13:07,080 [grpc-default-executor-0] INFO  impl.RaftServerImpl (RaftServerImpl.java:setRole(184)) - e6a83585-83d0-4616-a3d5-866875ad8a29@group-73E40DF2990B: changes role from  FOLLOWER to FOLLOWER at term 221 for recognizeCandidate:f2627371-a904-4314-a836-5eb8f54559ec
2019-10-21 19:13:07,080 [grpc-default-executor-5] INFO  impl.RaftServerImpl (RaftServerImpl.java:setRole(184)) - 1b813ef4-47a4-4bfc-8eb5-c34ae440adb1@group-73E40DF2990B: changes role from  FOLLOWER to FOLLOWER at term 221 for recognizeCandidate:f2627371-a904-4314-a836-5eb8f54559ec
2019-10-21 19:13:07,080 [grpc-default-executor-0] INFO  impl.RoleInfo (RoleInfo.java:shutdownFollowerState(121)) - e6a83585-83d0-4616-a3d5-866875ad8a29: shutdown FollowerState
2019-10-21 19:13:07,080 [grpc-default-executor-5] INFO  impl.RoleInfo (RoleInfo.java:shutdownFollowerState(121)) - 1b813ef4-47a4-4bfc-8eb5-c34ae440adb1: shutdown FollowerState
2019-10-21 19:13:07,081 [Thread-1563] INFO  impl.FollowerState (FollowerState.java:run(117)) - e6a83585-83d0-4616-a3d5-866875ad8a29@group-73E40DF2990B-FollowerState was interrupted: java.lang.InterruptedException: sleep interrupted
2019-10-21 19:13:07,081 [grpc-default-executor-0] INFO  impl.RoleInfo (RoleInfo.java:updateAndGet(143)) - e6a83585-83d0-4616-a3d5-866875ad8a29: start FollowerState
2019-10-21 19:13:07,081 [Thread-1564] INFO  impl.FollowerState (FollowerState.java:run(117)) - 1b813ef4-47a4-4bfc-8eb5-c34ae440adb1@group-73E40DF2990B-FollowerState was interrupted: java.lang.InterruptedException: sleep interrupted
2019-10-21 19:13:07,081 [grpc-default-executor-5] INFO  impl.RoleInfo (RoleInfo.java:updateAndGet(143)) - 1b813ef4-47a4-4bfc-8eb5-c34ae440adb1: start FollowerState
2019-10-21 19:13:07,125 [f2627371-a904-4314-a836-5eb8f54559ec@group-73E40DF2990B-LeaderElection200] INFO  impl.LeaderElection (LeaderElection.java:logAndReturn(56)) - f2627371-a904-4314-a836-5eb8f54559ec@group-73E40DF2990B-LeaderElection200: Election REJECTED; received 2 response(s) [f2627371-a904-4314-a836-5eb8f54559ec<-e6a83585-83d0-4616-a3d5-866875ad8a29#0:FAIL-t221, f2627371-a904-4314-a836-5eb8f54559ec<-1b813ef4-47a4-4bfc-8eb5-c34ae440adb1#0:FAIL-t221] and 0 exception(s); f2627371-a904-4314-a836-5eb8f54559ec@group-73E40DF2990B:t221, leader=null, voted=f2627371-a904-4314-a836-5eb8f54559ec, raftlog=f2627371-a904-4314-a836-5eb8f54559ec@group-73E40DF2990B-SegmentedRaftLog:OPENED:c-1,f-1,i0, conf=-1: [e6a83585-83d0-4616-a3d5-866875ad8a29:192.168.34.32:46159, f2627371-a904-4314-a836-5eb8f54559ec:192.168.34.32:33224, 1b813ef4-47a4-4bfc-8eb5-c34ae440adb1:192.168.34.32:36113], old=null
2019-10-21 19:13:07,125 [f2627371-a904-4314-a836-5eb8f54559ec@group-73E40DF2990B-LeaderElection200] INFO  impl.RaftServerImpl (RaftServerImpl.java:setRole(184)) - f2627371-a904-4314-a836-5eb8f54559ec@group-73E40DF2990B: changes role from CANDIDATE to FOLLOWER at term 221 for DISCOVERED_A_NEW_TERM
2019-10-21 19:13:07,125 [f2627371-a904-4314-a836-5eb8f54559ec@group-73E40DF2990B-LeaderElection200] INFO  impl.RoleInfo (RoleInfo.java:shutdownLeaderElection(134)) - f2627371-a904-4314-a836-5eb8f54559ec: shutdown LeaderElection
2019-10-21 19:13:07,125 [f2627371-a904-4314-a836-5eb8f54559ec@group-73E40DF2990B-LeaderElection200] INFO  impl.RoleInfo (RoleInfo.java:updateAndGet(143)) - f2627371-a904-4314-a836-5eb8f54559ec: start FollowerState
2019-10-21 19:13:07,164 [Thread-1571] INFO  impl.FollowerState (FollowerState.java:run(108)) - f2627371-a904-4314-a836-5eb8f54559ec@group-73E40DF2990B-FollowerState: change to CANDIDATE, lastRpcTime:38ms, electionTimeout:38ms
2019-10-21 19:13:07,164 [Thread-1571] INFO  impl.RoleInfo (RoleInfo.java:shutdownFollowerState(121)) - f2627371-a904-4314-a836-5eb8f54559ec: shutdown FollowerState
2019-10-21 19:13:07,164 [Thread-1571] INFO  impl.RaftServerImpl (RaftServerImpl.java:setRole(184)) - f2627371-a904-4314-a836-5eb8f54559ec@group-73E40DF2990B: changes role from  FOLLOWER to CANDIDATE at term 221 for changeToCandidate
2019-10-21 19:13:07,164 [Thread-1571] INFO  impl.RoleInfo (RoleInfo.java:updateAndGet(143)) - f2627371-a904-4314-a836-5eb8f54559ec: start LeaderElection
2019-10-21 19:13:07,179 [f2627371-a904-4314-a836-5eb8f54559ec@group-73E40DF2990B-LeaderElection201] INFO  impl.LeaderElection (LeaderElection.java:askForVotes(178)) - f2627371-a904-4314-a836-5eb8f54559ec@group-73E40DF2990B-LeaderElection201: begin an election at term 222 for -1: [e6a83585-83d0-4616-a3d5-866875ad8a29:192.168.34.32:46159, f2627371-a904-4314-a836-5eb8f54559ec:192.168.34.32:33224, 1b813ef4-47a4-4bfc-8eb5-c34ae440adb1:192.168.34.32:36113], old=null
2019-10-21 19:13:07,181 [grpc-default-executor-0] INFO  impl.RaftServerImpl (RaftServerImpl.java:setRole(184)) - 1b813ef4-47a4-4bfc-8eb5-c34ae440adb1@group-73E40DF2990B: changes role from  FOLLOWER to FOLLOWER at term 222 for recognizeCandidate:f2627371-a904-4314-a836-5eb8f54559ec
2019-10-21 19:13:07,182 [grpc-default-executor-0] INFO  impl.RoleInfo (RoleInfo.java:shutdownFollowerState(121)) - 1b813ef4-47a4-4bfc-8eb5-c34ae440adb1: shutdown FollowerState
2019-10-21 19:13:07,182 [grpc-default-executor-0] INFO  impl.RoleInfo (RoleInfo.java:updateAndGet(143)) - 1b813ef4-47a4-4bfc-8eb5-c34ae440adb1: start FollowerState
2019-10-21 19:13:07,182 [Thread-1570] INFO  impl.FollowerState (FollowerState.java:run(117)) - 1b813ef4-47a4-4bfc-8eb5-c34ae440adb1@group-73E40DF2990B-FollowerState was interrupted: java.lang.InterruptedException: sleep interrupted
2019-10-21 19:13:07,182 [grpc-default-executor-5] INFO  impl.RaftServerImpl (RaftServerImpl.java:setRole(184)) - e6a83585-83d0-4616-a3d5-866875ad8a29@group-73E40DF2990B: changes role from  FOLLOWER to FOLLOWER at term 222 for recognizeCandidate:f2627371-a904-4314-a836-5eb8f54559ec
2019-10-21 19:13:07,182 [grpc-default-executor-5] INFO  impl.RoleInfo (RoleInfo.java:shutdownFollowerState(121)) - e6a83585-83d0-4616-a3d5-866875ad8a29: shutdown FollowerState
2019-10-21 19:13:07,182 [grpc-default-executor-5] INFO  impl.RoleInfo (RoleInfo.java:updateAndGet(143)) - e6a83585-83d0-4616-a3d5-866875ad8a29: start FollowerState
2019-10-21 19:13:07,182 [Thread-1569] INFO  impl.FollowerState (FollowerState.java:run(117)) - e6a83585-83d0-4616-a3d5-866875ad8a29@group-73E40DF2990B-FollowerState was interrupted: java.lang.InterruptedException: sleep interrupted
2019-10-21 19:13:07,197 [f2627371-a904-4314-a836-5eb8f54559ec@group-73E40DF2990B-LeaderElection201] INFO  impl.LeaderElection (LeaderElection.java:logAndReturn(56)) - f2627371-a904-4314-a836-5eb8f54559ec@group-73E40DF2990B-LeaderElection201: Election REJECTED; received 2 response(s) [f2627371-a904-4314-a836-5eb8f54559ec<-e6a83585-83d0-4616-a3d5-866875ad8a29#0:FAIL-t222, f2627371-a904-4314-a836-5eb8f54559ec<-1b813ef4-47a4-4bfc-8eb5-c34ae440adb1#0:FAIL-t222] and 0 exception(s); f2627371-a904-4314-a836-5eb8f54559ec@group-73E40DF2990B:t222, leader=null, voted=f2627371-a904-4314-a836-5eb8f54559ec, raftlog=f2627371-a904-4314-a836-5eb8f54559ec@group-73E40DF2990B-SegmentedRaftLog:OPENED:c-1,f-1,i0, conf=-1: [e6a83585-83d0-4616-a3d5-866875ad8a29:192.168.34.32:46159, f2627371-a904-4314-a836-5eb8f54559ec:192.168.34.32:33224, 1b813ef4-47a4-4bfc-8eb5-c34ae440adb1:192.168.34.32:36113], old=null
2019-10-21 19:13:07,197 [f2627371-a904-4314-a836-5eb8f54559ec@group-73E40DF2990B-LeaderElection201] INFO  impl.RaftServerImpl (RaftServerImpl.java:setRole(184)) - f2627371-a904-4314-a836-5eb8f54559ec@group-73E40DF2990B: changes role from CANDIDATE to FOLLOWER at term 222 for DISCOVERED_A_NEW_TERM
2019-10-21 19:13:07,197 [f2627371-a904-4314-a836-5eb8f54559ec@group-73E40DF2990B-LeaderElection201] INFO  impl.RoleInfo (RoleInfo.java:shutdownLeaderElection(134)) - f2627371-a904-4314-a836-5eb8f54559ec: shutdown LeaderElection
2019-10-21 19:13:07,197 [f2627371-a904-4314-a836-5eb8f54559ec@group-73E40DF2990B-LeaderElection201] INFO  impl.RoleInfo (RoleInfo.java:updateAndGet(143)) - f2627371-a904-4314-a836-5eb8f54559ec: start FollowerState
2019-10-21 19:13:07,206 [Thread-1577] INFO  impl.FollowerState (FollowerState.java:run(108)) - f2627371-a904-4314-a836-5eb8f54559ec@group-73E40DF2990B-FollowerState: change to CANDIDATE, lastRpcTime:8ms, electionTimeout:8ms
2019-10-21 19:13:07,206 [Thread-1577] INFO  impl.RoleInfo (RoleInfo.java:shutdownFollowerState(121)) - f2627371-a904-4314-a836-5eb8f54559ec: shutdown FollowerState
2019-10-21 19:13:07,206 [Thread-1577] INFO  impl.RaftServerImpl (RaftServerImpl.java:setRole(184)) - f2627371-a904-4314-a836-5eb8f54559ec@group-73E40DF2990B: changes role from  FOLLOWER to CANDIDATE at term 222 for changeToCandidate
2019-10-21 19:13:07,206 [Thread-1577] INFO  impl.RoleInfo (RoleInfo.java:updateAndGet(143)) - f2627371-a904-4314-a836-5eb8f54559ec: start LeaderElection
2019-10-21 19:13:07,220 [f2627371-a904-4314-a836-5eb8f54559ec@group-73E40DF2990B-LeaderElection202] INFO  impl.LeaderElection (LeaderElection.java:askForVotes(178)) - f2627371-a904-4314-a836-5eb8f54559ec@group-73E40DF2990B-LeaderElection202: begin an election at term 223 for -1: [e6a83585-83d0-4616-a3d5-866875ad8a29:192.168.34.32:46159, f2627371-a904-4314-a836-5eb8f54559ec:192.168.34.32:33224, 1b813ef4-47a4-4bfc-8eb5-c34ae440adb1:192.168.34.32:36113], old=null
2019-10-21 19:13:07,222 [f2627371-a904-4314-a836-5eb8f54559ec@group-73E40DF2990B-LeaderElection202] INFO  impl.LeaderElection (LeaderElection.java:logAndReturn(56)) - f2627371-a904-4314-a836-5eb8f54559ec@group-73E40DF2990B-LeaderElection202: Election TIMEOUT; received 0 response(s) [] and 0 exception(s); f2627371-a904-4314-a836-5eb8f54559ec@group-73E40DF2990B:t223, leader=null, voted=f2627371-a904-4314-a836-5eb8f54559ec, raftlog=f2627371-a904-4314-a836-5eb8f54559ec@group-73E40DF2990B-SegmentedRaftLog:OPENED:c-1,f-1,i0, conf=-1: [e6a83585-83d0-4616-a3d5-866875ad8a29:192.168.34.32:46159, f2627371-a904-4314-a836-5eb8f54559ec:192.168.34.32:33224, 1b813ef4-47a4-4bfc-8eb5-c34ae440adb1:192.168.34.32:36113], old=null
2019-10-21 19:13:07,223 [grpc-default-executor-5] INFO  impl.RaftServerImpl (RaftServerImpl.java:setRole(184)) - e6a83585-83d0-4616-a3d5-866875ad8a29@group-73E40DF2990B: changes role from  FOLLOWER to FOLLOWER at term 223 for recognizeCandidate:f2627371-a904-4314-a836-5eb8f54559ec
2019-10-21 19:13:07,223 [grpc-default-executor-5] INFO  impl.RoleInfo (RoleInfo.java:shutdownFollowerState(121)) - e6a83585-83d0-4616-a3d5-866875ad8a29: shutdown FollowerState
2019-10-21 19:13:07,223 [grpc-default-executor-5] INFO  impl.RoleInfo (RoleInfo.java:updateAndGet(143)) - e6a83585-83d0-4616-a3d5-866875ad8a29: start FollowerState
2019-10-21 19:13:07,223 [grpc-default-executor-0] INFO  impl.RaftServerImpl (RaftServerImpl.java:setRole(184)) - 1b813ef4-47a4-4bfc-8eb5-c34ae440adb1@group-73E40DF2990B: changes role from  FOLLOWER to FOLLOWER at term 223 for recognizeCandidate:f2627371-a904-4314-a836-5eb8f54559ec
2019-10-21 19:13:07,223 [grpc-default-executor-0] INFO  impl.RoleInfo (RoleInfo.java:shutdownFollowerState(121)) - 1b813ef4-47a4-4bfc-8eb5-c34ae440adb1: shutdown FollowerState
2019-10-21 19:13:07,223 [Thread-1576] INFO  impl.FollowerState (FollowerState.java:run(117)) - e6a83585-83d0-4616-a3d5-866875ad8a29@group-73E40DF2990B-FollowerState was interrupted: java.lang.InterruptedException: sleep interrupted
2019-10-21 19:13:07,224 [Thread-1575] INFO  impl.FollowerState (FollowerState.java:run(117)) - 1b813ef4-47a4-4bfc-8eb5-c34ae440adb1@group-73E40DF2990B-FollowerState was interrupted: java.lang.InterruptedException: sleep interrupted
2019-10-21 19:13:07,224 [grpc-default-executor-0] INFO  impl.RoleInfo (RoleInfo.java:updateAndGet(143)) - 1b813ef4-47a4-4bfc-8eb5-c34ae440adb1: start FollowerState
2019-10-21 19:13:07,237 [f2627371-a904-4314-a836-5eb8f54559ec@group-73E40DF2990B-LeaderElection202] INFO  impl.LeaderElection (LeaderElection.java:askForVotes(178)) - f2627371-a904-4314-a836-5eb8f54559ec@group-73E40DF2990B-LeaderElection202: begin an election at term 224 for -1: [e6a83585-83d0-4616-a3d5-866875ad8a29:192.168.34.32:46159, f2627371-a904-4314-a836-5eb8f54559ec:192.168.34.32:33224, 1b813ef4-47a4-4bfc-8eb5-c34ae440adb1:192.168.34.32:36113], old=null
2019-10-21 19:13:07,239 [grpc-default-executor-5] INFO  impl.RaftServerImpl (RaftServerImpl.java:setRole(184)) - e6a83585-83d0-4616-a3d5-866875ad8a29@group-73E40DF2990B: changes role from  FOLLOWER to FOLLOWER at term 224 for recognizeCandidate:f2627371-a904-4314-a836-5eb8f54559ec
2019-10-21 19:13:07,240 [grpc-default-executor-5] INFO  impl.RoleInfo (RoleInfo.java:shutdownFollowerState(121)) - e6a83585-83d0-4616-a3d5-866875ad8a29: shutdown FollowerState
2019-10-21 19:13:07,240 [grpc-default-executor-5] INFO  impl.RoleInfo (RoleInfo.java:updateAndGet(143)) - e6a83585-83d0-4616-a3d5-866875ad8a29: start FollowerState
2019-10-21 19:13:07,240 [grpc-default-executor-0] INFO  impl.RaftServerImpl (RaftServerImpl.java:setRole(184)) - 1b813ef4-47a4-4bfc-8eb5-c34ae440adb1@group-73E40DF2990B: changes role from  FOLLOWER to FOLLOWER at term 224 for recognizeCandidate:f2627371-a904-4314-a836-5eb8f54559ec
2019-10-21 19:13:07,240 [grpc-default-executor-0] INFO  impl.RoleInfo (RoleInfo.java:shutdownFollowerState(121)) - 1b813ef4-47a4-4bfc-8eb5-c34ae440adb1: shutdown FollowerState
2019-10-21 19:13:07,240 [Thread-1581] INFO  impl.FollowerState (FollowerState.java:run(117)) - e6a83585-83d0-4616-a3d5-866875ad8a29@group-73E40DF2990B-FollowerState was interrupted: java.lang.InterruptedException: sleep interrupted
2019-10-21 19:13:07,240 [Thread-1582] INFO  impl.FollowerState (FollowerState.java:run(117)) - 1b813ef4-47a4-4bfc-8eb5-c34ae440adb1@group-73E40DF2990B-FollowerState was interrupted: java.lang.InterruptedException: sleep interrupted
2019-10-21 19:13:07,240 [grpc-default-executor-0] INFO  impl.RoleInfo (RoleInfo.java:updateAndGet(143)) - 1b813ef4-47a4-4bfc-8eb5-c34ae440adb1: start FollowerState
2019-10-21 19:13:07,254 [f2627371-a904-4314-a836-5eb8f54559ec@group-73E40DF2990B-LeaderElection202] INFO  impl.LeaderElection (LeaderElection.java:logAndReturn(56)) - f2627371-a904-4314-a836-5eb8f54559ec@group-73E40DF2990B-LeaderElection202: Election REJECTED; received 2 response(s) [f2627371-a904-4314-a836-5eb8f54559ec<-e6a83585-83d0-4616-a3d5-866875ad8a29#0:FAIL-t224, f2627371-a904-4314-a836-5eb8f54559ec<-1b813ef4-47a4-4bfc-8eb5-c34ae440adb1#0:FAIL-t224] and 0 exception(s); f2627371-a904-4314-a836-5eb8f54559ec@group-73E40DF2990B:t224, leader=null, voted=f2627371-a904-4314-a836-5eb8f54559ec, raftlog=f2627371-a904-4314-a836-5eb8f54559ec@group-73E40DF2990B-SegmentedRaftLog:OPENED:c-1,f-1,i0, conf=-1: [e6a83585-83d0-4616-a3d5-866875ad8a29:192.168.34.32:46159, f2627371-a904-4314-a836-5eb8f54559ec:192.168.34.32:33224, 1b813ef4-47a4-4bfc-8eb5-c34ae440adb1:192.168.34.32:36113], old=null
2019-10-21 19:13:07,255 [f2627371-a904-4314-a836-5eb8f54559ec@group-73E40DF2990B-LeaderElection202] INFO  impl.RaftServerImpl (RaftServerImpl.java:setRole(184)) - f2627371-a904-4314-a836-5eb8f54559ec@group-73E40DF2990B: changes role from CANDIDATE to FOLLOWER at term 224 for DISCOVERED_A_NEW_TERM
2019-10-21 19:13:07,255 [f2627371-a904-4314-a836-5eb8f54559ec@group-73E40DF2990B-LeaderElection202] INFO  impl.RoleInfo (RoleInfo.java:shutdownLeaderElection(134)) - f2627371-a904-4314-a836-5eb8f54559ec: shutdown LeaderElection
2019-10-21 19:13:07,255 [f2627371-a904-4314-a836-5eb8f54559ec@group-73E40DF2990B-LeaderElection202] INFO  impl.RoleInfo (RoleInfo.java:updateAndGet(143)) - f2627371-a904-4314-a836-5eb8f54559ec: start FollowerState
2019-10-21 19:13:07,335 [Thread-1587] INFO  impl.FollowerState (FollowerState.java:run(108)) - f2627371-a904-4314-a836-5eb8f54559ec@group-73E40DF2990B-FollowerState: change to CANDIDATE, lastRpcTime:80ms, electionTimeout:80ms
2019-10-21 19:13:07,335 [Thread-1587] INFO  impl.RoleInfo (RoleInfo.java:shutdownFollowerState(121)) - f2627371-a904-4314-a836-5eb8f54559ec: shutdown FollowerState
2019-10-21 19:13:07,336 [Thread-1587] INFO  impl.RaftServerImpl (RaftServerImpl.java:setRole(184)) - f2627371-a904-4314-a836-5eb8f54559ec@group-73E40DF2990B: changes role from  FOLLOWER to CANDIDATE at term 224 for changeToCandidate
2019-10-21 19:13:07,336 [Thread-1587] INFO  impl.RoleInfo (RoleInfo.java:updateAndGet(143)) - f2627371-a904-4314-a836-5eb8f54559ec: start LeaderElection
2019-10-21 19:13:07,351 [f2627371-a904-4314-a836-5eb8f54559ec@group-73E40DF2990B-LeaderElection203] INFO  impl.LeaderElection (LeaderElection.java:askForVotes(178)) - f2627371-a904-4314-a836-5eb8f54559ec@group-73E40DF2990B-LeaderElection203: begin an election at term 225 for -1: [e6a83585-83d0-4616-a3d5-866875ad8a29:192.168.34.32:46159, f2627371-a904-4314-a836-5eb8f54559ec:192.168.34.32:33224, 1b813ef4-47a4-4bfc-8eb5-c34ae440adb1:192.168.34.32:36113], old=null
2019-10-21 19:13:07,354 [grpc-default-executor-5] INFO  impl.RaftServerImpl (RaftServerImpl.java:setRole(184)) - e6a83585-83d0-4616-a3d5-866875ad8a29@group-73E40DF2990B: changes role from  FOLLOWER to FOLLOWER at term 225 for recognizeCandidate:f2627371-a904-4314-a836-5eb8f54559ec
2019-10-21 19:13:07,354 [grpc-default-executor-5] INFO  impl.RoleInfo (RoleInfo.java:shutdownFollowerState(121)) - e6a83585-83d0-4616-a3d5-866875ad8a29: shutdown FollowerState
2019-10-21 19:13:07,354 [grpc-default-executor-0] INFO  impl.RaftServerImpl (RaftServerImpl.java:setRole(184)) - 1b813ef4-47a4-4bfc-8eb5-c34ae440adb1@group-73E40DF2990B: changes role from  FOLLOWER to FOLLOWER at term 225 for recognizeCandidate:f2627371-a904-4314-a836-5eb8f54559ec
2019-10-21 19:13:07,355 [grpc-default-executor-0] INFO  impl.RoleInfo (RoleInfo.java:shutdownFollowerState(121)) - 1b813ef4-47a4-4bfc-8eb5-c34ae440adb1: shutdown FollowerState
2019-10-21 19:13:07,354 [Thread-1585] INFO  impl.FollowerState (FollowerState.java:run(117)) - e6a83585-83d0-4616-a3d5-866875ad8a29@group-73E40DF2990B-FollowerState was interrupted: java.lang.InterruptedException: sleep interrupted
2019-10-21 19:13:07,354 [grpc-default-executor-5] INFO  impl.RoleInfo (RoleInfo.java:updateAndGet(143)) - e6a83585-83d0-4616-a3d5-866875ad8a29: start FollowerState
2019-10-21 19:13:07,355 [Thread-1586] INFO  impl.FollowerState (FollowerState.java:run(117)) - 1b813ef4-47a4-4bfc-8eb5-c34ae440adb1@group-73E40DF2990B-FollowerState was interrupted: java.lang.InterruptedException: sleep interrupted
2019-10-21 19:13:07,355 [grpc-default-executor-0] INFO  impl.RoleInfo (RoleInfo.java:updateAndGet(143)) - 1b813ef4-47a4-4bfc-8eb5-c34ae440adb1: start FollowerState
2019-10-21 19:13:07,390 [f2627371-a904-4314-a836-5eb8f54559ec@group-73E40DF2990B-LeaderElection203] INFO  impl.LeaderElection (LeaderElection.java:logAndReturn(56)) - f2627371-a904-4314-a836-5eb8f54559ec@group-73E40DF2990B-LeaderElection203: Election REJECTED; received 2 response(s) [f2627371-a904-4314-a836-5eb8f54559ec<-e6a83585-83d0-4616-a3d5-866875ad8a29#0:FAIL-t225, f2627371-a904-4314-a836-5eb8f54559ec<-1b813ef4-47a4-4bfc-8eb5-c34ae440adb1#0:FAIL-t225] and 0 exception(s); f2627371-a904-4314-a836-5eb8f54559ec@group-73E40DF2990B:t225, leader=null, voted=f2627371-a904-4314-a836-5eb8f54559ec, raftlog=f2627371-a904-4314-a836-5eb8f54559ec@group-73E40DF2990B-SegmentedRaftLog:OPENED:c-1,f-1,i0, conf=-1: [e6a83585-83d0-4616-a3d5-866875ad8a29:192.168.34.32:46159, f2627371-a904-4314-a836-5eb8f54559ec:192.168.34.32:33224, 1b813ef4-47a4-4bfc-8eb5-c34ae440adb1:192.168.34.32:36113], old=null
2019-10-21 19:13:07,390 [f2627371-a904-4314-a836-5eb8f54559ec@group-73E40DF2990B-LeaderElection203] INFO  impl.RaftServerImpl (RaftServerImpl.java:setRole(184)) - f2627371-a904-4314-a836-5eb8f54559ec@group-73E40DF2990B: changes role from CANDIDATE to FOLLOWER at term 225 for DISCOVERED_A_NEW_TERM
2019-10-21 19:13:07,390 [f2627371-a904-4314-a836-5eb8f54559ec@group-73E40DF2990B-LeaderElection203] INFO  impl.RoleInfo (RoleInfo.java:shutdownLeaderElection(134)) - f2627371-a904-4314-a836-5eb8f54559ec: shutdown LeaderElection
2019-10-21 19:13:07,391 [f2627371-a904-4314-a836-5eb8f54559ec@group-73E40DF2990B-LeaderElection203] INFO  impl.RoleInfo (RoleInfo.java:updateAndGet(143)) - f2627371-a904-4314-a836-5eb8f54559ec: start FollowerState
2019-10-21 19:13:07,405 [Thread-1593] INFO  impl.FollowerState (FollowerState.java:run(108)) - f2627371-a904-4314-a836-5eb8f54559ec@group-73E40DF2990B-FollowerState: change to CANDIDATE, lastRpcTime:14ms, electionTimeout:14ms
2019-10-21 19:13:07,405 [Thread-1593] INFO  impl.RoleInfo (RoleInfo.java:shutdownFollowerState(121)) - f2627371-a904-4314-a836-5eb8f54559ec: shutdown FollowerState
2019-10-21 19:13:07,405 [Thread-1593] INFO  impl.RaftServerImpl (RaftServerImpl.java:setRole(184)) - f2627371-a904-4314-a836-5eb8f54559ec@group-73E40DF2990B: changes role from  FOLLOWER to CANDIDATE at term 225 for changeToCandidate
2019-10-21 19:13:07,406 [Thread-1593] INFO  impl.RoleInfo (RoleInfo.java:updateAndGet(143)) - f2627371-a904-4314-a836-5eb8f54559ec: start LeaderElection
2019-10-21 19:13:07,437 [f2627371-a904-4314-a836-5eb8f54559ec@group-73E40DF2990B-LeaderElection204] INFO  impl.LeaderElection (LeaderElection.java:askForVotes(178)) - f2627371-a904-4314-a836-5eb8f54559ec@group-73E40DF2990B-LeaderElection204: begin an election at term 226 for -1: [e6a83585-83d0-4616-a3d5-866875ad8a29:192.168.34.32:46159, f2627371-a904-4314-a836-5eb8f54559ec:192.168.34.32:33224, 1b813ef4-47a4-4bfc-8eb5-c34ae440adb1:192.168.34.32:36113], old=null
2019-10-21 19:13:07,440 [grpc-default-executor-5] INFO  impl.RaftServerImpl (RaftServerImpl.java:setRole(184)) - e6a83585-83d0-4616-a3d5-866875ad8a29@group-73E40DF2990B: changes role from  FOLLOWER to FOLLOWER at term 226 for recognizeCandidate:f2627371-a904-4314-a836-5eb8f54559ec
2019-10-21 19:13:07,440 [grpc-default-executor-5] INFO  impl.RoleInfo (RoleInfo.java:shutdownFollowerState(121)) - e6a83585-83d0-4616-a3d5-866875ad8a29: shutdown FollowerState
2019-10-21 19:13:07,440 [grpc-default-executor-0] INFO  impl.RaftServerImpl (RaftServerImpl.java:setRole(184)) - 1b813ef4-47a4-4bfc-8eb5-c34ae440adb1@group-73E40DF2990B: changes role from  FOLLOWER to FOLLOWER at term 226 for recognizeCandidate:f2627371-a904-4314-a836-5eb8f54559ec
2019-10-21 19:13:07,440 [grpc-default-executor-0] INFO  impl.RoleInfo (RoleInfo.java:shutdownFollowerState(121)) - 1b813ef4-47a4-4bfc-8eb5-c34ae440adb1: shutdown FollowerState
2019-10-21 19:13:07,440 [Thread-1591] INFO  impl.FollowerState (FollowerState.java:run(117)) - e6a83585-83d0-4616-a3d5-866875ad8a29@group-73E40DF2990B-FollowerState was interrupted: java.lang.InterruptedException: sleep interrupted
2019-10-21 19:13:07,440 [grpc-default-executor-5] INFO  impl.RoleInfo (RoleInfo.java:updateAndGet(143)) - e6a83585-83d0-4616-a3d5-866875ad8a29: start FollowerState
2019-10-21 19:13:07,440 [Thread-1592] INFO  impl.FollowerState (FollowerState.java:run(117)) - 1b813ef4-47a4-4bfc-8eb5-c34ae440adb1@group-73E40DF2990B-FollowerState was interrupted: java.lang.InterruptedException: sleep interrupted
2019-10-21 19:13:07,440 [grpc-default-executor-0] INFO  impl.RoleInfo (RoleInfo.java:updateAndGet(143)) - 1b813ef4-47a4-4bfc-8eb5-c34ae440adb1: start FollowerState
2019-10-21 19:13:07,456 [f2627371-a904-4314-a836-5eb8f54559ec@group-73E40DF2990B-LeaderElection204] INFO  impl.LeaderElection (LeaderElection.java:logAndReturn(56)) - f2627371-a904-4314-a836-5eb8f54559ec@group-73E40DF2990B-LeaderElection204: Election REJECTED; received 2 response(s) [f2627371-a904-4314-a836-5eb8f54559ec<-e6a83585-83d0-4616-a3d5-866875ad8a29#0:FAIL-t226, f2627371-a904-4314-a836-5eb8f54559ec<-1b813ef4-47a4-4bfc-8eb5-c34ae440adb1#0:FAIL-t226] and 0 exception(s); f2627371-a904-4314-a836-5eb8f54559ec@group-73E40DF2990B:t226, leader=null, voted=f2627371-a904-4314-a836-5eb8f54559ec, raftlog=f2627371-a904-4314-a836-5eb8f54559ec@group-73E40DF2990B-SegmentedRaftLog:OPENED:c-1,f-1,i0, conf=-1: [e6a83585-83d0-4616-a3d5-866875ad8a29:192.168.34.32:46159, f2627371-a904-4314-a836-5eb8f54559ec:192.168.34.32:33224, 1b813ef4-47a4-4bfc-8eb5-c34ae440adb1:192.168.34.32:36113], old=null
2019-10-21 19:13:07,456 [f2627371-a904-4314-a836-5eb8f54559ec@group-73E40DF2990B-LeaderElection204] INFO  impl.RaftServerImpl (RaftServerImpl.java:setRole(184)) - f2627371-a904-4314-a836-5eb8f54559ec@group-73E40DF2990B: changes role from CANDIDATE to FOLLOWER at term 226 for DISCOVERED_A_NEW_TERM
2019-10-21 19:13:07,456 [f2627371-a904-4314-a836-5eb8f54559ec@group-73E40DF2990B-LeaderElection204] INFO  impl.RoleInfo (RoleInfo.java:shutdownLeaderElection(134)) - f2627371-a904-4314-a836-5eb8f54559ec: shutdown LeaderElection
2019-10-21 19:13:07,456 [f2627371-a904-4314-a836-5eb8f54559ec@group-73E40DF2990B-LeaderElection204] INFO  impl.RoleInfo (RoleInfo.java:updateAndGet(143)) - f2627371-a904-4314-a836-5eb8f54559ec: start FollowerState
2019-10-21 19:13:07,511 [Thread-1599] INFO  impl.FollowerState (FollowerState.java:run(108)) - f2627371-a904-4314-a836-5eb8f54559ec@group-73E40DF2990B-FollowerState: change to CANDIDATE, lastRpcTime:55ms, electionTimeout:55ms
2019-10-21 19:13:07,512 [Thread-1599] INFO  impl.RoleInfo (RoleInfo.java:shutdownFollowerState(121)) - f2627371-a904-4314-a836-5eb8f54559ec: shutdown FollowerState
2019-10-21 19:13:07,512 [Thread-1599] INFO  impl.RaftServerImpl (RaftServerImpl.java:setRole(184)) - f2627371-a904-4314-a836-5eb8f54559ec@group-73E40DF2990B: changes role from  FOLLOWER to CANDIDATE at term 226 for changeToCandidate
2019-10-21 19:13:07,512 [Thread-1599] INFO  impl.RoleInfo (RoleInfo.java:updateAndGet(143)) - f2627371-a904-4314-a836-5eb8f54559ec: start LeaderElection
2019-10-21 19:13:07,528 [f2627371-a904-4314-a836-5eb8f54559ec@group-73E40DF2990B-LeaderElection205] INFO  impl.LeaderElection (LeaderElection.java:askForVotes(178)) - f2627371-a904-4314-a836-5eb8f54559ec@group-73E40DF2990B-LeaderElection205: begin an election at term 227 for -1: [e6a83585-83d0-4616-a3d5-866875ad8a29:192.168.34.32:46159, f2627371-a904-4314-a836-5eb8f54559ec:192.168.34.32:33224, 1b813ef4-47a4-4bfc-8eb5-c34ae440adb1:192.168.34.32:36113], old=null
2019-10-21 19:13:07,530 [grpc-default-executor-0] INFO  impl.RaftServerImpl (RaftServerImpl.java:setRole(184)) - 1b813ef4-47a4-4bfc-8eb5-c34ae440adb1@group-73E40DF2990B: changes role from  FOLLOWER to FOLLOWER at term 227 for recognizeCandidate:f2627371-a904-4314-a836-5eb8f54559ec
2019-10-21 19:13:07,531 [grpc-default-executor-0] INFO  impl.RoleInfo (RoleInfo.java:shutdownFollowerState(121)) - 1b813ef4-47a4-4bfc-8eb5-c34ae440adb1: shutdown FollowerState
2019-10-21 19:13:07,531 [grpc-default-executor-5] INFO  impl.RaftServerImpl (RaftServerImpl.java:setRole(184)) - e6a83585-83d0-4616-a3d5-866875ad8a29@group-73E40DF2990B: changes role from  FOLLOWER to FOLLOWER at term 227 for recognizeCandidate:f2627371-a904-4314-a836-5eb8f54559ec
2019-10-21 19:13:07,531 [grpc-default-executor-5] INFO  impl.RoleInfo (RoleInfo.java:shutdownFollowerState(121)) - e6a83585-83d0-4616-a3d5-866875ad8a29: shutdown FollowerState
2019-10-21 19:13:07,531 [Thread-1598] INFO  impl.FollowerState (FollowerState.java:run(117)) - 1b813ef4-47a4-4bfc-8eb5-c34ae440adb1@group-73E40DF2990B-FollowerState was interrupted: java.lang.InterruptedException: sleep interrupted
2019-10-21 19:13:07,531 [grpc-default-executor-0] INFO  impl.RoleInfo (RoleInfo.java:updateAndGet(143)) - 1b813ef4-47a4-4bfc-8eb5-c34ae440adb1: start FollowerState
2019-10-21 19:13:07,531 [Thread-1597] INFO  impl.FollowerState (FollowerState.java:run(117)) - e6a83585-83d0-4616-a3d5-866875ad8a29@group-73E40DF2990B-FollowerState was interrupted: java.lang.InterruptedException: sleep interrupted
2019-10-21 19:13:07,531 [grpc-default-executor-5] INFO  impl.RoleInfo (RoleInfo.java:updateAndGet(143)) - e6a83585-83d0-4616-a3d5-866875ad8a29: start FollowerState
2019-10-21 19:13:07,546 [f2627371-a904-4314-a836-5eb8f54559ec@group-73E40DF2990B-LeaderElection205] INFO  impl.LeaderElection (LeaderElection.java:logAndReturn(56)) - f2627371-a904-4314-a836-5eb8f54559ec@group-73E40DF2990B-LeaderElection205: Election REJECTED; received 2 response(s) [f2627371-a904-4314-a836-5eb8f54559ec<-e6a83585-83d0-4616-a3d5-866875ad8a29#0:FAIL-t227, f2627371-a904-4314-a836-5eb8f54559ec<-1b813ef4-47a4-4bfc-8eb5-c34ae440adb1#0:FAIL-t227] and 0 exception(s); f2627371-a904-4314-a836-5eb8f54559ec@group-73E40DF2990B:t227, leader=null, voted=f2627371-a904-4314-a836-5eb8f54559ec, raftlog=f2627371-a904-4314-a836-5eb8f54559ec@group-73E40DF2990B-SegmentedRaftLog:OPENED:c-1,f-1,i0, conf=-1: [e6a83585-83d0-4616-a3d5-866875ad8a29:192.168.34.32:46159, f2627371-a904-4314-a836-5eb8f54559ec:192.168.34.32:33224, 1b813ef4-47a4-4bfc-8eb5-c34ae440adb1:192.168.34.32:36113], old=null
2019-10-21 19:13:07,547 [f2627371-a904-4314-a836-5eb8f54559ec@group-73E40DF2990B-LeaderElection205] INFO  impl.RaftServerImpl (RaftServerImpl.java:setRole(184)) - f2627371-a904-4314-a836-5eb8f54559ec@group-73E40DF2990B: changes role from CANDIDATE to FOLLOWER at term 227 for DISCOVERED_A_NEW_TERM
2019-10-21 19:13:07,547 [f2627371-a904-4314-a836-5eb8f54559ec@group-73E40DF2990B-LeaderElection205] INFO  impl.RoleInfo (RoleInfo.java:shutdownLeaderElection(134)) - f2627371-a904-4314-a836-5eb8f54559ec: shutdown LeaderElection
2019-10-21 19:13:07,547 [f2627371-a904-4314-a836-5eb8f54559ec@group-73E40DF2990B-LeaderElection205] INFO  impl.RoleInfo (RoleInfo.java:updateAndGet(143)) - f2627371-a904-4314-a836-5eb8f54559ec: start FollowerState
2019-10-21 19:13:07,685 [Thread-1607] INFO  impl.FollowerState (FollowerState.java:run(108)) - f2627371-a904-4314-a836-5eb8f54559ec@group-73E40DF2990B-FollowerState: change to CANDIDATE, lastRpcTime:138ms, electionTimeout:138ms
2019-10-21 19:13:07,686 [Thread-1607] INFO  impl.RoleInfo (RoleInfo.java:shutdownFollowerState(121)) - f2627371-a904-4314-a836-5eb8f54559ec: shutdown FollowerState
2019-10-21 19:13:07,686 [Thread-1607] INFO  impl.RaftServerImpl (RaftServerImpl.java:setRole(184)) - f2627371-a904-4314-a836-5eb8f54559ec@group-73E40DF2990B: changes role from  FOLLOWER to CANDIDATE at term 227 for changeToCandidate
2019-10-21 19:13:07,686 [Thread-1607] INFO  impl.RoleInfo (RoleInfo.java:updateAndGet(143)) - f2627371-a904-4314-a836-5eb8f54559ec: start LeaderElection
2019-10-21 19:13:07,714 [f2627371-a904-4314-a836-5eb8f54559ec@group-73E40DF2990B-LeaderElection206] INFO  impl.LeaderElection (LeaderElection.java:askForVotes(178)) - f2627371-a904-4314-a836-5eb8f54559ec@group-73E40DF2990B-LeaderElection206: begin an election at term 228 for -1: [e6a83585-83d0-4616-a3d5-866875ad8a29:192.168.34.32:46159, f2627371-a904-4314-a836-5eb8f54559ec:192.168.34.32:33224, 1b813ef4-47a4-4bfc-8eb5-c34ae440adb1:192.168.34.32:36113], old=null
2019-10-21 19:13:07,716 [grpc-default-executor-0] INFO  impl.RaftServerImpl (RaftServerImpl.java:setRole(184)) - e6a83585-83d0-4616-a3d5-866875ad8a29@group-73E40DF2990B: changes role from  FOLLOWER to FOLLOWER at term 228 for recognizeCandidate:f2627371-a904-4314-a836-5eb8f54559ec
2019-10-21 19:13:07,716 [grpc-default-executor-0] INFO  impl.RoleInfo (RoleInfo.java:shutdownFollowerState(121)) - e6a83585-83d0-4616-a3d5-866875ad8a29: shutdown FollowerState
2019-10-21 19:13:07,716 [grpc-default-executor-0] INFO  impl.RoleInfo (RoleInfo.java:updateAndGet(143)) - e6a83585-83d0-4616-a3d5-866875ad8a29: start FollowerState
2019-10-21 19:13:07,717 [Thread-1606] INFO  impl.FollowerState (FollowerState.java:run(117)) - e6a83585-83d0-4616-a3d5-866875ad8a29@group-73E40DF2990B-FollowerState was interrupted: java.lang.InterruptedException: sleep interrupted
2019-10-21 19:13:07,717 [grpc-default-executor-5] INFO  impl.RaftServerImpl (RaftServerImpl.java:setRole(184)) - 1b813ef4-47a4-4bfc-8eb5-c34ae440adb1@group-73E40DF2990B: changes role from  FOLLOWER to FOLLOWER at term 228 for recognizeCandidate:f2627371-a904-4314-a836-5eb8f54559ec
2019-10-21 19:13:07,717 [grpc-default-executor-5] INFO  impl.RoleInfo (RoleInfo.java:shutdownFollowerState(121)) - 1b813ef4-47a4-4bfc-8eb5-c34ae440adb1: shutdown FollowerState
2019-10-21 19:13:07,717 [grpc-default-executor-5] INFO  impl.RoleInfo (RoleInfo.java:updateAndGet(143)) - 1b813ef4-47a4-4bfc-8eb5-c34ae440adb1: start FollowerState
2019-10-21 19:13:07,717 [Thread-1605] INFO  impl.FollowerState (FollowerState.java:run(117)) - 1b813ef4-47a4-4bfc-8eb5-c34ae440adb1@group-73E40DF2990B-FollowerState was interrupted: java.lang.InterruptedException: sleep interrupted
2019-10-21 19:13:07,731 [f2627371-a904-4314-a836-5eb8f54559ec@group-73E40DF2990B-LeaderElection206] INFO  impl.LeaderElection (LeaderElection.java:logAndReturn(56)) - f2627371-a904-4314-a836-5eb8f54559ec@group-73E40DF2990B-LeaderElection206: Election REJECTED; received 2 response(s) [f2627371-a904-4314-a836-5eb8f54559ec<-e6a83585-83d0-4616-a3d5-866875ad8a29#0:FAIL-t228, f2627371-a904-4314-a836-5eb8f54559ec<-1b813ef4-47a4-4bfc-8eb5-c34ae440adb1#0:FAIL-t228] and 0 exception(s); f2627371-a904-4314-a836-5eb8f54559ec@group-73E40DF2990B:t228, leader=null, voted=f2627371-a904-4314-a836-5eb8f54559ec, raftlog=f2627371-a904-4314-a836-5eb8f54559ec@group-73E40DF2990B-SegmentedRaftLog:OPENED:c-1,f-1,i0, conf=-1: [e6a83585-83d0-4616-a3d5-866875ad8a29:192.168.34.32:46159, f2627371-a904-4314-a836-5eb8f54559ec:192.168.34.32:33224, 1b813ef4-47a4-4bfc-8eb5-c34ae440adb1:192.168.34.32:36113], old=null
2019-10-21 19:13:07,732 [f2627371-a904-4314-a836-5eb8f54559ec@group-73E40DF2990B-LeaderElection206] INFO  impl.RaftServerImpl (RaftServerImpl.java:setRole(184)) - f2627371-a904-4314-a836-5eb8f54559ec@group-73E40DF2990B: changes role from CANDIDATE to FOLLOWER at term 228 for DISCOVERED_A_NEW_TERM
2019-10-21 19:13:07,732 [f2627371-a904-4314-a836-5eb8f54559ec@group-73E40DF2990B-LeaderElection206] INFO  impl.RoleInfo (RoleInfo.java:shutdownLeaderElection(134)) - f2627371-a904-4314-a836-5eb8f54559ec: shutdown LeaderElection
2019-10-21 19:13:07,732 [f2627371-a904-4314-a836-5eb8f54559ec@group-73E40DF2990B-LeaderElection206] INFO  impl.RoleInfo (RoleInfo.java:updateAndGet(143)) - f2627371-a904-4314-a836-5eb8f54559ec: start FollowerState
2019-10-21 19:13:07,932 [Thread-1613] INFO  impl.FollowerState (FollowerState.java:run(108)) - f2627371-a904-4314-a836-5eb8f54559ec@group-73E40DF2990B-FollowerState: change to CANDIDATE, lastRpcTime:200ms, electionTimeout:200ms
2019-10-21 19:13:07,932 [Thread-1613] INFO  impl.RoleInfo (RoleInfo.java:shutdownFollowerState(121)) - f2627371-a904-4314-a836-5eb8f54559ec: shutdown FollowerState
2019-10-21 19:13:07,933 [Thread-1613] INFO  impl.RaftServerImpl (RaftServerImpl.java:setRole(184)) - f2627371-a904-4314-a836-5eb8f54559ec@group-73E40DF2990B: changes role from  FOLLOWER to CANDIDATE at term 228 for changeToCandidate
2019-10-21 19:13:07,933 [Thread-1613] INFO  impl.RoleInfo (RoleInfo.java:updateAndGet(143)) - f2627371-a904-4314-a836-5eb8f54559ec: start LeaderElection
2019-10-21 19:13:07,957 [f2627371-a904-4314-a836-5eb8f54559ec@group-73E40DF2990B-LeaderElection207] INFO  impl.LeaderElection (LeaderElection.java:askForVotes(178)) - f2627371-a904-4314-a836-5eb8f54559ec@group-73E40DF2990B-LeaderElection207: begin an election at term 229 for -1: [e6a83585-83d0-4616-a3d5-866875ad8a29:192.168.34.32:46159, f2627371-a904-4314-a836-5eb8f54559ec:192.168.34.32:33224, 1b813ef4-47a4-4bfc-8eb5-c34ae440adb1:192.168.34.32:36113], old=null
2019-10-21 19:13:07,960 [grpc-default-executor-0] INFO  impl.RaftServerImpl (RaftServerImpl.java:setRole(184)) - e6a83585-83d0-4616-a3d5-866875ad8a29@group-73E40DF2990B: changes role from  FOLLOWER to FOLLOWER at term 229 for recognizeCandidate:f2627371-a904-4314-a836-5eb8f54559ec
2019-10-21 19:13:07,960 [grpc-default-executor-0] INFO  impl.RoleInfo (RoleInfo.java:shutdownFollowerState(121)) - e6a83585-83d0-4616-a3d5-866875ad8a29: shutdown FollowerState
2019-10-21 19:13:07,960 [grpc-default-executor-5] INFO  impl.RaftServerImpl (RaftServerImpl.java:setRole(184)) - 1b813ef4-47a4-4bfc-8eb5-c34ae440adb1@group-73E40DF2990B: changes role from  FOLLOWER to FOLLOWER at term 229 for recognizeCandidate:f2627371-a904-4314-a836-5eb8f54559ec
2019-10-21 19:13:07,960 [grpc-default-executor-5] INFO  impl.RoleInfo (RoleInfo.java:shutdownFollowerState(121)) - 1b813ef4-47a4-4bfc-8eb5-c34ae440adb1: shutdown FollowerState
2019-10-21 19:13:07,960 [Thread-1611] INFO  impl.FollowerState (FollowerState.java:run(117)) - e6a83585-83d0-4616-a3d5-866875ad8a29@group-73E40DF2990B-FollowerState was interrupted: java.lang.InterruptedException: sleep interrupted
2019-10-21 19:13:07,960 [Thread-1612] INFO  impl.FollowerState (FollowerState.java:run(117)) - 1b813ef4-47a4-4bfc-8eb5-c34ae440adb1@group-73E40DF2990B-FollowerState was interrupted: java.lang.InterruptedException: sleep interrupted
2019-10-21 19:13:07,960 [grpc-default-executor-0] INFO  impl.RoleInfo (RoleInfo.java:updateAndGet(143)) - e6a83585-83d0-4616-a3d5-866875ad8a29: start FollowerState
2019-10-21 19:13:07,960 [grpc-default-executor-5] INFO  impl.RoleInfo (RoleInfo.java:updateAndGet(143)) - 1b813ef4-47a4-4bfc-8eb5-c34ae440adb1: start FollowerState
2019-10-21 19:13:07,973 [f2627371-a904-4314-a836-5eb8f54559ec@group-73E40DF2990B-LeaderElection207] INFO  impl.LeaderElection (LeaderElection.java:logAndReturn(56)) - f2627371-a904-4314-a836-5eb8f54559ec@group-73E40DF2990B-LeaderElection207: Election REJECTED; received 2 response(s) [f2627371-a904-4314-a836-5eb8f54559ec<-e6a83585-83d0-4616-a3d5-866875ad8a29#0:FAIL-t229, f2627371-a904-4314-a836-5eb8f54559ec<-1b813ef4-47a4-4bfc-8eb5-c34ae440adb1#0:FAIL-t229] and 0 exception(s); f2627371-a904-4314-a836-5eb8f54559ec@group-73E40DF2990B:t229, leader=null, voted=f2627371-a904-4314-a836-5eb8f54559ec, raftlog=f2627371-a904-4314-a836-5eb8f54559ec@group-73E40DF2990B-SegmentedRaftLog:OPENED:c-1,f-1,i0, conf=-1: [e6a83585-83d0-4616-a3d5-866875ad8a29:192.168.34.32:46159, f2627371-a904-4314-a836-5eb8f54559ec:192.168.34.32:33224, 1b813ef4-47a4-4bfc-8eb5-c34ae440adb1:192.168.34.32:36113], old=null
2019-10-21 19:13:07,973 [f2627371-a904-4314-a836-5eb8f54559ec@group-73E40DF2990B-LeaderElection207] INFO  impl.RaftServerImpl (RaftServerImpl.java:setRole(184)) - f2627371-a904-4314-a836-5eb8f54559ec@group-73E40DF2990B: changes role from CANDIDATE to FOLLOWER at term 229 for DISCOVERED_A_NEW_TERM
2019-10-21 19:13:07,973 [f2627371-a904-4314-a836-5eb8f54559ec@group-73E40DF2990B-LeaderElection207] INFO  impl.RoleInfo (RoleInfo.java:shutdownLeaderElection(134)) - f2627371-a904-4314-a836-5eb8f54559ec: shutdown LeaderElection
2019-10-21 19:13:07,973 [f2627371-a904-4314-a836-5eb8f54559ec@group-73E40DF2990B-LeaderElection207] INFO  impl.RoleInfo (RoleInfo.java:updateAndGet(143)) - f2627371-a904-4314-a836-5eb8f54559ec: start FollowerState
2019-10-21 19:13:08,030 [Thread-1619] INFO  impl.FollowerState (FollowerState.java:run(108)) - f2627371-a904-4314-a836-5eb8f54559ec@group-73E40DF2990B-FollowerState: change to CANDIDATE, lastRpcTime:56ms, electionTimeout:56ms
2019-10-21 19:13:08,030 [Thread-1619] INFO  impl.RoleInfo (RoleInfo.java:shutdownFollowerState(121)) - f2627371-a904-4314-a836-5eb8f54559ec: shutdown FollowerState
2019-10-21 19:13:08,030 [Thread-1619] INFO  impl.RaftServerImpl (RaftServerImpl.java:setRole(184)) - f2627371-a904-4314-a836-5eb8f54559ec@group-73E40DF2990B: changes role from  FOLLOWER to CANDIDATE at term 229 for changeToCandidate
2019-10-21 19:13:08,030 [Thread-1619] INFO  impl.RoleInfo (RoleInfo.java:updateAndGet(143)) - f2627371-a904-4314-a836-5eb8f54559ec: start LeaderElection
2019-10-21 19:13:08,045 [f2627371-a904-4314-a836-5eb8f54559ec@group-73E40DF2990B-LeaderElection208] INFO  impl.LeaderElection (LeaderElection.java:askForVotes(178)) - f2627371-a904-4314-a836-5eb8f54559ec@group-73E40DF2990B-LeaderElection208: begin an election at term 230 for -1: [e6a83585-83d0-4616-a3d5-866875ad8a29:192.168.34.32:46159, f2627371-a904-4314-a836-5eb8f54559ec:192.168.34.32:33224, 1b813ef4-47a4-4bfc-8eb5-c34ae440adb1:192.168.34.32:36113], old=null
2019-10-21 19:13:08,048 [grpc-default-executor-0] INFO  impl.RaftServerImpl (RaftServerImpl.java:setRole(184)) - e6a83585-83d0-4616-a3d5-866875ad8a29@group-73E40DF2990B: changes role from  FOLLOWER to FOLLOWER at term 230 for recognizeCandidate:f2627371-a904-4314-a836-5eb8f54559ec
2019-10-21 19:13:08,048 [grpc-default-executor-0] INFO  impl.RoleInfo (RoleInfo.java:shutdownFollowerState(121)) - e6a83585-83d0-4616-a3d5-866875ad8a29: shutdown FollowerState
2019-10-21 19:13:08,048 [grpc-default-executor-5] INFO  impl.RaftServerImpl (RaftServerImpl.java:setRole(184)) - 1b813ef4-47a4-4bfc-8eb5-c34ae440adb1@group-73E40DF2990B: changes role from  FOLLOWER to FOLLOWER at term 230 for recognizeCandidate:f2627371-a904-4314-a836-5eb8f54559ec
2019-10-21 19:13:08,048 [grpc-default-executor-5] INFO  impl.RoleInfo (RoleInfo.java:shutdownFollowerState(121)) - 1b813ef4-47a4-4bfc-8eb5-c34ae440adb1: shutdown FollowerState
2019-10-21 19:13:08,048 [Thread-1617] INFO  impl.FollowerState (FollowerState.java:run(117)) - e6a83585-83d0-4616-a3d5-866875ad8a29@group-73E40DF2990B-FollowerState was interrupted: java.lang.InterruptedException: sleep interrupted
2019-10-21 19:13:08,048 [grpc-default-executor-0] INFO  impl.RoleInfo (RoleInfo.java:updateAndGet(143)) - e6a83585-83d0-4616-a3d5-866875ad8a29: start FollowerState
2019-10-21 19:13:08,048 [Thread-1618] INFO  impl.FollowerState (FollowerState.java:run(117)) - 1b813ef4-47a4-4bfc-8eb5-c34ae440adb1@group-73E40DF2990B-FollowerState was interrupted: java.lang.InterruptedException: sleep interrupted
2019-10-21 19:13:08,048 [grpc-default-executor-5] INFO  impl.RoleInfo (RoleInfo.java:updateAndGet(143)) - 1b813ef4-47a4-4bfc-8eb5-c34ae440adb1: start FollowerState
2019-10-21 19:13:08,064 [f2627371-a904-4314-a836-5eb8f54559ec@group-73E40DF2990B-LeaderElection208] INFO  impl.LeaderElection (LeaderElection.java:logAndReturn(56)) - f2627371-a904-4314-a836-5eb8f54559ec@group-73E40DF2990B-LeaderElection208: Election REJECTED; received 2 response(s) [f2627371-a904-4314-a836-5eb8f54559ec<-e6a83585-83d0-4616-a3d5-866875ad8a29#0:FAIL-t230, f2627371-a904-4314-a836-5eb8f54559ec<-1b813ef4-47a4-4bfc-8eb5-c34ae440adb1#0:FAIL-t230] and 0 exception(s); f2627371-a904-4314-a836-5eb8f54559ec@group-73E40DF2990B:t230, leader=null, voted=f2627371-a904-4314-a836-5eb8f54559ec, raftlog=f2627371-a904-4314-a836-5eb8f54559ec@group-73E40DF2990B-SegmentedRaftLog:OPENED:c-1,f-1,i0, conf=-1: [e6a83585-83d0-4616-a3d5-866875ad8a29:192.168.34.32:46159, f2627371-a904-4314-a836-5eb8f54559ec:192.168.34.32:33224, 1b813ef4-47a4-4bfc-8eb5-c34ae440adb1:192.168.34.32:36113], old=null
2019-10-21 19:13:08,064 [f2627371-a904-4314-a836-5eb8f54559ec@group-73E40DF2990B-LeaderElection208] INFO  impl.RaftServerImpl (RaftServerImpl.java:setRole(184)) - f2627371-a904-4314-a836-5eb8f54559ec@group-73E40DF2990B: changes role from CANDIDATE to FOLLOWER at term 230 for DISCOVERED_A_NEW_TERM
2019-10-21 19:13:08,065 [f2627371-a904-4314-a836-5eb8f54559ec@group-73E40DF2990B-LeaderElection208] INFO  impl.RoleInfo (RoleInfo.java:shutdownLeaderElection(134)) - f2627371-a904-4314-a836-5eb8f54559ec: shutdown LeaderElection
2019-10-21 19:13:08,065 [f2627371-a904-4314-a836-5eb8f54559ec@group-73E40DF2990B-LeaderElection208] INFO  impl.RoleInfo (RoleInfo.java:updateAndGet(143)) - f2627371-a904-4314-a836-5eb8f54559ec: start FollowerState
2019-10-21 19:13:08,249 [Thread-1625] INFO  impl.FollowerState (FollowerState.java:run(108)) - f2627371-a904-4314-a836-5eb8f54559ec@group-73E40DF2990B-FollowerState: change to CANDIDATE, lastRpcTime:184ms, electionTimeout:184ms
2019-10-21 19:13:08,249 [Thread-1625] INFO  impl.RoleInfo (RoleInfo.java:shutdownFollowerState(121)) - f2627371-a904-4314-a836-5eb8f54559ec: shutdown FollowerState
2019-10-21 19:13:08,249 [Thread-1625] INFO  impl.RaftServerImpl (RaftServerImpl.java:setRole(184)) - f2627371-a904-4314-a836-5eb8f54559ec@group-73E40DF2990B: changes role from  FOLLOWER to CANDIDATE at term 230 for changeToCandidate
2019-10-21 19:13:08,250 [Thread-1625] INFO  impl.RoleInfo (RoleInfo.java:updateAndGet(143)) - f2627371-a904-4314-a836-5eb8f54559ec: start LeaderElection
2019-10-21 19:13:08,259 [f2627371-a904-4314-a836-5eb8f54559ec@group-73E40DF2990B-LeaderElection209] INFO  impl.LeaderElection (LeaderElection.java:askForVotes(178)) - f2627371-a904-4314-a836-5eb8f54559ec@group-73E40DF2990B-LeaderElection209: begin an election at term 231 for -1: [e6a83585-83d0-4616-a3d5-866875ad8a29:192.168.34.32:46159, f2627371-a904-4314-a836-5eb8f54559ec:192.168.34.32:33224, 1b813ef4-47a4-4bfc-8eb5-c34ae440adb1:192.168.34.32:36113], old=null
2019-10-21 19:13:08,261 [grpc-default-executor-0] INFO  impl.RaftServerImpl (RaftServerImpl.java:setRole(184)) - e6a83585-83d0-4616-a3d5-866875ad8a29@group-73E40DF2990B: changes role from  FOLLOWER to FOLLOWER at term 231 for recognizeCandidate:f2627371-a904-4314-a836-5eb8f54559ec
2019-10-21 19:13:08,262 [grpc-default-executor-0] INFO  impl.RoleInfo (RoleInfo.java:shutdownFollowerState(121)) - e6a83585-83d0-4616-a3d5-866875ad8a29: shutdown FollowerState
2019-10-21 19:13:08,262 [grpc-default-executor-0] INFO  impl.RoleInfo (RoleInfo.java:updateAndGet(143)) - e6a83585-83d0-4616-a3d5-866875ad8a29: start FollowerState
2019-10-21 19:13:08,262 [Thread-1623] INFO  impl.FollowerState (FollowerState.java:run(117)) - e6a83585-83d0-4616-a3d5-866875ad8a29@group-73E40DF2990B-FollowerState was interrupted: java.lang.InterruptedException: sleep interrupted
2019-10-21 19:13:08,262 [grpc-default-executor-5] INFO  impl.RaftServerImpl (RaftServerImpl.java:setRole(184)) - 1b813ef4-47a4-4bfc-8eb5-c34ae440adb1@group-73E40DF2990B: changes role from  FOLLOWER to FOLLOWER at term 231 for recognizeCandidate:f2627371-a904-4314-a836-5eb8f54559ec
2019-10-21 19:13:08,262 [grpc-default-executor-5] INFO  impl.RoleInfo (RoleInfo.java:shutdownFollowerState(121)) - 1b813ef4-47a4-4bfc-8eb5-c34ae440adb1: shutdown FollowerState
2019-10-21 19:13:08,262 [grpc-default-executor-5] INFO  impl.RoleInfo (RoleInfo.java:updateAndGet(143)) - 1b813ef4-47a4-4bfc-8eb5-c34ae440adb1: start FollowerState
2019-10-21 19:13:08,262 [Thread-1624] INFO  impl.FollowerState (FollowerState.java:run(117)) - 1b813ef4-47a4-4bfc-8eb5-c34ae440adb1@group-73E40DF2990B-FollowerState was interrupted: java.lang.InterruptedException: sleep interrupted
2019-10-21 19:13:08,275 [f2627371-a904-4314-a836-5eb8f54559ec@group-73E40DF2990B-LeaderElection209] INFO  impl.LeaderElection (LeaderElection.java:logAndReturn(56)) - f2627371-a904-4314-a836-5eb8f54559ec@group-73E40DF2990B-LeaderElection209: Election REJECTED; received 2 response(s) [f2627371-a904-4314-a836-5eb8f54559ec<-e6a83585-83d0-4616-a3d5-866875ad8a29#0:FAIL-t231, f2627371-a904-4314-a836-5eb8f54559ec<-1b813ef4-47a4-4bfc-8eb5-c34ae440adb1#0:FAIL-t231] and 0 exception(s); f2627371-a904-4314-a836-5eb8f54559ec@group-73E40DF2990B:t231, leader=null, voted=f2627371-a904-4314-a836-5eb8f54559ec, raftlog=f2627371-a904-4314-a836-5eb8f54559ec@group-73E40DF2990B-SegmentedRaftLog:OPENED:c-1,f-1,i0, conf=-1: [e6a83585-83d0-4616-a3d5-866875ad8a29:192.168.34.32:46159, f2627371-a904-4314-a836-5eb8f54559ec:192.168.34.32:33224, 1b813ef4-47a4-4bfc-8eb5-c34ae440adb1:192.168.34.32:36113], old=null
2019-10-21 19:13:08,275 [f2627371-a904-4314-a836-5eb8f54559ec@group-73E40DF2990B-LeaderElection209] INFO  impl.RaftServerImpl (RaftServerImpl.java:setRole(184)) - f2627371-a904-4314-a836-5eb8f54559ec@group-73E40DF2990B: changes role from CANDIDATE to FOLLOWER at term 231 for DISCOVERED_A_NEW_TERM
2019-10-21 19:13:08,275 [f2627371-a904-4314-a836-5eb8f54559ec@group-73E40DF2990B-LeaderElection209] INFO  impl.RoleInfo (RoleInfo.java:shutdownLeaderElection(134)) - f2627371-a904-4314-a836-5eb8f54559ec: shutdown LeaderElection
2019-10-21 19:13:08,276 [f2627371-a904-4314-a836-5eb8f54559ec@group-73E40DF2990B-LeaderElection209] INFO  impl.RoleInfo (RoleInfo.java:updateAndGet(143)) - f2627371-a904-4314-a836-5eb8f54559ec: start FollowerState
2019-10-21 19:13:08,451 [Thread-1631] INFO  impl.FollowerState (FollowerState.java:run(108)) - f2627371-a904-4314-a836-5eb8f54559ec@group-73E40DF2990B-FollowerState: change to CANDIDATE, lastRpcTime:175ms, electionTimeout:175ms
2019-10-21 19:13:08,451 [Thread-1631] INFO  impl.RoleInfo (RoleInfo.java:shutdownFollowerState(121)) - f2627371-a904-4314-a836-5eb8f54559ec: shutdown FollowerState
2019-10-21 19:13:08,451 [Thread-1631] INFO  impl.RaftServerImpl (RaftServerImpl.java:setRole(184)) - f2627371-a904-4314-a836-5eb8f54559ec@group-73E40DF2990B: changes role from  FOLLOWER to CANDIDATE at term 231 for changeToCandidate
2019-10-21 19:13:08,452 [Thread-1631] INFO  impl.RoleInfo (RoleInfo.java:updateAndGet(143)) - f2627371-a904-4314-a836-5eb8f54559ec: start LeaderElection
2019-10-21 19:13:08,482 [f2627371-a904-4314-a836-5eb8f54559ec@group-73E40DF2990B-LeaderElection210] INFO  impl.LeaderElection (LeaderElection.java:askForVotes(178)) - f2627371-a904-4314-a836-5eb8f54559ec@group-73E40DF2990B-LeaderElection210: begin an election at term 232 for -1: [e6a83585-83d0-4616-a3d5-866875ad8a29:192.168.34.32:46159, f2627371-a904-4314-a836-5eb8f54559ec:192.168.34.32:33224, 1b813ef4-47a4-4bfc-8eb5-c34ae440adb1:192.168.34.32:36113], old=null
2019-10-21 19:13:08,486 [grpc-default-executor-5] INFO  impl.RaftServerImpl (RaftServerImpl.java:setRole(184)) - e6a83585-83d0-4616-a3d5-866875ad8a29@group-73E40DF2990B: changes role from  FOLLOWER to FOLLOWER at term 232 for recognizeCandidate:f2627371-a904-4314-a836-5eb8f54559ec
2019-10-21 19:13:08,486 [grpc-default-executor-5] INFO  impl.RoleInfo (RoleInfo.java:shutdownFollowerState(121)) - e6a83585-83d0-4616-a3d5-866875ad8a29: shutdown FollowerState
2019-10-21 19:13:08,486 [grpc-default-executor-5] INFO  impl.RoleInfo (RoleInfo.java:updateAndGet(143)) - e6a83585-83d0-4616-a3d5-866875ad8a29: start FollowerState
2019-10-21 19:13:08,486 [grpc-default-executor-0] INFO  impl.RaftServerImpl (RaftServerImpl.java:setRole(184)) - 1b813ef4-47a4-4bfc-8eb5-c34ae440adb1@group-73E40DF2990B: changes role from  FOLLOWER to FOLLOWER at term 232 for recognizeCandidate:f2627371-a904-4314-a836-5eb8f54559ec
2019-10-21 19:13:08,486 [Thread-1629] INFO  impl.FollowerState (FollowerState.java:run(117)) - e6a83585-83d0-4616-a3d5-866875ad8a29@group-73E40DF2990B-FollowerState was interrupted: java.lang.InterruptedException: sleep interrupted
2019-10-21 19:13:08,487 [grpc-default-executor-0] INFO  impl.RoleInfo (RoleInfo.java:shutdownFollowerState(121)) - 1b813ef4-47a4-4bfc-8eb5-c34ae440adb1: shutdown FollowerState
2019-10-21 19:13:08,487 [grpc-default-executor-0] INFO  impl.RoleInfo (RoleInfo.java:updateAndGet(143)) - 1b813ef4-47a4-4bfc-8eb5-c34ae440adb1: start FollowerState
2019-10-21 19:13:08,487 [Thread-1630] INFO  impl.FollowerState (FollowerState.java:run(117)) - 1b813ef4-47a4-4bfc-8eb5-c34ae440adb1@group-73E40DF2990B-FollowerState was interrupted: java.lang.InterruptedException: sleep interrupted
2019-10-21 19:13:08,504 [f2627371-a904-4314-a836-5eb8f54559ec@group-73E40DF2990B-LeaderElection210] INFO  impl.LeaderElection (LeaderElection.java:logAndReturn(56)) - f2627371-a904-4314-a836-5eb8f54559ec@group-73E40DF2990B-LeaderElection210: Election REJECTED; received 2 response(s) [f2627371-a904-4314-a836-5eb8f54559ec<-e6a83585-83d0-4616-a3d5-866875ad8a29#0:FAIL-t232, f2627371-a904-4314-a836-5eb8f54559ec<-1b813ef4-47a4-4bfc-8eb5-c34ae440adb1#0:FAIL-t232] and 0 exception(s); f2627371-a904-4314-a836-5eb8f54559ec@group-73E40DF2990B:t232, leader=null, voted=f2627371-a904-4314-a836-5eb8f54559ec, raftlog=f2627371-a904-4314-a836-5eb8f54559ec@group-73E40DF2990B-SegmentedRaftLog:OPENED:c-1,f-1,i0, conf=-1: [e6a83585-83d0-4616-a3d5-866875ad8a29:192.168.34.32:46159, f2627371-a904-4314-a836-5eb8f54559ec:192.168.34.32:33224, 1b813ef4-47a4-4bfc-8eb5-c34ae440adb1:192.168.34.32:36113], old=null
2019-10-21 19:13:08,504 [f2627371-a904-4314-a836-5eb8f54559ec@group-73E40DF2990B-LeaderElection210] INFO  impl.RaftServerImpl (RaftServerImpl.java:setRole(184)) - f2627371-a904-4314-a836-5eb8f54559ec@group-73E40DF2990B: changes role from CANDIDATE to FOLLOWER at term 232 for DISCOVERED_A_NEW_TERM
2019-10-21 19:13:08,504 [f2627371-a904-4314-a836-5eb8f54559ec@group-73E40DF2990B-LeaderElection210] INFO  impl.RoleInfo (RoleInfo.java:shutdownLeaderElection(134)) - f2627371-a904-4314-a836-5eb8f54559ec: shutdown LeaderElection
2019-10-21 19:13:08,504 [f2627371-a904-4314-a836-5eb8f54559ec@group-73E40DF2990B-LeaderElection210] INFO  impl.RoleInfo (RoleInfo.java:updateAndGet(143)) - f2627371-a904-4314-a836-5eb8f54559ec: start FollowerState
2019-10-21 19:13:08,580 [Thread-1639] INFO  impl.FollowerState (FollowerState.java:run(108)) - f2627371-a904-4314-a836-5eb8f54559ec@group-73E40DF2990B-FollowerState: change to CANDIDATE, lastRpcTime:75ms, electionTimeout:75ms
2019-10-21 19:13:08,580 [Thread-1639] INFO  impl.RoleInfo (RoleInfo.java:shutdownFollowerState(121)) - f2627371-a904-4314-a836-5eb8f54559ec: shutdown FollowerState
2019-10-21 19:13:08,580 [Thread-1639] INFO  impl.RaftServerImpl (RaftServerImpl.java:setRole(184)) - f2627371-a904-4314-a836-5eb8f54559ec@group-73E40DF2990B: changes role from  FOLLOWER to CANDIDATE at term 232 for changeToCandidate
2019-10-21 19:13:08,580 [Thread-1639] INFO  impl.RoleInfo (RoleInfo.java:updateAndGet(143)) - f2627371-a904-4314-a836-5eb8f54559ec: start LeaderElection
2019-10-21 19:13:08,597 [f2627371-a904-4314-a836-5eb8f54559ec@group-73E40DF2990B-LeaderElection211] INFO  impl.LeaderElection (LeaderElection.java:askForVotes(178)) - f2627371-a904-4314-a836-5eb8f54559ec@group-73E40DF2990B-LeaderElection211: begin an election at term 233 for -1: [e6a83585-83d0-4616-a3d5-866875ad8a29:192.168.34.32:46159, f2627371-a904-4314-a836-5eb8f54559ec:192.168.34.32:33224, 1b813ef4-47a4-4bfc-8eb5-c34ae440adb1:192.168.34.32:36113], old=null
2019-10-21 19:13:08,600 [grpc-default-executor-0] INFO  impl.RaftServerImpl (RaftServerImpl.java:setRole(184)) - 1b813ef4-47a4-4bfc-8eb5-c34ae440adb1@group-73E40DF2990B: changes role from  FOLLOWER to FOLLOWER at term 233 for recognizeCandidate:f2627371-a904-4314-a836-5eb8f54559ec
2019-10-21 19:13:08,600 [grpc-default-executor-0] INFO  impl.RoleInfo (RoleInfo.java:shutdownFollowerState(121)) - 1b813ef4-47a4-4bfc-8eb5-c34ae440adb1: shutdown FollowerState
2019-10-21 19:13:08,600 [grpc-default-executor-5] INFO  impl.RaftServerImpl (RaftServerImpl.java:setRole(184)) - e6a83585-83d0-4616-a3d5-866875ad8a29@group-73E40DF2990B: changes role from  FOLLOWER to FOLLOWER at term 233 for recognizeCandidate:f2627371-a904-4314-a836-5eb8f54559ec
2019-10-21 19:13:08,600 [Thread-1638] INFO  impl.FollowerState (FollowerState.java:run(117)) - 1b813ef4-47a4-4bfc-8eb5-c34ae440adb1@group-73E40DF2990B-FollowerState was interrupted: java.lang.InterruptedException: sleep interrupted
2019-10-21 19:13:08,600 [grpc-default-executor-0] INFO  impl.RoleInfo (RoleInfo.java:updateAndGet(143)) - 1b813ef4-47a4-4bfc-8eb5-c34ae440adb1: start FollowerState
2019-10-21 19:13:08,600 [grpc-default-executor-5] INFO  impl.RoleInfo (RoleInfo.java:shutdownFollowerState(121)) - e6a83585-83d0-4616-a3d5-866875ad8a29: shutdown FollowerState
2019-10-21 19:13:08,601 [grpc-default-executor-5] INFO  impl.RoleInfo (RoleInfo.java:updateAndGet(143)) - e6a83585-83d0-4616-a3d5-866875ad8a29: start FollowerState
2019-10-21 19:13:08,601 [Thread-1637] INFO  impl.FollowerState (FollowerState.java:run(117)) - e6a83585-83d0-4616-a3d5-866875ad8a29@group-73E40DF2990B-FollowerState was interrupted: java.lang.InterruptedException: sleep interrupted
2019-10-21 19:13:08,616 [f2627371-a904-4314-a836-5eb8f54559ec@group-73E40DF2990B-LeaderElection211] INFO  impl.LeaderElection (LeaderElection.java:logAndReturn(56)) - f2627371-a904-4314-a836-5eb8f54559ec@group-73E40DF2990B-LeaderElection211: Election REJECTED; received 2 response(s) [f2627371-a904-4314-a836-5eb8f54559ec<-e6a83585-83d0-4616-a3d5-866875ad8a29#0:FAIL-t233, f2627371-a904-4314-a836-5eb8f54559ec<-1b813ef4-47a4-4bfc-8eb5-c34ae440adb1#0:FAIL-t233] and 0 exception(s); f2627371-a904-4314-a836-5eb8f54559ec@group-73E40DF2990B:t233, leader=null, voted=f2627371-a904-4314-a836-5eb8f54559ec, raftlog=f2627371-a904-4314-a836-5eb8f54559ec@group-73E40DF2990B-SegmentedRaftLog:OPENED:c-1,f-1,i0, conf=-1: [e6a83585-83d0-4616-a3d5-866875ad8a29:192.168.34.32:46159, f2627371-a904-4314-a836-5eb8f54559ec:192.168.34.32:33224, 1b813ef4-47a4-4bfc-8eb5-c34ae440adb1:192.168.34.32:36113], old=null
2019-10-21 19:13:08,616 [f2627371-a904-4314-a836-5eb8f54559ec@group-73E40DF2990B-LeaderElection211] INFO  impl.RaftServerImpl (RaftServerImpl.java:setRole(184)) - f2627371-a904-4314-a836-5eb8f54559ec@group-73E40DF2990B: changes role from CANDIDATE to FOLLOWER at term 233 for DISCOVERED_A_NEW_TERM
2019-10-21 19:13:08,616 [f2627371-a904-4314-a836-5eb8f54559ec@group-73E40DF2990B-LeaderElection211] INFO  impl.RoleInfo (RoleInfo.java:shutdownLeaderElection(134)) - f2627371-a904-4314-a836-5eb8f54559ec: shutdown LeaderElection
2019-10-21 19:13:08,617 [f2627371-a904-4314-a836-5eb8f54559ec@group-73E40DF2990B-LeaderElection211] INFO  impl.RoleInfo (RoleInfo.java:updateAndGet(143)) - f2627371-a904-4314-a836-5eb8f54559ec: start FollowerState
2019-10-21 19:13:08,753 [Thread-1645] INFO  impl.FollowerState (FollowerState.java:run(108)) - f2627371-a904-4314-a836-5eb8f54559ec@group-73E40DF2990B-FollowerState: change to CANDIDATE, lastRpcTime:136ms, electionTimeout:136ms
2019-10-21 19:13:08,753 [Thread-1645] INFO  impl.RoleInfo (RoleInfo.java:shutdownFollowerState(121)) - f2627371-a904-4314-a836-5eb8f54559ec: shutdown FollowerState
2019-10-21 19:13:08,753 [Thread-1645] INFO  impl.RaftServerImpl (RaftServerImpl.java:setRole(184)) - f2627371-a904-4314-a836-5eb8f54559ec@group-73E40DF2990B: changes role from  FOLLOWER to CANDIDATE at term 233 for changeToCandidate
2019-10-21 19:13:08,754 [Thread-1645] INFO  impl.RoleInfo (RoleInfo.java:updateAndGet(143)) - f2627371-a904-4314-a836-5eb8f54559ec: start LeaderElection
2019-10-21 19:13:08,770 [f2627371-a904-4314-a836-5eb8f54559ec@group-73E40DF2990B-LeaderElection212] INFO  impl.LeaderElection (LeaderElection.java:askForVotes(178)) - f2627371-a904-4314-a836-5eb8f54559ec@group-73E40DF2990B-LeaderElection212: begin an election at term 234 for -1: [e6a83585-83d0-4616-a3d5-866875ad8a29:192.168.34.32:46159, f2627371-a904-4314-a836-5eb8f54559ec:192.168.34.32:33224, 1b813ef4-47a4-4bfc-8eb5-c34ae440adb1:192.168.34.32:36113], old=null
2019-10-21 19:13:08,774 [grpc-default-executor-5] INFO  impl.RaftServerImpl (RaftServerImpl.java:setRole(184)) - e6a83585-83d0-4616-a3d5-866875ad8a29@group-73E40DF2990B: changes role from  FOLLOWER to FOLLOWER at term 234 for recognizeCandidate:f2627371-a904-4314-a836-5eb8f54559ec
2019-10-21 19:13:08,774 [grpc-default-executor-0] INFO  impl.RaftServerImpl (RaftServerImpl.java:setRole(184)) - 1b813ef4-47a4-4bfc-8eb5-c34ae440adb1@group-73E40DF2990B: changes role from  FOLLOWER to FOLLOWER at term 234 for recognizeCandidate:f2627371-a904-4314-a836-5eb8f54559ec
2019-10-21 19:13:08,774 [grpc-default-executor-5] INFO  impl.RoleInfo (RoleInfo.java:shutdownFollowerState(121)) - e6a83585-83d0-4616-a3d5-866875ad8a29: shutdown FollowerState
2019-10-21 19:13:08,774 [grpc-default-executor-0] INFO  impl.RoleInfo (RoleInfo.java:shutdownFollowerState(121)) - 1b813ef4-47a4-4bfc-8eb5-c34ae440adb1: shutdown FollowerState
2019-10-21 19:13:08,774 [Thread-1644] INFO  impl.FollowerState (FollowerState.java:run(117)) - e6a83585-83d0-4616-a3d5-866875ad8a29@group-73E40DF2990B-FollowerState was interrupted: java.lang.InterruptedException: sleep interrupted
2019-10-21 19:13:08,774 [grpc-default-executor-5] INFO  impl.RoleInfo (RoleInfo.java:updateAndGet(143)) - e6a83585-83d0-4616-a3d5-866875ad8a29: start FollowerState
2019-10-21 19:13:08,774 [Thread-1643] INFO  impl.FollowerState (FollowerState.java:run(117)) - 1b813ef4-47a4-4bfc-8eb5-c34ae440adb1@group-73E40DF2990B-FollowerState was interrupted: java.lang.InterruptedException: sleep interrupted
2019-10-21 19:13:08,774 [grpc-default-executor-0] INFO  impl.RoleInfo (RoleInfo.java:updateAndGet(143)) - 1b813ef4-47a4-4bfc-8eb5-c34ae440adb1: start FollowerState
2019-10-21 19:13:08,790 [f2627371-a904-4314-a836-5eb8f54559ec@group-73E40DF2990B-LeaderElection212] INFO  impl.LeaderElection (LeaderElection.java:logAndReturn(56)) - f2627371-a904-4314-a836-5eb8f54559ec@group-73E40DF2990B-LeaderElection212: Election REJECTED; received 2 response(s) [f2627371-a904-4314-a836-5eb8f54559ec<-e6a83585-83d0-4616-a3d5-866875ad8a29#0:FAIL-t234, f2627371-a904-4314-a836-5eb8f54559ec<-1b813ef4-47a4-4bfc-8eb5-c34ae440adb1#0:FAIL-t234] and 0 exception(s); f2627371-a904-4314-a836-5eb8f54559ec@group-73E40DF2990B:t234, leader=null, voted=f2627371-a904-4314-a836-5eb8f54559ec, raftlog=f2627371-a904-4314-a836-5eb8f54559ec@group-73E40DF2990B-SegmentedRaftLog:OPENED:c-1,f-1,i0, conf=-1: [e6a83585-83d0-4616-a3d5-866875ad8a29:192.168.34.32:46159, f2627371-a904-4314-a836-5eb8f54559ec:192.168.34.32:33224, 1b813ef4-47a4-4bfc-8eb5-c34ae440adb1:192.168.34.32:36113], old=null
2019-10-21 19:13:08,791 [f2627371-a904-4314-a836-5eb8f54559ec@group-73E40DF2990B-LeaderElection212] INFO  impl.RaftServerImpl (RaftServerImpl.java:setRole(184)) - f2627371-a904-4314-a836-5eb8f54559ec@group-73E40DF2990B: changes role from CANDIDATE to FOLLOWER at term 234 for DISCOVERED_A_NEW_TERM
2019-10-21 19:13:08,791 [f2627371-a904-4314-a836-5eb8f54559ec@group-73E40DF2990B-LeaderElection212] INFO  impl.RoleInfo (RoleInfo.java:shutdownLeaderElection(134)) - f2627371-a904-4314-a836-5eb8f54559ec: shutdown LeaderElection
2019-10-21 19:13:08,791 [f2627371-a904-4314-a836-5eb8f54559ec@group-73E40DF2990B-LeaderElection212] INFO  impl.RoleInfo (RoleInfo.java:updateAndGet(143)) - f2627371-a904-4314-a836-5eb8f54559ec: start FollowerState
2019-10-21 19:13:08,941 [Thread-1651] INFO  impl.FollowerState (FollowerState.java:run(108)) - f2627371-a904-4314-a836-5eb8f54559ec@group-73E40DF2990B-FollowerState: change to CANDIDATE, lastRpcTime:150ms, electionTimeout:150ms
2019-10-21 19:13:08,942 [Thread-1651] INFO  impl.RoleInfo (RoleInfo.java:shutdownFollowerState(121)) - f2627371-a904-4314-a836-5eb8f54559ec: shutdown FollowerState
2019-10-21 19:13:08,942 [Thread-1651] INFO  impl.RaftServerImpl (RaftServerImpl.java:setRole(184)) - f2627371-a904-4314-a836-5eb8f54559ec@group-73E40DF2990B: changes role from  FOLLOWER to CANDIDATE at term 234 for changeToCandidate
2019-10-21 19:13:08,942 [Thread-1651] INFO  impl.RoleInfo (RoleInfo.java:updateAndGet(143)) - f2627371-a904-4314-a836-5eb8f54559ec: start LeaderElection
2019-10-21 19:13:08,959 [f2627371-a904-4314-a836-5eb8f54559ec@group-73E40DF2990B-LeaderElection213] INFO  impl.LeaderElection (LeaderElection.java:askForVotes(178)) - f2627371-a904-4314-a836-5eb8f54559ec@group-73E40DF2990B-LeaderElection213: begin an election at term 235 for -1: [e6a83585-83d0-4616-a3d5-866875ad8a29:192.168.34.32:46159, f2627371-a904-4314-a836-5eb8f54559ec:192.168.34.32:33224, 1b813ef4-47a4-4bfc-8eb5-c34ae440adb1:192.168.34.32:36113], old=null
2019-10-21 19:13:08,962 [grpc-default-executor-5] INFO  impl.RaftServerImpl (RaftServerImpl.java:setRole(184)) - 1b813ef4-47a4-4bfc-8eb5-c34ae440adb1@group-73E40DF2990B: changes role from  FOLLOWER to FOLLOWER at term 235 for recognizeCandidate:f2627371-a904-4314-a836-5eb8f54559ec
2019-10-21 19:13:08,962 [grpc-default-executor-0] INFO  impl.RaftServerImpl (RaftServerImpl.java:setRole(184)) - e6a83585-83d0-4616-a3d5-866875ad8a29@group-73E40DF2990B: changes role from  FOLLOWER to FOLLOWER at term 235 for recognizeCandidate:f2627371-a904-4314-a836-5eb8f54559ec
2019-10-21 19:13:08,963 [grpc-default-executor-0] INFO  impl.RoleInfo (RoleInfo.java:shutdownFollowerState(121)) - e6a83585-83d0-4616-a3d5-866875ad8a29: shutdown FollowerState
2019-10-21 19:13:08,962 [grpc-default-executor-5] INFO  impl.RoleInfo (RoleInfo.java:shutdownFollowerState(121)) - 1b813ef4-47a4-4bfc-8eb5-c34ae440adb1: shutdown FollowerState
2019-10-21 19:13:08,963 [Thread-1649] INFO  impl.FollowerState (FollowerState.java:run(117)) - e6a83585-83d0-4616-a3d5-866875ad8a29@group-73E40DF2990B-FollowerState was interrupted: java.lang.InterruptedException: sleep interrupted
2019-10-21 19:13:08,963 [grpc-default-executor-0] INFO  impl.RoleInfo (RoleInfo.java:updateAndGet(143)) - e6a83585-83d0-4616-a3d5-866875ad8a29: start FollowerState
2019-10-21 19:13:08,963 [Thread-1650] INFO  impl.FollowerState (FollowerState.java:run(117)) - 1b813ef4-47a4-4bfc-8eb5-c34ae440adb1@group-73E40DF2990B-FollowerState was interrupted: java.lang.InterruptedException: sleep interrupted
2019-10-21 19:13:08,963 [grpc-default-executor-5] INFO  impl.RoleInfo (RoleInfo.java:updateAndGet(143)) - 1b813ef4-47a4-4bfc-8eb5-c34ae440adb1: start FollowerState
2019-10-21 19:13:08,978 [f2627371-a904-4314-a836-5eb8f54559ec@group-73E40DF2990B-LeaderElection213] INFO  impl.LeaderElection (LeaderElection.java:logAndReturn(56)) - f2627371-a904-4314-a836-5eb8f54559ec@group-73E40DF2990B-LeaderElection213: Election REJECTED; received 2 response(s) [f2627371-a904-4314-a836-5eb8f54559ec<-e6a83585-83d0-4616-a3d5-866875ad8a29#0:FAIL-t235, f2627371-a904-4314-a836-5eb8f54559ec<-1b813ef4-47a4-4bfc-8eb5-c34ae440adb1#0:FAIL-t235] and 0 exception(s); f2627371-a904-4314-a836-5eb8f54559ec@group-73E40DF2990B:t235, leader=null, voted=f2627371-a904-4314-a836-5eb8f54559ec, raftlog=f2627371-a904-4314-a836-5eb8f54559ec@group-73E40DF2990B-SegmentedRaftLog:OPENED:c-1,f-1,i0, conf=-1: [e6a83585-83d0-4616-a3d5-866875ad8a29:192.168.34.32:46159, f2627371-a904-4314-a836-5eb8f54559ec:192.168.34.32:33224, 1b813ef4-47a4-4bfc-8eb5-c34ae440adb1:192.168.34.32:36113], old=null
2019-10-21 19:13:08,978 [f2627371-a904-4314-a836-5eb8f54559ec@group-73E40DF2990B-LeaderElection213] INFO  impl.RaftServerImpl (RaftServerImpl.java:setRole(184)) - f2627371-a904-4314-a836-5eb8f54559ec@group-73E40DF2990B: changes role from CANDIDATE to FOLLOWER at term 235 for DISCOVERED_A_NEW_TERM
2019-10-21 19:13:08,978 [f2627371-a904-4314-a836-5eb8f54559ec@group-73E40DF2990B-LeaderElection213] INFO  impl.RoleInfo (RoleInfo.java:shutdownLeaderElection(134)) - f2627371-a904-4314-a836-5eb8f54559ec: shutdown LeaderElection
2019-10-21 19:13:08,979 [f2627371-a904-4314-a836-5eb8f54559ec@group-73E40DF2990B-LeaderElection213] INFO  impl.RoleInfo (RoleInfo.java:updateAndGet(143)) - f2627371-a904-4314-a836-5eb8f54559ec: start FollowerState
2019-10-21 19:13:09,110 [Thread-1657] INFO  impl.FollowerState (FollowerState.java:run(108)) - f2627371-a904-4314-a836-5eb8f54559ec@group-73E40DF2990B-FollowerState: change to CANDIDATE, lastRpcTime:131ms, electionTimeout:131ms
2019-10-21 19:13:09,110 [Thread-1657] INFO  impl.RoleInfo (RoleInfo.java:shutdownFollowerState(121)) - f2627371-a904-4314-a836-5eb8f54559ec: shutdown FollowerState
2019-10-21 19:13:09,111 [Thread-1657] INFO  impl.RaftServerImpl (RaftServerImpl.java:setRole(184)) - f2627371-a904-4314-a836-5eb8f54559ec@group-73E40DF2990B: changes role from  FOLLOWER to CANDIDATE at term 235 for changeToCandidate
2019-10-21 19:13:09,111 [Thread-1657] INFO  impl.RoleInfo (RoleInfo.java:updateAndGet(143)) - f2627371-a904-4314-a836-5eb8f54559ec: start LeaderElection
2019-10-21 19:13:09,127 [f2627371-a904-4314-a836-5eb8f54559ec@group-73E40DF2990B-LeaderElection214] INFO  impl.LeaderElection (LeaderElection.java:askForVotes(178)) - f2627371-a904-4314-a836-5eb8f54559ec@group-73E40DF2990B-LeaderElection214: begin an election at term 236 for -1: [e6a83585-83d0-4616-a3d5-866875ad8a29:192.168.34.32:46159, f2627371-a904-4314-a836-5eb8f54559ec:192.168.34.32:33224, 1b813ef4-47a4-4bfc-8eb5-c34ae440adb1:192.168.34.32:36113], old=null
2019-10-21 19:13:09,130 [grpc-default-executor-0] INFO  impl.RaftServerImpl (RaftServerImpl.java:setRole(184)) - e6a83585-83d0-4616-a3d5-866875ad8a29@group-73E40DF2990B: changes role from  FOLLOWER to FOLLOWER at term 236 for recognizeCandidate:f2627371-a904-4314-a836-5eb8f54559ec
2019-10-21 19:13:09,130 [grpc-default-executor-5] INFO  impl.RaftServerImpl (RaftServerImpl.java:setRole(184)) - 1b813ef4-47a4-4bfc-8eb5-c34ae440adb1@group-73E40DF2990B: changes role from  FOLLOWER to FOLLOWER at term 236 for recognizeCandidate:f2627371-a904-4314-a836-5eb8f54559ec
2019-10-21 19:13:09,131 [grpc-default-executor-0] INFO  impl.RoleInfo (RoleInfo.java:shutdownFollowerState(121)) - e6a83585-83d0-4616-a3d5-866875ad8a29: shutdown FollowerState
2019-10-21 19:13:09,131 [grpc-default-executor-5] INFO  impl.RoleInfo (RoleInfo.java:shutdownFollowerState(121)) - 1b813ef4-47a4-4bfc-8eb5-c34ae440adb1: shutdown FollowerState
2019-10-21 19:13:09,131 [Thread-1655] INFO  impl.FollowerState (FollowerState.java:run(117)) - e6a83585-83d0-4616-a3d5-866875ad8a29@group-73E40DF2990B-FollowerState was interrupted: java.lang.InterruptedException: sleep interrupted
2019-10-21 19:13:09,131 [grpc-default-executor-0] INFO  impl.RoleInfo (RoleInfo.java:updateAndGet(143)) - e6a83585-83d0-4616-a3d5-866875ad8a29: start FollowerState
2019-10-21 19:13:09,131 [Thread-1656] INFO  impl.FollowerState (FollowerState.java:run(117)) - 1b813ef4-47a4-4bfc-8eb5-c34ae440adb1@group-73E40DF2990B-FollowerState was interrupted: java.lang.InterruptedException: sleep interrupted
2019-10-21 19:13:09,131 [grpc-default-executor-5] INFO  impl.RoleInfo (RoleInfo.java:updateAndGet(143)) - 1b813ef4-47a4-4bfc-8eb5-c34ae440adb1: start FollowerState
2019-10-21 19:13:09,147 [f2627371-a904-4314-a836-5eb8f54559ec@group-73E40DF2990B-LeaderElection214] INFO  impl.LeaderElection (LeaderElection.java:logAndReturn(56)) - f2627371-a904-4314-a836-5eb8f54559ec@group-73E40DF2990B-LeaderElection214: Election REJECTED; received 2 response(s) [f2627371-a904-4314-a836-5eb8f54559ec<-e6a83585-83d0-4616-a3d5-866875ad8a29#0:FAIL-t236, f2627371-a904-4314-a836-5eb8f54559ec<-1b813ef4-47a4-4bfc-8eb5-c34ae440adb1#0:FAIL-t236] and 0 exception(s); f2627371-a904-4314-a836-5eb8f54559ec@group-73E40DF2990B:t236, leader=null, voted=f2627371-a904-4314-a836-5eb8f54559ec, raftlog=f2627371-a904-4314-a836-5eb8f54559ec@group-73E40DF2990B-SegmentedRaftLog:OPENED:c-1,f-1,i0, conf=-1: [e6a83585-83d0-4616-a3d5-866875ad8a29:192.168.34.32:46159, f2627371-a904-4314-a836-5eb8f54559ec:192.168.34.32:33224, 1b813ef4-47a4-4bfc-8eb5-c34ae440adb1:192.168.34.32:36113], old=null
2019-10-21 19:13:09,147 [f2627371-a904-4314-a836-5eb8f54559ec@group-73E40DF2990B-LeaderElection214] INFO  impl.RaftServerImpl (RaftServerImpl.java:setRole(184)) - f2627371-a904-4314-a836-5eb8f54559ec@group-73E40DF2990B: changes role from CANDIDATE to FOLLOWER at term 236 for DISCOVERED_A_NEW_TERM
2019-10-21 19:13:09,148 [f2627371-a904-4314-a836-5eb8f54559ec@group-73E40DF2990B-LeaderElection214] INFO  impl.RoleInfo (RoleInfo.java:shutdownLeaderElection(134)) - f2627371-a904-4314-a836-5eb8f54559ec: shutdown LeaderElection
2019-10-21 19:13:09,148 [f2627371-a904-4314-a836-5eb8f54559ec@group-73E40DF2990B-LeaderElection214] INFO  impl.RoleInfo (RoleInfo.java:updateAndGet(143)) - f2627371-a904-4314-a836-5eb8f54559ec: start FollowerState
2019-10-21 19:13:09,285 [Thread-1663] INFO  impl.FollowerState (FollowerState.java:run(108)) - f2627371-a904-4314-a836-5eb8f54559ec@group-73E40DF2990B-FollowerState: change to CANDIDATE, lastRpcTime:137ms, electionTimeout:137ms
2019-10-21 19:13:09,285 [Thread-1663] INFO  impl.RoleInfo (RoleInfo.java:shutdownFollowerState(121)) - f2627371-a904-4314-a836-5eb8f54559ec: shutdown FollowerState
2019-10-21 19:13:09,285 [Thread-1663] INFO  impl.RaftServerImpl (RaftServerImpl.java:setRole(184)) - f2627371-a904-4314-a836-5eb8f54559ec@group-73E40DF2990B: changes role from  FOLLOWER to CANDIDATE at term 236 for changeToCandidate
2019-10-21 19:13:09,286 [Thread-1663] INFO  impl.RoleInfo (RoleInfo.java:updateAndGet(143)) - f2627371-a904-4314-a836-5eb8f54559ec: start LeaderElection
2019-10-21 19:13:09,310 [f2627371-a904-4314-a836-5eb8f54559ec@group-73E40DF2990B-LeaderElection215] INFO  impl.LeaderElection (LeaderElection.java:askForVotes(178)) - f2627371-a904-4314-a836-5eb8f54559ec@group-73E40DF2990B-LeaderElection215: begin an election at term 237 for -1: [e6a83585-83d0-4616-a3d5-866875ad8a29:192.168.34.32:46159, f2627371-a904-4314-a836-5eb8f54559ec:192.168.34.32:33224, 1b813ef4-47a4-4bfc-8eb5-c34ae440adb1:192.168.34.32:36113], old=null
2019-10-21 19:13:09,313 [grpc-default-executor-5] INFO  impl.RaftServerImpl (RaftServerImpl.java:setRole(184)) - e6a83585-83d0-4616-a3d5-866875ad8a29@group-73E40DF2990B: changes role from  FOLLOWER to FOLLOWER at term 237 for recognizeCandidate:f2627371-a904-4314-a836-5eb8f54559ec
2019-10-21 19:13:09,313 [grpc-default-executor-0] INFO  impl.RaftServerImpl (RaftServerImpl.java:setRole(184)) - 1b813ef4-47a4-4bfc-8eb5-c34ae440adb1@group-73E40DF2990B: changes role from  FOLLOWER to FOLLOWER at term 237 for recognizeCandidate:f2627371-a904-4314-a836-5eb8f54559ec
2019-10-21 19:13:09,313 [grpc-default-executor-5] INFO  impl.RoleInfo (RoleInfo.java:shutdownFollowerState(121)) - e6a83585-83d0-4616-a3d5-866875ad8a29: shutdown FollowerState
2019-10-21 19:13:09,314 [grpc-default-executor-0] INFO  impl.RoleInfo (RoleInfo.java:shutdownFollowerState(121)) - 1b813ef4-47a4-4bfc-8eb5-c34ae440adb1: shutdown FollowerState
2019-10-21 19:13:09,314 [Thread-1661] INFO  impl.FollowerState (FollowerState.java:run(117)) - e6a83585-83d0-4616-a3d5-866875ad8a29@group-73E40DF2990B-FollowerState was interrupted: java.lang.InterruptedException: sleep interrupted
2019-10-21 19:13:09,314 [Thread-1662] INFO  impl.FollowerState (FollowerState.java:run(117)) - 1b813ef4-47a4-4bfc-8eb5-c34ae440adb1@group-73E40DF2990B-FollowerState was interrupted: java.lang.InterruptedException: sleep interrupted
2019-10-21 19:13:09,314 [grpc-default-executor-5] INFO  impl.RoleInfo (RoleInfo.java:updateAndGet(143)) - e6a83585-83d0-4616-a3d5-866875ad8a29: start FollowerState
2019-10-21 19:13:09,314 [grpc-default-executor-0] INFO  impl.RoleInfo (RoleInfo.java:updateAndGet(143)) - 1b813ef4-47a4-4bfc-8eb5-c34ae440adb1: start FollowerState
2019-10-21 19:13:09,330 [f2627371-a904-4314-a836-5eb8f54559ec@group-73E40DF2990B-LeaderElection215] INFO  impl.LeaderElection (LeaderElection.java:logAndReturn(56)) - f2627371-a904-4314-a836-5eb8f54559ec@group-73E40DF2990B-LeaderElection215: Election REJECTED; received 2 response(s) [f2627371-a904-4314-a836-5eb8f54559ec<-e6a83585-83d0-4616-a3d5-866875ad8a29#0:FAIL-t237, f2627371-a904-4314-a836-5eb8f54559ec<-1b813ef4-47a4-4bfc-8eb5-c34ae440adb1#0:FAIL-t237] and 0 exception(s); f2627371-a904-4314-a836-5eb8f54559ec@group-73E40DF2990B:t237, leader=null, voted=f2627371-a904-4314-a836-5eb8f54559ec, raftlog=f2627371-a904-4314-a836-5eb8f54559ec@group-73E40DF2990B-SegmentedRaftLog:OPENED:c-1,f-1,i0, conf=-1: [e6a83585-83d0-4616-a3d5-866875ad8a29:192.168.34.32:46159, f2627371-a904-4314-a836-5eb8f54559ec:192.168.34.32:33224, 1b813ef4-47a4-4bfc-8eb5-c34ae440adb1:192.168.34.32:36113], old=null
2019-10-21 19:13:09,330 [f2627371-a904-4314-a836-5eb8f54559ec@group-73E40DF2990B-LeaderElection215] INFO  impl.RaftServerImpl (RaftServerImpl.java:setRole(184)) - f2627371-a904-4314-a836-5eb8f54559ec@group-73E40DF2990B: changes role from CANDIDATE to FOLLOWER at term 237 for DISCOVERED_A_NEW_TERM
2019-10-21 19:13:09,330 [f2627371-a904-4314-a836-5eb8f54559ec@group-73E40DF2990B-LeaderElection215] INFO  impl.RoleInfo (RoleInfo.java:shutdownLeaderElection(134)) - f2627371-a904-4314-a836-5eb8f54559ec: shutdown LeaderElection
2019-10-21 19:13:09,330 [f2627371-a904-4314-a836-5eb8f54559ec@group-73E40DF2990B-LeaderElection215] INFO  impl.RoleInfo (RoleInfo.java:updateAndGet(143)) - f2627371-a904-4314-a836-5eb8f54559ec: start FollowerState
2019-10-21 19:13:09,472 [Thread-1669] INFO  impl.FollowerState (FollowerState.java:run(108)) - f2627371-a904-4314-a836-5eb8f54559ec@group-73E40DF2990B-FollowerState: change to CANDIDATE, lastRpcTime:141ms, electionTimeout:141ms
2019-10-21 19:13:09,472 [Thread-1669] INFO  impl.RoleInfo (RoleInfo.java:shutdownFollowerState(121)) - f2627371-a904-4314-a836-5eb8f54559ec: shutdown FollowerState
2019-10-21 19:13:09,472 [Thread-1669] INFO  impl.RaftServerImpl (RaftServerImpl.java:setRole(184)) - f2627371-a904-4314-a836-5eb8f54559ec@group-73E40DF2990B: changes role from  FOLLOWER to CANDIDATE at term 237 for changeToCandidate
2019-10-21 19:13:09,472 [Thread-1669] INFO  impl.RoleInfo (RoleInfo.java:updateAndGet(143)) - f2627371-a904-4314-a836-5eb8f54559ec: start LeaderElection
2019-10-21 19:13:09,499 [f2627371-a904-4314-a836-5eb8f54559ec@group-73E40DF2990B-LeaderElection216] INFO  impl.LeaderElection (LeaderElection.java:askForVotes(178)) - f2627371-a904-4314-a836-5eb8f54559ec@group-73E40DF2990B-LeaderElection216: begin an election at term 238 for -1: [e6a83585-83d0-4616-a3d5-866875ad8a29:192.168.34.32:46159, f2627371-a904-4314-a836-5eb8f54559ec:192.168.34.32:33224, 1b813ef4-47a4-4bfc-8eb5-c34ae440adb1:192.168.34.32:36113], old=null
2019-10-21 19:13:09,502 [f2627371-a904-4314-a836-5eb8f54559ec@group-73E40DF2990B-LeaderElection216] INFO  impl.LeaderElection (LeaderElection.java:logAndReturn(56)) - f2627371-a904-4314-a836-5eb8f54559ec@group-73E40DF2990B-LeaderElection216: Election TIMEOUT; received 0 response(s) [] and 0 exception(s); f2627371-a904-4314-a836-5eb8f54559ec@group-73E40DF2990B:t238, leader=null, voted=f2627371-a904-4314-a836-5eb8f54559ec, raftlog=f2627371-a904-4314-a836-5eb8f54559ec@group-73E40DF2990B-SegmentedRaftLog:OPENED:c-1,f-1,i0, conf=-1: [e6a83585-83d0-4616-a3d5-866875ad8a29:192.168.34.32:46159, f2627371-a904-4314-a836-5eb8f54559ec:192.168.34.32:33224, 1b813ef4-47a4-4bfc-8eb5-c34ae440adb1:192.168.34.32:36113], old=null
2019-10-21 19:13:09,503 [grpc-default-executor-0] INFO  impl.RaftServerImpl (RaftServerImpl.java:setRole(184)) - e6a83585-83d0-4616-a3d5-866875ad8a29@group-73E40DF2990B: changes role from  FOLLOWER to FOLLOWER at term 238 for recognizeCandidate:f2627371-a904-4314-a836-5eb8f54559ec
2019-10-21 19:13:09,504 [grpc-default-executor-0] INFO  impl.RoleInfo (RoleInfo.java:shutdownFollowerState(121)) - e6a83585-83d0-4616-a3d5-866875ad8a29: shutdown FollowerState
2019-10-21 19:13:09,504 [grpc-default-executor-0] INFO  impl.RoleInfo (RoleInfo.java:updateAndGet(143)) - e6a83585-83d0-4616-a3d5-866875ad8a29: start FollowerState
2019-10-21 19:13:09,504 [Thread-1667] INFO  impl.FollowerState (FollowerState.java:run(117)) - e6a83585-83d0-4616-a3d5-866875ad8a29@group-73E40DF2990B-FollowerState was interrupted: java.lang.InterruptedException: sleep interrupted
2019-10-21 19:13:09,504 [grpc-default-executor-5] INFO  impl.RaftServerImpl (RaftServerImpl.java:setRole(184)) - 1b813ef4-47a4-4bfc-8eb5-c34ae440adb1@group-73E40DF2990B: changes role from  FOLLOWER to FOLLOWER at term 238 for recognizeCandidate:f2627371-a904-4314-a836-5eb8f54559ec
2019-10-21 19:13:09,504 [grpc-default-executor-5] INFO  impl.RoleInfo (RoleInfo.java:shutdownFollowerState(121)) - 1b813ef4-47a4-4bfc-8eb5-c34ae440adb1: shutdown FollowerState
2019-10-21 19:13:09,504 [grpc-default-executor-5] INFO  impl.RoleInfo (RoleInfo.java:updateAndGet(143)) - 1b813ef4-47a4-4bfc-8eb5-c34ae440adb1: start FollowerState
2019-10-21 19:13:09,504 [Thread-1668] INFO  impl.FollowerState (FollowerState.java:run(117)) - 1b813ef4-47a4-4bfc-8eb5-c34ae440adb1@group-73E40DF2990B-FollowerState was interrupted: java.lang.InterruptedException: sleep interrupted
2019-10-21 19:13:09,531 [f2627371-a904-4314-a836-5eb8f54559ec@group-73E40DF2990B-LeaderElection216] INFO  impl.LeaderElection (LeaderElection.java:askForVotes(178)) - f2627371-a904-4314-a836-5eb8f54559ec@group-73E40DF2990B-LeaderElection216: begin an election at term 239 for -1: [e6a83585-83d0-4616-a3d5-866875ad8a29:192.168.34.32:46159, f2627371-a904-4314-a836-5eb8f54559ec:192.168.34.32:33224, 1b813ef4-47a4-4bfc-8eb5-c34ae440adb1:192.168.34.32:36113], old=null
2019-10-21 19:13:09,533 [grpc-default-executor-5] INFO  impl.RaftServerImpl (RaftServerImpl.java:setRole(184)) - e6a83585-83d0-4616-a3d5-866875ad8a29@group-73E40DF2990B: changes role from  FOLLOWER to FOLLOWER at term 239 for recognizeCandidate:f2627371-a904-4314-a836-5eb8f54559ec
2019-10-21 19:13:09,533 [grpc-default-executor-5] INFO  impl.RoleInfo (RoleInfo.java:shutdownFollowerState(121)) - e6a83585-83d0-4616-a3d5-866875ad8a29: shutdown FollowerState
2019-10-21 19:13:09,533 [grpc-default-executor-5] INFO  impl.RoleInfo (RoleInfo.java:updateAndGet(143)) - e6a83585-83d0-4616-a3d5-866875ad8a29: start FollowerState
2019-10-21 19:13:09,533 [grpc-default-executor-0] INFO  impl.RaftServerImpl (RaftServerImpl.java:setRole(184)) - 1b813ef4-47a4-4bfc-8eb5-c34ae440adb1@group-73E40DF2990B: changes role from  FOLLOWER to FOLLOWER at term 239 for recognizeCandidate:f2627371-a904-4314-a836-5eb8f54559ec
2019-10-21 19:13:09,533 [grpc-default-executor-0] INFO  impl.RoleInfo (RoleInfo.java:shutdownFollowerState(121)) - 1b813ef4-47a4-4bfc-8eb5-c34ae440adb1: shutdown FollowerState
2019-10-21 19:13:09,533 [Thread-1675] INFO  impl.FollowerState (FollowerState.java:run(117)) - e6a83585-83d0-4616-a3d5-866875ad8a29@group-73E40DF2990B-FollowerState was interrupted: java.lang.InterruptedException: sleep interrupted
2019-10-21 19:13:09,534 [grpc-default-executor-0] INFO  impl.RoleInfo (RoleInfo.java:updateAndGet(143)) - 1b813ef4-47a4-4bfc-8eb5-c34ae440adb1: start FollowerState
2019-10-21 19:13:09,534 [Thread-1676] INFO  impl.FollowerState (FollowerState.java:run(117)) - 1b813ef4-47a4-4bfc-8eb5-c34ae440adb1@group-73E40DF2990B-FollowerState was interrupted: java.lang.InterruptedException: sleep interrupted
2019-10-21 19:13:09,561 [f2627371-a904-4314-a836-5eb8f54559ec@group-73E40DF2990B-LeaderElection216] INFO  impl.LeaderElection (LeaderElection.java:logAndReturn(56)) - f2627371-a904-4314-a836-5eb8f54559ec@group-73E40DF2990B-LeaderElection216: Election REJECTED; received 2 response(s) [f2627371-a904-4314-a836-5eb8f54559ec<-e6a83585-83d0-4616-a3d5-866875ad8a29#0:FAIL-t239, f2627371-a904-4314-a836-5eb8f54559ec<-1b813ef4-47a4-4bfc-8eb5-c34ae440adb1#0:FAIL-t239] and 0 exception(s); f2627371-a904-4314-a836-5eb8f54559ec@group-73E40DF2990B:t239, leader=null, voted=f2627371-a904-4314-a836-5eb8f54559ec, raftlog=f2627371-a904-4314-a836-5eb8f54559ec@group-73E40DF2990B-SegmentedRaftLog:OPENED:c-1,f-1,i0, conf=-1: [e6a83585-83d0-4616-a3d5-866875ad8a29:192.168.34.32:46159, f2627371-a904-4314-a836-5eb8f54559ec:192.168.34.32:33224, 1b813ef4-47a4-4bfc-8eb5-c34ae440adb1:192.168.34.32:36113], old=null
2019-10-21 19:13:09,561 [f2627371-a904-4314-a836-5eb8f54559ec@group-73E40DF2990B-LeaderElection216] INFO  impl.RaftServerImpl (RaftServerImpl.java:setRole(184)) - f2627371-a904-4314-a836-5eb8f54559ec@group-73E40DF2990B: changes role from CANDIDATE to FOLLOWER at term 239 for DISCOVERED_A_NEW_TERM
2019-10-21 19:13:09,561 [f2627371-a904-4314-a836-5eb8f54559ec@group-73E40DF2990B-LeaderElection216] INFO  impl.RoleInfo (RoleInfo.java:shutdownLeaderElection(134)) - f2627371-a904-4314-a836-5eb8f54559ec: shutdown LeaderElection
2019-10-21 19:13:09,561 [f2627371-a904-4314-a836-5eb8f54559ec@group-73E40DF2990B-LeaderElection216] INFO  impl.RoleInfo (RoleInfo.java:updateAndGet(143)) - f2627371-a904-4314-a836-5eb8f54559ec: start FollowerState
2019-10-21 19:13:09,757 [Thread-1681] INFO  impl.FollowerState (FollowerState.java:run(108)) - f2627371-a904-4314-a836-5eb8f54559ec@group-73E40DF2990B-FollowerState: change to CANDIDATE, lastRpcTime:195ms, electionTimeout:195ms
2019-10-21 19:13:09,757 [Thread-1681] INFO  impl.RoleInfo (RoleInfo.java:shutdownFollowerState(121)) - f2627371-a904-4314-a836-5eb8f54559ec: shutdown FollowerState
2019-10-21 19:13:09,757 [Thread-1681] INFO  impl.RaftServerImpl (RaftServerImpl.java:setRole(184)) - f2627371-a904-4314-a836-5eb8f54559ec@group-73E40DF2990B: changes role from  FOLLOWER to CANDIDATE at term 239 for changeToCandidate
2019-10-21 19:13:09,757 [Thread-1681] INFO  impl.RoleInfo (RoleInfo.java:updateAndGet(143)) - f2627371-a904-4314-a836-5eb8f54559ec: start LeaderElection
2019-10-21 19:13:09,810 [f2627371-a904-4314-a836-5eb8f54559ec@group-73E40DF2990B-LeaderElection217] INFO  impl.LeaderElection (LeaderElection.java:askForVotes(178)) - f2627371-a904-4314-a836-5eb8f54559ec@group-73E40DF2990B-LeaderElection217: begin an election at term 240 for -1: [e6a83585-83d0-4616-a3d5-866875ad8a29:192.168.34.32:46159, f2627371-a904-4314-a836-5eb8f54559ec:192.168.34.32:33224, 1b813ef4-47a4-4bfc-8eb5-c34ae440adb1:192.168.34.32:36113], old=null
2019-10-21 19:13:09,812 [grpc-default-executor-0] INFO  impl.RaftServerImpl (RaftServerImpl.java:setRole(184)) - e6a83585-83d0-4616-a3d5-866875ad8a29@group-73E40DF2990B: changes role from  FOLLOWER to FOLLOWER at term 240 for recognizeCandidate:f2627371-a904-4314-a836-5eb8f54559ec
2019-10-21 19:13:09,812 [grpc-default-executor-5] INFO  impl.RaftServerImpl (RaftServerImpl.java:setRole(184)) - 1b813ef4-47a4-4bfc-8eb5-c34ae440adb1@group-73E40DF2990B: changes role from  FOLLOWER to FOLLOWER at term 240 for recognizeCandidate:f2627371-a904-4314-a836-5eb8f54559ec
2019-10-21 19:13:09,812 [grpc-default-executor-0] INFO  impl.RoleInfo (RoleInfo.java:shutdownFollowerState(121)) - e6a83585-83d0-4616-a3d5-866875ad8a29: shutdown FollowerState
2019-10-21 19:13:09,812 [grpc-default-executor-5] INFO  impl.RoleInfo (RoleInfo.java:shutdownFollowerState(121)) - 1b813ef4-47a4-4bfc-8eb5-c34ae440adb1: shutdown FollowerState
2019-10-21 19:13:09,813 [Thread-1679] INFO  impl.FollowerState (FollowerState.java:run(117)) - e6a83585-83d0-4616-a3d5-866875ad8a29@group-73E40DF2990B-FollowerState was interrupted: java.lang.InterruptedException: sleep interrupted
2019-10-21 19:13:09,813 [grpc-default-executor-0] INFO  impl.RoleInfo (RoleInfo.java:updateAndGet(143)) - e6a83585-83d0-4616-a3d5-866875ad8a29: start FollowerState
2019-10-21 19:13:09,813 [Thread-1680] INFO  impl.FollowerState (FollowerState.java:run(117)) - 1b813ef4-47a4-4bfc-8eb5-c34ae440adb1@group-73E40DF2990B-FollowerState was interrupted: java.lang.InterruptedException: sleep interrupted
2019-10-21 19:13:09,813 [grpc-default-executor-5] INFO  impl.RoleInfo (RoleInfo.java:updateAndGet(143)) - 1b813ef4-47a4-4bfc-8eb5-c34ae440adb1: start FollowerState
2019-10-21 19:13:09,828 [f2627371-a904-4314-a836-5eb8f54559ec@group-73E40DF2990B-LeaderElection217] INFO  impl.LeaderElection (LeaderElection.java:logAndReturn(56)) - f2627371-a904-4314-a836-5eb8f54559ec@group-73E40DF2990B-LeaderElection217: Election REJECTED; received 2 response(s) [f2627371-a904-4314-a836-5eb8f54559ec<-e6a83585-83d0-4616-a3d5-866875ad8a29#0:FAIL-t240, f2627371-a904-4314-a836-5eb8f54559ec<-1b813ef4-47a4-4bfc-8eb5-c34ae440adb1#0:FAIL-t240] and 0 exception(s); f2627371-a904-4314-a836-5eb8f54559ec@group-73E40DF2990B:t240, leader=null, voted=f2627371-a904-4314-a836-5eb8f54559ec, raftlog=f2627371-a904-4314-a836-5eb8f54559ec@group-73E40DF2990B-SegmentedRaftLog:OPENED:c-1,f-1,i0, conf=-1: [e6a83585-83d0-4616-a3d5-866875ad8a29:192.168.34.32:46159, f2627371-a904-4314-a836-5eb8f54559ec:192.168.34.32:33224, 1b813ef4-47a4-4bfc-8eb5-c34ae440adb1:192.168.34.32:36113], old=null
2019-10-21 19:13:09,829 [f2627371-a904-4314-a836-5eb8f54559ec@group-73E40DF2990B-LeaderElection217] INFO  impl.RaftServerImpl (RaftServerImpl.java:setRole(184)) - f2627371-a904-4314-a836-5eb8f54559ec@group-73E40DF2990B: changes role from CANDIDATE to FOLLOWER at term 240 for DISCOVERED_A_NEW_TERM
2019-10-21 19:13:09,829 [f2627371-a904-4314-a836-5eb8f54559ec@group-73E40DF2990B-LeaderElection217] INFO  impl.RoleInfo (RoleInfo.java:shutdownLeaderElection(134)) - f2627371-a904-4314-a836-5eb8f54559ec: shutdown LeaderElection
2019-10-21 19:13:09,829 [f2627371-a904-4314-a836-5eb8f54559ec@group-73E40DF2990B-LeaderElection217] INFO  impl.RoleInfo (RoleInfo.java:updateAndGet(143)) - f2627371-a904-4314-a836-5eb8f54559ec: start FollowerState
2019-10-21 19:13:09,898 [Thread-1687] INFO  impl.FollowerState (FollowerState.java:run(108)) - f2627371-a904-4314-a836-5eb8f54559ec@group-73E40DF2990B-FollowerState: change to CANDIDATE, lastRpcTime:69ms, electionTimeout:69ms
2019-10-21 19:13:09,898 [Thread-1687] INFO  impl.RoleInfo (RoleInfo.java:shutdownFollowerState(121)) - f2627371-a904-4314-a836-5eb8f54559ec: shutdown FollowerState
2019-10-21 19:13:09,898 [Thread-1687] INFO  impl.RaftServerImpl (RaftServerImpl.java:setRole(184)) - f2627371-a904-4314-a836-5eb8f54559ec@group-73E40DF2990B: changes role from  FOLLOWER to CANDIDATE at term 240 for changeToCandidate
2019-10-21 19:13:09,899 [Thread-1687] INFO  impl.RoleInfo (RoleInfo.java:updateAndGet(143)) - f2627371-a904-4314-a836-5eb8f54559ec: start LeaderElection
2019-10-21 19:13:09,914 [f2627371-a904-4314-a836-5eb8f54559ec@group-73E40DF2990B-LeaderElection218] INFO  impl.LeaderElection (LeaderElection.java:askForVotes(178)) - f2627371-a904-4314-a836-5eb8f54559ec@group-73E40DF2990B-LeaderElection218: begin an election at term 241 for -1: [e6a83585-83d0-4616-a3d5-866875ad8a29:192.168.34.32:46159, f2627371-a904-4314-a836-5eb8f54559ec:192.168.34.32:33224, 1b813ef4-47a4-4bfc-8eb5-c34ae440adb1:192.168.34.32:36113], old=null
2019-10-21 19:13:09,916 [grpc-default-executor-0] INFO  impl.RaftServerImpl (RaftServerImpl.java:setRole(184)) - e6a83585-83d0-4616-a3d5-866875ad8a29@group-73E40DF2990B: changes role from  FOLLOWER to FOLLOWER at term 241 for recognizeCandidate:f2627371-a904-4314-a836-5eb8f54559ec
2019-10-21 19:13:09,916 [grpc-default-executor-0] INFO  impl.RoleInfo (RoleInfo.java:shutdownFollowerState(121)) - e6a83585-83d0-4616-a3d5-866875ad8a29: shutdown FollowerState
2019-10-21 19:13:09,916 [grpc-default-executor-0] INFO  impl.RoleInfo (RoleInfo.java:updateAndGet(143)) - e6a83585-83d0-4616-a3d5-866875ad8a29: start FollowerState
2019-10-21 19:13:09,916 [Thread-1685] INFO  impl.FollowerState (FollowerState.java:run(117)) - e6a83585-83d0-4616-a3d5-866875ad8a29@group-73E40DF2990B-FollowerState was interrupted: java.lang.InterruptedException: sleep interrupted
2019-10-21 19:13:09,917 [grpc-default-executor-5] INFO  impl.RaftServerImpl (RaftServerImpl.java:setRole(184)) - 1b813ef4-47a4-4bfc-8eb5-c34ae440adb1@group-73E40DF2990B: changes role from  FOLLOWER to FOLLOWER at term 241 for recognizeCandidate:f2627371-a904-4314-a836-5eb8f54559ec
2019-10-21 19:13:09,917 [grpc-default-executor-5] INFO  impl.RoleInfo (RoleInfo.java:shutdownFollowerState(121)) - 1b813ef4-47a4-4bfc-8eb5-c34ae440adb1: shutdown FollowerState
2019-10-21 19:13:09,917 [grpc-default-executor-5] INFO  impl.RoleInfo (RoleInfo.java:updateAndGet(143)) - 1b813ef4-47a4-4bfc-8eb5-c34ae440adb1: start FollowerState
2019-10-21 19:13:09,917 [Thread-1686] INFO  impl.FollowerState (FollowerState.java:run(117)) - 1b813ef4-47a4-4bfc-8eb5-c34ae440adb1@group-73E40DF2990B-FollowerState was interrupted: java.lang.InterruptedException: sleep interrupted
2019-10-21 19:13:09,924 [f2627371-a904-4314-a836-5eb8f54559ec@group-73E40DF2990B-LeaderElection218] INFO  impl.LeaderElection (LeaderElection.java:logAndReturn(56)) - f2627371-a904-4314-a836-5eb8f54559ec@group-73E40DF2990B-LeaderElection218: Election REJECTED; received 2 response(s) [f2627371-a904-4314-a836-5eb8f54559ec<-e6a83585-83d0-4616-a3d5-866875ad8a29#0:FAIL-t241, f2627371-a904-4314-a836-5eb8f54559ec<-1b813ef4-47a4-4bfc-8eb5-c34ae440adb1#0:FAIL-t241] and 0 exception(s); f2627371-a904-4314-a836-5eb8f54559ec@group-73E40DF2990B:t241, leader=null, voted=f2627371-a904-4314-a836-5eb8f54559ec, raftlog=f2627371-a904-4314-a836-5eb8f54559ec@group-73E40DF2990B-SegmentedRaftLog:OPENED:c-1,f-1,i0, conf=-1: [e6a83585-83d0-4616-a3d5-866875ad8a29:192.168.34.32:46159, f2627371-a904-4314-a836-5eb8f54559ec:192.168.34.32:33224, 1b813ef4-47a4-4bfc-8eb5-c34ae440adb1:192.168.34.32:36113], old=null
2019-10-21 19:13:09,924 [f2627371-a904-4314-a836-5eb8f54559ec@group-73E40DF2990B-LeaderElection218] INFO  impl.RaftServerImpl (RaftServerImpl.java:setRole(184)) - f2627371-a904-4314-a836-5eb8f54559ec@group-73E40DF2990B: changes role from CANDIDATE to FOLLOWER at term 241 for DISCOVERED_A_NEW_TERM
2019-10-21 19:13:09,925 [f2627371-a904-4314-a836-5eb8f54559ec@group-73E40DF2990B-LeaderElection218] INFO  impl.RoleInfo (RoleInfo.java:shutdownLeaderElection(134)) - f2627371-a904-4314-a836-5eb8f54559ec: shutdown LeaderElection
2019-10-21 19:13:09,925 [f2627371-a904-4314-a836-5eb8f54559ec@group-73E40DF2990B-LeaderElection218] INFO  impl.RoleInfo (RoleInfo.java:updateAndGet(143)) - f2627371-a904-4314-a836-5eb8f54559ec: start FollowerState
2019-10-21 19:13:09,949 [Thread-1693] INFO  impl.FollowerState (FollowerState.java:run(108)) - f2627371-a904-4314-a836-5eb8f54559ec@group-73E40DF2990B-FollowerState: change to CANDIDATE, lastRpcTime:24ms, electionTimeout:24ms
2019-10-21 19:13:09,949 [Thread-1693] INFO  impl.RoleInfo (RoleInfo.java:shutdownFollowerState(121)) - f2627371-a904-4314-a836-5eb8f54559ec: shutdown FollowerState
2019-10-21 19:13:09,949 [Thread-1693] INFO  impl.RaftServerImpl (RaftServerImpl.java:setRole(184)) - f2627371-a904-4314-a836-5eb8f54559ec@group-73E40DF2990B: changes role from  FOLLOWER to CANDIDATE at term 241 for changeToCandidate
2019-10-21 19:13:09,950 [Thread-1693] INFO  impl.RoleInfo (RoleInfo.java:updateAndGet(143)) - f2627371-a904-4314-a836-5eb8f54559ec: start LeaderElection
2019-10-21 19:13:09,964 [f2627371-a904-4314-a836-5eb8f54559ec@group-73E40DF2990B-LeaderElection219] INFO  impl.LeaderElection (LeaderElection.java:askForVotes(178)) - f2627371-a904-4314-a836-5eb8f54559ec@group-73E40DF2990B-LeaderElection219: begin an election at term 242 for -1: [e6a83585-83d0-4616-a3d5-866875ad8a29:192.168.34.32:46159, f2627371-a904-4314-a836-5eb8f54559ec:192.168.34.32:33224, 1b813ef4-47a4-4bfc-8eb5-c34ae440adb1:192.168.34.32:36113], old=null
2019-10-21 19:13:09,966 [grpc-default-executor-0] INFO  impl.RaftServerImpl (RaftServerImpl.java:setRole(184)) - 1b813ef4-47a4-4bfc-8eb5-c34ae440adb1@group-73E40DF2990B: changes role from  FOLLOWER to FOLLOWER at term 242 for recognizeCandidate:f2627371-a904-4314-a836-5eb8f54559ec
2019-10-21 19:13:09,966 [grpc-default-executor-5] INFO  impl.RaftServerImpl (RaftServerImpl.java:setRole(184)) - e6a83585-83d0-4616-a3d5-866875ad8a29@group-73E40DF2990B: changes role from  FOLLOWER to FOLLOWER at term 242 for recognizeCandidate:f2627371-a904-4314-a836-5eb8f54559ec
2019-10-21 19:13:09,966 [grpc-default-executor-0] INFO  impl.RoleInfo (RoleInfo.java:shutdownFollowerState(121)) - 1b813ef4-47a4-4bfc-8eb5-c34ae440adb1: shutdown FollowerState
2019-10-21 19:13:09,966 [grpc-default-executor-5] INFO  impl.RoleInfo (RoleInfo.java:shutdownFollowerState(121)) - e6a83585-83d0-4616-a3d5-866875ad8a29: shutdown FollowerState
2019-10-21 19:13:09,966 [grpc-default-executor-0] INFO  impl.RoleInfo (RoleInfo.java:updateAndGet(143)) - 1b813ef4-47a4-4bfc-8eb5-c34ae440adb1: start FollowerState
2019-10-21 19:13:09,966 [Thread-1692] INFO  impl.FollowerState (FollowerState.java:run(117)) - 1b813ef4-47a4-4bfc-8eb5-c34ae440adb1@group-73E40DF2990B-FollowerState was interrupted: java.lang.InterruptedException: sleep interrupted
2019-10-21 19:13:09,966 [grpc-default-executor-5] INFO  impl.RoleInfo (RoleInfo.java:updateAndGet(143)) - e6a83585-83d0-4616-a3d5-866875ad8a29: start FollowerState
2019-10-21 19:13:09,966 [Thread-1691] INFO  impl.FollowerState (FollowerState.java:run(117)) - e6a83585-83d0-4616-a3d5-866875ad8a29@group-73E40DF2990B-FollowerState was interrupted: java.lang.InterruptedException: sleep interrupted
2019-10-21 19:13:10,000 [f2627371-a904-4314-a836-5eb8f54559ec@group-73E40DF2990B-LeaderElection219] INFO  impl.LeaderElection (LeaderElection.java:logAndReturn(56)) - f2627371-a904-4314-a836-5eb8f54559ec@group-73E40DF2990B-LeaderElection219: Election REJECTED; received 2 response(s) [f2627371-a904-4314-a836-5eb8f54559ec<-e6a83585-83d0-4616-a3d5-866875ad8a29#0:FAIL-t242, f2627371-a904-4314-a836-5eb8f54559ec<-1b813ef4-47a4-4bfc-8eb5-c34ae440adb1#0:FAIL-t242] and 0 exception(s); f2627371-a904-4314-a836-5eb8f54559ec@group-73E40DF2990B:t242, leader=null, voted=f2627371-a904-4314-a836-5eb8f54559ec, raftlog=f2627371-a904-4314-a836-5eb8f54559ec@group-73E40DF2990B-SegmentedRaftLog:OPENED:c-1,f-1,i0, conf=-1: [e6a83585-83d0-4616-a3d5-866875ad8a29:192.168.34.32:46159, f2627371-a904-4314-a836-5eb8f54559ec:192.168.34.32:33224, 1b813ef4-47a4-4bfc-8eb5-c34ae440adb1:192.168.34.32:36113], old=null
2019-10-21 19:13:10,000 [f2627371-a904-4314-a836-5eb8f54559ec@group-73E40DF2990B-LeaderElection219] INFO  impl.RaftServerImpl (RaftServerImpl.java:setRole(184)) - f2627371-a904-4314-a836-5eb8f54559ec@group-73E40DF2990B: changes role from CANDIDATE to FOLLOWER at term 242 for DISCOVERED_A_NEW_TERM
2019-10-21 19:13:10,001 [f2627371-a904-4314-a836-5eb8f54559ec@group-73E40DF2990B-LeaderElection219] INFO  impl.RoleInfo (RoleInfo.java:shutdownLeaderElection(134)) - f2627371-a904-4314-a836-5eb8f54559ec: shutdown LeaderElection
2019-10-21 19:13:10,001 [f2627371-a904-4314-a836-5eb8f54559ec@group-73E40DF2990B-LeaderElection219] INFO  impl.RoleInfo (RoleInfo.java:updateAndGet(143)) - f2627371-a904-4314-a836-5eb8f54559ec: start FollowerState
2019-10-21 19:13:10,034 [Thread-1699] INFO  impl.FollowerState (FollowerState.java:run(108)) - f2627371-a904-4314-a836-5eb8f54559ec@group-73E40DF2990B-FollowerState: change to CANDIDATE, lastRpcTime:33ms, electionTimeout:33ms
2019-10-21 19:13:10,034 [Thread-1699] INFO  impl.RoleInfo (RoleInfo.java:shutdownFollowerState(121)) - f2627371-a904-4314-a836-5eb8f54559ec: shutdown FollowerState
2019-10-21 19:13:10,034 [Thread-1699] INFO  impl.RaftServerImpl (RaftServerImpl.java:setRole(184)) - f2627371-a904-4314-a836-5eb8f54559ec@group-73E40DF2990B: changes role from  FOLLOWER to CANDIDATE at term 242 for changeToCandidate
2019-10-21 19:13:10,035 [Thread-1699] INFO  impl.RoleInfo (RoleInfo.java:updateAndGet(143)) - f2627371-a904-4314-a836-5eb8f54559ec: start LeaderElection
2019-10-21 19:13:10,056 [f2627371-a904-4314-a836-5eb8f54559ec@group-73E40DF2990B-LeaderElection220] INFO  impl.LeaderElection (LeaderElection.java:askForVotes(178)) - f2627371-a904-4314-a836-5eb8f54559ec@group-73E40DF2990B-LeaderElection220: begin an election at term 243 for -1: [e6a83585-83d0-4616-a3d5-866875ad8a29:192.168.34.32:46159, f2627371-a904-4314-a836-5eb8f54559ec:192.168.34.32:33224, 1b813ef4-47a4-4bfc-8eb5-c34ae440adb1:192.168.34.32:36113], old=null
2019-10-21 19:13:10,059 [grpc-default-executor-0] INFO  impl.RaftServerImpl (RaftServerImpl.java:setRole(184)) - e6a83585-83d0-4616-a3d5-866875ad8a29@group-73E40DF2990B: changes role from  FOLLOWER to FOLLOWER at term 243 for recognizeCandidate:f2627371-a904-4314-a836-5eb8f54559ec
2019-10-21 19:13:10,059 [grpc-default-executor-5] INFO  impl.RaftServerImpl (RaftServerImpl.java:setRole(184)) - 1b813ef4-47a4-4bfc-8eb5-c34ae440adb1@group-73E40DF2990B: changes role from  FOLLOWER to FOLLOWER at term 243 for recognizeCandidate:f2627371-a904-4314-a836-5eb8f54559ec
2019-10-21 19:13:10,059 [grpc-default-executor-0] INFO  impl.RoleInfo (RoleInfo.java:shutdownFollowerState(121)) - e6a83585-83d0-4616-a3d5-866875ad8a29: shutdown FollowerState
2019-10-21 19:13:10,059 [grpc-default-executor-5] INFO  impl.RoleInfo (RoleInfo.java:shutdownFollowerState(121)) - 1b813ef4-47a4-4bfc-8eb5-c34ae440adb1: shutdown FollowerState
2019-10-21 19:13:10,059 [grpc-default-executor-0] INFO  impl.RoleInfo (RoleInfo.java:updateAndGet(143)) - e6a83585-83d0-4616-a3d5-866875ad8a29: start FollowerState
2019-10-21 19:13:10,059 [Thread-1698] INFO  impl.FollowerState (FollowerState.java:run(117)) - e6a83585-83d0-4616-a3d5-866875ad8a29@group-73E40DF2990B-FollowerState was interrupted: java.lang.InterruptedException: sleep interrupted
2019-10-21 19:13:10,060 [grpc-default-executor-5] INFO  impl.RoleInfo (RoleInfo.java:updateAndGet(143)) - 1b813ef4-47a4-4bfc-8eb5-c34ae440adb1: start FollowerState
2019-10-21 19:13:10,060 [Thread-1697] INFO  impl.FollowerState (FollowerState.java:run(117)) - 1b813ef4-47a4-4bfc-8eb5-c34ae440adb1@group-73E40DF2990B-FollowerState was interrupted: java.lang.InterruptedException: sleep interrupted
2019-10-21 19:13:10,064 [f2627371-a904-4314-a836-5eb8f54559ec@group-73E40DF2990B-LeaderElection220] INFO  impl.LeaderElection (LeaderElection.java:logAndReturn(56)) - f2627371-a904-4314-a836-5eb8f54559ec@group-73E40DF2990B-LeaderElection220: Election REJECTED; received 2 response(s) [f2627371-a904-4314-a836-5eb8f54559ec<-e6a83585-83d0-4616-a3d5-866875ad8a29#0:FAIL-t243, f2627371-a904-4314-a836-5eb8f54559ec<-1b813ef4-47a4-4bfc-8eb5-c34ae440adb1#0:FAIL-t243] and 0 exception(s); f2627371-a904-4314-a836-5eb8f54559ec@group-73E40DF2990B:t243, leader=null, voted=f2627371-a904-4314-a836-5eb8f54559ec, raftlog=f2627371-a904-4314-a836-5eb8f54559ec@group-73E40DF2990B-SegmentedRaftLog:OPENED:c-1,f-1,i0, conf=-1: [e6a83585-83d0-4616-a3d5-866875ad8a29:192.168.34.32:46159, f2627371-a904-4314-a836-5eb8f54559ec:192.168.34.32:33224, 1b813ef4-47a4-4bfc-8eb5-c34ae440adb1:192.168.34.32:36113], old=null
2019-10-21 19:13:10,064 [f2627371-a904-4314-a836-5eb8f54559ec@group-73E40DF2990B-LeaderElection220] INFO  impl.RaftServerImpl (RaftServerImpl.java:setRole(184)) - f2627371-a904-4314-a836-5eb8f54559ec@group-73E40DF2990B: changes role from CANDIDATE to FOLLOWER at term 243 for DISCOVERED_A_NEW_TERM
2019-10-21 19:13:10,064 [f2627371-a904-4314-a836-5eb8f54559ec@group-73E40DF2990B-LeaderElection220] INFO  impl.RoleInfo (RoleInfo.java:shutdownLeaderElection(134)) - f2627371-a904-4314-a836-5eb8f54559ec: shutdown LeaderElection
2019-10-21 19:13:10,064 [f2627371-a904-4314-a836-5eb8f54559ec@group-73E40DF2990B-LeaderElection220] INFO  impl.RoleInfo (RoleInfo.java:updateAndGet(143)) - f2627371-a904-4314-a836-5eb8f54559ec: start FollowerState
2019-10-21 19:13:10,228 [Thread-1705] INFO  impl.FollowerState (FollowerState.java:run(108)) - f2627371-a904-4314-a836-5eb8f54559ec@group-73E40DF2990B-FollowerState: change to CANDIDATE, lastRpcTime:163ms, electionTimeout:163ms
2019-10-21 19:13:10,228 [Thread-1705] INFO  impl.RoleInfo (RoleInfo.java:shutdownFollowerState(121)) - f2627371-a904-4314-a836-5eb8f54559ec: shutdown FollowerState
2019-10-21 19:13:10,228 [Thread-1705] INFO  impl.RaftServerImpl (RaftServerImpl.java:setRole(184)) - f2627371-a904-4314-a836-5eb8f54559ec@group-73E40DF2990B: changes role from  FOLLOWER to CANDIDATE at term 243 for changeToCandidate
2019-10-21 19:13:10,228 [Thread-1705] INFO  impl.RoleInfo (RoleInfo.java:updateAndGet(143)) - f2627371-a904-4314-a836-5eb8f54559ec: start LeaderElection
2019-10-21 19:13:10,265 [f2627371-a904-4314-a836-5eb8f54559ec@group-73E40DF2990B-LeaderElection221] INFO  impl.LeaderElection (LeaderElection.java:askForVotes(178)) - f2627371-a904-4314-a836-5eb8f54559ec@group-73E40DF2990B-LeaderElection221: begin an election at term 244 for -1: [e6a83585-83d0-4616-a3d5-866875ad8a29:192.168.34.32:46159, f2627371-a904-4314-a836-5eb8f54559ec:192.168.34.32:33224, 1b813ef4-47a4-4bfc-8eb5-c34ae440adb1:192.168.34.32:36113], old=null
2019-10-21 19:13:10,267 [grpc-default-executor-0] INFO  impl.RaftServerImpl (RaftServerImpl.java:setRole(184)) - e6a83585-83d0-4616-a3d5-866875ad8a29@group-73E40DF2990B: changes role from  FOLLOWER to FOLLOWER at term 244 for recognizeCandidate:f2627371-a904-4314-a836-5eb8f54559ec
2019-10-21 19:13:10,267 [grpc-default-executor-5] INFO  impl.RaftServerImpl (RaftServerImpl.java:setRole(184)) - 1b813ef4-47a4-4bfc-8eb5-c34ae440adb1@group-73E40DF2990B: changes role from  FOLLOWER to FOLLOWER at term 244 for recognizeCandidate:f2627371-a904-4314-a836-5eb8f54559ec
2019-10-21 19:13:10,268 [grpc-default-executor-0] INFO  impl.RoleInfo (RoleInfo.java:shutdownFollowerState(121)) - e6a83585-83d0-4616-a3d5-866875ad8a29: shutdown FollowerState
2019-10-21 19:13:10,268 [grpc-default-executor-5] INFO  impl.RoleInfo (RoleInfo.java:shutdownFollowerState(121)) - 1b813ef4-47a4-4bfc-8eb5-c34ae440adb1: shutdown FollowerState
2019-10-21 19:13:10,268 [Thread-1703] INFO  impl.FollowerState (FollowerState.java:run(117)) - e6a83585-83d0-4616-a3d5-866875ad8a29@group-73E40DF2990B-FollowerState was interrupted: java.lang.InterruptedException: sleep interrupted
2019-10-21 19:13:10,268 [grpc-default-executor-0] INFO  impl.RoleInfo (RoleInfo.java:updateAndGet(143)) - e6a83585-83d0-4616-a3d5-866875ad8a29: start FollowerState
2019-10-21 19:13:10,268 [Thread-1704] INFO  impl.FollowerState (FollowerState.java:run(117)) - 1b813ef4-47a4-4bfc-8eb5-c34ae440adb1@group-73E40DF2990B-FollowerState was interrupted: java.lang.InterruptedException: sleep interrupted
2019-10-21 19:13:10,268 [grpc-default-executor-5] INFO  impl.RoleInfo (RoleInfo.java:updateAndGet(143)) - 1b813ef4-47a4-4bfc-8eb5-c34ae440adb1: start FollowerState
2019-10-21 19:13:10,282 [f2627371-a904-4314-a836-5eb8f54559ec@group-73E40DF2990B-LeaderElection221] INFO  impl.LeaderElection (LeaderElection.java:logAndReturn(56)) - f2627371-a904-4314-a836-5eb8f54559ec@group-73E40DF2990B-LeaderElection221: Election REJECTED; received 2 response(s) [f2627371-a904-4314-a836-5eb8f54559ec<-e6a83585-83d0-4616-a3d5-866875ad8a29#0:FAIL-t244, f2627371-a904-4314-a836-5eb8f54559ec<-1b813ef4-47a4-4bfc-8eb5-c34ae440adb1#0:FAIL-t244] and 0 exception(s); f2627371-a904-4314-a836-5eb8f54559ec@group-73E40DF2990B:t244, leader=null, voted=f2627371-a904-4314-a836-5eb8f54559ec, raftlog=f2627371-a904-4314-a836-5eb8f54559ec@group-73E40DF2990B-SegmentedRaftLog:OPENED:c-1,f-1,i0, conf=-1: [e6a83585-83d0-4616-a3d5-866875ad8a29:192.168.34.32:46159, f2627371-a904-4314-a836-5eb8f54559ec:192.168.34.32:33224, 1b813ef4-47a4-4bfc-8eb5-c34ae440adb1:192.168.34.32:36113], old=null
2019-10-21 19:13:10,282 [f2627371-a904-4314-a836-5eb8f54559ec@group-73E40DF2990B-LeaderElection221] INFO  impl.RaftServerImpl (RaftServerImpl.java:setRole(184)) - f2627371-a904-4314-a836-5eb8f54559ec@group-73E40DF2990B: changes role from CANDIDATE to FOLLOWER at term 244 for DISCOVERED_A_NEW_TERM
2019-10-21 19:13:10,282 [f2627371-a904-4314-a836-5eb8f54559ec@group-73E40DF2990B-LeaderElection221] INFO  impl.RoleInfo (RoleInfo.java:shutdownLeaderElection(134)) - f2627371-a904-4314-a836-5eb8f54559ec: shutdown LeaderElection
2019-10-21 19:13:10,282 [f2627371-a904-4314-a836-5eb8f54559ec@group-73E40DF2990B-LeaderElection221] INFO  impl.RoleInfo (RoleInfo.java:updateAndGet(143)) - f2627371-a904-4314-a836-5eb8f54559ec: start FollowerState
2019-10-21 19:13:10,452 [Thread-1711] INFO  impl.FollowerState (FollowerState.java:run(108)) - f2627371-a904-4314-a836-5eb8f54559ec@group-73E40DF2990B-FollowerState: change to CANDIDATE, lastRpcTime:170ms, electionTimeout:170ms
2019-10-21 19:13:10,453 [Thread-1711] INFO  impl.RoleInfo (RoleInfo.java:shutdownFollowerState(121)) - f2627371-a904-4314-a836-5eb8f54559ec: shutdown FollowerState
2019-10-21 19:13:10,453 [Thread-1711] INFO  impl.RaftServerImpl (RaftServerImpl.java:setRole(184)) - f2627371-a904-4314-a836-5eb8f54559ec@group-73E40DF2990B: changes role from  FOLLOWER to CANDIDATE at term 244 for changeToCandidate
2019-10-21 19:13:10,453 [Thread-1711] INFO  impl.RoleInfo (RoleInfo.java:updateAndGet(143)) - f2627371-a904-4314-a836-5eb8f54559ec: start LeaderElection
2019-10-21 19:13:10,495 [f2627371-a904-4314-a836-5eb8f54559ec@group-73E40DF2990B-LeaderElection222] INFO  impl.LeaderElection (LeaderElection.java:askForVotes(178)) - f2627371-a904-4314-a836-5eb8f54559ec@group-73E40DF2990B-LeaderElection222: begin an election at term 245 for -1: [e6a83585-83d0-4616-a3d5-866875ad8a29:192.168.34.32:46159, f2627371-a904-4314-a836-5eb8f54559ec:192.168.34.32:33224, 1b813ef4-47a4-4bfc-8eb5-c34ae440adb1:192.168.34.32:36113], old=null
2019-10-21 19:13:10,498 [grpc-default-executor-0] INFO  impl.RaftServerImpl (RaftServerImpl.java:setRole(184)) - e6a83585-83d0-4616-a3d5-866875ad8a29@group-73E40DF2990B: changes role from  FOLLOWER to FOLLOWER at term 245 for recognizeCandidate:f2627371-a904-4314-a836-5eb8f54559ec
2019-10-21 19:13:10,498 [grpc-default-executor-0] INFO  impl.RoleInfo (RoleInfo.java:shutdownFollowerState(121)) - e6a83585-83d0-4616-a3d5-866875ad8a29: shutdown FollowerState
2019-10-21 19:13:10,498 [grpc-default-executor-5] INFO  impl.RaftServerImpl (RaftServerImpl.java:setRole(184)) - 1b813ef4-47a4-4bfc-8eb5-c34ae440adb1@group-73E40DF2990B: changes role from  FOLLOWER to FOLLOWER at term 245 for recognizeCandidate:f2627371-a904-4314-a836-5eb8f54559ec
2019-10-21 19:13:10,498 [Thread-1709] INFO  impl.FollowerState (FollowerState.java:run(117)) - e6a83585-83d0-4616-a3d5-866875ad8a29@group-73E40DF2990B-FollowerState was interrupted: java.lang.InterruptedException: sleep interrupted
2019-10-21 19:13:10,498 [grpc-default-executor-0] INFO  impl.RoleInfo (RoleInfo.java:updateAndGet(143)) - e6a83585-83d0-4616-a3d5-866875ad8a29: start FollowerState
2019-10-21 19:13:10,498 [grpc-default-executor-5] INFO  impl.RoleInfo (RoleInfo.java:shutdownFollowerState(121)) - 1b813ef4-47a4-4bfc-8eb5-c34ae440adb1: shutdown FollowerState
2019-10-21 19:13:10,499 [grpc-default-executor-5] INFO  impl.RoleInfo (RoleInfo.java:updateAndGet(143)) - 1b813ef4-47a4-4bfc-8eb5-c34ae440adb1: start FollowerState
2019-10-21 19:13:10,499 [Thread-1710] INFO  impl.FollowerState (FollowerState.java:run(117)) - 1b813ef4-47a4-4bfc-8eb5-c34ae440adb1@group-73E40DF2990B-FollowerState was interrupted: java.lang.InterruptedException: sleep interrupted
2019-10-21 19:13:10,528 [f2627371-a904-4314-a836-5eb8f54559ec@group-73E40DF2990B-LeaderElection222] INFO  impl.LeaderElection (LeaderElection.java:logAndReturn(56)) - f2627371-a904-4314-a836-5eb8f54559ec@group-73E40DF2990B-LeaderElection222: Election REJECTED; received 2 response(s) [f2627371-a904-4314-a836-5eb8f54559ec<-e6a83585-83d0-4616-a3d5-866875ad8a29#0:FAIL-t245, f2627371-a904-4314-a836-5eb8f54559ec<-1b813ef4-47a4-4bfc-8eb5-c34ae440adb1#0:FAIL-t245] and 0 exception(s); f2627371-a904-4314-a836-5eb8f54559ec@group-73E40DF2990B:t245, leader=null, voted=f2627371-a904-4314-a836-5eb8f54559ec, raftlog=f2627371-a904-4314-a836-5eb8f54559ec@group-73E40DF2990B-SegmentedRaftLog:OPENED:c-1,f-1,i0, conf=-1: [e6a83585-83d0-4616-a3d5-866875ad8a29:192.168.34.32:46159, f2627371-a904-4314-a836-5eb8f54559ec:192.168.34.32:33224, 1b813ef4-47a4-4bfc-8eb5-c34ae440adb1:192.168.34.32:36113], old=null
2019-10-21 19:13:10,529 [f2627371-a904-4314-a836-5eb8f54559ec@group-73E40DF2990B-LeaderElection222] INFO  impl.RaftServerImpl (RaftServerImpl.java:setRole(184)) - f2627371-a904-4314-a836-5eb8f54559ec@group-73E40DF2990B: changes role from CANDIDATE to FOLLOWER at term 245 for DISCOVERED_A_NEW_TERM
2019-10-21 19:13:10,529 [f2627371-a904-4314-a836-5eb8f54559ec@group-73E40DF2990B-LeaderElection222] INFO  impl.RoleInfo (RoleInfo.java:shutdownLeaderElection(134)) - f2627371-a904-4314-a836-5eb8f54559ec: shutdown LeaderElection
2019-10-21 19:13:10,529 [f2627371-a904-4314-a836-5eb8f54559ec@group-73E40DF2990B-LeaderElection222] INFO  impl.RoleInfo (RoleInfo.java:updateAndGet(143)) - f2627371-a904-4314-a836-5eb8f54559ec: start FollowerState
2019-10-21 19:13:10,675 [Thread-1719] INFO  impl.FollowerState (FollowerState.java:run(108)) - f2627371-a904-4314-a836-5eb8f54559ec@group-73E40DF2990B-FollowerState: change to CANDIDATE, lastRpcTime:146ms, electionTimeout:146ms
2019-10-21 19:13:10,675 [Thread-1719] INFO  impl.RoleInfo (RoleInfo.java:shutdownFollowerState(121)) - f2627371-a904-4314-a836-5eb8f54559ec: shutdown FollowerState
2019-10-21 19:13:10,676 [Thread-1719] INFO  impl.RaftServerImpl (RaftServerImpl.java:setRole(184)) - f2627371-a904-4314-a836-5eb8f54559ec@group-73E40DF2990B: changes role from  FOLLOWER to CANDIDATE at term 245 for changeToCandidate
2019-10-21 19:13:10,676 [Thread-1719] INFO  impl.RoleInfo (RoleInfo.java:updateAndGet(143)) - f2627371-a904-4314-a836-5eb8f54559ec: start LeaderElection
2019-10-21 19:13:10,691 [f2627371-a904-4314-a836-5eb8f54559ec@group-73E40DF2990B-LeaderElection223] INFO  impl.LeaderElection (LeaderElection.java:askForVotes(178)) - f2627371-a904-4314-a836-5eb8f54559ec@group-73E40DF2990B-LeaderElection223: begin an election at term 246 for -1: [e6a83585-83d0-4616-a3d5-866875ad8a29:192.168.34.32:46159, f2627371-a904-4314-a836-5eb8f54559ec:192.168.34.32:33224, 1b813ef4-47a4-4bfc-8eb5-c34ae440adb1:192.168.34.32:36113], old=null
2019-10-21 19:13:10,694 [grpc-default-executor-0] INFO  impl.RaftServerImpl (RaftServerImpl.java:setRole(184)) - 1b813ef4-47a4-4bfc-8eb5-c34ae440adb1@group-73E40DF2990B: changes role from  FOLLOWER to FOLLOWER at term 246 for recognizeCandidate:f2627371-a904-4314-a836-5eb8f54559ec
2019-10-21 19:13:10,694 [grpc-default-executor-5] INFO  impl.RaftServerImpl (RaftServerImpl.java:setRole(184)) - e6a83585-83d0-4616-a3d5-866875ad8a29@group-73E40DF2990B: changes role from  FOLLOWER to FOLLOWER at term 246 for recognizeCandidate:f2627371-a904-4314-a836-5eb8f54559ec
2019-10-21 19:13:10,694 [grpc-default-executor-5] INFO  impl.RoleInfo (RoleInfo.java:shutdownFollowerState(121)) - e6a83585-83d0-4616-a3d5-866875ad8a29: shutdown FollowerState
2019-10-21 19:13:10,694 [grpc-default-executor-0] INFO  impl.RoleInfo (RoleInfo.java:shutdownFollowerState(121)) - 1b813ef4-47a4-4bfc-8eb5-c34ae440adb1: shutdown FollowerState
2019-10-21 19:13:10,695 [Thread-1715] INFO  impl.FollowerState (FollowerState.java:run(117)) - e6a83585-83d0-4616-a3d5-866875ad8a29@group-73E40DF2990B-FollowerState was interrupted: java.lang.InterruptedException: sleep interrupted
2019-10-21 19:13:10,694 [grpc-default-executor-5] INFO  impl.RoleInfo (RoleInfo.java:updateAndGet(143)) - e6a83585-83d0-4616-a3d5-866875ad8a29: start FollowerState
2019-10-21 19:13:10,695 [Thread-1716] INFO  impl.FollowerState (FollowerState.java:run(117)) - 1b813ef4-47a4-4bfc-8eb5-c34ae440adb1@group-73E40DF2990B-FollowerState was interrupted: java.lang.InterruptedException: sleep interrupted
2019-10-21 19:13:10,695 [grpc-default-executor-0] INFO  impl.RoleInfo (RoleInfo.java:updateAndGet(143)) - 1b813ef4-47a4-4bfc-8eb5-c34ae440adb1: start FollowerState
2019-10-21 19:13:10,710 [f2627371-a904-4314-a836-5eb8f54559ec@group-73E40DF2990B-LeaderElection223] INFO  impl.LeaderElection (LeaderElection.java:logAndReturn(56)) - f2627371-a904-4314-a836-5eb8f54559ec@group-73E40DF2990B-LeaderElection223: Election REJECTED; received 2 response(s) [f2627371-a904-4314-a836-5eb8f54559ec<-e6a83585-83d0-4616-a3d5-866875ad8a29#0:FAIL-t246, f2627371-a904-4314-a836-5eb8f54559ec<-1b813ef4-47a4-4bfc-8eb5-c34ae440adb1#0:FAIL-t246] and 0 exception(s); f2627371-a904-4314-a836-5eb8f54559ec@group-73E40DF2990B:t246, leader=null, voted=f2627371-a904-4314-a836-5eb8f54559ec, raftlog=f2627371-a904-4314-a836-5eb8f54559ec@group-73E40DF2990B-SegmentedRaftLog:OPENED:c-1,f-1,i0, conf=-1: [e6a83585-83d0-4616-a3d5-866875ad8a29:192.168.34.32:46159, f2627371-a904-4314-a836-5eb8f54559ec:192.168.34.32:33224, 1b813ef4-47a4-4bfc-8eb5-c34ae440adb1:192.168.34.32:36113], old=null
2019-10-21 19:13:10,710 [f2627371-a904-4314-a836-5eb8f54559ec@group-73E40DF2990B-LeaderElection223] INFO  impl.RaftServerImpl (RaftServerImpl.java:setRole(184)) - f2627371-a904-4314-a836-5eb8f54559ec@group-73E40DF2990B: changes role from CANDIDATE to FOLLOWER at term 246 for DISCOVERED_A_NEW_TERM
2019-10-21 19:13:10,710 [f2627371-a904-4314-a836-5eb8f54559ec@group-73E40DF2990B-LeaderElection223] INFO  impl.RoleInfo (RoleInfo.java:shutdownLeaderElection(134)) - f2627371-a904-4314-a836-5eb8f54559ec: shutdown LeaderElection
2019-10-21 19:13:10,710 [f2627371-a904-4314-a836-5eb8f54559ec@group-73E40DF2990B-LeaderElection223] INFO  impl.RoleInfo (RoleInfo.java:updateAndGet(143)) - f2627371-a904-4314-a836-5eb8f54559ec: start FollowerState
2019-10-21 19:13:10,850 [Thread-1725] INFO  impl.FollowerState (FollowerState.java:run(108)) - f2627371-a904-4314-a836-5eb8f54559ec@group-73E40DF2990B-FollowerState: change to CANDIDATE, lastRpcTime:139ms, electionTimeout:139ms
2019-10-21 19:13:10,850 [Thread-1725] INFO  impl.RoleInfo (RoleInfo.java:shutdownFollowerState(121)) - f2627371-a904-4314-a836-5eb8f54559ec: shutdown FollowerState
2019-10-21 19:13:10,850 [Thread-1725] INFO  impl.RaftServerImpl (RaftServerImpl.java:setRole(184)) - f2627371-a904-4314-a836-5eb8f54559ec@group-73E40DF2990B: changes role from  FOLLOWER to CANDIDATE at term 246 for changeToCandidate
2019-10-21 19:13:10,850 [Thread-1725] INFO  impl.RoleInfo (RoleInfo.java:updateAndGet(143)) - f2627371-a904-4314-a836-5eb8f54559ec: start LeaderElection
2019-10-21 19:13:10,867 [f2627371-a904-4314-a836-5eb8f54559ec@group-73E40DF2990B-LeaderElection224] INFO  impl.LeaderElection (LeaderElection.java:askForVotes(178)) - f2627371-a904-4314-a836-5eb8f54559ec@group-73E40DF2990B-LeaderElection224: begin an election at term 247 for -1: [e6a83585-83d0-4616-a3d5-866875ad8a29:192.168.34.32:46159, f2627371-a904-4314-a836-5eb8f54559ec:192.168.34.32:33224, 1b813ef4-47a4-4bfc-8eb5-c34ae440adb1:192.168.34.32:36113], old=null
2019-10-21 19:13:10,869 [grpc-default-executor-5] INFO  impl.RaftServerImpl (RaftServerImpl.java:setRole(184)) - e6a83585-83d0-4616-a3d5-866875ad8a29@group-73E40DF2990B: changes role from  FOLLOWER to FOLLOWER at term 247 for recognizeCandidate:f2627371-a904-4314-a836-5eb8f54559ec
2019-10-21 19:13:10,869 [grpc-default-executor-5] INFO  impl.RoleInfo (RoleInfo.java:shutdownFollowerState(121)) - e6a83585-83d0-4616-a3d5-866875ad8a29: shutdown FollowerState
2019-10-21 19:13:10,869 [grpc-default-executor-0] INFO  impl.RaftServerImpl (RaftServerImpl.java:setRole(184)) - 1b813ef4-47a4-4bfc-8eb5-c34ae440adb1@group-73E40DF2990B: changes role from  FOLLOWER to FOLLOWER at term 247 for recognizeCandidate:f2627371-a904-4314-a836-5eb8f54559ec
2019-10-21 19:13:10,870 [grpc-default-executor-0] INFO  impl.RoleInfo (RoleInfo.java:shutdownFollowerState(121)) - 1b813ef4-47a4-4bfc-8eb5-c34ae440adb1: shutdown FollowerState
2019-10-21 19:13:10,870 [Thread-1723] INFO  impl.FollowerState (FollowerState.java:run(117)) - e6a83585-83d0-4616-a3d5-866875ad8a29@group-73E40DF2990B-FollowerState was interrupted: java.lang.InterruptedException: sleep interrupted
2019-10-21 19:13:10,870 [grpc-default-executor-5] INFO  impl.RoleInfo (RoleInfo.java:updateAndGet(143)) - e6a83585-83d0-4616-a3d5-866875ad8a29: start FollowerState
2019-10-21 19:13:10,870 [Thread-1724] INFO  impl.FollowerState (FollowerState.java:run(117)) - 1b813ef4-47a4-4bfc-8eb5-c34ae440adb1@group-73E40DF2990B-FollowerState was interrupted: java.lang.InterruptedException: sleep interrupted
2019-10-21 19:13:10,870 [grpc-default-executor-0] INFO  impl.RoleInfo (RoleInfo.java:updateAndGet(143)) - 1b813ef4-47a4-4bfc-8eb5-c34ae440adb1: start FollowerState
2019-10-21 19:13:10,885 [f2627371-a904-4314-a836-5eb8f54559ec@group-73E40DF2990B-LeaderElection224] INFO  impl.LeaderElection (LeaderElection.java:logAndReturn(56)) - f2627371-a904-4314-a836-5eb8f54559ec@group-73E40DF2990B-LeaderElection224: Election REJECTED; received 2 response(s) [f2627371-a904-4314-a836-5eb8f54559ec<-e6a83585-83d0-4616-a3d5-866875ad8a29#0:FAIL-t247, f2627371-a904-4314-a836-5eb8f54559ec<-1b813ef4-47a4-4bfc-8eb5-c34ae440adb1#0:FAIL-t247] and 0 exception(s); f2627371-a904-4314-a836-5eb8f54559ec@group-73E40DF2990B:t247, leader=null, voted=f2627371-a904-4314-a836-5eb8f54559ec, raftlog=f2627371-a904-4314-a836-5eb8f54559ec@group-73E40DF2990B-SegmentedRaftLog:OPENED:c-1,f-1,i0, conf=-1: [e6a83585-83d0-4616-a3d5-866875ad8a29:192.168.34.32:46159, f2627371-a904-4314-a836-5eb8f54559ec:192.168.34.32:33224, 1b813ef4-47a4-4bfc-8eb5-c34ae440adb1:192.168.34.32:36113], old=null
2019-10-21 19:13:10,886 [f2627371-a904-4314-a836-5eb8f54559ec@group-73E40DF2990B-LeaderElection224] INFO  impl.RaftServerImpl (RaftServerImpl.java:setRole(184)) - f2627371-a904-4314-a836-5eb8f54559ec@group-73E40DF2990B: changes role from CANDIDATE to FOLLOWER at term 247 for DISCOVERED_A_NEW_TERM
2019-10-21 19:13:10,886 [f2627371-a904-4314-a836-5eb8f54559ec@group-73E40DF2990B-LeaderElection224] INFO  impl.RoleInfo (RoleInfo.java:shutdownLeaderElection(134)) - f2627371-a904-4314-a836-5eb8f54559ec: shutdown LeaderElection
2019-10-21 19:13:10,886 [f2627371-a904-4314-a836-5eb8f54559ec@group-73E40DF2990B-LeaderElection224] INFO  impl.RoleInfo (RoleInfo.java:updateAndGet(143)) - f2627371-a904-4314-a836-5eb8f54559ec: start FollowerState
2019-10-21 19:13:10,899 [Thread-1731] INFO  impl.FollowerState (FollowerState.java:run(108)) - f2627371-a904-4314-a836-5eb8f54559ec@group-73E40DF2990B-FollowerState: change to CANDIDATE, lastRpcTime:13ms, electionTimeout:13ms
2019-10-21 19:13:10,900 [Thread-1731] INFO  impl.RoleInfo (RoleInfo.java:shutdownFollowerState(121)) - f2627371-a904-4314-a836-5eb8f54559ec: shutdown FollowerState
2019-10-21 19:13:10,900 [Thread-1731] INFO  impl.RaftServerImpl (RaftServerImpl.java:setRole(184)) - f2627371-a904-4314-a836-5eb8f54559ec@group-73E40DF2990B: changes role from  FOLLOWER to CANDIDATE at term 247 for changeToCandidate
2019-10-21 19:13:10,900 [Thread-1731] INFO  impl.RoleInfo (RoleInfo.java:updateAndGet(143)) - f2627371-a904-4314-a836-5eb8f54559ec: start LeaderElection
2019-10-21 19:13:10,914 [f2627371-a904-4314-a836-5eb8f54559ec@group-73E40DF2990B-LeaderElection225] INFO  impl.LeaderElection (LeaderElection.java:askForVotes(178)) - f2627371-a904-4314-a836-5eb8f54559ec@group-73E40DF2990B-LeaderElection225: begin an election at term 248 for -1: [e6a83585-83d0-4616-a3d5-866875ad8a29:192.168.34.32:46159, f2627371-a904-4314-a836-5eb8f54559ec:192.168.34.32:33224, 1b813ef4-47a4-4bfc-8eb5-c34ae440adb1:192.168.34.32:36113], old=null
2019-10-21 19:13:10,916 [grpc-default-executor-5] INFO  impl.RaftServerImpl (RaftServerImpl.java:setRole(184)) - 1b813ef4-47a4-4bfc-8eb5-c34ae440adb1@group-73E40DF2990B: changes role from  FOLLOWER to FOLLOWER at term 248 for recognizeCandidate:f2627371-a904-4314-a836-5eb8f54559ec
2019-10-21 19:13:10,916 [grpc-default-executor-5] INFO  impl.RoleInfo (RoleInfo.java:shutdownFollowerState(121)) - 1b813ef4-47a4-4bfc-8eb5-c34ae440adb1: shutdown FollowerState
2019-10-21 19:13:10,916 [grpc-default-executor-0] INFO  impl.RaftServerImpl (RaftServerImpl.java:setRole(184)) - e6a83585-83d0-4616-a3d5-866875ad8a29@group-73E40DF2990B: changes role from  FOLLOWER to FOLLOWER at term 248 for recognizeCandidate:f2627371-a904-4314-a836-5eb8f54559ec
2019-10-21 19:13:10,916 [Thread-1730] INFO  impl.FollowerState (FollowerState.java:run(117)) - 1b813ef4-47a4-4bfc-8eb5-c34ae440adb1@group-73E40DF2990B-FollowerState was interrupted: java.lang.InterruptedException: sleep interrupted
2019-10-21 19:13:10,916 [grpc-default-executor-5] INFO  impl.RoleInfo (RoleInfo.java:updateAndGet(143)) - 1b813ef4-47a4-4bfc-8eb5-c34ae440adb1: start FollowerState
2019-10-21 19:13:10,916 [grpc-default-executor-0] INFO  impl.RoleInfo (RoleInfo.java:shutdownFollowerState(121)) - e6a83585-83d0-4616-a3d5-866875ad8a29: shutdown FollowerState
2019-10-21 19:13:10,917 [grpc-default-executor-0] INFO  impl.RoleInfo (RoleInfo.java:updateAndGet(143)) - e6a83585-83d0-4616-a3d5-866875ad8a29: start FollowerState
2019-10-21 19:13:10,917 [Thread-1729] INFO  impl.FollowerState (FollowerState.java:run(117)) - e6a83585-83d0-4616-a3d5-866875ad8a29@group-73E40DF2990B-FollowerState was interrupted: java.lang.InterruptedException: sleep interrupted
2019-10-21 19:13:10,931 [f2627371-a904-4314-a836-5eb8f54559ec@group-73E40DF2990B-LeaderElection225] INFO  impl.LeaderElection (LeaderElection.java:logAndReturn(56)) - f2627371-a904-4314-a836-5eb8f54559ec@group-73E40DF2990B-LeaderElection225: Election REJECTED; received 2 response(s) [f2627371-a904-4314-a836-5eb8f54559ec<-e6a83585-83d0-4616-a3d5-866875ad8a29#0:FAIL-t248, f2627371-a904-4314-a836-5eb8f54559ec<-1b813ef4-47a4-4bfc-8eb5-c34ae440adb1#0:FAIL-t248] and 0 exception(s); f2627371-a904-4314-a836-5eb8f54559ec@group-73E40DF2990B:t248, leader=null, voted=f2627371-a904-4314-a836-5eb8f54559ec, raftlog=f2627371-a904-4314-a836-5eb8f54559ec@group-73E40DF2990B-SegmentedRaftLog:OPENED:c-1,f-1,i0, conf=-1: [e6a83585-83d0-4616-a3d5-866875ad8a29:192.168.34.32:46159, f2627371-a904-4314-a836-5eb8f54559ec:192.168.34.32:33224, 1b813ef4-47a4-4bfc-8eb5-c34ae440adb1:192.168.34.32:36113], old=null
2019-10-21 19:13:10,931 [f2627371-a904-4314-a836-5eb8f54559ec@group-73E40DF2990B-LeaderElection225] INFO  impl.RaftServerImpl (RaftServerImpl.java:setRole(184)) - f2627371-a904-4314-a836-5eb8f54559ec@group-73E40DF2990B: changes role from CANDIDATE to FOLLOWER at term 248 for DISCOVERED_A_NEW_TERM
2019-10-21 19:13:10,931 [f2627371-a904-4314-a836-5eb8f54559ec@group-73E40DF2990B-LeaderElection225] INFO  impl.RoleInfo (RoleInfo.java:shutdownLeaderElection(134)) - f2627371-a904-4314-a836-5eb8f54559ec: shutdown LeaderElection
2019-10-21 19:13:10,932 [f2627371-a904-4314-a836-5eb8f54559ec@group-73E40DF2990B-LeaderElection225] INFO  impl.RoleInfo (RoleInfo.java:updateAndGet(143)) - f2627371-a904-4314-a836-5eb8f54559ec: start FollowerState
2019-10-21 19:13:11,043 [Thread-1737] INFO  impl.FollowerState (FollowerState.java:run(108)) - f2627371-a904-4314-a836-5eb8f54559ec@group-73E40DF2990B-FollowerState: change to CANDIDATE, lastRpcTime:111ms, electionTimeout:111ms
2019-10-21 19:13:11,043 [Thread-1737] INFO  impl.RoleInfo (RoleInfo.java:shutdownFollowerState(121)) - f2627371-a904-4314-a836-5eb8f54559ec: shutdown FollowerState
2019-10-21 19:13:11,043 [Thread-1737] INFO  impl.RaftServerImpl (RaftServerImpl.java:setRole(184)) - f2627371-a904-4314-a836-5eb8f54559ec@group-73E40DF2990B: changes role from  FOLLOWER to CANDIDATE at term 248 for changeToCandidate
2019-10-21 19:13:11,044 [Thread-1737] INFO  impl.RoleInfo (RoleInfo.java:updateAndGet(143)) - f2627371-a904-4314-a836-5eb8f54559ec: start LeaderElection
2019-10-21 19:13:11,059 [f2627371-a904-4314-a836-5eb8f54559ec@group-73E40DF2990B-LeaderElection226] INFO  impl.LeaderElection (LeaderElection.java:askForVotes(178)) - f2627371-a904-4314-a836-5eb8f54559ec@group-73E40DF2990B-LeaderElection226: begin an election at term 249 for -1: [e6a83585-83d0-4616-a3d5-866875ad8a29:192.168.34.32:46159, f2627371-a904-4314-a836-5eb8f54559ec:192.168.34.32:33224, 1b813ef4-47a4-4bfc-8eb5-c34ae440adb1:192.168.34.32:36113], old=null
2019-10-21 19:13:11,062 [grpc-default-executor-0] INFO  impl.RaftServerImpl (RaftServerImpl.java:setRole(184)) - e6a83585-83d0-4616-a3d5-866875ad8a29@group-73E40DF2990B: changes role from  FOLLOWER to FOLLOWER at term 249 for recognizeCandidate:f2627371-a904-4314-a836-5eb8f54559ec
2019-10-21 19:13:11,062 [grpc-default-executor-5] INFO  impl.RaftServerImpl (RaftServerImpl.java:setRole(184)) - 1b813ef4-47a4-4bfc-8eb5-c34ae440adb1@group-73E40DF2990B: changes role from  FOLLOWER to FOLLOWER at term 249 for recognizeCandidate:f2627371-a904-4314-a836-5eb8f54559ec
2019-10-21 19:13:11,062 [grpc-default-executor-0] INFO  impl.RoleInfo (RoleInfo.java:shutdownFollowerState(121)) - e6a83585-83d0-4616-a3d5-866875ad8a29: shutdown FollowerState
2019-10-21 19:13:11,062 [grpc-default-executor-5] INFO  impl.RoleInfo (RoleInfo.java:shutdownFollowerState(121)) - 1b813ef4-47a4-4bfc-8eb5-c34ae440adb1: shutdown FollowerState
2019-10-21 19:13:11,062 [Thread-1736] INFO  impl.FollowerState (FollowerState.java:run(117)) - e6a83585-83d0-4616-a3d5-866875ad8a29@group-73E40DF2990B-FollowerState was interrupted: java.lang.InterruptedException: sleep interrupted
2019-10-21 19:13:11,062 [Thread-1735] INFO  impl.FollowerState (FollowerState.java:run(117)) - 1b813ef4-47a4-4bfc-8eb5-c34ae440adb1@group-73E40DF2990B-FollowerState was interrupted: java.lang.InterruptedException: sleep interrupted
2019-10-21 19:13:11,062 [grpc-default-executor-0] INFO  impl.RoleInfo (RoleInfo.java:updateAndGet(143)) - e6a83585-83d0-4616-a3d5-866875ad8a29: start FollowerState
2019-10-21 19:13:11,062 [grpc-default-executor-5] INFO  impl.RoleInfo (RoleInfo.java:updateAndGet(143)) - 1b813ef4-47a4-4bfc-8eb5-c34ae440adb1: start FollowerState
2019-10-21 19:13:11,100 [f2627371-a904-4314-a836-5eb8f54559ec@group-73E40DF2990B-LeaderElection226] INFO  impl.LeaderElection (LeaderElection.java:logAndReturn(56)) - f2627371-a904-4314-a836-5eb8f54559ec@group-73E40DF2990B-LeaderElection226: Election REJECTED; received 2 response(s) [f2627371-a904-4314-a836-5eb8f54559ec<-e6a83585-83d0-4616-a3d5-866875ad8a29#0:FAIL-t249, f2627371-a904-4314-a836-5eb8f54559ec<-1b813ef4-47a4-4bfc-8eb5-c34ae440adb1#0:FAIL-t249] and 0 exception(s); f2627371-a904-4314-a836-5eb8f54559ec@group-73E40DF2990B:t249, leader=null, voted=f2627371-a904-4314-a836-5eb8f54559ec, raftlog=f2627371-a904-4314-a836-5eb8f54559ec@group-73E40DF2990B-SegmentedRaftLog:OPENED:c-1,f-1,i0, conf=-1: [e6a83585-83d0-4616-a3d5-866875ad8a29:192.168.34.32:46159, f2627371-a904-4314-a836-5eb8f54559ec:192.168.34.32:33224, 1b813ef4-47a4-4bfc-8eb5-c34ae440adb1:192.168.34.32:36113], old=null
2019-10-21 19:13:11,100 [f2627371-a904-4314-a836-5eb8f54559ec@group-73E40DF2990B-LeaderElection226] INFO  impl.RaftServerImpl (RaftServerImpl.java:setRole(184)) - f2627371-a904-4314-a836-5eb8f54559ec@group-73E40DF2990B: changes role from CANDIDATE to FOLLOWER at term 249 for DISCOVERED_A_NEW_TERM
2019-10-21 19:13:11,100 [f2627371-a904-4314-a836-5eb8f54559ec@group-73E40DF2990B-LeaderElection226] INFO  impl.RoleInfo (RoleInfo.java:shutdownLeaderElection(134)) - f2627371-a904-4314-a836-5eb8f54559ec: shutdown LeaderElection
2019-10-21 19:13:11,100 [f2627371-a904-4314-a836-5eb8f54559ec@group-73E40DF2990B-LeaderElection226] INFO  impl.RoleInfo (RoleInfo.java:updateAndGet(143)) - f2627371-a904-4314-a836-5eb8f54559ec: start FollowerState
2019-10-21 19:13:11,242 [Thread-1743] INFO  impl.FollowerState (FollowerState.java:run(108)) - f2627371-a904-4314-a836-5eb8f54559ec@group-73E40DF2990B-FollowerState: change to CANDIDATE, lastRpcTime:141ms, electionTimeout:141ms
2019-10-21 19:13:11,242 [Thread-1743] INFO  impl.RoleInfo (RoleInfo.java:shutdownFollowerState(121)) - f2627371-a904-4314-a836-5eb8f54559ec: shutdown FollowerState
2019-10-21 19:13:11,242 [Thread-1743] INFO  impl.RaftServerImpl (RaftServerImpl.java:setRole(184)) - f2627371-a904-4314-a836-5eb8f54559ec@group-73E40DF2990B: changes role from  FOLLOWER to CANDIDATE at term 249 for changeToCandidate
2019-10-21 19:13:11,243 [Thread-1743] INFO  impl.RoleInfo (RoleInfo.java:updateAndGet(143)) - f2627371-a904-4314-a836-5eb8f54559ec: start LeaderElection
2019-10-21 19:13:11,256 [f2627371-a904-4314-a836-5eb8f54559ec@group-73E40DF2990B-LeaderElection227] INFO  impl.LeaderElection (LeaderElection.java:askForVotes(178)) - f2627371-a904-4314-a836-5eb8f54559ec@group-73E40DF2990B-LeaderElection227: begin an election at term 250 for -1: [e6a83585-83d0-4616-a3d5-866875ad8a29:192.168.34.32:46159, f2627371-a904-4314-a836-5eb8f54559ec:192.168.34.32:33224, 1b813ef4-47a4-4bfc-8eb5-c34ae440adb1:192.168.34.32:36113], old=null
2019-10-21 19:13:11,258 [grpc-default-executor-5] INFO  impl.RaftServerImpl (RaftServerImpl.java:setRole(184)) - e6a83585-83d0-4616-a3d5-866875ad8a29@group-73E40DF2990B: changes role from  FOLLOWER to FOLLOWER at term 250 for recognizeCandidate:f2627371-a904-4314-a836-5eb8f54559ec
2019-10-21 19:13:11,259 [grpc-default-executor-5] INFO  impl.RoleInfo (RoleInfo.java:shutdownFollowerState(121)) - e6a83585-83d0-4616-a3d5-866875ad8a29: shutdown FollowerState
2019-10-21 19:13:11,259 [grpc-default-executor-5] INFO  impl.RoleInfo (RoleInfo.java:updateAndGet(143)) - e6a83585-83d0-4616-a3d5-866875ad8a29: start FollowerState
2019-10-21 19:13:11,259 [Thread-1741] INFO  impl.FollowerState (FollowerState.java:run(117)) - e6a83585-83d0-4616-a3d5-866875ad8a29@group-73E40DF2990B-FollowerState was interrupted: java.lang.InterruptedException: sleep interrupted
2019-10-21 19:13:11,259 [grpc-default-executor-0] INFO  impl.RaftServerImpl (RaftServerImpl.java:setRole(184)) - 1b813ef4-47a4-4bfc-8eb5-c34ae440adb1@group-73E40DF2990B: changes role from  FOLLOWER to FOLLOWER at term 250 for recognizeCandidate:f2627371-a904-4314-a836-5eb8f54559ec
2019-10-21 19:13:11,259 [grpc-default-executor-0] INFO  impl.RoleInfo (RoleInfo.java:shutdownFollowerState(121)) - 1b813ef4-47a4-4bfc-8eb5-c34ae440adb1: shutdown FollowerState
2019-10-21 19:13:11,259 [grpc-default-executor-0] INFO  impl.RoleInfo (RoleInfo.java:updateAndGet(143)) - 1b813ef4-47a4-4bfc-8eb5-c34ae440adb1: start FollowerState
2019-10-21 19:13:11,259 [Thread-1742] INFO  impl.FollowerState (FollowerState.java:run(117)) - 1b813ef4-47a4-4bfc-8eb5-c34ae440adb1@group-73E40DF2990B-FollowerState was interrupted: java.lang.InterruptedException: sleep interrupted
2019-10-21 19:13:11,273 [f2627371-a904-4314-a836-5eb8f54559ec@group-73E40DF2990B-LeaderElection227] INFO  impl.LeaderElection (LeaderElection.java:logAndReturn(56)) - f2627371-a904-4314-a836-5eb8f54559ec@group-73E40DF2990B-LeaderElection227: Election REJECTED; received 2 response(s) [f2627371-a904-4314-a836-5eb8f54559ec<-e6a83585-83d0-4616-a3d5-866875ad8a29#0:FAIL-t250, f2627371-a904-4314-a836-5eb8f54559ec<-1b813ef4-47a4-4bfc-8eb5-c34ae440adb1#0:FAIL-t250] and 0 exception(s); f2627371-a904-4314-a836-5eb8f54559ec@group-73E40DF2990B:t250, leader=null, voted=f2627371-a904-4314-a836-5eb8f54559ec, raftlog=f2627371-a904-4314-a836-5eb8f54559ec@group-73E40DF2990B-SegmentedRaftLog:OPENED:c-1,f-1,i0, conf=-1: [e6a83585-83d0-4616-a3d5-866875ad8a29:192.168.34.32:46159, f2627371-a904-4314-a836-5eb8f54559ec:192.168.34.32:33224, 1b813ef4-47a4-4bfc-8eb5-c34ae440adb1:192.168.34.32:36113], old=null
2019-10-21 19:13:11,274 [f2627371-a904-4314-a836-5eb8f54559ec@group-73E40DF2990B-LeaderElection227] INFO  impl.RaftServerImpl (RaftServerImpl.java:setRole(184)) - f2627371-a904-4314-a836-5eb8f54559ec@group-73E40DF2990B: changes role from CANDIDATE to FOLLOWER at term 250 for DISCOVERED_A_NEW_TERM
2019-10-21 19:13:11,274 [f2627371-a904-4314-a836-5eb8f54559ec@group-73E40DF2990B-LeaderElection227] INFO  impl.RoleInfo (RoleInfo.java:shutdownLeaderElection(134)) - f2627371-a904-4314-a836-5eb8f54559ec: shutdown LeaderElection
2019-10-21 19:13:11,274 [f2627371-a904-4314-a836-5eb8f54559ec@group-73E40DF2990B-LeaderElection227] INFO  impl.RoleInfo (RoleInfo.java:updateAndGet(143)) - f2627371-a904-4314-a836-5eb8f54559ec: start FollowerState
2019-10-21 19:13:11,412 [Thread-1749] INFO  impl.FollowerState (FollowerState.java:run(108)) - f2627371-a904-4314-a836-5eb8f54559ec@group-73E40DF2990B-FollowerState: change to CANDIDATE, lastRpcTime:138ms, electionTimeout:138ms
2019-10-21 19:13:11,412 [Thread-1749] INFO  impl.RoleInfo (RoleInfo.java:shutdownFollowerState(121)) - f2627371-a904-4314-a836-5eb8f54559ec: shutdown FollowerState
2019-10-21 19:13:11,413 [Thread-1749] INFO  impl.RaftServerImpl (RaftServerImpl.java:setRole(184)) - f2627371-a904-4314-a836-5eb8f54559ec@group-73E40DF2990B: changes role from  FOLLOWER to CANDIDATE at term 250 for changeToCandidate
2019-10-21 19:13:11,413 [Thread-1749] INFO  impl.RoleInfo (RoleInfo.java:updateAndGet(143)) - f2627371-a904-4314-a836-5eb8f54559ec: start LeaderElection
2019-10-21 19:13:11,442 [f2627371-a904-4314-a836-5eb8f54559ec@group-73E40DF2990B-LeaderElection228] INFO  impl.LeaderElection (LeaderElection.java:askForVotes(178)) - f2627371-a904-4314-a836-5eb8f54559ec@group-73E40DF2990B-LeaderElection228: begin an election at term 251 for -1: [e6a83585-83d0-4616-a3d5-866875ad8a29:192.168.34.32:46159, f2627371-a904-4314-a836-5eb8f54559ec:192.168.34.32:33224, 1b813ef4-47a4-4bfc-8eb5-c34ae440adb1:192.168.34.32:36113], old=null
2019-10-21 19:13:11,445 [grpc-default-executor-0] INFO  impl.RaftServerImpl (RaftServerImpl.java:setRole(184)) - e6a83585-83d0-4616-a3d5-866875ad8a29@group-73E40DF2990B: changes role from  FOLLOWER to FOLLOWER at term 251 for recognizeCandidate:f2627371-a904-4314-a836-5eb8f54559ec
2019-10-21 19:13:11,445 [grpc-default-executor-0] INFO  impl.RoleInfo (RoleInfo.java:shutdownFollowerState(121)) - e6a83585-83d0-4616-a3d5-866875ad8a29: shutdown FollowerState
2019-10-21 19:13:11,445 [grpc-default-executor-0] INFO  impl.RoleInfo (RoleInfo.java:updateAndGet(143)) - e6a83585-83d0-4616-a3d5-866875ad8a29: start FollowerState
2019-10-21 19:13:11,445 [Thread-1747] INFO  impl.FollowerState (FollowerState.java:run(117)) - e6a83585-83d0-4616-a3d5-866875ad8a29@group-73E40DF2990B-FollowerState was interrupted: java.lang.InterruptedException: sleep interrupted
2019-10-21 19:13:11,445 [grpc-default-executor-5] INFO  impl.RaftServerImpl (RaftServerImpl.java:setRole(184)) - 1b813ef4-47a4-4bfc-8eb5-c34ae440adb1@group-73E40DF2990B: changes role from  FOLLOWER to FOLLOWER at term 251 for recognizeCandidate:f2627371-a904-4314-a836-5eb8f54559ec
2019-10-21 19:13:11,446 [grpc-default-executor-5] INFO  impl.RoleInfo (RoleInfo.java:shutdownFollowerState(121)) - 1b813ef4-47a4-4bfc-8eb5-c34ae440adb1: shutdown FollowerState
2019-10-21 19:13:11,446 [grpc-default-executor-5] INFO  impl.RoleInfo (RoleInfo.java:updateAndGet(143)) - 1b813ef4-47a4-4bfc-8eb5-c34ae440adb1: start FollowerState
2019-10-21 19:13:11,446 [Thread-1748] INFO  impl.FollowerState (FollowerState.java:run(117)) - 1b813ef4-47a4-4bfc-8eb5-c34ae440adb1@group-73E40DF2990B-FollowerState was interrupted: java.lang.InterruptedException: sleep interrupted
2019-10-21 19:13:11,461 [f2627371-a904-4314-a836-5eb8f54559ec@group-73E40DF2990B-LeaderElection228] INFO  impl.LeaderElection (LeaderElection.java:logAndReturn(56)) - f2627371-a904-4314-a836-5eb8f54559ec@group-73E40DF2990B-LeaderElection228: Election REJECTED; received 2 response(s) [f2627371-a904-4314-a836-5eb8f54559ec<-e6a83585-83d0-4616-a3d5-866875ad8a29#0:FAIL-t251, f2627371-a904-4314-a836-5eb8f54559ec<-1b813ef4-47a4-4bfc-8eb5-c34ae440adb1#0:FAIL-t251] and 0 exception(s); f2627371-a904-4314-a836-5eb8f54559ec@group-73E40DF2990B:t251, leader=null, voted=f2627371-a904-4314-a836-5eb8f54559ec, raftlog=f2627371-a904-4314-a836-5eb8f54559ec@group-73E40DF2990B-SegmentedRaftLog:OPENED:c-1,f-1,i0, conf=-1: [e6a83585-83d0-4616-a3d5-866875ad8a29:192.168.34.32:46159, f2627371-a904-4314-a836-5eb8f54559ec:192.168.34.32:33224, 1b813ef4-47a4-4bfc-8eb5-c34ae440adb1:192.168.34.32:36113], old=null
2019-10-21 19:13:11,461 [f2627371-a904-4314-a836-5eb8f54559ec@group-73E40DF2990B-LeaderElection228] INFO  impl.RaftServerImpl (RaftServerImpl.java:setRole(184)) - f2627371-a904-4314-a836-5eb8f54559ec@group-73E40DF2990B: changes role from CANDIDATE to FOLLOWER at term 251 for DISCOVERED_A_NEW_TERM
2019-10-21 19:13:11,462 [f2627371-a904-4314-a836-5eb8f54559ec@group-73E40DF2990B-LeaderElection228] INFO  impl.RoleInfo (RoleInfo.java:shutdownLeaderElection(134)) - f2627371-a904-4314-a836-5eb8f54559ec: shutdown LeaderElection
2019-10-21 19:13:11,462 [f2627371-a904-4314-a836-5eb8f54559ec@group-73E40DF2990B-LeaderElection228] INFO  impl.RoleInfo (RoleInfo.java:updateAndGet(143)) - f2627371-a904-4314-a836-5eb8f54559ec: start FollowerState
2019-10-21 19:13:11,659 [Thread-1755] INFO  impl.FollowerState (FollowerState.java:run(108)) - f2627371-a904-4314-a836-5eb8f54559ec@group-73E40DF2990B-FollowerState: change to CANDIDATE, lastRpcTime:197ms, electionTimeout:197ms
2019-10-21 19:13:11,659 [Thread-1755] INFO  impl.RoleInfo (RoleInfo.java:shutdownFollowerState(121)) - f2627371-a904-4314-a836-5eb8f54559ec: shutdown FollowerState
2019-10-21 19:13:11,660 [Thread-1755] INFO  impl.RaftServerImpl (RaftServerImpl.java:setRole(184)) - f2627371-a904-4314-a836-5eb8f54559ec@group-73E40DF2990B: changes role from  FOLLOWER to CANDIDATE at term 251 for changeToCandidate
2019-10-21 19:13:11,660 [Thread-1755] INFO  impl.RoleInfo (RoleInfo.java:updateAndGet(143)) - f2627371-a904-4314-a836-5eb8f54559ec: start LeaderElection
2019-10-21 19:13:11,690 [f2627371-a904-4314-a836-5eb8f54559ec@group-73E40DF2990B-LeaderElection229] INFO  impl.LeaderElection (LeaderElection.java:askForVotes(178)) - f2627371-a904-4314-a836-5eb8f54559ec@group-73E40DF2990B-LeaderElection229: begin an election at term 252 for -1: [e6a83585-83d0-4616-a3d5-866875ad8a29:192.168.34.32:46159, f2627371-a904-4314-a836-5eb8f54559ec:192.168.34.32:33224, 1b813ef4-47a4-4bfc-8eb5-c34ae440adb1:192.168.34.32:36113], old=null
2019-10-21 19:13:11,692 [f2627371-a904-4314-a836-5eb8f54559ec@group-73E40DF2990B-LeaderElection229] INFO  impl.LeaderElection (LeaderElection.java:logAndReturn(56)) - f2627371-a904-4314-a836-5eb8f54559ec@group-73E40DF2990B-LeaderElection229: Election TIMEOUT; received 0 response(s) [] and 0 exception(s); f2627371-a904-4314-a836-5eb8f54559ec@group-73E40DF2990B:t252, leader=null, voted=f2627371-a904-4314-a836-5eb8f54559ec, raftlog=f2627371-a904-4314-a836-5eb8f54559ec@group-73E40DF2990B-SegmentedRaftLog:OPENED:c-1,f-1,i0, conf=-1: [e6a83585-83d0-4616-a3d5-866875ad8a29:192.168.34.32:46159, f2627371-a904-4314-a836-5eb8f54559ec:192.168.34.32:33224, 1b813ef4-47a4-4bfc-8eb5-c34ae440adb1:192.168.34.32:36113], old=null
2019-10-21 19:13:11,693 [grpc-default-executor-0] INFO  impl.RaftServerImpl (RaftServerImpl.java:setRole(184)) - e6a83585-83d0-4616-a3d5-866875ad8a29@group-73E40DF2990B: changes role from  FOLLOWER to FOLLOWER at term 252 for recognizeCandidate:f2627371-a904-4314-a836-5eb8f54559ec
2019-10-21 19:13:11,693 [grpc-default-executor-5] INFO  impl.RaftServerImpl (RaftServerImpl.java:setRole(184)) - 1b813ef4-47a4-4bfc-8eb5-c34ae440adb1@group-73E40DF2990B: changes role from  FOLLOWER to FOLLOWER at term 252 for recognizeCandidate:f2627371-a904-4314-a836-5eb8f54559ec
2019-10-21 19:13:11,693 [grpc-default-executor-0] INFO  impl.RoleInfo (RoleInfo.java:shutdownFollowerState(121)) - e6a83585-83d0-4616-a3d5-866875ad8a29: shutdown FollowerState
2019-10-21 19:13:11,694 [grpc-default-executor-5] INFO  impl.RoleInfo (RoleInfo.java:shutdownFollowerState(121)) - 1b813ef4-47a4-4bfc-8eb5-c34ae440adb1: shutdown FollowerState
2019-10-21 19:13:11,694 [Thread-1753] INFO  impl.FollowerState (FollowerState.java:run(117)) - e6a83585-83d0-4616-a3d5-866875ad8a29@group-73E40DF2990B-FollowerState was interrupted: java.lang.InterruptedException: sleep interrupted
2019-10-21 19:13:11,694 [grpc-default-executor-0] INFO  impl.RoleInfo (RoleInfo.java:updateAndGet(143)) - e6a83585-83d0-4616-a3d5-866875ad8a29: start FollowerState
2019-10-21 19:13:11,694 [Thread-1754] INFO  impl.FollowerState (FollowerState.java:run(117)) - 1b813ef4-47a4-4bfc-8eb5-c34ae440adb1@group-73E40DF2990B-FollowerState was interrupted: java.lang.InterruptedException: sleep interrupted
2019-10-21 19:13:11,694 [grpc-default-executor-5] INFO  impl.RoleInfo (RoleInfo.java:updateAndGet(143)) - 1b813ef4-47a4-4bfc-8eb5-c34ae440adb1: start FollowerState
2019-10-21 19:13:11,706 [f2627371-a904-4314-a836-5eb8f54559ec@group-73E40DF2990B-LeaderElection229] INFO  impl.LeaderElection (LeaderElection.java:askForVotes(178)) - f2627371-a904-4314-a836-5eb8f54559ec@group-73E40DF2990B-LeaderElection229: begin an election at term 253 for -1: [e6a83585-83d0-4616-a3d5-866875ad8a29:192.168.34.32:46159, f2627371-a904-4314-a836-5eb8f54559ec:192.168.34.32:33224, 1b813ef4-47a4-4bfc-8eb5-c34ae440adb1:192.168.34.32:36113], old=null
2019-10-21 19:13:11,708 [grpc-default-executor-5] INFO  impl.RaftServerImpl (RaftServerImpl.java:setRole(184)) - e6a83585-83d0-4616-a3d5-866875ad8a29@group-73E40DF2990B: changes role from  FOLLOWER to FOLLOWER at term 253 for recognizeCandidate:f2627371-a904-4314-a836-5eb8f54559ec
2019-10-21 19:13:11,708 [grpc-default-executor-5] INFO  impl.RoleInfo (RoleInfo.java:shutdownFollowerState(121)) - e6a83585-83d0-4616-a3d5-866875ad8a29: shutdown FollowerState
2019-10-21 19:13:11,708 [grpc-default-executor-0] INFO  impl.RaftServerImpl (RaftServerImpl.java:setRole(184)) - 1b813ef4-47a4-4bfc-8eb5-c34ae440adb1@group-73E40DF2990B: changes role from  FOLLOWER to FOLLOWER at term 253 for recognizeCandidate:f2627371-a904-4314-a836-5eb8f54559ec
2019-10-21 19:13:11,708 [grpc-default-executor-5] INFO  impl.RoleInfo (RoleInfo.java:updateAndGet(143)) - e6a83585-83d0-4616-a3d5-866875ad8a29: start FollowerState
2019-10-21 19:13:11,708 [Thread-1761] INFO  impl.FollowerState (FollowerState.java:run(117)) - e6a83585-83d0-4616-a3d5-866875ad8a29@group-73E40DF2990B-FollowerState was interrupted: java.lang.InterruptedException: sleep interrupted
2019-10-21 19:13:11,708 [grpc-default-executor-0] INFO  impl.RoleInfo (RoleInfo.java:shutdownFollowerState(121)) - 1b813ef4-47a4-4bfc-8eb5-c34ae440adb1: shutdown FollowerState
2019-10-21 19:13:11,709 [Thread-1762] INFO  impl.FollowerState (FollowerState.java:run(117)) - 1b813ef4-47a4-4bfc-8eb5-c34ae440adb1@group-73E40DF2990B-FollowerState was interrupted: java.lang.InterruptedException: sleep interrupted
2019-10-21 19:13:11,709 [grpc-default-executor-0] INFO  impl.RoleInfo (RoleInfo.java:updateAndGet(143)) - 1b813ef4-47a4-4bfc-8eb5-c34ae440adb1: start FollowerState
2019-10-21 19:13:11,723 [f2627371-a904-4314-a836-5eb8f54559ec@group-73E40DF2990B-LeaderElection229] INFO  impl.LeaderElection (LeaderElection.java:logAndReturn(56)) - f2627371-a904-4314-a836-5eb8f54559ec@group-73E40DF2990B-LeaderElection229: Election REJECTED; received 2 response(s) [f2627371-a904-4314-a836-5eb8f54559ec<-e6a83585-83d0-4616-a3d5-866875ad8a29#0:FAIL-t253, f2627371-a904-4314-a836-5eb8f54559ec<-1b813ef4-47a4-4bfc-8eb5-c34ae440adb1#0:FAIL-t253] and 0 exception(s); f2627371-a904-4314-a836-5eb8f54559ec@group-73E40DF2990B:t253, leader=null, voted=f2627371-a904-4314-a836-5eb8f54559ec, raftlog=f2627371-a904-4314-a836-5eb8f54559ec@group-73E40DF2990B-SegmentedRaftLog:OPENED:c-1,f-1,i0, conf=-1: [e6a83585-83d0-4616-a3d5-866875ad8a29:192.168.34.32:46159, f2627371-a904-4314-a836-5eb8f54559ec:192.168.34.32:33224, 1b813ef4-47a4-4bfc-8eb5-c34ae440adb1:192.168.34.32:36113], old=null
2019-10-21 19:13:11,724 [f2627371-a904-4314-a836-5eb8f54559ec@group-73E40DF2990B-LeaderElection229] INFO  impl.RaftServerImpl (RaftServerImpl.java:setRole(184)) - f2627371-a904-4314-a836-5eb8f54559ec@group-73E40DF2990B: changes role from CANDIDATE to FOLLOWER at term 253 for DISCOVERED_A_NEW_TERM
2019-10-21 19:13:11,724 [f2627371-a904-4314-a836-5eb8f54559ec@group-73E40DF2990B-LeaderElection229] INFO  impl.RoleInfo (RoleInfo.java:shutdownLeaderElection(134)) - f2627371-a904-4314-a836-5eb8f54559ec: shutdown LeaderElection
2019-10-21 19:13:11,724 [f2627371-a904-4314-a836-5eb8f54559ec@group-73E40DF2990B-LeaderElection229] INFO  impl.RoleInfo (RoleInfo.java:updateAndGet(143)) - f2627371-a904-4314-a836-5eb8f54559ec: start FollowerState
2019-10-21 19:13:11,731 [Thread-1767] INFO  impl.FollowerState (FollowerState.java:run(108)) - f2627371-a904-4314-a836-5eb8f54559ec@group-73E40DF2990B-FollowerState: change to CANDIDATE, lastRpcTime:7ms, electionTimeout:7ms
2019-10-21 19:13:11,732 [Thread-1767] INFO  impl.RoleInfo (RoleInfo.java:shutdownFollowerState(121)) - f2627371-a904-4314-a836-5eb8f54559ec: shutdown FollowerState
2019-10-21 19:13:11,732 [Thread-1767] INFO  impl.RaftServerImpl (RaftServerImpl.java:setRole(184)) - f2627371-a904-4314-a836-5eb8f54559ec@group-73E40DF2990B: changes role from  FOLLOWER to CANDIDATE at term 253 for changeToCandidate
2019-10-21 19:13:11,732 [Thread-1767] INFO  impl.RoleInfo (RoleInfo.java:updateAndGet(143)) - f2627371-a904-4314-a836-5eb8f54559ec: start LeaderElection
2019-10-21 19:13:11,746 [f2627371-a904-4314-a836-5eb8f54559ec@group-73E40DF2990B-LeaderElection230] INFO  impl.LeaderElection (LeaderElection.java:askForVotes(178)) - f2627371-a904-4314-a836-5eb8f54559ec@group-73E40DF2990B-LeaderElection230: begin an election at term 254 for -1: [e6a83585-83d0-4616-a3d5-866875ad8a29:192.168.34.32:46159, f2627371-a904-4314-a836-5eb8f54559ec:192.168.34.32:33224, 1b813ef4-47a4-4bfc-8eb5-c34ae440adb1:192.168.34.32:36113], old=null
2019-10-21 19:13:11,747 [grpc-default-executor-5] INFO  impl.RaftServerImpl (RaftServerImpl.java:setRole(184)) - e6a83585-83d0-4616-a3d5-866875ad8a29@group-73E40DF2990B: changes role from  FOLLOWER to FOLLOWER at term 254 for recognizeCandidate:f2627371-a904-4314-a836-5eb8f54559ec
2019-10-21 19:13:11,747 [grpc-default-executor-0] INFO  impl.RaftServerImpl (RaftServerImpl.java:setRole(184)) - 1b813ef4-47a4-4bfc-8eb5-c34ae440adb1@group-73E40DF2990B: changes role from  FOLLOWER to FOLLOWER at term 254 for recognizeCandidate:f2627371-a904-4314-a836-5eb8f54559ec
2019-10-21 19:13:11,748 [grpc-default-executor-5] INFO  impl.RoleInfo (RoleInfo.java:shutdownFollowerState(121)) - e6a83585-83d0-4616-a3d5-866875ad8a29: shutdown FollowerState
2019-10-21 19:13:11,748 [grpc-default-executor-0] INFO  impl.RoleInfo (RoleInfo.java:shutdownFollowerState(121)) - 1b813ef4-47a4-4bfc-8eb5-c34ae440adb1: shutdown FollowerState
2019-10-21 19:13:11,748 [Thread-1765] INFO  impl.FollowerState (FollowerState.java:run(117)) - e6a83585-83d0-4616-a3d5-866875ad8a29@group-73E40DF2990B-FollowerState was interrupted: java.lang.InterruptedException: sleep interrupted
2019-10-21 19:13:11,748 [grpc-default-executor-5] INFO  impl.RoleInfo (RoleInfo.java:updateAndGet(143)) - e6a83585-83d0-4616-a3d5-866875ad8a29: start FollowerState
2019-10-21 19:13:11,748 [Thread-1766] INFO  impl.FollowerState (FollowerState.java:run(117)) - 1b813ef4-47a4-4bfc-8eb5-c34ae440adb1@group-73E40DF2990B-FollowerState was interrupted: java.lang.InterruptedException: sleep interrupted
2019-10-21 19:13:11,748 [grpc-default-executor-0] INFO  impl.RoleInfo (RoleInfo.java:updateAndGet(143)) - 1b813ef4-47a4-4bfc-8eb5-c34ae440adb1: start FollowerState
2019-10-21 19:13:11,762 [f2627371-a904-4314-a836-5eb8f54559ec@group-73E40DF2990B-LeaderElection230] INFO  impl.LeaderElection (LeaderElection.java:logAndReturn(56)) - f2627371-a904-4314-a836-5eb8f54559ec@group-73E40DF2990B-LeaderElection230: Election REJECTED; received 2 response(s) [f2627371-a904-4314-a836-5eb8f54559ec<-e6a83585-83d0-4616-a3d5-866875ad8a29#0:FAIL-t254, f2627371-a904-4314-a836-5eb8f54559ec<-1b813ef4-47a4-4bfc-8eb5-c34ae440adb1#0:FAIL-t254] and 0 exception(s); f2627371-a904-4314-a836-5eb8f54559ec@group-73E40DF2990B:t254, leader=null, voted=f2627371-a904-4314-a836-5eb8f54559ec, raftlog=f2627371-a904-4314-a836-5eb8f54559ec@group-73E40DF2990B-SegmentedRaftLog:OPENED:c-1,f-1,i0, conf=-1: [e6a83585-83d0-4616-a3d5-866875ad8a29:192.168.34.32:46159, f2627371-a904-4314-a836-5eb8f54559ec:192.168.34.32:33224, 1b813ef4-47a4-4bfc-8eb5-c34ae440adb1:192.168.34.32:36113], old=null
2019-10-21 19:13:11,763 [f2627371-a904-4314-a836-5eb8f54559ec@group-73E40DF2990B-LeaderElection230] INFO  impl.RaftServerImpl (RaftServerImpl.java:setRole(184)) - f2627371-a904-4314-a836-5eb8f54559ec@group-73E40DF2990B: changes role from CANDIDATE to FOLLOWER at term 254 for DISCOVERED_A_NEW_TERM
2019-10-21 19:13:11,763 [f2627371-a904-4314-a836-5eb8f54559ec@group-73E40DF2990B-LeaderElection230] INFO  impl.RoleInfo (RoleInfo.java:shutdownLeaderElection(134)) - f2627371-a904-4314-a836-5eb8f54559ec: shutdown LeaderElection
2019-10-21 19:13:11,763 [f2627371-a904-4314-a836-5eb8f54559ec@group-73E40DF2990B-LeaderElection230] INFO  impl.RoleInfo (RoleInfo.java:updateAndGet(143)) - f2627371-a904-4314-a836-5eb8f54559ec: start FollowerState
2019-10-21 19:13:11,877 [Thread-1773] INFO  impl.FollowerState (FollowerState.java:run(108)) - f2627371-a904-4314-a836-5eb8f54559ec@group-73E40DF2990B-FollowerState: change to CANDIDATE, lastRpcTime:114ms, electionTimeout:114ms
2019-10-21 19:13:11,877 [Thread-1773] INFO  impl.RoleInfo (RoleInfo.java:shutdownFollowerState(121)) - f2627371-a904-4314-a836-5eb8f54559ec: shutdown FollowerState
2019-10-21 19:13:11,877 [Thread-1773] INFO  impl.RaftServerImpl (RaftServerImpl.java:setRole(184)) - f2627371-a904-4314-a836-5eb8f54559ec@group-73E40DF2990B: changes role from  FOLLOWER to CANDIDATE at term 254 for changeToCandidate
2019-10-21 19:13:11,878 [Thread-1773] INFO  impl.RoleInfo (RoleInfo.java:updateAndGet(143)) - f2627371-a904-4314-a836-5eb8f54559ec: start LeaderElection
2019-10-21 19:13:11,892 [f2627371-a904-4314-a836-5eb8f54559ec@group-73E40DF2990B-LeaderElection231] INFO  impl.LeaderElection (LeaderElection.java:askForVotes(178)) - f2627371-a904-4314-a836-5eb8f54559ec@group-73E40DF2990B-LeaderElection231: begin an election at term 255 for -1: [e6a83585-83d0-4616-a3d5-866875ad8a29:192.168.34.32:46159, f2627371-a904-4314-a836-5eb8f54559ec:192.168.34.32:33224, 1b813ef4-47a4-4bfc-8eb5-c34ae440adb1:192.168.34.32:36113], old=null
2019-10-21 19:13:11,894 [grpc-default-executor-5] INFO  impl.RaftServerImpl (RaftServerImpl.java:setRole(184)) - e6a83585-83d0-4616-a3d5-866875ad8a29@group-73E40DF2990B: changes role from  FOLLOWER to FOLLOWER at term 255 for recognizeCandidate:f2627371-a904-4314-a836-5eb8f54559ec
2019-10-21 19:13:11,894 [grpc-default-executor-5] INFO  impl.RoleInfo (RoleInfo.java:shutdownFollowerState(121)) - e6a83585-83d0-4616-a3d5-866875ad8a29: shutdown FollowerState
2019-10-21 19:13:11,894 [grpc-default-executor-0] INFO  impl.RaftServerImpl (RaftServerImpl.java:setRole(184)) - 1b813ef4-47a4-4bfc-8eb5-c34ae440adb1@group-73E40DF2990B: changes role from  FOLLOWER to FOLLOWER at term 255 for recognizeCandidate:f2627371-a904-4314-a836-5eb8f54559ec
2019-10-21 19:13:11,894 [Thread-1771] INFO  impl.FollowerState (FollowerState.java:run(117)) - e6a83585-83d0-4616-a3d5-866875ad8a29@group-73E40DF2990B-FollowerState was interrupted: java.lang.InterruptedException: sleep interrupted
2019-10-21 19:13:11,894 [grpc-default-executor-5] INFO  impl.RoleInfo (RoleInfo.java:updateAndGet(143)) - e6a83585-83d0-4616-a3d5-866875ad8a29: start FollowerState
2019-10-21 19:13:11,895 [grpc-default-executor-0] INFO  impl.RoleInfo (RoleInfo.java:shutdownFollowerState(121)) - 1b813ef4-47a4-4bfc-8eb5-c34ae440adb1: shutdown FollowerState
2019-10-21 19:13:11,895 [grpc-default-executor-0] INFO  impl.RoleInfo (RoleInfo.java:updateAndGet(143)) - 1b813ef4-47a4-4bfc-8eb5-c34ae440adb1: start FollowerState
2019-10-21 19:13:11,895 [Thread-1772] INFO  impl.FollowerState (FollowerState.java:run(117)) - 1b813ef4-47a4-4bfc-8eb5-c34ae440adb1@group-73E40DF2990B-FollowerState was interrupted: java.lang.InterruptedException: sleep interrupted
2019-10-21 19:13:11,910 [f2627371-a904-4314-a836-5eb8f54559ec@group-73E40DF2990B-LeaderElection231] INFO  impl.LeaderElection (LeaderElection.java:logAndReturn(56)) - f2627371-a904-4314-a836-5eb8f54559ec@group-73E40DF2990B-LeaderElection231: Election TIMEOUT; received 0 response(s) [] and 0 exception(s); f2627371-a904-4314-a836-5eb8f54559ec@group-73E40DF2990B:t255, leader=null, voted=f2627371-a904-4314-a836-5eb8f54559ec, raftlog=f2627371-a904-4314-a836-5eb8f54559ec@group-73E40DF2990B-SegmentedRaftLog:OPENED:c-1,f-1,i0, conf=-1: [e6a83585-83d0-4616-a3d5-866875ad8a29:192.168.34.32:46159, f2627371-a904-4314-a836-5eb8f54559ec:192.168.34.32:33224, 1b813ef4-47a4-4bfc-8eb5-c34ae440adb1:192.168.34.32:36113], old=null
2019-10-21 19:13:11,925 [f2627371-a904-4314-a836-5eb8f54559ec@group-73E40DF2990B-LeaderElection231] INFO  impl.LeaderElection (LeaderElection.java:askForVotes(178)) - f2627371-a904-4314-a836-5eb8f54559ec@group-73E40DF2990B-LeaderElection231: begin an election at term 256 for -1: [e6a83585-83d0-4616-a3d5-866875ad8a29:192.168.34.32:46159, f2627371-a904-4314-a836-5eb8f54559ec:192.168.34.32:33224, 1b813ef4-47a4-4bfc-8eb5-c34ae440adb1:192.168.34.32:36113], old=null
2019-10-21 19:13:11,927 [grpc-default-executor-5] INFO  impl.RaftServerImpl (RaftServerImpl.java:setRole(184)) - e6a83585-83d0-4616-a3d5-866875ad8a29@group-73E40DF2990B: changes role from  FOLLOWER to FOLLOWER at term 256 for recognizeCandidate:f2627371-a904-4314-a836-5eb8f54559ec
2019-10-21 19:13:11,927 [grpc-default-executor-5] INFO  impl.RoleInfo (RoleInfo.java:shutdownFollowerState(121)) - e6a83585-83d0-4616-a3d5-866875ad8a29: shutdown FollowerState
2019-10-21 19:13:11,927 [grpc-default-executor-0] INFO  impl.RaftServerImpl (RaftServerImpl.java:setRole(184)) - 1b813ef4-47a4-4bfc-8eb5-c34ae440adb1@group-73E40DF2990B: changes role from  FOLLOWER to FOLLOWER at term 256 for recognizeCandidate:f2627371-a904-4314-a836-5eb8f54559ec
2019-10-21 19:13:11,928 [grpc-default-executor-0] INFO  impl.RoleInfo (RoleInfo.java:shutdownFollowerState(121)) - 1b813ef4-47a4-4bfc-8eb5-c34ae440adb1: shutdown FollowerState
2019-10-21 19:13:11,927 [Thread-1777] INFO  impl.FollowerState (FollowerState.java:run(117)) - e6a83585-83d0-4616-a3d5-866875ad8a29@group-73E40DF2990B-FollowerState was interrupted: java.lang.InterruptedException: sleep interrupted
2019-10-21 19:13:11,927 [grpc-default-executor-5] INFO  impl.RoleInfo (RoleInfo.java:updateAndGet(143)) - e6a83585-83d0-4616-a3d5-866875ad8a29: start FollowerState
2019-10-21 19:13:11,928 [Thread-1778] INFO  impl.FollowerState (FollowerState.java:run(117)) - 1b813ef4-47a4-4bfc-8eb5-c34ae440adb1@group-73E40DF2990B-FollowerState was interrupted: java.lang.InterruptedException: sleep interrupted
2019-10-21 19:13:11,928 [grpc-default-executor-0] INFO  impl.RoleInfo (RoleInfo.java:updateAndGet(143)) - 1b813ef4-47a4-4bfc-8eb5-c34ae440adb1: start FollowerState
2019-10-21 19:13:11,942 [f2627371-a904-4314-a836-5eb8f54559ec@group-73E40DF2990B-LeaderElection231] INFO  impl.LeaderElection (LeaderElection.java:logAndReturn(56)) - f2627371-a904-4314-a836-5eb8f54559ec@group-73E40DF2990B-LeaderElection231: Election REJECTED; received 2 response(s) [f2627371-a904-4314-a836-5eb8f54559ec<-e6a83585-83d0-4616-a3d5-866875ad8a29#0:FAIL-t256, f2627371-a904-4314-a836-5eb8f54559ec<-1b813ef4-47a4-4bfc-8eb5-c34ae440adb1#0:FAIL-t256] and 0 exception(s); f2627371-a904-4314-a836-5eb8f54559ec@group-73E40DF2990B:t256, leader=null, voted=f2627371-a904-4314-a836-5eb8f54559ec, raftlog=f2627371-a904-4314-a836-5eb8f54559ec@group-73E40DF2990B-SegmentedRaftLog:OPENED:c-1,f-1,i0, conf=-1: [e6a83585-83d0-4616-a3d5-866875ad8a29:192.168.34.32:46159, f2627371-a904-4314-a836-5eb8f54559ec:192.168.34.32:33224, 1b813ef4-47a4-4bfc-8eb5-c34ae440adb1:192.168.34.32:36113], old=null
2019-10-21 19:13:11,942 [f2627371-a904-4314-a836-5eb8f54559ec@group-73E40DF2990B-LeaderElection231] INFO  impl.RaftServerImpl (RaftServerImpl.java:setRole(184)) - f2627371-a904-4314-a836-5eb8f54559ec@group-73E40DF2990B: changes role from CANDIDATE to FOLLOWER at term 256 for DISCOVERED_A_NEW_TERM
2019-10-21 19:13:11,942 [f2627371-a904-4314-a836-5eb8f54559ec@group-73E40DF2990B-LeaderElection231] INFO  impl.RoleInfo (RoleInfo.java:shutdownLeaderElection(134)) - f2627371-a904-4314-a836-5eb8f54559ec: shutdown LeaderElection
2019-10-21 19:13:11,943 [f2627371-a904-4314-a836-5eb8f54559ec@group-73E40DF2990B-LeaderElection231] INFO  impl.RoleInfo (RoleInfo.java:updateAndGet(143)) - f2627371-a904-4314-a836-5eb8f54559ec: start FollowerState
2019-10-21 19:13:12,095 [Thread-1783] INFO  impl.FollowerState (FollowerState.java:run(108)) - f2627371-a904-4314-a836-5eb8f54559ec@group-73E40DF2990B-FollowerState: change to CANDIDATE, lastRpcTime:152ms, electionTimeout:152ms
2019-10-21 19:13:12,095 [Thread-1783] INFO  impl.RoleInfo (RoleInfo.java:shutdownFollowerState(121)) - f2627371-a904-4314-a836-5eb8f54559ec: shutdown FollowerState
2019-10-21 19:13:12,095 [Thread-1783] INFO  impl.RaftServerImpl (RaftServerImpl.java:setRole(184)) - f2627371-a904-4314-a836-5eb8f54559ec@group-73E40DF2990B: changes role from  FOLLOWER to CANDIDATE at term 256 for changeToCandidate
2019-10-21 19:13:12,096 [Thread-1783] INFO  impl.RoleInfo (RoleInfo.java:updateAndGet(143)) - f2627371-a904-4314-a836-5eb8f54559ec: start LeaderElection
2019-10-21 19:13:12,110 [f2627371-a904-4314-a836-5eb8f54559ec@group-73E40DF2990B-LeaderElection232] INFO  impl.LeaderElection (LeaderElection.java:askForVotes(178)) - f2627371-a904-4314-a836-5eb8f54559ec@group-73E40DF2990B-LeaderElection232: begin an election at term 257 for -1: [e6a83585-83d0-4616-a3d5-866875ad8a29:192.168.34.32:46159, f2627371-a904-4314-a836-5eb8f54559ec:192.168.34.32:33224, 1b813ef4-47a4-4bfc-8eb5-c34ae440adb1:192.168.34.32:36113], old=null
2019-10-21 19:13:12,112 [grpc-default-executor-0] INFO  impl.RaftServerImpl (RaftServerImpl.java:setRole(184)) - e6a83585-83d0-4616-a3d5-866875ad8a29@group-73E40DF2990B: changes role from  FOLLOWER to FOLLOWER at term 257 for recognizeCandidate:f2627371-a904-4314-a836-5eb8f54559ec
2019-10-21 19:13:12,112 [grpc-default-executor-0] INFO  impl.RoleInfo (RoleInfo.java:shutdownFollowerState(121)) - e6a83585-83d0-4616-a3d5-866875ad8a29: shutdown FollowerState
2019-10-21 19:13:12,112 [grpc-default-executor-5] INFO  impl.RaftServerImpl (RaftServerImpl.java:setRole(184)) - 1b813ef4-47a4-4bfc-8eb5-c34ae440adb1@group-73E40DF2990B: changes role from  FOLLOWER to FOLLOWER at term 257 for recognizeCandidate:f2627371-a904-4314-a836-5eb8f54559ec
2019-10-21 19:13:12,112 [Thread-1781] INFO  impl.FollowerState (FollowerState.java:run(117)) - e6a83585-83d0-4616-a3d5-866875ad8a29@group-73E40DF2990B-FollowerState was interrupted: java.lang.InterruptedException: sleep interrupted
2019-10-21 19:13:12,112 [grpc-default-executor-0] INFO  impl.RoleInfo (RoleInfo.java:updateAndGet(143)) - e6a83585-83d0-4616-a3d5-866875ad8a29: start FollowerState
2019-10-21 19:13:12,112 [grpc-default-executor-5] INFO  impl.RoleInfo (RoleInfo.java:shutdownFollowerState(121)) - 1b813ef4-47a4-4bfc-8eb5-c34ae440adb1: shutdown FollowerState
2019-10-21 19:13:12,113 [grpc-default-executor-5] INFO  impl.RoleInfo (RoleInfo.java:updateAndGet(143)) - 1b813ef4-47a4-4bfc-8eb5-c34ae440adb1: start FollowerState
2019-10-21 19:13:12,113 [Thread-1782] INFO  impl.FollowerState (FollowerState.java:run(117)) - 1b813ef4-47a4-4bfc-8eb5-c34ae440adb1@group-73E40DF2990B-FollowerState was interrupted: java.lang.InterruptedException: sleep interrupted
2019-10-21 19:13:12,127 [f2627371-a904-4314-a836-5eb8f54559ec@group-73E40DF2990B-LeaderElection232] INFO  impl.LeaderElection (LeaderElection.java:logAndReturn(56)) - f2627371-a904-4314-a836-5eb8f54559ec@group-73E40DF2990B-LeaderElection232: Election REJECTED; received 2 response(s) [f2627371-a904-4314-a836-5eb8f54559ec<-e6a83585-83d0-4616-a3d5-866875ad8a29#0:FAIL-t257, f2627371-a904-4314-a836-5eb8f54559ec<-1b813ef4-47a4-4bfc-8eb5-c34ae440adb1#0:FAIL-t257] and 0 exception(s); f2627371-a904-4314-a836-5eb8f54559ec@group-73E40DF2990B:t257, leader=null, voted=f2627371-a904-4314-a836-5eb8f54559ec, raftlog=f2627371-a904-4314-a836-5eb8f54559ec@group-73E40DF2990B-SegmentedRaftLog:OPENED:c-1,f-1,i0, conf=-1: [e6a83585-83d0-4616-a3d5-866875ad8a29:192.168.34.32:46159, f2627371-a904-4314-a836-5eb8f54559ec:192.168.34.32:33224, 1b813ef4-47a4-4bfc-8eb5-c34ae440adb1:192.168.34.32:36113], old=null
2019-10-21 19:13:12,127 [f2627371-a904-4314-a836-5eb8f54559ec@group-73E40DF2990B-LeaderElection232] INFO  impl.RaftServerImpl (RaftServerImpl.java:setRole(184)) - f2627371-a904-4314-a836-5eb8f54559ec@group-73E40DF2990B: changes role from CANDIDATE to FOLLOWER at term 257 for DISCOVERED_A_NEW_TERM
2019-10-21 19:13:12,127 [f2627371-a904-4314-a836-5eb8f54559ec@group-73E40DF2990B-LeaderElection232] INFO  impl.RoleInfo (RoleInfo.java:shutdownLeaderElection(134)) - f2627371-a904-4314-a836-5eb8f54559ec: shutdown LeaderElection
2019-10-21 19:13:12,128 [f2627371-a904-4314-a836-5eb8f54559ec@group-73E40DF2990B-LeaderElection232] INFO  impl.RoleInfo (RoleInfo.java:updateAndGet(143)) - f2627371-a904-4314-a836-5eb8f54559ec: start FollowerState
2019-10-21 19:13:12,317 [Thread-1789] INFO  impl.FollowerState (FollowerState.java:run(108)) - f2627371-a904-4314-a836-5eb8f54559ec@group-73E40DF2990B-FollowerState: change to CANDIDATE, lastRpcTime:189ms, electionTimeout:189ms
2019-10-21 19:13:12,317 [Thread-1789] INFO  impl.RoleInfo (RoleInfo.java:shutdownFollowerState(121)) - f2627371-a904-4314-a836-5eb8f54559ec: shutdown FollowerState
2019-10-21 19:13:12,317 [Thread-1789] INFO  impl.RaftServerImpl (RaftServerImpl.java:setRole(184)) - f2627371-a904-4314-a836-5eb8f54559ec@group-73E40DF2990B: changes role from  FOLLOWER to CANDIDATE at term 257 for changeToCandidate
2019-10-21 19:13:12,317 [Thread-1789] INFO  impl.RoleInfo (RoleInfo.java:updateAndGet(143)) - f2627371-a904-4314-a836-5eb8f54559ec: start LeaderElection
2019-10-21 19:13:12,333 [f2627371-a904-4314-a836-5eb8f54559ec@group-73E40DF2990B-LeaderElection233] INFO  impl.LeaderElection (LeaderElection.java:askForVotes(178)) - f2627371-a904-4314-a836-5eb8f54559ec@group-73E40DF2990B-LeaderElection233: begin an election at term 258 for -1: [e6a83585-83d0-4616-a3d5-866875ad8a29:192.168.34.32:46159, f2627371-a904-4314-a836-5eb8f54559ec:192.168.34.32:33224, 1b813ef4-47a4-4bfc-8eb5-c34ae440adb1:192.168.34.32:36113], old=null
2019-10-21 19:13:12,335 [grpc-default-executor-0] INFO  impl.RaftServerImpl (RaftServerImpl.java:setRole(184)) - e6a83585-83d0-4616-a3d5-866875ad8a29@group-73E40DF2990B: changes role from  FOLLOWER to FOLLOWER at term 258 for recognizeCandidate:f2627371-a904-4314-a836-5eb8f54559ec
2019-10-21 19:13:12,335 [grpc-default-executor-0] INFO  impl.RoleInfo (RoleInfo.java:shutdownFollowerState(121)) - e6a83585-83d0-4616-a3d5-866875ad8a29: shutdown FollowerState
2019-10-21 19:13:12,335 [grpc-default-executor-0] INFO  impl.RoleInfo (RoleInfo.java:updateAndGet(143)) - e6a83585-83d0-4616-a3d5-866875ad8a29: start FollowerState
2019-10-21 19:13:12,335 [Thread-1787] INFO  impl.FollowerState (FollowerState.java:run(117)) - e6a83585-83d0-4616-a3d5-866875ad8a29@group-73E40DF2990B-FollowerState was interrupted: java.lang.InterruptedException: sleep interrupted
2019-10-21 19:13:12,335 [grpc-default-executor-5] INFO  impl.RaftServerImpl (RaftServerImpl.java:setRole(184)) - 1b813ef4-47a4-4bfc-8eb5-c34ae440adb1@group-73E40DF2990B: changes role from  FOLLOWER to FOLLOWER at term 258 for recognizeCandidate:f2627371-a904-4314-a836-5eb8f54559ec
2019-10-21 19:13:12,335 [grpc-default-executor-5] INFO  impl.RoleInfo (RoleInfo.java:shutdownFollowerState(121)) - 1b813ef4-47a4-4bfc-8eb5-c34ae440adb1: shutdown FollowerState
2019-10-21 19:13:12,336 [grpc-default-executor-5] INFO  impl.RoleInfo (RoleInfo.java:updateAndGet(143)) - 1b813ef4-47a4-4bfc-8eb5-c34ae440adb1: start FollowerState
2019-10-21 19:13:12,336 [Thread-1788] INFO  impl.FollowerState (FollowerState.java:run(117)) - 1b813ef4-47a4-4bfc-8eb5-c34ae440adb1@group-73E40DF2990B-FollowerState was interrupted: java.lang.InterruptedException: sleep interrupted
2019-10-21 19:13:12,350 [f2627371-a904-4314-a836-5eb8f54559ec@group-73E40DF2990B-LeaderElection233] INFO  impl.LeaderElection (LeaderElection.java:logAndReturn(56)) - f2627371-a904-4314-a836-5eb8f54559ec@group-73E40DF2990B-LeaderElection233: Election REJECTED; received 2 response(s) [f2627371-a904-4314-a836-5eb8f54559ec<-e6a83585-83d0-4616-a3d5-866875ad8a29#0:FAIL-t258, f2627371-a904-4314-a836-5eb8f54559ec<-1b813ef4-47a4-4bfc-8eb5-c34ae440adb1#0:FAIL-t258] and 0 exception(s); f2627371-a904-4314-a836-5eb8f54559ec@group-73E40DF2990B:t258, leader=null, voted=f2627371-a904-4314-a836-5eb8f54559ec, raftlog=f2627371-a904-4314-a836-5eb8f54559ec@group-73E40DF2990B-SegmentedRaftLog:OPENED:c-1,f-1,i0, conf=-1: [e6a83585-83d0-4616-a3d5-866875ad8a29:192.168.34.32:46159, f2627371-a904-4314-a836-5eb8f54559ec:192.168.34.32:33224, 1b813ef4-47a4-4bfc-8eb5-c34ae440adb1:192.168.34.32:36113], old=null
2019-10-21 19:13:12,350 [f2627371-a904-4314-a836-5eb8f54559ec@group-73E40DF2990B-LeaderElection233] INFO  impl.RaftServerImpl (RaftServerImpl.java:setRole(184)) - f2627371-a904-4314-a836-5eb8f54559ec@group-73E40DF2990B: changes role from CANDIDATE to FOLLOWER at term 258 for DISCOVERED_A_NEW_TERM
2019-10-21 19:13:12,350 [f2627371-a904-4314-a836-5eb8f54559ec@group-73E40DF2990B-LeaderElection233] INFO  impl.RoleInfo (RoleInfo.java:shutdownLeaderElection(134)) - f2627371-a904-4314-a836-5eb8f54559ec: shutdown LeaderElection
2019-10-21 19:13:12,350 [f2627371-a904-4314-a836-5eb8f54559ec@group-73E40DF2990B-LeaderElection233] INFO  impl.RoleInfo (RoleInfo.java:updateAndGet(143)) - f2627371-a904-4314-a836-5eb8f54559ec: start FollowerState
2019-10-21 19:13:12,443 [Thread-1795] INFO  impl.FollowerState (FollowerState.java:run(108)) - f2627371-a904-4314-a836-5eb8f54559ec@group-73E40DF2990B-FollowerState: change to CANDIDATE, lastRpcTime:92ms, electionTimeout:92ms
2019-10-21 19:13:12,443 [Thread-1795] INFO  impl.RoleInfo (RoleInfo.java:shutdownFollowerState(121)) - f2627371-a904-4314-a836-5eb8f54559ec: shutdown FollowerState
2019-10-21 19:13:12,443 [Thread-1795] INFO  impl.RaftServerImpl (RaftServerImpl.java:setRole(184)) - f2627371-a904-4314-a836-5eb8f54559ec@group-73E40DF2990B: changes role from  FOLLOWER to CANDIDATE at term 258 for changeToCandidate
2019-10-21 19:13:12,443 [Thread-1795] INFO  impl.RoleInfo (RoleInfo.java:updateAndGet(143)) - f2627371-a904-4314-a836-5eb8f54559ec: start LeaderElection
2019-10-21 19:13:12,457 [f2627371-a904-4314-a836-5eb8f54559ec@group-73E40DF2990B-LeaderElection234] INFO  impl.LeaderElection (LeaderElection.java:askForVotes(178)) - f2627371-a904-4314-a836-5eb8f54559ec@group-73E40DF2990B-LeaderElection234: begin an election at term 259 for -1: [e6a83585-83d0-4616-a3d5-866875ad8a29:192.168.34.32:46159, f2627371-a904-4314-a836-5eb8f54559ec:192.168.34.32:33224, 1b813ef4-47a4-4bfc-8eb5-c34ae440adb1:192.168.34.32:36113], old=null
2019-10-21 19:13:12,459 [grpc-default-executor-5] INFO  impl.RaftServerImpl (RaftServerImpl.java:setRole(184)) - e6a83585-83d0-4616-a3d5-866875ad8a29@group-73E40DF2990B: changes role from  FOLLOWER to FOLLOWER at term 259 for recognizeCandidate:f2627371-a904-4314-a836-5eb8f54559ec
2019-10-21 19:13:12,459 [grpc-default-executor-5] INFO  impl.RoleInfo (RoleInfo.java:shutdownFollowerState(121)) - e6a83585-83d0-4616-a3d5-866875ad8a29: shutdown FollowerState
2019-10-21 19:13:12,459 [grpc-default-executor-5] INFO  impl.RoleInfo (RoleInfo.java:updateAndGet(143)) - e6a83585-83d0-4616-a3d5-866875ad8a29: start FollowerState
2019-10-21 19:13:12,459 [Thread-1793] INFO  impl.FollowerState (FollowerState.java:run(117)) - e6a83585-83d0-4616-a3d5-866875ad8a29@group-73E40DF2990B-FollowerState was interrupted: java.lang.InterruptedException: sleep interrupted
2019-10-21 19:13:12,459 [grpc-default-executor-0] INFO  impl.RaftServerImpl (RaftServerImpl.java:setRole(184)) - 1b813ef4-47a4-4bfc-8eb5-c34ae440adb1@group-73E40DF2990B: changes role from  FOLLOWER to FOLLOWER at term 259 for recognizeCandidate:f2627371-a904-4314-a836-5eb8f54559ec
2019-10-21 19:13:12,459 [grpc-default-executor-0] INFO  impl.RoleInfo (RoleInfo.java:shutdownFollowerState(121)) - 1b813ef4-47a4-4bfc-8eb5-c34ae440adb1: shutdown FollowerState
2019-10-21 19:13:12,460 [f2627371-a904-4314-a836-5eb8f54559ec@group-73E40DF2990B-LeaderElection234] INFO  impl.LeaderElection (LeaderElection.java:logAndReturn(56)) - f2627371-a904-4314-a836-5eb8f54559ec@group-73E40DF2990B-LeaderElection234: Election TIMEOUT; received 0 response(s) [] and 0 exception(s); f2627371-a904-4314-a836-5eb8f54559ec@group-73E40DF2990B:t259, leader=null, voted=f2627371-a904-4314-a836-5eb8f54559ec, raftlog=f2627371-a904-4314-a836-5eb8f54559ec@group-73E40DF2990B-SegmentedRaftLog:OPENED:c-1,f-1,i0, conf=-1: [e6a83585-83d0-4616-a3d5-866875ad8a29:192.168.34.32:46159, f2627371-a904-4314-a836-5eb8f54559ec:192.168.34.32:33224, 1b813ef4-47a4-4bfc-8eb5-c34ae440adb1:192.168.34.32:36113], old=null
2019-10-21 19:13:12,460 [Thread-1794] INFO  impl.FollowerState (FollowerState.java:run(117)) - 1b813ef4-47a4-4bfc-8eb5-c34ae440adb1@group-73E40DF2990B-FollowerState was interrupted: java.lang.InterruptedException: sleep interrupted
2019-10-21 19:13:12,460 [grpc-default-executor-0] INFO  impl.RoleInfo (RoleInfo.java:updateAndGet(143)) - 1b813ef4-47a4-4bfc-8eb5-c34ae440adb1: start FollowerState
2019-10-21 19:13:12,484 [f2627371-a904-4314-a836-5eb8f54559ec@group-73E40DF2990B-LeaderElection234] INFO  impl.LeaderElection (LeaderElection.java:askForVotes(178)) - f2627371-a904-4314-a836-5eb8f54559ec@group-73E40DF2990B-LeaderElection234: begin an election at term 260 for -1: [e6a83585-83d0-4616-a3d5-866875ad8a29:192.168.34.32:46159, f2627371-a904-4314-a836-5eb8f54559ec:192.168.34.32:33224, 1b813ef4-47a4-4bfc-8eb5-c34ae440adb1:192.168.34.32:36113], old=null
2019-10-21 19:13:12,486 [grpc-default-executor-0] INFO  impl.RaftServerImpl (RaftServerImpl.java:setRole(184)) - e6a83585-83d0-4616-a3d5-866875ad8a29@group-73E40DF2990B: changes role from  FOLLOWER to FOLLOWER at term 260 for recognizeCandidate:f2627371-a904-4314-a836-5eb8f54559ec
2019-10-21 19:13:12,486 [grpc-default-executor-0] INFO  impl.RoleInfo (RoleInfo.java:shutdownFollowerState(121)) - e6a83585-83d0-4616-a3d5-866875ad8a29: shutdown FollowerState
2019-10-21 19:13:12,486 [grpc-default-executor-0] INFO  impl.RoleInfo (RoleInfo.java:updateAndGet(143)) - e6a83585-83d0-4616-a3d5-866875ad8a29: start FollowerState
2019-10-21 19:13:12,486 [Thread-1799] INFO  impl.FollowerState (FollowerState.java:run(117)) - e6a83585-83d0-4616-a3d5-866875ad8a29@group-73E40DF2990B-FollowerState was interrupted: java.lang.InterruptedException: sleep interrupted
2019-10-21 19:13:12,486 [grpc-default-executor-5] INFO  impl.RaftServerImpl (RaftServerImpl.java:setRole(184)) - 1b813ef4-47a4-4bfc-8eb5-c34ae440adb1@group-73E40DF2990B: changes role from  FOLLOWER to FOLLOWER at term 260 for recognizeCandidate:f2627371-a904-4314-a836-5eb8f54559ec
2019-10-21 19:13:12,487 [grpc-default-executor-5] INFO  impl.RoleInfo (RoleInfo.java:shutdownFollowerState(121)) - 1b813ef4-47a4-4bfc-8eb5-c34ae440adb1: shutdown FollowerState
2019-10-21 19:13:12,487 [grpc-default-executor-5] INFO  impl.RoleInfo (RoleInfo.java:updateAndGet(143)) - 1b813ef4-47a4-4bfc-8eb5-c34ae440adb1: start FollowerState
2019-10-21 19:13:12,487 [Thread-1800] INFO  impl.FollowerState (FollowerState.java:run(117)) - 1b813ef4-47a4-4bfc-8eb5-c34ae440adb1@group-73E40DF2990B-FollowerState was interrupted: java.lang.InterruptedException: sleep interrupted
2019-10-21 19:13:12,503 [f2627371-a904-4314-a836-5eb8f54559ec@group-73E40DF2990B-LeaderElection234] INFO  impl.LeaderElection (LeaderElection.java:logAndReturn(56)) - f2627371-a904-4314-a836-5eb8f54559ec@group-73E40DF2990B-LeaderElection234: Election REJECTED; received 2 response(s) [f2627371-a904-4314-a836-5eb8f54559ec<-e6a83585-83d0-4616-a3d5-866875ad8a29#0:FAIL-t260, f2627371-a904-4314-a836-5eb8f54559ec<-1b813ef4-47a4-4bfc-8eb5-c34ae440adb1#0:FAIL-t260] and 0 exception(s); f2627371-a904-4314-a836-5eb8f54559ec@group-73E40DF2990B:t260, leader=null, voted=f2627371-a904-4314-a836-5eb8f54559ec, raftlog=f2627371-a904-4314-a836-5eb8f54559ec@group-73E40DF2990B-SegmentedRaftLog:OPENED:c-1,f-1,i0, conf=-1: [e6a83585-83d0-4616-a3d5-866875ad8a29:192.168.34.32:46159, f2627371-a904-4314-a836-5eb8f54559ec:192.168.34.32:33224, 1b813ef4-47a4-4bfc-8eb5-c34ae440adb1:192.168.34.32:36113], old=null
2019-10-21 19:13:12,503 [f2627371-a904-4314-a836-5eb8f54559ec@group-73E40DF2990B-LeaderElection234] INFO  impl.RaftServerImpl (RaftServerImpl.java:setRole(184)) - f2627371-a904-4314-a836-5eb8f54559ec@group-73E40DF2990B: changes role from CANDIDATE to FOLLOWER at term 260 for DISCOVERED_A_NEW_TERM
2019-10-21 19:13:12,503 [f2627371-a904-4314-a836-5eb8f54559ec@group-73E40DF2990B-LeaderElection234] INFO  impl.RoleInfo (RoleInfo.java:shutdownLeaderElection(134)) - f2627371-a904-4314-a836-5eb8f54559ec: shutdown LeaderElection
2019-10-21 19:13:12,503 [f2627371-a904-4314-a836-5eb8f54559ec@group-73E40DF2990B-LeaderElection234] INFO  impl.RoleInfo (RoleInfo.java:updateAndGet(143)) - f2627371-a904-4314-a836-5eb8f54559ec: start FollowerState
2019-10-21 19:13:12,506 [Thread-1805] INFO  impl.FollowerState (FollowerState.java:run(108)) - f2627371-a904-4314-a836-5eb8f54559ec@group-73E40DF2990B-FollowerState: change to CANDIDATE, lastRpcTime:2ms, electionTimeout:2ms
2019-10-21 19:13:12,506 [Thread-1805] INFO  impl.RoleInfo (RoleInfo.java:shutdownFollowerState(121)) - f2627371-a904-4314-a836-5eb8f54559ec: shutdown FollowerState
2019-10-21 19:13:12,506 [Thread-1805] INFO  impl.RaftServerImpl (RaftServerImpl.java:setRole(184)) - f2627371-a904-4314-a836-5eb8f54559ec@group-73E40DF2990B: changes role from  FOLLOWER to CANDIDATE at term 260 for changeToCandidate
2019-10-21 19:13:12,506 [Thread-1805] INFO  impl.RoleInfo (RoleInfo.java:updateAndGet(143)) - f2627371-a904-4314-a836-5eb8f54559ec: start LeaderElection
2019-10-21 19:13:12,519 [f2627371-a904-4314-a836-5eb8f54559ec@group-73E40DF2990B-LeaderElection235] INFO  impl.LeaderElection (LeaderElection.java:askForVotes(178)) - f2627371-a904-4314-a836-5eb8f54559ec@group-73E40DF2990B-LeaderElection235: begin an election at term 261 for -1: [e6a83585-83d0-4616-a3d5-866875ad8a29:192.168.34.32:46159, f2627371-a904-4314-a836-5eb8f54559ec:192.168.34.32:33224, 1b813ef4-47a4-4bfc-8eb5-c34ae440adb1:192.168.34.32:36113], old=null
2019-10-21 19:13:12,521 [grpc-default-executor-5] INFO  impl.RaftServerImpl (RaftServerImpl.java:setRole(184)) - e6a83585-83d0-4616-a3d5-866875ad8a29@group-73E40DF2990B: changes role from  FOLLOWER to FOLLOWER at term 261 for recognizeCandidate:f2627371-a904-4314-a836-5eb8f54559ec
2019-10-21 19:13:12,521 [grpc-default-executor-5] INFO  impl.RoleInfo (RoleInfo.java:shutdownFollowerState(121)) - e6a83585-83d0-4616-a3d5-866875ad8a29: shutdown FollowerState
2019-10-21 19:13:12,521 [grpc-default-executor-5] INFO  impl.RoleInfo (RoleInfo.java:updateAndGet(143)) - e6a83585-83d0-4616-a3d5-866875ad8a29: start FollowerState
2019-10-21 19:13:12,521 [grpc-default-executor-0] INFO  impl.RaftServerImpl (RaftServerImpl.java:setRole(184)) - 1b813ef4-47a4-4bfc-8eb5-c34ae440adb1@group-73E40DF2990B: changes role from  FOLLOWER to FOLLOWER at term 261 for recognizeCandidate:f2627371-a904-4314-a836-5eb8f54559ec
2019-10-21 19:13:12,522 [grpc-default-executor-0] INFO  impl.RoleInfo (RoleInfo.java:shutdownFollowerState(121)) - 1b813ef4-47a4-4bfc-8eb5-c34ae440adb1: shutdown FollowerState
2019-10-21 19:13:12,521 [Thread-1803] INFO  impl.FollowerState (FollowerState.java:run(117)) - e6a83585-83d0-4616-a3d5-866875ad8a29@group-73E40DF2990B-FollowerState was interrupted: java.lang.InterruptedException: sleep interrupted
2019-10-21 19:13:12,522 [Thread-1804] INFO  impl.FollowerState (FollowerState.java:run(117)) - 1b813ef4-47a4-4bfc-8eb5-c34ae440adb1@group-73E40DF2990B-FollowerState was interrupted: java.lang.InterruptedException: sleep interrupted
2019-10-21 19:13:12,522 [grpc-default-executor-0] INFO  impl.RoleInfo (RoleInfo.java:updateAndGet(143)) - 1b813ef4-47a4-4bfc-8eb5-c34ae440adb1: start FollowerState
2019-10-21 19:13:12,536 [f2627371-a904-4314-a836-5eb8f54559ec@group-73E40DF2990B-LeaderElection235] INFO  impl.LeaderElection (LeaderElection.java:logAndReturn(56)) - f2627371-a904-4314-a836-5eb8f54559ec@group-73E40DF2990B-LeaderElection235: Election REJECTED; received 2 response(s) [f2627371-a904-4314-a836-5eb8f54559ec<-e6a83585-83d0-4616-a3d5-866875ad8a29#0:FAIL-t261, f2627371-a904-4314-a836-5eb8f54559ec<-1b813ef4-47a4-4bfc-8eb5-c34ae440adb1#0:FAIL-t261] and 0 exception(s); f2627371-a904-4314-a836-5eb8f54559ec@group-73E40DF2990B:t261, leader=null, voted=f2627371-a904-4314-a836-5eb8f54559ec, raftlog=f2627371-a904-4314-a836-5eb8f54559ec@group-73E40DF2990B-SegmentedRaftLog:OPENED:c-1,f-1,i0, conf=-1: [e6a83585-83d0-4616-a3d5-866875ad8a29:192.168.34.32:46159, f2627371-a904-4314-a836-5eb8f54559ec:192.168.34.32:33224, 1b813ef4-47a4-4bfc-8eb5-c34ae440adb1:192.168.34.32:36113], old=null
2019-10-21 19:13:12,536 [f2627371-a904-4314-a836-5eb8f54559ec@group-73E40DF2990B-LeaderElection235] INFO  impl.RaftServerImpl (RaftServerImpl.java:setRole(184)) - f2627371-a904-4314-a836-5eb8f54559ec@group-73E40DF2990B: changes role from CANDIDATE to FOLLOWER at term 261 for DISCOVERED_A_NEW_TERM
2019-10-21 19:13:12,537 [f2627371-a904-4314-a836-5eb8f54559ec@group-73E40DF2990B-LeaderElection235] INFO  impl.RoleInfo (RoleInfo.java:shutdownLeaderElection(134)) - f2627371-a904-4314-a836-5eb8f54559ec: shutdown LeaderElection
2019-10-21 19:13:12,537 [f2627371-a904-4314-a836-5eb8f54559ec@group-73E40DF2990B-LeaderElection235] INFO  impl.RoleInfo (RoleInfo.java:updateAndGet(143)) - f2627371-a904-4314-a836-5eb8f54559ec: start FollowerState
2019-10-21 19:13:12,549 [Thread-1813] INFO  impl.FollowerState (FollowerState.java:run(108)) - f2627371-a904-4314-a836-5eb8f54559ec@group-73E40DF2990B-FollowerState: change to CANDIDATE, lastRpcTime:12ms, electionTimeout:12ms
2019-10-21 19:13:12,550 [Thread-1813] INFO  impl.RoleInfo (RoleInfo.java:shutdownFollowerState(121)) - f2627371-a904-4314-a836-5eb8f54559ec: shutdown FollowerState
2019-10-21 19:13:12,550 [Thread-1813] INFO  impl.RaftServerImpl (RaftServerImpl.java:setRole(184)) - f2627371-a904-4314-a836-5eb8f54559ec@group-73E40DF2990B: changes role from  FOLLOWER to CANDIDATE at term 261 for changeToCandidate
2019-10-21 19:13:12,550 [Thread-1813] INFO  impl.RoleInfo (RoleInfo.java:updateAndGet(143)) - f2627371-a904-4314-a836-5eb8f54559ec: start LeaderElection
2019-10-21 19:13:12,564 [f2627371-a904-4314-a836-5eb8f54559ec@group-73E40DF2990B-LeaderElection236] INFO  impl.LeaderElection (LeaderElection.java:askForVotes(178)) - f2627371-a904-4314-a836-5eb8f54559ec@group-73E40DF2990B-LeaderElection236: begin an election at term 262 for -1: [e6a83585-83d0-4616-a3d5-866875ad8a29:192.168.34.32:46159, f2627371-a904-4314-a836-5eb8f54559ec:192.168.34.32:33224, 1b813ef4-47a4-4bfc-8eb5-c34ae440adb1:192.168.34.32:36113], old=null
2019-10-21 19:13:12,565 [grpc-default-executor-0] INFO  impl.RaftServerImpl (RaftServerImpl.java:setRole(184)) - e6a83585-83d0-4616-a3d5-866875ad8a29@group-73E40DF2990B: changes role from  FOLLOWER to FOLLOWER at term 262 for recognizeCandidate:f2627371-a904-4314-a836-5eb8f54559ec
2019-10-21 19:13:12,565 [grpc-default-executor-0] INFO  impl.RoleInfo (RoleInfo.java:shutdownFollowerState(121)) - e6a83585-83d0-4616-a3d5-866875ad8a29: shutdown FollowerState
2019-10-21 19:13:12,565 [grpc-default-executor-0] INFO  impl.RoleInfo (RoleInfo.java:updateAndGet(143)) - e6a83585-83d0-4616-a3d5-866875ad8a29: start FollowerState
2019-10-21 19:13:12,565 [Thread-1809] INFO  impl.FollowerState (FollowerState.java:run(117)) - e6a83585-83d0-4616-a3d5-866875ad8a29@group-73E40DF2990B-FollowerState was interrupted: java.lang.InterruptedException: sleep interrupted
2019-10-21 19:13:12,566 [grpc-default-executor-1] INFO  impl.RaftServerImpl (RaftServerImpl.java:setRole(184)) - 1b813ef4-47a4-4bfc-8eb5-c34ae440adb1@group-73E40DF2990B: changes role from  FOLLOWER to FOLLOWER at term 262 for recognizeCandidate:f2627371-a904-4314-a836-5eb8f54559ec
2019-10-21 19:13:12,566 [grpc-default-executor-1] INFO  impl.RoleInfo (RoleInfo.java:shutdownFollowerState(121)) - 1b813ef4-47a4-4bfc-8eb5-c34ae440adb1: shutdown FollowerState
2019-10-21 19:13:12,566 [grpc-default-executor-1] INFO  impl.RoleInfo (RoleInfo.java:updateAndGet(143)) - 1b813ef4-47a4-4bfc-8eb5-c34ae440adb1: start FollowerState
2019-10-21 19:13:12,566 [Thread-1810] INFO  impl.FollowerState (FollowerState.java:run(117)) - 1b813ef4-47a4-4bfc-8eb5-c34ae440adb1@group-73E40DF2990B-FollowerState was interrupted: java.lang.InterruptedException: sleep interrupted
2019-10-21 19:13:12,580 [f2627371-a904-4314-a836-5eb8f54559ec@group-73E40DF2990B-LeaderElection236] INFO  impl.LeaderElection (LeaderElection.java:logAndReturn(56)) - f2627371-a904-4314-a836-5eb8f54559ec@group-73E40DF2990B-LeaderElection236: Election REJECTED; received 2 response(s) [f2627371-a904-4314-a836-5eb8f54559ec<-e6a83585-83d0-4616-a3d5-866875ad8a29#0:FAIL-t262, f2627371-a904-4314-a836-5eb8f54559ec<-1b813ef4-47a4-4bfc-8eb5-c34ae440adb1#0:FAIL-t262] and 0 exception(s); f2627371-a904-4314-a836-5eb8f54559ec@group-73E40DF2990B:t262, leader=null, voted=f2627371-a904-4314-a836-5eb8f54559ec, raftlog=f2627371-a904-4314-a836-5eb8f54559ec@group-73E40DF2990B-SegmentedRaftLog:OPENED:c-1,f-1,i0, conf=-1: [e6a83585-83d0-4616-a3d5-866875ad8a29:192.168.34.32:46159, f2627371-a904-4314-a836-5eb8f54559ec:192.168.34.32:33224, 1b813ef4-47a4-4bfc-8eb5-c34ae440adb1:192.168.34.32:36113], old=null
2019-10-21 19:13:12,580 [f2627371-a904-4314-a836-5eb8f54559ec@group-73E40DF2990B-LeaderElection236] INFO  impl.RaftServerImpl (RaftServerImpl.java:setRole(184)) - f2627371-a904-4314-a836-5eb8f54559ec@group-73E40DF2990B: changes role from CANDIDATE to FOLLOWER at term 262 for DISCOVERED_A_NEW_TERM
2019-10-21 19:13:12,580 [f2627371-a904-4314-a836-5eb8f54559ec@group-73E40DF2990B-LeaderElection236] INFO  impl.RoleInfo (RoleInfo.java:shutdownLeaderElection(134)) - f2627371-a904-4314-a836-5eb8f54559ec: shutdown LeaderElection
2019-10-21 19:13:12,580 [f2627371-a904-4314-a836-5eb8f54559ec@group-73E40DF2990B-LeaderElection236] INFO  impl.RoleInfo (RoleInfo.java:updateAndGet(143)) - f2627371-a904-4314-a836-5eb8f54559ec: start FollowerState
2019-10-21 19:13:12,736 [Thread-1819] INFO  impl.FollowerState (FollowerState.java:run(108)) - f2627371-a904-4314-a836-5eb8f54559ec@group-73E40DF2990B-FollowerState: change to CANDIDATE, lastRpcTime:156ms, electionTimeout:156ms
2019-10-21 19:13:12,737 [Thread-1819] INFO  impl.RoleInfo (RoleInfo.java:shutdownFollowerState(121)) - f2627371-a904-4314-a836-5eb8f54559ec: shutdown FollowerState
2019-10-21 19:13:12,737 [Thread-1819] INFO  impl.RaftServerImpl (RaftServerImpl.java:setRole(184)) - f2627371-a904-4314-a836-5eb8f54559ec@group-73E40DF2990B: changes role from  FOLLOWER to CANDIDATE at term 262 for changeToCandidate
2019-10-21 19:13:12,737 [Thread-1819] INFO  impl.RoleInfo (RoleInfo.java:updateAndGet(143)) - f2627371-a904-4314-a836-5eb8f54559ec: start LeaderElection
2019-10-21 19:13:12,751 [f2627371-a904-4314-a836-5eb8f54559ec@group-73E40DF2990B-LeaderElection237] INFO  impl.LeaderElection (LeaderElection.java:askForVotes(178)) - f2627371-a904-4314-a836-5eb8f54559ec@group-73E40DF2990B-LeaderElection237: begin an election at term 263 for -1: [e6a83585-83d0-4616-a3d5-866875ad8a29:192.168.34.32:46159, f2627371-a904-4314-a836-5eb8f54559ec:192.168.34.32:33224, 1b813ef4-47a4-4bfc-8eb5-c34ae440adb1:192.168.34.32:36113], old=null
2019-10-21 19:13:12,753 [grpc-default-executor-1] INFO  impl.RaftServerImpl (RaftServerImpl.java:setRole(184)) - 1b813ef4-47a4-4bfc-8eb5-c34ae440adb1@group-73E40DF2990B: changes role from  FOLLOWER to FOLLOWER at term 263 for recognizeCandidate:f2627371-a904-4314-a836-5eb8f54559ec
2019-10-21 19:13:12,753 [grpc-default-executor-1] INFO  impl.RoleInfo (RoleInfo.java:shutdownFollowerState(121)) - 1b813ef4-47a4-4bfc-8eb5-c34ae440adb1: shutdown FollowerState
2019-10-21 19:13:12,753 [grpc-default-executor-0] INFO  impl.RaftServerImpl (RaftServerImpl.java:setRole(184)) - e6a83585-83d0-4616-a3d5-866875ad8a29@group-73E40DF2990B: changes role from  FOLLOWER to FOLLOWER at term 263 for recognizeCandidate:f2627371-a904-4314-a836-5eb8f54559ec
2019-10-21 19:13:12,754 [Thread-1818] INFO  impl.FollowerState (FollowerState.java:run(117)) - 1b813ef4-47a4-4bfc-8eb5-c34ae440adb1@group-73E40DF2990B-FollowerState was interrupted: java.lang.InterruptedException: sleep interrupted
2019-10-21 19:13:12,754 [grpc-default-executor-1] INFO  impl.RoleInfo (RoleInfo.java:updateAndGet(143)) - 1b813ef4-47a4-4bfc-8eb5-c34ae440adb1: start FollowerState
2019-10-21 19:13:12,754 [grpc-default-executor-0] INFO  impl.RoleInfo (RoleInfo.java:shutdownFollowerState(121)) - e6a83585-83d0-4616-a3d5-866875ad8a29: shutdown FollowerState
2019-10-21 19:13:12,754 [grpc-default-executor-0] INFO  impl.RoleInfo (RoleInfo.java:updateAndGet(143)) - e6a83585-83d0-4616-a3d5-866875ad8a29: start FollowerState
2019-10-21 19:13:12,754 [Thread-1817] INFO  impl.FollowerState (FollowerState.java:run(117)) - e6a83585-83d0-4616-a3d5-866875ad8a29@group-73E40DF2990B-FollowerState was interrupted: java.lang.InterruptedException: sleep interrupted
2019-10-21 19:13:12,769 [f2627371-a904-4314-a836-5eb8f54559ec@group-73E40DF2990B-LeaderElection237] INFO  impl.LeaderElection (LeaderElection.java:logAndReturn(56)) - f2627371-a904-4314-a836-5eb8f54559ec@group-73E40DF2990B-LeaderElection237: Election REJECTED; received 2 response(s) [f2627371-a904-4314-a836-5eb8f54559ec<-e6a83585-83d0-4616-a3d5-866875ad8a29#0:FAIL-t263, f2627371-a904-4314-a836-5eb8f54559ec<-1b813ef4-47a4-4bfc-8eb5-c34ae440adb1#0:FAIL-t263] and 0 exception(s); f2627371-a904-4314-a836-5eb8f54559ec@group-73E40DF2990B:t263, leader=null, voted=f2627371-a904-4314-a836-5eb8f54559ec, raftlog=f2627371-a904-4314-a836-5eb8f54559ec@group-73E40DF2990B-SegmentedRaftLog:OPENED:c-1,f-1,i0, conf=-1: [e6a83585-83d0-4616-a3d5-866875ad8a29:192.168.34.32:46159, f2627371-a904-4314-a836-5eb8f54559ec:192.168.34.32:33224, 1b813ef4-47a4-4bfc-8eb5-c34ae440adb1:192.168.34.32:36113], old=null
2019-10-21 19:13:12,769 [f2627371-a904-4314-a836-5eb8f54559ec@group-73E40DF2990B-LeaderElection237] INFO  impl.RaftServerImpl (RaftServerImpl.java:setRole(184)) - f2627371-a904-4314-a836-5eb8f54559ec@group-73E40DF2990B: changes role from CANDIDATE to FOLLOWER at term 263 for DISCOVERED_A_NEW_TERM
2019-10-21 19:13:12,769 [f2627371-a904-4314-a836-5eb8f54559ec@group-73E40DF2990B-LeaderElection237] INFO  impl.RoleInfo (RoleInfo.java:shutdownLeaderElection(134)) - f2627371-a904-4314-a836-5eb8f54559ec: shutdown LeaderElection
2019-10-21 19:13:12,769 [f2627371-a904-4314-a836-5eb8f54559ec@group-73E40DF2990B-LeaderElection237] INFO  impl.RoleInfo (RoleInfo.java:updateAndGet(143)) - f2627371-a904-4314-a836-5eb8f54559ec: start FollowerState
2019-10-21 19:13:12,902 [Thread-1825] INFO  impl.FollowerState (FollowerState.java:run(108)) - f2627371-a904-4314-a836-5eb8f54559ec@group-73E40DF2990B-FollowerState: change to CANDIDATE, lastRpcTime:133ms, electionTimeout:133ms
2019-10-21 19:13:12,902 [Thread-1825] INFO  impl.RoleInfo (RoleInfo.java:shutdownFollowerState(121)) - f2627371-a904-4314-a836-5eb8f54559ec: shutdown FollowerState
2019-10-21 19:13:12,903 [Thread-1825] INFO  impl.RaftServerImpl (RaftServerImpl.java:setRole(184)) - f2627371-a904-4314-a836-5eb8f54559ec@group-73E40DF2990B: changes role from  FOLLOWER to CANDIDATE at term 263 for changeToCandidate
2019-10-21 19:13:12,903 [Thread-1825] INFO  impl.RoleInfo (RoleInfo.java:updateAndGet(143)) - f2627371-a904-4314-a836-5eb8f54559ec: start LeaderElection
2019-10-21 19:13:12,917 [f2627371-a904-4314-a836-5eb8f54559ec@group-73E40DF2990B-LeaderElection238] INFO  impl.LeaderElection (LeaderElection.java:askForVotes(178)) - f2627371-a904-4314-a836-5eb8f54559ec@group-73E40DF2990B-LeaderElection238: begin an election at term 264 for -1: [e6a83585-83d0-4616-a3d5-866875ad8a29:192.168.34.32:46159, f2627371-a904-4314-a836-5eb8f54559ec:192.168.34.32:33224, 1b813ef4-47a4-4bfc-8eb5-c34ae440adb1:192.168.34.32:36113], old=null
2019-10-21 19:13:12,919 [grpc-default-executor-0] INFO  impl.RaftServerImpl (RaftServerImpl.java:setRole(184)) - e6a83585-83d0-4616-a3d5-866875ad8a29@group-73E40DF2990B: changes role from  FOLLOWER to FOLLOWER at term 264 for recognizeCandidate:f2627371-a904-4314-a836-5eb8f54559ec
2019-10-21 19:13:12,919 [grpc-default-executor-0] INFO  impl.RoleInfo (RoleInfo.java:shutdownFollowerState(121)) - e6a83585-83d0-4616-a3d5-866875ad8a29: shutdown FollowerState
2019-10-21 19:13:12,919 [grpc-default-executor-0] INFO  impl.RoleInfo (RoleInfo.java:updateAndGet(143)) - e6a83585-83d0-4616-a3d5-866875ad8a29: start FollowerState
2019-10-21 19:13:12,919 [grpc-default-executor-1] INFO  impl.RaftServerImpl (RaftServerImpl.java:setRole(184)) - 1b813ef4-47a4-4bfc-8eb5-c34ae440adb1@group-73E40DF2990B: changes role from  FOLLOWER to FOLLOWER at term 264 for recognizeCandidate:f2627371-a904-4314-a836-5eb8f54559ec
2019-10-21 19:13:12,919 [Thread-1824] INFO  impl.FollowerState (FollowerState.java:run(117)) - e6a83585-83d0-4616-a3d5-866875ad8a29@group-73E40DF2990B-FollowerState was interrupted: java.lang.InterruptedException: sleep interrupted
2019-10-21 19:13:12,919 [grpc-default-executor-1] INFO  impl.RoleInfo (RoleInfo.java:shutdownFollowerState(121)) - 1b813ef4-47a4-4bfc-8eb5-c34ae440adb1: shutdown FollowerState
2019-10-21 19:13:12,920 [grpc-default-executor-1] INFO  impl.RoleInfo (RoleInfo.java:updateAndGet(143)) - 1b813ef4-47a4-4bfc-8eb5-c34ae440adb1: start FollowerState
2019-10-21 19:13:12,920 [Thread-1823] INFO  impl.FollowerState (FollowerState.java:run(117)) - 1b813ef4-47a4-4bfc-8eb5-c34ae440adb1@group-73E40DF2990B-FollowerState was interrupted: java.lang.InterruptedException: sleep interrupted
2019-10-21 19:13:12,934 [f2627371-a904-4314-a836-5eb8f54559ec@group-73E40DF2990B-LeaderElection238] INFO  impl.LeaderElection (LeaderElection.java:logAndReturn(56)) - f2627371-a904-4314-a836-5eb8f54559ec@group-73E40DF2990B-LeaderElection238: Election REJECTED; received 2 response(s) [f2627371-a904-4314-a836-5eb8f54559ec<-e6a83585-83d0-4616-a3d5-866875ad8a29#0:FAIL-t264, f2627371-a904-4314-a836-5eb8f54559ec<-1b813ef4-47a4-4bfc-8eb5-c34ae440adb1#0:FAIL-t264] and 0 exception(s); f2627371-a904-4314-a836-5eb8f54559ec@group-73E40DF2990B:t264, leader=null, voted=f2627371-a904-4314-a836-5eb8f54559ec, raftlog=f2627371-a904-4314-a836-5eb8f54559ec@group-73E40DF2990B-SegmentedRaftLog:OPENED:c-1,f-1,i0, conf=-1: [e6a83585-83d0-4616-a3d5-866875ad8a29:192.168.34.32:46159, f2627371-a904-4314-a836-5eb8f54559ec:192.168.34.32:33224, 1b813ef4-47a4-4bfc-8eb5-c34ae440adb1:192.168.34.32:36113], old=null
2019-10-21 19:13:12,934 [f2627371-a904-4314-a836-5eb8f54559ec@group-73E40DF2990B-LeaderElection238] INFO  impl.RaftServerImpl (RaftServerImpl.java:setRole(184)) - f2627371-a904-4314-a836-5eb8f54559ec@group-73E40DF2990B: changes role from CANDIDATE to FOLLOWER at term 264 for DISCOVERED_A_NEW_TERM
2019-10-21 19:13:12,934 [f2627371-a904-4314-a836-5eb8f54559ec@group-73E40DF2990B-LeaderElection238] INFO  impl.RoleInfo (RoleInfo.java:shutdownLeaderElection(134)) - f2627371-a904-4314-a836-5eb8f54559ec: shutdown LeaderElection
2019-10-21 19:13:12,934 [f2627371-a904-4314-a836-5eb8f54559ec@group-73E40DF2990B-LeaderElection238] INFO  impl.RoleInfo (RoleInfo.java:updateAndGet(143)) - f2627371-a904-4314-a836-5eb8f54559ec: start FollowerState
2019-10-21 19:13:12,939 [Thread-1831] INFO  impl.FollowerState (FollowerState.java:run(108)) - f2627371-a904-4314-a836-5eb8f54559ec@group-73E40DF2990B-FollowerState: change to CANDIDATE, lastRpcTime:4ms, electionTimeout:4ms
2019-10-21 19:13:12,939 [Thread-1831] INFO  impl.RoleInfo (RoleInfo.java:shutdownFollowerState(121)) - f2627371-a904-4314-a836-5eb8f54559ec: shutdown FollowerState
2019-10-21 19:13:12,939 [Thread-1831] INFO  impl.RaftServerImpl (RaftServerImpl.java:setRole(184)) - f2627371-a904-4314-a836-5eb8f54559ec@group-73E40DF2990B: changes role from  FOLLOWER to CANDIDATE at term 264 for changeToCandidate
2019-10-21 19:13:12,939 [Thread-1831] INFO  impl.RoleInfo (RoleInfo.java:updateAndGet(143)) - f2627371-a904-4314-a836-5eb8f54559ec: start LeaderElection
2019-10-21 19:13:12,953 [f2627371-a904-4314-a836-5eb8f54559ec@group-73E40DF2990B-LeaderElection239] INFO  impl.LeaderElection (LeaderElection.java:askForVotes(178)) - f2627371-a904-4314-a836-5eb8f54559ec@group-73E40DF2990B-LeaderElection239: begin an election at term 265 for -1: [e6a83585-83d0-4616-a3d5-866875ad8a29:192.168.34.32:46159, f2627371-a904-4314-a836-5eb8f54559ec:192.168.34.32:33224, 1b813ef4-47a4-4bfc-8eb5-c34ae440adb1:192.168.34.32:36113], old=null
2019-10-21 19:13:12,955 [grpc-default-executor-1] INFO  impl.RaftServerImpl (RaftServerImpl.java:setRole(184)) - e6a83585-83d0-4616-a3d5-866875ad8a29@group-73E40DF2990B: changes role from  FOLLOWER to FOLLOWER at term 265 for recognizeCandidate:f2627371-a904-4314-a836-5eb8f54559ec
2019-10-21 19:13:12,955 [grpc-default-executor-1] INFO  impl.RoleInfo (RoleInfo.java:shutdownFollowerState(121)) - e6a83585-83d0-4616-a3d5-866875ad8a29: shutdown FollowerState
2019-10-21 19:13:12,955 [grpc-default-executor-0] INFO  impl.RaftServerImpl (RaftServerImpl.java:setRole(184)) - 1b813ef4-47a4-4bfc-8eb5-c34ae440adb1@group-73E40DF2990B: changes role from  FOLLOWER to FOLLOWER at term 265 for recognizeCandidate:f2627371-a904-4314-a836-5eb8f54559ec
2019-10-21 19:13:12,955 [grpc-default-executor-0] INFO  impl.RoleInfo (RoleInfo.java:shutdownFollowerState(121)) - 1b813ef4-47a4-4bfc-8eb5-c34ae440adb1: shutdown FollowerState
2019-10-21 19:13:12,955 [Thread-1829] INFO  impl.FollowerState (FollowerState.java:run(117)) - e6a83585-83d0-4616-a3d5-866875ad8a29@group-73E40DF2990B-FollowerState was interrupted: java.lang.InterruptedException: sleep interrupted
2019-10-21 19:13:12,955 [grpc-default-executor-1] INFO  impl.RoleInfo (RoleInfo.java:updateAndGet(143)) - e6a83585-83d0-4616-a3d5-866875ad8a29: start FollowerState
2019-10-21 19:13:12,955 [Thread-1830] INFO  impl.FollowerState (FollowerState.java:run(117)) - 1b813ef4-47a4-4bfc-8eb5-c34ae440adb1@group-73E40DF2990B-FollowerState was interrupted: java.lang.InterruptedException: sleep interrupted
2019-10-21 19:13:12,955 [grpc-default-executor-0] INFO  impl.RoleInfo (RoleInfo.java:updateAndGet(143)) - 1b813ef4-47a4-4bfc-8eb5-c34ae440adb1: start FollowerState
2019-10-21 19:13:12,970 [f2627371-a904-4314-a836-5eb8f54559ec@group-73E40DF2990B-LeaderElection239] INFO  impl.LeaderElection (LeaderElection.java:logAndReturn(56)) - f2627371-a904-4314-a836-5eb8f54559ec@group-73E40DF2990B-LeaderElection239: Election REJECTED; received 2 response(s) [f2627371-a904-4314-a836-5eb8f54559ec<-e6a83585-83d0-4616-a3d5-866875ad8a29#0:FAIL-t265, f2627371-a904-4314-a836-5eb8f54559ec<-1b813ef4-47a4-4bfc-8eb5-c34ae440adb1#0:FAIL-t265] and 0 exception(s); f2627371-a904-4314-a836-5eb8f54559ec@group-73E40DF2990B:t265, leader=null, voted=f2627371-a904-4314-a836-5eb8f54559ec, raftlog=f2627371-a904-4314-a836-5eb8f54559ec@group-73E40DF2990B-SegmentedRaftLog:OPENED:c-1,f-1,i0, conf=-1: [e6a83585-83d0-4616-a3d5-866875ad8a29:192.168.34.32:46159, f2627371-a904-4314-a836-5eb8f54559ec:192.168.34.32:33224, 1b813ef4-47a4-4bfc-8eb5-c34ae440adb1:192.168.34.32:36113], old=null
2019-10-21 19:13:12,970 [f2627371-a904-4314-a836-5eb8f54559ec@group-73E40DF2990B-LeaderElection239] INFO  impl.RaftServerImpl (RaftServerImpl.java:setRole(184)) - f2627371-a904-4314-a836-5eb8f54559ec@group-73E40DF2990B: changes role from CANDIDATE to FOLLOWER at term 265 for DISCOVERED_A_NEW_TERM
2019-10-21 19:13:12,970 [f2627371-a904-4314-a836-5eb8f54559ec@group-73E40DF2990B-LeaderElection239] INFO  impl.RoleInfo (RoleInfo.java:shutdownLeaderElection(134)) - f2627371-a904-4314-a836-5eb8f54559ec: shutdown LeaderElection
2019-10-21 19:13:12,970 [f2627371-a904-4314-a836-5eb8f54559ec@group-73E40DF2990B-LeaderElection239] INFO  impl.RoleInfo (RoleInfo.java:updateAndGet(143)) - f2627371-a904-4314-a836-5eb8f54559ec: start FollowerState
2019-10-21 19:13:13,018 [Thread-1837] INFO  impl.FollowerState (FollowerState.java:run(108)) - f2627371-a904-4314-a836-5eb8f54559ec@group-73E40DF2990B-FollowerState: change to CANDIDATE, lastRpcTime:47ms, electionTimeout:47ms
2019-10-21 19:13:13,018 [Thread-1837] INFO  impl.RoleInfo (RoleInfo.java:shutdownFollowerState(121)) - f2627371-a904-4314-a836-5eb8f54559ec: shutdown FollowerState
2019-10-21 19:13:13,018 [Thread-1837] INFO  impl.RaftServerImpl (RaftServerImpl.java:setRole(184)) - f2627371-a904-4314-a836-5eb8f54559ec@group-73E40DF2990B: changes role from  FOLLOWER to CANDIDATE at term 265 for changeToCandidate
2019-10-21 19:13:13,018 [Thread-1837] INFO  impl.RoleInfo (RoleInfo.java:updateAndGet(143)) - f2627371-a904-4314-a836-5eb8f54559ec: start LeaderElection
2019-10-21 19:13:13,032 [f2627371-a904-4314-a836-5eb8f54559ec@group-73E40DF2990B-LeaderElection240] INFO  impl.LeaderElection (LeaderElection.java:askForVotes(178)) - f2627371-a904-4314-a836-5eb8f54559ec@group-73E40DF2990B-LeaderElection240: begin an election at term 266 for -1: [e6a83585-83d0-4616-a3d5-866875ad8a29:192.168.34.32:46159, f2627371-a904-4314-a836-5eb8f54559ec:192.168.34.32:33224, 1b813ef4-47a4-4bfc-8eb5-c34ae440adb1:192.168.34.32:36113], old=null
2019-10-21 19:13:13,034 [grpc-default-executor-1] INFO  impl.RaftServerImpl (RaftServerImpl.java:setRole(184)) - e6a83585-83d0-4616-a3d5-866875ad8a29@group-73E40DF2990B: changes role from  FOLLOWER to FOLLOWER at term 266 for recognizeCandidate:f2627371-a904-4314-a836-5eb8f54559ec
2019-10-21 19:13:13,034 [grpc-default-executor-1] INFO  impl.RoleInfo (RoleInfo.java:shutdownFollowerState(121)) - e6a83585-83d0-4616-a3d5-866875ad8a29: shutdown FollowerState
2019-10-21 19:13:13,034 [grpc-default-executor-0] INFO  impl.RaftServerImpl (RaftServerImpl.java:setRole(184)) - 1b813ef4-47a4-4bfc-8eb5-c34ae440adb1@group-73E40DF2990B: changes role from  FOLLOWER to FOLLOWER at term 266 for recognizeCandidate:f2627371-a904-4314-a836-5eb8f54559ec
2019-10-21 19:13:13,034 [Thread-1835] INFO  impl.FollowerState (FollowerState.java:run(117)) - e6a83585-83d0-4616-a3d5-866875ad8a29@group-73E40DF2990B-FollowerState was interrupted: java.lang.InterruptedException: sleep interrupted
2019-10-21 19:13:13,034 [grpc-default-executor-1] INFO  impl.RoleInfo (RoleInfo.java:updateAndGet(143)) - e6a83585-83d0-4616-a3d5-866875ad8a29: start FollowerState
2019-10-21 19:13:13,034 [grpc-default-executor-0] INFO  impl.RoleInfo (RoleInfo.java:shutdownFollowerState(121)) - 1b813ef4-47a4-4bfc-8eb5-c34ae440adb1: shutdown FollowerState
2019-10-21 19:13:13,035 [grpc-default-executor-0] INFO  impl.RoleInfo (RoleInfo.java:updateAndGet(143)) - 1b813ef4-47a4-4bfc-8eb5-c34ae440adb1: start FollowerState
2019-10-21 19:13:13,035 [Thread-1836] INFO  impl.FollowerState (FollowerState.java:run(117)) - 1b813ef4-47a4-4bfc-8eb5-c34ae440adb1@group-73E40DF2990B-FollowerState was interrupted: java.lang.InterruptedException: sleep interrupted
2019-10-21 19:13:13,049 [f2627371-a904-4314-a836-5eb8f54559ec@group-73E40DF2990B-LeaderElection240] INFO  impl.LeaderElection (LeaderElection.java:logAndReturn(56)) - f2627371-a904-4314-a836-5eb8f54559ec@group-73E40DF2990B-LeaderElection240: Election REJECTED; received 2 response(s) [f2627371-a904-4314-a836-5eb8f54559ec<-e6a83585-83d0-4616-a3d5-866875ad8a29#0:FAIL-t266, f2627371-a904-4314-a836-5eb8f54559ec<-1b813ef4-47a4-4bfc-8eb5-c34ae440adb1#0:FAIL-t266] and 0 exception(s); f2627371-a904-4314-a836-5eb8f54559ec@group-73E40DF2990B:t266, leader=null, voted=f2627371-a904-4314-a836-5eb8f54559ec, raftlog=f2627371-a904-4314-a836-5eb8f54559ec@group-73E40DF2990B-SegmentedRaftLog:OPENED:c-1,f-1,i0, conf=-1: [e6a83585-83d0-4616-a3d5-866875ad8a29:192.168.34.32:46159, f2627371-a904-4314-a836-5eb8f54559ec:192.168.34.32:33224, 1b813ef4-47a4-4bfc-8eb5-c34ae440adb1:192.168.34.32:36113], old=null
2019-10-21 19:13:13,049 [f2627371-a904-4314-a836-5eb8f54559ec@group-73E40DF2990B-LeaderElection240] INFO  impl.RaftServerImpl (RaftServerImpl.java:setRole(184)) - f2627371-a904-4314-a836-5eb8f54559ec@group-73E40DF2990B: changes role from CANDIDATE to FOLLOWER at term 266 for DISCOVERED_A_NEW_TERM
2019-10-21 19:13:13,050 [f2627371-a904-4314-a836-5eb8f54559ec@group-73E40DF2990B-LeaderElection240] INFO  impl.RoleInfo (RoleInfo.java:shutdownLeaderElection(134)) - f2627371-a904-4314-a836-5eb8f54559ec: shutdown LeaderElection
2019-10-21 19:13:13,050 [f2627371-a904-4314-a836-5eb8f54559ec@group-73E40DF2990B-LeaderElection240] INFO  impl.RoleInfo (RoleInfo.java:updateAndGet(143)) - f2627371-a904-4314-a836-5eb8f54559ec: start FollowerState
2019-10-21 19:13:13,172 [Thread-1843] INFO  impl.FollowerState (FollowerState.java:run(108)) - f2627371-a904-4314-a836-5eb8f54559ec@group-73E40DF2990B-FollowerState: change to CANDIDATE, lastRpcTime:122ms, electionTimeout:122ms
2019-10-21 19:13:13,172 [Thread-1843] INFO  impl.RoleInfo (RoleInfo.java:shutdownFollowerState(121)) - f2627371-a904-4314-a836-5eb8f54559ec: shutdown FollowerState
2019-10-21 19:13:13,172 [Thread-1843] INFO  impl.RaftServerImpl (RaftServerImpl.java:setRole(184)) - f2627371-a904-4314-a836-5eb8f54559ec@group-73E40DF2990B: changes role from  FOLLOWER to CANDIDATE at term 266 for changeToCandidate
2019-10-21 19:13:13,173 [Thread-1843] INFO  impl.RoleInfo (RoleInfo.java:updateAndGet(143)) - f2627371-a904-4314-a836-5eb8f54559ec: start LeaderElection
2019-10-21 19:13:13,188 [f2627371-a904-4314-a836-5eb8f54559ec@group-73E40DF2990B-LeaderElection241] INFO  impl.LeaderElection (LeaderElection.java:askForVotes(178)) - f2627371-a904-4314-a836-5eb8f54559ec@group-73E40DF2990B-LeaderElection241: begin an election at term 267 for -1: [e6a83585-83d0-4616-a3d5-866875ad8a29:192.168.34.32:46159, f2627371-a904-4314-a836-5eb8f54559ec:192.168.34.32:33224, 1b813ef4-47a4-4bfc-8eb5-c34ae440adb1:192.168.34.32:36113], old=null
2019-10-21 19:13:13,190 [grpc-default-executor-1] INFO  impl.RaftServerImpl (RaftServerImpl.java:setRole(184)) - e6a83585-83d0-4616-a3d5-866875ad8a29@group-73E40DF2990B: changes role from  FOLLOWER to FOLLOWER at term 267 for recognizeCandidate:f2627371-a904-4314-a836-5eb8f54559ec
2019-10-21 19:13:13,190 [grpc-default-executor-1] INFO  impl.RoleInfo (RoleInfo.java:shutdownFollowerState(121)) - e6a83585-83d0-4616-a3d5-866875ad8a29: shutdown FollowerState
2019-10-21 19:13:13,190 [grpc-default-executor-1] INFO  impl.RoleInfo (RoleInfo.java:updateAndGet(143)) - e6a83585-83d0-4616-a3d5-866875ad8a29: start FollowerState
2019-10-21 19:13:13,190 [grpc-default-executor-0] INFO  impl.RaftServerImpl (RaftServerImpl.java:setRole(184)) - 1b813ef4-47a4-4bfc-8eb5-c34ae440adb1@group-73E40DF2990B: changes role from  FOLLOWER to FOLLOWER at term 267 for recognizeCandidate:f2627371-a904-4314-a836-5eb8f54559ec
2019-10-21 19:13:13,190 [grpc-default-executor-0] INFO  impl.RoleInfo (RoleInfo.java:shutdownFollowerState(121)) - 1b813ef4-47a4-4bfc-8eb5-c34ae440adb1: shutdown FollowerState
2019-10-21 19:13:13,190 [Thread-1841] INFO  impl.FollowerState (FollowerState.java:run(117)) - e6a83585-83d0-4616-a3d5-866875ad8a29@group-73E40DF2990B-FollowerState was interrupted: java.lang.InterruptedException: sleep interrupted
2019-10-21 19:13:13,191 [Thread-1842] INFO  impl.FollowerState (FollowerState.java:run(117)) - 1b813ef4-47a4-4bfc-8eb5-c34ae440adb1@group-73E40DF2990B-FollowerState was interrupted: java.lang.InterruptedException: sleep interrupted
2019-10-21 19:13:13,191 [grpc-default-executor-0] INFO  impl.RoleInfo (RoleInfo.java:updateAndGet(143)) - 1b813ef4-47a4-4bfc-8eb5-c34ae440adb1: start FollowerState
2019-10-21 19:13:13,205 [f2627371-a904-4314-a836-5eb8f54559ec@group-73E40DF2990B-LeaderElection241] INFO  impl.LeaderElection (LeaderElection.java:logAndReturn(56)) - f2627371-a904-4314-a836-5eb8f54559ec@group-73E40DF2990B-LeaderElection241: Election REJECTED; received 2 response(s) [f2627371-a904-4314-a836-5eb8f54559ec<-e6a83585-83d0-4616-a3d5-866875ad8a29#0:FAIL-t267, f2627371-a904-4314-a836-5eb8f54559ec<-1b813ef4-47a4-4bfc-8eb5-c34ae440adb1#0:FAIL-t267] and 0 exception(s); f2627371-a904-4314-a836-5eb8f54559ec@group-73E40DF2990B:t267, leader=null, voted=f2627371-a904-4314-a836-5eb8f54559ec, raftlog=f2627371-a904-4314-a836-5eb8f54559ec@group-73E40DF2990B-SegmentedRaftLog:OPENED:c-1,f-1,i0, conf=-1: [e6a83585-83d0-4616-a3d5-866875ad8a29:192.168.34.32:46159, f2627371-a904-4314-a836-5eb8f54559ec:192.168.34.32:33224, 1b813ef4-47a4-4bfc-8eb5-c34ae440adb1:192.168.34.32:36113], old=null
2019-10-21 19:13:13,205 [f2627371-a904-4314-a836-5eb8f54559ec@group-73E40DF2990B-LeaderElection241] INFO  impl.RaftServerImpl (RaftServerImpl.java:setRole(184)) - f2627371-a904-4314-a836-5eb8f54559ec@group-73E40DF2990B: changes role from CANDIDATE to FOLLOWER at term 267 for DISCOVERED_A_NEW_TERM
2019-10-21 19:13:13,205 [f2627371-a904-4314-a836-5eb8f54559ec@group-73E40DF2990B-LeaderElection241] INFO  impl.RoleInfo (RoleInfo.java:shutdownLeaderElection(134)) - f2627371-a904-4314-a836-5eb8f54559ec: shutdown LeaderElection
2019-10-21 19:13:13,205 [f2627371-a904-4314-a836-5eb8f54559ec@group-73E40DF2990B-LeaderElection241] INFO  impl.RoleInfo (RoleInfo.java:updateAndGet(143)) - f2627371-a904-4314-a836-5eb8f54559ec: start FollowerState
2019-10-21 19:13:13,365 [Thread-1849] INFO  impl.FollowerState (FollowerState.java:run(108)) - f2627371-a904-4314-a836-5eb8f54559ec@group-73E40DF2990B-FollowerState: change to CANDIDATE, lastRpcTime:160ms, electionTimeout:160ms
2019-10-21 19:13:13,366 [Thread-1849] INFO  impl.RoleInfo (RoleInfo.java:shutdownFollowerState(121)) - f2627371-a904-4314-a836-5eb8f54559ec: shutdown FollowerState
2019-10-21 19:13:13,366 [Thread-1849] INFO  impl.RaftServerImpl (RaftServerImpl.java:setRole(184)) - f2627371-a904-4314-a836-5eb8f54559ec@group-73E40DF2990B: changes role from  FOLLOWER to CANDIDATE at term 267 for changeToCandidate
2019-10-21 19:13:13,366 [Thread-1849] INFO  impl.RoleInfo (RoleInfo.java:updateAndGet(143)) - f2627371-a904-4314-a836-5eb8f54559ec: start LeaderElection
2019-10-21 19:13:13,379 [f2627371-a904-4314-a836-5eb8f54559ec@group-73E40DF2990B-LeaderElection242] INFO  impl.LeaderElection (LeaderElection.java:askForVotes(178)) - f2627371-a904-4314-a836-5eb8f54559ec@group-73E40DF2990B-LeaderElection242: begin an election at term 268 for -1: [e6a83585-83d0-4616-a3d5-866875ad8a29:192.168.34.32:46159, f2627371-a904-4314-a836-5eb8f54559ec:192.168.34.32:33224, 1b813ef4-47a4-4bfc-8eb5-c34ae440adb1:192.168.34.32:36113], old=null
2019-10-21 19:13:13,381 [grpc-default-executor-1] INFO  impl.RaftServerImpl (RaftServerImpl.java:setRole(184)) - e6a83585-83d0-4616-a3d5-866875ad8a29@group-73E40DF2990B: changes role from  FOLLOWER to FOLLOWER at term 268 for recognizeCandidate:f2627371-a904-4314-a836-5eb8f54559ec
2019-10-21 19:13:13,382 [grpc-default-executor-1] INFO  impl.RoleInfo (RoleInfo.java:shutdownFollowerState(121)) - e6a83585-83d0-4616-a3d5-866875ad8a29: shutdown FollowerState
2019-10-21 19:13:13,382 [grpc-default-executor-1] INFO  impl.RoleInfo (RoleInfo.java:updateAndGet(143)) - e6a83585-83d0-4616-a3d5-866875ad8a29: start FollowerState
2019-10-21 19:13:13,382 [Thread-1847] INFO  impl.FollowerState (FollowerState.java:run(117)) - e6a83585-83d0-4616-a3d5-866875ad8a29@group-73E40DF2990B-FollowerState was interrupted: java.lang.InterruptedException: sleep interrupted
2019-10-21 19:13:13,382 [grpc-default-executor-0] INFO  impl.RaftServerImpl (RaftServerImpl.java:setRole(184)) - 1b813ef4-47a4-4bfc-8eb5-c34ae440adb1@group-73E40DF2990B: changes role from  FOLLOWER to FOLLOWER at term 268 for recognizeCandidate:f2627371-a904-4314-a836-5eb8f54559ec
2019-10-21 19:13:13,382 [grpc-default-executor-0] INFO  impl.RoleInfo (RoleInfo.java:shutdownFollowerState(121)) - 1b813ef4-47a4-4bfc-8eb5-c34ae440adb1: shutdown FollowerState
2019-10-21 19:13:13,382 [grpc-default-executor-0] INFO  impl.RoleInfo (RoleInfo.java:updateAndGet(143)) - 1b813ef4-47a4-4bfc-8eb5-c34ae440adb1: start FollowerState
2019-10-21 19:13:13,382 [Thread-1848] INFO  impl.FollowerState (FollowerState.java:run(117)) - 1b813ef4-47a4-4bfc-8eb5-c34ae440adb1@group-73E40DF2990B-FollowerState was interrupted: java.lang.InterruptedException: sleep interrupted
2019-10-21 19:13:13,396 [f2627371-a904-4314-a836-5eb8f54559ec@group-73E40DF2990B-LeaderElection242] INFO  impl.LeaderElection (LeaderElection.java:logAndReturn(56)) - f2627371-a904-4314-a836-5eb8f54559ec@group-73E40DF2990B-LeaderElection242: Election REJECTED; received 2 response(s) [f2627371-a904-4314-a836-5eb8f54559ec<-e6a83585-83d0-4616-a3d5-866875ad8a29#0:FAIL-t268, f2627371-a904-4314-a836-5eb8f54559ec<-1b813ef4-47a4-4bfc-8eb5-c34ae440adb1#0:FAIL-t268] and 0 exception(s); f2627371-a904-4314-a836-5eb8f54559ec@group-73E40DF2990B:t268, leader=null, voted=f2627371-a904-4314-a836-5eb8f54559ec, raftlog=f2627371-a904-4314-a836-5eb8f54559ec@group-73E40DF2990B-SegmentedRaftLog:OPENED:c-1,f-1,i0, conf=-1: [e6a83585-83d0-4616-a3d5-866875ad8a29:192.168.34.32:46159, f2627371-a904-4314-a836-5eb8f54559ec:192.168.34.32:33224, 1b813ef4-47a4-4bfc-8eb5-c34ae440adb1:192.168.34.32:36113], old=null
2019-10-21 19:13:13,396 [f2627371-a904-4314-a836-5eb8f54559ec@group-73E40DF2990B-LeaderElection242] INFO  impl.RaftServerImpl (RaftServerImpl.java:setRole(184)) - f2627371-a904-4314-a836-5eb8f54559ec@group-73E40DF2990B: changes role from CANDIDATE to FOLLOWER at term 268 for DISCOVERED_A_NEW_TERM
2019-10-21 19:13:13,397 [f2627371-a904-4314-a836-5eb8f54559ec@group-73E40DF2990B-LeaderElection242] INFO  impl.RoleInfo (RoleInfo.java:shutdownLeaderElection(134)) - f2627371-a904-4314-a836-5eb8f54559ec: shutdown LeaderElection
2019-10-21 19:13:13,397 [f2627371-a904-4314-a836-5eb8f54559ec@group-73E40DF2990B-LeaderElection242] INFO  impl.RoleInfo (RoleInfo.java:updateAndGet(143)) - f2627371-a904-4314-a836-5eb8f54559ec: start FollowerState
2019-10-21 19:13:13,404 [Thread-1855] INFO  impl.FollowerState (FollowerState.java:run(108)) - f2627371-a904-4314-a836-5eb8f54559ec@group-73E40DF2990B-FollowerState: change to CANDIDATE, lastRpcTime:7ms, electionTimeout:7ms
2019-10-21 19:13:13,404 [Thread-1855] INFO  impl.RoleInfo (RoleInfo.java:shutdownFollowerState(121)) - f2627371-a904-4314-a836-5eb8f54559ec: shutdown FollowerState
2019-10-21 19:13:13,404 [Thread-1855] INFO  impl.RaftServerImpl (RaftServerImpl.java:setRole(184)) - f2627371-a904-4314-a836-5eb8f54559ec@group-73E40DF2990B: changes role from  FOLLOWER to CANDIDATE at term 268 for changeToCandidate
2019-10-21 19:13:13,405 [Thread-1855] INFO  impl.RoleInfo (RoleInfo.java:updateAndGet(143)) - f2627371-a904-4314-a836-5eb8f54559ec: start LeaderElection
2019-10-21 19:13:13,418 [f2627371-a904-4314-a836-5eb8f54559ec@group-73E40DF2990B-LeaderElection243] INFO  impl.LeaderElection (LeaderElection.java:askForVotes(178)) - f2627371-a904-4314-a836-5eb8f54559ec@group-73E40DF2990B-LeaderElection243: begin an election at term 269 for -1: [e6a83585-83d0-4616-a3d5-866875ad8a29:192.168.34.32:46159, f2627371-a904-4314-a836-5eb8f54559ec:192.168.34.32:33224, 1b813ef4-47a4-4bfc-8eb5-c34ae440adb1:192.168.34.32:36113], old=null
2019-10-21 19:13:13,419 [grpc-default-executor-1] INFO  impl.RaftServerImpl (RaftServerImpl.java:setRole(184)) - e6a83585-83d0-4616-a3d5-866875ad8a29@group-73E40DF2990B: changes role from  FOLLOWER to FOLLOWER at term 269 for recognizeCandidate:f2627371-a904-4314-a836-5eb8f54559ec
2019-10-21 19:13:13,420 [grpc-default-executor-1] INFO  impl.RoleInfo (RoleInfo.java:shutdownFollowerState(121)) - e6a83585-83d0-4616-a3d5-866875ad8a29: shutdown FollowerState
2019-10-21 19:13:13,420 [grpc-default-executor-0] INFO  impl.RaftServerImpl (RaftServerImpl.java:setRole(184)) - 1b813ef4-47a4-4bfc-8eb5-c34ae440adb1@group-73E40DF2990B: changes role from  FOLLOWER to FOLLOWER at term 269 for recognizeCandidate:f2627371-a904-4314-a836-5eb8f54559ec
2019-10-21 19:13:13,420 [Thread-1853] INFO  impl.FollowerState (FollowerState.java:run(117)) - e6a83585-83d0-4616-a3d5-866875ad8a29@group-73E40DF2990B-FollowerState was interrupted: java.lang.InterruptedException: sleep interrupted
2019-10-21 19:13:13,420 [grpc-default-executor-1] INFO  impl.RoleInfo (RoleInfo.java:updateAndGet(143)) - e6a83585-83d0-4616-a3d5-866875ad8a29: start FollowerState
2019-10-21 19:13:13,420 [grpc-default-executor-0] INFO  impl.RoleInfo (RoleInfo.java:shutdownFollowerState(121)) - 1b813ef4-47a4-4bfc-8eb5-c34ae440adb1: shutdown FollowerState
2019-10-21 19:13:13,420 [grpc-default-executor-0] INFO  impl.RoleInfo (RoleInfo.java:updateAndGet(143)) - 1b813ef4-47a4-4bfc-8eb5-c34ae440adb1: start FollowerState
2019-10-21 19:13:13,420 [Thread-1854] INFO  impl.FollowerState (FollowerState.java:run(117)) - 1b813ef4-47a4-4bfc-8eb5-c34ae440adb1@group-73E40DF2990B-FollowerState was interrupted: java.lang.InterruptedException: sleep interrupted
2019-10-21 19:13:13,434 [f2627371-a904-4314-a836-5eb8f54559ec@group-73E40DF2990B-LeaderElection243] INFO  impl.LeaderElection (LeaderElection.java:logAndReturn(56)) - f2627371-a904-4314-a836-5eb8f54559ec@group-73E40DF2990B-LeaderElection243: Election REJECTED; received 2 response(s) [f2627371-a904-4314-a836-5eb8f54559ec<-e6a83585-83d0-4616-a3d5-866875ad8a29#0:FAIL-t269, f2627371-a904-4314-a836-5eb8f54559ec<-1b813ef4-47a4-4bfc-8eb5-c34ae440adb1#0:FAIL-t269] and 0 exception(s); f2627371-a904-4314-a836-5eb8f54559ec@group-73E40DF2990B:t269, leader=null, voted=f2627371-a904-4314-a836-5eb8f54559ec, raftlog=f2627371-a904-4314-a836-5eb8f54559ec@group-73E40DF2990B-SegmentedRaftLog:OPENED:c-1,f-1,i0, conf=-1: [e6a83585-83d0-4616-a3d5-866875ad8a29:192.168.34.32:46159, f2627371-a904-4314-a836-5eb8f54559ec:192.168.34.32:33224, 1b813ef4-47a4-4bfc-8eb5-c34ae440adb1:192.168.34.32:36113], old=null
2019-10-21 19:13:13,435 [f2627371-a904-4314-a836-5eb8f54559ec@group-73E40DF2990B-LeaderElection243] INFO  impl.RaftServerImpl (RaftServerImpl.java:setRole(184)) - f2627371-a904-4314-a836-5eb8f54559ec@group-73E40DF2990B: changes role from CANDIDATE to FOLLOWER at term 269 for DISCOVERED_A_NEW_TERM
2019-10-21 19:13:13,435 [f2627371-a904-4314-a836-5eb8f54559ec@group-73E40DF2990B-LeaderElection243] INFO  impl.RoleInfo (RoleInfo.java:shutdownLeaderElection(134)) - f2627371-a904-4314-a836-5eb8f54559ec: shutdown LeaderElection
2019-10-21 19:13:13,435 [f2627371-a904-4314-a836-5eb8f54559ec@group-73E40DF2990B-LeaderElection243] INFO  impl.RoleInfo (RoleInfo.java:updateAndGet(143)) - f2627371-a904-4314-a836-5eb8f54559ec: start FollowerState
2019-10-21 19:13:13,556 [Thread-1861] INFO  impl.FollowerState (FollowerState.java:run(108)) - f2627371-a904-4314-a836-5eb8f54559ec@group-73E40DF2990B-FollowerState: change to CANDIDATE, lastRpcTime:121ms, electionTimeout:121ms
2019-10-21 19:13:13,556 [Thread-1861] INFO  impl.RoleInfo (RoleInfo.java:shutdownFollowerState(121)) - f2627371-a904-4314-a836-5eb8f54559ec: shutdown FollowerState
2019-10-21 19:13:13,557 [Thread-1861] INFO  impl.RaftServerImpl (RaftServerImpl.java:setRole(184)) - f2627371-a904-4314-a836-5eb8f54559ec@group-73E40DF2990B: changes role from  FOLLOWER to CANDIDATE at term 269 for changeToCandidate
2019-10-21 19:13:13,557 [Thread-1861] INFO  impl.RoleInfo (RoleInfo.java:updateAndGet(143)) - f2627371-a904-4314-a836-5eb8f54559ec: start LeaderElection
2019-10-21 19:13:13,571 [f2627371-a904-4314-a836-5eb8f54559ec@group-73E40DF2990B-LeaderElection244] INFO  impl.LeaderElection (LeaderElection.java:askForVotes(178)) - f2627371-a904-4314-a836-5eb8f54559ec@group-73E40DF2990B-LeaderElection244: begin an election at term 270 for -1: [e6a83585-83d0-4616-a3d5-866875ad8a29:192.168.34.32:46159, f2627371-a904-4314-a836-5eb8f54559ec:192.168.34.32:33224, 1b813ef4-47a4-4bfc-8eb5-c34ae440adb1:192.168.34.32:36113], old=null
2019-10-21 19:13:13,572 [grpc-default-executor-1] INFO  impl.RaftServerImpl (RaftServerImpl.java:setRole(184)) - e6a83585-83d0-4616-a3d5-866875ad8a29@group-73E40DF2990B: changes role from  FOLLOWER to FOLLOWER at term 270 for recognizeCandidate:f2627371-a904-4314-a836-5eb8f54559ec
2019-10-21 19:13:13,572 [grpc-default-executor-1] INFO  impl.RoleInfo (RoleInfo.java:shutdownFollowerState(121)) - e6a83585-83d0-4616-a3d5-866875ad8a29: shutdown FollowerState
2019-10-21 19:13:13,573 [grpc-default-executor-1] INFO  impl.RoleInfo (RoleInfo.java:updateAndGet(143)) - e6a83585-83d0-4616-a3d5-866875ad8a29: start FollowerState
2019-10-21 19:13:13,573 [grpc-default-executor-0] INFO  impl.RaftServerImpl (RaftServerImpl.java:setRole(184)) - 1b813ef4-47a4-4bfc-8eb5-c34ae440adb1@group-73E40DF2990B: changes role from  FOLLOWER to FOLLOWER at term 270 for recognizeCandidate:f2627371-a904-4314-a836-5eb8f54559ec
2019-10-21 19:13:13,573 [grpc-default-executor-0] INFO  impl.RoleInfo (RoleInfo.java:shutdownFollowerState(121)) - 1b813ef4-47a4-4bfc-8eb5-c34ae440adb1: shutdown FollowerState
2019-10-21 19:13:13,573 [Thread-1859] INFO  impl.FollowerState (FollowerState.java:run(117)) - e6a83585-83d0-4616-a3d5-866875ad8a29@group-73E40DF2990B-FollowerState was interrupted: java.lang.InterruptedException: sleep interrupted
2019-10-21 19:13:13,573 [Thread-1860] INFO  impl.FollowerState (FollowerState.java:run(117)) - 1b813ef4-47a4-4bfc-8eb5-c34ae440adb1@group-73E40DF2990B-FollowerState was interrupted: java.lang.InterruptedException: sleep interrupted
2019-10-21 19:13:13,573 [grpc-default-executor-0] INFO  impl.RoleInfo (RoleInfo.java:updateAndGet(143)) - 1b813ef4-47a4-4bfc-8eb5-c34ae440adb1: start FollowerState
2019-10-21 19:13:13,588 [f2627371-a904-4314-a836-5eb8f54559ec@group-73E40DF2990B-LeaderElection244] INFO  impl.LeaderElection (LeaderElection.java:logAndReturn(56)) - f2627371-a904-4314-a836-5eb8f54559ec@group-73E40DF2990B-LeaderElection244: Election REJECTED; received 2 response(s) [f2627371-a904-4314-a836-5eb8f54559ec<-e6a83585-83d0-4616-a3d5-866875ad8a29#0:FAIL-t270, f2627371-a904-4314-a836-5eb8f54559ec<-1b813ef4-47a4-4bfc-8eb5-c34ae440adb1#0:FAIL-t270] and 0 exception(s); f2627371-a904-4314-a836-5eb8f54559ec@group-73E40DF2990B:t270, leader=null, voted=f2627371-a904-4314-a836-5eb8f54559ec, raftlog=f2627371-a904-4314-a836-5eb8f54559ec@group-73E40DF2990B-SegmentedRaftLog:OPENED:c-1,f-1,i0, conf=-1: [e6a83585-83d0-4616-a3d5-866875ad8a29:192.168.34.32:46159, f2627371-a904-4314-a836-5eb8f54559ec:192.168.34.32:33224, 1b813ef4-47a4-4bfc-8eb5-c34ae440adb1:192.168.34.32:36113], old=null
2019-10-21 19:13:13,588 [f2627371-a904-4314-a836-5eb8f54559ec@group-73E40DF2990B-LeaderElection244] INFO  impl.RaftServerImpl (RaftServerImpl.java:setRole(184)) - f2627371-a904-4314-a836-5eb8f54559ec@group-73E40DF2990B: changes role from CANDIDATE to FOLLOWER at term 270 for DISCOVERED_A_NEW_TERM
2019-10-21 19:13:13,588 [f2627371-a904-4314-a836-5eb8f54559ec@group-73E40DF2990B-LeaderElection244] INFO  impl.RoleInfo (RoleInfo.java:shutdownLeaderElection(134)) - f2627371-a904-4314-a836-5eb8f54559ec: shutdown LeaderElection
2019-10-21 19:13:13,588 [f2627371-a904-4314-a836-5eb8f54559ec@group-73E40DF2990B-LeaderElection244] INFO  impl.RoleInfo (RoleInfo.java:updateAndGet(143)) - f2627371-a904-4314-a836-5eb8f54559ec: start FollowerState
2019-10-21 19:13:13,659 [Thread-1869] INFO  impl.FollowerState (FollowerState.java:run(108)) - f2627371-a904-4314-a836-5eb8f54559ec@group-73E40DF2990B-FollowerState: change to CANDIDATE, lastRpcTime:70ms, electionTimeout:70ms
2019-10-21 19:13:13,659 [Thread-1869] INFO  impl.RoleInfo (RoleInfo.java:shutdownFollowerState(121)) - f2627371-a904-4314-a836-5eb8f54559ec: shutdown FollowerState
2019-10-21 19:13:13,659 [Thread-1869] INFO  impl.RaftServerImpl (RaftServerImpl.java:setRole(184)) - f2627371-a904-4314-a836-5eb8f54559ec@group-73E40DF2990B: changes role from  FOLLOWER to CANDIDATE at term 270 for changeToCandidate
2019-10-21 19:13:13,659 [Thread-1869] INFO  impl.RoleInfo (RoleInfo.java:updateAndGet(143)) - f2627371-a904-4314-a836-5eb8f54559ec: start LeaderElection
2019-10-21 19:13:13,675 [f2627371-a904-4314-a836-5eb8f54559ec@group-73E40DF2990B-LeaderElection245] INFO  impl.LeaderElection (LeaderElection.java:askForVotes(178)) - f2627371-a904-4314-a836-5eb8f54559ec@group-73E40DF2990B-LeaderElection245: begin an election at term 271 for -1: [e6a83585-83d0-4616-a3d5-866875ad8a29:192.168.34.32:46159, f2627371-a904-4314-a836-5eb8f54559ec:192.168.34.32:33224, 1b813ef4-47a4-4bfc-8eb5-c34ae440adb1:192.168.34.32:36113], old=null
2019-10-21 19:13:13,676 [grpc-default-executor-1] INFO  impl.RaftServerImpl (RaftServerImpl.java:setRole(184)) - e6a83585-83d0-4616-a3d5-866875ad8a29@group-73E40DF2990B: changes role from  FOLLOWER to FOLLOWER at term 271 for recognizeCandidate:f2627371-a904-4314-a836-5eb8f54559ec
2019-10-21 19:13:13,676 [grpc-default-executor-1] INFO  impl.RoleInfo (RoleInfo.java:shutdownFollowerState(121)) - e6a83585-83d0-4616-a3d5-866875ad8a29: shutdown FollowerState
2019-10-21 19:13:13,677 [grpc-default-executor-1] INFO  impl.RoleInfo (RoleInfo.java:updateAndGet(143)) - e6a83585-83d0-4616-a3d5-866875ad8a29: start FollowerState
2019-10-21 19:13:13,677 [grpc-default-executor-0] INFO  impl.RaftServerImpl (RaftServerImpl.java:setRole(184)) - 1b813ef4-47a4-4bfc-8eb5-c34ae440adb1@group-73E40DF2990B: changes role from  FOLLOWER to FOLLOWER at term 271 for recognizeCandidate:f2627371-a904-4314-a836-5eb8f54559ec
2019-10-21 19:13:13,677 [grpc-default-executor-0] INFO  impl.RoleInfo (RoleInfo.java:shutdownFollowerState(121)) - 1b813ef4-47a4-4bfc-8eb5-c34ae440adb1: shutdown FollowerState
2019-10-21 19:13:13,677 [Thread-1867] INFO  impl.FollowerState (FollowerState.java:run(117)) - e6a83585-83d0-4616-a3d5-866875ad8a29@group-73E40DF2990B-FollowerState was interrupted: java.lang.InterruptedException: sleep interrupted
2019-10-21 19:13:13,677 [Thread-1868] INFO  impl.FollowerState (FollowerState.java:run(117)) - 1b813ef4-47a4-4bfc-8eb5-c34ae440adb1@group-73E40DF2990B-FollowerState was interrupted: java.lang.InterruptedException: sleep interrupted
2019-10-21 19:13:13,677 [grpc-default-executor-0] INFO  impl.RoleInfo (RoleInfo.java:updateAndGet(143)) - 1b813ef4-47a4-4bfc-8eb5-c34ae440adb1: start FollowerState
2019-10-21 19:13:13,679 [f2627371-a904-4314-a836-5eb8f54559ec@group-73E40DF2990B-LeaderElection245] INFO  impl.LeaderElection (LeaderElection.java:logAndReturn(56)) - f2627371-a904-4314-a836-5eb8f54559ec@group-73E40DF2990B-LeaderElection245: Election TIMEOUT; received 0 response(s) [] and 0 exception(s); f2627371-a904-4314-a836-5eb8f54559ec@group-73E40DF2990B:t271, leader=null, voted=f2627371-a904-4314-a836-5eb8f54559ec, raftlog=f2627371-a904-4314-a836-5eb8f54559ec@group-73E40DF2990B-SegmentedRaftLog:OPENED:c-1,f-1,i0, conf=-1: [e6a83585-83d0-4616-a3d5-866875ad8a29:192.168.34.32:46159, f2627371-a904-4314-a836-5eb8f54559ec:192.168.34.32:33224, 1b813ef4-47a4-4bfc-8eb5-c34ae440adb1:192.168.34.32:36113], old=null
2019-10-21 19:13:13,691 [f2627371-a904-4314-a836-5eb8f54559ec@group-73E40DF2990B-LeaderElection245] INFO  impl.LeaderElection (LeaderElection.java:askForVotes(178)) - f2627371-a904-4314-a836-5eb8f54559ec@group-73E40DF2990B-LeaderElection245: begin an election at term 272 for -1: [e6a83585-83d0-4616-a3d5-866875ad8a29:192.168.34.32:46159, f2627371-a904-4314-a836-5eb8f54559ec:192.168.34.32:33224, 1b813ef4-47a4-4bfc-8eb5-c34ae440adb1:192.168.34.32:36113], old=null
2019-10-21 19:13:13,693 [grpc-default-executor-1] INFO  impl.RaftServerImpl (RaftServerImpl.java:setRole(184)) - e6a83585-83d0-4616-a3d5-866875ad8a29@group-73E40DF2990B: changes role from  FOLLOWER to FOLLOWER at term 272 for recognizeCandidate:f2627371-a904-4314-a836-5eb8f54559ec
2019-10-21 19:13:13,693 [grpc-default-executor-1] INFO  impl.RoleInfo (RoleInfo.java:shutdownFollowerState(121)) - e6a83585-83d0-4616-a3d5-866875ad8a29: shutdown FollowerState
2019-10-21 19:13:13,693 [grpc-default-executor-0] INFO  impl.RaftServerImpl (RaftServerImpl.java:setRole(184)) - 1b813ef4-47a4-4bfc-8eb5-c34ae440adb1@group-73E40DF2990B: changes role from  FOLLOWER to FOLLOWER at term 272 for recognizeCandidate:f2627371-a904-4314-a836-5eb8f54559ec
2019-10-21 19:13:13,693 [grpc-default-executor-0] INFO  impl.RoleInfo (RoleInfo.java:shutdownFollowerState(121)) - 1b813ef4-47a4-4bfc-8eb5-c34ae440adb1: shutdown FollowerState
2019-10-21 19:13:13,693 [Thread-1873] INFO  impl.FollowerState (FollowerState.java:run(117)) - e6a83585-83d0-4616-a3d5-866875ad8a29@group-73E40DF2990B-FollowerState was interrupted: java.lang.InterruptedException: sleep interrupted
2019-10-21 19:13:13,693 [grpc-default-executor-1] INFO  impl.RoleInfo (RoleInfo.java:updateAndGet(143)) - e6a83585-83d0-4616-a3d5-866875ad8a29: start FollowerState
2019-10-21 19:13:13,693 [Thread-1874] INFO  impl.FollowerState (FollowerState.java:run(117)) - 1b813ef4-47a4-4bfc-8eb5-c34ae440adb1@group-73E40DF2990B-FollowerState was interrupted: java.lang.InterruptedException: sleep interrupted
2019-10-21 19:13:13,693 [grpc-default-executor-0] INFO  impl.RoleInfo (RoleInfo.java:updateAndGet(143)) - 1b813ef4-47a4-4bfc-8eb5-c34ae440adb1: start FollowerState
2019-10-21 19:13:13,709 [f2627371-a904-4314-a836-5eb8f54559ec@group-73E40DF2990B-LeaderElection245] INFO  impl.LeaderElection (LeaderElection.java:logAndReturn(56)) - f2627371-a904-4314-a836-5eb8f54559ec@group-73E40DF2990B-LeaderElection245: Election REJECTED; received 2 response(s) [f2627371-a904-4314-a836-5eb8f54559ec<-e6a83585-83d0-4616-a3d5-866875ad8a29#0:FAIL-t272, f2627371-a904-4314-a836-5eb8f54559ec<-1b813ef4-47a4-4bfc-8eb5-c34ae440adb1#0:FAIL-t272] and 0 exception(s); f2627371-a904-4314-a836-5eb8f54559ec@group-73E40DF2990B:t272, leader=null, voted=f2627371-a904-4314-a836-5eb8f54559ec, raftlog=f2627371-a904-4314-a836-5eb8f54559ec@group-73E40DF2990B-SegmentedRaftLog:OPENED:c-1,f-1,i0, conf=-1: [e6a83585-83d0-4616-a3d5-866875ad8a29:192.168.34.32:46159, f2627371-a904-4314-a836-5eb8f54559ec:192.168.34.32:33224, 1b813ef4-47a4-4bfc-8eb5-c34ae440adb1:192.168.34.32:36113], old=null
2019-10-21 19:13:13,709 [f2627371-a904-4314-a836-5eb8f54559ec@group-73E40DF2990B-LeaderElection245] INFO  impl.RaftServerImpl (RaftServerImpl.java:setRole(184)) - f2627371-a904-4314-a836-5eb8f54559ec@group-73E40DF2990B: changes role from CANDIDATE to FOLLOWER at term 272 for DISCOVERED_A_NEW_TERM
2019-10-21 19:13:13,709 [f2627371-a904-4314-a836-5eb8f54559ec@group-73E40DF2990B-LeaderElection245] INFO  impl.RoleInfo (RoleInfo.java:shutdownLeaderElection(134)) - f2627371-a904-4314-a836-5eb8f54559ec: shutdown LeaderElection
2019-10-21 19:13:13,709 [f2627371-a904-4314-a836-5eb8f54559ec@group-73E40DF2990B-LeaderElection245] INFO  impl.RoleInfo (RoleInfo.java:updateAndGet(143)) - f2627371-a904-4314-a836-5eb8f54559ec: start FollowerState
2019-10-21 19:13:13,771 [Thread-1879] INFO  impl.FollowerState (FollowerState.java:run(108)) - f2627371-a904-4314-a836-5eb8f54559ec@group-73E40DF2990B-FollowerState: change to CANDIDATE, lastRpcTime:61ms, electionTimeout:61ms
2019-10-21 19:13:13,771 [Thread-1879] INFO  impl.RoleInfo (RoleInfo.java:shutdownFollowerState(121)) - f2627371-a904-4314-a836-5eb8f54559ec: shutdown FollowerState
2019-10-21 19:13:13,771 [Thread-1879] INFO  impl.RaftServerImpl (RaftServerImpl.java:setRole(184)) - f2627371-a904-4314-a836-5eb8f54559ec@group-73E40DF2990B: changes role from  FOLLOWER to CANDIDATE at term 272 for changeToCandidate
2019-10-21 19:13:13,771 [Thread-1879] INFO  impl.RoleInfo (RoleInfo.java:updateAndGet(143)) - f2627371-a904-4314-a836-5eb8f54559ec: start LeaderElection
2019-10-21 19:13:13,785 [f2627371-a904-4314-a836-5eb8f54559ec@group-73E40DF2990B-LeaderElection246] INFO  impl.LeaderElection (LeaderElection.java:askForVotes(178)) - f2627371-a904-4314-a836-5eb8f54559ec@group-73E40DF2990B-LeaderElection246: begin an election at term 273 for -1: [e6a83585-83d0-4616-a3d5-866875ad8a29:192.168.34.32:46159, f2627371-a904-4314-a836-5eb8f54559ec:192.168.34.32:33224, 1b813ef4-47a4-4bfc-8eb5-c34ae440adb1:192.168.34.32:36113], old=null
2019-10-21 19:13:13,786 [grpc-default-executor-1] INFO  impl.RaftServerImpl (RaftServerImpl.java:setRole(184)) - e6a83585-83d0-4616-a3d5-866875ad8a29@group-73E40DF2990B: changes role from  FOLLOWER to FOLLOWER at term 273 for recognizeCandidate:f2627371-a904-4314-a836-5eb8f54559ec
2019-10-21 19:13:13,787 [grpc-default-executor-1] INFO  impl.RoleInfo (RoleInfo.java:shutdownFollowerState(121)) - e6a83585-83d0-4616-a3d5-866875ad8a29: shutdown FollowerState
2019-10-21 19:13:13,787 [grpc-default-executor-0] INFO  impl.RaftServerImpl (RaftServerImpl.java:setRole(184)) - 1b813ef4-47a4-4bfc-8eb5-c34ae440adb1@group-73E40DF2990B: changes role from  FOLLOWER to FOLLOWER at term 273 for recognizeCandidate:f2627371-a904-4314-a836-5eb8f54559ec
2019-10-21 19:13:13,787 [grpc-default-executor-0] INFO  impl.RoleInfo (RoleInfo.java:shutdownFollowerState(121)) - 1b813ef4-47a4-4bfc-8eb5-c34ae440adb1: shutdown FollowerState
2019-10-21 19:13:13,787 [Thread-1877] INFO  impl.FollowerState (FollowerState.java:run(117)) - e6a83585-83d0-4616-a3d5-866875ad8a29@group-73E40DF2990B-FollowerState was interrupted: java.lang.InterruptedException: sleep interrupted
2019-10-21 19:13:13,787 [grpc-default-executor-1] INFO  impl.RoleInfo (RoleInfo.java:updateAndGet(143)) - e6a83585-83d0-4616-a3d5-866875ad8a29: start FollowerState
2019-10-21 19:13:13,787 [Thread-1878] INFO  impl.FollowerState (FollowerState.java:run(117)) - 1b813ef4-47a4-4bfc-8eb5-c34ae440adb1@group-73E40DF2990B-FollowerState was interrupted: java.lang.InterruptedException: sleep interrupted
2019-10-21 19:13:13,787 [grpc-default-executor-0] INFO  impl.RoleInfo (RoleInfo.java:updateAndGet(143)) - 1b813ef4-47a4-4bfc-8eb5-c34ae440adb1: start FollowerState
2019-10-21 19:13:13,801 [f2627371-a904-4314-a836-5eb8f54559ec@group-73E40DF2990B-LeaderElection246] INFO  impl.LeaderElection (LeaderElection.java:logAndReturn(56)) - f2627371-a904-4314-a836-5eb8f54559ec@group-73E40DF2990B-LeaderElection246: Election REJECTED; received 2 response(s) [f2627371-a904-4314-a836-5eb8f54559ec<-e6a83585-83d0-4616-a3d5-866875ad8a29#0:FAIL-t273, f2627371-a904-4314-a836-5eb8f54559ec<-1b813ef4-47a4-4bfc-8eb5-c34ae440adb1#0:FAIL-t273] and 0 exception(s); f2627371-a904-4314-a836-5eb8f54559ec@group-73E40DF2990B:t273, leader=null, voted=f2627371-a904-4314-a836-5eb8f54559ec, raftlog=f2627371-a904-4314-a836-5eb8f54559ec@group-73E40DF2990B-SegmentedRaftLog:OPENED:c-1,f-1,i0, conf=-1: [e6a83585-83d0-4616-a3d5-866875ad8a29:192.168.34.32:46159, f2627371-a904-4314-a836-5eb8f54559ec:192.168.34.32:33224, 1b813ef4-47a4-4bfc-8eb5-c34ae440adb1:192.168.34.32:36113], old=null
2019-10-21 19:13:13,801 [f2627371-a904-4314-a836-5eb8f54559ec@group-73E40DF2990B-LeaderElection246] INFO  impl.RaftServerImpl (RaftServerImpl.java:setRole(184)) - f2627371-a904-4314-a836-5eb8f54559ec@group-73E40DF2990B: changes role from CANDIDATE to FOLLOWER at term 273 for DISCOVERED_A_NEW_TERM
2019-10-21 19:13:13,801 [f2627371-a904-4314-a836-5eb8f54559ec@group-73E40DF2990B-LeaderElection246] INFO  impl.RoleInfo (RoleInfo.java:shutdownLeaderElection(134)) - f2627371-a904-4314-a836-5eb8f54559ec: shutdown LeaderElection
2019-10-21 19:13:13,802 [f2627371-a904-4314-a836-5eb8f54559ec@group-73E40DF2990B-LeaderElection246] INFO  impl.RoleInfo (RoleInfo.java:updateAndGet(143)) - f2627371-a904-4314-a836-5eb8f54559ec: start FollowerState
2019-10-21 19:13:13,946 [Thread-1885] INFO  impl.FollowerState (FollowerState.java:run(108)) - f2627371-a904-4314-a836-5eb8f54559ec@group-73E40DF2990B-FollowerState: change to CANDIDATE, lastRpcTime:144ms, electionTimeout:144ms
2019-10-21 19:13:13,946 [Thread-1885] INFO  impl.RoleInfo (RoleInfo.java:shutdownFollowerState(121)) - f2627371-a904-4314-a836-5eb8f54559ec: shutdown FollowerState
2019-10-21 19:13:13,946 [Thread-1885] INFO  impl.RaftServerImpl (RaftServerImpl.java:setRole(184)) - f2627371-a904-4314-a836-5eb8f54559ec@group-73E40DF2990B: changes role from  FOLLOWER to CANDIDATE at term 273 for changeToCandidate
2019-10-21 19:13:13,946 [Thread-1885] INFO  impl.RoleInfo (RoleInfo.java:updateAndGet(143)) - f2627371-a904-4314-a836-5eb8f54559ec: start LeaderElection
2019-10-21 19:13:13,961 [f2627371-a904-4314-a836-5eb8f54559ec@group-73E40DF2990B-LeaderElection247] INFO  impl.LeaderElection (LeaderElection.java:askForVotes(178)) - f2627371-a904-4314-a836-5eb8f54559ec@group-73E40DF2990B-LeaderElection247: begin an election at term 274 for -1: [e6a83585-83d0-4616-a3d5-866875ad8a29:192.168.34.32:46159, f2627371-a904-4314-a836-5eb8f54559ec:192.168.34.32:33224, 1b813ef4-47a4-4bfc-8eb5-c34ae440adb1:192.168.34.32:36113], old=null
2019-10-21 19:13:13,962 [grpc-default-executor-0] INFO  impl.RaftServerImpl (RaftServerImpl.java:setRole(184)) - e6a83585-83d0-4616-a3d5-866875ad8a29@group-73E40DF2990B: changes role from  FOLLOWER to FOLLOWER at term 274 for recognizeCandidate:f2627371-a904-4314-a836-5eb8f54559ec
2019-10-21 19:13:13,963 [grpc-default-executor-0] INFO  impl.RoleInfo (RoleInfo.java:shutdownFollowerState(121)) - e6a83585-83d0-4616-a3d5-866875ad8a29: shutdown FollowerState
2019-10-21 19:13:13,963 [grpc-default-executor-1] INFO  impl.RaftServerImpl (RaftServerImpl.java:setRole(184)) - 1b813ef4-47a4-4bfc-8eb5-c34ae440adb1@group-73E40DF2990B: changes role from  FOLLOWER to FOLLOWER at term 274 for recognizeCandidate:f2627371-a904-4314-a836-5eb8f54559ec
2019-10-21 19:13:13,963 [Thread-1883] INFO  impl.FollowerState (FollowerState.java:run(117)) - e6a83585-83d0-4616-a3d5-866875ad8a29@group-73E40DF2990B-FollowerState was interrupted: java.lang.InterruptedException: sleep interrupted
2019-10-21 19:13:13,963 [grpc-default-executor-0] INFO  impl.RoleInfo (RoleInfo.java:updateAndGet(143)) - e6a83585-83d0-4616-a3d5-866875ad8a29: start FollowerState
2019-10-21 19:13:13,963 [grpc-default-executor-1] INFO  impl.RoleInfo (RoleInfo.java:shutdownFollowerState(121)) - 1b813ef4-47a4-4bfc-8eb5-c34ae440adb1: shutdown FollowerState
2019-10-21 19:13:13,963 [grpc-default-executor-1] INFO  impl.RoleInfo (RoleInfo.java:updateAndGet(143)) - 1b813ef4-47a4-4bfc-8eb5-c34ae440adb1: start FollowerState
2019-10-21 19:13:13,964 [Thread-1884] INFO  impl.FollowerState (FollowerState.java:run(117)) - 1b813ef4-47a4-4bfc-8eb5-c34ae440adb1@group-73E40DF2990B-FollowerState was interrupted: java.lang.InterruptedException: sleep interrupted
2019-10-21 19:13:13,978 [f2627371-a904-4314-a836-5eb8f54559ec@group-73E40DF2990B-LeaderElection247] INFO  impl.LeaderElection (LeaderElection.java:logAndReturn(56)) - f2627371-a904-4314-a836-5eb8f54559ec@group-73E40DF2990B-LeaderElection247: Election REJECTED; received 2 response(s) [f2627371-a904-4314-a836-5eb8f54559ec<-e6a83585-83d0-4616-a3d5-866875ad8a29#0:FAIL-t274, f2627371-a904-4314-a836-5eb8f54559ec<-1b813ef4-47a4-4bfc-8eb5-c34ae440adb1#0:FAIL-t274] and 0 exception(s); f2627371-a904-4314-a836-5eb8f54559ec@group-73E40DF2990B:t274, leader=null, voted=f2627371-a904-4314-a836-5eb8f54559ec, raftlog=f2627371-a904-4314-a836-5eb8f54559ec@group-73E40DF2990B-SegmentedRaftLog:OPENED:c-1,f-1,i0, conf=-1: [e6a83585-83d0-4616-a3d5-866875ad8a29:192.168.34.32:46159, f2627371-a904-4314-a836-5eb8f54559ec:192.168.34.32:33224, 1b813ef4-47a4-4bfc-8eb5-c34ae440adb1:192.168.34.32:36113], old=null
2019-10-21 19:13:13,978 [f2627371-a904-4314-a836-5eb8f54559ec@group-73E40DF2990B-LeaderElection247] INFO  impl.RaftServerImpl (RaftServerImpl.java:setRole(184)) - f2627371-a904-4314-a836-5eb8f54559ec@group-73E40DF2990B: changes role from CANDIDATE to FOLLOWER at term 274 for DISCOVERED_A_NEW_TERM
2019-10-21 19:13:13,978 [f2627371-a904-4314-a836-5eb8f54559ec@group-73E40DF2990B-LeaderElection247] INFO  impl.RoleInfo (RoleInfo.java:shutdownLeaderElection(134)) - f2627371-a904-4314-a836-5eb8f54559ec: shutdown LeaderElection
2019-10-21 19:13:13,978 [f2627371-a904-4314-a836-5eb8f54559ec@group-73E40DF2990B-LeaderElection247] INFO  impl.RoleInfo (RoleInfo.java:updateAndGet(143)) - f2627371-a904-4314-a836-5eb8f54559ec: start FollowerState
2019-10-21 19:13:14,071 [Thread-1891] INFO  impl.FollowerState (FollowerState.java:run(108)) - f2627371-a904-4314-a836-5eb8f54559ec@group-73E40DF2990B-FollowerState: change to CANDIDATE, lastRpcTime:93ms, electionTimeout:93ms
2019-10-21 19:13:14,072 [Thread-1891] INFO  impl.RoleInfo (RoleInfo.java:shutdownFollowerState(121)) - f2627371-a904-4314-a836-5eb8f54559ec: shutdown FollowerState
2019-10-21 19:13:14,072 [Thread-1891] INFO  impl.RaftServerImpl (RaftServerImpl.java:setRole(184)) - f2627371-a904-4314-a836-5eb8f54559ec@group-73E40DF2990B: changes role from  FOLLOWER to CANDIDATE at term 274 for changeToCandidate
2019-10-21 19:13:14,072 [Thread-1891] INFO  impl.RoleInfo (RoleInfo.java:updateAndGet(143)) - f2627371-a904-4314-a836-5eb8f54559ec: start LeaderElection
2019-10-21 19:13:14,086 [f2627371-a904-4314-a836-5eb8f54559ec@group-73E40DF2990B-LeaderElection248] INFO  impl.LeaderElection (LeaderElection.java:askForVotes(178)) - f2627371-a904-4314-a836-5eb8f54559ec@group-73E40DF2990B-LeaderElection248: begin an election at term 275 for -1: [e6a83585-83d0-4616-a3d5-866875ad8a29:192.168.34.32:46159, f2627371-a904-4314-a836-5eb8f54559ec:192.168.34.32:33224, 1b813ef4-47a4-4bfc-8eb5-c34ae440adb1:192.168.34.32:36113], old=null
2019-10-21 19:13:14,087 [grpc-default-executor-0] INFO  impl.RaftServerImpl (RaftServerImpl.java:setRole(184)) - e6a83585-83d0-4616-a3d5-866875ad8a29@group-73E40DF2990B: changes role from  FOLLOWER to FOLLOWER at term 275 for recognizeCandidate:f2627371-a904-4314-a836-5eb8f54559ec
2019-10-21 19:13:14,088 [grpc-default-executor-0] INFO  impl.RoleInfo (RoleInfo.java:shutdownFollowerState(121)) - e6a83585-83d0-4616-a3d5-866875ad8a29: shutdown FollowerState
2019-10-21 19:13:14,087 [grpc-default-executor-1] INFO  impl.RaftServerImpl (RaftServerImpl.java:setRole(184)) - 1b813ef4-47a4-4bfc-8eb5-c34ae440adb1@group-73E40DF2990B: changes role from  FOLLOWER to FOLLOWER at term 275 for recognizeCandidate:f2627371-a904-4314-a836-5eb8f54559ec
2019-10-21 19:13:14,088 [Thread-1889] INFO  impl.FollowerState (FollowerState.java:run(117)) - e6a83585-83d0-4616-a3d5-866875ad8a29@group-73E40DF2990B-FollowerState was interrupted: java.lang.InterruptedException: sleep interrupted
2019-10-21 19:13:14,088 [grpc-default-executor-0] INFO  impl.RoleInfo (RoleInfo.java:updateAndGet(143)) - e6a83585-83d0-4616-a3d5-866875ad8a29: start FollowerState
2019-10-21 19:13:14,088 [grpc-default-executor-1] INFO  impl.RoleInfo (RoleInfo.java:shutdownFollowerState(121)) - 1b813ef4-47a4-4bfc-8eb5-c34ae440adb1: shutdown FollowerState
2019-10-21 19:13:14,088 [grpc-default-executor-1] INFO  impl.RoleInfo (RoleInfo.java:updateAndGet(143)) - 1b813ef4-47a4-4bfc-8eb5-c34ae440adb1: start FollowerState
2019-10-21 19:13:14,088 [Thread-1890] INFO  impl.FollowerState (FollowerState.java:run(117)) - 1b813ef4-47a4-4bfc-8eb5-c34ae440adb1@group-73E40DF2990B-FollowerState was interrupted: java.lang.InterruptedException: sleep interrupted
2019-10-21 19:13:14,103 [f2627371-a904-4314-a836-5eb8f54559ec@group-73E40DF2990B-LeaderElection248] INFO  impl.LeaderElection (LeaderElection.java:logAndReturn(56)) - f2627371-a904-4314-a836-5eb8f54559ec@group-73E40DF2990B-LeaderElection248: Election REJECTED; received 2 response(s) [f2627371-a904-4314-a836-5eb8f54559ec<-e6a83585-83d0-4616-a3d5-866875ad8a29#0:FAIL-t275, f2627371-a904-4314-a836-5eb8f54559ec<-1b813ef4-47a4-4bfc-8eb5-c34ae440adb1#0:FAIL-t275] and 0 exception(s); f2627371-a904-4314-a836-5eb8f54559ec@group-73E40DF2990B:t275, leader=null, voted=f2627371-a904-4314-a836-5eb8f54559ec, raftlog=f2627371-a904-4314-a836-5eb8f54559ec@group-73E40DF2990B-SegmentedRaftLog:OPENED:c-1,f-1,i0, conf=-1: [e6a83585-83d0-4616-a3d5-866875ad8a29:192.168.34.32:46159, f2627371-a904-4314-a836-5eb8f54559ec:192.168.34.32:33224, 1b813ef4-47a4-4bfc-8eb5-c34ae440adb1:192.168.34.32:36113], old=null
2019-10-21 19:13:14,103 [f2627371-a904-4314-a836-5eb8f54559ec@group-73E40DF2990B-LeaderElection248] INFO  impl.RaftServerImpl (RaftServerImpl.java:setRole(184)) - f2627371-a904-4314-a836-5eb8f54559ec@group-73E40DF2990B: changes role from CANDIDATE to FOLLOWER at term 275 for DISCOVERED_A_NEW_TERM
2019-10-21 19:13:14,103 [f2627371-a904-4314-a836-5eb8f54559ec@group-73E40DF2990B-LeaderElection248] INFO  impl.RoleInfo (RoleInfo.java:shutdownLeaderElection(134)) - f2627371-a904-4314-a836-5eb8f54559ec: shutdown LeaderElection
2019-10-21 19:13:14,103 [f2627371-a904-4314-a836-5eb8f54559ec@group-73E40DF2990B-LeaderElection248] INFO  impl.RoleInfo (RoleInfo.java:updateAndGet(143)) - f2627371-a904-4314-a836-5eb8f54559ec: start FollowerState
2019-10-21 19:13:14,159 [Thread-1897] INFO  impl.FollowerState (FollowerState.java:run(108)) - f2627371-a904-4314-a836-5eb8f54559ec@group-73E40DF2990B-FollowerState: change to CANDIDATE, lastRpcTime:56ms, electionTimeout:56ms
2019-10-21 19:13:14,160 [Thread-1897] INFO  impl.RoleInfo (RoleInfo.java:shutdownFollowerState(121)) - f2627371-a904-4314-a836-5eb8f54559ec: shutdown FollowerState
2019-10-21 19:13:14,160 [Thread-1897] INFO  impl.RaftServerImpl (RaftServerImpl.java:setRole(184)) - f2627371-a904-4314-a836-5eb8f54559ec@group-73E40DF2990B: changes role from  FOLLOWER to CANDIDATE at term 275 for changeToCandidate
2019-10-21 19:13:14,160 [Thread-1897] INFO  impl.RoleInfo (RoleInfo.java:updateAndGet(143)) - f2627371-a904-4314-a836-5eb8f54559ec: start LeaderElection
2019-10-21 19:13:14,173 [f2627371-a904-4314-a836-5eb8f54559ec@group-73E40DF2990B-LeaderElection249] INFO  impl.LeaderElection (LeaderElection.java:askForVotes(178)) - f2627371-a904-4314-a836-5eb8f54559ec@group-73E40DF2990B-LeaderElection249: begin an election at term 276 for -1: [e6a83585-83d0-4616-a3d5-866875ad8a29:192.168.34.32:46159, f2627371-a904-4314-a836-5eb8f54559ec:192.168.34.32:33224, 1b813ef4-47a4-4bfc-8eb5-c34ae440adb1:192.168.34.32:36113], old=null
2019-10-21 19:13:14,175 [grpc-default-executor-0] INFO  impl.RaftServerImpl (RaftServerImpl.java:setRole(184)) - 1b813ef4-47a4-4bfc-8eb5-c34ae440adb1@group-73E40DF2990B: changes role from  FOLLOWER to FOLLOWER at term 276 for recognizeCandidate:f2627371-a904-4314-a836-5eb8f54559ec
2019-10-21 19:13:14,175 [grpc-default-executor-0] INFO  impl.RoleInfo (RoleInfo.java:shutdownFollowerState(121)) - 1b813ef4-47a4-4bfc-8eb5-c34ae440adb1: shutdown FollowerState
2019-10-21 19:13:14,175 [grpc-default-executor-1] INFO  impl.RaftServerImpl (RaftServerImpl.java:setRole(184)) - e6a83585-83d0-4616-a3d5-866875ad8a29@group-73E40DF2990B: changes role from  FOLLOWER to FOLLOWER at term 276 for recognizeCandidate:f2627371-a904-4314-a836-5eb8f54559ec
2019-10-21 19:13:14,176 [Thread-1896] INFO  impl.FollowerState (FollowerState.java:run(117)) - 1b813ef4-47a4-4bfc-8eb5-c34ae440adb1@group-73E40DF2990B-FollowerState was interrupted: java.lang.InterruptedException: sleep interrupted
2019-10-21 19:13:14,175 [grpc-default-executor-0] INFO  impl.RoleInfo (RoleInfo.java:updateAndGet(143)) - 1b813ef4-47a4-4bfc-8eb5-c34ae440adb1: start FollowerState
2019-10-21 19:13:14,176 [grpc-default-executor-1] INFO  impl.RoleInfo (RoleInfo.java:shutdownFollowerState(121)) - e6a83585-83d0-4616-a3d5-866875ad8a29: shutdown FollowerState
2019-10-21 19:13:14,176 [grpc-default-executor-1] INFO  impl.RoleInfo (RoleInfo.java:updateAndGet(143)) - e6a83585-83d0-4616-a3d5-866875ad8a29: start FollowerState
2019-10-21 19:13:14,176 [Thread-1895] INFO  impl.FollowerState (FollowerState.java:run(117)) - e6a83585-83d0-4616-a3d5-866875ad8a29@group-73E40DF2990B-FollowerState was interrupted: java.lang.InterruptedException: sleep interrupted
2019-10-21 19:13:14,190 [f2627371-a904-4314-a836-5eb8f54559ec@group-73E40DF2990B-LeaderElection249] INFO  impl.LeaderElection (LeaderElection.java:logAndReturn(56)) - f2627371-a904-4314-a836-5eb8f54559ec@group-73E40DF2990B-LeaderElection249: Election REJECTED; received 2 response(s) [f2627371-a904-4314-a836-5eb8f54559ec<-e6a83585-83d0-4616-a3d5-866875ad8a29#0:FAIL-t276, f2627371-a904-4314-a836-5eb8f54559ec<-1b813ef4-47a4-4bfc-8eb5-c34ae440adb1#0:FAIL-t276] and 0 exception(s); f2627371-a904-4314-a836-5eb8f54559ec@group-73E40DF2990B:t276, leader=null, voted=f2627371-a904-4314-a836-5eb8f54559ec, raftlog=f2627371-a904-4314-a836-5eb8f54559ec@group-73E40DF2990B-SegmentedRaftLog:OPENED:c-1,f-1,i0, conf=-1: [e6a83585-83d0-4616-a3d5-866875ad8a29:192.168.34.32:46159, f2627371-a904-4314-a836-5eb8f54559ec:192.168.34.32:33224, 1b813ef4-47a4-4bfc-8eb5-c34ae440adb1:192.168.34.32:36113], old=null
2019-10-21 19:13:14,190 [f2627371-a904-4314-a836-5eb8f54559ec@group-73E40DF2990B-LeaderElection249] INFO  impl.RaftServerImpl (RaftServerImpl.java:setRole(184)) - f2627371-a904-4314-a836-5eb8f54559ec@group-73E40DF2990B: changes role from CANDIDATE to FOLLOWER at term 276 for DISCOVERED_A_NEW_TERM
2019-10-21 19:13:14,190 [f2627371-a904-4314-a836-5eb8f54559ec@group-73E40DF2990B-LeaderElection249] INFO  impl.RoleInfo (RoleInfo.java:shutdownLeaderElection(134)) - f2627371-a904-4314-a836-5eb8f54559ec: shutdown LeaderElection
2019-10-21 19:13:14,190 [f2627371-a904-4314-a836-5eb8f54559ec@group-73E40DF2990B-LeaderElection249] INFO  impl.RoleInfo (RoleInfo.java:updateAndGet(143)) - f2627371-a904-4314-a836-5eb8f54559ec: start FollowerState
2019-10-21 19:13:14,389 [Thread-1903] INFO  impl.FollowerState (FollowerState.java:run(108)) - f2627371-a904-4314-a836-5eb8f54559ec@group-73E40DF2990B-FollowerState: change to CANDIDATE, lastRpcTime:198ms, electionTimeout:198ms
2019-10-21 19:13:14,389 [Thread-1903] INFO  impl.RoleInfo (RoleInfo.java:shutdownFollowerState(121)) - f2627371-a904-4314-a836-5eb8f54559ec: shutdown FollowerState
2019-10-21 19:13:14,389 [Thread-1903] INFO  impl.RaftServerImpl (RaftServerImpl.java:setRole(184)) - f2627371-a904-4314-a836-5eb8f54559ec@group-73E40DF2990B: changes role from  FOLLOWER to CANDIDATE at term 276 for changeToCandidate
2019-10-21 19:13:14,389 [Thread-1903] INFO  impl.RoleInfo (RoleInfo.java:updateAndGet(143)) - f2627371-a904-4314-a836-5eb8f54559ec: start LeaderElection
2019-10-21 19:13:14,415 [f2627371-a904-4314-a836-5eb8f54559ec@group-73E40DF2990B-LeaderElection250] INFO  impl.LeaderElection (LeaderElection.java:askForVotes(178)) - f2627371-a904-4314-a836-5eb8f54559ec@group-73E40DF2990B-LeaderElection250: begin an election at term 277 for -1: [e6a83585-83d0-4616-a3d5-866875ad8a29:192.168.34.32:46159, f2627371-a904-4314-a836-5eb8f54559ec:192.168.34.32:33224, 1b813ef4-47a4-4bfc-8eb5-c34ae440adb1:192.168.34.32:36113], old=null
2019-10-21 19:13:14,418 [grpc-default-executor-0] INFO  impl.RaftServerImpl (RaftServerImpl.java:setRole(184)) - e6a83585-83d0-4616-a3d5-866875ad8a29@group-73E40DF2990B: changes role from  FOLLOWER to FOLLOWER at term 277 for recognizeCandidate:f2627371-a904-4314-a836-5eb8f54559ec
2019-10-21 19:13:14,418 [grpc-default-executor-1] INFO  impl.RaftServerImpl (RaftServerImpl.java:setRole(184)) - 1b813ef4-47a4-4bfc-8eb5-c34ae440adb1@group-73E40DF2990B: changes role from  FOLLOWER to FOLLOWER at term 277 for recognizeCandidate:f2627371-a904-4314-a836-5eb8f54559ec
2019-10-21 19:13:14,418 [grpc-default-executor-0] INFO  impl.RoleInfo (RoleInfo.java:shutdownFollowerState(121)) - e6a83585-83d0-4616-a3d5-866875ad8a29: shutdown FollowerState
2019-10-21 19:13:14,418 [grpc-default-executor-1] INFO  impl.RoleInfo (RoleInfo.java:shutdownFollowerState(121)) - 1b813ef4-47a4-4bfc-8eb5-c34ae440adb1: shutdown FollowerState
2019-10-21 19:13:14,418 [Thread-1902] INFO  impl.FollowerState (FollowerState.java:run(117)) - e6a83585-83d0-4616-a3d5-866875ad8a29@group-73E40DF2990B-FollowerState was interrupted: java.lang.InterruptedException: sleep interrupted
2019-10-21 19:13:14,418 [grpc-default-executor-0] INFO  impl.RoleInfo (RoleInfo.java:updateAndGet(143)) - e6a83585-83d0-4616-a3d5-866875ad8a29: start FollowerState
2019-10-21 19:13:14,418 [Thread-1901] INFO  impl.FollowerState (FollowerState.java:run(117)) - 1b813ef4-47a4-4bfc-8eb5-c34ae440adb1@group-73E40DF2990B-FollowerState was interrupted: java.lang.InterruptedException: sleep interrupted
2019-10-21 19:13:14,418 [grpc-default-executor-1] INFO  impl.RoleInfo (RoleInfo.java:updateAndGet(143)) - 1b813ef4-47a4-4bfc-8eb5-c34ae440adb1: start FollowerState
2019-10-21 19:13:14,425 [f2627371-a904-4314-a836-5eb8f54559ec@group-73E40DF2990B-LeaderElection250] INFO  impl.LeaderElection (LeaderElection.java:logAndReturn(56)) - f2627371-a904-4314-a836-5eb8f54559ec@group-73E40DF2990B-LeaderElection250: Election TIMEOUT; received 0 response(s) [] and 0 exception(s); f2627371-a904-4314-a836-5eb8f54559ec@group-73E40DF2990B:t277, leader=null, voted=f2627371-a904-4314-a836-5eb8f54559ec, raftlog=f2627371-a904-4314-a836-5eb8f54559ec@group-73E40DF2990B-SegmentedRaftLog:OPENED:c-1,f-1,i0, conf=-1: [e6a83585-83d0-4616-a3d5-866875ad8a29:192.168.34.32:46159, f2627371-a904-4314-a836-5eb8f54559ec:192.168.34.32:33224, 1b813ef4-47a4-4bfc-8eb5-c34ae440adb1:192.168.34.32:36113], old=null
2019-10-21 19:13:14,431 [f2627371-a904-4314-a836-5eb8f54559ec@group-73E40DF2990B-LeaderElection250] INFO  impl.LeaderElection (LeaderElection.java:askForVotes(178)) - f2627371-a904-4314-a836-5eb8f54559ec@group-73E40DF2990B-LeaderElection250: begin an election at term 278 for -1: [e6a83585-83d0-4616-a3d5-866875ad8a29:192.168.34.32:46159, f2627371-a904-4314-a836-5eb8f54559ec:192.168.34.32:33224, 1b813ef4-47a4-4bfc-8eb5-c34ae440adb1:192.168.34.32:36113], old=null
2019-10-21 19:13:14,433 [grpc-default-executor-1] INFO  impl.RaftServerImpl (RaftServerImpl.java:setRole(184)) - e6a83585-83d0-4616-a3d5-866875ad8a29@group-73E40DF2990B: changes role from  FOLLOWER to FOLLOWER at term 278 for recognizeCandidate:f2627371-a904-4314-a836-5eb8f54559ec
2019-10-21 19:13:14,433 [grpc-default-executor-1] INFO  impl.RoleInfo (RoleInfo.java:shutdownFollowerState(121)) - e6a83585-83d0-4616-a3d5-866875ad8a29: shutdown FollowerState
2019-10-21 19:13:14,433 [grpc-default-executor-0] INFO  impl.RaftServerImpl (RaftServerImpl.java:setRole(184)) - 1b813ef4-47a4-4bfc-8eb5-c34ae440adb1@group-73E40DF2990B: changes role from  FOLLOWER to FOLLOWER at term 278 for recognizeCandidate:f2627371-a904-4314-a836-5eb8f54559ec
2019-10-21 19:13:14,433 [Thread-1907] INFO  impl.FollowerState (FollowerState.java:run(117)) - e6a83585-83d0-4616-a3d5-866875ad8a29@group-73E40DF2990B-FollowerState was interrupted: java.lang.InterruptedException: sleep interrupted
2019-10-21 19:13:14,433 [grpc-default-executor-1] INFO  impl.RoleInfo (RoleInfo.java:updateAndGet(143)) - e6a83585-83d0-4616-a3d5-866875ad8a29: start FollowerState
2019-10-21 19:13:14,433 [grpc-default-executor-0] INFO  impl.RoleInfo (RoleInfo.java:shutdownFollowerState(121)) - 1b813ef4-47a4-4bfc-8eb5-c34ae440adb1: shutdown FollowerState
2019-10-21 19:13:14,434 [grpc-default-executor-0] INFO  impl.RoleInfo (RoleInfo.java:updateAndGet(143)) - 1b813ef4-47a4-4bfc-8eb5-c34ae440adb1: start FollowerState
2019-10-21 19:13:14,434 [Thread-1908] INFO  impl.FollowerState (FollowerState.java:run(117)) - 1b813ef4-47a4-4bfc-8eb5-c34ae440adb1@group-73E40DF2990B-FollowerState was interrupted: java.lang.InterruptedException: sleep interrupted
2019-10-21 19:13:14,448 [f2627371-a904-4314-a836-5eb8f54559ec@group-73E40DF2990B-LeaderElection250] INFO  impl.LeaderElection (LeaderElection.java:logAndReturn(56)) - f2627371-a904-4314-a836-5eb8f54559ec@group-73E40DF2990B-LeaderElection250: Election REJECTED; received 2 response(s) [f2627371-a904-4314-a836-5eb8f54559ec<-e6a83585-83d0-4616-a3d5-866875ad8a29#0:FAIL-t278, f2627371-a904-4314-a836-5eb8f54559ec<-1b813ef4-47a4-4bfc-8eb5-c34ae440adb1#0:FAIL-t278] and 0 exception(s); f2627371-a904-4314-a836-5eb8f54559ec@group-73E40DF2990B:t278, leader=null, voted=f2627371-a904-4314-a836-5eb8f54559ec, raftlog=f2627371-a904-4314-a836-5eb8f54559ec@group-73E40DF2990B-SegmentedRaftLog:OPENED:c-1,f-1,i0, conf=-1: [e6a83585-83d0-4616-a3d5-866875ad8a29:192.168.34.32:46159, f2627371-a904-4314-a836-5eb8f54559ec:192.168.34.32:33224, 1b813ef4-47a4-4bfc-8eb5-c34ae440adb1:192.168.34.32:36113], old=null
2019-10-21 19:13:14,448 [f2627371-a904-4314-a836-5eb8f54559ec@group-73E40DF2990B-LeaderElection250] INFO  impl.RaftServerImpl (RaftServerImpl.java:setRole(184)) - f2627371-a904-4314-a836-5eb8f54559ec@group-73E40DF2990B: changes role from CANDIDATE to FOLLOWER at term 278 for DISCOVERED_A_NEW_TERM
2019-10-21 19:13:14,448 [f2627371-a904-4314-a836-5eb8f54559ec@group-73E40DF2990B-LeaderElection250] INFO  impl.RoleInfo (RoleInfo.java:shutdownLeaderElection(134)) - f2627371-a904-4314-a836-5eb8f54559ec: shutdown LeaderElection
2019-10-21 19:13:14,448 [f2627371-a904-4314-a836-5eb8f54559ec@group-73E40DF2990B-LeaderElection250] INFO  impl.RoleInfo (RoleInfo.java:updateAndGet(143)) - f2627371-a904-4314-a836-5eb8f54559ec: start FollowerState
2019-10-21 19:13:14,595 [Thread-1913] INFO  impl.FollowerState (FollowerState.java:run(108)) - f2627371-a904-4314-a836-5eb8f54559ec@group-73E40DF2990B-FollowerState: change to CANDIDATE, lastRpcTime:146ms, electionTimeout:146ms
2019-10-21 19:13:14,595 [Thread-1913] INFO  impl.RoleInfo (RoleInfo.java:shutdownFollowerState(121)) - f2627371-a904-4314-a836-5eb8f54559ec: shutdown FollowerState
2019-10-21 19:13:14,595 [Thread-1913] INFO  impl.RaftServerImpl (RaftServerImpl.java:setRole(184)) - f2627371-a904-4314-a836-5eb8f54559ec@group-73E40DF2990B: changes role from  FOLLOWER to CANDIDATE at term 278 for changeToCandidate
2019-10-21 19:13:14,595 [Thread-1913] INFO  impl.RoleInfo (RoleInfo.java:updateAndGet(143)) - f2627371-a904-4314-a836-5eb8f54559ec: start LeaderElection
2019-10-21 19:13:14,609 [f2627371-a904-4314-a836-5eb8f54559ec@group-73E40DF2990B-LeaderElection251] INFO  impl.LeaderElection (LeaderElection.java:askForVotes(178)) - f2627371-a904-4314-a836-5eb8f54559ec@group-73E40DF2990B-LeaderElection251: begin an election at term 279 for -1: [e6a83585-83d0-4616-a3d5-866875ad8a29:192.168.34.32:46159, f2627371-a904-4314-a836-5eb8f54559ec:192.168.34.32:33224, 1b813ef4-47a4-4bfc-8eb5-c34ae440adb1:192.168.34.32:36113], old=null
2019-10-21 19:13:14,611 [grpc-default-executor-0] INFO  impl.RaftServerImpl (RaftServerImpl.java:setRole(184)) - e6a83585-83d0-4616-a3d5-866875ad8a29@group-73E40DF2990B: changes role from  FOLLOWER to FOLLOWER at term 279 for recognizeCandidate:f2627371-a904-4314-a836-5eb8f54559ec
2019-10-21 19:13:14,611 [grpc-default-executor-0] INFO  impl.RoleInfo (RoleInfo.java:shutdownFollowerState(121)) - e6a83585-83d0-4616-a3d5-866875ad8a29: shutdown FollowerState
2019-10-21 19:13:14,611 [grpc-default-executor-1] INFO  impl.RaftServerImpl (RaftServerImpl.java:setRole(184)) - 1b813ef4-47a4-4bfc-8eb5-c34ae440adb1@group-73E40DF2990B: changes role from  FOLLOWER to FOLLOWER at term 279 for recognizeCandidate:f2627371-a904-4314-a836-5eb8f54559ec
2019-10-21 19:13:14,611 [Thread-1911] INFO  impl.FollowerState (FollowerState.java:run(117)) - e6a83585-83d0-4616-a3d5-866875ad8a29@group-73E40DF2990B-FollowerState was interrupted: java.lang.InterruptedException: sleep interrupted
2019-10-21 19:13:14,611 [grpc-default-executor-0] INFO  impl.RoleInfo (RoleInfo.java:updateAndGet(143)) - e6a83585-83d0-4616-a3d5-866875ad8a29: start FollowerState
2019-10-21 19:13:14,611 [grpc-default-executor-1] INFO  impl.RoleInfo (RoleInfo.java:shutdownFollowerState(121)) - 1b813ef4-47a4-4bfc-8eb5-c34ae440adb1: shutdown FollowerState
2019-10-21 19:13:14,612 [grpc-default-executor-1] INFO  impl.RoleInfo (RoleInfo.java:updateAndGet(143)) - 1b813ef4-47a4-4bfc-8eb5-c34ae440adb1: start FollowerState
2019-10-21 19:13:14,612 [Thread-1912] INFO  impl.FollowerState (FollowerState.java:run(117)) - 1b813ef4-47a4-4bfc-8eb5-c34ae440adb1@group-73E40DF2990B-FollowerState was interrupted: java.lang.InterruptedException: sleep interrupted
2019-10-21 19:13:14,626 [f2627371-a904-4314-a836-5eb8f54559ec@group-73E40DF2990B-LeaderElection251] INFO  impl.LeaderElection (LeaderElection.java:logAndReturn(56)) - f2627371-a904-4314-a836-5eb8f54559ec@group-73E40DF2990B-LeaderElection251: Election REJECTED; received 2 response(s) [f2627371-a904-4314-a836-5eb8f54559ec<-e6a83585-83d0-4616-a3d5-866875ad8a29#0:FAIL-t279, f2627371-a904-4314-a836-5eb8f54559ec<-1b813ef4-47a4-4bfc-8eb5-c34ae440adb1#0:FAIL-t279] and 0 exception(s); f2627371-a904-4314-a836-5eb8f54559ec@group-73E40DF2990B:t279, leader=null, voted=f2627371-a904-4314-a836-5eb8f54559ec, raftlog=f2627371-a904-4314-a836-5eb8f54559ec@group-73E40DF2990B-SegmentedRaftLog:OPENED:c-1,f-1,i0, conf=-1: [e6a83585-83d0-4616-a3d5-866875ad8a29:192.168.34.32:46159, f2627371-a904-4314-a836-5eb8f54559ec:192.168.34.32:33224, 1b813ef4-47a4-4bfc-8eb5-c34ae440adb1:192.168.34.32:36113], old=null
2019-10-21 19:13:14,626 [f2627371-a904-4314-a836-5eb8f54559ec@group-73E40DF2990B-LeaderElection251] INFO  impl.RaftServerImpl (RaftServerImpl.java:setRole(184)) - f2627371-a904-4314-a836-5eb8f54559ec@group-73E40DF2990B: changes role from CANDIDATE to FOLLOWER at term 279 for DISCOVERED_A_NEW_TERM
2019-10-21 19:13:14,626 [f2627371-a904-4314-a836-5eb8f54559ec@group-73E40DF2990B-LeaderElection251] INFO  impl.RoleInfo (RoleInfo.java:shutdownLeaderElection(134)) - f2627371-a904-4314-a836-5eb8f54559ec: shutdown LeaderElection
2019-10-21 19:13:14,627 [f2627371-a904-4314-a836-5eb8f54559ec@group-73E40DF2990B-LeaderElection251] INFO  impl.RoleInfo (RoleInfo.java:updateAndGet(143)) - f2627371-a904-4314-a836-5eb8f54559ec: start FollowerState
2019-10-21 19:13:14,713 [Thread-1921] INFO  impl.FollowerState (FollowerState.java:run(108)) - f2627371-a904-4314-a836-5eb8f54559ec@group-73E40DF2990B-FollowerState: change to CANDIDATE, lastRpcTime:86ms, electionTimeout:86ms
2019-10-21 19:13:14,713 [Thread-1921] INFO  impl.RoleInfo (RoleInfo.java:shutdownFollowerState(121)) - f2627371-a904-4314-a836-5eb8f54559ec: shutdown FollowerState
2019-10-21 19:13:14,713 [Thread-1921] INFO  impl.RaftServerImpl (RaftServerImpl.java:setRole(184)) - f2627371-a904-4314-a836-5eb8f54559ec@group-73E40DF2990B: changes role from  FOLLOWER to CANDIDATE at term 279 for changeToCandidate
2019-10-21 19:13:14,714 [Thread-1921] INFO  impl.RoleInfo (RoleInfo.java:updateAndGet(143)) - f2627371-a904-4314-a836-5eb8f54559ec: start LeaderElection
2019-10-21 19:13:14,729 [f2627371-a904-4314-a836-5eb8f54559ec@group-73E40DF2990B-LeaderElection252] INFO  impl.LeaderElection (LeaderElection.java:askForVotes(178)) - f2627371-a904-4314-a836-5eb8f54559ec@group-73E40DF2990B-LeaderElection252: begin an election at term 280 for -1: [e6a83585-83d0-4616-a3d5-866875ad8a29:192.168.34.32:46159, f2627371-a904-4314-a836-5eb8f54559ec:192.168.34.32:33224, 1b813ef4-47a4-4bfc-8eb5-c34ae440adb1:192.168.34.32:36113], old=null
2019-10-21 19:13:14,731 [grpc-default-executor-0] INFO  impl.RaftServerImpl (RaftServerImpl.java:setRole(184)) - 1b813ef4-47a4-4bfc-8eb5-c34ae440adb1@group-73E40DF2990B: changes role from  FOLLOWER to FOLLOWER at term 280 for recognizeCandidate:f2627371-a904-4314-a836-5eb8f54559ec
2019-10-21 19:13:14,731 [grpc-default-executor-1] INFO  impl.RaftServerImpl (RaftServerImpl.java:setRole(184)) - e6a83585-83d0-4616-a3d5-866875ad8a29@group-73E40DF2990B: changes role from  FOLLOWER to FOLLOWER at term 280 for recognizeCandidate:f2627371-a904-4314-a836-5eb8f54559ec
2019-10-21 19:13:14,732 [grpc-default-executor-1] INFO  impl.RoleInfo (RoleInfo.java:shutdownFollowerState(121)) - e6a83585-83d0-4616-a3d5-866875ad8a29: shutdown FollowerState
2019-10-21 19:13:14,732 [grpc-default-executor-0] INFO  impl.RoleInfo (RoleInfo.java:shutdownFollowerState(121)) - 1b813ef4-47a4-4bfc-8eb5-c34ae440adb1: shutdown FollowerState
2019-10-21 19:13:14,732 [Thread-1919] INFO  impl.FollowerState (FollowerState.java:run(117)) - e6a83585-83d0-4616-a3d5-866875ad8a29@group-73E40DF2990B-FollowerState was interrupted: java.lang.InterruptedException: sleep interrupted
2019-10-21 19:13:14,732 [grpc-default-executor-1] INFO  impl.RoleInfo (RoleInfo.java:updateAndGet(143)) - e6a83585-83d0-4616-a3d5-866875ad8a29: start FollowerState
2019-10-21 19:13:14,732 [Thread-1920] INFO  impl.FollowerState (FollowerState.java:run(117)) - 1b813ef4-47a4-4bfc-8eb5-c34ae440adb1@group-73E40DF2990B-FollowerState was interrupted: java.lang.InterruptedException: sleep interrupted
2019-10-21 19:13:14,732 [grpc-default-executor-0] INFO  impl.RoleInfo (RoleInfo.java:updateAndGet(143)) - 1b813ef4-47a4-4bfc-8eb5-c34ae440adb1: start FollowerState
2019-10-21 19:13:14,747 [f2627371-a904-4314-a836-5eb8f54559ec@group-73E40DF2990B-LeaderElection252] INFO  impl.LeaderElection (LeaderElection.java:logAndReturn(56)) - f2627371-a904-4314-a836-5eb8f54559ec@group-73E40DF2990B-LeaderElection252: Election REJECTED; received 2 response(s) [f2627371-a904-4314-a836-5eb8f54559ec<-e6a83585-83d0-4616-a3d5-866875ad8a29#0:FAIL-t280, f2627371-a904-4314-a836-5eb8f54559ec<-1b813ef4-47a4-4bfc-8eb5-c34ae440adb1#0:FAIL-t280] and 0 exception(s); f2627371-a904-4314-a836-5eb8f54559ec@group-73E40DF2990B:t280, leader=null, voted=f2627371-a904-4314-a836-5eb8f54559ec, raftlog=f2627371-a904-4314-a836-5eb8f54559ec@group-73E40DF2990B-SegmentedRaftLog:OPENED:c-1,f-1,i0, conf=-1: [e6a83585-83d0-4616-a3d5-866875ad8a29:192.168.34.32:46159, f2627371-a904-4314-a836-5eb8f54559ec:192.168.34.32:33224, 1b813ef4-47a4-4bfc-8eb5-c34ae440adb1:192.168.34.32:36113], old=null
2019-10-21 19:13:14,747 [f2627371-a904-4314-a836-5eb8f54559ec@group-73E40DF2990B-LeaderElection252] INFO  impl.RaftServerImpl (RaftServerImpl.java:setRole(184)) - f2627371-a904-4314-a836-5eb8f54559ec@group-73E40DF2990B: changes role from CANDIDATE to FOLLOWER at term 280 for DISCOVERED_A_NEW_TERM
2019-10-21 19:13:14,747 [f2627371-a904-4314-a836-5eb8f54559ec@group-73E40DF2990B-LeaderElection252] INFO  impl.RoleInfo (RoleInfo.java:shutdownLeaderElection(134)) - f2627371-a904-4314-a836-5eb8f54559ec: shutdown LeaderElection
2019-10-21 19:13:14,747 [f2627371-a904-4314-a836-5eb8f54559ec@group-73E40DF2990B-LeaderElection252] INFO  impl.RoleInfo (RoleInfo.java:updateAndGet(143)) - f2627371-a904-4314-a836-5eb8f54559ec: start FollowerState
2019-10-21 19:13:14,894 [Thread-1927] INFO  impl.FollowerState (FollowerState.java:run(108)) - f2627371-a904-4314-a836-5eb8f54559ec@group-73E40DF2990B-FollowerState: change to CANDIDATE, lastRpcTime:146ms, electionTimeout:146ms
2019-10-21 19:13:14,894 [Thread-1927] INFO  impl.RoleInfo (RoleInfo.java:shutdownFollowerState(121)) - f2627371-a904-4314-a836-5eb8f54559ec: shutdown FollowerState
2019-10-21 19:13:14,894 [Thread-1927] INFO  impl.RaftServerImpl (RaftServerImpl.java:setRole(184)) - f2627371-a904-4314-a836-5eb8f54559ec@group-73E40DF2990B: changes role from  FOLLOWER to CANDIDATE at term 280 for changeToCandidate
2019-10-21 19:13:14,894 [Thread-1927] INFO  impl.RoleInfo (RoleInfo.java:updateAndGet(143)) - f2627371-a904-4314-a836-5eb8f54559ec: start LeaderElection
2019-10-21 19:13:14,908 [f2627371-a904-4314-a836-5eb8f54559ec@group-73E40DF2990B-LeaderElection253] INFO  impl.LeaderElection (LeaderElection.java:askForVotes(178)) - f2627371-a904-4314-a836-5eb8f54559ec@group-73E40DF2990B-LeaderElection253: begin an election at term 281 for -1: [e6a83585-83d0-4616-a3d5-866875ad8a29:192.168.34.32:46159, f2627371-a904-4314-a836-5eb8f54559ec:192.168.34.32:33224, 1b813ef4-47a4-4bfc-8eb5-c34ae440adb1:192.168.34.32:36113], old=null
2019-10-21 19:13:14,910 [grpc-default-executor-1] INFO  impl.RaftServerImpl (RaftServerImpl.java:setRole(184)) - 1b813ef4-47a4-4bfc-8eb5-c34ae440adb1@group-73E40DF2990B: changes role from  FOLLOWER to FOLLOWER at term 281 for recognizeCandidate:f2627371-a904-4314-a836-5eb8f54559ec
2019-10-21 19:13:14,910 [grpc-default-executor-0] INFO  impl.RaftServerImpl (RaftServerImpl.java:setRole(184)) - e6a83585-83d0-4616-a3d5-866875ad8a29@group-73E40DF2990B: changes role from  FOLLOWER to FOLLOWER at term 281 for recognizeCandidate:f2627371-a904-4314-a836-5eb8f54559ec
2019-10-21 19:13:14,910 [grpc-default-executor-1] INFO  impl.RoleInfo (RoleInfo.java:shutdownFollowerState(121)) - 1b813ef4-47a4-4bfc-8eb5-c34ae440adb1: shutdown FollowerState
2019-10-21 19:13:14,910 [grpc-default-executor-0] INFO  impl.RoleInfo (RoleInfo.java:shutdownFollowerState(121)) - e6a83585-83d0-4616-a3d5-866875ad8a29: shutdown FollowerState
2019-10-21 19:13:14,910 [Thread-1926] INFO  impl.FollowerState (FollowerState.java:run(117)) - 1b813ef4-47a4-4bfc-8eb5-c34ae440adb1@group-73E40DF2990B-FollowerState was interrupted: java.lang.InterruptedException: sleep interrupted
2019-10-21 19:13:14,910 [grpc-default-executor-1] INFO  impl.RoleInfo (RoleInfo.java:updateAndGet(143)) - 1b813ef4-47a4-4bfc-8eb5-c34ae440adb1: start FollowerState
2019-10-21 19:13:14,911 [Thread-1925] INFO  impl.FollowerState (FollowerState.java:run(117)) - e6a83585-83d0-4616-a3d5-866875ad8a29@group-73E40DF2990B-FollowerState was interrupted: java.lang.InterruptedException: sleep interrupted
2019-10-21 19:13:14,911 [grpc-default-executor-0] INFO  impl.RoleInfo (RoleInfo.java:updateAndGet(143)) - e6a83585-83d0-4616-a3d5-866875ad8a29: start FollowerState
2019-10-21 19:13:14,919 [f2627371-a904-4314-a836-5eb8f54559ec@group-73E40DF2990B-LeaderElection253] INFO  impl.LeaderElection (LeaderElection.java:logAndReturn(56)) - f2627371-a904-4314-a836-5eb8f54559ec@group-73E40DF2990B-LeaderElection253: Election REJECTED; received 2 response(s) [f2627371-a904-4314-a836-5eb8f54559ec<-e6a83585-83d0-4616-a3d5-866875ad8a29#0:FAIL-t281, f2627371-a904-4314-a836-5eb8f54559ec<-1b813ef4-47a4-4bfc-8eb5-c34ae440adb1#0:FAIL-t281] and 0 exception(s); f2627371-a904-4314-a836-5eb8f54559ec@group-73E40DF2990B:t281, leader=null, voted=f2627371-a904-4314-a836-5eb8f54559ec, raftlog=f2627371-a904-4314-a836-5eb8f54559ec@group-73E40DF2990B-SegmentedRaftLog:OPENED:c-1,f-1,i0, conf=-1: [e6a83585-83d0-4616-a3d5-866875ad8a29:192.168.34.32:46159, f2627371-a904-4314-a836-5eb8f54559ec:192.168.34.32:33224, 1b813ef4-47a4-4bfc-8eb5-c34ae440adb1:192.168.34.32:36113], old=null
2019-10-21 19:13:14,919 [f2627371-a904-4314-a836-5eb8f54559ec@group-73E40DF2990B-LeaderElection253] INFO  impl.RaftServerImpl (RaftServerImpl.java:setRole(184)) - f2627371-a904-4314-a836-5eb8f54559ec@group-73E40DF2990B: changes role from CANDIDATE to FOLLOWER at term 281 for DISCOVERED_A_NEW_TERM
2019-10-21 19:13:14,919 [f2627371-a904-4314-a836-5eb8f54559ec@group-73E40DF2990B-LeaderElection253] INFO  impl.RoleInfo (RoleInfo.java:shutdownLeaderElection(134)) - f2627371-a904-4314-a836-5eb8f54559ec: shutdown LeaderElection
2019-10-21 19:13:14,919 [f2627371-a904-4314-a836-5eb8f54559ec@group-73E40DF2990B-LeaderElection253] INFO  impl.RoleInfo (RoleInfo.java:updateAndGet(143)) - f2627371-a904-4314-a836-5eb8f54559ec: start FollowerState
2019-10-21 19:13:15,082 [Thread-1933] INFO  impl.FollowerState (FollowerState.java:run(108)) - f2627371-a904-4314-a836-5eb8f54559ec@group-73E40DF2990B-FollowerState: change to CANDIDATE, lastRpcTime:163ms, electionTimeout:163ms
2019-10-21 19:13:15,083 [Thread-1933] INFO  impl.RoleInfo (RoleInfo.java:shutdownFollowerState(121)) - f2627371-a904-4314-a836-5eb8f54559ec: shutdown FollowerState
2019-10-21 19:13:15,083 [Thread-1933] INFO  impl.RaftServerImpl (RaftServerImpl.java:setRole(184)) - f2627371-a904-4314-a836-5eb8f54559ec@group-73E40DF2990B: changes role from  FOLLOWER to CANDIDATE at term 281 for changeToCandidate
2019-10-21 19:13:15,083 [Thread-1933] INFO  impl.RoleInfo (RoleInfo.java:updateAndGet(143)) - f2627371-a904-4314-a836-5eb8f54559ec: start LeaderElection
2019-10-21 19:13:15,097 [f2627371-a904-4314-a836-5eb8f54559ec@group-73E40DF2990B-LeaderElection254] INFO  impl.LeaderElection (LeaderElection.java:askForVotes(178)) - f2627371-a904-4314-a836-5eb8f54559ec@group-73E40DF2990B-LeaderElection254: begin an election at term 282 for -1: [e6a83585-83d0-4616-a3d5-866875ad8a29:192.168.34.32:46159, f2627371-a904-4314-a836-5eb8f54559ec:192.168.34.32:33224, 1b813ef4-47a4-4bfc-8eb5-c34ae440adb1:192.168.34.32:36113], old=null
2019-10-21 19:13:15,100 [grpc-default-executor-1] INFO  impl.RaftServerImpl (RaftServerImpl.java:setRole(184)) - 1b813ef4-47a4-4bfc-8eb5-c34ae440adb1@group-73E40DF2990B: changes role from  FOLLOWER to FOLLOWER at term 282 for recognizeCandidate:f2627371-a904-4314-a836-5eb8f54559ec
2019-10-21 19:13:15,100 [grpc-default-executor-0] INFO  impl.RaftServerImpl (RaftServerImpl.java:setRole(184)) - e6a83585-83d0-4616-a3d5-866875ad8a29@group-73E40DF2990B: changes role from  FOLLOWER to FOLLOWER at term 282 for recognizeCandidate:f2627371-a904-4314-a836-5eb8f54559ec
2019-10-21 19:13:15,100 [grpc-default-executor-1] INFO  impl.RoleInfo (RoleInfo.java:shutdownFollowerState(121)) - 1b813ef4-47a4-4bfc-8eb5-c34ae440adb1: shutdown FollowerState
2019-10-21 19:13:15,100 [grpc-default-executor-0] INFO  impl.RoleInfo (RoleInfo.java:shutdownFollowerState(121)) - e6a83585-83d0-4616-a3d5-866875ad8a29: shutdown FollowerState
2019-10-21 19:13:15,101 [Thread-1931] INFO  impl.FollowerState (FollowerState.java:run(117)) - 1b813ef4-47a4-4bfc-8eb5-c34ae440adb1@group-73E40DF2990B-FollowerState was interrupted: java.lang.InterruptedException: sleep interrupted
2019-10-21 19:13:15,101 [grpc-default-executor-1] INFO  impl.RoleInfo (RoleInfo.java:updateAndGet(143)) - 1b813ef4-47a4-4bfc-8eb5-c34ae440adb1: start FollowerState
2019-10-21 19:13:15,101 [Thread-1932] INFO  impl.FollowerState (FollowerState.java:run(117)) - e6a83585-83d0-4616-a3d5-866875ad8a29@group-73E40DF2990B-FollowerState was interrupted: java.lang.InterruptedException: sleep interrupted
2019-10-21 19:13:15,101 [grpc-default-executor-0] INFO  impl.RoleInfo (RoleInfo.java:updateAndGet(143)) - e6a83585-83d0-4616-a3d5-866875ad8a29: start FollowerState
2019-10-21 19:13:15,116 [f2627371-a904-4314-a836-5eb8f54559ec@group-73E40DF2990B-LeaderElection254] INFO  impl.LeaderElection (LeaderElection.java:logAndReturn(56)) - f2627371-a904-4314-a836-5eb8f54559ec@group-73E40DF2990B-LeaderElection254: Election REJECTED; received 2 response(s) [f2627371-a904-4314-a836-5eb8f54559ec<-e6a83585-83d0-4616-a3d5-866875ad8a29#0:FAIL-t282, f2627371-a904-4314-a836-5eb8f54559ec<-1b813ef4-47a4-4bfc-8eb5-c34ae440adb1#0:FAIL-t282] and 0 exception(s); f2627371-a904-4314-a836-5eb8f54559ec@group-73E40DF2990B:t282, leader=null, voted=f2627371-a904-4314-a836-5eb8f54559ec, raftlog=f2627371-a904-4314-a836-5eb8f54559ec@group-73E40DF2990B-SegmentedRaftLog:OPENED:c-1,f-1,i0, conf=-1: [e6a83585-83d0-4616-a3d5-866875ad8a29:192.168.34.32:46159, f2627371-a904-4314-a836-5eb8f54559ec:192.168.34.32:33224, 1b813ef4-47a4-4bfc-8eb5-c34ae440adb1:192.168.34.32:36113], old=null
2019-10-21 19:13:15,116 [f2627371-a904-4314-a836-5eb8f54559ec@group-73E40DF2990B-LeaderElection254] INFO  impl.RaftServerImpl (RaftServerImpl.java:setRole(184)) - f2627371-a904-4314-a836-5eb8f54559ec@group-73E40DF2990B: changes role from CANDIDATE to FOLLOWER at term 282 for DISCOVERED_A_NEW_TERM
2019-10-21 19:13:15,116 [f2627371-a904-4314-a836-5eb8f54559ec@group-73E40DF2990B-LeaderElection254] INFO  impl.RoleInfo (RoleInfo.java:shutdownLeaderElection(134)) - f2627371-a904-4314-a836-5eb8f54559ec: shutdown LeaderElection
2019-10-21 19:13:15,117 [f2627371-a904-4314-a836-5eb8f54559ec@group-73E40DF2990B-LeaderElection254] INFO  impl.RoleInfo (RoleInfo.java:updateAndGet(143)) - f2627371-a904-4314-a836-5eb8f54559ec: start FollowerState
2019-10-21 19:13:15,227 [Thread-1939] INFO  impl.FollowerState (FollowerState.java:run(108)) - f2627371-a904-4314-a836-5eb8f54559ec@group-73E40DF2990B-FollowerState: change to CANDIDATE, lastRpcTime:110ms, electionTimeout:110ms
2019-10-21 19:13:15,227 [Thread-1939] INFO  impl.RoleInfo (RoleInfo.java:shutdownFollowerState(121)) - f2627371-a904-4314-a836-5eb8f54559ec: shutdown FollowerState
2019-10-21 19:13:15,227 [Thread-1939] INFO  impl.RaftServerImpl (RaftServerImpl.java:setRole(184)) - f2627371-a904-4314-a836-5eb8f54559ec@group-73E40DF2990B: changes role from  FOLLOWER to CANDIDATE at term 282 for changeToCandidate
2019-10-21 19:13:15,227 [Thread-1939] INFO  impl.RoleInfo (RoleInfo.java:updateAndGet(143)) - f2627371-a904-4314-a836-5eb8f54559ec: start LeaderElection
2019-10-21 19:13:15,242 [f2627371-a904-4314-a836-5eb8f54559ec@group-73E40DF2990B-LeaderElection255] INFO  impl.LeaderElection (LeaderElection.java:askForVotes(178)) - f2627371-a904-4314-a836-5eb8f54559ec@group-73E40DF2990B-LeaderElection255: begin an election at term 283 for -1: [e6a83585-83d0-4616-a3d5-866875ad8a29:192.168.34.32:46159, f2627371-a904-4314-a836-5eb8f54559ec:192.168.34.32:33224, 1b813ef4-47a4-4bfc-8eb5-c34ae440adb1:192.168.34.32:36113], old=null
2019-10-21 19:13:15,244 [grpc-default-executor-1] INFO  impl.RaftServerImpl (RaftServerImpl.java:setRole(184)) - e6a83585-83d0-4616-a3d5-866875ad8a29@group-73E40DF2990B: changes role from  FOLLOWER to FOLLOWER at term 283 for recognizeCandidate:f2627371-a904-4314-a836-5eb8f54559ec
2019-10-21 19:13:15,244 [grpc-default-executor-1] INFO  impl.RoleInfo (RoleInfo.java:shutdownFollowerState(121)) - e6a83585-83d0-4616-a3d5-866875ad8a29: shutdown FollowerState
2019-10-21 19:13:15,244 [grpc-default-executor-1] INFO  impl.RoleInfo (RoleInfo.java:updateAndGet(143)) - e6a83585-83d0-4616-a3d5-866875ad8a29: start FollowerState
2019-10-21 19:13:15,244 [grpc-default-executor-0] INFO  impl.RaftServerImpl (RaftServerImpl.java:setRole(184)) - 1b813ef4-47a4-4bfc-8eb5-c34ae440adb1@group-73E40DF2990B: changes role from  FOLLOWER to FOLLOWER at term 283 for recognizeCandidate:f2627371-a904-4314-a836-5eb8f54559ec
2019-10-21 19:13:15,244 [Thread-1938] INFO  impl.FollowerState (FollowerState.java:run(117)) - e6a83585-83d0-4616-a3d5-866875ad8a29@group-73E40DF2990B-FollowerState was interrupted: java.lang.InterruptedException: sleep interrupted
2019-10-21 19:13:15,244 [grpc-default-executor-0] INFO  impl.RoleInfo (RoleInfo.java:shutdownFollowerState(121)) - 1b813ef4-47a4-4bfc-8eb5-c34ae440adb1: shutdown FollowerState
2019-10-21 19:13:15,245 [grpc-default-executor-0] INFO  impl.RoleInfo (RoleInfo.java:updateAndGet(143)) - 1b813ef4-47a4-4bfc-8eb5-c34ae440adb1: start FollowerState
2019-10-21 19:13:15,245 [Thread-1937] INFO  impl.FollowerState (FollowerState.java:run(117)) - 1b813ef4-47a4-4bfc-8eb5-c34ae440adb1@group-73E40DF2990B-FollowerState was interrupted: java.lang.InterruptedException: sleep interrupted
2019-10-21 19:13:15,259 [f2627371-a904-4314-a836-5eb8f54559ec@group-73E40DF2990B-LeaderElection255] INFO  impl.LeaderElection (LeaderElection.java:logAndReturn(56)) - f2627371-a904-4314-a836-5eb8f54559ec@group-73E40DF2990B-LeaderElection255: Election REJECTED; received 2 response(s) [f2627371-a904-4314-a836-5eb8f54559ec<-e6a83585-83d0-4616-a3d5-866875ad8a29#0:FAIL-t283, f2627371-a904-4314-a836-5eb8f54559ec<-1b813ef4-47a4-4bfc-8eb5-c34ae440adb1#0:FAIL-t283] and 0 exception(s); f2627371-a904-4314-a836-5eb8f54559ec@group-73E40DF2990B:t283, leader=null, voted=f2627371-a904-4314-a836-5eb8f54559ec, raftlog=f2627371-a904-4314-a836-5eb8f54559ec@group-73E40DF2990B-SegmentedRaftLog:OPENED:c-1,f-1,i0, conf=-1: [e6a83585-83d0-4616-a3d5-866875ad8a29:192.168.34.32:46159, f2627371-a904-4314-a836-5eb8f54559ec:192.168.34.32:33224, 1b813ef4-47a4-4bfc-8eb5-c34ae440adb1:192.168.34.32:36113], old=null
2019-10-21 19:13:15,260 [f2627371-a904-4314-a836-5eb8f54559ec@group-73E40DF2990B-LeaderElection255] INFO  impl.RaftServerImpl (RaftServerImpl.java:setRole(184)) - f2627371-a904-4314-a836-5eb8f54559ec@group-73E40DF2990B: changes role from CANDIDATE to FOLLOWER at term 283 for DISCOVERED_A_NEW_TERM
2019-10-21 19:13:15,260 [f2627371-a904-4314-a836-5eb8f54559ec@group-73E40DF2990B-LeaderElection255] INFO  impl.RoleInfo (RoleInfo.java:shutdownLeaderElection(134)) - f2627371-a904-4314-a836-5eb8f54559ec: shutdown LeaderElection
2019-10-21 19:13:15,260 [f2627371-a904-4314-a836-5eb8f54559ec@group-73E40DF2990B-LeaderElection255] INFO  impl.RoleInfo (RoleInfo.java:updateAndGet(143)) - f2627371-a904-4314-a836-5eb8f54559ec: start FollowerState
2019-10-21 19:13:15,340 [Thread-1945] INFO  impl.FollowerState (FollowerState.java:run(108)) - f2627371-a904-4314-a836-5eb8f54559ec@group-73E40DF2990B-FollowerState: change to CANDIDATE, lastRpcTime:80ms, electionTimeout:80ms
2019-10-21 19:13:15,340 [Thread-1945] INFO  impl.RoleInfo (RoleInfo.java:shutdownFollowerState(121)) - f2627371-a904-4314-a836-5eb8f54559ec: shutdown FollowerState
2019-10-21 19:13:15,340 [Thread-1945] INFO  impl.RaftServerImpl (RaftServerImpl.java:setRole(184)) - f2627371-a904-4314-a836-5eb8f54559ec@group-73E40DF2990B: changes role from  FOLLOWER to CANDIDATE at term 283 for changeToCandidate
2019-10-21 19:13:15,341 [Thread-1945] INFO  impl.RoleInfo (RoleInfo.java:updateAndGet(143)) - f2627371-a904-4314-a836-5eb8f54559ec: start LeaderElection
2019-10-21 19:13:15,355 [f2627371-a904-4314-a836-5eb8f54559ec@group-73E40DF2990B-LeaderElection256] INFO  impl.LeaderElection (LeaderElection.java:askForVotes(178)) - f2627371-a904-4314-a836-5eb8f54559ec@group-73E40DF2990B-LeaderElection256: begin an election at term 284 for -1: [e6a83585-83d0-4616-a3d5-866875ad8a29:192.168.34.32:46159, f2627371-a904-4314-a836-5eb8f54559ec:192.168.34.32:33224, 1b813ef4-47a4-4bfc-8eb5-c34ae440adb1:192.168.34.32:36113], old=null
2019-10-21 19:13:15,357 [grpc-default-executor-0] INFO  impl.RaftServerImpl (RaftServerImpl.java:setRole(184)) - e6a83585-83d0-4616-a3d5-866875ad8a29@group-73E40DF2990B: changes role from  FOLLOWER to FOLLOWER at term 284 for recognizeCandidate:f2627371-a904-4314-a836-5eb8f54559ec
2019-10-21 19:13:15,357 [grpc-default-executor-0] INFO  impl.RoleInfo (RoleInfo.java:shutdownFollowerState(121)) - e6a83585-83d0-4616-a3d5-866875ad8a29: shutdown FollowerState
2019-10-21 19:13:15,357 [grpc-default-executor-0] INFO  impl.RoleInfo (RoleInfo.java:updateAndGet(143)) - e6a83585-83d0-4616-a3d5-866875ad8a29: start FollowerState
2019-10-21 19:13:15,357 [Thread-1943] INFO  impl.FollowerState (FollowerState.java:run(117)) - e6a83585-83d0-4616-a3d5-866875ad8a29@group-73E40DF2990B-FollowerState was interrupted: java.lang.InterruptedException: sleep interrupted
2019-10-21 19:13:15,357 [grpc-default-executor-1] INFO  impl.RaftServerImpl (RaftServerImpl.java:setRole(184)) - 1b813ef4-47a4-4bfc-8eb5-c34ae440adb1@group-73E40DF2990B: changes role from  FOLLOWER to FOLLOWER at term 284 for recognizeCandidate:f2627371-a904-4314-a836-5eb8f54559ec
2019-10-21 19:13:15,358 [grpc-default-executor-1] INFO  impl.RoleInfo (RoleInfo.java:shutdownFollowerState(121)) - 1b813ef4-47a4-4bfc-8eb5-c34ae440adb1: shutdown FollowerState
2019-10-21 19:13:15,358 [grpc-default-executor-1] INFO  impl.RoleInfo (RoleInfo.java:updateAndGet(143)) - 1b813ef4-47a4-4bfc-8eb5-c34ae440adb1: start FollowerState
2019-10-21 19:13:15,358 [Thread-1944] INFO  impl.FollowerState (FollowerState.java:run(117)) - 1b813ef4-47a4-4bfc-8eb5-c34ae440adb1@group-73E40DF2990B-FollowerState was interrupted: java.lang.InterruptedException: sleep interrupted
2019-10-21 19:13:15,362 [f2627371-a904-4314-a836-5eb8f54559ec@group-73E40DF2990B-LeaderElection256] INFO  impl.LeaderElection (LeaderElection.java:logAndReturn(56)) - f2627371-a904-4314-a836-5eb8f54559ec@group-73E40DF2990B-LeaderElection256: Election TIMEOUT; received 0 response(s) [] and 0 exception(s); f2627371-a904-4314-a836-5eb8f54559ec@group-73E40DF2990B:t284, leader=null, voted=f2627371-a904-4314-a836-5eb8f54559ec, raftlog=f2627371-a904-4314-a836-5eb8f54559ec@group-73E40DF2990B-SegmentedRaftLog:OPENED:c-1,f-1,i0, conf=-1: [e6a83585-83d0-4616-a3d5-866875ad8a29:192.168.34.32:46159, f2627371-a904-4314-a836-5eb8f54559ec:192.168.34.32:33224, 1b813ef4-47a4-4bfc-8eb5-c34ae440adb1:192.168.34.32:36113], old=null
2019-10-21 19:13:15,371 [f2627371-a904-4314-a836-5eb8f54559ec@group-73E40DF2990B-LeaderElection256] INFO  impl.LeaderElection (LeaderElection.java:askForVotes(178)) - f2627371-a904-4314-a836-5eb8f54559ec@group-73E40DF2990B-LeaderElection256: begin an election at term 285 for -1: [e6a83585-83d0-4616-a3d5-866875ad8a29:192.168.34.32:46159, f2627371-a904-4314-a836-5eb8f54559ec:192.168.34.32:33224, 1b813ef4-47a4-4bfc-8eb5-c34ae440adb1:192.168.34.32:36113], old=null
2019-10-21 19:13:15,373 [grpc-default-executor-0] INFO  impl.RaftServerImpl (RaftServerImpl.java:setRole(184)) - e6a83585-83d0-4616-a3d5-866875ad8a29@group-73E40DF2990B: changes role from  FOLLOWER to FOLLOWER at term 285 for recognizeCandidate:f2627371-a904-4314-a836-5eb8f54559ec
2019-10-21 19:13:15,373 [grpc-default-executor-0] INFO  impl.RoleInfo (RoleInfo.java:shutdownFollowerState(121)) - e6a83585-83d0-4616-a3d5-866875ad8a29: shutdown FollowerState
2019-10-21 19:13:15,373 [grpc-default-executor-0] INFO  impl.RoleInfo (RoleInfo.java:updateAndGet(143)) - e6a83585-83d0-4616-a3d5-866875ad8a29: start FollowerState
2019-10-21 19:13:15,373 [Thread-1949] INFO  impl.FollowerState (FollowerState.java:run(117)) - e6a83585-83d0-4616-a3d5-866875ad8a29@group-73E40DF2990B-FollowerState was interrupted: java.lang.InterruptedException: sleep interrupted
2019-10-21 19:13:15,374 [grpc-default-executor-1] INFO  impl.RaftServerImpl (RaftServerImpl.java:setRole(184)) - 1b813ef4-47a4-4bfc-8eb5-c34ae440adb1@group-73E40DF2990B: changes role from  FOLLOWER to FOLLOWER at term 285 for recognizeCandidate:f2627371-a904-4314-a836-5eb8f54559ec
2019-10-21 19:13:15,374 [grpc-default-executor-1] INFO  impl.RoleInfo (RoleInfo.java:shutdownFollowerState(121)) - 1b813ef4-47a4-4bfc-8eb5-c34ae440adb1: shutdown FollowerState
2019-10-21 19:13:15,374 [grpc-default-executor-1] INFO  impl.RoleInfo (RoleInfo.java:updateAndGet(143)) - 1b813ef4-47a4-4bfc-8eb5-c34ae440adb1: start FollowerState
2019-10-21 19:13:15,374 [Thread-1950] INFO  impl.FollowerState (FollowerState.java:run(117)) - 1b813ef4-47a4-4bfc-8eb5-c34ae440adb1@group-73E40DF2990B-FollowerState was interrupted: java.lang.InterruptedException: sleep interrupted
2019-10-21 19:13:15,388 [f2627371-a904-4314-a836-5eb8f54559ec@group-73E40DF2990B-LeaderElection256] INFO  impl.LeaderElection (LeaderElection.java:logAndReturn(56)) - f2627371-a904-4314-a836-5eb8f54559ec@group-73E40DF2990B-LeaderElection256: Election REJECTED; received 2 response(s) [f2627371-a904-4314-a836-5eb8f54559ec<-e6a83585-83d0-4616-a3d5-866875ad8a29#0:FAIL-t285, f2627371-a904-4314-a836-5eb8f54559ec<-1b813ef4-47a4-4bfc-8eb5-c34ae440adb1#0:FAIL-t285] and 0 exception(s); f2627371-a904-4314-a836-5eb8f54559ec@group-73E40DF2990B:t285, leader=null, voted=f2627371-a904-4314-a836-5eb8f54559ec, raftlog=f2627371-a904-4314-a836-5eb8f54559ec@group-73E40DF2990B-SegmentedRaftLog:OPENED:c-1,f-1,i0, conf=-1: [e6a83585-83d0-4616-a3d5-866875ad8a29:192.168.34.32:46159, f2627371-a904-4314-a836-5eb8f54559ec:192.168.34.32:33224, 1b813ef4-47a4-4bfc-8eb5-c34ae440adb1:192.168.34.32:36113], old=null
2019-10-21 19:13:15,388 [f2627371-a904-4314-a836-5eb8f54559ec@group-73E40DF2990B-LeaderElection256] INFO  impl.RaftServerImpl (RaftServerImpl.java:setRole(184)) - f2627371-a904-4314-a836-5eb8f54559ec@group-73E40DF2990B: changes role from CANDIDATE to FOLLOWER at term 285 for DISCOVERED_A_NEW_TERM
2019-10-21 19:13:15,388 [f2627371-a904-4314-a836-5eb8f54559ec@group-73E40DF2990B-LeaderElection256] INFO  impl.RoleInfo (RoleInfo.java:shutdownLeaderElection(134)) - f2627371-a904-4314-a836-5eb8f54559ec: shutdown LeaderElection
2019-10-21 19:13:15,388 [f2627371-a904-4314-a836-5eb8f54559ec@group-73E40DF2990B-LeaderElection256] INFO  impl.RoleInfo (RoleInfo.java:updateAndGet(143)) - f2627371-a904-4314-a836-5eb8f54559ec: start FollowerState
2019-10-21 19:13:15,582 [Thread-1955] INFO  impl.FollowerState (FollowerState.java:run(108)) - f2627371-a904-4314-a836-5eb8f54559ec@group-73E40DF2990B-FollowerState: change to CANDIDATE, lastRpcTime:193ms, electionTimeout:193ms
2019-10-21 19:13:15,582 [Thread-1955] INFO  impl.RoleInfo (RoleInfo.java:shutdownFollowerState(121)) - f2627371-a904-4314-a836-5eb8f54559ec: shutdown FollowerState
2019-10-21 19:13:15,582 [Thread-1955] INFO  impl.RaftServerImpl (RaftServerImpl.java:setRole(184)) - f2627371-a904-4314-a836-5eb8f54559ec@group-73E40DF2990B: changes role from  FOLLOWER to CANDIDATE at term 285 for changeToCandidate
2019-10-21 19:13:15,582 [Thread-1955] INFO  impl.RoleInfo (RoleInfo.java:updateAndGet(143)) - f2627371-a904-4314-a836-5eb8f54559ec: start LeaderElection
2019-10-21 19:13:15,597 [f2627371-a904-4314-a836-5eb8f54559ec@group-73E40DF2990B-LeaderElection257] INFO  impl.LeaderElection (LeaderElection.java:askForVotes(178)) - f2627371-a904-4314-a836-5eb8f54559ec@group-73E40DF2990B-LeaderElection257: begin an election at term 286 for -1: [e6a83585-83d0-4616-a3d5-866875ad8a29:192.168.34.32:46159, f2627371-a904-4314-a836-5eb8f54559ec:192.168.34.32:33224, 1b813ef4-47a4-4bfc-8eb5-c34ae440adb1:192.168.34.32:36113], old=null
2019-10-21 19:13:15,600 [grpc-default-executor-1] INFO  impl.RaftServerImpl (RaftServerImpl.java:setRole(184)) - 1b813ef4-47a4-4bfc-8eb5-c34ae440adb1@group-73E40DF2990B: changes role from  FOLLOWER to FOLLOWER at term 286 for recognizeCandidate:f2627371-a904-4314-a836-5eb8f54559ec
2019-10-21 19:13:15,600 [grpc-default-executor-1] INFO  impl.RoleInfo (RoleInfo.java:shutdownFollowerState(121)) - 1b813ef4-47a4-4bfc-8eb5-c34ae440adb1: shutdown FollowerState
2019-10-21 19:13:15,600 [grpc-default-executor-1] INFO  impl.RoleInfo (RoleInfo.java:updateAndGet(143)) - 1b813ef4-47a4-4bfc-8eb5-c34ae440adb1: start FollowerState
2019-10-21 19:13:15,600 [grpc-default-executor-0] INFO  impl.RaftServerImpl (RaftServerImpl.java:setRole(184)) - e6a83585-83d0-4616-a3d5-866875ad8a29@group-73E40DF2990B: changes role from  FOLLOWER to FOLLOWER at term 286 for recognizeCandidate:f2627371-a904-4314-a836-5eb8f54559ec
2019-10-21 19:13:15,600 [grpc-default-executor-0] INFO  impl.RoleInfo (RoleInfo.java:shutdownFollowerState(121)) - e6a83585-83d0-4616-a3d5-866875ad8a29: shutdown FollowerState
2019-10-21 19:13:15,600 [Thread-1954] INFO  impl.FollowerState (FollowerState.java:run(117)) - 1b813ef4-47a4-4bfc-8eb5-c34ae440adb1@group-73E40DF2990B-FollowerState was interrupted: java.lang.InterruptedException: sleep interrupted
2019-10-21 19:13:15,601 [Thread-1953] INFO  impl.FollowerState (FollowerState.java:run(117)) - e6a83585-83d0-4616-a3d5-866875ad8a29@group-73E40DF2990B-FollowerState was interrupted: java.lang.InterruptedException: sleep interrupted
2019-10-21 19:13:15,601 [grpc-default-executor-0] INFO  impl.RoleInfo (RoleInfo.java:updateAndGet(143)) - e6a83585-83d0-4616-a3d5-866875ad8a29: start FollowerState
2019-10-21 19:13:15,615 [f2627371-a904-4314-a836-5eb8f54559ec@group-73E40DF2990B-LeaderElection257] INFO  impl.LeaderElection (LeaderElection.java:logAndReturn(56)) - f2627371-a904-4314-a836-5eb8f54559ec@group-73E40DF2990B-LeaderElection257: Election REJECTED; received 2 response(s) [f2627371-a904-4314-a836-5eb8f54559ec<-e6a83585-83d0-4616-a3d5-866875ad8a29#0:FAIL-t286, f2627371-a904-4314-a836-5eb8f54559ec<-1b813ef4-47a4-4bfc-8eb5-c34ae440adb1#0:FAIL-t286] and 0 exception(s); f2627371-a904-4314-a836-5eb8f54559ec@group-73E40DF2990B:t286, leader=null, voted=f2627371-a904-4314-a836-5eb8f54559ec, raftlog=f2627371-a904-4314-a836-5eb8f54559ec@group-73E40DF2990B-SegmentedRaftLog:OPENED:c-1,f-1,i0, conf=-1: [e6a83585-83d0-4616-a3d5-866875ad8a29:192.168.34.32:46159, f2627371-a904-4314-a836-5eb8f54559ec:192.168.34.32:33224, 1b813ef4-47a4-4bfc-8eb5-c34ae440adb1:192.168.34.32:36113], old=null
2019-10-21 19:13:15,615 [f2627371-a904-4314-a836-5eb8f54559ec@group-73E40DF2990B-LeaderElection257] INFO  impl.RaftServerImpl (RaftServerImpl.java:setRole(184)) - f2627371-a904-4314-a836-5eb8f54559ec@group-73E40DF2990B: changes role from CANDIDATE to FOLLOWER at term 286 for DISCOVERED_A_NEW_TERM
2019-10-21 19:13:15,615 [f2627371-a904-4314-a836-5eb8f54559ec@group-73E40DF2990B-LeaderElection257] INFO  impl.RoleInfo (RoleInfo.java:shutdownLeaderElection(134)) - f2627371-a904-4314-a836-5eb8f54559ec: shutdown LeaderElection
2019-10-21 19:13:15,616 [f2627371-a904-4314-a836-5eb8f54559ec@group-73E40DF2990B-LeaderElection257] INFO  impl.RoleInfo (RoleInfo.java:updateAndGet(143)) - f2627371-a904-4314-a836-5eb8f54559ec: start FollowerState
2019-10-21 19:13:15,676 [Thread-1963] INFO  impl.FollowerState (FollowerState.java:run(108)) - f2627371-a904-4314-a836-5eb8f54559ec@group-73E40DF2990B-FollowerState: change to CANDIDATE, lastRpcTime:60ms, electionTimeout:60ms
2019-10-21 19:13:15,676 [Thread-1963] INFO  impl.RoleInfo (RoleInfo.java:shutdownFollowerState(121)) - f2627371-a904-4314-a836-5eb8f54559ec: shutdown FollowerState
2019-10-21 19:13:15,676 [Thread-1963] INFO  impl.RaftServerImpl (RaftServerImpl.java:setRole(184)) - f2627371-a904-4314-a836-5eb8f54559ec@group-73E40DF2990B: changes role from  FOLLOWER to CANDIDATE at term 286 for changeToCandidate
2019-10-21 19:13:15,677 [Thread-1963] INFO  impl.RoleInfo (RoleInfo.java:updateAndGet(143)) - f2627371-a904-4314-a836-5eb8f54559ec: start LeaderElection
2019-10-21 19:13:15,691 [f2627371-a904-4314-a836-5eb8f54559ec@group-73E40DF2990B-LeaderElection258] INFO  impl.LeaderElection (LeaderElection.java:askForVotes(178)) - f2627371-a904-4314-a836-5eb8f54559ec@group-73E40DF2990B-LeaderElection258: begin an election at term 287 for -1: [e6a83585-83d0-4616-a3d5-866875ad8a29:192.168.34.32:46159, f2627371-a904-4314-a836-5eb8f54559ec:192.168.34.32:33224, 1b813ef4-47a4-4bfc-8eb5-c34ae440adb1:192.168.34.32:36113], old=null
2019-10-21 19:13:15,693 [grpc-default-executor-0] INFO  impl.RaftServerImpl (RaftServerImpl.java:setRole(184)) - e6a83585-83d0-4616-a3d5-866875ad8a29@group-73E40DF2990B: changes role from  FOLLOWER to FOLLOWER at term 287 for recognizeCandidate:f2627371-a904-4314-a836-5eb8f54559ec
2019-10-21 19:13:15,693 [grpc-default-executor-0] INFO  impl.RoleInfo (RoleInfo.java:shutdownFollowerState(121)) - e6a83585-83d0-4616-a3d5-866875ad8a29: shutdown FollowerState
2019-10-21 19:13:15,693 [grpc-default-executor-0] INFO  impl.RoleInfo (RoleInfo.java:updateAndGet(143)) - e6a83585-83d0-4616-a3d5-866875ad8a29: start FollowerState
2019-10-21 19:13:15,694 [Thread-1962] INFO  impl.FollowerState (FollowerState.java:run(117)) - e6a83585-83d0-4616-a3d5-866875ad8a29@group-73E40DF2990B-FollowerState was interrupted: java.lang.InterruptedException: sleep interrupted
2019-10-21 19:13:15,694 [grpc-default-executor-1] INFO  impl.RaftServerImpl (RaftServerImpl.java:setRole(184)) - 1b813ef4-47a4-4bfc-8eb5-c34ae440adb1@group-73E40DF2990B: changes role from  FOLLOWER to FOLLOWER at term 287 for recognizeCandidate:f2627371-a904-4314-a836-5eb8f54559ec
2019-10-21 19:13:15,694 [grpc-default-executor-1] INFO  impl.RoleInfo (RoleInfo.java:shutdownFollowerState(121)) - 1b813ef4-47a4-4bfc-8eb5-c34ae440adb1: shutdown FollowerState
2019-10-21 19:13:15,694 [grpc-default-executor-1] INFO  impl.RoleInfo (RoleInfo.java:updateAndGet(143)) - 1b813ef4-47a4-4bfc-8eb5-c34ae440adb1: start FollowerState
2019-10-21 19:13:15,694 [Thread-1961] INFO  impl.FollowerState (FollowerState.java:run(117)) - 1b813ef4-47a4-4bfc-8eb5-c34ae440adb1@group-73E40DF2990B-FollowerState was interrupted: java.lang.InterruptedException: sleep interrupted
2019-10-21 19:13:15,708 [f2627371-a904-4314-a836-5eb8f54559ec@group-73E40DF2990B-LeaderElection258] INFO  impl.LeaderElection (LeaderElection.java:logAndReturn(56)) - f2627371-a904-4314-a836-5eb8f54559ec@group-73E40DF2990B-LeaderElection258: Election REJECTED; received 2 response(s) [f2627371-a904-4314-a836-5eb8f54559ec<-e6a83585-83d0-4616-a3d5-866875ad8a29#0:FAIL-t287, f2627371-a904-4314-a836-5eb8f54559ec<-1b813ef4-47a4-4bfc-8eb5-c34ae440adb1#0:FAIL-t287] and 0 exception(s); f2627371-a904-4314-a836-5eb8f54559ec@group-73E40DF2990B:t287, leader=null, voted=f2627371-a904-4314-a836-5eb8f54559ec, raftlog=f2627371-a904-4314-a836-5eb8f54559ec@group-73E40DF2990B-SegmentedRaftLog:OPENED:c-1,f-1,i0, conf=-1: [e6a83585-83d0-4616-a3d5-866875ad8a29:192.168.34.32:46159, f2627371-a904-4314-a836-5eb8f54559ec:192.168.34.32:33224, 1b813ef4-47a4-4bfc-8eb5-c34ae440adb1:192.168.34.32:36113], old=null
2019-10-21 19:13:15,708 [f2627371-a904-4314-a836-5eb8f54559ec@group-73E40DF2990B-LeaderElection258] INFO  impl.RaftServerImpl (RaftServerImpl.java:setRole(184)) - f2627371-a904-4314-a836-5eb8f54559ec@group-73E40DF2990B: changes role from CANDIDATE to FOLLOWER at term 287 for DISCOVERED_A_NEW_TERM
2019-10-21 19:13:15,708 [f2627371-a904-4314-a836-5eb8f54559ec@group-73E40DF2990B-LeaderElection258] INFO  impl.RoleInfo (RoleInfo.java:shutdownLeaderElection(134)) - f2627371-a904-4314-a836-5eb8f54559ec: shutdown LeaderElection
2019-10-21 19:13:15,709 [f2627371-a904-4314-a836-5eb8f54559ec@group-73E40DF2990B-LeaderElection258] INFO  impl.RoleInfo (RoleInfo.java:updateAndGet(143)) - f2627371-a904-4314-a836-5eb8f54559ec: start FollowerState
2019-10-21 19:13:15,856 [Thread-1969] INFO  impl.FollowerState (FollowerState.java:run(108)) - f2627371-a904-4314-a836-5eb8f54559ec@group-73E40DF2990B-FollowerState: change to CANDIDATE, lastRpcTime:147ms, electionTimeout:147ms
2019-10-21 19:13:15,856 [Thread-1969] INFO  impl.RoleInfo (RoleInfo.java:shutdownFollowerState(121)) - f2627371-a904-4314-a836-5eb8f54559ec: shutdown FollowerState
2019-10-21 19:13:15,856 [Thread-1969] INFO  impl.RaftServerImpl (RaftServerImpl.java:setRole(184)) - f2627371-a904-4314-a836-5eb8f54559ec@group-73E40DF2990B: changes role from  FOLLOWER to CANDIDATE at term 287 for changeToCandidate
2019-10-21 19:13:15,856 [Thread-1969] INFO  impl.RoleInfo (RoleInfo.java:updateAndGet(143)) - f2627371-a904-4314-a836-5eb8f54559ec: start LeaderElection
2019-10-21 19:13:15,870 [f2627371-a904-4314-a836-5eb8f54559ec@group-73E40DF2990B-LeaderElection259] INFO  impl.LeaderElection (LeaderElection.java:askForVotes(178)) - f2627371-a904-4314-a836-5eb8f54559ec@group-73E40DF2990B-LeaderElection259: begin an election at term 288 for -1: [e6a83585-83d0-4616-a3d5-866875ad8a29:192.168.34.32:46159, f2627371-a904-4314-a836-5eb8f54559ec:192.168.34.32:33224, 1b813ef4-47a4-4bfc-8eb5-c34ae440adb1:192.168.34.32:36113], old=null
2019-10-21 19:13:15,873 [grpc-default-executor-1] INFO  impl.RaftServerImpl (RaftServerImpl.java:setRole(184)) - e6a83585-83d0-4616-a3d5-866875ad8a29@group-73E40DF2990B: changes role from  FOLLOWER to FOLLOWER at term 288 for recognizeCandidate:f2627371-a904-4314-a836-5eb8f54559ec
2019-10-21 19:13:15,873 [grpc-default-executor-1] INFO  impl.RoleInfo (RoleInfo.java:shutdownFollowerState(121)) - e6a83585-83d0-4616-a3d5-866875ad8a29: shutdown FollowerState
2019-10-21 19:13:15,873 [grpc-default-executor-1] INFO  impl.RoleInfo (RoleInfo.java:updateAndGet(143)) - e6a83585-83d0-4616-a3d5-866875ad8a29: start FollowerState
2019-10-21 19:13:15,873 [Thread-1967] INFO  impl.FollowerState (FollowerState.java:run(117)) - e6a83585-83d0-4616-a3d5-866875ad8a29@group-73E40DF2990B-FollowerState was interrupted: java.lang.InterruptedException: sleep interrupted
2019-10-21 19:13:15,873 [grpc-default-executor-0] INFO  impl.RaftServerImpl (RaftServerImpl.java:setRole(184)) - 1b813ef4-47a4-4bfc-8eb5-c34ae440adb1@group-73E40DF2990B: changes role from  FOLLOWER to FOLLOWER at term 288 for recognizeCandidate:f2627371-a904-4314-a836-5eb8f54559ec
2019-10-21 19:13:15,874 [grpc-default-executor-0] INFO  impl.RoleInfo (RoleInfo.java:shutdownFollowerState(121)) - 1b813ef4-47a4-4bfc-8eb5-c34ae440adb1: shutdown FollowerState
2019-10-21 19:13:15,874 [grpc-default-executor-0] INFO  impl.RoleInfo (RoleInfo.java:updateAndGet(143)) - 1b813ef4-47a4-4bfc-8eb5-c34ae440adb1: start FollowerState
2019-10-21 19:13:15,874 [Thread-1968] INFO  impl.FollowerState (FollowerState.java:run(117)) - 1b813ef4-47a4-4bfc-8eb5-c34ae440adb1@group-73E40DF2990B-FollowerState was interrupted: java.lang.InterruptedException: sleep interrupted
2019-10-21 19:13:15,888 [f2627371-a904-4314-a836-5eb8f54559ec@group-73E40DF2990B-LeaderElection259] INFO  impl.LeaderElection (LeaderElection.java:logAndReturn(56)) - f2627371-a904-4314-a836-5eb8f54559ec@group-73E40DF2990B-LeaderElection259: Election REJECTED; received 2 response(s) [f2627371-a904-4314-a836-5eb8f54559ec<-e6a83585-83d0-4616-a3d5-866875ad8a29#0:FAIL-t288, f2627371-a904-4314-a836-5eb8f54559ec<-1b813ef4-47a4-4bfc-8eb5-c34ae440adb1#0:FAIL-t288] and 0 exception(s); f2627371-a904-4314-a836-5eb8f54559ec@group-73E40DF2990B:t288, leader=null, voted=f2627371-a904-4314-a836-5eb8f54559ec, raftlog=f2627371-a904-4314-a836-5eb8f54559ec@group-73E40DF2990B-SegmentedRaftLog:OPENED:c-1,f-1,i0, conf=-1: [e6a83585-83d0-4616-a3d5-866875ad8a29:192.168.34.32:46159, f2627371-a904-4314-a836-5eb8f54559ec:192.168.34.32:33224, 1b813ef4-47a4-4bfc-8eb5-c34ae440adb1:192.168.34.32:36113], old=null
2019-10-21 19:13:15,889 [f2627371-a904-4314-a836-5eb8f54559ec@group-73E40DF2990B-LeaderElection259] INFO  impl.RaftServerImpl (RaftServerImpl.java:setRole(184)) - f2627371-a904-4314-a836-5eb8f54559ec@group-73E40DF2990B: changes role from CANDIDATE to FOLLOWER at term 288 for DISCOVERED_A_NEW_TERM
2019-10-21 19:13:15,889 [f2627371-a904-4314-a836-5eb8f54559ec@group-73E40DF2990B-LeaderElection259] INFO  impl.RoleInfo (RoleInfo.java:shutdownLeaderElection(134)) - f2627371-a904-4314-a836-5eb8f54559ec: shutdown LeaderElection
2019-10-21 19:13:15,889 [f2627371-a904-4314-a836-5eb8f54559ec@group-73E40DF2990B-LeaderElection259] INFO  impl.RoleInfo (RoleInfo.java:updateAndGet(143)) - f2627371-a904-4314-a836-5eb8f54559ec: start FollowerState
2019-10-21 19:13:15,966 [Thread-1975] INFO  impl.FollowerState (FollowerState.java:run(108)) - f2627371-a904-4314-a836-5eb8f54559ec@group-73E40DF2990B-FollowerState: change to CANDIDATE, lastRpcTime:77ms, electionTimeout:77ms
2019-10-21 19:13:15,966 [Thread-1975] INFO  impl.RoleInfo (RoleInfo.java:shutdownFollowerState(121)) - f2627371-a904-4314-a836-5eb8f54559ec: shutdown FollowerState
2019-10-21 19:13:15,967 [Thread-1975] INFO  impl.RaftServerImpl (RaftServerImpl.java:setRole(184)) - f2627371-a904-4314-a836-5eb8f54559ec@group-73E40DF2990B: changes role from  FOLLOWER to CANDIDATE at term 288 for changeToCandidate
2019-10-21 19:13:15,967 [Thread-1975] INFO  impl.RoleInfo (RoleInfo.java:updateAndGet(143)) - f2627371-a904-4314-a836-5eb8f54559ec: start LeaderElection
2019-10-21 19:13:15,981 [f2627371-a904-4314-a836-5eb8f54559ec@group-73E40DF2990B-LeaderElection260] INFO  impl.LeaderElection (LeaderElection.java:askForVotes(178)) - f2627371-a904-4314-a836-5eb8f54559ec@group-73E40DF2990B-LeaderElection260: begin an election at term 289 for -1: [e6a83585-83d0-4616-a3d5-866875ad8a29:192.168.34.32:46159, f2627371-a904-4314-a836-5eb8f54559ec:192.168.34.32:33224, 1b813ef4-47a4-4bfc-8eb5-c34ae440adb1:192.168.34.32:36113], old=null
2019-10-21 19:13:15,983 [grpc-default-executor-0] INFO  impl.RaftServerImpl (RaftServerImpl.java:setRole(184)) - 1b813ef4-47a4-4bfc-8eb5-c34ae440adb1@group-73E40DF2990B: changes role from  FOLLOWER to FOLLOWER at term 289 for recognizeCandidate:f2627371-a904-4314-a836-5eb8f54559ec
2019-10-21 19:13:15,983 [grpc-default-executor-1] INFO  impl.RaftServerImpl (RaftServerImpl.java:setRole(184)) - e6a83585-83d0-4616-a3d5-866875ad8a29@group-73E40DF2990B: changes role from  FOLLOWER to FOLLOWER at term 289 for recognizeCandidate:f2627371-a904-4314-a836-5eb8f54559ec
2019-10-21 19:13:15,983 [grpc-default-executor-0] INFO  impl.RoleInfo (RoleInfo.java:shutdownFollowerState(121)) - 1b813ef4-47a4-4bfc-8eb5-c34ae440adb1: shutdown FollowerState
2019-10-21 19:13:15,983 [grpc-default-executor-1] INFO  impl.RoleInfo (RoleInfo.java:shutdownFollowerState(121)) - e6a83585-83d0-4616-a3d5-866875ad8a29: shutdown FollowerState
2019-10-21 19:13:15,984 [Thread-1974] INFO  impl.FollowerState (FollowerState.java:run(117)) - 1b813ef4-47a4-4bfc-8eb5-c34ae440adb1@group-73E40DF2990B-FollowerState was interrupted: java.lang.InterruptedException: sleep interrupted
2019-10-21 19:13:15,984 [Thread-1973] INFO  impl.FollowerState (FollowerState.java:run(117)) - e6a83585-83d0-4616-a3d5-866875ad8a29@group-73E40DF2990B-FollowerState was interrupted: java.lang.InterruptedException: sleep interrupted
2019-10-21 19:13:15,984 [grpc-default-executor-0] INFO  impl.RoleInfo (RoleInfo.java:updateAndGet(143)) - 1b813ef4-47a4-4bfc-8eb5-c34ae440adb1: start FollowerState
2019-10-21 19:13:15,984 [grpc-default-executor-1] INFO  impl.RoleInfo (RoleInfo.java:updateAndGet(143)) - e6a83585-83d0-4616-a3d5-866875ad8a29: start FollowerState
2019-10-21 19:13:15,999 [f2627371-a904-4314-a836-5eb8f54559ec@group-73E40DF2990B-LeaderElection260] INFO  impl.LeaderElection (LeaderElection.java:logAndReturn(56)) - f2627371-a904-4314-a836-5eb8f54559ec@group-73E40DF2990B-LeaderElection260: Election REJECTED; received 2 response(s) [f2627371-a904-4314-a836-5eb8f54559ec<-e6a83585-83d0-4616-a3d5-866875ad8a29#0:FAIL-t289, f2627371-a904-4314-a836-5eb8f54559ec<-1b813ef4-47a4-4bfc-8eb5-c34ae440adb1#0:FAIL-t289] and 0 exception(s); f2627371-a904-4314-a836-5eb8f54559ec@group-73E40DF2990B:t289, leader=null, voted=f2627371-a904-4314-a836-5eb8f54559ec, raftlog=f2627371-a904-4314-a836-5eb8f54559ec@group-73E40DF2990B-SegmentedRaftLog:OPENED:c-1,f-1,i0, conf=-1: [e6a83585-83d0-4616-a3d5-866875ad8a29:192.168.34.32:46159, f2627371-a904-4314-a836-5eb8f54559ec:192.168.34.32:33224, 1b813ef4-47a4-4bfc-8eb5-c34ae440adb1:192.168.34.32:36113], old=null
2019-10-21 19:13:15,999 [f2627371-a904-4314-a836-5eb8f54559ec@group-73E40DF2990B-LeaderElection260] INFO  impl.RaftServerImpl (RaftServerImpl.java:setRole(184)) - f2627371-a904-4314-a836-5eb8f54559ec@group-73E40DF2990B: changes role from CANDIDATE to FOLLOWER at term 289 for DISCOVERED_A_NEW_TERM
2019-10-21 19:13:15,999 [f2627371-a904-4314-a836-5eb8f54559ec@group-73E40DF2990B-LeaderElection260] INFO  impl.RoleInfo (RoleInfo.java:shutdownLeaderElection(134)) - f2627371-a904-4314-a836-5eb8f54559ec: shutdown LeaderElection
2019-10-21 19:13:15,999 [f2627371-a904-4314-a836-5eb8f54559ec@group-73E40DF2990B-LeaderElection260] INFO  impl.RoleInfo (RoleInfo.java:updateAndGet(143)) - f2627371-a904-4314-a836-5eb8f54559ec: start FollowerState
2019-10-21 19:13:16,021 [Thread-1981] INFO  impl.FollowerState (FollowerState.java:run(108)) - f2627371-a904-4314-a836-5eb8f54559ec@group-73E40DF2990B-FollowerState: change to CANDIDATE, lastRpcTime:21ms, electionTimeout:21ms
2019-10-21 19:13:16,021 [Thread-1981] INFO  impl.RoleInfo (RoleInfo.java:shutdownFollowerState(121)) - f2627371-a904-4314-a836-5eb8f54559ec: shutdown FollowerState
2019-10-21 19:13:16,021 [Thread-1981] INFO  impl.RaftServerImpl (RaftServerImpl.java:setRole(184)) - f2627371-a904-4314-a836-5eb8f54559ec@group-73E40DF2990B: changes role from  FOLLOWER to CANDIDATE at term 289 for changeToCandidate
2019-10-21 19:13:16,021 [Thread-1981] INFO  impl.RoleInfo (RoleInfo.java:updateAndGet(143)) - f2627371-a904-4314-a836-5eb8f54559ec: start LeaderElection
2019-10-21 19:13:16,036 [f2627371-a904-4314-a836-5eb8f54559ec@group-73E40DF2990B-LeaderElection261] INFO  impl.LeaderElection (LeaderElection.java:askForVotes(178)) - f2627371-a904-4314-a836-5eb8f54559ec@group-73E40DF2990B-LeaderElection261: begin an election at term 290 for -1: [e6a83585-83d0-4616-a3d5-866875ad8a29:192.168.34.32:46159, f2627371-a904-4314-a836-5eb8f54559ec:192.168.34.32:33224, 1b813ef4-47a4-4bfc-8eb5-c34ae440adb1:192.168.34.32:36113], old=null
2019-10-21 19:13:16,038 [grpc-default-executor-0] INFO  impl.RaftServerImpl (RaftServerImpl.java:setRole(184)) - e6a83585-83d0-4616-a3d5-866875ad8a29@group-73E40DF2990B: changes role from  FOLLOWER to FOLLOWER at term 290 for recognizeCandidate:f2627371-a904-4314-a836-5eb8f54559ec
2019-10-21 19:13:16,039 [grpc-default-executor-0] INFO  impl.RoleInfo (RoleInfo.java:shutdownFollowerState(121)) - e6a83585-83d0-4616-a3d5-866875ad8a29: shutdown FollowerState
2019-10-21 19:13:16,039 [grpc-default-executor-0] INFO  impl.RoleInfo (RoleInfo.java:updateAndGet(143)) - e6a83585-83d0-4616-a3d5-866875ad8a29: start FollowerState
2019-10-21 19:13:16,039 [grpc-default-executor-1] INFO  impl.RaftServerImpl (RaftServerImpl.java:setRole(184)) - 1b813ef4-47a4-4bfc-8eb5-c34ae440adb1@group-73E40DF2990B: changes role from  FOLLOWER to FOLLOWER at term 290 for recognizeCandidate:f2627371-a904-4314-a836-5eb8f54559ec
2019-10-21 19:13:16,039 [grpc-default-executor-1] INFO  impl.RoleInfo (RoleInfo.java:shutdownFollowerState(121)) - 1b813ef4-47a4-4bfc-8eb5-c34ae440adb1: shutdown FollowerState
2019-10-21 19:13:16,039 [Thread-1980] INFO  impl.FollowerState (FollowerState.java:run(117)) - e6a83585-83d0-4616-a3d5-866875ad8a29@group-73E40DF2990B-FollowerState was interrupted: java.lang.InterruptedException: sleep interrupted
2019-10-21 19:13:16,039 [Thread-1979] INFO  impl.FollowerState (FollowerState.java:run(117)) - 1b813ef4-47a4-4bfc-8eb5-c34ae440adb1@group-73E40DF2990B-FollowerState was interrupted: java.lang.InterruptedException: sleep interrupted
2019-10-21 19:13:16,039 [grpc-default-executor-1] INFO  impl.RoleInfo (RoleInfo.java:updateAndGet(143)) - 1b813ef4-47a4-4bfc-8eb5-c34ae440adb1: start FollowerState
2019-10-21 19:13:16,054 [f2627371-a904-4314-a836-5eb8f54559ec@group-73E40DF2990B-LeaderElection261] INFO  impl.LeaderElection (LeaderElection.java:logAndReturn(56)) - f2627371-a904-4314-a836-5eb8f54559ec@group-73E40DF2990B-LeaderElection261: Election REJECTED; received 2 response(s) [f2627371-a904-4314-a836-5eb8f54559ec<-e6a83585-83d0-4616-a3d5-866875ad8a29#0:FAIL-t290, f2627371-a904-4314-a836-5eb8f54559ec<-1b813ef4-47a4-4bfc-8eb5-c34ae440adb1#0:FAIL-t290] and 0 exception(s); f2627371-a904-4314-a836-5eb8f54559ec@group-73E40DF2990B:t290, leader=null, voted=f2627371-a904-4314-a836-5eb8f54559ec, raftlog=f2627371-a904-4314-a836-5eb8f54559ec@group-73E40DF2990B-SegmentedRaftLog:OPENED:c-1,f-1,i0, conf=-1: [e6a83585-83d0-4616-a3d5-866875ad8a29:192.168.34.32:46159, f2627371-a904-4314-a836-5eb8f54559ec:192.168.34.32:33224, 1b813ef4-47a4-4bfc-8eb5-c34ae440adb1:192.168.34.32:36113], old=null
2019-10-21 19:13:16,054 [f2627371-a904-4314-a836-5eb8f54559ec@group-73E40DF2990B-LeaderElection261] INFO  impl.RaftServerImpl (RaftServerImpl.java:setRole(184)) - f2627371-a904-4314-a836-5eb8f54559ec@group-73E40DF2990B: changes role from CANDIDATE to FOLLOWER at term 290 for DISCOVERED_A_NEW_TERM
2019-10-21 19:13:16,054 [f2627371-a904-4314-a836-5eb8f54559ec@group-73E40DF2990B-LeaderElection261] INFO  impl.RoleInfo (RoleInfo.java:shutdownLeaderElection(134)) - f2627371-a904-4314-a836-5eb8f54559ec: shutdown LeaderElection
2019-10-21 19:13:16,054 [f2627371-a904-4314-a836-5eb8f54559ec@group-73E40DF2990B-LeaderElection261] INFO  impl.RoleInfo (RoleInfo.java:updateAndGet(143)) - f2627371-a904-4314-a836-5eb8f54559ec: start FollowerState
2019-10-21 19:13:16,161 [Thread-1987] INFO  impl.FollowerState (FollowerState.java:run(108)) - f2627371-a904-4314-a836-5eb8f54559ec@group-73E40DF2990B-FollowerState: change to CANDIDATE, lastRpcTime:107ms, electionTimeout:107ms
2019-10-21 19:13:16,161 [Thread-1987] INFO  impl.RoleInfo (RoleInfo.java:shutdownFollowerState(121)) - f2627371-a904-4314-a836-5eb8f54559ec: shutdown FollowerState
2019-10-21 19:13:16,162 [Thread-1987] INFO  impl.RaftServerImpl (RaftServerImpl.java:setRole(184)) - f2627371-a904-4314-a836-5eb8f54559ec@group-73E40DF2990B: changes role from  FOLLOWER to CANDIDATE at term 290 for changeToCandidate
2019-10-21 19:13:16,162 [Thread-1987] INFO  impl.RoleInfo (RoleInfo.java:updateAndGet(143)) - f2627371-a904-4314-a836-5eb8f54559ec: start LeaderElection
2019-10-21 19:13:16,179 [f2627371-a904-4314-a836-5eb8f54559ec@group-73E40DF2990B-LeaderElection262] INFO  impl.LeaderElection (LeaderElection.java:askForVotes(178)) - f2627371-a904-4314-a836-5eb8f54559ec@group-73E40DF2990B-LeaderElection262: begin an election at term 291 for -1: [e6a83585-83d0-4616-a3d5-866875ad8a29:192.168.34.32:46159, f2627371-a904-4314-a836-5eb8f54559ec:192.168.34.32:33224, 1b813ef4-47a4-4bfc-8eb5-c34ae440adb1:192.168.34.32:36113], old=null
2019-10-21 19:13:16,181 [grpc-default-executor-0] INFO  impl.RaftServerImpl (RaftServerImpl.java:setRole(184)) - e6a83585-83d0-4616-a3d5-866875ad8a29@group-73E40DF2990B: changes role from  FOLLOWER to FOLLOWER at term 291 for recognizeCandidate:f2627371-a904-4314-a836-5eb8f54559ec
2019-10-21 19:13:16,181 [grpc-default-executor-1] INFO  impl.RaftServerImpl (RaftServerImpl.java:setRole(184)) - 1b813ef4-47a4-4bfc-8eb5-c34ae440adb1@group-73E40DF2990B: changes role from  FOLLOWER to FOLLOWER at term 291 for recognizeCandidate:f2627371-a904-4314-a836-5eb8f54559ec
2019-10-21 19:13:16,182 [grpc-default-executor-0] INFO  impl.RoleInfo (RoleInfo.java:shutdownFollowerState(121)) - e6a83585-83d0-4616-a3d5-866875ad8a29: shutdown FollowerState
2019-10-21 19:13:16,182 [grpc-default-executor-1] INFO  impl.RoleInfo (RoleInfo.java:shutdownFollowerState(121)) - 1b813ef4-47a4-4bfc-8eb5-c34ae440adb1: shutdown FollowerState
2019-10-21 19:13:16,182 [Thread-1985] INFO  impl.FollowerState (FollowerState.java:run(117)) - e6a83585-83d0-4616-a3d5-866875ad8a29@group-73E40DF2990B-FollowerState was interrupted: java.lang.InterruptedException: sleep interrupted
2019-10-21 19:13:16,182 [grpc-default-executor-0] INFO  impl.RoleInfo (RoleInfo.java:updateAndGet(143)) - e6a83585-83d0-4616-a3d5-866875ad8a29: start FollowerState
2019-10-21 19:13:16,182 [grpc-default-executor-1] INFO  impl.RoleInfo (RoleInfo.java:updateAndGet(143)) - 1b813ef4-47a4-4bfc-8eb5-c34ae440adb1: start FollowerState
2019-10-21 19:13:16,182 [Thread-1986] INFO  impl.FollowerState (FollowerState.java:run(117)) - 1b813ef4-47a4-4bfc-8eb5-c34ae440adb1@group-73E40DF2990B-FollowerState was interrupted: java.lang.InterruptedException: sleep interrupted
2019-10-21 19:13:16,197 [f2627371-a904-4314-a836-5eb8f54559ec@group-73E40DF2990B-LeaderElection262] INFO  impl.LeaderElection (LeaderElection.java:logAndReturn(56)) - f2627371-a904-4314-a836-5eb8f54559ec@group-73E40DF2990B-LeaderElection262: Election REJECTED; received 2 response(s) [f2627371-a904-4314-a836-5eb8f54559ec<-e6a83585-83d0-4616-a3d5-866875ad8a29#0:FAIL-t291, f2627371-a904-4314-a836-5eb8f54559ec<-1b813ef4-47a4-4bfc-8eb5-c34ae440adb1#0:FAIL-t291] and 0 exception(s); f2627371-a904-4314-a836-5eb8f54559ec@group-73E40DF2990B:t291, leader=null, voted=f2627371-a904-4314-a836-5eb8f54559ec, raftlog=f2627371-a904-4314-a836-5eb8f54559ec@group-73E40DF2990B-SegmentedRaftLog:OPENED:c-1,f-1,i0, conf=-1: [e6a83585-83d0-4616-a3d5-866875ad8a29:192.168.34.32:46159, f2627371-a904-4314-a836-5eb8f54559ec:192.168.34.32:33224, 1b813ef4-47a4-4bfc-8eb5-c34ae440adb1:192.168.34.32:36113], old=null
2019-10-21 19:13:16,197 [f2627371-a904-4314-a836-5eb8f54559ec@group-73E40DF2990B-LeaderElection262] INFO  impl.RaftServerImpl (RaftServerImpl.java:setRole(184)) - f2627371-a904-4314-a836-5eb8f54559ec@group-73E40DF2990B: changes role from CANDIDATE to FOLLOWER at term 291 for DISCOVERED_A_NEW_TERM
2019-10-21 19:13:16,197 [f2627371-a904-4314-a836-5eb8f54559ec@group-73E40DF2990B-LeaderElection262] INFO  impl.RoleInfo (RoleInfo.java:shutdownLeaderElection(134)) - f2627371-a904-4314-a836-5eb8f54559ec: shutdown LeaderElection
2019-10-21 19:13:16,198 [f2627371-a904-4314-a836-5eb8f54559ec@group-73E40DF2990B-LeaderElection262] INFO  impl.RoleInfo (RoleInfo.java:updateAndGet(143)) - f2627371-a904-4314-a836-5eb8f54559ec: start FollowerState
2019-10-21 19:13:16,211 [Thread-1993] INFO  impl.FollowerState (FollowerState.java:run(108)) - f2627371-a904-4314-a836-5eb8f54559ec@group-73E40DF2990B-FollowerState: change to CANDIDATE, lastRpcTime:13ms, electionTimeout:13ms
2019-10-21 19:13:16,211 [Thread-1993] INFO  impl.RoleInfo (RoleInfo.java:shutdownFollowerState(121)) - f2627371-a904-4314-a836-5eb8f54559ec: shutdown FollowerState
2019-10-21 19:13:16,211 [Thread-1993] INFO  impl.RaftServerImpl (RaftServerImpl.java:setRole(184)) - f2627371-a904-4314-a836-5eb8f54559ec@group-73E40DF2990B: changes role from  FOLLOWER to CANDIDATE at term 291 for changeToCandidate
2019-10-21 19:13:16,211 [Thread-1993] INFO  impl.RoleInfo (RoleInfo.java:updateAndGet(143)) - f2627371-a904-4314-a836-5eb8f54559ec: start LeaderElection
2019-10-21 19:13:16,225 [f2627371-a904-4314-a836-5eb8f54559ec@group-73E40DF2990B-LeaderElection263] INFO  impl.LeaderElection (LeaderElection.java:askForVotes(178)) - f2627371-a904-4314-a836-5eb8f54559ec@group-73E40DF2990B-LeaderElection263: begin an election at term 292 for -1: [e6a83585-83d0-4616-a3d5-866875ad8a29:192.168.34.32:46159, f2627371-a904-4314-a836-5eb8f54559ec:192.168.34.32:33224, 1b813ef4-47a4-4bfc-8eb5-c34ae440adb1:192.168.34.32:36113], old=null
2019-10-21 19:13:16,227 [grpc-default-executor-1] INFO  impl.RaftServerImpl (RaftServerImpl.java:setRole(184)) - e6a83585-83d0-4616-a3d5-866875ad8a29@group-73E40DF2990B: changes role from  FOLLOWER to FOLLOWER at term 292 for recognizeCandidate:f2627371-a904-4314-a836-5eb8f54559ec
2019-10-21 19:13:16,227 [grpc-default-executor-1] INFO  impl.RoleInfo (RoleInfo.java:shutdownFollowerState(121)) - e6a83585-83d0-4616-a3d5-866875ad8a29: shutdown FollowerState
2019-10-21 19:13:16,227 [grpc-default-executor-1] INFO  impl.RoleInfo (RoleInfo.java:updateAndGet(143)) - e6a83585-83d0-4616-a3d5-866875ad8a29: start FollowerState
2019-10-21 19:13:16,227 [grpc-default-executor-0] INFO  impl.RaftServerImpl (RaftServerImpl.java:setRole(184)) - 1b813ef4-47a4-4bfc-8eb5-c34ae440adb1@group-73E40DF2990B: changes role from  FOLLOWER to FOLLOWER at term 292 for recognizeCandidate:f2627371-a904-4314-a836-5eb8f54559ec
2019-10-21 19:13:16,227 [Thread-1991] INFO  impl.FollowerState (FollowerState.java:run(117)) - e6a83585-83d0-4616-a3d5-866875ad8a29@group-73E40DF2990B-FollowerState was interrupted: java.lang.InterruptedException: sleep interrupted
2019-10-21 19:13:16,227 [grpc-default-executor-0] INFO  impl.RoleInfo (RoleInfo.java:shutdownFollowerState(121)) - 1b813ef4-47a4-4bfc-8eb5-c34ae440adb1: shutdown FollowerState
2019-10-21 19:13:16,228 [Thread-1992] INFO  impl.FollowerState (FollowerState.java:run(117)) - 1b813ef4-47a4-4bfc-8eb5-c34ae440adb1@group-73E40DF2990B-FollowerState was interrupted: java.lang.InterruptedException: sleep interrupted
2019-10-21 19:13:16,228 [grpc-default-executor-0] INFO  impl.RoleInfo (RoleInfo.java:updateAndGet(143)) - 1b813ef4-47a4-4bfc-8eb5-c34ae440adb1: start FollowerState
2019-10-21 19:13:16,242 [f2627371-a904-4314-a836-5eb8f54559ec@group-73E40DF2990B-LeaderElection263] INFO  impl.LeaderElection (LeaderElection.java:logAndReturn(56)) - f2627371-a904-4314-a836-5eb8f54559ec@group-73E40DF2990B-LeaderElection263: Election REJECTED; received 2 response(s) [f2627371-a904-4314-a836-5eb8f54559ec<-e6a83585-83d0-4616-a3d5-866875ad8a29#0:FAIL-t292, f2627371-a904-4314-a836-5eb8f54559ec<-1b813ef4-47a4-4bfc-8eb5-c34ae440adb1#0:FAIL-t292] and 0 exception(s); f2627371-a904-4314-a836-5eb8f54559ec@group-73E40DF2990B:t292, leader=null, voted=f2627371-a904-4314-a836-5eb8f54559ec, raftlog=f2627371-a904-4314-a836-5eb8f54559ec@group-73E40DF2990B-SegmentedRaftLog:OPENED:c-1,f-1,i0, conf=-1: [e6a83585-83d0-4616-a3d5-866875ad8a29:192.168.34.32:46159, f2627371-a904-4314-a836-5eb8f54559ec:192.168.34.32:33224, 1b813ef4-47a4-4bfc-8eb5-c34ae440adb1:192.168.34.32:36113], old=null
2019-10-21 19:13:16,242 [f2627371-a904-4314-a836-5eb8f54559ec@group-73E40DF2990B-LeaderElection263] INFO  impl.RaftServerImpl (RaftServerImpl.java:setRole(184)) - f2627371-a904-4314-a836-5eb8f54559ec@group-73E40DF2990B: changes role from CANDIDATE to FOLLOWER at term 292 for DISCOVERED_A_NEW_TERM
2019-10-21 19:13:16,242 [f2627371-a904-4314-a836-5eb8f54559ec@group-73E40DF2990B-LeaderElection263] INFO  impl.RoleInfo (RoleInfo.java:shutdownLeaderElection(134)) - f2627371-a904-4314-a836-5eb8f54559ec: shutdown LeaderElection
2019-10-21 19:13:16,242 [f2627371-a904-4314-a836-5eb8f54559ec@group-73E40DF2990B-LeaderElection263] INFO  impl.RoleInfo (RoleInfo.java:updateAndGet(143)) - f2627371-a904-4314-a836-5eb8f54559ec: start FollowerState
2019-10-21 19:13:16,353 [Thread-1999] INFO  impl.FollowerState (FollowerState.java:run(108)) - f2627371-a904-4314-a836-5eb8f54559ec@group-73E40DF2990B-FollowerState: change to CANDIDATE, lastRpcTime:111ms, electionTimeout:111ms
2019-10-21 19:13:16,353 [Thread-1999] INFO  impl.RoleInfo (RoleInfo.java:shutdownFollowerState(121)) - f2627371-a904-4314-a836-5eb8f54559ec: shutdown FollowerState
2019-10-21 19:13:16,353 [Thread-1999] INFO  impl.RaftServerImpl (RaftServerImpl.java:setRole(184)) - f2627371-a904-4314-a836-5eb8f54559ec@group-73E40DF2990B: changes role from  FOLLOWER to CANDIDATE at term 292 for changeToCandidate
2019-10-21 19:13:16,354 [Thread-1999] INFO  impl.RoleInfo (RoleInfo.java:updateAndGet(143)) - f2627371-a904-4314-a836-5eb8f54559ec: start LeaderElection
2019-10-21 19:13:16,370 [f2627371-a904-4314-a836-5eb8f54559ec@group-73E40DF2990B-LeaderElection264] INFO  impl.LeaderElection (LeaderElection.java:askForVotes(178)) - f2627371-a904-4314-a836-5eb8f54559ec@group-73E40DF2990B-LeaderElection264: begin an election at term 293 for -1: [e6a83585-83d0-4616-a3d5-866875ad8a29:192.168.34.32:46159, f2627371-a904-4314-a836-5eb8f54559ec:192.168.34.32:33224, 1b813ef4-47a4-4bfc-8eb5-c34ae440adb1:192.168.34.32:36113], old=null
2019-10-21 19:13:16,372 [grpc-default-executor-1] INFO  impl.RaftServerImpl (RaftServerImpl.java:setRole(184)) - 1b813ef4-47a4-4bfc-8eb5-c34ae440adb1@group-73E40DF2990B: changes role from  FOLLOWER to FOLLOWER at term 293 for recognizeCandidate:f2627371-a904-4314-a836-5eb8f54559ec
2019-10-21 19:13:16,372 [grpc-default-executor-0] INFO  impl.RaftServerImpl (RaftServerImpl.java:setRole(184)) - e6a83585-83d0-4616-a3d5-866875ad8a29@group-73E40DF2990B: changes role from  FOLLOWER to FOLLOWER at term 293 for recognizeCandidate:f2627371-a904-4314-a836-5eb8f54559ec
2019-10-21 19:13:16,372 [grpc-default-executor-1] INFO  impl.RoleInfo (RoleInfo.java:shutdownFollowerState(121)) - 1b813ef4-47a4-4bfc-8eb5-c34ae440adb1: shutdown FollowerState
2019-10-21 19:13:16,372 [grpc-default-executor-0] INFO  impl.RoleInfo (RoleInfo.java:shutdownFollowerState(121)) - e6a83585-83d0-4616-a3d5-866875ad8a29: shutdown FollowerState
2019-10-21 19:13:16,373 [Thread-1998] INFO  impl.FollowerState (FollowerState.java:run(117)) - 1b813ef4-47a4-4bfc-8eb5-c34ae440adb1@group-73E40DF2990B-FollowerState was interrupted: java.lang.InterruptedException: sleep interrupted
2019-10-21 19:13:16,373 [grpc-default-executor-1] INFO  impl.RoleInfo (RoleInfo.java:updateAndGet(143)) - 1b813ef4-47a4-4bfc-8eb5-c34ae440adb1: start FollowerState
2019-10-21 19:13:16,373 [Thread-1997] INFO  impl.FollowerState (FollowerState.java:run(117)) - e6a83585-83d0-4616-a3d5-866875ad8a29@group-73E40DF2990B-FollowerState was interrupted: java.lang.InterruptedException: sleep interrupted
2019-10-21 19:13:16,373 [grpc-default-executor-0] INFO  impl.RoleInfo (RoleInfo.java:updateAndGet(143)) - e6a83585-83d0-4616-a3d5-866875ad8a29: start FollowerState
2019-10-21 19:13:16,384 [f2627371-a904-4314-a836-5eb8f54559ec@group-73E40DF2990B-LeaderElection264] INFO  impl.LeaderElection (LeaderElection.java:logAndReturn(56)) - f2627371-a904-4314-a836-5eb8f54559ec@group-73E40DF2990B-LeaderElection264: Election TIMEOUT; received 0 response(s) [] and 0 exception(s); f2627371-a904-4314-a836-5eb8f54559ec@group-73E40DF2990B:t293, leader=null, voted=f2627371-a904-4314-a836-5eb8f54559ec, raftlog=f2627371-a904-4314-a836-5eb8f54559ec@group-73E40DF2990B-SegmentedRaftLog:OPENED:c-1,f-1,i0, conf=-1: [e6a83585-83d0-4616-a3d5-866875ad8a29:192.168.34.32:46159, f2627371-a904-4314-a836-5eb8f54559ec:192.168.34.32:33224, 1b813ef4-47a4-4bfc-8eb5-c34ae440adb1:192.168.34.32:36113], old=null
2019-10-21 19:13:16,389 [f2627371-a904-4314-a836-5eb8f54559ec@group-73E40DF2990B-LeaderElection264] INFO  impl.LeaderElection (LeaderElection.java:askForVotes(178)) - f2627371-a904-4314-a836-5eb8f54559ec@group-73E40DF2990B-LeaderElection264: begin an election at term 294 for -1: [e6a83585-83d0-4616-a3d5-866875ad8a29:192.168.34.32:46159, f2627371-a904-4314-a836-5eb8f54559ec:192.168.34.32:33224, 1b813ef4-47a4-4bfc-8eb5-c34ae440adb1:192.168.34.32:36113], old=null
2019-10-21 19:13:16,391 [grpc-default-executor-0] INFO  impl.RaftServerImpl (RaftServerImpl.java:setRole(184)) - e6a83585-83d0-4616-a3d5-866875ad8a29@group-73E40DF2990B: changes role from  FOLLOWER to FOLLOWER at term 294 for recognizeCandidate:f2627371-a904-4314-a836-5eb8f54559ec
2019-10-21 19:13:16,391 [grpc-default-executor-0] INFO  impl.RoleInfo (RoleInfo.java:shutdownFollowerState(121)) - e6a83585-83d0-4616-a3d5-866875ad8a29: shutdown FollowerState
2019-10-21 19:13:16,391 [grpc-default-executor-0] INFO  impl.RoleInfo (RoleInfo.java:updateAndGet(143)) - e6a83585-83d0-4616-a3d5-866875ad8a29: start FollowerState
2019-10-21 19:13:16,391 [grpc-default-executor-1] INFO  impl.RaftServerImpl (RaftServerImpl.java:setRole(184)) - 1b813ef4-47a4-4bfc-8eb5-c34ae440adb1@group-73E40DF2990B: changes role from  FOLLOWER to FOLLOWER at term 294 for recognizeCandidate:f2627371-a904-4314-a836-5eb8f54559ec
2019-10-21 19:13:16,391 [Thread-2004] INFO  impl.FollowerState (FollowerState.java:run(117)) - e6a83585-83d0-4616-a3d5-866875ad8a29@group-73E40DF2990B-FollowerState was interrupted: java.lang.InterruptedException: sleep interrupted
2019-10-21 19:13:16,391 [grpc-default-executor-1] INFO  impl.RoleInfo (RoleInfo.java:shutdownFollowerState(121)) - 1b813ef4-47a4-4bfc-8eb5-c34ae440adb1: shutdown FollowerState
2019-10-21 19:13:16,392 [grpc-default-executor-1] INFO  impl.RoleInfo (RoleInfo.java:updateAndGet(143)) - 1b813ef4-47a4-4bfc-8eb5-c34ae440adb1: start FollowerState
2019-10-21 19:13:16,392 [Thread-2003] INFO  impl.FollowerState (FollowerState.java:run(117)) - 1b813ef4-47a4-4bfc-8eb5-c34ae440adb1@group-73E40DF2990B-FollowerState was interrupted: java.lang.InterruptedException: sleep interrupted
2019-10-21 19:13:16,405 [f2627371-a904-4314-a836-5eb8f54559ec@group-73E40DF2990B-LeaderElection264] INFO  impl.LeaderElection (LeaderElection.java:logAndReturn(56)) - f2627371-a904-4314-a836-5eb8f54559ec@group-73E40DF2990B-LeaderElection264: Election REJECTED; received 2 response(s) [f2627371-a904-4314-a836-5eb8f54559ec<-e6a83585-83d0-4616-a3d5-866875ad8a29#0:FAIL-t294, f2627371-a904-4314-a836-5eb8f54559ec<-1b813ef4-47a4-4bfc-8eb5-c34ae440adb1#0:FAIL-t294] and 0 exception(s); f2627371-a904-4314-a836-5eb8f54559ec@group-73E40DF2990B:t294, leader=null, voted=f2627371-a904-4314-a836-5eb8f54559ec, raftlog=f2627371-a904-4314-a836-5eb8f54559ec@group-73E40DF2990B-SegmentedRaftLog:OPENED:c-1,f-1,i0, conf=-1: [e6a83585-83d0-4616-a3d5-866875ad8a29:192.168.34.32:46159, f2627371-a904-4314-a836-5eb8f54559ec:192.168.34.32:33224, 1b813ef4-47a4-4bfc-8eb5-c34ae440adb1:192.168.34.32:36113], old=null
2019-10-21 19:13:16,405 [f2627371-a904-4314-a836-5eb8f54559ec@group-73E40DF2990B-LeaderElection264] INFO  impl.RaftServerImpl (RaftServerImpl.java:setRole(184)) - f2627371-a904-4314-a836-5eb8f54559ec@group-73E40DF2990B: changes role from CANDIDATE to FOLLOWER at term 294 for DISCOVERED_A_NEW_TERM
2019-10-21 19:13:16,406 [f2627371-a904-4314-a836-5eb8f54559ec@group-73E40DF2990B-LeaderElection264] INFO  impl.RoleInfo (RoleInfo.java:shutdownLeaderElection(134)) - f2627371-a904-4314-a836-5eb8f54559ec: shutdown LeaderElection
2019-10-21 19:13:16,406 [f2627371-a904-4314-a836-5eb8f54559ec@group-73E40DF2990B-LeaderElection264] INFO  impl.RoleInfo (RoleInfo.java:updateAndGet(143)) - f2627371-a904-4314-a836-5eb8f54559ec: start FollowerState
2019-10-21 19:13:16,544 [Thread-2009] INFO  impl.FollowerState (FollowerState.java:run(108)) - f2627371-a904-4314-a836-5eb8f54559ec@group-73E40DF2990B-FollowerState: change to CANDIDATE, lastRpcTime:138ms, electionTimeout:138ms
2019-10-21 19:13:16,544 [Thread-2009] INFO  impl.RoleInfo (RoleInfo.java:shutdownFollowerState(121)) - f2627371-a904-4314-a836-5eb8f54559ec: shutdown FollowerState
2019-10-21 19:13:16,544 [Thread-2009] INFO  impl.RaftServerImpl (RaftServerImpl.java:setRole(184)) - f2627371-a904-4314-a836-5eb8f54559ec@group-73E40DF2990B: changes role from  FOLLOWER to CANDIDATE at term 294 for changeToCandidate
2019-10-21 19:13:16,545 [Thread-2009] INFO  impl.RoleInfo (RoleInfo.java:updateAndGet(143)) - f2627371-a904-4314-a836-5eb8f54559ec: start LeaderElection
2019-10-21 19:13:16,559 [f2627371-a904-4314-a836-5eb8f54559ec@group-73E40DF2990B-LeaderElection265] INFO  impl.LeaderElection (LeaderElection.java:askForVotes(178)) - f2627371-a904-4314-a836-5eb8f54559ec@group-73E40DF2990B-LeaderElection265: begin an election at term 295 for -1: [e6a83585-83d0-4616-a3d5-866875ad8a29:192.168.34.32:46159, f2627371-a904-4314-a836-5eb8f54559ec:192.168.34.32:33224, 1b813ef4-47a4-4bfc-8eb5-c34ae440adb1:192.168.34.32:36113], old=null
2019-10-21 19:13:16,561 [grpc-default-executor-0] INFO  impl.RaftServerImpl (RaftServerImpl.java:setRole(184)) - e6a83585-83d0-4616-a3d5-866875ad8a29@group-73E40DF2990B: changes role from  FOLLOWER to FOLLOWER at term 295 for recognizeCandidate:f2627371-a904-4314-a836-5eb8f54559ec
2019-10-21 19:13:16,561 [grpc-default-executor-1] INFO  impl.RaftServerImpl (RaftServerImpl.java:setRole(184)) - 1b813ef4-47a4-4bfc-8eb5-c34ae440adb1@group-73E40DF2990B: changes role from  FOLLOWER to FOLLOWER at term 295 for recognizeCandidate:f2627371-a904-4314-a836-5eb8f54559ec
2019-10-21 19:13:16,561 [grpc-default-executor-0] INFO  impl.RoleInfo (RoleInfo.java:shutdownFollowerState(121)) - e6a83585-83d0-4616-a3d5-866875ad8a29: shutdown FollowerState
2019-10-21 19:13:16,562 [grpc-default-executor-1] INFO  impl.RoleInfo (RoleInfo.java:shutdownFollowerState(121)) - 1b813ef4-47a4-4bfc-8eb5-c34ae440adb1: shutdown FollowerState
2019-10-21 19:13:16,562 [Thread-2007] INFO  impl.FollowerState (FollowerState.java:run(117)) - e6a83585-83d0-4616-a3d5-866875ad8a29@group-73E40DF2990B-FollowerState was interrupted: java.lang.InterruptedException: sleep interrupted
2019-10-21 19:13:16,562 [grpc-default-executor-0] INFO  impl.RoleInfo (RoleInfo.java:updateAndGet(143)) - e6a83585-83d0-4616-a3d5-866875ad8a29: start FollowerState
2019-10-21 19:13:16,562 [Thread-2008] INFO  impl.FollowerState (FollowerState.java:run(117)) - 1b813ef4-47a4-4bfc-8eb5-c34ae440adb1@group-73E40DF2990B-FollowerState was interrupted: java.lang.InterruptedException: sleep interrupted
2019-10-21 19:13:16,562 [grpc-default-executor-1] INFO  impl.RoleInfo (RoleInfo.java:updateAndGet(143)) - 1b813ef4-47a4-4bfc-8eb5-c34ae440adb1: start FollowerState
2019-10-21 19:13:16,577 [f2627371-a904-4314-a836-5eb8f54559ec@group-73E40DF2990B-LeaderElection265] INFO  impl.LeaderElection (LeaderElection.java:logAndReturn(56)) - f2627371-a904-4314-a836-5eb8f54559ec@group-73E40DF2990B-LeaderElection265: Election REJECTED; received 2 response(s) [f2627371-a904-4314-a836-5eb8f54559ec<-e6a83585-83d0-4616-a3d5-866875ad8a29#0:FAIL-t295, f2627371-a904-4314-a836-5eb8f54559ec<-1b813ef4-47a4-4bfc-8eb5-c34ae440adb1#0:FAIL-t295] and 0 exception(s); f2627371-a904-4314-a836-5eb8f54559ec@group-73E40DF2990B:t295, leader=null, voted=f2627371-a904-4314-a836-5eb8f54559ec, raftlog=f2627371-a904-4314-a836-5eb8f54559ec@group-73E40DF2990B-SegmentedRaftLog:OPENED:c-1,f-1,i0, conf=-1: [e6a83585-83d0-4616-a3d5-866875ad8a29:192.168.34.32:46159, f2627371-a904-4314-a836-5eb8f54559ec:192.168.34.32:33224, 1b813ef4-47a4-4bfc-8eb5-c34ae440adb1:192.168.34.32:36113], old=null
2019-10-21 19:13:16,577 [f2627371-a904-4314-a836-5eb8f54559ec@group-73E40DF2990B-LeaderElection265] INFO  impl.RaftServerImpl (RaftServerImpl.java:setRole(184)) - f2627371-a904-4314-a836-5eb8f54559ec@group-73E40DF2990B: changes role from CANDIDATE to FOLLOWER at term 295 for DISCOVERED_A_NEW_TERM
2019-10-21 19:13:16,577 [f2627371-a904-4314-a836-5eb8f54559ec@group-73E40DF2990B-LeaderElection265] INFO  impl.RoleInfo (RoleInfo.java:shutdownLeaderElection(134)) - f2627371-a904-4314-a836-5eb8f54559ec: shutdown LeaderElection
2019-10-21 19:13:16,577 [f2627371-a904-4314-a836-5eb8f54559ec@group-73E40DF2990B-LeaderElection265] INFO  impl.RoleInfo (RoleInfo.java:updateAndGet(143)) - f2627371-a904-4314-a836-5eb8f54559ec: start FollowerState
2019-10-21 19:13:16,768 [Thread-2015] INFO  impl.FollowerState (FollowerState.java:run(108)) - f2627371-a904-4314-a836-5eb8f54559ec@group-73E40DF2990B-FollowerState: change to CANDIDATE, lastRpcTime:191ms, electionTimeout:191ms
2019-10-21 19:13:16,769 [Thread-2015] INFO  impl.RoleInfo (RoleInfo.java:shutdownFollowerState(121)) - f2627371-a904-4314-a836-5eb8f54559ec: shutdown FollowerState
2019-10-21 19:13:16,769 [Thread-2015] INFO  impl.RaftServerImpl (RaftServerImpl.java:setRole(184)) - f2627371-a904-4314-a836-5eb8f54559ec@group-73E40DF2990B: changes role from  FOLLOWER to CANDIDATE at term 295 for changeToCandidate
2019-10-21 19:13:16,769 [Thread-2015] INFO  impl.RoleInfo (RoleInfo.java:updateAndGet(143)) - f2627371-a904-4314-a836-5eb8f54559ec: start LeaderElection
2019-10-21 19:13:16,799 [f2627371-a904-4314-a836-5eb8f54559ec@group-73E40DF2990B-LeaderElection266] INFO  impl.LeaderElection (LeaderElection.java:askForVotes(178)) - f2627371-a904-4314-a836-5eb8f54559ec@group-73E40DF2990B-LeaderElection266: begin an election at term 296 for -1: [e6a83585-83d0-4616-a3d5-866875ad8a29:192.168.34.32:46159, f2627371-a904-4314-a836-5eb8f54559ec:192.168.34.32:33224, 1b813ef4-47a4-4bfc-8eb5-c34ae440adb1:192.168.34.32:36113], old=null
2019-10-21 19:13:16,803 [grpc-default-executor-0] INFO  impl.RaftServerImpl (RaftServerImpl.java:setRole(184)) - e6a83585-83d0-4616-a3d5-866875ad8a29@group-73E40DF2990B: changes role from  FOLLOWER to FOLLOWER at term 296 for recognizeCandidate:f2627371-a904-4314-a836-5eb8f54559ec
2019-10-21 19:13:16,803 [grpc-default-executor-1] INFO  impl.RaftServerImpl (RaftServerImpl.java:setRole(184)) - 1b813ef4-47a4-4bfc-8eb5-c34ae440adb1@group-73E40DF2990B: changes role from  FOLLOWER to FOLLOWER at term 296 for recognizeCandidate:f2627371-a904-4314-a836-5eb8f54559ec
2019-10-21 19:13:16,803 [grpc-default-executor-1] INFO  impl.RoleInfo (RoleInfo.java:shutdownFollowerState(121)) - 1b813ef4-47a4-4bfc-8eb5-c34ae440adb1: shutdown FollowerState
2019-10-21 19:13:16,803 [grpc-default-executor-0] INFO  impl.RoleInfo (RoleInfo.java:shutdownFollowerState(121)) - e6a83585-83d0-4616-a3d5-866875ad8a29: shutdown FollowerState
2019-10-21 19:13:16,803 [Thread-2014] INFO  impl.FollowerState (FollowerState.java:run(117)) - 1b813ef4-47a4-4bfc-8eb5-c34ae440adb1@group-73E40DF2990B-FollowerState was interrupted: java.lang.InterruptedException: sleep interrupted
2019-10-21 19:13:16,803 [grpc-default-executor-1] INFO  impl.RoleInfo (RoleInfo.java:updateAndGet(143)) - 1b813ef4-47a4-4bfc-8eb5-c34ae440adb1: start FollowerState
2019-10-21 19:13:16,804 [Thread-2013] INFO  impl.FollowerState (FollowerState.java:run(117)) - e6a83585-83d0-4616-a3d5-866875ad8a29@group-73E40DF2990B-FollowerState was interrupted: java.lang.InterruptedException: sleep interrupted
2019-10-21 19:13:16,803 [grpc-default-executor-0] INFO  impl.RoleInfo (RoleInfo.java:updateAndGet(143)) - e6a83585-83d0-4616-a3d5-866875ad8a29: start FollowerState
2019-10-21 19:13:16,819 [f2627371-a904-4314-a836-5eb8f54559ec@group-73E40DF2990B-LeaderElection266] INFO  impl.LeaderElection (LeaderElection.java:logAndReturn(56)) - f2627371-a904-4314-a836-5eb8f54559ec@group-73E40DF2990B-LeaderElection266: Election REJECTED; received 2 response(s) [f2627371-a904-4314-a836-5eb8f54559ec<-e6a83585-83d0-4616-a3d5-866875ad8a29#0:FAIL-t296, f2627371-a904-4314-a836-5eb8f54559ec<-1b813ef4-47a4-4bfc-8eb5-c34ae440adb1#0:FAIL-t296] and 0 exception(s); f2627371-a904-4314-a836-5eb8f54559ec@group-73E40DF2990B:t296, leader=null, voted=f2627371-a904-4314-a836-5eb8f54559ec, raftlog=f2627371-a904-4314-a836-5eb8f54559ec@group-73E40DF2990B-SegmentedRaftLog:OPENED:c-1,f-1,i0, conf=-1: [e6a83585-83d0-4616-a3d5-866875ad8a29:192.168.34.32:46159, f2627371-a904-4314-a836-5eb8f54559ec:192.168.34.32:33224, 1b813ef4-47a4-4bfc-8eb5-c34ae440adb1:192.168.34.32:36113], old=null
2019-10-21 19:13:16,819 [f2627371-a904-4314-a836-5eb8f54559ec@group-73E40DF2990B-LeaderElection266] INFO  impl.RaftServerImpl (RaftServerImpl.java:setRole(184)) - f2627371-a904-4314-a836-5eb8f54559ec@group-73E40DF2990B: changes role from CANDIDATE to FOLLOWER at term 296 for DISCOVERED_A_NEW_TERM
2019-10-21 19:13:16,819 [f2627371-a904-4314-a836-5eb8f54559ec@group-73E40DF2990B-LeaderElection266] INFO  impl.RoleInfo (RoleInfo.java:shutdownLeaderElection(134)) - f2627371-a904-4314-a836-5eb8f54559ec: shutdown LeaderElection
2019-10-21 19:13:16,820 [f2627371-a904-4314-a836-5eb8f54559ec@group-73E40DF2990B-LeaderElection266] INFO  impl.RoleInfo (RoleInfo.java:updateAndGet(143)) - f2627371-a904-4314-a836-5eb8f54559ec: start FollowerState
2019-10-21 19:13:16,841 [Thread-2023] INFO  impl.FollowerState (FollowerState.java:run(108)) - f2627371-a904-4314-a836-5eb8f54559ec@group-73E40DF2990B-FollowerState: change to CANDIDATE, lastRpcTime:21ms, electionTimeout:21ms
2019-10-21 19:13:16,841 [Thread-2023] INFO  impl.RoleInfo (RoleInfo.java:shutdownFollowerState(121)) - f2627371-a904-4314-a836-5eb8f54559ec: shutdown FollowerState
2019-10-21 19:13:16,841 [Thread-2023] INFO  impl.RaftServerImpl (RaftServerImpl.java:setRole(184)) - f2627371-a904-4314-a836-5eb8f54559ec@group-73E40DF2990B: changes role from  FOLLOWER to CANDIDATE at term 296 for changeToCandidate
2019-10-21 19:13:16,841 [Thread-2023] INFO  impl.RoleInfo (RoleInfo.java:updateAndGet(143)) - f2627371-a904-4314-a836-5eb8f54559ec: start LeaderElection
2019-10-21 19:13:16,855 [f2627371-a904-4314-a836-5eb8f54559ec@group-73E40DF2990B-LeaderElection267] INFO  impl.LeaderElection (LeaderElection.java:askForVotes(178)) - f2627371-a904-4314-a836-5eb8f54559ec@group-73E40DF2990B-LeaderElection267: begin an election at term 297 for -1: [e6a83585-83d0-4616-a3d5-866875ad8a29:192.168.34.32:46159, f2627371-a904-4314-a836-5eb8f54559ec:192.168.34.32:33224, 1b813ef4-47a4-4bfc-8eb5-c34ae440adb1:192.168.34.32:36113], old=null
2019-10-21 19:13:16,857 [grpc-default-executor-1] INFO  impl.RaftServerImpl (RaftServerImpl.java:setRole(184)) - e6a83585-83d0-4616-a3d5-866875ad8a29@group-73E40DF2990B: changes role from  FOLLOWER to FOLLOWER at term 297 for recognizeCandidate:f2627371-a904-4314-a836-5eb8f54559ec
2019-10-21 19:13:16,857 [grpc-default-executor-1] INFO  impl.RoleInfo (RoleInfo.java:shutdownFollowerState(121)) - e6a83585-83d0-4616-a3d5-866875ad8a29: shutdown FollowerState
2019-10-21 19:13:16,857 [grpc-default-executor-0] INFO  impl.RaftServerImpl (RaftServerImpl.java:setRole(184)) - 1b813ef4-47a4-4bfc-8eb5-c34ae440adb1@group-73E40DF2990B: changes role from  FOLLOWER to FOLLOWER at term 297 for recognizeCandidate:f2627371-a904-4314-a836-5eb8f54559ec
2019-10-21 19:13:16,857 [grpc-default-executor-1] INFO  impl.RoleInfo (RoleInfo.java:updateAndGet(143)) - e6a83585-83d0-4616-a3d5-866875ad8a29: start FollowerState
2019-10-21 19:13:16,857 [Thread-2022] INFO  impl.FollowerState (FollowerState.java:run(117)) - e6a83585-83d0-4616-a3d5-866875ad8a29@group-73E40DF2990B-FollowerState was interrupted: java.lang.InterruptedException: sleep interrupted
2019-10-21 19:13:16,857 [grpc-default-executor-0] INFO  impl.RoleInfo (RoleInfo.java:shutdownFollowerState(121)) - 1b813ef4-47a4-4bfc-8eb5-c34ae440adb1: shutdown FollowerState
2019-10-21 19:13:16,858 [grpc-default-executor-0] INFO  impl.RoleInfo (RoleInfo.java:updateAndGet(143)) - 1b813ef4-47a4-4bfc-8eb5-c34ae440adb1: start FollowerState
2019-10-21 19:13:16,858 [Thread-2021] INFO  impl.FollowerState (FollowerState.java:run(117)) - 1b813ef4-47a4-4bfc-8eb5-c34ae440adb1@group-73E40DF2990B-FollowerState was interrupted: java.lang.InterruptedException: sleep interrupted
2019-10-21 19:13:16,872 [f2627371-a904-4314-a836-5eb8f54559ec@group-73E40DF2990B-LeaderElection267] INFO  impl.LeaderElection (LeaderElection.java:logAndReturn(56)) - f2627371-a904-4314-a836-5eb8f54559ec@group-73E40DF2990B-LeaderElection267: Election REJECTED; received 2 response(s) [f2627371-a904-4314-a836-5eb8f54559ec<-e6a83585-83d0-4616-a3d5-866875ad8a29#0:FAIL-t297, f2627371-a904-4314-a836-5eb8f54559ec<-1b813ef4-47a4-4bfc-8eb5-c34ae440adb1#0:FAIL-t297] and 0 exception(s); f2627371-a904-4314-a836-5eb8f54559ec@group-73E40DF2990B:t297, leader=null, voted=f2627371-a904-4314-a836-5eb8f54559ec, raftlog=f2627371-a904-4314-a836-5eb8f54559ec@group-73E40DF2990B-SegmentedRaftLog:OPENED:c-1,f-1,i0, conf=-1: [e6a83585-83d0-4616-a3d5-866875ad8a29:192.168.34.32:46159, f2627371-a904-4314-a836-5eb8f54559ec:192.168.34.32:33224, 1b813ef4-47a4-4bfc-8eb5-c34ae440adb1:192.168.34.32:36113], old=null
2019-10-21 19:13:16,872 [f2627371-a904-4314-a836-5eb8f54559ec@group-73E40DF2990B-LeaderElection267] INFO  impl.RaftServerImpl (RaftServerImpl.java:setRole(184)) - f2627371-a904-4314-a836-5eb8f54559ec@group-73E40DF2990B: changes role from CANDIDATE to FOLLOWER at term 297 for DISCOVERED_A_NEW_TERM
2019-10-21 19:13:16,872 [f2627371-a904-4314-a836-5eb8f54559ec@group-73E40DF2990B-LeaderElection267] INFO  impl.RoleInfo (RoleInfo.java:shutdownLeaderElection(134)) - f2627371-a904-4314-a836-5eb8f54559ec: shutdown LeaderElection
2019-10-21 19:13:16,872 [f2627371-a904-4314-a836-5eb8f54559ec@group-73E40DF2990B-LeaderElection267] INFO  impl.RoleInfo (RoleInfo.java:updateAndGet(143)) - f2627371-a904-4314-a836-5eb8f54559ec: start FollowerState
2019-10-21 19:13:17,011 [Thread-2029] INFO  impl.FollowerState (FollowerState.java:run(108)) - f2627371-a904-4314-a836-5eb8f54559ec@group-73E40DF2990B-FollowerState: change to CANDIDATE, lastRpcTime:138ms, electionTimeout:138ms
2019-10-21 19:13:17,011 [Thread-2029] INFO  impl.RoleInfo (RoleInfo.java:shutdownFollowerState(121)) - f2627371-a904-4314-a836-5eb8f54559ec: shutdown FollowerState
2019-10-21 19:13:17,011 [Thread-2029] INFO  impl.RaftServerImpl (RaftServerImpl.java:setRole(184)) - f2627371-a904-4314-a836-5eb8f54559ec@group-73E40DF2990B: changes role from  FOLLOWER to CANDIDATE at term 297 for changeToCandidate
2019-10-21 19:13:17,011 [Thread-2029] INFO  impl.RoleInfo (RoleInfo.java:updateAndGet(143)) - f2627371-a904-4314-a836-5eb8f54559ec: start LeaderElection
2019-10-21 19:13:17,027 [f2627371-a904-4314-a836-5eb8f54559ec@group-73E40DF2990B-LeaderElection268] INFO  impl.LeaderElection (LeaderElection.java:askForVotes(178)) - f2627371-a904-4314-a836-5eb8f54559ec@group-73E40DF2990B-LeaderElection268: begin an election at term 298 for -1: [e6a83585-83d0-4616-a3d5-866875ad8a29:192.168.34.32:46159, f2627371-a904-4314-a836-5eb8f54559ec:192.168.34.32:33224, 1b813ef4-47a4-4bfc-8eb5-c34ae440adb1:192.168.34.32:36113], old=null
2019-10-21 19:13:17,030 [grpc-default-executor-1] INFO  impl.RaftServerImpl (RaftServerImpl.java:setRole(184)) - e6a83585-83d0-4616-a3d5-866875ad8a29@group-73E40DF2990B: changes role from  FOLLOWER to FOLLOWER at term 298 for recognizeCandidate:f2627371-a904-4314-a836-5eb8f54559ec
2019-10-21 19:13:17,030 [grpc-default-executor-0] INFO  impl.RaftServerImpl (RaftServerImpl.java:setRole(184)) - 1b813ef4-47a4-4bfc-8eb5-c34ae440adb1@group-73E40DF2990B: changes role from  FOLLOWER to FOLLOWER at term 298 for recognizeCandidate:f2627371-a904-4314-a836-5eb8f54559ec
2019-10-21 19:13:17,030 [grpc-default-executor-1] INFO  impl.RoleInfo (RoleInfo.java:shutdownFollowerState(121)) - e6a83585-83d0-4616-a3d5-866875ad8a29: shutdown FollowerState
2019-10-21 19:13:17,031 [grpc-default-executor-0] INFO  impl.RoleInfo (RoleInfo.java:shutdownFollowerState(121)) - 1b813ef4-47a4-4bfc-8eb5-c34ae440adb1: shutdown FollowerState
2019-10-21 19:13:17,031 [Thread-2027] INFO  impl.FollowerState (FollowerState.java:run(117)) - e6a83585-83d0-4616-a3d5-866875ad8a29@group-73E40DF2990B-FollowerState was interrupted: java.lang.InterruptedException: sleep interrupted
2019-10-21 19:13:17,031 [Thread-2028] INFO  impl.FollowerState (FollowerState.java:run(117)) - 1b813ef4-47a4-4bfc-8eb5-c34ae440adb1@group-73E40DF2990B-FollowerState was interrupted: java.lang.InterruptedException: sleep interrupted
2019-10-21 19:13:17,031 [grpc-default-executor-1] INFO  impl.RoleInfo (RoleInfo.java:updateAndGet(143)) - e6a83585-83d0-4616-a3d5-866875ad8a29: start FollowerState
2019-10-21 19:13:17,031 [grpc-default-executor-0] INFO  impl.RoleInfo (RoleInfo.java:updateAndGet(143)) - 1b813ef4-47a4-4bfc-8eb5-c34ae440adb1: start FollowerState
2019-10-21 19:13:17,046 [f2627371-a904-4314-a836-5eb8f54559ec@group-73E40DF2990B-LeaderElection268] INFO  impl.LeaderElection (LeaderElection.java:logAndReturn(56)) - f2627371-a904-4314-a836-5eb8f54559ec@group-73E40DF2990B-LeaderElection268: Election REJECTED; received 2 response(s) [f2627371-a904-4314-a836-5eb8f54559ec<-e6a83585-83d0-4616-a3d5-866875ad8a29#0:FAIL-t298, f2627371-a904-4314-a836-5eb8f54559ec<-1b813ef4-47a4-4bfc-8eb5-c34ae440adb1#0:FAIL-t298] and 0 exception(s); f2627371-a904-4314-a836-5eb8f54559ec@group-73E40DF2990B:t298, leader=null, voted=f2627371-a904-4314-a836-5eb8f54559ec, raftlog=f2627371-a904-4314-a836-5eb8f54559ec@group-73E40DF2990B-SegmentedRaftLog:OPENED:c-1,f-1,i0, conf=-1: [e6a83585-83d0-4616-a3d5-866875ad8a29:192.168.34.32:46159, f2627371-a904-4314-a836-5eb8f54559ec:192.168.34.32:33224, 1b813ef4-47a4-4bfc-8eb5-c34ae440adb1:192.168.34.32:36113], old=null
2019-10-21 19:13:17,046 [f2627371-a904-4314-a836-5eb8f54559ec@group-73E40DF2990B-LeaderElection268] INFO  impl.RaftServerImpl (RaftServerImpl.java:setRole(184)) - f2627371-a904-4314-a836-5eb8f54559ec@group-73E40DF2990B: changes role from CANDIDATE to FOLLOWER at term 298 for DISCOVERED_A_NEW_TERM
2019-10-21 19:13:17,046 [f2627371-a904-4314-a836-5eb8f54559ec@group-73E40DF2990B-LeaderElection268] INFO  impl.RoleInfo (RoleInfo.java:shutdownLeaderElection(134)) - f2627371-a904-4314-a836-5eb8f54559ec: shutdown LeaderElection
2019-10-21 19:13:17,046 [f2627371-a904-4314-a836-5eb8f54559ec@group-73E40DF2990B-LeaderElection268] INFO  impl.RoleInfo (RoleInfo.java:updateAndGet(143)) - f2627371-a904-4314-a836-5eb8f54559ec: start FollowerState
2019-10-21 19:13:17,238 [Thread-2035] INFO  impl.FollowerState (FollowerState.java:run(108)) - f2627371-a904-4314-a836-5eb8f54559ec@group-73E40DF2990B-FollowerState: change to CANDIDATE, lastRpcTime:191ms, electionTimeout:191ms
2019-10-21 19:13:17,238 [Thread-2035] INFO  impl.RoleInfo (RoleInfo.java:shutdownFollowerState(121)) - f2627371-a904-4314-a836-5eb8f54559ec: shutdown FollowerState
2019-10-21 19:13:17,238 [Thread-2035] INFO  impl.RaftServerImpl (RaftServerImpl.java:setRole(184)) - f2627371-a904-4314-a836-5eb8f54559ec@group-73E40DF2990B: changes role from  FOLLOWER to CANDIDATE at term 298 for changeToCandidate
2019-10-21 19:13:17,238 [Thread-2035] INFO  impl.RoleInfo (RoleInfo.java:updateAndGet(143)) - f2627371-a904-4314-a836-5eb8f54559ec: start LeaderElection
2019-10-21 19:13:17,254 [f2627371-a904-4314-a836-5eb8f54559ec@group-73E40DF2990B-LeaderElection269] INFO  impl.LeaderElection (LeaderElection.java:askForVotes(178)) - f2627371-a904-4314-a836-5eb8f54559ec@group-73E40DF2990B-LeaderElection269: begin an election at term 299 for -1: [e6a83585-83d0-4616-a3d5-866875ad8a29:192.168.34.32:46159, f2627371-a904-4314-a836-5eb8f54559ec:192.168.34.32:33224, 1b813ef4-47a4-4bfc-8eb5-c34ae440adb1:192.168.34.32:36113], old=null
2019-10-21 19:13:17,257 [grpc-default-executor-0] INFO  impl.RaftServerImpl (RaftServerImpl.java:setRole(184)) - e6a83585-83d0-4616-a3d5-866875ad8a29@group-73E40DF2990B: changes role from  FOLLOWER to FOLLOWER at term 299 for recognizeCandidate:f2627371-a904-4314-a836-5eb8f54559ec
2019-10-21 19:13:17,257 [grpc-default-executor-1] INFO  impl.RaftServerImpl (RaftServerImpl.java:setRole(184)) - 1b813ef4-47a4-4bfc-8eb5-c34ae440adb1@group-73E40DF2990B: changes role from  FOLLOWER to FOLLOWER at term 299 for recognizeCandidate:f2627371-a904-4314-a836-5eb8f54559ec
2019-10-21 19:13:17,257 [grpc-default-executor-0] INFO  impl.RoleInfo (RoleInfo.java:shutdownFollowerState(121)) - e6a83585-83d0-4616-a3d5-866875ad8a29: shutdown FollowerState
2019-10-21 19:13:17,257 [grpc-default-executor-1] INFO  impl.RoleInfo (RoleInfo.java:shutdownFollowerState(121)) - 1b813ef4-47a4-4bfc-8eb5-c34ae440adb1: shutdown FollowerState
2019-10-21 19:13:17,257 [grpc-default-executor-0] INFO  impl.RoleInfo (RoleInfo.java:updateAndGet(143)) - e6a83585-83d0-4616-a3d5-866875ad8a29: start FollowerState
2019-10-21 19:13:17,257 [Thread-2033] INFO  impl.FollowerState (FollowerState.java:run(117)) - e6a83585-83d0-4616-a3d5-866875ad8a29@group-73E40DF2990B-FollowerState was interrupted: java.lang.InterruptedException: sleep interrupted
2019-10-21 19:13:17,257 [Thread-2034] INFO  impl.FollowerState (FollowerState.java:run(117)) - 1b813ef4-47a4-4bfc-8eb5-c34ae440adb1@group-73E40DF2990B-FollowerState was interrupted: java.lang.InterruptedException: sleep interrupted
2019-10-21 19:13:17,257 [grpc-default-executor-1] INFO  impl.RoleInfo (RoleInfo.java:updateAndGet(143)) - 1b813ef4-47a4-4bfc-8eb5-c34ae440adb1: start FollowerState
2019-10-21 19:13:17,286 [f2627371-a904-4314-a836-5eb8f54559ec@group-73E40DF2990B-LeaderElection269] INFO  impl.LeaderElection (LeaderElection.java:logAndReturn(56)) - f2627371-a904-4314-a836-5eb8f54559ec@group-73E40DF2990B-LeaderElection269: Election REJECTED; received 2 response(s) [f2627371-a904-4314-a836-5eb8f54559ec<-e6a83585-83d0-4616-a3d5-866875ad8a29#0:FAIL-t299, f2627371-a904-4314-a836-5eb8f54559ec<-1b813ef4-47a4-4bfc-8eb5-c34ae440adb1#0:FAIL-t299] and 0 exception(s); f2627371-a904-4314-a836-5eb8f54559ec@group-73E40DF2990B:t299, leader=null, voted=f2627371-a904-4314-a836-5eb8f54559ec, raftlog=f2627371-a904-4314-a836-5eb8f54559ec@group-73E40DF2990B-SegmentedRaftLog:OPENED:c-1,f-1,i0, conf=-1: [e6a83585-83d0-4616-a3d5-866875ad8a29:192.168.34.32:46159, f2627371-a904-4314-a836-5eb8f54559ec:192.168.34.32:33224, 1b813ef4-47a4-4bfc-8eb5-c34ae440adb1:192.168.34.32:36113], old=null
2019-10-21 19:13:17,286 [f2627371-a904-4314-a836-5eb8f54559ec@group-73E40DF2990B-LeaderElection269] INFO  impl.RaftServerImpl (RaftServerImpl.java:setRole(184)) - f2627371-a904-4314-a836-5eb8f54559ec@group-73E40DF2990B: changes role from CANDIDATE to FOLLOWER at term 299 for DISCOVERED_A_NEW_TERM
2019-10-21 19:13:17,287 [f2627371-a904-4314-a836-5eb8f54559ec@group-73E40DF2990B-LeaderElection269] INFO  impl.RoleInfo (RoleInfo.java:shutdownLeaderElection(134)) - f2627371-a904-4314-a836-5eb8f54559ec: shutdown LeaderElection
2019-10-21 19:13:17,287 [f2627371-a904-4314-a836-5eb8f54559ec@group-73E40DF2990B-LeaderElection269] INFO  impl.RoleInfo (RoleInfo.java:updateAndGet(143)) - f2627371-a904-4314-a836-5eb8f54559ec: start FollowerState
2019-10-21 19:13:17,316 [Thread-2041] INFO  impl.FollowerState (FollowerState.java:run(108)) - f2627371-a904-4314-a836-5eb8f54559ec@group-73E40DF2990B-FollowerState: change to CANDIDATE, lastRpcTime:29ms, electionTimeout:29ms
2019-10-21 19:13:17,317 [Thread-2041] INFO  impl.RoleInfo (RoleInfo.java:shutdownFollowerState(121)) - f2627371-a904-4314-a836-5eb8f54559ec: shutdown FollowerState
2019-10-21 19:13:17,317 [Thread-2041] INFO  impl.RaftServerImpl (RaftServerImpl.java:setRole(184)) - f2627371-a904-4314-a836-5eb8f54559ec@group-73E40DF2990B: changes role from  FOLLOWER to CANDIDATE at term 299 for changeToCandidate
2019-10-21 19:13:17,317 [Thread-2041] INFO  impl.RoleInfo (RoleInfo.java:updateAndGet(143)) - f2627371-a904-4314-a836-5eb8f54559ec: start LeaderElection
2019-10-21 19:13:17,332 [f2627371-a904-4314-a836-5eb8f54559ec@group-73E40DF2990B-LeaderElection270] INFO  impl.LeaderElection (LeaderElection.java:askForVotes(178)) - f2627371-a904-4314-a836-5eb8f54559ec@group-73E40DF2990B-LeaderElection270: begin an election at term 300 for -1: [e6a83585-83d0-4616-a3d5-866875ad8a29:192.168.34.32:46159, f2627371-a904-4314-a836-5eb8f54559ec:192.168.34.32:33224, 1b813ef4-47a4-4bfc-8eb5-c34ae440adb1:192.168.34.32:36113], old=null
2019-10-21 19:13:17,334 [grpc-default-executor-0] INFO  impl.RaftServerImpl (RaftServerImpl.java:setRole(184)) - e6a83585-83d0-4616-a3d5-866875ad8a29@group-73E40DF2990B: changes role from  FOLLOWER to FOLLOWER at term 300 for recognizeCandidate:f2627371-a904-4314-a836-5eb8f54559ec
2019-10-21 19:13:17,334 [grpc-default-executor-0] INFO  impl.RoleInfo (RoleInfo.java:shutdownFollowerState(121)) - e6a83585-83d0-4616-a3d5-866875ad8a29: shutdown FollowerState
2019-10-21 19:13:17,334 [grpc-default-executor-0] INFO  impl.RoleInfo (RoleInfo.java:updateAndGet(143)) - e6a83585-83d0-4616-a3d5-866875ad8a29: start FollowerState
2019-10-21 19:13:17,334 [Thread-2039] INFO  impl.FollowerState (FollowerState.java:run(117)) - e6a83585-83d0-4616-a3d5-866875ad8a29@group-73E40DF2990B-FollowerState was interrupted: java.lang.InterruptedException: sleep interrupted
2019-10-21 19:13:17,334 [grpc-default-executor-1] INFO  impl.RaftServerImpl (RaftServerImpl.java:setRole(184)) - 1b813ef4-47a4-4bfc-8eb5-c34ae440adb1@group-73E40DF2990B: changes role from  FOLLOWER to FOLLOWER at term 300 for recognizeCandidate:f2627371-a904-4314-a836-5eb8f54559ec
2019-10-21 19:13:17,335 [grpc-default-executor-1] INFO  impl.RoleInfo (RoleInfo.java:shutdownFollowerState(121)) - 1b813ef4-47a4-4bfc-8eb5-c34ae440adb1: shutdown FollowerState
2019-10-21 19:13:17,335 [grpc-default-executor-1] INFO  impl.RoleInfo (RoleInfo.java:updateAndGet(143)) - 1b813ef4-47a4-4bfc-8eb5-c34ae440adb1: start FollowerState
2019-10-21 19:13:17,335 [Thread-2040] INFO  impl.FollowerState (FollowerState.java:run(117)) - 1b813ef4-47a4-4bfc-8eb5-c34ae440adb1@group-73E40DF2990B-FollowerState was interrupted: java.lang.InterruptedException: sleep interrupted
2019-10-21 19:13:17,349 [f2627371-a904-4314-a836-5eb8f54559ec@group-73E40DF2990B-LeaderElection270] INFO  impl.LeaderElection (LeaderElection.java:logAndReturn(56)) - f2627371-a904-4314-a836-5eb8f54559ec@group-73E40DF2990B-LeaderElection270: Election REJECTED; received 2 response(s) [f2627371-a904-4314-a836-5eb8f54559ec<-e6a83585-83d0-4616-a3d5-866875ad8a29#0:FAIL-t300, f2627371-a904-4314-a836-5eb8f54559ec<-1b813ef4-47a4-4bfc-8eb5-c34ae440adb1#0:FAIL-t300] and 0 exception(s); f2627371-a904-4314-a836-5eb8f54559ec@group-73E40DF2990B:t300, leader=null, voted=f2627371-a904-4314-a836-5eb8f54559ec, raftlog=f2627371-a904-4314-a836-5eb8f54559ec@group-73E40DF2990B-SegmentedRaftLog:OPENED:c-1,f-1,i0, conf=-1: [e6a83585-83d0-4616-a3d5-866875ad8a29:192.168.34.32:46159, f2627371-a904-4314-a836-5eb8f54559ec:192.168.34.32:33224, 1b813ef4-47a4-4bfc-8eb5-c34ae440adb1:192.168.34.32:36113], old=null
2019-10-21 19:13:17,350 [f2627371-a904-4314-a836-5eb8f54559ec@group-73E40DF2990B-LeaderElection270] INFO  impl.RaftServerImpl (RaftServerImpl.java:setRole(184)) - f2627371-a904-4314-a836-5eb8f54559ec@group-73E40DF2990B: changes role from CANDIDATE to FOLLOWER at term 300 for DISCOVERED_A_NEW_TERM
2019-10-21 19:13:17,350 [f2627371-a904-4314-a836-5eb8f54559ec@group-73E40DF2990B-LeaderElection270] INFO  impl.RoleInfo (RoleInfo.java:shutdownLeaderElection(134)) - f2627371-a904-4314-a836-5eb8f54559ec: shutdown LeaderElection
2019-10-21 19:13:17,350 [f2627371-a904-4314-a836-5eb8f54559ec@group-73E40DF2990B-LeaderElection270] INFO  impl.RoleInfo (RoleInfo.java:updateAndGet(143)) - f2627371-a904-4314-a836-5eb8f54559ec: start FollowerState
2019-10-21 19:13:17,425 [Thread-2048] INFO  impl.FollowerState (FollowerState.java:run(108)) - f2627371-a904-4314-a836-5eb8f54559ec@group-73E40DF2990B-FollowerState: change to CANDIDATE, lastRpcTime:75ms, electionTimeout:75ms
2019-10-21 19:13:17,425 [Thread-2048] INFO  impl.RoleInfo (RoleInfo.java:shutdownFollowerState(121)) - f2627371-a904-4314-a836-5eb8f54559ec: shutdown FollowerState
2019-10-21 19:13:17,426 [Thread-2048] INFO  impl.RaftServerImpl (RaftServerImpl.java:setRole(184)) - f2627371-a904-4314-a836-5eb8f54559ec@group-73E40DF2990B: changes role from  FOLLOWER to CANDIDATE at term 300 for changeToCandidate
2019-10-21 19:13:17,426 [Thread-2048] INFO  impl.RoleInfo (RoleInfo.java:updateAndGet(143)) - f2627371-a904-4314-a836-5eb8f54559ec: start LeaderElection
2019-10-21 19:13:17,441 [f2627371-a904-4314-a836-5eb8f54559ec@group-73E40DF2990B-LeaderElection271] INFO  impl.LeaderElection (LeaderElection.java:askForVotes(178)) - f2627371-a904-4314-a836-5eb8f54559ec@group-73E40DF2990B-LeaderElection271: begin an election at term 301 for -1: [e6a83585-83d0-4616-a3d5-866875ad8a29:192.168.34.32:46159, f2627371-a904-4314-a836-5eb8f54559ec:192.168.34.32:33224, 1b813ef4-47a4-4bfc-8eb5-c34ae440adb1:192.168.34.32:36113], old=null
2019-10-21 19:13:17,443 [grpc-default-executor-0] INFO  impl.RaftServerImpl (RaftServerImpl.java:setRole(184)) - e6a83585-83d0-4616-a3d5-866875ad8a29@group-73E40DF2990B: changes role from  FOLLOWER to FOLLOWER at term 301 for recognizeCandidate:f2627371-a904-4314-a836-5eb8f54559ec
2019-10-21 19:13:17,443 [grpc-default-executor-0] INFO  impl.RoleInfo (RoleInfo.java:shutdownFollowerState(121)) - e6a83585-83d0-4616-a3d5-866875ad8a29: shutdown FollowerState
2019-10-21 19:13:17,443 [grpc-default-executor-1] INFO  impl.RaftServerImpl (RaftServerImpl.java:setRole(184)) - 1b813ef4-47a4-4bfc-8eb5-c34ae440adb1@group-73E40DF2990B: changes role from  FOLLOWER to FOLLOWER at term 301 for recognizeCandidate:f2627371-a904-4314-a836-5eb8f54559ec
2019-10-21 19:13:17,443 [grpc-default-executor-1] INFO  impl.RoleInfo (RoleInfo.java:shutdownFollowerState(121)) - 1b813ef4-47a4-4bfc-8eb5-c34ae440adb1: shutdown FollowerState
2019-10-21 19:13:17,443 [Thread-2046] INFO  impl.FollowerState (FollowerState.java:run(117)) - e6a83585-83d0-4616-a3d5-866875ad8a29@group-73E40DF2990B-FollowerState was interrupted: java.lang.InterruptedException: sleep interrupted
2019-10-21 19:13:17,443 [grpc-default-executor-0] INFO  impl.RoleInfo (RoleInfo.java:updateAndGet(143)) - e6a83585-83d0-4616-a3d5-866875ad8a29: start FollowerState
2019-10-21 19:13:17,443 [Thread-2047] INFO  impl.FollowerState (FollowerState.java:run(117)) - 1b813ef4-47a4-4bfc-8eb5-c34ae440adb1@group-73E40DF2990B-FollowerState was interrupted: java.lang.InterruptedException: sleep interrupted
2019-10-21 19:13:17,443 [grpc-default-executor-1] INFO  impl.RoleInfo (RoleInfo.java:updateAndGet(143)) - 1b813ef4-47a4-4bfc-8eb5-c34ae440adb1: start FollowerState
2019-10-21 19:13:17,458 [f2627371-a904-4314-a836-5eb8f54559ec@group-73E40DF2990B-LeaderElection271] INFO  impl.LeaderElection (LeaderElection.java:logAndReturn(56)) - f2627371-a904-4314-a836-5eb8f54559ec@group-73E40DF2990B-LeaderElection271: Election REJECTED; received 2 response(s) [f2627371-a904-4314-a836-5eb8f54559ec<-e6a83585-83d0-4616-a3d5-866875ad8a29#0:FAIL-t301, f2627371-a904-4314-a836-5eb8f54559ec<-1b813ef4-47a4-4bfc-8eb5-c34ae440adb1#0:FAIL-t301] and 0 exception(s); f2627371-a904-4314-a836-5eb8f54559ec@group-73E40DF2990B:t301, leader=null, voted=f2627371-a904-4314-a836-5eb8f54559ec, raftlog=f2627371-a904-4314-a836-5eb8f54559ec@group-73E40DF2990B-SegmentedRaftLog:OPENED:c-1,f-1,i0, conf=-1: [e6a83585-83d0-4616-a3d5-866875ad8a29:192.168.34.32:46159, f2627371-a904-4314-a836-5eb8f54559ec:192.168.34.32:33224, 1b813ef4-47a4-4bfc-8eb5-c34ae440adb1:192.168.34.32:36113], old=null
2019-10-21 19:13:17,458 [f2627371-a904-4314-a836-5eb8f54559ec@group-73E40DF2990B-LeaderElection271] INFO  impl.RaftServerImpl (RaftServerImpl.java:setRole(184)) - f2627371-a904-4314-a836-5eb8f54559ec@group-73E40DF2990B: changes role from CANDIDATE to FOLLOWER at term 301 for DISCOVERED_A_NEW_TERM
2019-10-21 19:13:17,458 [f2627371-a904-4314-a836-5eb8f54559ec@group-73E40DF2990B-LeaderElection271] INFO  impl.RoleInfo (RoleInfo.java:shutdownLeaderElection(134)) - f2627371-a904-4314-a836-5eb8f54559ec: shutdown LeaderElection
2019-10-21 19:13:17,458 [f2627371-a904-4314-a836-5eb8f54559ec@group-73E40DF2990B-LeaderElection271] INFO  impl.RoleInfo (RoleInfo.java:updateAndGet(143)) - f2627371-a904-4314-a836-5eb8f54559ec: start FollowerState
2019-10-21 19:13:17,632 [Thread-2054] INFO  impl.FollowerState (FollowerState.java:run(108)) - f2627371-a904-4314-a836-5eb8f54559ec@group-73E40DF2990B-FollowerState: change to CANDIDATE, lastRpcTime:173ms, electionTimeout:173ms
2019-10-21 19:13:17,632 [Thread-2054] INFO  impl.RoleInfo (RoleInfo.java:shutdownFollowerState(121)) - f2627371-a904-4314-a836-5eb8f54559ec: shutdown FollowerState
2019-10-21 19:13:17,633 [Thread-2054] INFO  impl.RaftServerImpl (RaftServerImpl.java:setRole(184)) - f2627371-a904-4314-a836-5eb8f54559ec@group-73E40DF2990B: changes role from  FOLLOWER to CANDIDATE at term 301 for changeToCandidate
2019-10-21 19:13:17,633 [Thread-2054] INFO  impl.RoleInfo (RoleInfo.java:updateAndGet(143)) - f2627371-a904-4314-a836-5eb8f54559ec: start LeaderElection
2019-10-21 19:13:17,648 [f2627371-a904-4314-a836-5eb8f54559ec@group-73E40DF2990B-LeaderElection272] INFO  impl.LeaderElection (LeaderElection.java:askForVotes(178)) - f2627371-a904-4314-a836-5eb8f54559ec@group-73E40DF2990B-LeaderElection272: begin an election at term 302 for -1: [e6a83585-83d0-4616-a3d5-866875ad8a29:192.168.34.32:46159, f2627371-a904-4314-a836-5eb8f54559ec:192.168.34.32:33224, 1b813ef4-47a4-4bfc-8eb5-c34ae440adb1:192.168.34.32:36113], old=null
2019-10-21 19:13:17,650 [grpc-default-executor-1] INFO  impl.RaftServerImpl (RaftServerImpl.java:setRole(184)) - e6a83585-83d0-4616-a3d5-866875ad8a29@group-73E40DF2990B: changes role from  FOLLOWER to FOLLOWER at term 302 for recognizeCandidate:f2627371-a904-4314-a836-5eb8f54559ec
2019-10-21 19:13:17,650 [grpc-default-executor-0] INFO  impl.RaftServerImpl (RaftServerImpl.java:setRole(184)) - 1b813ef4-47a4-4bfc-8eb5-c34ae440adb1@group-73E40DF2990B: changes role from  FOLLOWER to FOLLOWER at term 302 for recognizeCandidate:f2627371-a904-4314-a836-5eb8f54559ec
2019-10-21 19:13:17,650 [grpc-default-executor-1] INFO  impl.RoleInfo (RoleInfo.java:shutdownFollowerState(121)) - e6a83585-83d0-4616-a3d5-866875ad8a29: shutdown FollowerState
2019-10-21 19:13:17,650 [grpc-default-executor-0] INFO  impl.RoleInfo (RoleInfo.java:shutdownFollowerState(121)) - 1b813ef4-47a4-4bfc-8eb5-c34ae440adb1: shutdown FollowerState
2019-10-21 19:13:17,650 [grpc-default-executor-1] INFO  impl.RoleInfo (RoleInfo.java:updateAndGet(143)) - e6a83585-83d0-4616-a3d5-866875ad8a29: start FollowerState
2019-10-21 19:13:17,651 [Thread-2053] INFO  impl.FollowerState (FollowerState.java:run(117)) - 1b813ef4-47a4-4bfc-8eb5-c34ae440adb1@group-73E40DF2990B-FollowerState was interrupted: java.lang.InterruptedException: sleep interrupted
2019-10-21 19:13:17,651 [grpc-default-executor-0] INFO  impl.RoleInfo (RoleInfo.java:updateAndGet(143)) - 1b813ef4-47a4-4bfc-8eb5-c34ae440adb1: start FollowerState
2019-10-21 19:13:17,651 [Thread-2052] INFO  impl.FollowerState (FollowerState.java:run(117)) - e6a83585-83d0-4616-a3d5-866875ad8a29@group-73E40DF2990B-FollowerState was interrupted: java.lang.InterruptedException: sleep interrupted
2019-10-21 19:13:17,665 [f2627371-a904-4314-a836-5eb8f54559ec@group-73E40DF2990B-LeaderElection272] INFO  impl.LeaderElection (LeaderElection.java:logAndReturn(56)) - f2627371-a904-4314-a836-5eb8f54559ec@group-73E40DF2990B-LeaderElection272: Election REJECTED; received 2 response(s) [f2627371-a904-4314-a836-5eb8f54559ec<-e6a83585-83d0-4616-a3d5-866875ad8a29#0:FAIL-t302, f2627371-a904-4314-a836-5eb8f54559ec<-1b813ef4-47a4-4bfc-8eb5-c34ae440adb1#0:FAIL-t302] and 0 exception(s); f2627371-a904-4314-a836-5eb8f54559ec@group-73E40DF2990B:t302, leader=null, voted=f2627371-a904-4314-a836-5eb8f54559ec, raftlog=f2627371-a904-4314-a836-5eb8f54559ec@group-73E40DF2990B-SegmentedRaftLog:OPENED:c-1,f-1,i0, conf=-1: [e6a83585-83d0-4616-a3d5-866875ad8a29:192.168.34.32:46159, f2627371-a904-4314-a836-5eb8f54559ec:192.168.34.32:33224, 1b813ef4-47a4-4bfc-8eb5-c34ae440adb1:192.168.34.32:36113], old=null
2019-10-21 19:13:17,666 [f2627371-a904-4314-a836-5eb8f54559ec@group-73E40DF2990B-LeaderElection272] INFO  impl.RaftServerImpl (RaftServerImpl.java:setRole(184)) - f2627371-a904-4314-a836-5eb8f54559ec@group-73E40DF2990B: changes role from CANDIDATE to FOLLOWER at term 302 for DISCOVERED_A_NEW_TERM
2019-10-21 19:13:17,666 [f2627371-a904-4314-a836-5eb8f54559ec@group-73E40DF2990B-LeaderElection272] INFO  impl.RoleInfo (RoleInfo.java:shutdownLeaderElection(134)) - f2627371-a904-4314-a836-5eb8f54559ec: shutdown LeaderElection
2019-10-21 19:13:17,666 [f2627371-a904-4314-a836-5eb8f54559ec@group-73E40DF2990B-LeaderElection272] INFO  impl.RoleInfo (RoleInfo.java:updateAndGet(143)) - f2627371-a904-4314-a836-5eb8f54559ec: start FollowerState
2019-10-21 19:13:17,796 [Thread-2062] INFO  impl.FollowerState (FollowerState.java:run(108)) - f2627371-a904-4314-a836-5eb8f54559ec@group-73E40DF2990B-FollowerState: change to CANDIDATE, lastRpcTime:130ms, electionTimeout:130ms
2019-10-21 19:13:17,796 [Thread-2062] INFO  impl.RoleInfo (RoleInfo.java:shutdownFollowerState(121)) - f2627371-a904-4314-a836-5eb8f54559ec: shutdown FollowerState
2019-10-21 19:13:17,797 [Thread-2062] INFO  impl.RaftServerImpl (RaftServerImpl.java:setRole(184)) - f2627371-a904-4314-a836-5eb8f54559ec@group-73E40DF2990B: changes role from  FOLLOWER to CANDIDATE at term 302 for changeToCandidate
2019-10-21 19:13:17,797 [Thread-2062] INFO  impl.RoleInfo (RoleInfo.java:updateAndGet(143)) - f2627371-a904-4314-a836-5eb8f54559ec: start LeaderElection
2019-10-21 19:13:17,812 [f2627371-a904-4314-a836-5eb8f54559ec@group-73E40DF2990B-LeaderElection273] INFO  impl.LeaderElection (LeaderElection.java:askForVotes(178)) - f2627371-a904-4314-a836-5eb8f54559ec@group-73E40DF2990B-LeaderElection273: begin an election at term 303 for -1: [e6a83585-83d0-4616-a3d5-866875ad8a29:192.168.34.32:46159, f2627371-a904-4314-a836-5eb8f54559ec:192.168.34.32:33224, 1b813ef4-47a4-4bfc-8eb5-c34ae440adb1:192.168.34.32:36113], old=null
2019-10-21 19:13:17,814 [grpc-default-executor-1] INFO  impl.RaftServerImpl (RaftServerImpl.java:setRole(184)) - e6a83585-83d0-4616-a3d5-866875ad8a29@group-73E40DF2990B: changes role from  FOLLOWER to FOLLOWER at term 303 for recognizeCandidate:f2627371-a904-4314-a836-5eb8f54559ec
2019-10-21 19:13:17,815 [grpc-default-executor-1] INFO  impl.RoleInfo (RoleInfo.java:shutdownFollowerState(121)) - e6a83585-83d0-4616-a3d5-866875ad8a29: shutdown FollowerState
2019-10-21 19:13:17,815 [grpc-default-executor-0] INFO  impl.RaftServerImpl (RaftServerImpl.java:setRole(184)) - 1b813ef4-47a4-4bfc-8eb5-c34ae440adb1@group-73E40DF2990B: changes role from  FOLLOWER to FOLLOWER at term 303 for recognizeCandidate:f2627371-a904-4314-a836-5eb8f54559ec
2019-10-21 19:13:17,815 [grpc-default-executor-1] INFO  impl.RoleInfo (RoleInfo.java:updateAndGet(143)) - e6a83585-83d0-4616-a3d5-866875ad8a29: start FollowerState
2019-10-21 19:13:17,815 [grpc-default-executor-0] INFO  impl.RoleInfo (RoleInfo.java:shutdownFollowerState(121)) - 1b813ef4-47a4-4bfc-8eb5-c34ae440adb1: shutdown FollowerState
2019-10-21 19:13:17,815 [Thread-2060] INFO  impl.FollowerState (FollowerState.java:run(117)) - e6a83585-83d0-4616-a3d5-866875ad8a29@group-73E40DF2990B-FollowerState was interrupted: java.lang.InterruptedException: sleep interrupted
2019-10-21 19:13:17,815 [Thread-2061] INFO  impl.FollowerState (FollowerState.java:run(117)) - 1b813ef4-47a4-4bfc-8eb5-c34ae440adb1@group-73E40DF2990B-FollowerState was interrupted: java.lang.InterruptedException: sleep interrupted
2019-10-21 19:13:17,815 [grpc-default-executor-0] INFO  impl.RoleInfo (RoleInfo.java:updateAndGet(143)) - 1b813ef4-47a4-4bfc-8eb5-c34ae440adb1: start FollowerState
2019-10-21 19:13:17,828 [f2627371-a904-4314-a836-5eb8f54559ec@group-73E40DF2990B-LeaderElection273] INFO  impl.LeaderElection (LeaderElection.java:logAndReturn(56)) - f2627371-a904-4314-a836-5eb8f54559ec@group-73E40DF2990B-LeaderElection273: Election REJECTED; received 2 response(s) [f2627371-a904-4314-a836-5eb8f54559ec<-e6a83585-83d0-4616-a3d5-866875ad8a29#0:FAIL-t303, f2627371-a904-4314-a836-5eb8f54559ec<-1b813ef4-47a4-4bfc-8eb5-c34ae440adb1#0:FAIL-t303] and 0 exception(s); f2627371-a904-4314-a836-5eb8f54559ec@group-73E40DF2990B:t303, leader=null, voted=f2627371-a904-4314-a836-5eb8f54559ec, raftlog=f2627371-a904-4314-a836-5eb8f54559ec@group-73E40DF2990B-SegmentedRaftLog:OPENED:c-1,f-1,i0, conf=-1: [e6a83585-83d0-4616-a3d5-866875ad8a29:192.168.34.32:46159, f2627371-a904-4314-a836-5eb8f54559ec:192.168.34.32:33224, 1b813ef4-47a4-4bfc-8eb5-c34ae440adb1:192.168.34.32:36113], old=null
2019-10-21 19:13:17,828 [f2627371-a904-4314-a836-5eb8f54559ec@group-73E40DF2990B-LeaderElection273] INFO  impl.RaftServerImpl (RaftServerImpl.java:setRole(184)) - f2627371-a904-4314-a836-5eb8f54559ec@group-73E40DF2990B: changes role from CANDIDATE to FOLLOWER at term 303 for DISCOVERED_A_NEW_TERM
2019-10-21 19:13:17,829 [f2627371-a904-4314-a836-5eb8f54559ec@group-73E40DF2990B-LeaderElection273] INFO  impl.RoleInfo (RoleInfo.java:shutdownLeaderElection(134)) - f2627371-a904-4314-a836-5eb8f54559ec: shutdown LeaderElection
2019-10-21 19:13:17,829 [f2627371-a904-4314-a836-5eb8f54559ec@group-73E40DF2990B-LeaderElection273] INFO  impl.RoleInfo (RoleInfo.java:updateAndGet(143)) - f2627371-a904-4314-a836-5eb8f54559ec: start FollowerState
2019-10-21 19:13:18,015 [Thread-2068] INFO  impl.FollowerState (FollowerState.java:run(108)) - f2627371-a904-4314-a836-5eb8f54559ec@group-73E40DF2990B-FollowerState: change to CANDIDATE, lastRpcTime:186ms, electionTimeout:186ms
2019-10-21 19:13:18,016 [Thread-2068] INFO  impl.RoleInfo (RoleInfo.java:shutdownFollowerState(121)) - f2627371-a904-4314-a836-5eb8f54559ec: shutdown FollowerState
2019-10-21 19:13:18,016 [Thread-2068] INFO  impl.RaftServerImpl (RaftServerImpl.java:setRole(184)) - f2627371-a904-4314-a836-5eb8f54559ec@group-73E40DF2990B: changes role from  FOLLOWER to CANDIDATE at term 303 for changeToCandidate
2019-10-21 19:13:18,016 [Thread-2068] INFO  impl.RoleInfo (RoleInfo.java:updateAndGet(143)) - f2627371-a904-4314-a836-5eb8f54559ec: start LeaderElection
2019-10-21 19:13:18,031 [f2627371-a904-4314-a836-5eb8f54559ec@group-73E40DF2990B-LeaderElection274] INFO  impl.LeaderElection (LeaderElection.java:askForVotes(178)) - f2627371-a904-4314-a836-5eb8f54559ec@group-73E40DF2990B-LeaderElection274: begin an election at term 304 for -1: [e6a83585-83d0-4616-a3d5-866875ad8a29:192.168.34.32:46159, f2627371-a904-4314-a836-5eb8f54559ec:192.168.34.32:33224, 1b813ef4-47a4-4bfc-8eb5-c34ae440adb1:192.168.34.32:36113], old=null
2019-10-21 19:13:18,033 [grpc-default-executor-1] INFO  impl.RaftServerImpl (RaftServerImpl.java:setRole(184)) - 1b813ef4-47a4-4bfc-8eb5-c34ae440adb1@group-73E40DF2990B: changes role from  FOLLOWER to FOLLOWER at term 304 for recognizeCandidate:f2627371-a904-4314-a836-5eb8f54559ec
2019-10-21 19:13:18,033 [grpc-default-executor-0] INFO  impl.RaftServerImpl (RaftServerImpl.java:setRole(184)) - e6a83585-83d0-4616-a3d5-866875ad8a29@group-73E40DF2990B: changes role from  FOLLOWER to FOLLOWER at term 304 for recognizeCandidate:f2627371-a904-4314-a836-5eb8f54559ec
2019-10-21 19:13:18,033 [grpc-default-executor-1] INFO  impl.RoleInfo (RoleInfo.java:shutdownFollowerState(121)) - 1b813ef4-47a4-4bfc-8eb5-c34ae440adb1: shutdown FollowerState
2019-10-21 19:13:18,034 [grpc-default-executor-0] INFO  impl.RoleInfo (RoleInfo.java:shutdownFollowerState(121)) - e6a83585-83d0-4616-a3d5-866875ad8a29: shutdown FollowerState
2019-10-21 19:13:18,034 [Thread-2067] INFO  impl.FollowerState (FollowerState.java:run(117)) - 1b813ef4-47a4-4bfc-8eb5-c34ae440adb1@group-73E40DF2990B-FollowerState was interrupted: java.lang.InterruptedException: sleep interrupted
2019-10-21 19:13:18,034 [grpc-default-executor-1] INFO  impl.RoleInfo (RoleInfo.java:updateAndGet(143)) - 1b813ef4-47a4-4bfc-8eb5-c34ae440adb1: start FollowerState
2019-10-21 19:13:18,034 [Thread-2066] INFO  impl.FollowerState (FollowerState.java:run(117)) - e6a83585-83d0-4616-a3d5-866875ad8a29@group-73E40DF2990B-FollowerState was interrupted: java.lang.InterruptedException: sleep interrupted
2019-10-21 19:13:18,034 [grpc-default-executor-0] INFO  impl.RoleInfo (RoleInfo.java:updateAndGet(143)) - e6a83585-83d0-4616-a3d5-866875ad8a29: start FollowerState
2019-10-21 19:13:18,049 [f2627371-a904-4314-a836-5eb8f54559ec@group-73E40DF2990B-LeaderElection274] INFO  impl.LeaderElection (LeaderElection.java:logAndReturn(56)) - f2627371-a904-4314-a836-5eb8f54559ec@group-73E40DF2990B-LeaderElection274: Election REJECTED; received 2 response(s) [f2627371-a904-4314-a836-5eb8f54559ec<-e6a83585-83d0-4616-a3d5-866875ad8a29#0:FAIL-t304, f2627371-a904-4314-a836-5eb8f54559ec<-1b813ef4-47a4-4bfc-8eb5-c34ae440adb1#0:FAIL-t304] and 0 exception(s); f2627371-a904-4314-a836-5eb8f54559ec@group-73E40DF2990B:t304, leader=null, voted=f2627371-a904-4314-a836-5eb8f54559ec, raftlog=f2627371-a904-4314-a836-5eb8f54559ec@group-73E40DF2990B-SegmentedRaftLog:OPENED:c-1,f-1,i0, conf=-1: [e6a83585-83d0-4616-a3d5-866875ad8a29:192.168.34.32:46159, f2627371-a904-4314-a836-5eb8f54559ec:192.168.34.32:33224, 1b813ef4-47a4-4bfc-8eb5-c34ae440adb1:192.168.34.32:36113], old=null
2019-10-21 19:13:18,049 [f2627371-a904-4314-a836-5eb8f54559ec@group-73E40DF2990B-LeaderElection274] INFO  impl.RaftServerImpl (RaftServerImpl.java:setRole(184)) - f2627371-a904-4314-a836-5eb8f54559ec@group-73E40DF2990B: changes role from CANDIDATE to FOLLOWER at term 304 for DISCOVERED_A_NEW_TERM
2019-10-21 19:13:18,049 [f2627371-a904-4314-a836-5eb8f54559ec@group-73E40DF2990B-LeaderElection274] INFO  impl.RoleInfo (RoleInfo.java:shutdownLeaderElection(134)) - f2627371-a904-4314-a836-5eb8f54559ec: shutdown LeaderElection
2019-10-21 19:13:18,050 [f2627371-a904-4314-a836-5eb8f54559ec@group-73E40DF2990B-LeaderElection274] INFO  impl.RoleInfo (RoleInfo.java:updateAndGet(143)) - f2627371-a904-4314-a836-5eb8f54559ec: start FollowerState
2019-10-21 19:13:18,104 [Thread-2074] INFO  impl.FollowerState (FollowerState.java:run(108)) - f2627371-a904-4314-a836-5eb8f54559ec@group-73E40DF2990B-FollowerState: change to CANDIDATE, lastRpcTime:54ms, electionTimeout:54ms
2019-10-21 19:13:18,104 [Thread-2074] INFO  impl.RoleInfo (RoleInfo.java:shutdownFollowerState(121)) - f2627371-a904-4314-a836-5eb8f54559ec: shutdown FollowerState
2019-10-21 19:13:18,104 [Thread-2074] INFO  impl.RaftServerImpl (RaftServerImpl.java:setRole(184)) - f2627371-a904-4314-a836-5eb8f54559ec@group-73E40DF2990B: changes role from  FOLLOWER to CANDIDATE at term 304 for changeToCandidate
2019-10-21 19:13:18,104 [Thread-2074] INFO  impl.RoleInfo (RoleInfo.java:updateAndGet(143)) - f2627371-a904-4314-a836-5eb8f54559ec: start LeaderElection
2019-10-21 19:13:18,119 [f2627371-a904-4314-a836-5eb8f54559ec@group-73E40DF2990B-LeaderElection275] INFO  impl.LeaderElection (LeaderElection.java:askForVotes(178)) - f2627371-a904-4314-a836-5eb8f54559ec@group-73E40DF2990B-LeaderElection275: begin an election at term 305 for -1: [e6a83585-83d0-4616-a3d5-866875ad8a29:192.168.34.32:46159, f2627371-a904-4314-a836-5eb8f54559ec:192.168.34.32:33224, 1b813ef4-47a4-4bfc-8eb5-c34ae440adb1:192.168.34.32:36113], old=null
2019-10-21 19:13:18,121 [grpc-default-executor-0] INFO  impl.RaftServerImpl (RaftServerImpl.java:setRole(184)) - e6a83585-83d0-4616-a3d5-866875ad8a29@group-73E40DF2990B: changes role from  FOLLOWER to FOLLOWER at term 305 for recognizeCandidate:f2627371-a904-4314-a836-5eb8f54559ec
2019-10-21 19:13:18,121 [grpc-default-executor-0] INFO  impl.RoleInfo (RoleInfo.java:shutdownFollowerState(121)) - e6a83585-83d0-4616-a3d5-866875ad8a29: shutdown FollowerState
2019-10-21 19:13:18,121 [grpc-default-executor-1] INFO  impl.RaftServerImpl (RaftServerImpl.java:setRole(184)) - 1b813ef4-47a4-4bfc-8eb5-c34ae440adb1@group-73E40DF2990B: changes role from  FOLLOWER to FOLLOWER at term 305 for recognizeCandidate:f2627371-a904-4314-a836-5eb8f54559ec
2019-10-21 19:13:18,121 [Thread-2073] INFO  impl.FollowerState (FollowerState.java:run(117)) - e6a83585-83d0-4616-a3d5-866875ad8a29@group-73E40DF2990B-FollowerState was interrupted: java.lang.InterruptedException: sleep interrupted
2019-10-21 19:13:18,121 [grpc-default-executor-0] INFO  impl.RoleInfo (RoleInfo.java:updateAndGet(143)) - e6a83585-83d0-4616-a3d5-866875ad8a29: start FollowerState
2019-10-21 19:13:18,121 [grpc-default-executor-1] INFO  impl.RoleInfo (RoleInfo.java:shutdownFollowerState(121)) - 1b813ef4-47a4-4bfc-8eb5-c34ae440adb1: shutdown FollowerState
2019-10-21 19:13:18,122 [grpc-default-executor-1] INFO  impl.RoleInfo (RoleInfo.java:updateAndGet(143)) - 1b813ef4-47a4-4bfc-8eb5-c34ae440adb1: start FollowerState
2019-10-21 19:13:18,122 [Thread-2072] INFO  impl.FollowerState (FollowerState.java:run(117)) - 1b813ef4-47a4-4bfc-8eb5-c34ae440adb1@group-73E40DF2990B-FollowerState was interrupted: java.lang.InterruptedException: sleep interrupted
2019-10-21 19:13:18,137 [f2627371-a904-4314-a836-5eb8f54559ec@group-73E40DF2990B-LeaderElection275] INFO  impl.LeaderElection (LeaderElection.java:logAndReturn(56)) - f2627371-a904-4314-a836-5eb8f54559ec@group-73E40DF2990B-LeaderElection275: Election REJECTED; received 2 response(s) [f2627371-a904-4314-a836-5eb8f54559ec<-e6a83585-83d0-4616-a3d5-866875ad8a29#0:FAIL-t305, f2627371-a904-4314-a836-5eb8f54559ec<-1b813ef4-47a4-4bfc-8eb5-c34ae440adb1#0:FAIL-t305] and 0 exception(s); f2627371-a904-4314-a836-5eb8f54559ec@group-73E40DF2990B:t305, leader=null, voted=f2627371-a904-4314-a836-5eb8f54559ec, raftlog=f2627371-a904-4314-a836-5eb8f54559ec@group-73E40DF2990B-SegmentedRaftLog:OPENED:c-1,f-1,i0, conf=-1: [e6a83585-83d0-4616-a3d5-866875ad8a29:192.168.34.32:46159, f2627371-a904-4314-a836-5eb8f54559ec:192.168.34.32:33224, 1b813ef4-47a4-4bfc-8eb5-c34ae440adb1:192.168.34.32:36113], old=null
2019-10-21 19:13:18,137 [f2627371-a904-4314-a836-5eb8f54559ec@group-73E40DF2990B-LeaderElection275] INFO  impl.RaftServerImpl (RaftServerImpl.java:setRole(184)) - f2627371-a904-4314-a836-5eb8f54559ec@group-73E40DF2990B: changes role from CANDIDATE to FOLLOWER at term 305 for DISCOVERED_A_NEW_TERM
2019-10-21 19:13:18,137 [f2627371-a904-4314-a836-5eb8f54559ec@group-73E40DF2990B-LeaderElection275] INFO  impl.RoleInfo (RoleInfo.java:shutdownLeaderElection(134)) - f2627371-a904-4314-a836-5eb8f54559ec: shutdown LeaderElection
2019-10-21 19:13:18,137 [f2627371-a904-4314-a836-5eb8f54559ec@group-73E40DF2990B-LeaderElection275] INFO  impl.RoleInfo (RoleInfo.java:updateAndGet(143)) - f2627371-a904-4314-a836-5eb8f54559ec: start FollowerState
2019-10-21 19:13:18,287 [Thread-2080] INFO  impl.FollowerState (FollowerState.java:run(108)) - f2627371-a904-4314-a836-5eb8f54559ec@group-73E40DF2990B-FollowerState: change to CANDIDATE, lastRpcTime:149ms, electionTimeout:149ms
2019-10-21 19:13:18,287 [Thread-2080] INFO  impl.RoleInfo (RoleInfo.java:shutdownFollowerState(121)) - f2627371-a904-4314-a836-5eb8f54559ec: shutdown FollowerState
2019-10-21 19:13:18,287 [Thread-2080] INFO  impl.RaftServerImpl (RaftServerImpl.java:setRole(184)) - f2627371-a904-4314-a836-5eb8f54559ec@group-73E40DF2990B: changes role from  FOLLOWER to CANDIDATE at term 305 for changeToCandidate
2019-10-21 19:13:18,287 [Thread-2080] INFO  impl.RoleInfo (RoleInfo.java:updateAndGet(143)) - f2627371-a904-4314-a836-5eb8f54559ec: start LeaderElection
2019-10-21 19:13:18,302 [f2627371-a904-4314-a836-5eb8f54559ec@group-73E40DF2990B-LeaderElection276] INFO  impl.LeaderElection (LeaderElection.java:askForVotes(178)) - f2627371-a904-4314-a836-5eb8f54559ec@group-73E40DF2990B-LeaderElection276: begin an election at term 306 for -1: [e6a83585-83d0-4616-a3d5-866875ad8a29:192.168.34.32:46159, f2627371-a904-4314-a836-5eb8f54559ec:192.168.34.32:33224, 1b813ef4-47a4-4bfc-8eb5-c34ae440adb1:192.168.34.32:36113], old=null
2019-10-21 19:13:18,304 [grpc-default-executor-1] INFO  impl.RaftServerImpl (RaftServerImpl.java:setRole(184)) - 1b813ef4-47a4-4bfc-8eb5-c34ae440adb1@group-73E40DF2990B: changes role from  FOLLOWER to FOLLOWER at term 306 for recognizeCandidate:f2627371-a904-4314-a836-5eb8f54559ec
2019-10-21 19:13:18,304 [grpc-default-executor-1] INFO  impl.RoleInfo (RoleInfo.java:shutdownFollowerState(121)) - 1b813ef4-47a4-4bfc-8eb5-c34ae440adb1: shutdown FollowerState
2019-10-21 19:13:18,305 [grpc-default-executor-1] INFO  impl.RoleInfo (RoleInfo.java:updateAndGet(143)) - 1b813ef4-47a4-4bfc-8eb5-c34ae440adb1: start FollowerState
2019-10-21 19:13:18,305 [Thread-2079] INFO  impl.FollowerState (FollowerState.java:run(117)) - 1b813ef4-47a4-4bfc-8eb5-c34ae440adb1@group-73E40DF2990B-FollowerState was interrupted: java.lang.InterruptedException: sleep interrupted
2019-10-21 19:13:18,305 [grpc-default-executor-0] INFO  impl.RaftServerImpl (RaftServerImpl.java:setRole(184)) - e6a83585-83d0-4616-a3d5-866875ad8a29@group-73E40DF2990B: changes role from  FOLLOWER to FOLLOWER at term 306 for recognizeCandidate:f2627371-a904-4314-a836-5eb8f54559ec
2019-10-21 19:13:18,305 [grpc-default-executor-0] INFO  impl.RoleInfo (RoleInfo.java:shutdownFollowerState(121)) - e6a83585-83d0-4616-a3d5-866875ad8a29: shutdown FollowerState
2019-10-21 19:13:18,305 [grpc-default-executor-0] INFO  impl.RoleInfo (RoleInfo.java:updateAndGet(143)) - e6a83585-83d0-4616-a3d5-866875ad8a29: start FollowerState
2019-10-21 19:13:18,305 [Thread-2078] INFO  impl.FollowerState (FollowerState.java:run(117)) - e6a83585-83d0-4616-a3d5-866875ad8a29@group-73E40DF2990B-FollowerState was interrupted: java.lang.InterruptedException: sleep interrupted
2019-10-21 19:13:18,322 [f2627371-a904-4314-a836-5eb8f54559ec@group-73E40DF2990B-LeaderElection276] INFO  impl.LeaderElection (LeaderElection.java:logAndReturn(56)) - f2627371-a904-4314-a836-5eb8f54559ec@group-73E40DF2990B-LeaderElection276: Election REJECTED; received 2 response(s) [f2627371-a904-4314-a836-5eb8f54559ec<-e6a83585-83d0-4616-a3d5-866875ad8a29#0:FAIL-t306, f2627371-a904-4314-a836-5eb8f54559ec<-1b813ef4-47a4-4bfc-8eb5-c34ae440adb1#0:FAIL-t306] and 0 exception(s); f2627371-a904-4314-a836-5eb8f54559ec@group-73E40DF2990B:t306, leader=null, voted=f2627371-a904-4314-a836-5eb8f54559ec, raftlog=f2627371-a904-4314-a836-5eb8f54559ec@group-73E40DF2990B-SegmentedRaftLog:OPENED:c-1,f-1,i0, conf=-1: [e6a83585-83d0-4616-a3d5-866875ad8a29:192.168.34.32:46159, f2627371-a904-4314-a836-5eb8f54559ec:192.168.34.32:33224, 1b813ef4-47a4-4bfc-8eb5-c34ae440adb1:192.168.34.32:36113], old=null
2019-10-21 19:13:18,322 [f2627371-a904-4314-a836-5eb8f54559ec@group-73E40DF2990B-LeaderElection276] INFO  impl.RaftServerImpl (RaftServerImpl.java:setRole(184)) - f2627371-a904-4314-a836-5eb8f54559ec@group-73E40DF2990B: changes role from CANDIDATE to FOLLOWER at term 306 for DISCOVERED_A_NEW_TERM
2019-10-21 19:13:18,323 [f2627371-a904-4314-a836-5eb8f54559ec@group-73E40DF2990B-LeaderElection276] INFO  impl.RoleInfo (RoleInfo.java:shutdownLeaderElection(134)) - f2627371-a904-4314-a836-5eb8f54559ec: shutdown LeaderElection
2019-10-21 19:13:18,323 [f2627371-a904-4314-a836-5eb8f54559ec@group-73E40DF2990B-LeaderElection276] INFO  impl.RoleInfo (RoleInfo.java:updateAndGet(143)) - f2627371-a904-4314-a836-5eb8f54559ec: start FollowerState
2019-10-21 19:13:18,371 [Thread-2086] INFO  impl.FollowerState (FollowerState.java:run(108)) - f2627371-a904-4314-a836-5eb8f54559ec@group-73E40DF2990B-FollowerState: change to CANDIDATE, lastRpcTime:48ms, electionTimeout:48ms
2019-10-21 19:13:18,371 [Thread-2086] INFO  impl.RoleInfo (RoleInfo.java:shutdownFollowerState(121)) - f2627371-a904-4314-a836-5eb8f54559ec: shutdown FollowerState
2019-10-21 19:13:18,371 [Thread-2086] INFO  impl.RaftServerImpl (RaftServerImpl.java:setRole(184)) - f2627371-a904-4314-a836-5eb8f54559ec@group-73E40DF2990B: changes role from  FOLLOWER to CANDIDATE at term 306 for changeToCandidate
2019-10-21 19:13:18,372 [Thread-2086] INFO  impl.RoleInfo (RoleInfo.java:updateAndGet(143)) - f2627371-a904-4314-a836-5eb8f54559ec: start LeaderElection
2019-10-21 19:13:18,386 [f2627371-a904-4314-a836-5eb8f54559ec@group-73E40DF2990B-LeaderElection277] INFO  impl.LeaderElection (LeaderElection.java:askForVotes(178)) - f2627371-a904-4314-a836-5eb8f54559ec@group-73E40DF2990B-LeaderElection277: begin an election at term 307 for -1: [e6a83585-83d0-4616-a3d5-866875ad8a29:192.168.34.32:46159, f2627371-a904-4314-a836-5eb8f54559ec:192.168.34.32:33224, 1b813ef4-47a4-4bfc-8eb5-c34ae440adb1:192.168.34.32:36113], old=null
2019-10-21 19:13:18,389 [grpc-default-executor-1] INFO  impl.RaftServerImpl (RaftServerImpl.java:setRole(184)) - e6a83585-83d0-4616-a3d5-866875ad8a29@group-73E40DF2990B: changes role from  FOLLOWER to FOLLOWER at term 307 for recognizeCandidate:f2627371-a904-4314-a836-5eb8f54559ec
2019-10-21 19:13:18,389 [grpc-default-executor-0] INFO  impl.RaftServerImpl (RaftServerImpl.java:setRole(184)) - 1b813ef4-47a4-4bfc-8eb5-c34ae440adb1@group-73E40DF2990B: changes role from  FOLLOWER to FOLLOWER at term 307 for recognizeCandidate:f2627371-a904-4314-a836-5eb8f54559ec
2019-10-21 19:13:18,389 [grpc-default-executor-1] INFO  impl.RoleInfo (RoleInfo.java:shutdownFollowerState(121)) - e6a83585-83d0-4616-a3d5-866875ad8a29: shutdown FollowerState
2019-10-21 19:13:18,389 [grpc-default-executor-0] INFO  impl.RoleInfo (RoleInfo.java:shutdownFollowerState(121)) - 1b813ef4-47a4-4bfc-8eb5-c34ae440adb1: shutdown FollowerState
2019-10-21 19:13:18,389 [Thread-2085] INFO  impl.FollowerState (FollowerState.java:run(117)) - e6a83585-83d0-4616-a3d5-866875ad8a29@group-73E40DF2990B-FollowerState was interrupted: java.lang.InterruptedException: sleep interrupted
2019-10-21 19:13:18,389 [grpc-default-executor-1] INFO  impl.RoleInfo (RoleInfo.java:updateAndGet(143)) - e6a83585-83d0-4616-a3d5-866875ad8a29: start FollowerState
2019-10-21 19:13:18,389 [Thread-2084] INFO  impl.FollowerState (FollowerState.java:run(117)) - 1b813ef4-47a4-4bfc-8eb5-c34ae440adb1@group-73E40DF2990B-FollowerState was interrupted: java.lang.InterruptedException: sleep interrupted
2019-10-21 19:13:18,389 [grpc-default-executor-0] INFO  impl.RoleInfo (RoleInfo.java:updateAndGet(143)) - 1b813ef4-47a4-4bfc-8eb5-c34ae440adb1: start FollowerState
2019-10-21 19:13:18,404 [f2627371-a904-4314-a836-5eb8f54559ec@group-73E40DF2990B-LeaderElection277] INFO  impl.LeaderElection (LeaderElection.java:logAndReturn(56)) - f2627371-a904-4314-a836-5eb8f54559ec@group-73E40DF2990B-LeaderElection277: Election REJECTED; received 2 response(s) [f2627371-a904-4314-a836-5eb8f54559ec<-e6a83585-83d0-4616-a3d5-866875ad8a29#0:FAIL-t307, f2627371-a904-4314-a836-5eb8f54559ec<-1b813ef4-47a4-4bfc-8eb5-c34ae440adb1#0:FAIL-t307] and 0 exception(s); f2627371-a904-4314-a836-5eb8f54559ec@group-73E40DF2990B:t307, leader=null, voted=f2627371-a904-4314-a836-5eb8f54559ec, raftlog=f2627371-a904-4314-a836-5eb8f54559ec@group-73E40DF2990B-SegmentedRaftLog:OPENED:c-1,f-1,i0, conf=-1: [e6a83585-83d0-4616-a3d5-866875ad8a29:192.168.34.32:46159, f2627371-a904-4314-a836-5eb8f54559ec:192.168.34.32:33224, 1b813ef4-47a4-4bfc-8eb5-c34ae440adb1:192.168.34.32:36113], old=null
2019-10-21 19:13:18,405 [f2627371-a904-4314-a836-5eb8f54559ec@group-73E40DF2990B-LeaderElection277] INFO  impl.RaftServerImpl (RaftServerImpl.java:setRole(184)) - f2627371-a904-4314-a836-5eb8f54559ec@group-73E40DF2990B: changes role from CANDIDATE to FOLLOWER at term 307 for DISCOVERED_A_NEW_TERM
2019-10-21 19:13:18,405 [f2627371-a904-4314-a836-5eb8f54559ec@group-73E40DF2990B-LeaderElection277] INFO  impl.RoleInfo (RoleInfo.java:shutdownLeaderElection(134)) - f2627371-a904-4314-a836-5eb8f54559ec: shutdown LeaderElection
2019-10-21 19:13:18,405 [f2627371-a904-4314-a836-5eb8f54559ec@group-73E40DF2990B-LeaderElection277] INFO  impl.RoleInfo (RoleInfo.java:updateAndGet(143)) - f2627371-a904-4314-a836-5eb8f54559ec: start FollowerState
2019-10-21 19:13:18,443 [Thread-2092] INFO  impl.FollowerState (FollowerState.java:run(108)) - f2627371-a904-4314-a836-5eb8f54559ec@group-73E40DF2990B-FollowerState: change to CANDIDATE, lastRpcTime:38ms, electionTimeout:38ms
2019-10-21 19:13:18,443 [Thread-2092] INFO  impl.RoleInfo (RoleInfo.java:shutdownFollowerState(121)) - f2627371-a904-4314-a836-5eb8f54559ec: shutdown FollowerState
2019-10-21 19:13:18,443 [Thread-2092] INFO  impl.RaftServerImpl (RaftServerImpl.java:setRole(184)) - f2627371-a904-4314-a836-5eb8f54559ec@group-73E40DF2990B: changes role from  FOLLOWER to CANDIDATE at term 307 for changeToCandidate
2019-10-21 19:13:18,444 [Thread-2092] INFO  impl.RoleInfo (RoleInfo.java:updateAndGet(143)) - f2627371-a904-4314-a836-5eb8f54559ec: start LeaderElection
2019-10-21 19:13:18,458 [f2627371-a904-4314-a836-5eb8f54559ec@group-73E40DF2990B-LeaderElection278] INFO  impl.LeaderElection (LeaderElection.java:askForVotes(178)) - f2627371-a904-4314-a836-5eb8f54559ec@group-73E40DF2990B-LeaderElection278: begin an election at term 308 for -1: [e6a83585-83d0-4616-a3d5-866875ad8a29:192.168.34.32:46159, f2627371-a904-4314-a836-5eb8f54559ec:192.168.34.32:33224, 1b813ef4-47a4-4bfc-8eb5-c34ae440adb1:192.168.34.32:36113], old=null
2019-10-21 19:13:18,460 [grpc-default-executor-1] INFO  impl.RaftServerImpl (RaftServerImpl.java:setRole(184)) - e6a83585-83d0-4616-a3d5-866875ad8a29@group-73E40DF2990B: changes role from  FOLLOWER to FOLLOWER at term 308 for recognizeCandidate:f2627371-a904-4314-a836-5eb8f54559ec
2019-10-21 19:13:18,461 [grpc-default-executor-1] INFO  impl.RoleInfo (RoleInfo.java:shutdownFollowerState(121)) - e6a83585-83d0-4616-a3d5-866875ad8a29: shutdown FollowerState
2019-10-21 19:13:18,461 [grpc-default-executor-1] INFO  impl.RoleInfo (RoleInfo.java:updateAndGet(143)) - e6a83585-83d0-4616-a3d5-866875ad8a29: start FollowerState
2019-10-21 19:13:18,461 [Thread-2090] INFO  impl.FollowerState (FollowerState.java:run(117)) - e6a83585-83d0-4616-a3d5-866875ad8a29@group-73E40DF2990B-FollowerState was interrupted: java.lang.InterruptedException: sleep interrupted
2019-10-21 19:13:18,461 [grpc-default-executor-0] INFO  impl.RaftServerImpl (RaftServerImpl.java:setRole(184)) - 1b813ef4-47a4-4bfc-8eb5-c34ae440adb1@group-73E40DF2990B: changes role from  FOLLOWER to FOLLOWER at term 308 for recognizeCandidate:f2627371-a904-4314-a836-5eb8f54559ec
2019-10-21 19:13:18,461 [grpc-default-executor-0] INFO  impl.RoleInfo (RoleInfo.java:shutdownFollowerState(121)) - 1b813ef4-47a4-4bfc-8eb5-c34ae440adb1: shutdown FollowerState
2019-10-21 19:13:18,461 [grpc-default-executor-0] INFO  impl.RoleInfo (RoleInfo.java:updateAndGet(143)) - 1b813ef4-47a4-4bfc-8eb5-c34ae440adb1: start FollowerState
2019-10-21 19:13:18,461 [Thread-2091] INFO  impl.FollowerState (FollowerState.java:run(117)) - 1b813ef4-47a4-4bfc-8eb5-c34ae440adb1@group-73E40DF2990B-FollowerState was interrupted: java.lang.InterruptedException: sleep interrupted
2019-10-21 19:13:18,475 [f2627371-a904-4314-a836-5eb8f54559ec@group-73E40DF2990B-LeaderElection278] INFO  impl.LeaderElection (LeaderElection.java:logAndReturn(56)) - f2627371-a904-4314-a836-5eb8f54559ec@group-73E40DF2990B-LeaderElection278: Election REJECTED; received 2 response(s) [f2627371-a904-4314-a836-5eb8f54559ec<-e6a83585-83d0-4616-a3d5-866875ad8a29#0:FAIL-t308, f2627371-a904-4314-a836-5eb8f54559ec<-1b813ef4-47a4-4bfc-8eb5-c34ae440adb1#0:FAIL-t308] and 0 exception(s); f2627371-a904-4314-a836-5eb8f54559ec@group-73E40DF2990B:t308, leader=null, voted=f2627371-a904-4314-a836-5eb8f54559ec, raftlog=f2627371-a904-4314-a836-5eb8f54559ec@group-73E40DF2990B-SegmentedRaftLog:OPENED:c-1,f-1,i0, conf=-1: [e6a83585-83d0-4616-a3d5-866875ad8a29:192.168.34.32:46159, f2627371-a904-4314-a836-5eb8f54559ec:192.168.34.32:33224, 1b813ef4-47a4-4bfc-8eb5-c34ae440adb1:192.168.34.32:36113], old=null
2019-10-21 19:13:18,476 [f2627371-a904-4314-a836-5eb8f54559ec@group-73E40DF2990B-LeaderElection278] INFO  impl.RaftServerImpl (RaftServerImpl.java:setRole(184)) - f2627371-a904-4314-a836-5eb8f54559ec@group-73E40DF2990B: changes role from CANDIDATE to FOLLOWER at term 308 for DISCOVERED_A_NEW_TERM
2019-10-21 19:13:18,476 [f2627371-a904-4314-a836-5eb8f54559ec@group-73E40DF2990B-LeaderElection278] INFO  impl.RoleInfo (RoleInfo.java:shutdownLeaderElection(134)) - f2627371-a904-4314-a836-5eb8f54559ec: shutdown LeaderElection
2019-10-21 19:13:18,476 [f2627371-a904-4314-a836-5eb8f54559ec@group-73E40DF2990B-LeaderElection278] INFO  impl.RoleInfo (RoleInfo.java:updateAndGet(143)) - f2627371-a904-4314-a836-5eb8f54559ec: start FollowerState
2019-10-21 19:13:18,579 [Thread-2098] INFO  impl.FollowerState (FollowerState.java:run(108)) - f2627371-a904-4314-a836-5eb8f54559ec@group-73E40DF2990B-FollowerState: change to CANDIDATE, lastRpcTime:103ms, electionTimeout:103ms
2019-10-21 19:13:18,580 [Thread-2098] INFO  impl.RoleInfo (RoleInfo.java:shutdownFollowerState(121)) - f2627371-a904-4314-a836-5eb8f54559ec: shutdown FollowerState
2019-10-21 19:13:18,580 [Thread-2098] INFO  impl.RaftServerImpl (RaftServerImpl.java:setRole(184)) - f2627371-a904-4314-a836-5eb8f54559ec@group-73E40DF2990B: changes role from  FOLLOWER to CANDIDATE at term 308 for changeToCandidate
2019-10-21 19:13:18,580 [Thread-2098] INFO  impl.RoleInfo (RoleInfo.java:updateAndGet(143)) - f2627371-a904-4314-a836-5eb8f54559ec: start LeaderElection
2019-10-21 19:13:18,594 [f2627371-a904-4314-a836-5eb8f54559ec@group-73E40DF2990B-LeaderElection279] INFO  impl.LeaderElection (LeaderElection.java:askForVotes(178)) - f2627371-a904-4314-a836-5eb8f54559ec@group-73E40DF2990B-LeaderElection279: begin an election at term 309 for -1: [e6a83585-83d0-4616-a3d5-866875ad8a29:192.168.34.32:46159, f2627371-a904-4314-a836-5eb8f54559ec:192.168.34.32:33224, 1b813ef4-47a4-4bfc-8eb5-c34ae440adb1:192.168.34.32:36113], old=null
2019-10-21 19:13:18,597 [grpc-default-executor-1] INFO  impl.RaftServerImpl (RaftServerImpl.java:setRole(184)) - 1b813ef4-47a4-4bfc-8eb5-c34ae440adb1@group-73E40DF2990B: changes role from  FOLLOWER to FOLLOWER at term 309 for recognizeCandidate:f2627371-a904-4314-a836-5eb8f54559ec
2019-10-21 19:13:18,597 [grpc-default-executor-1] INFO  impl.RoleInfo (RoleInfo.java:shutdownFollowerState(121)) - 1b813ef4-47a4-4bfc-8eb5-c34ae440adb1: shutdown FollowerState
2019-10-21 19:13:18,597 [grpc-default-executor-1] INFO  impl.RoleInfo (RoleInfo.java:updateAndGet(143)) - 1b813ef4-47a4-4bfc-8eb5-c34ae440adb1: start FollowerState
2019-10-21 19:13:18,597 [Thread-2097] INFO  impl.FollowerState (FollowerState.java:run(117)) - 1b813ef4-47a4-4bfc-8eb5-c34ae440adb1@group-73E40DF2990B-FollowerState was interrupted: java.lang.InterruptedException: sleep interrupted
2019-10-21 19:13:18,597 [grpc-default-executor-0] INFO  impl.RaftServerImpl (RaftServerImpl.java:setRole(184)) - e6a83585-83d0-4616-a3d5-866875ad8a29@group-73E40DF2990B: changes role from  FOLLOWER to FOLLOWER at term 309 for recognizeCandidate:f2627371-a904-4314-a836-5eb8f54559ec
2019-10-21 19:13:18,597 [grpc-default-executor-0] INFO  impl.RoleInfo (RoleInfo.java:shutdownFollowerState(121)) - e6a83585-83d0-4616-a3d5-866875ad8a29: shutdown FollowerState
2019-10-21 19:13:18,598 [grpc-default-executor-0] INFO  impl.RoleInfo (RoleInfo.java:updateAndGet(143)) - e6a83585-83d0-4616-a3d5-866875ad8a29: start FollowerState
2019-10-21 19:13:18,598 [Thread-2096] INFO  impl.FollowerState (FollowerState.java:run(117)) - e6a83585-83d0-4616-a3d5-866875ad8a29@group-73E40DF2990B-FollowerState was interrupted: java.lang.InterruptedException: sleep interrupted
2019-10-21 19:13:18,613 [f2627371-a904-4314-a836-5eb8f54559ec@group-73E40DF2990B-LeaderElection279] INFO  impl.LeaderElection (LeaderElection.java:logAndReturn(56)) - f2627371-a904-4314-a836-5eb8f54559ec@group-73E40DF2990B-LeaderElection279: Election REJECTED; received 2 response(s) [f2627371-a904-4314-a836-5eb8f54559ec<-e6a83585-83d0-4616-a3d5-866875ad8a29#0:FAIL-t309, f2627371-a904-4314-a836-5eb8f54559ec<-1b813ef4-47a4-4bfc-8eb5-c34ae440adb1#0:FAIL-t309] and 0 exception(s); f2627371-a904-4314-a836-5eb8f54559ec@group-73E40DF2990B:t309, leader=null, voted=f2627371-a904-4314-a836-5eb8f54559ec, raftlog=f2627371-a904-4314-a836-5eb8f54559ec@group-73E40DF2990B-SegmentedRaftLog:OPENED:c-1,f-1,i0, conf=-1: [e6a83585-83d0-4616-a3d5-866875ad8a29:192.168.34.32:46159, f2627371-a904-4314-a836-5eb8f54559ec:192.168.34.32:33224, 1b813ef4-47a4-4bfc-8eb5-c34ae440adb1:192.168.34.32:36113], old=null
2019-10-21 19:13:18,613 [f2627371-a904-4314-a836-5eb8f54559ec@group-73E40DF2990B-LeaderElection279] INFO  impl.RaftServerImpl (RaftServerImpl.java:setRole(184)) - f2627371-a904-4314-a836-5eb8f54559ec@group-73E40DF2990B: changes role from CANDIDATE to FOLLOWER at term 309 for DISCOVERED_A_NEW_TERM
2019-10-21 19:13:18,613 [f2627371-a904-4314-a836-5eb8f54559ec@group-73E40DF2990B-LeaderElection279] INFO  impl.RoleInfo (RoleInfo.java:shutdownLeaderElection(134)) - f2627371-a904-4314-a836-5eb8f54559ec: shutdown LeaderElection
2019-10-21 19:13:18,613 [f2627371-a904-4314-a836-5eb8f54559ec@group-73E40DF2990B-LeaderElection279] INFO  impl.RoleInfo (RoleInfo.java:updateAndGet(143)) - f2627371-a904-4314-a836-5eb8f54559ec: start FollowerState
2019-10-21 19:13:18,750 [Thread-2104] INFO  impl.FollowerState (FollowerState.java:run(108)) - f2627371-a904-4314-a836-5eb8f54559ec@group-73E40DF2990B-FollowerState: change to CANDIDATE, lastRpcTime:136ms, electionTimeout:136ms
2019-10-21 19:13:18,750 [Thread-2104] INFO  impl.RoleInfo (RoleInfo.java:shutdownFollowerState(121)) - f2627371-a904-4314-a836-5eb8f54559ec: shutdown FollowerState
2019-10-21 19:13:18,750 [Thread-2104] INFO  impl.RaftServerImpl (RaftServerImpl.java:setRole(184)) - f2627371-a904-4314-a836-5eb8f54559ec@group-73E40DF2990B: changes role from  FOLLOWER to CANDIDATE at term 309 for changeToCandidate
2019-10-21 19:13:18,750 [Thread-2104] INFO  impl.RoleInfo (RoleInfo.java:updateAndGet(143)) - f2627371-a904-4314-a836-5eb8f54559ec: start LeaderElection
2019-10-21 19:13:18,765 [f2627371-a904-4314-a836-5eb8f54559ec@group-73E40DF2990B-LeaderElection280] INFO  impl.LeaderElection (LeaderElection.java:askForVotes(178)) - f2627371-a904-4314-a836-5eb8f54559ec@group-73E40DF2990B-LeaderElection280: begin an election at term 310 for -1: [e6a83585-83d0-4616-a3d5-866875ad8a29:192.168.34.32:46159, f2627371-a904-4314-a836-5eb8f54559ec:192.168.34.32:33224, 1b813ef4-47a4-4bfc-8eb5-c34ae440adb1:192.168.34.32:36113], old=null
2019-10-21 19:13:18,767 [grpc-default-executor-0] INFO  impl.RaftServerImpl (RaftServerImpl.java:setRole(184)) - e6a83585-83d0-4616-a3d5-866875ad8a29@group-73E40DF2990B: changes role from  FOLLOWER to FOLLOWER at term 310 for recognizeCandidate:f2627371-a904-4314-a836-5eb8f54559ec
2019-10-21 19:13:18,768 [grpc-default-executor-0] INFO  impl.RoleInfo (RoleInfo.java:shutdownFollowerState(121)) - e6a83585-83d0-4616-a3d5-866875ad8a29: shutdown FollowerState
2019-10-21 19:13:18,768 [grpc-default-executor-1] INFO  impl.RaftServerImpl (RaftServerImpl.java:setRole(184)) - 1b813ef4-47a4-4bfc-8eb5-c34ae440adb1@group-73E40DF2990B: changes role from  FOLLOWER to FOLLOWER at term 310 for recognizeCandidate:f2627371-a904-4314-a836-5eb8f54559ec
2019-10-21 19:13:18,768 [grpc-default-executor-1] INFO  impl.RoleInfo (RoleInfo.java:shutdownFollowerState(121)) - 1b813ef4-47a4-4bfc-8eb5-c34ae440adb1: shutdown FollowerState
2019-10-21 19:13:18,768 [Thread-2103] INFO  impl.FollowerState (FollowerState.java:run(117)) - e6a83585-83d0-4616-a3d5-866875ad8a29@group-73E40DF2990B-FollowerState was interrupted: java.lang.InterruptedException: sleep interrupted
2019-10-21 19:13:18,768 [grpc-default-executor-0] INFO  impl.RoleInfo (RoleInfo.java:updateAndGet(143)) - e6a83585-83d0-4616-a3d5-866875ad8a29: start FollowerState
2019-10-21 19:13:18,768 [Thread-2102] INFO  impl.FollowerState (FollowerState.java:run(117)) - 1b813ef4-47a4-4bfc-8eb5-c34ae440adb1@group-73E40DF2990B-FollowerState was interrupted: java.lang.InterruptedException: sleep interrupted
2019-10-21 19:13:18,768 [grpc-default-executor-1] INFO  impl.RoleInfo (RoleInfo.java:updateAndGet(143)) - 1b813ef4-47a4-4bfc-8eb5-c34ae440adb1: start FollowerState
2019-10-21 19:13:18,784 [f2627371-a904-4314-a836-5eb8f54559ec@group-73E40DF2990B-LeaderElection280] INFO  impl.LeaderElection (LeaderElection.java:logAndReturn(56)) - f2627371-a904-4314-a836-5eb8f54559ec@group-73E40DF2990B-LeaderElection280: Election REJECTED; received 2 response(s) [f2627371-a904-4314-a836-5eb8f54559ec<-e6a83585-83d0-4616-a3d5-866875ad8a29#0:FAIL-t310, f2627371-a904-4314-a836-5eb8f54559ec<-1b813ef4-47a4-4bfc-8eb5-c34ae440adb1#0:FAIL-t310] and 0 exception(s); f2627371-a904-4314-a836-5eb8f54559ec@group-73E40DF2990B:t310, leader=null, voted=f2627371-a904-4314-a836-5eb8f54559ec, raftlog=f2627371-a904-4314-a836-5eb8f54559ec@group-73E40DF2990B-SegmentedRaftLog:OPENED:c-1,f-1,i0, conf=-1: [e6a83585-83d0-4616-a3d5-866875ad8a29:192.168.34.32:46159, f2627371-a904-4314-a836-5eb8f54559ec:192.168.34.32:33224, 1b813ef4-47a4-4bfc-8eb5-c34ae440adb1:192.168.34.32:36113], old=null
2019-10-21 19:13:18,784 [f2627371-a904-4314-a836-5eb8f54559ec@group-73E40DF2990B-LeaderElection280] INFO  impl.RaftServerImpl (RaftServerImpl.java:setRole(184)) - f2627371-a904-4314-a836-5eb8f54559ec@group-73E40DF2990B: changes role from CANDIDATE to FOLLOWER at term 310 for DISCOVERED_A_NEW_TERM
2019-10-21 19:13:18,785 [f2627371-a904-4314-a836-5eb8f54559ec@group-73E40DF2990B-LeaderElection280] INFO  impl.RoleInfo (RoleInfo.java:shutdownLeaderElection(134)) - f2627371-a904-4314-a836-5eb8f54559ec: shutdown LeaderElection
2019-10-21 19:13:18,785 [f2627371-a904-4314-a836-5eb8f54559ec@group-73E40DF2990B-LeaderElection280] INFO  impl.RoleInfo (RoleInfo.java:updateAndGet(143)) - f2627371-a904-4314-a836-5eb8f54559ec: start FollowerState
2019-10-21 19:13:18,800 [Thread-2112] INFO  impl.FollowerState (FollowerState.java:run(108)) - f2627371-a904-4314-a836-5eb8f54559ec@group-73E40DF2990B-FollowerState: change to CANDIDATE, lastRpcTime:15ms, electionTimeout:15ms
2019-10-21 19:13:18,800 [Thread-2112] INFO  impl.RoleInfo (RoleInfo.java:shutdownFollowerState(121)) - f2627371-a904-4314-a836-5eb8f54559ec: shutdown FollowerState
2019-10-21 19:13:18,800 [Thread-2112] INFO  impl.RaftServerImpl (RaftServerImpl.java:setRole(184)) - f2627371-a904-4314-a836-5eb8f54559ec@group-73E40DF2990B: changes role from  FOLLOWER to CANDIDATE at term 310 for changeToCandidate
2019-10-21 19:13:18,801 [Thread-2112] INFO  impl.RoleInfo (RoleInfo.java:updateAndGet(143)) - f2627371-a904-4314-a836-5eb8f54559ec: start LeaderElection
2019-10-21 19:13:18,815 [f2627371-a904-4314-a836-5eb8f54559ec@group-73E40DF2990B-LeaderElection281] INFO  impl.LeaderElection (LeaderElection.java:askForVotes(178)) - f2627371-a904-4314-a836-5eb8f54559ec@group-73E40DF2990B-LeaderElection281: begin an election at term 311 for -1: [e6a83585-83d0-4616-a3d5-866875ad8a29:192.168.34.32:46159, f2627371-a904-4314-a836-5eb8f54559ec:192.168.34.32:33224, 1b813ef4-47a4-4bfc-8eb5-c34ae440adb1:192.168.34.32:36113], old=null
2019-10-21 19:13:18,817 [grpc-default-executor-1] INFO  impl.RaftServerImpl (RaftServerImpl.java:setRole(184)) - e6a83585-83d0-4616-a3d5-866875ad8a29@group-73E40DF2990B: changes role from  FOLLOWER to FOLLOWER at term 311 for recognizeCandidate:f2627371-a904-4314-a836-5eb8f54559ec
2019-10-21 19:13:18,817 [grpc-default-executor-1] INFO  impl.RoleInfo (RoleInfo.java:shutdownFollowerState(121)) - e6a83585-83d0-4616-a3d5-866875ad8a29: shutdown FollowerState
2019-10-21 19:13:18,817 [grpc-default-executor-1] INFO  impl.RoleInfo (RoleInfo.java:updateAndGet(143)) - e6a83585-83d0-4616-a3d5-866875ad8a29: start FollowerState
2019-10-21 19:13:18,817 [Thread-2110] INFO  impl.FollowerState (FollowerState.java:run(117)) - e6a83585-83d0-4616-a3d5-866875ad8a29@group-73E40DF2990B-FollowerState was interrupted: java.lang.InterruptedException: sleep interrupted
2019-10-21 19:13:18,817 [grpc-default-executor-0] INFO  impl.RaftServerImpl (RaftServerImpl.java:setRole(184)) - 1b813ef4-47a4-4bfc-8eb5-c34ae440adb1@group-73E40DF2990B: changes role from  FOLLOWER to FOLLOWER at term 311 for recognizeCandidate:f2627371-a904-4314-a836-5eb8f54559ec
2019-10-21 19:13:18,818 [grpc-default-executor-0] INFO  impl.RoleInfo (RoleInfo.java:shutdownFollowerState(121)) - 1b813ef4-47a4-4bfc-8eb5-c34ae440adb1: shutdown FollowerState
2019-10-21 19:13:18,818 [grpc-default-executor-0] INFO  impl.RoleInfo (RoleInfo.java:updateAndGet(143)) - 1b813ef4-47a4-4bfc-8eb5-c34ae440adb1: start FollowerState
2019-10-21 19:13:18,818 [Thread-2111] INFO  impl.FollowerState (FollowerState.java:run(117)) - 1b813ef4-47a4-4bfc-8eb5-c34ae440adb1@group-73E40DF2990B-FollowerState was interrupted: java.lang.InterruptedException: sleep interrupted
2019-10-21 19:13:18,826 [f2627371-a904-4314-a836-5eb8f54559ec@group-73E40DF2990B-LeaderElection281] INFO  impl.LeaderElection (LeaderElection.java:logAndReturn(56)) - f2627371-a904-4314-a836-5eb8f54559ec@group-73E40DF2990B-LeaderElection281: Election TIMEOUT; received 0 response(s) [] and 0 exception(s); f2627371-a904-4314-a836-5eb8f54559ec@group-73E40DF2990B:t311, leader=null, voted=f2627371-a904-4314-a836-5eb8f54559ec, raftlog=f2627371-a904-4314-a836-5eb8f54559ec@group-73E40DF2990B-SegmentedRaftLog:OPENED:c-1,f-1,i0, conf=-1: [e6a83585-83d0-4616-a3d5-866875ad8a29:192.168.34.32:46159, f2627371-a904-4314-a836-5eb8f54559ec:192.168.34.32:33224, 1b813ef4-47a4-4bfc-8eb5-c34ae440adb1:192.168.34.32:36113], old=null
2019-10-21 19:13:18,831 [f2627371-a904-4314-a836-5eb8f54559ec@group-73E40DF2990B-LeaderElection281] INFO  impl.LeaderElection (LeaderElection.java:askForVotes(178)) - f2627371-a904-4314-a836-5eb8f54559ec@group-73E40DF2990B-LeaderElection281: begin an election at term 312 for -1: [e6a83585-83d0-4616-a3d5-866875ad8a29:192.168.34.32:46159, f2627371-a904-4314-a836-5eb8f54559ec:192.168.34.32:33224, 1b813ef4-47a4-4bfc-8eb5-c34ae440adb1:192.168.34.32:36113], old=null
2019-10-21 19:13:18,833 [grpc-default-executor-1] INFO  impl.RaftServerImpl (RaftServerImpl.java:setRole(184)) - e6a83585-83d0-4616-a3d5-866875ad8a29@group-73E40DF2990B: changes role from  FOLLOWER to FOLLOWER at term 312 for recognizeCandidate:f2627371-a904-4314-a836-5eb8f54559ec
2019-10-21 19:13:18,833 [grpc-default-executor-1] INFO  impl.RoleInfo (RoleInfo.java:shutdownFollowerState(121)) - e6a83585-83d0-4616-a3d5-866875ad8a29: shutdown FollowerState
2019-10-21 19:13:18,833 [Thread-2116] INFO  impl.FollowerState (FollowerState.java:run(117)) - e6a83585-83d0-4616-a3d5-866875ad8a29@group-73E40DF2990B-FollowerState was interrupted: java.lang.InterruptedException: sleep interrupted
2019-10-21 19:13:18,833 [grpc-default-executor-1] INFO  impl.RoleInfo (RoleInfo.java:updateAndGet(143)) - e6a83585-83d0-4616-a3d5-866875ad8a29: start FollowerState
2019-10-21 19:13:18,833 [grpc-default-executor-0] INFO  impl.RaftServerImpl (RaftServerImpl.java:setRole(184)) - 1b813ef4-47a4-4bfc-8eb5-c34ae440adb1@group-73E40DF2990B: changes role from  FOLLOWER to FOLLOWER at term 312 for recognizeCandidate:f2627371-a904-4314-a836-5eb8f54559ec
2019-10-21 19:13:18,834 [grpc-default-executor-0] INFO  impl.RoleInfo (RoleInfo.java:shutdownFollowerState(121)) - 1b813ef4-47a4-4bfc-8eb5-c34ae440adb1: shutdown FollowerState
2019-10-21 19:13:18,834 [grpc-default-executor-0] INFO  impl.RoleInfo (RoleInfo.java:updateAndGet(143)) - 1b813ef4-47a4-4bfc-8eb5-c34ae440adb1: start FollowerState
2019-10-21 19:13:18,834 [Thread-2117] INFO  impl.FollowerState (FollowerState.java:run(117)) - 1b813ef4-47a4-4bfc-8eb5-c34ae440adb1@group-73E40DF2990B-FollowerState was interrupted: java.lang.InterruptedException: sleep interrupted
2019-10-21 19:13:18,875 [f2627371-a904-4314-a836-5eb8f54559ec@group-73E40DF2990B-LeaderElection281] INFO  impl.LeaderElection (LeaderElection.java:logAndReturn(56)) - f2627371-a904-4314-a836-5eb8f54559ec@group-73E40DF2990B-LeaderElection281: Election REJECTED; received 2 response(s) [f2627371-a904-4314-a836-5eb8f54559ec<-e6a83585-83d0-4616-a3d5-866875ad8a29#0:FAIL-t312, f2627371-a904-4314-a836-5eb8f54559ec<-1b813ef4-47a4-4bfc-8eb5-c34ae440adb1#0:FAIL-t312] and 0 exception(s); f2627371-a904-4314-a836-5eb8f54559ec@group-73E40DF2990B:t312, leader=null, voted=f2627371-a904-4314-a836-5eb8f54559ec, raftlog=f2627371-a904-4314-a836-5eb8f54559ec@group-73E40DF2990B-SegmentedRaftLog:OPENED:c-1,f-1,i0, conf=-1: [e6a83585-83d0-4616-a3d5-866875ad8a29:192.168.34.32:46159, f2627371-a904-4314-a836-5eb8f54559ec:192.168.34.32:33224, 1b813ef4-47a4-4bfc-8eb5-c34ae440adb1:192.168.34.32:36113], old=null
2019-10-21 19:13:18,875 [f2627371-a904-4314-a836-5eb8f54559ec@group-73E40DF2990B-LeaderElection281] INFO  impl.RaftServerImpl (RaftServerImpl.java:setRole(184)) - f2627371-a904-4314-a836-5eb8f54559ec@group-73E40DF2990B: changes role from CANDIDATE to FOLLOWER at term 312 for DISCOVERED_A_NEW_TERM
2019-10-21 19:13:18,875 [f2627371-a904-4314-a836-5eb8f54559ec@group-73E40DF2990B-LeaderElection281] INFO  impl.RoleInfo (RoleInfo.java:shutdownLeaderElection(134)) - f2627371-a904-4314-a836-5eb8f54559ec: shutdown LeaderElection
2019-10-21 19:13:18,876 [f2627371-a904-4314-a836-5eb8f54559ec@group-73E40DF2990B-LeaderElection281] INFO  impl.RoleInfo (RoleInfo.java:updateAndGet(143)) - f2627371-a904-4314-a836-5eb8f54559ec: start FollowerState
2019-10-21 19:13:19,053 [Thread-2122] INFO  impl.FollowerState (FollowerState.java:run(108)) - f2627371-a904-4314-a836-5eb8f54559ec@group-73E40DF2990B-FollowerState: change to CANDIDATE, lastRpcTime:177ms, electionTimeout:177ms
2019-10-21 19:13:19,053 [Thread-2122] INFO  impl.RoleInfo (RoleInfo.java:shutdownFollowerState(121)) - f2627371-a904-4314-a836-5eb8f54559ec: shutdown FollowerState
2019-10-21 19:13:19,053 [Thread-2122] INFO  impl.RaftServerImpl (RaftServerImpl.java:setRole(184)) - f2627371-a904-4314-a836-5eb8f54559ec@group-73E40DF2990B: changes role from  FOLLOWER to CANDIDATE at term 312 for changeToCandidate
2019-10-21 19:13:19,053 [Thread-2122] INFO  impl.RoleInfo (RoleInfo.java:updateAndGet(143)) - f2627371-a904-4314-a836-5eb8f54559ec: start LeaderElection
2019-10-21 19:13:19,070 [f2627371-a904-4314-a836-5eb8f54559ec@group-73E40DF2990B-LeaderElection282] INFO  impl.LeaderElection (LeaderElection.java:askForVotes(178)) - f2627371-a904-4314-a836-5eb8f54559ec@group-73E40DF2990B-LeaderElection282: begin an election at term 313 for -1: [e6a83585-83d0-4616-a3d5-866875ad8a29:192.168.34.32:46159, f2627371-a904-4314-a836-5eb8f54559ec:192.168.34.32:33224, 1b813ef4-47a4-4bfc-8eb5-c34ae440adb1:192.168.34.32:36113], old=null
2019-10-21 19:13:19,076 [grpc-default-executor-1] INFO  impl.RaftServerImpl (RaftServerImpl.java:setRole(184)) - 1b813ef4-47a4-4bfc-8eb5-c34ae440adb1@group-73E40DF2990B: changes role from  FOLLOWER to FOLLOWER at term 313 for recognizeCandidate:f2627371-a904-4314-a836-5eb8f54559ec
2019-10-21 19:13:19,076 [grpc-default-executor-1] INFO  impl.RoleInfo (RoleInfo.java:shutdownFollowerState(121)) - 1b813ef4-47a4-4bfc-8eb5-c34ae440adb1: shutdown FollowerState
2019-10-21 19:13:19,076 [grpc-default-executor-0] INFO  impl.RaftServerImpl (RaftServerImpl.java:setRole(184)) - e6a83585-83d0-4616-a3d5-866875ad8a29@group-73E40DF2990B: changes role from  FOLLOWER to FOLLOWER at term 313 for recognizeCandidate:f2627371-a904-4314-a836-5eb8f54559ec
2019-10-21 19:13:19,076 [grpc-default-executor-1] INFO  impl.RoleInfo (RoleInfo.java:updateAndGet(143)) - 1b813ef4-47a4-4bfc-8eb5-c34ae440adb1: start FollowerState
2019-10-21 19:13:19,076 [Thread-2121] INFO  impl.FollowerState (FollowerState.java:run(117)) - 1b813ef4-47a4-4bfc-8eb5-c34ae440adb1@group-73E40DF2990B-FollowerState was interrupted: java.lang.InterruptedException: sleep interrupted
2019-10-21 19:13:19,076 [grpc-default-executor-0] INFO  impl.RoleInfo (RoleInfo.java:shutdownFollowerState(121)) - e6a83585-83d0-4616-a3d5-866875ad8a29: shutdown FollowerState
2019-10-21 19:13:19,077 [Thread-2120] INFO  impl.FollowerState (FollowerState.java:run(117)) - e6a83585-83d0-4616-a3d5-866875ad8a29@group-73E40DF2990B-FollowerState was interrupted: java.lang.InterruptedException: sleep interrupted
2019-10-21 19:13:19,077 [grpc-default-executor-0] INFO  impl.RoleInfo (RoleInfo.java:updateAndGet(143)) - e6a83585-83d0-4616-a3d5-866875ad8a29: start FollowerState
2019-10-21 19:13:19,092 [f2627371-a904-4314-a836-5eb8f54559ec@group-73E40DF2990B-LeaderElection282] INFO  impl.LeaderElection (LeaderElection.java:logAndReturn(56)) - f2627371-a904-4314-a836-5eb8f54559ec@group-73E40DF2990B-LeaderElection282: Election REJECTED; received 2 response(s) [f2627371-a904-4314-a836-5eb8f54559ec<-e6a83585-83d0-4616-a3d5-866875ad8a29#0:FAIL-t313, f2627371-a904-4314-a836-5eb8f54559ec<-1b813ef4-47a4-4bfc-8eb5-c34ae440adb1#0:FAIL-t313] and 0 exception(s); f2627371-a904-4314-a836-5eb8f54559ec@group-73E40DF2990B:t313, leader=null, voted=f2627371-a904-4314-a836-5eb8f54559ec, raftlog=f2627371-a904-4314-a836-5eb8f54559ec@group-73E40DF2990B-SegmentedRaftLog:OPENED:c-1,f-1,i0, conf=-1: [e6a83585-83d0-4616-a3d5-866875ad8a29:192.168.34.32:46159, f2627371-a904-4314-a836-5eb8f54559ec:192.168.34.32:33224, 1b813ef4-47a4-4bfc-8eb5-c34ae440adb1:192.168.34.32:36113], old=null
2019-10-21 19:13:19,092 [f2627371-a904-4314-a836-5eb8f54559ec@group-73E40DF2990B-LeaderElection282] INFO  impl.RaftServerImpl (RaftServerImpl.java:setRole(184)) - f2627371-a904-4314-a836-5eb8f54559ec@group-73E40DF2990B: changes role from CANDIDATE to FOLLOWER at term 313 for DISCOVERED_A_NEW_TERM
2019-10-21 19:13:19,092 [f2627371-a904-4314-a836-5eb8f54559ec@group-73E40DF2990B-LeaderElection282] INFO  impl.RoleInfo (RoleInfo.java:shutdownLeaderElection(134)) - f2627371-a904-4314-a836-5eb8f54559ec: shutdown LeaderElection
2019-10-21 19:13:19,092 [f2627371-a904-4314-a836-5eb8f54559ec@group-73E40DF2990B-LeaderElection282] INFO  impl.RoleInfo (RoleInfo.java:updateAndGet(143)) - f2627371-a904-4314-a836-5eb8f54559ec: start FollowerState
2019-10-21 19:13:19,272 [Thread-2128] INFO  impl.FollowerState (FollowerState.java:run(108)) - f2627371-a904-4314-a836-5eb8f54559ec@group-73E40DF2990B-FollowerState: change to CANDIDATE, lastRpcTime:179ms, electionTimeout:179ms
2019-10-21 19:13:19,272 [Thread-2128] INFO  impl.RoleInfo (RoleInfo.java:shutdownFollowerState(121)) - f2627371-a904-4314-a836-5eb8f54559ec: shutdown FollowerState
2019-10-21 19:13:19,272 [Thread-2128] INFO  impl.RaftServerImpl (RaftServerImpl.java:setRole(184)) - f2627371-a904-4314-a836-5eb8f54559ec@group-73E40DF2990B: changes role from  FOLLOWER to CANDIDATE at term 313 for changeToCandidate
2019-10-21 19:13:19,272 [Thread-2128] INFO  impl.RoleInfo (RoleInfo.java:updateAndGet(143)) - f2627371-a904-4314-a836-5eb8f54559ec: start LeaderElection
2019-10-21 19:13:19,288 [f2627371-a904-4314-a836-5eb8f54559ec@group-73E40DF2990B-LeaderElection283] INFO  impl.LeaderElection (LeaderElection.java:askForVotes(178)) - f2627371-a904-4314-a836-5eb8f54559ec@group-73E40DF2990B-LeaderElection283: begin an election at term 314 for -1: [e6a83585-83d0-4616-a3d5-866875ad8a29:192.168.34.32:46159, f2627371-a904-4314-a836-5eb8f54559ec:192.168.34.32:33224, 1b813ef4-47a4-4bfc-8eb5-c34ae440adb1:192.168.34.32:36113], old=null
2019-10-21 19:13:19,290 [grpc-default-executor-0] INFO  impl.RaftServerImpl (RaftServerImpl.java:setRole(184)) - e6a83585-83d0-4616-a3d5-866875ad8a29@group-73E40DF2990B: changes role from  FOLLOWER to FOLLOWER at term 314 for recognizeCandidate:f2627371-a904-4314-a836-5eb8f54559ec
2019-10-21 19:13:19,290 [grpc-default-executor-1] INFO  impl.RaftServerImpl (RaftServerImpl.java:setRole(184)) - 1b813ef4-47a4-4bfc-8eb5-c34ae440adb1@group-73E40DF2990B: changes role from  FOLLOWER to FOLLOWER at term 314 for recognizeCandidate:f2627371-a904-4314-a836-5eb8f54559ec
2019-10-21 19:13:19,290 [grpc-default-executor-0] INFO  impl.RoleInfo (RoleInfo.java:shutdownFollowerState(121)) - e6a83585-83d0-4616-a3d5-866875ad8a29: shutdown FollowerState
2019-10-21 19:13:19,291 [grpc-default-executor-1] INFO  impl.RoleInfo (RoleInfo.java:shutdownFollowerState(121)) - 1b813ef4-47a4-4bfc-8eb5-c34ae440adb1: shutdown FollowerState
2019-10-21 19:13:19,291 [Thread-2127] INFO  impl.FollowerState (FollowerState.java:run(117)) - e6a83585-83d0-4616-a3d5-866875ad8a29@group-73E40DF2990B-FollowerState was interrupted: java.lang.InterruptedException: sleep interrupted
2019-10-21 19:13:19,291 [Thread-2126] INFO  impl.FollowerState (FollowerState.java:run(117)) - 1b813ef4-47a4-4bfc-8eb5-c34ae440adb1@group-73E40DF2990B-FollowerState was interrupted: java.lang.InterruptedException: sleep interrupted
2019-10-21 19:13:19,291 [grpc-default-executor-0] INFO  impl.RoleInfo (RoleInfo.java:updateAndGet(143)) - e6a83585-83d0-4616-a3d5-866875ad8a29: start FollowerState
2019-10-21 19:13:19,291 [grpc-default-executor-1] INFO  impl.RoleInfo (RoleInfo.java:updateAndGet(143)) - 1b813ef4-47a4-4bfc-8eb5-c34ae440adb1: start FollowerState
2019-10-21 19:13:19,306 [f2627371-a904-4314-a836-5eb8f54559ec@group-73E40DF2990B-LeaderElection283] INFO  impl.LeaderElection (LeaderElection.java:logAndReturn(56)) - f2627371-a904-4314-a836-5eb8f54559ec@group-73E40DF2990B-LeaderElection283: Election REJECTED; received 2 response(s) [f2627371-a904-4314-a836-5eb8f54559ec<-e6a83585-83d0-4616-a3d5-866875ad8a29#0:FAIL-t314, f2627371-a904-4314-a836-5eb8f54559ec<-1b813ef4-47a4-4bfc-8eb5-c34ae440adb1#0:FAIL-t314] and 0 exception(s); f2627371-a904-4314-a836-5eb8f54559ec@group-73E40DF2990B:t314, leader=null, voted=f2627371-a904-4314-a836-5eb8f54559ec, raftlog=f2627371-a904-4314-a836-5eb8f54559ec@group-73E40DF2990B-SegmentedRaftLog:OPENED:c-1,f-1,i0, conf=-1: [e6a83585-83d0-4616-a3d5-866875ad8a29:192.168.34.32:46159, f2627371-a904-4314-a836-5eb8f54559ec:192.168.34.32:33224, 1b813ef4-47a4-4bfc-8eb5-c34ae440adb1:192.168.34.32:36113], old=null
2019-10-21 19:13:19,307 [f2627371-a904-4314-a836-5eb8f54559ec@group-73E40DF2990B-LeaderElection283] INFO  impl.RaftServerImpl (RaftServerImpl.java:setRole(184)) - f2627371-a904-4314-a836-5eb8f54559ec@group-73E40DF2990B: changes role from CANDIDATE to FOLLOWER at term 314 for DISCOVERED_A_NEW_TERM
2019-10-21 19:13:19,307 [f2627371-a904-4314-a836-5eb8f54559ec@group-73E40DF2990B-LeaderElection283] INFO  impl.RoleInfo (RoleInfo.java:shutdownLeaderElection(134)) - f2627371-a904-4314-a836-5eb8f54559ec: shutdown LeaderElection
2019-10-21 19:13:19,307 [f2627371-a904-4314-a836-5eb8f54559ec@group-73E40DF2990B-LeaderElection283] INFO  impl.RoleInfo (RoleInfo.java:updateAndGet(143)) - f2627371-a904-4314-a836-5eb8f54559ec: start FollowerState
2019-10-21 19:13:19,449 [Thread-2134] INFO  impl.FollowerState (FollowerState.java:run(108)) - f2627371-a904-4314-a836-5eb8f54559ec@group-73E40DF2990B-FollowerState: change to CANDIDATE, lastRpcTime:142ms, electionTimeout:142ms
2019-10-21 19:13:19,449 [Thread-2134] INFO  impl.RoleInfo (RoleInfo.java:shutdownFollowerState(121)) - f2627371-a904-4314-a836-5eb8f54559ec: shutdown FollowerState
2019-10-21 19:13:19,449 [Thread-2134] INFO  impl.RaftServerImpl (RaftServerImpl.java:setRole(184)) - f2627371-a904-4314-a836-5eb8f54559ec@group-73E40DF2990B: changes role from  FOLLOWER to CANDIDATE at term 314 for changeToCandidate
2019-10-21 19:13:19,450 [Thread-2134] INFO  impl.RoleInfo (RoleInfo.java:updateAndGet(143)) - f2627371-a904-4314-a836-5eb8f54559ec: start LeaderElection
2019-10-21 19:13:19,465 [f2627371-a904-4314-a836-5eb8f54559ec@group-73E40DF2990B-LeaderElection284] INFO  impl.LeaderElection (LeaderElection.java:askForVotes(178)) - f2627371-a904-4314-a836-5eb8f54559ec@group-73E40DF2990B-LeaderElection284: begin an election at term 315 for -1: [e6a83585-83d0-4616-a3d5-866875ad8a29:192.168.34.32:46159, f2627371-a904-4314-a836-5eb8f54559ec:192.168.34.32:33224, 1b813ef4-47a4-4bfc-8eb5-c34ae440adb1:192.168.34.32:36113], old=null
2019-10-21 19:13:19,467 [grpc-default-executor-0] INFO  impl.RaftServerImpl (RaftServerImpl.java:setRole(184)) - e6a83585-83d0-4616-a3d5-866875ad8a29@group-73E40DF2990B: changes role from  FOLLOWER to FOLLOWER at term 315 for recognizeCandidate:f2627371-a904-4314-a836-5eb8f54559ec
2019-10-21 19:13:19,467 [grpc-default-executor-0] INFO  impl.RoleInfo (RoleInfo.java:shutdownFollowerState(121)) - e6a83585-83d0-4616-a3d5-866875ad8a29: shutdown FollowerState
2019-10-21 19:13:19,467 [grpc-default-executor-1] INFO  impl.RaftServerImpl (RaftServerImpl.java:setRole(184)) - 1b813ef4-47a4-4bfc-8eb5-c34ae440adb1@group-73E40DF2990B: changes role from  FOLLOWER to FOLLOWER at term 315 for recognizeCandidate:f2627371-a904-4314-a836-5eb8f54559ec
2019-10-21 19:13:19,467 [grpc-default-executor-0] INFO  impl.RoleInfo (RoleInfo.java:updateAndGet(143)) - e6a83585-83d0-4616-a3d5-866875ad8a29: start FollowerState
2019-10-21 19:13:19,467 [Thread-2132] INFO  impl.FollowerState (FollowerState.java:run(117)) - e6a83585-83d0-4616-a3d5-866875ad8a29@group-73E40DF2990B-FollowerState was interrupted: java.lang.InterruptedException: sleep interrupted
2019-10-21 19:13:19,467 [grpc-default-executor-1] INFO  impl.RoleInfo (RoleInfo.java:shutdownFollowerState(121)) - 1b813ef4-47a4-4bfc-8eb5-c34ae440adb1: shutdown FollowerState
2019-10-21 19:13:19,468 [grpc-default-executor-1] INFO  impl.RoleInfo (RoleInfo.java:updateAndGet(143)) - 1b813ef4-47a4-4bfc-8eb5-c34ae440adb1: start FollowerState
2019-10-21 19:13:19,468 [Thread-2133] INFO  impl.FollowerState (FollowerState.java:run(117)) - 1b813ef4-47a4-4bfc-8eb5-c34ae440adb1@group-73E40DF2990B-FollowerState was interrupted: java.lang.InterruptedException: sleep interrupted
2019-10-21 19:13:19,482 [f2627371-a904-4314-a836-5eb8f54559ec@group-73E40DF2990B-LeaderElection284] INFO  impl.LeaderElection (LeaderElection.java:logAndReturn(56)) - f2627371-a904-4314-a836-5eb8f54559ec@group-73E40DF2990B-LeaderElection284: Election REJECTED; received 2 response(s) [f2627371-a904-4314-a836-5eb8f54559ec<-e6a83585-83d0-4616-a3d5-866875ad8a29#0:FAIL-t315, f2627371-a904-4314-a836-5eb8f54559ec<-1b813ef4-47a4-4bfc-8eb5-c34ae440adb1#0:FAIL-t315] and 0 exception(s); f2627371-a904-4314-a836-5eb8f54559ec@group-73E40DF2990B:t315, leader=null, voted=f2627371-a904-4314-a836-5eb8f54559ec, raftlog=f2627371-a904-4314-a836-5eb8f54559ec@group-73E40DF2990B-SegmentedRaftLog:OPENED:c-1,f-1,i0, conf=-1: [e6a83585-83d0-4616-a3d5-866875ad8a29:192.168.34.32:46159, f2627371-a904-4314-a836-5eb8f54559ec:192.168.34.32:33224, 1b813ef4-47a4-4bfc-8eb5-c34ae440adb1:192.168.34.32:36113], old=null
2019-10-21 19:13:19,482 [f2627371-a904-4314-a836-5eb8f54559ec@group-73E40DF2990B-LeaderElection284] INFO  impl.RaftServerImpl (RaftServerImpl.java:setRole(184)) - f2627371-a904-4314-a836-5eb8f54559ec@group-73E40DF2990B: changes role from CANDIDATE to FOLLOWER at term 315 for DISCOVERED_A_NEW_TERM
2019-10-21 19:13:19,482 [f2627371-a904-4314-a836-5eb8f54559ec@group-73E40DF2990B-LeaderElection284] INFO  impl.RoleInfo (RoleInfo.java:shutdownLeaderElection(134)) - f2627371-a904-4314-a836-5eb8f54559ec: shutdown LeaderElection
2019-10-21 19:13:19,482 [f2627371-a904-4314-a836-5eb8f54559ec@group-73E40DF2990B-LeaderElection284] INFO  impl.RoleInfo (RoleInfo.java:updateAndGet(143)) - f2627371-a904-4314-a836-5eb8f54559ec: start FollowerState
2019-10-21 19:13:19,537 [Thread-2140] INFO  impl.FollowerState (FollowerState.java:run(108)) - f2627371-a904-4314-a836-5eb8f54559ec@group-73E40DF2990B-FollowerState: change to CANDIDATE, lastRpcTime:54ms, electionTimeout:54ms
2019-10-21 19:13:19,537 [Thread-2140] INFO  impl.RoleInfo (RoleInfo.java:shutdownFollowerState(121)) - f2627371-a904-4314-a836-5eb8f54559ec: shutdown FollowerState
2019-10-21 19:13:19,537 [Thread-2140] INFO  impl.RaftServerImpl (RaftServerImpl.java:setRole(184)) - f2627371-a904-4314-a836-5eb8f54559ec@group-73E40DF2990B: changes role from  FOLLOWER to CANDIDATE at term 315 for changeToCandidate
2019-10-21 19:13:19,537 [Thread-2140] INFO  impl.RoleInfo (RoleInfo.java:updateAndGet(143)) - f2627371-a904-4314-a836-5eb8f54559ec: start LeaderElection
2019-10-21 19:13:19,551 [f2627371-a904-4314-a836-5eb8f54559ec@group-73E40DF2990B-LeaderElection285] INFO  impl.LeaderElection (LeaderElection.java:askForVotes(178)) - f2627371-a904-4314-a836-5eb8f54559ec@group-73E40DF2990B-LeaderElection285: begin an election at term 316 for -1: [e6a83585-83d0-4616-a3d5-866875ad8a29:192.168.34.32:46159, f2627371-a904-4314-a836-5eb8f54559ec:192.168.34.32:33224, 1b813ef4-47a4-4bfc-8eb5-c34ae440adb1:192.168.34.32:36113], old=null
2019-10-21 19:13:19,553 [grpc-default-executor-1] INFO  impl.RaftServerImpl (RaftServerImpl.java:setRole(184)) - e6a83585-83d0-4616-a3d5-866875ad8a29@group-73E40DF2990B: changes role from  FOLLOWER to FOLLOWER at term 316 for recognizeCandidate:f2627371-a904-4314-a836-5eb8f54559ec
2019-10-21 19:13:19,553 [grpc-default-executor-1] INFO  impl.RoleInfo (RoleInfo.java:shutdownFollowerState(121)) - e6a83585-83d0-4616-a3d5-866875ad8a29: shutdown FollowerState
2019-10-21 19:13:19,553 [grpc-default-executor-1] INFO  impl.RoleInfo (RoleInfo.java:updateAndGet(143)) - e6a83585-83d0-4616-a3d5-866875ad8a29: start FollowerState
2019-10-21 19:13:19,553 [grpc-default-executor-0] INFO  impl.RaftServerImpl (RaftServerImpl.java:setRole(184)) - 1b813ef4-47a4-4bfc-8eb5-c34ae440adb1@group-73E40DF2990B: changes role from  FOLLOWER to FOLLOWER at term 316 for recognizeCandidate:f2627371-a904-4314-a836-5eb8f54559ec
2019-10-21 19:13:19,553 [Thread-2138] INFO  impl.FollowerState (FollowerState.java:run(117)) - e6a83585-83d0-4616-a3d5-866875ad8a29@group-73E40DF2990B-FollowerState was interrupted: java.lang.InterruptedException: sleep interrupted
2019-10-21 19:13:19,553 [grpc-default-executor-0] INFO  impl.RoleInfo (RoleInfo.java:shutdownFollowerState(121)) - 1b813ef4-47a4-4bfc-8eb5-c34ae440adb1: shutdown FollowerState
2019-10-21 19:13:19,553 [grpc-default-executor-0] INFO  impl.RoleInfo (RoleInfo.java:updateAndGet(143)) - 1b813ef4-47a4-4bfc-8eb5-c34ae440adb1: start FollowerState
2019-10-21 19:13:19,554 [Thread-2139] INFO  impl.FollowerState (FollowerState.java:run(117)) - 1b813ef4-47a4-4bfc-8eb5-c34ae440adb1@group-73E40DF2990B-FollowerState was interrupted: java.lang.InterruptedException: sleep interrupted
2019-10-21 19:13:19,567 [f2627371-a904-4314-a836-5eb8f54559ec@group-73E40DF2990B-LeaderElection285] INFO  impl.LeaderElection (LeaderElection.java:logAndReturn(56)) - f2627371-a904-4314-a836-5eb8f54559ec@group-73E40DF2990B-LeaderElection285: Election REJECTED; received 2 response(s) [f2627371-a904-4314-a836-5eb8f54559ec<-e6a83585-83d0-4616-a3d5-866875ad8a29#0:FAIL-t316, f2627371-a904-4314-a836-5eb8f54559ec<-1b813ef4-47a4-4bfc-8eb5-c34ae440adb1#0:FAIL-t316] and 0 exception(s); f2627371-a904-4314-a836-5eb8f54559ec@group-73E40DF2990B:t316, leader=null, voted=f2627371-a904-4314-a836-5eb8f54559ec, raftlog=f2627371-a904-4314-a836-5eb8f54559ec@group-73E40DF2990B-SegmentedRaftLog:OPENED:c-1,f-1,i0, conf=-1: [e6a83585-83d0-4616-a3d5-866875ad8a29:192.168.34.32:46159, f2627371-a904-4314-a836-5eb8f54559ec:192.168.34.32:33224, 1b813ef4-47a4-4bfc-8eb5-c34ae440adb1:192.168.34.32:36113], old=null
2019-10-21 19:13:19,567 [f2627371-a904-4314-a836-5eb8f54559ec@group-73E40DF2990B-LeaderElection285] INFO  impl.RaftServerImpl (RaftServerImpl.java:setRole(184)) - f2627371-a904-4314-a836-5eb8f54559ec@group-73E40DF2990B: changes role from CANDIDATE to FOLLOWER at term 316 for DISCOVERED_A_NEW_TERM
2019-10-21 19:13:19,567 [f2627371-a904-4314-a836-5eb8f54559ec@group-73E40DF2990B-LeaderElection285] INFO  impl.RoleInfo (RoleInfo.java:shutdownLeaderElection(134)) - f2627371-a904-4314-a836-5eb8f54559ec: shutdown LeaderElection
2019-10-21 19:13:19,567 [f2627371-a904-4314-a836-5eb8f54559ec@group-73E40DF2990B-LeaderElection285] INFO  impl.RoleInfo (RoleInfo.java:updateAndGet(143)) - f2627371-a904-4314-a836-5eb8f54559ec: start FollowerState
2019-10-21 19:13:19,737 [Thread-2146] INFO  impl.FollowerState (FollowerState.java:run(108)) - f2627371-a904-4314-a836-5eb8f54559ec@group-73E40DF2990B-FollowerState: change to CANDIDATE, lastRpcTime:169ms, electionTimeout:169ms
2019-10-21 19:13:19,737 [Thread-2146] INFO  impl.RoleInfo (RoleInfo.java:shutdownFollowerState(121)) - f2627371-a904-4314-a836-5eb8f54559ec: shutdown FollowerState
2019-10-21 19:13:19,737 [Thread-2146] INFO  impl.RaftServerImpl (RaftServerImpl.java:setRole(184)) - f2627371-a904-4314-a836-5eb8f54559ec@group-73E40DF2990B: changes role from  FOLLOWER to CANDIDATE at term 316 for changeToCandidate
2019-10-21 19:13:19,737 [Thread-2146] INFO  impl.RoleInfo (RoleInfo.java:updateAndGet(143)) - f2627371-a904-4314-a836-5eb8f54559ec: start LeaderElection
2019-10-21 19:13:19,750 [f2627371-a904-4314-a836-5eb8f54559ec@group-73E40DF2990B-LeaderElection286] INFO  impl.LeaderElection (LeaderElection.java:askForVotes(178)) - f2627371-a904-4314-a836-5eb8f54559ec@group-73E40DF2990B-LeaderElection286: begin an election at term 317 for -1: [e6a83585-83d0-4616-a3d5-866875ad8a29:192.168.34.32:46159, f2627371-a904-4314-a836-5eb8f54559ec:192.168.34.32:33224, 1b813ef4-47a4-4bfc-8eb5-c34ae440adb1:192.168.34.32:36113], old=null
2019-10-21 19:13:19,752 [grpc-default-executor-1] INFO  impl.RaftServerImpl (RaftServerImpl.java:setRole(184)) - e6a83585-83d0-4616-a3d5-866875ad8a29@group-73E40DF2990B: changes role from  FOLLOWER to FOLLOWER at term 317 for recognizeCandidate:f2627371-a904-4314-a836-5eb8f54559ec
2019-10-21 19:13:19,752 [grpc-default-executor-0] INFO  impl.RaftServerImpl (RaftServerImpl.java:setRole(184)) - 1b813ef4-47a4-4bfc-8eb5-c34ae440adb1@group-73E40DF2990B: changes role from  FOLLOWER to FOLLOWER at term 317 for recognizeCandidate:f2627371-a904-4314-a836-5eb8f54559ec
2019-10-21 19:13:19,752 [grpc-default-executor-0] INFO  impl.RoleInfo (RoleInfo.java:shutdownFollowerState(121)) - 1b813ef4-47a4-4bfc-8eb5-c34ae440adb1: shutdown FollowerState
2019-10-21 19:13:19,752 [grpc-default-executor-1] INFO  impl.RoleInfo (RoleInfo.java:shutdownFollowerState(121)) - e6a83585-83d0-4616-a3d5-866875ad8a29: shutdown FollowerState
2019-10-21 19:13:19,753 [Thread-2145] INFO  impl.FollowerState (FollowerState.java:run(117)) - 1b813ef4-47a4-4bfc-8eb5-c34ae440adb1@group-73E40DF2990B-FollowerState was interrupted: java.lang.InterruptedException: sleep interrupted
2019-10-21 19:13:19,752 [grpc-default-executor-0] INFO  impl.RoleInfo (RoleInfo.java:updateAndGet(143)) - 1b813ef4-47a4-4bfc-8eb5-c34ae440adb1: start FollowerState
2019-10-21 19:13:19,753 [Thread-2144] INFO  impl.FollowerState (FollowerState.java:run(117)) - e6a83585-83d0-4616-a3d5-866875ad8a29@group-73E40DF2990B-FollowerState was interrupted: java.lang.InterruptedException: sleep interrupted
2019-10-21 19:13:19,753 [grpc-default-executor-1] INFO  impl.RoleInfo (RoleInfo.java:updateAndGet(143)) - e6a83585-83d0-4616-a3d5-866875ad8a29: start FollowerState
2019-10-21 19:13:19,768 [f2627371-a904-4314-a836-5eb8f54559ec@group-73E40DF2990B-LeaderElection286] INFO  impl.LeaderElection (LeaderElection.java:logAndReturn(56)) - f2627371-a904-4314-a836-5eb8f54559ec@group-73E40DF2990B-LeaderElection286: Election REJECTED; received 2 response(s) [f2627371-a904-4314-a836-5eb8f54559ec<-e6a83585-83d0-4616-a3d5-866875ad8a29#0:FAIL-t317, f2627371-a904-4314-a836-5eb8f54559ec<-1b813ef4-47a4-4bfc-8eb5-c34ae440adb1#0:FAIL-t317] and 0 exception(s); f2627371-a904-4314-a836-5eb8f54559ec@group-73E40DF2990B:t317, leader=null, voted=f2627371-a904-4314-a836-5eb8f54559ec, raftlog=f2627371-a904-4314-a836-5eb8f54559ec@group-73E40DF2990B-SegmentedRaftLog:OPENED:c-1,f-1,i0, conf=-1: [e6a83585-83d0-4616-a3d5-866875ad8a29:192.168.34.32:46159, f2627371-a904-4314-a836-5eb8f54559ec:192.168.34.32:33224, 1b813ef4-47a4-4bfc-8eb5-c34ae440adb1:192.168.34.32:36113], old=null
2019-10-21 19:13:19,768 [f2627371-a904-4314-a836-5eb8f54559ec@group-73E40DF2990B-LeaderElection286] INFO  impl.RaftServerImpl (RaftServerImpl.java:setRole(184)) - f2627371-a904-4314-a836-5eb8f54559ec@group-73E40DF2990B: changes role from CANDIDATE to FOLLOWER at term 317 for DISCOVERED_A_NEW_TERM
2019-10-21 19:13:19,768 [f2627371-a904-4314-a836-5eb8f54559ec@group-73E40DF2990B-LeaderElection286] INFO  impl.RoleInfo (RoleInfo.java:shutdownLeaderElection(134)) - f2627371-a904-4314-a836-5eb8f54559ec: shutdown LeaderElection
2019-10-21 19:13:19,768 [f2627371-a904-4314-a836-5eb8f54559ec@group-73E40DF2990B-LeaderElection286] INFO  impl.RoleInfo (RoleInfo.java:updateAndGet(143)) - f2627371-a904-4314-a836-5eb8f54559ec: start FollowerState
2019-10-21 19:13:19,859 [Thread-2154] INFO  impl.FollowerState (FollowerState.java:run(108)) - f2627371-a904-4314-a836-5eb8f54559ec@group-73E40DF2990B-FollowerState: change to CANDIDATE, lastRpcTime:90ms, electionTimeout:90ms
2019-10-21 19:13:19,859 [Thread-2154] INFO  impl.RoleInfo (RoleInfo.java:shutdownFollowerState(121)) - f2627371-a904-4314-a836-5eb8f54559ec: shutdown FollowerState
2019-10-21 19:13:19,859 [Thread-2154] INFO  impl.RaftServerImpl (RaftServerImpl.java:setRole(184)) - f2627371-a904-4314-a836-5eb8f54559ec@group-73E40DF2990B: changes role from  FOLLOWER to CANDIDATE at term 317 for changeToCandidate
2019-10-21 19:13:19,859 [Thread-2154] INFO  impl.RoleInfo (RoleInfo.java:updateAndGet(143)) - f2627371-a904-4314-a836-5eb8f54559ec: start LeaderElection
2019-10-21 19:13:19,873 [f2627371-a904-4314-a836-5eb8f54559ec@group-73E40DF2990B-LeaderElection287] INFO  impl.LeaderElection (LeaderElection.java:askForVotes(178)) - f2627371-a904-4314-a836-5eb8f54559ec@group-73E40DF2990B-LeaderElection287: begin an election at term 318 for -1: [e6a83585-83d0-4616-a3d5-866875ad8a29:192.168.34.32:46159, f2627371-a904-4314-a836-5eb8f54559ec:192.168.34.32:33224, 1b813ef4-47a4-4bfc-8eb5-c34ae440adb1:192.168.34.32:36113], old=null
2019-10-21 19:13:19,874 [grpc-default-executor-1] INFO  impl.RaftServerImpl (RaftServerImpl.java:setRole(184)) - e6a83585-83d0-4616-a3d5-866875ad8a29@group-73E40DF2990B: changes role from  FOLLOWER to FOLLOWER at term 318 for recognizeCandidate:f2627371-a904-4314-a836-5eb8f54559ec
2019-10-21 19:13:19,874 [grpc-default-executor-1] INFO  impl.RoleInfo (RoleInfo.java:shutdownFollowerState(121)) - e6a83585-83d0-4616-a3d5-866875ad8a29: shutdown FollowerState
2019-10-21 19:13:19,874 [grpc-default-executor-1] INFO  impl.RoleInfo (RoleInfo.java:updateAndGet(143)) - e6a83585-83d0-4616-a3d5-866875ad8a29: start FollowerState
2019-10-21 19:13:19,874 [grpc-default-executor-0] INFO  impl.RaftServerImpl (RaftServerImpl.java:setRole(184)) - 1b813ef4-47a4-4bfc-8eb5-c34ae440adb1@group-73E40DF2990B: changes role from  FOLLOWER to FOLLOWER at term 318 for recognizeCandidate:f2627371-a904-4314-a836-5eb8f54559ec
2019-10-21 19:13:19,874 [Thread-2153] INFO  impl.FollowerState (FollowerState.java:run(117)) - e6a83585-83d0-4616-a3d5-866875ad8a29@group-73E40DF2990B-FollowerState was interrupted: java.lang.InterruptedException: sleep interrupted
2019-10-21 19:13:19,875 [grpc-default-executor-0] INFO  impl.RoleInfo (RoleInfo.java:shutdownFollowerState(121)) - 1b813ef4-47a4-4bfc-8eb5-c34ae440adb1: shutdown FollowerState
2019-10-21 19:13:19,875 [grpc-default-executor-0] INFO  impl.RoleInfo (RoleInfo.java:updateAndGet(143)) - 1b813ef4-47a4-4bfc-8eb5-c34ae440adb1: start FollowerState
2019-10-21 19:13:19,875 [Thread-2152] INFO  impl.FollowerState (FollowerState.java:run(117)) - 1b813ef4-47a4-4bfc-8eb5-c34ae440adb1@group-73E40DF2990B-FollowerState was interrupted: java.lang.InterruptedException: sleep interrupted
2019-10-21 19:13:19,889 [f2627371-a904-4314-a836-5eb8f54559ec@group-73E40DF2990B-LeaderElection287] INFO  impl.LeaderElection (LeaderElection.java:logAndReturn(56)) - f2627371-a904-4314-a836-5eb8f54559ec@group-73E40DF2990B-LeaderElection287: Election REJECTED; received 2 response(s) [f2627371-a904-4314-a836-5eb8f54559ec<-e6a83585-83d0-4616-a3d5-866875ad8a29#0:FAIL-t318, f2627371-a904-4314-a836-5eb8f54559ec<-1b813ef4-47a4-4bfc-8eb5-c34ae440adb1#0:FAIL-t318] and 0 exception(s); f2627371-a904-4314-a836-5eb8f54559ec@group-73E40DF2990B:t318, leader=null, voted=f2627371-a904-4314-a836-5eb8f54559ec, raftlog=f2627371-a904-4314-a836-5eb8f54559ec@group-73E40DF2990B-SegmentedRaftLog:OPENED:c-1,f-1,i0, conf=-1: [e6a83585-83d0-4616-a3d5-866875ad8a29:192.168.34.32:46159, f2627371-a904-4314-a836-5eb8f54559ec:192.168.34.32:33224, 1b813ef4-47a4-4bfc-8eb5-c34ae440adb1:192.168.34.32:36113], old=null
2019-10-21 19:13:19,889 [f2627371-a904-4314-a836-5eb8f54559ec@group-73E40DF2990B-LeaderElection287] INFO  impl.RaftServerImpl (RaftServerImpl.java:setRole(184)) - f2627371-a904-4314-a836-5eb8f54559ec@group-73E40DF2990B: changes role from CANDIDATE to FOLLOWER at term 318 for DISCOVERED_A_NEW_TERM
2019-10-21 19:13:19,889 [f2627371-a904-4314-a836-5eb8f54559ec@group-73E40DF2990B-LeaderElection287] INFO  impl.RoleInfo (RoleInfo.java:shutdownLeaderElection(134)) - f2627371-a904-4314-a836-5eb8f54559ec: shutdown LeaderElection
2019-10-21 19:13:19,889 [f2627371-a904-4314-a836-5eb8f54559ec@group-73E40DF2990B-LeaderElection287] INFO  impl.RoleInfo (RoleInfo.java:updateAndGet(143)) - f2627371-a904-4314-a836-5eb8f54559ec: start FollowerState
2019-10-21 19:13:19,968 [Thread-2160] INFO  impl.FollowerState (FollowerState.java:run(108)) - f2627371-a904-4314-a836-5eb8f54559ec@group-73E40DF2990B-FollowerState: change to CANDIDATE, lastRpcTime:79ms, electionTimeout:79ms
2019-10-21 19:13:19,969 [Thread-2160] INFO  impl.RoleInfo (RoleInfo.java:shutdownFollowerState(121)) - f2627371-a904-4314-a836-5eb8f54559ec: shutdown FollowerState
2019-10-21 19:13:19,969 [Thread-2160] INFO  impl.RaftServerImpl (RaftServerImpl.java:setRole(184)) - f2627371-a904-4314-a836-5eb8f54559ec@group-73E40DF2990B: changes role from  FOLLOWER to CANDIDATE at term 318 for changeToCandidate
2019-10-21 19:13:19,969 [Thread-2160] INFO  impl.RoleInfo (RoleInfo.java:updateAndGet(143)) - f2627371-a904-4314-a836-5eb8f54559ec: start LeaderElection
2019-10-21 19:13:19,978 [f2627371-a904-4314-a836-5eb8f54559ec@group-73E40DF2990B-LeaderElection288] INFO  impl.LeaderElection (LeaderElection.java:askForVotes(178)) - f2627371-a904-4314-a836-5eb8f54559ec@group-73E40DF2990B-LeaderElection288: begin an election at term 319 for -1: [e6a83585-83d0-4616-a3d5-866875ad8a29:192.168.34.32:46159, f2627371-a904-4314-a836-5eb8f54559ec:192.168.34.32:33224, 1b813ef4-47a4-4bfc-8eb5-c34ae440adb1:192.168.34.32:36113], old=null
2019-10-21 19:13:19,980 [grpc-default-executor-0] INFO  impl.RaftServerImpl (RaftServerImpl.java:setRole(184)) - e6a83585-83d0-4616-a3d5-866875ad8a29@group-73E40DF2990B: changes role from  FOLLOWER to FOLLOWER at term 319 for recognizeCandidate:f2627371-a904-4314-a836-5eb8f54559ec
2019-10-21 19:13:19,981 [grpc-default-executor-1] INFO  impl.RaftServerImpl (RaftServerImpl.java:setRole(184)) - 1b813ef4-47a4-4bfc-8eb5-c34ae440adb1@group-73E40DF2990B: changes role from  FOLLOWER to FOLLOWER at term 319 for recognizeCandidate:f2627371-a904-4314-a836-5eb8f54559ec
2019-10-21 19:13:19,981 [grpc-default-executor-0] INFO  impl.RoleInfo (RoleInfo.java:shutdownFollowerState(121)) - e6a83585-83d0-4616-a3d5-866875ad8a29: shutdown FollowerState
2019-10-21 19:13:19,981 [grpc-default-executor-1] INFO  impl.RoleInfo (RoleInfo.java:shutdownFollowerState(121)) - 1b813ef4-47a4-4bfc-8eb5-c34ae440adb1: shutdown FollowerState
2019-10-21 19:13:19,981 [Thread-2158] INFO  impl.FollowerState (FollowerState.java:run(117)) - e6a83585-83d0-4616-a3d5-866875ad8a29@group-73E40DF2990B-FollowerState was interrupted: java.lang.InterruptedException: sleep interrupted
2019-10-21 19:13:19,981 [grpc-default-executor-0] INFO  impl.RoleInfo (RoleInfo.java:updateAndGet(143)) - e6a83585-83d0-4616-a3d5-866875ad8a29: start FollowerState
2019-10-21 19:13:19,981 [Thread-2159] INFO  impl.FollowerState (FollowerState.java:run(117)) - 1b813ef4-47a4-4bfc-8eb5-c34ae440adb1@group-73E40DF2990B-FollowerState was interrupted: java.lang.InterruptedException: sleep interrupted
2019-10-21 19:13:19,981 [grpc-default-executor-1] INFO  impl.RoleInfo (RoleInfo.java:updateAndGet(143)) - 1b813ef4-47a4-4bfc-8eb5-c34ae440adb1: start FollowerState
2019-10-21 19:13:19,995 [f2627371-a904-4314-a836-5eb8f54559ec@group-73E40DF2990B-LeaderElection288] INFO  impl.LeaderElection (LeaderElection.java:logAndReturn(56)) - f2627371-a904-4314-a836-5eb8f54559ec@group-73E40DF2990B-LeaderElection288: Election REJECTED; received 2 response(s) [f2627371-a904-4314-a836-5eb8f54559ec<-e6a83585-83d0-4616-a3d5-866875ad8a29#0:FAIL-t319, f2627371-a904-4314-a836-5eb8f54559ec<-1b813ef4-47a4-4bfc-8eb5-c34ae440adb1#0:FAIL-t319] and 0 exception(s); f2627371-a904-4314-a836-5eb8f54559ec@group-73E40DF2990B:t319, leader=null, voted=f2627371-a904-4314-a836-5eb8f54559ec, raftlog=f2627371-a904-4314-a836-5eb8f54559ec@group-73E40DF2990B-SegmentedRaftLog:OPENED:c-1,f-1,i0, conf=-1: [e6a83585-83d0-4616-a3d5-866875ad8a29:192.168.34.32:46159, f2627371-a904-4314-a836-5eb8f54559ec:192.168.34.32:33224, 1b813ef4-47a4-4bfc-8eb5-c34ae440adb1:192.168.34.32:36113], old=null
2019-10-21 19:13:19,996 [f2627371-a904-4314-a836-5eb8f54559ec@group-73E40DF2990B-LeaderElection288] INFO  impl.RaftServerImpl (RaftServerImpl.java:setRole(184)) - f2627371-a904-4314-a836-5eb8f54559ec@group-73E40DF2990B: changes role from CANDIDATE to FOLLOWER at term 319 for DISCOVERED_A_NEW_TERM
2019-10-21 19:13:19,996 [f2627371-a904-4314-a836-5eb8f54559ec@group-73E40DF2990B-LeaderElection288] INFO  impl.RoleInfo (RoleInfo.java:shutdownLeaderElection(134)) - f2627371-a904-4314-a836-5eb8f54559ec: shutdown LeaderElection
2019-10-21 19:13:19,996 [f2627371-a904-4314-a836-5eb8f54559ec@group-73E40DF2990B-LeaderElection288] INFO  impl.RoleInfo (RoleInfo.java:updateAndGet(143)) - f2627371-a904-4314-a836-5eb8f54559ec: start FollowerState
2019-10-21 19:13:20,153 [Thread-2166] INFO  impl.FollowerState (FollowerState.java:run(108)) - f2627371-a904-4314-a836-5eb8f54559ec@group-73E40DF2990B-FollowerState: change to CANDIDATE, lastRpcTime:157ms, electionTimeout:157ms
2019-10-21 19:13:20,154 [Thread-2166] INFO  impl.RoleInfo (RoleInfo.java:shutdownFollowerState(121)) - f2627371-a904-4314-a836-5eb8f54559ec: shutdown FollowerState
2019-10-21 19:13:20,154 [Thread-2166] INFO  impl.RaftServerImpl (RaftServerImpl.java:setRole(184)) - f2627371-a904-4314-a836-5eb8f54559ec@group-73E40DF2990B: changes role from  FOLLOWER to CANDIDATE at term 319 for changeToCandidate
2019-10-21 19:13:20,154 [Thread-2166] INFO  impl.RoleInfo (RoleInfo.java:updateAndGet(143)) - f2627371-a904-4314-a836-5eb8f54559ec: start LeaderElection
2019-10-21 19:13:20,168 [f2627371-a904-4314-a836-5eb8f54559ec@group-73E40DF2990B-LeaderElection289] INFO  impl.LeaderElection (LeaderElection.java:askForVotes(178)) - f2627371-a904-4314-a836-5eb8f54559ec@group-73E40DF2990B-LeaderElection289: begin an election at term 320 for -1: [e6a83585-83d0-4616-a3d5-866875ad8a29:192.168.34.32:46159, f2627371-a904-4314-a836-5eb8f54559ec:192.168.34.32:33224, 1b813ef4-47a4-4bfc-8eb5-c34ae440adb1:192.168.34.32:36113], old=null
2019-10-21 19:13:20,170 [grpc-default-executor-0] INFO  impl.RaftServerImpl (RaftServerImpl.java:setRole(184)) - e6a83585-83d0-4616-a3d5-866875ad8a29@group-73E40DF2990B: changes role from  FOLLOWER to FOLLOWER at term 320 for recognizeCandidate:f2627371-a904-4314-a836-5eb8f54559ec
2019-10-21 19:13:20,170 [grpc-default-executor-0] INFO  impl.RoleInfo (RoleInfo.java:shutdownFollowerState(121)) - e6a83585-83d0-4616-a3d5-866875ad8a29: shutdown FollowerState
2019-10-21 19:13:20,170 [grpc-default-executor-0] INFO  impl.RoleInfo (RoleInfo.java:updateAndGet(143)) - e6a83585-83d0-4616-a3d5-866875ad8a29: start FollowerState
2019-10-21 19:13:20,170 [Thread-2164] INFO  impl.FollowerState (FollowerState.java:run(117)) - e6a83585-83d0-4616-a3d5-866875ad8a29@group-73E40DF2990B-FollowerState was interrupted: java.lang.InterruptedException: sleep interrupted
2019-10-21 19:13:20,171 [grpc-default-executor-1] INFO  impl.RaftServerImpl (RaftServerImpl.java:setRole(184)) - 1b813ef4-47a4-4bfc-8eb5-c34ae440adb1@group-73E40DF2990B: changes role from  FOLLOWER to FOLLOWER at term 320 for recognizeCandidate:f2627371-a904-4314-a836-5eb8f54559ec
2019-10-21 19:13:20,171 [grpc-default-executor-1] INFO  impl.RoleInfo (RoleInfo.java:shutdownFollowerState(121)) - 1b813ef4-47a4-4bfc-8eb5-c34ae440adb1: shutdown FollowerState
2019-10-21 19:13:20,171 [grpc-default-executor-1] INFO  impl.RoleInfo (RoleInfo.java:updateAndGet(143)) - 1b813ef4-47a4-4bfc-8eb5-c34ae440adb1: start FollowerState
2019-10-21 19:13:20,171 [Thread-2165] INFO  impl.FollowerState (FollowerState.java:run(117)) - 1b813ef4-47a4-4bfc-8eb5-c34ae440adb1@group-73E40DF2990B-FollowerState was interrupted: java.lang.InterruptedException: sleep interrupted
2019-10-21 19:13:20,185 [f2627371-a904-4314-a836-5eb8f54559ec@group-73E40DF2990B-LeaderElection289] INFO  impl.LeaderElection (LeaderElection.java:logAndReturn(56)) - f2627371-a904-4314-a836-5eb8f54559ec@group-73E40DF2990B-LeaderElection289: Election REJECTED; received 2 response(s) [f2627371-a904-4314-a836-5eb8f54559ec<-e6a83585-83d0-4616-a3d5-866875ad8a29#0:FAIL-t320, f2627371-a904-4314-a836-5eb8f54559ec<-1b813ef4-47a4-4bfc-8eb5-c34ae440adb1#0:FAIL-t320] and 0 exception(s); f2627371-a904-4314-a836-5eb8f54559ec@group-73E40DF2990B:t320, leader=null, voted=f2627371-a904-4314-a836-5eb8f54559ec, raftlog=f2627371-a904-4314-a836-5eb8f54559ec@group-73E40DF2990B-SegmentedRaftLog:OPENED:c-1,f-1,i0, conf=-1: [e6a83585-83d0-4616-a3d5-866875ad8a29:192.168.34.32:46159, f2627371-a904-4314-a836-5eb8f54559ec:192.168.34.32:33224, 1b813ef4-47a4-4bfc-8eb5-c34ae440adb1:192.168.34.32:36113], old=null
2019-10-21 19:13:20,185 [f2627371-a904-4314-a836-5eb8f54559ec@group-73E40DF2990B-LeaderElection289] INFO  impl.RaftServerImpl (RaftServerImpl.java:setRole(184)) - f2627371-a904-4314-a836-5eb8f54559ec@group-73E40DF2990B: changes role from CANDIDATE to FOLLOWER at term 320 for DISCOVERED_A_NEW_TERM
2019-10-21 19:13:20,185 [f2627371-a904-4314-a836-5eb8f54559ec@group-73E40DF2990B-LeaderElection289] INFO  impl.RoleInfo (RoleInfo.java:shutdownLeaderElection(134)) - f2627371-a904-4314-a836-5eb8f54559ec: shutdown LeaderElection
2019-10-21 19:13:20,185 [f2627371-a904-4314-a836-5eb8f54559ec@group-73E40DF2990B-LeaderElection289] INFO  impl.RoleInfo (RoleInfo.java:updateAndGet(143)) - f2627371-a904-4314-a836-5eb8f54559ec: start FollowerState
2019-10-21 19:13:20,296 [Thread-2172] INFO  impl.FollowerState (FollowerState.java:run(108)) - f2627371-a904-4314-a836-5eb8f54559ec@group-73E40DF2990B-FollowerState: change to CANDIDATE, lastRpcTime:111ms, electionTimeout:111ms
2019-10-21 19:13:20,297 [Thread-2172] INFO  impl.RoleInfo (RoleInfo.java:shutdownFollowerState(121)) - f2627371-a904-4314-a836-5eb8f54559ec: shutdown FollowerState
2019-10-21 19:13:20,297 [Thread-2172] INFO  impl.RaftServerImpl (RaftServerImpl.java:setRole(184)) - f2627371-a904-4314-a836-5eb8f54559ec@group-73E40DF2990B: changes role from  FOLLOWER to CANDIDATE at term 320 for changeToCandidate
2019-10-21 19:13:20,297 [Thread-2172] INFO  impl.RoleInfo (RoleInfo.java:updateAndGet(143)) - f2627371-a904-4314-a836-5eb8f54559ec: start LeaderElection
2019-10-21 19:13:20,312 [f2627371-a904-4314-a836-5eb8f54559ec@group-73E40DF2990B-LeaderElection290] INFO  impl.LeaderElection (LeaderElection.java:askForVotes(178)) - f2627371-a904-4314-a836-5eb8f54559ec@group-73E40DF2990B-LeaderElection290: begin an election at term 321 for -1: [e6a83585-83d0-4616-a3d5-866875ad8a29:192.168.34.32:46159, f2627371-a904-4314-a836-5eb8f54559ec:192.168.34.32:33224, 1b813ef4-47a4-4bfc-8eb5-c34ae440adb1:192.168.34.32:36113], old=null
2019-10-21 19:13:20,314 [grpc-default-executor-0] INFO  impl.RaftServerImpl (RaftServerImpl.java:setRole(184)) - e6a83585-83d0-4616-a3d5-866875ad8a29@group-73E40DF2990B: changes role from  FOLLOWER to FOLLOWER at term 321 for recognizeCandidate:f2627371-a904-4314-a836-5eb8f54559ec
2019-10-21 19:13:20,314 [grpc-default-executor-1] INFO  impl.RaftServerImpl (RaftServerImpl.java:setRole(184)) - 1b813ef4-47a4-4bfc-8eb5-c34ae440adb1@group-73E40DF2990B: changes role from  FOLLOWER to FOLLOWER at term 321 for recognizeCandidate:f2627371-a904-4314-a836-5eb8f54559ec
2019-10-21 19:13:20,314 [grpc-default-executor-0] INFO  impl.RoleInfo (RoleInfo.java:shutdownFollowerState(121)) - e6a83585-83d0-4616-a3d5-866875ad8a29: shutdown FollowerState
2019-10-21 19:13:20,315 [grpc-default-executor-1] INFO  impl.RoleInfo (RoleInfo.java:shutdownFollowerState(121)) - 1b813ef4-47a4-4bfc-8eb5-c34ae440adb1: shutdown FollowerState
2019-10-21 19:13:20,315 [grpc-default-executor-0] INFO  impl.RoleInfo (RoleInfo.java:updateAndGet(143)) - e6a83585-83d0-4616-a3d5-866875ad8a29: start FollowerState
2019-10-21 19:13:20,315 [Thread-2170] INFO  impl.FollowerState (FollowerState.java:run(117)) - e6a83585-83d0-4616-a3d5-866875ad8a29@group-73E40DF2990B-FollowerState was interrupted: java.lang.InterruptedException: sleep interrupted
2019-10-21 19:13:20,315 [grpc-default-executor-1] INFO  impl.RoleInfo (RoleInfo.java:updateAndGet(143)) - 1b813ef4-47a4-4bfc-8eb5-c34ae440adb1: start FollowerState
2019-10-21 19:13:20,315 [Thread-2171] INFO  impl.FollowerState (FollowerState.java:run(117)) - 1b813ef4-47a4-4bfc-8eb5-c34ae440adb1@group-73E40DF2990B-FollowerState was interrupted: java.lang.InterruptedException: sleep interrupted
2019-10-21 19:13:20,330 [f2627371-a904-4314-a836-5eb8f54559ec@group-73E40DF2990B-LeaderElection290] INFO  impl.LeaderElection (LeaderElection.java:logAndReturn(56)) - f2627371-a904-4314-a836-5eb8f54559ec@group-73E40DF2990B-LeaderElection290: Election REJECTED; received 2 response(s) [f2627371-a904-4314-a836-5eb8f54559ec<-e6a83585-83d0-4616-a3d5-866875ad8a29#0:FAIL-t321, f2627371-a904-4314-a836-5eb8f54559ec<-1b813ef4-47a4-4bfc-8eb5-c34ae440adb1#0:FAIL-t321] and 0 exception(s); f2627371-a904-4314-a836-5eb8f54559ec@group-73E40DF2990B:t321, leader=null, voted=f2627371-a904-4314-a836-5eb8f54559ec, raftlog=f2627371-a904-4314-a836-5eb8f54559ec@group-73E40DF2990B-SegmentedRaftLog:OPENED:c-1,f-1,i0, conf=-1: [e6a83585-83d0-4616-a3d5-866875ad8a29:192.168.34.32:46159, f2627371-a904-4314-a836-5eb8f54559ec:192.168.34.32:33224, 1b813ef4-47a4-4bfc-8eb5-c34ae440adb1:192.168.34.32:36113], old=null
2019-10-21 19:13:20,330 [f2627371-a904-4314-a836-5eb8f54559ec@group-73E40DF2990B-LeaderElection290] INFO  impl.RaftServerImpl (RaftServerImpl.java:setRole(184)) - f2627371-a904-4314-a836-5eb8f54559ec@group-73E40DF2990B: changes role from CANDIDATE to FOLLOWER at term 321 for DISCOVERED_A_NEW_TERM
2019-10-21 19:13:20,330 [f2627371-a904-4314-a836-5eb8f54559ec@group-73E40DF2990B-LeaderElection290] INFO  impl.RoleInfo (RoleInfo.java:shutdownLeaderElection(134)) - f2627371-a904-4314-a836-5eb8f54559ec: shutdown LeaderElection
2019-10-21 19:13:20,330 [f2627371-a904-4314-a836-5eb8f54559ec@group-73E40DF2990B-LeaderElection290] INFO  impl.RoleInfo (RoleInfo.java:updateAndGet(143)) - f2627371-a904-4314-a836-5eb8f54559ec: start FollowerState
2019-10-21 19:13:20,444 [Thread-2178] INFO  impl.FollowerState (FollowerState.java:run(108)) - f2627371-a904-4314-a836-5eb8f54559ec@group-73E40DF2990B-FollowerState: change to CANDIDATE, lastRpcTime:114ms, electionTimeout:114ms
2019-10-21 19:13:20,445 [Thread-2178] INFO  impl.RoleInfo (RoleInfo.java:shutdownFollowerState(121)) - f2627371-a904-4314-a836-5eb8f54559ec: shutdown FollowerState
2019-10-21 19:13:20,445 [Thread-2178] INFO  impl.RaftServerImpl (RaftServerImpl.java:setRole(184)) - f2627371-a904-4314-a836-5eb8f54559ec@group-73E40DF2990B: changes role from  FOLLOWER to CANDIDATE at term 321 for changeToCandidate
2019-10-21 19:13:20,445 [Thread-2178] INFO  impl.RoleInfo (RoleInfo.java:updateAndGet(143)) - f2627371-a904-4314-a836-5eb8f54559ec: start LeaderElection
2019-10-21 19:13:20,460 [f2627371-a904-4314-a836-5eb8f54559ec@group-73E40DF2990B-LeaderElection291] INFO  impl.LeaderElection (LeaderElection.java:askForVotes(178)) - f2627371-a904-4314-a836-5eb8f54559ec@group-73E40DF2990B-LeaderElection291: begin an election at term 322 for -1: [e6a83585-83d0-4616-a3d5-866875ad8a29:192.168.34.32:46159, f2627371-a904-4314-a836-5eb8f54559ec:192.168.34.32:33224, 1b813ef4-47a4-4bfc-8eb5-c34ae440adb1:192.168.34.32:36113], old=null
2019-10-21 19:13:20,462 [grpc-default-executor-0] INFO  impl.RaftServerImpl (RaftServerImpl.java:setRole(184)) - e6a83585-83d0-4616-a3d5-866875ad8a29@group-73E40DF2990B: changes role from  FOLLOWER to FOLLOWER at term 322 for recognizeCandidate:f2627371-a904-4314-a836-5eb8f54559ec
2019-10-21 19:13:20,462 [grpc-default-executor-1] INFO  impl.RaftServerImpl (RaftServerImpl.java:setRole(184)) - 1b813ef4-47a4-4bfc-8eb5-c34ae440adb1@group-73E40DF2990B: changes role from  FOLLOWER to FOLLOWER at term 322 for recognizeCandidate:f2627371-a904-4314-a836-5eb8f54559ec
2019-10-21 19:13:20,463 [grpc-default-executor-1] INFO  impl.RoleInfo (RoleInfo.java:shutdownFollowerState(121)) - 1b813ef4-47a4-4bfc-8eb5-c34ae440adb1: shutdown FollowerState
2019-10-21 19:13:20,462 [grpc-default-executor-0] INFO  impl.RoleInfo (RoleInfo.java:shutdownFollowerState(121)) - e6a83585-83d0-4616-a3d5-866875ad8a29: shutdown FollowerState
2019-10-21 19:13:20,463 [grpc-default-executor-0] INFO  impl.RoleInfo (RoleInfo.java:updateAndGet(143)) - e6a83585-83d0-4616-a3d5-866875ad8a29: start FollowerState
2019-10-21 19:13:20,463 [Thread-2177] INFO  impl.FollowerState (FollowerState.java:run(117)) - 1b813ef4-47a4-4bfc-8eb5-c34ae440adb1@group-73E40DF2990B-FollowerState was interrupted: java.lang.InterruptedException: sleep interrupted
2019-10-21 19:13:20,463 [grpc-default-executor-1] INFO  impl.RoleInfo (RoleInfo.java:updateAndGet(143)) - 1b813ef4-47a4-4bfc-8eb5-c34ae440adb1: start FollowerState
2019-10-21 19:13:20,463 [Thread-2176] INFO  impl.FollowerState (FollowerState.java:run(117)) - e6a83585-83d0-4616-a3d5-866875ad8a29@group-73E40DF2990B-FollowerState was interrupted: java.lang.InterruptedException: sleep interrupted
2019-10-21 19:13:20,478 [f2627371-a904-4314-a836-5eb8f54559ec@group-73E40DF2990B-LeaderElection291] INFO  impl.LeaderElection (LeaderElection.java:logAndReturn(56)) - f2627371-a904-4314-a836-5eb8f54559ec@group-73E40DF2990B-LeaderElection291: Election REJECTED; received 2 response(s) [f2627371-a904-4314-a836-5eb8f54559ec<-e6a83585-83d0-4616-a3d5-866875ad8a29#0:FAIL-t322, f2627371-a904-4314-a836-5eb8f54559ec<-1b813ef4-47a4-4bfc-8eb5-c34ae440adb1#0:FAIL-t322] and 0 exception(s); f2627371-a904-4314-a836-5eb8f54559ec@group-73E40DF2990B:t322, leader=null, voted=f2627371-a904-4314-a836-5eb8f54559ec, raftlog=f2627371-a904-4314-a836-5eb8f54559ec@group-73E40DF2990B-SegmentedRaftLog:OPENED:c-1,f-1,i0, conf=-1: [e6a83585-83d0-4616-a3d5-866875ad8a29:192.168.34.32:46159, f2627371-a904-4314-a836-5eb8f54559ec:192.168.34.32:33224, 1b813ef4-47a4-4bfc-8eb5-c34ae440adb1:192.168.34.32:36113], old=null
2019-10-21 19:13:20,479 [f2627371-a904-4314-a836-5eb8f54559ec@group-73E40DF2990B-LeaderElection291] INFO  impl.RaftServerImpl (RaftServerImpl.java:setRole(184)) - f2627371-a904-4314-a836-5eb8f54559ec@group-73E40DF2990B: changes role from CANDIDATE to FOLLOWER at term 322 for DISCOVERED_A_NEW_TERM
2019-10-21 19:13:20,479 [f2627371-a904-4314-a836-5eb8f54559ec@group-73E40DF2990B-LeaderElection291] INFO  impl.RoleInfo (RoleInfo.java:shutdownLeaderElection(134)) - f2627371-a904-4314-a836-5eb8f54559ec: shutdown LeaderElection
2019-10-21 19:13:20,479 [f2627371-a904-4314-a836-5eb8f54559ec@group-73E40DF2990B-LeaderElection291] INFO  impl.RoleInfo (RoleInfo.java:updateAndGet(143)) - f2627371-a904-4314-a836-5eb8f54559ec: start FollowerState
2019-10-21 19:13:20,602 [Thread-2184] INFO  impl.FollowerState (FollowerState.java:run(108)) - f2627371-a904-4314-a836-5eb8f54559ec@group-73E40DF2990B-FollowerState: change to CANDIDATE, lastRpcTime:122ms, electionTimeout:122ms
2019-10-21 19:13:20,602 [Thread-2184] INFO  impl.RoleInfo (RoleInfo.java:shutdownFollowerState(121)) - f2627371-a904-4314-a836-5eb8f54559ec: shutdown FollowerState
2019-10-21 19:13:20,602 [Thread-2184] INFO  impl.RaftServerImpl (RaftServerImpl.java:setRole(184)) - f2627371-a904-4314-a836-5eb8f54559ec@group-73E40DF2990B: changes role from  FOLLOWER to CANDIDATE at term 322 for changeToCandidate
2019-10-21 19:13:20,602 [Thread-2184] INFO  impl.RoleInfo (RoleInfo.java:updateAndGet(143)) - f2627371-a904-4314-a836-5eb8f54559ec: start LeaderElection
2019-10-21 19:13:20,618 [f2627371-a904-4314-a836-5eb8f54559ec@group-73E40DF2990B-LeaderElection292] INFO  impl.LeaderElection (LeaderElection.java:askForVotes(178)) - f2627371-a904-4314-a836-5eb8f54559ec@group-73E40DF2990B-LeaderElection292: begin an election at term 323 for -1: [e6a83585-83d0-4616-a3d5-866875ad8a29:192.168.34.32:46159, f2627371-a904-4314-a836-5eb8f54559ec:192.168.34.32:33224, 1b813ef4-47a4-4bfc-8eb5-c34ae440adb1:192.168.34.32:36113], old=null
2019-10-21 19:13:20,620 [grpc-default-executor-1] INFO  impl.RaftServerImpl (RaftServerImpl.java:setRole(184)) - 1b813ef4-47a4-4bfc-8eb5-c34ae440adb1@group-73E40DF2990B: changes role from  FOLLOWER to FOLLOWER at term 323 for recognizeCandidate:f2627371-a904-4314-a836-5eb8f54559ec
2019-10-21 19:13:20,620 [grpc-default-executor-1] INFO  impl.RoleInfo (RoleInfo.java:shutdownFollowerState(121)) - 1b813ef4-47a4-4bfc-8eb5-c34ae440adb1: shutdown FollowerState
2019-10-21 19:13:20,620 [grpc-default-executor-0] INFO  impl.RaftServerImpl (RaftServerImpl.java:setRole(184)) - e6a83585-83d0-4616-a3d5-866875ad8a29@group-73E40DF2990B: changes role from  FOLLOWER to FOLLOWER at term 323 for recognizeCandidate:f2627371-a904-4314-a836-5eb8f54559ec
2019-10-21 19:13:20,620 [grpc-default-executor-0] INFO  impl.RoleInfo (RoleInfo.java:shutdownFollowerState(121)) - e6a83585-83d0-4616-a3d5-866875ad8a29: shutdown FollowerState
2019-10-21 19:13:20,620 [grpc-default-executor-1] INFO  impl.RoleInfo (RoleInfo.java:updateAndGet(143)) - 1b813ef4-47a4-4bfc-8eb5-c34ae440adb1: start FollowerState
2019-10-21 19:13:20,620 [Thread-2182] INFO  impl.FollowerState (FollowerState.java:run(117)) - 1b813ef4-47a4-4bfc-8eb5-c34ae440adb1@group-73E40DF2990B-FollowerState was interrupted: java.lang.InterruptedException: sleep interrupted
2019-10-21 19:13:20,620 [Thread-2183] INFO  impl.FollowerState (FollowerState.java:run(117)) - e6a83585-83d0-4616-a3d5-866875ad8a29@group-73E40DF2990B-FollowerState was interrupted: java.lang.InterruptedException: sleep interrupted
2019-10-21 19:13:20,620 [grpc-default-executor-0] INFO  impl.RoleInfo (RoleInfo.java:updateAndGet(143)) - e6a83585-83d0-4616-a3d5-866875ad8a29: start FollowerState
2019-10-21 19:13:20,635 [f2627371-a904-4314-a836-5eb8f54559ec@group-73E40DF2990B-LeaderElection292] INFO  impl.LeaderElection (LeaderElection.java:logAndReturn(56)) - f2627371-a904-4314-a836-5eb8f54559ec@group-73E40DF2990B-LeaderElection292: Election REJECTED; received 2 response(s) [f2627371-a904-4314-a836-5eb8f54559ec<-e6a83585-83d0-4616-a3d5-866875ad8a29#0:FAIL-t323, f2627371-a904-4314-a836-5eb8f54559ec<-1b813ef4-47a4-4bfc-8eb5-c34ae440adb1#0:FAIL-t323] and 0 exception(s); f2627371-a904-4314-a836-5eb8f54559ec@group-73E40DF2990B:t323, leader=null, voted=f2627371-a904-4314-a836-5eb8f54559ec, raftlog=f2627371-a904-4314-a836-5eb8f54559ec@group-73E40DF2990B-SegmentedRaftLog:OPENED:c-1,f-1,i0, conf=-1: [e6a83585-83d0-4616-a3d5-866875ad8a29:192.168.34.32:46159, f2627371-a904-4314-a836-5eb8f54559ec:192.168.34.32:33224, 1b813ef4-47a4-4bfc-8eb5-c34ae440adb1:192.168.34.32:36113], old=null
2019-10-21 19:13:20,635 [f2627371-a904-4314-a836-5eb8f54559ec@group-73E40DF2990B-LeaderElection292] INFO  impl.RaftServerImpl (RaftServerImpl.java:setRole(184)) - f2627371-a904-4314-a836-5eb8f54559ec@group-73E40DF2990B: changes role from CANDIDATE to FOLLOWER at term 323 for DISCOVERED_A_NEW_TERM
2019-10-21 19:13:20,636 [f2627371-a904-4314-a836-5eb8f54559ec@group-73E40DF2990B-LeaderElection292] INFO  impl.RoleInfo (RoleInfo.java:shutdownLeaderElection(134)) - f2627371-a904-4314-a836-5eb8f54559ec: shutdown LeaderElection
2019-10-21 19:13:20,636 [f2627371-a904-4314-a836-5eb8f54559ec@group-73E40DF2990B-LeaderElection292] INFO  impl.RoleInfo (RoleInfo.java:updateAndGet(143)) - f2627371-a904-4314-a836-5eb8f54559ec: start FollowerState
2019-10-21 19:13:20,829 [Thread-2190] INFO  impl.FollowerState (FollowerState.java:run(108)) - f2627371-a904-4314-a836-5eb8f54559ec@group-73E40DF2990B-FollowerState: change to CANDIDATE, lastRpcTime:193ms, electionTimeout:193ms
2019-10-21 19:13:20,829 [Thread-2190] INFO  impl.RoleInfo (RoleInfo.java:shutdownFollowerState(121)) - f2627371-a904-4314-a836-5eb8f54559ec: shutdown FollowerState
2019-10-21 19:13:20,829 [Thread-2190] INFO  impl.RaftServerImpl (RaftServerImpl.java:setRole(184)) - f2627371-a904-4314-a836-5eb8f54559ec@group-73E40DF2990B: changes role from  FOLLOWER to CANDIDATE at term 323 for changeToCandidate
2019-10-21 19:13:20,830 [Thread-2190] INFO  impl.RoleInfo (RoleInfo.java:updateAndGet(143)) - f2627371-a904-4314-a836-5eb8f54559ec: start LeaderElection
2019-10-21 19:13:20,844 [f2627371-a904-4314-a836-5eb8f54559ec@group-73E40DF2990B-LeaderElection293] INFO  impl.LeaderElection (LeaderElection.java:askForVotes(178)) - f2627371-a904-4314-a836-5eb8f54559ec@group-73E40DF2990B-LeaderElection293: begin an election at term 324 for -1: [e6a83585-83d0-4616-a3d5-866875ad8a29:192.168.34.32:46159, f2627371-a904-4314-a836-5eb8f54559ec:192.168.34.32:33224, 1b813ef4-47a4-4bfc-8eb5-c34ae440adb1:192.168.34.32:36113], old=null
2019-10-21 19:13:20,846 [grpc-default-executor-1] INFO  impl.RaftServerImpl (RaftServerImpl.java:setRole(184)) - 1b813ef4-47a4-4bfc-8eb5-c34ae440adb1@group-73E40DF2990B: changes role from  FOLLOWER to FOLLOWER at term 324 for recognizeCandidate:f2627371-a904-4314-a836-5eb8f54559ec
2019-10-21 19:13:20,847 [grpc-default-executor-1] INFO  impl.RoleInfo (RoleInfo.java:shutdownFollowerState(121)) - 1b813ef4-47a4-4bfc-8eb5-c34ae440adb1: shutdown FollowerState
2019-10-21 19:13:20,847 [grpc-default-executor-1] INFO  impl.RoleInfo (RoleInfo.java:updateAndGet(143)) - 1b813ef4-47a4-4bfc-8eb5-c34ae440adb1: start FollowerState
2019-10-21 19:13:20,847 [Thread-2188] INFO  impl.FollowerState (FollowerState.java:run(117)) - 1b813ef4-47a4-4bfc-8eb5-c34ae440adb1@group-73E40DF2990B-FollowerState was interrupted: java.lang.InterruptedException: sleep interrupted
2019-10-21 19:13:20,847 [grpc-default-executor-0] INFO  impl.RaftServerImpl (RaftServerImpl.java:setRole(184)) - e6a83585-83d0-4616-a3d5-866875ad8a29@group-73E40DF2990B: changes role from  FOLLOWER to FOLLOWER at term 324 for recognizeCandidate:f2627371-a904-4314-a836-5eb8f54559ec
2019-10-21 19:13:20,847 [grpc-default-executor-0] INFO  impl.RoleInfo (RoleInfo.java:shutdownFollowerState(121)) - e6a83585-83d0-4616-a3d5-866875ad8a29: shutdown FollowerState
2019-10-21 19:13:20,847 [grpc-default-executor-0] INFO  impl.RoleInfo (RoleInfo.java:updateAndGet(143)) - e6a83585-83d0-4616-a3d5-866875ad8a29: start FollowerState
2019-10-21 19:13:20,847 [Thread-2189] INFO  impl.FollowerState (FollowerState.java:run(117)) - e6a83585-83d0-4616-a3d5-866875ad8a29@group-73E40DF2990B-FollowerState was interrupted: java.lang.InterruptedException: sleep interrupted
2019-10-21 19:13:20,859 [f2627371-a904-4314-a836-5eb8f54559ec@group-73E40DF2990B-LeaderElection293] INFO  impl.LeaderElection (LeaderElection.java:logAndReturn(56)) - f2627371-a904-4314-a836-5eb8f54559ec@group-73E40DF2990B-LeaderElection293: Election TIMEOUT; received 0 response(s) [] and 0 exception(s); f2627371-a904-4314-a836-5eb8f54559ec@group-73E40DF2990B:t324, leader=null, voted=f2627371-a904-4314-a836-5eb8f54559ec, raftlog=f2627371-a904-4314-a836-5eb8f54559ec@group-73E40DF2990B-SegmentedRaftLog:OPENED:c-1,f-1,i0, conf=-1: [e6a83585-83d0-4616-a3d5-866875ad8a29:192.168.34.32:46159, f2627371-a904-4314-a836-5eb8f54559ec:192.168.34.32:33224, 1b813ef4-47a4-4bfc-8eb5-c34ae440adb1:192.168.34.32:36113], old=null
2019-10-21 19:13:20,864 [f2627371-a904-4314-a836-5eb8f54559ec@group-73E40DF2990B-LeaderElection293] INFO  impl.LeaderElection (LeaderElection.java:askForVotes(178)) - f2627371-a904-4314-a836-5eb8f54559ec@group-73E40DF2990B-LeaderElection293: begin an election at term 325 for -1: [e6a83585-83d0-4616-a3d5-866875ad8a29:192.168.34.32:46159, f2627371-a904-4314-a836-5eb8f54559ec:192.168.34.32:33224, 1b813ef4-47a4-4bfc-8eb5-c34ae440adb1:192.168.34.32:36113], old=null
2019-10-21 19:13:20,866 [grpc-default-executor-0] INFO  impl.RaftServerImpl (RaftServerImpl.java:setRole(184)) - e6a83585-83d0-4616-a3d5-866875ad8a29@group-73E40DF2990B: changes role from  FOLLOWER to FOLLOWER at term 325 for recognizeCandidate:f2627371-a904-4314-a836-5eb8f54559ec
2019-10-21 19:13:20,866 [grpc-default-executor-0] INFO  impl.RoleInfo (RoleInfo.java:shutdownFollowerState(121)) - e6a83585-83d0-4616-a3d5-866875ad8a29: shutdown FollowerState
2019-10-21 19:13:20,866 [grpc-default-executor-1] INFO  impl.RaftServerImpl (RaftServerImpl.java:setRole(184)) - 1b813ef4-47a4-4bfc-8eb5-c34ae440adb1@group-73E40DF2990B: changes role from  FOLLOWER to FOLLOWER at term 325 for recognizeCandidate:f2627371-a904-4314-a836-5eb8f54559ec
2019-10-21 19:13:20,866 [Thread-2197] INFO  impl.FollowerState (FollowerState.java:run(117)) - e6a83585-83d0-4616-a3d5-866875ad8a29@group-73E40DF2990B-FollowerState was interrupted: java.lang.InterruptedException: sleep interrupted
2019-10-21 19:13:20,866 [grpc-default-executor-1] INFO  impl.RoleInfo (RoleInfo.java:shutdownFollowerState(121)) - 1b813ef4-47a4-4bfc-8eb5-c34ae440adb1: shutdown FollowerState
2019-10-21 19:13:20,866 [grpc-default-executor-0] INFO  impl.RoleInfo (RoleInfo.java:updateAndGet(143)) - e6a83585-83d0-4616-a3d5-866875ad8a29: start FollowerState
2019-10-21 19:13:20,866 [Thread-2196] INFO  impl.FollowerState (FollowerState.java:run(117)) - 1b813ef4-47a4-4bfc-8eb5-c34ae440adb1@group-73E40DF2990B-FollowerState was interrupted: java.lang.InterruptedException: sleep interrupted
2019-10-21 19:13:20,866 [grpc-default-executor-1] INFO  impl.RoleInfo (RoleInfo.java:updateAndGet(143)) - 1b813ef4-47a4-4bfc-8eb5-c34ae440adb1: start FollowerState
2019-10-21 19:13:20,902 [f2627371-a904-4314-a836-5eb8f54559ec@group-73E40DF2990B-LeaderElection293] INFO  impl.LeaderElection (LeaderElection.java:logAndReturn(56)) - f2627371-a904-4314-a836-5eb8f54559ec@group-73E40DF2990B-LeaderElection293: Election REJECTED; received 2 response(s) [f2627371-a904-4314-a836-5eb8f54559ec<-e6a83585-83d0-4616-a3d5-866875ad8a29#0:FAIL-t325, f2627371-a904-4314-a836-5eb8f54559ec<-1b813ef4-47a4-4bfc-8eb5-c34ae440adb1#0:FAIL-t325] and 0 exception(s); f2627371-a904-4314-a836-5eb8f54559ec@group-73E40DF2990B:t325, leader=null, voted=f2627371-a904-4314-a836-5eb8f54559ec, raftlog=f2627371-a904-4314-a836-5eb8f54559ec@group-73E40DF2990B-SegmentedRaftLog:OPENED:c-1,f-1,i0, conf=-1: [e6a83585-83d0-4616-a3d5-866875ad8a29:192.168.34.32:46159, f2627371-a904-4314-a836-5eb8f54559ec:192.168.34.32:33224, 1b813ef4-47a4-4bfc-8eb5-c34ae440adb1:192.168.34.32:36113], old=null
2019-10-21 19:13:20,902 [f2627371-a904-4314-a836-5eb8f54559ec@group-73E40DF2990B-LeaderElection293] INFO  impl.RaftServerImpl (RaftServerImpl.java:setRole(184)) - f2627371-a904-4314-a836-5eb8f54559ec@group-73E40DF2990B: changes role from CANDIDATE to FOLLOWER at term 325 for DISCOVERED_A_NEW_TERM
2019-10-21 19:13:20,902 [f2627371-a904-4314-a836-5eb8f54559ec@group-73E40DF2990B-LeaderElection293] INFO  impl.RoleInfo (RoleInfo.java:shutdownLeaderElection(134)) - f2627371-a904-4314-a836-5eb8f54559ec: shutdown LeaderElection
2019-10-21 19:13:20,903 [f2627371-a904-4314-a836-5eb8f54559ec@group-73E40DF2990B-LeaderElection293] INFO  impl.RoleInfo (RoleInfo.java:updateAndGet(143)) - f2627371-a904-4314-a836-5eb8f54559ec: start FollowerState
2019-10-21 19:13:21,025 [Thread-2202] INFO  impl.FollowerState (FollowerState.java:run(108)) - f2627371-a904-4314-a836-5eb8f54559ec@group-73E40DF2990B-FollowerState: change to CANDIDATE, lastRpcTime:122ms, electionTimeout:122ms
2019-10-21 19:13:21,025 [Thread-2202] INFO  impl.RoleInfo (RoleInfo.java:shutdownFollowerState(121)) - f2627371-a904-4314-a836-5eb8f54559ec: shutdown FollowerState
2019-10-21 19:13:21,025 [Thread-2202] INFO  impl.RaftServerImpl (RaftServerImpl.java:setRole(184)) - f2627371-a904-4314-a836-5eb8f54559ec@group-73E40DF2990B: changes role from  FOLLOWER to CANDIDATE at term 325 for changeToCandidate
2019-10-21 19:13:21,026 [Thread-2202] INFO  impl.RoleInfo (RoleInfo.java:updateAndGet(143)) - f2627371-a904-4314-a836-5eb8f54559ec: start LeaderElection
2019-10-21 19:13:21,041 [f2627371-a904-4314-a836-5eb8f54559ec@group-73E40DF2990B-LeaderElection294] INFO  impl.LeaderElection (LeaderElection.java:askForVotes(178)) - f2627371-a904-4314-a836-5eb8f54559ec@group-73E40DF2990B-LeaderElection294: begin an election at term 326 for -1: [e6a83585-83d0-4616-a3d5-866875ad8a29:192.168.34.32:46159, f2627371-a904-4314-a836-5eb8f54559ec:192.168.34.32:33224, 1b813ef4-47a4-4bfc-8eb5-c34ae440adb1:192.168.34.32:36113], old=null
2019-10-21 19:13:21,043 [grpc-default-executor-0] INFO  impl.RaftServerImpl (RaftServerImpl.java:setRole(184)) - e6a83585-83d0-4616-a3d5-866875ad8a29@group-73E40DF2990B: changes role from  FOLLOWER to FOLLOWER at term 326 for recognizeCandidate:f2627371-a904-4314-a836-5eb8f54559ec
2019-10-21 19:13:21,043 [grpc-default-executor-1] INFO  impl.RaftServerImpl (RaftServerImpl.java:setRole(184)) - 1b813ef4-47a4-4bfc-8eb5-c34ae440adb1@group-73E40DF2990B: changes role from  FOLLOWER to FOLLOWER at term 326 for recognizeCandidate:f2627371-a904-4314-a836-5eb8f54559ec
2019-10-21 19:13:21,043 [grpc-default-executor-0] INFO  impl.RoleInfo (RoleInfo.java:shutdownFollowerState(121)) - e6a83585-83d0-4616-a3d5-866875ad8a29: shutdown FollowerState
2019-10-21 19:13:21,043 [grpc-default-executor-1] INFO  impl.RoleInfo (RoleInfo.java:shutdownFollowerState(121)) - 1b813ef4-47a4-4bfc-8eb5-c34ae440adb1: shutdown FollowerState
2019-10-21 19:13:21,044 [Thread-2200] INFO  impl.FollowerState (FollowerState.java:run(117)) - e6a83585-83d0-4616-a3d5-866875ad8a29@group-73E40DF2990B-FollowerState was interrupted: java.lang.InterruptedException: sleep interrupted
2019-10-21 19:13:21,044 [Thread-2201] INFO  impl.FollowerState (FollowerState.java:run(117)) - 1b813ef4-47a4-4bfc-8eb5-c34ae440adb1@group-73E40DF2990B-FollowerState was interrupted: java.lang.InterruptedException: sleep interrupted
2019-10-21 19:13:21,044 [grpc-default-executor-0] INFO  impl.RoleInfo (RoleInfo.java:updateAndGet(143)) - e6a83585-83d0-4616-a3d5-866875ad8a29: start FollowerState
2019-10-21 19:13:21,044 [grpc-default-executor-1] INFO  impl.RoleInfo (RoleInfo.java:updateAndGet(143)) - 1b813ef4-47a4-4bfc-8eb5-c34ae440adb1: start FollowerState
2019-10-21 19:13:21,059 [f2627371-a904-4314-a836-5eb8f54559ec@group-73E40DF2990B-LeaderElection294] INFO  impl.LeaderElection (LeaderElection.java:logAndReturn(56)) - f2627371-a904-4314-a836-5eb8f54559ec@group-73E40DF2990B-LeaderElection294: Election REJECTED; received 2 response(s) [f2627371-a904-4314-a836-5eb8f54559ec<-e6a83585-83d0-4616-a3d5-866875ad8a29#0:FAIL-t326, f2627371-a904-4314-a836-5eb8f54559ec<-1b813ef4-47a4-4bfc-8eb5-c34ae440adb1#0:FAIL-t326] and 0 exception(s); f2627371-a904-4314-a836-5eb8f54559ec@group-73E40DF2990B:t326, leader=null, voted=f2627371-a904-4314-a836-5eb8f54559ec, raftlog=f2627371-a904-4314-a836-5eb8f54559ec@group-73E40DF2990B-SegmentedRaftLog:OPENED:c-1,f-1,i0, conf=-1: [e6a83585-83d0-4616-a3d5-866875ad8a29:192.168.34.32:46159, f2627371-a904-4314-a836-5eb8f54559ec:192.168.34.32:33224, 1b813ef4-47a4-4bfc-8eb5-c34ae440adb1:192.168.34.32:36113], old=null
2019-10-21 19:13:21,059 [f2627371-a904-4314-a836-5eb8f54559ec@group-73E40DF2990B-LeaderElection294] INFO  impl.RaftServerImpl (RaftServerImpl.java:setRole(184)) - f2627371-a904-4314-a836-5eb8f54559ec@group-73E40DF2990B: changes role from CANDIDATE to FOLLOWER at term 326 for DISCOVERED_A_NEW_TERM
2019-10-21 19:13:21,059 [f2627371-a904-4314-a836-5eb8f54559ec@group-73E40DF2990B-LeaderElection294] INFO  impl.RoleInfo (RoleInfo.java:shutdownLeaderElection(134)) - f2627371-a904-4314-a836-5eb8f54559ec: shutdown LeaderElection
2019-10-21 19:13:21,059 [f2627371-a904-4314-a836-5eb8f54559ec@group-73E40DF2990B-LeaderElection294] INFO  impl.RoleInfo (RoleInfo.java:updateAndGet(143)) - f2627371-a904-4314-a836-5eb8f54559ec: start FollowerState
2019-10-21 19:13:21,159 [Thread-2208] INFO  impl.FollowerState (FollowerState.java:run(108)) - f2627371-a904-4314-a836-5eb8f54559ec@group-73E40DF2990B-FollowerState: change to CANDIDATE, lastRpcTime:100ms, electionTimeout:100ms
2019-10-21 19:13:21,160 [Thread-2208] INFO  impl.RoleInfo (RoleInfo.java:shutdownFollowerState(121)) - f2627371-a904-4314-a836-5eb8f54559ec: shutdown FollowerState
2019-10-21 19:13:21,160 [Thread-2208] INFO  impl.RaftServerImpl (RaftServerImpl.java:setRole(184)) - f2627371-a904-4314-a836-5eb8f54559ec@group-73E40DF2990B: changes role from  FOLLOWER to CANDIDATE at term 326 for changeToCandidate
2019-10-21 19:13:21,160 [Thread-2208] INFO  impl.RoleInfo (RoleInfo.java:updateAndGet(143)) - f2627371-a904-4314-a836-5eb8f54559ec: start LeaderElection
2019-10-21 19:13:21,175 [f2627371-a904-4314-a836-5eb8f54559ec@group-73E40DF2990B-LeaderElection295] INFO  impl.LeaderElection (LeaderElection.java:askForVotes(178)) - f2627371-a904-4314-a836-5eb8f54559ec@group-73E40DF2990B-LeaderElection295: begin an election at term 327 for -1: [e6a83585-83d0-4616-a3d5-866875ad8a29:192.168.34.32:46159, f2627371-a904-4314-a836-5eb8f54559ec:192.168.34.32:33224, 1b813ef4-47a4-4bfc-8eb5-c34ae440adb1:192.168.34.32:36113], old=null
2019-10-21 19:13:21,177 [grpc-default-executor-1] INFO  impl.RaftServerImpl (RaftServerImpl.java:setRole(184)) - e6a83585-83d0-4616-a3d5-866875ad8a29@group-73E40DF2990B: changes role from  FOLLOWER to FOLLOWER at term 327 for recognizeCandidate:f2627371-a904-4314-a836-5eb8f54559ec
2019-10-21 19:13:21,177 [grpc-default-executor-0] INFO  impl.RaftServerImpl (RaftServerImpl.java:setRole(184)) - 1b813ef4-47a4-4bfc-8eb5-c34ae440adb1@group-73E40DF2990B: changes role from  FOLLOWER to FOLLOWER at term 327 for recognizeCandidate:f2627371-a904-4314-a836-5eb8f54559ec
2019-10-21 19:13:21,178 [grpc-default-executor-1] INFO  impl.RoleInfo (RoleInfo.java:shutdownFollowerState(121)) - e6a83585-83d0-4616-a3d5-866875ad8a29: shutdown FollowerState
2019-10-21 19:13:21,178 [grpc-default-executor-0] INFO  impl.RoleInfo (RoleInfo.java:shutdownFollowerState(121)) - 1b813ef4-47a4-4bfc-8eb5-c34ae440adb1: shutdown FollowerState
2019-10-21 19:13:21,178 [grpc-default-executor-0] INFO  impl.RoleInfo (RoleInfo.java:updateAndGet(143)) - 1b813ef4-47a4-4bfc-8eb5-c34ae440adb1: start FollowerState
2019-10-21 19:13:21,178 [Thread-2206] INFO  impl.FollowerState (FollowerState.java:run(117)) - e6a83585-83d0-4616-a3d5-866875ad8a29@group-73E40DF2990B-FollowerState was interrupted: java.lang.InterruptedException: sleep interrupted
2019-10-21 19:13:21,178 [grpc-default-executor-1] INFO  impl.RoleInfo (RoleInfo.java:updateAndGet(143)) - e6a83585-83d0-4616-a3d5-866875ad8a29: start FollowerState
2019-10-21 19:13:21,178 [Thread-2207] INFO  impl.FollowerState (FollowerState.java:run(117)) - 1b813ef4-47a4-4bfc-8eb5-c34ae440adb1@group-73E40DF2990B-FollowerState was interrupted: java.lang.InterruptedException: sleep interrupted
2019-10-21 19:13:21,185 [f2627371-a904-4314-a836-5eb8f54559ec@group-73E40DF2990B-LeaderElection295] INFO  impl.LeaderElection (LeaderElection.java:logAndReturn(56)) - f2627371-a904-4314-a836-5eb8f54559ec@group-73E40DF2990B-LeaderElection295: Election TIMEOUT; received 0 response(s) [] and 0 exception(s); f2627371-a904-4314-a836-5eb8f54559ec@group-73E40DF2990B:t327, leader=null, voted=f2627371-a904-4314-a836-5eb8f54559ec, raftlog=f2627371-a904-4314-a836-5eb8f54559ec@group-73E40DF2990B-SegmentedRaftLog:OPENED:c-1,f-1,i0, conf=-1: [e6a83585-83d0-4616-a3d5-866875ad8a29:192.168.34.32:46159, f2627371-a904-4314-a836-5eb8f54559ec:192.168.34.32:33224, 1b813ef4-47a4-4bfc-8eb5-c34ae440adb1:192.168.34.32:36113], old=null
2019-10-21 19:13:21,192 [f2627371-a904-4314-a836-5eb8f54559ec@group-73E40DF2990B-LeaderElection295] INFO  impl.LeaderElection (LeaderElection.java:askForVotes(178)) - f2627371-a904-4314-a836-5eb8f54559ec@group-73E40DF2990B-LeaderElection295: begin an election at term 328 for -1: [e6a83585-83d0-4616-a3d5-866875ad8a29:192.168.34.32:46159, f2627371-a904-4314-a836-5eb8f54559ec:192.168.34.32:33224, 1b813ef4-47a4-4bfc-8eb5-c34ae440adb1:192.168.34.32:36113], old=null
2019-10-21 19:13:21,193 [grpc-default-executor-1] INFO  impl.RaftServerImpl (RaftServerImpl.java:setRole(184)) - e6a83585-83d0-4616-a3d5-866875ad8a29@group-73E40DF2990B: changes role from  FOLLOWER to FOLLOWER at term 328 for recognizeCandidate:f2627371-a904-4314-a836-5eb8f54559ec
2019-10-21 19:13:21,194 [grpc-default-executor-1] INFO  impl.RoleInfo (RoleInfo.java:shutdownFollowerState(121)) - e6a83585-83d0-4616-a3d5-866875ad8a29: shutdown FollowerState
2019-10-21 19:13:21,194 [grpc-default-executor-1] INFO  impl.RoleInfo (RoleInfo.java:updateAndGet(143)) - e6a83585-83d0-4616-a3d5-866875ad8a29: start FollowerState
2019-10-21 19:13:21,194 [Thread-2212] INFO  impl.FollowerState (FollowerState.java:run(117)) - e6a83585-83d0-4616-a3d5-866875ad8a29@group-73E40DF2990B-FollowerState was interrupted: java.lang.InterruptedException: sleep interrupted
2019-10-21 19:13:21,194 [grpc-default-executor-0] INFO  impl.RaftServerImpl (RaftServerImpl.java:setRole(184)) - 1b813ef4-47a4-4bfc-8eb5-c34ae440adb1@group-73E40DF2990B: changes role from  FOLLOWER to FOLLOWER at term 328 for recognizeCandidate:f2627371-a904-4314-a836-5eb8f54559ec
2019-10-21 19:13:21,194 [grpc-default-executor-0] INFO  impl.RoleInfo (RoleInfo.java:shutdownFollowerState(121)) - 1b813ef4-47a4-4bfc-8eb5-c34ae440adb1: shutdown FollowerState
2019-10-21 19:13:21,195 [grpc-default-executor-0] INFO  impl.RoleInfo (RoleInfo.java:updateAndGet(143)) - 1b813ef4-47a4-4bfc-8eb5-c34ae440adb1: start FollowerState
2019-10-21 19:13:21,195 [Thread-2213] INFO  impl.FollowerState (FollowerState.java:run(117)) - 1b813ef4-47a4-4bfc-8eb5-c34ae440adb1@group-73E40DF2990B-FollowerState was interrupted: java.lang.InterruptedException: sleep interrupted
2019-10-21 19:13:21,209 [f2627371-a904-4314-a836-5eb8f54559ec@group-73E40DF2990B-LeaderElection295] INFO  impl.LeaderElection (LeaderElection.java:logAndReturn(56)) - f2627371-a904-4314-a836-5eb8f54559ec@group-73E40DF2990B-LeaderElection295: Election REJECTED; received 2 response(s) [f2627371-a904-4314-a836-5eb8f54559ec<-e6a83585-83d0-4616-a3d5-866875ad8a29#0:FAIL-t328, f2627371-a904-4314-a836-5eb8f54559ec<-1b813ef4-47a4-4bfc-8eb5-c34ae440adb1#0:FAIL-t328] and 0 exception(s); f2627371-a904-4314-a836-5eb8f54559ec@group-73E40DF2990B:t328, leader=null, voted=f2627371-a904-4314-a836-5eb8f54559ec, raftlog=f2627371-a904-4314-a836-5eb8f54559ec@group-73E40DF2990B-SegmentedRaftLog:OPENED:c-1,f-1,i0, conf=-1: [e6a83585-83d0-4616-a3d5-866875ad8a29:192.168.34.32:46159, f2627371-a904-4314-a836-5eb8f54559ec:192.168.34.32:33224, 1b813ef4-47a4-4bfc-8eb5-c34ae440adb1:192.168.34.32:36113], old=null
2019-10-21 19:13:21,209 [f2627371-a904-4314-a836-5eb8f54559ec@group-73E40DF2990B-LeaderElection295] INFO  impl.RaftServerImpl (RaftServerImpl.java:setRole(184)) - f2627371-a904-4314-a836-5eb8f54559ec@group-73E40DF2990B: changes role from CANDIDATE to FOLLOWER at term 328 for DISCOVERED_A_NEW_TERM
2019-10-21 19:13:21,209 [f2627371-a904-4314-a836-5eb8f54559ec@group-73E40DF2990B-LeaderElection295] INFO  impl.RoleInfo (RoleInfo.java:shutdownLeaderElection(134)) - f2627371-a904-4314-a836-5eb8f54559ec: shutdown LeaderElection
2019-10-21 19:13:21,209 [f2627371-a904-4314-a836-5eb8f54559ec@group-73E40DF2990B-LeaderElection295] INFO  impl.RoleInfo (RoleInfo.java:updateAndGet(143)) - f2627371-a904-4314-a836-5eb8f54559ec: start FollowerState
2019-10-21 19:13:21,254 [Thread-2218] INFO  impl.FollowerState (FollowerState.java:run(108)) - f2627371-a904-4314-a836-5eb8f54559ec@group-73E40DF2990B-FollowerState: change to CANDIDATE, lastRpcTime:45ms, electionTimeout:45ms
2019-10-21 19:13:21,254 [Thread-2218] INFO  impl.RoleInfo (RoleInfo.java:shutdownFollowerState(121)) - f2627371-a904-4314-a836-5eb8f54559ec: shutdown FollowerState
2019-10-21 19:13:21,255 [Thread-2218] INFO  impl.RaftServerImpl (RaftServerImpl.java:setRole(184)) - f2627371-a904-4314-a836-5eb8f54559ec@group-73E40DF2990B: changes role from  FOLLOWER to CANDIDATE at term 328 for changeToCandidate
2019-10-21 19:13:21,255 [Thread-2218] INFO  impl.RoleInfo (RoleInfo.java:updateAndGet(143)) - f2627371-a904-4314-a836-5eb8f54559ec: start LeaderElection
2019-10-21 19:13:21,269 [f2627371-a904-4314-a836-5eb8f54559ec@group-73E40DF2990B-LeaderElection296] INFO  impl.LeaderElection (LeaderElection.java:askForVotes(178)) - f2627371-a904-4314-a836-5eb8f54559ec@group-73E40DF2990B-LeaderElection296: begin an election at term 329 for -1: [e6a83585-83d0-4616-a3d5-866875ad8a29:192.168.34.32:46159, f2627371-a904-4314-a836-5eb8f54559ec:192.168.34.32:33224, 1b813ef4-47a4-4bfc-8eb5-c34ae440adb1:192.168.34.32:36113], old=null
2019-10-21 19:13:21,271 [grpc-default-executor-1] INFO  impl.RaftServerImpl (RaftServerImpl.java:setRole(184)) - e6a83585-83d0-4616-a3d5-866875ad8a29@group-73E40DF2990B: changes role from  FOLLOWER to FOLLOWER at term 329 for recognizeCandidate:f2627371-a904-4314-a836-5eb8f54559ec
2019-10-21 19:13:21,271 [grpc-default-executor-1] INFO  impl.RoleInfo (RoleInfo.java:shutdownFollowerState(121)) - e6a83585-83d0-4616-a3d5-866875ad8a29: shutdown FollowerState
2019-10-21 19:13:21,271 [grpc-default-executor-0] INFO  impl.RaftServerImpl (RaftServerImpl.java:setRole(184)) - 1b813ef4-47a4-4bfc-8eb5-c34ae440adb1@group-73E40DF2990B: changes role from  FOLLOWER to FOLLOWER at term 329 for recognizeCandidate:f2627371-a904-4314-a836-5eb8f54559ec
2019-10-21 19:13:21,271 [grpc-default-executor-0] INFO  impl.RoleInfo (RoleInfo.java:shutdownFollowerState(121)) - 1b813ef4-47a4-4bfc-8eb5-c34ae440adb1: shutdown FollowerState
2019-10-21 19:13:21,271 [Thread-2216] INFO  impl.FollowerState (FollowerState.java:run(117)) - e6a83585-83d0-4616-a3d5-866875ad8a29@group-73E40DF2990B-FollowerState was interrupted: java.lang.InterruptedException: sleep interrupted
2019-10-21 19:13:21,271 [grpc-default-executor-1] INFO  impl.RoleInfo (RoleInfo.java:updateAndGet(143)) - e6a83585-83d0-4616-a3d5-866875ad8a29: start FollowerState
2019-10-21 19:13:21,271 [Thread-2217] INFO  impl.FollowerState (FollowerState.java:run(117)) - 1b813ef4-47a4-4bfc-8eb5-c34ae440adb1@group-73E40DF2990B-FollowerState was interrupted: java.lang.InterruptedException: sleep interrupted
2019-10-21 19:13:21,271 [grpc-default-executor-0] INFO  impl.RoleInfo (RoleInfo.java:updateAndGet(143)) - 1b813ef4-47a4-4bfc-8eb5-c34ae440adb1: start FollowerState
2019-10-21 19:13:21,285 [f2627371-a904-4314-a836-5eb8f54559ec@group-73E40DF2990B-LeaderElection296] INFO  impl.LeaderElection (LeaderElection.java:logAndReturn(56)) - f2627371-a904-4314-a836-5eb8f54559ec@group-73E40DF2990B-LeaderElection296: Election REJECTED; received 2 response(s) [f2627371-a904-4314-a836-5eb8f54559ec<-e6a83585-83d0-4616-a3d5-866875ad8a29#0:FAIL-t329, f2627371-a904-4314-a836-5eb8f54559ec<-1b813ef4-47a4-4bfc-8eb5-c34ae440adb1#0:FAIL-t329] and 0 exception(s); f2627371-a904-4314-a836-5eb8f54559ec@group-73E40DF2990B:t329, leader=null, voted=f2627371-a904-4314-a836-5eb8f54559ec, raftlog=f2627371-a904-4314-a836-5eb8f54559ec@group-73E40DF2990B-SegmentedRaftLog:OPENED:c-1,f-1,i0, conf=-1: [e6a83585-83d0-4616-a3d5-866875ad8a29:192.168.34.32:46159, f2627371-a904-4314-a836-5eb8f54559ec:192.168.34.32:33224, 1b813ef4-47a4-4bfc-8eb5-c34ae440adb1:192.168.34.32:36113], old=null
2019-10-21 19:13:21,286 [f2627371-a904-4314-a836-5eb8f54559ec@group-73E40DF2990B-LeaderElection296] INFO  impl.RaftServerImpl (RaftServerImpl.java:setRole(184)) - f2627371-a904-4314-a836-5eb8f54559ec@group-73E40DF2990B: changes role from CANDIDATE to FOLLOWER at term 329 for DISCOVERED_A_NEW_TERM
2019-10-21 19:13:21,286 [f2627371-a904-4314-a836-5eb8f54559ec@group-73E40DF2990B-LeaderElection296] INFO  impl.RoleInfo (RoleInfo.java:shutdownLeaderElection(134)) - f2627371-a904-4314-a836-5eb8f54559ec: shutdown LeaderElection
2019-10-21 19:13:21,286 [f2627371-a904-4314-a836-5eb8f54559ec@group-73E40DF2990B-LeaderElection296] INFO  impl.RoleInfo (RoleInfo.java:updateAndGet(143)) - f2627371-a904-4314-a836-5eb8f54559ec: start FollowerState
2019-10-21 19:13:21,380 [Thread-2224] INFO  impl.FollowerState (FollowerState.java:run(108)) - f2627371-a904-4314-a836-5eb8f54559ec@group-73E40DF2990B-FollowerState: change to CANDIDATE, lastRpcTime:94ms, electionTimeout:94ms
2019-10-21 19:13:21,380 [Thread-2224] INFO  impl.RoleInfo (RoleInfo.java:shutdownFollowerState(121)) - f2627371-a904-4314-a836-5eb8f54559ec: shutdown FollowerState
2019-10-21 19:13:21,381 [Thread-2224] INFO  impl.RaftServerImpl (RaftServerImpl.java:setRole(184)) - f2627371-a904-4314-a836-5eb8f54559ec@group-73E40DF2990B: changes role from  FOLLOWER to CANDIDATE at term 329 for changeToCandidate
2019-10-21 19:13:21,381 [Thread-2224] INFO  impl.RoleInfo (RoleInfo.java:updateAndGet(143)) - f2627371-a904-4314-a836-5eb8f54559ec: start LeaderElection
2019-10-21 19:13:21,395 [f2627371-a904-4314-a836-5eb8f54559ec@group-73E40DF2990B-LeaderElection297] INFO  impl.LeaderElection (LeaderElection.java:askForVotes(178)) - f2627371-a904-4314-a836-5eb8f54559ec@group-73E40DF2990B-LeaderElection297: begin an election at term 330 for -1: [e6a83585-83d0-4616-a3d5-866875ad8a29:192.168.34.32:46159, f2627371-a904-4314-a836-5eb8f54559ec:192.168.34.32:33224, 1b813ef4-47a4-4bfc-8eb5-c34ae440adb1:192.168.34.32:36113], old=null
2019-10-21 19:13:21,397 [grpc-default-executor-1] INFO  impl.RaftServerImpl (RaftServerImpl.java:setRole(184)) - e6a83585-83d0-4616-a3d5-866875ad8a29@group-73E40DF2990B: changes role from  FOLLOWER to FOLLOWER at term 330 for recognizeCandidate:f2627371-a904-4314-a836-5eb8f54559ec
2019-10-21 19:13:21,397 [grpc-default-executor-1] INFO  impl.RoleInfo (RoleInfo.java:shutdownFollowerState(121)) - e6a83585-83d0-4616-a3d5-866875ad8a29: shutdown FollowerState
2019-10-21 19:13:21,397 [grpc-default-executor-0] INFO  impl.RaftServerImpl (RaftServerImpl.java:setRole(184)) - 1b813ef4-47a4-4bfc-8eb5-c34ae440adb1@group-73E40DF2990B: changes role from  FOLLOWER to FOLLOWER at term 330 for recognizeCandidate:f2627371-a904-4314-a836-5eb8f54559ec
2019-10-21 19:13:21,397 [Thread-2222] INFO  impl.FollowerState (FollowerState.java:run(117)) - e6a83585-83d0-4616-a3d5-866875ad8a29@group-73E40DF2990B-FollowerState was interrupted: java.lang.InterruptedException: sleep interrupted
2019-10-21 19:13:21,397 [grpc-default-executor-1] INFO  impl.RoleInfo (RoleInfo.java:updateAndGet(143)) - e6a83585-83d0-4616-a3d5-866875ad8a29: start FollowerState
2019-10-21 19:13:21,397 [grpc-default-executor-0] INFO  impl.RoleInfo (RoleInfo.java:shutdownFollowerState(121)) - 1b813ef4-47a4-4bfc-8eb5-c34ae440adb1: shutdown FollowerState
2019-10-21 19:13:21,398 [grpc-default-executor-0] INFO  impl.RoleInfo (RoleInfo.java:updateAndGet(143)) - 1b813ef4-47a4-4bfc-8eb5-c34ae440adb1: start FollowerState
2019-10-21 19:13:21,398 [Thread-2223] INFO  impl.FollowerState (FollowerState.java:run(117)) - 1b813ef4-47a4-4bfc-8eb5-c34ae440adb1@group-73E40DF2990B-FollowerState was interrupted: java.lang.InterruptedException: sleep interrupted
2019-10-21 19:13:21,413 [f2627371-a904-4314-a836-5eb8f54559ec@group-73E40DF2990B-LeaderElection297] INFO  impl.LeaderElection (LeaderElection.java:logAndReturn(56)) - f2627371-a904-4314-a836-5eb8f54559ec@group-73E40DF2990B-LeaderElection297: Election REJECTED; received 2 response(s) [f2627371-a904-4314-a836-5eb8f54559ec<-e6a83585-83d0-4616-a3d5-866875ad8a29#0:FAIL-t330, f2627371-a904-4314-a836-5eb8f54559ec<-1b813ef4-47a4-4bfc-8eb5-c34ae440adb1#0:FAIL-t330] and 0 exception(s); f2627371-a904-4314-a836-5eb8f54559ec@group-73E40DF2990B:t330, leader=null, voted=f2627371-a904-4314-a836-5eb8f54559ec, raftlog=f2627371-a904-4314-a836-5eb8f54559ec@group-73E40DF2990B-SegmentedRaftLog:OPENED:c-1,f-1,i0, conf=-1: [e6a83585-83d0-4616-a3d5-866875ad8a29:192.168.34.32:46159, f2627371-a904-4314-a836-5eb8f54559ec:192.168.34.32:33224, 1b813ef4-47a4-4bfc-8eb5-c34ae440adb1:192.168.34.32:36113], old=null
2019-10-21 19:13:21,413 [f2627371-a904-4314-a836-5eb8f54559ec@group-73E40DF2990B-LeaderElection297] INFO  impl.RaftServerImpl (RaftServerImpl.java:setRole(184)) - f2627371-a904-4314-a836-5eb8f54559ec@group-73E40DF2990B: changes role from CANDIDATE to FOLLOWER at term 330 for DISCOVERED_A_NEW_TERM
2019-10-21 19:13:21,413 [f2627371-a904-4314-a836-5eb8f54559ec@group-73E40DF2990B-LeaderElection297] INFO  impl.RoleInfo (RoleInfo.java:shutdownLeaderElection(134)) - f2627371-a904-4314-a836-5eb8f54559ec: shutdown LeaderElection
2019-10-21 19:13:21,413 [f2627371-a904-4314-a836-5eb8f54559ec@group-73E40DF2990B-LeaderElection297] INFO  impl.RoleInfo (RoleInfo.java:updateAndGet(143)) - f2627371-a904-4314-a836-5eb8f54559ec: start FollowerState
2019-10-21 19:13:21,492 [Thread-2230] INFO  impl.FollowerState (FollowerState.java:run(108)) - f2627371-a904-4314-a836-5eb8f54559ec@group-73E40DF2990B-FollowerState: change to CANDIDATE, lastRpcTime:78ms, electionTimeout:78ms
2019-10-21 19:13:21,493 [Thread-2230] INFO  impl.RoleInfo (RoleInfo.java:shutdownFollowerState(121)) - f2627371-a904-4314-a836-5eb8f54559ec: shutdown FollowerState
2019-10-21 19:13:21,493 [Thread-2230] INFO  impl.RaftServerImpl (RaftServerImpl.java:setRole(184)) - f2627371-a904-4314-a836-5eb8f54559ec@group-73E40DF2990B: changes role from  FOLLOWER to CANDIDATE at term 330 for changeToCandidate
2019-10-21 19:13:21,494 [Thread-2230] INFO  impl.RoleInfo (RoleInfo.java:updateAndGet(143)) - f2627371-a904-4314-a836-5eb8f54559ec: start LeaderElection
2019-10-21 19:13:21,508 [f2627371-a904-4314-a836-5eb8f54559ec@group-73E40DF2990B-LeaderElection298] INFO  impl.LeaderElection (LeaderElection.java:askForVotes(178)) - f2627371-a904-4314-a836-5eb8f54559ec@group-73E40DF2990B-LeaderElection298: begin an election at term 331 for -1: [e6a83585-83d0-4616-a3d5-866875ad8a29:192.168.34.32:46159, f2627371-a904-4314-a836-5eb8f54559ec:192.168.34.32:33224, 1b813ef4-47a4-4bfc-8eb5-c34ae440adb1:192.168.34.32:36113], old=null
2019-10-21 19:13:21,512 [grpc-default-executor-0] INFO  impl.RaftServerImpl (RaftServerImpl.java:setRole(184)) - 1b813ef4-47a4-4bfc-8eb5-c34ae440adb1@group-73E40DF2990B: changes role from  FOLLOWER to FOLLOWER at term 331 for recognizeCandidate:f2627371-a904-4314-a836-5eb8f54559ec
2019-10-21 19:13:21,512 [grpc-default-executor-0] INFO  impl.RoleInfo (RoleInfo.java:shutdownFollowerState(121)) - 1b813ef4-47a4-4bfc-8eb5-c34ae440adb1: shutdown FollowerState
2019-10-21 19:13:21,512 [grpc-default-executor-1] INFO  impl.RaftServerImpl (RaftServerImpl.java:setRole(184)) - e6a83585-83d0-4616-a3d5-866875ad8a29@group-73E40DF2990B: changes role from  FOLLOWER to FOLLOWER at term 331 for recognizeCandidate:f2627371-a904-4314-a836-5eb8f54559ec
2019-10-21 19:13:21,513 [Thread-2229] INFO  impl.FollowerState (FollowerState.java:run(117)) - 1b813ef4-47a4-4bfc-8eb5-c34ae440adb1@group-73E40DF2990B-FollowerState was interrupted: java.lang.InterruptedException: sleep interrupted
2019-10-21 19:13:21,513 [grpc-default-executor-0] INFO  impl.RoleInfo (RoleInfo.java:updateAndGet(143)) - 1b813ef4-47a4-4bfc-8eb5-c34ae440adb1: start FollowerState
2019-10-21 19:13:21,513 [grpc-default-executor-1] INFO  impl.RoleInfo (RoleInfo.java:shutdownFollowerState(121)) - e6a83585-83d0-4616-a3d5-866875ad8a29: shutdown FollowerState
2019-10-21 19:13:21,513 [grpc-default-executor-1] INFO  impl.RoleInfo (RoleInfo.java:updateAndGet(143)) - e6a83585-83d0-4616-a3d5-866875ad8a29: start FollowerState
2019-10-21 19:13:21,513 [Thread-2228] INFO  impl.FollowerState (FollowerState.java:run(117)) - e6a83585-83d0-4616-a3d5-866875ad8a29@group-73E40DF2990B-FollowerState was interrupted: java.lang.InterruptedException: sleep interrupted
2019-10-21 19:13:21,529 [f2627371-a904-4314-a836-5eb8f54559ec@group-73E40DF2990B-LeaderElection298] INFO  impl.LeaderElection (LeaderElection.java:logAndReturn(56)) - f2627371-a904-4314-a836-5eb8f54559ec@group-73E40DF2990B-LeaderElection298: Election REJECTED; received 2 response(s) [f2627371-a904-4314-a836-5eb8f54559ec<-e6a83585-83d0-4616-a3d5-866875ad8a29#0:FAIL-t331, f2627371-a904-4314-a836-5eb8f54559ec<-1b813ef4-47a4-4bfc-8eb5-c34ae440adb1#0:FAIL-t331] and 0 exception(s); f2627371-a904-4314-a836-5eb8f54559ec@group-73E40DF2990B:t331, leader=null, voted=f2627371-a904-4314-a836-5eb8f54559ec, raftlog=f2627371-a904-4314-a836-5eb8f54559ec@group-73E40DF2990B-SegmentedRaftLog:OPENED:c-1,f-1,i0, conf=-1: [e6a83585-83d0-4616-a3d5-866875ad8a29:192.168.34.32:46159, f2627371-a904-4314-a836-5eb8f54559ec:192.168.34.32:33224, 1b813ef4-47a4-4bfc-8eb5-c34ae440adb1:192.168.34.32:36113], old=null
2019-10-21 19:13:21,529 [f2627371-a904-4314-a836-5eb8f54559ec@group-73E40DF2990B-LeaderElection298] INFO  impl.RaftServerImpl (RaftServerImpl.java:setRole(184)) - f2627371-a904-4314-a836-5eb8f54559ec@group-73E40DF2990B: changes role from CANDIDATE to FOLLOWER at term 331 for DISCOVERED_A_NEW_TERM
2019-10-21 19:13:21,529 [f2627371-a904-4314-a836-5eb8f54559ec@group-73E40DF2990B-LeaderElection298] INFO  impl.RoleInfo (RoleInfo.java:shutdownLeaderElection(134)) - f2627371-a904-4314-a836-5eb8f54559ec: shutdown LeaderElection
2019-10-21 19:13:21,529 [f2627371-a904-4314-a836-5eb8f54559ec@group-73E40DF2990B-LeaderElection298] INFO  impl.RoleInfo (RoleInfo.java:updateAndGet(143)) - f2627371-a904-4314-a836-5eb8f54559ec: start FollowerState
2019-10-21 19:13:21,641 [Thread-2236] INFO  impl.FollowerState (FollowerState.java:run(108)) - f2627371-a904-4314-a836-5eb8f54559ec@group-73E40DF2990B-FollowerState: change to CANDIDATE, lastRpcTime:112ms, electionTimeout:112ms
2019-10-21 19:13:21,642 [Thread-2236] INFO  impl.RoleInfo (RoleInfo.java:shutdownFollowerState(121)) - f2627371-a904-4314-a836-5eb8f54559ec: shutdown FollowerState
2019-10-21 19:13:21,642 [Thread-2236] INFO  impl.RaftServerImpl (RaftServerImpl.java:setRole(184)) - f2627371-a904-4314-a836-5eb8f54559ec@group-73E40DF2990B: changes role from  FOLLOWER to CANDIDATE at term 331 for changeToCandidate
2019-10-21 19:13:21,642 [Thread-2236] INFO  impl.RoleInfo (RoleInfo.java:updateAndGet(143)) - f2627371-a904-4314-a836-5eb8f54559ec: start LeaderElection
2019-10-21 19:13:21,678 [f2627371-a904-4314-a836-5eb8f54559ec@group-73E40DF2990B-LeaderElection299] INFO  impl.LeaderElection (LeaderElection.java:askForVotes(178)) - f2627371-a904-4314-a836-5eb8f54559ec@group-73E40DF2990B-LeaderElection299: begin an election at term 332 for -1: [e6a83585-83d0-4616-a3d5-866875ad8a29:192.168.34.32:46159, f2627371-a904-4314-a836-5eb8f54559ec:192.168.34.32:33224, 1b813ef4-47a4-4bfc-8eb5-c34ae440adb1:192.168.34.32:36113], old=null
2019-10-21 19:13:21,680 [grpc-default-executor-1] INFO  impl.RaftServerImpl (RaftServerImpl.java:setRole(184)) - e6a83585-83d0-4616-a3d5-866875ad8a29@group-73E40DF2990B: changes role from  FOLLOWER to FOLLOWER at term 332 for recognizeCandidate:f2627371-a904-4314-a836-5eb8f54559ec
2019-10-21 19:13:21,680 [grpc-default-executor-1] INFO  impl.RoleInfo (RoleInfo.java:shutdownFollowerState(121)) - e6a83585-83d0-4616-a3d5-866875ad8a29: shutdown FollowerState
2019-10-21 19:13:21,680 [grpc-default-executor-1] INFO  impl.RoleInfo (RoleInfo.java:updateAndGet(143)) - e6a83585-83d0-4616-a3d5-866875ad8a29: start FollowerState
2019-10-21 19:13:21,680 [grpc-default-executor-0] INFO  impl.RaftServerImpl (RaftServerImpl.java:setRole(184)) - 1b813ef4-47a4-4bfc-8eb5-c34ae440adb1@group-73E40DF2990B: changes role from  FOLLOWER to FOLLOWER at term 332 for recognizeCandidate:f2627371-a904-4314-a836-5eb8f54559ec
2019-10-21 19:13:21,681 [grpc-default-executor-0] INFO  impl.RoleInfo (RoleInfo.java:shutdownFollowerState(121)) - 1b813ef4-47a4-4bfc-8eb5-c34ae440adb1: shutdown FollowerState
2019-10-21 19:13:21,680 [Thread-2235] INFO  impl.FollowerState (FollowerState.java:run(117)) - e6a83585-83d0-4616-a3d5-866875ad8a29@group-73E40DF2990B-FollowerState was interrupted: java.lang.InterruptedException: sleep interrupted
2019-10-21 19:13:21,681 [Thread-2234] INFO  impl.FollowerState (FollowerState.java:run(117)) - 1b813ef4-47a4-4bfc-8eb5-c34ae440adb1@group-73E40DF2990B-FollowerState was interrupted: java.lang.InterruptedException: sleep interrupted
2019-10-21 19:13:21,681 [grpc-default-executor-0] INFO  impl.RoleInfo (RoleInfo.java:updateAndGet(143)) - 1b813ef4-47a4-4bfc-8eb5-c34ae440adb1: start FollowerState
2019-10-21 19:13:21,690 [f2627371-a904-4314-a836-5eb8f54559ec@group-73E40DF2990B-LeaderElection299] INFO  impl.LeaderElection (LeaderElection.java:logAndReturn(56)) - f2627371-a904-4314-a836-5eb8f54559ec@group-73E40DF2990B-LeaderElection299: Election REJECTED; received 2 response(s) [f2627371-a904-4314-a836-5eb8f54559ec<-e6a83585-83d0-4616-a3d5-866875ad8a29#0:FAIL-t332, f2627371-a904-4314-a836-5eb8f54559ec<-1b813ef4-47a4-4bfc-8eb5-c34ae440adb1#0:FAIL-t332] and 0 exception(s); f2627371-a904-4314-a836-5eb8f54559ec@group-73E40DF2990B:t332, leader=null, voted=f2627371-a904-4314-a836-5eb8f54559ec, raftlog=f2627371-a904-4314-a836-5eb8f54559ec@group-73E40DF2990B-SegmentedRaftLog:OPENED:c-1,f-1,i0, conf=-1: [e6a83585-83d0-4616-a3d5-866875ad8a29:192.168.34.32:46159, f2627371-a904-4314-a836-5eb8f54559ec:192.168.34.32:33224, 1b813ef4-47a4-4bfc-8eb5-c34ae440adb1:192.168.34.32:36113], old=null
2019-10-21 19:13:21,690 [f2627371-a904-4314-a836-5eb8f54559ec@group-73E40DF2990B-LeaderElection299] INFO  impl.RaftServerImpl (RaftServerImpl.java:setRole(184)) - f2627371-a904-4314-a836-5eb8f54559ec@group-73E40DF2990B: changes role from CANDIDATE to FOLLOWER at term 332 for DISCOVERED_A_NEW_TERM
2019-10-21 19:13:21,690 [f2627371-a904-4314-a836-5eb8f54559ec@group-73E40DF2990B-LeaderElection299] INFO  impl.RoleInfo (RoleInfo.java:shutdownLeaderElection(134)) - f2627371-a904-4314-a836-5eb8f54559ec: shutdown LeaderElection
2019-10-21 19:13:21,691 [f2627371-a904-4314-a836-5eb8f54559ec@group-73E40DF2990B-LeaderElection299] INFO  impl.RoleInfo (RoleInfo.java:updateAndGet(143)) - f2627371-a904-4314-a836-5eb8f54559ec: start FollowerState
2019-10-21 19:13:21,741 [Thread-2244] INFO  impl.FollowerState (FollowerState.java:run(108)) - f2627371-a904-4314-a836-5eb8f54559ec@group-73E40DF2990B-FollowerState: change to CANDIDATE, lastRpcTime:50ms, electionTimeout:50ms
2019-10-21 19:13:21,741 [Thread-2244] INFO  impl.RoleInfo (RoleInfo.java:shutdownFollowerState(121)) - f2627371-a904-4314-a836-5eb8f54559ec: shutdown FollowerState
2019-10-21 19:13:21,741 [Thread-2244] INFO  impl.RaftServerImpl (RaftServerImpl.java:setRole(184)) - f2627371-a904-4314-a836-5eb8f54559ec@group-73E40DF2990B: changes role from  FOLLOWER to CANDIDATE at term 332 for changeToCandidate
2019-10-21 19:13:21,741 [Thread-2244] INFO  impl.RoleInfo (RoleInfo.java:updateAndGet(143)) - f2627371-a904-4314-a836-5eb8f54559ec: start LeaderElection
2019-10-21 19:13:21,756 [f2627371-a904-4314-a836-5eb8f54559ec@group-73E40DF2990B-LeaderElection300] INFO  impl.LeaderElection (LeaderElection.java:askForVotes(178)) - f2627371-a904-4314-a836-5eb8f54559ec@group-73E40DF2990B-LeaderElection300: begin an election at term 333 for -1: [e6a83585-83d0-4616-a3d5-866875ad8a29:192.168.34.32:46159, f2627371-a904-4314-a836-5eb8f54559ec:192.168.34.32:33224, 1b813ef4-47a4-4bfc-8eb5-c34ae440adb1:192.168.34.32:36113], old=null
2019-10-21 19:13:21,758 [grpc-default-executor-0] INFO  impl.RaftServerImpl (RaftServerImpl.java:setRole(184)) - e6a83585-83d0-4616-a3d5-866875ad8a29@group-73E40DF2990B: changes role from  FOLLOWER to FOLLOWER at term 333 for recognizeCandidate:f2627371-a904-4314-a836-5eb8f54559ec
2019-10-21 19:13:21,758 [grpc-default-executor-0] INFO  impl.RoleInfo (RoleInfo.java:shutdownFollowerState(121)) - e6a83585-83d0-4616-a3d5-866875ad8a29: shutdown FollowerState
2019-10-21 19:13:21,758 [grpc-default-executor-1] INFO  impl.RaftServerImpl (RaftServerImpl.java:setRole(184)) - 1b813ef4-47a4-4bfc-8eb5-c34ae440adb1@group-73E40DF2990B: changes role from  FOLLOWER to FOLLOWER at term 333 for recognizeCandidate:f2627371-a904-4314-a836-5eb8f54559ec
2019-10-21 19:13:21,758 [Thread-2242] INFO  impl.FollowerState (FollowerState.java:run(117)) - e6a83585-83d0-4616-a3d5-866875ad8a29@group-73E40DF2990B-FollowerState was interrupted: java.lang.InterruptedException: sleep interrupted
2019-10-21 19:13:21,758 [grpc-default-executor-0] INFO  impl.RoleInfo (RoleInfo.java:updateAndGet(143)) - e6a83585-83d0-4616-a3d5-866875ad8a29: start FollowerState
2019-10-21 19:13:21,758 [grpc-default-executor-1] INFO  impl.RoleInfo (RoleInfo.java:shutdownFollowerState(121)) - 1b813ef4-47a4-4bfc-8eb5-c34ae440adb1: shutdown FollowerState
2019-10-21 19:13:21,759 [grpc-default-executor-1] INFO  impl.RoleInfo (RoleInfo.java:updateAndGet(143)) - 1b813ef4-47a4-4bfc-8eb5-c34ae440adb1: start FollowerState
2019-10-21 19:13:21,759 [Thread-2243] INFO  impl.FollowerState (FollowerState.java:run(117)) - 1b813ef4-47a4-4bfc-8eb5-c34ae440adb1@group-73E40DF2990B-FollowerState was interrupted: java.lang.InterruptedException: sleep interrupted
2019-10-21 19:13:21,773 [f2627371-a904-4314-a836-5eb8f54559ec@group-73E40DF2990B-LeaderElection300] INFO  impl.LeaderElection (LeaderElection.java:logAndReturn(56)) - f2627371-a904-4314-a836-5eb8f54559ec@group-73E40DF2990B-LeaderElection300: Election REJECTED; received 2 response(s) [f2627371-a904-4314-a836-5eb8f54559ec<-e6a83585-83d0-4616-a3d5-866875ad8a29#0:FAIL-t333, f2627371-a904-4314-a836-5eb8f54559ec<-1b813ef4-47a4-4bfc-8eb5-c34ae440adb1#0:FAIL-t333] and 0 exception(s); f2627371-a904-4314-a836-5eb8f54559ec@group-73E40DF2990B:t333, leader=null, voted=f2627371-a904-4314-a836-5eb8f54559ec, raftlog=f2627371-a904-4314-a836-5eb8f54559ec@group-73E40DF2990B-SegmentedRaftLog:OPENED:c-1,f-1,i0, conf=-1: [e6a83585-83d0-4616-a3d5-866875ad8a29:192.168.34.32:46159, f2627371-a904-4314-a836-5eb8f54559ec:192.168.34.32:33224, 1b813ef4-47a4-4bfc-8eb5-c34ae440adb1:192.168.34.32:36113], old=null
2019-10-21 19:13:21,773 [f2627371-a904-4314-a836-5eb8f54559ec@group-73E40DF2990B-LeaderElection300] INFO  impl.RaftServerImpl (RaftServerImpl.java:setRole(184)) - f2627371-a904-4314-a836-5eb8f54559ec@group-73E40DF2990B: changes role from CANDIDATE to FOLLOWER at term 333 for DISCOVERED_A_NEW_TERM
2019-10-21 19:13:21,773 [f2627371-a904-4314-a836-5eb8f54559ec@group-73E40DF2990B-LeaderElection300] INFO  impl.RoleInfo (RoleInfo.java:shutdownLeaderElection(134)) - f2627371-a904-4314-a836-5eb8f54559ec: shutdown LeaderElection
2019-10-21 19:13:21,774 [f2627371-a904-4314-a836-5eb8f54559ec@group-73E40DF2990B-LeaderElection300] INFO  impl.RoleInfo (RoleInfo.java:updateAndGet(143)) - f2627371-a904-4314-a836-5eb8f54559ec: start FollowerState
2019-10-21 19:13:21,782 [Thread-2250] INFO  impl.FollowerState (FollowerState.java:run(108)) - f2627371-a904-4314-a836-5eb8f54559ec@group-73E40DF2990B-FollowerState: change to CANDIDATE, lastRpcTime:8ms, electionTimeout:8ms
2019-10-21 19:13:21,782 [Thread-2250] INFO  impl.RoleInfo (RoleInfo.java:shutdownFollowerState(121)) - f2627371-a904-4314-a836-5eb8f54559ec: shutdown FollowerState
2019-10-21 19:13:21,782 [Thread-2250] INFO  impl.RaftServerImpl (RaftServerImpl.java:setRole(184)) - f2627371-a904-4314-a836-5eb8f54559ec@group-73E40DF2990B: changes role from  FOLLOWER to CANDIDATE at term 333 for changeToCandidate
2019-10-21 19:13:21,782 [Thread-2250] INFO  impl.RoleInfo (RoleInfo.java:updateAndGet(143)) - f2627371-a904-4314-a836-5eb8f54559ec: start LeaderElection
2019-10-21 19:13:21,796 [f2627371-a904-4314-a836-5eb8f54559ec@group-73E40DF2990B-LeaderElection301] INFO  impl.LeaderElection (LeaderElection.java:askForVotes(178)) - f2627371-a904-4314-a836-5eb8f54559ec@group-73E40DF2990B-LeaderElection301: begin an election at term 334 for -1: [e6a83585-83d0-4616-a3d5-866875ad8a29:192.168.34.32:46159, f2627371-a904-4314-a836-5eb8f54559ec:192.168.34.32:33224, 1b813ef4-47a4-4bfc-8eb5-c34ae440adb1:192.168.34.32:36113], old=null
2019-10-21 19:13:21,798 [grpc-default-executor-1] INFO  impl.RaftServerImpl (RaftServerImpl.java:setRole(184)) - e6a83585-83d0-4616-a3d5-866875ad8a29@group-73E40DF2990B: changes role from  FOLLOWER to FOLLOWER at term 334 for recognizeCandidate:f2627371-a904-4314-a836-5eb8f54559ec
2019-10-21 19:13:21,798 [grpc-default-executor-1] INFO  impl.RoleInfo (RoleInfo.java:shutdownFollowerState(121)) - e6a83585-83d0-4616-a3d5-866875ad8a29: shutdown FollowerState
2019-10-21 19:13:21,798 [grpc-default-executor-0] INFO  impl.RaftServerImpl (RaftServerImpl.java:setRole(184)) - 1b813ef4-47a4-4bfc-8eb5-c34ae440adb1@group-73E40DF2990B: changes role from  FOLLOWER to FOLLOWER at term 334 for recognizeCandidate:f2627371-a904-4314-a836-5eb8f54559ec
2019-10-21 19:13:21,798 [grpc-default-executor-0] INFO  impl.RoleInfo (RoleInfo.java:shutdownFollowerState(121)) - 1b813ef4-47a4-4bfc-8eb5-c34ae440adb1: shutdown FollowerState
2019-10-21 19:13:21,798 [Thread-2248] INFO  impl.FollowerState (FollowerState.java:run(117)) - e6a83585-83d0-4616-a3d5-866875ad8a29@group-73E40DF2990B-FollowerState was interrupted: java.lang.InterruptedException: sleep interrupted
2019-10-21 19:13:21,799 [Thread-2249] INFO  impl.FollowerState (FollowerState.java:run(117)) - 1b813ef4-47a4-4bfc-8eb5-c34ae440adb1@group-73E40DF2990B-FollowerState was interrupted: java.lang.InterruptedException: sleep interrupted
2019-10-21 19:13:21,798 [grpc-default-executor-1] INFO  impl.RoleInfo (RoleInfo.java:updateAndGet(143)) - e6a83585-83d0-4616-a3d5-866875ad8a29: start FollowerState
2019-10-21 19:13:21,799 [grpc-default-executor-0] INFO  impl.RoleInfo (RoleInfo.java:updateAndGet(143)) - 1b813ef4-47a4-4bfc-8eb5-c34ae440adb1: start FollowerState
2019-10-21 19:13:21,813 [f2627371-a904-4314-a836-5eb8f54559ec@group-73E40DF2990B-LeaderElection301] INFO  impl.LeaderElection (LeaderElection.java:logAndReturn(56)) - f2627371-a904-4314-a836-5eb8f54559ec@group-73E40DF2990B-LeaderElection301: Election REJECTED; received 2 response(s) [f2627371-a904-4314-a836-5eb8f54559ec<-e6a83585-83d0-4616-a3d5-866875ad8a29#0:FAIL-t334, f2627371-a904-4314-a836-5eb8f54559ec<-1b813ef4-47a4-4bfc-8eb5-c34ae440adb1#0:FAIL-t334] and 0 exception(s); f2627371-a904-4314-a836-5eb8f54559ec@group-73E40DF2990B:t334, leader=null, voted=f2627371-a904-4314-a836-5eb8f54559ec, raftlog=f2627371-a904-4314-a836-5eb8f54559ec@group-73E40DF2990B-SegmentedRaftLog:OPENED:c-1,f-1,i0, conf=-1: [e6a83585-83d0-4616-a3d5-866875ad8a29:192.168.34.32:46159, f2627371-a904-4314-a836-5eb8f54559ec:192.168.34.32:33224, 1b813ef4-47a4-4bfc-8eb5-c34ae440adb1:192.168.34.32:36113], old=null
2019-10-21 19:13:21,813 [f2627371-a904-4314-a836-5eb8f54559ec@group-73E40DF2990B-LeaderElection301] INFO  impl.RaftServerImpl (RaftServerImpl.java:setRole(184)) - f2627371-a904-4314-a836-5eb8f54559ec@group-73E40DF2990B: changes role from CANDIDATE to FOLLOWER at term 334 for DISCOVERED_A_NEW_TERM
2019-10-21 19:13:21,813 [f2627371-a904-4314-a836-5eb8f54559ec@group-73E40DF2990B-LeaderElection301] INFO  impl.RoleInfo (RoleInfo.java:shutdownLeaderElection(134)) - f2627371-a904-4314-a836-5eb8f54559ec: shutdown LeaderElection
2019-10-21 19:13:21,813 [f2627371-a904-4314-a836-5eb8f54559ec@group-73E40DF2990B-LeaderElection301] INFO  impl.RoleInfo (RoleInfo.java:updateAndGet(143)) - f2627371-a904-4314-a836-5eb8f54559ec: start FollowerState
2019-10-21 19:13:21,824 [Thread-2256] INFO  impl.FollowerState (FollowerState.java:run(108)) - f2627371-a904-4314-a836-5eb8f54559ec@group-73E40DF2990B-FollowerState: change to CANDIDATE, lastRpcTime:10ms, electionTimeout:10ms
2019-10-21 19:13:21,824 [Thread-2256] INFO  impl.RoleInfo (RoleInfo.java:shutdownFollowerState(121)) - f2627371-a904-4314-a836-5eb8f54559ec: shutdown FollowerState
2019-10-21 19:13:21,824 [Thread-2256] INFO  impl.RaftServerImpl (RaftServerImpl.java:setRole(184)) - f2627371-a904-4314-a836-5eb8f54559ec@group-73E40DF2990B: changes role from  FOLLOWER to CANDIDATE at term 334 for changeToCandidate
2019-10-21 19:13:21,824 [Thread-2256] INFO  impl.RoleInfo (RoleInfo.java:updateAndGet(143)) - f2627371-a904-4314-a836-5eb8f54559ec: start LeaderElection
2019-10-21 19:13:21,838 [f2627371-a904-4314-a836-5eb8f54559ec@group-73E40DF2990B-LeaderElection302] INFO  impl.LeaderElection (LeaderElection.java:askForVotes(178)) - f2627371-a904-4314-a836-5eb8f54559ec@group-73E40DF2990B-LeaderElection302: begin an election at term 335 for -1: [e6a83585-83d0-4616-a3d5-866875ad8a29:192.168.34.32:46159, f2627371-a904-4314-a836-5eb8f54559ec:192.168.34.32:33224, 1b813ef4-47a4-4bfc-8eb5-c34ae440adb1:192.168.34.32:36113], old=null
2019-10-21 19:13:21,840 [grpc-default-executor-1] INFO  impl.RaftServerImpl (RaftServerImpl.java:setRole(184)) - e6a83585-83d0-4616-a3d5-866875ad8a29@group-73E40DF2990B: changes role from  FOLLOWER to FOLLOWER at term 335 for recognizeCandidate:f2627371-a904-4314-a836-5eb8f54559ec
2019-10-21 19:13:21,840 [grpc-default-executor-1] INFO  impl.RoleInfo (RoleInfo.java:shutdownFollowerState(121)) - e6a83585-83d0-4616-a3d5-866875ad8a29: shutdown FollowerState
2019-10-21 19:13:21,840 [grpc-default-executor-1] INFO  impl.RoleInfo (RoleInfo.java:updateAndGet(143)) - e6a83585-83d0-4616-a3d5-866875ad8a29: start FollowerState
2019-10-21 19:13:21,840 [Thread-2254] INFO  impl.FollowerState (FollowerState.java:run(117)) - e6a83585-83d0-4616-a3d5-866875ad8a29@group-73E40DF2990B-FollowerState was interrupted: java.lang.InterruptedException: sleep interrupted
2019-10-21 19:13:21,840 [grpc-default-executor-0] INFO  impl.RaftServerImpl (RaftServerImpl.java:setRole(184)) - 1b813ef4-47a4-4bfc-8eb5-c34ae440adb1@group-73E40DF2990B: changes role from  FOLLOWER to FOLLOWER at term 335 for recognizeCandidate:f2627371-a904-4314-a836-5eb8f54559ec
2019-10-21 19:13:21,840 [grpc-default-executor-0] INFO  impl.RoleInfo (RoleInfo.java:shutdownFollowerState(121)) - 1b813ef4-47a4-4bfc-8eb5-c34ae440adb1: shutdown FollowerState
2019-10-21 19:13:21,840 [grpc-default-executor-0] INFO  impl.RoleInfo (RoleInfo.java:updateAndGet(143)) - 1b813ef4-47a4-4bfc-8eb5-c34ae440adb1: start FollowerState
2019-10-21 19:13:21,840 [Thread-2255] INFO  impl.FollowerState (FollowerState.java:run(117)) - 1b813ef4-47a4-4bfc-8eb5-c34ae440adb1@group-73E40DF2990B-FollowerState was interrupted: java.lang.InterruptedException: sleep interrupted
2019-10-21 19:13:21,855 [f2627371-a904-4314-a836-5eb8f54559ec@group-73E40DF2990B-LeaderElection302] INFO  impl.LeaderElection (LeaderElection.java:logAndReturn(56)) - f2627371-a904-4314-a836-5eb8f54559ec@group-73E40DF2990B-LeaderElection302: Election REJECTED; received 2 response(s) [f2627371-a904-4314-a836-5eb8f54559ec<-e6a83585-83d0-4616-a3d5-866875ad8a29#0:FAIL-t335, f2627371-a904-4314-a836-5eb8f54559ec<-1b813ef4-47a4-4bfc-8eb5-c34ae440adb1#0:FAIL-t335] and 0 exception(s); f2627371-a904-4314-a836-5eb8f54559ec@group-73E40DF2990B:t335, leader=null, voted=f2627371-a904-4314-a836-5eb8f54559ec, raftlog=f2627371-a904-4314-a836-5eb8f54559ec@group-73E40DF2990B-SegmentedRaftLog:OPENED:c-1,f-1,i0, conf=-1: [e6a83585-83d0-4616-a3d5-866875ad8a29:192.168.34.32:46159, f2627371-a904-4314-a836-5eb8f54559ec:192.168.34.32:33224, 1b813ef4-47a4-4bfc-8eb5-c34ae440adb1:192.168.34.32:36113], old=null
2019-10-21 19:13:21,855 [f2627371-a904-4314-a836-5eb8f54559ec@group-73E40DF2990B-LeaderElection302] INFO  impl.RaftServerImpl (RaftServerImpl.java:setRole(184)) - f2627371-a904-4314-a836-5eb8f54559ec@group-73E40DF2990B: changes role from CANDIDATE to FOLLOWER at term 335 for DISCOVERED_A_NEW_TERM
2019-10-21 19:13:21,855 [f2627371-a904-4314-a836-5eb8f54559ec@group-73E40DF2990B-LeaderElection302] INFO  impl.RoleInfo (RoleInfo.java:shutdownLeaderElection(134)) - f2627371-a904-4314-a836-5eb8f54559ec: shutdown LeaderElection
2019-10-21 19:13:21,855 [f2627371-a904-4314-a836-5eb8f54559ec@group-73E40DF2990B-LeaderElection302] INFO  impl.RoleInfo (RoleInfo.java:updateAndGet(143)) - f2627371-a904-4314-a836-5eb8f54559ec: start FollowerState
2019-10-21 19:13:22,004 [Thread-2262] INFO  impl.FollowerState (FollowerState.java:run(108)) - f2627371-a904-4314-a836-5eb8f54559ec@group-73E40DF2990B-FollowerState: change to CANDIDATE, lastRpcTime:148ms, electionTimeout:148ms
2019-10-21 19:13:22,004 [Thread-2262] INFO  impl.RoleInfo (RoleInfo.java:shutdownFollowerState(121)) - f2627371-a904-4314-a836-5eb8f54559ec: shutdown FollowerState
2019-10-21 19:13:22,004 [Thread-2262] INFO  impl.RaftServerImpl (RaftServerImpl.java:setRole(184)) - f2627371-a904-4314-a836-5eb8f54559ec@group-73E40DF2990B: changes role from  FOLLOWER to CANDIDATE at term 335 for changeToCandidate
2019-10-21 19:13:22,004 [Thread-2262] INFO  impl.RoleInfo (RoleInfo.java:updateAndGet(143)) - f2627371-a904-4314-a836-5eb8f54559ec: start LeaderElection
2019-10-21 19:13:22,019 [f2627371-a904-4314-a836-5eb8f54559ec@group-73E40DF2990B-LeaderElection303] INFO  impl.LeaderElection (LeaderElection.java:askForVotes(178)) - f2627371-a904-4314-a836-5eb8f54559ec@group-73E40DF2990B-LeaderElection303: begin an election at term 336 for -1: [e6a83585-83d0-4616-a3d5-866875ad8a29:192.168.34.32:46159, f2627371-a904-4314-a836-5eb8f54559ec:192.168.34.32:33224, 1b813ef4-47a4-4bfc-8eb5-c34ae440adb1:192.168.34.32:36113], old=null
2019-10-21 19:13:22,022 [grpc-default-executor-1] INFO  impl.RaftServerImpl (RaftServerImpl.java:setRole(184)) - e6a83585-83d0-4616-a3d5-866875ad8a29@group-73E40DF2990B: changes role from  FOLLOWER to FOLLOWER at term 336 for recognizeCandidate:f2627371-a904-4314-a836-5eb8f54559ec
2019-10-21 19:13:22,022 [grpc-default-executor-1] INFO  impl.RoleInfo (RoleInfo.java:shutdownFollowerState(121)) - e6a83585-83d0-4616-a3d5-866875ad8a29: shutdown FollowerState
2019-10-21 19:13:22,022 [grpc-default-executor-0] INFO  impl.RaftServerImpl (RaftServerImpl.java:setRole(184)) - 1b813ef4-47a4-4bfc-8eb5-c34ae440adb1@group-73E40DF2990B: changes role from  FOLLOWER to FOLLOWER at term 336 for recognizeCandidate:f2627371-a904-4314-a836-5eb8f54559ec
2019-10-21 19:13:22,022 [Thread-2260] INFO  impl.FollowerState (FollowerState.java:run(117)) - e6a83585-83d0-4616-a3d5-866875ad8a29@group-73E40DF2990B-FollowerState was interrupted: java.lang.InterruptedException: sleep interrupted
2019-10-21 19:13:22,022 [grpc-default-executor-1] INFO  impl.RoleInfo (RoleInfo.java:updateAndGet(143)) - e6a83585-83d0-4616-a3d5-866875ad8a29: start FollowerState
2019-10-21 19:13:22,022 [grpc-default-executor-0] INFO  impl.RoleInfo (RoleInfo.java:shutdownFollowerState(121)) - 1b813ef4-47a4-4bfc-8eb5-c34ae440adb1: shutdown FollowerState
2019-10-21 19:13:22,023 [grpc-default-executor-0] INFO  impl.RoleInfo (RoleInfo.java:updateAndGet(143)) - 1b813ef4-47a4-4bfc-8eb5-c34ae440adb1: start FollowerState
2019-10-21 19:13:22,023 [Thread-2261] INFO  impl.FollowerState (FollowerState.java:run(117)) - 1b813ef4-47a4-4bfc-8eb5-c34ae440adb1@group-73E40DF2990B-FollowerState was interrupted: java.lang.InterruptedException: sleep interrupted
2019-10-21 19:13:22,038 [f2627371-a904-4314-a836-5eb8f54559ec@group-73E40DF2990B-LeaderElection303] INFO  impl.LeaderElection (LeaderElection.java:logAndReturn(56)) - f2627371-a904-4314-a836-5eb8f54559ec@group-73E40DF2990B-LeaderElection303: Election REJECTED; received 2 response(s) [f2627371-a904-4314-a836-5eb8f54559ec<-e6a83585-83d0-4616-a3d5-866875ad8a29#0:FAIL-t336, f2627371-a904-4314-a836-5eb8f54559ec<-1b813ef4-47a4-4bfc-8eb5-c34ae440adb1#0:FAIL-t336] and 0 exception(s); f2627371-a904-4314-a836-5eb8f54559ec@group-73E40DF2990B:t336, leader=null, voted=f2627371-a904-4314-a836-5eb8f54559ec, raftlog=f2627371-a904-4314-a836-5eb8f54559ec@group-73E40DF2990B-SegmentedRaftLog:OPENED:c-1,f-1,i0, conf=-1: [e6a83585-83d0-4616-a3d5-866875ad8a29:192.168.34.32:46159, f2627371-a904-4314-a836-5eb8f54559ec:192.168.34.32:33224, 1b813ef4-47a4-4bfc-8eb5-c34ae440adb1:192.168.34.32:36113], old=null
2019-10-21 19:13:22,038 [f2627371-a904-4314-a836-5eb8f54559ec@group-73E40DF2990B-LeaderElection303] INFO  impl.RaftServerImpl (RaftServerImpl.java:setRole(184)) - f2627371-a904-4314-a836-5eb8f54559ec@group-73E40DF2990B: changes role from CANDIDATE to FOLLOWER at term 336 for DISCOVERED_A_NEW_TERM
2019-10-21 19:13:22,038 [f2627371-a904-4314-a836-5eb8f54559ec@group-73E40DF2990B-LeaderElection303] INFO  impl.RoleInfo (RoleInfo.java:shutdownLeaderElection(134)) - f2627371-a904-4314-a836-5eb8f54559ec: shutdown LeaderElection
2019-10-21 19:13:22,038 [f2627371-a904-4314-a836-5eb8f54559ec@group-73E40DF2990B-LeaderElection303] INFO  impl.RoleInfo (RoleInfo.java:updateAndGet(143)) - f2627371-a904-4314-a836-5eb8f54559ec: start FollowerState
2019-10-21 19:13:22,091 [Thread-2268] INFO  impl.FollowerState (FollowerState.java:run(108)) - f2627371-a904-4314-a836-5eb8f54559ec@group-73E40DF2990B-FollowerState: change to CANDIDATE, lastRpcTime:52ms, electionTimeout:52ms
2019-10-21 19:13:22,091 [Thread-2268] INFO  impl.RoleInfo (RoleInfo.java:shutdownFollowerState(121)) - f2627371-a904-4314-a836-5eb8f54559ec: shutdown FollowerState
2019-10-21 19:13:22,091 [Thread-2268] INFO  impl.RaftServerImpl (RaftServerImpl.java:setRole(184)) - f2627371-a904-4314-a836-5eb8f54559ec@group-73E40DF2990B: changes role from  FOLLOWER to CANDIDATE at term 336 for changeToCandidate
2019-10-21 19:13:22,091 [Thread-2268] INFO  impl.RoleInfo (RoleInfo.java:updateAndGet(143)) - f2627371-a904-4314-a836-5eb8f54559ec: start LeaderElection
2019-10-21 19:13:22,106 [f2627371-a904-4314-a836-5eb8f54559ec@group-73E40DF2990B-LeaderElection304] INFO  impl.LeaderElection (LeaderElection.java:askForVotes(178)) - f2627371-a904-4314-a836-5eb8f54559ec@group-73E40DF2990B-LeaderElection304: begin an election at term 337 for -1: [e6a83585-83d0-4616-a3d5-866875ad8a29:192.168.34.32:46159, f2627371-a904-4314-a836-5eb8f54559ec:192.168.34.32:33224, 1b813ef4-47a4-4bfc-8eb5-c34ae440adb1:192.168.34.32:36113], old=null
2019-10-21 19:13:22,108 [grpc-default-executor-0] INFO  impl.RaftServerImpl (RaftServerImpl.java:setRole(184)) - e6a83585-83d0-4616-a3d5-866875ad8a29@group-73E40DF2990B: changes role from  FOLLOWER to FOLLOWER at term 337 for recognizeCandidate:f2627371-a904-4314-a836-5eb8f54559ec
2019-10-21 19:13:22,108 [grpc-default-executor-1] INFO  impl.RaftServerImpl (RaftServerImpl.java:setRole(184)) - 1b813ef4-47a4-4bfc-8eb5-c34ae440adb1@group-73E40DF2990B: changes role from  FOLLOWER to FOLLOWER at term 337 for recognizeCandidate:f2627371-a904-4314-a836-5eb8f54559ec
2019-10-21 19:13:22,108 [grpc-default-executor-1] INFO  impl.RoleInfo (RoleInfo.java:shutdownFollowerState(121)) - 1b813ef4-47a4-4bfc-8eb5-c34ae440adb1: shutdown FollowerState
2019-10-21 19:13:22,108 [grpc-default-executor-0] INFO  impl.RoleInfo (RoleInfo.java:shutdownFollowerState(121)) - e6a83585-83d0-4616-a3d5-866875ad8a29: shutdown FollowerState
2019-10-21 19:13:22,108 [Thread-2267] INFO  impl.FollowerState (FollowerState.java:run(117)) - 1b813ef4-47a4-4bfc-8eb5-c34ae440adb1@group-73E40DF2990B-FollowerState was interrupted: java.lang.InterruptedException: sleep interrupted
2019-10-21 19:13:22,108 [grpc-default-executor-1] INFO  impl.RoleInfo (RoleInfo.java:updateAndGet(143)) - 1b813ef4-47a4-4bfc-8eb5-c34ae440adb1: start FollowerState
2019-10-21 19:13:22,108 [Thread-2266] INFO  impl.FollowerState (FollowerState.java:run(117)) - e6a83585-83d0-4616-a3d5-866875ad8a29@group-73E40DF2990B-FollowerState was interrupted: java.lang.InterruptedException: sleep interrupted
2019-10-21 19:13:22,108 [grpc-default-executor-0] INFO  impl.RoleInfo (RoleInfo.java:updateAndGet(143)) - e6a83585-83d0-4616-a3d5-866875ad8a29: start FollowerState
2019-10-21 19:13:22,124 [f2627371-a904-4314-a836-5eb8f54559ec@group-73E40DF2990B-LeaderElection304] INFO  impl.LeaderElection (LeaderElection.java:logAndReturn(56)) - f2627371-a904-4314-a836-5eb8f54559ec@group-73E40DF2990B-LeaderElection304: Election REJECTED; received 2 response(s) [f2627371-a904-4314-a836-5eb8f54559ec<-e6a83585-83d0-4616-a3d5-866875ad8a29#0:FAIL-t337, f2627371-a904-4314-a836-5eb8f54559ec<-1b813ef4-47a4-4bfc-8eb5-c34ae440adb1#0:FAIL-t337] and 0 exception(s); f2627371-a904-4314-a836-5eb8f54559ec@group-73E40DF2990B:t337, leader=null, voted=f2627371-a904-4314-a836-5eb8f54559ec, raftlog=f2627371-a904-4314-a836-5eb8f54559ec@group-73E40DF2990B-SegmentedRaftLog:OPENED:c-1,f-1,i0, conf=-1: [e6a83585-83d0-4616-a3d5-866875ad8a29:192.168.34.32:46159, f2627371-a904-4314-a836-5eb8f54559ec:192.168.34.32:33224, 1b813ef4-47a4-4bfc-8eb5-c34ae440adb1:192.168.34.32:36113], old=null
2019-10-21 19:13:22,124 [f2627371-a904-4314-a836-5eb8f54559ec@group-73E40DF2990B-LeaderElection304] INFO  impl.RaftServerImpl (RaftServerImpl.java:setRole(184)) - f2627371-a904-4314-a836-5eb8f54559ec@group-73E40DF2990B: changes role from CANDIDATE to FOLLOWER at term 337 for DISCOVERED_A_NEW_TERM
2019-10-21 19:13:22,124 [f2627371-a904-4314-a836-5eb8f54559ec@group-73E40DF2990B-LeaderElection304] INFO  impl.RoleInfo (RoleInfo.java:shutdownLeaderElection(134)) - f2627371-a904-4314-a836-5eb8f54559ec: shutdown LeaderElection
2019-10-21 19:13:22,124 [f2627371-a904-4314-a836-5eb8f54559ec@group-73E40DF2990B-LeaderElection304] INFO  impl.RoleInfo (RoleInfo.java:updateAndGet(143)) - f2627371-a904-4314-a836-5eb8f54559ec: start FollowerState
2019-10-21 19:13:22,243 [Thread-2274] INFO  impl.FollowerState (FollowerState.java:run(108)) - f2627371-a904-4314-a836-5eb8f54559ec@group-73E40DF2990B-FollowerState: change to CANDIDATE, lastRpcTime:118ms, electionTimeout:118ms
2019-10-21 19:13:22,243 [Thread-2274] INFO  impl.RoleInfo (RoleInfo.java:shutdownFollowerState(121)) - f2627371-a904-4314-a836-5eb8f54559ec: shutdown FollowerState
2019-10-21 19:13:22,243 [Thread-2274] INFO  impl.RaftServerImpl (RaftServerImpl.java:setRole(184)) - f2627371-a904-4314-a836-5eb8f54559ec@group-73E40DF2990B: changes role from  FOLLOWER to CANDIDATE at term 337 for changeToCandidate
2019-10-21 19:13:22,243 [Thread-2274] INFO  impl.RoleInfo (RoleInfo.java:updateAndGet(143)) - f2627371-a904-4314-a836-5eb8f54559ec: start LeaderElection
2019-10-21 19:13:22,257 [f2627371-a904-4314-a836-5eb8f54559ec@group-73E40DF2990B-LeaderElection305] INFO  impl.LeaderElection (LeaderElection.java:askForVotes(178)) - f2627371-a904-4314-a836-5eb8f54559ec@group-73E40DF2990B-LeaderElection305: begin an election at term 338 for -1: [e6a83585-83d0-4616-a3d5-866875ad8a29:192.168.34.32:46159, f2627371-a904-4314-a836-5eb8f54559ec:192.168.34.32:33224, 1b813ef4-47a4-4bfc-8eb5-c34ae440adb1:192.168.34.32:36113], old=null
2019-10-21 19:13:22,259 [grpc-default-executor-1] INFO  impl.RaftServerImpl (RaftServerImpl.java:setRole(184)) - e6a83585-83d0-4616-a3d5-866875ad8a29@group-73E40DF2990B: changes role from  FOLLOWER to FOLLOWER at term 338 for recognizeCandidate:f2627371-a904-4314-a836-5eb8f54559ec
2019-10-21 19:13:22,260 [grpc-default-executor-1] INFO  impl.RoleInfo (RoleInfo.java:shutdownFollowerState(121)) - e6a83585-83d0-4616-a3d5-866875ad8a29: shutdown FollowerState
2019-10-21 19:13:22,260 [grpc-default-executor-0] INFO  impl.RaftServerImpl (RaftServerImpl.java:setRole(184)) - 1b813ef4-47a4-4bfc-8eb5-c34ae440adb1@group-73E40DF2990B: changes role from  FOLLOWER to FOLLOWER at term 338 for recognizeCandidate:f2627371-a904-4314-a836-5eb8f54559ec
2019-10-21 19:13:22,260 [Thread-2273] INFO  impl.FollowerState (FollowerState.java:run(117)) - e6a83585-83d0-4616-a3d5-866875ad8a29@group-73E40DF2990B-FollowerState was interrupted: java.lang.InterruptedException: sleep interrupted
2019-10-21 19:13:22,260 [grpc-default-executor-1] INFO  impl.RoleInfo (RoleInfo.java:updateAndGet(143)) - e6a83585-83d0-4616-a3d5-866875ad8a29: start FollowerState
2019-10-21 19:13:22,260 [grpc-default-executor-0] INFO  impl.RoleInfo (RoleInfo.java:shutdownFollowerState(121)) - 1b813ef4-47a4-4bfc-8eb5-c34ae440adb1: shutdown FollowerState
2019-10-21 19:13:22,261 [grpc-default-executor-0] INFO  impl.RoleInfo (RoleInfo.java:updateAndGet(143)) - 1b813ef4-47a4-4bfc-8eb5-c34ae440adb1: start FollowerState
2019-10-21 19:13:22,261 [Thread-2272] INFO  impl.FollowerState (FollowerState.java:run(117)) - 1b813ef4-47a4-4bfc-8eb5-c34ae440adb1@group-73E40DF2990B-FollowerState was interrupted: java.lang.InterruptedException: sleep interrupted
2019-10-21 19:13:22,276 [f2627371-a904-4314-a836-5eb8f54559ec@group-73E40DF2990B-LeaderElection305] INFO  impl.LeaderElection (LeaderElection.java:logAndReturn(56)) - f2627371-a904-4314-a836-5eb8f54559ec@group-73E40DF2990B-LeaderElection305: Election REJECTED; received 2 response(s) [f2627371-a904-4314-a836-5eb8f54559ec<-e6a83585-83d0-4616-a3d5-866875ad8a29#0:FAIL-t338, f2627371-a904-4314-a836-5eb8f54559ec<-1b813ef4-47a4-4bfc-8eb5-c34ae440adb1#0:FAIL-t338] and 0 exception(s); f2627371-a904-4314-a836-5eb8f54559ec@group-73E40DF2990B:t338, leader=null, voted=f2627371-a904-4314-a836-5eb8f54559ec, raftlog=f2627371-a904-4314-a836-5eb8f54559ec@group-73E40DF2990B-SegmentedRaftLog:OPENED:c-1,f-1,i0, conf=-1: [e6a83585-83d0-4616-a3d5-866875ad8a29:192.168.34.32:46159, f2627371-a904-4314-a836-5eb8f54559ec:192.168.34.32:33224, 1b813ef4-47a4-4bfc-8eb5-c34ae440adb1:192.168.34.32:36113], old=null
2019-10-21 19:13:22,276 [f2627371-a904-4314-a836-5eb8f54559ec@group-73E40DF2990B-LeaderElection305] INFO  impl.RaftServerImpl (RaftServerImpl.java:setRole(184)) - f2627371-a904-4314-a836-5eb8f54559ec@group-73E40DF2990B: changes role from CANDIDATE to FOLLOWER at term 338 for DISCOVERED_A_NEW_TERM
2019-10-21 19:13:22,276 [f2627371-a904-4314-a836-5eb8f54559ec@group-73E40DF2990B-LeaderElection305] INFO  impl.RoleInfo (RoleInfo.java:shutdownLeaderElection(134)) - f2627371-a904-4314-a836-5eb8f54559ec: shutdown LeaderElection
2019-10-21 19:13:22,276 [f2627371-a904-4314-a836-5eb8f54559ec@group-73E40DF2990B-LeaderElection305] INFO  impl.RoleInfo (RoleInfo.java:updateAndGet(143)) - f2627371-a904-4314-a836-5eb8f54559ec: start FollowerState
2019-10-21 19:13:22,276 [Thread-2280] INFO  impl.FollowerState (FollowerState.java:run(108)) - f2627371-a904-4314-a836-5eb8f54559ec@group-73E40DF2990B-FollowerState: change to CANDIDATE, lastRpcTime:0ms, electionTimeout:0ms
2019-10-21 19:13:22,276 [Thread-2280] INFO  impl.RoleInfo (RoleInfo.java:shutdownFollowerState(121)) - f2627371-a904-4314-a836-5eb8f54559ec: shutdown FollowerState
2019-10-21 19:13:22,277 [Thread-2280] INFO  impl.RaftServerImpl (RaftServerImpl.java:setRole(184)) - f2627371-a904-4314-a836-5eb8f54559ec@group-73E40DF2990B: changes role from  FOLLOWER to CANDIDATE at term 338 for changeToCandidate
2019-10-21 19:13:22,277 [Thread-2280] INFO  impl.RoleInfo (RoleInfo.java:updateAndGet(143)) - f2627371-a904-4314-a836-5eb8f54559ec: start LeaderElection
2019-10-21 19:13:22,290 [f2627371-a904-4314-a836-5eb8f54559ec@group-73E40DF2990B-LeaderElection306] INFO  impl.LeaderElection (LeaderElection.java:askForVotes(178)) - f2627371-a904-4314-a836-5eb8f54559ec@group-73E40DF2990B-LeaderElection306: begin an election at term 339 for -1: [e6a83585-83d0-4616-a3d5-866875ad8a29:192.168.34.32:46159, f2627371-a904-4314-a836-5eb8f54559ec:192.168.34.32:33224, 1b813ef4-47a4-4bfc-8eb5-c34ae440adb1:192.168.34.32:36113], old=null
2019-10-21 19:13:22,291 [grpc-default-executor-1] INFO  impl.RaftServerImpl (RaftServerImpl.java:setRole(184)) - e6a83585-83d0-4616-a3d5-866875ad8a29@group-73E40DF2990B: changes role from  FOLLOWER to FOLLOWER at term 339 for recognizeCandidate:f2627371-a904-4314-a836-5eb8f54559ec
2019-10-21 19:13:22,292 [grpc-default-executor-1] INFO  impl.RoleInfo (RoleInfo.java:shutdownFollowerState(121)) - e6a83585-83d0-4616-a3d5-866875ad8a29: shutdown FollowerState
2019-10-21 19:13:22,292 [grpc-default-executor-1] INFO  impl.RoleInfo (RoleInfo.java:updateAndGet(143)) - e6a83585-83d0-4616-a3d5-866875ad8a29: start FollowerState
2019-10-21 19:13:22,292 [grpc-default-executor-0] INFO  impl.RaftServerImpl (RaftServerImpl.java:setRole(184)) - 1b813ef4-47a4-4bfc-8eb5-c34ae440adb1@group-73E40DF2990B: changes role from  FOLLOWER to FOLLOWER at term 339 for recognizeCandidate:f2627371-a904-4314-a836-5eb8f54559ec
2019-10-21 19:13:22,292 [Thread-2278] INFO  impl.FollowerState (FollowerState.java:run(117)) - e6a83585-83d0-4616-a3d5-866875ad8a29@group-73E40DF2990B-FollowerState was interrupted: java.lang.InterruptedException: sleep interrupted
2019-10-21 19:13:22,292 [grpc-default-executor-0] INFO  impl.RoleInfo (RoleInfo.java:shutdownFollowerState(121)) - 1b813ef4-47a4-4bfc-8eb5-c34ae440adb1: shutdown FollowerState
2019-10-21 19:13:22,292 [grpc-default-executor-0] INFO  impl.RoleInfo (RoleInfo.java:updateAndGet(143)) - 1b813ef4-47a4-4bfc-8eb5-c34ae440adb1: start FollowerState
2019-10-21 19:13:22,292 [Thread-2279] INFO  impl.FollowerState (FollowerState.java:run(117)) - 1b813ef4-47a4-4bfc-8eb5-c34ae440adb1@group-73E40DF2990B-FollowerState was interrupted: java.lang.InterruptedException: sleep interrupted
2019-10-21 19:13:22,311 [f2627371-a904-4314-a836-5eb8f54559ec@group-73E40DF2990B-LeaderElection306] INFO  impl.LeaderElection (LeaderElection.java:logAndReturn(56)) - f2627371-a904-4314-a836-5eb8f54559ec@group-73E40DF2990B-LeaderElection306: Election REJECTED; received 2 response(s) [f2627371-a904-4314-a836-5eb8f54559ec<-e6a83585-83d0-4616-a3d5-866875ad8a29#0:FAIL-t339, f2627371-a904-4314-a836-5eb8f54559ec<-1b813ef4-47a4-4bfc-8eb5-c34ae440adb1#0:FAIL-t339] and 0 exception(s); f2627371-a904-4314-a836-5eb8f54559ec@group-73E40DF2990B:t339, leader=null, voted=f2627371-a904-4314-a836-5eb8f54559ec, raftlog=f2627371-a904-4314-a836-5eb8f54559ec@group-73E40DF2990B-SegmentedRaftLog:OPENED:c-1,f-1,i0, conf=-1: [e6a83585-83d0-4616-a3d5-866875ad8a29:192.168.34.32:46159, f2627371-a904-4314-a836-5eb8f54559ec:192.168.34.32:33224, 1b813ef4-47a4-4bfc-8eb5-c34ae440adb1:192.168.34.32:36113], old=null
2019-10-21 19:13:22,311 [f2627371-a904-4314-a836-5eb8f54559ec@group-73E40DF2990B-LeaderElection306] INFO  impl.RaftServerImpl (RaftServerImpl.java:setRole(184)) - f2627371-a904-4314-a836-5eb8f54559ec@group-73E40DF2990B: changes role from CANDIDATE to FOLLOWER at term 339 for DISCOVERED_A_NEW_TERM
2019-10-21 19:13:22,312 [f2627371-a904-4314-a836-5eb8f54559ec@group-73E40DF2990B-LeaderElection306] INFO  impl.RoleInfo (RoleInfo.java:shutdownLeaderElection(134)) - f2627371-a904-4314-a836-5eb8f54559ec: shutdown LeaderElection
2019-10-21 19:13:22,312 [f2627371-a904-4314-a836-5eb8f54559ec@group-73E40DF2990B-LeaderElection306] INFO  impl.RoleInfo (RoleInfo.java:updateAndGet(143)) - f2627371-a904-4314-a836-5eb8f54559ec: start FollowerState
2019-10-21 19:13:22,350 [Thread-2286] INFO  impl.FollowerState (FollowerState.java:run(108)) - f2627371-a904-4314-a836-5eb8f54559ec@group-73E40DF2990B-FollowerState: change to CANDIDATE, lastRpcTime:38ms, electionTimeout:38ms
2019-10-21 19:13:22,350 [Thread-2286] INFO  impl.RoleInfo (RoleInfo.java:shutdownFollowerState(121)) - f2627371-a904-4314-a836-5eb8f54559ec: shutdown FollowerState
2019-10-21 19:13:22,350 [Thread-2286] INFO  impl.RaftServerImpl (RaftServerImpl.java:setRole(184)) - f2627371-a904-4314-a836-5eb8f54559ec@group-73E40DF2990B: changes role from  FOLLOWER to CANDIDATE at term 339 for changeToCandidate
2019-10-21 19:13:22,350 [Thread-2286] INFO  impl.RoleInfo (RoleInfo.java:updateAndGet(143)) - f2627371-a904-4314-a836-5eb8f54559ec: start LeaderElection
2019-10-21 19:13:22,366 [f2627371-a904-4314-a836-5eb8f54559ec@group-73E40DF2990B-LeaderElection307] INFO  impl.LeaderElection (LeaderElection.java:askForVotes(178)) - f2627371-a904-4314-a836-5eb8f54559ec@group-73E40DF2990B-LeaderElection307: begin an election at term 340 for -1: [e6a83585-83d0-4616-a3d5-866875ad8a29:192.168.34.32:46159, f2627371-a904-4314-a836-5eb8f54559ec:192.168.34.32:33224, 1b813ef4-47a4-4bfc-8eb5-c34ae440adb1:192.168.34.32:36113], old=null
2019-10-21 19:13:22,368 [grpc-default-executor-0] INFO  impl.RaftServerImpl (RaftServerImpl.java:setRole(184)) - e6a83585-83d0-4616-a3d5-866875ad8a29@group-73E40DF2990B: changes role from  FOLLOWER to FOLLOWER at term 340 for recognizeCandidate:f2627371-a904-4314-a836-5eb8f54559ec
2019-10-21 19:13:22,368 [grpc-default-executor-0] INFO  impl.RoleInfo (RoleInfo.java:shutdownFollowerState(121)) - e6a83585-83d0-4616-a3d5-866875ad8a29: shutdown FollowerState
2019-10-21 19:13:22,368 [grpc-default-executor-0] INFO  impl.RoleInfo (RoleInfo.java:updateAndGet(143)) - e6a83585-83d0-4616-a3d5-866875ad8a29: start FollowerState
2019-10-21 19:13:22,368 [Thread-2284] INFO  impl.FollowerState (FollowerState.java:run(117)) - e6a83585-83d0-4616-a3d5-866875ad8a29@group-73E40DF2990B-FollowerState was interrupted: java.lang.InterruptedException: sleep interrupted
2019-10-21 19:13:22,368 [grpc-default-executor-1] INFO  impl.RaftServerImpl (RaftServerImpl.java:setRole(184)) - 1b813ef4-47a4-4bfc-8eb5-c34ae440adb1@group-73E40DF2990B: changes role from  FOLLOWER to FOLLOWER at term 340 for recognizeCandidate:f2627371-a904-4314-a836-5eb8f54559ec
2019-10-21 19:13:22,369 [grpc-default-executor-1] INFO  impl.RoleInfo (RoleInfo.java:shutdownFollowerState(121)) - 1b813ef4-47a4-4bfc-8eb5-c34ae440adb1: shutdown FollowerState
2019-10-21 19:13:22,369 [grpc-default-executor-1] INFO  impl.RoleInfo (RoleInfo.java:updateAndGet(143)) - 1b813ef4-47a4-4bfc-8eb5-c34ae440adb1: start FollowerState
2019-10-21 19:13:22,369 [Thread-2285] INFO  impl.FollowerState (FollowerState.java:run(117)) - 1b813ef4-47a4-4bfc-8eb5-c34ae440adb1@group-73E40DF2990B-FollowerState was interrupted: java.lang.InterruptedException: sleep interrupted
2019-10-21 19:13:22,384 [f2627371-a904-4314-a836-5eb8f54559ec@group-73E40DF2990B-LeaderElection307] INFO  impl.LeaderElection (LeaderElection.java:logAndReturn(56)) - f2627371-a904-4314-a836-5eb8f54559ec@group-73E40DF2990B-LeaderElection307: Election REJECTED; received 2 response(s) [f2627371-a904-4314-a836-5eb8f54559ec<-e6a83585-83d0-4616-a3d5-866875ad8a29#0:FAIL-t340, f2627371-a904-4314-a836-5eb8f54559ec<-1b813ef4-47a4-4bfc-8eb5-c34ae440adb1#0:FAIL-t340] and 0 exception(s); f2627371-a904-4314-a836-5eb8f54559ec@group-73E40DF2990B:t340, leader=null, voted=f2627371-a904-4314-a836-5eb8f54559ec, raftlog=f2627371-a904-4314-a836-5eb8f54559ec@group-73E40DF2990B-SegmentedRaftLog:OPENED:c-1,f-1,i0, conf=-1: [e6a83585-83d0-4616-a3d5-866875ad8a29:192.168.34.32:46159, f2627371-a904-4314-a836-5eb8f54559ec:192.168.34.32:33224, 1b813ef4-47a4-4bfc-8eb5-c34ae440adb1:192.168.34.32:36113], old=null
2019-10-21 19:13:22,384 [f2627371-a904-4314-a836-5eb8f54559ec@group-73E40DF2990B-LeaderElection307] INFO  impl.RaftServerImpl (RaftServerImpl.java:setRole(184)) - f2627371-a904-4314-a836-5eb8f54559ec@group-73E40DF2990B: changes role from CANDIDATE to FOLLOWER at term 340 for DISCOVERED_A_NEW_TERM
2019-10-21 19:13:22,384 [f2627371-a904-4314-a836-5eb8f54559ec@group-73E40DF2990B-LeaderElection307] INFO  impl.RoleInfo (RoleInfo.java:shutdownLeaderElection(134)) - f2627371-a904-4314-a836-5eb8f54559ec: shutdown LeaderElection
2019-10-21 19:13:22,385 [f2627371-a904-4314-a836-5eb8f54559ec@group-73E40DF2990B-LeaderElection307] INFO  impl.RoleInfo (RoleInfo.java:updateAndGet(143)) - f2627371-a904-4314-a836-5eb8f54559ec: start FollowerState
2019-10-21 19:13:22,401 [Thread-2292] INFO  impl.FollowerState (FollowerState.java:run(108)) - f2627371-a904-4314-a836-5eb8f54559ec@group-73E40DF2990B-FollowerState: change to CANDIDATE, lastRpcTime:16ms, electionTimeout:16ms
2019-10-21 19:13:22,401 [Thread-2292] INFO  impl.RoleInfo (RoleInfo.java:shutdownFollowerState(121)) - f2627371-a904-4314-a836-5eb8f54559ec: shutdown FollowerState
2019-10-21 19:13:22,401 [Thread-2292] INFO  impl.RaftServerImpl (RaftServerImpl.java:setRole(184)) - f2627371-a904-4314-a836-5eb8f54559ec@group-73E40DF2990B: changes role from  FOLLOWER to CANDIDATE at term 340 for changeToCandidate
2019-10-21 19:13:22,401 [Thread-2292] INFO  impl.RoleInfo (RoleInfo.java:updateAndGet(143)) - f2627371-a904-4314-a836-5eb8f54559ec: start LeaderElection
2019-10-21 19:13:22,425 [f2627371-a904-4314-a836-5eb8f54559ec@group-73E40DF2990B-LeaderElection308] INFO  impl.LeaderElection (LeaderElection.java:askForVotes(178)) - f2627371-a904-4314-a836-5eb8f54559ec@group-73E40DF2990B-LeaderElection308: begin an election at term 341 for -1: [e6a83585-83d0-4616-a3d5-866875ad8a29:192.168.34.32:46159, f2627371-a904-4314-a836-5eb8f54559ec:192.168.34.32:33224, 1b813ef4-47a4-4bfc-8eb5-c34ae440adb1:192.168.34.32:36113], old=null
2019-10-21 19:13:22,427 [grpc-default-executor-0] INFO  impl.RaftServerImpl (RaftServerImpl.java:setRole(184)) - e6a83585-83d0-4616-a3d5-866875ad8a29@group-73E40DF2990B: changes role from  FOLLOWER to FOLLOWER at term 341 for recognizeCandidate:f2627371-a904-4314-a836-5eb8f54559ec
2019-10-21 19:13:22,427 [grpc-default-executor-0] INFO  impl.RoleInfo (RoleInfo.java:shutdownFollowerState(121)) - e6a83585-83d0-4616-a3d5-866875ad8a29: shutdown FollowerState
2019-10-21 19:13:22,427 [grpc-default-executor-0] INFO  impl.RoleInfo (RoleInfo.java:updateAndGet(143)) - e6a83585-83d0-4616-a3d5-866875ad8a29: start FollowerState
2019-10-21 19:13:22,427 [Thread-2290] INFO  impl.FollowerState (FollowerState.java:run(117)) - e6a83585-83d0-4616-a3d5-866875ad8a29@group-73E40DF2990B-FollowerState was interrupted: java.lang.InterruptedException: sleep interrupted
2019-10-21 19:13:22,428 [grpc-default-executor-1] INFO  impl.RaftServerImpl (RaftServerImpl.java:setRole(184)) - 1b813ef4-47a4-4bfc-8eb5-c34ae440adb1@group-73E40DF2990B: changes role from  FOLLOWER to FOLLOWER at term 341 for recognizeCandidate:f2627371-a904-4314-a836-5eb8f54559ec
2019-10-21 19:13:22,428 [grpc-default-executor-1] INFO  impl.RoleInfo (RoleInfo.java:shutdownFollowerState(121)) - 1b813ef4-47a4-4bfc-8eb5-c34ae440adb1: shutdown FollowerState
2019-10-21 19:13:22,429 [grpc-default-executor-1] INFO  impl.RoleInfo (RoleInfo.java:updateAndGet(143)) - 1b813ef4-47a4-4bfc-8eb5-c34ae440adb1: start FollowerState
2019-10-21 19:13:22,429 [Thread-2291] INFO  impl.FollowerState (FollowerState.java:run(117)) - 1b813ef4-47a4-4bfc-8eb5-c34ae440adb1@group-73E40DF2990B-FollowerState was interrupted: java.lang.InterruptedException: sleep interrupted
2019-10-21 19:13:22,438 [f2627371-a904-4314-a836-5eb8f54559ec@group-73E40DF2990B-LeaderElection308] INFO  impl.LeaderElection (LeaderElection.java:logAndReturn(56)) - f2627371-a904-4314-a836-5eb8f54559ec@group-73E40DF2990B-LeaderElection308: Election REJECTED; received 2 response(s) [f2627371-a904-4314-a836-5eb8f54559ec<-e6a83585-83d0-4616-a3d5-866875ad8a29#0:FAIL-t341, f2627371-a904-4314-a836-5eb8f54559ec<-1b813ef4-47a4-4bfc-8eb5-c34ae440adb1#0:FAIL-t341] and 0 exception(s); f2627371-a904-4314-a836-5eb8f54559ec@group-73E40DF2990B:t341, leader=null, voted=f2627371-a904-4314-a836-5eb8f54559ec, raftlog=f2627371-a904-4314-a836-5eb8f54559ec@group-73E40DF2990B-SegmentedRaftLog:OPENED:c-1,f-1,i0, conf=-1: [e6a83585-83d0-4616-a3d5-866875ad8a29:192.168.34.32:46159, f2627371-a904-4314-a836-5eb8f54559ec:192.168.34.32:33224, 1b813ef4-47a4-4bfc-8eb5-c34ae440adb1:192.168.34.32:36113], old=null
2019-10-21 19:13:22,438 [f2627371-a904-4314-a836-5eb8f54559ec@group-73E40DF2990B-LeaderElection308] INFO  impl.RaftServerImpl (RaftServerImpl.java:setRole(184)) - f2627371-a904-4314-a836-5eb8f54559ec@group-73E40DF2990B: changes role from CANDIDATE to FOLLOWER at term 341 for DISCOVERED_A_NEW_TERM
2019-10-21 19:13:22,438 [f2627371-a904-4314-a836-5eb8f54559ec@group-73E40DF2990B-LeaderElection308] INFO  impl.RoleInfo (RoleInfo.java:shutdownLeaderElection(134)) - f2627371-a904-4314-a836-5eb8f54559ec: shutdown LeaderElection
2019-10-21 19:13:22,438 [f2627371-a904-4314-a836-5eb8f54559ec@group-73E40DF2990B-LeaderElection308] INFO  impl.RoleInfo (RoleInfo.java:updateAndGet(143)) - f2627371-a904-4314-a836-5eb8f54559ec: start FollowerState
2019-10-21 19:13:22,611 [Thread-2298] INFO  impl.FollowerState (FollowerState.java:run(108)) - f2627371-a904-4314-a836-5eb8f54559ec@group-73E40DF2990B-FollowerState: change to CANDIDATE, lastRpcTime:172ms, electionTimeout:172ms
2019-10-21 19:13:22,612 [Thread-2298] INFO  impl.RoleInfo (RoleInfo.java:shutdownFollowerState(121)) - f2627371-a904-4314-a836-5eb8f54559ec: shutdown FollowerState
2019-10-21 19:13:22,613 [Thread-2298] INFO  impl.RaftServerImpl (RaftServerImpl.java:setRole(184)) - f2627371-a904-4314-a836-5eb8f54559ec@group-73E40DF2990B: changes role from  FOLLOWER to CANDIDATE at term 341 for changeToCandidate
2019-10-21 19:13:22,613 [Thread-2298] INFO  impl.RoleInfo (RoleInfo.java:updateAndGet(143)) - f2627371-a904-4314-a836-5eb8f54559ec: start LeaderElection
2019-10-21 19:13:22,653 [f2627371-a904-4314-a836-5eb8f54559ec@group-73E40DF2990B-LeaderElection309] INFO  impl.LeaderElection (LeaderElection.java:askForVotes(178)) - f2627371-a904-4314-a836-5eb8f54559ec@group-73E40DF2990B-LeaderElection309: begin an election at term 342 for -1: [e6a83585-83d0-4616-a3d5-866875ad8a29:192.168.34.32:46159, f2627371-a904-4314-a836-5eb8f54559ec:192.168.34.32:33224, 1b813ef4-47a4-4bfc-8eb5-c34ae440adb1:192.168.34.32:36113], old=null
2019-10-21 19:13:22,663 [grpc-default-executor-1] INFO  impl.RaftServerImpl (RaftServerImpl.java:setRole(184)) - 1b813ef4-47a4-4bfc-8eb5-c34ae440adb1@group-73E40DF2990B: changes role from  FOLLOWER to FOLLOWER at term 342 for recognizeCandidate:f2627371-a904-4314-a836-5eb8f54559ec
2019-10-21 19:13:22,663 [grpc-default-executor-1] INFO  impl.RoleInfo (RoleInfo.java:shutdownFollowerState(121)) - 1b813ef4-47a4-4bfc-8eb5-c34ae440adb1: shutdown FollowerState
2019-10-21 19:13:22,663 [grpc-default-executor-0] INFO  impl.RaftServerImpl (RaftServerImpl.java:setRole(184)) - e6a83585-83d0-4616-a3d5-866875ad8a29@group-73E40DF2990B: changes role from  FOLLOWER to FOLLOWER at term 342 for recognizeCandidate:f2627371-a904-4314-a836-5eb8f54559ec
2019-10-21 19:13:22,663 [Thread-2297] INFO  impl.FollowerState (FollowerState.java:run(117)) - 1b813ef4-47a4-4bfc-8eb5-c34ae440adb1@group-73E40DF2990B-FollowerState was interrupted: java.lang.InterruptedException: sleep interrupted
2019-10-21 19:13:22,663 [grpc-default-executor-1] INFO  impl.RoleInfo (RoleInfo.java:updateAndGet(143)) - 1b813ef4-47a4-4bfc-8eb5-c34ae440adb1: start FollowerState
2019-10-21 19:13:22,663 [grpc-default-executor-0] INFO  impl.RoleInfo (RoleInfo.java:shutdownFollowerState(121)) - e6a83585-83d0-4616-a3d5-866875ad8a29: shutdown FollowerState
2019-10-21 19:13:22,664 [grpc-default-executor-0] INFO  impl.RoleInfo (RoleInfo.java:updateAndGet(143)) - e6a83585-83d0-4616-a3d5-866875ad8a29: start FollowerState
2019-10-21 19:13:22,664 [Thread-2296] INFO  impl.FollowerState (FollowerState.java:run(117)) - e6a83585-83d0-4616-a3d5-866875ad8a29@group-73E40DF2990B-FollowerState was interrupted: java.lang.InterruptedException: sleep interrupted
2019-10-21 19:13:22,675 [f2627371-a904-4314-a836-5eb8f54559ec@group-73E40DF2990B-LeaderElection309] INFO  impl.LeaderElection (LeaderElection.java:logAndReturn(56)) - f2627371-a904-4314-a836-5eb8f54559ec@group-73E40DF2990B-LeaderElection309: Election TIMEOUT; received 0 response(s) [] and 0 exception(s); f2627371-a904-4314-a836-5eb8f54559ec@group-73E40DF2990B:t342, leader=null, voted=f2627371-a904-4314-a836-5eb8f54559ec, raftlog=f2627371-a904-4314-a836-5eb8f54559ec@group-73E40DF2990B-SegmentedRaftLog:OPENED:c-1,f-1,i0, conf=-1: [e6a83585-83d0-4616-a3d5-866875ad8a29:192.168.34.32:46159, f2627371-a904-4314-a836-5eb8f54559ec:192.168.34.32:33224, 1b813ef4-47a4-4bfc-8eb5-c34ae440adb1:192.168.34.32:36113], old=null
2019-10-21 19:13:22,679 [f2627371-a904-4314-a836-5eb8f54559ec@group-73E40DF2990B-LeaderElection309] INFO  impl.LeaderElection (LeaderElection.java:askForVotes(178)) - f2627371-a904-4314-a836-5eb8f54559ec@group-73E40DF2990B-LeaderElection309: begin an election at term 343 for -1: [e6a83585-83d0-4616-a3d5-866875ad8a29:192.168.34.32:46159, f2627371-a904-4314-a836-5eb8f54559ec:192.168.34.32:33224, 1b813ef4-47a4-4bfc-8eb5-c34ae440adb1:192.168.34.32:36113], old=null
2019-10-21 19:13:22,681 [grpc-default-executor-2] INFO  impl.RaftServerImpl (RaftServerImpl.java:setRole(184)) - e6a83585-83d0-4616-a3d5-866875ad8a29@group-73E40DF2990B: changes role from  FOLLOWER to FOLLOWER at term 343 for recognizeCandidate:f2627371-a904-4314-a836-5eb8f54559ec
2019-10-21 19:13:22,681 [grpc-default-executor-5] INFO  impl.RaftServerImpl (RaftServerImpl.java:setRole(184)) - 1b813ef4-47a4-4bfc-8eb5-c34ae440adb1@group-73E40DF2990B: changes role from  FOLLOWER to FOLLOWER at term 343 for recognizeCandidate:f2627371-a904-4314-a836-5eb8f54559ec
2019-10-21 19:13:22,682 [grpc-default-executor-2] INFO  impl.RoleInfo (RoleInfo.java:shutdownFollowerState(121)) - e6a83585-83d0-4616-a3d5-866875ad8a29: shutdown FollowerState
2019-10-21 19:13:22,682 [grpc-default-executor-5] INFO  impl.RoleInfo (RoleInfo.java:shutdownFollowerState(121)) - 1b813ef4-47a4-4bfc-8eb5-c34ae440adb1: shutdown FollowerState
2019-10-21 19:13:22,682 [Thread-2303] INFO  impl.FollowerState (FollowerState.java:run(117)) - e6a83585-83d0-4616-a3d5-866875ad8a29@group-73E40DF2990B-FollowerState was interrupted: java.lang.InterruptedException: sleep interrupted
2019-10-21 19:13:22,682 [grpc-default-executor-2] INFO  impl.RoleInfo (RoleInfo.java:updateAndGet(143)) - e6a83585-83d0-4616-a3d5-866875ad8a29: start FollowerState
2019-10-21 19:13:22,682 [Thread-2302] INFO  impl.FollowerState (FollowerState.java:run(117)) - 1b813ef4-47a4-4bfc-8eb5-c34ae440adb1@group-73E40DF2990B-FollowerState was interrupted: java.lang.InterruptedException: sleep interrupted
2019-10-21 19:13:22,682 [grpc-default-executor-5] INFO  impl.RoleInfo (RoleInfo.java:updateAndGet(143)) - 1b813ef4-47a4-4bfc-8eb5-c34ae440adb1: start FollowerState
2019-10-21 19:13:22,697 [f2627371-a904-4314-a836-5eb8f54559ec@group-73E40DF2990B-LeaderElection309] INFO  impl.LeaderElection (LeaderElection.java:logAndReturn(56)) - f2627371-a904-4314-a836-5eb8f54559ec@group-73E40DF2990B-LeaderElection309: Election REJECTED; received 2 response(s) [f2627371-a904-4314-a836-5eb8f54559ec<-e6a83585-83d0-4616-a3d5-866875ad8a29#0:FAIL-t343, f2627371-a904-4314-a836-5eb8f54559ec<-1b813ef4-47a4-4bfc-8eb5-c34ae440adb1#0:FAIL-t343] and 0 exception(s); f2627371-a904-4314-a836-5eb8f54559ec@group-73E40DF2990B:t343, leader=null, voted=f2627371-a904-4314-a836-5eb8f54559ec, raftlog=f2627371-a904-4314-a836-5eb8f54559ec@group-73E40DF2990B-SegmentedRaftLog:OPENED:c-1,f-1,i0, conf=-1: [e6a83585-83d0-4616-a3d5-866875ad8a29:192.168.34.32:46159, f2627371-a904-4314-a836-5eb8f54559ec:192.168.34.32:33224, 1b813ef4-47a4-4bfc-8eb5-c34ae440adb1:192.168.34.32:36113], old=null
2019-10-21 19:13:22,697 [f2627371-a904-4314-a836-5eb8f54559ec@group-73E40DF2990B-LeaderElection309] INFO  impl.RaftServerImpl (RaftServerImpl.java:setRole(184)) - f2627371-a904-4314-a836-5eb8f54559ec@group-73E40DF2990B: changes role from CANDIDATE to FOLLOWER at term 343 for DISCOVERED_A_NEW_TERM
2019-10-21 19:13:22,697 [f2627371-a904-4314-a836-5eb8f54559ec@group-73E40DF2990B-LeaderElection309] INFO  impl.RoleInfo (RoleInfo.java:shutdownLeaderElection(134)) - f2627371-a904-4314-a836-5eb8f54559ec: shutdown LeaderElection
2019-10-21 19:13:22,698 [f2627371-a904-4314-a836-5eb8f54559ec@group-73E40DF2990B-LeaderElection309] INFO  impl.RoleInfo (RoleInfo.java:updateAndGet(143)) - f2627371-a904-4314-a836-5eb8f54559ec: start FollowerState
2019-10-21 19:13:22,811 [Thread-2310] INFO  impl.FollowerState (FollowerState.java:run(108)) - f2627371-a904-4314-a836-5eb8f54559ec@group-73E40DF2990B-FollowerState: change to CANDIDATE, lastRpcTime:113ms, electionTimeout:113ms
2019-10-21 19:13:22,811 [Thread-2310] INFO  impl.RoleInfo (RoleInfo.java:shutdownFollowerState(121)) - f2627371-a904-4314-a836-5eb8f54559ec: shutdown FollowerState
2019-10-21 19:13:22,811 [Thread-2310] INFO  impl.RaftServerImpl (RaftServerImpl.java:setRole(184)) - f2627371-a904-4314-a836-5eb8f54559ec@group-73E40DF2990B: changes role from  FOLLOWER to CANDIDATE at term 343 for changeToCandidate
2019-10-21 19:13:22,811 [Thread-2310] INFO  impl.RoleInfo (RoleInfo.java:updateAndGet(143)) - f2627371-a904-4314-a836-5eb8f54559ec: start LeaderElection
2019-10-21 19:13:22,853 [f2627371-a904-4314-a836-5eb8f54559ec@group-73E40DF2990B-LeaderElection310] INFO  impl.LeaderElection (LeaderElection.java:askForVotes(178)) - f2627371-a904-4314-a836-5eb8f54559ec@group-73E40DF2990B-LeaderElection310: begin an election at term 344 for -1: [e6a83585-83d0-4616-a3d5-866875ad8a29:192.168.34.32:46159, f2627371-a904-4314-a836-5eb8f54559ec:192.168.34.32:33224, 1b813ef4-47a4-4bfc-8eb5-c34ae440adb1:192.168.34.32:36113], old=null
2019-10-21 19:13:22,855 [grpc-default-executor-2] INFO  impl.RaftServerImpl (RaftServerImpl.java:setRole(184)) - e6a83585-83d0-4616-a3d5-866875ad8a29@group-73E40DF2990B: changes role from  FOLLOWER to FOLLOWER at term 344 for recognizeCandidate:f2627371-a904-4314-a836-5eb8f54559ec
2019-10-21 19:13:22,855 [grpc-default-executor-2] INFO  impl.RoleInfo (RoleInfo.java:shutdownFollowerState(121)) - e6a83585-83d0-4616-a3d5-866875ad8a29: shutdown FollowerState
2019-10-21 19:13:22,855 [grpc-default-executor-5] INFO  impl.RaftServerImpl (RaftServerImpl.java:setRole(184)) - 1b813ef4-47a4-4bfc-8eb5-c34ae440adb1@group-73E40DF2990B: changes role from  FOLLOWER to FOLLOWER at term 344 for recognizeCandidate:f2627371-a904-4314-a836-5eb8f54559ec
2019-10-21 19:13:22,855 [grpc-default-executor-5] INFO  impl.RoleInfo (RoleInfo.java:shutdownFollowerState(121)) - 1b813ef4-47a4-4bfc-8eb5-c34ae440adb1: shutdown FollowerState
2019-10-21 19:13:22,855 [grpc-default-executor-2] INFO  impl.RoleInfo (RoleInfo.java:updateAndGet(143)) - e6a83585-83d0-4616-a3d5-866875ad8a29: start FollowerState
2019-10-21 19:13:22,855 [Thread-2308] INFO  impl.FollowerState (FollowerState.java:run(117)) - e6a83585-83d0-4616-a3d5-866875ad8a29@group-73E40DF2990B-FollowerState was interrupted: java.lang.InterruptedException: sleep interrupted
2019-10-21 19:13:22,855 [grpc-default-executor-5] INFO  impl.RoleInfo (RoleInfo.java:updateAndGet(143)) - 1b813ef4-47a4-4bfc-8eb5-c34ae440adb1: start FollowerState
2019-10-21 19:13:22,855 [Thread-2309] INFO  impl.FollowerState (FollowerState.java:run(117)) - 1b813ef4-47a4-4bfc-8eb5-c34ae440adb1@group-73E40DF2990B-FollowerState was interrupted: java.lang.InterruptedException: sleep interrupted
2019-10-21 19:13:22,870 [f2627371-a904-4314-a836-5eb8f54559ec@group-73E40DF2990B-LeaderElection310] INFO  impl.LeaderElection (LeaderElection.java:logAndReturn(56)) - f2627371-a904-4314-a836-5eb8f54559ec@group-73E40DF2990B-LeaderElection310: Election REJECTED; received 2 response(s) [f2627371-a904-4314-a836-5eb8f54559ec<-e6a83585-83d0-4616-a3d5-866875ad8a29#0:FAIL-t344, f2627371-a904-4314-a836-5eb8f54559ec<-1b813ef4-47a4-4bfc-8eb5-c34ae440adb1#0:FAIL-t344] and 0 exception(s); f2627371-a904-4314-a836-5eb8f54559ec@group-73E40DF2990B:t344, leader=null, voted=f2627371-a904-4314-a836-5eb8f54559ec, raftlog=f2627371-a904-4314-a836-5eb8f54559ec@group-73E40DF2990B-SegmentedRaftLog:OPENED:c-1,f-1,i0, conf=-1: [e6a83585-83d0-4616-a3d5-866875ad8a29:192.168.34.32:46159, f2627371-a904-4314-a836-5eb8f54559ec:192.168.34.32:33224, 1b813ef4-47a4-4bfc-8eb5-c34ae440adb1:192.168.34.32:36113], old=null
2019-10-21 19:13:22,871 [f2627371-a904-4314-a836-5eb8f54559ec@group-73E40DF2990B-LeaderElection310] INFO  impl.RaftServerImpl (RaftServerImpl.java:setRole(184)) - f2627371-a904-4314-a836-5eb8f54559ec@group-73E40DF2990B: changes role from CANDIDATE to FOLLOWER at term 344 for DISCOVERED_A_NEW_TERM
2019-10-21 19:13:22,871 [f2627371-a904-4314-a836-5eb8f54559ec@group-73E40DF2990B-LeaderElection310] INFO  impl.RoleInfo (RoleInfo.java:shutdownLeaderElection(134)) - f2627371-a904-4314-a836-5eb8f54559ec: shutdown LeaderElection
2019-10-21 19:13:22,871 [f2627371-a904-4314-a836-5eb8f54559ec@group-73E40DF2990B-LeaderElection310] INFO  impl.RoleInfo (RoleInfo.java:updateAndGet(143)) - f2627371-a904-4314-a836-5eb8f54559ec: start FollowerState
2019-10-21 19:13:22,900 [Thread-2316] INFO  impl.FollowerState (FollowerState.java:run(108)) - f2627371-a904-4314-a836-5eb8f54559ec@group-73E40DF2990B-FollowerState: change to CANDIDATE, lastRpcTime:29ms, electionTimeout:29ms
2019-10-21 19:13:22,901 [Thread-2316] INFO  impl.RoleInfo (RoleInfo.java:shutdownFollowerState(121)) - f2627371-a904-4314-a836-5eb8f54559ec: shutdown FollowerState
2019-10-21 19:13:22,901 [Thread-2316] INFO  impl.RaftServerImpl (RaftServerImpl.java:setRole(184)) - f2627371-a904-4314-a836-5eb8f54559ec@group-73E40DF2990B: changes role from  FOLLOWER to CANDIDATE at term 344 for changeToCandidate
2019-10-21 19:13:22,901 [Thread-2316] INFO  impl.RoleInfo (RoleInfo.java:updateAndGet(143)) - f2627371-a904-4314-a836-5eb8f54559ec: start LeaderElection
2019-10-21 19:13:22,940 [f2627371-a904-4314-a836-5eb8f54559ec@group-73E40DF2990B-LeaderElection311] INFO  impl.LeaderElection (LeaderElection.java:askForVotes(178)) - f2627371-a904-4314-a836-5eb8f54559ec@group-73E40DF2990B-LeaderElection311: begin an election at term 345 for -1: [e6a83585-83d0-4616-a3d5-866875ad8a29:192.168.34.32:46159, f2627371-a904-4314-a836-5eb8f54559ec:192.168.34.32:33224, 1b813ef4-47a4-4bfc-8eb5-c34ae440adb1:192.168.34.32:36113], old=null
2019-10-21 19:13:22,941 [grpc-default-executor-5] INFO  impl.RaftServerImpl (RaftServerImpl.java:setRole(184)) - e6a83585-83d0-4616-a3d5-866875ad8a29@group-73E40DF2990B: changes role from  FOLLOWER to FOLLOWER at term 345 for recognizeCandidate:f2627371-a904-4314-a836-5eb8f54559ec
2019-10-21 19:13:22,941 [grpc-default-executor-5] INFO  impl.RoleInfo (RoleInfo.java:shutdownFollowerState(121)) - e6a83585-83d0-4616-a3d5-866875ad8a29: shutdown FollowerState
2019-10-21 19:13:22,942 [grpc-default-executor-5] INFO  impl.RoleInfo (RoleInfo.java:updateAndGet(143)) - e6a83585-83d0-4616-a3d5-866875ad8a29: start FollowerState
2019-10-21 19:13:22,942 [Thread-2314] INFO  impl.FollowerState (FollowerState.java:run(117)) - e6a83585-83d0-4616-a3d5-866875ad8a29@group-73E40DF2990B-FollowerState was interrupted: java.lang.InterruptedException: sleep interrupted
2019-10-21 19:13:22,942 [grpc-default-executor-2] INFO  impl.RaftServerImpl (RaftServerImpl.java:setRole(184)) - 1b813ef4-47a4-4bfc-8eb5-c34ae440adb1@group-73E40DF2990B: changes role from  FOLLOWER to FOLLOWER at term 345 for recognizeCandidate:f2627371-a904-4314-a836-5eb8f54559ec
2019-10-21 19:13:22,942 [grpc-default-executor-2] INFO  impl.RoleInfo (RoleInfo.java:shutdownFollowerState(121)) - 1b813ef4-47a4-4bfc-8eb5-c34ae440adb1: shutdown FollowerState
2019-10-21 19:13:22,942 [grpc-default-executor-2] INFO  impl.RoleInfo (RoleInfo.java:updateAndGet(143)) - 1b813ef4-47a4-4bfc-8eb5-c34ae440adb1: start FollowerState
2019-10-21 19:13:22,942 [Thread-2315] INFO  impl.FollowerState (FollowerState.java:run(117)) - 1b813ef4-47a4-4bfc-8eb5-c34ae440adb1@group-73E40DF2990B-FollowerState was interrupted: java.lang.InterruptedException: sleep interrupted
2019-10-21 19:13:22,959 [f2627371-a904-4314-a836-5eb8f54559ec@group-73E40DF2990B-LeaderElection311] INFO  impl.LeaderElection (LeaderElection.java:logAndReturn(56)) - f2627371-a904-4314-a836-5eb8f54559ec@group-73E40DF2990B-LeaderElection311: Election REJECTED; received 2 response(s) [f2627371-a904-4314-a836-5eb8f54559ec<-e6a83585-83d0-4616-a3d5-866875ad8a29#0:FAIL-t345, f2627371-a904-4314-a836-5eb8f54559ec<-1b813ef4-47a4-4bfc-8eb5-c34ae440adb1#0:FAIL-t345] and 0 exception(s); f2627371-a904-4314-a836-5eb8f54559ec@group-73E40DF2990B:t345, leader=null, voted=f2627371-a904-4314-a836-5eb8f54559ec, raftlog=f2627371-a904-4314-a836-5eb8f54559ec@group-73E40DF2990B-SegmentedRaftLog:OPENED:c-1,f-1,i0, conf=-1: [e6a83585-83d0-4616-a3d5-866875ad8a29:192.168.34.32:46159, f2627371-a904-4314-a836-5eb8f54559ec:192.168.34.32:33224, 1b813ef4-47a4-4bfc-8eb5-c34ae440adb1:192.168.34.32:36113], old=null
2019-10-21 19:13:22,959 [f2627371-a904-4314-a836-5eb8f54559ec@group-73E40DF2990B-LeaderElection311] INFO  impl.RaftServerImpl (RaftServerImpl.java:setRole(184)) - f2627371-a904-4314-a836-5eb8f54559ec@group-73E40DF2990B: changes role from CANDIDATE to FOLLOWER at term 345 for DISCOVERED_A_NEW_TERM
2019-10-21 19:13:22,959 [f2627371-a904-4314-a836-5eb8f54559ec@group-73E40DF2990B-LeaderElection311] INFO  impl.RoleInfo (RoleInfo.java:shutdownLeaderElection(134)) - f2627371-a904-4314-a836-5eb8f54559ec: shutdown LeaderElection
2019-10-21 19:13:22,959 [f2627371-a904-4314-a836-5eb8f54559ec@group-73E40DF2990B-LeaderElection311] INFO  impl.RoleInfo (RoleInfo.java:updateAndGet(143)) - f2627371-a904-4314-a836-5eb8f54559ec: start FollowerState
2019-10-21 19:13:23,088 [Thread-2322] INFO  impl.FollowerState (FollowerState.java:run(108)) - f2627371-a904-4314-a836-5eb8f54559ec@group-73E40DF2990B-FollowerState: change to CANDIDATE, lastRpcTime:128ms, electionTimeout:128ms
2019-10-21 19:13:23,088 [Thread-2322] INFO  impl.RoleInfo (RoleInfo.java:shutdownFollowerState(121)) - f2627371-a904-4314-a836-5eb8f54559ec: shutdown FollowerState
2019-10-21 19:13:23,088 [Thread-2322] INFO  impl.RaftServerImpl (RaftServerImpl.java:setRole(184)) - f2627371-a904-4314-a836-5eb8f54559ec@group-73E40DF2990B: changes role from  FOLLOWER to CANDIDATE at term 345 for changeToCandidate
2019-10-21 19:13:23,089 [Thread-2322] INFO  impl.RoleInfo (RoleInfo.java:updateAndGet(143)) - f2627371-a904-4314-a836-5eb8f54559ec: start LeaderElection
2019-10-21 19:13:23,129 [f2627371-a904-4314-a836-5eb8f54559ec@group-73E40DF2990B-LeaderElection312] INFO  impl.LeaderElection (LeaderElection.java:askForVotes(178)) - f2627371-a904-4314-a836-5eb8f54559ec@group-73E40DF2990B-LeaderElection312: begin an election at term 346 for -1: [e6a83585-83d0-4616-a3d5-866875ad8a29:192.168.34.32:46159, f2627371-a904-4314-a836-5eb8f54559ec:192.168.34.32:33224, 1b813ef4-47a4-4bfc-8eb5-c34ae440adb1:192.168.34.32:36113], old=null
2019-10-21 19:13:23,131 [grpc-default-executor-5] INFO  impl.RaftServerImpl (RaftServerImpl.java:setRole(184)) - e6a83585-83d0-4616-a3d5-866875ad8a29@group-73E40DF2990B: changes role from  FOLLOWER to FOLLOWER at term 346 for recognizeCandidate:f2627371-a904-4314-a836-5eb8f54559ec
2019-10-21 19:13:23,132 [grpc-default-executor-2] INFO  impl.RaftServerImpl (RaftServerImpl.java:setRole(184)) - 1b813ef4-47a4-4bfc-8eb5-c34ae440adb1@group-73E40DF2990B: changes role from  FOLLOWER to FOLLOWER at term 346 for recognizeCandidate:f2627371-a904-4314-a836-5eb8f54559ec
2019-10-21 19:13:23,132 [grpc-default-executor-5] INFO  impl.RoleInfo (RoleInfo.java:shutdownFollowerState(121)) - e6a83585-83d0-4616-a3d5-866875ad8a29: shutdown FollowerState
2019-10-21 19:13:23,132 [grpc-default-executor-2] INFO  impl.RoleInfo (RoleInfo.java:shutdownFollowerState(121)) - 1b813ef4-47a4-4bfc-8eb5-c34ae440adb1: shutdown FollowerState
2019-10-21 19:13:23,132 [Thread-2320] INFO  impl.FollowerState (FollowerState.java:run(117)) - e6a83585-83d0-4616-a3d5-866875ad8a29@group-73E40DF2990B-FollowerState was interrupted: java.lang.InterruptedException: sleep interrupted
2019-10-21 19:13:23,132 [grpc-default-executor-5] INFO  impl.RoleInfo (RoleInfo.java:updateAndGet(143)) - e6a83585-83d0-4616-a3d5-866875ad8a29: start FollowerState
2019-10-21 19:13:23,132 [Thread-2321] INFO  impl.FollowerState (FollowerState.java:run(117)) - 1b813ef4-47a4-4bfc-8eb5-c34ae440adb1@group-73E40DF2990B-FollowerState was interrupted: java.lang.InterruptedException: sleep interrupted
2019-10-21 19:13:23,132 [grpc-default-executor-2] INFO  impl.RoleInfo (RoleInfo.java:updateAndGet(143)) - 1b813ef4-47a4-4bfc-8eb5-c34ae440adb1: start FollowerState
2019-10-21 19:13:23,148 [f2627371-a904-4314-a836-5eb8f54559ec@group-73E40DF2990B-LeaderElection312] INFO  impl.LeaderElection (LeaderElection.java:logAndReturn(56)) - f2627371-a904-4314-a836-5eb8f54559ec@group-73E40DF2990B-LeaderElection312: Election REJECTED; received 2 response(s) [f2627371-a904-4314-a836-5eb8f54559ec<-e6a83585-83d0-4616-a3d5-866875ad8a29#0:FAIL-t346, f2627371-a904-4314-a836-5eb8f54559ec<-1b813ef4-47a4-4bfc-8eb5-c34ae440adb1#0:FAIL-t346] and 0 exception(s); f2627371-a904-4314-a836-5eb8f54559ec@group-73E40DF2990B:t346, leader=null, voted=f2627371-a904-4314-a836-5eb8f54559ec, raftlog=f2627371-a904-4314-a836-5eb8f54559ec@group-73E40DF2990B-SegmentedRaftLog:OPENED:c-1,f-1,i0, conf=-1: [e6a83585-83d0-4616-a3d5-866875ad8a29:192.168.34.32:46159, f2627371-a904-4314-a836-5eb8f54559ec:192.168.34.32:33224, 1b813ef4-47a4-4bfc-8eb5-c34ae440adb1:192.168.34.32:36113], old=null
2019-10-21 19:13:23,148 [f2627371-a904-4314-a836-5eb8f54559ec@group-73E40DF2990B-LeaderElection312] INFO  impl.RaftServerImpl (RaftServerImpl.java:setRole(184)) - f2627371-a904-4314-a836-5eb8f54559ec@group-73E40DF2990B: changes role from CANDIDATE to FOLLOWER at term 346 for DISCOVERED_A_NEW_TERM
2019-10-21 19:13:23,148 [f2627371-a904-4314-a836-5eb8f54559ec@group-73E40DF2990B-LeaderElection312] INFO  impl.RoleInfo (RoleInfo.java:shutdownLeaderElection(134)) - f2627371-a904-4314-a836-5eb8f54559ec: shutdown LeaderElection
2019-10-21 19:13:23,148 [f2627371-a904-4314-a836-5eb8f54559ec@group-73E40DF2990B-LeaderElection312] INFO  impl.RoleInfo (RoleInfo.java:updateAndGet(143)) - f2627371-a904-4314-a836-5eb8f54559ec: start FollowerState
2019-10-21 19:13:23,288 [Thread-2328] INFO  impl.FollowerState (FollowerState.java:run(108)) - f2627371-a904-4314-a836-5eb8f54559ec@group-73E40DF2990B-FollowerState: change to CANDIDATE, lastRpcTime:139ms, electionTimeout:139ms
2019-10-21 19:13:23,288 [Thread-2328] INFO  impl.RoleInfo (RoleInfo.java:shutdownFollowerState(121)) - f2627371-a904-4314-a836-5eb8f54559ec: shutdown FollowerState
2019-10-21 19:13:23,288 [Thread-2328] INFO  impl.RaftServerImpl (RaftServerImpl.java:setRole(184)) - f2627371-a904-4314-a836-5eb8f54559ec@group-73E40DF2990B: changes role from  FOLLOWER to CANDIDATE at term 346 for changeToCandidate
2019-10-21 19:13:23,288 [Thread-2328] INFO  impl.RoleInfo (RoleInfo.java:updateAndGet(143)) - f2627371-a904-4314-a836-5eb8f54559ec: start LeaderElection
2019-10-21 19:13:23,326 [f2627371-a904-4314-a836-5eb8f54559ec@group-73E40DF2990B-LeaderElection313] INFO  impl.LeaderElection (LeaderElection.java:askForVotes(178)) - f2627371-a904-4314-a836-5eb8f54559ec@group-73E40DF2990B-LeaderElection313: begin an election at term 347 for -1: [e6a83585-83d0-4616-a3d5-866875ad8a29:192.168.34.32:46159, f2627371-a904-4314-a836-5eb8f54559ec:192.168.34.32:33224, 1b813ef4-47a4-4bfc-8eb5-c34ae440adb1:192.168.34.32:36113], old=null
2019-10-21 19:13:23,328 [grpc-default-executor-2] INFO  impl.RaftServerImpl (RaftServerImpl.java:setRole(184)) - e6a83585-83d0-4616-a3d5-866875ad8a29@group-73E40DF2990B: changes role from  FOLLOWER to FOLLOWER at term 347 for recognizeCandidate:f2627371-a904-4314-a836-5eb8f54559ec
2019-10-21 19:13:23,328 [grpc-default-executor-2] INFO  impl.RoleInfo (RoleInfo.java:shutdownFollowerState(121)) - e6a83585-83d0-4616-a3d5-866875ad8a29: shutdown FollowerState
2019-10-21 19:13:23,328 [grpc-default-executor-2] INFO  impl.RoleInfo (RoleInfo.java:updateAndGet(143)) - e6a83585-83d0-4616-a3d5-866875ad8a29: start FollowerState
2019-10-21 19:13:23,329 [Thread-2326] INFO  impl.FollowerState (FollowerState.java:run(117)) - e6a83585-83d0-4616-a3d5-866875ad8a29@group-73E40DF2990B-FollowerState was interrupted: java.lang.InterruptedException: sleep interrupted
2019-10-21 19:13:23,329 [grpc-default-executor-5] INFO  impl.RaftServerImpl (RaftServerImpl.java:setRole(184)) - 1b813ef4-47a4-4bfc-8eb5-c34ae440adb1@group-73E40DF2990B: changes role from  FOLLOWER to FOLLOWER at term 347 for recognizeCandidate:f2627371-a904-4314-a836-5eb8f54559ec
2019-10-21 19:13:23,329 [grpc-default-executor-5] INFO  impl.RoleInfo (RoleInfo.java:shutdownFollowerState(121)) - 1b813ef4-47a4-4bfc-8eb5-c34ae440adb1: shutdown FollowerState
2019-10-21 19:13:23,329 [grpc-default-executor-5] INFO  impl.RoleInfo (RoleInfo.java:updateAndGet(143)) - 1b813ef4-47a4-4bfc-8eb5-c34ae440adb1: start FollowerState
2019-10-21 19:13:23,329 [Thread-2327] INFO  impl.FollowerState (FollowerState.java:run(117)) - 1b813ef4-47a4-4bfc-8eb5-c34ae440adb1@group-73E40DF2990B-FollowerState was interrupted: java.lang.InterruptedException: sleep interrupted
2019-10-21 19:13:23,340 [f2627371-a904-4314-a836-5eb8f54559ec@group-73E40DF2990B-LeaderElection313] INFO  impl.LeaderElection (LeaderElection.java:logAndReturn(56)) - f2627371-a904-4314-a836-5eb8f54559ec@group-73E40DF2990B-LeaderElection313: Election REJECTED; received 2 response(s) [f2627371-a904-4314-a836-5eb8f54559ec<-e6a83585-83d0-4616-a3d5-866875ad8a29#0:FAIL-t347, f2627371-a904-4314-a836-5eb8f54559ec<-1b813ef4-47a4-4bfc-8eb5-c34ae440adb1#0:FAIL-t347] and 0 exception(s); f2627371-a904-4314-a836-5eb8f54559ec@group-73E40DF2990B:t347, leader=null, voted=f2627371-a904-4314-a836-5eb8f54559ec, raftlog=f2627371-a904-4314-a836-5eb8f54559ec@group-73E40DF2990B-SegmentedRaftLog:OPENED:c-1,f-1,i0, conf=-1: [e6a83585-83d0-4616-a3d5-866875ad8a29:192.168.34.32:46159, f2627371-a904-4314-a836-5eb8f54559ec:192.168.34.32:33224, 1b813ef4-47a4-4bfc-8eb5-c34ae440adb1:192.168.34.32:36113], old=null
2019-10-21 19:13:23,340 [f2627371-a904-4314-a836-5eb8f54559ec@group-73E40DF2990B-LeaderElection313] INFO  impl.RaftServerImpl (RaftServerImpl.java:setRole(184)) - f2627371-a904-4314-a836-5eb8f54559ec@group-73E40DF2990B: changes role from CANDIDATE to FOLLOWER at term 347 for DISCOVERED_A_NEW_TERM
2019-10-21 19:13:23,340 [f2627371-a904-4314-a836-5eb8f54559ec@group-73E40DF2990B-LeaderElection313] INFO  impl.RoleInfo (RoleInfo.java:shutdownLeaderElection(134)) - f2627371-a904-4314-a836-5eb8f54559ec: shutdown LeaderElection
2019-10-21 19:13:23,340 [f2627371-a904-4314-a836-5eb8f54559ec@group-73E40DF2990B-LeaderElection313] INFO  impl.RoleInfo (RoleInfo.java:updateAndGet(143)) - f2627371-a904-4314-a836-5eb8f54559ec: start FollowerState
2019-10-21 19:13:23,370 [Thread-2334] INFO  impl.FollowerState (FollowerState.java:run(108)) - f2627371-a904-4314-a836-5eb8f54559ec@group-73E40DF2990B-FollowerState: change to CANDIDATE, lastRpcTime:30ms, electionTimeout:30ms
2019-10-21 19:13:23,371 [Thread-2334] INFO  impl.RoleInfo (RoleInfo.java:shutdownFollowerState(121)) - f2627371-a904-4314-a836-5eb8f54559ec: shutdown FollowerState
2019-10-21 19:13:23,371 [Thread-2334] INFO  impl.RaftServerImpl (RaftServerImpl.java:setRole(184)) - f2627371-a904-4314-a836-5eb8f54559ec@group-73E40DF2990B: changes role from  FOLLOWER to CANDIDATE at term 347 for changeToCandidate
2019-10-21 19:13:23,371 [Thread-2334] INFO  impl.RoleInfo (RoleInfo.java:updateAndGet(143)) - f2627371-a904-4314-a836-5eb8f54559ec: start LeaderElection
2019-10-21 19:13:23,385 [f2627371-a904-4314-a836-5eb8f54559ec@group-73E40DF2990B-LeaderElection314] INFO  impl.LeaderElection (LeaderElection.java:askForVotes(178)) - f2627371-a904-4314-a836-5eb8f54559ec@group-73E40DF2990B-LeaderElection314: begin an election at term 348 for -1: [e6a83585-83d0-4616-a3d5-866875ad8a29:192.168.34.32:46159, f2627371-a904-4314-a836-5eb8f54559ec:192.168.34.32:33224, 1b813ef4-47a4-4bfc-8eb5-c34ae440adb1:192.168.34.32:36113], old=null
2019-10-21 19:13:23,387 [grpc-default-executor-5] INFO  impl.RaftServerImpl (RaftServerImpl.java:setRole(184)) - e6a83585-83d0-4616-a3d5-866875ad8a29@group-73E40DF2990B: changes role from  FOLLOWER to FOLLOWER at term 348 for recognizeCandidate:f2627371-a904-4314-a836-5eb8f54559ec
2019-10-21 19:13:23,387 [grpc-default-executor-2] INFO  impl.RaftServerImpl (RaftServerImpl.java:setRole(184)) - 1b813ef4-47a4-4bfc-8eb5-c34ae440adb1@group-73E40DF2990B: changes role from  FOLLOWER to FOLLOWER at term 348 for recognizeCandidate:f2627371-a904-4314-a836-5eb8f54559ec
2019-10-21 19:13:23,388 [grpc-default-executor-2] INFO  impl.RoleInfo (RoleInfo.java:shutdownFollowerState(121)) - 1b813ef4-47a4-4bfc-8eb5-c34ae440adb1: shutdown FollowerState
2019-10-21 19:13:23,387 [grpc-default-executor-5] INFO  impl.RoleInfo (RoleInfo.java:shutdownFollowerState(121)) - e6a83585-83d0-4616-a3d5-866875ad8a29: shutdown FollowerState
2019-10-21 19:13:23,388 [Thread-2333] INFO  impl.FollowerState (FollowerState.java:run(117)) - 1b813ef4-47a4-4bfc-8eb5-c34ae440adb1@group-73E40DF2990B-FollowerState was interrupted: java.lang.InterruptedException: sleep interrupted
2019-10-21 19:13:23,388 [grpc-default-executor-2] INFO  impl.RoleInfo (RoleInfo.java:updateAndGet(143)) - 1b813ef4-47a4-4bfc-8eb5-c34ae440adb1: start FollowerState
2019-10-21 19:13:23,388 [Thread-2332] INFO  impl.FollowerState (FollowerState.java:run(117)) - e6a83585-83d0-4616-a3d5-866875ad8a29@group-73E40DF2990B-FollowerState was interrupted: java.lang.InterruptedException: sleep interrupted
2019-10-21 19:13:23,388 [grpc-default-executor-5] INFO  impl.RoleInfo (RoleInfo.java:updateAndGet(143)) - e6a83585-83d0-4616-a3d5-866875ad8a29: start FollowerState
2019-10-21 19:13:23,403 [f2627371-a904-4314-a836-5eb8f54559ec@group-73E40DF2990B-LeaderElection314] INFO  impl.LeaderElection (LeaderElection.java:logAndReturn(56)) - f2627371-a904-4314-a836-5eb8f54559ec@group-73E40DF2990B-LeaderElection314: Election REJECTED; received 2 response(s) [f2627371-a904-4314-a836-5eb8f54559ec<-e6a83585-83d0-4616-a3d5-866875ad8a29#0:FAIL-t348, f2627371-a904-4314-a836-5eb8f54559ec<-1b813ef4-47a4-4bfc-8eb5-c34ae440adb1#0:FAIL-t348] and 0 exception(s); f2627371-a904-4314-a836-5eb8f54559ec@group-73E40DF2990B:t348, leader=null, voted=f2627371-a904-4314-a836-5eb8f54559ec, raftlog=f2627371-a904-4314-a836-5eb8f54559ec@group-73E40DF2990B-SegmentedRaftLog:OPENED:c-1,f-1,i0, conf=-1: [e6a83585-83d0-4616-a3d5-866875ad8a29:192.168.34.32:46159, f2627371-a904-4314-a836-5eb8f54559ec:192.168.34.32:33224, 1b813ef4-47a4-4bfc-8eb5-c34ae440adb1:192.168.34.32:36113], old=null
2019-10-21 19:13:23,403 [f2627371-a904-4314-a836-5eb8f54559ec@group-73E40DF2990B-LeaderElection314] INFO  impl.RaftServerImpl (RaftServerImpl.java:setRole(184)) - f2627371-a904-4314-a836-5eb8f54559ec@group-73E40DF2990B: changes role from CANDIDATE to FOLLOWER at term 348 for DISCOVERED_A_NEW_TERM
2019-10-21 19:13:23,403 [f2627371-a904-4314-a836-5eb8f54559ec@group-73E40DF2990B-LeaderElection314] INFO  impl.RoleInfo (RoleInfo.java:shutdownLeaderElection(134)) - f2627371-a904-4314-a836-5eb8f54559ec: shutdown LeaderElection
2019-10-21 19:13:23,403 [f2627371-a904-4314-a836-5eb8f54559ec@group-73E40DF2990B-LeaderElection314] INFO  impl.RoleInfo (RoleInfo.java:updateAndGet(143)) - f2627371-a904-4314-a836-5eb8f54559ec: start FollowerState
2019-10-21 19:13:23,421 [Thread-2340] INFO  impl.FollowerState (FollowerState.java:run(108)) - f2627371-a904-4314-a836-5eb8f54559ec@group-73E40DF2990B-FollowerState: change to CANDIDATE, lastRpcTime:18ms, electionTimeout:18ms
2019-10-21 19:13:23,422 [Thread-2340] INFO  impl.RoleInfo (RoleInfo.java:shutdownFollowerState(121)) - f2627371-a904-4314-a836-5eb8f54559ec: shutdown FollowerState
2019-10-21 19:13:23,422 [Thread-2340] INFO  impl.RaftServerImpl (RaftServerImpl.java:setRole(184)) - f2627371-a904-4314-a836-5eb8f54559ec@group-73E40DF2990B: changes role from  FOLLOWER to CANDIDATE at term 348 for changeToCandidate
2019-10-21 19:13:23,422 [Thread-2340] INFO  impl.RoleInfo (RoleInfo.java:updateAndGet(143)) - f2627371-a904-4314-a836-5eb8f54559ec: start LeaderElection
2019-10-21 19:13:23,466 [f2627371-a904-4314-a836-5eb8f54559ec@group-73E40DF2990B-LeaderElection315] INFO  impl.LeaderElection (LeaderElection.java:askForVotes(178)) - f2627371-a904-4314-a836-5eb8f54559ec@group-73E40DF2990B-LeaderElection315: begin an election at term 349 for -1: [e6a83585-83d0-4616-a3d5-866875ad8a29:192.168.34.32:46159, f2627371-a904-4314-a836-5eb8f54559ec:192.168.34.32:33224, 1b813ef4-47a4-4bfc-8eb5-c34ae440adb1:192.168.34.32:36113], old=null
2019-10-21 19:13:23,468 [grpc-default-executor-2] INFO  impl.RaftServerImpl (RaftServerImpl.java:setRole(184)) - e6a83585-83d0-4616-a3d5-866875ad8a29@group-73E40DF2990B: changes role from  FOLLOWER to FOLLOWER at term 349 for recognizeCandidate:f2627371-a904-4314-a836-5eb8f54559ec
2019-10-21 19:13:23,468 [grpc-default-executor-5] INFO  impl.RaftServerImpl (RaftServerImpl.java:setRole(184)) - 1b813ef4-47a4-4bfc-8eb5-c34ae440adb1@group-73E40DF2990B: changes role from  FOLLOWER to FOLLOWER at term 349 for recognizeCandidate:f2627371-a904-4314-a836-5eb8f54559ec
2019-10-21 19:13:23,468 [grpc-default-executor-2] INFO  impl.RoleInfo (RoleInfo.java:shutdownFollowerState(121)) - e6a83585-83d0-4616-a3d5-866875ad8a29: shutdown FollowerState
2019-10-21 19:13:23,468 [grpc-default-executor-5] INFO  impl.RoleInfo (RoleInfo.java:shutdownFollowerState(121)) - 1b813ef4-47a4-4bfc-8eb5-c34ae440adb1: shutdown FollowerState
2019-10-21 19:13:23,468 [grpc-default-executor-2] INFO  impl.RoleInfo (RoleInfo.java:updateAndGet(143)) - e6a83585-83d0-4616-a3d5-866875ad8a29: start FollowerState
2019-10-21 19:13:23,468 [Thread-2339] INFO  impl.FollowerState (FollowerState.java:run(117)) - e6a83585-83d0-4616-a3d5-866875ad8a29@group-73E40DF2990B-FollowerState was interrupted: java.lang.InterruptedException: sleep interrupted
2019-10-21 19:13:23,468 [grpc-default-executor-5] INFO  impl.RoleInfo (RoleInfo.java:updateAndGet(143)) - 1b813ef4-47a4-4bfc-8eb5-c34ae440adb1: start FollowerState
2019-10-21 19:13:23,468 [Thread-2338] INFO  impl.FollowerState (FollowerState.java:run(117)) - 1b813ef4-47a4-4bfc-8eb5-c34ae440adb1@group-73E40DF2990B-FollowerState was interrupted: java.lang.InterruptedException: sleep interrupted
2019-10-21 19:13:23,484 [f2627371-a904-4314-a836-5eb8f54559ec@group-73E40DF2990B-LeaderElection315] INFO  impl.LeaderElection (LeaderElection.java:logAndReturn(56)) - f2627371-a904-4314-a836-5eb8f54559ec@group-73E40DF2990B-LeaderElection315: Election REJECTED; received 2 response(s) [f2627371-a904-4314-a836-5eb8f54559ec<-e6a83585-83d0-4616-a3d5-866875ad8a29#0:FAIL-t349, f2627371-a904-4314-a836-5eb8f54559ec<-1b813ef4-47a4-4bfc-8eb5-c34ae440adb1#0:FAIL-t349] and 0 exception(s); f2627371-a904-4314-a836-5eb8f54559ec@group-73E40DF2990B:t349, leader=null, voted=f2627371-a904-4314-a836-5eb8f54559ec, raftlog=f2627371-a904-4314-a836-5eb8f54559ec@group-73E40DF2990B-SegmentedRaftLog:OPENED:c-1,f-1,i0, conf=-1: [e6a83585-83d0-4616-a3d5-866875ad8a29:192.168.34.32:46159, f2627371-a904-4314-a836-5eb8f54559ec:192.168.34.32:33224, 1b813ef4-47a4-4bfc-8eb5-c34ae440adb1:192.168.34.32:36113], old=null
2019-10-21 19:13:23,484 [f2627371-a904-4314-a836-5eb8f54559ec@group-73E40DF2990B-LeaderElection315] INFO  impl.RaftServerImpl (RaftServerImpl.java:setRole(184)) - f2627371-a904-4314-a836-5eb8f54559ec@group-73E40DF2990B: changes role from CANDIDATE to FOLLOWER at term 349 for DISCOVERED_A_NEW_TERM
2019-10-21 19:13:23,484 [f2627371-a904-4314-a836-5eb8f54559ec@group-73E40DF2990B-LeaderElection315] INFO  impl.RoleInfo (RoleInfo.java:shutdownLeaderElection(134)) - f2627371-a904-4314-a836-5eb8f54559ec: shutdown LeaderElection
2019-10-21 19:13:23,484 [f2627371-a904-4314-a836-5eb8f54559ec@group-73E40DF2990B-LeaderElection315] INFO  impl.RoleInfo (RoleInfo.java:updateAndGet(143)) - f2627371-a904-4314-a836-5eb8f54559ec: start FollowerState
2019-10-21 19:13:23,491 [Thread-2346] INFO  impl.FollowerState (FollowerState.java:run(108)) - f2627371-a904-4314-a836-5eb8f54559ec@group-73E40DF2990B-FollowerState: change to CANDIDATE, lastRpcTime:6ms, electionTimeout:6ms
2019-10-21 19:13:23,491 [Thread-2346] INFO  impl.RoleInfo (RoleInfo.java:shutdownFollowerState(121)) - f2627371-a904-4314-a836-5eb8f54559ec: shutdown FollowerState
2019-10-21 19:13:23,491 [Thread-2346] INFO  impl.RaftServerImpl (RaftServerImpl.java:setRole(184)) - f2627371-a904-4314-a836-5eb8f54559ec@group-73E40DF2990B: changes role from  FOLLOWER to CANDIDATE at term 349 for changeToCandidate
2019-10-21 19:13:23,491 [Thread-2346] INFO  impl.RoleInfo (RoleInfo.java:updateAndGet(143)) - f2627371-a904-4314-a836-5eb8f54559ec: start LeaderElection
2019-10-21 19:13:23,499 [f2627371-a904-4314-a836-5eb8f54559ec@group-73E40DF2990B-LeaderElection316] INFO  impl.LeaderElection (LeaderElection.java:askForVotes(178)) - f2627371-a904-4314-a836-5eb8f54559ec@group-73E40DF2990B-LeaderElection316: begin an election at term 350 for -1: [e6a83585-83d0-4616-a3d5-866875ad8a29:192.168.34.32:46159, f2627371-a904-4314-a836-5eb8f54559ec:192.168.34.32:33224, 1b813ef4-47a4-4bfc-8eb5-c34ae440adb1:192.168.34.32:36113], old=null
2019-10-21 19:13:23,500 [grpc-default-executor-2] INFO  impl.RaftServerImpl (RaftServerImpl.java:setRole(184)) - e6a83585-83d0-4616-a3d5-866875ad8a29@group-73E40DF2990B: changes role from  FOLLOWER to FOLLOWER at term 350 for recognizeCandidate:f2627371-a904-4314-a836-5eb8f54559ec
2019-10-21 19:13:23,500 [grpc-default-executor-5] INFO  impl.RaftServerImpl (RaftServerImpl.java:setRole(184)) - 1b813ef4-47a4-4bfc-8eb5-c34ae440adb1@group-73E40DF2990B: changes role from  FOLLOWER to FOLLOWER at term 350 for recognizeCandidate:f2627371-a904-4314-a836-5eb8f54559ec
2019-10-21 19:13:23,501 [grpc-default-executor-5] INFO  impl.RoleInfo (RoleInfo.java:shutdownFollowerState(121)) - 1b813ef4-47a4-4bfc-8eb5-c34ae440adb1: shutdown FollowerState
2019-10-21 19:13:23,500 [grpc-default-executor-2] INFO  impl.RoleInfo (RoleInfo.java:shutdownFollowerState(121)) - e6a83585-83d0-4616-a3d5-866875ad8a29: shutdown FollowerState
2019-10-21 19:13:23,501 [Thread-2345] INFO  impl.FollowerState (FollowerState.java:run(117)) - 1b813ef4-47a4-4bfc-8eb5-c34ae440adb1@group-73E40DF2990B-FollowerState was interrupted: java.lang.InterruptedException: sleep interrupted
2019-10-21 19:13:23,501 [grpc-default-executor-5] INFO  impl.RoleInfo (RoleInfo.java:updateAndGet(143)) - 1b813ef4-47a4-4bfc-8eb5-c34ae440adb1: start FollowerState
2019-10-21 19:13:23,501 [Thread-2344] INFO  impl.FollowerState (FollowerState.java:run(117)) - e6a83585-83d0-4616-a3d5-866875ad8a29@group-73E40DF2990B-FollowerState was interrupted: java.lang.InterruptedException: sleep interrupted
2019-10-21 19:13:23,501 [grpc-default-executor-2] INFO  impl.RoleInfo (RoleInfo.java:updateAndGet(143)) - e6a83585-83d0-4616-a3d5-866875ad8a29: start FollowerState
2019-10-21 19:13:23,516 [f2627371-a904-4314-a836-5eb8f54559ec@group-73E40DF2990B-LeaderElection316] INFO  impl.LeaderElection (LeaderElection.java:logAndReturn(56)) - f2627371-a904-4314-a836-5eb8f54559ec@group-73E40DF2990B-LeaderElection316: Election REJECTED; received 2 response(s) [f2627371-a904-4314-a836-5eb8f54559ec<-e6a83585-83d0-4616-a3d5-866875ad8a29#0:FAIL-t350, f2627371-a904-4314-a836-5eb8f54559ec<-1b813ef4-47a4-4bfc-8eb5-c34ae440adb1#0:FAIL-t350] and 0 exception(s); f2627371-a904-4314-a836-5eb8f54559ec@group-73E40DF2990B:t350, leader=null, voted=f2627371-a904-4314-a836-5eb8f54559ec, raftlog=f2627371-a904-4314-a836-5eb8f54559ec@group-73E40DF2990B-SegmentedRaftLog:OPENED:c-1,f-1,i0, conf=-1: [e6a83585-83d0-4616-a3d5-866875ad8a29:192.168.34.32:46159, f2627371-a904-4314-a836-5eb8f54559ec:192.168.34.32:33224, 1b813ef4-47a4-4bfc-8eb5-c34ae440adb1:192.168.34.32:36113], old=null
2019-10-21 19:13:23,516 [f2627371-a904-4314-a836-5eb8f54559ec@group-73E40DF2990B-LeaderElection316] INFO  impl.RaftServerImpl (RaftServerImpl.java:setRole(184)) - f2627371-a904-4314-a836-5eb8f54559ec@group-73E40DF2990B: changes role from CANDIDATE to FOLLOWER at term 350 for DISCOVERED_A_NEW_TERM
2019-10-21 19:13:23,516 [f2627371-a904-4314-a836-5eb8f54559ec@group-73E40DF2990B-LeaderElection316] INFO  impl.RoleInfo (RoleInfo.java:shutdownLeaderElection(134)) - f2627371-a904-4314-a836-5eb8f54559ec: shutdown LeaderElection
2019-10-21 19:13:23,516 [f2627371-a904-4314-a836-5eb8f54559ec@group-73E40DF2990B-LeaderElection316] INFO  impl.RoleInfo (RoleInfo.java:updateAndGet(143)) - f2627371-a904-4314-a836-5eb8f54559ec: start FollowerState
2019-10-21 19:13:23,685 [Thread-2352] INFO  impl.FollowerState (FollowerState.java:run(108)) - f2627371-a904-4314-a836-5eb8f54559ec@group-73E40DF2990B-FollowerState: change to CANDIDATE, lastRpcTime:169ms, electionTimeout:169ms
2019-10-21 19:13:23,686 [Thread-2352] INFO  impl.RoleInfo (RoleInfo.java:shutdownFollowerState(121)) - f2627371-a904-4314-a836-5eb8f54559ec: shutdown FollowerState
2019-10-21 19:13:23,686 [Thread-2352] INFO  impl.RaftServerImpl (RaftServerImpl.java:setRole(184)) - f2627371-a904-4314-a836-5eb8f54559ec@group-73E40DF2990B: changes role from  FOLLOWER to CANDIDATE at term 350 for changeToCandidate
2019-10-21 19:13:23,686 [Thread-2352] INFO  impl.RoleInfo (RoleInfo.java:updateAndGet(143)) - f2627371-a904-4314-a836-5eb8f54559ec: start LeaderElection
2019-10-21 19:13:23,714 [f2627371-a904-4314-a836-5eb8f54559ec@group-73E40DF2990B-LeaderElection317] INFO  impl.LeaderElection (LeaderElection.java:askForVotes(178)) - f2627371-a904-4314-a836-5eb8f54559ec@group-73E40DF2990B-LeaderElection317: begin an election at term 351 for -1: [e6a83585-83d0-4616-a3d5-866875ad8a29:192.168.34.32:46159, f2627371-a904-4314-a836-5eb8f54559ec:192.168.34.32:33224, 1b813ef4-47a4-4bfc-8eb5-c34ae440adb1:192.168.34.32:36113], old=null
2019-10-21 19:13:23,716 [grpc-default-executor-2] INFO  impl.RaftServerImpl (RaftServerImpl.java:setRole(184)) - e6a83585-83d0-4616-a3d5-866875ad8a29@group-73E40DF2990B: changes role from  FOLLOWER to FOLLOWER at term 351 for recognizeCandidate:f2627371-a904-4314-a836-5eb8f54559ec
2019-10-21 19:13:23,716 [grpc-default-executor-5] INFO  impl.RaftServerImpl (RaftServerImpl.java:setRole(184)) - 1b813ef4-47a4-4bfc-8eb5-c34ae440adb1@group-73E40DF2990B: changes role from  FOLLOWER to FOLLOWER at term 351 for recognizeCandidate:f2627371-a904-4314-a836-5eb8f54559ec
2019-10-21 19:13:23,716 [grpc-default-executor-2] INFO  impl.RoleInfo (RoleInfo.java:shutdownFollowerState(121)) - e6a83585-83d0-4616-a3d5-866875ad8a29: shutdown FollowerState
2019-10-21 19:13:23,716 [grpc-default-executor-5] INFO  impl.RoleInfo (RoleInfo.java:shutdownFollowerState(121)) - 1b813ef4-47a4-4bfc-8eb5-c34ae440adb1: shutdown FollowerState
2019-10-21 19:13:23,716 [Thread-2351] INFO  impl.FollowerState (FollowerState.java:run(117)) - e6a83585-83d0-4616-a3d5-866875ad8a29@group-73E40DF2990B-FollowerState was interrupted: java.lang.InterruptedException: sleep interrupted
2019-10-21 19:13:23,716 [grpc-default-executor-2] INFO  impl.RoleInfo (RoleInfo.java:updateAndGet(143)) - e6a83585-83d0-4616-a3d5-866875ad8a29: start FollowerState
2019-10-21 19:13:23,716 [grpc-default-executor-5] INFO  impl.RoleInfo (RoleInfo.java:updateAndGet(143)) - 1b813ef4-47a4-4bfc-8eb5-c34ae440adb1: start FollowerState
2019-10-21 19:13:23,716 [Thread-2350] INFO  impl.FollowerState (FollowerState.java:run(117)) - 1b813ef4-47a4-4bfc-8eb5-c34ae440adb1@group-73E40DF2990B-FollowerState was interrupted: java.lang.InterruptedException: sleep interrupted
2019-10-21 19:13:23,730 [f2627371-a904-4314-a836-5eb8f54559ec@group-73E40DF2990B-LeaderElection317] INFO  impl.LeaderElection (LeaderElection.java:logAndReturn(56)) - f2627371-a904-4314-a836-5eb8f54559ec@group-73E40DF2990B-LeaderElection317: Election REJECTED; received 2 response(s) [f2627371-a904-4314-a836-5eb8f54559ec<-e6a83585-83d0-4616-a3d5-866875ad8a29#0:FAIL-t351, f2627371-a904-4314-a836-5eb8f54559ec<-1b813ef4-47a4-4bfc-8eb5-c34ae440adb1#0:FAIL-t351] and 0 exception(s); f2627371-a904-4314-a836-5eb8f54559ec@group-73E40DF2990B:t351, leader=null, voted=f2627371-a904-4314-a836-5eb8f54559ec, raftlog=f2627371-a904-4314-a836-5eb8f54559ec@group-73E40DF2990B-SegmentedRaftLog:OPENED:c-1,f-1,i0, conf=-1: [e6a83585-83d0-4616-a3d5-866875ad8a29:192.168.34.32:46159, f2627371-a904-4314-a836-5eb8f54559ec:192.168.34.32:33224, 1b813ef4-47a4-4bfc-8eb5-c34ae440adb1:192.168.34.32:36113], old=null
2019-10-21 19:13:23,731 [f2627371-a904-4314-a836-5eb8f54559ec@group-73E40DF2990B-LeaderElection317] INFO  impl.RaftServerImpl (RaftServerImpl.java:setRole(184)) - f2627371-a904-4314-a836-5eb8f54559ec@group-73E40DF2990B: changes role from CANDIDATE to FOLLOWER at term 351 for DISCOVERED_A_NEW_TERM
2019-10-21 19:13:23,731 [f2627371-a904-4314-a836-5eb8f54559ec@group-73E40DF2990B-LeaderElection317] INFO  impl.RoleInfo (RoleInfo.java:shutdownLeaderElection(134)) - f2627371-a904-4314-a836-5eb8f54559ec: shutdown LeaderElection
2019-10-21 19:13:23,731 [f2627371-a904-4314-a836-5eb8f54559ec@group-73E40DF2990B-LeaderElection317] INFO  impl.RoleInfo (RoleInfo.java:updateAndGet(143)) - f2627371-a904-4314-a836-5eb8f54559ec: start FollowerState
2019-10-21 19:13:23,824 [Thread-2360] INFO  impl.FollowerState (FollowerState.java:run(108)) - f2627371-a904-4314-a836-5eb8f54559ec@group-73E40DF2990B-FollowerState: change to CANDIDATE, lastRpcTime:93ms, electionTimeout:93ms
2019-10-21 19:13:23,824 [Thread-2360] INFO  impl.RoleInfo (RoleInfo.java:shutdownFollowerState(121)) - f2627371-a904-4314-a836-5eb8f54559ec: shutdown FollowerState
2019-10-21 19:13:23,825 [Thread-2360] INFO  impl.RaftServerImpl (RaftServerImpl.java:setRole(184)) - f2627371-a904-4314-a836-5eb8f54559ec@group-73E40DF2990B: changes role from  FOLLOWER to CANDIDATE at term 351 for changeToCandidate
2019-10-21 19:13:23,825 [Thread-2360] INFO  impl.RoleInfo (RoleInfo.java:updateAndGet(143)) - f2627371-a904-4314-a836-5eb8f54559ec: start LeaderElection
2019-10-21 19:13:23,839 [f2627371-a904-4314-a836-5eb8f54559ec@group-73E40DF2990B-LeaderElection318] INFO  impl.LeaderElection (LeaderElection.java:askForVotes(178)) - f2627371-a904-4314-a836-5eb8f54559ec@group-73E40DF2990B-LeaderElection318: begin an election at term 352 for -1: [e6a83585-83d0-4616-a3d5-866875ad8a29:192.168.34.32:46159, f2627371-a904-4314-a836-5eb8f54559ec:192.168.34.32:33224, 1b813ef4-47a4-4bfc-8eb5-c34ae440adb1:192.168.34.32:36113], old=null
2019-10-21 19:13:23,841 [grpc-default-executor-5] INFO  impl.RaftServerImpl (RaftServerImpl.java:setRole(184)) - 1b813ef4-47a4-4bfc-8eb5-c34ae440adb1@group-73E40DF2990B: changes role from  FOLLOWER to FOLLOWER at term 352 for recognizeCandidate:f2627371-a904-4314-a836-5eb8f54559ec
2019-10-21 19:13:23,841 [grpc-default-executor-2] INFO  impl.RaftServerImpl (RaftServerImpl.java:setRole(184)) - e6a83585-83d0-4616-a3d5-866875ad8a29@group-73E40DF2990B: changes role from  FOLLOWER to FOLLOWER at term 352 for recognizeCandidate:f2627371-a904-4314-a836-5eb8f54559ec
2019-10-21 19:13:23,842 [grpc-default-executor-2] INFO  impl.RoleInfo (RoleInfo.java:shutdownFollowerState(121)) - e6a83585-83d0-4616-a3d5-866875ad8a29: shutdown FollowerState
2019-10-21 19:13:23,841 [grpc-default-executor-5] INFO  impl.RoleInfo (RoleInfo.java:shutdownFollowerState(121)) - 1b813ef4-47a4-4bfc-8eb5-c34ae440adb1: shutdown FollowerState
2019-10-21 19:13:23,842 [Thread-2358] INFO  impl.FollowerState (FollowerState.java:run(117)) - e6a83585-83d0-4616-a3d5-866875ad8a29@group-73E40DF2990B-FollowerState was interrupted: java.lang.InterruptedException: sleep interrupted
2019-10-21 19:13:23,842 [grpc-default-executor-2] INFO  impl.RoleInfo (RoleInfo.java:updateAndGet(143)) - e6a83585-83d0-4616-a3d5-866875ad8a29: start FollowerState
2019-10-21 19:13:23,842 [Thread-2359] INFO  impl.FollowerState (FollowerState.java:run(117)) - 1b813ef4-47a4-4bfc-8eb5-c34ae440adb1@group-73E40DF2990B-FollowerState was interrupted: java.lang.InterruptedException: sleep interrupted
2019-10-21 19:13:23,842 [grpc-default-executor-5] INFO  impl.RoleInfo (RoleInfo.java:updateAndGet(143)) - 1b813ef4-47a4-4bfc-8eb5-c34ae440adb1: start FollowerState
2019-10-21 19:13:23,856 [f2627371-a904-4314-a836-5eb8f54559ec@group-73E40DF2990B-LeaderElection318] INFO  impl.LeaderElection (LeaderElection.java:logAndReturn(56)) - f2627371-a904-4314-a836-5eb8f54559ec@group-73E40DF2990B-LeaderElection318: Election REJECTED; received 2 response(s) [f2627371-a904-4314-a836-5eb8f54559ec<-e6a83585-83d0-4616-a3d5-866875ad8a29#0:FAIL-t352, f2627371-a904-4314-a836-5eb8f54559ec<-1b813ef4-47a4-4bfc-8eb5-c34ae440adb1#0:FAIL-t352] and 0 exception(s); f2627371-a904-4314-a836-5eb8f54559ec@group-73E40DF2990B:t352, leader=null, voted=f2627371-a904-4314-a836-5eb8f54559ec, raftlog=f2627371-a904-4314-a836-5eb8f54559ec@group-73E40DF2990B-SegmentedRaftLog:OPENED:c-1,f-1,i0, conf=-1: [e6a83585-83d0-4616-a3d5-866875ad8a29:192.168.34.32:46159, f2627371-a904-4314-a836-5eb8f54559ec:192.168.34.32:33224, 1b813ef4-47a4-4bfc-8eb5-c34ae440adb1:192.168.34.32:36113], old=null
2019-10-21 19:13:23,857 [f2627371-a904-4314-a836-5eb8f54559ec@group-73E40DF2990B-LeaderElection318] INFO  impl.RaftServerImpl (RaftServerImpl.java:setRole(184)) - f2627371-a904-4314-a836-5eb8f54559ec@group-73E40DF2990B: changes role from CANDIDATE to FOLLOWER at term 352 for DISCOVERED_A_NEW_TERM
2019-10-21 19:13:23,857 [f2627371-a904-4314-a836-5eb8f54559ec@group-73E40DF2990B-LeaderElection318] INFO  impl.RoleInfo (RoleInfo.java:shutdownLeaderElection(134)) - f2627371-a904-4314-a836-5eb8f54559ec: shutdown LeaderElection
2019-10-21 19:13:23,857 [f2627371-a904-4314-a836-5eb8f54559ec@group-73E40DF2990B-LeaderElection318] INFO  impl.RoleInfo (RoleInfo.java:updateAndGet(143)) - f2627371-a904-4314-a836-5eb8f54559ec: start FollowerState
2019-10-21 19:13:23,916 [Thread-2366] INFO  impl.FollowerState (FollowerState.java:run(108)) - f2627371-a904-4314-a836-5eb8f54559ec@group-73E40DF2990B-FollowerState: change to CANDIDATE, lastRpcTime:59ms, electionTimeout:59ms
2019-10-21 19:13:23,916 [Thread-2366] INFO  impl.RoleInfo (RoleInfo.java:shutdownFollowerState(121)) - f2627371-a904-4314-a836-5eb8f54559ec: shutdown FollowerState
2019-10-21 19:13:23,917 [Thread-2366] INFO  impl.RaftServerImpl (RaftServerImpl.java:setRole(184)) - f2627371-a904-4314-a836-5eb8f54559ec@group-73E40DF2990B: changes role from  FOLLOWER to CANDIDATE at term 352 for changeToCandidate
2019-10-21 19:13:23,917 [Thread-2366] INFO  impl.RoleInfo (RoleInfo.java:updateAndGet(143)) - f2627371-a904-4314-a836-5eb8f54559ec: start LeaderElection
2019-10-21 19:13:23,931 [f2627371-a904-4314-a836-5eb8f54559ec@group-73E40DF2990B-LeaderElection319] INFO  impl.LeaderElection (LeaderElection.java:askForVotes(178)) - f2627371-a904-4314-a836-5eb8f54559ec@group-73E40DF2990B-LeaderElection319: begin an election at term 353 for -1: [e6a83585-83d0-4616-a3d5-866875ad8a29:192.168.34.32:46159, f2627371-a904-4314-a836-5eb8f54559ec:192.168.34.32:33224, 1b813ef4-47a4-4bfc-8eb5-c34ae440adb1:192.168.34.32:36113], old=null
2019-10-21 19:13:23,933 [grpc-default-executor-2] INFO  impl.RaftServerImpl (RaftServerImpl.java:setRole(184)) - e6a83585-83d0-4616-a3d5-866875ad8a29@group-73E40DF2990B: changes role from  FOLLOWER to FOLLOWER at term 353 for recognizeCandidate:f2627371-a904-4314-a836-5eb8f54559ec
2019-10-21 19:13:23,933 [grpc-default-executor-5] INFO  impl.RaftServerImpl (RaftServerImpl.java:setRole(184)) - 1b813ef4-47a4-4bfc-8eb5-c34ae440adb1@group-73E40DF2990B: changes role from  FOLLOWER to FOLLOWER at term 353 for recognizeCandidate:f2627371-a904-4314-a836-5eb8f54559ec
2019-10-21 19:13:23,933 [grpc-default-executor-2] INFO  impl.RoleInfo (RoleInfo.java:shutdownFollowerState(121)) - e6a83585-83d0-4616-a3d5-866875ad8a29: shutdown FollowerState
2019-10-21 19:13:23,933 [grpc-default-executor-5] INFO  impl.RoleInfo (RoleInfo.java:shutdownFollowerState(121)) - 1b813ef4-47a4-4bfc-8eb5-c34ae440adb1: shutdown FollowerState
2019-10-21 19:13:23,933 [Thread-2364] INFO  impl.FollowerState (FollowerState.java:run(117)) - e6a83585-83d0-4616-a3d5-866875ad8a29@group-73E40DF2990B-FollowerState was interrupted: java.lang.InterruptedException: sleep interrupted
2019-10-21 19:13:23,933 [grpc-default-executor-2] INFO  impl.RoleInfo (RoleInfo.java:updateAndGet(143)) - e6a83585-83d0-4616-a3d5-866875ad8a29: start FollowerState
2019-10-21 19:13:23,934 [Thread-2365] INFO  impl.FollowerState (FollowerState.java:run(117)) - 1b813ef4-47a4-4bfc-8eb5-c34ae440adb1@group-73E40DF2990B-FollowerState was interrupted: java.lang.InterruptedException: sleep interrupted
2019-10-21 19:13:23,934 [grpc-default-executor-5] INFO  impl.RoleInfo (RoleInfo.java:updateAndGet(143)) - 1b813ef4-47a4-4bfc-8eb5-c34ae440adb1: start FollowerState
2019-10-21 19:13:23,944 [f2627371-a904-4314-a836-5eb8f54559ec@group-73E40DF2990B-LeaderElection319] INFO  impl.LeaderElection (LeaderElection.java:logAndReturn(56)) - f2627371-a904-4314-a836-5eb8f54559ec@group-73E40DF2990B-LeaderElection319: Election TIMEOUT; received 0 response(s) [] and 0 exception(s); f2627371-a904-4314-a836-5eb8f54559ec@group-73E40DF2990B:t353, leader=null, voted=f2627371-a904-4314-a836-5eb8f54559ec, raftlog=f2627371-a904-4314-a836-5eb8f54559ec@group-73E40DF2990B-SegmentedRaftLog:OPENED:c-1,f-1,i0, conf=-1: [e6a83585-83d0-4616-a3d5-866875ad8a29:192.168.34.32:46159, f2627371-a904-4314-a836-5eb8f54559ec:192.168.34.32:33224, 1b813ef4-47a4-4bfc-8eb5-c34ae440adb1:192.168.34.32:36113], old=null
2019-10-21 19:13:23,946 [f2627371-a904-4314-a836-5eb8f54559ec@group-73E40DF2990B-LeaderElection319] INFO  impl.LeaderElection (LeaderElection.java:askForVotes(178)) - f2627371-a904-4314-a836-5eb8f54559ec@group-73E40DF2990B-LeaderElection319: begin an election at term 354 for -1: [e6a83585-83d0-4616-a3d5-866875ad8a29:192.168.34.32:46159, f2627371-a904-4314-a836-5eb8f54559ec:192.168.34.32:33224, 1b813ef4-47a4-4bfc-8eb5-c34ae440adb1:192.168.34.32:36113], old=null
2019-10-21 19:13:24,217 [f2627371-a904-4314-a836-5eb8f54559ec@group-73E40DF2990B-LeaderElection319] INFO  impl.LeaderElection (LeaderElection.java:logAndReturn(56)) - f2627371-a904-4314-a836-5eb8f54559ec@group-73E40DF2990B-LeaderElection319: Election TIMEOUT; received 0 response(s) [] and 0 exception(s); f2627371-a904-4314-a836-5eb8f54559ec@group-73E40DF2990B:t354, leader=null, voted=f2627371-a904-4314-a836-5eb8f54559ec, raftlog=f2627371-a904-4314-a836-5eb8f54559ec@group-73E40DF2990B-SegmentedRaftLog:OPENED:c-1,f-1,i0, conf=-1: [e6a83585-83d0-4616-a3d5-866875ad8a29:192.168.34.32:46159, f2627371-a904-4314-a836-5eb8f54559ec:192.168.34.32:33224, 1b813ef4-47a4-4bfc-8eb5-c34ae440adb1:192.168.34.32:36113], old=null
2019-10-21 19:13:24,218 [grpc-default-executor-2] INFO  impl.RaftServerImpl (RaftServerImpl.java:setRole(184)) - e6a83585-83d0-4616-a3d5-866875ad8a29@group-73E40DF2990B: changes role from  FOLLOWER to FOLLOWER at term 354 for recognizeCandidate:f2627371-a904-4314-a836-5eb8f54559ec
2019-10-21 19:13:24,218 [grpc-default-executor-2] INFO  impl.RoleInfo (RoleInfo.java:shutdownFollowerState(121)) - e6a83585-83d0-4616-a3d5-866875ad8a29: shutdown FollowerState
2019-10-21 19:13:24,218 [grpc-default-executor-2] INFO  impl.RoleInfo (RoleInfo.java:updateAndGet(143)) - e6a83585-83d0-4616-a3d5-866875ad8a29: start FollowerState
2019-10-21 19:13:24,218 [Thread-2370] INFO  impl.FollowerState (FollowerState.java:run(117)) - e6a83585-83d0-4616-a3d5-866875ad8a29@group-73E40DF2990B-FollowerState was interrupted: java.lang.InterruptedException: sleep interrupted
2019-10-21 19:13:24,218 [grpc-default-executor-5] INFO  impl.RaftServerImpl (RaftServerImpl.java:setRole(184)) - 1b813ef4-47a4-4bfc-8eb5-c34ae440adb1@group-73E40DF2990B: changes role from  FOLLOWER to FOLLOWER at term 354 for recognizeCandidate:f2627371-a904-4314-a836-5eb8f54559ec
2019-10-21 19:13:24,219 [grpc-default-executor-5] INFO  impl.RoleInfo (RoleInfo.java:shutdownFollowerState(121)) - 1b813ef4-47a4-4bfc-8eb5-c34ae440adb1: shutdown FollowerState
2019-10-21 19:13:24,219 [grpc-default-executor-5] INFO  impl.RoleInfo (RoleInfo.java:updateAndGet(143)) - 1b813ef4-47a4-4bfc-8eb5-c34ae440adb1: start FollowerState
2019-10-21 19:13:24,219 [Thread-2371] INFO  impl.FollowerState (FollowerState.java:run(117)) - 1b813ef4-47a4-4bfc-8eb5-c34ae440adb1@group-73E40DF2990B-FollowerState was interrupted: java.lang.InterruptedException: sleep interrupted
2019-10-21 19:13:24,254 [f2627371-a904-4314-a836-5eb8f54559ec@group-73E40DF2990B-LeaderElection319] INFO  impl.LeaderElection (LeaderElection.java:askForVotes(178)) - f2627371-a904-4314-a836-5eb8f54559ec@group-73E40DF2990B-LeaderElection319: begin an election at term 355 for -1: [e6a83585-83d0-4616-a3d5-866875ad8a29:192.168.34.32:46159, f2627371-a904-4314-a836-5eb8f54559ec:192.168.34.32:33224, 1b813ef4-47a4-4bfc-8eb5-c34ae440adb1:192.168.34.32:36113], old=null
2019-10-21 19:13:24,256 [grpc-default-executor-2] INFO  impl.RaftServerImpl (RaftServerImpl.java:setRole(184)) - 1b813ef4-47a4-4bfc-8eb5-c34ae440adb1@group-73E40DF2990B: changes role from  FOLLOWER to FOLLOWER at term 355 for recognizeCandidate:f2627371-a904-4314-a836-5eb8f54559ec
2019-10-21 19:13:24,256 [grpc-default-executor-2] INFO  impl.RoleInfo (RoleInfo.java:shutdownFollowerState(121)) - 1b813ef4-47a4-4bfc-8eb5-c34ae440adb1: shutdown FollowerState
2019-10-21 19:13:24,256 [grpc-default-executor-5] INFO  impl.RaftServerImpl (RaftServerImpl.java:setRole(184)) - e6a83585-83d0-4616-a3d5-866875ad8a29@group-73E40DF2990B: changes role from  FOLLOWER to FOLLOWER at term 355 for recognizeCandidate:f2627371-a904-4314-a836-5eb8f54559ec
2019-10-21 19:13:24,256 [Thread-2375] INFO  impl.FollowerState (FollowerState.java:run(117)) - 1b813ef4-47a4-4bfc-8eb5-c34ae440adb1@group-73E40DF2990B-FollowerState was interrupted: java.lang.InterruptedException: sleep interrupted
2019-10-21 19:13:24,256 [grpc-default-executor-2] INFO  impl.RoleInfo (RoleInfo.java:updateAndGet(143)) - 1b813ef4-47a4-4bfc-8eb5-c34ae440adb1: start FollowerState
2019-10-21 19:13:24,257 [grpc-default-executor-5] INFO  impl.RoleInfo (RoleInfo.java:shutdownFollowerState(121)) - e6a83585-83d0-4616-a3d5-866875ad8a29: shutdown FollowerState
2019-10-21 19:13:24,257 [grpc-default-executor-5] INFO  impl.RoleInfo (RoleInfo.java:updateAndGet(143)) - e6a83585-83d0-4616-a3d5-866875ad8a29: start FollowerState
2019-10-21 19:13:24,257 [Thread-2374] INFO  impl.FollowerState (FollowerState.java:run(117)) - e6a83585-83d0-4616-a3d5-866875ad8a29@group-73E40DF2990B-FollowerState was interrupted: java.lang.InterruptedException: sleep interrupted
2019-10-21 19:13:24,271 [f2627371-a904-4314-a836-5eb8f54559ec@group-73E40DF2990B-LeaderElection319] INFO  impl.LeaderElection (LeaderElection.java:logAndReturn(56)) - f2627371-a904-4314-a836-5eb8f54559ec@group-73E40DF2990B-LeaderElection319: Election REJECTED; received 2 response(s) [f2627371-a904-4314-a836-5eb8f54559ec<-e6a83585-83d0-4616-a3d5-866875ad8a29#0:FAIL-t355, f2627371-a904-4314-a836-5eb8f54559ec<-1b813ef4-47a4-4bfc-8eb5-c34ae440adb1#0:FAIL-t355] and 0 exception(s); f2627371-a904-4314-a836-5eb8f54559ec@group-73E40DF2990B:t355, leader=null, voted=f2627371-a904-4314-a836-5eb8f54559ec, raftlog=f2627371-a904-4314-a836-5eb8f54559ec@group-73E40DF2990B-SegmentedRaftLog:OPENED:c-1,f-1,i0, conf=-1: [e6a83585-83d0-4616-a3d5-866875ad8a29:192.168.34.32:46159, f2627371-a904-4314-a836-5eb8f54559ec:192.168.34.32:33224, 1b813ef4-47a4-4bfc-8eb5-c34ae440adb1:192.168.34.32:36113], old=null
2019-10-21 19:13:24,272 [f2627371-a904-4314-a836-5eb8f54559ec@group-73E40DF2990B-LeaderElection319] INFO  impl.RaftServerImpl (RaftServerImpl.java:setRole(184)) - f2627371-a904-4314-a836-5eb8f54559ec@group-73E40DF2990B: changes role from CANDIDATE to FOLLOWER at term 355 for DISCOVERED_A_NEW_TERM
2019-10-21 19:13:24,272 [f2627371-a904-4314-a836-5eb8f54559ec@group-73E40DF2990B-LeaderElection319] INFO  impl.RoleInfo (RoleInfo.java:shutdownLeaderElection(134)) - f2627371-a904-4314-a836-5eb8f54559ec: shutdown LeaderElection
2019-10-21 19:13:24,272 [f2627371-a904-4314-a836-5eb8f54559ec@group-73E40DF2990B-LeaderElection319] INFO  impl.RoleInfo (RoleInfo.java:updateAndGet(143)) - f2627371-a904-4314-a836-5eb8f54559ec: start FollowerState
2019-10-21 19:13:24,456 [Thread-2380] INFO  impl.FollowerState (FollowerState.java:run(108)) - f2627371-a904-4314-a836-5eb8f54559ec@group-73E40DF2990B-FollowerState: change to CANDIDATE, lastRpcTime:184ms, electionTimeout:184ms
2019-10-21 19:13:24,456 [Thread-2380] INFO  impl.RoleInfo (RoleInfo.java:shutdownFollowerState(121)) - f2627371-a904-4314-a836-5eb8f54559ec: shutdown FollowerState
2019-10-21 19:13:24,456 [Thread-2380] INFO  impl.RaftServerImpl (RaftServerImpl.java:setRole(184)) - f2627371-a904-4314-a836-5eb8f54559ec@group-73E40DF2990B: changes role from  FOLLOWER to CANDIDATE at term 355 for changeToCandidate
2019-10-21 19:13:24,457 [Thread-2380] INFO  impl.RoleInfo (RoleInfo.java:updateAndGet(143)) - f2627371-a904-4314-a836-5eb8f54559ec: start LeaderElection
2019-10-21 19:13:24,472 [f2627371-a904-4314-a836-5eb8f54559ec@group-73E40DF2990B-LeaderElection320] INFO  impl.LeaderElection (LeaderElection.java:askForVotes(178)) - f2627371-a904-4314-a836-5eb8f54559ec@group-73E40DF2990B-LeaderElection320: begin an election at term 356 for -1: [e6a83585-83d0-4616-a3d5-866875ad8a29:192.168.34.32:46159, f2627371-a904-4314-a836-5eb8f54559ec:192.168.34.32:33224, 1b813ef4-47a4-4bfc-8eb5-c34ae440adb1:192.168.34.32:36113], old=null
2019-10-21 19:13:24,474 [grpc-default-executor-5] INFO  impl.RaftServerImpl (RaftServerImpl.java:setRole(184)) - 1b813ef4-47a4-4bfc-8eb5-c34ae440adb1@group-73E40DF2990B: changes role from  FOLLOWER to FOLLOWER at term 356 for recognizeCandidate:f2627371-a904-4314-a836-5eb8f54559ec
2019-10-21 19:13:24,474 [grpc-default-executor-5] INFO  impl.RoleInfo (RoleInfo.java:shutdownFollowerState(121)) - 1b813ef4-47a4-4bfc-8eb5-c34ae440adb1: shutdown FollowerState
2019-10-21 19:13:24,475 [grpc-default-executor-2] INFO  impl.RaftServerImpl (RaftServerImpl.java:setRole(184)) - e6a83585-83d0-4616-a3d5-866875ad8a29@group-73E40DF2990B: changes role from  FOLLOWER to FOLLOWER at term 356 for recognizeCandidate:f2627371-a904-4314-a836-5eb8f54559ec
2019-10-21 19:13:24,475 [Thread-2378] INFO  impl.FollowerState (FollowerState.java:run(117)) - 1b813ef4-47a4-4bfc-8eb5-c34ae440adb1@group-73E40DF2990B-FollowerState was interrupted: java.lang.InterruptedException: sleep interrupted
2019-10-21 19:13:24,475 [grpc-default-executor-5] INFO  impl.RoleInfo (RoleInfo.java:updateAndGet(143)) - 1b813ef4-47a4-4bfc-8eb5-c34ae440adb1: start FollowerState
2019-10-21 19:13:24,475 [grpc-default-executor-2] INFO  impl.RoleInfo (RoleInfo.java:shutdownFollowerState(121)) - e6a83585-83d0-4616-a3d5-866875ad8a29: shutdown FollowerState
2019-10-21 19:13:24,475 [grpc-default-executor-2] INFO  impl.RoleInfo (RoleInfo.java:updateAndGet(143)) - e6a83585-83d0-4616-a3d5-866875ad8a29: start FollowerState
2019-10-21 19:13:24,475 [Thread-2379] INFO  impl.FollowerState (FollowerState.java:run(117)) - e6a83585-83d0-4616-a3d5-866875ad8a29@group-73E40DF2990B-FollowerState was interrupted: java.lang.InterruptedException: sleep interrupted
2019-10-21 19:13:24,490 [f2627371-a904-4314-a836-5eb8f54559ec@group-73E40DF2990B-LeaderElection320] INFO  impl.LeaderElection (LeaderElection.java:logAndReturn(56)) - f2627371-a904-4314-a836-5eb8f54559ec@group-73E40DF2990B-LeaderElection320: Election REJECTED; received 2 response(s) [f2627371-a904-4314-a836-5eb8f54559ec<-e6a83585-83d0-4616-a3d5-866875ad8a29#0:FAIL-t356, f2627371-a904-4314-a836-5eb8f54559ec<-1b813ef4-47a4-4bfc-8eb5-c34ae440adb1#0:FAIL-t356] and 0 exception(s); f2627371-a904-4314-a836-5eb8f54559ec@group-73E40DF2990B:t356, leader=null, voted=f2627371-a904-4314-a836-5eb8f54559ec, raftlog=f2627371-a904-4314-a836-5eb8f54559ec@group-73E40DF2990B-SegmentedRaftLog:OPENED:c-1,f-1,i0, conf=-1: [e6a83585-83d0-4616-a3d5-866875ad8a29:192.168.34.32:46159, f2627371-a904-4314-a836-5eb8f54559ec:192.168.34.32:33224, 1b813ef4-47a4-4bfc-8eb5-c34ae440adb1:192.168.34.32:36113], old=null
2019-10-21 19:13:24,490 [f2627371-a904-4314-a836-5eb8f54559ec@group-73E40DF2990B-LeaderElection320] INFO  impl.RaftServerImpl (RaftServerImpl.java:setRole(184)) - f2627371-a904-4314-a836-5eb8f54559ec@group-73E40DF2990B: changes role from CANDIDATE to FOLLOWER at term 356 for DISCOVERED_A_NEW_TERM
2019-10-21 19:13:24,490 [f2627371-a904-4314-a836-5eb8f54559ec@group-73E40DF2990B-LeaderElection320] INFO  impl.RoleInfo (RoleInfo.java:shutdownLeaderElection(134)) - f2627371-a904-4314-a836-5eb8f54559ec: shutdown LeaderElection
2019-10-21 19:13:24,490 [f2627371-a904-4314-a836-5eb8f54559ec@group-73E40DF2990B-LeaderElection320] INFO  impl.RoleInfo (RoleInfo.java:updateAndGet(143)) - f2627371-a904-4314-a836-5eb8f54559ec: start FollowerState
2019-10-21 19:13:24,659 [Thread-2386] INFO  impl.FollowerState (FollowerState.java:run(108)) - f2627371-a904-4314-a836-5eb8f54559ec@group-73E40DF2990B-FollowerState: change to CANDIDATE, lastRpcTime:168ms, electionTimeout:168ms
2019-10-21 19:13:24,659 [Thread-2386] INFO  impl.RoleInfo (RoleInfo.java:shutdownFollowerState(121)) - f2627371-a904-4314-a836-5eb8f54559ec: shutdown FollowerState
2019-10-21 19:13:24,659 [Thread-2386] INFO  impl.RaftServerImpl (RaftServerImpl.java:setRole(184)) - f2627371-a904-4314-a836-5eb8f54559ec@group-73E40DF2990B: changes role from  FOLLOWER to CANDIDATE at term 356 for changeToCandidate
2019-10-21 19:13:24,659 [Thread-2386] INFO  impl.RoleInfo (RoleInfo.java:updateAndGet(143)) - f2627371-a904-4314-a836-5eb8f54559ec: start LeaderElection
2019-10-21 19:13:24,675 [f2627371-a904-4314-a836-5eb8f54559ec@group-73E40DF2990B-LeaderElection321] INFO  impl.LeaderElection (LeaderElection.java:askForVotes(178)) - f2627371-a904-4314-a836-5eb8f54559ec@group-73E40DF2990B-LeaderElection321: begin an election at term 357 for -1: [e6a83585-83d0-4616-a3d5-866875ad8a29:192.168.34.32:46159, f2627371-a904-4314-a836-5eb8f54559ec:192.168.34.32:33224, 1b813ef4-47a4-4bfc-8eb5-c34ae440adb1:192.168.34.32:36113], old=null
2019-10-21 19:13:24,677 [grpc-default-executor-2] INFO  impl.RaftServerImpl (RaftServerImpl.java:setRole(184)) - e6a83585-83d0-4616-a3d5-866875ad8a29@group-73E40DF2990B: changes role from  FOLLOWER to FOLLOWER at term 357 for recognizeCandidate:f2627371-a904-4314-a836-5eb8f54559ec
2019-10-21 19:13:24,677 [grpc-default-executor-2] INFO  impl.RoleInfo (RoleInfo.java:shutdownFollowerState(121)) - e6a83585-83d0-4616-a3d5-866875ad8a29: shutdown FollowerState
2019-10-21 19:13:24,677 [grpc-default-executor-5] INFO  impl.RaftServerImpl (RaftServerImpl.java:setRole(184)) - 1b813ef4-47a4-4bfc-8eb5-c34ae440adb1@group-73E40DF2990B: changes role from  FOLLOWER to FOLLOWER at term 357 for recognizeCandidate:f2627371-a904-4314-a836-5eb8f54559ec
2019-10-21 19:13:24,677 [Thread-2385] INFO  impl.FollowerState (FollowerState.java:run(117)) - e6a83585-83d0-4616-a3d5-866875ad8a29@group-73E40DF2990B-FollowerState was interrupted: java.lang.InterruptedException: sleep interrupted
2019-10-21 19:13:24,677 [grpc-default-executor-2] INFO  impl.RoleInfo (RoleInfo.java:updateAndGet(143)) - e6a83585-83d0-4616-a3d5-866875ad8a29: start FollowerState
2019-10-21 19:13:24,677 [grpc-default-executor-5] INFO  impl.RoleInfo (RoleInfo.java:shutdownFollowerState(121)) - 1b813ef4-47a4-4bfc-8eb5-c34ae440adb1: shutdown FollowerState
2019-10-21 19:13:24,678 [grpc-default-executor-5] INFO  impl.RoleInfo (RoleInfo.java:updateAndGet(143)) - 1b813ef4-47a4-4bfc-8eb5-c34ae440adb1: start FollowerState
2019-10-21 19:13:24,678 [Thread-2384] INFO  impl.FollowerState (FollowerState.java:run(117)) - 1b813ef4-47a4-4bfc-8eb5-c34ae440adb1@group-73E40DF2990B-FollowerState was interrupted: java.lang.InterruptedException: sleep interrupted
2019-10-21 19:13:24,693 [f2627371-a904-4314-a836-5eb8f54559ec@group-73E40DF2990B-LeaderElection321] INFO  impl.LeaderElection (LeaderElection.java:logAndReturn(56)) - f2627371-a904-4314-a836-5eb8f54559ec@group-73E40DF2990B-LeaderElection321: Election REJECTED; received 2 response(s) [f2627371-a904-4314-a836-5eb8f54559ec<-e6a83585-83d0-4616-a3d5-866875ad8a29#0:FAIL-t357, f2627371-a904-4314-a836-5eb8f54559ec<-1b813ef4-47a4-4bfc-8eb5-c34ae440adb1#0:FAIL-t357] and 0 exception(s); f2627371-a904-4314-a836-5eb8f54559ec@group-73E40DF2990B:t357, leader=null, voted=f2627371-a904-4314-a836-5eb8f54559ec, raftlog=f2627371-a904-4314-a836-5eb8f54559ec@group-73E40DF2990B-SegmentedRaftLog:OPENED:c-1,f-1,i0, conf=-1: [e6a83585-83d0-4616-a3d5-866875ad8a29:192.168.34.32:46159, f2627371-a904-4314-a836-5eb8f54559ec:192.168.34.32:33224, 1b813ef4-47a4-4bfc-8eb5-c34ae440adb1:192.168.34.32:36113], old=null
2019-10-21 19:13:24,693 [f2627371-a904-4314-a836-5eb8f54559ec@group-73E40DF2990B-LeaderElection321] INFO  impl.RaftServerImpl (RaftServerImpl.java:setRole(184)) - f2627371-a904-4314-a836-5eb8f54559ec@group-73E40DF2990B: changes role from CANDIDATE to FOLLOWER at term 357 for DISCOVERED_A_NEW_TERM
2019-10-21 19:13:24,693 [f2627371-a904-4314-a836-5eb8f54559ec@group-73E40DF2990B-LeaderElection321] INFO  impl.RoleInfo (RoleInfo.java:shutdownLeaderElection(134)) - f2627371-a904-4314-a836-5eb8f54559ec: shutdown LeaderElection
2019-10-21 19:13:24,693 [f2627371-a904-4314-a836-5eb8f54559ec@group-73E40DF2990B-LeaderElection321] INFO  impl.RoleInfo (RoleInfo.java:updateAndGet(143)) - f2627371-a904-4314-a836-5eb8f54559ec: start FollowerState
2019-10-21 19:13:24,740 [Thread-2393] INFO  impl.FollowerState (FollowerState.java:run(108)) - f2627371-a904-4314-a836-5eb8f54559ec@group-73E40DF2990B-FollowerState: change to CANDIDATE, lastRpcTime:46ms, electionTimeout:46ms
2019-10-21 19:13:24,740 [Thread-2393] INFO  impl.RoleInfo (RoleInfo.java:shutdownFollowerState(121)) - f2627371-a904-4314-a836-5eb8f54559ec: shutdown FollowerState
2019-10-21 19:13:24,740 [Thread-2393] INFO  impl.RaftServerImpl (RaftServerImpl.java:setRole(184)) - f2627371-a904-4314-a836-5eb8f54559ec@group-73E40DF2990B: changes role from  FOLLOWER to CANDIDATE at term 357 for changeToCandidate
2019-10-21 19:13:24,740 [Thread-2393] INFO  impl.RoleInfo (RoleInfo.java:updateAndGet(143)) - f2627371-a904-4314-a836-5eb8f54559ec: start LeaderElection
2019-10-21 19:13:24,755 [f2627371-a904-4314-a836-5eb8f54559ec@group-73E40DF2990B-LeaderElection322] INFO  impl.LeaderElection (LeaderElection.java:askForVotes(178)) - f2627371-a904-4314-a836-5eb8f54559ec@group-73E40DF2990B-LeaderElection322: begin an election at term 358 for -1: [e6a83585-83d0-4616-a3d5-866875ad8a29:192.168.34.32:46159, f2627371-a904-4314-a836-5eb8f54559ec:192.168.34.32:33224, 1b813ef4-47a4-4bfc-8eb5-c34ae440adb1:192.168.34.32:36113], old=null
2019-10-21 19:13:24,756 [grpc-default-executor-2] INFO  impl.RaftServerImpl (RaftServerImpl.java:setRole(184)) - 1b813ef4-47a4-4bfc-8eb5-c34ae440adb1@group-73E40DF2990B: changes role from  FOLLOWER to FOLLOWER at term 358 for recognizeCandidate:f2627371-a904-4314-a836-5eb8f54559ec
2019-10-21 19:13:24,757 [grpc-default-executor-2] INFO  impl.RoleInfo (RoleInfo.java:shutdownFollowerState(121)) - 1b813ef4-47a4-4bfc-8eb5-c34ae440adb1: shutdown FollowerState
2019-10-21 19:13:24,757 [grpc-default-executor-5] INFO  impl.RaftServerImpl (RaftServerImpl.java:setRole(184)) - e6a83585-83d0-4616-a3d5-866875ad8a29@group-73E40DF2990B: changes role from  FOLLOWER to FOLLOWER at term 358 for recognizeCandidate:f2627371-a904-4314-a836-5eb8f54559ec
2019-10-21 19:13:24,757 [Thread-2391] INFO  impl.FollowerState (FollowerState.java:run(117)) - 1b813ef4-47a4-4bfc-8eb5-c34ae440adb1@group-73E40DF2990B-FollowerState was interrupted: java.lang.InterruptedException: sleep interrupted
2019-10-21 19:13:24,757 [grpc-default-executor-2] INFO  impl.RoleInfo (RoleInfo.java:updateAndGet(143)) - 1b813ef4-47a4-4bfc-8eb5-c34ae440adb1: start FollowerState
2019-10-21 19:13:24,757 [grpc-default-executor-5] INFO  impl.RoleInfo (RoleInfo.java:shutdownFollowerState(121)) - e6a83585-83d0-4616-a3d5-866875ad8a29: shutdown FollowerState
2019-10-21 19:13:24,757 [grpc-default-executor-5] INFO  impl.RoleInfo (RoleInfo.java:updateAndGet(143)) - e6a83585-83d0-4616-a3d5-866875ad8a29: start FollowerState
2019-10-21 19:13:24,757 [Thread-2390] INFO  impl.FollowerState (FollowerState.java:run(117)) - e6a83585-83d0-4616-a3d5-866875ad8a29@group-73E40DF2990B-FollowerState was interrupted: java.lang.InterruptedException: sleep interrupted
2019-10-21 19:13:24,772 [f2627371-a904-4314-a836-5eb8f54559ec@group-73E40DF2990B-LeaderElection322] INFO  impl.LeaderElection (LeaderElection.java:logAndReturn(56)) - f2627371-a904-4314-a836-5eb8f54559ec@group-73E40DF2990B-LeaderElection322: Election REJECTED; received 2 response(s) [f2627371-a904-4314-a836-5eb8f54559ec<-e6a83585-83d0-4616-a3d5-866875ad8a29#0:FAIL-t358, f2627371-a904-4314-a836-5eb8f54559ec<-1b813ef4-47a4-4bfc-8eb5-c34ae440adb1#0:FAIL-t358] and 0 exception(s); f2627371-a904-4314-a836-5eb8f54559ec@group-73E40DF2990B:t358, leader=null, voted=f2627371-a904-4314-a836-5eb8f54559ec, raftlog=f2627371-a904-4314-a836-5eb8f54559ec@group-73E40DF2990B-SegmentedRaftLog:OPENED:c-1,f-1,i0, conf=-1: [e6a83585-83d0-4616-a3d5-866875ad8a29:192.168.34.32:46159, f2627371-a904-4314-a836-5eb8f54559ec:192.168.34.32:33224, 1b813ef4-47a4-4bfc-8eb5-c34ae440adb1:192.168.34.32:36113], old=null
2019-10-21 19:13:24,773 [f2627371-a904-4314-a836-5eb8f54559ec@group-73E40DF2990B-LeaderElection322] INFO  impl.RaftServerImpl (RaftServerImpl.java:setRole(184)) - f2627371-a904-4314-a836-5eb8f54559ec@group-73E40DF2990B: changes role from CANDIDATE to FOLLOWER at term 358 for DISCOVERED_A_NEW_TERM
2019-10-21 19:13:24,773 [f2627371-a904-4314-a836-5eb8f54559ec@group-73E40DF2990B-LeaderElection322] INFO  impl.RoleInfo (RoleInfo.java:shutdownLeaderElection(134)) - f2627371-a904-4314-a836-5eb8f54559ec: shutdown LeaderElection
2019-10-21 19:13:24,773 [f2627371-a904-4314-a836-5eb8f54559ec@group-73E40DF2990B-LeaderElection322] INFO  impl.RoleInfo (RoleInfo.java:updateAndGet(143)) - f2627371-a904-4314-a836-5eb8f54559ec: start FollowerState
2019-10-21 19:13:24,893 [Thread-2400] INFO  impl.FollowerState (FollowerState.java:run(108)) - f2627371-a904-4314-a836-5eb8f54559ec@group-73E40DF2990B-FollowerState: change to CANDIDATE, lastRpcTime:120ms, electionTimeout:120ms
2019-10-21 19:13:24,893 [Thread-2400] INFO  impl.RoleInfo (RoleInfo.java:shutdownFollowerState(121)) - f2627371-a904-4314-a836-5eb8f54559ec: shutdown FollowerState
2019-10-21 19:13:24,893 [Thread-2400] INFO  impl.RaftServerImpl (RaftServerImpl.java:setRole(184)) - f2627371-a904-4314-a836-5eb8f54559ec@group-73E40DF2990B: changes role from  FOLLOWER to CANDIDATE at term 358 for changeToCandidate
2019-10-21 19:13:24,894 [Thread-2400] INFO  impl.RoleInfo (RoleInfo.java:updateAndGet(143)) - f2627371-a904-4314-a836-5eb8f54559ec: start LeaderElection
2019-10-21 19:13:24,908 [f2627371-a904-4314-a836-5eb8f54559ec@group-73E40DF2990B-LeaderElection323] INFO  impl.LeaderElection (LeaderElection.java:askForVotes(178)) - f2627371-a904-4314-a836-5eb8f54559ec@group-73E40DF2990B-LeaderElection323: begin an election at term 359 for -1: [e6a83585-83d0-4616-a3d5-866875ad8a29:192.168.34.32:46159, f2627371-a904-4314-a836-5eb8f54559ec:192.168.34.32:33224, 1b813ef4-47a4-4bfc-8eb5-c34ae440adb1:192.168.34.32:36113], old=null
2019-10-21 19:13:24,910 [grpc-default-executor-2] INFO  impl.RaftServerImpl (RaftServerImpl.java:setRole(184)) - e6a83585-83d0-4616-a3d5-866875ad8a29@group-73E40DF2990B: changes role from  FOLLOWER to FOLLOWER at term 359 for recognizeCandidate:f2627371-a904-4314-a836-5eb8f54559ec
2019-10-21 19:13:24,910 [grpc-default-executor-5] INFO  impl.RaftServerImpl (RaftServerImpl.java:setRole(184)) - 1b813ef4-47a4-4bfc-8eb5-c34ae440adb1@group-73E40DF2990B: changes role from  FOLLOWER to FOLLOWER at term 359 for recognizeCandidate:f2627371-a904-4314-a836-5eb8f54559ec
2019-10-21 19:13:24,910 [grpc-default-executor-2] INFO  impl.RoleInfo (RoleInfo.java:shutdownFollowerState(121)) - e6a83585-83d0-4616-a3d5-866875ad8a29: shutdown FollowerState
2019-10-21 19:13:24,910 [grpc-default-executor-5] INFO  impl.RoleInfo (RoleInfo.java:shutdownFollowerState(121)) - 1b813ef4-47a4-4bfc-8eb5-c34ae440adb1: shutdown FollowerState
2019-10-21 19:13:24,911 [Thread-2399] INFO  impl.FollowerState (FollowerState.java:run(117)) - e6a83585-83d0-4616-a3d5-866875ad8a29@group-73E40DF2990B-FollowerState was interrupted: java.lang.InterruptedException: sleep interrupted
2019-10-21 19:13:24,910 [grpc-default-executor-2] INFO  impl.RoleInfo (RoleInfo.java:updateAndGet(143)) - e6a83585-83d0-4616-a3d5-866875ad8a29: start FollowerState
2019-10-21 19:13:24,911 [Thread-2398] INFO  impl.FollowerState (FollowerState.java:run(117)) - 1b813ef4-47a4-4bfc-8eb5-c34ae440adb1@group-73E40DF2990B-FollowerState was interrupted: java.lang.InterruptedException: sleep interrupted
2019-10-21 19:13:24,911 [grpc-default-executor-5] INFO  impl.RoleInfo (RoleInfo.java:updateAndGet(143)) - 1b813ef4-47a4-4bfc-8eb5-c34ae440adb1: start FollowerState
2019-10-21 19:13:24,918 [f2627371-a904-4314-a836-5eb8f54559ec@group-73E40DF2990B-LeaderElection323] INFO  impl.LeaderElection (LeaderElection.java:logAndReturn(56)) - f2627371-a904-4314-a836-5eb8f54559ec@group-73E40DF2990B-LeaderElection323: Election TIMEOUT; received 0 response(s) [] and 0 exception(s); f2627371-a904-4314-a836-5eb8f54559ec@group-73E40DF2990B:t359, leader=null, voted=f2627371-a904-4314-a836-5eb8f54559ec, raftlog=f2627371-a904-4314-a836-5eb8f54559ec@group-73E40DF2990B-SegmentedRaftLog:OPENED:c-1,f-1,i0, conf=-1: [e6a83585-83d0-4616-a3d5-866875ad8a29:192.168.34.32:46159, f2627371-a904-4314-a836-5eb8f54559ec:192.168.34.32:33224, 1b813ef4-47a4-4bfc-8eb5-c34ae440adb1:192.168.34.32:36113], old=null
2019-10-21 19:13:24,932 [f2627371-a904-4314-a836-5eb8f54559ec@group-73E40DF2990B-LeaderElection323] INFO  impl.LeaderElection (LeaderElection.java:askForVotes(178)) - f2627371-a904-4314-a836-5eb8f54559ec@group-73E40DF2990B-LeaderElection323: begin an election at term 360 for -1: [e6a83585-83d0-4616-a3d5-866875ad8a29:192.168.34.32:46159, f2627371-a904-4314-a836-5eb8f54559ec:192.168.34.32:33224, 1b813ef4-47a4-4bfc-8eb5-c34ae440adb1:192.168.34.32:36113], old=null
2019-10-21 19:13:24,933 [grpc-default-executor-5] INFO  impl.RaftServerImpl (RaftServerImpl.java:setRole(184)) - e6a83585-83d0-4616-a3d5-866875ad8a29@group-73E40DF2990B: changes role from  FOLLOWER to FOLLOWER at term 360 for recognizeCandidate:f2627371-a904-4314-a836-5eb8f54559ec
2019-10-21 19:13:24,934 [grpc-default-executor-5] INFO  impl.RoleInfo (RoleInfo.java:shutdownFollowerState(121)) - e6a83585-83d0-4616-a3d5-866875ad8a29: shutdown FollowerState
2019-10-21 19:13:24,934 [grpc-default-executor-2] INFO  impl.RaftServerImpl (RaftServerImpl.java:setRole(184)) - 1b813ef4-47a4-4bfc-8eb5-c34ae440adb1@group-73E40DF2990B: changes role from  FOLLOWER to FOLLOWER at term 360 for recognizeCandidate:f2627371-a904-4314-a836-5eb8f54559ec
2019-10-21 19:13:24,934 [grpc-default-executor-2] INFO  impl.RoleInfo (RoleInfo.java:shutdownFollowerState(121)) - 1b813ef4-47a4-4bfc-8eb5-c34ae440adb1: shutdown FollowerState
2019-10-21 19:13:24,934 [Thread-2404] INFO  impl.FollowerState (FollowerState.java:run(117)) - e6a83585-83d0-4616-a3d5-866875ad8a29@group-73E40DF2990B-FollowerState was interrupted: java.lang.InterruptedException: sleep interrupted
2019-10-21 19:13:24,934 [Thread-2405] INFO  impl.FollowerState (FollowerState.java:run(117)) - 1b813ef4-47a4-4bfc-8eb5-c34ae440adb1@group-73E40DF2990B-FollowerState was interrupted: java.lang.InterruptedException: sleep interrupted
2019-10-21 19:13:24,934 [grpc-default-executor-5] INFO  impl.RoleInfo (RoleInfo.java:updateAndGet(143)) - e6a83585-83d0-4616-a3d5-866875ad8a29: start FollowerState
2019-10-21 19:13:24,934 [grpc-default-executor-2] INFO  impl.RoleInfo (RoleInfo.java:updateAndGet(143)) - 1b813ef4-47a4-4bfc-8eb5-c34ae440adb1: start FollowerState
2019-10-21 19:13:24,943 [f2627371-a904-4314-a836-5eb8f54559ec@group-73E40DF2990B-LeaderElection323] INFO  impl.LeaderElection (LeaderElection.java:logAndReturn(56)) - f2627371-a904-4314-a836-5eb8f54559ec@group-73E40DF2990B-LeaderElection323: Election REJECTED; received 2 response(s) [f2627371-a904-4314-a836-5eb8f54559ec<-e6a83585-83d0-4616-a3d5-866875ad8a29#0:FAIL-t360, f2627371-a904-4314-a836-5eb8f54559ec<-1b813ef4-47a4-4bfc-8eb5-c34ae440adb1#0:FAIL-t360] and 0 exception(s); f2627371-a904-4314-a836-5eb8f54559ec@group-73E40DF2990B:t360, leader=null, voted=f2627371-a904-4314-a836-5eb8f54559ec, raftlog=f2627371-a904-4314-a836-5eb8f54559ec@group-73E40DF2990B-SegmentedRaftLog:OPENED:c-1,f-1,i0, conf=-1: [e6a83585-83d0-4616-a3d5-866875ad8a29:192.168.34.32:46159, f2627371-a904-4314-a836-5eb8f54559ec:192.168.34.32:33224, 1b813ef4-47a4-4bfc-8eb5-c34ae440adb1:192.168.34.32:36113], old=null
2019-10-21 19:13:24,944 [f2627371-a904-4314-a836-5eb8f54559ec@group-73E40DF2990B-LeaderElection323] INFO  impl.RaftServerImpl (RaftServerImpl.java:setRole(184)) - f2627371-a904-4314-a836-5eb8f54559ec@group-73E40DF2990B: changes role from CANDIDATE to FOLLOWER at term 360 for DISCOVERED_A_NEW_TERM
2019-10-21 19:13:24,944 [f2627371-a904-4314-a836-5eb8f54559ec@group-73E40DF2990B-LeaderElection323] INFO  impl.RoleInfo (RoleInfo.java:shutdownLeaderElection(134)) - f2627371-a904-4314-a836-5eb8f54559ec: shutdown LeaderElection
2019-10-21 19:13:24,944 [f2627371-a904-4314-a836-5eb8f54559ec@group-73E40DF2990B-LeaderElection323] INFO  impl.RoleInfo (RoleInfo.java:updateAndGet(143)) - f2627371-a904-4314-a836-5eb8f54559ec: start FollowerState
2019-10-21 19:13:25,027 [Thread-2410] INFO  impl.FollowerState (FollowerState.java:run(108)) - f2627371-a904-4314-a836-5eb8f54559ec@group-73E40DF2990B-FollowerState: change to CANDIDATE, lastRpcTime:83ms, electionTimeout:83ms
2019-10-21 19:13:25,027 [Thread-2410] INFO  impl.RoleInfo (RoleInfo.java:shutdownFollowerState(121)) - f2627371-a904-4314-a836-5eb8f54559ec: shutdown FollowerState
2019-10-21 19:13:25,028 [Thread-2410] INFO  impl.RaftServerImpl (RaftServerImpl.java:setRole(184)) - f2627371-a904-4314-a836-5eb8f54559ec@group-73E40DF2990B: changes role from  FOLLOWER to CANDIDATE at term 360 for changeToCandidate
2019-10-21 19:13:25,028 [Thread-2410] INFO  impl.RoleInfo (RoleInfo.java:updateAndGet(143)) - f2627371-a904-4314-a836-5eb8f54559ec: start LeaderElection
2019-10-21 19:13:25,043 [f2627371-a904-4314-a836-5eb8f54559ec@group-73E40DF2990B-LeaderElection324] INFO  impl.LeaderElection (LeaderElection.java:askForVotes(178)) - f2627371-a904-4314-a836-5eb8f54559ec@group-73E40DF2990B-LeaderElection324: begin an election at term 361 for -1: [e6a83585-83d0-4616-a3d5-866875ad8a29:192.168.34.32:46159, f2627371-a904-4314-a836-5eb8f54559ec:192.168.34.32:33224, 1b813ef4-47a4-4bfc-8eb5-c34ae440adb1:192.168.34.32:36113], old=null
2019-10-21 19:13:25,045 [grpc-default-executor-2] INFO  impl.RaftServerImpl (RaftServerImpl.java:setRole(184)) - e6a83585-83d0-4616-a3d5-866875ad8a29@group-73E40DF2990B: changes role from  FOLLOWER to FOLLOWER at term 361 for recognizeCandidate:f2627371-a904-4314-a836-5eb8f54559ec
2019-10-21 19:13:25,045 [grpc-default-executor-5] INFO  impl.RaftServerImpl (RaftServerImpl.java:setRole(184)) - 1b813ef4-47a4-4bfc-8eb5-c34ae440adb1@group-73E40DF2990B: changes role from  FOLLOWER to FOLLOWER at term 361 for recognizeCandidate:f2627371-a904-4314-a836-5eb8f54559ec
2019-10-21 19:13:25,045 [grpc-default-executor-5] INFO  impl.RoleInfo (RoleInfo.java:shutdownFollowerState(121)) - 1b813ef4-47a4-4bfc-8eb5-c34ae440adb1: shutdown FollowerState
2019-10-21 19:13:25,045 [grpc-default-executor-2] INFO  impl.RoleInfo (RoleInfo.java:shutdownFollowerState(121)) - e6a83585-83d0-4616-a3d5-866875ad8a29: shutdown FollowerState
2019-10-21 19:13:25,046 [Thread-2409] INFO  impl.FollowerState (FollowerState.java:run(117)) - 1b813ef4-47a4-4bfc-8eb5-c34ae440adb1@group-73E40DF2990B-FollowerState was interrupted: java.lang.InterruptedException: sleep interrupted
2019-10-21 19:13:25,046 [grpc-default-executor-5] INFO  impl.RoleInfo (RoleInfo.java:updateAndGet(143)) - 1b813ef4-47a4-4bfc-8eb5-c34ae440adb1: start FollowerState
2019-10-21 19:13:25,046 [Thread-2408] INFO  impl.FollowerState (FollowerState.java:run(117)) - e6a83585-83d0-4616-a3d5-866875ad8a29@group-73E40DF2990B-FollowerState was interrupted: java.lang.InterruptedException: sleep interrupted
2019-10-21 19:13:25,046 [grpc-default-executor-2] INFO  impl.RoleInfo (RoleInfo.java:updateAndGet(143)) - e6a83585-83d0-4616-a3d5-866875ad8a29: start FollowerState
2019-10-21 19:13:25,061 [f2627371-a904-4314-a836-5eb8f54559ec@group-73E40DF2990B-LeaderElection324] INFO  impl.LeaderElection (LeaderElection.java:logAndReturn(56)) - f2627371-a904-4314-a836-5eb8f54559ec@group-73E40DF2990B-LeaderElection324: Election REJECTED; received 2 response(s) [f2627371-a904-4314-a836-5eb8f54559ec<-e6a83585-83d0-4616-a3d5-866875ad8a29#0:FAIL-t361, f2627371-a904-4314-a836-5eb8f54559ec<-1b813ef4-47a4-4bfc-8eb5-c34ae440adb1#0:FAIL-t361] and 0 exception(s); f2627371-a904-4314-a836-5eb8f54559ec@group-73E40DF2990B:t361, leader=null, voted=f2627371-a904-4314-a836-5eb8f54559ec, raftlog=f2627371-a904-4314-a836-5eb8f54559ec@group-73E40DF2990B-SegmentedRaftLog:OPENED:c-1,f-1,i0, conf=-1: [e6a83585-83d0-4616-a3d5-866875ad8a29:192.168.34.32:46159, f2627371-a904-4314-a836-5eb8f54559ec:192.168.34.32:33224, 1b813ef4-47a4-4bfc-8eb5-c34ae440adb1:192.168.34.32:36113], old=null
2019-10-21 19:13:25,061 [f2627371-a904-4314-a836-5eb8f54559ec@group-73E40DF2990B-LeaderElection324] INFO  impl.RaftServerImpl (RaftServerImpl.java:setRole(184)) - f2627371-a904-4314-a836-5eb8f54559ec@group-73E40DF2990B: changes role from CANDIDATE to FOLLOWER at term 361 for DISCOVERED_A_NEW_TERM
2019-10-21 19:13:25,061 [f2627371-a904-4314-a836-5eb8f54559ec@group-73E40DF2990B-LeaderElection324] INFO  impl.RoleInfo (RoleInfo.java:shutdownLeaderElection(134)) - f2627371-a904-4314-a836-5eb8f54559ec: shutdown LeaderElection
2019-10-21 19:13:25,061 [f2627371-a904-4314-a836-5eb8f54559ec@group-73E40DF2990B-LeaderElection324] INFO  impl.RoleInfo (RoleInfo.java:updateAndGet(143)) - f2627371-a904-4314-a836-5eb8f54559ec: start FollowerState
2019-10-21 19:13:25,109 [Thread-2416] INFO  impl.FollowerState (FollowerState.java:run(108)) - f2627371-a904-4314-a836-5eb8f54559ec@group-73E40DF2990B-FollowerState: change to CANDIDATE, lastRpcTime:48ms, electionTimeout:48ms
2019-10-21 19:13:25,110 [Thread-2416] INFO  impl.RoleInfo (RoleInfo.java:shutdownFollowerState(121)) - f2627371-a904-4314-a836-5eb8f54559ec: shutdown FollowerState
2019-10-21 19:13:25,110 [Thread-2416] INFO  impl.RaftServerImpl (RaftServerImpl.java:setRole(184)) - f2627371-a904-4314-a836-5eb8f54559ec@group-73E40DF2990B: changes role from  FOLLOWER to CANDIDATE at term 361 for changeToCandidate
2019-10-21 19:13:25,110 [Thread-2416] INFO  impl.RoleInfo (RoleInfo.java:updateAndGet(143)) - f2627371-a904-4314-a836-5eb8f54559ec: start LeaderElection
2019-10-21 19:13:25,126 [f2627371-a904-4314-a836-5eb8f54559ec@group-73E40DF2990B-LeaderElection325] INFO  impl.LeaderElection (LeaderElection.java:askForVotes(178)) - f2627371-a904-4314-a836-5eb8f54559ec@group-73E40DF2990B-LeaderElection325: begin an election at term 362 for -1: [e6a83585-83d0-4616-a3d5-866875ad8a29:192.168.34.32:46159, f2627371-a904-4314-a836-5eb8f54559ec:192.168.34.32:33224, 1b813ef4-47a4-4bfc-8eb5-c34ae440adb1:192.168.34.32:36113], old=null
2019-10-21 19:13:25,128 [grpc-default-executor-5] INFO  impl.RaftServerImpl (RaftServerImpl.java:setRole(184)) - e6a83585-83d0-4616-a3d5-866875ad8a29@group-73E40DF2990B: changes role from  FOLLOWER to FOLLOWER at term 362 for recognizeCandidate:f2627371-a904-4314-a836-5eb8f54559ec
2019-10-21 19:13:25,128 [grpc-default-executor-2] INFO  impl.RaftServerImpl (RaftServerImpl.java:setRole(184)) - 1b813ef4-47a4-4bfc-8eb5-c34ae440adb1@group-73E40DF2990B: changes role from  FOLLOWER to FOLLOWER at term 362 for recognizeCandidate:f2627371-a904-4314-a836-5eb8f54559ec
2019-10-21 19:13:25,128 [grpc-default-executor-2] INFO  impl.RoleInfo (RoleInfo.java:shutdownFollowerState(121)) - 1b813ef4-47a4-4bfc-8eb5-c34ae440adb1: shutdown FollowerState
2019-10-21 19:13:25,128 [grpc-default-executor-5] INFO  impl.RoleInfo (RoleInfo.java:shutdownFollowerState(121)) - e6a83585-83d0-4616-a3d5-866875ad8a29: shutdown FollowerState
2019-10-21 19:13:25,128 [grpc-default-executor-2] INFO  impl.RoleInfo (RoleInfo.java:updateAndGet(143)) - 1b813ef4-47a4-4bfc-8eb5-c34ae440adb1: start FollowerState
2019-10-21 19:13:25,128 [Thread-2414] INFO  impl.FollowerState (FollowerState.java:run(117)) - 1b813ef4-47a4-4bfc-8eb5-c34ae440adb1@group-73E40DF2990B-FollowerState was interrupted: java.lang.InterruptedException: sleep interrupted
2019-10-21 19:13:25,129 [grpc-default-executor-5] INFO  impl.RoleInfo (RoleInfo.java:updateAndGet(143)) - e6a83585-83d0-4616-a3d5-866875ad8a29: start FollowerState
2019-10-21 19:13:25,129 [Thread-2415] INFO  impl.FollowerState (FollowerState.java:run(117)) - e6a83585-83d0-4616-a3d5-866875ad8a29@group-73E40DF2990B-FollowerState was interrupted: java.lang.InterruptedException: sleep interrupted
2019-10-21 19:13:25,143 [f2627371-a904-4314-a836-5eb8f54559ec@group-73E40DF2990B-LeaderElection325] INFO  impl.LeaderElection (LeaderElection.java:logAndReturn(56)) - f2627371-a904-4314-a836-5eb8f54559ec@group-73E40DF2990B-LeaderElection325: Election REJECTED; received 2 response(s) [f2627371-a904-4314-a836-5eb8f54559ec<-e6a83585-83d0-4616-a3d5-866875ad8a29#0:FAIL-t362, f2627371-a904-4314-a836-5eb8f54559ec<-1b813ef4-47a4-4bfc-8eb5-c34ae440adb1#0:FAIL-t362] and 0 exception(s); f2627371-a904-4314-a836-5eb8f54559ec@group-73E40DF2990B:t362, leader=null, voted=f2627371-a904-4314-a836-5eb8f54559ec, raftlog=f2627371-a904-4314-a836-5eb8f54559ec@group-73E40DF2990B-SegmentedRaftLog:OPENED:c-1,f-1,i0, conf=-1: [e6a83585-83d0-4616-a3d5-866875ad8a29:192.168.34.32:46159, f2627371-a904-4314-a836-5eb8f54559ec:192.168.34.32:33224, 1b813ef4-47a4-4bfc-8eb5-c34ae440adb1:192.168.34.32:36113], old=null
2019-10-21 19:13:25,143 [f2627371-a904-4314-a836-5eb8f54559ec@group-73E40DF2990B-LeaderElection325] INFO  impl.RaftServerImpl (RaftServerImpl.java:setRole(184)) - f2627371-a904-4314-a836-5eb8f54559ec@group-73E40DF2990B: changes role from CANDIDATE to FOLLOWER at term 362 for DISCOVERED_A_NEW_TERM
2019-10-21 19:13:25,143 [f2627371-a904-4314-a836-5eb8f54559ec@group-73E40DF2990B-LeaderElection325] INFO  impl.RoleInfo (RoleInfo.java:shutdownLeaderElection(134)) - f2627371-a904-4314-a836-5eb8f54559ec: shutdown LeaderElection
2019-10-21 19:13:25,143 [f2627371-a904-4314-a836-5eb8f54559ec@group-73E40DF2990B-LeaderElection325] INFO  impl.RoleInfo (RoleInfo.java:updateAndGet(143)) - f2627371-a904-4314-a836-5eb8f54559ec: start FollowerState
2019-10-21 19:13:25,248 [Thread-2422] INFO  impl.FollowerState (FollowerState.java:run(108)) - f2627371-a904-4314-a836-5eb8f54559ec@group-73E40DF2990B-FollowerState: change to CANDIDATE, lastRpcTime:104ms, electionTimeout:104ms
2019-10-21 19:13:25,248 [Thread-2422] INFO  impl.RoleInfo (RoleInfo.java:shutdownFollowerState(121)) - f2627371-a904-4314-a836-5eb8f54559ec: shutdown FollowerState
2019-10-21 19:13:25,248 [Thread-2422] INFO  impl.RaftServerImpl (RaftServerImpl.java:setRole(184)) - f2627371-a904-4314-a836-5eb8f54559ec@group-73E40DF2990B: changes role from  FOLLOWER to CANDIDATE at term 362 for changeToCandidate
2019-10-21 19:13:25,248 [Thread-2422] INFO  impl.RoleInfo (RoleInfo.java:updateAndGet(143)) - f2627371-a904-4314-a836-5eb8f54559ec: start LeaderElection
2019-10-21 19:13:25,263 [f2627371-a904-4314-a836-5eb8f54559ec@group-73E40DF2990B-LeaderElection326] INFO  impl.LeaderElection (LeaderElection.java:askForVotes(178)) - f2627371-a904-4314-a836-5eb8f54559ec@group-73E40DF2990B-LeaderElection326: begin an election at term 363 for -1: [e6a83585-83d0-4616-a3d5-866875ad8a29:192.168.34.32:46159, f2627371-a904-4314-a836-5eb8f54559ec:192.168.34.32:33224, 1b813ef4-47a4-4bfc-8eb5-c34ae440adb1:192.168.34.32:36113], old=null
2019-10-21 19:13:25,264 [grpc-default-executor-5] INFO  impl.RaftServerImpl (RaftServerImpl.java:setRole(184)) - e6a83585-83d0-4616-a3d5-866875ad8a29@group-73E40DF2990B: changes role from  FOLLOWER to FOLLOWER at term 363 for recognizeCandidate:f2627371-a904-4314-a836-5eb8f54559ec
2019-10-21 19:13:25,265 [grpc-default-executor-2] INFO  impl.RaftServerImpl (RaftServerImpl.java:setRole(184)) - 1b813ef4-47a4-4bfc-8eb5-c34ae440adb1@group-73E40DF2990B: changes role from  FOLLOWER to FOLLOWER at term 363 for recognizeCandidate:f2627371-a904-4314-a836-5eb8f54559ec
2019-10-21 19:13:25,265 [grpc-default-executor-2] INFO  impl.RoleInfo (RoleInfo.java:shutdownFollowerState(121)) - 1b813ef4-47a4-4bfc-8eb5-c34ae440adb1: shutdown FollowerState
2019-10-21 19:13:25,265 [grpc-default-executor-5] INFO  impl.RoleInfo (RoleInfo.java:shutdownFollowerState(121)) - e6a83585-83d0-4616-a3d5-866875ad8a29: shutdown FollowerState
2019-10-21 19:13:25,265 [grpc-default-executor-2] INFO  impl.RoleInfo (RoleInfo.java:updateAndGet(143)) - 1b813ef4-47a4-4bfc-8eb5-c34ae440adb1: start FollowerState
2019-10-21 19:13:25,265 [Thread-2420] INFO  impl.FollowerState (FollowerState.java:run(117)) - 1b813ef4-47a4-4bfc-8eb5-c34ae440adb1@group-73E40DF2990B-FollowerState was interrupted: java.lang.InterruptedException: sleep interrupted
2019-10-21 19:13:25,265 [Thread-2421] INFO  impl.FollowerState (FollowerState.java:run(117)) - e6a83585-83d0-4616-a3d5-866875ad8a29@group-73E40DF2990B-FollowerState was interrupted: java.lang.InterruptedException: sleep interrupted
2019-10-21 19:13:25,265 [grpc-default-executor-5] INFO  impl.RoleInfo (RoleInfo.java:updateAndGet(143)) - e6a83585-83d0-4616-a3d5-866875ad8a29: start FollowerState
2019-10-21 19:13:25,280 [f2627371-a904-4314-a836-5eb8f54559ec@group-73E40DF2990B-LeaderElection326] INFO  impl.LeaderElection (LeaderElection.java:logAndReturn(56)) - f2627371-a904-4314-a836-5eb8f54559ec@group-73E40DF2990B-LeaderElection326: Election REJECTED; received 2 response(s) [f2627371-a904-4314-a836-5eb8f54559ec<-e6a83585-83d0-4616-a3d5-866875ad8a29#0:FAIL-t363, f2627371-a904-4314-a836-5eb8f54559ec<-1b813ef4-47a4-4bfc-8eb5-c34ae440adb1#0:FAIL-t363] and 0 exception(s); f2627371-a904-4314-a836-5eb8f54559ec@group-73E40DF2990B:t363, leader=null, voted=f2627371-a904-4314-a836-5eb8f54559ec, raftlog=f2627371-a904-4314-a836-5eb8f54559ec@group-73E40DF2990B-SegmentedRaftLog:OPENED:c-1,f-1,i0, conf=-1: [e6a83585-83d0-4616-a3d5-866875ad8a29:192.168.34.32:46159, f2627371-a904-4314-a836-5eb8f54559ec:192.168.34.32:33224, 1b813ef4-47a4-4bfc-8eb5-c34ae440adb1:192.168.34.32:36113], old=null
2019-10-21 19:13:25,280 [f2627371-a904-4314-a836-5eb8f54559ec@group-73E40DF2990B-LeaderElection326] INFO  impl.RaftServerImpl (RaftServerImpl.java:setRole(184)) - f2627371-a904-4314-a836-5eb8f54559ec@group-73E40DF2990B: changes role from CANDIDATE to FOLLOWER at term 363 for DISCOVERED_A_NEW_TERM
2019-10-21 19:13:25,280 [f2627371-a904-4314-a836-5eb8f54559ec@group-73E40DF2990B-LeaderElection326] INFO  impl.RoleInfo (RoleInfo.java:shutdownLeaderElection(134)) - f2627371-a904-4314-a836-5eb8f54559ec: shutdown LeaderElection
2019-10-21 19:13:25,280 [f2627371-a904-4314-a836-5eb8f54559ec@group-73E40DF2990B-LeaderElection326] INFO  impl.RoleInfo (RoleInfo.java:updateAndGet(143)) - f2627371-a904-4314-a836-5eb8f54559ec: start FollowerState
2019-10-21 19:13:25,410 [Thread-2428] INFO  impl.FollowerState (FollowerState.java:run(108)) - f2627371-a904-4314-a836-5eb8f54559ec@group-73E40DF2990B-FollowerState: change to CANDIDATE, lastRpcTime:129ms, electionTimeout:129ms
2019-10-21 19:13:25,410 [Thread-2428] INFO  impl.RoleInfo (RoleInfo.java:shutdownFollowerState(121)) - f2627371-a904-4314-a836-5eb8f54559ec: shutdown FollowerState
2019-10-21 19:13:25,410 [Thread-2428] INFO  impl.RaftServerImpl (RaftServerImpl.java:setRole(184)) - f2627371-a904-4314-a836-5eb8f54559ec@group-73E40DF2990B: changes role from  FOLLOWER to CANDIDATE at term 363 for changeToCandidate
2019-10-21 19:13:25,411 [Thread-2428] INFO  impl.RoleInfo (RoleInfo.java:updateAndGet(143)) - f2627371-a904-4314-a836-5eb8f54559ec: start LeaderElection
2019-10-21 19:13:25,426 [f2627371-a904-4314-a836-5eb8f54559ec@group-73E40DF2990B-LeaderElection327] INFO  impl.LeaderElection (LeaderElection.java:askForVotes(178)) - f2627371-a904-4314-a836-5eb8f54559ec@group-73E40DF2990B-LeaderElection327: begin an election at term 364 for -1: [e6a83585-83d0-4616-a3d5-866875ad8a29:192.168.34.32:46159, f2627371-a904-4314-a836-5eb8f54559ec:192.168.34.32:33224, 1b813ef4-47a4-4bfc-8eb5-c34ae440adb1:192.168.34.32:36113], old=null
2019-10-21 19:13:25,428 [grpc-default-executor-5] INFO  impl.RaftServerImpl (RaftServerImpl.java:setRole(184)) - e6a83585-83d0-4616-a3d5-866875ad8a29@group-73E40DF2990B: changes role from  FOLLOWER to FOLLOWER at term 364 for recognizeCandidate:f2627371-a904-4314-a836-5eb8f54559ec
2019-10-21 19:13:25,428 [grpc-default-executor-2] INFO  impl.RaftServerImpl (RaftServerImpl.java:setRole(184)) - 1b813ef4-47a4-4bfc-8eb5-c34ae440adb1@group-73E40DF2990B: changes role from  FOLLOWER to FOLLOWER at term 364 for recognizeCandidate:f2627371-a904-4314-a836-5eb8f54559ec
2019-10-21 19:13:25,428 [grpc-default-executor-5] INFO  impl.RoleInfo (RoleInfo.java:shutdownFollowerState(121)) - e6a83585-83d0-4616-a3d5-866875ad8a29: shutdown FollowerState
2019-10-21 19:13:25,428 [grpc-default-executor-2] INFO  impl.RoleInfo (RoleInfo.java:shutdownFollowerState(121)) - 1b813ef4-47a4-4bfc-8eb5-c34ae440adb1: shutdown FollowerState
2019-10-21 19:13:25,428 [Thread-2427] INFO  impl.FollowerState (FollowerState.java:run(117)) - e6a83585-83d0-4616-a3d5-866875ad8a29@group-73E40DF2990B-FollowerState was interrupted: java.lang.InterruptedException: sleep interrupted
2019-10-21 19:13:25,428 [grpc-default-executor-5] INFO  impl.RoleInfo (RoleInfo.java:updateAndGet(143)) - e6a83585-83d0-4616-a3d5-866875ad8a29: start FollowerState
2019-10-21 19:13:25,428 [Thread-2426] INFO  impl.FollowerState (FollowerState.java:run(117)) - 1b813ef4-47a4-4bfc-8eb5-c34ae440adb1@group-73E40DF2990B-FollowerState was interrupted: java.lang.InterruptedException: sleep interrupted
2019-10-21 19:13:25,428 [grpc-default-executor-2] INFO  impl.RoleInfo (RoleInfo.java:updateAndGet(143)) - 1b813ef4-47a4-4bfc-8eb5-c34ae440adb1: start FollowerState
2019-10-21 19:13:25,443 [f2627371-a904-4314-a836-5eb8f54559ec@group-73E40DF2990B-LeaderElection327] INFO  impl.LeaderElection (LeaderElection.java:logAndReturn(56)) - f2627371-a904-4314-a836-5eb8f54559ec@group-73E40DF2990B-LeaderElection327: Election REJECTED; received 2 response(s) [f2627371-a904-4314-a836-5eb8f54559ec<-e6a83585-83d0-4616-a3d5-866875ad8a29#0:FAIL-t364, f2627371-a904-4314-a836-5eb8f54559ec<-1b813ef4-47a4-4bfc-8eb5-c34ae440adb1#0:FAIL-t364] and 0 exception(s); f2627371-a904-4314-a836-5eb8f54559ec@group-73E40DF2990B:t364, leader=null, voted=f2627371-a904-4314-a836-5eb8f54559ec, raftlog=f2627371-a904-4314-a836-5eb8f54559ec@group-73E40DF2990B-SegmentedRaftLog:OPENED:c-1,f-1,i0, conf=-1: [e6a83585-83d0-4616-a3d5-866875ad8a29:192.168.34.32:46159, f2627371-a904-4314-a836-5eb8f54559ec:192.168.34.32:33224, 1b813ef4-47a4-4bfc-8eb5-c34ae440adb1:192.168.34.32:36113], old=null
2019-10-21 19:13:25,443 [f2627371-a904-4314-a836-5eb8f54559ec@group-73E40DF2990B-LeaderElection327] INFO  impl.RaftServerImpl (RaftServerImpl.java:setRole(184)) - f2627371-a904-4314-a836-5eb8f54559ec@group-73E40DF2990B: changes role from CANDIDATE to FOLLOWER at term 364 for DISCOVERED_A_NEW_TERM
2019-10-21 19:13:25,443 [f2627371-a904-4314-a836-5eb8f54559ec@group-73E40DF2990B-LeaderElection327] INFO  impl.RoleInfo (RoleInfo.java:shutdownLeaderElection(134)) - f2627371-a904-4314-a836-5eb8f54559ec: shutdown LeaderElection
2019-10-21 19:13:25,444 [f2627371-a904-4314-a836-5eb8f54559ec@group-73E40DF2990B-LeaderElection327] INFO  impl.RoleInfo (RoleInfo.java:updateAndGet(143)) - f2627371-a904-4314-a836-5eb8f54559ec: start FollowerState
2019-10-21 19:13:25,632 [Thread-2434] INFO  impl.FollowerState (FollowerState.java:run(108)) - f2627371-a904-4314-a836-5eb8f54559ec@group-73E40DF2990B-FollowerState: change to CANDIDATE, lastRpcTime:188ms, electionTimeout:188ms
2019-10-21 19:13:25,632 [Thread-2434] INFO  impl.RoleInfo (RoleInfo.java:shutdownFollowerState(121)) - f2627371-a904-4314-a836-5eb8f54559ec: shutdown FollowerState
2019-10-21 19:13:25,632 [Thread-2434] INFO  impl.RaftServerImpl (RaftServerImpl.java:setRole(184)) - f2627371-a904-4314-a836-5eb8f54559ec@group-73E40DF2990B: changes role from  FOLLOWER to CANDIDATE at term 364 for changeToCandidate
2019-10-21 19:13:25,632 [Thread-2434] INFO  impl.RoleInfo (RoleInfo.java:updateAndGet(143)) - f2627371-a904-4314-a836-5eb8f54559ec: start LeaderElection
2019-10-21 19:13:25,647 [f2627371-a904-4314-a836-5eb8f54559ec@group-73E40DF2990B-LeaderElection328] INFO  impl.LeaderElection (LeaderElection.java:askForVotes(178)) - f2627371-a904-4314-a836-5eb8f54559ec@group-73E40DF2990B-LeaderElection328: begin an election at term 365 for -1: [e6a83585-83d0-4616-a3d5-866875ad8a29:192.168.34.32:46159, f2627371-a904-4314-a836-5eb8f54559ec:192.168.34.32:33224, 1b813ef4-47a4-4bfc-8eb5-c34ae440adb1:192.168.34.32:36113], old=null
2019-10-21 19:13:25,649 [grpc-default-executor-2] INFO  impl.RaftServerImpl (RaftServerImpl.java:setRole(184)) - 1b813ef4-47a4-4bfc-8eb5-c34ae440adb1@group-73E40DF2990B: changes role from  FOLLOWER to FOLLOWER at term 365 for recognizeCandidate:f2627371-a904-4314-a836-5eb8f54559ec
2019-10-21 19:13:25,649 [grpc-default-executor-5] INFO  impl.RaftServerImpl (RaftServerImpl.java:setRole(184)) - e6a83585-83d0-4616-a3d5-866875ad8a29@group-73E40DF2990B: changes role from  FOLLOWER to FOLLOWER at term 365 for recognizeCandidate:f2627371-a904-4314-a836-5eb8f54559ec
2019-10-21 19:13:25,649 [grpc-default-executor-2] INFO  impl.RoleInfo (RoleInfo.java:shutdownFollowerState(121)) - 1b813ef4-47a4-4bfc-8eb5-c34ae440adb1: shutdown FollowerState
2019-10-21 19:13:25,650 [grpc-default-executor-5] INFO  impl.RoleInfo (RoleInfo.java:shutdownFollowerState(121)) - e6a83585-83d0-4616-a3d5-866875ad8a29: shutdown FollowerState
2019-10-21 19:13:25,650 [grpc-default-executor-2] INFO  impl.RoleInfo (RoleInfo.java:updateAndGet(143)) - 1b813ef4-47a4-4bfc-8eb5-c34ae440adb1: start FollowerState
2019-10-21 19:13:25,650 [Thread-2433] INFO  impl.FollowerState (FollowerState.java:run(117)) - 1b813ef4-47a4-4bfc-8eb5-c34ae440adb1@group-73E40DF2990B-FollowerState was interrupted: java.lang.InterruptedException: sleep interrupted
2019-10-21 19:13:25,650 [Thread-2432] INFO  impl.FollowerState (FollowerState.java:run(117)) - e6a83585-83d0-4616-a3d5-866875ad8a29@group-73E40DF2990B-FollowerState was interrupted: java.lang.InterruptedException: sleep interrupted
2019-10-21 19:13:25,650 [grpc-default-executor-5] INFO  impl.RoleInfo (RoleInfo.java:updateAndGet(143)) - e6a83585-83d0-4616-a3d5-866875ad8a29: start FollowerState
2019-10-21 19:13:25,665 [f2627371-a904-4314-a836-5eb8f54559ec@group-73E40DF2990B-LeaderElection328] INFO  impl.LeaderElection (LeaderElection.java:logAndReturn(56)) - f2627371-a904-4314-a836-5eb8f54559ec@group-73E40DF2990B-LeaderElection328: Election REJECTED; received 2 response(s) [f2627371-a904-4314-a836-5eb8f54559ec<-e6a83585-83d0-4616-a3d5-866875ad8a29#0:FAIL-t365, f2627371-a904-4314-a836-5eb8f54559ec<-1b813ef4-47a4-4bfc-8eb5-c34ae440adb1#0:FAIL-t365] and 0 exception(s); f2627371-a904-4314-a836-5eb8f54559ec@group-73E40DF2990B:t365, leader=null, voted=f2627371-a904-4314-a836-5eb8f54559ec, raftlog=f2627371-a904-4314-a836-5eb8f54559ec@group-73E40DF2990B-SegmentedRaftLog:OPENED:c-1,f-1,i0, conf=-1: [e6a83585-83d0-4616-a3d5-866875ad8a29:192.168.34.32:46159, f2627371-a904-4314-a836-5eb8f54559ec:192.168.34.32:33224, 1b813ef4-47a4-4bfc-8eb5-c34ae440adb1:192.168.34.32:36113], old=null
2019-10-21 19:13:25,665 [f2627371-a904-4314-a836-5eb8f54559ec@group-73E40DF2990B-LeaderElection328] INFO  impl.RaftServerImpl (RaftServerImpl.java:setRole(184)) - f2627371-a904-4314-a836-5eb8f54559ec@group-73E40DF2990B: changes role from CANDIDATE to FOLLOWER at term 365 for DISCOVERED_A_NEW_TERM
2019-10-21 19:13:25,665 [f2627371-a904-4314-a836-5eb8f54559ec@group-73E40DF2990B-LeaderElection328] INFO  impl.RoleInfo (RoleInfo.java:shutdownLeaderElection(134)) - f2627371-a904-4314-a836-5eb8f54559ec: shutdown LeaderElection
2019-10-21 19:13:25,665 [f2627371-a904-4314-a836-5eb8f54559ec@group-73E40DF2990B-LeaderElection328] INFO  impl.RoleInfo (RoleInfo.java:updateAndGet(143)) - f2627371-a904-4314-a836-5eb8f54559ec: start FollowerState
2019-10-21 19:13:25,857 [Thread-2440] INFO  impl.FollowerState (FollowerState.java:run(108)) - f2627371-a904-4314-a836-5eb8f54559ec@group-73E40DF2990B-FollowerState: change to CANDIDATE, lastRpcTime:192ms, electionTimeout:192ms
2019-10-21 19:13:25,857 [Thread-2440] INFO  impl.RoleInfo (RoleInfo.java:shutdownFollowerState(121)) - f2627371-a904-4314-a836-5eb8f54559ec: shutdown FollowerState
2019-10-21 19:13:25,858 [Thread-2440] INFO  impl.RaftServerImpl (RaftServerImpl.java:setRole(184)) - f2627371-a904-4314-a836-5eb8f54559ec@group-73E40DF2990B: changes role from  FOLLOWER to CANDIDATE at term 365 for changeToCandidate
2019-10-21 19:13:25,858 [Thread-2440] INFO  impl.RoleInfo (RoleInfo.java:updateAndGet(143)) - f2627371-a904-4314-a836-5eb8f54559ec: start LeaderElection
2019-10-21 19:13:25,873 [f2627371-a904-4314-a836-5eb8f54559ec@group-73E40DF2990B-LeaderElection329] INFO  impl.LeaderElection (LeaderElection.java:askForVotes(178)) - f2627371-a904-4314-a836-5eb8f54559ec@group-73E40DF2990B-LeaderElection329: begin an election at term 366 for -1: [e6a83585-83d0-4616-a3d5-866875ad8a29:192.168.34.32:46159, f2627371-a904-4314-a836-5eb8f54559ec:192.168.34.32:33224, 1b813ef4-47a4-4bfc-8eb5-c34ae440adb1:192.168.34.32:36113], old=null
2019-10-21 19:13:25,875 [grpc-default-executor-5] INFO  impl.RaftServerImpl (RaftServerImpl.java:setRole(184)) - e6a83585-83d0-4616-a3d5-866875ad8a29@group-73E40DF2990B: changes role from  FOLLOWER to FOLLOWER at term 366 for recognizeCandidate:f2627371-a904-4314-a836-5eb8f54559ec
2019-10-21 19:13:25,875 [grpc-default-executor-2] INFO  impl.RaftServerImpl (RaftServerImpl.java:setRole(184)) - 1b813ef4-47a4-4bfc-8eb5-c34ae440adb1@group-73E40DF2990B: changes role from  FOLLOWER to FOLLOWER at term 366 for recognizeCandidate:f2627371-a904-4314-a836-5eb8f54559ec
2019-10-21 19:13:25,875 [grpc-default-executor-5] INFO  impl.RoleInfo (RoleInfo.java:shutdownFollowerState(121)) - e6a83585-83d0-4616-a3d5-866875ad8a29: shutdown FollowerState
2019-10-21 19:13:25,875 [grpc-default-executor-2] INFO  impl.RoleInfo (RoleInfo.java:shutdownFollowerState(121)) - 1b813ef4-47a4-4bfc-8eb5-c34ae440adb1: shutdown FollowerState
2019-10-21 19:13:25,875 [grpc-default-executor-5] INFO  impl.RoleInfo (RoleInfo.java:updateAndGet(143)) - e6a83585-83d0-4616-a3d5-866875ad8a29: start FollowerState
2019-10-21 19:13:25,875 [Thread-2438] INFO  impl.FollowerState (FollowerState.java:run(117)) - 1b813ef4-47a4-4bfc-8eb5-c34ae440adb1@group-73E40DF2990B-FollowerState was interrupted: java.lang.InterruptedException: sleep interrupted
2019-10-21 19:13:25,875 [grpc-default-executor-2] INFO  impl.RoleInfo (RoleInfo.java:updateAndGet(143)) - 1b813ef4-47a4-4bfc-8eb5-c34ae440adb1: start FollowerState
2019-10-21 19:13:25,875 [Thread-2439] INFO  impl.FollowerState (FollowerState.java:run(117)) - e6a83585-83d0-4616-a3d5-866875ad8a29@group-73E40DF2990B-FollowerState was interrupted: java.lang.InterruptedException: sleep interrupted
2019-10-21 19:13:25,899 [f2627371-a904-4314-a836-5eb8f54559ec@group-73E40DF2990B-LeaderElection329] INFO  impl.LeaderElection (LeaderElection.java:logAndReturn(56)) - f2627371-a904-4314-a836-5eb8f54559ec@group-73E40DF2990B-LeaderElection329: Election REJECTED; received 2 response(s) [f2627371-a904-4314-a836-5eb8f54559ec<-e6a83585-83d0-4616-a3d5-866875ad8a29#0:FAIL-t366, f2627371-a904-4314-a836-5eb8f54559ec<-1b813ef4-47a4-4bfc-8eb5-c34ae440adb1#0:FAIL-t366] and 0 exception(s); f2627371-a904-4314-a836-5eb8f54559ec@group-73E40DF2990B:t366, leader=null, voted=f2627371-a904-4314-a836-5eb8f54559ec, raftlog=f2627371-a904-4314-a836-5eb8f54559ec@group-73E40DF2990B-SegmentedRaftLog:OPENED:c-1,f-1,i0, conf=-1: [e6a83585-83d0-4616-a3d5-866875ad8a29:192.168.34.32:46159, f2627371-a904-4314-a836-5eb8f54559ec:192.168.34.32:33224, 1b813ef4-47a4-4bfc-8eb5-c34ae440adb1:192.168.34.32:36113], old=null
2019-10-21 19:13:25,899 [f2627371-a904-4314-a836-5eb8f54559ec@group-73E40DF2990B-LeaderElection329] INFO  impl.RaftServerImpl (RaftServerImpl.java:setRole(184)) - f2627371-a904-4314-a836-5eb8f54559ec@group-73E40DF2990B: changes role from CANDIDATE to FOLLOWER at term 366 for DISCOVERED_A_NEW_TERM
2019-10-21 19:13:25,899 [f2627371-a904-4314-a836-5eb8f54559ec@group-73E40DF2990B-LeaderElection329] INFO  impl.RoleInfo (RoleInfo.java:shutdownLeaderElection(134)) - f2627371-a904-4314-a836-5eb8f54559ec: shutdown LeaderElection
2019-10-21 19:13:25,899 [f2627371-a904-4314-a836-5eb8f54559ec@group-73E40DF2990B-LeaderElection329] INFO  impl.RoleInfo (RoleInfo.java:updateAndGet(143)) - f2627371-a904-4314-a836-5eb8f54559ec: start FollowerState
2019-10-21 19:13:26,083 [Thread-2448] INFO  impl.FollowerState (FollowerState.java:run(108)) - f2627371-a904-4314-a836-5eb8f54559ec@group-73E40DF2990B-FollowerState: change to CANDIDATE, lastRpcTime:183ms, electionTimeout:183ms
2019-10-21 19:13:26,083 [Thread-2448] INFO  impl.RoleInfo (RoleInfo.java:shutdownFollowerState(121)) - f2627371-a904-4314-a836-5eb8f54559ec: shutdown FollowerState
2019-10-21 19:13:26,083 [Thread-2448] INFO  impl.RaftServerImpl (RaftServerImpl.java:setRole(184)) - f2627371-a904-4314-a836-5eb8f54559ec@group-73E40DF2990B: changes role from  FOLLOWER to CANDIDATE at term 366 for changeToCandidate
2019-10-21 19:13:26,083 [Thread-2448] INFO  impl.RoleInfo (RoleInfo.java:updateAndGet(143)) - f2627371-a904-4314-a836-5eb8f54559ec: start LeaderElection
2019-10-21 19:13:26,100 [f2627371-a904-4314-a836-5eb8f54559ec@group-73E40DF2990B-LeaderElection330] INFO  impl.LeaderElection (LeaderElection.java:askForVotes(178)) - f2627371-a904-4314-a836-5eb8f54559ec@group-73E40DF2990B-LeaderElection330: begin an election at term 367 for -1: [e6a83585-83d0-4616-a3d5-866875ad8a29:192.168.34.32:46159, f2627371-a904-4314-a836-5eb8f54559ec:192.168.34.32:33224, 1b813ef4-47a4-4bfc-8eb5-c34ae440adb1:192.168.34.32:36113], old=null
2019-10-21 19:13:26,101 [grpc-default-executor-5] INFO  impl.RaftServerImpl (RaftServerImpl.java:setRole(184)) - e6a83585-83d0-4616-a3d5-866875ad8a29@group-73E40DF2990B: changes role from  FOLLOWER to FOLLOWER at term 367 for recognizeCandidate:f2627371-a904-4314-a836-5eb8f54559ec
2019-10-21 19:13:26,101 [grpc-default-executor-2] INFO  impl.RaftServerImpl (RaftServerImpl.java:setRole(184)) - 1b813ef4-47a4-4bfc-8eb5-c34ae440adb1@group-73E40DF2990B: changes role from  FOLLOWER to FOLLOWER at term 367 for recognizeCandidate:f2627371-a904-4314-a836-5eb8f54559ec
2019-10-21 19:13:26,102 [grpc-default-executor-2] INFO  impl.RoleInfo (RoleInfo.java:shutdownFollowerState(121)) - 1b813ef4-47a4-4bfc-8eb5-c34ae440adb1: shutdown FollowerState
2019-10-21 19:13:26,101 [grpc-default-executor-5] INFO  impl.RoleInfo (RoleInfo.java:shutdownFollowerState(121)) - e6a83585-83d0-4616-a3d5-866875ad8a29: shutdown FollowerState
2019-10-21 19:13:26,102 [Thread-2447] INFO  impl.FollowerState (FollowerState.java:run(117)) - 1b813ef4-47a4-4bfc-8eb5-c34ae440adb1@group-73E40DF2990B-FollowerState was interrupted: java.lang.InterruptedException: sleep interrupted
2019-10-21 19:13:26,102 [Thread-2446] INFO  impl.FollowerState (FollowerState.java:run(117)) - e6a83585-83d0-4616-a3d5-866875ad8a29@group-73E40DF2990B-FollowerState was interrupted: java.lang.InterruptedException: sleep interrupted
2019-10-21 19:13:26,102 [grpc-default-executor-2] INFO  impl.RoleInfo (RoleInfo.java:updateAndGet(143)) - 1b813ef4-47a4-4bfc-8eb5-c34ae440adb1: start FollowerState
2019-10-21 19:13:26,102 [grpc-default-executor-5] INFO  impl.RoleInfo (RoleInfo.java:updateAndGet(143)) - e6a83585-83d0-4616-a3d5-866875ad8a29: start FollowerState
2019-10-21 19:13:26,117 [f2627371-a904-4314-a836-5eb8f54559ec@group-73E40DF2990B-LeaderElection330] INFO  impl.LeaderElection (LeaderElection.java:logAndReturn(56)) - f2627371-a904-4314-a836-5eb8f54559ec@group-73E40DF2990B-LeaderElection330: Election REJECTED; received 2 response(s) [f2627371-a904-4314-a836-5eb8f54559ec<-e6a83585-83d0-4616-a3d5-866875ad8a29#0:FAIL-t367, f2627371-a904-4314-a836-5eb8f54559ec<-1b813ef4-47a4-4bfc-8eb5-c34ae440adb1#0:FAIL-t367] and 0 exception(s); f2627371-a904-4314-a836-5eb8f54559ec@group-73E40DF2990B:t367, leader=null, voted=f2627371-a904-4314-a836-5eb8f54559ec, raftlog=f2627371-a904-4314-a836-5eb8f54559ec@group-73E40DF2990B-SegmentedRaftLog:OPENED:c-1,f-1,i0, conf=-1: [e6a83585-83d0-4616-a3d5-866875ad8a29:192.168.34.32:46159, f2627371-a904-4314-a836-5eb8f54559ec:192.168.34.32:33224, 1b813ef4-47a4-4bfc-8eb5-c34ae440adb1:192.168.34.32:36113], old=null
2019-10-21 19:13:26,117 [f2627371-a904-4314-a836-5eb8f54559ec@group-73E40DF2990B-LeaderElection330] INFO  impl.RaftServerImpl (RaftServerImpl.java:setRole(184)) - f2627371-a904-4314-a836-5eb8f54559ec@group-73E40DF2990B: changes role from CANDIDATE to FOLLOWER at term 367 for DISCOVERED_A_NEW_TERM
2019-10-21 19:13:26,117 [f2627371-a904-4314-a836-5eb8f54559ec@group-73E40DF2990B-LeaderElection330] INFO  impl.RoleInfo (RoleInfo.java:shutdownLeaderElection(134)) - f2627371-a904-4314-a836-5eb8f54559ec: shutdown LeaderElection
2019-10-21 19:13:26,118 [f2627371-a904-4314-a836-5eb8f54559ec@group-73E40DF2990B-LeaderElection330] INFO  impl.RoleInfo (RoleInfo.java:updateAndGet(143)) - f2627371-a904-4314-a836-5eb8f54559ec: start FollowerState
2019-10-21 19:13:26,260 [Thread-2454] INFO  impl.FollowerState (FollowerState.java:run(108)) - f2627371-a904-4314-a836-5eb8f54559ec@group-73E40DF2990B-FollowerState: change to CANDIDATE, lastRpcTime:142ms, electionTimeout:142ms
2019-10-21 19:13:26,260 [Thread-2454] INFO  impl.RoleInfo (RoleInfo.java:shutdownFollowerState(121)) - f2627371-a904-4314-a836-5eb8f54559ec: shutdown FollowerState
2019-10-21 19:13:26,260 [Thread-2454] INFO  impl.RaftServerImpl (RaftServerImpl.java:setRole(184)) - f2627371-a904-4314-a836-5eb8f54559ec@group-73E40DF2990B: changes role from  FOLLOWER to CANDIDATE at term 367 for changeToCandidate
2019-10-21 19:13:26,260 [Thread-2454] INFO  impl.RoleInfo (RoleInfo.java:updateAndGet(143)) - f2627371-a904-4314-a836-5eb8f54559ec: start LeaderElection
2019-10-21 19:13:26,283 [f2627371-a904-4314-a836-5eb8f54559ec@group-73E40DF2990B-LeaderElection331] INFO  impl.LeaderElection (LeaderElection.java:askForVotes(178)) - f2627371-a904-4314-a836-5eb8f54559ec@group-73E40DF2990B-LeaderElection331: begin an election at term 368 for -1: [e6a83585-83d0-4616-a3d5-866875ad8a29:192.168.34.32:46159, f2627371-a904-4314-a836-5eb8f54559ec:192.168.34.32:33224, 1b813ef4-47a4-4bfc-8eb5-c34ae440adb1:192.168.34.32:36113], old=null
2019-10-21 19:13:26,285 [grpc-default-executor-2] INFO  impl.RaftServerImpl (RaftServerImpl.java:setRole(184)) - 1b813ef4-47a4-4bfc-8eb5-c34ae440adb1@group-73E40DF2990B: changes role from  FOLLOWER to FOLLOWER at term 368 for recognizeCandidate:f2627371-a904-4314-a836-5eb8f54559ec
2019-10-21 19:13:26,285 [grpc-default-executor-5] INFO  impl.RaftServerImpl (RaftServerImpl.java:setRole(184)) - e6a83585-83d0-4616-a3d5-866875ad8a29@group-73E40DF2990B: changes role from  FOLLOWER to FOLLOWER at term 368 for recognizeCandidate:f2627371-a904-4314-a836-5eb8f54559ec
2019-10-21 19:13:26,286 [grpc-default-executor-5] INFO  impl.RoleInfo (RoleInfo.java:shutdownFollowerState(121)) - e6a83585-83d0-4616-a3d5-866875ad8a29: shutdown FollowerState
2019-10-21 19:13:26,285 [grpc-default-executor-2] INFO  impl.RoleInfo (RoleInfo.java:shutdownFollowerState(121)) - 1b813ef4-47a4-4bfc-8eb5-c34ae440adb1: shutdown FollowerState
2019-10-21 19:13:26,286 [Thread-2453] INFO  impl.FollowerState (FollowerState.java:run(117)) - e6a83585-83d0-4616-a3d5-866875ad8a29@group-73E40DF2990B-FollowerState was interrupted: java.lang.InterruptedException: sleep interrupted
2019-10-21 19:13:26,286 [grpc-default-executor-5] INFO  impl.RoleInfo (RoleInfo.java:updateAndGet(143)) - e6a83585-83d0-4616-a3d5-866875ad8a29: start FollowerState
2019-10-21 19:13:26,286 [Thread-2452] INFO  impl.FollowerState (FollowerState.java:run(117)) - 1b813ef4-47a4-4bfc-8eb5-c34ae440adb1@group-73E40DF2990B-FollowerState was interrupted: java.lang.InterruptedException: sleep interrupted
2019-10-21 19:13:26,286 [grpc-default-executor-2] INFO  impl.RoleInfo (RoleInfo.java:updateAndGet(143)) - 1b813ef4-47a4-4bfc-8eb5-c34ae440adb1: start FollowerState
2019-10-21 19:13:26,300 [f2627371-a904-4314-a836-5eb8f54559ec@group-73E40DF2990B-LeaderElection331] INFO  impl.LeaderElection (LeaderElection.java:logAndReturn(56)) - f2627371-a904-4314-a836-5eb8f54559ec@group-73E40DF2990B-LeaderElection331: Election REJECTED; received 2 response(s) [f2627371-a904-4314-a836-5eb8f54559ec<-e6a83585-83d0-4616-a3d5-866875ad8a29#0:FAIL-t368, f2627371-a904-4314-a836-5eb8f54559ec<-1b813ef4-47a4-4bfc-8eb5-c34ae440adb1#0:FAIL-t368] and 0 exception(s); f2627371-a904-4314-a836-5eb8f54559ec@group-73E40DF2990B:t368, leader=null, voted=f2627371-a904-4314-a836-5eb8f54559ec, raftlog=f2627371-a904-4314-a836-5eb8f54559ec@group-73E40DF2990B-SegmentedRaftLog:OPENED:c-1,f-1,i0, conf=-1: [e6a83585-83d0-4616-a3d5-866875ad8a29:192.168.34.32:46159, f2627371-a904-4314-a836-5eb8f54559ec:192.168.34.32:33224, 1b813ef4-47a4-4bfc-8eb5-c34ae440adb1:192.168.34.32:36113], old=null
2019-10-21 19:13:26,300 [f2627371-a904-4314-a836-5eb8f54559ec@group-73E40DF2990B-LeaderElection331] INFO  impl.RaftServerImpl (RaftServerImpl.java:setRole(184)) - f2627371-a904-4314-a836-5eb8f54559ec@group-73E40DF2990B: changes role from CANDIDATE to FOLLOWER at term 368 for DISCOVERED_A_NEW_TERM
2019-10-21 19:13:26,300 [f2627371-a904-4314-a836-5eb8f54559ec@group-73E40DF2990B-LeaderElection331] INFO  impl.RoleInfo (RoleInfo.java:shutdownLeaderElection(134)) - f2627371-a904-4314-a836-5eb8f54559ec: shutdown LeaderElection
2019-10-21 19:13:26,301 [f2627371-a904-4314-a836-5eb8f54559ec@group-73E40DF2990B-LeaderElection331] INFO  impl.RoleInfo (RoleInfo.java:updateAndGet(143)) - f2627371-a904-4314-a836-5eb8f54559ec: start FollowerState
2019-10-21 19:13:26,415 [Thread-2460] INFO  impl.FollowerState (FollowerState.java:run(108)) - f2627371-a904-4314-a836-5eb8f54559ec@group-73E40DF2990B-FollowerState: change to CANDIDATE, lastRpcTime:114ms, electionTimeout:114ms
2019-10-21 19:13:26,415 [Thread-2460] INFO  impl.RoleInfo (RoleInfo.java:shutdownFollowerState(121)) - f2627371-a904-4314-a836-5eb8f54559ec: shutdown FollowerState
2019-10-21 19:13:26,415 [Thread-2460] INFO  impl.RaftServerImpl (RaftServerImpl.java:setRole(184)) - f2627371-a904-4314-a836-5eb8f54559ec@group-73E40DF2990B: changes role from  FOLLOWER to CANDIDATE at term 368 for changeToCandidate
2019-10-21 19:13:26,416 [Thread-2460] INFO  impl.RoleInfo (RoleInfo.java:updateAndGet(143)) - f2627371-a904-4314-a836-5eb8f54559ec: start LeaderElection
2019-10-21 19:13:26,444 [f2627371-a904-4314-a836-5eb8f54559ec@group-73E40DF2990B-LeaderElection332] INFO  impl.LeaderElection (LeaderElection.java:askForVotes(178)) - f2627371-a904-4314-a836-5eb8f54559ec@group-73E40DF2990B-LeaderElection332: begin an election at term 369 for -1: [e6a83585-83d0-4616-a3d5-866875ad8a29:192.168.34.32:46159, f2627371-a904-4314-a836-5eb8f54559ec:192.168.34.32:33224, 1b813ef4-47a4-4bfc-8eb5-c34ae440adb1:192.168.34.32:36113], old=null
2019-10-21 19:13:26,446 [grpc-default-executor-5] INFO  impl.RaftServerImpl (RaftServerImpl.java:setRole(184)) - e6a83585-83d0-4616-a3d5-866875ad8a29@group-73E40DF2990B: changes role from  FOLLOWER to FOLLOWER at term 369 for recognizeCandidate:f2627371-a904-4314-a836-5eb8f54559ec
2019-10-21 19:13:26,446 [grpc-default-executor-5] INFO  impl.RoleInfo (RoleInfo.java:shutdownFollowerState(121)) - e6a83585-83d0-4616-a3d5-866875ad8a29: shutdown FollowerState
2019-10-21 19:13:26,446 [grpc-default-executor-2] INFO  impl.RaftServerImpl (RaftServerImpl.java:setRole(184)) - 1b813ef4-47a4-4bfc-8eb5-c34ae440adb1@group-73E40DF2990B: changes role from  FOLLOWER to FOLLOWER at term 369 for recognizeCandidate:f2627371-a904-4314-a836-5eb8f54559ec
2019-10-21 19:13:26,447 [grpc-default-executor-2] INFO  impl.RoleInfo (RoleInfo.java:shutdownFollowerState(121)) - 1b813ef4-47a4-4bfc-8eb5-c34ae440adb1: shutdown FollowerState
2019-10-21 19:13:26,446 [Thread-2458] INFO  impl.FollowerState (FollowerState.java:run(117)) - e6a83585-83d0-4616-a3d5-866875ad8a29@group-73E40DF2990B-FollowerState was interrupted: java.lang.InterruptedException: sleep interrupted
2019-10-21 19:13:26,446 [grpc-default-executor-5] INFO  impl.RoleInfo (RoleInfo.java:updateAndGet(143)) - e6a83585-83d0-4616-a3d5-866875ad8a29: start FollowerState
2019-10-21 19:13:26,447 [Thread-2459] INFO  impl.FollowerState (FollowerState.java:run(117)) - 1b813ef4-47a4-4bfc-8eb5-c34ae440adb1@group-73E40DF2990B-FollowerState was interrupted: java.lang.InterruptedException: sleep interrupted
2019-10-21 19:13:26,447 [grpc-default-executor-2] INFO  impl.RoleInfo (RoleInfo.java:updateAndGet(143)) - 1b813ef4-47a4-4bfc-8eb5-c34ae440adb1: start FollowerState
2019-10-21 19:13:26,462 [f2627371-a904-4314-a836-5eb8f54559ec@group-73E40DF2990B-LeaderElection332] INFO  impl.LeaderElection (LeaderElection.java:logAndReturn(56)) - f2627371-a904-4314-a836-5eb8f54559ec@group-73E40DF2990B-LeaderElection332: Election REJECTED; received 2 response(s) [f2627371-a904-4314-a836-5eb8f54559ec<-e6a83585-83d0-4616-a3d5-866875ad8a29#0:FAIL-t369, f2627371-a904-4314-a836-5eb8f54559ec<-1b813ef4-47a4-4bfc-8eb5-c34ae440adb1#0:FAIL-t369] and 0 exception(s); f2627371-a904-4314-a836-5eb8f54559ec@group-73E40DF2990B:t369, leader=null, voted=f2627371-a904-4314-a836-5eb8f54559ec, raftlog=f2627371-a904-4314-a836-5eb8f54559ec@group-73E40DF2990B-SegmentedRaftLog:OPENED:c-1,f-1,i0, conf=-1: [e6a83585-83d0-4616-a3d5-866875ad8a29:192.168.34.32:46159, f2627371-a904-4314-a836-5eb8f54559ec:192.168.34.32:33224, 1b813ef4-47a4-4bfc-8eb5-c34ae440adb1:192.168.34.32:36113], old=null
2019-10-21 19:13:26,462 [f2627371-a904-4314-a836-5eb8f54559ec@group-73E40DF2990B-LeaderElection332] INFO  impl.RaftServerImpl (RaftServerImpl.java:setRole(184)) - f2627371-a904-4314-a836-5eb8f54559ec@group-73E40DF2990B: changes role from CANDIDATE to FOLLOWER at term 369 for DISCOVERED_A_NEW_TERM
2019-10-21 19:13:26,462 [f2627371-a904-4314-a836-5eb8f54559ec@group-73E40DF2990B-LeaderElection332] INFO  impl.RoleInfo (RoleInfo.java:shutdownLeaderElection(134)) - f2627371-a904-4314-a836-5eb8f54559ec: shutdown LeaderElection
2019-10-21 19:13:26,462 [f2627371-a904-4314-a836-5eb8f54559ec@group-73E40DF2990B-LeaderElection332] INFO  impl.RoleInfo (RoleInfo.java:updateAndGet(143)) - f2627371-a904-4314-a836-5eb8f54559ec: start FollowerState
2019-10-21 19:13:26,509 [Thread-2466] INFO  impl.FollowerState (FollowerState.java:run(108)) - f2627371-a904-4314-a836-5eb8f54559ec@group-73E40DF2990B-FollowerState: change to CANDIDATE, lastRpcTime:46ms, electionTimeout:46ms
2019-10-21 19:13:26,509 [Thread-2466] INFO  impl.RoleInfo (RoleInfo.java:shutdownFollowerState(121)) - f2627371-a904-4314-a836-5eb8f54559ec: shutdown FollowerState
2019-10-21 19:13:26,509 [Thread-2466] INFO  impl.RaftServerImpl (RaftServerImpl.java:setRole(184)) - f2627371-a904-4314-a836-5eb8f54559ec@group-73E40DF2990B: changes role from  FOLLOWER to CANDIDATE at term 369 for changeToCandidate
2019-10-21 19:13:26,509 [Thread-2466] INFO  impl.RoleInfo (RoleInfo.java:updateAndGet(143)) - f2627371-a904-4314-a836-5eb8f54559ec: start LeaderElection
2019-10-21 19:13:26,524 [f2627371-a904-4314-a836-5eb8f54559ec@group-73E40DF2990B-LeaderElection333] INFO  impl.LeaderElection (LeaderElection.java:askForVotes(178)) - f2627371-a904-4314-a836-5eb8f54559ec@group-73E40DF2990B-LeaderElection333: begin an election at term 370 for -1: [e6a83585-83d0-4616-a3d5-866875ad8a29:192.168.34.32:46159, f2627371-a904-4314-a836-5eb8f54559ec:192.168.34.32:33224, 1b813ef4-47a4-4bfc-8eb5-c34ae440adb1:192.168.34.32:36113], old=null
2019-10-21 19:13:26,526 [grpc-default-executor-5] INFO  impl.RaftServerImpl (RaftServerImpl.java:setRole(184)) - e6a83585-83d0-4616-a3d5-866875ad8a29@group-73E40DF2990B: changes role from  FOLLOWER to FOLLOWER at term 370 for recognizeCandidate:f2627371-a904-4314-a836-5eb8f54559ec
2019-10-21 19:13:26,526 [grpc-default-executor-5] INFO  impl.RoleInfo (RoleInfo.java:shutdownFollowerState(121)) - e6a83585-83d0-4616-a3d5-866875ad8a29: shutdown FollowerState
2019-10-21 19:13:26,527 [grpc-default-executor-2] INFO  impl.RaftServerImpl (RaftServerImpl.java:setRole(184)) - 1b813ef4-47a4-4bfc-8eb5-c34ae440adb1@group-73E40DF2990B: changes role from  FOLLOWER to FOLLOWER at term 370 for recognizeCandidate:f2627371-a904-4314-a836-5eb8f54559ec
2019-10-21 19:13:26,527 [Thread-2464] INFO  impl.FollowerState (FollowerState.java:run(117)) - e6a83585-83d0-4616-a3d5-866875ad8a29@group-73E40DF2990B-FollowerState was interrupted: java.lang.InterruptedException: sleep interrupted
2019-10-21 19:13:26,527 [grpc-default-executor-5] INFO  impl.RoleInfo (RoleInfo.java:updateAndGet(143)) - e6a83585-83d0-4616-a3d5-866875ad8a29: start FollowerState
2019-10-21 19:13:26,527 [grpc-default-executor-2] INFO  impl.RoleInfo (RoleInfo.java:shutdownFollowerState(121)) - 1b813ef4-47a4-4bfc-8eb5-c34ae440adb1: shutdown FollowerState
2019-10-21 19:13:26,527 [Thread-2465] INFO  impl.FollowerState (FollowerState.java:run(117)) - 1b813ef4-47a4-4bfc-8eb5-c34ae440adb1@group-73E40DF2990B-FollowerState was interrupted: java.lang.InterruptedException: sleep interrupted
2019-10-21 19:13:26,527 [grpc-default-executor-2] INFO  impl.RoleInfo (RoleInfo.java:updateAndGet(143)) - 1b813ef4-47a4-4bfc-8eb5-c34ae440adb1: start FollowerState
2019-10-21 19:13:26,542 [f2627371-a904-4314-a836-5eb8f54559ec@group-73E40DF2990B-LeaderElection333] INFO  impl.LeaderElection (LeaderElection.java:logAndReturn(56)) - f2627371-a904-4314-a836-5eb8f54559ec@group-73E40DF2990B-LeaderElection333: Election REJECTED; received 2 response(s) [f2627371-a904-4314-a836-5eb8f54559ec<-e6a83585-83d0-4616-a3d5-866875ad8a29#0:FAIL-t370, f2627371-a904-4314-a836-5eb8f54559ec<-1b813ef4-47a4-4bfc-8eb5-c34ae440adb1#0:FAIL-t370] and 0 exception(s); f2627371-a904-4314-a836-5eb8f54559ec@group-73E40DF2990B:t370, leader=null, voted=f2627371-a904-4314-a836-5eb8f54559ec, raftlog=f2627371-a904-4314-a836-5eb8f54559ec@group-73E40DF2990B-SegmentedRaftLog:OPENED:c-1,f-1,i0, conf=-1: [e6a83585-83d0-4616-a3d5-866875ad8a29:192.168.34.32:46159, f2627371-a904-4314-a836-5eb8f54559ec:192.168.34.32:33224, 1b813ef4-47a4-4bfc-8eb5-c34ae440adb1:192.168.34.32:36113], old=null
2019-10-21 19:13:26,542 [f2627371-a904-4314-a836-5eb8f54559ec@group-73E40DF2990B-LeaderElection333] INFO  impl.RaftServerImpl (RaftServerImpl.java:setRole(184)) - f2627371-a904-4314-a836-5eb8f54559ec@group-73E40DF2990B: changes role from CANDIDATE to FOLLOWER at term 370 for DISCOVERED_A_NEW_TERM
2019-10-21 19:13:26,542 [f2627371-a904-4314-a836-5eb8f54559ec@group-73E40DF2990B-LeaderElection333] INFO  impl.RoleInfo (RoleInfo.java:shutdownLeaderElection(134)) - f2627371-a904-4314-a836-5eb8f54559ec: shutdown LeaderElection
2019-10-21 19:13:26,542 [f2627371-a904-4314-a836-5eb8f54559ec@group-73E40DF2990B-LeaderElection333] INFO  impl.RoleInfo (RoleInfo.java:updateAndGet(143)) - f2627371-a904-4314-a836-5eb8f54559ec: start FollowerState
2019-10-21 19:13:26,575 [Thread-2472] INFO  impl.FollowerState (FollowerState.java:run(108)) - f2627371-a904-4314-a836-5eb8f54559ec@group-73E40DF2990B-FollowerState: change to CANDIDATE, lastRpcTime:32ms, electionTimeout:32ms
2019-10-21 19:13:26,575 [Thread-2472] INFO  impl.RoleInfo (RoleInfo.java:shutdownFollowerState(121)) - f2627371-a904-4314-a836-5eb8f54559ec: shutdown FollowerState
2019-10-21 19:13:26,575 [Thread-2472] INFO  impl.RaftServerImpl (RaftServerImpl.java:setRole(184)) - f2627371-a904-4314-a836-5eb8f54559ec@group-73E40DF2990B: changes role from  FOLLOWER to CANDIDATE at term 370 for changeToCandidate
2019-10-21 19:13:26,575 [Thread-2472] INFO  impl.RoleInfo (RoleInfo.java:updateAndGet(143)) - f2627371-a904-4314-a836-5eb8f54559ec: start LeaderElection
2019-10-21 19:13:26,589 [f2627371-a904-4314-a836-5eb8f54559ec@group-73E40DF2990B-LeaderElection334] INFO  impl.LeaderElection (LeaderElection.java:askForVotes(178)) - f2627371-a904-4314-a836-5eb8f54559ec@group-73E40DF2990B-LeaderElection334: begin an election at term 371 for -1: [e6a83585-83d0-4616-a3d5-866875ad8a29:192.168.34.32:46159, f2627371-a904-4314-a836-5eb8f54559ec:192.168.34.32:33224, 1b813ef4-47a4-4bfc-8eb5-c34ae440adb1:192.168.34.32:36113], old=null
2019-10-21 19:13:26,592 [grpc-default-executor-5] INFO  impl.RaftServerImpl (RaftServerImpl.java:setRole(184)) - e6a83585-83d0-4616-a3d5-866875ad8a29@group-73E40DF2990B: changes role from  FOLLOWER to FOLLOWER at term 371 for recognizeCandidate:f2627371-a904-4314-a836-5eb8f54559ec
2019-10-21 19:13:26,592 [grpc-default-executor-2] INFO  impl.RaftServerImpl (RaftServerImpl.java:setRole(184)) - 1b813ef4-47a4-4bfc-8eb5-c34ae440adb1@group-73E40DF2990B: changes role from  FOLLOWER to FOLLOWER at term 371 for recognizeCandidate:f2627371-a904-4314-a836-5eb8f54559ec
2019-10-21 19:13:26,592 [grpc-default-executor-5] INFO  impl.RoleInfo (RoleInfo.java:shutdownFollowerState(121)) - e6a83585-83d0-4616-a3d5-866875ad8a29: shutdown FollowerState
2019-10-21 19:13:26,592 [grpc-default-executor-2] INFO  impl.RoleInfo (RoleInfo.java:shutdownFollowerState(121)) - 1b813ef4-47a4-4bfc-8eb5-c34ae440adb1: shutdown FollowerState
2019-10-21 19:13:26,592 [grpc-default-executor-5] INFO  impl.RoleInfo (RoleInfo.java:updateAndGet(143)) - e6a83585-83d0-4616-a3d5-866875ad8a29: start FollowerState
2019-10-21 19:13:26,593 [Thread-2471] INFO  impl.FollowerState (FollowerState.java:run(117)) - 1b813ef4-47a4-4bfc-8eb5-c34ae440adb1@group-73E40DF2990B-FollowerState was interrupted: java.lang.InterruptedException: sleep interrupted
2019-10-21 19:13:26,592 [Thread-2470] INFO  impl.FollowerState (FollowerState.java:run(117)) - e6a83585-83d0-4616-a3d5-866875ad8a29@group-73E40DF2990B-FollowerState was interrupted: java.lang.InterruptedException: sleep interrupted
2019-10-21 19:13:26,592 [grpc-default-executor-2] INFO  impl.RoleInfo (RoleInfo.java:updateAndGet(143)) - 1b813ef4-47a4-4bfc-8eb5-c34ae440adb1: start FollowerState
2019-10-21 19:13:26,613 [f2627371-a904-4314-a836-5eb8f54559ec@group-73E40DF2990B-LeaderElection334] INFO  impl.LeaderElection (LeaderElection.java:logAndReturn(56)) - f2627371-a904-4314-a836-5eb8f54559ec@group-73E40DF2990B-LeaderElection334: Election REJECTED; received 2 response(s) [f2627371-a904-4314-a836-5eb8f54559ec<-e6a83585-83d0-4616-a3d5-866875ad8a29#0:FAIL-t371, f2627371-a904-4314-a836-5eb8f54559ec<-1b813ef4-47a4-4bfc-8eb5-c34ae440adb1#0:FAIL-t371] and 0 exception(s); f2627371-a904-4314-a836-5eb8f54559ec@group-73E40DF2990B:t371, leader=null, voted=f2627371-a904-4314-a836-5eb8f54559ec, raftlog=f2627371-a904-4314-a836-5eb8f54559ec@group-73E40DF2990B-SegmentedRaftLog:OPENED:c-1,f-1,i0, conf=-1: [e6a83585-83d0-4616-a3d5-866875ad8a29:192.168.34.32:46159, f2627371-a904-4314-a836-5eb8f54559ec:192.168.34.32:33224, 1b813ef4-47a4-4bfc-8eb5-c34ae440adb1:192.168.34.32:36113], old=null
2019-10-21 19:13:26,613 [f2627371-a904-4314-a836-5eb8f54559ec@group-73E40DF2990B-LeaderElection334] INFO  impl.RaftServerImpl (RaftServerImpl.java:setRole(184)) - f2627371-a904-4314-a836-5eb8f54559ec@group-73E40DF2990B: changes role from CANDIDATE to FOLLOWER at term 371 for DISCOVERED_A_NEW_TERM
2019-10-21 19:13:26,614 [f2627371-a904-4314-a836-5eb8f54559ec@group-73E40DF2990B-LeaderElection334] INFO  impl.RoleInfo (RoleInfo.java:shutdownLeaderElection(134)) - f2627371-a904-4314-a836-5eb8f54559ec: shutdown LeaderElection
2019-10-21 19:13:26,614 [f2627371-a904-4314-a836-5eb8f54559ec@group-73E40DF2990B-LeaderElection334] INFO  impl.RoleInfo (RoleInfo.java:updateAndGet(143)) - f2627371-a904-4314-a836-5eb8f54559ec: start FollowerState
2019-10-21 19:13:26,638 [Thread-2478] INFO  impl.FollowerState (FollowerState.java:run(108)) - f2627371-a904-4314-a836-5eb8f54559ec@group-73E40DF2990B-FollowerState: change to CANDIDATE, lastRpcTime:24ms, electionTimeout:24ms
2019-10-21 19:13:26,638 [Thread-2478] INFO  impl.RoleInfo (RoleInfo.java:shutdownFollowerState(121)) - f2627371-a904-4314-a836-5eb8f54559ec: shutdown FollowerState
2019-10-21 19:13:26,638 [Thread-2478] INFO  impl.RaftServerImpl (RaftServerImpl.java:setRole(184)) - f2627371-a904-4314-a836-5eb8f54559ec@group-73E40DF2990B: changes role from  FOLLOWER to CANDIDATE at term 371 for changeToCandidate
2019-10-21 19:13:26,638 [Thread-2478] INFO  impl.RoleInfo (RoleInfo.java:updateAndGet(143)) - f2627371-a904-4314-a836-5eb8f54559ec: start LeaderElection
2019-10-21 19:13:26,654 [f2627371-a904-4314-a836-5eb8f54559ec@group-73E40DF2990B-LeaderElection335] INFO  impl.LeaderElection (LeaderElection.java:askForVotes(178)) - f2627371-a904-4314-a836-5eb8f54559ec@group-73E40DF2990B-LeaderElection335: begin an election at term 372 for -1: [e6a83585-83d0-4616-a3d5-866875ad8a29:192.168.34.32:46159, f2627371-a904-4314-a836-5eb8f54559ec:192.168.34.32:33224, 1b813ef4-47a4-4bfc-8eb5-c34ae440adb1:192.168.34.32:36113], old=null
2019-10-21 19:13:26,656 [grpc-default-executor-5] INFO  impl.RaftServerImpl (RaftServerImpl.java:setRole(184)) - e6a83585-83d0-4616-a3d5-866875ad8a29@group-73E40DF2990B: changes role from  FOLLOWER to FOLLOWER at term 372 for recognizeCandidate:f2627371-a904-4314-a836-5eb8f54559ec
2019-10-21 19:13:26,656 [grpc-default-executor-2] INFO  impl.RaftServerImpl (RaftServerImpl.java:setRole(184)) - 1b813ef4-47a4-4bfc-8eb5-c34ae440adb1@group-73E40DF2990B: changes role from  FOLLOWER to FOLLOWER at term 372 for recognizeCandidate:f2627371-a904-4314-a836-5eb8f54559ec
2019-10-21 19:13:26,656 [grpc-default-executor-5] INFO  impl.RoleInfo (RoleInfo.java:shutdownFollowerState(121)) - e6a83585-83d0-4616-a3d5-866875ad8a29: shutdown FollowerState
2019-10-21 19:13:26,656 [grpc-default-executor-2] INFO  impl.RoleInfo (RoleInfo.java:shutdownFollowerState(121)) - 1b813ef4-47a4-4bfc-8eb5-c34ae440adb1: shutdown FollowerState
2019-10-21 19:13:26,657 [grpc-default-executor-5] INFO  impl.RoleInfo (RoleInfo.java:updateAndGet(143)) - e6a83585-83d0-4616-a3d5-866875ad8a29: start FollowerState
2019-10-21 19:13:26,657 [Thread-2476] INFO  impl.FollowerState (FollowerState.java:run(117)) - e6a83585-83d0-4616-a3d5-866875ad8a29@group-73E40DF2990B-FollowerState was interrupted: java.lang.InterruptedException: sleep interrupted
2019-10-21 19:13:26,657 [grpc-default-executor-2] INFO  impl.RoleInfo (RoleInfo.java:updateAndGet(143)) - 1b813ef4-47a4-4bfc-8eb5-c34ae440adb1: start FollowerState
2019-10-21 19:13:26,657 [Thread-2477] INFO  impl.FollowerState (FollowerState.java:run(117)) - 1b813ef4-47a4-4bfc-8eb5-c34ae440adb1@group-73E40DF2990B-FollowerState was interrupted: java.lang.InterruptedException: sleep interrupted
2019-10-21 19:13:26,672 [f2627371-a904-4314-a836-5eb8f54559ec@group-73E40DF2990B-LeaderElection335] INFO  impl.LeaderElection (LeaderElection.java:logAndReturn(56)) - f2627371-a904-4314-a836-5eb8f54559ec@group-73E40DF2990B-LeaderElection335: Election REJECTED; received 2 response(s) [f2627371-a904-4314-a836-5eb8f54559ec<-e6a83585-83d0-4616-a3d5-866875ad8a29#0:FAIL-t372, f2627371-a904-4314-a836-5eb8f54559ec<-1b813ef4-47a4-4bfc-8eb5-c34ae440adb1#0:FAIL-t372] and 0 exception(s); f2627371-a904-4314-a836-5eb8f54559ec@group-73E40DF2990B:t372, leader=null, voted=f2627371-a904-4314-a836-5eb8f54559ec, raftlog=f2627371-a904-4314-a836-5eb8f54559ec@group-73E40DF2990B-SegmentedRaftLog:OPENED:c-1,f-1,i0, conf=-1: [e6a83585-83d0-4616-a3d5-866875ad8a29:192.168.34.32:46159, f2627371-a904-4314-a836-5eb8f54559ec:192.168.34.32:33224, 1b813ef4-47a4-4bfc-8eb5-c34ae440adb1:192.168.34.32:36113], old=null
2019-10-21 19:13:26,672 [f2627371-a904-4314-a836-5eb8f54559ec@group-73E40DF2990B-LeaderElection335] INFO  impl.RaftServerImpl (RaftServerImpl.java:setRole(184)) - f2627371-a904-4314-a836-5eb8f54559ec@group-73E40DF2990B: changes role from CANDIDATE to FOLLOWER at term 372 for DISCOVERED_A_NEW_TERM
2019-10-21 19:13:26,672 [f2627371-a904-4314-a836-5eb8f54559ec@group-73E40DF2990B-LeaderElection335] INFO  impl.RoleInfo (RoleInfo.java:shutdownLeaderElection(134)) - f2627371-a904-4314-a836-5eb8f54559ec: shutdown LeaderElection
2019-10-21 19:13:26,672 [f2627371-a904-4314-a836-5eb8f54559ec@group-73E40DF2990B-LeaderElection335] INFO  impl.RoleInfo (RoleInfo.java:updateAndGet(143)) - f2627371-a904-4314-a836-5eb8f54559ec: start FollowerState
2019-10-21 19:13:26,710 [Thread-2484] INFO  impl.FollowerState (FollowerState.java:run(108)) - f2627371-a904-4314-a836-5eb8f54559ec@group-73E40DF2990B-FollowerState: change to CANDIDATE, lastRpcTime:38ms, electionTimeout:38ms
2019-10-21 19:13:26,711 [Thread-2484] INFO  impl.RoleInfo (RoleInfo.java:shutdownFollowerState(121)) - f2627371-a904-4314-a836-5eb8f54559ec: shutdown FollowerState
2019-10-21 19:13:26,711 [Thread-2484] INFO  impl.RaftServerImpl (RaftServerImpl.java:setRole(184)) - f2627371-a904-4314-a836-5eb8f54559ec@group-73E40DF2990B: changes role from  FOLLOWER to CANDIDATE at term 372 for changeToCandidate
2019-10-21 19:13:26,711 [Thread-2484] INFO  impl.RoleInfo (RoleInfo.java:updateAndGet(143)) - f2627371-a904-4314-a836-5eb8f54559ec: start LeaderElection
2019-10-21 19:13:26,726 [f2627371-a904-4314-a836-5eb8f54559ec@group-73E40DF2990B-LeaderElection336] INFO  impl.LeaderElection (LeaderElection.java:askForVotes(178)) - f2627371-a904-4314-a836-5eb8f54559ec@group-73E40DF2990B-LeaderElection336: begin an election at term 373 for -1: [e6a83585-83d0-4616-a3d5-866875ad8a29:192.168.34.32:46159, f2627371-a904-4314-a836-5eb8f54559ec:192.168.34.32:33224, 1b813ef4-47a4-4bfc-8eb5-c34ae440adb1:192.168.34.32:36113], old=null
2019-10-21 19:13:26,728 [grpc-default-executor-5] INFO  impl.RaftServerImpl (RaftServerImpl.java:setRole(184)) - 1b813ef4-47a4-4bfc-8eb5-c34ae440adb1@group-73E40DF2990B: changes role from  FOLLOWER to FOLLOWER at term 373 for recognizeCandidate:f2627371-a904-4314-a836-5eb8f54559ec
2019-10-21 19:13:26,728 [grpc-default-executor-5] INFO  impl.RoleInfo (RoleInfo.java:shutdownFollowerState(121)) - 1b813ef4-47a4-4bfc-8eb5-c34ae440adb1: shutdown FollowerState
2019-10-21 19:13:26,728 [grpc-default-executor-2] INFO  impl.RaftServerImpl (RaftServerImpl.java:setRole(184)) - e6a83585-83d0-4616-a3d5-866875ad8a29@group-73E40DF2990B: changes role from  FOLLOWER to FOLLOWER at term 373 for recognizeCandidate:f2627371-a904-4314-a836-5eb8f54559ec
2019-10-21 19:13:26,728 [grpc-default-executor-2] INFO  impl.RoleInfo (RoleInfo.java:shutdownFollowerState(121)) - e6a83585-83d0-4616-a3d5-866875ad8a29: shutdown FollowerState
2019-10-21 19:13:26,728 [Thread-2483] INFO  impl.FollowerState (FollowerState.java:run(117)) - 1b813ef4-47a4-4bfc-8eb5-c34ae440adb1@group-73E40DF2990B-FollowerState was interrupted: java.lang.InterruptedException: sleep interrupted
2019-10-21 19:13:26,728 [grpc-default-executor-5] INFO  impl.RoleInfo (RoleInfo.java:updateAndGet(143)) - 1b813ef4-47a4-4bfc-8eb5-c34ae440adb1: start FollowerState
2019-10-21 19:13:26,728 [Thread-2482] INFO  impl.FollowerState (FollowerState.java:run(117)) - e6a83585-83d0-4616-a3d5-866875ad8a29@group-73E40DF2990B-FollowerState was interrupted: java.lang.InterruptedException: sleep interrupted
2019-10-21 19:13:26,728 [grpc-default-executor-2] INFO  impl.RoleInfo (RoleInfo.java:updateAndGet(143)) - e6a83585-83d0-4616-a3d5-866875ad8a29: start FollowerState
2019-10-21 19:13:26,744 [f2627371-a904-4314-a836-5eb8f54559ec@group-73E40DF2990B-LeaderElection336] INFO  impl.LeaderElection (LeaderElection.java:logAndReturn(56)) - f2627371-a904-4314-a836-5eb8f54559ec@group-73E40DF2990B-LeaderElection336: Election REJECTED; received 2 response(s) [f2627371-a904-4314-a836-5eb8f54559ec<-e6a83585-83d0-4616-a3d5-866875ad8a29#0:FAIL-t373, f2627371-a904-4314-a836-5eb8f54559ec<-1b813ef4-47a4-4bfc-8eb5-c34ae440adb1#0:FAIL-t373] and 0 exception(s); f2627371-a904-4314-a836-5eb8f54559ec@group-73E40DF2990B:t373, leader=null, voted=f2627371-a904-4314-a836-5eb8f54559ec, raftlog=f2627371-a904-4314-a836-5eb8f54559ec@group-73E40DF2990B-SegmentedRaftLog:OPENED:c-1,f-1,i0, conf=-1: [e6a83585-83d0-4616-a3d5-866875ad8a29:192.168.34.32:46159, f2627371-a904-4314-a836-5eb8f54559ec:192.168.34.32:33224, 1b813ef4-47a4-4bfc-8eb5-c34ae440adb1:192.168.34.32:36113], old=null
2019-10-21 19:13:26,744 [f2627371-a904-4314-a836-5eb8f54559ec@group-73E40DF2990B-LeaderElection336] INFO  impl.RaftServerImpl (RaftServerImpl.java:setRole(184)) - f2627371-a904-4314-a836-5eb8f54559ec@group-73E40DF2990B: changes role from CANDIDATE to FOLLOWER at term 373 for DISCOVERED_A_NEW_TERM
2019-10-21 19:13:26,744 [f2627371-a904-4314-a836-5eb8f54559ec@group-73E40DF2990B-LeaderElection336] INFO  impl.RoleInfo (RoleInfo.java:shutdownLeaderElection(134)) - f2627371-a904-4314-a836-5eb8f54559ec: shutdown LeaderElection
2019-10-21 19:13:26,744 [f2627371-a904-4314-a836-5eb8f54559ec@group-73E40DF2990B-LeaderElection336] INFO  impl.RoleInfo (RoleInfo.java:updateAndGet(143)) - f2627371-a904-4314-a836-5eb8f54559ec: start FollowerState
2019-10-21 19:13:26,838 [Thread-2492] INFO  impl.FollowerState (FollowerState.java:run(108)) - f2627371-a904-4314-a836-5eb8f54559ec@group-73E40DF2990B-FollowerState: change to CANDIDATE, lastRpcTime:93ms, electionTimeout:93ms
2019-10-21 19:13:26,838 [Thread-2492] INFO  impl.RoleInfo (RoleInfo.java:shutdownFollowerState(121)) - f2627371-a904-4314-a836-5eb8f54559ec: shutdown FollowerState
2019-10-21 19:13:26,838 [Thread-2492] INFO  impl.RaftServerImpl (RaftServerImpl.java:setRole(184)) - f2627371-a904-4314-a836-5eb8f54559ec@group-73E40DF2990B: changes role from  FOLLOWER to CANDIDATE at term 373 for changeToCandidate
2019-10-21 19:13:26,838 [Thread-2492] INFO  impl.RoleInfo (RoleInfo.java:updateAndGet(143)) - f2627371-a904-4314-a836-5eb8f54559ec: start LeaderElection
2019-10-21 19:13:26,852 [f2627371-a904-4314-a836-5eb8f54559ec@group-73E40DF2990B-LeaderElection337] INFO  impl.LeaderElection (LeaderElection.java:askForVotes(178)) - f2627371-a904-4314-a836-5eb8f54559ec@group-73E40DF2990B-LeaderElection337: begin an election at term 374 for -1: [e6a83585-83d0-4616-a3d5-866875ad8a29:192.168.34.32:46159, f2627371-a904-4314-a836-5eb8f54559ec:192.168.34.32:33224, 1b813ef4-47a4-4bfc-8eb5-c34ae440adb1:192.168.34.32:36113], old=null
2019-10-21 19:13:26,854 [grpc-default-executor-2] INFO  impl.RaftServerImpl (RaftServerImpl.java:setRole(184)) - 1b813ef4-47a4-4bfc-8eb5-c34ae440adb1@group-73E40DF2990B: changes role from  FOLLOWER to FOLLOWER at term 374 for recognizeCandidate:f2627371-a904-4314-a836-5eb8f54559ec
2019-10-21 19:13:26,854 [grpc-default-executor-5] INFO  impl.RaftServerImpl (RaftServerImpl.java:setRole(184)) - e6a83585-83d0-4616-a3d5-866875ad8a29@group-73E40DF2990B: changes role from  FOLLOWER to FOLLOWER at term 374 for recognizeCandidate:f2627371-a904-4314-a836-5eb8f54559ec
2019-10-21 19:13:26,855 [grpc-default-executor-5] INFO  impl.RoleInfo (RoleInfo.java:shutdownFollowerState(121)) - e6a83585-83d0-4616-a3d5-866875ad8a29: shutdown FollowerState
2019-10-21 19:13:26,854 [grpc-default-executor-2] INFO  impl.RoleInfo (RoleInfo.java:shutdownFollowerState(121)) - 1b813ef4-47a4-4bfc-8eb5-c34ae440adb1: shutdown FollowerState
2019-10-21 19:13:26,855 [Thread-2491] INFO  impl.FollowerState (FollowerState.java:run(117)) - e6a83585-83d0-4616-a3d5-866875ad8a29@group-73E40DF2990B-FollowerState was interrupted: java.lang.InterruptedException: sleep interrupted
2019-10-21 19:13:26,855 [grpc-default-executor-5] INFO  impl.RoleInfo (RoleInfo.java:updateAndGet(143)) - e6a83585-83d0-4616-a3d5-866875ad8a29: start FollowerState
2019-10-21 19:13:26,855 [grpc-default-executor-2] INFO  impl.RoleInfo (RoleInfo.java:updateAndGet(143)) - 1b813ef4-47a4-4bfc-8eb5-c34ae440adb1: start FollowerState
2019-10-21 19:13:26,855 [Thread-2490] INFO  impl.FollowerState (FollowerState.java:run(117)) - 1b813ef4-47a4-4bfc-8eb5-c34ae440adb1@group-73E40DF2990B-FollowerState was interrupted: java.lang.InterruptedException: sleep interrupted
2019-10-21 19:13:26,870 [f2627371-a904-4314-a836-5eb8f54559ec@group-73E40DF2990B-LeaderElection337] INFO  impl.LeaderElection (LeaderElection.java:logAndReturn(56)) - f2627371-a904-4314-a836-5eb8f54559ec@group-73E40DF2990B-LeaderElection337: Election REJECTED; received 2 response(s) [f2627371-a904-4314-a836-5eb8f54559ec<-e6a83585-83d0-4616-a3d5-866875ad8a29#0:FAIL-t374, f2627371-a904-4314-a836-5eb8f54559ec<-1b813ef4-47a4-4bfc-8eb5-c34ae440adb1#0:FAIL-t374] and 0 exception(s); f2627371-a904-4314-a836-5eb8f54559ec@group-73E40DF2990B:t374, leader=null, voted=f2627371-a904-4314-a836-5eb8f54559ec, raftlog=f2627371-a904-4314-a836-5eb8f54559ec@group-73E40DF2990B-SegmentedRaftLog:OPENED:c-1,f-1,i0, conf=-1: [e6a83585-83d0-4616-a3d5-866875ad8a29:192.168.34.32:46159, f2627371-a904-4314-a836-5eb8f54559ec:192.168.34.32:33224, 1b813ef4-47a4-4bfc-8eb5-c34ae440adb1:192.168.34.32:36113], old=null
2019-10-21 19:13:26,870 [f2627371-a904-4314-a836-5eb8f54559ec@group-73E40DF2990B-LeaderElection337] INFO  impl.RaftServerImpl (RaftServerImpl.java:setRole(184)) - f2627371-a904-4314-a836-5eb8f54559ec@group-73E40DF2990B: changes role from CANDIDATE to FOLLOWER at term 374 for DISCOVERED_A_NEW_TERM
2019-10-21 19:13:26,870 [f2627371-a904-4314-a836-5eb8f54559ec@group-73E40DF2990B-LeaderElection337] INFO  impl.RoleInfo (RoleInfo.java:shutdownLeaderElection(134)) - f2627371-a904-4314-a836-5eb8f54559ec: shutdown LeaderElection
2019-10-21 19:13:26,870 [f2627371-a904-4314-a836-5eb8f54559ec@group-73E40DF2990B-LeaderElection337] INFO  impl.RoleInfo (RoleInfo.java:updateAndGet(143)) - f2627371-a904-4314-a836-5eb8f54559ec: start FollowerState
2019-10-21 19:13:27,039 [Thread-2498] INFO  impl.FollowerState (FollowerState.java:run(108)) - f2627371-a904-4314-a836-5eb8f54559ec@group-73E40DF2990B-FollowerState: change to CANDIDATE, lastRpcTime:169ms, electionTimeout:169ms
2019-10-21 19:13:27,040 [Thread-2498] INFO  impl.RoleInfo (RoleInfo.java:shutdownFollowerState(121)) - f2627371-a904-4314-a836-5eb8f54559ec: shutdown FollowerState
2019-10-21 19:13:27,040 [Thread-2498] INFO  impl.RaftServerImpl (RaftServerImpl.java:setRole(184)) - f2627371-a904-4314-a836-5eb8f54559ec@group-73E40DF2990B: changes role from  FOLLOWER to CANDIDATE at term 374 for changeToCandidate
2019-10-21 19:13:27,040 [Thread-2498] INFO  impl.RoleInfo (RoleInfo.java:updateAndGet(143)) - f2627371-a904-4314-a836-5eb8f54559ec: start LeaderElection
2019-10-21 19:13:27,077 [f2627371-a904-4314-a836-5eb8f54559ec@group-73E40DF2990B-LeaderElection338] INFO  impl.LeaderElection (LeaderElection.java:askForVotes(178)) - f2627371-a904-4314-a836-5eb8f54559ec@group-73E40DF2990B-LeaderElection338: begin an election at term 375 for -1: [e6a83585-83d0-4616-a3d5-866875ad8a29:192.168.34.32:46159, f2627371-a904-4314-a836-5eb8f54559ec:192.168.34.32:33224, 1b813ef4-47a4-4bfc-8eb5-c34ae440adb1:192.168.34.32:36113], old=null
2019-10-21 19:13:27,079 [grpc-default-executor-2] INFO  impl.RaftServerImpl (RaftServerImpl.java:setRole(184)) - e6a83585-83d0-4616-a3d5-866875ad8a29@group-73E40DF2990B: changes role from  FOLLOWER to FOLLOWER at term 375 for recognizeCandidate:f2627371-a904-4314-a836-5eb8f54559ec
2019-10-21 19:13:27,079 [grpc-default-executor-5] INFO  impl.RaftServerImpl (RaftServerImpl.java:setRole(184)) - 1b813ef4-47a4-4bfc-8eb5-c34ae440adb1@group-73E40DF2990B: changes role from  FOLLOWER to FOLLOWER at term 375 for recognizeCandidate:f2627371-a904-4314-a836-5eb8f54559ec
2019-10-21 19:13:27,079 [grpc-default-executor-2] INFO  impl.RoleInfo (RoleInfo.java:shutdownFollowerState(121)) - e6a83585-83d0-4616-a3d5-866875ad8a29: shutdown FollowerState
2019-10-21 19:13:27,079 [grpc-default-executor-5] INFO  impl.RoleInfo (RoleInfo.java:shutdownFollowerState(121)) - 1b813ef4-47a4-4bfc-8eb5-c34ae440adb1: shutdown FollowerState
2019-10-21 19:13:27,079 [Thread-2496] INFO  impl.FollowerState (FollowerState.java:run(117)) - e6a83585-83d0-4616-a3d5-866875ad8a29@group-73E40DF2990B-FollowerState was interrupted: java.lang.InterruptedException: sleep interrupted
2019-10-21 19:13:27,079 [grpc-default-executor-2] INFO  impl.RoleInfo (RoleInfo.java:updateAndGet(143)) - e6a83585-83d0-4616-a3d5-866875ad8a29: start FollowerState
2019-10-21 19:13:27,080 [Thread-2497] INFO  impl.FollowerState (FollowerState.java:run(117)) - 1b813ef4-47a4-4bfc-8eb5-c34ae440adb1@group-73E40DF2990B-FollowerState was interrupted: java.lang.InterruptedException: sleep interrupted
2019-10-21 19:13:27,079 [grpc-default-executor-5] INFO  impl.RoleInfo (RoleInfo.java:updateAndGet(143)) - 1b813ef4-47a4-4bfc-8eb5-c34ae440adb1: start FollowerState
2019-10-21 19:13:27,094 [f2627371-a904-4314-a836-5eb8f54559ec@group-73E40DF2990B-LeaderElection338] INFO  impl.LeaderElection (LeaderElection.java:logAndReturn(56)) - f2627371-a904-4314-a836-5eb8f54559ec@group-73E40DF2990B-LeaderElection338: Election REJECTED; received 2 response(s) [f2627371-a904-4314-a836-5eb8f54559ec<-e6a83585-83d0-4616-a3d5-866875ad8a29#0:FAIL-t375, f2627371-a904-4314-a836-5eb8f54559ec<-1b813ef4-47a4-4bfc-8eb5-c34ae440adb1#0:FAIL-t375] and 0 exception(s); f2627371-a904-4314-a836-5eb8f54559ec@group-73E40DF2990B:t375, leader=null, voted=f2627371-a904-4314-a836-5eb8f54559ec, raftlog=f2627371-a904-4314-a836-5eb8f54559ec@group-73E40DF2990B-SegmentedRaftLog:OPENED:c-1,f-1,i0, conf=-1: [e6a83585-83d0-4616-a3d5-866875ad8a29:192.168.34.32:46159, f2627371-a904-4314-a836-5eb8f54559ec:192.168.34.32:33224, 1b813ef4-47a4-4bfc-8eb5-c34ae440adb1:192.168.34.32:36113], old=null
2019-10-21 19:13:27,094 [f2627371-a904-4314-a836-5eb8f54559ec@group-73E40DF2990B-LeaderElection338] INFO  impl.RaftServerImpl (RaftServerImpl.java:setRole(184)) - f2627371-a904-4314-a836-5eb8f54559ec@group-73E40DF2990B: changes role from CANDIDATE to FOLLOWER at term 375 for DISCOVERED_A_NEW_TERM
2019-10-21 19:13:27,094 [f2627371-a904-4314-a836-5eb8f54559ec@group-73E40DF2990B-LeaderElection338] INFO  impl.RoleInfo (RoleInfo.java:shutdownLeaderElection(134)) - f2627371-a904-4314-a836-5eb8f54559ec: shutdown LeaderElection
2019-10-21 19:13:27,094 [f2627371-a904-4314-a836-5eb8f54559ec@group-73E40DF2990B-LeaderElection338] INFO  impl.RoleInfo (RoleInfo.java:updateAndGet(143)) - f2627371-a904-4314-a836-5eb8f54559ec: start FollowerState
2019-10-21 19:13:27,259 [Thread-2504] INFO  impl.FollowerState (FollowerState.java:run(108)) - f2627371-a904-4314-a836-5eb8f54559ec@group-73E40DF2990B-FollowerState: change to CANDIDATE, lastRpcTime:164ms, electionTimeout:164ms
2019-10-21 19:13:27,259 [Thread-2504] INFO  impl.RoleInfo (RoleInfo.java:shutdownFollowerState(121)) - f2627371-a904-4314-a836-5eb8f54559ec: shutdown FollowerState
2019-10-21 19:13:27,259 [Thread-2504] INFO  impl.RaftServerImpl (RaftServerImpl.java:setRole(184)) - f2627371-a904-4314-a836-5eb8f54559ec@group-73E40DF2990B: changes role from  FOLLOWER to CANDIDATE at term 375 for changeToCandidate
2019-10-21 19:13:27,259 [Thread-2504] INFO  impl.RoleInfo (RoleInfo.java:updateAndGet(143)) - f2627371-a904-4314-a836-5eb8f54559ec: start LeaderElection
2019-10-21 19:13:27,274 [f2627371-a904-4314-a836-5eb8f54559ec@group-73E40DF2990B-LeaderElection339] INFO  impl.LeaderElection (LeaderElection.java:askForVotes(178)) - f2627371-a904-4314-a836-5eb8f54559ec@group-73E40DF2990B-LeaderElection339: begin an election at term 376 for -1: [e6a83585-83d0-4616-a3d5-866875ad8a29:192.168.34.32:46159, f2627371-a904-4314-a836-5eb8f54559ec:192.168.34.32:33224, 1b813ef4-47a4-4bfc-8eb5-c34ae440adb1:192.168.34.32:36113], old=null
2019-10-21 19:13:27,276 [grpc-default-executor-2] INFO  impl.RaftServerImpl (RaftServerImpl.java:setRole(184)) - e6a83585-83d0-4616-a3d5-866875ad8a29@group-73E40DF2990B: changes role from  FOLLOWER to FOLLOWER at term 376 for recognizeCandidate:f2627371-a904-4314-a836-5eb8f54559ec
2019-10-21 19:13:27,276 [grpc-default-executor-2] INFO  impl.RoleInfo (RoleInfo.java:shutdownFollowerState(121)) - e6a83585-83d0-4616-a3d5-866875ad8a29: shutdown FollowerState
2019-10-21 19:13:27,276 [grpc-default-executor-2] INFO  impl.RoleInfo (RoleInfo.java:updateAndGet(143)) - e6a83585-83d0-4616-a3d5-866875ad8a29: start FollowerState
2019-10-21 19:13:27,276 [Thread-2502] INFO  impl.FollowerState (FollowerState.java:run(117)) - e6a83585-83d0-4616-a3d5-866875ad8a29@group-73E40DF2990B-FollowerState was interrupted: java.lang.InterruptedException: sleep interrupted
2019-10-21 19:13:27,276 [grpc-default-executor-5] INFO  impl.RaftServerImpl (RaftServerImpl.java:setRole(184)) - 1b813ef4-47a4-4bfc-8eb5-c34ae440adb1@group-73E40DF2990B: changes role from  FOLLOWER to FOLLOWER at term 376 for recognizeCandidate:f2627371-a904-4314-a836-5eb8f54559ec
2019-10-21 19:13:27,276 [grpc-default-executor-5] INFO  impl.RoleInfo (RoleInfo.java:shutdownFollowerState(121)) - 1b813ef4-47a4-4bfc-8eb5-c34ae440adb1: shutdown FollowerState
2019-10-21 19:13:27,277 [grpc-default-executor-5] INFO  impl.RoleInfo (RoleInfo.java:updateAndGet(143)) - 1b813ef4-47a4-4bfc-8eb5-c34ae440adb1: start FollowerState
2019-10-21 19:13:27,277 [Thread-2503] INFO  impl.FollowerState (FollowerState.java:run(117)) - 1b813ef4-47a4-4bfc-8eb5-c34ae440adb1@group-73E40DF2990B-FollowerState was interrupted: java.lang.InterruptedException: sleep interrupted
2019-10-21 19:13:27,290 [f2627371-a904-4314-a836-5eb8f54559ec@group-73E40DF2990B-LeaderElection339] INFO  impl.LeaderElection (LeaderElection.java:logAndReturn(56)) - f2627371-a904-4314-a836-5eb8f54559ec@group-73E40DF2990B-LeaderElection339: Election TIMEOUT; received 0 response(s) [] and 0 exception(s); f2627371-a904-4314-a836-5eb8f54559ec@group-73E40DF2990B:t376, leader=null, voted=f2627371-a904-4314-a836-5eb8f54559ec, raftlog=f2627371-a904-4314-a836-5eb8f54559ec@group-73E40DF2990B-SegmentedRaftLog:OPENED:c-1,f-1,i0, conf=-1: [e6a83585-83d0-4616-a3d5-866875ad8a29:192.168.34.32:46159, f2627371-a904-4314-a836-5eb8f54559ec:192.168.34.32:33224, 1b813ef4-47a4-4bfc-8eb5-c34ae440adb1:192.168.34.32:36113], old=null
2019-10-21 19:13:27,293 [f2627371-a904-4314-a836-5eb8f54559ec@group-73E40DF2990B-LeaderElection339] INFO  impl.LeaderElection (LeaderElection.java:askForVotes(178)) - f2627371-a904-4314-a836-5eb8f54559ec@group-73E40DF2990B-LeaderElection339: begin an election at term 377 for -1: [e6a83585-83d0-4616-a3d5-866875ad8a29:192.168.34.32:46159, f2627371-a904-4314-a836-5eb8f54559ec:192.168.34.32:33224, 1b813ef4-47a4-4bfc-8eb5-c34ae440adb1:192.168.34.32:36113], old=null
2019-10-21 19:13:27,294 [grpc-default-executor-2] INFO  impl.RaftServerImpl (RaftServerImpl.java:setRole(184)) - e6a83585-83d0-4616-a3d5-866875ad8a29@group-73E40DF2990B: changes role from  FOLLOWER to FOLLOWER at term 377 for recognizeCandidate:f2627371-a904-4314-a836-5eb8f54559ec
2019-10-21 19:13:27,294 [grpc-default-executor-5] INFO  impl.RaftServerImpl (RaftServerImpl.java:setRole(184)) - 1b813ef4-47a4-4bfc-8eb5-c34ae440adb1@group-73E40DF2990B: changes role from  FOLLOWER to FOLLOWER at term 377 for recognizeCandidate:f2627371-a904-4314-a836-5eb8f54559ec
2019-10-21 19:13:27,294 [grpc-default-executor-2] INFO  impl.RoleInfo (RoleInfo.java:shutdownFollowerState(121)) - e6a83585-83d0-4616-a3d5-866875ad8a29: shutdown FollowerState
2019-10-21 19:13:27,295 [grpc-default-executor-5] INFO  impl.RoleInfo (RoleInfo.java:shutdownFollowerState(121)) - 1b813ef4-47a4-4bfc-8eb5-c34ae440adb1: shutdown FollowerState
2019-10-21 19:13:27,295 [Thread-2508] INFO  impl.FollowerState (FollowerState.java:run(117)) - e6a83585-83d0-4616-a3d5-866875ad8a29@group-73E40DF2990B-FollowerState was interrupted: java.lang.InterruptedException: sleep interrupted
2019-10-21 19:13:27,295 [grpc-default-executor-2] INFO  impl.RoleInfo (RoleInfo.java:updateAndGet(143)) - e6a83585-83d0-4616-a3d5-866875ad8a29: start FollowerState
2019-10-21 19:13:27,295 [Thread-2509] INFO  impl.FollowerState (FollowerState.java:run(117)) - 1b813ef4-47a4-4bfc-8eb5-c34ae440adb1@group-73E40DF2990B-FollowerState was interrupted: java.lang.InterruptedException: sleep interrupted
2019-10-21 19:13:27,295 [grpc-default-executor-5] INFO  impl.RoleInfo (RoleInfo.java:updateAndGet(143)) - 1b813ef4-47a4-4bfc-8eb5-c34ae440adb1: start FollowerState
2019-10-21 19:13:27,311 [f2627371-a904-4314-a836-5eb8f54559ec@group-73E40DF2990B-LeaderElection339] INFO  impl.LeaderElection (LeaderElection.java:logAndReturn(56)) - f2627371-a904-4314-a836-5eb8f54559ec@group-73E40DF2990B-LeaderElection339: Election REJECTED; received 2 response(s) [f2627371-a904-4314-a836-5eb8f54559ec<-e6a83585-83d0-4616-a3d5-866875ad8a29#0:FAIL-t377, f2627371-a904-4314-a836-5eb8f54559ec<-1b813ef4-47a4-4bfc-8eb5-c34ae440adb1#0:FAIL-t377] and 0 exception(s); f2627371-a904-4314-a836-5eb8f54559ec@group-73E40DF2990B:t377, leader=null, voted=f2627371-a904-4314-a836-5eb8f54559ec, raftlog=f2627371-a904-4314-a836-5eb8f54559ec@group-73E40DF2990B-SegmentedRaftLog:OPENED:c-1,f-1,i0, conf=-1: [e6a83585-83d0-4616-a3d5-866875ad8a29:192.168.34.32:46159, f2627371-a904-4314-a836-5eb8f54559ec:192.168.34.32:33224, 1b813ef4-47a4-4bfc-8eb5-c34ae440adb1:192.168.34.32:36113], old=null
2019-10-21 19:13:27,311 [f2627371-a904-4314-a836-5eb8f54559ec@group-73E40DF2990B-LeaderElection339] INFO  impl.RaftServerImpl (RaftServerImpl.java:setRole(184)) - f2627371-a904-4314-a836-5eb8f54559ec@group-73E40DF2990B: changes role from CANDIDATE to FOLLOWER at term 377 for DISCOVERED_A_NEW_TERM
2019-10-21 19:13:27,311 [f2627371-a904-4314-a836-5eb8f54559ec@group-73E40DF2990B-LeaderElection339] INFO  impl.RoleInfo (RoleInfo.java:shutdownLeaderElection(134)) - f2627371-a904-4314-a836-5eb8f54559ec: shutdown LeaderElection
2019-10-21 19:13:27,311 [f2627371-a904-4314-a836-5eb8f54559ec@group-73E40DF2990B-LeaderElection339] INFO  impl.RoleInfo (RoleInfo.java:updateAndGet(143)) - f2627371-a904-4314-a836-5eb8f54559ec: start FollowerState
2019-10-21 19:13:27,354 [Thread-2514] INFO  impl.FollowerState (FollowerState.java:run(108)) - f2627371-a904-4314-a836-5eb8f54559ec@group-73E40DF2990B-FollowerState: change to CANDIDATE, lastRpcTime:42ms, electionTimeout:42ms
2019-10-21 19:13:27,354 [Thread-2514] INFO  impl.RoleInfo (RoleInfo.java:shutdownFollowerState(121)) - f2627371-a904-4314-a836-5eb8f54559ec: shutdown FollowerState
2019-10-21 19:13:27,354 [Thread-2514] INFO  impl.RaftServerImpl (RaftServerImpl.java:setRole(184)) - f2627371-a904-4314-a836-5eb8f54559ec@group-73E40DF2990B: changes role from  FOLLOWER to CANDIDATE at term 377 for changeToCandidate
2019-10-21 19:13:27,354 [Thread-2514] INFO  impl.RoleInfo (RoleInfo.java:updateAndGet(143)) - f2627371-a904-4314-a836-5eb8f54559ec: start LeaderElection
2019-10-21 19:13:27,368 [f2627371-a904-4314-a836-5eb8f54559ec@group-73E40DF2990B-LeaderElection340] INFO  impl.LeaderElection (LeaderElection.java:askForVotes(178)) - f2627371-a904-4314-a836-5eb8f54559ec@group-73E40DF2990B-LeaderElection340: begin an election at term 378 for -1: [e6a83585-83d0-4616-a3d5-866875ad8a29:192.168.34.32:46159, f2627371-a904-4314-a836-5eb8f54559ec:192.168.34.32:33224, 1b813ef4-47a4-4bfc-8eb5-c34ae440adb1:192.168.34.32:36113], old=null
2019-10-21 19:13:27,370 [grpc-default-executor-2] INFO  impl.RaftServerImpl (RaftServerImpl.java:setRole(184)) - e6a83585-83d0-4616-a3d5-866875ad8a29@group-73E40DF2990B: changes role from  FOLLOWER to FOLLOWER at term 378 for recognizeCandidate:f2627371-a904-4314-a836-5eb8f54559ec
2019-10-21 19:13:27,370 [grpc-default-executor-5] INFO  impl.RaftServerImpl (RaftServerImpl.java:setRole(184)) - 1b813ef4-47a4-4bfc-8eb5-c34ae440adb1@group-73E40DF2990B: changes role from  FOLLOWER to FOLLOWER at term 378 for recognizeCandidate:f2627371-a904-4314-a836-5eb8f54559ec
2019-10-21 19:13:27,370 [grpc-default-executor-2] INFO  impl.RoleInfo (RoleInfo.java:shutdownFollowerState(121)) - e6a83585-83d0-4616-a3d5-866875ad8a29: shutdown FollowerState
2019-10-21 19:13:27,370 [grpc-default-executor-5] INFO  impl.RoleInfo (RoleInfo.java:shutdownFollowerState(121)) - 1b813ef4-47a4-4bfc-8eb5-c34ae440adb1: shutdown FollowerState
2019-10-21 19:13:27,371 [Thread-2512] INFO  impl.FollowerState (FollowerState.java:run(117)) - e6a83585-83d0-4616-a3d5-866875ad8a29@group-73E40DF2990B-FollowerState was interrupted: java.lang.InterruptedException: sleep interrupted
2019-10-21 19:13:27,371 [grpc-default-executor-2] INFO  impl.RoleInfo (RoleInfo.java:updateAndGet(143)) - e6a83585-83d0-4616-a3d5-866875ad8a29: start FollowerState
2019-10-21 19:13:27,371 [Thread-2513] INFO  impl.FollowerState (FollowerState.java:run(117)) - 1b813ef4-47a4-4bfc-8eb5-c34ae440adb1@group-73E40DF2990B-FollowerState was interrupted: java.lang.InterruptedException: sleep interrupted
2019-10-21 19:13:27,371 [grpc-default-executor-5] INFO  impl.RoleInfo (RoleInfo.java:updateAndGet(143)) - 1b813ef4-47a4-4bfc-8eb5-c34ae440adb1: start FollowerState
2019-10-21 19:13:27,378 [f2627371-a904-4314-a836-5eb8f54559ec@group-73E40DF2990B-LeaderElection340] INFO  impl.LeaderElection (LeaderElection.java:logAndReturn(56)) - f2627371-a904-4314-a836-5eb8f54559ec@group-73E40DF2990B-LeaderElection340: Election TIMEOUT; received 0 response(s) [] and 0 exception(s); f2627371-a904-4314-a836-5eb8f54559ec@group-73E40DF2990B:t378, leader=null, voted=f2627371-a904-4314-a836-5eb8f54559ec, raftlog=f2627371-a904-4314-a836-5eb8f54559ec@group-73E40DF2990B-SegmentedRaftLog:OPENED:c-1,f-1,i0, conf=-1: [e6a83585-83d0-4616-a3d5-866875ad8a29:192.168.34.32:46159, f2627371-a904-4314-a836-5eb8f54559ec:192.168.34.32:33224, 1b813ef4-47a4-4bfc-8eb5-c34ae440adb1:192.168.34.32:36113], old=null
2019-10-21 19:13:27,388 [f2627371-a904-4314-a836-5eb8f54559ec@group-73E40DF2990B-LeaderElection340] INFO  impl.LeaderElection (LeaderElection.java:askForVotes(178)) - f2627371-a904-4314-a836-5eb8f54559ec@group-73E40DF2990B-LeaderElection340: begin an election at term 379 for -1: [e6a83585-83d0-4616-a3d5-866875ad8a29:192.168.34.32:46159, f2627371-a904-4314-a836-5eb8f54559ec:192.168.34.32:33224, 1b813ef4-47a4-4bfc-8eb5-c34ae440adb1:192.168.34.32:36113], old=null
2019-10-21 19:13:27,389 [f2627371-a904-4314-a836-5eb8f54559ec@group-73E40DF2990B-LeaderElection340] INFO  impl.LeaderElection (LeaderElection.java:logAndReturn(56)) - f2627371-a904-4314-a836-5eb8f54559ec@group-73E40DF2990B-LeaderElection340: Election TIMEOUT; received 0 response(s) [] and 0 exception(s); f2627371-a904-4314-a836-5eb8f54559ec@group-73E40DF2990B:t379, leader=null, voted=f2627371-a904-4314-a836-5eb8f54559ec, raftlog=f2627371-a904-4314-a836-5eb8f54559ec@group-73E40DF2990B-SegmentedRaftLog:OPENED:c-1,f-1,i0, conf=-1: [e6a83585-83d0-4616-a3d5-866875ad8a29:192.168.34.32:46159, f2627371-a904-4314-a836-5eb8f54559ec:192.168.34.32:33224, 1b813ef4-47a4-4bfc-8eb5-c34ae440adb1:192.168.34.32:36113], old=null
2019-10-21 19:13:27,390 [grpc-default-executor-2] INFO  impl.RaftServerImpl (RaftServerImpl.java:setRole(184)) - e6a83585-83d0-4616-a3d5-866875ad8a29@group-73E40DF2990B: changes role from  FOLLOWER to FOLLOWER at term 379 for recognizeCandidate:f2627371-a904-4314-a836-5eb8f54559ec
2019-10-21 19:13:27,390 [grpc-default-executor-2] INFO  impl.RoleInfo (RoleInfo.java:shutdownFollowerState(121)) - e6a83585-83d0-4616-a3d5-866875ad8a29: shutdown FollowerState
2019-10-21 19:13:27,390 [grpc-default-executor-5] INFO  impl.RaftServerImpl (RaftServerImpl.java:setRole(184)) - 1b813ef4-47a4-4bfc-8eb5-c34ae440adb1@group-73E40DF2990B: changes role from  FOLLOWER to FOLLOWER at term 379 for recognizeCandidate:f2627371-a904-4314-a836-5eb8f54559ec
2019-10-21 19:13:27,391 [grpc-default-executor-5] INFO  impl.RoleInfo (RoleInfo.java:shutdownFollowerState(121)) - 1b813ef4-47a4-4bfc-8eb5-c34ae440adb1: shutdown FollowerState
2019-10-21 19:13:27,391 [Thread-2518] INFO  impl.FollowerState (FollowerState.java:run(117)) - e6a83585-83d0-4616-a3d5-866875ad8a29@group-73E40DF2990B-FollowerState was interrupted: java.lang.InterruptedException: sleep interrupted
2019-10-21 19:13:27,391 [grpc-default-executor-2] INFO  impl.RoleInfo (RoleInfo.java:updateAndGet(143)) - e6a83585-83d0-4616-a3d5-866875ad8a29: start FollowerState
2019-10-21 19:13:27,391 [Thread-2519] INFO  impl.FollowerState (FollowerState.java:run(117)) - 1b813ef4-47a4-4bfc-8eb5-c34ae440adb1@group-73E40DF2990B-FollowerState was interrupted: java.lang.InterruptedException: sleep interrupted
2019-10-21 19:13:27,391 [grpc-default-executor-5] INFO  impl.RoleInfo (RoleInfo.java:updateAndGet(143)) - 1b813ef4-47a4-4bfc-8eb5-c34ae440adb1: start FollowerState
2019-10-21 19:13:27,404 [f2627371-a904-4314-a836-5eb8f54559ec@group-73E40DF2990B-LeaderElection340] INFO  impl.LeaderElection (LeaderElection.java:askForVotes(178)) - f2627371-a904-4314-a836-5eb8f54559ec@group-73E40DF2990B-LeaderElection340: begin an election at term 380 for -1: [e6a83585-83d0-4616-a3d5-866875ad8a29:192.168.34.32:46159, f2627371-a904-4314-a836-5eb8f54559ec:192.168.34.32:33224, 1b813ef4-47a4-4bfc-8eb5-c34ae440adb1:192.168.34.32:36113], old=null
2019-10-21 19:13:27,405 [grpc-default-executor-2] INFO  impl.RaftServerImpl (RaftServerImpl.java:setRole(184)) - e6a83585-83d0-4616-a3d5-866875ad8a29@group-73E40DF2990B: changes role from  FOLLOWER to FOLLOWER at term 380 for recognizeCandidate:f2627371-a904-4314-a836-5eb8f54559ec
2019-10-21 19:13:27,405 [grpc-default-executor-2] INFO  impl.RoleInfo (RoleInfo.java:shutdownFollowerState(121)) - e6a83585-83d0-4616-a3d5-866875ad8a29: shutdown FollowerState
2019-10-21 19:13:27,405 [grpc-default-executor-5] INFO  impl.RaftServerImpl (RaftServerImpl.java:setRole(184)) - 1b813ef4-47a4-4bfc-8eb5-c34ae440adb1@group-73E40DF2990B: changes role from  FOLLOWER to FOLLOWER at term 380 for recognizeCandidate:f2627371-a904-4314-a836-5eb8f54559ec
2019-10-21 19:13:27,405 [grpc-default-executor-5] INFO  impl.RoleInfo (RoleInfo.java:shutdownFollowerState(121)) - 1b813ef4-47a4-4bfc-8eb5-c34ae440adb1: shutdown FollowerState
2019-10-21 19:13:27,405 [Thread-2522] INFO  impl.FollowerState (FollowerState.java:run(117)) - e6a83585-83d0-4616-a3d5-866875ad8a29@group-73E40DF2990B-FollowerState was interrupted: java.lang.InterruptedException: sleep interrupted
2019-10-21 19:13:27,405 [grpc-default-executor-2] INFO  impl.RoleInfo (RoleInfo.java:updateAndGet(143)) - e6a83585-83d0-4616-a3d5-866875ad8a29: start FollowerState
2019-10-21 19:13:27,406 [Thread-2523] INFO  impl.FollowerState (FollowerState.java:run(117)) - 1b813ef4-47a4-4bfc-8eb5-c34ae440adb1@group-73E40DF2990B-FollowerState was interrupted: java.lang.InterruptedException: sleep interrupted
2019-10-21 19:13:27,406 [grpc-default-executor-5] INFO  impl.RoleInfo (RoleInfo.java:updateAndGet(143)) - 1b813ef4-47a4-4bfc-8eb5-c34ae440adb1: start FollowerState
2019-10-21 19:13:27,420 [f2627371-a904-4314-a836-5eb8f54559ec@group-73E40DF2990B-LeaderElection340] INFO  impl.LeaderElection (LeaderElection.java:logAndReturn(56)) - f2627371-a904-4314-a836-5eb8f54559ec@group-73E40DF2990B-LeaderElection340: Election REJECTED; received 2 response(s) [f2627371-a904-4314-a836-5eb8f54559ec<-e6a83585-83d0-4616-a3d5-866875ad8a29#0:FAIL-t380, f2627371-a904-4314-a836-5eb8f54559ec<-1b813ef4-47a4-4bfc-8eb5-c34ae440adb1#0:FAIL-t380] and 0 exception(s); f2627371-a904-4314-a836-5eb8f54559ec@group-73E40DF2990B:t380, leader=null, voted=f2627371-a904-4314-a836-5eb8f54559ec, raftlog=f2627371-a904-4314-a836-5eb8f54559ec@group-73E40DF2990B-SegmentedRaftLog:OPENED:c-1,f-1,i0, conf=-1: [e6a83585-83d0-4616-a3d5-866875ad8a29:192.168.34.32:46159, f2627371-a904-4314-a836-5eb8f54559ec:192.168.34.32:33224, 1b813ef4-47a4-4bfc-8eb5-c34ae440adb1:192.168.34.32:36113], old=null
2019-10-21 19:13:27,420 [f2627371-a904-4314-a836-5eb8f54559ec@group-73E40DF2990B-LeaderElection340] INFO  impl.RaftServerImpl (RaftServerImpl.java:setRole(184)) - f2627371-a904-4314-a836-5eb8f54559ec@group-73E40DF2990B: changes role from CANDIDATE to FOLLOWER at term 380 for DISCOVERED_A_NEW_TERM
2019-10-21 19:13:27,420 [f2627371-a904-4314-a836-5eb8f54559ec@group-73E40DF2990B-LeaderElection340] INFO  impl.RoleInfo (RoleInfo.java:shutdownLeaderElection(134)) - f2627371-a904-4314-a836-5eb8f54559ec: shutdown LeaderElection
2019-10-21 19:13:27,421 [f2627371-a904-4314-a836-5eb8f54559ec@group-73E40DF2990B-LeaderElection340] INFO  impl.RoleInfo (RoleInfo.java:updateAndGet(143)) - f2627371-a904-4314-a836-5eb8f54559ec: start FollowerState
2019-10-21 19:13:27,438 [Thread-2528] INFO  impl.FollowerState (FollowerState.java:run(108)) - f2627371-a904-4314-a836-5eb8f54559ec@group-73E40DF2990B-FollowerState: change to CANDIDATE, lastRpcTime:17ms, electionTimeout:17ms
2019-10-21 19:13:27,438 [Thread-2528] INFO  impl.RoleInfo (RoleInfo.java:shutdownFollowerState(121)) - f2627371-a904-4314-a836-5eb8f54559ec: shutdown FollowerState
2019-10-21 19:13:27,438 [Thread-2528] INFO  impl.RaftServerImpl (RaftServerImpl.java:setRole(184)) - f2627371-a904-4314-a836-5eb8f54559ec@group-73E40DF2990B: changes role from  FOLLOWER to CANDIDATE at term 380 for changeToCandidate
2019-10-21 19:13:27,438 [Thread-2528] INFO  impl.RoleInfo (RoleInfo.java:updateAndGet(143)) - f2627371-a904-4314-a836-5eb8f54559ec: start LeaderElection
2019-10-21 19:13:27,465 [f2627371-a904-4314-a836-5eb8f54559ec@group-73E40DF2990B-LeaderElection341] INFO  impl.LeaderElection (LeaderElection.java:askForVotes(178)) - f2627371-a904-4314-a836-5eb8f54559ec@group-73E40DF2990B-LeaderElection341: begin an election at term 381 for -1: [e6a83585-83d0-4616-a3d5-866875ad8a29:192.168.34.32:46159, f2627371-a904-4314-a836-5eb8f54559ec:192.168.34.32:33224, 1b813ef4-47a4-4bfc-8eb5-c34ae440adb1:192.168.34.32:36113], old=null
2019-10-21 19:13:27,467 [grpc-default-executor-5] INFO  impl.RaftServerImpl (RaftServerImpl.java:setRole(184)) - 1b813ef4-47a4-4bfc-8eb5-c34ae440adb1@group-73E40DF2990B: changes role from  FOLLOWER to FOLLOWER at term 381 for recognizeCandidate:f2627371-a904-4314-a836-5eb8f54559ec
2019-10-21 19:13:27,467 [grpc-default-executor-5] INFO  impl.RoleInfo (RoleInfo.java:shutdownFollowerState(121)) - 1b813ef4-47a4-4bfc-8eb5-c34ae440adb1: shutdown FollowerState
2019-10-21 19:13:27,467 [grpc-default-executor-2] INFO  impl.RaftServerImpl (RaftServerImpl.java:setRole(184)) - e6a83585-83d0-4616-a3d5-866875ad8a29@group-73E40DF2990B: changes role from  FOLLOWER to FOLLOWER at term 381 for recognizeCandidate:f2627371-a904-4314-a836-5eb8f54559ec
2019-10-21 19:13:27,467 [grpc-default-executor-2] INFO  impl.RoleInfo (RoleInfo.java:shutdownFollowerState(121)) - e6a83585-83d0-4616-a3d5-866875ad8a29: shutdown FollowerState
2019-10-21 19:13:27,467 [Thread-2527] INFO  impl.FollowerState (FollowerState.java:run(117)) - 1b813ef4-47a4-4bfc-8eb5-c34ae440adb1@group-73E40DF2990B-FollowerState was interrupted: java.lang.InterruptedException: sleep interrupted
2019-10-21 19:13:27,467 [grpc-default-executor-5] INFO  impl.RoleInfo (RoleInfo.java:updateAndGet(143)) - 1b813ef4-47a4-4bfc-8eb5-c34ae440adb1: start FollowerState
2019-10-21 19:13:27,467 [Thread-2526] INFO  impl.FollowerState (FollowerState.java:run(117)) - e6a83585-83d0-4616-a3d5-866875ad8a29@group-73E40DF2990B-FollowerState was interrupted: java.lang.InterruptedException: sleep interrupted
2019-10-21 19:13:27,467 [grpc-default-executor-2] INFO  impl.RoleInfo (RoleInfo.java:updateAndGet(143)) - e6a83585-83d0-4616-a3d5-866875ad8a29: start FollowerState
2019-10-21 19:13:27,482 [f2627371-a904-4314-a836-5eb8f54559ec@group-73E40DF2990B-LeaderElection341] INFO  impl.LeaderElection (LeaderElection.java:logAndReturn(56)) - f2627371-a904-4314-a836-5eb8f54559ec@group-73E40DF2990B-LeaderElection341: Election REJECTED; received 2 response(s) [f2627371-a904-4314-a836-5eb8f54559ec<-e6a83585-83d0-4616-a3d5-866875ad8a29#0:FAIL-t381, f2627371-a904-4314-a836-5eb8f54559ec<-1b813ef4-47a4-4bfc-8eb5-c34ae440adb1#0:FAIL-t381] and 0 exception(s); f2627371-a904-4314-a836-5eb8f54559ec@group-73E40DF2990B:t381, leader=null, voted=f2627371-a904-4314-a836-5eb8f54559ec, raftlog=f2627371-a904-4314-a836-5eb8f54559ec@group-73E40DF2990B-SegmentedRaftLog:OPENED:c-1,f-1,i0, conf=-1: [e6a83585-83d0-4616-a3d5-866875ad8a29:192.168.34.32:46159, f2627371-a904-4314-a836-5eb8f54559ec:192.168.34.32:33224, 1b813ef4-47a4-4bfc-8eb5-c34ae440adb1:192.168.34.32:36113], old=null
2019-10-21 19:13:27,482 [f2627371-a904-4314-a836-5eb8f54559ec@group-73E40DF2990B-LeaderElection341] INFO  impl.RaftServerImpl (RaftServerImpl.java:setRole(184)) - f2627371-a904-4314-a836-5eb8f54559ec@group-73E40DF2990B: changes role from CANDIDATE to FOLLOWER at term 381 for DISCOVERED_A_NEW_TERM
2019-10-21 19:13:27,482 [f2627371-a904-4314-a836-5eb8f54559ec@group-73E40DF2990B-LeaderElection341] INFO  impl.RoleInfo (RoleInfo.java:shutdownLeaderElection(134)) - f2627371-a904-4314-a836-5eb8f54559ec: shutdown LeaderElection
2019-10-21 19:13:27,482 [f2627371-a904-4314-a836-5eb8f54559ec@group-73E40DF2990B-LeaderElection341] INFO  impl.RoleInfo (RoleInfo.java:updateAndGet(143)) - f2627371-a904-4314-a836-5eb8f54559ec: start FollowerState
2019-10-21 19:13:27,562 [Thread-2534] INFO  impl.FollowerState (FollowerState.java:run(108)) - f2627371-a904-4314-a836-5eb8f54559ec@group-73E40DF2990B-FollowerState: change to CANDIDATE, lastRpcTime:79ms, electionTimeout:79ms
2019-10-21 19:13:27,562 [Thread-2534] INFO  impl.RoleInfo (RoleInfo.java:shutdownFollowerState(121)) - f2627371-a904-4314-a836-5eb8f54559ec: shutdown FollowerState
2019-10-21 19:13:27,562 [Thread-2534] INFO  impl.RaftServerImpl (RaftServerImpl.java:setRole(184)) - f2627371-a904-4314-a836-5eb8f54559ec@group-73E40DF2990B: changes role from  FOLLOWER to CANDIDATE at term 381 for changeToCandidate
2019-10-21 19:13:27,563 [Thread-2534] INFO  impl.RoleInfo (RoleInfo.java:updateAndGet(143)) - f2627371-a904-4314-a836-5eb8f54559ec: start LeaderElection
2019-10-21 19:13:27,969 [f2627371-a904-4314-a836-5eb8f54559ec@group-73E40DF2990B-LeaderElection342] INFO  impl.LeaderElection (LeaderElection.java:askForVotes(178)) - f2627371-a904-4314-a836-5eb8f54559ec@group-73E40DF2990B-LeaderElection342: begin an election at term 382 for -1: [e6a83585-83d0-4616-a3d5-866875ad8a29:192.168.34.32:46159, f2627371-a904-4314-a836-5eb8f54559ec:192.168.34.32:33224, 1b813ef4-47a4-4bfc-8eb5-c34ae440adb1:192.168.34.32:36113], old=null
2019-10-21 19:13:27,972 [grpc-default-executor-2] INFO  impl.RaftServerImpl (RaftServerImpl.java:setRole(184)) - 1b813ef4-47a4-4bfc-8eb5-c34ae440adb1@group-73E40DF2990B: changes role from  FOLLOWER to FOLLOWER at term 382 for recognizeCandidate:f2627371-a904-4314-a836-5eb8f54559ec
2019-10-21 19:13:27,972 [grpc-default-executor-5] INFO  impl.RaftServerImpl (RaftServerImpl.java:setRole(184)) - e6a83585-83d0-4616-a3d5-866875ad8a29@group-73E40DF2990B: changes role from  FOLLOWER to FOLLOWER at term 382 for recognizeCandidate:f2627371-a904-4314-a836-5eb8f54559ec
2019-10-21 19:13:27,972 [grpc-default-executor-2] INFO  impl.RoleInfo (RoleInfo.java:shutdownFollowerState(121)) - 1b813ef4-47a4-4bfc-8eb5-c34ae440adb1: shutdown FollowerState
2019-10-21 19:13:27,972 [grpc-default-executor-5] INFO  impl.RoleInfo (RoleInfo.java:shutdownFollowerState(121)) - e6a83585-83d0-4616-a3d5-866875ad8a29: shutdown FollowerState
2019-10-21 19:13:27,972 [grpc-default-executor-2] INFO  impl.RoleInfo (RoleInfo.java:updateAndGet(143)) - 1b813ef4-47a4-4bfc-8eb5-c34ae440adb1: start FollowerState
2019-10-21 19:13:27,972 [Thread-2533] INFO  impl.FollowerState (FollowerState.java:run(117)) - e6a83585-83d0-4616-a3d5-866875ad8a29@group-73E40DF2990B-FollowerState was interrupted: java.lang.InterruptedException: sleep interrupted
2019-10-21 19:13:27,972 [Thread-2532] INFO  impl.FollowerState (FollowerState.java:run(117)) - 1b813ef4-47a4-4bfc-8eb5-c34ae440adb1@group-73E40DF2990B-FollowerState was interrupted: java.lang.InterruptedException: sleep interrupted
2019-10-21 19:13:27,972 [grpc-default-executor-5] INFO  impl.RoleInfo (RoleInfo.java:updateAndGet(143)) - e6a83585-83d0-4616-a3d5-866875ad8a29: start FollowerState
2019-10-21 19:13:27,986 [f2627371-a904-4314-a836-5eb8f54559ec@group-73E40DF2990B-LeaderElection342] INFO  impl.LeaderElection (LeaderElection.java:logAndReturn(56)) - f2627371-a904-4314-a836-5eb8f54559ec@group-73E40DF2990B-LeaderElection342: Election TIMEOUT; received 0 response(s) [] and 0 exception(s); f2627371-a904-4314-a836-5eb8f54559ec@group-73E40DF2990B:t382, leader=null, voted=f2627371-a904-4314-a836-5eb8f54559ec, raftlog=f2627371-a904-4314-a836-5eb8f54559ec@group-73E40DF2990B-SegmentedRaftLog:OPENED:c-1,f-1,i0, conf=-1: [e6a83585-83d0-4616-a3d5-866875ad8a29:192.168.34.32:46159, f2627371-a904-4314-a836-5eb8f54559ec:192.168.34.32:33224, 1b813ef4-47a4-4bfc-8eb5-c34ae440adb1:192.168.34.32:36113], old=null
2019-10-21 19:13:27,994 [f2627371-a904-4314-a836-5eb8f54559ec@group-73E40DF2990B-LeaderElection342] INFO  impl.LeaderElection (LeaderElection.java:askForVotes(178)) - f2627371-a904-4314-a836-5eb8f54559ec@group-73E40DF2990B-LeaderElection342: begin an election at term 383 for -1: [e6a83585-83d0-4616-a3d5-866875ad8a29:192.168.34.32:46159, f2627371-a904-4314-a836-5eb8f54559ec:192.168.34.32:33224, 1b813ef4-47a4-4bfc-8eb5-c34ae440adb1:192.168.34.32:36113], old=null
2019-10-21 19:13:27,996 [grpc-default-executor-5] INFO  impl.RaftServerImpl (RaftServerImpl.java:setRole(184)) - e6a83585-83d0-4616-a3d5-866875ad8a29@group-73E40DF2990B: changes role from  FOLLOWER to FOLLOWER at term 383 for recognizeCandidate:f2627371-a904-4314-a836-5eb8f54559ec
2019-10-21 19:13:27,996 [grpc-default-executor-2] INFO  impl.RaftServerImpl (RaftServerImpl.java:setRole(184)) - 1b813ef4-47a4-4bfc-8eb5-c34ae440adb1@group-73E40DF2990B: changes role from  FOLLOWER to FOLLOWER at term 383 for recognizeCandidate:f2627371-a904-4314-a836-5eb8f54559ec
2019-10-21 19:13:27,996 [grpc-default-executor-5] INFO  impl.RoleInfo (RoleInfo.java:shutdownFollowerState(121)) - e6a83585-83d0-4616-a3d5-866875ad8a29: shutdown FollowerState
2019-10-21 19:13:27,996 [grpc-default-executor-2] INFO  impl.RoleInfo (RoleInfo.java:shutdownFollowerState(121)) - 1b813ef4-47a4-4bfc-8eb5-c34ae440adb1: shutdown FollowerState
2019-10-21 19:13:27,996 [Thread-2541] INFO  impl.FollowerState (FollowerState.java:run(117)) - e6a83585-83d0-4616-a3d5-866875ad8a29@group-73E40DF2990B-FollowerState was interrupted: java.lang.InterruptedException: sleep interrupted
2019-10-21 19:13:27,996 [Thread-2540] INFO  impl.FollowerState (FollowerState.java:run(117)) - 1b813ef4-47a4-4bfc-8eb5-c34ae440adb1@group-73E40DF2990B-FollowerState was interrupted: java.lang.InterruptedException: sleep interrupted
2019-10-21 19:13:27,996 [grpc-default-executor-5] INFO  impl.RoleInfo (RoleInfo.java:updateAndGet(143)) - e6a83585-83d0-4616-a3d5-866875ad8a29: start FollowerState
2019-10-21 19:13:27,996 [grpc-default-executor-2] INFO  impl.RoleInfo (RoleInfo.java:updateAndGet(143)) - 1b813ef4-47a4-4bfc-8eb5-c34ae440adb1: start FollowerState
2019-10-21 19:13:28,011 [f2627371-a904-4314-a836-5eb8f54559ec@group-73E40DF2990B-LeaderElection342] INFO  impl.LeaderElection (LeaderElection.java:logAndReturn(56)) - f2627371-a904-4314-a836-5eb8f54559ec@group-73E40DF2990B-LeaderElection342: Election REJECTED; received 2 response(s) [f2627371-a904-4314-a836-5eb8f54559ec<-e6a83585-83d0-4616-a3d5-866875ad8a29#0:FAIL-t383, f2627371-a904-4314-a836-5eb8f54559ec<-1b813ef4-47a4-4bfc-8eb5-c34ae440adb1#0:FAIL-t383] and 0 exception(s); f2627371-a904-4314-a836-5eb8f54559ec@group-73E40DF2990B:t383, leader=null, voted=f2627371-a904-4314-a836-5eb8f54559ec, raftlog=f2627371-a904-4314-a836-5eb8f54559ec@group-73E40DF2990B-SegmentedRaftLog:OPENED:c-1,f-1,i0, conf=-1: [e6a83585-83d0-4616-a3d5-866875ad8a29:192.168.34.32:46159, f2627371-a904-4314-a836-5eb8f54559ec:192.168.34.32:33224, 1b813ef4-47a4-4bfc-8eb5-c34ae440adb1:192.168.34.32:36113], old=null
2019-10-21 19:13:28,012 [f2627371-a904-4314-a836-5eb8f54559ec@group-73E40DF2990B-LeaderElection342] INFO  impl.RaftServerImpl (RaftServerImpl.java:setRole(184)) - f2627371-a904-4314-a836-5eb8f54559ec@group-73E40DF2990B: changes role from CANDIDATE to FOLLOWER at term 383 for DISCOVERED_A_NEW_TERM
2019-10-21 19:13:28,012 [f2627371-a904-4314-a836-5eb8f54559ec@group-73E40DF2990B-LeaderElection342] INFO  impl.RoleInfo (RoleInfo.java:shutdownLeaderElection(134)) - f2627371-a904-4314-a836-5eb8f54559ec: shutdown LeaderElection
2019-10-21 19:13:28,012 [f2627371-a904-4314-a836-5eb8f54559ec@group-73E40DF2990B-LeaderElection342] INFO  impl.RoleInfo (RoleInfo.java:updateAndGet(143)) - f2627371-a904-4314-a836-5eb8f54559ec: start FollowerState
2019-10-21 19:13:28,030 [Thread-2546] INFO  impl.FollowerState (FollowerState.java:run(108)) - f2627371-a904-4314-a836-5eb8f54559ec@group-73E40DF2990B-FollowerState: change to CANDIDATE, lastRpcTime:18ms, electionTimeout:18ms
2019-10-21 19:13:28,031 [Thread-2546] INFO  impl.RoleInfo (RoleInfo.java:shutdownFollowerState(121)) - f2627371-a904-4314-a836-5eb8f54559ec: shutdown FollowerState
2019-10-21 19:13:28,031 [Thread-2546] INFO  impl.RaftServerImpl (RaftServerImpl.java:setRole(184)) - f2627371-a904-4314-a836-5eb8f54559ec@group-73E40DF2990B: changes role from  FOLLOWER to CANDIDATE at term 383 for changeToCandidate
2019-10-21 19:13:28,031 [Thread-2546] INFO  impl.RoleInfo (RoleInfo.java:updateAndGet(143)) - f2627371-a904-4314-a836-5eb8f54559ec: start LeaderElection
2019-10-21 19:13:28,046 [f2627371-a904-4314-a836-5eb8f54559ec@group-73E40DF2990B-LeaderElection343] INFO  impl.LeaderElection (LeaderElection.java:askForVotes(178)) - f2627371-a904-4314-a836-5eb8f54559ec@group-73E40DF2990B-LeaderElection343: begin an election at term 384 for -1: [e6a83585-83d0-4616-a3d5-866875ad8a29:192.168.34.32:46159, f2627371-a904-4314-a836-5eb8f54559ec:192.168.34.32:33224, 1b813ef4-47a4-4bfc-8eb5-c34ae440adb1:192.168.34.32:36113], old=null
2019-10-21 19:13:28,047 [grpc-default-executor-5] INFO  impl.RaftServerImpl (RaftServerImpl.java:setRole(184)) - e6a83585-83d0-4616-a3d5-866875ad8a29@group-73E40DF2990B: changes role from  FOLLOWER to FOLLOWER at term 384 for recognizeCandidate:f2627371-a904-4314-a836-5eb8f54559ec
2019-10-21 19:13:28,047 [grpc-default-executor-5] INFO  impl.RoleInfo (RoleInfo.java:shutdownFollowerState(121)) - e6a83585-83d0-4616-a3d5-866875ad8a29: shutdown FollowerState
2019-10-21 19:13:28,047 [grpc-default-executor-5] INFO  impl.RoleInfo (RoleInfo.java:updateAndGet(143)) - e6a83585-83d0-4616-a3d5-866875ad8a29: start FollowerState
2019-10-21 19:13:28,048 [Thread-2544] INFO  impl.FollowerState (FollowerState.java:run(117)) - e6a83585-83d0-4616-a3d5-866875ad8a29@group-73E40DF2990B-FollowerState was interrupted: java.lang.InterruptedException: sleep interrupted
2019-10-21 19:13:28,048 [grpc-default-executor-2] INFO  impl.RaftServerImpl (RaftServerImpl.java:setRole(184)) - 1b813ef4-47a4-4bfc-8eb5-c34ae440adb1@group-73E40DF2990B: changes role from  FOLLOWER to FOLLOWER at term 384 for recognizeCandidate:f2627371-a904-4314-a836-5eb8f54559ec
2019-10-21 19:13:28,048 [grpc-default-executor-2] INFO  impl.RoleInfo (RoleInfo.java:shutdownFollowerState(121)) - 1b813ef4-47a4-4bfc-8eb5-c34ae440adb1: shutdown FollowerState
2019-10-21 19:13:28,048 [grpc-default-executor-2] INFO  impl.RoleInfo (RoleInfo.java:updateAndGet(143)) - 1b813ef4-47a4-4bfc-8eb5-c34ae440adb1: start FollowerState
2019-10-21 19:13:28,048 [Thread-2545] INFO  impl.FollowerState (FollowerState.java:run(117)) - 1b813ef4-47a4-4bfc-8eb5-c34ae440adb1@group-73E40DF2990B-FollowerState was interrupted: java.lang.InterruptedException: sleep interrupted
2019-10-21 19:13:28,063 [f2627371-a904-4314-a836-5eb8f54559ec@group-73E40DF2990B-LeaderElection343] INFO  impl.LeaderElection (LeaderElection.java:logAndReturn(56)) - f2627371-a904-4314-a836-5eb8f54559ec@group-73E40DF2990B-LeaderElection343: Election REJECTED; received 2 response(s) [f2627371-a904-4314-a836-5eb8f54559ec<-e6a83585-83d0-4616-a3d5-866875ad8a29#0:FAIL-t384, f2627371-a904-4314-a836-5eb8f54559ec<-1b813ef4-47a4-4bfc-8eb5-c34ae440adb1#0:FAIL-t384] and 0 exception(s); f2627371-a904-4314-a836-5eb8f54559ec@group-73E40DF2990B:t384, leader=null, voted=f2627371-a904-4314-a836-5eb8f54559ec, raftlog=f2627371-a904-4314-a836-5eb8f54559ec@group-73E40DF2990B-SegmentedRaftLog:OPENED:c-1,f-1,i0, conf=-1: [e6a83585-83d0-4616-a3d5-866875ad8a29:192.168.34.32:46159, f2627371-a904-4314-a836-5eb8f54559ec:192.168.34.32:33224, 1b813ef4-47a4-4bfc-8eb5-c34ae440adb1:192.168.34.32:36113], old=null
2019-10-21 19:13:28,063 [f2627371-a904-4314-a836-5eb8f54559ec@group-73E40DF2990B-LeaderElection343] INFO  impl.RaftServerImpl (RaftServerImpl.java:setRole(184)) - f2627371-a904-4314-a836-5eb8f54559ec@group-73E40DF2990B: changes role from CANDIDATE to FOLLOWER at term 384 for DISCOVERED_A_NEW_TERM
2019-10-21 19:13:28,063 [f2627371-a904-4314-a836-5eb8f54559ec@group-73E40DF2990B-LeaderElection343] INFO  impl.RoleInfo (RoleInfo.java:shutdownLeaderElection(134)) - f2627371-a904-4314-a836-5eb8f54559ec: shutdown LeaderElection
2019-10-21 19:13:28,063 [f2627371-a904-4314-a836-5eb8f54559ec@group-73E40DF2990B-LeaderElection343] INFO  impl.RoleInfo (RoleInfo.java:updateAndGet(143)) - f2627371-a904-4314-a836-5eb8f54559ec: start FollowerState
2019-10-21 19:13:28,137 [Thread-2552] INFO  impl.FollowerState (FollowerState.java:run(108)) - f2627371-a904-4314-a836-5eb8f54559ec@group-73E40DF2990B-FollowerState: change to CANDIDATE, lastRpcTime:74ms, electionTimeout:74ms
2019-10-21 19:13:28,137 [Thread-2552] INFO  impl.RoleInfo (RoleInfo.java:shutdownFollowerState(121)) - f2627371-a904-4314-a836-5eb8f54559ec: shutdown FollowerState
2019-10-21 19:13:28,138 [Thread-2552] INFO  impl.RaftServerImpl (RaftServerImpl.java:setRole(184)) - f2627371-a904-4314-a836-5eb8f54559ec@group-73E40DF2990B: changes role from  FOLLOWER to CANDIDATE at term 384 for changeToCandidate
2019-10-21 19:13:28,138 [Thread-2552] INFO  impl.RoleInfo (RoleInfo.java:updateAndGet(143)) - f2627371-a904-4314-a836-5eb8f54559ec: start LeaderElection
2019-10-21 19:13:28,152 [f2627371-a904-4314-a836-5eb8f54559ec@group-73E40DF2990B-LeaderElection344] INFO  impl.LeaderElection (LeaderElection.java:askForVotes(178)) - f2627371-a904-4314-a836-5eb8f54559ec@group-73E40DF2990B-LeaderElection344: begin an election at term 385 for -1: [e6a83585-83d0-4616-a3d5-866875ad8a29:192.168.34.32:46159, f2627371-a904-4314-a836-5eb8f54559ec:192.168.34.32:33224, 1b813ef4-47a4-4bfc-8eb5-c34ae440adb1:192.168.34.32:36113], old=null
2019-10-21 19:13:28,155 [grpc-default-executor-5] INFO  impl.RaftServerImpl (RaftServerImpl.java:setRole(184)) - 1b813ef4-47a4-4bfc-8eb5-c34ae440adb1@group-73E40DF2990B: changes role from  FOLLOWER to FOLLOWER at term 385 for recognizeCandidate:f2627371-a904-4314-a836-5eb8f54559ec
2019-10-21 19:13:28,155 [grpc-default-executor-2] INFO  impl.RaftServerImpl (RaftServerImpl.java:setRole(184)) - e6a83585-83d0-4616-a3d5-866875ad8a29@group-73E40DF2990B: changes role from  FOLLOWER to FOLLOWER at term 385 for recognizeCandidate:f2627371-a904-4314-a836-5eb8f54559ec
2019-10-21 19:13:28,155 [grpc-default-executor-5] INFO  impl.RoleInfo (RoleInfo.java:shutdownFollowerState(121)) - 1b813ef4-47a4-4bfc-8eb5-c34ae440adb1: shutdown FollowerState
2019-10-21 19:13:28,155 [grpc-default-executor-2] INFO  impl.RoleInfo (RoleInfo.java:shutdownFollowerState(121)) - e6a83585-83d0-4616-a3d5-866875ad8a29: shutdown FollowerState
2019-10-21 19:13:28,155 [Thread-2551] INFO  impl.FollowerState (FollowerState.java:run(117)) - 1b813ef4-47a4-4bfc-8eb5-c34ae440adb1@group-73E40DF2990B-FollowerState was interrupted: java.lang.InterruptedException: sleep interrupted
2019-10-21 19:13:28,155 [grpc-default-executor-5] INFO  impl.RoleInfo (RoleInfo.java:updateAndGet(143)) - 1b813ef4-47a4-4bfc-8eb5-c34ae440adb1: start FollowerState
2019-10-21 19:13:28,155 [Thread-2550] INFO  impl.FollowerState (FollowerState.java:run(117)) - e6a83585-83d0-4616-a3d5-866875ad8a29@group-73E40DF2990B-FollowerState was interrupted: java.lang.InterruptedException: sleep interrupted
2019-10-21 19:13:28,155 [grpc-default-executor-2] INFO  impl.RoleInfo (RoleInfo.java:updateAndGet(143)) - e6a83585-83d0-4616-a3d5-866875ad8a29: start FollowerState
2019-10-21 19:13:28,169 [f2627371-a904-4314-a836-5eb8f54559ec@group-73E40DF2990B-LeaderElection344] INFO  impl.LeaderElection (LeaderElection.java:logAndReturn(56)) - f2627371-a904-4314-a836-5eb8f54559ec@group-73E40DF2990B-LeaderElection344: Election REJECTED; received 2 response(s) [f2627371-a904-4314-a836-5eb8f54559ec<-e6a83585-83d0-4616-a3d5-866875ad8a29#0:FAIL-t385, f2627371-a904-4314-a836-5eb8f54559ec<-1b813ef4-47a4-4bfc-8eb5-c34ae440adb1#0:FAIL-t385] and 0 exception(s); f2627371-a904-4314-a836-5eb8f54559ec@group-73E40DF2990B:t385, leader=null, voted=f2627371-a904-4314-a836-5eb8f54559ec, raftlog=f2627371-a904-4314-a836-5eb8f54559ec@group-73E40DF2990B-SegmentedRaftLog:OPENED:c-1,f-1,i0, conf=-1: [e6a83585-83d0-4616-a3d5-866875ad8a29:192.168.34.32:46159, f2627371-a904-4314-a836-5eb8f54559ec:192.168.34.32:33224, 1b813ef4-47a4-4bfc-8eb5-c34ae440adb1:192.168.34.32:36113], old=null
2019-10-21 19:13:28,169 [f2627371-a904-4314-a836-5eb8f54559ec@group-73E40DF2990B-LeaderElection344] INFO  impl.RaftServerImpl (RaftServerImpl.java:setRole(184)) - f2627371-a904-4314-a836-5eb8f54559ec@group-73E40DF2990B: changes role from CANDIDATE to FOLLOWER at term 385 for DISCOVERED_A_NEW_TERM
2019-10-21 19:13:28,169 [f2627371-a904-4314-a836-5eb8f54559ec@group-73E40DF2990B-LeaderElection344] INFO  impl.RoleInfo (RoleInfo.java:shutdownLeaderElection(134)) - f2627371-a904-4314-a836-5eb8f54559ec: shutdown LeaderElection
2019-10-21 19:13:28,169 [f2627371-a904-4314-a836-5eb8f54559ec@group-73E40DF2990B-LeaderElection344] INFO  impl.RoleInfo (RoleInfo.java:updateAndGet(143)) - f2627371-a904-4314-a836-5eb8f54559ec: start FollowerState
2019-10-21 19:13:28,288 [Thread-2558] INFO  impl.FollowerState (FollowerState.java:run(108)) - f2627371-a904-4314-a836-5eb8f54559ec@group-73E40DF2990B-FollowerState: change to CANDIDATE, lastRpcTime:118ms, electionTimeout:118ms
2019-10-21 19:13:28,288 [Thread-2558] INFO  impl.RoleInfo (RoleInfo.java:shutdownFollowerState(121)) - f2627371-a904-4314-a836-5eb8f54559ec: shutdown FollowerState
2019-10-21 19:13:28,288 [Thread-2558] INFO  impl.RaftServerImpl (RaftServerImpl.java:setRole(184)) - f2627371-a904-4314-a836-5eb8f54559ec@group-73E40DF2990B: changes role from  FOLLOWER to CANDIDATE at term 385 for changeToCandidate
2019-10-21 19:13:28,288 [Thread-2558] INFO  impl.RoleInfo (RoleInfo.java:updateAndGet(143)) - f2627371-a904-4314-a836-5eb8f54559ec: start LeaderElection
2019-10-21 19:13:28,303 [f2627371-a904-4314-a836-5eb8f54559ec@group-73E40DF2990B-LeaderElection345] INFO  impl.LeaderElection (LeaderElection.java:askForVotes(178)) - f2627371-a904-4314-a836-5eb8f54559ec@group-73E40DF2990B-LeaderElection345: begin an election at term 386 for -1: [e6a83585-83d0-4616-a3d5-866875ad8a29:192.168.34.32:46159, f2627371-a904-4314-a836-5eb8f54559ec:192.168.34.32:33224, 1b813ef4-47a4-4bfc-8eb5-c34ae440adb1:192.168.34.32:36113], old=null
2019-10-21 19:13:28,305 [grpc-default-executor-5] INFO  impl.RaftServerImpl (RaftServerImpl.java:setRole(184)) - e6a83585-83d0-4616-a3d5-866875ad8a29@group-73E40DF2990B: changes role from  FOLLOWER to FOLLOWER at term 386 for recognizeCandidate:f2627371-a904-4314-a836-5eb8f54559ec
2019-10-21 19:13:28,305 [grpc-default-executor-5] INFO  impl.RoleInfo (RoleInfo.java:shutdownFollowerState(121)) - e6a83585-83d0-4616-a3d5-866875ad8a29: shutdown FollowerState
2019-10-21 19:13:28,305 [grpc-default-executor-2] INFO  impl.RaftServerImpl (RaftServerImpl.java:setRole(184)) - 1b813ef4-47a4-4bfc-8eb5-c34ae440adb1@group-73E40DF2990B: changes role from  FOLLOWER to FOLLOWER at term 386 for recognizeCandidate:f2627371-a904-4314-a836-5eb8f54559ec
2019-10-21 19:13:28,305 [grpc-default-executor-2] INFO  impl.RoleInfo (RoleInfo.java:shutdownFollowerState(121)) - 1b813ef4-47a4-4bfc-8eb5-c34ae440adb1: shutdown FollowerState
2019-10-21 19:13:28,305 [Thread-2557] INFO  impl.FollowerState (FollowerState.java:run(117)) - e6a83585-83d0-4616-a3d5-866875ad8a29@group-73E40DF2990B-FollowerState was interrupted: java.lang.InterruptedException: sleep interrupted
2019-10-21 19:13:28,305 [grpc-default-executor-5] INFO  impl.RoleInfo (RoleInfo.java:updateAndGet(143)) - e6a83585-83d0-4616-a3d5-866875ad8a29: start FollowerState
2019-10-21 19:13:28,306 [Thread-2556] INFO  impl.FollowerState (FollowerState.java:run(117)) - 1b813ef4-47a4-4bfc-8eb5-c34ae440adb1@group-73E40DF2990B-FollowerState was interrupted: java.lang.InterruptedException: sleep interrupted
2019-10-21 19:13:28,306 [grpc-default-executor-2] INFO  impl.RoleInfo (RoleInfo.java:updateAndGet(143)) - 1b813ef4-47a4-4bfc-8eb5-c34ae440adb1: start FollowerState
2019-10-21 19:13:28,321 [f2627371-a904-4314-a836-5eb8f54559ec@group-73E40DF2990B-LeaderElection345] INFO  impl.LeaderElection (LeaderElection.java:logAndReturn(56)) - f2627371-a904-4314-a836-5eb8f54559ec@group-73E40DF2990B-LeaderElection345: Election REJECTED; received 2 response(s) [f2627371-a904-4314-a836-5eb8f54559ec<-e6a83585-83d0-4616-a3d5-866875ad8a29#0:FAIL-t386, f2627371-a904-4314-a836-5eb8f54559ec<-1b813ef4-47a4-4bfc-8eb5-c34ae440adb1#0:FAIL-t386] and 0 exception(s); f2627371-a904-4314-a836-5eb8f54559ec@group-73E40DF2990B:t386, leader=null, voted=f2627371-a904-4314-a836-5eb8f54559ec, raftlog=f2627371-a904-4314-a836-5eb8f54559ec@group-73E40DF2990B-SegmentedRaftLog:OPENED:c-1,f-1,i0, conf=-1: [e6a83585-83d0-4616-a3d5-866875ad8a29:192.168.34.32:46159, f2627371-a904-4314-a836-5eb8f54559ec:192.168.34.32:33224, 1b813ef4-47a4-4bfc-8eb5-c34ae440adb1:192.168.34.32:36113], old=null
2019-10-21 19:13:28,321 [f2627371-a904-4314-a836-5eb8f54559ec@group-73E40DF2990B-LeaderElection345] INFO  impl.RaftServerImpl (RaftServerImpl.java:setRole(184)) - f2627371-a904-4314-a836-5eb8f54559ec@group-73E40DF2990B: changes role from CANDIDATE to FOLLOWER at term 386 for DISCOVERED_A_NEW_TERM
2019-10-21 19:13:28,321 [f2627371-a904-4314-a836-5eb8f54559ec@group-73E40DF2990B-LeaderElection345] INFO  impl.RoleInfo (RoleInfo.java:shutdownLeaderElection(134)) - f2627371-a904-4314-a836-5eb8f54559ec: shutdown LeaderElection
2019-10-21 19:13:28,321 [f2627371-a904-4314-a836-5eb8f54559ec@group-73E40DF2990B-LeaderElection345] INFO  impl.RoleInfo (RoleInfo.java:updateAndGet(143)) - f2627371-a904-4314-a836-5eb8f54559ec: start FollowerState
2019-10-21 19:13:28,498 [Thread-2564] INFO  impl.FollowerState (FollowerState.java:run(108)) - f2627371-a904-4314-a836-5eb8f54559ec@group-73E40DF2990B-FollowerState: change to CANDIDATE, lastRpcTime:177ms, electionTimeout:177ms
2019-10-21 19:13:28,499 [Thread-2564] INFO  impl.RoleInfo (RoleInfo.java:shutdownFollowerState(121)) - f2627371-a904-4314-a836-5eb8f54559ec: shutdown FollowerState
2019-10-21 19:13:28,499 [Thread-2564] INFO  impl.RaftServerImpl (RaftServerImpl.java:setRole(184)) - f2627371-a904-4314-a836-5eb8f54559ec@group-73E40DF2990B: changes role from  FOLLOWER to CANDIDATE at term 386 for changeToCandidate
2019-10-21 19:13:28,499 [Thread-2564] INFO  impl.RoleInfo (RoleInfo.java:updateAndGet(143)) - f2627371-a904-4314-a836-5eb8f54559ec: start LeaderElection
2019-10-21 19:13:28,514 [f2627371-a904-4314-a836-5eb8f54559ec@group-73E40DF2990B-LeaderElection346] INFO  impl.LeaderElection (LeaderElection.java:askForVotes(178)) - f2627371-a904-4314-a836-5eb8f54559ec@group-73E40DF2990B-LeaderElection346: begin an election at term 387 for -1: [e6a83585-83d0-4616-a3d5-866875ad8a29:192.168.34.32:46159, f2627371-a904-4314-a836-5eb8f54559ec:192.168.34.32:33224, 1b813ef4-47a4-4bfc-8eb5-c34ae440adb1:192.168.34.32:36113], old=null
2019-10-21 19:13:28,516 [grpc-default-executor-5] INFO  impl.RaftServerImpl (RaftServerImpl.java:setRole(184)) - e6a83585-83d0-4616-a3d5-866875ad8a29@group-73E40DF2990B: changes role from  FOLLOWER to FOLLOWER at term 387 for recognizeCandidate:f2627371-a904-4314-a836-5eb8f54559ec
2019-10-21 19:13:28,516 [grpc-default-executor-2] INFO  impl.RaftServerImpl (RaftServerImpl.java:setRole(184)) - 1b813ef4-47a4-4bfc-8eb5-c34ae440adb1@group-73E40DF2990B: changes role from  FOLLOWER to FOLLOWER at term 387 for recognizeCandidate:f2627371-a904-4314-a836-5eb8f54559ec
2019-10-21 19:13:28,516 [grpc-default-executor-5] INFO  impl.RoleInfo (RoleInfo.java:shutdownFollowerState(121)) - e6a83585-83d0-4616-a3d5-866875ad8a29: shutdown FollowerState
2019-10-21 19:13:28,516 [grpc-default-executor-2] INFO  impl.RoleInfo (RoleInfo.java:shutdownFollowerState(121)) - 1b813ef4-47a4-4bfc-8eb5-c34ae440adb1: shutdown FollowerState
2019-10-21 19:13:28,516 [grpc-default-executor-5] INFO  impl.RoleInfo (RoleInfo.java:updateAndGet(143)) - e6a83585-83d0-4616-a3d5-866875ad8a29: start FollowerState
2019-10-21 19:13:28,516 [Thread-2562] INFO  impl.FollowerState (FollowerState.java:run(117)) - e6a83585-83d0-4616-a3d5-866875ad8a29@group-73E40DF2990B-FollowerState was interrupted: java.lang.InterruptedException: sleep interrupted
2019-10-21 19:13:28,516 [grpc-default-executor-2] INFO  impl.RoleInfo (RoleInfo.java:updateAndGet(143)) - 1b813ef4-47a4-4bfc-8eb5-c34ae440adb1: start FollowerState
2019-10-21 19:13:28,516 [Thread-2563] INFO  impl.FollowerState (FollowerState.java:run(117)) - 1b813ef4-47a4-4bfc-8eb5-c34ae440adb1@group-73E40DF2990B-FollowerState was interrupted: java.lang.InterruptedException: sleep interrupted
2019-10-21 19:13:28,531 [f2627371-a904-4314-a836-5eb8f54559ec@group-73E40DF2990B-LeaderElection346] INFO  impl.LeaderElection (LeaderElection.java:logAndReturn(56)) - f2627371-a904-4314-a836-5eb8f54559ec@group-73E40DF2990B-LeaderElection346: Election REJECTED; received 2 response(s) [f2627371-a904-4314-a836-5eb8f54559ec<-e6a83585-83d0-4616-a3d5-866875ad8a29#0:FAIL-t387, f2627371-a904-4314-a836-5eb8f54559ec<-1b813ef4-47a4-4bfc-8eb5-c34ae440adb1#0:FAIL-t387] and 0 exception(s); f2627371-a904-4314-a836-5eb8f54559ec@group-73E40DF2990B:t387, leader=null, voted=f2627371-a904-4314-a836-5eb8f54559ec, raftlog=f2627371-a904-4314-a836-5eb8f54559ec@group-73E40DF2990B-SegmentedRaftLog:OPENED:c-1,f-1,i0, conf=-1: [e6a83585-83d0-4616-a3d5-866875ad8a29:192.168.34.32:46159, f2627371-a904-4314-a836-5eb8f54559ec:192.168.34.32:33224, 1b813ef4-47a4-4bfc-8eb5-c34ae440adb1:192.168.34.32:36113], old=null
2019-10-21 19:13:28,531 [f2627371-a904-4314-a836-5eb8f54559ec@group-73E40DF2990B-LeaderElection346] INFO  impl.RaftServerImpl (RaftServerImpl.java:setRole(184)) - f2627371-a904-4314-a836-5eb8f54559ec@group-73E40DF2990B: changes role from CANDIDATE to FOLLOWER at term 387 for DISCOVERED_A_NEW_TERM
2019-10-21 19:13:28,532 [f2627371-a904-4314-a836-5eb8f54559ec@group-73E40DF2990B-LeaderElection346] INFO  impl.RoleInfo (RoleInfo.java:shutdownLeaderElection(134)) - f2627371-a904-4314-a836-5eb8f54559ec: shutdown LeaderElection
2019-10-21 19:13:28,532 [f2627371-a904-4314-a836-5eb8f54559ec@group-73E40DF2990B-LeaderElection346] INFO  impl.RoleInfo (RoleInfo.java:updateAndGet(143)) - f2627371-a904-4314-a836-5eb8f54559ec: start FollowerState
2019-10-21 19:13:28,698 [Thread-2570] INFO  impl.FollowerState (FollowerState.java:run(108)) - f2627371-a904-4314-a836-5eb8f54559ec@group-73E40DF2990B-FollowerState: change to CANDIDATE, lastRpcTime:166ms, electionTimeout:166ms
2019-10-21 19:13:28,698 [Thread-2570] INFO  impl.RoleInfo (RoleInfo.java:shutdownFollowerState(121)) - f2627371-a904-4314-a836-5eb8f54559ec: shutdown FollowerState
2019-10-21 19:13:28,698 [Thread-2570] INFO  impl.RaftServerImpl (RaftServerImpl.java:setRole(184)) - f2627371-a904-4314-a836-5eb8f54559ec@group-73E40DF2990B: changes role from  FOLLOWER to CANDIDATE at term 387 for changeToCandidate
2019-10-21 19:13:28,699 [Thread-2570] INFO  impl.RoleInfo (RoleInfo.java:updateAndGet(143)) - f2627371-a904-4314-a836-5eb8f54559ec: start LeaderElection
2019-10-21 19:13:28,714 [f2627371-a904-4314-a836-5eb8f54559ec@group-73E40DF2990B-LeaderElection347] INFO  impl.LeaderElection (LeaderElection.java:askForVotes(178)) - f2627371-a904-4314-a836-5eb8f54559ec@group-73E40DF2990B-LeaderElection347: begin an election at term 388 for -1: [e6a83585-83d0-4616-a3d5-866875ad8a29:192.168.34.32:46159, f2627371-a904-4314-a836-5eb8f54559ec:192.168.34.32:33224, 1b813ef4-47a4-4bfc-8eb5-c34ae440adb1:192.168.34.32:36113], old=null
2019-10-21 19:13:28,716 [grpc-default-executor-5] INFO  impl.RaftServerImpl (RaftServerImpl.java:setRole(184)) - e6a83585-83d0-4616-a3d5-866875ad8a29@group-73E40DF2990B: changes role from  FOLLOWER to FOLLOWER at term 388 for recognizeCandidate:f2627371-a904-4314-a836-5eb8f54559ec
2019-10-21 19:13:28,716 [grpc-default-executor-2] INFO  impl.RaftServerImpl (RaftServerImpl.java:setRole(184)) - 1b813ef4-47a4-4bfc-8eb5-c34ae440adb1@group-73E40DF2990B: changes role from  FOLLOWER to FOLLOWER at term 388 for recognizeCandidate:f2627371-a904-4314-a836-5eb8f54559ec
2019-10-21 19:13:28,716 [grpc-default-executor-5] INFO  impl.RoleInfo (RoleInfo.java:shutdownFollowerState(121)) - e6a83585-83d0-4616-a3d5-866875ad8a29: shutdown FollowerState
2019-10-21 19:13:28,716 [grpc-default-executor-2] INFO  impl.RoleInfo (RoleInfo.java:shutdownFollowerState(121)) - 1b813ef4-47a4-4bfc-8eb5-c34ae440adb1: shutdown FollowerState
2019-10-21 19:13:28,717 [Thread-2568] INFO  impl.FollowerState (FollowerState.java:run(117)) - e6a83585-83d0-4616-a3d5-866875ad8a29@group-73E40DF2990B-FollowerState was interrupted: java.lang.InterruptedException: sleep interrupted
2019-10-21 19:13:28,717 [grpc-default-executor-5] INFO  impl.RoleInfo (RoleInfo.java:updateAndGet(143)) - e6a83585-83d0-4616-a3d5-866875ad8a29: start FollowerState
2019-10-21 19:13:28,717 [grpc-default-executor-2] INFO  impl.RoleInfo (RoleInfo.java:updateAndGet(143)) - 1b813ef4-47a4-4bfc-8eb5-c34ae440adb1: start FollowerState
2019-10-21 19:13:28,717 [Thread-2569] INFO  impl.FollowerState (FollowerState.java:run(117)) - 1b813ef4-47a4-4bfc-8eb5-c34ae440adb1@group-73E40DF2990B-FollowerState was interrupted: java.lang.InterruptedException: sleep interrupted
2019-10-21 19:13:28,736 [f2627371-a904-4314-a836-5eb8f54559ec@group-73E40DF2990B-LeaderElection347] INFO  impl.LeaderElection (LeaderElection.java:logAndReturn(56)) - f2627371-a904-4314-a836-5eb8f54559ec@group-73E40DF2990B-LeaderElection347: Election REJECTED; received 2 response(s) [f2627371-a904-4314-a836-5eb8f54559ec<-e6a83585-83d0-4616-a3d5-866875ad8a29#0:FAIL-t388, f2627371-a904-4314-a836-5eb8f54559ec<-1b813ef4-47a4-4bfc-8eb5-c34ae440adb1#0:FAIL-t388] and 0 exception(s); f2627371-a904-4314-a836-5eb8f54559ec@group-73E40DF2990B:t388, leader=null, voted=f2627371-a904-4314-a836-5eb8f54559ec, raftlog=f2627371-a904-4314-a836-5eb8f54559ec@group-73E40DF2990B-SegmentedRaftLog:OPENED:c-1,f-1,i0, conf=-1: [e6a83585-83d0-4616-a3d5-866875ad8a29:192.168.34.32:46159, f2627371-a904-4314-a836-5eb8f54559ec:192.168.34.32:33224, 1b813ef4-47a4-4bfc-8eb5-c34ae440adb1:192.168.34.32:36113], old=null
2019-10-21 19:13:28,736 [f2627371-a904-4314-a836-5eb8f54559ec@group-73E40DF2990B-LeaderElection347] INFO  impl.RaftServerImpl (RaftServerImpl.java:setRole(184)) - f2627371-a904-4314-a836-5eb8f54559ec@group-73E40DF2990B: changes role from CANDIDATE to FOLLOWER at term 388 for DISCOVERED_A_NEW_TERM
2019-10-21 19:13:28,737 [f2627371-a904-4314-a836-5eb8f54559ec@group-73E40DF2990B-LeaderElection347] INFO  impl.RoleInfo (RoleInfo.java:shutdownLeaderElection(134)) - f2627371-a904-4314-a836-5eb8f54559ec: shutdown LeaderElection
2019-10-21 19:13:28,737 [f2627371-a904-4314-a836-5eb8f54559ec@group-73E40DF2990B-LeaderElection347] INFO  impl.RoleInfo (RoleInfo.java:updateAndGet(143)) - f2627371-a904-4314-a836-5eb8f54559ec: start FollowerState
2019-10-21 19:13:28,842 [Thread-2578] INFO  impl.FollowerState (FollowerState.java:run(108)) - f2627371-a904-4314-a836-5eb8f54559ec@group-73E40DF2990B-FollowerState: change to CANDIDATE, lastRpcTime:105ms, electionTimeout:105ms
2019-10-21 19:13:28,842 [Thread-2578] INFO  impl.RoleInfo (RoleInfo.java:shutdownFollowerState(121)) - f2627371-a904-4314-a836-5eb8f54559ec: shutdown FollowerState
2019-10-21 19:13:28,842 [Thread-2578] INFO  impl.RaftServerImpl (RaftServerImpl.java:setRole(184)) - f2627371-a904-4314-a836-5eb8f54559ec@group-73E40DF2990B: changes role from  FOLLOWER to CANDIDATE at term 388 for changeToCandidate
2019-10-21 19:13:28,842 [Thread-2578] INFO  impl.RoleInfo (RoleInfo.java:updateAndGet(143)) - f2627371-a904-4314-a836-5eb8f54559ec: start LeaderElection
2019-10-21 19:13:28,857 [f2627371-a904-4314-a836-5eb8f54559ec@group-73E40DF2990B-LeaderElection348] INFO  impl.LeaderElection (LeaderElection.java:askForVotes(178)) - f2627371-a904-4314-a836-5eb8f54559ec@group-73E40DF2990B-LeaderElection348: begin an election at term 389 for -1: [e6a83585-83d0-4616-a3d5-866875ad8a29:192.168.34.32:46159, f2627371-a904-4314-a836-5eb8f54559ec:192.168.34.32:33224, 1b813ef4-47a4-4bfc-8eb5-c34ae440adb1:192.168.34.32:36113], old=null
2019-10-21 19:13:28,859 [grpc-default-executor-2] INFO  impl.RaftServerImpl (RaftServerImpl.java:setRole(184)) - 1b813ef4-47a4-4bfc-8eb5-c34ae440adb1@group-73E40DF2990B: changes role from  FOLLOWER to FOLLOWER at term 389 for recognizeCandidate:f2627371-a904-4314-a836-5eb8f54559ec
2019-10-21 19:13:28,859 [grpc-default-executor-5] INFO  impl.RaftServerImpl (RaftServerImpl.java:setRole(184)) - e6a83585-83d0-4616-a3d5-866875ad8a29@group-73E40DF2990B: changes role from  FOLLOWER to FOLLOWER at term 389 for recognizeCandidate:f2627371-a904-4314-a836-5eb8f54559ec
2019-10-21 19:13:28,859 [grpc-default-executor-2] INFO  impl.RoleInfo (RoleInfo.java:shutdownFollowerState(121)) - 1b813ef4-47a4-4bfc-8eb5-c34ae440adb1: shutdown FollowerState
2019-10-21 19:13:28,859 [grpc-default-executor-5] INFO  impl.RoleInfo (RoleInfo.java:shutdownFollowerState(121)) - e6a83585-83d0-4616-a3d5-866875ad8a29: shutdown FollowerState
2019-10-21 19:13:28,859 [Thread-2575] INFO  impl.FollowerState (FollowerState.java:run(117)) - 1b813ef4-47a4-4bfc-8eb5-c34ae440adb1@group-73E40DF2990B-FollowerState was interrupted: java.lang.InterruptedException: sleep interrupted
2019-10-21 19:13:28,859 [grpc-default-executor-2] INFO  impl.RoleInfo (RoleInfo.java:updateAndGet(143)) - 1b813ef4-47a4-4bfc-8eb5-c34ae440adb1: start FollowerState
2019-10-21 19:13:28,859 [Thread-2574] INFO  impl.FollowerState (FollowerState.java:run(117)) - e6a83585-83d0-4616-a3d5-866875ad8a29@group-73E40DF2990B-FollowerState was interrupted: java.lang.InterruptedException: sleep interrupted
2019-10-21 19:13:28,859 [grpc-default-executor-5] INFO  impl.RoleInfo (RoleInfo.java:updateAndGet(143)) - e6a83585-83d0-4616-a3d5-866875ad8a29: start FollowerState
2019-10-21 19:13:28,874 [f2627371-a904-4314-a836-5eb8f54559ec@group-73E40DF2990B-LeaderElection348] INFO  impl.LeaderElection (LeaderElection.java:logAndReturn(56)) - f2627371-a904-4314-a836-5eb8f54559ec@group-73E40DF2990B-LeaderElection348: Election REJECTED; received 2 response(s) [f2627371-a904-4314-a836-5eb8f54559ec<-e6a83585-83d0-4616-a3d5-866875ad8a29#0:FAIL-t389, f2627371-a904-4314-a836-5eb8f54559ec<-1b813ef4-47a4-4bfc-8eb5-c34ae440adb1#0:FAIL-t389] and 0 exception(s); f2627371-a904-4314-a836-5eb8f54559ec@group-73E40DF2990B:t389, leader=null, voted=f2627371-a904-4314-a836-5eb8f54559ec, raftlog=f2627371-a904-4314-a836-5eb8f54559ec@group-73E40DF2990B-SegmentedRaftLog:OPENED:c-1,f-1,i0, conf=-1: [e6a83585-83d0-4616-a3d5-866875ad8a29:192.168.34.32:46159, f2627371-a904-4314-a836-5eb8f54559ec:192.168.34.32:33224, 1b813ef4-47a4-4bfc-8eb5-c34ae440adb1:192.168.34.32:36113], old=null
2019-10-21 19:13:28,874 [f2627371-a904-4314-a836-5eb8f54559ec@group-73E40DF2990B-LeaderElection348] INFO  impl.RaftServerImpl (RaftServerImpl.java:setRole(184)) - f2627371-a904-4314-a836-5eb8f54559ec@group-73E40DF2990B: changes role from CANDIDATE to FOLLOWER at term 389 for DISCOVERED_A_NEW_TERM
2019-10-21 19:13:28,875 [f2627371-a904-4314-a836-5eb8f54559ec@group-73E40DF2990B-LeaderElection348] INFO  impl.RoleInfo (RoleInfo.java:shutdownLeaderElection(134)) - f2627371-a904-4314-a836-5eb8f54559ec: shutdown LeaderElection
2019-10-21 19:13:28,875 [f2627371-a904-4314-a836-5eb8f54559ec@group-73E40DF2990B-LeaderElection348] INFO  impl.RoleInfo (RoleInfo.java:updateAndGet(143)) - f2627371-a904-4314-a836-5eb8f54559ec: start FollowerState
2019-10-21 19:13:29,037 [Thread-2584] INFO  impl.FollowerState (FollowerState.java:run(108)) - f2627371-a904-4314-a836-5eb8f54559ec@group-73E40DF2990B-FollowerState: change to CANDIDATE, lastRpcTime:162ms, electionTimeout:162ms
2019-10-21 19:13:29,037 [Thread-2584] INFO  impl.RoleInfo (RoleInfo.java:shutdownFollowerState(121)) - f2627371-a904-4314-a836-5eb8f54559ec: shutdown FollowerState
2019-10-21 19:13:29,037 [Thread-2584] INFO  impl.RaftServerImpl (RaftServerImpl.java:setRole(184)) - f2627371-a904-4314-a836-5eb8f54559ec@group-73E40DF2990B: changes role from  FOLLOWER to CANDIDATE at term 389 for changeToCandidate
2019-10-21 19:13:29,037 [Thread-2584] INFO  impl.RoleInfo (RoleInfo.java:updateAndGet(143)) - f2627371-a904-4314-a836-5eb8f54559ec: start LeaderElection
2019-10-21 19:13:29,053 [f2627371-a904-4314-a836-5eb8f54559ec@group-73E40DF2990B-LeaderElection349] INFO  impl.LeaderElection (LeaderElection.java:askForVotes(178)) - f2627371-a904-4314-a836-5eb8f54559ec@group-73E40DF2990B-LeaderElection349: begin an election at term 390 for -1: [e6a83585-83d0-4616-a3d5-866875ad8a29:192.168.34.32:46159, f2627371-a904-4314-a836-5eb8f54559ec:192.168.34.32:33224, 1b813ef4-47a4-4bfc-8eb5-c34ae440adb1:192.168.34.32:36113], old=null
2019-10-21 19:13:29,055 [grpc-default-executor-2] INFO  impl.RaftServerImpl (RaftServerImpl.java:setRole(184)) - e6a83585-83d0-4616-a3d5-866875ad8a29@group-73E40DF2990B: changes role from  FOLLOWER to FOLLOWER at term 390 for recognizeCandidate:f2627371-a904-4314-a836-5eb8f54559ec
2019-10-21 19:13:29,055 [grpc-default-executor-2] INFO  impl.RoleInfo (RoleInfo.java:shutdownFollowerState(121)) - e6a83585-83d0-4616-a3d5-866875ad8a29: shutdown FollowerState
2019-10-21 19:13:29,055 [grpc-default-executor-5] INFO  impl.RaftServerImpl (RaftServerImpl.java:setRole(184)) - 1b813ef4-47a4-4bfc-8eb5-c34ae440adb1@group-73E40DF2990B: changes role from  FOLLOWER to FOLLOWER at term 390 for recognizeCandidate:f2627371-a904-4314-a836-5eb8f54559ec
2019-10-21 19:13:29,055 [grpc-default-executor-5] INFO  impl.RoleInfo (RoleInfo.java:shutdownFollowerState(121)) - 1b813ef4-47a4-4bfc-8eb5-c34ae440adb1: shutdown FollowerState
2019-10-21 19:13:29,055 [Thread-2583] INFO  impl.FollowerState (FollowerState.java:run(117)) - e6a83585-83d0-4616-a3d5-866875ad8a29@group-73E40DF2990B-FollowerState was interrupted: java.lang.InterruptedException: sleep interrupted
2019-10-21 19:13:29,055 [grpc-default-executor-2] INFO  impl.RoleInfo (RoleInfo.java:updateAndGet(143)) - e6a83585-83d0-4616-a3d5-866875ad8a29: start FollowerState
2019-10-21 19:13:29,056 [Thread-2582] INFO  impl.FollowerState (FollowerState.java:run(117)) - 1b813ef4-47a4-4bfc-8eb5-c34ae440adb1@group-73E40DF2990B-FollowerState was interrupted: java.lang.InterruptedException: sleep interrupted
2019-10-21 19:13:29,055 [grpc-default-executor-5] INFO  impl.RoleInfo (RoleInfo.java:updateAndGet(143)) - 1b813ef4-47a4-4bfc-8eb5-c34ae440adb1: start FollowerState
2019-10-21 19:13:29,071 [f2627371-a904-4314-a836-5eb8f54559ec@group-73E40DF2990B-LeaderElection349] INFO  impl.LeaderElection (LeaderElection.java:logAndReturn(56)) - f2627371-a904-4314-a836-5eb8f54559ec@group-73E40DF2990B-LeaderElection349: Election REJECTED; received 2 response(s) [f2627371-a904-4314-a836-5eb8f54559ec<-e6a83585-83d0-4616-a3d5-866875ad8a29#0:FAIL-t390, f2627371-a904-4314-a836-5eb8f54559ec<-1b813ef4-47a4-4bfc-8eb5-c34ae440adb1#0:FAIL-t390] and 0 exception(s); f2627371-a904-4314-a836-5eb8f54559ec@group-73E40DF2990B:t390, leader=null, voted=f2627371-a904-4314-a836-5eb8f54559ec, raftlog=f2627371-a904-4314-a836-5eb8f54559ec@group-73E40DF2990B-SegmentedRaftLog:OPENED:c-1,f-1,i0, conf=-1: [e6a83585-83d0-4616-a3d5-866875ad8a29:192.168.34.32:46159, f2627371-a904-4314-a836-5eb8f54559ec:192.168.34.32:33224, 1b813ef4-47a4-4bfc-8eb5-c34ae440adb1:192.168.34.32:36113], old=null
2019-10-21 19:13:29,072 [f2627371-a904-4314-a836-5eb8f54559ec@group-73E40DF2990B-LeaderElection349] INFO  impl.RaftServerImpl (RaftServerImpl.java:setRole(184)) - f2627371-a904-4314-a836-5eb8f54559ec@group-73E40DF2990B: changes role from CANDIDATE to FOLLOWER at term 390 for DISCOVERED_A_NEW_TERM
2019-10-21 19:13:29,072 [f2627371-a904-4314-a836-5eb8f54559ec@group-73E40DF2990B-LeaderElection349] INFO  impl.RoleInfo (RoleInfo.java:shutdownLeaderElection(134)) - f2627371-a904-4314-a836-5eb8f54559ec: shutdown LeaderElection
2019-10-21 19:13:29,072 [f2627371-a904-4314-a836-5eb8f54559ec@group-73E40DF2990B-LeaderElection349] INFO  impl.RoleInfo (RoleInfo.java:updateAndGet(143)) - f2627371-a904-4314-a836-5eb8f54559ec: start FollowerState
2019-10-21 19:13:29,222 [Thread-2590] INFO  impl.FollowerState (FollowerState.java:run(108)) - f2627371-a904-4314-a836-5eb8f54559ec@group-73E40DF2990B-FollowerState: change to CANDIDATE, lastRpcTime:150ms, electionTimeout:150ms
2019-10-21 19:13:29,223 [Thread-2590] INFO  impl.RoleInfo (RoleInfo.java:shutdownFollowerState(121)) - f2627371-a904-4314-a836-5eb8f54559ec: shutdown FollowerState
2019-10-21 19:13:29,229 [Thread-2590] INFO  impl.RaftServerImpl (RaftServerImpl.java:setRole(184)) - f2627371-a904-4314-a836-5eb8f54559ec@group-73E40DF2990B: changes role from  FOLLOWER to CANDIDATE at term 390 for changeToCandidate
2019-10-21 19:13:29,229 [Thread-2590] INFO  impl.RoleInfo (RoleInfo.java:updateAndGet(143)) - f2627371-a904-4314-a836-5eb8f54559ec: start LeaderElection
2019-10-21 19:13:29,246 [f2627371-a904-4314-a836-5eb8f54559ec@group-73E40DF2990B-LeaderElection350] INFO  impl.LeaderElection (LeaderElection.java:askForVotes(178)) - f2627371-a904-4314-a836-5eb8f54559ec@group-73E40DF2990B-LeaderElection350: begin an election at term 391 for -1: [e6a83585-83d0-4616-a3d5-866875ad8a29:192.168.34.32:46159, f2627371-a904-4314-a836-5eb8f54559ec:192.168.34.32:33224, 1b813ef4-47a4-4bfc-8eb5-c34ae440adb1:192.168.34.32:36113], old=null
2019-10-21 19:13:29,252 [grpc-default-executor-5] INFO  impl.RaftServerImpl (RaftServerImpl.java:setRole(184)) - e6a83585-83d0-4616-a3d5-866875ad8a29@group-73E40DF2990B: changes role from  FOLLOWER to FOLLOWER at term 391 for recognizeCandidate:f2627371-a904-4314-a836-5eb8f54559ec
2019-10-21 19:13:29,252 [grpc-default-executor-2] INFO  impl.RaftServerImpl (RaftServerImpl.java:setRole(184)) - 1b813ef4-47a4-4bfc-8eb5-c34ae440adb1@group-73E40DF2990B: changes role from  FOLLOWER to FOLLOWER at term 391 for recognizeCandidate:f2627371-a904-4314-a836-5eb8f54559ec
2019-10-21 19:13:29,252 [grpc-default-executor-5] INFO  impl.RoleInfo (RoleInfo.java:shutdownFollowerState(121)) - e6a83585-83d0-4616-a3d5-866875ad8a29: shutdown FollowerState
2019-10-21 19:13:29,252 [grpc-default-executor-2] INFO  impl.RoleInfo (RoleInfo.java:shutdownFollowerState(121)) - 1b813ef4-47a4-4bfc-8eb5-c34ae440adb1: shutdown FollowerState
2019-10-21 19:13:29,252 [grpc-default-executor-5] INFO  impl.RoleInfo (RoleInfo.java:updateAndGet(143)) - e6a83585-83d0-4616-a3d5-866875ad8a29: start FollowerState
2019-10-21 19:13:29,253 [Thread-2588] INFO  impl.FollowerState (FollowerState.java:run(117)) - e6a83585-83d0-4616-a3d5-866875ad8a29@group-73E40DF2990B-FollowerState was interrupted: java.lang.InterruptedException: sleep interrupted
2019-10-21 19:13:29,253 [grpc-default-executor-2] INFO  impl.RoleInfo (RoleInfo.java:updateAndGet(143)) - 1b813ef4-47a4-4bfc-8eb5-c34ae440adb1: start FollowerState
2019-10-21 19:13:29,253 [Thread-2589] INFO  impl.FollowerState (FollowerState.java:run(117)) - 1b813ef4-47a4-4bfc-8eb5-c34ae440adb1@group-73E40DF2990B-FollowerState was interrupted: java.lang.InterruptedException: sleep interrupted
2019-10-21 19:13:29,268 [f2627371-a904-4314-a836-5eb8f54559ec@group-73E40DF2990B-LeaderElection350] INFO  impl.LeaderElection (LeaderElection.java:logAndReturn(56)) - f2627371-a904-4314-a836-5eb8f54559ec@group-73E40DF2990B-LeaderElection350: Election REJECTED; received 2 response(s) [f2627371-a904-4314-a836-5eb8f54559ec<-e6a83585-83d0-4616-a3d5-866875ad8a29#0:FAIL-t391, f2627371-a904-4314-a836-5eb8f54559ec<-1b813ef4-47a4-4bfc-8eb5-c34ae440adb1#0:FAIL-t391] and 0 exception(s); f2627371-a904-4314-a836-5eb8f54559ec@group-73E40DF2990B:t391, leader=null, voted=f2627371-a904-4314-a836-5eb8f54559ec, raftlog=f2627371-a904-4314-a836-5eb8f54559ec@group-73E40DF2990B-SegmentedRaftLog:OPENED:c-1,f-1,i0, conf=-1: [e6a83585-83d0-4616-a3d5-866875ad8a29:192.168.34.32:46159, f2627371-a904-4314-a836-5eb8f54559ec:192.168.34.32:33224, 1b813ef4-47a4-4bfc-8eb5-c34ae440adb1:192.168.34.32:36113], old=null
2019-10-21 19:13:29,269 [f2627371-a904-4314-a836-5eb8f54559ec@group-73E40DF2990B-LeaderElection350] INFO  impl.RaftServerImpl (RaftServerImpl.java:setRole(184)) - f2627371-a904-4314-a836-5eb8f54559ec@group-73E40DF2990B: changes role from CANDIDATE to FOLLOWER at term 391 for DISCOVERED_A_NEW_TERM
2019-10-21 19:13:29,269 [f2627371-a904-4314-a836-5eb8f54559ec@group-73E40DF2990B-LeaderElection350] INFO  impl.RoleInfo (RoleInfo.java:shutdownLeaderElection(134)) - f2627371-a904-4314-a836-5eb8f54559ec: shutdown LeaderElection
2019-10-21 19:13:29,269 [f2627371-a904-4314-a836-5eb8f54559ec@group-73E40DF2990B-LeaderElection350] INFO  impl.RoleInfo (RoleInfo.java:updateAndGet(143)) - f2627371-a904-4314-a836-5eb8f54559ec: start FollowerState
2019-10-21 19:13:29,302 [Thread-2596] INFO  impl.FollowerState (FollowerState.java:run(108)) - f2627371-a904-4314-a836-5eb8f54559ec@group-73E40DF2990B-FollowerState: change to CANDIDATE, lastRpcTime:33ms, electionTimeout:33ms
2019-10-21 19:13:29,303 [Thread-2596] INFO  impl.RoleInfo (RoleInfo.java:shutdownFollowerState(121)) - f2627371-a904-4314-a836-5eb8f54559ec: shutdown FollowerState
2019-10-21 19:13:29,303 [Thread-2596] INFO  impl.RaftServerImpl (RaftServerImpl.java:setRole(184)) - f2627371-a904-4314-a836-5eb8f54559ec@group-73E40DF2990B: changes role from  FOLLOWER to CANDIDATE at term 391 for changeToCandidate
2019-10-21 19:13:29,303 [Thread-2596] INFO  impl.RoleInfo (RoleInfo.java:updateAndGet(143)) - f2627371-a904-4314-a836-5eb8f54559ec: start LeaderElection
2019-10-21 19:13:29,317 [f2627371-a904-4314-a836-5eb8f54559ec@group-73E40DF2990B-LeaderElection351] INFO  impl.LeaderElection (LeaderElection.java:askForVotes(178)) - f2627371-a904-4314-a836-5eb8f54559ec@group-73E40DF2990B-LeaderElection351: begin an election at term 392 for -1: [e6a83585-83d0-4616-a3d5-866875ad8a29:192.168.34.32:46159, f2627371-a904-4314-a836-5eb8f54559ec:192.168.34.32:33224, 1b813ef4-47a4-4bfc-8eb5-c34ae440adb1:192.168.34.32:36113], old=null
2019-10-21 19:13:29,319 [grpc-default-executor-2] INFO  impl.RaftServerImpl (RaftServerImpl.java:setRole(184)) - 1b813ef4-47a4-4bfc-8eb5-c34ae440adb1@group-73E40DF2990B: changes role from  FOLLOWER to FOLLOWER at term 392 for recognizeCandidate:f2627371-a904-4314-a836-5eb8f54559ec
2019-10-21 19:13:29,319 [grpc-default-executor-5] INFO  impl.RaftServerImpl (RaftServerImpl.java:setRole(184)) - e6a83585-83d0-4616-a3d5-866875ad8a29@group-73E40DF2990B: changes role from  FOLLOWER to FOLLOWER at term 392 for recognizeCandidate:f2627371-a904-4314-a836-5eb8f54559ec
2019-10-21 19:13:29,319 [grpc-default-executor-5] INFO  impl.RoleInfo (RoleInfo.java:shutdownFollowerState(121)) - e6a83585-83d0-4616-a3d5-866875ad8a29: shutdown FollowerState
2019-10-21 19:13:29,319 [grpc-default-executor-2] INFO  impl.RoleInfo (RoleInfo.java:shutdownFollowerState(121)) - 1b813ef4-47a4-4bfc-8eb5-c34ae440adb1: shutdown FollowerState
2019-10-21 19:13:29,320 [grpc-default-executor-5] INFO  impl.RoleInfo (RoleInfo.java:updateAndGet(143)) - e6a83585-83d0-4616-a3d5-866875ad8a29: start FollowerState
2019-10-21 19:13:29,320 [Thread-2595] INFO  impl.FollowerState (FollowerState.java:run(117)) - 1b813ef4-47a4-4bfc-8eb5-c34ae440adb1@group-73E40DF2990B-FollowerState was interrupted: java.lang.InterruptedException: sleep interrupted
2019-10-21 19:13:29,320 [Thread-2594] INFO  impl.FollowerState (FollowerState.java:run(117)) - e6a83585-83d0-4616-a3d5-866875ad8a29@group-73E40DF2990B-FollowerState was interrupted: java.lang.InterruptedException: sleep interrupted
2019-10-21 19:13:29,320 [grpc-default-executor-2] INFO  impl.RoleInfo (RoleInfo.java:updateAndGet(143)) - 1b813ef4-47a4-4bfc-8eb5-c34ae440adb1: start FollowerState
2019-10-21 19:13:29,334 [f2627371-a904-4314-a836-5eb8f54559ec@group-73E40DF2990B-LeaderElection351] INFO  impl.LeaderElection (LeaderElection.java:logAndReturn(56)) - f2627371-a904-4314-a836-5eb8f54559ec@group-73E40DF2990B-LeaderElection351: Election REJECTED; received 2 response(s) [f2627371-a904-4314-a836-5eb8f54559ec<-e6a83585-83d0-4616-a3d5-866875ad8a29#0:FAIL-t392, f2627371-a904-4314-a836-5eb8f54559ec<-1b813ef4-47a4-4bfc-8eb5-c34ae440adb1#0:FAIL-t392] and 0 exception(s); f2627371-a904-4314-a836-5eb8f54559ec@group-73E40DF2990B:t392, leader=null, voted=f2627371-a904-4314-a836-5eb8f54559ec, raftlog=f2627371-a904-4314-a836-5eb8f54559ec@group-73E40DF2990B-SegmentedRaftLog:OPENED:c-1,f-1,i0, conf=-1: [e6a83585-83d0-4616-a3d5-866875ad8a29:192.168.34.32:46159, f2627371-a904-4314-a836-5eb8f54559ec:192.168.34.32:33224, 1b813ef4-47a4-4bfc-8eb5-c34ae440adb1:192.168.34.32:36113], old=null
2019-10-21 19:13:29,335 [f2627371-a904-4314-a836-5eb8f54559ec@group-73E40DF2990B-LeaderElection351] INFO  impl.RaftServerImpl (RaftServerImpl.java:setRole(184)) - f2627371-a904-4314-a836-5eb8f54559ec@group-73E40DF2990B: changes role from CANDIDATE to FOLLOWER at term 392 for DISCOVERED_A_NEW_TERM
2019-10-21 19:13:29,335 [f2627371-a904-4314-a836-5eb8f54559ec@group-73E40DF2990B-LeaderElection351] INFO  impl.RoleInfo (RoleInfo.java:shutdownLeaderElection(134)) - f2627371-a904-4314-a836-5eb8f54559ec: shutdown LeaderElection
2019-10-21 19:13:29,335 [f2627371-a904-4314-a836-5eb8f54559ec@group-73E40DF2990B-LeaderElection351] INFO  impl.RoleInfo (RoleInfo.java:updateAndGet(143)) - f2627371-a904-4314-a836-5eb8f54559ec: start FollowerState
2019-10-21 19:13:29,373 [Thread-2602] INFO  impl.FollowerState (FollowerState.java:run(108)) - f2627371-a904-4314-a836-5eb8f54559ec@group-73E40DF2990B-FollowerState: change to CANDIDATE, lastRpcTime:38ms, electionTimeout:38ms
2019-10-21 19:13:29,373 [Thread-2602] INFO  impl.RoleInfo (RoleInfo.java:shutdownFollowerState(121)) - f2627371-a904-4314-a836-5eb8f54559ec: shutdown FollowerState
2019-10-21 19:13:29,373 [Thread-2602] INFO  impl.RaftServerImpl (RaftServerImpl.java:setRole(184)) - f2627371-a904-4314-a836-5eb8f54559ec@group-73E40DF2990B: changes role from  FOLLOWER to CANDIDATE at term 392 for changeToCandidate
2019-10-21 19:13:29,373 [Thread-2602] INFO  impl.RoleInfo (RoleInfo.java:updateAndGet(143)) - f2627371-a904-4314-a836-5eb8f54559ec: start LeaderElection
2019-10-21 19:13:29,387 [f2627371-a904-4314-a836-5eb8f54559ec@group-73E40DF2990B-LeaderElection352] INFO  impl.LeaderElection (LeaderElection.java:askForVotes(178)) - f2627371-a904-4314-a836-5eb8f54559ec@group-73E40DF2990B-LeaderElection352: begin an election at term 393 for -1: [e6a83585-83d0-4616-a3d5-866875ad8a29:192.168.34.32:46159, f2627371-a904-4314-a836-5eb8f54559ec:192.168.34.32:33224, 1b813ef4-47a4-4bfc-8eb5-c34ae440adb1:192.168.34.32:36113], old=null
2019-10-21 19:13:29,390 [grpc-default-executor-2] INFO  impl.RaftServerImpl (RaftServerImpl.java:setRole(184)) - e6a83585-83d0-4616-a3d5-866875ad8a29@group-73E40DF2990B: changes role from  FOLLOWER to FOLLOWER at term 393 for recognizeCandidate:f2627371-a904-4314-a836-5eb8f54559ec
2019-10-21 19:13:29,390 [grpc-default-executor-2] INFO  impl.RoleInfo (RoleInfo.java:shutdownFollowerState(121)) - e6a83585-83d0-4616-a3d5-866875ad8a29: shutdown FollowerState
2019-10-21 19:13:29,390 [grpc-default-executor-2] INFO  impl.RoleInfo (RoleInfo.java:updateAndGet(143)) - e6a83585-83d0-4616-a3d5-866875ad8a29: start FollowerState
2019-10-21 19:13:29,390 [Thread-2600] INFO  impl.FollowerState (FollowerState.java:run(117)) - e6a83585-83d0-4616-a3d5-866875ad8a29@group-73E40DF2990B-FollowerState was interrupted: java.lang.InterruptedException: sleep interrupted
2019-10-21 19:13:29,390 [grpc-default-executor-5] INFO  impl.RaftServerImpl (RaftServerImpl.java:setRole(184)) - 1b813ef4-47a4-4bfc-8eb5-c34ae440adb1@group-73E40DF2990B: changes role from  FOLLOWER to FOLLOWER at term 393 for recognizeCandidate:f2627371-a904-4314-a836-5eb8f54559ec
2019-10-21 19:13:29,390 [grpc-default-executor-5] INFO  impl.RoleInfo (RoleInfo.java:shutdownFollowerState(121)) - 1b813ef4-47a4-4bfc-8eb5-c34ae440adb1: shutdown FollowerState
2019-10-21 19:13:29,390 [grpc-default-executor-5] INFO  impl.RoleInfo (RoleInfo.java:updateAndGet(143)) - 1b813ef4-47a4-4bfc-8eb5-c34ae440adb1: start FollowerState
2019-10-21 19:13:29,390 [Thread-2601] INFO  impl.FollowerState (FollowerState.java:run(117)) - 1b813ef4-47a4-4bfc-8eb5-c34ae440adb1@group-73E40DF2990B-FollowerState was interrupted: java.lang.InterruptedException: sleep interrupted
2019-10-21 19:13:29,405 [f2627371-a904-4314-a836-5eb8f54559ec@group-73E40DF2990B-LeaderElection352] INFO  impl.LeaderElection (LeaderElection.java:logAndReturn(56)) - f2627371-a904-4314-a836-5eb8f54559ec@group-73E40DF2990B-LeaderElection352: Election REJECTED; received 2 response(s) [f2627371-a904-4314-a836-5eb8f54559ec<-e6a83585-83d0-4616-a3d5-866875ad8a29#0:FAIL-t393, f2627371-a904-4314-a836-5eb8f54559ec<-1b813ef4-47a4-4bfc-8eb5-c34ae440adb1#0:FAIL-t393] and 0 exception(s); f2627371-a904-4314-a836-5eb8f54559ec@group-73E40DF2990B:t393, leader=null, voted=f2627371-a904-4314-a836-5eb8f54559ec, raftlog=f2627371-a904-4314-a836-5eb8f54559ec@group-73E40DF2990B-SegmentedRaftLog:OPENED:c-1,f-1,i0, conf=-1: [e6a83585-83d0-4616-a3d5-866875ad8a29:192.168.34.32:46159, f2627371-a904-4314-a836-5eb8f54559ec:192.168.34.32:33224, 1b813ef4-47a4-4bfc-8eb5-c34ae440adb1:192.168.34.32:36113], old=null
2019-10-21 19:13:29,405 [f2627371-a904-4314-a836-5eb8f54559ec@group-73E40DF2990B-LeaderElection352] INFO  impl.RaftServerImpl (RaftServerImpl.java:setRole(184)) - f2627371-a904-4314-a836-5eb8f54559ec@group-73E40DF2990B: changes role from CANDIDATE to FOLLOWER at term 393 for DISCOVERED_A_NEW_TERM
2019-10-21 19:13:29,405 [f2627371-a904-4314-a836-5eb8f54559ec@group-73E40DF2990B-LeaderElection352] INFO  impl.RoleInfo (RoleInfo.java:shutdownLeaderElection(134)) - f2627371-a904-4314-a836-5eb8f54559ec: shutdown LeaderElection
2019-10-21 19:13:29,405 [f2627371-a904-4314-a836-5eb8f54559ec@group-73E40DF2990B-LeaderElection352] INFO  impl.RoleInfo (RoleInfo.java:updateAndGet(143)) - f2627371-a904-4314-a836-5eb8f54559ec: start FollowerState
2019-10-21 19:13:29,520 [Thread-2608] INFO  impl.FollowerState (FollowerState.java:run(108)) - f2627371-a904-4314-a836-5eb8f54559ec@group-73E40DF2990B-FollowerState: change to CANDIDATE, lastRpcTime:114ms, electionTimeout:114ms
2019-10-21 19:13:29,520 [Thread-2608] INFO  impl.RoleInfo (RoleInfo.java:shutdownFollowerState(121)) - f2627371-a904-4314-a836-5eb8f54559ec: shutdown FollowerState
2019-10-21 19:13:29,520 [Thread-2608] INFO  impl.RaftServerImpl (RaftServerImpl.java:setRole(184)) - f2627371-a904-4314-a836-5eb8f54559ec@group-73E40DF2990B: changes role from  FOLLOWER to CANDIDATE at term 393 for changeToCandidate
2019-10-21 19:13:29,520 [Thread-2608] INFO  impl.RoleInfo (RoleInfo.java:updateAndGet(143)) - f2627371-a904-4314-a836-5eb8f54559ec: start LeaderElection
2019-10-21 19:13:29,535 [f2627371-a904-4314-a836-5eb8f54559ec@group-73E40DF2990B-LeaderElection353] INFO  impl.LeaderElection (LeaderElection.java:askForVotes(178)) - f2627371-a904-4314-a836-5eb8f54559ec@group-73E40DF2990B-LeaderElection353: begin an election at term 394 for -1: [e6a83585-83d0-4616-a3d5-866875ad8a29:192.168.34.32:46159, f2627371-a904-4314-a836-5eb8f54559ec:192.168.34.32:33224, 1b813ef4-47a4-4bfc-8eb5-c34ae440adb1:192.168.34.32:36113], old=null
2019-10-21 19:13:29,536 [grpc-default-executor-2] INFO  impl.RaftServerImpl (RaftServerImpl.java:setRole(184)) - e6a83585-83d0-4616-a3d5-866875ad8a29@group-73E40DF2990B: changes role from  FOLLOWER to FOLLOWER at term 394 for recognizeCandidate:f2627371-a904-4314-a836-5eb8f54559ec
2019-10-21 19:13:29,536 [grpc-default-executor-0] INFO  impl.RaftServerImpl (RaftServerImpl.java:setRole(184)) - 1b813ef4-47a4-4bfc-8eb5-c34ae440adb1@group-73E40DF2990B: changes role from  FOLLOWER to FOLLOWER at term 394 for recognizeCandidate:f2627371-a904-4314-a836-5eb8f54559ec
2019-10-21 19:13:29,537 [grpc-default-executor-0] INFO  impl.RoleInfo (RoleInfo.java:shutdownFollowerState(121)) - 1b813ef4-47a4-4bfc-8eb5-c34ae440adb1: shutdown FollowerState
2019-10-21 19:13:29,536 [grpc-default-executor-2] INFO  impl.RoleInfo (RoleInfo.java:shutdownFollowerState(121)) - e6a83585-83d0-4616-a3d5-866875ad8a29: shutdown FollowerState
2019-10-21 19:13:29,537 [Thread-2607] INFO  impl.FollowerState (FollowerState.java:run(117)) - 1b813ef4-47a4-4bfc-8eb5-c34ae440adb1@group-73E40DF2990B-FollowerState was interrupted: java.lang.InterruptedException: sleep interrupted
2019-10-21 19:13:29,537 [Thread-2606] INFO  impl.FollowerState (FollowerState.java:run(117)) - e6a83585-83d0-4616-a3d5-866875ad8a29@group-73E40DF2990B-FollowerState was interrupted: java.lang.InterruptedException: sleep interrupted
2019-10-21 19:13:29,537 [grpc-default-executor-0] INFO  impl.RoleInfo (RoleInfo.java:updateAndGet(143)) - 1b813ef4-47a4-4bfc-8eb5-c34ae440adb1: start FollowerState
2019-10-21 19:13:29,537 [grpc-default-executor-2] INFO  impl.RoleInfo (RoleInfo.java:updateAndGet(143)) - e6a83585-83d0-4616-a3d5-866875ad8a29: start FollowerState
2019-10-21 19:13:29,568 [f2627371-a904-4314-a836-5eb8f54559ec@group-73E40DF2990B-LeaderElection353] INFO  impl.LeaderElection (LeaderElection.java:logAndReturn(56)) - f2627371-a904-4314-a836-5eb8f54559ec@group-73E40DF2990B-LeaderElection353: Election REJECTED; received 2 response(s) [f2627371-a904-4314-a836-5eb8f54559ec<-e6a83585-83d0-4616-a3d5-866875ad8a29#0:FAIL-t394, f2627371-a904-4314-a836-5eb8f54559ec<-1b813ef4-47a4-4bfc-8eb5-c34ae440adb1#0:FAIL-t394] and 0 exception(s); f2627371-a904-4314-a836-5eb8f54559ec@group-73E40DF2990B:t394, leader=null, voted=f2627371-a904-4314-a836-5eb8f54559ec, raftlog=f2627371-a904-4314-a836-5eb8f54559ec@group-73E40DF2990B-SegmentedRaftLog:OPENED:c-1,f-1,i0, conf=-1: [e6a83585-83d0-4616-a3d5-866875ad8a29:192.168.34.32:46159, f2627371-a904-4314-a836-5eb8f54559ec:192.168.34.32:33224, 1b813ef4-47a4-4bfc-8eb5-c34ae440adb1:192.168.34.32:36113], old=null
2019-10-21 19:13:29,568 [f2627371-a904-4314-a836-5eb8f54559ec@group-73E40DF2990B-LeaderElection353] INFO  impl.RaftServerImpl (RaftServerImpl.java:setRole(184)) - f2627371-a904-4314-a836-5eb8f54559ec@group-73E40DF2990B: changes role from CANDIDATE to FOLLOWER at term 394 for DISCOVERED_A_NEW_TERM
2019-10-21 19:13:29,568 [f2627371-a904-4314-a836-5eb8f54559ec@group-73E40DF2990B-LeaderElection353] INFO  impl.RoleInfo (RoleInfo.java:shutdownLeaderElection(134)) - f2627371-a904-4314-a836-5eb8f54559ec: shutdown LeaderElection
2019-10-21 19:13:29,568 [f2627371-a904-4314-a836-5eb8f54559ec@group-73E40DF2990B-LeaderElection353] INFO  impl.RoleInfo (RoleInfo.java:updateAndGet(143)) - f2627371-a904-4314-a836-5eb8f54559ec: start FollowerState
2019-10-21 19:13:29,716 [Thread-2614] INFO  impl.FollowerState (FollowerState.java:run(108)) - f2627371-a904-4314-a836-5eb8f54559ec@group-73E40DF2990B-FollowerState: change to CANDIDATE, lastRpcTime:147ms, electionTimeout:147ms
2019-10-21 19:13:29,716 [Thread-2614] INFO  impl.RoleInfo (RoleInfo.java:shutdownFollowerState(121)) - f2627371-a904-4314-a836-5eb8f54559ec: shutdown FollowerState
2019-10-21 19:13:29,716 [Thread-2614] INFO  impl.RaftServerImpl (RaftServerImpl.java:setRole(184)) - f2627371-a904-4314-a836-5eb8f54559ec@group-73E40DF2990B: changes role from  FOLLOWER to CANDIDATE at term 394 for changeToCandidate
2019-10-21 19:13:29,716 [Thread-2614] INFO  impl.RoleInfo (RoleInfo.java:updateAndGet(143)) - f2627371-a904-4314-a836-5eb8f54559ec: start LeaderElection
2019-10-21 19:13:29,732 [f2627371-a904-4314-a836-5eb8f54559ec@group-73E40DF2990B-LeaderElection354] INFO  impl.LeaderElection (LeaderElection.java:askForVotes(178)) - f2627371-a904-4314-a836-5eb8f54559ec@group-73E40DF2990B-LeaderElection354: begin an election at term 395 for -1: [e6a83585-83d0-4616-a3d5-866875ad8a29:192.168.34.32:46159, f2627371-a904-4314-a836-5eb8f54559ec:192.168.34.32:33224, 1b813ef4-47a4-4bfc-8eb5-c34ae440adb1:192.168.34.32:36113], old=null
2019-10-21 19:13:29,734 [grpc-default-executor-0] INFO  impl.RaftServerImpl (RaftServerImpl.java:setRole(184)) - 1b813ef4-47a4-4bfc-8eb5-c34ae440adb1@group-73E40DF2990B: changes role from  FOLLOWER to FOLLOWER at term 395 for recognizeCandidate:f2627371-a904-4314-a836-5eb8f54559ec
2019-10-21 19:13:29,735 [grpc-default-executor-0] INFO  impl.RoleInfo (RoleInfo.java:shutdownFollowerState(121)) - 1b813ef4-47a4-4bfc-8eb5-c34ae440adb1: shutdown FollowerState
2019-10-21 19:13:29,735 [grpc-default-executor-5] INFO  impl.RaftServerImpl (RaftServerImpl.java:setRole(184)) - e6a83585-83d0-4616-a3d5-866875ad8a29@group-73E40DF2990B: changes role from  FOLLOWER to FOLLOWER at term 395 for recognizeCandidate:f2627371-a904-4314-a836-5eb8f54559ec
2019-10-21 19:13:29,735 [grpc-default-executor-5] INFO  impl.RoleInfo (RoleInfo.java:shutdownFollowerState(121)) - e6a83585-83d0-4616-a3d5-866875ad8a29: shutdown FollowerState
2019-10-21 19:13:29,735 [Thread-2612] INFO  impl.FollowerState (FollowerState.java:run(117)) - 1b813ef4-47a4-4bfc-8eb5-c34ae440adb1@group-73E40DF2990B-FollowerState was interrupted: java.lang.InterruptedException: sleep interrupted
2019-10-21 19:13:29,735 [grpc-default-executor-0] INFO  impl.RoleInfo (RoleInfo.java:updateAndGet(143)) - 1b813ef4-47a4-4bfc-8eb5-c34ae440adb1: start FollowerState
2019-10-21 19:13:29,735 [Thread-2613] INFO  impl.FollowerState (FollowerState.java:run(117)) - e6a83585-83d0-4616-a3d5-866875ad8a29@group-73E40DF2990B-FollowerState was interrupted: java.lang.InterruptedException: sleep interrupted
2019-10-21 19:13:29,735 [grpc-default-executor-5] INFO  impl.RoleInfo (RoleInfo.java:updateAndGet(143)) - e6a83585-83d0-4616-a3d5-866875ad8a29: start FollowerState
2019-10-21 19:13:29,751 [f2627371-a904-4314-a836-5eb8f54559ec@group-73E40DF2990B-LeaderElection354] INFO  impl.LeaderElection (LeaderElection.java:logAndReturn(56)) - f2627371-a904-4314-a836-5eb8f54559ec@group-73E40DF2990B-LeaderElection354: Election REJECTED; received 2 response(s) [f2627371-a904-4314-a836-5eb8f54559ec<-e6a83585-83d0-4616-a3d5-866875ad8a29#0:FAIL-t395, f2627371-a904-4314-a836-5eb8f54559ec<-1b813ef4-47a4-4bfc-8eb5-c34ae440adb1#0:FAIL-t395] and 0 exception(s); f2627371-a904-4314-a836-5eb8f54559ec@group-73E40DF2990B:t395, leader=null, voted=f2627371-a904-4314-a836-5eb8f54559ec, raftlog=f2627371-a904-4314-a836-5eb8f54559ec@group-73E40DF2990B-SegmentedRaftLog:OPENED:c-1,f-1,i0, conf=-1: [e6a83585-83d0-4616-a3d5-866875ad8a29:192.168.34.32:46159, f2627371-a904-4314-a836-5eb8f54559ec:192.168.34.32:33224, 1b813ef4-47a4-4bfc-8eb5-c34ae440adb1:192.168.34.32:36113], old=null
2019-10-21 19:13:29,751 [f2627371-a904-4314-a836-5eb8f54559ec@group-73E40DF2990B-LeaderElection354] INFO  impl.RaftServerImpl (RaftServerImpl.java:setRole(184)) - f2627371-a904-4314-a836-5eb8f54559ec@group-73E40DF2990B: changes role from CANDIDATE to FOLLOWER at term 395 for DISCOVERED_A_NEW_TERM
2019-10-21 19:13:29,752 [f2627371-a904-4314-a836-5eb8f54559ec@group-73E40DF2990B-LeaderElection354] INFO  impl.RoleInfo (RoleInfo.java:shutdownLeaderElection(134)) - f2627371-a904-4314-a836-5eb8f54559ec: shutdown LeaderElection
2019-10-21 19:13:29,752 [f2627371-a904-4314-a836-5eb8f54559ec@group-73E40DF2990B-LeaderElection354] INFO  impl.RoleInfo (RoleInfo.java:updateAndGet(143)) - f2627371-a904-4314-a836-5eb8f54559ec: start FollowerState
2019-10-21 19:13:29,906 [Thread-2622] INFO  impl.FollowerState (FollowerState.java:run(108)) - f2627371-a904-4314-a836-5eb8f54559ec@group-73E40DF2990B-FollowerState: change to CANDIDATE, lastRpcTime:154ms, electionTimeout:154ms
2019-10-21 19:13:29,906 [Thread-2622] INFO  impl.RoleInfo (RoleInfo.java:shutdownFollowerState(121)) - f2627371-a904-4314-a836-5eb8f54559ec: shutdown FollowerState
2019-10-21 19:13:29,906 [Thread-2622] INFO  impl.RaftServerImpl (RaftServerImpl.java:setRole(184)) - f2627371-a904-4314-a836-5eb8f54559ec@group-73E40DF2990B: changes role from  FOLLOWER to CANDIDATE at term 395 for changeToCandidate
2019-10-21 19:13:29,907 [Thread-2622] INFO  impl.RoleInfo (RoleInfo.java:updateAndGet(143)) - f2627371-a904-4314-a836-5eb8f54559ec: start LeaderElection
2019-10-21 19:13:29,923 [f2627371-a904-4314-a836-5eb8f54559ec@group-73E40DF2990B-LeaderElection355] INFO  impl.LeaderElection (LeaderElection.java:askForVotes(178)) - f2627371-a904-4314-a836-5eb8f54559ec@group-73E40DF2990B-LeaderElection355: begin an election at term 396 for -1: [e6a83585-83d0-4616-a3d5-866875ad8a29:192.168.34.32:46159, f2627371-a904-4314-a836-5eb8f54559ec:192.168.34.32:33224, 1b813ef4-47a4-4bfc-8eb5-c34ae440adb1:192.168.34.32:36113], old=null
2019-10-21 19:13:29,925 [grpc-default-executor-5] INFO  impl.RaftServerImpl (RaftServerImpl.java:setRole(184)) - e6a83585-83d0-4616-a3d5-866875ad8a29@group-73E40DF2990B: changes role from  FOLLOWER to FOLLOWER at term 396 for recognizeCandidate:f2627371-a904-4314-a836-5eb8f54559ec
2019-10-21 19:13:29,925 [grpc-default-executor-5] INFO  impl.RoleInfo (RoleInfo.java:shutdownFollowerState(121)) - e6a83585-83d0-4616-a3d5-866875ad8a29: shutdown FollowerState
2019-10-21 19:13:29,925 [grpc-default-executor-0] INFO  impl.RaftServerImpl (RaftServerImpl.java:setRole(184)) - 1b813ef4-47a4-4bfc-8eb5-c34ae440adb1@group-73E40DF2990B: changes role from  FOLLOWER to FOLLOWER at term 396 for recognizeCandidate:f2627371-a904-4314-a836-5eb8f54559ec
2019-10-21 19:13:29,925 [grpc-default-executor-0] INFO  impl.RoleInfo (RoleInfo.java:shutdownFollowerState(121)) - 1b813ef4-47a4-4bfc-8eb5-c34ae440adb1: shutdown FollowerState
2019-10-21 19:13:29,925 [Thread-2621] INFO  impl.FollowerState (FollowerState.java:run(117)) - e6a83585-83d0-4616-a3d5-866875ad8a29@group-73E40DF2990B-FollowerState was interrupted: java.lang.InterruptedException: sleep interrupted
2019-10-21 19:13:29,925 [grpc-default-executor-5] INFO  impl.RoleInfo (RoleInfo.java:updateAndGet(143)) - e6a83585-83d0-4616-a3d5-866875ad8a29: start FollowerState
2019-10-21 19:13:29,925 [grpc-default-executor-0] INFO  impl.RoleInfo (RoleInfo.java:updateAndGet(143)) - 1b813ef4-47a4-4bfc-8eb5-c34ae440adb1: start FollowerState
2019-10-21 19:13:29,925 [Thread-2619] INFO  impl.FollowerState (FollowerState.java:run(117)) - 1b813ef4-47a4-4bfc-8eb5-c34ae440adb1@group-73E40DF2990B-FollowerState was interrupted: java.lang.InterruptedException: sleep interrupted
2019-10-21 19:13:29,940 [f2627371-a904-4314-a836-5eb8f54559ec@group-73E40DF2990B-LeaderElection355] INFO  impl.LeaderElection (LeaderElection.java:logAndReturn(56)) - f2627371-a904-4314-a836-5eb8f54559ec@group-73E40DF2990B-LeaderElection355: Election REJECTED; received 2 response(s) [f2627371-a904-4314-a836-5eb8f54559ec<-e6a83585-83d0-4616-a3d5-866875ad8a29#0:FAIL-t396, f2627371-a904-4314-a836-5eb8f54559ec<-1b813ef4-47a4-4bfc-8eb5-c34ae440adb1#0:FAIL-t396] and 0 exception(s); f2627371-a904-4314-a836-5eb8f54559ec@group-73E40DF2990B:t396, leader=null, voted=f2627371-a904-4314-a836-5eb8f54559ec, raftlog=f2627371-a904-4314-a836-5eb8f54559ec@group-73E40DF2990B-SegmentedRaftLog:OPENED:c-1,f-1,i0, conf=-1: [e6a83585-83d0-4616-a3d5-866875ad8a29:192.168.34.32:46159, f2627371-a904-4314-a836-5eb8f54559ec:192.168.34.32:33224, 1b813ef4-47a4-4bfc-8eb5-c34ae440adb1:192.168.34.32:36113], old=null
2019-10-21 19:13:29,941 [f2627371-a904-4314-a836-5eb8f54559ec@group-73E40DF2990B-LeaderElection355] INFO  impl.RaftServerImpl (RaftServerImpl.java:setRole(184)) - f2627371-a904-4314-a836-5eb8f54559ec@group-73E40DF2990B: changes role from CANDIDATE to FOLLOWER at term 396 for DISCOVERED_A_NEW_TERM
2019-10-21 19:13:29,941 [f2627371-a904-4314-a836-5eb8f54559ec@group-73E40DF2990B-LeaderElection355] INFO  impl.RoleInfo (RoleInfo.java:shutdownLeaderElection(134)) - f2627371-a904-4314-a836-5eb8f54559ec: shutdown LeaderElection
2019-10-21 19:13:29,941 [f2627371-a904-4314-a836-5eb8f54559ec@group-73E40DF2990B-LeaderElection355] INFO  impl.RoleInfo (RoleInfo.java:updateAndGet(143)) - f2627371-a904-4314-a836-5eb8f54559ec: start FollowerState
2019-10-21 19:13:29,953 [Thread-2628] INFO  impl.FollowerState (FollowerState.java:run(108)) - f2627371-a904-4314-a836-5eb8f54559ec@group-73E40DF2990B-FollowerState: change to CANDIDATE, lastRpcTime:12ms, electionTimeout:12ms
2019-10-21 19:13:29,954 [Thread-2628] INFO  impl.RoleInfo (RoleInfo.java:shutdownFollowerState(121)) - f2627371-a904-4314-a836-5eb8f54559ec: shutdown FollowerState
2019-10-21 19:13:29,954 [Thread-2628] INFO  impl.RaftServerImpl (RaftServerImpl.java:setRole(184)) - f2627371-a904-4314-a836-5eb8f54559ec@group-73E40DF2990B: changes role from  FOLLOWER to CANDIDATE at term 396 for changeToCandidate
2019-10-21 19:13:29,954 [Thread-2628] INFO  impl.RoleInfo (RoleInfo.java:updateAndGet(143)) - f2627371-a904-4314-a836-5eb8f54559ec: start LeaderElection
2019-10-21 19:13:29,969 [f2627371-a904-4314-a836-5eb8f54559ec@group-73E40DF2990B-LeaderElection356] INFO  impl.LeaderElection (LeaderElection.java:askForVotes(178)) - f2627371-a904-4314-a836-5eb8f54559ec@group-73E40DF2990B-LeaderElection356: begin an election at term 397 for -1: [e6a83585-83d0-4616-a3d5-866875ad8a29:192.168.34.32:46159, f2627371-a904-4314-a836-5eb8f54559ec:192.168.34.32:33224, 1b813ef4-47a4-4bfc-8eb5-c34ae440adb1:192.168.34.32:36113], old=null
2019-10-21 19:13:29,970 [grpc-default-executor-5] INFO  impl.RaftServerImpl (RaftServerImpl.java:setRole(184)) - e6a83585-83d0-4616-a3d5-866875ad8a29@group-73E40DF2990B: changes role from  FOLLOWER to FOLLOWER at term 397 for recognizeCandidate:f2627371-a904-4314-a836-5eb8f54559ec
2019-10-21 19:13:29,970 [grpc-default-executor-5] INFO  impl.RoleInfo (RoleInfo.java:shutdownFollowerState(121)) - e6a83585-83d0-4616-a3d5-866875ad8a29: shutdown FollowerState
2019-10-21 19:13:29,970 [grpc-default-executor-0] INFO  impl.RaftServerImpl (RaftServerImpl.java:setRole(184)) - 1b813ef4-47a4-4bfc-8eb5-c34ae440adb1@group-73E40DF2990B: changes role from  FOLLOWER to FOLLOWER at term 397 for recognizeCandidate:f2627371-a904-4314-a836-5eb8f54559ec
2019-10-21 19:13:29,970 [grpc-default-executor-0] INFO  impl.RoleInfo (RoleInfo.java:shutdownFollowerState(121)) - 1b813ef4-47a4-4bfc-8eb5-c34ae440adb1: shutdown FollowerState
2019-10-21 19:13:29,970 [Thread-2626] INFO  impl.FollowerState (FollowerState.java:run(117)) - e6a83585-83d0-4616-a3d5-866875ad8a29@group-73E40DF2990B-FollowerState was interrupted: java.lang.InterruptedException: sleep interrupted
2019-10-21 19:13:29,971 [Thread-2627] INFO  impl.FollowerState (FollowerState.java:run(117)) - 1b813ef4-47a4-4bfc-8eb5-c34ae440adb1@group-73E40DF2990B-FollowerState was interrupted: java.lang.InterruptedException: sleep interrupted
2019-10-21 19:13:29,970 [grpc-default-executor-5] INFO  impl.RoleInfo (RoleInfo.java:updateAndGet(143)) - e6a83585-83d0-4616-a3d5-866875ad8a29: start FollowerState
2019-10-21 19:13:29,971 [grpc-default-executor-0] INFO  impl.RoleInfo (RoleInfo.java:updateAndGet(143)) - 1b813ef4-47a4-4bfc-8eb5-c34ae440adb1: start FollowerState
2019-10-21 19:13:29,985 [f2627371-a904-4314-a836-5eb8f54559ec@group-73E40DF2990B-LeaderElection356] INFO  impl.LeaderElection (LeaderElection.java:logAndReturn(56)) - f2627371-a904-4314-a836-5eb8f54559ec@group-73E40DF2990B-LeaderElection356: Election REJECTED; received 2 response(s) [f2627371-a904-4314-a836-5eb8f54559ec<-e6a83585-83d0-4616-a3d5-866875ad8a29#0:FAIL-t397, f2627371-a904-4314-a836-5eb8f54559ec<-1b813ef4-47a4-4bfc-8eb5-c34ae440adb1#0:FAIL-t397] and 0 exception(s); f2627371-a904-4314-a836-5eb8f54559ec@group-73E40DF2990B:t397, leader=null, voted=f2627371-a904-4314-a836-5eb8f54559ec, raftlog=f2627371-a904-4314-a836-5eb8f54559ec@group-73E40DF2990B-SegmentedRaftLog:OPENED:c-1,f-1,i0, conf=-1: [e6a83585-83d0-4616-a3d5-866875ad8a29:192.168.34.32:46159, f2627371-a904-4314-a836-5eb8f54559ec:192.168.34.32:33224, 1b813ef4-47a4-4bfc-8eb5-c34ae440adb1:192.168.34.32:36113], old=null
2019-10-21 19:13:29,985 [f2627371-a904-4314-a836-5eb8f54559ec@group-73E40DF2990B-LeaderElection356] INFO  impl.RaftServerImpl (RaftServerImpl.java:setRole(184)) - f2627371-a904-4314-a836-5eb8f54559ec@group-73E40DF2990B: changes role from CANDIDATE to FOLLOWER at term 397 for DISCOVERED_A_NEW_TERM
2019-10-21 19:13:29,985 [f2627371-a904-4314-a836-5eb8f54559ec@group-73E40DF2990B-LeaderElection356] INFO  impl.RoleInfo (RoleInfo.java:shutdownLeaderElection(134)) - f2627371-a904-4314-a836-5eb8f54559ec: shutdown LeaderElection
2019-10-21 19:13:29,985 [f2627371-a904-4314-a836-5eb8f54559ec@group-73E40DF2990B-LeaderElection356] INFO  impl.RoleInfo (RoleInfo.java:updateAndGet(143)) - f2627371-a904-4314-a836-5eb8f54559ec: start FollowerState
2019-10-21 19:13:30,170 [Thread-2634] INFO  impl.FollowerState (FollowerState.java:run(108)) - f2627371-a904-4314-a836-5eb8f54559ec@group-73E40DF2990B-FollowerState: change to CANDIDATE, lastRpcTime:184ms, electionTimeout:184ms
2019-10-21 19:13:30,170 [Thread-2634] INFO  impl.RoleInfo (RoleInfo.java:shutdownFollowerState(121)) - f2627371-a904-4314-a836-5eb8f54559ec: shutdown FollowerState
2019-10-21 19:13:30,170 [Thread-2634] INFO  impl.RaftServerImpl (RaftServerImpl.java:setRole(184)) - f2627371-a904-4314-a836-5eb8f54559ec@group-73E40DF2990B: changes role from  FOLLOWER to CANDIDATE at term 397 for changeToCandidate
2019-10-21 19:13:30,170 [Thread-2634] INFO  impl.RoleInfo (RoleInfo.java:updateAndGet(143)) - f2627371-a904-4314-a836-5eb8f54559ec: start LeaderElection
2019-10-21 19:13:30,185 [f2627371-a904-4314-a836-5eb8f54559ec@group-73E40DF2990B-LeaderElection357] INFO  impl.LeaderElection (LeaderElection.java:askForVotes(178)) - f2627371-a904-4314-a836-5eb8f54559ec@group-73E40DF2990B-LeaderElection357: begin an election at term 398 for -1: [e6a83585-83d0-4616-a3d5-866875ad8a29:192.168.34.32:46159, f2627371-a904-4314-a836-5eb8f54559ec:192.168.34.32:33224, 1b813ef4-47a4-4bfc-8eb5-c34ae440adb1:192.168.34.32:36113], old=null
2019-10-21 19:13:30,187 [grpc-default-executor-5] INFO  impl.RaftServerImpl (RaftServerImpl.java:setRole(184)) - e6a83585-83d0-4616-a3d5-866875ad8a29@group-73E40DF2990B: changes role from  FOLLOWER to FOLLOWER at term 398 for recognizeCandidate:f2627371-a904-4314-a836-5eb8f54559ec
2019-10-21 19:13:30,187 [grpc-default-executor-5] INFO  impl.RoleInfo (RoleInfo.java:shutdownFollowerState(121)) - e6a83585-83d0-4616-a3d5-866875ad8a29: shutdown FollowerState
2019-10-21 19:13:30,187 [grpc-default-executor-0] INFO  impl.RaftServerImpl (RaftServerImpl.java:setRole(184)) - 1b813ef4-47a4-4bfc-8eb5-c34ae440adb1@group-73E40DF2990B: changes role from  FOLLOWER to FOLLOWER at term 398 for recognizeCandidate:f2627371-a904-4314-a836-5eb8f54559ec
2019-10-21 19:13:30,188 [grpc-default-executor-0] INFO  impl.RoleInfo (RoleInfo.java:shutdownFollowerState(121)) - 1b813ef4-47a4-4bfc-8eb5-c34ae440adb1: shutdown FollowerState
2019-10-21 19:13:30,187 [Thread-2632] INFO  impl.FollowerState (FollowerState.java:run(117)) - e6a83585-83d0-4616-a3d5-866875ad8a29@group-73E40DF2990B-FollowerState was interrupted: java.lang.InterruptedException: sleep interrupted
2019-10-21 19:13:30,187 [grpc-default-executor-5] INFO  impl.RoleInfo (RoleInfo.java:updateAndGet(143)) - e6a83585-83d0-4616-a3d5-866875ad8a29: start FollowerState
2019-10-21 19:13:30,188 [Thread-2633] INFO  impl.FollowerState (FollowerState.java:run(117)) - 1b813ef4-47a4-4bfc-8eb5-c34ae440adb1@group-73E40DF2990B-FollowerState was interrupted: java.lang.InterruptedException: sleep interrupted
2019-10-21 19:13:30,188 [grpc-default-executor-0] INFO  impl.RoleInfo (RoleInfo.java:updateAndGet(143)) - 1b813ef4-47a4-4bfc-8eb5-c34ae440adb1: start FollowerState
2019-10-21 19:13:30,202 [f2627371-a904-4314-a836-5eb8f54559ec@group-73E40DF2990B-LeaderElection357] INFO  impl.LeaderElection (LeaderElection.java:logAndReturn(56)) - f2627371-a904-4314-a836-5eb8f54559ec@group-73E40DF2990B-LeaderElection357: Election REJECTED; received 2 response(s) [f2627371-a904-4314-a836-5eb8f54559ec<-e6a83585-83d0-4616-a3d5-866875ad8a29#0:FAIL-t398, f2627371-a904-4314-a836-5eb8f54559ec<-1b813ef4-47a4-4bfc-8eb5-c34ae440adb1#0:FAIL-t398] and 0 exception(s); f2627371-a904-4314-a836-5eb8f54559ec@group-73E40DF2990B:t398, leader=null, voted=f2627371-a904-4314-a836-5eb8f54559ec, raftlog=f2627371-a904-4314-a836-5eb8f54559ec@group-73E40DF2990B-SegmentedRaftLog:OPENED:c-1,f-1,i0, conf=-1: [e6a83585-83d0-4616-a3d5-866875ad8a29:192.168.34.32:46159, f2627371-a904-4314-a836-5eb8f54559ec:192.168.34.32:33224, 1b813ef4-47a4-4bfc-8eb5-c34ae440adb1:192.168.34.32:36113], old=null
2019-10-21 19:13:30,203 [f2627371-a904-4314-a836-5eb8f54559ec@group-73E40DF2990B-LeaderElection357] INFO  impl.RaftServerImpl (RaftServerImpl.java:setRole(184)) - f2627371-a904-4314-a836-5eb8f54559ec@group-73E40DF2990B: changes role from CANDIDATE to FOLLOWER at term 398 for DISCOVERED_A_NEW_TERM
2019-10-21 19:13:30,203 [f2627371-a904-4314-a836-5eb8f54559ec@group-73E40DF2990B-LeaderElection357] INFO  impl.RoleInfo (RoleInfo.java:shutdownLeaderElection(134)) - f2627371-a904-4314-a836-5eb8f54559ec: shutdown LeaderElection
2019-10-21 19:13:30,203 [f2627371-a904-4314-a836-5eb8f54559ec@group-73E40DF2990B-LeaderElection357] INFO  impl.RoleInfo (RoleInfo.java:updateAndGet(143)) - f2627371-a904-4314-a836-5eb8f54559ec: start FollowerState
2019-10-21 19:13:30,360 [Thread-2640] INFO  impl.FollowerState (FollowerState.java:run(108)) - f2627371-a904-4314-a836-5eb8f54559ec@group-73E40DF2990B-FollowerState: change to CANDIDATE, lastRpcTime:157ms, electionTimeout:157ms
2019-10-21 19:13:30,360 [Thread-2640] INFO  impl.RoleInfo (RoleInfo.java:shutdownFollowerState(121)) - f2627371-a904-4314-a836-5eb8f54559ec: shutdown FollowerState
2019-10-21 19:13:30,361 [Thread-2640] INFO  impl.RaftServerImpl (RaftServerImpl.java:setRole(184)) - f2627371-a904-4314-a836-5eb8f54559ec@group-73E40DF2990B: changes role from  FOLLOWER to CANDIDATE at term 398 for changeToCandidate
2019-10-21 19:13:30,361 [Thread-2640] INFO  impl.RoleInfo (RoleInfo.java:updateAndGet(143)) - f2627371-a904-4314-a836-5eb8f54559ec: start LeaderElection
2019-10-21 19:13:30,375 [f2627371-a904-4314-a836-5eb8f54559ec@group-73E40DF2990B-LeaderElection358] INFO  impl.LeaderElection (LeaderElection.java:askForVotes(178)) - f2627371-a904-4314-a836-5eb8f54559ec@group-73E40DF2990B-LeaderElection358: begin an election at term 399 for -1: [e6a83585-83d0-4616-a3d5-866875ad8a29:192.168.34.32:46159, f2627371-a904-4314-a836-5eb8f54559ec:192.168.34.32:33224, 1b813ef4-47a4-4bfc-8eb5-c34ae440adb1:192.168.34.32:36113], old=null
2019-10-21 19:13:30,377 [grpc-default-executor-5] INFO  impl.RaftServerImpl (RaftServerImpl.java:setRole(184)) - e6a83585-83d0-4616-a3d5-866875ad8a29@group-73E40DF2990B: changes role from  FOLLOWER to FOLLOWER at term 399 for recognizeCandidate:f2627371-a904-4314-a836-5eb8f54559ec
2019-10-21 19:13:30,377 [grpc-default-executor-5] INFO  impl.RoleInfo (RoleInfo.java:shutdownFollowerState(121)) - e6a83585-83d0-4616-a3d5-866875ad8a29: shutdown FollowerState
2019-10-21 19:13:30,377 [grpc-default-executor-0] INFO  impl.RaftServerImpl (RaftServerImpl.java:setRole(184)) - 1b813ef4-47a4-4bfc-8eb5-c34ae440adb1@group-73E40DF2990B: changes role from  FOLLOWER to FOLLOWER at term 399 for recognizeCandidate:f2627371-a904-4314-a836-5eb8f54559ec
2019-10-21 19:13:30,377 [grpc-default-executor-0] INFO  impl.RoleInfo (RoleInfo.java:shutdownFollowerState(121)) - 1b813ef4-47a4-4bfc-8eb5-c34ae440adb1: shutdown FollowerState
2019-10-21 19:13:30,377 [Thread-2638] INFO  impl.FollowerState (FollowerState.java:run(117)) - e6a83585-83d0-4616-a3d5-866875ad8a29@group-73E40DF2990B-FollowerState was interrupted: java.lang.InterruptedException: sleep interrupted
2019-10-21 19:13:30,377 [grpc-default-executor-5] INFO  impl.RoleInfo (RoleInfo.java:updateAndGet(143)) - e6a83585-83d0-4616-a3d5-866875ad8a29: start FollowerState
2019-10-21 19:13:30,377 [Thread-2639] INFO  impl.FollowerState (FollowerState.java:run(117)) - 1b813ef4-47a4-4bfc-8eb5-c34ae440adb1@group-73E40DF2990B-FollowerState was interrupted: java.lang.InterruptedException: sleep interrupted
2019-10-21 19:13:30,377 [grpc-default-executor-0] INFO  impl.RoleInfo (RoleInfo.java:updateAndGet(143)) - 1b813ef4-47a4-4bfc-8eb5-c34ae440adb1: start FollowerState
2019-10-21 19:13:30,406 [f2627371-a904-4314-a836-5eb8f54559ec@group-73E40DF2990B-LeaderElection358] INFO  impl.LeaderElection (LeaderElection.java:logAndReturn(56)) - f2627371-a904-4314-a836-5eb8f54559ec@group-73E40DF2990B-LeaderElection358: Election REJECTED; received 2 response(s) [f2627371-a904-4314-a836-5eb8f54559ec<-e6a83585-83d0-4616-a3d5-866875ad8a29#0:FAIL-t399, f2627371-a904-4314-a836-5eb8f54559ec<-1b813ef4-47a4-4bfc-8eb5-c34ae440adb1#0:FAIL-t399] and 0 exception(s); f2627371-a904-4314-a836-5eb8f54559ec@group-73E40DF2990B:t399, leader=null, voted=f2627371-a904-4314-a836-5eb8f54559ec, raftlog=f2627371-a904-4314-a836-5eb8f54559ec@group-73E40DF2990B-SegmentedRaftLog:OPENED:c-1,f-1,i0, conf=-1: [e6a83585-83d0-4616-a3d5-866875ad8a29:192.168.34.32:46159, f2627371-a904-4314-a836-5eb8f54559ec:192.168.34.32:33224, 1b813ef4-47a4-4bfc-8eb5-c34ae440adb1:192.168.34.32:36113], old=null
2019-10-21 19:13:30,406 [f2627371-a904-4314-a836-5eb8f54559ec@group-73E40DF2990B-LeaderElection358] INFO  impl.RaftServerImpl (RaftServerImpl.java:setRole(184)) - f2627371-a904-4314-a836-5eb8f54559ec@group-73E40DF2990B: changes role from CANDIDATE to FOLLOWER at term 399 for DISCOVERED_A_NEW_TERM
2019-10-21 19:13:30,406 [f2627371-a904-4314-a836-5eb8f54559ec@group-73E40DF2990B-LeaderElection358] INFO  impl.RoleInfo (RoleInfo.java:shutdownLeaderElection(134)) - f2627371-a904-4314-a836-5eb8f54559ec: shutdown LeaderElection
2019-10-21 19:13:30,407 [f2627371-a904-4314-a836-5eb8f54559ec@group-73E40DF2990B-LeaderElection358] INFO  impl.RoleInfo (RoleInfo.java:updateAndGet(143)) - f2627371-a904-4314-a836-5eb8f54559ec: start FollowerState
2019-10-21 19:13:30,416 [Thread-2646] INFO  impl.FollowerState (FollowerState.java:run(108)) - f2627371-a904-4314-a836-5eb8f54559ec@group-73E40DF2990B-FollowerState: change to CANDIDATE, lastRpcTime:9ms, electionTimeout:9ms
2019-10-21 19:13:30,416 [Thread-2646] INFO  impl.RoleInfo (RoleInfo.java:shutdownFollowerState(121)) - f2627371-a904-4314-a836-5eb8f54559ec: shutdown FollowerState
2019-10-21 19:13:30,416 [Thread-2646] INFO  impl.RaftServerImpl (RaftServerImpl.java:setRole(184)) - f2627371-a904-4314-a836-5eb8f54559ec@group-73E40DF2990B: changes role from  FOLLOWER to CANDIDATE at term 399 for changeToCandidate
2019-10-21 19:13:30,416 [Thread-2646] INFO  impl.RoleInfo (RoleInfo.java:updateAndGet(143)) - f2627371-a904-4314-a836-5eb8f54559ec: start LeaderElection
2019-10-21 19:13:30,430 [f2627371-a904-4314-a836-5eb8f54559ec@group-73E40DF2990B-LeaderElection359] INFO  impl.LeaderElection (LeaderElection.java:askForVotes(178)) - f2627371-a904-4314-a836-5eb8f54559ec@group-73E40DF2990B-LeaderElection359: begin an election at term 400 for -1: [e6a83585-83d0-4616-a3d5-866875ad8a29:192.168.34.32:46159, f2627371-a904-4314-a836-5eb8f54559ec:192.168.34.32:33224, 1b813ef4-47a4-4bfc-8eb5-c34ae440adb1:192.168.34.32:36113], old=null
2019-10-21 19:13:30,431 [grpc-default-executor-0] INFO  impl.RaftServerImpl (RaftServerImpl.java:setRole(184)) - e6a83585-83d0-4616-a3d5-866875ad8a29@group-73E40DF2990B: changes role from  FOLLOWER to FOLLOWER at term 400 for recognizeCandidate:f2627371-a904-4314-a836-5eb8f54559ec
2019-10-21 19:13:30,432 [grpc-default-executor-0] INFO  impl.RoleInfo (RoleInfo.java:shutdownFollowerState(121)) - e6a83585-83d0-4616-a3d5-866875ad8a29: shutdown FollowerState
2019-10-21 19:13:30,432 [grpc-default-executor-0] INFO  impl.RoleInfo (RoleInfo.java:updateAndGet(143)) - e6a83585-83d0-4616-a3d5-866875ad8a29: start FollowerState
2019-10-21 19:13:30,432 [Thread-2644] INFO  impl.FollowerState (FollowerState.java:run(117)) - e6a83585-83d0-4616-a3d5-866875ad8a29@group-73E40DF2990B-FollowerState was interrupted: java.lang.InterruptedException: sleep interrupted
2019-10-21 19:13:30,432 [grpc-default-executor-5] INFO  impl.RaftServerImpl (RaftServerImpl.java:setRole(184)) - 1b813ef4-47a4-4bfc-8eb5-c34ae440adb1@group-73E40DF2990B: changes role from  FOLLOWER to FOLLOWER at term 400 for recognizeCandidate:f2627371-a904-4314-a836-5eb8f54559ec
2019-10-21 19:13:30,432 [grpc-default-executor-5] INFO  impl.RoleInfo (RoleInfo.java:shutdownFollowerState(121)) - 1b813ef4-47a4-4bfc-8eb5-c34ae440adb1: shutdown FollowerState
2019-10-21 19:13:30,432 [grpc-default-executor-5] INFO  impl.RoleInfo (RoleInfo.java:updateAndGet(143)) - 1b813ef4-47a4-4bfc-8eb5-c34ae440adb1: start FollowerState
2019-10-21 19:13:30,432 [Thread-2645] INFO  impl.FollowerState (FollowerState.java:run(117)) - 1b813ef4-47a4-4bfc-8eb5-c34ae440adb1@group-73E40DF2990B-FollowerState was interrupted: java.lang.InterruptedException: sleep interrupted
2019-10-21 19:13:30,447 [f2627371-a904-4314-a836-5eb8f54559ec@group-73E40DF2990B-LeaderElection359] INFO  impl.LeaderElection (LeaderElection.java:logAndReturn(56)) - f2627371-a904-4314-a836-5eb8f54559ec@group-73E40DF2990B-LeaderElection359: Election REJECTED; received 2 response(s) [f2627371-a904-4314-a836-5eb8f54559ec<-e6a83585-83d0-4616-a3d5-866875ad8a29#0:FAIL-t400, f2627371-a904-4314-a836-5eb8f54559ec<-1b813ef4-47a4-4bfc-8eb5-c34ae440adb1#0:FAIL-t400] and 0 exception(s); f2627371-a904-4314-a836-5eb8f54559ec@group-73E40DF2990B:t400, leader=null, voted=f2627371-a904-4314-a836-5eb8f54559ec, raftlog=f2627371-a904-4314-a836-5eb8f54559ec@group-73E40DF2990B-SegmentedRaftLog:OPENED:c-1,f-1,i0, conf=-1: [e6a83585-83d0-4616-a3d5-866875ad8a29:192.168.34.32:46159, f2627371-a904-4314-a836-5eb8f54559ec:192.168.34.32:33224, 1b813ef4-47a4-4bfc-8eb5-c34ae440adb1:192.168.34.32:36113], old=null
2019-10-21 19:13:30,447 [f2627371-a904-4314-a836-5eb8f54559ec@group-73E40DF2990B-LeaderElection359] INFO  impl.RaftServerImpl (RaftServerImpl.java:setRole(184)) - f2627371-a904-4314-a836-5eb8f54559ec@group-73E40DF2990B: changes role from CANDIDATE to FOLLOWER at term 400 for DISCOVERED_A_NEW_TERM
2019-10-21 19:13:30,447 [f2627371-a904-4314-a836-5eb8f54559ec@group-73E40DF2990B-LeaderElection359] INFO  impl.RoleInfo (RoleInfo.java:shutdownLeaderElection(134)) - f2627371-a904-4314-a836-5eb8f54559ec: shutdown LeaderElection
2019-10-21 19:13:30,447 [f2627371-a904-4314-a836-5eb8f54559ec@group-73E40DF2990B-LeaderElection359] INFO  impl.RoleInfo (RoleInfo.java:updateAndGet(143)) - f2627371-a904-4314-a836-5eb8f54559ec: start FollowerState
2019-10-21 19:13:30,601 [Thread-2652] INFO  impl.FollowerState (FollowerState.java:run(108)) - f2627371-a904-4314-a836-5eb8f54559ec@group-73E40DF2990B-FollowerState: change to CANDIDATE, lastRpcTime:154ms, electionTimeout:154ms
2019-10-21 19:13:30,602 [Thread-2652] INFO  impl.RoleInfo (RoleInfo.java:shutdownFollowerState(121)) - f2627371-a904-4314-a836-5eb8f54559ec: shutdown FollowerState
2019-10-21 19:13:30,602 [Thread-2652] INFO  impl.RaftServerImpl (RaftServerImpl.java:setRole(184)) - f2627371-a904-4314-a836-5eb8f54559ec@group-73E40DF2990B: changes role from  FOLLOWER to CANDIDATE at term 400 for changeToCandidate
2019-10-21 19:13:30,602 [Thread-2652] INFO  impl.RoleInfo (RoleInfo.java:updateAndGet(143)) - f2627371-a904-4314-a836-5eb8f54559ec: start LeaderElection
2019-10-21 19:13:30,618 [f2627371-a904-4314-a836-5eb8f54559ec@group-73E40DF2990B-LeaderElection360] INFO  impl.LeaderElection (LeaderElection.java:askForVotes(178)) - f2627371-a904-4314-a836-5eb8f54559ec@group-73E40DF2990B-LeaderElection360: begin an election at term 401 for -1: [e6a83585-83d0-4616-a3d5-866875ad8a29:192.168.34.32:46159, f2627371-a904-4314-a836-5eb8f54559ec:192.168.34.32:33224, 1b813ef4-47a4-4bfc-8eb5-c34ae440adb1:192.168.34.32:36113], old=null
2019-10-21 19:13:30,620 [grpc-default-executor-0] INFO  impl.RaftServerImpl (RaftServerImpl.java:setRole(184)) - e6a83585-83d0-4616-a3d5-866875ad8a29@group-73E40DF2990B: changes role from  FOLLOWER to FOLLOWER at term 401 for recognizeCandidate:f2627371-a904-4314-a836-5eb8f54559ec
2019-10-21 19:13:30,620 [grpc-default-executor-0] INFO  impl.RoleInfo (RoleInfo.java:shutdownFollowerState(121)) - e6a83585-83d0-4616-a3d5-866875ad8a29: shutdown FollowerState
2019-10-21 19:13:30,621 [grpc-default-executor-5] INFO  impl.RaftServerImpl (RaftServerImpl.java:setRole(184)) - 1b813ef4-47a4-4bfc-8eb5-c34ae440adb1@group-73E40DF2990B: changes role from  FOLLOWER to FOLLOWER at term 401 for recognizeCandidate:f2627371-a904-4314-a836-5eb8f54559ec
2019-10-21 19:13:30,621 [grpc-default-executor-5] INFO  impl.RoleInfo (RoleInfo.java:shutdownFollowerState(121)) - 1b813ef4-47a4-4bfc-8eb5-c34ae440adb1: shutdown FollowerState
2019-10-21 19:13:30,621 [Thread-2650] INFO  impl.FollowerState (FollowerState.java:run(117)) - e6a83585-83d0-4616-a3d5-866875ad8a29@group-73E40DF2990B-FollowerState was interrupted: java.lang.InterruptedException: sleep interrupted
2019-10-21 19:13:30,621 [Thread-2651] INFO  impl.FollowerState (FollowerState.java:run(117)) - 1b813ef4-47a4-4bfc-8eb5-c34ae440adb1@group-73E40DF2990B-FollowerState was interrupted: java.lang.InterruptedException: sleep interrupted
2019-10-21 19:13:30,621 [grpc-default-executor-0] INFO  impl.RoleInfo (RoleInfo.java:updateAndGet(143)) - e6a83585-83d0-4616-a3d5-866875ad8a29: start FollowerState
2019-10-21 19:13:30,621 [grpc-default-executor-5] INFO  impl.RoleInfo (RoleInfo.java:updateAndGet(143)) - 1b813ef4-47a4-4bfc-8eb5-c34ae440adb1: start FollowerState
2019-10-21 19:13:30,638 [f2627371-a904-4314-a836-5eb8f54559ec@group-73E40DF2990B-LeaderElection360] INFO  impl.LeaderElection (LeaderElection.java:logAndReturn(56)) - f2627371-a904-4314-a836-5eb8f54559ec@group-73E40DF2990B-LeaderElection360: Election REJECTED; received 2 response(s) [f2627371-a904-4314-a836-5eb8f54559ec<-e6a83585-83d0-4616-a3d5-866875ad8a29#0:FAIL-t401, f2627371-a904-4314-a836-5eb8f54559ec<-1b813ef4-47a4-4bfc-8eb5-c34ae440adb1#0:FAIL-t401] and 0 exception(s); f2627371-a904-4314-a836-5eb8f54559ec@group-73E40DF2990B:t401, leader=null, voted=f2627371-a904-4314-a836-5eb8f54559ec, raftlog=f2627371-a904-4314-a836-5eb8f54559ec@group-73E40DF2990B-SegmentedRaftLog:OPENED:c-1,f-1,i0, conf=-1: [e6a83585-83d0-4616-a3d5-866875ad8a29:192.168.34.32:46159, f2627371-a904-4314-a836-5eb8f54559ec:192.168.34.32:33224, 1b813ef4-47a4-4bfc-8eb5-c34ae440adb1:192.168.34.32:36113], old=null
2019-10-21 19:13:30,638 [f2627371-a904-4314-a836-5eb8f54559ec@group-73E40DF2990B-LeaderElection360] INFO  impl.RaftServerImpl (RaftServerImpl.java:setRole(184)) - f2627371-a904-4314-a836-5eb8f54559ec@group-73E40DF2990B: changes role from CANDIDATE to FOLLOWER at term 401 for DISCOVERED_A_NEW_TERM
2019-10-21 19:13:30,638 [f2627371-a904-4314-a836-5eb8f54559ec@group-73E40DF2990B-LeaderElection360] INFO  impl.RoleInfo (RoleInfo.java:shutdownLeaderElection(134)) - f2627371-a904-4314-a836-5eb8f54559ec: shutdown LeaderElection
2019-10-21 19:13:30,638 [f2627371-a904-4314-a836-5eb8f54559ec@group-73E40DF2990B-LeaderElection360] INFO  impl.RoleInfo (RoleInfo.java:updateAndGet(143)) - f2627371-a904-4314-a836-5eb8f54559ec: start FollowerState
2019-10-21 19:13:30,675 [Thread-2658] INFO  impl.FollowerState (FollowerState.java:run(108)) - f2627371-a904-4314-a836-5eb8f54559ec@group-73E40DF2990B-FollowerState: change to CANDIDATE, lastRpcTime:36ms, electionTimeout:36ms
2019-10-21 19:13:30,675 [Thread-2658] INFO  impl.RoleInfo (RoleInfo.java:shutdownFollowerState(121)) - f2627371-a904-4314-a836-5eb8f54559ec: shutdown FollowerState
2019-10-21 19:13:30,675 [Thread-2658] INFO  impl.RaftServerImpl (RaftServerImpl.java:setRole(184)) - f2627371-a904-4314-a836-5eb8f54559ec@group-73E40DF2990B: changes role from  FOLLOWER to CANDIDATE at term 401 for changeToCandidate
2019-10-21 19:13:30,675 [Thread-2658] INFO  impl.RoleInfo (RoleInfo.java:updateAndGet(143)) - f2627371-a904-4314-a836-5eb8f54559ec: start LeaderElection
2019-10-21 19:13:30,690 [f2627371-a904-4314-a836-5eb8f54559ec@group-73E40DF2990B-LeaderElection361] INFO  impl.LeaderElection (LeaderElection.java:askForVotes(178)) - f2627371-a904-4314-a836-5eb8f54559ec@group-73E40DF2990B-LeaderElection361: begin an election at term 402 for -1: [e6a83585-83d0-4616-a3d5-866875ad8a29:192.168.34.32:46159, f2627371-a904-4314-a836-5eb8f54559ec:192.168.34.32:33224, 1b813ef4-47a4-4bfc-8eb5-c34ae440adb1:192.168.34.32:36113], old=null
2019-10-21 19:13:30,691 [grpc-default-executor-5] INFO  impl.RaftServerImpl (RaftServerImpl.java:setRole(184)) - e6a83585-83d0-4616-a3d5-866875ad8a29@group-73E40DF2990B: changes role from  FOLLOWER to FOLLOWER at term 402 for recognizeCandidate:f2627371-a904-4314-a836-5eb8f54559ec
2019-10-21 19:13:30,691 [grpc-default-executor-5] INFO  impl.RoleInfo (RoleInfo.java:shutdownFollowerState(121)) - e6a83585-83d0-4616-a3d5-866875ad8a29: shutdown FollowerState
2019-10-21 19:13:30,691 [grpc-default-executor-0] INFO  impl.RaftServerImpl (RaftServerImpl.java:setRole(184)) - 1b813ef4-47a4-4bfc-8eb5-c34ae440adb1@group-73E40DF2990B: changes role from  FOLLOWER to FOLLOWER at term 402 for recognizeCandidate:f2627371-a904-4314-a836-5eb8f54559ec
2019-10-21 19:13:30,692 [Thread-2656] INFO  impl.FollowerState (FollowerState.java:run(117)) - e6a83585-83d0-4616-a3d5-866875ad8a29@group-73E40DF2990B-FollowerState was interrupted: java.lang.InterruptedException: sleep interrupted
2019-10-21 19:13:30,692 [grpc-default-executor-5] INFO  impl.RoleInfo (RoleInfo.java:updateAndGet(143)) - e6a83585-83d0-4616-a3d5-866875ad8a29: start FollowerState
2019-10-21 19:13:30,692 [grpc-default-executor-0] INFO  impl.RoleInfo (RoleInfo.java:shutdownFollowerState(121)) - 1b813ef4-47a4-4bfc-8eb5-c34ae440adb1: shutdown FollowerState
2019-10-21 19:13:30,692 [grpc-default-executor-0] INFO  impl.RoleInfo (RoleInfo.java:updateAndGet(143)) - 1b813ef4-47a4-4bfc-8eb5-c34ae440adb1: start FollowerState
2019-10-21 19:13:30,692 [Thread-2657] INFO  impl.FollowerState (FollowerState.java:run(117)) - 1b813ef4-47a4-4bfc-8eb5-c34ae440adb1@group-73E40DF2990B-FollowerState was interrupted: java.lang.InterruptedException: sleep interrupted
2019-10-21 19:13:30,706 [f2627371-a904-4314-a836-5eb8f54559ec@group-73E40DF2990B-LeaderElection361] INFO  impl.LeaderElection (LeaderElection.java:logAndReturn(56)) - f2627371-a904-4314-a836-5eb8f54559ec@group-73E40DF2990B-LeaderElection361: Election REJECTED; received 2 response(s) [f2627371-a904-4314-a836-5eb8f54559ec<-e6a83585-83d0-4616-a3d5-866875ad8a29#0:FAIL-t402, f2627371-a904-4314-a836-5eb8f54559ec<-1b813ef4-47a4-4bfc-8eb5-c34ae440adb1#0:FAIL-t402] and 0 exception(s); f2627371-a904-4314-a836-5eb8f54559ec@group-73E40DF2990B:t402, leader=null, voted=f2627371-a904-4314-a836-5eb8f54559ec, raftlog=f2627371-a904-4314-a836-5eb8f54559ec@group-73E40DF2990B-SegmentedRaftLog:OPENED:c-1,f-1,i0, conf=-1: [e6a83585-83d0-4616-a3d5-866875ad8a29:192.168.34.32:46159, f2627371-a904-4314-a836-5eb8f54559ec:192.168.34.32:33224, 1b813ef4-47a4-4bfc-8eb5-c34ae440adb1:192.168.34.32:36113], old=null
2019-10-21 19:13:30,706 [f2627371-a904-4314-a836-5eb8f54559ec@group-73E40DF2990B-LeaderElection361] INFO  impl.RaftServerImpl (RaftServerImpl.java:setRole(184)) - f2627371-a904-4314-a836-5eb8f54559ec@group-73E40DF2990B: changes role from CANDIDATE to FOLLOWER at term 402 for DISCOVERED_A_NEW_TERM
2019-10-21 19:13:30,707 [f2627371-a904-4314-a836-5eb8f54559ec@group-73E40DF2990B-LeaderElection361] INFO  impl.RoleInfo (RoleInfo.java:shutdownLeaderElection(134)) - f2627371-a904-4314-a836-5eb8f54559ec: shutdown LeaderElection
2019-10-21 19:13:30,707 [f2627371-a904-4314-a836-5eb8f54559ec@group-73E40DF2990B-LeaderElection361] INFO  impl.RoleInfo (RoleInfo.java:updateAndGet(143)) - f2627371-a904-4314-a836-5eb8f54559ec: start FollowerState
2019-10-21 19:13:30,721 [Thread-2664] INFO  impl.FollowerState (FollowerState.java:run(108)) - f2627371-a904-4314-a836-5eb8f54559ec@group-73E40DF2990B-FollowerState: change to CANDIDATE, lastRpcTime:14ms, electionTimeout:14ms
2019-10-21 19:13:30,721 [Thread-2664] INFO  impl.RoleInfo (RoleInfo.java:shutdownFollowerState(121)) - f2627371-a904-4314-a836-5eb8f54559ec: shutdown FollowerState
2019-10-21 19:13:30,721 [Thread-2664] INFO  impl.RaftServerImpl (RaftServerImpl.java:setRole(184)) - f2627371-a904-4314-a836-5eb8f54559ec@group-73E40DF2990B: changes role from  FOLLOWER to CANDIDATE at term 402 for changeToCandidate
2019-10-21 19:13:30,721 [Thread-2664] INFO  impl.RoleInfo (RoleInfo.java:updateAndGet(143)) - f2627371-a904-4314-a836-5eb8f54559ec: start LeaderElection
2019-10-21 19:13:30,736 [f2627371-a904-4314-a836-5eb8f54559ec@group-73E40DF2990B-LeaderElection362] INFO  impl.LeaderElection (LeaderElection.java:askForVotes(178)) - f2627371-a904-4314-a836-5eb8f54559ec@group-73E40DF2990B-LeaderElection362: begin an election at term 403 for -1: [e6a83585-83d0-4616-a3d5-866875ad8a29:192.168.34.32:46159, f2627371-a904-4314-a836-5eb8f54559ec:192.168.34.32:33224, 1b813ef4-47a4-4bfc-8eb5-c34ae440adb1:192.168.34.32:36113], old=null
2019-10-21 19:13:30,737 [grpc-default-executor-5] INFO  impl.RaftServerImpl (RaftServerImpl.java:setRole(184)) - e6a83585-83d0-4616-a3d5-866875ad8a29@group-73E40DF2990B: changes role from  FOLLOWER to FOLLOWER at term 403 for recognizeCandidate:f2627371-a904-4314-a836-5eb8f54559ec
2019-10-21 19:13:30,737 [grpc-default-executor-5] INFO  impl.RoleInfo (RoleInfo.java:shutdownFollowerState(121)) - e6a83585-83d0-4616-a3d5-866875ad8a29: shutdown FollowerState
2019-10-21 19:13:30,737 [grpc-default-executor-0] INFO  impl.RaftServerImpl (RaftServerImpl.java:setRole(184)) - 1b813ef4-47a4-4bfc-8eb5-c34ae440adb1@group-73E40DF2990B: changes role from  FOLLOWER to FOLLOWER at term 403 for recognizeCandidate:f2627371-a904-4314-a836-5eb8f54559ec
2019-10-21 19:13:30,738 [grpc-default-executor-0] INFO  impl.RoleInfo (RoleInfo.java:shutdownFollowerState(121)) - 1b813ef4-47a4-4bfc-8eb5-c34ae440adb1: shutdown FollowerState
2019-10-21 19:13:30,738 [Thread-2662] INFO  impl.FollowerState (FollowerState.java:run(117)) - e6a83585-83d0-4616-a3d5-866875ad8a29@group-73E40DF2990B-FollowerState was interrupted: java.lang.InterruptedException: sleep interrupted
2019-10-21 19:13:30,738 [grpc-default-executor-5] INFO  impl.RoleInfo (RoleInfo.java:updateAndGet(143)) - e6a83585-83d0-4616-a3d5-866875ad8a29: start FollowerState
2019-10-21 19:13:30,738 [Thread-2663] INFO  impl.FollowerState (FollowerState.java:run(117)) - 1b813ef4-47a4-4bfc-8eb5-c34ae440adb1@group-73E40DF2990B-FollowerState was interrupted: java.lang.InterruptedException: sleep interrupted
2019-10-21 19:13:30,738 [grpc-default-executor-0] INFO  impl.RoleInfo (RoleInfo.java:updateAndGet(143)) - 1b813ef4-47a4-4bfc-8eb5-c34ae440adb1: start FollowerState
2019-10-21 19:13:30,753 [f2627371-a904-4314-a836-5eb8f54559ec@group-73E40DF2990B-LeaderElection362] INFO  impl.LeaderElection (LeaderElection.java:logAndReturn(56)) - f2627371-a904-4314-a836-5eb8f54559ec@group-73E40DF2990B-LeaderElection362: Election REJECTED; received 2 response(s) [f2627371-a904-4314-a836-5eb8f54559ec<-e6a83585-83d0-4616-a3d5-866875ad8a29#0:FAIL-t403, f2627371-a904-4314-a836-5eb8f54559ec<-1b813ef4-47a4-4bfc-8eb5-c34ae440adb1#0:FAIL-t403] and 0 exception(s); f2627371-a904-4314-a836-5eb8f54559ec@group-73E40DF2990B:t403, leader=null, voted=f2627371-a904-4314-a836-5eb8f54559ec, raftlog=f2627371-a904-4314-a836-5eb8f54559ec@group-73E40DF2990B-SegmentedRaftLog:OPENED:c-1,f-1,i0, conf=-1: [e6a83585-83d0-4616-a3d5-866875ad8a29:192.168.34.32:46159, f2627371-a904-4314-a836-5eb8f54559ec:192.168.34.32:33224, 1b813ef4-47a4-4bfc-8eb5-c34ae440adb1:192.168.34.32:36113], old=null
2019-10-21 19:13:30,753 [f2627371-a904-4314-a836-5eb8f54559ec@group-73E40DF2990B-LeaderElection362] INFO  impl.RaftServerImpl (RaftServerImpl.java:setRole(184)) - f2627371-a904-4314-a836-5eb8f54559ec@group-73E40DF2990B: changes role from CANDIDATE to FOLLOWER at term 403 for DISCOVERED_A_NEW_TERM
2019-10-21 19:13:30,753 [f2627371-a904-4314-a836-5eb8f54559ec@group-73E40DF2990B-LeaderElection362] INFO  impl.RoleInfo (RoleInfo.java:shutdownLeaderElection(134)) - f2627371-a904-4314-a836-5eb8f54559ec: shutdown LeaderElection
2019-10-21 19:13:30,753 [f2627371-a904-4314-a836-5eb8f54559ec@group-73E40DF2990B-LeaderElection362] INFO  impl.RoleInfo (RoleInfo.java:updateAndGet(143)) - f2627371-a904-4314-a836-5eb8f54559ec: start FollowerState
2019-10-21 19:13:30,822 [Thread-2672] INFO  impl.FollowerState (FollowerState.java:run(108)) - f2627371-a904-4314-a836-5eb8f54559ec@group-73E40DF2990B-FollowerState: change to CANDIDATE, lastRpcTime:69ms, electionTimeout:69ms
2019-10-21 19:13:30,822 [Thread-2672] INFO  impl.RoleInfo (RoleInfo.java:shutdownFollowerState(121)) - f2627371-a904-4314-a836-5eb8f54559ec: shutdown FollowerState
2019-10-21 19:13:30,823 [Thread-2672] INFO  impl.RaftServerImpl (RaftServerImpl.java:setRole(184)) - f2627371-a904-4314-a836-5eb8f54559ec@group-73E40DF2990B: changes role from  FOLLOWER to CANDIDATE at term 403 for changeToCandidate
2019-10-21 19:13:30,823 [Thread-2672] INFO  impl.RoleInfo (RoleInfo.java:updateAndGet(143)) - f2627371-a904-4314-a836-5eb8f54559ec: start LeaderElection
2019-10-21 19:13:30,837 [f2627371-a904-4314-a836-5eb8f54559ec@group-73E40DF2990B-LeaderElection363] INFO  impl.LeaderElection (LeaderElection.java:askForVotes(178)) - f2627371-a904-4314-a836-5eb8f54559ec@group-73E40DF2990B-LeaderElection363: begin an election at term 404 for -1: [e6a83585-83d0-4616-a3d5-866875ad8a29:192.168.34.32:46159, f2627371-a904-4314-a836-5eb8f54559ec:192.168.34.32:33224, 1b813ef4-47a4-4bfc-8eb5-c34ae440adb1:192.168.34.32:36113], old=null
2019-10-21 19:13:30,839 [grpc-default-executor-5] INFO  impl.RaftServerImpl (RaftServerImpl.java:setRole(184)) - e6a83585-83d0-4616-a3d5-866875ad8a29@group-73E40DF2990B: changes role from  FOLLOWER to FOLLOWER at term 404 for recognizeCandidate:f2627371-a904-4314-a836-5eb8f54559ec
2019-10-21 19:13:30,839 [grpc-default-executor-5] INFO  impl.RoleInfo (RoleInfo.java:shutdownFollowerState(121)) - e6a83585-83d0-4616-a3d5-866875ad8a29: shutdown FollowerState
2019-10-21 19:13:30,839 [grpc-default-executor-0] INFO  impl.RaftServerImpl (RaftServerImpl.java:setRole(184)) - 1b813ef4-47a4-4bfc-8eb5-c34ae440adb1@group-73E40DF2990B: changes role from  FOLLOWER to FOLLOWER at term 404 for recognizeCandidate:f2627371-a904-4314-a836-5eb8f54559ec
2019-10-21 19:13:30,839 [grpc-default-executor-0] INFO  impl.RoleInfo (RoleInfo.java:shutdownFollowerState(121)) - 1b813ef4-47a4-4bfc-8eb5-c34ae440adb1: shutdown FollowerState
2019-10-21 19:13:30,839 [Thread-2668] INFO  impl.FollowerState (FollowerState.java:run(117)) - e6a83585-83d0-4616-a3d5-866875ad8a29@group-73E40DF2990B-FollowerState was interrupted: java.lang.InterruptedException: sleep interrupted
2019-10-21 19:13:30,840 [Thread-2669] INFO  impl.FollowerState (FollowerState.java:run(117)) - 1b813ef4-47a4-4bfc-8eb5-c34ae440adb1@group-73E40DF2990B-FollowerState was interrupted: java.lang.InterruptedException: sleep interrupted
2019-10-21 19:13:30,839 [grpc-default-executor-5] INFO  impl.RoleInfo (RoleInfo.java:updateAndGet(143)) - e6a83585-83d0-4616-a3d5-866875ad8a29: start FollowerState
2019-10-21 19:13:30,839 [grpc-default-executor-0] INFO  impl.RoleInfo (RoleInfo.java:updateAndGet(143)) - 1b813ef4-47a4-4bfc-8eb5-c34ae440adb1: start FollowerState
2019-10-21 19:13:30,854 [f2627371-a904-4314-a836-5eb8f54559ec@group-73E40DF2990B-LeaderElection363] INFO  impl.LeaderElection (LeaderElection.java:logAndReturn(56)) - f2627371-a904-4314-a836-5eb8f54559ec@group-73E40DF2990B-LeaderElection363: Election REJECTED; received 2 response(s) [f2627371-a904-4314-a836-5eb8f54559ec<-e6a83585-83d0-4616-a3d5-866875ad8a29#0:FAIL-t404, f2627371-a904-4314-a836-5eb8f54559ec<-1b813ef4-47a4-4bfc-8eb5-c34ae440adb1#0:FAIL-t404] and 0 exception(s); f2627371-a904-4314-a836-5eb8f54559ec@group-73E40DF2990B:t404, leader=null, voted=f2627371-a904-4314-a836-5eb8f54559ec, raftlog=f2627371-a904-4314-a836-5eb8f54559ec@group-73E40DF2990B-SegmentedRaftLog:OPENED:c-1,f-1,i0, conf=-1: [e6a83585-83d0-4616-a3d5-866875ad8a29:192.168.34.32:46159, f2627371-a904-4314-a836-5eb8f54559ec:192.168.34.32:33224, 1b813ef4-47a4-4bfc-8eb5-c34ae440adb1:192.168.34.32:36113], old=null
2019-10-21 19:13:30,854 [f2627371-a904-4314-a836-5eb8f54559ec@group-73E40DF2990B-LeaderElection363] INFO  impl.RaftServerImpl (RaftServerImpl.java:setRole(184)) - f2627371-a904-4314-a836-5eb8f54559ec@group-73E40DF2990B: changes role from CANDIDATE to FOLLOWER at term 404 for DISCOVERED_A_NEW_TERM
2019-10-21 19:13:30,854 [f2627371-a904-4314-a836-5eb8f54559ec@group-73E40DF2990B-LeaderElection363] INFO  impl.RoleInfo (RoleInfo.java:shutdownLeaderElection(134)) - f2627371-a904-4314-a836-5eb8f54559ec: shutdown LeaderElection
2019-10-21 19:13:30,854 [f2627371-a904-4314-a836-5eb8f54559ec@group-73E40DF2990B-LeaderElection363] INFO  impl.RoleInfo (RoleInfo.java:updateAndGet(143)) - f2627371-a904-4314-a836-5eb8f54559ec: start FollowerState
2019-10-21 19:13:31,026 [Thread-2678] INFO  impl.FollowerState (FollowerState.java:run(108)) - f2627371-a904-4314-a836-5eb8f54559ec@group-73E40DF2990B-FollowerState: change to CANDIDATE, lastRpcTime:171ms, electionTimeout:171ms
2019-10-21 19:13:31,026 [Thread-2678] INFO  impl.RoleInfo (RoleInfo.java:shutdownFollowerState(121)) - f2627371-a904-4314-a836-5eb8f54559ec: shutdown FollowerState
2019-10-21 19:13:31,026 [Thread-2678] INFO  impl.RaftServerImpl (RaftServerImpl.java:setRole(184)) - f2627371-a904-4314-a836-5eb8f54559ec@group-73E40DF2990B: changes role from  FOLLOWER to CANDIDATE at term 404 for changeToCandidate
2019-10-21 19:13:31,026 [Thread-2678] INFO  impl.RoleInfo (RoleInfo.java:updateAndGet(143)) - f2627371-a904-4314-a836-5eb8f54559ec: start LeaderElection
2019-10-21 19:13:31,043 [f2627371-a904-4314-a836-5eb8f54559ec@group-73E40DF2990B-LeaderElection364] INFO  impl.LeaderElection (LeaderElection.java:askForVotes(178)) - f2627371-a904-4314-a836-5eb8f54559ec@group-73E40DF2990B-LeaderElection364: begin an election at term 405 for -1: [e6a83585-83d0-4616-a3d5-866875ad8a29:192.168.34.32:46159, f2627371-a904-4314-a836-5eb8f54559ec:192.168.34.32:33224, 1b813ef4-47a4-4bfc-8eb5-c34ae440adb1:192.168.34.32:36113], old=null
2019-10-21 19:13:31,045 [grpc-default-executor-5] INFO  impl.RaftServerImpl (RaftServerImpl.java:setRole(184)) - e6a83585-83d0-4616-a3d5-866875ad8a29@group-73E40DF2990B: changes role from  FOLLOWER to FOLLOWER at term 405 for recognizeCandidate:f2627371-a904-4314-a836-5eb8f54559ec
2019-10-21 19:13:31,045 [grpc-default-executor-0] INFO  impl.RaftServerImpl (RaftServerImpl.java:setRole(184)) - 1b813ef4-47a4-4bfc-8eb5-c34ae440adb1@group-73E40DF2990B: changes role from  FOLLOWER to FOLLOWER at term 405 for recognizeCandidate:f2627371-a904-4314-a836-5eb8f54559ec
2019-10-21 19:13:31,045 [grpc-default-executor-5] INFO  impl.RoleInfo (RoleInfo.java:shutdownFollowerState(121)) - e6a83585-83d0-4616-a3d5-866875ad8a29: shutdown FollowerState
2019-10-21 19:13:31,045 [grpc-default-executor-0] INFO  impl.RoleInfo (RoleInfo.java:shutdownFollowerState(121)) - 1b813ef4-47a4-4bfc-8eb5-c34ae440adb1: shutdown FollowerState
2019-10-21 19:13:31,046 [grpc-default-executor-5] INFO  impl.RoleInfo (RoleInfo.java:updateAndGet(143)) - e6a83585-83d0-4616-a3d5-866875ad8a29: start FollowerState
2019-10-21 19:13:31,046 [Thread-2676] INFO  impl.FollowerState (FollowerState.java:run(117)) - e6a83585-83d0-4616-a3d5-866875ad8a29@group-73E40DF2990B-FollowerState was interrupted: java.lang.InterruptedException: sleep interrupted
2019-10-21 19:13:31,046 [grpc-default-executor-0] INFO  impl.RoleInfo (RoleInfo.java:updateAndGet(143)) - 1b813ef4-47a4-4bfc-8eb5-c34ae440adb1: start FollowerState
2019-10-21 19:13:31,046 [Thread-2677] INFO  impl.FollowerState (FollowerState.java:run(117)) - 1b813ef4-47a4-4bfc-8eb5-c34ae440adb1@group-73E40DF2990B-FollowerState was interrupted: java.lang.InterruptedException: sleep interrupted
2019-10-21 19:13:31,062 [f2627371-a904-4314-a836-5eb8f54559ec@group-73E40DF2990B-LeaderElection364] INFO  impl.LeaderElection (LeaderElection.java:logAndReturn(56)) - f2627371-a904-4314-a836-5eb8f54559ec@group-73E40DF2990B-LeaderElection364: Election REJECTED; received 2 response(s) [f2627371-a904-4314-a836-5eb8f54559ec<-e6a83585-83d0-4616-a3d5-866875ad8a29#0:FAIL-t405, f2627371-a904-4314-a836-5eb8f54559ec<-1b813ef4-47a4-4bfc-8eb5-c34ae440adb1#0:FAIL-t405] and 0 exception(s); f2627371-a904-4314-a836-5eb8f54559ec@group-73E40DF2990B:t405, leader=null, voted=f2627371-a904-4314-a836-5eb8f54559ec, raftlog=f2627371-a904-4314-a836-5eb8f54559ec@group-73E40DF2990B-SegmentedRaftLog:OPENED:c-1,f-1,i0, conf=-1: [e6a83585-83d0-4616-a3d5-866875ad8a29:192.168.34.32:46159, f2627371-a904-4314-a836-5eb8f54559ec:192.168.34.32:33224, 1b813ef4-47a4-4bfc-8eb5-c34ae440adb1:192.168.34.32:36113], old=null
2019-10-21 19:13:31,062 [f2627371-a904-4314-a836-5eb8f54559ec@group-73E40DF2990B-LeaderElection364] INFO  impl.RaftServerImpl (RaftServerImpl.java:setRole(184)) - f2627371-a904-4314-a836-5eb8f54559ec@group-73E40DF2990B: changes role from CANDIDATE to FOLLOWER at term 405 for DISCOVERED_A_NEW_TERM
2019-10-21 19:13:31,062 [f2627371-a904-4314-a836-5eb8f54559ec@group-73E40DF2990B-LeaderElection364] INFO  impl.RoleInfo (RoleInfo.java:shutdownLeaderElection(134)) - f2627371-a904-4314-a836-5eb8f54559ec: shutdown LeaderElection
2019-10-21 19:13:31,062 [f2627371-a904-4314-a836-5eb8f54559ec@group-73E40DF2990B-LeaderElection364] INFO  impl.RoleInfo (RoleInfo.java:updateAndGet(143)) - f2627371-a904-4314-a836-5eb8f54559ec: start FollowerState
2019-10-21 19:13:31,231 [Thread-2684] INFO  impl.FollowerState (FollowerState.java:run(108)) - f2627371-a904-4314-a836-5eb8f54559ec@group-73E40DF2990B-FollowerState: change to CANDIDATE, lastRpcTime:168ms, electionTimeout:167ms
2019-10-21 19:13:31,231 [Thread-2684] INFO  impl.RoleInfo (RoleInfo.java:shutdownFollowerState(121)) - f2627371-a904-4314-a836-5eb8f54559ec: shutdown FollowerState
2019-10-21 19:13:31,231 [Thread-2684] INFO  impl.RaftServerImpl (RaftServerImpl.java:setRole(184)) - f2627371-a904-4314-a836-5eb8f54559ec@group-73E40DF2990B: changes role from  FOLLOWER to CANDIDATE at term 405 for changeToCandidate
2019-10-21 19:13:31,231 [Thread-2684] INFO  impl.RoleInfo (RoleInfo.java:updateAndGet(143)) - f2627371-a904-4314-a836-5eb8f54559ec: start LeaderElection
2019-10-21 19:13:31,247 [f2627371-a904-4314-a836-5eb8f54559ec@group-73E40DF2990B-LeaderElection365] INFO  impl.LeaderElection (LeaderElection.java:askForVotes(178)) - f2627371-a904-4314-a836-5eb8f54559ec@group-73E40DF2990B-LeaderElection365: begin an election at term 406 for -1: [e6a83585-83d0-4616-a3d5-866875ad8a29:192.168.34.32:46159, f2627371-a904-4314-a836-5eb8f54559ec:192.168.34.32:33224, 1b813ef4-47a4-4bfc-8eb5-c34ae440adb1:192.168.34.32:36113], old=null
2019-10-21 19:13:31,249 [grpc-default-executor-0] INFO  impl.RaftServerImpl (RaftServerImpl.java:setRole(184)) - 1b813ef4-47a4-4bfc-8eb5-c34ae440adb1@group-73E40DF2990B: changes role from  FOLLOWER to FOLLOWER at term 406 for recognizeCandidate:f2627371-a904-4314-a836-5eb8f54559ec
2019-10-21 19:13:31,249 [grpc-default-executor-0] INFO  impl.RoleInfo (RoleInfo.java:shutdownFollowerState(121)) - 1b813ef4-47a4-4bfc-8eb5-c34ae440adb1: shutdown FollowerState
2019-10-21 19:13:31,249 [grpc-default-executor-5] INFO  impl.RaftServerImpl (RaftServerImpl.java:setRole(184)) - e6a83585-83d0-4616-a3d5-866875ad8a29@group-73E40DF2990B: changes role from  FOLLOWER to FOLLOWER at term 406 for recognizeCandidate:f2627371-a904-4314-a836-5eb8f54559ec
2019-10-21 19:13:31,249 [Thread-2683] INFO  impl.FollowerState (FollowerState.java:run(117)) - 1b813ef4-47a4-4bfc-8eb5-c34ae440adb1@group-73E40DF2990B-FollowerState was interrupted: java.lang.InterruptedException: sleep interrupted
2019-10-21 19:13:31,249 [grpc-default-executor-0] INFO  impl.RoleInfo (RoleInfo.java:updateAndGet(143)) - 1b813ef4-47a4-4bfc-8eb5-c34ae440adb1: start FollowerState
2019-10-21 19:13:31,250 [grpc-default-executor-5] INFO  impl.RoleInfo (RoleInfo.java:shutdownFollowerState(121)) - e6a83585-83d0-4616-a3d5-866875ad8a29: shutdown FollowerState
2019-10-21 19:13:31,250 [grpc-default-executor-5] INFO  impl.RoleInfo (RoleInfo.java:updateAndGet(143)) - e6a83585-83d0-4616-a3d5-866875ad8a29: start FollowerState
2019-10-21 19:13:31,250 [Thread-2682] INFO  impl.FollowerState (FollowerState.java:run(117)) - e6a83585-83d0-4616-a3d5-866875ad8a29@group-73E40DF2990B-FollowerState was interrupted: java.lang.InterruptedException: sleep interrupted
2019-10-21 19:13:31,253 [f2627371-a904-4314-a836-5eb8f54559ec@group-73E40DF2990B-LeaderElection365] INFO  impl.LeaderElection (LeaderElection.java:logAndReturn(56)) - f2627371-a904-4314-a836-5eb8f54559ec@group-73E40DF2990B-LeaderElection365: Election TIMEOUT; received 0 response(s) [] and 0 exception(s); f2627371-a904-4314-a836-5eb8f54559ec@group-73E40DF2990B:t406, leader=null, voted=f2627371-a904-4314-a836-5eb8f54559ec, raftlog=f2627371-a904-4314-a836-5eb8f54559ec@group-73E40DF2990B-SegmentedRaftLog:OPENED:c-1,f-1,i0, conf=-1: [e6a83585-83d0-4616-a3d5-866875ad8a29:192.168.34.32:46159, f2627371-a904-4314-a836-5eb8f54559ec:192.168.34.32:33224, 1b813ef4-47a4-4bfc-8eb5-c34ae440adb1:192.168.34.32:36113], old=null
2019-10-21 19:13:31,265 [f2627371-a904-4314-a836-5eb8f54559ec@group-73E40DF2990B-LeaderElection365] INFO  impl.LeaderElection (LeaderElection.java:askForVotes(178)) - f2627371-a904-4314-a836-5eb8f54559ec@group-73E40DF2990B-LeaderElection365: begin an election at term 407 for -1: [e6a83585-83d0-4616-a3d5-866875ad8a29:192.168.34.32:46159, f2627371-a904-4314-a836-5eb8f54559ec:192.168.34.32:33224, 1b813ef4-47a4-4bfc-8eb5-c34ae440adb1:192.168.34.32:36113], old=null
2019-10-21 19:13:31,266 [grpc-default-executor-5] INFO  impl.RaftServerImpl (RaftServerImpl.java:setRole(184)) - e6a83585-83d0-4616-a3d5-866875ad8a29@group-73E40DF2990B: changes role from  FOLLOWER to FOLLOWER at term 407 for recognizeCandidate:f2627371-a904-4314-a836-5eb8f54559ec
2019-10-21 19:13:31,266 [grpc-default-executor-5] INFO  impl.RoleInfo (RoleInfo.java:shutdownFollowerState(121)) - e6a83585-83d0-4616-a3d5-866875ad8a29: shutdown FollowerState
2019-10-21 19:13:31,266 [grpc-default-executor-0] INFO  impl.RaftServerImpl (RaftServerImpl.java:setRole(184)) - 1b813ef4-47a4-4bfc-8eb5-c34ae440adb1@group-73E40DF2990B: changes role from  FOLLOWER to FOLLOWER at term 407 for recognizeCandidate:f2627371-a904-4314-a836-5eb8f54559ec
2019-10-21 19:13:31,266 [grpc-default-executor-0] INFO  impl.RoleInfo (RoleInfo.java:shutdownFollowerState(121)) - 1b813ef4-47a4-4bfc-8eb5-c34ae440adb1: shutdown FollowerState
2019-10-21 19:13:31,266 [Thread-2689] INFO  impl.FollowerState (FollowerState.java:run(117)) - e6a83585-83d0-4616-a3d5-866875ad8a29@group-73E40DF2990B-FollowerState was interrupted: java.lang.InterruptedException: sleep interrupted
2019-10-21 19:13:31,266 [grpc-default-executor-5] INFO  impl.RoleInfo (RoleInfo.java:updateAndGet(143)) - e6a83585-83d0-4616-a3d5-866875ad8a29: start FollowerState
2019-10-21 19:13:31,267 [Thread-2688] INFO  impl.FollowerState (FollowerState.java:run(117)) - 1b813ef4-47a4-4bfc-8eb5-c34ae440adb1@group-73E40DF2990B-FollowerState was interrupted: java.lang.InterruptedException: sleep interrupted
2019-10-21 19:13:31,267 [grpc-default-executor-0] INFO  impl.RoleInfo (RoleInfo.java:updateAndGet(143)) - 1b813ef4-47a4-4bfc-8eb5-c34ae440adb1: start FollowerState
2019-10-21 19:13:31,281 [f2627371-a904-4314-a836-5eb8f54559ec@group-73E40DF2990B-LeaderElection365] INFO  impl.LeaderElection (LeaderElection.java:logAndReturn(56)) - f2627371-a904-4314-a836-5eb8f54559ec@group-73E40DF2990B-LeaderElection365: Election REJECTED; received 2 response(s) [f2627371-a904-4314-a836-5eb8f54559ec<-e6a83585-83d0-4616-a3d5-866875ad8a29#0:FAIL-t407, f2627371-a904-4314-a836-5eb8f54559ec<-1b813ef4-47a4-4bfc-8eb5-c34ae440adb1#0:FAIL-t407] and 0 exception(s); f2627371-a904-4314-a836-5eb8f54559ec@group-73E40DF2990B:t407, leader=null, voted=f2627371-a904-4314-a836-5eb8f54559ec, raftlog=f2627371-a904-4314-a836-5eb8f54559ec@group-73E40DF2990B-SegmentedRaftLog:OPENED:c-1,f-1,i0, conf=-1: [e6a83585-83d0-4616-a3d5-866875ad8a29:192.168.34.32:46159, f2627371-a904-4314-a836-5eb8f54559ec:192.168.34.32:33224, 1b813ef4-47a4-4bfc-8eb5-c34ae440adb1:192.168.34.32:36113], old=null
2019-10-21 19:13:31,282 [f2627371-a904-4314-a836-5eb8f54559ec@group-73E40DF2990B-LeaderElection365] INFO  impl.RaftServerImpl (RaftServerImpl.java:setRole(184)) - f2627371-a904-4314-a836-5eb8f54559ec@group-73E40DF2990B: changes role from CANDIDATE to FOLLOWER at term 407 for DISCOVERED_A_NEW_TERM
2019-10-21 19:13:31,282 [f2627371-a904-4314-a836-5eb8f54559ec@group-73E40DF2990B-LeaderElection365] INFO  impl.RoleInfo (RoleInfo.java:shutdownLeaderElection(134)) - f2627371-a904-4314-a836-5eb8f54559ec: shutdown LeaderElection
2019-10-21 19:13:31,282 [f2627371-a904-4314-a836-5eb8f54559ec@group-73E40DF2990B-LeaderElection365] INFO  impl.RoleInfo (RoleInfo.java:updateAndGet(143)) - f2627371-a904-4314-a836-5eb8f54559ec: start FollowerState
2019-10-21 19:13:31,319 [Thread-2694] INFO  impl.FollowerState (FollowerState.java:run(108)) - f2627371-a904-4314-a836-5eb8f54559ec@group-73E40DF2990B-FollowerState: change to CANDIDATE, lastRpcTime:37ms, electionTimeout:37ms
2019-10-21 19:13:31,319 [Thread-2694] INFO  impl.RoleInfo (RoleInfo.java:shutdownFollowerState(121)) - f2627371-a904-4314-a836-5eb8f54559ec: shutdown FollowerState
2019-10-21 19:13:31,319 [Thread-2694] INFO  impl.RaftServerImpl (RaftServerImpl.java:setRole(184)) - f2627371-a904-4314-a836-5eb8f54559ec@group-73E40DF2990B: changes role from  FOLLOWER to CANDIDATE at term 407 for changeToCandidate
2019-10-21 19:13:31,320 [Thread-2694] INFO  impl.RoleInfo (RoleInfo.java:updateAndGet(143)) - f2627371-a904-4314-a836-5eb8f54559ec: start LeaderElection
2019-10-21 19:13:31,334 [f2627371-a904-4314-a836-5eb8f54559ec@group-73E40DF2990B-LeaderElection366] INFO  impl.LeaderElection (LeaderElection.java:askForVotes(178)) - f2627371-a904-4314-a836-5eb8f54559ec@group-73E40DF2990B-LeaderElection366: begin an election at term 408 for -1: [e6a83585-83d0-4616-a3d5-866875ad8a29:192.168.34.32:46159, f2627371-a904-4314-a836-5eb8f54559ec:192.168.34.32:33224, 1b813ef4-47a4-4bfc-8eb5-c34ae440adb1:192.168.34.32:36113], old=null
2019-10-21 19:13:31,335 [grpc-default-executor-0] INFO  impl.RaftServerImpl (RaftServerImpl.java:setRole(184)) - e6a83585-83d0-4616-a3d5-866875ad8a29@group-73E40DF2990B: changes role from  FOLLOWER to FOLLOWER at term 408 for recognizeCandidate:f2627371-a904-4314-a836-5eb8f54559ec
2019-10-21 19:13:31,335 [grpc-default-executor-5] INFO  impl.RaftServerImpl (RaftServerImpl.java:setRole(184)) - 1b813ef4-47a4-4bfc-8eb5-c34ae440adb1@group-73E40DF2990B: changes role from  FOLLOWER to FOLLOWER at term 408 for recognizeCandidate:f2627371-a904-4314-a836-5eb8f54559ec
2019-10-21 19:13:31,335 [grpc-default-executor-5] INFO  impl.RoleInfo (RoleInfo.java:shutdownFollowerState(121)) - 1b813ef4-47a4-4bfc-8eb5-c34ae440adb1: shutdown FollowerState
2019-10-21 19:13:31,335 [grpc-default-executor-0] INFO  impl.RoleInfo (RoleInfo.java:shutdownFollowerState(121)) - e6a83585-83d0-4616-a3d5-866875ad8a29: shutdown FollowerState
2019-10-21 19:13:31,336 [grpc-default-executor-0] INFO  impl.RoleInfo (RoleInfo.java:updateAndGet(143)) - e6a83585-83d0-4616-a3d5-866875ad8a29: start FollowerState
2019-10-21 19:13:31,336 [Thread-2693] INFO  impl.FollowerState (FollowerState.java:run(117)) - 1b813ef4-47a4-4bfc-8eb5-c34ae440adb1@group-73E40DF2990B-FollowerState was interrupted: java.lang.InterruptedException: sleep interrupted
2019-10-21 19:13:31,336 [grpc-default-executor-5] INFO  impl.RoleInfo (RoleInfo.java:updateAndGet(143)) - 1b813ef4-47a4-4bfc-8eb5-c34ae440adb1: start FollowerState
2019-10-21 19:13:31,336 [Thread-2692] INFO  impl.FollowerState (FollowerState.java:run(117)) - e6a83585-83d0-4616-a3d5-866875ad8a29@group-73E40DF2990B-FollowerState was interrupted: java.lang.InterruptedException: sleep interrupted
2019-10-21 19:13:31,350 [f2627371-a904-4314-a836-5eb8f54559ec@group-73E40DF2990B-LeaderElection366] INFO  impl.LeaderElection (LeaderElection.java:logAndReturn(56)) - f2627371-a904-4314-a836-5eb8f54559ec@group-73E40DF2990B-LeaderElection366: Election REJECTED; received 2 response(s) [f2627371-a904-4314-a836-5eb8f54559ec<-e6a83585-83d0-4616-a3d5-866875ad8a29#0:FAIL-t408, f2627371-a904-4314-a836-5eb8f54559ec<-1b813ef4-47a4-4bfc-8eb5-c34ae440adb1#0:FAIL-t408] and 0 exception(s); f2627371-a904-4314-a836-5eb8f54559ec@group-73E40DF2990B:t408, leader=null, voted=f2627371-a904-4314-a836-5eb8f54559ec, raftlog=f2627371-a904-4314-a836-5eb8f54559ec@group-73E40DF2990B-SegmentedRaftLog:OPENED:c-1,f-1,i0, conf=-1: [e6a83585-83d0-4616-a3d5-866875ad8a29:192.168.34.32:46159, f2627371-a904-4314-a836-5eb8f54559ec:192.168.34.32:33224, 1b813ef4-47a4-4bfc-8eb5-c34ae440adb1:192.168.34.32:36113], old=null
2019-10-21 19:13:31,351 [f2627371-a904-4314-a836-5eb8f54559ec@group-73E40DF2990B-LeaderElection366] INFO  impl.RaftServerImpl (RaftServerImpl.java:setRole(184)) - f2627371-a904-4314-a836-5eb8f54559ec@group-73E40DF2990B: changes role from CANDIDATE to FOLLOWER at term 408 for DISCOVERED_A_NEW_TERM
2019-10-21 19:13:31,351 [f2627371-a904-4314-a836-5eb8f54559ec@group-73E40DF2990B-LeaderElection366] INFO  impl.RoleInfo (RoleInfo.java:shutdownLeaderElection(134)) - f2627371-a904-4314-a836-5eb8f54559ec: shutdown LeaderElection
2019-10-21 19:13:31,351 [f2627371-a904-4314-a836-5eb8f54559ec@group-73E40DF2990B-LeaderElection366] INFO  impl.RoleInfo (RoleInfo.java:updateAndGet(143)) - f2627371-a904-4314-a836-5eb8f54559ec: start FollowerState
2019-10-21 19:13:31,426 [Thread-2700] INFO  impl.FollowerState (FollowerState.java:run(108)) - f2627371-a904-4314-a836-5eb8f54559ec@group-73E40DF2990B-FollowerState: change to CANDIDATE, lastRpcTime:75ms, electionTimeout:75ms
2019-10-21 19:13:31,426 [Thread-2700] INFO  impl.RoleInfo (RoleInfo.java:shutdownFollowerState(121)) - f2627371-a904-4314-a836-5eb8f54559ec: shutdown FollowerState
2019-10-21 19:13:31,427 [Thread-2700] INFO  impl.RaftServerImpl (RaftServerImpl.java:setRole(184)) - f2627371-a904-4314-a836-5eb8f54559ec@group-73E40DF2990B: changes role from  FOLLOWER to CANDIDATE at term 408 for changeToCandidate
2019-10-21 19:13:31,427 [Thread-2700] INFO  impl.RoleInfo (RoleInfo.java:updateAndGet(143)) - f2627371-a904-4314-a836-5eb8f54559ec: start LeaderElection
2019-10-21 19:13:31,440 [f2627371-a904-4314-a836-5eb8f54559ec@group-73E40DF2990B-LeaderElection367] INFO  impl.LeaderElection (LeaderElection.java:askForVotes(178)) - f2627371-a904-4314-a836-5eb8f54559ec@group-73E40DF2990B-LeaderElection367: begin an election at term 409 for -1: [e6a83585-83d0-4616-a3d5-866875ad8a29:192.168.34.32:46159, f2627371-a904-4314-a836-5eb8f54559ec:192.168.34.32:33224, 1b813ef4-47a4-4bfc-8eb5-c34ae440adb1:192.168.34.32:36113], old=null
2019-10-21 19:13:31,442 [grpc-default-executor-0] INFO  impl.RaftServerImpl (RaftServerImpl.java:setRole(184)) - e6a83585-83d0-4616-a3d5-866875ad8a29@group-73E40DF2990B: changes role from  FOLLOWER to FOLLOWER at term 409 for recognizeCandidate:f2627371-a904-4314-a836-5eb8f54559ec
2019-10-21 19:13:31,442 [grpc-default-executor-5] INFO  impl.RaftServerImpl (RaftServerImpl.java:setRole(184)) - 1b813ef4-47a4-4bfc-8eb5-c34ae440adb1@group-73E40DF2990B: changes role from  FOLLOWER to FOLLOWER at term 409 for recognizeCandidate:f2627371-a904-4314-a836-5eb8f54559ec
2019-10-21 19:13:31,442 [grpc-default-executor-5] INFO  impl.RoleInfo (RoleInfo.java:shutdownFollowerState(121)) - 1b813ef4-47a4-4bfc-8eb5-c34ae440adb1: shutdown FollowerState
2019-10-21 19:13:31,442 [grpc-default-executor-0] INFO  impl.RoleInfo (RoleInfo.java:shutdownFollowerState(121)) - e6a83585-83d0-4616-a3d5-866875ad8a29: shutdown FollowerState
2019-10-21 19:13:31,442 [Thread-2698] INFO  impl.FollowerState (FollowerState.java:run(117)) - 1b813ef4-47a4-4bfc-8eb5-c34ae440adb1@group-73E40DF2990B-FollowerState was interrupted: java.lang.InterruptedException: sleep interrupted
2019-10-21 19:13:31,442 [grpc-default-executor-5] INFO  impl.RoleInfo (RoleInfo.java:updateAndGet(143)) - 1b813ef4-47a4-4bfc-8eb5-c34ae440adb1: start FollowerState
2019-10-21 19:13:31,443 [Thread-2699] INFO  impl.FollowerState (FollowerState.java:run(117)) - e6a83585-83d0-4616-a3d5-866875ad8a29@group-73E40DF2990B-FollowerState was interrupted: java.lang.InterruptedException: sleep interrupted
2019-10-21 19:13:31,443 [grpc-default-executor-0] INFO  impl.RoleInfo (RoleInfo.java:updateAndGet(143)) - e6a83585-83d0-4616-a3d5-866875ad8a29: start FollowerState
2019-10-21 19:13:31,460 [f2627371-a904-4314-a836-5eb8f54559ec@group-73E40DF2990B-LeaderElection367] INFO  impl.LeaderElection (LeaderElection.java:logAndReturn(56)) - f2627371-a904-4314-a836-5eb8f54559ec@group-73E40DF2990B-LeaderElection367: Election REJECTED; received 2 response(s) [f2627371-a904-4314-a836-5eb8f54559ec<-e6a83585-83d0-4616-a3d5-866875ad8a29#0:FAIL-t409, f2627371-a904-4314-a836-5eb8f54559ec<-1b813ef4-47a4-4bfc-8eb5-c34ae440adb1#0:FAIL-t409] and 0 exception(s); f2627371-a904-4314-a836-5eb8f54559ec@group-73E40DF2990B:t409, leader=null, voted=f2627371-a904-4314-a836-5eb8f54559ec, raftlog=f2627371-a904-4314-a836-5eb8f54559ec@group-73E40DF2990B-SegmentedRaftLog:OPENED:c-1,f-1,i0, conf=-1: [e6a83585-83d0-4616-a3d5-866875ad8a29:192.168.34.32:46159, f2627371-a904-4314-a836-5eb8f54559ec:192.168.34.32:33224, 1b813ef4-47a4-4bfc-8eb5-c34ae440adb1:192.168.34.32:36113], old=null
2019-10-21 19:13:31,460 [f2627371-a904-4314-a836-5eb8f54559ec@group-73E40DF2990B-LeaderElection367] INFO  impl.RaftServerImpl (RaftServerImpl.java:setRole(184)) - f2627371-a904-4314-a836-5eb8f54559ec@group-73E40DF2990B: changes role from CANDIDATE to FOLLOWER at term 409 for DISCOVERED_A_NEW_TERM
2019-10-21 19:13:31,460 [f2627371-a904-4314-a836-5eb8f54559ec@group-73E40DF2990B-LeaderElection367] INFO  impl.RoleInfo (RoleInfo.java:shutdownLeaderElection(134)) - f2627371-a904-4314-a836-5eb8f54559ec: shutdown LeaderElection
2019-10-21 19:13:31,460 [f2627371-a904-4314-a836-5eb8f54559ec@group-73E40DF2990B-LeaderElection367] INFO  impl.RoleInfo (RoleInfo.java:updateAndGet(143)) - f2627371-a904-4314-a836-5eb8f54559ec: start FollowerState
2019-10-21 19:13:31,642 [Thread-2706] INFO  impl.FollowerState (FollowerState.java:run(108)) - f2627371-a904-4314-a836-5eb8f54559ec@group-73E40DF2990B-FollowerState: change to CANDIDATE, lastRpcTime:181ms, electionTimeout:181ms
2019-10-21 19:13:31,642 [Thread-2706] INFO  impl.RoleInfo (RoleInfo.java:shutdownFollowerState(121)) - f2627371-a904-4314-a836-5eb8f54559ec: shutdown FollowerState
2019-10-21 19:13:31,642 [Thread-2706] INFO  impl.RaftServerImpl (RaftServerImpl.java:setRole(184)) - f2627371-a904-4314-a836-5eb8f54559ec@group-73E40DF2990B: changes role from  FOLLOWER to CANDIDATE at term 409 for changeToCandidate
2019-10-21 19:13:31,642 [Thread-2706] INFO  impl.RoleInfo (RoleInfo.java:updateAndGet(143)) - f2627371-a904-4314-a836-5eb8f54559ec: start LeaderElection
2019-10-21 19:13:31,657 [f2627371-a904-4314-a836-5eb8f54559ec@group-73E40DF2990B-LeaderElection368] INFO  impl.LeaderElection (LeaderElection.java:askForVotes(178)) - f2627371-a904-4314-a836-5eb8f54559ec@group-73E40DF2990B-LeaderElection368: begin an election at term 410 for -1: [e6a83585-83d0-4616-a3d5-866875ad8a29:192.168.34.32:46159, f2627371-a904-4314-a836-5eb8f54559ec:192.168.34.32:33224, 1b813ef4-47a4-4bfc-8eb5-c34ae440adb1:192.168.34.32:36113], old=null
2019-10-21 19:13:31,658 [grpc-default-executor-5] INFO  impl.RaftServerImpl (RaftServerImpl.java:setRole(184)) - e6a83585-83d0-4616-a3d5-866875ad8a29@group-73E40DF2990B: changes role from  FOLLOWER to FOLLOWER at term 410 for recognizeCandidate:f2627371-a904-4314-a836-5eb8f54559ec
2019-10-21 19:13:31,658 [grpc-default-executor-0] INFO  impl.RaftServerImpl (RaftServerImpl.java:setRole(184)) - 1b813ef4-47a4-4bfc-8eb5-c34ae440adb1@group-73E40DF2990B: changes role from  FOLLOWER to FOLLOWER at term 410 for recognizeCandidate:f2627371-a904-4314-a836-5eb8f54559ec
2019-10-21 19:13:31,659 [grpc-default-executor-0] INFO  impl.RoleInfo (RoleInfo.java:shutdownFollowerState(121)) - 1b813ef4-47a4-4bfc-8eb5-c34ae440adb1: shutdown FollowerState
2019-10-21 19:13:31,658 [grpc-default-executor-5] INFO  impl.RoleInfo (RoleInfo.java:shutdownFollowerState(121)) - e6a83585-83d0-4616-a3d5-866875ad8a29: shutdown FollowerState
2019-10-21 19:13:31,659 [Thread-2704] INFO  impl.FollowerState (FollowerState.java:run(117)) - 1b813ef4-47a4-4bfc-8eb5-c34ae440adb1@group-73E40DF2990B-FollowerState was interrupted: java.lang.InterruptedException: sleep interrupted
2019-10-21 19:13:31,659 [grpc-default-executor-0] INFO  impl.RoleInfo (RoleInfo.java:updateAndGet(143)) - 1b813ef4-47a4-4bfc-8eb5-c34ae440adb1: start FollowerState
2019-10-21 19:13:31,659 [Thread-2705] INFO  impl.FollowerState (FollowerState.java:run(117)) - e6a83585-83d0-4616-a3d5-866875ad8a29@group-73E40DF2990B-FollowerState was interrupted: java.lang.InterruptedException: sleep interrupted
2019-10-21 19:13:31,659 [grpc-default-executor-5] INFO  impl.RoleInfo (RoleInfo.java:updateAndGet(143)) - e6a83585-83d0-4616-a3d5-866875ad8a29: start FollowerState
2019-10-21 19:13:31,674 [f2627371-a904-4314-a836-5eb8f54559ec@group-73E40DF2990B-LeaderElection368] INFO  impl.LeaderElection (LeaderElection.java:logAndReturn(56)) - f2627371-a904-4314-a836-5eb8f54559ec@group-73E40DF2990B-LeaderElection368: Election REJECTED; received 2 response(s) [f2627371-a904-4314-a836-5eb8f54559ec<-e6a83585-83d0-4616-a3d5-866875ad8a29#0:FAIL-t410, f2627371-a904-4314-a836-5eb8f54559ec<-1b813ef4-47a4-4bfc-8eb5-c34ae440adb1#0:FAIL-t410] and 0 exception(s); f2627371-a904-4314-a836-5eb8f54559ec@group-73E40DF2990B:t410, leader=null, voted=f2627371-a904-4314-a836-5eb8f54559ec, raftlog=f2627371-a904-4314-a836-5eb8f54559ec@group-73E40DF2990B-SegmentedRaftLog:OPENED:c-1,f-1,i0, conf=-1: [e6a83585-83d0-4616-a3d5-866875ad8a29:192.168.34.32:46159, f2627371-a904-4314-a836-5eb8f54559ec:192.168.34.32:33224, 1b813ef4-47a4-4bfc-8eb5-c34ae440adb1:192.168.34.32:36113], old=null
2019-10-21 19:13:31,675 [f2627371-a904-4314-a836-5eb8f54559ec@group-73E40DF2990B-LeaderElection368] INFO  impl.RaftServerImpl (RaftServerImpl.java:setRole(184)) - f2627371-a904-4314-a836-5eb8f54559ec@group-73E40DF2990B: changes role from CANDIDATE to FOLLOWER at term 410 for DISCOVERED_A_NEW_TERM
2019-10-21 19:13:31,675 [f2627371-a904-4314-a836-5eb8f54559ec@group-73E40DF2990B-LeaderElection368] INFO  impl.RoleInfo (RoleInfo.java:shutdownLeaderElection(134)) - f2627371-a904-4314-a836-5eb8f54559ec: shutdown LeaderElection
2019-10-21 19:13:31,675 [f2627371-a904-4314-a836-5eb8f54559ec@group-73E40DF2990B-LeaderElection368] INFO  impl.RoleInfo (RoleInfo.java:updateAndGet(143)) - f2627371-a904-4314-a836-5eb8f54559ec: start FollowerState
2019-10-21 19:13:31,744 [Thread-2712] INFO  impl.FollowerState (FollowerState.java:run(108)) - f2627371-a904-4314-a836-5eb8f54559ec@group-73E40DF2990B-FollowerState: change to CANDIDATE, lastRpcTime:69ms, electionTimeout:69ms
2019-10-21 19:13:31,744 [Thread-2712] INFO  impl.RoleInfo (RoleInfo.java:shutdownFollowerState(121)) - f2627371-a904-4314-a836-5eb8f54559ec: shutdown FollowerState
2019-10-21 19:13:31,744 [Thread-2712] INFO  impl.RaftServerImpl (RaftServerImpl.java:setRole(184)) - f2627371-a904-4314-a836-5eb8f54559ec@group-73E40DF2990B: changes role from  FOLLOWER to CANDIDATE at term 410 for changeToCandidate
2019-10-21 19:13:31,745 [Thread-2712] INFO  impl.RoleInfo (RoleInfo.java:updateAndGet(143)) - f2627371-a904-4314-a836-5eb8f54559ec: start LeaderElection
2019-10-21 19:13:31,777 [f2627371-a904-4314-a836-5eb8f54559ec@group-73E40DF2990B-LeaderElection369] INFO  impl.LeaderElection (LeaderElection.java:askForVotes(178)) - f2627371-a904-4314-a836-5eb8f54559ec@group-73E40DF2990B-LeaderElection369: begin an election at term 411 for -1: [e6a83585-83d0-4616-a3d5-866875ad8a29:192.168.34.32:46159, f2627371-a904-4314-a836-5eb8f54559ec:192.168.34.32:33224, 1b813ef4-47a4-4bfc-8eb5-c34ae440adb1:192.168.34.32:36113], old=null
2019-10-21 19:13:31,779 [grpc-default-executor-5] INFO  impl.RaftServerImpl (RaftServerImpl.java:setRole(184)) - 1b813ef4-47a4-4bfc-8eb5-c34ae440adb1@group-73E40DF2990B: changes role from  FOLLOWER to FOLLOWER at term 411 for recognizeCandidate:f2627371-a904-4314-a836-5eb8f54559ec
2019-10-21 19:13:31,779 [grpc-default-executor-5] INFO  impl.RoleInfo (RoleInfo.java:shutdownFollowerState(121)) - 1b813ef4-47a4-4bfc-8eb5-c34ae440adb1: shutdown FollowerState
2019-10-21 19:13:31,779 [grpc-default-executor-0] INFO  impl.RaftServerImpl (RaftServerImpl.java:setRole(184)) - e6a83585-83d0-4616-a3d5-866875ad8a29@group-73E40DF2990B: changes role from  FOLLOWER to FOLLOWER at term 411 for recognizeCandidate:f2627371-a904-4314-a836-5eb8f54559ec
2019-10-21 19:13:31,780 [grpc-default-executor-0] INFO  impl.RoleInfo (RoleInfo.java:shutdownFollowerState(121)) - e6a83585-83d0-4616-a3d5-866875ad8a29: shutdown FollowerState
2019-10-21 19:13:31,779 [Thread-2710] INFO  impl.FollowerState (FollowerState.java:run(117)) - 1b813ef4-47a4-4bfc-8eb5-c34ae440adb1@group-73E40DF2990B-FollowerState was interrupted: java.lang.InterruptedException: sleep interrupted
2019-10-21 19:13:31,779 [grpc-default-executor-5] INFO  impl.RoleInfo (RoleInfo.java:updateAndGet(143)) - 1b813ef4-47a4-4bfc-8eb5-c34ae440adb1: start FollowerState
2019-10-21 19:13:31,780 [Thread-2711] INFO  impl.FollowerState (FollowerState.java:run(117)) - e6a83585-83d0-4616-a3d5-866875ad8a29@group-73E40DF2990B-FollowerState was interrupted: java.lang.InterruptedException: sleep interrupted
2019-10-21 19:13:31,780 [grpc-default-executor-0] INFO  impl.RoleInfo (RoleInfo.java:updateAndGet(143)) - e6a83585-83d0-4616-a3d5-866875ad8a29: start FollowerState
2019-10-21 19:13:31,795 [f2627371-a904-4314-a836-5eb8f54559ec@group-73E40DF2990B-LeaderElection369] INFO  impl.LeaderElection (LeaderElection.java:logAndReturn(56)) - f2627371-a904-4314-a836-5eb8f54559ec@group-73E40DF2990B-LeaderElection369: Election REJECTED; received 2 response(s) [f2627371-a904-4314-a836-5eb8f54559ec<-e6a83585-83d0-4616-a3d5-866875ad8a29#0:FAIL-t411, f2627371-a904-4314-a836-5eb8f54559ec<-1b813ef4-47a4-4bfc-8eb5-c34ae440adb1#0:FAIL-t411] and 0 exception(s); f2627371-a904-4314-a836-5eb8f54559ec@group-73E40DF2990B:t411, leader=null, voted=f2627371-a904-4314-a836-5eb8f54559ec, raftlog=f2627371-a904-4314-a836-5eb8f54559ec@group-73E40DF2990B-SegmentedRaftLog:OPENED:c-1,f-1,i0, conf=-1: [e6a83585-83d0-4616-a3d5-866875ad8a29:192.168.34.32:46159, f2627371-a904-4314-a836-5eb8f54559ec:192.168.34.32:33224, 1b813ef4-47a4-4bfc-8eb5-c34ae440adb1:192.168.34.32:36113], old=null
2019-10-21 19:13:31,795 [f2627371-a904-4314-a836-5eb8f54559ec@group-73E40DF2990B-LeaderElection369] INFO  impl.RaftServerImpl (RaftServerImpl.java:setRole(184)) - f2627371-a904-4314-a836-5eb8f54559ec@group-73E40DF2990B: changes role from CANDIDATE to FOLLOWER at term 411 for DISCOVERED_A_NEW_TERM
2019-10-21 19:13:31,795 [f2627371-a904-4314-a836-5eb8f54559ec@group-73E40DF2990B-LeaderElection369] INFO  impl.RoleInfo (RoleInfo.java:shutdownLeaderElection(134)) - f2627371-a904-4314-a836-5eb8f54559ec: shutdown LeaderElection
2019-10-21 19:13:31,795 [f2627371-a904-4314-a836-5eb8f54559ec@group-73E40DF2990B-LeaderElection369] INFO  impl.RoleInfo (RoleInfo.java:updateAndGet(143)) - f2627371-a904-4314-a836-5eb8f54559ec: start FollowerState
2019-10-21 19:13:31,919 [Thread-2720] INFO  impl.FollowerState (FollowerState.java:run(108)) - f2627371-a904-4314-a836-5eb8f54559ec@group-73E40DF2990B-FollowerState: change to CANDIDATE, lastRpcTime:124ms, electionTimeout:124ms
2019-10-21 19:13:31,919 [Thread-2720] INFO  impl.RoleInfo (RoleInfo.java:shutdownFollowerState(121)) - f2627371-a904-4314-a836-5eb8f54559ec: shutdown FollowerState
2019-10-21 19:13:31,920 [Thread-2720] INFO  impl.RaftServerImpl (RaftServerImpl.java:setRole(184)) - f2627371-a904-4314-a836-5eb8f54559ec@group-73E40DF2990B: changes role from  FOLLOWER to CANDIDATE at term 411 for changeToCandidate
2019-10-21 19:13:31,920 [Thread-2720] INFO  impl.RoleInfo (RoleInfo.java:updateAndGet(143)) - f2627371-a904-4314-a836-5eb8f54559ec: start LeaderElection
2019-10-21 19:13:31,933 [f2627371-a904-4314-a836-5eb8f54559ec@group-73E40DF2990B-LeaderElection370] INFO  impl.LeaderElection (LeaderElection.java:askForVotes(178)) - f2627371-a904-4314-a836-5eb8f54559ec@group-73E40DF2990B-LeaderElection370: begin an election at term 412 for -1: [e6a83585-83d0-4616-a3d5-866875ad8a29:192.168.34.32:46159, f2627371-a904-4314-a836-5eb8f54559ec:192.168.34.32:33224, 1b813ef4-47a4-4bfc-8eb5-c34ae440adb1:192.168.34.32:36113], old=null
2019-10-21 19:13:31,935 [grpc-default-executor-0] INFO  impl.RaftServerImpl (RaftServerImpl.java:setRole(184)) - e6a83585-83d0-4616-a3d5-866875ad8a29@group-73E40DF2990B: changes role from  FOLLOWER to FOLLOWER at term 412 for recognizeCandidate:f2627371-a904-4314-a836-5eb8f54559ec
2019-10-21 19:13:31,935 [grpc-default-executor-0] INFO  impl.RoleInfo (RoleInfo.java:shutdownFollowerState(121)) - e6a83585-83d0-4616-a3d5-866875ad8a29: shutdown FollowerState
2019-10-21 19:13:31,935 [grpc-default-executor-5] INFO  impl.RaftServerImpl (RaftServerImpl.java:setRole(184)) - 1b813ef4-47a4-4bfc-8eb5-c34ae440adb1@group-73E40DF2990B: changes role from  FOLLOWER to FOLLOWER at term 412 for recognizeCandidate:f2627371-a904-4314-a836-5eb8f54559ec
2019-10-21 19:13:31,935 [grpc-default-executor-5] INFO  impl.RoleInfo (RoleInfo.java:shutdownFollowerState(121)) - 1b813ef4-47a4-4bfc-8eb5-c34ae440adb1: shutdown FollowerState
2019-10-21 19:13:31,935 [Thread-2719] INFO  impl.FollowerState (FollowerState.java:run(117)) - e6a83585-83d0-4616-a3d5-866875ad8a29@group-73E40DF2990B-FollowerState was interrupted: java.lang.InterruptedException: sleep interrupted
2019-10-21 19:13:31,935 [Thread-2718] INFO  impl.FollowerState (FollowerState.java:run(117)) - 1b813ef4-47a4-4bfc-8eb5-c34ae440adb1@group-73E40DF2990B-FollowerState was interrupted: java.lang.InterruptedException: sleep interrupted
2019-10-21 19:13:31,935 [grpc-default-executor-0] INFO  impl.RoleInfo (RoleInfo.java:updateAndGet(143)) - e6a83585-83d0-4616-a3d5-866875ad8a29: start FollowerState
2019-10-21 19:13:31,935 [grpc-default-executor-5] INFO  impl.RoleInfo (RoleInfo.java:updateAndGet(143)) - 1b813ef4-47a4-4bfc-8eb5-c34ae440adb1: start FollowerState
2019-10-21 19:13:31,950 [f2627371-a904-4314-a836-5eb8f54559ec@group-73E40DF2990B-LeaderElection370] INFO  impl.LeaderElection (LeaderElection.java:logAndReturn(56)) - f2627371-a904-4314-a836-5eb8f54559ec@group-73E40DF2990B-LeaderElection370: Election REJECTED; received 2 response(s) [f2627371-a904-4314-a836-5eb8f54559ec<-e6a83585-83d0-4616-a3d5-866875ad8a29#0:FAIL-t412, f2627371-a904-4314-a836-5eb8f54559ec<-1b813ef4-47a4-4bfc-8eb5-c34ae440adb1#0:FAIL-t412] and 0 exception(s); f2627371-a904-4314-a836-5eb8f54559ec@group-73E40DF2990B:t412, leader=null, voted=f2627371-a904-4314-a836-5eb8f54559ec, raftlog=f2627371-a904-4314-a836-5eb8f54559ec@group-73E40DF2990B-SegmentedRaftLog:OPENED:c-1,f-1,i0, conf=-1: [e6a83585-83d0-4616-a3d5-866875ad8a29:192.168.34.32:46159, f2627371-a904-4314-a836-5eb8f54559ec:192.168.34.32:33224, 1b813ef4-47a4-4bfc-8eb5-c34ae440adb1:192.168.34.32:36113], old=null
2019-10-21 19:13:31,951 [f2627371-a904-4314-a836-5eb8f54559ec@group-73E40DF2990B-LeaderElection370] INFO  impl.RaftServerImpl (RaftServerImpl.java:setRole(184)) - f2627371-a904-4314-a836-5eb8f54559ec@group-73E40DF2990B: changes role from CANDIDATE to FOLLOWER at term 412 for DISCOVERED_A_NEW_TERM
2019-10-21 19:13:31,951 [f2627371-a904-4314-a836-5eb8f54559ec@group-73E40DF2990B-LeaderElection370] INFO  impl.RoleInfo (RoleInfo.java:shutdownLeaderElection(134)) - f2627371-a904-4314-a836-5eb8f54559ec: shutdown LeaderElection
2019-10-21 19:13:31,951 [f2627371-a904-4314-a836-5eb8f54559ec@group-73E40DF2990B-LeaderElection370] INFO  impl.RoleInfo (RoleInfo.java:updateAndGet(143)) - f2627371-a904-4314-a836-5eb8f54559ec: start FollowerState
2019-10-21 19:13:32,009 [Thread-2726] INFO  impl.FollowerState (FollowerState.java:run(108)) - f2627371-a904-4314-a836-5eb8f54559ec@group-73E40DF2990B-FollowerState: change to CANDIDATE, lastRpcTime:58ms, electionTimeout:58ms
2019-10-21 19:13:32,009 [Thread-2726] INFO  impl.RoleInfo (RoleInfo.java:shutdownFollowerState(121)) - f2627371-a904-4314-a836-5eb8f54559ec: shutdown FollowerState
2019-10-21 19:13:32,009 [Thread-2726] INFO  impl.RaftServerImpl (RaftServerImpl.java:setRole(184)) - f2627371-a904-4314-a836-5eb8f54559ec@group-73E40DF2990B: changes role from  FOLLOWER to CANDIDATE at term 412 for changeToCandidate
2019-10-21 19:13:32,010 [Thread-2726] INFO  impl.RoleInfo (RoleInfo.java:updateAndGet(143)) - f2627371-a904-4314-a836-5eb8f54559ec: start LeaderElection
2019-10-21 19:13:32,023 [f2627371-a904-4314-a836-5eb8f54559ec@group-73E40DF2990B-LeaderElection371] INFO  impl.LeaderElection (LeaderElection.java:askForVotes(178)) - f2627371-a904-4314-a836-5eb8f54559ec@group-73E40DF2990B-LeaderElection371: begin an election at term 413 for -1: [e6a83585-83d0-4616-a3d5-866875ad8a29:192.168.34.32:46159, f2627371-a904-4314-a836-5eb8f54559ec:192.168.34.32:33224, 1b813ef4-47a4-4bfc-8eb5-c34ae440adb1:192.168.34.32:36113], old=null
2019-10-21 19:13:32,024 [grpc-default-executor-0] INFO  impl.RaftServerImpl (RaftServerImpl.java:setRole(184)) - e6a83585-83d0-4616-a3d5-866875ad8a29@group-73E40DF2990B: changes role from  FOLLOWER to FOLLOWER at term 413 for recognizeCandidate:f2627371-a904-4314-a836-5eb8f54559ec
2019-10-21 19:13:32,024 [grpc-default-executor-0] INFO  impl.RoleInfo (RoleInfo.java:shutdownFollowerState(121)) - e6a83585-83d0-4616-a3d5-866875ad8a29: shutdown FollowerState
2019-10-21 19:13:32,024 [grpc-default-executor-0] INFO  impl.RoleInfo (RoleInfo.java:updateAndGet(143)) - e6a83585-83d0-4616-a3d5-866875ad8a29: start FollowerState
2019-10-21 19:13:32,025 [Thread-2724] INFO  impl.FollowerState (FollowerState.java:run(117)) - e6a83585-83d0-4616-a3d5-866875ad8a29@group-73E40DF2990B-FollowerState was interrupted: java.lang.InterruptedException: sleep interrupted
2019-10-21 19:13:32,025 [grpc-default-executor-5] INFO  impl.RaftServerImpl (RaftServerImpl.java:setRole(184)) - 1b813ef4-47a4-4bfc-8eb5-c34ae440adb1@group-73E40DF2990B: changes role from  FOLLOWER to FOLLOWER at term 413 for recognizeCandidate:f2627371-a904-4314-a836-5eb8f54559ec
2019-10-21 19:13:32,025 [grpc-default-executor-5] INFO  impl.RoleInfo (RoleInfo.java:shutdownFollowerState(121)) - 1b813ef4-47a4-4bfc-8eb5-c34ae440adb1: shutdown FollowerState
2019-10-21 19:13:32,025 [grpc-default-executor-5] INFO  impl.RoleInfo (RoleInfo.java:updateAndGet(143)) - 1b813ef4-47a4-4bfc-8eb5-c34ae440adb1: start FollowerState
2019-10-21 19:13:32,025 [Thread-2725] INFO  impl.FollowerState (FollowerState.java:run(117)) - 1b813ef4-47a4-4bfc-8eb5-c34ae440adb1@group-73E40DF2990B-FollowerState was interrupted: java.lang.InterruptedException: sleep interrupted
2019-10-21 19:13:32,038 [f2627371-a904-4314-a836-5eb8f54559ec@group-73E40DF2990B-LeaderElection371] INFO  impl.LeaderElection (LeaderElection.java:logAndReturn(56)) - f2627371-a904-4314-a836-5eb8f54559ec@group-73E40DF2990B-LeaderElection371: Election REJECTED; received 2 response(s) [f2627371-a904-4314-a836-5eb8f54559ec<-e6a83585-83d0-4616-a3d5-866875ad8a29#0:FAIL-t413, f2627371-a904-4314-a836-5eb8f54559ec<-1b813ef4-47a4-4bfc-8eb5-c34ae440adb1#0:FAIL-t413] and 0 exception(s); f2627371-a904-4314-a836-5eb8f54559ec@group-73E40DF2990B:t413, leader=null, voted=f2627371-a904-4314-a836-5eb8f54559ec, raftlog=f2627371-a904-4314-a836-5eb8f54559ec@group-73E40DF2990B-SegmentedRaftLog:OPENED:c-1,f-1,i0, conf=-1: [e6a83585-83d0-4616-a3d5-866875ad8a29:192.168.34.32:46159, f2627371-a904-4314-a836-5eb8f54559ec:192.168.34.32:33224, 1b813ef4-47a4-4bfc-8eb5-c34ae440adb1:192.168.34.32:36113], old=null
2019-10-21 19:13:32,038 [f2627371-a904-4314-a836-5eb8f54559ec@group-73E40DF2990B-LeaderElection371] INFO  impl.RaftServerImpl (RaftServerImpl.java:setRole(184)) - f2627371-a904-4314-a836-5eb8f54559ec@group-73E40DF2990B: changes role from CANDIDATE to FOLLOWER at term 413 for DISCOVERED_A_NEW_TERM
2019-10-21 19:13:32,038 [f2627371-a904-4314-a836-5eb8f54559ec@group-73E40DF2990B-LeaderElection371] INFO  impl.RoleInfo (RoleInfo.java:shutdownLeaderElection(134)) - f2627371-a904-4314-a836-5eb8f54559ec: shutdown LeaderElection
2019-10-21 19:13:32,038 [f2627371-a904-4314-a836-5eb8f54559ec@group-73E40DF2990B-LeaderElection371] INFO  impl.RoleInfo (RoleInfo.java:updateAndGet(143)) - f2627371-a904-4314-a836-5eb8f54559ec: start FollowerState
2019-10-21 19:13:32,161 [Thread-2732] INFO  impl.FollowerState (FollowerState.java:run(108)) - f2627371-a904-4314-a836-5eb8f54559ec@group-73E40DF2990B-FollowerState: change to CANDIDATE, lastRpcTime:122ms, electionTimeout:122ms
2019-10-21 19:13:32,161 [Thread-2732] INFO  impl.RoleInfo (RoleInfo.java:shutdownFollowerState(121)) - f2627371-a904-4314-a836-5eb8f54559ec: shutdown FollowerState
2019-10-21 19:13:32,161 [Thread-2732] INFO  impl.RaftServerImpl (RaftServerImpl.java:setRole(184)) - f2627371-a904-4314-a836-5eb8f54559ec@group-73E40DF2990B: changes role from  FOLLOWER to CANDIDATE at term 413 for changeToCandidate
2019-10-21 19:13:32,161 [Thread-2732] INFO  impl.RoleInfo (RoleInfo.java:updateAndGet(143)) - f2627371-a904-4314-a836-5eb8f54559ec: start LeaderElection
2019-10-21 19:13:32,174 [f2627371-a904-4314-a836-5eb8f54559ec@group-73E40DF2990B-LeaderElection372] INFO  impl.LeaderElection (LeaderElection.java:askForVotes(178)) - f2627371-a904-4314-a836-5eb8f54559ec@group-73E40DF2990B-LeaderElection372: begin an election at term 414 for -1: [e6a83585-83d0-4616-a3d5-866875ad8a29:192.168.34.32:46159, f2627371-a904-4314-a836-5eb8f54559ec:192.168.34.32:33224, 1b813ef4-47a4-4bfc-8eb5-c34ae440adb1:192.168.34.32:36113], old=null
2019-10-21 19:13:32,176 [grpc-default-executor-0] INFO  impl.RaftServerImpl (RaftServerImpl.java:setRole(184)) - e6a83585-83d0-4616-a3d5-866875ad8a29@group-73E40DF2990B: changes role from  FOLLOWER to FOLLOWER at term 414 for recognizeCandidate:f2627371-a904-4314-a836-5eb8f54559ec
2019-10-21 19:13:32,177 [grpc-default-executor-0] INFO  impl.RoleInfo (RoleInfo.java:shutdownFollowerState(121)) - e6a83585-83d0-4616-a3d5-866875ad8a29: shutdown FollowerState
2019-10-21 19:13:32,177 [grpc-default-executor-0] INFO  impl.RoleInfo (RoleInfo.java:updateAndGet(143)) - e6a83585-83d0-4616-a3d5-866875ad8a29: start FollowerState
2019-10-21 19:13:32,177 [Thread-2730] INFO  impl.FollowerState (FollowerState.java:run(117)) - e6a83585-83d0-4616-a3d5-866875ad8a29@group-73E40DF2990B-FollowerState was interrupted: java.lang.InterruptedException: sleep interrupted
2019-10-21 19:13:32,177 [grpc-default-executor-5] INFO  impl.RaftServerImpl (RaftServerImpl.java:setRole(184)) - 1b813ef4-47a4-4bfc-8eb5-c34ae440adb1@group-73E40DF2990B: changes role from  FOLLOWER to FOLLOWER at term 414 for recognizeCandidate:f2627371-a904-4314-a836-5eb8f54559ec
2019-10-21 19:13:32,177 [grpc-default-executor-5] INFO  impl.RoleInfo (RoleInfo.java:shutdownFollowerState(121)) - 1b813ef4-47a4-4bfc-8eb5-c34ae440adb1: shutdown FollowerState
2019-10-21 19:13:32,177 [grpc-default-executor-5] INFO  impl.RoleInfo (RoleInfo.java:updateAndGet(143)) - 1b813ef4-47a4-4bfc-8eb5-c34ae440adb1: start FollowerState
2019-10-21 19:13:32,177 [Thread-2731] INFO  impl.FollowerState (FollowerState.java:run(117)) - 1b813ef4-47a4-4bfc-8eb5-c34ae440adb1@group-73E40DF2990B-FollowerState was interrupted: java.lang.InterruptedException: sleep interrupted
2019-10-21 19:13:32,192 [f2627371-a904-4314-a836-5eb8f54559ec@group-73E40DF2990B-LeaderElection372] INFO  impl.LeaderElection (LeaderElection.java:logAndReturn(56)) - f2627371-a904-4314-a836-5eb8f54559ec@group-73E40DF2990B-LeaderElection372: Election REJECTED; received 2 response(s) [f2627371-a904-4314-a836-5eb8f54559ec<-e6a83585-83d0-4616-a3d5-866875ad8a29#0:FAIL-t414, f2627371-a904-4314-a836-5eb8f54559ec<-1b813ef4-47a4-4bfc-8eb5-c34ae440adb1#0:FAIL-t414] and 0 exception(s); f2627371-a904-4314-a836-5eb8f54559ec@group-73E40DF2990B:t414, leader=null, voted=f2627371-a904-4314-a836-5eb8f54559ec, raftlog=f2627371-a904-4314-a836-5eb8f54559ec@group-73E40DF2990B-SegmentedRaftLog:OPENED:c-1,f-1,i0, conf=-1: [e6a83585-83d0-4616-a3d5-866875ad8a29:192.168.34.32:46159, f2627371-a904-4314-a836-5eb8f54559ec:192.168.34.32:33224, 1b813ef4-47a4-4bfc-8eb5-c34ae440adb1:192.168.34.32:36113], old=null
2019-10-21 19:13:32,192 [f2627371-a904-4314-a836-5eb8f54559ec@group-73E40DF2990B-LeaderElection372] INFO  impl.RaftServerImpl (RaftServerImpl.java:setRole(184)) - f2627371-a904-4314-a836-5eb8f54559ec@group-73E40DF2990B: changes role from CANDIDATE to FOLLOWER at term 414 for DISCOVERED_A_NEW_TERM
2019-10-21 19:13:32,192 [f2627371-a904-4314-a836-5eb8f54559ec@group-73E40DF2990B-LeaderElection372] INFO  impl.RoleInfo (RoleInfo.java:shutdownLeaderElection(134)) - f2627371-a904-4314-a836-5eb8f54559ec: shutdown LeaderElection
2019-10-21 19:13:32,192 [f2627371-a904-4314-a836-5eb8f54559ec@group-73E40DF2990B-LeaderElection372] INFO  impl.RoleInfo (RoleInfo.java:updateAndGet(143)) - f2627371-a904-4314-a836-5eb8f54559ec: start FollowerState
2019-10-21 19:13:32,301 [Thread-2738] INFO  impl.FollowerState (FollowerState.java:run(108)) - f2627371-a904-4314-a836-5eb8f54559ec@group-73E40DF2990B-FollowerState: change to CANDIDATE, lastRpcTime:109ms, electionTimeout:109ms
2019-10-21 19:13:32,302 [Thread-2738] INFO  impl.RoleInfo (RoleInfo.java:shutdownFollowerState(121)) - f2627371-a904-4314-a836-5eb8f54559ec: shutdown FollowerState
2019-10-21 19:13:32,302 [Thread-2738] INFO  impl.RaftServerImpl (RaftServerImpl.java:setRole(184)) - f2627371-a904-4314-a836-5eb8f54559ec@group-73E40DF2990B: changes role from  FOLLOWER to CANDIDATE at term 414 for changeToCandidate
2019-10-21 19:13:32,302 [Thread-2738] INFO  impl.RoleInfo (RoleInfo.java:updateAndGet(143)) - f2627371-a904-4314-a836-5eb8f54559ec: start LeaderElection
2019-10-21 19:13:32,310 [f2627371-a904-4314-a836-5eb8f54559ec@group-73E40DF2990B-LeaderElection373] INFO  impl.LeaderElection (LeaderElection.java:askForVotes(178)) - f2627371-a904-4314-a836-5eb8f54559ec@group-73E40DF2990B-LeaderElection373: begin an election at term 415 for -1: [e6a83585-83d0-4616-a3d5-866875ad8a29:192.168.34.32:46159, f2627371-a904-4314-a836-5eb8f54559ec:192.168.34.32:33224, 1b813ef4-47a4-4bfc-8eb5-c34ae440adb1:192.168.34.32:36113], old=null
2019-10-21 19:13:32,311 [grpc-default-executor-5] INFO  impl.RaftServerImpl (RaftServerImpl.java:setRole(184)) - e6a83585-83d0-4616-a3d5-866875ad8a29@group-73E40DF2990B: changes role from  FOLLOWER to FOLLOWER at term 415 for recognizeCandidate:f2627371-a904-4314-a836-5eb8f54559ec
2019-10-21 19:13:32,312 [grpc-default-executor-5] INFO  impl.RoleInfo (RoleInfo.java:shutdownFollowerState(121)) - e6a83585-83d0-4616-a3d5-866875ad8a29: shutdown FollowerState
2019-10-21 19:13:32,312 [grpc-default-executor-5] INFO  impl.RoleInfo (RoleInfo.java:updateAndGet(143)) - e6a83585-83d0-4616-a3d5-866875ad8a29: start FollowerState
2019-10-21 19:13:32,312 [grpc-default-executor-0] INFO  impl.RaftServerImpl (RaftServerImpl.java:setRole(184)) - 1b813ef4-47a4-4bfc-8eb5-c34ae440adb1@group-73E40DF2990B: changes role from  FOLLOWER to FOLLOWER at term 415 for recognizeCandidate:f2627371-a904-4314-a836-5eb8f54559ec
2019-10-21 19:13:32,312 [grpc-default-executor-0] INFO  impl.RoleInfo (RoleInfo.java:shutdownFollowerState(121)) - 1b813ef4-47a4-4bfc-8eb5-c34ae440adb1: shutdown FollowerState
2019-10-21 19:13:32,312 [Thread-2736] INFO  impl.FollowerState (FollowerState.java:run(117)) - e6a83585-83d0-4616-a3d5-866875ad8a29@group-73E40DF2990B-FollowerState was interrupted: java.lang.InterruptedException: sleep interrupted
2019-10-21 19:13:32,312 [grpc-default-executor-0] INFO  impl.RoleInfo (RoleInfo.java:updateAndGet(143)) - 1b813ef4-47a4-4bfc-8eb5-c34ae440adb1: start FollowerState
2019-10-21 19:13:32,312 [Thread-2737] INFO  impl.FollowerState (FollowerState.java:run(117)) - 1b813ef4-47a4-4bfc-8eb5-c34ae440adb1@group-73E40DF2990B-FollowerState was interrupted: java.lang.InterruptedException: sleep interrupted
2019-10-21 19:13:32,322 [f2627371-a904-4314-a836-5eb8f54559ec@group-73E40DF2990B-LeaderElection373] INFO  impl.LeaderElection (LeaderElection.java:logAndReturn(56)) - f2627371-a904-4314-a836-5eb8f54559ec@group-73E40DF2990B-LeaderElection373: Election TIMEOUT; received 0 response(s) [] and 0 exception(s); f2627371-a904-4314-a836-5eb8f54559ec@group-73E40DF2990B:t415, leader=null, voted=f2627371-a904-4314-a836-5eb8f54559ec, raftlog=f2627371-a904-4314-a836-5eb8f54559ec@group-73E40DF2990B-SegmentedRaftLog:OPENED:c-1,f-1,i0, conf=-1: [e6a83585-83d0-4616-a3d5-866875ad8a29:192.168.34.32:46159, f2627371-a904-4314-a836-5eb8f54559ec:192.168.34.32:33224, 1b813ef4-47a4-4bfc-8eb5-c34ae440adb1:192.168.34.32:36113], old=null
2019-10-21 19:13:32,325 [f2627371-a904-4314-a836-5eb8f54559ec@group-73E40DF2990B-LeaderElection373] INFO  impl.LeaderElection (LeaderElection.java:askForVotes(178)) - f2627371-a904-4314-a836-5eb8f54559ec@group-73E40DF2990B-LeaderElection373: begin an election at term 416 for -1: [e6a83585-83d0-4616-a3d5-866875ad8a29:192.168.34.32:46159, f2627371-a904-4314-a836-5eb8f54559ec:192.168.34.32:33224, 1b813ef4-47a4-4bfc-8eb5-c34ae440adb1:192.168.34.32:36113], old=null
2019-10-21 19:13:32,327 [grpc-default-executor-0] INFO  impl.RaftServerImpl (RaftServerImpl.java:setRole(184)) - e6a83585-83d0-4616-a3d5-866875ad8a29@group-73E40DF2990B: changes role from  FOLLOWER to FOLLOWER at term 416 for recognizeCandidate:f2627371-a904-4314-a836-5eb8f54559ec
2019-10-21 19:13:32,327 [grpc-default-executor-0] INFO  impl.RoleInfo (RoleInfo.java:shutdownFollowerState(121)) - e6a83585-83d0-4616-a3d5-866875ad8a29: shutdown FollowerState
2019-10-21 19:13:32,327 [grpc-default-executor-5] INFO  impl.RaftServerImpl (RaftServerImpl.java:setRole(184)) - 1b813ef4-47a4-4bfc-8eb5-c34ae440adb1@group-73E40DF2990B: changes role from  FOLLOWER to FOLLOWER at term 416 for recognizeCandidate:f2627371-a904-4314-a836-5eb8f54559ec
2019-10-21 19:13:32,327 [Thread-2742] INFO  impl.FollowerState (FollowerState.java:run(117)) - e6a83585-83d0-4616-a3d5-866875ad8a29@group-73E40DF2990B-FollowerState was interrupted: java.lang.InterruptedException: sleep interrupted
2019-10-21 19:13:32,327 [grpc-default-executor-0] INFO  impl.RoleInfo (RoleInfo.java:updateAndGet(143)) - e6a83585-83d0-4616-a3d5-866875ad8a29: start FollowerState
2019-10-21 19:13:32,327 [grpc-default-executor-5] INFO  impl.RoleInfo (RoleInfo.java:shutdownFollowerState(121)) - 1b813ef4-47a4-4bfc-8eb5-c34ae440adb1: shutdown FollowerState
2019-10-21 19:13:32,328 [grpc-default-executor-5] INFO  impl.RoleInfo (RoleInfo.java:updateAndGet(143)) - 1b813ef4-47a4-4bfc-8eb5-c34ae440adb1: start FollowerState
2019-10-21 19:13:32,328 [Thread-2743] INFO  impl.FollowerState (FollowerState.java:run(117)) - 1b813ef4-47a4-4bfc-8eb5-c34ae440adb1@group-73E40DF2990B-FollowerState was interrupted: java.lang.InterruptedException: sleep interrupted
2019-10-21 19:13:32,342 [f2627371-a904-4314-a836-5eb8f54559ec@group-73E40DF2990B-LeaderElection373] INFO  impl.LeaderElection (LeaderElection.java:logAndReturn(56)) - f2627371-a904-4314-a836-5eb8f54559ec@group-73E40DF2990B-LeaderElection373: Election REJECTED; received 2 response(s) [f2627371-a904-4314-a836-5eb8f54559ec<-e6a83585-83d0-4616-a3d5-866875ad8a29#0:FAIL-t416, f2627371-a904-4314-a836-5eb8f54559ec<-1b813ef4-47a4-4bfc-8eb5-c34ae440adb1#0:FAIL-t416] and 0 exception(s); f2627371-a904-4314-a836-5eb8f54559ec@group-73E40DF2990B:t416, leader=null, voted=f2627371-a904-4314-a836-5eb8f54559ec, raftlog=f2627371-a904-4314-a836-5eb8f54559ec@group-73E40DF2990B-SegmentedRaftLog:OPENED:c-1,f-1,i0, conf=-1: [e6a83585-83d0-4616-a3d5-866875ad8a29:192.168.34.32:46159, f2627371-a904-4314-a836-5eb8f54559ec:192.168.34.32:33224, 1b813ef4-47a4-4bfc-8eb5-c34ae440adb1:192.168.34.32:36113], old=null
2019-10-21 19:13:32,342 [f2627371-a904-4314-a836-5eb8f54559ec@group-73E40DF2990B-LeaderElection373] INFO  impl.RaftServerImpl (RaftServerImpl.java:setRole(184)) - f2627371-a904-4314-a836-5eb8f54559ec@group-73E40DF2990B: changes role from CANDIDATE to FOLLOWER at term 416 for DISCOVERED_A_NEW_TERM
2019-10-21 19:13:32,342 [f2627371-a904-4314-a836-5eb8f54559ec@group-73E40DF2990B-LeaderElection373] INFO  impl.RoleInfo (RoleInfo.java:shutdownLeaderElection(134)) - f2627371-a904-4314-a836-5eb8f54559ec: shutdown LeaderElection
2019-10-21 19:13:32,342 [f2627371-a904-4314-a836-5eb8f54559ec@group-73E40DF2990B-LeaderElection373] INFO  impl.RoleInfo (RoleInfo.java:updateAndGet(143)) - f2627371-a904-4314-a836-5eb8f54559ec: start FollowerState
2019-10-21 19:13:32,533 [Thread-2749] INFO  impl.FollowerState (FollowerState.java:run(108)) - f2627371-a904-4314-a836-5eb8f54559ec@group-73E40DF2990B-FollowerState: change to CANDIDATE, lastRpcTime:190ms, electionTimeout:190ms
2019-10-21 19:13:32,533 [Thread-2749] INFO  impl.RoleInfo (RoleInfo.java:shutdownFollowerState(121)) - f2627371-a904-4314-a836-5eb8f54559ec: shutdown FollowerState
2019-10-21 19:13:32,533 [Thread-2749] INFO  impl.RaftServerImpl (RaftServerImpl.java:setRole(184)) - f2627371-a904-4314-a836-5eb8f54559ec@group-73E40DF2990B: changes role from  FOLLOWER to CANDIDATE at term 416 for changeToCandidate
2019-10-21 19:13:32,533 [Thread-2749] INFO  impl.RoleInfo (RoleInfo.java:updateAndGet(143)) - f2627371-a904-4314-a836-5eb8f54559ec: start LeaderElection
2019-10-21 19:13:32,559 [f2627371-a904-4314-a836-5eb8f54559ec@group-73E40DF2990B-LeaderElection374] INFO  impl.LeaderElection (LeaderElection.java:askForVotes(178)) - f2627371-a904-4314-a836-5eb8f54559ec@group-73E40DF2990B-LeaderElection374: begin an election at term 417 for -1: [e6a83585-83d0-4616-a3d5-866875ad8a29:192.168.34.32:46159, f2627371-a904-4314-a836-5eb8f54559ec:192.168.34.32:33224, 1b813ef4-47a4-4bfc-8eb5-c34ae440adb1:192.168.34.32:36113], old=null
2019-10-21 19:13:32,560 [grpc-default-executor-0] INFO  impl.RaftServerImpl (RaftServerImpl.java:setRole(184)) - 1b813ef4-47a4-4bfc-8eb5-c34ae440adb1@group-73E40DF2990B: changes role from  FOLLOWER to FOLLOWER at term 417 for recognizeCandidate:f2627371-a904-4314-a836-5eb8f54559ec
2019-10-21 19:13:32,561 [grpc-default-executor-0] INFO  impl.RoleInfo (RoleInfo.java:shutdownFollowerState(121)) - 1b813ef4-47a4-4bfc-8eb5-c34ae440adb1: shutdown FollowerState
2019-10-21 19:13:32,560 [grpc-default-executor-5] INFO  impl.RaftServerImpl (RaftServerImpl.java:setRole(184)) - e6a83585-83d0-4616-a3d5-866875ad8a29@group-73E40DF2990B: changes role from  FOLLOWER to FOLLOWER at term 417 for recognizeCandidate:f2627371-a904-4314-a836-5eb8f54559ec
2019-10-21 19:13:32,561 [grpc-default-executor-5] INFO  impl.RoleInfo (RoleInfo.java:shutdownFollowerState(121)) - e6a83585-83d0-4616-a3d5-866875ad8a29: shutdown FollowerState
2019-10-21 19:13:32,561 [Thread-2747] INFO  impl.FollowerState (FollowerState.java:run(117)) - 1b813ef4-47a4-4bfc-8eb5-c34ae440adb1@group-73E40DF2990B-FollowerState was interrupted: java.lang.InterruptedException: sleep interrupted
2019-10-21 19:13:32,561 [grpc-default-executor-0] INFO  impl.RoleInfo (RoleInfo.java:updateAndGet(143)) - 1b813ef4-47a4-4bfc-8eb5-c34ae440adb1: start FollowerState
2019-10-21 19:13:32,561 [Thread-2746] INFO  impl.FollowerState (FollowerState.java:run(117)) - e6a83585-83d0-4616-a3d5-866875ad8a29@group-73E40DF2990B-FollowerState was interrupted: java.lang.InterruptedException: sleep interrupted
2019-10-21 19:13:32,561 [grpc-default-executor-5] INFO  impl.RoleInfo (RoleInfo.java:updateAndGet(143)) - e6a83585-83d0-4616-a3d5-866875ad8a29: start FollowerState
2019-10-21 19:13:32,562 [f2627371-a904-4314-a836-5eb8f54559ec@group-73E40DF2990B-LeaderElection374] INFO  impl.LeaderElection (LeaderElection.java:logAndReturn(56)) - f2627371-a904-4314-a836-5eb8f54559ec@group-73E40DF2990B-LeaderElection374: Election TIMEOUT; received 0 response(s) [] and 0 exception(s); f2627371-a904-4314-a836-5eb8f54559ec@group-73E40DF2990B:t417, leader=null, voted=f2627371-a904-4314-a836-5eb8f54559ec, raftlog=f2627371-a904-4314-a836-5eb8f54559ec@group-73E40DF2990B-SegmentedRaftLog:OPENED:c-1,f-1,i0, conf=-1: [e6a83585-83d0-4616-a3d5-866875ad8a29:192.168.34.32:46159, f2627371-a904-4314-a836-5eb8f54559ec:192.168.34.32:33224, 1b813ef4-47a4-4bfc-8eb5-c34ae440adb1:192.168.34.32:36113], old=null
2019-10-21 19:13:32,575 [f2627371-a904-4314-a836-5eb8f54559ec@group-73E40DF2990B-LeaderElection374] INFO  impl.LeaderElection (LeaderElection.java:askForVotes(178)) - f2627371-a904-4314-a836-5eb8f54559ec@group-73E40DF2990B-LeaderElection374: begin an election at term 418 for -1: [e6a83585-83d0-4616-a3d5-866875ad8a29:192.168.34.32:46159, f2627371-a904-4314-a836-5eb8f54559ec:192.168.34.32:33224, 1b813ef4-47a4-4bfc-8eb5-c34ae440adb1:192.168.34.32:36113], old=null
2019-10-21 19:13:32,576 [grpc-default-executor-0] INFO  impl.RaftServerImpl (RaftServerImpl.java:setRole(184)) - e6a83585-83d0-4616-a3d5-866875ad8a29@group-73E40DF2990B: changes role from  FOLLOWER to FOLLOWER at term 418 for recognizeCandidate:f2627371-a904-4314-a836-5eb8f54559ec
2019-10-21 19:13:32,576 [grpc-default-executor-0] INFO  impl.RoleInfo (RoleInfo.java:shutdownFollowerState(121)) - e6a83585-83d0-4616-a3d5-866875ad8a29: shutdown FollowerState
2019-10-21 19:13:32,576 [grpc-default-executor-0] INFO  impl.RoleInfo (RoleInfo.java:updateAndGet(143)) - e6a83585-83d0-4616-a3d5-866875ad8a29: start FollowerState
2019-10-21 19:13:32,576 [Thread-2755] INFO  impl.FollowerState (FollowerState.java:run(117)) - e6a83585-83d0-4616-a3d5-866875ad8a29@group-73E40DF2990B-FollowerState was interrupted: java.lang.InterruptedException: sleep interrupted
2019-10-21 19:13:32,576 [grpc-default-executor-5] INFO  impl.RaftServerImpl (RaftServerImpl.java:setRole(184)) - 1b813ef4-47a4-4bfc-8eb5-c34ae440adb1@group-73E40DF2990B: changes role from  FOLLOWER to FOLLOWER at term 418 for recognizeCandidate:f2627371-a904-4314-a836-5eb8f54559ec
2019-10-21 19:13:32,577 [grpc-default-executor-5] INFO  impl.RoleInfo (RoleInfo.java:shutdownFollowerState(121)) - 1b813ef4-47a4-4bfc-8eb5-c34ae440adb1: shutdown FollowerState
2019-10-21 19:13:32,577 [Thread-2754] INFO  impl.FollowerState (FollowerState.java:run(117)) - 1b813ef4-47a4-4bfc-8eb5-c34ae440adb1@group-73E40DF2990B-FollowerState was interrupted: java.lang.InterruptedException: sleep interrupted
2019-10-21 19:13:32,577 [grpc-default-executor-5] INFO  impl.RoleInfo (RoleInfo.java:updateAndGet(143)) - 1b813ef4-47a4-4bfc-8eb5-c34ae440adb1: start FollowerState
2019-10-21 19:13:32,608 [f2627371-a904-4314-a836-5eb8f54559ec@group-73E40DF2990B-LeaderElection374] INFO  impl.LeaderElection (LeaderElection.java:logAndReturn(56)) - f2627371-a904-4314-a836-5eb8f54559ec@group-73E40DF2990B-LeaderElection374: Election REJECTED; received 2 response(s) [f2627371-a904-4314-a836-5eb8f54559ec<-e6a83585-83d0-4616-a3d5-866875ad8a29#0:FAIL-t418, f2627371-a904-4314-a836-5eb8f54559ec<-1b813ef4-47a4-4bfc-8eb5-c34ae440adb1#0:FAIL-t418] and 0 exception(s); f2627371-a904-4314-a836-5eb8f54559ec@group-73E40DF2990B:t418, leader=null, voted=f2627371-a904-4314-a836-5eb8f54559ec, raftlog=f2627371-a904-4314-a836-5eb8f54559ec@group-73E40DF2990B-SegmentedRaftLog:OPENED:c-1,f-1,i0, conf=-1: [e6a83585-83d0-4616-a3d5-866875ad8a29:192.168.34.32:46159, f2627371-a904-4314-a836-5eb8f54559ec:192.168.34.32:33224, 1b813ef4-47a4-4bfc-8eb5-c34ae440adb1:192.168.34.32:36113], old=null
2019-10-21 19:13:32,608 [f2627371-a904-4314-a836-5eb8f54559ec@group-73E40DF2990B-LeaderElection374] INFO  impl.RaftServerImpl (RaftServerImpl.java:setRole(184)) - f2627371-a904-4314-a836-5eb8f54559ec@group-73E40DF2990B: changes role from CANDIDATE to FOLLOWER at term 418 for DISCOVERED_A_NEW_TERM
2019-10-21 19:13:32,609 [f2627371-a904-4314-a836-5eb8f54559ec@group-73E40DF2990B-LeaderElection374] INFO  impl.RoleInfo (RoleInfo.java:shutdownLeaderElection(134)) - f2627371-a904-4314-a836-5eb8f54559ec: shutdown LeaderElection
2019-10-21 19:13:32,609 [f2627371-a904-4314-a836-5eb8f54559ec@group-73E40DF2990B-LeaderElection374] INFO  impl.RoleInfo (RoleInfo.java:updateAndGet(143)) - f2627371-a904-4314-a836-5eb8f54559ec: start FollowerState
2019-10-21 19:13:32,650 [Thread-2760] INFO  impl.FollowerState (FollowerState.java:run(108)) - f2627371-a904-4314-a836-5eb8f54559ec@group-73E40DF2990B-FollowerState: change to CANDIDATE, lastRpcTime:41ms, electionTimeout:41ms
2019-10-21 19:13:32,650 [Thread-2760] INFO  impl.RoleInfo (RoleInfo.java:shutdownFollowerState(121)) - f2627371-a904-4314-a836-5eb8f54559ec: shutdown FollowerState
2019-10-21 19:13:32,650 [Thread-2760] INFO  impl.RaftServerImpl (RaftServerImpl.java:setRole(184)) - f2627371-a904-4314-a836-5eb8f54559ec@group-73E40DF2990B: changes role from  FOLLOWER to CANDIDATE at term 418 for changeToCandidate
2019-10-21 19:13:32,650 [Thread-2760] INFO  impl.RoleInfo (RoleInfo.java:updateAndGet(143)) - f2627371-a904-4314-a836-5eb8f54559ec: start LeaderElection
2019-10-21 19:13:32,676 [f2627371-a904-4314-a836-5eb8f54559ec@group-73E40DF2990B-LeaderElection375] INFO  impl.LeaderElection (LeaderElection.java:askForVotes(178)) - f2627371-a904-4314-a836-5eb8f54559ec@group-73E40DF2990B-LeaderElection375: begin an election at term 419 for -1: [e6a83585-83d0-4616-a3d5-866875ad8a29:192.168.34.32:46159, f2627371-a904-4314-a836-5eb8f54559ec:192.168.34.32:33224, 1b813ef4-47a4-4bfc-8eb5-c34ae440adb1:192.168.34.32:36113], old=null
2019-10-21 19:13:32,678 [grpc-default-executor-5] INFO  impl.RaftServerImpl (RaftServerImpl.java:setRole(184)) - e6a83585-83d0-4616-a3d5-866875ad8a29@group-73E40DF2990B: changes role from  FOLLOWER to FOLLOWER at term 419 for recognizeCandidate:f2627371-a904-4314-a836-5eb8f54559ec
2019-10-21 19:13:32,678 [grpc-default-executor-5] INFO  impl.RoleInfo (RoleInfo.java:shutdownFollowerState(121)) - e6a83585-83d0-4616-a3d5-866875ad8a29: shutdown FollowerState
2019-10-21 19:13:32,678 [grpc-default-executor-0] INFO  impl.RaftServerImpl (RaftServerImpl.java:setRole(184)) - 1b813ef4-47a4-4bfc-8eb5-c34ae440adb1@group-73E40DF2990B: changes role from  FOLLOWER to FOLLOWER at term 419 for recognizeCandidate:f2627371-a904-4314-a836-5eb8f54559ec
2019-10-21 19:13:32,678 [Thread-2758] INFO  impl.FollowerState (FollowerState.java:run(117)) - e6a83585-83d0-4616-a3d5-866875ad8a29@group-73E40DF2990B-FollowerState was interrupted: java.lang.InterruptedException: sleep interrupted
2019-10-21 19:13:32,678 [grpc-default-executor-5] INFO  impl.RoleInfo (RoleInfo.java:updateAndGet(143)) - e6a83585-83d0-4616-a3d5-866875ad8a29: start FollowerState
2019-10-21 19:13:32,678 [grpc-default-executor-0] INFO  impl.RoleInfo (RoleInfo.java:shutdownFollowerState(121)) - 1b813ef4-47a4-4bfc-8eb5-c34ae440adb1: shutdown FollowerState
2019-10-21 19:13:32,679 [grpc-default-executor-0] INFO  impl.RoleInfo (RoleInfo.java:updateAndGet(143)) - 1b813ef4-47a4-4bfc-8eb5-c34ae440adb1: start FollowerState
2019-10-21 19:13:32,679 [Thread-2759] INFO  impl.FollowerState (FollowerState.java:run(117)) - 1b813ef4-47a4-4bfc-8eb5-c34ae440adb1@group-73E40DF2990B-FollowerState was interrupted: java.lang.InterruptedException: sleep interrupted
2019-10-21 19:13:32,853 [f2627371-a904-4314-a836-5eb8f54559ec@group-73E40DF2990B-LeaderElection375] INFO  impl.LeaderElection (LeaderElection.java:logAndReturn(56)) - f2627371-a904-4314-a836-5eb8f54559ec@group-73E40DF2990B-LeaderElection375: Election TIMEOUT; received 0 response(s) [] and 0 exception(s); f2627371-a904-4314-a836-5eb8f54559ec@group-73E40DF2990B:t419, leader=null, voted=f2627371-a904-4314-a836-5eb8f54559ec, raftlog=f2627371-a904-4314-a836-5eb8f54559ec@group-73E40DF2990B-SegmentedRaftLog:OPENED:c-1,f-1,i0, conf=-1: [e6a83585-83d0-4616-a3d5-866875ad8a29:192.168.34.32:46159, f2627371-a904-4314-a836-5eb8f54559ec:192.168.34.32:33224, 1b813ef4-47a4-4bfc-8eb5-c34ae440adb1:192.168.34.32:36113], old=null
2019-10-21 19:13:33,541 [f2627371-a904-4314-a836-5eb8f54559ec@group-73E40DF2990B-LeaderElection375] INFO  impl.LeaderElection (LeaderElection.java:askForVotes(178)) - f2627371-a904-4314-a836-5eb8f54559ec@group-73E40DF2990B-LeaderElection375: begin an election at term 420 for -1: [e6a83585-83d0-4616-a3d5-866875ad8a29:192.168.34.32:46159, f2627371-a904-4314-a836-5eb8f54559ec:192.168.34.32:33224, 1b813ef4-47a4-4bfc-8eb5-c34ae440adb1:192.168.34.32:36113], old=null
2019-10-21 19:13:33,543 [grpc-default-executor-0] INFO  impl.RaftServerImpl (RaftServerImpl.java:setRole(184)) - e6a83585-83d0-4616-a3d5-866875ad8a29@group-73E40DF2990B: changes role from  FOLLOWER to FOLLOWER at term 420 for recognizeCandidate:f2627371-a904-4314-a836-5eb8f54559ec
2019-10-21 19:13:33,543 [grpc-default-executor-5] INFO  impl.RaftServerImpl (RaftServerImpl.java:setRole(184)) - 1b813ef4-47a4-4bfc-8eb5-c34ae440adb1@group-73E40DF2990B: changes role from  FOLLOWER to FOLLOWER at term 420 for recognizeCandidate:f2627371-a904-4314-a836-5eb8f54559ec
2019-10-21 19:13:33,543 [grpc-default-executor-5] INFO  impl.RoleInfo (RoleInfo.java:shutdownFollowerState(121)) - 1b813ef4-47a4-4bfc-8eb5-c34ae440adb1: shutdown FollowerState
2019-10-21 19:13:33,543 [grpc-default-executor-0] INFO  impl.RoleInfo (RoleInfo.java:shutdownFollowerState(121)) - e6a83585-83d0-4616-a3d5-866875ad8a29: shutdown FollowerState
2019-10-21 19:13:33,543 [Thread-2765] INFO  impl.FollowerState (FollowerState.java:run(117)) - 1b813ef4-47a4-4bfc-8eb5-c34ae440adb1@group-73E40DF2990B-FollowerState was interrupted: java.lang.InterruptedException: sleep interrupted
2019-10-21 19:13:33,543 [grpc-default-executor-5] INFO  impl.RoleInfo (RoleInfo.java:updateAndGet(143)) - 1b813ef4-47a4-4bfc-8eb5-c34ae440adb1: start FollowerState
2019-10-21 19:13:33,543 [Thread-2764] INFO  impl.FollowerState (FollowerState.java:run(117)) - e6a83585-83d0-4616-a3d5-866875ad8a29@group-73E40DF2990B-FollowerState was interrupted: java.lang.InterruptedException: sleep interrupted
2019-10-21 19:13:33,543 [grpc-default-executor-0] INFO  impl.RoleInfo (RoleInfo.java:updateAndGet(143)) - e6a83585-83d0-4616-a3d5-866875ad8a29: start FollowerState
2019-10-21 19:13:33,711 [f2627371-a904-4314-a836-5eb8f54559ec@group-73E40DF2990B-LeaderElection375] INFO  impl.LeaderElection (LeaderElection.java:logAndReturn(56)) - f2627371-a904-4314-a836-5eb8f54559ec@group-73E40DF2990B-LeaderElection375: Election TIMEOUT; received 0 response(s) [] and 0 exception(s); f2627371-a904-4314-a836-5eb8f54559ec@group-73E40DF2990B:t420, leader=null, voted=f2627371-a904-4314-a836-5eb8f54559ec, raftlog=f2627371-a904-4314-a836-5eb8f54559ec@group-73E40DF2990B-SegmentedRaftLog:OPENED:c-1,f-1,i0, conf=-1: [e6a83585-83d0-4616-a3d5-866875ad8a29:192.168.34.32:46159, f2627371-a904-4314-a836-5eb8f54559ec:192.168.34.32:33224, 1b813ef4-47a4-4bfc-8eb5-c34ae440adb1:192.168.34.32:36113], old=null
2019-10-21 19:13:34,555 [f2627371-a904-4314-a836-5eb8f54559ec@group-73E40DF2990B-LeaderElection375] INFO  impl.LeaderElection (LeaderElection.java:askForVotes(178)) - f2627371-a904-4314-a836-5eb8f54559ec@group-73E40DF2990B-LeaderElection375: begin an election at term 421 for -1: [e6a83585-83d0-4616-a3d5-866875ad8a29:192.168.34.32:46159, f2627371-a904-4314-a836-5eb8f54559ec:192.168.34.32:33224, 1b813ef4-47a4-4bfc-8eb5-c34ae440adb1:192.168.34.32:36113], old=null
2019-10-21 19:13:34,557 [grpc-default-executor-5] INFO  impl.RaftServerImpl (RaftServerImpl.java:setRole(184)) - e6a83585-83d0-4616-a3d5-866875ad8a29@group-73E40DF2990B: changes role from  FOLLOWER to FOLLOWER at term 421 for recognizeCandidate:f2627371-a904-4314-a836-5eb8f54559ec
2019-10-21 19:13:34,557 [grpc-default-executor-0] INFO  impl.RaftServerImpl (RaftServerImpl.java:setRole(184)) - 1b813ef4-47a4-4bfc-8eb5-c34ae440adb1@group-73E40DF2990B: changes role from  FOLLOWER to FOLLOWER at term 421 for recognizeCandidate:f2627371-a904-4314-a836-5eb8f54559ec
2019-10-21 19:13:34,558 [grpc-default-executor-5] INFO  impl.RoleInfo (RoleInfo.java:shutdownFollowerState(121)) - e6a83585-83d0-4616-a3d5-866875ad8a29: shutdown FollowerState
2019-10-21 19:13:34,558 [grpc-default-executor-0] INFO  impl.RoleInfo (RoleInfo.java:shutdownFollowerState(121)) - 1b813ef4-47a4-4bfc-8eb5-c34ae440adb1: shutdown FollowerState
2019-10-21 19:13:34,558 [Thread-2771] INFO  impl.FollowerState (FollowerState.java:run(117)) - e6a83585-83d0-4616-a3d5-866875ad8a29@group-73E40DF2990B-FollowerState was interrupted: java.lang.InterruptedException: sleep interrupted
2019-10-21 19:13:34,558 [Thread-2770] INFO  impl.FollowerState (FollowerState.java:run(117)) - 1b813ef4-47a4-4bfc-8eb5-c34ae440adb1@group-73E40DF2990B-FollowerState was interrupted: java.lang.InterruptedException: sleep interrupted
2019-10-21 19:13:34,558 [grpc-default-executor-5] INFO  impl.RoleInfo (RoleInfo.java:updateAndGet(143)) - e6a83585-83d0-4616-a3d5-866875ad8a29: start FollowerState
2019-10-21 19:13:34,558 [grpc-default-executor-0] INFO  impl.RoleInfo (RoleInfo.java:updateAndGet(143)) - 1b813ef4-47a4-4bfc-8eb5-c34ae440adb1: start FollowerState
2019-10-21 19:13:34,751 [f2627371-a904-4314-a836-5eb8f54559ec@group-73E40DF2990B-LeaderElection375] INFO  impl.LeaderElection (LeaderElection.java:logAndReturn(56)) - f2627371-a904-4314-a836-5eb8f54559ec@group-73E40DF2990B-LeaderElection375: Election TIMEOUT; received 0 response(s) [] and 0 exception(s); f2627371-a904-4314-a836-5eb8f54559ec@group-73E40DF2990B:t421, leader=null, voted=f2627371-a904-4314-a836-5eb8f54559ec, raftlog=f2627371-a904-4314-a836-5eb8f54559ec@group-73E40DF2990B-SegmentedRaftLog:OPENED:c-1,f-1,i0, conf=-1: [e6a83585-83d0-4616-a3d5-866875ad8a29:192.168.34.32:46159, f2627371-a904-4314-a836-5eb8f54559ec:192.168.34.32:33224, 1b813ef4-47a4-4bfc-8eb5-c34ae440adb1:192.168.34.32:36113], old=null
2019-10-21 19:13:35,410 [f2627371-a904-4314-a836-5eb8f54559ec@group-73E40DF2990B-LeaderElection375] INFO  impl.LeaderElection (LeaderElection.java:askForVotes(178)) - f2627371-a904-4314-a836-5eb8f54559ec@group-73E40DF2990B-LeaderElection375: begin an election at term 422 for -1: [e6a83585-83d0-4616-a3d5-866875ad8a29:192.168.34.32:46159, f2627371-a904-4314-a836-5eb8f54559ec:192.168.34.32:33224, 1b813ef4-47a4-4bfc-8eb5-c34ae440adb1:192.168.34.32:36113], old=null
2019-10-21 19:13:35,412 [grpc-default-executor-0] INFO  impl.RaftServerImpl (RaftServerImpl.java:setRole(184)) - e6a83585-83d0-4616-a3d5-866875ad8a29@group-73E40DF2990B: changes role from  FOLLOWER to FOLLOWER at term 422 for recognizeCandidate:f2627371-a904-4314-a836-5eb8f54559ec
2019-10-21 19:13:35,413 [grpc-default-executor-0] INFO  impl.RoleInfo (RoleInfo.java:shutdownFollowerState(121)) - e6a83585-83d0-4616-a3d5-866875ad8a29: shutdown FollowerState
2019-10-21 19:13:35,413 [grpc-default-executor-5] INFO  impl.RaftServerImpl (RaftServerImpl.java:setRole(184)) - 1b813ef4-47a4-4bfc-8eb5-c34ae440adb1@group-73E40DF2990B: changes role from  FOLLOWER to FOLLOWER at term 422 for recognizeCandidate:f2627371-a904-4314-a836-5eb8f54559ec
2019-10-21 19:13:35,413 [grpc-default-executor-5] INFO  impl.RoleInfo (RoleInfo.java:shutdownFollowerState(121)) - 1b813ef4-47a4-4bfc-8eb5-c34ae440adb1: shutdown FollowerState
2019-10-21 19:13:35,413 [Thread-2780] INFO  impl.FollowerState (FollowerState.java:run(117)) - e6a83585-83d0-4616-a3d5-866875ad8a29@group-73E40DF2990B-FollowerState was interrupted: java.lang.InterruptedException: sleep interrupted
2019-10-21 19:13:35,413 [grpc-default-executor-0] INFO  impl.RoleInfo (RoleInfo.java:updateAndGet(143)) - e6a83585-83d0-4616-a3d5-866875ad8a29: start FollowerState
2019-10-21 19:13:35,413 [Thread-2781] INFO  impl.FollowerState (FollowerState.java:run(117)) - 1b813ef4-47a4-4bfc-8eb5-c34ae440adb1@group-73E40DF2990B-FollowerState was interrupted: java.lang.InterruptedException: sleep interrupted
2019-10-21 19:13:35,413 [grpc-default-executor-5] INFO  impl.RoleInfo (RoleInfo.java:updateAndGet(143)) - 1b813ef4-47a4-4bfc-8eb5-c34ae440adb1: start FollowerState
2019-10-21 19:13:35,454 [f2627371-a904-4314-a836-5eb8f54559ec@group-73E40DF2990B-LeaderElection375] INFO  impl.LeaderElection (LeaderElection.java:logAndReturn(56)) - f2627371-a904-4314-a836-5eb8f54559ec@group-73E40DF2990B-LeaderElection375: Election REJECTED; received 2 response(s) [f2627371-a904-4314-a836-5eb8f54559ec<-e6a83585-83d0-4616-a3d5-866875ad8a29#0:FAIL-t422, f2627371-a904-4314-a836-5eb8f54559ec<-1b813ef4-47a4-4bfc-8eb5-c34ae440adb1#0:FAIL-t422] and 0 exception(s); f2627371-a904-4314-a836-5eb8f54559ec@group-73E40DF2990B:t422, leader=null, voted=f2627371-a904-4314-a836-5eb8f54559ec, raftlog=f2627371-a904-4314-a836-5eb8f54559ec@group-73E40DF2990B-SegmentedRaftLog:OPENED:c-1,f-1,i0, conf=-1: [e6a83585-83d0-4616-a3d5-866875ad8a29:192.168.34.32:46159, f2627371-a904-4314-a836-5eb8f54559ec:192.168.34.32:33224, 1b813ef4-47a4-4bfc-8eb5-c34ae440adb1:192.168.34.32:36113], old=null
2019-10-21 19:13:35,455 [f2627371-a904-4314-a836-5eb8f54559ec@group-73E40DF2990B-LeaderElection375] INFO  impl.RaftServerImpl (RaftServerImpl.java:setRole(184)) - f2627371-a904-4314-a836-5eb8f54559ec@group-73E40DF2990B: changes role from CANDIDATE to FOLLOWER at term 422 for DISCOVERED_A_NEW_TERM
2019-10-21 19:13:35,455 [f2627371-a904-4314-a836-5eb8f54559ec@group-73E40DF2990B-LeaderElection375] INFO  impl.RoleInfo (RoleInfo.java:shutdownLeaderElection(134)) - f2627371-a904-4314-a836-5eb8f54559ec: shutdown LeaderElection
2019-10-21 19:13:35,455 [f2627371-a904-4314-a836-5eb8f54559ec@group-73E40DF2990B-LeaderElection375] INFO  impl.RoleInfo (RoleInfo.java:updateAndGet(143)) - f2627371-a904-4314-a836-5eb8f54559ec: start FollowerState
2019-10-21 19:13:35,523 [Thread-2788] INFO  impl.FollowerState (FollowerState.java:run(108)) - f2627371-a904-4314-a836-5eb8f54559ec@group-73E40DF2990B-FollowerState: change to CANDIDATE, lastRpcTime:68ms, electionTimeout:68ms
2019-10-21 19:13:35,523 [Thread-2788] INFO  impl.RoleInfo (RoleInfo.java:shutdownFollowerState(121)) - f2627371-a904-4314-a836-5eb8f54559ec: shutdown FollowerState
2019-10-21 19:13:35,524 [Thread-2788] INFO  impl.RaftServerImpl (RaftServerImpl.java:setRole(184)) - f2627371-a904-4314-a836-5eb8f54559ec@group-73E40DF2990B: changes role from  FOLLOWER to CANDIDATE at term 422 for changeToCandidate
2019-10-21 19:13:35,524 [Thread-2788] INFO  impl.RoleInfo (RoleInfo.java:updateAndGet(143)) - f2627371-a904-4314-a836-5eb8f54559ec: start LeaderElection
2019-10-21 19:13:35,537 [f2627371-a904-4314-a836-5eb8f54559ec@group-73E40DF2990B-LeaderElection376] INFO  impl.LeaderElection (LeaderElection.java:askForVotes(178)) - f2627371-a904-4314-a836-5eb8f54559ec@group-73E40DF2990B-LeaderElection376: begin an election at term 423 for -1: [e6a83585-83d0-4616-a3d5-866875ad8a29:192.168.34.32:46159, f2627371-a904-4314-a836-5eb8f54559ec:192.168.34.32:33224, 1b813ef4-47a4-4bfc-8eb5-c34ae440adb1:192.168.34.32:36113], old=null
2019-10-21 19:13:35,539 [grpc-default-executor-5] INFO  impl.RaftServerImpl (RaftServerImpl.java:setRole(184)) - e6a83585-83d0-4616-a3d5-866875ad8a29@group-73E40DF2990B: changes role from  FOLLOWER to FOLLOWER at term 423 for recognizeCandidate:f2627371-a904-4314-a836-5eb8f54559ec
2019-10-21 19:13:35,539 [grpc-default-executor-0] INFO  impl.RaftServerImpl (RaftServerImpl.java:setRole(184)) - 1b813ef4-47a4-4bfc-8eb5-c34ae440adb1@group-73E40DF2990B: changes role from  FOLLOWER to FOLLOWER at term 423 for recognizeCandidate:f2627371-a904-4314-a836-5eb8f54559ec
2019-10-21 19:13:35,539 [grpc-default-executor-5] INFO  impl.RoleInfo (RoleInfo.java:shutdownFollowerState(121)) - e6a83585-83d0-4616-a3d5-866875ad8a29: shutdown FollowerState
2019-10-21 19:13:35,539 [grpc-default-executor-0] INFO  impl.RoleInfo (RoleInfo.java:shutdownFollowerState(121)) - 1b813ef4-47a4-4bfc-8eb5-c34ae440adb1: shutdown FollowerState
2019-10-21 19:13:35,540 [Thread-2786] INFO  impl.FollowerState (FollowerState.java:run(117)) - e6a83585-83d0-4616-a3d5-866875ad8a29@group-73E40DF2990B-FollowerState was interrupted: java.lang.InterruptedException: sleep interrupted
2019-10-21 19:13:35,540 [grpc-default-executor-5] INFO  impl.RoleInfo (RoleInfo.java:updateAndGet(143)) - e6a83585-83d0-4616-a3d5-866875ad8a29: start FollowerState
2019-10-21 19:13:35,540 [Thread-2787] INFO  impl.FollowerState (FollowerState.java:run(117)) - 1b813ef4-47a4-4bfc-8eb5-c34ae440adb1@group-73E40DF2990B-FollowerState was interrupted: java.lang.InterruptedException: sleep interrupted
2019-10-21 19:13:35,540 [grpc-default-executor-0] INFO  impl.RoleInfo (RoleInfo.java:updateAndGet(143)) - 1b813ef4-47a4-4bfc-8eb5-c34ae440adb1: start FollowerState
2019-10-21 19:13:35,555 [f2627371-a904-4314-a836-5eb8f54559ec@group-73E40DF2990B-LeaderElection376] INFO  impl.LeaderElection (LeaderElection.java:logAndReturn(56)) - f2627371-a904-4314-a836-5eb8f54559ec@group-73E40DF2990B-LeaderElection376: Election REJECTED; received 2 response(s) [f2627371-a904-4314-a836-5eb8f54559ec<-e6a83585-83d0-4616-a3d5-866875ad8a29#0:FAIL-t423, f2627371-a904-4314-a836-5eb8f54559ec<-1b813ef4-47a4-4bfc-8eb5-c34ae440adb1#0:FAIL-t423] and 0 exception(s); f2627371-a904-4314-a836-5eb8f54559ec@group-73E40DF2990B:t423, leader=null, voted=f2627371-a904-4314-a836-5eb8f54559ec, raftlog=f2627371-a904-4314-a836-5eb8f54559ec@group-73E40DF2990B-SegmentedRaftLog:OPENED:c-1,f-1,i0, conf=-1: [e6a83585-83d0-4616-a3d5-866875ad8a29:192.168.34.32:46159, f2627371-a904-4314-a836-5eb8f54559ec:192.168.34.32:33224, 1b813ef4-47a4-4bfc-8eb5-c34ae440adb1:192.168.34.32:36113], old=null
2019-10-21 19:13:35,555 [f2627371-a904-4314-a836-5eb8f54559ec@group-73E40DF2990B-LeaderElection376] INFO  impl.RaftServerImpl (RaftServerImpl.java:setRole(184)) - f2627371-a904-4314-a836-5eb8f54559ec@group-73E40DF2990B: changes role from CANDIDATE to FOLLOWER at term 423 for DISCOVERED_A_NEW_TERM
2019-10-21 19:13:35,556 [f2627371-a904-4314-a836-5eb8f54559ec@group-73E40DF2990B-LeaderElection376] INFO  impl.RoleInfo (RoleInfo.java:shutdownLeaderElection(134)) - f2627371-a904-4314-a836-5eb8f54559ec: shutdown LeaderElection
2019-10-21 19:13:35,556 [f2627371-a904-4314-a836-5eb8f54559ec@group-73E40DF2990B-LeaderElection376] INFO  impl.RoleInfo (RoleInfo.java:updateAndGet(143)) - f2627371-a904-4314-a836-5eb8f54559ec: start FollowerState
2019-10-21 19:13:35,592 [Thread-2794] INFO  impl.FollowerState (FollowerState.java:run(108)) - f2627371-a904-4314-a836-5eb8f54559ec@group-73E40DF2990B-FollowerState: change to CANDIDATE, lastRpcTime:36ms, electionTimeout:36ms
2019-10-21 19:13:35,592 [Thread-2794] INFO  impl.RoleInfo (RoleInfo.java:shutdownFollowerState(121)) - f2627371-a904-4314-a836-5eb8f54559ec: shutdown FollowerState
2019-10-21 19:13:35,592 [Thread-2794] INFO  impl.RaftServerImpl (RaftServerImpl.java:setRole(184)) - f2627371-a904-4314-a836-5eb8f54559ec@group-73E40DF2990B: changes role from  FOLLOWER to CANDIDATE at term 423 for changeToCandidate
2019-10-21 19:13:35,592 [Thread-2794] INFO  impl.RoleInfo (RoleInfo.java:updateAndGet(143)) - f2627371-a904-4314-a836-5eb8f54559ec: start LeaderElection
2019-10-21 19:13:35,606 [f2627371-a904-4314-a836-5eb8f54559ec@group-73E40DF2990B-LeaderElection377] INFO  impl.LeaderElection (LeaderElection.java:askForVotes(178)) - f2627371-a904-4314-a836-5eb8f54559ec@group-73E40DF2990B-LeaderElection377: begin an election at term 424 for -1: [e6a83585-83d0-4616-a3d5-866875ad8a29:192.168.34.32:46159, f2627371-a904-4314-a836-5eb8f54559ec:192.168.34.32:33224, 1b813ef4-47a4-4bfc-8eb5-c34ae440adb1:192.168.34.32:36113], old=null
2019-10-21 19:13:35,608 [grpc-default-executor-0] INFO  impl.RaftServerImpl (RaftServerImpl.java:setRole(184)) - e6a83585-83d0-4616-a3d5-866875ad8a29@group-73E40DF2990B: changes role from  FOLLOWER to FOLLOWER at term 424 for recognizeCandidate:f2627371-a904-4314-a836-5eb8f54559ec
2019-10-21 19:13:35,608 [grpc-default-executor-0] INFO  impl.RoleInfo (RoleInfo.java:shutdownFollowerState(121)) - e6a83585-83d0-4616-a3d5-866875ad8a29: shutdown FollowerState
2019-10-21 19:13:35,608 [grpc-default-executor-5] INFO  impl.RaftServerImpl (RaftServerImpl.java:setRole(184)) - 1b813ef4-47a4-4bfc-8eb5-c34ae440adb1@group-73E40DF2990B: changes role from  FOLLOWER to FOLLOWER at term 424 for recognizeCandidate:f2627371-a904-4314-a836-5eb8f54559ec
2019-10-21 19:13:35,608 [Thread-2792] INFO  impl.FollowerState (FollowerState.java:run(117)) - e6a83585-83d0-4616-a3d5-866875ad8a29@group-73E40DF2990B-FollowerState was interrupted: java.lang.InterruptedException: sleep interrupted
2019-10-21 19:13:35,608 [grpc-default-executor-0] INFO  impl.RoleInfo (RoleInfo.java:updateAndGet(143)) - e6a83585-83d0-4616-a3d5-866875ad8a29: start FollowerState
2019-10-21 19:13:35,609 [f2627371-a904-4314-a836-5eb8f54559ec@group-73E40DF2990B-LeaderElection377] INFO  impl.LeaderElection (LeaderElection.java:logAndReturn(56)) - f2627371-a904-4314-a836-5eb8f54559ec@group-73E40DF2990B-LeaderElection377: Election TIMEOUT; received 0 response(s) [] and 0 exception(s); f2627371-a904-4314-a836-5eb8f54559ec@group-73E40DF2990B:t424, leader=null, voted=f2627371-a904-4314-a836-5eb8f54559ec, raftlog=f2627371-a904-4314-a836-5eb8f54559ec@group-73E40DF2990B-SegmentedRaftLog:OPENED:c-1,f-1,i0, conf=-1: [e6a83585-83d0-4616-a3d5-866875ad8a29:192.168.34.32:46159, f2627371-a904-4314-a836-5eb8f54559ec:192.168.34.32:33224, 1b813ef4-47a4-4bfc-8eb5-c34ae440adb1:192.168.34.32:36113], old=null
2019-10-21 19:13:35,608 [grpc-default-executor-5] INFO  impl.RoleInfo (RoleInfo.java:shutdownFollowerState(121)) - 1b813ef4-47a4-4bfc-8eb5-c34ae440adb1: shutdown FollowerState
2019-10-21 19:13:35,609 [grpc-default-executor-5] INFO  impl.RoleInfo (RoleInfo.java:updateAndGet(143)) - 1b813ef4-47a4-4bfc-8eb5-c34ae440adb1: start FollowerState
2019-10-21 19:13:35,609 [Thread-2793] INFO  impl.FollowerState (FollowerState.java:run(117)) - 1b813ef4-47a4-4bfc-8eb5-c34ae440adb1@group-73E40DF2990B-FollowerState was interrupted: java.lang.InterruptedException: sleep interrupted
2019-10-21 19:13:35,622 [f2627371-a904-4314-a836-5eb8f54559ec@group-73E40DF2990B-LeaderElection377] INFO  impl.LeaderElection (LeaderElection.java:askForVotes(178)) - f2627371-a904-4314-a836-5eb8f54559ec@group-73E40DF2990B-LeaderElection377: begin an election at term 425 for -1: [e6a83585-83d0-4616-a3d5-866875ad8a29:192.168.34.32:46159, f2627371-a904-4314-a836-5eb8f54559ec:192.168.34.32:33224, 1b813ef4-47a4-4bfc-8eb5-c34ae440adb1:192.168.34.32:36113], old=null
2019-10-21 19:13:35,624 [grpc-default-executor-5] INFO  impl.RaftServerImpl (RaftServerImpl.java:setRole(184)) - e6a83585-83d0-4616-a3d5-866875ad8a29@group-73E40DF2990B: changes role from  FOLLOWER to FOLLOWER at term 425 for recognizeCandidate:f2627371-a904-4314-a836-5eb8f54559ec
2019-10-21 19:13:35,624 [grpc-default-executor-5] INFO  impl.RoleInfo (RoleInfo.java:shutdownFollowerState(121)) - e6a83585-83d0-4616-a3d5-866875ad8a29: shutdown FollowerState
2019-10-21 19:13:35,624 [grpc-default-executor-0] INFO  impl.RaftServerImpl (RaftServerImpl.java:setRole(184)) - 1b813ef4-47a4-4bfc-8eb5-c34ae440adb1@group-73E40DF2990B: changes role from  FOLLOWER to FOLLOWER at term 425 for recognizeCandidate:f2627371-a904-4314-a836-5eb8f54559ec
2019-10-21 19:13:35,624 [Thread-2798] INFO  impl.FollowerState (FollowerState.java:run(117)) - e6a83585-83d0-4616-a3d5-866875ad8a29@group-73E40DF2990B-FollowerState was interrupted: java.lang.InterruptedException: sleep interrupted
2019-10-21 19:13:35,624 [grpc-default-executor-5] INFO  impl.RoleInfo (RoleInfo.java:updateAndGet(143)) - e6a83585-83d0-4616-a3d5-866875ad8a29: start FollowerState
2019-10-21 19:13:35,624 [grpc-default-executor-0] INFO  impl.RoleInfo (RoleInfo.java:shutdownFollowerState(121)) - 1b813ef4-47a4-4bfc-8eb5-c34ae440adb1: shutdown FollowerState
2019-10-21 19:13:35,625 [grpc-default-executor-0] INFO  impl.RoleInfo (RoleInfo.java:updateAndGet(143)) - 1b813ef4-47a4-4bfc-8eb5-c34ae440adb1: start FollowerState
2019-10-21 19:13:35,625 [Thread-2799] INFO  impl.FollowerState (FollowerState.java:run(117)) - 1b813ef4-47a4-4bfc-8eb5-c34ae440adb1@group-73E40DF2990B-FollowerState was interrupted: java.lang.InterruptedException: sleep interrupted
2019-10-21 19:13:35,640 [f2627371-a904-4314-a836-5eb8f54559ec@group-73E40DF2990B-LeaderElection377] INFO  impl.LeaderElection (LeaderElection.java:logAndReturn(56)) - f2627371-a904-4314-a836-5eb8f54559ec@group-73E40DF2990B-LeaderElection377: Election REJECTED; received 2 response(s) [f2627371-a904-4314-a836-5eb8f54559ec<-e6a83585-83d0-4616-a3d5-866875ad8a29#0:FAIL-t425, f2627371-a904-4314-a836-5eb8f54559ec<-1b813ef4-47a4-4bfc-8eb5-c34ae440adb1#0:FAIL-t425] and 0 exception(s); f2627371-a904-4314-a836-5eb8f54559ec@group-73E40DF2990B:t425, leader=null, voted=f2627371-a904-4314-a836-5eb8f54559ec, raftlog=f2627371-a904-4314-a836-5eb8f54559ec@group-73E40DF2990B-SegmentedRaftLog:OPENED:c-1,f-1,i0, conf=-1: [e6a83585-83d0-4616-a3d5-866875ad8a29:192.168.34.32:46159, f2627371-a904-4314-a836-5eb8f54559ec:192.168.34.32:33224, 1b813ef4-47a4-4bfc-8eb5-c34ae440adb1:192.168.34.32:36113], old=null
2019-10-21 19:13:35,640 [f2627371-a904-4314-a836-5eb8f54559ec@group-73E40DF2990B-LeaderElection377] INFO  impl.RaftServerImpl (RaftServerImpl.java:setRole(184)) - f2627371-a904-4314-a836-5eb8f54559ec@group-73E40DF2990B: changes role from CANDIDATE to FOLLOWER at term 425 for DISCOVERED_A_NEW_TERM
2019-10-21 19:13:35,640 [f2627371-a904-4314-a836-5eb8f54559ec@group-73E40DF2990B-LeaderElection377] INFO  impl.RoleInfo (RoleInfo.java:shutdownLeaderElection(134)) - f2627371-a904-4314-a836-5eb8f54559ec: shutdown LeaderElection
2019-10-21 19:13:35,641 [f2627371-a904-4314-a836-5eb8f54559ec@group-73E40DF2990B-LeaderElection377] INFO  impl.RoleInfo (RoleInfo.java:updateAndGet(143)) - f2627371-a904-4314-a836-5eb8f54559ec: start FollowerState
2019-10-21 19:13:35,762 [Thread-2804] INFO  impl.FollowerState (FollowerState.java:run(108)) - f2627371-a904-4314-a836-5eb8f54559ec@group-73E40DF2990B-FollowerState: change to CANDIDATE, lastRpcTime:121ms, electionTimeout:121ms
2019-10-21 19:13:35,762 [Thread-2804] INFO  impl.RoleInfo (RoleInfo.java:shutdownFollowerState(121)) - f2627371-a904-4314-a836-5eb8f54559ec: shutdown FollowerState
2019-10-21 19:13:35,762 [Thread-2804] INFO  impl.RaftServerImpl (RaftServerImpl.java:setRole(184)) - f2627371-a904-4314-a836-5eb8f54559ec@group-73E40DF2990B: changes role from  FOLLOWER to CANDIDATE at term 425 for changeToCandidate
2019-10-21 19:13:35,762 [Thread-2804] INFO  impl.RoleInfo (RoleInfo.java:updateAndGet(143)) - f2627371-a904-4314-a836-5eb8f54559ec: start LeaderElection
2019-10-21 19:13:35,775 [f2627371-a904-4314-a836-5eb8f54559ec@group-73E40DF2990B-LeaderElection378] INFO  impl.LeaderElection (LeaderElection.java:askForVotes(178)) - f2627371-a904-4314-a836-5eb8f54559ec@group-73E40DF2990B-LeaderElection378: begin an election at term 426 for -1: [e6a83585-83d0-4616-a3d5-866875ad8a29:192.168.34.32:46159, f2627371-a904-4314-a836-5eb8f54559ec:192.168.34.32:33224, 1b813ef4-47a4-4bfc-8eb5-c34ae440adb1:192.168.34.32:36113], old=null
2019-10-21 19:13:35,777 [grpc-default-executor-0] INFO  impl.RaftServerImpl (RaftServerImpl.java:setRole(184)) - e6a83585-83d0-4616-a3d5-866875ad8a29@group-73E40DF2990B: changes role from  FOLLOWER to FOLLOWER at term 426 for recognizeCandidate:f2627371-a904-4314-a836-5eb8f54559ec
2019-10-21 19:13:35,777 [grpc-default-executor-0] INFO  impl.RoleInfo (RoleInfo.java:shutdownFollowerState(121)) - e6a83585-83d0-4616-a3d5-866875ad8a29: shutdown FollowerState
2019-10-21 19:13:35,777 [grpc-default-executor-5] INFO  impl.RaftServerImpl (RaftServerImpl.java:setRole(184)) - 1b813ef4-47a4-4bfc-8eb5-c34ae440adb1@group-73E40DF2990B: changes role from  FOLLOWER to FOLLOWER at term 426 for recognizeCandidate:f2627371-a904-4314-a836-5eb8f54559ec
2019-10-21 19:13:35,777 [grpc-default-executor-5] INFO  impl.RoleInfo (RoleInfo.java:shutdownFollowerState(121)) - 1b813ef4-47a4-4bfc-8eb5-c34ae440adb1: shutdown FollowerState
2019-10-21 19:13:35,777 [Thread-2802] INFO  impl.FollowerState (FollowerState.java:run(117)) - e6a83585-83d0-4616-a3d5-866875ad8a29@group-73E40DF2990B-FollowerState was interrupted: java.lang.InterruptedException: sleep interrupted
2019-10-21 19:13:35,778 [Thread-2803] INFO  impl.FollowerState (FollowerState.java:run(117)) - 1b813ef4-47a4-4bfc-8eb5-c34ae440adb1@group-73E40DF2990B-FollowerState was interrupted: java.lang.InterruptedException: sleep interrupted
2019-10-21 19:13:35,777 [grpc-default-executor-0] INFO  impl.RoleInfo (RoleInfo.java:updateAndGet(143)) - e6a83585-83d0-4616-a3d5-866875ad8a29: start FollowerState
2019-10-21 19:13:35,778 [grpc-default-executor-5] INFO  impl.RoleInfo (RoleInfo.java:updateAndGet(143)) - 1b813ef4-47a4-4bfc-8eb5-c34ae440adb1: start FollowerState
2019-10-21 19:13:35,784 [f2627371-a904-4314-a836-5eb8f54559ec@group-73E40DF2990B-LeaderElection378] INFO  impl.LeaderElection (LeaderElection.java:logAndReturn(56)) - f2627371-a904-4314-a836-5eb8f54559ec@group-73E40DF2990B-LeaderElection378: Election TIMEOUT; received 0 response(s) [] and 0 exception(s); f2627371-a904-4314-a836-5eb8f54559ec@group-73E40DF2990B:t426, leader=null, voted=f2627371-a904-4314-a836-5eb8f54559ec, raftlog=f2627371-a904-4314-a836-5eb8f54559ec@group-73E40DF2990B-SegmentedRaftLog:OPENED:c-1,f-1,i0, conf=-1: [e6a83585-83d0-4616-a3d5-866875ad8a29:192.168.34.32:46159, f2627371-a904-4314-a836-5eb8f54559ec:192.168.34.32:33224, 1b813ef4-47a4-4bfc-8eb5-c34ae440adb1:192.168.34.32:36113], old=null
2019-10-21 19:13:35,792 [f2627371-a904-4314-a836-5eb8f54559ec@group-73E40DF2990B-LeaderElection378] INFO  impl.LeaderElection (LeaderElection.java:askForVotes(178)) - f2627371-a904-4314-a836-5eb8f54559ec@group-73E40DF2990B-LeaderElection378: begin an election at term 427 for -1: [e6a83585-83d0-4616-a3d5-866875ad8a29:192.168.34.32:46159, f2627371-a904-4314-a836-5eb8f54559ec:192.168.34.32:33224, 1b813ef4-47a4-4bfc-8eb5-c34ae440adb1:192.168.34.32:36113], old=null
2019-10-21 19:13:35,794 [grpc-default-executor-5] INFO  impl.RaftServerImpl (RaftServerImpl.java:setRole(184)) - e6a83585-83d0-4616-a3d5-866875ad8a29@group-73E40DF2990B: changes role from  FOLLOWER to FOLLOWER at term 427 for recognizeCandidate:f2627371-a904-4314-a836-5eb8f54559ec
2019-10-21 19:13:35,794 [grpc-default-executor-0] INFO  impl.RaftServerImpl (RaftServerImpl.java:setRole(184)) - 1b813ef4-47a4-4bfc-8eb5-c34ae440adb1@group-73E40DF2990B: changes role from  FOLLOWER to FOLLOWER at term 427 for recognizeCandidate:f2627371-a904-4314-a836-5eb8f54559ec
2019-10-21 19:13:35,794 [grpc-default-executor-5] INFO  impl.RoleInfo (RoleInfo.java:shutdownFollowerState(121)) - e6a83585-83d0-4616-a3d5-866875ad8a29: shutdown FollowerState
2019-10-21 19:13:35,794 [grpc-default-executor-0] INFO  impl.RoleInfo (RoleInfo.java:shutdownFollowerState(121)) - 1b813ef4-47a4-4bfc-8eb5-c34ae440adb1: shutdown FollowerState
2019-10-21 19:13:35,794 [grpc-default-executor-5] INFO  impl.RoleInfo (RoleInfo.java:updateAndGet(143)) - e6a83585-83d0-4616-a3d5-866875ad8a29: start FollowerState
2019-10-21 19:13:35,794 [Thread-2810] INFO  impl.FollowerState (FollowerState.java:run(117)) - e6a83585-83d0-4616-a3d5-866875ad8a29@group-73E40DF2990B-FollowerState was interrupted: java.lang.InterruptedException: sleep interrupted
2019-10-21 19:13:35,794 [grpc-default-executor-0] INFO  impl.RoleInfo (RoleInfo.java:updateAndGet(143)) - 1b813ef4-47a4-4bfc-8eb5-c34ae440adb1: start FollowerState
2019-10-21 19:13:35,794 [Thread-2811] INFO  impl.FollowerState (FollowerState.java:run(117)) - 1b813ef4-47a4-4bfc-8eb5-c34ae440adb1@group-73E40DF2990B-FollowerState was interrupted: java.lang.InterruptedException: sleep interrupted
2019-10-21 19:13:35,806 [f2627371-a904-4314-a836-5eb8f54559ec@group-73E40DF2990B-LeaderElection378] INFO  impl.LeaderElection (LeaderElection.java:logAndReturn(56)) - f2627371-a904-4314-a836-5eb8f54559ec@group-73E40DF2990B-LeaderElection378: Election TIMEOUT; received 0 response(s) [] and 0 exception(s); f2627371-a904-4314-a836-5eb8f54559ec@group-73E40DF2990B:t427, leader=null, voted=f2627371-a904-4314-a836-5eb8f54559ec, raftlog=f2627371-a904-4314-a836-5eb8f54559ec@group-73E40DF2990B-SegmentedRaftLog:OPENED:c-1,f-1,i0, conf=-1: [e6a83585-83d0-4616-a3d5-866875ad8a29:192.168.34.32:46159, f2627371-a904-4314-a836-5eb8f54559ec:192.168.34.32:33224, 1b813ef4-47a4-4bfc-8eb5-c34ae440adb1:192.168.34.32:36113], old=null
2019-10-21 19:13:35,810 [f2627371-a904-4314-a836-5eb8f54559ec@group-73E40DF2990B-LeaderElection378] INFO  impl.LeaderElection (LeaderElection.java:askForVotes(178)) - f2627371-a904-4314-a836-5eb8f54559ec@group-73E40DF2990B-LeaderElection378: begin an election at term 428 for -1: [e6a83585-83d0-4616-a3d5-866875ad8a29:192.168.34.32:46159, f2627371-a904-4314-a836-5eb8f54559ec:192.168.34.32:33224, 1b813ef4-47a4-4bfc-8eb5-c34ae440adb1:192.168.34.32:36113], old=null
2019-10-21 19:13:35,811 [grpc-default-executor-5] INFO  impl.RaftServerImpl (RaftServerImpl.java:setRole(184)) - e6a83585-83d0-4616-a3d5-866875ad8a29@group-73E40DF2990B: changes role from  FOLLOWER to FOLLOWER at term 428 for recognizeCandidate:f2627371-a904-4314-a836-5eb8f54559ec
2019-10-21 19:13:35,812 [grpc-default-executor-5] INFO  impl.RoleInfo (RoleInfo.java:shutdownFollowerState(121)) - e6a83585-83d0-4616-a3d5-866875ad8a29: shutdown FollowerState
2019-10-21 19:13:35,812 [grpc-default-executor-0] INFO  impl.RaftServerImpl (RaftServerImpl.java:setRole(184)) - 1b813ef4-47a4-4bfc-8eb5-c34ae440adb1@group-73E40DF2990B: changes role from  FOLLOWER to FOLLOWER at term 428 for recognizeCandidate:f2627371-a904-4314-a836-5eb8f54559ec
2019-10-21 19:13:35,812 [grpc-default-executor-0] INFO  impl.RoleInfo (RoleInfo.java:shutdownFollowerState(121)) - 1b813ef4-47a4-4bfc-8eb5-c34ae440adb1: shutdown FollowerState
2019-10-21 19:13:35,812 [Thread-2814] INFO  impl.FollowerState (FollowerState.java:run(117)) - e6a83585-83d0-4616-a3d5-866875ad8a29@group-73E40DF2990B-FollowerState was interrupted: java.lang.InterruptedException: sleep interrupted
2019-10-21 19:13:35,812 [grpc-default-executor-5] INFO  impl.RoleInfo (RoleInfo.java:updateAndGet(143)) - e6a83585-83d0-4616-a3d5-866875ad8a29: start FollowerState
2019-10-21 19:13:35,812 [Thread-2815] INFO  impl.FollowerState (FollowerState.java:run(117)) - 1b813ef4-47a4-4bfc-8eb5-c34ae440adb1@group-73E40DF2990B-FollowerState was interrupted: java.lang.InterruptedException: sleep interrupted
2019-10-21 19:13:35,812 [grpc-default-executor-0] INFO  impl.RoleInfo (RoleInfo.java:updateAndGet(143)) - 1b813ef4-47a4-4bfc-8eb5-c34ae440adb1: start FollowerState
2019-10-21 19:13:35,825 [f2627371-a904-4314-a836-5eb8f54559ec@group-73E40DF2990B-LeaderElection378] INFO  impl.LeaderElection (LeaderElection.java:logAndReturn(56)) - f2627371-a904-4314-a836-5eb8f54559ec@group-73E40DF2990B-LeaderElection378: Election REJECTED; received 2 response(s) [f2627371-a904-4314-a836-5eb8f54559ec<-e6a83585-83d0-4616-a3d5-866875ad8a29#0:FAIL-t428, f2627371-a904-4314-a836-5eb8f54559ec<-1b813ef4-47a4-4bfc-8eb5-c34ae440adb1#0:FAIL-t428] and 0 exception(s); f2627371-a904-4314-a836-5eb8f54559ec@group-73E40DF2990B:t428, leader=null, voted=f2627371-a904-4314-a836-5eb8f54559ec, raftlog=f2627371-a904-4314-a836-5eb8f54559ec@group-73E40DF2990B-SegmentedRaftLog:OPENED:c-1,f-1,i0, conf=-1: [e6a83585-83d0-4616-a3d5-866875ad8a29:192.168.34.32:46159, f2627371-a904-4314-a836-5eb8f54559ec:192.168.34.32:33224, 1b813ef4-47a4-4bfc-8eb5-c34ae440adb1:192.168.34.32:36113], old=null
2019-10-21 19:13:35,825 [f2627371-a904-4314-a836-5eb8f54559ec@group-73E40DF2990B-LeaderElection378] INFO  impl.RaftServerImpl (RaftServerImpl.java:setRole(184)) - f2627371-a904-4314-a836-5eb8f54559ec@group-73E40DF2990B: changes role from CANDIDATE to FOLLOWER at term 428 for DISCOVERED_A_NEW_TERM
2019-10-21 19:13:35,825 [f2627371-a904-4314-a836-5eb8f54559ec@group-73E40DF2990B-LeaderElection378] INFO  impl.RoleInfo (RoleInfo.java:shutdownLeaderElection(134)) - f2627371-a904-4314-a836-5eb8f54559ec: shutdown LeaderElection
2019-10-21 19:13:35,825 [f2627371-a904-4314-a836-5eb8f54559ec@group-73E40DF2990B-LeaderElection378] INFO  impl.RoleInfo (RoleInfo.java:updateAndGet(143)) - f2627371-a904-4314-a836-5eb8f54559ec: start FollowerState
2019-10-21 19:13:35,930 [Thread-2820] INFO  impl.FollowerState (FollowerState.java:run(108)) - f2627371-a904-4314-a836-5eb8f54559ec@group-73E40DF2990B-FollowerState: change to CANDIDATE, lastRpcTime:105ms, electionTimeout:105ms
2019-10-21 19:13:35,930 [Thread-2820] INFO  impl.RoleInfo (RoleInfo.java:shutdownFollowerState(121)) - f2627371-a904-4314-a836-5eb8f54559ec: shutdown FollowerState
2019-10-21 19:13:35,931 [Thread-2820] INFO  impl.RaftServerImpl (RaftServerImpl.java:setRole(184)) - f2627371-a904-4314-a836-5eb8f54559ec@group-73E40DF2990B: changes role from  FOLLOWER to CANDIDATE at term 428 for changeToCandidate
2019-10-21 19:13:35,931 [Thread-2820] INFO  impl.RoleInfo (RoleInfo.java:updateAndGet(143)) - f2627371-a904-4314-a836-5eb8f54559ec: start LeaderElection
2019-10-21 19:13:35,944 [f2627371-a904-4314-a836-5eb8f54559ec@group-73E40DF2990B-LeaderElection379] INFO  impl.LeaderElection (LeaderElection.java:askForVotes(178)) - f2627371-a904-4314-a836-5eb8f54559ec@group-73E40DF2990B-LeaderElection379: begin an election at term 429 for -1: [e6a83585-83d0-4616-a3d5-866875ad8a29:192.168.34.32:46159, f2627371-a904-4314-a836-5eb8f54559ec:192.168.34.32:33224, 1b813ef4-47a4-4bfc-8eb5-c34ae440adb1:192.168.34.32:36113], old=null
2019-10-21 19:13:35,945 [grpc-default-executor-0] INFO  impl.RaftServerImpl (RaftServerImpl.java:setRole(184)) - e6a83585-83d0-4616-a3d5-866875ad8a29@group-73E40DF2990B: changes role from  FOLLOWER to FOLLOWER at term 429 for recognizeCandidate:f2627371-a904-4314-a836-5eb8f54559ec
2019-10-21 19:13:35,945 [grpc-default-executor-0] INFO  impl.RoleInfo (RoleInfo.java:shutdownFollowerState(121)) - e6a83585-83d0-4616-a3d5-866875ad8a29: shutdown FollowerState
2019-10-21 19:13:35,946 [grpc-default-executor-5] INFO  impl.RaftServerImpl (RaftServerImpl.java:setRole(184)) - 1b813ef4-47a4-4bfc-8eb5-c34ae440adb1@group-73E40DF2990B: changes role from  FOLLOWER to FOLLOWER at term 429 for recognizeCandidate:f2627371-a904-4314-a836-5eb8f54559ec
2019-10-21 19:13:35,946 [grpc-default-executor-5] INFO  impl.RoleInfo (RoleInfo.java:shutdownFollowerState(121)) - 1b813ef4-47a4-4bfc-8eb5-c34ae440adb1: shutdown FollowerState
2019-10-21 19:13:35,946 [Thread-2818] INFO  impl.FollowerState (FollowerState.java:run(117)) - e6a83585-83d0-4616-a3d5-866875ad8a29@group-73E40DF2990B-FollowerState was interrupted: java.lang.InterruptedException: sleep interrupted
2019-10-21 19:13:35,946 [grpc-default-executor-0] INFO  impl.RoleInfo (RoleInfo.java:updateAndGet(143)) - e6a83585-83d0-4616-a3d5-866875ad8a29: start FollowerState
2019-10-21 19:13:35,946 [Thread-2819] INFO  impl.FollowerState (FollowerState.java:run(117)) - 1b813ef4-47a4-4bfc-8eb5-c34ae440adb1@group-73E40DF2990B-FollowerState was interrupted: java.lang.InterruptedException: sleep interrupted
2019-10-21 19:13:35,946 [grpc-default-executor-5] INFO  impl.RoleInfo (RoleInfo.java:updateAndGet(143)) - 1b813ef4-47a4-4bfc-8eb5-c34ae440adb1: start FollowerState
2019-10-21 19:13:35,961 [f2627371-a904-4314-a836-5eb8f54559ec@group-73E40DF2990B-LeaderElection379] INFO  impl.LeaderElection (LeaderElection.java:logAndReturn(56)) - f2627371-a904-4314-a836-5eb8f54559ec@group-73E40DF2990B-LeaderElection379: Election REJECTED; received 2 response(s) [f2627371-a904-4314-a836-5eb8f54559ec<-e6a83585-83d0-4616-a3d5-866875ad8a29#0:FAIL-t429, f2627371-a904-4314-a836-5eb8f54559ec<-1b813ef4-47a4-4bfc-8eb5-c34ae440adb1#0:FAIL-t429] and 0 exception(s); f2627371-a904-4314-a836-5eb8f54559ec@group-73E40DF2990B:t429, leader=null, voted=f2627371-a904-4314-a836-5eb8f54559ec, raftlog=f2627371-a904-4314-a836-5eb8f54559ec@group-73E40DF2990B-SegmentedRaftLog:OPENED:c-1,f-1,i0, conf=-1: [e6a83585-83d0-4616-a3d5-866875ad8a29:192.168.34.32:46159, f2627371-a904-4314-a836-5eb8f54559ec:192.168.34.32:33224, 1b813ef4-47a4-4bfc-8eb5-c34ae440adb1:192.168.34.32:36113], old=null
2019-10-21 19:13:35,961 [f2627371-a904-4314-a836-5eb8f54559ec@group-73E40DF2990B-LeaderElection379] INFO  impl.RaftServerImpl (RaftServerImpl.java:setRole(184)) - f2627371-a904-4314-a836-5eb8f54559ec@group-73E40DF2990B: changes role from CANDIDATE to FOLLOWER at term 429 for DISCOVERED_A_NEW_TERM
2019-10-21 19:13:35,961 [f2627371-a904-4314-a836-5eb8f54559ec@group-73E40DF2990B-LeaderElection379] INFO  impl.RoleInfo (RoleInfo.java:shutdownLeaderElection(134)) - f2627371-a904-4314-a836-5eb8f54559ec: shutdown LeaderElection
2019-10-21 19:13:35,961 [f2627371-a904-4314-a836-5eb8f54559ec@group-73E40DF2990B-LeaderElection379] INFO  impl.RoleInfo (RoleInfo.java:updateAndGet(143)) - f2627371-a904-4314-a836-5eb8f54559ec: start FollowerState
2019-10-21 19:13:35,989 [Thread-2826] INFO  impl.FollowerState (FollowerState.java:run(108)) - f2627371-a904-4314-a836-5eb8f54559ec@group-73E40DF2990B-FollowerState: change to CANDIDATE, lastRpcTime:27ms, electionTimeout:27ms
2019-10-21 19:13:35,989 [Thread-2826] INFO  impl.RoleInfo (RoleInfo.java:shutdownFollowerState(121)) - f2627371-a904-4314-a836-5eb8f54559ec: shutdown FollowerState
2019-10-21 19:13:35,989 [Thread-2826] INFO  impl.RaftServerImpl (RaftServerImpl.java:setRole(184)) - f2627371-a904-4314-a836-5eb8f54559ec@group-73E40DF2990B: changes role from  FOLLOWER to CANDIDATE at term 429 for changeToCandidate
2019-10-21 19:13:35,989 [Thread-2826] INFO  impl.RoleInfo (RoleInfo.java:updateAndGet(143)) - f2627371-a904-4314-a836-5eb8f54559ec: start LeaderElection
2019-10-21 19:13:36,003 [f2627371-a904-4314-a836-5eb8f54559ec@group-73E40DF2990B-LeaderElection380] INFO  impl.LeaderElection (LeaderElection.java:askForVotes(178)) - f2627371-a904-4314-a836-5eb8f54559ec@group-73E40DF2990B-LeaderElection380: begin an election at term 430 for -1: [e6a83585-83d0-4616-a3d5-866875ad8a29:192.168.34.32:46159, f2627371-a904-4314-a836-5eb8f54559ec:192.168.34.32:33224, 1b813ef4-47a4-4bfc-8eb5-c34ae440adb1:192.168.34.32:36113], old=null
2019-10-21 19:13:36,004 [grpc-default-executor-5] INFO  impl.RaftServerImpl (RaftServerImpl.java:setRole(184)) - e6a83585-83d0-4616-a3d5-866875ad8a29@group-73E40DF2990B: changes role from  FOLLOWER to FOLLOWER at term 430 for recognizeCandidate:f2627371-a904-4314-a836-5eb8f54559ec
2019-10-21 19:13:36,004 [grpc-default-executor-5] INFO  impl.RoleInfo (RoleInfo.java:shutdownFollowerState(121)) - e6a83585-83d0-4616-a3d5-866875ad8a29: shutdown FollowerState
2019-10-21 19:13:36,004 [grpc-default-executor-5] INFO  impl.RoleInfo (RoleInfo.java:updateAndGet(143)) - e6a83585-83d0-4616-a3d5-866875ad8a29: start FollowerState
2019-10-21 19:13:36,004 [Thread-2824] INFO  impl.FollowerState (FollowerState.java:run(117)) - e6a83585-83d0-4616-a3d5-866875ad8a29@group-73E40DF2990B-FollowerState was interrupted: java.lang.InterruptedException: sleep interrupted
2019-10-21 19:13:36,005 [grpc-default-executor-0] INFO  impl.RaftServerImpl (RaftServerImpl.java:setRole(184)) - 1b813ef4-47a4-4bfc-8eb5-c34ae440adb1@group-73E40DF2990B: changes role from  FOLLOWER to FOLLOWER at term 430 for recognizeCandidate:f2627371-a904-4314-a836-5eb8f54559ec
2019-10-21 19:13:36,005 [grpc-default-executor-0] INFO  impl.RoleInfo (RoleInfo.java:shutdownFollowerState(121)) - 1b813ef4-47a4-4bfc-8eb5-c34ae440adb1: shutdown FollowerState
2019-10-21 19:13:36,005 [grpc-default-executor-0] INFO  impl.RoleInfo (RoleInfo.java:updateAndGet(143)) - 1b813ef4-47a4-4bfc-8eb5-c34ae440adb1: start FollowerState
2019-10-21 19:13:36,005 [Thread-2825] INFO  impl.FollowerState (FollowerState.java:run(117)) - 1b813ef4-47a4-4bfc-8eb5-c34ae440adb1@group-73E40DF2990B-FollowerState was interrupted: java.lang.InterruptedException: sleep interrupted
2019-10-21 19:13:36,019 [f2627371-a904-4314-a836-5eb8f54559ec@group-73E40DF2990B-LeaderElection380] INFO  impl.LeaderElection (LeaderElection.java:logAndReturn(56)) - f2627371-a904-4314-a836-5eb8f54559ec@group-73E40DF2990B-LeaderElection380: Election REJECTED; received 2 response(s) [f2627371-a904-4314-a836-5eb8f54559ec<-e6a83585-83d0-4616-a3d5-866875ad8a29#0:FAIL-t430, f2627371-a904-4314-a836-5eb8f54559ec<-1b813ef4-47a4-4bfc-8eb5-c34ae440adb1#0:FAIL-t430] and 0 exception(s); f2627371-a904-4314-a836-5eb8f54559ec@group-73E40DF2990B:t430, leader=null, voted=f2627371-a904-4314-a836-5eb8f54559ec, raftlog=f2627371-a904-4314-a836-5eb8f54559ec@group-73E40DF2990B-SegmentedRaftLog:OPENED:c-1,f-1,i0, conf=-1: [e6a83585-83d0-4616-a3d5-866875ad8a29:192.168.34.32:46159, f2627371-a904-4314-a836-5eb8f54559ec:192.168.34.32:33224, 1b813ef4-47a4-4bfc-8eb5-c34ae440adb1:192.168.34.32:36113], old=null
2019-10-21 19:13:36,019 [f2627371-a904-4314-a836-5eb8f54559ec@group-73E40DF2990B-LeaderElection380] INFO  impl.RaftServerImpl (RaftServerImpl.java:setRole(184)) - f2627371-a904-4314-a836-5eb8f54559ec@group-73E40DF2990B: changes role from CANDIDATE to FOLLOWER at term 430 for DISCOVERED_A_NEW_TERM
2019-10-21 19:13:36,019 [f2627371-a904-4314-a836-5eb8f54559ec@group-73E40DF2990B-LeaderElection380] INFO  impl.RoleInfo (RoleInfo.java:shutdownLeaderElection(134)) - f2627371-a904-4314-a836-5eb8f54559ec: shutdown LeaderElection
2019-10-21 19:13:36,019 [f2627371-a904-4314-a836-5eb8f54559ec@group-73E40DF2990B-LeaderElection380] INFO  impl.RoleInfo (RoleInfo.java:updateAndGet(143)) - f2627371-a904-4314-a836-5eb8f54559ec: start FollowerState
2019-10-21 19:13:36,195 [Thread-2832] INFO  impl.FollowerState (FollowerState.java:run(108)) - f2627371-a904-4314-a836-5eb8f54559ec@group-73E40DF2990B-FollowerState: change to CANDIDATE, lastRpcTime:175ms, electionTimeout:175ms
2019-10-21 19:13:36,195 [Thread-2832] INFO  impl.RoleInfo (RoleInfo.java:shutdownFollowerState(121)) - f2627371-a904-4314-a836-5eb8f54559ec: shutdown FollowerState
2019-10-21 19:13:36,195 [Thread-2832] INFO  impl.RaftServerImpl (RaftServerImpl.java:setRole(184)) - f2627371-a904-4314-a836-5eb8f54559ec@group-73E40DF2990B: changes role from  FOLLOWER to CANDIDATE at term 430 for changeToCandidate
2019-10-21 19:13:36,195 [Thread-2832] INFO  impl.RoleInfo (RoleInfo.java:updateAndGet(143)) - f2627371-a904-4314-a836-5eb8f54559ec: start LeaderElection
2019-10-21 19:13:36,208 [f2627371-a904-4314-a836-5eb8f54559ec@group-73E40DF2990B-LeaderElection381] INFO  impl.LeaderElection (LeaderElection.java:askForVotes(178)) - f2627371-a904-4314-a836-5eb8f54559ec@group-73E40DF2990B-LeaderElection381: begin an election at term 431 for -1: [e6a83585-83d0-4616-a3d5-866875ad8a29:192.168.34.32:46159, f2627371-a904-4314-a836-5eb8f54559ec:192.168.34.32:33224, 1b813ef4-47a4-4bfc-8eb5-c34ae440adb1:192.168.34.32:36113], old=null
2019-10-21 19:13:36,210 [grpc-default-executor-0] INFO  impl.RaftServerImpl (RaftServerImpl.java:setRole(184)) - e6a83585-83d0-4616-a3d5-866875ad8a29@group-73E40DF2990B: changes role from  FOLLOWER to FOLLOWER at term 431 for recognizeCandidate:f2627371-a904-4314-a836-5eb8f54559ec
2019-10-21 19:13:36,210 [grpc-default-executor-0] INFO  impl.RoleInfo (RoleInfo.java:shutdownFollowerState(121)) - e6a83585-83d0-4616-a3d5-866875ad8a29: shutdown FollowerState
2019-10-21 19:13:36,211 [grpc-default-executor-0] INFO  impl.RoleInfo (RoleInfo.java:updateAndGet(143)) - e6a83585-83d0-4616-a3d5-866875ad8a29: start FollowerState
2019-10-21 19:13:36,211 [Thread-2830] INFO  impl.FollowerState (FollowerState.java:run(117)) - e6a83585-83d0-4616-a3d5-866875ad8a29@group-73E40DF2990B-FollowerState was interrupted: java.lang.InterruptedException: sleep interrupted
2019-10-21 19:13:36,211 [grpc-default-executor-5] INFO  impl.RaftServerImpl (RaftServerImpl.java:setRole(184)) - 1b813ef4-47a4-4bfc-8eb5-c34ae440adb1@group-73E40DF2990B: changes role from  FOLLOWER to FOLLOWER at term 431 for recognizeCandidate:f2627371-a904-4314-a836-5eb8f54559ec
2019-10-21 19:13:36,211 [grpc-default-executor-5] INFO  impl.RoleInfo (RoleInfo.java:shutdownFollowerState(121)) - 1b813ef4-47a4-4bfc-8eb5-c34ae440adb1: shutdown FollowerState
2019-10-21 19:13:36,211 [grpc-default-executor-5] INFO  impl.RoleInfo (RoleInfo.java:updateAndGet(143)) - 1b813ef4-47a4-4bfc-8eb5-c34ae440adb1: start FollowerState
2019-10-21 19:13:36,211 [Thread-2831] INFO  impl.FollowerState (FollowerState.java:run(117)) - 1b813ef4-47a4-4bfc-8eb5-c34ae440adb1@group-73E40DF2990B-FollowerState was interrupted: java.lang.InterruptedException: sleep interrupted
2019-10-21 19:13:36,225 [f2627371-a904-4314-a836-5eb8f54559ec@group-73E40DF2990B-LeaderElection381] INFO  impl.LeaderElection (LeaderElection.java:logAndReturn(56)) - f2627371-a904-4314-a836-5eb8f54559ec@group-73E40DF2990B-LeaderElection381: Election REJECTED; received 2 response(s) [f2627371-a904-4314-a836-5eb8f54559ec<-e6a83585-83d0-4616-a3d5-866875ad8a29#0:FAIL-t431, f2627371-a904-4314-a836-5eb8f54559ec<-1b813ef4-47a4-4bfc-8eb5-c34ae440adb1#0:FAIL-t431] and 0 exception(s); f2627371-a904-4314-a836-5eb8f54559ec@group-73E40DF2990B:t431, leader=null, voted=f2627371-a904-4314-a836-5eb8f54559ec, raftlog=f2627371-a904-4314-a836-5eb8f54559ec@group-73E40DF2990B-SegmentedRaftLog:OPENED:c-1,f-1,i0, conf=-1: [e6a83585-83d0-4616-a3d5-866875ad8a29:192.168.34.32:46159, f2627371-a904-4314-a836-5eb8f54559ec:192.168.34.32:33224, 1b813ef4-47a4-4bfc-8eb5-c34ae440adb1:192.168.34.32:36113], old=null
2019-10-21 19:13:36,225 [f2627371-a904-4314-a836-5eb8f54559ec@group-73E40DF2990B-LeaderElection381] INFO  impl.RaftServerImpl (RaftServerImpl.java:setRole(184)) - f2627371-a904-4314-a836-5eb8f54559ec@group-73E40DF2990B: changes role from CANDIDATE to FOLLOWER at term 431 for DISCOVERED_A_NEW_TERM
2019-10-21 19:13:36,225 [f2627371-a904-4314-a836-5eb8f54559ec@group-73E40DF2990B-LeaderElection381] INFO  impl.RoleInfo (RoleInfo.java:shutdownLeaderElection(134)) - f2627371-a904-4314-a836-5eb8f54559ec: shutdown LeaderElection
2019-10-21 19:13:36,225 [f2627371-a904-4314-a836-5eb8f54559ec@group-73E40DF2990B-LeaderElection381] INFO  impl.RoleInfo (RoleInfo.java:updateAndGet(143)) - f2627371-a904-4314-a836-5eb8f54559ec: start FollowerState
2019-10-21 19:13:36,396 [Thread-2838] INFO  impl.FollowerState (FollowerState.java:run(108)) - f2627371-a904-4314-a836-5eb8f54559ec@group-73E40DF2990B-FollowerState: change to CANDIDATE, lastRpcTime:170ms, electionTimeout:170ms
2019-10-21 19:13:36,396 [Thread-2838] INFO  impl.RoleInfo (RoleInfo.java:shutdownFollowerState(121)) - f2627371-a904-4314-a836-5eb8f54559ec: shutdown FollowerState
2019-10-21 19:13:36,396 [Thread-2838] INFO  impl.RaftServerImpl (RaftServerImpl.java:setRole(184)) - f2627371-a904-4314-a836-5eb8f54559ec@group-73E40DF2990B: changes role from  FOLLOWER to CANDIDATE at term 431 for changeToCandidate
2019-10-21 19:13:36,396 [Thread-2838] INFO  impl.RoleInfo (RoleInfo.java:updateAndGet(143)) - f2627371-a904-4314-a836-5eb8f54559ec: start LeaderElection
2019-10-21 19:13:36,407 [f2627371-a904-4314-a836-5eb8f54559ec@group-73E40DF2990B-LeaderElection382] INFO  impl.LeaderElection (LeaderElection.java:askForVotes(178)) - f2627371-a904-4314-a836-5eb8f54559ec@group-73E40DF2990B-LeaderElection382: begin an election at term 432 for -1: [e6a83585-83d0-4616-a3d5-866875ad8a29:192.168.34.32:46159, f2627371-a904-4314-a836-5eb8f54559ec:192.168.34.32:33224, 1b813ef4-47a4-4bfc-8eb5-c34ae440adb1:192.168.34.32:36113], old=null
2019-10-21 19:13:36,408 [grpc-default-executor-5] INFO  impl.RaftServerImpl (RaftServerImpl.java:setRole(184)) - e6a83585-83d0-4616-a3d5-866875ad8a29@group-73E40DF2990B: changes role from  FOLLOWER to FOLLOWER at term 432 for recognizeCandidate:f2627371-a904-4314-a836-5eb8f54559ec
2019-10-21 19:13:36,408 [grpc-default-executor-5] INFO  impl.RoleInfo (RoleInfo.java:shutdownFollowerState(121)) - e6a83585-83d0-4616-a3d5-866875ad8a29: shutdown FollowerState
2019-10-21 19:13:36,409 [grpc-default-executor-5] INFO  impl.RoleInfo (RoleInfo.java:updateAndGet(143)) - e6a83585-83d0-4616-a3d5-866875ad8a29: start FollowerState
2019-10-21 19:13:36,409 [grpc-default-executor-0] INFO  impl.RaftServerImpl (RaftServerImpl.java:setRole(184)) - 1b813ef4-47a4-4bfc-8eb5-c34ae440adb1@group-73E40DF2990B: changes role from  FOLLOWER to FOLLOWER at term 432 for recognizeCandidate:f2627371-a904-4314-a836-5eb8f54559ec
2019-10-21 19:13:36,409 [grpc-default-executor-0] INFO  impl.RoleInfo (RoleInfo.java:shutdownFollowerState(121)) - 1b813ef4-47a4-4bfc-8eb5-c34ae440adb1: shutdown FollowerState
2019-10-21 19:13:36,409 [Thread-2836] INFO  impl.FollowerState (FollowerState.java:run(117)) - e6a83585-83d0-4616-a3d5-866875ad8a29@group-73E40DF2990B-FollowerState was interrupted: java.lang.InterruptedException: sleep interrupted
2019-10-21 19:13:36,409 [grpc-default-executor-0] INFO  impl.RoleInfo (RoleInfo.java:updateAndGet(143)) - 1b813ef4-47a4-4bfc-8eb5-c34ae440adb1: start FollowerState
2019-10-21 19:13:36,409 [Thread-2837] INFO  impl.FollowerState (FollowerState.java:run(117)) - 1b813ef4-47a4-4bfc-8eb5-c34ae440adb1@group-73E40DF2990B-FollowerState was interrupted: java.lang.InterruptedException: sleep interrupted
2019-10-21 19:13:36,423 [f2627371-a904-4314-a836-5eb8f54559ec@group-73E40DF2990B-LeaderElection382] INFO  impl.LeaderElection (LeaderElection.java:logAndReturn(56)) - f2627371-a904-4314-a836-5eb8f54559ec@group-73E40DF2990B-LeaderElection382: Election REJECTED; received 2 response(s) [f2627371-a904-4314-a836-5eb8f54559ec<-e6a83585-83d0-4616-a3d5-866875ad8a29#0:FAIL-t432, f2627371-a904-4314-a836-5eb8f54559ec<-1b813ef4-47a4-4bfc-8eb5-c34ae440adb1#0:FAIL-t432] and 0 exception(s); f2627371-a904-4314-a836-5eb8f54559ec@group-73E40DF2990B:t432, leader=null, voted=f2627371-a904-4314-a836-5eb8f54559ec, raftlog=f2627371-a904-4314-a836-5eb8f54559ec@group-73E40DF2990B-SegmentedRaftLog:OPENED:c-1,f-1,i0, conf=-1: [e6a83585-83d0-4616-a3d5-866875ad8a29:192.168.34.32:46159, f2627371-a904-4314-a836-5eb8f54559ec:192.168.34.32:33224, 1b813ef4-47a4-4bfc-8eb5-c34ae440adb1:192.168.34.32:36113], old=null
2019-10-21 19:13:36,423 [f2627371-a904-4314-a836-5eb8f54559ec@group-73E40DF2990B-LeaderElection382] INFO  impl.RaftServerImpl (RaftServerImpl.java:setRole(184)) - f2627371-a904-4314-a836-5eb8f54559ec@group-73E40DF2990B: changes role from CANDIDATE to FOLLOWER at term 432 for DISCOVERED_A_NEW_TERM
2019-10-21 19:13:36,423 [f2627371-a904-4314-a836-5eb8f54559ec@group-73E40DF2990B-LeaderElection382] INFO  impl.RoleInfo (RoleInfo.java:shutdownLeaderElection(134)) - f2627371-a904-4314-a836-5eb8f54559ec: shutdown LeaderElection
2019-10-21 19:13:36,423 [f2627371-a904-4314-a836-5eb8f54559ec@group-73E40DF2990B-LeaderElection382] INFO  impl.RoleInfo (RoleInfo.java:updateAndGet(143)) - f2627371-a904-4314-a836-5eb8f54559ec: start FollowerState
2019-10-21 19:13:36,516 [Thread-2844] INFO  impl.FollowerState (FollowerState.java:run(108)) - f2627371-a904-4314-a836-5eb8f54559ec@group-73E40DF2990B-FollowerState: change to CANDIDATE, lastRpcTime:92ms, electionTimeout:92ms
2019-10-21 19:13:36,516 [Thread-2844] INFO  impl.RoleInfo (RoleInfo.java:shutdownFollowerState(121)) - f2627371-a904-4314-a836-5eb8f54559ec: shutdown FollowerState
2019-10-21 19:13:36,516 [Thread-2844] INFO  impl.RaftServerImpl (RaftServerImpl.java:setRole(184)) - f2627371-a904-4314-a836-5eb8f54559ec@group-73E40DF2990B: changes role from  FOLLOWER to CANDIDATE at term 432 for changeToCandidate
2019-10-21 19:13:36,516 [Thread-2844] INFO  impl.RoleInfo (RoleInfo.java:updateAndGet(143)) - f2627371-a904-4314-a836-5eb8f54559ec: start LeaderElection
2019-10-21 19:13:36,531 [f2627371-a904-4314-a836-5eb8f54559ec@group-73E40DF2990B-LeaderElection383] INFO  impl.LeaderElection (LeaderElection.java:askForVotes(178)) - f2627371-a904-4314-a836-5eb8f54559ec@group-73E40DF2990B-LeaderElection383: begin an election at term 433 for -1: [e6a83585-83d0-4616-a3d5-866875ad8a29:192.168.34.32:46159, f2627371-a904-4314-a836-5eb8f54559ec:192.168.34.32:33224, 1b813ef4-47a4-4bfc-8eb5-c34ae440adb1:192.168.34.32:36113], old=null
2019-10-21 19:13:36,532 [grpc-default-executor-0] INFO  impl.RaftServerImpl (RaftServerImpl.java:setRole(184)) - e6a83585-83d0-4616-a3d5-866875ad8a29@group-73E40DF2990B: changes role from  FOLLOWER to FOLLOWER at term 433 for recognizeCandidate:f2627371-a904-4314-a836-5eb8f54559ec
2019-10-21 19:13:36,532 [grpc-default-executor-0] INFO  impl.RoleInfo (RoleInfo.java:shutdownFollowerState(121)) - e6a83585-83d0-4616-a3d5-866875ad8a29: shutdown FollowerState
2019-10-21 19:13:36,533 [grpc-default-executor-0] INFO  impl.RoleInfo (RoleInfo.java:updateAndGet(143)) - e6a83585-83d0-4616-a3d5-866875ad8a29: start FollowerState
2019-10-21 19:13:36,533 [Thread-2842] INFO  impl.FollowerState (FollowerState.java:run(117)) - e6a83585-83d0-4616-a3d5-866875ad8a29@group-73E40DF2990B-FollowerState was interrupted: java.lang.InterruptedException: sleep interrupted
2019-10-21 19:13:36,533 [grpc-default-executor-5] INFO  impl.RaftServerImpl (RaftServerImpl.java:setRole(184)) - 1b813ef4-47a4-4bfc-8eb5-c34ae440adb1@group-73E40DF2990B: changes role from  FOLLOWER to FOLLOWER at term 433 for recognizeCandidate:f2627371-a904-4314-a836-5eb8f54559ec
2019-10-21 19:13:36,533 [grpc-default-executor-5] INFO  impl.RoleInfo (RoleInfo.java:shutdownFollowerState(121)) - 1b813ef4-47a4-4bfc-8eb5-c34ae440adb1: shutdown FollowerState
2019-10-21 19:13:36,533 [grpc-default-executor-5] INFO  impl.RoleInfo (RoleInfo.java:updateAndGet(143)) - 1b813ef4-47a4-4bfc-8eb5-c34ae440adb1: start FollowerState
2019-10-21 19:13:36,533 [Thread-2843] INFO  impl.FollowerState (FollowerState.java:run(117)) - 1b813ef4-47a4-4bfc-8eb5-c34ae440adb1@group-73E40DF2990B-FollowerState was interrupted: java.lang.InterruptedException: sleep interrupted
2019-10-21 19:13:36,547 [f2627371-a904-4314-a836-5eb8f54559ec@group-73E40DF2990B-LeaderElection383] INFO  impl.LeaderElection (LeaderElection.java:logAndReturn(56)) - f2627371-a904-4314-a836-5eb8f54559ec@group-73E40DF2990B-LeaderElection383: Election REJECTED; received 2 response(s) [f2627371-a904-4314-a836-5eb8f54559ec<-e6a83585-83d0-4616-a3d5-866875ad8a29#0:FAIL-t433, f2627371-a904-4314-a836-5eb8f54559ec<-1b813ef4-47a4-4bfc-8eb5-c34ae440adb1#0:FAIL-t433] and 0 exception(s); f2627371-a904-4314-a836-5eb8f54559ec@group-73E40DF2990B:t433, leader=null, voted=f2627371-a904-4314-a836-5eb8f54559ec, raftlog=f2627371-a904-4314-a836-5eb8f54559ec@group-73E40DF2990B-SegmentedRaftLog:OPENED:c-1,f-1,i0, conf=-1: [e6a83585-83d0-4616-a3d5-866875ad8a29:192.168.34.32:46159, f2627371-a904-4314-a836-5eb8f54559ec:192.168.34.32:33224, 1b813ef4-47a4-4bfc-8eb5-c34ae440adb1:192.168.34.32:36113], old=null
2019-10-21 19:13:36,547 [f2627371-a904-4314-a836-5eb8f54559ec@group-73E40DF2990B-LeaderElection383] INFO  impl.RaftServerImpl (RaftServerImpl.java:setRole(184)) - f2627371-a904-4314-a836-5eb8f54559ec@group-73E40DF2990B: changes role from CANDIDATE to FOLLOWER at term 433 for DISCOVERED_A_NEW_TERM
2019-10-21 19:13:36,547 [f2627371-a904-4314-a836-5eb8f54559ec@group-73E40DF2990B-LeaderElection383] INFO  impl.RoleInfo (RoleInfo.java:shutdownLeaderElection(134)) - f2627371-a904-4314-a836-5eb8f54559ec: shutdown LeaderElection
2019-10-21 19:13:36,547 [f2627371-a904-4314-a836-5eb8f54559ec@group-73E40DF2990B-LeaderElection383] INFO  impl.RoleInfo (RoleInfo.java:updateAndGet(143)) - f2627371-a904-4314-a836-5eb8f54559ec: start FollowerState
2019-10-21 19:13:36,681 [Thread-2850] INFO  impl.FollowerState (FollowerState.java:run(108)) - f2627371-a904-4314-a836-5eb8f54559ec@group-73E40DF2990B-FollowerState: change to CANDIDATE, lastRpcTime:133ms, electionTimeout:133ms
2019-10-21 19:13:36,681 [Thread-2850] INFO  impl.RoleInfo (RoleInfo.java:shutdownFollowerState(121)) - f2627371-a904-4314-a836-5eb8f54559ec: shutdown FollowerState
2019-10-21 19:13:36,681 [Thread-2850] INFO  impl.RaftServerImpl (RaftServerImpl.java:setRole(184)) - f2627371-a904-4314-a836-5eb8f54559ec@group-73E40DF2990B: changes role from  FOLLOWER to CANDIDATE at term 433 for changeToCandidate
2019-10-21 19:13:36,681 [Thread-2850] INFO  impl.RoleInfo (RoleInfo.java:updateAndGet(143)) - f2627371-a904-4314-a836-5eb8f54559ec: start LeaderElection
2019-10-21 19:13:36,696 [f2627371-a904-4314-a836-5eb8f54559ec@group-73E40DF2990B-LeaderElection384] INFO  impl.LeaderElection (LeaderElection.java:askForVotes(178)) - f2627371-a904-4314-a836-5eb8f54559ec@group-73E40DF2990B-LeaderElection384: begin an election at term 434 for -1: [e6a83585-83d0-4616-a3d5-866875ad8a29:192.168.34.32:46159, f2627371-a904-4314-a836-5eb8f54559ec:192.168.34.32:33224, 1b813ef4-47a4-4bfc-8eb5-c34ae440adb1:192.168.34.32:36113], old=null
2019-10-21 19:13:36,698 [grpc-default-executor-0] INFO  impl.RaftServerImpl (RaftServerImpl.java:setRole(184)) - e6a83585-83d0-4616-a3d5-866875ad8a29@group-73E40DF2990B: changes role from  FOLLOWER to FOLLOWER at term 434 for recognizeCandidate:f2627371-a904-4314-a836-5eb8f54559ec
2019-10-21 19:13:36,698 [grpc-default-executor-0] INFO  impl.RoleInfo (RoleInfo.java:shutdownFollowerState(121)) - e6a83585-83d0-4616-a3d5-866875ad8a29: shutdown FollowerState
2019-10-21 19:13:36,698 [grpc-default-executor-5] INFO  impl.RaftServerImpl (RaftServerImpl.java:setRole(184)) - 1b813ef4-47a4-4bfc-8eb5-c34ae440adb1@group-73E40DF2990B: changes role from  FOLLOWER to FOLLOWER at term 434 for recognizeCandidate:f2627371-a904-4314-a836-5eb8f54559ec
2019-10-21 19:13:36,698 [Thread-2848] INFO  impl.FollowerState (FollowerState.java:run(117)) - e6a83585-83d0-4616-a3d5-866875ad8a29@group-73E40DF2990B-FollowerState was interrupted: java.lang.InterruptedException: sleep interrupted
2019-10-21 19:13:36,698 [grpc-default-executor-0] INFO  impl.RoleInfo (RoleInfo.java:updateAndGet(143)) - e6a83585-83d0-4616-a3d5-866875ad8a29: start FollowerState
2019-10-21 19:13:36,698 [grpc-default-executor-5] INFO  impl.RoleInfo (RoleInfo.java:shutdownFollowerState(121)) - 1b813ef4-47a4-4bfc-8eb5-c34ae440adb1: shutdown FollowerState
2019-10-21 19:13:36,699 [grpc-default-executor-5] INFO  impl.RoleInfo (RoleInfo.java:updateAndGet(143)) - 1b813ef4-47a4-4bfc-8eb5-c34ae440adb1: start FollowerState
2019-10-21 19:13:36,699 [Thread-2849] INFO  impl.FollowerState (FollowerState.java:run(117)) - 1b813ef4-47a4-4bfc-8eb5-c34ae440adb1@group-73E40DF2990B-FollowerState was interrupted: java.lang.InterruptedException: sleep interrupted
2019-10-21 19:13:36,717 [f2627371-a904-4314-a836-5eb8f54559ec@group-73E40DF2990B-LeaderElection384] INFO  impl.LeaderElection (LeaderElection.java:logAndReturn(56)) - f2627371-a904-4314-a836-5eb8f54559ec@group-73E40DF2990B-LeaderElection384: Election REJECTED; received 2 response(s) [f2627371-a904-4314-a836-5eb8f54559ec<-e6a83585-83d0-4616-a3d5-866875ad8a29#0:FAIL-t434, f2627371-a904-4314-a836-5eb8f54559ec<-1b813ef4-47a4-4bfc-8eb5-c34ae440adb1#0:FAIL-t434] and 0 exception(s); f2627371-a904-4314-a836-5eb8f54559ec@group-73E40DF2990B:t434, leader=null, voted=f2627371-a904-4314-a836-5eb8f54559ec, raftlog=f2627371-a904-4314-a836-5eb8f54559ec@group-73E40DF2990B-SegmentedRaftLog:OPENED:c-1,f-1,i0, conf=-1: [e6a83585-83d0-4616-a3d5-866875ad8a29:192.168.34.32:46159, f2627371-a904-4314-a836-5eb8f54559ec:192.168.34.32:33224, 1b813ef4-47a4-4bfc-8eb5-c34ae440adb1:192.168.34.32:36113], old=null
2019-10-21 19:13:36,718 [f2627371-a904-4314-a836-5eb8f54559ec@group-73E40DF2990B-LeaderElection384] INFO  impl.RaftServerImpl (RaftServerImpl.java:setRole(184)) - f2627371-a904-4314-a836-5eb8f54559ec@group-73E40DF2990B: changes role from CANDIDATE to FOLLOWER at term 434 for DISCOVERED_A_NEW_TERM
2019-10-21 19:13:36,718 [f2627371-a904-4314-a836-5eb8f54559ec@group-73E40DF2990B-LeaderElection384] INFO  impl.RoleInfo (RoleInfo.java:shutdownLeaderElection(134)) - f2627371-a904-4314-a836-5eb8f54559ec: shutdown LeaderElection
2019-10-21 19:13:36,718 [f2627371-a904-4314-a836-5eb8f54559ec@group-73E40DF2990B-LeaderElection384] INFO  impl.RoleInfo (RoleInfo.java:updateAndGet(143)) - f2627371-a904-4314-a836-5eb8f54559ec: start FollowerState
2019-10-21 19:13:36,822 [Thread-2856] INFO  impl.FollowerState (FollowerState.java:run(108)) - f2627371-a904-4314-a836-5eb8f54559ec@group-73E40DF2990B-FollowerState: change to CANDIDATE, lastRpcTime:104ms, electionTimeout:104ms
2019-10-21 19:13:36,823 [Thread-2856] INFO  impl.RoleInfo (RoleInfo.java:shutdownFollowerState(121)) - f2627371-a904-4314-a836-5eb8f54559ec: shutdown FollowerState
2019-10-21 19:13:36,823 [Thread-2856] INFO  impl.RaftServerImpl (RaftServerImpl.java:setRole(184)) - f2627371-a904-4314-a836-5eb8f54559ec@group-73E40DF2990B: changes role from  FOLLOWER to CANDIDATE at term 434 for changeToCandidate
2019-10-21 19:13:36,823 [Thread-2856] INFO  impl.RoleInfo (RoleInfo.java:updateAndGet(143)) - f2627371-a904-4314-a836-5eb8f54559ec: start LeaderElection
2019-10-21 19:13:36,837 [f2627371-a904-4314-a836-5eb8f54559ec@group-73E40DF2990B-LeaderElection385] INFO  impl.LeaderElection (LeaderElection.java:askForVotes(178)) - f2627371-a904-4314-a836-5eb8f54559ec@group-73E40DF2990B-LeaderElection385: begin an election at term 435 for -1: [e6a83585-83d0-4616-a3d5-866875ad8a29:192.168.34.32:46159, f2627371-a904-4314-a836-5eb8f54559ec:192.168.34.32:33224, 1b813ef4-47a4-4bfc-8eb5-c34ae440adb1:192.168.34.32:36113], old=null
2019-10-21 19:13:36,839 [grpc-default-executor-5] INFO  impl.RaftServerImpl (RaftServerImpl.java:setRole(184)) - e6a83585-83d0-4616-a3d5-866875ad8a29@group-73E40DF2990B: changes role from  FOLLOWER to FOLLOWER at term 435 for recognizeCandidate:f2627371-a904-4314-a836-5eb8f54559ec
2019-10-21 19:13:36,839 [grpc-default-executor-5] INFO  impl.RoleInfo (RoleInfo.java:shutdownFollowerState(121)) - e6a83585-83d0-4616-a3d5-866875ad8a29: shutdown FollowerState
2019-10-21 19:13:36,839 [grpc-default-executor-0] INFO  impl.RaftServerImpl (RaftServerImpl.java:setRole(184)) - 1b813ef4-47a4-4bfc-8eb5-c34ae440adb1@group-73E40DF2990B: changes role from  FOLLOWER to FOLLOWER at term 435 for recognizeCandidate:f2627371-a904-4314-a836-5eb8f54559ec
2019-10-21 19:13:36,839 [grpc-default-executor-0] INFO  impl.RoleInfo (RoleInfo.java:shutdownFollowerState(121)) - 1b813ef4-47a4-4bfc-8eb5-c34ae440adb1: shutdown FollowerState
2019-10-21 19:13:36,839 [Thread-2854] INFO  impl.FollowerState (FollowerState.java:run(117)) - e6a83585-83d0-4616-a3d5-866875ad8a29@group-73E40DF2990B-FollowerState was interrupted: java.lang.InterruptedException: sleep interrupted
2019-10-21 19:13:36,840 [Thread-2855] INFO  impl.FollowerState (FollowerState.java:run(117)) - 1b813ef4-47a4-4bfc-8eb5-c34ae440adb1@group-73E40DF2990B-FollowerState was interrupted: java.lang.InterruptedException: sleep interrupted
2019-10-21 19:13:36,839 [grpc-default-executor-5] INFO  impl.RoleInfo (RoleInfo.java:updateAndGet(143)) - e6a83585-83d0-4616-a3d5-866875ad8a29: start FollowerState
2019-10-21 19:13:36,840 [grpc-default-executor-0] INFO  impl.RoleInfo (RoleInfo.java:updateAndGet(143)) - 1b813ef4-47a4-4bfc-8eb5-c34ae440adb1: start FollowerState
2019-10-21 19:13:36,853 [f2627371-a904-4314-a836-5eb8f54559ec@group-73E40DF2990B-LeaderElection385] INFO  impl.LeaderElection (LeaderElection.java:logAndReturn(56)) - f2627371-a904-4314-a836-5eb8f54559ec@group-73E40DF2990B-LeaderElection385: Election REJECTED; received 2 response(s) [f2627371-a904-4314-a836-5eb8f54559ec<-e6a83585-83d0-4616-a3d5-866875ad8a29#0:FAIL-t435, f2627371-a904-4314-a836-5eb8f54559ec<-1b813ef4-47a4-4bfc-8eb5-c34ae440adb1#0:FAIL-t435] and 0 exception(s); f2627371-a904-4314-a836-5eb8f54559ec@group-73E40DF2990B:t435, leader=null, voted=f2627371-a904-4314-a836-5eb8f54559ec, raftlog=f2627371-a904-4314-a836-5eb8f54559ec@group-73E40DF2990B-SegmentedRaftLog:OPENED:c-1,f-1,i0, conf=-1: [e6a83585-83d0-4616-a3d5-866875ad8a29:192.168.34.32:46159, f2627371-a904-4314-a836-5eb8f54559ec:192.168.34.32:33224, 1b813ef4-47a4-4bfc-8eb5-c34ae440adb1:192.168.34.32:36113], old=null
2019-10-21 19:13:36,854 [f2627371-a904-4314-a836-5eb8f54559ec@group-73E40DF2990B-LeaderElection385] INFO  impl.RaftServerImpl (RaftServerImpl.java:setRole(184)) - f2627371-a904-4314-a836-5eb8f54559ec@group-73E40DF2990B: changes role from CANDIDATE to FOLLOWER at term 435 for DISCOVERED_A_NEW_TERM
2019-10-21 19:13:36,854 [f2627371-a904-4314-a836-5eb8f54559ec@group-73E40DF2990B-LeaderElection385] INFO  impl.RoleInfo (RoleInfo.java:shutdownLeaderElection(134)) - f2627371-a904-4314-a836-5eb8f54559ec: shutdown LeaderElection
2019-10-21 19:13:36,854 [f2627371-a904-4314-a836-5eb8f54559ec@group-73E40DF2990B-LeaderElection385] INFO  impl.RoleInfo (RoleInfo.java:updateAndGet(143)) - f2627371-a904-4314-a836-5eb8f54559ec: start FollowerState
2019-10-21 19:13:36,965 [Thread-2864] INFO  impl.FollowerState (FollowerState.java:run(108)) - f2627371-a904-4314-a836-5eb8f54559ec@group-73E40DF2990B-FollowerState: change to CANDIDATE, lastRpcTime:111ms, electionTimeout:111ms
2019-10-21 19:13:36,965 [Thread-2864] INFO  impl.RoleInfo (RoleInfo.java:shutdownFollowerState(121)) - f2627371-a904-4314-a836-5eb8f54559ec: shutdown FollowerState
2019-10-21 19:13:36,966 [Thread-2864] INFO  impl.RaftServerImpl (RaftServerImpl.java:setRole(184)) - f2627371-a904-4314-a836-5eb8f54559ec@group-73E40DF2990B: changes role from  FOLLOWER to CANDIDATE at term 435 for changeToCandidate
2019-10-21 19:13:36,966 [Thread-2864] INFO  impl.RoleInfo (RoleInfo.java:updateAndGet(143)) - f2627371-a904-4314-a836-5eb8f54559ec: start LeaderElection
2019-10-21 19:13:36,980 [f2627371-a904-4314-a836-5eb8f54559ec@group-73E40DF2990B-LeaderElection386] INFO  impl.LeaderElection (LeaderElection.java:askForVotes(178)) - f2627371-a904-4314-a836-5eb8f54559ec@group-73E40DF2990B-LeaderElection386: begin an election at term 436 for -1: [e6a83585-83d0-4616-a3d5-866875ad8a29:192.168.34.32:46159, f2627371-a904-4314-a836-5eb8f54559ec:192.168.34.32:33224, 1b813ef4-47a4-4bfc-8eb5-c34ae440adb1:192.168.34.32:36113], old=null
2019-10-21 19:13:36,982 [grpc-default-executor-0] INFO  impl.RaftServerImpl (RaftServerImpl.java:setRole(184)) - 1b813ef4-47a4-4bfc-8eb5-c34ae440adb1@group-73E40DF2990B: changes role from  FOLLOWER to FOLLOWER at term 436 for recognizeCandidate:f2627371-a904-4314-a836-5eb8f54559ec
2019-10-21 19:13:36,982 [grpc-default-executor-0] INFO  impl.RoleInfo (RoleInfo.java:shutdownFollowerState(121)) - 1b813ef4-47a4-4bfc-8eb5-c34ae440adb1: shutdown FollowerState
2019-10-21 19:13:36,982 [grpc-default-executor-5] INFO  impl.RaftServerImpl (RaftServerImpl.java:setRole(184)) - e6a83585-83d0-4616-a3d5-866875ad8a29@group-73E40DF2990B: changes role from  FOLLOWER to FOLLOWER at term 436 for recognizeCandidate:f2627371-a904-4314-a836-5eb8f54559ec
2019-10-21 19:13:36,983 [grpc-default-executor-5] INFO  impl.RoleInfo (RoleInfo.java:shutdownFollowerState(121)) - e6a83585-83d0-4616-a3d5-866875ad8a29: shutdown FollowerState
2019-10-21 19:13:36,982 [Thread-2863] INFO  impl.FollowerState (FollowerState.java:run(117)) - 1b813ef4-47a4-4bfc-8eb5-c34ae440adb1@group-73E40DF2990B-FollowerState was interrupted: java.lang.InterruptedException: sleep interrupted
2019-10-21 19:13:36,982 [grpc-default-executor-0] INFO  impl.RoleInfo (RoleInfo.java:updateAndGet(143)) - 1b813ef4-47a4-4bfc-8eb5-c34ae440adb1: start FollowerState
2019-10-21 19:13:36,983 [Thread-2862] INFO  impl.FollowerState (FollowerState.java:run(117)) - e6a83585-83d0-4616-a3d5-866875ad8a29@group-73E40DF2990B-FollowerState was interrupted: java.lang.InterruptedException: sleep interrupted
2019-10-21 19:13:36,983 [grpc-default-executor-5] INFO  impl.RoleInfo (RoleInfo.java:updateAndGet(143)) - e6a83585-83d0-4616-a3d5-866875ad8a29: start FollowerState
2019-10-21 19:13:36,997 [f2627371-a904-4314-a836-5eb8f54559ec@group-73E40DF2990B-LeaderElection386] INFO  impl.LeaderElection (LeaderElection.java:logAndReturn(56)) - f2627371-a904-4314-a836-5eb8f54559ec@group-73E40DF2990B-LeaderElection386: Election REJECTED; received 2 response(s) [f2627371-a904-4314-a836-5eb8f54559ec<-e6a83585-83d0-4616-a3d5-866875ad8a29#0:FAIL-t436, f2627371-a904-4314-a836-5eb8f54559ec<-1b813ef4-47a4-4bfc-8eb5-c34ae440adb1#0:FAIL-t436] and 0 exception(s); f2627371-a904-4314-a836-5eb8f54559ec@group-73E40DF2990B:t436, leader=null, voted=f2627371-a904-4314-a836-5eb8f54559ec, raftlog=f2627371-a904-4314-a836-5eb8f54559ec@group-73E40DF2990B-SegmentedRaftLog:OPENED:c-1,f-1,i0, conf=-1: [e6a83585-83d0-4616-a3d5-866875ad8a29:192.168.34.32:46159, f2627371-a904-4314-a836-5eb8f54559ec:192.168.34.32:33224, 1b813ef4-47a4-4bfc-8eb5-c34ae440adb1:192.168.34.32:36113], old=null
2019-10-21 19:13:36,997 [f2627371-a904-4314-a836-5eb8f54559ec@group-73E40DF2990B-LeaderElection386] INFO  impl.RaftServerImpl (RaftServerImpl.java:setRole(184)) - f2627371-a904-4314-a836-5eb8f54559ec@group-73E40DF2990B: changes role from CANDIDATE to FOLLOWER at term 436 for DISCOVERED_A_NEW_TERM
2019-10-21 19:13:36,997 [f2627371-a904-4314-a836-5eb8f54559ec@group-73E40DF2990B-LeaderElection386] INFO  impl.RoleInfo (RoleInfo.java:shutdownLeaderElection(134)) - f2627371-a904-4314-a836-5eb8f54559ec: shutdown LeaderElection
2019-10-21 19:13:36,997 [f2627371-a904-4314-a836-5eb8f54559ec@group-73E40DF2990B-LeaderElection386] INFO  impl.RoleInfo (RoleInfo.java:updateAndGet(143)) - f2627371-a904-4314-a836-5eb8f54559ec: start FollowerState
2019-10-21 19:13:37,058 [Thread-2870] INFO  impl.FollowerState (FollowerState.java:run(108)) - f2627371-a904-4314-a836-5eb8f54559ec@group-73E40DF2990B-FollowerState: change to CANDIDATE, lastRpcTime:61ms, electionTimeout:61ms
2019-10-21 19:13:37,059 [Thread-2870] INFO  impl.RoleInfo (RoleInfo.java:shutdownFollowerState(121)) - f2627371-a904-4314-a836-5eb8f54559ec: shutdown FollowerState
2019-10-21 19:13:37,059 [Thread-2870] INFO  impl.RaftServerImpl (RaftServerImpl.java:setRole(184)) - f2627371-a904-4314-a836-5eb8f54559ec@group-73E40DF2990B: changes role from  FOLLOWER to CANDIDATE at term 436 for changeToCandidate
2019-10-21 19:13:37,059 [Thread-2870] INFO  impl.RoleInfo (RoleInfo.java:updateAndGet(143)) - f2627371-a904-4314-a836-5eb8f54559ec: start LeaderElection
2019-10-21 19:13:37,074 [f2627371-a904-4314-a836-5eb8f54559ec@group-73E40DF2990B-LeaderElection387] INFO  impl.LeaderElection (LeaderElection.java:askForVotes(178)) - f2627371-a904-4314-a836-5eb8f54559ec@group-73E40DF2990B-LeaderElection387: begin an election at term 437 for -1: [e6a83585-83d0-4616-a3d5-866875ad8a29:192.168.34.32:46159, f2627371-a904-4314-a836-5eb8f54559ec:192.168.34.32:33224, 1b813ef4-47a4-4bfc-8eb5-c34ae440adb1:192.168.34.32:36113], old=null
2019-10-21 19:13:37,076 [grpc-default-executor-5] INFO  impl.RaftServerImpl (RaftServerImpl.java:setRole(184)) - e6a83585-83d0-4616-a3d5-866875ad8a29@group-73E40DF2990B: changes role from  FOLLOWER to FOLLOWER at term 437 for recognizeCandidate:f2627371-a904-4314-a836-5eb8f54559ec
2019-10-21 19:13:37,076 [grpc-default-executor-0] INFO  impl.RaftServerImpl (RaftServerImpl.java:setRole(184)) - 1b813ef4-47a4-4bfc-8eb5-c34ae440adb1@group-73E40DF2990B: changes role from  FOLLOWER to FOLLOWER at term 437 for recognizeCandidate:f2627371-a904-4314-a836-5eb8f54559ec
2019-10-21 19:13:37,077 [grpc-default-executor-0] INFO  impl.RoleInfo (RoleInfo.java:shutdownFollowerState(121)) - 1b813ef4-47a4-4bfc-8eb5-c34ae440adb1: shutdown FollowerState
2019-10-21 19:13:37,076 [grpc-default-executor-5] INFO  impl.RoleInfo (RoleInfo.java:shutdownFollowerState(121)) - e6a83585-83d0-4616-a3d5-866875ad8a29: shutdown FollowerState
2019-10-21 19:13:37,077 [Thread-2868] INFO  impl.FollowerState (FollowerState.java:run(117)) - 1b813ef4-47a4-4bfc-8eb5-c34ae440adb1@group-73E40DF2990B-FollowerState was interrupted: java.lang.InterruptedException: sleep interrupted
2019-10-21 19:13:37,077 [grpc-default-executor-0] INFO  impl.RoleInfo (RoleInfo.java:updateAndGet(143)) - 1b813ef4-47a4-4bfc-8eb5-c34ae440adb1: start FollowerState
2019-10-21 19:13:37,077 [Thread-2869] INFO  impl.FollowerState (FollowerState.java:run(117)) - e6a83585-83d0-4616-a3d5-866875ad8a29@group-73E40DF2990B-FollowerState was interrupted: java.lang.InterruptedException: sleep interrupted
2019-10-21 19:13:37,077 [grpc-default-executor-5] INFO  impl.RoleInfo (RoleInfo.java:updateAndGet(143)) - e6a83585-83d0-4616-a3d5-866875ad8a29: start FollowerState
2019-10-21 19:13:37,084 [f2627371-a904-4314-a836-5eb8f54559ec@group-73E40DF2990B-LeaderElection387] INFO  impl.LeaderElection (LeaderElection.java:logAndReturn(56)) - f2627371-a904-4314-a836-5eb8f54559ec@group-73E40DF2990B-LeaderElection387: Election REJECTED; received 2 response(s) [f2627371-a904-4314-a836-5eb8f54559ec<-e6a83585-83d0-4616-a3d5-866875ad8a29#0:FAIL-t437, f2627371-a904-4314-a836-5eb8f54559ec<-1b813ef4-47a4-4bfc-8eb5-c34ae440adb1#0:FAIL-t437] and 0 exception(s); f2627371-a904-4314-a836-5eb8f54559ec@group-73E40DF2990B:t437, leader=null, voted=f2627371-a904-4314-a836-5eb8f54559ec, raftlog=f2627371-a904-4314-a836-5eb8f54559ec@group-73E40DF2990B-SegmentedRaftLog:OPENED:c-1,f-1,i0, conf=-1: [e6a83585-83d0-4616-a3d5-866875ad8a29:192.168.34.32:46159, f2627371-a904-4314-a836-5eb8f54559ec:192.168.34.32:33224, 1b813ef4-47a4-4bfc-8eb5-c34ae440adb1:192.168.34.32:36113], old=null
2019-10-21 19:13:37,084 [f2627371-a904-4314-a836-5eb8f54559ec@group-73E40DF2990B-LeaderElection387] INFO  impl.RaftServerImpl (RaftServerImpl.java:setRole(184)) - f2627371-a904-4314-a836-5eb8f54559ec@group-73E40DF2990B: changes role from CANDIDATE to FOLLOWER at term 437 for DISCOVERED_A_NEW_TERM
2019-10-21 19:13:37,084 [f2627371-a904-4314-a836-5eb8f54559ec@group-73E40DF2990B-LeaderElection387] INFO  impl.RoleInfo (RoleInfo.java:shutdownLeaderElection(134)) - f2627371-a904-4314-a836-5eb8f54559ec: shutdown LeaderElection
2019-10-21 19:13:37,084 [f2627371-a904-4314-a836-5eb8f54559ec@group-73E40DF2990B-LeaderElection387] INFO  impl.RoleInfo (RoleInfo.java:updateAndGet(143)) - f2627371-a904-4314-a836-5eb8f54559ec: start FollowerState
2019-10-21 19:13:37,207 [Thread-2876] INFO  impl.FollowerState (FollowerState.java:run(108)) - f2627371-a904-4314-a836-5eb8f54559ec@group-73E40DF2990B-FollowerState: change to CANDIDATE, lastRpcTime:122ms, electionTimeout:122ms
2019-10-21 19:13:37,207 [Thread-2876] INFO  impl.RoleInfo (RoleInfo.java:shutdownFollowerState(121)) - f2627371-a904-4314-a836-5eb8f54559ec: shutdown FollowerState
2019-10-21 19:13:37,207 [Thread-2876] INFO  impl.RaftServerImpl (RaftServerImpl.java:setRole(184)) - f2627371-a904-4314-a836-5eb8f54559ec@group-73E40DF2990B: changes role from  FOLLOWER to CANDIDATE at term 437 for changeToCandidate
2019-10-21 19:13:37,207 [Thread-2876] INFO  impl.RoleInfo (RoleInfo.java:updateAndGet(143)) - f2627371-a904-4314-a836-5eb8f54559ec: start LeaderElection
2019-10-21 19:13:37,222 [f2627371-a904-4314-a836-5eb8f54559ec@group-73E40DF2990B-LeaderElection388] INFO  impl.LeaderElection (LeaderElection.java:askForVotes(178)) - f2627371-a904-4314-a836-5eb8f54559ec@group-73E40DF2990B-LeaderElection388: begin an election at term 438 for -1: [e6a83585-83d0-4616-a3d5-866875ad8a29:192.168.34.32:46159, f2627371-a904-4314-a836-5eb8f54559ec:192.168.34.32:33224, 1b813ef4-47a4-4bfc-8eb5-c34ae440adb1:192.168.34.32:36113], old=null
2019-10-21 19:13:37,224 [grpc-default-executor-0] INFO  impl.RaftServerImpl (RaftServerImpl.java:setRole(184)) - 1b813ef4-47a4-4bfc-8eb5-c34ae440adb1@group-73E40DF2990B: changes role from  FOLLOWER to FOLLOWER at term 438 for recognizeCandidate:f2627371-a904-4314-a836-5eb8f54559ec
2019-10-21 19:13:37,224 [grpc-default-executor-0] INFO  impl.RoleInfo (RoleInfo.java:shutdownFollowerState(121)) - 1b813ef4-47a4-4bfc-8eb5-c34ae440adb1: shutdown FollowerState
2019-10-21 19:13:37,224 [grpc-default-executor-5] INFO  impl.RaftServerImpl (RaftServerImpl.java:setRole(184)) - e6a83585-83d0-4616-a3d5-866875ad8a29@group-73E40DF2990B: changes role from  FOLLOWER to FOLLOWER at term 438 for recognizeCandidate:f2627371-a904-4314-a836-5eb8f54559ec
2019-10-21 19:13:37,225 [grpc-default-executor-5] INFO  impl.RoleInfo (RoleInfo.java:shutdownFollowerState(121)) - e6a83585-83d0-4616-a3d5-866875ad8a29: shutdown FollowerState
2019-10-21 19:13:37,224 [Thread-2874] INFO  impl.FollowerState (FollowerState.java:run(117)) - 1b813ef4-47a4-4bfc-8eb5-c34ae440adb1@group-73E40DF2990B-FollowerState was interrupted: java.lang.InterruptedException: sleep interrupted
2019-10-21 19:13:37,224 [grpc-default-executor-0] INFO  impl.RoleInfo (RoleInfo.java:updateAndGet(143)) - 1b813ef4-47a4-4bfc-8eb5-c34ae440adb1: start FollowerState
2019-10-21 19:13:37,225 [Thread-2875] INFO  impl.FollowerState (FollowerState.java:run(117)) - e6a83585-83d0-4616-a3d5-866875ad8a29@group-73E40DF2990B-FollowerState was interrupted: java.lang.InterruptedException: sleep interrupted
2019-10-21 19:13:37,225 [grpc-default-executor-5] INFO  impl.RoleInfo (RoleInfo.java:updateAndGet(143)) - e6a83585-83d0-4616-a3d5-866875ad8a29: start FollowerState
2019-10-21 19:13:37,241 [f2627371-a904-4314-a836-5eb8f54559ec@group-73E40DF2990B-LeaderElection388] INFO  impl.LeaderElection (LeaderElection.java:logAndReturn(56)) - f2627371-a904-4314-a836-5eb8f54559ec@group-73E40DF2990B-LeaderElection388: Election REJECTED; received 2 response(s) [f2627371-a904-4314-a836-5eb8f54559ec<-e6a83585-83d0-4616-a3d5-866875ad8a29#0:FAIL-t438, f2627371-a904-4314-a836-5eb8f54559ec<-1b813ef4-47a4-4bfc-8eb5-c34ae440adb1#0:FAIL-t438] and 0 exception(s); f2627371-a904-4314-a836-5eb8f54559ec@group-73E40DF2990B:t438, leader=null, voted=f2627371-a904-4314-a836-5eb8f54559ec, raftlog=f2627371-a904-4314-a836-5eb8f54559ec@group-73E40DF2990B-SegmentedRaftLog:OPENED:c-1,f-1,i0, conf=-1: [e6a83585-83d0-4616-a3d5-866875ad8a29:192.168.34.32:46159, f2627371-a904-4314-a836-5eb8f54559ec:192.168.34.32:33224, 1b813ef4-47a4-4bfc-8eb5-c34ae440adb1:192.168.34.32:36113], old=null
2019-10-21 19:13:37,241 [f2627371-a904-4314-a836-5eb8f54559ec@group-73E40DF2990B-LeaderElection388] INFO  impl.RaftServerImpl (RaftServerImpl.java:setRole(184)) - f2627371-a904-4314-a836-5eb8f54559ec@group-73E40DF2990B: changes role from CANDIDATE to FOLLOWER at term 438 for DISCOVERED_A_NEW_TERM
2019-10-21 19:13:37,241 [f2627371-a904-4314-a836-5eb8f54559ec@group-73E40DF2990B-LeaderElection388] INFO  impl.RoleInfo (RoleInfo.java:shutdownLeaderElection(134)) - f2627371-a904-4314-a836-5eb8f54559ec: shutdown LeaderElection
2019-10-21 19:13:37,242 [f2627371-a904-4314-a836-5eb8f54559ec@group-73E40DF2990B-LeaderElection388] INFO  impl.RoleInfo (RoleInfo.java:updateAndGet(143)) - f2627371-a904-4314-a836-5eb8f54559ec: start FollowerState
2019-10-21 19:13:37,322 [Thread-2882] INFO  impl.FollowerState (FollowerState.java:run(108)) - f2627371-a904-4314-a836-5eb8f54559ec@group-73E40DF2990B-FollowerState: change to CANDIDATE, lastRpcTime:80ms, electionTimeout:80ms
2019-10-21 19:13:37,322 [Thread-2882] INFO  impl.RoleInfo (RoleInfo.java:shutdownFollowerState(121)) - f2627371-a904-4314-a836-5eb8f54559ec: shutdown FollowerState
2019-10-21 19:13:37,322 [Thread-2882] INFO  impl.RaftServerImpl (RaftServerImpl.java:setRole(184)) - f2627371-a904-4314-a836-5eb8f54559ec@group-73E40DF2990B: changes role from  FOLLOWER to CANDIDATE at term 438 for changeToCandidate
2019-10-21 19:13:37,322 [Thread-2882] INFO  impl.RoleInfo (RoleInfo.java:updateAndGet(143)) - f2627371-a904-4314-a836-5eb8f54559ec: start LeaderElection
2019-10-21 19:13:37,336 [f2627371-a904-4314-a836-5eb8f54559ec@group-73E40DF2990B-LeaderElection389] INFO  impl.LeaderElection (LeaderElection.java:askForVotes(178)) - f2627371-a904-4314-a836-5eb8f54559ec@group-73E40DF2990B-LeaderElection389: begin an election at term 439 for -1: [e6a83585-83d0-4616-a3d5-866875ad8a29:192.168.34.32:46159, f2627371-a904-4314-a836-5eb8f54559ec:192.168.34.32:33224, 1b813ef4-47a4-4bfc-8eb5-c34ae440adb1:192.168.34.32:36113], old=null
2019-10-21 19:13:37,338 [grpc-default-executor-0] INFO  impl.RaftServerImpl (RaftServerImpl.java:setRole(184)) - e6a83585-83d0-4616-a3d5-866875ad8a29@group-73E40DF2990B: changes role from  FOLLOWER to FOLLOWER at term 439 for recognizeCandidate:f2627371-a904-4314-a836-5eb8f54559ec
2019-10-21 19:13:37,338 [grpc-default-executor-0] INFO  impl.RoleInfo (RoleInfo.java:shutdownFollowerState(121)) - e6a83585-83d0-4616-a3d5-866875ad8a29: shutdown FollowerState
2019-10-21 19:13:37,338 [grpc-default-executor-5] INFO  impl.RaftServerImpl (RaftServerImpl.java:setRole(184)) - 1b813ef4-47a4-4bfc-8eb5-c34ae440adb1@group-73E40DF2990B: changes role from  FOLLOWER to FOLLOWER at term 439 for recognizeCandidate:f2627371-a904-4314-a836-5eb8f54559ec
2019-10-21 19:13:37,339 [grpc-default-executor-5] INFO  impl.RoleInfo (RoleInfo.java:shutdownFollowerState(121)) - 1b813ef4-47a4-4bfc-8eb5-c34ae440adb1: shutdown FollowerState
2019-10-21 19:13:37,338 [grpc-default-executor-0] INFO  impl.RoleInfo (RoleInfo.java:updateAndGet(143)) - e6a83585-83d0-4616-a3d5-866875ad8a29: start FollowerState
2019-10-21 19:13:37,338 [Thread-2881] INFO  impl.FollowerState (FollowerState.java:run(117)) - e6a83585-83d0-4616-a3d5-866875ad8a29@group-73E40DF2990B-FollowerState was interrupted: java.lang.InterruptedException: sleep interrupted
2019-10-21 19:13:37,339 [Thread-2880] INFO  impl.FollowerState (FollowerState.java:run(117)) - 1b813ef4-47a4-4bfc-8eb5-c34ae440adb1@group-73E40DF2990B-FollowerState was interrupted: java.lang.InterruptedException: sleep interrupted
2019-10-21 19:13:37,339 [grpc-default-executor-5] INFO  impl.RoleInfo (RoleInfo.java:updateAndGet(143)) - 1b813ef4-47a4-4bfc-8eb5-c34ae440adb1: start FollowerState
2019-10-21 19:13:37,362 [f2627371-a904-4314-a836-5eb8f54559ec@group-73E40DF2990B-LeaderElection389] INFO  impl.LeaderElection (LeaderElection.java:logAndReturn(56)) - f2627371-a904-4314-a836-5eb8f54559ec@group-73E40DF2990B-LeaderElection389: Election REJECTED; received 2 response(s) [f2627371-a904-4314-a836-5eb8f54559ec<-e6a83585-83d0-4616-a3d5-866875ad8a29#0:FAIL-t439, f2627371-a904-4314-a836-5eb8f54559ec<-1b813ef4-47a4-4bfc-8eb5-c34ae440adb1#0:FAIL-t439] and 0 exception(s); f2627371-a904-4314-a836-5eb8f54559ec@group-73E40DF2990B:t439, leader=null, voted=f2627371-a904-4314-a836-5eb8f54559ec, raftlog=f2627371-a904-4314-a836-5eb8f54559ec@group-73E40DF2990B-SegmentedRaftLog:OPENED:c-1,f-1,i0, conf=-1: [e6a83585-83d0-4616-a3d5-866875ad8a29:192.168.34.32:46159, f2627371-a904-4314-a836-5eb8f54559ec:192.168.34.32:33224, 1b813ef4-47a4-4bfc-8eb5-c34ae440adb1:192.168.34.32:36113], old=null
2019-10-21 19:13:37,362 [f2627371-a904-4314-a836-5eb8f54559ec@group-73E40DF2990B-LeaderElection389] INFO  impl.RaftServerImpl (RaftServerImpl.java:setRole(184)) - f2627371-a904-4314-a836-5eb8f54559ec@group-73E40DF2990B: changes role from CANDIDATE to FOLLOWER at term 439 for DISCOVERED_A_NEW_TERM
2019-10-21 19:13:37,362 [f2627371-a904-4314-a836-5eb8f54559ec@group-73E40DF2990B-LeaderElection389] INFO  impl.RoleInfo (RoleInfo.java:shutdownLeaderElection(134)) - f2627371-a904-4314-a836-5eb8f54559ec: shutdown LeaderElection
2019-10-21 19:13:37,362 [f2627371-a904-4314-a836-5eb8f54559ec@group-73E40DF2990B-LeaderElection389] INFO  impl.RoleInfo (RoleInfo.java:updateAndGet(143)) - f2627371-a904-4314-a836-5eb8f54559ec: start FollowerState
2019-10-21 19:13:37,458 [Thread-2888] INFO  impl.FollowerState (FollowerState.java:run(108)) - f2627371-a904-4314-a836-5eb8f54559ec@group-73E40DF2990B-FollowerState: change to CANDIDATE, lastRpcTime:95ms, electionTimeout:95ms
2019-10-21 19:13:37,458 [Thread-2888] INFO  impl.RoleInfo (RoleInfo.java:shutdownFollowerState(121)) - f2627371-a904-4314-a836-5eb8f54559ec: shutdown FollowerState
2019-10-21 19:13:37,458 [Thread-2888] INFO  impl.RaftServerImpl (RaftServerImpl.java:setRole(184)) - f2627371-a904-4314-a836-5eb8f54559ec@group-73E40DF2990B: changes role from  FOLLOWER to CANDIDATE at term 439 for changeToCandidate
2019-10-21 19:13:37,458 [Thread-2888] INFO  impl.RoleInfo (RoleInfo.java:updateAndGet(143)) - f2627371-a904-4314-a836-5eb8f54559ec: start LeaderElection
2019-10-21 19:13:37,472 [f2627371-a904-4314-a836-5eb8f54559ec@group-73E40DF2990B-LeaderElection390] INFO  impl.LeaderElection (LeaderElection.java:askForVotes(178)) - f2627371-a904-4314-a836-5eb8f54559ec@group-73E40DF2990B-LeaderElection390: begin an election at term 440 for -1: [e6a83585-83d0-4616-a3d5-866875ad8a29:192.168.34.32:46159, f2627371-a904-4314-a836-5eb8f54559ec:192.168.34.32:33224, 1b813ef4-47a4-4bfc-8eb5-c34ae440adb1:192.168.34.32:36113], old=null
2019-10-21 19:13:37,474 [grpc-default-executor-0] INFO  impl.RaftServerImpl (RaftServerImpl.java:setRole(184)) - e6a83585-83d0-4616-a3d5-866875ad8a29@group-73E40DF2990B: changes role from  FOLLOWER to FOLLOWER at term 440 for recognizeCandidate:f2627371-a904-4314-a836-5eb8f54559ec
2019-10-21 19:13:37,474 [grpc-default-executor-0] INFO  impl.RoleInfo (RoleInfo.java:shutdownFollowerState(121)) - e6a83585-83d0-4616-a3d5-866875ad8a29: shutdown FollowerState
2019-10-21 19:13:37,475 [grpc-default-executor-0] INFO  impl.RoleInfo (RoleInfo.java:updateAndGet(143)) - e6a83585-83d0-4616-a3d5-866875ad8a29: start FollowerState
2019-10-21 19:13:37,475 [Thread-2886] INFO  impl.FollowerState (FollowerState.java:run(117)) - e6a83585-83d0-4616-a3d5-866875ad8a29@group-73E40DF2990B-FollowerState was interrupted: java.lang.InterruptedException: sleep interrupted
2019-10-21 19:13:37,475 [grpc-default-executor-5] INFO  impl.RaftServerImpl (RaftServerImpl.java:setRole(184)) - 1b813ef4-47a4-4bfc-8eb5-c34ae440adb1@group-73E40DF2990B: changes role from  FOLLOWER to FOLLOWER at term 440 for recognizeCandidate:f2627371-a904-4314-a836-5eb8f54559ec
2019-10-21 19:13:37,475 [grpc-default-executor-5] INFO  impl.RoleInfo (RoleInfo.java:shutdownFollowerState(121)) - 1b813ef4-47a4-4bfc-8eb5-c34ae440adb1: shutdown FollowerState
2019-10-21 19:13:37,475 [grpc-default-executor-5] INFO  impl.RoleInfo (RoleInfo.java:updateAndGet(143)) - 1b813ef4-47a4-4bfc-8eb5-c34ae440adb1: start FollowerState
2019-10-21 19:13:37,475 [Thread-2887] INFO  impl.FollowerState (FollowerState.java:run(117)) - 1b813ef4-47a4-4bfc-8eb5-c34ae440adb1@group-73E40DF2990B-FollowerState was interrupted: java.lang.InterruptedException: sleep interrupted
2019-10-21 19:13:37,489 [f2627371-a904-4314-a836-5eb8f54559ec@group-73E40DF2990B-LeaderElection390] INFO  impl.LeaderElection (LeaderElection.java:logAndReturn(56)) - f2627371-a904-4314-a836-5eb8f54559ec@group-73E40DF2990B-LeaderElection390: Election REJECTED; received 2 response(s) [f2627371-a904-4314-a836-5eb8f54559ec<-e6a83585-83d0-4616-a3d5-866875ad8a29#0:FAIL-t440, f2627371-a904-4314-a836-5eb8f54559ec<-1b813ef4-47a4-4bfc-8eb5-c34ae440adb1#0:FAIL-t440] and 0 exception(s); f2627371-a904-4314-a836-5eb8f54559ec@group-73E40DF2990B:t440, leader=null, voted=f2627371-a904-4314-a836-5eb8f54559ec, raftlog=f2627371-a904-4314-a836-5eb8f54559ec@group-73E40DF2990B-SegmentedRaftLog:OPENED:c-1,f-1,i0, conf=-1: [e6a83585-83d0-4616-a3d5-866875ad8a29:192.168.34.32:46159, f2627371-a904-4314-a836-5eb8f54559ec:192.168.34.32:33224, 1b813ef4-47a4-4bfc-8eb5-c34ae440adb1:192.168.34.32:36113], old=null
2019-10-21 19:13:37,489 [f2627371-a904-4314-a836-5eb8f54559ec@group-73E40DF2990B-LeaderElection390] INFO  impl.RaftServerImpl (RaftServerImpl.java:setRole(184)) - f2627371-a904-4314-a836-5eb8f54559ec@group-73E40DF2990B: changes role from CANDIDATE to FOLLOWER at term 440 for DISCOVERED_A_NEW_TERM
2019-10-21 19:13:37,489 [f2627371-a904-4314-a836-5eb8f54559ec@group-73E40DF2990B-LeaderElection390] INFO  impl.RoleInfo (RoleInfo.java:shutdownLeaderElection(134)) - f2627371-a904-4314-a836-5eb8f54559ec: shutdown LeaderElection
2019-10-21 19:13:37,490 [f2627371-a904-4314-a836-5eb8f54559ec@group-73E40DF2990B-LeaderElection390] INFO  impl.RoleInfo (RoleInfo.java:updateAndGet(143)) - f2627371-a904-4314-a836-5eb8f54559ec: start FollowerState
2019-10-21 19:13:37,567 [Thread-2894] INFO  impl.FollowerState (FollowerState.java:run(108)) - f2627371-a904-4314-a836-5eb8f54559ec@group-73E40DF2990B-FollowerState: change to CANDIDATE, lastRpcTime:77ms, electionTimeout:77ms
2019-10-21 19:13:37,567 [Thread-2894] INFO  impl.RoleInfo (RoleInfo.java:shutdownFollowerState(121)) - f2627371-a904-4314-a836-5eb8f54559ec: shutdown FollowerState
2019-10-21 19:13:37,567 [Thread-2894] INFO  impl.RaftServerImpl (RaftServerImpl.java:setRole(184)) - f2627371-a904-4314-a836-5eb8f54559ec@group-73E40DF2990B: changes role from  FOLLOWER to CANDIDATE at term 440 for changeToCandidate
2019-10-21 19:13:37,567 [Thread-2894] INFO  impl.RoleInfo (RoleInfo.java:updateAndGet(143)) - f2627371-a904-4314-a836-5eb8f54559ec: start LeaderElection
2019-10-21 19:13:37,582 [f2627371-a904-4314-a836-5eb8f54559ec@group-73E40DF2990B-LeaderElection391] INFO  impl.LeaderElection (LeaderElection.java:askForVotes(178)) - f2627371-a904-4314-a836-5eb8f54559ec@group-73E40DF2990B-LeaderElection391: begin an election at term 441 for -1: [e6a83585-83d0-4616-a3d5-866875ad8a29:192.168.34.32:46159, f2627371-a904-4314-a836-5eb8f54559ec:192.168.34.32:33224, 1b813ef4-47a4-4bfc-8eb5-c34ae440adb1:192.168.34.32:36113], old=null
2019-10-21 19:13:37,584 [grpc-default-executor-5] INFO  impl.RaftServerImpl (RaftServerImpl.java:setRole(184)) - e6a83585-83d0-4616-a3d5-866875ad8a29@group-73E40DF2990B: changes role from  FOLLOWER to FOLLOWER at term 441 for recognizeCandidate:f2627371-a904-4314-a836-5eb8f54559ec
2019-10-21 19:13:37,584 [grpc-default-executor-5] INFO  impl.RoleInfo (RoleInfo.java:shutdownFollowerState(121)) - e6a83585-83d0-4616-a3d5-866875ad8a29: shutdown FollowerState
2019-10-21 19:13:37,584 [grpc-default-executor-5] INFO  impl.RoleInfo (RoleInfo.java:updateAndGet(143)) - e6a83585-83d0-4616-a3d5-866875ad8a29: start FollowerState
2019-10-21 19:13:37,584 [grpc-default-executor-0] INFO  impl.RaftServerImpl (RaftServerImpl.java:setRole(184)) - 1b813ef4-47a4-4bfc-8eb5-c34ae440adb1@group-73E40DF2990B: changes role from  FOLLOWER to FOLLOWER at term 441 for recognizeCandidate:f2627371-a904-4314-a836-5eb8f54559ec
2019-10-21 19:13:37,584 [grpc-default-executor-0] INFO  impl.RoleInfo (RoleInfo.java:shutdownFollowerState(121)) - 1b813ef4-47a4-4bfc-8eb5-c34ae440adb1: shutdown FollowerState
2019-10-21 19:13:37,584 [Thread-2892] INFO  impl.FollowerState (FollowerState.java:run(117)) - e6a83585-83d0-4616-a3d5-866875ad8a29@group-73E40DF2990B-FollowerState was interrupted: java.lang.InterruptedException: sleep interrupted
2019-10-21 19:13:37,585 [Thread-2893] INFO  impl.FollowerState (FollowerState.java:run(117)) - 1b813ef4-47a4-4bfc-8eb5-c34ae440adb1@group-73E40DF2990B-FollowerState was interrupted: java.lang.InterruptedException: sleep interrupted
2019-10-21 19:13:37,585 [grpc-default-executor-0] INFO  impl.RoleInfo (RoleInfo.java:updateAndGet(143)) - 1b813ef4-47a4-4bfc-8eb5-c34ae440adb1: start FollowerState
2019-10-21 19:13:37,600 [f2627371-a904-4314-a836-5eb8f54559ec@group-73E40DF2990B-LeaderElection391] INFO  impl.LeaderElection (LeaderElection.java:logAndReturn(56)) - f2627371-a904-4314-a836-5eb8f54559ec@group-73E40DF2990B-LeaderElection391: Election REJECTED; received 2 response(s) [f2627371-a904-4314-a836-5eb8f54559ec<-e6a83585-83d0-4616-a3d5-866875ad8a29#0:FAIL-t441, f2627371-a904-4314-a836-5eb8f54559ec<-1b813ef4-47a4-4bfc-8eb5-c34ae440adb1#0:FAIL-t441] and 0 exception(s); f2627371-a904-4314-a836-5eb8f54559ec@group-73E40DF2990B:t441, leader=null, voted=f2627371-a904-4314-a836-5eb8f54559ec, raftlog=f2627371-a904-4314-a836-5eb8f54559ec@group-73E40DF2990B-SegmentedRaftLog:OPENED:c-1,f-1,i0, conf=-1: [e6a83585-83d0-4616-a3d5-866875ad8a29:192.168.34.32:46159, f2627371-a904-4314-a836-5eb8f54559ec:192.168.34.32:33224, 1b813ef4-47a4-4bfc-8eb5-c34ae440adb1:192.168.34.32:36113], old=null
2019-10-21 19:13:37,601 [f2627371-a904-4314-a836-5eb8f54559ec@group-73E40DF2990B-LeaderElection391] INFO  impl.RaftServerImpl (RaftServerImpl.java:setRole(184)) - f2627371-a904-4314-a836-5eb8f54559ec@group-73E40DF2990B: changes role from CANDIDATE to FOLLOWER at term 441 for DISCOVERED_A_NEW_TERM
2019-10-21 19:13:37,601 [f2627371-a904-4314-a836-5eb8f54559ec@group-73E40DF2990B-LeaderElection391] INFO  impl.RoleInfo (RoleInfo.java:shutdownLeaderElection(134)) - f2627371-a904-4314-a836-5eb8f54559ec: shutdown LeaderElection
2019-10-21 19:13:37,601 [f2627371-a904-4314-a836-5eb8f54559ec@group-73E40DF2990B-LeaderElection391] INFO  impl.RoleInfo (RoleInfo.java:updateAndGet(143)) - f2627371-a904-4314-a836-5eb8f54559ec: start FollowerState
2019-10-21 19:13:37,696 [Thread-2900] INFO  impl.FollowerState (FollowerState.java:run(108)) - f2627371-a904-4314-a836-5eb8f54559ec@group-73E40DF2990B-FollowerState: change to CANDIDATE, lastRpcTime:95ms, electionTimeout:95ms
2019-10-21 19:13:37,697 [Thread-2900] INFO  impl.RoleInfo (RoleInfo.java:shutdownFollowerState(121)) - f2627371-a904-4314-a836-5eb8f54559ec: shutdown FollowerState
2019-10-21 19:13:37,697 [Thread-2900] INFO  impl.RaftServerImpl (RaftServerImpl.java:setRole(184)) - f2627371-a904-4314-a836-5eb8f54559ec@group-73E40DF2990B: changes role from  FOLLOWER to CANDIDATE at term 441 for changeToCandidate
2019-10-21 19:13:37,697 [Thread-2900] INFO  impl.RoleInfo (RoleInfo.java:updateAndGet(143)) - f2627371-a904-4314-a836-5eb8f54559ec: start LeaderElection
2019-10-21 19:13:37,711 [f2627371-a904-4314-a836-5eb8f54559ec@group-73E40DF2990B-LeaderElection392] INFO  impl.LeaderElection (LeaderElection.java:askForVotes(178)) - f2627371-a904-4314-a836-5eb8f54559ec@group-73E40DF2990B-LeaderElection392: begin an election at term 442 for -1: [e6a83585-83d0-4616-a3d5-866875ad8a29:192.168.34.32:46159, f2627371-a904-4314-a836-5eb8f54559ec:192.168.34.32:33224, 1b813ef4-47a4-4bfc-8eb5-c34ae440adb1:192.168.34.32:36113], old=null
2019-10-21 19:13:37,713 [grpc-default-executor-0] INFO  impl.RaftServerImpl (RaftServerImpl.java:setRole(184)) - e6a83585-83d0-4616-a3d5-866875ad8a29@group-73E40DF2990B: changes role from  FOLLOWER to FOLLOWER at term 442 for recognizeCandidate:f2627371-a904-4314-a836-5eb8f54559ec
2019-10-21 19:13:37,713 [grpc-default-executor-0] INFO  impl.RoleInfo (RoleInfo.java:shutdownFollowerState(121)) - e6a83585-83d0-4616-a3d5-866875ad8a29: shutdown FollowerState
2019-10-21 19:13:37,713 [grpc-default-executor-0] INFO  impl.RoleInfo (RoleInfo.java:updateAndGet(143)) - e6a83585-83d0-4616-a3d5-866875ad8a29: start FollowerState
2019-10-21 19:13:37,713 [Thread-2898] INFO  impl.FollowerState (FollowerState.java:run(117)) - e6a83585-83d0-4616-a3d5-866875ad8a29@group-73E40DF2990B-FollowerState was interrupted: java.lang.InterruptedException: sleep interrupted
2019-10-21 19:13:37,714 [grpc-default-executor-5] INFO  impl.RaftServerImpl (RaftServerImpl.java:setRole(184)) - 1b813ef4-47a4-4bfc-8eb5-c34ae440adb1@group-73E40DF2990B: changes role from  FOLLOWER to FOLLOWER at term 442 for recognizeCandidate:f2627371-a904-4314-a836-5eb8f54559ec
2019-10-21 19:13:37,714 [grpc-default-executor-5] INFO  impl.RoleInfo (RoleInfo.java:shutdownFollowerState(121)) - 1b813ef4-47a4-4bfc-8eb5-c34ae440adb1: shutdown FollowerState
2019-10-21 19:13:37,714 [grpc-default-executor-5] INFO  impl.RoleInfo (RoleInfo.java:updateAndGet(143)) - 1b813ef4-47a4-4bfc-8eb5-c34ae440adb1: start FollowerState
2019-10-21 19:13:37,714 [Thread-2899] INFO  impl.FollowerState (FollowerState.java:run(117)) - 1b813ef4-47a4-4bfc-8eb5-c34ae440adb1@group-73E40DF2990B-FollowerState was interrupted: java.lang.InterruptedException: sleep interrupted
2019-10-21 19:13:37,715 [f2627371-a904-4314-a836-5eb8f54559ec@group-73E40DF2990B-LeaderElection392] INFO  impl.LeaderElection (LeaderElection.java:logAndReturn(56)) - f2627371-a904-4314-a836-5eb8f54559ec@group-73E40DF2990B-LeaderElection392: Election TIMEOUT; received 0 response(s) [] and 0 exception(s); f2627371-a904-4314-a836-5eb8f54559ec@group-73E40DF2990B:t442, leader=null, voted=f2627371-a904-4314-a836-5eb8f54559ec, raftlog=f2627371-a904-4314-a836-5eb8f54559ec@group-73E40DF2990B-SegmentedRaftLog:OPENED:c-1,f-1,i0, conf=-1: [e6a83585-83d0-4616-a3d5-866875ad8a29:192.168.34.32:46159, f2627371-a904-4314-a836-5eb8f54559ec:192.168.34.32:33224, 1b813ef4-47a4-4bfc-8eb5-c34ae440adb1:192.168.34.32:36113], old=null
2019-10-21 19:13:37,727 [f2627371-a904-4314-a836-5eb8f54559ec@group-73E40DF2990B-LeaderElection392] INFO  impl.LeaderElection (LeaderElection.java:askForVotes(178)) - f2627371-a904-4314-a836-5eb8f54559ec@group-73E40DF2990B-LeaderElection392: begin an election at term 443 for -1: [e6a83585-83d0-4616-a3d5-866875ad8a29:192.168.34.32:46159, f2627371-a904-4314-a836-5eb8f54559ec:192.168.34.32:33224, 1b813ef4-47a4-4bfc-8eb5-c34ae440adb1:192.168.34.32:36113], old=null
2019-10-21 19:13:37,729 [grpc-default-executor-5] INFO  impl.RaftServerImpl (RaftServerImpl.java:setRole(184)) - e6a83585-83d0-4616-a3d5-866875ad8a29@group-73E40DF2990B: changes role from  FOLLOWER to FOLLOWER at term 443 for recognizeCandidate:f2627371-a904-4314-a836-5eb8f54559ec
2019-10-21 19:13:37,729 [grpc-default-executor-5] INFO  impl.RoleInfo (RoleInfo.java:shutdownFollowerState(121)) - e6a83585-83d0-4616-a3d5-866875ad8a29: shutdown FollowerState
2019-10-21 19:13:37,729 [grpc-default-executor-5] INFO  impl.RoleInfo (RoleInfo.java:updateAndGet(143)) - e6a83585-83d0-4616-a3d5-866875ad8a29: start FollowerState
2019-10-21 19:13:37,729 [Thread-2904] INFO  impl.FollowerState (FollowerState.java:run(117)) - e6a83585-83d0-4616-a3d5-866875ad8a29@group-73E40DF2990B-FollowerState was interrupted: java.lang.InterruptedException: sleep interrupted
2019-10-21 19:13:37,730 [grpc-default-executor-0] INFO  impl.RaftServerImpl (RaftServerImpl.java:setRole(184)) - 1b813ef4-47a4-4bfc-8eb5-c34ae440adb1@group-73E40DF2990B: changes role from  FOLLOWER to FOLLOWER at term 443 for recognizeCandidate:f2627371-a904-4314-a836-5eb8f54559ec
2019-10-21 19:13:37,730 [grpc-default-executor-0] INFO  impl.RoleInfo (RoleInfo.java:shutdownFollowerState(121)) - 1b813ef4-47a4-4bfc-8eb5-c34ae440adb1: shutdown FollowerState
2019-10-21 19:13:37,730 [grpc-default-executor-0] INFO  impl.RoleInfo (RoleInfo.java:updateAndGet(143)) - 1b813ef4-47a4-4bfc-8eb5-c34ae440adb1: start FollowerState
2019-10-21 19:13:37,730 [Thread-2905] INFO  impl.FollowerState (FollowerState.java:run(117)) - 1b813ef4-47a4-4bfc-8eb5-c34ae440adb1@group-73E40DF2990B-FollowerState was interrupted: java.lang.InterruptedException: sleep interrupted
2019-10-21 19:13:37,744 [f2627371-a904-4314-a836-5eb8f54559ec@group-73E40DF2990B-LeaderElection392] INFO  impl.LeaderElection (LeaderElection.java:logAndReturn(56)) - f2627371-a904-4314-a836-5eb8f54559ec@group-73E40DF2990B-LeaderElection392: Election REJECTED; received 2 response(s) [f2627371-a904-4314-a836-5eb8f54559ec<-e6a83585-83d0-4616-a3d5-866875ad8a29#0:FAIL-t443, f2627371-a904-4314-a836-5eb8f54559ec<-1b813ef4-47a4-4bfc-8eb5-c34ae440adb1#0:FAIL-t443] and 0 exception(s); f2627371-a904-4314-a836-5eb8f54559ec@group-73E40DF2990B:t443, leader=null, voted=f2627371-a904-4314-a836-5eb8f54559ec, raftlog=f2627371-a904-4314-a836-5eb8f54559ec@group-73E40DF2990B-SegmentedRaftLog:OPENED:c-1,f-1,i0, conf=-1: [e6a83585-83d0-4616-a3d5-866875ad8a29:192.168.34.32:46159, f2627371-a904-4314-a836-5eb8f54559ec:192.168.34.32:33224, 1b813ef4-47a4-4bfc-8eb5-c34ae440adb1:192.168.34.32:36113], old=null
2019-10-21 19:13:37,744 [f2627371-a904-4314-a836-5eb8f54559ec@group-73E40DF2990B-LeaderElection392] INFO  impl.RaftServerImpl (RaftServerImpl.java:setRole(184)) - f2627371-a904-4314-a836-5eb8f54559ec@group-73E40DF2990B: changes role from CANDIDATE to FOLLOWER at term 443 for DISCOVERED_A_NEW_TERM
2019-10-21 19:13:37,744 [f2627371-a904-4314-a836-5eb8f54559ec@group-73E40DF2990B-LeaderElection392] INFO  impl.RoleInfo (RoleInfo.java:shutdownLeaderElection(134)) - f2627371-a904-4314-a836-5eb8f54559ec: shutdown LeaderElection
2019-10-21 19:13:37,744 [f2627371-a904-4314-a836-5eb8f54559ec@group-73E40DF2990B-LeaderElection392] INFO  impl.RoleInfo (RoleInfo.java:updateAndGet(143)) - f2627371-a904-4314-a836-5eb8f54559ec: start FollowerState
2019-10-21 19:13:37,752 [Thread-2910] INFO  impl.FollowerState (FollowerState.java:run(108)) - f2627371-a904-4314-a836-5eb8f54559ec@group-73E40DF2990B-FollowerState: change to CANDIDATE, lastRpcTime:8ms, electionTimeout:8ms
2019-10-21 19:13:37,753 [Thread-2910] INFO  impl.RoleInfo (RoleInfo.java:shutdownFollowerState(121)) - f2627371-a904-4314-a836-5eb8f54559ec: shutdown FollowerState
2019-10-21 19:13:37,753 [Thread-2910] INFO  impl.RaftServerImpl (RaftServerImpl.java:setRole(184)) - f2627371-a904-4314-a836-5eb8f54559ec@group-73E40DF2990B: changes role from  FOLLOWER to CANDIDATE at term 443 for changeToCandidate
2019-10-21 19:13:37,753 [Thread-2910] INFO  impl.RoleInfo (RoleInfo.java:updateAndGet(143)) - f2627371-a904-4314-a836-5eb8f54559ec: start LeaderElection
2019-10-21 19:13:37,766 [f2627371-a904-4314-a836-5eb8f54559ec@group-73E40DF2990B-LeaderElection393] INFO  impl.LeaderElection (LeaderElection.java:askForVotes(178)) - f2627371-a904-4314-a836-5eb8f54559ec@group-73E40DF2990B-LeaderElection393: begin an election at term 444 for -1: [e6a83585-83d0-4616-a3d5-866875ad8a29:192.168.34.32:46159, f2627371-a904-4314-a836-5eb8f54559ec:192.168.34.32:33224, 1b813ef4-47a4-4bfc-8eb5-c34ae440adb1:192.168.34.32:36113], old=null
2019-10-21 19:13:37,767 [grpc-default-executor-5] INFO  impl.RaftServerImpl (RaftServerImpl.java:setRole(184)) - 1b813ef4-47a4-4bfc-8eb5-c34ae440adb1@group-73E40DF2990B: changes role from  FOLLOWER to FOLLOWER at term 444 for recognizeCandidate:f2627371-a904-4314-a836-5eb8f54559ec
2019-10-21 19:13:37,767 [grpc-default-executor-5] INFO  impl.RoleInfo (RoleInfo.java:shutdownFollowerState(121)) - 1b813ef4-47a4-4bfc-8eb5-c34ae440adb1: shutdown FollowerState
2019-10-21 19:13:37,768 [grpc-default-executor-5] INFO  impl.RoleInfo (RoleInfo.java:updateAndGet(143)) - 1b813ef4-47a4-4bfc-8eb5-c34ae440adb1: start FollowerState
2019-10-21 19:13:37,768 [Thread-2909] INFO  impl.FollowerState (FollowerState.java:run(117)) - 1b813ef4-47a4-4bfc-8eb5-c34ae440adb1@group-73E40DF2990B-FollowerState was interrupted: java.lang.InterruptedException: sleep interrupted
2019-10-21 19:13:37,768 [grpc-default-executor-0] INFO  impl.RaftServerImpl (RaftServerImpl.java:setRole(184)) - e6a83585-83d0-4616-a3d5-866875ad8a29@group-73E40DF2990B: changes role from  FOLLOWER to FOLLOWER at term 444 for recognizeCandidate:f2627371-a904-4314-a836-5eb8f54559ec
2019-10-21 19:13:37,768 [grpc-default-executor-0] INFO  impl.RoleInfo (RoleInfo.java:shutdownFollowerState(121)) - e6a83585-83d0-4616-a3d5-866875ad8a29: shutdown FollowerState
2019-10-21 19:13:37,768 [grpc-default-executor-0] INFO  impl.RoleInfo (RoleInfo.java:updateAndGet(143)) - e6a83585-83d0-4616-a3d5-866875ad8a29: start FollowerState
2019-10-21 19:13:37,768 [Thread-2908] INFO  impl.FollowerState (FollowerState.java:run(117)) - e6a83585-83d0-4616-a3d5-866875ad8a29@group-73E40DF2990B-FollowerState was interrupted: java.lang.InterruptedException: sleep interrupted
2019-10-21 19:13:37,783 [f2627371-a904-4314-a836-5eb8f54559ec@group-73E40DF2990B-LeaderElection393] INFO  impl.LeaderElection (LeaderElection.java:logAndReturn(56)) - f2627371-a904-4314-a836-5eb8f54559ec@group-73E40DF2990B-LeaderElection393: Election REJECTED; received 2 response(s) [f2627371-a904-4314-a836-5eb8f54559ec<-e6a83585-83d0-4616-a3d5-866875ad8a29#0:FAIL-t444, f2627371-a904-4314-a836-5eb8f54559ec<-1b813ef4-47a4-4bfc-8eb5-c34ae440adb1#0:FAIL-t444] and 0 exception(s); f2627371-a904-4314-a836-5eb8f54559ec@group-73E40DF2990B:t444, leader=null, voted=f2627371-a904-4314-a836-5eb8f54559ec, raftlog=f2627371-a904-4314-a836-5eb8f54559ec@group-73E40DF2990B-SegmentedRaftLog:OPENED:c-1,f-1,i0, conf=-1: [e6a83585-83d0-4616-a3d5-866875ad8a29:192.168.34.32:46159, f2627371-a904-4314-a836-5eb8f54559ec:192.168.34.32:33224, 1b813ef4-47a4-4bfc-8eb5-c34ae440adb1:192.168.34.32:36113], old=null
2019-10-21 19:13:37,783 [f2627371-a904-4314-a836-5eb8f54559ec@group-73E40DF2990B-LeaderElection393] INFO  impl.RaftServerImpl (RaftServerImpl.java:setRole(184)) - f2627371-a904-4314-a836-5eb8f54559ec@group-73E40DF2990B: changes role from CANDIDATE to FOLLOWER at term 444 for DISCOVERED_A_NEW_TERM
2019-10-21 19:13:37,783 [f2627371-a904-4314-a836-5eb8f54559ec@group-73E40DF2990B-LeaderElection393] INFO  impl.RoleInfo (RoleInfo.java:shutdownLeaderElection(134)) - f2627371-a904-4314-a836-5eb8f54559ec: shutdown LeaderElection
2019-10-21 19:13:37,783 [f2627371-a904-4314-a836-5eb8f54559ec@group-73E40DF2990B-LeaderElection393] INFO  impl.RoleInfo (RoleInfo.java:updateAndGet(143)) - f2627371-a904-4314-a836-5eb8f54559ec: start FollowerState
2019-10-21 19:13:37,846 [Thread-2917] INFO  impl.FollowerState (FollowerState.java:run(108)) - f2627371-a904-4314-a836-5eb8f54559ec@group-73E40DF2990B-FollowerState: change to CANDIDATE, lastRpcTime:63ms, electionTimeout:63ms
2019-10-21 19:13:37,846 [Thread-2917] INFO  impl.RoleInfo (RoleInfo.java:shutdownFollowerState(121)) - f2627371-a904-4314-a836-5eb8f54559ec: shutdown FollowerState
2019-10-21 19:13:37,847 [Thread-2917] INFO  impl.RaftServerImpl (RaftServerImpl.java:setRole(184)) - f2627371-a904-4314-a836-5eb8f54559ec@group-73E40DF2990B: changes role from  FOLLOWER to CANDIDATE at term 444 for changeToCandidate
2019-10-21 19:13:37,847 [Thread-2917] INFO  impl.RoleInfo (RoleInfo.java:updateAndGet(143)) - f2627371-a904-4314-a836-5eb8f54559ec: start LeaderElection
2019-10-21 19:13:37,884 [f2627371-a904-4314-a836-5eb8f54559ec@group-73E40DF2990B-LeaderElection394] INFO  impl.LeaderElection (LeaderElection.java:askForVotes(178)) - f2627371-a904-4314-a836-5eb8f54559ec@group-73E40DF2990B-LeaderElection394: begin an election at term 445 for -1: [e6a83585-83d0-4616-a3d5-866875ad8a29:192.168.34.32:46159, f2627371-a904-4314-a836-5eb8f54559ec:192.168.34.32:33224, 1b813ef4-47a4-4bfc-8eb5-c34ae440adb1:192.168.34.32:36113], old=null
2019-10-21 19:13:37,886 [grpc-default-executor-5] INFO  impl.RaftServerImpl (RaftServerImpl.java:setRole(184)) - e6a83585-83d0-4616-a3d5-866875ad8a29@group-73E40DF2990B: changes role from  FOLLOWER to FOLLOWER at term 445 for recognizeCandidate:f2627371-a904-4314-a836-5eb8f54559ec
2019-10-21 19:13:37,886 [grpc-default-executor-5] INFO  impl.RoleInfo (RoleInfo.java:shutdownFollowerState(121)) - e6a83585-83d0-4616-a3d5-866875ad8a29: shutdown FollowerState
2019-10-21 19:13:37,886 [grpc-default-executor-0] INFO  impl.RaftServerImpl (RaftServerImpl.java:setRole(184)) - 1b813ef4-47a4-4bfc-8eb5-c34ae440adb1@group-73E40DF2990B: changes role from  FOLLOWER to FOLLOWER at term 445 for recognizeCandidate:f2627371-a904-4314-a836-5eb8f54559ec
2019-10-21 19:13:37,886 [grpc-default-executor-0] INFO  impl.RoleInfo (RoleInfo.java:shutdownFollowerState(121)) - 1b813ef4-47a4-4bfc-8eb5-c34ae440adb1: shutdown FollowerState
2019-10-21 19:13:37,886 [Thread-2915] INFO  impl.FollowerState (FollowerState.java:run(117)) - e6a83585-83d0-4616-a3d5-866875ad8a29@group-73E40DF2990B-FollowerState was interrupted: java.lang.InterruptedException: sleep interrupted
2019-10-21 19:13:37,886 [grpc-default-executor-5] INFO  impl.RoleInfo (RoleInfo.java:updateAndGet(143)) - e6a83585-83d0-4616-a3d5-866875ad8a29: start FollowerState
2019-10-21 19:13:37,887 [Thread-2914] INFO  impl.FollowerState (FollowerState.java:run(117)) - 1b813ef4-47a4-4bfc-8eb5-c34ae440adb1@group-73E40DF2990B-FollowerState was interrupted: java.lang.InterruptedException: sleep interrupted
2019-10-21 19:13:37,887 [grpc-default-executor-0] INFO  impl.RoleInfo (RoleInfo.java:updateAndGet(143)) - 1b813ef4-47a4-4bfc-8eb5-c34ae440adb1: start FollowerState
2019-10-21 19:13:37,894 [f2627371-a904-4314-a836-5eb8f54559ec@group-73E40DF2990B-LeaderElection394] INFO  impl.LeaderElection (LeaderElection.java:logAndReturn(56)) - f2627371-a904-4314-a836-5eb8f54559ec@group-73E40DF2990B-LeaderElection394: Election TIMEOUT; received 0 response(s) [] and 0 exception(s); f2627371-a904-4314-a836-5eb8f54559ec@group-73E40DF2990B:t445, leader=null, voted=f2627371-a904-4314-a836-5eb8f54559ec, raftlog=f2627371-a904-4314-a836-5eb8f54559ec@group-73E40DF2990B-SegmentedRaftLog:OPENED:c-1,f-1,i0, conf=-1: [e6a83585-83d0-4616-a3d5-866875ad8a29:192.168.34.32:46159, f2627371-a904-4314-a836-5eb8f54559ec:192.168.34.32:33224, 1b813ef4-47a4-4bfc-8eb5-c34ae440adb1:192.168.34.32:36113], old=null
2019-10-21 19:13:37,900 [f2627371-a904-4314-a836-5eb8f54559ec@group-73E40DF2990B-LeaderElection394] INFO  impl.LeaderElection (LeaderElection.java:askForVotes(178)) - f2627371-a904-4314-a836-5eb8f54559ec@group-73E40DF2990B-LeaderElection394: begin an election at term 446 for -1: [e6a83585-83d0-4616-a3d5-866875ad8a29:192.168.34.32:46159, f2627371-a904-4314-a836-5eb8f54559ec:192.168.34.32:33224, 1b813ef4-47a4-4bfc-8eb5-c34ae440adb1:192.168.34.32:36113], old=null
2019-10-21 19:13:37,902 [grpc-default-executor-0] INFO  impl.RaftServerImpl (RaftServerImpl.java:setRole(184)) - e6a83585-83d0-4616-a3d5-866875ad8a29@group-73E40DF2990B: changes role from  FOLLOWER to FOLLOWER at term 446 for recognizeCandidate:f2627371-a904-4314-a836-5eb8f54559ec
2019-10-21 19:13:37,902 [grpc-default-executor-5] INFO  impl.RaftServerImpl (RaftServerImpl.java:setRole(184)) - 1b813ef4-47a4-4bfc-8eb5-c34ae440adb1@group-73E40DF2990B: changes role from  FOLLOWER to FOLLOWER at term 446 for recognizeCandidate:f2627371-a904-4314-a836-5eb8f54559ec
2019-10-21 19:13:37,902 [grpc-default-executor-0] INFO  impl.RoleInfo (RoleInfo.java:shutdownFollowerState(121)) - e6a83585-83d0-4616-a3d5-866875ad8a29: shutdown FollowerState
2019-10-21 19:13:37,902 [grpc-default-executor-5] INFO  impl.RoleInfo (RoleInfo.java:shutdownFollowerState(121)) - 1b813ef4-47a4-4bfc-8eb5-c34ae440adb1: shutdown FollowerState
2019-10-21 19:13:37,903 [Thread-2922] INFO  impl.FollowerState (FollowerState.java:run(117)) - e6a83585-83d0-4616-a3d5-866875ad8a29@group-73E40DF2990B-FollowerState was interrupted: java.lang.InterruptedException: sleep interrupted
2019-10-21 19:13:37,903 [Thread-2923] INFO  impl.FollowerState (FollowerState.java:run(117)) - 1b813ef4-47a4-4bfc-8eb5-c34ae440adb1@group-73E40DF2990B-FollowerState was interrupted: java.lang.InterruptedException: sleep interrupted
2019-10-21 19:13:37,903 [grpc-default-executor-0] INFO  impl.RoleInfo (RoleInfo.java:updateAndGet(143)) - e6a83585-83d0-4616-a3d5-866875ad8a29: start FollowerState
2019-10-21 19:13:37,903 [grpc-default-executor-5] INFO  impl.RoleInfo (RoleInfo.java:updateAndGet(143)) - 1b813ef4-47a4-4bfc-8eb5-c34ae440adb1: start FollowerState
2019-10-21 19:13:37,917 [f2627371-a904-4314-a836-5eb8f54559ec@group-73E40DF2990B-LeaderElection394] INFO  impl.LeaderElection (LeaderElection.java:logAndReturn(56)) - f2627371-a904-4314-a836-5eb8f54559ec@group-73E40DF2990B-LeaderElection394: Election REJECTED; received 2 response(s) [f2627371-a904-4314-a836-5eb8f54559ec<-e6a83585-83d0-4616-a3d5-866875ad8a29#0:FAIL-t446, f2627371-a904-4314-a836-5eb8f54559ec<-1b813ef4-47a4-4bfc-8eb5-c34ae440adb1#0:FAIL-t446] and 0 exception(s); f2627371-a904-4314-a836-5eb8f54559ec@group-73E40DF2990B:t446, leader=null, voted=f2627371-a904-4314-a836-5eb8f54559ec, raftlog=f2627371-a904-4314-a836-5eb8f54559ec@group-73E40DF2990B-SegmentedRaftLog:OPENED:c-1,f-1,i0, conf=-1: [e6a83585-83d0-4616-a3d5-866875ad8a29:192.168.34.32:46159, f2627371-a904-4314-a836-5eb8f54559ec:192.168.34.32:33224, 1b813ef4-47a4-4bfc-8eb5-c34ae440adb1:192.168.34.32:36113], old=null
2019-10-21 19:13:37,917 [f2627371-a904-4314-a836-5eb8f54559ec@group-73E40DF2990B-LeaderElection394] INFO  impl.RaftServerImpl (RaftServerImpl.java:setRole(184)) - f2627371-a904-4314-a836-5eb8f54559ec@group-73E40DF2990B: changes role from CANDIDATE to FOLLOWER at term 446 for DISCOVERED_A_NEW_TERM
2019-10-21 19:13:37,917 [f2627371-a904-4314-a836-5eb8f54559ec@group-73E40DF2990B-LeaderElection394] INFO  impl.RoleInfo (RoleInfo.java:shutdownLeaderElection(134)) - f2627371-a904-4314-a836-5eb8f54559ec: shutdown LeaderElection
2019-10-21 19:13:37,918 [f2627371-a904-4314-a836-5eb8f54559ec@group-73E40DF2990B-LeaderElection394] INFO  impl.RoleInfo (RoleInfo.java:updateAndGet(143)) - f2627371-a904-4314-a836-5eb8f54559ec: start FollowerState
2019-10-21 19:13:37,969 [Thread-2928] INFO  impl.FollowerState (FollowerState.java:run(108)) - f2627371-a904-4314-a836-5eb8f54559ec@group-73E40DF2990B-FollowerState: change to CANDIDATE, lastRpcTime:51ms, electionTimeout:51ms
2019-10-21 19:13:37,969 [Thread-2928] INFO  impl.RoleInfo (RoleInfo.java:shutdownFollowerState(121)) - f2627371-a904-4314-a836-5eb8f54559ec: shutdown FollowerState
2019-10-21 19:13:37,969 [Thread-2928] INFO  impl.RaftServerImpl (RaftServerImpl.java:setRole(184)) - f2627371-a904-4314-a836-5eb8f54559ec@group-73E40DF2990B: changes role from  FOLLOWER to CANDIDATE at term 446 for changeToCandidate
2019-10-21 19:13:37,969 [Thread-2928] INFO  impl.RoleInfo (RoleInfo.java:updateAndGet(143)) - f2627371-a904-4314-a836-5eb8f54559ec: start LeaderElection
2019-10-21 19:13:37,983 [f2627371-a904-4314-a836-5eb8f54559ec@group-73E40DF2990B-LeaderElection395] INFO  impl.LeaderElection (LeaderElection.java:askForVotes(178)) - f2627371-a904-4314-a836-5eb8f54559ec@group-73E40DF2990B-LeaderElection395: begin an election at term 447 for -1: [e6a83585-83d0-4616-a3d5-866875ad8a29:192.168.34.32:46159, f2627371-a904-4314-a836-5eb8f54559ec:192.168.34.32:33224, 1b813ef4-47a4-4bfc-8eb5-c34ae440adb1:192.168.34.32:36113], old=null
2019-10-21 19:13:37,985 [grpc-default-executor-0] INFO  impl.RaftServerImpl (RaftServerImpl.java:setRole(184)) - e6a83585-83d0-4616-a3d5-866875ad8a29@group-73E40DF2990B: changes role from  FOLLOWER to FOLLOWER at term 447 for recognizeCandidate:f2627371-a904-4314-a836-5eb8f54559ec
2019-10-21 19:13:37,985 [grpc-default-executor-0] INFO  impl.RoleInfo (RoleInfo.java:shutdownFollowerState(121)) - e6a83585-83d0-4616-a3d5-866875ad8a29: shutdown FollowerState
2019-10-21 19:13:37,985 [grpc-default-executor-5] INFO  impl.RaftServerImpl (RaftServerImpl.java:setRole(184)) - 1b813ef4-47a4-4bfc-8eb5-c34ae440adb1@group-73E40DF2990B: changes role from  FOLLOWER to FOLLOWER at term 447 for recognizeCandidate:f2627371-a904-4314-a836-5eb8f54559ec
2019-10-21 19:13:37,985 [Thread-2926] INFO  impl.FollowerState (FollowerState.java:run(117)) - e6a83585-83d0-4616-a3d5-866875ad8a29@group-73E40DF2990B-FollowerState was interrupted: java.lang.InterruptedException: sleep interrupted
2019-10-21 19:13:37,985 [grpc-default-executor-0] INFO  impl.RoleInfo (RoleInfo.java:updateAndGet(143)) - e6a83585-83d0-4616-a3d5-866875ad8a29: start FollowerState
2019-10-21 19:13:37,985 [grpc-default-executor-5] INFO  impl.RoleInfo (RoleInfo.java:shutdownFollowerState(121)) - 1b813ef4-47a4-4bfc-8eb5-c34ae440adb1: shutdown FollowerState
2019-10-21 19:13:37,986 [grpc-default-executor-5] INFO  impl.RoleInfo (RoleInfo.java:updateAndGet(143)) - 1b813ef4-47a4-4bfc-8eb5-c34ae440adb1: start FollowerState
2019-10-21 19:13:37,986 [Thread-2927] INFO  impl.FollowerState (FollowerState.java:run(117)) - 1b813ef4-47a4-4bfc-8eb5-c34ae440adb1@group-73E40DF2990B-FollowerState was interrupted: java.lang.InterruptedException: sleep interrupted
2019-10-21 19:13:37,999 [f2627371-a904-4314-a836-5eb8f54559ec@group-73E40DF2990B-LeaderElection395] INFO  impl.LeaderElection (LeaderElection.java:logAndReturn(56)) - f2627371-a904-4314-a836-5eb8f54559ec@group-73E40DF2990B-LeaderElection395: Election REJECTED; received 2 response(s) [f2627371-a904-4314-a836-5eb8f54559ec<-e6a83585-83d0-4616-a3d5-866875ad8a29#0:FAIL-t447, f2627371-a904-4314-a836-5eb8f54559ec<-1b813ef4-47a4-4bfc-8eb5-c34ae440adb1#0:FAIL-t447] and 0 exception(s); f2627371-a904-4314-a836-5eb8f54559ec@group-73E40DF2990B:t447, leader=null, voted=f2627371-a904-4314-a836-5eb8f54559ec, raftlog=f2627371-a904-4314-a836-5eb8f54559ec@group-73E40DF2990B-SegmentedRaftLog:OPENED:c-1,f-1,i0, conf=-1: [e6a83585-83d0-4616-a3d5-866875ad8a29:192.168.34.32:46159, f2627371-a904-4314-a836-5eb8f54559ec:192.168.34.32:33224, 1b813ef4-47a4-4bfc-8eb5-c34ae440adb1:192.168.34.32:36113], old=null
2019-10-21 19:13:38,000 [f2627371-a904-4314-a836-5eb8f54559ec@group-73E40DF2990B-LeaderElection395] INFO  impl.RaftServerImpl (RaftServerImpl.java:setRole(184)) - f2627371-a904-4314-a836-5eb8f54559ec@group-73E40DF2990B: changes role from CANDIDATE to FOLLOWER at term 447 for DISCOVERED_A_NEW_TERM
2019-10-21 19:13:38,000 [f2627371-a904-4314-a836-5eb8f54559ec@group-73E40DF2990B-LeaderElection395] INFO  impl.RoleInfo (RoleInfo.java:shutdownLeaderElection(134)) - f2627371-a904-4314-a836-5eb8f54559ec: shutdown LeaderElection
2019-10-21 19:13:38,000 [f2627371-a904-4314-a836-5eb8f54559ec@group-73E40DF2990B-LeaderElection395] INFO  impl.RoleInfo (RoleInfo.java:updateAndGet(143)) - f2627371-a904-4314-a836-5eb8f54559ec: start FollowerState
2019-10-21 19:13:38,154 [Thread-2934] INFO  impl.FollowerState (FollowerState.java:run(108)) - f2627371-a904-4314-a836-5eb8f54559ec@group-73E40DF2990B-FollowerState: change to CANDIDATE, lastRpcTime:153ms, electionTimeout:153ms
2019-10-21 19:13:38,154 [Thread-2934] INFO  impl.RoleInfo (RoleInfo.java:shutdownFollowerState(121)) - f2627371-a904-4314-a836-5eb8f54559ec: shutdown FollowerState
2019-10-21 19:13:38,154 [Thread-2934] INFO  impl.RaftServerImpl (RaftServerImpl.java:setRole(184)) - f2627371-a904-4314-a836-5eb8f54559ec@group-73E40DF2990B: changes role from  FOLLOWER to CANDIDATE at term 447 for changeToCandidate
2019-10-21 19:13:38,154 [Thread-2934] INFO  impl.RoleInfo (RoleInfo.java:updateAndGet(143)) - f2627371-a904-4314-a836-5eb8f54559ec: start LeaderElection
2019-10-21 19:13:38,169 [f2627371-a904-4314-a836-5eb8f54559ec@group-73E40DF2990B-LeaderElection396] INFO  impl.LeaderElection (LeaderElection.java:askForVotes(178)) - f2627371-a904-4314-a836-5eb8f54559ec@group-73E40DF2990B-LeaderElection396: begin an election at term 448 for -1: [e6a83585-83d0-4616-a3d5-866875ad8a29:192.168.34.32:46159, f2627371-a904-4314-a836-5eb8f54559ec:192.168.34.32:33224, 1b813ef4-47a4-4bfc-8eb5-c34ae440adb1:192.168.34.32:36113], old=null
2019-10-21 19:13:38,171 [grpc-default-executor-5] INFO  impl.RaftServerImpl (RaftServerImpl.java:setRole(184)) - e6a83585-83d0-4616-a3d5-866875ad8a29@group-73E40DF2990B: changes role from  FOLLOWER to FOLLOWER at term 448 for recognizeCandidate:f2627371-a904-4314-a836-5eb8f54559ec
2019-10-21 19:13:38,171 [grpc-default-executor-5] INFO  impl.RoleInfo (RoleInfo.java:shutdownFollowerState(121)) - e6a83585-83d0-4616-a3d5-866875ad8a29: shutdown FollowerState
2019-10-21 19:13:38,171 [grpc-default-executor-0] INFO  impl.RaftServerImpl (RaftServerImpl.java:setRole(184)) - 1b813ef4-47a4-4bfc-8eb5-c34ae440adb1@group-73E40DF2990B: changes role from  FOLLOWER to FOLLOWER at term 448 for recognizeCandidate:f2627371-a904-4314-a836-5eb8f54559ec
2019-10-21 19:13:38,171 [grpc-default-executor-0] INFO  impl.RoleInfo (RoleInfo.java:shutdownFollowerState(121)) - 1b813ef4-47a4-4bfc-8eb5-c34ae440adb1: shutdown FollowerState
2019-10-21 19:13:38,171 [Thread-2932] INFO  impl.FollowerState (FollowerState.java:run(117)) - e6a83585-83d0-4616-a3d5-866875ad8a29@group-73E40DF2990B-FollowerState was interrupted: java.lang.InterruptedException: sleep interrupted
2019-10-21 19:13:38,171 [grpc-default-executor-5] INFO  impl.RoleInfo (RoleInfo.java:updateAndGet(143)) - e6a83585-83d0-4616-a3d5-866875ad8a29: start FollowerState
2019-10-21 19:13:38,171 [Thread-2933] INFO  impl.FollowerState (FollowerState.java:run(117)) - 1b813ef4-47a4-4bfc-8eb5-c34ae440adb1@group-73E40DF2990B-FollowerState was interrupted: java.lang.InterruptedException: sleep interrupted
2019-10-21 19:13:38,171 [grpc-default-executor-0] INFO  impl.RoleInfo (RoleInfo.java:updateAndGet(143)) - 1b813ef4-47a4-4bfc-8eb5-c34ae440adb1: start FollowerState
2019-10-21 19:13:38,186 [f2627371-a904-4314-a836-5eb8f54559ec@group-73E40DF2990B-LeaderElection396] INFO  impl.LeaderElection (LeaderElection.java:logAndReturn(56)) - f2627371-a904-4314-a836-5eb8f54559ec@group-73E40DF2990B-LeaderElection396: Election REJECTED; received 2 response(s) [f2627371-a904-4314-a836-5eb8f54559ec<-e6a83585-83d0-4616-a3d5-866875ad8a29#0:FAIL-t448, f2627371-a904-4314-a836-5eb8f54559ec<-1b813ef4-47a4-4bfc-8eb5-c34ae440adb1#0:FAIL-t448] and 0 exception(s); f2627371-a904-4314-a836-5eb8f54559ec@group-73E40DF2990B:t448, leader=null, voted=f2627371-a904-4314-a836-5eb8f54559ec, raftlog=f2627371-a904-4314-a836-5eb8f54559ec@group-73E40DF2990B-SegmentedRaftLog:OPENED:c-1,f-1,i0, conf=-1: [e6a83585-83d0-4616-a3d5-866875ad8a29:192.168.34.32:46159, f2627371-a904-4314-a836-5eb8f54559ec:192.168.34.32:33224, 1b813ef4-47a4-4bfc-8eb5-c34ae440adb1:192.168.34.32:36113], old=null
2019-10-21 19:13:38,186 [f2627371-a904-4314-a836-5eb8f54559ec@group-73E40DF2990B-LeaderElection396] INFO  impl.RaftServerImpl (RaftServerImpl.java:setRole(184)) - f2627371-a904-4314-a836-5eb8f54559ec@group-73E40DF2990B: changes role from CANDIDATE to FOLLOWER at term 448 for DISCOVERED_A_NEW_TERM
2019-10-21 19:13:38,186 [f2627371-a904-4314-a836-5eb8f54559ec@group-73E40DF2990B-LeaderElection396] INFO  impl.RoleInfo (RoleInfo.java:shutdownLeaderElection(134)) - f2627371-a904-4314-a836-5eb8f54559ec: shutdown LeaderElection
2019-10-21 19:13:38,186 [f2627371-a904-4314-a836-5eb8f54559ec@group-73E40DF2990B-LeaderElection396] INFO  impl.RoleInfo (RoleInfo.java:updateAndGet(143)) - f2627371-a904-4314-a836-5eb8f54559ec: start FollowerState
2019-10-21 19:13:38,303 [Thread-2940] INFO  impl.FollowerState (FollowerState.java:run(108)) - f2627371-a904-4314-a836-5eb8f54559ec@group-73E40DF2990B-FollowerState: change to CANDIDATE, lastRpcTime:116ms, electionTimeout:116ms
2019-10-21 19:13:38,303 [Thread-2940] INFO  impl.RoleInfo (RoleInfo.java:shutdownFollowerState(121)) - f2627371-a904-4314-a836-5eb8f54559ec: shutdown FollowerState
2019-10-21 19:13:38,303 [Thread-2940] INFO  impl.RaftServerImpl (RaftServerImpl.java:setRole(184)) - f2627371-a904-4314-a836-5eb8f54559ec@group-73E40DF2990B: changes role from  FOLLOWER to CANDIDATE at term 448 for changeToCandidate
2019-10-21 19:13:38,303 [Thread-2940] INFO  impl.RoleInfo (RoleInfo.java:updateAndGet(143)) - f2627371-a904-4314-a836-5eb8f54559ec: start LeaderElection
2019-10-21 19:13:38,317 [f2627371-a904-4314-a836-5eb8f54559ec@group-73E40DF2990B-LeaderElection397] INFO  impl.LeaderElection (LeaderElection.java:askForVotes(178)) - f2627371-a904-4314-a836-5eb8f54559ec@group-73E40DF2990B-LeaderElection397: begin an election at term 449 for -1: [e6a83585-83d0-4616-a3d5-866875ad8a29:192.168.34.32:46159, f2627371-a904-4314-a836-5eb8f54559ec:192.168.34.32:33224, 1b813ef4-47a4-4bfc-8eb5-c34ae440adb1:192.168.34.32:36113], old=null
2019-10-21 19:13:38,318 [grpc-default-executor-5] INFO  impl.RaftServerImpl (RaftServerImpl.java:setRole(184)) - e6a83585-83d0-4616-a3d5-866875ad8a29@group-73E40DF2990B: changes role from  FOLLOWER to FOLLOWER at term 449 for recognizeCandidate:f2627371-a904-4314-a836-5eb8f54559ec
2019-10-21 19:13:38,319 [grpc-default-executor-5] INFO  impl.RoleInfo (RoleInfo.java:shutdownFollowerState(121)) - e6a83585-83d0-4616-a3d5-866875ad8a29: shutdown FollowerState
2019-10-21 19:13:38,319 [grpc-default-executor-0] INFO  impl.RaftServerImpl (RaftServerImpl.java:setRole(184)) - 1b813ef4-47a4-4bfc-8eb5-c34ae440adb1@group-73E40DF2990B: changes role from  FOLLOWER to FOLLOWER at term 449 for recognizeCandidate:f2627371-a904-4314-a836-5eb8f54559ec
2019-10-21 19:13:38,319 [grpc-default-executor-0] INFO  impl.RoleInfo (RoleInfo.java:shutdownFollowerState(121)) - 1b813ef4-47a4-4bfc-8eb5-c34ae440adb1: shutdown FollowerState
2019-10-21 19:13:38,319 [Thread-2938] INFO  impl.FollowerState (FollowerState.java:run(117)) - e6a83585-83d0-4616-a3d5-866875ad8a29@group-73E40DF2990B-FollowerState was interrupted: java.lang.InterruptedException: sleep interrupted
2019-10-21 19:13:38,319 [Thread-2939] INFO  impl.FollowerState (FollowerState.java:run(117)) - 1b813ef4-47a4-4bfc-8eb5-c34ae440adb1@group-73E40DF2990B-FollowerState was interrupted: java.lang.InterruptedException: sleep interrupted
2019-10-21 19:13:38,319 [grpc-default-executor-5] INFO  impl.RoleInfo (RoleInfo.java:updateAndGet(143)) - e6a83585-83d0-4616-a3d5-866875ad8a29: start FollowerState
2019-10-21 19:13:38,319 [grpc-default-executor-0] INFO  impl.RoleInfo (RoleInfo.java:updateAndGet(143)) - 1b813ef4-47a4-4bfc-8eb5-c34ae440adb1: start FollowerState
2019-10-21 19:13:38,334 [f2627371-a904-4314-a836-5eb8f54559ec@group-73E40DF2990B-LeaderElection397] INFO  impl.LeaderElection (LeaderElection.java:logAndReturn(56)) - f2627371-a904-4314-a836-5eb8f54559ec@group-73E40DF2990B-LeaderElection397: Election REJECTED; received 2 response(s) [f2627371-a904-4314-a836-5eb8f54559ec<-e6a83585-83d0-4616-a3d5-866875ad8a29#0:FAIL-t449, f2627371-a904-4314-a836-5eb8f54559ec<-1b813ef4-47a4-4bfc-8eb5-c34ae440adb1#0:FAIL-t449] and 0 exception(s); f2627371-a904-4314-a836-5eb8f54559ec@group-73E40DF2990B:t449, leader=null, voted=f2627371-a904-4314-a836-5eb8f54559ec, raftlog=f2627371-a904-4314-a836-5eb8f54559ec@group-73E40DF2990B-SegmentedRaftLog:OPENED:c-1,f-1,i0, conf=-1: [e6a83585-83d0-4616-a3d5-866875ad8a29:192.168.34.32:46159, f2627371-a904-4314-a836-5eb8f54559ec:192.168.34.32:33224, 1b813ef4-47a4-4bfc-8eb5-c34ae440adb1:192.168.34.32:36113], old=null
2019-10-21 19:13:38,334 [f2627371-a904-4314-a836-5eb8f54559ec@group-73E40DF2990B-LeaderElection397] INFO  impl.RaftServerImpl (RaftServerImpl.java:setRole(184)) - f2627371-a904-4314-a836-5eb8f54559ec@group-73E40DF2990B: changes role from CANDIDATE to FOLLOWER at term 449 for DISCOVERED_A_NEW_TERM
2019-10-21 19:13:38,334 [f2627371-a904-4314-a836-5eb8f54559ec@group-73E40DF2990B-LeaderElection397] INFO  impl.RoleInfo (RoleInfo.java:shutdownLeaderElection(134)) - f2627371-a904-4314-a836-5eb8f54559ec: shutdown LeaderElection
2019-10-21 19:13:38,334 [f2627371-a904-4314-a836-5eb8f54559ec@group-73E40DF2990B-LeaderElection397] INFO  impl.RoleInfo (RoleInfo.java:updateAndGet(143)) - f2627371-a904-4314-a836-5eb8f54559ec: start FollowerState
2019-10-21 19:13:38,413 [Thread-2946] INFO  impl.FollowerState (FollowerState.java:run(108)) - f2627371-a904-4314-a836-5eb8f54559ec@group-73E40DF2990B-FollowerState: change to CANDIDATE, lastRpcTime:78ms, electionTimeout:78ms
2019-10-21 19:13:38,413 [Thread-2946] INFO  impl.RoleInfo (RoleInfo.java:shutdownFollowerState(121)) - f2627371-a904-4314-a836-5eb8f54559ec: shutdown FollowerState
2019-10-21 19:13:38,413 [Thread-2946] INFO  impl.RaftServerImpl (RaftServerImpl.java:setRole(184)) - f2627371-a904-4314-a836-5eb8f54559ec@group-73E40DF2990B: changes role from  FOLLOWER to CANDIDATE at term 449 for changeToCandidate
2019-10-21 19:13:38,413 [Thread-2946] INFO  impl.RoleInfo (RoleInfo.java:updateAndGet(143)) - f2627371-a904-4314-a836-5eb8f54559ec: start LeaderElection
2019-10-21 19:13:38,427 [f2627371-a904-4314-a836-5eb8f54559ec@group-73E40DF2990B-LeaderElection398] INFO  impl.LeaderElection (LeaderElection.java:askForVotes(178)) - f2627371-a904-4314-a836-5eb8f54559ec@group-73E40DF2990B-LeaderElection398: begin an election at term 450 for -1: [e6a83585-83d0-4616-a3d5-866875ad8a29:192.168.34.32:46159, f2627371-a904-4314-a836-5eb8f54559ec:192.168.34.32:33224, 1b813ef4-47a4-4bfc-8eb5-c34ae440adb1:192.168.34.32:36113], old=null
2019-10-21 19:13:38,429 [grpc-default-executor-5] INFO  impl.RaftServerImpl (RaftServerImpl.java:setRole(184)) - 1b813ef4-47a4-4bfc-8eb5-c34ae440adb1@group-73E40DF2990B: changes role from  FOLLOWER to FOLLOWER at term 450 for recognizeCandidate:f2627371-a904-4314-a836-5eb8f54559ec
2019-10-21 19:13:38,429 [grpc-default-executor-0] INFO  impl.RaftServerImpl (RaftServerImpl.java:setRole(184)) - e6a83585-83d0-4616-a3d5-866875ad8a29@group-73E40DF2990B: changes role from  FOLLOWER to FOLLOWER at term 450 for recognizeCandidate:f2627371-a904-4314-a836-5eb8f54559ec
2019-10-21 19:13:38,429 [grpc-default-executor-0] INFO  impl.RoleInfo (RoleInfo.java:shutdownFollowerState(121)) - e6a83585-83d0-4616-a3d5-866875ad8a29: shutdown FollowerState
2019-10-21 19:13:38,429 [grpc-default-executor-5] INFO  impl.RoleInfo (RoleInfo.java:shutdownFollowerState(121)) - 1b813ef4-47a4-4bfc-8eb5-c34ae440adb1: shutdown FollowerState
2019-10-21 19:13:38,430 [Thread-2944] INFO  impl.FollowerState (FollowerState.java:run(117)) - e6a83585-83d0-4616-a3d5-866875ad8a29@group-73E40DF2990B-FollowerState was interrupted: java.lang.InterruptedException: sleep interrupted
2019-10-21 19:13:38,430 [grpc-default-executor-0] INFO  impl.RoleInfo (RoleInfo.java:updateAndGet(143)) - e6a83585-83d0-4616-a3d5-866875ad8a29: start FollowerState
2019-10-21 19:13:38,430 [Thread-2945] INFO  impl.FollowerState (FollowerState.java:run(117)) - 1b813ef4-47a4-4bfc-8eb5-c34ae440adb1@group-73E40DF2990B-FollowerState was interrupted: java.lang.InterruptedException: sleep interrupted
2019-10-21 19:13:38,430 [grpc-default-executor-5] INFO  impl.RoleInfo (RoleInfo.java:updateAndGet(143)) - 1b813ef4-47a4-4bfc-8eb5-c34ae440adb1: start FollowerState
2019-10-21 19:13:38,444 [f2627371-a904-4314-a836-5eb8f54559ec@group-73E40DF2990B-LeaderElection398] INFO  impl.LeaderElection (LeaderElection.java:logAndReturn(56)) - f2627371-a904-4314-a836-5eb8f54559ec@group-73E40DF2990B-LeaderElection398: Election REJECTED; received 2 response(s) [f2627371-a904-4314-a836-5eb8f54559ec<-e6a83585-83d0-4616-a3d5-866875ad8a29#0:FAIL-t450, f2627371-a904-4314-a836-5eb8f54559ec<-1b813ef4-47a4-4bfc-8eb5-c34ae440adb1#0:FAIL-t450] and 0 exception(s); f2627371-a904-4314-a836-5eb8f54559ec@group-73E40DF2990B:t450, leader=null, voted=f2627371-a904-4314-a836-5eb8f54559ec, raftlog=f2627371-a904-4314-a836-5eb8f54559ec@group-73E40DF2990B-SegmentedRaftLog:OPENED:c-1,f-1,i0, conf=-1: [e6a83585-83d0-4616-a3d5-866875ad8a29:192.168.34.32:46159, f2627371-a904-4314-a836-5eb8f54559ec:192.168.34.32:33224, 1b813ef4-47a4-4bfc-8eb5-c34ae440adb1:192.168.34.32:36113], old=null
2019-10-21 19:13:38,444 [f2627371-a904-4314-a836-5eb8f54559ec@group-73E40DF2990B-LeaderElection398] INFO  impl.RaftServerImpl (RaftServerImpl.java:setRole(184)) - f2627371-a904-4314-a836-5eb8f54559ec@group-73E40DF2990B: changes role from CANDIDATE to FOLLOWER at term 450 for DISCOVERED_A_NEW_TERM
2019-10-21 19:13:38,444 [f2627371-a904-4314-a836-5eb8f54559ec@group-73E40DF2990B-LeaderElection398] INFO  impl.RoleInfo (RoleInfo.java:shutdownLeaderElection(134)) - f2627371-a904-4314-a836-5eb8f54559ec: shutdown LeaderElection
2019-10-21 19:13:38,445 [f2627371-a904-4314-a836-5eb8f54559ec@group-73E40DF2990B-LeaderElection398] INFO  impl.RoleInfo (RoleInfo.java:updateAndGet(143)) - f2627371-a904-4314-a836-5eb8f54559ec: start FollowerState
2019-10-21 19:13:38,448 [Thread-2952] INFO  impl.FollowerState (FollowerState.java:run(108)) - f2627371-a904-4314-a836-5eb8f54559ec@group-73E40DF2990B-FollowerState: change to CANDIDATE, lastRpcTime:3ms, electionTimeout:3ms
2019-10-21 19:13:38,448 [Thread-2952] INFO  impl.RoleInfo (RoleInfo.java:shutdownFollowerState(121)) - f2627371-a904-4314-a836-5eb8f54559ec: shutdown FollowerState
2019-10-21 19:13:38,448 [Thread-2952] INFO  impl.RaftServerImpl (RaftServerImpl.java:setRole(184)) - f2627371-a904-4314-a836-5eb8f54559ec@group-73E40DF2990B: changes role from  FOLLOWER to CANDIDATE at term 450 for changeToCandidate
2019-10-21 19:13:38,448 [Thread-2952] INFO  impl.RoleInfo (RoleInfo.java:updateAndGet(143)) - f2627371-a904-4314-a836-5eb8f54559ec: start LeaderElection
2019-10-21 19:13:38,461 [f2627371-a904-4314-a836-5eb8f54559ec@group-73E40DF2990B-LeaderElection399] INFO  impl.LeaderElection (LeaderElection.java:askForVotes(178)) - f2627371-a904-4314-a836-5eb8f54559ec@group-73E40DF2990B-LeaderElection399: begin an election at term 451 for -1: [e6a83585-83d0-4616-a3d5-866875ad8a29:192.168.34.32:46159, f2627371-a904-4314-a836-5eb8f54559ec:192.168.34.32:33224, 1b813ef4-47a4-4bfc-8eb5-c34ae440adb1:192.168.34.32:36113], old=null
2019-10-21 19:13:38,463 [grpc-default-executor-5] INFO  impl.RaftServerImpl (RaftServerImpl.java:setRole(184)) - e6a83585-83d0-4616-a3d5-866875ad8a29@group-73E40DF2990B: changes role from  FOLLOWER to FOLLOWER at term 451 for recognizeCandidate:f2627371-a904-4314-a836-5eb8f54559ec
2019-10-21 19:13:38,463 [grpc-default-executor-5] INFO  impl.RoleInfo (RoleInfo.java:shutdownFollowerState(121)) - e6a83585-83d0-4616-a3d5-866875ad8a29: shutdown FollowerState
2019-10-21 19:13:38,463 [grpc-default-executor-0] INFO  impl.RaftServerImpl (RaftServerImpl.java:setRole(184)) - 1b813ef4-47a4-4bfc-8eb5-c34ae440adb1@group-73E40DF2990B: changes role from  FOLLOWER to FOLLOWER at term 451 for recognizeCandidate:f2627371-a904-4314-a836-5eb8f54559ec
2019-10-21 19:13:38,463 [Thread-2950] INFO  impl.FollowerState (FollowerState.java:run(117)) - e6a83585-83d0-4616-a3d5-866875ad8a29@group-73E40DF2990B-FollowerState was interrupted: java.lang.InterruptedException: sleep interrupted
2019-10-21 19:13:38,463 [grpc-default-executor-5] INFO  impl.RoleInfo (RoleInfo.java:updateAndGet(143)) - e6a83585-83d0-4616-a3d5-866875ad8a29: start FollowerState
2019-10-21 19:13:38,463 [grpc-default-executor-0] INFO  impl.RoleInfo (RoleInfo.java:shutdownFollowerState(121)) - 1b813ef4-47a4-4bfc-8eb5-c34ae440adb1: shutdown FollowerState
2019-10-21 19:13:38,464 [grpc-default-executor-0] INFO  impl.RoleInfo (RoleInfo.java:updateAndGet(143)) - 1b813ef4-47a4-4bfc-8eb5-c34ae440adb1: start FollowerState
2019-10-21 19:13:38,464 [Thread-2951] INFO  impl.FollowerState (FollowerState.java:run(117)) - 1b813ef4-47a4-4bfc-8eb5-c34ae440adb1@group-73E40DF2990B-FollowerState was interrupted: java.lang.InterruptedException: sleep interrupted
2019-10-21 19:13:38,470 [f2627371-a904-4314-a836-5eb8f54559ec@group-73E40DF2990B-LeaderElection399] INFO  impl.LeaderElection (LeaderElection.java:logAndReturn(56)) - f2627371-a904-4314-a836-5eb8f54559ec@group-73E40DF2990B-LeaderElection399: Election TIMEOUT; received 0 response(s) [] and 0 exception(s); f2627371-a904-4314-a836-5eb8f54559ec@group-73E40DF2990B:t451, leader=null, voted=f2627371-a904-4314-a836-5eb8f54559ec, raftlog=f2627371-a904-4314-a836-5eb8f54559ec@group-73E40DF2990B-SegmentedRaftLog:OPENED:c-1,f-1,i0, conf=-1: [e6a83585-83d0-4616-a3d5-866875ad8a29:192.168.34.32:46159, f2627371-a904-4314-a836-5eb8f54559ec:192.168.34.32:33224, 1b813ef4-47a4-4bfc-8eb5-c34ae440adb1:192.168.34.32:36113], old=null
2019-10-21 19:13:38,477 [f2627371-a904-4314-a836-5eb8f54559ec@group-73E40DF2990B-LeaderElection399] INFO  impl.LeaderElection (LeaderElection.java:askForVotes(178)) - f2627371-a904-4314-a836-5eb8f54559ec@group-73E40DF2990B-LeaderElection399: begin an election at term 452 for -1: [e6a83585-83d0-4616-a3d5-866875ad8a29:192.168.34.32:46159, f2627371-a904-4314-a836-5eb8f54559ec:192.168.34.32:33224, 1b813ef4-47a4-4bfc-8eb5-c34ae440adb1:192.168.34.32:36113], old=null
2019-10-21 19:13:38,478 [grpc-default-executor-0] INFO  impl.RaftServerImpl (RaftServerImpl.java:setRole(184)) - 1b813ef4-47a4-4bfc-8eb5-c34ae440adb1@group-73E40DF2990B: changes role from  FOLLOWER to FOLLOWER at term 452 for recognizeCandidate:f2627371-a904-4314-a836-5eb8f54559ec
2019-10-21 19:13:38,478 [grpc-default-executor-0] INFO  impl.RoleInfo (RoleInfo.java:shutdownFollowerState(121)) - 1b813ef4-47a4-4bfc-8eb5-c34ae440adb1: shutdown FollowerState
2019-10-21 19:13:38,478 [grpc-default-executor-5] INFO  impl.RaftServerImpl (RaftServerImpl.java:setRole(184)) - e6a83585-83d0-4616-a3d5-866875ad8a29@group-73E40DF2990B: changes role from  FOLLOWER to FOLLOWER at term 452 for recognizeCandidate:f2627371-a904-4314-a836-5eb8f54559ec
2019-10-21 19:13:38,479 [grpc-default-executor-5] INFO  impl.RoleInfo (RoleInfo.java:shutdownFollowerState(121)) - e6a83585-83d0-4616-a3d5-866875ad8a29: shutdown FollowerState
2019-10-21 19:13:38,479 [Thread-2957] INFO  impl.FollowerState (FollowerState.java:run(117)) - 1b813ef4-47a4-4bfc-8eb5-c34ae440adb1@group-73E40DF2990B-FollowerState was interrupted: java.lang.InterruptedException: sleep interrupted
2019-10-21 19:13:38,479 [Thread-2956] INFO  impl.FollowerState (FollowerState.java:run(117)) - e6a83585-83d0-4616-a3d5-866875ad8a29@group-73E40DF2990B-FollowerState was interrupted: java.lang.InterruptedException: sleep interrupted
2019-10-21 19:13:38,479 [grpc-default-executor-0] INFO  impl.RoleInfo (RoleInfo.java:updateAndGet(143)) - 1b813ef4-47a4-4bfc-8eb5-c34ae440adb1: start FollowerState
2019-10-21 19:13:38,479 [grpc-default-executor-5] INFO  impl.RoleInfo (RoleInfo.java:updateAndGet(143)) - e6a83585-83d0-4616-a3d5-866875ad8a29: start FollowerState
2019-10-21 19:13:38,493 [f2627371-a904-4314-a836-5eb8f54559ec@group-73E40DF2990B-LeaderElection399] INFO  impl.LeaderElection (LeaderElection.java:logAndReturn(56)) - f2627371-a904-4314-a836-5eb8f54559ec@group-73E40DF2990B-LeaderElection399: Election REJECTED; received 2 response(s) [f2627371-a904-4314-a836-5eb8f54559ec<-e6a83585-83d0-4616-a3d5-866875ad8a29#0:FAIL-t452, f2627371-a904-4314-a836-5eb8f54559ec<-1b813ef4-47a4-4bfc-8eb5-c34ae440adb1#0:FAIL-t452] and 0 exception(s); f2627371-a904-4314-a836-5eb8f54559ec@group-73E40DF2990B:t452, leader=null, voted=f2627371-a904-4314-a836-5eb8f54559ec, raftlog=f2627371-a904-4314-a836-5eb8f54559ec@group-73E40DF2990B-SegmentedRaftLog:OPENED:c-1,f-1,i0, conf=-1: [e6a83585-83d0-4616-a3d5-866875ad8a29:192.168.34.32:46159, f2627371-a904-4314-a836-5eb8f54559ec:192.168.34.32:33224, 1b813ef4-47a4-4bfc-8eb5-c34ae440adb1:192.168.34.32:36113], old=null
2019-10-21 19:13:38,494 [f2627371-a904-4314-a836-5eb8f54559ec@group-73E40DF2990B-LeaderElection399] INFO  impl.RaftServerImpl (RaftServerImpl.java:setRole(184)) - f2627371-a904-4314-a836-5eb8f54559ec@group-73E40DF2990B: changes role from CANDIDATE to FOLLOWER at term 452 for DISCOVERED_A_NEW_TERM
2019-10-21 19:13:38,494 [f2627371-a904-4314-a836-5eb8f54559ec@group-73E40DF2990B-LeaderElection399] INFO  impl.RoleInfo (RoleInfo.java:shutdownLeaderElection(134)) - f2627371-a904-4314-a836-5eb8f54559ec: shutdown LeaderElection
2019-10-21 19:13:38,494 [f2627371-a904-4314-a836-5eb8f54559ec@group-73E40DF2990B-LeaderElection399] INFO  impl.RoleInfo (RoleInfo.java:updateAndGet(143)) - f2627371-a904-4314-a836-5eb8f54559ec: start FollowerState
2019-10-21 19:13:38,530 [main] INFO  ozone.MiniOzoneClusterImpl (MiniOzoneClusterImpl.java:shutdown(314)) - Shutting down the Mini Ozone Cluster
2019-10-21 19:13:38,530 [main] INFO  ozone.MiniOzoneClusterImpl (MiniOzoneClusterImpl.java:stop(330)) - Stopping the Mini Ozone Cluster
2019-10-21 19:13:38,530 [main] INFO  ozone.MiniOzoneClusterImpl (MiniOzoneClusterImpl.java:stopOM(400)) - Stopping the OzoneManager
2019-10-21 19:13:38,530 [main] INFO  ipc.Server (Server.java:stop(3082)) - Stopping server on 45457
2019-10-21 19:13:38,537 [IPC Server listener on 45457] INFO  ipc.Server (Server.java:run(1185)) - Stopping IPC Server listener on 45457
2019-10-21 19:13:38,542 [IPC Server Responder] INFO  ipc.Server (Server.java:run(1319)) - Stopping IPC Server Responder
2019-10-21 19:13:38,552 [main] INFO  impl.RaftServerProxy (RaftServerProxy.java:lambda$close$4(314)) - 8e78d17d-f1f8-498f-b45c-82fb1a08a06b: close
2019-10-21 19:13:38,556 [Thread-280] WARN  io.KeyOutputStream (KeyOutputStream.java:handleException(274)) - Encountered exception java.io.IOException: Unexpected Storage Container Exception: java.lang.InterruptedException on the pipeline Pipeline[ Id: d1b6be78-f8a6-4103-b2d1-73e40df2990b, Nodes: e6a83585-83d0-4616-a3d5-866875ad8a29{ip: 192.168.34.32, host: pr-hdds-2320-master-mmr2t-3035452747, networkLocation: /rack1, certSerialId: null}1b813ef4-47a4-4bfc-8eb5-c34ae440adb1{ip: 192.168.34.32, host: pr-hdds-2320-master-mmr2t-3035452747, networkLocation: /rack1, certSerialId: null}f2627371-a904-4314-a836-5eb8f54559ec{ip: 192.168.34.32, host: pr-hdds-2320-master-mmr2t-3035452747, networkLocation: /rack1, certSerialId: null}, Type:RATIS, Factor:THREE, State:OPEN]. The last committed block length is 0, uncommitted data length is 12 retry count 0
2019-10-21 19:13:38,556 [main] INFO  impl.RaftServerImpl (RaftServerImpl.java:lambda$shutdown$3(261)) - 8e78d17d-f1f8-498f-b45c-82fb1a08a06b@group-C5BA1605619E: shutdown
2019-10-21 19:13:38,557 [main] INFO  util.JmxRegister (JmxRegister.java:unregister(73)) - Successfully un-registered JMX Bean with object name Ratis:service=RaftServer,group=group-C5BA1605619E,id=8e78d17d-f1f8-498f-b45c-82fb1a08a06b
2019-10-21 19:13:38,557 [main] INFO  impl.RoleInfo (RoleInfo.java:shutdownLeaderState(104)) - 8e78d17d-f1f8-498f-b45c-82fb1a08a06b: shutdown LeaderState
2019-10-21 19:13:38,558 [main] INFO  impl.PendingRequests (PendingRequests.java:sendNotLeaderResponses(202)) - 8e78d17d-f1f8-498f-b45c-82fb1a08a06b@group-C5BA1605619E-PendingRequests: sendNotLeaderResponses
2019-10-21 19:13:38,561 [main] INFO  impl.StateMachineUpdater (StateMachineUpdater.java:stopAndJoin(136)) - 8e78d17d-f1f8-498f-b45c-82fb1a08a06b@group-C5BA1605619E-StateMachineUpdater: set stopIndex = 6
2019-10-21 19:13:38,561 [Thread-280] INFO  io.BlockOutputStreamEntryPool (BlockOutputStreamEntryPool.java:allocateNewBlock(257)) - Allocating block with ExcludeList {datanodes = [], containerIds = [], pipelineIds = [PipelineID=d1b6be78-f8a6-4103-b2d1-73e40df2990b]}
2019-10-21 19:13:38,561 [8e78d17d-f1f8-498f-b45c-82fb1a08a06b@group-C5BA1605619E-StateMachineUpdater] INFO  ratis.OzoneManagerStateMachine (OzoneManagerStateMachine.java:takeSnapshot(254)) - Saving Ratis snapshot on the OM.
2019-10-21 19:13:38,566 [8e78d17d-f1f8-498f-b45c-82fb1a08a06b@group-C5BA1605619E-StateMachineUpdater] INFO  ratis.OMRatisSnapshotInfo (OMRatisSnapshotInfo.java:saveRatisSnapshotToDisk(107)) - Saved Ratis Snapshot on the OM with snapshotIndex 5
2019-10-21 19:13:38,568 [8e78d17d-f1f8-498f-b45c-82fb1a08a06b@group-C5BA1605619E-StateMachineUpdater] INFO  impl.StateMachineUpdater (StateMachineUpdater.java:takeSnapshot(269)) - 8e78d17d-f1f8-498f-b45c-82fb1a08a06b@group-C5BA1605619E-StateMachineUpdater: Took a snapshot at index 5
2019-10-21 19:13:38,569 [8e78d17d-f1f8-498f-b45c-82fb1a08a06b@group-C5BA1605619E-StateMachineUpdater] INFO  impl.StateMachineUpdater (StateMachineUpdater.java:lambda$new$0(84)) - 8e78d17d-f1f8-498f-b45c-82fb1a08a06b@group-C5BA1605619E-StateMachineUpdater: snapshotIndex: updateIncreasingly -1 -> 5
2019-10-21 19:13:38,571 [8e78d17d-f1f8-498f-b45c-82fb1a08a06b@group-C5BA1605619E-StateMachineUpdater] INFO  ratis.OzoneManagerStateMachine (OzoneManagerStateMachine.java:takeSnapshot(254)) - Saving Ratis snapshot on the OM.
2019-10-21 19:13:38,572 [8e78d17d-f1f8-498f-b45c-82fb1a08a06b@group-C5BA1605619E-StateMachineUpdater] INFO  ratis.OMRatisSnapshotInfo (OMRatisSnapshotInfo.java:saveRatisSnapshotToDisk(107)) - Saved Ratis Snapshot on the OM with snapshotIndex 5
2019-10-21 19:13:38,572 [8e78d17d-f1f8-498f-b45c-82fb1a08a06b@group-C5BA1605619E-StateMachineUpdater] INFO  impl.StateMachineUpdater (StateMachineUpdater.java:takeSnapshot(269)) - 8e78d17d-f1f8-498f-b45c-82fb1a08a06b@group-C5BA1605619E-StateMachineUpdater: Took a snapshot at index 5
2019-10-21 19:13:38,572 [8e78d17d-f1f8-498f-b45c-82fb1a08a06b@group-C5BA1605619E-StateMachineUpdater] INFO  impl.StateMachineUpdater (StateMachineUpdater.java:lambda$new$0(84)) - 8e78d17d-f1f8-498f-b45c-82fb1a08a06b@group-C5BA1605619E-StateMachineUpdater: snapshotIndex: updateIncreasingly 5 -> 5
2019-10-21 19:13:38,572 [main] INFO  impl.RaftServerImpl (ServerState.java:close(388)) - 8e78d17d-f1f8-498f-b45c-82fb1a08a06b@group-C5BA1605619E: closes. applyIndex: 6
2019-10-21 19:13:38,574 [8e78d17d-f1f8-498f-b45c-82fb1a08a06b@group-C5BA1605619E-SegmentedRaftLogWorker] INFO  segmented.SegmentedRaftLogWorker (SegmentedRaftLogWorker.java:run(316)) - 8e78d17d-f1f8-498f-b45c-82fb1a08a06b@group-C5BA1605619E-SegmentedRaftLogWorker was interrupted, exiting. There are 0 tasks remaining in the queue.
2019-10-21 19:13:38,576 [main] INFO  segmented.SegmentedRaftLogWorker (SegmentedRaftLogWorker.java:close(224)) - 8e78d17d-f1f8-498f-b45c-82fb1a08a06b@group-C5BA1605619E-SegmentedRaftLogWorker close()
2019-10-21 19:13:38,578 [main] INFO  server.GrpcService (GrpcService.java:closeImpl(164)) - 8e78d17d-f1f8-498f-b45c-82fb1a08a06b: shutdown server with port 9872 now
2019-10-21 19:13:38,580 [main] INFO  server.GrpcService (GrpcService.java:closeImpl(172)) - 8e78d17d-f1f8-498f-b45c-82fb1a08a06b: shutdown server with port 9872 successfully
2019-10-21 19:13:38,581 [main] INFO  ratis.OzoneManagerDoubleBuffer (OzoneManagerDoubleBuffer.java:stop(250)) - Stopping OMDoubleBuffer flush thread
2019-10-21 19:13:38,581 [OMDoubleBufferFlushThread] INFO  ratis.OzoneManagerDoubleBuffer (OzoneManagerDoubleBuffer.java:flushTransactions(193)) - OMDoubleBuffer flush thread OMDoubleBufferFlushThread is interrupted and will exit. OMDoubleBufferFlushThread
2019-10-21 19:13:38,583 [main] INFO  utils.BackgroundService (BackgroundService.java:shutdown(151)) - Shutting down service KeyDeletingService
2019-10-21 19:13:38,587 [main] INFO  handler.ContextHandler (ContextHandler.java:doStop(910)) - Stopped o.e.j.w.WebAppContext@6ba30587{/,null,UNAVAILABLE}{/ozoneManager}
2019-10-21 19:13:38,593 [main] INFO  server.AbstractConnector (AbstractConnector.java:doStop(318)) - Stopped ServerConnector@35764bef{HTTP/1.1,[http/1.1]}{0.0.0.0:0}
2019-10-21 19:13:38,594 [main] INFO  handler.ContextHandler (ContextHandler.java:doStop(910)) - Stopped o.e.j.s.ServletContextHandler@5fe7f967{/static,file:///workdir/hadoop-ozone/integration-test/target/test-classes/webapps/static,UNAVAILABLE}
2019-10-21 19:13:38,594 [main] INFO  handler.ContextHandler (ContextHandler.java:doStop(910)) - Stopped o.e.j.s.ServletContextHandler@4867ab9f{/logs,file:///workdir/hadoop-ozone/integration-test/target/log,UNAVAILABLE}
2019-10-21 19:13:38,598 [main] INFO  ozone.MiniOzoneClusterImpl (MiniOzoneClusterImpl.java:stopDatanodes(377)) - Stopping the HddsDatanodes
2019-10-21 19:13:38,619 [Thread-2962] INFO  impl.FollowerState (FollowerState.java:run(108)) - f2627371-a904-4314-a836-5eb8f54559ec@group-73E40DF2990B-FollowerState: change to CANDIDATE, lastRpcTime:125ms, electionTimeout:125ms
2019-10-21 19:13:38,619 [Thread-2962] INFO  impl.RoleInfo (RoleInfo.java:shutdownFollowerState(121)) - f2627371-a904-4314-a836-5eb8f54559ec: shutdown FollowerState
2019-10-21 19:13:38,619 [Thread-2962] INFO  impl.RaftServerImpl (RaftServerImpl.java:setRole(184)) - f2627371-a904-4314-a836-5eb8f54559ec@group-73E40DF2990B: changes role from  FOLLOWER to CANDIDATE at term 452 for changeToCandidate
2019-10-21 19:13:38,619 [Thread-2962] INFO  impl.RoleInfo (RoleInfo.java:updateAndGet(143)) - f2627371-a904-4314-a836-5eb8f54559ec: start LeaderElection
2019-10-21 19:13:38,653 [f2627371-a904-4314-a836-5eb8f54559ec@group-73E40DF2990B-LeaderElection400] INFO  impl.LeaderElection (LeaderElection.java:askForVotes(178)) - f2627371-a904-4314-a836-5eb8f54559ec@group-73E40DF2990B-LeaderElection400: begin an election at term 453 for -1: [e6a83585-83d0-4616-a3d5-866875ad8a29:192.168.34.32:46159, f2627371-a904-4314-a836-5eb8f54559ec:192.168.34.32:33224, 1b813ef4-47a4-4bfc-8eb5-c34ae440adb1:192.168.34.32:36113], old=null
2019-10-21 19:13:38,655 [grpc-default-executor-5] INFO  impl.RaftServerImpl (RaftServerImpl.java:setRole(184)) - e6a83585-83d0-4616-a3d5-866875ad8a29@group-73E40DF2990B: changes role from  FOLLOWER to FOLLOWER at term 453 for recognizeCandidate:f2627371-a904-4314-a836-5eb8f54559ec
2019-10-21 19:13:38,656 [grpc-default-executor-5] INFO  impl.RoleInfo (RoleInfo.java:shutdownFollowerState(121)) - e6a83585-83d0-4616-a3d5-866875ad8a29: shutdown FollowerState
2019-10-21 19:13:38,655 [grpc-default-executor-0] INFO  impl.RaftServerImpl (RaftServerImpl.java:setRole(184)) - 1b813ef4-47a4-4bfc-8eb5-c34ae440adb1@group-73E40DF2990B: changes role from  FOLLOWER to FOLLOWER at term 453 for recognizeCandidate:f2627371-a904-4314-a836-5eb8f54559ec
2019-10-21 19:13:38,656 [Thread-2961] INFO  impl.FollowerState (FollowerState.java:run(117)) - e6a83585-83d0-4616-a3d5-866875ad8a29@group-73E40DF2990B-FollowerState was interrupted: java.lang.InterruptedException: sleep interrupted
2019-10-21 19:13:38,656 [grpc-default-executor-5] INFO  impl.RoleInfo (RoleInfo.java:updateAndGet(143)) - e6a83585-83d0-4616-a3d5-866875ad8a29: start FollowerState
2019-10-21 19:13:38,656 [grpc-default-executor-0] INFO  impl.RoleInfo (RoleInfo.java:shutdownFollowerState(121)) - 1b813ef4-47a4-4bfc-8eb5-c34ae440adb1: shutdown FollowerState
2019-10-21 19:13:38,656 [grpc-default-executor-0] INFO  impl.RoleInfo (RoleInfo.java:updateAndGet(143)) - 1b813ef4-47a4-4bfc-8eb5-c34ae440adb1: start FollowerState
2019-10-21 19:13:38,656 [Thread-2960] INFO  impl.FollowerState (FollowerState.java:run(117)) - 1b813ef4-47a4-4bfc-8eb5-c34ae440adb1@group-73E40DF2990B-FollowerState was interrupted: java.lang.InterruptedException: sleep interrupted
2019-10-21 19:13:38,671 [f2627371-a904-4314-a836-5eb8f54559ec@group-73E40DF2990B-LeaderElection400] INFO  impl.LeaderElection (LeaderElection.java:logAndReturn(56)) - f2627371-a904-4314-a836-5eb8f54559ec@group-73E40DF2990B-LeaderElection400: Election REJECTED; received 2 response(s) [f2627371-a904-4314-a836-5eb8f54559ec<-e6a83585-83d0-4616-a3d5-866875ad8a29#0:FAIL-t453, f2627371-a904-4314-a836-5eb8f54559ec<-1b813ef4-47a4-4bfc-8eb5-c34ae440adb1#0:FAIL-t453] and 0 exception(s); f2627371-a904-4314-a836-5eb8f54559ec@group-73E40DF2990B:t453, leader=null, voted=f2627371-a904-4314-a836-5eb8f54559ec, raftlog=f2627371-a904-4314-a836-5eb8f54559ec@group-73E40DF2990B-SegmentedRaftLog:OPENED:c-1,f-1,i0, conf=-1: [e6a83585-83d0-4616-a3d5-866875ad8a29:192.168.34.32:46159, f2627371-a904-4314-a836-5eb8f54559ec:192.168.34.32:33224, 1b813ef4-47a4-4bfc-8eb5-c34ae440adb1:192.168.34.32:36113], old=null
2019-10-21 19:13:38,671 [f2627371-a904-4314-a836-5eb8f54559ec@group-73E40DF2990B-LeaderElection400] INFO  impl.RaftServerImpl (RaftServerImpl.java:setRole(184)) - f2627371-a904-4314-a836-5eb8f54559ec@group-73E40DF2990B: changes role from CANDIDATE to FOLLOWER at term 453 for DISCOVERED_A_NEW_TERM
2019-10-21 19:13:38,671 [f2627371-a904-4314-a836-5eb8f54559ec@group-73E40DF2990B-LeaderElection400] INFO  impl.RoleInfo (RoleInfo.java:shutdownLeaderElection(134)) - f2627371-a904-4314-a836-5eb8f54559ec: shutdown LeaderElection
2019-10-21 19:13:38,672 [f2627371-a904-4314-a836-5eb8f54559ec@group-73E40DF2990B-LeaderElection400] INFO  impl.RoleInfo (RoleInfo.java:updateAndGet(143)) - f2627371-a904-4314-a836-5eb8f54559ec: start FollowerState
2019-10-21 19:13:38,694 [Thread-2970] INFO  impl.FollowerState (FollowerState.java:run(108)) - f2627371-a904-4314-a836-5eb8f54559ec@group-73E40DF2990B-FollowerState: change to CANDIDATE, lastRpcTime:22ms, electionTimeout:22ms
2019-10-21 19:13:38,694 [Thread-2970] INFO  impl.RoleInfo (RoleInfo.java:shutdownFollowerState(121)) - f2627371-a904-4314-a836-5eb8f54559ec: shutdown FollowerState
2019-10-21 19:13:38,694 [Thread-2970] INFO  impl.RaftServerImpl (RaftServerImpl.java:setRole(184)) - f2627371-a904-4314-a836-5eb8f54559ec@group-73E40DF2990B: changes role from  FOLLOWER to CANDIDATE at term 453 for changeToCandidate
2019-10-21 19:13:38,694 [Thread-2970] INFO  impl.RoleInfo (RoleInfo.java:updateAndGet(143)) - f2627371-a904-4314-a836-5eb8f54559ec: start LeaderElection
2019-10-21 19:13:38,715 [f2627371-a904-4314-a836-5eb8f54559ec@group-73E40DF2990B-LeaderElection401] INFO  impl.LeaderElection (LeaderElection.java:askForVotes(178)) - f2627371-a904-4314-a836-5eb8f54559ec@group-73E40DF2990B-LeaderElection401: begin an election at term 454 for -1: [e6a83585-83d0-4616-a3d5-866875ad8a29:192.168.34.32:46159, f2627371-a904-4314-a836-5eb8f54559ec:192.168.34.32:33224, 1b813ef4-47a4-4bfc-8eb5-c34ae440adb1:192.168.34.32:36113], old=null
2019-10-21 19:13:38,716 [grpc-default-executor-0] INFO  impl.RaftServerImpl (RaftServerImpl.java:setRole(184)) - e6a83585-83d0-4616-a3d5-866875ad8a29@group-73E40DF2990B: changes role from  FOLLOWER to FOLLOWER at term 454 for recognizeCandidate:f2627371-a904-4314-a836-5eb8f54559ec
2019-10-21 19:13:38,717 [grpc-default-executor-0] INFO  impl.RoleInfo (RoleInfo.java:shutdownFollowerState(121)) - e6a83585-83d0-4616-a3d5-866875ad8a29: shutdown FollowerState
2019-10-21 19:13:38,717 [grpc-default-executor-0] INFO  impl.RoleInfo (RoleInfo.java:updateAndGet(143)) - e6a83585-83d0-4616-a3d5-866875ad8a29: start FollowerState
2019-10-21 19:13:38,717 [Thread-2968] INFO  impl.FollowerState (FollowerState.java:run(117)) - e6a83585-83d0-4616-a3d5-866875ad8a29@group-73E40DF2990B-FollowerState was interrupted: java.lang.InterruptedException: sleep interrupted
2019-10-21 19:13:38,717 [grpc-default-executor-5] INFO  impl.RaftServerImpl (RaftServerImpl.java:setRole(184)) - 1b813ef4-47a4-4bfc-8eb5-c34ae440adb1@group-73E40DF2990B: changes role from  FOLLOWER to FOLLOWER at term 454 for recognizeCandidate:f2627371-a904-4314-a836-5eb8f54559ec
2019-10-21 19:13:38,717 [grpc-default-executor-5] INFO  impl.RoleInfo (RoleInfo.java:shutdownFollowerState(121)) - 1b813ef4-47a4-4bfc-8eb5-c34ae440adb1: shutdown FollowerState
2019-10-21 19:13:38,717 [grpc-default-executor-5] INFO  impl.RoleInfo (RoleInfo.java:updateAndGet(143)) - 1b813ef4-47a4-4bfc-8eb5-c34ae440adb1: start FollowerState
2019-10-21 19:13:38,717 [Thread-2969] INFO  impl.FollowerState (FollowerState.java:run(117)) - 1b813ef4-47a4-4bfc-8eb5-c34ae440adb1@group-73E40DF2990B-FollowerState was interrupted: java.lang.InterruptedException: sleep interrupted
2019-10-21 19:13:38,727 [f2627371-a904-4314-a836-5eb8f54559ec@group-73E40DF2990B-LeaderElection401] INFO  impl.LeaderElection (LeaderElection.java:logAndReturn(56)) - f2627371-a904-4314-a836-5eb8f54559ec@group-73E40DF2990B-LeaderElection401: Election TIMEOUT; received 0 response(s) [] and 0 exception(s); f2627371-a904-4314-a836-5eb8f54559ec@group-73E40DF2990B:t454, leader=null, voted=f2627371-a904-4314-a836-5eb8f54559ec, raftlog=f2627371-a904-4314-a836-5eb8f54559ec@group-73E40DF2990B-SegmentedRaftLog:OPENED:c-1,f-1,i0, conf=-1: [e6a83585-83d0-4616-a3d5-866875ad8a29:192.168.34.32:46159, f2627371-a904-4314-a836-5eb8f54559ec:192.168.34.32:33224, 1b813ef4-47a4-4bfc-8eb5-c34ae440adb1:192.168.34.32:36113], old=null
2019-10-21 19:13:38,732 [f2627371-a904-4314-a836-5eb8f54559ec@group-73E40DF2990B-LeaderElection401] INFO  impl.LeaderElection (LeaderElection.java:askForVotes(178)) - f2627371-a904-4314-a836-5eb8f54559ec@group-73E40DF2990B-LeaderElection401: begin an election at term 455 for -1: [e6a83585-83d0-4616-a3d5-866875ad8a29:192.168.34.32:46159, f2627371-a904-4314-a836-5eb8f54559ec:192.168.34.32:33224, 1b813ef4-47a4-4bfc-8eb5-c34ae440adb1:192.168.34.32:36113], old=null
2019-10-21 19:13:38,733 [grpc-default-executor-0] INFO  impl.RaftServerImpl (RaftServerImpl.java:setRole(184)) - e6a83585-83d0-4616-a3d5-866875ad8a29@group-73E40DF2990B: changes role from  FOLLOWER to FOLLOWER at term 455 for recognizeCandidate:f2627371-a904-4314-a836-5eb8f54559ec
2019-10-21 19:13:38,733 [grpc-default-executor-0] INFO  impl.RoleInfo (RoleInfo.java:shutdownFollowerState(121)) - e6a83585-83d0-4616-a3d5-866875ad8a29: shutdown FollowerState
2019-10-21 19:13:38,734 [grpc-default-executor-0] INFO  impl.RoleInfo (RoleInfo.java:updateAndGet(143)) - e6a83585-83d0-4616-a3d5-866875ad8a29: start FollowerState
2019-10-21 19:13:38,734 [Thread-2974] INFO  impl.FollowerState (FollowerState.java:run(117)) - e6a83585-83d0-4616-a3d5-866875ad8a29@group-73E40DF2990B-FollowerState was interrupted: java.lang.InterruptedException: sleep interrupted
2019-10-21 19:13:38,734 [grpc-default-executor-5] INFO  impl.RaftServerImpl (RaftServerImpl.java:setRole(184)) - 1b813ef4-47a4-4bfc-8eb5-c34ae440adb1@group-73E40DF2990B: changes role from  FOLLOWER to FOLLOWER at term 455 for recognizeCandidate:f2627371-a904-4314-a836-5eb8f54559ec
2019-10-21 19:13:38,734 [grpc-default-executor-5] INFO  impl.RoleInfo (RoleInfo.java:shutdownFollowerState(121)) - 1b813ef4-47a4-4bfc-8eb5-c34ae440adb1: shutdown FollowerState
2019-10-21 19:13:38,734 [grpc-default-executor-5] INFO  impl.RoleInfo (RoleInfo.java:updateAndGet(143)) - 1b813ef4-47a4-4bfc-8eb5-c34ae440adb1: start FollowerState
2019-10-21 19:13:38,734 [Thread-2975] INFO  impl.FollowerState (FollowerState.java:run(117)) - 1b813ef4-47a4-4bfc-8eb5-c34ae440adb1@group-73E40DF2990B-FollowerState was interrupted: java.lang.InterruptedException: sleep interrupted
2019-10-21 19:13:38,748 [f2627371-a904-4314-a836-5eb8f54559ec@group-73E40DF2990B-LeaderElection401] INFO  impl.LeaderElection (LeaderElection.java:logAndReturn(56)) - f2627371-a904-4314-a836-5eb8f54559ec@group-73E40DF2990B-LeaderElection401: Election REJECTED; received 2 response(s) [f2627371-a904-4314-a836-5eb8f54559ec<-e6a83585-83d0-4616-a3d5-866875ad8a29#0:FAIL-t455, f2627371-a904-4314-a836-5eb8f54559ec<-1b813ef4-47a4-4bfc-8eb5-c34ae440adb1#0:FAIL-t455] and 0 exception(s); f2627371-a904-4314-a836-5eb8f54559ec@group-73E40DF2990B:t455, leader=null, voted=f2627371-a904-4314-a836-5eb8f54559ec, raftlog=f2627371-a904-4314-a836-5eb8f54559ec@group-73E40DF2990B-SegmentedRaftLog:OPENED:c-1,f-1,i0, conf=-1: [e6a83585-83d0-4616-a3d5-866875ad8a29:192.168.34.32:46159, f2627371-a904-4314-a836-5eb8f54559ec:192.168.34.32:33224, 1b813ef4-47a4-4bfc-8eb5-c34ae440adb1:192.168.34.32:36113], old=null
2019-10-21 19:13:38,749 [f2627371-a904-4314-a836-5eb8f54559ec@group-73E40DF2990B-LeaderElection401] INFO  impl.RaftServerImpl (RaftServerImpl.java:setRole(184)) - f2627371-a904-4314-a836-5eb8f54559ec@group-73E40DF2990B: changes role from CANDIDATE to FOLLOWER at term 455 for DISCOVERED_A_NEW_TERM
2019-10-21 19:13:38,749 [f2627371-a904-4314-a836-5eb8f54559ec@group-73E40DF2990B-LeaderElection401] INFO  impl.RoleInfo (RoleInfo.java:shutdownLeaderElection(134)) - f2627371-a904-4314-a836-5eb8f54559ec: shutdown LeaderElection
2019-10-21 19:13:38,749 [f2627371-a904-4314-a836-5eb8f54559ec@group-73E40DF2990B-LeaderElection401] INFO  impl.RoleInfo (RoleInfo.java:updateAndGet(143)) - f2627371-a904-4314-a836-5eb8f54559ec: start FollowerState
2019-10-21 19:13:38,867 [Thread-2980] INFO  impl.FollowerState (FollowerState.java:run(108)) - f2627371-a904-4314-a836-5eb8f54559ec@group-73E40DF2990B-FollowerState: change to CANDIDATE, lastRpcTime:118ms, electionTimeout:118ms
2019-10-21 19:13:38,867 [Thread-2980] INFO  impl.RoleInfo (RoleInfo.java:shutdownFollowerState(121)) - f2627371-a904-4314-a836-5eb8f54559ec: shutdown FollowerState
2019-10-21 19:13:38,867 [Thread-2980] INFO  impl.RaftServerImpl (RaftServerImpl.java:setRole(184)) - f2627371-a904-4314-a836-5eb8f54559ec@group-73E40DF2990B: changes role from  FOLLOWER to CANDIDATE at term 455 for changeToCandidate
2019-10-21 19:13:38,867 [Thread-2980] INFO  impl.RoleInfo (RoleInfo.java:updateAndGet(143)) - f2627371-a904-4314-a836-5eb8f54559ec: start LeaderElection
2019-10-21 19:13:38,882 [f2627371-a904-4314-a836-5eb8f54559ec@group-73E40DF2990B-LeaderElection402] INFO  impl.LeaderElection (LeaderElection.java:askForVotes(178)) - f2627371-a904-4314-a836-5eb8f54559ec@group-73E40DF2990B-LeaderElection402: begin an election at term 456 for -1: [e6a83585-83d0-4616-a3d5-866875ad8a29:192.168.34.32:46159, f2627371-a904-4314-a836-5eb8f54559ec:192.168.34.32:33224, 1b813ef4-47a4-4bfc-8eb5-c34ae440adb1:192.168.34.32:36113], old=null
2019-10-21 19:13:38,883 [grpc-default-executor-5] INFO  impl.RaftServerImpl (RaftServerImpl.java:setRole(184)) - e6a83585-83d0-4616-a3d5-866875ad8a29@group-73E40DF2990B: changes role from  FOLLOWER to FOLLOWER at term 456 for recognizeCandidate:f2627371-a904-4314-a836-5eb8f54559ec
2019-10-21 19:13:38,883 [grpc-default-executor-5] INFO  impl.RoleInfo (RoleInfo.java:shutdownFollowerState(121)) - e6a83585-83d0-4616-a3d5-866875ad8a29: shutdown FollowerState
2019-10-21 19:13:38,884 [grpc-default-executor-5] INFO  impl.RoleInfo (RoleInfo.java:updateAndGet(143)) - e6a83585-83d0-4616-a3d5-866875ad8a29: start FollowerState
2019-10-21 19:13:38,884 [grpc-default-executor-0] INFO  impl.RaftServerImpl (RaftServerImpl.java:setRole(184)) - 1b813ef4-47a4-4bfc-8eb5-c34ae440adb1@group-73E40DF2990B: changes role from  FOLLOWER to FOLLOWER at term 456 for recognizeCandidate:f2627371-a904-4314-a836-5eb8f54559ec
2019-10-21 19:13:38,884 [Thread-2978] INFO  impl.FollowerState (FollowerState.java:run(117)) - e6a83585-83d0-4616-a3d5-866875ad8a29@group-73E40DF2990B-FollowerState was interrupted: java.lang.InterruptedException: sleep interrupted
2019-10-21 19:13:38,884 [grpc-default-executor-0] INFO  impl.RoleInfo (RoleInfo.java:shutdownFollowerState(121)) - 1b813ef4-47a4-4bfc-8eb5-c34ae440adb1: shutdown FollowerState
2019-10-21 19:13:38,884 [grpc-default-executor-0] INFO  impl.RoleInfo (RoleInfo.java:updateAndGet(143)) - 1b813ef4-47a4-4bfc-8eb5-c34ae440adb1: start FollowerState
2019-10-21 19:13:38,884 [Thread-2979] INFO  impl.FollowerState (FollowerState.java:run(117)) - 1b813ef4-47a4-4bfc-8eb5-c34ae440adb1@group-73E40DF2990B-FollowerState was interrupted: java.lang.InterruptedException: sleep interrupted
2019-10-21 19:13:38,898 [f2627371-a904-4314-a836-5eb8f54559ec@group-73E40DF2990B-LeaderElection402] INFO  impl.LeaderElection (LeaderElection.java:logAndReturn(56)) - f2627371-a904-4314-a836-5eb8f54559ec@group-73E40DF2990B-LeaderElection402: Election REJECTED; received 2 response(s) [f2627371-a904-4314-a836-5eb8f54559ec<-e6a83585-83d0-4616-a3d5-866875ad8a29#0:FAIL-t456, f2627371-a904-4314-a836-5eb8f54559ec<-1b813ef4-47a4-4bfc-8eb5-c34ae440adb1#0:FAIL-t456] and 0 exception(s); f2627371-a904-4314-a836-5eb8f54559ec@group-73E40DF2990B:t456, leader=null, voted=f2627371-a904-4314-a836-5eb8f54559ec, raftlog=f2627371-a904-4314-a836-5eb8f54559ec@group-73E40DF2990B-SegmentedRaftLog:OPENED:c-1,f-1,i0, conf=-1: [e6a83585-83d0-4616-a3d5-866875ad8a29:192.168.34.32:46159, f2627371-a904-4314-a836-5eb8f54559ec:192.168.34.32:33224, 1b813ef4-47a4-4bfc-8eb5-c34ae440adb1:192.168.34.32:36113], old=null
2019-10-21 19:13:38,899 [f2627371-a904-4314-a836-5eb8f54559ec@group-73E40DF2990B-LeaderElection402] INFO  impl.RaftServerImpl (RaftServerImpl.java:setRole(184)) - f2627371-a904-4314-a836-5eb8f54559ec@group-73E40DF2990B: changes role from CANDIDATE to FOLLOWER at term 456 for DISCOVERED_A_NEW_TERM
2019-10-21 19:13:38,899 [f2627371-a904-4314-a836-5eb8f54559ec@group-73E40DF2990B-LeaderElection402] INFO  impl.RoleInfo (RoleInfo.java:shutdownLeaderElection(134)) - f2627371-a904-4314-a836-5eb8f54559ec: shutdown LeaderElection
2019-10-21 19:13:38,899 [f2627371-a904-4314-a836-5eb8f54559ec@group-73E40DF2990B-LeaderElection402] INFO  impl.RoleInfo (RoleInfo.java:updateAndGet(143)) - f2627371-a904-4314-a836-5eb8f54559ec: start FollowerState
2019-10-21 19:13:38,948 [Thread-2988] INFO  impl.FollowerState (FollowerState.java:run(108)) - f2627371-a904-4314-a836-5eb8f54559ec@group-73E40DF2990B-FollowerState: change to CANDIDATE, lastRpcTime:49ms, electionTimeout:49ms
2019-10-21 19:13:38,948 [Thread-2988] INFO  impl.RoleInfo (RoleInfo.java:shutdownFollowerState(121)) - f2627371-a904-4314-a836-5eb8f54559ec: shutdown FollowerState
2019-10-21 19:13:38,948 [Thread-2988] INFO  impl.RaftServerImpl (RaftServerImpl.java:setRole(184)) - f2627371-a904-4314-a836-5eb8f54559ec@group-73E40DF2990B: changes role from  FOLLOWER to CANDIDATE at term 456 for changeToCandidate
2019-10-21 19:13:38,949 [Thread-2988] INFO  impl.RoleInfo (RoleInfo.java:updateAndGet(143)) - f2627371-a904-4314-a836-5eb8f54559ec: start LeaderElection
2019-10-21 19:13:38,992 [f2627371-a904-4314-a836-5eb8f54559ec@group-73E40DF2990B-LeaderElection403] INFO  impl.LeaderElection (LeaderElection.java:askForVotes(178)) - f2627371-a904-4314-a836-5eb8f54559ec@group-73E40DF2990B-LeaderElection403: begin an election at term 457 for -1: [e6a83585-83d0-4616-a3d5-866875ad8a29:192.168.34.32:46159, f2627371-a904-4314-a836-5eb8f54559ec:192.168.34.32:33224, 1b813ef4-47a4-4bfc-8eb5-c34ae440adb1:192.168.34.32:36113], old=null
2019-10-21 19:13:38,994 [grpc-default-executor-5] INFO  impl.RaftServerImpl (RaftServerImpl.java:setRole(184)) - 1b813ef4-47a4-4bfc-8eb5-c34ae440adb1@group-73E40DF2990B: changes role from  FOLLOWER to FOLLOWER at term 457 for recognizeCandidate:f2627371-a904-4314-a836-5eb8f54559ec
2019-10-21 19:13:38,994 [grpc-default-executor-0] INFO  impl.RaftServerImpl (RaftServerImpl.java:setRole(184)) - e6a83585-83d0-4616-a3d5-866875ad8a29@group-73E40DF2990B: changes role from  FOLLOWER to FOLLOWER at term 457 for recognizeCandidate:f2627371-a904-4314-a836-5eb8f54559ec
2019-10-21 19:13:38,994 [grpc-default-executor-0] INFO  impl.RoleInfo (RoleInfo.java:shutdownFollowerState(121)) - e6a83585-83d0-4616-a3d5-866875ad8a29: shutdown FollowerState
2019-10-21 19:13:38,994 [grpc-default-executor-5] INFO  impl.RoleInfo (RoleInfo.java:shutdownFollowerState(121)) - 1b813ef4-47a4-4bfc-8eb5-c34ae440adb1: shutdown FollowerState
2019-10-21 19:13:38,994 [Thread-2986] INFO  impl.FollowerState (FollowerState.java:run(117)) - e6a83585-83d0-4616-a3d5-866875ad8a29@group-73E40DF2990B-FollowerState was interrupted: java.lang.InterruptedException: sleep interrupted
2019-10-21 19:13:38,994 [grpc-default-executor-0] INFO  impl.RoleInfo (RoleInfo.java:updateAndGet(143)) - e6a83585-83d0-4616-a3d5-866875ad8a29: start FollowerState
2019-10-21 19:13:38,995 [Thread-2987] INFO  impl.FollowerState (FollowerState.java:run(117)) - 1b813ef4-47a4-4bfc-8eb5-c34ae440adb1@group-73E40DF2990B-FollowerState was interrupted: java.lang.InterruptedException: sleep interrupted
2019-10-21 19:13:38,994 [grpc-default-executor-5] INFO  impl.RoleInfo (RoleInfo.java:updateAndGet(143)) - 1b813ef4-47a4-4bfc-8eb5-c34ae440adb1: start FollowerState
2019-10-21 19:13:39,019 [f2627371-a904-4314-a836-5eb8f54559ec@group-73E40DF2990B-LeaderElection403] INFO  impl.LeaderElection (LeaderElection.java:logAndReturn(56)) - f2627371-a904-4314-a836-5eb8f54559ec@group-73E40DF2990B-LeaderElection403: Election REJECTED; received 2 response(s) [f2627371-a904-4314-a836-5eb8f54559ec<-e6a83585-83d0-4616-a3d5-866875ad8a29#0:FAIL-t457, f2627371-a904-4314-a836-5eb8f54559ec<-1b813ef4-47a4-4bfc-8eb5-c34ae440adb1#0:FAIL-t457] and 0 exception(s); f2627371-a904-4314-a836-5eb8f54559ec@group-73E40DF2990B:t457, leader=null, voted=f2627371-a904-4314-a836-5eb8f54559ec, raftlog=f2627371-a904-4314-a836-5eb8f54559ec@group-73E40DF2990B-SegmentedRaftLog:OPENED:c-1,f-1,i0, conf=-1: [e6a83585-83d0-4616-a3d5-866875ad8a29:192.168.34.32:46159, f2627371-a904-4314-a836-5eb8f54559ec:192.168.34.32:33224, 1b813ef4-47a4-4bfc-8eb5-c34ae440adb1:192.168.34.32:36113], old=null
2019-10-21 19:13:39,019 [f2627371-a904-4314-a836-5eb8f54559ec@group-73E40DF2990B-LeaderElection403] INFO  impl.RaftServerImpl (RaftServerImpl.java:setRole(184)) - f2627371-a904-4314-a836-5eb8f54559ec@group-73E40DF2990B: changes role from CANDIDATE to FOLLOWER at term 457 for DISCOVERED_A_NEW_TERM
2019-10-21 19:13:39,019 [f2627371-a904-4314-a836-5eb8f54559ec@group-73E40DF2990B-LeaderElection403] INFO  impl.RoleInfo (RoleInfo.java:shutdownLeaderElection(134)) - f2627371-a904-4314-a836-5eb8f54559ec: shutdown LeaderElection
2019-10-21 19:13:39,019 [f2627371-a904-4314-a836-5eb8f54559ec@group-73E40DF2990B-LeaderElection403] INFO  impl.RoleInfo (RoleInfo.java:updateAndGet(143)) - f2627371-a904-4314-a836-5eb8f54559ec: start FollowerState
2019-10-21 19:13:39,077 [Thread-2994] INFO  impl.FollowerState (FollowerState.java:run(108)) - f2627371-a904-4314-a836-5eb8f54559ec@group-73E40DF2990B-FollowerState: change to CANDIDATE, lastRpcTime:57ms, electionTimeout:57ms
2019-10-21 19:13:39,077 [Thread-2994] INFO  impl.RoleInfo (RoleInfo.java:shutdownFollowerState(121)) - f2627371-a904-4314-a836-5eb8f54559ec: shutdown FollowerState
2019-10-21 19:13:39,077 [Thread-2994] INFO  impl.RaftServerImpl (RaftServerImpl.java:setRole(184)) - f2627371-a904-4314-a836-5eb8f54559ec@group-73E40DF2990B: changes role from  FOLLOWER to CANDIDATE at term 457 for changeToCandidate
2019-10-21 19:13:39,079 [Thread-2994] INFO  impl.RoleInfo (RoleInfo.java:updateAndGet(143)) - f2627371-a904-4314-a836-5eb8f54559ec: start LeaderElection
2019-10-21 19:13:39,098 [f2627371-a904-4314-a836-5eb8f54559ec@group-73E40DF2990B-LeaderElection404] INFO  impl.LeaderElection (LeaderElection.java:askForVotes(178)) - f2627371-a904-4314-a836-5eb8f54559ec@group-73E40DF2990B-LeaderElection404: begin an election at term 458 for -1: [e6a83585-83d0-4616-a3d5-866875ad8a29:192.168.34.32:46159, f2627371-a904-4314-a836-5eb8f54559ec:192.168.34.32:33224, 1b813ef4-47a4-4bfc-8eb5-c34ae440adb1:192.168.34.32:36113], old=null
2019-10-21 19:13:39,100 [grpc-default-executor-5] INFO  impl.RaftServerImpl (RaftServerImpl.java:setRole(184)) - 1b813ef4-47a4-4bfc-8eb5-c34ae440adb1@group-73E40DF2990B: changes role from  FOLLOWER to FOLLOWER at term 458 for recognizeCandidate:f2627371-a904-4314-a836-5eb8f54559ec
2019-10-21 19:13:39,100 [grpc-default-executor-0] INFO  impl.RaftServerImpl (RaftServerImpl.java:setRole(184)) - e6a83585-83d0-4616-a3d5-866875ad8a29@group-73E40DF2990B: changes role from  FOLLOWER to FOLLOWER at term 458 for recognizeCandidate:f2627371-a904-4314-a836-5eb8f54559ec
2019-10-21 19:13:39,101 [grpc-default-executor-0] INFO  impl.RoleInfo (RoleInfo.java:shutdownFollowerState(121)) - e6a83585-83d0-4616-a3d5-866875ad8a29: shutdown FollowerState
2019-10-21 19:13:39,100 [grpc-default-executor-5] INFO  impl.RoleInfo (RoleInfo.java:shutdownFollowerState(121)) - 1b813ef4-47a4-4bfc-8eb5-c34ae440adb1: shutdown FollowerState
2019-10-21 19:13:39,101 [Thread-2992] INFO  impl.FollowerState (FollowerState.java:run(117)) - e6a83585-83d0-4616-a3d5-866875ad8a29@group-73E40DF2990B-FollowerState was interrupted: java.lang.InterruptedException: sleep interrupted
2019-10-21 19:13:39,101 [grpc-default-executor-0] INFO  impl.RoleInfo (RoleInfo.java:updateAndGet(143)) - e6a83585-83d0-4616-a3d5-866875ad8a29: start FollowerState
2019-10-21 19:13:39,101 [Thread-2993] INFO  impl.FollowerState (FollowerState.java:run(117)) - 1b813ef4-47a4-4bfc-8eb5-c34ae440adb1@group-73E40DF2990B-FollowerState was interrupted: java.lang.InterruptedException: sleep interrupted
2019-10-21 19:13:39,101 [grpc-default-executor-5] INFO  impl.RoleInfo (RoleInfo.java:updateAndGet(143)) - 1b813ef4-47a4-4bfc-8eb5-c34ae440adb1: start FollowerState
2019-10-21 19:13:39,117 [f2627371-a904-4314-a836-5eb8f54559ec@group-73E40DF2990B-LeaderElection404] INFO  impl.LeaderElection (LeaderElection.java:logAndReturn(56)) - f2627371-a904-4314-a836-5eb8f54559ec@group-73E40DF2990B-LeaderElection404: Election REJECTED; received 2 response(s) [f2627371-a904-4314-a836-5eb8f54559ec<-e6a83585-83d0-4616-a3d5-866875ad8a29#0:FAIL-t458, f2627371-a904-4314-a836-5eb8f54559ec<-1b813ef4-47a4-4bfc-8eb5-c34ae440adb1#0:FAIL-t458] and 0 exception(s); f2627371-a904-4314-a836-5eb8f54559ec@group-73E40DF2990B:t458, leader=null, voted=f2627371-a904-4314-a836-5eb8f54559ec, raftlog=f2627371-a904-4314-a836-5eb8f54559ec@group-73E40DF2990B-SegmentedRaftLog:OPENED:c-1,f-1,i0, conf=-1: [e6a83585-83d0-4616-a3d5-866875ad8a29:192.168.34.32:46159, f2627371-a904-4314-a836-5eb8f54559ec:192.168.34.32:33224, 1b813ef4-47a4-4bfc-8eb5-c34ae440adb1:192.168.34.32:36113], old=null
2019-10-21 19:13:39,117 [f2627371-a904-4314-a836-5eb8f54559ec@group-73E40DF2990B-LeaderElection404] INFO  impl.RaftServerImpl (RaftServerImpl.java:setRole(184)) - f2627371-a904-4314-a836-5eb8f54559ec@group-73E40DF2990B: changes role from CANDIDATE to FOLLOWER at term 458 for DISCOVERED_A_NEW_TERM
2019-10-21 19:13:39,117 [f2627371-a904-4314-a836-5eb8f54559ec@group-73E40DF2990B-LeaderElection404] INFO  impl.RoleInfo (RoleInfo.java:shutdownLeaderElection(134)) - f2627371-a904-4314-a836-5eb8f54559ec: shutdown LeaderElection
2019-10-21 19:13:39,117 [f2627371-a904-4314-a836-5eb8f54559ec@group-73E40DF2990B-LeaderElection404] INFO  impl.RoleInfo (RoleInfo.java:updateAndGet(143)) - f2627371-a904-4314-a836-5eb8f54559ec: start FollowerState
2019-10-21 19:13:39,146 [Thread-3000] INFO  impl.FollowerState (FollowerState.java:run(108)) - f2627371-a904-4314-a836-5eb8f54559ec@group-73E40DF2990B-FollowerState: change to CANDIDATE, lastRpcTime:29ms, electionTimeout:29ms
2019-10-21 19:13:39,147 [Thread-3000] INFO  impl.RoleInfo (RoleInfo.java:shutdownFollowerState(121)) - f2627371-a904-4314-a836-5eb8f54559ec: shutdown FollowerState
2019-10-21 19:13:39,147 [Thread-3000] INFO  impl.RaftServerImpl (RaftServerImpl.java:setRole(184)) - f2627371-a904-4314-a836-5eb8f54559ec@group-73E40DF2990B: changes role from  FOLLOWER to CANDIDATE at term 458 for changeToCandidate
2019-10-21 19:13:39,147 [Thread-3000] INFO  impl.RoleInfo (RoleInfo.java:updateAndGet(143)) - f2627371-a904-4314-a836-5eb8f54559ec: start LeaderElection
2019-10-21 19:13:39,161 [f2627371-a904-4314-a836-5eb8f54559ec@group-73E40DF2990B-LeaderElection405] INFO  impl.LeaderElection (LeaderElection.java:askForVotes(178)) - f2627371-a904-4314-a836-5eb8f54559ec@group-73E40DF2990B-LeaderElection405: begin an election at term 459 for -1: [e6a83585-83d0-4616-a3d5-866875ad8a29:192.168.34.32:46159, f2627371-a904-4314-a836-5eb8f54559ec:192.168.34.32:33224, 1b813ef4-47a4-4bfc-8eb5-c34ae440adb1:192.168.34.32:36113], old=null
2019-10-21 19:13:39,162 [grpc-default-executor-0] INFO  impl.RaftServerImpl (RaftServerImpl.java:setRole(184)) - e6a83585-83d0-4616-a3d5-866875ad8a29@group-73E40DF2990B: changes role from  FOLLOWER to FOLLOWER at term 459 for recognizeCandidate:f2627371-a904-4314-a836-5eb8f54559ec
2019-10-21 19:13:39,162 [grpc-default-executor-0] INFO  impl.RoleInfo (RoleInfo.java:shutdownFollowerState(121)) - e6a83585-83d0-4616-a3d5-866875ad8a29: shutdown FollowerState
2019-10-21 19:13:39,162 [grpc-default-executor-5] INFO  impl.RaftServerImpl (RaftServerImpl.java:setRole(184)) - 1b813ef4-47a4-4bfc-8eb5-c34ae440adb1@group-73E40DF2990B: changes role from  FOLLOWER to FOLLOWER at term 459 for recognizeCandidate:f2627371-a904-4314-a836-5eb8f54559ec
2019-10-21 19:13:39,163 [Thread-2998] INFO  impl.FollowerState (FollowerState.java:run(117)) - e6a83585-83d0-4616-a3d5-866875ad8a29@group-73E40DF2990B-FollowerState was interrupted: java.lang.InterruptedException: sleep interrupted
2019-10-21 19:13:39,163 [grpc-default-executor-0] INFO  impl.RoleInfo (RoleInfo.java:updateAndGet(143)) - e6a83585-83d0-4616-a3d5-866875ad8a29: start FollowerState
2019-10-21 19:13:39,163 [grpc-default-executor-5] INFO  impl.RoleInfo (RoleInfo.java:shutdownFollowerState(121)) - 1b813ef4-47a4-4bfc-8eb5-c34ae440adb1: shutdown FollowerState
2019-10-21 19:13:39,163 [grpc-default-executor-5] INFO  impl.RoleInfo (RoleInfo.java:updateAndGet(143)) - 1b813ef4-47a4-4bfc-8eb5-c34ae440adb1: start FollowerState
2019-10-21 19:13:39,163 [Thread-2999] INFO  impl.FollowerState (FollowerState.java:run(117)) - 1b813ef4-47a4-4bfc-8eb5-c34ae440adb1@group-73E40DF2990B-FollowerState was interrupted: java.lang.InterruptedException: sleep interrupted
2019-10-21 19:13:39,177 [f2627371-a904-4314-a836-5eb8f54559ec@group-73E40DF2990B-LeaderElection405] INFO  impl.LeaderElection (LeaderElection.java:logAndReturn(56)) - f2627371-a904-4314-a836-5eb8f54559ec@group-73E40DF2990B-LeaderElection405: Election REJECTED; received 2 response(s) [f2627371-a904-4314-a836-5eb8f54559ec<-e6a83585-83d0-4616-a3d5-866875ad8a29#0:FAIL-t459, f2627371-a904-4314-a836-5eb8f54559ec<-1b813ef4-47a4-4bfc-8eb5-c34ae440adb1#0:FAIL-t459] and 0 exception(s); f2627371-a904-4314-a836-5eb8f54559ec@group-73E40DF2990B:t459, leader=null, voted=f2627371-a904-4314-a836-5eb8f54559ec, raftlog=f2627371-a904-4314-a836-5eb8f54559ec@group-73E40DF2990B-SegmentedRaftLog:OPENED:c-1,f-1,i0, conf=-1: [e6a83585-83d0-4616-a3d5-866875ad8a29:192.168.34.32:46159, f2627371-a904-4314-a836-5eb8f54559ec:192.168.34.32:33224, 1b813ef4-47a4-4bfc-8eb5-c34ae440adb1:192.168.34.32:36113], old=null
2019-10-21 19:13:39,177 [f2627371-a904-4314-a836-5eb8f54559ec@group-73E40DF2990B-LeaderElection405] INFO  impl.RaftServerImpl (RaftServerImpl.java:setRole(184)) - f2627371-a904-4314-a836-5eb8f54559ec@group-73E40DF2990B: changes role from CANDIDATE to FOLLOWER at term 459 for DISCOVERED_A_NEW_TERM
2019-10-21 19:13:39,178 [f2627371-a904-4314-a836-5eb8f54559ec@group-73E40DF2990B-LeaderElection405] INFO  impl.RoleInfo (RoleInfo.java:shutdownLeaderElection(134)) - f2627371-a904-4314-a836-5eb8f54559ec: shutdown LeaderElection
2019-10-21 19:13:39,178 [f2627371-a904-4314-a836-5eb8f54559ec@group-73E40DF2990B-LeaderElection405] INFO  impl.RoleInfo (RoleInfo.java:updateAndGet(143)) - f2627371-a904-4314-a836-5eb8f54559ec: start FollowerState
2019-10-21 19:13:39,363 [Datanode State Machine Thread - 0] INFO  statemachine.DatanodeStateMachine (DatanodeStateMachine.java:lambda$startDaemon$0(350)) - Ozone container server started.
2019-10-21 19:13:39,367 [Thread-3006] INFO  impl.FollowerState (FollowerState.java:run(108)) - f2627371-a904-4314-a836-5eb8f54559ec@group-73E40DF2990B-FollowerState: change to CANDIDATE, lastRpcTime:189ms, electionTimeout:189ms
2019-10-21 19:13:39,367 [Thread-3006] INFO  impl.RoleInfo (RoleInfo.java:shutdownFollowerState(121)) - f2627371-a904-4314-a836-5eb8f54559ec: shutdown FollowerState
2019-10-21 19:13:39,367 [Thread-3006] INFO  impl.RaftServerImpl (RaftServerImpl.java:setRole(184)) - f2627371-a904-4314-a836-5eb8f54559ec@group-73E40DF2990B: changes role from  FOLLOWER to CANDIDATE at term 459 for changeToCandidate
2019-10-21 19:13:39,367 [Thread-3006] INFO  impl.RoleInfo (RoleInfo.java:updateAndGet(143)) - f2627371-a904-4314-a836-5eb8f54559ec: start LeaderElection
2019-10-21 19:13:39,394 [f2627371-a904-4314-a836-5eb8f54559ec@group-73E40DF2990B-LeaderElection406] INFO  impl.LeaderElection (LeaderElection.java:askForVotes(178)) - f2627371-a904-4314-a836-5eb8f54559ec@group-73E40DF2990B-LeaderElection406: begin an election at term 460 for -1: [e6a83585-83d0-4616-a3d5-866875ad8a29:192.168.34.32:46159, f2627371-a904-4314-a836-5eb8f54559ec:192.168.34.32:33224, 1b813ef4-47a4-4bfc-8eb5-c34ae440adb1:192.168.34.32:36113], old=null
2019-10-21 19:13:39,396 [grpc-default-executor-0] INFO  impl.RaftServerImpl (RaftServerImpl.java:setRole(184)) - e6a83585-83d0-4616-a3d5-866875ad8a29@group-73E40DF2990B: changes role from  FOLLOWER to FOLLOWER at term 460 for recognizeCandidate:f2627371-a904-4314-a836-5eb8f54559ec
2019-10-21 19:13:39,396 [grpc-default-executor-5] INFO  impl.RaftServerImpl (RaftServerImpl.java:setRole(184)) - 1b813ef4-47a4-4bfc-8eb5-c34ae440adb1@group-73E40DF2990B: changes role from  FOLLOWER to FOLLOWER at term 460 for recognizeCandidate:f2627371-a904-4314-a836-5eb8f54559ec
2019-10-21 19:13:39,396 [grpc-default-executor-5] INFO  impl.RoleInfo (RoleInfo.java:shutdownFollowerState(121)) - 1b813ef4-47a4-4bfc-8eb5-c34ae440adb1: shutdown FollowerState
2019-10-21 19:13:39,396 [grpc-default-executor-0] INFO  impl.RoleInfo (RoleInfo.java:shutdownFollowerState(121)) - e6a83585-83d0-4616-a3d5-866875ad8a29: shutdown FollowerState
2019-10-21 19:13:39,396 [Thread-3005] INFO  impl.FollowerState (FollowerState.java:run(117)) - 1b813ef4-47a4-4bfc-8eb5-c34ae440adb1@group-73E40DF2990B-FollowerState was interrupted: java.lang.InterruptedException: sleep interrupted
2019-10-21 19:13:39,396 [grpc-default-executor-5] INFO  impl.RoleInfo (RoleInfo.java:updateAndGet(143)) - 1b813ef4-47a4-4bfc-8eb5-c34ae440adb1: start FollowerState
2019-10-21 19:13:39,396 [Thread-3004] INFO  impl.FollowerState (FollowerState.java:run(117)) - e6a83585-83d0-4616-a3d5-866875ad8a29@group-73E40DF2990B-FollowerState was interrupted: java.lang.InterruptedException: sleep interrupted
2019-10-21 19:13:39,396 [grpc-default-executor-0] INFO  impl.RoleInfo (RoleInfo.java:updateAndGet(143)) - e6a83585-83d0-4616-a3d5-866875ad8a29: start FollowerState
2019-10-21 19:13:39,411 [f2627371-a904-4314-a836-5eb8f54559ec@group-73E40DF2990B-LeaderElection406] INFO  impl.LeaderElection (LeaderElection.java:logAndReturn(56)) - f2627371-a904-4314-a836-5eb8f54559ec@group-73E40DF2990B-LeaderElection406: Election REJECTED; received 2 response(s) [f2627371-a904-4314-a836-5eb8f54559ec<-e6a83585-83d0-4616-a3d5-866875ad8a29#0:FAIL-t460, f2627371-a904-4314-a836-5eb8f54559ec<-1b813ef4-47a4-4bfc-8eb5-c34ae440adb1#0:FAIL-t460] and 0 exception(s); f2627371-a904-4314-a836-5eb8f54559ec@group-73E40DF2990B:t460, leader=null, voted=f2627371-a904-4314-a836-5eb8f54559ec, raftlog=f2627371-a904-4314-a836-5eb8f54559ec@group-73E40DF2990B-SegmentedRaftLog:OPENED:c-1,f-1,i0, conf=-1: [e6a83585-83d0-4616-a3d5-866875ad8a29:192.168.34.32:46159, f2627371-a904-4314-a836-5eb8f54559ec:192.168.34.32:33224, 1b813ef4-47a4-4bfc-8eb5-c34ae440adb1:192.168.34.32:36113], old=null
2019-10-21 19:13:39,411 [f2627371-a904-4314-a836-5eb8f54559ec@group-73E40DF2990B-LeaderElection406] INFO  impl.RaftServerImpl (RaftServerImpl.java:setRole(184)) - f2627371-a904-4314-a836-5eb8f54559ec@group-73E40DF2990B: changes role from CANDIDATE to FOLLOWER at term 460 for DISCOVERED_A_NEW_TERM
2019-10-21 19:13:39,411 [f2627371-a904-4314-a836-5eb8f54559ec@group-73E40DF2990B-LeaderElection406] INFO  impl.RoleInfo (RoleInfo.java:shutdownLeaderElection(134)) - f2627371-a904-4314-a836-5eb8f54559ec: shutdown LeaderElection
2019-10-21 19:13:39,411 [f2627371-a904-4314-a836-5eb8f54559ec@group-73E40DF2990B-LeaderElection406] INFO  impl.RoleInfo (RoleInfo.java:updateAndGet(143)) - f2627371-a904-4314-a836-5eb8f54559ec: start FollowerState
2019-10-21 19:13:39,452 [Datanode State Machine Thread - 0] INFO  statemachine.DatanodeStateMachine (DatanodeStateMachine.java:lambda$startDaemon$0(350)) - Ozone container server started.
2019-10-21 19:13:39,566 [Thread-3012] INFO  impl.FollowerState (FollowerState.java:run(108)) - f2627371-a904-4314-a836-5eb8f54559ec@group-73E40DF2990B-FollowerState: change to CANDIDATE, lastRpcTime:154ms, electionTimeout:154ms
2019-10-21 19:13:39,566 [Thread-280] INFO  ipc.Client (Client.java:handleConnectionFailure(948)) - Retrying connect to server: localhost/127.0.0.1:45457. Already tried 0 time(s); retry policy is RetryUpToMaximumCountWithFixedSleep(maxRetries=10, sleepTime=1000 MILLISECONDS)
2019-10-21 19:13:39,566 [Thread-3012] INFO  impl.RoleInfo (RoleInfo.java:shutdownFollowerState(121)) - f2627371-a904-4314-a836-5eb8f54559ec: shutdown FollowerState
2019-10-21 19:13:39,566 [Thread-3012] INFO  impl.RaftServerImpl (RaftServerImpl.java:setRole(184)) - f2627371-a904-4314-a836-5eb8f54559ec@group-73E40DF2990B: changes role from  FOLLOWER to CANDIDATE at term 460 for changeToCandidate
2019-10-21 19:13:39,566 [Thread-3012] INFO  impl.RoleInfo (RoleInfo.java:updateAndGet(143)) - f2627371-a904-4314-a836-5eb8f54559ec: start LeaderElection
2019-10-21 19:13:39,612 [f2627371-a904-4314-a836-5eb8f54559ec@group-73E40DF2990B-LeaderElection407] INFO  impl.LeaderElection (LeaderElection.java:askForVotes(178)) - f2627371-a904-4314-a836-5eb8f54559ec@group-73E40DF2990B-LeaderElection407: begin an election at term 461 for -1: [e6a83585-83d0-4616-a3d5-866875ad8a29:192.168.34.32:46159, f2627371-a904-4314-a836-5eb8f54559ec:192.168.34.32:33224, 1b813ef4-47a4-4bfc-8eb5-c34ae440adb1:192.168.34.32:36113], old=null
2019-10-21 19:13:39,613 [grpc-default-executor-0] INFO  impl.RaftServerImpl (RaftServerImpl.java:setRole(184)) - e6a83585-83d0-4616-a3d5-866875ad8a29@group-73E40DF2990B: changes role from  FOLLOWER to FOLLOWER at term 461 for recognizeCandidate:f2627371-a904-4314-a836-5eb8f54559ec
2019-10-21 19:13:39,614 [grpc-default-executor-0] INFO  impl.RoleInfo (RoleInfo.java:shutdownFollowerState(121)) - e6a83585-83d0-4616-a3d5-866875ad8a29: shutdown FollowerState
2019-10-21 19:13:39,614 [grpc-default-executor-5] INFO  impl.RaftServerImpl (RaftServerImpl.java:setRole(184)) - 1b813ef4-47a4-4bfc-8eb5-c34ae440adb1@group-73E40DF2990B: changes role from  FOLLOWER to FOLLOWER at term 461 for recognizeCandidate:f2627371-a904-4314-a836-5eb8f54559ec
2019-10-21 19:13:39,614 [grpc-default-executor-5] INFO  impl.RoleInfo (RoleInfo.java:shutdownFollowerState(121)) - 1b813ef4-47a4-4bfc-8eb5-c34ae440adb1: shutdown FollowerState
2019-10-21 19:13:39,614 [grpc-default-executor-0] INFO  impl.RoleInfo (RoleInfo.java:updateAndGet(143)) - e6a83585-83d0-4616-a3d5-866875ad8a29: start FollowerState
2019-10-21 19:13:39,614 [Thread-3011] INFO  impl.FollowerState (FollowerState.java:run(117)) - e6a83585-83d0-4616-a3d5-866875ad8a29@group-73E40DF2990B-FollowerState was interrupted: java.lang.InterruptedException: sleep interrupted
2019-10-21 19:13:39,614 [Thread-3010] INFO  impl.FollowerState (FollowerState.java:run(117)) - 1b813ef4-47a4-4bfc-8eb5-c34ae440adb1@group-73E40DF2990B-FollowerState was interrupted: java.lang.InterruptedException: sleep interrupted
2019-10-21 19:13:39,614 [grpc-default-executor-5] INFO  impl.RoleInfo (RoleInfo.java:updateAndGet(143)) - 1b813ef4-47a4-4bfc-8eb5-c34ae440adb1: start FollowerState
2019-10-21 19:13:39,649 [f2627371-a904-4314-a836-5eb8f54559ec@group-73E40DF2990B-LeaderElection407] INFO  impl.LeaderElection (LeaderElection.java:logAndReturn(56)) - f2627371-a904-4314-a836-5eb8f54559ec@group-73E40DF2990B-LeaderElection407: Election REJECTED; received 2 response(s) [f2627371-a904-4314-a836-5eb8f54559ec<-e6a83585-83d0-4616-a3d5-866875ad8a29#0:FAIL-t461, f2627371-a904-4314-a836-5eb8f54559ec<-1b813ef4-47a4-4bfc-8eb5-c34ae440adb1#0:FAIL-t461] and 0 exception(s); f2627371-a904-4314-a836-5eb8f54559ec@group-73E40DF2990B:t461, leader=null, voted=f2627371-a904-4314-a836-5eb8f54559ec, raftlog=f2627371-a904-4314-a836-5eb8f54559ec@group-73E40DF2990B-SegmentedRaftLog:OPENED:c-1,f-1,i0, conf=-1: [e6a83585-83d0-4616-a3d5-866875ad8a29:192.168.34.32:46159, f2627371-a904-4314-a836-5eb8f54559ec:192.168.34.32:33224, 1b813ef4-47a4-4bfc-8eb5-c34ae440adb1:192.168.34.32:36113], old=null
2019-10-21 19:13:39,649 [f2627371-a904-4314-a836-5eb8f54559ec@group-73E40DF2990B-LeaderElection407] INFO  impl.RaftServerImpl (RaftServerImpl.java:setRole(184)) - f2627371-a904-4314-a836-5eb8f54559ec@group-73E40DF2990B: changes role from CANDIDATE to FOLLOWER at term 461 for DISCOVERED_A_NEW_TERM
2019-10-21 19:13:39,649 [f2627371-a904-4314-a836-5eb8f54559ec@group-73E40DF2990B-LeaderElection407] INFO  impl.RoleInfo (RoleInfo.java:shutdownLeaderElection(134)) - f2627371-a904-4314-a836-5eb8f54559ec: shutdown LeaderElection
2019-10-21 19:13:39,649 [f2627371-a904-4314-a836-5eb8f54559ec@group-73E40DF2990B-LeaderElection407] INFO  impl.RoleInfo (RoleInfo.java:updateAndGet(143)) - f2627371-a904-4314-a836-5eb8f54559ec: start FollowerState
2019-10-21 19:13:39,794 [Thread-3018] INFO  impl.FollowerState (FollowerState.java:run(108)) - f2627371-a904-4314-a836-5eb8f54559ec@group-73E40DF2990B-FollowerState: change to CANDIDATE, lastRpcTime:144ms, electionTimeout:144ms
2019-10-21 19:13:39,794 [Thread-3018] INFO  impl.RoleInfo (RoleInfo.java:shutdownFollowerState(121)) - f2627371-a904-4314-a836-5eb8f54559ec: shutdown FollowerState
2019-10-21 19:13:39,794 [Thread-3018] INFO  impl.RaftServerImpl (RaftServerImpl.java:setRole(184)) - f2627371-a904-4314-a836-5eb8f54559ec@group-73E40DF2990B: changes role from  FOLLOWER to CANDIDATE at term 461 for changeToCandidate
2019-10-21 19:13:39,794 [Thread-3018] INFO  impl.RoleInfo (RoleInfo.java:updateAndGet(143)) - f2627371-a904-4314-a836-5eb8f54559ec: start LeaderElection
2019-10-21 19:13:39,823 [f2627371-a904-4314-a836-5eb8f54559ec@group-73E40DF2990B-LeaderElection408] INFO  impl.LeaderElection (LeaderElection.java:askForVotes(178)) - f2627371-a904-4314-a836-5eb8f54559ec@group-73E40DF2990B-LeaderElection408: begin an election at term 462 for -1: [e6a83585-83d0-4616-a3d5-866875ad8a29:192.168.34.32:46159, f2627371-a904-4314-a836-5eb8f54559ec:192.168.34.32:33224, 1b813ef4-47a4-4bfc-8eb5-c34ae440adb1:192.168.34.32:36113], old=null
2019-10-21 19:13:39,825 [grpc-default-executor-5] INFO  impl.RaftServerImpl (RaftServerImpl.java:setRole(184)) - e6a83585-83d0-4616-a3d5-866875ad8a29@group-73E40DF2990B: changes role from  FOLLOWER to FOLLOWER at term 462 for recognizeCandidate:f2627371-a904-4314-a836-5eb8f54559ec
2019-10-21 19:13:39,825 [grpc-default-executor-5] INFO  impl.RoleInfo (RoleInfo.java:shutdownFollowerState(121)) - e6a83585-83d0-4616-a3d5-866875ad8a29: shutdown FollowerState
2019-10-21 19:13:39,825 [grpc-default-executor-0] INFO  impl.RaftServerImpl (RaftServerImpl.java:setRole(184)) - 1b813ef4-47a4-4bfc-8eb5-c34ae440adb1@group-73E40DF2990B: changes role from  FOLLOWER to FOLLOWER at term 462 for recognizeCandidate:f2627371-a904-4314-a836-5eb8f54559ec
2019-10-21 19:13:39,825 [Thread-3016] INFO  impl.FollowerState (FollowerState.java:run(117)) - e6a83585-83d0-4616-a3d5-866875ad8a29@group-73E40DF2990B-FollowerState was interrupted: java.lang.InterruptedException: sleep interrupted
2019-10-21 19:13:39,825 [grpc-default-executor-5] INFO  impl.RoleInfo (RoleInfo.java:updateAndGet(143)) - e6a83585-83d0-4616-a3d5-866875ad8a29: start FollowerState
2019-10-21 19:13:39,825 [grpc-default-executor-0] INFO  impl.RoleInfo (RoleInfo.java:shutdownFollowerState(121)) - 1b813ef4-47a4-4bfc-8eb5-c34ae440adb1: shutdown FollowerState
2019-10-21 19:13:39,826 [grpc-default-executor-0] INFO  impl.RoleInfo (RoleInfo.java:updateAndGet(143)) - 1b813ef4-47a4-4bfc-8eb5-c34ae440adb1: start FollowerState
2019-10-21 19:13:39,826 [Thread-3017] INFO  impl.FollowerState (FollowerState.java:run(117)) - 1b813ef4-47a4-4bfc-8eb5-c34ae440adb1@group-73E40DF2990B-FollowerState was interrupted: java.lang.InterruptedException: sleep interrupted
2019-10-21 19:13:39,840 [f2627371-a904-4314-a836-5eb8f54559ec@group-73E40DF2990B-LeaderElection408] INFO  impl.LeaderElection (LeaderElection.java:logAndReturn(56)) - f2627371-a904-4314-a836-5eb8f54559ec@group-73E40DF2990B-LeaderElection408: Election TIMEOUT; received 1 response(s) [f2627371-a904-4314-a836-5eb8f54559ec<-1b813ef4-47a4-4bfc-8eb5-c34ae440adb1#0:FAIL-t462] and 0 exception(s); f2627371-a904-4314-a836-5eb8f54559ec@group-73E40DF2990B:t462, leader=null, voted=f2627371-a904-4314-a836-5eb8f54559ec, raftlog=f2627371-a904-4314-a836-5eb8f54559ec@group-73E40DF2990B-SegmentedRaftLog:OPENED:c-1,f-1,i0, conf=-1: [e6a83585-83d0-4616-a3d5-866875ad8a29:192.168.34.32:46159, f2627371-a904-4314-a836-5eb8f54559ec:192.168.34.32:33224, 1b813ef4-47a4-4bfc-8eb5-c34ae440adb1:192.168.34.32:36113], old=null
2019-10-21 19:13:39,862 [f2627371-a904-4314-a836-5eb8f54559ec@group-73E40DF2990B-LeaderElection408] INFO  impl.LeaderElection (LeaderElection.java:askForVotes(178)) - f2627371-a904-4314-a836-5eb8f54559ec@group-73E40DF2990B-LeaderElection408: begin an election at term 463 for -1: [e6a83585-83d0-4616-a3d5-866875ad8a29:192.168.34.32:46159, f2627371-a904-4314-a836-5eb8f54559ec:192.168.34.32:33224, 1b813ef4-47a4-4bfc-8eb5-c34ae440adb1:192.168.34.32:36113], old=null
2019-10-21 19:13:39,863 [grpc-default-executor-0] INFO  impl.RaftServerImpl (RaftServerImpl.java:setRole(184)) - e6a83585-83d0-4616-a3d5-866875ad8a29@group-73E40DF2990B: changes role from  FOLLOWER to FOLLOWER at term 463 for recognizeCandidate:f2627371-a904-4314-a836-5eb8f54559ec
2019-10-21 19:13:39,863 [grpc-default-executor-5] INFO  impl.RaftServerImpl (RaftServerImpl.java:setRole(184)) - 1b813ef4-47a4-4bfc-8eb5-c34ae440adb1@group-73E40DF2990B: changes role from  FOLLOWER to FOLLOWER at term 463 for recognizeCandidate:f2627371-a904-4314-a836-5eb8f54559ec
2019-10-21 19:13:39,864 [grpc-default-executor-5] INFO  impl.RoleInfo (RoleInfo.java:shutdownFollowerState(121)) - 1b813ef4-47a4-4bfc-8eb5-c34ae440adb1: shutdown FollowerState
2019-10-21 19:13:39,864 [grpc-default-executor-0] INFO  impl.RoleInfo (RoleInfo.java:shutdownFollowerState(121)) - e6a83585-83d0-4616-a3d5-866875ad8a29: shutdown FollowerState
2019-10-21 19:13:39,864 [Thread-3025] INFO  impl.FollowerState (FollowerState.java:run(117)) - 1b813ef4-47a4-4bfc-8eb5-c34ae440adb1@group-73E40DF2990B-FollowerState was interrupted: java.lang.InterruptedException: sleep interrupted
2019-10-21 19:13:39,864 [grpc-default-executor-5] INFO  impl.RoleInfo (RoleInfo.java:updateAndGet(143)) - 1b813ef4-47a4-4bfc-8eb5-c34ae440adb1: start FollowerState
2019-10-21 19:13:39,864 [grpc-default-executor-0] INFO  impl.RoleInfo (RoleInfo.java:updateAndGet(143)) - e6a83585-83d0-4616-a3d5-866875ad8a29: start FollowerState
2019-10-21 19:13:39,864 [Thread-3024] INFO  impl.FollowerState (FollowerState.java:run(117)) - e6a83585-83d0-4616-a3d5-866875ad8a29@group-73E40DF2990B-FollowerState was interrupted: java.lang.InterruptedException: sleep interrupted
2019-10-21 19:13:39,878 [f2627371-a904-4314-a836-5eb8f54559ec@group-73E40DF2990B-LeaderElection408] INFO  impl.LeaderElection (LeaderElection.java:logAndReturn(56)) - f2627371-a904-4314-a836-5eb8f54559ec@group-73E40DF2990B-LeaderElection408: Election REJECTED; received 2 response(s) [f2627371-a904-4314-a836-5eb8f54559ec<-e6a83585-83d0-4616-a3d5-866875ad8a29#0:FAIL-t463, f2627371-a904-4314-a836-5eb8f54559ec<-1b813ef4-47a4-4bfc-8eb5-c34ae440adb1#0:FAIL-t463] and 0 exception(s); f2627371-a904-4314-a836-5eb8f54559ec@group-73E40DF2990B:t463, leader=null, voted=f2627371-a904-4314-a836-5eb8f54559ec, raftlog=f2627371-a904-4314-a836-5eb8f54559ec@group-73E40DF2990B-SegmentedRaftLog:OPENED:c-1,f-1,i0, conf=-1: [e6a83585-83d0-4616-a3d5-866875ad8a29:192.168.34.32:46159, f2627371-a904-4314-a836-5eb8f54559ec:192.168.34.32:33224, 1b813ef4-47a4-4bfc-8eb5-c34ae440adb1:192.168.34.32:36113], old=null
2019-10-21 19:13:39,878 [f2627371-a904-4314-a836-5eb8f54559ec@group-73E40DF2990B-LeaderElection408] INFO  impl.RaftServerImpl (RaftServerImpl.java:setRole(184)) - f2627371-a904-4314-a836-5eb8f54559ec@group-73E40DF2990B: changes role from CANDIDATE to FOLLOWER at term 463 for DISCOVERED_A_NEW_TERM
2019-10-21 19:13:39,879 [f2627371-a904-4314-a836-5eb8f54559ec@group-73E40DF2990B-LeaderElection408] INFO  impl.RoleInfo (RoleInfo.java:shutdownLeaderElection(134)) - f2627371-a904-4314-a836-5eb8f54559ec: shutdown LeaderElection
2019-10-21 19:13:39,879 [f2627371-a904-4314-a836-5eb8f54559ec@group-73E40DF2990B-LeaderElection408] INFO  impl.RoleInfo (RoleInfo.java:updateAndGet(143)) - f2627371-a904-4314-a836-5eb8f54559ec: start FollowerState
2019-10-21 19:13:40,057 [Thread-3030] INFO  impl.FollowerState (FollowerState.java:run(108)) - f2627371-a904-4314-a836-5eb8f54559ec@group-73E40DF2990B-FollowerState: change to CANDIDATE, lastRpcTime:178ms, electionTimeout:178ms
2019-10-21 19:13:40,058 [Thread-3030] INFO  impl.RoleInfo (RoleInfo.java:shutdownFollowerState(121)) - f2627371-a904-4314-a836-5eb8f54559ec: shutdown FollowerState
2019-10-21 19:13:40,058 [Thread-3030] INFO  impl.RaftServerImpl (RaftServerImpl.java:setRole(184)) - f2627371-a904-4314-a836-5eb8f54559ec@group-73E40DF2990B: changes role from  FOLLOWER to CANDIDATE at term 463 for changeToCandidate
2019-10-21 19:13:40,058 [Thread-3030] INFO  impl.RoleInfo (RoleInfo.java:updateAndGet(143)) - f2627371-a904-4314-a836-5eb8f54559ec: start LeaderElection
2019-10-21 19:13:40,072 [f2627371-a904-4314-a836-5eb8f54559ec@group-73E40DF2990B-LeaderElection409] INFO  impl.LeaderElection (LeaderElection.java:askForVotes(178)) - f2627371-a904-4314-a836-5eb8f54559ec@group-73E40DF2990B-LeaderElection409: begin an election at term 464 for -1: [e6a83585-83d0-4616-a3d5-866875ad8a29:192.168.34.32:46159, f2627371-a904-4314-a836-5eb8f54559ec:192.168.34.32:33224, 1b813ef4-47a4-4bfc-8eb5-c34ae440adb1:192.168.34.32:36113], old=null
2019-10-21 19:13:40,075 [grpc-default-executor-0] INFO  impl.RaftServerImpl (RaftServerImpl.java:setRole(184)) - e6a83585-83d0-4616-a3d5-866875ad8a29@group-73E40DF2990B: changes role from  FOLLOWER to FOLLOWER at term 464 for recognizeCandidate:f2627371-a904-4314-a836-5eb8f54559ec
2019-10-21 19:13:40,075 [grpc-default-executor-0] INFO  impl.RoleInfo (RoleInfo.java:shutdownFollowerState(121)) - e6a83585-83d0-4616-a3d5-866875ad8a29: shutdown FollowerState
2019-10-21 19:13:40,075 [grpc-default-executor-5] INFO  impl.RaftServerImpl (RaftServerImpl.java:setRole(184)) - 1b813ef4-47a4-4bfc-8eb5-c34ae440adb1@group-73E40DF2990B: changes role from  FOLLOWER to FOLLOWER at term 464 for recognizeCandidate:f2627371-a904-4314-a836-5eb8f54559ec
2019-10-21 19:13:40,076 [grpc-default-executor-5] INFO  impl.RoleInfo (RoleInfo.java:shutdownFollowerState(121)) - 1b813ef4-47a4-4bfc-8eb5-c34ae440adb1: shutdown FollowerState
2019-10-21 19:13:40,076 [Thread-3029] INFO  impl.FollowerState (FollowerState.java:run(117)) - e6a83585-83d0-4616-a3d5-866875ad8a29@group-73E40DF2990B-FollowerState was interrupted: java.lang.InterruptedException: sleep interrupted
2019-10-21 19:13:40,076 [grpc-default-executor-0] INFO  impl.RoleInfo (RoleInfo.java:updateAndGet(143)) - e6a83585-83d0-4616-a3d5-866875ad8a29: start FollowerState
2019-10-21 19:13:40,076 [grpc-default-executor-5] INFO  impl.RoleInfo (RoleInfo.java:updateAndGet(143)) - 1b813ef4-47a4-4bfc-8eb5-c34ae440adb1: start FollowerState
2019-10-21 19:13:40,076 [Thread-3028] INFO  impl.FollowerState (FollowerState.java:run(117)) - 1b813ef4-47a4-4bfc-8eb5-c34ae440adb1@group-73E40DF2990B-FollowerState was interrupted: java.lang.InterruptedException: sleep interrupted
2019-10-21 19:13:40,104 [f2627371-a904-4314-a836-5eb8f54559ec@group-73E40DF2990B-LeaderElection409] INFO  impl.LeaderElection (LeaderElection.java:logAndReturn(56)) - f2627371-a904-4314-a836-5eb8f54559ec@group-73E40DF2990B-LeaderElection409: Election REJECTED; received 2 response(s) [f2627371-a904-4314-a836-5eb8f54559ec<-e6a83585-83d0-4616-a3d5-866875ad8a29#0:FAIL-t464, f2627371-a904-4314-a836-5eb8f54559ec<-1b813ef4-47a4-4bfc-8eb5-c34ae440adb1#0:FAIL-t464] and 0 exception(s); f2627371-a904-4314-a836-5eb8f54559ec@group-73E40DF2990B:t464, leader=null, voted=f2627371-a904-4314-a836-5eb8f54559ec, raftlog=f2627371-a904-4314-a836-5eb8f54559ec@group-73E40DF2990B-SegmentedRaftLog:OPENED:c-1,f-1,i0, conf=-1: [e6a83585-83d0-4616-a3d5-866875ad8a29:192.168.34.32:46159, f2627371-a904-4314-a836-5eb8f54559ec:192.168.34.32:33224, 1b813ef4-47a4-4bfc-8eb5-c34ae440adb1:192.168.34.32:36113], old=null
2019-10-21 19:13:40,104 [f2627371-a904-4314-a836-5eb8f54559ec@group-73E40DF2990B-LeaderElection409] INFO  impl.RaftServerImpl (RaftServerImpl.java:setRole(184)) - f2627371-a904-4314-a836-5eb8f54559ec@group-73E40DF2990B: changes role from CANDIDATE to FOLLOWER at term 464 for DISCOVERED_A_NEW_TERM
2019-10-21 19:13:40,104 [f2627371-a904-4314-a836-5eb8f54559ec@group-73E40DF2990B-LeaderElection409] INFO  impl.RoleInfo (RoleInfo.java:shutdownLeaderElection(134)) - f2627371-a904-4314-a836-5eb8f54559ec: shutdown LeaderElection
2019-10-21 19:13:40,104 [f2627371-a904-4314-a836-5eb8f54559ec@group-73E40DF2990B-LeaderElection409] INFO  impl.RoleInfo (RoleInfo.java:updateAndGet(143)) - f2627371-a904-4314-a836-5eb8f54559ec: start FollowerState
2019-10-21 19:13:40,305 [Thread-3036] INFO  impl.FollowerState (FollowerState.java:run(108)) - f2627371-a904-4314-a836-5eb8f54559ec@group-73E40DF2990B-FollowerState: change to CANDIDATE, lastRpcTime:200ms, electionTimeout:200ms
2019-10-21 19:13:40,305 [Thread-3036] INFO  impl.RoleInfo (RoleInfo.java:shutdownFollowerState(121)) - f2627371-a904-4314-a836-5eb8f54559ec: shutdown FollowerState
2019-10-21 19:13:40,305 [Thread-3036] INFO  impl.RaftServerImpl (RaftServerImpl.java:setRole(184)) - f2627371-a904-4314-a836-5eb8f54559ec@group-73E40DF2990B: changes role from  FOLLOWER to CANDIDATE at term 464 for changeToCandidate
2019-10-21 19:13:40,305 [Thread-3036] INFO  impl.RoleInfo (RoleInfo.java:updateAndGet(143)) - f2627371-a904-4314-a836-5eb8f54559ec: start LeaderElection
2019-10-21 19:13:40,319 [f2627371-a904-4314-a836-5eb8f54559ec@group-73E40DF2990B-LeaderElection410] INFO  impl.LeaderElection (LeaderElection.java:askForVotes(178)) - f2627371-a904-4314-a836-5eb8f54559ec@group-73E40DF2990B-LeaderElection410: begin an election at term 465 for -1: [e6a83585-83d0-4616-a3d5-866875ad8a29:192.168.34.32:46159, f2627371-a904-4314-a836-5eb8f54559ec:192.168.34.32:33224, 1b813ef4-47a4-4bfc-8eb5-c34ae440adb1:192.168.34.32:36113], old=null
2019-10-21 19:13:40,322 [grpc-default-executor-0] INFO  impl.RaftServerImpl (RaftServerImpl.java:setRole(184)) - e6a83585-83d0-4616-a3d5-866875ad8a29@group-73E40DF2990B: changes role from  FOLLOWER to FOLLOWER at term 465 for recognizeCandidate:f2627371-a904-4314-a836-5eb8f54559ec
2019-10-21 19:13:40,322 [grpc-default-executor-0] INFO  impl.RoleInfo (RoleInfo.java:shutdownFollowerState(121)) - e6a83585-83d0-4616-a3d5-866875ad8a29: shutdown FollowerState
2019-10-21 19:13:40,322 [grpc-default-executor-5] INFO  impl.RaftServerImpl (RaftServerImpl.java:setRole(184)) - 1b813ef4-47a4-4bfc-8eb5-c34ae440adb1@group-73E40DF2990B: changes role from  FOLLOWER to FOLLOWER at term 465 for recognizeCandidate:f2627371-a904-4314-a836-5eb8f54559ec
2019-10-21 19:13:40,322 [grpc-default-executor-5] INFO  impl.RoleInfo (RoleInfo.java:shutdownFollowerState(121)) - 1b813ef4-47a4-4bfc-8eb5-c34ae440adb1: shutdown FollowerState
2019-10-21 19:13:40,322 [Thread-3034] INFO  impl.FollowerState (FollowerState.java:run(117)) - e6a83585-83d0-4616-a3d5-866875ad8a29@group-73E40DF2990B-FollowerState was interrupted: java.lang.InterruptedException: sleep interrupted
2019-10-21 19:13:40,322 [grpc-default-executor-0] INFO  impl.RoleInfo (RoleInfo.java:updateAndGet(143)) - e6a83585-83d0-4616-a3d5-866875ad8a29: start FollowerState
2019-10-21 19:13:40,322 [grpc-default-executor-5] INFO  impl.RoleInfo (RoleInfo.java:updateAndGet(143)) - 1b813ef4-47a4-4bfc-8eb5-c34ae440adb1: start FollowerState
2019-10-21 19:13:40,322 [Thread-3035] INFO  impl.FollowerState (FollowerState.java:run(117)) - 1b813ef4-47a4-4bfc-8eb5-c34ae440adb1@group-73E40DF2990B-FollowerState was interrupted: java.lang.InterruptedException: sleep interrupted
2019-10-21 19:13:40,325 [f2627371-a904-4314-a836-5eb8f54559ec@group-73E40DF2990B-LeaderElection410] INFO  impl.LeaderElection (LeaderElection.java:logAndReturn(56)) - f2627371-a904-4314-a836-5eb8f54559ec@group-73E40DF2990B-LeaderElection410: Election TIMEOUT; received 0 response(s) [] and 0 exception(s); f2627371-a904-4314-a836-5eb8f54559ec@group-73E40DF2990B:t465, leader=null, voted=f2627371-a904-4314-a836-5eb8f54559ec, raftlog=f2627371-a904-4314-a836-5eb8f54559ec@group-73E40DF2990B-SegmentedRaftLog:OPENED:c-1,f-1,i0, conf=-1: [e6a83585-83d0-4616-a3d5-866875ad8a29:192.168.34.32:46159, f2627371-a904-4314-a836-5eb8f54559ec:192.168.34.32:33224, 1b813ef4-47a4-4bfc-8eb5-c34ae440adb1:192.168.34.32:36113], old=null
2019-10-21 19:13:40,337 [f2627371-a904-4314-a836-5eb8f54559ec@group-73E40DF2990B-LeaderElection410] INFO  impl.LeaderElection (LeaderElection.java:askForVotes(178)) - f2627371-a904-4314-a836-5eb8f54559ec@group-73E40DF2990B-LeaderElection410: begin an election at term 466 for -1: [e6a83585-83d0-4616-a3d5-866875ad8a29:192.168.34.32:46159, f2627371-a904-4314-a836-5eb8f54559ec:192.168.34.32:33224, 1b813ef4-47a4-4bfc-8eb5-c34ae440adb1:192.168.34.32:36113], old=null
2019-10-21 19:13:40,338 [grpc-default-executor-0] INFO  impl.RaftServerImpl (RaftServerImpl.java:setRole(184)) - e6a83585-83d0-4616-a3d5-866875ad8a29@group-73E40DF2990B: changes role from  FOLLOWER to FOLLOWER at term 466 for recognizeCandidate:f2627371-a904-4314-a836-5eb8f54559ec
2019-10-21 19:13:40,338 [grpc-default-executor-0] INFO  impl.RoleInfo (RoleInfo.java:shutdownFollowerState(121)) - e6a83585-83d0-4616-a3d5-866875ad8a29: shutdown FollowerState
2019-10-21 19:13:40,339 [grpc-default-executor-0] INFO  impl.RoleInfo (RoleInfo.java:updateAndGet(143)) - e6a83585-83d0-4616-a3d5-866875ad8a29: start FollowerState
2019-10-21 19:13:40,339 [Thread-3040] INFO  impl.FollowerState (FollowerState.java:run(117)) - e6a83585-83d0-4616-a3d5-866875ad8a29@group-73E40DF2990B-FollowerState was interrupted: java.lang.InterruptedException: sleep interrupted
2019-10-21 19:13:40,339 [grpc-default-executor-5] INFO  impl.RaftServerImpl (RaftServerImpl.java:setRole(184)) - 1b813ef4-47a4-4bfc-8eb5-c34ae440adb1@group-73E40DF2990B: changes role from  FOLLOWER to FOLLOWER at term 466 for recognizeCandidate:f2627371-a904-4314-a836-5eb8f54559ec
2019-10-21 19:13:40,339 [grpc-default-executor-5] INFO  impl.RoleInfo (RoleInfo.java:shutdownFollowerState(121)) - 1b813ef4-47a4-4bfc-8eb5-c34ae440adb1: shutdown FollowerState
2019-10-21 19:13:40,339 [grpc-default-executor-5] INFO  impl.RoleInfo (RoleInfo.java:updateAndGet(143)) - 1b813ef4-47a4-4bfc-8eb5-c34ae440adb1: start FollowerState
2019-10-21 19:13:40,339 [Thread-3041] INFO  impl.FollowerState (FollowerState.java:run(117)) - 1b813ef4-47a4-4bfc-8eb5-c34ae440adb1@group-73E40DF2990B-FollowerState was interrupted: java.lang.InterruptedException: sleep interrupted
2019-10-21 19:13:40,353 [f2627371-a904-4314-a836-5eb8f54559ec@group-73E40DF2990B-LeaderElection410] INFO  impl.LeaderElection (LeaderElection.java:logAndReturn(56)) - f2627371-a904-4314-a836-5eb8f54559ec@group-73E40DF2990B-LeaderElection410: Election REJECTED; received 2 response(s) [f2627371-a904-4314-a836-5eb8f54559ec<-e6a83585-83d0-4616-a3d5-866875ad8a29#0:FAIL-t466, f2627371-a904-4314-a836-5eb8f54559ec<-1b813ef4-47a4-4bfc-8eb5-c34ae440adb1#0:FAIL-t466] and 0 exception(s); f2627371-a904-4314-a836-5eb8f54559ec@group-73E40DF2990B:t466, leader=null, voted=f2627371-a904-4314-a836-5eb8f54559ec, raftlog=f2627371-a904-4314-a836-5eb8f54559ec@group-73E40DF2990B-SegmentedRaftLog:OPENED:c-1,f-1,i0, conf=-1: [e6a83585-83d0-4616-a3d5-866875ad8a29:192.168.34.32:46159, f2627371-a904-4314-a836-5eb8f54559ec:192.168.34.32:33224, 1b813ef4-47a4-4bfc-8eb5-c34ae440adb1:192.168.34.32:36113], old=null
2019-10-21 19:13:40,353 [f2627371-a904-4314-a836-5eb8f54559ec@group-73E40DF2990B-LeaderElection410] INFO  impl.RaftServerImpl (RaftServerImpl.java:setRole(184)) - f2627371-a904-4314-a836-5eb8f54559ec@group-73E40DF2990B: changes role from CANDIDATE to FOLLOWER at term 466 for DISCOVERED_A_NEW_TERM
2019-10-21 19:13:40,353 [f2627371-a904-4314-a836-5eb8f54559ec@group-73E40DF2990B-LeaderElection410] INFO  impl.RoleInfo (RoleInfo.java:shutdownLeaderElection(134)) - f2627371-a904-4314-a836-5eb8f54559ec: shutdown LeaderElection
2019-10-21 19:13:40,353 [f2627371-a904-4314-a836-5eb8f54559ec@group-73E40DF2990B-LeaderElection410] INFO  impl.RoleInfo (RoleInfo.java:updateAndGet(143)) - f2627371-a904-4314-a836-5eb8f54559ec: start FollowerState
2019-10-21 19:13:40,442 [Thread-3046] INFO  impl.FollowerState (FollowerState.java:run(108)) - f2627371-a904-4314-a836-5eb8f54559ec@group-73E40DF2990B-FollowerState: change to CANDIDATE, lastRpcTime:88ms, electionTimeout:88ms
2019-10-21 19:13:40,442 [Thread-3046] INFO  impl.RoleInfo (RoleInfo.java:shutdownFollowerState(121)) - f2627371-a904-4314-a836-5eb8f54559ec: shutdown FollowerState
2019-10-21 19:13:40,442 [Thread-3046] INFO  impl.RaftServerImpl (RaftServerImpl.java:setRole(184)) - f2627371-a904-4314-a836-5eb8f54559ec@group-73E40DF2990B: changes role from  FOLLOWER to CANDIDATE at term 466 for changeToCandidate
2019-10-21 19:13:40,442 [Thread-3046] INFO  impl.RoleInfo (RoleInfo.java:updateAndGet(143)) - f2627371-a904-4314-a836-5eb8f54559ec: start LeaderElection
2019-10-21 19:13:40,567 [Thread-280] INFO  ipc.Client (Client.java:handleConnectionFailure(948)) - Retrying connect to server: localhost/127.0.0.1:45457. Already tried 1 time(s); retry policy is RetryUpToMaximumCountWithFixedSleep(maxRetries=10, sleepTime=1000 MILLISECONDS)
2019-10-21 19:13:40,821 [f2627371-a904-4314-a836-5eb8f54559ec@group-73E40DF2990B-LeaderElection411] INFO  impl.LeaderElection (LeaderElection.java:askForVotes(178)) - f2627371-a904-4314-a836-5eb8f54559ec@group-73E40DF2990B-LeaderElection411: begin an election at term 467 for -1: [e6a83585-83d0-4616-a3d5-866875ad8a29:192.168.34.32:46159, f2627371-a904-4314-a836-5eb8f54559ec:192.168.34.32:33224, 1b813ef4-47a4-4bfc-8eb5-c34ae440adb1:192.168.34.32:36113], old=null
2019-10-21 19:13:40,824 [grpc-default-executor-0] INFO  impl.RaftServerImpl (RaftServerImpl.java:setRole(184)) - e6a83585-83d0-4616-a3d5-866875ad8a29@group-73E40DF2990B: changes role from  FOLLOWER to FOLLOWER at term 467 for recognizeCandidate:f2627371-a904-4314-a836-5eb8f54559ec
2019-10-21 19:13:40,824 [grpc-default-executor-0] INFO  impl.RoleInfo (RoleInfo.java:shutdownFollowerState(121)) - e6a83585-83d0-4616-a3d5-866875ad8a29: shutdown FollowerState
2019-10-21 19:13:40,824 [grpc-default-executor-5] INFO  impl.RaftServerImpl (RaftServerImpl.java:setRole(184)) - 1b813ef4-47a4-4bfc-8eb5-c34ae440adb1@group-73E40DF2990B: changes role from  FOLLOWER to FOLLOWER at term 467 for recognizeCandidate:f2627371-a904-4314-a836-5eb8f54559ec
2019-10-21 19:13:40,824 [grpc-default-executor-5] INFO  impl.RoleInfo (RoleInfo.java:shutdownFollowerState(121)) - 1b813ef4-47a4-4bfc-8eb5-c34ae440adb1: shutdown FollowerState
2019-10-21 19:13:40,824 [Thread-3044] INFO  impl.FollowerState (FollowerState.java:run(117)) - e6a83585-83d0-4616-a3d5-866875ad8a29@group-73E40DF2990B-FollowerState was interrupted: java.lang.InterruptedException: sleep interrupted
2019-10-21 19:13:40,824 [Thread-3045] INFO  impl.FollowerState (FollowerState.java:run(117)) - 1b813ef4-47a4-4bfc-8eb5-c34ae440adb1@group-73E40DF2990B-FollowerState was interrupted: java.lang.InterruptedException: sleep interrupted
2019-10-21 19:13:40,824 [grpc-default-executor-0] INFO  impl.RoleInfo (RoleInfo.java:updateAndGet(143)) - e6a83585-83d0-4616-a3d5-866875ad8a29: start FollowerState
2019-10-21 19:13:40,824 [grpc-default-executor-5] INFO  impl.RoleInfo (RoleInfo.java:updateAndGet(143)) - 1b813ef4-47a4-4bfc-8eb5-c34ae440adb1: start FollowerState
2019-10-21 19:13:40,839 [f2627371-a904-4314-a836-5eb8f54559ec@group-73E40DF2990B-LeaderElection411] INFO  impl.LeaderElection (LeaderElection.java:logAndReturn(56)) - f2627371-a904-4314-a836-5eb8f54559ec@group-73E40DF2990B-LeaderElection411: Election REJECTED; received 2 response(s) [f2627371-a904-4314-a836-5eb8f54559ec<-e6a83585-83d0-4616-a3d5-866875ad8a29#0:FAIL-t467, f2627371-a904-4314-a836-5eb8f54559ec<-1b813ef4-47a4-4bfc-8eb5-c34ae440adb1#0:FAIL-t467] and 0 exception(s); f2627371-a904-4314-a836-5eb8f54559ec@group-73E40DF2990B:t467, leader=null, voted=f2627371-a904-4314-a836-5eb8f54559ec, raftlog=f2627371-a904-4314-a836-5eb8f54559ec@group-73E40DF2990B-SegmentedRaftLog:OPENED:c-1,f-1,i0, conf=-1: [e6a83585-83d0-4616-a3d5-866875ad8a29:192.168.34.32:46159, f2627371-a904-4314-a836-5eb8f54559ec:192.168.34.32:33224, 1b813ef4-47a4-4bfc-8eb5-c34ae440adb1:192.168.34.32:36113], old=null
2019-10-21 19:13:40,839 [f2627371-a904-4314-a836-5eb8f54559ec@group-73E40DF2990B-LeaderElection411] INFO  impl.RaftServerImpl (RaftServerImpl.java:setRole(184)) - f2627371-a904-4314-a836-5eb8f54559ec@group-73E40DF2990B: changes role from CANDIDATE to FOLLOWER at term 467 for DISCOVERED_A_NEW_TERM
2019-10-21 19:13:40,839 [f2627371-a904-4314-a836-5eb8f54559ec@group-73E40DF2990B-LeaderElection411] INFO  impl.RoleInfo (RoleInfo.java:shutdownLeaderElection(134)) - f2627371-a904-4314-a836-5eb8f54559ec: shutdown LeaderElection
2019-10-21 19:13:40,839 [f2627371-a904-4314-a836-5eb8f54559ec@group-73E40DF2990B-LeaderElection411] INFO  impl.RoleInfo (RoleInfo.java:updateAndGet(143)) - f2627371-a904-4314-a836-5eb8f54559ec: start FollowerState
2019-10-21 19:13:41,008 [Thread-3054] INFO  impl.FollowerState (FollowerState.java:run(108)) - f2627371-a904-4314-a836-5eb8f54559ec@group-73E40DF2990B-FollowerState: change to CANDIDATE, lastRpcTime:168ms, electionTimeout:168ms
2019-10-21 19:13:41,008 [Thread-3054] INFO  impl.RoleInfo (RoleInfo.java:shutdownFollowerState(121)) - f2627371-a904-4314-a836-5eb8f54559ec: shutdown FollowerState
2019-10-21 19:13:41,008 [Thread-3054] INFO  impl.RaftServerImpl (RaftServerImpl.java:setRole(184)) - f2627371-a904-4314-a836-5eb8f54559ec@group-73E40DF2990B: changes role from  FOLLOWER to CANDIDATE at term 467 for changeToCandidate
2019-10-21 19:13:41,009 [Thread-3054] INFO  impl.RoleInfo (RoleInfo.java:updateAndGet(143)) - f2627371-a904-4314-a836-5eb8f54559ec: start LeaderElection
2019-10-21 19:13:41,023 [f2627371-a904-4314-a836-5eb8f54559ec@group-73E40DF2990B-LeaderElection412] INFO  impl.LeaderElection (LeaderElection.java:askForVotes(178)) - f2627371-a904-4314-a836-5eb8f54559ec@group-73E40DF2990B-LeaderElection412: begin an election at term 468 for -1: [e6a83585-83d0-4616-a3d5-866875ad8a29:192.168.34.32:46159, f2627371-a904-4314-a836-5eb8f54559ec:192.168.34.32:33224, 1b813ef4-47a4-4bfc-8eb5-c34ae440adb1:192.168.34.32:36113], old=null
2019-10-21 19:13:41,025 [grpc-default-executor-0] INFO  impl.RaftServerImpl (RaftServerImpl.java:setRole(184)) - 1b813ef4-47a4-4bfc-8eb5-c34ae440adb1@group-73E40DF2990B: changes role from  FOLLOWER to FOLLOWER at term 468 for recognizeCandidate:f2627371-a904-4314-a836-5eb8f54559ec
2019-10-21 19:13:41,025 [grpc-default-executor-5] INFO  impl.RaftServerImpl (RaftServerImpl.java:setRole(184)) - e6a83585-83d0-4616-a3d5-866875ad8a29@group-73E40DF2990B: changes role from  FOLLOWER to FOLLOWER at term 468 for recognizeCandidate:f2627371-a904-4314-a836-5eb8f54559ec
2019-10-21 19:13:41,025 [grpc-default-executor-0] INFO  impl.RoleInfo (RoleInfo.java:shutdownFollowerState(121)) - 1b813ef4-47a4-4bfc-8eb5-c34ae440adb1: shutdown FollowerState
2019-10-21 19:13:41,026 [grpc-default-executor-5] INFO  impl.RoleInfo (RoleInfo.java:shutdownFollowerState(121)) - e6a83585-83d0-4616-a3d5-866875ad8a29: shutdown FollowerState
2019-10-21 19:13:41,026 [Thread-3053] INFO  impl.FollowerState (FollowerState.java:run(117)) - 1b813ef4-47a4-4bfc-8eb5-c34ae440adb1@group-73E40DF2990B-FollowerState was interrupted: java.lang.InterruptedException: sleep interrupted
2019-10-21 19:13:41,026 [grpc-default-executor-0] INFO  impl.RoleInfo (RoleInfo.java:updateAndGet(143)) - 1b813ef4-47a4-4bfc-8eb5-c34ae440adb1: start FollowerState
2019-10-21 19:13:41,026 [Thread-3052] INFO  impl.FollowerState (FollowerState.java:run(117)) - e6a83585-83d0-4616-a3d5-866875ad8a29@group-73E40DF2990B-FollowerState was interrupted: java.lang.InterruptedException: sleep interrupted
2019-10-21 19:13:41,026 [grpc-default-executor-5] INFO  impl.RoleInfo (RoleInfo.java:updateAndGet(143)) - e6a83585-83d0-4616-a3d5-866875ad8a29: start FollowerState
2019-10-21 19:13:41,041 [f2627371-a904-4314-a836-5eb8f54559ec@group-73E40DF2990B-LeaderElection412] INFO  impl.LeaderElection (LeaderElection.java:logAndReturn(56)) - f2627371-a904-4314-a836-5eb8f54559ec@group-73E40DF2990B-LeaderElection412: Election REJECTED; received 2 response(s) [f2627371-a904-4314-a836-5eb8f54559ec<-e6a83585-83d0-4616-a3d5-866875ad8a29#0:FAIL-t468, f2627371-a904-4314-a836-5eb8f54559ec<-1b813ef4-47a4-4bfc-8eb5-c34ae440adb1#0:FAIL-t468] and 0 exception(s); f2627371-a904-4314-a836-5eb8f54559ec@group-73E40DF2990B:t468, leader=null, voted=f2627371-a904-4314-a836-5eb8f54559ec, raftlog=f2627371-a904-4314-a836-5eb8f54559ec@group-73E40DF2990B-SegmentedRaftLog:OPENED:c-1,f-1,i0, conf=-1: [e6a83585-83d0-4616-a3d5-866875ad8a29:192.168.34.32:46159, f2627371-a904-4314-a836-5eb8f54559ec:192.168.34.32:33224, 1b813ef4-47a4-4bfc-8eb5-c34ae440adb1:192.168.34.32:36113], old=null
2019-10-21 19:13:41,041 [f2627371-a904-4314-a836-5eb8f54559ec@group-73E40DF2990B-LeaderElection412] INFO  impl.RaftServerImpl (RaftServerImpl.java:setRole(184)) - f2627371-a904-4314-a836-5eb8f54559ec@group-73E40DF2990B: changes role from CANDIDATE to FOLLOWER at term 468 for DISCOVERED_A_NEW_TERM
2019-10-21 19:13:41,041 [f2627371-a904-4314-a836-5eb8f54559ec@group-73E40DF2990B-LeaderElection412] INFO  impl.RoleInfo (RoleInfo.java:shutdownLeaderElection(134)) - f2627371-a904-4314-a836-5eb8f54559ec: shutdown LeaderElection
2019-10-21 19:13:41,042 [f2627371-a904-4314-a836-5eb8f54559ec@group-73E40DF2990B-LeaderElection412] INFO  impl.RoleInfo (RoleInfo.java:updateAndGet(143)) - f2627371-a904-4314-a836-5eb8f54559ec: start FollowerState
2019-10-21 19:13:41,056 [Thread-3060] INFO  impl.FollowerState (FollowerState.java:run(108)) - f2627371-a904-4314-a836-5eb8f54559ec@group-73E40DF2990B-FollowerState: change to CANDIDATE, lastRpcTime:14ms, electionTimeout:14ms
2019-10-21 19:13:41,056 [Thread-3060] INFO  impl.RoleInfo (RoleInfo.java:shutdownFollowerState(121)) - f2627371-a904-4314-a836-5eb8f54559ec: shutdown FollowerState
2019-10-21 19:13:41,056 [Thread-3060] INFO  impl.RaftServerImpl (RaftServerImpl.java:setRole(184)) - f2627371-a904-4314-a836-5eb8f54559ec@group-73E40DF2990B: changes role from  FOLLOWER to CANDIDATE at term 468 for changeToCandidate
2019-10-21 19:13:41,056 [Thread-3060] INFO  impl.RoleInfo (RoleInfo.java:updateAndGet(143)) - f2627371-a904-4314-a836-5eb8f54559ec: start LeaderElection
2019-10-21 19:13:41,070 [f2627371-a904-4314-a836-5eb8f54559ec@group-73E40DF2990B-LeaderElection413] INFO  impl.LeaderElection (LeaderElection.java:askForVotes(178)) - f2627371-a904-4314-a836-5eb8f54559ec@group-73E40DF2990B-LeaderElection413: begin an election at term 469 for -1: [e6a83585-83d0-4616-a3d5-866875ad8a29:192.168.34.32:46159, f2627371-a904-4314-a836-5eb8f54559ec:192.168.34.32:33224, 1b813ef4-47a4-4bfc-8eb5-c34ae440adb1:192.168.34.32:36113], old=null
2019-10-21 19:13:41,071 [grpc-default-executor-5] INFO  impl.RaftServerImpl (RaftServerImpl.java:setRole(184)) - e6a83585-83d0-4616-a3d5-866875ad8a29@group-73E40DF2990B: changes role from  FOLLOWER to FOLLOWER at term 469 for recognizeCandidate:f2627371-a904-4314-a836-5eb8f54559ec
2019-10-21 19:13:41,071 [grpc-default-executor-5] INFO  impl.RoleInfo (RoleInfo.java:shutdownFollowerState(121)) - e6a83585-83d0-4616-a3d5-866875ad8a29: shutdown FollowerState
2019-10-21 19:13:41,071 [grpc-default-executor-5] INFO  impl.RoleInfo (RoleInfo.java:updateAndGet(143)) - e6a83585-83d0-4616-a3d5-866875ad8a29: start FollowerState
2019-10-21 19:13:41,071 [Thread-3059] INFO  impl.FollowerState (FollowerState.java:run(117)) - e6a83585-83d0-4616-a3d5-866875ad8a29@group-73E40DF2990B-FollowerState was interrupted: java.lang.InterruptedException: sleep interrupted
2019-10-21 19:13:41,072 [grpc-default-executor-0] INFO  impl.RaftServerImpl (RaftServerImpl.java:setRole(184)) - 1b813ef4-47a4-4bfc-8eb5-c34ae440adb1@group-73E40DF2990B: changes role from  FOLLOWER to FOLLOWER at term 469 for recognizeCandidate:f2627371-a904-4314-a836-5eb8f54559ec
2019-10-21 19:13:41,072 [grpc-default-executor-0] INFO  impl.RoleInfo (RoleInfo.java:shutdownFollowerState(121)) - 1b813ef4-47a4-4bfc-8eb5-c34ae440adb1: shutdown FollowerState
2019-10-21 19:13:41,072 [grpc-default-executor-0] INFO  impl.RoleInfo (RoleInfo.java:updateAndGet(143)) - 1b813ef4-47a4-4bfc-8eb5-c34ae440adb1: start FollowerState
2019-10-21 19:13:41,072 [Thread-3058] INFO  impl.FollowerState (FollowerState.java:run(117)) - 1b813ef4-47a4-4bfc-8eb5-c34ae440adb1@group-73E40DF2990B-FollowerState was interrupted: java.lang.InterruptedException: sleep interrupted
2019-10-21 19:13:41,086 [f2627371-a904-4314-a836-5eb8f54559ec@group-73E40DF2990B-LeaderElection413] INFO  impl.LeaderElection (LeaderElection.java:logAndReturn(56)) - f2627371-a904-4314-a836-5eb8f54559ec@group-73E40DF2990B-LeaderElection413: Election REJECTED; received 2 response(s) [f2627371-a904-4314-a836-5eb8f54559ec<-e6a83585-83d0-4616-a3d5-866875ad8a29#0:FAIL-t469, f2627371-a904-4314-a836-5eb8f54559ec<-1b813ef4-47a4-4bfc-8eb5-c34ae440adb1#0:FAIL-t469] and 0 exception(s); f2627371-a904-4314-a836-5eb8f54559ec@group-73E40DF2990B:t469, leader=null, voted=f2627371-a904-4314-a836-5eb8f54559ec, raftlog=f2627371-a904-4314-a836-5eb8f54559ec@group-73E40DF2990B-SegmentedRaftLog:OPENED:c-1,f-1,i0, conf=-1: [e6a83585-83d0-4616-a3d5-866875ad8a29:192.168.34.32:46159, f2627371-a904-4314-a836-5eb8f54559ec:192.168.34.32:33224, 1b813ef4-47a4-4bfc-8eb5-c34ae440adb1:192.168.34.32:36113], old=null
2019-10-21 19:13:41,086 [f2627371-a904-4314-a836-5eb8f54559ec@group-73E40DF2990B-LeaderElection413] INFO  impl.RaftServerImpl (RaftServerImpl.java:setRole(184)) - f2627371-a904-4314-a836-5eb8f54559ec@group-73E40DF2990B: changes role from CANDIDATE to FOLLOWER at term 469 for DISCOVERED_A_NEW_TERM
2019-10-21 19:13:41,086 [f2627371-a904-4314-a836-5eb8f54559ec@group-73E40DF2990B-LeaderElection413] INFO  impl.RoleInfo (RoleInfo.java:shutdownLeaderElection(134)) - f2627371-a904-4314-a836-5eb8f54559ec: shutdown LeaderElection
2019-10-21 19:13:41,086 [f2627371-a904-4314-a836-5eb8f54559ec@group-73E40DF2990B-LeaderElection413] INFO  impl.RoleInfo (RoleInfo.java:updateAndGet(143)) - f2627371-a904-4314-a836-5eb8f54559ec: start FollowerState
2019-10-21 19:13:41,099 [Thread-3066] INFO  impl.FollowerState (FollowerState.java:run(108)) - f2627371-a904-4314-a836-5eb8f54559ec@group-73E40DF2990B-FollowerState: change to CANDIDATE, lastRpcTime:12ms, electionTimeout:12ms
2019-10-21 19:13:41,099 [Thread-3066] INFO  impl.RoleInfo (RoleInfo.java:shutdownFollowerState(121)) - f2627371-a904-4314-a836-5eb8f54559ec: shutdown FollowerState
2019-10-21 19:13:41,099 [Thread-3066] INFO  impl.RaftServerImpl (RaftServerImpl.java:setRole(184)) - f2627371-a904-4314-a836-5eb8f54559ec@group-73E40DF2990B: changes role from  FOLLOWER to CANDIDATE at term 469 for changeToCandidate
2019-10-21 19:13:41,099 [Thread-3066] INFO  impl.RoleInfo (RoleInfo.java:updateAndGet(143)) - f2627371-a904-4314-a836-5eb8f54559ec: start LeaderElection
2019-10-21 19:13:41,112 [f2627371-a904-4314-a836-5eb8f54559ec@group-73E40DF2990B-LeaderElection414] INFO  impl.LeaderElection (LeaderElection.java:askForVotes(178)) - f2627371-a904-4314-a836-5eb8f54559ec@group-73E40DF2990B-LeaderElection414: begin an election at term 470 for -1: [e6a83585-83d0-4616-a3d5-866875ad8a29:192.168.34.32:46159, f2627371-a904-4314-a836-5eb8f54559ec:192.168.34.32:33224, 1b813ef4-47a4-4bfc-8eb5-c34ae440adb1:192.168.34.32:36113], old=null
2019-10-21 19:13:41,114 [grpc-default-executor-0] INFO  impl.RaftServerImpl (RaftServerImpl.java:setRole(184)) - 1b813ef4-47a4-4bfc-8eb5-c34ae440adb1@group-73E40DF2990B: changes role from  FOLLOWER to FOLLOWER at term 470 for recognizeCandidate:f2627371-a904-4314-a836-5eb8f54559ec
2019-10-21 19:13:41,114 [grpc-default-executor-0] INFO  impl.RoleInfo (RoleInfo.java:shutdownFollowerState(121)) - 1b813ef4-47a4-4bfc-8eb5-c34ae440adb1: shutdown FollowerState
2019-10-21 19:13:41,115 [grpc-default-executor-0] INFO  impl.RoleInfo (RoleInfo.java:updateAndGet(143)) - 1b813ef4-47a4-4bfc-8eb5-c34ae440adb1: start FollowerState
2019-10-21 19:13:41,115 [Thread-3065] INFO  impl.FollowerState (FollowerState.java:run(117)) - 1b813ef4-47a4-4bfc-8eb5-c34ae440adb1@group-73E40DF2990B-FollowerState was interrupted: java.lang.InterruptedException: sleep interrupted
2019-10-21 19:13:41,115 [grpc-default-executor-5] INFO  impl.RaftServerImpl (RaftServerImpl.java:setRole(184)) - e6a83585-83d0-4616-a3d5-866875ad8a29@group-73E40DF2990B: changes role from  FOLLOWER to FOLLOWER at term 470 for recognizeCandidate:f2627371-a904-4314-a836-5eb8f54559ec
2019-10-21 19:13:41,115 [grpc-default-executor-5] INFO  impl.RoleInfo (RoleInfo.java:shutdownFollowerState(121)) - e6a83585-83d0-4616-a3d5-866875ad8a29: shutdown FollowerState
2019-10-21 19:13:41,115 [grpc-default-executor-5] INFO  impl.RoleInfo (RoleInfo.java:updateAndGet(143)) - e6a83585-83d0-4616-a3d5-866875ad8a29: start FollowerState
2019-10-21 19:13:41,115 [Thread-3064] INFO  impl.FollowerState (FollowerState.java:run(117)) - e6a83585-83d0-4616-a3d5-866875ad8a29@group-73E40DF2990B-FollowerState was interrupted: java.lang.InterruptedException: sleep interrupted
2019-10-21 19:13:41,129 [f2627371-a904-4314-a836-5eb8f54559ec@group-73E40DF2990B-LeaderElection414] INFO  impl.LeaderElection (LeaderElection.java:logAndReturn(56)) - f2627371-a904-4314-a836-5eb8f54559ec@group-73E40DF2990B-LeaderElection414: Election REJECTED; received 2 response(s) [f2627371-a904-4314-a836-5eb8f54559ec<-e6a83585-83d0-4616-a3d5-866875ad8a29#0:FAIL-t470, f2627371-a904-4314-a836-5eb8f54559ec<-1b813ef4-47a4-4bfc-8eb5-c34ae440adb1#0:FAIL-t470] and 0 exception(s); f2627371-a904-4314-a836-5eb8f54559ec@group-73E40DF2990B:t470, leader=null, voted=f2627371-a904-4314-a836-5eb8f54559ec, raftlog=f2627371-a904-4314-a836-5eb8f54559ec@group-73E40DF2990B-SegmentedRaftLog:OPENED:c-1,f-1,i0, conf=-1: [e6a83585-83d0-4616-a3d5-866875ad8a29:192.168.34.32:46159, f2627371-a904-4314-a836-5eb8f54559ec:192.168.34.32:33224, 1b813ef4-47a4-4bfc-8eb5-c34ae440adb1:192.168.34.32:36113], old=null
2019-10-21 19:13:41,129 [f2627371-a904-4314-a836-5eb8f54559ec@group-73E40DF2990B-LeaderElection414] INFO  impl.RaftServerImpl (RaftServerImpl.java:setRole(184)) - f2627371-a904-4314-a836-5eb8f54559ec@group-73E40DF2990B: changes role from CANDIDATE to FOLLOWER at term 470 for DISCOVERED_A_NEW_TERM
2019-10-21 19:13:41,129 [f2627371-a904-4314-a836-5eb8f54559ec@group-73E40DF2990B-LeaderElection414] INFO  impl.RoleInfo (RoleInfo.java:shutdownLeaderElection(134)) - f2627371-a904-4314-a836-5eb8f54559ec: shutdown LeaderElection
2019-10-21 19:13:41,129 [f2627371-a904-4314-a836-5eb8f54559ec@group-73E40DF2990B-LeaderElection414] INFO  impl.RoleInfo (RoleInfo.java:updateAndGet(143)) - f2627371-a904-4314-a836-5eb8f54559ec: start FollowerState
2019-10-21 19:13:41,316 [Thread-3072] INFO  impl.FollowerState (FollowerState.java:run(108)) - f2627371-a904-4314-a836-5eb8f54559ec@group-73E40DF2990B-FollowerState: change to CANDIDATE, lastRpcTime:186ms, electionTimeout:186ms
2019-10-21 19:13:41,316 [Thread-3072] INFO  impl.RoleInfo (RoleInfo.java:shutdownFollowerState(121)) - f2627371-a904-4314-a836-5eb8f54559ec: shutdown FollowerState
2019-10-21 19:13:41,316 [Thread-3072] INFO  impl.RaftServerImpl (RaftServerImpl.java:setRole(184)) - f2627371-a904-4314-a836-5eb8f54559ec@group-73E40DF2990B: changes role from  FOLLOWER to CANDIDATE at term 470 for changeToCandidate
2019-10-21 19:13:41,316 [Thread-3072] INFO  impl.RoleInfo (RoleInfo.java:updateAndGet(143)) - f2627371-a904-4314-a836-5eb8f54559ec: start LeaderElection
2019-10-21 19:13:41,329 [f2627371-a904-4314-a836-5eb8f54559ec@group-73E40DF2990B-LeaderElection415] INFO  impl.LeaderElection (LeaderElection.java:askForVotes(178)) - f2627371-a904-4314-a836-5eb8f54559ec@group-73E40DF2990B-LeaderElection415: begin an election at term 471 for -1: [e6a83585-83d0-4616-a3d5-866875ad8a29:192.168.34.32:46159, f2627371-a904-4314-a836-5eb8f54559ec:192.168.34.32:33224, 1b813ef4-47a4-4bfc-8eb5-c34ae440adb1:192.168.34.32:36113], old=null
2019-10-21 19:13:41,332 [grpc-default-executor-0] INFO  impl.RaftServerImpl (RaftServerImpl.java:setRole(184)) - e6a83585-83d0-4616-a3d5-866875ad8a29@group-73E40DF2990B: changes role from  FOLLOWER to FOLLOWER at term 471 for recognizeCandidate:f2627371-a904-4314-a836-5eb8f54559ec
2019-10-21 19:13:41,332 [grpc-default-executor-0] INFO  impl.RoleInfo (RoleInfo.java:shutdownFollowerState(121)) - e6a83585-83d0-4616-a3d5-866875ad8a29: shutdown FollowerState
2019-10-21 19:13:41,332 [grpc-default-executor-5] INFO  impl.RaftServerImpl (RaftServerImpl.java:setRole(184)) - 1b813ef4-47a4-4bfc-8eb5-c34ae440adb1@group-73E40DF2990B: changes role from  FOLLOWER to FOLLOWER at term 471 for recognizeCandidate:f2627371-a904-4314-a836-5eb8f54559ec
2019-10-21 19:13:41,332 [Thread-3071] INFO  impl.FollowerState (FollowerState.java:run(117)) - e6a83585-83d0-4616-a3d5-866875ad8a29@group-73E40DF2990B-FollowerState was interrupted: java.lang.InterruptedException: sleep interrupted
2019-10-21 19:13:41,332 [grpc-default-executor-0] INFO  impl.RoleInfo (RoleInfo.java:updateAndGet(143)) - e6a83585-83d0-4616-a3d5-866875ad8a29: start FollowerState
2019-10-21 19:13:41,332 [grpc-default-executor-5] INFO  impl.RoleInfo (RoleInfo.java:shutdownFollowerState(121)) - 1b813ef4-47a4-4bfc-8eb5-c34ae440adb1: shutdown FollowerState
2019-10-21 19:13:41,333 [grpc-default-executor-5] INFO  impl.RoleInfo (RoleInfo.java:updateAndGet(143)) - 1b813ef4-47a4-4bfc-8eb5-c34ae440adb1: start FollowerState
2019-10-21 19:13:41,333 [Thread-3070] INFO  impl.FollowerState (FollowerState.java:run(117)) - 1b813ef4-47a4-4bfc-8eb5-c34ae440adb1@group-73E40DF2990B-FollowerState was interrupted: java.lang.InterruptedException: sleep interrupted
2019-10-21 19:13:41,347 [f2627371-a904-4314-a836-5eb8f54559ec@group-73E40DF2990B-LeaderElection415] INFO  impl.LeaderElection (LeaderElection.java:logAndReturn(56)) - f2627371-a904-4314-a836-5eb8f54559ec@group-73E40DF2990B-LeaderElection415: Election REJECTED; received 2 response(s) [f2627371-a904-4314-a836-5eb8f54559ec<-e6a83585-83d0-4616-a3d5-866875ad8a29#0:FAIL-t471, f2627371-a904-4314-a836-5eb8f54559ec<-1b813ef4-47a4-4bfc-8eb5-c34ae440adb1#0:FAIL-t471] and 0 exception(s); f2627371-a904-4314-a836-5eb8f54559ec@group-73E40DF2990B:t471, leader=null, voted=f2627371-a904-4314-a836-5eb8f54559ec, raftlog=f2627371-a904-4314-a836-5eb8f54559ec@group-73E40DF2990B-SegmentedRaftLog:OPENED:c-1,f-1,i0, conf=-1: [e6a83585-83d0-4616-a3d5-866875ad8a29:192.168.34.32:46159, f2627371-a904-4314-a836-5eb8f54559ec:192.168.34.32:33224, 1b813ef4-47a4-4bfc-8eb5-c34ae440adb1:192.168.34.32:36113], old=null
2019-10-21 19:13:41,347 [f2627371-a904-4314-a836-5eb8f54559ec@group-73E40DF2990B-LeaderElection415] INFO  impl.RaftServerImpl (RaftServerImpl.java:setRole(184)) - f2627371-a904-4314-a836-5eb8f54559ec@group-73E40DF2990B: changes role from CANDIDATE to FOLLOWER at term 471 for DISCOVERED_A_NEW_TERM
2019-10-21 19:13:41,348 [f2627371-a904-4314-a836-5eb8f54559ec@group-73E40DF2990B-LeaderElection415] INFO  impl.RoleInfo (RoleInfo.java:shutdownLeaderElection(134)) - f2627371-a904-4314-a836-5eb8f54559ec: shutdown LeaderElection
2019-10-21 19:13:41,348 [f2627371-a904-4314-a836-5eb8f54559ec@group-73E40DF2990B-LeaderElection415] INFO  impl.RoleInfo (RoleInfo.java:updateAndGet(143)) - f2627371-a904-4314-a836-5eb8f54559ec: start FollowerState
2019-10-21 19:13:41,444 [Thread-3078] INFO  impl.FollowerState (FollowerState.java:run(108)) - f2627371-a904-4314-a836-5eb8f54559ec@group-73E40DF2990B-FollowerState: change to CANDIDATE, lastRpcTime:96ms, electionTimeout:96ms
2019-10-21 19:13:41,444 [Thread-3078] INFO  impl.RoleInfo (RoleInfo.java:shutdownFollowerState(121)) - f2627371-a904-4314-a836-5eb8f54559ec: shutdown FollowerState
2019-10-21 19:13:41,444 [Thread-3078] INFO  impl.RaftServerImpl (RaftServerImpl.java:setRole(184)) - f2627371-a904-4314-a836-5eb8f54559ec@group-73E40DF2990B: changes role from  FOLLOWER to CANDIDATE at term 471 for changeToCandidate
2019-10-21 19:13:41,444 [Thread-3078] INFO  impl.RoleInfo (RoleInfo.java:updateAndGet(143)) - f2627371-a904-4314-a836-5eb8f54559ec: start LeaderElection
2019-10-21 19:13:41,459 [f2627371-a904-4314-a836-5eb8f54559ec@group-73E40DF2990B-LeaderElection416] INFO  impl.LeaderElection (LeaderElection.java:askForVotes(178)) - f2627371-a904-4314-a836-5eb8f54559ec@group-73E40DF2990B-LeaderElection416: begin an election at term 472 for -1: [e6a83585-83d0-4616-a3d5-866875ad8a29:192.168.34.32:46159, f2627371-a904-4314-a836-5eb8f54559ec:192.168.34.32:33224, 1b813ef4-47a4-4bfc-8eb5-c34ae440adb1:192.168.34.32:36113], old=null
2019-10-21 19:13:41,460 [grpc-default-executor-0] INFO  impl.RaftServerImpl (RaftServerImpl.java:setRole(184)) - e6a83585-83d0-4616-a3d5-866875ad8a29@group-73E40DF2990B: changes role from  FOLLOWER to FOLLOWER at term 472 for recognizeCandidate:f2627371-a904-4314-a836-5eb8f54559ec
2019-10-21 19:13:41,461 [grpc-default-executor-0] INFO  impl.RoleInfo (RoleInfo.java:shutdownFollowerState(121)) - e6a83585-83d0-4616-a3d5-866875ad8a29: shutdown FollowerState
2019-10-21 19:13:41,461 [grpc-default-executor-5] INFO  impl.RaftServerImpl (RaftServerImpl.java:setRole(184)) - 1b813ef4-47a4-4bfc-8eb5-c34ae440adb1@group-73E40DF2990B: changes role from  FOLLOWER to FOLLOWER at term 472 for recognizeCandidate:f2627371-a904-4314-a836-5eb8f54559ec
2019-10-21 19:13:41,461 [Thread-3076] INFO  impl.FollowerState (FollowerState.java:run(117)) - e6a83585-83d0-4616-a3d5-866875ad8a29@group-73E40DF2990B-FollowerState was interrupted: java.lang.InterruptedException: sleep interrupted
2019-10-21 19:13:41,461 [grpc-default-executor-0] INFO  impl.RoleInfo (RoleInfo.java:updateAndGet(143)) - e6a83585-83d0-4616-a3d5-866875ad8a29: start FollowerState
2019-10-21 19:13:41,461 [grpc-default-executor-5] INFO  impl.RoleInfo (RoleInfo.java:shutdownFollowerState(121)) - 1b813ef4-47a4-4bfc-8eb5-c34ae440adb1: shutdown FollowerState
2019-10-21 19:13:41,462 [grpc-default-executor-5] INFO  impl.RoleInfo (RoleInfo.java:updateAndGet(143)) - 1b813ef4-47a4-4bfc-8eb5-c34ae440adb1: start FollowerState
2019-10-21 19:13:41,462 [Thread-3077] INFO  impl.FollowerState (FollowerState.java:run(117)) - 1b813ef4-47a4-4bfc-8eb5-c34ae440adb1@group-73E40DF2990B-FollowerState was interrupted: java.lang.InterruptedException: sleep interrupted
2019-10-21 19:13:41,476 [f2627371-a904-4314-a836-5eb8f54559ec@group-73E40DF2990B-LeaderElection416] INFO  impl.LeaderElection (LeaderElection.java:logAndReturn(56)) - f2627371-a904-4314-a836-5eb8f54559ec@group-73E40DF2990B-LeaderElection416: Election REJECTED; received 2 response(s) [f2627371-a904-4314-a836-5eb8f54559ec<-e6a83585-83d0-4616-a3d5-866875ad8a29#0:FAIL-t472, f2627371-a904-4314-a836-5eb8f54559ec<-1b813ef4-47a4-4bfc-8eb5-c34ae440adb1#0:FAIL-t472] and 0 exception(s); f2627371-a904-4314-a836-5eb8f54559ec@group-73E40DF2990B:t472, leader=null, voted=f2627371-a904-4314-a836-5eb8f54559ec, raftlog=f2627371-a904-4314-a836-5eb8f54559ec@group-73E40DF2990B-SegmentedRaftLog:OPENED:c-1,f-1,i0, conf=-1: [e6a83585-83d0-4616-a3d5-866875ad8a29:192.168.34.32:46159, f2627371-a904-4314-a836-5eb8f54559ec:192.168.34.32:33224, 1b813ef4-47a4-4bfc-8eb5-c34ae440adb1:192.168.34.32:36113], old=null
2019-10-21 19:13:41,477 [f2627371-a904-4314-a836-5eb8f54559ec@group-73E40DF2990B-LeaderElection416] INFO  impl.RaftServerImpl (RaftServerImpl.java:setRole(184)) - f2627371-a904-4314-a836-5eb8f54559ec@group-73E40DF2990B: changes role from CANDIDATE to FOLLOWER at term 472 for DISCOVERED_A_NEW_TERM
2019-10-21 19:13:41,477 [f2627371-a904-4314-a836-5eb8f54559ec@group-73E40DF2990B-LeaderElection416] INFO  impl.RoleInfo (RoleInfo.java:shutdownLeaderElection(134)) - f2627371-a904-4314-a836-5eb8f54559ec: shutdown LeaderElection
2019-10-21 19:13:41,477 [f2627371-a904-4314-a836-5eb8f54559ec@group-73E40DF2990B-LeaderElection416] INFO  impl.RoleInfo (RoleInfo.java:updateAndGet(143)) - f2627371-a904-4314-a836-5eb8f54559ec: start FollowerState
2019-10-21 19:13:41,517 [Thread-3084] INFO  impl.FollowerState (FollowerState.java:run(108)) - f2627371-a904-4314-a836-5eb8f54559ec@group-73E40DF2990B-FollowerState: change to CANDIDATE, lastRpcTime:40ms, electionTimeout:40ms
2019-10-21 19:13:41,517 [Thread-3084] INFO  impl.RoleInfo (RoleInfo.java:shutdownFollowerState(121)) - f2627371-a904-4314-a836-5eb8f54559ec: shutdown FollowerState
2019-10-21 19:13:41,517 [Thread-3084] INFO  impl.RaftServerImpl (RaftServerImpl.java:setRole(184)) - f2627371-a904-4314-a836-5eb8f54559ec@group-73E40DF2990B: changes role from  FOLLOWER to CANDIDATE at term 472 for changeToCandidate
2019-10-21 19:13:41,518 [Thread-3084] INFO  impl.RoleInfo (RoleInfo.java:updateAndGet(143)) - f2627371-a904-4314-a836-5eb8f54559ec: start LeaderElection
2019-10-21 19:13:41,531 [f2627371-a904-4314-a836-5eb8f54559ec@group-73E40DF2990B-LeaderElection417] INFO  impl.LeaderElection (LeaderElection.java:askForVotes(178)) - f2627371-a904-4314-a836-5eb8f54559ec@group-73E40DF2990B-LeaderElection417: begin an election at term 473 for -1: [e6a83585-83d0-4616-a3d5-866875ad8a29:192.168.34.32:46159, f2627371-a904-4314-a836-5eb8f54559ec:192.168.34.32:33224, 1b813ef4-47a4-4bfc-8eb5-c34ae440adb1:192.168.34.32:36113], old=null
2019-10-21 19:13:41,533 [grpc-default-executor-5] INFO  impl.RaftServerImpl (RaftServerImpl.java:setRole(184)) - e6a83585-83d0-4616-a3d5-866875ad8a29@group-73E40DF2990B: changes role from  FOLLOWER to FOLLOWER at term 473 for recognizeCandidate:f2627371-a904-4314-a836-5eb8f54559ec
2019-10-21 19:13:41,533 [grpc-default-executor-5] INFO  impl.RoleInfo (RoleInfo.java:shutdownFollowerState(121)) - e6a83585-83d0-4616-a3d5-866875ad8a29: shutdown FollowerState
2019-10-21 19:13:41,533 [grpc-default-executor-0] INFO  impl.RaftServerImpl (RaftServerImpl.java:setRole(184)) - 1b813ef4-47a4-4bfc-8eb5-c34ae440adb1@group-73E40DF2990B: changes role from  FOLLOWER to FOLLOWER at term 473 for recognizeCandidate:f2627371-a904-4314-a836-5eb8f54559ec
2019-10-21 19:13:41,533 [grpc-default-executor-0] INFO  impl.RoleInfo (RoleInfo.java:shutdownFollowerState(121)) - 1b813ef4-47a4-4bfc-8eb5-c34ae440adb1: shutdown FollowerState
2019-10-21 19:13:41,533 [grpc-default-executor-5] INFO  impl.RoleInfo (RoleInfo.java:updateAndGet(143)) - e6a83585-83d0-4616-a3d5-866875ad8a29: start FollowerState
2019-10-21 19:13:41,533 [Thread-3082] INFO  impl.FollowerState (FollowerState.java:run(117)) - e6a83585-83d0-4616-a3d5-866875ad8a29@group-73E40DF2990B-FollowerState was interrupted: java.lang.InterruptedException: sleep interrupted
2019-10-21 19:13:41,534 [Thread-3083] INFO  impl.FollowerState (FollowerState.java:run(117)) - 1b813ef4-47a4-4bfc-8eb5-c34ae440adb1@group-73E40DF2990B-FollowerState was interrupted: java.lang.InterruptedException: sleep interrupted
2019-10-21 19:13:41,533 [grpc-default-executor-0] INFO  impl.RoleInfo (RoleInfo.java:updateAndGet(143)) - 1b813ef4-47a4-4bfc-8eb5-c34ae440adb1: start FollowerState
2019-10-21 19:13:41,549 [f2627371-a904-4314-a836-5eb8f54559ec@group-73E40DF2990B-LeaderElection417] INFO  impl.LeaderElection (LeaderElection.java:logAndReturn(56)) - f2627371-a904-4314-a836-5eb8f54559ec@group-73E40DF2990B-LeaderElection417: Election REJECTED; received 2 response(s) [f2627371-a904-4314-a836-5eb8f54559ec<-e6a83585-83d0-4616-a3d5-866875ad8a29#0:FAIL-t473, f2627371-a904-4314-a836-5eb8f54559ec<-1b813ef4-47a4-4bfc-8eb5-c34ae440adb1#0:FAIL-t473] and 0 exception(s); f2627371-a904-4314-a836-5eb8f54559ec@group-73E40DF2990B:t473, leader=null, voted=f2627371-a904-4314-a836-5eb8f54559ec, raftlog=f2627371-a904-4314-a836-5eb8f54559ec@group-73E40DF2990B-SegmentedRaftLog:OPENED:c-1,f-1,i0, conf=-1: [e6a83585-83d0-4616-a3d5-866875ad8a29:192.168.34.32:46159, f2627371-a904-4314-a836-5eb8f54559ec:192.168.34.32:33224, 1b813ef4-47a4-4bfc-8eb5-c34ae440adb1:192.168.34.32:36113], old=null
2019-10-21 19:13:41,549 [f2627371-a904-4314-a836-5eb8f54559ec@group-73E40DF2990B-LeaderElection417] INFO  impl.RaftServerImpl (RaftServerImpl.java:setRole(184)) - f2627371-a904-4314-a836-5eb8f54559ec@group-73E40DF2990B: changes role from CANDIDATE to FOLLOWER at term 473 for DISCOVERED_A_NEW_TERM
2019-10-21 19:13:41,549 [f2627371-a904-4314-a836-5eb8f54559ec@group-73E40DF2990B-LeaderElection417] INFO  impl.RoleInfo (RoleInfo.java:shutdownLeaderElection(134)) - f2627371-a904-4314-a836-5eb8f54559ec: shutdown LeaderElection
2019-10-21 19:13:41,549 [f2627371-a904-4314-a836-5eb8f54559ec@group-73E40DF2990B-LeaderElection417] INFO  impl.RoleInfo (RoleInfo.java:updateAndGet(143)) - f2627371-a904-4314-a836-5eb8f54559ec: start FollowerState
2019-10-21 19:13:41,567 [Thread-280] INFO  ipc.Client (Client.java:handleConnectionFailure(948)) - Retrying connect to server: localhost/127.0.0.1:45457. Already tried 2 time(s); retry policy is RetryUpToMaximumCountWithFixedSleep(maxRetries=10, sleepTime=1000 MILLISECONDS)
2019-10-21 19:13:41,585 [Thread-3090] INFO  impl.FollowerState (FollowerState.java:run(108)) - f2627371-a904-4314-a836-5eb8f54559ec@group-73E40DF2990B-FollowerState: change to CANDIDATE, lastRpcTime:36ms, electionTimeout:36ms
2019-10-21 19:13:41,585 [Thread-3090] INFO  impl.RoleInfo (RoleInfo.java:shutdownFollowerState(121)) - f2627371-a904-4314-a836-5eb8f54559ec: shutdown FollowerState
2019-10-21 19:13:41,586 [Thread-3090] INFO  impl.RaftServerImpl (RaftServerImpl.java:setRole(184)) - f2627371-a904-4314-a836-5eb8f54559ec@group-73E40DF2990B: changes role from  FOLLOWER to CANDIDATE at term 473 for changeToCandidate
2019-10-21 19:13:41,586 [Thread-3090] INFO  impl.RoleInfo (RoleInfo.java:updateAndGet(143)) - f2627371-a904-4314-a836-5eb8f54559ec: start LeaderElection
2019-10-21 19:13:41,600 [f2627371-a904-4314-a836-5eb8f54559ec@group-73E40DF2990B-LeaderElection418] INFO  impl.LeaderElection (LeaderElection.java:askForVotes(178)) - f2627371-a904-4314-a836-5eb8f54559ec@group-73E40DF2990B-LeaderElection418: begin an election at term 474 for -1: [e6a83585-83d0-4616-a3d5-866875ad8a29:192.168.34.32:46159, f2627371-a904-4314-a836-5eb8f54559ec:192.168.34.32:33224, 1b813ef4-47a4-4bfc-8eb5-c34ae440adb1:192.168.34.32:36113], old=null
2019-10-21 19:13:41,601 [grpc-default-executor-5] INFO  impl.RaftServerImpl (RaftServerImpl.java:setRole(184)) - e6a83585-83d0-4616-a3d5-866875ad8a29@group-73E40DF2990B: changes role from  FOLLOWER to FOLLOWER at term 474 for recognizeCandidate:f2627371-a904-4314-a836-5eb8f54559ec
2019-10-21 19:13:41,602 [grpc-default-executor-5] INFO  impl.RoleInfo (RoleInfo.java:shutdownFollowerState(121)) - e6a83585-83d0-4616-a3d5-866875ad8a29: shutdown FollowerState
2019-10-21 19:13:41,602 [grpc-default-executor-5] INFO  impl.RoleInfo (RoleInfo.java:updateAndGet(143)) - e6a83585-83d0-4616-a3d5-866875ad8a29: start FollowerState
2019-10-21 19:13:41,602 [Thread-3088] INFO  impl.FollowerState (FollowerState.java:run(117)) - e6a83585-83d0-4616-a3d5-866875ad8a29@group-73E40DF2990B-FollowerState was interrupted: java.lang.InterruptedException: sleep interrupted
2019-10-21 19:13:41,602 [grpc-default-executor-0] INFO  impl.RaftServerImpl (RaftServerImpl.java:setRole(184)) - 1b813ef4-47a4-4bfc-8eb5-c34ae440adb1@group-73E40DF2990B: changes role from  FOLLOWER to FOLLOWER at term 474 for recognizeCandidate:f2627371-a904-4314-a836-5eb8f54559ec
2019-10-21 19:13:41,602 [grpc-default-executor-0] INFO  impl.RoleInfo (RoleInfo.java:shutdownFollowerState(121)) - 1b813ef4-47a4-4bfc-8eb5-c34ae440adb1: shutdown FollowerState
2019-10-21 19:13:41,602 [grpc-default-executor-0] INFO  impl.RoleInfo (RoleInfo.java:updateAndGet(143)) - 1b813ef4-47a4-4bfc-8eb5-c34ae440adb1: start FollowerState
2019-10-21 19:13:41,603 [Thread-3089] INFO  impl.FollowerState (FollowerState.java:run(117)) - 1b813ef4-47a4-4bfc-8eb5-c34ae440adb1@group-73E40DF2990B-FollowerState was interrupted: java.lang.InterruptedException: sleep interrupted
2019-10-21 19:13:41,615 [f2627371-a904-4314-a836-5eb8f54559ec@group-73E40DF2990B-LeaderElection418] INFO  impl.LeaderElection (LeaderElection.java:logAndReturn(56)) - f2627371-a904-4314-a836-5eb8f54559ec@group-73E40DF2990B-LeaderElection418: Election REJECTED; received 2 response(s) [f2627371-a904-4314-a836-5eb8f54559ec<-e6a83585-83d0-4616-a3d5-866875ad8a29#0:FAIL-t474, f2627371-a904-4314-a836-5eb8f54559ec<-1b813ef4-47a4-4bfc-8eb5-c34ae440adb1#0:FAIL-t474] and 0 exception(s); f2627371-a904-4314-a836-5eb8f54559ec@group-73E40DF2990B:t474, leader=null, voted=f2627371-a904-4314-a836-5eb8f54559ec, raftlog=f2627371-a904-4314-a836-5eb8f54559ec@group-73E40DF2990B-SegmentedRaftLog:OPENED:c-1,f-1,i0, conf=-1: [e6a83585-83d0-4616-a3d5-866875ad8a29:192.168.34.32:46159, f2627371-a904-4314-a836-5eb8f54559ec:192.168.34.32:33224, 1b813ef4-47a4-4bfc-8eb5-c34ae440adb1:192.168.34.32:36113], old=null
2019-10-21 19:13:41,616 [f2627371-a904-4314-a836-5eb8f54559ec@group-73E40DF2990B-LeaderElection418] INFO  impl.RaftServerImpl (RaftServerImpl.java:setRole(184)) - f2627371-a904-4314-a836-5eb8f54559ec@group-73E40DF2990B: changes role from CANDIDATE to FOLLOWER at term 474 for DISCOVERED_A_NEW_TERM
2019-10-21 19:13:41,616 [f2627371-a904-4314-a836-5eb8f54559ec@group-73E40DF2990B-LeaderElection418] INFO  impl.RoleInfo (RoleInfo.java:shutdownLeaderElection(134)) - f2627371-a904-4314-a836-5eb8f54559ec: shutdown LeaderElection
2019-10-21 19:13:41,616 [f2627371-a904-4314-a836-5eb8f54559ec@group-73E40DF2990B-LeaderElection418] INFO  impl.RoleInfo (RoleInfo.java:updateAndGet(143)) - f2627371-a904-4314-a836-5eb8f54559ec: start FollowerState
2019-10-21 19:13:41,628 [Thread-3096] INFO  impl.FollowerState (FollowerState.java:run(108)) - f2627371-a904-4314-a836-5eb8f54559ec@group-73E40DF2990B-FollowerState: change to CANDIDATE, lastRpcTime:12ms, electionTimeout:12ms
2019-10-21 19:13:41,628 [Thread-3096] INFO  impl.RoleInfo (RoleInfo.java:shutdownFollowerState(121)) - f2627371-a904-4314-a836-5eb8f54559ec: shutdown FollowerState
2019-10-21 19:13:41,628 [Thread-3096] INFO  impl.RaftServerImpl (RaftServerImpl.java:setRole(184)) - f2627371-a904-4314-a836-5eb8f54559ec@group-73E40DF2990B: changes role from  FOLLOWER to CANDIDATE at term 474 for changeToCandidate
2019-10-21 19:13:41,629 [Thread-3096] INFO  impl.RoleInfo (RoleInfo.java:updateAndGet(143)) - f2627371-a904-4314-a836-5eb8f54559ec: start LeaderElection
2019-10-21 19:13:41,642 [f2627371-a904-4314-a836-5eb8f54559ec@group-73E40DF2990B-LeaderElection419] INFO  impl.LeaderElection (LeaderElection.java:askForVotes(178)) - f2627371-a904-4314-a836-5eb8f54559ec@group-73E40DF2990B-LeaderElection419: begin an election at term 475 for -1: [e6a83585-83d0-4616-a3d5-866875ad8a29:192.168.34.32:46159, f2627371-a904-4314-a836-5eb8f54559ec:192.168.34.32:33224, 1b813ef4-47a4-4bfc-8eb5-c34ae440adb1:192.168.34.32:36113], old=null
2019-10-21 19:13:41,644 [grpc-default-executor-0] INFO  impl.RaftServerImpl (RaftServerImpl.java:setRole(184)) - e6a83585-83d0-4616-a3d5-866875ad8a29@group-73E40DF2990B: changes role from  FOLLOWER to FOLLOWER at term 475 for recognizeCandidate:f2627371-a904-4314-a836-5eb8f54559ec
2019-10-21 19:13:41,644 [grpc-default-executor-0] INFO  impl.RoleInfo (RoleInfo.java:shutdownFollowerState(121)) - e6a83585-83d0-4616-a3d5-866875ad8a29: shutdown FollowerState
2019-10-21 19:13:41,645 [grpc-default-executor-0] INFO  impl.RoleInfo (RoleInfo.java:updateAndGet(143)) - e6a83585-83d0-4616-a3d5-866875ad8a29: start FollowerState
2019-10-21 19:13:41,645 [grpc-default-executor-5] INFO  impl.RaftServerImpl (RaftServerImpl.java:setRole(184)) - 1b813ef4-47a4-4bfc-8eb5-c34ae440adb1@group-73E40DF2990B: changes role from  FOLLOWER to FOLLOWER at term 475 for recognizeCandidate:f2627371-a904-4314-a836-5eb8f54559ec
2019-10-21 19:13:41,645 [Thread-3094] INFO  impl.FollowerState (FollowerState.java:run(117)) - e6a83585-83d0-4616-a3d5-866875ad8a29@group-73E40DF2990B-FollowerState was interrupted: java.lang.InterruptedException: sleep interrupted
2019-10-21 19:13:41,645 [grpc-default-executor-5] INFO  impl.RoleInfo (RoleInfo.java:shutdownFollowerState(121)) - 1b813ef4-47a4-4bfc-8eb5-c34ae440adb1: shutdown FollowerState
2019-10-21 19:13:41,645 [grpc-default-executor-5] INFO  impl.RoleInfo (RoleInfo.java:updateAndGet(143)) - 1b813ef4-47a4-4bfc-8eb5-c34ae440adb1: start FollowerState
2019-10-21 19:13:41,645 [Thread-3095] INFO  impl.FollowerState (FollowerState.java:run(117)) - 1b813ef4-47a4-4bfc-8eb5-c34ae440adb1@group-73E40DF2990B-FollowerState was interrupted: java.lang.InterruptedException: sleep interrupted
2019-10-21 19:13:41,659 [f2627371-a904-4314-a836-5eb8f54559ec@group-73E40DF2990B-LeaderElection419] INFO  impl.LeaderElection (LeaderElection.java:logAndReturn(56)) - f2627371-a904-4314-a836-5eb8f54559ec@group-73E40DF2990B-LeaderElection419: Election REJECTED; received 2 response(s) [f2627371-a904-4314-a836-5eb8f54559ec<-e6a83585-83d0-4616-a3d5-866875ad8a29#0:FAIL-t475, f2627371-a904-4314-a836-5eb8f54559ec<-1b813ef4-47a4-4bfc-8eb5-c34ae440adb1#0:FAIL-t475] and 0 exception(s); f2627371-a904-4314-a836-5eb8f54559ec@group-73E40DF2990B:t475, leader=null, voted=f2627371-a904-4314-a836-5eb8f54559ec, raftlog=f2627371-a904-4314-a836-5eb8f54559ec@group-73E40DF2990B-SegmentedRaftLog:OPENED:c-1,f-1,i0, conf=-1: [e6a83585-83d0-4616-a3d5-866875ad8a29:192.168.34.32:46159, f2627371-a904-4314-a836-5eb8f54559ec:192.168.34.32:33224, 1b813ef4-47a4-4bfc-8eb5-c34ae440adb1:192.168.34.32:36113], old=null
2019-10-21 19:13:41,659 [f2627371-a904-4314-a836-5eb8f54559ec@group-73E40DF2990B-LeaderElection419] INFO  impl.RaftServerImpl (RaftServerImpl.java:setRole(184)) - f2627371-a904-4314-a836-5eb8f54559ec@group-73E40DF2990B: changes role from CANDIDATE to FOLLOWER at term 475 for DISCOVERED_A_NEW_TERM
2019-10-21 19:13:41,659 [f2627371-a904-4314-a836-5eb8f54559ec@group-73E40DF2990B-LeaderElection419] INFO  impl.RoleInfo (RoleInfo.java:shutdownLeaderElection(134)) - f2627371-a904-4314-a836-5eb8f54559ec: shutdown LeaderElection
2019-10-21 19:13:41,659 [f2627371-a904-4314-a836-5eb8f54559ec@group-73E40DF2990B-LeaderElection419] INFO  impl.RoleInfo (RoleInfo.java:updateAndGet(143)) - f2627371-a904-4314-a836-5eb8f54559ec: start FollowerState
2019-10-21 19:13:41,856 [Thread-3102] INFO  impl.FollowerState (FollowerState.java:run(108)) - f2627371-a904-4314-a836-5eb8f54559ec@group-73E40DF2990B-FollowerState: change to CANDIDATE, lastRpcTime:196ms, electionTimeout:196ms
2019-10-21 19:13:41,856 [Thread-3102] INFO  impl.RoleInfo (RoleInfo.java:shutdownFollowerState(121)) - f2627371-a904-4314-a836-5eb8f54559ec: shutdown FollowerState
2019-10-21 19:13:41,856 [Thread-3102] INFO  impl.RaftServerImpl (RaftServerImpl.java:setRole(184)) - f2627371-a904-4314-a836-5eb8f54559ec@group-73E40DF2990B: changes role from  FOLLOWER to CANDIDATE at term 475 for changeToCandidate
2019-10-21 19:13:41,856 [Thread-3102] INFO  impl.RoleInfo (RoleInfo.java:updateAndGet(143)) - f2627371-a904-4314-a836-5eb8f54559ec: start LeaderElection
2019-10-21 19:13:41,870 [f2627371-a904-4314-a836-5eb8f54559ec@group-73E40DF2990B-LeaderElection420] INFO  impl.LeaderElection (LeaderElection.java:askForVotes(178)) - f2627371-a904-4314-a836-5eb8f54559ec@group-73E40DF2990B-LeaderElection420: begin an election at term 476 for -1: [e6a83585-83d0-4616-a3d5-866875ad8a29:192.168.34.32:46159, f2627371-a904-4314-a836-5eb8f54559ec:192.168.34.32:33224, 1b813ef4-47a4-4bfc-8eb5-c34ae440adb1:192.168.34.32:36113], old=null
2019-10-21 19:13:41,872 [grpc-default-executor-5] INFO  impl.RaftServerImpl (RaftServerImpl.java:setRole(184)) - e6a83585-83d0-4616-a3d5-866875ad8a29@group-73E40DF2990B: changes role from  FOLLOWER to FOLLOWER at term 476 for recognizeCandidate:f2627371-a904-4314-a836-5eb8f54559ec
2019-10-21 19:13:41,872 [grpc-default-executor-5] INFO  impl.RoleInfo (RoleInfo.java:shutdownFollowerState(121)) - e6a83585-83d0-4616-a3d5-866875ad8a29: shutdown FollowerState
2019-10-21 19:13:41,872 [grpc-default-executor-0] INFO  impl.RaftServerImpl (RaftServerImpl.java:setRole(184)) - 1b813ef4-47a4-4bfc-8eb5-c34ae440adb1@group-73E40DF2990B: changes role from  FOLLOWER to FOLLOWER at term 476 for recognizeCandidate:f2627371-a904-4314-a836-5eb8f54559ec
2019-10-21 19:13:41,872 [grpc-default-executor-0] INFO  impl.RoleInfo (RoleInfo.java:shutdownFollowerState(121)) - 1b813ef4-47a4-4bfc-8eb5-c34ae440adb1: shutdown FollowerState
2019-10-21 19:13:41,872 [Thread-3100] INFO  impl.FollowerState (FollowerState.java:run(117)) - e6a83585-83d0-4616-a3d5-866875ad8a29@group-73E40DF2990B-FollowerState was interrupted: java.lang.InterruptedException: sleep interrupted
2019-10-21 19:13:41,872 [grpc-default-executor-5] INFO  impl.RoleInfo (RoleInfo.java:updateAndGet(143)) - e6a83585-83d0-4616-a3d5-866875ad8a29: start FollowerState
2019-10-21 19:13:41,872 [Thread-3101] INFO  impl.FollowerState (FollowerState.java:run(117)) - 1b813ef4-47a4-4bfc-8eb5-c34ae440adb1@group-73E40DF2990B-FollowerState was interrupted: java.lang.InterruptedException: sleep interrupted
2019-10-21 19:13:41,872 [grpc-default-executor-0] INFO  impl.RoleInfo (RoleInfo.java:updateAndGet(143)) - 1b813ef4-47a4-4bfc-8eb5-c34ae440adb1: start FollowerState
2019-10-21 19:13:41,887 [f2627371-a904-4314-a836-5eb8f54559ec@group-73E40DF2990B-LeaderElection420] INFO  impl.LeaderElection (LeaderElection.java:logAndReturn(56)) - f2627371-a904-4314-a836-5eb8f54559ec@group-73E40DF2990B-LeaderElection420: Election REJECTED; received 2 response(s) [f2627371-a904-4314-a836-5eb8f54559ec<-e6a83585-83d0-4616-a3d5-866875ad8a29#0:FAIL-t476, f2627371-a904-4314-a836-5eb8f54559ec<-1b813ef4-47a4-4bfc-8eb5-c34ae440adb1#0:FAIL-t476] and 0 exception(s); f2627371-a904-4314-a836-5eb8f54559ec@group-73E40DF2990B:t476, leader=null, voted=f2627371-a904-4314-a836-5eb8f54559ec, raftlog=f2627371-a904-4314-a836-5eb8f54559ec@group-73E40DF2990B-SegmentedRaftLog:OPENED:c-1,f-1,i0, conf=-1: [e6a83585-83d0-4616-a3d5-866875ad8a29:192.168.34.32:46159, f2627371-a904-4314-a836-5eb8f54559ec:192.168.34.32:33224, 1b813ef4-47a4-4bfc-8eb5-c34ae440adb1:192.168.34.32:36113], old=null
2019-10-21 19:13:41,887 [f2627371-a904-4314-a836-5eb8f54559ec@group-73E40DF2990B-LeaderElection420] INFO  impl.RaftServerImpl (RaftServerImpl.java:setRole(184)) - f2627371-a904-4314-a836-5eb8f54559ec@group-73E40DF2990B: changes role from CANDIDATE to FOLLOWER at term 476 for DISCOVERED_A_NEW_TERM
2019-10-21 19:13:41,888 [f2627371-a904-4314-a836-5eb8f54559ec@group-73E40DF2990B-LeaderElection420] INFO  impl.RoleInfo (RoleInfo.java:shutdownLeaderElection(134)) - f2627371-a904-4314-a836-5eb8f54559ec: shutdown LeaderElection
2019-10-21 19:13:41,888 [f2627371-a904-4314-a836-5eb8f54559ec@group-73E40DF2990B-LeaderElection420] INFO  impl.RoleInfo (RoleInfo.java:updateAndGet(143)) - f2627371-a904-4314-a836-5eb8f54559ec: start FollowerState
2019-10-21 19:13:42,029 [Thread-3110] INFO  impl.FollowerState (FollowerState.java:run(108)) - f2627371-a904-4314-a836-5eb8f54559ec@group-73E40DF2990B-FollowerState: change to CANDIDATE, lastRpcTime:141ms, electionTimeout:141ms
2019-10-21 19:13:42,029 [Thread-3110] INFO  impl.RoleInfo (RoleInfo.java:shutdownFollowerState(121)) - f2627371-a904-4314-a836-5eb8f54559ec: shutdown FollowerState
2019-10-21 19:13:42,029 [Thread-3110] INFO  impl.RaftServerImpl (RaftServerImpl.java:setRole(184)) - f2627371-a904-4314-a836-5eb8f54559ec@group-73E40DF2990B: changes role from  FOLLOWER to CANDIDATE at term 476 for changeToCandidate
2019-10-21 19:13:42,030 [Thread-3110] INFO  impl.RoleInfo (RoleInfo.java:updateAndGet(143)) - f2627371-a904-4314-a836-5eb8f54559ec: start LeaderElection
2019-10-21 19:13:42,043 [f2627371-a904-4314-a836-5eb8f54559ec@group-73E40DF2990B-LeaderElection421] INFO  impl.LeaderElection (LeaderElection.java:askForVotes(178)) - f2627371-a904-4314-a836-5eb8f54559ec@group-73E40DF2990B-LeaderElection421: begin an election at term 477 for -1: [e6a83585-83d0-4616-a3d5-866875ad8a29:192.168.34.32:46159, f2627371-a904-4314-a836-5eb8f54559ec:192.168.34.32:33224, 1b813ef4-47a4-4bfc-8eb5-c34ae440adb1:192.168.34.32:36113], old=null
2019-10-21 19:13:42,046 [grpc-default-executor-5] INFO  impl.RaftServerImpl (RaftServerImpl.java:setRole(184)) - e6a83585-83d0-4616-a3d5-866875ad8a29@group-73E40DF2990B: changes role from  FOLLOWER to FOLLOWER at term 477 for recognizeCandidate:f2627371-a904-4314-a836-5eb8f54559ec
2019-10-21 19:13:42,046 [grpc-default-executor-5] INFO  impl.RoleInfo (RoleInfo.java:shutdownFollowerState(121)) - e6a83585-83d0-4616-a3d5-866875ad8a29: shutdown FollowerState
2019-10-21 19:13:42,046 [grpc-default-executor-5] INFO  impl.RoleInfo (RoleInfo.java:updateAndGet(143)) - e6a83585-83d0-4616-a3d5-866875ad8a29: start FollowerState
2019-10-21 19:13:42,046 [grpc-default-executor-0] INFO  impl.RaftServerImpl (RaftServerImpl.java:setRole(184)) - 1b813ef4-47a4-4bfc-8eb5-c34ae440adb1@group-73E40DF2990B: changes role from  FOLLOWER to FOLLOWER at term 477 for recognizeCandidate:f2627371-a904-4314-a836-5eb8f54559ec
2019-10-21 19:13:42,046 [Thread-3108] INFO  impl.FollowerState (FollowerState.java:run(117)) - e6a83585-83d0-4616-a3d5-866875ad8a29@group-73E40DF2990B-FollowerState was interrupted: java.lang.InterruptedException: sleep interrupted
2019-10-21 19:13:42,047 [grpc-default-executor-0] INFO  impl.RoleInfo (RoleInfo.java:shutdownFollowerState(121)) - 1b813ef4-47a4-4bfc-8eb5-c34ae440adb1: shutdown FollowerState
2019-10-21 19:13:42,047 [grpc-default-executor-0] INFO  impl.RoleInfo (RoleInfo.java:updateAndGet(143)) - 1b813ef4-47a4-4bfc-8eb5-c34ae440adb1: start FollowerState
2019-10-21 19:13:42,047 [Thread-3109] INFO  impl.FollowerState (FollowerState.java:run(117)) - 1b813ef4-47a4-4bfc-8eb5-c34ae440adb1@group-73E40DF2990B-FollowerState was interrupted: java.lang.InterruptedException: sleep interrupted
2019-10-21 19:13:42,060 [f2627371-a904-4314-a836-5eb8f54559ec@group-73E40DF2990B-LeaderElection421] INFO  impl.LeaderElection (LeaderElection.java:logAndReturn(56)) - f2627371-a904-4314-a836-5eb8f54559ec@group-73E40DF2990B-LeaderElection421: Election TIMEOUT; received 0 response(s) [] and 0 exception(s); f2627371-a904-4314-a836-5eb8f54559ec@group-73E40DF2990B:t477, leader=null, voted=f2627371-a904-4314-a836-5eb8f54559ec, raftlog=f2627371-a904-4314-a836-5eb8f54559ec@group-73E40DF2990B-SegmentedRaftLog:OPENED:c-1,f-1,i0, conf=-1: [e6a83585-83d0-4616-a3d5-866875ad8a29:192.168.34.32:46159, f2627371-a904-4314-a836-5eb8f54559ec:192.168.34.32:33224, 1b813ef4-47a4-4bfc-8eb5-c34ae440adb1:192.168.34.32:36113], old=null
2019-10-21 19:13:42,083 [f2627371-a904-4314-a836-5eb8f54559ec@group-73E40DF2990B-LeaderElection421] INFO  impl.LeaderElection (LeaderElection.java:askForVotes(178)) - f2627371-a904-4314-a836-5eb8f54559ec@group-73E40DF2990B-LeaderElection421: begin an election at term 478 for -1: [e6a83585-83d0-4616-a3d5-866875ad8a29:192.168.34.32:46159, f2627371-a904-4314-a836-5eb8f54559ec:192.168.34.32:33224, 1b813ef4-47a4-4bfc-8eb5-c34ae440adb1:192.168.34.32:36113], old=null
2019-10-21 19:13:42,256 [grpc-default-executor-0] INFO  impl.RaftServerImpl (RaftServerImpl.java:setRole(184)) - e6a83585-83d0-4616-a3d5-866875ad8a29@group-73E40DF2990B: changes role from  FOLLOWER to FOLLOWER at term 478 for recognizeCandidate:f2627371-a904-4314-a836-5eb8f54559ec
2019-10-21 19:13:42,256 [grpc-default-executor-5] INFO  impl.RaftServerImpl (RaftServerImpl.java:setRole(184)) - 1b813ef4-47a4-4bfc-8eb5-c34ae440adb1@group-73E40DF2990B: changes role from  FOLLOWER to FOLLOWER at term 478 for recognizeCandidate:f2627371-a904-4314-a836-5eb8f54559ec
2019-10-21 19:13:42,256 [grpc-default-executor-5] INFO  impl.RoleInfo (RoleInfo.java:shutdownFollowerState(121)) - 1b813ef4-47a4-4bfc-8eb5-c34ae440adb1: shutdown FollowerState
2019-10-21 19:13:42,256 [grpc-default-executor-0] INFO  impl.RoleInfo (RoleInfo.java:shutdownFollowerState(121)) - e6a83585-83d0-4616-a3d5-866875ad8a29: shutdown FollowerState
2019-10-21 19:13:42,256 [grpc-default-executor-5] INFO  impl.RoleInfo (RoleInfo.java:updateAndGet(143)) - 1b813ef4-47a4-4bfc-8eb5-c34ae440adb1: start FollowerState
2019-10-21 19:13:42,257 [Thread-3115] INFO  impl.FollowerState (FollowerState.java:run(117)) - 1b813ef4-47a4-4bfc-8eb5-c34ae440adb1@group-73E40DF2990B-FollowerState was interrupted: java.lang.InterruptedException: sleep interrupted
2019-10-21 19:13:42,257 [Thread-3114] INFO  impl.FollowerState (FollowerState.java:run(117)) - e6a83585-83d0-4616-a3d5-866875ad8a29@group-73E40DF2990B-FollowerState was interrupted: java.lang.InterruptedException: sleep interrupted
2019-10-21 19:13:42,257 [grpc-default-executor-0] INFO  impl.RoleInfo (RoleInfo.java:updateAndGet(143)) - e6a83585-83d0-4616-a3d5-866875ad8a29: start FollowerState
2019-10-21 19:13:42,271 [f2627371-a904-4314-a836-5eb8f54559ec@group-73E40DF2990B-LeaderElection421] INFO  impl.LeaderElection (LeaderElection.java:logAndReturn(56)) - f2627371-a904-4314-a836-5eb8f54559ec@group-73E40DF2990B-LeaderElection421: Election REJECTED; received 2 response(s) [f2627371-a904-4314-a836-5eb8f54559ec<-e6a83585-83d0-4616-a3d5-866875ad8a29#0:FAIL-t478, f2627371-a904-4314-a836-5eb8f54559ec<-1b813ef4-47a4-4bfc-8eb5-c34ae440adb1#0:FAIL-t478] and 0 exception(s); f2627371-a904-4314-a836-5eb8f54559ec@group-73E40DF2990B:t478, leader=null, voted=f2627371-a904-4314-a836-5eb8f54559ec, raftlog=f2627371-a904-4314-a836-5eb8f54559ec@group-73E40DF2990B-SegmentedRaftLog:OPENED:c-1,f-1,i0, conf=-1: [e6a83585-83d0-4616-a3d5-866875ad8a29:192.168.34.32:46159, f2627371-a904-4314-a836-5eb8f54559ec:192.168.34.32:33224, 1b813ef4-47a4-4bfc-8eb5-c34ae440adb1:192.168.34.32:36113], old=null
2019-10-21 19:13:42,271 [f2627371-a904-4314-a836-5eb8f54559ec@group-73E40DF2990B-LeaderElection421] INFO  impl.RaftServerImpl (RaftServerImpl.java:setRole(184)) - f2627371-a904-4314-a836-5eb8f54559ec@group-73E40DF2990B: changes role from CANDIDATE to FOLLOWER at term 478 for DISCOVERED_A_NEW_TERM
2019-10-21 19:13:42,271 [f2627371-a904-4314-a836-5eb8f54559ec@group-73E40DF2990B-LeaderElection421] INFO  impl.RoleInfo (RoleInfo.java:shutdownLeaderElection(134)) - f2627371-a904-4314-a836-5eb8f54559ec: shutdown LeaderElection
2019-10-21 19:13:42,271 [f2627371-a904-4314-a836-5eb8f54559ec@group-73E40DF2990B-LeaderElection421] INFO  impl.RoleInfo (RoleInfo.java:updateAndGet(143)) - f2627371-a904-4314-a836-5eb8f54559ec: start FollowerState
2019-10-21 19:13:42,421 [Thread-3120] INFO  impl.FollowerState (FollowerState.java:run(108)) - f2627371-a904-4314-a836-5eb8f54559ec@group-73E40DF2990B-FollowerState: change to CANDIDATE, lastRpcTime:149ms, electionTimeout:149ms
2019-10-21 19:13:42,421 [Thread-3120] INFO  impl.RoleInfo (RoleInfo.java:shutdownFollowerState(121)) - f2627371-a904-4314-a836-5eb8f54559ec: shutdown FollowerState
2019-10-21 19:13:42,421 [Thread-3120] INFO  impl.RaftServerImpl (RaftServerImpl.java:setRole(184)) - f2627371-a904-4314-a836-5eb8f54559ec@group-73E40DF2990B: changes role from  FOLLOWER to CANDIDATE at term 478 for changeToCandidate
2019-10-21 19:13:42,421 [Thread-3120] INFO  impl.RoleInfo (RoleInfo.java:updateAndGet(143)) - f2627371-a904-4314-a836-5eb8f54559ec: start LeaderElection
2019-10-21 19:13:42,435 [f2627371-a904-4314-a836-5eb8f54559ec@group-73E40DF2990B-LeaderElection422] INFO  impl.LeaderElection (LeaderElection.java:askForVotes(178)) - f2627371-a904-4314-a836-5eb8f54559ec@group-73E40DF2990B-LeaderElection422: begin an election at term 479 for -1: [e6a83585-83d0-4616-a3d5-866875ad8a29:192.168.34.32:46159, f2627371-a904-4314-a836-5eb8f54559ec:192.168.34.32:33224, 1b813ef4-47a4-4bfc-8eb5-c34ae440adb1:192.168.34.32:36113], old=null
2019-10-21 19:13:42,437 [grpc-default-executor-0] INFO  impl.RaftServerImpl (RaftServerImpl.java:setRole(184)) - e6a83585-83d0-4616-a3d5-866875ad8a29@group-73E40DF2990B: changes role from  FOLLOWER to FOLLOWER at term 479 for recognizeCandidate:f2627371-a904-4314-a836-5eb8f54559ec
2019-10-21 19:13:42,437 [grpc-default-executor-0] INFO  impl.RoleInfo (RoleInfo.java:shutdownFollowerState(121)) - e6a83585-83d0-4616-a3d5-866875ad8a29: shutdown FollowerState
2019-10-21 19:13:42,437 [grpc-default-executor-0] INFO  impl.RoleInfo (RoleInfo.java:updateAndGet(143)) - e6a83585-83d0-4616-a3d5-866875ad8a29: start FollowerState
2019-10-21 19:13:42,437 [f2627371-a904-4314-a836-5eb8f54559ec@group-73E40DF2990B-LeaderElection422] INFO  impl.LeaderElection (LeaderElection.java:logAndReturn(56)) - f2627371-a904-4314-a836-5eb8f54559ec@group-73E40DF2990B-LeaderElection422: Election TIMEOUT; received 0 response(s) [] and 0 exception(s); f2627371-a904-4314-a836-5eb8f54559ec@group-73E40DF2990B:t479, leader=null, voted=f2627371-a904-4314-a836-5eb8f54559ec, raftlog=f2627371-a904-4314-a836-5eb8f54559ec@group-73E40DF2990B-SegmentedRaftLog:OPENED:c-1,f-1,i0, conf=-1: [e6a83585-83d0-4616-a3d5-866875ad8a29:192.168.34.32:46159, f2627371-a904-4314-a836-5eb8f54559ec:192.168.34.32:33224, 1b813ef4-47a4-4bfc-8eb5-c34ae440adb1:192.168.34.32:36113], old=null
2019-10-21 19:13:42,437 [Thread-3119] INFO  impl.FollowerState (FollowerState.java:run(117)) - e6a83585-83d0-4616-a3d5-866875ad8a29@group-73E40DF2990B-FollowerState was interrupted: java.lang.InterruptedException: sleep interrupted
2019-10-21 19:13:42,437 [grpc-default-executor-5] INFO  impl.RaftServerImpl (RaftServerImpl.java:setRole(184)) - 1b813ef4-47a4-4bfc-8eb5-c34ae440adb1@group-73E40DF2990B: changes role from  FOLLOWER to FOLLOWER at term 479 for recognizeCandidate:f2627371-a904-4314-a836-5eb8f54559ec
2019-10-21 19:13:42,438 [grpc-default-executor-5] INFO  impl.RoleInfo (RoleInfo.java:shutdownFollowerState(121)) - 1b813ef4-47a4-4bfc-8eb5-c34ae440adb1: shutdown FollowerState
2019-10-21 19:13:42,438 [grpc-default-executor-5] INFO  impl.RoleInfo (RoleInfo.java:updateAndGet(143)) - 1b813ef4-47a4-4bfc-8eb5-c34ae440adb1: start FollowerState
2019-10-21 19:13:42,438 [Thread-3118] INFO  impl.FollowerState (FollowerState.java:run(117)) - 1b813ef4-47a4-4bfc-8eb5-c34ae440adb1@group-73E40DF2990B-FollowerState was interrupted: java.lang.InterruptedException: sleep interrupted
2019-10-21 19:13:42,451 [f2627371-a904-4314-a836-5eb8f54559ec@group-73E40DF2990B-LeaderElection422] INFO  impl.LeaderElection (LeaderElection.java:askForVotes(178)) - f2627371-a904-4314-a836-5eb8f54559ec@group-73E40DF2990B-LeaderElection422: begin an election at term 480 for -1: [e6a83585-83d0-4616-a3d5-866875ad8a29:192.168.34.32:46159, f2627371-a904-4314-a836-5eb8f54559ec:192.168.34.32:33224, 1b813ef4-47a4-4bfc-8eb5-c34ae440adb1:192.168.34.32:36113], old=null
2019-10-21 19:13:42,453 [grpc-default-executor-0] INFO  impl.RaftServerImpl (RaftServerImpl.java:setRole(184)) - e6a83585-83d0-4616-a3d5-866875ad8a29@group-73E40DF2990B: changes role from  FOLLOWER to FOLLOWER at term 480 for recognizeCandidate:f2627371-a904-4314-a836-5eb8f54559ec
2019-10-21 19:13:42,453 [grpc-default-executor-0] INFO  impl.RoleInfo (RoleInfo.java:shutdownFollowerState(121)) - e6a83585-83d0-4616-a3d5-866875ad8a29: shutdown FollowerState
2019-10-21 19:13:42,453 [grpc-default-executor-5] INFO  impl.RaftServerImpl (RaftServerImpl.java:setRole(184)) - 1b813ef4-47a4-4bfc-8eb5-c34ae440adb1@group-73E40DF2990B: changes role from  FOLLOWER to FOLLOWER at term 480 for recognizeCandidate:f2627371-a904-4314-a836-5eb8f54559ec
2019-10-21 19:13:42,453 [grpc-default-executor-5] INFO  impl.RoleInfo (RoleInfo.java:shutdownFollowerState(121)) - 1b813ef4-47a4-4bfc-8eb5-c34ae440adb1: shutdown FollowerState
2019-10-21 19:13:42,453 [Thread-3124] INFO  impl.FollowerState (FollowerState.java:run(117)) - e6a83585-83d0-4616-a3d5-866875ad8a29@group-73E40DF2990B-FollowerState was interrupted: java.lang.InterruptedException: sleep interrupted
2019-10-21 19:13:42,453 [grpc-default-executor-0] INFO  impl.RoleInfo (RoleInfo.java:updateAndGet(143)) - e6a83585-83d0-4616-a3d5-866875ad8a29: start FollowerState
2019-10-21 19:13:42,453 [grpc-default-executor-5] INFO  impl.RoleInfo (RoleInfo.java:updateAndGet(143)) - 1b813ef4-47a4-4bfc-8eb5-c34ae440adb1: start FollowerState
2019-10-21 19:13:42,453 [Thread-3125] INFO  impl.FollowerState (FollowerState.java:run(117)) - 1b813ef4-47a4-4bfc-8eb5-c34ae440adb1@group-73E40DF2990B-FollowerState was interrupted: java.lang.InterruptedException: sleep interrupted
2019-10-21 19:13:42,468 [f2627371-a904-4314-a836-5eb8f54559ec@group-73E40DF2990B-LeaderElection422] INFO  impl.LeaderElection (LeaderElection.java:logAndReturn(56)) - f2627371-a904-4314-a836-5eb8f54559ec@group-73E40DF2990B-LeaderElection422: Election REJECTED; received 2 response(s) [f2627371-a904-4314-a836-5eb8f54559ec<-e6a83585-83d0-4616-a3d5-866875ad8a29#0:FAIL-t480, f2627371-a904-4314-a836-5eb8f54559ec<-1b813ef4-47a4-4bfc-8eb5-c34ae440adb1#0:FAIL-t480] and 0 exception(s); f2627371-a904-4314-a836-5eb8f54559ec@group-73E40DF2990B:t480, leader=null, voted=f2627371-a904-4314-a836-5eb8f54559ec, raftlog=f2627371-a904-4314-a836-5eb8f54559ec@group-73E40DF2990B-SegmentedRaftLog:OPENED:c-1,f-1,i0, conf=-1: [e6a83585-83d0-4616-a3d5-866875ad8a29:192.168.34.32:46159, f2627371-a904-4314-a836-5eb8f54559ec:192.168.34.32:33224, 1b813ef4-47a4-4bfc-8eb5-c34ae440adb1:192.168.34.32:36113], old=null
2019-10-21 19:13:42,468 [f2627371-a904-4314-a836-5eb8f54559ec@group-73E40DF2990B-LeaderElection422] INFO  impl.RaftServerImpl (RaftServerImpl.java:setRole(184)) - f2627371-a904-4314-a836-5eb8f54559ec@group-73E40DF2990B: changes role from CANDIDATE to FOLLOWER at term 480 for DISCOVERED_A_NEW_TERM
2019-10-21 19:13:42,468 [f2627371-a904-4314-a836-5eb8f54559ec@group-73E40DF2990B-LeaderElection422] INFO  impl.RoleInfo (RoleInfo.java:shutdownLeaderElection(134)) - f2627371-a904-4314-a836-5eb8f54559ec: shutdown LeaderElection
2019-10-21 19:13:42,468 [f2627371-a904-4314-a836-5eb8f54559ec@group-73E40DF2990B-LeaderElection422] INFO  impl.RoleInfo (RoleInfo.java:updateAndGet(143)) - f2627371-a904-4314-a836-5eb8f54559ec: start FollowerState
2019-10-21 19:13:42,569 [Thread-280] INFO  ipc.Client (Client.java:handleConnectionFailure(948)) - Retrying connect to server: localhost/127.0.0.1:45457. Already tried 3 time(s); retry policy is RetryUpToMaximumCountWithFixedSleep(maxRetries=10, sleepTime=1000 MILLISECONDS)
2019-10-21 19:13:42,624 [Thread-3130] INFO  impl.FollowerState (FollowerState.java:run(108)) - f2627371-a904-4314-a836-5eb8f54559ec@group-73E40DF2990B-FollowerState: change to CANDIDATE, lastRpcTime:155ms, electionTimeout:155ms
2019-10-21 19:13:42,624 [Thread-3130] INFO  impl.RoleInfo (RoleInfo.java:shutdownFollowerState(121)) - f2627371-a904-4314-a836-5eb8f54559ec: shutdown FollowerState
2019-10-21 19:13:42,624 [Thread-3130] INFO  impl.RaftServerImpl (RaftServerImpl.java:setRole(184)) - f2627371-a904-4314-a836-5eb8f54559ec@group-73E40DF2990B: changes role from  FOLLOWER to CANDIDATE at term 480 for changeToCandidate
2019-10-21 19:13:42,624 [Thread-3130] INFO  impl.RoleInfo (RoleInfo.java:updateAndGet(143)) - f2627371-a904-4314-a836-5eb8f54559ec: start LeaderElection
2019-10-21 19:13:42,637 [f2627371-a904-4314-a836-5eb8f54559ec@group-73E40DF2990B-LeaderElection423] INFO  impl.LeaderElection (LeaderElection.java:askForVotes(178)) - f2627371-a904-4314-a836-5eb8f54559ec@group-73E40DF2990B-LeaderElection423: begin an election at term 481 for -1: [e6a83585-83d0-4616-a3d5-866875ad8a29:192.168.34.32:46159, f2627371-a904-4314-a836-5eb8f54559ec:192.168.34.32:33224, 1b813ef4-47a4-4bfc-8eb5-c34ae440adb1:192.168.34.32:36113], old=null
2019-10-21 19:13:42,640 [grpc-default-executor-5] INFO  impl.RaftServerImpl (RaftServerImpl.java:setRole(184)) - e6a83585-83d0-4616-a3d5-866875ad8a29@group-73E40DF2990B: changes role from  FOLLOWER to FOLLOWER at term 481 for recognizeCandidate:f2627371-a904-4314-a836-5eb8f54559ec
2019-10-21 19:13:42,640 [grpc-default-executor-5] INFO  impl.RoleInfo (RoleInfo.java:shutdownFollowerState(121)) - e6a83585-83d0-4616-a3d5-866875ad8a29: shutdown FollowerState
2019-10-21 19:13:42,640 [grpc-default-executor-0] INFO  impl.RaftServerImpl (RaftServerImpl.java:setRole(184)) - 1b813ef4-47a4-4bfc-8eb5-c34ae440adb1@group-73E40DF2990B: changes role from  FOLLOWER to FOLLOWER at term 481 for recognizeCandidate:f2627371-a904-4314-a836-5eb8f54559ec
2019-10-21 19:13:42,640 [Thread-3128] INFO  impl.FollowerState (FollowerState.java:run(117)) - e6a83585-83d0-4616-a3d5-866875ad8a29@group-73E40DF2990B-FollowerState was interrupted: java.lang.InterruptedException: sleep interrupted
2019-10-21 19:13:42,640 [grpc-default-executor-5] INFO  impl.RoleInfo (RoleInfo.java:updateAndGet(143)) - e6a83585-83d0-4616-a3d5-866875ad8a29: start FollowerState
2019-10-21 19:13:42,640 [grpc-default-executor-0] INFO  impl.RoleInfo (RoleInfo.java:shutdownFollowerState(121)) - 1b813ef4-47a4-4bfc-8eb5-c34ae440adb1: shutdown FollowerState
2019-10-21 19:13:42,641 [grpc-default-executor-0] INFO  impl.RoleInfo (RoleInfo.java:updateAndGet(143)) - 1b813ef4-47a4-4bfc-8eb5-c34ae440adb1: start FollowerState
2019-10-21 19:13:42,641 [Thread-3129] INFO  impl.FollowerState (FollowerState.java:run(117)) - 1b813ef4-47a4-4bfc-8eb5-c34ae440adb1@group-73E40DF2990B-FollowerState was interrupted: java.lang.InterruptedException: sleep interrupted
2019-10-21 19:13:42,656 [f2627371-a904-4314-a836-5eb8f54559ec@group-73E40DF2990B-LeaderElection423] INFO  impl.LeaderElection (LeaderElection.java:logAndReturn(56)) - f2627371-a904-4314-a836-5eb8f54559ec@group-73E40DF2990B-LeaderElection423: Election TIMEOUT; received 0 response(s) [] and 0 exception(s); f2627371-a904-4314-a836-5eb8f54559ec@group-73E40DF2990B:t481, leader=null, voted=f2627371-a904-4314-a836-5eb8f54559ec, raftlog=f2627371-a904-4314-a836-5eb8f54559ec@group-73E40DF2990B-SegmentedRaftLog:OPENED:c-1,f-1,i0, conf=-1: [e6a83585-83d0-4616-a3d5-866875ad8a29:192.168.34.32:46159, f2627371-a904-4314-a836-5eb8f54559ec:192.168.34.32:33224, 1b813ef4-47a4-4bfc-8eb5-c34ae440adb1:192.168.34.32:36113], old=null
2019-10-21 19:13:42,665 [f2627371-a904-4314-a836-5eb8f54559ec@group-73E40DF2990B-LeaderElection423] INFO  impl.LeaderElection (LeaderElection.java:askForVotes(178)) - f2627371-a904-4314-a836-5eb8f54559ec@group-73E40DF2990B-LeaderElection423: begin an election at term 482 for -1: [e6a83585-83d0-4616-a3d5-866875ad8a29:192.168.34.32:46159, f2627371-a904-4314-a836-5eb8f54559ec:192.168.34.32:33224, 1b813ef4-47a4-4bfc-8eb5-c34ae440adb1:192.168.34.32:36113], old=null
2019-10-21 19:13:42,667 [grpc-default-executor-5] INFO  impl.RaftServerImpl (RaftServerImpl.java:setRole(184)) - e6a83585-83d0-4616-a3d5-866875ad8a29@group-73E40DF2990B: changes role from  FOLLOWER to FOLLOWER at term 482 for recognizeCandidate:f2627371-a904-4314-a836-5eb8f54559ec
2019-10-21 19:13:42,667 [grpc-default-executor-5] INFO  impl.RoleInfo (RoleInfo.java:shutdownFollowerState(121)) - e6a83585-83d0-4616-a3d5-866875ad8a29: shutdown FollowerState
2019-10-21 19:13:42,667 [grpc-default-executor-5] INFO  impl.RoleInfo (RoleInfo.java:updateAndGet(143)) - e6a83585-83d0-4616-a3d5-866875ad8a29: start FollowerState
2019-10-21 19:13:42,667 [grpc-default-executor-0] INFO  impl.RaftServerImpl (RaftServerImpl.java:setRole(184)) - 1b813ef4-47a4-4bfc-8eb5-c34ae440adb1@group-73E40DF2990B: changes role from  FOLLOWER to FOLLOWER at term 482 for recognizeCandidate:f2627371-a904-4314-a836-5eb8f54559ec
2019-10-21 19:13:42,667 [grpc-default-executor-0] INFO  impl.RoleInfo (RoleInfo.java:shutdownFollowerState(121)) - 1b813ef4-47a4-4bfc-8eb5-c34ae440adb1: shutdown FollowerState
2019-10-21 19:13:42,667 [Thread-3134] INFO  impl.FollowerState (FollowerState.java:run(117)) - e6a83585-83d0-4616-a3d5-866875ad8a29@group-73E40DF2990B-FollowerState was interrupted: java.lang.InterruptedException: sleep interrupted
2019-10-21 19:13:42,667 [Thread-3135] INFO  impl.FollowerState (FollowerState.java:run(117)) - 1b813ef4-47a4-4bfc-8eb5-c34ae440adb1@group-73E40DF2990B-FollowerState was interrupted: java.lang.InterruptedException: sleep interrupted
2019-10-21 19:13:42,667 [grpc-default-executor-0] INFO  impl.RoleInfo (RoleInfo.java:updateAndGet(143)) - 1b813ef4-47a4-4bfc-8eb5-c34ae440adb1: start FollowerState
2019-10-21 19:13:42,681 [f2627371-a904-4314-a836-5eb8f54559ec@group-73E40DF2990B-LeaderElection423] INFO  impl.LeaderElection (LeaderElection.java:logAndReturn(56)) - f2627371-a904-4314-a836-5eb8f54559ec@group-73E40DF2990B-LeaderElection423: Election REJECTED; received 2 response(s) [f2627371-a904-4314-a836-5eb8f54559ec<-e6a83585-83d0-4616-a3d5-866875ad8a29#0:FAIL-t482, f2627371-a904-4314-a836-5eb8f54559ec<-1b813ef4-47a4-4bfc-8eb5-c34ae440adb1#0:FAIL-t482] and 0 exception(s); f2627371-a904-4314-a836-5eb8f54559ec@group-73E40DF2990B:t482, leader=null, voted=f2627371-a904-4314-a836-5eb8f54559ec, raftlog=f2627371-a904-4314-a836-5eb8f54559ec@group-73E40DF2990B-SegmentedRaftLog:OPENED:c-1,f-1,i0, conf=-1: [e6a83585-83d0-4616-a3d5-866875ad8a29:192.168.34.32:46159, f2627371-a904-4314-a836-5eb8f54559ec:192.168.34.32:33224, 1b813ef4-47a4-4bfc-8eb5-c34ae440adb1:192.168.34.32:36113], old=null
2019-10-21 19:13:42,681 [f2627371-a904-4314-a836-5eb8f54559ec@group-73E40DF2990B-LeaderElection423] INFO  impl.RaftServerImpl (RaftServerImpl.java:setRole(184)) - f2627371-a904-4314-a836-5eb8f54559ec@group-73E40DF2990B: changes role from CANDIDATE to FOLLOWER at term 482 for DISCOVERED_A_NEW_TERM
2019-10-21 19:13:42,681 [f2627371-a904-4314-a836-5eb8f54559ec@group-73E40DF2990B-LeaderElection423] INFO  impl.RoleInfo (RoleInfo.java:shutdownLeaderElection(134)) - f2627371-a904-4314-a836-5eb8f54559ec: shutdown LeaderElection
2019-10-21 19:13:42,682 [f2627371-a904-4314-a836-5eb8f54559ec@group-73E40DF2990B-LeaderElection423] INFO  impl.RoleInfo (RoleInfo.java:updateAndGet(143)) - f2627371-a904-4314-a836-5eb8f54559ec: start FollowerState
2019-10-21 19:13:42,812 [Thread-3140] INFO  impl.FollowerState (FollowerState.java:run(108)) - f2627371-a904-4314-a836-5eb8f54559ec@group-73E40DF2990B-FollowerState: change to CANDIDATE, lastRpcTime:130ms, electionTimeout:130ms
2019-10-21 19:13:42,812 [Thread-3140] INFO  impl.RoleInfo (RoleInfo.java:shutdownFollowerState(121)) - f2627371-a904-4314-a836-5eb8f54559ec: shutdown FollowerState
2019-10-21 19:13:42,812 [Thread-3140] INFO  impl.RaftServerImpl (RaftServerImpl.java:setRole(184)) - f2627371-a904-4314-a836-5eb8f54559ec@group-73E40DF2990B: changes role from  FOLLOWER to CANDIDATE at term 482 for changeToCandidate
2019-10-21 19:13:42,812 [Thread-3140] INFO  impl.RoleInfo (RoleInfo.java:updateAndGet(143)) - f2627371-a904-4314-a836-5eb8f54559ec: start LeaderElection
2019-10-21 19:13:42,826 [f2627371-a904-4314-a836-5eb8f54559ec@group-73E40DF2990B-LeaderElection424] INFO  impl.LeaderElection (LeaderElection.java:askForVotes(178)) - f2627371-a904-4314-a836-5eb8f54559ec@group-73E40DF2990B-LeaderElection424: begin an election at term 483 for -1: [e6a83585-83d0-4616-a3d5-866875ad8a29:192.168.34.32:46159, f2627371-a904-4314-a836-5eb8f54559ec:192.168.34.32:33224, 1b813ef4-47a4-4bfc-8eb5-c34ae440adb1:192.168.34.32:36113], old=null
2019-10-21 19:13:42,828 [grpc-default-executor-5] INFO  impl.RaftServerImpl (RaftServerImpl.java:setRole(184)) - e6a83585-83d0-4616-a3d5-866875ad8a29@group-73E40DF2990B: changes role from  FOLLOWER to FOLLOWER at term 483 for recognizeCandidate:f2627371-a904-4314-a836-5eb8f54559ec
2019-10-21 19:13:42,828 [grpc-default-executor-5] INFO  impl.RoleInfo (RoleInfo.java:shutdownFollowerState(121)) - e6a83585-83d0-4616-a3d5-866875ad8a29: shutdown FollowerState
2019-10-21 19:13:42,828 [grpc-default-executor-5] INFO  impl.RoleInfo (RoleInfo.java:updateAndGet(143)) - e6a83585-83d0-4616-a3d5-866875ad8a29: start FollowerState
2019-10-21 19:13:42,828 [Thread-3138] INFO  impl.FollowerState (FollowerState.java:run(117)) - e6a83585-83d0-4616-a3d5-866875ad8a29@group-73E40DF2990B-FollowerState was interrupted: java.lang.InterruptedException: sleep interrupted
2019-10-21 19:13:42,828 [grpc-default-executor-2] INFO  impl.RaftServerImpl (RaftServerImpl.java:setRole(184)) - 1b813ef4-47a4-4bfc-8eb5-c34ae440adb1@group-73E40DF2990B: changes role from  FOLLOWER to FOLLOWER at term 483 for recognizeCandidate:f2627371-a904-4314-a836-5eb8f54559ec
2019-10-21 19:13:42,828 [grpc-default-executor-2] INFO  impl.RoleInfo (RoleInfo.java:shutdownFollowerState(121)) - 1b813ef4-47a4-4bfc-8eb5-c34ae440adb1: shutdown FollowerState
2019-10-21 19:13:42,829 [grpc-default-executor-2] INFO  impl.RoleInfo (RoleInfo.java:updateAndGet(143)) - 1b813ef4-47a4-4bfc-8eb5-c34ae440adb1: start FollowerState
2019-10-21 19:13:42,829 [Thread-3139] INFO  impl.FollowerState (FollowerState.java:run(117)) - 1b813ef4-47a4-4bfc-8eb5-c34ae440adb1@group-73E40DF2990B-FollowerState was interrupted: java.lang.InterruptedException: sleep interrupted
2019-10-21 19:13:42,842 [f2627371-a904-4314-a836-5eb8f54559ec@group-73E40DF2990B-LeaderElection424] INFO  impl.LeaderElection (LeaderElection.java:logAndReturn(56)) - f2627371-a904-4314-a836-5eb8f54559ec@group-73E40DF2990B-LeaderElection424: Election REJECTED; received 2 response(s) [f2627371-a904-4314-a836-5eb8f54559ec<-e6a83585-83d0-4616-a3d5-866875ad8a29#0:FAIL-t483, f2627371-a904-4314-a836-5eb8f54559ec<-1b813ef4-47a4-4bfc-8eb5-c34ae440adb1#0:FAIL-t483] and 0 exception(s); f2627371-a904-4314-a836-5eb8f54559ec@group-73E40DF2990B:t483, leader=null, voted=f2627371-a904-4314-a836-5eb8f54559ec, raftlog=f2627371-a904-4314-a836-5eb8f54559ec@group-73E40DF2990B-SegmentedRaftLog:OPENED:c-1,f-1,i0, conf=-1: [e6a83585-83d0-4616-a3d5-866875ad8a29:192.168.34.32:46159, f2627371-a904-4314-a836-5eb8f54559ec:192.168.34.32:33224, 1b813ef4-47a4-4bfc-8eb5-c34ae440adb1:192.168.34.32:36113], old=null
2019-10-21 19:13:42,842 [f2627371-a904-4314-a836-5eb8f54559ec@group-73E40DF2990B-LeaderElection424] INFO  impl.RaftServerImpl (RaftServerImpl.java:setRole(184)) - f2627371-a904-4314-a836-5eb8f54559ec@group-73E40DF2990B: changes role from CANDIDATE to FOLLOWER at term 483 for DISCOVERED_A_NEW_TERM
2019-10-21 19:13:42,842 [f2627371-a904-4314-a836-5eb8f54559ec@group-73E40DF2990B-LeaderElection424] INFO  impl.RoleInfo (RoleInfo.java:shutdownLeaderElection(134)) - f2627371-a904-4314-a836-5eb8f54559ec: shutdown LeaderElection
2019-10-21 19:13:42,843 [f2627371-a904-4314-a836-5eb8f54559ec@group-73E40DF2990B-LeaderElection424] INFO  impl.RoleInfo (RoleInfo.java:updateAndGet(143)) - f2627371-a904-4314-a836-5eb8f54559ec: start FollowerState
2019-10-21 19:13:42,982 [Thread-3148] INFO  impl.FollowerState (FollowerState.java:run(108)) - f2627371-a904-4314-a836-5eb8f54559ec@group-73E40DF2990B-FollowerState: change to CANDIDATE, lastRpcTime:139ms, electionTimeout:139ms
2019-10-21 19:13:42,982 [Thread-3148] INFO  impl.RoleInfo (RoleInfo.java:shutdownFollowerState(121)) - f2627371-a904-4314-a836-5eb8f54559ec: shutdown FollowerState
2019-10-21 19:13:42,982 [Thread-3148] INFO  impl.RaftServerImpl (RaftServerImpl.java:setRole(184)) - f2627371-a904-4314-a836-5eb8f54559ec@group-73E40DF2990B: changes role from  FOLLOWER to CANDIDATE at term 483 for changeToCandidate
2019-10-21 19:13:42,982 [Thread-3148] INFO  impl.RoleInfo (RoleInfo.java:updateAndGet(143)) - f2627371-a904-4314-a836-5eb8f54559ec: start LeaderElection
2019-10-21 19:13:42,996 [f2627371-a904-4314-a836-5eb8f54559ec@group-73E40DF2990B-LeaderElection425] INFO  impl.LeaderElection (LeaderElection.java:askForVotes(178)) - f2627371-a904-4314-a836-5eb8f54559ec@group-73E40DF2990B-LeaderElection425: begin an election at term 484 for -1: [e6a83585-83d0-4616-a3d5-866875ad8a29:192.168.34.32:46159, f2627371-a904-4314-a836-5eb8f54559ec:192.168.34.32:33224, 1b813ef4-47a4-4bfc-8eb5-c34ae440adb1:192.168.34.32:36113], old=null
2019-10-21 19:13:42,998 [grpc-default-executor-5] INFO  impl.RaftServerImpl (RaftServerImpl.java:setRole(184)) - 1b813ef4-47a4-4bfc-8eb5-c34ae440adb1@group-73E40DF2990B: changes role from  FOLLOWER to FOLLOWER at term 484 for recognizeCandidate:f2627371-a904-4314-a836-5eb8f54559ec
2019-10-21 19:13:42,998 [grpc-default-executor-2] INFO  impl.RaftServerImpl (RaftServerImpl.java:setRole(184)) - e6a83585-83d0-4616-a3d5-866875ad8a29@group-73E40DF2990B: changes role from  FOLLOWER to FOLLOWER at term 484 for recognizeCandidate:f2627371-a904-4314-a836-5eb8f54559ec
2019-10-21 19:13:42,998 [grpc-default-executor-2] INFO  impl.RoleInfo (RoleInfo.java:shutdownFollowerState(121)) - e6a83585-83d0-4616-a3d5-866875ad8a29: shutdown FollowerState
2019-10-21 19:13:42,998 [grpc-default-executor-5] INFO  impl.RoleInfo (RoleInfo.java:shutdownFollowerState(121)) - 1b813ef4-47a4-4bfc-8eb5-c34ae440adb1: shutdown FollowerState
2019-10-21 19:13:42,998 [Thread-3146] INFO  impl.FollowerState (FollowerState.java:run(117)) - e6a83585-83d0-4616-a3d5-866875ad8a29@group-73E40DF2990B-FollowerState was interrupted: java.lang.InterruptedException: sleep interrupted
2019-10-21 19:13:42,998 [grpc-default-executor-2] INFO  impl.RoleInfo (RoleInfo.java:updateAndGet(143)) - e6a83585-83d0-4616-a3d5-866875ad8a29: start FollowerState
2019-10-21 19:13:42,999 [Thread-3147] INFO  impl.FollowerState (FollowerState.java:run(117)) - 1b813ef4-47a4-4bfc-8eb5-c34ae440adb1@group-73E40DF2990B-FollowerState was interrupted: java.lang.InterruptedException: sleep interrupted
2019-10-21 19:13:42,999 [grpc-default-executor-5] INFO  impl.RoleInfo (RoleInfo.java:updateAndGet(143)) - 1b813ef4-47a4-4bfc-8eb5-c34ae440adb1: start FollowerState
2019-10-21 19:13:43,015 [f2627371-a904-4314-a836-5eb8f54559ec@group-73E40DF2990B-LeaderElection425] INFO  impl.LeaderElection (LeaderElection.java:logAndReturn(56)) - f2627371-a904-4314-a836-5eb8f54559ec@group-73E40DF2990B-LeaderElection425: Election REJECTED; received 2 response(s) [f2627371-a904-4314-a836-5eb8f54559ec<-e6a83585-83d0-4616-a3d5-866875ad8a29#0:FAIL-t484, f2627371-a904-4314-a836-5eb8f54559ec<-1b813ef4-47a4-4bfc-8eb5-c34ae440adb1#0:FAIL-t484] and 0 exception(s); f2627371-a904-4314-a836-5eb8f54559ec@group-73E40DF2990B:t484, leader=null, voted=f2627371-a904-4314-a836-5eb8f54559ec, raftlog=f2627371-a904-4314-a836-5eb8f54559ec@group-73E40DF2990B-SegmentedRaftLog:OPENED:c-1,f-1,i0, conf=-1: [e6a83585-83d0-4616-a3d5-866875ad8a29:192.168.34.32:46159, f2627371-a904-4314-a836-5eb8f54559ec:192.168.34.32:33224, 1b813ef4-47a4-4bfc-8eb5-c34ae440adb1:192.168.34.32:36113], old=null
2019-10-21 19:13:43,015 [f2627371-a904-4314-a836-5eb8f54559ec@group-73E40DF2990B-LeaderElection425] INFO  impl.RaftServerImpl (RaftServerImpl.java:setRole(184)) - f2627371-a904-4314-a836-5eb8f54559ec@group-73E40DF2990B: changes role from CANDIDATE to FOLLOWER at term 484 for DISCOVERED_A_NEW_TERM
2019-10-21 19:13:43,015 [f2627371-a904-4314-a836-5eb8f54559ec@group-73E40DF2990B-LeaderElection425] INFO  impl.RoleInfo (RoleInfo.java:shutdownLeaderElection(134)) - f2627371-a904-4314-a836-5eb8f54559ec: shutdown LeaderElection
2019-10-21 19:13:43,015 [f2627371-a904-4314-a836-5eb8f54559ec@group-73E40DF2990B-LeaderElection425] INFO  impl.RoleInfo (RoleInfo.java:updateAndGet(143)) - f2627371-a904-4314-a836-5eb8f54559ec: start FollowerState
2019-10-21 19:13:43,078 [Thread-3154] INFO  impl.FollowerState (FollowerState.java:run(108)) - f2627371-a904-4314-a836-5eb8f54559ec@group-73E40DF2990B-FollowerState: change to CANDIDATE, lastRpcTime:63ms, electionTimeout:63ms
2019-10-21 19:13:43,079 [Thread-3154] INFO  impl.RoleInfo (RoleInfo.java:shutdownFollowerState(121)) - f2627371-a904-4314-a836-5eb8f54559ec: shutdown FollowerState
2019-10-21 19:13:43,079 [Thread-3154] INFO  impl.RaftServerImpl (RaftServerImpl.java:setRole(184)) - f2627371-a904-4314-a836-5eb8f54559ec@group-73E40DF2990B: changes role from  FOLLOWER to CANDIDATE at term 484 for changeToCandidate
2019-10-21 19:13:43,079 [Thread-3154] INFO  impl.RoleInfo (RoleInfo.java:updateAndGet(143)) - f2627371-a904-4314-a836-5eb8f54559ec: start LeaderElection
2019-10-21 19:13:43,093 [f2627371-a904-4314-a836-5eb8f54559ec@group-73E40DF2990B-LeaderElection426] INFO  impl.LeaderElection (LeaderElection.java:askForVotes(178)) - f2627371-a904-4314-a836-5eb8f54559ec@group-73E40DF2990B-LeaderElection426: begin an election at term 485 for -1: [e6a83585-83d0-4616-a3d5-866875ad8a29:192.168.34.32:46159, f2627371-a904-4314-a836-5eb8f54559ec:192.168.34.32:33224, 1b813ef4-47a4-4bfc-8eb5-c34ae440adb1:192.168.34.32:36113], old=null
2019-10-21 19:13:43,095 [grpc-default-executor-5] INFO  impl.RaftServerImpl (RaftServerImpl.java:setRole(184)) - e6a83585-83d0-4616-a3d5-866875ad8a29@group-73E40DF2990B: changes role from  FOLLOWER to FOLLOWER at term 485 for recognizeCandidate:f2627371-a904-4314-a836-5eb8f54559ec
2019-10-21 19:13:43,095 [grpc-default-executor-2] INFO  impl.RaftServerImpl (RaftServerImpl.java:setRole(184)) - 1b813ef4-47a4-4bfc-8eb5-c34ae440adb1@group-73E40DF2990B: changes role from  FOLLOWER to FOLLOWER at term 485 for recognizeCandidate:f2627371-a904-4314-a836-5eb8f54559ec
2019-10-21 19:13:43,095 [grpc-default-executor-5] INFO  impl.RoleInfo (RoleInfo.java:shutdownFollowerState(121)) - e6a83585-83d0-4616-a3d5-866875ad8a29: shutdown FollowerState
2019-10-21 19:13:43,095 [grpc-default-executor-2] INFO  impl.RoleInfo (RoleInfo.java:shutdownFollowerState(121)) - 1b813ef4-47a4-4bfc-8eb5-c34ae440adb1: shutdown FollowerState
2019-10-21 19:13:43,095 [Thread-3152] INFO  impl.FollowerState (FollowerState.java:run(117)) - e6a83585-83d0-4616-a3d5-866875ad8a29@group-73E40DF2990B-FollowerState was interrupted: java.lang.InterruptedException: sleep interrupted
2019-10-21 19:13:43,096 [Thread-3153] INFO  impl.FollowerState (FollowerState.java:run(117)) - 1b813ef4-47a4-4bfc-8eb5-c34ae440adb1@group-73E40DF2990B-FollowerState was interrupted: java.lang.InterruptedException: sleep interrupted
2019-10-21 19:13:43,095 [grpc-default-executor-5] INFO  impl.RoleInfo (RoleInfo.java:updateAndGet(143)) - e6a83585-83d0-4616-a3d5-866875ad8a29: start FollowerState
2019-10-21 19:13:43,096 [grpc-default-executor-2] INFO  impl.RoleInfo (RoleInfo.java:updateAndGet(143)) - 1b813ef4-47a4-4bfc-8eb5-c34ae440adb1: start FollowerState
2019-10-21 19:13:43,114 [f2627371-a904-4314-a836-5eb8f54559ec@group-73E40DF2990B-LeaderElection426] INFO  impl.LeaderElection (LeaderElection.java:logAndReturn(56)) - f2627371-a904-4314-a836-5eb8f54559ec@group-73E40DF2990B-LeaderElection426: Election REJECTED; received 2 response(s) [f2627371-a904-4314-a836-5eb8f54559ec<-e6a83585-83d0-4616-a3d5-866875ad8a29#0:FAIL-t485, f2627371-a904-4314-a836-5eb8f54559ec<-1b813ef4-47a4-4bfc-8eb5-c34ae440adb1#0:FAIL-t485] and 0 exception(s); f2627371-a904-4314-a836-5eb8f54559ec@group-73E40DF2990B:t485, leader=null, voted=f2627371-a904-4314-a836-5eb8f54559ec, raftlog=f2627371-a904-4314-a836-5eb8f54559ec@group-73E40DF2990B-SegmentedRaftLog:OPENED:c-1,f-1,i0, conf=-1: [e6a83585-83d0-4616-a3d5-866875ad8a29:192.168.34.32:46159, f2627371-a904-4314-a836-5eb8f54559ec:192.168.34.32:33224, 1b813ef4-47a4-4bfc-8eb5-c34ae440adb1:192.168.34.32:36113], old=null
2019-10-21 19:13:43,115 [f2627371-a904-4314-a836-5eb8f54559ec@group-73E40DF2990B-LeaderElection426] INFO  impl.RaftServerImpl (RaftServerImpl.java:setRole(184)) - f2627371-a904-4314-a836-5eb8f54559ec@group-73E40DF2990B: changes role from CANDIDATE to FOLLOWER at term 485 for DISCOVERED_A_NEW_TERM
2019-10-21 19:13:43,115 [f2627371-a904-4314-a836-5eb8f54559ec@group-73E40DF2990B-LeaderElection426] INFO  impl.RoleInfo (RoleInfo.java:shutdownLeaderElection(134)) - f2627371-a904-4314-a836-5eb8f54559ec: shutdown LeaderElection
2019-10-21 19:13:43,115 [f2627371-a904-4314-a836-5eb8f54559ec@group-73E40DF2990B-LeaderElection426] INFO  impl.RoleInfo (RoleInfo.java:updateAndGet(143)) - f2627371-a904-4314-a836-5eb8f54559ec: start FollowerState
2019-10-21 19:13:43,213 [Thread-3160] INFO  impl.FollowerState (FollowerState.java:run(108)) - f2627371-a904-4314-a836-5eb8f54559ec@group-73E40DF2990B-FollowerState: change to CANDIDATE, lastRpcTime:98ms, electionTimeout:98ms
2019-10-21 19:13:43,213 [Thread-3160] INFO  impl.RoleInfo (RoleInfo.java:shutdownFollowerState(121)) - f2627371-a904-4314-a836-5eb8f54559ec: shutdown FollowerState
2019-10-21 19:13:43,213 [Thread-3160] INFO  impl.RaftServerImpl (RaftServerImpl.java:setRole(184)) - f2627371-a904-4314-a836-5eb8f54559ec@group-73E40DF2990B: changes role from  FOLLOWER to CANDIDATE at term 485 for changeToCandidate
2019-10-21 19:13:43,214 [Thread-3160] INFO  impl.RoleInfo (RoleInfo.java:updateAndGet(143)) - f2627371-a904-4314-a836-5eb8f54559ec: start LeaderElection
2019-10-21 19:13:43,228 [f2627371-a904-4314-a836-5eb8f54559ec@group-73E40DF2990B-LeaderElection427] INFO  impl.LeaderElection (LeaderElection.java:askForVotes(178)) - f2627371-a904-4314-a836-5eb8f54559ec@group-73E40DF2990B-LeaderElection427: begin an election at term 486 for -1: [e6a83585-83d0-4616-a3d5-866875ad8a29:192.168.34.32:46159, f2627371-a904-4314-a836-5eb8f54559ec:192.168.34.32:33224, 1b813ef4-47a4-4bfc-8eb5-c34ae440adb1:192.168.34.32:36113], old=null
2019-10-21 19:13:43,230 [grpc-default-executor-2] INFO  impl.RaftServerImpl (RaftServerImpl.java:setRole(184)) - 1b813ef4-47a4-4bfc-8eb5-c34ae440adb1@group-73E40DF2990B: changes role from  FOLLOWER to FOLLOWER at term 486 for recognizeCandidate:f2627371-a904-4314-a836-5eb8f54559ec
2019-10-21 19:13:43,230 [grpc-default-executor-5] INFO  impl.RaftServerImpl (RaftServerImpl.java:setRole(184)) - e6a83585-83d0-4616-a3d5-866875ad8a29@group-73E40DF2990B: changes role from  FOLLOWER to FOLLOWER at term 486 for recognizeCandidate:f2627371-a904-4314-a836-5eb8f54559ec
2019-10-21 19:13:43,230 [grpc-default-executor-2] INFO  impl.RoleInfo (RoleInfo.java:shutdownFollowerState(121)) - 1b813ef4-47a4-4bfc-8eb5-c34ae440adb1: shutdown FollowerState
2019-10-21 19:13:43,230 [grpc-default-executor-5] INFO  impl.RoleInfo (RoleInfo.java:shutdownFollowerState(121)) - e6a83585-83d0-4616-a3d5-866875ad8a29: shutdown FollowerState
2019-10-21 19:13:43,230 [Thread-3159] INFO  impl.FollowerState (FollowerState.java:run(117)) - 1b813ef4-47a4-4bfc-8eb5-c34ae440adb1@group-73E40DF2990B-FollowerState was interrupted: java.lang.InterruptedException: sleep interrupted
2019-10-21 19:13:43,231 [Thread-3158] INFO  impl.FollowerState (FollowerState.java:run(117)) - e6a83585-83d0-4616-a3d5-866875ad8a29@group-73E40DF2990B-FollowerState was interrupted: java.lang.InterruptedException: sleep interrupted
2019-10-21 19:13:43,230 [grpc-default-executor-2] INFO  impl.RoleInfo (RoleInfo.java:updateAndGet(143)) - 1b813ef4-47a4-4bfc-8eb5-c34ae440adb1: start FollowerState
2019-10-21 19:13:43,231 [grpc-default-executor-5] INFO  impl.RoleInfo (RoleInfo.java:updateAndGet(143)) - e6a83585-83d0-4616-a3d5-866875ad8a29: start FollowerState
2019-10-21 19:13:43,242 [f2627371-a904-4314-a836-5eb8f54559ec@group-73E40DF2990B-LeaderElection427] INFO  impl.LeaderElection (LeaderElection.java:logAndReturn(56)) - f2627371-a904-4314-a836-5eb8f54559ec@group-73E40DF2990B-LeaderElection427: Election TIMEOUT; received 0 response(s) [] and 0 exception(s); f2627371-a904-4314-a836-5eb8f54559ec@group-73E40DF2990B:t486, leader=null, voted=f2627371-a904-4314-a836-5eb8f54559ec, raftlog=f2627371-a904-4314-a836-5eb8f54559ec@group-73E40DF2990B-SegmentedRaftLog:OPENED:c-1,f-1,i0, conf=-1: [e6a83585-83d0-4616-a3d5-866875ad8a29:192.168.34.32:46159, f2627371-a904-4314-a836-5eb8f54559ec:192.168.34.32:33224, 1b813ef4-47a4-4bfc-8eb5-c34ae440adb1:192.168.34.32:36113], old=null
2019-10-21 19:13:43,246 [f2627371-a904-4314-a836-5eb8f54559ec@group-73E40DF2990B-LeaderElection427] INFO  impl.LeaderElection (LeaderElection.java:askForVotes(178)) - f2627371-a904-4314-a836-5eb8f54559ec@group-73E40DF2990B-LeaderElection427: begin an election at term 487 for -1: [e6a83585-83d0-4616-a3d5-866875ad8a29:192.168.34.32:46159, f2627371-a904-4314-a836-5eb8f54559ec:192.168.34.32:33224, 1b813ef4-47a4-4bfc-8eb5-c34ae440adb1:192.168.34.32:36113], old=null
2019-10-21 19:13:43,247 [grpc-default-executor-5] INFO  impl.RaftServerImpl (RaftServerImpl.java:setRole(184)) - e6a83585-83d0-4616-a3d5-866875ad8a29@group-73E40DF2990B: changes role from  FOLLOWER to FOLLOWER at term 487 for recognizeCandidate:f2627371-a904-4314-a836-5eb8f54559ec
2019-10-21 19:13:43,248 [grpc-default-executor-5] INFO  impl.RoleInfo (RoleInfo.java:shutdownFollowerState(121)) - e6a83585-83d0-4616-a3d5-866875ad8a29: shutdown FollowerState
2019-10-21 19:13:43,248 [grpc-default-executor-2] INFO  impl.RaftServerImpl (RaftServerImpl.java:setRole(184)) - 1b813ef4-47a4-4bfc-8eb5-c34ae440adb1@group-73E40DF2990B: changes role from  FOLLOWER to FOLLOWER at term 487 for recognizeCandidate:f2627371-a904-4314-a836-5eb8f54559ec
2019-10-21 19:13:43,248 [Thread-3165] INFO  impl.FollowerState (FollowerState.java:run(117)) - e6a83585-83d0-4616-a3d5-866875ad8a29@group-73E40DF2990B-FollowerState was interrupted: java.lang.InterruptedException: sleep interrupted
2019-10-21 19:13:43,248 [grpc-default-executor-5] INFO  impl.RoleInfo (RoleInfo.java:updateAndGet(143)) - e6a83585-83d0-4616-a3d5-866875ad8a29: start FollowerState
2019-10-21 19:13:43,248 [grpc-default-executor-2] INFO  impl.RoleInfo (RoleInfo.java:shutdownFollowerState(121)) - 1b813ef4-47a4-4bfc-8eb5-c34ae440adb1: shutdown FollowerState
2019-10-21 19:13:43,248 [Thread-3164] INFO  impl.FollowerState (FollowerState.java:run(117)) - 1b813ef4-47a4-4bfc-8eb5-c34ae440adb1@group-73E40DF2990B-FollowerState was interrupted: java.lang.InterruptedException: sleep interrupted
2019-10-21 19:13:43,248 [grpc-default-executor-2] INFO  impl.RoleInfo (RoleInfo.java:updateAndGet(143)) - 1b813ef4-47a4-4bfc-8eb5-c34ae440adb1: start FollowerState
2019-10-21 19:13:43,262 [f2627371-a904-4314-a836-5eb8f54559ec@group-73E40DF2990B-LeaderElection427] INFO  impl.LeaderElection (LeaderElection.java:logAndReturn(56)) - f2627371-a904-4314-a836-5eb8f54559ec@group-73E40DF2990B-LeaderElection427: Election REJECTED; received 2 response(s) [f2627371-a904-4314-a836-5eb8f54559ec<-e6a83585-83d0-4616-a3d5-866875ad8a29#0:FAIL-t487, f2627371-a904-4314-a836-5eb8f54559ec<-1b813ef4-47a4-4bfc-8eb5-c34ae440adb1#0:FAIL-t487] and 0 exception(s); f2627371-a904-4314-a836-5eb8f54559ec@group-73E40DF2990B:t487, leader=null, voted=f2627371-a904-4314-a836-5eb8f54559ec, raftlog=f2627371-a904-4314-a836-5eb8f54559ec@group-73E40DF2990B-SegmentedRaftLog:OPENED:c-1,f-1,i0, conf=-1: [e6a83585-83d0-4616-a3d5-866875ad8a29:192.168.34.32:46159, f2627371-a904-4314-a836-5eb8f54559ec:192.168.34.32:33224, 1b813ef4-47a4-4bfc-8eb5-c34ae440adb1:192.168.34.32:36113], old=null
2019-10-21 19:13:43,262 [f2627371-a904-4314-a836-5eb8f54559ec@group-73E40DF2990B-LeaderElection427] INFO  impl.RaftServerImpl (RaftServerImpl.java:setRole(184)) - f2627371-a904-4314-a836-5eb8f54559ec@group-73E40DF2990B: changes role from CANDIDATE to FOLLOWER at term 487 for DISCOVERED_A_NEW_TERM
2019-10-21 19:13:43,262 [f2627371-a904-4314-a836-5eb8f54559ec@group-73E40DF2990B-LeaderElection427] INFO  impl.RoleInfo (RoleInfo.java:shutdownLeaderElection(134)) - f2627371-a904-4314-a836-5eb8f54559ec: shutdown LeaderElection
2019-10-21 19:13:43,262 [f2627371-a904-4314-a836-5eb8f54559ec@group-73E40DF2990B-LeaderElection427] INFO  impl.RoleInfo (RoleInfo.java:updateAndGet(143)) - f2627371-a904-4314-a836-5eb8f54559ec: start FollowerState
2019-10-21 19:13:43,305 [Thread-3170] INFO  impl.FollowerState (FollowerState.java:run(108)) - f2627371-a904-4314-a836-5eb8f54559ec@group-73E40DF2990B-FollowerState: change to CANDIDATE, lastRpcTime:42ms, electionTimeout:42ms
2019-10-21 19:13:43,305 [Thread-3170] INFO  impl.RoleInfo (RoleInfo.java:shutdownFollowerState(121)) - f2627371-a904-4314-a836-5eb8f54559ec: shutdown FollowerState
2019-10-21 19:13:43,305 [Thread-3170] INFO  impl.RaftServerImpl (RaftServerImpl.java:setRole(184)) - f2627371-a904-4314-a836-5eb8f54559ec@group-73E40DF2990B: changes role from  FOLLOWER to CANDIDATE at term 487 for changeToCandidate
2019-10-21 19:13:43,305 [Thread-3170] INFO  impl.RoleInfo (RoleInfo.java:updateAndGet(143)) - f2627371-a904-4314-a836-5eb8f54559ec: start LeaderElection
2019-10-21 19:13:43,318 [f2627371-a904-4314-a836-5eb8f54559ec@group-73E40DF2990B-LeaderElection428] INFO  impl.LeaderElection (LeaderElection.java:askForVotes(178)) - f2627371-a904-4314-a836-5eb8f54559ec@group-73E40DF2990B-LeaderElection428: begin an election at term 488 for -1: [e6a83585-83d0-4616-a3d5-866875ad8a29:192.168.34.32:46159, f2627371-a904-4314-a836-5eb8f54559ec:192.168.34.32:33224, 1b813ef4-47a4-4bfc-8eb5-c34ae440adb1:192.168.34.32:36113], old=null
2019-10-21 19:13:43,320 [grpc-default-executor-2] INFO  impl.RaftServerImpl (RaftServerImpl.java:setRole(184)) - e6a83585-83d0-4616-a3d5-866875ad8a29@group-73E40DF2990B: changes role from  FOLLOWER to FOLLOWER at term 488 for recognizeCandidate:f2627371-a904-4314-a836-5eb8f54559ec
2019-10-21 19:13:43,320 [grpc-default-executor-2] INFO  impl.RoleInfo (RoleInfo.java:shutdownFollowerState(121)) - e6a83585-83d0-4616-a3d5-866875ad8a29: shutdown FollowerState
2019-10-21 19:13:43,320 [grpc-default-executor-2] INFO  impl.RoleInfo (RoleInfo.java:updateAndGet(143)) - e6a83585-83d0-4616-a3d5-866875ad8a29: start FollowerState
2019-10-21 19:13:43,320 [grpc-default-executor-5] INFO  impl.RaftServerImpl (RaftServerImpl.java:setRole(184)) - 1b813ef4-47a4-4bfc-8eb5-c34ae440adb1@group-73E40DF2990B: changes role from  FOLLOWER to FOLLOWER at term 488 for recognizeCandidate:f2627371-a904-4314-a836-5eb8f54559ec
2019-10-21 19:13:43,321 [grpc-default-executor-5] INFO  impl.RoleInfo (RoleInfo.java:shutdownFollowerState(121)) - 1b813ef4-47a4-4bfc-8eb5-c34ae440adb1: shutdown FollowerState
2019-10-21 19:13:43,320 [Thread-3168] INFO  impl.FollowerState (FollowerState.java:run(117)) - e6a83585-83d0-4616-a3d5-866875ad8a29@group-73E40DF2990B-FollowerState was interrupted: java.lang.InterruptedException: sleep interrupted
2019-10-21 19:13:43,321 [Thread-3169] INFO  impl.FollowerState (FollowerState.java:run(117)) - 1b813ef4-47a4-4bfc-8eb5-c34ae440adb1@group-73E40DF2990B-FollowerState was interrupted: java.lang.InterruptedException: sleep interrupted
2019-10-21 19:13:43,321 [grpc-default-executor-5] INFO  impl.RoleInfo (RoleInfo.java:updateAndGet(143)) - 1b813ef4-47a4-4bfc-8eb5-c34ae440adb1: start FollowerState
2019-10-21 19:13:43,334 [f2627371-a904-4314-a836-5eb8f54559ec@group-73E40DF2990B-LeaderElection428] INFO  impl.LeaderElection (LeaderElection.java:logAndReturn(56)) - f2627371-a904-4314-a836-5eb8f54559ec@group-73E40DF2990B-LeaderElection428: Election REJECTED; received 2 response(s) [f2627371-a904-4314-a836-5eb8f54559ec<-e6a83585-83d0-4616-a3d5-866875ad8a29#0:FAIL-t488, f2627371-a904-4314-a836-5eb8f54559ec<-1b813ef4-47a4-4bfc-8eb5-c34ae440adb1#0:FAIL-t488] and 0 exception(s); f2627371-a904-4314-a836-5eb8f54559ec@group-73E40DF2990B:t488, leader=null, voted=f2627371-a904-4314-a836-5eb8f54559ec, raftlog=f2627371-a904-4314-a836-5eb8f54559ec@group-73E40DF2990B-SegmentedRaftLog:OPENED:c-1,f-1,i0, conf=-1: [e6a83585-83d0-4616-a3d5-866875ad8a29:192.168.34.32:46159, f2627371-a904-4314-a836-5eb8f54559ec:192.168.34.32:33224, 1b813ef4-47a4-4bfc-8eb5-c34ae440adb1:192.168.34.32:36113], old=null
2019-10-21 19:13:43,334 [f2627371-a904-4314-a836-5eb8f54559ec@group-73E40DF2990B-LeaderElection428] INFO  impl.RaftServerImpl (RaftServerImpl.java:setRole(184)) - f2627371-a904-4314-a836-5eb8f54559ec@group-73E40DF2990B: changes role from CANDIDATE to FOLLOWER at term 488 for DISCOVERED_A_NEW_TERM
2019-10-21 19:13:43,334 [f2627371-a904-4314-a836-5eb8f54559ec@group-73E40DF2990B-LeaderElection428] INFO  impl.RoleInfo (RoleInfo.java:shutdownLeaderElection(134)) - f2627371-a904-4314-a836-5eb8f54559ec: shutdown LeaderElection
2019-10-21 19:13:43,334 [f2627371-a904-4314-a836-5eb8f54559ec@group-73E40DF2990B-LeaderElection428] INFO  impl.RoleInfo (RoleInfo.java:updateAndGet(143)) - f2627371-a904-4314-a836-5eb8f54559ec: start FollowerState
2019-10-21 19:13:43,431 [Thread-3176] INFO  impl.FollowerState (FollowerState.java:run(108)) - f2627371-a904-4314-a836-5eb8f54559ec@group-73E40DF2990B-FollowerState: change to CANDIDATE, lastRpcTime:96ms, electionTimeout:96ms
2019-10-21 19:13:43,431 [Thread-3176] INFO  impl.RoleInfo (RoleInfo.java:shutdownFollowerState(121)) - f2627371-a904-4314-a836-5eb8f54559ec: shutdown FollowerState
2019-10-21 19:13:43,431 [Thread-3176] INFO  impl.RaftServerImpl (RaftServerImpl.java:setRole(184)) - f2627371-a904-4314-a836-5eb8f54559ec@group-73E40DF2990B: changes role from  FOLLOWER to CANDIDATE at term 488 for changeToCandidate
2019-10-21 19:13:43,431 [Thread-3176] INFO  impl.RoleInfo (RoleInfo.java:updateAndGet(143)) - f2627371-a904-4314-a836-5eb8f54559ec: start LeaderElection
2019-10-21 19:13:43,445 [f2627371-a904-4314-a836-5eb8f54559ec@group-73E40DF2990B-LeaderElection429] INFO  impl.LeaderElection (LeaderElection.java:askForVotes(178)) - f2627371-a904-4314-a836-5eb8f54559ec@group-73E40DF2990B-LeaderElection429: begin an election at term 489 for -1: [e6a83585-83d0-4616-a3d5-866875ad8a29:192.168.34.32:46159, f2627371-a904-4314-a836-5eb8f54559ec:192.168.34.32:33224, 1b813ef4-47a4-4bfc-8eb5-c34ae440adb1:192.168.34.32:36113], old=null
2019-10-21 19:13:43,447 [grpc-default-executor-2] INFO  impl.RaftServerImpl (RaftServerImpl.java:setRole(184)) - e6a83585-83d0-4616-a3d5-866875ad8a29@group-73E40DF2990B: changes role from  FOLLOWER to FOLLOWER at term 489 for recognizeCandidate:f2627371-a904-4314-a836-5eb8f54559ec
2019-10-21 19:13:43,447 [grpc-default-executor-2] INFO  impl.RoleInfo (RoleInfo.java:shutdownFollowerState(121)) - e6a83585-83d0-4616-a3d5-866875ad8a29: shutdown FollowerState
2019-10-21 19:13:43,447 [grpc-default-executor-2] INFO  impl.RoleInfo (RoleInfo.java:updateAndGet(143)) - e6a83585-83d0-4616-a3d5-866875ad8a29: start FollowerState
2019-10-21 19:13:43,447 [Thread-3174] INFO  impl.FollowerState (FollowerState.java:run(117)) - e6a83585-83d0-4616-a3d5-866875ad8a29@group-73E40DF2990B-FollowerState was interrupted: java.lang.InterruptedException: sleep interrupted
2019-10-21 19:13:43,447 [grpc-default-executor-5] INFO  impl.RaftServerImpl (RaftServerImpl.java:setRole(184)) - 1b813ef4-47a4-4bfc-8eb5-c34ae440adb1@group-73E40DF2990B: changes role from  FOLLOWER to FOLLOWER at term 489 for recognizeCandidate:f2627371-a904-4314-a836-5eb8f54559ec
2019-10-21 19:13:43,447 [grpc-default-executor-5] INFO  impl.RoleInfo (RoleInfo.java:shutdownFollowerState(121)) - 1b813ef4-47a4-4bfc-8eb5-c34ae440adb1: shutdown FollowerState
2019-10-21 19:13:43,448 [grpc-default-executor-5] INFO  impl.RoleInfo (RoleInfo.java:updateAndGet(143)) - 1b813ef4-47a4-4bfc-8eb5-c34ae440adb1: start FollowerState
2019-10-21 19:13:43,448 [Thread-3175] INFO  impl.FollowerState (FollowerState.java:run(117)) - 1b813ef4-47a4-4bfc-8eb5-c34ae440adb1@group-73E40DF2990B-FollowerState was interrupted: java.lang.InterruptedException: sleep interrupted
2019-10-21 19:13:43,461 [f2627371-a904-4314-a836-5eb8f54559ec@group-73E40DF2990B-LeaderElection429] INFO  impl.LeaderElection (LeaderElection.java:logAndReturn(56)) - f2627371-a904-4314-a836-5eb8f54559ec@group-73E40DF2990B-LeaderElection429: Election REJECTED; received 2 response(s) [f2627371-a904-4314-a836-5eb8f54559ec<-e6a83585-83d0-4616-a3d5-866875ad8a29#0:FAIL-t489, f2627371-a904-4314-a836-5eb8f54559ec<-1b813ef4-47a4-4bfc-8eb5-c34ae440adb1#0:FAIL-t489] and 0 exception(s); f2627371-a904-4314-a836-5eb8f54559ec@group-73E40DF2990B:t489, leader=null, voted=f2627371-a904-4314-a836-5eb8f54559ec, raftlog=f2627371-a904-4314-a836-5eb8f54559ec@group-73E40DF2990B-SegmentedRaftLog:OPENED:c-1,f-1,i0, conf=-1: [e6a83585-83d0-4616-a3d5-866875ad8a29:192.168.34.32:46159, f2627371-a904-4314-a836-5eb8f54559ec:192.168.34.32:33224, 1b813ef4-47a4-4bfc-8eb5-c34ae440adb1:192.168.34.32:36113], old=null
2019-10-21 19:13:43,461 [f2627371-a904-4314-a836-5eb8f54559ec@group-73E40DF2990B-LeaderElection429] INFO  impl.RaftServerImpl (RaftServerImpl.java:setRole(184)) - f2627371-a904-4314-a836-5eb8f54559ec@group-73E40DF2990B: changes role from CANDIDATE to FOLLOWER at term 489 for DISCOVERED_A_NEW_TERM
2019-10-21 19:13:43,461 [f2627371-a904-4314-a836-5eb8f54559ec@group-73E40DF2990B-LeaderElection429] INFO  impl.RoleInfo (RoleInfo.java:shutdownLeaderElection(134)) - f2627371-a904-4314-a836-5eb8f54559ec: shutdown LeaderElection
2019-10-21 19:13:43,461 [f2627371-a904-4314-a836-5eb8f54559ec@group-73E40DF2990B-LeaderElection429] INFO  impl.RoleInfo (RoleInfo.java:updateAndGet(143)) - f2627371-a904-4314-a836-5eb8f54559ec: start FollowerState
2019-10-21 19:13:43,509 [Thread-3182] INFO  impl.FollowerState (FollowerState.java:run(108)) - f2627371-a904-4314-a836-5eb8f54559ec@group-73E40DF2990B-FollowerState: change to CANDIDATE, lastRpcTime:47ms, electionTimeout:47ms
2019-10-21 19:13:43,509 [Thread-3182] INFO  impl.RoleInfo (RoleInfo.java:shutdownFollowerState(121)) - f2627371-a904-4314-a836-5eb8f54559ec: shutdown FollowerState
2019-10-21 19:13:43,509 [Thread-3182] INFO  impl.RaftServerImpl (RaftServerImpl.java:setRole(184)) - f2627371-a904-4314-a836-5eb8f54559ec@group-73E40DF2990B: changes role from  FOLLOWER to CANDIDATE at term 489 for changeToCandidate
2019-10-21 19:13:43,509 [Thread-3182] INFO  impl.RoleInfo (RoleInfo.java:updateAndGet(143)) - f2627371-a904-4314-a836-5eb8f54559ec: start LeaderElection
2019-10-21 19:13:43,522 [f2627371-a904-4314-a836-5eb8f54559ec@group-73E40DF2990B-LeaderElection430] INFO  impl.LeaderElection (LeaderElection.java:askForVotes(178)) - f2627371-a904-4314-a836-5eb8f54559ec@group-73E40DF2990B-LeaderElection430: begin an election at term 490 for -1: [e6a83585-83d0-4616-a3d5-866875ad8a29:192.168.34.32:46159, f2627371-a904-4314-a836-5eb8f54559ec:192.168.34.32:33224, 1b813ef4-47a4-4bfc-8eb5-c34ae440adb1:192.168.34.32:36113], old=null
2019-10-21 19:13:43,524 [grpc-default-executor-5] INFO  impl.RaftServerImpl (RaftServerImpl.java:setRole(184)) - e6a83585-83d0-4616-a3d5-866875ad8a29@group-73E40DF2990B: changes role from  FOLLOWER to FOLLOWER at term 490 for recognizeCandidate:f2627371-a904-4314-a836-5eb8f54559ec
2019-10-21 19:13:43,524 [grpc-default-executor-5] INFO  impl.RoleInfo (RoleInfo.java:shutdownFollowerState(121)) - e6a83585-83d0-4616-a3d5-866875ad8a29: shutdown FollowerState
2019-10-21 19:13:43,525 [grpc-default-executor-5] INFO  impl.RoleInfo (RoleInfo.java:updateAndGet(143)) - e6a83585-83d0-4616-a3d5-866875ad8a29: start FollowerState
2019-10-21 19:13:43,525 [Thread-3180] INFO  impl.FollowerState (FollowerState.java:run(117)) - e6a83585-83d0-4616-a3d5-866875ad8a29@group-73E40DF2990B-FollowerState was interrupted: java.lang.InterruptedException: sleep interrupted
2019-10-21 19:13:43,525 [grpc-default-executor-2] INFO  impl.RaftServerImpl (RaftServerImpl.java:setRole(184)) - 1b813ef4-47a4-4bfc-8eb5-c34ae440adb1@group-73E40DF2990B: changes role from  FOLLOWER to FOLLOWER at term 490 for recognizeCandidate:f2627371-a904-4314-a836-5eb8f54559ec
2019-10-21 19:13:43,525 [grpc-default-executor-2] INFO  impl.RoleInfo (RoleInfo.java:shutdownFollowerState(121)) - 1b813ef4-47a4-4bfc-8eb5-c34ae440adb1: shutdown FollowerState
2019-10-21 19:13:43,525 [grpc-default-executor-2] INFO  impl.RoleInfo (RoleInfo.java:updateAndGet(143)) - 1b813ef4-47a4-4bfc-8eb5-c34ae440adb1: start FollowerState
2019-10-21 19:13:43,525 [Thread-3181] INFO  impl.FollowerState (FollowerState.java:run(117)) - 1b813ef4-47a4-4bfc-8eb5-c34ae440adb1@group-73E40DF2990B-FollowerState was interrupted: java.lang.InterruptedException: sleep interrupted
2019-10-21 19:13:43,538 [f2627371-a904-4314-a836-5eb8f54559ec@group-73E40DF2990B-LeaderElection430] INFO  impl.LeaderElection (LeaderElection.java:logAndReturn(56)) - f2627371-a904-4314-a836-5eb8f54559ec@group-73E40DF2990B-LeaderElection430: Election REJECTED; received 2 response(s) [f2627371-a904-4314-a836-5eb8f54559ec<-e6a83585-83d0-4616-a3d5-866875ad8a29#0:FAIL-t490, f2627371-a904-4314-a836-5eb8f54559ec<-1b813ef4-47a4-4bfc-8eb5-c34ae440adb1#0:FAIL-t490] and 0 exception(s); f2627371-a904-4314-a836-5eb8f54559ec@group-73E40DF2990B:t490, leader=null, voted=f2627371-a904-4314-a836-5eb8f54559ec, raftlog=f2627371-a904-4314-a836-5eb8f54559ec@group-73E40DF2990B-SegmentedRaftLog:OPENED:c-1,f-1,i0, conf=-1: [e6a83585-83d0-4616-a3d5-866875ad8a29:192.168.34.32:46159, f2627371-a904-4314-a836-5eb8f54559ec:192.168.34.32:33224, 1b813ef4-47a4-4bfc-8eb5-c34ae440adb1:192.168.34.32:36113], old=null
2019-10-21 19:13:43,539 [f2627371-a904-4314-a836-5eb8f54559ec@group-73E40DF2990B-LeaderElection430] INFO  impl.RaftServerImpl (RaftServerImpl.java:setRole(184)) - f2627371-a904-4314-a836-5eb8f54559ec@group-73E40DF2990B: changes role from CANDIDATE to FOLLOWER at term 490 for DISCOVERED_A_NEW_TERM
2019-10-21 19:13:43,539 [f2627371-a904-4314-a836-5eb8f54559ec@group-73E40DF2990B-LeaderElection430] INFO  impl.RoleInfo (RoleInfo.java:shutdownLeaderElection(134)) - f2627371-a904-4314-a836-5eb8f54559ec: shutdown LeaderElection
2019-10-21 19:13:43,539 [f2627371-a904-4314-a836-5eb8f54559ec@group-73E40DF2990B-LeaderElection430] INFO  impl.RoleInfo (RoleInfo.java:updateAndGet(143)) - f2627371-a904-4314-a836-5eb8f54559ec: start FollowerState
2019-10-21 19:13:43,570 [Thread-280] INFO  ipc.Client (Client.java:handleConnectionFailure(948)) - Retrying connect to server: localhost/127.0.0.1:45457. Already tried 4 time(s); retry policy is RetryUpToMaximumCountWithFixedSleep(maxRetries=10, sleepTime=1000 MILLISECONDS)
2019-10-21 19:13:43,601 [main] INFO  ozoneimpl.OzoneContainer (OzoneContainer.java:stop(227)) - Attempting to stop container services.
2019-10-21 19:13:43,601 [ForkJoinPool.commonPool-worker-0] INFO  ozoneimpl.OzoneContainer (OzoneContainer.java:stop(227)) - Attempting to stop container services.
2019-10-21 19:13:43,602 [main] INFO  impl.RaftServerProxy (RaftServerProxy.java:lambda$close$4(314)) - f2627371-a904-4314-a836-5eb8f54559ec: close
2019-10-21 19:13:43,602 [ForkJoinPool.commonPool-worker-0] INFO  impl.RaftServerProxy (RaftServerProxy.java:lambda$close$4(314)) - 1b813ef4-47a4-4bfc-8eb5-c34ae440adb1: close
2019-10-21 19:13:43,603 [main] INFO  impl.RaftServerImpl (RaftServerImpl.java:lambda$shutdown$3(261)) - f2627371-a904-4314-a836-5eb8f54559ec@group-4B5A6913579D: shutdown
2019-10-21 19:13:43,603 [ForkJoinPool.commonPool-worker-0] INFO  impl.RaftServerImpl (RaftServerImpl.java:lambda$shutdown$3(261)) - 1b813ef4-47a4-4bfc-8eb5-c34ae440adb1@group-4F6C49A4966A: shutdown
2019-10-21 19:13:43,603 [main] INFO  util.JmxRegister (JmxRegister.java:unregister(73)) - Successfully un-registered JMX Bean with object name Ratis:service=RaftServer,group=group-4B5A6913579D,id=f2627371-a904-4314-a836-5eb8f54559ec
2019-10-21 19:13:43,603 [ForkJoinPool.commonPool-worker-0] INFO  util.JmxRegister (JmxRegister.java:unregister(73)) - Successfully un-registered JMX Bean with object name Ratis:service=RaftServer,group=group-4F6C49A4966A,id=1b813ef4-47a4-4bfc-8eb5-c34ae440adb1
2019-10-21 19:13:43,604 [main] INFO  impl.RoleInfo (RoleInfo.java:shutdownLeaderState(104)) - f2627371-a904-4314-a836-5eb8f54559ec: shutdown LeaderState
2019-10-21 19:13:43,604 [ForkJoinPool.commonPool-worker-0] INFO  impl.RoleInfo (RoleInfo.java:shutdownLeaderState(104)) - 1b813ef4-47a4-4bfc-8eb5-c34ae440adb1: shutdown LeaderState
2019-10-21 19:13:43,604 [main] INFO  impl.PendingRequests (PendingRequests.java:sendNotLeaderResponses(202)) - f2627371-a904-4314-a836-5eb8f54559ec@group-4B5A6913579D-PendingRequests: sendNotLeaderResponses
2019-10-21 19:13:43,604 [ForkJoinPool.commonPool-worker-0] INFO  impl.PendingRequests (PendingRequests.java:sendNotLeaderResponses(202)) - 1b813ef4-47a4-4bfc-8eb5-c34ae440adb1@group-4F6C49A4966A-PendingRequests: sendNotLeaderResponses
2019-10-21 19:13:43,605 [main] INFO  impl.StateMachineUpdater (StateMachineUpdater.java:stopAndJoin(136)) - f2627371-a904-4314-a836-5eb8f54559ec@group-4B5A6913579D-StateMachineUpdater: set stopIndex = 0
2019-10-21 19:13:43,605 [ForkJoinPool.commonPool-worker-0] INFO  impl.StateMachineUpdater (StateMachineUpdater.java:stopAndJoin(136)) - 1b813ef4-47a4-4bfc-8eb5-c34ae440adb1@group-4F6C49A4966A-StateMachineUpdater: set stopIndex = 0
2019-10-21 19:13:43,606 [main] INFO  impl.RaftServerImpl (ServerState.java:close(388)) - f2627371-a904-4314-a836-5eb8f54559ec@group-4B5A6913579D: closes. applyIndex: 0
2019-10-21 19:13:43,606 [ForkJoinPool.commonPool-worker-0] INFO  impl.RaftServerImpl (ServerState.java:close(388)) - 1b813ef4-47a4-4bfc-8eb5-c34ae440adb1@group-4F6C49A4966A: closes. applyIndex: 0
2019-10-21 19:13:43,606 [f2627371-a904-4314-a836-5eb8f54559ec@group-4B5A6913579D-SegmentedRaftLogWorker] INFO  segmented.SegmentedRaftLogWorker (SegmentedRaftLogWorker.java:run(316)) - f2627371-a904-4314-a836-5eb8f54559ec@group-4B5A6913579D-SegmentedRaftLogWorker was interrupted, exiting. There are 0 tasks remaining in the queue.
2019-10-21 19:13:43,607 [1b813ef4-47a4-4bfc-8eb5-c34ae440adb1@group-4F6C49A4966A-SegmentedRaftLogWorker] INFO  segmented.SegmentedRaftLogWorker (SegmentedRaftLogWorker.java:run(316)) - 1b813ef4-47a4-4bfc-8eb5-c34ae440adb1@group-4F6C49A4966A-SegmentedRaftLogWorker was interrupted, exiting. There are 0 tasks remaining in the queue.
2019-10-21 19:13:43,608 [main] INFO  segmented.SegmentedRaftLogWorker (SegmentedRaftLogWorker.java:close(224)) - f2627371-a904-4314-a836-5eb8f54559ec@group-4B5A6913579D-SegmentedRaftLogWorker close()
2019-10-21 19:13:43,609 [ForkJoinPool.commonPool-worker-0] INFO  segmented.SegmentedRaftLogWorker (SegmentedRaftLogWorker.java:close(224)) - 1b813ef4-47a4-4bfc-8eb5-c34ae440adb1@group-4F6C49A4966A-SegmentedRaftLogWorker close()
2019-10-21 19:13:43,611 [main] INFO  impl.RaftServerImpl (RaftServerImpl.java:lambda$shutdown$3(261)) - f2627371-a904-4314-a836-5eb8f54559ec@group-73E40DF2990B: shutdown
2019-10-21 19:13:43,612 [ForkJoinPool.commonPool-worker-0] INFO  impl.RaftServerImpl (RaftServerImpl.java:lambda$shutdown$3(261)) - 1b813ef4-47a4-4bfc-8eb5-c34ae440adb1@group-73E40DF2990B: shutdown
2019-10-21 19:13:43,613 [main] INFO  util.JmxRegister (JmxRegister.java:unregister(73)) - Successfully un-registered JMX Bean with object name Ratis:service=RaftServer,group=group-73E40DF2990B,id=f2627371-a904-4314-a836-5eb8f54559ec
2019-10-21 19:13:43,613 [ForkJoinPool.commonPool-worker-0] INFO  util.JmxRegister (JmxRegister.java:unregister(73)) - Successfully un-registered JMX Bean with object name Ratis:service=RaftServer,group=group-73E40DF2990B,id=1b813ef4-47a4-4bfc-8eb5-c34ae440adb1
2019-10-21 19:13:43,613 [main] INFO  impl.RoleInfo (RoleInfo.java:shutdownFollowerState(121)) - f2627371-a904-4314-a836-5eb8f54559ec: shutdown FollowerState
2019-10-21 19:13:43,613 [ForkJoinPool.commonPool-worker-0] INFO  impl.RoleInfo (RoleInfo.java:shutdownFollowerState(121)) - 1b813ef4-47a4-4bfc-8eb5-c34ae440adb1: shutdown FollowerState
2019-10-21 19:13:43,614 [Thread-3188] INFO  impl.FollowerState (FollowerState.java:run(117)) - f2627371-a904-4314-a836-5eb8f54559ec@group-73E40DF2990B-FollowerState was interrupted: java.lang.InterruptedException: sleep interrupted
2019-10-21 19:13:43,614 [main] INFO  impl.StateMachineUpdater (StateMachineUpdater.java:stopAndJoin(136)) - f2627371-a904-4314-a836-5eb8f54559ec@group-73E40DF2990B-StateMachineUpdater: set stopIndex = -1
2019-10-21 19:13:43,614 [ForkJoinPool.commonPool-worker-0] INFO  impl.StateMachineUpdater (StateMachineUpdater.java:stopAndJoin(136)) - 1b813ef4-47a4-4bfc-8eb5-c34ae440adb1@group-73E40DF2990B-StateMachineUpdater: set stopIndex = -1
2019-10-21 19:13:43,615 [ForkJoinPool.commonPool-worker-0] INFO  impl.RaftServerImpl (ServerState.java:close(388)) - 1b813ef4-47a4-4bfc-8eb5-c34ae440adb1@group-73E40DF2990B: closes. applyIndex: -1
2019-10-21 19:13:43,614 [Thread-3187] INFO  impl.FollowerState (FollowerState.java:run(117)) - 1b813ef4-47a4-4bfc-8eb5-c34ae440adb1@group-73E40DF2990B-FollowerState was interrupted: java.lang.InterruptedException: sleep interrupted
2019-10-21 19:13:43,614 [main] INFO  impl.RaftServerImpl (ServerState.java:close(388)) - f2627371-a904-4314-a836-5eb8f54559ec@group-73E40DF2990B: closes. applyIndex: -1
2019-10-21 19:13:43,615 [1b813ef4-47a4-4bfc-8eb5-c34ae440adb1@group-73E40DF2990B-SegmentedRaftLogWorker] INFO  segmented.SegmentedRaftLogWorker (SegmentedRaftLogWorker.java:run(316)) - 1b813ef4-47a4-4bfc-8eb5-c34ae440adb1@group-73E40DF2990B-SegmentedRaftLogWorker was interrupted, exiting. There are 0 tasks remaining in the queue.
2019-10-21 19:13:43,615 [f2627371-a904-4314-a836-5eb8f54559ec@group-73E40DF2990B-SegmentedRaftLogWorker] INFO  segmented.SegmentedRaftLogWorker (SegmentedRaftLogWorker.java:run(316)) - f2627371-a904-4314-a836-5eb8f54559ec@group-73E40DF2990B-SegmentedRaftLogWorker was interrupted, exiting. There are 0 tasks remaining in the queue.
2019-10-21 19:13:43,616 [main] INFO  segmented.SegmentedRaftLogWorker (SegmentedRaftLogWorker.java:close(224)) - f2627371-a904-4314-a836-5eb8f54559ec@group-73E40DF2990B-SegmentedRaftLogWorker close()
2019-10-21 19:13:43,616 [ForkJoinPool.commonPool-worker-0] INFO  segmented.SegmentedRaftLogWorker (SegmentedRaftLogWorker.java:close(224)) - 1b813ef4-47a4-4bfc-8eb5-c34ae440adb1@group-73E40DF2990B-SegmentedRaftLogWorker close()
2019-10-21 19:13:43,618 [main] INFO  server.GrpcService (GrpcService.java:closeImpl(164)) - f2627371-a904-4314-a836-5eb8f54559ec: shutdown server with port 33224 now
2019-10-21 19:13:43,619 [ForkJoinPool.commonPool-worker-0] INFO  server.GrpcService (GrpcService.java:closeImpl(164)) - 1b813ef4-47a4-4bfc-8eb5-c34ae440adb1: shutdown server with port 36113 now
2019-10-21 19:13:43,621 [ForkJoinPool.commonPool-worker-0] INFO  server.GrpcService (GrpcService.java:closeImpl(172)) - 1b813ef4-47a4-4bfc-8eb5-c34ae440adb1: shutdown server with port 36113 successfully
2019-10-21 19:13:43,622 [main] INFO  server.GrpcService (GrpcService.java:closeImpl(172)) - f2627371-a904-4314-a836-5eb8f54559ec: shutdown server with port 33224 successfully
2019-10-21 19:13:43,630 [refreshUsed-/workdir/hadoop-ozone/integration-test/target/test-dir/MiniOzoneClusterImpl-e6c2b343-afa6-4e23-b2ea-04dd8acb85ef/datanode-1/data/containers] WARN  fs.CachingGetSpaceUsed (CachingGetSpaceUsed.java:run(183)) - Thread Interrupted waiting to refresh disk information: sleep interrupted
2019-10-21 19:13:43,630 [refreshUsed-/workdir/hadoop-ozone/integration-test/target/test-dir/MiniOzoneClusterImpl-e6c2b343-afa6-4e23-b2ea-04dd8acb85ef/datanode-2/data/containers] WARN  fs.CachingGetSpaceUsed (CachingGetSpaceUsed.java:run(183)) - Thread Interrupted waiting to refresh disk information: sleep interrupted
2019-10-21 19:13:43,654 [ForkJoinPool.commonPool-worker-0] INFO  utils.BackgroundService (BackgroundService.java:shutdown(151)) - Shutting down service BlockDeletingService
2019-10-21 19:13:43,656 [ForkJoinPool.commonPool-worker-0] INFO  statemachine.DatanodeStateMachine (DatanodeStateMachine.java:stopDaemon(395)) - Ozone container server stopped.
2019-10-21 19:13:43,658 [main] INFO  utils.BackgroundService (BackgroundService.java:shutdown(151)) - Shutting down service BlockDeletingService
2019-10-21 19:13:43,661 [ForkJoinPool.commonPool-worker-0] INFO  handler.ContextHandler (ContextHandler.java:doStop(910)) - Stopped o.e.j.w.WebAppContext@7e446d92{/,null,UNAVAILABLE}{/hddsDatanode}
2019-10-21 19:13:43,661 [main] INFO  statemachine.DatanodeStateMachine (DatanodeStateMachine.java:stopDaemon(395)) - Ozone container server stopped.
2019-10-21 19:13:43,662 [ForkJoinPool.commonPool-worker-0] INFO  server.AbstractConnector (AbstractConnector.java:doStop(318)) - Stopped ServerConnector@57f9b467{HTTP/1.1,[http/1.1]}{0.0.0.0:0}
2019-10-21 19:13:43,663 [ForkJoinPool.commonPool-worker-0] INFO  handler.ContextHandler (ContextHandler.java:doStop(910)) - Stopped o.e.j.s.ServletContextHandler@544e8149{/static,jar:file:/home/user/.m2/repository/org/apache/hadoop/hadoop-hdds-container-service/0.5.0-SNAPSHOT/hadoop-hdds-container-service-0.5.0-SNAPSHOT.jar!/webapps/static,UNAVAILABLE}
2019-10-21 19:13:43,663 [main] INFO  handler.ContextHandler (ContextHandler.java:doStop(910)) - Stopped o.e.j.w.WebAppContext@3722c145{/,null,UNAVAILABLE}{/hddsDatanode}
2019-10-21 19:13:43,664 [ForkJoinPool.commonPool-worker-0] INFO  handler.ContextHandler (ContextHandler.java:doStop(910)) - Stopped o.e.j.s.ServletContextHandler@29a98d9f{/logs,file:///workdir/hadoop-ozone/integration-test/target/log,UNAVAILABLE}
2019-10-21 19:13:43,665 [main] INFO  server.AbstractConnector (AbstractConnector.java:doStop(318)) - Stopped ServerConnector@4cbc2e3b{HTTP/1.1,[http/1.1]}{0.0.0.0:0}
2019-10-21 19:13:43,665 [main] INFO  handler.ContextHandler (ContextHandler.java:doStop(910)) - Stopped o.e.j.s.ServletContextHandler@1caa9eb6{/static,jar:file:/home/user/.m2/repository/org/apache/hadoop/hadoop-hdds-container-service/0.5.0-SNAPSHOT/hadoop-hdds-container-service-0.5.0-SNAPSHOT.jar!/webapps/static,UNAVAILABLE}
2019-10-21 19:13:43,666 [main] INFO  handler.ContextHandler (ContextHandler.java:doStop(910)) - Stopped o.e.j.s.ServletContextHandler@51ec2856{/logs,file:///workdir/hadoop-ozone/integration-test/target/log,UNAVAILABLE}
2019-10-21 19:13:44,356 [Datanode State Machine Thread - 0] INFO  statemachine.DatanodeStateMachine (DatanodeStateMachine.java:lambda$startDaemon$0(350)) - Ozone container server started.
2019-10-21 19:13:44,526 [Datanode State Machine Thread - 0] INFO  statemachine.DatanodeStateMachine (DatanodeStateMachine.java:lambda$startDaemon$0(350)) - Ozone container server started.
2019-10-21 19:13:44,571 [Thread-280] INFO  ipc.Client (Client.java:handleConnectionFailure(948)) - Retrying connect to server: localhost/127.0.0.1:45457. Already tried 5 time(s); retry policy is RetryUpToMaximumCountWithFixedSleep(maxRetries=10, sleepTime=1000 MILLISECONDS)
2019-10-21 19:13:45,572 [Thread-280] INFO  ipc.Client (Client.java:handleConnectionFailure(948)) - Retrying connect to server: localhost/127.0.0.1:45457. Already tried 6 time(s); retry policy is RetryUpToMaximumCountWithFixedSleep(maxRetries=10, sleepTime=1000 MILLISECONDS)
2019-10-21 19:13:46,573 [Thread-280] INFO  ipc.Client (Client.java:handleConnectionFailure(948)) - Retrying connect to server: localhost/127.0.0.1:45457. Already tried 7 time(s); retry policy is RetryUpToMaximumCountWithFixedSleep(maxRetries=10, sleepTime=1000 MILLISECONDS)
2019-10-21 19:13:47,574 [Thread-280] INFO  ipc.Client (Client.java:handleConnectionFailure(948)) - Retrying connect to server: localhost/127.0.0.1:45457. Already tried 8 time(s); retry policy is RetryUpToMaximumCountWithFixedSleep(maxRetries=10, sleepTime=1000 MILLISECONDS)
2019-10-21 19:13:48,576 [Thread-280] INFO  ipc.Client (Client.java:handleConnectionFailure(948)) - Retrying connect to server: localhost/127.0.0.1:45457. Already tried 9 time(s); retry policy is RetryUpToMaximumCountWithFixedSleep(maxRetries=10, sleepTime=1000 MILLISECONDS)
2019-10-21 19:13:48,587 [Thread-280] INFO  retry.RetryInvocationHandler (RetryInvocationHandler.java:log(411)) - com.google.protobuf.ServiceException: java.net.ConnectException: Call From pr-hdds-2320-master-mmr2t-3035452747/192.168.34.32 to localhost:45457 failed on connection exception: java.net.ConnectException: Connection refused; For more details see:  http://wiki.apache.org/hadoop/ConnectionRefused, while invoking $Proxy36.submitRequest over nodeId=null,nodeAddress=localhost:45457. Trying to failover immediately.
2019-10-21 19:13:48,660 [Thread-3186] INFO  impl.FollowerState (FollowerState.java:run(108)) - e6a83585-83d0-4616-a3d5-866875ad8a29@group-73E40DF2990B-FollowerState: change to CANDIDATE, lastRpcTime:5135ms, electionTimeout:5135ms
2019-10-21 19:13:48,660 [Thread-3186] INFO  impl.RoleInfo (RoleInfo.java:shutdownFollowerState(121)) - e6a83585-83d0-4616-a3d5-866875ad8a29: shutdown FollowerState
2019-10-21 19:13:48,661 [Thread-3186] INFO  impl.RaftServerImpl (RaftServerImpl.java:setRole(184)) - e6a83585-83d0-4616-a3d5-866875ad8a29@group-73E40DF2990B: changes role from  FOLLOWER to CANDIDATE at term 490 for changeToCandidate
2019-10-21 19:13:48,661 [Thread-3186] INFO  impl.RoleInfo (RoleInfo.java:updateAndGet(143)) - e6a83585-83d0-4616-a3d5-866875ad8a29: start LeaderElection
2019-10-21 19:13:48,667 [ForkJoinPool.commonPool-worker-0] INFO  ozoneimpl.OzoneContainer (OzoneContainer.java:stop(227)) - Attempting to stop container services.
2019-10-21 19:13:48,667 [main] INFO  ozoneimpl.OzoneContainer (OzoneContainer.java:stop(227)) - Attempting to stop container services.
2019-10-21 19:13:48,668 [ForkJoinPool.commonPool-worker-0] INFO  impl.RaftServerProxy (RaftServerProxy.java:lambda$close$4(314)) - d01d09d0-c224-4118-bf2d-8d047efe812d: close
2019-10-21 19:13:48,668 [main] INFO  impl.RaftServerProxy (RaftServerProxy.java:lambda$close$4(314)) - e6a83585-83d0-4616-a3d5-866875ad8a29: close
2019-10-21 19:13:48,669 [ForkJoinPool.commonPool-worker-0] INFO  impl.RaftServerImpl (RaftServerImpl.java:lambda$shutdown$3(261)) - d01d09d0-c224-4118-bf2d-8d047efe812d@group-4A9FAF8940B2: shutdown
2019-10-21 19:13:48,669 [main] INFO  impl.RaftServerImpl (RaftServerImpl.java:lambda$shutdown$3(261)) - e6a83585-83d0-4616-a3d5-866875ad8a29@group-73E40DF2990B: shutdown
2019-10-21 19:13:48,669 [ForkJoinPool.commonPool-worker-0] INFO  util.JmxRegister (JmxRegister.java:unregister(73)) - Successfully un-registered JMX Bean with object name Ratis:service=RaftServer,group=group-4A9FAF8940B2,id=d01d09d0-c224-4118-bf2d-8d047efe812d
2019-10-21 19:13:48,670 [main] INFO  util.JmxRegister (JmxRegister.java:unregister(73)) - Successfully un-registered JMX Bean with object name Ratis:service=RaftServer,group=group-73E40DF2990B,id=e6a83585-83d0-4616-a3d5-866875ad8a29
2019-10-21 19:13:48,671 [main] INFO  impl.RoleInfo (RoleInfo.java:shutdownLeaderElection(134)) - e6a83585-83d0-4616-a3d5-866875ad8a29: shutdown LeaderElection
2019-10-21 19:13:48,670 [ForkJoinPool.commonPool-worker-0] INFO  impl.RoleInfo (RoleInfo.java:shutdownLeaderState(104)) - d01d09d0-c224-4118-bf2d-8d047efe812d: shutdown LeaderState
2019-10-21 19:13:48,672 [main] INFO  impl.StateMachineUpdater (StateMachineUpdater.java:stopAndJoin(136)) - e6a83585-83d0-4616-a3d5-866875ad8a29@group-73E40DF2990B-StateMachineUpdater: set stopIndex = -1
2019-10-21 19:13:48,673 [ForkJoinPool.commonPool-worker-0] INFO  impl.PendingRequests (PendingRequests.java:sendNotLeaderResponses(202)) - d01d09d0-c224-4118-bf2d-8d047efe812d@group-4A9FAF8940B2-PendingRequests: sendNotLeaderResponses
2019-10-21 19:13:48,673 [main] INFO  impl.RaftServerImpl (ServerState.java:close(388)) - e6a83585-83d0-4616-a3d5-866875ad8a29@group-73E40DF2990B: closes. applyIndex: -1
2019-10-21 19:13:48,673 [ForkJoinPool.commonPool-worker-0] INFO  impl.StateMachineUpdater (StateMachineUpdater.java:stopAndJoin(136)) - d01d09d0-c224-4118-bf2d-8d047efe812d@group-4A9FAF8940B2-StateMachineUpdater: set stopIndex = 0
2019-10-21 19:13:48,674 [e6a83585-83d0-4616-a3d5-866875ad8a29@group-73E40DF2990B-SegmentedRaftLogWorker] INFO  segmented.SegmentedRaftLogWorker (SegmentedRaftLogWorker.java:run(316)) - e6a83585-83d0-4616-a3d5-866875ad8a29@group-73E40DF2990B-SegmentedRaftLogWorker was interrupted, exiting. There are 0 tasks remaining in the queue.
2019-10-21 19:13:48,674 [ForkJoinPool.commonPool-worker-0] INFO  impl.RaftServerImpl (ServerState.java:close(388)) - d01d09d0-c224-4118-bf2d-8d047efe812d@group-4A9FAF8940B2: closes. applyIndex: 0
2019-10-21 19:13:48,675 [main] INFO  segmented.SegmentedRaftLogWorker (SegmentedRaftLogWorker.java:close(224)) - e6a83585-83d0-4616-a3d5-866875ad8a29@group-73E40DF2990B-SegmentedRaftLogWorker close()
2019-10-21 19:13:48,675 [d01d09d0-c224-4118-bf2d-8d047efe812d@group-4A9FAF8940B2-SegmentedRaftLogWorker] INFO  segmented.SegmentedRaftLogWorker (SegmentedRaftLogWorker.java:run(316)) - d01d09d0-c224-4118-bf2d-8d047efe812d@group-4A9FAF8940B2-SegmentedRaftLogWorker was interrupted, exiting. There are 0 tasks remaining in the queue.
2019-10-21 19:13:48,677 [main] INFO  impl.RaftServerImpl (RaftServerImpl.java:lambda$shutdown$3(261)) - e6a83585-83d0-4616-a3d5-866875ad8a29@group-8BB52D3220EA: shutdown
2019-10-21 19:13:48,678 [ForkJoinPool.commonPool-worker-0] INFO  segmented.SegmentedRaftLogWorker (SegmentedRaftLogWorker.java:close(224)) - d01d09d0-c224-4118-bf2d-8d047efe812d@group-4A9FAF8940B2-SegmentedRaftLogWorker close()
2019-10-21 19:13:48,678 [e6a83585-83d0-4616-a3d5-866875ad8a29@group-73E40DF2990B-LeaderElection431] INFO  impl.LeaderElection (LeaderElection.java:askForVotes(178)) - e6a83585-83d0-4616-a3d5-866875ad8a29@group-73E40DF2990B-LeaderElection431: begin an election at term 491 for 0: [e6a83585-83d0-4616-a3d5-866875ad8a29:192.168.34.32:46159, f2627371-a904-4314-a836-5eb8f54559ec:192.168.34.32:33224, 1b813ef4-47a4-4bfc-8eb5-c34ae440adb1:192.168.34.32:36113], old=null
2019-10-21 19:13:48,678 [main] INFO  util.JmxRegister (JmxRegister.java:unregister(73)) - Successfully un-registered JMX Bean with object name Ratis:service=RaftServer,group=group-8BB52D3220EA,id=e6a83585-83d0-4616-a3d5-866875ad8a29
2019-10-21 19:13:48,680 [ForkJoinPool.commonPool-worker-0] INFO  server.GrpcService (GrpcService.java:closeImpl(164)) - d01d09d0-c224-4118-bf2d-8d047efe812d: shutdown server with port 44248 now
2019-10-21 19:13:48,681 [main] INFO  impl.RoleInfo (RoleInfo.java:shutdownLeaderState(104)) - e6a83585-83d0-4616-a3d5-866875ad8a29: shutdown LeaderState
2019-10-21 19:13:48,682 [ForkJoinPool.commonPool-worker-0] INFO  server.GrpcService (GrpcService.java:closeImpl(172)) - d01d09d0-c224-4118-bf2d-8d047efe812d: shutdown server with port 44248 successfully
2019-10-21 19:13:48,683 [main] INFO  impl.PendingRequests (PendingRequests.java:sendNotLeaderResponses(202)) - e6a83585-83d0-4616-a3d5-866875ad8a29@group-8BB52D3220EA-PendingRequests: sendNotLeaderResponses
2019-10-21 19:13:48,684 [main] INFO  impl.StateMachineUpdater (StateMachineUpdater.java:stopAndJoin(136)) - e6a83585-83d0-4616-a3d5-866875ad8a29@group-8BB52D3220EA-StateMachineUpdater: set stopIndex = 0
2019-10-21 19:13:48,684 [main] INFO  impl.RaftServerImpl (ServerState.java:close(388)) - e6a83585-83d0-4616-a3d5-866875ad8a29@group-8BB52D3220EA: closes. applyIndex: 0
2019-10-21 19:13:48,685 [e6a83585-83d0-4616-a3d5-866875ad8a29@group-73E40DF2990B-LeaderElection431] INFO  impl.LeaderElection (LeaderElection.java:run(137)) - e6a83585-83d0-4616-a3d5-866875ad8a29@group-73E40DF2990B-LeaderElection431: IllegalArgumentException is safely ignored since this is already CLOSING
java.lang.IllegalArgumentException: e6a83585-83d0-4616-a3d5-866875ad8a29@group-73E40DF2990B-SegmentedRaftLog is expected to be opened but it is CLOSED
	at org.apache.ratis.util.OpenCloseState.assertOpen(OpenCloseState.java:63)
	at org.apache.ratis.server.raftlog.RaftLog.checkLogState(RaftLog.java:102)
	at org.apache.ratis.server.raftlog.segmented.SegmentedRaftLog.getLastEntryTermIndex(SegmentedRaftLog.java:345)
	at org.apache.ratis.server.impl.LeaderElection.askForVotes(LeaderElection.java:180)
	at org.apache.ratis.server.impl.LeaderElection.run(LeaderElection.java:133)
	at java.lang.Thread.run(Thread.java:748)
Caused by: org.apache.ratis.util.OpenCloseState$CloseTrace: Close e6a83585-83d0-4616-a3d5-866875ad8a29@group-73E40DF2990B-SegmentedRaftLog
	at org.apache.ratis.util.OpenCloseState.lambda$close$1(OpenCloseState.java:109)
	at java.util.concurrent.atomic.AtomicReference.getAndUpdate(AtomicReference.java:160)
	at org.apache.ratis.util.OpenCloseState.close(OpenCloseState.java:109)
	at org.apache.ratis.server.raftlog.RaftLog.close(RaftLog.java:437)
	at org.apache.ratis.server.raftlog.segmented.SegmentedRaftLog.close(SegmentedRaftLog.java:500)
	at org.apache.ratis.server.impl.ServerState.close(ServerState.java:390)
	at org.apache.ratis.server.impl.RaftServerImpl.lambda$shutdown$3(RaftServerImpl.java:283)
	at org.apache.ratis.util.LifeCycle.lambda$checkStateAndClose$2(LifeCycle.java:231)
	at org.apache.ratis.util.LifeCycle.checkStateAndClose(LifeCycle.java:251)
	at org.apache.ratis.util.LifeCycle.checkStateAndClose(LifeCycle.java:229)
	at org.apache.ratis.server.impl.RaftServerImpl.shutdown(RaftServerImpl.java:260)
	at org.apache.ratis.server.impl.RaftServerProxy$ImplMap.lambda$close$0(RaftServerProxy.java:107)
	at java.util.stream.ForEachOps$ForEachOp$OfRef.accept(ForEachOps.java:183)
	at java.util.stream.ReferencePipeline$3$1.accept(ReferencePipeline.java:193)
	at java.util.concurrent.ConcurrentHashMap$ValueSpliterator.forEachRemaining(ConcurrentHashMap.java:3566)
	at java.util.stream.AbstractPipeline.copyInto(AbstractPipeline.java:482)
	at java.util.stream.ForEachOps$ForEachTask.compute(ForEachOps.java:290)
	at java.util.concurrent.CountedCompleter.exec(CountedCompleter.java:731)
	at java.util.concurrent.ForkJoinTask.doExec(ForkJoinTask.java:289)
	at java.util.concurrent.ForkJoinTask.doInvoke(ForkJoinTask.java:401)
	at java.util.concurrent.ForkJoinTask.invoke(ForkJoinTask.java:734)
	at java.util.stream.ForEachOps$ForEachOp.evaluateParallel(ForEachOps.java:159)
	at java.util.stream.ForEachOps$ForEachOp$OfRef.evaluateParallel(ForEachOps.java:173)
	at java.util.stream.AbstractPipeline.evaluate(AbstractPipeline.java:233)
	at java.util.stream.ReferencePipeline.forEach(ReferencePipeline.java:485)
	at org.apache.ratis.server.impl.RaftServerProxy$ImplMap.close(RaftServerProxy.java:107)
	at org.apache.ratis.server.impl.RaftServerProxy.lambda$close$4(RaftServerProxy.java:315)
	at org.apache.ratis.util.LifeCycle.lambda$checkStateAndClose$2(LifeCycle.java:231)
	at org.apache.ratis.util.LifeCycle.checkStateAndClose(LifeCycle.java:251)
	at org.apache.ratis.util.LifeCycle.checkStateAndClose(LifeCycle.java:229)
	at org.apache.ratis.server.impl.RaftServerProxy.close(RaftServerProxy.java:313)
	at org.apache.hadoop.ozone.container.common.transport.server.ratis.XceiverServerRatis.stop(XceiverServerRatis.java:448)
	at org.apache.hadoop.ozone.container.ozoneimpl.OzoneContainer.stop(OzoneContainer.java:229)
	at org.apache.hadoop.ozone.container.common.statemachine.DatanodeStateMachine.close(DatanodeStateMachine.java:270)
	at org.apache.hadoop.ozone.container.common.statemachine.DatanodeStateMachine.stopDaemon(DatanodeStateMachine.java:394)
	at org.apache.hadoop.ozone.HddsDatanodeService.stop(HddsDatanodeService.java:457)
	at org.apache.hadoop.ozone.MiniOzoneClusterImpl.stopDatanode(MiniOzoneClusterImpl.java:385)
	at java.util.stream.ForEachOps$ForEachOp$OfRef.accept(ForEachOps.java:183)
	at java.util.ArrayList$ArrayListSpliterator.forEachRemaining(ArrayList.java:1382)
	at java.util.stream.AbstractPipeline.copyInto(AbstractPipeline.java:482)
	at java.util.stream.ForEachOps$ForEachTask.compute(ForEachOps.java:290)
	at java.util.concurrent.CountedCompleter.exec(CountedCompleter.java:731)
	at java.util.concurrent.ForkJoinTask.doExec(ForkJoinTask.java:289)
	at java.util.concurrent.ForkJoinPool.helpComplete(ForkJoinPool.java:1870)
	at java.util.concurrent.ForkJoinPool.externalHelpComplete(ForkJoinPool.java:2467)
	at java.util.concurrent.ForkJoinTask.externalAwaitDone(ForkJoinTask.java:324)
	at java.util.concurrent.ForkJoinTask.doInvoke(ForkJoinTask.java:405)
	at java.util.concurrent.ForkJoinTask.invoke(ForkJoinTask.java:734)
	at java.util.stream.ForEachOps$ForEachOp.evaluateParallel(ForEachOps.java:159)
	at java.util.stream.ForEachOps$ForEachOp$OfRef.evaluateParallel(ForEachOps.java:173)
	at java.util.stream.AbstractPipeline.evaluate(AbstractPipeline.java:233)
	at java.util.stream.ReferencePipeline.forEach(ReferencePipeline.java:485)
	at java.util.stream.ReferencePipeline$Head.forEach(ReferencePipeline.java:650)
	at org.apache.hadoop.ozone.MiniOzoneClusterImpl.stopDatanodes(MiniOzoneClusterImpl.java:379)
	at org.apache.hadoop.ozone.MiniOzoneClusterImpl.stop(MiniOzoneClusterImpl.java:332)
	at org.apache.hadoop.ozone.MiniOzoneClusterImpl.shutdown(MiniOzoneClusterImpl.java:319)
	at org.apache.hadoop.ozone.scm.TestSCMContainerPlacementPolicyMetrics.teardown(TestSCMContainerPlacementPolicyMetrics.java:154)
	at sun.reflect.NativeMethodAccessorImpl.invoke0(Native Method)
	at sun.reflect.NativeMethodAccessorImpl.invoke(NativeMethodAccessorImpl.java:62)
	at sun.reflect.DelegatingMethodAccessorImpl.invoke(DelegatingMethodAccessorImpl.java:43)
	at java.lang.reflect.Method.invoke(Method.java:498)
	at org.junit.runners.model.FrameworkMethod$1.runReflectiveCall(FrameworkMethod.java:47)
	at org.junit.internal.runners.model.ReflectiveCallable.run(ReflectiveCallable.java:12)
	at org.junit.runners.model.FrameworkMethod.invokeExplosively(FrameworkMethod.java:44)
	at org.junit.internal.runners.statements.RunAfters.evaluate(RunAfters.java:33)
	at org.junit.runners.ParentRunner.runLeaf(ParentRunner.java:271)
	at org.junit.runners.BlockJUnit4ClassRunner.runChild(BlockJUnit4ClassRunner.java:70)
	at org.junit.runners.BlockJUnit4ClassRunner.runChild(BlockJUnit4ClassRunner.java:50)
	at org.junit.runners.ParentRunner$3.run(ParentRunner.java:238)
	at org.junit.runners.ParentRunner$1.schedule(ParentRunner.java:63)
	at org.junit.runners.ParentRunner.runChildren(ParentRunner.java:236)
	at org.junit.runners.ParentRunner.access$000(ParentRunner.java:53)
	at org.junit.runners.ParentRunner$2.evaluate(ParentRunner.java:229)
	at org.junit.runners.ParentRunner.run(ParentRunner.java:309)
	at org.apache.maven.surefire.junit4.JUnit4Provider.execute(JUnit4Provider.java:365)
	at org.apache.maven.surefire.junit4.JUnit4Provider.executeWithRerun(JUnit4Provider.java:273)
	at org.apache.maven.surefire.junit4.JUnit4Provider.executeTestSet(JUnit4Provider.java:238)
	at org.apache.maven.surefire.junit4.JUnit4Provider.invoke(JUnit4Provider.java:159)
	at org.apache.maven.surefire.booter.ForkedBooter.invokeProviderInSameClassLoader(ForkedBooter.java:384)
	at org.apache.maven.surefire.booter.ForkedBooter.runSuitesInProcess(ForkedBooter.java:345)
	at org.apache.maven.surefire.booter.ForkedBooter.execute(ForkedBooter.java:126)
	at org.apache.maven.surefire.booter.ForkedBooter.main(ForkedBooter.java:418)
2019-10-21 19:13:48,686 [refreshUsed-/workdir/hadoop-ozone/integration-test/target/test-dir/MiniOzoneClusterImpl-e6c2b343-afa6-4e23-b2ea-04dd8acb85ef/datanode-0/data/containers] WARN  fs.CachingGetSpaceUsed (CachingGetSpaceUsed.java:run(183)) - Thread Interrupted waiting to refresh disk information: sleep interrupted
2019-10-21 19:13:48,685 [e6a83585-83d0-4616-a3d5-866875ad8a29@group-8BB52D3220EA-SegmentedRaftLogWorker] INFO  segmented.SegmentedRaftLogWorker (SegmentedRaftLogWorker.java:run(316)) - e6a83585-83d0-4616-a3d5-866875ad8a29@group-8BB52D3220EA-SegmentedRaftLogWorker was interrupted, exiting. There are 0 tasks remaining in the queue.
2019-10-21 19:13:48,694 [main] INFO  segmented.SegmentedRaftLogWorker (SegmentedRaftLogWorker.java:close(224)) - e6a83585-83d0-4616-a3d5-866875ad8a29@group-8BB52D3220EA-SegmentedRaftLogWorker close()
2019-10-21 19:13:48,696 [main] INFO  server.GrpcService (GrpcService.java:closeImpl(164)) - e6a83585-83d0-4616-a3d5-866875ad8a29: shutdown server with port 46159 now
2019-10-21 19:13:48,696 [main] INFO  server.GrpcService (GrpcService.java:closeImpl(172)) - e6a83585-83d0-4616-a3d5-866875ad8a29: shutdown server with port 46159 successfully
2019-10-21 19:13:48,700 [refreshUsed-/workdir/hadoop-ozone/integration-test/target/test-dir/MiniOzoneClusterImpl-e6c2b343-afa6-4e23-b2ea-04dd8acb85ef/datanode-3/data/containers] WARN  fs.CachingGetSpaceUsed (CachingGetSpaceUsed.java:run(183)) - Thread Interrupted waiting to refresh disk information: sleep interrupted
2019-10-21 19:13:48,717 [ForkJoinPool.commonPool-worker-0] INFO  utils.BackgroundService (BackgroundService.java:shutdown(151)) - Shutting down service BlockDeletingService
2019-10-21 19:13:48,719 [ForkJoinPool.commonPool-worker-0] INFO  statemachine.DatanodeStateMachine (DatanodeStateMachine.java:stopDaemon(395)) - Ozone container server stopped.
2019-10-21 19:13:48,724 [ForkJoinPool.commonPool-worker-0] INFO  handler.ContextHandler (ContextHandler.java:doStop(910)) - Stopped o.e.j.w.WebAppContext@5a08efdc{/,null,UNAVAILABLE}{/hddsDatanode}
2019-10-21 19:13:48,725 [ForkJoinPool.commonPool-worker-0] INFO  server.AbstractConnector (AbstractConnector.java:doStop(318)) - Stopped ServerConnector@57272109{HTTP/1.1,[http/1.1]}{0.0.0.0:0}
2019-10-21 19:13:48,726 [ForkJoinPool.commonPool-worker-0] INFO  handler.ContextHandler (ContextHandler.java:doStop(910)) - Stopped o.e.j.s.ServletContextHandler@1ab5f08a{/static,jar:file:/home/user/.m2/repository/org/apache/hadoop/hadoop-hdds-container-service/0.5.0-SNAPSHOT/hadoop-hdds-container-service-0.5.0-SNAPSHOT.jar!/webapps/static,UNAVAILABLE}
2019-10-21 19:13:48,727 [ForkJoinPool.commonPool-worker-0] INFO  handler.ContextHandler (ContextHandler.java:doStop(910)) - Stopped o.e.j.s.ServletContextHandler@623ebac7{/logs,file:///workdir/hadoop-ozone/integration-test/target/log,UNAVAILABLE}
2019-10-21 19:13:48,729 [main] INFO  utils.BackgroundService (BackgroundService.java:shutdown(151)) - Shutting down service BlockDeletingService
2019-10-21 19:13:48,732 [main] INFO  statemachine.DatanodeStateMachine (DatanodeStateMachine.java:stopDaemon(395)) - Ozone container server stopped.
2019-10-21 19:13:48,733 [main] INFO  handler.ContextHandler (ContextHandler.java:doStop(910)) - Stopped o.e.j.w.WebAppContext@4aa21f9d{/,null,UNAVAILABLE}{/hddsDatanode}
2019-10-21 19:13:48,733 [main] INFO  server.AbstractConnector (AbstractConnector.java:doStop(318)) - Stopped ServerConnector@71c17a57{HTTP/1.1,[http/1.1]}{0.0.0.0:0}
2019-10-21 19:13:48,734 [main] INFO  handler.ContextHandler (ContextHandler.java:doStop(910)) - Stopped o.e.j.s.ServletContextHandler@77049094{/static,jar:file:/home/user/.m2/repository/org/apache/hadoop/hadoop-hdds-container-service/0.5.0-SNAPSHOT/hadoop-hdds-container-service-0.5.0-SNAPSHOT.jar!/webapps/static,UNAVAILABLE}
2019-10-21 19:13:48,734 [main] INFO  handler.ContextHandler (ContextHandler.java:doStop(910)) - Stopped o.e.j.s.ServletContextHandler@6fa13e6{/logs,file:///workdir/hadoop-ozone/integration-test/target/log,UNAVAILABLE}
2019-10-21 19:13:48,735 [main] INFO  ozone.MiniOzoneClusterImpl (MiniOzoneClusterImpl.java:stopSCM(392)) - Stopping the StorageContainerManager
2019-10-21 19:13:48,735 [main] INFO  server.StorageContainerManager (StorageContainerManager.java:stop(810)) - Stopping Replication Manager Service.
2019-10-21 19:13:48,735 [main] INFO  container.ReplicationManager (ReplicationManager.java:stop(203)) - Stopping Replication Monitor Thread.
2019-10-21 19:13:48,735 [main] INFO  server.StorageContainerManager (StorageContainerManager.java:stop(817)) - Stopping Lease Manager of the command watchers
2019-10-21 19:13:48,736 [main] INFO  server.StorageContainerManager (StorageContainerManager.java:stop(824)) - Stopping datanode service RPC server
2019-10-21 19:13:48,736 [main] INFO  server.SCMDatanodeProtocolServer (SCMDatanodeProtocolServer.java:stop(346)) - Stopping the RPC server for DataNodes
2019-10-21 19:13:48,736 [main] INFO  ipc.Server (Server.java:stop(3082)) - Stopping server on 38284
2019-10-21 19:13:48,737 [IPC Server listener on 38284] INFO  ipc.Server (Server.java:run(1185)) - Stopping IPC Server listener on 38284
2019-10-21 19:13:48,737 [IPC Server Responder] INFO  ipc.Server (Server.java:run(1319)) - Stopping IPC Server Responder
2019-10-21 19:13:48,762 [SCM Heartbeat Processing Thread - 0] WARN  node.NodeStateManager (NodeStateManager.java:scheduleNextHealthCheck(646)) - Current Thread is interrupted, shutting down HB processing thread for Node Manager.
2019-10-21 19:13:48,762 [main] INFO  server.StorageContainerManager (StorageContainerManager.java:stop(832)) - Stopping block service RPC server
2019-10-21 19:13:48,763 [main] INFO  server.SCMBlockProtocolServer (SCMBlockProtocolServer.java:stop(155)) - Stopping the RPC server for Block Protocol
2019-10-21 19:13:48,763 [main] INFO  ipc.Server (Server.java:stop(3082)) - Stopping server on 37543
2019-10-21 19:13:48,763 [IPC Server listener on 37543] INFO  ipc.Server (Server.java:run(1185)) - Stopping IPC Server listener on 37543
2019-10-21 19:13:48,764 [main] INFO  server.StorageContainerManager (StorageContainerManager.java:stop(839)) - Stopping the StorageContainerLocationProtocol RPC server
2019-10-21 19:13:48,764 [main] INFO  server.SCMClientProtocolServer (SCMClientProtocolServer.java:stop(168)) - Stopping the RPC server for Client Protocol
2019-10-21 19:13:48,764 [main] INFO  ipc.Server (Server.java:stop(3082)) - Stopping server on 41994
2019-10-21 19:13:48,765 [IPC Server Responder] INFO  ipc.Server (Server.java:run(1319)) - Stopping IPC Server Responder
2019-10-21 19:13:48,766 [IPC Server listener on 41994] INFO  ipc.Server (Server.java:run(1185)) - Stopping IPC Server listener on 41994
2019-10-21 19:13:48,766 [main] INFO  server.StorageContainerManager (StorageContainerManager.java:stop(846)) - Stopping Storage Container Manager HTTP server.
2019-10-21 19:13:48,766 [IPC Server Responder] INFO  ipc.Server (Server.java:run(1319)) - Stopping IPC Server Responder
2019-10-21 19:13:48,768 [main] INFO  handler.ContextHandler (ContextHandler.java:doStop(910)) - Stopped o.e.j.w.WebAppContext@532721fd{/,null,UNAVAILABLE}{/scm}
2019-10-21 19:13:48,768 [main] INFO  server.AbstractConnector (AbstractConnector.java:doStop(318)) - Stopped ServerConnector@7e1a1da6{HTTP/1.1,[http/1.1]}{0.0.0.0:0}
2019-10-21 19:13:48,769 [main] INFO  handler.ContextHandler (ContextHandler.java:doStop(910)) - Stopped o.e.j.s.ServletContextHandler@a43ce46{/static,file:///workdir/hadoop-ozone/integration-test/target/test-classes/webapps/static,UNAVAILABLE}
2019-10-21 19:13:48,769 [main] INFO  handler.ContextHandler (ContextHandler.java:doStop(910)) - Stopped o.e.j.s.ServletContextHandler@6b53bcc2{/logs,file:///workdir/hadoop-ozone/integration-test/target/log,UNAVAILABLE}
2019-10-21 19:13:48,770 [main] INFO  server.StorageContainerManager (StorageContainerManager.java:stop(857)) - Stopping Block Manager Service.
2019-10-21 19:13:48,770 [main] INFO  utils.BackgroundService (BackgroundService.java:shutdown(151)) - Shutting down service SCMBlockDeletingService
2019-10-21 19:13:48,771 [main] INFO  utils.BackgroundService (BackgroundService.java:shutdown(151)) - Shutting down service SCMBlockDeletingService
2019-10-21 19:13:48,771 [main] INFO  server.StorageContainerManager (StorageContainerManager.java:stop(879)) - Stopping SCM Event Queue.
2019-10-21 19:13:48,778 [main] INFO  impl.MetricsSystemImpl (MetricsSystemImpl.java:stop(210)) - Stopping XceiverClientMetrics metrics system...
2019-10-21 19:13:48,785 [prometheus] INFO  impl.MetricsSinkAdapter (MetricsSinkAdapter.java:publishMetricsFromQueue(141)) - prometheus thread interrupted.
2019-10-21 19:13:48,785 [main] INFO  impl.MetricsSystemImpl (MetricsSystemImpl.java:stop(216)) - XceiverClientMetrics metrics system stopped.
]]></system-out>
    <system-err><![CDATA[ERROR StatusLogger No Log4j 2 configuration file found. Using default configuration (logging only errors to the console), or user programmatically provided configurations. Set system property 'log4j2.debug' to show Log4j 2 internal initialization logging. See https://logging.apache.org/log4j/2.x/manual/configuration.html for instructions on how to configure Log4j 2
]]></system-err>
  </testcase>
</testsuite>