<?xml version="1.0" encoding="UTF-8"?>
<testsuite xmlns:xsi="http://www.w3.org/2001/XMLSchema-instance" xsi:noNamespaceSchemaLocation="https://maven.apache.org/surefire/maven-surefire-plugin/xsd/surefire-test-report.xsd" name="org.apache.hadoop.ozone.client.rpc.TestWatchForCommit" time="248.584" tests="5" errors="1" skipped="0" failures="1">
  <properties>
    <property name="awt.toolkit" value="sun.awt.X11.XToolkit"/>
    <property name="file.encoding.pkg" value="sun.io"/>
    <property name="java.specification.version" value="1.8"/>
    <property name="sun.cpu.isalist" value=""/>
    <property name="sun.jnu.encoding" value="UTF-8"/>
    <property name="java.class.path" value="/workdir/hadoop-ozone/integration-test/target/test-classes:/workdir/hadoop-ozone/integration-test/target/classes:/home/user/.m2/repository/org/apache/hadoop/hadoop-ozone-common/0.5.0-SNAPSHOT/hadoop-ozone-common-0.5.0-SNAPSHOT.jar:/home/user/.m2/repository/org/apache/commons/commons-compress/1.4.1/commons-compress-1.4.1.jar:/home/user/.m2/repository/org/tukaani/xz/1.0/xz-1.0.jar:/home/user/.m2/repository/org/apache/hadoop/hadoop-common/3.2.0/hadoop-common-3.2.0.jar:/home/user/.m2/repository/org/apache/hadoop/hadoop-hdfs/3.2.0/hadoop-hdfs-3.2.0.jar:/home/user/.m2/repository/org/apache/hadoop/hadoop-hdfs-client/3.2.0/hadoop-hdfs-client-3.2.0.jar:/home/user/.m2/repository/com/fasterxml/jackson/core/jackson-annotations/2.9.9/jackson-annotations-2.9.9.jar:/home/user/.m2/repository/org/apache/hadoop/hadoop-hdds-common/0.5.0-SNAPSHOT/hadoop-hdds-common-0.5.0-SNAPSHOT.jar:/home/user/.m2/repository/javax/annotation/javax.annotation-api/1.2/javax.annotation-api-1.2.jar:/home/user/.m2/repository/org/apache/ratis/ratis-server/0.5.0-201fc85-SNAPSHOT/ratis-server-0.5.0-201fc85-SNAPSHOT.jar:/home/user/.m2/repository/org/apache/ratis/ratis-thirdparty-misc/0.2.0/ratis-thirdparty-misc-0.2.0.jar:/home/user/.m2/repository/org/apache/ratis/ratis-proto/0.5.0-201fc85-SNAPSHOT/ratis-proto-0.5.0-201fc85-SNAPSHOT.jar:/home/user/.m2/repository/org/apache/ratis/ratis-common/0.5.0-201fc85-SNAPSHOT/ratis-common-0.5.0-201fc85-SNAPSHOT.jar:/home/user/.m2/repository/org/apache/ratis/ratis-client/0.5.0-201fc85-SNAPSHOT/ratis-client-0.5.0-201fc85-SNAPSHOT.jar:/home/user/.m2/repository/org/apache/ratis/ratis-metrics/0.5.0-201fc85-SNAPSHOT/ratis-metrics-0.5.0-201fc85-SNAPSHOT.jar:/home/user/.m2/repository/com/github/joshelser/dropwizard-metrics-hadoop-metrics2-reporter/0.1.2/dropwizard-metrics-hadoop-metrics2-reporter-0.1.2.jar:/home/user/.m2/repository/io/dropwizard/metrics/metrics-jvm/3.2.5/metrics-jvm-3.2.5.jar:/home/user/.m2/repository/io/dropwizard/metrics/metrics-ganglia/3.2.5/metrics-ganglia-3.2.5.jar:/home/user/.m2/repository/info/ganglia/gmetric4j/gmetric4j/1.0.7/gmetric4j-1.0.7.jar:/home/user/.m2/repository/org/apache/ratis/ratis-netty/0.5.0-201fc85-SNAPSHOT/ratis-netty-0.5.0-201fc85-SNAPSHOT.jar:/home/user/.m2/repository/org/apache/ratis/ratis-grpc/0.5.0-201fc85-SNAPSHOT/ratis-grpc-0.5.0-201fc85-SNAPSHOT.jar:/home/user/.m2/repository/org/rocksdb/rocksdbjni/6.0.1/rocksdbjni-6.0.1.jar:/home/user/.m2/repository/org/apache/logging/log4j/log4j-api/2.11.0/log4j-api-2.11.0.jar:/home/user/.m2/repository/org/apache/logging/log4j/log4j-core/2.11.0/log4j-core-2.11.0.jar:/home/user/.m2/repository/com/lmax/disruptor/3.4.2/disruptor-3.4.2.jar:/home/user/.m2/repository/org/apache/commons/commons-pool2/2.6.0/commons-pool2-2.6.0.jar:/home/user/.m2/repository/org/bouncycastle/bcpkix-jdk15on/1.60/bcpkix-jdk15on-1.60.jar:/home/user/.m2/repository/commons-validator/commons-validator/1.6/commons-validator-1.6.jar:/home/user/.m2/repository/commons-digester/commons-digester/1.8.1/commons-digester-1.8.1.jar:/home/user/.m2/repository/io/jaegertracing/jaeger-client/0.34.0/jaeger-client-0.34.0.jar:/home/user/.m2/repository/io/jaegertracing/jaeger-thrift/0.34.0/jaeger-thrift-0.34.0.jar:/home/user/.m2/repository/org/apache/thrift/libthrift/0.12.0/libthrift-0.12.0.jar:/home/user/.m2/repository/com/squareup/okhttp3/okhttp/3.9.0/okhttp-3.9.0.jar:/home/user/.m2/repository/com/squareup/okio/okio/1.13.0/okio-1.13.0.jar:/home/user/.m2/repository/io/jaegertracing/jaeger-core/0.34.0/jaeger-core-0.34.0.jar:/home/user/.m2/repository/io/jaegertracing/jaeger-tracerresolver/0.34.0/jaeger-tracerresolver-0.34.0.jar:/home/user/.m2/repository/io/opentracing/contrib/opentracing-tracerresolver/0.1.5/opentracing-tracerresolver-0.1.5.jar:/home/user/.m2/repository/io/opentracing/opentracing-util/0.31.0/opentracing-util-0.31.0.jar:/home/user/.m2/repository/io/opentracing/opentracing-api/0.31.0/opentracing-api-0.31.0.jar:/home/user/.m2/repository/io/opentracing/opentracing-noop/0.31.0/opentracing-noop-0.31.0.jar:/home/user/.m2/repository/org/apache/hadoop/hadoop-hdds-server-framework/0.5.0-SNAPSHOT/hadoop-hdds-server-framework-0.5.0-SNAPSHOT.jar:/home/user/.m2/repository/org/apache/hadoop/hadoop-hdds-container-service/0.5.0-SNAPSHOT/hadoop-hdds-container-service-0.5.0-SNAPSHOT.jar:/home/user/.m2/repository/org/apache/hadoop/hadoop-hdds-client/0.5.0-SNAPSHOT/hadoop-hdds-client-0.5.0-SNAPSHOT.jar:/home/user/.m2/repository/org/apache/hadoop/hadoop-hdds-tools/0.5.0-SNAPSHOT/hadoop-hdds-tools-0.5.0-SNAPSHOT.jar:/home/user/.m2/repository/org/apache/hadoop/hadoop-hdds-server-scm/0.5.0-SNAPSHOT/hadoop-hdds-server-scm-0.5.0-SNAPSHOT.jar:/home/user/.m2/repository/org/apache/hadoop/hadoop-hdds-docs/0.5.0-SNAPSHOT/hadoop-hdds-docs-0.5.0-SNAPSHOT.jar:/home/user/.m2/repository/io/dropwizard/metrics/metrics-core/3.2.4/metrics-core-3.2.4.jar:/home/user/.m2/repository/org/hamcrest/hamcrest-all/1.3/hamcrest-all-1.3.jar:/home/user/.m2/repository/org/bouncycastle/bcprov-jdk15on/1.60/bcprov-jdk15on-1.60.jar:/home/user/.m2/repository/info/picocli/picocli/3.9.6/picocli-3.9.6.jar:/home/user/.m2/repository/com/google/protobuf/protobuf-java/2.5.0/protobuf-java-2.5.0.jar:/home/user/.m2/repository/com/google/guava/guava/11.0.2/guava-11.0.2.jar:/home/user/.m2/repository/org/apache/hadoop/hadoop-ozone-ozone-manager/0.5.0-SNAPSHOT/hadoop-ozone-ozone-manager-0.5.0-SNAPSHOT.jar:/home/user/.m2/repository/org/apache/hadoop/hadoop-minikdc/3.2.0/hadoop-minikdc-3.2.0.jar:/home/user/.m2/repository/commons-io/commons-io/2.5/commons-io-2.5.jar:/home/user/.m2/repository/org/apache/kerby/kerb-simplekdc/1.0.1/kerb-simplekdc-1.0.1.jar:/home/user/.m2/repository/org/apache/kerby/kerb-client/1.0.1/kerb-client-1.0.1.jar:/home/user/.m2/repository/org/apache/kerby/kerby-config/1.0.1/kerby-config-1.0.1.jar:/home/user/.m2/repository/org/apache/kerby/kerb-core/1.0.1/kerb-core-1.0.1.jar:/home/user/.m2/repository/org/apache/kerby/kerby-pkix/1.0.1/kerby-pkix-1.0.1.jar:/home/user/.m2/repository/org/apache/kerby/kerby-asn1/1.0.1/kerby-asn1-1.0.1.jar:/home/user/.m2/repository/org/apache/kerby/kerby-util/1.0.1/kerby-util-1.0.1.jar:/home/user/.m2/repository/org/apache/kerby/kerb-common/1.0.1/kerb-common-1.0.1.jar:/home/user/.m2/repository/org/apache/kerby/kerb-crypto/1.0.1/kerb-crypto-1.0.1.jar:/home/user/.m2/repository/org/apache/kerby/kerb-util/1.0.1/kerb-util-1.0.1.jar:/home/user/.m2/repository/org/apache/kerby/token-provider/1.0.1/token-provider-1.0.1.jar:/home/user/.m2/repository/org/apache/kerby/kerb-admin/1.0.1/kerb-admin-1.0.1.jar:/home/user/.m2/repository/org/apache/kerby/kerb-server/1.0.1/kerb-server-1.0.1.jar:/home/user/.m2/repository/org/apache/kerby/kerb-identity/1.0.1/kerb-identity-1.0.1.jar:/home/user/.m2/repository/org/apache/kerby/kerby-xdr/1.0.1/kerby-xdr-1.0.1.jar:/home/user/.m2/repository/org/slf4j/slf4j-log4j12/1.7.25/slf4j-log4j12-1.7.25.jar:/home/user/.m2/repository/org/apache/hadoop/hadoop-ozone-s3gateway/0.5.0-SNAPSHOT/hadoop-ozone-s3gateway-0.5.0-SNAPSHOT.jar:/home/user/.m2/repository/org/jboss/weld/servlet/weld-servlet/2.4.7.Final/weld-servlet-2.4.7.Final.jar:/home/user/.m2/repository/org/glassfish/jersey/containers/jersey-container-servlet-core/2.27/jersey-container-servlet-core-2.27.jar:/home/user/.m2/repository/org/glassfish/hk2/external/javax.inject/2.5.0-b42/javax.inject-2.5.0-b42.jar:/home/user/.m2/repository/org/glassfish/jersey/core/jersey-common/2.27/jersey-common-2.27.jar:/home/user/.m2/repository/org/glassfish/hk2/osgi-resource-locator/1.0.1/osgi-resource-locator-1.0.1.jar:/home/user/.m2/repository/javax/ws/rs/javax.ws.rs-api/2.1/javax.ws.rs-api-2.1.jar:/home/user/.m2/repository/org/glassfish/jersey/ext/cdi/jersey-cdi1x/2.27/jersey-cdi1x-2.27.jar:/home/user/.m2/repository/org/glassfish/jersey/inject/jersey-hk2/2.27/jersey-hk2-2.27.jar:/home/user/.m2/repository/org/glassfish/hk2/hk2-locator/2.5.0-b42/hk2-locator-2.5.0-b42.jar:/home/user/.m2/repository/org/javassist/javassist/3.22.0-CR2/javassist-3.22.0-CR2.jar:/home/user/.m2/repository/org/glassfish/hk2/hk2-api/2.5.0/hk2-api-2.5.0.jar:/home/user/.m2/repository/org/glassfish/hk2/external/jakarta.inject/2.5.0/jakarta.inject-2.5.0.jar:/home/user/.m2/repository/org/glassfish/hk2/hk2-utils/2.5.0/hk2-utils-2.5.0.jar:/home/user/.m2/repository/jakarta/annotation/jakarta.annotation-api/1.3.4/jakarta.annotation-api-1.3.4.jar:/home/user/.m2/repository/org/glassfish/hk2/external/aopalliance-repackaged/2.5.0/aopalliance-repackaged-2.5.0.jar:/home/user/.m2/repository/com/fasterxml/jackson/dataformat/jackson-dataformat-xml/2.9.0/jackson-dataformat-xml-2.9.0.jar:/home/user/.m2/repository/com/fasterxml/jackson/core/jackson-core/2.9.9/jackson-core-2.9.9.jar:/home/user/.m2/repository/com/fasterxml/jackson/module/jackson-module-jaxb-annotations/2.9.9/jackson-module-jaxb-annotations-2.9.9.jar:/home/user/.m2/repository/javax/enterprise/cdi-api/1.2/cdi-api-1.2.jar:/home/user/.m2/repository/javax/el/javax.el-api/3.0.0/javax.el-api-3.0.0.jar:/home/user/.m2/repository/javax/interceptor/javax.interceptor-api/1.2/javax.interceptor-api-1.2.jar:/home/user/.m2/repository/javax/inject/javax.inject/1/javax.inject-1.jar:/home/user/.m2/repository/com/sun/xml/bind/jaxb-impl/2.3.0.1/jaxb-impl-2.3.0.1.jar:/home/user/.m2/repository/com/sun/xml/bind/jaxb-core/2.3.0.1/jaxb-core-2.3.0.1.jar:/home/user/.m2/repository/javax/xml/bind/jaxb-api/2.3.0/jaxb-api-2.3.0.jar:/home/user/.m2/repository/javax/activation/activation/1.1.1/activation-1.1.1.jar:/home/user/.m2/repository/org/apache/hadoop/hadoop-ozone-csi/0.5.0-SNAPSHOT/hadoop-ozone-csi-0.5.0-SNAPSHOT.jar:/home/user/.m2/repository/com/google/protobuf/protobuf-java-util/3.5.1/protobuf-java-util-3.5.1.jar:/home/user/.m2/repository/org/apache/hadoop/hadoop-hdds-config/0.5.0-SNAPSHOT/hadoop-hdds-config-0.5.0-SNAPSHOT.jar:/home/user/.m2/repository/io/grpc/grpc-netty/1.17.1/grpc-netty-1.17.1.jar:/home/user/.m2/repository/io/grpc/grpc-core/1.17.1/grpc-core-1.17.1.jar:/home/user/.m2/repository/io/grpc/grpc-context/1.17.1/grpc-context-1.17.1.jar:/home/user/.m2/repository/com/google/errorprone/error_prone_annotations/2.2.0/error_prone_annotations-2.2.0.jar:/home/user/.m2/repository/org/codehaus/mojo/animal-sniffer-annotations/1.17/animal-sniffer-annotations-1.17.jar:/home/user/.m2/repository/io/opencensus/opencensus-api/0.17.0/opencensus-api-0.17.0.jar:/home/user/.m2/repository/io/opencensus/opencensus-contrib-grpc-metrics/0.17.0/opencensus-contrib-grpc-metrics-0.17.0.jar:/home/user/.m2/repository/io/netty/netty-codec-http2/4.1.30.Final/netty-codec-http2-4.1.30.Final.jar:/home/user/.m2/repository/io/netty/netty-codec-http/4.1.30.Final/netty-codec-http-4.1.30.Final.jar:/home/user/.m2/repository/io/netty/netty-codec/4.1.30.Final/netty-codec-4.1.30.Final.jar:/home/user/.m2/repository/io/netty/netty-handler/4.1.30.Final/netty-handler-4.1.30.Final.jar:/home/user/.m2/repository/io/netty/netty-handler-proxy/4.1.30.Final/netty-handler-proxy-4.1.30.Final.jar:/home/user/.m2/repository/io/netty/netty-codec-socks/4.1.30.Final/netty-codec-socks-4.1.30.Final.jar:/home/user/.m2/repository/io/netty/netty-transport-native-epoll/4.1.30.Final/netty-transport-native-epoll-4.1.30.Final.jar:/home/user/.m2/repository/io/netty/netty-common/4.1.30.Final/netty-common-4.1.30.Final.jar:/home/user/.m2/repository/io/netty/netty-buffer/4.1.30.Final/netty-buffer-4.1.30.Final.jar:/home/user/.m2/repository/io/netty/netty-transport/4.1.30.Final/netty-transport-4.1.30.Final.jar:/home/user/.m2/repository/io/netty/netty-resolver/4.1.30.Final/netty-resolver-4.1.30.Final.jar:/home/user/.m2/repository/io/netty/netty-transport-native-unix-common/4.1.30.Final/netty-transport-native-unix-common-4.1.30.Final.jar:/home/user/.m2/repository/io/grpc/grpc-protobuf/1.17.1/grpc-protobuf-1.17.1.jar:/home/user/.m2/repository/com/google/api/grpc/proto-google-common-protos/1.0.0/proto-google-common-protos-1.0.0.jar:/home/user/.m2/repository/io/grpc/grpc-protobuf-lite/1.17.1/grpc-protobuf-lite-1.17.1.jar:/home/user/.m2/repository/io/grpc/grpc-stub/1.17.1/grpc-stub-1.17.1.jar:/home/user/.m2/repository/org/apache/hadoop/hadoop-ozone-recon/0.5.0-SNAPSHOT/hadoop-ozone-recon-0.5.0-SNAPSHOT.jar:/home/user/.m2/repository/org/apache/hadoop/hadoop-ozone-reconcodegen/0.5.0-SNAPSHOT/hadoop-ozone-reconcodegen-0.5.0-SNAPSHOT.jar:/home/user/.m2/repository/com/google/inject/extensions/guice-multibindings/4.0/guice-multibindings-4.0.jar:/home/user/.m2/repository/com/google/inject/guice/4.0/guice-4.0.jar:/home/user/.m2/repository/aopalliance/aopalliance/1.0/aopalliance-1.0.jar:/home/user/.m2/repository/com/google/inject/extensions/guice-servlet/4.0/guice-servlet-4.0.jar:/home/user/.m2/repository/org/glassfish/jersey/containers/jersey-container-servlet/2.27/jersey-container-servlet-2.27.jar:/home/user/.m2/repository/org/glassfish/hk2/guice-bridge/2.5.0/guice-bridge-2.5.0.jar:/home/user/.m2/repository/org/glassfish/jersey/core/jersey-server/2.27/jersey-server-2.27.jar:/home/user/.m2/repository/org/glassfish/jersey/core/jersey-client/2.27/jersey-client-2.27.jar:/home/user/.m2/repository/org/glassfish/jersey/media/jersey-media-jaxb/2.27/jersey-media-jaxb-2.27.jar:/home/user/.m2/repository/javax/validation/validation-api/1.1.0.Final/validation-api-1.1.0.Final.jar:/home/user/.m2/repository/org/glassfish/jersey/media/jersey-media-json-jackson/2.27/jersey-media-json-jackson-2.27.jar:/home/user/.m2/repository/org/glassfish/jersey/ext/jersey-entity-filtering/2.27/jersey-entity-filtering-2.27.jar:/home/user/.m2/repository/com/google/inject/extensions/guice-assistedinject/4.0/guice-assistedinject-4.0.jar:/home/user/.m2/repository/org/jooq/jooq/3.11.10/jooq-3.11.10.jar:/home/user/.m2/repository/org/jooq/jooq-meta/3.11.10/jooq-meta-3.11.10.jar:/home/user/.m2/repository/org/jooq/jooq-codegen/3.11.10/jooq-codegen-3.11.10.jar:/home/user/.m2/repository/com/jolbox/bonecp/0.8.0.RELEASE/bonecp-0.8.0.RELEASE.jar:/home/user/.m2/repository/org/xerial/sqlite-jdbc/3.25.2/sqlite-jdbc-3.25.2.jar:/home/user/.m2/repository/org/springframework/spring-jdbc/5.1.3.RELEASE/spring-jdbc-5.1.3.RELEASE.jar:/home/user/.m2/repository/org/springframework/spring-beans/5.1.3.RELEASE/spring-beans-5.1.3.RELEASE.jar:/home/user/.m2/repository/org/springframework/spring-core/5.1.3.RELEASE/spring-core-5.1.3.RELEASE.jar:/home/user/.m2/repository/org/springframework/spring-jcl/5.1.3.RELEASE/spring-jcl-5.1.3.RELEASE.jar:/home/user/.m2/repository/org/springframework/spring-tx/5.1.3.RELEASE/spring-tx-5.1.3.RELEASE.jar:/home/user/.m2/repository/org/apache/hadoop/hadoop-ozone-client/0.5.0-SNAPSHOT/hadoop-ozone-client-0.5.0-SNAPSHOT.jar:/home/user/.m2/repository/commons-lang/commons-lang/2.6/commons-lang-2.6.jar:/home/user/.m2/repository/org/apache/hadoop/hadoop-ozone-ozone-manager/0.5.0-SNAPSHOT/hadoop-ozone-ozone-manager-0.5.0-SNAPSHOT-tests.jar:/home/user/.m2/repository/junit/junit/4.11/junit-4.11.jar:/home/user/.m2/repository/org/hamcrest/hamcrest-core/1.3/hamcrest-core-1.3.jar:/home/user/.m2/repository/org/openjdk/jmh/jmh-core/1.19/jmh-core-1.19.jar:/home/user/.m2/repository/net/sf/jopt-simple/jopt-simple/4.6/jopt-simple-4.6.jar:/home/user/.m2/repository/org/apache/commons/commons-math3/3.1.1/commons-math3-3.1.1.jar:/home/user/.m2/repository/org/openjdk/jmh/jmh-generator-annprocess/1.19/jmh-generator-annprocess-1.19.jar:/home/user/.m2/repository/org/mockito/mockito-all/1.8.5/mockito-all-1.8.5.jar:/home/user/.m2/repository/org/apache/hadoop/hadoop-kms/3.2.0/hadoop-kms-3.2.0.jar:/home/user/.m2/repository/org/apache/hadoop/hadoop-auth/3.2.0/hadoop-auth-3.2.0.jar:/home/user/.m2/repository/com/nimbusds/nimbus-jose-jwt/4.41.1/nimbus-jose-jwt-4.41.1.jar:/home/user/.m2/repository/com/github/stephenc/jcip/jcip-annotations/1.0-1/jcip-annotations-1.0-1.jar:/home/user/.m2/repository/net/minidev/json-smart/2.3/json-smart-2.3.jar:/home/user/.m2/repository/net/minidev/accessors-smart/1.2/accessors-smart-1.2.jar:/home/user/.m2/repository/org/ow2/asm/asm/5.0.4/asm-5.0.4.jar:/home/user/.m2/repository/org/apache/curator/curator-framework/2.12.0/curator-framework-2.12.0.jar:/home/user/.m2/repository/com/sun/jersey/jersey-core/1.19/jersey-core-1.19.jar:/home/user/.m2/repository/javax/ws/rs/jsr311-api/1.1.1/jsr311-api-1.1.1.jar:/home/user/.m2/repository/com/sun/jersey/jersey-server/1.19/jersey-server-1.19.jar:/home/user/.m2/repository/javax/servlet/javax.servlet-api/3.1.0/javax.servlet-api-3.1.0.jar:/home/user/.m2/repository/org/eclipse/jetty/jetty-server/9.3.25.v20180904/jetty-server-9.3.25.v20180904.jar:/home/user/.m2/repository/org/eclipse/jetty/jetty-http/9.3.25.v20180904/jetty-http-9.3.25.v20180904.jar:/home/user/.m2/repository/org/eclipse/jetty/jetty-io/9.3.25.v20180904/jetty-io-9.3.25.v20180904.jar:/home/user/.m2/repository/org/eclipse/jetty/jetty-webapp/9.3.25.v20180904/jetty-webapp-9.3.25.v20180904.jar:/home/user/.m2/repository/org/eclipse/jetty/jetty-xml/9.3.25.v20180904/jetty-xml-9.3.25.v20180904.jar:/home/user/.m2/repository/log4j/log4j/1.2.17/log4j-1.2.17.jar:/home/user/.m2/repository/org/slf4j/slf4j-api/1.7.25/slf4j-api-1.7.25.jar:/home/user/.m2/repository/org/slf4j/jul-to-slf4j/1.7.25/jul-to-slf4j-1.7.25.jar:/home/user/.m2/repository/org/eclipse/jetty/jetty-util/9.3.25.v20180904/jetty-util-9.3.25.v20180904.jar:/home/user/.m2/repository/com/fasterxml/jackson/core/jackson-databind/2.9.9/jackson-databind-2.9.9.jar:/home/user/.m2/repository/org/apache/hadoop/hadoop-kms/3.2.0/hadoop-kms-3.2.0-tests.jar:/home/user/.m2/repository/org/apache/hadoop/hadoop-hdds-server-scm/0.5.0-SNAPSHOT/hadoop-hdds-server-scm-0.5.0-SNAPSHOT-tests.jar:/home/user/.m2/repository/org/apache/hadoop/hadoop-hdds-container-service/0.5.0-SNAPSHOT/hadoop-hdds-container-service-0.5.0-SNAPSHOT-tests.jar:/home/user/.m2/repository/org/yaml/snakeyaml/1.16/snakeyaml-1.16.jar:/home/user/.m2/repository/org/apache/hadoop/hadoop-common/3.2.0/hadoop-common-3.2.0-tests.jar:/home/user/.m2/repository/org/apache/hadoop/hadoop-annotations/3.2.0/hadoop-annotations-3.2.0.jar:/usr/lib/jvm/java-1.8-openjdk/jre/../lib/tools.jar:/home/user/.m2/repository/commons-cli/commons-cli/1.2/commons-cli-1.2.jar:/home/user/.m2/repository/org/apache/httpcomponents/httpclient/4.5.2/httpclient-4.5.2.jar:/home/user/.m2/repository/org/apache/httpcomponents/httpcore/4.4.4/httpcore-4.4.4.jar:/home/user/.m2/repository/commons-codec/commons-codec/1.11/commons-codec-1.11.jar:/home/user/.m2/repository/commons-net/commons-net/3.6/commons-net-3.6.jar:/home/user/.m2/repository/commons-collections/commons-collections/3.2.2/commons-collections-3.2.2.jar:/home/user/.m2/repository/org/eclipse/jetty/jetty-servlet/9.3.25.v20180904/jetty-servlet-9.3.25.v20180904.jar:/home/user/.m2/repository/org/eclipse/jetty/jetty-security/9.3.25.v20180904/jetty-security-9.3.25.v20180904.jar:/home/user/.m2/repository/javax/servlet/jsp/jsp-api/2.1/jsp-api-2.1.jar:/home/user/.m2/repository/com/sun/jersey/jersey-servlet/1.19/jersey-servlet-1.19.jar:/home/user/.m2/repository/com/sun/jersey/jersey-json/1.19/jersey-json-1.19.jar:/home/user/.m2/repository/org/codehaus/jettison/jettison/1.1/jettison-1.1.jar:/home/user/.m2/repository/org/codehaus/jackson/jackson-core-asl/1.9.13/jackson-core-asl-1.9.13.jar:/home/user/.m2/repository/org/codehaus/jackson/jackson-mapper-asl/1.9.13/jackson-mapper-asl-1.9.13.jar:/home/user/.m2/repository/org/codehaus/jackson/jackson-jaxrs/1.9.13/jackson-jaxrs-1.9.13.jar:/home/user/.m2/repository/org/codehaus/jackson/jackson-xc/1.9.13/jackson-xc-1.9.13.jar:/home/user/.m2/repository/commons-logging/commons-logging/1.1.3/commons-logging-1.1.3.jar:/home/user/.m2/repository/commons-beanutils/commons-beanutils/1.9.4/commons-beanutils-1.9.4.jar:/home/user/.m2/repository/org/apache/commons/commons-configuration2/2.1.1/commons-configuration2-2.1.1.jar:/home/user/.m2/repository/org/apache/commons/commons-lang3/3.7/commons-lang3-3.7.jar:/home/user/.m2/repository/org/apache/commons/commons-text/1.4/commons-text-1.4.jar:/home/user/.m2/repository/org/apache/avro/avro/1.7.7/avro-1.7.7.jar:/home/user/.m2/repository/com/thoughtworks/paranamer/paranamer/2.3/paranamer-2.3.jar:/home/user/.m2/repository/org/xerial/snappy/snappy-java/1.0.5/snappy-java-1.0.5.jar:/home/user/.m2/repository/com/google/re2j/re2j/1.1/re2j-1.1.jar:/home/user/.m2/repository/com/google/code/gson/gson/2.2.4/gson-2.2.4.jar:/home/user/.m2/repository/com/jcraft/jsch/0.1.54/jsch-0.1.54.jar:/home/user/.m2/repository/org/apache/curator/curator-client/2.12.0/curator-client-2.12.0.jar:/home/user/.m2/repository/org/apache/curator/curator-recipes/2.12.0/curator-recipes-2.12.0.jar:/home/user/.m2/repository/com/google/code/findbugs/jsr305/3.0.0/jsr305-3.0.0.jar:/home/user/.m2/repository/org/apache/htrace/htrace-core4/4.1.0-incubating/htrace-core4-4.1.0-incubating.jar:/home/user/.m2/repository/org/apache/zookeeper/zookeeper/3.4.13/zookeeper-3.4.13.jar:/home/user/.m2/repository/jline/jline/0.9.94/jline-0.9.94.jar:/home/user/.m2/repository/org/apache/yetus/audience-annotations/0.5.0/audience-annotations-0.5.0.jar:/home/user/.m2/repository/org/codehaus/woodstox/stax2-api/3.1.4/stax2-api-3.1.4.jar:/home/user/.m2/repository/com/fasterxml/woodstox/woodstox-core/5.0.3/woodstox-core-5.0.3.jar:/home/user/.m2/repository/dnsjava/dnsjava/2.1.7/dnsjava-2.1.7.jar:/home/user/.m2/repository/org/apache/hadoop/hadoop-hdfs/3.2.0/hadoop-hdfs-3.2.0-tests.jar:/home/user/.m2/repository/org/eclipse/jetty/jetty-util-ajax/9.3.25.v20180904/jetty-util-ajax-9.3.25.v20180904.jar:/home/user/.m2/repository/commons-daemon/commons-daemon/1.0.13/commons-daemon-1.0.13.jar:/home/user/.m2/repository/io/netty/netty/3.10.5.Final/netty-3.10.5.Final.jar:/home/user/.m2/repository/io/netty/netty-all/4.0.52.Final/netty-all-4.0.52.Final.jar:/home/user/.m2/repository/org/fusesource/leveldbjni/leveldbjni-all/1.8/leveldbjni-all-1.8.jar:"/>
    <property name="java.vm.vendor" value="IcedTea"/>
    <property name="sun.arch.data.model" value="64"/>
    <property name="test.build.dir" value="/workdir/hadoop-ozone/integration-test/target/test-dir"/>
    <property name="test.cache.data" value=""/>
    <property name="java.vendor.url" value="https://icedtea.classpath.org"/>
    <property name="user.timezone" value=""/>
    <property name="java.vm.specification.version" value="1.8"/>
    <property name="os.name" value="Linux"/>
    <property name="test.build.data" value="/workdir/hadoop-ozone/integration-test/target/test-dir"/>
    <property name="user.country" value="US"/>
    <property name="sun.java.launcher" value="SUN_STANDARD"/>
    <property name="sun.boot.library.path" value="/usr/lib/jvm/java-1.8-openjdk/jre/lib/amd64"/>
    <property name="sun.java.command" value="/workdir/hadoop-ozone/integration-test/target/surefire/surefirebooter880870566367203240.jar /workdir/hadoop-ozone/integration-test/target/surefire 2019-10-03T07-36-55_588-jvmRun1 surefire8888788378043959127tmp surefire_753973892652059432327tmp"/>
    <property name="test" value="!TestMiniChaosOzoneCluster"/>
    <property name="surefire.test.class.path" value="/workdir/hadoop-ozone/integration-test/target/test-classes:/workdir/hadoop-ozone/integration-test/target/classes:/home/user/.m2/repository/org/apache/hadoop/hadoop-ozone-common/0.5.0-SNAPSHOT/hadoop-ozone-common-0.5.0-SNAPSHOT.jar:/home/user/.m2/repository/org/apache/commons/commons-compress/1.4.1/commons-compress-1.4.1.jar:/home/user/.m2/repository/org/tukaani/xz/1.0/xz-1.0.jar:/home/user/.m2/repository/org/apache/hadoop/hadoop-common/3.2.0/hadoop-common-3.2.0.jar:/home/user/.m2/repository/org/apache/hadoop/hadoop-hdfs/3.2.0/hadoop-hdfs-3.2.0.jar:/home/user/.m2/repository/org/apache/hadoop/hadoop-hdfs-client/3.2.0/hadoop-hdfs-client-3.2.0.jar:/home/user/.m2/repository/com/fasterxml/jackson/core/jackson-annotations/2.9.9/jackson-annotations-2.9.9.jar:/home/user/.m2/repository/org/apache/hadoop/hadoop-hdds-common/0.5.0-SNAPSHOT/hadoop-hdds-common-0.5.0-SNAPSHOT.jar:/home/user/.m2/repository/javax/annotation/javax.annotation-api/1.2/javax.annotation-api-1.2.jar:/home/user/.m2/repository/org/apache/ratis/ratis-server/0.5.0-201fc85-SNAPSHOT/ratis-server-0.5.0-201fc85-SNAPSHOT.jar:/home/user/.m2/repository/org/apache/ratis/ratis-thirdparty-misc/0.2.0/ratis-thirdparty-misc-0.2.0.jar:/home/user/.m2/repository/org/apache/ratis/ratis-proto/0.5.0-201fc85-SNAPSHOT/ratis-proto-0.5.0-201fc85-SNAPSHOT.jar:/home/user/.m2/repository/org/apache/ratis/ratis-common/0.5.0-201fc85-SNAPSHOT/ratis-common-0.5.0-201fc85-SNAPSHOT.jar:/home/user/.m2/repository/org/apache/ratis/ratis-client/0.5.0-201fc85-SNAPSHOT/ratis-client-0.5.0-201fc85-SNAPSHOT.jar:/home/user/.m2/repository/org/apache/ratis/ratis-metrics/0.5.0-201fc85-SNAPSHOT/ratis-metrics-0.5.0-201fc85-SNAPSHOT.jar:/home/user/.m2/repository/com/github/joshelser/dropwizard-metrics-hadoop-metrics2-reporter/0.1.2/dropwizard-metrics-hadoop-metrics2-reporter-0.1.2.jar:/home/user/.m2/repository/io/dropwizard/metrics/metrics-jvm/3.2.5/metrics-jvm-3.2.5.jar:/home/user/.m2/repository/io/dropwizard/metrics/metrics-ganglia/3.2.5/metrics-ganglia-3.2.5.jar:/home/user/.m2/repository/info/ganglia/gmetric4j/gmetric4j/1.0.7/gmetric4j-1.0.7.jar:/home/user/.m2/repository/org/apache/ratis/ratis-netty/0.5.0-201fc85-SNAPSHOT/ratis-netty-0.5.0-201fc85-SNAPSHOT.jar:/home/user/.m2/repository/org/apache/ratis/ratis-grpc/0.5.0-201fc85-SNAPSHOT/ratis-grpc-0.5.0-201fc85-SNAPSHOT.jar:/home/user/.m2/repository/org/rocksdb/rocksdbjni/6.0.1/rocksdbjni-6.0.1.jar:/home/user/.m2/repository/org/apache/logging/log4j/log4j-api/2.11.0/log4j-api-2.11.0.jar:/home/user/.m2/repository/org/apache/logging/log4j/log4j-core/2.11.0/log4j-core-2.11.0.jar:/home/user/.m2/repository/com/lmax/disruptor/3.4.2/disruptor-3.4.2.jar:/home/user/.m2/repository/org/apache/commons/commons-pool2/2.6.0/commons-pool2-2.6.0.jar:/home/user/.m2/repository/org/bouncycastle/bcpkix-jdk15on/1.60/bcpkix-jdk15on-1.60.jar:/home/user/.m2/repository/commons-validator/commons-validator/1.6/commons-validator-1.6.jar:/home/user/.m2/repository/commons-digester/commons-digester/1.8.1/commons-digester-1.8.1.jar:/home/user/.m2/repository/io/jaegertracing/jaeger-client/0.34.0/jaeger-client-0.34.0.jar:/home/user/.m2/repository/io/jaegertracing/jaeger-thrift/0.34.0/jaeger-thrift-0.34.0.jar:/home/user/.m2/repository/org/apache/thrift/libthrift/0.12.0/libthrift-0.12.0.jar:/home/user/.m2/repository/com/squareup/okhttp3/okhttp/3.9.0/okhttp-3.9.0.jar:/home/user/.m2/repository/com/squareup/okio/okio/1.13.0/okio-1.13.0.jar:/home/user/.m2/repository/io/jaegertracing/jaeger-core/0.34.0/jaeger-core-0.34.0.jar:/home/user/.m2/repository/io/jaegertracing/jaeger-tracerresolver/0.34.0/jaeger-tracerresolver-0.34.0.jar:/home/user/.m2/repository/io/opentracing/contrib/opentracing-tracerresolver/0.1.5/opentracing-tracerresolver-0.1.5.jar:/home/user/.m2/repository/io/opentracing/opentracing-util/0.31.0/opentracing-util-0.31.0.jar:/home/user/.m2/repository/io/opentracing/opentracing-api/0.31.0/opentracing-api-0.31.0.jar:/home/user/.m2/repository/io/opentracing/opentracing-noop/0.31.0/opentracing-noop-0.31.0.jar:/home/user/.m2/repository/org/apache/hadoop/hadoop-hdds-server-framework/0.5.0-SNAPSHOT/hadoop-hdds-server-framework-0.5.0-SNAPSHOT.jar:/home/user/.m2/repository/org/apache/hadoop/hadoop-hdds-container-service/0.5.0-SNAPSHOT/hadoop-hdds-container-service-0.5.0-SNAPSHOT.jar:/home/user/.m2/repository/org/apache/hadoop/hadoop-hdds-client/0.5.0-SNAPSHOT/hadoop-hdds-client-0.5.0-SNAPSHOT.jar:/home/user/.m2/repository/org/apache/hadoop/hadoop-hdds-tools/0.5.0-SNAPSHOT/hadoop-hdds-tools-0.5.0-SNAPSHOT.jar:/home/user/.m2/repository/org/apache/hadoop/hadoop-hdds-server-scm/0.5.0-SNAPSHOT/hadoop-hdds-server-scm-0.5.0-SNAPSHOT.jar:/home/user/.m2/repository/org/apache/hadoop/hadoop-hdds-docs/0.5.0-SNAPSHOT/hadoop-hdds-docs-0.5.0-SNAPSHOT.jar:/home/user/.m2/repository/io/dropwizard/metrics/metrics-core/3.2.4/metrics-core-3.2.4.jar:/home/user/.m2/repository/org/hamcrest/hamcrest-all/1.3/hamcrest-all-1.3.jar:/home/user/.m2/repository/org/bouncycastle/bcprov-jdk15on/1.60/bcprov-jdk15on-1.60.jar:/home/user/.m2/repository/info/picocli/picocli/3.9.6/picocli-3.9.6.jar:/home/user/.m2/repository/com/google/protobuf/protobuf-java/2.5.0/protobuf-java-2.5.0.jar:/home/user/.m2/repository/com/google/guava/guava/11.0.2/guava-11.0.2.jar:/home/user/.m2/repository/org/apache/hadoop/hadoop-ozone-ozone-manager/0.5.0-SNAPSHOT/hadoop-ozone-ozone-manager-0.5.0-SNAPSHOT.jar:/home/user/.m2/repository/org/apache/hadoop/hadoop-minikdc/3.2.0/hadoop-minikdc-3.2.0.jar:/home/user/.m2/repository/commons-io/commons-io/2.5/commons-io-2.5.jar:/home/user/.m2/repository/org/apache/kerby/kerb-simplekdc/1.0.1/kerb-simplekdc-1.0.1.jar:/home/user/.m2/repository/org/apache/kerby/kerb-client/1.0.1/kerb-client-1.0.1.jar:/home/user/.m2/repository/org/apache/kerby/kerby-config/1.0.1/kerby-config-1.0.1.jar:/home/user/.m2/repository/org/apache/kerby/kerb-core/1.0.1/kerb-core-1.0.1.jar:/home/user/.m2/repository/org/apache/kerby/kerby-pkix/1.0.1/kerby-pkix-1.0.1.jar:/home/user/.m2/repository/org/apache/kerby/kerby-asn1/1.0.1/kerby-asn1-1.0.1.jar:/home/user/.m2/repository/org/apache/kerby/kerby-util/1.0.1/kerby-util-1.0.1.jar:/home/user/.m2/repository/org/apache/kerby/kerb-common/1.0.1/kerb-common-1.0.1.jar:/home/user/.m2/repository/org/apache/kerby/kerb-crypto/1.0.1/kerb-crypto-1.0.1.jar:/home/user/.m2/repository/org/apache/kerby/kerb-util/1.0.1/kerb-util-1.0.1.jar:/home/user/.m2/repository/org/apache/kerby/token-provider/1.0.1/token-provider-1.0.1.jar:/home/user/.m2/repository/org/apache/kerby/kerb-admin/1.0.1/kerb-admin-1.0.1.jar:/home/user/.m2/repository/org/apache/kerby/kerb-server/1.0.1/kerb-server-1.0.1.jar:/home/user/.m2/repository/org/apache/kerby/kerb-identity/1.0.1/kerb-identity-1.0.1.jar:/home/user/.m2/repository/org/apache/kerby/kerby-xdr/1.0.1/kerby-xdr-1.0.1.jar:/home/user/.m2/repository/org/slf4j/slf4j-log4j12/1.7.25/slf4j-log4j12-1.7.25.jar:/home/user/.m2/repository/org/apache/hadoop/hadoop-ozone-s3gateway/0.5.0-SNAPSHOT/hadoop-ozone-s3gateway-0.5.0-SNAPSHOT.jar:/home/user/.m2/repository/org/jboss/weld/servlet/weld-servlet/2.4.7.Final/weld-servlet-2.4.7.Final.jar:/home/user/.m2/repository/org/glassfish/jersey/containers/jersey-container-servlet-core/2.27/jersey-container-servlet-core-2.27.jar:/home/user/.m2/repository/org/glassfish/hk2/external/javax.inject/2.5.0-b42/javax.inject-2.5.0-b42.jar:/home/user/.m2/repository/org/glassfish/jersey/core/jersey-common/2.27/jersey-common-2.27.jar:/home/user/.m2/repository/org/glassfish/hk2/osgi-resource-locator/1.0.1/osgi-resource-locator-1.0.1.jar:/home/user/.m2/repository/javax/ws/rs/javax.ws.rs-api/2.1/javax.ws.rs-api-2.1.jar:/home/user/.m2/repository/org/glassfish/jersey/ext/cdi/jersey-cdi1x/2.27/jersey-cdi1x-2.27.jar:/home/user/.m2/repository/org/glassfish/jersey/inject/jersey-hk2/2.27/jersey-hk2-2.27.jar:/home/user/.m2/repository/org/glassfish/hk2/hk2-locator/2.5.0-b42/hk2-locator-2.5.0-b42.jar:/home/user/.m2/repository/org/javassist/javassist/3.22.0-CR2/javassist-3.22.0-CR2.jar:/home/user/.m2/repository/org/glassfish/hk2/hk2-api/2.5.0/hk2-api-2.5.0.jar:/home/user/.m2/repository/org/glassfish/hk2/external/jakarta.inject/2.5.0/jakarta.inject-2.5.0.jar:/home/user/.m2/repository/org/glassfish/hk2/hk2-utils/2.5.0/hk2-utils-2.5.0.jar:/home/user/.m2/repository/jakarta/annotation/jakarta.annotation-api/1.3.4/jakarta.annotation-api-1.3.4.jar:/home/user/.m2/repository/org/glassfish/hk2/external/aopalliance-repackaged/2.5.0/aopalliance-repackaged-2.5.0.jar:/home/user/.m2/repository/com/fasterxml/jackson/dataformat/jackson-dataformat-xml/2.9.0/jackson-dataformat-xml-2.9.0.jar:/home/user/.m2/repository/com/fasterxml/jackson/core/jackson-core/2.9.9/jackson-core-2.9.9.jar:/home/user/.m2/repository/com/fasterxml/jackson/module/jackson-module-jaxb-annotations/2.9.9/jackson-module-jaxb-annotations-2.9.9.jar:/home/user/.m2/repository/javax/enterprise/cdi-api/1.2/cdi-api-1.2.jar:/home/user/.m2/repository/javax/el/javax.el-api/3.0.0/javax.el-api-3.0.0.jar:/home/user/.m2/repository/javax/interceptor/javax.interceptor-api/1.2/javax.interceptor-api-1.2.jar:/home/user/.m2/repository/javax/inject/javax.inject/1/javax.inject-1.jar:/home/user/.m2/repository/com/sun/xml/bind/jaxb-impl/2.3.0.1/jaxb-impl-2.3.0.1.jar:/home/user/.m2/repository/com/sun/xml/bind/jaxb-core/2.3.0.1/jaxb-core-2.3.0.1.jar:/home/user/.m2/repository/javax/xml/bind/jaxb-api/2.3.0/jaxb-api-2.3.0.jar:/home/user/.m2/repository/javax/activation/activation/1.1.1/activation-1.1.1.jar:/home/user/.m2/repository/org/apache/hadoop/hadoop-ozone-csi/0.5.0-SNAPSHOT/hadoop-ozone-csi-0.5.0-SNAPSHOT.jar:/home/user/.m2/repository/com/google/protobuf/protobuf-java-util/3.5.1/protobuf-java-util-3.5.1.jar:/home/user/.m2/repository/org/apache/hadoop/hadoop-hdds-config/0.5.0-SNAPSHOT/hadoop-hdds-config-0.5.0-SNAPSHOT.jar:/home/user/.m2/repository/io/grpc/grpc-netty/1.17.1/grpc-netty-1.17.1.jar:/home/user/.m2/repository/io/grpc/grpc-core/1.17.1/grpc-core-1.17.1.jar:/home/user/.m2/repository/io/grpc/grpc-context/1.17.1/grpc-context-1.17.1.jar:/home/user/.m2/repository/com/google/errorprone/error_prone_annotations/2.2.0/error_prone_annotations-2.2.0.jar:/home/user/.m2/repository/org/codehaus/mojo/animal-sniffer-annotations/1.17/animal-sniffer-annotations-1.17.jar:/home/user/.m2/repository/io/opencensus/opencensus-api/0.17.0/opencensus-api-0.17.0.jar:/home/user/.m2/repository/io/opencensus/opencensus-contrib-grpc-metrics/0.17.0/opencensus-contrib-grpc-metrics-0.17.0.jar:/home/user/.m2/repository/io/netty/netty-codec-http2/4.1.30.Final/netty-codec-http2-4.1.30.Final.jar:/home/user/.m2/repository/io/netty/netty-codec-http/4.1.30.Final/netty-codec-http-4.1.30.Final.jar:/home/user/.m2/repository/io/netty/netty-codec/4.1.30.Final/netty-codec-4.1.30.Final.jar:/home/user/.m2/repository/io/netty/netty-handler/4.1.30.Final/netty-handler-4.1.30.Final.jar:/home/user/.m2/repository/io/netty/netty-handler-proxy/4.1.30.Final/netty-handler-proxy-4.1.30.Final.jar:/home/user/.m2/repository/io/netty/netty-codec-socks/4.1.30.Final/netty-codec-socks-4.1.30.Final.jar:/home/user/.m2/repository/io/netty/netty-transport-native-epoll/4.1.30.Final/netty-transport-native-epoll-4.1.30.Final.jar:/home/user/.m2/repository/io/netty/netty-common/4.1.30.Final/netty-common-4.1.30.Final.jar:/home/user/.m2/repository/io/netty/netty-buffer/4.1.30.Final/netty-buffer-4.1.30.Final.jar:/home/user/.m2/repository/io/netty/netty-transport/4.1.30.Final/netty-transport-4.1.30.Final.jar:/home/user/.m2/repository/io/netty/netty-resolver/4.1.30.Final/netty-resolver-4.1.30.Final.jar:/home/user/.m2/repository/io/netty/netty-transport-native-unix-common/4.1.30.Final/netty-transport-native-unix-common-4.1.30.Final.jar:/home/user/.m2/repository/io/grpc/grpc-protobuf/1.17.1/grpc-protobuf-1.17.1.jar:/home/user/.m2/repository/com/google/api/grpc/proto-google-common-protos/1.0.0/proto-google-common-protos-1.0.0.jar:/home/user/.m2/repository/io/grpc/grpc-protobuf-lite/1.17.1/grpc-protobuf-lite-1.17.1.jar:/home/user/.m2/repository/io/grpc/grpc-stub/1.17.1/grpc-stub-1.17.1.jar:/home/user/.m2/repository/org/apache/hadoop/hadoop-ozone-recon/0.5.0-SNAPSHOT/hadoop-ozone-recon-0.5.0-SNAPSHOT.jar:/home/user/.m2/repository/org/apache/hadoop/hadoop-ozone-reconcodegen/0.5.0-SNAPSHOT/hadoop-ozone-reconcodegen-0.5.0-SNAPSHOT.jar:/home/user/.m2/repository/com/google/inject/extensions/guice-multibindings/4.0/guice-multibindings-4.0.jar:/home/user/.m2/repository/com/google/inject/guice/4.0/guice-4.0.jar:/home/user/.m2/repository/aopalliance/aopalliance/1.0/aopalliance-1.0.jar:/home/user/.m2/repository/com/google/inject/extensions/guice-servlet/4.0/guice-servlet-4.0.jar:/home/user/.m2/repository/org/glassfish/jersey/containers/jersey-container-servlet/2.27/jersey-container-servlet-2.27.jar:/home/user/.m2/repository/org/glassfish/hk2/guice-bridge/2.5.0/guice-bridge-2.5.0.jar:/home/user/.m2/repository/org/glassfish/jersey/core/jersey-server/2.27/jersey-server-2.27.jar:/home/user/.m2/repository/org/glassfish/jersey/core/jersey-client/2.27/jersey-client-2.27.jar:/home/user/.m2/repository/org/glassfish/jersey/media/jersey-media-jaxb/2.27/jersey-media-jaxb-2.27.jar:/home/user/.m2/repository/javax/validation/validation-api/1.1.0.Final/validation-api-1.1.0.Final.jar:/home/user/.m2/repository/org/glassfish/jersey/media/jersey-media-json-jackson/2.27/jersey-media-json-jackson-2.27.jar:/home/user/.m2/repository/org/glassfish/jersey/ext/jersey-entity-filtering/2.27/jersey-entity-filtering-2.27.jar:/home/user/.m2/repository/com/google/inject/extensions/guice-assistedinject/4.0/guice-assistedinject-4.0.jar:/home/user/.m2/repository/org/jooq/jooq/3.11.10/jooq-3.11.10.jar:/home/user/.m2/repository/org/jooq/jooq-meta/3.11.10/jooq-meta-3.11.10.jar:/home/user/.m2/repository/org/jooq/jooq-codegen/3.11.10/jooq-codegen-3.11.10.jar:/home/user/.m2/repository/com/jolbox/bonecp/0.8.0.RELEASE/bonecp-0.8.0.RELEASE.jar:/home/user/.m2/repository/org/xerial/sqlite-jdbc/3.25.2/sqlite-jdbc-3.25.2.jar:/home/user/.m2/repository/org/springframework/spring-jdbc/5.1.3.RELEASE/spring-jdbc-5.1.3.RELEASE.jar:/home/user/.m2/repository/org/springframework/spring-beans/5.1.3.RELEASE/spring-beans-5.1.3.RELEASE.jar:/home/user/.m2/repository/org/springframework/spring-core/5.1.3.RELEASE/spring-core-5.1.3.RELEASE.jar:/home/user/.m2/repository/org/springframework/spring-jcl/5.1.3.RELEASE/spring-jcl-5.1.3.RELEASE.jar:/home/user/.m2/repository/org/springframework/spring-tx/5.1.3.RELEASE/spring-tx-5.1.3.RELEASE.jar:/home/user/.m2/repository/org/apache/hadoop/hadoop-ozone-client/0.5.0-SNAPSHOT/hadoop-ozone-client-0.5.0-SNAPSHOT.jar:/home/user/.m2/repository/commons-lang/commons-lang/2.6/commons-lang-2.6.jar:/home/user/.m2/repository/org/apache/hadoop/hadoop-ozone-ozone-manager/0.5.0-SNAPSHOT/hadoop-ozone-ozone-manager-0.5.0-SNAPSHOT-tests.jar:/home/user/.m2/repository/junit/junit/4.11/junit-4.11.jar:/home/user/.m2/repository/org/hamcrest/hamcrest-core/1.3/hamcrest-core-1.3.jar:/home/user/.m2/repository/org/openjdk/jmh/jmh-core/1.19/jmh-core-1.19.jar:/home/user/.m2/repository/net/sf/jopt-simple/jopt-simple/4.6/jopt-simple-4.6.jar:/home/user/.m2/repository/org/apache/commons/commons-math3/3.1.1/commons-math3-3.1.1.jar:/home/user/.m2/repository/org/openjdk/jmh/jmh-generator-annprocess/1.19/jmh-generator-annprocess-1.19.jar:/home/user/.m2/repository/org/mockito/mockito-all/1.8.5/mockito-all-1.8.5.jar:/home/user/.m2/repository/org/apache/hadoop/hadoop-kms/3.2.0/hadoop-kms-3.2.0.jar:/home/user/.m2/repository/org/apache/hadoop/hadoop-auth/3.2.0/hadoop-auth-3.2.0.jar:/home/user/.m2/repository/com/nimbusds/nimbus-jose-jwt/4.41.1/nimbus-jose-jwt-4.41.1.jar:/home/user/.m2/repository/com/github/stephenc/jcip/jcip-annotations/1.0-1/jcip-annotations-1.0-1.jar:/home/user/.m2/repository/net/minidev/json-smart/2.3/json-smart-2.3.jar:/home/user/.m2/repository/net/minidev/accessors-smart/1.2/accessors-smart-1.2.jar:/home/user/.m2/repository/org/ow2/asm/asm/5.0.4/asm-5.0.4.jar:/home/user/.m2/repository/org/apache/curator/curator-framework/2.12.0/curator-framework-2.12.0.jar:/home/user/.m2/repository/com/sun/jersey/jersey-core/1.19/jersey-core-1.19.jar:/home/user/.m2/repository/javax/ws/rs/jsr311-api/1.1.1/jsr311-api-1.1.1.jar:/home/user/.m2/repository/com/sun/jersey/jersey-server/1.19/jersey-server-1.19.jar:/home/user/.m2/repository/javax/servlet/javax.servlet-api/3.1.0/javax.servlet-api-3.1.0.jar:/home/user/.m2/repository/org/eclipse/jetty/jetty-server/9.3.25.v20180904/jetty-server-9.3.25.v20180904.jar:/home/user/.m2/repository/org/eclipse/jetty/jetty-http/9.3.25.v20180904/jetty-http-9.3.25.v20180904.jar:/home/user/.m2/repository/org/eclipse/jetty/jetty-io/9.3.25.v20180904/jetty-io-9.3.25.v20180904.jar:/home/user/.m2/repository/org/eclipse/jetty/jetty-webapp/9.3.25.v20180904/jetty-webapp-9.3.25.v20180904.jar:/home/user/.m2/repository/org/eclipse/jetty/jetty-xml/9.3.25.v20180904/jetty-xml-9.3.25.v20180904.jar:/home/user/.m2/repository/log4j/log4j/1.2.17/log4j-1.2.17.jar:/home/user/.m2/repository/org/slf4j/slf4j-api/1.7.25/slf4j-api-1.7.25.jar:/home/user/.m2/repository/org/slf4j/jul-to-slf4j/1.7.25/jul-to-slf4j-1.7.25.jar:/home/user/.m2/repository/org/eclipse/jetty/jetty-util/9.3.25.v20180904/jetty-util-9.3.25.v20180904.jar:/home/user/.m2/repository/com/fasterxml/jackson/core/jackson-databind/2.9.9/jackson-databind-2.9.9.jar:/home/user/.m2/repository/org/apache/hadoop/hadoop-kms/3.2.0/hadoop-kms-3.2.0-tests.jar:/home/user/.m2/repository/org/apache/hadoop/hadoop-hdds-server-scm/0.5.0-SNAPSHOT/hadoop-hdds-server-scm-0.5.0-SNAPSHOT-tests.jar:/home/user/.m2/repository/org/apache/hadoop/hadoop-hdds-container-service/0.5.0-SNAPSHOT/hadoop-hdds-container-service-0.5.0-SNAPSHOT-tests.jar:/home/user/.m2/repository/org/yaml/snakeyaml/1.16/snakeyaml-1.16.jar:/home/user/.m2/repository/org/apache/hadoop/hadoop-common/3.2.0/hadoop-common-3.2.0-tests.jar:/home/user/.m2/repository/org/apache/hadoop/hadoop-annotations/3.2.0/hadoop-annotations-3.2.0.jar:/usr/lib/jvm/java-1.8-openjdk/jre/../lib/tools.jar:/home/user/.m2/repository/commons-cli/commons-cli/1.2/commons-cli-1.2.jar:/home/user/.m2/repository/org/apache/httpcomponents/httpclient/4.5.2/httpclient-4.5.2.jar:/home/user/.m2/repository/org/apache/httpcomponents/httpcore/4.4.4/httpcore-4.4.4.jar:/home/user/.m2/repository/commons-codec/commons-codec/1.11/commons-codec-1.11.jar:/home/user/.m2/repository/commons-net/commons-net/3.6/commons-net-3.6.jar:/home/user/.m2/repository/commons-collections/commons-collections/3.2.2/commons-collections-3.2.2.jar:/home/user/.m2/repository/org/eclipse/jetty/jetty-servlet/9.3.25.v20180904/jetty-servlet-9.3.25.v20180904.jar:/home/user/.m2/repository/org/eclipse/jetty/jetty-security/9.3.25.v20180904/jetty-security-9.3.25.v20180904.jar:/home/user/.m2/repository/javax/servlet/jsp/jsp-api/2.1/jsp-api-2.1.jar:/home/user/.m2/repository/com/sun/jersey/jersey-servlet/1.19/jersey-servlet-1.19.jar:/home/user/.m2/repository/com/sun/jersey/jersey-json/1.19/jersey-json-1.19.jar:/home/user/.m2/repository/org/codehaus/jettison/jettison/1.1/jettison-1.1.jar:/home/user/.m2/repository/org/codehaus/jackson/jackson-core-asl/1.9.13/jackson-core-asl-1.9.13.jar:/home/user/.m2/repository/org/codehaus/jackson/jackson-mapper-asl/1.9.13/jackson-mapper-asl-1.9.13.jar:/home/user/.m2/repository/org/codehaus/jackson/jackson-jaxrs/1.9.13/jackson-jaxrs-1.9.13.jar:/home/user/.m2/repository/org/codehaus/jackson/jackson-xc/1.9.13/jackson-xc-1.9.13.jar:/home/user/.m2/repository/commons-logging/commons-logging/1.1.3/commons-logging-1.1.3.jar:/home/user/.m2/repository/commons-beanutils/commons-beanutils/1.9.4/commons-beanutils-1.9.4.jar:/home/user/.m2/repository/org/apache/commons/commons-configuration2/2.1.1/commons-configuration2-2.1.1.jar:/home/user/.m2/repository/org/apache/commons/commons-lang3/3.7/commons-lang3-3.7.jar:/home/user/.m2/repository/org/apache/commons/commons-text/1.4/commons-text-1.4.jar:/home/user/.m2/repository/org/apache/avro/avro/1.7.7/avro-1.7.7.jar:/home/user/.m2/repository/com/thoughtworks/paranamer/paranamer/2.3/paranamer-2.3.jar:/home/user/.m2/repository/org/xerial/snappy/snappy-java/1.0.5/snappy-java-1.0.5.jar:/home/user/.m2/repository/com/google/re2j/re2j/1.1/re2j-1.1.jar:/home/user/.m2/repository/com/google/code/gson/gson/2.2.4/gson-2.2.4.jar:/home/user/.m2/repository/com/jcraft/jsch/0.1.54/jsch-0.1.54.jar:/home/user/.m2/repository/org/apache/curator/curator-client/2.12.0/curator-client-2.12.0.jar:/home/user/.m2/repository/org/apache/curator/curator-recipes/2.12.0/curator-recipes-2.12.0.jar:/home/user/.m2/repository/com/google/code/findbugs/jsr305/3.0.0/jsr305-3.0.0.jar:/home/user/.m2/repository/org/apache/htrace/htrace-core4/4.1.0-incubating/htrace-core4-4.1.0-incubating.jar:/home/user/.m2/repository/org/apache/zookeeper/zookeeper/3.4.13/zookeeper-3.4.13.jar:/home/user/.m2/repository/jline/jline/0.9.94/jline-0.9.94.jar:/home/user/.m2/repository/org/apache/yetus/audience-annotations/0.5.0/audience-annotations-0.5.0.jar:/home/user/.m2/repository/org/codehaus/woodstox/stax2-api/3.1.4/stax2-api-3.1.4.jar:/home/user/.m2/repository/com/fasterxml/woodstox/woodstox-core/5.0.3/woodstox-core-5.0.3.jar:/home/user/.m2/repository/dnsjava/dnsjava/2.1.7/dnsjava-2.1.7.jar:/home/user/.m2/repository/org/apache/hadoop/hadoop-hdfs/3.2.0/hadoop-hdfs-3.2.0-tests.jar:/home/user/.m2/repository/org/eclipse/jetty/jetty-util-ajax/9.3.25.v20180904/jetty-util-ajax-9.3.25.v20180904.jar:/home/user/.m2/repository/commons-daemon/commons-daemon/1.0.13/commons-daemon-1.0.13.jar:/home/user/.m2/repository/io/netty/netty/3.10.5.Final/netty-3.10.5.Final.jar:/home/user/.m2/repository/io/netty/netty-all/4.0.52.Final/netty-all-4.0.52.Final.jar:/home/user/.m2/repository/org/fusesource/leveldbjni/leveldbjni-all/1.8/leveldbjni-all-1.8.jar:"/>
    <property name="sun.cpu.endian" value="little"/>
    <property name="user.home" value="/home/user"/>
    <property name="user.language" value="en"/>
    <property name="java.specification.vendor" value="Oracle Corporation"/>
    <property name="java.home" value="/usr/lib/jvm/java-1.8-openjdk/jre"/>
    <property name="java.security.krb5.conf" value="/workdir/hadoop-ozone/integration-test/target/test-classes/krb5.conf"/>
    <property name="basedir" value="/workdir/hadoop-ozone/integration-test"/>
    <property name="file.separator" value="/"/>
    <property name="line.separator" value="&#10;"/>
    <property name="java.vm.specification.vendor" value="Oracle Corporation"/>
    <property name="java.specification.name" value="Java Platform API Specification"/>
    <property name="java.awt.graphicsenv" value="sun.awt.X11GraphicsEnvironment"/>
    <property name="surefire.real.class.path" value="/workdir/hadoop-ozone/integration-test/target/surefire/surefirebooter880870566367203240.jar"/>
    <property name="hadoop.log.dir" value="/workdir/hadoop-ozone/integration-test/target/log"/>
    <property name="sun.boot.class.path" value="/usr/lib/jvm/java-1.8-openjdk/jre/lib/resources.jar:/usr/lib/jvm/java-1.8-openjdk/jre/lib/rt.jar:/usr/lib/jvm/java-1.8-openjdk/jre/lib/sunrsasign.jar:/usr/lib/jvm/java-1.8-openjdk/jre/lib/jsse.jar:/usr/lib/jvm/java-1.8-openjdk/jre/lib/jce.jar:/usr/lib/jvm/java-1.8-openjdk/jre/lib/charsets.jar:/usr/lib/jvm/java-1.8-openjdk/jre/lib/jfr.jar:/usr/lib/jvm/java-1.8-openjdk/jre/classes"/>
    <property name="sun.management.compiler" value="HotSpot 64-Bit Tiered Compilers"/>
    <property name="java.runtime.version" value="1.8.0_212-b04"/>
    <property name="java.net.preferIPv4Stack" value="true"/>
    <property name="user.name" value="jenkins1000"/>
    <property name="path.separator" value=":"/>
    <property name="java.security.egd" value="file:///dev/urandom"/>
    <property name="os.version" value="3.10.0-957.12.2.el7.x86_64"/>
    <property name="java.endorsed.dirs" value="/usr/lib/jvm/java-1.8-openjdk/jre/lib/endorsed"/>
    <property name="java.runtime.name" value="OpenJDK Runtime Environment"/>
    <property name="file.encoding" value="UTF-8"/>
    <property name="java.vm.name" value="OpenJDK 64-Bit Server VM"/>
    <property name="test.build.webapps" value=""/>
    <property name="localRepository" value="/home/user/.m2/repository"/>
    <property name="java.vendor.url.bug" value="https://icedtea.classpath.org/bugzilla"/>
    <property name="java.io.tmpdir" value="/tmp"/>
    <property name="require.test.libhadoop" value=""/>
    <property name="java.version" value="1.8.0_212"/>
    <property name="user.dir" value="/workdir/hadoop-ozone/integration-test"/>
    <property name="os.arch" value="amd64"/>
    <property name="java.vm.specification.name" value="Java Virtual Machine Specification"/>
    <property name="test.build.classes" value="/workdir/hadoop-ozone/integration-test/target/test-classes"/>
    <property name="java.awt.printerjob" value="sun.print.PSPrinterJob"/>
    <property name="sun.os.patch.level" value="unknown"/>
    <property name="hadoop.tmp.dir" value="/workdir/hadoop-ozone/integration-test/target/tmp"/>
    <property name="java.library.path" value="/usr/lib/jvm/java-1.8-openjdk/jre/lib/amd64/server:/usr/lib/jvm/java-1.8-openjdk/jre/lib/amd64:/usr/lib/jvm/java-1.8-openjdk/jre/../lib/amd64:/workdir/hadoop-ozone/integration-test/target/native/target/usr/local/lib:/workdir/hadoop-ozone/integration-test/../../hadoop-common-project/hadoop-common/target/native/target/usr/local/lib:/usr/java/packages/lib/amd64:/usr/lib64:/lib64:/lib:/usr/lib"/>
    <property name="java.vm.info" value="mixed mode"/>
    <property name="java.vendor" value="IcedTea"/>
    <property name="java.vm.version" value="25.212-b04"/>
    <property name="java.ext.dirs" value="/usr/lib/jvm/java-1.8-openjdk/jre/lib/ext:/usr/java/packages/lib/ext"/>
    <property name="sun.io.unicode.encoding" value="UnicodeLittle"/>
    <property name="java.class.version" value="52.0"/>
  </properties>
  <testcase name="testWatchForCommitWithKeyWrite" classname="org.apache.hadoop.ozone.client.rpc.TestWatchForCommit" time="88.287"/>
  <testcase name="testWatchForCommitWithSmallerTimeoutValue" classname="org.apache.hadoop.ozone.client.rpc.TestWatchForCommit" time="43.503"/>
  <testcase name="testWatchForCommitForRetryfailure" classname="org.apache.hadoop.ozone.client.rpc.TestWatchForCommit" time="61.353">
    <failure type="java.lang.AssertionError">java.lang.AssertionError
	at org.junit.Assert.fail(Assert.java:86)
	at org.junit.Assert.assertTrue(Assert.java:41)
	at org.junit.Assert.assertTrue(Assert.java:52)
	at org.apache.hadoop.ozone.client.rpc.TestWatchForCommit.testWatchForCommitForRetryfailure(TestWatchForCommit.java:348)
	at sun.reflect.NativeMethodAccessorImpl.invoke0(Native Method)
	at sun.reflect.NativeMethodAccessorImpl.invoke(NativeMethodAccessorImpl.java:62)
	at sun.reflect.DelegatingMethodAccessorImpl.invoke(DelegatingMethodAccessorImpl.java:43)
	at java.lang.reflect.Method.invoke(Method.java:498)
	at org.junit.runners.model.FrameworkMethod$1.runReflectiveCall(FrameworkMethod.java:47)
	at org.junit.internal.runners.model.ReflectiveCallable.run(ReflectiveCallable.java:12)
	at org.junit.runners.model.FrameworkMethod.invokeExplosively(FrameworkMethod.java:44)
	at org.junit.internal.runners.statements.InvokeMethod.evaluate(InvokeMethod.java:17)
	at org.junit.runners.ParentRunner.runLeaf(ParentRunner.java:271)
	at org.junit.runners.BlockJUnit4ClassRunner.runChild(BlockJUnit4ClassRunner.java:70)
	at org.junit.runners.BlockJUnit4ClassRunner.runChild(BlockJUnit4ClassRunner.java:50)
	at org.junit.runners.ParentRunner$3.run(ParentRunner.java:238)
	at org.junit.runners.ParentRunner$1.schedule(ParentRunner.java:63)
	at org.junit.runners.ParentRunner.runChildren(ParentRunner.java:236)
	at org.junit.runners.ParentRunner.access$000(ParentRunner.java:53)
	at org.junit.runners.ParentRunner$2.evaluate(ParentRunner.java:229)
	at org.junit.runners.ParentRunner.run(ParentRunner.java:309)
	at org.apache.maven.surefire.junit4.JUnit4Provider.execute(JUnit4Provider.java:365)
	at org.apache.maven.surefire.junit4.JUnit4Provider.executeWithRerun(JUnit4Provider.java:273)
	at org.apache.maven.surefire.junit4.JUnit4Provider.executeTestSet(JUnit4Provider.java:238)
	at org.apache.maven.surefire.junit4.JUnit4Provider.invoke(JUnit4Provider.java:159)
	at org.apache.maven.surefire.booter.ForkedBooter.invokeProviderInSameClassLoader(ForkedBooter.java:384)
	at org.apache.maven.surefire.booter.ForkedBooter.runSuitesInProcess(ForkedBooter.java:345)
	at org.apache.maven.surefire.booter.ForkedBooter.execute(ForkedBooter.java:126)
	at org.apache.maven.surefire.booter.ForkedBooter.main(ForkedBooter.java:418)
</failure>
    <system-out><![CDATA[2019-10-03 08:50:52,951 [main] WARN  server.ServerUtils (ServerUtils.java:getScmDbDir(145)) - ozone.scm.db.dirs is not configured. We recommend adding this setting. Falling back to ozone.metadata.dirs instead.
2019-10-03 08:50:52,967 [main] WARN  server.ServerUtils (ServerUtils.java:getScmDbDir(145)) - ozone.scm.db.dirs is not configured. We recommend adding this setting. Falling back to ozone.metadata.dirs instead.
2019-10-03 08:50:52,967 [main] WARN  server.ServerUtils (ServerUtils.java:getScmDbDir(145)) - ozone.scm.db.dirs is not configured. We recommend adding this setting. Falling back to ozone.metadata.dirs instead.
2019-10-03 08:50:52,968 [main] INFO  db.DBStoreBuilder (DBStoreBuilder.java:addTable(110)) - using custom profile for table: deletedBlocks
2019-10-03 08:50:52,968 [main] INFO  db.DBStoreBuilder (DBStoreBuilder.java:processTables(161)) - Using default column profile:DBProfile.DISK for Table:deletedBlocks
2019-10-03 08:50:52,968 [main] INFO  db.DBStoreBuilder (DBStoreBuilder.java:addTable(110)) - using custom profile for table: validCerts
2019-10-03 08:50:52,968 [main] INFO  db.DBStoreBuilder (DBStoreBuilder.java:processTables(161)) - Using default column profile:DBProfile.DISK for Table:validCerts
2019-10-03 08:50:52,969 [main] INFO  db.DBStoreBuilder (DBStoreBuilder.java:addTable(110)) - using custom profile for table: revokedCerts
2019-10-03 08:50:52,969 [main] INFO  db.DBStoreBuilder (DBStoreBuilder.java:processTables(161)) - Using default column profile:DBProfile.DISK for Table:revokedCerts
2019-10-03 08:50:52,969 [main] INFO  db.DBStoreBuilder (DBStoreBuilder.java:addTable(110)) - using custom profile for table: default
2019-10-03 08:50:52,969 [main] INFO  db.DBStoreBuilder (DBStoreBuilder.java:processTables(167)) - Using default column profile:DBProfile.DISK for Table:default
2019-10-03 08:50:52,970 [main] INFO  db.DBStoreBuilder (DBStoreBuilder.java:getDbProfile(198)) - Using default options. DBProfile.DISK
2019-10-03 08:50:53,113 [main] INFO  net.NodeSchemaLoader (NodeSchemaLoader.java:loadSchemaFromFile(125)) - Loading file from sun.misc.CompoundEnumeration@1c33e528
2019-10-03 08:50:53,113 [main] INFO  net.NodeSchemaLoader (NodeSchemaLoader.java:loadSchema(171)) - Loading network topology layer schema file
2019-10-03 08:50:53,119 [main] WARN  server.ServerUtils (ServerUtils.java:sanitizeUserArgs(70)) - ozone.scm.stale.node.interval value = 300000 is larger than max = 100000 based on the key value of ozone.scm.heartbeat.thread.interval, reset to the max value 100000.
2019-10-03 08:50:53,119 [main] WARN  server.ServerUtils (ServerUtils.java:sanitizeUserArgs(70)) - ozone.scm.stale.node.interval value = 300000 is larger than max = 100000 based on the key value of ozone.scm.heartbeat.thread.interval, reset to the max value 100000.
2019-10-03 08:50:53,119 [main] INFO  node.SCMNodeManager (SCMNodeManager.java:<init>(114)) - Entering startup safe mode.
2019-10-03 08:50:53,120 [main] INFO  algorithms.ContainerPlacementPolicyFactory (ContainerPlacementPolicyFactory.java:getPolicy(57)) - Create container placement policy of type org.apache.hadoop.hdds.scm.container.placement.algorithms.SCMContainerPlacementRandom
2019-10-03 08:50:53,120 [main] WARN  server.ServerUtils (ServerUtils.java:getScmDbDir(145)) - ozone.scm.db.dirs is not configured. We recommend adding this setting. Falling back to ozone.metadata.dirs instead.
2019-10-03 08:50:53,140 [main] INFO  pipeline.SCMPipelineManager (SCMPipelineManager.java:initializePipelineState(132)) - No pipeline exists in current db
2019-10-03 08:50:53,140 [main] WARN  server.ServerUtils (ServerUtils.java:getScmDbDir(145)) - ozone.scm.db.dirs is not configured. We recommend adding this setting. Falling back to ozone.metadata.dirs instead.
2019-10-03 08:50:53,160 [main] WARN  events.EventQueue (EventQueue.java:fireEvent(183)) - No event handler registered for event TypedEvent{payloadType=SafeModeStatus, name='SafeModeStatus'}
2019-10-03 08:50:53,161 [main] INFO  ipc.CallQueueManager (CallQueueManager.java:<init>(84)) - Using callQueue: class java.util.concurrent.LinkedBlockingQueue, queueCapacity: 2000, scheduler: class org.apache.hadoop.ipc.DefaultRpcScheduler, ipcBackoff: false.
2019-10-03 08:50:53,162 [Socket Reader #1 for port 35037] INFO  ipc.Server (Server.java:run(1074)) - Starting Socket Reader #1 for port 35037
2019-10-03 08:50:53,164 [main] INFO  ipc.CallQueueManager (CallQueueManager.java:<init>(84)) - Using callQueue: class java.util.concurrent.LinkedBlockingQueue, queueCapacity: 2000, scheduler: class org.apache.hadoop.ipc.DefaultRpcScheduler, ipcBackoff: false.
2019-10-03 08:50:53,165 [Socket Reader #1 for port 36155] INFO  ipc.Server (Server.java:run(1074)) - Starting Socket Reader #1 for port 36155
2019-10-03 08:50:53,166 [main] INFO  ipc.CallQueueManager (CallQueueManager.java:<init>(84)) - Using callQueue: class java.util.concurrent.LinkedBlockingQueue, queueCapacity: 2000, scheduler: class org.apache.hadoop.ipc.DefaultRpcScheduler, ipcBackoff: false.
2019-10-03 08:50:53,167 [Socket Reader #1 for port 39506] INFO  ipc.Server (Server.java:run(1074)) - Starting Socket Reader #1 for port 39506
2019-10-03 08:50:53,170 [main] INFO  hdfs.DFSUtil (DFSUtil.java:httpServerTemplateForNNAndJN(1641)) - Starting Web-server for scm at: http://0.0.0.0:0
2019-10-03 08:50:53,172 [main] INFO  server.AuthenticationFilter (AuthenticationFilter.java:constructSecretProvider(240)) - Unable to initialize FileSignerSecretProvider, falling back to use random secrets.
2019-10-03 08:50:53,173 [main] WARN  http.HttpRequestLog (HttpRequestLog.java:getRequestLog(97)) - Jetty request log can only be enabled using Log4j
2019-10-03 08:50:53,175 [main] INFO  http.HttpServer2 (HttpServer2.java:addGlobalFilter(975)) - Added global filter 'safety' (class=org.apache.hadoop.http.HttpServer2$QuotingInputFilter)
2019-10-03 08:50:53,176 [main] INFO  http.HttpServer2 (HttpServer2.java:addFilter(948)) - Added filter static_user_filter (class=org.apache.hadoop.http.lib.StaticUserWebFilter$StaticUserFilter) to context scm
2019-10-03 08:50:53,176 [main] INFO  http.HttpServer2 (HttpServer2.java:addFilter(958)) - Added filter static_user_filter (class=org.apache.hadoop.http.lib.StaticUserWebFilter$StaticUserFilter) to context logs
2019-10-03 08:50:53,176 [main] INFO  http.HttpServer2 (HttpServer2.java:addFilter(958)) - Added filter static_user_filter (class=org.apache.hadoop.http.lib.StaticUserWebFilter$StaticUserFilter) to context static
2019-10-03 08:50:53,179 [main] INFO  server.StorageContainerManager (StorageContainerManager.java:start(770)) - StorageContainerLocationProtocol RPC server is listening at /0.0.0.0:39506
2019-10-03 08:50:53,182 [main] WARN  impl.MetricsConfig (MetricsConfig.java:loadFirst(134)) - Cannot locate configuration: tried hadoop-metrics2-storagecontainermanager.properties,hadoop-metrics2.properties
2019-10-03 08:50:53,183 [main] INFO  impl.MetricsSystemImpl (MetricsSystemImpl.java:startTimer(374)) - Scheduled Metric snapshot period at 10 second(s).
2019-10-03 08:50:53,183 [main] INFO  impl.MetricsSystemImpl (MetricsSystemImpl.java:start(191)) - StorageContainerManager metrics system started
2019-10-03 08:50:53,213 [main] INFO  lib.Interns (Interns.java:removeEldestEntry(50)) - Metrics intern cache overflow at 2011 for MetricsSystem={MetricsSystem=MetricsInfoImpl{name=MetricsSystem, description=MetricsSystem}, MetricsSystem record=MetricsInfoImpl{name=MetricsSystem, description=MetricsSystem record}}
2019-10-03 08:50:53,250 [main] WARN  impl.MetricsSystemImpl (MetricsSystemImpl.java:register(276)) - Sink prometheus already exists!
2019-10-03 08:50:53,293 [main] INFO  server.SCMClientProtocolServer (SCMClientProtocolServer.java:start(159)) - RPC server for Client  is listening at /0.0.0.0:39506
2019-10-03 08:50:53,294 [IPC Server Responder] INFO  ipc.Server (Server.java:run(1314)) - IPC Server Responder: starting
2019-10-03 08:50:53,294 [IPC Server listener on 39506] INFO  ipc.Server (Server.java:run(1153)) - IPC Server listener on 39506: starting
2019-10-03 08:50:53,298 [main] INFO  server.StorageContainerManager (StorageContainerManager.java:start(780)) - ScmBlockLocationProtocol RPC server is listening at /0.0.0.0:36155
2019-10-03 08:50:53,299 [main] INFO  server.SCMBlockProtocolServer (SCMBlockProtocolServer.java:start(146)) - RPC server for Block Protocol is listening at /0.0.0.0:36155
2019-10-03 08:50:53,299 [IPC Server Responder] INFO  ipc.Server (Server.java:run(1314)) - IPC Server Responder: starting
2019-10-03 08:50:53,299 [IPC Server listener on 36155] INFO  ipc.Server (Server.java:run(1153)) - IPC Server listener on 36155: starting
2019-10-03 08:50:53,303 [main] INFO  server.StorageContainerManager (StorageContainerManager.java:start(784)) - ScmDatanodeProtocl RPC server is listening at /0.0.0.0:35037
2019-10-03 08:50:53,303 [main] INFO  server.SCMDatanodeProtocolServer (SCMDatanodeProtocolServer.java:start(169)) - RPC server for DataNodes is listening at /0.0.0.0:35037
2019-10-03 08:50:53,304 [IPC Server Responder] INFO  ipc.Server (Server.java:run(1314)) - IPC Server Responder: starting
2019-10-03 08:50:53,304 [IPC Server listener on 35037] INFO  ipc.Server (Server.java:run(1153)) - IPC Server listener on 35037: starting
2019-10-03 08:50:53,308 [main] INFO  http.HttpServer2 (HttpServer2.java:bindListener(1191)) - Jetty bound to port 34094
2019-10-03 08:50:53,309 [main] INFO  server.Server (Server.java:doStart(351)) - jetty-9.3.25.v20180904, build timestamp: 2018-09-04T21:11:46Z, git hash: 3ce520221d0240229c862b122d2b06c12a625732
2019-10-03 08:50:53,310 [main] INFO  handler.ContextHandler (ContextHandler.java:doStart(781)) - Started o.e.j.s.ServletContextHandler@67d32a54{/logs,file:///workdir/hadoop-ozone/integration-test/target/log,AVAILABLE}
2019-10-03 08:50:53,311 [main] INFO  handler.ContextHandler (ContextHandler.java:doStart(781)) - Started o.e.j.s.ServletContextHandler@2753316c{/static,file:///workdir/hadoop-ozone/integration-test/target/test-classes/webapps/static,AVAILABLE}
2019-10-03 08:50:53,315 [main] INFO  handler.ContextHandler (ContextHandler.java:doStart(781)) - Started o.e.j.w.WebAppContext@467b0f6e{/,file:///workdir/hadoop-ozone/integration-test/target/test-classes/webapps/scm/,AVAILABLE}{/scm}
2019-10-03 08:50:53,315 [main] INFO  server.AbstractConnector (AbstractConnector.java:doStart(278)) - Started ServerConnector@474179fa{HTTP/1.1,[http/1.1]}{0.0.0.0:34094}
2019-10-03 08:50:53,316 [main] INFO  server.Server (Server.java:doStart(419)) - Started @132572ms
2019-10-03 08:50:53,317 [main] WARN  impl.MetricsSystemImpl (MetricsSystemImpl.java:register(276)) - Sink prometheus already exists!
2019-10-03 08:50:53,318 [main] INFO  server.BaseHttpServer (BaseHttpServer.java:updateConnectorAddress(215)) - HTTP server of SCM is listening at http://0.0.0.0:34094
2019-10-03 08:50:53,318 [main] WARN  server.ServerUtils (ServerUtils.java:getDBPath(222)) - ozone.om.db.dirs is not configured. We recommend adding this setting. Falling back to ozone.metadata.dirs instead.
2019-10-03 08:50:53,318 [org.apache.hadoop.util.JvmPauseMonitor$Monitor@c7f4457] INFO  util.JvmPauseMonitor (JvmPauseMonitor.java:run(188)) - Starting JVM pause monitor
2019-10-03 08:50:53,333 [main] INFO  ha.OMHANodeDetails (OMHANodeDetails.java:loadOMHAConfig(190)) - Configuration either no ozone.om.address set. Falling back to the default OM address /127.0.0.1:0
2019-10-03 08:50:53,333 [main] INFO  ha.OMHANodeDetails (OMHANodeDetails.java:getOMNodeDetails(220)) - OM Service ID is not set. Setting it to the default ID: omServiceIdDefault
2019-10-03 08:50:53,333 [main] WARN  server.ServerUtils (ServerUtils.java:getDBPath(222)) - ozone.om.db.dirs is not configured. We recommend adding this setting. Falling back to ozone.metadata.dirs instead.
2019-10-03 08:50:53,334 [main] WARN  server.ServerUtils (ServerUtils.java:getDBPath(222)) - ozone.om.db.dirs is not configured. We recommend adding this setting. Falling back to ozone.metadata.dirs instead.
2019-10-03 08:50:53,341 [main] WARN  server.ServerUtils (ServerUtils.java:getDBPath(222)) - ozone.om.db.dirs is not configured. We recommend adding this setting. Falling back to ozone.metadata.dirs instead.
2019-10-03 08:50:53,342 [main] INFO  db.DBStoreBuilder (DBStoreBuilder.java:addTable(110)) - using custom profile for table: userTable
2019-10-03 08:50:53,342 [main] INFO  db.DBStoreBuilder (DBStoreBuilder.java:processTables(161)) - Using default column profile:DBProfile.DISK for Table:userTable
2019-10-03 08:50:53,342 [main] INFO  db.DBStoreBuilder (DBStoreBuilder.java:addTable(110)) - using custom profile for table: volumeTable
2019-10-03 08:50:53,342 [main] INFO  db.DBStoreBuilder (DBStoreBuilder.java:processTables(161)) - Using default column profile:DBProfile.DISK for Table:volumeTable
2019-10-03 08:50:53,342 [main] INFO  db.DBStoreBuilder (DBStoreBuilder.java:addTable(110)) - using custom profile for table: bucketTable
2019-10-03 08:50:53,342 [main] INFO  db.DBStoreBuilder (DBStoreBuilder.java:processTables(161)) - Using default column profile:DBProfile.DISK for Table:bucketTable
2019-10-03 08:50:53,343 [main] INFO  db.DBStoreBuilder (DBStoreBuilder.java:addTable(110)) - using custom profile for table: keyTable
2019-10-03 08:50:53,343 [main] INFO  db.DBStoreBuilder (DBStoreBuilder.java:processTables(161)) - Using default column profile:DBProfile.DISK for Table:keyTable
2019-10-03 08:50:53,343 [main] INFO  db.DBStoreBuilder (DBStoreBuilder.java:addTable(110)) - using custom profile for table: deletedTable
2019-10-03 08:50:53,343 [main] INFO  db.DBStoreBuilder (DBStoreBuilder.java:processTables(161)) - Using default column profile:DBProfile.DISK for Table:deletedTable
2019-10-03 08:50:53,343 [main] INFO  db.DBStoreBuilder (DBStoreBuilder.java:addTable(110)) - using custom profile for table: openKeyTable
2019-10-03 08:50:53,343 [main] INFO  db.DBStoreBuilder (DBStoreBuilder.java:processTables(161)) - Using default column profile:DBProfile.DISK for Table:openKeyTable
2019-10-03 08:50:53,344 [main] INFO  db.DBStoreBuilder (DBStoreBuilder.java:addTable(110)) - using custom profile for table: s3Table
2019-10-03 08:50:53,344 [main] INFO  db.DBStoreBuilder (DBStoreBuilder.java:processTables(161)) - Using default column profile:DBProfile.DISK for Table:s3Table
2019-10-03 08:50:53,344 [main] INFO  db.DBStoreBuilder (DBStoreBuilder.java:addTable(110)) - using custom profile for table: multipartInfoTable
2019-10-03 08:50:53,344 [main] INFO  db.DBStoreBuilder (DBStoreBuilder.java:processTables(161)) - Using default column profile:DBProfile.DISK for Table:multipartInfoTable
2019-10-03 08:50:53,344 [main] INFO  db.DBStoreBuilder (DBStoreBuilder.java:addTable(110)) - using custom profile for table: dTokenTable
2019-10-03 08:50:53,345 [main] INFO  db.DBStoreBuilder (DBStoreBuilder.java:processTables(161)) - Using default column profile:DBProfile.DISK for Table:dTokenTable
2019-10-03 08:50:53,345 [main] INFO  db.DBStoreBuilder (DBStoreBuilder.java:addTable(110)) - using custom profile for table: s3SecretTable
2019-10-03 08:50:53,345 [main] INFO  db.DBStoreBuilder (DBStoreBuilder.java:processTables(161)) - Using default column profile:DBProfile.DISK for Table:s3SecretTable
2019-10-03 08:50:53,345 [main] INFO  db.DBStoreBuilder (DBStoreBuilder.java:addTable(110)) - using custom profile for table: prefixTable
2019-10-03 08:50:53,345 [main] INFO  db.DBStoreBuilder (DBStoreBuilder.java:processTables(161)) - Using default column profile:DBProfile.DISK for Table:prefixTable
2019-10-03 08:50:53,346 [main] INFO  db.DBStoreBuilder (DBStoreBuilder.java:addTable(110)) - using custom profile for table: default
2019-10-03 08:50:53,346 [main] INFO  db.DBStoreBuilder (DBStoreBuilder.java:processTables(167)) - Using default column profile:DBProfile.DISK for Table:default
2019-10-03 08:50:53,346 [main] INFO  db.DBStoreBuilder (DBStoreBuilder.java:getDbProfile(198)) - Using default options. DBProfile.DISK
2019-10-03 08:50:53,897 [main] INFO  ipc.CallQueueManager (CallQueueManager.java:<init>(84)) - Using callQueue: class java.util.concurrent.LinkedBlockingQueue, queueCapacity: 2000, scheduler: class org.apache.hadoop.ipc.DefaultRpcScheduler, ipcBackoff: false.
2019-10-03 08:50:53,898 [Socket Reader #1 for port 43054] INFO  ipc.Server (Server.java:run(1074)) - Starting Socket Reader #1 for port 43054
2019-10-03 08:50:53,911 [main] INFO  om.OzoneManager (OzoneManager.java:start(1069)) - OzoneManager RPC server is listening at localhost/127.0.0.1:43054
2019-10-03 08:50:53,911 [main] INFO  impl.MetricsSystemImpl (MetricsSystemImpl.java:init(158)) - OzoneManager metrics system started (again)
2019-10-03 08:50:53,912 [IPC Server Responder] INFO  ipc.Server (Server.java:run(1314)) - IPC Server Responder: starting
2019-10-03 08:50:53,913 [IPC Server listener on 43054] INFO  ipc.Server (Server.java:run(1153)) - IPC Server listener on 43054: starting
2019-10-03 08:50:53,917 [main] INFO  hdfs.DFSUtil (DFSUtil.java:httpServerTemplateForNNAndJN(1641)) - Starting Web-server for ozoneManager at: http://0.0.0.0:0
2019-10-03 08:50:53,919 [main] INFO  server.AuthenticationFilter (AuthenticationFilter.java:constructSecretProvider(240)) - Unable to initialize FileSignerSecretProvider, falling back to use random secrets.
2019-10-03 08:50:53,919 [main] WARN  http.HttpRequestLog (HttpRequestLog.java:getRequestLog(97)) - Jetty request log can only be enabled using Log4j
2019-10-03 08:50:53,921 [main] INFO  http.HttpServer2 (HttpServer2.java:addGlobalFilter(975)) - Added global filter 'safety' (class=org.apache.hadoop.http.HttpServer2$QuotingInputFilter)
2019-10-03 08:50:53,921 [main] INFO  http.HttpServer2 (HttpServer2.java:addFilter(948)) - Added filter static_user_filter (class=org.apache.hadoop.http.lib.StaticUserWebFilter$StaticUserFilter) to context ozoneManager
2019-10-03 08:50:53,922 [main] INFO  http.HttpServer2 (HttpServer2.java:addFilter(958)) - Added filter static_user_filter (class=org.apache.hadoop.http.lib.StaticUserWebFilter$StaticUserFilter) to context static
2019-10-03 08:50:53,922 [main] INFO  http.HttpServer2 (HttpServer2.java:addFilter(958)) - Added filter static_user_filter (class=org.apache.hadoop.http.lib.StaticUserWebFilter$StaticUserFilter) to context logs
2019-10-03 08:50:53,922 [main] INFO  http.HttpServer2 (HttpServer2.java:bindListener(1191)) - Jetty bound to port 41535
2019-10-03 08:50:53,923 [main] INFO  server.Server (Server.java:doStart(351)) - jetty-9.3.25.v20180904, build timestamp: 2018-09-04T21:11:46Z, git hash: 3ce520221d0240229c862b122d2b06c12a625732
2019-10-03 08:50:53,924 [main] INFO  handler.ContextHandler (ContextHandler.java:doStart(781)) - Started o.e.j.s.ServletContextHandler@43cb5f38{/logs,file:///workdir/hadoop-ozone/integration-test/target/log,AVAILABLE}
2019-10-03 08:50:53,925 [main] INFO  handler.ContextHandler (ContextHandler.java:doStart(781)) - Started o.e.j.s.ServletContextHandler@7944b8b4{/static,file:///workdir/hadoop-ozone/integration-test/target/test-classes/webapps/static,AVAILABLE}
2019-10-03 08:50:53,928 [main] INFO  handler.ContextHandler (ContextHandler.java:doStart(781)) - Started o.e.j.w.WebAppContext@5a515e5d{/,file:///workdir/hadoop-ozone/integration-test/target/test-classes/webapps/ozoneManager/,AVAILABLE}{/ozoneManager}
2019-10-03 08:50:53,929 [main] INFO  server.AbstractConnector (AbstractConnector.java:doStart(278)) - Started ServerConnector@423a0e1d{HTTP/1.1,[http/1.1]}{0.0.0.0:41535}
2019-10-03 08:50:53,930 [main] INFO  server.Server (Server.java:doStart(419)) - Started @133185ms
2019-10-03 08:50:53,930 [main] WARN  impl.MetricsSystemImpl (MetricsSystemImpl.java:register(276)) - Sink prometheus already exists!
2019-10-03 08:50:53,931 [main] INFO  server.BaseHttpServer (BaseHttpServer.java:updateConnectorAddress(215)) - HTTP server of OZONEMANAGER is listening at http://0.0.0.0:41535
2019-10-03 08:50:53,946 [main] INFO  impl.MetricsSystemImpl (MetricsSystemImpl.java:init(158)) - HddsDatanode metrics system started (again)
2019-10-03 08:50:53,949 [main] INFO  ozone.HddsDatanodeService (HddsDatanodeService.java:start(184)) - HddsDatanodeService host:pr-hdds-2234-ztsc4-2614151736 ip:192.168.151.103
2019-10-03 08:50:53,956 [main] INFO  volume.HddsVolume (HddsVolume.java:<init>(176)) - Creating Volume: /workdir/hadoop-ozone/integration-test/target/test-dir/MiniOzoneClusterImpl-2cc19e60-fd5d-47c1-947d-bf84e7590418/datanode-0/data/containers/hdds of  storage type : DISK and capacity : 1482555576320
2019-10-03 08:50:53,956 [main] INFO  volume.VolumeSet (VolumeSet.java:initializeVolumeSet(170)) - Added Volume : /workdir/hadoop-ozone/integration-test/target/test-dir/MiniOzoneClusterImpl-2cc19e60-fd5d-47c1-947d-bf84e7590418/datanode-0/data/containers/hdds to VolumeSet
2019-10-03 08:50:53,956 [main] INFO  volume.ThrottledAsyncChecker (ThrottledAsyncChecker.java:schedule(139)) - Scheduling a check for org.apache.hadoop.ozone.container.common.volume.HddsVolume@4751e8b9
2019-10-03 08:50:53,957 [main] INFO  volume.HddsVolumeChecker (HddsVolumeChecker.java:checkAllVolumes(202)) - Scheduled health check for volume org.apache.hadoop.ozone.container.common.volume.HddsVolume@4751e8b9
2019-10-03 08:50:53,972 [main] INFO  impl.RaftServerProxy (ConfUtils.java:logGet(43)) - raft.rpc.type = GRPC (default)
2019-10-03 08:50:53,972 [main] INFO  grpc.GrpcFactory (GrpcFactory.java:checkPooledByteBufAllocatorUseCacheForAllThreads(45)) - PERFORMANCE WARNING: useCacheForAllThreads is true that may cause Netty to create a lot garbage objects and, as a result, trigger GC.
	It is recommended to disable useCacheForAllThreads by setting -Dorg.apache.ratis.thirdparty.io.netty.allocator.useCacheForAllThreads=false in command line.
2019-10-03 08:50:53,973 [main] INFO  grpc.GrpcConfigKeys$Server (ConfUtils.java:logGet(43)) - raft.grpc.server.port = 0 (default)
2019-10-03 08:50:53,973 [main] INFO  server.GrpcService (ConfUtils.java:logGet(43)) - raft.grpc.message.size.max = 33570816 (custom)
2019-10-03 08:50:53,973 [main] INFO  server.RaftServerConfigKeys (ConfUtils.java:logGet(43)) - raft.server.log.appender.buffer.byte-limit = 33554432 (custom)
2019-10-03 08:50:53,973 [main] INFO  server.GrpcService (ConfUtils.java:logGet(43)) - raft.grpc.flow.control.window = 1MB (=1048576) (default)
2019-10-03 08:50:53,974 [main] INFO  server.RaftServerConfigKeys (ConfUtils.java:logGet(43)) - raft.server.rpc.request.timeout = 3000ms (default)
2019-10-03 08:50:53,974 [main] INFO  server.RaftServerConfigKeys (ConfUtils.java:logGet(43)) - raft.server.storage.dir = [/workdir/hadoop-ozone/integration-test/target/test-dir/MiniOzoneClusterImpl-2cc19e60-fd5d-47c1-947d-bf84e7590418/datanode-0/data/ratis] (custom)
2019-10-03 08:50:53,976 [main] INFO  hdfs.DFSUtil (DFSUtil.java:httpServerTemplateForNNAndJN(1641)) - Starting Web-server for hddsDatanode at: http://0.0.0.0:0
2019-10-03 08:50:53,977 [main] INFO  server.AuthenticationFilter (AuthenticationFilter.java:constructSecretProvider(240)) - Unable to initialize FileSignerSecretProvider, falling back to use random secrets.
2019-10-03 08:50:53,977 [main] WARN  http.HttpRequestLog (HttpRequestLog.java:getRequestLog(97)) - Jetty request log can only be enabled using Log4j
2019-10-03 08:50:53,979 [main] INFO  http.HttpServer2 (HttpServer2.java:addGlobalFilter(975)) - Added global filter 'safety' (class=org.apache.hadoop.http.HttpServer2$QuotingInputFilter)
2019-10-03 08:50:53,979 [main] INFO  http.HttpServer2 (HttpServer2.java:addFilter(948)) - Added filter static_user_filter (class=org.apache.hadoop.http.lib.StaticUserWebFilter$StaticUserFilter) to context hddsDatanode
2019-10-03 08:50:53,979 [main] INFO  http.HttpServer2 (HttpServer2.java:addFilter(958)) - Added filter static_user_filter (class=org.apache.hadoop.http.lib.StaticUserWebFilter$StaticUserFilter) to context static
2019-10-03 08:50:53,979 [main] INFO  http.HttpServer2 (HttpServer2.java:addFilter(958)) - Added filter static_user_filter (class=org.apache.hadoop.http.lib.StaticUserWebFilter$StaticUserFilter) to context logs
2019-10-03 08:50:53,980 [main] INFO  http.HttpServer2 (HttpServer2.java:bindListener(1191)) - Jetty bound to port 45091
2019-10-03 08:50:53,980 [main] INFO  server.Server (Server.java:doStart(351)) - jetty-9.3.25.v20180904, build timestamp: 2018-09-04T21:11:46Z, git hash: 3ce520221d0240229c862b122d2b06c12a625732
2019-10-03 08:50:53,982 [main] INFO  handler.ContextHandler (ContextHandler.java:doStart(781)) - Started o.e.j.s.ServletContextHandler@4cc65c2{/logs,file:///workdir/hadoop-ozone/integration-test/target/log,AVAILABLE}
2019-10-03 08:50:53,982 [main] INFO  handler.ContextHandler (ContextHandler.java:doStart(781)) - Started o.e.j.s.ServletContextHandler@6d672bd4{/static,jar:file:/home/user/.m2/repository/org/apache/hadoop/hadoop-hdds-container-service/0.5.0-SNAPSHOT/hadoop-hdds-container-service-0.5.0-SNAPSHOT.jar!/webapps/static,AVAILABLE}
2019-10-03 08:50:54,009 [main] INFO  handler.ContextHandler (ContextHandler.java:doStart(781)) - Started o.e.j.w.WebAppContext@6b1b19cf{/,file:///tmp/jetty-0.0.0.0-45091-hddsDatanode-_-any-8345164289838901913.dir/webapp/,AVAILABLE}{/hddsDatanode}
2019-10-03 08:50:54,009 [main] INFO  server.AbstractConnector (AbstractConnector.java:doStart(278)) - Started ServerConnector@6393bf8b{HTTP/1.1,[http/1.1]}{0.0.0.0:45091}
2019-10-03 08:50:54,011 [main] INFO  server.Server (Server.java:doStart(419)) - Started @133266ms
2019-10-03 08:50:54,011 [main] WARN  impl.MetricsSystemImpl (MetricsSystemImpl.java:register(276)) - Sink prometheus already exists!
2019-10-03 08:50:54,011 [main] INFO  server.BaseHttpServer (BaseHttpServer.java:updateConnectorAddress(215)) - HTTP server of HDDSDATANODE is listening at http://0.0.0.0:45091
2019-10-03 08:50:54,012 [main] INFO  impl.MetricsSystemImpl (MetricsSystemImpl.java:init(158)) - HddsDatanode metrics system started (again)
2019-10-03 08:50:54,014 [org.apache.hadoop.util.JvmPauseMonitor$Monitor@56c713dc] INFO  util.JvmPauseMonitor (JvmPauseMonitor.java:run(188)) - Starting JVM pause monitor
2019-10-03 08:50:54,014 [main] INFO  ozone.HddsDatanodeService (HddsDatanodeService.java:start(184)) - HddsDatanodeService host:pr-hdds-2234-ztsc4-2614151736 ip:192.168.151.103
2019-10-03 08:50:54,016 [Datanode State Machine Thread - 0] INFO  datanode.InitDatanodeState (InitDatanodeState.java:persistContainerDatanodeDetails(140)) - DatanodeDetails is persisted to /workdir/hadoop-ozone/integration-test/target/test-dir/MiniOzoneClusterImpl-2cc19e60-fd5d-47c1-947d-bf84e7590418/datanode-0/meta/datanode.id
2019-10-03 08:50:54,020 [main] INFO  volume.HddsVolume (HddsVolume.java:<init>(176)) - Creating Volume: /workdir/hadoop-ozone/integration-test/target/test-dir/MiniOzoneClusterImpl-2cc19e60-fd5d-47c1-947d-bf84e7590418/datanode-1/data/containers/hdds of  storage type : DISK and capacity : 1482555576320
2019-10-03 08:50:54,020 [main] INFO  volume.VolumeSet (VolumeSet.java:initializeVolumeSet(170)) - Added Volume : /workdir/hadoop-ozone/integration-test/target/test-dir/MiniOzoneClusterImpl-2cc19e60-fd5d-47c1-947d-bf84e7590418/datanode-1/data/containers/hdds to VolumeSet
2019-10-03 08:50:54,020 [main] INFO  volume.ThrottledAsyncChecker (ThrottledAsyncChecker.java:schedule(139)) - Scheduling a check for org.apache.hadoop.ozone.container.common.volume.HddsVolume@373e6b9d
2019-10-03 08:50:54,021 [main] INFO  volume.HddsVolumeChecker (HddsVolumeChecker.java:checkAllVolumes(202)) - Scheduled health check for volume org.apache.hadoop.ozone.container.common.volume.HddsVolume@373e6b9d
2019-10-03 08:50:54,032 [main] INFO  impl.RaftServerProxy (ConfUtils.java:logGet(43)) - raft.rpc.type = GRPC (default)
2019-10-03 08:50:54,032 [main] INFO  grpc.GrpcFactory (GrpcFactory.java:checkPooledByteBufAllocatorUseCacheForAllThreads(45)) - PERFORMANCE WARNING: useCacheForAllThreads is true that may cause Netty to create a lot garbage objects and, as a result, trigger GC.
	It is recommended to disable useCacheForAllThreads by setting -Dorg.apache.ratis.thirdparty.io.netty.allocator.useCacheForAllThreads=false in command line.
2019-10-03 08:50:54,032 [main] INFO  grpc.GrpcConfigKeys$Server (ConfUtils.java:logGet(43)) - raft.grpc.server.port = 0 (default)
2019-10-03 08:50:54,033 [main] INFO  server.GrpcService (ConfUtils.java:logGet(43)) - raft.grpc.message.size.max = 33570816 (custom)
2019-10-03 08:50:54,033 [main] INFO  server.RaftServerConfigKeys (ConfUtils.java:logGet(43)) - raft.server.log.appender.buffer.byte-limit = 33554432 (custom)
2019-10-03 08:50:54,033 [main] INFO  server.GrpcService (ConfUtils.java:logGet(43)) - raft.grpc.flow.control.window = 1MB (=1048576) (default)
2019-10-03 08:50:54,033 [main] INFO  server.RaftServerConfigKeys (ConfUtils.java:logGet(43)) - raft.server.rpc.request.timeout = 3000ms (default)
2019-10-03 08:50:54,033 [main] INFO  server.RaftServerConfigKeys (ConfUtils.java:logGet(43)) - raft.server.storage.dir = [/workdir/hadoop-ozone/integration-test/target/test-dir/MiniOzoneClusterImpl-2cc19e60-fd5d-47c1-947d-bf84e7590418/datanode-1/data/ratis] (custom)
2019-10-03 08:50:54,035 [main] INFO  hdfs.DFSUtil (DFSUtil.java:httpServerTemplateForNNAndJN(1641)) - Starting Web-server for hddsDatanode at: http://0.0.0.0:0
2019-10-03 08:50:54,039 [main] INFO  server.AuthenticationFilter (AuthenticationFilter.java:constructSecretProvider(240)) - Unable to initialize FileSignerSecretProvider, falling back to use random secrets.
2019-10-03 08:50:54,040 [main] WARN  http.HttpRequestLog (HttpRequestLog.java:getRequestLog(97)) - Jetty request log can only be enabled using Log4j
2019-10-03 08:50:54,041 [main] INFO  http.HttpServer2 (HttpServer2.java:addGlobalFilter(975)) - Added global filter 'safety' (class=org.apache.hadoop.http.HttpServer2$QuotingInputFilter)
2019-10-03 08:50:54,041 [main] INFO  http.HttpServer2 (HttpServer2.java:addFilter(948)) - Added filter static_user_filter (class=org.apache.hadoop.http.lib.StaticUserWebFilter$StaticUserFilter) to context hddsDatanode
2019-10-03 08:50:54,041 [main] INFO  http.HttpServer2 (HttpServer2.java:addFilter(958)) - Added filter static_user_filter (class=org.apache.hadoop.http.lib.StaticUserWebFilter$StaticUserFilter) to context static
2019-10-03 08:50:54,042 [main] INFO  http.HttpServer2 (HttpServer2.java:addFilter(958)) - Added filter static_user_filter (class=org.apache.hadoop.http.lib.StaticUserWebFilter$StaticUserFilter) to context logs
2019-10-03 08:50:54,042 [main] INFO  http.HttpServer2 (HttpServer2.java:bindListener(1191)) - Jetty bound to port 39266
2019-10-03 08:50:54,042 [main] INFO  server.Server (Server.java:doStart(351)) - jetty-9.3.25.v20180904, build timestamp: 2018-09-04T21:11:46Z, git hash: 3ce520221d0240229c862b122d2b06c12a625732
2019-10-03 08:50:54,044 [main] INFO  handler.ContextHandler (ContextHandler.java:doStart(781)) - Started o.e.j.s.ServletContextHandler@60743cdb{/logs,file:///workdir/hadoop-ozone/integration-test/target/log,AVAILABLE}
2019-10-03 08:50:54,044 [main] INFO  handler.ContextHandler (ContextHandler.java:doStart(781)) - Started o.e.j.s.ServletContextHandler@71179b6f{/static,jar:file:/home/user/.m2/repository/org/apache/hadoop/hadoop-hdds-container-service/0.5.0-SNAPSHOT/hadoop-hdds-container-service-0.5.0-SNAPSHOT.jar!/webapps/static,AVAILABLE}
2019-10-03 08:50:54,075 [main] INFO  handler.ContextHandler (ContextHandler.java:doStart(781)) - Started o.e.j.w.WebAppContext@58a84a12{/,file:///tmp/jetty-0.0.0.0-39266-hddsDatanode-_-any-4706052269183328974.dir/webapp/,AVAILABLE}{/hddsDatanode}
2019-10-03 08:50:54,076 [main] INFO  server.AbstractConnector (AbstractConnector.java:doStart(278)) - Started ServerConnector@e700eba{HTTP/1.1,[http/1.1]}{0.0.0.0:39266}
2019-10-03 08:50:54,081 [main] INFO  server.Server (Server.java:doStart(419)) - Started @133336ms
2019-10-03 08:50:54,081 [main] WARN  impl.MetricsSystemImpl (MetricsSystemImpl.java:register(276)) - Sink prometheus already exists!
2019-10-03 08:50:54,082 [main] INFO  server.BaseHttpServer (BaseHttpServer.java:updateConnectorAddress(215)) - HTTP server of HDDSDATANODE is listening at http://0.0.0.0:39266
2019-10-03 08:50:54,083 [main] INFO  impl.MetricsSystemImpl (MetricsSystemImpl.java:init(158)) - HddsDatanode metrics system started (again)
2019-10-03 08:50:54,085 [org.apache.hadoop.util.JvmPauseMonitor$Monitor@3ffd4f4e] INFO  util.JvmPauseMonitor (JvmPauseMonitor.java:run(188)) - Starting JVM pause monitor
2019-10-03 08:50:54,086 [main] INFO  ozone.HddsDatanodeService (HddsDatanodeService.java:start(184)) - HddsDatanodeService host:pr-hdds-2234-ztsc4-2614151736 ip:192.168.151.103
2019-10-03 08:50:54,088 [Datanode State Machine Thread - 0] INFO  datanode.InitDatanodeState (InitDatanodeState.java:persistContainerDatanodeDetails(140)) - DatanodeDetails is persisted to /workdir/hadoop-ozone/integration-test/target/test-dir/MiniOzoneClusterImpl-2cc19e60-fd5d-47c1-947d-bf84e7590418/datanode-1/meta/datanode.id
2019-10-03 08:50:54,092 [main] INFO  volume.HddsVolume (HddsVolume.java:<init>(176)) - Creating Volume: /workdir/hadoop-ozone/integration-test/target/test-dir/MiniOzoneClusterImpl-2cc19e60-fd5d-47c1-947d-bf84e7590418/datanode-2/data/containers/hdds of  storage type : DISK and capacity : 1482555576320
2019-10-03 08:50:54,092 [main] INFO  volume.VolumeSet (VolumeSet.java:initializeVolumeSet(170)) - Added Volume : /workdir/hadoop-ozone/integration-test/target/test-dir/MiniOzoneClusterImpl-2cc19e60-fd5d-47c1-947d-bf84e7590418/datanode-2/data/containers/hdds to VolumeSet
2019-10-03 08:50:54,092 [main] INFO  volume.ThrottledAsyncChecker (ThrottledAsyncChecker.java:schedule(139)) - Scheduling a check for org.apache.hadoop.ozone.container.common.volume.HddsVolume@706ceca6
2019-10-03 08:50:54,093 [main] INFO  volume.HddsVolumeChecker (HddsVolumeChecker.java:checkAllVolumes(202)) - Scheduled health check for volume org.apache.hadoop.ozone.container.common.volume.HddsVolume@706ceca6
2019-10-03 08:50:54,106 [main] INFO  impl.RaftServerProxy (ConfUtils.java:logGet(43)) - raft.rpc.type = GRPC (default)
2019-10-03 08:50:54,106 [main] INFO  grpc.GrpcFactory (GrpcFactory.java:checkPooledByteBufAllocatorUseCacheForAllThreads(45)) - PERFORMANCE WARNING: useCacheForAllThreads is true that may cause Netty to create a lot garbage objects and, as a result, trigger GC.
	It is recommended to disable useCacheForAllThreads by setting -Dorg.apache.ratis.thirdparty.io.netty.allocator.useCacheForAllThreads=false in command line.
2019-10-03 08:50:54,106 [main] INFO  grpc.GrpcConfigKeys$Server (ConfUtils.java:logGet(43)) - raft.grpc.server.port = 0 (default)
2019-10-03 08:50:54,107 [main] INFO  server.GrpcService (ConfUtils.java:logGet(43)) - raft.grpc.message.size.max = 33570816 (custom)
2019-10-03 08:50:54,107 [main] INFO  server.RaftServerConfigKeys (ConfUtils.java:logGet(43)) - raft.server.log.appender.buffer.byte-limit = 33554432 (custom)
2019-10-03 08:50:54,107 [main] INFO  server.GrpcService (ConfUtils.java:logGet(43)) - raft.grpc.flow.control.window = 1MB (=1048576) (default)
2019-10-03 08:50:54,108 [main] INFO  server.RaftServerConfigKeys (ConfUtils.java:logGet(43)) - raft.server.rpc.request.timeout = 3000ms (default)
2019-10-03 08:50:54,108 [main] INFO  server.RaftServerConfigKeys (ConfUtils.java:logGet(43)) - raft.server.storage.dir = [/workdir/hadoop-ozone/integration-test/target/test-dir/MiniOzoneClusterImpl-2cc19e60-fd5d-47c1-947d-bf84e7590418/datanode-2/data/ratis] (custom)
2019-10-03 08:50:54,110 [main] INFO  hdfs.DFSUtil (DFSUtil.java:httpServerTemplateForNNAndJN(1641)) - Starting Web-server for hddsDatanode at: http://0.0.0.0:0
2019-10-03 08:50:54,111 [main] INFO  server.AuthenticationFilter (AuthenticationFilter.java:constructSecretProvider(240)) - Unable to initialize FileSignerSecretProvider, falling back to use random secrets.
2019-10-03 08:50:54,111 [main] WARN  http.HttpRequestLog (HttpRequestLog.java:getRequestLog(97)) - Jetty request log can only be enabled using Log4j
2019-10-03 08:50:54,113 [main] INFO  http.HttpServer2 (HttpServer2.java:addGlobalFilter(975)) - Added global filter 'safety' (class=org.apache.hadoop.http.HttpServer2$QuotingInputFilter)
2019-10-03 08:50:54,113 [main] INFO  http.HttpServer2 (HttpServer2.java:addFilter(948)) - Added filter static_user_filter (class=org.apache.hadoop.http.lib.StaticUserWebFilter$StaticUserFilter) to context hddsDatanode
2019-10-03 08:50:54,113 [main] INFO  http.HttpServer2 (HttpServer2.java:addFilter(958)) - Added filter static_user_filter (class=org.apache.hadoop.http.lib.StaticUserWebFilter$StaticUserFilter) to context logs
2019-10-03 08:50:54,114 [main] INFO  http.HttpServer2 (HttpServer2.java:addFilter(958)) - Added filter static_user_filter (class=org.apache.hadoop.http.lib.StaticUserWebFilter$StaticUserFilter) to context static
2019-10-03 08:50:54,114 [main] INFO  http.HttpServer2 (HttpServer2.java:bindListener(1191)) - Jetty bound to port 36707
2019-10-03 08:50:54,114 [main] INFO  server.Server (Server.java:doStart(351)) - jetty-9.3.25.v20180904, build timestamp: 2018-09-04T21:11:46Z, git hash: 3ce520221d0240229c862b122d2b06c12a625732
2019-10-03 08:50:54,116 [main] INFO  handler.ContextHandler (ContextHandler.java:doStart(781)) - Started o.e.j.s.ServletContextHandler@6ecc02bb{/logs,file:///workdir/hadoop-ozone/integration-test/target/log,AVAILABLE}
2019-10-03 08:50:54,116 [main] INFO  handler.ContextHandler (ContextHandler.java:doStart(781)) - Started o.e.j.s.ServletContextHandler@65514add{/static,jar:file:/home/user/.m2/repository/org/apache/hadoop/hadoop-hdds-container-service/0.5.0-SNAPSHOT/hadoop-hdds-container-service-0.5.0-SNAPSHOT.jar!/webapps/static,AVAILABLE}
2019-10-03 08:50:54,145 [main] INFO  handler.ContextHandler (ContextHandler.java:doStart(781)) - Started o.e.j.w.WebAppContext@667dcaad{/,file:///tmp/jetty-0.0.0.0-36707-hddsDatanode-_-any-2309764841417384411.dir/webapp/,AVAILABLE}{/hddsDatanode}
2019-10-03 08:50:54,146 [main] INFO  server.AbstractConnector (AbstractConnector.java:doStart(278)) - Started ServerConnector@22d7fd41{HTTP/1.1,[http/1.1]}{0.0.0.0:36707}
2019-10-03 08:50:54,147 [main] INFO  server.Server (Server.java:doStart(419)) - Started @133402ms
2019-10-03 08:50:54,147 [main] WARN  impl.MetricsSystemImpl (MetricsSystemImpl.java:register(276)) - Sink prometheus already exists!
2019-10-03 08:50:54,147 [main] INFO  server.BaseHttpServer (BaseHttpServer.java:updateConnectorAddress(215)) - HTTP server of HDDSDATANODE is listening at http://0.0.0.0:36707
2019-10-03 08:50:54,148 [main] INFO  impl.MetricsSystemImpl (MetricsSystemImpl.java:init(158)) - HddsDatanode metrics system started (again)
2019-10-03 08:50:54,151 [main] INFO  ozone.HddsDatanodeService (HddsDatanodeService.java:start(184)) - HddsDatanodeService host:pr-hdds-2234-ztsc4-2614151736 ip:192.168.151.103
2019-10-03 08:50:54,151 [org.apache.hadoop.util.JvmPauseMonitor$Monitor@6f4393af] INFO  util.JvmPauseMonitor (JvmPauseMonitor.java:run(188)) - Starting JVM pause monitor
2019-10-03 08:50:54,153 [Datanode State Machine Thread - 0] INFO  datanode.InitDatanodeState (InitDatanodeState.java:persistContainerDatanodeDetails(140)) - DatanodeDetails is persisted to /workdir/hadoop-ozone/integration-test/target/test-dir/MiniOzoneClusterImpl-2cc19e60-fd5d-47c1-947d-bf84e7590418/datanode-2/meta/datanode.id
2019-10-03 08:50:54,157 [main] INFO  volume.HddsVolume (HddsVolume.java:<init>(176)) - Creating Volume: /workdir/hadoop-ozone/integration-test/target/test-dir/MiniOzoneClusterImpl-2cc19e60-fd5d-47c1-947d-bf84e7590418/datanode-3/data/containers/hdds of  storage type : DISK and capacity : 1482555576320
2019-10-03 08:50:54,157 [main] INFO  volume.VolumeSet (VolumeSet.java:initializeVolumeSet(170)) - Added Volume : /workdir/hadoop-ozone/integration-test/target/test-dir/MiniOzoneClusterImpl-2cc19e60-fd5d-47c1-947d-bf84e7590418/datanode-3/data/containers/hdds to VolumeSet
2019-10-03 08:50:54,158 [main] INFO  volume.ThrottledAsyncChecker (ThrottledAsyncChecker.java:schedule(139)) - Scheduling a check for org.apache.hadoop.ozone.container.common.volume.HddsVolume@68ab6ab0
2019-10-03 08:50:54,158 [main] INFO  volume.HddsVolumeChecker (HddsVolumeChecker.java:checkAllVolumes(202)) - Scheduled health check for volume org.apache.hadoop.ozone.container.common.volume.HddsVolume@68ab6ab0
2019-10-03 08:50:54,172 [main] INFO  impl.RaftServerProxy (ConfUtils.java:logGet(43)) - raft.rpc.type = GRPC (default)
2019-10-03 08:50:54,172 [main] INFO  grpc.GrpcFactory (GrpcFactory.java:checkPooledByteBufAllocatorUseCacheForAllThreads(45)) - PERFORMANCE WARNING: useCacheForAllThreads is true that may cause Netty to create a lot garbage objects and, as a result, trigger GC.
	It is recommended to disable useCacheForAllThreads by setting -Dorg.apache.ratis.thirdparty.io.netty.allocator.useCacheForAllThreads=false in command line.
2019-10-03 08:50:54,172 [main] INFO  grpc.GrpcConfigKeys$Server (ConfUtils.java:logGet(43)) - raft.grpc.server.port = 0 (default)
2019-10-03 08:50:54,172 [main] INFO  server.GrpcService (ConfUtils.java:logGet(43)) - raft.grpc.message.size.max = 33570816 (custom)
2019-10-03 08:50:54,173 [main] INFO  server.RaftServerConfigKeys (ConfUtils.java:logGet(43)) - raft.server.log.appender.buffer.byte-limit = 33554432 (custom)
2019-10-03 08:50:54,173 [main] INFO  server.GrpcService (ConfUtils.java:logGet(43)) - raft.grpc.flow.control.window = 1MB (=1048576) (default)
2019-10-03 08:50:54,173 [main] INFO  server.RaftServerConfigKeys (ConfUtils.java:logGet(43)) - raft.server.rpc.request.timeout = 3000ms (default)
2019-10-03 08:50:54,173 [main] INFO  server.RaftServerConfigKeys (ConfUtils.java:logGet(43)) - raft.server.storage.dir = [/workdir/hadoop-ozone/integration-test/target/test-dir/MiniOzoneClusterImpl-2cc19e60-fd5d-47c1-947d-bf84e7590418/datanode-3/data/ratis] (custom)
2019-10-03 08:50:54,174 [main] INFO  hdfs.DFSUtil (DFSUtil.java:httpServerTemplateForNNAndJN(1641)) - Starting Web-server for hddsDatanode at: http://0.0.0.0:0
2019-10-03 08:50:54,175 [main] INFO  server.AuthenticationFilter (AuthenticationFilter.java:constructSecretProvider(240)) - Unable to initialize FileSignerSecretProvider, falling back to use random secrets.
2019-10-03 08:50:54,176 [main] WARN  http.HttpRequestLog (HttpRequestLog.java:getRequestLog(97)) - Jetty request log can only be enabled using Log4j
2019-10-03 08:50:54,177 [main] INFO  http.HttpServer2 (HttpServer2.java:addGlobalFilter(975)) - Added global filter 'safety' (class=org.apache.hadoop.http.HttpServer2$QuotingInputFilter)
2019-10-03 08:50:54,178 [main] INFO  http.HttpServer2 (HttpServer2.java:addFilter(948)) - Added filter static_user_filter (class=org.apache.hadoop.http.lib.StaticUserWebFilter$StaticUserFilter) to context hddsDatanode
2019-10-03 08:50:54,178 [main] INFO  http.HttpServer2 (HttpServer2.java:addFilter(958)) - Added filter static_user_filter (class=org.apache.hadoop.http.lib.StaticUserWebFilter$StaticUserFilter) to context static
2019-10-03 08:50:54,178 [main] INFO  http.HttpServer2 (HttpServer2.java:addFilter(958)) - Added filter static_user_filter (class=org.apache.hadoop.http.lib.StaticUserWebFilter$StaticUserFilter) to context logs
2019-10-03 08:50:54,179 [main] INFO  http.HttpServer2 (HttpServer2.java:bindListener(1191)) - Jetty bound to port 41965
2019-10-03 08:50:54,179 [main] INFO  server.Server (Server.java:doStart(351)) - jetty-9.3.25.v20180904, build timestamp: 2018-09-04T21:11:46Z, git hash: 3ce520221d0240229c862b122d2b06c12a625732
2019-10-03 08:50:54,180 [main] INFO  handler.ContextHandler (ContextHandler.java:doStart(781)) - Started o.e.j.s.ServletContextHandler@7fda2001{/logs,file:///workdir/hadoop-ozone/integration-test/target/log,AVAILABLE}
2019-10-03 08:50:54,181 [main] INFO  handler.ContextHandler (ContextHandler.java:doStart(781)) - Started o.e.j.s.ServletContextHandler@21ae657b{/static,jar:file:/home/user/.m2/repository/org/apache/hadoop/hadoop-hdds-container-service/0.5.0-SNAPSHOT/hadoop-hdds-container-service-0.5.0-SNAPSHOT.jar!/webapps/static,AVAILABLE}
2019-10-03 08:50:54,209 [main] INFO  handler.ContextHandler (ContextHandler.java:doStart(781)) - Started o.e.j.w.WebAppContext@7bbfc5ff{/,file:///tmp/jetty-0.0.0.0-41965-hddsDatanode-_-any-947119280603817762.dir/webapp/,AVAILABLE}{/hddsDatanode}
2019-10-03 08:50:54,210 [main] INFO  server.AbstractConnector (AbstractConnector.java:doStart(278)) - Started ServerConnector@7a682d35{HTTP/1.1,[http/1.1]}{0.0.0.0:41965}
2019-10-03 08:50:54,211 [main] INFO  server.Server (Server.java:doStart(419)) - Started @133466ms
2019-10-03 08:50:54,211 [main] WARN  impl.MetricsSystemImpl (MetricsSystemImpl.java:register(276)) - Sink prometheus already exists!
2019-10-03 08:50:54,212 [main] INFO  server.BaseHttpServer (BaseHttpServer.java:updateConnectorAddress(215)) - HTTP server of HDDSDATANODE is listening at http://0.0.0.0:41965
2019-10-03 08:50:54,212 [main] INFO  impl.MetricsSystemImpl (MetricsSystemImpl.java:init(158)) - HddsDatanode metrics system started (again)
2019-10-03 08:50:54,215 [org.apache.hadoop.util.JvmPauseMonitor$Monitor@32ba5ac7] INFO  util.JvmPauseMonitor (JvmPauseMonitor.java:run(188)) - Starting JVM pause monitor
2019-10-03 08:50:54,216 [main] INFO  ozone.HddsDatanodeService (HddsDatanodeService.java:start(184)) - HddsDatanodeService host:pr-hdds-2234-ztsc4-2614151736 ip:192.168.151.103
2019-10-03 08:50:54,217 [Datanode State Machine Thread - 0] INFO  datanode.InitDatanodeState (InitDatanodeState.java:persistContainerDatanodeDetails(140)) - DatanodeDetails is persisted to /workdir/hadoop-ozone/integration-test/target/test-dir/MiniOzoneClusterImpl-2cc19e60-fd5d-47c1-947d-bf84e7590418/datanode-3/meta/datanode.id
2019-10-03 08:50:54,228 [main] INFO  volume.HddsVolume (HddsVolume.java:<init>(176)) - Creating Volume: /workdir/hadoop-ozone/integration-test/target/test-dir/MiniOzoneClusterImpl-2cc19e60-fd5d-47c1-947d-bf84e7590418/datanode-4/data/containers/hdds of  storage type : DISK and capacity : 1482555576320
2019-10-03 08:50:54,228 [main] INFO  volume.VolumeSet (VolumeSet.java:initializeVolumeSet(170)) - Added Volume : /workdir/hadoop-ozone/integration-test/target/test-dir/MiniOzoneClusterImpl-2cc19e60-fd5d-47c1-947d-bf84e7590418/datanode-4/data/containers/hdds to VolumeSet
2019-10-03 08:50:54,229 [main] INFO  volume.ThrottledAsyncChecker (ThrottledAsyncChecker.java:schedule(139)) - Scheduling a check for org.apache.hadoop.ozone.container.common.volume.HddsVolume@7e34b127
2019-10-03 08:50:54,229 [main] INFO  volume.HddsVolumeChecker (HddsVolumeChecker.java:checkAllVolumes(202)) - Scheduled health check for volume org.apache.hadoop.ozone.container.common.volume.HddsVolume@7e34b127
2019-10-03 08:50:54,242 [main] INFO  impl.RaftServerProxy (ConfUtils.java:logGet(43)) - raft.rpc.type = GRPC (default)
2019-10-03 08:50:54,243 [main] INFO  grpc.GrpcFactory (GrpcFactory.java:checkPooledByteBufAllocatorUseCacheForAllThreads(45)) - PERFORMANCE WARNING: useCacheForAllThreads is true that may cause Netty to create a lot garbage objects and, as a result, trigger GC.
	It is recommended to disable useCacheForAllThreads by setting -Dorg.apache.ratis.thirdparty.io.netty.allocator.useCacheForAllThreads=false in command line.
2019-10-03 08:50:54,243 [main] INFO  grpc.GrpcConfigKeys$Server (ConfUtils.java:logGet(43)) - raft.grpc.server.port = 0 (default)
2019-10-03 08:50:54,243 [main] INFO  server.GrpcService (ConfUtils.java:logGet(43)) - raft.grpc.message.size.max = 33570816 (custom)
2019-10-03 08:50:54,243 [main] INFO  server.RaftServerConfigKeys (ConfUtils.java:logGet(43)) - raft.server.log.appender.buffer.byte-limit = 33554432 (custom)
2019-10-03 08:50:54,243 [main] INFO  server.GrpcService (ConfUtils.java:logGet(43)) - raft.grpc.flow.control.window = 1MB (=1048576) (default)
2019-10-03 08:50:54,244 [main] INFO  server.RaftServerConfigKeys (ConfUtils.java:logGet(43)) - raft.server.rpc.request.timeout = 3000ms (default)
2019-10-03 08:50:54,244 [main] INFO  server.RaftServerConfigKeys (ConfUtils.java:logGet(43)) - raft.server.storage.dir = [/workdir/hadoop-ozone/integration-test/target/test-dir/MiniOzoneClusterImpl-2cc19e60-fd5d-47c1-947d-bf84e7590418/datanode-4/data/ratis] (custom)
2019-10-03 08:50:54,245 [main] INFO  hdfs.DFSUtil (DFSUtil.java:httpServerTemplateForNNAndJN(1641)) - Starting Web-server for hddsDatanode at: http://0.0.0.0:0
2019-10-03 08:50:54,246 [main] INFO  server.AuthenticationFilter (AuthenticationFilter.java:constructSecretProvider(240)) - Unable to initialize FileSignerSecretProvider, falling back to use random secrets.
2019-10-03 08:50:54,247 [main] WARN  http.HttpRequestLog (HttpRequestLog.java:getRequestLog(97)) - Jetty request log can only be enabled using Log4j
2019-10-03 08:50:54,248 [main] INFO  http.HttpServer2 (HttpServer2.java:addGlobalFilter(975)) - Added global filter 'safety' (class=org.apache.hadoop.http.HttpServer2$QuotingInputFilter)
2019-10-03 08:50:54,248 [main] INFO  http.HttpServer2 (HttpServer2.java:addFilter(948)) - Added filter static_user_filter (class=org.apache.hadoop.http.lib.StaticUserWebFilter$StaticUserFilter) to context hddsDatanode
2019-10-03 08:50:54,248 [main] INFO  http.HttpServer2 (HttpServer2.java:addFilter(958)) - Added filter static_user_filter (class=org.apache.hadoop.http.lib.StaticUserWebFilter$StaticUserFilter) to context static
2019-10-03 08:50:54,249 [main] INFO  http.HttpServer2 (HttpServer2.java:addFilter(958)) - Added filter static_user_filter (class=org.apache.hadoop.http.lib.StaticUserWebFilter$StaticUserFilter) to context logs
2019-10-03 08:50:54,249 [main] INFO  http.HttpServer2 (HttpServer2.java:bindListener(1191)) - Jetty bound to port 42115
2019-10-03 08:50:54,249 [main] INFO  server.Server (Server.java:doStart(351)) - jetty-9.3.25.v20180904, build timestamp: 2018-09-04T21:11:46Z, git hash: 3ce520221d0240229c862b122d2b06c12a625732
2019-10-03 08:50:54,251 [main] INFO  handler.ContextHandler (ContextHandler.java:doStart(781)) - Started o.e.j.s.ServletContextHandler@7a1b8a46{/logs,file:///workdir/hadoop-ozone/integration-test/target/log,AVAILABLE}
2019-10-03 08:50:54,251 [main] INFO  handler.ContextHandler (ContextHandler.java:doStart(781)) - Started o.e.j.s.ServletContextHandler@3d40a3b4{/static,jar:file:/home/user/.m2/repository/org/apache/hadoop/hadoop-hdds-container-service/0.5.0-SNAPSHOT/hadoop-hdds-container-service-0.5.0-SNAPSHOT.jar!/webapps/static,AVAILABLE}
2019-10-03 08:50:54,280 [main] INFO  handler.ContextHandler (ContextHandler.java:doStart(781)) - Started o.e.j.w.WebAppContext@e3b0369{/,file:///tmp/jetty-0.0.0.0-42115-hddsDatanode-_-any-6253247780364718703.dir/webapp/,AVAILABLE}{/hddsDatanode}
2019-10-03 08:50:54,280 [main] INFO  server.AbstractConnector (AbstractConnector.java:doStart(278)) - Started ServerConnector@45843650{HTTP/1.1,[http/1.1]}{0.0.0.0:42115}
2019-10-03 08:50:54,281 [main] INFO  server.Server (Server.java:doStart(419)) - Started @133537ms
2019-10-03 08:50:54,282 [main] WARN  impl.MetricsSystemImpl (MetricsSystemImpl.java:register(276)) - Sink prometheus already exists!
2019-10-03 08:50:54,282 [main] INFO  server.BaseHttpServer (BaseHttpServer.java:updateConnectorAddress(215)) - HTTP server of HDDSDATANODE is listening at http://0.0.0.0:42115
2019-10-03 08:50:54,283 [main] INFO  impl.MetricsSystemImpl (MetricsSystemImpl.java:init(158)) - HddsDatanode metrics system started (again)
2019-10-03 08:50:54,286 [org.apache.hadoop.util.JvmPauseMonitor$Monitor@5f8b346d] INFO  util.JvmPauseMonitor (JvmPauseMonitor.java:run(188)) - Starting JVM pause monitor
2019-10-03 08:50:54,286 [main] INFO  ozone.HddsDatanodeService (HddsDatanodeService.java:start(184)) - HddsDatanodeService host:pr-hdds-2234-ztsc4-2614151736 ip:192.168.151.103
2019-10-03 08:50:54,287 [Datanode State Machine Thread - 0] INFO  datanode.InitDatanodeState (InitDatanodeState.java:persistContainerDatanodeDetails(140)) - DatanodeDetails is persisted to /workdir/hadoop-ozone/integration-test/target/test-dir/MiniOzoneClusterImpl-2cc19e60-fd5d-47c1-947d-bf84e7590418/datanode-4/meta/datanode.id
2019-10-03 08:50:54,292 [main] INFO  volume.HddsVolume (HddsVolume.java:<init>(176)) - Creating Volume: /workdir/hadoop-ozone/integration-test/target/test-dir/MiniOzoneClusterImpl-2cc19e60-fd5d-47c1-947d-bf84e7590418/datanode-5/data/containers/hdds of  storage type : DISK and capacity : 1482555576320
2019-10-03 08:50:54,292 [main] INFO  volume.VolumeSet (VolumeSet.java:initializeVolumeSet(170)) - Added Volume : /workdir/hadoop-ozone/integration-test/target/test-dir/MiniOzoneClusterImpl-2cc19e60-fd5d-47c1-947d-bf84e7590418/datanode-5/data/containers/hdds to VolumeSet
2019-10-03 08:50:54,292 [main] INFO  volume.ThrottledAsyncChecker (ThrottledAsyncChecker.java:schedule(139)) - Scheduling a check for org.apache.hadoop.ozone.container.common.volume.HddsVolume@740b6628
2019-10-03 08:50:54,293 [main] INFO  volume.HddsVolumeChecker (HddsVolumeChecker.java:checkAllVolumes(202)) - Scheduled health check for volume org.apache.hadoop.ozone.container.common.volume.HddsVolume@740b6628
2019-10-03 08:50:54,305 [main] INFO  impl.RaftServerProxy (ConfUtils.java:logGet(43)) - raft.rpc.type = GRPC (default)
2019-10-03 08:50:54,305 [main] INFO  grpc.GrpcFactory (GrpcFactory.java:checkPooledByteBufAllocatorUseCacheForAllThreads(45)) - PERFORMANCE WARNING: useCacheForAllThreads is true that may cause Netty to create a lot garbage objects and, as a result, trigger GC.
	It is recommended to disable useCacheForAllThreads by setting -Dorg.apache.ratis.thirdparty.io.netty.allocator.useCacheForAllThreads=false in command line.
2019-10-03 08:50:54,305 [main] INFO  grpc.GrpcConfigKeys$Server (ConfUtils.java:logGet(43)) - raft.grpc.server.port = 0 (default)
2019-10-03 08:50:54,306 [main] INFO  server.GrpcService (ConfUtils.java:logGet(43)) - raft.grpc.message.size.max = 33570816 (custom)
2019-10-03 08:50:54,306 [main] INFO  server.RaftServerConfigKeys (ConfUtils.java:logGet(43)) - raft.server.log.appender.buffer.byte-limit = 33554432 (custom)
2019-10-03 08:50:54,306 [main] INFO  server.GrpcService (ConfUtils.java:logGet(43)) - raft.grpc.flow.control.window = 1MB (=1048576) (default)
2019-10-03 08:50:54,306 [main] INFO  server.RaftServerConfigKeys (ConfUtils.java:logGet(43)) - raft.server.rpc.request.timeout = 3000ms (default)
2019-10-03 08:50:54,307 [main] INFO  server.RaftServerConfigKeys (ConfUtils.java:logGet(43)) - raft.server.storage.dir = [/workdir/hadoop-ozone/integration-test/target/test-dir/MiniOzoneClusterImpl-2cc19e60-fd5d-47c1-947d-bf84e7590418/datanode-5/data/ratis] (custom)
2019-10-03 08:50:54,308 [main] INFO  hdfs.DFSUtil (DFSUtil.java:httpServerTemplateForNNAndJN(1641)) - Starting Web-server for hddsDatanode at: http://0.0.0.0:0
2019-10-03 08:50:54,309 [main] INFO  server.AuthenticationFilter (AuthenticationFilter.java:constructSecretProvider(240)) - Unable to initialize FileSignerSecretProvider, falling back to use random secrets.
2019-10-03 08:50:54,309 [main] WARN  http.HttpRequestLog (HttpRequestLog.java:getRequestLog(97)) - Jetty request log can only be enabled using Log4j
2019-10-03 08:50:54,310 [main] INFO  http.HttpServer2 (HttpServer2.java:addGlobalFilter(975)) - Added global filter 'safety' (class=org.apache.hadoop.http.HttpServer2$QuotingInputFilter)
2019-10-03 08:50:54,310 [main] INFO  http.HttpServer2 (HttpServer2.java:addFilter(948)) - Added filter static_user_filter (class=org.apache.hadoop.http.lib.StaticUserWebFilter$StaticUserFilter) to context hddsDatanode
2019-10-03 08:50:54,311 [main] INFO  http.HttpServer2 (HttpServer2.java:addFilter(958)) - Added filter static_user_filter (class=org.apache.hadoop.http.lib.StaticUserWebFilter$StaticUserFilter) to context logs
2019-10-03 08:50:54,311 [main] INFO  http.HttpServer2 (HttpServer2.java:addFilter(958)) - Added filter static_user_filter (class=org.apache.hadoop.http.lib.StaticUserWebFilter$StaticUserFilter) to context static
2019-10-03 08:50:54,311 [main] INFO  http.HttpServer2 (HttpServer2.java:bindListener(1191)) - Jetty bound to port 45186
2019-10-03 08:50:54,311 [main] INFO  server.Server (Server.java:doStart(351)) - jetty-9.3.25.v20180904, build timestamp: 2018-09-04T21:11:46Z, git hash: 3ce520221d0240229c862b122d2b06c12a625732
2019-10-03 08:50:54,313 [main] INFO  handler.ContextHandler (ContextHandler.java:doStart(781)) - Started o.e.j.s.ServletContextHandler@5d878b25{/logs,file:///workdir/hadoop-ozone/integration-test/target/log,AVAILABLE}
2019-10-03 08:50:54,314 [main] INFO  handler.ContextHandler (ContextHandler.java:doStart(781)) - Started o.e.j.s.ServletContextHandler@384fda47{/static,jar:file:/home/user/.m2/repository/org/apache/hadoop/hadoop-hdds-container-service/0.5.0-SNAPSHOT/hadoop-hdds-container-service-0.5.0-SNAPSHOT.jar!/webapps/static,AVAILABLE}
2019-10-03 08:50:54,341 [main] INFO  handler.ContextHandler (ContextHandler.java:doStart(781)) - Started o.e.j.w.WebAppContext@45e617c4{/,file:///tmp/jetty-0.0.0.0-45186-hddsDatanode-_-any-3497707373235754030.dir/webapp/,AVAILABLE}{/hddsDatanode}
2019-10-03 08:50:54,342 [main] INFO  server.AbstractConnector (AbstractConnector.java:doStart(278)) - Started ServerConnector@5042e3d0{HTTP/1.1,[http/1.1]}{0.0.0.0:45186}
2019-10-03 08:50:54,343 [main] INFO  server.Server (Server.java:doStart(419)) - Started @133598ms
2019-10-03 08:50:54,343 [main] WARN  impl.MetricsSystemImpl (MetricsSystemImpl.java:register(276)) - Sink prometheus already exists!
2019-10-03 08:50:54,343 [main] INFO  server.BaseHttpServer (BaseHttpServer.java:updateConnectorAddress(215)) - HTTP server of HDDSDATANODE is listening at http://0.0.0.0:45186
2019-10-03 08:50:54,344 [main] INFO  impl.MetricsSystemImpl (MetricsSystemImpl.java:init(158)) - HddsDatanode metrics system started (again)
2019-10-03 08:50:54,347 [main] INFO  ozone.HddsDatanodeService (HddsDatanodeService.java:start(184)) - HddsDatanodeService host:pr-hdds-2234-ztsc4-2614151736 ip:192.168.151.103
2019-10-03 08:50:54,347 [org.apache.hadoop.util.JvmPauseMonitor$Monitor@247853b9] INFO  util.JvmPauseMonitor (JvmPauseMonitor.java:run(188)) - Starting JVM pause monitor
2019-10-03 08:50:54,349 [Datanode State Machine Thread - 0] INFO  datanode.InitDatanodeState (InitDatanodeState.java:persistContainerDatanodeDetails(140)) - DatanodeDetails is persisted to /workdir/hadoop-ozone/integration-test/target/test-dir/MiniOzoneClusterImpl-2cc19e60-fd5d-47c1-947d-bf84e7590418/datanode-5/meta/datanode.id
2019-10-03 08:50:54,353 [main] INFO  volume.HddsVolume (HddsVolume.java:<init>(176)) - Creating Volume: /workdir/hadoop-ozone/integration-test/target/test-dir/MiniOzoneClusterImpl-2cc19e60-fd5d-47c1-947d-bf84e7590418/datanode-6/data/containers/hdds of  storage type : DISK and capacity : 1482555576320
2019-10-03 08:50:54,353 [main] INFO  volume.VolumeSet (VolumeSet.java:initializeVolumeSet(170)) - Added Volume : /workdir/hadoop-ozone/integration-test/target/test-dir/MiniOzoneClusterImpl-2cc19e60-fd5d-47c1-947d-bf84e7590418/datanode-6/data/containers/hdds to VolumeSet
2019-10-03 08:50:54,353 [main] INFO  volume.ThrottledAsyncChecker (ThrottledAsyncChecker.java:schedule(139)) - Scheduling a check for org.apache.hadoop.ozone.container.common.volume.HddsVolume@800d065
2019-10-03 08:50:54,353 [main] INFO  volume.HddsVolumeChecker (HddsVolumeChecker.java:checkAllVolumes(202)) - Scheduled health check for volume org.apache.hadoop.ozone.container.common.volume.HddsVolume@800d065
2019-10-03 08:50:54,366 [main] INFO  impl.RaftServerProxy (ConfUtils.java:logGet(43)) - raft.rpc.type = GRPC (default)
2019-10-03 08:50:54,366 [main] INFO  grpc.GrpcFactory (GrpcFactory.java:checkPooledByteBufAllocatorUseCacheForAllThreads(45)) - PERFORMANCE WARNING: useCacheForAllThreads is true that may cause Netty to create a lot garbage objects and, as a result, trigger GC.
	It is recommended to disable useCacheForAllThreads by setting -Dorg.apache.ratis.thirdparty.io.netty.allocator.useCacheForAllThreads=false in command line.
2019-10-03 08:50:54,366 [main] INFO  grpc.GrpcConfigKeys$Server (ConfUtils.java:logGet(43)) - raft.grpc.server.port = 0 (default)
2019-10-03 08:50:54,366 [main] INFO  server.GrpcService (ConfUtils.java:logGet(43)) - raft.grpc.message.size.max = 33570816 (custom)
2019-10-03 08:50:54,367 [main] INFO  server.RaftServerConfigKeys (ConfUtils.java:logGet(43)) - raft.server.log.appender.buffer.byte-limit = 33554432 (custom)
2019-10-03 08:50:54,367 [main] INFO  server.GrpcService (ConfUtils.java:logGet(43)) - raft.grpc.flow.control.window = 1MB (=1048576) (default)
2019-10-03 08:50:54,367 [main] INFO  server.RaftServerConfigKeys (ConfUtils.java:logGet(43)) - raft.server.rpc.request.timeout = 3000ms (default)
2019-10-03 08:50:54,367 [main] INFO  server.RaftServerConfigKeys (ConfUtils.java:logGet(43)) - raft.server.storage.dir = [/workdir/hadoop-ozone/integration-test/target/test-dir/MiniOzoneClusterImpl-2cc19e60-fd5d-47c1-947d-bf84e7590418/datanode-6/data/ratis] (custom)
2019-10-03 08:50:54,368 [main] INFO  hdfs.DFSUtil (DFSUtil.java:httpServerTemplateForNNAndJN(1641)) - Starting Web-server for hddsDatanode at: http://0.0.0.0:0
2019-10-03 08:50:54,370 [main] INFO  server.AuthenticationFilter (AuthenticationFilter.java:constructSecretProvider(240)) - Unable to initialize FileSignerSecretProvider, falling back to use random secrets.
2019-10-03 08:50:54,370 [main] WARN  http.HttpRequestLog (HttpRequestLog.java:getRequestLog(97)) - Jetty request log can only be enabled using Log4j
2019-10-03 08:50:54,371 [main] INFO  http.HttpServer2 (HttpServer2.java:addGlobalFilter(975)) - Added global filter 'safety' (class=org.apache.hadoop.http.HttpServer2$QuotingInputFilter)
2019-10-03 08:50:54,372 [main] INFO  http.HttpServer2 (HttpServer2.java:addFilter(948)) - Added filter static_user_filter (class=org.apache.hadoop.http.lib.StaticUserWebFilter$StaticUserFilter) to context hddsDatanode
2019-10-03 08:50:54,372 [main] INFO  http.HttpServer2 (HttpServer2.java:addFilter(958)) - Added filter static_user_filter (class=org.apache.hadoop.http.lib.StaticUserWebFilter$StaticUserFilter) to context static
2019-10-03 08:50:54,372 [main] INFO  http.HttpServer2 (HttpServer2.java:addFilter(958)) - Added filter static_user_filter (class=org.apache.hadoop.http.lib.StaticUserWebFilter$StaticUserFilter) to context logs
2019-10-03 08:50:54,372 [main] INFO  http.HttpServer2 (HttpServer2.java:bindListener(1191)) - Jetty bound to port 43084
2019-10-03 08:50:54,373 [main] INFO  server.Server (Server.java:doStart(351)) - jetty-9.3.25.v20180904, build timestamp: 2018-09-04T21:11:46Z, git hash: 3ce520221d0240229c862b122d2b06c12a625732
2019-10-03 08:50:54,374 [main] INFO  handler.ContextHandler (ContextHandler.java:doStart(781)) - Started o.e.j.s.ServletContextHandler@6b4125ed{/logs,file:///workdir/hadoop-ozone/integration-test/target/log,AVAILABLE}
2019-10-03 08:50:54,374 [main] INFO  handler.ContextHandler (ContextHandler.java:doStart(781)) - Started o.e.j.s.ServletContextHandler@e7b265e{/static,jar:file:/home/user/.m2/repository/org/apache/hadoop/hadoop-hdds-container-service/0.5.0-SNAPSHOT/hadoop-hdds-container-service-0.5.0-SNAPSHOT.jar!/webapps/static,AVAILABLE}
2019-10-03 08:50:54,403 [main] INFO  handler.ContextHandler (ContextHandler.java:doStart(781)) - Started o.e.j.w.WebAppContext@4f116ca2{/,file:///tmp/jetty-0.0.0.0-43084-hddsDatanode-_-any-2865682768742262027.dir/webapp/,AVAILABLE}{/hddsDatanode}
2019-10-03 08:50:54,403 [main] INFO  server.AbstractConnector (AbstractConnector.java:doStart(278)) - Started ServerConnector@125d47c4{HTTP/1.1,[http/1.1]}{0.0.0.0:43084}
2019-10-03 08:50:54,404 [main] INFO  server.Server (Server.java:doStart(419)) - Started @133659ms
2019-10-03 08:50:54,404 [main] WARN  impl.MetricsSystemImpl (MetricsSystemImpl.java:register(276)) - Sink prometheus already exists!
2019-10-03 08:50:54,405 [main] INFO  server.BaseHttpServer (BaseHttpServer.java:updateConnectorAddress(215)) - HTTP server of HDDSDATANODE is listening at http://0.0.0.0:43084
2019-10-03 08:50:54,405 [main] INFO  ozone.MiniOzoneClusterImpl (MiniOzoneClusterImpl.java:lambda$waitForClusterToBeReady$0(147)) - Waiting for cluster to be ready. Got 0 of 7 DN Heartbeats.
2019-10-03 08:50:54,406 [org.apache.hadoop.util.JvmPauseMonitor$Monitor@69f19b8f] INFO  util.JvmPauseMonitor (JvmPauseMonitor.java:run(188)) - Starting JVM pause monitor
2019-10-03 08:50:54,408 [Datanode State Machine Thread - 0] INFO  datanode.InitDatanodeState (InitDatanodeState.java:persistContainerDatanodeDetails(140)) - DatanodeDetails is persisted to /workdir/hadoop-ozone/integration-test/target/test-dir/MiniOzoneClusterImpl-2cc19e60-fd5d-47c1-947d-bf84e7590418/datanode-6/meta/datanode.id
2019-10-03 08:50:55,406 [main] INFO  ozone.MiniOzoneClusterImpl (MiniOzoneClusterImpl.java:lambda$waitForClusterToBeReady$0(147)) - Waiting for cluster to be ready. Got 0 of 7 DN Heartbeats.
2019-10-03 08:50:56,042 [Datanode State Machine Thread - 0] INFO  ozoneimpl.OzoneContainer (OzoneContainer.java:start(217)) - Attempting to start container services.
2019-10-03 08:50:56,043 [Datanode State Machine Thread - 0] INFO  ozoneimpl.OzoneContainer (OzoneContainer.java:startContainerScrub(179)) - Background container scanner has been disabled.
2019-10-03 08:50:56,043 [Datanode State Machine Thread - 0] INFO  ratis.XceiverServerRatis (XceiverServerRatis.java:start(417)) - Starting XceiverServerRatis 0fd4a3fd-1acf-4517-a260-f29a17e7fdef at port 0
2019-10-03 08:50:56,055 [Datanode State Machine Thread - 0] INFO  impl.RaftServerProxy (RaftServerProxy.java:lambda$start$3(299)) - 0fd4a3fd-1acf-4517-a260-f29a17e7fdef: start RPC server
2019-10-03 08:50:56,058 [Datanode State Machine Thread - 0] INFO  server.GrpcService (GrpcService.java:startImpl(158)) - 0fd4a3fd-1acf-4517-a260-f29a17e7fdef: GrpcService started, listening on 0.0.0.0/0.0.0.0:38568
2019-10-03 08:50:56,058 [Datanode State Machine Thread - 0] INFO  ratis.XceiverServerRatis (XceiverServerRatis.java:start(427)) - XceiverServerRatis 0fd4a3fd-1acf-4517-a260-f29a17e7fdef is started using port 38568
2019-10-03 08:50:56,059 [Datanode State Machine Thread - 0] INFO  server.XceiverServerGrpc (XceiverServerGrpc.java:start(149)) - XceiverServerGrpc 0fd4a3fd-1acf-4517-a260-f29a17e7fdef is started using port 41654
2019-10-03 08:50:56,102 [Datanode State Machine Thread - 0] INFO  ozoneimpl.OzoneContainer (OzoneContainer.java:start(217)) - Attempting to start container services.
2019-10-03 08:50:56,102 [Datanode State Machine Thread - 0] INFO  ozoneimpl.OzoneContainer (OzoneContainer.java:startContainerScrub(179)) - Background container scanner has been disabled.
2019-10-03 08:50:56,102 [Datanode State Machine Thread - 0] INFO  ratis.XceiverServerRatis (XceiverServerRatis.java:start(417)) - Starting XceiverServerRatis 44dfefca-9cc0-4191-be09-9e0ba236227c at port 0
2019-10-03 08:50:56,108 [Datanode State Machine Thread - 0] INFO  impl.RaftServerProxy (RaftServerProxy.java:lambda$start$3(299)) - 44dfefca-9cc0-4191-be09-9e0ba236227c: start RPC server
2019-10-03 08:50:56,108 [Datanode State Machine Thread - 0] INFO  server.GrpcService (GrpcService.java:startImpl(158)) - 44dfefca-9cc0-4191-be09-9e0ba236227c: GrpcService started, listening on 0.0.0.0/0.0.0.0:42619
2019-10-03 08:50:56,108 [Datanode State Machine Thread - 0] INFO  ratis.XceiverServerRatis (XceiverServerRatis.java:start(427)) - XceiverServerRatis 44dfefca-9cc0-4191-be09-9e0ba236227c is started using port 42619
2019-10-03 08:50:56,109 [Datanode State Machine Thread - 0] INFO  server.XceiverServerGrpc (XceiverServerGrpc.java:start(149)) - XceiverServerGrpc 44dfefca-9cc0-4191-be09-9e0ba236227c is started using port 42207
2019-10-03 08:50:56,164 [Datanode State Machine Thread - 0] INFO  ozoneimpl.OzoneContainer (OzoneContainer.java:start(217)) - Attempting to start container services.
2019-10-03 08:50:56,166 [Datanode State Machine Thread - 0] INFO  ozoneimpl.OzoneContainer (OzoneContainer.java:startContainerScrub(179)) - Background container scanner has been disabled.
2019-10-03 08:50:56,166 [Datanode State Machine Thread - 0] INFO  ratis.XceiverServerRatis (XceiverServerRatis.java:start(417)) - Starting XceiverServerRatis 576c1584-98eb-4342-a4b5-132ff6e862cb at port 0
2019-10-03 08:50:56,172 [Datanode State Machine Thread - 0] INFO  impl.RaftServerProxy (RaftServerProxy.java:lambda$start$3(299)) - 576c1584-98eb-4342-a4b5-132ff6e862cb: start RPC server
2019-10-03 08:50:56,173 [Datanode State Machine Thread - 0] INFO  server.GrpcService (GrpcService.java:startImpl(158)) - 576c1584-98eb-4342-a4b5-132ff6e862cb: GrpcService started, listening on 0.0.0.0/0.0.0.0:36834
2019-10-03 08:50:56,173 [Datanode State Machine Thread - 0] INFO  ratis.XceiverServerRatis (XceiverServerRatis.java:start(427)) - XceiverServerRatis 576c1584-98eb-4342-a4b5-132ff6e862cb is started using port 36834
2019-10-03 08:50:56,173 [Datanode State Machine Thread - 0] INFO  server.XceiverServerGrpc (XceiverServerGrpc.java:start(149)) - XceiverServerGrpc 576c1584-98eb-4342-a4b5-132ff6e862cb is started using port 41238
2019-10-03 08:50:56,229 [Datanode State Machine Thread - 0] INFO  ozoneimpl.OzoneContainer (OzoneContainer.java:start(217)) - Attempting to start container services.
2019-10-03 08:50:56,230 [Datanode State Machine Thread - 0] INFO  ozoneimpl.OzoneContainer (OzoneContainer.java:startContainerScrub(179)) - Background container scanner has been disabled.
2019-10-03 08:50:56,230 [Datanode State Machine Thread - 0] INFO  ratis.XceiverServerRatis (XceiverServerRatis.java:start(417)) - Starting XceiverServerRatis e9407f97-23af-4308-8bc6-fa91708f16c4 at port 0
2019-10-03 08:50:56,238 [Datanode State Machine Thread - 0] INFO  impl.RaftServerProxy (RaftServerProxy.java:lambda$start$3(299)) - e9407f97-23af-4308-8bc6-fa91708f16c4: start RPC server
2019-10-03 08:50:56,239 [Datanode State Machine Thread - 0] INFO  server.GrpcService (GrpcService.java:startImpl(158)) - e9407f97-23af-4308-8bc6-fa91708f16c4: GrpcService started, listening on 0.0.0.0/0.0.0.0:35203
2019-10-03 08:50:56,240 [Datanode State Machine Thread - 0] INFO  ratis.XceiverServerRatis (XceiverServerRatis.java:start(427)) - XceiverServerRatis e9407f97-23af-4308-8bc6-fa91708f16c4 is started using port 35203
2019-10-03 08:50:56,242 [Datanode State Machine Thread - 0] INFO  server.XceiverServerGrpc (XceiverServerGrpc.java:start(149)) - XceiverServerGrpc e9407f97-23af-4308-8bc6-fa91708f16c4 is started using port 32986
2019-10-03 08:50:56,300 [Datanode State Machine Thread - 0] INFO  ozoneimpl.OzoneContainer (OzoneContainer.java:start(217)) - Attempting to start container services.
2019-10-03 08:50:56,301 [Datanode State Machine Thread - 0] INFO  ozoneimpl.OzoneContainer (OzoneContainer.java:startContainerScrub(179)) - Background container scanner has been disabled.
2019-10-03 08:50:56,301 [Datanode State Machine Thread - 0] INFO  ratis.XceiverServerRatis (XceiverServerRatis.java:start(417)) - Starting XceiverServerRatis 75e78b3e-8e36-4489-93c9-68cf4c8c81e9 at port 0
2019-10-03 08:50:56,307 [Datanode State Machine Thread - 0] INFO  impl.RaftServerProxy (RaftServerProxy.java:lambda$start$3(299)) - 75e78b3e-8e36-4489-93c9-68cf4c8c81e9: start RPC server
2019-10-03 08:50:56,308 [Datanode State Machine Thread - 0] INFO  server.GrpcService (GrpcService.java:startImpl(158)) - 75e78b3e-8e36-4489-93c9-68cf4c8c81e9: GrpcService started, listening on 0.0.0.0/0.0.0.0:33283
2019-10-03 08:50:56,308 [Datanode State Machine Thread - 0] INFO  ratis.XceiverServerRatis (XceiverServerRatis.java:start(427)) - XceiverServerRatis 75e78b3e-8e36-4489-93c9-68cf4c8c81e9 is started using port 33283
2019-10-03 08:50:56,308 [Datanode State Machine Thread - 0] INFO  server.XceiverServerGrpc (XceiverServerGrpc.java:start(149)) - XceiverServerGrpc 75e78b3e-8e36-4489-93c9-68cf4c8c81e9 is started using port 40913
2019-10-03 08:50:56,373 [Datanode State Machine Thread - 0] INFO  ozoneimpl.OzoneContainer (OzoneContainer.java:start(217)) - Attempting to start container services.
2019-10-03 08:50:56,373 [Datanode State Machine Thread - 0] INFO  ozoneimpl.OzoneContainer (OzoneContainer.java:startContainerScrub(179)) - Background container scanner has been disabled.
2019-10-03 08:50:56,374 [Datanode State Machine Thread - 0] INFO  ratis.XceiverServerRatis (XceiverServerRatis.java:start(417)) - Starting XceiverServerRatis 87ef41a9-db54-4cda-b853-dafe1ad95ca5 at port 0
2019-10-03 08:50:56,381 [Datanode State Machine Thread - 0] INFO  impl.RaftServerProxy (RaftServerProxy.java:lambda$start$3(299)) - 87ef41a9-db54-4cda-b853-dafe1ad95ca5: start RPC server
2019-10-03 08:50:56,382 [Datanode State Machine Thread - 0] INFO  server.GrpcService (GrpcService.java:startImpl(158)) - 87ef41a9-db54-4cda-b853-dafe1ad95ca5: GrpcService started, listening on 0.0.0.0/0.0.0.0:46132
2019-10-03 08:50:56,382 [Datanode State Machine Thread - 0] INFO  ratis.XceiverServerRatis (XceiverServerRatis.java:start(427)) - XceiverServerRatis 87ef41a9-db54-4cda-b853-dafe1ad95ca5 is started using port 46132
2019-10-03 08:50:56,385 [Datanode State Machine Thread - 0] INFO  server.XceiverServerGrpc (XceiverServerGrpc.java:start(149)) - XceiverServerGrpc 87ef41a9-db54-4cda-b853-dafe1ad95ca5 is started using port 46053
2019-10-03 08:50:56,406 [main] INFO  ozone.MiniOzoneClusterImpl (MiniOzoneClusterImpl.java:lambda$waitForClusterToBeReady$0(147)) - Waiting for cluster to be ready. Got 0 of 7 DN Heartbeats.
2019-10-03 08:50:56,420 [Datanode State Machine Thread - 0] INFO  ozoneimpl.OzoneContainer (OzoneContainer.java:start(217)) - Attempting to start container services.
2019-10-03 08:50:56,420 [Datanode State Machine Thread - 0] INFO  ozoneimpl.OzoneContainer (OzoneContainer.java:startContainerScrub(179)) - Background container scanner has been disabled.
2019-10-03 08:50:56,420 [Datanode State Machine Thread - 0] INFO  ratis.XceiverServerRatis (XceiverServerRatis.java:start(417)) - Starting XceiverServerRatis ebb37600-79ef-4932-a8c4-1e1c66f326b8 at port 0
2019-10-03 08:50:56,428 [Datanode State Machine Thread - 0] INFO  impl.RaftServerProxy (RaftServerProxy.java:lambda$start$3(299)) - ebb37600-79ef-4932-a8c4-1e1c66f326b8: start RPC server
2019-10-03 08:50:56,431 [Datanode State Machine Thread - 0] INFO  server.GrpcService (GrpcService.java:startImpl(158)) - ebb37600-79ef-4932-a8c4-1e1c66f326b8: GrpcService started, listening on 0.0.0.0/0.0.0.0:34148
2019-10-03 08:50:56,431 [Datanode State Machine Thread - 0] INFO  ratis.XceiverServerRatis (XceiverServerRatis.java:start(427)) - XceiverServerRatis ebb37600-79ef-4932-a8c4-1e1c66f326b8 is started using port 34148
2019-10-03 08:50:56,433 [Datanode State Machine Thread - 0] INFO  server.XceiverServerGrpc (XceiverServerGrpc.java:start(149)) - XceiverServerGrpc ebb37600-79ef-4932-a8c4-1e1c66f326b8 is started using port 34725
2019-10-03 08:50:57,407 [main] INFO  ozone.MiniOzoneClusterImpl (MiniOzoneClusterImpl.java:lambda$waitForClusterToBeReady$0(147)) - Waiting for cluster to be ready. Got 0 of 7 DN Heartbeats.
2019-10-03 08:50:58,019 [IPC Server handler 2 on 35037] INFO  net.NetworkTopology (NetworkTopologyImpl.java:add(111)) - Added a new node: /default-rack/0fd4a3fd-1acf-4517-a260-f29a17e7fdef
2019-10-03 08:50:58,021 [IPC Server handler 2 on 35037] INFO  node.SCMNodeManager (SCMNodeManager.java:register(266)) - Registered Data node : 0fd4a3fd-1acf-4517-a260-f29a17e7fdef{ip: 192.168.151.103, host: pr-hdds-2234-ztsc4-2614151736, networkLocation: /default-rack, certSerialId: null}
2019-10-03 08:50:58,022 [EventQueue-NodeRegistrationContainerReportForDataNodeSafeModeRule] INFO  safemode.SCMSafeModeManager (DataNodeSafeModeRule.java:process(71)) - SCM in safe mode. 1 DataNodes registered, 1 required.
2019-10-03 08:50:58,025 [EventQueue-NodeRegistrationContainerReportForDataNodeSafeModeRule] INFO  safemode.SCMSafeModeManager (SCMSafeModeManager.java:validateSafeModeExitRules(177)) - ScmSafeModeManager, all rules are successfully validated
2019-10-03 08:50:58,025 [EventQueue-NodeRegistrationContainerReportForDataNodeSafeModeRule] INFO  safemode.SCMSafeModeManager (SCMSafeModeManager.java:exitSafeMode(193)) - SCM exiting safe mode.
2019-10-03 08:50:58,037 [grpc-default-executor-6] INFO  impl.RaftServerProxy (RaftServerProxy.java:addNew(89)) - 0fd4a3fd-1acf-4517-a260-f29a17e7fdef: addNew group-D3E41F32ACE6:[0fd4a3fd-1acf-4517-a260-f29a17e7fdef:192.168.151.103:38568] returns group-D3E41F32ACE6:java.util.concurrent.CompletableFuture@e28f2f0[Not completed]
2019-10-03 08:50:58,039 [pool-207-thread-1] INFO  impl.RaftServerImpl (RaftServerImpl.java:<init>(95)) - 0fd4a3fd-1acf-4517-a260-f29a17e7fdef: new RaftServerImpl for group-D3E41F32ACE6:[0fd4a3fd-1acf-4517-a260-f29a17e7fdef:192.168.151.103:38568] with ContainerStateMachine:uninitialized
2019-10-03 08:50:58,039 [pool-207-thread-1] INFO  server.RaftServerConfigKeys (ConfUtils.java:logGet(43)) - raft.server.rpc.timeout.min = 5s (custom)
2019-10-03 08:50:58,039 [pool-207-thread-1] INFO  server.RaftServerConfigKeys (ConfUtils.java:logGet(43)) - raft.server.rpc.timeout.max = 5200ms (custom)
2019-10-03 08:50:58,039 [pool-207-thread-1] INFO  server.RaftServerConfigKeys (ConfUtils.java:logGet(43)) - raft.server.rpcslowness.timeout = 120s (custom)
2019-10-03 08:50:58,040 [pool-207-thread-1] INFO  server.RaftServerConfigKeys (ConfUtils.java:logGet(43)) - raft.server.sleep.deviation.threshold = 300 (default)
2019-10-03 08:50:58,040 [pool-207-thread-1] INFO  server.RaftServerConfigKeys (ConfUtils.java:logGet(43)) - raft.server.log.appender.install.snapshot.enabled = false (custom)
2019-10-03 08:50:58,040 [pool-207-thread-1] INFO  impl.RaftServerImpl (ServerState.java:<init>(103)) - 0fd4a3fd-1acf-4517-a260-f29a17e7fdef@group-D3E41F32ACE6: ConfigurationManager, init=-1: [0fd4a3fd-1acf-4517-a260-f29a17e7fdef:192.168.151.103:38568], old=null, confs=<EMPTY_MAP>
2019-10-03 08:50:58,040 [pool-207-thread-1] INFO  server.RaftServerConfigKeys (ConfUtils.java:logGet(43)) - raft.server.storage.dir = [/workdir/hadoop-ozone/integration-test/target/test-dir/MiniOzoneClusterImpl-2cc19e60-fd5d-47c1-947d-bf84e7590418/datanode-0/data/ratis] (custom)
2019-10-03 08:50:58,040 [pool-207-thread-1] INFO  server.RaftServerConfigKeys (ConfUtils.java:logGet(43)) - raft.server.log.corruption.policy = EXCEPTION (default)
2019-10-03 08:50:58,041 [pool-207-thread-1] INFO  storage.RaftStorageDirectory (RaftStorageDirectory.java:analyzeStorage(246)) - The storage directory /workdir/hadoop-ozone/integration-test/target/test-dir/MiniOzoneClusterImpl-2cc19e60-fd5d-47c1-947d-bf84e7590418/datanode-0/data/ratis/a30105d9-a790-46b7-bb51-d3e41f32ace6 does not exist. Creating ...
2019-10-03 08:50:58,053 [pool-207-thread-1] INFO  storage.RaftStorageDirectory (RaftStorageDirectory.java:tryLock(328)) - Lock on /workdir/hadoop-ozone/integration-test/target/test-dir/MiniOzoneClusterImpl-2cc19e60-fd5d-47c1-947d-bf84e7590418/datanode-0/data/ratis/a30105d9-a790-46b7-bb51-d3e41f32ace6/in_use.lock acquired by nodename 24511@pr-hdds-2234-ztsc4-2614151736
2019-10-03 08:50:58,066 [pool-207-thread-1] INFO  storage.RaftStorage (RaftStorage.java:format(84)) - Storage directory /workdir/hadoop-ozone/integration-test/target/test-dir/MiniOzoneClusterImpl-2cc19e60-fd5d-47c1-947d-bf84e7590418/datanode-0/data/ratis/a30105d9-a790-46b7-bb51-d3e41f32ace6 has been successfully formatted.
2019-10-03 08:50:58,067 [pool-207-thread-1] INFO  ratis.ContainerStateMachine (ContainerStateMachine.java:loadSnapshot(230)) - group-D3E41F32ACE6: The snapshot info is null. Setting the last applied indexto:(t:0, i:~)
2019-10-03 08:50:58,067 [pool-207-thread-1] INFO  server.RaftServerConfigKeys (ConfUtils.java:logGet(43)) - raft.server.notification.no-leader.timeout = 120s (custom)
2019-10-03 08:50:58,067 [pool-207-thread-1] INFO  server.RaftServerConfigKeys (ConfUtils.java:logGet(43)) - raft.server.log.use.memory = false (default)
2019-10-03 08:50:58,067 [pool-207-thread-1] INFO  server.RaftServerConfigKeys (ConfUtils.java:logGet(43)) - raft.server.log.purge.gap = 1000000 (custom)
2019-10-03 08:50:58,067 [pool-207-thread-1] INFO  server.RaftServerConfigKeys (ConfUtils.java:logGet(43)) - raft.server.log.appender.buffer.byte-limit = 33554432 (custom)
2019-10-03 08:50:58,067 [pool-207-thread-1] INFO  server.RaftServerConfigKeys (ConfUtils.java:logGet(43)) - raft.server.log.segment.size.max = 1048576 (custom)
2019-10-03 08:50:58,070 [pool-207-thread-1] INFO  server.RaftServerConfigKeys (ConfUtils.java:logGet(43)) - raft.server.log.segment.cache.num.max = 2 (custom)
2019-10-03 08:50:58,070 [pool-207-thread-1] INFO  segmented.SegmentedRaftLogWorker (SegmentedRaftLogWorker.java:<init>(173)) - new 0fd4a3fd-1acf-4517-a260-f29a17e7fdef@group-D3E41F32ACE6-SegmentedRaftLogWorker for RaftStorage:Storage Directory /workdir/hadoop-ozone/integration-test/target/test-dir/MiniOzoneClusterImpl-2cc19e60-fd5d-47c1-947d-bf84e7590418/datanode-0/data/ratis/a30105d9-a790-46b7-bb51-d3e41f32ace6
2019-10-03 08:50:58,070 [pool-207-thread-1] INFO  server.RaftServerConfigKeys (ConfUtils.java:logGet(43)) - raft.server.log.queue.byte-limit = 2147483647 (custom)
2019-10-03 08:50:58,070 [pool-207-thread-1] INFO  server.RaftServerConfigKeys (ConfUtils.java:logGet(43)) - raft.server.log.queue.element-limit = 1024 (custom)
2019-10-03 08:50:58,070 [pool-207-thread-1] INFO  server.RaftServerConfigKeys (ConfUtils.java:logGet(43)) - raft.server.log.segment.size.max = 1048576 (custom)
2019-10-03 08:50:58,070 [pool-207-thread-1] INFO  server.RaftServerConfigKeys (ConfUtils.java:logGet(43)) - raft.server.log.preallocated.size = 16384 (custom)
2019-10-03 08:50:58,071 [pool-207-thread-1] INFO  server.RaftServerConfigKeys (ConfUtils.java:logGet(43)) - raft.server.log.write.buffer.size = 33554432 (custom)
2019-10-03 08:50:58,071 [pool-207-thread-1] INFO  server.RaftServerConfigKeys (ConfUtils.java:logGet(43)) - raft.server.log.force.sync.num = 128 (default)
2019-10-03 08:50:58,071 [pool-207-thread-1] INFO  server.RaftServerConfigKeys (ConfUtils.java:logGet(43)) - raft.server.log.statemachine.data.sync = true (default)
2019-10-03 08:50:58,071 [pool-207-thread-1] INFO  server.RaftServerConfigKeys (ConfUtils.java:logGet(43)) - raft.server.log.statemachine.data.sync.timeout = 10s (default)
2019-10-03 08:50:58,071 [pool-207-thread-1] INFO  server.RaftServerConfigKeys (ConfUtils.java:logGet(43)) - raft.server.log.statemachine.data.sync.timeout.retry = -1 (default)
2019-10-03 08:50:58,072 [pool-207-thread-1] INFO  server.RaftServerConfigKeys (ConfUtils.java:logGet(43)) - raft.server.log.statemachine.data.caching.enabled = true (custom)
2019-10-03 08:50:58,072 [pool-207-thread-1] INFO  segmented.SegmentedRaftLogWorker (SegmentedRaftLogWorker.java:lambda$new$0(128)) - 0fd4a3fd-1acf-4517-a260-f29a17e7fdef@group-D3E41F32ACE6-SegmentedRaftLogWorker: flushIndex: setUnconditionally 0 -> -1
2019-10-03 08:50:58,072 [pool-207-thread-1] INFO  server.RaftServerConfigKeys (ConfUtils.java:logGet(43)) - raft.server.snapshot.auto.trigger.enabled = true (custom)
2019-10-03 08:50:58,073 [pool-207-thread-1] INFO  server.RaftServerConfigKeys (ConfUtils.java:logGet(43)) - raft.server.snapshot.auto.trigger.threshold = 10000 (custom)
2019-10-03 08:50:58,073 [pool-207-thread-1] INFO  server.RaftServerConfigKeys (ConfUtils.java:logGet(43)) - raft.server.snapshot.retention.file.num = 5 (custom)
2019-10-03 08:50:58,073 [pool-207-thread-1] INFO  server.RaftServerConfigKeys (ConfUtils.java:logGet(43)) - raft.server.retrycache.expirytime = 600000ms (custom)
2019-10-03 08:50:58,074 [pool-207-thread-1] INFO  impl.RaftServerImpl (RaftServerImpl.java:start(181)) - 0fd4a3fd-1acf-4517-a260-f29a17e7fdef@group-D3E41F32ACE6: start as a follower, conf=-1: [0fd4a3fd-1acf-4517-a260-f29a17e7fdef:192.168.151.103:38568], old=null
2019-10-03 08:50:58,075 [pool-207-thread-1] INFO  impl.RaftServerImpl (RaftServerImpl.java:setRole(170)) - 0fd4a3fd-1acf-4517-a260-f29a17e7fdef@group-D3E41F32ACE6: changes role from      null to FOLLOWER at term 0 for startAsFollower
2019-10-03 08:50:58,075 [pool-207-thread-1] INFO  impl.RoleInfo (RoleInfo.java:updateAndGet(143)) - 0fd4a3fd-1acf-4517-a260-f29a17e7fdef: start FollowerState
2019-10-03 08:50:58,075 [pool-207-thread-1] INFO  util.JmxRegister (JmxRegister.java:tryRegister(44)) - Successfully registered JMX Bean with object name Ratis:service=RaftServer,group=group-D3E41F32ACE6,id=0fd4a3fd-1acf-4517-a260-f29a17e7fdef
2019-10-03 08:50:58,085 [RatisPipelineUtilsThread] INFO  pipeline.PipelineStateManager (PipelineStateManager.java:addPipeline(56)) - Created pipeline Pipeline[ Id: a30105d9-a790-46b7-bb51-d3e41f32ace6, Nodes: 0fd4a3fd-1acf-4517-a260-f29a17e7fdef{ip: 192.168.151.103, host: pr-hdds-2234-ztsc4-2614151736, networkLocation: /default-rack, certSerialId: null}, Type:RATIS, Factor:ONE, State:OPEN]
2019-10-03 08:50:58,088 [IPC Server handler 3 on 35037] INFO  net.NetworkTopology (NetworkTopologyImpl.java:add(111)) - Added a new node: /default-rack/44dfefca-9cc0-4191-be09-9e0ba236227c
2019-10-03 08:50:58,088 [IPC Server handler 3 on 35037] INFO  node.SCMNodeManager (SCMNodeManager.java:register(266)) - Registered Data node : 44dfefca-9cc0-4191-be09-9e0ba236227c{ip: 192.168.151.103, host: pr-hdds-2234-ztsc4-2614151736, networkLocation: /default-rack, certSerialId: null}
2019-10-03 08:50:58,112 [grpc-default-executor-6] INFO  impl.RaftServerProxy (RaftServerProxy.java:addNew(89)) - 44dfefca-9cc0-4191-be09-9e0ba236227c: addNew group-F361C660E5B3:[44dfefca-9cc0-4191-be09-9e0ba236227c:192.168.151.103:42619] returns group-F361C660E5B3:java.util.concurrent.CompletableFuture@71249a62[Not completed]
2019-10-03 08:50:58,113 [pool-217-thread-1] INFO  impl.RaftServerImpl (RaftServerImpl.java:<init>(95)) - 44dfefca-9cc0-4191-be09-9e0ba236227c: new RaftServerImpl for group-F361C660E5B3:[44dfefca-9cc0-4191-be09-9e0ba236227c:192.168.151.103:42619] with ContainerStateMachine:uninitialized
2019-10-03 08:50:58,113 [pool-217-thread-1] INFO  server.RaftServerConfigKeys (ConfUtils.java:logGet(43)) - raft.server.rpc.timeout.min = 5s (custom)
2019-10-03 08:50:58,114 [pool-217-thread-1] INFO  server.RaftServerConfigKeys (ConfUtils.java:logGet(43)) - raft.server.rpc.timeout.max = 5200ms (custom)
2019-10-03 08:50:58,114 [pool-217-thread-1] INFO  server.RaftServerConfigKeys (ConfUtils.java:logGet(43)) - raft.server.rpcslowness.timeout = 120s (custom)
2019-10-03 08:50:58,114 [pool-217-thread-1] INFO  server.RaftServerConfigKeys (ConfUtils.java:logGet(43)) - raft.server.sleep.deviation.threshold = 300 (default)
2019-10-03 08:50:58,114 [pool-217-thread-1] INFO  server.RaftServerConfigKeys (ConfUtils.java:logGet(43)) - raft.server.log.appender.install.snapshot.enabled = false (custom)
2019-10-03 08:50:58,114 [pool-217-thread-1] INFO  impl.RaftServerImpl (ServerState.java:<init>(103)) - 44dfefca-9cc0-4191-be09-9e0ba236227c@group-F361C660E5B3: ConfigurationManager, init=-1: [44dfefca-9cc0-4191-be09-9e0ba236227c:192.168.151.103:42619], old=null, confs=<EMPTY_MAP>
2019-10-03 08:50:58,115 [pool-217-thread-1] INFO  server.RaftServerConfigKeys (ConfUtils.java:logGet(43)) - raft.server.storage.dir = [/workdir/hadoop-ozone/integration-test/target/test-dir/MiniOzoneClusterImpl-2cc19e60-fd5d-47c1-947d-bf84e7590418/datanode-1/data/ratis] (custom)
2019-10-03 08:50:58,115 [pool-217-thread-1] INFO  server.RaftServerConfigKeys (ConfUtils.java:logGet(43)) - raft.server.log.corruption.policy = EXCEPTION (default)
2019-10-03 08:50:58,115 [pool-217-thread-1] INFO  storage.RaftStorageDirectory (RaftStorageDirectory.java:analyzeStorage(246)) - The storage directory /workdir/hadoop-ozone/integration-test/target/test-dir/MiniOzoneClusterImpl-2cc19e60-fd5d-47c1-947d-bf84e7590418/datanode-1/data/ratis/cab34ef2-6f0b-4c58-831a-f361c660e5b3 does not exist. Creating ...
2019-10-03 08:50:58,129 [pool-217-thread-1] INFO  storage.RaftStorageDirectory (RaftStorageDirectory.java:tryLock(328)) - Lock on /workdir/hadoop-ozone/integration-test/target/test-dir/MiniOzoneClusterImpl-2cc19e60-fd5d-47c1-947d-bf84e7590418/datanode-1/data/ratis/cab34ef2-6f0b-4c58-831a-f361c660e5b3/in_use.lock acquired by nodename 24511@pr-hdds-2234-ztsc4-2614151736
2019-10-03 08:50:58,142 [pool-217-thread-1] INFO  storage.RaftStorage (RaftStorage.java:format(84)) - Storage directory /workdir/hadoop-ozone/integration-test/target/test-dir/MiniOzoneClusterImpl-2cc19e60-fd5d-47c1-947d-bf84e7590418/datanode-1/data/ratis/cab34ef2-6f0b-4c58-831a-f361c660e5b3 has been successfully formatted.
2019-10-03 08:50:58,142 [pool-217-thread-1] INFO  ratis.ContainerStateMachine (ContainerStateMachine.java:loadSnapshot(230)) - group-F361C660E5B3: The snapshot info is null. Setting the last applied indexto:(t:0, i:~)
2019-10-03 08:50:58,142 [pool-217-thread-1] INFO  server.RaftServerConfigKeys (ConfUtils.java:logGet(43)) - raft.server.notification.no-leader.timeout = 120s (custom)
2019-10-03 08:50:58,142 [pool-217-thread-1] INFO  server.RaftServerConfigKeys (ConfUtils.java:logGet(43)) - raft.server.log.use.memory = false (default)
2019-10-03 08:50:58,142 [pool-217-thread-1] INFO  server.RaftServerConfigKeys (ConfUtils.java:logGet(43)) - raft.server.log.purge.gap = 1000000 (custom)
2019-10-03 08:50:58,142 [pool-217-thread-1] INFO  server.RaftServerConfigKeys (ConfUtils.java:logGet(43)) - raft.server.log.appender.buffer.byte-limit = 33554432 (custom)
2019-10-03 08:50:58,143 [pool-217-thread-1] INFO  server.RaftServerConfigKeys (ConfUtils.java:logGet(43)) - raft.server.log.segment.size.max = 1048576 (custom)
2019-10-03 08:50:58,144 [pool-217-thread-1] INFO  server.RaftServerConfigKeys (ConfUtils.java:logGet(43)) - raft.server.log.segment.cache.num.max = 2 (custom)
2019-10-03 08:50:58,144 [pool-217-thread-1] INFO  segmented.SegmentedRaftLogWorker (SegmentedRaftLogWorker.java:<init>(173)) - new 44dfefca-9cc0-4191-be09-9e0ba236227c@group-F361C660E5B3-SegmentedRaftLogWorker for RaftStorage:Storage Directory /workdir/hadoop-ozone/integration-test/target/test-dir/MiniOzoneClusterImpl-2cc19e60-fd5d-47c1-947d-bf84e7590418/datanode-1/data/ratis/cab34ef2-6f0b-4c58-831a-f361c660e5b3
2019-10-03 08:50:58,145 [pool-217-thread-1] INFO  server.RaftServerConfigKeys (ConfUtils.java:logGet(43)) - raft.server.log.queue.byte-limit = 2147483647 (custom)
2019-10-03 08:50:58,145 [pool-217-thread-1] INFO  server.RaftServerConfigKeys (ConfUtils.java:logGet(43)) - raft.server.log.queue.element-limit = 1024 (custom)
2019-10-03 08:50:58,145 [pool-217-thread-1] INFO  server.RaftServerConfigKeys (ConfUtils.java:logGet(43)) - raft.server.log.segment.size.max = 1048576 (custom)
2019-10-03 08:50:58,145 [pool-217-thread-1] INFO  server.RaftServerConfigKeys (ConfUtils.java:logGet(43)) - raft.server.log.preallocated.size = 16384 (custom)
2019-10-03 08:50:58,145 [pool-217-thread-1] INFO  server.RaftServerConfigKeys (ConfUtils.java:logGet(43)) - raft.server.log.write.buffer.size = 33554432 (custom)
2019-10-03 08:50:58,145 [pool-217-thread-1] INFO  server.RaftServerConfigKeys (ConfUtils.java:logGet(43)) - raft.server.log.force.sync.num = 128 (default)
2019-10-03 08:50:58,145 [pool-217-thread-1] INFO  server.RaftServerConfigKeys (ConfUtils.java:logGet(43)) - raft.server.log.statemachine.data.sync = true (default)
2019-10-03 08:50:58,145 [pool-217-thread-1] INFO  server.RaftServerConfigKeys (ConfUtils.java:logGet(43)) - raft.server.log.statemachine.data.sync.timeout = 10s (default)
2019-10-03 08:50:58,145 [pool-217-thread-1] INFO  server.RaftServerConfigKeys (ConfUtils.java:logGet(43)) - raft.server.log.statemachine.data.sync.timeout.retry = -1 (default)
2019-10-03 08:50:58,146 [pool-217-thread-1] INFO  server.RaftServerConfigKeys (ConfUtils.java:logGet(43)) - raft.server.log.statemachine.data.caching.enabled = true (custom)
2019-10-03 08:50:58,146 [pool-217-thread-1] INFO  segmented.SegmentedRaftLogWorker (SegmentedRaftLogWorker.java:lambda$new$0(128)) - 44dfefca-9cc0-4191-be09-9e0ba236227c@group-F361C660E5B3-SegmentedRaftLogWorker: flushIndex: setUnconditionally 0 -> -1
2019-10-03 08:50:58,146 [pool-217-thread-1] INFO  server.RaftServerConfigKeys (ConfUtils.java:logGet(43)) - raft.server.snapshot.auto.trigger.enabled = true (custom)
2019-10-03 08:50:58,146 [pool-217-thread-1] INFO  server.RaftServerConfigKeys (ConfUtils.java:logGet(43)) - raft.server.snapshot.auto.trigger.threshold = 10000 (custom)
2019-10-03 08:50:58,146 [pool-217-thread-1] INFO  server.RaftServerConfigKeys (ConfUtils.java:logGet(43)) - raft.server.snapshot.retention.file.num = 5 (custom)
2019-10-03 08:50:58,147 [pool-217-thread-1] INFO  server.RaftServerConfigKeys (ConfUtils.java:logGet(43)) - raft.server.retrycache.expirytime = 600000ms (custom)
2019-10-03 08:50:58,148 [pool-217-thread-1] INFO  impl.RaftServerImpl (RaftServerImpl.java:start(181)) - 44dfefca-9cc0-4191-be09-9e0ba236227c@group-F361C660E5B3: start as a follower, conf=-1: [44dfefca-9cc0-4191-be09-9e0ba236227c:192.168.151.103:42619], old=null
2019-10-03 08:50:58,148 [pool-217-thread-1] INFO  impl.RaftServerImpl (RaftServerImpl.java:setRole(170)) - 44dfefca-9cc0-4191-be09-9e0ba236227c@group-F361C660E5B3: changes role from      null to FOLLOWER at term 0 for startAsFollower
2019-10-03 08:50:58,148 [pool-217-thread-1] INFO  impl.RoleInfo (RoleInfo.java:updateAndGet(143)) - 44dfefca-9cc0-4191-be09-9e0ba236227c: start FollowerState
2019-10-03 08:50:58,149 [pool-217-thread-1] INFO  util.JmxRegister (JmxRegister.java:tryRegister(44)) - Successfully registered JMX Bean with object name Ratis:service=RaftServer,group=group-F361C660E5B3,id=44dfefca-9cc0-4191-be09-9e0ba236227c
2019-10-03 08:50:58,156 [IPC Server handler 4 on 35037] INFO  net.NetworkTopology (NetworkTopologyImpl.java:add(111)) - Added a new node: /default-rack/576c1584-98eb-4342-a4b5-132ff6e862cb
2019-10-03 08:50:58,156 [IPC Server handler 4 on 35037] INFO  node.SCMNodeManager (SCMNodeManager.java:register(266)) - Registered Data node : 576c1584-98eb-4342-a4b5-132ff6e862cb{ip: 192.168.151.103, host: pr-hdds-2234-ztsc4-2614151736, networkLocation: /default-rack, certSerialId: null}
2019-10-03 08:50:58,156 [RatisPipelineUtilsThread] INFO  pipeline.PipelineStateManager (PipelineStateManager.java:addPipeline(56)) - Created pipeline Pipeline[ Id: cab34ef2-6f0b-4c58-831a-f361c660e5b3, Nodes: 44dfefca-9cc0-4191-be09-9e0ba236227c{ip: 192.168.151.103, host: pr-hdds-2234-ztsc4-2614151736, networkLocation: /default-rack, certSerialId: null}, Type:RATIS, Factor:ONE, State:OPEN]
2019-10-03 08:50:58,169 [grpc-default-executor-6] INFO  impl.RaftServerProxy (RaftServerProxy.java:addNew(89)) - 576c1584-98eb-4342-a4b5-132ff6e862cb: addNew group-A64E3438B84A:[576c1584-98eb-4342-a4b5-132ff6e862cb:192.168.151.103:36834] returns group-A64E3438B84A:java.util.concurrent.CompletableFuture@cca620e[Not completed]
2019-10-03 08:50:58,170 [pool-227-thread-1] INFO  impl.RaftServerImpl (RaftServerImpl.java:<init>(95)) - 576c1584-98eb-4342-a4b5-132ff6e862cb: new RaftServerImpl for group-A64E3438B84A:[576c1584-98eb-4342-a4b5-132ff6e862cb:192.168.151.103:36834] with ContainerStateMachine:uninitialized
2019-10-03 08:50:58,170 [pool-227-thread-1] INFO  server.RaftServerConfigKeys (ConfUtils.java:logGet(43)) - raft.server.rpc.timeout.min = 5s (custom)
2019-10-03 08:50:58,170 [pool-227-thread-1] INFO  server.RaftServerConfigKeys (ConfUtils.java:logGet(43)) - raft.server.rpc.timeout.max = 5200ms (custom)
2019-10-03 08:50:58,170 [pool-227-thread-1] INFO  server.RaftServerConfigKeys (ConfUtils.java:logGet(43)) - raft.server.rpcslowness.timeout = 120s (custom)
2019-10-03 08:50:58,170 [pool-227-thread-1] INFO  server.RaftServerConfigKeys (ConfUtils.java:logGet(43)) - raft.server.sleep.deviation.threshold = 300 (default)
2019-10-03 08:50:58,171 [pool-227-thread-1] INFO  server.RaftServerConfigKeys (ConfUtils.java:logGet(43)) - raft.server.log.appender.install.snapshot.enabled = false (custom)
2019-10-03 08:50:58,171 [pool-227-thread-1] INFO  impl.RaftServerImpl (ServerState.java:<init>(103)) - 576c1584-98eb-4342-a4b5-132ff6e862cb@group-A64E3438B84A: ConfigurationManager, init=-1: [576c1584-98eb-4342-a4b5-132ff6e862cb:192.168.151.103:36834], old=null, confs=<EMPTY_MAP>
2019-10-03 08:50:58,171 [pool-227-thread-1] INFO  server.RaftServerConfigKeys (ConfUtils.java:logGet(43)) - raft.server.storage.dir = [/workdir/hadoop-ozone/integration-test/target/test-dir/MiniOzoneClusterImpl-2cc19e60-fd5d-47c1-947d-bf84e7590418/datanode-2/data/ratis] (custom)
2019-10-03 08:50:58,171 [pool-227-thread-1] INFO  server.RaftServerConfigKeys (ConfUtils.java:logGet(43)) - raft.server.log.corruption.policy = EXCEPTION (default)
2019-10-03 08:50:58,171 [pool-227-thread-1] INFO  storage.RaftStorageDirectory (RaftStorageDirectory.java:analyzeStorage(246)) - The storage directory /workdir/hadoop-ozone/integration-test/target/test-dir/MiniOzoneClusterImpl-2cc19e60-fd5d-47c1-947d-bf84e7590418/datanode-2/data/ratis/4a4592df-2974-41b7-965d-a64e3438b84a does not exist. Creating ...
2019-10-03 08:50:58,184 [pool-227-thread-1] INFO  storage.RaftStorageDirectory (RaftStorageDirectory.java:tryLock(328)) - Lock on /workdir/hadoop-ozone/integration-test/target/test-dir/MiniOzoneClusterImpl-2cc19e60-fd5d-47c1-947d-bf84e7590418/datanode-2/data/ratis/4a4592df-2974-41b7-965d-a64e3438b84a/in_use.lock acquired by nodename 24511@pr-hdds-2234-ztsc4-2614151736
2019-10-03 08:50:58,196 [pool-227-thread-1] INFO  storage.RaftStorage (RaftStorage.java:format(84)) - Storage directory /workdir/hadoop-ozone/integration-test/target/test-dir/MiniOzoneClusterImpl-2cc19e60-fd5d-47c1-947d-bf84e7590418/datanode-2/data/ratis/4a4592df-2974-41b7-965d-a64e3438b84a has been successfully formatted.
2019-10-03 08:50:58,197 [pool-227-thread-1] INFO  ratis.ContainerStateMachine (ContainerStateMachine.java:loadSnapshot(230)) - group-A64E3438B84A: The snapshot info is null. Setting the last applied indexto:(t:0, i:~)
2019-10-03 08:50:58,197 [pool-227-thread-1] INFO  server.RaftServerConfigKeys (ConfUtils.java:logGet(43)) - raft.server.notification.no-leader.timeout = 120s (custom)
2019-10-03 08:50:58,197 [pool-227-thread-1] INFO  server.RaftServerConfigKeys (ConfUtils.java:logGet(43)) - raft.server.log.use.memory = false (default)
2019-10-03 08:50:58,197 [pool-227-thread-1] INFO  server.RaftServerConfigKeys (ConfUtils.java:logGet(43)) - raft.server.log.purge.gap = 1000000 (custom)
2019-10-03 08:50:58,197 [pool-227-thread-1] INFO  server.RaftServerConfigKeys (ConfUtils.java:logGet(43)) - raft.server.log.appender.buffer.byte-limit = 33554432 (custom)
2019-10-03 08:50:58,198 [pool-227-thread-1] INFO  server.RaftServerConfigKeys (ConfUtils.java:logGet(43)) - raft.server.log.segment.size.max = 1048576 (custom)
2019-10-03 08:50:58,199 [pool-227-thread-1] INFO  server.RaftServerConfigKeys (ConfUtils.java:logGet(43)) - raft.server.log.segment.cache.num.max = 2 (custom)
2019-10-03 08:50:58,199 [pool-227-thread-1] INFO  segmented.SegmentedRaftLogWorker (SegmentedRaftLogWorker.java:<init>(173)) - new 576c1584-98eb-4342-a4b5-132ff6e862cb@group-A64E3438B84A-SegmentedRaftLogWorker for RaftStorage:Storage Directory /workdir/hadoop-ozone/integration-test/target/test-dir/MiniOzoneClusterImpl-2cc19e60-fd5d-47c1-947d-bf84e7590418/datanode-2/data/ratis/4a4592df-2974-41b7-965d-a64e3438b84a
2019-10-03 08:50:58,199 [pool-227-thread-1] INFO  server.RaftServerConfigKeys (ConfUtils.java:logGet(43)) - raft.server.log.queue.byte-limit = 2147483647 (custom)
2019-10-03 08:50:58,200 [pool-227-thread-1] INFO  server.RaftServerConfigKeys (ConfUtils.java:logGet(43)) - raft.server.log.queue.element-limit = 1024 (custom)
2019-10-03 08:50:58,200 [pool-227-thread-1] INFO  server.RaftServerConfigKeys (ConfUtils.java:logGet(43)) - raft.server.log.segment.size.max = 1048576 (custom)
2019-10-03 08:50:58,200 [pool-227-thread-1] INFO  server.RaftServerConfigKeys (ConfUtils.java:logGet(43)) - raft.server.log.preallocated.size = 16384 (custom)
2019-10-03 08:50:58,200 [pool-227-thread-1] INFO  server.RaftServerConfigKeys (ConfUtils.java:logGet(43)) - raft.server.log.write.buffer.size = 33554432 (custom)
2019-10-03 08:50:58,200 [pool-227-thread-1] INFO  server.RaftServerConfigKeys (ConfUtils.java:logGet(43)) - raft.server.log.force.sync.num = 128 (default)
2019-10-03 08:50:58,200 [pool-227-thread-1] INFO  server.RaftServerConfigKeys (ConfUtils.java:logGet(43)) - raft.server.log.statemachine.data.sync = true (default)
2019-10-03 08:50:58,200 [pool-227-thread-1] INFO  server.RaftServerConfigKeys (ConfUtils.java:logGet(43)) - raft.server.log.statemachine.data.sync.timeout = 10s (default)
2019-10-03 08:50:58,200 [pool-227-thread-1] INFO  server.RaftServerConfigKeys (ConfUtils.java:logGet(43)) - raft.server.log.statemachine.data.sync.timeout.retry = -1 (default)
2019-10-03 08:50:58,201 [pool-227-thread-1] INFO  server.RaftServerConfigKeys (ConfUtils.java:logGet(43)) - raft.server.log.statemachine.data.caching.enabled = true (custom)
2019-10-03 08:50:58,201 [pool-227-thread-1] INFO  segmented.SegmentedRaftLogWorker (SegmentedRaftLogWorker.java:lambda$new$0(128)) - 576c1584-98eb-4342-a4b5-132ff6e862cb@group-A64E3438B84A-SegmentedRaftLogWorker: flushIndex: setUnconditionally 0 -> -1
2019-10-03 08:50:58,201 [pool-227-thread-1] INFO  server.RaftServerConfigKeys (ConfUtils.java:logGet(43)) - raft.server.snapshot.auto.trigger.enabled = true (custom)
2019-10-03 08:50:58,201 [pool-227-thread-1] INFO  server.RaftServerConfigKeys (ConfUtils.java:logGet(43)) - raft.server.snapshot.auto.trigger.threshold = 10000 (custom)
2019-10-03 08:50:58,201 [pool-227-thread-1] INFO  server.RaftServerConfigKeys (ConfUtils.java:logGet(43)) - raft.server.snapshot.retention.file.num = 5 (custom)
2019-10-03 08:50:58,202 [pool-227-thread-1] INFO  server.RaftServerConfigKeys (ConfUtils.java:logGet(43)) - raft.server.retrycache.expirytime = 600000ms (custom)
2019-10-03 08:50:58,203 [pool-227-thread-1] INFO  impl.RaftServerImpl (RaftServerImpl.java:start(181)) - 576c1584-98eb-4342-a4b5-132ff6e862cb@group-A64E3438B84A: start as a follower, conf=-1: [576c1584-98eb-4342-a4b5-132ff6e862cb:192.168.151.103:36834], old=null
2019-10-03 08:50:58,203 [pool-227-thread-1] INFO  impl.RaftServerImpl (RaftServerImpl.java:setRole(170)) - 576c1584-98eb-4342-a4b5-132ff6e862cb@group-A64E3438B84A: changes role from      null to FOLLOWER at term 0 for startAsFollower
2019-10-03 08:50:58,203 [pool-227-thread-1] INFO  impl.RoleInfo (RoleInfo.java:updateAndGet(143)) - 576c1584-98eb-4342-a4b5-132ff6e862cb: start FollowerState
2019-10-03 08:50:58,203 [pool-227-thread-1] INFO  util.JmxRegister (JmxRegister.java:tryRegister(44)) - Successfully registered JMX Bean with object name Ratis:service=RaftServer,group=group-A64E3438B84A,id=576c1584-98eb-4342-a4b5-132ff6e862cb
2019-10-03 08:50:58,210 [RatisPipelineUtilsThread] INFO  pipeline.PipelineStateManager (PipelineStateManager.java:addPipeline(56)) - Created pipeline Pipeline[ Id: 4a4592df-2974-41b7-965d-a64e3438b84a, Nodes: 576c1584-98eb-4342-a4b5-132ff6e862cb{ip: 192.168.151.103, host: pr-hdds-2234-ztsc4-2614151736, networkLocation: /default-rack, certSerialId: null}, Type:RATIS, Factor:ONE, State:OPEN]
2019-10-03 08:50:58,220 [IPC Server handler 5 on 35037] INFO  net.NetworkTopology (NetworkTopologyImpl.java:add(111)) - Added a new node: /default-rack/e9407f97-23af-4308-8bc6-fa91708f16c4
2019-10-03 08:50:58,220 [IPC Server handler 5 on 35037] INFO  node.SCMNodeManager (SCMNodeManager.java:register(266)) - Registered Data node : e9407f97-23af-4308-8bc6-fa91708f16c4{ip: 192.168.151.103, host: pr-hdds-2234-ztsc4-2614151736, networkLocation: /default-rack, certSerialId: null}
2019-10-03 08:50:58,223 [grpc-default-executor-3] INFO  impl.RaftServerProxy (RaftServerProxy.java:addNew(89)) - 576c1584-98eb-4342-a4b5-132ff6e862cb: addNew group-A4E22CE81F32:[44dfefca-9cc0-4191-be09-9e0ba236227c:192.168.151.103:42619, 576c1584-98eb-4342-a4b5-132ff6e862cb:192.168.151.103:36834, 0fd4a3fd-1acf-4517-a260-f29a17e7fdef:192.168.151.103:38568] returns group-A4E22CE81F32:java.util.concurrent.CompletableFuture@a6269ce[Not completed]
2019-10-03 08:50:58,227 [grpc-default-executor-3] INFO  impl.RaftServerProxy (RaftServerProxy.java:addNew(89)) - 44dfefca-9cc0-4191-be09-9e0ba236227c: addNew group-A4E22CE81F32:[44dfefca-9cc0-4191-be09-9e0ba236227c:192.168.151.103:42619, 576c1584-98eb-4342-a4b5-132ff6e862cb:192.168.151.103:36834, 0fd4a3fd-1acf-4517-a260-f29a17e7fdef:192.168.151.103:38568] returns group-A4E22CE81F32:java.util.concurrent.CompletableFuture@7c02a151[Not completed]
2019-10-03 08:50:58,227 [pool-227-thread-1] INFO  impl.RaftServerImpl (RaftServerImpl.java:<init>(95)) - 576c1584-98eb-4342-a4b5-132ff6e862cb: new RaftServerImpl for group-A4E22CE81F32:[44dfefca-9cc0-4191-be09-9e0ba236227c:192.168.151.103:42619, 576c1584-98eb-4342-a4b5-132ff6e862cb:192.168.151.103:36834, 0fd4a3fd-1acf-4517-a260-f29a17e7fdef:192.168.151.103:38568] with ContainerStateMachine:uninitialized
2019-10-03 08:50:58,230 [pool-227-thread-1] INFO  server.RaftServerConfigKeys (ConfUtils.java:logGet(43)) - raft.server.rpc.timeout.min = 5s (custom)
2019-10-03 08:50:58,230 [pool-227-thread-1] INFO  server.RaftServerConfigKeys (ConfUtils.java:logGet(43)) - raft.server.rpc.timeout.max = 5200ms (custom)
2019-10-03 08:50:58,230 [grpc-default-executor-2] INFO  impl.RaftServerProxy (RaftServerProxy.java:addNew(89)) - 0fd4a3fd-1acf-4517-a260-f29a17e7fdef: addNew group-A4E22CE81F32:[44dfefca-9cc0-4191-be09-9e0ba236227c:192.168.151.103:42619, 576c1584-98eb-4342-a4b5-132ff6e862cb:192.168.151.103:36834, 0fd4a3fd-1acf-4517-a260-f29a17e7fdef:192.168.151.103:38568] returns group-A4E22CE81F32:java.util.concurrent.CompletableFuture@2185423b[Not completed]
2019-10-03 08:50:58,230 [pool-227-thread-1] INFO  server.RaftServerConfigKeys (ConfUtils.java:logGet(43)) - raft.server.rpcslowness.timeout = 120s (custom)
2019-10-03 08:50:58,230 [pool-227-thread-1] INFO  server.RaftServerConfigKeys (ConfUtils.java:logGet(43)) - raft.server.sleep.deviation.threshold = 300 (default)
2019-10-03 08:50:58,231 [pool-227-thread-1] INFO  server.RaftServerConfigKeys (ConfUtils.java:logGet(43)) - raft.server.log.appender.install.snapshot.enabled = false (custom)
2019-10-03 08:50:58,231 [pool-227-thread-1] INFO  impl.RaftServerImpl (ServerState.java:<init>(103)) - 576c1584-98eb-4342-a4b5-132ff6e862cb@group-A4E22CE81F32: ConfigurationManager, init=-1: [44dfefca-9cc0-4191-be09-9e0ba236227c:192.168.151.103:42619, 576c1584-98eb-4342-a4b5-132ff6e862cb:192.168.151.103:36834, 0fd4a3fd-1acf-4517-a260-f29a17e7fdef:192.168.151.103:38568], old=null, confs=<EMPTY_MAP>
2019-10-03 08:50:58,231 [pool-227-thread-1] INFO  server.RaftServerConfigKeys (ConfUtils.java:logGet(43)) - raft.server.storage.dir = [/workdir/hadoop-ozone/integration-test/target/test-dir/MiniOzoneClusterImpl-2cc19e60-fd5d-47c1-947d-bf84e7590418/datanode-2/data/ratis] (custom)
2019-10-03 08:50:58,231 [pool-227-thread-1] INFO  server.RaftServerConfigKeys (ConfUtils.java:logGet(43)) - raft.server.log.corruption.policy = EXCEPTION (default)
2019-10-03 08:50:58,231 [pool-227-thread-1] INFO  storage.RaftStorageDirectory (RaftStorageDirectory.java:analyzeStorage(246)) - The storage directory /workdir/hadoop-ozone/integration-test/target/test-dir/MiniOzoneClusterImpl-2cc19e60-fd5d-47c1-947d-bf84e7590418/datanode-2/data/ratis/9d1e7154-fcd3-43af-a811-a4e22ce81f32 does not exist. Creating ...
2019-10-03 08:50:58,231 [pool-217-thread-1] INFO  impl.RaftServerImpl (RaftServerImpl.java:<init>(95)) - 44dfefca-9cc0-4191-be09-9e0ba236227c: new RaftServerImpl for group-A4E22CE81F32:[44dfefca-9cc0-4191-be09-9e0ba236227c:192.168.151.103:42619, 576c1584-98eb-4342-a4b5-132ff6e862cb:192.168.151.103:36834, 0fd4a3fd-1acf-4517-a260-f29a17e7fdef:192.168.151.103:38568] with ContainerStateMachine:uninitialized
2019-10-03 08:50:58,232 [pool-217-thread-1] INFO  server.RaftServerConfigKeys (ConfUtils.java:logGet(43)) - raft.server.rpc.timeout.min = 5s (custom)
2019-10-03 08:50:58,232 [pool-217-thread-1] INFO  server.RaftServerConfigKeys (ConfUtils.java:logGet(43)) - raft.server.rpc.timeout.max = 5200ms (custom)
2019-10-03 08:50:58,232 [pool-217-thread-1] INFO  server.RaftServerConfigKeys (ConfUtils.java:logGet(43)) - raft.server.rpcslowness.timeout = 120s (custom)
2019-10-03 08:50:58,232 [pool-207-thread-1] INFO  impl.RaftServerImpl (RaftServerImpl.java:<init>(95)) - 0fd4a3fd-1acf-4517-a260-f29a17e7fdef: new RaftServerImpl for group-A4E22CE81F32:[44dfefca-9cc0-4191-be09-9e0ba236227c:192.168.151.103:42619, 576c1584-98eb-4342-a4b5-132ff6e862cb:192.168.151.103:36834, 0fd4a3fd-1acf-4517-a260-f29a17e7fdef:192.168.151.103:38568] with ContainerStateMachine:uninitialized
2019-10-03 08:50:58,232 [pool-217-thread-1] INFO  server.RaftServerConfigKeys (ConfUtils.java:logGet(43)) - raft.server.sleep.deviation.threshold = 300 (default)
2019-10-03 08:50:58,232 [pool-207-thread-1] INFO  server.RaftServerConfigKeys (ConfUtils.java:logGet(43)) - raft.server.rpc.timeout.min = 5s (custom)
2019-10-03 08:50:58,232 [pool-217-thread-1] INFO  server.RaftServerConfigKeys (ConfUtils.java:logGet(43)) - raft.server.log.appender.install.snapshot.enabled = false (custom)
2019-10-03 08:50:58,233 [pool-207-thread-1] INFO  server.RaftServerConfigKeys (ConfUtils.java:logGet(43)) - raft.server.rpc.timeout.max = 5200ms (custom)
2019-10-03 08:50:58,233 [pool-217-thread-1] INFO  impl.RaftServerImpl (ServerState.java:<init>(103)) - 44dfefca-9cc0-4191-be09-9e0ba236227c@group-A4E22CE81F32: ConfigurationManager, init=-1: [44dfefca-9cc0-4191-be09-9e0ba236227c:192.168.151.103:42619, 576c1584-98eb-4342-a4b5-132ff6e862cb:192.168.151.103:36834, 0fd4a3fd-1acf-4517-a260-f29a17e7fdef:192.168.151.103:38568], old=null, confs=<EMPTY_MAP>
2019-10-03 08:50:58,233 [pool-207-thread-1] INFO  server.RaftServerConfigKeys (ConfUtils.java:logGet(43)) - raft.server.rpcslowness.timeout = 120s (custom)
2019-10-03 08:50:58,233 [pool-217-thread-1] INFO  server.RaftServerConfigKeys (ConfUtils.java:logGet(43)) - raft.server.storage.dir = [/workdir/hadoop-ozone/integration-test/target/test-dir/MiniOzoneClusterImpl-2cc19e60-fd5d-47c1-947d-bf84e7590418/datanode-1/data/ratis] (custom)
2019-10-03 08:50:58,233 [pool-207-thread-1] INFO  server.RaftServerConfigKeys (ConfUtils.java:logGet(43)) - raft.server.sleep.deviation.threshold = 300 (default)
2019-10-03 08:50:58,233 [pool-207-thread-1] INFO  server.RaftServerConfigKeys (ConfUtils.java:logGet(43)) - raft.server.log.appender.install.snapshot.enabled = false (custom)
2019-10-03 08:50:58,233 [pool-217-thread-1] INFO  server.RaftServerConfigKeys (ConfUtils.java:logGet(43)) - raft.server.log.corruption.policy = EXCEPTION (default)
2019-10-03 08:50:58,233 [pool-207-thread-1] INFO  impl.RaftServerImpl (ServerState.java:<init>(103)) - 0fd4a3fd-1acf-4517-a260-f29a17e7fdef@group-A4E22CE81F32: ConfigurationManager, init=-1: [44dfefca-9cc0-4191-be09-9e0ba236227c:192.168.151.103:42619, 576c1584-98eb-4342-a4b5-132ff6e862cb:192.168.151.103:36834, 0fd4a3fd-1acf-4517-a260-f29a17e7fdef:192.168.151.103:38568], old=null, confs=<EMPTY_MAP>
2019-10-03 08:50:58,234 [pool-217-thread-1] INFO  storage.RaftStorageDirectory (RaftStorageDirectory.java:analyzeStorage(246)) - The storage directory /workdir/hadoop-ozone/integration-test/target/test-dir/MiniOzoneClusterImpl-2cc19e60-fd5d-47c1-947d-bf84e7590418/datanode-1/data/ratis/9d1e7154-fcd3-43af-a811-a4e22ce81f32 does not exist. Creating ...
2019-10-03 08:50:58,234 [pool-207-thread-1] INFO  server.RaftServerConfigKeys (ConfUtils.java:logGet(43)) - raft.server.storage.dir = [/workdir/hadoop-ozone/integration-test/target/test-dir/MiniOzoneClusterImpl-2cc19e60-fd5d-47c1-947d-bf84e7590418/datanode-0/data/ratis] (custom)
2019-10-03 08:50:58,234 [pool-207-thread-1] INFO  server.RaftServerConfigKeys (ConfUtils.java:logGet(43)) - raft.server.log.corruption.policy = EXCEPTION (default)
2019-10-03 08:50:58,234 [pool-207-thread-1] INFO  storage.RaftStorageDirectory (RaftStorageDirectory.java:analyzeStorage(246)) - The storage directory /workdir/hadoop-ozone/integration-test/target/test-dir/MiniOzoneClusterImpl-2cc19e60-fd5d-47c1-947d-bf84e7590418/datanode-0/data/ratis/9d1e7154-fcd3-43af-a811-a4e22ce81f32 does not exist. Creating ...
2019-10-03 08:50:58,245 [pool-217-thread-1] INFO  storage.RaftStorageDirectory (RaftStorageDirectory.java:tryLock(328)) - Lock on /workdir/hadoop-ozone/integration-test/target/test-dir/MiniOzoneClusterImpl-2cc19e60-fd5d-47c1-947d-bf84e7590418/datanode-1/data/ratis/9d1e7154-fcd3-43af-a811-a4e22ce81f32/in_use.lock acquired by nodename 24511@pr-hdds-2234-ztsc4-2614151736
2019-10-03 08:50:58,245 [pool-207-thread-1] INFO  storage.RaftStorageDirectory (RaftStorageDirectory.java:tryLock(328)) - Lock on /workdir/hadoop-ozone/integration-test/target/test-dir/MiniOzoneClusterImpl-2cc19e60-fd5d-47c1-947d-bf84e7590418/datanode-0/data/ratis/9d1e7154-fcd3-43af-a811-a4e22ce81f32/in_use.lock acquired by nodename 24511@pr-hdds-2234-ztsc4-2614151736
2019-10-03 08:50:58,245 [pool-227-thread-1] INFO  storage.RaftStorageDirectory (RaftStorageDirectory.java:tryLock(328)) - Lock on /workdir/hadoop-ozone/integration-test/target/test-dir/MiniOzoneClusterImpl-2cc19e60-fd5d-47c1-947d-bf84e7590418/datanode-2/data/ratis/9d1e7154-fcd3-43af-a811-a4e22ce81f32/in_use.lock acquired by nodename 24511@pr-hdds-2234-ztsc4-2614151736
2019-10-03 08:50:58,265 [pool-207-thread-1] INFO  storage.RaftStorage (RaftStorage.java:format(84)) - Storage directory /workdir/hadoop-ozone/integration-test/target/test-dir/MiniOzoneClusterImpl-2cc19e60-fd5d-47c1-947d-bf84e7590418/datanode-0/data/ratis/9d1e7154-fcd3-43af-a811-a4e22ce81f32 has been successfully formatted.
2019-10-03 08:50:58,265 [pool-217-thread-1] INFO  storage.RaftStorage (RaftStorage.java:format(84)) - Storage directory /workdir/hadoop-ozone/integration-test/target/test-dir/MiniOzoneClusterImpl-2cc19e60-fd5d-47c1-947d-bf84e7590418/datanode-1/data/ratis/9d1e7154-fcd3-43af-a811-a4e22ce81f32 has been successfully formatted.
2019-10-03 08:50:58,265 [pool-207-thread-1] INFO  ratis.ContainerStateMachine (ContainerStateMachine.java:loadSnapshot(230)) - group-A4E22CE81F32: The snapshot info is null. Setting the last applied indexto:(t:0, i:~)
2019-10-03 08:50:58,265 [pool-217-thread-1] INFO  ratis.ContainerStateMachine (ContainerStateMachine.java:loadSnapshot(230)) - group-A4E22CE81F32: The snapshot info is null. Setting the last applied indexto:(t:0, i:~)
2019-10-03 08:50:58,265 [pool-227-thread-1] INFO  storage.RaftStorage (RaftStorage.java:format(84)) - Storage directory /workdir/hadoop-ozone/integration-test/target/test-dir/MiniOzoneClusterImpl-2cc19e60-fd5d-47c1-947d-bf84e7590418/datanode-2/data/ratis/9d1e7154-fcd3-43af-a811-a4e22ce81f32 has been successfully formatted.
2019-10-03 08:50:58,265 [pool-217-thread-1] INFO  server.RaftServerConfigKeys (ConfUtils.java:logGet(43)) - raft.server.notification.no-leader.timeout = 120s (custom)
2019-10-03 08:50:58,266 [pool-227-thread-1] INFO  ratis.ContainerStateMachine (ContainerStateMachine.java:loadSnapshot(230)) - group-A4E22CE81F32: The snapshot info is null. Setting the last applied indexto:(t:0, i:~)
2019-10-03 08:50:58,265 [pool-207-thread-1] INFO  server.RaftServerConfigKeys (ConfUtils.java:logGet(43)) - raft.server.notification.no-leader.timeout = 120s (custom)
2019-10-03 08:50:58,266 [pool-227-thread-1] INFO  server.RaftServerConfigKeys (ConfUtils.java:logGet(43)) - raft.server.notification.no-leader.timeout = 120s (custom)
2019-10-03 08:50:58,266 [pool-227-thread-1] INFO  server.RaftServerConfigKeys (ConfUtils.java:logGet(43)) - raft.server.log.use.memory = false (default)
2019-10-03 08:50:58,266 [pool-217-thread-1] INFO  server.RaftServerConfigKeys (ConfUtils.java:logGet(43)) - raft.server.log.use.memory = false (default)
2019-10-03 08:50:58,266 [pool-227-thread-1] INFO  server.RaftServerConfigKeys (ConfUtils.java:logGet(43)) - raft.server.log.purge.gap = 1000000 (custom)
2019-10-03 08:50:58,267 [pool-227-thread-1] INFO  server.RaftServerConfigKeys (ConfUtils.java:logGet(43)) - raft.server.log.appender.buffer.byte-limit = 33554432 (custom)
2019-10-03 08:50:58,266 [pool-207-thread-1] INFO  server.RaftServerConfigKeys (ConfUtils.java:logGet(43)) - raft.server.log.use.memory = false (default)
2019-10-03 08:50:58,267 [pool-227-thread-1] INFO  server.RaftServerConfigKeys (ConfUtils.java:logGet(43)) - raft.server.log.segment.size.max = 1048576 (custom)
2019-10-03 08:50:58,266 [pool-217-thread-1] INFO  server.RaftServerConfigKeys (ConfUtils.java:logGet(43)) - raft.server.log.purge.gap = 1000000 (custom)
2019-10-03 08:50:58,267 [pool-227-thread-1] INFO  server.RaftServerConfigKeys (ConfUtils.java:logGet(43)) - raft.server.log.segment.cache.num.max = 2 (custom)
2019-10-03 08:50:58,267 [pool-207-thread-1] INFO  server.RaftServerConfigKeys (ConfUtils.java:logGet(43)) - raft.server.log.purge.gap = 1000000 (custom)
2019-10-03 08:50:58,267 [pool-227-thread-1] INFO  segmented.SegmentedRaftLogWorker (SegmentedRaftLogWorker.java:<init>(173)) - new 576c1584-98eb-4342-a4b5-132ff6e862cb@group-A4E22CE81F32-SegmentedRaftLogWorker for RaftStorage:Storage Directory /workdir/hadoop-ozone/integration-test/target/test-dir/MiniOzoneClusterImpl-2cc19e60-fd5d-47c1-947d-bf84e7590418/datanode-2/data/ratis/9d1e7154-fcd3-43af-a811-a4e22ce81f32
2019-10-03 08:50:58,267 [pool-217-thread-1] INFO  server.RaftServerConfigKeys (ConfUtils.java:logGet(43)) - raft.server.log.appender.buffer.byte-limit = 33554432 (custom)
2019-10-03 08:50:58,267 [pool-227-thread-1] INFO  server.RaftServerConfigKeys (ConfUtils.java:logGet(43)) - raft.server.log.queue.byte-limit = 2147483647 (custom)
2019-10-03 08:50:58,267 [pool-207-thread-1] INFO  server.RaftServerConfigKeys (ConfUtils.java:logGet(43)) - raft.server.log.appender.buffer.byte-limit = 33554432 (custom)
2019-10-03 08:50:58,268 [pool-227-thread-1] INFO  server.RaftServerConfigKeys (ConfUtils.java:logGet(43)) - raft.server.log.queue.element-limit = 1024 (custom)
2019-10-03 08:50:58,268 [pool-217-thread-1] INFO  server.RaftServerConfigKeys (ConfUtils.java:logGet(43)) - raft.server.log.segment.size.max = 1048576 (custom)
2019-10-03 08:50:58,268 [pool-227-thread-1] INFO  server.RaftServerConfigKeys (ConfUtils.java:logGet(43)) - raft.server.log.segment.size.max = 1048576 (custom)
2019-10-03 08:50:58,268 [pool-207-thread-1] INFO  server.RaftServerConfigKeys (ConfUtils.java:logGet(43)) - raft.server.log.segment.size.max = 1048576 (custom)
2019-10-03 08:50:58,268 [pool-227-thread-1] INFO  server.RaftServerConfigKeys (ConfUtils.java:logGet(43)) - raft.server.log.preallocated.size = 16384 (custom)
2019-10-03 08:50:58,268 [pool-217-thread-1] INFO  server.RaftServerConfigKeys (ConfUtils.java:logGet(43)) - raft.server.log.segment.cache.num.max = 2 (custom)
2019-10-03 08:50:58,269 [pool-227-thread-1] INFO  server.RaftServerConfigKeys (ConfUtils.java:logGet(43)) - raft.server.log.write.buffer.size = 33554432 (custom)
2019-10-03 08:50:58,268 [pool-207-thread-1] INFO  server.RaftServerConfigKeys (ConfUtils.java:logGet(43)) - raft.server.log.segment.cache.num.max = 2 (custom)
2019-10-03 08:50:58,269 [pool-227-thread-1] INFO  server.RaftServerConfigKeys (ConfUtils.java:logGet(43)) - raft.server.log.force.sync.num = 128 (default)
2019-10-03 08:50:58,269 [pool-217-thread-1] INFO  segmented.SegmentedRaftLogWorker (SegmentedRaftLogWorker.java:<init>(173)) - new 44dfefca-9cc0-4191-be09-9e0ba236227c@group-A4E22CE81F32-SegmentedRaftLogWorker for RaftStorage:Storage Directory /workdir/hadoop-ozone/integration-test/target/test-dir/MiniOzoneClusterImpl-2cc19e60-fd5d-47c1-947d-bf84e7590418/datanode-1/data/ratis/9d1e7154-fcd3-43af-a811-a4e22ce81f32
2019-10-03 08:50:58,269 [pool-227-thread-1] INFO  server.RaftServerConfigKeys (ConfUtils.java:logGet(43)) - raft.server.log.statemachine.data.sync = true (default)
2019-10-03 08:50:58,269 [pool-207-thread-1] INFO  segmented.SegmentedRaftLogWorker (SegmentedRaftLogWorker.java:<init>(173)) - new 0fd4a3fd-1acf-4517-a260-f29a17e7fdef@group-A4E22CE81F32-SegmentedRaftLogWorker for RaftStorage:Storage Directory /workdir/hadoop-ozone/integration-test/target/test-dir/MiniOzoneClusterImpl-2cc19e60-fd5d-47c1-947d-bf84e7590418/datanode-0/data/ratis/9d1e7154-fcd3-43af-a811-a4e22ce81f32
2019-10-03 08:50:58,269 [pool-227-thread-1] INFO  server.RaftServerConfigKeys (ConfUtils.java:logGet(43)) - raft.server.log.statemachine.data.sync.timeout = 10s (default)
2019-10-03 08:50:58,269 [pool-217-thread-1] INFO  server.RaftServerConfigKeys (ConfUtils.java:logGet(43)) - raft.server.log.queue.byte-limit = 2147483647 (custom)
2019-10-03 08:50:58,270 [pool-227-thread-1] INFO  server.RaftServerConfigKeys (ConfUtils.java:logGet(43)) - raft.server.log.statemachine.data.sync.timeout.retry = -1 (default)
2019-10-03 08:50:58,269 [pool-207-thread-1] INFO  server.RaftServerConfigKeys (ConfUtils.java:logGet(43)) - raft.server.log.queue.byte-limit = 2147483647 (custom)
2019-10-03 08:50:58,270 [pool-227-thread-1] INFO  server.RaftServerConfigKeys (ConfUtils.java:logGet(43)) - raft.server.log.statemachine.data.caching.enabled = true (custom)
2019-10-03 08:50:58,270 [pool-217-thread-1] INFO  server.RaftServerConfigKeys (ConfUtils.java:logGet(43)) - raft.server.log.queue.element-limit = 1024 (custom)
2019-10-03 08:50:58,270 [pool-227-thread-1] INFO  segmented.SegmentedRaftLogWorker (SegmentedRaftLogWorker.java:lambda$new$0(128)) - 576c1584-98eb-4342-a4b5-132ff6e862cb@group-A4E22CE81F32-SegmentedRaftLogWorker: flushIndex: setUnconditionally 0 -> -1
2019-10-03 08:50:58,270 [pool-207-thread-1] INFO  server.RaftServerConfigKeys (ConfUtils.java:logGet(43)) - raft.server.log.queue.element-limit = 1024 (custom)
2019-10-03 08:50:58,271 [pool-227-thread-1] INFO  server.RaftServerConfigKeys (ConfUtils.java:logGet(43)) - raft.server.snapshot.auto.trigger.enabled = true (custom)
2019-10-03 08:50:58,270 [pool-217-thread-1] INFO  server.RaftServerConfigKeys (ConfUtils.java:logGet(43)) - raft.server.log.segment.size.max = 1048576 (custom)
2019-10-03 08:50:58,271 [pool-227-thread-1] INFO  server.RaftServerConfigKeys (ConfUtils.java:logGet(43)) - raft.server.snapshot.auto.trigger.threshold = 10000 (custom)
2019-10-03 08:50:58,271 [pool-207-thread-1] INFO  server.RaftServerConfigKeys (ConfUtils.java:logGet(43)) - raft.server.log.segment.size.max = 1048576 (custom)
2019-10-03 08:50:58,271 [pool-227-thread-1] INFO  server.RaftServerConfigKeys (ConfUtils.java:logGet(43)) - raft.server.snapshot.retention.file.num = 5 (custom)
2019-10-03 08:50:58,271 [pool-217-thread-1] INFO  server.RaftServerConfigKeys (ConfUtils.java:logGet(43)) - raft.server.log.preallocated.size = 16384 (custom)
2019-10-03 08:50:58,271 [pool-227-thread-1] INFO  server.RaftServerConfigKeys (ConfUtils.java:logGet(43)) - raft.server.retrycache.expirytime = 600000ms (custom)
2019-10-03 08:50:58,271 [pool-207-thread-1] INFO  server.RaftServerConfigKeys (ConfUtils.java:logGet(43)) - raft.server.log.preallocated.size = 16384 (custom)
2019-10-03 08:50:58,271 [pool-217-thread-1] INFO  server.RaftServerConfigKeys (ConfUtils.java:logGet(43)) - raft.server.log.write.buffer.size = 33554432 (custom)
2019-10-03 08:50:58,272 [pool-207-thread-1] INFO  server.RaftServerConfigKeys (ConfUtils.java:logGet(43)) - raft.server.log.write.buffer.size = 33554432 (custom)
2019-10-03 08:50:58,272 [pool-217-thread-1] INFO  server.RaftServerConfigKeys (ConfUtils.java:logGet(43)) - raft.server.log.force.sync.num = 128 (default)
2019-10-03 08:50:58,272 [pool-207-thread-1] INFO  server.RaftServerConfigKeys (ConfUtils.java:logGet(43)) - raft.server.log.force.sync.num = 128 (default)
2019-10-03 08:50:58,272 [pool-217-thread-1] INFO  server.RaftServerConfigKeys (ConfUtils.java:logGet(43)) - raft.server.log.statemachine.data.sync = true (default)
2019-10-03 08:50:58,272 [pool-207-thread-1] INFO  server.RaftServerConfigKeys (ConfUtils.java:logGet(43)) - raft.server.log.statemachine.data.sync = true (default)
2019-10-03 08:50:58,273 [pool-217-thread-1] INFO  server.RaftServerConfigKeys (ConfUtils.java:logGet(43)) - raft.server.log.statemachine.data.sync.timeout = 10s (default)
2019-10-03 08:50:58,273 [pool-227-thread-1] INFO  impl.RaftServerImpl (RaftServerImpl.java:start(181)) - 576c1584-98eb-4342-a4b5-132ff6e862cb@group-A4E22CE81F32: start as a follower, conf=-1: [44dfefca-9cc0-4191-be09-9e0ba236227c:192.168.151.103:42619, 576c1584-98eb-4342-a4b5-132ff6e862cb:192.168.151.103:36834, 0fd4a3fd-1acf-4517-a260-f29a17e7fdef:192.168.151.103:38568], old=null
2019-10-03 08:50:58,273 [pool-207-thread-1] INFO  server.RaftServerConfigKeys (ConfUtils.java:logGet(43)) - raft.server.log.statemachine.data.sync.timeout = 10s (default)
2019-10-03 08:50:58,273 [pool-227-thread-1] INFO  impl.RaftServerImpl (RaftServerImpl.java:setRole(170)) - 576c1584-98eb-4342-a4b5-132ff6e862cb@group-A4E22CE81F32: changes role from      null to FOLLOWER at term 0 for startAsFollower
2019-10-03 08:50:58,273 [pool-217-thread-1] INFO  server.RaftServerConfigKeys (ConfUtils.java:logGet(43)) - raft.server.log.statemachine.data.sync.timeout.retry = -1 (default)
2019-10-03 08:50:58,273 [pool-227-thread-1] INFO  impl.RoleInfo (RoleInfo.java:updateAndGet(143)) - 576c1584-98eb-4342-a4b5-132ff6e862cb: start FollowerState
2019-10-03 08:50:58,273 [pool-217-thread-1] INFO  server.RaftServerConfigKeys (ConfUtils.java:logGet(43)) - raft.server.log.statemachine.data.caching.enabled = true (custom)
2019-10-03 08:50:58,274 [pool-227-thread-1] INFO  util.JmxRegister (JmxRegister.java:tryRegister(44)) - Successfully registered JMX Bean with object name Ratis:service=RaftServer,group=group-A4E22CE81F32,id=576c1584-98eb-4342-a4b5-132ff6e862cb
2019-10-03 08:50:58,273 [pool-207-thread-1] INFO  server.RaftServerConfigKeys (ConfUtils.java:logGet(43)) - raft.server.log.statemachine.data.sync.timeout.retry = -1 (default)
2019-10-03 08:50:58,274 [pool-217-thread-1] INFO  segmented.SegmentedRaftLogWorker (SegmentedRaftLogWorker.java:lambda$new$0(128)) - 44dfefca-9cc0-4191-be09-9e0ba236227c@group-A4E22CE81F32-SegmentedRaftLogWorker: flushIndex: setUnconditionally 0 -> -1
2019-10-03 08:50:58,274 [pool-207-thread-1] INFO  server.RaftServerConfigKeys (ConfUtils.java:logGet(43)) - raft.server.log.statemachine.data.caching.enabled = true (custom)
2019-10-03 08:50:58,274 [pool-217-thread-1] INFO  server.RaftServerConfigKeys (ConfUtils.java:logGet(43)) - raft.server.snapshot.auto.trigger.enabled = true (custom)
2019-10-03 08:50:58,275 [pool-207-thread-1] INFO  segmented.SegmentedRaftLogWorker (SegmentedRaftLogWorker.java:lambda$new$0(128)) - 0fd4a3fd-1acf-4517-a260-f29a17e7fdef@group-A4E22CE81F32-SegmentedRaftLogWorker: flushIndex: setUnconditionally 0 -> -1
2019-10-03 08:50:58,275 [pool-217-thread-1] INFO  server.RaftServerConfigKeys (ConfUtils.java:logGet(43)) - raft.server.snapshot.auto.trigger.threshold = 10000 (custom)
2019-10-03 08:50:58,275 [pool-217-thread-1] INFO  server.RaftServerConfigKeys (ConfUtils.java:logGet(43)) - raft.server.snapshot.retention.file.num = 5 (custom)
2019-10-03 08:50:58,275 [pool-207-thread-1] INFO  server.RaftServerConfigKeys (ConfUtils.java:logGet(43)) - raft.server.snapshot.auto.trigger.enabled = true (custom)
2019-10-03 08:50:58,275 [pool-217-thread-1] INFO  server.RaftServerConfigKeys (ConfUtils.java:logGet(43)) - raft.server.retrycache.expirytime = 600000ms (custom)
2019-10-03 08:50:58,275 [pool-207-thread-1] INFO  server.RaftServerConfigKeys (ConfUtils.java:logGet(43)) - raft.server.snapshot.auto.trigger.threshold = 10000 (custom)
2019-10-03 08:50:58,276 [pool-207-thread-1] INFO  server.RaftServerConfigKeys (ConfUtils.java:logGet(43)) - raft.server.snapshot.retention.file.num = 5 (custom)
2019-10-03 08:50:58,276 [pool-207-thread-1] INFO  server.RaftServerConfigKeys (ConfUtils.java:logGet(43)) - raft.server.retrycache.expirytime = 600000ms (custom)
2019-10-03 08:50:58,282 [pool-217-thread-1] INFO  impl.RaftServerImpl (RaftServerImpl.java:start(181)) - 44dfefca-9cc0-4191-be09-9e0ba236227c@group-A4E22CE81F32: start as a follower, conf=-1: [44dfefca-9cc0-4191-be09-9e0ba236227c:192.168.151.103:42619, 576c1584-98eb-4342-a4b5-132ff6e862cb:192.168.151.103:36834, 0fd4a3fd-1acf-4517-a260-f29a17e7fdef:192.168.151.103:38568], old=null
2019-10-03 08:50:58,282 [pool-217-thread-1] INFO  impl.RaftServerImpl (RaftServerImpl.java:setRole(170)) - 44dfefca-9cc0-4191-be09-9e0ba236227c@group-A4E22CE81F32: changes role from      null to FOLLOWER at term 0 for startAsFollower
2019-10-03 08:50:58,282 [pool-217-thread-1] INFO  impl.RoleInfo (RoleInfo.java:updateAndGet(143)) - 44dfefca-9cc0-4191-be09-9e0ba236227c: start FollowerState
2019-10-03 08:50:58,282 [pool-207-thread-1] INFO  impl.RaftServerImpl (RaftServerImpl.java:start(181)) - 0fd4a3fd-1acf-4517-a260-f29a17e7fdef@group-A4E22CE81F32: start as a follower, conf=-1: [44dfefca-9cc0-4191-be09-9e0ba236227c:192.168.151.103:42619, 576c1584-98eb-4342-a4b5-132ff6e862cb:192.168.151.103:36834, 0fd4a3fd-1acf-4517-a260-f29a17e7fdef:192.168.151.103:38568], old=null
2019-10-03 08:50:58,282 [pool-207-thread-1] INFO  impl.RaftServerImpl (RaftServerImpl.java:setRole(170)) - 0fd4a3fd-1acf-4517-a260-f29a17e7fdef@group-A4E22CE81F32: changes role from      null to FOLLOWER at term 0 for startAsFollower
2019-10-03 08:50:58,283 [pool-217-thread-1] INFO  util.JmxRegister (JmxRegister.java:tryRegister(44)) - Successfully registered JMX Bean with object name Ratis:service=RaftServer,group=group-A4E22CE81F32,id=44dfefca-9cc0-4191-be09-9e0ba236227c
2019-10-03 08:50:58,283 [pool-207-thread-1] INFO  impl.RoleInfo (RoleInfo.java:updateAndGet(143)) - 0fd4a3fd-1acf-4517-a260-f29a17e7fdef: start FollowerState
2019-10-03 08:50:58,283 [pool-207-thread-1] INFO  util.JmxRegister (JmxRegister.java:tryRegister(44)) - Successfully registered JMX Bean with object name Ratis:service=RaftServer,group=group-A4E22CE81F32,id=0fd4a3fd-1acf-4517-a260-f29a17e7fdef
2019-10-03 08:50:58,287 [IPC Server handler 6 on 35037] INFO  net.NetworkTopology (NetworkTopologyImpl.java:add(111)) - Added a new node: /default-rack/75e78b3e-8e36-4489-93c9-68cf4c8c81e9
2019-10-03 08:50:58,290 [IPC Server handler 6 on 35037] INFO  node.SCMNodeManager (SCMNodeManager.java:register(266)) - Registered Data node : 75e78b3e-8e36-4489-93c9-68cf4c8c81e9{ip: 192.168.151.103, host: pr-hdds-2234-ztsc4-2614151736, networkLocation: /default-rack, certSerialId: null}
2019-10-03 08:50:58,295 [RatisPipelineUtilsThread] INFO  pipeline.PipelineStateManager (PipelineStateManager.java:addPipeline(56)) - Created pipeline Pipeline[ Id: 9d1e7154-fcd3-43af-a811-a4e22ce81f32, Nodes: 0fd4a3fd-1acf-4517-a260-f29a17e7fdef{ip: 192.168.151.103, host: pr-hdds-2234-ztsc4-2614151736, networkLocation: /default-rack, certSerialId: null}576c1584-98eb-4342-a4b5-132ff6e862cb{ip: 192.168.151.103, host: pr-hdds-2234-ztsc4-2614151736, networkLocation: /default-rack, certSerialId: null}44dfefca-9cc0-4191-be09-9e0ba236227c{ip: 192.168.151.103, host: pr-hdds-2234-ztsc4-2614151736, networkLocation: /default-rack, certSerialId: null}, Type:RATIS, Factor:THREE, State:OPEN]
2019-10-03 08:50:58,348 [IPC Server handler 0 on 35037] INFO  net.NetworkTopology (NetworkTopologyImpl.java:add(111)) - Added a new node: /default-rack/87ef41a9-db54-4cda-b853-dafe1ad95ca5
2019-10-03 08:50:58,348 [IPC Server handler 0 on 35037] INFO  node.SCMNodeManager (SCMNodeManager.java:register(266)) - Registered Data node : 87ef41a9-db54-4cda-b853-dafe1ad95ca5{ip: 192.168.151.103, host: pr-hdds-2234-ztsc4-2614151736, networkLocation: /default-rack, certSerialId: null}
2019-10-03 08:50:58,359 [grpc-default-executor-2] INFO  impl.RaftServerProxy (RaftServerProxy.java:addNew(89)) - 75e78b3e-8e36-4489-93c9-68cf4c8c81e9: addNew group-11B28612116B:[75e78b3e-8e36-4489-93c9-68cf4c8c81e9:192.168.151.103:33283] returns group-11B28612116B:java.util.concurrent.CompletableFuture@656cbd30[Not completed]
2019-10-03 08:50:58,363 [pool-247-thread-1] INFO  impl.RaftServerImpl (RaftServerImpl.java:<init>(95)) - 75e78b3e-8e36-4489-93c9-68cf4c8c81e9: new RaftServerImpl for group-11B28612116B:[75e78b3e-8e36-4489-93c9-68cf4c8c81e9:192.168.151.103:33283] with ContainerStateMachine:uninitialized
2019-10-03 08:50:58,363 [pool-247-thread-1] INFO  server.RaftServerConfigKeys (ConfUtils.java:logGet(43)) - raft.server.rpc.timeout.min = 5s (custom)
2019-10-03 08:50:58,363 [pool-247-thread-1] INFO  server.RaftServerConfigKeys (ConfUtils.java:logGet(43)) - raft.server.rpc.timeout.max = 5200ms (custom)
2019-10-03 08:50:58,363 [pool-247-thread-1] INFO  server.RaftServerConfigKeys (ConfUtils.java:logGet(43)) - raft.server.rpcslowness.timeout = 120s (custom)
2019-10-03 08:50:58,363 [pool-247-thread-1] INFO  server.RaftServerConfigKeys (ConfUtils.java:logGet(43)) - raft.server.sleep.deviation.threshold = 300 (default)
2019-10-03 08:50:58,363 [pool-247-thread-1] INFO  server.RaftServerConfigKeys (ConfUtils.java:logGet(43)) - raft.server.log.appender.install.snapshot.enabled = false (custom)
2019-10-03 08:50:58,363 [pool-247-thread-1] INFO  impl.RaftServerImpl (ServerState.java:<init>(103)) - 75e78b3e-8e36-4489-93c9-68cf4c8c81e9@group-11B28612116B: ConfigurationManager, init=-1: [75e78b3e-8e36-4489-93c9-68cf4c8c81e9:192.168.151.103:33283], old=null, confs=<EMPTY_MAP>
2019-10-03 08:50:58,364 [pool-247-thread-1] INFO  server.RaftServerConfigKeys (ConfUtils.java:logGet(43)) - raft.server.storage.dir = [/workdir/hadoop-ozone/integration-test/target/test-dir/MiniOzoneClusterImpl-2cc19e60-fd5d-47c1-947d-bf84e7590418/datanode-4/data/ratis] (custom)
2019-10-03 08:50:58,364 [pool-247-thread-1] INFO  server.RaftServerConfigKeys (ConfUtils.java:logGet(43)) - raft.server.log.corruption.policy = EXCEPTION (default)
2019-10-03 08:50:58,364 [pool-247-thread-1] INFO  storage.RaftStorageDirectory (RaftStorageDirectory.java:analyzeStorage(246)) - The storage directory /workdir/hadoop-ozone/integration-test/target/test-dir/MiniOzoneClusterImpl-2cc19e60-fd5d-47c1-947d-bf84e7590418/datanode-4/data/ratis/5383b28d-5c3b-4607-ab7d-11b28612116b does not exist. Creating ...
2019-10-03 08:50:58,377 [pool-247-thread-1] INFO  storage.RaftStorageDirectory (RaftStorageDirectory.java:tryLock(328)) - Lock on /workdir/hadoop-ozone/integration-test/target/test-dir/MiniOzoneClusterImpl-2cc19e60-fd5d-47c1-947d-bf84e7590418/datanode-4/data/ratis/5383b28d-5c3b-4607-ab7d-11b28612116b/in_use.lock acquired by nodename 24511@pr-hdds-2234-ztsc4-2614151736
2019-10-03 08:50:58,390 [pool-247-thread-1] INFO  storage.RaftStorage (RaftStorage.java:format(84)) - Storage directory /workdir/hadoop-ozone/integration-test/target/test-dir/MiniOzoneClusterImpl-2cc19e60-fd5d-47c1-947d-bf84e7590418/datanode-4/data/ratis/5383b28d-5c3b-4607-ab7d-11b28612116b has been successfully formatted.
2019-10-03 08:50:58,390 [pool-247-thread-1] INFO  ratis.ContainerStateMachine (ContainerStateMachine.java:loadSnapshot(230)) - group-11B28612116B: The snapshot info is null. Setting the last applied indexto:(t:0, i:~)
2019-10-03 08:50:58,390 [pool-247-thread-1] INFO  server.RaftServerConfigKeys (ConfUtils.java:logGet(43)) - raft.server.notification.no-leader.timeout = 120s (custom)
2019-10-03 08:50:58,390 [pool-247-thread-1] INFO  server.RaftServerConfigKeys (ConfUtils.java:logGet(43)) - raft.server.log.use.memory = false (default)
2019-10-03 08:50:58,390 [pool-247-thread-1] INFO  server.RaftServerConfigKeys (ConfUtils.java:logGet(43)) - raft.server.log.purge.gap = 1000000 (custom)
2019-10-03 08:50:58,391 [pool-247-thread-1] INFO  server.RaftServerConfigKeys (ConfUtils.java:logGet(43)) - raft.server.log.appender.buffer.byte-limit = 33554432 (custom)
2019-10-03 08:50:58,391 [pool-247-thread-1] INFO  server.RaftServerConfigKeys (ConfUtils.java:logGet(43)) - raft.server.log.segment.size.max = 1048576 (custom)
2019-10-03 08:50:58,392 [pool-247-thread-1] INFO  server.RaftServerConfigKeys (ConfUtils.java:logGet(43)) - raft.server.log.segment.cache.num.max = 2 (custom)
2019-10-03 08:50:58,393 [pool-247-thread-1] INFO  segmented.SegmentedRaftLogWorker (SegmentedRaftLogWorker.java:<init>(173)) - new 75e78b3e-8e36-4489-93c9-68cf4c8c81e9@group-11B28612116B-SegmentedRaftLogWorker for RaftStorage:Storage Directory /workdir/hadoop-ozone/integration-test/target/test-dir/MiniOzoneClusterImpl-2cc19e60-fd5d-47c1-947d-bf84e7590418/datanode-4/data/ratis/5383b28d-5c3b-4607-ab7d-11b28612116b
2019-10-03 08:50:58,393 [pool-247-thread-1] INFO  server.RaftServerConfigKeys (ConfUtils.java:logGet(43)) - raft.server.log.queue.byte-limit = 2147483647 (custom)
2019-10-03 08:50:58,393 [pool-247-thread-1] INFO  server.RaftServerConfigKeys (ConfUtils.java:logGet(43)) - raft.server.log.queue.element-limit = 1024 (custom)
2019-10-03 08:50:58,393 [pool-247-thread-1] INFO  server.RaftServerConfigKeys (ConfUtils.java:logGet(43)) - raft.server.log.segment.size.max = 1048576 (custom)
2019-10-03 08:50:58,393 [pool-247-thread-1] INFO  server.RaftServerConfigKeys (ConfUtils.java:logGet(43)) - raft.server.log.preallocated.size = 16384 (custom)
2019-10-03 08:50:58,393 [pool-247-thread-1] INFO  server.RaftServerConfigKeys (ConfUtils.java:logGet(43)) - raft.server.log.write.buffer.size = 33554432 (custom)
2019-10-03 08:50:58,393 [pool-247-thread-1] INFO  server.RaftServerConfigKeys (ConfUtils.java:logGet(43)) - raft.server.log.force.sync.num = 128 (default)
2019-10-03 08:50:58,393 [pool-247-thread-1] INFO  server.RaftServerConfigKeys (ConfUtils.java:logGet(43)) - raft.server.log.statemachine.data.sync = true (default)
2019-10-03 08:50:58,393 [pool-247-thread-1] INFO  server.RaftServerConfigKeys (ConfUtils.java:logGet(43)) - raft.server.log.statemachine.data.sync.timeout = 10s (default)
2019-10-03 08:50:58,394 [pool-247-thread-1] INFO  server.RaftServerConfigKeys (ConfUtils.java:logGet(43)) - raft.server.log.statemachine.data.sync.timeout.retry = -1 (default)
2019-10-03 08:50:58,394 [pool-247-thread-1] INFO  server.RaftServerConfigKeys (ConfUtils.java:logGet(43)) - raft.server.log.statemachine.data.caching.enabled = true (custom)
2019-10-03 08:50:58,394 [pool-247-thread-1] INFO  segmented.SegmentedRaftLogWorker (SegmentedRaftLogWorker.java:lambda$new$0(128)) - 75e78b3e-8e36-4489-93c9-68cf4c8c81e9@group-11B28612116B-SegmentedRaftLogWorker: flushIndex: setUnconditionally 0 -> -1
2019-10-03 08:50:58,395 [pool-247-thread-1] INFO  server.RaftServerConfigKeys (ConfUtils.java:logGet(43)) - raft.server.snapshot.auto.trigger.enabled = true (custom)
2019-10-03 08:50:58,395 [pool-247-thread-1] INFO  server.RaftServerConfigKeys (ConfUtils.java:logGet(43)) - raft.server.snapshot.auto.trigger.threshold = 10000 (custom)
2019-10-03 08:50:58,395 [pool-247-thread-1] INFO  server.RaftServerConfigKeys (ConfUtils.java:logGet(43)) - raft.server.snapshot.retention.file.num = 5 (custom)
2019-10-03 08:50:58,395 [pool-247-thread-1] INFO  server.RaftServerConfigKeys (ConfUtils.java:logGet(43)) - raft.server.retrycache.expirytime = 600000ms (custom)
2019-10-03 08:50:58,397 [pool-247-thread-1] INFO  impl.RaftServerImpl (RaftServerImpl.java:start(181)) - 75e78b3e-8e36-4489-93c9-68cf4c8c81e9@group-11B28612116B: start as a follower, conf=-1: [75e78b3e-8e36-4489-93c9-68cf4c8c81e9:192.168.151.103:33283], old=null
2019-10-03 08:50:58,397 [pool-247-thread-1] INFO  impl.RaftServerImpl (RaftServerImpl.java:setRole(170)) - 75e78b3e-8e36-4489-93c9-68cf4c8c81e9@group-11B28612116B: changes role from      null to FOLLOWER at term 0 for startAsFollower
2019-10-03 08:50:58,397 [pool-247-thread-1] INFO  impl.RoleInfo (RoleInfo.java:updateAndGet(143)) - 75e78b3e-8e36-4489-93c9-68cf4c8c81e9: start FollowerState
2019-10-03 08:50:58,398 [pool-247-thread-1] INFO  util.JmxRegister (JmxRegister.java:tryRegister(44)) - Successfully registered JMX Bean with object name Ratis:service=RaftServer,group=group-11B28612116B,id=75e78b3e-8e36-4489-93c9-68cf4c8c81e9
2019-10-03 08:50:58,405 [RatisPipelineUtilsThread] INFO  pipeline.PipelineStateManager (PipelineStateManager.java:addPipeline(56)) - Created pipeline Pipeline[ Id: 5383b28d-5c3b-4607-ab7d-11b28612116b, Nodes: 75e78b3e-8e36-4489-93c9-68cf4c8c81e9{ip: 192.168.151.103, host: pr-hdds-2234-ztsc4-2614151736, networkLocation: /default-rack, certSerialId: null}, Type:RATIS, Factor:ONE, State:OPEN]
2019-10-03 08:50:58,407 [main] INFO  ozone.MiniOzoneClusterImpl (MiniOzoneClusterImpl.java:lambda$waitForClusterToBeReady$0(147)) - Waiting for cluster to be ready. Got 6 of 7 DN Heartbeats.
2019-10-03 08:50:58,408 [IPC Server handler 2 on 35037] INFO  net.NetworkTopology (NetworkTopologyImpl.java:add(111)) - Added a new node: /default-rack/ebb37600-79ef-4932-a8c4-1e1c66f326b8
2019-10-03 08:50:58,408 [IPC Server handler 2 on 35037] INFO  node.SCMNodeManager (SCMNodeManager.java:register(266)) - Registered Data node : ebb37600-79ef-4932-a8c4-1e1c66f326b8{ip: 192.168.151.103, host: pr-hdds-2234-ztsc4-2614151736, networkLocation: /default-rack, certSerialId: null}
2019-10-03 08:50:58,415 [grpc-default-executor-2] INFO  impl.RaftServerProxy (RaftServerProxy.java:addNew(89)) - 87ef41a9-db54-4cda-b853-dafe1ad95ca5: addNew group-ED4864AEE44A:[87ef41a9-db54-4cda-b853-dafe1ad95ca5:192.168.151.103:46132] returns group-ED4864AEE44A:java.util.concurrent.CompletableFuture@81254d6[Not completed]
2019-10-03 08:50:58,416 [pool-257-thread-1] INFO  impl.RaftServerImpl (RaftServerImpl.java:<init>(95)) - 87ef41a9-db54-4cda-b853-dafe1ad95ca5: new RaftServerImpl for group-ED4864AEE44A:[87ef41a9-db54-4cda-b853-dafe1ad95ca5:192.168.151.103:46132] with ContainerStateMachine:uninitialized
2019-10-03 08:50:58,416 [pool-257-thread-1] INFO  server.RaftServerConfigKeys (ConfUtils.java:logGet(43)) - raft.server.rpc.timeout.min = 5s (custom)
2019-10-03 08:50:58,417 [pool-257-thread-1] INFO  server.RaftServerConfigKeys (ConfUtils.java:logGet(43)) - raft.server.rpc.timeout.max = 5200ms (custom)
2019-10-03 08:50:58,417 [pool-257-thread-1] INFO  server.RaftServerConfigKeys (ConfUtils.java:logGet(43)) - raft.server.rpcslowness.timeout = 120s (custom)
2019-10-03 08:50:58,417 [pool-257-thread-1] INFO  server.RaftServerConfigKeys (ConfUtils.java:logGet(43)) - raft.server.sleep.deviation.threshold = 300 (default)
2019-10-03 08:50:58,417 [pool-257-thread-1] INFO  server.RaftServerConfigKeys (ConfUtils.java:logGet(43)) - raft.server.log.appender.install.snapshot.enabled = false (custom)
2019-10-03 08:50:58,417 [pool-257-thread-1] INFO  impl.RaftServerImpl (ServerState.java:<init>(103)) - 87ef41a9-db54-4cda-b853-dafe1ad95ca5@group-ED4864AEE44A: ConfigurationManager, init=-1: [87ef41a9-db54-4cda-b853-dafe1ad95ca5:192.168.151.103:46132], old=null, confs=<EMPTY_MAP>
2019-10-03 08:50:58,417 [pool-257-thread-1] INFO  server.RaftServerConfigKeys (ConfUtils.java:logGet(43)) - raft.server.storage.dir = [/workdir/hadoop-ozone/integration-test/target/test-dir/MiniOzoneClusterImpl-2cc19e60-fd5d-47c1-947d-bf84e7590418/datanode-5/data/ratis] (custom)
2019-10-03 08:50:58,417 [pool-257-thread-1] INFO  server.RaftServerConfigKeys (ConfUtils.java:logGet(43)) - raft.server.log.corruption.policy = EXCEPTION (default)
2019-10-03 08:50:58,417 [pool-257-thread-1] INFO  storage.RaftStorageDirectory (RaftStorageDirectory.java:analyzeStorage(246)) - The storage directory /workdir/hadoop-ozone/integration-test/target/test-dir/MiniOzoneClusterImpl-2cc19e60-fd5d-47c1-947d-bf84e7590418/datanode-5/data/ratis/2194e399-1c7e-4c9f-b8b6-ed4864aee44a does not exist. Creating ...
2019-10-03 08:50:58,431 [pool-257-thread-1] INFO  storage.RaftStorageDirectory (RaftStorageDirectory.java:tryLock(328)) - Lock on /workdir/hadoop-ozone/integration-test/target/test-dir/MiniOzoneClusterImpl-2cc19e60-fd5d-47c1-947d-bf84e7590418/datanode-5/data/ratis/2194e399-1c7e-4c9f-b8b6-ed4864aee44a/in_use.lock acquired by nodename 24511@pr-hdds-2234-ztsc4-2614151736
2019-10-03 08:50:58,434 [pool-257-thread-1] INFO  storage.RaftStorage (RaftStorage.java:format(84)) - Storage directory /workdir/hadoop-ozone/integration-test/target/test-dir/MiniOzoneClusterImpl-2cc19e60-fd5d-47c1-947d-bf84e7590418/datanode-5/data/ratis/2194e399-1c7e-4c9f-b8b6-ed4864aee44a has been successfully formatted.
2019-10-03 08:50:58,434 [pool-257-thread-1] INFO  ratis.ContainerStateMachine (ContainerStateMachine.java:loadSnapshot(230)) - group-ED4864AEE44A: The snapshot info is null. Setting the last applied indexto:(t:0, i:~)
2019-10-03 08:50:58,434 [pool-257-thread-1] INFO  server.RaftServerConfigKeys (ConfUtils.java:logGet(43)) - raft.server.notification.no-leader.timeout = 120s (custom)
2019-10-03 08:50:58,435 [pool-257-thread-1] INFO  server.RaftServerConfigKeys (ConfUtils.java:logGet(43)) - raft.server.log.use.memory = false (default)
2019-10-03 08:50:58,435 [pool-257-thread-1] INFO  server.RaftServerConfigKeys (ConfUtils.java:logGet(43)) - raft.server.log.purge.gap = 1000000 (custom)
2019-10-03 08:50:58,435 [pool-257-thread-1] INFO  server.RaftServerConfigKeys (ConfUtils.java:logGet(43)) - raft.server.log.appender.buffer.byte-limit = 33554432 (custom)
2019-10-03 08:50:58,435 [pool-257-thread-1] INFO  server.RaftServerConfigKeys (ConfUtils.java:logGet(43)) - raft.server.log.segment.size.max = 1048576 (custom)
2019-10-03 08:50:58,436 [pool-257-thread-1] INFO  server.RaftServerConfigKeys (ConfUtils.java:logGet(43)) - raft.server.log.segment.cache.num.max = 2 (custom)
2019-10-03 08:50:58,436 [pool-257-thread-1] INFO  segmented.SegmentedRaftLogWorker (SegmentedRaftLogWorker.java:<init>(173)) - new 87ef41a9-db54-4cda-b853-dafe1ad95ca5@group-ED4864AEE44A-SegmentedRaftLogWorker for RaftStorage:Storage Directory /workdir/hadoop-ozone/integration-test/target/test-dir/MiniOzoneClusterImpl-2cc19e60-fd5d-47c1-947d-bf84e7590418/datanode-5/data/ratis/2194e399-1c7e-4c9f-b8b6-ed4864aee44a
2019-10-03 08:50:58,436 [pool-257-thread-1] INFO  server.RaftServerConfigKeys (ConfUtils.java:logGet(43)) - raft.server.log.queue.byte-limit = 2147483647 (custom)
2019-10-03 08:50:58,436 [pool-257-thread-1] INFO  server.RaftServerConfigKeys (ConfUtils.java:logGet(43)) - raft.server.log.queue.element-limit = 1024 (custom)
2019-10-03 08:50:58,437 [pool-257-thread-1] INFO  server.RaftServerConfigKeys (ConfUtils.java:logGet(43)) - raft.server.log.segment.size.max = 1048576 (custom)
2019-10-03 08:50:58,437 [pool-257-thread-1] INFO  server.RaftServerConfigKeys (ConfUtils.java:logGet(43)) - raft.server.log.preallocated.size = 16384 (custom)
2019-10-03 08:50:58,437 [pool-257-thread-1] INFO  server.RaftServerConfigKeys (ConfUtils.java:logGet(43)) - raft.server.log.write.buffer.size = 33554432 (custom)
2019-10-03 08:50:58,437 [pool-257-thread-1] INFO  server.RaftServerConfigKeys (ConfUtils.java:logGet(43)) - raft.server.log.force.sync.num = 128 (default)
2019-10-03 08:50:58,437 [pool-257-thread-1] INFO  server.RaftServerConfigKeys (ConfUtils.java:logGet(43)) - raft.server.log.statemachine.data.sync = true (default)
2019-10-03 08:50:58,437 [pool-257-thread-1] INFO  server.RaftServerConfigKeys (ConfUtils.java:logGet(43)) - raft.server.log.statemachine.data.sync.timeout = 10s (default)
2019-10-03 08:50:58,437 [pool-257-thread-1] INFO  server.RaftServerConfigKeys (ConfUtils.java:logGet(43)) - raft.server.log.statemachine.data.sync.timeout.retry = -1 (default)
2019-10-03 08:50:58,438 [pool-257-thread-1] INFO  server.RaftServerConfigKeys (ConfUtils.java:logGet(43)) - raft.server.log.statemachine.data.caching.enabled = true (custom)
2019-10-03 08:50:58,438 [pool-257-thread-1] INFO  segmented.SegmentedRaftLogWorker (SegmentedRaftLogWorker.java:lambda$new$0(128)) - 87ef41a9-db54-4cda-b853-dafe1ad95ca5@group-ED4864AEE44A-SegmentedRaftLogWorker: flushIndex: setUnconditionally 0 -> -1
2019-10-03 08:50:58,438 [pool-257-thread-1] INFO  server.RaftServerConfigKeys (ConfUtils.java:logGet(43)) - raft.server.snapshot.auto.trigger.enabled = true (custom)
2019-10-03 08:50:58,438 [pool-257-thread-1] INFO  server.RaftServerConfigKeys (ConfUtils.java:logGet(43)) - raft.server.snapshot.auto.trigger.threshold = 10000 (custom)
2019-10-03 08:50:58,438 [pool-257-thread-1] INFO  server.RaftServerConfigKeys (ConfUtils.java:logGet(43)) - raft.server.snapshot.retention.file.num = 5 (custom)
2019-10-03 08:50:58,438 [pool-257-thread-1] INFO  server.RaftServerConfigKeys (ConfUtils.java:logGet(43)) - raft.server.retrycache.expirytime = 600000ms (custom)
2019-10-03 08:50:58,440 [pool-257-thread-1] INFO  impl.RaftServerImpl (RaftServerImpl.java:start(181)) - 87ef41a9-db54-4cda-b853-dafe1ad95ca5@group-ED4864AEE44A: start as a follower, conf=-1: [87ef41a9-db54-4cda-b853-dafe1ad95ca5:192.168.151.103:46132], old=null
2019-10-03 08:50:58,440 [pool-257-thread-1] INFO  impl.RaftServerImpl (RaftServerImpl.java:setRole(170)) - 87ef41a9-db54-4cda-b853-dafe1ad95ca5@group-ED4864AEE44A: changes role from      null to FOLLOWER at term 0 for startAsFollower
2019-10-03 08:50:58,440 [pool-257-thread-1] INFO  impl.RoleInfo (RoleInfo.java:updateAndGet(143)) - 87ef41a9-db54-4cda-b853-dafe1ad95ca5: start FollowerState
2019-10-03 08:50:58,441 [pool-257-thread-1] INFO  util.JmxRegister (JmxRegister.java:tryRegister(44)) - Successfully registered JMX Bean with object name Ratis:service=RaftServer,group=group-ED4864AEE44A,id=87ef41a9-db54-4cda-b853-dafe1ad95ca5
2019-10-03 08:50:58,446 [RatisPipelineUtilsThread] INFO  pipeline.PipelineStateManager (PipelineStateManager.java:addPipeline(56)) - Created pipeline Pipeline[ Id: 2194e399-1c7e-4c9f-b8b6-ed4864aee44a, Nodes: 87ef41a9-db54-4cda-b853-dafe1ad95ca5{ip: 192.168.151.103, host: pr-hdds-2234-ztsc4-2614151736, networkLocation: /default-rack, certSerialId: null}, Type:RATIS, Factor:ONE, State:OPEN]
2019-10-03 08:50:58,473 [grpc-default-executor-2] INFO  impl.RaftServerProxy (RaftServerProxy.java:addNew(89)) - e9407f97-23af-4308-8bc6-fa91708f16c4: addNew group-925746F1AE69:[e9407f97-23af-4308-8bc6-fa91708f16c4:192.168.151.103:35203] returns group-925746F1AE69:java.util.concurrent.CompletableFuture@7f02da86[Not completed]
2019-10-03 08:50:58,475 [pool-237-thread-1] INFO  impl.RaftServerImpl (RaftServerImpl.java:<init>(95)) - e9407f97-23af-4308-8bc6-fa91708f16c4: new RaftServerImpl for group-925746F1AE69:[e9407f97-23af-4308-8bc6-fa91708f16c4:192.168.151.103:35203] with ContainerStateMachine:uninitialized
2019-10-03 08:50:58,475 [pool-237-thread-1] INFO  server.RaftServerConfigKeys (ConfUtils.java:logGet(43)) - raft.server.rpc.timeout.min = 5s (custom)
2019-10-03 08:50:58,475 [pool-237-thread-1] INFO  server.RaftServerConfigKeys (ConfUtils.java:logGet(43)) - raft.server.rpc.timeout.max = 5200ms (custom)
2019-10-03 08:50:58,475 [pool-237-thread-1] INFO  server.RaftServerConfigKeys (ConfUtils.java:logGet(43)) - raft.server.rpcslowness.timeout = 120s (custom)
2019-10-03 08:50:58,475 [pool-237-thread-1] INFO  server.RaftServerConfigKeys (ConfUtils.java:logGet(43)) - raft.server.sleep.deviation.threshold = 300 (default)
2019-10-03 08:50:58,476 [pool-237-thread-1] INFO  server.RaftServerConfigKeys (ConfUtils.java:logGet(43)) - raft.server.log.appender.install.snapshot.enabled = false (custom)
2019-10-03 08:50:58,476 [pool-237-thread-1] INFO  impl.RaftServerImpl (ServerState.java:<init>(103)) - e9407f97-23af-4308-8bc6-fa91708f16c4@group-925746F1AE69: ConfigurationManager, init=-1: [e9407f97-23af-4308-8bc6-fa91708f16c4:192.168.151.103:35203], old=null, confs=<EMPTY_MAP>
2019-10-03 08:50:58,476 [pool-237-thread-1] INFO  server.RaftServerConfigKeys (ConfUtils.java:logGet(43)) - raft.server.storage.dir = [/workdir/hadoop-ozone/integration-test/target/test-dir/MiniOzoneClusterImpl-2cc19e60-fd5d-47c1-947d-bf84e7590418/datanode-3/data/ratis] (custom)
2019-10-03 08:50:58,476 [pool-237-thread-1] INFO  server.RaftServerConfigKeys (ConfUtils.java:logGet(43)) - raft.server.log.corruption.policy = EXCEPTION (default)
2019-10-03 08:50:58,477 [pool-237-thread-1] INFO  storage.RaftStorageDirectory (RaftStorageDirectory.java:analyzeStorage(246)) - The storage directory /workdir/hadoop-ozone/integration-test/target/test-dir/MiniOzoneClusterImpl-2cc19e60-fd5d-47c1-947d-bf84e7590418/datanode-3/data/ratis/ac222670-bac9-4a3b-8100-925746f1ae69 does not exist. Creating ...
2019-10-03 08:50:58,489 [pool-237-thread-1] INFO  storage.RaftStorageDirectory (RaftStorageDirectory.java:tryLock(328)) - Lock on /workdir/hadoop-ozone/integration-test/target/test-dir/MiniOzoneClusterImpl-2cc19e60-fd5d-47c1-947d-bf84e7590418/datanode-3/data/ratis/ac222670-bac9-4a3b-8100-925746f1ae69/in_use.lock acquired by nodename 24511@pr-hdds-2234-ztsc4-2614151736
2019-10-03 08:50:58,521 [pool-237-thread-1] INFO  storage.RaftStorage (RaftStorage.java:format(84)) - Storage directory /workdir/hadoop-ozone/integration-test/target/test-dir/MiniOzoneClusterImpl-2cc19e60-fd5d-47c1-947d-bf84e7590418/datanode-3/data/ratis/ac222670-bac9-4a3b-8100-925746f1ae69 has been successfully formatted.
2019-10-03 08:50:58,521 [pool-237-thread-1] INFO  ratis.ContainerStateMachine (ContainerStateMachine.java:loadSnapshot(230)) - group-925746F1AE69: The snapshot info is null. Setting the last applied indexto:(t:0, i:~)
2019-10-03 08:50:58,521 [pool-237-thread-1] INFO  server.RaftServerConfigKeys (ConfUtils.java:logGet(43)) - raft.server.notification.no-leader.timeout = 120s (custom)
2019-10-03 08:50:58,522 [pool-237-thread-1] INFO  server.RaftServerConfigKeys (ConfUtils.java:logGet(43)) - raft.server.log.use.memory = false (default)
2019-10-03 08:50:58,522 [pool-237-thread-1] INFO  server.RaftServerConfigKeys (ConfUtils.java:logGet(43)) - raft.server.log.purge.gap = 1000000 (custom)
2019-10-03 08:50:58,522 [pool-237-thread-1] INFO  server.RaftServerConfigKeys (ConfUtils.java:logGet(43)) - raft.server.log.appender.buffer.byte-limit = 33554432 (custom)
2019-10-03 08:50:58,522 [pool-237-thread-1] INFO  server.RaftServerConfigKeys (ConfUtils.java:logGet(43)) - raft.server.log.segment.size.max = 1048576 (custom)
2019-10-03 08:50:58,525 [pool-237-thread-1] INFO  server.RaftServerConfigKeys (ConfUtils.java:logGet(43)) - raft.server.log.segment.cache.num.max = 2 (custom)
2019-10-03 08:50:58,525 [pool-237-thread-1] INFO  segmented.SegmentedRaftLogWorker (SegmentedRaftLogWorker.java:<init>(173)) - new e9407f97-23af-4308-8bc6-fa91708f16c4@group-925746F1AE69-SegmentedRaftLogWorker for RaftStorage:Storage Directory /workdir/hadoop-ozone/integration-test/target/test-dir/MiniOzoneClusterImpl-2cc19e60-fd5d-47c1-947d-bf84e7590418/datanode-3/data/ratis/ac222670-bac9-4a3b-8100-925746f1ae69
2019-10-03 08:50:58,525 [pool-237-thread-1] INFO  server.RaftServerConfigKeys (ConfUtils.java:logGet(43)) - raft.server.log.queue.byte-limit = 2147483647 (custom)
2019-10-03 08:50:58,525 [pool-237-thread-1] INFO  server.RaftServerConfigKeys (ConfUtils.java:logGet(43)) - raft.server.log.queue.element-limit = 1024 (custom)
2019-10-03 08:50:58,526 [pool-237-thread-1] INFO  server.RaftServerConfigKeys (ConfUtils.java:logGet(43)) - raft.server.log.segment.size.max = 1048576 (custom)
2019-10-03 08:50:58,526 [pool-237-thread-1] INFO  server.RaftServerConfigKeys (ConfUtils.java:logGet(43)) - raft.server.log.preallocated.size = 16384 (custom)
2019-10-03 08:50:58,526 [pool-237-thread-1] INFO  server.RaftServerConfigKeys (ConfUtils.java:logGet(43)) - raft.server.log.write.buffer.size = 33554432 (custom)
2019-10-03 08:50:58,526 [pool-237-thread-1] INFO  server.RaftServerConfigKeys (ConfUtils.java:logGet(43)) - raft.server.log.force.sync.num = 128 (default)
2019-10-03 08:50:58,526 [pool-237-thread-1] INFO  server.RaftServerConfigKeys (ConfUtils.java:logGet(43)) - raft.server.log.statemachine.data.sync = true (default)
2019-10-03 08:50:58,526 [pool-237-thread-1] INFO  server.RaftServerConfigKeys (ConfUtils.java:logGet(43)) - raft.server.log.statemachine.data.sync.timeout = 10s (default)
2019-10-03 08:50:58,527 [pool-237-thread-1] INFO  server.RaftServerConfigKeys (ConfUtils.java:logGet(43)) - raft.server.log.statemachine.data.sync.timeout.retry = -1 (default)
2019-10-03 08:50:58,528 [pool-237-thread-1] INFO  server.RaftServerConfigKeys (ConfUtils.java:logGet(43)) - raft.server.log.statemachine.data.caching.enabled = true (custom)
2019-10-03 08:50:58,528 [pool-237-thread-1] INFO  segmented.SegmentedRaftLogWorker (SegmentedRaftLogWorker.java:lambda$new$0(128)) - e9407f97-23af-4308-8bc6-fa91708f16c4@group-925746F1AE69-SegmentedRaftLogWorker: flushIndex: setUnconditionally 0 -> -1
2019-10-03 08:50:58,528 [pool-237-thread-1] INFO  server.RaftServerConfigKeys (ConfUtils.java:logGet(43)) - raft.server.snapshot.auto.trigger.enabled = true (custom)
2019-10-03 08:50:58,528 [pool-237-thread-1] INFO  server.RaftServerConfigKeys (ConfUtils.java:logGet(43)) - raft.server.snapshot.auto.trigger.threshold = 10000 (custom)
2019-10-03 08:50:58,529 [pool-237-thread-1] INFO  server.RaftServerConfigKeys (ConfUtils.java:logGet(43)) - raft.server.snapshot.retention.file.num = 5 (custom)
2019-10-03 08:50:58,529 [pool-237-thread-1] INFO  server.RaftServerConfigKeys (ConfUtils.java:logGet(43)) - raft.server.retrycache.expirytime = 600000ms (custom)
2019-10-03 08:50:58,531 [pool-237-thread-1] INFO  impl.RaftServerImpl (RaftServerImpl.java:start(181)) - e9407f97-23af-4308-8bc6-fa91708f16c4@group-925746F1AE69: start as a follower, conf=-1: [e9407f97-23af-4308-8bc6-fa91708f16c4:192.168.151.103:35203], old=null
2019-10-03 08:50:58,531 [pool-237-thread-1] INFO  impl.RaftServerImpl (RaftServerImpl.java:setRole(170)) - e9407f97-23af-4308-8bc6-fa91708f16c4@group-925746F1AE69: changes role from      null to FOLLOWER at term 0 for startAsFollower
2019-10-03 08:50:58,532 [pool-237-thread-1] INFO  impl.RoleInfo (RoleInfo.java:updateAndGet(143)) - e9407f97-23af-4308-8bc6-fa91708f16c4: start FollowerState
2019-10-03 08:50:58,532 [pool-237-thread-1] INFO  util.JmxRegister (JmxRegister.java:tryRegister(44)) - Successfully registered JMX Bean with object name Ratis:service=RaftServer,group=group-925746F1AE69,id=e9407f97-23af-4308-8bc6-fa91708f16c4
2019-10-03 08:50:58,540 [RatisPipelineUtilsThread] INFO  pipeline.PipelineStateManager (PipelineStateManager.java:addPipeline(56)) - Created pipeline Pipeline[ Id: ac222670-bac9-4a3b-8100-925746f1ae69, Nodes: e9407f97-23af-4308-8bc6-fa91708f16c4{ip: 192.168.151.103, host: pr-hdds-2234-ztsc4-2614151736, networkLocation: /default-rack, certSerialId: null}, Type:RATIS, Factor:ONE, State:OPEN]
2019-10-03 08:50:58,549 [grpc-default-executor-2] INFO  impl.RaftServerProxy (RaftServerProxy.java:addNew(89)) - ebb37600-79ef-4932-a8c4-1e1c66f326b8: addNew group-6D59AC6BD98D:[ebb37600-79ef-4932-a8c4-1e1c66f326b8:192.168.151.103:34148] returns group-6D59AC6BD98D:java.util.concurrent.CompletableFuture@5c4f0510[Not completed]
2019-10-03 08:50:58,551 [pool-267-thread-1] INFO  impl.RaftServerImpl (RaftServerImpl.java:<init>(95)) - ebb37600-79ef-4932-a8c4-1e1c66f326b8: new RaftServerImpl for group-6D59AC6BD98D:[ebb37600-79ef-4932-a8c4-1e1c66f326b8:192.168.151.103:34148] with ContainerStateMachine:uninitialized
2019-10-03 08:50:58,551 [pool-267-thread-1] INFO  server.RaftServerConfigKeys (ConfUtils.java:logGet(43)) - raft.server.rpc.timeout.min = 5s (custom)
2019-10-03 08:50:58,551 [pool-267-thread-1] INFO  server.RaftServerConfigKeys (ConfUtils.java:logGet(43)) - raft.server.rpc.timeout.max = 5200ms (custom)
2019-10-03 08:50:58,551 [pool-267-thread-1] INFO  server.RaftServerConfigKeys (ConfUtils.java:logGet(43)) - raft.server.rpcslowness.timeout = 120s (custom)
2019-10-03 08:50:58,551 [pool-267-thread-1] INFO  server.RaftServerConfigKeys (ConfUtils.java:logGet(43)) - raft.server.sleep.deviation.threshold = 300 (default)
2019-10-03 08:50:58,551 [pool-267-thread-1] INFO  server.RaftServerConfigKeys (ConfUtils.java:logGet(43)) - raft.server.log.appender.install.snapshot.enabled = false (custom)
2019-10-03 08:50:58,552 [pool-267-thread-1] INFO  impl.RaftServerImpl (ServerState.java:<init>(103)) - ebb37600-79ef-4932-a8c4-1e1c66f326b8@group-6D59AC6BD98D: ConfigurationManager, init=-1: [ebb37600-79ef-4932-a8c4-1e1c66f326b8:192.168.151.103:34148], old=null, confs=<EMPTY_MAP>
2019-10-03 08:50:58,552 [pool-267-thread-1] INFO  server.RaftServerConfigKeys (ConfUtils.java:logGet(43)) - raft.server.storage.dir = [/workdir/hadoop-ozone/integration-test/target/test-dir/MiniOzoneClusterImpl-2cc19e60-fd5d-47c1-947d-bf84e7590418/datanode-6/data/ratis] (custom)
2019-10-03 08:50:58,552 [pool-267-thread-1] INFO  server.RaftServerConfigKeys (ConfUtils.java:logGet(43)) - raft.server.log.corruption.policy = EXCEPTION (default)
2019-10-03 08:50:58,552 [pool-267-thread-1] INFO  storage.RaftStorageDirectory (RaftStorageDirectory.java:analyzeStorage(246)) - The storage directory /workdir/hadoop-ozone/integration-test/target/test-dir/MiniOzoneClusterImpl-2cc19e60-fd5d-47c1-947d-bf84e7590418/datanode-6/data/ratis/5ef1aad2-7e20-4295-9cdc-6d59ac6bd98d does not exist. Creating ...
2019-10-03 08:50:58,566 [pool-267-thread-1] INFO  storage.RaftStorageDirectory (RaftStorageDirectory.java:tryLock(328)) - Lock on /workdir/hadoop-ozone/integration-test/target/test-dir/MiniOzoneClusterImpl-2cc19e60-fd5d-47c1-947d-bf84e7590418/datanode-6/data/ratis/5ef1aad2-7e20-4295-9cdc-6d59ac6bd98d/in_use.lock acquired by nodename 24511@pr-hdds-2234-ztsc4-2614151736
2019-10-03 08:50:58,579 [pool-267-thread-1] INFO  storage.RaftStorage (RaftStorage.java:format(84)) - Storage directory /workdir/hadoop-ozone/integration-test/target/test-dir/MiniOzoneClusterImpl-2cc19e60-fd5d-47c1-947d-bf84e7590418/datanode-6/data/ratis/5ef1aad2-7e20-4295-9cdc-6d59ac6bd98d has been successfully formatted.
2019-10-03 08:50:58,579 [pool-267-thread-1] INFO  ratis.ContainerStateMachine (ContainerStateMachine.java:loadSnapshot(230)) - group-6D59AC6BD98D: The snapshot info is null. Setting the last applied indexto:(t:0, i:~)
2019-10-03 08:50:58,579 [pool-267-thread-1] INFO  server.RaftServerConfigKeys (ConfUtils.java:logGet(43)) - raft.server.notification.no-leader.timeout = 120s (custom)
2019-10-03 08:50:58,580 [pool-267-thread-1] INFO  server.RaftServerConfigKeys (ConfUtils.java:logGet(43)) - raft.server.log.use.memory = false (default)
2019-10-03 08:50:58,580 [pool-267-thread-1] INFO  server.RaftServerConfigKeys (ConfUtils.java:logGet(43)) - raft.server.log.purge.gap = 1000000 (custom)
2019-10-03 08:50:58,580 [pool-267-thread-1] INFO  server.RaftServerConfigKeys (ConfUtils.java:logGet(43)) - raft.server.log.appender.buffer.byte-limit = 33554432 (custom)
2019-10-03 08:50:58,580 [pool-267-thread-1] INFO  server.RaftServerConfigKeys (ConfUtils.java:logGet(43)) - raft.server.log.segment.size.max = 1048576 (custom)
2019-10-03 08:50:58,582 [pool-267-thread-1] INFO  server.RaftServerConfigKeys (ConfUtils.java:logGet(43)) - raft.server.log.segment.cache.num.max = 2 (custom)
2019-10-03 08:50:58,582 [pool-267-thread-1] INFO  segmented.SegmentedRaftLogWorker (SegmentedRaftLogWorker.java:<init>(173)) - new ebb37600-79ef-4932-a8c4-1e1c66f326b8@group-6D59AC6BD98D-SegmentedRaftLogWorker for RaftStorage:Storage Directory /workdir/hadoop-ozone/integration-test/target/test-dir/MiniOzoneClusterImpl-2cc19e60-fd5d-47c1-947d-bf84e7590418/datanode-6/data/ratis/5ef1aad2-7e20-4295-9cdc-6d59ac6bd98d
2019-10-03 08:50:58,583 [pool-267-thread-1] INFO  server.RaftServerConfigKeys (ConfUtils.java:logGet(43)) - raft.server.log.queue.byte-limit = 2147483647 (custom)
2019-10-03 08:50:58,583 [pool-267-thread-1] INFO  server.RaftServerConfigKeys (ConfUtils.java:logGet(43)) - raft.server.log.queue.element-limit = 1024 (custom)
2019-10-03 08:50:58,583 [pool-267-thread-1] INFO  server.RaftServerConfigKeys (ConfUtils.java:logGet(43)) - raft.server.log.segment.size.max = 1048576 (custom)
2019-10-03 08:50:58,583 [pool-267-thread-1] INFO  server.RaftServerConfigKeys (ConfUtils.java:logGet(43)) - raft.server.log.preallocated.size = 16384 (custom)
2019-10-03 08:50:58,583 [pool-267-thread-1] INFO  server.RaftServerConfigKeys (ConfUtils.java:logGet(43)) - raft.server.log.write.buffer.size = 33554432 (custom)
2019-10-03 08:50:58,583 [pool-267-thread-1] INFO  server.RaftServerConfigKeys (ConfUtils.java:logGet(43)) - raft.server.log.force.sync.num = 128 (default)
2019-10-03 08:50:58,584 [pool-267-thread-1] INFO  server.RaftServerConfigKeys (ConfUtils.java:logGet(43)) - raft.server.log.statemachine.data.sync = true (default)
2019-10-03 08:50:58,584 [pool-267-thread-1] INFO  server.RaftServerConfigKeys (ConfUtils.java:logGet(43)) - raft.server.log.statemachine.data.sync.timeout = 10s (default)
2019-10-03 08:50:58,584 [pool-267-thread-1] INFO  server.RaftServerConfigKeys (ConfUtils.java:logGet(43)) - raft.server.log.statemachine.data.sync.timeout.retry = -1 (default)
2019-10-03 08:50:58,584 [pool-267-thread-1] INFO  server.RaftServerConfigKeys (ConfUtils.java:logGet(43)) - raft.server.log.statemachine.data.caching.enabled = true (custom)
2019-10-03 08:50:58,584 [pool-267-thread-1] INFO  segmented.SegmentedRaftLogWorker (SegmentedRaftLogWorker.java:lambda$new$0(128)) - ebb37600-79ef-4932-a8c4-1e1c66f326b8@group-6D59AC6BD98D-SegmentedRaftLogWorker: flushIndex: setUnconditionally 0 -> -1
2019-10-03 08:50:58,585 [pool-267-thread-1] INFO  server.RaftServerConfigKeys (ConfUtils.java:logGet(43)) - raft.server.snapshot.auto.trigger.enabled = true (custom)
2019-10-03 08:50:58,585 [pool-267-thread-1] INFO  server.RaftServerConfigKeys (ConfUtils.java:logGet(43)) - raft.server.snapshot.auto.trigger.threshold = 10000 (custom)
2019-10-03 08:50:58,585 [pool-267-thread-1] INFO  server.RaftServerConfigKeys (ConfUtils.java:logGet(43)) - raft.server.snapshot.retention.file.num = 5 (custom)
2019-10-03 08:50:58,585 [pool-267-thread-1] INFO  server.RaftServerConfigKeys (ConfUtils.java:logGet(43)) - raft.server.retrycache.expirytime = 600000ms (custom)
2019-10-03 08:50:58,587 [pool-267-thread-1] INFO  impl.RaftServerImpl (RaftServerImpl.java:start(181)) - ebb37600-79ef-4932-a8c4-1e1c66f326b8@group-6D59AC6BD98D: start as a follower, conf=-1: [ebb37600-79ef-4932-a8c4-1e1c66f326b8:192.168.151.103:34148], old=null
2019-10-03 08:50:58,587 [pool-267-thread-1] INFO  impl.RaftServerImpl (RaftServerImpl.java:setRole(170)) - ebb37600-79ef-4932-a8c4-1e1c66f326b8@group-6D59AC6BD98D: changes role from      null to FOLLOWER at term 0 for startAsFollower
2019-10-03 08:50:58,587 [pool-267-thread-1] INFO  impl.RoleInfo (RoleInfo.java:updateAndGet(143)) - ebb37600-79ef-4932-a8c4-1e1c66f326b8: start FollowerState
2019-10-03 08:50:58,588 [pool-267-thread-1] INFO  util.JmxRegister (JmxRegister.java:tryRegister(44)) - Successfully registered JMX Bean with object name Ratis:service=RaftServer,group=group-6D59AC6BD98D,id=ebb37600-79ef-4932-a8c4-1e1c66f326b8
2019-10-03 08:50:58,595 [RatisPipelineUtilsThread] INFO  pipeline.PipelineStateManager (PipelineStateManager.java:addPipeline(56)) - Created pipeline Pipeline[ Id: 5ef1aad2-7e20-4295-9cdc-6d59ac6bd98d, Nodes: ebb37600-79ef-4932-a8c4-1e1c66f326b8{ip: 192.168.151.103, host: pr-hdds-2234-ztsc4-2614151736, networkLocation: /default-rack, certSerialId: null}, Type:RATIS, Factor:ONE, State:OPEN]
2019-10-03 08:50:58,624 [grpc-default-executor-2] INFO  impl.RaftServerProxy (RaftServerProxy.java:addNew(89)) - 75e78b3e-8e36-4489-93c9-68cf4c8c81e9: addNew group-3743D0281236:[75e78b3e-8e36-4489-93c9-68cf4c8c81e9:192.168.151.103:33283, e9407f97-23af-4308-8bc6-fa91708f16c4:192.168.151.103:35203, 87ef41a9-db54-4cda-b853-dafe1ad95ca5:192.168.151.103:46132] returns group-3743D0281236:java.util.concurrent.CompletableFuture@34f7973a[Not completed]
2019-10-03 08:50:58,627 [grpc-default-executor-6] INFO  impl.RaftServerProxy (RaftServerProxy.java:addNew(89)) - 87ef41a9-db54-4cda-b853-dafe1ad95ca5: addNew group-3743D0281236:[75e78b3e-8e36-4489-93c9-68cf4c8c81e9:192.168.151.103:33283, e9407f97-23af-4308-8bc6-fa91708f16c4:192.168.151.103:35203, 87ef41a9-db54-4cda-b853-dafe1ad95ca5:192.168.151.103:46132] returns group-3743D0281236:java.util.concurrent.CompletableFuture@b769b11[Not completed]
2019-10-03 08:50:58,627 [grpc-default-executor-3] INFO  impl.RaftServerProxy (RaftServerProxy.java:addNew(89)) - e9407f97-23af-4308-8bc6-fa91708f16c4: addNew group-3743D0281236:[75e78b3e-8e36-4489-93c9-68cf4c8c81e9:192.168.151.103:33283, e9407f97-23af-4308-8bc6-fa91708f16c4:192.168.151.103:35203, 87ef41a9-db54-4cda-b853-dafe1ad95ca5:192.168.151.103:46132] returns group-3743D0281236:java.util.concurrent.CompletableFuture@ef7ac32[Not completed]
2019-10-03 08:50:58,629 [pool-247-thread-1] INFO  impl.RaftServerImpl (RaftServerImpl.java:<init>(95)) - 75e78b3e-8e36-4489-93c9-68cf4c8c81e9: new RaftServerImpl for group-3743D0281236:[75e78b3e-8e36-4489-93c9-68cf4c8c81e9:192.168.151.103:33283, e9407f97-23af-4308-8bc6-fa91708f16c4:192.168.151.103:35203, 87ef41a9-db54-4cda-b853-dafe1ad95ca5:192.168.151.103:46132] with ContainerStateMachine:uninitialized
2019-10-03 08:50:58,629 [pool-247-thread-1] INFO  server.RaftServerConfigKeys (ConfUtils.java:logGet(43)) - raft.server.rpc.timeout.min = 5s (custom)
2019-10-03 08:50:58,629 [pool-247-thread-1] INFO  server.RaftServerConfigKeys (ConfUtils.java:logGet(43)) - raft.server.rpc.timeout.max = 5200ms (custom)
2019-10-03 08:50:58,629 [pool-247-thread-1] INFO  server.RaftServerConfigKeys (ConfUtils.java:logGet(43)) - raft.server.rpcslowness.timeout = 120s (custom)
2019-10-03 08:50:58,629 [pool-247-thread-1] INFO  server.RaftServerConfigKeys (ConfUtils.java:logGet(43)) - raft.server.sleep.deviation.threshold = 300 (default)
2019-10-03 08:50:58,629 [pool-257-thread-1] INFO  impl.RaftServerImpl (RaftServerImpl.java:<init>(95)) - 87ef41a9-db54-4cda-b853-dafe1ad95ca5: new RaftServerImpl for group-3743D0281236:[75e78b3e-8e36-4489-93c9-68cf4c8c81e9:192.168.151.103:33283, e9407f97-23af-4308-8bc6-fa91708f16c4:192.168.151.103:35203, 87ef41a9-db54-4cda-b853-dafe1ad95ca5:192.168.151.103:46132] with ContainerStateMachine:uninitialized
2019-10-03 08:50:58,629 [pool-247-thread-1] INFO  server.RaftServerConfigKeys (ConfUtils.java:logGet(43)) - raft.server.log.appender.install.snapshot.enabled = false (custom)
2019-10-03 08:50:58,630 [pool-257-thread-1] INFO  server.RaftServerConfigKeys (ConfUtils.java:logGet(43)) - raft.server.rpc.timeout.min = 5s (custom)
2019-10-03 08:50:58,630 [pool-247-thread-1] INFO  impl.RaftServerImpl (ServerState.java:<init>(103)) - 75e78b3e-8e36-4489-93c9-68cf4c8c81e9@group-3743D0281236: ConfigurationManager, init=-1: [75e78b3e-8e36-4489-93c9-68cf4c8c81e9:192.168.151.103:33283, e9407f97-23af-4308-8bc6-fa91708f16c4:192.168.151.103:35203, 87ef41a9-db54-4cda-b853-dafe1ad95ca5:192.168.151.103:46132], old=null, confs=<EMPTY_MAP>
2019-10-03 08:50:58,630 [pool-237-thread-1] INFO  impl.RaftServerImpl (RaftServerImpl.java:<init>(95)) - e9407f97-23af-4308-8bc6-fa91708f16c4: new RaftServerImpl for group-3743D0281236:[75e78b3e-8e36-4489-93c9-68cf4c8c81e9:192.168.151.103:33283, e9407f97-23af-4308-8bc6-fa91708f16c4:192.168.151.103:35203, 87ef41a9-db54-4cda-b853-dafe1ad95ca5:192.168.151.103:46132] with ContainerStateMachine:uninitialized
2019-10-03 08:50:58,630 [pool-257-thread-1] INFO  server.RaftServerConfigKeys (ConfUtils.java:logGet(43)) - raft.server.rpc.timeout.max = 5200ms (custom)
2019-10-03 08:50:58,630 [pool-237-thread-1] INFO  server.RaftServerConfigKeys (ConfUtils.java:logGet(43)) - raft.server.rpc.timeout.min = 5s (custom)
2019-10-03 08:50:58,630 [pool-237-thread-1] INFO  server.RaftServerConfigKeys (ConfUtils.java:logGet(43)) - raft.server.rpc.timeout.max = 5200ms (custom)
2019-10-03 08:50:58,630 [pool-247-thread-1] INFO  server.RaftServerConfigKeys (ConfUtils.java:logGet(43)) - raft.server.storage.dir = [/workdir/hadoop-ozone/integration-test/target/test-dir/MiniOzoneClusterImpl-2cc19e60-fd5d-47c1-947d-bf84e7590418/datanode-4/data/ratis] (custom)
2019-10-03 08:50:58,631 [pool-237-thread-1] INFO  server.RaftServerConfigKeys (ConfUtils.java:logGet(43)) - raft.server.rpcslowness.timeout = 120s (custom)
2019-10-03 08:50:58,630 [pool-257-thread-1] INFO  server.RaftServerConfigKeys (ConfUtils.java:logGet(43)) - raft.server.rpcslowness.timeout = 120s (custom)
2019-10-03 08:50:58,631 [pool-247-thread-1] INFO  server.RaftServerConfigKeys (ConfUtils.java:logGet(43)) - raft.server.log.corruption.policy = EXCEPTION (default)
2019-10-03 08:50:58,631 [pool-237-thread-1] INFO  server.RaftServerConfigKeys (ConfUtils.java:logGet(43)) - raft.server.sleep.deviation.threshold = 300 (default)
2019-10-03 08:50:58,631 [pool-247-thread-1] INFO  storage.RaftStorageDirectory (RaftStorageDirectory.java:analyzeStorage(246)) - The storage directory /workdir/hadoop-ozone/integration-test/target/test-dir/MiniOzoneClusterImpl-2cc19e60-fd5d-47c1-947d-bf84e7590418/datanode-4/data/ratis/1afd1e8c-d3c1-419f-a994-3743d0281236 does not exist. Creating ...
2019-10-03 08:50:58,631 [pool-257-thread-1] INFO  server.RaftServerConfigKeys (ConfUtils.java:logGet(43)) - raft.server.sleep.deviation.threshold = 300 (default)
2019-10-03 08:50:58,631 [pool-237-thread-1] INFO  server.RaftServerConfigKeys (ConfUtils.java:logGet(43)) - raft.server.log.appender.install.snapshot.enabled = false (custom)
2019-10-03 08:50:58,632 [pool-257-thread-1] INFO  server.RaftServerConfigKeys (ConfUtils.java:logGet(43)) - raft.server.log.appender.install.snapshot.enabled = false (custom)
2019-10-03 08:50:58,632 [pool-237-thread-1] INFO  impl.RaftServerImpl (ServerState.java:<init>(103)) - e9407f97-23af-4308-8bc6-fa91708f16c4@group-3743D0281236: ConfigurationManager, init=-1: [75e78b3e-8e36-4489-93c9-68cf4c8c81e9:192.168.151.103:33283, e9407f97-23af-4308-8bc6-fa91708f16c4:192.168.151.103:35203, 87ef41a9-db54-4cda-b853-dafe1ad95ca5:192.168.151.103:46132], old=null, confs=<EMPTY_MAP>
2019-10-03 08:50:58,632 [pool-257-thread-1] INFO  impl.RaftServerImpl (ServerState.java:<init>(103)) - 87ef41a9-db54-4cda-b853-dafe1ad95ca5@group-3743D0281236: ConfigurationManager, init=-1: [75e78b3e-8e36-4489-93c9-68cf4c8c81e9:192.168.151.103:33283, e9407f97-23af-4308-8bc6-fa91708f16c4:192.168.151.103:35203, 87ef41a9-db54-4cda-b853-dafe1ad95ca5:192.168.151.103:46132], old=null, confs=<EMPTY_MAP>
2019-10-03 08:50:58,632 [pool-237-thread-1] INFO  server.RaftServerConfigKeys (ConfUtils.java:logGet(43)) - raft.server.storage.dir = [/workdir/hadoop-ozone/integration-test/target/test-dir/MiniOzoneClusterImpl-2cc19e60-fd5d-47c1-947d-bf84e7590418/datanode-3/data/ratis] (custom)
2019-10-03 08:50:58,632 [pool-257-thread-1] INFO  server.RaftServerConfigKeys (ConfUtils.java:logGet(43)) - raft.server.storage.dir = [/workdir/hadoop-ozone/integration-test/target/test-dir/MiniOzoneClusterImpl-2cc19e60-fd5d-47c1-947d-bf84e7590418/datanode-5/data/ratis] (custom)
2019-10-03 08:50:58,633 [pool-237-thread-1] INFO  server.RaftServerConfigKeys (ConfUtils.java:logGet(43)) - raft.server.log.corruption.policy = EXCEPTION (default)
2019-10-03 08:50:58,633 [pool-257-thread-1] INFO  server.RaftServerConfigKeys (ConfUtils.java:logGet(43)) - raft.server.log.corruption.policy = EXCEPTION (default)
2019-10-03 08:50:58,633 [pool-237-thread-1] INFO  storage.RaftStorageDirectory (RaftStorageDirectory.java:analyzeStorage(246)) - The storage directory /workdir/hadoop-ozone/integration-test/target/test-dir/MiniOzoneClusterImpl-2cc19e60-fd5d-47c1-947d-bf84e7590418/datanode-3/data/ratis/1afd1e8c-d3c1-419f-a994-3743d0281236 does not exist. Creating ...
2019-10-03 08:50:58,633 [pool-257-thread-1] INFO  storage.RaftStorageDirectory (RaftStorageDirectory.java:analyzeStorage(246)) - The storage directory /workdir/hadoop-ozone/integration-test/target/test-dir/MiniOzoneClusterImpl-2cc19e60-fd5d-47c1-947d-bf84e7590418/datanode-5/data/ratis/1afd1e8c-d3c1-419f-a994-3743d0281236 does not exist. Creating ...
2019-10-03 08:50:58,646 [pool-257-thread-1] INFO  storage.RaftStorageDirectory (RaftStorageDirectory.java:tryLock(328)) - Lock on /workdir/hadoop-ozone/integration-test/target/test-dir/MiniOzoneClusterImpl-2cc19e60-fd5d-47c1-947d-bf84e7590418/datanode-5/data/ratis/1afd1e8c-d3c1-419f-a994-3743d0281236/in_use.lock acquired by nodename 24511@pr-hdds-2234-ztsc4-2614151736
2019-10-03 08:50:58,646 [pool-237-thread-1] INFO  storage.RaftStorageDirectory (RaftStorageDirectory.java:tryLock(328)) - Lock on /workdir/hadoop-ozone/integration-test/target/test-dir/MiniOzoneClusterImpl-2cc19e60-fd5d-47c1-947d-bf84e7590418/datanode-3/data/ratis/1afd1e8c-d3c1-419f-a994-3743d0281236/in_use.lock acquired by nodename 24511@pr-hdds-2234-ztsc4-2614151736
2019-10-03 08:50:58,646 [pool-247-thread-1] INFO  storage.RaftStorageDirectory (RaftStorageDirectory.java:tryLock(328)) - Lock on /workdir/hadoop-ozone/integration-test/target/test-dir/MiniOzoneClusterImpl-2cc19e60-fd5d-47c1-947d-bf84e7590418/datanode-4/data/ratis/1afd1e8c-d3c1-419f-a994-3743d0281236/in_use.lock acquired by nodename 24511@pr-hdds-2234-ztsc4-2614151736
2019-10-03 08:50:58,660 [pool-257-thread-1] INFO  storage.RaftStorage (RaftStorage.java:format(84)) - Storage directory /workdir/hadoop-ozone/integration-test/target/test-dir/MiniOzoneClusterImpl-2cc19e60-fd5d-47c1-947d-bf84e7590418/datanode-5/data/ratis/1afd1e8c-d3c1-419f-a994-3743d0281236 has been successfully formatted.
2019-10-03 08:50:58,660 [pool-247-thread-1] INFO  storage.RaftStorage (RaftStorage.java:format(84)) - Storage directory /workdir/hadoop-ozone/integration-test/target/test-dir/MiniOzoneClusterImpl-2cc19e60-fd5d-47c1-947d-bf84e7590418/datanode-4/data/ratis/1afd1e8c-d3c1-419f-a994-3743d0281236 has been successfully formatted.
2019-10-03 08:50:58,660 [pool-237-thread-1] INFO  storage.RaftStorage (RaftStorage.java:format(84)) - Storage directory /workdir/hadoop-ozone/integration-test/target/test-dir/MiniOzoneClusterImpl-2cc19e60-fd5d-47c1-947d-bf84e7590418/datanode-3/data/ratis/1afd1e8c-d3c1-419f-a994-3743d0281236 has been successfully formatted.
2019-10-03 08:50:58,661 [pool-247-thread-1] INFO  ratis.ContainerStateMachine (ContainerStateMachine.java:loadSnapshot(230)) - group-3743D0281236: The snapshot info is null. Setting the last applied indexto:(t:0, i:~)
2019-10-03 08:50:58,660 [pool-257-thread-1] INFO  ratis.ContainerStateMachine (ContainerStateMachine.java:loadSnapshot(230)) - group-3743D0281236: The snapshot info is null. Setting the last applied indexto:(t:0, i:~)
2019-10-03 08:50:58,661 [pool-247-thread-1] INFO  server.RaftServerConfigKeys (ConfUtils.java:logGet(43)) - raft.server.notification.no-leader.timeout = 120s (custom)
2019-10-03 08:50:58,661 [pool-237-thread-1] INFO  ratis.ContainerStateMachine (ContainerStateMachine.java:loadSnapshot(230)) - group-3743D0281236: The snapshot info is null. Setting the last applied indexto:(t:0, i:~)
2019-10-03 08:50:58,661 [pool-247-thread-1] INFO  server.RaftServerConfigKeys (ConfUtils.java:logGet(43)) - raft.server.log.use.memory = false (default)
2019-10-03 08:50:58,661 [pool-257-thread-1] INFO  server.RaftServerConfigKeys (ConfUtils.java:logGet(43)) - raft.server.notification.no-leader.timeout = 120s (custom)
2019-10-03 08:50:58,662 [pool-247-thread-1] INFO  server.RaftServerConfigKeys (ConfUtils.java:logGet(43)) - raft.server.log.purge.gap = 1000000 (custom)
2019-10-03 08:50:58,661 [pool-237-thread-1] INFO  server.RaftServerConfigKeys (ConfUtils.java:logGet(43)) - raft.server.notification.no-leader.timeout = 120s (custom)
2019-10-03 08:50:58,662 [pool-247-thread-1] INFO  server.RaftServerConfigKeys (ConfUtils.java:logGet(43)) - raft.server.log.appender.buffer.byte-limit = 33554432 (custom)
2019-10-03 08:50:58,662 [pool-257-thread-1] INFO  server.RaftServerConfigKeys (ConfUtils.java:logGet(43)) - raft.server.log.use.memory = false (default)
2019-10-03 08:50:58,662 [pool-247-thread-1] INFO  server.RaftServerConfigKeys (ConfUtils.java:logGet(43)) - raft.server.log.segment.size.max = 1048576 (custom)
2019-10-03 08:50:58,662 [pool-237-thread-1] INFO  server.RaftServerConfigKeys (ConfUtils.java:logGet(43)) - raft.server.log.use.memory = false (default)
2019-10-03 08:50:58,663 [pool-247-thread-1] INFO  server.RaftServerConfigKeys (ConfUtils.java:logGet(43)) - raft.server.log.segment.cache.num.max = 2 (custom)
2019-10-03 08:50:58,662 [pool-257-thread-1] INFO  server.RaftServerConfigKeys (ConfUtils.java:logGet(43)) - raft.server.log.purge.gap = 1000000 (custom)
2019-10-03 08:50:58,663 [pool-247-thread-1] INFO  segmented.SegmentedRaftLogWorker (SegmentedRaftLogWorker.java:<init>(173)) - new 75e78b3e-8e36-4489-93c9-68cf4c8c81e9@group-3743D0281236-SegmentedRaftLogWorker for RaftStorage:Storage Directory /workdir/hadoop-ozone/integration-test/target/test-dir/MiniOzoneClusterImpl-2cc19e60-fd5d-47c1-947d-bf84e7590418/datanode-4/data/ratis/1afd1e8c-d3c1-419f-a994-3743d0281236
2019-10-03 08:50:58,663 [pool-237-thread-1] INFO  server.RaftServerConfigKeys (ConfUtils.java:logGet(43)) - raft.server.log.purge.gap = 1000000 (custom)
2019-10-03 08:50:58,663 [pool-247-thread-1] INFO  server.RaftServerConfigKeys (ConfUtils.java:logGet(43)) - raft.server.log.queue.byte-limit = 2147483647 (custom)
2019-10-03 08:50:58,663 [pool-257-thread-1] INFO  server.RaftServerConfigKeys (ConfUtils.java:logGet(43)) - raft.server.log.appender.buffer.byte-limit = 33554432 (custom)
2019-10-03 08:50:58,664 [pool-247-thread-1] INFO  server.RaftServerConfigKeys (ConfUtils.java:logGet(43)) - raft.server.log.queue.element-limit = 1024 (custom)
2019-10-03 08:50:58,664 [pool-237-thread-1] INFO  server.RaftServerConfigKeys (ConfUtils.java:logGet(43)) - raft.server.log.appender.buffer.byte-limit = 33554432 (custom)
2019-10-03 08:50:58,664 [pool-247-thread-1] INFO  server.RaftServerConfigKeys (ConfUtils.java:logGet(43)) - raft.server.log.segment.size.max = 1048576 (custom)
2019-10-03 08:50:58,664 [pool-257-thread-1] INFO  server.RaftServerConfigKeys (ConfUtils.java:logGet(43)) - raft.server.log.segment.size.max = 1048576 (custom)
2019-10-03 08:50:58,665 [pool-247-thread-1] INFO  server.RaftServerConfigKeys (ConfUtils.java:logGet(43)) - raft.server.log.preallocated.size = 16384 (custom)
2019-10-03 08:50:58,664 [pool-237-thread-1] INFO  server.RaftServerConfigKeys (ConfUtils.java:logGet(43)) - raft.server.log.segment.size.max = 1048576 (custom)
2019-10-03 08:50:58,665 [pool-247-thread-1] INFO  server.RaftServerConfigKeys (ConfUtils.java:logGet(43)) - raft.server.log.write.buffer.size = 33554432 (custom)
2019-10-03 08:50:58,665 [pool-257-thread-1] INFO  server.RaftServerConfigKeys (ConfUtils.java:logGet(43)) - raft.server.log.segment.cache.num.max = 2 (custom)
2019-10-03 08:50:58,665 [pool-247-thread-1] INFO  server.RaftServerConfigKeys (ConfUtils.java:logGet(43)) - raft.server.log.force.sync.num = 128 (default)
2019-10-03 08:50:58,665 [pool-237-thread-1] INFO  server.RaftServerConfigKeys (ConfUtils.java:logGet(43)) - raft.server.log.segment.cache.num.max = 2 (custom)
2019-10-03 08:50:58,666 [pool-247-thread-1] INFO  server.RaftServerConfigKeys (ConfUtils.java:logGet(43)) - raft.server.log.statemachine.data.sync = true (default)
2019-10-03 08:50:58,666 [pool-257-thread-1] INFO  segmented.SegmentedRaftLogWorker (SegmentedRaftLogWorker.java:<init>(173)) - new 87ef41a9-db54-4cda-b853-dafe1ad95ca5@group-3743D0281236-SegmentedRaftLogWorker for RaftStorage:Storage Directory /workdir/hadoop-ozone/integration-test/target/test-dir/MiniOzoneClusterImpl-2cc19e60-fd5d-47c1-947d-bf84e7590418/datanode-5/data/ratis/1afd1e8c-d3c1-419f-a994-3743d0281236
2019-10-03 08:50:58,666 [pool-247-thread-1] INFO  server.RaftServerConfigKeys (ConfUtils.java:logGet(43)) - raft.server.log.statemachine.data.sync.timeout = 10s (default)
2019-10-03 08:50:58,666 [pool-237-thread-1] INFO  segmented.SegmentedRaftLogWorker (SegmentedRaftLogWorker.java:<init>(173)) - new e9407f97-23af-4308-8bc6-fa91708f16c4@group-3743D0281236-SegmentedRaftLogWorker for RaftStorage:Storage Directory /workdir/hadoop-ozone/integration-test/target/test-dir/MiniOzoneClusterImpl-2cc19e60-fd5d-47c1-947d-bf84e7590418/datanode-3/data/ratis/1afd1e8c-d3c1-419f-a994-3743d0281236
2019-10-03 08:50:58,667 [pool-247-thread-1] INFO  server.RaftServerConfigKeys (ConfUtils.java:logGet(43)) - raft.server.log.statemachine.data.sync.timeout.retry = -1 (default)
2019-10-03 08:50:58,666 [pool-257-thread-1] INFO  server.RaftServerConfigKeys (ConfUtils.java:logGet(43)) - raft.server.log.queue.byte-limit = 2147483647 (custom)
2019-10-03 08:50:58,667 [pool-247-thread-1] INFO  server.RaftServerConfigKeys (ConfUtils.java:logGet(43)) - raft.server.log.statemachine.data.caching.enabled = true (custom)
2019-10-03 08:50:58,667 [pool-237-thread-1] INFO  server.RaftServerConfigKeys (ConfUtils.java:logGet(43)) - raft.server.log.queue.byte-limit = 2147483647 (custom)
2019-10-03 08:50:58,668 [pool-237-thread-1] INFO  server.RaftServerConfigKeys (ConfUtils.java:logGet(43)) - raft.server.log.queue.element-limit = 1024 (custom)
2019-10-03 08:50:58,668 [pool-247-thread-1] INFO  segmented.SegmentedRaftLogWorker (SegmentedRaftLogWorker.java:lambda$new$0(128)) - 75e78b3e-8e36-4489-93c9-68cf4c8c81e9@group-3743D0281236-SegmentedRaftLogWorker: flushIndex: setUnconditionally 0 -> -1
2019-10-03 08:50:58,667 [pool-257-thread-1] INFO  server.RaftServerConfigKeys (ConfUtils.java:logGet(43)) - raft.server.log.queue.element-limit = 1024 (custom)
2019-10-03 08:50:58,668 [pool-247-thread-1] INFO  server.RaftServerConfigKeys (ConfUtils.java:logGet(43)) - raft.server.snapshot.auto.trigger.enabled = true (custom)
2019-10-03 08:50:58,668 [pool-237-thread-1] INFO  server.RaftServerConfigKeys (ConfUtils.java:logGet(43)) - raft.server.log.segment.size.max = 1048576 (custom)
2019-10-03 08:50:58,668 [pool-247-thread-1] INFO  server.RaftServerConfigKeys (ConfUtils.java:logGet(43)) - raft.server.snapshot.auto.trigger.threshold = 10000 (custom)
2019-10-03 08:50:58,668 [pool-257-thread-1] INFO  server.RaftServerConfigKeys (ConfUtils.java:logGet(43)) - raft.server.log.segment.size.max = 1048576 (custom)
2019-10-03 08:50:58,669 [pool-247-thread-1] INFO  server.RaftServerConfigKeys (ConfUtils.java:logGet(43)) - raft.server.snapshot.retention.file.num = 5 (custom)
2019-10-03 08:50:58,668 [pool-237-thread-1] INFO  server.RaftServerConfigKeys (ConfUtils.java:logGet(43)) - raft.server.log.preallocated.size = 16384 (custom)
2019-10-03 08:50:58,669 [pool-247-thread-1] INFO  server.RaftServerConfigKeys (ConfUtils.java:logGet(43)) - raft.server.retrycache.expirytime = 600000ms (custom)
2019-10-03 08:50:58,669 [pool-257-thread-1] INFO  server.RaftServerConfigKeys (ConfUtils.java:logGet(43)) - raft.server.log.preallocated.size = 16384 (custom)
2019-10-03 08:50:58,669 [pool-237-thread-1] INFO  server.RaftServerConfigKeys (ConfUtils.java:logGet(43)) - raft.server.log.write.buffer.size = 33554432 (custom)
2019-10-03 08:50:58,670 [pool-257-thread-1] INFO  server.RaftServerConfigKeys (ConfUtils.java:logGet(43)) - raft.server.log.write.buffer.size = 33554432 (custom)
2019-10-03 08:50:58,670 [pool-237-thread-1] INFO  server.RaftServerConfigKeys (ConfUtils.java:logGet(43)) - raft.server.log.force.sync.num = 128 (default)
2019-10-03 08:50:58,670 [pool-257-thread-1] INFO  server.RaftServerConfigKeys (ConfUtils.java:logGet(43)) - raft.server.log.force.sync.num = 128 (default)
2019-10-03 08:50:58,670 [pool-237-thread-1] INFO  server.RaftServerConfigKeys (ConfUtils.java:logGet(43)) - raft.server.log.statemachine.data.sync = true (default)
2019-10-03 08:50:58,671 [pool-257-thread-1] INFO  server.RaftServerConfigKeys (ConfUtils.java:logGet(43)) - raft.server.log.statemachine.data.sync = true (default)
2019-10-03 08:50:58,671 [pool-237-thread-1] INFO  server.RaftServerConfigKeys (ConfUtils.java:logGet(43)) - raft.server.log.statemachine.data.sync.timeout = 10s (default)
2019-10-03 08:50:58,671 [pool-257-thread-1] INFO  server.RaftServerConfigKeys (ConfUtils.java:logGet(43)) - raft.server.log.statemachine.data.sync.timeout = 10s (default)
2019-10-03 08:50:58,671 [pool-237-thread-1] INFO  server.RaftServerConfigKeys (ConfUtils.java:logGet(43)) - raft.server.log.statemachine.data.sync.timeout.retry = -1 (default)
2019-10-03 08:50:58,671 [pool-257-thread-1] INFO  server.RaftServerConfigKeys (ConfUtils.java:logGet(43)) - raft.server.log.statemachine.data.sync.timeout.retry = -1 (default)
2019-10-03 08:50:58,672 [pool-237-thread-1] INFO  server.RaftServerConfigKeys (ConfUtils.java:logGet(43)) - raft.server.log.statemachine.data.caching.enabled = true (custom)
2019-10-03 08:50:58,672 [pool-257-thread-1] INFO  server.RaftServerConfigKeys (ConfUtils.java:logGet(43)) - raft.server.log.statemachine.data.caching.enabled = true (custom)
2019-10-03 08:50:58,672 [pool-237-thread-1] INFO  segmented.SegmentedRaftLogWorker (SegmentedRaftLogWorker.java:lambda$new$0(128)) - e9407f97-23af-4308-8bc6-fa91708f16c4@group-3743D0281236-SegmentedRaftLogWorker: flushIndex: setUnconditionally 0 -> -1
2019-10-03 08:50:58,672 [pool-257-thread-1] INFO  segmented.SegmentedRaftLogWorker (SegmentedRaftLogWorker.java:lambda$new$0(128)) - 87ef41a9-db54-4cda-b853-dafe1ad95ca5@group-3743D0281236-SegmentedRaftLogWorker: flushIndex: setUnconditionally 0 -> -1
2019-10-03 08:50:58,672 [pool-237-thread-1] INFO  server.RaftServerConfigKeys (ConfUtils.java:logGet(43)) - raft.server.snapshot.auto.trigger.enabled = true (custom)
2019-10-03 08:50:58,673 [pool-237-thread-1] INFO  server.RaftServerConfigKeys (ConfUtils.java:logGet(43)) - raft.server.snapshot.auto.trigger.threshold = 10000 (custom)
2019-10-03 08:50:58,673 [pool-257-thread-1] INFO  server.RaftServerConfigKeys (ConfUtils.java:logGet(43)) - raft.server.snapshot.auto.trigger.enabled = true (custom)
2019-10-03 08:50:58,673 [pool-237-thread-1] INFO  server.RaftServerConfigKeys (ConfUtils.java:logGet(43)) - raft.server.snapshot.retention.file.num = 5 (custom)
2019-10-03 08:50:58,673 [pool-247-thread-1] INFO  impl.RaftServerImpl (RaftServerImpl.java:start(181)) - 75e78b3e-8e36-4489-93c9-68cf4c8c81e9@group-3743D0281236: start as a follower, conf=-1: [75e78b3e-8e36-4489-93c9-68cf4c8c81e9:192.168.151.103:33283, e9407f97-23af-4308-8bc6-fa91708f16c4:192.168.151.103:35203, 87ef41a9-db54-4cda-b853-dafe1ad95ca5:192.168.151.103:46132], old=null
2019-10-03 08:50:58,673 [pool-257-thread-1] INFO  server.RaftServerConfigKeys (ConfUtils.java:logGet(43)) - raft.server.snapshot.auto.trigger.threshold = 10000 (custom)
2019-10-03 08:50:58,673 [pool-247-thread-1] INFO  impl.RaftServerImpl (RaftServerImpl.java:setRole(170)) - 75e78b3e-8e36-4489-93c9-68cf4c8c81e9@group-3743D0281236: changes role from      null to FOLLOWER at term 0 for startAsFollower
2019-10-03 08:50:58,673 [pool-237-thread-1] INFO  server.RaftServerConfigKeys (ConfUtils.java:logGet(43)) - raft.server.retrycache.expirytime = 600000ms (custom)
2019-10-03 08:50:58,674 [pool-247-thread-1] INFO  impl.RoleInfo (RoleInfo.java:updateAndGet(143)) - 75e78b3e-8e36-4489-93c9-68cf4c8c81e9: start FollowerState
2019-10-03 08:50:58,673 [pool-257-thread-1] INFO  server.RaftServerConfigKeys (ConfUtils.java:logGet(43)) - raft.server.snapshot.retention.file.num = 5 (custom)
2019-10-03 08:50:58,674 [pool-257-thread-1] INFO  server.RaftServerConfigKeys (ConfUtils.java:logGet(43)) - raft.server.retrycache.expirytime = 600000ms (custom)
2019-10-03 08:50:58,674 [pool-247-thread-1] INFO  util.JmxRegister (JmxRegister.java:tryRegister(44)) - Successfully registered JMX Bean with object name Ratis:service=RaftServer,group=group-3743D0281236,id=75e78b3e-8e36-4489-93c9-68cf4c8c81e9
2019-10-03 08:50:58,678 [pool-237-thread-1] INFO  impl.RaftServerImpl (RaftServerImpl.java:start(181)) - e9407f97-23af-4308-8bc6-fa91708f16c4@group-3743D0281236: start as a follower, conf=-1: [75e78b3e-8e36-4489-93c9-68cf4c8c81e9:192.168.151.103:33283, e9407f97-23af-4308-8bc6-fa91708f16c4:192.168.151.103:35203, 87ef41a9-db54-4cda-b853-dafe1ad95ca5:192.168.151.103:46132], old=null
2019-10-03 08:50:58,678 [pool-237-thread-1] INFO  impl.RaftServerImpl (RaftServerImpl.java:setRole(170)) - e9407f97-23af-4308-8bc6-fa91708f16c4@group-3743D0281236: changes role from      null to FOLLOWER at term 0 for startAsFollower
2019-10-03 08:50:58,678 [pool-237-thread-1] INFO  impl.RoleInfo (RoleInfo.java:updateAndGet(143)) - e9407f97-23af-4308-8bc6-fa91708f16c4: start FollowerState
2019-10-03 08:50:58,679 [pool-237-thread-1] INFO  util.JmxRegister (JmxRegister.java:tryRegister(44)) - Successfully registered JMX Bean with object name Ratis:service=RaftServer,group=group-3743D0281236,id=e9407f97-23af-4308-8bc6-fa91708f16c4
2019-10-03 08:50:58,679 [pool-257-thread-1] INFO  impl.RaftServerImpl (RaftServerImpl.java:start(181)) - 87ef41a9-db54-4cda-b853-dafe1ad95ca5@group-3743D0281236: start as a follower, conf=-1: [75e78b3e-8e36-4489-93c9-68cf4c8c81e9:192.168.151.103:33283, e9407f97-23af-4308-8bc6-fa91708f16c4:192.168.151.103:35203, 87ef41a9-db54-4cda-b853-dafe1ad95ca5:192.168.151.103:46132], old=null
2019-10-03 08:50:58,679 [pool-257-thread-1] INFO  impl.RaftServerImpl (RaftServerImpl.java:setRole(170)) - 87ef41a9-db54-4cda-b853-dafe1ad95ca5@group-3743D0281236: changes role from      null to FOLLOWER at term 0 for startAsFollower
2019-10-03 08:50:58,680 [pool-257-thread-1] INFO  impl.RoleInfo (RoleInfo.java:updateAndGet(143)) - 87ef41a9-db54-4cda-b853-dafe1ad95ca5: start FollowerState
2019-10-03 08:50:58,680 [pool-257-thread-1] INFO  util.JmxRegister (JmxRegister.java:tryRegister(44)) - Successfully registered JMX Bean with object name Ratis:service=RaftServer,group=group-3743D0281236,id=87ef41a9-db54-4cda-b853-dafe1ad95ca5
2019-10-03 08:50:58,694 [RatisPipelineUtilsThread] INFO  pipeline.PipelineStateManager (PipelineStateManager.java:addPipeline(56)) - Created pipeline Pipeline[ Id: 1afd1e8c-d3c1-419f-a994-3743d0281236, Nodes: 75e78b3e-8e36-4489-93c9-68cf4c8c81e9{ip: 192.168.151.103, host: pr-hdds-2234-ztsc4-2614151736, networkLocation: /default-rack, certSerialId: null}87ef41a9-db54-4cda-b853-dafe1ad95ca5{ip: 192.168.151.103, host: pr-hdds-2234-ztsc4-2614151736, networkLocation: /default-rack, certSerialId: null}e9407f97-23af-4308-8bc6-fa91708f16c4{ip: 192.168.151.103, host: pr-hdds-2234-ztsc4-2614151736, networkLocation: /default-rack, certSerialId: null}, Type:RATIS, Factor:THREE, State:OPEN]
2019-10-03 08:50:59,408 [main] INFO  ozone.MiniOzoneClusterImpl (MiniOzoneClusterImpl.java:lambda$waitForClusterToBeReady$0(147)) - Cluster is ready. Got 7 of 7 DN Heartbeats.
2019-10-03 08:50:59,442 [main] INFO  rpc.RpcClient (RpcClient.java:createVolume(277)) - Creating Volume: watchforcommithandlingtest, with jenkins1000 as owner.
2019-10-03 08:50:59,446 [IPC Server handler 3 on 43054] INFO  volume.OMVolumeCreateRequest (OMVolumeCreateRequest.java:validateAndUpdateCache(193)) - created volume:watchforcommithandlingtest for user:jenkins1000
2019-10-03 08:50:59,457 [main] INFO  rpc.RpcClient (RpcClient.java:createBucket(416)) - Creating Bucket: watchforcommithandlingtest/watchforcommithandlingtest, with Versioning false and Storage Type set to DISK and Encryption set to false 
2019-10-03 08:50:59,461 [main] INFO  ozone.MiniOzoneClusterImpl (MiniOzoneClusterImpl.java:getStorageContainerLocationClient(234)) - Creating StorageContainerLocationProtocol RPC client with address /0.0.0.0:39506
2019-10-03 08:51:01,026 [Thread-1433] INFO  container.ReplicationManager (ReplicationManager.java:start(162)) - Starting Replication Monitor Thread.
2019-10-03 08:51:01,030 [ReplicationMonitor] INFO  container.ReplicationManager (ReplicationManager.java:run(225)) - Replication Monitor Thread took 0 milliseconds for processing 1 containers.
2019-10-03 08:51:03,107 [Thread-1435] INFO  impl.FollowerState (FollowerState.java:run(108)) - 0fd4a3fd-1acf-4517-a260-f29a17e7fdef@group-D3E41F32ACE6-FollowerState: change to CANDIDATE, lastRpcTime:5032ms, electionTimeout:5032ms
2019-10-03 08:51:03,108 [Thread-1435] INFO  impl.RoleInfo (RoleInfo.java:shutdownFollowerState(121)) - 0fd4a3fd-1acf-4517-a260-f29a17e7fdef: shutdown FollowerState
2019-10-03 08:51:03,108 [Thread-1435] INFO  impl.RaftServerImpl (RaftServerImpl.java:setRole(170)) - 0fd4a3fd-1acf-4517-a260-f29a17e7fdef@group-D3E41F32ACE6: changes role from  FOLLOWER to CANDIDATE at term 0 for changeToCandidate
2019-10-03 08:51:03,108 [Thread-1435] INFO  impl.RoleInfo (RoleInfo.java:updateAndGet(143)) - 0fd4a3fd-1acf-4517-a260-f29a17e7fdef: start LeaderElection
2019-10-03 08:51:03,249 [Thread-1441] INFO  impl.FollowerState (FollowerState.java:run(108)) - 576c1584-98eb-4342-a4b5-132ff6e862cb@group-A64E3438B84A-FollowerState: change to CANDIDATE, lastRpcTime:5045ms, electionTimeout:5045ms
2019-10-03 08:51:03,249 [Thread-1441] INFO  impl.RoleInfo (RoleInfo.java:shutdownFollowerState(121)) - 576c1584-98eb-4342-a4b5-132ff6e862cb: shutdown FollowerState
2019-10-03 08:51:03,249 [Thread-1441] INFO  impl.RaftServerImpl (RaftServerImpl.java:setRole(170)) - 576c1584-98eb-4342-a4b5-132ff6e862cb@group-A64E3438B84A: changes role from  FOLLOWER to CANDIDATE at term 0 for changeToCandidate
2019-10-03 08:51:03,249 [Thread-1441] INFO  impl.RoleInfo (RoleInfo.java:updateAndGet(143)) - 576c1584-98eb-4342-a4b5-132ff6e862cb: start LeaderElection
2019-10-03 08:51:03,268 [Thread-1438] INFO  impl.FollowerState (FollowerState.java:run(108)) - 44dfefca-9cc0-4191-be09-9e0ba236227c@group-F361C660E5B3-FollowerState: change to CANDIDATE, lastRpcTime:5119ms, electionTimeout:5119ms
2019-10-03 08:51:03,268 [Thread-1438] INFO  impl.RoleInfo (RoleInfo.java:shutdownFollowerState(121)) - 44dfefca-9cc0-4191-be09-9e0ba236227c: shutdown FollowerState
2019-10-03 08:51:03,268 [Thread-1438] INFO  impl.RaftServerImpl (RaftServerImpl.java:setRole(170)) - 44dfefca-9cc0-4191-be09-9e0ba236227c@group-F361C660E5B3: changes role from  FOLLOWER to CANDIDATE at term 0 for changeToCandidate
2019-10-03 08:51:03,268 [Thread-1438] INFO  impl.RoleInfo (RoleInfo.java:updateAndGet(143)) - 44dfefca-9cc0-4191-be09-9e0ba236227c: start LeaderElection
2019-10-03 08:51:03,283 [Thread-1448] INFO  impl.FollowerState (FollowerState.java:run(108)) - 44dfefca-9cc0-4191-be09-9e0ba236227c@group-A4E22CE81F32-FollowerState: change to CANDIDATE, lastRpcTime:5000ms, electionTimeout:5000ms
2019-10-03 08:51:03,283 [Thread-1448] INFO  impl.RoleInfo (RoleInfo.java:shutdownFollowerState(121)) - 44dfefca-9cc0-4191-be09-9e0ba236227c: shutdown FollowerState
2019-10-03 08:51:03,283 [Thread-1448] INFO  impl.RaftServerImpl (RaftServerImpl.java:setRole(170)) - 44dfefca-9cc0-4191-be09-9e0ba236227c@group-A4E22CE81F32: changes role from  FOLLOWER to CANDIDATE at term 0 for changeToCandidate
2019-10-03 08:51:03,283 [Thread-1448] INFO  impl.RoleInfo (RoleInfo.java:updateAndGet(143)) - 44dfefca-9cc0-4191-be09-9e0ba236227c: start LeaderElection
2019-10-03 08:51:03,351 [576c1584-98eb-4342-a4b5-132ff6e862cb@group-A64E3438B84A-LeaderElection31] INFO  impl.LeaderElection (LeaderElection.java:askForVotes(178)) - 576c1584-98eb-4342-a4b5-132ff6e862cb@group-A64E3438B84A-LeaderElection31: begin an election at term 1 for -1: [576c1584-98eb-4342-a4b5-132ff6e862cb:192.168.151.103:36834], old=null
2019-10-03 08:51:03,351 [0fd4a3fd-1acf-4517-a260-f29a17e7fdef@group-D3E41F32ACE6-LeaderElection30] INFO  impl.LeaderElection (LeaderElection.java:askForVotes(178)) - 0fd4a3fd-1acf-4517-a260-f29a17e7fdef@group-D3E41F32ACE6-LeaderElection30: begin an election at term 1 for -1: [0fd4a3fd-1acf-4517-a260-f29a17e7fdef:192.168.151.103:38568], old=null
2019-10-03 08:51:03,352 [576c1584-98eb-4342-a4b5-132ff6e862cb@group-A64E3438B84A-LeaderElection31] INFO  impl.RoleInfo (RoleInfo.java:shutdownLeaderElection(134)) - 576c1584-98eb-4342-a4b5-132ff6e862cb: shutdown LeaderElection
2019-10-03 08:51:03,351 [44dfefca-9cc0-4191-be09-9e0ba236227c@group-F361C660E5B3-LeaderElection32] INFO  impl.LeaderElection (LeaderElection.java:askForVotes(178)) - 44dfefca-9cc0-4191-be09-9e0ba236227c@group-F361C660E5B3-LeaderElection32: begin an election at term 1 for -1: [44dfefca-9cc0-4191-be09-9e0ba236227c:192.168.151.103:42619], old=null
2019-10-03 08:51:03,351 [44dfefca-9cc0-4191-be09-9e0ba236227c@group-A4E22CE81F32-LeaderElection33] INFO  impl.LeaderElection (LeaderElection.java:askForVotes(178)) - 44dfefca-9cc0-4191-be09-9e0ba236227c@group-A4E22CE81F32-LeaderElection33: begin an election at term 1 for -1: [44dfefca-9cc0-4191-be09-9e0ba236227c:192.168.151.103:42619, 576c1584-98eb-4342-a4b5-132ff6e862cb:192.168.151.103:36834, 0fd4a3fd-1acf-4517-a260-f29a17e7fdef:192.168.151.103:38568], old=null
2019-10-03 08:51:03,352 [44dfefca-9cc0-4191-be09-9e0ba236227c@group-F361C660E5B3-LeaderElection32] INFO  impl.RoleInfo (RoleInfo.java:shutdownLeaderElection(134)) - 44dfefca-9cc0-4191-be09-9e0ba236227c: shutdown LeaderElection
2019-10-03 08:51:03,352 [576c1584-98eb-4342-a4b5-132ff6e862cb@group-A64E3438B84A-LeaderElection31] INFO  impl.RaftServerImpl (RaftServerImpl.java:setRole(170)) - 576c1584-98eb-4342-a4b5-132ff6e862cb@group-A64E3438B84A: changes role from CANDIDATE to LEADER at term 1 for changeToLeader
2019-10-03 08:51:03,352 [0fd4a3fd-1acf-4517-a260-f29a17e7fdef@group-D3E41F32ACE6-LeaderElection30] INFO  impl.RoleInfo (RoleInfo.java:shutdownLeaderElection(134)) - 0fd4a3fd-1acf-4517-a260-f29a17e7fdef: shutdown LeaderElection
2019-10-03 08:51:03,352 [576c1584-98eb-4342-a4b5-132ff6e862cb@group-A64E3438B84A-LeaderElection31] INFO  impl.RaftServerImpl (ServerState.java:setLeader(255)) - 576c1584-98eb-4342-a4b5-132ff6e862cb@group-A64E3438B84A: change Leader from null to 576c1584-98eb-4342-a4b5-132ff6e862cb at term 1 for becomeLeader, leader elected after 5155ms
2019-10-03 08:51:03,352 [44dfefca-9cc0-4191-be09-9e0ba236227c@group-F361C660E5B3-LeaderElection32] INFO  impl.RaftServerImpl (RaftServerImpl.java:setRole(170)) - 44dfefca-9cc0-4191-be09-9e0ba236227c@group-F361C660E5B3: changes role from CANDIDATE to LEADER at term 1 for changeToLeader
2019-10-03 08:51:03,353 [576c1584-98eb-4342-a4b5-132ff6e862cb@group-A64E3438B84A-LeaderElection31] INFO  server.RaftServerConfigKeys (ConfUtils.java:logGet(43)) - raft.server.staging.catchup.gap = 1000 (default)
2019-10-03 08:51:03,353 [0fd4a3fd-1acf-4517-a260-f29a17e7fdef@group-D3E41F32ACE6-LeaderElection30] INFO  impl.RaftServerImpl (RaftServerImpl.java:setRole(170)) - 0fd4a3fd-1acf-4517-a260-f29a17e7fdef@group-D3E41F32ACE6: changes role from CANDIDATE to LEADER at term 1 for changeToLeader
2019-10-03 08:51:03,353 [576c1584-98eb-4342-a4b5-132ff6e862cb@group-A64E3438B84A-LeaderElection31] INFO  server.RaftServerConfigKeys (ConfUtils.java:logGet(43)) - raft.server.rpc.sleep.time = 25ms (default)
2019-10-03 08:51:03,353 [44dfefca-9cc0-4191-be09-9e0ba236227c@group-F361C660E5B3-LeaderElection32] INFO  impl.RaftServerImpl (ServerState.java:setLeader(255)) - 44dfefca-9cc0-4191-be09-9e0ba236227c@group-F361C660E5B3: change Leader from null to 44dfefca-9cc0-4191-be09-9e0ba236227c at term 1 for becomeLeader, leader elected after 5210ms
2019-10-03 08:51:03,354 [576c1584-98eb-4342-a4b5-132ff6e862cb@group-A64E3438B84A-LeaderElection31] INFO  server.RaftServerConfigKeys (ConfUtils.java:logGet(43)) - raft.server.write.element-limit = 4096 (default)
2019-10-03 08:51:03,353 [0fd4a3fd-1acf-4517-a260-f29a17e7fdef@group-D3E41F32ACE6-LeaderElection30] INFO  impl.RaftServerImpl (ServerState.java:setLeader(255)) - 0fd4a3fd-1acf-4517-a260-f29a17e7fdef@group-D3E41F32ACE6: change Leader from null to 0fd4a3fd-1acf-4517-a260-f29a17e7fdef at term 1 for becomeLeader, leader elected after 5286ms
2019-10-03 08:51:03,354 [576c1584-98eb-4342-a4b5-132ff6e862cb@group-A64E3438B84A-LeaderElection31] INFO  server.RaftServerConfigKeys (ConfUtils.java:logGet(43)) - raft.server.watch.timeout = 10s (default)
2019-10-03 08:51:03,354 [44dfefca-9cc0-4191-be09-9e0ba236227c@group-F361C660E5B3-LeaderElection32] INFO  server.RaftServerConfigKeys (ConfUtils.java:logGet(43)) - raft.server.staging.catchup.gap = 1000 (default)
2019-10-03 08:51:03,354 [576c1584-98eb-4342-a4b5-132ff6e862cb@group-A64E3438B84A-LeaderElection31] INFO  server.RaftServerConfigKeys (ConfUtils.java:logGet(43)) - raft.server.watch.timeout.denomination = 1s (default)
2019-10-03 08:51:03,354 [0fd4a3fd-1acf-4517-a260-f29a17e7fdef@group-D3E41F32ACE6-LeaderElection30] INFO  server.RaftServerConfigKeys (ConfUtils.java:logGet(43)) - raft.server.staging.catchup.gap = 1000 (default)
2019-10-03 08:51:03,354 [576c1584-98eb-4342-a4b5-132ff6e862cb@group-A64E3438B84A-LeaderElection31] INFO  server.RaftServerConfigKeys (ConfUtils.java:logGet(43)) - raft.server.watch.element-limit = 65536 (default)
2019-10-03 08:51:03,354 [44dfefca-9cc0-4191-be09-9e0ba236227c@group-F361C660E5B3-LeaderElection32] INFO  server.RaftServerConfigKeys (ConfUtils.java:logGet(43)) - raft.server.rpc.sleep.time = 25ms (default)
2019-10-03 08:51:03,354 [0fd4a3fd-1acf-4517-a260-f29a17e7fdef@group-D3E41F32ACE6-LeaderElection30] INFO  server.RaftServerConfigKeys (ConfUtils.java:logGet(43)) - raft.server.rpc.sleep.time = 25ms (default)
2019-10-03 08:51:03,355 [44dfefca-9cc0-4191-be09-9e0ba236227c@group-F361C660E5B3-LeaderElection32] INFO  server.RaftServerConfigKeys (ConfUtils.java:logGet(43)) - raft.server.write.element-limit = 4096 (default)
2019-10-03 08:51:03,355 [0fd4a3fd-1acf-4517-a260-f29a17e7fdef@group-D3E41F32ACE6-LeaderElection30] INFO  server.RaftServerConfigKeys (ConfUtils.java:logGet(43)) - raft.server.write.element-limit = 4096 (default)
2019-10-03 08:51:03,355 [44dfefca-9cc0-4191-be09-9e0ba236227c@group-F361C660E5B3-LeaderElection32] INFO  server.RaftServerConfigKeys (ConfUtils.java:logGet(43)) - raft.server.watch.timeout = 10s (default)
2019-10-03 08:51:03,355 [0fd4a3fd-1acf-4517-a260-f29a17e7fdef@group-D3E41F32ACE6-LeaderElection30] INFO  server.RaftServerConfigKeys (ConfUtils.java:logGet(43)) - raft.server.watch.timeout = 10s (default)
2019-10-03 08:51:03,355 [44dfefca-9cc0-4191-be09-9e0ba236227c@group-F361C660E5B3-LeaderElection32] INFO  server.RaftServerConfigKeys (ConfUtils.java:logGet(43)) - raft.server.watch.timeout.denomination = 1s (default)
2019-10-03 08:51:03,356 [0fd4a3fd-1acf-4517-a260-f29a17e7fdef@group-D3E41F32ACE6-LeaderElection30] INFO  server.RaftServerConfigKeys (ConfUtils.java:logGet(43)) - raft.server.watch.timeout.denomination = 1s (default)
2019-10-03 08:51:03,356 [44dfefca-9cc0-4191-be09-9e0ba236227c@group-F361C660E5B3-LeaderElection32] INFO  server.RaftServerConfigKeys (ConfUtils.java:logGet(43)) - raft.server.watch.element-limit = 65536 (default)
2019-10-03 08:51:03,356 [0fd4a3fd-1acf-4517-a260-f29a17e7fdef@group-D3E41F32ACE6-LeaderElection30] INFO  server.RaftServerConfigKeys (ConfUtils.java:logGet(43)) - raft.server.watch.element-limit = 65536 (default)
2019-10-03 08:51:03,363 [grpc-default-executor-3] INFO  impl.RaftServerImpl (RaftServerImpl.java:setRole(170)) - 576c1584-98eb-4342-a4b5-132ff6e862cb@group-A4E22CE81F32: changes role from  FOLLOWER to FOLLOWER at term 1 for recognizeCandidate:44dfefca-9cc0-4191-be09-9e0ba236227c
2019-10-03 08:51:03,366 [grpc-default-executor-6] INFO  impl.RaftServerImpl (RaftServerImpl.java:setRole(170)) - 0fd4a3fd-1acf-4517-a260-f29a17e7fdef@group-A4E22CE81F32: changes role from  FOLLOWER to FOLLOWER at term 1 for recognizeCandidate:44dfefca-9cc0-4191-be09-9e0ba236227c
2019-10-03 08:51:03,366 [grpc-default-executor-3] INFO  impl.RoleInfo (RoleInfo.java:shutdownFollowerState(121)) - 576c1584-98eb-4342-a4b5-132ff6e862cb: shutdown FollowerState
2019-10-03 08:51:03,366 [576c1584-98eb-4342-a4b5-132ff6e862cb@group-A64E3438B84A-LeaderElection31] INFO  impl.RoleInfo (RoleInfo.java:updateAndGet(143)) - 576c1584-98eb-4342-a4b5-132ff6e862cb: start LeaderState
2019-10-03 08:51:03,367 [Thread-1444] INFO  impl.FollowerState (FollowerState.java:run(117)) - 576c1584-98eb-4342-a4b5-132ff6e862cb@group-A4E22CE81F32-FollowerState was interrupted: java.lang.InterruptedException: sleep interrupted
2019-10-03 08:51:03,367 [grpc-default-executor-3] INFO  impl.RoleInfo (RoleInfo.java:updateAndGet(143)) - 576c1584-98eb-4342-a4b5-132ff6e862cb: start FollowerState
2019-10-03 08:51:03,367 [grpc-default-executor-6] INFO  impl.RoleInfo (RoleInfo.java:shutdownFollowerState(121)) - 0fd4a3fd-1acf-4517-a260-f29a17e7fdef: shutdown FollowerState
2019-10-03 08:51:03,370 [576c1584-98eb-4342-a4b5-132ff6e862cb@group-A64E3438B84A-LeaderElection31] INFO  segmented.SegmentedRaftLogWorker (SegmentedRaftLogWorker.java:startLogSegment(385)) - 576c1584-98eb-4342-a4b5-132ff6e862cb@group-A64E3438B84A-SegmentedRaftLogWorker: Starting segment from index:0
2019-10-03 08:51:03,370 [Thread-1449] INFO  impl.FollowerState (FollowerState.java:run(117)) - 0fd4a3fd-1acf-4517-a260-f29a17e7fdef@group-A4E22CE81F32-FollowerState was interrupted: java.lang.InterruptedException: sleep interrupted
2019-10-03 08:51:03,370 [44dfefca-9cc0-4191-be09-9e0ba236227c@group-F361C660E5B3-LeaderElection32] INFO  impl.RoleInfo (RoleInfo.java:updateAndGet(143)) - 44dfefca-9cc0-4191-be09-9e0ba236227c: start LeaderState
2019-10-03 08:51:03,370 [grpc-default-executor-6] INFO  impl.RoleInfo (RoleInfo.java:updateAndGet(143)) - 0fd4a3fd-1acf-4517-a260-f29a17e7fdef: start FollowerState
2019-10-03 08:51:03,373 [44dfefca-9cc0-4191-be09-9e0ba236227c@group-F361C660E5B3-LeaderElection32] INFO  segmented.SegmentedRaftLogWorker (SegmentedRaftLogWorker.java:startLogSegment(385)) - 44dfefca-9cc0-4191-be09-9e0ba236227c@group-F361C660E5B3-SegmentedRaftLogWorker: Starting segment from index:0
2019-10-03 08:51:03,374 [576c1584-98eb-4342-a4b5-132ff6e862cb@group-A64E3438B84A-LeaderElection31] INFO  impl.RaftServerImpl (ServerState.java:setRaftConf(356)) - 576c1584-98eb-4342-a4b5-132ff6e862cb@group-A64E3438B84A: set configuration 0: [576c1584-98eb-4342-a4b5-132ff6e862cb:192.168.151.103:36834], old=null at 0
2019-10-03 08:51:03,374 [44dfefca-9cc0-4191-be09-9e0ba236227c@group-F361C660E5B3-LeaderElection32] INFO  impl.RaftServerImpl (ServerState.java:setRaftConf(356)) - 44dfefca-9cc0-4191-be09-9e0ba236227c@group-F361C660E5B3: set configuration 0: [44dfefca-9cc0-4191-be09-9e0ba236227c:192.168.151.103:42619], old=null at 0
2019-10-03 08:51:03,375 [0fd4a3fd-1acf-4517-a260-f29a17e7fdef@group-D3E41F32ACE6-LeaderElection30] INFO  impl.RoleInfo (RoleInfo.java:updateAndGet(143)) - 0fd4a3fd-1acf-4517-a260-f29a17e7fdef: start LeaderState
2019-10-03 08:51:03,375 [0fd4a3fd-1acf-4517-a260-f29a17e7fdef@group-D3E41F32ACE6-LeaderElection30] INFO  segmented.SegmentedRaftLogWorker (SegmentedRaftLogWorker.java:startLogSegment(385)) - 0fd4a3fd-1acf-4517-a260-f29a17e7fdef@group-D3E41F32ACE6-SegmentedRaftLogWorker: Starting segment from index:0
2019-10-03 08:51:03,376 [0fd4a3fd-1acf-4517-a260-f29a17e7fdef@group-D3E41F32ACE6-LeaderElection30] INFO  impl.RaftServerImpl (ServerState.java:setRaftConf(356)) - 0fd4a3fd-1acf-4517-a260-f29a17e7fdef@group-D3E41F32ACE6: set configuration 0: [0fd4a3fd-1acf-4517-a260-f29a17e7fdef:192.168.151.103:38568], old=null at 0
2019-10-03 08:51:03,428 [44dfefca-9cc0-4191-be09-9e0ba236227c@group-A4E22CE81F32-LeaderElection33] INFO  impl.LeaderElection (LeaderElection.java:logAndReturn(56)) - 44dfefca-9cc0-4191-be09-9e0ba236227c@group-A4E22CE81F32-LeaderElection33: Election PASSED; received 1 response(s) [44dfefca-9cc0-4191-be09-9e0ba236227c<-0fd4a3fd-1acf-4517-a260-f29a17e7fdef#0:OK-t1] and 0 exception(s); 44dfefca-9cc0-4191-be09-9e0ba236227c@group-A4E22CE81F32:t1, leader=null, voted=44dfefca-9cc0-4191-be09-9e0ba236227c, raftlog=44dfefca-9cc0-4191-be09-9e0ba236227c@group-A4E22CE81F32-SegmentedRaftLog:OPENED:c-1,f-1,i0, conf=-1: [44dfefca-9cc0-4191-be09-9e0ba236227c:192.168.151.103:42619, 576c1584-98eb-4342-a4b5-132ff6e862cb:192.168.151.103:36834, 0fd4a3fd-1acf-4517-a260-f29a17e7fdef:192.168.151.103:38568], old=null
2019-10-03 08:51:03,428 [44dfefca-9cc0-4191-be09-9e0ba236227c@group-A4E22CE81F32-LeaderElection33] INFO  impl.RoleInfo (RoleInfo.java:shutdownLeaderElection(134)) - 44dfefca-9cc0-4191-be09-9e0ba236227c: shutdown LeaderElection
2019-10-03 08:51:03,428 [44dfefca-9cc0-4191-be09-9e0ba236227c@group-A4E22CE81F32-LeaderElection33] INFO  impl.RaftServerImpl (RaftServerImpl.java:setRole(170)) - 44dfefca-9cc0-4191-be09-9e0ba236227c@group-A4E22CE81F32: changes role from CANDIDATE to LEADER at term 1 for changeToLeader
2019-10-03 08:51:03,428 [44dfefca-9cc0-4191-be09-9e0ba236227c@group-A4E22CE81F32-LeaderElection33] INFO  impl.RaftServerImpl (ServerState.java:setLeader(255)) - 44dfefca-9cc0-4191-be09-9e0ba236227c@group-A4E22CE81F32: change Leader from null to 44dfefca-9cc0-4191-be09-9e0ba236227c at term 1 for becomeLeader, leader elected after 5162ms
2019-10-03 08:51:03,428 [44dfefca-9cc0-4191-be09-9e0ba236227c@group-A4E22CE81F32-LeaderElection33] INFO  server.RaftServerConfigKeys (ConfUtils.java:logGet(43)) - raft.server.staging.catchup.gap = 1000 (default)
2019-10-03 08:51:03,428 [44dfefca-9cc0-4191-be09-9e0ba236227c@group-A4E22CE81F32-LeaderElection33] INFO  server.RaftServerConfigKeys (ConfUtils.java:logGet(43)) - raft.server.rpc.sleep.time = 25ms (default)
2019-10-03 08:51:03,429 [44dfefca-9cc0-4191-be09-9e0ba236227c@group-A4E22CE81F32-LeaderElection33] INFO  server.RaftServerConfigKeys (ConfUtils.java:logGet(43)) - raft.server.write.element-limit = 4096 (default)
2019-10-03 08:51:03,429 [44dfefca-9cc0-4191-be09-9e0ba236227c@group-A4E22CE81F32-LeaderElection33] INFO  server.RaftServerConfigKeys (ConfUtils.java:logGet(43)) - raft.server.watch.timeout = 10s (default)
2019-10-03 08:51:03,429 [44dfefca-9cc0-4191-be09-9e0ba236227c@group-A4E22CE81F32-LeaderElection33] INFO  server.RaftServerConfigKeys (ConfUtils.java:logGet(43)) - raft.server.watch.timeout.denomination = 1s (default)
2019-10-03 08:51:03,429 [44dfefca-9cc0-4191-be09-9e0ba236227c@group-A4E22CE81F32-LeaderElection33] INFO  server.RaftServerConfigKeys (ConfUtils.java:logGet(43)) - raft.server.watch.element-limit = 65536 (default)
2019-10-03 08:51:03,431 [44dfefca-9cc0-4191-be09-9e0ba236227c@group-A4E22CE81F32-LeaderElection33] INFO  server.RaftServerConfigKeys (ConfUtils.java:logGet(43)) - raft.server.log.appender.snapshot.chunk.size.max = 16MB (=16777216) (default)
2019-10-03 08:51:03,432 [44dfefca-9cc0-4191-be09-9e0ba236227c@group-A4E22CE81F32-LeaderElection33] INFO  server.RaftServerConfigKeys (ConfUtils.java:logGet(43)) - raft.server.log.appender.buffer.byte-limit = 33554432 (custom)
2019-10-03 08:51:03,432 [44dfefca-9cc0-4191-be09-9e0ba236227c@group-A4E22CE81F32-LeaderElection33] INFO  server.RaftServerConfigKeys (ConfUtils.java:logGet(43)) - raft.server.log.appender.buffer.element-limit = 1 (custom)
2019-10-03 08:51:03,432 [44dfefca-9cc0-4191-be09-9e0ba236227c@group-A4E22CE81F32-LeaderElection33] INFO  grpc.GrpcConfigKeys$Server (ConfUtils.java:logGet(43)) - raft.grpc.server.leader.outstanding.appends.max = 128 (default)
2019-10-03 08:51:03,432 [44dfefca-9cc0-4191-be09-9e0ba236227c@group-A4E22CE81F32-LeaderElection33] INFO  server.RaftServerConfigKeys (ConfUtils.java:logGet(43)) - raft.server.rpc.request.timeout = 3000ms (default)
2019-10-03 08:51:03,432 [44dfefca-9cc0-4191-be09-9e0ba236227c@group-A4E22CE81F32-LeaderElection33] INFO  server.RaftServerConfigKeys (ConfUtils.java:logGet(43)) - raft.server.log.appender.install.snapshot.enabled = false (custom)
2019-10-03 08:51:03,433 [44dfefca-9cc0-4191-be09-9e0ba236227c@group-A4E22CE81F32-LeaderElection33] INFO  server.RaftServerConfigKeys (ConfUtils.java:logGet(43)) - raft.server.log.appender.snapshot.chunk.size.max = 16MB (=16777216) (default)
2019-10-03 08:51:03,433 [44dfefca-9cc0-4191-be09-9e0ba236227c@group-A4E22CE81F32-LeaderElection33] INFO  server.RaftServerConfigKeys (ConfUtils.java:logGet(43)) - raft.server.log.appender.buffer.byte-limit = 33554432 (custom)
2019-10-03 08:51:03,433 [44dfefca-9cc0-4191-be09-9e0ba236227c@group-A4E22CE81F32-LeaderElection33] INFO  server.RaftServerConfigKeys (ConfUtils.java:logGet(43)) - raft.server.log.appender.buffer.element-limit = 1 (custom)
2019-10-03 08:51:03,433 [44dfefca-9cc0-4191-be09-9e0ba236227c@group-A4E22CE81F32-LeaderElection33] INFO  grpc.GrpcConfigKeys$Server (ConfUtils.java:logGet(43)) - raft.grpc.server.leader.outstanding.appends.max = 128 (default)
2019-10-03 08:51:03,433 [44dfefca-9cc0-4191-be09-9e0ba236227c@group-A4E22CE81F32-LeaderElection33] INFO  server.RaftServerConfigKeys (ConfUtils.java:logGet(43)) - raft.server.rpc.request.timeout = 3000ms (default)
2019-10-03 08:51:03,433 [44dfefca-9cc0-4191-be09-9e0ba236227c@group-A4E22CE81F32-LeaderElection33] INFO  server.RaftServerConfigKeys (ConfUtils.java:logGet(43)) - raft.server.log.appender.install.snapshot.enabled = false (custom)
2019-10-03 08:51:03,434 [44dfefca-9cc0-4191-be09-9e0ba236227c@group-A4E22CE81F32-LeaderElection33] INFO  impl.RoleInfo (RoleInfo.java:updateAndGet(143)) - 44dfefca-9cc0-4191-be09-9e0ba236227c: start LeaderState
2019-10-03 08:51:03,434 [44dfefca-9cc0-4191-be09-9e0ba236227c@group-A4E22CE81F32-LeaderElection33] INFO  segmented.SegmentedRaftLogWorker (SegmentedRaftLogWorker.java:startLogSegment(385)) - 44dfefca-9cc0-4191-be09-9e0ba236227c@group-A4E22CE81F32-SegmentedRaftLogWorker: Starting segment from index:0
2019-10-03 08:51:03,435 [44dfefca-9cc0-4191-be09-9e0ba236227c@group-A4E22CE81F32-LeaderElection33] INFO  impl.RaftServerImpl (ServerState.java:setRaftConf(356)) - 44dfefca-9cc0-4191-be09-9e0ba236227c@group-A4E22CE81F32: set configuration 0: [44dfefca-9cc0-4191-be09-9e0ba236227c:192.168.151.103:42619, 576c1584-98eb-4342-a4b5-132ff6e862cb:192.168.151.103:36834, 0fd4a3fd-1acf-4517-a260-f29a17e7fdef:192.168.151.103:38568], old=null at 0
2019-10-03 08:51:03,437 [grpc-default-executor-3] INFO  impl.RaftServerImpl (ServerState.java:setLeader(255)) - 576c1584-98eb-4342-a4b5-132ff6e862cb@group-A4E22CE81F32: change Leader from null to 44dfefca-9cc0-4191-be09-9e0ba236227c at term 1 for appendEntries, leader elected after 5170ms
2019-10-03 08:51:03,476 [Thread-1453] INFO  impl.FollowerState (FollowerState.java:run(108)) - 75e78b3e-8e36-4489-93c9-68cf4c8c81e9@group-11B28612116B-FollowerState: change to CANDIDATE, lastRpcTime:5078ms, electionTimeout:5071ms
2019-10-03 08:51:03,477 [Thread-1453] INFO  impl.RoleInfo (RoleInfo.java:shutdownFollowerState(121)) - 75e78b3e-8e36-4489-93c9-68cf4c8c81e9: shutdown FollowerState
2019-10-03 08:51:03,477 [Thread-1453] INFO  impl.RaftServerImpl (RaftServerImpl.java:setRole(170)) - 75e78b3e-8e36-4489-93c9-68cf4c8c81e9@group-11B28612116B: changes role from  FOLLOWER to CANDIDATE at term 0 for changeToCandidate
2019-10-03 08:51:03,477 [44dfefca-9cc0-4191-be09-9e0ba236227c@group-F361C660E5B3-SegmentedRaftLogWorker] INFO  segmented.SegmentedRaftLogWorker (SegmentedRaftLogWorker.java:execute(574)) - 44dfefca-9cc0-4191-be09-9e0ba236227c@group-F361C660E5B3-SegmentedRaftLogWorker: created new log segment /workdir/hadoop-ozone/integration-test/target/test-dir/MiniOzoneClusterImpl-2cc19e60-fd5d-47c1-947d-bf84e7590418/datanode-1/data/ratis/cab34ef2-6f0b-4c58-831a-f361c660e5b3/current/log_inprogress_0
2019-10-03 08:51:03,477 [0fd4a3fd-1acf-4517-a260-f29a17e7fdef@group-D3E41F32ACE6-SegmentedRaftLogWorker] INFO  segmented.SegmentedRaftLogWorker (SegmentedRaftLogWorker.java:execute(574)) - 0fd4a3fd-1acf-4517-a260-f29a17e7fdef@group-D3E41F32ACE6-SegmentedRaftLogWorker: created new log segment /workdir/hadoop-ozone/integration-test/target/test-dir/MiniOzoneClusterImpl-2cc19e60-fd5d-47c1-947d-bf84e7590418/datanode-0/data/ratis/a30105d9-a790-46b7-bb51-d3e41f32ace6/current/log_inprogress_0
2019-10-03 08:51:03,477 [576c1584-98eb-4342-a4b5-132ff6e862cb@group-A64E3438B84A-SegmentedRaftLogWorker] INFO  segmented.SegmentedRaftLogWorker (SegmentedRaftLogWorker.java:execute(574)) - 576c1584-98eb-4342-a4b5-132ff6e862cb@group-A64E3438B84A-SegmentedRaftLogWorker: created new log segment /workdir/hadoop-ozone/integration-test/target/test-dir/MiniOzoneClusterImpl-2cc19e60-fd5d-47c1-947d-bf84e7590418/datanode-2/data/ratis/4a4592df-2974-41b7-965d-a64e3438b84a/current/log_inprogress_0
2019-10-03 08:51:03,480 [44dfefca-9cc0-4191-be09-9e0ba236227c@group-A4E22CE81F32-SegmentedRaftLogWorker] INFO  segmented.SegmentedRaftLogWorker (SegmentedRaftLogWorker.java:execute(574)) - 44dfefca-9cc0-4191-be09-9e0ba236227c@group-A4E22CE81F32-SegmentedRaftLogWorker: created new log segment /workdir/hadoop-ozone/integration-test/target/test-dir/MiniOzoneClusterImpl-2cc19e60-fd5d-47c1-947d-bf84e7590418/datanode-1/data/ratis/9d1e7154-fcd3-43af-a811-a4e22ce81f32/current/log_inprogress_0
2019-10-03 08:51:03,480 [Thread-1453] INFO  impl.RoleInfo (RoleInfo.java:updateAndGet(143)) - 75e78b3e-8e36-4489-93c9-68cf4c8c81e9: start LeaderElection
2019-10-03 08:51:03,485 [grpc-default-executor-3] INFO  impl.RaftServerImpl (ServerState.java:setLeader(255)) - 0fd4a3fd-1acf-4517-a260-f29a17e7fdef@group-A4E22CE81F32: change Leader from null to 44dfefca-9cc0-4191-be09-9e0ba236227c at term 1 for appendEntries, leader elected after 5219ms
2019-10-03 08:51:03,492 [grpc-default-executor-6] INFO  impl.RaftServerImpl (ServerState.java:setRaftConf(356)) - 576c1584-98eb-4342-a4b5-132ff6e862cb@group-A4E22CE81F32: set configuration 0: [44dfefca-9cc0-4191-be09-9e0ba236227c:192.168.151.103:42619, 576c1584-98eb-4342-a4b5-132ff6e862cb:192.168.151.103:36834, 0fd4a3fd-1acf-4517-a260-f29a17e7fdef:192.168.151.103:38568], old=null at 0
2019-10-03 08:51:03,492 [grpc-default-executor-6] INFO  segmented.SegmentedRaftLogWorker (SegmentedRaftLogWorker.java:startLogSegment(385)) - 576c1584-98eb-4342-a4b5-132ff6e862cb@group-A4E22CE81F32-SegmentedRaftLogWorker: Starting segment from index:0
2019-10-03 08:51:03,493 [grpc-default-executor-6] INFO  impl.RaftServerImpl (ServerState.java:setRaftConf(356)) - 0fd4a3fd-1acf-4517-a260-f29a17e7fdef@group-A4E22CE81F32: set configuration 0: [44dfefca-9cc0-4191-be09-9e0ba236227c:192.168.151.103:42619, 576c1584-98eb-4342-a4b5-132ff6e862cb:192.168.151.103:36834, 0fd4a3fd-1acf-4517-a260-f29a17e7fdef:192.168.151.103:38568], old=null at 0
2019-10-03 08:51:03,494 [grpc-default-executor-6] INFO  segmented.SegmentedRaftLogWorker (SegmentedRaftLogWorker.java:startLogSegment(385)) - 0fd4a3fd-1acf-4517-a260-f29a17e7fdef@group-A4E22CE81F32-SegmentedRaftLogWorker: Starting segment from index:0
2019-10-03 08:51:03,494 [75e78b3e-8e36-4489-93c9-68cf4c8c81e9@group-11B28612116B-LeaderElection34] INFO  impl.LeaderElection (LeaderElection.java:askForVotes(178)) - 75e78b3e-8e36-4489-93c9-68cf4c8c81e9@group-11B28612116B-LeaderElection34: begin an election at term 1 for -1: [75e78b3e-8e36-4489-93c9-68cf4c8c81e9:192.168.151.103:33283], old=null
2019-10-03 08:51:03,494 [75e78b3e-8e36-4489-93c9-68cf4c8c81e9@group-11B28612116B-LeaderElection34] INFO  impl.RoleInfo (RoleInfo.java:shutdownLeaderElection(134)) - 75e78b3e-8e36-4489-93c9-68cf4c8c81e9: shutdown LeaderElection
2019-10-03 08:51:03,495 [75e78b3e-8e36-4489-93c9-68cf4c8c81e9@group-11B28612116B-LeaderElection34] INFO  impl.RaftServerImpl (RaftServerImpl.java:setRole(170)) - 75e78b3e-8e36-4489-93c9-68cf4c8c81e9@group-11B28612116B: changes role from CANDIDATE to LEADER at term 1 for changeToLeader
2019-10-03 08:51:03,495 [75e78b3e-8e36-4489-93c9-68cf4c8c81e9@group-11B28612116B-LeaderElection34] INFO  impl.RaftServerImpl (ServerState.java:setLeader(255)) - 75e78b3e-8e36-4489-93c9-68cf4c8c81e9@group-11B28612116B: change Leader from null to 75e78b3e-8e36-4489-93c9-68cf4c8c81e9 at term 1 for becomeLeader, leader elected after 5104ms
2019-10-03 08:51:03,495 [75e78b3e-8e36-4489-93c9-68cf4c8c81e9@group-11B28612116B-LeaderElection34] INFO  server.RaftServerConfigKeys (ConfUtils.java:logGet(43)) - raft.server.staging.catchup.gap = 1000 (default)
2019-10-03 08:51:03,495 [75e78b3e-8e36-4489-93c9-68cf4c8c81e9@group-11B28612116B-LeaderElection34] INFO  server.RaftServerConfigKeys (ConfUtils.java:logGet(43)) - raft.server.rpc.sleep.time = 25ms (default)
2019-10-03 08:51:03,495 [75e78b3e-8e36-4489-93c9-68cf4c8c81e9@group-11B28612116B-LeaderElection34] INFO  server.RaftServerConfigKeys (ConfUtils.java:logGet(43)) - raft.server.write.element-limit = 4096 (default)
2019-10-03 08:51:03,496 [75e78b3e-8e36-4489-93c9-68cf4c8c81e9@group-11B28612116B-LeaderElection34] INFO  server.RaftServerConfigKeys (ConfUtils.java:logGet(43)) - raft.server.watch.timeout = 10s (default)
2019-10-03 08:51:03,496 [75e78b3e-8e36-4489-93c9-68cf4c8c81e9@group-11B28612116B-LeaderElection34] INFO  server.RaftServerConfigKeys (ConfUtils.java:logGet(43)) - raft.server.watch.timeout.denomination = 1s (default)
2019-10-03 08:51:03,496 [75e78b3e-8e36-4489-93c9-68cf4c8c81e9@group-11B28612116B-LeaderElection34] INFO  server.RaftServerConfigKeys (ConfUtils.java:logGet(43)) - raft.server.watch.element-limit = 65536 (default)
2019-10-03 08:51:03,498 [75e78b3e-8e36-4489-93c9-68cf4c8c81e9@group-11B28612116B-LeaderElection34] INFO  impl.RoleInfo (RoleInfo.java:updateAndGet(143)) - 75e78b3e-8e36-4489-93c9-68cf4c8c81e9: start LeaderState
2019-10-03 08:51:03,499 [75e78b3e-8e36-4489-93c9-68cf4c8c81e9@group-11B28612116B-LeaderElection34] INFO  segmented.SegmentedRaftLogWorker (SegmentedRaftLogWorker.java:startLogSegment(385)) - 75e78b3e-8e36-4489-93c9-68cf4c8c81e9@group-11B28612116B-SegmentedRaftLogWorker: Starting segment from index:0
2019-10-03 08:51:03,499 [75e78b3e-8e36-4489-93c9-68cf4c8c81e9@group-11B28612116B-LeaderElection34] INFO  impl.RaftServerImpl (ServerState.java:setRaftConf(356)) - 75e78b3e-8e36-4489-93c9-68cf4c8c81e9@group-11B28612116B: set configuration 0: [75e78b3e-8e36-4489-93c9-68cf4c8c81e9:192.168.151.103:33283], old=null at 0
2019-10-03 08:51:03,533 [Thread-1456] INFO  impl.FollowerState (FollowerState.java:run(108)) - 87ef41a9-db54-4cda-b853-dafe1ad95ca5@group-ED4864AEE44A-FollowerState: change to CANDIDATE, lastRpcTime:5092ms, electionTimeout:5092ms
2019-10-03 08:51:03,533 [Thread-1456] INFO  impl.RoleInfo (RoleInfo.java:shutdownFollowerState(121)) - 87ef41a9-db54-4cda-b853-dafe1ad95ca5: shutdown FollowerState
2019-10-03 08:51:03,534 [Thread-1456] INFO  impl.RaftServerImpl (RaftServerImpl.java:setRole(170)) - 87ef41a9-db54-4cda-b853-dafe1ad95ca5@group-ED4864AEE44A: changes role from  FOLLOWER to CANDIDATE at term 0 for changeToCandidate
2019-10-03 08:51:03,534 [Thread-1456] INFO  impl.RoleInfo (RoleInfo.java:updateAndGet(143)) - 87ef41a9-db54-4cda-b853-dafe1ad95ca5: start LeaderElection
2019-10-03 08:51:03,539 [576c1584-98eb-4342-a4b5-132ff6e862cb@group-A4E22CE81F32-SegmentedRaftLogWorker] INFO  segmented.SegmentedRaftLogWorker (SegmentedRaftLogWorker.java:execute(574)) - 576c1584-98eb-4342-a4b5-132ff6e862cb@group-A4E22CE81F32-SegmentedRaftLogWorker: created new log segment /workdir/hadoop-ozone/integration-test/target/test-dir/MiniOzoneClusterImpl-2cc19e60-fd5d-47c1-947d-bf84e7590418/datanode-2/data/ratis/9d1e7154-fcd3-43af-a811-a4e22ce81f32/current/log_inprogress_0
2019-10-03 08:51:03,547 [75e78b3e-8e36-4489-93c9-68cf4c8c81e9@group-11B28612116B-SegmentedRaftLogWorker] INFO  segmented.SegmentedRaftLogWorker (SegmentedRaftLogWorker.java:execute(574)) - 75e78b3e-8e36-4489-93c9-68cf4c8c81e9@group-11B28612116B-SegmentedRaftLogWorker: created new log segment /workdir/hadoop-ozone/integration-test/target/test-dir/MiniOzoneClusterImpl-2cc19e60-fd5d-47c1-947d-bf84e7590418/datanode-4/data/ratis/5383b28d-5c3b-4607-ab7d-11b28612116b/current/log_inprogress_0
2019-10-03 08:51:03,547 [0fd4a3fd-1acf-4517-a260-f29a17e7fdef@group-A4E22CE81F32-SegmentedRaftLogWorker] INFO  segmented.SegmentedRaftLogWorker (SegmentedRaftLogWorker.java:execute(574)) - 0fd4a3fd-1acf-4517-a260-f29a17e7fdef@group-A4E22CE81F32-SegmentedRaftLogWorker: created new log segment /workdir/hadoop-ozone/integration-test/target/test-dir/MiniOzoneClusterImpl-2cc19e60-fd5d-47c1-947d-bf84e7590418/datanode-0/data/ratis/9d1e7154-fcd3-43af-a811-a4e22ce81f32/current/log_inprogress_0
2019-10-03 08:51:03,551 [87ef41a9-db54-4cda-b853-dafe1ad95ca5@group-ED4864AEE44A-LeaderElection35] INFO  impl.LeaderElection (LeaderElection.java:askForVotes(178)) - 87ef41a9-db54-4cda-b853-dafe1ad95ca5@group-ED4864AEE44A-LeaderElection35: begin an election at term 1 for -1: [87ef41a9-db54-4cda-b853-dafe1ad95ca5:192.168.151.103:46132], old=null
2019-10-03 08:51:03,551 [87ef41a9-db54-4cda-b853-dafe1ad95ca5@group-ED4864AEE44A-LeaderElection35] INFO  impl.RoleInfo (RoleInfo.java:shutdownLeaderElection(134)) - 87ef41a9-db54-4cda-b853-dafe1ad95ca5: shutdown LeaderElection
2019-10-03 08:51:03,551 [87ef41a9-db54-4cda-b853-dafe1ad95ca5@group-ED4864AEE44A-LeaderElection35] INFO  impl.RaftServerImpl (RaftServerImpl.java:setRole(170)) - 87ef41a9-db54-4cda-b853-dafe1ad95ca5@group-ED4864AEE44A: changes role from CANDIDATE to LEADER at term 1 for changeToLeader
2019-10-03 08:51:03,551 [87ef41a9-db54-4cda-b853-dafe1ad95ca5@group-ED4864AEE44A-LeaderElection35] INFO  impl.RaftServerImpl (ServerState.java:setLeader(255)) - 87ef41a9-db54-4cda-b853-dafe1ad95ca5@group-ED4864AEE44A: change Leader from null to 87ef41a9-db54-4cda-b853-dafe1ad95ca5 at term 1 for becomeLeader, leader elected after 5116ms
2019-10-03 08:51:03,551 [87ef41a9-db54-4cda-b853-dafe1ad95ca5@group-ED4864AEE44A-LeaderElection35] INFO  server.RaftServerConfigKeys (ConfUtils.java:logGet(43)) - raft.server.staging.catchup.gap = 1000 (default)
2019-10-03 08:51:03,551 [87ef41a9-db54-4cda-b853-dafe1ad95ca5@group-ED4864AEE44A-LeaderElection35] INFO  server.RaftServerConfigKeys (ConfUtils.java:logGet(43)) - raft.server.rpc.sleep.time = 25ms (default)
2019-10-03 08:51:03,552 [87ef41a9-db54-4cda-b853-dafe1ad95ca5@group-ED4864AEE44A-LeaderElection35] INFO  server.RaftServerConfigKeys (ConfUtils.java:logGet(43)) - raft.server.write.element-limit = 4096 (default)
2019-10-03 08:51:03,552 [87ef41a9-db54-4cda-b853-dafe1ad95ca5@group-ED4864AEE44A-LeaderElection35] INFO  server.RaftServerConfigKeys (ConfUtils.java:logGet(43)) - raft.server.watch.timeout = 10s (default)
2019-10-03 08:51:03,552 [87ef41a9-db54-4cda-b853-dafe1ad95ca5@group-ED4864AEE44A-LeaderElection35] INFO  server.RaftServerConfigKeys (ConfUtils.java:logGet(43)) - raft.server.watch.timeout.denomination = 1s (default)
2019-10-03 08:51:03,552 [87ef41a9-db54-4cda-b853-dafe1ad95ca5@group-ED4864AEE44A-LeaderElection35] INFO  server.RaftServerConfigKeys (ConfUtils.java:logGet(43)) - raft.server.watch.element-limit = 65536 (default)
2019-10-03 08:51:03,554 [87ef41a9-db54-4cda-b853-dafe1ad95ca5@group-ED4864AEE44A-LeaderElection35] INFO  impl.RoleInfo (RoleInfo.java:updateAndGet(143)) - 87ef41a9-db54-4cda-b853-dafe1ad95ca5: start LeaderState
2019-10-03 08:51:03,555 [87ef41a9-db54-4cda-b853-dafe1ad95ca5@group-ED4864AEE44A-LeaderElection35] INFO  segmented.SegmentedRaftLogWorker (SegmentedRaftLogWorker.java:startLogSegment(385)) - 87ef41a9-db54-4cda-b853-dafe1ad95ca5@group-ED4864AEE44A-SegmentedRaftLogWorker: Starting segment from index:0
2019-10-03 08:51:03,555 [87ef41a9-db54-4cda-b853-dafe1ad95ca5@group-ED4864AEE44A-LeaderElection35] INFO  impl.RaftServerImpl (ServerState.java:setRaftConf(356)) - 87ef41a9-db54-4cda-b853-dafe1ad95ca5@group-ED4864AEE44A: set configuration 0: [87ef41a9-db54-4cda-b853-dafe1ad95ca5:192.168.151.103:46132], old=null at 0
2019-10-03 08:51:03,597 [87ef41a9-db54-4cda-b853-dafe1ad95ca5@group-ED4864AEE44A-SegmentedRaftLogWorker] INFO  segmented.SegmentedRaftLogWorker (SegmentedRaftLogWorker.java:execute(574)) - 87ef41a9-db54-4cda-b853-dafe1ad95ca5@group-ED4864AEE44A-SegmentedRaftLogWorker: created new log segment /workdir/hadoop-ozone/integration-test/target/test-dir/MiniOzoneClusterImpl-2cc19e60-fd5d-47c1-947d-bf84e7590418/datanode-5/data/ratis/2194e399-1c7e-4c9f-b8b6-ed4864aee44a/current/log_inprogress_0
2019-10-03 08:51:03,597 [Thread-1459] INFO  impl.FollowerState (FollowerState.java:run(108)) - e9407f97-23af-4308-8bc6-fa91708f16c4@group-925746F1AE69-FollowerState: change to CANDIDATE, lastRpcTime:5065ms, electionTimeout:5065ms
2019-10-03 08:51:03,597 [Thread-1459] INFO  impl.RoleInfo (RoleInfo.java:shutdownFollowerState(121)) - e9407f97-23af-4308-8bc6-fa91708f16c4: shutdown FollowerState
2019-10-03 08:51:03,598 [Thread-1459] INFO  impl.RaftServerImpl (RaftServerImpl.java:setRole(170)) - e9407f97-23af-4308-8bc6-fa91708f16c4@group-925746F1AE69: changes role from  FOLLOWER to CANDIDATE at term 0 for changeToCandidate
2019-10-03 08:51:03,598 [Thread-1459] INFO  impl.RoleInfo (RoleInfo.java:updateAndGet(143)) - e9407f97-23af-4308-8bc6-fa91708f16c4: start LeaderElection
2019-10-03 08:51:03,615 [e9407f97-23af-4308-8bc6-fa91708f16c4@group-925746F1AE69-LeaderElection36] INFO  impl.LeaderElection (LeaderElection.java:askForVotes(178)) - e9407f97-23af-4308-8bc6-fa91708f16c4@group-925746F1AE69-LeaderElection36: begin an election at term 1 for -1: [e9407f97-23af-4308-8bc6-fa91708f16c4:192.168.151.103:35203], old=null
2019-10-03 08:51:03,615 [e9407f97-23af-4308-8bc6-fa91708f16c4@group-925746F1AE69-LeaderElection36] INFO  impl.RoleInfo (RoleInfo.java:shutdownLeaderElection(134)) - e9407f97-23af-4308-8bc6-fa91708f16c4: shutdown LeaderElection
2019-10-03 08:51:03,615 [e9407f97-23af-4308-8bc6-fa91708f16c4@group-925746F1AE69-LeaderElection36] INFO  impl.RaftServerImpl (RaftServerImpl.java:setRole(170)) - e9407f97-23af-4308-8bc6-fa91708f16c4@group-925746F1AE69: changes role from CANDIDATE to LEADER at term 1 for changeToLeader
2019-10-03 08:51:03,618 [e9407f97-23af-4308-8bc6-fa91708f16c4@group-925746F1AE69-LeaderElection36] INFO  impl.RaftServerImpl (ServerState.java:setLeader(255)) - e9407f97-23af-4308-8bc6-fa91708f16c4@group-925746F1AE69: change Leader from null to e9407f97-23af-4308-8bc6-fa91708f16c4 at term 1 for becomeLeader, leader elected after 5096ms
2019-10-03 08:51:03,618 [e9407f97-23af-4308-8bc6-fa91708f16c4@group-925746F1AE69-LeaderElection36] INFO  server.RaftServerConfigKeys (ConfUtils.java:logGet(43)) - raft.server.staging.catchup.gap = 1000 (default)
2019-10-03 08:51:03,618 [e9407f97-23af-4308-8bc6-fa91708f16c4@group-925746F1AE69-LeaderElection36] INFO  server.RaftServerConfigKeys (ConfUtils.java:logGet(43)) - raft.server.rpc.sleep.time = 25ms (default)
2019-10-03 08:51:03,618 [e9407f97-23af-4308-8bc6-fa91708f16c4@group-925746F1AE69-LeaderElection36] INFO  server.RaftServerConfigKeys (ConfUtils.java:logGet(43)) - raft.server.write.element-limit = 4096 (default)
2019-10-03 08:51:03,623 [e9407f97-23af-4308-8bc6-fa91708f16c4@group-925746F1AE69-LeaderElection36] INFO  server.RaftServerConfigKeys (ConfUtils.java:logGet(43)) - raft.server.watch.timeout = 10s (default)
2019-10-03 08:51:03,625 [e9407f97-23af-4308-8bc6-fa91708f16c4@group-925746F1AE69-LeaderElection36] INFO  server.RaftServerConfigKeys (ConfUtils.java:logGet(43)) - raft.server.watch.timeout.denomination = 1s (default)
2019-10-03 08:51:03,628 [e9407f97-23af-4308-8bc6-fa91708f16c4@group-925746F1AE69-LeaderElection36] INFO  server.RaftServerConfigKeys (ConfUtils.java:logGet(43)) - raft.server.watch.element-limit = 65536 (default)
2019-10-03 08:51:03,634 [e9407f97-23af-4308-8bc6-fa91708f16c4@group-925746F1AE69-LeaderElection36] INFO  impl.RoleInfo (RoleInfo.java:updateAndGet(143)) - e9407f97-23af-4308-8bc6-fa91708f16c4: start LeaderState
2019-10-03 08:51:03,634 [e9407f97-23af-4308-8bc6-fa91708f16c4@group-925746F1AE69-LeaderElection36] INFO  segmented.SegmentedRaftLogWorker (SegmentedRaftLogWorker.java:startLogSegment(385)) - e9407f97-23af-4308-8bc6-fa91708f16c4@group-925746F1AE69-SegmentedRaftLogWorker: Starting segment from index:0
2019-10-03 08:51:03,635 [e9407f97-23af-4308-8bc6-fa91708f16c4@group-925746F1AE69-LeaderElection36] INFO  impl.RaftServerImpl (ServerState.java:setRaftConf(356)) - e9407f97-23af-4308-8bc6-fa91708f16c4@group-925746F1AE69: set configuration 0: [e9407f97-23af-4308-8bc6-fa91708f16c4:192.168.151.103:35203], old=null at 0
2019-10-03 08:51:03,675 [Thread-1462] INFO  impl.FollowerState (FollowerState.java:run(108)) - ebb37600-79ef-4932-a8c4-1e1c66f326b8@group-6D59AC6BD98D-FollowerState: change to CANDIDATE, lastRpcTime:5087ms, electionTimeout:5087ms
2019-10-03 08:51:03,675 [Thread-1462] INFO  impl.RoleInfo (RoleInfo.java:shutdownFollowerState(121)) - ebb37600-79ef-4932-a8c4-1e1c66f326b8: shutdown FollowerState
2019-10-03 08:51:03,675 [Thread-1462] INFO  impl.RaftServerImpl (RaftServerImpl.java:setRole(170)) - ebb37600-79ef-4932-a8c4-1e1c66f326b8@group-6D59AC6BD98D: changes role from  FOLLOWER to CANDIDATE at term 0 for changeToCandidate
2019-10-03 08:51:03,675 [Thread-1462] INFO  impl.RoleInfo (RoleInfo.java:updateAndGet(143)) - ebb37600-79ef-4932-a8c4-1e1c66f326b8: start LeaderElection
2019-10-03 08:51:03,683 [e9407f97-23af-4308-8bc6-fa91708f16c4@group-925746F1AE69-SegmentedRaftLogWorker] INFO  segmented.SegmentedRaftLogWorker (SegmentedRaftLogWorker.java:execute(574)) - e9407f97-23af-4308-8bc6-fa91708f16c4@group-925746F1AE69-SegmentedRaftLogWorker: created new log segment /workdir/hadoop-ozone/integration-test/target/test-dir/MiniOzoneClusterImpl-2cc19e60-fd5d-47c1-947d-bf84e7590418/datanode-3/data/ratis/ac222670-bac9-4a3b-8100-925746f1ae69/current/log_inprogress_0
2019-10-03 08:51:03,684 [Thread-1469] INFO  impl.FollowerState (FollowerState.java:run(108)) - 87ef41a9-db54-4cda-b853-dafe1ad95ca5@group-3743D0281236-FollowerState: change to CANDIDATE, lastRpcTime:5004ms, electionTimeout:5004ms
2019-10-03 08:51:03,685 [Thread-1469] INFO  impl.RoleInfo (RoleInfo.java:shutdownFollowerState(121)) - 87ef41a9-db54-4cda-b853-dafe1ad95ca5: shutdown FollowerState
2019-10-03 08:51:03,685 [Thread-1469] INFO  impl.RaftServerImpl (RaftServerImpl.java:setRole(170)) - 87ef41a9-db54-4cda-b853-dafe1ad95ca5@group-3743D0281236: changes role from  FOLLOWER to CANDIDATE at term 0 for changeToCandidate
2019-10-03 08:51:03,685 [Thread-1469] INFO  impl.RoleInfo (RoleInfo.java:updateAndGet(143)) - 87ef41a9-db54-4cda-b853-dafe1ad95ca5: start LeaderElection
2019-10-03 08:51:03,692 [ebb37600-79ef-4932-a8c4-1e1c66f326b8@group-6D59AC6BD98D-LeaderElection37] INFO  impl.LeaderElection (LeaderElection.java:askForVotes(178)) - ebb37600-79ef-4932-a8c4-1e1c66f326b8@group-6D59AC6BD98D-LeaderElection37: begin an election at term 1 for -1: [ebb37600-79ef-4932-a8c4-1e1c66f326b8:192.168.151.103:34148], old=null
2019-10-03 08:51:03,692 [ebb37600-79ef-4932-a8c4-1e1c66f326b8@group-6D59AC6BD98D-LeaderElection37] INFO  impl.RoleInfo (RoleInfo.java:shutdownLeaderElection(134)) - ebb37600-79ef-4932-a8c4-1e1c66f326b8: shutdown LeaderElection
2019-10-03 08:51:03,692 [ebb37600-79ef-4932-a8c4-1e1c66f326b8@group-6D59AC6BD98D-LeaderElection37] INFO  impl.RaftServerImpl (RaftServerImpl.java:setRole(170)) - ebb37600-79ef-4932-a8c4-1e1c66f326b8@group-6D59AC6BD98D: changes role from CANDIDATE to LEADER at term 1 for changeToLeader
2019-10-03 08:51:03,692 [ebb37600-79ef-4932-a8c4-1e1c66f326b8@group-6D59AC6BD98D-LeaderElection37] INFO  impl.RaftServerImpl (ServerState.java:setLeader(255)) - ebb37600-79ef-4932-a8c4-1e1c66f326b8@group-6D59AC6BD98D: change Leader from null to ebb37600-79ef-4932-a8c4-1e1c66f326b8 at term 1 for becomeLeader, leader elected after 5112ms
2019-10-03 08:51:03,692 [ebb37600-79ef-4932-a8c4-1e1c66f326b8@group-6D59AC6BD98D-LeaderElection37] INFO  server.RaftServerConfigKeys (ConfUtils.java:logGet(43)) - raft.server.staging.catchup.gap = 1000 (default)
2019-10-03 08:51:03,692 [ebb37600-79ef-4932-a8c4-1e1c66f326b8@group-6D59AC6BD98D-LeaderElection37] INFO  server.RaftServerConfigKeys (ConfUtils.java:logGet(43)) - raft.server.rpc.sleep.time = 25ms (default)
2019-10-03 08:51:03,693 [ebb37600-79ef-4932-a8c4-1e1c66f326b8@group-6D59AC6BD98D-LeaderElection37] INFO  server.RaftServerConfigKeys (ConfUtils.java:logGet(43)) - raft.server.write.element-limit = 4096 (default)
2019-10-03 08:51:03,693 [ebb37600-79ef-4932-a8c4-1e1c66f326b8@group-6D59AC6BD98D-LeaderElection37] INFO  server.RaftServerConfigKeys (ConfUtils.java:logGet(43)) - raft.server.watch.timeout = 10s (default)
2019-10-03 08:51:03,693 [ebb37600-79ef-4932-a8c4-1e1c66f326b8@group-6D59AC6BD98D-LeaderElection37] INFO  server.RaftServerConfigKeys (ConfUtils.java:logGet(43)) - raft.server.watch.timeout.denomination = 1s (default)
2019-10-03 08:51:03,693 [ebb37600-79ef-4932-a8c4-1e1c66f326b8@group-6D59AC6BD98D-LeaderElection37] INFO  server.RaftServerConfigKeys (ConfUtils.java:logGet(43)) - raft.server.watch.element-limit = 65536 (default)
2019-10-03 08:51:03,694 [ebb37600-79ef-4932-a8c4-1e1c66f326b8@group-6D59AC6BD98D-LeaderElection37] INFO  impl.RoleInfo (RoleInfo.java:updateAndGet(143)) - ebb37600-79ef-4932-a8c4-1e1c66f326b8: start LeaderState
2019-10-03 08:51:03,695 [ebb37600-79ef-4932-a8c4-1e1c66f326b8@group-6D59AC6BD98D-LeaderElection37] INFO  segmented.SegmentedRaftLogWorker (SegmentedRaftLogWorker.java:startLogSegment(385)) - ebb37600-79ef-4932-a8c4-1e1c66f326b8@group-6D59AC6BD98D-SegmentedRaftLogWorker: Starting segment from index:0
2019-10-03 08:51:03,695 [ebb37600-79ef-4932-a8c4-1e1c66f326b8@group-6D59AC6BD98D-LeaderElection37] INFO  impl.RaftServerImpl (ServerState.java:setRaftConf(356)) - ebb37600-79ef-4932-a8c4-1e1c66f326b8@group-6D59AC6BD98D: set configuration 0: [ebb37600-79ef-4932-a8c4-1e1c66f326b8:192.168.151.103:34148], old=null at 0
2019-10-03 08:51:03,698 [Thread-1468] INFO  impl.FollowerState (FollowerState.java:run(108)) - e9407f97-23af-4308-8bc6-fa91708f16c4@group-3743D0281236-FollowerState: change to CANDIDATE, lastRpcTime:5019ms, electionTimeout:5019ms
2019-10-03 08:51:03,698 [Thread-1468] INFO  impl.RoleInfo (RoleInfo.java:shutdownFollowerState(121)) - e9407f97-23af-4308-8bc6-fa91708f16c4: shutdown FollowerState
2019-10-03 08:51:03,698 [Thread-1468] INFO  impl.RaftServerImpl (RaftServerImpl.java:setRole(170)) - e9407f97-23af-4308-8bc6-fa91708f16c4@group-3743D0281236: changes role from  FOLLOWER to CANDIDATE at term 0 for changeToCandidate
2019-10-03 08:51:03,699 [Thread-1468] INFO  impl.RoleInfo (RoleInfo.java:updateAndGet(143)) - e9407f97-23af-4308-8bc6-fa91708f16c4: start LeaderElection
2019-10-03 08:51:03,708 [87ef41a9-db54-4cda-b853-dafe1ad95ca5@group-3743D0281236-LeaderElection38] INFO  impl.LeaderElection (LeaderElection.java:askForVotes(178)) - 87ef41a9-db54-4cda-b853-dafe1ad95ca5@group-3743D0281236-LeaderElection38: begin an election at term 1 for -1: [75e78b3e-8e36-4489-93c9-68cf4c8c81e9:192.168.151.103:33283, e9407f97-23af-4308-8bc6-fa91708f16c4:192.168.151.103:35203, 87ef41a9-db54-4cda-b853-dafe1ad95ca5:192.168.151.103:46132], old=null
2019-10-03 08:51:03,708 [e9407f97-23af-4308-8bc6-fa91708f16c4@group-3743D0281236-LeaderElection39] INFO  impl.LeaderElection (LeaderElection.java:askForVotes(178)) - e9407f97-23af-4308-8bc6-fa91708f16c4@group-3743D0281236-LeaderElection39: begin an election at term 1 for -1: [75e78b3e-8e36-4489-93c9-68cf4c8c81e9:192.168.151.103:33283, e9407f97-23af-4308-8bc6-fa91708f16c4:192.168.151.103:35203, 87ef41a9-db54-4cda-b853-dafe1ad95ca5:192.168.151.103:46132], old=null
2019-10-03 08:51:03,737 [grpc-default-executor-0] INFO  impl.RaftServerImpl (RaftServerImpl.java:setRole(170)) - 75e78b3e-8e36-4489-93c9-68cf4c8c81e9@group-3743D0281236: changes role from  FOLLOWER to FOLLOWER at term 1 for recognizeCandidate:87ef41a9-db54-4cda-b853-dafe1ad95ca5
2019-10-03 08:51:03,737 [grpc-default-executor-0] INFO  impl.RoleInfo (RoleInfo.java:shutdownFollowerState(121)) - 75e78b3e-8e36-4489-93c9-68cf4c8c81e9: shutdown FollowerState
2019-10-03 08:51:03,745 [grpc-default-executor-0] INFO  impl.RoleInfo (RoleInfo.java:updateAndGet(143)) - 75e78b3e-8e36-4489-93c9-68cf4c8c81e9: start FollowerState
2019-10-03 08:51:03,745 [Thread-1466] INFO  impl.FollowerState (FollowerState.java:run(117)) - 75e78b3e-8e36-4489-93c9-68cf4c8c81e9@group-3743D0281236-FollowerState was interrupted: java.lang.InterruptedException: sleep interrupted
2019-10-03 08:51:03,760 [ebb37600-79ef-4932-a8c4-1e1c66f326b8@group-6D59AC6BD98D-SegmentedRaftLogWorker] INFO  segmented.SegmentedRaftLogWorker (SegmentedRaftLogWorker.java:execute(574)) - ebb37600-79ef-4932-a8c4-1e1c66f326b8@group-6D59AC6BD98D-SegmentedRaftLogWorker: created new log segment /workdir/hadoop-ozone/integration-test/target/test-dir/MiniOzoneClusterImpl-2cc19e60-fd5d-47c1-947d-bf84e7590418/datanode-6/data/ratis/5ef1aad2-7e20-4295-9cdc-6d59ac6bd98d/current/log_inprogress_0
2019-10-03 08:51:03,787 [87ef41a9-db54-4cda-b853-dafe1ad95ca5@group-3743D0281236-LeaderElection38] INFO  impl.LeaderElection (LeaderElection.java:logAndReturn(56)) - 87ef41a9-db54-4cda-b853-dafe1ad95ca5@group-3743D0281236-LeaderElection38: Election PASSED; received 2 response(s) [87ef41a9-db54-4cda-b853-dafe1ad95ca5<-75e78b3e-8e36-4489-93c9-68cf4c8c81e9#0:OK-t1, 87ef41a9-db54-4cda-b853-dafe1ad95ca5<-e9407f97-23af-4308-8bc6-fa91708f16c4#0:FAIL-t1] and 0 exception(s); 87ef41a9-db54-4cda-b853-dafe1ad95ca5@group-3743D0281236:t1, leader=null, voted=87ef41a9-db54-4cda-b853-dafe1ad95ca5, raftlog=87ef41a9-db54-4cda-b853-dafe1ad95ca5@group-3743D0281236-SegmentedRaftLog:OPENED:c-1,f-1,i0, conf=-1: [75e78b3e-8e36-4489-93c9-68cf4c8c81e9:192.168.151.103:33283, e9407f97-23af-4308-8bc6-fa91708f16c4:192.168.151.103:35203, 87ef41a9-db54-4cda-b853-dafe1ad95ca5:192.168.151.103:46132], old=null
2019-10-03 08:51:03,787 [e9407f97-23af-4308-8bc6-fa91708f16c4@group-3743D0281236-LeaderElection39] INFO  impl.LeaderElection (LeaderElection.java:logAndReturn(56)) - e9407f97-23af-4308-8bc6-fa91708f16c4@group-3743D0281236-LeaderElection39: Election REJECTED; received 2 response(s) [e9407f97-23af-4308-8bc6-fa91708f16c4<-75e78b3e-8e36-4489-93c9-68cf4c8c81e9#0:FAIL-t1, e9407f97-23af-4308-8bc6-fa91708f16c4<-87ef41a9-db54-4cda-b853-dafe1ad95ca5#0:FAIL-t1] and 0 exception(s); e9407f97-23af-4308-8bc6-fa91708f16c4@group-3743D0281236:t1, leader=null, voted=e9407f97-23af-4308-8bc6-fa91708f16c4, raftlog=e9407f97-23af-4308-8bc6-fa91708f16c4@group-3743D0281236-SegmentedRaftLog:OPENED:c-1,f-1,i0, conf=-1: [75e78b3e-8e36-4489-93c9-68cf4c8c81e9:192.168.151.103:33283, e9407f97-23af-4308-8bc6-fa91708f16c4:192.168.151.103:35203, 87ef41a9-db54-4cda-b853-dafe1ad95ca5:192.168.151.103:46132], old=null
2019-10-03 08:51:03,787 [87ef41a9-db54-4cda-b853-dafe1ad95ca5@group-3743D0281236-LeaderElection38] INFO  impl.RoleInfo (RoleInfo.java:shutdownLeaderElection(134)) - 87ef41a9-db54-4cda-b853-dafe1ad95ca5: shutdown LeaderElection
2019-10-03 08:51:03,789 [e9407f97-23af-4308-8bc6-fa91708f16c4@group-3743D0281236-LeaderElection39] INFO  impl.RaftServerImpl (RaftServerImpl.java:setRole(170)) - e9407f97-23af-4308-8bc6-fa91708f16c4@group-3743D0281236: changes role from CANDIDATE to FOLLOWER at term 1 for DISCOVERED_A_NEW_TERM
2019-10-03 08:51:03,794 [e9407f97-23af-4308-8bc6-fa91708f16c4@group-3743D0281236-LeaderElection39] INFO  impl.RoleInfo (RoleInfo.java:shutdownLeaderElection(134)) - e9407f97-23af-4308-8bc6-fa91708f16c4: shutdown LeaderElection
2019-10-03 08:51:03,794 [e9407f97-23af-4308-8bc6-fa91708f16c4@group-3743D0281236-LeaderElection39] INFO  impl.RoleInfo (RoleInfo.java:updateAndGet(143)) - e9407f97-23af-4308-8bc6-fa91708f16c4: start FollowerState
2019-10-03 08:51:03,794 [87ef41a9-db54-4cda-b853-dafe1ad95ca5@group-3743D0281236-LeaderElection38] INFO  impl.RaftServerImpl (RaftServerImpl.java:setRole(170)) - 87ef41a9-db54-4cda-b853-dafe1ad95ca5@group-3743D0281236: changes role from CANDIDATE to LEADER at term 1 for changeToLeader
2019-10-03 08:51:03,794 [87ef41a9-db54-4cda-b853-dafe1ad95ca5@group-3743D0281236-LeaderElection38] INFO  impl.RaftServerImpl (ServerState.java:setLeader(255)) - 87ef41a9-db54-4cda-b853-dafe1ad95ca5@group-3743D0281236: change Leader from null to 87ef41a9-db54-4cda-b853-dafe1ad95ca5 at term 1 for becomeLeader, leader elected after 5133ms
2019-10-03 08:51:03,794 [87ef41a9-db54-4cda-b853-dafe1ad95ca5@group-3743D0281236-LeaderElection38] INFO  server.RaftServerConfigKeys (ConfUtils.java:logGet(43)) - raft.server.staging.catchup.gap = 1000 (default)
2019-10-03 08:51:03,795 [87ef41a9-db54-4cda-b853-dafe1ad95ca5@group-3743D0281236-LeaderElection38] INFO  server.RaftServerConfigKeys (ConfUtils.java:logGet(43)) - raft.server.rpc.sleep.time = 25ms (default)
2019-10-03 08:51:03,795 [87ef41a9-db54-4cda-b853-dafe1ad95ca5@group-3743D0281236-LeaderElection38] INFO  server.RaftServerConfigKeys (ConfUtils.java:logGet(43)) - raft.server.write.element-limit = 4096 (default)
2019-10-03 08:51:03,795 [87ef41a9-db54-4cda-b853-dafe1ad95ca5@group-3743D0281236-LeaderElection38] INFO  server.RaftServerConfigKeys (ConfUtils.java:logGet(43)) - raft.server.watch.timeout = 10s (default)
2019-10-03 08:51:03,795 [87ef41a9-db54-4cda-b853-dafe1ad95ca5@group-3743D0281236-LeaderElection38] INFO  server.RaftServerConfigKeys (ConfUtils.java:logGet(43)) - raft.server.watch.timeout.denomination = 1s (default)
2019-10-03 08:51:03,796 [87ef41a9-db54-4cda-b853-dafe1ad95ca5@group-3743D0281236-LeaderElection38] INFO  server.RaftServerConfigKeys (ConfUtils.java:logGet(43)) - raft.server.watch.element-limit = 65536 (default)
2019-10-03 08:51:03,798 [87ef41a9-db54-4cda-b853-dafe1ad95ca5@group-3743D0281236-LeaderElection38] INFO  server.RaftServerConfigKeys (ConfUtils.java:logGet(43)) - raft.server.log.appender.snapshot.chunk.size.max = 16MB (=16777216) (default)
2019-10-03 08:51:03,798 [87ef41a9-db54-4cda-b853-dafe1ad95ca5@group-3743D0281236-LeaderElection38] INFO  server.RaftServerConfigKeys (ConfUtils.java:logGet(43)) - raft.server.log.appender.buffer.byte-limit = 33554432 (custom)
2019-10-03 08:51:03,798 [87ef41a9-db54-4cda-b853-dafe1ad95ca5@group-3743D0281236-LeaderElection38] INFO  server.RaftServerConfigKeys (ConfUtils.java:logGet(43)) - raft.server.log.appender.buffer.element-limit = 1 (custom)
2019-10-03 08:51:03,798 [87ef41a9-db54-4cda-b853-dafe1ad95ca5@group-3743D0281236-LeaderElection38] INFO  grpc.GrpcConfigKeys$Server (ConfUtils.java:logGet(43)) - raft.grpc.server.leader.outstanding.appends.max = 128 (default)
2019-10-03 08:51:03,799 [87ef41a9-db54-4cda-b853-dafe1ad95ca5@group-3743D0281236-LeaderElection38] INFO  server.RaftServerConfigKeys (ConfUtils.java:logGet(43)) - raft.server.rpc.request.timeout = 3000ms (default)
2019-10-03 08:51:03,799 [87ef41a9-db54-4cda-b853-dafe1ad95ca5@group-3743D0281236-LeaderElection38] INFO  server.RaftServerConfigKeys (ConfUtils.java:logGet(43)) - raft.server.log.appender.install.snapshot.enabled = false (custom)
2019-10-03 08:51:03,799 [87ef41a9-db54-4cda-b853-dafe1ad95ca5@group-3743D0281236-LeaderElection38] INFO  server.RaftServerConfigKeys (ConfUtils.java:logGet(43)) - raft.server.log.appender.snapshot.chunk.size.max = 16MB (=16777216) (default)
2019-10-03 08:51:03,799 [87ef41a9-db54-4cda-b853-dafe1ad95ca5@group-3743D0281236-LeaderElection38] INFO  server.RaftServerConfigKeys (ConfUtils.java:logGet(43)) - raft.server.log.appender.buffer.byte-limit = 33554432 (custom)
2019-10-03 08:51:03,799 [87ef41a9-db54-4cda-b853-dafe1ad95ca5@group-3743D0281236-LeaderElection38] INFO  server.RaftServerConfigKeys (ConfUtils.java:logGet(43)) - raft.server.log.appender.buffer.element-limit = 1 (custom)
2019-10-03 08:51:03,800 [87ef41a9-db54-4cda-b853-dafe1ad95ca5@group-3743D0281236-LeaderElection38] INFO  grpc.GrpcConfigKeys$Server (ConfUtils.java:logGet(43)) - raft.grpc.server.leader.outstanding.appends.max = 128 (default)
2019-10-03 08:51:03,800 [87ef41a9-db54-4cda-b853-dafe1ad95ca5@group-3743D0281236-LeaderElection38] INFO  server.RaftServerConfigKeys (ConfUtils.java:logGet(43)) - raft.server.rpc.request.timeout = 3000ms (default)
2019-10-03 08:51:03,800 [87ef41a9-db54-4cda-b853-dafe1ad95ca5@group-3743D0281236-LeaderElection38] INFO  server.RaftServerConfigKeys (ConfUtils.java:logGet(43)) - raft.server.log.appender.install.snapshot.enabled = false (custom)
2019-10-03 08:51:03,800 [87ef41a9-db54-4cda-b853-dafe1ad95ca5@group-3743D0281236-LeaderElection38] INFO  impl.RoleInfo (RoleInfo.java:updateAndGet(143)) - 87ef41a9-db54-4cda-b853-dafe1ad95ca5: start LeaderState
2019-10-03 08:51:03,800 [87ef41a9-db54-4cda-b853-dafe1ad95ca5@group-3743D0281236-LeaderElection38] INFO  segmented.SegmentedRaftLogWorker (SegmentedRaftLogWorker.java:startLogSegment(385)) - 87ef41a9-db54-4cda-b853-dafe1ad95ca5@group-3743D0281236-SegmentedRaftLogWorker: Starting segment from index:0
2019-10-03 08:51:03,801 [87ef41a9-db54-4cda-b853-dafe1ad95ca5@group-3743D0281236-LeaderElection38] INFO  impl.RaftServerImpl (ServerState.java:setRaftConf(356)) - 87ef41a9-db54-4cda-b853-dafe1ad95ca5@group-3743D0281236: set configuration 0: [75e78b3e-8e36-4489-93c9-68cf4c8c81e9:192.168.151.103:33283, e9407f97-23af-4308-8bc6-fa91708f16c4:192.168.151.103:35203, 87ef41a9-db54-4cda-b853-dafe1ad95ca5:192.168.151.103:46132], old=null at 0
2019-10-03 08:51:03,802 [grpc-default-executor-0] INFO  impl.RaftServerImpl (ServerState.java:setLeader(255)) - 75e78b3e-8e36-4489-93c9-68cf4c8c81e9@group-3743D0281236: change Leader from null to 87ef41a9-db54-4cda-b853-dafe1ad95ca5 at term 1 for appendEntries, leader elected after 5141ms
2019-10-03 08:51:03,803 [grpc-default-executor-2] INFO  impl.RaftServerImpl (ServerState.java:setLeader(255)) - e9407f97-23af-4308-8bc6-fa91708f16c4@group-3743D0281236: change Leader from null to 87ef41a9-db54-4cda-b853-dafe1ad95ca5 at term 1 for appendEntries, leader elected after 5141ms
2019-10-03 08:51:03,805 [grpc-default-executor-0] INFO  impl.RaftServerImpl (ServerState.java:setRaftConf(356)) - 75e78b3e-8e36-4489-93c9-68cf4c8c81e9@group-3743D0281236: set configuration 0: [75e78b3e-8e36-4489-93c9-68cf4c8c81e9:192.168.151.103:33283, e9407f97-23af-4308-8bc6-fa91708f16c4:192.168.151.103:35203, 87ef41a9-db54-4cda-b853-dafe1ad95ca5:192.168.151.103:46132], old=null at 0
2019-10-03 08:51:03,805 [grpc-default-executor-0] INFO  segmented.SegmentedRaftLogWorker (SegmentedRaftLogWorker.java:startLogSegment(385)) - 75e78b3e-8e36-4489-93c9-68cf4c8c81e9@group-3743D0281236-SegmentedRaftLogWorker: Starting segment from index:0
2019-10-03 08:51:03,805 [grpc-default-executor-2] INFO  impl.RaftServerImpl (ServerState.java:setRaftConf(356)) - e9407f97-23af-4308-8bc6-fa91708f16c4@group-3743D0281236: set configuration 0: [75e78b3e-8e36-4489-93c9-68cf4c8c81e9:192.168.151.103:33283, e9407f97-23af-4308-8bc6-fa91708f16c4:192.168.151.103:35203, 87ef41a9-db54-4cda-b853-dafe1ad95ca5:192.168.151.103:46132], old=null at 0
2019-10-03 08:51:03,805 [grpc-default-executor-2] INFO  segmented.SegmentedRaftLogWorker (SegmentedRaftLogWorker.java:startLogSegment(385)) - e9407f97-23af-4308-8bc6-fa91708f16c4@group-3743D0281236-SegmentedRaftLogWorker: Starting segment from index:0
2019-10-03 08:51:03,847 [e9407f97-23af-4308-8bc6-fa91708f16c4@group-3743D0281236-SegmentedRaftLogWorker] INFO  segmented.SegmentedRaftLogWorker (SegmentedRaftLogWorker.java:execute(574)) - e9407f97-23af-4308-8bc6-fa91708f16c4@group-3743D0281236-SegmentedRaftLogWorker: created new log segment /workdir/hadoop-ozone/integration-test/target/test-dir/MiniOzoneClusterImpl-2cc19e60-fd5d-47c1-947d-bf84e7590418/datanode-3/data/ratis/1afd1e8c-d3c1-419f-a994-3743d0281236/current/log_inprogress_0
2019-10-03 08:51:03,847 [87ef41a9-db54-4cda-b853-dafe1ad95ca5@group-3743D0281236-SegmentedRaftLogWorker] INFO  segmented.SegmentedRaftLogWorker (SegmentedRaftLogWorker.java:execute(574)) - 87ef41a9-db54-4cda-b853-dafe1ad95ca5@group-3743D0281236-SegmentedRaftLogWorker: created new log segment /workdir/hadoop-ozone/integration-test/target/test-dir/MiniOzoneClusterImpl-2cc19e60-fd5d-47c1-947d-bf84e7590418/datanode-5/data/ratis/1afd1e8c-d3c1-419f-a994-3743d0281236/current/log_inprogress_0
2019-10-03 08:51:03,847 [75e78b3e-8e36-4489-93c9-68cf4c8c81e9@group-3743D0281236-SegmentedRaftLogWorker] INFO  segmented.SegmentedRaftLogWorker (SegmentedRaftLogWorker.java:execute(574)) - 75e78b3e-8e36-4489-93c9-68cf4c8c81e9@group-3743D0281236-SegmentedRaftLogWorker: created new log segment /workdir/hadoop-ozone/integration-test/target/test-dir/MiniOzoneClusterImpl-2cc19e60-fd5d-47c1-947d-bf84e7590418/datanode-4/data/ratis/1afd1e8c-d3c1-419f-a994-3743d0281236/current/log_inprogress_0
2019-10-03 08:51:04,777 [Datanode State Machine Thread - 0] INFO  statemachine.DatanodeStateMachine (DatanodeStateMachine.java:lambda$startDaemon$0(350)) - Ozone container server started.
2019-10-03 08:51:08,796 [main] INFO  ozoneimpl.OzoneContainer (OzoneContainer.java:stop(231)) - Attempting to stop container services.
2019-10-03 08:51:08,797 [main] INFO  impl.RaftServerProxy (RaftServerProxy.java:lambda$close$4(314)) - 0fd4a3fd-1acf-4517-a260-f29a17e7fdef: close
2019-10-03 08:51:08,797 [main] INFO  impl.RaftServerImpl (RaftServerImpl.java:lambda$shutdown$3(247)) - 0fd4a3fd-1acf-4517-a260-f29a17e7fdef@group-D3E41F32ACE6: shutdown
2019-10-03 08:51:08,798 [main] INFO  util.JmxRegister (JmxRegister.java:unregister(73)) - Successfully un-registered JMX Bean with object name Ratis:service=RaftServer,group=group-D3E41F32ACE6,id=0fd4a3fd-1acf-4517-a260-f29a17e7fdef
2019-10-03 08:51:08,798 [main] INFO  impl.RoleInfo (RoleInfo.java:shutdownLeaderState(104)) - 0fd4a3fd-1acf-4517-a260-f29a17e7fdef: shutdown LeaderState
2019-10-03 08:51:08,798 [main] INFO  impl.PendingRequests (PendingRequests.java:sendNotLeaderResponses(202)) - 0fd4a3fd-1acf-4517-a260-f29a17e7fdef@group-D3E41F32ACE6-PendingRequests: sendNotLeaderResponses
2019-10-03 08:51:08,799 [main] INFO  impl.StateMachineUpdater (StateMachineUpdater.java:stopAndJoin(136)) - 0fd4a3fd-1acf-4517-a260-f29a17e7fdef@group-D3E41F32ACE6-StateMachineUpdater: set stopIndex = 0
2019-10-03 08:51:08,799 [main] INFO  impl.RaftServerImpl (ServerState.java:close(387)) - 0fd4a3fd-1acf-4517-a260-f29a17e7fdef@group-D3E41F32ACE6: closes. applyIndex: 0
2019-10-03 08:51:08,800 [0fd4a3fd-1acf-4517-a260-f29a17e7fdef@group-D3E41F32ACE6-SegmentedRaftLogWorker] INFO  segmented.SegmentedRaftLogWorker (SegmentedRaftLogWorker.java:run(316)) - 0fd4a3fd-1acf-4517-a260-f29a17e7fdef@group-D3E41F32ACE6-SegmentedRaftLogWorker was interrupted, exiting. There are 0 tasks remaining in the queue.
2019-10-03 08:51:08,804 [main] INFO  segmented.SegmentedRaftLogWorker (SegmentedRaftLogWorker.java:close(224)) - 0fd4a3fd-1acf-4517-a260-f29a17e7fdef@group-D3E41F32ACE6-SegmentedRaftLogWorker close()
2019-10-03 08:51:08,809 [main] INFO  impl.RaftServerImpl (RaftServerImpl.java:lambda$shutdown$3(247)) - 0fd4a3fd-1acf-4517-a260-f29a17e7fdef@group-A4E22CE81F32: shutdown
2019-10-03 08:51:08,810 [main] INFO  util.JmxRegister (JmxRegister.java:unregister(73)) - Successfully un-registered JMX Bean with object name Ratis:service=RaftServer,group=group-A4E22CE81F32,id=0fd4a3fd-1acf-4517-a260-f29a17e7fdef
2019-10-03 08:51:08,810 [main] INFO  impl.RoleInfo (RoleInfo.java:shutdownFollowerState(121)) - 0fd4a3fd-1acf-4517-a260-f29a17e7fdef: shutdown FollowerState
2019-10-03 08:51:08,810 [main] INFO  impl.StateMachineUpdater (StateMachineUpdater.java:stopAndJoin(136)) - 0fd4a3fd-1acf-4517-a260-f29a17e7fdef@group-A4E22CE81F32-StateMachineUpdater: set stopIndex = 2
2019-10-03 08:51:08,810 [Thread-1510] INFO  impl.FollowerState (FollowerState.java:run(117)) - 0fd4a3fd-1acf-4517-a260-f29a17e7fdef@group-A4E22CE81F32-FollowerState was interrupted: java.lang.InterruptedException: sleep interrupted
2019-10-03 08:51:08,810 [0fd4a3fd-1acf-4517-a260-f29a17e7fdef@group-A4E22CE81F32-StateMachineUpdater] INFO  ratis.ContainerStateMachine (ContainerStateMachine.java:takeSnapshot(293)) - group-A4E22CE81F32: Taking a snapshot at:(t:1, i:1) file /workdir/hadoop-ozone/integration-test/target/test-dir/MiniOzoneClusterImpl-2cc19e60-fd5d-47c1-947d-bf84e7590418/datanode-0/data/ratis/9d1e7154-fcd3-43af-a811-a4e22ce81f32/sm/snapshot.1_1
2019-10-03 08:51:08,839 [0fd4a3fd-1acf-4517-a260-f29a17e7fdef@group-A4E22CE81F32-StateMachineUpdater] INFO  ratis.ContainerStateMachine (ContainerStateMachine.java:takeSnapshot(304)) - group-A4E22CE81F32: Finished taking a snapshot at:(t:1, i:1) file:/workdir/hadoop-ozone/integration-test/target/test-dir/MiniOzoneClusterImpl-2cc19e60-fd5d-47c1-947d-bf84e7590418/datanode-0/data/ratis/9d1e7154-fcd3-43af-a811-a4e22ce81f32/sm/snapshot.1_1 time:29
2019-10-03 08:51:08,840 [0fd4a3fd-1acf-4517-a260-f29a17e7fdef@group-A4E22CE81F32-StateMachineUpdater] INFO  impl.StateMachineUpdater (StateMachineUpdater.java:takeSnapshot(269)) - 0fd4a3fd-1acf-4517-a260-f29a17e7fdef@group-A4E22CE81F32-StateMachineUpdater: Took a snapshot at index 1
2019-10-03 08:51:08,840 [0fd4a3fd-1acf-4517-a260-f29a17e7fdef@group-A4E22CE81F32-StateMachineUpdater] INFO  impl.StateMachineUpdater (StateMachineUpdater.java:lambda$new$0(84)) - 0fd4a3fd-1acf-4517-a260-f29a17e7fdef@group-A4E22CE81F32-StateMachineUpdater: snapshotIndex: updateIncreasingly -1 -> 1
2019-10-03 08:51:08,840 [0fd4a3fd-1acf-4517-a260-f29a17e7fdef@group-A4E22CE81F32-StateMachineUpdater] INFO  ratis.ContainerStateMachine (ContainerStateMachine.java:takeSnapshot(293)) - group-A4E22CE81F32: Taking a snapshot at:(t:1, i:1) file /workdir/hadoop-ozone/integration-test/target/test-dir/MiniOzoneClusterImpl-2cc19e60-fd5d-47c1-947d-bf84e7590418/datanode-0/data/ratis/9d1e7154-fcd3-43af-a811-a4e22ce81f32/sm/snapshot.1_1
2019-10-03 08:51:08,857 [0fd4a3fd-1acf-4517-a260-f29a17e7fdef@group-A4E22CE81F32-StateMachineUpdater] INFO  ratis.ContainerStateMachine (ContainerStateMachine.java:takeSnapshot(304)) - group-A4E22CE81F32: Finished taking a snapshot at:(t:1, i:1) file:/workdir/hadoop-ozone/integration-test/target/test-dir/MiniOzoneClusterImpl-2cc19e60-fd5d-47c1-947d-bf84e7590418/datanode-0/data/ratis/9d1e7154-fcd3-43af-a811-a4e22ce81f32/sm/snapshot.1_1 time:17
2019-10-03 08:51:08,858 [0fd4a3fd-1acf-4517-a260-f29a17e7fdef@group-A4E22CE81F32-StateMachineUpdater] INFO  impl.StateMachineUpdater (StateMachineUpdater.java:takeSnapshot(269)) - 0fd4a3fd-1acf-4517-a260-f29a17e7fdef@group-A4E22CE81F32-StateMachineUpdater: Took a snapshot at index 1
2019-10-03 08:51:08,858 [0fd4a3fd-1acf-4517-a260-f29a17e7fdef@group-A4E22CE81F32-StateMachineUpdater] INFO  impl.StateMachineUpdater (StateMachineUpdater.java:lambda$new$0(84)) - 0fd4a3fd-1acf-4517-a260-f29a17e7fdef@group-A4E22CE81F32-StateMachineUpdater: snapshotIndex: updateIncreasingly 1 -> 1
2019-10-03 08:51:08,858 [main] INFO  impl.RaftServerImpl (ServerState.java:close(387)) - 0fd4a3fd-1acf-4517-a260-f29a17e7fdef@group-A4E22CE81F32: closes. applyIndex: 2
2019-10-03 08:51:08,859 [0fd4a3fd-1acf-4517-a260-f29a17e7fdef@group-A4E22CE81F32-SegmentedRaftLogWorker] INFO  segmented.SegmentedRaftLogWorker (SegmentedRaftLogWorker.java:run(316)) - 0fd4a3fd-1acf-4517-a260-f29a17e7fdef@group-A4E22CE81F32-SegmentedRaftLogWorker was interrupted, exiting. There are 0 tasks remaining in the queue.
2019-10-03 08:51:08,862 [main] INFO  segmented.SegmentedRaftLogWorker (SegmentedRaftLogWorker.java:close(224)) - 0fd4a3fd-1acf-4517-a260-f29a17e7fdef@group-A4E22CE81F32-SegmentedRaftLogWorker close()
2019-10-03 08:51:08,867 [main] INFO  server.GrpcService (GrpcService.java:closeImpl(164)) - 0fd4a3fd-1acf-4517-a260-f29a17e7fdef: shutdown server with port 38568 now
2019-10-03 08:51:08,868 [grpc-default-executor-2] WARN  server.GrpcServerProtocolService (LogUtils.java:warn(134)) - 0fd4a3fd-1acf-4517-a260-f29a17e7fdef: installSnapshot onError, lastRequest: 44dfefca-9cc0-4191-be09-9e0ba236227c->0fd4a3fd-1acf-4517-a260-f29a17e7fdef#5-t1, previous=(t:1, i:2), leaderCommit=2, initializing? false, entries: <empty>: org.apache.ratis.thirdparty.io.grpc.StatusRuntimeException: CANCELLED: cancelled before receiving half close
2019-10-03 08:51:08,868 [grpc-default-executor-0] WARN  server.GrpcLogAppender (LogUtils.java:warn(134)) - 44dfefca-9cc0-4191-be09-9e0ba236227c@group-A4E22CE81F32->0fd4a3fd-1acf-4517-a260-f29a17e7fdef-AppendLogResponseHandler: Failed appendEntries: org.apache.ratis.thirdparty.io.grpc.StatusRuntimeException: CANCELLED: HTTP/2 error code: CANCEL
Received Rst Stream
2019-10-03 08:51:08,868 [main] INFO  server.GrpcService (GrpcService.java:closeImpl(172)) - 0fd4a3fd-1acf-4517-a260-f29a17e7fdef: shutdown server with port 38568 successfully
2019-10-03 08:51:08,869 [grpc-default-executor-0] INFO  impl.FollowerInfo (FollowerInfo.java:lambda$new$0(51)) - 44dfefca-9cc0-4191-be09-9e0ba236227c@group-A4E22CE81F32->0fd4a3fd-1acf-4517-a260-f29a17e7fdef: nextIndex: updateUnconditionally 3 -> 2
2019-10-03 08:51:08,873 [refreshUsed-/workdir/hadoop-ozone/integration-test/target/test-dir/MiniOzoneClusterImpl-2cc19e60-fd5d-47c1-947d-bf84e7590418/datanode-0/data/containers] WARN  fs.CachingGetSpaceUsed (CachingGetSpaceUsed.java:run(183)) - Thread Interrupted waiting to refresh disk information: sleep interrupted
2019-10-03 08:51:08,894 [main] INFO  utils.BackgroundService (BackgroundService.java:shutdown(148)) - Shutting down service BlockDeletingService
2019-10-03 08:51:08,902 [main] INFO  statemachine.DatanodeStateMachine (DatanodeStateMachine.java:stopDaemon(395)) - Ozone container server stopped.
2019-10-03 08:51:08,904 [main] INFO  handler.ContextHandler (ContextHandler.java:doStop(910)) - Stopped o.e.j.w.WebAppContext@6b1b19cf{/,null,UNAVAILABLE}{/hddsDatanode}
2019-10-03 08:51:08,905 [main] INFO  server.AbstractConnector (AbstractConnector.java:doStop(318)) - Stopped ServerConnector@6393bf8b{HTTP/1.1,[http/1.1]}{0.0.0.0:0}
2019-10-03 08:51:08,905 [main] INFO  handler.ContextHandler (ContextHandler.java:doStop(910)) - Stopped o.e.j.s.ServletContextHandler@6d672bd4{/static,jar:file:/home/user/.m2/repository/org/apache/hadoop/hadoop-hdds-container-service/0.5.0-SNAPSHOT/hadoop-hdds-container-service-0.5.0-SNAPSHOT.jar!/webapps/static,UNAVAILABLE}
2019-10-03 08:51:08,906 [main] INFO  handler.ContextHandler (ContextHandler.java:doStop(910)) - Stopped o.e.j.s.ServletContextHandler@4cc65c2{/logs,file:///workdir/hadoop-ozone/integration-test/target/log,UNAVAILABLE}
2019-10-03 08:51:09,777 [Datanode State Machine Thread - 0] INFO  statemachine.DatanodeStateMachine (DatanodeStateMachine.java:lambda$startDaemon$0(350)) - Ozone container server started.
2019-10-03 08:51:11,166 [grpc-default-executor-0] WARN  server.GrpcLogAppender (LogUtils.java:warn(134)) - 44dfefca-9cc0-4191-be09-9e0ba236227c@group-A4E22CE81F32->0fd4a3fd-1acf-4517-a260-f29a17e7fdef-AppendLogResponseHandler: Failed appendEntries: org.apache.ratis.thirdparty.io.grpc.StatusRuntimeException: UNAVAILABLE: io exception
2019-10-03 08:51:11,166 [grpc-default-executor-0] INFO  impl.FollowerInfo (FollowerInfo.java:lambda$new$0(51)) - 44dfefca-9cc0-4191-be09-9e0ba236227c@group-A4E22CE81F32->0fd4a3fd-1acf-4517-a260-f29a17e7fdef: nextIndex: updateUnconditionally 2 -> 1
2019-10-03 08:51:13,667 [grpc-default-executor-2] WARN  server.GrpcLogAppender (LogUtils.java:warn(134)) - 44dfefca-9cc0-4191-be09-9e0ba236227c@group-A4E22CE81F32->0fd4a3fd-1acf-4517-a260-f29a17e7fdef-AppendLogResponseHandler: Failed appendEntries: org.apache.ratis.thirdparty.io.grpc.StatusRuntimeException: UNAVAILABLE: io exception
2019-10-03 08:51:13,668 [grpc-default-executor-2] INFO  impl.FollowerInfo (FollowerInfo.java:lambda$new$0(51)) - 44dfefca-9cc0-4191-be09-9e0ba236227c@group-A4E22CE81F32->0fd4a3fd-1acf-4517-a260-f29a17e7fdef: nextIndex: updateUnconditionally 1 -> 0
2019-10-03 08:51:13,908 [main] INFO  ozoneimpl.OzoneContainer (OzoneContainer.java:stop(231)) - Attempting to stop container services.
2019-10-03 08:51:13,908 [main] INFO  impl.RaftServerProxy (RaftServerProxy.java:lambda$close$4(314)) - 576c1584-98eb-4342-a4b5-132ff6e862cb: close
2019-10-03 08:51:13,909 [main] INFO  impl.RaftServerImpl (RaftServerImpl.java:lambda$shutdown$3(247)) - 576c1584-98eb-4342-a4b5-132ff6e862cb@group-A64E3438B84A: shutdown
2019-10-03 08:51:13,910 [main] INFO  util.JmxRegister (JmxRegister.java:unregister(73)) - Successfully un-registered JMX Bean with object name Ratis:service=RaftServer,group=group-A64E3438B84A,id=576c1584-98eb-4342-a4b5-132ff6e862cb
2019-10-03 08:51:13,910 [main] INFO  impl.RoleInfo (RoleInfo.java:shutdownLeaderState(104)) - 576c1584-98eb-4342-a4b5-132ff6e862cb: shutdown LeaderState
2019-10-03 08:51:13,911 [main] INFO  impl.PendingRequests (PendingRequests.java:sendNotLeaderResponses(202)) - 576c1584-98eb-4342-a4b5-132ff6e862cb@group-A64E3438B84A-PendingRequests: sendNotLeaderResponses
2019-10-03 08:51:13,911 [main] INFO  impl.StateMachineUpdater (StateMachineUpdater.java:stopAndJoin(136)) - 576c1584-98eb-4342-a4b5-132ff6e862cb@group-A64E3438B84A-StateMachineUpdater: set stopIndex = 0
2019-10-03 08:51:13,911 [main] INFO  impl.RaftServerImpl (ServerState.java:close(387)) - 576c1584-98eb-4342-a4b5-132ff6e862cb@group-A64E3438B84A: closes. applyIndex: 0
2019-10-03 08:51:13,912 [576c1584-98eb-4342-a4b5-132ff6e862cb@group-A64E3438B84A-SegmentedRaftLogWorker] INFO  segmented.SegmentedRaftLogWorker (SegmentedRaftLogWorker.java:run(316)) - 576c1584-98eb-4342-a4b5-132ff6e862cb@group-A64E3438B84A-SegmentedRaftLogWorker was interrupted, exiting. There are 0 tasks remaining in the queue.
2019-10-03 08:51:13,916 [main] INFO  segmented.SegmentedRaftLogWorker (SegmentedRaftLogWorker.java:close(224)) - 576c1584-98eb-4342-a4b5-132ff6e862cb@group-A64E3438B84A-SegmentedRaftLogWorker close()
2019-10-03 08:51:13,920 [main] INFO  impl.RaftServerImpl (RaftServerImpl.java:lambda$shutdown$3(247)) - 576c1584-98eb-4342-a4b5-132ff6e862cb@group-A4E22CE81F32: shutdown
2019-10-03 08:51:13,920 [main] INFO  util.JmxRegister (JmxRegister.java:unregister(73)) - Successfully un-registered JMX Bean with object name Ratis:service=RaftServer,group=group-A4E22CE81F32,id=576c1584-98eb-4342-a4b5-132ff6e862cb
2019-10-03 08:51:13,920 [main] INFO  impl.RoleInfo (RoleInfo.java:shutdownFollowerState(121)) - 576c1584-98eb-4342-a4b5-132ff6e862cb: shutdown FollowerState
2019-10-03 08:51:13,921 [main] INFO  impl.StateMachineUpdater (StateMachineUpdater.java:stopAndJoin(136)) - 576c1584-98eb-4342-a4b5-132ff6e862cb@group-A4E22CE81F32-StateMachineUpdater: set stopIndex = 2
2019-10-03 08:51:13,921 [576c1584-98eb-4342-a4b5-132ff6e862cb@group-A4E22CE81F32-StateMachineUpdater] INFO  ratis.ContainerStateMachine (ContainerStateMachine.java:takeSnapshot(293)) - group-A4E22CE81F32: Taking a snapshot at:(t:1, i:1) file /workdir/hadoop-ozone/integration-test/target/test-dir/MiniOzoneClusterImpl-2cc19e60-fd5d-47c1-947d-bf84e7590418/datanode-2/data/ratis/9d1e7154-fcd3-43af-a811-a4e22ce81f32/sm/snapshot.1_1
2019-10-03 08:51:13,921 [Thread-1509] INFO  impl.FollowerState (FollowerState.java:run(117)) - 576c1584-98eb-4342-a4b5-132ff6e862cb@group-A4E22CE81F32-FollowerState was interrupted: java.lang.InterruptedException: sleep interrupted
2019-10-03 08:51:14,212 [576c1584-98eb-4342-a4b5-132ff6e862cb@group-A4E22CE81F32-StateMachineUpdater] INFO  ratis.ContainerStateMachine (ContainerStateMachine.java:takeSnapshot(304)) - group-A4E22CE81F32: Finished taking a snapshot at:(t:1, i:1) file:/workdir/hadoop-ozone/integration-test/target/test-dir/MiniOzoneClusterImpl-2cc19e60-fd5d-47c1-947d-bf84e7590418/datanode-2/data/ratis/9d1e7154-fcd3-43af-a811-a4e22ce81f32/sm/snapshot.1_1 time:291
2019-10-03 08:51:14,212 [576c1584-98eb-4342-a4b5-132ff6e862cb@group-A4E22CE81F32-StateMachineUpdater] INFO  impl.StateMachineUpdater (StateMachineUpdater.java:takeSnapshot(269)) - 576c1584-98eb-4342-a4b5-132ff6e862cb@group-A4E22CE81F32-StateMachineUpdater: Took a snapshot at index 1
2019-10-03 08:51:14,213 [576c1584-98eb-4342-a4b5-132ff6e862cb@group-A4E22CE81F32-StateMachineUpdater] INFO  impl.StateMachineUpdater (StateMachineUpdater.java:lambda$new$0(84)) - 576c1584-98eb-4342-a4b5-132ff6e862cb@group-A4E22CE81F32-StateMachineUpdater: snapshotIndex: updateIncreasingly -1 -> 1
2019-10-03 08:51:14,213 [576c1584-98eb-4342-a4b5-132ff6e862cb@group-A4E22CE81F32-StateMachineUpdater] INFO  ratis.ContainerStateMachine (ContainerStateMachine.java:takeSnapshot(293)) - group-A4E22CE81F32: Taking a snapshot at:(t:1, i:1) file /workdir/hadoop-ozone/integration-test/target/test-dir/MiniOzoneClusterImpl-2cc19e60-fd5d-47c1-947d-bf84e7590418/datanode-2/data/ratis/9d1e7154-fcd3-43af-a811-a4e22ce81f32/sm/snapshot.1_1
2019-10-03 08:51:14,215 [576c1584-98eb-4342-a4b5-132ff6e862cb@group-A4E22CE81F32-StateMachineUpdater] INFO  ratis.ContainerStateMachine (ContainerStateMachine.java:takeSnapshot(304)) - group-A4E22CE81F32: Finished taking a snapshot at:(t:1, i:1) file:/workdir/hadoop-ozone/integration-test/target/test-dir/MiniOzoneClusterImpl-2cc19e60-fd5d-47c1-947d-bf84e7590418/datanode-2/data/ratis/9d1e7154-fcd3-43af-a811-a4e22ce81f32/sm/snapshot.1_1 time:2
2019-10-03 08:51:14,216 [576c1584-98eb-4342-a4b5-132ff6e862cb@group-A4E22CE81F32-StateMachineUpdater] INFO  impl.StateMachineUpdater (StateMachineUpdater.java:takeSnapshot(269)) - 576c1584-98eb-4342-a4b5-132ff6e862cb@group-A4E22CE81F32-StateMachineUpdater: Took a snapshot at index 1
2019-10-03 08:51:14,216 [576c1584-98eb-4342-a4b5-132ff6e862cb@group-A4E22CE81F32-StateMachineUpdater] INFO  impl.StateMachineUpdater (StateMachineUpdater.java:lambda$new$0(84)) - 576c1584-98eb-4342-a4b5-132ff6e862cb@group-A4E22CE81F32-StateMachineUpdater: snapshotIndex: updateIncreasingly 1 -> 1
2019-10-03 08:51:14,216 [main] INFO  impl.RaftServerImpl (ServerState.java:close(387)) - 576c1584-98eb-4342-a4b5-132ff6e862cb@group-A4E22CE81F32: closes. applyIndex: 2
2019-10-03 08:51:14,217 [576c1584-98eb-4342-a4b5-132ff6e862cb@group-A4E22CE81F32-SegmentedRaftLogWorker] INFO  segmented.SegmentedRaftLogWorker (SegmentedRaftLogWorker.java:run(316)) - 576c1584-98eb-4342-a4b5-132ff6e862cb@group-A4E22CE81F32-SegmentedRaftLogWorker was interrupted, exiting. There are 0 tasks remaining in the queue.
2019-10-03 08:51:14,219 [main] INFO  segmented.SegmentedRaftLogWorker (SegmentedRaftLogWorker.java:close(224)) - 576c1584-98eb-4342-a4b5-132ff6e862cb@group-A4E22CE81F32-SegmentedRaftLogWorker close()
2019-10-03 08:51:14,223 [main] INFO  server.GrpcService (GrpcService.java:closeImpl(164)) - 576c1584-98eb-4342-a4b5-132ff6e862cb: shutdown server with port 36834 now
2019-10-03 08:51:14,224 [grpc-default-executor-0] WARN  server.GrpcServerProtocolService (LogUtils.java:warn(134)) - 576c1584-98eb-4342-a4b5-132ff6e862cb: installSnapshot onError, lastRequest: 44dfefca-9cc0-4191-be09-9e0ba236227c->576c1584-98eb-4342-a4b5-132ff6e862cb#7-t1, previous=(t:1, i:2), leaderCommit=2, initializing? false, entries: <empty>: org.apache.ratis.thirdparty.io.grpc.StatusRuntimeException: CANCELLED: cancelled before receiving half close
2019-10-03 08:51:14,224 [main] INFO  server.GrpcService (GrpcService.java:closeImpl(172)) - 576c1584-98eb-4342-a4b5-132ff6e862cb: shutdown server with port 36834 successfully
2019-10-03 08:51:14,224 [grpc-default-executor-2] WARN  server.GrpcLogAppender (LogUtils.java:warn(134)) - 44dfefca-9cc0-4191-be09-9e0ba236227c@group-A4E22CE81F32->576c1584-98eb-4342-a4b5-132ff6e862cb-AppendLogResponseHandler: Failed appendEntries: org.apache.ratis.thirdparty.io.grpc.StatusRuntimeException: CANCELLED: HTTP/2 error code: CANCEL
Received Rst Stream
2019-10-03 08:51:14,225 [grpc-default-executor-2] INFO  impl.FollowerInfo (FollowerInfo.java:lambda$new$0(51)) - 44dfefca-9cc0-4191-be09-9e0ba236227c@group-A4E22CE81F32->576c1584-98eb-4342-a4b5-132ff6e862cb: nextIndex: updateUnconditionally 3 -> 2
2019-10-03 08:51:14,226 [refreshUsed-/workdir/hadoop-ozone/integration-test/target/test-dir/MiniOzoneClusterImpl-2cc19e60-fd5d-47c1-947d-bf84e7590418/datanode-2/data/containers] WARN  fs.CachingGetSpaceUsed (CachingGetSpaceUsed.java:run(183)) - Thread Interrupted waiting to refresh disk information: sleep interrupted
2019-10-03 08:51:14,246 [main] INFO  utils.BackgroundService (BackgroundService.java:shutdown(148)) - Shutting down service BlockDeletingService
2019-10-03 08:51:14,252 [main] INFO  statemachine.DatanodeStateMachine (DatanodeStateMachine.java:stopDaemon(395)) - Ozone container server stopped.
2019-10-03 08:51:14,253 [main] INFO  handler.ContextHandler (ContextHandler.java:doStop(910)) - Stopped o.e.j.w.WebAppContext@667dcaad{/,null,UNAVAILABLE}{/hddsDatanode}
2019-10-03 08:51:14,254 [main] INFO  server.AbstractConnector (AbstractConnector.java:doStop(318)) - Stopped ServerConnector@22d7fd41{HTTP/1.1,[http/1.1]}{0.0.0.0:0}
2019-10-03 08:51:14,254 [main] INFO  handler.ContextHandler (ContextHandler.java:doStop(910)) - Stopped o.e.j.s.ServletContextHandler@65514add{/static,jar:file:/home/user/.m2/repository/org/apache/hadoop/hadoop-hdds-container-service/0.5.0-SNAPSHOT/hadoop-hdds-container-service-0.5.0-SNAPSHOT.jar!/webapps/static,UNAVAILABLE}
2019-10-03 08:51:14,255 [main] INFO  handler.ContextHandler (ContextHandler.java:doStop(910)) - Stopped o.e.j.s.ServletContextHandler@6ecc02bb{/logs,file:///workdir/hadoop-ozone/integration-test/target/log,UNAVAILABLE}
2019-10-03 08:51:16,167 [grpc-default-executor-2] WARN  server.GrpcLogAppender (LogUtils.java:warn(134)) - 44dfefca-9cc0-4191-be09-9e0ba236227c@group-A4E22CE81F32->0fd4a3fd-1acf-4517-a260-f29a17e7fdef-AppendLogResponseHandler: Failed appendEntries: org.apache.ratis.thirdparty.io.grpc.StatusRuntimeException: UNAVAILABLE: io exception
2019-10-03 08:51:16,168 [grpc-default-executor-2] INFO  impl.FollowerInfo (FollowerInfo.java:lambda$new$0(51)) - 44dfefca-9cc0-4191-be09-9e0ba236227c@group-A4E22CE81F32->0fd4a3fd-1acf-4517-a260-f29a17e7fdef: nextIndex: updateUnconditionally 0 -> 0
2019-10-03 08:51:16,170 [grpc-default-executor-2] WARN  server.GrpcLogAppender (LogUtils.java:warn(134)) - 44dfefca-9cc0-4191-be09-9e0ba236227c@group-A4E22CE81F32->576c1584-98eb-4342-a4b5-132ff6e862cb-AppendLogResponseHandler: Failed appendEntries: org.apache.ratis.thirdparty.io.grpc.StatusRuntimeException: UNAVAILABLE: io exception
2019-10-03 08:51:16,170 [grpc-default-executor-2] INFO  impl.FollowerInfo (FollowerInfo.java:lambda$new$0(51)) - 44dfefca-9cc0-4191-be09-9e0ba236227c@group-A4E22CE81F32->576c1584-98eb-4342-a4b5-132ff6e862cb: nextIndex: updateUnconditionally 2 -> 1
2019-10-03 08:51:18,671 [grpc-default-executor-0] WARN  server.GrpcLogAppender (LogUtils.java:warn(134)) - 44dfefca-9cc0-4191-be09-9e0ba236227c@group-A4E22CE81F32->0fd4a3fd-1acf-4517-a260-f29a17e7fdef-AppendLogResponseHandler: Failed appendEntries: org.apache.ratis.thirdparty.io.grpc.StatusRuntimeException: UNAVAILABLE: io exception
2019-10-03 08:51:18,671 [grpc-default-executor-2] WARN  server.GrpcLogAppender (LogUtils.java:warn(134)) - 44dfefca-9cc0-4191-be09-9e0ba236227c@group-A4E22CE81F32->576c1584-98eb-4342-a4b5-132ff6e862cb-AppendLogResponseHandler: Failed appendEntries: org.apache.ratis.thirdparty.io.grpc.StatusRuntimeException: UNAVAILABLE: io exception
2019-10-03 08:51:18,673 [grpc-default-executor-2] INFO  impl.FollowerInfo (FollowerInfo.java:lambda$new$0(51)) - 44dfefca-9cc0-4191-be09-9e0ba236227c@group-A4E22CE81F32->576c1584-98eb-4342-a4b5-132ff6e862cb: nextIndex: updateUnconditionally 1 -> 0
2019-10-03 08:51:18,673 [grpc-default-executor-0] INFO  impl.FollowerInfo (FollowerInfo.java:lambda$new$0(51)) - 44dfefca-9cc0-4191-be09-9e0ba236227c@group-A4E22CE81F32->0fd4a3fd-1acf-4517-a260-f29a17e7fdef: nextIndex: updateUnconditionally 0 -> 0
2019-10-03 08:51:21,177 [grpc-default-executor-0] WARN  server.GrpcLogAppender (LogUtils.java:warn(134)) - 44dfefca-9cc0-4191-be09-9e0ba236227c@group-A4E22CE81F32->0fd4a3fd-1acf-4517-a260-f29a17e7fdef-AppendLogResponseHandler: Failed appendEntries: org.apache.ratis.thirdparty.io.grpc.StatusRuntimeException: UNAVAILABLE: io exception
2019-10-03 08:51:21,177 [grpc-default-executor-2] WARN  server.GrpcLogAppender (LogUtils.java:warn(134)) - 44dfefca-9cc0-4191-be09-9e0ba236227c@group-A4E22CE81F32->576c1584-98eb-4342-a4b5-132ff6e862cb-AppendLogResponseHandler: Failed appendEntries: org.apache.ratis.thirdparty.io.grpc.StatusRuntimeException: UNAVAILABLE: io exception
2019-10-03 08:51:21,179 [grpc-default-executor-0] INFO  impl.FollowerInfo (FollowerInfo.java:lambda$new$0(51)) - 44dfefca-9cc0-4191-be09-9e0ba236227c@group-A4E22CE81F32->0fd4a3fd-1acf-4517-a260-f29a17e7fdef: nextIndex: updateUnconditionally 0 -> 0
2019-10-03 08:51:21,179 [grpc-default-executor-2] INFO  impl.FollowerInfo (FollowerInfo.java:lambda$new$0(51)) - 44dfefca-9cc0-4191-be09-9e0ba236227c@group-A4E22CE81F32->576c1584-98eb-4342-a4b5-132ff6e862cb: nextIndex: updateUnconditionally 0 -> 0
2019-10-03 08:51:23,675 [grpc-default-executor-0] WARN  server.GrpcLogAppender (LogUtils.java:warn(134)) - 44dfefca-9cc0-4191-be09-9e0ba236227c@group-A4E22CE81F32->0fd4a3fd-1acf-4517-a260-f29a17e7fdef-AppendLogResponseHandler: Failed appendEntries: org.apache.ratis.thirdparty.io.grpc.StatusRuntimeException: UNAVAILABLE: io exception
2019-10-03 08:51:23,675 [grpc-default-executor-2] WARN  server.GrpcLogAppender (LogUtils.java:warn(134)) - 44dfefca-9cc0-4191-be09-9e0ba236227c@group-A4E22CE81F32->576c1584-98eb-4342-a4b5-132ff6e862cb-AppendLogResponseHandler: Failed appendEntries: org.apache.ratis.thirdparty.io.grpc.StatusRuntimeException: UNAVAILABLE: io exception
2019-10-03 08:51:23,676 [grpc-default-executor-2] INFO  impl.FollowerInfo (FollowerInfo.java:lambda$new$0(51)) - 44dfefca-9cc0-4191-be09-9e0ba236227c@group-A4E22CE81F32->576c1584-98eb-4342-a4b5-132ff6e862cb: nextIndex: updateUnconditionally 0 -> 0
2019-10-03 08:51:23,676 [grpc-default-executor-0] INFO  impl.FollowerInfo (FollowerInfo.java:lambda$new$0(51)) - 44dfefca-9cc0-4191-be09-9e0ba236227c@group-A4E22CE81F32->0fd4a3fd-1acf-4517-a260-f29a17e7fdef: nextIndex: updateUnconditionally 0 -> 0
2019-10-03 08:51:25,056 [Thread-1593] INFO  client.GrpcClientProtocolService (GrpcClientProtocolService.java:lambda$processClientRequest$0(278)) - Failed RaftClientRequest:client-AFC244DCBC99->44dfefca-9cc0-4191-be09-9e0ba236227c@group-A4E22CE81F32, cid=67, seq=0, Watch-ALL_COMMITTED(67), Message:<EMPTY>, reply=RaftClientReply:client-AFC244DCBC99->44dfefca-9cc0-4191-be09-9e0ba236227c@group-A4E22CE81F32, cid=67, FAILED org.apache.ratis.protocol.NotReplicatedException: Request with call Id 67 and log index 67 is not yet replicated to ALL_COMMITTED, logIndex=67, commits[44dfefca-9cc0-4191-be09-9e0ba236227c:c2, 576c1584-98eb-4342-a4b5-132ff6e862cb:c2, 0fd4a3fd-1acf-4517-a260-f29a17e7fdef:c2]
2019-10-03 08:51:26,176 [grpc-default-executor-2] WARN  server.GrpcLogAppender (LogUtils.java:warn(134)) - 44dfefca-9cc0-4191-be09-9e0ba236227c@group-A4E22CE81F32->0fd4a3fd-1acf-4517-a260-f29a17e7fdef-AppendLogResponseHandler: Failed appendEntries: org.apache.ratis.thirdparty.io.grpc.StatusRuntimeException: UNAVAILABLE: io exception
2019-10-03 08:51:26,176 [grpc-default-executor-7] WARN  server.GrpcLogAppender (LogUtils.java:warn(134)) - 44dfefca-9cc0-4191-be09-9e0ba236227c@group-A4E22CE81F32->576c1584-98eb-4342-a4b5-132ff6e862cb-AppendLogResponseHandler: Failed appendEntries: org.apache.ratis.thirdparty.io.grpc.StatusRuntimeException: UNAVAILABLE: io exception
2019-10-03 08:51:26,180 [grpc-default-executor-2] INFO  impl.FollowerInfo (FollowerInfo.java:lambda$new$0(51)) - 44dfefca-9cc0-4191-be09-9e0ba236227c@group-A4E22CE81F32->0fd4a3fd-1acf-4517-a260-f29a17e7fdef: nextIndex: updateUnconditionally 0 -> 0
2019-10-03 08:51:26,180 [grpc-default-executor-7] INFO  impl.FollowerInfo (FollowerInfo.java:lambda$new$0(51)) - 44dfefca-9cc0-4191-be09-9e0ba236227c@group-A4E22CE81F32->576c1584-98eb-4342-a4b5-132ff6e862cb: nextIndex: updateUnconditionally 0 -> 0
2019-10-03 08:51:28,680 [grpc-default-executor-7] WARN  server.GrpcLogAppender (LogUtils.java:warn(134)) - 44dfefca-9cc0-4191-be09-9e0ba236227c@group-A4E22CE81F32->0fd4a3fd-1acf-4517-a260-f29a17e7fdef-AppendLogResponseHandler: Failed appendEntries: org.apache.ratis.thirdparty.io.grpc.StatusRuntimeException: UNAVAILABLE: io exception
2019-10-03 08:51:28,680 [grpc-default-executor-2] WARN  server.GrpcLogAppender (LogUtils.java:warn(134)) - 44dfefca-9cc0-4191-be09-9e0ba236227c@group-A4E22CE81F32->576c1584-98eb-4342-a4b5-132ff6e862cb-AppendLogResponseHandler: Failed appendEntries: org.apache.ratis.thirdparty.io.grpc.StatusRuntimeException: UNAVAILABLE: io exception
2019-10-03 08:51:28,681 [grpc-default-executor-2] INFO  impl.FollowerInfo (FollowerInfo.java:lambda$new$0(51)) - 44dfefca-9cc0-4191-be09-9e0ba236227c@group-A4E22CE81F32->576c1584-98eb-4342-a4b5-132ff6e862cb: nextIndex: updateUnconditionally 0 -> 0
2019-10-03 08:51:28,681 [grpc-default-executor-7] INFO  impl.FollowerInfo (FollowerInfo.java:lambda$new$0(51)) - 44dfefca-9cc0-4191-be09-9e0ba236227c@group-A4E22CE81F32->0fd4a3fd-1acf-4517-a260-f29a17e7fdef: nextIndex: updateUnconditionally 0 -> 0
2019-10-03 08:51:31,185 [grpc-default-executor-7] WARN  server.GrpcLogAppender (LogUtils.java:warn(134)) - 44dfefca-9cc0-4191-be09-9e0ba236227c@group-A4E22CE81F32->0fd4a3fd-1acf-4517-a260-f29a17e7fdef-AppendLogResponseHandler: Failed appendEntries: org.apache.ratis.thirdparty.io.grpc.StatusRuntimeException: UNAVAILABLE: io exception
2019-10-03 08:51:31,185 [grpc-default-executor-2] WARN  server.GrpcLogAppender (LogUtils.java:warn(134)) - 44dfefca-9cc0-4191-be09-9e0ba236227c@group-A4E22CE81F32->576c1584-98eb-4342-a4b5-132ff6e862cb-AppendLogResponseHandler: Failed appendEntries: org.apache.ratis.thirdparty.io.grpc.StatusRuntimeException: UNAVAILABLE: io exception
2019-10-03 08:51:31,186 [grpc-default-executor-2] INFO  impl.FollowerInfo (FollowerInfo.java:lambda$new$0(51)) - 44dfefca-9cc0-4191-be09-9e0ba236227c@group-A4E22CE81F32->576c1584-98eb-4342-a4b5-132ff6e862cb: nextIndex: updateUnconditionally 0 -> 0
2019-10-03 08:51:31,186 [grpc-default-executor-7] INFO  impl.FollowerInfo (FollowerInfo.java:lambda$new$0(51)) - 44dfefca-9cc0-4191-be09-9e0ba236227c@group-A4E22CE81F32->0fd4a3fd-1acf-4517-a260-f29a17e7fdef: nextIndex: updateUnconditionally 0 -> 0
2019-10-03 08:51:33,685 [grpc-default-executor-6] WARN  server.GrpcLogAppender (LogUtils.java:warn(134)) - 44dfefca-9cc0-4191-be09-9e0ba236227c@group-A4E22CE81F32->0fd4a3fd-1acf-4517-a260-f29a17e7fdef-AppendLogResponseHandler: Failed appendEntries: org.apache.ratis.thirdparty.io.grpc.StatusRuntimeException: UNAVAILABLE: io exception
2019-10-03 08:51:33,685 [grpc-default-executor-3] WARN  server.GrpcLogAppender (LogUtils.java:warn(134)) - 44dfefca-9cc0-4191-be09-9e0ba236227c@group-A4E22CE81F32->576c1584-98eb-4342-a4b5-132ff6e862cb-AppendLogResponseHandler: Failed appendEntries: org.apache.ratis.thirdparty.io.grpc.StatusRuntimeException: UNAVAILABLE: io exception
2019-10-03 08:51:33,685 [grpc-default-executor-6] INFO  impl.FollowerInfo (FollowerInfo.java:lambda$new$0(51)) - 44dfefca-9cc0-4191-be09-9e0ba236227c@group-A4E22CE81F32->0fd4a3fd-1acf-4517-a260-f29a17e7fdef: nextIndex: updateUnconditionally 0 -> 0
2019-10-03 08:51:33,685 [grpc-default-executor-3] INFO  impl.FollowerInfo (FollowerInfo.java:lambda$new$0(51)) - 44dfefca-9cc0-4191-be09-9e0ba236227c@group-A4E22CE81F32->576c1584-98eb-4342-a4b5-132ff6e862cb: nextIndex: updateUnconditionally 0 -> 0
2019-10-03 08:51:34,258 [main] WARN  scm.XceiverClientRatis (XceiverClientRatis.java:watchForCommit(292)) - 3 way commit failed on pipeline Pipeline[ Id: 9d1e7154-fcd3-43af-a811-a4e22ce81f32, Nodes: 0fd4a3fd-1acf-4517-a260-f29a17e7fdef{ip: 192.168.151.103, host: pr-hdds-2234-ztsc4-2614151736, networkLocation: /default-rack, certSerialId: null}576c1584-98eb-4342-a4b5-132ff6e862cb{ip: 192.168.151.103, host: pr-hdds-2234-ztsc4-2614151736, networkLocation: /default-rack, certSerialId: null}44dfefca-9cc0-4191-be09-9e0ba236227c{ip: 192.168.151.103, host: pr-hdds-2234-ztsc4-2614151736, networkLocation: /default-rack, certSerialId: null}, Type:RATIS, Factor:THREE, State:OPEN]
java.util.concurrent.TimeoutException
	at java.util.concurrent.CompletableFuture.timedGet(CompletableFuture.java:1771)
	at java.util.concurrent.CompletableFuture.get(CompletableFuture.java:1915)
	at org.apache.hadoop.hdds.scm.XceiverClientRatis.watchForCommit(XceiverClientRatis.java:289)
	at org.apache.hadoop.ozone.client.rpc.TestWatchForCommit.testWatchForCommitForRetryfailure(TestWatchForCommit.java:345)
	at sun.reflect.NativeMethodAccessorImpl.invoke0(Native Method)
	at sun.reflect.NativeMethodAccessorImpl.invoke(NativeMethodAccessorImpl.java:62)
	at sun.reflect.DelegatingMethodAccessorImpl.invoke(DelegatingMethodAccessorImpl.java:43)
	at java.lang.reflect.Method.invoke(Method.java:498)
	at org.junit.runners.model.FrameworkMethod$1.runReflectiveCall(FrameworkMethod.java:47)
	at org.junit.internal.runners.model.ReflectiveCallable.run(ReflectiveCallable.java:12)
	at org.junit.runners.model.FrameworkMethod.invokeExplosively(FrameworkMethod.java:44)
	at org.junit.internal.runners.statements.InvokeMethod.evaluate(InvokeMethod.java:17)
	at org.junit.runners.ParentRunner.runLeaf(ParentRunner.java:271)
	at org.junit.runners.BlockJUnit4ClassRunner.runChild(BlockJUnit4ClassRunner.java:70)
	at org.junit.runners.BlockJUnit4ClassRunner.runChild(BlockJUnit4ClassRunner.java:50)
	at org.junit.runners.ParentRunner$3.run(ParentRunner.java:238)
	at org.junit.runners.ParentRunner$1.schedule(ParentRunner.java:63)
	at org.junit.runners.ParentRunner.runChildren(ParentRunner.java:236)
	at org.junit.runners.ParentRunner.access$000(ParentRunner.java:53)
	at org.junit.runners.ParentRunner$2.evaluate(ParentRunner.java:229)
	at org.junit.runners.ParentRunner.run(ParentRunner.java:309)
	at org.apache.maven.surefire.junit4.JUnit4Provider.execute(JUnit4Provider.java:365)
	at org.apache.maven.surefire.junit4.JUnit4Provider.executeWithRerun(JUnit4Provider.java:273)
	at org.apache.maven.surefire.junit4.JUnit4Provider.executeTestSet(JUnit4Provider.java:238)
	at org.apache.maven.surefire.junit4.JUnit4Provider.invoke(JUnit4Provider.java:159)
	at org.apache.maven.surefire.booter.ForkedBooter.invokeProviderInSameClassLoader(ForkedBooter.java:384)
	at org.apache.maven.surefire.booter.ForkedBooter.runSuitesInProcess(ForkedBooter.java:345)
	at org.apache.maven.surefire.booter.ForkedBooter.execute(ForkedBooter.java:126)
	at org.apache.maven.surefire.booter.ForkedBooter.main(ForkedBooter.java:418)
2019-10-03 08:51:35,057 [Thread-1606] INFO  client.GrpcClientProtocolService (GrpcClientProtocolService.java:lambda$processClientRequest$0(278)) - Failed RaftClientRequest:client-AFC244DCBC99->44dfefca-9cc0-4191-be09-9e0ba236227c@group-A4E22CE81F32, cid=67, seq=0, Watch-ALL_COMMITTED(67), Message:<EMPTY>, reply=RaftClientReply:client-AFC244DCBC99->44dfefca-9cc0-4191-be09-9e0ba236227c@group-A4E22CE81F32, cid=67, FAILED org.apache.ratis.protocol.NotReplicatedException: Request with call Id 67 and log index 67 is not yet replicated to ALL_COMMITTED, logIndex=67, commits[44dfefca-9cc0-4191-be09-9e0ba236227c:c2, 576c1584-98eb-4342-a4b5-132ff6e862cb:c2, 0fd4a3fd-1acf-4517-a260-f29a17e7fdef:c2]
2019-10-03 08:51:36,189 [grpc-default-executor-3] WARN  server.GrpcLogAppender (LogUtils.java:warn(134)) - 44dfefca-9cc0-4191-be09-9e0ba236227c@group-A4E22CE81F32->0fd4a3fd-1acf-4517-a260-f29a17e7fdef-AppendLogResponseHandler: Failed appendEntries: org.apache.ratis.thirdparty.io.grpc.StatusRuntimeException: UNAVAILABLE: io exception
2019-10-03 08:51:36,189 [grpc-default-executor-6] WARN  server.GrpcLogAppender (LogUtils.java:warn(134)) - 44dfefca-9cc0-4191-be09-9e0ba236227c@group-A4E22CE81F32->576c1584-98eb-4342-a4b5-132ff6e862cb-AppendLogResponseHandler: Failed appendEntries: org.apache.ratis.thirdparty.io.grpc.StatusRuntimeException: UNAVAILABLE: io exception
2019-10-03 08:51:36,194 [grpc-default-executor-3] INFO  impl.FollowerInfo (FollowerInfo.java:lambda$new$0(51)) - 44dfefca-9cc0-4191-be09-9e0ba236227c@group-A4E22CE81F32->0fd4a3fd-1acf-4517-a260-f29a17e7fdef: nextIndex: updateUnconditionally 0 -> 0
2019-10-03 08:51:36,194 [grpc-default-executor-6] INFO  impl.FollowerInfo (FollowerInfo.java:lambda$new$0(51)) - 44dfefca-9cc0-4191-be09-9e0ba236227c@group-A4E22CE81F32->576c1584-98eb-4342-a4b5-132ff6e862cb: nextIndex: updateUnconditionally 0 -> 0
2019-10-03 08:51:38,965 [grpc-default-executor-3] WARN  server.GrpcLogAppender (LogUtils.java:warn(134)) - 44dfefca-9cc0-4191-be09-9e0ba236227c@group-A4E22CE81F32->576c1584-98eb-4342-a4b5-132ff6e862cb-AppendLogResponseHandler: Failed appendEntries: org.apache.ratis.thirdparty.io.grpc.StatusRuntimeException: UNAVAILABLE: io exception
2019-10-03 08:51:38,965 [grpc-default-executor-6] WARN  server.GrpcLogAppender (LogUtils.java:warn(134)) - 44dfefca-9cc0-4191-be09-9e0ba236227c@group-A4E22CE81F32->0fd4a3fd-1acf-4517-a260-f29a17e7fdef-AppendLogResponseHandler: Failed appendEntries: org.apache.ratis.thirdparty.io.grpc.StatusRuntimeException: UNAVAILABLE: io exception
2019-10-03 08:51:38,988 [grpc-default-executor-6] INFO  impl.FollowerInfo (FollowerInfo.java:lambda$new$0(51)) - 44dfefca-9cc0-4191-be09-9e0ba236227c@group-A4E22CE81F32->0fd4a3fd-1acf-4517-a260-f29a17e7fdef: nextIndex: updateUnconditionally 0 -> 0
2019-10-03 08:51:38,988 [grpc-default-executor-3] INFO  impl.FollowerInfo (FollowerInfo.java:lambda$new$0(51)) - 44dfefca-9cc0-4191-be09-9e0ba236227c@group-A4E22CE81F32->576c1584-98eb-4342-a4b5-132ff6e862cb: nextIndex: updateUnconditionally 0 -> 0
2019-10-03 08:51:41,412 [grpc-default-executor-6] WARN  server.GrpcLogAppender (LogUtils.java:warn(134)) - 44dfefca-9cc0-4191-be09-9e0ba236227c@group-A4E22CE81F32->0fd4a3fd-1acf-4517-a260-f29a17e7fdef-AppendLogResponseHandler: Failed appendEntries: org.apache.ratis.thirdparty.io.grpc.StatusRuntimeException: UNAVAILABLE: io exception
2019-10-03 08:51:41,412 [grpc-default-executor-7] WARN  server.GrpcLogAppender (LogUtils.java:warn(134)) - 44dfefca-9cc0-4191-be09-9e0ba236227c@group-A4E22CE81F32->576c1584-98eb-4342-a4b5-132ff6e862cb-AppendLogResponseHandler: Failed appendEntries: org.apache.ratis.thirdparty.io.grpc.StatusRuntimeException: UNAVAILABLE: io exception
2019-10-03 08:51:41,413 [grpc-default-executor-6] INFO  impl.FollowerInfo (FollowerInfo.java:lambda$new$0(51)) - 44dfefca-9cc0-4191-be09-9e0ba236227c@group-A4E22CE81F32->0fd4a3fd-1acf-4517-a260-f29a17e7fdef: nextIndex: updateUnconditionally 0 -> 0
2019-10-03 08:51:41,413 [grpc-default-executor-7] INFO  impl.FollowerInfo (FollowerInfo.java:lambda$new$0(51)) - 44dfefca-9cc0-4191-be09-9e0ba236227c@group-A4E22CE81F32->576c1584-98eb-4342-a4b5-132ff6e862cb: nextIndex: updateUnconditionally 0 -> 0
2019-10-03 08:51:43,912 [grpc-default-executor-2] WARN  server.GrpcLogAppender (LogUtils.java:warn(134)) - 44dfefca-9cc0-4191-be09-9e0ba236227c@group-A4E22CE81F32->0fd4a3fd-1acf-4517-a260-f29a17e7fdef-AppendLogResponseHandler: Failed appendEntries: org.apache.ratis.thirdparty.io.grpc.StatusRuntimeException: UNAVAILABLE: io exception
2019-10-03 08:51:43,912 [grpc-default-executor-0] WARN  server.GrpcLogAppender (LogUtils.java:warn(134)) - 44dfefca-9cc0-4191-be09-9e0ba236227c@group-A4E22CE81F32->576c1584-98eb-4342-a4b5-132ff6e862cb-AppendLogResponseHandler: Failed appendEntries: org.apache.ratis.thirdparty.io.grpc.StatusRuntimeException: UNAVAILABLE: io exception
2019-10-03 08:51:43,913 [grpc-default-executor-2] INFO  impl.FollowerInfo (FollowerInfo.java:lambda$new$0(51)) - 44dfefca-9cc0-4191-be09-9e0ba236227c@group-A4E22CE81F32->0fd4a3fd-1acf-4517-a260-f29a17e7fdef: nextIndex: updateUnconditionally 0 -> 0
2019-10-03 08:51:43,913 [grpc-default-executor-0] INFO  impl.FollowerInfo (FollowerInfo.java:lambda$new$0(51)) - 44dfefca-9cc0-4191-be09-9e0ba236227c@group-A4E22CE81F32->576c1584-98eb-4342-a4b5-132ff6e862cb: nextIndex: updateUnconditionally 0 -> 0
2019-10-03 08:51:45,056 [Thread-1621] INFO  client.GrpcClientProtocolService (GrpcClientProtocolService.java:lambda$processClientRequest$0(278)) - Failed RaftClientRequest:client-AFC244DCBC99->44dfefca-9cc0-4191-be09-9e0ba236227c@group-A4E22CE81F32, cid=67, seq=0, Watch-ALL_COMMITTED(67), Message:<EMPTY>, reply=RaftClientReply:client-AFC244DCBC99->44dfefca-9cc0-4191-be09-9e0ba236227c@group-A4E22CE81F32, cid=67, FAILED org.apache.ratis.protocol.NotReplicatedException: Request with call Id 67 and log index 67 is not yet replicated to ALL_COMMITTED, logIndex=67, commits[44dfefca-9cc0-4191-be09-9e0ba236227c:c2, 576c1584-98eb-4342-a4b5-132ff6e862cb:c2, 0fd4a3fd-1acf-4517-a260-f29a17e7fdef:c2]
2019-10-03 08:51:45,056 [Thread-1622] INFO  client.GrpcClientProtocolService (GrpcClientProtocolService.java:lambda$processClientRequest$0(278)) - Failed RaftClientRequest:client-AFC244DCBC99->44dfefca-9cc0-4191-be09-9e0ba236227c@group-A4E22CE81F32, cid=68, seq=0, Watch-MAJORITY_COMMITTED(67), Message:<EMPTY>, reply=RaftClientReply:client-AFC244DCBC99->44dfefca-9cc0-4191-be09-9e0ba236227c@group-A4E22CE81F32, cid=68, FAILED org.apache.ratis.protocol.NotReplicatedException: Request with call Id 68 and log index 67 is not yet replicated to MAJORITY_COMMITTED, logIndex=67, commits[44dfefca-9cc0-4191-be09-9e0ba236227c:c2, 576c1584-98eb-4342-a4b5-132ff6e862cb:c2, 0fd4a3fd-1acf-4517-a260-f29a17e7fdef:c2]
2019-10-03 08:51:46,414 [grpc-default-executor-0] WARN  server.GrpcLogAppender (LogUtils.java:warn(134)) - 44dfefca-9cc0-4191-be09-9e0ba236227c@group-A4E22CE81F32->0fd4a3fd-1acf-4517-a260-f29a17e7fdef-AppendLogResponseHandler: Failed appendEntries: org.apache.ratis.thirdparty.io.grpc.StatusRuntimeException: UNAVAILABLE: io exception
2019-10-03 08:51:46,414 [grpc-default-executor-7] WARN  server.GrpcLogAppender (LogUtils.java:warn(134)) - 44dfefca-9cc0-4191-be09-9e0ba236227c@group-A4E22CE81F32->576c1584-98eb-4342-a4b5-132ff6e862cb-AppendLogResponseHandler: Failed appendEntries: org.apache.ratis.thirdparty.io.grpc.StatusRuntimeException: UNAVAILABLE: io exception
2019-10-03 08:51:46,419 [grpc-default-executor-0] INFO  impl.FollowerInfo (FollowerInfo.java:lambda$new$0(51)) - 44dfefca-9cc0-4191-be09-9e0ba236227c@group-A4E22CE81F32->0fd4a3fd-1acf-4517-a260-f29a17e7fdef: nextIndex: updateUnconditionally 0 -> 0
2019-10-03 08:51:46,419 [grpc-default-executor-7] INFO  impl.FollowerInfo (FollowerInfo.java:lambda$new$0(51)) - 44dfefca-9cc0-4191-be09-9e0ba236227c@group-A4E22CE81F32->576c1584-98eb-4342-a4b5-132ff6e862cb: nextIndex: updateUnconditionally 0 -> 0
2019-10-03 08:51:48,918 [grpc-default-executor-0] WARN  server.GrpcLogAppender (LogUtils.java:warn(134)) - 44dfefca-9cc0-4191-be09-9e0ba236227c@group-A4E22CE81F32->0fd4a3fd-1acf-4517-a260-f29a17e7fdef-AppendLogResponseHandler: Failed appendEntries: org.apache.ratis.thirdparty.io.grpc.StatusRuntimeException: UNAVAILABLE: io exception
2019-10-03 08:51:48,918 [grpc-default-executor-7] WARN  server.GrpcLogAppender (LogUtils.java:warn(134)) - 44dfefca-9cc0-4191-be09-9e0ba236227c@group-A4E22CE81F32->576c1584-98eb-4342-a4b5-132ff6e862cb-AppendLogResponseHandler: Failed appendEntries: org.apache.ratis.thirdparty.io.grpc.StatusRuntimeException: UNAVAILABLE: io exception
2019-10-03 08:51:48,919 [grpc-default-executor-0] INFO  impl.FollowerInfo (FollowerInfo.java:lambda$new$0(51)) - 44dfefca-9cc0-4191-be09-9e0ba236227c@group-A4E22CE81F32->0fd4a3fd-1acf-4517-a260-f29a17e7fdef: nextIndex: updateUnconditionally 0 -> 0
2019-10-03 08:51:48,919 [grpc-default-executor-7] INFO  impl.FollowerInfo (FollowerInfo.java:lambda$new$0(51)) - 44dfefca-9cc0-4191-be09-9e0ba236227c@group-A4E22CE81F32->576c1584-98eb-4342-a4b5-132ff6e862cb: nextIndex: updateUnconditionally 0 -> 0
2019-10-03 08:51:51,422 [grpc-default-executor-7] WARN  server.GrpcLogAppender (LogUtils.java:warn(134)) - 44dfefca-9cc0-4191-be09-9e0ba236227c@group-A4E22CE81F32->0fd4a3fd-1acf-4517-a260-f29a17e7fdef-AppendLogResponseHandler: Failed appendEntries: org.apache.ratis.thirdparty.io.grpc.StatusRuntimeException: UNAVAILABLE: io exception
2019-10-03 08:51:51,422 [grpc-default-executor-0] WARN  server.GrpcLogAppender (LogUtils.java:warn(134)) - 44dfefca-9cc0-4191-be09-9e0ba236227c@group-A4E22CE81F32->576c1584-98eb-4342-a4b5-132ff6e862cb-AppendLogResponseHandler: Failed appendEntries: org.apache.ratis.thirdparty.io.grpc.StatusRuntimeException: UNAVAILABLE: io exception
2019-10-03 08:51:51,424 [grpc-default-executor-7] INFO  impl.FollowerInfo (FollowerInfo.java:lambda$new$0(51)) - 44dfefca-9cc0-4191-be09-9e0ba236227c@group-A4E22CE81F32->0fd4a3fd-1acf-4517-a260-f29a17e7fdef: nextIndex: updateUnconditionally 0 -> 0
2019-10-03 08:51:51,424 [grpc-default-executor-0] INFO  impl.FollowerInfo (FollowerInfo.java:lambda$new$0(51)) - 44dfefca-9cc0-4191-be09-9e0ba236227c@group-A4E22CE81F32->576c1584-98eb-4342-a4b5-132ff6e862cb: nextIndex: updateUnconditionally 0 -> 0
2019-10-03 08:51:53,921 [grpc-default-executor-7] WARN  server.GrpcLogAppender (LogUtils.java:warn(134)) - 44dfefca-9cc0-4191-be09-9e0ba236227c@group-A4E22CE81F32->576c1584-98eb-4342-a4b5-132ff6e862cb-AppendLogResponseHandler: Failed appendEntries: org.apache.ratis.thirdparty.io.grpc.StatusRuntimeException: UNAVAILABLE: io exception
2019-10-03 08:51:53,921 [grpc-default-executor-0] WARN  server.GrpcLogAppender (LogUtils.java:warn(134)) - 44dfefca-9cc0-4191-be09-9e0ba236227c@group-A4E22CE81F32->0fd4a3fd-1acf-4517-a260-f29a17e7fdef-AppendLogResponseHandler: Failed appendEntries: org.apache.ratis.thirdparty.io.grpc.StatusRuntimeException: UNAVAILABLE: io exception
2019-10-03 08:51:53,922 [grpc-default-executor-7] INFO  impl.FollowerInfo (FollowerInfo.java:lambda$new$0(51)) - 44dfefca-9cc0-4191-be09-9e0ba236227c@group-A4E22CE81F32->576c1584-98eb-4342-a4b5-132ff6e862cb: nextIndex: updateUnconditionally 0 -> 0
2019-10-03 08:51:53,922 [grpc-default-executor-0] INFO  impl.FollowerInfo (FollowerInfo.java:lambda$new$0(51)) - 44dfefca-9cc0-4191-be09-9e0ba236227c@group-A4E22CE81F32->0fd4a3fd-1acf-4517-a260-f29a17e7fdef: nextIndex: updateUnconditionally 0 -> 0
]]></system-out>
    <system-err><![CDATA[Oct 03, 2019 8:51:08 AM org.apache.ratis.thirdparty.io.grpc.internal.SerializingExecutor run
SEVERE: Exception while executing runnable org.apache.ratis.thirdparty.io.grpc.internal.ServerImpl$JumpToApplicationThreadServerStreamListener$1Closed@57754981
org.apache.ratis.thirdparty.io.grpc.StatusRuntimeException: CANCELLED: call already cancelled
	at org.apache.ratis.thirdparty.io.grpc.Status.asRuntimeException(Status.java:517)
	at org.apache.ratis.thirdparty.io.grpc.stub.ServerCalls$ServerCallStreamObserverImpl.onCompleted(ServerCalls.java:356)
	at org.apache.ratis.grpc.server.GrpcServerProtocolService$ServerRequestStreamObserver.onError(GrpcServerProtocolService.java:121)
	at org.apache.ratis.thirdparty.io.grpc.stub.ServerCalls$StreamingServerCallHandler$StreamingServerCallListener.onCancel(ServerCalls.java:269)
	at org.apache.ratis.thirdparty.io.grpc.internal.ServerCallImpl$ServerStreamListenerImpl.closed(ServerCallImpl.java:293)
	at org.apache.ratis.thirdparty.io.grpc.internal.ServerImpl$JumpToApplicationThreadServerStreamListener$1Closed.runInContext(ServerImpl.java:741)
	at org.apache.ratis.thirdparty.io.grpc.internal.ContextRunnable.run(ContextRunnable.java:37)
	at org.apache.ratis.thirdparty.io.grpc.internal.SerializingExecutor.run(SerializingExecutor.java:123)
	at java.util.concurrent.ThreadPoolExecutor.runWorker(ThreadPoolExecutor.java:1149)
	at java.util.concurrent.ThreadPoolExecutor$Worker.run(ThreadPoolExecutor.java:624)
	at java.lang.Thread.run(Thread.java:748)

Oct 03, 2019 8:51:14 AM org.apache.ratis.thirdparty.io.grpc.internal.SerializingExecutor run
SEVERE: Exception while executing runnable org.apache.ratis.thirdparty.io.grpc.internal.ServerImpl$JumpToApplicationThreadServerStreamListener$1Closed@2d6a14b3
org.apache.ratis.thirdparty.io.grpc.StatusRuntimeException: CANCELLED: call already cancelled
	at org.apache.ratis.thirdparty.io.grpc.Status.asRuntimeException(Status.java:517)
	at org.apache.ratis.thirdparty.io.grpc.stub.ServerCalls$ServerCallStreamObserverImpl.onCompleted(ServerCalls.java:356)
	at org.apache.ratis.grpc.server.GrpcServerProtocolService$ServerRequestStreamObserver.onError(GrpcServerProtocolService.java:121)
	at org.apache.ratis.thirdparty.io.grpc.stub.ServerCalls$StreamingServerCallHandler$StreamingServerCallListener.onCancel(ServerCalls.java:269)
	at org.apache.ratis.thirdparty.io.grpc.internal.ServerCallImpl$ServerStreamListenerImpl.closed(ServerCallImpl.java:293)
	at org.apache.ratis.thirdparty.io.grpc.internal.ServerImpl$JumpToApplicationThreadServerStreamListener$1Closed.runInContext(ServerImpl.java:741)
	at org.apache.ratis.thirdparty.io.grpc.internal.ContextRunnable.run(ContextRunnable.java:37)
	at org.apache.ratis.thirdparty.io.grpc.internal.SerializingExecutor.run(SerializingExecutor.java:123)
	at java.util.concurrent.ThreadPoolExecutor.runWorker(ThreadPoolExecutor.java:1149)
	at java.util.concurrent.ThreadPoolExecutor$Worker.run(ThreadPoolExecutor.java:624)
	at java.lang.Thread.run(Thread.java:748)

Oct 03, 2019 8:51:38 AM org.apache.ratis.thirdparty.io.grpc.internal.ManagedChannelOrphanWrapper$ManagedChannelReference cleanQueue
SEVERE: *~*~*~ Channel ManagedChannelImpl{logId=1699, target=192.168.151.103:39026} was not shutdown properly!!! ~*~*~*
    Make sure to call shutdown()/shutdownNow() and wait until awaitTermination() returns true.
java.lang.RuntimeException: ManagedChannel allocation site
	at org.apache.ratis.thirdparty.io.grpc.internal.ManagedChannelOrphanWrapper$ManagedChannelReference.<init>(ManagedChannelOrphanWrapper.java:103)
	at org.apache.ratis.thirdparty.io.grpc.internal.ManagedChannelOrphanWrapper.<init>(ManagedChannelOrphanWrapper.java:53)
	at org.apache.ratis.thirdparty.io.grpc.internal.ManagedChannelOrphanWrapper.<init>(ManagedChannelOrphanWrapper.java:44)
	at org.apache.ratis.thirdparty.io.grpc.internal.AbstractManagedChannelImplBuilder.build(AbstractManagedChannelImplBuilder.java:411)
	at org.apache.ratis.grpc.client.GrpcClientProtocolClient.<init>(GrpcClientProtocolClient.java:128)
	at org.apache.ratis.grpc.client.GrpcClientRpc.lambda$new$0(GrpcClientRpc.java:55)
	at org.apache.ratis.util.PeerProxyMap$PeerAndProxy.lambda$getProxy$0(PeerProxyMap.java:61)
	at org.apache.ratis.util.LifeCycle.startAndTransition(LifeCycle.java:202)
	at org.apache.ratis.util.PeerProxyMap$PeerAndProxy.getProxy(PeerProxyMap.java:60)
	at org.apache.ratis.util.PeerProxyMap.getProxy(PeerProxyMap.java:108)
	at org.apache.ratis.grpc.client.GrpcClientRpc.sendRequestAsyncUnordered(GrpcClientRpc.java:78)
	at org.apache.ratis.client.impl.UnorderedAsync.sendRequestWithRetry(UnorderedAsync.java:75)
	at org.apache.ratis.client.impl.UnorderedAsync.lambda$null$2(UnorderedAsync.java:120)
	at org.apache.ratis.util.TimeoutScheduler.lambda$onTimeout$0(TimeoutScheduler.java:113)
	at org.apache.ratis.util.TimeoutScheduler.lambda$onTimeout$1(TimeoutScheduler.java:133)
	at org.apache.ratis.util.LogUtils.runAndLog(LogUtils.java:50)
	at org.apache.ratis.util.LogUtils$1.run(LogUtils.java:91)
	at java.util.concurrent.Executors$RunnableAdapter.call(Executors.java:511)
	at java.util.concurrent.FutureTask.run(FutureTask.java:266)
	at java.util.concurrent.ScheduledThreadPoolExecutor$ScheduledFutureTask.access$201(ScheduledThreadPoolExecutor.java:180)
	at java.util.concurrent.ScheduledThreadPoolExecutor$ScheduledFutureTask.run(ScheduledThreadPoolExecutor.java:293)
	at java.util.concurrent.ThreadPoolExecutor.runWorker(ThreadPoolExecutor.java:1149)
	at java.util.concurrent.ThreadPoolExecutor$Worker.run(ThreadPoolExecutor.java:624)
	at java.lang.Thread.run(Thread.java:748)

]]></system-err>
  </testcase>
  <testcase name="testWatchForCommitForGroupMismatchException" classname="org.apache.hadoop.ozone.client.rpc.TestWatchForCommit" time="32.365"/>
  <testcase name="test2WayCommitForTimeoutException" classname="org.apache.hadoop.ozone.client.rpc.TestWatchForCommit" time="23.009">
    <error type="java.util.concurrent.TimeoutException">java.util.concurrent.TimeoutException
	at java.util.concurrent.CompletableFuture.timedGet(CompletableFuture.java:1771)
	at java.util.concurrent.CompletableFuture.get(CompletableFuture.java:1915)
	at org.apache.hadoop.hdds.scm.XceiverClientRatis.watchForCommit(XceiverClientRatis.java:298)
	at org.apache.hadoop.ozone.client.rpc.TestWatchForCommit.test2WayCommitForTimeoutException(TestWatchForCommit.java:391)
	at sun.reflect.NativeMethodAccessorImpl.invoke0(Native Method)
	at sun.reflect.NativeMethodAccessorImpl.invoke(NativeMethodAccessorImpl.java:62)
	at sun.reflect.DelegatingMethodAccessorImpl.invoke(DelegatingMethodAccessorImpl.java:43)
	at java.lang.reflect.Method.invoke(Method.java:498)
	at org.junit.runners.model.FrameworkMethod$1.runReflectiveCall(FrameworkMethod.java:47)
	at org.junit.internal.runners.model.ReflectiveCallable.run(ReflectiveCallable.java:12)
	at org.junit.runners.model.FrameworkMethod.invokeExplosively(FrameworkMethod.java:44)
	at org.junit.internal.runners.statements.InvokeMethod.evaluate(InvokeMethod.java:17)
	at org.junit.runners.ParentRunner.runLeaf(ParentRunner.java:271)
	at org.junit.runners.BlockJUnit4ClassRunner.runChild(BlockJUnit4ClassRunner.java:70)
	at org.junit.runners.BlockJUnit4ClassRunner.runChild(BlockJUnit4ClassRunner.java:50)
	at org.junit.runners.ParentRunner$3.run(ParentRunner.java:238)
	at org.junit.runners.ParentRunner$1.schedule(ParentRunner.java:63)
	at org.junit.runners.ParentRunner.runChildren(ParentRunner.java:236)
	at org.junit.runners.ParentRunner.access$000(ParentRunner.java:53)
	at org.junit.runners.ParentRunner$2.evaluate(ParentRunner.java:229)
	at org.junit.runners.ParentRunner.run(ParentRunner.java:309)
	at org.apache.maven.surefire.junit4.JUnit4Provider.execute(JUnit4Provider.java:365)
	at org.apache.maven.surefire.junit4.JUnit4Provider.executeWithRerun(JUnit4Provider.java:273)
	at org.apache.maven.surefire.junit4.JUnit4Provider.executeTestSet(JUnit4Provider.java:238)
	at org.apache.maven.surefire.junit4.JUnit4Provider.invoke(JUnit4Provider.java:159)
	at org.apache.maven.surefire.booter.ForkedBooter.invokeProviderInSameClassLoader(ForkedBooter.java:384)
	at org.apache.maven.surefire.booter.ForkedBooter.runSuitesInProcess(ForkedBooter.java:345)
	at org.apache.maven.surefire.booter.ForkedBooter.execute(ForkedBooter.java:126)
	at org.apache.maven.surefire.booter.ForkedBooter.main(ForkedBooter.java:418)
</error>
    <system-out><![CDATA[2019-10-03 08:52:26,674 [main] WARN  server.ServerUtils (ServerUtils.java:getScmDbDir(145)) - ozone.scm.db.dirs is not configured. We recommend adding this setting. Falling back to ozone.metadata.dirs instead.
2019-10-03 08:52:26,690 [main] WARN  server.ServerUtils (ServerUtils.java:getScmDbDir(145)) - ozone.scm.db.dirs is not configured. We recommend adding this setting. Falling back to ozone.metadata.dirs instead.
2019-10-03 08:52:26,691 [main] WARN  server.ServerUtils (ServerUtils.java:getScmDbDir(145)) - ozone.scm.db.dirs is not configured. We recommend adding this setting. Falling back to ozone.metadata.dirs instead.
2019-10-03 08:52:26,692 [main] INFO  db.DBStoreBuilder (DBStoreBuilder.java:addTable(110)) - using custom profile for table: deletedBlocks
2019-10-03 08:52:26,692 [main] INFO  db.DBStoreBuilder (DBStoreBuilder.java:processTables(161)) - Using default column profile:DBProfile.DISK for Table:deletedBlocks
2019-10-03 08:52:26,692 [main] INFO  db.DBStoreBuilder (DBStoreBuilder.java:addTable(110)) - using custom profile for table: validCerts
2019-10-03 08:52:26,692 [main] INFO  db.DBStoreBuilder (DBStoreBuilder.java:processTables(161)) - Using default column profile:DBProfile.DISK for Table:validCerts
2019-10-03 08:52:26,692 [main] INFO  db.DBStoreBuilder (DBStoreBuilder.java:addTable(110)) - using custom profile for table: revokedCerts
2019-10-03 08:52:26,693 [main] INFO  db.DBStoreBuilder (DBStoreBuilder.java:processTables(161)) - Using default column profile:DBProfile.DISK for Table:revokedCerts
2019-10-03 08:52:26,693 [main] INFO  db.DBStoreBuilder (DBStoreBuilder.java:addTable(110)) - using custom profile for table: default
2019-10-03 08:52:26,693 [main] INFO  db.DBStoreBuilder (DBStoreBuilder.java:processTables(167)) - Using default column profile:DBProfile.DISK for Table:default
2019-10-03 08:52:26,693 [main] INFO  db.DBStoreBuilder (DBStoreBuilder.java:getDbProfile(198)) - Using default options. DBProfile.DISK
2019-10-03 08:52:26,852 [main] INFO  net.NodeSchemaLoader (NodeSchemaLoader.java:loadSchemaFromFile(125)) - Loading file from sun.misc.CompoundEnumeration@57151b3a
2019-10-03 08:52:26,852 [main] INFO  net.NodeSchemaLoader (NodeSchemaLoader.java:loadSchema(171)) - Loading network topology layer schema file
2019-10-03 08:52:26,858 [main] WARN  server.ServerUtils (ServerUtils.java:sanitizeUserArgs(70)) - ozone.scm.stale.node.interval value = 300000 is larger than max = 100000 based on the key value of ozone.scm.heartbeat.thread.interval, reset to the max value 100000.
2019-10-03 08:52:26,858 [main] WARN  server.ServerUtils (ServerUtils.java:sanitizeUserArgs(70)) - ozone.scm.stale.node.interval value = 300000 is larger than max = 100000 based on the key value of ozone.scm.heartbeat.thread.interval, reset to the max value 100000.
2019-10-03 08:52:26,859 [main] INFO  node.SCMNodeManager (SCMNodeManager.java:<init>(114)) - Entering startup safe mode.
2019-10-03 08:52:26,859 [main] INFO  algorithms.ContainerPlacementPolicyFactory (ContainerPlacementPolicyFactory.java:getPolicy(57)) - Create container placement policy of type org.apache.hadoop.hdds.scm.container.placement.algorithms.SCMContainerPlacementRandom
2019-10-03 08:52:26,860 [main] WARN  server.ServerUtils (ServerUtils.java:getScmDbDir(145)) - ozone.scm.db.dirs is not configured. We recommend adding this setting. Falling back to ozone.metadata.dirs instead.
2019-10-03 08:52:26,880 [main] INFO  pipeline.SCMPipelineManager (SCMPipelineManager.java:initializePipelineState(132)) - No pipeline exists in current db
2019-10-03 08:52:26,880 [main] WARN  server.ServerUtils (ServerUtils.java:getScmDbDir(145)) - ozone.scm.db.dirs is not configured. We recommend adding this setting. Falling back to ozone.metadata.dirs instead.
2019-10-03 08:52:26,904 [main] WARN  events.EventQueue (EventQueue.java:fireEvent(183)) - No event handler registered for event TypedEvent{payloadType=SafeModeStatus, name='SafeModeStatus'}
2019-10-03 08:52:26,905 [main] INFO  ipc.CallQueueManager (CallQueueManager.java:<init>(84)) - Using callQueue: class java.util.concurrent.LinkedBlockingQueue, queueCapacity: 2000, scheduler: class org.apache.hadoop.ipc.DefaultRpcScheduler, ipcBackoff: false.
2019-10-03 08:52:26,906 [Socket Reader #1 for port 34588] INFO  ipc.Server (Server.java:run(1074)) - Starting Socket Reader #1 for port 34588
2019-10-03 08:52:26,917 [main] INFO  ipc.CallQueueManager (CallQueueManager.java:<init>(84)) - Using callQueue: class java.util.concurrent.LinkedBlockingQueue, queueCapacity: 2000, scheduler: class org.apache.hadoop.ipc.DefaultRpcScheduler, ipcBackoff: false.
2019-10-03 08:52:26,918 [Socket Reader #1 for port 45852] INFO  ipc.Server (Server.java:run(1074)) - Starting Socket Reader #1 for port 45852
2019-10-03 08:52:26,921 [main] INFO  ipc.CallQueueManager (CallQueueManager.java:<init>(84)) - Using callQueue: class java.util.concurrent.LinkedBlockingQueue, queueCapacity: 2000, scheduler: class org.apache.hadoop.ipc.DefaultRpcScheduler, ipcBackoff: false.
2019-10-03 08:52:26,922 [Socket Reader #1 for port 38583] INFO  ipc.Server (Server.java:run(1074)) - Starting Socket Reader #1 for port 38583
2019-10-03 08:52:26,927 [main] INFO  hdfs.DFSUtil (DFSUtil.java:httpServerTemplateForNNAndJN(1641)) - Starting Web-server for scm at: http://0.0.0.0:0
2019-10-03 08:52:26,928 [main] INFO  server.AuthenticationFilter (AuthenticationFilter.java:constructSecretProvider(240)) - Unable to initialize FileSignerSecretProvider, falling back to use random secrets.
2019-10-03 08:52:26,929 [main] WARN  http.HttpRequestLog (HttpRequestLog.java:getRequestLog(97)) - Jetty request log can only be enabled using Log4j
2019-10-03 08:52:26,931 [main] INFO  http.HttpServer2 (HttpServer2.java:addGlobalFilter(975)) - Added global filter 'safety' (class=org.apache.hadoop.http.HttpServer2$QuotingInputFilter)
2019-10-03 08:52:26,932 [main] INFO  http.HttpServer2 (HttpServer2.java:addFilter(948)) - Added filter static_user_filter (class=org.apache.hadoop.http.lib.StaticUserWebFilter$StaticUserFilter) to context scm
2019-10-03 08:52:26,932 [main] INFO  http.HttpServer2 (HttpServer2.java:addFilter(958)) - Added filter static_user_filter (class=org.apache.hadoop.http.lib.StaticUserWebFilter$StaticUserFilter) to context static
2019-10-03 08:52:26,932 [main] INFO  http.HttpServer2 (HttpServer2.java:addFilter(958)) - Added filter static_user_filter (class=org.apache.hadoop.http.lib.StaticUserWebFilter$StaticUserFilter) to context logs
2019-10-03 08:52:26,934 [main] INFO  server.StorageContainerManager (StorageContainerManager.java:start(770)) - StorageContainerLocationProtocol RPC server is listening at /0.0.0.0:38583
2019-10-03 08:52:26,936 [main] WARN  impl.MetricsConfig (MetricsConfig.java:loadFirst(134)) - Cannot locate configuration: tried hadoop-metrics2-storagecontainermanager.properties,hadoop-metrics2.properties
2019-10-03 08:52:26,937 [main] INFO  impl.MetricsSystemImpl (MetricsSystemImpl.java:startTimer(374)) - Scheduled Metric snapshot period at 10 second(s).
2019-10-03 08:52:26,937 [main] INFO  impl.MetricsSystemImpl (MetricsSystemImpl.java:start(191)) - StorageContainerManager metrics system started
2019-10-03 08:52:27,269 [main] WARN  impl.MetricsSystemImpl (MetricsSystemImpl.java:register(276)) - Sink prometheus already exists!
2019-10-03 08:52:27,584 [main] INFO  server.SCMClientProtocolServer (SCMClientProtocolServer.java:start(159)) - RPC server for Client  is listening at /0.0.0.0:38583
2019-10-03 08:52:27,584 [IPC Server Responder] INFO  ipc.Server (Server.java:run(1314)) - IPC Server Responder: starting
2019-10-03 08:52:27,584 [IPC Server listener on 38583] INFO  ipc.Server (Server.java:run(1153)) - IPC Server listener on 38583: starting
2019-10-03 08:52:27,594 [main] INFO  server.StorageContainerManager (StorageContainerManager.java:start(780)) - ScmBlockLocationProtocol RPC server is listening at /0.0.0.0:45852
2019-10-03 08:52:27,594 [main] INFO  server.SCMBlockProtocolServer (SCMBlockProtocolServer.java:start(146)) - RPC server for Block Protocol is listening at /0.0.0.0:45852
2019-10-03 08:52:27,595 [IPC Server Responder] INFO  ipc.Server (Server.java:run(1314)) - IPC Server Responder: starting
2019-10-03 08:52:27,595 [IPC Server listener on 45852] INFO  ipc.Server (Server.java:run(1153)) - IPC Server listener on 45852: starting
2019-10-03 08:52:27,611 [main] INFO  server.StorageContainerManager (StorageContainerManager.java:start(784)) - ScmDatanodeProtocl RPC server is listening at /0.0.0.0:34588
2019-10-03 08:52:27,611 [main] INFO  server.SCMDatanodeProtocolServer (SCMDatanodeProtocolServer.java:start(169)) - RPC server for DataNodes is listening at /0.0.0.0:34588
2019-10-03 08:52:27,612 [IPC Server Responder] INFO  ipc.Server (Server.java:run(1314)) - IPC Server Responder: starting
2019-10-03 08:52:27,612 [IPC Server listener on 34588] INFO  ipc.Server (Server.java:run(1153)) - IPC Server listener on 34588: starting
2019-10-03 08:52:27,618 [main] INFO  http.HttpServer2 (HttpServer2.java:bindListener(1191)) - Jetty bound to port 44131
2019-10-03 08:52:27,618 [main] INFO  server.Server (Server.java:doStart(351)) - jetty-9.3.25.v20180904, build timestamp: 2018-09-04T21:11:46Z, git hash: 3ce520221d0240229c862b122d2b06c12a625732
2019-10-03 08:52:27,620 [main] INFO  handler.ContextHandler (ContextHandler.java:doStart(781)) - Started o.e.j.s.ServletContextHandler@374c40ba{/logs,file:///workdir/hadoop-ozone/integration-test/target/log,AVAILABLE}
2019-10-03 08:52:27,620 [main] INFO  handler.ContextHandler (ContextHandler.java:doStart(781)) - Started o.e.j.s.ServletContextHandler@6dcab9d9{/static,file:///workdir/hadoop-ozone/integration-test/target/test-classes/webapps/static,AVAILABLE}
2019-10-03 08:52:27,624 [main] INFO  handler.ContextHandler (ContextHandler.java:doStart(781)) - Started o.e.j.w.WebAppContext@233f52f8{/,file:///workdir/hadoop-ozone/integration-test/target/test-classes/webapps/scm/,AVAILABLE}{/scm}
2019-10-03 08:52:27,624 [main] INFO  server.AbstractConnector (AbstractConnector.java:doStart(278)) - Started ServerConnector@69ec93c2{HTTP/1.1,[http/1.1]}{0.0.0.0:44131}
2019-10-03 08:52:27,627 [main] INFO  server.Server (Server.java:doStart(419)) - Started @226882ms
2019-10-03 08:52:27,627 [main] WARN  impl.MetricsSystemImpl (MetricsSystemImpl.java:register(276)) - Sink prometheus already exists!
2019-10-03 08:52:27,628 [main] INFO  server.BaseHttpServer (BaseHttpServer.java:updateConnectorAddress(215)) - HTTP server of SCM is listening at http://0.0.0.0:44131
2019-10-03 08:52:27,631 [org.apache.hadoop.util.JvmPauseMonitor$Monitor@5287ba5f] INFO  util.JvmPauseMonitor (JvmPauseMonitor.java:run(188)) - Starting JVM pause monitor
2019-10-03 08:52:27,631 [main] WARN  server.ServerUtils (ServerUtils.java:getDBPath(222)) - ozone.om.db.dirs is not configured. We recommend adding this setting. Falling back to ozone.metadata.dirs instead.
2019-10-03 08:52:27,653 [main] INFO  ha.OMHANodeDetails (OMHANodeDetails.java:loadOMHAConfig(190)) - Configuration either no ozone.om.address set. Falling back to the default OM address /127.0.0.1:0
2019-10-03 08:52:27,653 [main] INFO  ha.OMHANodeDetails (OMHANodeDetails.java:getOMNodeDetails(220)) - OM Service ID is not set. Setting it to the default ID: omServiceIdDefault
2019-10-03 08:52:27,654 [main] WARN  server.ServerUtils (ServerUtils.java:getDBPath(222)) - ozone.om.db.dirs is not configured. We recommend adding this setting. Falling back to ozone.metadata.dirs instead.
2019-10-03 08:52:27,654 [main] WARN  server.ServerUtils (ServerUtils.java:getDBPath(222)) - ozone.om.db.dirs is not configured. We recommend adding this setting. Falling back to ozone.metadata.dirs instead.
2019-10-03 08:52:27,667 [main] WARN  server.ServerUtils (ServerUtils.java:getDBPath(222)) - ozone.om.db.dirs is not configured. We recommend adding this setting. Falling back to ozone.metadata.dirs instead.
2019-10-03 08:52:27,667 [main] INFO  db.DBStoreBuilder (DBStoreBuilder.java:addTable(110)) - using custom profile for table: userTable
2019-10-03 08:52:27,668 [main] INFO  db.DBStoreBuilder (DBStoreBuilder.java:processTables(161)) - Using default column profile:DBProfile.DISK for Table:userTable
2019-10-03 08:52:27,668 [main] INFO  db.DBStoreBuilder (DBStoreBuilder.java:addTable(110)) - using custom profile for table: volumeTable
2019-10-03 08:52:27,668 [main] INFO  db.DBStoreBuilder (DBStoreBuilder.java:processTables(161)) - Using default column profile:DBProfile.DISK for Table:volumeTable
2019-10-03 08:52:27,668 [main] INFO  db.DBStoreBuilder (DBStoreBuilder.java:addTable(110)) - using custom profile for table: bucketTable
2019-10-03 08:52:27,668 [main] INFO  db.DBStoreBuilder (DBStoreBuilder.java:processTables(161)) - Using default column profile:DBProfile.DISK for Table:bucketTable
2019-10-03 08:52:27,669 [main] INFO  db.DBStoreBuilder (DBStoreBuilder.java:addTable(110)) - using custom profile for table: keyTable
2019-10-03 08:52:27,669 [main] INFO  db.DBStoreBuilder (DBStoreBuilder.java:processTables(161)) - Using default column profile:DBProfile.DISK for Table:keyTable
2019-10-03 08:52:27,669 [main] INFO  db.DBStoreBuilder (DBStoreBuilder.java:addTable(110)) - using custom profile for table: deletedTable
2019-10-03 08:52:27,669 [main] INFO  db.DBStoreBuilder (DBStoreBuilder.java:processTables(161)) - Using default column profile:DBProfile.DISK for Table:deletedTable
2019-10-03 08:52:27,669 [main] INFO  db.DBStoreBuilder (DBStoreBuilder.java:addTable(110)) - using custom profile for table: openKeyTable
2019-10-03 08:52:27,670 [main] INFO  db.DBStoreBuilder (DBStoreBuilder.java:processTables(161)) - Using default column profile:DBProfile.DISK for Table:openKeyTable
2019-10-03 08:52:27,670 [main] INFO  db.DBStoreBuilder (DBStoreBuilder.java:addTable(110)) - using custom profile for table: s3Table
2019-10-03 08:52:27,670 [main] INFO  db.DBStoreBuilder (DBStoreBuilder.java:processTables(161)) - Using default column profile:DBProfile.DISK for Table:s3Table
2019-10-03 08:52:27,670 [main] INFO  db.DBStoreBuilder (DBStoreBuilder.java:addTable(110)) - using custom profile for table: multipartInfoTable
2019-10-03 08:52:27,670 [main] INFO  db.DBStoreBuilder (DBStoreBuilder.java:processTables(161)) - Using default column profile:DBProfile.DISK for Table:multipartInfoTable
2019-10-03 08:52:27,671 [main] INFO  db.DBStoreBuilder (DBStoreBuilder.java:addTable(110)) - using custom profile for table: dTokenTable
2019-10-03 08:52:27,671 [main] INFO  db.DBStoreBuilder (DBStoreBuilder.java:processTables(161)) - Using default column profile:DBProfile.DISK for Table:dTokenTable
2019-10-03 08:52:27,671 [main] INFO  db.DBStoreBuilder (DBStoreBuilder.java:addTable(110)) - using custom profile for table: s3SecretTable
2019-10-03 08:52:27,671 [main] INFO  db.DBStoreBuilder (DBStoreBuilder.java:processTables(161)) - Using default column profile:DBProfile.DISK for Table:s3SecretTable
2019-10-03 08:52:27,671 [main] INFO  db.DBStoreBuilder (DBStoreBuilder.java:addTable(110)) - using custom profile for table: prefixTable
2019-10-03 08:52:27,672 [main] INFO  db.DBStoreBuilder (DBStoreBuilder.java:processTables(161)) - Using default column profile:DBProfile.DISK for Table:prefixTable
2019-10-03 08:52:27,672 [main] INFO  db.DBStoreBuilder (DBStoreBuilder.java:addTable(110)) - using custom profile for table: default
2019-10-03 08:52:27,672 [main] INFO  db.DBStoreBuilder (DBStoreBuilder.java:processTables(167)) - Using default column profile:DBProfile.DISK for Table:default
2019-10-03 08:52:27,672 [main] INFO  db.DBStoreBuilder (DBStoreBuilder.java:getDbProfile(198)) - Using default options. DBProfile.DISK
2019-10-03 08:52:28,203 [main] INFO  ipc.CallQueueManager (CallQueueManager.java:<init>(84)) - Using callQueue: class java.util.concurrent.LinkedBlockingQueue, queueCapacity: 2000, scheduler: class org.apache.hadoop.ipc.DefaultRpcScheduler, ipcBackoff: false.
2019-10-03 08:52:28,204 [Socket Reader #1 for port 45074] INFO  ipc.Server (Server.java:run(1074)) - Starting Socket Reader #1 for port 45074
2019-10-03 08:52:28,218 [main] INFO  om.OzoneManager (OzoneManager.java:start(1069)) - OzoneManager RPC server is listening at localhost/127.0.0.1:45074
2019-10-03 08:52:28,218 [main] INFO  impl.MetricsSystemImpl (MetricsSystemImpl.java:init(158)) - OzoneManager metrics system started (again)
2019-10-03 08:52:28,219 [IPC Server listener on 45074] INFO  ipc.Server (Server.java:run(1153)) - IPC Server listener on 45074: starting
2019-10-03 08:52:28,219 [IPC Server Responder] INFO  ipc.Server (Server.java:run(1314)) - IPC Server Responder: starting
2019-10-03 08:52:28,230 [main] INFO  hdfs.DFSUtil (DFSUtil.java:httpServerTemplateForNNAndJN(1641)) - Starting Web-server for ozoneManager at: http://0.0.0.0:0
2019-10-03 08:52:28,232 [main] INFO  server.AuthenticationFilter (AuthenticationFilter.java:constructSecretProvider(240)) - Unable to initialize FileSignerSecretProvider, falling back to use random secrets.
2019-10-03 08:52:28,232 [main] WARN  http.HttpRequestLog (HttpRequestLog.java:getRequestLog(97)) - Jetty request log can only be enabled using Log4j
2019-10-03 08:52:28,234 [main] INFO  http.HttpServer2 (HttpServer2.java:addGlobalFilter(975)) - Added global filter 'safety' (class=org.apache.hadoop.http.HttpServer2$QuotingInputFilter)
2019-10-03 08:52:28,235 [main] INFO  http.HttpServer2 (HttpServer2.java:addFilter(948)) - Added filter static_user_filter (class=org.apache.hadoop.http.lib.StaticUserWebFilter$StaticUserFilter) to context ozoneManager
2019-10-03 08:52:28,235 [main] INFO  http.HttpServer2 (HttpServer2.java:addFilter(958)) - Added filter static_user_filter (class=org.apache.hadoop.http.lib.StaticUserWebFilter$StaticUserFilter) to context logs
2019-10-03 08:52:28,236 [main] INFO  http.HttpServer2 (HttpServer2.java:addFilter(958)) - Added filter static_user_filter (class=org.apache.hadoop.http.lib.StaticUserWebFilter$StaticUserFilter) to context static
2019-10-03 08:52:28,237 [main] INFO  http.HttpServer2 (HttpServer2.java:bindListener(1191)) - Jetty bound to port 44978
2019-10-03 08:52:28,237 [main] INFO  server.Server (Server.java:doStart(351)) - jetty-9.3.25.v20180904, build timestamp: 2018-09-04T21:11:46Z, git hash: 3ce520221d0240229c862b122d2b06c12a625732
2019-10-03 08:52:28,239 [main] INFO  handler.ContextHandler (ContextHandler.java:doStart(781)) - Started o.e.j.s.ServletContextHandler@6aa7e176{/logs,file:///workdir/hadoop-ozone/integration-test/target/log,AVAILABLE}
2019-10-03 08:52:28,240 [main] INFO  handler.ContextHandler (ContextHandler.java:doStart(781)) - Started o.e.j.s.ServletContextHandler@281b2dfd{/static,file:///workdir/hadoop-ozone/integration-test/target/test-classes/webapps/static,AVAILABLE}
2019-10-03 08:52:28,245 [main] INFO  handler.ContextHandler (ContextHandler.java:doStart(781)) - Started o.e.j.w.WebAppContext@6f38f084{/,file:///workdir/hadoop-ozone/integration-test/target/test-classes/webapps/ozoneManager/,AVAILABLE}{/ozoneManager}
2019-10-03 08:52:28,245 [main] INFO  server.AbstractConnector (AbstractConnector.java:doStart(278)) - Started ServerConnector@4ef18604{HTTP/1.1,[http/1.1]}{0.0.0.0:44978}
2019-10-03 08:52:28,248 [main] INFO  server.Server (Server.java:doStart(419)) - Started @227503ms
2019-10-03 08:52:28,248 [main] WARN  impl.MetricsSystemImpl (MetricsSystemImpl.java:register(276)) - Sink prometheus already exists!
2019-10-03 08:52:28,249 [main] INFO  server.BaseHttpServer (BaseHttpServer.java:updateConnectorAddress(215)) - HTTP server of OZONEMANAGER is listening at http://0.0.0.0:44978
2019-10-03 08:52:28,267 [main] INFO  impl.MetricsSystemImpl (MetricsSystemImpl.java:init(158)) - HddsDatanode metrics system started (again)
2019-10-03 08:52:28,288 [main] INFO  ozone.HddsDatanodeService (HddsDatanodeService.java:start(184)) - HddsDatanodeService host:pr-hdds-2234-ztsc4-2614151736 ip:192.168.151.103
2019-10-03 08:52:28,299 [main] INFO  volume.HddsVolume (HddsVolume.java:<init>(176)) - Creating Volume: /workdir/hadoop-ozone/integration-test/target/test-dir/MiniOzoneClusterImpl-a1d964ab-5229-4284-9f54-f7c2eb799dd5/datanode-0/data/containers/hdds of  storage type : DISK and capacity : 1482555576320
2019-10-03 08:52:28,299 [main] INFO  volume.VolumeSet (VolumeSet.java:initializeVolumeSet(170)) - Added Volume : /workdir/hadoop-ozone/integration-test/target/test-dir/MiniOzoneClusterImpl-a1d964ab-5229-4284-9f54-f7c2eb799dd5/datanode-0/data/containers/hdds to VolumeSet
2019-10-03 08:52:28,299 [main] INFO  volume.ThrottledAsyncChecker (ThrottledAsyncChecker.java:schedule(139)) - Scheduling a check for org.apache.hadoop.ozone.container.common.volume.HddsVolume@76396509
2019-10-03 08:52:28,300 [main] INFO  volume.HddsVolumeChecker (HddsVolumeChecker.java:checkAllVolumes(202)) - Scheduled health check for volume org.apache.hadoop.ozone.container.common.volume.HddsVolume@76396509
2019-10-03 08:52:28,316 [main] INFO  impl.RaftServerProxy (ConfUtils.java:logGet(43)) - raft.rpc.type = GRPC (default)
2019-10-03 08:52:28,316 [main] INFO  grpc.GrpcFactory (GrpcFactory.java:checkPooledByteBufAllocatorUseCacheForAllThreads(45)) - PERFORMANCE WARNING: useCacheForAllThreads is true that may cause Netty to create a lot garbage objects and, as a result, trigger GC.
	It is recommended to disable useCacheForAllThreads by setting -Dorg.apache.ratis.thirdparty.io.netty.allocator.useCacheForAllThreads=false in command line.
2019-10-03 08:52:28,316 [main] INFO  grpc.GrpcConfigKeys$Server (ConfUtils.java:logGet(43)) - raft.grpc.server.port = 0 (default)
2019-10-03 08:52:28,317 [main] INFO  server.GrpcService (ConfUtils.java:logGet(43)) - raft.grpc.message.size.max = 33570816 (custom)
2019-10-03 08:52:28,317 [main] INFO  server.RaftServerConfigKeys (ConfUtils.java:logGet(43)) - raft.server.log.appender.buffer.byte-limit = 33554432 (custom)
2019-10-03 08:52:28,317 [main] INFO  server.GrpcService (ConfUtils.java:logGet(43)) - raft.grpc.flow.control.window = 1MB (=1048576) (default)
2019-10-03 08:52:28,317 [main] INFO  server.RaftServerConfigKeys (ConfUtils.java:logGet(43)) - raft.server.rpc.request.timeout = 3000ms (default)
2019-10-03 08:52:28,318 [main] INFO  server.RaftServerConfigKeys (ConfUtils.java:logGet(43)) - raft.server.storage.dir = [/workdir/hadoop-ozone/integration-test/target/test-dir/MiniOzoneClusterImpl-a1d964ab-5229-4284-9f54-f7c2eb799dd5/datanode-0/data/ratis] (custom)
2019-10-03 08:52:28,319 [main] INFO  hdfs.DFSUtil (DFSUtil.java:httpServerTemplateForNNAndJN(1641)) - Starting Web-server for hddsDatanode at: http://0.0.0.0:0
2019-10-03 08:52:28,320 [main] INFO  server.AuthenticationFilter (AuthenticationFilter.java:constructSecretProvider(240)) - Unable to initialize FileSignerSecretProvider, falling back to use random secrets.
2019-10-03 08:52:28,320 [main] WARN  http.HttpRequestLog (HttpRequestLog.java:getRequestLog(97)) - Jetty request log can only be enabled using Log4j
2019-10-03 08:52:28,322 [main] INFO  http.HttpServer2 (HttpServer2.java:addGlobalFilter(975)) - Added global filter 'safety' (class=org.apache.hadoop.http.HttpServer2$QuotingInputFilter)
2019-10-03 08:52:28,322 [main] INFO  http.HttpServer2 (HttpServer2.java:addFilter(948)) - Added filter static_user_filter (class=org.apache.hadoop.http.lib.StaticUserWebFilter$StaticUserFilter) to context hddsDatanode
2019-10-03 08:52:28,322 [main] INFO  http.HttpServer2 (HttpServer2.java:addFilter(958)) - Added filter static_user_filter (class=org.apache.hadoop.http.lib.StaticUserWebFilter$StaticUserFilter) to context logs
2019-10-03 08:52:28,322 [main] INFO  http.HttpServer2 (HttpServer2.java:addFilter(958)) - Added filter static_user_filter (class=org.apache.hadoop.http.lib.StaticUserWebFilter$StaticUserFilter) to context static
2019-10-03 08:52:28,323 [main] INFO  http.HttpServer2 (HttpServer2.java:bindListener(1191)) - Jetty bound to port 43229
2019-10-03 08:52:28,323 [main] INFO  server.Server (Server.java:doStart(351)) - jetty-9.3.25.v20180904, build timestamp: 2018-09-04T21:11:46Z, git hash: 3ce520221d0240229c862b122d2b06c12a625732
2019-10-03 08:52:28,325 [main] INFO  handler.ContextHandler (ContextHandler.java:doStart(781)) - Started o.e.j.s.ServletContextHandler@5fef0c19{/logs,file:///workdir/hadoop-ozone/integration-test/target/log,AVAILABLE}
2019-10-03 08:52:28,325 [main] INFO  handler.ContextHandler (ContextHandler.java:doStart(781)) - Started o.e.j.s.ServletContextHandler@22a6d75c{/static,jar:file:/home/user/.m2/repository/org/apache/hadoop/hadoop-hdds-container-service/0.5.0-SNAPSHOT/hadoop-hdds-container-service-0.5.0-SNAPSHOT.jar!/webapps/static,AVAILABLE}
2019-10-03 08:52:28,371 [main] INFO  handler.ContextHandler (ContextHandler.java:doStart(781)) - Started o.e.j.w.WebAppContext@350da119{/,file:///tmp/jetty-0.0.0.0-43229-hddsDatanode-_-any-8211678294153128684.dir/webapp/,AVAILABLE}{/hddsDatanode}
2019-10-03 08:52:28,371 [main] INFO  server.AbstractConnector (AbstractConnector.java:doStart(278)) - Started ServerConnector@6a09484c{HTTP/1.1,[http/1.1]}{0.0.0.0:43229}
2019-10-03 08:52:28,374 [main] INFO  server.Server (Server.java:doStart(419)) - Started @227630ms
2019-10-03 08:52:28,375 [main] WARN  impl.MetricsSystemImpl (MetricsSystemImpl.java:register(276)) - Sink prometheus already exists!
2019-10-03 08:52:28,375 [main] INFO  server.BaseHttpServer (BaseHttpServer.java:updateConnectorAddress(215)) - HTTP server of HDDSDATANODE is listening at http://0.0.0.0:43229
2019-10-03 08:52:28,376 [main] INFO  impl.MetricsSystemImpl (MetricsSystemImpl.java:init(158)) - HddsDatanode metrics system started (again)
2019-10-03 08:52:28,397 [org.apache.hadoop.util.JvmPauseMonitor$Monitor@4aba8a9c] INFO  util.JvmPauseMonitor (JvmPauseMonitor.java:run(188)) - Starting JVM pause monitor
2019-10-03 08:52:28,398 [main] INFO  ozone.HddsDatanodeService (HddsDatanodeService.java:start(184)) - HddsDatanodeService host:pr-hdds-2234-ztsc4-2614151736 ip:192.168.151.103
2019-10-03 08:52:28,399 [Datanode State Machine Thread - 0] INFO  datanode.InitDatanodeState (InitDatanodeState.java:persistContainerDatanodeDetails(140)) - DatanodeDetails is persisted to /workdir/hadoop-ozone/integration-test/target/test-dir/MiniOzoneClusterImpl-a1d964ab-5229-4284-9f54-f7c2eb799dd5/datanode-0/meta/datanode.id
2019-10-03 08:52:28,409 [main] INFO  volume.HddsVolume (HddsVolume.java:<init>(176)) - Creating Volume: /workdir/hadoop-ozone/integration-test/target/test-dir/MiniOzoneClusterImpl-a1d964ab-5229-4284-9f54-f7c2eb799dd5/datanode-1/data/containers/hdds of  storage type : DISK and capacity : 1482555576320
2019-10-03 08:52:28,410 [main] INFO  volume.VolumeSet (VolumeSet.java:initializeVolumeSet(170)) - Added Volume : /workdir/hadoop-ozone/integration-test/target/test-dir/MiniOzoneClusterImpl-a1d964ab-5229-4284-9f54-f7c2eb799dd5/datanode-1/data/containers/hdds to VolumeSet
2019-10-03 08:52:28,410 [main] INFO  volume.ThrottledAsyncChecker (ThrottledAsyncChecker.java:schedule(139)) - Scheduling a check for org.apache.hadoop.ozone.container.common.volume.HddsVolume@3dfd6220
2019-10-03 08:52:28,410 [main] INFO  volume.HddsVolumeChecker (HddsVolumeChecker.java:checkAllVolumes(202)) - Scheduled health check for volume org.apache.hadoop.ozone.container.common.volume.HddsVolume@3dfd6220
2019-10-03 08:52:28,426 [main] INFO  impl.RaftServerProxy (ConfUtils.java:logGet(43)) - raft.rpc.type = GRPC (default)
2019-10-03 08:52:28,426 [main] INFO  grpc.GrpcFactory (GrpcFactory.java:checkPooledByteBufAllocatorUseCacheForAllThreads(45)) - PERFORMANCE WARNING: useCacheForAllThreads is true that may cause Netty to create a lot garbage objects and, as a result, trigger GC.
	It is recommended to disable useCacheForAllThreads by setting -Dorg.apache.ratis.thirdparty.io.netty.allocator.useCacheForAllThreads=false in command line.
2019-10-03 08:52:28,426 [main] INFO  grpc.GrpcConfigKeys$Server (ConfUtils.java:logGet(43)) - raft.grpc.server.port = 0 (default)
2019-10-03 08:52:28,426 [main] INFO  server.GrpcService (ConfUtils.java:logGet(43)) - raft.grpc.message.size.max = 33570816 (custom)
2019-10-03 08:52:28,427 [main] INFO  server.RaftServerConfigKeys (ConfUtils.java:logGet(43)) - raft.server.log.appender.buffer.byte-limit = 33554432 (custom)
2019-10-03 08:52:28,427 [main] INFO  server.GrpcService (ConfUtils.java:logGet(43)) - raft.grpc.flow.control.window = 1MB (=1048576) (default)
2019-10-03 08:52:28,427 [main] INFO  server.RaftServerConfigKeys (ConfUtils.java:logGet(43)) - raft.server.rpc.request.timeout = 3000ms (default)
2019-10-03 08:52:28,427 [main] INFO  server.RaftServerConfigKeys (ConfUtils.java:logGet(43)) - raft.server.storage.dir = [/workdir/hadoop-ozone/integration-test/target/test-dir/MiniOzoneClusterImpl-a1d964ab-5229-4284-9f54-f7c2eb799dd5/datanode-1/data/ratis] (custom)
2019-10-03 08:52:28,430 [main] INFO  hdfs.DFSUtil (DFSUtil.java:httpServerTemplateForNNAndJN(1641)) - Starting Web-server for hddsDatanode at: http://0.0.0.0:0
2019-10-03 08:52:28,431 [main] INFO  server.AuthenticationFilter (AuthenticationFilter.java:constructSecretProvider(240)) - Unable to initialize FileSignerSecretProvider, falling back to use random secrets.
2019-10-03 08:52:28,432 [main] WARN  http.HttpRequestLog (HttpRequestLog.java:getRequestLog(97)) - Jetty request log can only be enabled using Log4j
2019-10-03 08:52:28,433 [main] INFO  http.HttpServer2 (HttpServer2.java:addGlobalFilter(975)) - Added global filter 'safety' (class=org.apache.hadoop.http.HttpServer2$QuotingInputFilter)
2019-10-03 08:52:28,433 [main] INFO  http.HttpServer2 (HttpServer2.java:addFilter(948)) - Added filter static_user_filter (class=org.apache.hadoop.http.lib.StaticUserWebFilter$StaticUserFilter) to context hddsDatanode
2019-10-03 08:52:28,434 [main] INFO  http.HttpServer2 (HttpServer2.java:addFilter(958)) - Added filter static_user_filter (class=org.apache.hadoop.http.lib.StaticUserWebFilter$StaticUserFilter) to context logs
2019-10-03 08:52:28,434 [main] INFO  http.HttpServer2 (HttpServer2.java:addFilter(958)) - Added filter static_user_filter (class=org.apache.hadoop.http.lib.StaticUserWebFilter$StaticUserFilter) to context static
2019-10-03 08:52:28,434 [main] INFO  http.HttpServer2 (HttpServer2.java:bindListener(1191)) - Jetty bound to port 36475
2019-10-03 08:52:28,435 [main] INFO  server.Server (Server.java:doStart(351)) - jetty-9.3.25.v20180904, build timestamp: 2018-09-04T21:11:46Z, git hash: 3ce520221d0240229c862b122d2b06c12a625732
2019-10-03 08:52:28,436 [main] INFO  handler.ContextHandler (ContextHandler.java:doStart(781)) - Started o.e.j.s.ServletContextHandler@6cbb7a7d{/logs,file:///workdir/hadoop-ozone/integration-test/target/log,AVAILABLE}
2019-10-03 08:52:28,437 [main] INFO  handler.ContextHandler (ContextHandler.java:doStart(781)) - Started o.e.j.s.ServletContextHandler@37606fee{/static,jar:file:/home/user/.m2/repository/org/apache/hadoop/hadoop-hdds-container-service/0.5.0-SNAPSHOT/hadoop-hdds-container-service-0.5.0-SNAPSHOT.jar!/webapps/static,AVAILABLE}
2019-10-03 08:52:28,465 [main] INFO  handler.ContextHandler (ContextHandler.java:doStart(781)) - Started o.e.j.w.WebAppContext@30abf79c{/,file:///tmp/jetty-0.0.0.0-36475-hddsDatanode-_-any-7737923705067898208.dir/webapp/,AVAILABLE}{/hddsDatanode}
2019-10-03 08:52:28,465 [main] INFO  server.AbstractConnector (AbstractConnector.java:doStart(278)) - Started ServerConnector@49a38b1{HTTP/1.1,[http/1.1]}{0.0.0.0:36475}
2019-10-03 08:52:28,467 [main] INFO  server.Server (Server.java:doStart(419)) - Started @227722ms
2019-10-03 08:52:28,467 [main] WARN  impl.MetricsSystemImpl (MetricsSystemImpl.java:register(276)) - Sink prometheus already exists!
2019-10-03 08:52:28,468 [main] INFO  server.BaseHttpServer (BaseHttpServer.java:updateConnectorAddress(215)) - HTTP server of HDDSDATANODE is listening at http://0.0.0.0:36475
2019-10-03 08:52:28,468 [main] INFO  impl.MetricsSystemImpl (MetricsSystemImpl.java:init(158)) - HddsDatanode metrics system started (again)
2019-10-03 08:52:28,486 [org.apache.hadoop.util.JvmPauseMonitor$Monitor@7aa1fbb] INFO  util.JvmPauseMonitor (JvmPauseMonitor.java:run(188)) - Starting JVM pause monitor
2019-10-03 08:52:28,487 [main] INFO  ozone.HddsDatanodeService (HddsDatanodeService.java:start(184)) - HddsDatanodeService host:pr-hdds-2234-ztsc4-2614151736 ip:192.168.151.103
2019-10-03 08:52:28,487 [Datanode State Machine Thread - 0] INFO  datanode.InitDatanodeState (InitDatanodeState.java:persistContainerDatanodeDetails(140)) - DatanodeDetails is persisted to /workdir/hadoop-ozone/integration-test/target/test-dir/MiniOzoneClusterImpl-a1d964ab-5229-4284-9f54-f7c2eb799dd5/datanode-1/meta/datanode.id
2019-10-03 08:52:28,494 [main] INFO  volume.HddsVolume (HddsVolume.java:<init>(176)) - Creating Volume: /workdir/hadoop-ozone/integration-test/target/test-dir/MiniOzoneClusterImpl-a1d964ab-5229-4284-9f54-f7c2eb799dd5/datanode-2/data/containers/hdds of  storage type : DISK and capacity : 1482555576320
2019-10-03 08:52:28,495 [main] INFO  volume.VolumeSet (VolumeSet.java:initializeVolumeSet(170)) - Added Volume : /workdir/hadoop-ozone/integration-test/target/test-dir/MiniOzoneClusterImpl-a1d964ab-5229-4284-9f54-f7c2eb799dd5/datanode-2/data/containers/hdds to VolumeSet
2019-10-03 08:52:28,495 [main] INFO  volume.ThrottledAsyncChecker (ThrottledAsyncChecker.java:schedule(139)) - Scheduling a check for org.apache.hadoop.ozone.container.common.volume.HddsVolume@5785e813
2019-10-03 08:52:28,496 [main] INFO  volume.HddsVolumeChecker (HddsVolumeChecker.java:checkAllVolumes(202)) - Scheduled health check for volume org.apache.hadoop.ozone.container.common.volume.HddsVolume@5785e813
2019-10-03 08:52:28,514 [main] INFO  impl.RaftServerProxy (ConfUtils.java:logGet(43)) - raft.rpc.type = GRPC (default)
2019-10-03 08:52:28,514 [main] INFO  grpc.GrpcFactory (GrpcFactory.java:checkPooledByteBufAllocatorUseCacheForAllThreads(45)) - PERFORMANCE WARNING: useCacheForAllThreads is true that may cause Netty to create a lot garbage objects and, as a result, trigger GC.
	It is recommended to disable useCacheForAllThreads by setting -Dorg.apache.ratis.thirdparty.io.netty.allocator.useCacheForAllThreads=false in command line.
2019-10-03 08:52:28,514 [main] INFO  grpc.GrpcConfigKeys$Server (ConfUtils.java:logGet(43)) - raft.grpc.server.port = 0 (default)
2019-10-03 08:52:28,514 [main] INFO  server.GrpcService (ConfUtils.java:logGet(43)) - raft.grpc.message.size.max = 33570816 (custom)
2019-10-03 08:52:28,515 [main] INFO  server.RaftServerConfigKeys (ConfUtils.java:logGet(43)) - raft.server.log.appender.buffer.byte-limit = 33554432 (custom)
2019-10-03 08:52:28,515 [main] INFO  server.GrpcService (ConfUtils.java:logGet(43)) - raft.grpc.flow.control.window = 1MB (=1048576) (default)
2019-10-03 08:52:28,515 [main] INFO  server.RaftServerConfigKeys (ConfUtils.java:logGet(43)) - raft.server.rpc.request.timeout = 3000ms (default)
2019-10-03 08:52:28,515 [main] INFO  server.RaftServerConfigKeys (ConfUtils.java:logGet(43)) - raft.server.storage.dir = [/workdir/hadoop-ozone/integration-test/target/test-dir/MiniOzoneClusterImpl-a1d964ab-5229-4284-9f54-f7c2eb799dd5/datanode-2/data/ratis] (custom)
2019-10-03 08:52:28,517 [main] INFO  hdfs.DFSUtil (DFSUtil.java:httpServerTemplateForNNAndJN(1641)) - Starting Web-server for hddsDatanode at: http://0.0.0.0:0
2019-10-03 08:52:28,518 [main] INFO  server.AuthenticationFilter (AuthenticationFilter.java:constructSecretProvider(240)) - Unable to initialize FileSignerSecretProvider, falling back to use random secrets.
2019-10-03 08:52:28,518 [main] WARN  http.HttpRequestLog (HttpRequestLog.java:getRequestLog(97)) - Jetty request log can only be enabled using Log4j
2019-10-03 08:52:28,520 [main] INFO  http.HttpServer2 (HttpServer2.java:addGlobalFilter(975)) - Added global filter 'safety' (class=org.apache.hadoop.http.HttpServer2$QuotingInputFilter)
2019-10-03 08:52:28,520 [main] INFO  http.HttpServer2 (HttpServer2.java:addFilter(948)) - Added filter static_user_filter (class=org.apache.hadoop.http.lib.StaticUserWebFilter$StaticUserFilter) to context hddsDatanode
2019-10-03 08:52:28,520 [main] INFO  http.HttpServer2 (HttpServer2.java:addFilter(958)) - Added filter static_user_filter (class=org.apache.hadoop.http.lib.StaticUserWebFilter$StaticUserFilter) to context logs
2019-10-03 08:52:28,522 [main] INFO  http.HttpServer2 (HttpServer2.java:addFilter(958)) - Added filter static_user_filter (class=org.apache.hadoop.http.lib.StaticUserWebFilter$StaticUserFilter) to context static
2019-10-03 08:52:28,523 [main] INFO  http.HttpServer2 (HttpServer2.java:bindListener(1191)) - Jetty bound to port 39816
2019-10-03 08:52:28,523 [main] INFO  server.Server (Server.java:doStart(351)) - jetty-9.3.25.v20180904, build timestamp: 2018-09-04T21:11:46Z, git hash: 3ce520221d0240229c862b122d2b06c12a625732
2019-10-03 08:52:28,525 [main] INFO  handler.ContextHandler (ContextHandler.java:doStart(781)) - Started o.e.j.s.ServletContextHandler@2725ca05{/logs,file:///workdir/hadoop-ozone/integration-test/target/log,AVAILABLE}
2019-10-03 08:52:28,525 [main] INFO  handler.ContextHandler (ContextHandler.java:doStart(781)) - Started o.e.j.s.ServletContextHandler@1a914089{/static,jar:file:/home/user/.m2/repository/org/apache/hadoop/hadoop-hdds-container-service/0.5.0-SNAPSHOT/hadoop-hdds-container-service-0.5.0-SNAPSHOT.jar!/webapps/static,AVAILABLE}
2019-10-03 08:52:28,558 [main] INFO  handler.ContextHandler (ContextHandler.java:doStart(781)) - Started o.e.j.w.WebAppContext@4eeab3e{/,file:///tmp/jetty-0.0.0.0-39816-hddsDatanode-_-any-6314019587594113674.dir/webapp/,AVAILABLE}{/hddsDatanode}
2019-10-03 08:52:28,558 [main] INFO  server.AbstractConnector (AbstractConnector.java:doStart(278)) - Started ServerConnector@2b6fb197{HTTP/1.1,[http/1.1]}{0.0.0.0:39816}
2019-10-03 08:52:28,561 [main] INFO  server.Server (Server.java:doStart(419)) - Started @227816ms
2019-10-03 08:52:28,561 [main] WARN  impl.MetricsSystemImpl (MetricsSystemImpl.java:register(276)) - Sink prometheus already exists!
2019-10-03 08:52:28,562 [main] INFO  server.BaseHttpServer (BaseHttpServer.java:updateConnectorAddress(215)) - HTTP server of HDDSDATANODE is listening at http://0.0.0.0:39816
2019-10-03 08:52:28,562 [main] INFO  impl.MetricsSystemImpl (MetricsSystemImpl.java:init(158)) - HddsDatanode metrics system started (again)
2019-10-03 08:52:28,582 [org.apache.hadoop.util.JvmPauseMonitor$Monitor@5a735e10] INFO  util.JvmPauseMonitor (JvmPauseMonitor.java:run(188)) - Starting JVM pause monitor
2019-10-03 08:52:28,584 [Datanode State Machine Thread - 0] INFO  datanode.InitDatanodeState (InitDatanodeState.java:persistContainerDatanodeDetails(140)) - DatanodeDetails is persisted to /workdir/hadoop-ozone/integration-test/target/test-dir/MiniOzoneClusterImpl-a1d964ab-5229-4284-9f54-f7c2eb799dd5/datanode-2/meta/datanode.id
2019-10-03 08:52:28,584 [main] INFO  ozone.HddsDatanodeService (HddsDatanodeService.java:start(184)) - HddsDatanodeService host:pr-hdds-2234-ztsc4-2614151736 ip:192.168.151.103
2019-10-03 08:52:28,592 [main] INFO  volume.HddsVolume (HddsVolume.java:<init>(176)) - Creating Volume: /workdir/hadoop-ozone/integration-test/target/test-dir/MiniOzoneClusterImpl-a1d964ab-5229-4284-9f54-f7c2eb799dd5/datanode-3/data/containers/hdds of  storage type : DISK and capacity : 1482555576320
2019-10-03 08:52:28,593 [main] INFO  volume.VolumeSet (VolumeSet.java:initializeVolumeSet(170)) - Added Volume : /workdir/hadoop-ozone/integration-test/target/test-dir/MiniOzoneClusterImpl-a1d964ab-5229-4284-9f54-f7c2eb799dd5/datanode-3/data/containers/hdds to VolumeSet
2019-10-03 08:52:28,593 [main] INFO  volume.ThrottledAsyncChecker (ThrottledAsyncChecker.java:schedule(139)) - Scheduling a check for org.apache.hadoop.ozone.container.common.volume.HddsVolume@2b43f314
2019-10-03 08:52:28,593 [main] INFO  volume.HddsVolumeChecker (HddsVolumeChecker.java:checkAllVolumes(202)) - Scheduled health check for volume org.apache.hadoop.ozone.container.common.volume.HddsVolume@2b43f314
2019-10-03 08:52:28,609 [main] INFO  impl.RaftServerProxy (ConfUtils.java:logGet(43)) - raft.rpc.type = GRPC (default)
2019-10-03 08:52:28,609 [main] INFO  grpc.GrpcFactory (GrpcFactory.java:checkPooledByteBufAllocatorUseCacheForAllThreads(45)) - PERFORMANCE WARNING: useCacheForAllThreads is true that may cause Netty to create a lot garbage objects and, as a result, trigger GC.
	It is recommended to disable useCacheForAllThreads by setting -Dorg.apache.ratis.thirdparty.io.netty.allocator.useCacheForAllThreads=false in command line.
2019-10-03 08:52:28,609 [main] INFO  grpc.GrpcConfigKeys$Server (ConfUtils.java:logGet(43)) - raft.grpc.server.port = 0 (default)
2019-10-03 08:52:28,609 [main] INFO  server.GrpcService (ConfUtils.java:logGet(43)) - raft.grpc.message.size.max = 33570816 (custom)
2019-10-03 08:52:28,610 [main] INFO  server.RaftServerConfigKeys (ConfUtils.java:logGet(43)) - raft.server.log.appender.buffer.byte-limit = 33554432 (custom)
2019-10-03 08:52:28,610 [main] INFO  server.GrpcService (ConfUtils.java:logGet(43)) - raft.grpc.flow.control.window = 1MB (=1048576) (default)
2019-10-03 08:52:28,610 [main] INFO  server.RaftServerConfigKeys (ConfUtils.java:logGet(43)) - raft.server.rpc.request.timeout = 3000ms (default)
2019-10-03 08:52:28,610 [main] INFO  server.RaftServerConfigKeys (ConfUtils.java:logGet(43)) - raft.server.storage.dir = [/workdir/hadoop-ozone/integration-test/target/test-dir/MiniOzoneClusterImpl-a1d964ab-5229-4284-9f54-f7c2eb799dd5/datanode-3/data/ratis] (custom)
2019-10-03 08:52:28,612 [main] INFO  hdfs.DFSUtil (DFSUtil.java:httpServerTemplateForNNAndJN(1641)) - Starting Web-server for hddsDatanode at: http://0.0.0.0:0
2019-10-03 08:52:28,613 [main] INFO  server.AuthenticationFilter (AuthenticationFilter.java:constructSecretProvider(240)) - Unable to initialize FileSignerSecretProvider, falling back to use random secrets.
2019-10-03 08:52:28,613 [main] WARN  http.HttpRequestLog (HttpRequestLog.java:getRequestLog(97)) - Jetty request log can only be enabled using Log4j
2019-10-03 08:52:28,614 [main] INFO  http.HttpServer2 (HttpServer2.java:addGlobalFilter(975)) - Added global filter 'safety' (class=org.apache.hadoop.http.HttpServer2$QuotingInputFilter)
2019-10-03 08:52:28,615 [main] INFO  http.HttpServer2 (HttpServer2.java:addFilter(948)) - Added filter static_user_filter (class=org.apache.hadoop.http.lib.StaticUserWebFilter$StaticUserFilter) to context hddsDatanode
2019-10-03 08:52:28,615 [main] INFO  http.HttpServer2 (HttpServer2.java:addFilter(958)) - Added filter static_user_filter (class=org.apache.hadoop.http.lib.StaticUserWebFilter$StaticUserFilter) to context logs
2019-10-03 08:52:28,615 [main] INFO  http.HttpServer2 (HttpServer2.java:addFilter(958)) - Added filter static_user_filter (class=org.apache.hadoop.http.lib.StaticUserWebFilter$StaticUserFilter) to context static
2019-10-03 08:52:28,616 [main] INFO  http.HttpServer2 (HttpServer2.java:bindListener(1191)) - Jetty bound to port 42080
2019-10-03 08:52:28,616 [main] INFO  server.Server (Server.java:doStart(351)) - jetty-9.3.25.v20180904, build timestamp: 2018-09-04T21:11:46Z, git hash: 3ce520221d0240229c862b122d2b06c12a625732
2019-10-03 08:52:28,618 [main] INFO  handler.ContextHandler (ContextHandler.java:doStart(781)) - Started o.e.j.s.ServletContextHandler@28b8f98a{/logs,file:///workdir/hadoop-ozone/integration-test/target/log,AVAILABLE}
2019-10-03 08:52:28,618 [main] INFO  handler.ContextHandler (ContextHandler.java:doStart(781)) - Started o.e.j.s.ServletContextHandler@22cb3d59{/static,jar:file:/home/user/.m2/repository/org/apache/hadoop/hadoop-hdds-container-service/0.5.0-SNAPSHOT/hadoop-hdds-container-service-0.5.0-SNAPSHOT.jar!/webapps/static,AVAILABLE}
2019-10-03 08:52:28,648 [main] INFO  handler.ContextHandler (ContextHandler.java:doStart(781)) - Started o.e.j.w.WebAppContext@76563ae7{/,file:///tmp/jetty-0.0.0.0-42080-hddsDatanode-_-any-6626574359750937923.dir/webapp/,AVAILABLE}{/hddsDatanode}
2019-10-03 08:52:28,648 [main] INFO  server.AbstractConnector (AbstractConnector.java:doStart(278)) - Started ServerConnector@4fd74223{HTTP/1.1,[http/1.1]}{0.0.0.0:42080}
2019-10-03 08:52:28,652 [main] INFO  server.Server (Server.java:doStart(419)) - Started @227907ms
2019-10-03 08:52:28,652 [main] WARN  impl.MetricsSystemImpl (MetricsSystemImpl.java:register(276)) - Sink prometheus already exists!
2019-10-03 08:52:28,653 [main] INFO  server.BaseHttpServer (BaseHttpServer.java:updateConnectorAddress(215)) - HTTP server of HDDSDATANODE is listening at http://0.0.0.0:42080
2019-10-03 08:52:28,653 [main] INFO  impl.MetricsSystemImpl (MetricsSystemImpl.java:init(158)) - HddsDatanode metrics system started (again)
2019-10-03 08:52:28,675 [org.apache.hadoop.util.JvmPauseMonitor$Monitor@7296581f] INFO  util.JvmPauseMonitor (JvmPauseMonitor.java:run(188)) - Starting JVM pause monitor
2019-10-03 08:52:28,676 [main] INFO  ozone.HddsDatanodeService (HddsDatanodeService.java:start(184)) - HddsDatanodeService host:pr-hdds-2234-ztsc4-2614151736 ip:192.168.151.103
2019-10-03 08:52:28,677 [Datanode State Machine Thread - 0] INFO  datanode.InitDatanodeState (InitDatanodeState.java:persistContainerDatanodeDetails(140)) - DatanodeDetails is persisted to /workdir/hadoop-ozone/integration-test/target/test-dir/MiniOzoneClusterImpl-a1d964ab-5229-4284-9f54-f7c2eb799dd5/datanode-3/meta/datanode.id
2019-10-03 08:52:28,689 [main] INFO  volume.HddsVolume (HddsVolume.java:<init>(176)) - Creating Volume: /workdir/hadoop-ozone/integration-test/target/test-dir/MiniOzoneClusterImpl-a1d964ab-5229-4284-9f54-f7c2eb799dd5/datanode-4/data/containers/hdds of  storage type : DISK and capacity : 1482555576320
2019-10-03 08:52:28,690 [main] INFO  volume.VolumeSet (VolumeSet.java:initializeVolumeSet(170)) - Added Volume : /workdir/hadoop-ozone/integration-test/target/test-dir/MiniOzoneClusterImpl-a1d964ab-5229-4284-9f54-f7c2eb799dd5/datanode-4/data/containers/hdds to VolumeSet
2019-10-03 08:52:28,690 [main] INFO  volume.ThrottledAsyncChecker (ThrottledAsyncChecker.java:schedule(139)) - Scheduling a check for org.apache.hadoop.ozone.container.common.volume.HddsVolume@5bb8e6fc
2019-10-03 08:52:28,691 [main] INFO  volume.HddsVolumeChecker (HddsVolumeChecker.java:checkAllVolumes(202)) - Scheduled health check for volume org.apache.hadoop.ozone.container.common.volume.HddsVolume@5bb8e6fc
2019-10-03 08:52:28,707 [main] INFO  impl.RaftServerProxy (ConfUtils.java:logGet(43)) - raft.rpc.type = GRPC (default)
2019-10-03 08:52:28,707 [main] INFO  grpc.GrpcFactory (GrpcFactory.java:checkPooledByteBufAllocatorUseCacheForAllThreads(45)) - PERFORMANCE WARNING: useCacheForAllThreads is true that may cause Netty to create a lot garbage objects and, as a result, trigger GC.
	It is recommended to disable useCacheForAllThreads by setting -Dorg.apache.ratis.thirdparty.io.netty.allocator.useCacheForAllThreads=false in command line.
2019-10-03 08:52:28,707 [main] INFO  grpc.GrpcConfigKeys$Server (ConfUtils.java:logGet(43)) - raft.grpc.server.port = 0 (default)
2019-10-03 08:52:28,707 [main] INFO  server.GrpcService (ConfUtils.java:logGet(43)) - raft.grpc.message.size.max = 33570816 (custom)
2019-10-03 08:52:28,707 [main] INFO  server.RaftServerConfigKeys (ConfUtils.java:logGet(43)) - raft.server.log.appender.buffer.byte-limit = 33554432 (custom)
2019-10-03 08:52:28,708 [main] INFO  server.GrpcService (ConfUtils.java:logGet(43)) - raft.grpc.flow.control.window = 1MB (=1048576) (default)
2019-10-03 08:52:28,708 [main] INFO  server.RaftServerConfigKeys (ConfUtils.java:logGet(43)) - raft.server.rpc.request.timeout = 3000ms (default)
2019-10-03 08:52:28,708 [main] INFO  server.RaftServerConfigKeys (ConfUtils.java:logGet(43)) - raft.server.storage.dir = [/workdir/hadoop-ozone/integration-test/target/test-dir/MiniOzoneClusterImpl-a1d964ab-5229-4284-9f54-f7c2eb799dd5/datanode-4/data/ratis] (custom)
2019-10-03 08:52:28,710 [main] INFO  hdfs.DFSUtil (DFSUtil.java:httpServerTemplateForNNAndJN(1641)) - Starting Web-server for hddsDatanode at: http://0.0.0.0:0
2019-10-03 08:52:28,711 [main] INFO  server.AuthenticationFilter (AuthenticationFilter.java:constructSecretProvider(240)) - Unable to initialize FileSignerSecretProvider, falling back to use random secrets.
2019-10-03 08:52:28,712 [main] WARN  http.HttpRequestLog (HttpRequestLog.java:getRequestLog(97)) - Jetty request log can only be enabled using Log4j
2019-10-03 08:52:28,713 [main] INFO  http.HttpServer2 (HttpServer2.java:addGlobalFilter(975)) - Added global filter 'safety' (class=org.apache.hadoop.http.HttpServer2$QuotingInputFilter)
2019-10-03 08:52:28,713 [main] INFO  http.HttpServer2 (HttpServer2.java:addFilter(948)) - Added filter static_user_filter (class=org.apache.hadoop.http.lib.StaticUserWebFilter$StaticUserFilter) to context hddsDatanode
2019-10-03 08:52:28,713 [main] INFO  http.HttpServer2 (HttpServer2.java:addFilter(958)) - Added filter static_user_filter (class=org.apache.hadoop.http.lib.StaticUserWebFilter$StaticUserFilter) to context logs
2019-10-03 08:52:28,714 [main] INFO  http.HttpServer2 (HttpServer2.java:addFilter(958)) - Added filter static_user_filter (class=org.apache.hadoop.http.lib.StaticUserWebFilter$StaticUserFilter) to context static
2019-10-03 08:52:28,714 [main] INFO  http.HttpServer2 (HttpServer2.java:bindListener(1191)) - Jetty bound to port 43088
2019-10-03 08:52:28,714 [main] INFO  server.Server (Server.java:doStart(351)) - jetty-9.3.25.v20180904, build timestamp: 2018-09-04T21:11:46Z, git hash: 3ce520221d0240229c862b122d2b06c12a625732
2019-10-03 08:52:28,716 [main] INFO  handler.ContextHandler (ContextHandler.java:doStart(781)) - Started o.e.j.s.ServletContextHandler@7a606260{/logs,file:///workdir/hadoop-ozone/integration-test/target/log,AVAILABLE}
2019-10-03 08:52:28,717 [main] INFO  handler.ContextHandler (ContextHandler.java:doStart(781)) - Started o.e.j.s.ServletContextHandler@5939e24{/static,jar:file:/home/user/.m2/repository/org/apache/hadoop/hadoop-hdds-container-service/0.5.0-SNAPSHOT/hadoop-hdds-container-service-0.5.0-SNAPSHOT.jar!/webapps/static,AVAILABLE}
2019-10-03 08:52:28,745 [main] INFO  handler.ContextHandler (ContextHandler.java:doStart(781)) - Started o.e.j.w.WebAppContext@29d070c7{/,file:///tmp/jetty-0.0.0.0-43088-hddsDatanode-_-any-2991052333587004230.dir/webapp/,AVAILABLE}{/hddsDatanode}
2019-10-03 08:52:28,746 [main] INFO  server.AbstractConnector (AbstractConnector.java:doStart(278)) - Started ServerConnector@1eeb5818{HTTP/1.1,[http/1.1]}{0.0.0.0:43088}
2019-10-03 08:52:28,750 [main] INFO  server.Server (Server.java:doStart(419)) - Started @228005ms
2019-10-03 08:52:28,750 [main] WARN  impl.MetricsSystemImpl (MetricsSystemImpl.java:register(276)) - Sink prometheus already exists!
2019-10-03 08:52:28,751 [main] INFO  server.BaseHttpServer (BaseHttpServer.java:updateConnectorAddress(215)) - HTTP server of HDDSDATANODE is listening at http://0.0.0.0:43088
2019-10-03 08:52:28,752 [main] INFO  impl.MetricsSystemImpl (MetricsSystemImpl.java:init(158)) - HddsDatanode metrics system started (again)
2019-10-03 08:52:28,775 [org.apache.hadoop.util.JvmPauseMonitor$Monitor@62d1361d] INFO  util.JvmPauseMonitor (JvmPauseMonitor.java:run(188)) - Starting JVM pause monitor
2019-10-03 08:52:28,777 [main] INFO  ozone.HddsDatanodeService (HddsDatanodeService.java:start(184)) - HddsDatanodeService host:pr-hdds-2234-ztsc4-2614151736 ip:192.168.151.103
2019-10-03 08:52:28,777 [Datanode State Machine Thread - 0] INFO  datanode.InitDatanodeState (InitDatanodeState.java:persistContainerDatanodeDetails(140)) - DatanodeDetails is persisted to /workdir/hadoop-ozone/integration-test/target/test-dir/MiniOzoneClusterImpl-a1d964ab-5229-4284-9f54-f7c2eb799dd5/datanode-4/meta/datanode.id
2019-10-03 08:52:28,788 [main] INFO  volume.HddsVolume (HddsVolume.java:<init>(176)) - Creating Volume: /workdir/hadoop-ozone/integration-test/target/test-dir/MiniOzoneClusterImpl-a1d964ab-5229-4284-9f54-f7c2eb799dd5/datanode-5/data/containers/hdds of  storage type : DISK and capacity : 1482555576320
2019-10-03 08:52:28,788 [main] INFO  volume.VolumeSet (VolumeSet.java:initializeVolumeSet(170)) - Added Volume : /workdir/hadoop-ozone/integration-test/target/test-dir/MiniOzoneClusterImpl-a1d964ab-5229-4284-9f54-f7c2eb799dd5/datanode-5/data/containers/hdds to VolumeSet
2019-10-03 08:52:28,788 [main] INFO  volume.ThrottledAsyncChecker (ThrottledAsyncChecker.java:schedule(139)) - Scheduling a check for org.apache.hadoop.ozone.container.common.volume.HddsVolume@755b5f30
2019-10-03 08:52:28,788 [main] INFO  volume.HddsVolumeChecker (HddsVolumeChecker.java:checkAllVolumes(202)) - Scheduled health check for volume org.apache.hadoop.ozone.container.common.volume.HddsVolume@755b5f30
2019-10-03 08:52:28,805 [main] INFO  impl.RaftServerProxy (ConfUtils.java:logGet(43)) - raft.rpc.type = GRPC (default)
2019-10-03 08:52:28,806 [main] INFO  grpc.GrpcFactory (GrpcFactory.java:checkPooledByteBufAllocatorUseCacheForAllThreads(45)) - PERFORMANCE WARNING: useCacheForAllThreads is true that may cause Netty to create a lot garbage objects and, as a result, trigger GC.
	It is recommended to disable useCacheForAllThreads by setting -Dorg.apache.ratis.thirdparty.io.netty.allocator.useCacheForAllThreads=false in command line.
2019-10-03 08:52:28,806 [main] INFO  grpc.GrpcConfigKeys$Server (ConfUtils.java:logGet(43)) - raft.grpc.server.port = 0 (default)
2019-10-03 08:52:28,806 [main] INFO  server.GrpcService (ConfUtils.java:logGet(43)) - raft.grpc.message.size.max = 33570816 (custom)
2019-10-03 08:52:28,806 [main] INFO  server.RaftServerConfigKeys (ConfUtils.java:logGet(43)) - raft.server.log.appender.buffer.byte-limit = 33554432 (custom)
2019-10-03 08:52:28,806 [main] INFO  server.GrpcService (ConfUtils.java:logGet(43)) - raft.grpc.flow.control.window = 1MB (=1048576) (default)
2019-10-03 08:52:28,807 [main] INFO  server.RaftServerConfigKeys (ConfUtils.java:logGet(43)) - raft.server.rpc.request.timeout = 3000ms (default)
2019-10-03 08:52:28,807 [main] INFO  server.RaftServerConfigKeys (ConfUtils.java:logGet(43)) - raft.server.storage.dir = [/workdir/hadoop-ozone/integration-test/target/test-dir/MiniOzoneClusterImpl-a1d964ab-5229-4284-9f54-f7c2eb799dd5/datanode-5/data/ratis] (custom)
2019-10-03 08:52:28,808 [main] INFO  hdfs.DFSUtil (DFSUtil.java:httpServerTemplateForNNAndJN(1641)) - Starting Web-server for hddsDatanode at: http://0.0.0.0:0
2019-10-03 08:52:28,810 [main] INFO  server.AuthenticationFilter (AuthenticationFilter.java:constructSecretProvider(240)) - Unable to initialize FileSignerSecretProvider, falling back to use random secrets.
2019-10-03 08:52:28,813 [main] WARN  http.HttpRequestLog (HttpRequestLog.java:getRequestLog(97)) - Jetty request log can only be enabled using Log4j
2019-10-03 08:52:28,814 [main] INFO  http.HttpServer2 (HttpServer2.java:addGlobalFilter(975)) - Added global filter 'safety' (class=org.apache.hadoop.http.HttpServer2$QuotingInputFilter)
2019-10-03 08:52:28,815 [main] INFO  http.HttpServer2 (HttpServer2.java:addFilter(948)) - Added filter static_user_filter (class=org.apache.hadoop.http.lib.StaticUserWebFilter$StaticUserFilter) to context hddsDatanode
2019-10-03 08:52:28,815 [main] INFO  http.HttpServer2 (HttpServer2.java:addFilter(958)) - Added filter static_user_filter (class=org.apache.hadoop.http.lib.StaticUserWebFilter$StaticUserFilter) to context static
2019-10-03 08:52:28,815 [main] INFO  http.HttpServer2 (HttpServer2.java:addFilter(958)) - Added filter static_user_filter (class=org.apache.hadoop.http.lib.StaticUserWebFilter$StaticUserFilter) to context logs
2019-10-03 08:52:28,816 [main] INFO  http.HttpServer2 (HttpServer2.java:bindListener(1191)) - Jetty bound to port 39238
2019-10-03 08:52:28,816 [main] INFO  server.Server (Server.java:doStart(351)) - jetty-9.3.25.v20180904, build timestamp: 2018-09-04T21:11:46Z, git hash: 3ce520221d0240229c862b122d2b06c12a625732
2019-10-03 08:52:28,818 [main] INFO  handler.ContextHandler (ContextHandler.java:doStart(781)) - Started o.e.j.s.ServletContextHandler@430df350{/logs,file:///workdir/hadoop-ozone/integration-test/target/log,AVAILABLE}
2019-10-03 08:52:28,819 [main] INFO  handler.ContextHandler (ContextHandler.java:doStart(781)) - Started o.e.j.s.ServletContextHandler@175c5c3a{/static,jar:file:/home/user/.m2/repository/org/apache/hadoop/hadoop-hdds-container-service/0.5.0-SNAPSHOT/hadoop-hdds-container-service-0.5.0-SNAPSHOT.jar!/webapps/static,AVAILABLE}
2019-10-03 08:52:28,856 [main] INFO  handler.ContextHandler (ContextHandler.java:doStart(781)) - Started o.e.j.w.WebAppContext@5333f08f{/,file:///tmp/jetty-0.0.0.0-39238-hddsDatanode-_-any-8859964249100954824.dir/webapp/,AVAILABLE}{/hddsDatanode}
2019-10-03 08:52:28,856 [main] INFO  server.AbstractConnector (AbstractConnector.java:doStart(278)) - Started ServerConnector@27898e13{HTTP/1.1,[http/1.1]}{0.0.0.0:39238}
2019-10-03 08:52:28,861 [main] INFO  server.Server (Server.java:doStart(419)) - Started @228116ms
2019-10-03 08:52:28,861 [main] WARN  impl.MetricsSystemImpl (MetricsSystemImpl.java:register(276)) - Sink prometheus already exists!
2019-10-03 08:52:28,862 [main] INFO  server.BaseHttpServer (BaseHttpServer.java:updateConnectorAddress(215)) - HTTP server of HDDSDATANODE is listening at http://0.0.0.0:39238
2019-10-03 08:52:28,862 [main] INFO  impl.MetricsSystemImpl (MetricsSystemImpl.java:init(158)) - HddsDatanode metrics system started (again)
2019-10-03 08:52:28,887 [org.apache.hadoop.util.JvmPauseMonitor$Monitor@2158cd51] INFO  util.JvmPauseMonitor (JvmPauseMonitor.java:run(188)) - Starting JVM pause monitor
2019-10-03 08:52:28,889 [Datanode State Machine Thread - 0] INFO  datanode.InitDatanodeState (InitDatanodeState.java:persistContainerDatanodeDetails(140)) - DatanodeDetails is persisted to /workdir/hadoop-ozone/integration-test/target/test-dir/MiniOzoneClusterImpl-a1d964ab-5229-4284-9f54-f7c2eb799dd5/datanode-5/meta/datanode.id
2019-10-03 08:52:28,889 [main] INFO  ozone.HddsDatanodeService (HddsDatanodeService.java:start(184)) - HddsDatanodeService host:pr-hdds-2234-ztsc4-2614151736 ip:192.168.151.103
2019-10-03 08:52:28,898 [main] INFO  volume.HddsVolume (HddsVolume.java:<init>(176)) - Creating Volume: /workdir/hadoop-ozone/integration-test/target/test-dir/MiniOzoneClusterImpl-a1d964ab-5229-4284-9f54-f7c2eb799dd5/datanode-6/data/containers/hdds of  storage type : DISK and capacity : 1482555576320
2019-10-03 08:52:28,899 [main] INFO  volume.VolumeSet (VolumeSet.java:initializeVolumeSet(170)) - Added Volume : /workdir/hadoop-ozone/integration-test/target/test-dir/MiniOzoneClusterImpl-a1d964ab-5229-4284-9f54-f7c2eb799dd5/datanode-6/data/containers/hdds to VolumeSet
2019-10-03 08:52:28,899 [main] INFO  volume.ThrottledAsyncChecker (ThrottledAsyncChecker.java:schedule(139)) - Scheduling a check for org.apache.hadoop.ozone.container.common.volume.HddsVolume@75bd28d
2019-10-03 08:52:28,899 [main] INFO  volume.HddsVolumeChecker (HddsVolumeChecker.java:checkAllVolumes(202)) - Scheduled health check for volume org.apache.hadoop.ozone.container.common.volume.HddsVolume@75bd28d
2019-10-03 08:52:28,914 [main] INFO  impl.RaftServerProxy (ConfUtils.java:logGet(43)) - raft.rpc.type = GRPC (default)
2019-10-03 08:52:28,914 [main] INFO  grpc.GrpcFactory (GrpcFactory.java:checkPooledByteBufAllocatorUseCacheForAllThreads(45)) - PERFORMANCE WARNING: useCacheForAllThreads is true that may cause Netty to create a lot garbage objects and, as a result, trigger GC.
	It is recommended to disable useCacheForAllThreads by setting -Dorg.apache.ratis.thirdparty.io.netty.allocator.useCacheForAllThreads=false in command line.
2019-10-03 08:52:28,914 [main] INFO  grpc.GrpcConfigKeys$Server (ConfUtils.java:logGet(43)) - raft.grpc.server.port = 0 (default)
2019-10-03 08:52:28,914 [main] INFO  server.GrpcService (ConfUtils.java:logGet(43)) - raft.grpc.message.size.max = 33570816 (custom)
2019-10-03 08:52:28,914 [main] INFO  server.RaftServerConfigKeys (ConfUtils.java:logGet(43)) - raft.server.log.appender.buffer.byte-limit = 33554432 (custom)
2019-10-03 08:52:28,915 [main] INFO  server.GrpcService (ConfUtils.java:logGet(43)) - raft.grpc.flow.control.window = 1MB (=1048576) (default)
2019-10-03 08:52:28,915 [main] INFO  server.RaftServerConfigKeys (ConfUtils.java:logGet(43)) - raft.server.rpc.request.timeout = 3000ms (default)
2019-10-03 08:52:28,915 [main] INFO  server.RaftServerConfigKeys (ConfUtils.java:logGet(43)) - raft.server.storage.dir = [/workdir/hadoop-ozone/integration-test/target/test-dir/MiniOzoneClusterImpl-a1d964ab-5229-4284-9f54-f7c2eb799dd5/datanode-6/data/ratis] (custom)
2019-10-03 08:52:28,916 [main] INFO  hdfs.DFSUtil (DFSUtil.java:httpServerTemplateForNNAndJN(1641)) - Starting Web-server for hddsDatanode at: http://0.0.0.0:0
2019-10-03 08:52:28,917 [main] INFO  server.AuthenticationFilter (AuthenticationFilter.java:constructSecretProvider(240)) - Unable to initialize FileSignerSecretProvider, falling back to use random secrets.
2019-10-03 08:52:28,918 [main] WARN  http.HttpRequestLog (HttpRequestLog.java:getRequestLog(97)) - Jetty request log can only be enabled using Log4j
2019-10-03 08:52:28,919 [main] INFO  http.HttpServer2 (HttpServer2.java:addGlobalFilter(975)) - Added global filter 'safety' (class=org.apache.hadoop.http.HttpServer2$QuotingInputFilter)
2019-10-03 08:52:28,919 [main] INFO  http.HttpServer2 (HttpServer2.java:addFilter(948)) - Added filter static_user_filter (class=org.apache.hadoop.http.lib.StaticUserWebFilter$StaticUserFilter) to context hddsDatanode
2019-10-03 08:52:28,919 [main] INFO  http.HttpServer2 (HttpServer2.java:addFilter(958)) - Added filter static_user_filter (class=org.apache.hadoop.http.lib.StaticUserWebFilter$StaticUserFilter) to context logs
2019-10-03 08:52:28,920 [main] INFO  http.HttpServer2 (HttpServer2.java:addFilter(958)) - Added filter static_user_filter (class=org.apache.hadoop.http.lib.StaticUserWebFilter$StaticUserFilter) to context static
2019-10-03 08:52:28,920 [main] INFO  http.HttpServer2 (HttpServer2.java:bindListener(1191)) - Jetty bound to port 35435
2019-10-03 08:52:28,920 [main] INFO  server.Server (Server.java:doStart(351)) - jetty-9.3.25.v20180904, build timestamp: 2018-09-04T21:11:46Z, git hash: 3ce520221d0240229c862b122d2b06c12a625732
2019-10-03 08:52:28,922 [main] INFO  handler.ContextHandler (ContextHandler.java:doStart(781)) - Started o.e.j.s.ServletContextHandler@3e53c4ad{/logs,file:///workdir/hadoop-ozone/integration-test/target/log,AVAILABLE}
2019-10-03 08:52:28,922 [main] INFO  handler.ContextHandler (ContextHandler.java:doStart(781)) - Started o.e.j.s.ServletContextHandler@224d86d2{/static,jar:file:/home/user/.m2/repository/org/apache/hadoop/hadoop-hdds-container-service/0.5.0-SNAPSHOT/hadoop-hdds-container-service-0.5.0-SNAPSHOT.jar!/webapps/static,AVAILABLE}
2019-10-03 08:52:28,939 [grpc-default-executor-3] WARN  server.GrpcLogAppender (LogUtils.java:warn(134)) - 44dfefca-9cc0-4191-be09-9e0ba236227c@group-A4E22CE81F32->0fd4a3fd-1acf-4517-a260-f29a17e7fdef-AppendLogResponseHandler: Failed appendEntries: org.apache.ratis.thirdparty.io.grpc.StatusRuntimeException: UNAVAILABLE: io exception
2019-10-03 08:52:28,939 [grpc-default-executor-6] WARN  server.GrpcLogAppender (LogUtils.java:warn(134)) - 44dfefca-9cc0-4191-be09-9e0ba236227c@group-A4E22CE81F32->576c1584-98eb-4342-a4b5-132ff6e862cb-AppendLogResponseHandler: Failed appendEntries: org.apache.ratis.thirdparty.io.grpc.StatusRuntimeException: UNAVAILABLE: io exception
2019-10-03 08:52:28,939 [grpc-default-executor-3] INFO  impl.FollowerInfo (FollowerInfo.java:lambda$new$0(51)) - 44dfefca-9cc0-4191-be09-9e0ba236227c@group-A4E22CE81F32->0fd4a3fd-1acf-4517-a260-f29a17e7fdef: nextIndex: updateUnconditionally 0 -> 0
2019-10-03 08:52:28,939 [grpc-default-executor-6] INFO  impl.FollowerInfo (FollowerInfo.java:lambda$new$0(51)) - 44dfefca-9cc0-4191-be09-9e0ba236227c@group-A4E22CE81F32->576c1584-98eb-4342-a4b5-132ff6e862cb: nextIndex: updateUnconditionally 0 -> 0
2019-10-03 08:52:28,950 [main] INFO  handler.ContextHandler (ContextHandler.java:doStart(781)) - Started o.e.j.w.WebAppContext@37e7c4cc{/,file:///tmp/jetty-0.0.0.0-35435-hddsDatanode-_-any-3994820680946217802.dir/webapp/,AVAILABLE}{/hddsDatanode}
2019-10-03 08:52:28,951 [main] INFO  server.AbstractConnector (AbstractConnector.java:doStart(278)) - Started ServerConnector@3a40bb52{HTTP/1.1,[http/1.1]}{0.0.0.0:35435}
2019-10-03 08:52:28,955 [main] INFO  server.Server (Server.java:doStart(419)) - Started @228210ms
2019-10-03 08:52:28,955 [main] WARN  impl.MetricsSystemImpl (MetricsSystemImpl.java:register(276)) - Sink prometheus already exists!
2019-10-03 08:52:28,956 [main] INFO  server.BaseHttpServer (BaseHttpServer.java:updateConnectorAddress(215)) - HTTP server of HDDSDATANODE is listening at http://0.0.0.0:35435
2019-10-03 08:52:28,956 [main] INFO  ozone.MiniOzoneClusterImpl (MiniOzoneClusterImpl.java:lambda$waitForClusterToBeReady$0(147)) - Waiting for cluster to be ready. Got 0 of 7 DN Heartbeats.
2019-10-03 08:52:28,957 [org.apache.hadoop.util.JvmPauseMonitor$Monitor@25a7bd35] INFO  util.JvmPauseMonitor (JvmPauseMonitor.java:run(188)) - Starting JVM pause monitor
2019-10-03 08:52:28,959 [Datanode State Machine Thread - 0] INFO  datanode.InitDatanodeState (InitDatanodeState.java:persistContainerDatanodeDetails(140)) - DatanodeDetails is persisted to /workdir/hadoop-ozone/integration-test/target/test-dir/MiniOzoneClusterImpl-a1d964ab-5229-4284-9f54-f7c2eb799dd5/datanode-6/meta/datanode.id
2019-10-03 08:52:29,956 [main] INFO  ozone.MiniOzoneClusterImpl (MiniOzoneClusterImpl.java:lambda$waitForClusterToBeReady$0(147)) - Waiting for cluster to be ready. Got 0 of 7 DN Heartbeats.
2019-10-03 08:52:30,477 [Datanode State Machine Thread - 0] INFO  ozoneimpl.OzoneContainer (OzoneContainer.java:start(217)) - Attempting to start container services.
2019-10-03 08:52:30,478 [Datanode State Machine Thread - 0] INFO  ozoneimpl.OzoneContainer (OzoneContainer.java:startContainerScrub(179)) - Background container scanner has been disabled.
2019-10-03 08:52:30,478 [Datanode State Machine Thread - 0] INFO  ratis.XceiverServerRatis (XceiverServerRatis.java:start(417)) - Starting XceiverServerRatis 37a86bc3-ee66-42e2-b31f-61e547799e9d at port 0
2019-10-03 08:52:30,485 [Datanode State Machine Thread - 0] INFO  impl.RaftServerProxy (RaftServerProxy.java:lambda$start$3(299)) - 37a86bc3-ee66-42e2-b31f-61e547799e9d: start RPC server
2019-10-03 08:52:30,489 [Datanode State Machine Thread - 0] INFO  server.GrpcService (GrpcService.java:startImpl(158)) - 37a86bc3-ee66-42e2-b31f-61e547799e9d: GrpcService started, listening on 0.0.0.0/0.0.0.0:34166
2019-10-03 08:52:30,492 [Datanode State Machine Thread - 0] INFO  ratis.XceiverServerRatis (XceiverServerRatis.java:start(427)) - XceiverServerRatis 37a86bc3-ee66-42e2-b31f-61e547799e9d is started using port 34166
2019-10-03 08:52:30,492 [Datanode State Machine Thread - 0] INFO  server.XceiverServerGrpc (XceiverServerGrpc.java:start(149)) - XceiverServerGrpc 37a86bc3-ee66-42e2-b31f-61e547799e9d is started using port 44211
2019-10-03 08:52:30,513 [Datanode State Machine Thread - 0] INFO  ozoneimpl.OzoneContainer (OzoneContainer.java:start(217)) - Attempting to start container services.
2019-10-03 08:52:30,513 [Datanode State Machine Thread - 0] INFO  ozoneimpl.OzoneContainer (OzoneContainer.java:startContainerScrub(179)) - Background container scanner has been disabled.
2019-10-03 08:52:30,513 [Datanode State Machine Thread - 0] INFO  ratis.XceiverServerRatis (XceiverServerRatis.java:start(417)) - Starting XceiverServerRatis fb9d8d31-1158-43be-bca0-309b68a92c58 at port 0
2019-10-03 08:52:30,519 [Datanode State Machine Thread - 0] INFO  impl.RaftServerProxy (RaftServerProxy.java:lambda$start$3(299)) - fb9d8d31-1158-43be-bca0-309b68a92c58: start RPC server
2019-10-03 08:52:30,520 [Datanode State Machine Thread - 0] INFO  server.GrpcService (GrpcService.java:startImpl(158)) - fb9d8d31-1158-43be-bca0-309b68a92c58: GrpcService started, listening on 0.0.0.0/0.0.0.0:43760
2019-10-03 08:52:30,520 [Datanode State Machine Thread - 0] INFO  ratis.XceiverServerRatis (XceiverServerRatis.java:start(427)) - XceiverServerRatis fb9d8d31-1158-43be-bca0-309b68a92c58 is started using port 43760
2019-10-03 08:52:30,521 [Datanode State Machine Thread - 0] INFO  server.XceiverServerGrpc (XceiverServerGrpc.java:start(149)) - XceiverServerGrpc fb9d8d31-1158-43be-bca0-309b68a92c58 is started using port 38999
2019-10-03 08:52:30,596 [Datanode State Machine Thread - 0] INFO  ozoneimpl.OzoneContainer (OzoneContainer.java:start(217)) - Attempting to start container services.
2019-10-03 08:52:30,597 [Datanode State Machine Thread - 0] INFO  ozoneimpl.OzoneContainer (OzoneContainer.java:startContainerScrub(179)) - Background container scanner has been disabled.
2019-10-03 08:52:30,597 [Datanode State Machine Thread - 0] INFO  ratis.XceiverServerRatis (XceiverServerRatis.java:start(417)) - Starting XceiverServerRatis 7d0487b2-1fed-4ff6-bf59-fa965eb990c9 at port 0
2019-10-03 08:52:30,603 [Datanode State Machine Thread - 0] INFO  impl.RaftServerProxy (RaftServerProxy.java:lambda$start$3(299)) - 7d0487b2-1fed-4ff6-bf59-fa965eb990c9: start RPC server
2019-10-03 08:52:30,604 [Datanode State Machine Thread - 0] INFO  server.GrpcService (GrpcService.java:startImpl(158)) - 7d0487b2-1fed-4ff6-bf59-fa965eb990c9: GrpcService started, listening on 0.0.0.0/0.0.0.0:40461
2019-10-03 08:52:30,604 [Datanode State Machine Thread - 0] INFO  ratis.XceiverServerRatis (XceiverServerRatis.java:start(427)) - XceiverServerRatis 7d0487b2-1fed-4ff6-bf59-fa965eb990c9 is started using port 40461
2019-10-03 08:52:30,605 [Datanode State Machine Thread - 0] INFO  server.XceiverServerGrpc (XceiverServerGrpc.java:start(149)) - XceiverServerGrpc 7d0487b2-1fed-4ff6-bf59-fa965eb990c9 is started using port 41756
2019-10-03 08:52:30,697 [Datanode State Machine Thread - 0] INFO  ozoneimpl.OzoneContainer (OzoneContainer.java:start(217)) - Attempting to start container services.
2019-10-03 08:52:30,698 [Datanode State Machine Thread - 0] INFO  ozoneimpl.OzoneContainer (OzoneContainer.java:startContainerScrub(179)) - Background container scanner has been disabled.
2019-10-03 08:52:30,698 [Datanode State Machine Thread - 0] INFO  ratis.XceiverServerRatis (XceiverServerRatis.java:start(417)) - Starting XceiverServerRatis d28d590e-8394-4f06-bb68-c22d7dc563d2 at port 0
2019-10-03 08:52:30,705 [Datanode State Machine Thread - 0] INFO  impl.RaftServerProxy (RaftServerProxy.java:lambda$start$3(299)) - d28d590e-8394-4f06-bb68-c22d7dc563d2: start RPC server
2019-10-03 08:52:30,707 [Datanode State Machine Thread - 0] INFO  server.GrpcService (GrpcService.java:startImpl(158)) - d28d590e-8394-4f06-bb68-c22d7dc563d2: GrpcService started, listening on 0.0.0.0/0.0.0.0:45829
2019-10-03 08:52:30,707 [Datanode State Machine Thread - 0] INFO  ratis.XceiverServerRatis (XceiverServerRatis.java:start(427)) - XceiverServerRatis d28d590e-8394-4f06-bb68-c22d7dc563d2 is started using port 45829
2019-10-03 08:52:30,707 [Datanode State Machine Thread - 0] INFO  server.XceiverServerGrpc (XceiverServerGrpc.java:start(149)) - XceiverServerGrpc d28d590e-8394-4f06-bb68-c22d7dc563d2 is started using port 40684
2019-10-03 08:52:30,790 [Datanode State Machine Thread - 0] INFO  ozoneimpl.OzoneContainer (OzoneContainer.java:start(217)) - Attempting to start container services.
2019-10-03 08:52:30,791 [Datanode State Machine Thread - 0] INFO  ozoneimpl.OzoneContainer (OzoneContainer.java:startContainerScrub(179)) - Background container scanner has been disabled.
2019-10-03 08:52:30,791 [Datanode State Machine Thread - 0] INFO  ratis.XceiverServerRatis (XceiverServerRatis.java:start(417)) - Starting XceiverServerRatis ce7734d3-8a6c-4ab9-b10c-caad0cef6fab at port 0
2019-10-03 08:52:30,798 [Datanode State Machine Thread - 0] INFO  impl.RaftServerProxy (RaftServerProxy.java:lambda$start$3(299)) - ce7734d3-8a6c-4ab9-b10c-caad0cef6fab: start RPC server
2019-10-03 08:52:30,798 [Datanode State Machine Thread - 0] INFO  server.GrpcService (GrpcService.java:startImpl(158)) - ce7734d3-8a6c-4ab9-b10c-caad0cef6fab: GrpcService started, listening on 0.0.0.0/0.0.0.0:37070
2019-10-03 08:52:30,799 [Datanode State Machine Thread - 0] INFO  ratis.XceiverServerRatis (XceiverServerRatis.java:start(427)) - XceiverServerRatis ce7734d3-8a6c-4ab9-b10c-caad0cef6fab is started using port 37070
2019-10-03 08:52:30,799 [Datanode State Machine Thread - 0] INFO  server.XceiverServerGrpc (XceiverServerGrpc.java:start(149)) - XceiverServerGrpc ce7734d3-8a6c-4ab9-b10c-caad0cef6fab is started using port 34217
2019-10-03 08:52:30,901 [Datanode State Machine Thread - 0] INFO  ozoneimpl.OzoneContainer (OzoneContainer.java:start(217)) - Attempting to start container services.
2019-10-03 08:52:30,901 [Datanode State Machine Thread - 0] INFO  ozoneimpl.OzoneContainer (OzoneContainer.java:startContainerScrub(179)) - Background container scanner has been disabled.
2019-10-03 08:52:30,901 [Datanode State Machine Thread - 0] INFO  ratis.XceiverServerRatis (XceiverServerRatis.java:start(417)) - Starting XceiverServerRatis b7681a11-7eff-4e86-8847-eeb1fccc76a6 at port 0
2019-10-03 08:52:30,906 [Datanode State Machine Thread - 0] INFO  impl.RaftServerProxy (RaftServerProxy.java:lambda$start$3(299)) - b7681a11-7eff-4e86-8847-eeb1fccc76a6: start RPC server
2019-10-03 08:52:30,907 [Datanode State Machine Thread - 0] INFO  server.GrpcService (GrpcService.java:startImpl(158)) - b7681a11-7eff-4e86-8847-eeb1fccc76a6: GrpcService started, listening on 0.0.0.0/0.0.0.0:37762
2019-10-03 08:52:30,907 [Datanode State Machine Thread - 0] INFO  ratis.XceiverServerRatis (XceiverServerRatis.java:start(427)) - XceiverServerRatis b7681a11-7eff-4e86-8847-eeb1fccc76a6 is started using port 37762
2019-10-03 08:52:30,907 [Datanode State Machine Thread - 0] INFO  server.XceiverServerGrpc (XceiverServerGrpc.java:start(149)) - XceiverServerGrpc b7681a11-7eff-4e86-8847-eeb1fccc76a6 is started using port 46351
2019-10-03 08:52:30,957 [main] INFO  ozone.MiniOzoneClusterImpl (MiniOzoneClusterImpl.java:lambda$waitForClusterToBeReady$0(147)) - Waiting for cluster to be ready. Got 0 of 7 DN Heartbeats.
2019-10-03 08:52:30,971 [Datanode State Machine Thread - 0] INFO  ozoneimpl.OzoneContainer (OzoneContainer.java:start(217)) - Attempting to start container services.
2019-10-03 08:52:30,971 [Datanode State Machine Thread - 0] INFO  ozoneimpl.OzoneContainer (OzoneContainer.java:startContainerScrub(179)) - Background container scanner has been disabled.
2019-10-03 08:52:30,972 [Datanode State Machine Thread - 0] INFO  ratis.XceiverServerRatis (XceiverServerRatis.java:start(417)) - Starting XceiverServerRatis 91f14bbc-873a-40f2-82e9-5c14abd6bd54 at port 0
2019-10-03 08:52:30,977 [Datanode State Machine Thread - 0] INFO  impl.RaftServerProxy (RaftServerProxy.java:lambda$start$3(299)) - 91f14bbc-873a-40f2-82e9-5c14abd6bd54: start RPC server
2019-10-03 08:52:30,978 [Datanode State Machine Thread - 0] INFO  server.GrpcService (GrpcService.java:startImpl(158)) - 91f14bbc-873a-40f2-82e9-5c14abd6bd54: GrpcService started, listening on 0.0.0.0/0.0.0.0:33119
2019-10-03 08:52:30,978 [Datanode State Machine Thread - 0] INFO  ratis.XceiverServerRatis (XceiverServerRatis.java:start(427)) - XceiverServerRatis 91f14bbc-873a-40f2-82e9-5c14abd6bd54 is started using port 33119
2019-10-03 08:52:30,984 [Datanode State Machine Thread - 0] INFO  server.XceiverServerGrpc (XceiverServerGrpc.java:start(149)) - XceiverServerGrpc 91f14bbc-873a-40f2-82e9-5c14abd6bd54 is started using port 39634
2019-10-03 08:52:31,440 [grpc-default-executor-6] WARN  server.GrpcLogAppender (LogUtils.java:warn(134)) - 44dfefca-9cc0-4191-be09-9e0ba236227c@group-A4E22CE81F32->576c1584-98eb-4342-a4b5-132ff6e862cb-AppendLogResponseHandler: Failed appendEntries: org.apache.ratis.thirdparty.io.grpc.StatusRuntimeException: UNAVAILABLE: io exception
2019-10-03 08:52:31,440 [grpc-default-executor-0] WARN  server.GrpcLogAppender (LogUtils.java:warn(134)) - 44dfefca-9cc0-4191-be09-9e0ba236227c@group-A4E22CE81F32->0fd4a3fd-1acf-4517-a260-f29a17e7fdef-AppendLogResponseHandler: Failed appendEntries: org.apache.ratis.thirdparty.io.grpc.StatusRuntimeException: UNAVAILABLE: io exception
2019-10-03 08:52:31,441 [grpc-default-executor-6] INFO  impl.FollowerInfo (FollowerInfo.java:lambda$new$0(51)) - 44dfefca-9cc0-4191-be09-9e0ba236227c@group-A4E22CE81F32->576c1584-98eb-4342-a4b5-132ff6e862cb: nextIndex: updateUnconditionally 0 -> 0
2019-10-03 08:52:31,441 [grpc-default-executor-0] INFO  impl.FollowerInfo (FollowerInfo.java:lambda$new$0(51)) - 44dfefca-9cc0-4191-be09-9e0ba236227c@group-A4E22CE81F32->0fd4a3fd-1acf-4517-a260-f29a17e7fdef: nextIndex: updateUnconditionally 0 -> 0
2019-10-03 08:52:31,958 [main] INFO  ozone.MiniOzoneClusterImpl (MiniOzoneClusterImpl.java:lambda$waitForClusterToBeReady$0(147)) - Waiting for cluster to be ready. Got 0 of 7 DN Heartbeats.
2019-10-03 08:52:32,407 [IPC Server handler 5 on 34588] INFO  net.NetworkTopology (NetworkTopologyImpl.java:add(111)) - Added a new node: /default-rack/37a86bc3-ee66-42e2-b31f-61e547799e9d
2019-10-03 08:52:32,411 [IPC Server handler 5 on 34588] INFO  node.SCMNodeManager (SCMNodeManager.java:register(266)) - Registered Data node : 37a86bc3-ee66-42e2-b31f-61e547799e9d{ip: 192.168.151.103, host: pr-hdds-2234-ztsc4-2614151736, networkLocation: /default-rack, certSerialId: null}
2019-10-03 08:52:32,412 [EventQueue-NodeRegistrationContainerReportForDataNodeSafeModeRule] INFO  safemode.SCMSafeModeManager (DataNodeSafeModeRule.java:process(71)) - SCM in safe mode. 1 DataNodes registered, 1 required.
2019-10-03 08:52:32,414 [EventQueue-NodeRegistrationContainerReportForDataNodeSafeModeRule] INFO  safemode.SCMSafeModeManager (SCMSafeModeManager.java:validateSafeModeExitRules(177)) - ScmSafeModeManager, all rules are successfully validated
2019-10-03 08:52:32,414 [EventQueue-NodeRegistrationContainerReportForDataNodeSafeModeRule] INFO  safemode.SCMSafeModeManager (SCMSafeModeManager.java:exitSafeMode(193)) - SCM exiting safe mode.
2019-10-03 08:52:32,423 [grpc-default-executor-6] INFO  impl.RaftServerProxy (RaftServerProxy.java:addNew(89)) - 37a86bc3-ee66-42e2-b31f-61e547799e9d: addNew group-CBED116C135F:[37a86bc3-ee66-42e2-b31f-61e547799e9d:192.168.151.103:34166] returns group-CBED116C135F:java.util.concurrent.CompletableFuture@781d3b6e[Not completed]
2019-10-03 08:52:32,424 [pool-383-thread-1] INFO  impl.RaftServerImpl (RaftServerImpl.java:<init>(95)) - 37a86bc3-ee66-42e2-b31f-61e547799e9d: new RaftServerImpl for group-CBED116C135F:[37a86bc3-ee66-42e2-b31f-61e547799e9d:192.168.151.103:34166] with ContainerStateMachine:uninitialized
2019-10-03 08:52:32,424 [pool-383-thread-1] INFO  server.RaftServerConfigKeys (ConfUtils.java:logGet(43)) - raft.server.rpc.timeout.min = 5s (custom)
2019-10-03 08:52:32,425 [pool-383-thread-1] INFO  server.RaftServerConfigKeys (ConfUtils.java:logGet(43)) - raft.server.rpc.timeout.max = 5200ms (custom)
2019-10-03 08:52:32,425 [pool-383-thread-1] INFO  server.RaftServerConfigKeys (ConfUtils.java:logGet(43)) - raft.server.rpcslowness.timeout = 120s (custom)
2019-10-03 08:52:32,425 [pool-383-thread-1] INFO  server.RaftServerConfigKeys (ConfUtils.java:logGet(43)) - raft.server.sleep.deviation.threshold = 300 (default)
2019-10-03 08:52:32,425 [pool-383-thread-1] INFO  server.RaftServerConfigKeys (ConfUtils.java:logGet(43)) - raft.server.log.appender.install.snapshot.enabled = false (custom)
2019-10-03 08:52:32,425 [pool-383-thread-1] INFO  impl.RaftServerImpl (ServerState.java:<init>(103)) - 37a86bc3-ee66-42e2-b31f-61e547799e9d@group-CBED116C135F: ConfigurationManager, init=-1: [37a86bc3-ee66-42e2-b31f-61e547799e9d:192.168.151.103:34166], old=null, confs=<EMPTY_MAP>
2019-10-03 08:52:32,425 [pool-383-thread-1] INFO  server.RaftServerConfigKeys (ConfUtils.java:logGet(43)) - raft.server.storage.dir = [/workdir/hadoop-ozone/integration-test/target/test-dir/MiniOzoneClusterImpl-a1d964ab-5229-4284-9f54-f7c2eb799dd5/datanode-0/data/ratis] (custom)
2019-10-03 08:52:32,425 [pool-383-thread-1] INFO  server.RaftServerConfigKeys (ConfUtils.java:logGet(43)) - raft.server.log.corruption.policy = EXCEPTION (default)
2019-10-03 08:52:32,426 [pool-383-thread-1] INFO  storage.RaftStorageDirectory (RaftStorageDirectory.java:analyzeStorage(246)) - The storage directory /workdir/hadoop-ozone/integration-test/target/test-dir/MiniOzoneClusterImpl-a1d964ab-5229-4284-9f54-f7c2eb799dd5/datanode-0/data/ratis/39e7bee0-6ce8-4cdc-899e-cbed116c135f does not exist. Creating ...
2019-10-03 08:52:32,445 [pool-383-thread-1] INFO  storage.RaftStorageDirectory (RaftStorageDirectory.java:tryLock(328)) - Lock on /workdir/hadoop-ozone/integration-test/target/test-dir/MiniOzoneClusterImpl-a1d964ab-5229-4284-9f54-f7c2eb799dd5/datanode-0/data/ratis/39e7bee0-6ce8-4cdc-899e-cbed116c135f/in_use.lock acquired by nodename 24511@pr-hdds-2234-ztsc4-2614151736
2019-10-03 08:52:32,458 [pool-383-thread-1] INFO  storage.RaftStorage (RaftStorage.java:format(84)) - Storage directory /workdir/hadoop-ozone/integration-test/target/test-dir/MiniOzoneClusterImpl-a1d964ab-5229-4284-9f54-f7c2eb799dd5/datanode-0/data/ratis/39e7bee0-6ce8-4cdc-899e-cbed116c135f has been successfully formatted.
2019-10-03 08:52:32,458 [pool-383-thread-1] INFO  ratis.ContainerStateMachine (ContainerStateMachine.java:loadSnapshot(230)) - group-CBED116C135F: The snapshot info is null. Setting the last applied indexto:(t:0, i:~)
2019-10-03 08:52:32,459 [pool-383-thread-1] INFO  server.RaftServerConfigKeys (ConfUtils.java:logGet(43)) - raft.server.notification.no-leader.timeout = 120s (custom)
2019-10-03 08:52:32,459 [pool-383-thread-1] INFO  server.RaftServerConfigKeys (ConfUtils.java:logGet(43)) - raft.server.log.use.memory = false (default)
2019-10-03 08:52:32,459 [pool-383-thread-1] INFO  server.RaftServerConfigKeys (ConfUtils.java:logGet(43)) - raft.server.log.purge.gap = 1000000 (custom)
2019-10-03 08:52:32,459 [pool-383-thread-1] INFO  server.RaftServerConfigKeys (ConfUtils.java:logGet(43)) - raft.server.log.appender.buffer.byte-limit = 33554432 (custom)
2019-10-03 08:52:32,459 [pool-383-thread-1] INFO  server.RaftServerConfigKeys (ConfUtils.java:logGet(43)) - raft.server.log.segment.size.max = 1048576 (custom)
2019-10-03 08:52:32,461 [pool-383-thread-1] INFO  server.RaftServerConfigKeys (ConfUtils.java:logGet(43)) - raft.server.log.segment.cache.num.max = 2 (custom)
2019-10-03 08:52:32,461 [pool-383-thread-1] INFO  segmented.SegmentedRaftLogWorker (SegmentedRaftLogWorker.java:<init>(173)) - new 37a86bc3-ee66-42e2-b31f-61e547799e9d@group-CBED116C135F-SegmentedRaftLogWorker for RaftStorage:Storage Directory /workdir/hadoop-ozone/integration-test/target/test-dir/MiniOzoneClusterImpl-a1d964ab-5229-4284-9f54-f7c2eb799dd5/datanode-0/data/ratis/39e7bee0-6ce8-4cdc-899e-cbed116c135f
2019-10-03 08:52:32,461 [pool-383-thread-1] INFO  server.RaftServerConfigKeys (ConfUtils.java:logGet(43)) - raft.server.log.queue.byte-limit = 2147483647 (custom)
2019-10-03 08:52:32,462 [pool-383-thread-1] INFO  server.RaftServerConfigKeys (ConfUtils.java:logGet(43)) - raft.server.log.queue.element-limit = 1024 (custom)
2019-10-03 08:52:32,462 [pool-383-thread-1] INFO  server.RaftServerConfigKeys (ConfUtils.java:logGet(43)) - raft.server.log.segment.size.max = 1048576 (custom)
2019-10-03 08:52:32,462 [pool-383-thread-1] INFO  server.RaftServerConfigKeys (ConfUtils.java:logGet(43)) - raft.server.log.preallocated.size = 16384 (custom)
2019-10-03 08:52:32,462 [pool-383-thread-1] INFO  server.RaftServerConfigKeys (ConfUtils.java:logGet(43)) - raft.server.log.write.buffer.size = 33554432 (custom)
2019-10-03 08:52:32,462 [pool-383-thread-1] INFO  server.RaftServerConfigKeys (ConfUtils.java:logGet(43)) - raft.server.log.force.sync.num = 128 (default)
2019-10-03 08:52:32,462 [pool-383-thread-1] INFO  server.RaftServerConfigKeys (ConfUtils.java:logGet(43)) - raft.server.log.statemachine.data.sync = true (default)
2019-10-03 08:52:32,462 [pool-383-thread-1] INFO  server.RaftServerConfigKeys (ConfUtils.java:logGet(43)) - raft.server.log.statemachine.data.sync.timeout = 10s (default)
2019-10-03 08:52:32,463 [pool-383-thread-1] INFO  server.RaftServerConfigKeys (ConfUtils.java:logGet(43)) - raft.server.log.statemachine.data.sync.timeout.retry = -1 (default)
2019-10-03 08:52:32,463 [pool-383-thread-1] INFO  server.RaftServerConfigKeys (ConfUtils.java:logGet(43)) - raft.server.log.statemachine.data.caching.enabled = true (custom)
2019-10-03 08:52:32,463 [pool-383-thread-1] INFO  segmented.SegmentedRaftLogWorker (SegmentedRaftLogWorker.java:lambda$new$0(128)) - 37a86bc3-ee66-42e2-b31f-61e547799e9d@group-CBED116C135F-SegmentedRaftLogWorker: flushIndex: setUnconditionally 0 -> -1
2019-10-03 08:52:32,464 [pool-383-thread-1] INFO  server.RaftServerConfigKeys (ConfUtils.java:logGet(43)) - raft.server.snapshot.auto.trigger.enabled = true (custom)
2019-10-03 08:52:32,464 [pool-383-thread-1] INFO  server.RaftServerConfigKeys (ConfUtils.java:logGet(43)) - raft.server.snapshot.auto.trigger.threshold = 10000 (custom)
2019-10-03 08:52:32,464 [pool-383-thread-1] INFO  server.RaftServerConfigKeys (ConfUtils.java:logGet(43)) - raft.server.snapshot.retention.file.num = 5 (custom)
2019-10-03 08:52:32,464 [pool-383-thread-1] INFO  server.RaftServerConfigKeys (ConfUtils.java:logGet(43)) - raft.server.retrycache.expirytime = 600000ms (custom)
2019-10-03 08:52:32,466 [pool-383-thread-1] INFO  impl.RaftServerImpl (RaftServerImpl.java:start(181)) - 37a86bc3-ee66-42e2-b31f-61e547799e9d@group-CBED116C135F: start as a follower, conf=-1: [37a86bc3-ee66-42e2-b31f-61e547799e9d:192.168.151.103:34166], old=null
2019-10-03 08:52:32,466 [pool-383-thread-1] INFO  impl.RaftServerImpl (RaftServerImpl.java:setRole(170)) - 37a86bc3-ee66-42e2-b31f-61e547799e9d@group-CBED116C135F: changes role from      null to FOLLOWER at term 0 for startAsFollower
2019-10-03 08:52:32,466 [pool-383-thread-1] INFO  impl.RoleInfo (RoleInfo.java:updateAndGet(143)) - 37a86bc3-ee66-42e2-b31f-61e547799e9d: start FollowerState
2019-10-03 08:52:32,466 [pool-383-thread-1] INFO  util.JmxRegister (JmxRegister.java:tryRegister(44)) - Successfully registered JMX Bean with object name Ratis:service=RaftServer,group=group-CBED116C135F,id=37a86bc3-ee66-42e2-b31f-61e547799e9d
2019-10-03 08:52:32,471 [RatisPipelineUtilsThread] INFO  pipeline.PipelineStateManager (PipelineStateManager.java:addPipeline(56)) - Created pipeline Pipeline[ Id: 39e7bee0-6ce8-4cdc-899e-cbed116c135f, Nodes: 37a86bc3-ee66-42e2-b31f-61e547799e9d{ip: 192.168.151.103, host: pr-hdds-2234-ztsc4-2614151736, networkLocation: /default-rack, certSerialId: null}, Type:RATIS, Factor:ONE, State:OPEN]
2019-10-03 08:52:32,486 [IPC Server handler 6 on 34588] INFO  net.NetworkTopology (NetworkTopologyImpl.java:add(111)) - Added a new node: /default-rack/fb9d8d31-1158-43be-bca0-309b68a92c58
2019-10-03 08:52:32,487 [IPC Server handler 6 on 34588] INFO  node.SCMNodeManager (SCMNodeManager.java:register(266)) - Registered Data node : fb9d8d31-1158-43be-bca0-309b68a92c58{ip: 192.168.151.103, host: pr-hdds-2234-ztsc4-2614151736, networkLocation: /default-rack, certSerialId: null}
2019-10-03 08:52:32,495 [grpc-default-executor-6] INFO  impl.RaftServerProxy (RaftServerProxy.java:addNew(89)) - fb9d8d31-1158-43be-bca0-309b68a92c58: addNew group-D7062F04B5C7:[fb9d8d31-1158-43be-bca0-309b68a92c58:192.168.151.103:43760] returns group-D7062F04B5C7:java.util.concurrent.CompletableFuture@6ebb1e92[Not completed]
2019-10-03 08:52:32,496 [pool-393-thread-1] INFO  impl.RaftServerImpl (RaftServerImpl.java:<init>(95)) - fb9d8d31-1158-43be-bca0-309b68a92c58: new RaftServerImpl for group-D7062F04B5C7:[fb9d8d31-1158-43be-bca0-309b68a92c58:192.168.151.103:43760] with ContainerStateMachine:uninitialized
2019-10-03 08:52:32,497 [pool-393-thread-1] INFO  server.RaftServerConfigKeys (ConfUtils.java:logGet(43)) - raft.server.rpc.timeout.min = 5s (custom)
2019-10-03 08:52:32,497 [pool-393-thread-1] INFO  server.RaftServerConfigKeys (ConfUtils.java:logGet(43)) - raft.server.rpc.timeout.max = 5200ms (custom)
2019-10-03 08:52:32,497 [pool-393-thread-1] INFO  server.RaftServerConfigKeys (ConfUtils.java:logGet(43)) - raft.server.rpcslowness.timeout = 120s (custom)
2019-10-03 08:52:32,497 [pool-393-thread-1] INFO  server.RaftServerConfigKeys (ConfUtils.java:logGet(43)) - raft.server.sleep.deviation.threshold = 300 (default)
2019-10-03 08:52:32,497 [pool-393-thread-1] INFO  server.RaftServerConfigKeys (ConfUtils.java:logGet(43)) - raft.server.log.appender.install.snapshot.enabled = false (custom)
2019-10-03 08:52:32,497 [pool-393-thread-1] INFO  impl.RaftServerImpl (ServerState.java:<init>(103)) - fb9d8d31-1158-43be-bca0-309b68a92c58@group-D7062F04B5C7: ConfigurationManager, init=-1: [fb9d8d31-1158-43be-bca0-309b68a92c58:192.168.151.103:43760], old=null, confs=<EMPTY_MAP>
2019-10-03 08:52:32,497 [pool-393-thread-1] INFO  server.RaftServerConfigKeys (ConfUtils.java:logGet(43)) - raft.server.storage.dir = [/workdir/hadoop-ozone/integration-test/target/test-dir/MiniOzoneClusterImpl-a1d964ab-5229-4284-9f54-f7c2eb799dd5/datanode-1/data/ratis] (custom)
2019-10-03 08:52:32,498 [pool-393-thread-1] INFO  server.RaftServerConfigKeys (ConfUtils.java:logGet(43)) - raft.server.log.corruption.policy = EXCEPTION (default)
2019-10-03 08:52:32,498 [pool-393-thread-1] INFO  storage.RaftStorageDirectory (RaftStorageDirectory.java:analyzeStorage(246)) - The storage directory /workdir/hadoop-ozone/integration-test/target/test-dir/MiniOzoneClusterImpl-a1d964ab-5229-4284-9f54-f7c2eb799dd5/datanode-1/data/ratis/f6558515-ad3f-4155-b877-d7062f04b5c7 does not exist. Creating ...
2019-10-03 08:52:32,522 [pool-393-thread-1] INFO  storage.RaftStorageDirectory (RaftStorageDirectory.java:tryLock(328)) - Lock on /workdir/hadoop-ozone/integration-test/target/test-dir/MiniOzoneClusterImpl-a1d964ab-5229-4284-9f54-f7c2eb799dd5/datanode-1/data/ratis/f6558515-ad3f-4155-b877-d7062f04b5c7/in_use.lock acquired by nodename 24511@pr-hdds-2234-ztsc4-2614151736
2019-10-03 08:52:32,535 [pool-393-thread-1] INFO  storage.RaftStorage (RaftStorage.java:format(84)) - Storage directory /workdir/hadoop-ozone/integration-test/target/test-dir/MiniOzoneClusterImpl-a1d964ab-5229-4284-9f54-f7c2eb799dd5/datanode-1/data/ratis/f6558515-ad3f-4155-b877-d7062f04b5c7 has been successfully formatted.
2019-10-03 08:52:32,535 [pool-393-thread-1] INFO  ratis.ContainerStateMachine (ContainerStateMachine.java:loadSnapshot(230)) - group-D7062F04B5C7: The snapshot info is null. Setting the last applied indexto:(t:0, i:~)
2019-10-03 08:52:32,535 [pool-393-thread-1] INFO  server.RaftServerConfigKeys (ConfUtils.java:logGet(43)) - raft.server.notification.no-leader.timeout = 120s (custom)
2019-10-03 08:52:32,535 [pool-393-thread-1] INFO  server.RaftServerConfigKeys (ConfUtils.java:logGet(43)) - raft.server.log.use.memory = false (default)
2019-10-03 08:52:32,536 [pool-393-thread-1] INFO  server.RaftServerConfigKeys (ConfUtils.java:logGet(43)) - raft.server.log.purge.gap = 1000000 (custom)
2019-10-03 08:52:32,536 [pool-393-thread-1] INFO  server.RaftServerConfigKeys (ConfUtils.java:logGet(43)) - raft.server.log.appender.buffer.byte-limit = 33554432 (custom)
2019-10-03 08:52:32,536 [pool-393-thread-1] INFO  server.RaftServerConfigKeys (ConfUtils.java:logGet(43)) - raft.server.log.segment.size.max = 1048576 (custom)
2019-10-03 08:52:32,537 [pool-393-thread-1] INFO  server.RaftServerConfigKeys (ConfUtils.java:logGet(43)) - raft.server.log.segment.cache.num.max = 2 (custom)
2019-10-03 08:52:32,537 [pool-393-thread-1] INFO  segmented.SegmentedRaftLogWorker (SegmentedRaftLogWorker.java:<init>(173)) - new fb9d8d31-1158-43be-bca0-309b68a92c58@group-D7062F04B5C7-SegmentedRaftLogWorker for RaftStorage:Storage Directory /workdir/hadoop-ozone/integration-test/target/test-dir/MiniOzoneClusterImpl-a1d964ab-5229-4284-9f54-f7c2eb799dd5/datanode-1/data/ratis/f6558515-ad3f-4155-b877-d7062f04b5c7
2019-10-03 08:52:32,538 [pool-393-thread-1] INFO  server.RaftServerConfigKeys (ConfUtils.java:logGet(43)) - raft.server.log.queue.byte-limit = 2147483647 (custom)
2019-10-03 08:52:32,538 [pool-393-thread-1] INFO  server.RaftServerConfigKeys (ConfUtils.java:logGet(43)) - raft.server.log.queue.element-limit = 1024 (custom)
2019-10-03 08:52:32,538 [pool-393-thread-1] INFO  server.RaftServerConfigKeys (ConfUtils.java:logGet(43)) - raft.server.log.segment.size.max = 1048576 (custom)
2019-10-03 08:52:32,538 [pool-393-thread-1] INFO  server.RaftServerConfigKeys (ConfUtils.java:logGet(43)) - raft.server.log.preallocated.size = 16384 (custom)
2019-10-03 08:52:32,538 [pool-393-thread-1] INFO  server.RaftServerConfigKeys (ConfUtils.java:logGet(43)) - raft.server.log.write.buffer.size = 33554432 (custom)
2019-10-03 08:52:32,538 [pool-393-thread-1] INFO  server.RaftServerConfigKeys (ConfUtils.java:logGet(43)) - raft.server.log.force.sync.num = 128 (default)
2019-10-03 08:52:32,538 [pool-393-thread-1] INFO  server.RaftServerConfigKeys (ConfUtils.java:logGet(43)) - raft.server.log.statemachine.data.sync = true (default)
2019-10-03 08:52:32,538 [pool-393-thread-1] INFO  server.RaftServerConfigKeys (ConfUtils.java:logGet(43)) - raft.server.log.statemachine.data.sync.timeout = 10s (default)
2019-10-03 08:52:32,539 [pool-393-thread-1] INFO  server.RaftServerConfigKeys (ConfUtils.java:logGet(43)) - raft.server.log.statemachine.data.sync.timeout.retry = -1 (default)
2019-10-03 08:52:32,539 [pool-393-thread-1] INFO  server.RaftServerConfigKeys (ConfUtils.java:logGet(43)) - raft.server.log.statemachine.data.caching.enabled = true (custom)
2019-10-03 08:52:32,539 [pool-393-thread-1] INFO  segmented.SegmentedRaftLogWorker (SegmentedRaftLogWorker.java:lambda$new$0(128)) - fb9d8d31-1158-43be-bca0-309b68a92c58@group-D7062F04B5C7-SegmentedRaftLogWorker: flushIndex: setUnconditionally 0 -> -1
2019-10-03 08:52:32,539 [pool-393-thread-1] INFO  server.RaftServerConfigKeys (ConfUtils.java:logGet(43)) - raft.server.snapshot.auto.trigger.enabled = true (custom)
2019-10-03 08:52:32,540 [pool-393-thread-1] INFO  server.RaftServerConfigKeys (ConfUtils.java:logGet(43)) - raft.server.snapshot.auto.trigger.threshold = 10000 (custom)
2019-10-03 08:52:32,540 [pool-393-thread-1] INFO  server.RaftServerConfigKeys (ConfUtils.java:logGet(43)) - raft.server.snapshot.retention.file.num = 5 (custom)
2019-10-03 08:52:32,540 [pool-393-thread-1] INFO  server.RaftServerConfigKeys (ConfUtils.java:logGet(43)) - raft.server.retrycache.expirytime = 600000ms (custom)
2019-10-03 08:52:32,541 [pool-393-thread-1] INFO  impl.RaftServerImpl (RaftServerImpl.java:start(181)) - fb9d8d31-1158-43be-bca0-309b68a92c58@group-D7062F04B5C7: start as a follower, conf=-1: [fb9d8d31-1158-43be-bca0-309b68a92c58:192.168.151.103:43760], old=null
2019-10-03 08:52:32,541 [pool-393-thread-1] INFO  impl.RaftServerImpl (RaftServerImpl.java:setRole(170)) - fb9d8d31-1158-43be-bca0-309b68a92c58@group-D7062F04B5C7: changes role from      null to FOLLOWER at term 0 for startAsFollower
2019-10-03 08:52:32,541 [pool-393-thread-1] INFO  impl.RoleInfo (RoleInfo.java:updateAndGet(143)) - fb9d8d31-1158-43be-bca0-309b68a92c58: start FollowerState
2019-10-03 08:52:32,542 [pool-393-thread-1] INFO  util.JmxRegister (JmxRegister.java:tryRegister(44)) - Successfully registered JMX Bean with object name Ratis:service=RaftServer,group=group-D7062F04B5C7,id=fb9d8d31-1158-43be-bca0-309b68a92c58
2019-10-03 08:52:32,546 [RatisPipelineUtilsThread] INFO  pipeline.PipelineStateManager (PipelineStateManager.java:addPipeline(56)) - Created pipeline Pipeline[ Id: f6558515-ad3f-4155-b877-d7062f04b5c7, Nodes: fb9d8d31-1158-43be-bca0-309b68a92c58{ip: 192.168.151.103, host: pr-hdds-2234-ztsc4-2614151736, networkLocation: /default-rack, certSerialId: null}, Type:RATIS, Factor:ONE, State:OPEN]
2019-10-03 08:52:32,584 [IPC Server handler 10 on 34588] INFO  net.NetworkTopology (NetworkTopologyImpl.java:add(111)) - Added a new node: /default-rack/7d0487b2-1fed-4ff6-bf59-fa965eb990c9
2019-10-03 08:52:32,585 [IPC Server handler 10 on 34588] INFO  node.SCMNodeManager (SCMNodeManager.java:register(266)) - Registered Data node : 7d0487b2-1fed-4ff6-bf59-fa965eb990c9{ip: 192.168.151.103, host: pr-hdds-2234-ztsc4-2614151736, networkLocation: /default-rack, certSerialId: null}
2019-10-03 08:52:32,596 [grpc-default-executor-6] INFO  impl.RaftServerProxy (RaftServerProxy.java:addNew(89)) - 7d0487b2-1fed-4ff6-bf59-fa965eb990c9: addNew group-6685CC750A03:[7d0487b2-1fed-4ff6-bf59-fa965eb990c9:192.168.151.103:40461] returns group-6685CC750A03:java.util.concurrent.CompletableFuture@18236756[Not completed]
2019-10-03 08:52:32,597 [pool-403-thread-1] INFO  impl.RaftServerImpl (RaftServerImpl.java:<init>(95)) - 7d0487b2-1fed-4ff6-bf59-fa965eb990c9: new RaftServerImpl for group-6685CC750A03:[7d0487b2-1fed-4ff6-bf59-fa965eb990c9:192.168.151.103:40461] with ContainerStateMachine:uninitialized
2019-10-03 08:52:32,598 [pool-403-thread-1] INFO  server.RaftServerConfigKeys (ConfUtils.java:logGet(43)) - raft.server.rpc.timeout.min = 5s (custom)
2019-10-03 08:52:32,598 [pool-403-thread-1] INFO  server.RaftServerConfigKeys (ConfUtils.java:logGet(43)) - raft.server.rpc.timeout.max = 5200ms (custom)
2019-10-03 08:52:32,598 [pool-403-thread-1] INFO  server.RaftServerConfigKeys (ConfUtils.java:logGet(43)) - raft.server.rpcslowness.timeout = 120s (custom)
2019-10-03 08:52:32,598 [pool-403-thread-1] INFO  server.RaftServerConfigKeys (ConfUtils.java:logGet(43)) - raft.server.sleep.deviation.threshold = 300 (default)
2019-10-03 08:52:32,598 [pool-403-thread-1] INFO  server.RaftServerConfigKeys (ConfUtils.java:logGet(43)) - raft.server.log.appender.install.snapshot.enabled = false (custom)
2019-10-03 08:52:32,598 [pool-403-thread-1] INFO  impl.RaftServerImpl (ServerState.java:<init>(103)) - 7d0487b2-1fed-4ff6-bf59-fa965eb990c9@group-6685CC750A03: ConfigurationManager, init=-1: [7d0487b2-1fed-4ff6-bf59-fa965eb990c9:192.168.151.103:40461], old=null, confs=<EMPTY_MAP>
2019-10-03 08:52:32,598 [pool-403-thread-1] INFO  server.RaftServerConfigKeys (ConfUtils.java:logGet(43)) - raft.server.storage.dir = [/workdir/hadoop-ozone/integration-test/target/test-dir/MiniOzoneClusterImpl-a1d964ab-5229-4284-9f54-f7c2eb799dd5/datanode-2/data/ratis] (custom)
2019-10-03 08:52:32,599 [pool-403-thread-1] INFO  server.RaftServerConfigKeys (ConfUtils.java:logGet(43)) - raft.server.log.corruption.policy = EXCEPTION (default)
2019-10-03 08:52:32,599 [pool-403-thread-1] INFO  storage.RaftStorageDirectory (RaftStorageDirectory.java:analyzeStorage(246)) - The storage directory /workdir/hadoop-ozone/integration-test/target/test-dir/MiniOzoneClusterImpl-a1d964ab-5229-4284-9f54-f7c2eb799dd5/datanode-2/data/ratis/39b354d2-91bc-4ef2-beb3-6685cc750a03 does not exist. Creating ...
2019-10-03 08:52:32,619 [pool-403-thread-1] INFO  storage.RaftStorageDirectory (RaftStorageDirectory.java:tryLock(328)) - Lock on /workdir/hadoop-ozone/integration-test/target/test-dir/MiniOzoneClusterImpl-a1d964ab-5229-4284-9f54-f7c2eb799dd5/datanode-2/data/ratis/39b354d2-91bc-4ef2-beb3-6685cc750a03/in_use.lock acquired by nodename 24511@pr-hdds-2234-ztsc4-2614151736
2019-10-03 08:52:32,631 [pool-403-thread-1] INFO  storage.RaftStorage (RaftStorage.java:format(84)) - Storage directory /workdir/hadoop-ozone/integration-test/target/test-dir/MiniOzoneClusterImpl-a1d964ab-5229-4284-9f54-f7c2eb799dd5/datanode-2/data/ratis/39b354d2-91bc-4ef2-beb3-6685cc750a03 has been successfully formatted.
2019-10-03 08:52:32,632 [pool-403-thread-1] INFO  ratis.ContainerStateMachine (ContainerStateMachine.java:loadSnapshot(230)) - group-6685CC750A03: The snapshot info is null. Setting the last applied indexto:(t:0, i:~)
2019-10-03 08:52:32,632 [pool-403-thread-1] INFO  server.RaftServerConfigKeys (ConfUtils.java:logGet(43)) - raft.server.notification.no-leader.timeout = 120s (custom)
2019-10-03 08:52:32,632 [pool-403-thread-1] INFO  server.RaftServerConfigKeys (ConfUtils.java:logGet(43)) - raft.server.log.use.memory = false (default)
2019-10-03 08:52:32,632 [pool-403-thread-1] INFO  server.RaftServerConfigKeys (ConfUtils.java:logGet(43)) - raft.server.log.purge.gap = 1000000 (custom)
2019-10-03 08:52:32,632 [pool-403-thread-1] INFO  server.RaftServerConfigKeys (ConfUtils.java:logGet(43)) - raft.server.log.appender.buffer.byte-limit = 33554432 (custom)
2019-10-03 08:52:32,632 [pool-403-thread-1] INFO  server.RaftServerConfigKeys (ConfUtils.java:logGet(43)) - raft.server.log.segment.size.max = 1048576 (custom)
2019-10-03 08:52:32,634 [pool-403-thread-1] INFO  server.RaftServerConfigKeys (ConfUtils.java:logGet(43)) - raft.server.log.segment.cache.num.max = 2 (custom)
2019-10-03 08:52:32,634 [pool-403-thread-1] INFO  segmented.SegmentedRaftLogWorker (SegmentedRaftLogWorker.java:<init>(173)) - new 7d0487b2-1fed-4ff6-bf59-fa965eb990c9@group-6685CC750A03-SegmentedRaftLogWorker for RaftStorage:Storage Directory /workdir/hadoop-ozone/integration-test/target/test-dir/MiniOzoneClusterImpl-a1d964ab-5229-4284-9f54-f7c2eb799dd5/datanode-2/data/ratis/39b354d2-91bc-4ef2-beb3-6685cc750a03
2019-10-03 08:52:32,634 [pool-403-thread-1] INFO  server.RaftServerConfigKeys (ConfUtils.java:logGet(43)) - raft.server.log.queue.byte-limit = 2147483647 (custom)
2019-10-03 08:52:32,635 [pool-403-thread-1] INFO  server.RaftServerConfigKeys (ConfUtils.java:logGet(43)) - raft.server.log.queue.element-limit = 1024 (custom)
2019-10-03 08:52:32,635 [pool-403-thread-1] INFO  server.RaftServerConfigKeys (ConfUtils.java:logGet(43)) - raft.server.log.segment.size.max = 1048576 (custom)
2019-10-03 08:52:32,635 [pool-403-thread-1] INFO  server.RaftServerConfigKeys (ConfUtils.java:logGet(43)) - raft.server.log.preallocated.size = 16384 (custom)
2019-10-03 08:52:32,635 [pool-403-thread-1] INFO  server.RaftServerConfigKeys (ConfUtils.java:logGet(43)) - raft.server.log.write.buffer.size = 33554432 (custom)
2019-10-03 08:52:32,635 [pool-403-thread-1] INFO  server.RaftServerConfigKeys (ConfUtils.java:logGet(43)) - raft.server.log.force.sync.num = 128 (default)
2019-10-03 08:52:32,635 [pool-403-thread-1] INFO  server.RaftServerConfigKeys (ConfUtils.java:logGet(43)) - raft.server.log.statemachine.data.sync = true (default)
2019-10-03 08:52:32,635 [pool-403-thread-1] INFO  server.RaftServerConfigKeys (ConfUtils.java:logGet(43)) - raft.server.log.statemachine.data.sync.timeout = 10s (default)
2019-10-03 08:52:32,635 [pool-403-thread-1] INFO  server.RaftServerConfigKeys (ConfUtils.java:logGet(43)) - raft.server.log.statemachine.data.sync.timeout.retry = -1 (default)
2019-10-03 08:52:32,636 [pool-403-thread-1] INFO  server.RaftServerConfigKeys (ConfUtils.java:logGet(43)) - raft.server.log.statemachine.data.caching.enabled = true (custom)
2019-10-03 08:52:32,636 [pool-403-thread-1] INFO  segmented.SegmentedRaftLogWorker (SegmentedRaftLogWorker.java:lambda$new$0(128)) - 7d0487b2-1fed-4ff6-bf59-fa965eb990c9@group-6685CC750A03-SegmentedRaftLogWorker: flushIndex: setUnconditionally 0 -> -1
2019-10-03 08:52:32,636 [pool-403-thread-1] INFO  server.RaftServerConfigKeys (ConfUtils.java:logGet(43)) - raft.server.snapshot.auto.trigger.enabled = true (custom)
2019-10-03 08:52:32,636 [pool-403-thread-1] INFO  server.RaftServerConfigKeys (ConfUtils.java:logGet(43)) - raft.server.snapshot.auto.trigger.threshold = 10000 (custom)
2019-10-03 08:52:32,636 [pool-403-thread-1] INFO  server.RaftServerConfigKeys (ConfUtils.java:logGet(43)) - raft.server.snapshot.retention.file.num = 5 (custom)
2019-10-03 08:52:32,637 [pool-403-thread-1] INFO  server.RaftServerConfigKeys (ConfUtils.java:logGet(43)) - raft.server.retrycache.expirytime = 600000ms (custom)
2019-10-03 08:52:32,638 [pool-403-thread-1] INFO  impl.RaftServerImpl (RaftServerImpl.java:start(181)) - 7d0487b2-1fed-4ff6-bf59-fa965eb990c9@group-6685CC750A03: start as a follower, conf=-1: [7d0487b2-1fed-4ff6-bf59-fa965eb990c9:192.168.151.103:40461], old=null
2019-10-03 08:52:32,638 [pool-403-thread-1] INFO  impl.RaftServerImpl (RaftServerImpl.java:setRole(170)) - 7d0487b2-1fed-4ff6-bf59-fa965eb990c9@group-6685CC750A03: changes role from      null to FOLLOWER at term 0 for startAsFollower
2019-10-03 08:52:32,638 [pool-403-thread-1] INFO  impl.RoleInfo (RoleInfo.java:updateAndGet(143)) - 7d0487b2-1fed-4ff6-bf59-fa965eb990c9: start FollowerState
2019-10-03 08:52:32,639 [pool-403-thread-1] INFO  util.JmxRegister (JmxRegister.java:tryRegister(44)) - Successfully registered JMX Bean with object name Ratis:service=RaftServer,group=group-6685CC750A03,id=7d0487b2-1fed-4ff6-bf59-fa965eb990c9
2019-10-03 08:52:32,643 [RatisPipelineUtilsThread] INFO  pipeline.PipelineStateManager (PipelineStateManager.java:addPipeline(56)) - Created pipeline Pipeline[ Id: 39b354d2-91bc-4ef2-beb3-6685cc750a03, Nodes: 7d0487b2-1fed-4ff6-bf59-fa965eb990c9{ip: 192.168.151.103, host: pr-hdds-2234-ztsc4-2614151736, networkLocation: /default-rack, certSerialId: null}, Type:RATIS, Factor:ONE, State:OPEN]
2019-10-03 08:52:32,656 [grpc-default-executor-0] INFO  impl.RaftServerProxy (RaftServerProxy.java:addNew(89)) - 37a86bc3-ee66-42e2-b31f-61e547799e9d: addNew group-D25D6AE26331:[7d0487b2-1fed-4ff6-bf59-fa965eb990c9:192.168.151.103:40461, fb9d8d31-1158-43be-bca0-309b68a92c58:192.168.151.103:43760, 37a86bc3-ee66-42e2-b31f-61e547799e9d:192.168.151.103:34166] returns group-D25D6AE26331:java.util.concurrent.CompletableFuture@37c08bd7[Not completed]
2019-10-03 08:52:32,657 [grpc-default-executor-0] INFO  impl.RaftServerProxy (RaftServerProxy.java:addNew(89)) - 7d0487b2-1fed-4ff6-bf59-fa965eb990c9: addNew group-D25D6AE26331:[7d0487b2-1fed-4ff6-bf59-fa965eb990c9:192.168.151.103:40461, fb9d8d31-1158-43be-bca0-309b68a92c58:192.168.151.103:43760, 37a86bc3-ee66-42e2-b31f-61e547799e9d:192.168.151.103:34166] returns group-D25D6AE26331:java.util.concurrent.CompletableFuture@1df04b8[Not completed]
2019-10-03 08:52:32,657 [pool-383-thread-1] INFO  impl.RaftServerImpl (RaftServerImpl.java:<init>(95)) - 37a86bc3-ee66-42e2-b31f-61e547799e9d: new RaftServerImpl for group-D25D6AE26331:[7d0487b2-1fed-4ff6-bf59-fa965eb990c9:192.168.151.103:40461, fb9d8d31-1158-43be-bca0-309b68a92c58:192.168.151.103:43760, 37a86bc3-ee66-42e2-b31f-61e547799e9d:192.168.151.103:34166] with ContainerStateMachine:uninitialized
2019-10-03 08:52:32,657 [grpc-default-executor-0] INFO  impl.RaftServerProxy (RaftServerProxy.java:addNew(89)) - fb9d8d31-1158-43be-bca0-309b68a92c58: addNew group-D25D6AE26331:[7d0487b2-1fed-4ff6-bf59-fa965eb990c9:192.168.151.103:40461, fb9d8d31-1158-43be-bca0-309b68a92c58:192.168.151.103:43760, 37a86bc3-ee66-42e2-b31f-61e547799e9d:192.168.151.103:34166] returns group-D25D6AE26331:java.util.concurrent.CompletableFuture@552789c1[Not completed]
2019-10-03 08:52:32,657 [pool-383-thread-1] INFO  server.RaftServerConfigKeys (ConfUtils.java:logGet(43)) - raft.server.rpc.timeout.min = 5s (custom)
2019-10-03 08:52:32,658 [pool-383-thread-1] INFO  server.RaftServerConfigKeys (ConfUtils.java:logGet(43)) - raft.server.rpc.timeout.max = 5200ms (custom)
2019-10-03 08:52:32,658 [pool-403-thread-1] INFO  impl.RaftServerImpl (RaftServerImpl.java:<init>(95)) - 7d0487b2-1fed-4ff6-bf59-fa965eb990c9: new RaftServerImpl for group-D25D6AE26331:[7d0487b2-1fed-4ff6-bf59-fa965eb990c9:192.168.151.103:40461, fb9d8d31-1158-43be-bca0-309b68a92c58:192.168.151.103:43760, 37a86bc3-ee66-42e2-b31f-61e547799e9d:192.168.151.103:34166] with ContainerStateMachine:uninitialized
2019-10-03 08:52:32,658 [pool-383-thread-1] INFO  server.RaftServerConfigKeys (ConfUtils.java:logGet(43)) - raft.server.rpcslowness.timeout = 120s (custom)
2019-10-03 08:52:32,658 [pool-403-thread-1] INFO  server.RaftServerConfigKeys (ConfUtils.java:logGet(43)) - raft.server.rpc.timeout.min = 5s (custom)
2019-10-03 08:52:32,658 [pool-383-thread-1] INFO  server.RaftServerConfigKeys (ConfUtils.java:logGet(43)) - raft.server.sleep.deviation.threshold = 300 (default)
2019-10-03 08:52:32,659 [pool-403-thread-1] INFO  server.RaftServerConfigKeys (ConfUtils.java:logGet(43)) - raft.server.rpc.timeout.max = 5200ms (custom)
2019-10-03 08:52:32,659 [pool-383-thread-1] INFO  server.RaftServerConfigKeys (ConfUtils.java:logGet(43)) - raft.server.log.appender.install.snapshot.enabled = false (custom)
2019-10-03 08:52:32,659 [pool-403-thread-1] INFO  server.RaftServerConfigKeys (ConfUtils.java:logGet(43)) - raft.server.rpcslowness.timeout = 120s (custom)
2019-10-03 08:52:32,659 [pool-393-thread-1] INFO  impl.RaftServerImpl (RaftServerImpl.java:<init>(95)) - fb9d8d31-1158-43be-bca0-309b68a92c58: new RaftServerImpl for group-D25D6AE26331:[7d0487b2-1fed-4ff6-bf59-fa965eb990c9:192.168.151.103:40461, fb9d8d31-1158-43be-bca0-309b68a92c58:192.168.151.103:43760, 37a86bc3-ee66-42e2-b31f-61e547799e9d:192.168.151.103:34166] with ContainerStateMachine:uninitialized
2019-10-03 08:52:32,659 [pool-383-thread-1] INFO  impl.RaftServerImpl (ServerState.java:<init>(103)) - 37a86bc3-ee66-42e2-b31f-61e547799e9d@group-D25D6AE26331: ConfigurationManager, init=-1: [7d0487b2-1fed-4ff6-bf59-fa965eb990c9:192.168.151.103:40461, fb9d8d31-1158-43be-bca0-309b68a92c58:192.168.151.103:43760, 37a86bc3-ee66-42e2-b31f-61e547799e9d:192.168.151.103:34166], old=null, confs=<EMPTY_MAP>
2019-10-03 08:52:32,659 [pool-393-thread-1] INFO  server.RaftServerConfigKeys (ConfUtils.java:logGet(43)) - raft.server.rpc.timeout.min = 5s (custom)
2019-10-03 08:52:32,659 [pool-403-thread-1] INFO  server.RaftServerConfigKeys (ConfUtils.java:logGet(43)) - raft.server.sleep.deviation.threshold = 300 (default)
2019-10-03 08:52:32,660 [pool-393-thread-1] INFO  server.RaftServerConfigKeys (ConfUtils.java:logGet(43)) - raft.server.rpc.timeout.max = 5200ms (custom)
2019-10-03 08:52:32,660 [pool-383-thread-1] INFO  server.RaftServerConfigKeys (ConfUtils.java:logGet(43)) - raft.server.storage.dir = [/workdir/hadoop-ozone/integration-test/target/test-dir/MiniOzoneClusterImpl-a1d964ab-5229-4284-9f54-f7c2eb799dd5/datanode-0/data/ratis] (custom)
2019-10-03 08:52:32,660 [pool-393-thread-1] INFO  server.RaftServerConfigKeys (ConfUtils.java:logGet(43)) - raft.server.rpcslowness.timeout = 120s (custom)
2019-10-03 08:52:32,660 [pool-403-thread-1] INFO  server.RaftServerConfigKeys (ConfUtils.java:logGet(43)) - raft.server.log.appender.install.snapshot.enabled = false (custom)
2019-10-03 08:52:32,660 [pool-383-thread-1] INFO  server.RaftServerConfigKeys (ConfUtils.java:logGet(43)) - raft.server.log.corruption.policy = EXCEPTION (default)
2019-10-03 08:52:32,660 [pool-393-thread-1] INFO  server.RaftServerConfigKeys (ConfUtils.java:logGet(43)) - raft.server.sleep.deviation.threshold = 300 (default)
2019-10-03 08:52:32,661 [pool-383-thread-1] INFO  storage.RaftStorageDirectory (RaftStorageDirectory.java:analyzeStorage(246)) - The storage directory /workdir/hadoop-ozone/integration-test/target/test-dir/MiniOzoneClusterImpl-a1d964ab-5229-4284-9f54-f7c2eb799dd5/datanode-0/data/ratis/0d99e74a-6523-41d3-a93c-d25d6ae26331 does not exist. Creating ...
2019-10-03 08:52:32,660 [pool-403-thread-1] INFO  impl.RaftServerImpl (ServerState.java:<init>(103)) - 7d0487b2-1fed-4ff6-bf59-fa965eb990c9@group-D25D6AE26331: ConfigurationManager, init=-1: [7d0487b2-1fed-4ff6-bf59-fa965eb990c9:192.168.151.103:40461, fb9d8d31-1158-43be-bca0-309b68a92c58:192.168.151.103:43760, 37a86bc3-ee66-42e2-b31f-61e547799e9d:192.168.151.103:34166], old=null, confs=<EMPTY_MAP>
2019-10-03 08:52:32,661 [pool-393-thread-1] INFO  server.RaftServerConfigKeys (ConfUtils.java:logGet(43)) - raft.server.log.appender.install.snapshot.enabled = false (custom)
2019-10-03 08:52:32,661 [pool-403-thread-1] INFO  server.RaftServerConfigKeys (ConfUtils.java:logGet(43)) - raft.server.storage.dir = [/workdir/hadoop-ozone/integration-test/target/test-dir/MiniOzoneClusterImpl-a1d964ab-5229-4284-9f54-f7c2eb799dd5/datanode-2/data/ratis] (custom)
2019-10-03 08:52:32,661 [pool-393-thread-1] INFO  impl.RaftServerImpl (ServerState.java:<init>(103)) - fb9d8d31-1158-43be-bca0-309b68a92c58@group-D25D6AE26331: ConfigurationManager, init=-1: [7d0487b2-1fed-4ff6-bf59-fa965eb990c9:192.168.151.103:40461, fb9d8d31-1158-43be-bca0-309b68a92c58:192.168.151.103:43760, 37a86bc3-ee66-42e2-b31f-61e547799e9d:192.168.151.103:34166], old=null, confs=<EMPTY_MAP>
2019-10-03 08:52:32,661 [pool-403-thread-1] INFO  server.RaftServerConfigKeys (ConfUtils.java:logGet(43)) - raft.server.log.corruption.policy = EXCEPTION (default)
2019-10-03 08:52:32,661 [pool-393-thread-1] INFO  server.RaftServerConfigKeys (ConfUtils.java:logGet(43)) - raft.server.storage.dir = [/workdir/hadoop-ozone/integration-test/target/test-dir/MiniOzoneClusterImpl-a1d964ab-5229-4284-9f54-f7c2eb799dd5/datanode-1/data/ratis] (custom)
2019-10-03 08:52:32,662 [pool-403-thread-1] INFO  storage.RaftStorageDirectory (RaftStorageDirectory.java:analyzeStorage(246)) - The storage directory /workdir/hadoop-ozone/integration-test/target/test-dir/MiniOzoneClusterImpl-a1d964ab-5229-4284-9f54-f7c2eb799dd5/datanode-2/data/ratis/0d99e74a-6523-41d3-a93c-d25d6ae26331 does not exist. Creating ...
2019-10-03 08:52:32,662 [pool-393-thread-1] INFO  server.RaftServerConfigKeys (ConfUtils.java:logGet(43)) - raft.server.log.corruption.policy = EXCEPTION (default)
2019-10-03 08:52:32,662 [pool-393-thread-1] INFO  storage.RaftStorageDirectory (RaftStorageDirectory.java:analyzeStorage(246)) - The storage directory /workdir/hadoop-ozone/integration-test/target/test-dir/MiniOzoneClusterImpl-a1d964ab-5229-4284-9f54-f7c2eb799dd5/datanode-1/data/ratis/0d99e74a-6523-41d3-a93c-d25d6ae26331 does not exist. Creating ...
2019-10-03 08:52:32,676 [IPC Server handler 0 on 34588] INFO  net.NetworkTopology (NetworkTopologyImpl.java:add(111)) - Added a new node: /default-rack/d28d590e-8394-4f06-bb68-c22d7dc563d2
2019-10-03 08:52:32,676 [IPC Server handler 0 on 34588] INFO  node.SCMNodeManager (SCMNodeManager.java:register(266)) - Registered Data node : d28d590e-8394-4f06-bb68-c22d7dc563d2{ip: 192.168.151.103, host: pr-hdds-2234-ztsc4-2614151736, networkLocation: /default-rack, certSerialId: null}
2019-10-03 08:52:32,686 [pool-403-thread-1] INFO  storage.RaftStorageDirectory (RaftStorageDirectory.java:tryLock(328)) - Lock on /workdir/hadoop-ozone/integration-test/target/test-dir/MiniOzoneClusterImpl-a1d964ab-5229-4284-9f54-f7c2eb799dd5/datanode-2/data/ratis/0d99e74a-6523-41d3-a93c-d25d6ae26331/in_use.lock acquired by nodename 24511@pr-hdds-2234-ztsc4-2614151736
2019-10-03 08:52:32,686 [pool-393-thread-1] INFO  storage.RaftStorageDirectory (RaftStorageDirectory.java:tryLock(328)) - Lock on /workdir/hadoop-ozone/integration-test/target/test-dir/MiniOzoneClusterImpl-a1d964ab-5229-4284-9f54-f7c2eb799dd5/datanode-1/data/ratis/0d99e74a-6523-41d3-a93c-d25d6ae26331/in_use.lock acquired by nodename 24511@pr-hdds-2234-ztsc4-2614151736
2019-10-03 08:52:32,686 [pool-383-thread-1] INFO  storage.RaftStorageDirectory (RaftStorageDirectory.java:tryLock(328)) - Lock on /workdir/hadoop-ozone/integration-test/target/test-dir/MiniOzoneClusterImpl-a1d964ab-5229-4284-9f54-f7c2eb799dd5/datanode-0/data/ratis/0d99e74a-6523-41d3-a93c-d25d6ae26331/in_use.lock acquired by nodename 24511@pr-hdds-2234-ztsc4-2614151736
2019-10-03 08:52:32,709 [pool-403-thread-1] INFO  storage.RaftStorage (RaftStorage.java:format(84)) - Storage directory /workdir/hadoop-ozone/integration-test/target/test-dir/MiniOzoneClusterImpl-a1d964ab-5229-4284-9f54-f7c2eb799dd5/datanode-2/data/ratis/0d99e74a-6523-41d3-a93c-d25d6ae26331 has been successfully formatted.
2019-10-03 08:52:32,709 [pool-393-thread-1] INFO  storage.RaftStorage (RaftStorage.java:format(84)) - Storage directory /workdir/hadoop-ozone/integration-test/target/test-dir/MiniOzoneClusterImpl-a1d964ab-5229-4284-9f54-f7c2eb799dd5/datanode-1/data/ratis/0d99e74a-6523-41d3-a93c-d25d6ae26331 has been successfully formatted.
2019-10-03 08:52:32,709 [pool-383-thread-1] INFO  storage.RaftStorage (RaftStorage.java:format(84)) - Storage directory /workdir/hadoop-ozone/integration-test/target/test-dir/MiniOzoneClusterImpl-a1d964ab-5229-4284-9f54-f7c2eb799dd5/datanode-0/data/ratis/0d99e74a-6523-41d3-a93c-d25d6ae26331 has been successfully formatted.
2019-10-03 08:52:32,709 [pool-393-thread-1] INFO  ratis.ContainerStateMachine (ContainerStateMachine.java:loadSnapshot(230)) - group-D25D6AE26331: The snapshot info is null. Setting the last applied indexto:(t:0, i:~)
2019-10-03 08:52:32,709 [pool-403-thread-1] INFO  ratis.ContainerStateMachine (ContainerStateMachine.java:loadSnapshot(230)) - group-D25D6AE26331: The snapshot info is null. Setting the last applied indexto:(t:0, i:~)
2019-10-03 08:52:32,709 [pool-383-thread-1] INFO  ratis.ContainerStateMachine (ContainerStateMachine.java:loadSnapshot(230)) - group-D25D6AE26331: The snapshot info is null. Setting the last applied indexto:(t:0, i:~)
2019-10-03 08:52:32,709 [pool-393-thread-1] INFO  server.RaftServerConfigKeys (ConfUtils.java:logGet(43)) - raft.server.notification.no-leader.timeout = 120s (custom)
2019-10-03 08:52:32,710 [pool-383-thread-1] INFO  server.RaftServerConfigKeys (ConfUtils.java:logGet(43)) - raft.server.notification.no-leader.timeout = 120s (custom)
2019-10-03 08:52:32,710 [pool-403-thread-1] INFO  server.RaftServerConfigKeys (ConfUtils.java:logGet(43)) - raft.server.notification.no-leader.timeout = 120s (custom)
2019-10-03 08:52:32,710 [pool-383-thread-1] INFO  server.RaftServerConfigKeys (ConfUtils.java:logGet(43)) - raft.server.log.use.memory = false (default)
2019-10-03 08:52:32,710 [pool-393-thread-1] INFO  server.RaftServerConfigKeys (ConfUtils.java:logGet(43)) - raft.server.log.use.memory = false (default)
2019-10-03 08:52:32,710 [pool-383-thread-1] INFO  server.RaftServerConfigKeys (ConfUtils.java:logGet(43)) - raft.server.log.purge.gap = 1000000 (custom)
2019-10-03 08:52:32,710 [pool-403-thread-1] INFO  server.RaftServerConfigKeys (ConfUtils.java:logGet(43)) - raft.server.log.use.memory = false (default)
2019-10-03 08:52:32,710 [pool-383-thread-1] INFO  server.RaftServerConfigKeys (ConfUtils.java:logGet(43)) - raft.server.log.appender.buffer.byte-limit = 33554432 (custom)
2019-10-03 08:52:32,710 [pool-393-thread-1] INFO  server.RaftServerConfigKeys (ConfUtils.java:logGet(43)) - raft.server.log.purge.gap = 1000000 (custom)
2019-10-03 08:52:32,711 [pool-383-thread-1] INFO  server.RaftServerConfigKeys (ConfUtils.java:logGet(43)) - raft.server.log.segment.size.max = 1048576 (custom)
2019-10-03 08:52:32,711 [pool-403-thread-1] INFO  server.RaftServerConfigKeys (ConfUtils.java:logGet(43)) - raft.server.log.purge.gap = 1000000 (custom)
2019-10-03 08:52:32,711 [pool-383-thread-1] INFO  server.RaftServerConfigKeys (ConfUtils.java:logGet(43)) - raft.server.log.segment.cache.num.max = 2 (custom)
2019-10-03 08:52:32,711 [pool-393-thread-1] INFO  server.RaftServerConfigKeys (ConfUtils.java:logGet(43)) - raft.server.log.appender.buffer.byte-limit = 33554432 (custom)
2019-10-03 08:52:32,711 [pool-383-thread-1] INFO  segmented.SegmentedRaftLogWorker (SegmentedRaftLogWorker.java:<init>(173)) - new 37a86bc3-ee66-42e2-b31f-61e547799e9d@group-D25D6AE26331-SegmentedRaftLogWorker for RaftStorage:Storage Directory /workdir/hadoop-ozone/integration-test/target/test-dir/MiniOzoneClusterImpl-a1d964ab-5229-4284-9f54-f7c2eb799dd5/datanode-0/data/ratis/0d99e74a-6523-41d3-a93c-d25d6ae26331
2019-10-03 08:52:32,711 [pool-403-thread-1] INFO  server.RaftServerConfigKeys (ConfUtils.java:logGet(43)) - raft.server.log.appender.buffer.byte-limit = 33554432 (custom)
2019-10-03 08:52:32,712 [pool-383-thread-1] INFO  server.RaftServerConfigKeys (ConfUtils.java:logGet(43)) - raft.server.log.queue.byte-limit = 2147483647 (custom)
2019-10-03 08:52:32,711 [pool-393-thread-1] INFO  server.RaftServerConfigKeys (ConfUtils.java:logGet(43)) - raft.server.log.segment.size.max = 1048576 (custom)
2019-10-03 08:52:32,712 [pool-383-thread-1] INFO  server.RaftServerConfigKeys (ConfUtils.java:logGet(43)) - raft.server.log.queue.element-limit = 1024 (custom)
2019-10-03 08:52:32,712 [pool-403-thread-1] INFO  server.RaftServerConfigKeys (ConfUtils.java:logGet(43)) - raft.server.log.segment.size.max = 1048576 (custom)
2019-10-03 08:52:32,712 [pool-383-thread-1] INFO  server.RaftServerConfigKeys (ConfUtils.java:logGet(43)) - raft.server.log.segment.size.max = 1048576 (custom)
2019-10-03 08:52:32,712 [pool-393-thread-1] INFO  server.RaftServerConfigKeys (ConfUtils.java:logGet(43)) - raft.server.log.segment.cache.num.max = 2 (custom)
2019-10-03 08:52:32,712 [pool-383-thread-1] INFO  server.RaftServerConfigKeys (ConfUtils.java:logGet(43)) - raft.server.log.preallocated.size = 16384 (custom)
2019-10-03 08:52:32,712 [pool-403-thread-1] INFO  server.RaftServerConfigKeys (ConfUtils.java:logGet(43)) - raft.server.log.segment.cache.num.max = 2 (custom)
2019-10-03 08:52:32,713 [pool-383-thread-1] INFO  server.RaftServerConfigKeys (ConfUtils.java:logGet(43)) - raft.server.log.write.buffer.size = 33554432 (custom)
2019-10-03 08:52:32,712 [pool-393-thread-1] INFO  segmented.SegmentedRaftLogWorker (SegmentedRaftLogWorker.java:<init>(173)) - new fb9d8d31-1158-43be-bca0-309b68a92c58@group-D25D6AE26331-SegmentedRaftLogWorker for RaftStorage:Storage Directory /workdir/hadoop-ozone/integration-test/target/test-dir/MiniOzoneClusterImpl-a1d964ab-5229-4284-9f54-f7c2eb799dd5/datanode-1/data/ratis/0d99e74a-6523-41d3-a93c-d25d6ae26331
2019-10-03 08:52:32,713 [pool-383-thread-1] INFO  server.RaftServerConfigKeys (ConfUtils.java:logGet(43)) - raft.server.log.force.sync.num = 128 (default)
2019-10-03 08:52:32,713 [pool-403-thread-1] INFO  segmented.SegmentedRaftLogWorker (SegmentedRaftLogWorker.java:<init>(173)) - new 7d0487b2-1fed-4ff6-bf59-fa965eb990c9@group-D25D6AE26331-SegmentedRaftLogWorker for RaftStorage:Storage Directory /workdir/hadoop-ozone/integration-test/target/test-dir/MiniOzoneClusterImpl-a1d964ab-5229-4284-9f54-f7c2eb799dd5/datanode-2/data/ratis/0d99e74a-6523-41d3-a93c-d25d6ae26331
2019-10-03 08:52:32,713 [pool-383-thread-1] INFO  server.RaftServerConfigKeys (ConfUtils.java:logGet(43)) - raft.server.log.statemachine.data.sync = true (default)
2019-10-03 08:52:32,713 [pool-393-thread-1] INFO  server.RaftServerConfigKeys (ConfUtils.java:logGet(43)) - raft.server.log.queue.byte-limit = 2147483647 (custom)
2019-10-03 08:52:32,713 [pool-383-thread-1] INFO  server.RaftServerConfigKeys (ConfUtils.java:logGet(43)) - raft.server.log.statemachine.data.sync.timeout = 10s (default)
2019-10-03 08:52:32,713 [pool-403-thread-1] INFO  server.RaftServerConfigKeys (ConfUtils.java:logGet(43)) - raft.server.log.queue.byte-limit = 2147483647 (custom)
2019-10-03 08:52:32,714 [pool-383-thread-1] INFO  server.RaftServerConfigKeys (ConfUtils.java:logGet(43)) - raft.server.log.statemachine.data.sync.timeout.retry = -1 (default)
2019-10-03 08:52:32,713 [pool-393-thread-1] INFO  server.RaftServerConfigKeys (ConfUtils.java:logGet(43)) - raft.server.log.queue.element-limit = 1024 (custom)
2019-10-03 08:52:32,714 [pool-383-thread-1] INFO  server.RaftServerConfigKeys (ConfUtils.java:logGet(43)) - raft.server.log.statemachine.data.caching.enabled = true (custom)
2019-10-03 08:52:32,714 [pool-403-thread-1] INFO  server.RaftServerConfigKeys (ConfUtils.java:logGet(43)) - raft.server.log.queue.element-limit = 1024 (custom)
2019-10-03 08:52:32,714 [pool-393-thread-1] INFO  server.RaftServerConfigKeys (ConfUtils.java:logGet(43)) - raft.server.log.segment.size.max = 1048576 (custom)
2019-10-03 08:52:32,714 [pool-403-thread-1] INFO  server.RaftServerConfigKeys (ConfUtils.java:logGet(43)) - raft.server.log.segment.size.max = 1048576 (custom)
2019-10-03 08:52:32,714 [pool-383-thread-1] INFO  segmented.SegmentedRaftLogWorker (SegmentedRaftLogWorker.java:lambda$new$0(128)) - 37a86bc3-ee66-42e2-b31f-61e547799e9d@group-D25D6AE26331-SegmentedRaftLogWorker: flushIndex: setUnconditionally 0 -> -1
2019-10-03 08:52:32,715 [pool-403-thread-1] INFO  server.RaftServerConfigKeys (ConfUtils.java:logGet(43)) - raft.server.log.preallocated.size = 16384 (custom)
2019-10-03 08:52:32,714 [pool-393-thread-1] INFO  server.RaftServerConfigKeys (ConfUtils.java:logGet(43)) - raft.server.log.preallocated.size = 16384 (custom)
2019-10-03 08:52:32,715 [pool-383-thread-1] INFO  server.RaftServerConfigKeys (ConfUtils.java:logGet(43)) - raft.server.snapshot.auto.trigger.enabled = true (custom)
2019-10-03 08:52:32,715 [pool-403-thread-1] INFO  server.RaftServerConfigKeys (ConfUtils.java:logGet(43)) - raft.server.log.write.buffer.size = 33554432 (custom)
2019-10-03 08:52:32,715 [pool-383-thread-1] INFO  server.RaftServerConfigKeys (ConfUtils.java:logGet(43)) - raft.server.snapshot.auto.trigger.threshold = 10000 (custom)
2019-10-03 08:52:32,715 [pool-393-thread-1] INFO  server.RaftServerConfigKeys (ConfUtils.java:logGet(43)) - raft.server.log.write.buffer.size = 33554432 (custom)
2019-10-03 08:52:32,715 [pool-383-thread-1] INFO  server.RaftServerConfigKeys (ConfUtils.java:logGet(43)) - raft.server.snapshot.retention.file.num = 5 (custom)
2019-10-03 08:52:32,715 [pool-403-thread-1] INFO  server.RaftServerConfigKeys (ConfUtils.java:logGet(43)) - raft.server.log.force.sync.num = 128 (default)
2019-10-03 08:52:32,716 [pool-383-thread-1] INFO  server.RaftServerConfigKeys (ConfUtils.java:logGet(43)) - raft.server.retrycache.expirytime = 600000ms (custom)
2019-10-03 08:52:32,715 [pool-393-thread-1] INFO  server.RaftServerConfigKeys (ConfUtils.java:logGet(43)) - raft.server.log.force.sync.num = 128 (default)
2019-10-03 08:52:32,716 [pool-403-thread-1] INFO  server.RaftServerConfigKeys (ConfUtils.java:logGet(43)) - raft.server.log.statemachine.data.sync = true (default)
2019-10-03 08:52:32,716 [pool-393-thread-1] INFO  server.RaftServerConfigKeys (ConfUtils.java:logGet(43)) - raft.server.log.statemachine.data.sync = true (default)
2019-10-03 08:52:32,716 [pool-403-thread-1] INFO  server.RaftServerConfigKeys (ConfUtils.java:logGet(43)) - raft.server.log.statemachine.data.sync.timeout = 10s (default)
2019-10-03 08:52:32,716 [pool-393-thread-1] INFO  server.RaftServerConfigKeys (ConfUtils.java:logGet(43)) - raft.server.log.statemachine.data.sync.timeout = 10s (default)
2019-10-03 08:52:32,716 [pool-403-thread-1] INFO  server.RaftServerConfigKeys (ConfUtils.java:logGet(43)) - raft.server.log.statemachine.data.sync.timeout.retry = -1 (default)
2019-10-03 08:52:32,716 [pool-393-thread-1] INFO  server.RaftServerConfigKeys (ConfUtils.java:logGet(43)) - raft.server.log.statemachine.data.sync.timeout.retry = -1 (default)
2019-10-03 08:52:32,717 [pool-403-thread-1] INFO  server.RaftServerConfigKeys (ConfUtils.java:logGet(43)) - raft.server.log.statemachine.data.caching.enabled = true (custom)
2019-10-03 08:52:32,717 [pool-393-thread-1] INFO  server.RaftServerConfigKeys (ConfUtils.java:logGet(43)) - raft.server.log.statemachine.data.caching.enabled = true (custom)
2019-10-03 08:52:32,717 [pool-403-thread-1] INFO  segmented.SegmentedRaftLogWorker (SegmentedRaftLogWorker.java:lambda$new$0(128)) - 7d0487b2-1fed-4ff6-bf59-fa965eb990c9@group-D25D6AE26331-SegmentedRaftLogWorker: flushIndex: setUnconditionally 0 -> -1
2019-10-03 08:52:32,717 [pool-393-thread-1] INFO  segmented.SegmentedRaftLogWorker (SegmentedRaftLogWorker.java:lambda$new$0(128)) - fb9d8d31-1158-43be-bca0-309b68a92c58@group-D25D6AE26331-SegmentedRaftLogWorker: flushIndex: setUnconditionally 0 -> -1
2019-10-03 08:52:32,717 [pool-403-thread-1] INFO  server.RaftServerConfigKeys (ConfUtils.java:logGet(43)) - raft.server.snapshot.auto.trigger.enabled = true (custom)
2019-10-03 08:52:32,717 [pool-403-thread-1] INFO  server.RaftServerConfigKeys (ConfUtils.java:logGet(43)) - raft.server.snapshot.auto.trigger.threshold = 10000 (custom)
2019-10-03 08:52:32,717 [pool-393-thread-1] INFO  server.RaftServerConfigKeys (ConfUtils.java:logGet(43)) - raft.server.snapshot.auto.trigger.enabled = true (custom)
2019-10-03 08:52:32,717 [pool-383-thread-1] INFO  impl.RaftServerImpl (RaftServerImpl.java:start(181)) - 37a86bc3-ee66-42e2-b31f-61e547799e9d@group-D25D6AE26331: start as a follower, conf=-1: [7d0487b2-1fed-4ff6-bf59-fa965eb990c9:192.168.151.103:40461, fb9d8d31-1158-43be-bca0-309b68a92c58:192.168.151.103:43760, 37a86bc3-ee66-42e2-b31f-61e547799e9d:192.168.151.103:34166], old=null
2019-10-03 08:52:32,717 [pool-403-thread-1] INFO  server.RaftServerConfigKeys (ConfUtils.java:logGet(43)) - raft.server.snapshot.retention.file.num = 5 (custom)
2019-10-03 08:52:32,718 [pool-383-thread-1] INFO  impl.RaftServerImpl (RaftServerImpl.java:setRole(170)) - 37a86bc3-ee66-42e2-b31f-61e547799e9d@group-D25D6AE26331: changes role from      null to FOLLOWER at term 0 for startAsFollower
2019-10-03 08:52:32,717 [pool-393-thread-1] INFO  server.RaftServerConfigKeys (ConfUtils.java:logGet(43)) - raft.server.snapshot.auto.trigger.threshold = 10000 (custom)
2019-10-03 08:52:32,718 [pool-383-thread-1] INFO  impl.RoleInfo (RoleInfo.java:updateAndGet(143)) - 37a86bc3-ee66-42e2-b31f-61e547799e9d: start FollowerState
2019-10-03 08:52:32,718 [pool-403-thread-1] INFO  server.RaftServerConfigKeys (ConfUtils.java:logGet(43)) - raft.server.retrycache.expirytime = 600000ms (custom)
2019-10-03 08:52:32,718 [pool-393-thread-1] INFO  server.RaftServerConfigKeys (ConfUtils.java:logGet(43)) - raft.server.snapshot.retention.file.num = 5 (custom)
2019-10-03 08:52:32,718 [pool-383-thread-1] INFO  util.JmxRegister (JmxRegister.java:tryRegister(44)) - Successfully registered JMX Bean with object name Ratis:service=RaftServer,group=group-D25D6AE26331,id=37a86bc3-ee66-42e2-b31f-61e547799e9d
2019-10-03 08:52:32,718 [pool-393-thread-1] INFO  server.RaftServerConfigKeys (ConfUtils.java:logGet(43)) - raft.server.retrycache.expirytime = 600000ms (custom)
2019-10-03 08:52:32,721 [pool-403-thread-1] INFO  impl.RaftServerImpl (RaftServerImpl.java:start(181)) - 7d0487b2-1fed-4ff6-bf59-fa965eb990c9@group-D25D6AE26331: start as a follower, conf=-1: [7d0487b2-1fed-4ff6-bf59-fa965eb990c9:192.168.151.103:40461, fb9d8d31-1158-43be-bca0-309b68a92c58:192.168.151.103:43760, 37a86bc3-ee66-42e2-b31f-61e547799e9d:192.168.151.103:34166], old=null
2019-10-03 08:52:32,721 [pool-403-thread-1] INFO  impl.RaftServerImpl (RaftServerImpl.java:setRole(170)) - 7d0487b2-1fed-4ff6-bf59-fa965eb990c9@group-D25D6AE26331: changes role from      null to FOLLOWER at term 0 for startAsFollower
2019-10-03 08:52:32,721 [pool-403-thread-1] INFO  impl.RoleInfo (RoleInfo.java:updateAndGet(143)) - 7d0487b2-1fed-4ff6-bf59-fa965eb990c9: start FollowerState
2019-10-03 08:52:32,722 [pool-393-thread-1] INFO  impl.RaftServerImpl (RaftServerImpl.java:start(181)) - fb9d8d31-1158-43be-bca0-309b68a92c58@group-D25D6AE26331: start as a follower, conf=-1: [7d0487b2-1fed-4ff6-bf59-fa965eb990c9:192.168.151.103:40461, fb9d8d31-1158-43be-bca0-309b68a92c58:192.168.151.103:43760, 37a86bc3-ee66-42e2-b31f-61e547799e9d:192.168.151.103:34166], old=null
2019-10-03 08:52:32,722 [pool-403-thread-1] INFO  util.JmxRegister (JmxRegister.java:tryRegister(44)) - Successfully registered JMX Bean with object name Ratis:service=RaftServer,group=group-D25D6AE26331,id=7d0487b2-1fed-4ff6-bf59-fa965eb990c9
2019-10-03 08:52:32,722 [pool-393-thread-1] INFO  impl.RaftServerImpl (RaftServerImpl.java:setRole(170)) - fb9d8d31-1158-43be-bca0-309b68a92c58@group-D25D6AE26331: changes role from      null to FOLLOWER at term 0 for startAsFollower
2019-10-03 08:52:32,722 [pool-393-thread-1] INFO  impl.RoleInfo (RoleInfo.java:updateAndGet(143)) - fb9d8d31-1158-43be-bca0-309b68a92c58: start FollowerState
2019-10-03 08:52:32,722 [pool-393-thread-1] INFO  util.JmxRegister (JmxRegister.java:tryRegister(44)) - Successfully registered JMX Bean with object name Ratis:service=RaftServer,group=group-D25D6AE26331,id=fb9d8d31-1158-43be-bca0-309b68a92c58
2019-10-03 08:52:32,726 [RatisPipelineUtilsThread] INFO  pipeline.PipelineStateManager (PipelineStateManager.java:addPipeline(56)) - Created pipeline Pipeline[ Id: 0d99e74a-6523-41d3-a93c-d25d6ae26331, Nodes: fb9d8d31-1158-43be-bca0-309b68a92c58{ip: 192.168.151.103, host: pr-hdds-2234-ztsc4-2614151736, networkLocation: /default-rack, certSerialId: null}37a86bc3-ee66-42e2-b31f-61e547799e9d{ip: 192.168.151.103, host: pr-hdds-2234-ztsc4-2614151736, networkLocation: /default-rack, certSerialId: null}7d0487b2-1fed-4ff6-bf59-fa965eb990c9{ip: 192.168.151.103, host: pr-hdds-2234-ztsc4-2614151736, networkLocation: /default-rack, certSerialId: null}, Type:RATIS, Factor:THREE, State:OPEN]
2019-10-03 08:52:32,777 [IPC Server handler 2 on 34588] INFO  net.NetworkTopology (NetworkTopologyImpl.java:add(111)) - Added a new node: /default-rack/ce7734d3-8a6c-4ab9-b10c-caad0cef6fab
2019-10-03 08:52:32,777 [IPC Server handler 2 on 34588] INFO  node.SCMNodeManager (SCMNodeManager.java:register(266)) - Registered Data node : ce7734d3-8a6c-4ab9-b10c-caad0cef6fab{ip: 192.168.151.103, host: pr-hdds-2234-ztsc4-2614151736, networkLocation: /default-rack, certSerialId: null}
2019-10-03 08:52:32,791 [grpc-default-executor-0] INFO  impl.RaftServerProxy (RaftServerProxy.java:addNew(89)) - d28d590e-8394-4f06-bb68-c22d7dc563d2: addNew group-F27181EFF9C9:[d28d590e-8394-4f06-bb68-c22d7dc563d2:192.168.151.103:45829] returns group-F27181EFF9C9:java.util.concurrent.CompletableFuture@6054e56d[Not completed]
2019-10-03 08:52:32,796 [pool-413-thread-1] INFO  impl.RaftServerImpl (RaftServerImpl.java:<init>(95)) - d28d590e-8394-4f06-bb68-c22d7dc563d2: new RaftServerImpl for group-F27181EFF9C9:[d28d590e-8394-4f06-bb68-c22d7dc563d2:192.168.151.103:45829] with ContainerStateMachine:uninitialized
2019-10-03 08:52:32,797 [pool-413-thread-1] INFO  server.RaftServerConfigKeys (ConfUtils.java:logGet(43)) - raft.server.rpc.timeout.min = 5s (custom)
2019-10-03 08:52:32,797 [pool-413-thread-1] INFO  server.RaftServerConfigKeys (ConfUtils.java:logGet(43)) - raft.server.rpc.timeout.max = 5200ms (custom)
2019-10-03 08:52:32,797 [pool-413-thread-1] INFO  server.RaftServerConfigKeys (ConfUtils.java:logGet(43)) - raft.server.rpcslowness.timeout = 120s (custom)
2019-10-03 08:52:32,797 [pool-413-thread-1] INFO  server.RaftServerConfigKeys (ConfUtils.java:logGet(43)) - raft.server.sleep.deviation.threshold = 300 (default)
2019-10-03 08:52:32,797 [pool-413-thread-1] INFO  server.RaftServerConfigKeys (ConfUtils.java:logGet(43)) - raft.server.log.appender.install.snapshot.enabled = false (custom)
2019-10-03 08:52:32,797 [pool-413-thread-1] INFO  impl.RaftServerImpl (ServerState.java:<init>(103)) - d28d590e-8394-4f06-bb68-c22d7dc563d2@group-F27181EFF9C9: ConfigurationManager, init=-1: [d28d590e-8394-4f06-bb68-c22d7dc563d2:192.168.151.103:45829], old=null, confs=<EMPTY_MAP>
2019-10-03 08:52:32,797 [pool-413-thread-1] INFO  server.RaftServerConfigKeys (ConfUtils.java:logGet(43)) - raft.server.storage.dir = [/workdir/hadoop-ozone/integration-test/target/test-dir/MiniOzoneClusterImpl-a1d964ab-5229-4284-9f54-f7c2eb799dd5/datanode-3/data/ratis] (custom)
2019-10-03 08:52:32,798 [pool-413-thread-1] INFO  server.RaftServerConfigKeys (ConfUtils.java:logGet(43)) - raft.server.log.corruption.policy = EXCEPTION (default)
2019-10-03 08:52:32,798 [pool-413-thread-1] INFO  storage.RaftStorageDirectory (RaftStorageDirectory.java:analyzeStorage(246)) - The storage directory /workdir/hadoop-ozone/integration-test/target/test-dir/MiniOzoneClusterImpl-a1d964ab-5229-4284-9f54-f7c2eb799dd5/datanode-3/data/ratis/9745573a-83c1-470f-9906-f27181eff9c9 does not exist. Creating ...
2019-10-03 08:52:32,819 [pool-413-thread-1] INFO  storage.RaftStorageDirectory (RaftStorageDirectory.java:tryLock(328)) - Lock on /workdir/hadoop-ozone/integration-test/target/test-dir/MiniOzoneClusterImpl-a1d964ab-5229-4284-9f54-f7c2eb799dd5/datanode-3/data/ratis/9745573a-83c1-470f-9906-f27181eff9c9/in_use.lock acquired by nodename 24511@pr-hdds-2234-ztsc4-2614151736
2019-10-03 08:52:32,841 [pool-413-thread-1] INFO  storage.RaftStorage (RaftStorage.java:format(84)) - Storage directory /workdir/hadoop-ozone/integration-test/target/test-dir/MiniOzoneClusterImpl-a1d964ab-5229-4284-9f54-f7c2eb799dd5/datanode-3/data/ratis/9745573a-83c1-470f-9906-f27181eff9c9 has been successfully formatted.
2019-10-03 08:52:32,841 [pool-413-thread-1] INFO  ratis.ContainerStateMachine (ContainerStateMachine.java:loadSnapshot(230)) - group-F27181EFF9C9: The snapshot info is null. Setting the last applied indexto:(t:0, i:~)
2019-10-03 08:52:32,841 [pool-413-thread-1] INFO  server.RaftServerConfigKeys (ConfUtils.java:logGet(43)) - raft.server.notification.no-leader.timeout = 120s (custom)
2019-10-03 08:52:32,841 [pool-413-thread-1] INFO  server.RaftServerConfigKeys (ConfUtils.java:logGet(43)) - raft.server.log.use.memory = false (default)
2019-10-03 08:52:32,841 [pool-413-thread-1] INFO  server.RaftServerConfigKeys (ConfUtils.java:logGet(43)) - raft.server.log.purge.gap = 1000000 (custom)
2019-10-03 08:52:32,841 [pool-413-thread-1] INFO  server.RaftServerConfigKeys (ConfUtils.java:logGet(43)) - raft.server.log.appender.buffer.byte-limit = 33554432 (custom)
2019-10-03 08:52:32,842 [pool-413-thread-1] INFO  server.RaftServerConfigKeys (ConfUtils.java:logGet(43)) - raft.server.log.segment.size.max = 1048576 (custom)
2019-10-03 08:52:32,843 [pool-413-thread-1] INFO  server.RaftServerConfigKeys (ConfUtils.java:logGet(43)) - raft.server.log.segment.cache.num.max = 2 (custom)
2019-10-03 08:52:32,843 [pool-413-thread-1] INFO  segmented.SegmentedRaftLogWorker (SegmentedRaftLogWorker.java:<init>(173)) - new d28d590e-8394-4f06-bb68-c22d7dc563d2@group-F27181EFF9C9-SegmentedRaftLogWorker for RaftStorage:Storage Directory /workdir/hadoop-ozone/integration-test/target/test-dir/MiniOzoneClusterImpl-a1d964ab-5229-4284-9f54-f7c2eb799dd5/datanode-3/data/ratis/9745573a-83c1-470f-9906-f27181eff9c9
2019-10-03 08:52:32,843 [pool-413-thread-1] INFO  server.RaftServerConfigKeys (ConfUtils.java:logGet(43)) - raft.server.log.queue.byte-limit = 2147483647 (custom)
2019-10-03 08:52:32,844 [pool-413-thread-1] INFO  server.RaftServerConfigKeys (ConfUtils.java:logGet(43)) - raft.server.log.queue.element-limit = 1024 (custom)
2019-10-03 08:52:32,844 [pool-413-thread-1] INFO  server.RaftServerConfigKeys (ConfUtils.java:logGet(43)) - raft.server.log.segment.size.max = 1048576 (custom)
2019-10-03 08:52:32,844 [pool-413-thread-1] INFO  server.RaftServerConfigKeys (ConfUtils.java:logGet(43)) - raft.server.log.preallocated.size = 16384 (custom)
2019-10-03 08:52:32,844 [pool-413-thread-1] INFO  server.RaftServerConfigKeys (ConfUtils.java:logGet(43)) - raft.server.log.write.buffer.size = 33554432 (custom)
2019-10-03 08:52:32,844 [pool-413-thread-1] INFO  server.RaftServerConfigKeys (ConfUtils.java:logGet(43)) - raft.server.log.force.sync.num = 128 (default)
2019-10-03 08:52:32,844 [pool-413-thread-1] INFO  server.RaftServerConfigKeys (ConfUtils.java:logGet(43)) - raft.server.log.statemachine.data.sync = true (default)
2019-10-03 08:52:32,844 [pool-413-thread-1] INFO  server.RaftServerConfigKeys (ConfUtils.java:logGet(43)) - raft.server.log.statemachine.data.sync.timeout = 10s (default)
2019-10-03 08:52:32,844 [pool-413-thread-1] INFO  server.RaftServerConfigKeys (ConfUtils.java:logGet(43)) - raft.server.log.statemachine.data.sync.timeout.retry = -1 (default)
2019-10-03 08:52:32,845 [pool-413-thread-1] INFO  server.RaftServerConfigKeys (ConfUtils.java:logGet(43)) - raft.server.log.statemachine.data.caching.enabled = true (custom)
2019-10-03 08:52:32,846 [pool-413-thread-1] INFO  segmented.SegmentedRaftLogWorker (SegmentedRaftLogWorker.java:lambda$new$0(128)) - d28d590e-8394-4f06-bb68-c22d7dc563d2@group-F27181EFF9C9-SegmentedRaftLogWorker: flushIndex: setUnconditionally 0 -> -1
2019-10-03 08:52:32,846 [pool-413-thread-1] INFO  server.RaftServerConfigKeys (ConfUtils.java:logGet(43)) - raft.server.snapshot.auto.trigger.enabled = true (custom)
2019-10-03 08:52:32,846 [pool-413-thread-1] INFO  server.RaftServerConfigKeys (ConfUtils.java:logGet(43)) - raft.server.snapshot.auto.trigger.threshold = 10000 (custom)
2019-10-03 08:52:32,846 [pool-413-thread-1] INFO  server.RaftServerConfigKeys (ConfUtils.java:logGet(43)) - raft.server.snapshot.retention.file.num = 5 (custom)
2019-10-03 08:52:32,847 [pool-413-thread-1] INFO  server.RaftServerConfigKeys (ConfUtils.java:logGet(43)) - raft.server.retrycache.expirytime = 600000ms (custom)
2019-10-03 08:52:32,848 [pool-413-thread-1] INFO  impl.RaftServerImpl (RaftServerImpl.java:start(181)) - d28d590e-8394-4f06-bb68-c22d7dc563d2@group-F27181EFF9C9: start as a follower, conf=-1: [d28d590e-8394-4f06-bb68-c22d7dc563d2:192.168.151.103:45829], old=null
2019-10-03 08:52:32,848 [pool-413-thread-1] INFO  impl.RaftServerImpl (RaftServerImpl.java:setRole(170)) - d28d590e-8394-4f06-bb68-c22d7dc563d2@group-F27181EFF9C9: changes role from      null to FOLLOWER at term 0 for startAsFollower
2019-10-03 08:52:32,848 [pool-413-thread-1] INFO  impl.RoleInfo (RoleInfo.java:updateAndGet(143)) - d28d590e-8394-4f06-bb68-c22d7dc563d2: start FollowerState
2019-10-03 08:52:32,849 [pool-413-thread-1] INFO  util.JmxRegister (JmxRegister.java:tryRegister(44)) - Successfully registered JMX Bean with object name Ratis:service=RaftServer,group=group-F27181EFF9C9,id=d28d590e-8394-4f06-bb68-c22d7dc563d2
2019-10-03 08:52:32,853 [RatisPipelineUtilsThread] INFO  pipeline.PipelineStateManager (PipelineStateManager.java:addPipeline(56)) - Created pipeline Pipeline[ Id: 9745573a-83c1-470f-9906-f27181eff9c9, Nodes: d28d590e-8394-4f06-bb68-c22d7dc563d2{ip: 192.168.151.103, host: pr-hdds-2234-ztsc4-2614151736, networkLocation: /default-rack, certSerialId: null}, Type:RATIS, Factor:ONE, State:OPEN]
2019-10-03 08:52:32,865 [grpc-default-executor-0] INFO  impl.RaftServerProxy (RaftServerProxy.java:addNew(89)) - ce7734d3-8a6c-4ab9-b10c-caad0cef6fab: addNew group-E5E96D022203:[ce7734d3-8a6c-4ab9-b10c-caad0cef6fab:192.168.151.103:37070] returns group-E5E96D022203:java.util.concurrent.CompletableFuture@57e206dc[Not completed]
2019-10-03 08:52:32,866 [pool-423-thread-1] INFO  impl.RaftServerImpl (RaftServerImpl.java:<init>(95)) - ce7734d3-8a6c-4ab9-b10c-caad0cef6fab: new RaftServerImpl for group-E5E96D022203:[ce7734d3-8a6c-4ab9-b10c-caad0cef6fab:192.168.151.103:37070] with ContainerStateMachine:uninitialized
2019-10-03 08:52:32,867 [pool-423-thread-1] INFO  server.RaftServerConfigKeys (ConfUtils.java:logGet(43)) - raft.server.rpc.timeout.min = 5s (custom)
2019-10-03 08:52:32,867 [pool-423-thread-1] INFO  server.RaftServerConfigKeys (ConfUtils.java:logGet(43)) - raft.server.rpc.timeout.max = 5200ms (custom)
2019-10-03 08:52:32,867 [pool-423-thread-1] INFO  server.RaftServerConfigKeys (ConfUtils.java:logGet(43)) - raft.server.rpcslowness.timeout = 120s (custom)
2019-10-03 08:52:32,867 [pool-423-thread-1] INFO  server.RaftServerConfigKeys (ConfUtils.java:logGet(43)) - raft.server.sleep.deviation.threshold = 300 (default)
2019-10-03 08:52:32,867 [pool-423-thread-1] INFO  server.RaftServerConfigKeys (ConfUtils.java:logGet(43)) - raft.server.log.appender.install.snapshot.enabled = false (custom)
2019-10-03 08:52:32,867 [pool-423-thread-1] INFO  impl.RaftServerImpl (ServerState.java:<init>(103)) - ce7734d3-8a6c-4ab9-b10c-caad0cef6fab@group-E5E96D022203: ConfigurationManager, init=-1: [ce7734d3-8a6c-4ab9-b10c-caad0cef6fab:192.168.151.103:37070], old=null, confs=<EMPTY_MAP>
2019-10-03 08:52:32,868 [pool-423-thread-1] INFO  server.RaftServerConfigKeys (ConfUtils.java:logGet(43)) - raft.server.storage.dir = [/workdir/hadoop-ozone/integration-test/target/test-dir/MiniOzoneClusterImpl-a1d964ab-5229-4284-9f54-f7c2eb799dd5/datanode-4/data/ratis] (custom)
2019-10-03 08:52:32,868 [pool-423-thread-1] INFO  server.RaftServerConfigKeys (ConfUtils.java:logGet(43)) - raft.server.log.corruption.policy = EXCEPTION (default)
2019-10-03 08:52:32,868 [pool-423-thread-1] INFO  storage.RaftStorageDirectory (RaftStorageDirectory.java:analyzeStorage(246)) - The storage directory /workdir/hadoop-ozone/integration-test/target/test-dir/MiniOzoneClusterImpl-a1d964ab-5229-4284-9f54-f7c2eb799dd5/datanode-4/data/ratis/653f0fd5-4692-4c5e-a698-e5e96d022203 does not exist. Creating ...
2019-10-03 08:52:32,881 [pool-423-thread-1] INFO  storage.RaftStorageDirectory (RaftStorageDirectory.java:tryLock(328)) - Lock on /workdir/hadoop-ozone/integration-test/target/test-dir/MiniOzoneClusterImpl-a1d964ab-5229-4284-9f54-f7c2eb799dd5/datanode-4/data/ratis/653f0fd5-4692-4c5e-a698-e5e96d022203/in_use.lock acquired by nodename 24511@pr-hdds-2234-ztsc4-2614151736
2019-10-03 08:52:32,889 [IPC Server handler 4 on 34588] INFO  net.NetworkTopology (NetworkTopologyImpl.java:add(111)) - Added a new node: /default-rack/b7681a11-7eff-4e86-8847-eeb1fccc76a6
2019-10-03 08:52:32,889 [IPC Server handler 4 on 34588] INFO  node.SCMNodeManager (SCMNodeManager.java:register(266)) - Registered Data node : b7681a11-7eff-4e86-8847-eeb1fccc76a6{ip: 192.168.151.103, host: pr-hdds-2234-ztsc4-2614151736, networkLocation: /default-rack, certSerialId: null}
2019-10-03 08:52:32,894 [pool-423-thread-1] INFO  storage.RaftStorage (RaftStorage.java:format(84)) - Storage directory /workdir/hadoop-ozone/integration-test/target/test-dir/MiniOzoneClusterImpl-a1d964ab-5229-4284-9f54-f7c2eb799dd5/datanode-4/data/ratis/653f0fd5-4692-4c5e-a698-e5e96d022203 has been successfully formatted.
2019-10-03 08:52:32,894 [pool-423-thread-1] INFO  ratis.ContainerStateMachine (ContainerStateMachine.java:loadSnapshot(230)) - group-E5E96D022203: The snapshot info is null. Setting the last applied indexto:(t:0, i:~)
2019-10-03 08:52:32,894 [pool-423-thread-1] INFO  server.RaftServerConfigKeys (ConfUtils.java:logGet(43)) - raft.server.notification.no-leader.timeout = 120s (custom)
2019-10-03 08:52:32,894 [pool-423-thread-1] INFO  server.RaftServerConfigKeys (ConfUtils.java:logGet(43)) - raft.server.log.use.memory = false (default)
2019-10-03 08:52:32,895 [pool-423-thread-1] INFO  server.RaftServerConfigKeys (ConfUtils.java:logGet(43)) - raft.server.log.purge.gap = 1000000 (custom)
2019-10-03 08:52:32,895 [pool-423-thread-1] INFO  server.RaftServerConfigKeys (ConfUtils.java:logGet(43)) - raft.server.log.appender.buffer.byte-limit = 33554432 (custom)
2019-10-03 08:52:32,895 [pool-423-thread-1] INFO  server.RaftServerConfigKeys (ConfUtils.java:logGet(43)) - raft.server.log.segment.size.max = 1048576 (custom)
2019-10-03 08:52:32,897 [pool-423-thread-1] INFO  server.RaftServerConfigKeys (ConfUtils.java:logGet(43)) - raft.server.log.segment.cache.num.max = 2 (custom)
2019-10-03 08:52:32,897 [pool-423-thread-1] INFO  segmented.SegmentedRaftLogWorker (SegmentedRaftLogWorker.java:<init>(173)) - new ce7734d3-8a6c-4ab9-b10c-caad0cef6fab@group-E5E96D022203-SegmentedRaftLogWorker for RaftStorage:Storage Directory /workdir/hadoop-ozone/integration-test/target/test-dir/MiniOzoneClusterImpl-a1d964ab-5229-4284-9f54-f7c2eb799dd5/datanode-4/data/ratis/653f0fd5-4692-4c5e-a698-e5e96d022203
2019-10-03 08:52:32,897 [pool-423-thread-1] INFO  server.RaftServerConfigKeys (ConfUtils.java:logGet(43)) - raft.server.log.queue.byte-limit = 2147483647 (custom)
2019-10-03 08:52:32,898 [pool-423-thread-1] INFO  server.RaftServerConfigKeys (ConfUtils.java:logGet(43)) - raft.server.log.queue.element-limit = 1024 (custom)
2019-10-03 08:52:32,898 [pool-423-thread-1] INFO  server.RaftServerConfigKeys (ConfUtils.java:logGet(43)) - raft.server.log.segment.size.max = 1048576 (custom)
2019-10-03 08:52:32,898 [pool-423-thread-1] INFO  server.RaftServerConfigKeys (ConfUtils.java:logGet(43)) - raft.server.log.preallocated.size = 16384 (custom)
2019-10-03 08:52:32,898 [pool-423-thread-1] INFO  server.RaftServerConfigKeys (ConfUtils.java:logGet(43)) - raft.server.log.write.buffer.size = 33554432 (custom)
2019-10-03 08:52:32,898 [pool-423-thread-1] INFO  server.RaftServerConfigKeys (ConfUtils.java:logGet(43)) - raft.server.log.force.sync.num = 128 (default)
2019-10-03 08:52:32,898 [pool-423-thread-1] INFO  server.RaftServerConfigKeys (ConfUtils.java:logGet(43)) - raft.server.log.statemachine.data.sync = true (default)
2019-10-03 08:52:32,899 [pool-423-thread-1] INFO  server.RaftServerConfigKeys (ConfUtils.java:logGet(43)) - raft.server.log.statemachine.data.sync.timeout = 10s (default)
2019-10-03 08:52:32,899 [pool-423-thread-1] INFO  server.RaftServerConfigKeys (ConfUtils.java:logGet(43)) - raft.server.log.statemachine.data.sync.timeout.retry = -1 (default)
2019-10-03 08:52:32,899 [pool-423-thread-1] INFO  server.RaftServerConfigKeys (ConfUtils.java:logGet(43)) - raft.server.log.statemachine.data.caching.enabled = true (custom)
2019-10-03 08:52:32,900 [pool-423-thread-1] INFO  segmented.SegmentedRaftLogWorker (SegmentedRaftLogWorker.java:lambda$new$0(128)) - ce7734d3-8a6c-4ab9-b10c-caad0cef6fab@group-E5E96D022203-SegmentedRaftLogWorker: flushIndex: setUnconditionally 0 -> -1
2019-10-03 08:52:32,900 [pool-423-thread-1] INFO  server.RaftServerConfigKeys (ConfUtils.java:logGet(43)) - raft.server.snapshot.auto.trigger.enabled = true (custom)
2019-10-03 08:52:32,900 [pool-423-thread-1] INFO  server.RaftServerConfigKeys (ConfUtils.java:logGet(43)) - raft.server.snapshot.auto.trigger.threshold = 10000 (custom)
2019-10-03 08:52:32,900 [pool-423-thread-1] INFO  server.RaftServerConfigKeys (ConfUtils.java:logGet(43)) - raft.server.snapshot.retention.file.num = 5 (custom)
2019-10-03 08:52:32,900 [pool-423-thread-1] INFO  server.RaftServerConfigKeys (ConfUtils.java:logGet(43)) - raft.server.retrycache.expirytime = 600000ms (custom)
2019-10-03 08:52:32,903 [pool-423-thread-1] INFO  impl.RaftServerImpl (RaftServerImpl.java:start(181)) - ce7734d3-8a6c-4ab9-b10c-caad0cef6fab@group-E5E96D022203: start as a follower, conf=-1: [ce7734d3-8a6c-4ab9-b10c-caad0cef6fab:192.168.151.103:37070], old=null
2019-10-03 08:52:32,903 [pool-423-thread-1] INFO  impl.RaftServerImpl (RaftServerImpl.java:setRole(170)) - ce7734d3-8a6c-4ab9-b10c-caad0cef6fab@group-E5E96D022203: changes role from      null to FOLLOWER at term 0 for startAsFollower
2019-10-03 08:52:32,903 [pool-423-thread-1] INFO  impl.RoleInfo (RoleInfo.java:updateAndGet(143)) - ce7734d3-8a6c-4ab9-b10c-caad0cef6fab: start FollowerState
2019-10-03 08:52:32,904 [pool-423-thread-1] INFO  util.JmxRegister (JmxRegister.java:tryRegister(44)) - Successfully registered JMX Bean with object name Ratis:service=RaftServer,group=group-E5E96D022203,id=ce7734d3-8a6c-4ab9-b10c-caad0cef6fab
2019-10-03 08:52:32,908 [RatisPipelineUtilsThread] INFO  pipeline.PipelineStateManager (PipelineStateManager.java:addPipeline(56)) - Created pipeline Pipeline[ Id: 653f0fd5-4692-4c5e-a698-e5e96d022203, Nodes: ce7734d3-8a6c-4ab9-b10c-caad0cef6fab{ip: 192.168.151.103, host: pr-hdds-2234-ztsc4-2614151736, networkLocation: /default-rack, certSerialId: null}, Type:RATIS, Factor:ONE, State:OPEN]
2019-10-03 08:52:32,920 [grpc-default-executor-0] INFO  impl.RaftServerProxy (RaftServerProxy.java:addNew(89)) - b7681a11-7eff-4e86-8847-eeb1fccc76a6: addNew group-B87FAF9E6DAB:[b7681a11-7eff-4e86-8847-eeb1fccc76a6:192.168.151.103:37762] returns group-B87FAF9E6DAB:java.util.concurrent.CompletableFuture@51e25d7b[Not completed]
2019-10-03 08:52:32,922 [pool-433-thread-1] INFO  impl.RaftServerImpl (RaftServerImpl.java:<init>(95)) - b7681a11-7eff-4e86-8847-eeb1fccc76a6: new RaftServerImpl for group-B87FAF9E6DAB:[b7681a11-7eff-4e86-8847-eeb1fccc76a6:192.168.151.103:37762] with ContainerStateMachine:uninitialized
2019-10-03 08:52:32,922 [pool-433-thread-1] INFO  server.RaftServerConfigKeys (ConfUtils.java:logGet(43)) - raft.server.rpc.timeout.min = 5s (custom)
2019-10-03 08:52:32,922 [pool-433-thread-1] INFO  server.RaftServerConfigKeys (ConfUtils.java:logGet(43)) - raft.server.rpc.timeout.max = 5200ms (custom)
2019-10-03 08:52:32,922 [pool-433-thread-1] INFO  server.RaftServerConfigKeys (ConfUtils.java:logGet(43)) - raft.server.rpcslowness.timeout = 120s (custom)
2019-10-03 08:52:32,922 [pool-433-thread-1] INFO  server.RaftServerConfigKeys (ConfUtils.java:logGet(43)) - raft.server.sleep.deviation.threshold = 300 (default)
2019-10-03 08:52:32,923 [pool-433-thread-1] INFO  server.RaftServerConfigKeys (ConfUtils.java:logGet(43)) - raft.server.log.appender.install.snapshot.enabled = false (custom)
2019-10-03 08:52:32,923 [pool-433-thread-1] INFO  impl.RaftServerImpl (ServerState.java:<init>(103)) - b7681a11-7eff-4e86-8847-eeb1fccc76a6@group-B87FAF9E6DAB: ConfigurationManager, init=-1: [b7681a11-7eff-4e86-8847-eeb1fccc76a6:192.168.151.103:37762], old=null, confs=<EMPTY_MAP>
2019-10-03 08:52:32,923 [pool-433-thread-1] INFO  server.RaftServerConfigKeys (ConfUtils.java:logGet(43)) - raft.server.storage.dir = [/workdir/hadoop-ozone/integration-test/target/test-dir/MiniOzoneClusterImpl-a1d964ab-5229-4284-9f54-f7c2eb799dd5/datanode-5/data/ratis] (custom)
2019-10-03 08:52:32,923 [pool-433-thread-1] INFO  server.RaftServerConfigKeys (ConfUtils.java:logGet(43)) - raft.server.log.corruption.policy = EXCEPTION (default)
2019-10-03 08:52:32,924 [pool-433-thread-1] INFO  storage.RaftStorageDirectory (RaftStorageDirectory.java:analyzeStorage(246)) - The storage directory /workdir/hadoop-ozone/integration-test/target/test-dir/MiniOzoneClusterImpl-a1d964ab-5229-4284-9f54-f7c2eb799dd5/datanode-5/data/ratis/ba83ff82-df6d-45f6-bb5c-b87faf9e6dab does not exist. Creating ...
2019-10-03 08:52:32,936 [pool-433-thread-1] INFO  storage.RaftStorageDirectory (RaftStorageDirectory.java:tryLock(328)) - Lock on /workdir/hadoop-ozone/integration-test/target/test-dir/MiniOzoneClusterImpl-a1d964ab-5229-4284-9f54-f7c2eb799dd5/datanode-5/data/ratis/ba83ff82-df6d-45f6-bb5c-b87faf9e6dab/in_use.lock acquired by nodename 24511@pr-hdds-2234-ztsc4-2614151736
2019-10-03 08:52:32,958 [main] INFO  ozone.MiniOzoneClusterImpl (MiniOzoneClusterImpl.java:lambda$waitForClusterToBeReady$0(147)) - Waiting for cluster to be ready. Got 6 of 7 DN Heartbeats.
2019-10-03 08:52:32,958 [IPC Server handler 5 on 34588] INFO  net.NetworkTopology (NetworkTopologyImpl.java:add(111)) - Added a new node: /default-rack/91f14bbc-873a-40f2-82e9-5c14abd6bd54
2019-10-03 08:52:32,959 [IPC Server handler 5 on 34588] INFO  node.SCMNodeManager (SCMNodeManager.java:register(266)) - Registered Data node : 91f14bbc-873a-40f2-82e9-5c14abd6bd54{ip: 192.168.151.103, host: pr-hdds-2234-ztsc4-2614151736, networkLocation: /default-rack, certSerialId: null}
2019-10-03 08:52:32,959 [pool-433-thread-1] INFO  storage.RaftStorage (RaftStorage.java:format(84)) - Storage directory /workdir/hadoop-ozone/integration-test/target/test-dir/MiniOzoneClusterImpl-a1d964ab-5229-4284-9f54-f7c2eb799dd5/datanode-5/data/ratis/ba83ff82-df6d-45f6-bb5c-b87faf9e6dab has been successfully formatted.
2019-10-03 08:52:32,959 [pool-433-thread-1] INFO  ratis.ContainerStateMachine (ContainerStateMachine.java:loadSnapshot(230)) - group-B87FAF9E6DAB: The snapshot info is null. Setting the last applied indexto:(t:0, i:~)
2019-10-03 08:52:32,960 [pool-433-thread-1] INFO  server.RaftServerConfigKeys (ConfUtils.java:logGet(43)) - raft.server.notification.no-leader.timeout = 120s (custom)
2019-10-03 08:52:32,960 [pool-433-thread-1] INFO  server.RaftServerConfigKeys (ConfUtils.java:logGet(43)) - raft.server.log.use.memory = false (default)
2019-10-03 08:52:32,960 [pool-433-thread-1] INFO  server.RaftServerConfigKeys (ConfUtils.java:logGet(43)) - raft.server.log.purge.gap = 1000000 (custom)
2019-10-03 08:52:32,960 [pool-433-thread-1] INFO  server.RaftServerConfigKeys (ConfUtils.java:logGet(43)) - raft.server.log.appender.buffer.byte-limit = 33554432 (custom)
2019-10-03 08:52:32,960 [pool-433-thread-1] INFO  server.RaftServerConfigKeys (ConfUtils.java:logGet(43)) - raft.server.log.segment.size.max = 1048576 (custom)
2019-10-03 08:52:32,962 [pool-433-thread-1] INFO  server.RaftServerConfigKeys (ConfUtils.java:logGet(43)) - raft.server.log.segment.cache.num.max = 2 (custom)
2019-10-03 08:52:32,962 [pool-433-thread-1] INFO  segmented.SegmentedRaftLogWorker (SegmentedRaftLogWorker.java:<init>(173)) - new b7681a11-7eff-4e86-8847-eeb1fccc76a6@group-B87FAF9E6DAB-SegmentedRaftLogWorker for RaftStorage:Storage Directory /workdir/hadoop-ozone/integration-test/target/test-dir/MiniOzoneClusterImpl-a1d964ab-5229-4284-9f54-f7c2eb799dd5/datanode-5/data/ratis/ba83ff82-df6d-45f6-bb5c-b87faf9e6dab
2019-10-03 08:52:32,962 [pool-433-thread-1] INFO  server.RaftServerConfigKeys (ConfUtils.java:logGet(43)) - raft.server.log.queue.byte-limit = 2147483647 (custom)
2019-10-03 08:52:32,962 [pool-433-thread-1] INFO  server.RaftServerConfigKeys (ConfUtils.java:logGet(43)) - raft.server.log.queue.element-limit = 1024 (custom)
2019-10-03 08:52:32,963 [pool-433-thread-1] INFO  server.RaftServerConfigKeys (ConfUtils.java:logGet(43)) - raft.server.log.segment.size.max = 1048576 (custom)
2019-10-03 08:52:32,963 [pool-433-thread-1] INFO  server.RaftServerConfigKeys (ConfUtils.java:logGet(43)) - raft.server.log.preallocated.size = 16384 (custom)
2019-10-03 08:52:32,963 [pool-433-thread-1] INFO  server.RaftServerConfigKeys (ConfUtils.java:logGet(43)) - raft.server.log.write.buffer.size = 33554432 (custom)
2019-10-03 08:52:32,963 [pool-433-thread-1] INFO  server.RaftServerConfigKeys (ConfUtils.java:logGet(43)) - raft.server.log.force.sync.num = 128 (default)
2019-10-03 08:52:32,963 [pool-433-thread-1] INFO  server.RaftServerConfigKeys (ConfUtils.java:logGet(43)) - raft.server.log.statemachine.data.sync = true (default)
2019-10-03 08:52:32,963 [pool-433-thread-1] INFO  server.RaftServerConfigKeys (ConfUtils.java:logGet(43)) - raft.server.log.statemachine.data.sync.timeout = 10s (default)
2019-10-03 08:52:32,963 [pool-433-thread-1] INFO  server.RaftServerConfigKeys (ConfUtils.java:logGet(43)) - raft.server.log.statemachine.data.sync.timeout.retry = -1 (default)
2019-10-03 08:52:32,964 [pool-433-thread-1] INFO  server.RaftServerConfigKeys (ConfUtils.java:logGet(43)) - raft.server.log.statemachine.data.caching.enabled = true (custom)
2019-10-03 08:52:32,964 [pool-433-thread-1] INFO  segmented.SegmentedRaftLogWorker (SegmentedRaftLogWorker.java:lambda$new$0(128)) - b7681a11-7eff-4e86-8847-eeb1fccc76a6@group-B87FAF9E6DAB-SegmentedRaftLogWorker: flushIndex: setUnconditionally 0 -> -1
2019-10-03 08:52:32,964 [pool-433-thread-1] INFO  server.RaftServerConfigKeys (ConfUtils.java:logGet(43)) - raft.server.snapshot.auto.trigger.enabled = true (custom)
2019-10-03 08:52:32,965 [pool-433-thread-1] INFO  server.RaftServerConfigKeys (ConfUtils.java:logGet(43)) - raft.server.snapshot.auto.trigger.threshold = 10000 (custom)
2019-10-03 08:52:32,965 [pool-433-thread-1] INFO  server.RaftServerConfigKeys (ConfUtils.java:logGet(43)) - raft.server.snapshot.retention.file.num = 5 (custom)
2019-10-03 08:52:32,965 [pool-433-thread-1] INFO  server.RaftServerConfigKeys (ConfUtils.java:logGet(43)) - raft.server.retrycache.expirytime = 600000ms (custom)
2019-10-03 08:52:32,967 [pool-433-thread-1] INFO  impl.RaftServerImpl (RaftServerImpl.java:start(181)) - b7681a11-7eff-4e86-8847-eeb1fccc76a6@group-B87FAF9E6DAB: start as a follower, conf=-1: [b7681a11-7eff-4e86-8847-eeb1fccc76a6:192.168.151.103:37762], old=null
2019-10-03 08:52:32,967 [pool-433-thread-1] INFO  impl.RaftServerImpl (RaftServerImpl.java:setRole(170)) - b7681a11-7eff-4e86-8847-eeb1fccc76a6@group-B87FAF9E6DAB: changes role from      null to FOLLOWER at term 0 for startAsFollower
2019-10-03 08:52:32,967 [pool-433-thread-1] INFO  impl.RoleInfo (RoleInfo.java:updateAndGet(143)) - b7681a11-7eff-4e86-8847-eeb1fccc76a6: start FollowerState
2019-10-03 08:52:32,968 [pool-433-thread-1] INFO  util.JmxRegister (JmxRegister.java:tryRegister(44)) - Successfully registered JMX Bean with object name Ratis:service=RaftServer,group=group-B87FAF9E6DAB,id=b7681a11-7eff-4e86-8847-eeb1fccc76a6
2019-10-03 08:52:32,971 [RatisPipelineUtilsThread] INFO  pipeline.PipelineStateManager (PipelineStateManager.java:addPipeline(56)) - Created pipeline Pipeline[ Id: ba83ff82-df6d-45f6-bb5c-b87faf9e6dab, Nodes: b7681a11-7eff-4e86-8847-eeb1fccc76a6{ip: 192.168.151.103, host: pr-hdds-2234-ztsc4-2614151736, networkLocation: /default-rack, certSerialId: null}, Type:RATIS, Factor:ONE, State:OPEN]
2019-10-03 08:52:33,010 [grpc-default-executor-0] INFO  impl.RaftServerProxy (RaftServerProxy.java:addNew(89)) - 91f14bbc-873a-40f2-82e9-5c14abd6bd54: addNew group-DA300258155D:[91f14bbc-873a-40f2-82e9-5c14abd6bd54:192.168.151.103:33119] returns group-DA300258155D:java.util.concurrent.CompletableFuture@18bbf7db[Not completed]
2019-10-03 08:52:33,012 [pool-443-thread-1] INFO  impl.RaftServerImpl (RaftServerImpl.java:<init>(95)) - 91f14bbc-873a-40f2-82e9-5c14abd6bd54: new RaftServerImpl for group-DA300258155D:[91f14bbc-873a-40f2-82e9-5c14abd6bd54:192.168.151.103:33119] with ContainerStateMachine:uninitialized
2019-10-03 08:52:33,012 [pool-443-thread-1] INFO  server.RaftServerConfigKeys (ConfUtils.java:logGet(43)) - raft.server.rpc.timeout.min = 5s (custom)
2019-10-03 08:52:33,012 [pool-443-thread-1] INFO  server.RaftServerConfigKeys (ConfUtils.java:logGet(43)) - raft.server.rpc.timeout.max = 5200ms (custom)
2019-10-03 08:52:33,013 [pool-443-thread-1] INFO  server.RaftServerConfigKeys (ConfUtils.java:logGet(43)) - raft.server.rpcslowness.timeout = 120s (custom)
2019-10-03 08:52:33,013 [pool-443-thread-1] INFO  server.RaftServerConfigKeys (ConfUtils.java:logGet(43)) - raft.server.sleep.deviation.threshold = 300 (default)
2019-10-03 08:52:33,013 [pool-443-thread-1] INFO  server.RaftServerConfigKeys (ConfUtils.java:logGet(43)) - raft.server.log.appender.install.snapshot.enabled = false (custom)
2019-10-03 08:52:33,013 [pool-443-thread-1] INFO  impl.RaftServerImpl (ServerState.java:<init>(103)) - 91f14bbc-873a-40f2-82e9-5c14abd6bd54@group-DA300258155D: ConfigurationManager, init=-1: [91f14bbc-873a-40f2-82e9-5c14abd6bd54:192.168.151.103:33119], old=null, confs=<EMPTY_MAP>
2019-10-03 08:52:33,013 [pool-443-thread-1] INFO  server.RaftServerConfigKeys (ConfUtils.java:logGet(43)) - raft.server.storage.dir = [/workdir/hadoop-ozone/integration-test/target/test-dir/MiniOzoneClusterImpl-a1d964ab-5229-4284-9f54-f7c2eb799dd5/datanode-6/data/ratis] (custom)
2019-10-03 08:52:33,014 [pool-443-thread-1] INFO  server.RaftServerConfigKeys (ConfUtils.java:logGet(43)) - raft.server.log.corruption.policy = EXCEPTION (default)
2019-10-03 08:52:33,014 [pool-443-thread-1] INFO  storage.RaftStorageDirectory (RaftStorageDirectory.java:analyzeStorage(246)) - The storage directory /workdir/hadoop-ozone/integration-test/target/test-dir/MiniOzoneClusterImpl-a1d964ab-5229-4284-9f54-f7c2eb799dd5/datanode-6/data/ratis/7a84d198-1189-4480-ace0-da300258155d does not exist. Creating ...
2019-10-03 08:52:33,028 [pool-443-thread-1] INFO  storage.RaftStorageDirectory (RaftStorageDirectory.java:tryLock(328)) - Lock on /workdir/hadoop-ozone/integration-test/target/test-dir/MiniOzoneClusterImpl-a1d964ab-5229-4284-9f54-f7c2eb799dd5/datanode-6/data/ratis/7a84d198-1189-4480-ace0-da300258155d/in_use.lock acquired by nodename 24511@pr-hdds-2234-ztsc4-2614151736
2019-10-03 08:52:33,043 [pool-443-thread-1] INFO  storage.RaftStorage (RaftStorage.java:format(84)) - Storage directory /workdir/hadoop-ozone/integration-test/target/test-dir/MiniOzoneClusterImpl-a1d964ab-5229-4284-9f54-f7c2eb799dd5/datanode-6/data/ratis/7a84d198-1189-4480-ace0-da300258155d has been successfully formatted.
2019-10-03 08:52:33,043 [pool-443-thread-1] INFO  ratis.ContainerStateMachine (ContainerStateMachine.java:loadSnapshot(230)) - group-DA300258155D: The snapshot info is null. Setting the last applied indexto:(t:0, i:~)
2019-10-03 08:52:33,044 [pool-443-thread-1] INFO  server.RaftServerConfigKeys (ConfUtils.java:logGet(43)) - raft.server.notification.no-leader.timeout = 120s (custom)
2019-10-03 08:52:33,044 [pool-443-thread-1] INFO  server.RaftServerConfigKeys (ConfUtils.java:logGet(43)) - raft.server.log.use.memory = false (default)
2019-10-03 08:52:33,044 [pool-443-thread-1] INFO  server.RaftServerConfigKeys (ConfUtils.java:logGet(43)) - raft.server.log.purge.gap = 1000000 (custom)
2019-10-03 08:52:33,044 [pool-443-thread-1] INFO  server.RaftServerConfigKeys (ConfUtils.java:logGet(43)) - raft.server.log.appender.buffer.byte-limit = 33554432 (custom)
2019-10-03 08:52:33,044 [pool-443-thread-1] INFO  server.RaftServerConfigKeys (ConfUtils.java:logGet(43)) - raft.server.log.segment.size.max = 1048576 (custom)
2019-10-03 08:52:33,046 [pool-443-thread-1] INFO  server.RaftServerConfigKeys (ConfUtils.java:logGet(43)) - raft.server.log.segment.cache.num.max = 2 (custom)
2019-10-03 08:52:33,046 [pool-443-thread-1] INFO  segmented.SegmentedRaftLogWorker (SegmentedRaftLogWorker.java:<init>(173)) - new 91f14bbc-873a-40f2-82e9-5c14abd6bd54@group-DA300258155D-SegmentedRaftLogWorker for RaftStorage:Storage Directory /workdir/hadoop-ozone/integration-test/target/test-dir/MiniOzoneClusterImpl-a1d964ab-5229-4284-9f54-f7c2eb799dd5/datanode-6/data/ratis/7a84d198-1189-4480-ace0-da300258155d
2019-10-03 08:52:33,046 [pool-443-thread-1] INFO  server.RaftServerConfigKeys (ConfUtils.java:logGet(43)) - raft.server.log.queue.byte-limit = 2147483647 (custom)
2019-10-03 08:52:33,046 [pool-443-thread-1] INFO  server.RaftServerConfigKeys (ConfUtils.java:logGet(43)) - raft.server.log.queue.element-limit = 1024 (custom)
2019-10-03 08:52:33,047 [pool-443-thread-1] INFO  server.RaftServerConfigKeys (ConfUtils.java:logGet(43)) - raft.server.log.segment.size.max = 1048576 (custom)
2019-10-03 08:52:33,047 [pool-443-thread-1] INFO  server.RaftServerConfigKeys (ConfUtils.java:logGet(43)) - raft.server.log.preallocated.size = 16384 (custom)
2019-10-03 08:52:33,047 [pool-443-thread-1] INFO  server.RaftServerConfigKeys (ConfUtils.java:logGet(43)) - raft.server.log.write.buffer.size = 33554432 (custom)
2019-10-03 08:52:33,047 [pool-443-thread-1] INFO  server.RaftServerConfigKeys (ConfUtils.java:logGet(43)) - raft.server.log.force.sync.num = 128 (default)
2019-10-03 08:52:33,047 [pool-443-thread-1] INFO  server.RaftServerConfigKeys (ConfUtils.java:logGet(43)) - raft.server.log.statemachine.data.sync = true (default)
2019-10-03 08:52:33,047 [pool-443-thread-1] INFO  server.RaftServerConfigKeys (ConfUtils.java:logGet(43)) - raft.server.log.statemachine.data.sync.timeout = 10s (default)
2019-10-03 08:52:33,047 [pool-443-thread-1] INFO  server.RaftServerConfigKeys (ConfUtils.java:logGet(43)) - raft.server.log.statemachine.data.sync.timeout.retry = -1 (default)
2019-10-03 08:52:33,048 [pool-443-thread-1] INFO  server.RaftServerConfigKeys (ConfUtils.java:logGet(43)) - raft.server.log.statemachine.data.caching.enabled = true (custom)
2019-10-03 08:52:33,048 [pool-443-thread-1] INFO  segmented.SegmentedRaftLogWorker (SegmentedRaftLogWorker.java:lambda$new$0(128)) - 91f14bbc-873a-40f2-82e9-5c14abd6bd54@group-DA300258155D-SegmentedRaftLogWorker: flushIndex: setUnconditionally 0 -> -1
2019-10-03 08:52:33,048 [pool-443-thread-1] INFO  server.RaftServerConfigKeys (ConfUtils.java:logGet(43)) - raft.server.snapshot.auto.trigger.enabled = true (custom)
2019-10-03 08:52:33,048 [pool-443-thread-1] INFO  server.RaftServerConfigKeys (ConfUtils.java:logGet(43)) - raft.server.snapshot.auto.trigger.threshold = 10000 (custom)
2019-10-03 08:52:33,049 [pool-443-thread-1] INFO  server.RaftServerConfigKeys (ConfUtils.java:logGet(43)) - raft.server.snapshot.retention.file.num = 5 (custom)
2019-10-03 08:52:33,049 [pool-443-thread-1] INFO  server.RaftServerConfigKeys (ConfUtils.java:logGet(43)) - raft.server.retrycache.expirytime = 600000ms (custom)
2019-10-03 08:52:33,050 [pool-443-thread-1] INFO  impl.RaftServerImpl (RaftServerImpl.java:start(181)) - 91f14bbc-873a-40f2-82e9-5c14abd6bd54@group-DA300258155D: start as a follower, conf=-1: [91f14bbc-873a-40f2-82e9-5c14abd6bd54:192.168.151.103:33119], old=null
2019-10-03 08:52:33,051 [pool-443-thread-1] INFO  impl.RaftServerImpl (RaftServerImpl.java:setRole(170)) - 91f14bbc-873a-40f2-82e9-5c14abd6bd54@group-DA300258155D: changes role from      null to FOLLOWER at term 0 for startAsFollower
2019-10-03 08:52:33,051 [pool-443-thread-1] INFO  impl.RoleInfo (RoleInfo.java:updateAndGet(143)) - 91f14bbc-873a-40f2-82e9-5c14abd6bd54: start FollowerState
2019-10-03 08:52:33,051 [pool-443-thread-1] INFO  util.JmxRegister (JmxRegister.java:tryRegister(44)) - Successfully registered JMX Bean with object name Ratis:service=RaftServer,group=group-DA300258155D,id=91f14bbc-873a-40f2-82e9-5c14abd6bd54
2019-10-03 08:52:33,055 [RatisPipelineUtilsThread] INFO  pipeline.PipelineStateManager (PipelineStateManager.java:addPipeline(56)) - Created pipeline Pipeline[ Id: 7a84d198-1189-4480-ace0-da300258155d, Nodes: 91f14bbc-873a-40f2-82e9-5c14abd6bd54{ip: 192.168.151.103, host: pr-hdds-2234-ztsc4-2614151736, networkLocation: /default-rack, certSerialId: null}, Type:RATIS, Factor:ONE, State:OPEN]
2019-10-03 08:52:33,077 [grpc-default-executor-6] INFO  impl.RaftServerProxy (RaftServerProxy.java:addNew(89)) - ce7734d3-8a6c-4ab9-b10c-caad0cef6fab: addNew group-46625131B057:[ce7734d3-8a6c-4ab9-b10c-caad0cef6fab:192.168.151.103:37070, 91f14bbc-873a-40f2-82e9-5c14abd6bd54:192.168.151.103:33119, d28d590e-8394-4f06-bb68-c22d7dc563d2:192.168.151.103:45829] returns group-46625131B057:java.util.concurrent.CompletableFuture@762545b9[Not completed]
2019-10-03 08:52:33,077 [grpc-default-executor-7] INFO  impl.RaftServerProxy (RaftServerProxy.java:addNew(89)) - 91f14bbc-873a-40f2-82e9-5c14abd6bd54: addNew group-46625131B057:[ce7734d3-8a6c-4ab9-b10c-caad0cef6fab:192.168.151.103:37070, 91f14bbc-873a-40f2-82e9-5c14abd6bd54:192.168.151.103:33119, d28d590e-8394-4f06-bb68-c22d7dc563d2:192.168.151.103:45829] returns group-46625131B057:java.util.concurrent.CompletableFuture@c804a88[Not completed]
2019-10-03 08:52:33,077 [grpc-default-executor-6] INFO  impl.RaftServerProxy (RaftServerProxy.java:addNew(89)) - d28d590e-8394-4f06-bb68-c22d7dc563d2: addNew group-46625131B057:[ce7734d3-8a6c-4ab9-b10c-caad0cef6fab:192.168.151.103:37070, 91f14bbc-873a-40f2-82e9-5c14abd6bd54:192.168.151.103:33119, d28d590e-8394-4f06-bb68-c22d7dc563d2:192.168.151.103:45829] returns group-46625131B057:java.util.concurrent.CompletableFuture@75bf85fc[Not completed]
2019-10-03 08:52:33,078 [pool-443-thread-1] INFO  impl.RaftServerImpl (RaftServerImpl.java:<init>(95)) - 91f14bbc-873a-40f2-82e9-5c14abd6bd54: new RaftServerImpl for group-46625131B057:[ce7734d3-8a6c-4ab9-b10c-caad0cef6fab:192.168.151.103:37070, 91f14bbc-873a-40f2-82e9-5c14abd6bd54:192.168.151.103:33119, d28d590e-8394-4f06-bb68-c22d7dc563d2:192.168.151.103:45829] with ContainerStateMachine:uninitialized
2019-10-03 08:52:33,078 [pool-443-thread-1] INFO  server.RaftServerConfigKeys (ConfUtils.java:logGet(43)) - raft.server.rpc.timeout.min = 5s (custom)
2019-10-03 08:52:33,078 [pool-443-thread-1] INFO  server.RaftServerConfigKeys (ConfUtils.java:logGet(43)) - raft.server.rpc.timeout.max = 5200ms (custom)
2019-10-03 08:52:33,079 [pool-443-thread-1] INFO  server.RaftServerConfigKeys (ConfUtils.java:logGet(43)) - raft.server.rpcslowness.timeout = 120s (custom)
2019-10-03 08:52:33,079 [pool-443-thread-1] INFO  server.RaftServerConfigKeys (ConfUtils.java:logGet(43)) - raft.server.sleep.deviation.threshold = 300 (default)
2019-10-03 08:52:33,079 [pool-443-thread-1] INFO  server.RaftServerConfigKeys (ConfUtils.java:logGet(43)) - raft.server.log.appender.install.snapshot.enabled = false (custom)
2019-10-03 08:52:33,079 [pool-443-thread-1] INFO  impl.RaftServerImpl (ServerState.java:<init>(103)) - 91f14bbc-873a-40f2-82e9-5c14abd6bd54@group-46625131B057: ConfigurationManager, init=-1: [ce7734d3-8a6c-4ab9-b10c-caad0cef6fab:192.168.151.103:37070, 91f14bbc-873a-40f2-82e9-5c14abd6bd54:192.168.151.103:33119, d28d590e-8394-4f06-bb68-c22d7dc563d2:192.168.151.103:45829], old=null, confs=<EMPTY_MAP>
2019-10-03 08:52:33,079 [pool-413-thread-1] INFO  impl.RaftServerImpl (RaftServerImpl.java:<init>(95)) - d28d590e-8394-4f06-bb68-c22d7dc563d2: new RaftServerImpl for group-46625131B057:[ce7734d3-8a6c-4ab9-b10c-caad0cef6fab:192.168.151.103:37070, 91f14bbc-873a-40f2-82e9-5c14abd6bd54:192.168.151.103:33119, d28d590e-8394-4f06-bb68-c22d7dc563d2:192.168.151.103:45829] with ContainerStateMachine:uninitialized
2019-10-03 08:52:33,079 [pool-443-thread-1] INFO  server.RaftServerConfigKeys (ConfUtils.java:logGet(43)) - raft.server.storage.dir = [/workdir/hadoop-ozone/integration-test/target/test-dir/MiniOzoneClusterImpl-a1d964ab-5229-4284-9f54-f7c2eb799dd5/datanode-6/data/ratis] (custom)
2019-10-03 08:52:33,079 [pool-413-thread-1] INFO  server.RaftServerConfigKeys (ConfUtils.java:logGet(43)) - raft.server.rpc.timeout.min = 5s (custom)
2019-10-03 08:52:33,079 [pool-413-thread-1] INFO  server.RaftServerConfigKeys (ConfUtils.java:logGet(43)) - raft.server.rpc.timeout.max = 5200ms (custom)
2019-10-03 08:52:33,079 [pool-443-thread-1] INFO  server.RaftServerConfigKeys (ConfUtils.java:logGet(43)) - raft.server.log.corruption.policy = EXCEPTION (default)
2019-10-03 08:52:33,080 [pool-413-thread-1] INFO  server.RaftServerConfigKeys (ConfUtils.java:logGet(43)) - raft.server.rpcslowness.timeout = 120s (custom)
2019-10-03 08:52:33,080 [pool-443-thread-1] INFO  storage.RaftStorageDirectory (RaftStorageDirectory.java:analyzeStorage(246)) - The storage directory /workdir/hadoop-ozone/integration-test/target/test-dir/MiniOzoneClusterImpl-a1d964ab-5229-4284-9f54-f7c2eb799dd5/datanode-6/data/ratis/c8cd59bb-34a0-4e10-9f7a-46625131b057 does not exist. Creating ...
2019-10-03 08:52:33,080 [pool-423-thread-1] INFO  impl.RaftServerImpl (RaftServerImpl.java:<init>(95)) - ce7734d3-8a6c-4ab9-b10c-caad0cef6fab: new RaftServerImpl for group-46625131B057:[ce7734d3-8a6c-4ab9-b10c-caad0cef6fab:192.168.151.103:37070, 91f14bbc-873a-40f2-82e9-5c14abd6bd54:192.168.151.103:33119, d28d590e-8394-4f06-bb68-c22d7dc563d2:192.168.151.103:45829] with ContainerStateMachine:uninitialized
2019-10-03 08:52:33,080 [pool-413-thread-1] INFO  server.RaftServerConfigKeys (ConfUtils.java:logGet(43)) - raft.server.sleep.deviation.threshold = 300 (default)
2019-10-03 08:52:33,080 [pool-423-thread-1] INFO  server.RaftServerConfigKeys (ConfUtils.java:logGet(43)) - raft.server.rpc.timeout.min = 5s (custom)
2019-10-03 08:52:33,080 [pool-413-thread-1] INFO  server.RaftServerConfigKeys (ConfUtils.java:logGet(43)) - raft.server.log.appender.install.snapshot.enabled = false (custom)
2019-10-03 08:52:33,080 [pool-423-thread-1] INFO  server.RaftServerConfigKeys (ConfUtils.java:logGet(43)) - raft.server.rpc.timeout.max = 5200ms (custom)
2019-10-03 08:52:33,080 [pool-413-thread-1] INFO  impl.RaftServerImpl (ServerState.java:<init>(103)) - d28d590e-8394-4f06-bb68-c22d7dc563d2@group-46625131B057: ConfigurationManager, init=-1: [ce7734d3-8a6c-4ab9-b10c-caad0cef6fab:192.168.151.103:37070, 91f14bbc-873a-40f2-82e9-5c14abd6bd54:192.168.151.103:33119, d28d590e-8394-4f06-bb68-c22d7dc563d2:192.168.151.103:45829], old=null, confs=<EMPTY_MAP>
2019-10-03 08:52:33,081 [pool-423-thread-1] INFO  server.RaftServerConfigKeys (ConfUtils.java:logGet(43)) - raft.server.rpcslowness.timeout = 120s (custom)
2019-10-03 08:52:33,081 [pool-413-thread-1] INFO  server.RaftServerConfigKeys (ConfUtils.java:logGet(43)) - raft.server.storage.dir = [/workdir/hadoop-ozone/integration-test/target/test-dir/MiniOzoneClusterImpl-a1d964ab-5229-4284-9f54-f7c2eb799dd5/datanode-3/data/ratis] (custom)
2019-10-03 08:52:33,081 [pool-423-thread-1] INFO  server.RaftServerConfigKeys (ConfUtils.java:logGet(43)) - raft.server.sleep.deviation.threshold = 300 (default)
2019-10-03 08:52:33,081 [pool-423-thread-1] INFO  server.RaftServerConfigKeys (ConfUtils.java:logGet(43)) - raft.server.log.appender.install.snapshot.enabled = false (custom)
2019-10-03 08:52:33,081 [pool-413-thread-1] INFO  server.RaftServerConfigKeys (ConfUtils.java:logGet(43)) - raft.server.log.corruption.policy = EXCEPTION (default)
2019-10-03 08:52:33,081 [pool-423-thread-1] INFO  impl.RaftServerImpl (ServerState.java:<init>(103)) - ce7734d3-8a6c-4ab9-b10c-caad0cef6fab@group-46625131B057: ConfigurationManager, init=-1: [ce7734d3-8a6c-4ab9-b10c-caad0cef6fab:192.168.151.103:37070, 91f14bbc-873a-40f2-82e9-5c14abd6bd54:192.168.151.103:33119, d28d590e-8394-4f06-bb68-c22d7dc563d2:192.168.151.103:45829], old=null, confs=<EMPTY_MAP>
2019-10-03 08:52:33,082 [pool-413-thread-1] INFO  storage.RaftStorageDirectory (RaftStorageDirectory.java:analyzeStorage(246)) - The storage directory /workdir/hadoop-ozone/integration-test/target/test-dir/MiniOzoneClusterImpl-a1d964ab-5229-4284-9f54-f7c2eb799dd5/datanode-3/data/ratis/c8cd59bb-34a0-4e10-9f7a-46625131b057 does not exist. Creating ...
2019-10-03 08:52:33,082 [pool-423-thread-1] INFO  server.RaftServerConfigKeys (ConfUtils.java:logGet(43)) - raft.server.storage.dir = [/workdir/hadoop-ozone/integration-test/target/test-dir/MiniOzoneClusterImpl-a1d964ab-5229-4284-9f54-f7c2eb799dd5/datanode-4/data/ratis] (custom)
2019-10-03 08:52:33,082 [pool-423-thread-1] INFO  server.RaftServerConfigKeys (ConfUtils.java:logGet(43)) - raft.server.log.corruption.policy = EXCEPTION (default)
2019-10-03 08:52:33,082 [pool-423-thread-1] INFO  storage.RaftStorageDirectory (RaftStorageDirectory.java:analyzeStorage(246)) - The storage directory /workdir/hadoop-ozone/integration-test/target/test-dir/MiniOzoneClusterImpl-a1d964ab-5229-4284-9f54-f7c2eb799dd5/datanode-4/data/ratis/c8cd59bb-34a0-4e10-9f7a-46625131b057 does not exist. Creating ...
2019-10-03 08:52:33,093 [pool-443-thread-1] INFO  storage.RaftStorageDirectory (RaftStorageDirectory.java:tryLock(328)) - Lock on /workdir/hadoop-ozone/integration-test/target/test-dir/MiniOzoneClusterImpl-a1d964ab-5229-4284-9f54-f7c2eb799dd5/datanode-6/data/ratis/c8cd59bb-34a0-4e10-9f7a-46625131b057/in_use.lock acquired by nodename 24511@pr-hdds-2234-ztsc4-2614151736
2019-10-03 08:52:33,093 [pool-413-thread-1] INFO  storage.RaftStorageDirectory (RaftStorageDirectory.java:tryLock(328)) - Lock on /workdir/hadoop-ozone/integration-test/target/test-dir/MiniOzoneClusterImpl-a1d964ab-5229-4284-9f54-f7c2eb799dd5/datanode-3/data/ratis/c8cd59bb-34a0-4e10-9f7a-46625131b057/in_use.lock acquired by nodename 24511@pr-hdds-2234-ztsc4-2614151736
2019-10-03 08:52:33,093 [pool-423-thread-1] INFO  storage.RaftStorageDirectory (RaftStorageDirectory.java:tryLock(328)) - Lock on /workdir/hadoop-ozone/integration-test/target/test-dir/MiniOzoneClusterImpl-a1d964ab-5229-4284-9f54-f7c2eb799dd5/datanode-4/data/ratis/c8cd59bb-34a0-4e10-9f7a-46625131b057/in_use.lock acquired by nodename 24511@pr-hdds-2234-ztsc4-2614151736
2019-10-03 08:52:33,107 [pool-443-thread-1] INFO  storage.RaftStorage (RaftStorage.java:format(84)) - Storage directory /workdir/hadoop-ozone/integration-test/target/test-dir/MiniOzoneClusterImpl-a1d964ab-5229-4284-9f54-f7c2eb799dd5/datanode-6/data/ratis/c8cd59bb-34a0-4e10-9f7a-46625131b057 has been successfully formatted.
2019-10-03 08:52:33,107 [pool-413-thread-1] INFO  storage.RaftStorage (RaftStorage.java:format(84)) - Storage directory /workdir/hadoop-ozone/integration-test/target/test-dir/MiniOzoneClusterImpl-a1d964ab-5229-4284-9f54-f7c2eb799dd5/datanode-3/data/ratis/c8cd59bb-34a0-4e10-9f7a-46625131b057 has been successfully formatted.
2019-10-03 08:52:33,107 [pool-423-thread-1] INFO  storage.RaftStorage (RaftStorage.java:format(84)) - Storage directory /workdir/hadoop-ozone/integration-test/target/test-dir/MiniOzoneClusterImpl-a1d964ab-5229-4284-9f54-f7c2eb799dd5/datanode-4/data/ratis/c8cd59bb-34a0-4e10-9f7a-46625131b057 has been successfully formatted.
2019-10-03 08:52:33,107 [pool-413-thread-1] INFO  ratis.ContainerStateMachine (ContainerStateMachine.java:loadSnapshot(230)) - group-46625131B057: The snapshot info is null. Setting the last applied indexto:(t:0, i:~)
2019-10-03 08:52:33,107 [pool-443-thread-1] INFO  ratis.ContainerStateMachine (ContainerStateMachine.java:loadSnapshot(230)) - group-46625131B057: The snapshot info is null. Setting the last applied indexto:(t:0, i:~)
2019-10-03 08:52:33,107 [pool-413-thread-1] INFO  server.RaftServerConfigKeys (ConfUtils.java:logGet(43)) - raft.server.notification.no-leader.timeout = 120s (custom)
2019-10-03 08:52:33,107 [pool-423-thread-1] INFO  ratis.ContainerStateMachine (ContainerStateMachine.java:loadSnapshot(230)) - group-46625131B057: The snapshot info is null. Setting the last applied indexto:(t:0, i:~)
2019-10-03 08:52:33,108 [pool-413-thread-1] INFO  server.RaftServerConfigKeys (ConfUtils.java:logGet(43)) - raft.server.log.use.memory = false (default)
2019-10-03 08:52:33,108 [pool-443-thread-1] INFO  server.RaftServerConfigKeys (ConfUtils.java:logGet(43)) - raft.server.notification.no-leader.timeout = 120s (custom)
2019-10-03 08:52:33,108 [pool-413-thread-1] INFO  server.RaftServerConfigKeys (ConfUtils.java:logGet(43)) - raft.server.log.purge.gap = 1000000 (custom)
2019-10-03 08:52:33,108 [pool-423-thread-1] INFO  server.RaftServerConfigKeys (ConfUtils.java:logGet(43)) - raft.server.notification.no-leader.timeout = 120s (custom)
2019-10-03 08:52:33,108 [pool-413-thread-1] INFO  server.RaftServerConfigKeys (ConfUtils.java:logGet(43)) - raft.server.log.appender.buffer.byte-limit = 33554432 (custom)
2019-10-03 08:52:33,108 [pool-413-thread-1] INFO  server.RaftServerConfigKeys (ConfUtils.java:logGet(43)) - raft.server.log.segment.size.max = 1048576 (custom)
2019-10-03 08:52:33,108 [pool-443-thread-1] INFO  server.RaftServerConfigKeys (ConfUtils.java:logGet(43)) - raft.server.log.use.memory = false (default)
2019-10-03 08:52:33,109 [pool-413-thread-1] INFO  server.RaftServerConfigKeys (ConfUtils.java:logGet(43)) - raft.server.log.segment.cache.num.max = 2 (custom)
2019-10-03 08:52:33,108 [pool-423-thread-1] INFO  server.RaftServerConfigKeys (ConfUtils.java:logGet(43)) - raft.server.log.use.memory = false (default)
2019-10-03 08:52:33,109 [pool-413-thread-1] INFO  segmented.SegmentedRaftLogWorker (SegmentedRaftLogWorker.java:<init>(173)) - new d28d590e-8394-4f06-bb68-c22d7dc563d2@group-46625131B057-SegmentedRaftLogWorker for RaftStorage:Storage Directory /workdir/hadoop-ozone/integration-test/target/test-dir/MiniOzoneClusterImpl-a1d964ab-5229-4284-9f54-f7c2eb799dd5/datanode-3/data/ratis/c8cd59bb-34a0-4e10-9f7a-46625131b057
2019-10-03 08:52:33,109 [pool-413-thread-1] INFO  server.RaftServerConfigKeys (ConfUtils.java:logGet(43)) - raft.server.log.queue.byte-limit = 2147483647 (custom)
2019-10-03 08:52:33,109 [pool-443-thread-1] INFO  server.RaftServerConfigKeys (ConfUtils.java:logGet(43)) - raft.server.log.purge.gap = 1000000 (custom)
2019-10-03 08:52:33,109 [pool-413-thread-1] INFO  server.RaftServerConfigKeys (ConfUtils.java:logGet(43)) - raft.server.log.queue.element-limit = 1024 (custom)
2019-10-03 08:52:33,109 [pool-423-thread-1] INFO  server.RaftServerConfigKeys (ConfUtils.java:logGet(43)) - raft.server.log.purge.gap = 1000000 (custom)
2019-10-03 08:52:33,110 [pool-413-thread-1] INFO  server.RaftServerConfigKeys (ConfUtils.java:logGet(43)) - raft.server.log.segment.size.max = 1048576 (custom)
2019-10-03 08:52:33,109 [pool-443-thread-1] INFO  server.RaftServerConfigKeys (ConfUtils.java:logGet(43)) - raft.server.log.appender.buffer.byte-limit = 33554432 (custom)
2019-10-03 08:52:33,110 [pool-413-thread-1] INFO  server.RaftServerConfigKeys (ConfUtils.java:logGet(43)) - raft.server.log.preallocated.size = 16384 (custom)
2019-10-03 08:52:33,110 [pool-413-thread-1] INFO  server.RaftServerConfigKeys (ConfUtils.java:logGet(43)) - raft.server.log.write.buffer.size = 33554432 (custom)
2019-10-03 08:52:33,110 [pool-423-thread-1] INFO  server.RaftServerConfigKeys (ConfUtils.java:logGet(43)) - raft.server.log.appender.buffer.byte-limit = 33554432 (custom)
2019-10-03 08:52:33,110 [pool-413-thread-1] INFO  server.RaftServerConfigKeys (ConfUtils.java:logGet(43)) - raft.server.log.force.sync.num = 128 (default)
2019-10-03 08:52:33,111 [pool-413-thread-1] INFO  server.RaftServerConfigKeys (ConfUtils.java:logGet(43)) - raft.server.log.statemachine.data.sync = true (default)
2019-10-03 08:52:33,110 [pool-443-thread-1] INFO  server.RaftServerConfigKeys (ConfUtils.java:logGet(43)) - raft.server.log.segment.size.max = 1048576 (custom)
2019-10-03 08:52:33,111 [pool-413-thread-1] INFO  server.RaftServerConfigKeys (ConfUtils.java:logGet(43)) - raft.server.log.statemachine.data.sync.timeout = 10s (default)
2019-10-03 08:52:33,110 [pool-423-thread-1] INFO  server.RaftServerConfigKeys (ConfUtils.java:logGet(43)) - raft.server.log.segment.size.max = 1048576 (custom)
2019-10-03 08:52:33,111 [pool-413-thread-1] INFO  server.RaftServerConfigKeys (ConfUtils.java:logGet(43)) - raft.server.log.statemachine.data.sync.timeout.retry = -1 (default)
2019-10-03 08:52:33,111 [pool-443-thread-1] INFO  server.RaftServerConfigKeys (ConfUtils.java:logGet(43)) - raft.server.log.segment.cache.num.max = 2 (custom)
2019-10-03 08:52:33,111 [pool-413-thread-1] INFO  server.RaftServerConfigKeys (ConfUtils.java:logGet(43)) - raft.server.log.statemachine.data.caching.enabled = true (custom)
2019-10-03 08:52:33,111 [pool-423-thread-1] INFO  server.RaftServerConfigKeys (ConfUtils.java:logGet(43)) - raft.server.log.segment.cache.num.max = 2 (custom)
2019-10-03 08:52:33,111 [pool-443-thread-1] INFO  segmented.SegmentedRaftLogWorker (SegmentedRaftLogWorker.java:<init>(173)) - new 91f14bbc-873a-40f2-82e9-5c14abd6bd54@group-46625131B057-SegmentedRaftLogWorker for RaftStorage:Storage Directory /workdir/hadoop-ozone/integration-test/target/test-dir/MiniOzoneClusterImpl-a1d964ab-5229-4284-9f54-f7c2eb799dd5/datanode-6/data/ratis/c8cd59bb-34a0-4e10-9f7a-46625131b057
2019-10-03 08:52:33,112 [pool-413-thread-1] INFO  segmented.SegmentedRaftLogWorker (SegmentedRaftLogWorker.java:lambda$new$0(128)) - d28d590e-8394-4f06-bb68-c22d7dc563d2@group-46625131B057-SegmentedRaftLogWorker: flushIndex: setUnconditionally 0 -> -1
2019-10-03 08:52:33,112 [pool-423-thread-1] INFO  segmented.SegmentedRaftLogWorker (SegmentedRaftLogWorker.java:<init>(173)) - new ce7734d3-8a6c-4ab9-b10c-caad0cef6fab@group-46625131B057-SegmentedRaftLogWorker for RaftStorage:Storage Directory /workdir/hadoop-ozone/integration-test/target/test-dir/MiniOzoneClusterImpl-a1d964ab-5229-4284-9f54-f7c2eb799dd5/datanode-4/data/ratis/c8cd59bb-34a0-4e10-9f7a-46625131b057
2019-10-03 08:52:33,112 [pool-443-thread-1] INFO  server.RaftServerConfigKeys (ConfUtils.java:logGet(43)) - raft.server.log.queue.byte-limit = 2147483647 (custom)
2019-10-03 08:52:33,112 [pool-423-thread-1] INFO  server.RaftServerConfigKeys (ConfUtils.java:logGet(43)) - raft.server.log.queue.byte-limit = 2147483647 (custom)
2019-10-03 08:52:33,112 [pool-413-thread-1] INFO  server.RaftServerConfigKeys (ConfUtils.java:logGet(43)) - raft.server.snapshot.auto.trigger.enabled = true (custom)
2019-10-03 08:52:33,112 [pool-423-thread-1] INFO  server.RaftServerConfigKeys (ConfUtils.java:logGet(43)) - raft.server.log.queue.element-limit = 1024 (custom)
2019-10-03 08:52:33,112 [pool-443-thread-1] INFO  server.RaftServerConfigKeys (ConfUtils.java:logGet(43)) - raft.server.log.queue.element-limit = 1024 (custom)
2019-10-03 08:52:33,112 [pool-423-thread-1] INFO  server.RaftServerConfigKeys (ConfUtils.java:logGet(43)) - raft.server.log.segment.size.max = 1048576 (custom)
2019-10-03 08:52:33,112 [pool-413-thread-1] INFO  server.RaftServerConfigKeys (ConfUtils.java:logGet(43)) - raft.server.snapshot.auto.trigger.threshold = 10000 (custom)
2019-10-03 08:52:33,113 [pool-423-thread-1] INFO  server.RaftServerConfigKeys (ConfUtils.java:logGet(43)) - raft.server.log.preallocated.size = 16384 (custom)
2019-10-03 08:52:33,113 [pool-443-thread-1] INFO  server.RaftServerConfigKeys (ConfUtils.java:logGet(43)) - raft.server.log.segment.size.max = 1048576 (custom)
2019-10-03 08:52:33,113 [pool-423-thread-1] INFO  server.RaftServerConfigKeys (ConfUtils.java:logGet(43)) - raft.server.log.write.buffer.size = 33554432 (custom)
2019-10-03 08:52:33,113 [pool-413-thread-1] INFO  server.RaftServerConfigKeys (ConfUtils.java:logGet(43)) - raft.server.snapshot.retention.file.num = 5 (custom)
2019-10-03 08:52:33,113 [pool-423-thread-1] INFO  server.RaftServerConfigKeys (ConfUtils.java:logGet(43)) - raft.server.log.force.sync.num = 128 (default)
2019-10-03 08:52:33,113 [pool-423-thread-1] INFO  server.RaftServerConfigKeys (ConfUtils.java:logGet(43)) - raft.server.log.statemachine.data.sync = true (default)
2019-10-03 08:52:33,113 [pool-443-thread-1] INFO  server.RaftServerConfigKeys (ConfUtils.java:logGet(43)) - raft.server.log.preallocated.size = 16384 (custom)
2019-10-03 08:52:33,114 [pool-423-thread-1] INFO  server.RaftServerConfigKeys (ConfUtils.java:logGet(43)) - raft.server.log.statemachine.data.sync.timeout = 10s (default)
2019-10-03 08:52:33,113 [pool-413-thread-1] INFO  server.RaftServerConfigKeys (ConfUtils.java:logGet(43)) - raft.server.retrycache.expirytime = 600000ms (custom)
2019-10-03 08:52:33,114 [pool-423-thread-1] INFO  server.RaftServerConfigKeys (ConfUtils.java:logGet(43)) - raft.server.log.statemachine.data.sync.timeout.retry = -1 (default)
2019-10-03 08:52:33,114 [pool-443-thread-1] INFO  server.RaftServerConfigKeys (ConfUtils.java:logGet(43)) - raft.server.log.write.buffer.size = 33554432 (custom)
2019-10-03 08:52:33,114 [pool-423-thread-1] INFO  server.RaftServerConfigKeys (ConfUtils.java:logGet(43)) - raft.server.log.statemachine.data.caching.enabled = true (custom)
2019-10-03 08:52:33,114 [pool-443-thread-1] INFO  server.RaftServerConfigKeys (ConfUtils.java:logGet(43)) - raft.server.log.force.sync.num = 128 (default)
2019-10-03 08:52:33,114 [pool-443-thread-1] INFO  server.RaftServerConfigKeys (ConfUtils.java:logGet(43)) - raft.server.log.statemachine.data.sync = true (default)
2019-10-03 08:52:33,114 [pool-423-thread-1] INFO  segmented.SegmentedRaftLogWorker (SegmentedRaftLogWorker.java:lambda$new$0(128)) - ce7734d3-8a6c-4ab9-b10c-caad0cef6fab@group-46625131B057-SegmentedRaftLogWorker: flushIndex: setUnconditionally 0 -> -1
2019-10-03 08:52:33,115 [pool-443-thread-1] INFO  server.RaftServerConfigKeys (ConfUtils.java:logGet(43)) - raft.server.log.statemachine.data.sync.timeout = 10s (default)
2019-10-03 08:52:33,115 [pool-443-thread-1] INFO  server.RaftServerConfigKeys (ConfUtils.java:logGet(43)) - raft.server.log.statemachine.data.sync.timeout.retry = -1 (default)
2019-10-03 08:52:33,115 [pool-423-thread-1] INFO  server.RaftServerConfigKeys (ConfUtils.java:logGet(43)) - raft.server.snapshot.auto.trigger.enabled = true (custom)
2019-10-03 08:52:33,115 [pool-443-thread-1] INFO  server.RaftServerConfigKeys (ConfUtils.java:logGet(43)) - raft.server.log.statemachine.data.caching.enabled = true (custom)
2019-10-03 08:52:33,115 [pool-423-thread-1] INFO  server.RaftServerConfigKeys (ConfUtils.java:logGet(43)) - raft.server.snapshot.auto.trigger.threshold = 10000 (custom)
2019-10-03 08:52:33,115 [pool-443-thread-1] INFO  segmented.SegmentedRaftLogWorker (SegmentedRaftLogWorker.java:lambda$new$0(128)) - 91f14bbc-873a-40f2-82e9-5c14abd6bd54@group-46625131B057-SegmentedRaftLogWorker: flushIndex: setUnconditionally 0 -> -1
2019-10-03 08:52:33,115 [pool-423-thread-1] INFO  server.RaftServerConfigKeys (ConfUtils.java:logGet(43)) - raft.server.snapshot.retention.file.num = 5 (custom)
2019-10-03 08:52:33,116 [pool-423-thread-1] INFO  server.RaftServerConfigKeys (ConfUtils.java:logGet(43)) - raft.server.retrycache.expirytime = 600000ms (custom)
2019-10-03 08:52:33,116 [pool-443-thread-1] INFO  server.RaftServerConfigKeys (ConfUtils.java:logGet(43)) - raft.server.snapshot.auto.trigger.enabled = true (custom)
2019-10-03 08:52:33,116 [pool-443-thread-1] INFO  server.RaftServerConfigKeys (ConfUtils.java:logGet(43)) - raft.server.snapshot.auto.trigger.threshold = 10000 (custom)
2019-10-03 08:52:33,116 [pool-413-thread-1] INFO  impl.RaftServerImpl (RaftServerImpl.java:start(181)) - d28d590e-8394-4f06-bb68-c22d7dc563d2@group-46625131B057: start as a follower, conf=-1: [ce7734d3-8a6c-4ab9-b10c-caad0cef6fab:192.168.151.103:37070, 91f14bbc-873a-40f2-82e9-5c14abd6bd54:192.168.151.103:33119, d28d590e-8394-4f06-bb68-c22d7dc563d2:192.168.151.103:45829], old=null
2019-10-03 08:52:33,116 [pool-443-thread-1] INFO  server.RaftServerConfigKeys (ConfUtils.java:logGet(43)) - raft.server.snapshot.retention.file.num = 5 (custom)
2019-10-03 08:52:33,116 [pool-413-thread-1] INFO  impl.RaftServerImpl (RaftServerImpl.java:setRole(170)) - d28d590e-8394-4f06-bb68-c22d7dc563d2@group-46625131B057: changes role from      null to FOLLOWER at term 0 for startAsFollower
2019-10-03 08:52:33,116 [pool-443-thread-1] INFO  server.RaftServerConfigKeys (ConfUtils.java:logGet(43)) - raft.server.retrycache.expirytime = 600000ms (custom)
2019-10-03 08:52:33,117 [pool-413-thread-1] INFO  impl.RoleInfo (RoleInfo.java:updateAndGet(143)) - d28d590e-8394-4f06-bb68-c22d7dc563d2: start FollowerState
2019-10-03 08:52:33,117 [pool-413-thread-1] INFO  util.JmxRegister (JmxRegister.java:tryRegister(44)) - Successfully registered JMX Bean with object name Ratis:service=RaftServer,group=group-46625131B057,id=d28d590e-8394-4f06-bb68-c22d7dc563d2
2019-10-03 08:52:33,118 [pool-423-thread-1] INFO  impl.RaftServerImpl (RaftServerImpl.java:start(181)) - ce7734d3-8a6c-4ab9-b10c-caad0cef6fab@group-46625131B057: start as a follower, conf=-1: [ce7734d3-8a6c-4ab9-b10c-caad0cef6fab:192.168.151.103:37070, 91f14bbc-873a-40f2-82e9-5c14abd6bd54:192.168.151.103:33119, d28d590e-8394-4f06-bb68-c22d7dc563d2:192.168.151.103:45829], old=null
2019-10-03 08:52:33,118 [pool-423-thread-1] INFO  impl.RaftServerImpl (RaftServerImpl.java:setRole(170)) - ce7734d3-8a6c-4ab9-b10c-caad0cef6fab@group-46625131B057: changes role from      null to FOLLOWER at term 0 for startAsFollower
2019-10-03 08:52:33,118 [pool-423-thread-1] INFO  impl.RoleInfo (RoleInfo.java:updateAndGet(143)) - ce7734d3-8a6c-4ab9-b10c-caad0cef6fab: start FollowerState
2019-10-03 08:52:33,118 [pool-423-thread-1] INFO  util.JmxRegister (JmxRegister.java:tryRegister(44)) - Successfully registered JMX Bean with object name Ratis:service=RaftServer,group=group-46625131B057,id=ce7734d3-8a6c-4ab9-b10c-caad0cef6fab
2019-10-03 08:52:33,119 [pool-443-thread-1] INFO  impl.RaftServerImpl (RaftServerImpl.java:start(181)) - 91f14bbc-873a-40f2-82e9-5c14abd6bd54@group-46625131B057: start as a follower, conf=-1: [ce7734d3-8a6c-4ab9-b10c-caad0cef6fab:192.168.151.103:37070, 91f14bbc-873a-40f2-82e9-5c14abd6bd54:192.168.151.103:33119, d28d590e-8394-4f06-bb68-c22d7dc563d2:192.168.151.103:45829], old=null
2019-10-03 08:52:33,119 [pool-443-thread-1] INFO  impl.RaftServerImpl (RaftServerImpl.java:setRole(170)) - 91f14bbc-873a-40f2-82e9-5c14abd6bd54@group-46625131B057: changes role from      null to FOLLOWER at term 0 for startAsFollower
2019-10-03 08:52:33,119 [pool-443-thread-1] INFO  impl.RoleInfo (RoleInfo.java:updateAndGet(143)) - 91f14bbc-873a-40f2-82e9-5c14abd6bd54: start FollowerState
2019-10-03 08:52:33,120 [pool-443-thread-1] INFO  util.JmxRegister (JmxRegister.java:tryRegister(44)) - Successfully registered JMX Bean with object name Ratis:service=RaftServer,group=group-46625131B057,id=91f14bbc-873a-40f2-82e9-5c14abd6bd54
2019-10-03 08:52:33,125 [RatisPipelineUtilsThread] INFO  pipeline.PipelineStateManager (PipelineStateManager.java:addPipeline(56)) - Created pipeline Pipeline[ Id: c8cd59bb-34a0-4e10-9f7a-46625131b057, Nodes: d28d590e-8394-4f06-bb68-c22d7dc563d2{ip: 192.168.151.103, host: pr-hdds-2234-ztsc4-2614151736, networkLocation: /default-rack, certSerialId: null}ce7734d3-8a6c-4ab9-b10c-caad0cef6fab{ip: 192.168.151.103, host: pr-hdds-2234-ztsc4-2614151736, networkLocation: /default-rack, certSerialId: null}91f14bbc-873a-40f2-82e9-5c14abd6bd54{ip: 192.168.151.103, host: pr-hdds-2234-ztsc4-2614151736, networkLocation: /default-rack, certSerialId: null}, Type:RATIS, Factor:THREE, State:OPEN]
2019-10-03 08:52:33,941 [grpc-default-executor-3] WARN  server.GrpcLogAppender (LogUtils.java:warn(134)) - 44dfefca-9cc0-4191-be09-9e0ba236227c@group-A4E22CE81F32->576c1584-98eb-4342-a4b5-132ff6e862cb-AppendLogResponseHandler: Failed appendEntries: org.apache.ratis.thirdparty.io.grpc.StatusRuntimeException: UNAVAILABLE: io exception
2019-10-03 08:52:33,941 [grpc-default-executor-7] WARN  server.GrpcLogAppender (LogUtils.java:warn(134)) - 44dfefca-9cc0-4191-be09-9e0ba236227c@group-A4E22CE81F32->0fd4a3fd-1acf-4517-a260-f29a17e7fdef-AppendLogResponseHandler: Failed appendEntries: org.apache.ratis.thirdparty.io.grpc.StatusRuntimeException: UNAVAILABLE: io exception
2019-10-03 08:52:33,947 [grpc-default-executor-3] INFO  impl.FollowerInfo (FollowerInfo.java:lambda$new$0(51)) - 44dfefca-9cc0-4191-be09-9e0ba236227c@group-A4E22CE81F32->576c1584-98eb-4342-a4b5-132ff6e862cb: nextIndex: updateUnconditionally 0 -> 0
2019-10-03 08:52:33,947 [grpc-default-executor-7] INFO  impl.FollowerInfo (FollowerInfo.java:lambda$new$0(51)) - 44dfefca-9cc0-4191-be09-9e0ba236227c@group-A4E22CE81F32->0fd4a3fd-1acf-4517-a260-f29a17e7fdef: nextIndex: updateUnconditionally 0 -> 0
2019-10-03 08:52:33,959 [main] INFO  ozone.MiniOzoneClusterImpl (MiniOzoneClusterImpl.java:lambda$waitForClusterToBeReady$0(147)) - Cluster is ready. Got 7 of 7 DN Heartbeats.
2019-10-03 08:52:34,003 [main] INFO  rpc.RpcClient (RpcClient.java:createVolume(277)) - Creating Volume: watchforcommithandlingtest, with jenkins1000 as owner.
2019-10-03 08:52:34,007 [IPC Server handler 2 on 45074] INFO  volume.OMVolumeCreateRequest (OMVolumeCreateRequest.java:validateAndUpdateCache(193)) - created volume:watchforcommithandlingtest for user:jenkins1000
2019-10-03 08:52:34,024 [main] INFO  rpc.RpcClient (RpcClient.java:createBucket(416)) - Creating Bucket: watchforcommithandlingtest/watchforcommithandlingtest, with Versioning false and Storage Type set to DISK and Encryption set to false 
2019-10-03 08:52:34,029 [main] INFO  ozone.MiniOzoneClusterImpl (MiniOzoneClusterImpl.java:getStorageContainerLocationClient(234)) - Creating StorageContainerLocationProtocol RPC client with address /0.0.0.0:38583
2019-10-03 08:52:35,056 [Thread-2380] INFO  client.GrpcClientProtocolService (GrpcClientProtocolService.java:lambda$processClientRequest$0(278)) - Failed RaftClientRequest:client-AFC244DCBC99->44dfefca-9cc0-4191-be09-9e0ba236227c@group-A4E22CE81F32, cid=68, seq=0, Watch-MAJORITY_COMMITTED(67), Message:<EMPTY>, reply=RaftClientReply:client-AFC244DCBC99->44dfefca-9cc0-4191-be09-9e0ba236227c@group-A4E22CE81F32, cid=68, FAILED org.apache.ratis.protocol.NotReplicatedException: Request with call Id 68 and log index 67 is not yet replicated to MAJORITY_COMMITTED, logIndex=67, commits[44dfefca-9cc0-4191-be09-9e0ba236227c:c2, 576c1584-98eb-4342-a4b5-132ff6e862cb:c2, 0fd4a3fd-1acf-4517-a260-f29a17e7fdef:c2]
2019-10-03 08:52:35,056 [Thread-2381] INFO  client.GrpcClientProtocolService (GrpcClientProtocolService.java:lambda$processClientRequest$0(278)) - Failed RaftClientRequest:client-AFC244DCBC99->44dfefca-9cc0-4191-be09-9e0ba236227c@group-A4E22CE81F32, cid=67, seq=0, Watch-ALL_COMMITTED(67), Message:<EMPTY>, reply=RaftClientReply:client-AFC244DCBC99->44dfefca-9cc0-4191-be09-9e0ba236227c@group-A4E22CE81F32, cid=67, FAILED org.apache.ratis.protocol.NotReplicatedException: Request with call Id 67 and log index 67 is not yet replicated to ALL_COMMITTED, logIndex=67, commits[44dfefca-9cc0-4191-be09-9e0ba236227c:c2, 576c1584-98eb-4342-a4b5-132ff6e862cb:c2, 0fd4a3fd-1acf-4517-a260-f29a17e7fdef:c2]
2019-10-03 08:52:35,416 [Thread-2329] INFO  container.ReplicationManager (ReplicationManager.java:start(162)) - Starting Replication Monitor Thread.
2019-10-03 08:52:35,426 [ReplicationMonitor] INFO  container.ReplicationManager (ReplicationManager.java:run(225)) - Replication Monitor Thread took 0 milliseconds for processing 1 containers.
2019-10-03 08:52:36,441 [grpc-default-executor-6] WARN  server.GrpcLogAppender (LogUtils.java:warn(134)) - 44dfefca-9cc0-4191-be09-9e0ba236227c@group-A4E22CE81F32->576c1584-98eb-4342-a4b5-132ff6e862cb-AppendLogResponseHandler: Failed appendEntries: org.apache.ratis.thirdparty.io.grpc.StatusRuntimeException: UNAVAILABLE: io exception
2019-10-03 08:52:36,441 [grpc-default-executor-7] WARN  server.GrpcLogAppender (LogUtils.java:warn(134)) - 44dfefca-9cc0-4191-be09-9e0ba236227c@group-A4E22CE81F32->0fd4a3fd-1acf-4517-a260-f29a17e7fdef-AppendLogResponseHandler: Failed appendEntries: org.apache.ratis.thirdparty.io.grpc.StatusRuntimeException: UNAVAILABLE: io exception
2019-10-03 08:52:36,442 [grpc-default-executor-6] INFO  impl.FollowerInfo (FollowerInfo.java:lambda$new$0(51)) - 44dfefca-9cc0-4191-be09-9e0ba236227c@group-A4E22CE81F32->576c1584-98eb-4342-a4b5-132ff6e862cb: nextIndex: updateUnconditionally 0 -> 0
2019-10-03 08:52:36,442 [grpc-default-executor-7] INFO  impl.FollowerInfo (FollowerInfo.java:lambda$new$0(51)) - 44dfefca-9cc0-4191-be09-9e0ba236227c@group-A4E22CE81F32->0fd4a3fd-1acf-4517-a260-f29a17e7fdef: nextIndex: updateUnconditionally 0 -> 0
2019-10-03 08:52:37,619 [Thread-2331] INFO  impl.FollowerState (FollowerState.java:run(108)) - 37a86bc3-ee66-42e2-b31f-61e547799e9d@group-CBED116C135F-FollowerState: change to CANDIDATE, lastRpcTime:5152ms, electionTimeout:5152ms
2019-10-03 08:52:37,619 [Thread-2331] INFO  impl.RoleInfo (RoleInfo.java:shutdownFollowerState(121)) - 37a86bc3-ee66-42e2-b31f-61e547799e9d: shutdown FollowerState
2019-10-03 08:52:37,619 [Thread-2331] INFO  impl.RaftServerImpl (RaftServerImpl.java:setRole(170)) - 37a86bc3-ee66-42e2-b31f-61e547799e9d@group-CBED116C135F: changes role from  FOLLOWER to CANDIDATE at term 0 for changeToCandidate
2019-10-03 08:52:37,620 [Thread-2331] INFO  impl.RoleInfo (RoleInfo.java:updateAndGet(143)) - 37a86bc3-ee66-42e2-b31f-61e547799e9d: start LeaderElection
2019-10-03 08:52:37,661 [37a86bc3-ee66-42e2-b31f-61e547799e9d@group-CBED116C135F-LeaderElection55] INFO  impl.LeaderElection (LeaderElection.java:askForVotes(178)) - 37a86bc3-ee66-42e2-b31f-61e547799e9d@group-CBED116C135F-LeaderElection55: begin an election at term 1 for -1: [37a86bc3-ee66-42e2-b31f-61e547799e9d:192.168.151.103:34166], old=null
2019-10-03 08:52:37,662 [37a86bc3-ee66-42e2-b31f-61e547799e9d@group-CBED116C135F-LeaderElection55] INFO  impl.RoleInfo (RoleInfo.java:shutdownLeaderElection(134)) - 37a86bc3-ee66-42e2-b31f-61e547799e9d: shutdown LeaderElection
2019-10-03 08:52:37,662 [37a86bc3-ee66-42e2-b31f-61e547799e9d@group-CBED116C135F-LeaderElection55] INFO  impl.RaftServerImpl (RaftServerImpl.java:setRole(170)) - 37a86bc3-ee66-42e2-b31f-61e547799e9d@group-CBED116C135F: changes role from CANDIDATE to LEADER at term 1 for changeToLeader
2019-10-03 08:52:37,662 [37a86bc3-ee66-42e2-b31f-61e547799e9d@group-CBED116C135F-LeaderElection55] INFO  impl.RaftServerImpl (ServerState.java:setLeader(255)) - 37a86bc3-ee66-42e2-b31f-61e547799e9d@group-CBED116C135F: change Leader from null to 37a86bc3-ee66-42e2-b31f-61e547799e9d at term 1 for becomeLeader, leader elected after 5203ms
2019-10-03 08:52:37,662 [37a86bc3-ee66-42e2-b31f-61e547799e9d@group-CBED116C135F-LeaderElection55] INFO  server.RaftServerConfigKeys (ConfUtils.java:logGet(43)) - raft.server.staging.catchup.gap = 1000 (default)
2019-10-03 08:52:37,662 [37a86bc3-ee66-42e2-b31f-61e547799e9d@group-CBED116C135F-LeaderElection55] INFO  server.RaftServerConfigKeys (ConfUtils.java:logGet(43)) - raft.server.rpc.sleep.time = 25ms (default)
2019-10-03 08:52:37,662 [37a86bc3-ee66-42e2-b31f-61e547799e9d@group-CBED116C135F-LeaderElection55] INFO  server.RaftServerConfigKeys (ConfUtils.java:logGet(43)) - raft.server.write.element-limit = 4096 (default)
2019-10-03 08:52:37,663 [37a86bc3-ee66-42e2-b31f-61e547799e9d@group-CBED116C135F-LeaderElection55] INFO  server.RaftServerConfigKeys (ConfUtils.java:logGet(43)) - raft.server.watch.timeout = 10s (default)
2019-10-03 08:52:37,663 [37a86bc3-ee66-42e2-b31f-61e547799e9d@group-CBED116C135F-LeaderElection55] INFO  server.RaftServerConfigKeys (ConfUtils.java:logGet(43)) - raft.server.watch.timeout.denomination = 1s (default)
2019-10-03 08:52:37,663 [37a86bc3-ee66-42e2-b31f-61e547799e9d@group-CBED116C135F-LeaderElection55] INFO  server.RaftServerConfigKeys (ConfUtils.java:logGet(43)) - raft.server.watch.element-limit = 65536 (default)
2019-10-03 08:52:37,665 [37a86bc3-ee66-42e2-b31f-61e547799e9d@group-CBED116C135F-LeaderElection55] INFO  impl.RoleInfo (RoleInfo.java:updateAndGet(143)) - 37a86bc3-ee66-42e2-b31f-61e547799e9d: start LeaderState
2019-10-03 08:52:37,665 [37a86bc3-ee66-42e2-b31f-61e547799e9d@group-CBED116C135F-LeaderElection55] INFO  segmented.SegmentedRaftLogWorker (SegmentedRaftLogWorker.java:startLogSegment(385)) - 37a86bc3-ee66-42e2-b31f-61e547799e9d@group-CBED116C135F-SegmentedRaftLogWorker: Starting segment from index:0
2019-10-03 08:52:37,666 [37a86bc3-ee66-42e2-b31f-61e547799e9d@group-CBED116C135F-LeaderElection55] INFO  impl.RaftServerImpl (ServerState.java:setRaftConf(356)) - 37a86bc3-ee66-42e2-b31f-61e547799e9d@group-CBED116C135F: set configuration 0: [37a86bc3-ee66-42e2-b31f-61e547799e9d:192.168.151.103:34166], old=null at 0
2019-10-03 08:52:37,712 [Thread-2334] INFO  impl.FollowerState (FollowerState.java:run(108)) - fb9d8d31-1158-43be-bca0-309b68a92c58@group-D7062F04B5C7-FollowerState: change to CANDIDATE, lastRpcTime:5170ms, electionTimeout:5170ms
2019-10-03 08:52:37,712 [Thread-2334] INFO  impl.RoleInfo (RoleInfo.java:shutdownFollowerState(121)) - fb9d8d31-1158-43be-bca0-309b68a92c58: shutdown FollowerState
2019-10-03 08:52:37,712 [Thread-2334] INFO  impl.RaftServerImpl (RaftServerImpl.java:setRole(170)) - fb9d8d31-1158-43be-bca0-309b68a92c58@group-D7062F04B5C7: changes role from  FOLLOWER to CANDIDATE at term 0 for changeToCandidate
2019-10-03 08:52:37,712 [Thread-2334] INFO  impl.RoleInfo (RoleInfo.java:updateAndGet(143)) - fb9d8d31-1158-43be-bca0-309b68a92c58: start LeaderElection
2019-10-03 08:52:37,719 [37a86bc3-ee66-42e2-b31f-61e547799e9d@group-CBED116C135F-SegmentedRaftLogWorker] INFO  segmented.SegmentedRaftLogWorker (SegmentedRaftLogWorker.java:execute(574)) - 37a86bc3-ee66-42e2-b31f-61e547799e9d@group-CBED116C135F-SegmentedRaftLogWorker: created new log segment /workdir/hadoop-ozone/integration-test/target/test-dir/MiniOzoneClusterImpl-a1d964ab-5229-4284-9f54-f7c2eb799dd5/datanode-0/data/ratis/39e7bee0-6ce8-4cdc-899e-cbed116c135f/current/log_inprogress_0
2019-10-03 08:52:37,739 [fb9d8d31-1158-43be-bca0-309b68a92c58@group-D7062F04B5C7-LeaderElection56] INFO  impl.LeaderElection (LeaderElection.java:askForVotes(178)) - fb9d8d31-1158-43be-bca0-309b68a92c58@group-D7062F04B5C7-LeaderElection56: begin an election at term 1 for -1: [fb9d8d31-1158-43be-bca0-309b68a92c58:192.168.151.103:43760], old=null
2019-10-03 08:52:37,739 [fb9d8d31-1158-43be-bca0-309b68a92c58@group-D7062F04B5C7-LeaderElection56] INFO  impl.RoleInfo (RoleInfo.java:shutdownLeaderElection(134)) - fb9d8d31-1158-43be-bca0-309b68a92c58: shutdown LeaderElection
2019-10-03 08:52:37,739 [fb9d8d31-1158-43be-bca0-309b68a92c58@group-D7062F04B5C7-LeaderElection56] INFO  impl.RaftServerImpl (RaftServerImpl.java:setRole(170)) - fb9d8d31-1158-43be-bca0-309b68a92c58@group-D7062F04B5C7: changes role from CANDIDATE to LEADER at term 1 for changeToLeader
2019-10-03 08:52:37,740 [fb9d8d31-1158-43be-bca0-309b68a92c58@group-D7062F04B5C7-LeaderElection56] INFO  impl.RaftServerImpl (ServerState.java:setLeader(255)) - fb9d8d31-1158-43be-bca0-309b68a92c58@group-D7062F04B5C7: change Leader from null to fb9d8d31-1158-43be-bca0-309b68a92c58 at term 1 for becomeLeader, leader elected after 5204ms
2019-10-03 08:52:37,740 [fb9d8d31-1158-43be-bca0-309b68a92c58@group-D7062F04B5C7-LeaderElection56] INFO  server.RaftServerConfigKeys (ConfUtils.java:logGet(43)) - raft.server.staging.catchup.gap = 1000 (default)
2019-10-03 08:52:37,740 [fb9d8d31-1158-43be-bca0-309b68a92c58@group-D7062F04B5C7-LeaderElection56] INFO  server.RaftServerConfigKeys (ConfUtils.java:logGet(43)) - raft.server.rpc.sleep.time = 25ms (default)
2019-10-03 08:52:37,740 [fb9d8d31-1158-43be-bca0-309b68a92c58@group-D7062F04B5C7-LeaderElection56] INFO  server.RaftServerConfigKeys (ConfUtils.java:logGet(43)) - raft.server.write.element-limit = 4096 (default)
2019-10-03 08:52:37,740 [fb9d8d31-1158-43be-bca0-309b68a92c58@group-D7062F04B5C7-LeaderElection56] INFO  server.RaftServerConfigKeys (ConfUtils.java:logGet(43)) - raft.server.watch.timeout = 10s (default)
2019-10-03 08:52:37,741 [fb9d8d31-1158-43be-bca0-309b68a92c58@group-D7062F04B5C7-LeaderElection56] INFO  server.RaftServerConfigKeys (ConfUtils.java:logGet(43)) - raft.server.watch.timeout.denomination = 1s (default)
2019-10-03 08:52:37,741 [fb9d8d31-1158-43be-bca0-309b68a92c58@group-D7062F04B5C7-LeaderElection56] INFO  server.RaftServerConfigKeys (ConfUtils.java:logGet(43)) - raft.server.watch.element-limit = 65536 (default)
2019-10-03 08:52:37,743 [Thread-2337] INFO  impl.FollowerState (FollowerState.java:run(108)) - 7d0487b2-1fed-4ff6-bf59-fa965eb990c9@group-6685CC750A03-FollowerState: change to CANDIDATE, lastRpcTime:5104ms, electionTimeout:5104ms
2019-10-03 08:52:37,743 [Thread-2337] INFO  impl.RoleInfo (RoleInfo.java:shutdownFollowerState(121)) - 7d0487b2-1fed-4ff6-bf59-fa965eb990c9: shutdown FollowerState
2019-10-03 08:52:37,743 [Thread-2337] INFO  impl.RaftServerImpl (RaftServerImpl.java:setRole(170)) - 7d0487b2-1fed-4ff6-bf59-fa965eb990c9@group-6685CC750A03: changes role from  FOLLOWER to CANDIDATE at term 0 for changeToCandidate
2019-10-03 08:52:37,743 [Thread-2337] INFO  impl.RoleInfo (RoleInfo.java:updateAndGet(143)) - 7d0487b2-1fed-4ff6-bf59-fa965eb990c9: start LeaderElection
2019-10-03 08:52:37,743 [fb9d8d31-1158-43be-bca0-309b68a92c58@group-D7062F04B5C7-LeaderElection56] INFO  impl.RoleInfo (RoleInfo.java:updateAndGet(143)) - fb9d8d31-1158-43be-bca0-309b68a92c58: start LeaderState
2019-10-03 08:52:37,752 [fb9d8d31-1158-43be-bca0-309b68a92c58@group-D7062F04B5C7-LeaderElection56] INFO  segmented.SegmentedRaftLogWorker (SegmentedRaftLogWorker.java:startLogSegment(385)) - fb9d8d31-1158-43be-bca0-309b68a92c58@group-D7062F04B5C7-SegmentedRaftLogWorker: Starting segment from index:0
2019-10-03 08:52:37,752 [fb9d8d31-1158-43be-bca0-309b68a92c58@group-D7062F04B5C7-LeaderElection56] INFO  impl.RaftServerImpl (ServerState.java:setRaftConf(356)) - fb9d8d31-1158-43be-bca0-309b68a92c58@group-D7062F04B5C7: set configuration 0: [fb9d8d31-1158-43be-bca0-309b68a92c58:192.168.151.103:43760], old=null at 0
2019-10-03 08:52:37,765 [7d0487b2-1fed-4ff6-bf59-fa965eb990c9@group-6685CC750A03-LeaderElection57] INFO  impl.LeaderElection (LeaderElection.java:askForVotes(178)) - 7d0487b2-1fed-4ff6-bf59-fa965eb990c9@group-6685CC750A03-LeaderElection57: begin an election at term 1 for -1: [7d0487b2-1fed-4ff6-bf59-fa965eb990c9:192.168.151.103:40461], old=null
2019-10-03 08:52:37,765 [7d0487b2-1fed-4ff6-bf59-fa965eb990c9@group-6685CC750A03-LeaderElection57] INFO  impl.RoleInfo (RoleInfo.java:shutdownLeaderElection(134)) - 7d0487b2-1fed-4ff6-bf59-fa965eb990c9: shutdown LeaderElection
2019-10-03 08:52:37,765 [7d0487b2-1fed-4ff6-bf59-fa965eb990c9@group-6685CC750A03-LeaderElection57] INFO  impl.RaftServerImpl (RaftServerImpl.java:setRole(170)) - 7d0487b2-1fed-4ff6-bf59-fa965eb990c9@group-6685CC750A03: changes role from CANDIDATE to LEADER at term 1 for changeToLeader
2019-10-03 08:52:37,765 [7d0487b2-1fed-4ff6-bf59-fa965eb990c9@group-6685CC750A03-LeaderElection57] INFO  impl.RaftServerImpl (ServerState.java:setLeader(255)) - 7d0487b2-1fed-4ff6-bf59-fa965eb990c9@group-6685CC750A03: change Leader from null to 7d0487b2-1fed-4ff6-bf59-fa965eb990c9 at term 1 for becomeLeader, leader elected after 5133ms
2019-10-03 08:52:37,766 [7d0487b2-1fed-4ff6-bf59-fa965eb990c9@group-6685CC750A03-LeaderElection57] INFO  server.RaftServerConfigKeys (ConfUtils.java:logGet(43)) - raft.server.staging.catchup.gap = 1000 (default)
2019-10-03 08:52:37,766 [7d0487b2-1fed-4ff6-bf59-fa965eb990c9@group-6685CC750A03-LeaderElection57] INFO  server.RaftServerConfigKeys (ConfUtils.java:logGet(43)) - raft.server.rpc.sleep.time = 25ms (default)
2019-10-03 08:52:37,766 [7d0487b2-1fed-4ff6-bf59-fa965eb990c9@group-6685CC750A03-LeaderElection57] INFO  server.RaftServerConfigKeys (ConfUtils.java:logGet(43)) - raft.server.write.element-limit = 4096 (default)
2019-10-03 08:52:37,766 [7d0487b2-1fed-4ff6-bf59-fa965eb990c9@group-6685CC750A03-LeaderElection57] INFO  server.RaftServerConfigKeys (ConfUtils.java:logGet(43)) - raft.server.watch.timeout = 10s (default)
2019-10-03 08:52:37,766 [7d0487b2-1fed-4ff6-bf59-fa965eb990c9@group-6685CC750A03-LeaderElection57] INFO  server.RaftServerConfigKeys (ConfUtils.java:logGet(43)) - raft.server.watch.timeout.denomination = 1s (default)
2019-10-03 08:52:37,766 [7d0487b2-1fed-4ff6-bf59-fa965eb990c9@group-6685CC750A03-LeaderElection57] INFO  server.RaftServerConfigKeys (ConfUtils.java:logGet(43)) - raft.server.watch.element-limit = 65536 (default)
2019-10-03 08:52:37,768 [7d0487b2-1fed-4ff6-bf59-fa965eb990c9@group-6685CC750A03-LeaderElection57] INFO  impl.RoleInfo (RoleInfo.java:updateAndGet(143)) - 7d0487b2-1fed-4ff6-bf59-fa965eb990c9: start LeaderState
2019-10-03 08:52:37,769 [7d0487b2-1fed-4ff6-bf59-fa965eb990c9@group-6685CC750A03-LeaderElection57] INFO  segmented.SegmentedRaftLogWorker (SegmentedRaftLogWorker.java:startLogSegment(385)) - 7d0487b2-1fed-4ff6-bf59-fa965eb990c9@group-6685CC750A03-SegmentedRaftLogWorker: Starting segment from index:0
2019-10-03 08:52:37,770 [7d0487b2-1fed-4ff6-bf59-fa965eb990c9@group-6685CC750A03-LeaderElection57] INFO  impl.RaftServerImpl (ServerState.java:setRaftConf(356)) - 7d0487b2-1fed-4ff6-bf59-fa965eb990c9@group-6685CC750A03: set configuration 0: [7d0487b2-1fed-4ff6-bf59-fa965eb990c9:192.168.151.103:40461], old=null at 0
2019-10-03 08:52:37,777 [Thread-2341] INFO  impl.FollowerState (FollowerState.java:run(108)) - 37a86bc3-ee66-42e2-b31f-61e547799e9d@group-D25D6AE26331-FollowerState: change to CANDIDATE, lastRpcTime:5059ms, electionTimeout:5059ms
2019-10-03 08:52:37,777 [Thread-2341] INFO  impl.RoleInfo (RoleInfo.java:shutdownFollowerState(121)) - 37a86bc3-ee66-42e2-b31f-61e547799e9d: shutdown FollowerState
2019-10-03 08:52:37,778 [Thread-2341] INFO  impl.RaftServerImpl (RaftServerImpl.java:setRole(170)) - 37a86bc3-ee66-42e2-b31f-61e547799e9d@group-D25D6AE26331: changes role from  FOLLOWER to CANDIDATE at term 0 for changeToCandidate
2019-10-03 08:52:37,778 [Thread-2341] INFO  impl.RoleInfo (RoleInfo.java:updateAndGet(143)) - 37a86bc3-ee66-42e2-b31f-61e547799e9d: start LeaderElection
2019-10-03 08:52:37,817 [7d0487b2-1fed-4ff6-bf59-fa965eb990c9@group-6685CC750A03-SegmentedRaftLogWorker] INFO  segmented.SegmentedRaftLogWorker (SegmentedRaftLogWorker.java:execute(574)) - 7d0487b2-1fed-4ff6-bf59-fa965eb990c9@group-6685CC750A03-SegmentedRaftLogWorker: created new log segment /workdir/hadoop-ozone/integration-test/target/test-dir/MiniOzoneClusterImpl-a1d964ab-5229-4284-9f54-f7c2eb799dd5/datanode-2/data/ratis/39b354d2-91bc-4ef2-beb3-6685cc750a03/current/log_inprogress_0
2019-10-03 08:52:37,818 [37a86bc3-ee66-42e2-b31f-61e547799e9d@group-D25D6AE26331-LeaderElection58] INFO  impl.LeaderElection (LeaderElection.java:askForVotes(178)) - 37a86bc3-ee66-42e2-b31f-61e547799e9d@group-D25D6AE26331-LeaderElection58: begin an election at term 1 for -1: [7d0487b2-1fed-4ff6-bf59-fa965eb990c9:192.168.151.103:40461, fb9d8d31-1158-43be-bca0-309b68a92c58:192.168.151.103:43760, 37a86bc3-ee66-42e2-b31f-61e547799e9d:192.168.151.103:34166], old=null
2019-10-03 08:52:37,817 [fb9d8d31-1158-43be-bca0-309b68a92c58@group-D7062F04B5C7-SegmentedRaftLogWorker] INFO  segmented.SegmentedRaftLogWorker (SegmentedRaftLogWorker.java:execute(574)) - fb9d8d31-1158-43be-bca0-309b68a92c58@group-D7062F04B5C7-SegmentedRaftLogWorker: created new log segment /workdir/hadoop-ozone/integration-test/target/test-dir/MiniOzoneClusterImpl-a1d964ab-5229-4284-9f54-f7c2eb799dd5/datanode-1/data/ratis/f6558515-ad3f-4155-b877-d7062f04b5c7/current/log_inprogress_0
2019-10-03 08:52:37,822 [grpc-default-executor-6] INFO  impl.RaftServerImpl (RaftServerImpl.java:setRole(170)) - fb9d8d31-1158-43be-bca0-309b68a92c58@group-D25D6AE26331: changes role from  FOLLOWER to FOLLOWER at term 1 for recognizeCandidate:37a86bc3-ee66-42e2-b31f-61e547799e9d
2019-10-03 08:52:37,822 [grpc-default-executor-7] INFO  impl.RaftServerImpl (RaftServerImpl.java:setRole(170)) - 7d0487b2-1fed-4ff6-bf59-fa965eb990c9@group-D25D6AE26331: changes role from  FOLLOWER to FOLLOWER at term 1 for recognizeCandidate:37a86bc3-ee66-42e2-b31f-61e547799e9d
2019-10-03 08:52:37,822 [grpc-default-executor-6] INFO  impl.RoleInfo (RoleInfo.java:shutdownFollowerState(121)) - fb9d8d31-1158-43be-bca0-309b68a92c58: shutdown FollowerState
2019-10-03 08:52:37,823 [grpc-default-executor-7] INFO  impl.RoleInfo (RoleInfo.java:shutdownFollowerState(121)) - 7d0487b2-1fed-4ff6-bf59-fa965eb990c9: shutdown FollowerState
2019-10-03 08:52:37,823 [Thread-2345] INFO  impl.FollowerState (FollowerState.java:run(117)) - fb9d8d31-1158-43be-bca0-309b68a92c58@group-D25D6AE26331-FollowerState was interrupted: java.lang.InterruptedException: sleep interrupted
2019-10-03 08:52:37,823 [grpc-default-executor-6] INFO  impl.RoleInfo (RoleInfo.java:updateAndGet(143)) - fb9d8d31-1158-43be-bca0-309b68a92c58: start FollowerState
2019-10-03 08:52:37,826 [Thread-2343] INFO  impl.FollowerState (FollowerState.java:run(117)) - 7d0487b2-1fed-4ff6-bf59-fa965eb990c9@group-D25D6AE26331-FollowerState was interrupted: java.lang.InterruptedException: sleep interrupted
2019-10-03 08:52:37,823 [grpc-default-executor-7] INFO  impl.RoleInfo (RoleInfo.java:updateAndGet(143)) - 7d0487b2-1fed-4ff6-bf59-fa965eb990c9: start FollowerState
2019-10-03 08:52:37,846 [37a86bc3-ee66-42e2-b31f-61e547799e9d@group-D25D6AE26331-LeaderElection58] INFO  impl.LeaderElection (LeaderElection.java:logAndReturn(56)) - 37a86bc3-ee66-42e2-b31f-61e547799e9d@group-D25D6AE26331-LeaderElection58: Election PASSED; received 1 response(s) [37a86bc3-ee66-42e2-b31f-61e547799e9d<-7d0487b2-1fed-4ff6-bf59-fa965eb990c9#0:OK-t1] and 0 exception(s); 37a86bc3-ee66-42e2-b31f-61e547799e9d@group-D25D6AE26331:t1, leader=null, voted=37a86bc3-ee66-42e2-b31f-61e547799e9d, raftlog=37a86bc3-ee66-42e2-b31f-61e547799e9d@group-D25D6AE26331-SegmentedRaftLog:OPENED:c-1,f-1,i0, conf=-1: [7d0487b2-1fed-4ff6-bf59-fa965eb990c9:192.168.151.103:40461, fb9d8d31-1158-43be-bca0-309b68a92c58:192.168.151.103:43760, 37a86bc3-ee66-42e2-b31f-61e547799e9d:192.168.151.103:34166], old=null
2019-10-03 08:52:37,846 [37a86bc3-ee66-42e2-b31f-61e547799e9d@group-D25D6AE26331-LeaderElection58] INFO  impl.RoleInfo (RoleInfo.java:shutdownLeaderElection(134)) - 37a86bc3-ee66-42e2-b31f-61e547799e9d: shutdown LeaderElection
2019-10-03 08:52:37,846 [37a86bc3-ee66-42e2-b31f-61e547799e9d@group-D25D6AE26331-LeaderElection58] INFO  impl.RaftServerImpl (RaftServerImpl.java:setRole(170)) - 37a86bc3-ee66-42e2-b31f-61e547799e9d@group-D25D6AE26331: changes role from CANDIDATE to LEADER at term 1 for changeToLeader
2019-10-03 08:52:37,847 [37a86bc3-ee66-42e2-b31f-61e547799e9d@group-D25D6AE26331-LeaderElection58] INFO  impl.RaftServerImpl (ServerState.java:setLeader(255)) - 37a86bc3-ee66-42e2-b31f-61e547799e9d@group-D25D6AE26331: change Leader from null to 37a86bc3-ee66-42e2-b31f-61e547799e9d at term 1 for becomeLeader, leader elected after 5136ms
2019-10-03 08:52:37,847 [37a86bc3-ee66-42e2-b31f-61e547799e9d@group-D25D6AE26331-LeaderElection58] INFO  server.RaftServerConfigKeys (ConfUtils.java:logGet(43)) - raft.server.staging.catchup.gap = 1000 (default)
2019-10-03 08:52:37,847 [37a86bc3-ee66-42e2-b31f-61e547799e9d@group-D25D6AE26331-LeaderElection58] INFO  server.RaftServerConfigKeys (ConfUtils.java:logGet(43)) - raft.server.rpc.sleep.time = 25ms (default)
2019-10-03 08:52:37,847 [37a86bc3-ee66-42e2-b31f-61e547799e9d@group-D25D6AE26331-LeaderElection58] INFO  server.RaftServerConfigKeys (ConfUtils.java:logGet(43)) - raft.server.write.element-limit = 4096 (default)
2019-10-03 08:52:37,847 [37a86bc3-ee66-42e2-b31f-61e547799e9d@group-D25D6AE26331-LeaderElection58] INFO  server.RaftServerConfigKeys (ConfUtils.java:logGet(43)) - raft.server.watch.timeout = 10s (default)
2019-10-03 08:52:37,847 [37a86bc3-ee66-42e2-b31f-61e547799e9d@group-D25D6AE26331-LeaderElection58] INFO  server.RaftServerConfigKeys (ConfUtils.java:logGet(43)) - raft.server.watch.timeout.denomination = 1s (default)
2019-10-03 08:52:37,847 [37a86bc3-ee66-42e2-b31f-61e547799e9d@group-D25D6AE26331-LeaderElection58] INFO  server.RaftServerConfigKeys (ConfUtils.java:logGet(43)) - raft.server.watch.element-limit = 65536 (default)
2019-10-03 08:52:37,849 [37a86bc3-ee66-42e2-b31f-61e547799e9d@group-D25D6AE26331-LeaderElection58] INFO  server.RaftServerConfigKeys (ConfUtils.java:logGet(43)) - raft.server.log.appender.snapshot.chunk.size.max = 16MB (=16777216) (default)
2019-10-03 08:52:37,850 [37a86bc3-ee66-42e2-b31f-61e547799e9d@group-D25D6AE26331-LeaderElection58] INFO  server.RaftServerConfigKeys (ConfUtils.java:logGet(43)) - raft.server.log.appender.buffer.byte-limit = 33554432 (custom)
2019-10-03 08:52:37,850 [37a86bc3-ee66-42e2-b31f-61e547799e9d@group-D25D6AE26331-LeaderElection58] INFO  server.RaftServerConfigKeys (ConfUtils.java:logGet(43)) - raft.server.log.appender.buffer.element-limit = 1 (custom)
2019-10-03 08:52:37,850 [37a86bc3-ee66-42e2-b31f-61e547799e9d@group-D25D6AE26331-LeaderElection58] INFO  grpc.GrpcConfigKeys$Server (ConfUtils.java:logGet(43)) - raft.grpc.server.leader.outstanding.appends.max = 128 (default)
2019-10-03 08:52:37,850 [37a86bc3-ee66-42e2-b31f-61e547799e9d@group-D25D6AE26331-LeaderElection58] INFO  server.RaftServerConfigKeys (ConfUtils.java:logGet(43)) - raft.server.rpc.request.timeout = 3000ms (default)
2019-10-03 08:52:37,850 [37a86bc3-ee66-42e2-b31f-61e547799e9d@group-D25D6AE26331-LeaderElection58] INFO  server.RaftServerConfigKeys (ConfUtils.java:logGet(43)) - raft.server.log.appender.install.snapshot.enabled = false (custom)
2019-10-03 08:52:37,851 [37a86bc3-ee66-42e2-b31f-61e547799e9d@group-D25D6AE26331-LeaderElection58] INFO  server.RaftServerConfigKeys (ConfUtils.java:logGet(43)) - raft.server.log.appender.snapshot.chunk.size.max = 16MB (=16777216) (default)
2019-10-03 08:52:37,851 [37a86bc3-ee66-42e2-b31f-61e547799e9d@group-D25D6AE26331-LeaderElection58] INFO  server.RaftServerConfigKeys (ConfUtils.java:logGet(43)) - raft.server.log.appender.buffer.byte-limit = 33554432 (custom)
2019-10-03 08:52:37,851 [37a86bc3-ee66-42e2-b31f-61e547799e9d@group-D25D6AE26331-LeaderElection58] INFO  server.RaftServerConfigKeys (ConfUtils.java:logGet(43)) - raft.server.log.appender.buffer.element-limit = 1 (custom)
2019-10-03 08:52:37,851 [37a86bc3-ee66-42e2-b31f-61e547799e9d@group-D25D6AE26331-LeaderElection58] INFO  grpc.GrpcConfigKeys$Server (ConfUtils.java:logGet(43)) - raft.grpc.server.leader.outstanding.appends.max = 128 (default)
2019-10-03 08:52:37,851 [37a86bc3-ee66-42e2-b31f-61e547799e9d@group-D25D6AE26331-LeaderElection58] INFO  server.RaftServerConfigKeys (ConfUtils.java:logGet(43)) - raft.server.rpc.request.timeout = 3000ms (default)
2019-10-03 08:52:37,851 [37a86bc3-ee66-42e2-b31f-61e547799e9d@group-D25D6AE26331-LeaderElection58] INFO  server.RaftServerConfigKeys (ConfUtils.java:logGet(43)) - raft.server.log.appender.install.snapshot.enabled = false (custom)
2019-10-03 08:52:37,852 [37a86bc3-ee66-42e2-b31f-61e547799e9d@group-D25D6AE26331-LeaderElection58] INFO  impl.RoleInfo (RoleInfo.java:updateAndGet(143)) - 37a86bc3-ee66-42e2-b31f-61e547799e9d: start LeaderState
2019-10-03 08:52:37,852 [37a86bc3-ee66-42e2-b31f-61e547799e9d@group-D25D6AE26331-LeaderElection58] INFO  segmented.SegmentedRaftLogWorker (SegmentedRaftLogWorker.java:startLogSegment(385)) - 37a86bc3-ee66-42e2-b31f-61e547799e9d@group-D25D6AE26331-SegmentedRaftLogWorker: Starting segment from index:0
2019-10-03 08:52:37,853 [37a86bc3-ee66-42e2-b31f-61e547799e9d@group-D25D6AE26331-LeaderElection58] INFO  impl.RaftServerImpl (ServerState.java:setRaftConf(356)) - 37a86bc3-ee66-42e2-b31f-61e547799e9d@group-D25D6AE26331: set configuration 0: [7d0487b2-1fed-4ff6-bf59-fa965eb990c9:192.168.151.103:40461, fb9d8d31-1158-43be-bca0-309b68a92c58:192.168.151.103:43760, 37a86bc3-ee66-42e2-b31f-61e547799e9d:192.168.151.103:34166], old=null at 0
2019-10-03 08:52:37,854 [grpc-default-executor-6] INFO  impl.RaftServerImpl (ServerState.java:setLeader(255)) - fb9d8d31-1158-43be-bca0-309b68a92c58@group-D25D6AE26331: change Leader from null to 37a86bc3-ee66-42e2-b31f-61e547799e9d at term 1 for appendEntries, leader elected after 5144ms
2019-10-03 08:52:37,885 [Thread-2349] INFO  impl.FollowerState (FollowerState.java:run(108)) - d28d590e-8394-4f06-bb68-c22d7dc563d2@group-F27181EFF9C9-FollowerState: change to CANDIDATE, lastRpcTime:5036ms, electionTimeout:5010ms
2019-10-03 08:52:37,885 [Thread-2349] INFO  impl.RoleInfo (RoleInfo.java:shutdownFollowerState(121)) - d28d590e-8394-4f06-bb68-c22d7dc563d2: shutdown FollowerState
2019-10-03 08:52:37,885 [Thread-2349] INFO  impl.RaftServerImpl (RaftServerImpl.java:setRole(170)) - d28d590e-8394-4f06-bb68-c22d7dc563d2@group-F27181EFF9C9: changes role from  FOLLOWER to CANDIDATE at term 0 for changeToCandidate
2019-10-03 08:52:37,888 [Thread-2349] INFO  impl.RoleInfo (RoleInfo.java:updateAndGet(143)) - d28d590e-8394-4f06-bb68-c22d7dc563d2: start LeaderElection
2019-10-03 08:52:37,891 [grpc-default-executor-6] INFO  impl.RaftServerImpl (ServerState.java:setLeader(255)) - 7d0487b2-1fed-4ff6-bf59-fa965eb990c9@group-D25D6AE26331: change Leader from null to 37a86bc3-ee66-42e2-b31f-61e547799e9d at term 1 for appendEntries, leader elected after 5181ms
2019-10-03 08:52:37,901 [grpc-default-executor-6] INFO  impl.RaftServerImpl (ServerState.java:setRaftConf(356)) - fb9d8d31-1158-43be-bca0-309b68a92c58@group-D25D6AE26331: set configuration 0: [7d0487b2-1fed-4ff6-bf59-fa965eb990c9:192.168.151.103:40461, fb9d8d31-1158-43be-bca0-309b68a92c58:192.168.151.103:43760, 37a86bc3-ee66-42e2-b31f-61e547799e9d:192.168.151.103:34166], old=null at 0
2019-10-03 08:52:37,901 [grpc-default-executor-7] INFO  impl.RaftServerImpl (ServerState.java:setRaftConf(356)) - 7d0487b2-1fed-4ff6-bf59-fa965eb990c9@group-D25D6AE26331: set configuration 0: [7d0487b2-1fed-4ff6-bf59-fa965eb990c9:192.168.151.103:40461, fb9d8d31-1158-43be-bca0-309b68a92c58:192.168.151.103:43760, 37a86bc3-ee66-42e2-b31f-61e547799e9d:192.168.151.103:34166], old=null at 0
2019-10-03 08:52:37,901 [grpc-default-executor-6] INFO  segmented.SegmentedRaftLogWorker (SegmentedRaftLogWorker.java:startLogSegment(385)) - fb9d8d31-1158-43be-bca0-309b68a92c58@group-D25D6AE26331-SegmentedRaftLogWorker: Starting segment from index:0
2019-10-03 08:52:37,901 [grpc-default-executor-7] INFO  segmented.SegmentedRaftLogWorker (SegmentedRaftLogWorker.java:startLogSegment(385)) - 7d0487b2-1fed-4ff6-bf59-fa965eb990c9@group-D25D6AE26331-SegmentedRaftLogWorker: Starting segment from index:0
2019-10-03 08:52:37,909 [37a86bc3-ee66-42e2-b31f-61e547799e9d@group-D25D6AE26331-SegmentedRaftLogWorker] INFO  segmented.SegmentedRaftLogWorker (SegmentedRaftLogWorker.java:execute(574)) - 37a86bc3-ee66-42e2-b31f-61e547799e9d@group-D25D6AE26331-SegmentedRaftLogWorker: created new log segment /workdir/hadoop-ozone/integration-test/target/test-dir/MiniOzoneClusterImpl-a1d964ab-5229-4284-9f54-f7c2eb799dd5/datanode-0/data/ratis/0d99e74a-6523-41d3-a93c-d25d6ae26331/current/log_inprogress_0
2019-10-03 08:52:37,912 [d28d590e-8394-4f06-bb68-c22d7dc563d2@group-F27181EFF9C9-LeaderElection59] INFO  impl.LeaderElection (LeaderElection.java:askForVotes(178)) - d28d590e-8394-4f06-bb68-c22d7dc563d2@group-F27181EFF9C9-LeaderElection59: begin an election at term 1 for -1: [d28d590e-8394-4f06-bb68-c22d7dc563d2:192.168.151.103:45829], old=null
2019-10-03 08:52:37,912 [d28d590e-8394-4f06-bb68-c22d7dc563d2@group-F27181EFF9C9-LeaderElection59] INFO  impl.RoleInfo (RoleInfo.java:shutdownLeaderElection(134)) - d28d590e-8394-4f06-bb68-c22d7dc563d2: shutdown LeaderElection
2019-10-03 08:52:37,912 [d28d590e-8394-4f06-bb68-c22d7dc563d2@group-F27181EFF9C9-LeaderElection59] INFO  impl.RaftServerImpl (RaftServerImpl.java:setRole(170)) - d28d590e-8394-4f06-bb68-c22d7dc563d2@group-F27181EFF9C9: changes role from CANDIDATE to LEADER at term 1 for changeToLeader
2019-10-03 08:52:37,912 [d28d590e-8394-4f06-bb68-c22d7dc563d2@group-F27181EFF9C9-LeaderElection59] INFO  impl.RaftServerImpl (ServerState.java:setLeader(255)) - d28d590e-8394-4f06-bb68-c22d7dc563d2@group-F27181EFF9C9: change Leader from null to d28d590e-8394-4f06-bb68-c22d7dc563d2 at term 1 for becomeLeader, leader elected after 5071ms
2019-10-03 08:52:37,912 [d28d590e-8394-4f06-bb68-c22d7dc563d2@group-F27181EFF9C9-LeaderElection59] INFO  server.RaftServerConfigKeys (ConfUtils.java:logGet(43)) - raft.server.staging.catchup.gap = 1000 (default)
2019-10-03 08:52:37,912 [d28d590e-8394-4f06-bb68-c22d7dc563d2@group-F27181EFF9C9-LeaderElection59] INFO  server.RaftServerConfigKeys (ConfUtils.java:logGet(43)) - raft.server.rpc.sleep.time = 25ms (default)
2019-10-03 08:52:37,912 [d28d590e-8394-4f06-bb68-c22d7dc563d2@group-F27181EFF9C9-LeaderElection59] INFO  server.RaftServerConfigKeys (ConfUtils.java:logGet(43)) - raft.server.write.element-limit = 4096 (default)
2019-10-03 08:52:37,913 [d28d590e-8394-4f06-bb68-c22d7dc563d2@group-F27181EFF9C9-LeaderElection59] INFO  server.RaftServerConfigKeys (ConfUtils.java:logGet(43)) - raft.server.watch.timeout = 10s (default)
2019-10-03 08:52:37,913 [d28d590e-8394-4f06-bb68-c22d7dc563d2@group-F27181EFF9C9-LeaderElection59] INFO  server.RaftServerConfigKeys (ConfUtils.java:logGet(43)) - raft.server.watch.timeout.denomination = 1s (default)
2019-10-03 08:52:37,913 [d28d590e-8394-4f06-bb68-c22d7dc563d2@group-F27181EFF9C9-LeaderElection59] INFO  server.RaftServerConfigKeys (ConfUtils.java:logGet(43)) - raft.server.watch.element-limit = 65536 (default)
2019-10-03 08:52:37,914 [d28d590e-8394-4f06-bb68-c22d7dc563d2@group-F27181EFF9C9-LeaderElection59] INFO  impl.RoleInfo (RoleInfo.java:updateAndGet(143)) - d28d590e-8394-4f06-bb68-c22d7dc563d2: start LeaderState
2019-10-03 08:52:37,914 [d28d590e-8394-4f06-bb68-c22d7dc563d2@group-F27181EFF9C9-LeaderElection59] INFO  segmented.SegmentedRaftLogWorker (SegmentedRaftLogWorker.java:startLogSegment(385)) - d28d590e-8394-4f06-bb68-c22d7dc563d2@group-F27181EFF9C9-SegmentedRaftLogWorker: Starting segment from index:0
2019-10-03 08:52:37,915 [d28d590e-8394-4f06-bb68-c22d7dc563d2@group-F27181EFF9C9-LeaderElection59] INFO  impl.RaftServerImpl (ServerState.java:setRaftConf(356)) - d28d590e-8394-4f06-bb68-c22d7dc563d2@group-F27181EFF9C9: set configuration 0: [d28d590e-8394-4f06-bb68-c22d7dc563d2:192.168.151.103:45829], old=null at 0
2019-10-03 08:52:37,944 [fb9d8d31-1158-43be-bca0-309b68a92c58@group-D25D6AE26331-SegmentedRaftLogWorker] INFO  segmented.SegmentedRaftLogWorker (SegmentedRaftLogWorker.java:execute(574)) - fb9d8d31-1158-43be-bca0-309b68a92c58@group-D25D6AE26331-SegmentedRaftLogWorker: created new log segment /workdir/hadoop-ozone/integration-test/target/test-dir/MiniOzoneClusterImpl-a1d964ab-5229-4284-9f54-f7c2eb799dd5/datanode-1/data/ratis/0d99e74a-6523-41d3-a93c-d25d6ae26331/current/log_inprogress_0
2019-10-03 08:52:37,944 [d28d590e-8394-4f06-bb68-c22d7dc563d2@group-F27181EFF9C9-SegmentedRaftLogWorker] INFO  segmented.SegmentedRaftLogWorker (SegmentedRaftLogWorker.java:execute(574)) - d28d590e-8394-4f06-bb68-c22d7dc563d2@group-F27181EFF9C9-SegmentedRaftLogWorker: created new log segment /workdir/hadoop-ozone/integration-test/target/test-dir/MiniOzoneClusterImpl-a1d964ab-5229-4284-9f54-f7c2eb799dd5/datanode-3/data/ratis/9745573a-83c1-470f-9906-f27181eff9c9/current/log_inprogress_0
2019-10-03 08:52:37,944 [7d0487b2-1fed-4ff6-bf59-fa965eb990c9@group-D25D6AE26331-SegmentedRaftLogWorker] INFO  segmented.SegmentedRaftLogWorker (SegmentedRaftLogWorker.java:execute(574)) - 7d0487b2-1fed-4ff6-bf59-fa965eb990c9@group-D25D6AE26331-SegmentedRaftLogWorker: created new log segment /workdir/hadoop-ozone/integration-test/target/test-dir/MiniOzoneClusterImpl-a1d964ab-5229-4284-9f54-f7c2eb799dd5/datanode-2/data/ratis/0d99e74a-6523-41d3-a93c-d25d6ae26331/current/log_inprogress_0
2019-10-03 08:52:37,963 [Thread-2352] INFO  impl.FollowerState (FollowerState.java:run(108)) - ce7734d3-8a6c-4ab9-b10c-caad0cef6fab@group-E5E96D022203-FollowerState: change to CANDIDATE, lastRpcTime:5059ms, electionTimeout:5059ms
2019-10-03 08:52:37,963 [Thread-2352] INFO  impl.RoleInfo (RoleInfo.java:shutdownFollowerState(121)) - ce7734d3-8a6c-4ab9-b10c-caad0cef6fab: shutdown FollowerState
2019-10-03 08:52:37,963 [Thread-2352] INFO  impl.RaftServerImpl (RaftServerImpl.java:setRole(170)) - ce7734d3-8a6c-4ab9-b10c-caad0cef6fab@group-E5E96D022203: changes role from  FOLLOWER to CANDIDATE at term 0 for changeToCandidate
2019-10-03 08:52:37,963 [Thread-2352] INFO  impl.RoleInfo (RoleInfo.java:updateAndGet(143)) - ce7734d3-8a6c-4ab9-b10c-caad0cef6fab: start LeaderElection
2019-10-03 08:52:37,983 [Thread-2355] INFO  impl.FollowerState (FollowerState.java:run(108)) - b7681a11-7eff-4e86-8847-eeb1fccc76a6@group-B87FAF9E6DAB-FollowerState: change to CANDIDATE, lastRpcTime:5015ms, electionTimeout:5015ms
2019-10-03 08:52:37,983 [Thread-2355] INFO  impl.RoleInfo (RoleInfo.java:shutdownFollowerState(121)) - b7681a11-7eff-4e86-8847-eeb1fccc76a6: shutdown FollowerState
2019-10-03 08:52:37,983 [Thread-2355] INFO  impl.RaftServerImpl (RaftServerImpl.java:setRole(170)) - b7681a11-7eff-4e86-8847-eeb1fccc76a6@group-B87FAF9E6DAB: changes role from  FOLLOWER to CANDIDATE at term 0 for changeToCandidate
2019-10-03 08:52:37,983 [Thread-2355] INFO  impl.RoleInfo (RoleInfo.java:updateAndGet(143)) - b7681a11-7eff-4e86-8847-eeb1fccc76a6: start LeaderElection
2019-10-03 08:52:37,993 [ce7734d3-8a6c-4ab9-b10c-caad0cef6fab@group-E5E96D022203-LeaderElection60] INFO  impl.LeaderElection (LeaderElection.java:askForVotes(178)) - ce7734d3-8a6c-4ab9-b10c-caad0cef6fab@group-E5E96D022203-LeaderElection60: begin an election at term 1 for -1: [ce7734d3-8a6c-4ab9-b10c-caad0cef6fab:192.168.151.103:37070], old=null
2019-10-03 08:52:37,993 [ce7734d3-8a6c-4ab9-b10c-caad0cef6fab@group-E5E96D022203-LeaderElection60] INFO  impl.RoleInfo (RoleInfo.java:shutdownLeaderElection(134)) - ce7734d3-8a6c-4ab9-b10c-caad0cef6fab: shutdown LeaderElection
2019-10-03 08:52:37,993 [ce7734d3-8a6c-4ab9-b10c-caad0cef6fab@group-E5E96D022203-LeaderElection60] INFO  impl.RaftServerImpl (RaftServerImpl.java:setRole(170)) - ce7734d3-8a6c-4ab9-b10c-caad0cef6fab@group-E5E96D022203: changes role from CANDIDATE to LEADER at term 1 for changeToLeader
2019-10-03 08:52:37,993 [ce7734d3-8a6c-4ab9-b10c-caad0cef6fab@group-E5E96D022203-LeaderElection60] INFO  impl.RaftServerImpl (ServerState.java:setLeader(255)) - ce7734d3-8a6c-4ab9-b10c-caad0cef6fab@group-E5E96D022203: change Leader from null to ce7734d3-8a6c-4ab9-b10c-caad0cef6fab at term 1 for becomeLeader, leader elected after 5098ms
2019-10-03 08:52:37,993 [ce7734d3-8a6c-4ab9-b10c-caad0cef6fab@group-E5E96D022203-LeaderElection60] INFO  server.RaftServerConfigKeys (ConfUtils.java:logGet(43)) - raft.server.staging.catchup.gap = 1000 (default)
2019-10-03 08:52:37,993 [ce7734d3-8a6c-4ab9-b10c-caad0cef6fab@group-E5E96D022203-LeaderElection60] INFO  server.RaftServerConfigKeys (ConfUtils.java:logGet(43)) - raft.server.rpc.sleep.time = 25ms (default)
2019-10-03 08:52:37,994 [ce7734d3-8a6c-4ab9-b10c-caad0cef6fab@group-E5E96D022203-LeaderElection60] INFO  server.RaftServerConfigKeys (ConfUtils.java:logGet(43)) - raft.server.write.element-limit = 4096 (default)
2019-10-03 08:52:37,994 [ce7734d3-8a6c-4ab9-b10c-caad0cef6fab@group-E5E96D022203-LeaderElection60] INFO  server.RaftServerConfigKeys (ConfUtils.java:logGet(43)) - raft.server.watch.timeout = 10s (default)
2019-10-03 08:52:37,994 [ce7734d3-8a6c-4ab9-b10c-caad0cef6fab@group-E5E96D022203-LeaderElection60] INFO  server.RaftServerConfigKeys (ConfUtils.java:logGet(43)) - raft.server.watch.timeout.denomination = 1s (default)
2019-10-03 08:52:37,994 [ce7734d3-8a6c-4ab9-b10c-caad0cef6fab@group-E5E96D022203-LeaderElection60] INFO  server.RaftServerConfigKeys (ConfUtils.java:logGet(43)) - raft.server.watch.element-limit = 65536 (default)
2019-10-03 08:52:37,996 [ce7734d3-8a6c-4ab9-b10c-caad0cef6fab@group-E5E96D022203-LeaderElection60] INFO  impl.RoleInfo (RoleInfo.java:updateAndGet(143)) - ce7734d3-8a6c-4ab9-b10c-caad0cef6fab: start LeaderState
2019-10-03 08:52:37,996 [ce7734d3-8a6c-4ab9-b10c-caad0cef6fab@group-E5E96D022203-LeaderElection60] INFO  segmented.SegmentedRaftLogWorker (SegmentedRaftLogWorker.java:startLogSegment(385)) - ce7734d3-8a6c-4ab9-b10c-caad0cef6fab@group-E5E96D022203-SegmentedRaftLogWorker: Starting segment from index:0
2019-10-03 08:52:37,996 [ce7734d3-8a6c-4ab9-b10c-caad0cef6fab@group-E5E96D022203-LeaderElection60] INFO  impl.RaftServerImpl (ServerState.java:setRaftConf(356)) - ce7734d3-8a6c-4ab9-b10c-caad0cef6fab@group-E5E96D022203: set configuration 0: [ce7734d3-8a6c-4ab9-b10c-caad0cef6fab:192.168.151.103:37070], old=null at 0
2019-10-03 08:52:38,005 [b7681a11-7eff-4e86-8847-eeb1fccc76a6@group-B87FAF9E6DAB-LeaderElection61] INFO  impl.LeaderElection (LeaderElection.java:askForVotes(178)) - b7681a11-7eff-4e86-8847-eeb1fccc76a6@group-B87FAF9E6DAB-LeaderElection61: begin an election at term 1 for -1: [b7681a11-7eff-4e86-8847-eeb1fccc76a6:192.168.151.103:37762], old=null
2019-10-03 08:52:38,005 [b7681a11-7eff-4e86-8847-eeb1fccc76a6@group-B87FAF9E6DAB-LeaderElection61] INFO  impl.RoleInfo (RoleInfo.java:shutdownLeaderElection(134)) - b7681a11-7eff-4e86-8847-eeb1fccc76a6: shutdown LeaderElection
2019-10-03 08:52:38,005 [b7681a11-7eff-4e86-8847-eeb1fccc76a6@group-B87FAF9E6DAB-LeaderElection61] INFO  impl.RaftServerImpl (RaftServerImpl.java:setRole(170)) - b7681a11-7eff-4e86-8847-eeb1fccc76a6@group-B87FAF9E6DAB: changes role from CANDIDATE to LEADER at term 1 for changeToLeader
2019-10-03 08:52:38,005 [b7681a11-7eff-4e86-8847-eeb1fccc76a6@group-B87FAF9E6DAB-LeaderElection61] INFO  impl.RaftServerImpl (ServerState.java:setLeader(255)) - b7681a11-7eff-4e86-8847-eeb1fccc76a6@group-B87FAF9E6DAB: change Leader from null to b7681a11-7eff-4e86-8847-eeb1fccc76a6 at term 1 for becomeLeader, leader elected after 5045ms
2019-10-03 08:52:38,006 [b7681a11-7eff-4e86-8847-eeb1fccc76a6@group-B87FAF9E6DAB-LeaderElection61] INFO  server.RaftServerConfigKeys (ConfUtils.java:logGet(43)) - raft.server.staging.catchup.gap = 1000 (default)
2019-10-03 08:52:38,006 [b7681a11-7eff-4e86-8847-eeb1fccc76a6@group-B87FAF9E6DAB-LeaderElection61] INFO  server.RaftServerConfigKeys (ConfUtils.java:logGet(43)) - raft.server.rpc.sleep.time = 25ms (default)
2019-10-03 08:52:38,006 [b7681a11-7eff-4e86-8847-eeb1fccc76a6@group-B87FAF9E6DAB-LeaderElection61] INFO  server.RaftServerConfigKeys (ConfUtils.java:logGet(43)) - raft.server.write.element-limit = 4096 (default)
2019-10-03 08:52:38,006 [b7681a11-7eff-4e86-8847-eeb1fccc76a6@group-B87FAF9E6DAB-LeaderElection61] INFO  server.RaftServerConfigKeys (ConfUtils.java:logGet(43)) - raft.server.watch.timeout = 10s (default)
2019-10-03 08:52:38,006 [b7681a11-7eff-4e86-8847-eeb1fccc76a6@group-B87FAF9E6DAB-LeaderElection61] INFO  server.RaftServerConfigKeys (ConfUtils.java:logGet(43)) - raft.server.watch.timeout.denomination = 1s (default)
2019-10-03 08:52:38,006 [b7681a11-7eff-4e86-8847-eeb1fccc76a6@group-B87FAF9E6DAB-LeaderElection61] INFO  server.RaftServerConfigKeys (ConfUtils.java:logGet(43)) - raft.server.watch.element-limit = 65536 (default)
2019-10-03 08:52:38,008 [b7681a11-7eff-4e86-8847-eeb1fccc76a6@group-B87FAF9E6DAB-LeaderElection61] INFO  impl.RoleInfo (RoleInfo.java:updateAndGet(143)) - b7681a11-7eff-4e86-8847-eeb1fccc76a6: start LeaderState
2019-10-03 08:52:38,008 [b7681a11-7eff-4e86-8847-eeb1fccc76a6@group-B87FAF9E6DAB-LeaderElection61] INFO  segmented.SegmentedRaftLogWorker (SegmentedRaftLogWorker.java:startLogSegment(385)) - b7681a11-7eff-4e86-8847-eeb1fccc76a6@group-B87FAF9E6DAB-SegmentedRaftLogWorker: Starting segment from index:0
2019-10-03 08:52:38,009 [b7681a11-7eff-4e86-8847-eeb1fccc76a6@group-B87FAF9E6DAB-LeaderElection61] INFO  impl.RaftServerImpl (ServerState.java:setRaftConf(356)) - b7681a11-7eff-4e86-8847-eeb1fccc76a6@group-B87FAF9E6DAB: set configuration 0: [b7681a11-7eff-4e86-8847-eeb1fccc76a6:192.168.151.103:37762], old=null at 0
2019-10-03 08:52:38,045 [ce7734d3-8a6c-4ab9-b10c-caad0cef6fab@group-E5E96D022203-SegmentedRaftLogWorker] INFO  segmented.SegmentedRaftLogWorker (SegmentedRaftLogWorker.java:execute(574)) - ce7734d3-8a6c-4ab9-b10c-caad0cef6fab@group-E5E96D022203-SegmentedRaftLogWorker: created new log segment /workdir/hadoop-ozone/integration-test/target/test-dir/MiniOzoneClusterImpl-a1d964ab-5229-4284-9f54-f7c2eb799dd5/datanode-4/data/ratis/653f0fd5-4692-4c5e-a698-e5e96d022203/current/log_inprogress_0
2019-10-03 08:52:38,045 [b7681a11-7eff-4e86-8847-eeb1fccc76a6@group-B87FAF9E6DAB-SegmentedRaftLogWorker] INFO  segmented.SegmentedRaftLogWorker (SegmentedRaftLogWorker.java:execute(574)) - b7681a11-7eff-4e86-8847-eeb1fccc76a6@group-B87FAF9E6DAB-SegmentedRaftLogWorker: created new log segment /workdir/hadoop-ozone/integration-test/target/test-dir/MiniOzoneClusterImpl-a1d964ab-5229-4284-9f54-f7c2eb799dd5/datanode-5/data/ratis/ba83ff82-df6d-45f6-bb5c-b87faf9e6dab/current/log_inprogress_0
2019-10-03 08:52:38,089 [Thread-2358] INFO  impl.FollowerState (FollowerState.java:run(108)) - 91f14bbc-873a-40f2-82e9-5c14abd6bd54@group-DA300258155D-FollowerState: change to CANDIDATE, lastRpcTime:5038ms, electionTimeout:5038ms
2019-10-03 08:52:38,089 [Thread-2358] INFO  impl.RoleInfo (RoleInfo.java:shutdownFollowerState(121)) - 91f14bbc-873a-40f2-82e9-5c14abd6bd54: shutdown FollowerState
2019-10-03 08:52:38,090 [Thread-2358] INFO  impl.RaftServerImpl (RaftServerImpl.java:setRole(170)) - 91f14bbc-873a-40f2-82e9-5c14abd6bd54@group-DA300258155D: changes role from  FOLLOWER to CANDIDATE at term 0 for changeToCandidate
2019-10-03 08:52:38,090 [Thread-2358] INFO  impl.RoleInfo (RoleInfo.java:updateAndGet(143)) - 91f14bbc-873a-40f2-82e9-5c14abd6bd54: start LeaderElection
2019-10-03 08:52:38,112 [91f14bbc-873a-40f2-82e9-5c14abd6bd54@group-DA300258155D-LeaderElection62] INFO  impl.LeaderElection (LeaderElection.java:askForVotes(178)) - 91f14bbc-873a-40f2-82e9-5c14abd6bd54@group-DA300258155D-LeaderElection62: begin an election at term 1 for -1: [91f14bbc-873a-40f2-82e9-5c14abd6bd54:192.168.151.103:33119], old=null
2019-10-03 08:52:38,112 [91f14bbc-873a-40f2-82e9-5c14abd6bd54@group-DA300258155D-LeaderElection62] INFO  impl.RoleInfo (RoleInfo.java:shutdownLeaderElection(134)) - 91f14bbc-873a-40f2-82e9-5c14abd6bd54: shutdown LeaderElection
2019-10-03 08:52:38,112 [91f14bbc-873a-40f2-82e9-5c14abd6bd54@group-DA300258155D-LeaderElection62] INFO  impl.RaftServerImpl (RaftServerImpl.java:setRole(170)) - 91f14bbc-873a-40f2-82e9-5c14abd6bd54@group-DA300258155D: changes role from CANDIDATE to LEADER at term 1 for changeToLeader
2019-10-03 08:52:38,112 [91f14bbc-873a-40f2-82e9-5c14abd6bd54@group-DA300258155D-LeaderElection62] INFO  impl.RaftServerImpl (ServerState.java:setLeader(255)) - 91f14bbc-873a-40f2-82e9-5c14abd6bd54@group-DA300258155D: change Leader from null to 91f14bbc-873a-40f2-82e9-5c14abd6bd54 at term 1 for becomeLeader, leader elected after 5068ms
2019-10-03 08:52:38,112 [91f14bbc-873a-40f2-82e9-5c14abd6bd54@group-DA300258155D-LeaderElection62] INFO  server.RaftServerConfigKeys (ConfUtils.java:logGet(43)) - raft.server.staging.catchup.gap = 1000 (default)
2019-10-03 08:52:38,113 [91f14bbc-873a-40f2-82e9-5c14abd6bd54@group-DA300258155D-LeaderElection62] INFO  server.RaftServerConfigKeys (ConfUtils.java:logGet(43)) - raft.server.rpc.sleep.time = 25ms (default)
2019-10-03 08:52:38,113 [91f14bbc-873a-40f2-82e9-5c14abd6bd54@group-DA300258155D-LeaderElection62] INFO  server.RaftServerConfigKeys (ConfUtils.java:logGet(43)) - raft.server.write.element-limit = 4096 (default)
2019-10-03 08:52:38,113 [91f14bbc-873a-40f2-82e9-5c14abd6bd54@group-DA300258155D-LeaderElection62] INFO  server.RaftServerConfigKeys (ConfUtils.java:logGet(43)) - raft.server.watch.timeout = 10s (default)
2019-10-03 08:52:38,113 [91f14bbc-873a-40f2-82e9-5c14abd6bd54@group-DA300258155D-LeaderElection62] INFO  server.RaftServerConfigKeys (ConfUtils.java:logGet(43)) - raft.server.watch.timeout.denomination = 1s (default)
2019-10-03 08:52:38,113 [91f14bbc-873a-40f2-82e9-5c14abd6bd54@group-DA300258155D-LeaderElection62] INFO  server.RaftServerConfigKeys (ConfUtils.java:logGet(43)) - raft.server.watch.element-limit = 65536 (default)
2019-10-03 08:52:38,115 [91f14bbc-873a-40f2-82e9-5c14abd6bd54@group-DA300258155D-LeaderElection62] INFO  impl.RoleInfo (RoleInfo.java:updateAndGet(143)) - 91f14bbc-873a-40f2-82e9-5c14abd6bd54: start LeaderState
2019-10-03 08:52:38,115 [91f14bbc-873a-40f2-82e9-5c14abd6bd54@group-DA300258155D-LeaderElection62] INFO  segmented.SegmentedRaftLogWorker (SegmentedRaftLogWorker.java:startLogSegment(385)) - 91f14bbc-873a-40f2-82e9-5c14abd6bd54@group-DA300258155D-SegmentedRaftLogWorker: Starting segment from index:0
2019-10-03 08:52:38,116 [91f14bbc-873a-40f2-82e9-5c14abd6bd54@group-DA300258155D-LeaderElection62] INFO  impl.RaftServerImpl (ServerState.java:setRaftConf(356)) - 91f14bbc-873a-40f2-82e9-5c14abd6bd54@group-DA300258155D: set configuration 0: [91f14bbc-873a-40f2-82e9-5c14abd6bd54:192.168.151.103:33119], old=null at 0
2019-10-03 08:52:38,129 [Thread-2364] INFO  impl.FollowerState (FollowerState.java:run(108)) - ce7734d3-8a6c-4ab9-b10c-caad0cef6fab@group-46625131B057-FollowerState: change to CANDIDATE, lastRpcTime:5010ms, electionTimeout:5010ms
2019-10-03 08:52:38,129 [Thread-2364] INFO  impl.RoleInfo (RoleInfo.java:shutdownFollowerState(121)) - ce7734d3-8a6c-4ab9-b10c-caad0cef6fab: shutdown FollowerState
2019-10-03 08:52:38,129 [Thread-2364] INFO  impl.RaftServerImpl (RaftServerImpl.java:setRole(170)) - ce7734d3-8a6c-4ab9-b10c-caad0cef6fab@group-46625131B057: changes role from  FOLLOWER to CANDIDATE at term 0 for changeToCandidate
2019-10-03 08:52:38,129 [Thread-2364] INFO  impl.RoleInfo (RoleInfo.java:updateAndGet(143)) - ce7734d3-8a6c-4ab9-b10c-caad0cef6fab: start LeaderElection
2019-10-03 08:52:38,171 [91f14bbc-873a-40f2-82e9-5c14abd6bd54@group-DA300258155D-SegmentedRaftLogWorker] INFO  segmented.SegmentedRaftLogWorker (SegmentedRaftLogWorker.java:execute(574)) - 91f14bbc-873a-40f2-82e9-5c14abd6bd54@group-DA300258155D-SegmentedRaftLogWorker: created new log segment /workdir/hadoop-ozone/integration-test/target/test-dir/MiniOzoneClusterImpl-a1d964ab-5229-4284-9f54-f7c2eb799dd5/datanode-6/data/ratis/7a84d198-1189-4480-ace0-da300258155d/current/log_inprogress_0
2019-10-03 08:52:38,171 [ce7734d3-8a6c-4ab9-b10c-caad0cef6fab@group-46625131B057-LeaderElection63] INFO  impl.LeaderElection (LeaderElection.java:askForVotes(178)) - ce7734d3-8a6c-4ab9-b10c-caad0cef6fab@group-46625131B057-LeaderElection63: begin an election at term 1 for -1: [ce7734d3-8a6c-4ab9-b10c-caad0cef6fab:192.168.151.103:37070, 91f14bbc-873a-40f2-82e9-5c14abd6bd54:192.168.151.103:33119, d28d590e-8394-4f06-bb68-c22d7dc563d2:192.168.151.103:45829], old=null
2019-10-03 08:52:38,180 [grpc-default-executor-6] INFO  impl.RaftServerImpl (RaftServerImpl.java:setRole(170)) - d28d590e-8394-4f06-bb68-c22d7dc563d2@group-46625131B057: changes role from  FOLLOWER to FOLLOWER at term 1 for recognizeCandidate:ce7734d3-8a6c-4ab9-b10c-caad0cef6fab
2019-10-03 08:52:38,180 [grpc-default-executor-6] INFO  impl.RoleInfo (RoleInfo.java:shutdownFollowerState(121)) - d28d590e-8394-4f06-bb68-c22d7dc563d2: shutdown FollowerState
2019-10-03 08:52:38,184 [grpc-default-executor-7] INFO  impl.RaftServerImpl (RaftServerImpl.java:setRole(170)) - 91f14bbc-873a-40f2-82e9-5c14abd6bd54@group-46625131B057: changes role from  FOLLOWER to FOLLOWER at term 1 for recognizeCandidate:ce7734d3-8a6c-4ab9-b10c-caad0cef6fab
2019-10-03 08:52:38,185 [grpc-default-executor-7] INFO  impl.RoleInfo (RoleInfo.java:shutdownFollowerState(121)) - 91f14bbc-873a-40f2-82e9-5c14abd6bd54: shutdown FollowerState
2019-10-03 08:52:38,185 [grpc-default-executor-7] INFO  impl.RoleInfo (RoleInfo.java:updateAndGet(143)) - 91f14bbc-873a-40f2-82e9-5c14abd6bd54: start FollowerState
2019-10-03 08:52:38,185 [grpc-default-executor-6] INFO  impl.RoleInfo (RoleInfo.java:updateAndGet(143)) - d28d590e-8394-4f06-bb68-c22d7dc563d2: start FollowerState
2019-10-03 08:52:38,185 [Thread-2363] INFO  impl.FollowerState (FollowerState.java:run(117)) - d28d590e-8394-4f06-bb68-c22d7dc563d2@group-46625131B057-FollowerState was interrupted: java.lang.InterruptedException: sleep interrupted
2019-10-03 08:52:38,185 [Thread-2365] INFO  impl.FollowerState (FollowerState.java:run(117)) - 91f14bbc-873a-40f2-82e9-5c14abd6bd54@group-46625131B057-FollowerState was interrupted: java.lang.InterruptedException: sleep interrupted
2019-10-03 08:52:38,215 [ce7734d3-8a6c-4ab9-b10c-caad0cef6fab@group-46625131B057-LeaderElection63] INFO  impl.LeaderElection (LeaderElection.java:logAndReturn(56)) - ce7734d3-8a6c-4ab9-b10c-caad0cef6fab@group-46625131B057-LeaderElection63: Election PASSED; received 1 response(s) [ce7734d3-8a6c-4ab9-b10c-caad0cef6fab<-d28d590e-8394-4f06-bb68-c22d7dc563d2#0:OK-t1] and 0 exception(s); ce7734d3-8a6c-4ab9-b10c-caad0cef6fab@group-46625131B057:t1, leader=null, voted=ce7734d3-8a6c-4ab9-b10c-caad0cef6fab, raftlog=ce7734d3-8a6c-4ab9-b10c-caad0cef6fab@group-46625131B057-SegmentedRaftLog:OPENED:c-1,f-1,i0, conf=-1: [ce7734d3-8a6c-4ab9-b10c-caad0cef6fab:192.168.151.103:37070, 91f14bbc-873a-40f2-82e9-5c14abd6bd54:192.168.151.103:33119, d28d590e-8394-4f06-bb68-c22d7dc563d2:192.168.151.103:45829], old=null
2019-10-03 08:52:38,216 [ce7734d3-8a6c-4ab9-b10c-caad0cef6fab@group-46625131B057-LeaderElection63] INFO  impl.RoleInfo (RoleInfo.java:shutdownLeaderElection(134)) - ce7734d3-8a6c-4ab9-b10c-caad0cef6fab: shutdown LeaderElection
2019-10-03 08:52:38,216 [ce7734d3-8a6c-4ab9-b10c-caad0cef6fab@group-46625131B057-LeaderElection63] INFO  impl.RaftServerImpl (RaftServerImpl.java:setRole(170)) - ce7734d3-8a6c-4ab9-b10c-caad0cef6fab@group-46625131B057: changes role from CANDIDATE to LEADER at term 1 for changeToLeader
2019-10-03 08:52:38,216 [ce7734d3-8a6c-4ab9-b10c-caad0cef6fab@group-46625131B057-LeaderElection63] INFO  impl.RaftServerImpl (ServerState.java:setLeader(255)) - ce7734d3-8a6c-4ab9-b10c-caad0cef6fab@group-46625131B057: change Leader from null to ce7734d3-8a6c-4ab9-b10c-caad0cef6fab at term 1 for becomeLeader, leader elected after 5108ms
2019-10-03 08:52:38,216 [ce7734d3-8a6c-4ab9-b10c-caad0cef6fab@group-46625131B057-LeaderElection63] INFO  server.RaftServerConfigKeys (ConfUtils.java:logGet(43)) - raft.server.staging.catchup.gap = 1000 (default)
2019-10-03 08:52:38,216 [ce7734d3-8a6c-4ab9-b10c-caad0cef6fab@group-46625131B057-LeaderElection63] INFO  server.RaftServerConfigKeys (ConfUtils.java:logGet(43)) - raft.server.rpc.sleep.time = 25ms (default)
2019-10-03 08:52:38,216 [ce7734d3-8a6c-4ab9-b10c-caad0cef6fab@group-46625131B057-LeaderElection63] INFO  server.RaftServerConfigKeys (ConfUtils.java:logGet(43)) - raft.server.write.element-limit = 4096 (default)
2019-10-03 08:52:38,217 [ce7734d3-8a6c-4ab9-b10c-caad0cef6fab@group-46625131B057-LeaderElection63] INFO  server.RaftServerConfigKeys (ConfUtils.java:logGet(43)) - raft.server.watch.timeout = 10s (default)
2019-10-03 08:52:38,217 [ce7734d3-8a6c-4ab9-b10c-caad0cef6fab@group-46625131B057-LeaderElection63] INFO  server.RaftServerConfigKeys (ConfUtils.java:logGet(43)) - raft.server.watch.timeout.denomination = 1s (default)
2019-10-03 08:52:38,217 [ce7734d3-8a6c-4ab9-b10c-caad0cef6fab@group-46625131B057-LeaderElection63] INFO  server.RaftServerConfigKeys (ConfUtils.java:logGet(43)) - raft.server.watch.element-limit = 65536 (default)
2019-10-03 08:52:38,219 [ce7734d3-8a6c-4ab9-b10c-caad0cef6fab@group-46625131B057-LeaderElection63] INFO  server.RaftServerConfigKeys (ConfUtils.java:logGet(43)) - raft.server.log.appender.snapshot.chunk.size.max = 16MB (=16777216) (default)
2019-10-03 08:52:38,219 [ce7734d3-8a6c-4ab9-b10c-caad0cef6fab@group-46625131B057-LeaderElection63] INFO  server.RaftServerConfigKeys (ConfUtils.java:logGet(43)) - raft.server.log.appender.buffer.byte-limit = 33554432 (custom)
2019-10-03 08:52:38,219 [ce7734d3-8a6c-4ab9-b10c-caad0cef6fab@group-46625131B057-LeaderElection63] INFO  server.RaftServerConfigKeys (ConfUtils.java:logGet(43)) - raft.server.log.appender.buffer.element-limit = 1 (custom)
2019-10-03 08:52:38,219 [ce7734d3-8a6c-4ab9-b10c-caad0cef6fab@group-46625131B057-LeaderElection63] INFO  grpc.GrpcConfigKeys$Server (ConfUtils.java:logGet(43)) - raft.grpc.server.leader.outstanding.appends.max = 128 (default)
2019-10-03 08:52:38,220 [ce7734d3-8a6c-4ab9-b10c-caad0cef6fab@group-46625131B057-LeaderElection63] INFO  server.RaftServerConfigKeys (ConfUtils.java:logGet(43)) - raft.server.rpc.request.timeout = 3000ms (default)
2019-10-03 08:52:38,220 [ce7734d3-8a6c-4ab9-b10c-caad0cef6fab@group-46625131B057-LeaderElection63] INFO  server.RaftServerConfigKeys (ConfUtils.java:logGet(43)) - raft.server.log.appender.install.snapshot.enabled = false (custom)
2019-10-03 08:52:38,220 [ce7734d3-8a6c-4ab9-b10c-caad0cef6fab@group-46625131B057-LeaderElection63] INFO  server.RaftServerConfigKeys (ConfUtils.java:logGet(43)) - raft.server.log.appender.snapshot.chunk.size.max = 16MB (=16777216) (default)
2019-10-03 08:52:38,220 [ce7734d3-8a6c-4ab9-b10c-caad0cef6fab@group-46625131B057-LeaderElection63] INFO  server.RaftServerConfigKeys (ConfUtils.java:logGet(43)) - raft.server.log.appender.buffer.byte-limit = 33554432 (custom)
2019-10-03 08:52:38,220 [ce7734d3-8a6c-4ab9-b10c-caad0cef6fab@group-46625131B057-LeaderElection63] INFO  server.RaftServerConfigKeys (ConfUtils.java:logGet(43)) - raft.server.log.appender.buffer.element-limit = 1 (custom)
2019-10-03 08:52:38,221 [ce7734d3-8a6c-4ab9-b10c-caad0cef6fab@group-46625131B057-LeaderElection63] INFO  grpc.GrpcConfigKeys$Server (ConfUtils.java:logGet(43)) - raft.grpc.server.leader.outstanding.appends.max = 128 (default)
2019-10-03 08:52:38,221 [ce7734d3-8a6c-4ab9-b10c-caad0cef6fab@group-46625131B057-LeaderElection63] INFO  server.RaftServerConfigKeys (ConfUtils.java:logGet(43)) - raft.server.rpc.request.timeout = 3000ms (default)
2019-10-03 08:52:38,221 [ce7734d3-8a6c-4ab9-b10c-caad0cef6fab@group-46625131B057-LeaderElection63] INFO  server.RaftServerConfigKeys (ConfUtils.java:logGet(43)) - raft.server.log.appender.install.snapshot.enabled = false (custom)
2019-10-03 08:52:38,221 [ce7734d3-8a6c-4ab9-b10c-caad0cef6fab@group-46625131B057-LeaderElection63] INFO  impl.RoleInfo (RoleInfo.java:updateAndGet(143)) - ce7734d3-8a6c-4ab9-b10c-caad0cef6fab: start LeaderState
2019-10-03 08:52:38,221 [ce7734d3-8a6c-4ab9-b10c-caad0cef6fab@group-46625131B057-LeaderElection63] INFO  segmented.SegmentedRaftLogWorker (SegmentedRaftLogWorker.java:startLogSegment(385)) - ce7734d3-8a6c-4ab9-b10c-caad0cef6fab@group-46625131B057-SegmentedRaftLogWorker: Starting segment from index:0
2019-10-03 08:52:38,222 [ce7734d3-8a6c-4ab9-b10c-caad0cef6fab@group-46625131B057-LeaderElection63] INFO  impl.RaftServerImpl (ServerState.java:setRaftConf(356)) - ce7734d3-8a6c-4ab9-b10c-caad0cef6fab@group-46625131B057: set configuration 0: [ce7734d3-8a6c-4ab9-b10c-caad0cef6fab:192.168.151.103:37070, 91f14bbc-873a-40f2-82e9-5c14abd6bd54:192.168.151.103:33119, d28d590e-8394-4f06-bb68-c22d7dc563d2:192.168.151.103:45829], old=null at 0
2019-10-03 08:52:38,223 [grpc-default-executor-7] INFO  impl.RaftServerImpl (ServerState.java:setLeader(255)) - 91f14bbc-873a-40f2-82e9-5c14abd6bd54@group-46625131B057: change Leader from null to ce7734d3-8a6c-4ab9-b10c-caad0cef6fab at term 1 for appendEntries, leader elected after 5115ms
2019-10-03 08:52:38,264 [grpc-default-executor-6] INFO  impl.RaftServerImpl (ServerState.java:setLeader(255)) - d28d590e-8394-4f06-bb68-c22d7dc563d2@group-46625131B057: change Leader from null to ce7734d3-8a6c-4ab9-b10c-caad0cef6fab at term 1 for appendEntries, leader elected after 5156ms
2019-10-03 08:52:38,268 [ce7734d3-8a6c-4ab9-b10c-caad0cef6fab@group-46625131B057-SegmentedRaftLogWorker] INFO  segmented.SegmentedRaftLogWorker (SegmentedRaftLogWorker.java:execute(574)) - ce7734d3-8a6c-4ab9-b10c-caad0cef6fab@group-46625131B057-SegmentedRaftLogWorker: created new log segment /workdir/hadoop-ozone/integration-test/target/test-dir/MiniOzoneClusterImpl-a1d964ab-5229-4284-9f54-f7c2eb799dd5/datanode-4/data/ratis/c8cd59bb-34a0-4e10-9f7a-46625131b057/current/log_inprogress_0
2019-10-03 08:52:38,269 [grpc-default-executor-6] INFO  impl.RaftServerImpl (ServerState.java:setRaftConf(356)) - 91f14bbc-873a-40f2-82e9-5c14abd6bd54@group-46625131B057: set configuration 0: [ce7734d3-8a6c-4ab9-b10c-caad0cef6fab:192.168.151.103:37070, 91f14bbc-873a-40f2-82e9-5c14abd6bd54:192.168.151.103:33119, d28d590e-8394-4f06-bb68-c22d7dc563d2:192.168.151.103:45829], old=null at 0
2019-10-03 08:52:38,269 [grpc-default-executor-6] INFO  segmented.SegmentedRaftLogWorker (SegmentedRaftLogWorker.java:startLogSegment(385)) - 91f14bbc-873a-40f2-82e9-5c14abd6bd54@group-46625131B057-SegmentedRaftLogWorker: Starting segment from index:0
2019-10-03 08:52:38,269 [grpc-default-executor-6] INFO  impl.RaftServerImpl (ServerState.java:setRaftConf(356)) - d28d590e-8394-4f06-bb68-c22d7dc563d2@group-46625131B057: set configuration 0: [ce7734d3-8a6c-4ab9-b10c-caad0cef6fab:192.168.151.103:37070, 91f14bbc-873a-40f2-82e9-5c14abd6bd54:192.168.151.103:33119, d28d590e-8394-4f06-bb68-c22d7dc563d2:192.168.151.103:45829], old=null at 0
2019-10-03 08:52:38,270 [grpc-default-executor-6] INFO  segmented.SegmentedRaftLogWorker (SegmentedRaftLogWorker.java:startLogSegment(385)) - d28d590e-8394-4f06-bb68-c22d7dc563d2@group-46625131B057-SegmentedRaftLogWorker: Starting segment from index:0
2019-10-03 08:52:38,333 [d28d590e-8394-4f06-bb68-c22d7dc563d2@group-46625131B057-SegmentedRaftLogWorker] INFO  segmented.SegmentedRaftLogWorker (SegmentedRaftLogWorker.java:execute(574)) - d28d590e-8394-4f06-bb68-c22d7dc563d2@group-46625131B057-SegmentedRaftLogWorker: created new log segment /workdir/hadoop-ozone/integration-test/target/test-dir/MiniOzoneClusterImpl-a1d964ab-5229-4284-9f54-f7c2eb799dd5/datanode-3/data/ratis/c8cd59bb-34a0-4e10-9f7a-46625131b057/current/log_inprogress_0
2019-10-03 08:52:38,333 [91f14bbc-873a-40f2-82e9-5c14abd6bd54@group-46625131B057-SegmentedRaftLogWorker] INFO  segmented.SegmentedRaftLogWorker (SegmentedRaftLogWorker.java:execute(574)) - 91f14bbc-873a-40f2-82e9-5c14abd6bd54@group-46625131B057-SegmentedRaftLogWorker: created new log segment /workdir/hadoop-ozone/integration-test/target/test-dir/MiniOzoneClusterImpl-a1d964ab-5229-4284-9f54-f7c2eb799dd5/datanode-6/data/ratis/c8cd59bb-34a0-4e10-9f7a-46625131b057/current/log_inprogress_0
2019-10-03 08:52:38,377 [Datanode State Machine Thread - 0] INFO  statemachine.DatanodeStateMachine (DatanodeStateMachine.java:lambda$startDaemon$0(350)) - Ozone container server started.
2019-10-03 08:52:38,942 [grpc-default-executor-0] WARN  server.GrpcLogAppender (LogUtils.java:warn(134)) - 44dfefca-9cc0-4191-be09-9e0ba236227c@group-A4E22CE81F32->576c1584-98eb-4342-a4b5-132ff6e862cb-AppendLogResponseHandler: Failed appendEntries: org.apache.ratis.thirdparty.io.grpc.StatusRuntimeException: UNAVAILABLE: io exception
2019-10-03 08:52:38,942 [grpc-default-executor-8] WARN  server.GrpcLogAppender (LogUtils.java:warn(134)) - 44dfefca-9cc0-4191-be09-9e0ba236227c@group-A4E22CE81F32->0fd4a3fd-1acf-4517-a260-f29a17e7fdef-AppendLogResponseHandler: Failed appendEntries: org.apache.ratis.thirdparty.io.grpc.StatusRuntimeException: UNAVAILABLE: io exception
2019-10-03 08:52:38,942 [grpc-default-executor-0] INFO  impl.FollowerInfo (FollowerInfo.java:lambda$new$0(51)) - 44dfefca-9cc0-4191-be09-9e0ba236227c@group-A4E22CE81F32->576c1584-98eb-4342-a4b5-132ff6e862cb: nextIndex: updateUnconditionally 0 -> 0
2019-10-03 08:52:38,942 [grpc-default-executor-8] INFO  impl.FollowerInfo (FollowerInfo.java:lambda$new$0(51)) - 44dfefca-9cc0-4191-be09-9e0ba236227c@group-A4E22CE81F32->0fd4a3fd-1acf-4517-a260-f29a17e7fdef: nextIndex: updateUnconditionally 0 -> 0
2019-10-03 08:52:41,443 [grpc-default-executor-0] WARN  server.GrpcLogAppender (LogUtils.java:warn(134)) - 44dfefca-9cc0-4191-be09-9e0ba236227c@group-A4E22CE81F32->576c1584-98eb-4342-a4b5-132ff6e862cb-AppendLogResponseHandler: Failed appendEntries: org.apache.ratis.thirdparty.io.grpc.StatusRuntimeException: UNAVAILABLE: io exception
2019-10-03 08:52:41,443 [grpc-default-executor-8] WARN  server.GrpcLogAppender (LogUtils.java:warn(134)) - 44dfefca-9cc0-4191-be09-9e0ba236227c@group-A4E22CE81F32->0fd4a3fd-1acf-4517-a260-f29a17e7fdef-AppendLogResponseHandler: Failed appendEntries: org.apache.ratis.thirdparty.io.grpc.StatusRuntimeException: UNAVAILABLE: io exception
2019-10-03 08:52:41,444 [grpc-default-executor-0] INFO  impl.FollowerInfo (FollowerInfo.java:lambda$new$0(51)) - 44dfefca-9cc0-4191-be09-9e0ba236227c@group-A4E22CE81F32->576c1584-98eb-4342-a4b5-132ff6e862cb: nextIndex: updateUnconditionally 0 -> 0
2019-10-03 08:52:41,444 [grpc-default-executor-8] INFO  impl.FollowerInfo (FollowerInfo.java:lambda$new$0(51)) - 44dfefca-9cc0-4191-be09-9e0ba236227c@group-A4E22CE81F32->0fd4a3fd-1acf-4517-a260-f29a17e7fdef: nextIndex: updateUnconditionally 0 -> 0
2019-10-03 08:52:43,364 [main] INFO  ozoneimpl.OzoneContainer (OzoneContainer.java:stop(231)) - Attempting to stop container services.
2019-10-03 08:52:43,366 [main] INFO  impl.RaftServerProxy (RaftServerProxy.java:lambda$close$4(314)) - fb9d8d31-1158-43be-bca0-309b68a92c58: close
2019-10-03 08:52:43,367 [main] INFO  impl.RaftServerImpl (RaftServerImpl.java:lambda$shutdown$3(247)) - fb9d8d31-1158-43be-bca0-309b68a92c58@group-D25D6AE26331: shutdown
2019-10-03 08:52:43,368 [ForkJoinPool.commonPool-worker-1] INFO  impl.RaftServerImpl (RaftServerImpl.java:lambda$shutdown$3(247)) - fb9d8d31-1158-43be-bca0-309b68a92c58@group-D7062F04B5C7: shutdown
2019-10-03 08:52:43,368 [main] INFO  util.JmxRegister (JmxRegister.java:unregister(73)) - Successfully un-registered JMX Bean with object name Ratis:service=RaftServer,group=group-D25D6AE26331,id=fb9d8d31-1158-43be-bca0-309b68a92c58
2019-10-03 08:52:43,368 [ForkJoinPool.commonPool-worker-1] INFO  util.JmxRegister (JmxRegister.java:unregister(73)) - Successfully un-registered JMX Bean with object name Ratis:service=RaftServer,group=group-D7062F04B5C7,id=fb9d8d31-1158-43be-bca0-309b68a92c58
2019-10-03 08:52:43,369 [main] INFO  impl.RoleInfo (RoleInfo.java:shutdownFollowerState(121)) - fb9d8d31-1158-43be-bca0-309b68a92c58: shutdown FollowerState
2019-10-03 08:52:43,369 [ForkJoinPool.commonPool-worker-1] INFO  impl.RoleInfo (RoleInfo.java:shutdownLeaderState(104)) - fb9d8d31-1158-43be-bca0-309b68a92c58: shutdown LeaderState
2019-10-03 08:52:43,369 [main] INFO  impl.StateMachineUpdater (StateMachineUpdater.java:stopAndJoin(136)) - fb9d8d31-1158-43be-bca0-309b68a92c58@group-D25D6AE26331-StateMachineUpdater: set stopIndex = 2
2019-10-03 08:52:43,369 [fb9d8d31-1158-43be-bca0-309b68a92c58@group-D25D6AE26331-StateMachineUpdater] INFO  ratis.ContainerStateMachine (ContainerStateMachine.java:takeSnapshot(293)) - group-D25D6AE26331: Taking a snapshot at:(t:1, i:1) file /workdir/hadoop-ozone/integration-test/target/test-dir/MiniOzoneClusterImpl-a1d964ab-5229-4284-9f54-f7c2eb799dd5/datanode-1/data/ratis/0d99e74a-6523-41d3-a93c-d25d6ae26331/sm/snapshot.1_1
2019-10-03 08:52:43,369 [ForkJoinPool.commonPool-worker-1] INFO  impl.PendingRequests (PendingRequests.java:sendNotLeaderResponses(202)) - fb9d8d31-1158-43be-bca0-309b68a92c58@group-D7062F04B5C7-PendingRequests: sendNotLeaderResponses
2019-10-03 08:52:43,369 [Thread-2402] INFO  impl.FollowerState (FollowerState.java:run(117)) - fb9d8d31-1158-43be-bca0-309b68a92c58@group-D25D6AE26331-FollowerState was interrupted: java.lang.InterruptedException: sleep interrupted
2019-10-03 08:52:43,386 [ForkJoinPool.commonPool-worker-1] INFO  impl.StateMachineUpdater (StateMachineUpdater.java:stopAndJoin(136)) - fb9d8d31-1158-43be-bca0-309b68a92c58@group-D7062F04B5C7-StateMachineUpdater: set stopIndex = 0
2019-10-03 08:52:43,387 [ForkJoinPool.commonPool-worker-1] INFO  impl.RaftServerImpl (ServerState.java:close(387)) - fb9d8d31-1158-43be-bca0-309b68a92c58@group-D7062F04B5C7: closes. applyIndex: 0
2019-10-03 08:52:43,387 [fb9d8d31-1158-43be-bca0-309b68a92c58@group-D7062F04B5C7-SegmentedRaftLogWorker] INFO  segmented.SegmentedRaftLogWorker (SegmentedRaftLogWorker.java:run(316)) - fb9d8d31-1158-43be-bca0-309b68a92c58@group-D7062F04B5C7-SegmentedRaftLogWorker was interrupted, exiting. There are 0 tasks remaining in the queue.
2019-10-03 08:52:43,391 [ForkJoinPool.commonPool-worker-1] INFO  segmented.SegmentedRaftLogWorker (SegmentedRaftLogWorker.java:close(224)) - fb9d8d31-1158-43be-bca0-309b68a92c58@group-D7062F04B5C7-SegmentedRaftLogWorker close()
2019-10-03 08:52:43,413 [fb9d8d31-1158-43be-bca0-309b68a92c58@group-D25D6AE26331-StateMachineUpdater] INFO  ratis.ContainerStateMachine (ContainerStateMachine.java:takeSnapshot(304)) - group-D25D6AE26331: Finished taking a snapshot at:(t:1, i:1) file:/workdir/hadoop-ozone/integration-test/target/test-dir/MiniOzoneClusterImpl-a1d964ab-5229-4284-9f54-f7c2eb799dd5/datanode-1/data/ratis/0d99e74a-6523-41d3-a93c-d25d6ae26331/sm/snapshot.1_1 time:44
2019-10-03 08:52:43,414 [fb9d8d31-1158-43be-bca0-309b68a92c58@group-D25D6AE26331-StateMachineUpdater] INFO  impl.StateMachineUpdater (StateMachineUpdater.java:takeSnapshot(269)) - fb9d8d31-1158-43be-bca0-309b68a92c58@group-D25D6AE26331-StateMachineUpdater: Took a snapshot at index 1
2019-10-03 08:52:43,414 [fb9d8d31-1158-43be-bca0-309b68a92c58@group-D25D6AE26331-StateMachineUpdater] INFO  impl.StateMachineUpdater (StateMachineUpdater.java:lambda$new$0(84)) - fb9d8d31-1158-43be-bca0-309b68a92c58@group-D25D6AE26331-StateMachineUpdater: snapshotIndex: updateIncreasingly -1 -> 1
2019-10-03 08:52:43,414 [fb9d8d31-1158-43be-bca0-309b68a92c58@group-D25D6AE26331-StateMachineUpdater] INFO  ratis.ContainerStateMachine (ContainerStateMachine.java:takeSnapshot(293)) - group-D25D6AE26331: Taking a snapshot at:(t:1, i:1) file /workdir/hadoop-ozone/integration-test/target/test-dir/MiniOzoneClusterImpl-a1d964ab-5229-4284-9f54-f7c2eb799dd5/datanode-1/data/ratis/0d99e74a-6523-41d3-a93c-d25d6ae26331/sm/snapshot.1_1
2019-10-03 08:52:43,427 [fb9d8d31-1158-43be-bca0-309b68a92c58@group-D25D6AE26331-StateMachineUpdater] INFO  ratis.ContainerStateMachine (ContainerStateMachine.java:takeSnapshot(304)) - group-D25D6AE26331: Finished taking a snapshot at:(t:1, i:1) file:/workdir/hadoop-ozone/integration-test/target/test-dir/MiniOzoneClusterImpl-a1d964ab-5229-4284-9f54-f7c2eb799dd5/datanode-1/data/ratis/0d99e74a-6523-41d3-a93c-d25d6ae26331/sm/snapshot.1_1 time:12
2019-10-03 08:52:43,427 [fb9d8d31-1158-43be-bca0-309b68a92c58@group-D25D6AE26331-StateMachineUpdater] INFO  impl.StateMachineUpdater (StateMachineUpdater.java:takeSnapshot(269)) - fb9d8d31-1158-43be-bca0-309b68a92c58@group-D25D6AE26331-StateMachineUpdater: Took a snapshot at index 1
2019-10-03 08:52:43,427 [fb9d8d31-1158-43be-bca0-309b68a92c58@group-D25D6AE26331-StateMachineUpdater] INFO  impl.StateMachineUpdater (StateMachineUpdater.java:lambda$new$0(84)) - fb9d8d31-1158-43be-bca0-309b68a92c58@group-D25D6AE26331-StateMachineUpdater: snapshotIndex: updateIncreasingly 1 -> 1
2019-10-03 08:52:43,427 [main] INFO  impl.RaftServerImpl (ServerState.java:close(387)) - fb9d8d31-1158-43be-bca0-309b68a92c58@group-D25D6AE26331: closes. applyIndex: 2
2019-10-03 08:52:43,428 [fb9d8d31-1158-43be-bca0-309b68a92c58@group-D25D6AE26331-SegmentedRaftLogWorker] INFO  segmented.SegmentedRaftLogWorker (SegmentedRaftLogWorker.java:run(316)) - fb9d8d31-1158-43be-bca0-309b68a92c58@group-D25D6AE26331-SegmentedRaftLogWorker was interrupted, exiting. There are 0 tasks remaining in the queue.
2019-10-03 08:52:43,433 [main] INFO  segmented.SegmentedRaftLogWorker (SegmentedRaftLogWorker.java:close(224)) - fb9d8d31-1158-43be-bca0-309b68a92c58@group-D25D6AE26331-SegmentedRaftLogWorker close()
2019-10-03 08:52:43,438 [main] INFO  server.GrpcService (GrpcService.java:closeImpl(164)) - fb9d8d31-1158-43be-bca0-309b68a92c58: shutdown server with port 43760 now
2019-10-03 08:52:43,439 [grpc-default-executor-8] WARN  server.GrpcServerProtocolService (LogUtils.java:warn(134)) - fb9d8d31-1158-43be-bca0-309b68a92c58: installSnapshot onError, lastRequest: 37a86bc3-ee66-42e2-b31f-61e547799e9d->fb9d8d31-1158-43be-bca0-309b68a92c58#5-t1, previous=(t:1, i:2), leaderCommit=2, initializing? false, entries: <empty>: org.apache.ratis.thirdparty.io.grpc.StatusRuntimeException: CANCELLED: cancelled before receiving half close
2019-10-03 08:52:43,440 [grpc-default-executor-0] WARN  server.GrpcLogAppender (LogUtils.java:warn(134)) - 37a86bc3-ee66-42e2-b31f-61e547799e9d@group-D25D6AE26331->fb9d8d31-1158-43be-bca0-309b68a92c58-AppendLogResponseHandler: Failed appendEntries: org.apache.ratis.thirdparty.io.grpc.StatusRuntimeException: CANCELLED: HTTP/2 error code: CANCEL
Received Rst Stream
2019-10-03 08:52:43,440 [main] INFO  server.GrpcService (GrpcService.java:closeImpl(172)) - fb9d8d31-1158-43be-bca0-309b68a92c58: shutdown server with port 43760 successfully
2019-10-03 08:52:43,441 [grpc-default-executor-0] INFO  impl.FollowerInfo (FollowerInfo.java:lambda$new$0(51)) - 37a86bc3-ee66-42e2-b31f-61e547799e9d@group-D25D6AE26331->fb9d8d31-1158-43be-bca0-309b68a92c58: nextIndex: updateUnconditionally 3 -> 2
2019-10-03 08:52:43,447 [refreshUsed-/workdir/hadoop-ozone/integration-test/target/test-dir/MiniOzoneClusterImpl-a1d964ab-5229-4284-9f54-f7c2eb799dd5/datanode-1/data/containers] WARN  fs.CachingGetSpaceUsed (CachingGetSpaceUsed.java:run(183)) - Thread Interrupted waiting to refresh disk information: sleep interrupted
2019-10-03 08:52:43,463 [main] INFO  utils.BackgroundService (BackgroundService.java:shutdown(148)) - Shutting down service BlockDeletingService
2019-10-03 08:52:43,471 [main] INFO  statemachine.DatanodeStateMachine (DatanodeStateMachine.java:stopDaemon(395)) - Ozone container server stopped.
2019-10-03 08:52:43,473 [main] INFO  handler.ContextHandler (ContextHandler.java:doStop(910)) - Stopped o.e.j.w.WebAppContext@30abf79c{/,null,UNAVAILABLE}{/hddsDatanode}
2019-10-03 08:52:43,474 [main] INFO  server.AbstractConnector (AbstractConnector.java:doStop(318)) - Stopped ServerConnector@49a38b1{HTTP/1.1,[http/1.1]}{0.0.0.0:0}
2019-10-03 08:52:43,474 [main] INFO  handler.ContextHandler (ContextHandler.java:doStop(910)) - Stopped o.e.j.s.ServletContextHandler@37606fee{/static,jar:file:/home/user/.m2/repository/org/apache/hadoop/hadoop-hdds-container-service/0.5.0-SNAPSHOT/hadoop-hdds-container-service-0.5.0-SNAPSHOT.jar!/webapps/static,UNAVAILABLE}
2019-10-03 08:52:43,475 [main] INFO  handler.ContextHandler (ContextHandler.java:doStop(910)) - Stopped o.e.j.s.ServletContextHandler@6cbb7a7d{/logs,file:///workdir/hadoop-ozone/integration-test/target/log,UNAVAILABLE}
2019-10-03 08:52:43,489 [grpc-default-executor-7] WARN  server.GrpcLogAppender (LogUtils.java:warn(134)) - 37a86bc3-ee66-42e2-b31f-61e547799e9d@group-D25D6AE26331->fb9d8d31-1158-43be-bca0-309b68a92c58-AppendLogResponseHandler: Failed appendEntries: org.apache.ratis.thirdparty.io.grpc.StatusRuntimeException: UNAVAILABLE: io exception
2019-10-03 08:52:43,489 [grpc-default-executor-7] INFO  impl.FollowerInfo (FollowerInfo.java:lambda$new$0(51)) - 37a86bc3-ee66-42e2-b31f-61e547799e9d@group-D25D6AE26331->fb9d8d31-1158-43be-bca0-309b68a92c58: nextIndex: updateUnconditionally 3 -> 2
2019-10-03 08:52:43,501 [grpc-default-executor-8] WARN  server.GrpcLogAppender (LogUtils.java:warn(134)) - 37a86bc3-ee66-42e2-b31f-61e547799e9d@group-D25D6AE26331->fb9d8d31-1158-43be-bca0-309b68a92c58-AppendLogResponseHandler: Failed appendEntries: org.apache.ratis.thirdparty.io.grpc.StatusRuntimeException: UNAVAILABLE: io exception
2019-10-03 08:52:43,501 [grpc-default-executor-8] INFO  impl.FollowerInfo (FollowerInfo.java:lambda$new$0(51)) - 37a86bc3-ee66-42e2-b31f-61e547799e9d@group-D25D6AE26331->fb9d8d31-1158-43be-bca0-309b68a92c58: nextIndex: updateUnconditionally 3 -> 2
2019-10-03 08:52:43,514 [grpc-default-executor-8] WARN  server.GrpcLogAppender (LogUtils.java:warn(134)) - 37a86bc3-ee66-42e2-b31f-61e547799e9d@group-D25D6AE26331->fb9d8d31-1158-43be-bca0-309b68a92c58-AppendLogResponseHandler: Failed appendEntries: org.apache.ratis.thirdparty.io.grpc.StatusRuntimeException: UNAVAILABLE: io exception
2019-10-03 08:52:43,515 [grpc-default-executor-8] INFO  impl.FollowerInfo (FollowerInfo.java:lambda$new$0(51)) - 37a86bc3-ee66-42e2-b31f-61e547799e9d@group-D25D6AE26331->fb9d8d31-1158-43be-bca0-309b68a92c58: nextIndex: updateUnconditionally 3 -> 2
2019-10-03 08:52:43,516 [EventQueue-IncrementalContainerReportForIncrementalContainerReportHandler] WARN  container.IncrementalContainerReportHandler (AbstractContainerReportHandler.java:updateContainerState(143)) - Container #1 is in OPEN state, but the datanode 37a86bc3-ee66-42e2-b31f-61e547799e9d{ip: 192.168.151.103, host: pr-hdds-2234-ztsc4-2614151736, networkLocation: /default-rack, certSerialId: null} reports an CLOSING replica.
2019-10-03 08:52:43,529 [EventQueue-IncrementalContainerReportForIncrementalContainerReportHandler] WARN  container.IncrementalContainerReportHandler (AbstractContainerReportHandler.java:updateContainerState(143)) - Container #1 is in OPEN state, but the datanode 7d0487b2-1fed-4ff6-bf59-fa965eb990c9{ip: 192.168.151.103, host: pr-hdds-2234-ztsc4-2614151736, networkLocation: /default-rack, certSerialId: null} reports an CLOSING replica.
2019-10-03 08:52:43,567 [RatisApplyTransactionExecutor 1] INFO  interfaces.Container (KeyValueContainer.java:flushAndSyncDB(386)) - Container 1 is synced with bcsId 0.
2019-10-03 08:52:43,591 [RatisApplyTransactionExecutor 1] INFO  interfaces.Container (KeyValueContainer.java:flushAndSyncDB(386)) - Container 1 is synced with bcsId 0.
2019-10-03 08:52:43,593 [RatisApplyTransactionExecutor 1] INFO  interfaces.Container (KeyValueContainer.java:flushAndSyncDB(386)) - Container 1 is synced with bcsId 0.
2019-10-03 08:52:43,593 [RatisApplyTransactionExecutor 1] INFO  interfaces.Container (KeyValueContainer.java:flushAndSyncDB(386)) - Container 1 is synced with bcsId 0.
2019-10-03 08:52:43,597 [RatisApplyTransactionExecutor 1] INFO  interfaces.Container (KeyValueContainer.java:close(335)) - Container 1 is closed with bcsId 0.
2019-10-03 08:52:43,597 [RatisApplyTransactionExecutor 1] INFO  interfaces.Container (KeyValueContainer.java:close(335)) - Container 1 is closed with bcsId 0.
2019-10-03 08:52:43,646 [EventQueue-IncrementalContainerReportForIncrementalContainerReportHandler] WARN  container.IncrementalContainerReportHandler (AbstractContainerReportHandler.java:updateContainerState(143)) - Container #1 is in OPEN state, but the datanode 7d0487b2-1fed-4ff6-bf59-fa965eb990c9{ip: 192.168.151.103, host: pr-hdds-2234-ztsc4-2614151736, networkLocation: /default-rack, certSerialId: null} reports an CLOSED replica.
2019-10-03 08:52:43,646 [EventQueue-IncrementalContainerReportForIncrementalContainerReportHandler] WARN  container.IncrementalContainerReportHandler (AbstractContainerReportHandler.java:updateContainerState(143)) - Container #1 is in OPEN state, but the datanode 37a86bc3-ee66-42e2-b31f-61e547799e9d{ip: 192.168.151.103, host: pr-hdds-2234-ztsc4-2614151736, networkLocation: /default-rack, certSerialId: null} reports an CLOSED replica.
2019-10-03 08:52:43,802 [EventQueue-StaleNodeForStaleNodeHandler] INFO  node.StaleNodeHandler (StaleNodeHandler.java:onMessage(58)) - Datanode 0fd4a3fd-1acf-4517-a260-f29a17e7fdef{ip: 192.168.151.103, host: pr-hdds-2234-ztsc4-2614151736, networkLocation: /default-rack, certSerialId: null} moved to stale state. Finalizing its pipelines [PipelineID=a30105d9-a790-46b7-bb51-d3e41f32ace6, PipelineID=9d1e7154-fcd3-43af-a811-a4e22ce81f32]
2019-10-03 08:52:43,803 [EventQueue-StaleNodeForStaleNodeHandler] INFO  pipeline.SCMPipelineManager (SCMPipelineManager.java:finalizeAndDestroyPipeline(315)) - destroying pipeline:Pipeline[ Id: a30105d9-a790-46b7-bb51-d3e41f32ace6, Nodes: 0fd4a3fd-1acf-4517-a260-f29a17e7fdef{ip: 192.168.151.103, host: pr-hdds-2234-ztsc4-2614151736, networkLocation: /default-rack, certSerialId: null}, Type:RATIS, Factor:ONE, State:OPEN]
2019-10-03 08:52:43,803 [EventQueue-StaleNodeForStaleNodeHandler] INFO  pipeline.PipelineStateManager (PipelineStateManager.java:finalizePipeline(123)) - Pipeline Pipeline[ Id: a30105d9-a790-46b7-bb51-d3e41f32ace6, Nodes: 0fd4a3fd-1acf-4517-a260-f29a17e7fdef{ip: 192.168.151.103, host: pr-hdds-2234-ztsc4-2614151736, networkLocation: /default-rack, certSerialId: null}, Type:RATIS, Factor:ONE, State:CLOSED] moved to CLOSED state
2019-10-03 08:52:43,803 [EventQueue-StaleNodeForStaleNodeHandler] INFO  pipeline.SCMPipelineManager (SCMPipelineManager.java:finalizeAndDestroyPipeline(315)) - destroying pipeline:Pipeline[ Id: 9d1e7154-fcd3-43af-a811-a4e22ce81f32, Nodes: 0fd4a3fd-1acf-4517-a260-f29a17e7fdef{ip: 192.168.151.103, host: pr-hdds-2234-ztsc4-2614151736, networkLocation: /default-rack, certSerialId: null}576c1584-98eb-4342-a4b5-132ff6e862cb{ip: 192.168.151.103, host: pr-hdds-2234-ztsc4-2614151736, networkLocation: /default-rack, certSerialId: null}44dfefca-9cc0-4191-be09-9e0ba236227c{ip: 192.168.151.103, host: pr-hdds-2234-ztsc4-2614151736, networkLocation: /default-rack, certSerialId: null}, Type:RATIS, Factor:THREE, State:OPEN]
2019-10-03 08:52:43,804 [EventQueue-StaleNodeForStaleNodeHandler] INFO  pipeline.PipelineStateManager (PipelineStateManager.java:finalizePipeline(123)) - Pipeline Pipeline[ Id: 9d1e7154-fcd3-43af-a811-a4e22ce81f32, Nodes: 0fd4a3fd-1acf-4517-a260-f29a17e7fdef{ip: 192.168.151.103, host: pr-hdds-2234-ztsc4-2614151736, networkLocation: /default-rack, certSerialId: null}576c1584-98eb-4342-a4b5-132ff6e862cb{ip: 192.168.151.103, host: pr-hdds-2234-ztsc4-2614151736, networkLocation: /default-rack, certSerialId: null}44dfefca-9cc0-4191-be09-9e0ba236227c{ip: 192.168.151.103, host: pr-hdds-2234-ztsc4-2614151736, networkLocation: /default-rack, certSerialId: null}, Type:RATIS, Factor:THREE, State:CLOSED] moved to CLOSED state
2019-10-03 08:52:43,807 [EventQueue-CloseContainerForCloseContainerEventHandler] INFO  container.CloseContainerEventHandler (CloseContainerEventHandler.java:onMessage(61)) - Close container Event triggered for container : #1
2019-10-03 08:52:43,943 [grpc-default-executor-0] WARN  server.GrpcLogAppender (LogUtils.java:warn(134)) - 44dfefca-9cc0-4191-be09-9e0ba236227c@group-A4E22CE81F32->576c1584-98eb-4342-a4b5-132ff6e862cb-AppendLogResponseHandler: Failed appendEntries: org.apache.ratis.thirdparty.io.grpc.StatusRuntimeException: UNAVAILABLE: io exception
2019-10-03 08:52:43,943 [grpc-default-executor-2] WARN  server.GrpcLogAppender (LogUtils.java:warn(134)) - 44dfefca-9cc0-4191-be09-9e0ba236227c@group-A4E22CE81F32->0fd4a3fd-1acf-4517-a260-f29a17e7fdef-AppendLogResponseHandler: Failed appendEntries: org.apache.ratis.thirdparty.io.grpc.StatusRuntimeException: UNAVAILABLE: io exception
2019-10-03 08:52:43,948 [grpc-default-executor-0] INFO  impl.FollowerInfo (FollowerInfo.java:lambda$new$0(51)) - 44dfefca-9cc0-4191-be09-9e0ba236227c@group-A4E22CE81F32->576c1584-98eb-4342-a4b5-132ff6e862cb: nextIndex: updateUnconditionally 0 -> 0
2019-10-03 08:52:43,948 [grpc-default-executor-2] INFO  impl.FollowerInfo (FollowerInfo.java:lambda$new$0(51)) - 44dfefca-9cc0-4191-be09-9e0ba236227c@group-A4E22CE81F32->0fd4a3fd-1acf-4517-a260-f29a17e7fdef: nextIndex: updateUnconditionally 0 -> 0
2019-10-03 08:52:45,056 [Thread-2469] INFO  client.GrpcClientProtocolService (GrpcClientProtocolService.java:lambda$processClientRequest$0(278)) - Failed RaftClientRequest:client-AFC244DCBC99->44dfefca-9cc0-4191-be09-9e0ba236227c@group-A4E22CE81F32, cid=68, seq=0, Watch-MAJORITY_COMMITTED(67), Message:<EMPTY>, reply=RaftClientReply:client-AFC244DCBC99->44dfefca-9cc0-4191-be09-9e0ba236227c@group-A4E22CE81F32, cid=68, FAILED org.apache.ratis.protocol.NotReplicatedException: Request with call Id 68 and log index 67 is not yet replicated to MAJORITY_COMMITTED, logIndex=67, commits[44dfefca-9cc0-4191-be09-9e0ba236227c:c2, 576c1584-98eb-4342-a4b5-132ff6e862cb:c2, 0fd4a3fd-1acf-4517-a260-f29a17e7fdef:c2]
2019-10-03 08:52:45,056 [Thread-2470] INFO  client.GrpcClientProtocolService (GrpcClientProtocolService.java:lambda$processClientRequest$0(278)) - Failed RaftClientRequest:client-AFC244DCBC99->44dfefca-9cc0-4191-be09-9e0ba236227c@group-A4E22CE81F32, cid=67, seq=0, Watch-ALL_COMMITTED(67), Message:<EMPTY>, reply=RaftClientReply:client-AFC244DCBC99->44dfefca-9cc0-4191-be09-9e0ba236227c@group-A4E22CE81F32, cid=67, FAILED org.apache.ratis.protocol.NotReplicatedException: Request with call Id 67 and log index 67 is not yet replicated to ALL_COMMITTED, logIndex=67, commits[44dfefca-9cc0-4191-be09-9e0ba236227c:c2, 576c1584-98eb-4342-a4b5-132ff6e862cb:c2, 0fd4a3fd-1acf-4517-a260-f29a17e7fdef:c2]
2019-10-03 08:52:45,834 [grpc-default-executor-8] WARN  server.GrpcLogAppender (LogUtils.java:warn(134)) - 44dfefca-9cc0-4191-be09-9e0ba236227c@group-A4E22CE81F32->0fd4a3fd-1acf-4517-a260-f29a17e7fdef-AppendLogResponseHandler: Failed appendEntries: org.apache.ratis.thirdparty.io.grpc.StatusRuntimeException: UNAVAILABLE: io exception
2019-10-03 08:52:45,837 [grpc-default-executor-7] WARN  server.GrpcLogAppender (LogUtils.java:warn(134)) - 44dfefca-9cc0-4191-be09-9e0ba236227c@group-A4E22CE81F32->576c1584-98eb-4342-a4b5-132ff6e862cb-AppendLogResponseHandler: Failed appendEntries: org.apache.ratis.thirdparty.io.grpc.StatusRuntimeException: UNAVAILABLE: io exception
2019-10-03 08:52:45,839 [grpc-default-executor-8] INFO  impl.FollowerInfo (FollowerInfo.java:lambda$new$0(51)) - 44dfefca-9cc0-4191-be09-9e0ba236227c@group-A4E22CE81F32->0fd4a3fd-1acf-4517-a260-f29a17e7fdef: nextIndex: updateUnconditionally 1 -> 0
2019-10-03 08:52:45,840 [grpc-default-executor-7] INFO  impl.FollowerInfo (FollowerInfo.java:lambda$new$0(51)) - 44dfefca-9cc0-4191-be09-9e0ba236227c@group-A4E22CE81F32->576c1584-98eb-4342-a4b5-132ff6e862cb: nextIndex: updateUnconditionally 1 -> 0
2019-10-03 08:52:46,015 [grpc-default-executor-2] WARN  server.GrpcLogAppender (LogUtils.java:warn(134)) - 37a86bc3-ee66-42e2-b31f-61e547799e9d@group-D25D6AE26331->fb9d8d31-1158-43be-bca0-309b68a92c58-AppendLogResponseHandler: Failed appendEntries: org.apache.ratis.thirdparty.io.grpc.StatusRuntimeException: UNAVAILABLE: io exception
2019-10-03 08:52:46,015 [grpc-default-executor-2] INFO  impl.FollowerInfo (FollowerInfo.java:lambda$new$0(51)) - 37a86bc3-ee66-42e2-b31f-61e547799e9d@group-D25D6AE26331->fb9d8d31-1158-43be-bca0-309b68a92c58: nextIndex: updateUnconditionally 2 -> 1
2019-10-03 08:52:46,646 [main] WARN  scm.XceiverClientRatis (XceiverClientRatis.java:watchForCommit(292)) - 3 way commit failed on pipeline Pipeline[ Id: 0d99e74a-6523-41d3-a93c-d25d6ae26331, Nodes: fb9d8d31-1158-43be-bca0-309b68a92c58{ip: 192.168.151.103, host: pr-hdds-2234-ztsc4-2614151736, networkLocation: /default-rack, certSerialId: null}37a86bc3-ee66-42e2-b31f-61e547799e9d{ip: 192.168.151.103, host: pr-hdds-2234-ztsc4-2614151736, networkLocation: /default-rack, certSerialId: null}7d0487b2-1fed-4ff6-bf59-fa965eb990c9{ip: 192.168.151.103, host: pr-hdds-2234-ztsc4-2614151736, networkLocation: /default-rack, certSerialId: null}, Type:RATIS, Factor:THREE, State:OPEN]
java.util.concurrent.TimeoutException
	at java.util.concurrent.CompletableFuture.timedGet(CompletableFuture.java:1771)
	at java.util.concurrent.CompletableFuture.get(CompletableFuture.java:1915)
	at org.apache.hadoop.hdds.scm.XceiverClientRatis.watchForCommit(XceiverClientRatis.java:289)
	at org.apache.hadoop.ozone.client.rpc.TestWatchForCommit.test2WayCommitForTimeoutException(TestWatchForCommit.java:391)
	at sun.reflect.NativeMethodAccessorImpl.invoke0(Native Method)
	at sun.reflect.NativeMethodAccessorImpl.invoke(NativeMethodAccessorImpl.java:62)
	at sun.reflect.DelegatingMethodAccessorImpl.invoke(DelegatingMethodAccessorImpl.java:43)
	at java.lang.reflect.Method.invoke(Method.java:498)
	at org.junit.runners.model.FrameworkMethod$1.runReflectiveCall(FrameworkMethod.java:47)
	at org.junit.internal.runners.model.ReflectiveCallable.run(ReflectiveCallable.java:12)
	at org.junit.runners.model.FrameworkMethod.invokeExplosively(FrameworkMethod.java:44)
	at org.junit.internal.runners.statements.InvokeMethod.evaluate(InvokeMethod.java:17)
	at org.junit.runners.ParentRunner.runLeaf(ParentRunner.java:271)
	at org.junit.runners.BlockJUnit4ClassRunner.runChild(BlockJUnit4ClassRunner.java:70)
	at org.junit.runners.BlockJUnit4ClassRunner.runChild(BlockJUnit4ClassRunner.java:50)
	at org.junit.runners.ParentRunner$3.run(ParentRunner.java:238)
	at org.junit.runners.ParentRunner$1.schedule(ParentRunner.java:63)
	at org.junit.runners.ParentRunner.runChildren(ParentRunner.java:236)
	at org.junit.runners.ParentRunner.access$000(ParentRunner.java:53)
	at org.junit.runners.ParentRunner$2.evaluate(ParentRunner.java:229)
	at org.junit.runners.ParentRunner.run(ParentRunner.java:309)
	at org.apache.maven.surefire.junit4.JUnit4Provider.execute(JUnit4Provider.java:365)
	at org.apache.maven.surefire.junit4.JUnit4Provider.executeWithRerun(JUnit4Provider.java:273)
	at org.apache.maven.surefire.junit4.JUnit4Provider.executeTestSet(JUnit4Provider.java:238)
	at org.apache.maven.surefire.junit4.JUnit4Provider.invoke(JUnit4Provider.java:159)
	at org.apache.maven.surefire.booter.ForkedBooter.invokeProviderInSameClassLoader(ForkedBooter.java:384)
	at org.apache.maven.surefire.booter.ForkedBooter.runSuitesInProcess(ForkedBooter.java:345)
	at org.apache.maven.surefire.booter.ForkedBooter.execute(ForkedBooter.java:126)
	at org.apache.maven.surefire.booter.ForkedBooter.main(ForkedBooter.java:418)
2019-10-03 08:52:48,337 [grpc-default-executor-2] WARN  server.GrpcLogAppender (LogUtils.java:warn(134)) - 44dfefca-9cc0-4191-be09-9e0ba236227c@group-A4E22CE81F32->576c1584-98eb-4342-a4b5-132ff6e862cb-AppendLogResponseHandler: Failed appendEntries: org.apache.ratis.thirdparty.io.grpc.StatusRuntimeException: UNAVAILABLE: io exception
2019-10-03 08:52:48,337 [grpc-default-executor-7] WARN  server.GrpcLogAppender (LogUtils.java:warn(134)) - 44dfefca-9cc0-4191-be09-9e0ba236227c@group-A4E22CE81F32->0fd4a3fd-1acf-4517-a260-f29a17e7fdef-AppendLogResponseHandler: Failed appendEntries: org.apache.ratis.thirdparty.io.grpc.StatusRuntimeException: UNAVAILABLE: io exception
2019-10-03 08:52:48,348 [grpc-default-executor-7] INFO  impl.FollowerInfo (FollowerInfo.java:lambda$new$0(51)) - 44dfefca-9cc0-4191-be09-9e0ba236227c@group-A4E22CE81F32->0fd4a3fd-1acf-4517-a260-f29a17e7fdef: nextIndex: updateUnconditionally 0 -> 0
2019-10-03 08:52:48,348 [grpc-default-executor-2] INFO  impl.FollowerInfo (FollowerInfo.java:lambda$new$0(51)) - 44dfefca-9cc0-4191-be09-9e0ba236227c@group-A4E22CE81F32->576c1584-98eb-4342-a4b5-132ff6e862cb: nextIndex: updateUnconditionally 0 -> 0
2019-10-03 08:52:48,516 [grpc-default-executor-2] WARN  server.GrpcLogAppender (LogUtils.java:warn(134)) - 37a86bc3-ee66-42e2-b31f-61e547799e9d@group-D25D6AE26331->fb9d8d31-1158-43be-bca0-309b68a92c58-AppendLogResponseHandler: Failed appendEntries: org.apache.ratis.thirdparty.io.grpc.StatusRuntimeException: UNAVAILABLE: io exception
2019-10-03 08:52:48,516 [grpc-default-executor-2] INFO  impl.FollowerInfo (FollowerInfo.java:lambda$new$0(51)) - 37a86bc3-ee66-42e2-b31f-61e547799e9d@group-D25D6AE26331->fb9d8d31-1158-43be-bca0-309b68a92c58: nextIndex: updateUnconditionally 1 -> 0
2019-10-03 08:52:48,809 [EventQueue-StaleNodeForStaleNodeHandler] INFO  node.StaleNodeHandler (StaleNodeHandler.java:onMessage(58)) - Datanode 576c1584-98eb-4342-a4b5-132ff6e862cb{ip: 192.168.151.103, host: pr-hdds-2234-ztsc4-2614151736, networkLocation: /default-rack, certSerialId: null} moved to stale state. Finalizing its pipelines [PipelineID=4a4592df-2974-41b7-965d-a64e3438b84a, PipelineID=9d1e7154-fcd3-43af-a811-a4e22ce81f32]
2019-10-03 08:52:48,809 [EventQueue-StaleNodeForStaleNodeHandler] INFO  pipeline.SCMPipelineManager (SCMPipelineManager.java:finalizeAndDestroyPipeline(315)) - destroying pipeline:Pipeline[ Id: 4a4592df-2974-41b7-965d-a64e3438b84a, Nodes: 576c1584-98eb-4342-a4b5-132ff6e862cb{ip: 192.168.151.103, host: pr-hdds-2234-ztsc4-2614151736, networkLocation: /default-rack, certSerialId: null}, Type:RATIS, Factor:ONE, State:OPEN]
2019-10-03 08:52:48,810 [EventQueue-StaleNodeForStaleNodeHandler] INFO  pipeline.PipelineStateManager (PipelineStateManager.java:finalizePipeline(123)) - Pipeline Pipeline[ Id: 4a4592df-2974-41b7-965d-a64e3438b84a, Nodes: 576c1584-98eb-4342-a4b5-132ff6e862cb{ip: 192.168.151.103, host: pr-hdds-2234-ztsc4-2614151736, networkLocation: /default-rack, certSerialId: null}, Type:RATIS, Factor:ONE, State:CLOSED] moved to CLOSED state
2019-10-03 08:52:48,810 [EventQueue-StaleNodeForStaleNodeHandler] INFO  pipeline.SCMPipelineManager (SCMPipelineManager.java:finalizeAndDestroyPipeline(315)) - destroying pipeline:Pipeline[ Id: 9d1e7154-fcd3-43af-a811-a4e22ce81f32, Nodes: 0fd4a3fd-1acf-4517-a260-f29a17e7fdef{ip: 192.168.151.103, host: pr-hdds-2234-ztsc4-2614151736, networkLocation: /default-rack, certSerialId: null}576c1584-98eb-4342-a4b5-132ff6e862cb{ip: 192.168.151.103, host: pr-hdds-2234-ztsc4-2614151736, networkLocation: /default-rack, certSerialId: null}44dfefca-9cc0-4191-be09-9e0ba236227c{ip: 192.168.151.103, host: pr-hdds-2234-ztsc4-2614151736, networkLocation: /default-rack, certSerialId: null}, Type:RATIS, Factor:THREE, State:CLOSED]
]]></system-out>
    <system-err><![CDATA[Oct 03, 2019 8:52:43 AM org.apache.ratis.thirdparty.io.grpc.internal.SerializingExecutor run
SEVERE: Exception while executing runnable org.apache.ratis.thirdparty.io.grpc.internal.ServerImpl$JumpToApplicationThreadServerStreamListener$1Closed@2537c49a
org.apache.ratis.thirdparty.io.grpc.StatusRuntimeException: CANCELLED: call already cancelled
	at org.apache.ratis.thirdparty.io.grpc.Status.asRuntimeException(Status.java:517)
	at org.apache.ratis.thirdparty.io.grpc.stub.ServerCalls$ServerCallStreamObserverImpl.onCompleted(ServerCalls.java:356)
	at org.apache.ratis.grpc.server.GrpcServerProtocolService$ServerRequestStreamObserver.onError(GrpcServerProtocolService.java:121)
	at org.apache.ratis.thirdparty.io.grpc.stub.ServerCalls$StreamingServerCallHandler$StreamingServerCallListener.onCancel(ServerCalls.java:269)
	at org.apache.ratis.thirdparty.io.grpc.internal.ServerCallImpl$ServerStreamListenerImpl.closed(ServerCallImpl.java:293)
	at org.apache.ratis.thirdparty.io.grpc.internal.ServerImpl$JumpToApplicationThreadServerStreamListener$1Closed.runInContext(ServerImpl.java:741)
	at org.apache.ratis.thirdparty.io.grpc.internal.ContextRunnable.run(ContextRunnable.java:37)
	at org.apache.ratis.thirdparty.io.grpc.internal.SerializingExecutor.run(SerializingExecutor.java:123)
	at java.util.concurrent.ThreadPoolExecutor.runWorker(ThreadPoolExecutor.java:1149)
	at java.util.concurrent.ThreadPoolExecutor$Worker.run(ThreadPoolExecutor.java:624)
	at java.lang.Thread.run(Thread.java:748)

]]></system-err>
  </testcase>
</testsuite>