<?xml version="1.0" encoding="UTF-8"?>
<testsuite xmlns:xsi="http://www.w3.org/2001/XMLSchema-instance" xsi:noNamespaceSchemaLocation="https://maven.apache.org/surefire/maven-surefire-plugin/xsd/surefire-test-report.xsd" name="org.apache.hadoop.ozone.client.rpc.TestOzoneClientRetriesOnException" time="172.976" tests="2" errors="1" skipped="0" failures="0">
  <properties>
    <property name="awt.toolkit" value="sun.awt.X11.XToolkit"/>
    <property name="file.encoding.pkg" value="sun.io"/>
    <property name="java.specification.version" value="1.8"/>
    <property name="sun.cpu.isalist" value=""/>
    <property name="sun.jnu.encoding" value="UTF-8"/>
    <property name="java.class.path" value="/workdir/hadoop-ozone/integration-test/target/test-classes:/workdir/hadoop-ozone/integration-test/target/classes:/home/user/.m2/repository/org/apache/hadoop/hadoop-ozone-common/0.5.0-SNAPSHOT/hadoop-ozone-common-0.5.0-SNAPSHOT.jar:/home/user/.m2/repository/org/apache/commons/commons-compress/1.4.1/commons-compress-1.4.1.jar:/home/user/.m2/repository/org/tukaani/xz/1.0/xz-1.0.jar:/home/user/.m2/repository/org/apache/hadoop/hadoop-common/3.2.0/hadoop-common-3.2.0.jar:/home/user/.m2/repository/org/apache/hadoop/hadoop-hdfs/3.2.0/hadoop-hdfs-3.2.0.jar:/home/user/.m2/repository/org/apache/hadoop/hadoop-hdfs-client/3.2.0/hadoop-hdfs-client-3.2.0.jar:/home/user/.m2/repository/com/fasterxml/jackson/core/jackson-annotations/2.9.9/jackson-annotations-2.9.9.jar:/home/user/.m2/repository/org/apache/hadoop/hadoop-hdds-common/0.5.0-SNAPSHOT/hadoop-hdds-common-0.5.0-SNAPSHOT.jar:/home/user/.m2/repository/javax/annotation/javax.annotation-api/1.2/javax.annotation-api-1.2.jar:/home/user/.m2/repository/org/apache/ratis/ratis-server/0.5.0-201fc85-SNAPSHOT/ratis-server-0.5.0-201fc85-SNAPSHOT.jar:/home/user/.m2/repository/org/apache/ratis/ratis-thirdparty-misc/0.2.0/ratis-thirdparty-misc-0.2.0.jar:/home/user/.m2/repository/org/apache/ratis/ratis-proto/0.5.0-201fc85-SNAPSHOT/ratis-proto-0.5.0-201fc85-SNAPSHOT.jar:/home/user/.m2/repository/org/apache/ratis/ratis-common/0.5.0-201fc85-SNAPSHOT/ratis-common-0.5.0-201fc85-SNAPSHOT.jar:/home/user/.m2/repository/org/apache/ratis/ratis-client/0.5.0-201fc85-SNAPSHOT/ratis-client-0.5.0-201fc85-SNAPSHOT.jar:/home/user/.m2/repository/org/apache/ratis/ratis-metrics/0.5.0-201fc85-SNAPSHOT/ratis-metrics-0.5.0-201fc85-SNAPSHOT.jar:/home/user/.m2/repository/com/github/joshelser/dropwizard-metrics-hadoop-metrics2-reporter/0.1.2/dropwizard-metrics-hadoop-metrics2-reporter-0.1.2.jar:/home/user/.m2/repository/io/dropwizard/metrics/metrics-jvm/3.2.5/metrics-jvm-3.2.5.jar:/home/user/.m2/repository/io/dropwizard/metrics/metrics-ganglia/3.2.5/metrics-ganglia-3.2.5.jar:/home/user/.m2/repository/info/ganglia/gmetric4j/gmetric4j/1.0.7/gmetric4j-1.0.7.jar:/home/user/.m2/repository/org/apache/ratis/ratis-netty/0.5.0-201fc85-SNAPSHOT/ratis-netty-0.5.0-201fc85-SNAPSHOT.jar:/home/user/.m2/repository/org/apache/ratis/ratis-grpc/0.5.0-201fc85-SNAPSHOT/ratis-grpc-0.5.0-201fc85-SNAPSHOT.jar:/home/user/.m2/repository/org/rocksdb/rocksdbjni/6.0.1/rocksdbjni-6.0.1.jar:/home/user/.m2/repository/org/apache/logging/log4j/log4j-api/2.11.0/log4j-api-2.11.0.jar:/home/user/.m2/repository/org/apache/logging/log4j/log4j-core/2.11.0/log4j-core-2.11.0.jar:/home/user/.m2/repository/com/lmax/disruptor/3.4.2/disruptor-3.4.2.jar:/home/user/.m2/repository/org/apache/commons/commons-pool2/2.6.0/commons-pool2-2.6.0.jar:/home/user/.m2/repository/org/bouncycastle/bcpkix-jdk15on/1.60/bcpkix-jdk15on-1.60.jar:/home/user/.m2/repository/commons-validator/commons-validator/1.6/commons-validator-1.6.jar:/home/user/.m2/repository/commons-digester/commons-digester/1.8.1/commons-digester-1.8.1.jar:/home/user/.m2/repository/io/jaegertracing/jaeger-client/0.34.0/jaeger-client-0.34.0.jar:/home/user/.m2/repository/io/jaegertracing/jaeger-thrift/0.34.0/jaeger-thrift-0.34.0.jar:/home/user/.m2/repository/org/apache/thrift/libthrift/0.12.0/libthrift-0.12.0.jar:/home/user/.m2/repository/com/squareup/okhttp3/okhttp/3.9.0/okhttp-3.9.0.jar:/home/user/.m2/repository/com/squareup/okio/okio/1.13.0/okio-1.13.0.jar:/home/user/.m2/repository/io/jaegertracing/jaeger-core/0.34.0/jaeger-core-0.34.0.jar:/home/user/.m2/repository/io/jaegertracing/jaeger-tracerresolver/0.34.0/jaeger-tracerresolver-0.34.0.jar:/home/user/.m2/repository/io/opentracing/contrib/opentracing-tracerresolver/0.1.5/opentracing-tracerresolver-0.1.5.jar:/home/user/.m2/repository/io/opentracing/opentracing-util/0.31.0/opentracing-util-0.31.0.jar:/home/user/.m2/repository/io/opentracing/opentracing-api/0.31.0/opentracing-api-0.31.0.jar:/home/user/.m2/repository/io/opentracing/opentracing-noop/0.31.0/opentracing-noop-0.31.0.jar:/home/user/.m2/repository/org/apache/hadoop/hadoop-hdds-server-framework/0.5.0-SNAPSHOT/hadoop-hdds-server-framework-0.5.0-SNAPSHOT.jar:/home/user/.m2/repository/org/apache/hadoop/hadoop-hdds-container-service/0.5.0-SNAPSHOT/hadoop-hdds-container-service-0.5.0-SNAPSHOT.jar:/home/user/.m2/repository/org/apache/hadoop/hadoop-hdds-client/0.5.0-SNAPSHOT/hadoop-hdds-client-0.5.0-SNAPSHOT.jar:/home/user/.m2/repository/org/apache/hadoop/hadoop-hdds-tools/0.5.0-SNAPSHOT/hadoop-hdds-tools-0.5.0-SNAPSHOT.jar:/home/user/.m2/repository/org/apache/hadoop/hadoop-hdds-server-scm/0.5.0-SNAPSHOT/hadoop-hdds-server-scm-0.5.0-SNAPSHOT.jar:/home/user/.m2/repository/org/apache/hadoop/hadoop-hdds-docs/0.5.0-SNAPSHOT/hadoop-hdds-docs-0.5.0-SNAPSHOT.jar:/home/user/.m2/repository/io/dropwizard/metrics/metrics-core/3.2.4/metrics-core-3.2.4.jar:/home/user/.m2/repository/org/hamcrest/hamcrest-all/1.3/hamcrest-all-1.3.jar:/home/user/.m2/repository/org/bouncycastle/bcprov-jdk15on/1.60/bcprov-jdk15on-1.60.jar:/home/user/.m2/repository/info/picocli/picocli/3.9.6/picocli-3.9.6.jar:/home/user/.m2/repository/com/google/protobuf/protobuf-java/2.5.0/protobuf-java-2.5.0.jar:/home/user/.m2/repository/com/google/guava/guava/11.0.2/guava-11.0.2.jar:/home/user/.m2/repository/org/apache/hadoop/hadoop-ozone-ozone-manager/0.5.0-SNAPSHOT/hadoop-ozone-ozone-manager-0.5.0-SNAPSHOT.jar:/home/user/.m2/repository/org/apache/hadoop/hadoop-minikdc/3.2.0/hadoop-minikdc-3.2.0.jar:/home/user/.m2/repository/commons-io/commons-io/2.5/commons-io-2.5.jar:/home/user/.m2/repository/org/apache/kerby/kerb-simplekdc/1.0.1/kerb-simplekdc-1.0.1.jar:/home/user/.m2/repository/org/apache/kerby/kerb-client/1.0.1/kerb-client-1.0.1.jar:/home/user/.m2/repository/org/apache/kerby/kerby-config/1.0.1/kerby-config-1.0.1.jar:/home/user/.m2/repository/org/apache/kerby/kerb-core/1.0.1/kerb-core-1.0.1.jar:/home/user/.m2/repository/org/apache/kerby/kerby-pkix/1.0.1/kerby-pkix-1.0.1.jar:/home/user/.m2/repository/org/apache/kerby/kerby-asn1/1.0.1/kerby-asn1-1.0.1.jar:/home/user/.m2/repository/org/apache/kerby/kerby-util/1.0.1/kerby-util-1.0.1.jar:/home/user/.m2/repository/org/apache/kerby/kerb-common/1.0.1/kerb-common-1.0.1.jar:/home/user/.m2/repository/org/apache/kerby/kerb-crypto/1.0.1/kerb-crypto-1.0.1.jar:/home/user/.m2/repository/org/apache/kerby/kerb-util/1.0.1/kerb-util-1.0.1.jar:/home/user/.m2/repository/org/apache/kerby/token-provider/1.0.1/token-provider-1.0.1.jar:/home/user/.m2/repository/org/apache/kerby/kerb-admin/1.0.1/kerb-admin-1.0.1.jar:/home/user/.m2/repository/org/apache/kerby/kerb-server/1.0.1/kerb-server-1.0.1.jar:/home/user/.m2/repository/org/apache/kerby/kerb-identity/1.0.1/kerb-identity-1.0.1.jar:/home/user/.m2/repository/org/apache/kerby/kerby-xdr/1.0.1/kerby-xdr-1.0.1.jar:/home/user/.m2/repository/org/slf4j/slf4j-log4j12/1.7.25/slf4j-log4j12-1.7.25.jar:/home/user/.m2/repository/org/apache/hadoop/hadoop-ozone-s3gateway/0.5.0-SNAPSHOT/hadoop-ozone-s3gateway-0.5.0-SNAPSHOT.jar:/home/user/.m2/repository/org/jboss/weld/servlet/weld-servlet/2.4.7.Final/weld-servlet-2.4.7.Final.jar:/home/user/.m2/repository/org/glassfish/jersey/containers/jersey-container-servlet-core/2.27/jersey-container-servlet-core-2.27.jar:/home/user/.m2/repository/org/glassfish/hk2/external/javax.inject/2.5.0-b42/javax.inject-2.5.0-b42.jar:/home/user/.m2/repository/org/glassfish/jersey/core/jersey-common/2.27/jersey-common-2.27.jar:/home/user/.m2/repository/org/glassfish/hk2/osgi-resource-locator/1.0.1/osgi-resource-locator-1.0.1.jar:/home/user/.m2/repository/javax/ws/rs/javax.ws.rs-api/2.1/javax.ws.rs-api-2.1.jar:/home/user/.m2/repository/org/glassfish/jersey/ext/cdi/jersey-cdi1x/2.27/jersey-cdi1x-2.27.jar:/home/user/.m2/repository/org/glassfish/jersey/inject/jersey-hk2/2.27/jersey-hk2-2.27.jar:/home/user/.m2/repository/org/glassfish/hk2/hk2-locator/2.5.0-b42/hk2-locator-2.5.0-b42.jar:/home/user/.m2/repository/org/javassist/javassist/3.22.0-CR2/javassist-3.22.0-CR2.jar:/home/user/.m2/repository/org/glassfish/hk2/hk2-api/2.5.0/hk2-api-2.5.0.jar:/home/user/.m2/repository/org/glassfish/hk2/external/jakarta.inject/2.5.0/jakarta.inject-2.5.0.jar:/home/user/.m2/repository/org/glassfish/hk2/hk2-utils/2.5.0/hk2-utils-2.5.0.jar:/home/user/.m2/repository/jakarta/annotation/jakarta.annotation-api/1.3.4/jakarta.annotation-api-1.3.4.jar:/home/user/.m2/repository/org/glassfish/hk2/external/aopalliance-repackaged/2.5.0/aopalliance-repackaged-2.5.0.jar:/home/user/.m2/repository/com/fasterxml/jackson/dataformat/jackson-dataformat-xml/2.9.0/jackson-dataformat-xml-2.9.0.jar:/home/user/.m2/repository/com/fasterxml/jackson/core/jackson-core/2.9.9/jackson-core-2.9.9.jar:/home/user/.m2/repository/com/fasterxml/jackson/module/jackson-module-jaxb-annotations/2.9.9/jackson-module-jaxb-annotations-2.9.9.jar:/home/user/.m2/repository/javax/enterprise/cdi-api/1.2/cdi-api-1.2.jar:/home/user/.m2/repository/javax/el/javax.el-api/3.0.0/javax.el-api-3.0.0.jar:/home/user/.m2/repository/javax/interceptor/javax.interceptor-api/1.2/javax.interceptor-api-1.2.jar:/home/user/.m2/repository/javax/inject/javax.inject/1/javax.inject-1.jar:/home/user/.m2/repository/com/sun/xml/bind/jaxb-impl/2.3.0.1/jaxb-impl-2.3.0.1.jar:/home/user/.m2/repository/com/sun/xml/bind/jaxb-core/2.3.0.1/jaxb-core-2.3.0.1.jar:/home/user/.m2/repository/javax/xml/bind/jaxb-api/2.3.0/jaxb-api-2.3.0.jar:/home/user/.m2/repository/javax/activation/activation/1.1.1/activation-1.1.1.jar:/home/user/.m2/repository/org/apache/hadoop/hadoop-ozone-csi/0.5.0-SNAPSHOT/hadoop-ozone-csi-0.5.0-SNAPSHOT.jar:/home/user/.m2/repository/com/google/protobuf/protobuf-java-util/3.5.1/protobuf-java-util-3.5.1.jar:/home/user/.m2/repository/org/apache/hadoop/hadoop-hdds-config/0.5.0-SNAPSHOT/hadoop-hdds-config-0.5.0-SNAPSHOT.jar:/home/user/.m2/repository/io/grpc/grpc-netty/1.17.1/grpc-netty-1.17.1.jar:/home/user/.m2/repository/io/grpc/grpc-core/1.17.1/grpc-core-1.17.1.jar:/home/user/.m2/repository/io/grpc/grpc-context/1.17.1/grpc-context-1.17.1.jar:/home/user/.m2/repository/com/google/errorprone/error_prone_annotations/2.2.0/error_prone_annotations-2.2.0.jar:/home/user/.m2/repository/org/codehaus/mojo/animal-sniffer-annotations/1.17/animal-sniffer-annotations-1.17.jar:/home/user/.m2/repository/io/opencensus/opencensus-api/0.17.0/opencensus-api-0.17.0.jar:/home/user/.m2/repository/io/opencensus/opencensus-contrib-grpc-metrics/0.17.0/opencensus-contrib-grpc-metrics-0.17.0.jar:/home/user/.m2/repository/io/netty/netty-codec-http2/4.1.30.Final/netty-codec-http2-4.1.30.Final.jar:/home/user/.m2/repository/io/netty/netty-codec-http/4.1.30.Final/netty-codec-http-4.1.30.Final.jar:/home/user/.m2/repository/io/netty/netty-codec/4.1.30.Final/netty-codec-4.1.30.Final.jar:/home/user/.m2/repository/io/netty/netty-handler/4.1.30.Final/netty-handler-4.1.30.Final.jar:/home/user/.m2/repository/io/netty/netty-handler-proxy/4.1.30.Final/netty-handler-proxy-4.1.30.Final.jar:/home/user/.m2/repository/io/netty/netty-codec-socks/4.1.30.Final/netty-codec-socks-4.1.30.Final.jar:/home/user/.m2/repository/io/netty/netty-transport-native-epoll/4.1.30.Final/netty-transport-native-epoll-4.1.30.Final.jar:/home/user/.m2/repository/io/netty/netty-common/4.1.30.Final/netty-common-4.1.30.Final.jar:/home/user/.m2/repository/io/netty/netty-buffer/4.1.30.Final/netty-buffer-4.1.30.Final.jar:/home/user/.m2/repository/io/netty/netty-transport/4.1.30.Final/netty-transport-4.1.30.Final.jar:/home/user/.m2/repository/io/netty/netty-resolver/4.1.30.Final/netty-resolver-4.1.30.Final.jar:/home/user/.m2/repository/io/netty/netty-transport-native-unix-common/4.1.30.Final/netty-transport-native-unix-common-4.1.30.Final.jar:/home/user/.m2/repository/io/grpc/grpc-protobuf/1.17.1/grpc-protobuf-1.17.1.jar:/home/user/.m2/repository/com/google/api/grpc/proto-google-common-protos/1.0.0/proto-google-common-protos-1.0.0.jar:/home/user/.m2/repository/io/grpc/grpc-protobuf-lite/1.17.1/grpc-protobuf-lite-1.17.1.jar:/home/user/.m2/repository/io/grpc/grpc-stub/1.17.1/grpc-stub-1.17.1.jar:/home/user/.m2/repository/org/apache/hadoop/hadoop-ozone-recon/0.5.0-SNAPSHOT/hadoop-ozone-recon-0.5.0-SNAPSHOT.jar:/home/user/.m2/repository/org/apache/hadoop/hadoop-ozone-reconcodegen/0.5.0-SNAPSHOT/hadoop-ozone-reconcodegen-0.5.0-SNAPSHOT.jar:/home/user/.m2/repository/com/google/inject/extensions/guice-multibindings/4.0/guice-multibindings-4.0.jar:/home/user/.m2/repository/com/google/inject/guice/4.0/guice-4.0.jar:/home/user/.m2/repository/aopalliance/aopalliance/1.0/aopalliance-1.0.jar:/home/user/.m2/repository/com/google/inject/extensions/guice-servlet/4.0/guice-servlet-4.0.jar:/home/user/.m2/repository/org/glassfish/jersey/containers/jersey-container-servlet/2.27/jersey-container-servlet-2.27.jar:/home/user/.m2/repository/org/glassfish/hk2/guice-bridge/2.5.0/guice-bridge-2.5.0.jar:/home/user/.m2/repository/org/glassfish/jersey/core/jersey-server/2.27/jersey-server-2.27.jar:/home/user/.m2/repository/org/glassfish/jersey/core/jersey-client/2.27/jersey-client-2.27.jar:/home/user/.m2/repository/org/glassfish/jersey/media/jersey-media-jaxb/2.27/jersey-media-jaxb-2.27.jar:/home/user/.m2/repository/javax/validation/validation-api/1.1.0.Final/validation-api-1.1.0.Final.jar:/home/user/.m2/repository/org/glassfish/jersey/media/jersey-media-json-jackson/2.27/jersey-media-json-jackson-2.27.jar:/home/user/.m2/repository/org/glassfish/jersey/ext/jersey-entity-filtering/2.27/jersey-entity-filtering-2.27.jar:/home/user/.m2/repository/com/google/inject/extensions/guice-assistedinject/4.0/guice-assistedinject-4.0.jar:/home/user/.m2/repository/org/jooq/jooq/3.11.10/jooq-3.11.10.jar:/home/user/.m2/repository/org/jooq/jooq-meta/3.11.10/jooq-meta-3.11.10.jar:/home/user/.m2/repository/org/jooq/jooq-codegen/3.11.10/jooq-codegen-3.11.10.jar:/home/user/.m2/repository/com/jolbox/bonecp/0.8.0.RELEASE/bonecp-0.8.0.RELEASE.jar:/home/user/.m2/repository/org/xerial/sqlite-jdbc/3.25.2/sqlite-jdbc-3.25.2.jar:/home/user/.m2/repository/org/springframework/spring-jdbc/5.1.3.RELEASE/spring-jdbc-5.1.3.RELEASE.jar:/home/user/.m2/repository/org/springframework/spring-beans/5.1.3.RELEASE/spring-beans-5.1.3.RELEASE.jar:/home/user/.m2/repository/org/springframework/spring-core/5.1.3.RELEASE/spring-core-5.1.3.RELEASE.jar:/home/user/.m2/repository/org/springframework/spring-jcl/5.1.3.RELEASE/spring-jcl-5.1.3.RELEASE.jar:/home/user/.m2/repository/org/springframework/spring-tx/5.1.3.RELEASE/spring-tx-5.1.3.RELEASE.jar:/home/user/.m2/repository/org/apache/hadoop/hadoop-ozone-client/0.5.0-SNAPSHOT/hadoop-ozone-client-0.5.0-SNAPSHOT.jar:/home/user/.m2/repository/commons-lang/commons-lang/2.6/commons-lang-2.6.jar:/home/user/.m2/repository/org/apache/hadoop/hadoop-ozone-ozone-manager/0.5.0-SNAPSHOT/hadoop-ozone-ozone-manager-0.5.0-SNAPSHOT-tests.jar:/home/user/.m2/repository/junit/junit/4.11/junit-4.11.jar:/home/user/.m2/repository/org/hamcrest/hamcrest-core/1.3/hamcrest-core-1.3.jar:/home/user/.m2/repository/org/openjdk/jmh/jmh-core/1.19/jmh-core-1.19.jar:/home/user/.m2/repository/net/sf/jopt-simple/jopt-simple/4.6/jopt-simple-4.6.jar:/home/user/.m2/repository/org/apache/commons/commons-math3/3.1.1/commons-math3-3.1.1.jar:/home/user/.m2/repository/org/openjdk/jmh/jmh-generator-annprocess/1.19/jmh-generator-annprocess-1.19.jar:/home/user/.m2/repository/org/mockito/mockito-all/1.8.5/mockito-all-1.8.5.jar:/home/user/.m2/repository/org/apache/hadoop/hadoop-kms/3.2.0/hadoop-kms-3.2.0.jar:/home/user/.m2/repository/org/apache/hadoop/hadoop-auth/3.2.0/hadoop-auth-3.2.0.jar:/home/user/.m2/repository/com/nimbusds/nimbus-jose-jwt/4.41.1/nimbus-jose-jwt-4.41.1.jar:/home/user/.m2/repository/com/github/stephenc/jcip/jcip-annotations/1.0-1/jcip-annotations-1.0-1.jar:/home/user/.m2/repository/net/minidev/json-smart/2.3/json-smart-2.3.jar:/home/user/.m2/repository/net/minidev/accessors-smart/1.2/accessors-smart-1.2.jar:/home/user/.m2/repository/org/ow2/asm/asm/5.0.4/asm-5.0.4.jar:/home/user/.m2/repository/org/apache/curator/curator-framework/2.12.0/curator-framework-2.12.0.jar:/home/user/.m2/repository/com/sun/jersey/jersey-core/1.19/jersey-core-1.19.jar:/home/user/.m2/repository/javax/ws/rs/jsr311-api/1.1.1/jsr311-api-1.1.1.jar:/home/user/.m2/repository/com/sun/jersey/jersey-server/1.19/jersey-server-1.19.jar:/home/user/.m2/repository/javax/servlet/javax.servlet-api/3.1.0/javax.servlet-api-3.1.0.jar:/home/user/.m2/repository/org/eclipse/jetty/jetty-server/9.3.25.v20180904/jetty-server-9.3.25.v20180904.jar:/home/user/.m2/repository/org/eclipse/jetty/jetty-http/9.3.25.v20180904/jetty-http-9.3.25.v20180904.jar:/home/user/.m2/repository/org/eclipse/jetty/jetty-io/9.3.25.v20180904/jetty-io-9.3.25.v20180904.jar:/home/user/.m2/repository/org/eclipse/jetty/jetty-webapp/9.3.25.v20180904/jetty-webapp-9.3.25.v20180904.jar:/home/user/.m2/repository/org/eclipse/jetty/jetty-xml/9.3.25.v20180904/jetty-xml-9.3.25.v20180904.jar:/home/user/.m2/repository/log4j/log4j/1.2.17/log4j-1.2.17.jar:/home/user/.m2/repository/org/slf4j/slf4j-api/1.7.25/slf4j-api-1.7.25.jar:/home/user/.m2/repository/org/slf4j/jul-to-slf4j/1.7.25/jul-to-slf4j-1.7.25.jar:/home/user/.m2/repository/org/eclipse/jetty/jetty-util/9.3.25.v20180904/jetty-util-9.3.25.v20180904.jar:/home/user/.m2/repository/com/fasterxml/jackson/core/jackson-databind/2.9.9/jackson-databind-2.9.9.jar:/home/user/.m2/repository/org/apache/hadoop/hadoop-kms/3.2.0/hadoop-kms-3.2.0-tests.jar:/home/user/.m2/repository/org/apache/hadoop/hadoop-hdds-server-scm/0.5.0-SNAPSHOT/hadoop-hdds-server-scm-0.5.0-SNAPSHOT-tests.jar:/home/user/.m2/repository/org/apache/hadoop/hadoop-hdds-container-service/0.5.0-SNAPSHOT/hadoop-hdds-container-service-0.5.0-SNAPSHOT-tests.jar:/home/user/.m2/repository/org/yaml/snakeyaml/1.16/snakeyaml-1.16.jar:/home/user/.m2/repository/org/apache/hadoop/hadoop-common/3.2.0/hadoop-common-3.2.0-tests.jar:/home/user/.m2/repository/org/apache/hadoop/hadoop-annotations/3.2.0/hadoop-annotations-3.2.0.jar:/usr/lib/jvm/java-1.8-openjdk/jre/../lib/tools.jar:/home/user/.m2/repository/commons-cli/commons-cli/1.2/commons-cli-1.2.jar:/home/user/.m2/repository/org/apache/httpcomponents/httpclient/4.5.2/httpclient-4.5.2.jar:/home/user/.m2/repository/org/apache/httpcomponents/httpcore/4.4.4/httpcore-4.4.4.jar:/home/user/.m2/repository/commons-codec/commons-codec/1.11/commons-codec-1.11.jar:/home/user/.m2/repository/commons-net/commons-net/3.6/commons-net-3.6.jar:/home/user/.m2/repository/commons-collections/commons-collections/3.2.2/commons-collections-3.2.2.jar:/home/user/.m2/repository/org/eclipse/jetty/jetty-servlet/9.3.25.v20180904/jetty-servlet-9.3.25.v20180904.jar:/home/user/.m2/repository/org/eclipse/jetty/jetty-security/9.3.25.v20180904/jetty-security-9.3.25.v20180904.jar:/home/user/.m2/repository/javax/servlet/jsp/jsp-api/2.1/jsp-api-2.1.jar:/home/user/.m2/repository/com/sun/jersey/jersey-servlet/1.19/jersey-servlet-1.19.jar:/home/user/.m2/repository/com/sun/jersey/jersey-json/1.19/jersey-json-1.19.jar:/home/user/.m2/repository/org/codehaus/jettison/jettison/1.1/jettison-1.1.jar:/home/user/.m2/repository/org/codehaus/jackson/jackson-core-asl/1.9.13/jackson-core-asl-1.9.13.jar:/home/user/.m2/repository/org/codehaus/jackson/jackson-mapper-asl/1.9.13/jackson-mapper-asl-1.9.13.jar:/home/user/.m2/repository/org/codehaus/jackson/jackson-jaxrs/1.9.13/jackson-jaxrs-1.9.13.jar:/home/user/.m2/repository/org/codehaus/jackson/jackson-xc/1.9.13/jackson-xc-1.9.13.jar:/home/user/.m2/repository/commons-logging/commons-logging/1.1.3/commons-logging-1.1.3.jar:/home/user/.m2/repository/commons-beanutils/commons-beanutils/1.9.4/commons-beanutils-1.9.4.jar:/home/user/.m2/repository/org/apache/commons/commons-configuration2/2.1.1/commons-configuration2-2.1.1.jar:/home/user/.m2/repository/org/apache/commons/commons-lang3/3.7/commons-lang3-3.7.jar:/home/user/.m2/repository/org/apache/commons/commons-text/1.4/commons-text-1.4.jar:/home/user/.m2/repository/org/apache/avro/avro/1.7.7/avro-1.7.7.jar:/home/user/.m2/repository/com/thoughtworks/paranamer/paranamer/2.3/paranamer-2.3.jar:/home/user/.m2/repository/org/xerial/snappy/snappy-java/1.0.5/snappy-java-1.0.5.jar:/home/user/.m2/repository/com/google/re2j/re2j/1.1/re2j-1.1.jar:/home/user/.m2/repository/com/google/code/gson/gson/2.2.4/gson-2.2.4.jar:/home/user/.m2/repository/com/jcraft/jsch/0.1.54/jsch-0.1.54.jar:/home/user/.m2/repository/org/apache/curator/curator-client/2.12.0/curator-client-2.12.0.jar:/home/user/.m2/repository/org/apache/curator/curator-recipes/2.12.0/curator-recipes-2.12.0.jar:/home/user/.m2/repository/com/google/code/findbugs/jsr305/3.0.0/jsr305-3.0.0.jar:/home/user/.m2/repository/org/apache/htrace/htrace-core4/4.1.0-incubating/htrace-core4-4.1.0-incubating.jar:/home/user/.m2/repository/org/apache/zookeeper/zookeeper/3.4.13/zookeeper-3.4.13.jar:/home/user/.m2/repository/jline/jline/0.9.94/jline-0.9.94.jar:/home/user/.m2/repository/org/apache/yetus/audience-annotations/0.5.0/audience-annotations-0.5.0.jar:/home/user/.m2/repository/org/codehaus/woodstox/stax2-api/3.1.4/stax2-api-3.1.4.jar:/home/user/.m2/repository/com/fasterxml/woodstox/woodstox-core/5.0.3/woodstox-core-5.0.3.jar:/home/user/.m2/repository/dnsjava/dnsjava/2.1.7/dnsjava-2.1.7.jar:/home/user/.m2/repository/org/apache/hadoop/hadoop-hdfs/3.2.0/hadoop-hdfs-3.2.0-tests.jar:/home/user/.m2/repository/org/eclipse/jetty/jetty-util-ajax/9.3.25.v20180904/jetty-util-ajax-9.3.25.v20180904.jar:/home/user/.m2/repository/commons-daemon/commons-daemon/1.0.13/commons-daemon-1.0.13.jar:/home/user/.m2/repository/io/netty/netty/3.10.5.Final/netty-3.10.5.Final.jar:/home/user/.m2/repository/io/netty/netty-all/4.0.52.Final/netty-all-4.0.52.Final.jar:/home/user/.m2/repository/org/fusesource/leveldbjni/leveldbjni-all/1.8/leveldbjni-all-1.8.jar:"/>
    <property name="java.vm.vendor" value="IcedTea"/>
    <property name="sun.arch.data.model" value="64"/>
    <property name="test.build.dir" value="/workdir/hadoop-ozone/integration-test/target/test-dir"/>
    <property name="test.cache.data" value=""/>
    <property name="java.vendor.url" value="https://icedtea.classpath.org"/>
    <property name="user.timezone" value=""/>
    <property name="java.vm.specification.version" value="1.8"/>
    <property name="os.name" value="Linux"/>
    <property name="test.build.data" value="/workdir/hadoop-ozone/integration-test/target/test-dir"/>
    <property name="user.country" value="US"/>
    <property name="sun.java.launcher" value="SUN_STANDARD"/>
    <property name="sun.boot.library.path" value="/usr/lib/jvm/java-1.8-openjdk/jre/lib/amd64"/>
    <property name="sun.java.command" value="/workdir/hadoop-ozone/integration-test/target/surefire/surefirebooter4689107427554513216.jar /workdir/hadoop-ozone/integration-test/target/surefire 2019-10-03T07-36-55_588-jvmRun1 surefire8380249095372567463tmp surefire_686310733926279585599tmp"/>
    <property name="test" value="!TestMiniChaosOzoneCluster"/>
    <property name="surefire.test.class.path" value="/workdir/hadoop-ozone/integration-test/target/test-classes:/workdir/hadoop-ozone/integration-test/target/classes:/home/user/.m2/repository/org/apache/hadoop/hadoop-ozone-common/0.5.0-SNAPSHOT/hadoop-ozone-common-0.5.0-SNAPSHOT.jar:/home/user/.m2/repository/org/apache/commons/commons-compress/1.4.1/commons-compress-1.4.1.jar:/home/user/.m2/repository/org/tukaani/xz/1.0/xz-1.0.jar:/home/user/.m2/repository/org/apache/hadoop/hadoop-common/3.2.0/hadoop-common-3.2.0.jar:/home/user/.m2/repository/org/apache/hadoop/hadoop-hdfs/3.2.0/hadoop-hdfs-3.2.0.jar:/home/user/.m2/repository/org/apache/hadoop/hadoop-hdfs-client/3.2.0/hadoop-hdfs-client-3.2.0.jar:/home/user/.m2/repository/com/fasterxml/jackson/core/jackson-annotations/2.9.9/jackson-annotations-2.9.9.jar:/home/user/.m2/repository/org/apache/hadoop/hadoop-hdds-common/0.5.0-SNAPSHOT/hadoop-hdds-common-0.5.0-SNAPSHOT.jar:/home/user/.m2/repository/javax/annotation/javax.annotation-api/1.2/javax.annotation-api-1.2.jar:/home/user/.m2/repository/org/apache/ratis/ratis-server/0.5.0-201fc85-SNAPSHOT/ratis-server-0.5.0-201fc85-SNAPSHOT.jar:/home/user/.m2/repository/org/apache/ratis/ratis-thirdparty-misc/0.2.0/ratis-thirdparty-misc-0.2.0.jar:/home/user/.m2/repository/org/apache/ratis/ratis-proto/0.5.0-201fc85-SNAPSHOT/ratis-proto-0.5.0-201fc85-SNAPSHOT.jar:/home/user/.m2/repository/org/apache/ratis/ratis-common/0.5.0-201fc85-SNAPSHOT/ratis-common-0.5.0-201fc85-SNAPSHOT.jar:/home/user/.m2/repository/org/apache/ratis/ratis-client/0.5.0-201fc85-SNAPSHOT/ratis-client-0.5.0-201fc85-SNAPSHOT.jar:/home/user/.m2/repository/org/apache/ratis/ratis-metrics/0.5.0-201fc85-SNAPSHOT/ratis-metrics-0.5.0-201fc85-SNAPSHOT.jar:/home/user/.m2/repository/com/github/joshelser/dropwizard-metrics-hadoop-metrics2-reporter/0.1.2/dropwizard-metrics-hadoop-metrics2-reporter-0.1.2.jar:/home/user/.m2/repository/io/dropwizard/metrics/metrics-jvm/3.2.5/metrics-jvm-3.2.5.jar:/home/user/.m2/repository/io/dropwizard/metrics/metrics-ganglia/3.2.5/metrics-ganglia-3.2.5.jar:/home/user/.m2/repository/info/ganglia/gmetric4j/gmetric4j/1.0.7/gmetric4j-1.0.7.jar:/home/user/.m2/repository/org/apache/ratis/ratis-netty/0.5.0-201fc85-SNAPSHOT/ratis-netty-0.5.0-201fc85-SNAPSHOT.jar:/home/user/.m2/repository/org/apache/ratis/ratis-grpc/0.5.0-201fc85-SNAPSHOT/ratis-grpc-0.5.0-201fc85-SNAPSHOT.jar:/home/user/.m2/repository/org/rocksdb/rocksdbjni/6.0.1/rocksdbjni-6.0.1.jar:/home/user/.m2/repository/org/apache/logging/log4j/log4j-api/2.11.0/log4j-api-2.11.0.jar:/home/user/.m2/repository/org/apache/logging/log4j/log4j-core/2.11.0/log4j-core-2.11.0.jar:/home/user/.m2/repository/com/lmax/disruptor/3.4.2/disruptor-3.4.2.jar:/home/user/.m2/repository/org/apache/commons/commons-pool2/2.6.0/commons-pool2-2.6.0.jar:/home/user/.m2/repository/org/bouncycastle/bcpkix-jdk15on/1.60/bcpkix-jdk15on-1.60.jar:/home/user/.m2/repository/commons-validator/commons-validator/1.6/commons-validator-1.6.jar:/home/user/.m2/repository/commons-digester/commons-digester/1.8.1/commons-digester-1.8.1.jar:/home/user/.m2/repository/io/jaegertracing/jaeger-client/0.34.0/jaeger-client-0.34.0.jar:/home/user/.m2/repository/io/jaegertracing/jaeger-thrift/0.34.0/jaeger-thrift-0.34.0.jar:/home/user/.m2/repository/org/apache/thrift/libthrift/0.12.0/libthrift-0.12.0.jar:/home/user/.m2/repository/com/squareup/okhttp3/okhttp/3.9.0/okhttp-3.9.0.jar:/home/user/.m2/repository/com/squareup/okio/okio/1.13.0/okio-1.13.0.jar:/home/user/.m2/repository/io/jaegertracing/jaeger-core/0.34.0/jaeger-core-0.34.0.jar:/home/user/.m2/repository/io/jaegertracing/jaeger-tracerresolver/0.34.0/jaeger-tracerresolver-0.34.0.jar:/home/user/.m2/repository/io/opentracing/contrib/opentracing-tracerresolver/0.1.5/opentracing-tracerresolver-0.1.5.jar:/home/user/.m2/repository/io/opentracing/opentracing-util/0.31.0/opentracing-util-0.31.0.jar:/home/user/.m2/repository/io/opentracing/opentracing-api/0.31.0/opentracing-api-0.31.0.jar:/home/user/.m2/repository/io/opentracing/opentracing-noop/0.31.0/opentracing-noop-0.31.0.jar:/home/user/.m2/repository/org/apache/hadoop/hadoop-hdds-server-framework/0.5.0-SNAPSHOT/hadoop-hdds-server-framework-0.5.0-SNAPSHOT.jar:/home/user/.m2/repository/org/apache/hadoop/hadoop-hdds-container-service/0.5.0-SNAPSHOT/hadoop-hdds-container-service-0.5.0-SNAPSHOT.jar:/home/user/.m2/repository/org/apache/hadoop/hadoop-hdds-client/0.5.0-SNAPSHOT/hadoop-hdds-client-0.5.0-SNAPSHOT.jar:/home/user/.m2/repository/org/apache/hadoop/hadoop-hdds-tools/0.5.0-SNAPSHOT/hadoop-hdds-tools-0.5.0-SNAPSHOT.jar:/home/user/.m2/repository/org/apache/hadoop/hadoop-hdds-server-scm/0.5.0-SNAPSHOT/hadoop-hdds-server-scm-0.5.0-SNAPSHOT.jar:/home/user/.m2/repository/org/apache/hadoop/hadoop-hdds-docs/0.5.0-SNAPSHOT/hadoop-hdds-docs-0.5.0-SNAPSHOT.jar:/home/user/.m2/repository/io/dropwizard/metrics/metrics-core/3.2.4/metrics-core-3.2.4.jar:/home/user/.m2/repository/org/hamcrest/hamcrest-all/1.3/hamcrest-all-1.3.jar:/home/user/.m2/repository/org/bouncycastle/bcprov-jdk15on/1.60/bcprov-jdk15on-1.60.jar:/home/user/.m2/repository/info/picocli/picocli/3.9.6/picocli-3.9.6.jar:/home/user/.m2/repository/com/google/protobuf/protobuf-java/2.5.0/protobuf-java-2.5.0.jar:/home/user/.m2/repository/com/google/guava/guava/11.0.2/guava-11.0.2.jar:/home/user/.m2/repository/org/apache/hadoop/hadoop-ozone-ozone-manager/0.5.0-SNAPSHOT/hadoop-ozone-ozone-manager-0.5.0-SNAPSHOT.jar:/home/user/.m2/repository/org/apache/hadoop/hadoop-minikdc/3.2.0/hadoop-minikdc-3.2.0.jar:/home/user/.m2/repository/commons-io/commons-io/2.5/commons-io-2.5.jar:/home/user/.m2/repository/org/apache/kerby/kerb-simplekdc/1.0.1/kerb-simplekdc-1.0.1.jar:/home/user/.m2/repository/org/apache/kerby/kerb-client/1.0.1/kerb-client-1.0.1.jar:/home/user/.m2/repository/org/apache/kerby/kerby-config/1.0.1/kerby-config-1.0.1.jar:/home/user/.m2/repository/org/apache/kerby/kerb-core/1.0.1/kerb-core-1.0.1.jar:/home/user/.m2/repository/org/apache/kerby/kerby-pkix/1.0.1/kerby-pkix-1.0.1.jar:/home/user/.m2/repository/org/apache/kerby/kerby-asn1/1.0.1/kerby-asn1-1.0.1.jar:/home/user/.m2/repository/org/apache/kerby/kerby-util/1.0.1/kerby-util-1.0.1.jar:/home/user/.m2/repository/org/apache/kerby/kerb-common/1.0.1/kerb-common-1.0.1.jar:/home/user/.m2/repository/org/apache/kerby/kerb-crypto/1.0.1/kerb-crypto-1.0.1.jar:/home/user/.m2/repository/org/apache/kerby/kerb-util/1.0.1/kerb-util-1.0.1.jar:/home/user/.m2/repository/org/apache/kerby/token-provider/1.0.1/token-provider-1.0.1.jar:/home/user/.m2/repository/org/apache/kerby/kerb-admin/1.0.1/kerb-admin-1.0.1.jar:/home/user/.m2/repository/org/apache/kerby/kerb-server/1.0.1/kerb-server-1.0.1.jar:/home/user/.m2/repository/org/apache/kerby/kerb-identity/1.0.1/kerb-identity-1.0.1.jar:/home/user/.m2/repository/org/apache/kerby/kerby-xdr/1.0.1/kerby-xdr-1.0.1.jar:/home/user/.m2/repository/org/slf4j/slf4j-log4j12/1.7.25/slf4j-log4j12-1.7.25.jar:/home/user/.m2/repository/org/apache/hadoop/hadoop-ozone-s3gateway/0.5.0-SNAPSHOT/hadoop-ozone-s3gateway-0.5.0-SNAPSHOT.jar:/home/user/.m2/repository/org/jboss/weld/servlet/weld-servlet/2.4.7.Final/weld-servlet-2.4.7.Final.jar:/home/user/.m2/repository/org/glassfish/jersey/containers/jersey-container-servlet-core/2.27/jersey-container-servlet-core-2.27.jar:/home/user/.m2/repository/org/glassfish/hk2/external/javax.inject/2.5.0-b42/javax.inject-2.5.0-b42.jar:/home/user/.m2/repository/org/glassfish/jersey/core/jersey-common/2.27/jersey-common-2.27.jar:/home/user/.m2/repository/org/glassfish/hk2/osgi-resource-locator/1.0.1/osgi-resource-locator-1.0.1.jar:/home/user/.m2/repository/javax/ws/rs/javax.ws.rs-api/2.1/javax.ws.rs-api-2.1.jar:/home/user/.m2/repository/org/glassfish/jersey/ext/cdi/jersey-cdi1x/2.27/jersey-cdi1x-2.27.jar:/home/user/.m2/repository/org/glassfish/jersey/inject/jersey-hk2/2.27/jersey-hk2-2.27.jar:/home/user/.m2/repository/org/glassfish/hk2/hk2-locator/2.5.0-b42/hk2-locator-2.5.0-b42.jar:/home/user/.m2/repository/org/javassist/javassist/3.22.0-CR2/javassist-3.22.0-CR2.jar:/home/user/.m2/repository/org/glassfish/hk2/hk2-api/2.5.0/hk2-api-2.5.0.jar:/home/user/.m2/repository/org/glassfish/hk2/external/jakarta.inject/2.5.0/jakarta.inject-2.5.0.jar:/home/user/.m2/repository/org/glassfish/hk2/hk2-utils/2.5.0/hk2-utils-2.5.0.jar:/home/user/.m2/repository/jakarta/annotation/jakarta.annotation-api/1.3.4/jakarta.annotation-api-1.3.4.jar:/home/user/.m2/repository/org/glassfish/hk2/external/aopalliance-repackaged/2.5.0/aopalliance-repackaged-2.5.0.jar:/home/user/.m2/repository/com/fasterxml/jackson/dataformat/jackson-dataformat-xml/2.9.0/jackson-dataformat-xml-2.9.0.jar:/home/user/.m2/repository/com/fasterxml/jackson/core/jackson-core/2.9.9/jackson-core-2.9.9.jar:/home/user/.m2/repository/com/fasterxml/jackson/module/jackson-module-jaxb-annotations/2.9.9/jackson-module-jaxb-annotations-2.9.9.jar:/home/user/.m2/repository/javax/enterprise/cdi-api/1.2/cdi-api-1.2.jar:/home/user/.m2/repository/javax/el/javax.el-api/3.0.0/javax.el-api-3.0.0.jar:/home/user/.m2/repository/javax/interceptor/javax.interceptor-api/1.2/javax.interceptor-api-1.2.jar:/home/user/.m2/repository/javax/inject/javax.inject/1/javax.inject-1.jar:/home/user/.m2/repository/com/sun/xml/bind/jaxb-impl/2.3.0.1/jaxb-impl-2.3.0.1.jar:/home/user/.m2/repository/com/sun/xml/bind/jaxb-core/2.3.0.1/jaxb-core-2.3.0.1.jar:/home/user/.m2/repository/javax/xml/bind/jaxb-api/2.3.0/jaxb-api-2.3.0.jar:/home/user/.m2/repository/javax/activation/activation/1.1.1/activation-1.1.1.jar:/home/user/.m2/repository/org/apache/hadoop/hadoop-ozone-csi/0.5.0-SNAPSHOT/hadoop-ozone-csi-0.5.0-SNAPSHOT.jar:/home/user/.m2/repository/com/google/protobuf/protobuf-java-util/3.5.1/protobuf-java-util-3.5.1.jar:/home/user/.m2/repository/org/apache/hadoop/hadoop-hdds-config/0.5.0-SNAPSHOT/hadoop-hdds-config-0.5.0-SNAPSHOT.jar:/home/user/.m2/repository/io/grpc/grpc-netty/1.17.1/grpc-netty-1.17.1.jar:/home/user/.m2/repository/io/grpc/grpc-core/1.17.1/grpc-core-1.17.1.jar:/home/user/.m2/repository/io/grpc/grpc-context/1.17.1/grpc-context-1.17.1.jar:/home/user/.m2/repository/com/google/errorprone/error_prone_annotations/2.2.0/error_prone_annotations-2.2.0.jar:/home/user/.m2/repository/org/codehaus/mojo/animal-sniffer-annotations/1.17/animal-sniffer-annotations-1.17.jar:/home/user/.m2/repository/io/opencensus/opencensus-api/0.17.0/opencensus-api-0.17.0.jar:/home/user/.m2/repository/io/opencensus/opencensus-contrib-grpc-metrics/0.17.0/opencensus-contrib-grpc-metrics-0.17.0.jar:/home/user/.m2/repository/io/netty/netty-codec-http2/4.1.30.Final/netty-codec-http2-4.1.30.Final.jar:/home/user/.m2/repository/io/netty/netty-codec-http/4.1.30.Final/netty-codec-http-4.1.30.Final.jar:/home/user/.m2/repository/io/netty/netty-codec/4.1.30.Final/netty-codec-4.1.30.Final.jar:/home/user/.m2/repository/io/netty/netty-handler/4.1.30.Final/netty-handler-4.1.30.Final.jar:/home/user/.m2/repository/io/netty/netty-handler-proxy/4.1.30.Final/netty-handler-proxy-4.1.30.Final.jar:/home/user/.m2/repository/io/netty/netty-codec-socks/4.1.30.Final/netty-codec-socks-4.1.30.Final.jar:/home/user/.m2/repository/io/netty/netty-transport-native-epoll/4.1.30.Final/netty-transport-native-epoll-4.1.30.Final.jar:/home/user/.m2/repository/io/netty/netty-common/4.1.30.Final/netty-common-4.1.30.Final.jar:/home/user/.m2/repository/io/netty/netty-buffer/4.1.30.Final/netty-buffer-4.1.30.Final.jar:/home/user/.m2/repository/io/netty/netty-transport/4.1.30.Final/netty-transport-4.1.30.Final.jar:/home/user/.m2/repository/io/netty/netty-resolver/4.1.30.Final/netty-resolver-4.1.30.Final.jar:/home/user/.m2/repository/io/netty/netty-transport-native-unix-common/4.1.30.Final/netty-transport-native-unix-common-4.1.30.Final.jar:/home/user/.m2/repository/io/grpc/grpc-protobuf/1.17.1/grpc-protobuf-1.17.1.jar:/home/user/.m2/repository/com/google/api/grpc/proto-google-common-protos/1.0.0/proto-google-common-protos-1.0.0.jar:/home/user/.m2/repository/io/grpc/grpc-protobuf-lite/1.17.1/grpc-protobuf-lite-1.17.1.jar:/home/user/.m2/repository/io/grpc/grpc-stub/1.17.1/grpc-stub-1.17.1.jar:/home/user/.m2/repository/org/apache/hadoop/hadoop-ozone-recon/0.5.0-SNAPSHOT/hadoop-ozone-recon-0.5.0-SNAPSHOT.jar:/home/user/.m2/repository/org/apache/hadoop/hadoop-ozone-reconcodegen/0.5.0-SNAPSHOT/hadoop-ozone-reconcodegen-0.5.0-SNAPSHOT.jar:/home/user/.m2/repository/com/google/inject/extensions/guice-multibindings/4.0/guice-multibindings-4.0.jar:/home/user/.m2/repository/com/google/inject/guice/4.0/guice-4.0.jar:/home/user/.m2/repository/aopalliance/aopalliance/1.0/aopalliance-1.0.jar:/home/user/.m2/repository/com/google/inject/extensions/guice-servlet/4.0/guice-servlet-4.0.jar:/home/user/.m2/repository/org/glassfish/jersey/containers/jersey-container-servlet/2.27/jersey-container-servlet-2.27.jar:/home/user/.m2/repository/org/glassfish/hk2/guice-bridge/2.5.0/guice-bridge-2.5.0.jar:/home/user/.m2/repository/org/glassfish/jersey/core/jersey-server/2.27/jersey-server-2.27.jar:/home/user/.m2/repository/org/glassfish/jersey/core/jersey-client/2.27/jersey-client-2.27.jar:/home/user/.m2/repository/org/glassfish/jersey/media/jersey-media-jaxb/2.27/jersey-media-jaxb-2.27.jar:/home/user/.m2/repository/javax/validation/validation-api/1.1.0.Final/validation-api-1.1.0.Final.jar:/home/user/.m2/repository/org/glassfish/jersey/media/jersey-media-json-jackson/2.27/jersey-media-json-jackson-2.27.jar:/home/user/.m2/repository/org/glassfish/jersey/ext/jersey-entity-filtering/2.27/jersey-entity-filtering-2.27.jar:/home/user/.m2/repository/com/google/inject/extensions/guice-assistedinject/4.0/guice-assistedinject-4.0.jar:/home/user/.m2/repository/org/jooq/jooq/3.11.10/jooq-3.11.10.jar:/home/user/.m2/repository/org/jooq/jooq-meta/3.11.10/jooq-meta-3.11.10.jar:/home/user/.m2/repository/org/jooq/jooq-codegen/3.11.10/jooq-codegen-3.11.10.jar:/home/user/.m2/repository/com/jolbox/bonecp/0.8.0.RELEASE/bonecp-0.8.0.RELEASE.jar:/home/user/.m2/repository/org/xerial/sqlite-jdbc/3.25.2/sqlite-jdbc-3.25.2.jar:/home/user/.m2/repository/org/springframework/spring-jdbc/5.1.3.RELEASE/spring-jdbc-5.1.3.RELEASE.jar:/home/user/.m2/repository/org/springframework/spring-beans/5.1.3.RELEASE/spring-beans-5.1.3.RELEASE.jar:/home/user/.m2/repository/org/springframework/spring-core/5.1.3.RELEASE/spring-core-5.1.3.RELEASE.jar:/home/user/.m2/repository/org/springframework/spring-jcl/5.1.3.RELEASE/spring-jcl-5.1.3.RELEASE.jar:/home/user/.m2/repository/org/springframework/spring-tx/5.1.3.RELEASE/spring-tx-5.1.3.RELEASE.jar:/home/user/.m2/repository/org/apache/hadoop/hadoop-ozone-client/0.5.0-SNAPSHOT/hadoop-ozone-client-0.5.0-SNAPSHOT.jar:/home/user/.m2/repository/commons-lang/commons-lang/2.6/commons-lang-2.6.jar:/home/user/.m2/repository/org/apache/hadoop/hadoop-ozone-ozone-manager/0.5.0-SNAPSHOT/hadoop-ozone-ozone-manager-0.5.0-SNAPSHOT-tests.jar:/home/user/.m2/repository/junit/junit/4.11/junit-4.11.jar:/home/user/.m2/repository/org/hamcrest/hamcrest-core/1.3/hamcrest-core-1.3.jar:/home/user/.m2/repository/org/openjdk/jmh/jmh-core/1.19/jmh-core-1.19.jar:/home/user/.m2/repository/net/sf/jopt-simple/jopt-simple/4.6/jopt-simple-4.6.jar:/home/user/.m2/repository/org/apache/commons/commons-math3/3.1.1/commons-math3-3.1.1.jar:/home/user/.m2/repository/org/openjdk/jmh/jmh-generator-annprocess/1.19/jmh-generator-annprocess-1.19.jar:/home/user/.m2/repository/org/mockito/mockito-all/1.8.5/mockito-all-1.8.5.jar:/home/user/.m2/repository/org/apache/hadoop/hadoop-kms/3.2.0/hadoop-kms-3.2.0.jar:/home/user/.m2/repository/org/apache/hadoop/hadoop-auth/3.2.0/hadoop-auth-3.2.0.jar:/home/user/.m2/repository/com/nimbusds/nimbus-jose-jwt/4.41.1/nimbus-jose-jwt-4.41.1.jar:/home/user/.m2/repository/com/github/stephenc/jcip/jcip-annotations/1.0-1/jcip-annotations-1.0-1.jar:/home/user/.m2/repository/net/minidev/json-smart/2.3/json-smart-2.3.jar:/home/user/.m2/repository/net/minidev/accessors-smart/1.2/accessors-smart-1.2.jar:/home/user/.m2/repository/org/ow2/asm/asm/5.0.4/asm-5.0.4.jar:/home/user/.m2/repository/org/apache/curator/curator-framework/2.12.0/curator-framework-2.12.0.jar:/home/user/.m2/repository/com/sun/jersey/jersey-core/1.19/jersey-core-1.19.jar:/home/user/.m2/repository/javax/ws/rs/jsr311-api/1.1.1/jsr311-api-1.1.1.jar:/home/user/.m2/repository/com/sun/jersey/jersey-server/1.19/jersey-server-1.19.jar:/home/user/.m2/repository/javax/servlet/javax.servlet-api/3.1.0/javax.servlet-api-3.1.0.jar:/home/user/.m2/repository/org/eclipse/jetty/jetty-server/9.3.25.v20180904/jetty-server-9.3.25.v20180904.jar:/home/user/.m2/repository/org/eclipse/jetty/jetty-http/9.3.25.v20180904/jetty-http-9.3.25.v20180904.jar:/home/user/.m2/repository/org/eclipse/jetty/jetty-io/9.3.25.v20180904/jetty-io-9.3.25.v20180904.jar:/home/user/.m2/repository/org/eclipse/jetty/jetty-webapp/9.3.25.v20180904/jetty-webapp-9.3.25.v20180904.jar:/home/user/.m2/repository/org/eclipse/jetty/jetty-xml/9.3.25.v20180904/jetty-xml-9.3.25.v20180904.jar:/home/user/.m2/repository/log4j/log4j/1.2.17/log4j-1.2.17.jar:/home/user/.m2/repository/org/slf4j/slf4j-api/1.7.25/slf4j-api-1.7.25.jar:/home/user/.m2/repository/org/slf4j/jul-to-slf4j/1.7.25/jul-to-slf4j-1.7.25.jar:/home/user/.m2/repository/org/eclipse/jetty/jetty-util/9.3.25.v20180904/jetty-util-9.3.25.v20180904.jar:/home/user/.m2/repository/com/fasterxml/jackson/core/jackson-databind/2.9.9/jackson-databind-2.9.9.jar:/home/user/.m2/repository/org/apache/hadoop/hadoop-kms/3.2.0/hadoop-kms-3.2.0-tests.jar:/home/user/.m2/repository/org/apache/hadoop/hadoop-hdds-server-scm/0.5.0-SNAPSHOT/hadoop-hdds-server-scm-0.5.0-SNAPSHOT-tests.jar:/home/user/.m2/repository/org/apache/hadoop/hadoop-hdds-container-service/0.5.0-SNAPSHOT/hadoop-hdds-container-service-0.5.0-SNAPSHOT-tests.jar:/home/user/.m2/repository/org/yaml/snakeyaml/1.16/snakeyaml-1.16.jar:/home/user/.m2/repository/org/apache/hadoop/hadoop-common/3.2.0/hadoop-common-3.2.0-tests.jar:/home/user/.m2/repository/org/apache/hadoop/hadoop-annotations/3.2.0/hadoop-annotations-3.2.0.jar:/usr/lib/jvm/java-1.8-openjdk/jre/../lib/tools.jar:/home/user/.m2/repository/commons-cli/commons-cli/1.2/commons-cli-1.2.jar:/home/user/.m2/repository/org/apache/httpcomponents/httpclient/4.5.2/httpclient-4.5.2.jar:/home/user/.m2/repository/org/apache/httpcomponents/httpcore/4.4.4/httpcore-4.4.4.jar:/home/user/.m2/repository/commons-codec/commons-codec/1.11/commons-codec-1.11.jar:/home/user/.m2/repository/commons-net/commons-net/3.6/commons-net-3.6.jar:/home/user/.m2/repository/commons-collections/commons-collections/3.2.2/commons-collections-3.2.2.jar:/home/user/.m2/repository/org/eclipse/jetty/jetty-servlet/9.3.25.v20180904/jetty-servlet-9.3.25.v20180904.jar:/home/user/.m2/repository/org/eclipse/jetty/jetty-security/9.3.25.v20180904/jetty-security-9.3.25.v20180904.jar:/home/user/.m2/repository/javax/servlet/jsp/jsp-api/2.1/jsp-api-2.1.jar:/home/user/.m2/repository/com/sun/jersey/jersey-servlet/1.19/jersey-servlet-1.19.jar:/home/user/.m2/repository/com/sun/jersey/jersey-json/1.19/jersey-json-1.19.jar:/home/user/.m2/repository/org/codehaus/jettison/jettison/1.1/jettison-1.1.jar:/home/user/.m2/repository/org/codehaus/jackson/jackson-core-asl/1.9.13/jackson-core-asl-1.9.13.jar:/home/user/.m2/repository/org/codehaus/jackson/jackson-mapper-asl/1.9.13/jackson-mapper-asl-1.9.13.jar:/home/user/.m2/repository/org/codehaus/jackson/jackson-jaxrs/1.9.13/jackson-jaxrs-1.9.13.jar:/home/user/.m2/repository/org/codehaus/jackson/jackson-xc/1.9.13/jackson-xc-1.9.13.jar:/home/user/.m2/repository/commons-logging/commons-logging/1.1.3/commons-logging-1.1.3.jar:/home/user/.m2/repository/commons-beanutils/commons-beanutils/1.9.4/commons-beanutils-1.9.4.jar:/home/user/.m2/repository/org/apache/commons/commons-configuration2/2.1.1/commons-configuration2-2.1.1.jar:/home/user/.m2/repository/org/apache/commons/commons-lang3/3.7/commons-lang3-3.7.jar:/home/user/.m2/repository/org/apache/commons/commons-text/1.4/commons-text-1.4.jar:/home/user/.m2/repository/org/apache/avro/avro/1.7.7/avro-1.7.7.jar:/home/user/.m2/repository/com/thoughtworks/paranamer/paranamer/2.3/paranamer-2.3.jar:/home/user/.m2/repository/org/xerial/snappy/snappy-java/1.0.5/snappy-java-1.0.5.jar:/home/user/.m2/repository/com/google/re2j/re2j/1.1/re2j-1.1.jar:/home/user/.m2/repository/com/google/code/gson/gson/2.2.4/gson-2.2.4.jar:/home/user/.m2/repository/com/jcraft/jsch/0.1.54/jsch-0.1.54.jar:/home/user/.m2/repository/org/apache/curator/curator-client/2.12.0/curator-client-2.12.0.jar:/home/user/.m2/repository/org/apache/curator/curator-recipes/2.12.0/curator-recipes-2.12.0.jar:/home/user/.m2/repository/com/google/code/findbugs/jsr305/3.0.0/jsr305-3.0.0.jar:/home/user/.m2/repository/org/apache/htrace/htrace-core4/4.1.0-incubating/htrace-core4-4.1.0-incubating.jar:/home/user/.m2/repository/org/apache/zookeeper/zookeeper/3.4.13/zookeeper-3.4.13.jar:/home/user/.m2/repository/jline/jline/0.9.94/jline-0.9.94.jar:/home/user/.m2/repository/org/apache/yetus/audience-annotations/0.5.0/audience-annotations-0.5.0.jar:/home/user/.m2/repository/org/codehaus/woodstox/stax2-api/3.1.4/stax2-api-3.1.4.jar:/home/user/.m2/repository/com/fasterxml/woodstox/woodstox-core/5.0.3/woodstox-core-5.0.3.jar:/home/user/.m2/repository/dnsjava/dnsjava/2.1.7/dnsjava-2.1.7.jar:/home/user/.m2/repository/org/apache/hadoop/hadoop-hdfs/3.2.0/hadoop-hdfs-3.2.0-tests.jar:/home/user/.m2/repository/org/eclipse/jetty/jetty-util-ajax/9.3.25.v20180904/jetty-util-ajax-9.3.25.v20180904.jar:/home/user/.m2/repository/commons-daemon/commons-daemon/1.0.13/commons-daemon-1.0.13.jar:/home/user/.m2/repository/io/netty/netty/3.10.5.Final/netty-3.10.5.Final.jar:/home/user/.m2/repository/io/netty/netty-all/4.0.52.Final/netty-all-4.0.52.Final.jar:/home/user/.m2/repository/org/fusesource/leveldbjni/leveldbjni-all/1.8/leveldbjni-all-1.8.jar:"/>
    <property name="sun.cpu.endian" value="little"/>
    <property name="user.home" value="/home/user"/>
    <property name="user.language" value="en"/>
    <property name="java.specification.vendor" value="Oracle Corporation"/>
    <property name="java.home" value="/usr/lib/jvm/java-1.8-openjdk/jre"/>
    <property name="java.security.krb5.conf" value="/workdir/hadoop-ozone/integration-test/target/test-classes/krb5.conf"/>
    <property name="basedir" value="/workdir/hadoop-ozone/integration-test"/>
    <property name="file.separator" value="/"/>
    <property name="line.separator" value="&#10;"/>
    <property name="java.vm.specification.vendor" value="Oracle Corporation"/>
    <property name="java.specification.name" value="Java Platform API Specification"/>
    <property name="java.awt.graphicsenv" value="sun.awt.X11GraphicsEnvironment"/>
    <property name="surefire.real.class.path" value="/workdir/hadoop-ozone/integration-test/target/surefire/surefirebooter4689107427554513216.jar"/>
    <property name="hadoop.log.dir" value="/workdir/hadoop-ozone/integration-test/target/log"/>
    <property name="sun.boot.class.path" value="/usr/lib/jvm/java-1.8-openjdk/jre/lib/resources.jar:/usr/lib/jvm/java-1.8-openjdk/jre/lib/rt.jar:/usr/lib/jvm/java-1.8-openjdk/jre/lib/sunrsasign.jar:/usr/lib/jvm/java-1.8-openjdk/jre/lib/jsse.jar:/usr/lib/jvm/java-1.8-openjdk/jre/lib/jce.jar:/usr/lib/jvm/java-1.8-openjdk/jre/lib/charsets.jar:/usr/lib/jvm/java-1.8-openjdk/jre/lib/jfr.jar:/usr/lib/jvm/java-1.8-openjdk/jre/classes"/>
    <property name="sun.management.compiler" value="HotSpot 64-Bit Tiered Compilers"/>
    <property name="java.runtime.version" value="1.8.0_212-b04"/>
    <property name="java.net.preferIPv4Stack" value="true"/>
    <property name="user.name" value="jenkins1000"/>
    <property name="path.separator" value=":"/>
    <property name="java.security.egd" value="file:///dev/urandom"/>
    <property name="os.version" value="3.10.0-957.12.2.el7.x86_64"/>
    <property name="java.endorsed.dirs" value="/usr/lib/jvm/java-1.8-openjdk/jre/lib/endorsed"/>
    <property name="java.runtime.name" value="OpenJDK Runtime Environment"/>
    <property name="file.encoding" value="UTF-8"/>
    <property name="java.vm.name" value="OpenJDK 64-Bit Server VM"/>
    <property name="test.build.webapps" value=""/>
    <property name="localRepository" value="/home/user/.m2/repository"/>
    <property name="java.vendor.url.bug" value="https://icedtea.classpath.org/bugzilla"/>
    <property name="java.io.tmpdir" value="/tmp"/>
    <property name="require.test.libhadoop" value=""/>
    <property name="java.version" value="1.8.0_212"/>
    <property name="user.dir" value="/workdir/hadoop-ozone/integration-test"/>
    <property name="os.arch" value="amd64"/>
    <property name="java.vm.specification.name" value="Java Virtual Machine Specification"/>
    <property name="test.build.classes" value="/workdir/hadoop-ozone/integration-test/target/test-classes"/>
    <property name="java.awt.printerjob" value="sun.print.PSPrinterJob"/>
    <property name="sun.os.patch.level" value="unknown"/>
    <property name="hadoop.tmp.dir" value="/workdir/hadoop-ozone/integration-test/target/tmp"/>
    <property name="java.library.path" value="/usr/lib/jvm/java-1.8-openjdk/jre/lib/amd64/server:/usr/lib/jvm/java-1.8-openjdk/jre/lib/amd64:/usr/lib/jvm/java-1.8-openjdk/jre/../lib/amd64:/workdir/hadoop-ozone/integration-test/target/native/target/usr/local/lib:/workdir/hadoop-ozone/integration-test/../../hadoop-common-project/hadoop-common/target/native/target/usr/local/lib:/usr/java/packages/lib/amd64:/usr/lib64:/lib64:/lib:/usr/lib"/>
    <property name="java.vm.info" value="mixed mode"/>
    <property name="java.vendor" value="IcedTea"/>
    <property name="java.vm.version" value="25.212-b04"/>
    <property name="java.ext.dirs" value="/usr/lib/jvm/java-1.8-openjdk/jre/lib/ext:/usr/java/packages/lib/ext"/>
    <property name="sun.io.unicode.encoding" value="UnicodeLittle"/>
    <property name="java.class.version" value="52.0"/>
  </properties>
  <testcase name="testGroupMismatchExceptionHandling" classname="org.apache.hadoop.ozone.client.rpc.TestOzoneClientRetriesOnException" time="48.281"/>
  <testcase name="testMaxRetriesByOzoneClient" classname="org.apache.hadoop.ozone.client.rpc.TestOzoneClientRetriesOnException" time="124.461">
    <error message="Failed to command cmdType: CreateContainer&#10;containerID: 1&#10;datanodeUuid: &quot;cb67de73-8b06-44b3-aeb3-7db114eecdbf&quot;&#10;createContainer {&#10;}&#10;" type="java.io.IOException">java.io.IOException: 
Failed to command cmdType: CreateContainer
containerID: 1
datanodeUuid: "cb67de73-8b06-44b3-aeb3-7db114eecdbf"
createContainer {
}

	at org.apache.hadoop.hdds.scm.XceiverClientSpi.sendCommand(XceiverClientSpi.java:113)
	at org.apache.hadoop.ozone.client.rpc.TestOzoneClientRetriesOnException.testMaxRetriesByOzoneClient(TestOzoneClientRetriesOnException.java:190)
	at sun.reflect.NativeMethodAccessorImpl.invoke0(Native Method)
	at sun.reflect.NativeMethodAccessorImpl.invoke(NativeMethodAccessorImpl.java:62)
	at sun.reflect.DelegatingMethodAccessorImpl.invoke(DelegatingMethodAccessorImpl.java:43)
	at java.lang.reflect.Method.invoke(Method.java:498)
	at org.junit.runners.model.FrameworkMethod$1.runReflectiveCall(FrameworkMethod.java:47)
	at org.junit.internal.runners.model.ReflectiveCallable.run(ReflectiveCallable.java:12)
	at org.junit.runners.model.FrameworkMethod.invokeExplosively(FrameworkMethod.java:44)
	at org.junit.internal.runners.statements.InvokeMethod.evaluate(InvokeMethod.java:17)
	at org.junit.internal.runners.statements.RunBefores.evaluate(RunBefores.java:26)
	at org.junit.internal.runners.statements.RunAfters.evaluate(RunAfters.java:27)
	at org.junit.runners.ParentRunner.runLeaf(ParentRunner.java:271)
	at org.junit.runners.BlockJUnit4ClassRunner.runChild(BlockJUnit4ClassRunner.java:70)
	at org.junit.runners.BlockJUnit4ClassRunner.runChild(BlockJUnit4ClassRunner.java:50)
	at org.junit.runners.ParentRunner$3.run(ParentRunner.java:238)
	at org.junit.runners.ParentRunner$1.schedule(ParentRunner.java:63)
	at org.junit.runners.ParentRunner.runChildren(ParentRunner.java:236)
	at org.junit.runners.ParentRunner.access$000(ParentRunner.java:53)
	at org.junit.runners.ParentRunner$2.evaluate(ParentRunner.java:229)
	at org.junit.runners.ParentRunner.run(ParentRunner.java:309)
	at org.apache.maven.surefire.junit4.JUnit4Provider.execute(JUnit4Provider.java:365)
	at org.apache.maven.surefire.junit4.JUnit4Provider.executeWithRerun(JUnit4Provider.java:273)
	at org.apache.maven.surefire.junit4.JUnit4Provider.executeTestSet(JUnit4Provider.java:238)
	at org.apache.maven.surefire.junit4.JUnit4Provider.invoke(JUnit4Provider.java:159)
	at org.apache.maven.surefire.booter.ForkedBooter.invokeProviderInSameClassLoader(ForkedBooter.java:384)
	at org.apache.maven.surefire.booter.ForkedBooter.runSuitesInProcess(ForkedBooter.java:345)
	at org.apache.maven.surefire.booter.ForkedBooter.execute(ForkedBooter.java:126)
	at org.apache.maven.surefire.booter.ForkedBooter.main(ForkedBooter.java:418)
Caused by: java.util.concurrent.ExecutionException: org.apache.ratis.protocol.RaftRetryFailureException: Failed RaftClientRequest:client-39A1582E8984->f71f06b4-a692-49f1-adba-dc747e3d882f@group-21D41EB94025, cid=45, seq=4*, RW, org.apache.hadoop.hdds.scm.XceiverClientRatis$$Lambda$373/108333023@286f094b for 180 attempts with RetryLimited(maxAttempts=180, sleepTime=1000ms)
	at java.util.concurrent.CompletableFuture.reportGet(CompletableFuture.java:357)
	at java.util.concurrent.CompletableFuture.get(CompletableFuture.java:1895)
	at org.apache.hadoop.hdds.scm.XceiverClientSpi.sendCommand(XceiverClientSpi.java:110)
	... 28 more
Caused by: org.apache.ratis.protocol.RaftRetryFailureException: Failed RaftClientRequest:client-39A1582E8984->f71f06b4-a692-49f1-adba-dc747e3d882f@group-21D41EB94025, cid=45, seq=4*, RW, org.apache.hadoop.hdds.scm.XceiverClientRatis$$Lambda$373/108333023@286f094b for 180 attempts with RetryLimited(maxAttempts=180, sleepTime=1000ms)
	at org.apache.ratis.client.impl.RaftClientImpl.noMoreRetries(RaftClientImpl.java:271)
	at org.apache.ratis.client.impl.OrderedAsync.handleAsyncRetryFailure(OrderedAsync.java:138)
	at org.apache.ratis.client.impl.OrderedAsync.lambda$sendRequest$10(OrderedAsync.java:230)
	at java.util.concurrent.CompletableFuture.uniExceptionally(CompletableFuture.java:870)
	at java.util.concurrent.CompletableFuture$UniExceptionally.tryFire(CompletableFuture.java:852)
	at java.util.concurrent.CompletableFuture.postComplete(CompletableFuture.java:474)
	at java.util.concurrent.CompletableFuture.completeExceptionally(CompletableFuture.java:1977)
	at org.apache.ratis.grpc.client.GrpcClientProtocolClient$AsyncStreamObservers.completeReplyExceptionally(GrpcClientProtocolClient.java:345)
	at org.apache.ratis.grpc.client.GrpcClientProtocolClient$AsyncStreamObservers.access$000(GrpcClientProtocolClient.java:261)
	at org.apache.ratis.grpc.client.GrpcClientProtocolClient$AsyncStreamObservers$1.onNext(GrpcClientProtocolClient.java:273)
	at org.apache.ratis.grpc.client.GrpcClientProtocolClient$AsyncStreamObservers$1.onNext(GrpcClientProtocolClient.java:264)
	at org.apache.ratis.thirdparty.io.grpc.stub.ClientCalls$StreamObserverToCallListenerAdapter.onMessage(ClientCalls.java:421)
	at org.apache.ratis.thirdparty.io.grpc.ForwardingClientCallListener.onMessage(ForwardingClientCallListener.java:33)
	at org.apache.ratis.thirdparty.io.grpc.ForwardingClientCallListener.onMessage(ForwardingClientCallListener.java:33)
	at org.apache.ratis.thirdparty.io.grpc.internal.ClientCallImpl$ClientStreamListenerImpl$1MessagesAvailable.runInContext(ClientCallImpl.java:519)
	at org.apache.ratis.thirdparty.io.grpc.internal.ContextRunnable.run(ContextRunnable.java:37)
	at org.apache.ratis.thirdparty.io.grpc.internal.SerializingExecutor.run(SerializingExecutor.java:123)
	at java.util.concurrent.ThreadPoolExecutor.runWorker(ThreadPoolExecutor.java:1149)
	at java.util.concurrent.ThreadPoolExecutor$Worker.run(ThreadPoolExecutor.java:624)
	at java.lang.Thread.run(Thread.java:748)
Caused by: org.apache.ratis.protocol.NotLeaderException: Server f71f06b4-a692-49f1-adba-dc747e3d882f@group-21D41EB94025 is not the leader cb67de73-8b06-44b3-aeb3-7db114eecdbf:192.168.151.103:42541
	at org.apache.ratis.client.impl.ClientProtoUtils.toRaftClientReply(ClientProtoUtils.java:243)
	at org.apache.ratis.grpc.client.GrpcClientProtocolClient$AsyncStreamObservers$1.onNext(GrpcClientProtocolClient.java:269)
	... 10 more
</error>
    <system-out><![CDATA[2019-10-03 08:41:03,218 [main] WARN  server.ServerUtils (ServerUtils.java:getScmDbDir(145)) - ozone.scm.db.dirs is not configured. We recommend adding this setting. Falling back to ozone.metadata.dirs instead.
2019-10-03 08:41:03,252 [main] WARN  server.ServerUtils (ServerUtils.java:getScmDbDir(145)) - ozone.scm.db.dirs is not configured. We recommend adding this setting. Falling back to ozone.metadata.dirs instead.
2019-10-03 08:41:03,253 [main] WARN  server.ServerUtils (ServerUtils.java:getScmDbDir(145)) - ozone.scm.db.dirs is not configured. We recommend adding this setting. Falling back to ozone.metadata.dirs instead.
2019-10-03 08:41:03,254 [main] INFO  db.DBStoreBuilder (DBStoreBuilder.java:addTable(110)) - using custom profile for table: deletedBlocks
2019-10-03 08:41:03,254 [main] INFO  db.DBStoreBuilder (DBStoreBuilder.java:processTables(161)) - Using default column profile:DBProfile.DISK for Table:deletedBlocks
2019-10-03 08:41:03,255 [main] INFO  db.DBStoreBuilder (DBStoreBuilder.java:addTable(110)) - using custom profile for table: validCerts
2019-10-03 08:41:03,255 [main] INFO  db.DBStoreBuilder (DBStoreBuilder.java:processTables(161)) - Using default column profile:DBProfile.DISK for Table:validCerts
2019-10-03 08:41:03,256 [main] INFO  db.DBStoreBuilder (DBStoreBuilder.java:addTable(110)) - using custom profile for table: revokedCerts
2019-10-03 08:41:03,256 [main] INFO  db.DBStoreBuilder (DBStoreBuilder.java:processTables(161)) - Using default column profile:DBProfile.DISK for Table:revokedCerts
2019-10-03 08:41:03,257 [main] INFO  db.DBStoreBuilder (DBStoreBuilder.java:addTable(110)) - using custom profile for table: default
2019-10-03 08:41:03,257 [main] INFO  db.DBStoreBuilder (DBStoreBuilder.java:processTables(167)) - Using default column profile:DBProfile.DISK for Table:default
2019-10-03 08:41:03,257 [main] INFO  db.DBStoreBuilder (DBStoreBuilder.java:getDbProfile(198)) - Using default options. DBProfile.DISK
2019-10-03 08:41:03,410 [main] INFO  net.NodeSchemaLoader (NodeSchemaLoader.java:loadSchemaFromFile(125)) - Loading file from sun.misc.CompoundEnumeration@5e9f73b
2019-10-03 08:41:03,410 [main] INFO  net.NodeSchemaLoader (NodeSchemaLoader.java:loadSchema(171)) - Loading network topology layer schema file
2019-10-03 08:41:03,415 [main] WARN  server.ServerUtils (ServerUtils.java:sanitizeUserArgs(70)) - ozone.scm.stale.node.interval value = 300000 is larger than max = 100000 based on the key value of ozone.scm.heartbeat.thread.interval, reset to the max value 100000.
2019-10-03 08:41:03,415 [main] WARN  server.ServerUtils (ServerUtils.java:sanitizeUserArgs(70)) - ozone.scm.stale.node.interval value = 300000 is larger than max = 100000 based on the key value of ozone.scm.heartbeat.thread.interval, reset to the max value 100000.
2019-10-03 08:41:03,415 [main] INFO  node.SCMNodeManager (SCMNodeManager.java:<init>(114)) - Entering startup safe mode.
2019-10-03 08:41:03,416 [main] INFO  algorithms.ContainerPlacementPolicyFactory (ContainerPlacementPolicyFactory.java:getPolicy(57)) - Create container placement policy of type org.apache.hadoop.hdds.scm.container.placement.algorithms.SCMContainerPlacementRandom
2019-10-03 08:41:03,416 [main] WARN  server.ServerUtils (ServerUtils.java:getScmDbDir(145)) - ozone.scm.db.dirs is not configured. We recommend adding this setting. Falling back to ozone.metadata.dirs instead.
2019-10-03 08:41:03,463 [main] INFO  pipeline.SCMPipelineManager (SCMPipelineManager.java:initializePipelineState(132)) - No pipeline exists in current db
2019-10-03 08:41:03,464 [main] WARN  server.ServerUtils (ServerUtils.java:getScmDbDir(145)) - ozone.scm.db.dirs is not configured. We recommend adding this setting. Falling back to ozone.metadata.dirs instead.
2019-10-03 08:41:03,516 [main] WARN  events.EventQueue (EventQueue.java:fireEvent(183)) - No event handler registered for event TypedEvent{payloadType=SafeModeStatus, name='SafeModeStatus'}
2019-10-03 08:41:03,517 [main] INFO  ipc.CallQueueManager (CallQueueManager.java:<init>(84)) - Using callQueue: class java.util.concurrent.LinkedBlockingQueue, queueCapacity: 2000, scheduler: class org.apache.hadoop.ipc.DefaultRpcScheduler, ipcBackoff: false.
2019-10-03 08:41:03,518 [Socket Reader #1 for port 38612] INFO  ipc.Server (Server.java:run(1074)) - Starting Socket Reader #1 for port 38612
2019-10-03 08:41:03,520 [main] INFO  ipc.CallQueueManager (CallQueueManager.java:<init>(84)) - Using callQueue: class java.util.concurrent.LinkedBlockingQueue, queueCapacity: 2000, scheduler: class org.apache.hadoop.ipc.DefaultRpcScheduler, ipcBackoff: false.
2019-10-03 08:41:03,521 [Socket Reader #1 for port 46587] INFO  ipc.Server (Server.java:run(1074)) - Starting Socket Reader #1 for port 46587
2019-10-03 08:41:03,522 [main] INFO  ipc.CallQueueManager (CallQueueManager.java:<init>(84)) - Using callQueue: class java.util.concurrent.LinkedBlockingQueue, queueCapacity: 2000, scheduler: class org.apache.hadoop.ipc.DefaultRpcScheduler, ipcBackoff: false.
2019-10-03 08:41:03,523 [Socket Reader #1 for port 38077] INFO  ipc.Server (Server.java:run(1074)) - Starting Socket Reader #1 for port 38077
2019-10-03 08:41:03,525 [main] INFO  hdfs.DFSUtil (DFSUtil.java:httpServerTemplateForNNAndJN(1641)) - Starting Web-server for scm at: http://0.0.0.0:0
2019-10-03 08:41:03,529 [main] INFO  server.AuthenticationFilter (AuthenticationFilter.java:constructSecretProvider(240)) - Unable to initialize FileSignerSecretProvider, falling back to use random secrets.
2019-10-03 08:41:03,530 [main] WARN  http.HttpRequestLog (HttpRequestLog.java:getRequestLog(97)) - Jetty request log can only be enabled using Log4j
2019-10-03 08:41:03,533 [main] INFO  http.HttpServer2 (HttpServer2.java:addGlobalFilter(975)) - Added global filter 'safety' (class=org.apache.hadoop.http.HttpServer2$QuotingInputFilter)
2019-10-03 08:41:03,534 [main] INFO  http.HttpServer2 (HttpServer2.java:addFilter(948)) - Added filter static_user_filter (class=org.apache.hadoop.http.lib.StaticUserWebFilter$StaticUserFilter) to context scm
2019-10-03 08:41:03,535 [main] INFO  http.HttpServer2 (HttpServer2.java:addFilter(958)) - Added filter static_user_filter (class=org.apache.hadoop.http.lib.StaticUserWebFilter$StaticUserFilter) to context static
2019-10-03 08:41:03,535 [main] INFO  http.HttpServer2 (HttpServer2.java:addFilter(958)) - Added filter static_user_filter (class=org.apache.hadoop.http.lib.StaticUserWebFilter$StaticUserFilter) to context logs
2019-10-03 08:41:03,538 [main] INFO  server.StorageContainerManager (StorageContainerManager.java:start(770)) - StorageContainerLocationProtocol RPC server is listening at /0.0.0.0:38077
2019-10-03 08:41:03,541 [main] WARN  impl.MetricsConfig (MetricsConfig.java:loadFirst(134)) - Cannot locate configuration: tried hadoop-metrics2-storagecontainermanager.properties,hadoop-metrics2.properties
2019-10-03 08:41:03,542 [main] INFO  impl.MetricsSystemImpl (MetricsSystemImpl.java:startTimer(374)) - Scheduled Metric snapshot period at 10 second(s).
2019-10-03 08:41:03,542 [main] INFO  impl.MetricsSystemImpl (MetricsSystemImpl.java:start(191)) - StorageContainerManager metrics system started
2019-10-03 08:41:03,581 [main] WARN  impl.MetricsSystemImpl (MetricsSystemImpl.java:register(276)) - Sink prometheus already exists!
2019-10-03 08:41:03,586 [main] INFO  server.SCMClientProtocolServer (SCMClientProtocolServer.java:start(159)) - RPC server for Client  is listening at /0.0.0.0:38077
2019-10-03 08:41:03,587 [IPC Server Responder] INFO  ipc.Server (Server.java:run(1314)) - IPC Server Responder: starting
2019-10-03 08:41:03,587 [IPC Server listener on 38077] INFO  ipc.Server (Server.java:run(1153)) - IPC Server listener on 38077: starting
2019-10-03 08:41:03,592 [main] INFO  server.StorageContainerManager (StorageContainerManager.java:start(780)) - ScmBlockLocationProtocol RPC server is listening at /0.0.0.0:46587
2019-10-03 08:41:03,592 [main] INFO  server.SCMBlockProtocolServer (SCMBlockProtocolServer.java:start(146)) - RPC server for Block Protocol is listening at /0.0.0.0:46587
2019-10-03 08:41:03,593 [IPC Server Responder] INFO  ipc.Server (Server.java:run(1314)) - IPC Server Responder: starting
2019-10-03 08:41:03,593 [IPC Server listener on 46587] INFO  ipc.Server (Server.java:run(1153)) - IPC Server listener on 46587: starting
2019-10-03 08:41:03,596 [main] INFO  server.StorageContainerManager (StorageContainerManager.java:start(784)) - ScmDatanodeProtocl RPC server is listening at /0.0.0.0:38612
2019-10-03 08:41:03,596 [main] INFO  server.SCMDatanodeProtocolServer (SCMDatanodeProtocolServer.java:start(169)) - RPC server for DataNodes is listening at /0.0.0.0:38612
2019-10-03 08:41:03,597 [IPC Server Responder] INFO  ipc.Server (Server.java:run(1314)) - IPC Server Responder: starting
2019-10-03 08:41:03,597 [IPC Server listener on 38612] INFO  ipc.Server (Server.java:run(1153)) - IPC Server listener on 38612: starting
2019-10-03 08:41:03,601 [main] INFO  http.HttpServer2 (HttpServer2.java:bindListener(1191)) - Jetty bound to port 43708
2019-10-03 08:41:03,601 [main] INFO  server.Server (Server.java:doStart(351)) - jetty-9.3.25.v20180904, build timestamp: 2018-09-04T21:11:46Z, git hash: 3ce520221d0240229c862b122d2b06c12a625732
2019-10-03 08:41:03,603 [main] INFO  handler.ContextHandler (ContextHandler.java:doStart(781)) - Started o.e.j.s.ServletContextHandler@abbe000{/logs,file:///workdir/hadoop-ozone/integration-test/target/log,AVAILABLE}
2019-10-03 08:41:03,603 [main] INFO  handler.ContextHandler (ContextHandler.java:doStart(781)) - Started o.e.j.s.ServletContextHandler@5b9499fe{/static,file:///workdir/hadoop-ozone/integration-test/target/test-classes/webapps/static,AVAILABLE}
2019-10-03 08:41:03,608 [main] INFO  handler.ContextHandler (ContextHandler.java:doStart(781)) - Started o.e.j.w.WebAppContext@345d053b{/,file:///workdir/hadoop-ozone/integration-test/target/test-classes/webapps/scm/,AVAILABLE}{/scm}
2019-10-03 08:41:03,608 [main] INFO  server.AbstractConnector (AbstractConnector.java:doStart(278)) - Started ServerConnector@3d0cac1f{HTTP/1.1,[http/1.1]}{0.0.0.0:43708}
2019-10-03 08:41:03,609 [main] INFO  server.Server (Server.java:doStart(419)) - Started @49266ms
2019-10-03 08:41:03,609 [main] WARN  impl.MetricsSystemImpl (MetricsSystemImpl.java:register(276)) - Sink prometheus already exists!
2019-10-03 08:41:03,611 [main] INFO  server.BaseHttpServer (BaseHttpServer.java:updateConnectorAddress(215)) - HTTP server of SCM is listening at http://0.0.0.0:43708
2019-10-03 08:41:03,611 [main] WARN  server.ServerUtils (ServerUtils.java:getDBPath(222)) - ozone.om.db.dirs is not configured. We recommend adding this setting. Falling back to ozone.metadata.dirs instead.
2019-10-03 08:41:03,611 [org.apache.hadoop.util.JvmPauseMonitor$Monitor@d257579] INFO  util.JvmPauseMonitor (JvmPauseMonitor.java:run(188)) - Starting JVM pause monitor
2019-10-03 08:41:03,626 [main] INFO  ha.OMHANodeDetails (OMHANodeDetails.java:loadOMHAConfig(190)) - Configuration either no ozone.om.address set. Falling back to the default OM address /127.0.0.1:0
2019-10-03 08:41:03,626 [main] INFO  ha.OMHANodeDetails (OMHANodeDetails.java:getOMNodeDetails(220)) - OM Service ID is not set. Setting it to the default ID: omServiceIdDefault
2019-10-03 08:41:03,627 [main] WARN  server.ServerUtils (ServerUtils.java:getDBPath(222)) - ozone.om.db.dirs is not configured. We recommend adding this setting. Falling back to ozone.metadata.dirs instead.
2019-10-03 08:41:03,627 [main] WARN  server.ServerUtils (ServerUtils.java:getDBPath(222)) - ozone.om.db.dirs is not configured. We recommend adding this setting. Falling back to ozone.metadata.dirs instead.
2019-10-03 08:41:03,633 [main] WARN  server.ServerUtils (ServerUtils.java:getDBPath(222)) - ozone.om.db.dirs is not configured. We recommend adding this setting. Falling back to ozone.metadata.dirs instead.
2019-10-03 08:41:03,634 [main] INFO  db.DBStoreBuilder (DBStoreBuilder.java:addTable(110)) - using custom profile for table: userTable
2019-10-03 08:41:03,634 [main] INFO  db.DBStoreBuilder (DBStoreBuilder.java:processTables(161)) - Using default column profile:DBProfile.DISK for Table:userTable
2019-10-03 08:41:03,634 [main] INFO  db.DBStoreBuilder (DBStoreBuilder.java:addTable(110)) - using custom profile for table: volumeTable
2019-10-03 08:41:03,634 [main] INFO  db.DBStoreBuilder (DBStoreBuilder.java:processTables(161)) - Using default column profile:DBProfile.DISK for Table:volumeTable
2019-10-03 08:41:03,634 [main] INFO  db.DBStoreBuilder (DBStoreBuilder.java:addTable(110)) - using custom profile for table: bucketTable
2019-10-03 08:41:03,634 [main] INFO  db.DBStoreBuilder (DBStoreBuilder.java:processTables(161)) - Using default column profile:DBProfile.DISK for Table:bucketTable
2019-10-03 08:41:03,635 [main] INFO  db.DBStoreBuilder (DBStoreBuilder.java:addTable(110)) - using custom profile for table: keyTable
2019-10-03 08:41:03,635 [main] INFO  db.DBStoreBuilder (DBStoreBuilder.java:processTables(161)) - Using default column profile:DBProfile.DISK for Table:keyTable
2019-10-03 08:41:03,635 [main] INFO  db.DBStoreBuilder (DBStoreBuilder.java:addTable(110)) - using custom profile for table: deletedTable
2019-10-03 08:41:03,635 [main] INFO  db.DBStoreBuilder (DBStoreBuilder.java:processTables(161)) - Using default column profile:DBProfile.DISK for Table:deletedTable
2019-10-03 08:41:03,635 [main] INFO  db.DBStoreBuilder (DBStoreBuilder.java:addTable(110)) - using custom profile for table: openKeyTable
2019-10-03 08:41:03,636 [main] INFO  db.DBStoreBuilder (DBStoreBuilder.java:processTables(161)) - Using default column profile:DBProfile.DISK for Table:openKeyTable
2019-10-03 08:41:03,636 [main] INFO  db.DBStoreBuilder (DBStoreBuilder.java:addTable(110)) - using custom profile for table: s3Table
2019-10-03 08:41:03,636 [main] INFO  db.DBStoreBuilder (DBStoreBuilder.java:processTables(161)) - Using default column profile:DBProfile.DISK for Table:s3Table
2019-10-03 08:41:03,636 [main] INFO  db.DBStoreBuilder (DBStoreBuilder.java:addTable(110)) - using custom profile for table: multipartInfoTable
2019-10-03 08:41:03,636 [main] INFO  db.DBStoreBuilder (DBStoreBuilder.java:processTables(161)) - Using default column profile:DBProfile.DISK for Table:multipartInfoTable
2019-10-03 08:41:03,636 [main] INFO  db.DBStoreBuilder (DBStoreBuilder.java:addTable(110)) - using custom profile for table: dTokenTable
2019-10-03 08:41:03,637 [main] INFO  db.DBStoreBuilder (DBStoreBuilder.java:processTables(161)) - Using default column profile:DBProfile.DISK for Table:dTokenTable
2019-10-03 08:41:03,637 [main] INFO  db.DBStoreBuilder (DBStoreBuilder.java:addTable(110)) - using custom profile for table: s3SecretTable
2019-10-03 08:41:03,637 [main] INFO  db.DBStoreBuilder (DBStoreBuilder.java:processTables(161)) - Using default column profile:DBProfile.DISK for Table:s3SecretTable
2019-10-03 08:41:03,637 [main] INFO  db.DBStoreBuilder (DBStoreBuilder.java:addTable(110)) - using custom profile for table: prefixTable
2019-10-03 08:41:03,637 [main] INFO  db.DBStoreBuilder (DBStoreBuilder.java:processTables(161)) - Using default column profile:DBProfile.DISK for Table:prefixTable
2019-10-03 08:41:03,638 [main] INFO  db.DBStoreBuilder (DBStoreBuilder.java:addTable(110)) - using custom profile for table: default
2019-10-03 08:41:03,638 [main] INFO  db.DBStoreBuilder (DBStoreBuilder.java:processTables(167)) - Using default column profile:DBProfile.DISK for Table:default
2019-10-03 08:41:03,638 [main] INFO  db.DBStoreBuilder (DBStoreBuilder.java:getDbProfile(198)) - Using default options. DBProfile.DISK
2019-10-03 08:41:04,062 [main] INFO  ipc.CallQueueManager (CallQueueManager.java:<init>(84)) - Using callQueue: class java.util.concurrent.LinkedBlockingQueue, queueCapacity: 2000, scheduler: class org.apache.hadoop.ipc.DefaultRpcScheduler, ipcBackoff: false.
2019-10-03 08:41:04,064 [Socket Reader #1 for port 39918] INFO  ipc.Server (Server.java:run(1074)) - Starting Socket Reader #1 for port 39918
2019-10-03 08:41:04,085 [main] INFO  om.OzoneManager (OzoneManager.java:start(1069)) - OzoneManager RPC server is listening at localhost/127.0.0.1:39918
2019-10-03 08:41:04,086 [main] INFO  impl.MetricsSystemImpl (MetricsSystemImpl.java:init(158)) - OzoneManager metrics system started (again)
2019-10-03 08:41:04,087 [IPC Server Responder] INFO  ipc.Server (Server.java:run(1314)) - IPC Server Responder: starting
2019-10-03 08:41:04,087 [IPC Server listener on 39918] INFO  ipc.Server (Server.java:run(1153)) - IPC Server listener on 39918: starting
2019-10-03 08:41:04,092 [main] INFO  hdfs.DFSUtil (DFSUtil.java:httpServerTemplateForNNAndJN(1641)) - Starting Web-server for ozoneManager at: http://0.0.0.0:0
2019-10-03 08:41:04,094 [main] INFO  server.AuthenticationFilter (AuthenticationFilter.java:constructSecretProvider(240)) - Unable to initialize FileSignerSecretProvider, falling back to use random secrets.
2019-10-03 08:41:04,094 [main] WARN  http.HttpRequestLog (HttpRequestLog.java:getRequestLog(97)) - Jetty request log can only be enabled using Log4j
2019-10-03 08:41:04,096 [main] INFO  http.HttpServer2 (HttpServer2.java:addGlobalFilter(975)) - Added global filter 'safety' (class=org.apache.hadoop.http.HttpServer2$QuotingInputFilter)
2019-10-03 08:41:04,097 [main] INFO  http.HttpServer2 (HttpServer2.java:addFilter(948)) - Added filter static_user_filter (class=org.apache.hadoop.http.lib.StaticUserWebFilter$StaticUserFilter) to context ozoneManager
2019-10-03 08:41:04,097 [main] INFO  http.HttpServer2 (HttpServer2.java:addFilter(958)) - Added filter static_user_filter (class=org.apache.hadoop.http.lib.StaticUserWebFilter$StaticUserFilter) to context static
2019-10-03 08:41:04,098 [main] INFO  http.HttpServer2 (HttpServer2.java:addFilter(958)) - Added filter static_user_filter (class=org.apache.hadoop.http.lib.StaticUserWebFilter$StaticUserFilter) to context logs
2019-10-03 08:41:04,098 [main] INFO  http.HttpServer2 (HttpServer2.java:bindListener(1191)) - Jetty bound to port 37970
2019-10-03 08:41:04,099 [main] INFO  server.Server (Server.java:doStart(351)) - jetty-9.3.25.v20180904, build timestamp: 2018-09-04T21:11:46Z, git hash: 3ce520221d0240229c862b122d2b06c12a625732
2019-10-03 08:41:04,101 [main] INFO  handler.ContextHandler (ContextHandler.java:doStart(781)) - Started o.e.j.s.ServletContextHandler@479b5066{/logs,file:///workdir/hadoop-ozone/integration-test/target/log,AVAILABLE}
2019-10-03 08:41:04,101 [main] INFO  handler.ContextHandler (ContextHandler.java:doStart(781)) - Started o.e.j.s.ServletContextHandler@2b1cd7bc{/static,file:///workdir/hadoop-ozone/integration-test/target/test-classes/webapps/static,AVAILABLE}
2019-10-03 08:41:04,106 [main] INFO  handler.ContextHandler (ContextHandler.java:doStart(781)) - Started o.e.j.w.WebAppContext@65fe2691{/,file:///workdir/hadoop-ozone/integration-test/target/test-classes/webapps/ozoneManager/,AVAILABLE}{/ozoneManager}
2019-10-03 08:41:04,107 [main] INFO  server.AbstractConnector (AbstractConnector.java:doStart(278)) - Started ServerConnector@479111ba{HTTP/1.1,[http/1.1]}{0.0.0.0:37970}
2019-10-03 08:41:04,108 [main] INFO  server.Server (Server.java:doStart(419)) - Started @49764ms
2019-10-03 08:41:04,108 [main] WARN  impl.MetricsSystemImpl (MetricsSystemImpl.java:register(276)) - Sink prometheus already exists!
2019-10-03 08:41:04,109 [main] INFO  server.BaseHttpServer (BaseHttpServer.java:updateConnectorAddress(215)) - HTTP server of OZONEMANAGER is listening at http://0.0.0.0:37970
2019-10-03 08:41:04,140 [main] INFO  impl.MetricsSystemImpl (MetricsSystemImpl.java:init(158)) - HddsDatanode metrics system started (again)
2019-10-03 08:41:04,143 [main] INFO  ozone.HddsDatanodeService (HddsDatanodeService.java:start(184)) - HddsDatanodeService host:pr-hdds-2234-ztsc4-2614151736 ip:192.168.151.103
2019-10-03 08:41:04,149 [main] INFO  volume.HddsVolume (HddsVolume.java:<init>(176)) - Creating Volume: /workdir/hadoop-ozone/integration-test/target/test-dir/MiniOzoneClusterImpl-ff2e4020-2730-403c-aff1-c870d58b142c/datanode-0/data/containers/hdds of  storage type : DISK and capacity : 1482555576320
2019-10-03 08:41:04,149 [main] INFO  volume.VolumeSet (VolumeSet.java:initializeVolumeSet(170)) - Added Volume : /workdir/hadoop-ozone/integration-test/target/test-dir/MiniOzoneClusterImpl-ff2e4020-2730-403c-aff1-c870d58b142c/datanode-0/data/containers/hdds to VolumeSet
2019-10-03 08:41:04,149 [main] INFO  volume.ThrottledAsyncChecker (ThrottledAsyncChecker.java:schedule(139)) - Scheduling a check for org.apache.hadoop.ozone.container.common.volume.HddsVolume@32a2a6be
2019-10-03 08:41:04,151 [main] INFO  volume.HddsVolumeChecker (HddsVolumeChecker.java:checkAllVolumes(202)) - Scheduled health check for volume org.apache.hadoop.ozone.container.common.volume.HddsVolume@32a2a6be
2019-10-03 08:41:04,166 [main] INFO  impl.RaftServerProxy (ConfUtils.java:logGet(43)) - raft.rpc.type = GRPC (default)
2019-10-03 08:41:04,166 [main] INFO  grpc.GrpcFactory (GrpcFactory.java:checkPooledByteBufAllocatorUseCacheForAllThreads(45)) - PERFORMANCE WARNING: useCacheForAllThreads is true that may cause Netty to create a lot garbage objects and, as a result, trigger GC.
	It is recommended to disable useCacheForAllThreads by setting -Dorg.apache.ratis.thirdparty.io.netty.allocator.useCacheForAllThreads=false in command line.
2019-10-03 08:41:04,167 [main] INFO  grpc.GrpcConfigKeys$Server (ConfUtils.java:logGet(43)) - raft.grpc.server.port = 0 (default)
2019-10-03 08:41:04,167 [main] INFO  server.GrpcService (ConfUtils.java:logGet(43)) - raft.grpc.message.size.max = 33570816 (custom)
2019-10-03 08:41:04,167 [main] INFO  server.RaftServerConfigKeys (ConfUtils.java:logGet(43)) - raft.server.log.appender.buffer.byte-limit = 33554432 (custom)
2019-10-03 08:41:04,167 [main] INFO  server.GrpcService (ConfUtils.java:logGet(43)) - raft.grpc.flow.control.window = 1MB (=1048576) (default)
2019-10-03 08:41:04,168 [main] INFO  server.RaftServerConfigKeys (ConfUtils.java:logGet(43)) - raft.server.rpc.request.timeout = 3000ms (default)
2019-10-03 08:41:04,168 [main] INFO  server.RaftServerConfigKeys (ConfUtils.java:logGet(43)) - raft.server.storage.dir = [/workdir/hadoop-ozone/integration-test/target/test-dir/MiniOzoneClusterImpl-ff2e4020-2730-403c-aff1-c870d58b142c/datanode-0/data/ratis] (custom)
2019-10-03 08:41:04,170 [main] INFO  hdfs.DFSUtil (DFSUtil.java:httpServerTemplateForNNAndJN(1641)) - Starting Web-server for hddsDatanode at: http://0.0.0.0:0
2019-10-03 08:41:04,172 [main] INFO  server.AuthenticationFilter (AuthenticationFilter.java:constructSecretProvider(240)) - Unable to initialize FileSignerSecretProvider, falling back to use random secrets.
2019-10-03 08:41:04,172 [main] WARN  http.HttpRequestLog (HttpRequestLog.java:getRequestLog(97)) - Jetty request log can only be enabled using Log4j
2019-10-03 08:41:04,174 [main] INFO  http.HttpServer2 (HttpServer2.java:addGlobalFilter(975)) - Added global filter 'safety' (class=org.apache.hadoop.http.HttpServer2$QuotingInputFilter)
2019-10-03 08:41:04,174 [main] INFO  http.HttpServer2 (HttpServer2.java:addFilter(948)) - Added filter static_user_filter (class=org.apache.hadoop.http.lib.StaticUserWebFilter$StaticUserFilter) to context hddsDatanode
2019-10-03 08:41:04,175 [main] INFO  http.HttpServer2 (HttpServer2.java:addFilter(958)) - Added filter static_user_filter (class=org.apache.hadoop.http.lib.StaticUserWebFilter$StaticUserFilter) to context static
2019-10-03 08:41:04,175 [main] INFO  http.HttpServer2 (HttpServer2.java:addFilter(958)) - Added filter static_user_filter (class=org.apache.hadoop.http.lib.StaticUserWebFilter$StaticUserFilter) to context logs
2019-10-03 08:41:04,175 [main] INFO  http.HttpServer2 (HttpServer2.java:bindListener(1191)) - Jetty bound to port 33366
2019-10-03 08:41:04,176 [main] INFO  server.Server (Server.java:doStart(351)) - jetty-9.3.25.v20180904, build timestamp: 2018-09-04T21:11:46Z, git hash: 3ce520221d0240229c862b122d2b06c12a625732
2019-10-03 08:41:04,177 [main] INFO  handler.ContextHandler (ContextHandler.java:doStart(781)) - Started o.e.j.s.ServletContextHandler@2bfaba70{/logs,file:///workdir/hadoop-ozone/integration-test/target/log,AVAILABLE}
2019-10-03 08:41:04,178 [main] INFO  handler.ContextHandler (ContextHandler.java:doStart(781)) - Started o.e.j.s.ServletContextHandler@9301672{/static,jar:file:/home/user/.m2/repository/org/apache/hadoop/hadoop-hdds-container-service/0.5.0-SNAPSHOT/hadoop-hdds-container-service-0.5.0-SNAPSHOT.jar!/webapps/static,AVAILABLE}
2019-10-03 08:41:04,209 [main] INFO  handler.ContextHandler (ContextHandler.java:doStart(781)) - Started o.e.j.w.WebAppContext@7ddd84b5{/,file:///tmp/jetty-0.0.0.0-33366-hddsDatanode-_-any-7510969642459360880.dir/webapp/,AVAILABLE}{/hddsDatanode}
2019-10-03 08:41:04,209 [main] INFO  server.AbstractConnector (AbstractConnector.java:doStart(278)) - Started ServerConnector@73aeef7d{HTTP/1.1,[http/1.1]}{0.0.0.0:33366}
2019-10-03 08:41:04,210 [main] INFO  server.Server (Server.java:doStart(419)) - Started @49867ms
2019-10-03 08:41:04,210 [main] WARN  impl.MetricsSystemImpl (MetricsSystemImpl.java:register(276)) - Sink prometheus already exists!
2019-10-03 08:41:04,211 [main] INFO  server.BaseHttpServer (BaseHttpServer.java:updateConnectorAddress(215)) - HTTP server of HDDSDATANODE is listening at http://0.0.0.0:33366
2019-10-03 08:41:04,211 [main] INFO  impl.MetricsSystemImpl (MetricsSystemImpl.java:init(158)) - HddsDatanode metrics system started (again)
2019-10-03 08:41:04,215 [org.apache.hadoop.util.JvmPauseMonitor$Monitor@26cb1d57] INFO  util.JvmPauseMonitor (JvmPauseMonitor.java:run(188)) - Starting JVM pause monitor
2019-10-03 08:41:04,215 [main] INFO  ozone.HddsDatanodeService (HddsDatanodeService.java:start(184)) - HddsDatanodeService host:pr-hdds-2234-ztsc4-2614151736 ip:192.168.151.103
2019-10-03 08:41:04,217 [Datanode State Machine Thread - 0] INFO  datanode.InitDatanodeState (InitDatanodeState.java:persistContainerDatanodeDetails(140)) - DatanodeDetails is persisted to /workdir/hadoop-ozone/integration-test/target/test-dir/MiniOzoneClusterImpl-ff2e4020-2730-403c-aff1-c870d58b142c/datanode-0/meta/datanode.id
2019-10-03 08:41:04,220 [main] INFO  volume.HddsVolume (HddsVolume.java:<init>(176)) - Creating Volume: /workdir/hadoop-ozone/integration-test/target/test-dir/MiniOzoneClusterImpl-ff2e4020-2730-403c-aff1-c870d58b142c/datanode-1/data/containers/hdds of  storage type : DISK and capacity : 1482555576320
2019-10-03 08:41:04,221 [main] INFO  volume.VolumeSet (VolumeSet.java:initializeVolumeSet(170)) - Added Volume : /workdir/hadoop-ozone/integration-test/target/test-dir/MiniOzoneClusterImpl-ff2e4020-2730-403c-aff1-c870d58b142c/datanode-1/data/containers/hdds to VolumeSet
2019-10-03 08:41:04,221 [main] INFO  volume.ThrottledAsyncChecker (ThrottledAsyncChecker.java:schedule(139)) - Scheduling a check for org.apache.hadoop.ozone.container.common.volume.HddsVolume@1fbf088b
2019-10-03 08:41:04,221 [main] INFO  volume.HddsVolumeChecker (HddsVolumeChecker.java:checkAllVolumes(202)) - Scheduled health check for volume org.apache.hadoop.ozone.container.common.volume.HddsVolume@1fbf088b
2019-10-03 08:41:04,234 [main] INFO  impl.RaftServerProxy (ConfUtils.java:logGet(43)) - raft.rpc.type = GRPC (default)
2019-10-03 08:41:04,234 [main] INFO  grpc.GrpcFactory (GrpcFactory.java:checkPooledByteBufAllocatorUseCacheForAllThreads(45)) - PERFORMANCE WARNING: useCacheForAllThreads is true that may cause Netty to create a lot garbage objects and, as a result, trigger GC.
	It is recommended to disable useCacheForAllThreads by setting -Dorg.apache.ratis.thirdparty.io.netty.allocator.useCacheForAllThreads=false in command line.
2019-10-03 08:41:04,234 [main] INFO  grpc.GrpcConfigKeys$Server (ConfUtils.java:logGet(43)) - raft.grpc.server.port = 0 (default)
2019-10-03 08:41:04,235 [main] INFO  server.GrpcService (ConfUtils.java:logGet(43)) - raft.grpc.message.size.max = 33570816 (custom)
2019-10-03 08:41:04,235 [main] INFO  server.RaftServerConfigKeys (ConfUtils.java:logGet(43)) - raft.server.log.appender.buffer.byte-limit = 33554432 (custom)
2019-10-03 08:41:04,235 [main] INFO  server.GrpcService (ConfUtils.java:logGet(43)) - raft.grpc.flow.control.window = 1MB (=1048576) (default)
2019-10-03 08:41:04,235 [main] INFO  server.RaftServerConfigKeys (ConfUtils.java:logGet(43)) - raft.server.rpc.request.timeout = 3000ms (default)
2019-10-03 08:41:04,236 [main] INFO  server.RaftServerConfigKeys (ConfUtils.java:logGet(43)) - raft.server.storage.dir = [/workdir/hadoop-ozone/integration-test/target/test-dir/MiniOzoneClusterImpl-ff2e4020-2730-403c-aff1-c870d58b142c/datanode-1/data/ratis] (custom)
2019-10-03 08:41:04,237 [main] INFO  hdfs.DFSUtil (DFSUtil.java:httpServerTemplateForNNAndJN(1641)) - Starting Web-server for hddsDatanode at: http://0.0.0.0:0
2019-10-03 08:41:04,238 [main] INFO  server.AuthenticationFilter (AuthenticationFilter.java:constructSecretProvider(240)) - Unable to initialize FileSignerSecretProvider, falling back to use random secrets.
2019-10-03 08:41:04,238 [main] WARN  http.HttpRequestLog (HttpRequestLog.java:getRequestLog(97)) - Jetty request log can only be enabled using Log4j
2019-10-03 08:41:04,240 [main] INFO  http.HttpServer2 (HttpServer2.java:addGlobalFilter(975)) - Added global filter 'safety' (class=org.apache.hadoop.http.HttpServer2$QuotingInputFilter)
2019-10-03 08:41:04,240 [main] INFO  http.HttpServer2 (HttpServer2.java:addFilter(948)) - Added filter static_user_filter (class=org.apache.hadoop.http.lib.StaticUserWebFilter$StaticUserFilter) to context hddsDatanode
2019-10-03 08:41:04,240 [main] INFO  http.HttpServer2 (HttpServer2.java:addFilter(958)) - Added filter static_user_filter (class=org.apache.hadoop.http.lib.StaticUserWebFilter$StaticUserFilter) to context static
2019-10-03 08:41:04,240 [main] INFO  http.HttpServer2 (HttpServer2.java:addFilter(958)) - Added filter static_user_filter (class=org.apache.hadoop.http.lib.StaticUserWebFilter$StaticUserFilter) to context logs
2019-10-03 08:41:04,241 [main] INFO  http.HttpServer2 (HttpServer2.java:bindListener(1191)) - Jetty bound to port 34747
2019-10-03 08:41:04,241 [main] INFO  server.Server (Server.java:doStart(351)) - jetty-9.3.25.v20180904, build timestamp: 2018-09-04T21:11:46Z, git hash: 3ce520221d0240229c862b122d2b06c12a625732
2019-10-03 08:41:04,243 [main] INFO  handler.ContextHandler (ContextHandler.java:doStart(781)) - Started o.e.j.s.ServletContextHandler@2db1b657{/logs,file:///workdir/hadoop-ozone/integration-test/target/log,AVAILABLE}
2019-10-03 08:41:04,243 [main] INFO  handler.ContextHandler (ContextHandler.java:doStart(781)) - Started o.e.j.s.ServletContextHandler@43c57161{/static,jar:file:/home/user/.m2/repository/org/apache/hadoop/hadoop-hdds-container-service/0.5.0-SNAPSHOT/hadoop-hdds-container-service-0.5.0-SNAPSHOT.jar!/webapps/static,AVAILABLE}
2019-10-03 08:41:04,272 [main] INFO  handler.ContextHandler (ContextHandler.java:doStart(781)) - Started o.e.j.w.WebAppContext@14c93774{/,file:///tmp/jetty-0.0.0.0-34747-hddsDatanode-_-any-1288253301767984547.dir/webapp/,AVAILABLE}{/hddsDatanode}
2019-10-03 08:41:04,272 [main] INFO  server.AbstractConnector (AbstractConnector.java:doStart(278)) - Started ServerConnector@62a68bcb{HTTP/1.1,[http/1.1]}{0.0.0.0:34747}
2019-10-03 08:41:04,273 [main] INFO  server.Server (Server.java:doStart(419)) - Started @49930ms
2019-10-03 08:41:04,274 [main] WARN  impl.MetricsSystemImpl (MetricsSystemImpl.java:register(276)) - Sink prometheus already exists!
2019-10-03 08:41:04,274 [main] INFO  server.BaseHttpServer (BaseHttpServer.java:updateConnectorAddress(215)) - HTTP server of HDDSDATANODE is listening at http://0.0.0.0:34747
2019-10-03 08:41:04,275 [main] INFO  impl.MetricsSystemImpl (MetricsSystemImpl.java:init(158)) - HddsDatanode metrics system started (again)
2019-10-03 08:41:04,278 [main] INFO  ozone.HddsDatanodeService (HddsDatanodeService.java:start(184)) - HddsDatanodeService host:pr-hdds-2234-ztsc4-2614151736 ip:192.168.151.103
2019-10-03 08:41:04,279 [org.apache.hadoop.util.JvmPauseMonitor$Monitor@2d7b25e9] INFO  util.JvmPauseMonitor (JvmPauseMonitor.java:run(188)) - Starting JVM pause monitor
2019-10-03 08:41:04,282 [Datanode State Machine Thread - 0] INFO  datanode.InitDatanodeState (InitDatanodeState.java:persistContainerDatanodeDetails(140)) - DatanodeDetails is persisted to /workdir/hadoop-ozone/integration-test/target/test-dir/MiniOzoneClusterImpl-ff2e4020-2730-403c-aff1-c870d58b142c/datanode-1/meta/datanode.id
2019-10-03 08:41:04,284 [main] INFO  volume.HddsVolume (HddsVolume.java:<init>(176)) - Creating Volume: /workdir/hadoop-ozone/integration-test/target/test-dir/MiniOzoneClusterImpl-ff2e4020-2730-403c-aff1-c870d58b142c/datanode-2/data/containers/hdds of  storage type : DISK and capacity : 1482555576320
2019-10-03 08:41:04,285 [main] INFO  volume.VolumeSet (VolumeSet.java:initializeVolumeSet(170)) - Added Volume : /workdir/hadoop-ozone/integration-test/target/test-dir/MiniOzoneClusterImpl-ff2e4020-2730-403c-aff1-c870d58b142c/datanode-2/data/containers/hdds to VolumeSet
2019-10-03 08:41:04,285 [main] INFO  volume.ThrottledAsyncChecker (ThrottledAsyncChecker.java:schedule(139)) - Scheduling a check for org.apache.hadoop.ozone.container.common.volume.HddsVolume@1665fa54
2019-10-03 08:41:04,285 [main] INFO  volume.HddsVolumeChecker (HddsVolumeChecker.java:checkAllVolumes(202)) - Scheduled health check for volume org.apache.hadoop.ozone.container.common.volume.HddsVolume@1665fa54
2019-10-03 08:41:04,304 [main] INFO  impl.RaftServerProxy (ConfUtils.java:logGet(43)) - raft.rpc.type = GRPC (default)
2019-10-03 08:41:04,304 [main] INFO  grpc.GrpcFactory (GrpcFactory.java:checkPooledByteBufAllocatorUseCacheForAllThreads(45)) - PERFORMANCE WARNING: useCacheForAllThreads is true that may cause Netty to create a lot garbage objects and, as a result, trigger GC.
	It is recommended to disable useCacheForAllThreads by setting -Dorg.apache.ratis.thirdparty.io.netty.allocator.useCacheForAllThreads=false in command line.
2019-10-03 08:41:04,304 [main] INFO  grpc.GrpcConfigKeys$Server (ConfUtils.java:logGet(43)) - raft.grpc.server.port = 0 (default)
2019-10-03 08:41:04,305 [main] INFO  server.GrpcService (ConfUtils.java:logGet(43)) - raft.grpc.message.size.max = 33570816 (custom)
2019-10-03 08:41:04,305 [main] INFO  server.RaftServerConfigKeys (ConfUtils.java:logGet(43)) - raft.server.log.appender.buffer.byte-limit = 33554432 (custom)
2019-10-03 08:41:04,305 [main] INFO  server.GrpcService (ConfUtils.java:logGet(43)) - raft.grpc.flow.control.window = 1MB (=1048576) (default)
2019-10-03 08:41:04,305 [main] INFO  server.RaftServerConfigKeys (ConfUtils.java:logGet(43)) - raft.server.rpc.request.timeout = 3000ms (default)
2019-10-03 08:41:04,305 [main] INFO  server.RaftServerConfigKeys (ConfUtils.java:logGet(43)) - raft.server.storage.dir = [/workdir/hadoop-ozone/integration-test/target/test-dir/MiniOzoneClusterImpl-ff2e4020-2730-403c-aff1-c870d58b142c/datanode-2/data/ratis] (custom)
2019-10-03 08:41:04,307 [main] INFO  hdfs.DFSUtil (DFSUtil.java:httpServerTemplateForNNAndJN(1641)) - Starting Web-server for hddsDatanode at: http://0.0.0.0:0
2019-10-03 08:41:04,308 [main] INFO  server.AuthenticationFilter (AuthenticationFilter.java:constructSecretProvider(240)) - Unable to initialize FileSignerSecretProvider, falling back to use random secrets.
2019-10-03 08:41:04,308 [main] WARN  http.HttpRequestLog (HttpRequestLog.java:getRequestLog(97)) - Jetty request log can only be enabled using Log4j
2019-10-03 08:41:04,309 [main] INFO  http.HttpServer2 (HttpServer2.java:addGlobalFilter(975)) - Added global filter 'safety' (class=org.apache.hadoop.http.HttpServer2$QuotingInputFilter)
2019-10-03 08:41:04,311 [main] INFO  http.HttpServer2 (HttpServer2.java:addFilter(948)) - Added filter static_user_filter (class=org.apache.hadoop.http.lib.StaticUserWebFilter$StaticUserFilter) to context hddsDatanode
2019-10-03 08:41:04,311 [main] INFO  http.HttpServer2 (HttpServer2.java:addFilter(958)) - Added filter static_user_filter (class=org.apache.hadoop.http.lib.StaticUserWebFilter$StaticUserFilter) to context logs
2019-10-03 08:41:04,311 [main] INFO  http.HttpServer2 (HttpServer2.java:addFilter(958)) - Added filter static_user_filter (class=org.apache.hadoop.http.lib.StaticUserWebFilter$StaticUserFilter) to context static
2019-10-03 08:41:04,312 [main] INFO  http.HttpServer2 (HttpServer2.java:bindListener(1191)) - Jetty bound to port 34674
2019-10-03 08:41:04,312 [main] INFO  server.Server (Server.java:doStart(351)) - jetty-9.3.25.v20180904, build timestamp: 2018-09-04T21:11:46Z, git hash: 3ce520221d0240229c862b122d2b06c12a625732
2019-10-03 08:41:04,314 [main] INFO  handler.ContextHandler (ContextHandler.java:doStart(781)) - Started o.e.j.s.ServletContextHandler@2f10f633{/logs,file:///workdir/hadoop-ozone/integration-test/target/log,AVAILABLE}
2019-10-03 08:41:04,314 [main] INFO  handler.ContextHandler (ContextHandler.java:doStart(781)) - Started o.e.j.s.ServletContextHandler@3440e9cd{/static,jar:file:/home/user/.m2/repository/org/apache/hadoop/hadoop-hdds-container-service/0.5.0-SNAPSHOT/hadoop-hdds-container-service-0.5.0-SNAPSHOT.jar!/webapps/static,AVAILABLE}
2019-10-03 08:41:04,342 [main] INFO  handler.ContextHandler (ContextHandler.java:doStart(781)) - Started o.e.j.w.WebAppContext@4bdf{/,file:///tmp/jetty-0.0.0.0-34674-hddsDatanode-_-any-1635570476991441537.dir/webapp/,AVAILABLE}{/hddsDatanode}
2019-10-03 08:41:04,343 [main] INFO  server.AbstractConnector (AbstractConnector.java:doStart(278)) - Started ServerConnector@4cad79bc{HTTP/1.1,[http/1.1]}{0.0.0.0:34674}
2019-10-03 08:41:04,344 [main] INFO  server.Server (Server.java:doStart(419)) - Started @50001ms
2019-10-03 08:41:04,344 [main] WARN  impl.MetricsSystemImpl (MetricsSystemImpl.java:register(276)) - Sink prometheus already exists!
2019-10-03 08:41:04,345 [main] INFO  server.BaseHttpServer (BaseHttpServer.java:updateConnectorAddress(215)) - HTTP server of HDDSDATANODE is listening at http://0.0.0.0:34674
2019-10-03 08:41:04,345 [main] INFO  impl.MetricsSystemImpl (MetricsSystemImpl.java:init(158)) - HddsDatanode metrics system started (again)
2019-10-03 08:41:04,349 [org.apache.hadoop.util.JvmPauseMonitor$Monitor@132ca249] INFO  util.JvmPauseMonitor (JvmPauseMonitor.java:run(188)) - Starting JVM pause monitor
2019-10-03 08:41:04,349 [main] INFO  ozone.HddsDatanodeService (HddsDatanodeService.java:start(184)) - HddsDatanodeService host:pr-hdds-2234-ztsc4-2614151736 ip:192.168.151.103
2019-10-03 08:41:04,350 [Datanode State Machine Thread - 0] INFO  datanode.InitDatanodeState (InitDatanodeState.java:persistContainerDatanodeDetails(140)) - DatanodeDetails is persisted to /workdir/hadoop-ozone/integration-test/target/test-dir/MiniOzoneClusterImpl-ff2e4020-2730-403c-aff1-c870d58b142c/datanode-2/meta/datanode.id
2019-10-03 08:41:04,355 [main] INFO  volume.HddsVolume (HddsVolume.java:<init>(176)) - Creating Volume: /workdir/hadoop-ozone/integration-test/target/test-dir/MiniOzoneClusterImpl-ff2e4020-2730-403c-aff1-c870d58b142c/datanode-3/data/containers/hdds of  storage type : DISK and capacity : 1482555576320
2019-10-03 08:41:04,355 [main] INFO  volume.VolumeSet (VolumeSet.java:initializeVolumeSet(170)) - Added Volume : /workdir/hadoop-ozone/integration-test/target/test-dir/MiniOzoneClusterImpl-ff2e4020-2730-403c-aff1-c870d58b142c/datanode-3/data/containers/hdds to VolumeSet
2019-10-03 08:41:04,355 [main] INFO  volume.ThrottledAsyncChecker (ThrottledAsyncChecker.java:schedule(139)) - Scheduling a check for org.apache.hadoop.ozone.container.common.volume.HddsVolume@69d3cf7e
2019-10-03 08:41:04,356 [main] INFO  volume.HddsVolumeChecker (HddsVolumeChecker.java:checkAllVolumes(202)) - Scheduled health check for volume org.apache.hadoop.ozone.container.common.volume.HddsVolume@69d3cf7e
2019-10-03 08:41:04,369 [main] INFO  impl.RaftServerProxy (ConfUtils.java:logGet(43)) - raft.rpc.type = GRPC (default)
2019-10-03 08:41:04,369 [main] INFO  grpc.GrpcFactory (GrpcFactory.java:checkPooledByteBufAllocatorUseCacheForAllThreads(45)) - PERFORMANCE WARNING: useCacheForAllThreads is true that may cause Netty to create a lot garbage objects and, as a result, trigger GC.
	It is recommended to disable useCacheForAllThreads by setting -Dorg.apache.ratis.thirdparty.io.netty.allocator.useCacheForAllThreads=false in command line.
2019-10-03 08:41:04,369 [main] INFO  grpc.GrpcConfigKeys$Server (ConfUtils.java:logGet(43)) - raft.grpc.server.port = 0 (default)
2019-10-03 08:41:04,369 [main] INFO  server.GrpcService (ConfUtils.java:logGet(43)) - raft.grpc.message.size.max = 33570816 (custom)
2019-10-03 08:41:04,369 [main] INFO  server.RaftServerConfigKeys (ConfUtils.java:logGet(43)) - raft.server.log.appender.buffer.byte-limit = 33554432 (custom)
2019-10-03 08:41:04,370 [main] INFO  server.GrpcService (ConfUtils.java:logGet(43)) - raft.grpc.flow.control.window = 1MB (=1048576) (default)
2019-10-03 08:41:04,370 [main] INFO  server.RaftServerConfigKeys (ConfUtils.java:logGet(43)) - raft.server.rpc.request.timeout = 3000ms (default)
2019-10-03 08:41:04,370 [main] INFO  server.RaftServerConfigKeys (ConfUtils.java:logGet(43)) - raft.server.storage.dir = [/workdir/hadoop-ozone/integration-test/target/test-dir/MiniOzoneClusterImpl-ff2e4020-2730-403c-aff1-c870d58b142c/datanode-3/data/ratis] (custom)
2019-10-03 08:41:04,371 [main] INFO  hdfs.DFSUtil (DFSUtil.java:httpServerTemplateForNNAndJN(1641)) - Starting Web-server for hddsDatanode at: http://0.0.0.0:0
2019-10-03 08:41:04,373 [main] INFO  server.AuthenticationFilter (AuthenticationFilter.java:constructSecretProvider(240)) - Unable to initialize FileSignerSecretProvider, falling back to use random secrets.
2019-10-03 08:41:04,373 [main] WARN  http.HttpRequestLog (HttpRequestLog.java:getRequestLog(97)) - Jetty request log can only be enabled using Log4j
2019-10-03 08:41:04,374 [main] INFO  http.HttpServer2 (HttpServer2.java:addGlobalFilter(975)) - Added global filter 'safety' (class=org.apache.hadoop.http.HttpServer2$QuotingInputFilter)
2019-10-03 08:41:04,375 [main] INFO  http.HttpServer2 (HttpServer2.java:addFilter(948)) - Added filter static_user_filter (class=org.apache.hadoop.http.lib.StaticUserWebFilter$StaticUserFilter) to context hddsDatanode
2019-10-03 08:41:04,375 [main] INFO  http.HttpServer2 (HttpServer2.java:addFilter(958)) - Added filter static_user_filter (class=org.apache.hadoop.http.lib.StaticUserWebFilter$StaticUserFilter) to context static
2019-10-03 08:41:04,375 [main] INFO  http.HttpServer2 (HttpServer2.java:addFilter(958)) - Added filter static_user_filter (class=org.apache.hadoop.http.lib.StaticUserWebFilter$StaticUserFilter) to context logs
2019-10-03 08:41:04,376 [main] INFO  http.HttpServer2 (HttpServer2.java:bindListener(1191)) - Jetty bound to port 42612
2019-10-03 08:41:04,376 [main] INFO  server.Server (Server.java:doStart(351)) - jetty-9.3.25.v20180904, build timestamp: 2018-09-04T21:11:46Z, git hash: 3ce520221d0240229c862b122d2b06c12a625732
2019-10-03 08:41:04,377 [main] INFO  handler.ContextHandler (ContextHandler.java:doStart(781)) - Started o.e.j.s.ServletContextHandler@68dd39d2{/logs,file:///workdir/hadoop-ozone/integration-test/target/log,AVAILABLE}
2019-10-03 08:41:04,378 [main] INFO  handler.ContextHandler (ContextHandler.java:doStart(781)) - Started o.e.j.s.ServletContextHandler@60e3c26e{/static,jar:file:/home/user/.m2/repository/org/apache/hadoop/hadoop-hdds-container-service/0.5.0-SNAPSHOT/hadoop-hdds-container-service-0.5.0-SNAPSHOT.jar!/webapps/static,AVAILABLE}
2019-10-03 08:41:04,406 [main] INFO  handler.ContextHandler (ContextHandler.java:doStart(781)) - Started o.e.j.w.WebAppContext@e95595b{/,file:///tmp/jetty-0.0.0.0-42612-hddsDatanode-_-any-928885567246611303.dir/webapp/,AVAILABLE}{/hddsDatanode}
2019-10-03 08:41:04,407 [main] INFO  server.AbstractConnector (AbstractConnector.java:doStart(278)) - Started ServerConnector@5a917723{HTTP/1.1,[http/1.1]}{0.0.0.0:42612}
2019-10-03 08:41:04,408 [main] INFO  server.Server (Server.java:doStart(419)) - Started @50065ms
2019-10-03 08:41:04,409 [main] WARN  impl.MetricsSystemImpl (MetricsSystemImpl.java:register(276)) - Sink prometheus already exists!
2019-10-03 08:41:04,409 [main] INFO  server.BaseHttpServer (BaseHttpServer.java:updateConnectorAddress(215)) - HTTP server of HDDSDATANODE is listening at http://0.0.0.0:42612
2019-10-03 08:41:04,410 [main] INFO  impl.MetricsSystemImpl (MetricsSystemImpl.java:init(158)) - HddsDatanode metrics system started (again)
2019-10-03 08:41:04,415 [org.apache.hadoop.util.JvmPauseMonitor$Monitor@7c83e7a6] INFO  util.JvmPauseMonitor (JvmPauseMonitor.java:run(188)) - Starting JVM pause monitor
2019-10-03 08:41:04,415 [main] INFO  ozone.HddsDatanodeService (HddsDatanodeService.java:start(184)) - HddsDatanodeService host:pr-hdds-2234-ztsc4-2614151736 ip:192.168.151.103
2019-10-03 08:41:04,416 [Datanode State Machine Thread - 0] INFO  datanode.InitDatanodeState (InitDatanodeState.java:persistContainerDatanodeDetails(140)) - DatanodeDetails is persisted to /workdir/hadoop-ozone/integration-test/target/test-dir/MiniOzoneClusterImpl-ff2e4020-2730-403c-aff1-c870d58b142c/datanode-3/meta/datanode.id
2019-10-03 08:41:04,422 [main] INFO  volume.HddsVolume (HddsVolume.java:<init>(176)) - Creating Volume: /workdir/hadoop-ozone/integration-test/target/test-dir/MiniOzoneClusterImpl-ff2e4020-2730-403c-aff1-c870d58b142c/datanode-4/data/containers/hdds of  storage type : DISK and capacity : 1482555576320
2019-10-03 08:41:04,422 [main] INFO  volume.VolumeSet (VolumeSet.java:initializeVolumeSet(170)) - Added Volume : /workdir/hadoop-ozone/integration-test/target/test-dir/MiniOzoneClusterImpl-ff2e4020-2730-403c-aff1-c870d58b142c/datanode-4/data/containers/hdds to VolumeSet
2019-10-03 08:41:04,422 [main] INFO  volume.ThrottledAsyncChecker (ThrottledAsyncChecker.java:schedule(139)) - Scheduling a check for org.apache.hadoop.ozone.container.common.volume.HddsVolume@1c067c0d
2019-10-03 08:41:04,423 [main] INFO  volume.HddsVolumeChecker (HddsVolumeChecker.java:checkAllVolumes(202)) - Scheduled health check for volume org.apache.hadoop.ozone.container.common.volume.HddsVolume@1c067c0d
2019-10-03 08:41:04,436 [main] INFO  impl.RaftServerProxy (ConfUtils.java:logGet(43)) - raft.rpc.type = GRPC (default)
2019-10-03 08:41:04,436 [main] INFO  grpc.GrpcFactory (GrpcFactory.java:checkPooledByteBufAllocatorUseCacheForAllThreads(45)) - PERFORMANCE WARNING: useCacheForAllThreads is true that may cause Netty to create a lot garbage objects and, as a result, trigger GC.
	It is recommended to disable useCacheForAllThreads by setting -Dorg.apache.ratis.thirdparty.io.netty.allocator.useCacheForAllThreads=false in command line.
2019-10-03 08:41:04,436 [main] INFO  grpc.GrpcConfigKeys$Server (ConfUtils.java:logGet(43)) - raft.grpc.server.port = 0 (default)
2019-10-03 08:41:04,436 [main] INFO  server.GrpcService (ConfUtils.java:logGet(43)) - raft.grpc.message.size.max = 33570816 (custom)
2019-10-03 08:41:04,436 [main] INFO  server.RaftServerConfigKeys (ConfUtils.java:logGet(43)) - raft.server.log.appender.buffer.byte-limit = 33554432 (custom)
2019-10-03 08:41:04,437 [main] INFO  server.GrpcService (ConfUtils.java:logGet(43)) - raft.grpc.flow.control.window = 1MB (=1048576) (default)
2019-10-03 08:41:04,437 [main] INFO  server.RaftServerConfigKeys (ConfUtils.java:logGet(43)) - raft.server.rpc.request.timeout = 3000ms (default)
2019-10-03 08:41:04,437 [main] INFO  server.RaftServerConfigKeys (ConfUtils.java:logGet(43)) - raft.server.storage.dir = [/workdir/hadoop-ozone/integration-test/target/test-dir/MiniOzoneClusterImpl-ff2e4020-2730-403c-aff1-c870d58b142c/datanode-4/data/ratis] (custom)
2019-10-03 08:41:04,438 [main] INFO  hdfs.DFSUtil (DFSUtil.java:httpServerTemplateForNNAndJN(1641)) - Starting Web-server for hddsDatanode at: http://0.0.0.0:0
2019-10-03 08:41:04,440 [main] INFO  server.AuthenticationFilter (AuthenticationFilter.java:constructSecretProvider(240)) - Unable to initialize FileSignerSecretProvider, falling back to use random secrets.
2019-10-03 08:41:04,440 [main] WARN  http.HttpRequestLog (HttpRequestLog.java:getRequestLog(97)) - Jetty request log can only be enabled using Log4j
2019-10-03 08:41:04,441 [main] INFO  http.HttpServer2 (HttpServer2.java:addGlobalFilter(975)) - Added global filter 'safety' (class=org.apache.hadoop.http.HttpServer2$QuotingInputFilter)
2019-10-03 08:41:04,442 [main] INFO  http.HttpServer2 (HttpServer2.java:addFilter(948)) - Added filter static_user_filter (class=org.apache.hadoop.http.lib.StaticUserWebFilter$StaticUserFilter) to context hddsDatanode
2019-10-03 08:41:04,442 [main] INFO  http.HttpServer2 (HttpServer2.java:addFilter(958)) - Added filter static_user_filter (class=org.apache.hadoop.http.lib.StaticUserWebFilter$StaticUserFilter) to context static
2019-10-03 08:41:04,442 [main] INFO  http.HttpServer2 (HttpServer2.java:addFilter(958)) - Added filter static_user_filter (class=org.apache.hadoop.http.lib.StaticUserWebFilter$StaticUserFilter) to context logs
2019-10-03 08:41:04,443 [main] INFO  http.HttpServer2 (HttpServer2.java:bindListener(1191)) - Jetty bound to port 40413
2019-10-03 08:41:04,443 [main] INFO  server.Server (Server.java:doStart(351)) - jetty-9.3.25.v20180904, build timestamp: 2018-09-04T21:11:46Z, git hash: 3ce520221d0240229c862b122d2b06c12a625732
2019-10-03 08:41:04,445 [main] INFO  handler.ContextHandler (ContextHandler.java:doStart(781)) - Started o.e.j.s.ServletContextHandler@3ddb774f{/logs,file:///workdir/hadoop-ozone/integration-test/target/log,AVAILABLE}
2019-10-03 08:41:04,446 [main] INFO  handler.ContextHandler (ContextHandler.java:doStart(781)) - Started o.e.j.s.ServletContextHandler@70721c12{/static,jar:file:/home/user/.m2/repository/org/apache/hadoop/hadoop-hdds-container-service/0.5.0-SNAPSHOT/hadoop-hdds-container-service-0.5.0-SNAPSHOT.jar!/webapps/static,AVAILABLE}
2019-10-03 08:41:04,475 [main] INFO  handler.ContextHandler (ContextHandler.java:doStart(781)) - Started o.e.j.w.WebAppContext@32bb0072{/,file:///tmp/jetty-0.0.0.0-40413-hddsDatanode-_-any-2230757248572054836.dir/webapp/,AVAILABLE}{/hddsDatanode}
2019-10-03 08:41:04,476 [main] INFO  server.AbstractConnector (AbstractConnector.java:doStart(278)) - Started ServerConnector@467233e4{HTTP/1.1,[http/1.1]}{0.0.0.0:40413}
2019-10-03 08:41:04,477 [main] INFO  server.Server (Server.java:doStart(419)) - Started @50134ms
2019-10-03 08:41:04,477 [main] WARN  impl.MetricsSystemImpl (MetricsSystemImpl.java:register(276)) - Sink prometheus already exists!
2019-10-03 08:41:04,478 [main] INFO  server.BaseHttpServer (BaseHttpServer.java:updateConnectorAddress(215)) - HTTP server of HDDSDATANODE is listening at http://0.0.0.0:40413
2019-10-03 08:41:04,478 [main] INFO  impl.MetricsSystemImpl (MetricsSystemImpl.java:init(158)) - HddsDatanode metrics system started (again)
2019-10-03 08:41:04,483 [org.apache.hadoop.util.JvmPauseMonitor$Monitor@48f8c8a5] INFO  util.JvmPauseMonitor (JvmPauseMonitor.java:run(188)) - Starting JVM pause monitor
2019-10-03 08:41:04,484 [main] INFO  ozone.HddsDatanodeService (HddsDatanodeService.java:start(184)) - HddsDatanodeService host:pr-hdds-2234-ztsc4-2614151736 ip:192.168.151.103
2019-10-03 08:41:04,485 [Datanode State Machine Thread - 0] INFO  datanode.InitDatanodeState (InitDatanodeState.java:persistContainerDatanodeDetails(140)) - DatanodeDetails is persisted to /workdir/hadoop-ozone/integration-test/target/test-dir/MiniOzoneClusterImpl-ff2e4020-2730-403c-aff1-c870d58b142c/datanode-4/meta/datanode.id
2019-10-03 08:41:04,490 [main] INFO  volume.HddsVolume (HddsVolume.java:<init>(176)) - Creating Volume: /workdir/hadoop-ozone/integration-test/target/test-dir/MiniOzoneClusterImpl-ff2e4020-2730-403c-aff1-c870d58b142c/datanode-5/data/containers/hdds of  storage type : DISK and capacity : 1482555576320
2019-10-03 08:41:04,490 [main] INFO  volume.VolumeSet (VolumeSet.java:initializeVolumeSet(170)) - Added Volume : /workdir/hadoop-ozone/integration-test/target/test-dir/MiniOzoneClusterImpl-ff2e4020-2730-403c-aff1-c870d58b142c/datanode-5/data/containers/hdds to VolumeSet
2019-10-03 08:41:04,491 [main] INFO  volume.ThrottledAsyncChecker (ThrottledAsyncChecker.java:schedule(139)) - Scheduling a check for org.apache.hadoop.ozone.container.common.volume.HddsVolume@60aec68a
2019-10-03 08:41:04,491 [main] INFO  volume.HddsVolumeChecker (HddsVolumeChecker.java:checkAllVolumes(202)) - Scheduled health check for volume org.apache.hadoop.ozone.container.common.volume.HddsVolume@60aec68a
2019-10-03 08:41:04,505 [main] INFO  impl.RaftServerProxy (ConfUtils.java:logGet(43)) - raft.rpc.type = GRPC (default)
2019-10-03 08:41:04,505 [main] INFO  grpc.GrpcFactory (GrpcFactory.java:checkPooledByteBufAllocatorUseCacheForAllThreads(45)) - PERFORMANCE WARNING: useCacheForAllThreads is true that may cause Netty to create a lot garbage objects and, as a result, trigger GC.
	It is recommended to disable useCacheForAllThreads by setting -Dorg.apache.ratis.thirdparty.io.netty.allocator.useCacheForAllThreads=false in command line.
2019-10-03 08:41:04,506 [main] INFO  grpc.GrpcConfigKeys$Server (ConfUtils.java:logGet(43)) - raft.grpc.server.port = 0 (default)
2019-10-03 08:41:04,506 [main] INFO  server.GrpcService (ConfUtils.java:logGet(43)) - raft.grpc.message.size.max = 33570816 (custom)
2019-10-03 08:41:04,506 [main] INFO  server.RaftServerConfigKeys (ConfUtils.java:logGet(43)) - raft.server.log.appender.buffer.byte-limit = 33554432 (custom)
2019-10-03 08:41:04,506 [main] INFO  server.GrpcService (ConfUtils.java:logGet(43)) - raft.grpc.flow.control.window = 1MB (=1048576) (default)
2019-10-03 08:41:04,506 [main] INFO  server.RaftServerConfigKeys (ConfUtils.java:logGet(43)) - raft.server.rpc.request.timeout = 3000ms (default)
2019-10-03 08:41:04,507 [main] INFO  server.RaftServerConfigKeys (ConfUtils.java:logGet(43)) - raft.server.storage.dir = [/workdir/hadoop-ozone/integration-test/target/test-dir/MiniOzoneClusterImpl-ff2e4020-2730-403c-aff1-c870d58b142c/datanode-5/data/ratis] (custom)
2019-10-03 08:41:04,508 [main] INFO  hdfs.DFSUtil (DFSUtil.java:httpServerTemplateForNNAndJN(1641)) - Starting Web-server for hddsDatanode at: http://0.0.0.0:0
2019-10-03 08:41:04,509 [main] INFO  server.AuthenticationFilter (AuthenticationFilter.java:constructSecretProvider(240)) - Unable to initialize FileSignerSecretProvider, falling back to use random secrets.
2019-10-03 08:41:04,510 [main] WARN  http.HttpRequestLog (HttpRequestLog.java:getRequestLog(97)) - Jetty request log can only be enabled using Log4j
2019-10-03 08:41:04,511 [main] INFO  http.HttpServer2 (HttpServer2.java:addGlobalFilter(975)) - Added global filter 'safety' (class=org.apache.hadoop.http.HttpServer2$QuotingInputFilter)
2019-10-03 08:41:04,511 [main] INFO  http.HttpServer2 (HttpServer2.java:addFilter(948)) - Added filter static_user_filter (class=org.apache.hadoop.http.lib.StaticUserWebFilter$StaticUserFilter) to context hddsDatanode
2019-10-03 08:41:04,512 [main] INFO  http.HttpServer2 (HttpServer2.java:addFilter(958)) - Added filter static_user_filter (class=org.apache.hadoop.http.lib.StaticUserWebFilter$StaticUserFilter) to context logs
2019-10-03 08:41:04,512 [main] INFO  http.HttpServer2 (HttpServer2.java:addFilter(958)) - Added filter static_user_filter (class=org.apache.hadoop.http.lib.StaticUserWebFilter$StaticUserFilter) to context static
2019-10-03 08:41:04,512 [main] INFO  http.HttpServer2 (HttpServer2.java:bindListener(1191)) - Jetty bound to port 34219
2019-10-03 08:41:04,512 [main] INFO  server.Server (Server.java:doStart(351)) - jetty-9.3.25.v20180904, build timestamp: 2018-09-04T21:11:46Z, git hash: 3ce520221d0240229c862b122d2b06c12a625732
2019-10-03 08:41:04,514 [main] INFO  handler.ContextHandler (ContextHandler.java:doStart(781)) - Started o.e.j.s.ServletContextHandler@3e05586b{/logs,file:///workdir/hadoop-ozone/integration-test/target/log,AVAILABLE}
2019-10-03 08:41:04,515 [main] INFO  handler.ContextHandler (ContextHandler.java:doStart(781)) - Started o.e.j.s.ServletContextHandler@45545e7a{/static,jar:file:/home/user/.m2/repository/org/apache/hadoop/hadoop-hdds-container-service/0.5.0-SNAPSHOT/hadoop-hdds-container-service-0.5.0-SNAPSHOT.jar!/webapps/static,AVAILABLE}
2019-10-03 08:41:04,544 [main] INFO  handler.ContextHandler (ContextHandler.java:doStart(781)) - Started o.e.j.w.WebAppContext@65afeb6d{/,file:///tmp/jetty-0.0.0.0-34219-hddsDatanode-_-any-2772054527972597061.dir/webapp/,AVAILABLE}{/hddsDatanode}
2019-10-03 08:41:04,544 [main] INFO  server.AbstractConnector (AbstractConnector.java:doStart(278)) - Started ServerConnector@6723610b{HTTP/1.1,[http/1.1]}{0.0.0.0:34219}
2019-10-03 08:41:04,545 [main] INFO  server.Server (Server.java:doStart(419)) - Started @50202ms
2019-10-03 08:41:04,546 [main] WARN  impl.MetricsSystemImpl (MetricsSystemImpl.java:register(276)) - Sink prometheus already exists!
2019-10-03 08:41:04,546 [main] INFO  server.BaseHttpServer (BaseHttpServer.java:updateConnectorAddress(215)) - HTTP server of HDDSDATANODE is listening at http://0.0.0.0:34219
2019-10-03 08:41:04,547 [main] INFO  impl.MetricsSystemImpl (MetricsSystemImpl.java:init(158)) - HddsDatanode metrics system started (again)
2019-10-03 08:41:04,552 [org.apache.hadoop.util.JvmPauseMonitor$Monitor@616dc5e5] INFO  util.JvmPauseMonitor (JvmPauseMonitor.java:run(188)) - Starting JVM pause monitor
2019-10-03 08:41:04,552 [main] INFO  ozone.HddsDatanodeService (HddsDatanodeService.java:start(184)) - HddsDatanodeService host:pr-hdds-2234-ztsc4-2614151736 ip:192.168.151.103
2019-10-03 08:41:04,553 [Datanode State Machine Thread - 0] INFO  datanode.InitDatanodeState (InitDatanodeState.java:persistContainerDatanodeDetails(140)) - DatanodeDetails is persisted to /workdir/hadoop-ozone/integration-test/target/test-dir/MiniOzoneClusterImpl-ff2e4020-2730-403c-aff1-c870d58b142c/datanode-5/meta/datanode.id
2019-10-03 08:41:04,558 [main] INFO  volume.HddsVolume (HddsVolume.java:<init>(176)) - Creating Volume: /workdir/hadoop-ozone/integration-test/target/test-dir/MiniOzoneClusterImpl-ff2e4020-2730-403c-aff1-c870d58b142c/datanode-6/data/containers/hdds of  storage type : DISK and capacity : 1482555576320
2019-10-03 08:41:04,559 [main] INFO  volume.VolumeSet (VolumeSet.java:initializeVolumeSet(170)) - Added Volume : /workdir/hadoop-ozone/integration-test/target/test-dir/MiniOzoneClusterImpl-ff2e4020-2730-403c-aff1-c870d58b142c/datanode-6/data/containers/hdds to VolumeSet
2019-10-03 08:41:04,559 [main] INFO  volume.ThrottledAsyncChecker (ThrottledAsyncChecker.java:schedule(139)) - Scheduling a check for org.apache.hadoop.ozone.container.common.volume.HddsVolume@2dbc408c
2019-10-03 08:41:04,559 [main] INFO  volume.HddsVolumeChecker (HddsVolumeChecker.java:checkAllVolumes(202)) - Scheduled health check for volume org.apache.hadoop.ozone.container.common.volume.HddsVolume@2dbc408c
2019-10-03 08:41:04,573 [main] INFO  impl.RaftServerProxy (ConfUtils.java:logGet(43)) - raft.rpc.type = GRPC (default)
2019-10-03 08:41:04,574 [main] INFO  grpc.GrpcFactory (GrpcFactory.java:checkPooledByteBufAllocatorUseCacheForAllThreads(45)) - PERFORMANCE WARNING: useCacheForAllThreads is true that may cause Netty to create a lot garbage objects and, as a result, trigger GC.
	It is recommended to disable useCacheForAllThreads by setting -Dorg.apache.ratis.thirdparty.io.netty.allocator.useCacheForAllThreads=false in command line.
2019-10-03 08:41:04,574 [main] INFO  grpc.GrpcConfigKeys$Server (ConfUtils.java:logGet(43)) - raft.grpc.server.port = 0 (default)
2019-10-03 08:41:04,574 [main] INFO  server.GrpcService (ConfUtils.java:logGet(43)) - raft.grpc.message.size.max = 33570816 (custom)
2019-10-03 08:41:04,574 [main] INFO  server.RaftServerConfigKeys (ConfUtils.java:logGet(43)) - raft.server.log.appender.buffer.byte-limit = 33554432 (custom)
2019-10-03 08:41:04,574 [main] INFO  server.GrpcService (ConfUtils.java:logGet(43)) - raft.grpc.flow.control.window = 1MB (=1048576) (default)
2019-10-03 08:41:04,574 [main] INFO  server.RaftServerConfigKeys (ConfUtils.java:logGet(43)) - raft.server.rpc.request.timeout = 3000ms (default)
2019-10-03 08:41:04,575 [main] INFO  server.RaftServerConfigKeys (ConfUtils.java:logGet(43)) - raft.server.storage.dir = [/workdir/hadoop-ozone/integration-test/target/test-dir/MiniOzoneClusterImpl-ff2e4020-2730-403c-aff1-c870d58b142c/datanode-6/data/ratis] (custom)
2019-10-03 08:41:04,576 [main] INFO  hdfs.DFSUtil (DFSUtil.java:httpServerTemplateForNNAndJN(1641)) - Starting Web-server for hddsDatanode at: http://0.0.0.0:0
2019-10-03 08:41:04,577 [main] INFO  server.AuthenticationFilter (AuthenticationFilter.java:constructSecretProvider(240)) - Unable to initialize FileSignerSecretProvider, falling back to use random secrets.
2019-10-03 08:41:04,577 [main] WARN  http.HttpRequestLog (HttpRequestLog.java:getRequestLog(97)) - Jetty request log can only be enabled using Log4j
2019-10-03 08:41:04,579 [main] INFO  http.HttpServer2 (HttpServer2.java:addGlobalFilter(975)) - Added global filter 'safety' (class=org.apache.hadoop.http.HttpServer2$QuotingInputFilter)
2019-10-03 08:41:04,579 [main] INFO  http.HttpServer2 (HttpServer2.java:addFilter(948)) - Added filter static_user_filter (class=org.apache.hadoop.http.lib.StaticUserWebFilter$StaticUserFilter) to context hddsDatanode
2019-10-03 08:41:04,579 [main] INFO  http.HttpServer2 (HttpServer2.java:addFilter(958)) - Added filter static_user_filter (class=org.apache.hadoop.http.lib.StaticUserWebFilter$StaticUserFilter) to context logs
2019-10-03 08:41:04,580 [main] INFO  http.HttpServer2 (HttpServer2.java:addFilter(958)) - Added filter static_user_filter (class=org.apache.hadoop.http.lib.StaticUserWebFilter$StaticUserFilter) to context static
2019-10-03 08:41:04,580 [main] INFO  http.HttpServer2 (HttpServer2.java:bindListener(1191)) - Jetty bound to port 40239
2019-10-03 08:41:04,580 [main] INFO  server.Server (Server.java:doStart(351)) - jetty-9.3.25.v20180904, build timestamp: 2018-09-04T21:11:46Z, git hash: 3ce520221d0240229c862b122d2b06c12a625732
2019-10-03 08:41:04,582 [main] INFO  handler.ContextHandler (ContextHandler.java:doStart(781)) - Started o.e.j.s.ServletContextHandler@781711b7{/logs,file:///workdir/hadoop-ozone/integration-test/target/log,AVAILABLE}
2019-10-03 08:41:04,582 [main] INFO  handler.ContextHandler (ContextHandler.java:doStart(781)) - Started o.e.j.s.ServletContextHandler@642ee49c{/static,jar:file:/home/user/.m2/repository/org/apache/hadoop/hadoop-hdds-container-service/0.5.0-SNAPSHOT/hadoop-hdds-container-service-0.5.0-SNAPSHOT.jar!/webapps/static,AVAILABLE}
2019-10-03 08:41:04,611 [main] INFO  handler.ContextHandler (ContextHandler.java:doStart(781)) - Started o.e.j.w.WebAppContext@3b83459e{/,file:///tmp/jetty-0.0.0.0-40239-hddsDatanode-_-any-4475042410324495830.dir/webapp/,AVAILABLE}{/hddsDatanode}
2019-10-03 08:41:04,611 [main] INFO  server.AbstractConnector (AbstractConnector.java:doStart(278)) - Started ServerConnector@32118208{HTTP/1.1,[http/1.1]}{0.0.0.0:40239}
2019-10-03 08:41:04,613 [main] INFO  server.Server (Server.java:doStart(419)) - Started @50269ms
2019-10-03 08:41:04,613 [main] WARN  impl.MetricsSystemImpl (MetricsSystemImpl.java:register(276)) - Sink prometheus already exists!
2019-10-03 08:41:04,613 [main] INFO  server.BaseHttpServer (BaseHttpServer.java:updateConnectorAddress(215)) - HTTP server of HDDSDATANODE is listening at http://0.0.0.0:40239
2019-10-03 08:41:04,614 [main] INFO  ozone.MiniOzoneClusterImpl (MiniOzoneClusterImpl.java:lambda$waitForClusterToBeReady$0(147)) - Waiting for cluster to be ready. Got 0 of 7 DN Heartbeats.
2019-10-03 08:41:04,617 [org.apache.hadoop.util.JvmPauseMonitor$Monitor@4d7bd513] INFO  util.JvmPauseMonitor (JvmPauseMonitor.java:run(188)) - Starting JVM pause monitor
2019-10-03 08:41:04,619 [Datanode State Machine Thread - 0] INFO  datanode.InitDatanodeState (InitDatanodeState.java:persistContainerDatanodeDetails(140)) - DatanodeDetails is persisted to /workdir/hadoop-ozone/integration-test/target/test-dir/MiniOzoneClusterImpl-ff2e4020-2730-403c-aff1-c870d58b142c/datanode-6/meta/datanode.id
2019-10-03 08:41:05,614 [main] INFO  ozone.MiniOzoneClusterImpl (MiniOzoneClusterImpl.java:lambda$waitForClusterToBeReady$0(147)) - Waiting for cluster to be ready. Got 0 of 7 DN Heartbeats.
2019-10-03 08:41:06,238 [Datanode State Machine Thread - 0] INFO  ozoneimpl.OzoneContainer (OzoneContainer.java:start(217)) - Attempting to start container services.
2019-10-03 08:41:06,240 [Datanode State Machine Thread - 0] INFO  ozoneimpl.OzoneContainer (OzoneContainer.java:startContainerScrub(179)) - Background container scanner has been disabled.
2019-10-03 08:41:06,241 [Datanode State Machine Thread - 0] INFO  ratis.XceiverServerRatis (XceiverServerRatis.java:start(417)) - Starting XceiverServerRatis c87c9c9b-0dcf-4ff5-9ac0-81ac60eec9d8 at port 0
2019-10-03 08:41:06,248 [Datanode State Machine Thread - 0] INFO  impl.RaftServerProxy (RaftServerProxy.java:lambda$start$3(299)) - c87c9c9b-0dcf-4ff5-9ac0-81ac60eec9d8: start RPC server
2019-10-03 08:41:06,250 [Datanode State Machine Thread - 0] INFO  server.GrpcService (GrpcService.java:startImpl(158)) - c87c9c9b-0dcf-4ff5-9ac0-81ac60eec9d8: GrpcService started, listening on 0.0.0.0/0.0.0.0:35284
2019-10-03 08:41:06,250 [Datanode State Machine Thread - 0] INFO  ratis.XceiverServerRatis (XceiverServerRatis.java:start(427)) - XceiverServerRatis c87c9c9b-0dcf-4ff5-9ac0-81ac60eec9d8 is started using port 35284
2019-10-03 08:41:06,251 [Datanode State Machine Thread - 0] INFO  server.XceiverServerGrpc (XceiverServerGrpc.java:start(149)) - XceiverServerGrpc c87c9c9b-0dcf-4ff5-9ac0-81ac60eec9d8 is started using port 35244
2019-10-03 08:41:06,293 [Datanode State Machine Thread - 0] INFO  ozoneimpl.OzoneContainer (OzoneContainer.java:start(217)) - Attempting to start container services.
2019-10-03 08:41:06,296 [Datanode State Machine Thread - 0] INFO  ozoneimpl.OzoneContainer (OzoneContainer.java:startContainerScrub(179)) - Background container scanner has been disabled.
2019-10-03 08:41:06,296 [Datanode State Machine Thread - 0] INFO  ratis.XceiverServerRatis (XceiverServerRatis.java:start(417)) - Starting XceiverServerRatis af447d1a-9c68-44de-a982-ad02f9800cfd at port 0
2019-10-03 08:41:06,303 [Datanode State Machine Thread - 0] INFO  impl.RaftServerProxy (RaftServerProxy.java:lambda$start$3(299)) - af447d1a-9c68-44de-a982-ad02f9800cfd: start RPC server
2019-10-03 08:41:06,305 [Datanode State Machine Thread - 0] INFO  server.GrpcService (GrpcService.java:startImpl(158)) - af447d1a-9c68-44de-a982-ad02f9800cfd: GrpcService started, listening on 0.0.0.0/0.0.0.0:45465
2019-10-03 08:41:06,306 [Datanode State Machine Thread - 0] INFO  ratis.XceiverServerRatis (XceiverServerRatis.java:start(427)) - XceiverServerRatis af447d1a-9c68-44de-a982-ad02f9800cfd is started using port 45465
2019-10-03 08:41:06,307 [Datanode State Machine Thread - 0] INFO  server.XceiverServerGrpc (XceiverServerGrpc.java:start(149)) - XceiverServerGrpc af447d1a-9c68-44de-a982-ad02f9800cfd is started using port 40849
2019-10-03 08:41:06,363 [Datanode State Machine Thread - 0] INFO  ozoneimpl.OzoneContainer (OzoneContainer.java:start(217)) - Attempting to start container services.
2019-10-03 08:41:06,372 [Datanode State Machine Thread - 0] INFO  ozoneimpl.OzoneContainer (OzoneContainer.java:startContainerScrub(179)) - Background container scanner has been disabled.
2019-10-03 08:41:06,372 [Datanode State Machine Thread - 0] INFO  ratis.XceiverServerRatis (XceiverServerRatis.java:start(417)) - Starting XceiverServerRatis cb67de73-8b06-44b3-aeb3-7db114eecdbf at port 0
2019-10-03 08:41:06,378 [Datanode State Machine Thread - 0] INFO  impl.RaftServerProxy (RaftServerProxy.java:lambda$start$3(299)) - cb67de73-8b06-44b3-aeb3-7db114eecdbf: start RPC server
2019-10-03 08:41:06,385 [Datanode State Machine Thread - 0] INFO  server.GrpcService (GrpcService.java:startImpl(158)) - cb67de73-8b06-44b3-aeb3-7db114eecdbf: GrpcService started, listening on 0.0.0.0/0.0.0.0:42541
2019-10-03 08:41:06,385 [Datanode State Machine Thread - 0] INFO  ratis.XceiverServerRatis (XceiverServerRatis.java:start(427)) - XceiverServerRatis cb67de73-8b06-44b3-aeb3-7db114eecdbf is started using port 42541
2019-10-03 08:41:06,391 [Datanode State Machine Thread - 0] INFO  server.XceiverServerGrpc (XceiverServerGrpc.java:start(149)) - XceiverServerGrpc cb67de73-8b06-44b3-aeb3-7db114eecdbf is started using port 32806
2019-10-03 08:41:06,429 [Datanode State Machine Thread - 0] INFO  ozoneimpl.OzoneContainer (OzoneContainer.java:start(217)) - Attempting to start container services.
2019-10-03 08:41:06,429 [Datanode State Machine Thread - 0] INFO  ozoneimpl.OzoneContainer (OzoneContainer.java:startContainerScrub(179)) - Background container scanner has been disabled.
2019-10-03 08:41:06,429 [Datanode State Machine Thread - 0] INFO  ratis.XceiverServerRatis (XceiverServerRatis.java:start(417)) - Starting XceiverServerRatis f71f06b4-a692-49f1-adba-dc747e3d882f at port 0
2019-10-03 08:41:06,435 [Datanode State Machine Thread - 0] INFO  impl.RaftServerProxy (RaftServerProxy.java:lambda$start$3(299)) - f71f06b4-a692-49f1-adba-dc747e3d882f: start RPC server
2019-10-03 08:41:06,437 [Datanode State Machine Thread - 0] INFO  server.GrpcService (GrpcService.java:startImpl(158)) - f71f06b4-a692-49f1-adba-dc747e3d882f: GrpcService started, listening on 0.0.0.0/0.0.0.0:41259
2019-10-03 08:41:06,438 [Datanode State Machine Thread - 0] INFO  ratis.XceiverServerRatis (XceiverServerRatis.java:start(427)) - XceiverServerRatis f71f06b4-a692-49f1-adba-dc747e3d882f is started using port 41259
2019-10-03 08:41:06,438 [Datanode State Machine Thread - 0] INFO  server.XceiverServerGrpc (XceiverServerGrpc.java:start(149)) - XceiverServerGrpc f71f06b4-a692-49f1-adba-dc747e3d882f is started using port 41840
2019-10-03 08:41:06,499 [Datanode State Machine Thread - 0] INFO  ozoneimpl.OzoneContainer (OzoneContainer.java:start(217)) - Attempting to start container services.
2019-10-03 08:41:06,499 [Datanode State Machine Thread - 0] INFO  ozoneimpl.OzoneContainer (OzoneContainer.java:startContainerScrub(179)) - Background container scanner has been disabled.
2019-10-03 08:41:06,499 [Datanode State Machine Thread - 0] INFO  ratis.XceiverServerRatis (XceiverServerRatis.java:start(417)) - Starting XceiverServerRatis 63cb16dc-568f-4f90-a87b-96e9755fb6cd at port 0
2019-10-03 08:41:06,510 [Datanode State Machine Thread - 0] INFO  impl.RaftServerProxy (RaftServerProxy.java:lambda$start$3(299)) - 63cb16dc-568f-4f90-a87b-96e9755fb6cd: start RPC server
2019-10-03 08:41:06,511 [Datanode State Machine Thread - 0] INFO  server.GrpcService (GrpcService.java:startImpl(158)) - 63cb16dc-568f-4f90-a87b-96e9755fb6cd: GrpcService started, listening on 0.0.0.0/0.0.0.0:39945
2019-10-03 08:41:06,511 [Datanode State Machine Thread - 0] INFO  ratis.XceiverServerRatis (XceiverServerRatis.java:start(427)) - XceiverServerRatis 63cb16dc-568f-4f90-a87b-96e9755fb6cd is started using port 39945
2019-10-03 08:41:06,512 [Datanode State Machine Thread - 0] INFO  server.XceiverServerGrpc (XceiverServerGrpc.java:start(149)) - XceiverServerGrpc 63cb16dc-568f-4f90-a87b-96e9755fb6cd is started using port 44133
2019-10-03 08:41:06,567 [Datanode State Machine Thread - 0] INFO  ozoneimpl.OzoneContainer (OzoneContainer.java:start(217)) - Attempting to start container services.
2019-10-03 08:41:06,568 [Datanode State Machine Thread - 0] INFO  ozoneimpl.OzoneContainer (OzoneContainer.java:startContainerScrub(179)) - Background container scanner has been disabled.
2019-10-03 08:41:06,568 [Datanode State Machine Thread - 0] INFO  ratis.XceiverServerRatis (XceiverServerRatis.java:start(417)) - Starting XceiverServerRatis e7a3cf27-7796-4558-9a9d-ccb0a118d6f3 at port 0
2019-10-03 08:41:06,576 [Datanode State Machine Thread - 0] INFO  impl.RaftServerProxy (RaftServerProxy.java:lambda$start$3(299)) - e7a3cf27-7796-4558-9a9d-ccb0a118d6f3: start RPC server
2019-10-03 08:41:06,576 [Datanode State Machine Thread - 0] INFO  server.GrpcService (GrpcService.java:startImpl(158)) - e7a3cf27-7796-4558-9a9d-ccb0a118d6f3: GrpcService started, listening on 0.0.0.0/0.0.0.0:44168
2019-10-03 08:41:06,577 [Datanode State Machine Thread - 0] INFO  ratis.XceiverServerRatis (XceiverServerRatis.java:start(427)) - XceiverServerRatis e7a3cf27-7796-4558-9a9d-ccb0a118d6f3 is started using port 44168
2019-10-03 08:41:06,577 [Datanode State Machine Thread - 0] INFO  server.XceiverServerGrpc (XceiverServerGrpc.java:start(149)) - XceiverServerGrpc e7a3cf27-7796-4558-9a9d-ccb0a118d6f3 is started using port 33543
2019-10-03 08:41:06,615 [main] INFO  ozone.MiniOzoneClusterImpl (MiniOzoneClusterImpl.java:lambda$waitForClusterToBeReady$0(147)) - Waiting for cluster to be ready. Got 0 of 7 DN Heartbeats.
2019-10-03 08:41:06,661 [Datanode State Machine Thread - 0] INFO  ozoneimpl.OzoneContainer (OzoneContainer.java:start(217)) - Attempting to start container services.
2019-10-03 08:41:06,662 [Datanode State Machine Thread - 0] INFO  ozoneimpl.OzoneContainer (OzoneContainer.java:startContainerScrub(179)) - Background container scanner has been disabled.
2019-10-03 08:41:06,662 [Datanode State Machine Thread - 0] INFO  ratis.XceiverServerRatis (XceiverServerRatis.java:start(417)) - Starting XceiverServerRatis 34eb5b7b-c53e-443a-a410-ed0021cc1a35 at port 0
2019-10-03 08:41:06,670 [Datanode State Machine Thread - 0] INFO  impl.RaftServerProxy (RaftServerProxy.java:lambda$start$3(299)) - 34eb5b7b-c53e-443a-a410-ed0021cc1a35: start RPC server
2019-10-03 08:41:06,671 [Datanode State Machine Thread - 0] INFO  server.GrpcService (GrpcService.java:startImpl(158)) - 34eb5b7b-c53e-443a-a410-ed0021cc1a35: GrpcService started, listening on 0.0.0.0/0.0.0.0:33792
2019-10-03 08:41:06,671 [Datanode State Machine Thread - 0] INFO  ratis.XceiverServerRatis (XceiverServerRatis.java:start(427)) - XceiverServerRatis 34eb5b7b-c53e-443a-a410-ed0021cc1a35 is started using port 33792
2019-10-03 08:41:06,671 [Datanode State Machine Thread - 0] INFO  server.XceiverServerGrpc (XceiverServerGrpc.java:start(149)) - XceiverServerGrpc 34eb5b7b-c53e-443a-a410-ed0021cc1a35 is started using port 42933
2019-10-03 08:41:07,615 [main] INFO  ozone.MiniOzoneClusterImpl (MiniOzoneClusterImpl.java:lambda$waitForClusterToBeReady$0(147)) - Waiting for cluster to be ready. Got 0 of 7 DN Heartbeats.
2019-10-03 08:41:08,232 [IPC Server handler 1 on 38612] INFO  net.NetworkTopology (NetworkTopologyImpl.java:add(111)) - Added a new node: /default-rack/c87c9c9b-0dcf-4ff5-9ac0-81ac60eec9d8
2019-10-03 08:41:08,236 [IPC Server handler 1 on 38612] INFO  node.SCMNodeManager (SCMNodeManager.java:register(266)) - Registered Data node : c87c9c9b-0dcf-4ff5-9ac0-81ac60eec9d8{ip: 192.168.151.103, host: pr-hdds-2234-ztsc4-2614151736, networkLocation: /default-rack, certSerialId: null}
2019-10-03 08:41:08,238 [EventQueue-NodeRegistrationContainerReportForDataNodeSafeModeRule] INFO  safemode.SCMSafeModeManager (DataNodeSafeModeRule.java:process(71)) - SCM in safe mode. 1 DataNodes registered, 1 required.
2019-10-03 08:41:08,240 [EventQueue-NodeRegistrationContainerReportForDataNodeSafeModeRule] INFO  safemode.SCMSafeModeManager (SCMSafeModeManager.java:validateSafeModeExitRules(177)) - ScmSafeModeManager, all rules are successfully validated
2019-10-03 08:41:08,240 [EventQueue-NodeRegistrationContainerReportForDataNodeSafeModeRule] INFO  safemode.SCMSafeModeManager (SCMSafeModeManager.java:exitSafeMode(193)) - SCM exiting safe mode.
2019-10-03 08:41:08,263 [grpc-default-executor-2] INFO  impl.RaftServerProxy (RaftServerProxy.java:addNew(89)) - c87c9c9b-0dcf-4ff5-9ac0-81ac60eec9d8: addNew group-F5771C9CC394:[c87c9c9b-0dcf-4ff5-9ac0-81ac60eec9d8:192.168.151.103:35284] returns group-F5771C9CC394:java.util.concurrent.CompletableFuture@7647d66f[Not completed]
2019-10-03 08:41:08,266 [pool-119-thread-1] INFO  impl.RaftServerImpl (RaftServerImpl.java:<init>(95)) - c87c9c9b-0dcf-4ff5-9ac0-81ac60eec9d8: new RaftServerImpl for group-F5771C9CC394:[c87c9c9b-0dcf-4ff5-9ac0-81ac60eec9d8:192.168.151.103:35284] with ContainerStateMachine:uninitialized
2019-10-03 08:41:08,267 [pool-119-thread-1] INFO  server.RaftServerConfigKeys (ConfUtils.java:logGet(43)) - raft.server.rpc.timeout.min = 5s (custom)
2019-10-03 08:41:08,267 [pool-119-thread-1] INFO  server.RaftServerConfigKeys (ConfUtils.java:logGet(43)) - raft.server.rpc.timeout.max = 5200ms (custom)
2019-10-03 08:41:08,267 [pool-119-thread-1] INFO  server.RaftServerConfigKeys (ConfUtils.java:logGet(43)) - raft.server.rpcslowness.timeout = 120s (custom)
2019-10-03 08:41:08,267 [pool-119-thread-1] INFO  server.RaftServerConfigKeys (ConfUtils.java:logGet(43)) - raft.server.sleep.deviation.threshold = 300 (default)
2019-10-03 08:41:08,268 [pool-119-thread-1] INFO  server.RaftServerConfigKeys (ConfUtils.java:logGet(43)) - raft.server.log.appender.install.snapshot.enabled = false (custom)
2019-10-03 08:41:08,268 [pool-119-thread-1] INFO  impl.RaftServerImpl (ServerState.java:<init>(103)) - c87c9c9b-0dcf-4ff5-9ac0-81ac60eec9d8@group-F5771C9CC394: ConfigurationManager, init=-1: [c87c9c9b-0dcf-4ff5-9ac0-81ac60eec9d8:192.168.151.103:35284], old=null, confs=<EMPTY_MAP>
2019-10-03 08:41:08,268 [pool-119-thread-1] INFO  server.RaftServerConfigKeys (ConfUtils.java:logGet(43)) - raft.server.storage.dir = [/workdir/hadoop-ozone/integration-test/target/test-dir/MiniOzoneClusterImpl-ff2e4020-2730-403c-aff1-c870d58b142c/datanode-0/data/ratis] (custom)
2019-10-03 08:41:08,269 [pool-119-thread-1] INFO  server.RaftServerConfigKeys (ConfUtils.java:logGet(43)) - raft.server.log.corruption.policy = EXCEPTION (default)
2019-10-03 08:41:08,269 [pool-119-thread-1] INFO  storage.RaftStorageDirectory (RaftStorageDirectory.java:analyzeStorage(246)) - The storage directory /workdir/hadoop-ozone/integration-test/target/test-dir/MiniOzoneClusterImpl-ff2e4020-2730-403c-aff1-c870d58b142c/datanode-0/data/ratis/3d459c21-dd53-44e7-92bb-f5771c9cc394 does not exist. Creating ...
2019-10-03 08:41:08,280 [IPC Server handler 2 on 38612] INFO  net.NetworkTopology (NetworkTopologyImpl.java:add(111)) - Added a new node: /default-rack/af447d1a-9c68-44de-a982-ad02f9800cfd
2019-10-03 08:41:08,280 [IPC Server handler 2 on 38612] INFO  node.SCMNodeManager (SCMNodeManager.java:register(266)) - Registered Data node : af447d1a-9c68-44de-a982-ad02f9800cfd{ip: 192.168.151.103, host: pr-hdds-2234-ztsc4-2614151736, networkLocation: /default-rack, certSerialId: null}
2019-10-03 08:41:08,283 [pool-119-thread-1] INFO  storage.RaftStorageDirectory (RaftStorageDirectory.java:tryLock(328)) - Lock on /workdir/hadoop-ozone/integration-test/target/test-dir/MiniOzoneClusterImpl-ff2e4020-2730-403c-aff1-c870d58b142c/datanode-0/data/ratis/3d459c21-dd53-44e7-92bb-f5771c9cc394/in_use.lock acquired by nodename 10174@pr-hdds-2234-ztsc4-2614151736
2019-10-03 08:41:08,296 [pool-119-thread-1] INFO  storage.RaftStorage (RaftStorage.java:format(84)) - Storage directory /workdir/hadoop-ozone/integration-test/target/test-dir/MiniOzoneClusterImpl-ff2e4020-2730-403c-aff1-c870d58b142c/datanode-0/data/ratis/3d459c21-dd53-44e7-92bb-f5771c9cc394 has been successfully formatted.
2019-10-03 08:41:08,297 [pool-119-thread-1] INFO  ratis.ContainerStateMachine (ContainerStateMachine.java:loadSnapshot(230)) - group-F5771C9CC394: The snapshot info is null. Setting the last applied indexto:(t:0, i:~)
2019-10-03 08:41:08,297 [pool-119-thread-1] INFO  server.RaftServerConfigKeys (ConfUtils.java:logGet(43)) - raft.server.notification.no-leader.timeout = 120s (custom)
2019-10-03 08:41:08,297 [pool-119-thread-1] INFO  server.RaftServerConfigKeys (ConfUtils.java:logGet(43)) - raft.server.log.use.memory = false (default)
2019-10-03 08:41:08,298 [pool-119-thread-1] INFO  server.RaftServerConfigKeys (ConfUtils.java:logGet(43)) - raft.server.log.purge.gap = 1000000 (custom)
2019-10-03 08:41:08,298 [pool-119-thread-1] INFO  server.RaftServerConfigKeys (ConfUtils.java:logGet(43)) - raft.server.log.appender.buffer.byte-limit = 33554432 (custom)
2019-10-03 08:41:08,298 [pool-119-thread-1] INFO  server.RaftServerConfigKeys (ConfUtils.java:logGet(43)) - raft.server.log.segment.size.max = 1048576 (custom)
2019-10-03 08:41:08,301 [pool-119-thread-1] INFO  server.RaftServerConfigKeys (ConfUtils.java:logGet(43)) - raft.server.log.segment.cache.num.max = 2 (custom)
2019-10-03 08:41:08,302 [pool-119-thread-1] INFO  segmented.SegmentedRaftLogWorker (SegmentedRaftLogWorker.java:<init>(173)) - new c87c9c9b-0dcf-4ff5-9ac0-81ac60eec9d8@group-F5771C9CC394-SegmentedRaftLogWorker for RaftStorage:Storage Directory /workdir/hadoop-ozone/integration-test/target/test-dir/MiniOzoneClusterImpl-ff2e4020-2730-403c-aff1-c870d58b142c/datanode-0/data/ratis/3d459c21-dd53-44e7-92bb-f5771c9cc394
2019-10-03 08:41:08,302 [pool-119-thread-1] INFO  server.RaftServerConfigKeys (ConfUtils.java:logGet(43)) - raft.server.log.queue.byte-limit = 2147483647 (custom)
2019-10-03 08:41:08,302 [pool-119-thread-1] INFO  server.RaftServerConfigKeys (ConfUtils.java:logGet(43)) - raft.server.log.queue.element-limit = 1024 (custom)
2019-10-03 08:41:08,302 [pool-119-thread-1] INFO  server.RaftServerConfigKeys (ConfUtils.java:logGet(43)) - raft.server.log.segment.size.max = 1048576 (custom)
2019-10-03 08:41:08,303 [pool-119-thread-1] INFO  server.RaftServerConfigKeys (ConfUtils.java:logGet(43)) - raft.server.log.preallocated.size = 16384 (custom)
2019-10-03 08:41:08,303 [pool-119-thread-1] INFO  server.RaftServerConfigKeys (ConfUtils.java:logGet(43)) - raft.server.log.write.buffer.size = 33554432 (custom)
2019-10-03 08:41:08,303 [pool-119-thread-1] INFO  server.RaftServerConfigKeys (ConfUtils.java:logGet(43)) - raft.server.log.force.sync.num = 128 (default)
2019-10-03 08:41:08,303 [pool-119-thread-1] INFO  server.RaftServerConfigKeys (ConfUtils.java:logGet(43)) - raft.server.log.statemachine.data.sync = true (default)
2019-10-03 08:41:08,303 [pool-119-thread-1] INFO  server.RaftServerConfigKeys (ConfUtils.java:logGet(43)) - raft.server.log.statemachine.data.sync.timeout = 10s (default)
2019-10-03 08:41:08,304 [pool-119-thread-1] INFO  server.RaftServerConfigKeys (ConfUtils.java:logGet(43)) - raft.server.log.statemachine.data.sync.timeout.retry = -1 (default)
2019-10-03 08:41:08,304 [pool-119-thread-1] INFO  server.RaftServerConfigKeys (ConfUtils.java:logGet(43)) - raft.server.log.statemachine.data.caching.enabled = true (custom)
2019-10-03 08:41:08,305 [pool-119-thread-1] INFO  segmented.SegmentedRaftLogWorker (SegmentedRaftLogWorker.java:lambda$new$0(128)) - c87c9c9b-0dcf-4ff5-9ac0-81ac60eec9d8@group-F5771C9CC394-SegmentedRaftLogWorker: flushIndex: setUnconditionally 0 -> -1
2019-10-03 08:41:08,305 [pool-119-thread-1] INFO  server.RaftServerConfigKeys (ConfUtils.java:logGet(43)) - raft.server.snapshot.auto.trigger.enabled = true (custom)
2019-10-03 08:41:08,306 [pool-119-thread-1] INFO  server.RaftServerConfigKeys (ConfUtils.java:logGet(43)) - raft.server.snapshot.auto.trigger.threshold = 10000 (custom)
2019-10-03 08:41:08,306 [pool-119-thread-1] INFO  server.RaftServerConfigKeys (ConfUtils.java:logGet(43)) - raft.server.snapshot.retention.file.num = 5 (custom)
2019-10-03 08:41:08,306 [pool-119-thread-1] INFO  server.RaftServerConfigKeys (ConfUtils.java:logGet(43)) - raft.server.retrycache.expirytime = 600000ms (custom)
2019-10-03 08:41:08,309 [pool-119-thread-1] INFO  impl.RaftServerImpl (RaftServerImpl.java:start(181)) - c87c9c9b-0dcf-4ff5-9ac0-81ac60eec9d8@group-F5771C9CC394: start as a follower, conf=-1: [c87c9c9b-0dcf-4ff5-9ac0-81ac60eec9d8:192.168.151.103:35284], old=null
2019-10-03 08:41:08,309 [pool-119-thread-1] INFO  impl.RaftServerImpl (RaftServerImpl.java:setRole(170)) - c87c9c9b-0dcf-4ff5-9ac0-81ac60eec9d8@group-F5771C9CC394: changes role from      null to FOLLOWER at term 0 for startAsFollower
2019-10-03 08:41:08,309 [pool-119-thread-1] INFO  impl.RoleInfo (RoleInfo.java:updateAndGet(143)) - c87c9c9b-0dcf-4ff5-9ac0-81ac60eec9d8: start FollowerState
2019-10-03 08:41:08,473 [pool-119-thread-1] INFO  util.JmxRegister (JmxRegister.java:tryRegister(44)) - Successfully registered JMX Bean with object name Ratis:service=RaftServer,group=group-F5771C9CC394,id=c87c9c9b-0dcf-4ff5-9ac0-81ac60eec9d8
2019-10-03 08:41:08,559 [IPC Server handler 6 on 38612] INFO  net.NetworkTopology (NetworkTopologyImpl.java:add(111)) - Added a new node: /default-rack/cb67de73-8b06-44b3-aeb3-7db114eecdbf
2019-10-03 08:41:08,559 [IPC Server handler 6 on 38612] INFO  node.SCMNodeManager (SCMNodeManager.java:register(266)) - Registered Data node : cb67de73-8b06-44b3-aeb3-7db114eecdbf{ip: 192.168.151.103, host: pr-hdds-2234-ztsc4-2614151736, networkLocation: /default-rack, certSerialId: null}
2019-10-03 08:41:08,559 [IPC Server handler 5 on 38612] INFO  net.NetworkTopology (NetworkTopologyImpl.java:add(111)) - Added a new node: /default-rack/f71f06b4-a692-49f1-adba-dc747e3d882f
2019-10-03 08:41:08,559 [IPC Server handler 8 on 38612] INFO  net.NetworkTopology (NetworkTopologyImpl.java:add(111)) - Added a new node: /default-rack/63cb16dc-568f-4f90-a87b-96e9755fb6cd
2019-10-03 08:41:08,560 [IPC Server handler 7 on 38612] INFO  net.NetworkTopology (NetworkTopologyImpl.java:add(111)) - Added a new node: /default-rack/e7a3cf27-7796-4558-9a9d-ccb0a118d6f3
2019-10-03 08:41:08,560 [IPC Server handler 8 on 38612] INFO  node.SCMNodeManager (SCMNodeManager.java:register(266)) - Registered Data node : 63cb16dc-568f-4f90-a87b-96e9755fb6cd{ip: 192.168.151.103, host: pr-hdds-2234-ztsc4-2614151736, networkLocation: /default-rack, certSerialId: null}
2019-10-03 08:41:08,560 [IPC Server handler 5 on 38612] INFO  node.SCMNodeManager (SCMNodeManager.java:register(266)) - Registered Data node : f71f06b4-a692-49f1-adba-dc747e3d882f{ip: 192.168.151.103, host: pr-hdds-2234-ztsc4-2614151736, networkLocation: /default-rack, certSerialId: null}
2019-10-03 08:41:08,560 [IPC Server handler 7 on 38612] INFO  node.SCMNodeManager (SCMNodeManager.java:register(266)) - Registered Data node : e7a3cf27-7796-4558-9a9d-ccb0a118d6f3{ip: 192.168.151.103, host: pr-hdds-2234-ztsc4-2614151736, networkLocation: /default-rack, certSerialId: null}
2019-10-03 08:41:08,625 [main] INFO  ozone.MiniOzoneClusterImpl (MiniOzoneClusterImpl.java:lambda$waitForClusterToBeReady$0(147)) - Waiting for cluster to be ready. Got 6 of 7 DN Heartbeats.
2019-10-03 08:41:08,627 [IPC Server handler 1 on 38612] INFO  net.NetworkTopology (NetworkTopologyImpl.java:add(111)) - Added a new node: /default-rack/34eb5b7b-c53e-443a-a410-ed0021cc1a35
2019-10-03 08:41:08,627 [IPC Server handler 1 on 38612] INFO  node.SCMNodeManager (SCMNodeManager.java:register(266)) - Registered Data node : 34eb5b7b-c53e-443a-a410-ed0021cc1a35{ip: 192.168.151.103, host: pr-hdds-2234-ztsc4-2614151736, networkLocation: /default-rack, certSerialId: null}
2019-10-03 08:41:08,627 [RatisPipelineUtilsThread] INFO  pipeline.PipelineStateManager (PipelineStateManager.java:addPipeline(56)) - Created pipeline Pipeline[ Id: 3d459c21-dd53-44e7-92bb-f5771c9cc394, Nodes: c87c9c9b-0dcf-4ff5-9ac0-81ac60eec9d8{ip: 192.168.151.103, host: pr-hdds-2234-ztsc4-2614151736, networkLocation: /default-rack, certSerialId: null}, Type:RATIS, Factor:ONE, State:OPEN]
2019-10-03 08:41:08,638 [grpc-default-executor-2] INFO  impl.RaftServerProxy (RaftServerProxy.java:addNew(89)) - cb67de73-8b06-44b3-aeb3-7db114eecdbf: addNew group-7A4811F84365:[cb67de73-8b06-44b3-aeb3-7db114eecdbf:192.168.151.103:42541] returns group-7A4811F84365:java.util.concurrent.CompletableFuture@60b38ec6[Not completed]
2019-10-03 08:41:08,642 [pool-139-thread-1] INFO  impl.RaftServerImpl (RaftServerImpl.java:<init>(95)) - cb67de73-8b06-44b3-aeb3-7db114eecdbf: new RaftServerImpl for group-7A4811F84365:[cb67de73-8b06-44b3-aeb3-7db114eecdbf:192.168.151.103:42541] with ContainerStateMachine:uninitialized
2019-10-03 08:41:08,642 [pool-139-thread-1] INFO  server.RaftServerConfigKeys (ConfUtils.java:logGet(43)) - raft.server.rpc.timeout.min = 5s (custom)
2019-10-03 08:41:08,642 [pool-139-thread-1] INFO  server.RaftServerConfigKeys (ConfUtils.java:logGet(43)) - raft.server.rpc.timeout.max = 5200ms (custom)
2019-10-03 08:41:08,642 [pool-139-thread-1] INFO  server.RaftServerConfigKeys (ConfUtils.java:logGet(43)) - raft.server.rpcslowness.timeout = 120s (custom)
2019-10-03 08:41:08,642 [pool-139-thread-1] INFO  server.RaftServerConfigKeys (ConfUtils.java:logGet(43)) - raft.server.sleep.deviation.threshold = 300 (default)
2019-10-03 08:41:08,642 [pool-139-thread-1] INFO  server.RaftServerConfigKeys (ConfUtils.java:logGet(43)) - raft.server.log.appender.install.snapshot.enabled = false (custom)
2019-10-03 08:41:08,643 [pool-139-thread-1] INFO  impl.RaftServerImpl (ServerState.java:<init>(103)) - cb67de73-8b06-44b3-aeb3-7db114eecdbf@group-7A4811F84365: ConfigurationManager, init=-1: [cb67de73-8b06-44b3-aeb3-7db114eecdbf:192.168.151.103:42541], old=null, confs=<EMPTY_MAP>
2019-10-03 08:41:08,643 [pool-139-thread-1] INFO  server.RaftServerConfigKeys (ConfUtils.java:logGet(43)) - raft.server.storage.dir = [/workdir/hadoop-ozone/integration-test/target/test-dir/MiniOzoneClusterImpl-ff2e4020-2730-403c-aff1-c870d58b142c/datanode-2/data/ratis] (custom)
2019-10-03 08:41:08,643 [pool-139-thread-1] INFO  server.RaftServerConfigKeys (ConfUtils.java:logGet(43)) - raft.server.log.corruption.policy = EXCEPTION (default)
2019-10-03 08:41:08,643 [pool-139-thread-1] INFO  storage.RaftStorageDirectory (RaftStorageDirectory.java:analyzeStorage(246)) - The storage directory /workdir/hadoop-ozone/integration-test/target/test-dir/MiniOzoneClusterImpl-ff2e4020-2730-403c-aff1-c870d58b142c/datanode-2/data/ratis/0dcb4cf9-d3eb-4462-ad5b-7a4811f84365 does not exist. Creating ...
2019-10-03 08:41:08,656 [pool-139-thread-1] INFO  storage.RaftStorageDirectory (RaftStorageDirectory.java:tryLock(328)) - Lock on /workdir/hadoop-ozone/integration-test/target/test-dir/MiniOzoneClusterImpl-ff2e4020-2730-403c-aff1-c870d58b142c/datanode-2/data/ratis/0dcb4cf9-d3eb-4462-ad5b-7a4811f84365/in_use.lock acquired by nodename 10174@pr-hdds-2234-ztsc4-2614151736
2019-10-03 08:41:08,669 [pool-139-thread-1] INFO  storage.RaftStorage (RaftStorage.java:format(84)) - Storage directory /workdir/hadoop-ozone/integration-test/target/test-dir/MiniOzoneClusterImpl-ff2e4020-2730-403c-aff1-c870d58b142c/datanode-2/data/ratis/0dcb4cf9-d3eb-4462-ad5b-7a4811f84365 has been successfully formatted.
2019-10-03 08:41:08,669 [pool-139-thread-1] INFO  ratis.ContainerStateMachine (ContainerStateMachine.java:loadSnapshot(230)) - group-7A4811F84365: The snapshot info is null. Setting the last applied indexto:(t:0, i:~)
2019-10-03 08:41:08,669 [pool-139-thread-1] INFO  server.RaftServerConfigKeys (ConfUtils.java:logGet(43)) - raft.server.notification.no-leader.timeout = 120s (custom)
2019-10-03 08:41:08,669 [pool-139-thread-1] INFO  server.RaftServerConfigKeys (ConfUtils.java:logGet(43)) - raft.server.log.use.memory = false (default)
2019-10-03 08:41:08,670 [pool-139-thread-1] INFO  server.RaftServerConfigKeys (ConfUtils.java:logGet(43)) - raft.server.log.purge.gap = 1000000 (custom)
2019-10-03 08:41:08,670 [pool-139-thread-1] INFO  server.RaftServerConfigKeys (ConfUtils.java:logGet(43)) - raft.server.log.appender.buffer.byte-limit = 33554432 (custom)
2019-10-03 08:41:08,670 [pool-139-thread-1] INFO  server.RaftServerConfigKeys (ConfUtils.java:logGet(43)) - raft.server.log.segment.size.max = 1048576 (custom)
2019-10-03 08:41:08,672 [pool-139-thread-1] INFO  server.RaftServerConfigKeys (ConfUtils.java:logGet(43)) - raft.server.log.segment.cache.num.max = 2 (custom)
2019-10-03 08:41:08,672 [pool-139-thread-1] INFO  segmented.SegmentedRaftLogWorker (SegmentedRaftLogWorker.java:<init>(173)) - new cb67de73-8b06-44b3-aeb3-7db114eecdbf@group-7A4811F84365-SegmentedRaftLogWorker for RaftStorage:Storage Directory /workdir/hadoop-ozone/integration-test/target/test-dir/MiniOzoneClusterImpl-ff2e4020-2730-403c-aff1-c870d58b142c/datanode-2/data/ratis/0dcb4cf9-d3eb-4462-ad5b-7a4811f84365
2019-10-03 08:41:08,672 [pool-139-thread-1] INFO  server.RaftServerConfigKeys (ConfUtils.java:logGet(43)) - raft.server.log.queue.byte-limit = 2147483647 (custom)
2019-10-03 08:41:08,673 [pool-139-thread-1] INFO  server.RaftServerConfigKeys (ConfUtils.java:logGet(43)) - raft.server.log.queue.element-limit = 1024 (custom)
2019-10-03 08:41:08,673 [pool-139-thread-1] INFO  server.RaftServerConfigKeys (ConfUtils.java:logGet(43)) - raft.server.log.segment.size.max = 1048576 (custom)
2019-10-03 08:41:08,673 [pool-139-thread-1] INFO  server.RaftServerConfigKeys (ConfUtils.java:logGet(43)) - raft.server.log.preallocated.size = 16384 (custom)
2019-10-03 08:41:08,673 [pool-139-thread-1] INFO  server.RaftServerConfigKeys (ConfUtils.java:logGet(43)) - raft.server.log.write.buffer.size = 33554432 (custom)
2019-10-03 08:41:08,673 [pool-139-thread-1] INFO  server.RaftServerConfigKeys (ConfUtils.java:logGet(43)) - raft.server.log.force.sync.num = 128 (default)
2019-10-03 08:41:08,673 [pool-139-thread-1] INFO  server.RaftServerConfigKeys (ConfUtils.java:logGet(43)) - raft.server.log.statemachine.data.sync = true (default)
2019-10-03 08:41:08,673 [pool-139-thread-1] INFO  server.RaftServerConfigKeys (ConfUtils.java:logGet(43)) - raft.server.log.statemachine.data.sync.timeout = 10s (default)
2019-10-03 08:41:08,673 [pool-139-thread-1] INFO  server.RaftServerConfigKeys (ConfUtils.java:logGet(43)) - raft.server.log.statemachine.data.sync.timeout.retry = -1 (default)
2019-10-03 08:41:08,674 [pool-139-thread-1] INFO  server.RaftServerConfigKeys (ConfUtils.java:logGet(43)) - raft.server.log.statemachine.data.caching.enabled = true (custom)
2019-10-03 08:41:08,674 [pool-139-thread-1] INFO  segmented.SegmentedRaftLogWorker (SegmentedRaftLogWorker.java:lambda$new$0(128)) - cb67de73-8b06-44b3-aeb3-7db114eecdbf@group-7A4811F84365-SegmentedRaftLogWorker: flushIndex: setUnconditionally 0 -> -1
2019-10-03 08:41:08,675 [pool-139-thread-1] INFO  server.RaftServerConfigKeys (ConfUtils.java:logGet(43)) - raft.server.snapshot.auto.trigger.enabled = true (custom)
2019-10-03 08:41:08,675 [pool-139-thread-1] INFO  server.RaftServerConfigKeys (ConfUtils.java:logGet(43)) - raft.server.snapshot.auto.trigger.threshold = 10000 (custom)
2019-10-03 08:41:08,675 [pool-139-thread-1] INFO  server.RaftServerConfigKeys (ConfUtils.java:logGet(43)) - raft.server.snapshot.retention.file.num = 5 (custom)
2019-10-03 08:41:08,675 [pool-139-thread-1] INFO  server.RaftServerConfigKeys (ConfUtils.java:logGet(43)) - raft.server.retrycache.expirytime = 600000ms (custom)
2019-10-03 08:41:08,677 [pool-139-thread-1] INFO  impl.RaftServerImpl (RaftServerImpl.java:start(181)) - cb67de73-8b06-44b3-aeb3-7db114eecdbf@group-7A4811F84365: start as a follower, conf=-1: [cb67de73-8b06-44b3-aeb3-7db114eecdbf:192.168.151.103:42541], old=null
2019-10-03 08:41:08,677 [pool-139-thread-1] INFO  impl.RaftServerImpl (RaftServerImpl.java:setRole(170)) - cb67de73-8b06-44b3-aeb3-7db114eecdbf@group-7A4811F84365: changes role from      null to FOLLOWER at term 0 for startAsFollower
2019-10-03 08:41:08,677 [pool-139-thread-1] INFO  impl.RoleInfo (RoleInfo.java:updateAndGet(143)) - cb67de73-8b06-44b3-aeb3-7db114eecdbf: start FollowerState
2019-10-03 08:41:08,678 [pool-139-thread-1] INFO  util.JmxRegister (JmxRegister.java:tryRegister(44)) - Successfully registered JMX Bean with object name Ratis:service=RaftServer,group=group-7A4811F84365,id=cb67de73-8b06-44b3-aeb3-7db114eecdbf
2019-10-03 08:41:08,683 [RatisPipelineUtilsThread] INFO  pipeline.PipelineStateManager (PipelineStateManager.java:addPipeline(56)) - Created pipeline Pipeline[ Id: 0dcb4cf9-d3eb-4462-ad5b-7a4811f84365, Nodes: cb67de73-8b06-44b3-aeb3-7db114eecdbf{ip: 192.168.151.103, host: pr-hdds-2234-ztsc4-2614151736, networkLocation: /default-rack, certSerialId: null}, Type:RATIS, Factor:ONE, State:OPEN]
2019-10-03 08:41:08,692 [grpc-default-executor-2] INFO  impl.RaftServerProxy (RaftServerProxy.java:addNew(89)) - f71f06b4-a692-49f1-adba-dc747e3d882f: addNew group-EC4249A6CE26:[f71f06b4-a692-49f1-adba-dc747e3d882f:192.168.151.103:41259] returns group-EC4249A6CE26:java.util.concurrent.CompletableFuture@78d12eb3[Not completed]
2019-10-03 08:41:08,699 [pool-149-thread-1] INFO  impl.RaftServerImpl (RaftServerImpl.java:<init>(95)) - f71f06b4-a692-49f1-adba-dc747e3d882f: new RaftServerImpl for group-EC4249A6CE26:[f71f06b4-a692-49f1-adba-dc747e3d882f:192.168.151.103:41259] with ContainerStateMachine:uninitialized
2019-10-03 08:41:08,699 [pool-149-thread-1] INFO  server.RaftServerConfigKeys (ConfUtils.java:logGet(43)) - raft.server.rpc.timeout.min = 5s (custom)
2019-10-03 08:41:08,699 [pool-149-thread-1] INFO  server.RaftServerConfigKeys (ConfUtils.java:logGet(43)) - raft.server.rpc.timeout.max = 5200ms (custom)
2019-10-03 08:41:08,699 [pool-149-thread-1] INFO  server.RaftServerConfigKeys (ConfUtils.java:logGet(43)) - raft.server.rpcslowness.timeout = 120s (custom)
2019-10-03 08:41:08,699 [pool-149-thread-1] INFO  server.RaftServerConfigKeys (ConfUtils.java:logGet(43)) - raft.server.sleep.deviation.threshold = 300 (default)
2019-10-03 08:41:08,700 [pool-149-thread-1] INFO  server.RaftServerConfigKeys (ConfUtils.java:logGet(43)) - raft.server.log.appender.install.snapshot.enabled = false (custom)
2019-10-03 08:41:08,700 [pool-149-thread-1] INFO  impl.RaftServerImpl (ServerState.java:<init>(103)) - f71f06b4-a692-49f1-adba-dc747e3d882f@group-EC4249A6CE26: ConfigurationManager, init=-1: [f71f06b4-a692-49f1-adba-dc747e3d882f:192.168.151.103:41259], old=null, confs=<EMPTY_MAP>
2019-10-03 08:41:08,700 [pool-149-thread-1] INFO  server.RaftServerConfigKeys (ConfUtils.java:logGet(43)) - raft.server.storage.dir = [/workdir/hadoop-ozone/integration-test/target/test-dir/MiniOzoneClusterImpl-ff2e4020-2730-403c-aff1-c870d58b142c/datanode-3/data/ratis] (custom)
2019-10-03 08:41:08,700 [pool-149-thread-1] INFO  server.RaftServerConfigKeys (ConfUtils.java:logGet(43)) - raft.server.log.corruption.policy = EXCEPTION (default)
2019-10-03 08:41:08,701 [pool-149-thread-1] INFO  storage.RaftStorageDirectory (RaftStorageDirectory.java:analyzeStorage(246)) - The storage directory /workdir/hadoop-ozone/integration-test/target/test-dir/MiniOzoneClusterImpl-ff2e4020-2730-403c-aff1-c870d58b142c/datanode-3/data/ratis/fcc090b5-5d55-4cb3-a809-ec4249a6ce26 does not exist. Creating ...
2019-10-03 08:41:08,714 [pool-149-thread-1] INFO  storage.RaftStorageDirectory (RaftStorageDirectory.java:tryLock(328)) - Lock on /workdir/hadoop-ozone/integration-test/target/test-dir/MiniOzoneClusterImpl-ff2e4020-2730-403c-aff1-c870d58b142c/datanode-3/data/ratis/fcc090b5-5d55-4cb3-a809-ec4249a6ce26/in_use.lock acquired by nodename 10174@pr-hdds-2234-ztsc4-2614151736
2019-10-03 08:41:08,727 [pool-149-thread-1] INFO  storage.RaftStorage (RaftStorage.java:format(84)) - Storage directory /workdir/hadoop-ozone/integration-test/target/test-dir/MiniOzoneClusterImpl-ff2e4020-2730-403c-aff1-c870d58b142c/datanode-3/data/ratis/fcc090b5-5d55-4cb3-a809-ec4249a6ce26 has been successfully formatted.
2019-10-03 08:41:08,727 [pool-149-thread-1] INFO  ratis.ContainerStateMachine (ContainerStateMachine.java:loadSnapshot(230)) - group-EC4249A6CE26: The snapshot info is null. Setting the last applied indexto:(t:0, i:~)
2019-10-03 08:41:08,727 [pool-149-thread-1] INFO  server.RaftServerConfigKeys (ConfUtils.java:logGet(43)) - raft.server.notification.no-leader.timeout = 120s (custom)
2019-10-03 08:41:08,728 [pool-149-thread-1] INFO  server.RaftServerConfigKeys (ConfUtils.java:logGet(43)) - raft.server.log.use.memory = false (default)
2019-10-03 08:41:08,728 [pool-149-thread-1] INFO  server.RaftServerConfigKeys (ConfUtils.java:logGet(43)) - raft.server.log.purge.gap = 1000000 (custom)
2019-10-03 08:41:08,728 [pool-149-thread-1] INFO  server.RaftServerConfigKeys (ConfUtils.java:logGet(43)) - raft.server.log.appender.buffer.byte-limit = 33554432 (custom)
2019-10-03 08:41:08,728 [pool-149-thread-1] INFO  server.RaftServerConfigKeys (ConfUtils.java:logGet(43)) - raft.server.log.segment.size.max = 1048576 (custom)
2019-10-03 08:41:08,731 [pool-149-thread-1] INFO  server.RaftServerConfigKeys (ConfUtils.java:logGet(43)) - raft.server.log.segment.cache.num.max = 2 (custom)
2019-10-03 08:41:08,731 [pool-149-thread-1] INFO  segmented.SegmentedRaftLogWorker (SegmentedRaftLogWorker.java:<init>(173)) - new f71f06b4-a692-49f1-adba-dc747e3d882f@group-EC4249A6CE26-SegmentedRaftLogWorker for RaftStorage:Storage Directory /workdir/hadoop-ozone/integration-test/target/test-dir/MiniOzoneClusterImpl-ff2e4020-2730-403c-aff1-c870d58b142c/datanode-3/data/ratis/fcc090b5-5d55-4cb3-a809-ec4249a6ce26
2019-10-03 08:41:08,731 [pool-149-thread-1] INFO  server.RaftServerConfigKeys (ConfUtils.java:logGet(43)) - raft.server.log.queue.byte-limit = 2147483647 (custom)
2019-10-03 08:41:08,731 [pool-149-thread-1] INFO  server.RaftServerConfigKeys (ConfUtils.java:logGet(43)) - raft.server.log.queue.element-limit = 1024 (custom)
2019-10-03 08:41:08,732 [pool-149-thread-1] INFO  server.RaftServerConfigKeys (ConfUtils.java:logGet(43)) - raft.server.log.segment.size.max = 1048576 (custom)
2019-10-03 08:41:08,732 [pool-149-thread-1] INFO  server.RaftServerConfigKeys (ConfUtils.java:logGet(43)) - raft.server.log.preallocated.size = 16384 (custom)
2019-10-03 08:41:08,732 [pool-149-thread-1] INFO  server.RaftServerConfigKeys (ConfUtils.java:logGet(43)) - raft.server.log.write.buffer.size = 33554432 (custom)
2019-10-03 08:41:08,732 [pool-149-thread-1] INFO  server.RaftServerConfigKeys (ConfUtils.java:logGet(43)) - raft.server.log.force.sync.num = 128 (default)
2019-10-03 08:41:08,732 [pool-149-thread-1] INFO  server.RaftServerConfigKeys (ConfUtils.java:logGet(43)) - raft.server.log.statemachine.data.sync = true (default)
2019-10-03 08:41:08,732 [pool-149-thread-1] INFO  server.RaftServerConfigKeys (ConfUtils.java:logGet(43)) - raft.server.log.statemachine.data.sync.timeout = 10s (default)
2019-10-03 08:41:08,732 [pool-149-thread-1] INFO  server.RaftServerConfigKeys (ConfUtils.java:logGet(43)) - raft.server.log.statemachine.data.sync.timeout.retry = -1 (default)
2019-10-03 08:41:08,733 [pool-149-thread-1] INFO  server.RaftServerConfigKeys (ConfUtils.java:logGet(43)) - raft.server.log.statemachine.data.caching.enabled = true (custom)
2019-10-03 08:41:08,733 [pool-149-thread-1] INFO  segmented.SegmentedRaftLogWorker (SegmentedRaftLogWorker.java:lambda$new$0(128)) - f71f06b4-a692-49f1-adba-dc747e3d882f@group-EC4249A6CE26-SegmentedRaftLogWorker: flushIndex: setUnconditionally 0 -> -1
2019-10-03 08:41:08,734 [pool-149-thread-1] INFO  server.RaftServerConfigKeys (ConfUtils.java:logGet(43)) - raft.server.snapshot.auto.trigger.enabled = true (custom)
2019-10-03 08:41:08,734 [pool-149-thread-1] INFO  server.RaftServerConfigKeys (ConfUtils.java:logGet(43)) - raft.server.snapshot.auto.trigger.threshold = 10000 (custom)
2019-10-03 08:41:08,734 [pool-149-thread-1] INFO  server.RaftServerConfigKeys (ConfUtils.java:logGet(43)) - raft.server.snapshot.retention.file.num = 5 (custom)
2019-10-03 08:41:08,734 [pool-149-thread-1] INFO  server.RaftServerConfigKeys (ConfUtils.java:logGet(43)) - raft.server.retrycache.expirytime = 600000ms (custom)
2019-10-03 08:41:08,737 [pool-149-thread-1] INFO  impl.RaftServerImpl (RaftServerImpl.java:start(181)) - f71f06b4-a692-49f1-adba-dc747e3d882f@group-EC4249A6CE26: start as a follower, conf=-1: [f71f06b4-a692-49f1-adba-dc747e3d882f:192.168.151.103:41259], old=null
2019-10-03 08:41:08,737 [pool-149-thread-1] INFO  impl.RaftServerImpl (RaftServerImpl.java:setRole(170)) - f71f06b4-a692-49f1-adba-dc747e3d882f@group-EC4249A6CE26: changes role from      null to FOLLOWER at term 0 for startAsFollower
2019-10-03 08:41:08,737 [pool-149-thread-1] INFO  impl.RoleInfo (RoleInfo.java:updateAndGet(143)) - f71f06b4-a692-49f1-adba-dc747e3d882f: start FollowerState
2019-10-03 08:41:08,738 [pool-149-thread-1] INFO  util.JmxRegister (JmxRegister.java:tryRegister(44)) - Successfully registered JMX Bean with object name Ratis:service=RaftServer,group=group-EC4249A6CE26,id=f71f06b4-a692-49f1-adba-dc747e3d882f
2019-10-03 08:41:08,743 [RatisPipelineUtilsThread] INFO  pipeline.PipelineStateManager (PipelineStateManager.java:addPipeline(56)) - Created pipeline Pipeline[ Id: fcc090b5-5d55-4cb3-a809-ec4249a6ce26, Nodes: f71f06b4-a692-49f1-adba-dc747e3d882f{ip: 192.168.151.103, host: pr-hdds-2234-ztsc4-2614151736, networkLocation: /default-rack, certSerialId: null}, Type:RATIS, Factor:ONE, State:OPEN]
2019-10-03 08:41:08,751 [grpc-default-executor-2] INFO  impl.RaftServerProxy (RaftServerProxy.java:addNew(89)) - af447d1a-9c68-44de-a982-ad02f9800cfd: addNew group-915611A7B615:[af447d1a-9c68-44de-a982-ad02f9800cfd:192.168.151.103:45465] returns group-915611A7B615:java.util.concurrent.CompletableFuture@62beaad[Not completed]
2019-10-03 08:41:08,753 [pool-129-thread-1] INFO  impl.RaftServerImpl (RaftServerImpl.java:<init>(95)) - af447d1a-9c68-44de-a982-ad02f9800cfd: new RaftServerImpl for group-915611A7B615:[af447d1a-9c68-44de-a982-ad02f9800cfd:192.168.151.103:45465] with ContainerStateMachine:uninitialized
2019-10-03 08:41:08,753 [pool-129-thread-1] INFO  server.RaftServerConfigKeys (ConfUtils.java:logGet(43)) - raft.server.rpc.timeout.min = 5s (custom)
2019-10-03 08:41:08,753 [pool-129-thread-1] INFO  server.RaftServerConfigKeys (ConfUtils.java:logGet(43)) - raft.server.rpc.timeout.max = 5200ms (custom)
2019-10-03 08:41:08,754 [pool-129-thread-1] INFO  server.RaftServerConfigKeys (ConfUtils.java:logGet(43)) - raft.server.rpcslowness.timeout = 120s (custom)
2019-10-03 08:41:08,754 [pool-129-thread-1] INFO  server.RaftServerConfigKeys (ConfUtils.java:logGet(43)) - raft.server.sleep.deviation.threshold = 300 (default)
2019-10-03 08:41:08,754 [pool-129-thread-1] INFO  server.RaftServerConfigKeys (ConfUtils.java:logGet(43)) - raft.server.log.appender.install.snapshot.enabled = false (custom)
2019-10-03 08:41:08,754 [pool-129-thread-1] INFO  impl.RaftServerImpl (ServerState.java:<init>(103)) - af447d1a-9c68-44de-a982-ad02f9800cfd@group-915611A7B615: ConfigurationManager, init=-1: [af447d1a-9c68-44de-a982-ad02f9800cfd:192.168.151.103:45465], old=null, confs=<EMPTY_MAP>
2019-10-03 08:41:08,754 [pool-129-thread-1] INFO  server.RaftServerConfigKeys (ConfUtils.java:logGet(43)) - raft.server.storage.dir = [/workdir/hadoop-ozone/integration-test/target/test-dir/MiniOzoneClusterImpl-ff2e4020-2730-403c-aff1-c870d58b142c/datanode-1/data/ratis] (custom)
2019-10-03 08:41:08,755 [pool-129-thread-1] INFO  server.RaftServerConfigKeys (ConfUtils.java:logGet(43)) - raft.server.log.corruption.policy = EXCEPTION (default)
2019-10-03 08:41:08,755 [pool-129-thread-1] INFO  storage.RaftStorageDirectory (RaftStorageDirectory.java:analyzeStorage(246)) - The storage directory /workdir/hadoop-ozone/integration-test/target/test-dir/MiniOzoneClusterImpl-ff2e4020-2730-403c-aff1-c870d58b142c/datanode-1/data/ratis/dd003080-1f6d-4fb3-b36a-915611a7b615 does not exist. Creating ...
2019-10-03 08:41:08,767 [pool-129-thread-1] INFO  storage.RaftStorageDirectory (RaftStorageDirectory.java:tryLock(328)) - Lock on /workdir/hadoop-ozone/integration-test/target/test-dir/MiniOzoneClusterImpl-ff2e4020-2730-403c-aff1-c870d58b142c/datanode-1/data/ratis/dd003080-1f6d-4fb3-b36a-915611a7b615/in_use.lock acquired by nodename 10174@pr-hdds-2234-ztsc4-2614151736
2019-10-03 08:41:08,781 [pool-129-thread-1] INFO  storage.RaftStorage (RaftStorage.java:format(84)) - Storage directory /workdir/hadoop-ozone/integration-test/target/test-dir/MiniOzoneClusterImpl-ff2e4020-2730-403c-aff1-c870d58b142c/datanode-1/data/ratis/dd003080-1f6d-4fb3-b36a-915611a7b615 has been successfully formatted.
2019-10-03 08:41:08,781 [pool-129-thread-1] INFO  ratis.ContainerStateMachine (ContainerStateMachine.java:loadSnapshot(230)) - group-915611A7B615: The snapshot info is null. Setting the last applied indexto:(t:0, i:~)
2019-10-03 08:41:08,781 [pool-129-thread-1] INFO  server.RaftServerConfigKeys (ConfUtils.java:logGet(43)) - raft.server.notification.no-leader.timeout = 120s (custom)
2019-10-03 08:41:08,781 [pool-129-thread-1] INFO  server.RaftServerConfigKeys (ConfUtils.java:logGet(43)) - raft.server.log.use.memory = false (default)
2019-10-03 08:41:08,781 [pool-129-thread-1] INFO  server.RaftServerConfigKeys (ConfUtils.java:logGet(43)) - raft.server.log.purge.gap = 1000000 (custom)
2019-10-03 08:41:08,782 [pool-129-thread-1] INFO  server.RaftServerConfigKeys (ConfUtils.java:logGet(43)) - raft.server.log.appender.buffer.byte-limit = 33554432 (custom)
2019-10-03 08:41:08,782 [pool-129-thread-1] INFO  server.RaftServerConfigKeys (ConfUtils.java:logGet(43)) - raft.server.log.segment.size.max = 1048576 (custom)
2019-10-03 08:41:08,784 [pool-129-thread-1] INFO  server.RaftServerConfigKeys (ConfUtils.java:logGet(43)) - raft.server.log.segment.cache.num.max = 2 (custom)
2019-10-03 08:41:08,784 [pool-129-thread-1] INFO  segmented.SegmentedRaftLogWorker (SegmentedRaftLogWorker.java:<init>(173)) - new af447d1a-9c68-44de-a982-ad02f9800cfd@group-915611A7B615-SegmentedRaftLogWorker for RaftStorage:Storage Directory /workdir/hadoop-ozone/integration-test/target/test-dir/MiniOzoneClusterImpl-ff2e4020-2730-403c-aff1-c870d58b142c/datanode-1/data/ratis/dd003080-1f6d-4fb3-b36a-915611a7b615
2019-10-03 08:41:08,784 [pool-129-thread-1] INFO  server.RaftServerConfigKeys (ConfUtils.java:logGet(43)) - raft.server.log.queue.byte-limit = 2147483647 (custom)
2019-10-03 08:41:08,785 [pool-129-thread-1] INFO  server.RaftServerConfigKeys (ConfUtils.java:logGet(43)) - raft.server.log.queue.element-limit = 1024 (custom)
2019-10-03 08:41:08,785 [pool-129-thread-1] INFO  server.RaftServerConfigKeys (ConfUtils.java:logGet(43)) - raft.server.log.segment.size.max = 1048576 (custom)
2019-10-03 08:41:08,785 [pool-129-thread-1] INFO  server.RaftServerConfigKeys (ConfUtils.java:logGet(43)) - raft.server.log.preallocated.size = 16384 (custom)
2019-10-03 08:41:08,785 [pool-129-thread-1] INFO  server.RaftServerConfigKeys (ConfUtils.java:logGet(43)) - raft.server.log.write.buffer.size = 33554432 (custom)
2019-10-03 08:41:08,785 [pool-129-thread-1] INFO  server.RaftServerConfigKeys (ConfUtils.java:logGet(43)) - raft.server.log.force.sync.num = 128 (default)
2019-10-03 08:41:08,785 [pool-129-thread-1] INFO  server.RaftServerConfigKeys (ConfUtils.java:logGet(43)) - raft.server.log.statemachine.data.sync = true (default)
2019-10-03 08:41:08,786 [pool-129-thread-1] INFO  server.RaftServerConfigKeys (ConfUtils.java:logGet(43)) - raft.server.log.statemachine.data.sync.timeout = 10s (default)
2019-10-03 08:41:08,786 [pool-129-thread-1] INFO  server.RaftServerConfigKeys (ConfUtils.java:logGet(43)) - raft.server.log.statemachine.data.sync.timeout.retry = -1 (default)
2019-10-03 08:41:08,786 [pool-129-thread-1] INFO  server.RaftServerConfigKeys (ConfUtils.java:logGet(43)) - raft.server.log.statemachine.data.caching.enabled = true (custom)
2019-10-03 08:41:08,787 [pool-129-thread-1] INFO  segmented.SegmentedRaftLogWorker (SegmentedRaftLogWorker.java:lambda$new$0(128)) - af447d1a-9c68-44de-a982-ad02f9800cfd@group-915611A7B615-SegmentedRaftLogWorker: flushIndex: setUnconditionally 0 -> -1
2019-10-03 08:41:08,787 [pool-129-thread-1] INFO  server.RaftServerConfigKeys (ConfUtils.java:logGet(43)) - raft.server.snapshot.auto.trigger.enabled = true (custom)
2019-10-03 08:41:08,787 [pool-129-thread-1] INFO  server.RaftServerConfigKeys (ConfUtils.java:logGet(43)) - raft.server.snapshot.auto.trigger.threshold = 10000 (custom)
2019-10-03 08:41:08,787 [pool-129-thread-1] INFO  server.RaftServerConfigKeys (ConfUtils.java:logGet(43)) - raft.server.snapshot.retention.file.num = 5 (custom)
2019-10-03 08:41:08,787 [pool-129-thread-1] INFO  server.RaftServerConfigKeys (ConfUtils.java:logGet(43)) - raft.server.retrycache.expirytime = 600000ms (custom)
2019-10-03 08:41:08,790 [pool-129-thread-1] INFO  impl.RaftServerImpl (RaftServerImpl.java:start(181)) - af447d1a-9c68-44de-a982-ad02f9800cfd@group-915611A7B615: start as a follower, conf=-1: [af447d1a-9c68-44de-a982-ad02f9800cfd:192.168.151.103:45465], old=null
2019-10-03 08:41:08,790 [pool-129-thread-1] INFO  impl.RaftServerImpl (RaftServerImpl.java:setRole(170)) - af447d1a-9c68-44de-a982-ad02f9800cfd@group-915611A7B615: changes role from      null to FOLLOWER at term 0 for startAsFollower
2019-10-03 08:41:08,790 [pool-129-thread-1] INFO  impl.RoleInfo (RoleInfo.java:updateAndGet(143)) - af447d1a-9c68-44de-a982-ad02f9800cfd: start FollowerState
2019-10-03 08:41:08,799 [pool-129-thread-1] INFO  util.JmxRegister (JmxRegister.java:tryRegister(44)) - Successfully registered JMX Bean with object name Ratis:service=RaftServer,group=group-915611A7B615,id=af447d1a-9c68-44de-a982-ad02f9800cfd
2019-10-03 08:41:08,812 [RatisPipelineUtilsThread] INFO  pipeline.PipelineStateManager (PipelineStateManager.java:addPipeline(56)) - Created pipeline Pipeline[ Id: dd003080-1f6d-4fb3-b36a-915611a7b615, Nodes: af447d1a-9c68-44de-a982-ad02f9800cfd{ip: 192.168.151.103, host: pr-hdds-2234-ztsc4-2614151736, networkLocation: /default-rack, certSerialId: null}, Type:RATIS, Factor:ONE, State:OPEN]
2019-10-03 08:41:08,823 [grpc-default-executor-2] INFO  impl.RaftServerProxy (RaftServerProxy.java:addNew(89)) - 63cb16dc-568f-4f90-a87b-96e9755fb6cd: addNew group-0FFABCAF080F:[63cb16dc-568f-4f90-a87b-96e9755fb6cd:192.168.151.103:39945] returns group-0FFABCAF080F:java.util.concurrent.CompletableFuture@6d03f811[Not completed]
2019-10-03 08:41:08,828 [pool-159-thread-1] INFO  impl.RaftServerImpl (RaftServerImpl.java:<init>(95)) - 63cb16dc-568f-4f90-a87b-96e9755fb6cd: new RaftServerImpl for group-0FFABCAF080F:[63cb16dc-568f-4f90-a87b-96e9755fb6cd:192.168.151.103:39945] with ContainerStateMachine:uninitialized
2019-10-03 08:41:08,829 [pool-159-thread-1] INFO  server.RaftServerConfigKeys (ConfUtils.java:logGet(43)) - raft.server.rpc.timeout.min = 5s (custom)
2019-10-03 08:41:08,829 [pool-159-thread-1] INFO  server.RaftServerConfigKeys (ConfUtils.java:logGet(43)) - raft.server.rpc.timeout.max = 5200ms (custom)
2019-10-03 08:41:08,829 [pool-159-thread-1] INFO  server.RaftServerConfigKeys (ConfUtils.java:logGet(43)) - raft.server.rpcslowness.timeout = 120s (custom)
2019-10-03 08:41:08,829 [pool-159-thread-1] INFO  server.RaftServerConfigKeys (ConfUtils.java:logGet(43)) - raft.server.sleep.deviation.threshold = 300 (default)
2019-10-03 08:41:08,829 [pool-159-thread-1] INFO  server.RaftServerConfigKeys (ConfUtils.java:logGet(43)) - raft.server.log.appender.install.snapshot.enabled = false (custom)
2019-10-03 08:41:08,830 [pool-159-thread-1] INFO  impl.RaftServerImpl (ServerState.java:<init>(103)) - 63cb16dc-568f-4f90-a87b-96e9755fb6cd@group-0FFABCAF080F: ConfigurationManager, init=-1: [63cb16dc-568f-4f90-a87b-96e9755fb6cd:192.168.151.103:39945], old=null, confs=<EMPTY_MAP>
2019-10-03 08:41:08,830 [pool-159-thread-1] INFO  server.RaftServerConfigKeys (ConfUtils.java:logGet(43)) - raft.server.storage.dir = [/workdir/hadoop-ozone/integration-test/target/test-dir/MiniOzoneClusterImpl-ff2e4020-2730-403c-aff1-c870d58b142c/datanode-4/data/ratis] (custom)
2019-10-03 08:41:08,830 [pool-159-thread-1] INFO  server.RaftServerConfigKeys (ConfUtils.java:logGet(43)) - raft.server.log.corruption.policy = EXCEPTION (default)
2019-10-03 08:41:08,831 [pool-159-thread-1] INFO  storage.RaftStorageDirectory (RaftStorageDirectory.java:analyzeStorage(246)) - The storage directory /workdir/hadoop-ozone/integration-test/target/test-dir/MiniOzoneClusterImpl-ff2e4020-2730-403c-aff1-c870d58b142c/datanode-4/data/ratis/9d59ee72-82d5-4603-9b73-0ffabcaf080f does not exist. Creating ...
2019-10-03 08:41:08,843 [pool-159-thread-1] INFO  storage.RaftStorageDirectory (RaftStorageDirectory.java:tryLock(328)) - Lock on /workdir/hadoop-ozone/integration-test/target/test-dir/MiniOzoneClusterImpl-ff2e4020-2730-403c-aff1-c870d58b142c/datanode-4/data/ratis/9d59ee72-82d5-4603-9b73-0ffabcaf080f/in_use.lock acquired by nodename 10174@pr-hdds-2234-ztsc4-2614151736
2019-10-03 08:41:08,856 [pool-159-thread-1] INFO  storage.RaftStorage (RaftStorage.java:format(84)) - Storage directory /workdir/hadoop-ozone/integration-test/target/test-dir/MiniOzoneClusterImpl-ff2e4020-2730-403c-aff1-c870d58b142c/datanode-4/data/ratis/9d59ee72-82d5-4603-9b73-0ffabcaf080f has been successfully formatted.
2019-10-03 08:41:08,856 [pool-159-thread-1] INFO  ratis.ContainerStateMachine (ContainerStateMachine.java:loadSnapshot(230)) - group-0FFABCAF080F: The snapshot info is null. Setting the last applied indexto:(t:0, i:~)
2019-10-03 08:41:08,857 [pool-159-thread-1] INFO  server.RaftServerConfigKeys (ConfUtils.java:logGet(43)) - raft.server.notification.no-leader.timeout = 120s (custom)
2019-10-03 08:41:08,857 [pool-159-thread-1] INFO  server.RaftServerConfigKeys (ConfUtils.java:logGet(43)) - raft.server.log.use.memory = false (default)
2019-10-03 08:41:08,857 [pool-159-thread-1] INFO  server.RaftServerConfigKeys (ConfUtils.java:logGet(43)) - raft.server.log.purge.gap = 1000000 (custom)
2019-10-03 08:41:08,857 [pool-159-thread-1] INFO  server.RaftServerConfigKeys (ConfUtils.java:logGet(43)) - raft.server.log.appender.buffer.byte-limit = 33554432 (custom)
2019-10-03 08:41:08,857 [pool-159-thread-1] INFO  server.RaftServerConfigKeys (ConfUtils.java:logGet(43)) - raft.server.log.segment.size.max = 1048576 (custom)
2019-10-03 08:41:08,860 [pool-159-thread-1] INFO  server.RaftServerConfigKeys (ConfUtils.java:logGet(43)) - raft.server.log.segment.cache.num.max = 2 (custom)
2019-10-03 08:41:08,860 [pool-159-thread-1] INFO  segmented.SegmentedRaftLogWorker (SegmentedRaftLogWorker.java:<init>(173)) - new 63cb16dc-568f-4f90-a87b-96e9755fb6cd@group-0FFABCAF080F-SegmentedRaftLogWorker for RaftStorage:Storage Directory /workdir/hadoop-ozone/integration-test/target/test-dir/MiniOzoneClusterImpl-ff2e4020-2730-403c-aff1-c870d58b142c/datanode-4/data/ratis/9d59ee72-82d5-4603-9b73-0ffabcaf080f
2019-10-03 08:41:08,860 [pool-159-thread-1] INFO  server.RaftServerConfigKeys (ConfUtils.java:logGet(43)) - raft.server.log.queue.byte-limit = 2147483647 (custom)
2019-10-03 08:41:08,860 [pool-159-thread-1] INFO  server.RaftServerConfigKeys (ConfUtils.java:logGet(43)) - raft.server.log.queue.element-limit = 1024 (custom)
2019-10-03 08:41:08,861 [pool-159-thread-1] INFO  server.RaftServerConfigKeys (ConfUtils.java:logGet(43)) - raft.server.log.segment.size.max = 1048576 (custom)
2019-10-03 08:41:08,861 [pool-159-thread-1] INFO  server.RaftServerConfigKeys (ConfUtils.java:logGet(43)) - raft.server.log.preallocated.size = 16384 (custom)
2019-10-03 08:41:08,861 [pool-159-thread-1] INFO  server.RaftServerConfigKeys (ConfUtils.java:logGet(43)) - raft.server.log.write.buffer.size = 33554432 (custom)
2019-10-03 08:41:08,861 [pool-159-thread-1] INFO  server.RaftServerConfigKeys (ConfUtils.java:logGet(43)) - raft.server.log.force.sync.num = 128 (default)
2019-10-03 08:41:08,861 [pool-159-thread-1] INFO  server.RaftServerConfigKeys (ConfUtils.java:logGet(43)) - raft.server.log.statemachine.data.sync = true (default)
2019-10-03 08:41:08,861 [pool-159-thread-1] INFO  server.RaftServerConfigKeys (ConfUtils.java:logGet(43)) - raft.server.log.statemachine.data.sync.timeout = 10s (default)
2019-10-03 08:41:08,861 [pool-159-thread-1] INFO  server.RaftServerConfigKeys (ConfUtils.java:logGet(43)) - raft.server.log.statemachine.data.sync.timeout.retry = -1 (default)
2019-10-03 08:41:08,862 [pool-159-thread-1] INFO  server.RaftServerConfigKeys (ConfUtils.java:logGet(43)) - raft.server.log.statemachine.data.caching.enabled = true (custom)
2019-10-03 08:41:08,862 [pool-159-thread-1] INFO  segmented.SegmentedRaftLogWorker (SegmentedRaftLogWorker.java:lambda$new$0(128)) - 63cb16dc-568f-4f90-a87b-96e9755fb6cd@group-0FFABCAF080F-SegmentedRaftLogWorker: flushIndex: setUnconditionally 0 -> -1
2019-10-03 08:41:08,863 [pool-159-thread-1] INFO  server.RaftServerConfigKeys (ConfUtils.java:logGet(43)) - raft.server.snapshot.auto.trigger.enabled = true (custom)
2019-10-03 08:41:08,863 [pool-159-thread-1] INFO  server.RaftServerConfigKeys (ConfUtils.java:logGet(43)) - raft.server.snapshot.auto.trigger.threshold = 10000 (custom)
2019-10-03 08:41:08,863 [pool-159-thread-1] INFO  server.RaftServerConfigKeys (ConfUtils.java:logGet(43)) - raft.server.snapshot.retention.file.num = 5 (custom)
2019-10-03 08:41:08,863 [pool-159-thread-1] INFO  server.RaftServerConfigKeys (ConfUtils.java:logGet(43)) - raft.server.retrycache.expirytime = 600000ms (custom)
2019-10-03 08:41:08,866 [pool-159-thread-1] INFO  impl.RaftServerImpl (RaftServerImpl.java:start(181)) - 63cb16dc-568f-4f90-a87b-96e9755fb6cd@group-0FFABCAF080F: start as a follower, conf=-1: [63cb16dc-568f-4f90-a87b-96e9755fb6cd:192.168.151.103:39945], old=null
2019-10-03 08:41:08,866 [pool-159-thread-1] INFO  impl.RaftServerImpl (RaftServerImpl.java:setRole(170)) - 63cb16dc-568f-4f90-a87b-96e9755fb6cd@group-0FFABCAF080F: changes role from      null to FOLLOWER at term 0 for startAsFollower
2019-10-03 08:41:08,866 [pool-159-thread-1] INFO  impl.RoleInfo (RoleInfo.java:updateAndGet(143)) - 63cb16dc-568f-4f90-a87b-96e9755fb6cd: start FollowerState
2019-10-03 08:41:08,867 [pool-159-thread-1] INFO  util.JmxRegister (JmxRegister.java:tryRegister(44)) - Successfully registered JMX Bean with object name Ratis:service=RaftServer,group=group-0FFABCAF080F,id=63cb16dc-568f-4f90-a87b-96e9755fb6cd
2019-10-03 08:41:08,872 [RatisPipelineUtilsThread] INFO  pipeline.PipelineStateManager (PipelineStateManager.java:addPipeline(56)) - Created pipeline Pipeline[ Id: 9d59ee72-82d5-4603-9b73-0ffabcaf080f, Nodes: 63cb16dc-568f-4f90-a87b-96e9755fb6cd{ip: 192.168.151.103, host: pr-hdds-2234-ztsc4-2614151736, networkLocation: /default-rack, certSerialId: null}, Type:RATIS, Factor:ONE, State:OPEN]
2019-10-03 08:41:08,883 [grpc-default-executor-2] INFO  impl.RaftServerProxy (RaftServerProxy.java:addNew(89)) - e7a3cf27-7796-4558-9a9d-ccb0a118d6f3: addNew group-1047293B6B4B:[e7a3cf27-7796-4558-9a9d-ccb0a118d6f3:192.168.151.103:44168] returns group-1047293B6B4B:java.util.concurrent.CompletableFuture@354af4f7[Not completed]
2019-10-03 08:41:08,888 [pool-169-thread-1] INFO  impl.RaftServerImpl (RaftServerImpl.java:<init>(95)) - e7a3cf27-7796-4558-9a9d-ccb0a118d6f3: new RaftServerImpl for group-1047293B6B4B:[e7a3cf27-7796-4558-9a9d-ccb0a118d6f3:192.168.151.103:44168] with ContainerStateMachine:uninitialized
2019-10-03 08:41:08,889 [pool-169-thread-1] INFO  server.RaftServerConfigKeys (ConfUtils.java:logGet(43)) - raft.server.rpc.timeout.min = 5s (custom)
2019-10-03 08:41:08,889 [pool-169-thread-1] INFO  server.RaftServerConfigKeys (ConfUtils.java:logGet(43)) - raft.server.rpc.timeout.max = 5200ms (custom)
2019-10-03 08:41:08,889 [pool-169-thread-1] INFO  server.RaftServerConfigKeys (ConfUtils.java:logGet(43)) - raft.server.rpcslowness.timeout = 120s (custom)
2019-10-03 08:41:08,889 [pool-169-thread-1] INFO  server.RaftServerConfigKeys (ConfUtils.java:logGet(43)) - raft.server.sleep.deviation.threshold = 300 (default)
2019-10-03 08:41:08,889 [pool-169-thread-1] INFO  server.RaftServerConfigKeys (ConfUtils.java:logGet(43)) - raft.server.log.appender.install.snapshot.enabled = false (custom)
2019-10-03 08:41:08,890 [pool-169-thread-1] INFO  impl.RaftServerImpl (ServerState.java:<init>(103)) - e7a3cf27-7796-4558-9a9d-ccb0a118d6f3@group-1047293B6B4B: ConfigurationManager, init=-1: [e7a3cf27-7796-4558-9a9d-ccb0a118d6f3:192.168.151.103:44168], old=null, confs=<EMPTY_MAP>
2019-10-03 08:41:08,890 [pool-169-thread-1] INFO  server.RaftServerConfigKeys (ConfUtils.java:logGet(43)) - raft.server.storage.dir = [/workdir/hadoop-ozone/integration-test/target/test-dir/MiniOzoneClusterImpl-ff2e4020-2730-403c-aff1-c870d58b142c/datanode-5/data/ratis] (custom)
2019-10-03 08:41:08,890 [pool-169-thread-1] INFO  server.RaftServerConfigKeys (ConfUtils.java:logGet(43)) - raft.server.log.corruption.policy = EXCEPTION (default)
2019-10-03 08:41:08,890 [pool-169-thread-1] INFO  storage.RaftStorageDirectory (RaftStorageDirectory.java:analyzeStorage(246)) - The storage directory /workdir/hadoop-ozone/integration-test/target/test-dir/MiniOzoneClusterImpl-ff2e4020-2730-403c-aff1-c870d58b142c/datanode-5/data/ratis/3e336966-4dfd-4357-92fe-1047293b6b4b does not exist. Creating ...
2019-10-03 08:41:08,904 [pool-169-thread-1] INFO  storage.RaftStorageDirectory (RaftStorageDirectory.java:tryLock(328)) - Lock on /workdir/hadoop-ozone/integration-test/target/test-dir/MiniOzoneClusterImpl-ff2e4020-2730-403c-aff1-c870d58b142c/datanode-5/data/ratis/3e336966-4dfd-4357-92fe-1047293b6b4b/in_use.lock acquired by nodename 10174@pr-hdds-2234-ztsc4-2614151736
2019-10-03 08:41:08,917 [pool-169-thread-1] INFO  storage.RaftStorage (RaftStorage.java:format(84)) - Storage directory /workdir/hadoop-ozone/integration-test/target/test-dir/MiniOzoneClusterImpl-ff2e4020-2730-403c-aff1-c870d58b142c/datanode-5/data/ratis/3e336966-4dfd-4357-92fe-1047293b6b4b has been successfully formatted.
2019-10-03 08:41:08,918 [pool-169-thread-1] INFO  ratis.ContainerStateMachine (ContainerStateMachine.java:loadSnapshot(230)) - group-1047293B6B4B: The snapshot info is null. Setting the last applied indexto:(t:0, i:~)
2019-10-03 08:41:08,918 [pool-169-thread-1] INFO  server.RaftServerConfigKeys (ConfUtils.java:logGet(43)) - raft.server.notification.no-leader.timeout = 120s (custom)
2019-10-03 08:41:08,918 [pool-169-thread-1] INFO  server.RaftServerConfigKeys (ConfUtils.java:logGet(43)) - raft.server.log.use.memory = false (default)
2019-10-03 08:41:08,919 [pool-169-thread-1] INFO  server.RaftServerConfigKeys (ConfUtils.java:logGet(43)) - raft.server.log.purge.gap = 1000000 (custom)
2019-10-03 08:41:08,919 [pool-169-thread-1] INFO  server.RaftServerConfigKeys (ConfUtils.java:logGet(43)) - raft.server.log.appender.buffer.byte-limit = 33554432 (custom)
2019-10-03 08:41:08,919 [pool-169-thread-1] INFO  server.RaftServerConfigKeys (ConfUtils.java:logGet(43)) - raft.server.log.segment.size.max = 1048576 (custom)
2019-10-03 08:41:08,923 [pool-169-thread-1] INFO  server.RaftServerConfigKeys (ConfUtils.java:logGet(43)) - raft.server.log.segment.cache.num.max = 2 (custom)
2019-10-03 08:41:08,924 [pool-169-thread-1] INFO  segmented.SegmentedRaftLogWorker (SegmentedRaftLogWorker.java:<init>(173)) - new e7a3cf27-7796-4558-9a9d-ccb0a118d6f3@group-1047293B6B4B-SegmentedRaftLogWorker for RaftStorage:Storage Directory /workdir/hadoop-ozone/integration-test/target/test-dir/MiniOzoneClusterImpl-ff2e4020-2730-403c-aff1-c870d58b142c/datanode-5/data/ratis/3e336966-4dfd-4357-92fe-1047293b6b4b
2019-10-03 08:41:08,924 [pool-169-thread-1] INFO  server.RaftServerConfigKeys (ConfUtils.java:logGet(43)) - raft.server.log.queue.byte-limit = 2147483647 (custom)
2019-10-03 08:41:08,924 [pool-169-thread-1] INFO  server.RaftServerConfigKeys (ConfUtils.java:logGet(43)) - raft.server.log.queue.element-limit = 1024 (custom)
2019-10-03 08:41:08,924 [pool-169-thread-1] INFO  server.RaftServerConfigKeys (ConfUtils.java:logGet(43)) - raft.server.log.segment.size.max = 1048576 (custom)
2019-10-03 08:41:08,925 [pool-169-thread-1] INFO  server.RaftServerConfigKeys (ConfUtils.java:logGet(43)) - raft.server.log.preallocated.size = 16384 (custom)
2019-10-03 08:41:08,925 [pool-169-thread-1] INFO  server.RaftServerConfigKeys (ConfUtils.java:logGet(43)) - raft.server.log.write.buffer.size = 33554432 (custom)
2019-10-03 08:41:08,925 [pool-169-thread-1] INFO  server.RaftServerConfigKeys (ConfUtils.java:logGet(43)) - raft.server.log.force.sync.num = 128 (default)
2019-10-03 08:41:08,925 [pool-169-thread-1] INFO  server.RaftServerConfigKeys (ConfUtils.java:logGet(43)) - raft.server.log.statemachine.data.sync = true (default)
2019-10-03 08:41:08,926 [pool-169-thread-1] INFO  server.RaftServerConfigKeys (ConfUtils.java:logGet(43)) - raft.server.log.statemachine.data.sync.timeout = 10s (default)
2019-10-03 08:41:08,926 [pool-169-thread-1] INFO  server.RaftServerConfigKeys (ConfUtils.java:logGet(43)) - raft.server.log.statemachine.data.sync.timeout.retry = -1 (default)
2019-10-03 08:41:08,927 [pool-169-thread-1] INFO  server.RaftServerConfigKeys (ConfUtils.java:logGet(43)) - raft.server.log.statemachine.data.caching.enabled = true (custom)
2019-10-03 08:41:08,927 [pool-169-thread-1] INFO  segmented.SegmentedRaftLogWorker (SegmentedRaftLogWorker.java:lambda$new$0(128)) - e7a3cf27-7796-4558-9a9d-ccb0a118d6f3@group-1047293B6B4B-SegmentedRaftLogWorker: flushIndex: setUnconditionally 0 -> -1
2019-10-03 08:41:08,928 [pool-169-thread-1] INFO  server.RaftServerConfigKeys (ConfUtils.java:logGet(43)) - raft.server.snapshot.auto.trigger.enabled = true (custom)
2019-10-03 08:41:08,928 [pool-169-thread-1] INFO  server.RaftServerConfigKeys (ConfUtils.java:logGet(43)) - raft.server.snapshot.auto.trigger.threshold = 10000 (custom)
2019-10-03 08:41:08,928 [pool-169-thread-1] INFO  server.RaftServerConfigKeys (ConfUtils.java:logGet(43)) - raft.server.snapshot.retention.file.num = 5 (custom)
2019-10-03 08:41:08,928 [pool-169-thread-1] INFO  server.RaftServerConfigKeys (ConfUtils.java:logGet(43)) - raft.server.retrycache.expirytime = 600000ms (custom)
2019-10-03 08:41:08,932 [pool-169-thread-1] INFO  impl.RaftServerImpl (RaftServerImpl.java:start(181)) - e7a3cf27-7796-4558-9a9d-ccb0a118d6f3@group-1047293B6B4B: start as a follower, conf=-1: [e7a3cf27-7796-4558-9a9d-ccb0a118d6f3:192.168.151.103:44168], old=null
2019-10-03 08:41:08,933 [pool-169-thread-1] INFO  impl.RaftServerImpl (RaftServerImpl.java:setRole(170)) - e7a3cf27-7796-4558-9a9d-ccb0a118d6f3@group-1047293B6B4B: changes role from      null to FOLLOWER at term 0 for startAsFollower
2019-10-03 08:41:08,933 [pool-169-thread-1] INFO  impl.RoleInfo (RoleInfo.java:updateAndGet(143)) - e7a3cf27-7796-4558-9a9d-ccb0a118d6f3: start FollowerState
2019-10-03 08:41:08,933 [pool-169-thread-1] INFO  util.JmxRegister (JmxRegister.java:tryRegister(44)) - Successfully registered JMX Bean with object name Ratis:service=RaftServer,group=group-1047293B6B4B,id=e7a3cf27-7796-4558-9a9d-ccb0a118d6f3
2019-10-03 08:41:08,941 [RatisPipelineUtilsThread] INFO  pipeline.PipelineStateManager (PipelineStateManager.java:addPipeline(56)) - Created pipeline Pipeline[ Id: 3e336966-4dfd-4357-92fe-1047293b6b4b, Nodes: e7a3cf27-7796-4558-9a9d-ccb0a118d6f3{ip: 192.168.151.103, host: pr-hdds-2234-ztsc4-2614151736, networkLocation: /default-rack, certSerialId: null}, Type:RATIS, Factor:ONE, State:OPEN]
2019-10-03 08:41:08,953 [grpc-default-executor-2] INFO  impl.RaftServerProxy (RaftServerProxy.java:addNew(89)) - 34eb5b7b-c53e-443a-a410-ed0021cc1a35: addNew group-578B7A3A0BC1:[34eb5b7b-c53e-443a-a410-ed0021cc1a35:192.168.151.103:33792] returns group-578B7A3A0BC1:java.util.concurrent.CompletableFuture@2a7056ba[Not completed]
2019-10-03 08:41:08,959 [pool-179-thread-1] INFO  impl.RaftServerImpl (RaftServerImpl.java:<init>(95)) - 34eb5b7b-c53e-443a-a410-ed0021cc1a35: new RaftServerImpl for group-578B7A3A0BC1:[34eb5b7b-c53e-443a-a410-ed0021cc1a35:192.168.151.103:33792] with ContainerStateMachine:uninitialized
2019-10-03 08:41:08,959 [pool-179-thread-1] INFO  server.RaftServerConfigKeys (ConfUtils.java:logGet(43)) - raft.server.rpc.timeout.min = 5s (custom)
2019-10-03 08:41:08,959 [pool-179-thread-1] INFO  server.RaftServerConfigKeys (ConfUtils.java:logGet(43)) - raft.server.rpc.timeout.max = 5200ms (custom)
2019-10-03 08:41:08,959 [pool-179-thread-1] INFO  server.RaftServerConfigKeys (ConfUtils.java:logGet(43)) - raft.server.rpcslowness.timeout = 120s (custom)
2019-10-03 08:41:08,959 [pool-179-thread-1] INFO  server.RaftServerConfigKeys (ConfUtils.java:logGet(43)) - raft.server.sleep.deviation.threshold = 300 (default)
2019-10-03 08:41:08,960 [pool-179-thread-1] INFO  server.RaftServerConfigKeys (ConfUtils.java:logGet(43)) - raft.server.log.appender.install.snapshot.enabled = false (custom)
2019-10-03 08:41:08,960 [pool-179-thread-1] INFO  impl.RaftServerImpl (ServerState.java:<init>(103)) - 34eb5b7b-c53e-443a-a410-ed0021cc1a35@group-578B7A3A0BC1: ConfigurationManager, init=-1: [34eb5b7b-c53e-443a-a410-ed0021cc1a35:192.168.151.103:33792], old=null, confs=<EMPTY_MAP>
2019-10-03 08:41:08,960 [pool-179-thread-1] INFO  server.RaftServerConfigKeys (ConfUtils.java:logGet(43)) - raft.server.storage.dir = [/workdir/hadoop-ozone/integration-test/target/test-dir/MiniOzoneClusterImpl-ff2e4020-2730-403c-aff1-c870d58b142c/datanode-6/data/ratis] (custom)
2019-10-03 08:41:08,960 [pool-179-thread-1] INFO  server.RaftServerConfigKeys (ConfUtils.java:logGet(43)) - raft.server.log.corruption.policy = EXCEPTION (default)
2019-10-03 08:41:08,961 [pool-179-thread-1] INFO  storage.RaftStorageDirectory (RaftStorageDirectory.java:analyzeStorage(246)) - The storage directory /workdir/hadoop-ozone/integration-test/target/test-dir/MiniOzoneClusterImpl-ff2e4020-2730-403c-aff1-c870d58b142c/datanode-6/data/ratis/0be3b948-e35d-43d2-be1a-578b7a3a0bc1 does not exist. Creating ...
2019-10-03 08:41:08,973 [pool-179-thread-1] INFO  storage.RaftStorageDirectory (RaftStorageDirectory.java:tryLock(328)) - Lock on /workdir/hadoop-ozone/integration-test/target/test-dir/MiniOzoneClusterImpl-ff2e4020-2730-403c-aff1-c870d58b142c/datanode-6/data/ratis/0be3b948-e35d-43d2-be1a-578b7a3a0bc1/in_use.lock acquired by nodename 10174@pr-hdds-2234-ztsc4-2614151736
2019-10-03 08:41:08,987 [pool-179-thread-1] INFO  storage.RaftStorage (RaftStorage.java:format(84)) - Storage directory /workdir/hadoop-ozone/integration-test/target/test-dir/MiniOzoneClusterImpl-ff2e4020-2730-403c-aff1-c870d58b142c/datanode-6/data/ratis/0be3b948-e35d-43d2-be1a-578b7a3a0bc1 has been successfully formatted.
2019-10-03 08:41:08,987 [pool-179-thread-1] INFO  ratis.ContainerStateMachine (ContainerStateMachine.java:loadSnapshot(230)) - group-578B7A3A0BC1: The snapshot info is null. Setting the last applied indexto:(t:0, i:~)
2019-10-03 08:41:08,987 [pool-179-thread-1] INFO  server.RaftServerConfigKeys (ConfUtils.java:logGet(43)) - raft.server.notification.no-leader.timeout = 120s (custom)
2019-10-03 08:41:08,987 [pool-179-thread-1] INFO  server.RaftServerConfigKeys (ConfUtils.java:logGet(43)) - raft.server.log.use.memory = false (default)
2019-10-03 08:41:08,988 [pool-179-thread-1] INFO  server.RaftServerConfigKeys (ConfUtils.java:logGet(43)) - raft.server.log.purge.gap = 1000000 (custom)
2019-10-03 08:41:08,988 [pool-179-thread-1] INFO  server.RaftServerConfigKeys (ConfUtils.java:logGet(43)) - raft.server.log.appender.buffer.byte-limit = 33554432 (custom)
2019-10-03 08:41:08,988 [pool-179-thread-1] INFO  server.RaftServerConfigKeys (ConfUtils.java:logGet(43)) - raft.server.log.segment.size.max = 1048576 (custom)
2019-10-03 08:41:08,990 [pool-179-thread-1] INFO  server.RaftServerConfigKeys (ConfUtils.java:logGet(43)) - raft.server.log.segment.cache.num.max = 2 (custom)
2019-10-03 08:41:08,991 [pool-179-thread-1] INFO  segmented.SegmentedRaftLogWorker (SegmentedRaftLogWorker.java:<init>(173)) - new 34eb5b7b-c53e-443a-a410-ed0021cc1a35@group-578B7A3A0BC1-SegmentedRaftLogWorker for RaftStorage:Storage Directory /workdir/hadoop-ozone/integration-test/target/test-dir/MiniOzoneClusterImpl-ff2e4020-2730-403c-aff1-c870d58b142c/datanode-6/data/ratis/0be3b948-e35d-43d2-be1a-578b7a3a0bc1
2019-10-03 08:41:08,991 [pool-179-thread-1] INFO  server.RaftServerConfigKeys (ConfUtils.java:logGet(43)) - raft.server.log.queue.byte-limit = 2147483647 (custom)
2019-10-03 08:41:08,991 [pool-179-thread-1] INFO  server.RaftServerConfigKeys (ConfUtils.java:logGet(43)) - raft.server.log.queue.element-limit = 1024 (custom)
2019-10-03 08:41:08,991 [pool-179-thread-1] INFO  server.RaftServerConfigKeys (ConfUtils.java:logGet(43)) - raft.server.log.segment.size.max = 1048576 (custom)
2019-10-03 08:41:08,991 [pool-179-thread-1] INFO  server.RaftServerConfigKeys (ConfUtils.java:logGet(43)) - raft.server.log.preallocated.size = 16384 (custom)
2019-10-03 08:41:08,992 [pool-179-thread-1] INFO  server.RaftServerConfigKeys (ConfUtils.java:logGet(43)) - raft.server.log.write.buffer.size = 33554432 (custom)
2019-10-03 08:41:08,992 [pool-179-thread-1] INFO  server.RaftServerConfigKeys (ConfUtils.java:logGet(43)) - raft.server.log.force.sync.num = 128 (default)
2019-10-03 08:41:08,992 [pool-179-thread-1] INFO  server.RaftServerConfigKeys (ConfUtils.java:logGet(43)) - raft.server.log.statemachine.data.sync = true (default)
2019-10-03 08:41:08,992 [pool-179-thread-1] INFO  server.RaftServerConfigKeys (ConfUtils.java:logGet(43)) - raft.server.log.statemachine.data.sync.timeout = 10s (default)
2019-10-03 08:41:08,992 [pool-179-thread-1] INFO  server.RaftServerConfigKeys (ConfUtils.java:logGet(43)) - raft.server.log.statemachine.data.sync.timeout.retry = -1 (default)
2019-10-03 08:41:08,993 [pool-179-thread-1] INFO  server.RaftServerConfigKeys (ConfUtils.java:logGet(43)) - raft.server.log.statemachine.data.caching.enabled = true (custom)
2019-10-03 08:41:08,993 [pool-179-thread-1] INFO  segmented.SegmentedRaftLogWorker (SegmentedRaftLogWorker.java:lambda$new$0(128)) - 34eb5b7b-c53e-443a-a410-ed0021cc1a35@group-578B7A3A0BC1-SegmentedRaftLogWorker: flushIndex: setUnconditionally 0 -> -1
2019-10-03 08:41:08,993 [pool-179-thread-1] INFO  server.RaftServerConfigKeys (ConfUtils.java:logGet(43)) - raft.server.snapshot.auto.trigger.enabled = true (custom)
2019-10-03 08:41:08,994 [pool-179-thread-1] INFO  server.RaftServerConfigKeys (ConfUtils.java:logGet(43)) - raft.server.snapshot.auto.trigger.threshold = 10000 (custom)
2019-10-03 08:41:08,994 [pool-179-thread-1] INFO  server.RaftServerConfigKeys (ConfUtils.java:logGet(43)) - raft.server.snapshot.retention.file.num = 5 (custom)
2019-10-03 08:41:08,994 [pool-179-thread-1] INFO  server.RaftServerConfigKeys (ConfUtils.java:logGet(43)) - raft.server.retrycache.expirytime = 600000ms (custom)
2019-10-03 08:41:08,996 [pool-179-thread-1] INFO  impl.RaftServerImpl (RaftServerImpl.java:start(181)) - 34eb5b7b-c53e-443a-a410-ed0021cc1a35@group-578B7A3A0BC1: start as a follower, conf=-1: [34eb5b7b-c53e-443a-a410-ed0021cc1a35:192.168.151.103:33792], old=null
2019-10-03 08:41:08,996 [pool-179-thread-1] INFO  impl.RaftServerImpl (RaftServerImpl.java:setRole(170)) - 34eb5b7b-c53e-443a-a410-ed0021cc1a35@group-578B7A3A0BC1: changes role from      null to FOLLOWER at term 0 for startAsFollower
2019-10-03 08:41:08,997 [pool-179-thread-1] INFO  impl.RoleInfo (RoleInfo.java:updateAndGet(143)) - 34eb5b7b-c53e-443a-a410-ed0021cc1a35: start FollowerState
2019-10-03 08:41:08,997 [pool-179-thread-1] INFO  util.JmxRegister (JmxRegister.java:tryRegister(44)) - Successfully registered JMX Bean with object name Ratis:service=RaftServer,group=group-578B7A3A0BC1,id=34eb5b7b-c53e-443a-a410-ed0021cc1a35
2019-10-03 08:41:09,003 [RatisPipelineUtilsThread] INFO  pipeline.PipelineStateManager (PipelineStateManager.java:addPipeline(56)) - Created pipeline Pipeline[ Id: 0be3b948-e35d-43d2-be1a-578b7a3a0bc1, Nodes: 34eb5b7b-c53e-443a-a410-ed0021cc1a35{ip: 192.168.151.103, host: pr-hdds-2234-ztsc4-2614151736, networkLocation: /default-rack, certSerialId: null}, Type:RATIS, Factor:ONE, State:OPEN]
2019-10-03 08:41:09,028 [grpc-default-executor-0] INFO  impl.RaftServerProxy (RaftServerProxy.java:addNew(89)) - f71f06b4-a692-49f1-adba-dc747e3d882f: addNew group-21D41EB94025:[cb67de73-8b06-44b3-aeb3-7db114eecdbf:192.168.151.103:42541, af447d1a-9c68-44de-a982-ad02f9800cfd:192.168.151.103:45465, f71f06b4-a692-49f1-adba-dc747e3d882f:192.168.151.103:41259] returns group-21D41EB94025:java.util.concurrent.CompletableFuture@28e9d16c[Not completed]
2019-10-03 08:41:09,028 [grpc-default-executor-0] INFO  impl.RaftServerProxy (RaftServerProxy.java:addNew(89)) - cb67de73-8b06-44b3-aeb3-7db114eecdbf: addNew group-21D41EB94025:[cb67de73-8b06-44b3-aeb3-7db114eecdbf:192.168.151.103:42541, af447d1a-9c68-44de-a982-ad02f9800cfd:192.168.151.103:45465, f71f06b4-a692-49f1-adba-dc747e3d882f:192.168.151.103:41259] returns group-21D41EB94025:java.util.concurrent.CompletableFuture@5dccab93[Not completed]
2019-10-03 08:41:09,029 [grpc-default-executor-1] INFO  impl.RaftServerProxy (RaftServerProxy.java:addNew(89)) - af447d1a-9c68-44de-a982-ad02f9800cfd: addNew group-21D41EB94025:[cb67de73-8b06-44b3-aeb3-7db114eecdbf:192.168.151.103:42541, af447d1a-9c68-44de-a982-ad02f9800cfd:192.168.151.103:45465, f71f06b4-a692-49f1-adba-dc747e3d882f:192.168.151.103:41259] returns group-21D41EB94025:java.util.concurrent.CompletableFuture@27d0f146[Not completed]
2019-10-03 08:41:09,029 [pool-149-thread-1] INFO  impl.RaftServerImpl (RaftServerImpl.java:<init>(95)) - f71f06b4-a692-49f1-adba-dc747e3d882f: new RaftServerImpl for group-21D41EB94025:[cb67de73-8b06-44b3-aeb3-7db114eecdbf:192.168.151.103:42541, af447d1a-9c68-44de-a982-ad02f9800cfd:192.168.151.103:45465, f71f06b4-a692-49f1-adba-dc747e3d882f:192.168.151.103:41259] with ContainerStateMachine:uninitialized
2019-10-03 08:41:09,029 [pool-149-thread-1] INFO  server.RaftServerConfigKeys (ConfUtils.java:logGet(43)) - raft.server.rpc.timeout.min = 5s (custom)
2019-10-03 08:41:09,029 [pool-149-thread-1] INFO  server.RaftServerConfigKeys (ConfUtils.java:logGet(43)) - raft.server.rpc.timeout.max = 5200ms (custom)
2019-10-03 08:41:09,030 [pool-149-thread-1] INFO  server.RaftServerConfigKeys (ConfUtils.java:logGet(43)) - raft.server.rpcslowness.timeout = 120s (custom)
2019-10-03 08:41:09,030 [pool-149-thread-1] INFO  server.RaftServerConfigKeys (ConfUtils.java:logGet(43)) - raft.server.sleep.deviation.threshold = 300 (default)
2019-10-03 08:41:09,030 [pool-139-thread-1] INFO  impl.RaftServerImpl (RaftServerImpl.java:<init>(95)) - cb67de73-8b06-44b3-aeb3-7db114eecdbf: new RaftServerImpl for group-21D41EB94025:[cb67de73-8b06-44b3-aeb3-7db114eecdbf:192.168.151.103:42541, af447d1a-9c68-44de-a982-ad02f9800cfd:192.168.151.103:45465, f71f06b4-a692-49f1-adba-dc747e3d882f:192.168.151.103:41259] with ContainerStateMachine:uninitialized
2019-10-03 08:41:09,030 [pool-149-thread-1] INFO  server.RaftServerConfigKeys (ConfUtils.java:logGet(43)) - raft.server.log.appender.install.snapshot.enabled = false (custom)
2019-10-03 08:41:09,030 [pool-139-thread-1] INFO  server.RaftServerConfigKeys (ConfUtils.java:logGet(43)) - raft.server.rpc.timeout.min = 5s (custom)
2019-10-03 08:41:09,030 [pool-149-thread-1] INFO  impl.RaftServerImpl (ServerState.java:<init>(103)) - f71f06b4-a692-49f1-adba-dc747e3d882f@group-21D41EB94025: ConfigurationManager, init=-1: [cb67de73-8b06-44b3-aeb3-7db114eecdbf:192.168.151.103:42541, af447d1a-9c68-44de-a982-ad02f9800cfd:192.168.151.103:45465, f71f06b4-a692-49f1-adba-dc747e3d882f:192.168.151.103:41259], old=null, confs=<EMPTY_MAP>
2019-10-03 08:41:09,030 [pool-139-thread-1] INFO  server.RaftServerConfigKeys (ConfUtils.java:logGet(43)) - raft.server.rpc.timeout.max = 5200ms (custom)
2019-10-03 08:41:09,030 [pool-149-thread-1] INFO  server.RaftServerConfigKeys (ConfUtils.java:logGet(43)) - raft.server.storage.dir = [/workdir/hadoop-ozone/integration-test/target/test-dir/MiniOzoneClusterImpl-ff2e4020-2730-403c-aff1-c870d58b142c/datanode-3/data/ratis] (custom)
2019-10-03 08:41:09,030 [pool-129-thread-1] INFO  impl.RaftServerImpl (RaftServerImpl.java:<init>(95)) - af447d1a-9c68-44de-a982-ad02f9800cfd: new RaftServerImpl for group-21D41EB94025:[cb67de73-8b06-44b3-aeb3-7db114eecdbf:192.168.151.103:42541, af447d1a-9c68-44de-a982-ad02f9800cfd:192.168.151.103:45465, f71f06b4-a692-49f1-adba-dc747e3d882f:192.168.151.103:41259] with ContainerStateMachine:uninitialized
2019-10-03 08:41:09,030 [pool-139-thread-1] INFO  server.RaftServerConfigKeys (ConfUtils.java:logGet(43)) - raft.server.rpcslowness.timeout = 120s (custom)
2019-10-03 08:41:09,031 [pool-149-thread-1] INFO  server.RaftServerConfigKeys (ConfUtils.java:logGet(43)) - raft.server.log.corruption.policy = EXCEPTION (default)
2019-10-03 08:41:09,031 [pool-129-thread-1] INFO  server.RaftServerConfigKeys (ConfUtils.java:logGet(43)) - raft.server.rpc.timeout.min = 5s (custom)
2019-10-03 08:41:09,031 [pool-139-thread-1] INFO  server.RaftServerConfigKeys (ConfUtils.java:logGet(43)) - raft.server.sleep.deviation.threshold = 300 (default)
2019-10-03 08:41:09,031 [pool-129-thread-1] INFO  server.RaftServerConfigKeys (ConfUtils.java:logGet(43)) - raft.server.rpc.timeout.max = 5200ms (custom)
2019-10-03 08:41:09,031 [pool-149-thread-1] INFO  storage.RaftStorageDirectory (RaftStorageDirectory.java:analyzeStorage(246)) - The storage directory /workdir/hadoop-ozone/integration-test/target/test-dir/MiniOzoneClusterImpl-ff2e4020-2730-403c-aff1-c870d58b142c/datanode-3/data/ratis/0a6e4f3c-ce3b-4dab-a12f-21d41eb94025 does not exist. Creating ...
2019-10-03 08:41:09,031 [pool-129-thread-1] INFO  server.RaftServerConfigKeys (ConfUtils.java:logGet(43)) - raft.server.rpcslowness.timeout = 120s (custom)
2019-10-03 08:41:09,031 [pool-139-thread-1] INFO  server.RaftServerConfigKeys (ConfUtils.java:logGet(43)) - raft.server.log.appender.install.snapshot.enabled = false (custom)
2019-10-03 08:41:09,032 [pool-129-thread-1] INFO  server.RaftServerConfigKeys (ConfUtils.java:logGet(43)) - raft.server.sleep.deviation.threshold = 300 (default)
2019-10-03 08:41:09,032 [pool-139-thread-1] INFO  impl.RaftServerImpl (ServerState.java:<init>(103)) - cb67de73-8b06-44b3-aeb3-7db114eecdbf@group-21D41EB94025: ConfigurationManager, init=-1: [cb67de73-8b06-44b3-aeb3-7db114eecdbf:192.168.151.103:42541, af447d1a-9c68-44de-a982-ad02f9800cfd:192.168.151.103:45465, f71f06b4-a692-49f1-adba-dc747e3d882f:192.168.151.103:41259], old=null, confs=<EMPTY_MAP>
2019-10-03 08:41:09,032 [pool-129-thread-1] INFO  server.RaftServerConfigKeys (ConfUtils.java:logGet(43)) - raft.server.log.appender.install.snapshot.enabled = false (custom)
2019-10-03 08:41:09,032 [pool-139-thread-1] INFO  server.RaftServerConfigKeys (ConfUtils.java:logGet(43)) - raft.server.storage.dir = [/workdir/hadoop-ozone/integration-test/target/test-dir/MiniOzoneClusterImpl-ff2e4020-2730-403c-aff1-c870d58b142c/datanode-2/data/ratis] (custom)
2019-10-03 08:41:09,032 [pool-129-thread-1] INFO  impl.RaftServerImpl (ServerState.java:<init>(103)) - af447d1a-9c68-44de-a982-ad02f9800cfd@group-21D41EB94025: ConfigurationManager, init=-1: [cb67de73-8b06-44b3-aeb3-7db114eecdbf:192.168.151.103:42541, af447d1a-9c68-44de-a982-ad02f9800cfd:192.168.151.103:45465, f71f06b4-a692-49f1-adba-dc747e3d882f:192.168.151.103:41259], old=null, confs=<EMPTY_MAP>
2019-10-03 08:41:09,032 [pool-129-thread-1] INFO  server.RaftServerConfigKeys (ConfUtils.java:logGet(43)) - raft.server.storage.dir = [/workdir/hadoop-ozone/integration-test/target/test-dir/MiniOzoneClusterImpl-ff2e4020-2730-403c-aff1-c870d58b142c/datanode-1/data/ratis] (custom)
2019-10-03 08:41:09,032 [pool-139-thread-1] INFO  server.RaftServerConfigKeys (ConfUtils.java:logGet(43)) - raft.server.log.corruption.policy = EXCEPTION (default)
2019-10-03 08:41:09,032 [pool-129-thread-1] INFO  server.RaftServerConfigKeys (ConfUtils.java:logGet(43)) - raft.server.log.corruption.policy = EXCEPTION (default)
2019-10-03 08:41:09,033 [pool-139-thread-1] INFO  storage.RaftStorageDirectory (RaftStorageDirectory.java:analyzeStorage(246)) - The storage directory /workdir/hadoop-ozone/integration-test/target/test-dir/MiniOzoneClusterImpl-ff2e4020-2730-403c-aff1-c870d58b142c/datanode-2/data/ratis/0a6e4f3c-ce3b-4dab-a12f-21d41eb94025 does not exist. Creating ...
2019-10-03 08:41:09,033 [pool-129-thread-1] INFO  storage.RaftStorageDirectory (RaftStorageDirectory.java:analyzeStorage(246)) - The storage directory /workdir/hadoop-ozone/integration-test/target/test-dir/MiniOzoneClusterImpl-ff2e4020-2730-403c-aff1-c870d58b142c/datanode-1/data/ratis/0a6e4f3c-ce3b-4dab-a12f-21d41eb94025 does not exist. Creating ...
2019-10-03 08:41:09,045 [pool-129-thread-1] INFO  storage.RaftStorageDirectory (RaftStorageDirectory.java:tryLock(328)) - Lock on /workdir/hadoop-ozone/integration-test/target/test-dir/MiniOzoneClusterImpl-ff2e4020-2730-403c-aff1-c870d58b142c/datanode-1/data/ratis/0a6e4f3c-ce3b-4dab-a12f-21d41eb94025/in_use.lock acquired by nodename 10174@pr-hdds-2234-ztsc4-2614151736
2019-10-03 08:41:09,045 [pool-149-thread-1] INFO  storage.RaftStorageDirectory (RaftStorageDirectory.java:tryLock(328)) - Lock on /workdir/hadoop-ozone/integration-test/target/test-dir/MiniOzoneClusterImpl-ff2e4020-2730-403c-aff1-c870d58b142c/datanode-3/data/ratis/0a6e4f3c-ce3b-4dab-a12f-21d41eb94025/in_use.lock acquired by nodename 10174@pr-hdds-2234-ztsc4-2614151736
2019-10-03 08:41:09,045 [pool-139-thread-1] INFO  storage.RaftStorageDirectory (RaftStorageDirectory.java:tryLock(328)) - Lock on /workdir/hadoop-ozone/integration-test/target/test-dir/MiniOzoneClusterImpl-ff2e4020-2730-403c-aff1-c870d58b142c/datanode-2/data/ratis/0a6e4f3c-ce3b-4dab-a12f-21d41eb94025/in_use.lock acquired by nodename 10174@pr-hdds-2234-ztsc4-2614151736
2019-10-03 08:41:09,059 [pool-129-thread-1] INFO  storage.RaftStorage (RaftStorage.java:format(84)) - Storage directory /workdir/hadoop-ozone/integration-test/target/test-dir/MiniOzoneClusterImpl-ff2e4020-2730-403c-aff1-c870d58b142c/datanode-1/data/ratis/0a6e4f3c-ce3b-4dab-a12f-21d41eb94025 has been successfully formatted.
2019-10-03 08:41:09,059 [pool-149-thread-1] INFO  storage.RaftStorage (RaftStorage.java:format(84)) - Storage directory /workdir/hadoop-ozone/integration-test/target/test-dir/MiniOzoneClusterImpl-ff2e4020-2730-403c-aff1-c870d58b142c/datanode-3/data/ratis/0a6e4f3c-ce3b-4dab-a12f-21d41eb94025 has been successfully formatted.
2019-10-03 08:41:09,059 [pool-139-thread-1] INFO  storage.RaftStorage (RaftStorage.java:format(84)) - Storage directory /workdir/hadoop-ozone/integration-test/target/test-dir/MiniOzoneClusterImpl-ff2e4020-2730-403c-aff1-c870d58b142c/datanode-2/data/ratis/0a6e4f3c-ce3b-4dab-a12f-21d41eb94025 has been successfully formatted.
2019-10-03 08:41:09,059 [pool-129-thread-1] INFO  ratis.ContainerStateMachine (ContainerStateMachine.java:loadSnapshot(230)) - group-21D41EB94025: The snapshot info is null. Setting the last applied indexto:(t:0, i:~)
2019-10-03 08:41:09,059 [pool-149-thread-1] INFO  ratis.ContainerStateMachine (ContainerStateMachine.java:loadSnapshot(230)) - group-21D41EB94025: The snapshot info is null. Setting the last applied indexto:(t:0, i:~)
2019-10-03 08:41:09,059 [pool-129-thread-1] INFO  server.RaftServerConfigKeys (ConfUtils.java:logGet(43)) - raft.server.notification.no-leader.timeout = 120s (custom)
2019-10-03 08:41:09,059 [pool-139-thread-1] INFO  ratis.ContainerStateMachine (ContainerStateMachine.java:loadSnapshot(230)) - group-21D41EB94025: The snapshot info is null. Setting the last applied indexto:(t:0, i:~)
2019-10-03 08:41:09,060 [pool-129-thread-1] INFO  server.RaftServerConfigKeys (ConfUtils.java:logGet(43)) - raft.server.log.use.memory = false (default)
2019-10-03 08:41:09,060 [pool-149-thread-1] INFO  server.RaftServerConfigKeys (ConfUtils.java:logGet(43)) - raft.server.notification.no-leader.timeout = 120s (custom)
2019-10-03 08:41:09,060 [pool-129-thread-1] INFO  server.RaftServerConfigKeys (ConfUtils.java:logGet(43)) - raft.server.log.purge.gap = 1000000 (custom)
2019-10-03 08:41:09,060 [pool-139-thread-1] INFO  server.RaftServerConfigKeys (ConfUtils.java:logGet(43)) - raft.server.notification.no-leader.timeout = 120s (custom)
2019-10-03 08:41:09,060 [pool-129-thread-1] INFO  server.RaftServerConfigKeys (ConfUtils.java:logGet(43)) - raft.server.log.appender.buffer.byte-limit = 33554432 (custom)
2019-10-03 08:41:09,060 [pool-149-thread-1] INFO  server.RaftServerConfigKeys (ConfUtils.java:logGet(43)) - raft.server.log.use.memory = false (default)
2019-10-03 08:41:09,060 [pool-129-thread-1] INFO  server.RaftServerConfigKeys (ConfUtils.java:logGet(43)) - raft.server.log.segment.size.max = 1048576 (custom)
2019-10-03 08:41:09,060 [pool-139-thread-1] INFO  server.RaftServerConfigKeys (ConfUtils.java:logGet(43)) - raft.server.log.use.memory = false (default)
2019-10-03 08:41:09,061 [pool-129-thread-1] INFO  server.RaftServerConfigKeys (ConfUtils.java:logGet(43)) - raft.server.log.segment.cache.num.max = 2 (custom)
2019-10-03 08:41:09,061 [pool-149-thread-1] INFO  server.RaftServerConfigKeys (ConfUtils.java:logGet(43)) - raft.server.log.purge.gap = 1000000 (custom)
2019-10-03 08:41:09,061 [pool-129-thread-1] INFO  segmented.SegmentedRaftLogWorker (SegmentedRaftLogWorker.java:<init>(173)) - new af447d1a-9c68-44de-a982-ad02f9800cfd@group-21D41EB94025-SegmentedRaftLogWorker for RaftStorage:Storage Directory /workdir/hadoop-ozone/integration-test/target/test-dir/MiniOzoneClusterImpl-ff2e4020-2730-403c-aff1-c870d58b142c/datanode-1/data/ratis/0a6e4f3c-ce3b-4dab-a12f-21d41eb94025
2019-10-03 08:41:09,061 [pool-139-thread-1] INFO  server.RaftServerConfigKeys (ConfUtils.java:logGet(43)) - raft.server.log.purge.gap = 1000000 (custom)
2019-10-03 08:41:09,061 [pool-129-thread-1] INFO  server.RaftServerConfigKeys (ConfUtils.java:logGet(43)) - raft.server.log.queue.byte-limit = 2147483647 (custom)
2019-10-03 08:41:09,061 [pool-149-thread-1] INFO  server.RaftServerConfigKeys (ConfUtils.java:logGet(43)) - raft.server.log.appender.buffer.byte-limit = 33554432 (custom)
2019-10-03 08:41:09,062 [pool-129-thread-1] INFO  server.RaftServerConfigKeys (ConfUtils.java:logGet(43)) - raft.server.log.queue.element-limit = 1024 (custom)
2019-10-03 08:41:09,061 [pool-139-thread-1] INFO  server.RaftServerConfigKeys (ConfUtils.java:logGet(43)) - raft.server.log.appender.buffer.byte-limit = 33554432 (custom)
2019-10-03 08:41:09,062 [pool-129-thread-1] INFO  server.RaftServerConfigKeys (ConfUtils.java:logGet(43)) - raft.server.log.segment.size.max = 1048576 (custom)
2019-10-03 08:41:09,062 [pool-149-thread-1] INFO  server.RaftServerConfigKeys (ConfUtils.java:logGet(43)) - raft.server.log.segment.size.max = 1048576 (custom)
2019-10-03 08:41:09,062 [pool-129-thread-1] INFO  server.RaftServerConfigKeys (ConfUtils.java:logGet(43)) - raft.server.log.preallocated.size = 16384 (custom)
2019-10-03 08:41:09,062 [pool-129-thread-1] INFO  server.RaftServerConfigKeys (ConfUtils.java:logGet(43)) - raft.server.log.write.buffer.size = 33554432 (custom)
2019-10-03 08:41:09,062 [pool-139-thread-1] INFO  server.RaftServerConfigKeys (ConfUtils.java:logGet(43)) - raft.server.log.segment.size.max = 1048576 (custom)
2019-10-03 08:41:09,062 [pool-129-thread-1] INFO  server.RaftServerConfigKeys (ConfUtils.java:logGet(43)) - raft.server.log.force.sync.num = 128 (default)
2019-10-03 08:41:09,062 [pool-149-thread-1] INFO  server.RaftServerConfigKeys (ConfUtils.java:logGet(43)) - raft.server.log.segment.cache.num.max = 2 (custom)
2019-10-03 08:41:09,063 [pool-129-thread-1] INFO  server.RaftServerConfigKeys (ConfUtils.java:logGet(43)) - raft.server.log.statemachine.data.sync = true (default)
2019-10-03 08:41:09,063 [pool-129-thread-1] INFO  server.RaftServerConfigKeys (ConfUtils.java:logGet(43)) - raft.server.log.statemachine.data.sync.timeout = 10s (default)
2019-10-03 08:41:09,063 [pool-139-thread-1] INFO  server.RaftServerConfigKeys (ConfUtils.java:logGet(43)) - raft.server.log.segment.cache.num.max = 2 (custom)
2019-10-03 08:41:09,063 [pool-129-thread-1] INFO  server.RaftServerConfigKeys (ConfUtils.java:logGet(43)) - raft.server.log.statemachine.data.sync.timeout.retry = -1 (default)
2019-10-03 08:41:09,063 [pool-149-thread-1] INFO  segmented.SegmentedRaftLogWorker (SegmentedRaftLogWorker.java:<init>(173)) - new f71f06b4-a692-49f1-adba-dc747e3d882f@group-21D41EB94025-SegmentedRaftLogWorker for RaftStorage:Storage Directory /workdir/hadoop-ozone/integration-test/target/test-dir/MiniOzoneClusterImpl-ff2e4020-2730-403c-aff1-c870d58b142c/datanode-3/data/ratis/0a6e4f3c-ce3b-4dab-a12f-21d41eb94025
2019-10-03 08:41:09,064 [pool-129-thread-1] INFO  server.RaftServerConfigKeys (ConfUtils.java:logGet(43)) - raft.server.log.statemachine.data.caching.enabled = true (custom)
2019-10-03 08:41:09,063 [pool-139-thread-1] INFO  segmented.SegmentedRaftLogWorker (SegmentedRaftLogWorker.java:<init>(173)) - new cb67de73-8b06-44b3-aeb3-7db114eecdbf@group-21D41EB94025-SegmentedRaftLogWorker for RaftStorage:Storage Directory /workdir/hadoop-ozone/integration-test/target/test-dir/MiniOzoneClusterImpl-ff2e4020-2730-403c-aff1-c870d58b142c/datanode-2/data/ratis/0a6e4f3c-ce3b-4dab-a12f-21d41eb94025
2019-10-03 08:41:09,064 [pool-149-thread-1] INFO  server.RaftServerConfigKeys (ConfUtils.java:logGet(43)) - raft.server.log.queue.byte-limit = 2147483647 (custom)
2019-10-03 08:41:09,064 [pool-139-thread-1] INFO  server.RaftServerConfigKeys (ConfUtils.java:logGet(43)) - raft.server.log.queue.byte-limit = 2147483647 (custom)
2019-10-03 08:41:09,064 [pool-129-thread-1] INFO  segmented.SegmentedRaftLogWorker (SegmentedRaftLogWorker.java:lambda$new$0(128)) - af447d1a-9c68-44de-a982-ad02f9800cfd@group-21D41EB94025-SegmentedRaftLogWorker: flushIndex: setUnconditionally 0 -> -1
2019-10-03 08:41:09,064 [pool-139-thread-1] INFO  server.RaftServerConfigKeys (ConfUtils.java:logGet(43)) - raft.server.log.queue.element-limit = 1024 (custom)
2019-10-03 08:41:09,064 [pool-149-thread-1] INFO  server.RaftServerConfigKeys (ConfUtils.java:logGet(43)) - raft.server.log.queue.element-limit = 1024 (custom)
2019-10-03 08:41:09,065 [pool-139-thread-1] INFO  server.RaftServerConfigKeys (ConfUtils.java:logGet(43)) - raft.server.log.segment.size.max = 1048576 (custom)
2019-10-03 08:41:09,065 [pool-129-thread-1] INFO  server.RaftServerConfigKeys (ConfUtils.java:logGet(43)) - raft.server.snapshot.auto.trigger.enabled = true (custom)
2019-10-03 08:41:09,065 [pool-139-thread-1] INFO  server.RaftServerConfigKeys (ConfUtils.java:logGet(43)) - raft.server.log.preallocated.size = 16384 (custom)
2019-10-03 08:41:09,065 [pool-139-thread-1] INFO  server.RaftServerConfigKeys (ConfUtils.java:logGet(43)) - raft.server.log.write.buffer.size = 33554432 (custom)
2019-10-03 08:41:09,065 [pool-149-thread-1] INFO  server.RaftServerConfigKeys (ConfUtils.java:logGet(43)) - raft.server.log.segment.size.max = 1048576 (custom)
2019-10-03 08:41:09,065 [pool-139-thread-1] INFO  server.RaftServerConfigKeys (ConfUtils.java:logGet(43)) - raft.server.log.force.sync.num = 128 (default)
2019-10-03 08:41:09,065 [pool-129-thread-1] INFO  server.RaftServerConfigKeys (ConfUtils.java:logGet(43)) - raft.server.snapshot.auto.trigger.threshold = 10000 (custom)
2019-10-03 08:41:09,066 [pool-139-thread-1] INFO  server.RaftServerConfigKeys (ConfUtils.java:logGet(43)) - raft.server.log.statemachine.data.sync = true (default)
2019-10-03 08:41:09,065 [pool-149-thread-1] INFO  server.RaftServerConfigKeys (ConfUtils.java:logGet(43)) - raft.server.log.preallocated.size = 16384 (custom)
2019-10-03 08:41:09,066 [pool-139-thread-1] INFO  server.RaftServerConfigKeys (ConfUtils.java:logGet(43)) - raft.server.log.statemachine.data.sync.timeout = 10s (default)
2019-10-03 08:41:09,066 [pool-129-thread-1] INFO  server.RaftServerConfigKeys (ConfUtils.java:logGet(43)) - raft.server.snapshot.retention.file.num = 5 (custom)
2019-10-03 08:41:09,066 [pool-139-thread-1] INFO  server.RaftServerConfigKeys (ConfUtils.java:logGet(43)) - raft.server.log.statemachine.data.sync.timeout.retry = -1 (default)
2019-10-03 08:41:09,066 [pool-149-thread-1] INFO  server.RaftServerConfigKeys (ConfUtils.java:logGet(43)) - raft.server.log.write.buffer.size = 33554432 (custom)
2019-10-03 08:41:09,066 [pool-139-thread-1] INFO  server.RaftServerConfigKeys (ConfUtils.java:logGet(43)) - raft.server.log.statemachine.data.caching.enabled = true (custom)
2019-10-03 08:41:09,066 [pool-129-thread-1] INFO  server.RaftServerConfigKeys (ConfUtils.java:logGet(43)) - raft.server.retrycache.expirytime = 600000ms (custom)
2019-10-03 08:41:09,067 [pool-149-thread-1] INFO  server.RaftServerConfigKeys (ConfUtils.java:logGet(43)) - raft.server.log.force.sync.num = 128 (default)
2019-10-03 08:41:09,067 [pool-139-thread-1] INFO  segmented.SegmentedRaftLogWorker (SegmentedRaftLogWorker.java:lambda$new$0(128)) - cb67de73-8b06-44b3-aeb3-7db114eecdbf@group-21D41EB94025-SegmentedRaftLogWorker: flushIndex: setUnconditionally 0 -> -1
2019-10-03 08:41:09,067 [pool-149-thread-1] INFO  server.RaftServerConfigKeys (ConfUtils.java:logGet(43)) - raft.server.log.statemachine.data.sync = true (default)
2019-10-03 08:41:09,067 [pool-139-thread-1] INFO  server.RaftServerConfigKeys (ConfUtils.java:logGet(43)) - raft.server.snapshot.auto.trigger.enabled = true (custom)
2019-10-03 08:41:09,067 [pool-149-thread-1] INFO  server.RaftServerConfigKeys (ConfUtils.java:logGet(43)) - raft.server.log.statemachine.data.sync.timeout = 10s (default)
2019-10-03 08:41:09,068 [pool-139-thread-1] INFO  server.RaftServerConfigKeys (ConfUtils.java:logGet(43)) - raft.server.snapshot.auto.trigger.threshold = 10000 (custom)
2019-10-03 08:41:09,068 [pool-149-thread-1] INFO  server.RaftServerConfigKeys (ConfUtils.java:logGet(43)) - raft.server.log.statemachine.data.sync.timeout.retry = -1 (default)
2019-10-03 08:41:09,068 [pool-139-thread-1] INFO  server.RaftServerConfigKeys (ConfUtils.java:logGet(43)) - raft.server.snapshot.retention.file.num = 5 (custom)
2019-10-03 08:41:09,068 [pool-149-thread-1] INFO  server.RaftServerConfigKeys (ConfUtils.java:logGet(43)) - raft.server.log.statemachine.data.caching.enabled = true (custom)
2019-10-03 08:41:09,068 [pool-139-thread-1] INFO  server.RaftServerConfigKeys (ConfUtils.java:logGet(43)) - raft.server.retrycache.expirytime = 600000ms (custom)
2019-10-03 08:41:09,068 [pool-149-thread-1] INFO  segmented.SegmentedRaftLogWorker (SegmentedRaftLogWorker.java:lambda$new$0(128)) - f71f06b4-a692-49f1-adba-dc747e3d882f@group-21D41EB94025-SegmentedRaftLogWorker: flushIndex: setUnconditionally 0 -> -1
2019-10-03 08:41:09,069 [pool-149-thread-1] INFO  server.RaftServerConfigKeys (ConfUtils.java:logGet(43)) - raft.server.snapshot.auto.trigger.enabled = true (custom)
2019-10-03 08:41:09,069 [pool-149-thread-1] INFO  server.RaftServerConfigKeys (ConfUtils.java:logGet(43)) - raft.server.snapshot.auto.trigger.threshold = 10000 (custom)
2019-10-03 08:41:09,069 [pool-149-thread-1] INFO  server.RaftServerConfigKeys (ConfUtils.java:logGet(43)) - raft.server.snapshot.retention.file.num = 5 (custom)
2019-10-03 08:41:09,070 [pool-149-thread-1] INFO  server.RaftServerConfigKeys (ConfUtils.java:logGet(43)) - raft.server.retrycache.expirytime = 600000ms (custom)
2019-10-03 08:41:09,070 [pool-129-thread-1] INFO  impl.RaftServerImpl (RaftServerImpl.java:start(181)) - af447d1a-9c68-44de-a982-ad02f9800cfd@group-21D41EB94025: start as a follower, conf=-1: [cb67de73-8b06-44b3-aeb3-7db114eecdbf:192.168.151.103:42541, af447d1a-9c68-44de-a982-ad02f9800cfd:192.168.151.103:45465, f71f06b4-a692-49f1-adba-dc747e3d882f:192.168.151.103:41259], old=null
2019-10-03 08:41:09,070 [pool-129-thread-1] INFO  impl.RaftServerImpl (RaftServerImpl.java:setRole(170)) - af447d1a-9c68-44de-a982-ad02f9800cfd@group-21D41EB94025: changes role from      null to FOLLOWER at term 0 for startAsFollower
2019-10-03 08:41:09,070 [pool-129-thread-1] INFO  impl.RoleInfo (RoleInfo.java:updateAndGet(143)) - af447d1a-9c68-44de-a982-ad02f9800cfd: start FollowerState
2019-10-03 08:41:09,071 [pool-129-thread-1] INFO  util.JmxRegister (JmxRegister.java:tryRegister(44)) - Successfully registered JMX Bean with object name Ratis:service=RaftServer,group=group-21D41EB94025,id=af447d1a-9c68-44de-a982-ad02f9800cfd
2019-10-03 08:41:09,071 [pool-139-thread-1] INFO  impl.RaftServerImpl (RaftServerImpl.java:start(181)) - cb67de73-8b06-44b3-aeb3-7db114eecdbf@group-21D41EB94025: start as a follower, conf=-1: [cb67de73-8b06-44b3-aeb3-7db114eecdbf:192.168.151.103:42541, af447d1a-9c68-44de-a982-ad02f9800cfd:192.168.151.103:45465, f71f06b4-a692-49f1-adba-dc747e3d882f:192.168.151.103:41259], old=null
2019-10-03 08:41:09,071 [pool-139-thread-1] INFO  impl.RaftServerImpl (RaftServerImpl.java:setRole(170)) - cb67de73-8b06-44b3-aeb3-7db114eecdbf@group-21D41EB94025: changes role from      null to FOLLOWER at term 0 for startAsFollower
2019-10-03 08:41:09,071 [pool-139-thread-1] INFO  impl.RoleInfo (RoleInfo.java:updateAndGet(143)) - cb67de73-8b06-44b3-aeb3-7db114eecdbf: start FollowerState
2019-10-03 08:41:09,072 [pool-139-thread-1] INFO  util.JmxRegister (JmxRegister.java:tryRegister(44)) - Successfully registered JMX Bean with object name Ratis:service=RaftServer,group=group-21D41EB94025,id=cb67de73-8b06-44b3-aeb3-7db114eecdbf
2019-10-03 08:41:09,074 [pool-149-thread-1] INFO  impl.RaftServerImpl (RaftServerImpl.java:start(181)) - f71f06b4-a692-49f1-adba-dc747e3d882f@group-21D41EB94025: start as a follower, conf=-1: [cb67de73-8b06-44b3-aeb3-7db114eecdbf:192.168.151.103:42541, af447d1a-9c68-44de-a982-ad02f9800cfd:192.168.151.103:45465, f71f06b4-a692-49f1-adba-dc747e3d882f:192.168.151.103:41259], old=null
2019-10-03 08:41:09,074 [pool-149-thread-1] INFO  impl.RaftServerImpl (RaftServerImpl.java:setRole(170)) - f71f06b4-a692-49f1-adba-dc747e3d882f@group-21D41EB94025: changes role from      null to FOLLOWER at term 0 for startAsFollower
2019-10-03 08:41:09,074 [pool-149-thread-1] INFO  impl.RoleInfo (RoleInfo.java:updateAndGet(143)) - f71f06b4-a692-49f1-adba-dc747e3d882f: start FollowerState
2019-10-03 08:41:09,075 [pool-149-thread-1] INFO  util.JmxRegister (JmxRegister.java:tryRegister(44)) - Successfully registered JMX Bean with object name Ratis:service=RaftServer,group=group-21D41EB94025,id=f71f06b4-a692-49f1-adba-dc747e3d882f
2019-10-03 08:41:09,081 [RatisPipelineUtilsThread] INFO  pipeline.PipelineStateManager (PipelineStateManager.java:addPipeline(56)) - Created pipeline Pipeline[ Id: 0a6e4f3c-ce3b-4dab-a12f-21d41eb94025, Nodes: cb67de73-8b06-44b3-aeb3-7db114eecdbf{ip: 192.168.151.103, host: pr-hdds-2234-ztsc4-2614151736, networkLocation: /default-rack, certSerialId: null}f71f06b4-a692-49f1-adba-dc747e3d882f{ip: 192.168.151.103, host: pr-hdds-2234-ztsc4-2614151736, networkLocation: /default-rack, certSerialId: null}af447d1a-9c68-44de-a982-ad02f9800cfd{ip: 192.168.151.103, host: pr-hdds-2234-ztsc4-2614151736, networkLocation: /default-rack, certSerialId: null}, Type:RATIS, Factor:THREE, State:OPEN]
2019-10-03 08:41:09,096 [grpc-default-executor-0] INFO  impl.RaftServerProxy (RaftServerProxy.java:addNew(89)) - c87c9c9b-0dcf-4ff5-9ac0-81ac60eec9d8: addNew group-91D5057DB33D:[e7a3cf27-7796-4558-9a9d-ccb0a118d6f3:192.168.151.103:44168, 63cb16dc-568f-4f90-a87b-96e9755fb6cd:192.168.151.103:39945, c87c9c9b-0dcf-4ff5-9ac0-81ac60eec9d8:192.168.151.103:35284] returns group-91D5057DB33D:java.util.concurrent.CompletableFuture@710892e3[Not completed]
2019-10-03 08:41:09,096 [grpc-default-executor-1] INFO  impl.RaftServerProxy (RaftServerProxy.java:addNew(89)) - 63cb16dc-568f-4f90-a87b-96e9755fb6cd: addNew group-91D5057DB33D:[e7a3cf27-7796-4558-9a9d-ccb0a118d6f3:192.168.151.103:44168, 63cb16dc-568f-4f90-a87b-96e9755fb6cd:192.168.151.103:39945, c87c9c9b-0dcf-4ff5-9ac0-81ac60eec9d8:192.168.151.103:35284] returns group-91D5057DB33D:java.util.concurrent.CompletableFuture@4ea4cf10[Not completed]
2019-10-03 08:41:09,099 [grpc-default-executor-0] INFO  impl.RaftServerProxy (RaftServerProxy.java:addNew(89)) - e7a3cf27-7796-4558-9a9d-ccb0a118d6f3: addNew group-91D5057DB33D:[e7a3cf27-7796-4558-9a9d-ccb0a118d6f3:192.168.151.103:44168, 63cb16dc-568f-4f90-a87b-96e9755fb6cd:192.168.151.103:39945, c87c9c9b-0dcf-4ff5-9ac0-81ac60eec9d8:192.168.151.103:35284] returns group-91D5057DB33D:java.util.concurrent.CompletableFuture@178c4f1f[Not completed]
2019-10-03 08:41:09,099 [pool-159-thread-1] INFO  impl.RaftServerImpl (RaftServerImpl.java:<init>(95)) - 63cb16dc-568f-4f90-a87b-96e9755fb6cd: new RaftServerImpl for group-91D5057DB33D:[e7a3cf27-7796-4558-9a9d-ccb0a118d6f3:192.168.151.103:44168, 63cb16dc-568f-4f90-a87b-96e9755fb6cd:192.168.151.103:39945, c87c9c9b-0dcf-4ff5-9ac0-81ac60eec9d8:192.168.151.103:35284] with ContainerStateMachine:uninitialized
2019-10-03 08:41:09,099 [pool-159-thread-1] INFO  server.RaftServerConfigKeys (ConfUtils.java:logGet(43)) - raft.server.rpc.timeout.min = 5s (custom)
2019-10-03 08:41:09,100 [pool-159-thread-1] INFO  server.RaftServerConfigKeys (ConfUtils.java:logGet(43)) - raft.server.rpc.timeout.max = 5200ms (custom)
2019-10-03 08:41:09,100 [pool-159-thread-1] INFO  server.RaftServerConfigKeys (ConfUtils.java:logGet(43)) - raft.server.rpcslowness.timeout = 120s (custom)
2019-10-03 08:41:09,100 [pool-159-thread-1] INFO  server.RaftServerConfigKeys (ConfUtils.java:logGet(43)) - raft.server.sleep.deviation.threshold = 300 (default)
2019-10-03 08:41:09,100 [pool-159-thread-1] INFO  server.RaftServerConfigKeys (ConfUtils.java:logGet(43)) - raft.server.log.appender.install.snapshot.enabled = false (custom)
2019-10-03 08:41:09,100 [pool-159-thread-1] INFO  impl.RaftServerImpl (ServerState.java:<init>(103)) - 63cb16dc-568f-4f90-a87b-96e9755fb6cd@group-91D5057DB33D: ConfigurationManager, init=-1: [e7a3cf27-7796-4558-9a9d-ccb0a118d6f3:192.168.151.103:44168, 63cb16dc-568f-4f90-a87b-96e9755fb6cd:192.168.151.103:39945, c87c9c9b-0dcf-4ff5-9ac0-81ac60eec9d8:192.168.151.103:35284], old=null, confs=<EMPTY_MAP>
2019-10-03 08:41:09,100 [pool-159-thread-1] INFO  server.RaftServerConfigKeys (ConfUtils.java:logGet(43)) - raft.server.storage.dir = [/workdir/hadoop-ozone/integration-test/target/test-dir/MiniOzoneClusterImpl-ff2e4020-2730-403c-aff1-c870d58b142c/datanode-4/data/ratis] (custom)
2019-10-03 08:41:09,100 [pool-169-thread-1] INFO  impl.RaftServerImpl (RaftServerImpl.java:<init>(95)) - e7a3cf27-7796-4558-9a9d-ccb0a118d6f3: new RaftServerImpl for group-91D5057DB33D:[e7a3cf27-7796-4558-9a9d-ccb0a118d6f3:192.168.151.103:44168, 63cb16dc-568f-4f90-a87b-96e9755fb6cd:192.168.151.103:39945, c87c9c9b-0dcf-4ff5-9ac0-81ac60eec9d8:192.168.151.103:35284] with ContainerStateMachine:uninitialized
2019-10-03 08:41:09,100 [pool-159-thread-1] INFO  server.RaftServerConfigKeys (ConfUtils.java:logGet(43)) - raft.server.log.corruption.policy = EXCEPTION (default)
2019-10-03 08:41:09,101 [pool-169-thread-1] INFO  server.RaftServerConfigKeys (ConfUtils.java:logGet(43)) - raft.server.rpc.timeout.min = 5s (custom)
2019-10-03 08:41:09,101 [pool-159-thread-1] INFO  storage.RaftStorageDirectory (RaftStorageDirectory.java:analyzeStorage(246)) - The storage directory /workdir/hadoop-ozone/integration-test/target/test-dir/MiniOzoneClusterImpl-ff2e4020-2730-403c-aff1-c870d58b142c/datanode-4/data/ratis/178eeac1-aed5-4a2e-af40-91d5057db33d does not exist. Creating ...
2019-10-03 08:41:09,101 [pool-169-thread-1] INFO  server.RaftServerConfigKeys (ConfUtils.java:logGet(43)) - raft.server.rpc.timeout.max = 5200ms (custom)
2019-10-03 08:41:09,101 [pool-169-thread-1] INFO  server.RaftServerConfigKeys (ConfUtils.java:logGet(43)) - raft.server.rpcslowness.timeout = 120s (custom)
2019-10-03 08:41:09,101 [pool-119-thread-1] INFO  impl.RaftServerImpl (RaftServerImpl.java:<init>(95)) - c87c9c9b-0dcf-4ff5-9ac0-81ac60eec9d8: new RaftServerImpl for group-91D5057DB33D:[e7a3cf27-7796-4558-9a9d-ccb0a118d6f3:192.168.151.103:44168, 63cb16dc-568f-4f90-a87b-96e9755fb6cd:192.168.151.103:39945, c87c9c9b-0dcf-4ff5-9ac0-81ac60eec9d8:192.168.151.103:35284] with ContainerStateMachine:uninitialized
2019-10-03 08:41:09,101 [pool-169-thread-1] INFO  server.RaftServerConfigKeys (ConfUtils.java:logGet(43)) - raft.server.sleep.deviation.threshold = 300 (default)
2019-10-03 08:41:09,101 [pool-119-thread-1] INFO  server.RaftServerConfigKeys (ConfUtils.java:logGet(43)) - raft.server.rpc.timeout.min = 5s (custom)
2019-10-03 08:41:09,102 [pool-169-thread-1] INFO  server.RaftServerConfigKeys (ConfUtils.java:logGet(43)) - raft.server.log.appender.install.snapshot.enabled = false (custom)
2019-10-03 08:41:09,102 [pool-119-thread-1] INFO  server.RaftServerConfigKeys (ConfUtils.java:logGet(43)) - raft.server.rpc.timeout.max = 5200ms (custom)
2019-10-03 08:41:09,102 [pool-169-thread-1] INFO  impl.RaftServerImpl (ServerState.java:<init>(103)) - e7a3cf27-7796-4558-9a9d-ccb0a118d6f3@group-91D5057DB33D: ConfigurationManager, init=-1: [e7a3cf27-7796-4558-9a9d-ccb0a118d6f3:192.168.151.103:44168, 63cb16dc-568f-4f90-a87b-96e9755fb6cd:192.168.151.103:39945, c87c9c9b-0dcf-4ff5-9ac0-81ac60eec9d8:192.168.151.103:35284], old=null, confs=<EMPTY_MAP>
2019-10-03 08:41:09,102 [pool-119-thread-1] INFO  server.RaftServerConfigKeys (ConfUtils.java:logGet(43)) - raft.server.rpcslowness.timeout = 120s (custom)
2019-10-03 08:41:09,102 [pool-169-thread-1] INFO  server.RaftServerConfigKeys (ConfUtils.java:logGet(43)) - raft.server.storage.dir = [/workdir/hadoop-ozone/integration-test/target/test-dir/MiniOzoneClusterImpl-ff2e4020-2730-403c-aff1-c870d58b142c/datanode-5/data/ratis] (custom)
2019-10-03 08:41:09,102 [pool-119-thread-1] INFO  server.RaftServerConfigKeys (ConfUtils.java:logGet(43)) - raft.server.sleep.deviation.threshold = 300 (default)
2019-10-03 08:41:09,103 [pool-119-thread-1] INFO  server.RaftServerConfigKeys (ConfUtils.java:logGet(43)) - raft.server.log.appender.install.snapshot.enabled = false (custom)
2019-10-03 08:41:09,103 [pool-169-thread-1] INFO  server.RaftServerConfigKeys (ConfUtils.java:logGet(43)) - raft.server.log.corruption.policy = EXCEPTION (default)
2019-10-03 08:41:09,103 [pool-119-thread-1] INFO  impl.RaftServerImpl (ServerState.java:<init>(103)) - c87c9c9b-0dcf-4ff5-9ac0-81ac60eec9d8@group-91D5057DB33D: ConfigurationManager, init=-1: [e7a3cf27-7796-4558-9a9d-ccb0a118d6f3:192.168.151.103:44168, 63cb16dc-568f-4f90-a87b-96e9755fb6cd:192.168.151.103:39945, c87c9c9b-0dcf-4ff5-9ac0-81ac60eec9d8:192.168.151.103:35284], old=null, confs=<EMPTY_MAP>
2019-10-03 08:41:09,103 [pool-169-thread-1] INFO  storage.RaftStorageDirectory (RaftStorageDirectory.java:analyzeStorage(246)) - The storage directory /workdir/hadoop-ozone/integration-test/target/test-dir/MiniOzoneClusterImpl-ff2e4020-2730-403c-aff1-c870d58b142c/datanode-5/data/ratis/178eeac1-aed5-4a2e-af40-91d5057db33d does not exist. Creating ...
2019-10-03 08:41:09,103 [pool-119-thread-1] INFO  server.RaftServerConfigKeys (ConfUtils.java:logGet(43)) - raft.server.storage.dir = [/workdir/hadoop-ozone/integration-test/target/test-dir/MiniOzoneClusterImpl-ff2e4020-2730-403c-aff1-c870d58b142c/datanode-0/data/ratis] (custom)
2019-10-03 08:41:09,104 [pool-119-thread-1] INFO  server.RaftServerConfigKeys (ConfUtils.java:logGet(43)) - raft.server.log.corruption.policy = EXCEPTION (default)
2019-10-03 08:41:09,104 [pool-119-thread-1] INFO  storage.RaftStorageDirectory (RaftStorageDirectory.java:analyzeStorage(246)) - The storage directory /workdir/hadoop-ozone/integration-test/target/test-dir/MiniOzoneClusterImpl-ff2e4020-2730-403c-aff1-c870d58b142c/datanode-0/data/ratis/178eeac1-aed5-4a2e-af40-91d5057db33d does not exist. Creating ...
2019-10-03 08:41:09,114 [pool-119-thread-1] INFO  storage.RaftStorageDirectory (RaftStorageDirectory.java:tryLock(328)) - Lock on /workdir/hadoop-ozone/integration-test/target/test-dir/MiniOzoneClusterImpl-ff2e4020-2730-403c-aff1-c870d58b142c/datanode-0/data/ratis/178eeac1-aed5-4a2e-af40-91d5057db33d/in_use.lock acquired by nodename 10174@pr-hdds-2234-ztsc4-2614151736
2019-10-03 08:41:09,114 [pool-169-thread-1] INFO  storage.RaftStorageDirectory (RaftStorageDirectory.java:tryLock(328)) - Lock on /workdir/hadoop-ozone/integration-test/target/test-dir/MiniOzoneClusterImpl-ff2e4020-2730-403c-aff1-c870d58b142c/datanode-5/data/ratis/178eeac1-aed5-4a2e-af40-91d5057db33d/in_use.lock acquired by nodename 10174@pr-hdds-2234-ztsc4-2614151736
2019-10-03 08:41:09,114 [pool-159-thread-1] INFO  storage.RaftStorageDirectory (RaftStorageDirectory.java:tryLock(328)) - Lock on /workdir/hadoop-ozone/integration-test/target/test-dir/MiniOzoneClusterImpl-ff2e4020-2730-403c-aff1-c870d58b142c/datanode-4/data/ratis/178eeac1-aed5-4a2e-af40-91d5057db33d/in_use.lock acquired by nodename 10174@pr-hdds-2234-ztsc4-2614151736
2019-10-03 08:41:09,128 [pool-169-thread-1] INFO  storage.RaftStorage (RaftStorage.java:format(84)) - Storage directory /workdir/hadoop-ozone/integration-test/target/test-dir/MiniOzoneClusterImpl-ff2e4020-2730-403c-aff1-c870d58b142c/datanode-5/data/ratis/178eeac1-aed5-4a2e-af40-91d5057db33d has been successfully formatted.
2019-10-03 08:41:09,128 [pool-159-thread-1] INFO  storage.RaftStorage (RaftStorage.java:format(84)) - Storage directory /workdir/hadoop-ozone/integration-test/target/test-dir/MiniOzoneClusterImpl-ff2e4020-2730-403c-aff1-c870d58b142c/datanode-4/data/ratis/178eeac1-aed5-4a2e-af40-91d5057db33d has been successfully formatted.
2019-10-03 08:41:09,129 [pool-169-thread-1] INFO  ratis.ContainerStateMachine (ContainerStateMachine.java:loadSnapshot(230)) - group-91D5057DB33D: The snapshot info is null. Setting the last applied indexto:(t:0, i:~)
2019-10-03 08:41:09,128 [pool-119-thread-1] INFO  storage.RaftStorage (RaftStorage.java:format(84)) - Storage directory /workdir/hadoop-ozone/integration-test/target/test-dir/MiniOzoneClusterImpl-ff2e4020-2730-403c-aff1-c870d58b142c/datanode-0/data/ratis/178eeac1-aed5-4a2e-af40-91d5057db33d has been successfully formatted.
2019-10-03 08:41:09,129 [pool-169-thread-1] INFO  server.RaftServerConfigKeys (ConfUtils.java:logGet(43)) - raft.server.notification.no-leader.timeout = 120s (custom)
2019-10-03 08:41:09,129 [pool-159-thread-1] INFO  ratis.ContainerStateMachine (ContainerStateMachine.java:loadSnapshot(230)) - group-91D5057DB33D: The snapshot info is null. Setting the last applied indexto:(t:0, i:~)
2019-10-03 08:41:09,129 [pool-169-thread-1] INFO  server.RaftServerConfigKeys (ConfUtils.java:logGet(43)) - raft.server.log.use.memory = false (default)
2019-10-03 08:41:09,129 [pool-119-thread-1] INFO  ratis.ContainerStateMachine (ContainerStateMachine.java:loadSnapshot(230)) - group-91D5057DB33D: The snapshot info is null. Setting the last applied indexto:(t:0, i:~)
2019-10-03 08:41:09,129 [pool-169-thread-1] INFO  server.RaftServerConfigKeys (ConfUtils.java:logGet(43)) - raft.server.log.purge.gap = 1000000 (custom)
2019-10-03 08:41:09,129 [pool-159-thread-1] INFO  server.RaftServerConfigKeys (ConfUtils.java:logGet(43)) - raft.server.notification.no-leader.timeout = 120s (custom)
2019-10-03 08:41:09,130 [pool-169-thread-1] INFO  server.RaftServerConfigKeys (ConfUtils.java:logGet(43)) - raft.server.log.appender.buffer.byte-limit = 33554432 (custom)
2019-10-03 08:41:09,129 [pool-119-thread-1] INFO  server.RaftServerConfigKeys (ConfUtils.java:logGet(43)) - raft.server.notification.no-leader.timeout = 120s (custom)
2019-10-03 08:41:09,130 [pool-169-thread-1] INFO  server.RaftServerConfigKeys (ConfUtils.java:logGet(43)) - raft.server.log.segment.size.max = 1048576 (custom)
2019-10-03 08:41:09,130 [pool-159-thread-1] INFO  server.RaftServerConfigKeys (ConfUtils.java:logGet(43)) - raft.server.log.use.memory = false (default)
2019-10-03 08:41:09,130 [pool-169-thread-1] INFO  server.RaftServerConfigKeys (ConfUtils.java:logGet(43)) - raft.server.log.segment.cache.num.max = 2 (custom)
2019-10-03 08:41:09,130 [pool-119-thread-1] INFO  server.RaftServerConfigKeys (ConfUtils.java:logGet(43)) - raft.server.log.use.memory = false (default)
2019-10-03 08:41:09,130 [pool-169-thread-1] INFO  segmented.SegmentedRaftLogWorker (SegmentedRaftLogWorker.java:<init>(173)) - new e7a3cf27-7796-4558-9a9d-ccb0a118d6f3@group-91D5057DB33D-SegmentedRaftLogWorker for RaftStorage:Storage Directory /workdir/hadoop-ozone/integration-test/target/test-dir/MiniOzoneClusterImpl-ff2e4020-2730-403c-aff1-c870d58b142c/datanode-5/data/ratis/178eeac1-aed5-4a2e-af40-91d5057db33d
2019-10-03 08:41:09,130 [pool-159-thread-1] INFO  server.RaftServerConfigKeys (ConfUtils.java:logGet(43)) - raft.server.log.purge.gap = 1000000 (custom)
2019-10-03 08:41:09,131 [pool-169-thread-1] INFO  server.RaftServerConfigKeys (ConfUtils.java:logGet(43)) - raft.server.log.queue.byte-limit = 2147483647 (custom)
2019-10-03 08:41:09,131 [pool-119-thread-1] INFO  server.RaftServerConfigKeys (ConfUtils.java:logGet(43)) - raft.server.log.purge.gap = 1000000 (custom)
2019-10-03 08:41:09,131 [pool-169-thread-1] INFO  server.RaftServerConfigKeys (ConfUtils.java:logGet(43)) - raft.server.log.queue.element-limit = 1024 (custom)
2019-10-03 08:41:09,131 [pool-159-thread-1] INFO  server.RaftServerConfigKeys (ConfUtils.java:logGet(43)) - raft.server.log.appender.buffer.byte-limit = 33554432 (custom)
2019-10-03 08:41:09,131 [pool-169-thread-1] INFO  server.RaftServerConfigKeys (ConfUtils.java:logGet(43)) - raft.server.log.segment.size.max = 1048576 (custom)
2019-10-03 08:41:09,131 [pool-119-thread-1] INFO  server.RaftServerConfigKeys (ConfUtils.java:logGet(43)) - raft.server.log.appender.buffer.byte-limit = 33554432 (custom)
2019-10-03 08:41:09,132 [pool-169-thread-1] INFO  server.RaftServerConfigKeys (ConfUtils.java:logGet(43)) - raft.server.log.preallocated.size = 16384 (custom)
2019-10-03 08:41:09,131 [pool-159-thread-1] INFO  server.RaftServerConfigKeys (ConfUtils.java:logGet(43)) - raft.server.log.segment.size.max = 1048576 (custom)
2019-10-03 08:41:09,132 [pool-169-thread-1] INFO  server.RaftServerConfigKeys (ConfUtils.java:logGet(43)) - raft.server.log.write.buffer.size = 33554432 (custom)
2019-10-03 08:41:09,132 [pool-119-thread-1] INFO  server.RaftServerConfigKeys (ConfUtils.java:logGet(43)) - raft.server.log.segment.size.max = 1048576 (custom)
2019-10-03 08:41:09,132 [pool-169-thread-1] INFO  server.RaftServerConfigKeys (ConfUtils.java:logGet(43)) - raft.server.log.force.sync.num = 128 (default)
2019-10-03 08:41:09,132 [pool-159-thread-1] INFO  server.RaftServerConfigKeys (ConfUtils.java:logGet(43)) - raft.server.log.segment.cache.num.max = 2 (custom)
2019-10-03 08:41:09,132 [pool-169-thread-1] INFO  server.RaftServerConfigKeys (ConfUtils.java:logGet(43)) - raft.server.log.statemachine.data.sync = true (default)
2019-10-03 08:41:09,132 [pool-119-thread-1] INFO  server.RaftServerConfigKeys (ConfUtils.java:logGet(43)) - raft.server.log.segment.cache.num.max = 2 (custom)
2019-10-03 08:41:09,133 [pool-169-thread-1] INFO  server.RaftServerConfigKeys (ConfUtils.java:logGet(43)) - raft.server.log.statemachine.data.sync.timeout = 10s (default)
2019-10-03 08:41:09,132 [pool-159-thread-1] INFO  segmented.SegmentedRaftLogWorker (SegmentedRaftLogWorker.java:<init>(173)) - new 63cb16dc-568f-4f90-a87b-96e9755fb6cd@group-91D5057DB33D-SegmentedRaftLogWorker for RaftStorage:Storage Directory /workdir/hadoop-ozone/integration-test/target/test-dir/MiniOzoneClusterImpl-ff2e4020-2730-403c-aff1-c870d58b142c/datanode-4/data/ratis/178eeac1-aed5-4a2e-af40-91d5057db33d
2019-10-03 08:41:09,133 [pool-169-thread-1] INFO  server.RaftServerConfigKeys (ConfUtils.java:logGet(43)) - raft.server.log.statemachine.data.sync.timeout.retry = -1 (default)
2019-10-03 08:41:09,133 [pool-119-thread-1] INFO  segmented.SegmentedRaftLogWorker (SegmentedRaftLogWorker.java:<init>(173)) - new c87c9c9b-0dcf-4ff5-9ac0-81ac60eec9d8@group-91D5057DB33D-SegmentedRaftLogWorker for RaftStorage:Storage Directory /workdir/hadoop-ozone/integration-test/target/test-dir/MiniOzoneClusterImpl-ff2e4020-2730-403c-aff1-c870d58b142c/datanode-0/data/ratis/178eeac1-aed5-4a2e-af40-91d5057db33d
2019-10-03 08:41:09,133 [pool-159-thread-1] INFO  server.RaftServerConfigKeys (ConfUtils.java:logGet(43)) - raft.server.log.queue.byte-limit = 2147483647 (custom)
2019-10-03 08:41:09,133 [pool-169-thread-1] INFO  server.RaftServerConfigKeys (ConfUtils.java:logGet(43)) - raft.server.log.statemachine.data.caching.enabled = true (custom)
2019-10-03 08:41:09,133 [pool-119-thread-1] INFO  server.RaftServerConfigKeys (ConfUtils.java:logGet(43)) - raft.server.log.queue.byte-limit = 2147483647 (custom)
2019-10-03 08:41:09,133 [pool-159-thread-1] INFO  server.RaftServerConfigKeys (ConfUtils.java:logGet(43)) - raft.server.log.queue.element-limit = 1024 (custom)
2019-10-03 08:41:09,134 [pool-169-thread-1] INFO  segmented.SegmentedRaftLogWorker (SegmentedRaftLogWorker.java:lambda$new$0(128)) - e7a3cf27-7796-4558-9a9d-ccb0a118d6f3@group-91D5057DB33D-SegmentedRaftLogWorker: flushIndex: setUnconditionally 0 -> -1
2019-10-03 08:41:09,134 [pool-119-thread-1] INFO  server.RaftServerConfigKeys (ConfUtils.java:logGet(43)) - raft.server.log.queue.element-limit = 1024 (custom)
2019-10-03 08:41:09,134 [pool-159-thread-1] INFO  server.RaftServerConfigKeys (ConfUtils.java:logGet(43)) - raft.server.log.segment.size.max = 1048576 (custom)
2019-10-03 08:41:09,134 [pool-169-thread-1] INFO  server.RaftServerConfigKeys (ConfUtils.java:logGet(43)) - raft.server.snapshot.auto.trigger.enabled = true (custom)
2019-10-03 08:41:09,134 [pool-119-thread-1] INFO  server.RaftServerConfigKeys (ConfUtils.java:logGet(43)) - raft.server.log.segment.size.max = 1048576 (custom)
2019-10-03 08:41:09,134 [pool-169-thread-1] INFO  server.RaftServerConfigKeys (ConfUtils.java:logGet(43)) - raft.server.snapshot.auto.trigger.threshold = 10000 (custom)
2019-10-03 08:41:09,134 [pool-159-thread-1] INFO  server.RaftServerConfigKeys (ConfUtils.java:logGet(43)) - raft.server.log.preallocated.size = 16384 (custom)
2019-10-03 08:41:09,135 [pool-169-thread-1] INFO  server.RaftServerConfigKeys (ConfUtils.java:logGet(43)) - raft.server.snapshot.retention.file.num = 5 (custom)
2019-10-03 08:41:09,134 [pool-119-thread-1] INFO  server.RaftServerConfigKeys (ConfUtils.java:logGet(43)) - raft.server.log.preallocated.size = 16384 (custom)
2019-10-03 08:41:09,135 [pool-169-thread-1] INFO  server.RaftServerConfigKeys (ConfUtils.java:logGet(43)) - raft.server.retrycache.expirytime = 600000ms (custom)
2019-10-03 08:41:09,135 [pool-159-thread-1] INFO  server.RaftServerConfigKeys (ConfUtils.java:logGet(43)) - raft.server.log.write.buffer.size = 33554432 (custom)
2019-10-03 08:41:09,135 [pool-119-thread-1] INFO  server.RaftServerConfigKeys (ConfUtils.java:logGet(43)) - raft.server.log.write.buffer.size = 33554432 (custom)
2019-10-03 08:41:09,135 [pool-159-thread-1] INFO  server.RaftServerConfigKeys (ConfUtils.java:logGet(43)) - raft.server.log.force.sync.num = 128 (default)
2019-10-03 08:41:09,135 [pool-119-thread-1] INFO  server.RaftServerConfigKeys (ConfUtils.java:logGet(43)) - raft.server.log.force.sync.num = 128 (default)
2019-10-03 08:41:09,135 [pool-159-thread-1] INFO  server.RaftServerConfigKeys (ConfUtils.java:logGet(43)) - raft.server.log.statemachine.data.sync = true (default)
2019-10-03 08:41:09,136 [pool-119-thread-1] INFO  server.RaftServerConfigKeys (ConfUtils.java:logGet(43)) - raft.server.log.statemachine.data.sync = true (default)
2019-10-03 08:41:09,136 [pool-159-thread-1] INFO  server.RaftServerConfigKeys (ConfUtils.java:logGet(43)) - raft.server.log.statemachine.data.sync.timeout = 10s (default)
2019-10-03 08:41:09,136 [pool-119-thread-1] INFO  server.RaftServerConfigKeys (ConfUtils.java:logGet(43)) - raft.server.log.statemachine.data.sync.timeout = 10s (default)
2019-10-03 08:41:09,136 [pool-159-thread-1] INFO  server.RaftServerConfigKeys (ConfUtils.java:logGet(43)) - raft.server.log.statemachine.data.sync.timeout.retry = -1 (default)
2019-10-03 08:41:09,136 [pool-119-thread-1] INFO  server.RaftServerConfigKeys (ConfUtils.java:logGet(43)) - raft.server.log.statemachine.data.sync.timeout.retry = -1 (default)
2019-10-03 08:41:09,136 [pool-159-thread-1] INFO  server.RaftServerConfigKeys (ConfUtils.java:logGet(43)) - raft.server.log.statemachine.data.caching.enabled = true (custom)
2019-10-03 08:41:09,136 [pool-119-thread-1] INFO  server.RaftServerConfigKeys (ConfUtils.java:logGet(43)) - raft.server.log.statemachine.data.caching.enabled = true (custom)
2019-10-03 08:41:09,137 [pool-159-thread-1] INFO  segmented.SegmentedRaftLogWorker (SegmentedRaftLogWorker.java:lambda$new$0(128)) - 63cb16dc-568f-4f90-a87b-96e9755fb6cd@group-91D5057DB33D-SegmentedRaftLogWorker: flushIndex: setUnconditionally 0 -> -1
2019-10-03 08:41:09,137 [pool-119-thread-1] INFO  segmented.SegmentedRaftLogWorker (SegmentedRaftLogWorker.java:lambda$new$0(128)) - c87c9c9b-0dcf-4ff5-9ac0-81ac60eec9d8@group-91D5057DB33D-SegmentedRaftLogWorker: flushIndex: setUnconditionally 0 -> -1
2019-10-03 08:41:09,137 [pool-159-thread-1] INFO  server.RaftServerConfigKeys (ConfUtils.java:logGet(43)) - raft.server.snapshot.auto.trigger.enabled = true (custom)
2019-10-03 08:41:09,137 [pool-119-thread-1] INFO  server.RaftServerConfigKeys (ConfUtils.java:logGet(43)) - raft.server.snapshot.auto.trigger.enabled = true (custom)
2019-10-03 08:41:09,137 [pool-159-thread-1] INFO  server.RaftServerConfigKeys (ConfUtils.java:logGet(43)) - raft.server.snapshot.auto.trigger.threshold = 10000 (custom)
2019-10-03 08:41:09,137 [pool-119-thread-1] INFO  server.RaftServerConfigKeys (ConfUtils.java:logGet(43)) - raft.server.snapshot.auto.trigger.threshold = 10000 (custom)
2019-10-03 08:41:09,137 [pool-159-thread-1] INFO  server.RaftServerConfigKeys (ConfUtils.java:logGet(43)) - raft.server.snapshot.retention.file.num = 5 (custom)
2019-10-03 08:41:09,138 [pool-119-thread-1] INFO  server.RaftServerConfigKeys (ConfUtils.java:logGet(43)) - raft.server.snapshot.retention.file.num = 5 (custom)
2019-10-03 08:41:09,138 [pool-159-thread-1] INFO  server.RaftServerConfigKeys (ConfUtils.java:logGet(43)) - raft.server.retrycache.expirytime = 600000ms (custom)
2019-10-03 08:41:09,138 [pool-169-thread-1] INFO  impl.RaftServerImpl (RaftServerImpl.java:start(181)) - e7a3cf27-7796-4558-9a9d-ccb0a118d6f3@group-91D5057DB33D: start as a follower, conf=-1: [e7a3cf27-7796-4558-9a9d-ccb0a118d6f3:192.168.151.103:44168, 63cb16dc-568f-4f90-a87b-96e9755fb6cd:192.168.151.103:39945, c87c9c9b-0dcf-4ff5-9ac0-81ac60eec9d8:192.168.151.103:35284], old=null
2019-10-03 08:41:09,138 [pool-119-thread-1] INFO  server.RaftServerConfigKeys (ConfUtils.java:logGet(43)) - raft.server.retrycache.expirytime = 600000ms (custom)
2019-10-03 08:41:09,138 [pool-169-thread-1] INFO  impl.RaftServerImpl (RaftServerImpl.java:setRole(170)) - e7a3cf27-7796-4558-9a9d-ccb0a118d6f3@group-91D5057DB33D: changes role from      null to FOLLOWER at term 0 for startAsFollower
2019-10-03 08:41:09,138 [pool-169-thread-1] INFO  impl.RoleInfo (RoleInfo.java:updateAndGet(143)) - e7a3cf27-7796-4558-9a9d-ccb0a118d6f3: start FollowerState
2019-10-03 08:41:09,139 [pool-169-thread-1] INFO  util.JmxRegister (JmxRegister.java:tryRegister(44)) - Successfully registered JMX Bean with object name Ratis:service=RaftServer,group=group-91D5057DB33D,id=e7a3cf27-7796-4558-9a9d-ccb0a118d6f3
2019-10-03 08:41:09,142 [pool-159-thread-1] INFO  impl.RaftServerImpl (RaftServerImpl.java:start(181)) - 63cb16dc-568f-4f90-a87b-96e9755fb6cd@group-91D5057DB33D: start as a follower, conf=-1: [e7a3cf27-7796-4558-9a9d-ccb0a118d6f3:192.168.151.103:44168, 63cb16dc-568f-4f90-a87b-96e9755fb6cd:192.168.151.103:39945, c87c9c9b-0dcf-4ff5-9ac0-81ac60eec9d8:192.168.151.103:35284], old=null
2019-10-03 08:41:09,142 [pool-119-thread-1] INFO  impl.RaftServerImpl (RaftServerImpl.java:start(181)) - c87c9c9b-0dcf-4ff5-9ac0-81ac60eec9d8@group-91D5057DB33D: start as a follower, conf=-1: [e7a3cf27-7796-4558-9a9d-ccb0a118d6f3:192.168.151.103:44168, 63cb16dc-568f-4f90-a87b-96e9755fb6cd:192.168.151.103:39945, c87c9c9b-0dcf-4ff5-9ac0-81ac60eec9d8:192.168.151.103:35284], old=null
2019-10-03 08:41:09,142 [pool-159-thread-1] INFO  impl.RaftServerImpl (RaftServerImpl.java:setRole(170)) - 63cb16dc-568f-4f90-a87b-96e9755fb6cd@group-91D5057DB33D: changes role from      null to FOLLOWER at term 0 for startAsFollower
2019-10-03 08:41:09,142 [pool-119-thread-1] INFO  impl.RaftServerImpl (RaftServerImpl.java:setRole(170)) - c87c9c9b-0dcf-4ff5-9ac0-81ac60eec9d8@group-91D5057DB33D: changes role from      null to FOLLOWER at term 0 for startAsFollower
2019-10-03 08:41:09,142 [pool-159-thread-1] INFO  impl.RoleInfo (RoleInfo.java:updateAndGet(143)) - 63cb16dc-568f-4f90-a87b-96e9755fb6cd: start FollowerState
2019-10-03 08:41:09,142 [pool-119-thread-1] INFO  impl.RoleInfo (RoleInfo.java:updateAndGet(143)) - c87c9c9b-0dcf-4ff5-9ac0-81ac60eec9d8: start FollowerState
2019-10-03 08:41:09,142 [pool-159-thread-1] INFO  util.JmxRegister (JmxRegister.java:tryRegister(44)) - Successfully registered JMX Bean with object name Ratis:service=RaftServer,group=group-91D5057DB33D,id=63cb16dc-568f-4f90-a87b-96e9755fb6cd
2019-10-03 08:41:09,142 [pool-119-thread-1] INFO  util.JmxRegister (JmxRegister.java:tryRegister(44)) - Successfully registered JMX Bean with object name Ratis:service=RaftServer,group=group-91D5057DB33D,id=c87c9c9b-0dcf-4ff5-9ac0-81ac60eec9d8
2019-10-03 08:41:09,149 [RatisPipelineUtilsThread] INFO  pipeline.PipelineStateManager (PipelineStateManager.java:addPipeline(56)) - Created pipeline Pipeline[ Id: 178eeac1-aed5-4a2e-af40-91d5057db33d, Nodes: c87c9c9b-0dcf-4ff5-9ac0-81ac60eec9d8{ip: 192.168.151.103, host: pr-hdds-2234-ztsc4-2614151736, networkLocation: /default-rack, certSerialId: null}63cb16dc-568f-4f90-a87b-96e9755fb6cd{ip: 192.168.151.103, host: pr-hdds-2234-ztsc4-2614151736, networkLocation: /default-rack, certSerialId: null}e7a3cf27-7796-4558-9a9d-ccb0a118d6f3{ip: 192.168.151.103, host: pr-hdds-2234-ztsc4-2614151736, networkLocation: /default-rack, certSerialId: null}, Type:RATIS, Factor:THREE, State:OPEN]
2019-10-03 08:41:09,625 [main] INFO  ozone.MiniOzoneClusterImpl (MiniOzoneClusterImpl.java:lambda$waitForClusterToBeReady$0(147)) - Cluster is ready. Got 7 of 7 DN Heartbeats.
2019-10-03 08:41:09,664 [main] INFO  rpc.RpcClient (RpcClient.java:createVolume(277)) - Creating Volume: testblockoutputstreamwithretries, with jenkins1000 as owner.
2019-10-03 08:41:09,669 [IPC Server handler 15 on 39918] INFO  volume.OMVolumeCreateRequest (OMVolumeCreateRequest.java:validateAndUpdateCache(193)) - created volume:testblockoutputstreamwithretries for user:jenkins1000
2019-10-03 08:41:09,685 [main] INFO  rpc.RpcClient (RpcClient.java:createBucket(416)) - Creating Bucket: testblockoutputstreamwithretries/testblockoutputstreamwithretries, with Versioning false and Storage Type set to DISK and Encryption set to false 
2019-10-03 08:41:11,247 [Thread-736] INFO  container.ReplicationManager (ReplicationManager.java:start(162)) - Starting Replication Monitor Thread.
2019-10-03 08:41:11,250 [ReplicationMonitor] INFO  container.ReplicationManager (ReplicationManager.java:run(225)) - Replication Monitor Thread took 0 milliseconds for processing 3 containers.
2019-10-03 08:41:13,508 [Thread-738] INFO  impl.FollowerState (FollowerState.java:run(108)) - c87c9c9b-0dcf-4ff5-9ac0-81ac60eec9d8@group-F5771C9CC394-FollowerState: change to CANDIDATE, lastRpcTime:5199ms, electionTimeout:5058ms
2019-10-03 08:41:13,509 [Thread-738] INFO  impl.RoleInfo (RoleInfo.java:shutdownFollowerState(121)) - c87c9c9b-0dcf-4ff5-9ac0-81ac60eec9d8: shutdown FollowerState
2019-10-03 08:41:13,509 [Thread-738] INFO  impl.RaftServerImpl (RaftServerImpl.java:setRole(170)) - c87c9c9b-0dcf-4ff5-9ac0-81ac60eec9d8@group-F5771C9CC394: changes role from  FOLLOWER to CANDIDATE at term 0 for changeToCandidate
2019-10-03 08:41:13,509 [Thread-738] INFO  impl.RoleInfo (RoleInfo.java:updateAndGet(143)) - c87c9c9b-0dcf-4ff5-9ac0-81ac60eec9d8: start LeaderElection
2019-10-03 08:41:13,553 [c87c9c9b-0dcf-4ff5-9ac0-81ac60eec9d8@group-F5771C9CC394-LeaderElection24] INFO  impl.LeaderElection (LeaderElection.java:askForVotes(178)) - c87c9c9b-0dcf-4ff5-9ac0-81ac60eec9d8@group-F5771C9CC394-LeaderElection24: begin an election at term 1 for -1: [c87c9c9b-0dcf-4ff5-9ac0-81ac60eec9d8:192.168.151.103:35284], old=null
2019-10-03 08:41:13,554 [c87c9c9b-0dcf-4ff5-9ac0-81ac60eec9d8@group-F5771C9CC394-LeaderElection24] INFO  impl.RoleInfo (RoleInfo.java:shutdownLeaderElection(134)) - c87c9c9b-0dcf-4ff5-9ac0-81ac60eec9d8: shutdown LeaderElection
2019-10-03 08:41:13,554 [c87c9c9b-0dcf-4ff5-9ac0-81ac60eec9d8@group-F5771C9CC394-LeaderElection24] INFO  impl.RaftServerImpl (RaftServerImpl.java:setRole(170)) - c87c9c9b-0dcf-4ff5-9ac0-81ac60eec9d8@group-F5771C9CC394: changes role from CANDIDATE to LEADER at term 1 for changeToLeader
2019-10-03 08:41:13,554 [c87c9c9b-0dcf-4ff5-9ac0-81ac60eec9d8@group-F5771C9CC394-LeaderElection24] INFO  impl.RaftServerImpl (ServerState.java:setLeader(255)) - c87c9c9b-0dcf-4ff5-9ac0-81ac60eec9d8@group-F5771C9CC394: change Leader from null to c87c9c9b-0dcf-4ff5-9ac0-81ac60eec9d8 at term 1 for becomeLeader, leader elected after 5257ms
2019-10-03 08:41:13,557 [c87c9c9b-0dcf-4ff5-9ac0-81ac60eec9d8@group-F5771C9CC394-LeaderElection24] INFO  server.RaftServerConfigKeys (ConfUtils.java:logGet(43)) - raft.server.staging.catchup.gap = 1000 (default)
2019-10-03 08:41:13,557 [c87c9c9b-0dcf-4ff5-9ac0-81ac60eec9d8@group-F5771C9CC394-LeaderElection24] INFO  server.RaftServerConfigKeys (ConfUtils.java:logGet(43)) - raft.server.rpc.sleep.time = 25ms (default)
2019-10-03 08:41:13,557 [c87c9c9b-0dcf-4ff5-9ac0-81ac60eec9d8@group-F5771C9CC394-LeaderElection24] INFO  server.RaftServerConfigKeys (ConfUtils.java:logGet(43)) - raft.server.write.element-limit = 4096 (default)
2019-10-03 08:41:13,558 [c87c9c9b-0dcf-4ff5-9ac0-81ac60eec9d8@group-F5771C9CC394-LeaderElection24] INFO  server.RaftServerConfigKeys (ConfUtils.java:logGet(43)) - raft.server.watch.timeout = 10s (default)
2019-10-03 08:41:13,558 [c87c9c9b-0dcf-4ff5-9ac0-81ac60eec9d8@group-F5771C9CC394-LeaderElection24] INFO  server.RaftServerConfigKeys (ConfUtils.java:logGet(43)) - raft.server.watch.timeout.denomination = 1s (default)
2019-10-03 08:41:13,558 [c87c9c9b-0dcf-4ff5-9ac0-81ac60eec9d8@group-F5771C9CC394-LeaderElection24] INFO  server.RaftServerConfigKeys (ConfUtils.java:logGet(43)) - raft.server.watch.element-limit = 65536 (default)
2019-10-03 08:41:13,562 [c87c9c9b-0dcf-4ff5-9ac0-81ac60eec9d8@group-F5771C9CC394-LeaderElection24] INFO  impl.RoleInfo (RoleInfo.java:updateAndGet(143)) - c87c9c9b-0dcf-4ff5-9ac0-81ac60eec9d8: start LeaderState
2019-10-03 08:41:13,563 [c87c9c9b-0dcf-4ff5-9ac0-81ac60eec9d8@group-F5771C9CC394-LeaderElection24] INFO  segmented.SegmentedRaftLogWorker (SegmentedRaftLogWorker.java:startLogSegment(385)) - c87c9c9b-0dcf-4ff5-9ac0-81ac60eec9d8@group-F5771C9CC394-SegmentedRaftLogWorker: Starting segment from index:0
2019-10-03 08:41:13,564 [c87c9c9b-0dcf-4ff5-9ac0-81ac60eec9d8@group-F5771C9CC394-LeaderElection24] INFO  impl.RaftServerImpl (ServerState.java:setRaftConf(356)) - c87c9c9b-0dcf-4ff5-9ac0-81ac60eec9d8@group-F5771C9CC394: set configuration 0: [c87c9c9b-0dcf-4ff5-9ac0-81ac60eec9d8:192.168.151.103:35284], old=null at 0
2019-10-03 08:41:13,610 [c87c9c9b-0dcf-4ff5-9ac0-81ac60eec9d8@group-F5771C9CC394-SegmentedRaftLogWorker] INFO  segmented.SegmentedRaftLogWorker (SegmentedRaftLogWorker.java:execute(574)) - c87c9c9b-0dcf-4ff5-9ac0-81ac60eec9d8@group-F5771C9CC394-SegmentedRaftLogWorker: created new log segment /workdir/hadoop-ozone/integration-test/target/test-dir/MiniOzoneClusterImpl-ff2e4020-2730-403c-aff1-c870d58b142c/datanode-0/data/ratis/3d459c21-dd53-44e7-92bb-f5771c9cc394/current/log_inprogress_0
2019-10-03 08:41:13,697 [Thread-741] INFO  impl.FollowerState (FollowerState.java:run(108)) - cb67de73-8b06-44b3-aeb3-7db114eecdbf@group-7A4811F84365-FollowerState: change to CANDIDATE, lastRpcTime:5019ms, electionTimeout:5019ms
2019-10-03 08:41:13,697 [Thread-741] INFO  impl.RoleInfo (RoleInfo.java:shutdownFollowerState(121)) - cb67de73-8b06-44b3-aeb3-7db114eecdbf: shutdown FollowerState
2019-10-03 08:41:13,697 [Thread-741] INFO  impl.RaftServerImpl (RaftServerImpl.java:setRole(170)) - cb67de73-8b06-44b3-aeb3-7db114eecdbf@group-7A4811F84365: changes role from  FOLLOWER to CANDIDATE at term 0 for changeToCandidate
2019-10-03 08:41:13,697 [Thread-741] INFO  impl.RoleInfo (RoleInfo.java:updateAndGet(143)) - cb67de73-8b06-44b3-aeb3-7db114eecdbf: start LeaderElection
2019-10-03 08:41:13,716 [cb67de73-8b06-44b3-aeb3-7db114eecdbf@group-7A4811F84365-LeaderElection25] INFO  impl.LeaderElection (LeaderElection.java:askForVotes(178)) - cb67de73-8b06-44b3-aeb3-7db114eecdbf@group-7A4811F84365-LeaderElection25: begin an election at term 1 for -1: [cb67de73-8b06-44b3-aeb3-7db114eecdbf:192.168.151.103:42541], old=null
2019-10-03 08:41:13,717 [cb67de73-8b06-44b3-aeb3-7db114eecdbf@group-7A4811F84365-LeaderElection25] INFO  impl.RoleInfo (RoleInfo.java:shutdownLeaderElection(134)) - cb67de73-8b06-44b3-aeb3-7db114eecdbf: shutdown LeaderElection
2019-10-03 08:41:13,717 [cb67de73-8b06-44b3-aeb3-7db114eecdbf@group-7A4811F84365-LeaderElection25] INFO  impl.RaftServerImpl (RaftServerImpl.java:setRole(170)) - cb67de73-8b06-44b3-aeb3-7db114eecdbf@group-7A4811F84365: changes role from CANDIDATE to LEADER at term 1 for changeToLeader
2019-10-03 08:41:13,717 [cb67de73-8b06-44b3-aeb3-7db114eecdbf@group-7A4811F84365-LeaderElection25] INFO  impl.RaftServerImpl (ServerState.java:setLeader(255)) - cb67de73-8b06-44b3-aeb3-7db114eecdbf@group-7A4811F84365: change Leader from null to cb67de73-8b06-44b3-aeb3-7db114eecdbf at term 1 for becomeLeader, leader elected after 5047ms
2019-10-03 08:41:13,719 [cb67de73-8b06-44b3-aeb3-7db114eecdbf@group-7A4811F84365-LeaderElection25] INFO  server.RaftServerConfigKeys (ConfUtils.java:logGet(43)) - raft.server.staging.catchup.gap = 1000 (default)
2019-10-03 08:41:13,719 [cb67de73-8b06-44b3-aeb3-7db114eecdbf@group-7A4811F84365-LeaderElection25] INFO  server.RaftServerConfigKeys (ConfUtils.java:logGet(43)) - raft.server.rpc.sleep.time = 25ms (default)
2019-10-03 08:41:13,719 [cb67de73-8b06-44b3-aeb3-7db114eecdbf@group-7A4811F84365-LeaderElection25] INFO  server.RaftServerConfigKeys (ConfUtils.java:logGet(43)) - raft.server.write.element-limit = 4096 (default)
2019-10-03 08:41:13,719 [cb67de73-8b06-44b3-aeb3-7db114eecdbf@group-7A4811F84365-LeaderElection25] INFO  server.RaftServerConfigKeys (ConfUtils.java:logGet(43)) - raft.server.watch.timeout = 10s (default)
2019-10-03 08:41:13,719 [cb67de73-8b06-44b3-aeb3-7db114eecdbf@group-7A4811F84365-LeaderElection25] INFO  server.RaftServerConfigKeys (ConfUtils.java:logGet(43)) - raft.server.watch.timeout.denomination = 1s (default)
2019-10-03 08:41:13,720 [cb67de73-8b06-44b3-aeb3-7db114eecdbf@group-7A4811F84365-LeaderElection25] INFO  server.RaftServerConfigKeys (ConfUtils.java:logGet(43)) - raft.server.watch.element-limit = 65536 (default)
2019-10-03 08:41:13,722 [cb67de73-8b06-44b3-aeb3-7db114eecdbf@group-7A4811F84365-LeaderElection25] INFO  impl.RoleInfo (RoleInfo.java:updateAndGet(143)) - cb67de73-8b06-44b3-aeb3-7db114eecdbf: start LeaderState
2019-10-03 08:41:13,722 [cb67de73-8b06-44b3-aeb3-7db114eecdbf@group-7A4811F84365-LeaderElection25] INFO  segmented.SegmentedRaftLogWorker (SegmentedRaftLogWorker.java:startLogSegment(385)) - cb67de73-8b06-44b3-aeb3-7db114eecdbf@group-7A4811F84365-SegmentedRaftLogWorker: Starting segment from index:0
2019-10-03 08:41:13,723 [cb67de73-8b06-44b3-aeb3-7db114eecdbf@group-7A4811F84365-LeaderElection25] INFO  impl.RaftServerImpl (ServerState.java:setRaftConf(356)) - cb67de73-8b06-44b3-aeb3-7db114eecdbf@group-7A4811F84365: set configuration 0: [cb67de73-8b06-44b3-aeb3-7db114eecdbf:192.168.151.103:42541], old=null at 0
2019-10-03 08:41:13,771 [cb67de73-8b06-44b3-aeb3-7db114eecdbf@group-7A4811F84365-SegmentedRaftLogWorker] INFO  segmented.SegmentedRaftLogWorker (SegmentedRaftLogWorker.java:execute(574)) - cb67de73-8b06-44b3-aeb3-7db114eecdbf@group-7A4811F84365-SegmentedRaftLogWorker: created new log segment /workdir/hadoop-ozone/integration-test/target/test-dir/MiniOzoneClusterImpl-ff2e4020-2730-403c-aff1-c870d58b142c/datanode-2/data/ratis/0dcb4cf9-d3eb-4462-ad5b-7a4811f84365/current/log_inprogress_0
2019-10-03 08:41:13,902 [Thread-744] INFO  impl.FollowerState (FollowerState.java:run(108)) - f71f06b4-a692-49f1-adba-dc747e3d882f@group-EC4249A6CE26-FollowerState: change to CANDIDATE, lastRpcTime:5164ms, electionTimeout:5164ms
2019-10-03 08:41:13,902 [Thread-744] INFO  impl.RoleInfo (RoleInfo.java:shutdownFollowerState(121)) - f71f06b4-a692-49f1-adba-dc747e3d882f: shutdown FollowerState
2019-10-03 08:41:13,902 [Thread-744] INFO  impl.RaftServerImpl (RaftServerImpl.java:setRole(170)) - f71f06b4-a692-49f1-adba-dc747e3d882f@group-EC4249A6CE26: changes role from  FOLLOWER to CANDIDATE at term 0 for changeToCandidate
2019-10-03 08:41:13,902 [Thread-744] INFO  impl.RoleInfo (RoleInfo.java:updateAndGet(143)) - f71f06b4-a692-49f1-adba-dc747e3d882f: start LeaderElection
2019-10-03 08:41:13,922 [f71f06b4-a692-49f1-adba-dc747e3d882f@group-EC4249A6CE26-LeaderElection26] INFO  impl.LeaderElection (LeaderElection.java:askForVotes(178)) - f71f06b4-a692-49f1-adba-dc747e3d882f@group-EC4249A6CE26-LeaderElection26: begin an election at term 1 for -1: [f71f06b4-a692-49f1-adba-dc747e3d882f:192.168.151.103:41259], old=null
2019-10-03 08:41:13,922 [f71f06b4-a692-49f1-adba-dc747e3d882f@group-EC4249A6CE26-LeaderElection26] INFO  impl.RoleInfo (RoleInfo.java:shutdownLeaderElection(134)) - f71f06b4-a692-49f1-adba-dc747e3d882f: shutdown LeaderElection
2019-10-03 08:41:13,922 [f71f06b4-a692-49f1-adba-dc747e3d882f@group-EC4249A6CE26-LeaderElection26] INFO  impl.RaftServerImpl (RaftServerImpl.java:setRole(170)) - f71f06b4-a692-49f1-adba-dc747e3d882f@group-EC4249A6CE26: changes role from CANDIDATE to LEADER at term 1 for changeToLeader
2019-10-03 08:41:13,922 [f71f06b4-a692-49f1-adba-dc747e3d882f@group-EC4249A6CE26-LeaderElection26] INFO  impl.RaftServerImpl (ServerState.java:setLeader(255)) - f71f06b4-a692-49f1-adba-dc747e3d882f@group-EC4249A6CE26: change Leader from null to f71f06b4-a692-49f1-adba-dc747e3d882f at term 1 for becomeLeader, leader elected after 5194ms
2019-10-03 08:41:13,924 [f71f06b4-a692-49f1-adba-dc747e3d882f@group-EC4249A6CE26-LeaderElection26] INFO  server.RaftServerConfigKeys (ConfUtils.java:logGet(43)) - raft.server.staging.catchup.gap = 1000 (default)
2019-10-03 08:41:13,924 [f71f06b4-a692-49f1-adba-dc747e3d882f@group-EC4249A6CE26-LeaderElection26] INFO  server.RaftServerConfigKeys (ConfUtils.java:logGet(43)) - raft.server.rpc.sleep.time = 25ms (default)
2019-10-03 08:41:13,925 [f71f06b4-a692-49f1-adba-dc747e3d882f@group-EC4249A6CE26-LeaderElection26] INFO  server.RaftServerConfigKeys (ConfUtils.java:logGet(43)) - raft.server.write.element-limit = 4096 (default)
2019-10-03 08:41:13,925 [f71f06b4-a692-49f1-adba-dc747e3d882f@group-EC4249A6CE26-LeaderElection26] INFO  server.RaftServerConfigKeys (ConfUtils.java:logGet(43)) - raft.server.watch.timeout = 10s (default)
2019-10-03 08:41:13,925 [f71f06b4-a692-49f1-adba-dc747e3d882f@group-EC4249A6CE26-LeaderElection26] INFO  server.RaftServerConfigKeys (ConfUtils.java:logGet(43)) - raft.server.watch.timeout.denomination = 1s (default)
2019-10-03 08:41:13,925 [f71f06b4-a692-49f1-adba-dc747e3d882f@group-EC4249A6CE26-LeaderElection26] INFO  server.RaftServerConfigKeys (ConfUtils.java:logGet(43)) - raft.server.watch.element-limit = 65536 (default)
2019-10-03 08:41:13,927 [f71f06b4-a692-49f1-adba-dc747e3d882f@group-EC4249A6CE26-LeaderElection26] INFO  impl.RoleInfo (RoleInfo.java:updateAndGet(143)) - f71f06b4-a692-49f1-adba-dc747e3d882f: start LeaderState
2019-10-03 08:41:13,927 [f71f06b4-a692-49f1-adba-dc747e3d882f@group-EC4249A6CE26-LeaderElection26] INFO  segmented.SegmentedRaftLogWorker (SegmentedRaftLogWorker.java:startLogSegment(385)) - f71f06b4-a692-49f1-adba-dc747e3d882f@group-EC4249A6CE26-SegmentedRaftLogWorker: Starting segment from index:0
2019-10-03 08:41:13,928 [f71f06b4-a692-49f1-adba-dc747e3d882f@group-EC4249A6CE26-LeaderElection26] INFO  impl.RaftServerImpl (ServerState.java:setRaftConf(356)) - f71f06b4-a692-49f1-adba-dc747e3d882f@group-EC4249A6CE26: set configuration 0: [f71f06b4-a692-49f1-adba-dc747e3d882f:192.168.151.103:41259], old=null at 0
2019-10-03 08:41:13,954 [Thread-747] INFO  impl.FollowerState (FollowerState.java:run(108)) - af447d1a-9c68-44de-a982-ad02f9800cfd@group-915611A7B615-FollowerState: change to CANDIDATE, lastRpcTime:5163ms, electionTimeout:5138ms
2019-10-03 08:41:13,954 [Thread-747] INFO  impl.RoleInfo (RoleInfo.java:shutdownFollowerState(121)) - af447d1a-9c68-44de-a982-ad02f9800cfd: shutdown FollowerState
2019-10-03 08:41:13,954 [Thread-747] INFO  impl.RaftServerImpl (RaftServerImpl.java:setRole(170)) - af447d1a-9c68-44de-a982-ad02f9800cfd@group-915611A7B615: changes role from  FOLLOWER to CANDIDATE at term 0 for changeToCandidate
2019-10-03 08:41:13,954 [Thread-747] INFO  impl.RoleInfo (RoleInfo.java:updateAndGet(143)) - af447d1a-9c68-44de-a982-ad02f9800cfd: start LeaderElection
2019-10-03 08:41:13,966 [f71f06b4-a692-49f1-adba-dc747e3d882f@group-EC4249A6CE26-SegmentedRaftLogWorker] INFO  segmented.SegmentedRaftLogWorker (SegmentedRaftLogWorker.java:execute(574)) - f71f06b4-a692-49f1-adba-dc747e3d882f@group-EC4249A6CE26-SegmentedRaftLogWorker: created new log segment /workdir/hadoop-ozone/integration-test/target/test-dir/MiniOzoneClusterImpl-ff2e4020-2730-403c-aff1-c870d58b142c/datanode-3/data/ratis/fcc090b5-5d55-4cb3-a809-ec4249a6ce26/current/log_inprogress_0
2019-10-03 08:41:13,968 [af447d1a-9c68-44de-a982-ad02f9800cfd@group-915611A7B615-LeaderElection27] INFO  impl.LeaderElection (LeaderElection.java:askForVotes(178)) - af447d1a-9c68-44de-a982-ad02f9800cfd@group-915611A7B615-LeaderElection27: begin an election at term 1 for -1: [af447d1a-9c68-44de-a982-ad02f9800cfd:192.168.151.103:45465], old=null
2019-10-03 08:41:13,969 [af447d1a-9c68-44de-a982-ad02f9800cfd@group-915611A7B615-LeaderElection27] INFO  impl.RoleInfo (RoleInfo.java:shutdownLeaderElection(134)) - af447d1a-9c68-44de-a982-ad02f9800cfd: shutdown LeaderElection
2019-10-03 08:41:13,969 [af447d1a-9c68-44de-a982-ad02f9800cfd@group-915611A7B615-LeaderElection27] INFO  impl.RaftServerImpl (RaftServerImpl.java:setRole(170)) - af447d1a-9c68-44de-a982-ad02f9800cfd@group-915611A7B615: changes role from CANDIDATE to LEADER at term 1 for changeToLeader
2019-10-03 08:41:13,969 [af447d1a-9c68-44de-a982-ad02f9800cfd@group-915611A7B615-LeaderElection27] INFO  impl.RaftServerImpl (ServerState.java:setLeader(255)) - af447d1a-9c68-44de-a982-ad02f9800cfd@group-915611A7B615: change Leader from null to af447d1a-9c68-44de-a982-ad02f9800cfd at term 1 for becomeLeader, leader elected after 5188ms
2019-10-03 08:41:13,971 [af447d1a-9c68-44de-a982-ad02f9800cfd@group-915611A7B615-LeaderElection27] INFO  server.RaftServerConfigKeys (ConfUtils.java:logGet(43)) - raft.server.staging.catchup.gap = 1000 (default)
2019-10-03 08:41:13,972 [af447d1a-9c68-44de-a982-ad02f9800cfd@group-915611A7B615-LeaderElection27] INFO  server.RaftServerConfigKeys (ConfUtils.java:logGet(43)) - raft.server.rpc.sleep.time = 25ms (default)
2019-10-03 08:41:13,972 [af447d1a-9c68-44de-a982-ad02f9800cfd@group-915611A7B615-LeaderElection27] INFO  server.RaftServerConfigKeys (ConfUtils.java:logGet(43)) - raft.server.write.element-limit = 4096 (default)
2019-10-03 08:41:13,972 [af447d1a-9c68-44de-a982-ad02f9800cfd@group-915611A7B615-LeaderElection27] INFO  server.RaftServerConfigKeys (ConfUtils.java:logGet(43)) - raft.server.watch.timeout = 10s (default)
2019-10-03 08:41:13,972 [af447d1a-9c68-44de-a982-ad02f9800cfd@group-915611A7B615-LeaderElection27] INFO  server.RaftServerConfigKeys (ConfUtils.java:logGet(43)) - raft.server.watch.timeout.denomination = 1s (default)
2019-10-03 08:41:13,972 [af447d1a-9c68-44de-a982-ad02f9800cfd@group-915611A7B615-LeaderElection27] INFO  server.RaftServerConfigKeys (ConfUtils.java:logGet(43)) - raft.server.watch.element-limit = 65536 (default)
2019-10-03 08:41:13,975 [af447d1a-9c68-44de-a982-ad02f9800cfd@group-915611A7B615-LeaderElection27] INFO  impl.RoleInfo (RoleInfo.java:updateAndGet(143)) - af447d1a-9c68-44de-a982-ad02f9800cfd: start LeaderState
2019-10-03 08:41:13,976 [af447d1a-9c68-44de-a982-ad02f9800cfd@group-915611A7B615-LeaderElection27] INFO  segmented.SegmentedRaftLogWorker (SegmentedRaftLogWorker.java:startLogSegment(385)) - af447d1a-9c68-44de-a982-ad02f9800cfd@group-915611A7B615-SegmentedRaftLogWorker: Starting segment from index:0
2019-10-03 08:41:13,976 [af447d1a-9c68-44de-a982-ad02f9800cfd@group-915611A7B615-LeaderElection27] INFO  impl.RaftServerImpl (ServerState.java:setRaftConf(356)) - af447d1a-9c68-44de-a982-ad02f9800cfd@group-915611A7B615: set configuration 0: [af447d1a-9c68-44de-a982-ad02f9800cfd:192.168.151.103:45465], old=null at 0
2019-10-03 08:41:14,017 [Thread-756] INFO  impl.FollowerState (FollowerState.java:run(108)) - 34eb5b7b-c53e-443a-a410-ed0021cc1a35@group-578B7A3A0BC1-FollowerState: change to CANDIDATE, lastRpcTime:5020ms, electionTimeout:5020ms
2019-10-03 08:41:14,018 [Thread-756] INFO  impl.RoleInfo (RoleInfo.java:shutdownFollowerState(121)) - 34eb5b7b-c53e-443a-a410-ed0021cc1a35: shutdown FollowerState
2019-10-03 08:41:14,018 [Thread-756] INFO  impl.RaftServerImpl (RaftServerImpl.java:setRole(170)) - 34eb5b7b-c53e-443a-a410-ed0021cc1a35@group-578B7A3A0BC1: changes role from  FOLLOWER to CANDIDATE at term 0 for changeToCandidate
2019-10-03 08:41:14,018 [Thread-756] INFO  impl.RoleInfo (RoleInfo.java:updateAndGet(143)) - 34eb5b7b-c53e-443a-a410-ed0021cc1a35: start LeaderElection
2019-10-03 08:41:14,020 [af447d1a-9c68-44de-a982-ad02f9800cfd@group-915611A7B615-SegmentedRaftLogWorker] INFO  segmented.SegmentedRaftLogWorker (SegmentedRaftLogWorker.java:execute(574)) - af447d1a-9c68-44de-a982-ad02f9800cfd@group-915611A7B615-SegmentedRaftLogWorker: created new log segment /workdir/hadoop-ozone/integration-test/target/test-dir/MiniOzoneClusterImpl-ff2e4020-2730-403c-aff1-c870d58b142c/datanode-1/data/ratis/dd003080-1f6d-4fb3-b36a-915611a7b615/current/log_inprogress_0
2019-10-03 08:41:14,034 [34eb5b7b-c53e-443a-a410-ed0021cc1a35@group-578B7A3A0BC1-LeaderElection28] INFO  impl.LeaderElection (LeaderElection.java:askForVotes(178)) - 34eb5b7b-c53e-443a-a410-ed0021cc1a35@group-578B7A3A0BC1-LeaderElection28: begin an election at term 1 for -1: [34eb5b7b-c53e-443a-a410-ed0021cc1a35:192.168.151.103:33792], old=null
2019-10-03 08:41:14,034 [34eb5b7b-c53e-443a-a410-ed0021cc1a35@group-578B7A3A0BC1-LeaderElection28] INFO  impl.RoleInfo (RoleInfo.java:shutdownLeaderElection(134)) - 34eb5b7b-c53e-443a-a410-ed0021cc1a35: shutdown LeaderElection
2019-10-03 08:41:14,034 [34eb5b7b-c53e-443a-a410-ed0021cc1a35@group-578B7A3A0BC1-LeaderElection28] INFO  impl.RaftServerImpl (RaftServerImpl.java:setRole(170)) - 34eb5b7b-c53e-443a-a410-ed0021cc1a35@group-578B7A3A0BC1: changes role from CANDIDATE to LEADER at term 1 for changeToLeader
2019-10-03 08:41:14,034 [34eb5b7b-c53e-443a-a410-ed0021cc1a35@group-578B7A3A0BC1-LeaderElection28] INFO  impl.RaftServerImpl (ServerState.java:setLeader(255)) - 34eb5b7b-c53e-443a-a410-ed0021cc1a35@group-578B7A3A0BC1: change Leader from null to 34eb5b7b-c53e-443a-a410-ed0021cc1a35 at term 1 for becomeLeader, leader elected after 5047ms
2019-10-03 08:41:14,036 [34eb5b7b-c53e-443a-a410-ed0021cc1a35@group-578B7A3A0BC1-LeaderElection28] INFO  server.RaftServerConfigKeys (ConfUtils.java:logGet(43)) - raft.server.staging.catchup.gap = 1000 (default)
2019-10-03 08:41:14,036 [34eb5b7b-c53e-443a-a410-ed0021cc1a35@group-578B7A3A0BC1-LeaderElection28] INFO  server.RaftServerConfigKeys (ConfUtils.java:logGet(43)) - raft.server.rpc.sleep.time = 25ms (default)
2019-10-03 08:41:14,036 [34eb5b7b-c53e-443a-a410-ed0021cc1a35@group-578B7A3A0BC1-LeaderElection28] INFO  server.RaftServerConfigKeys (ConfUtils.java:logGet(43)) - raft.server.write.element-limit = 4096 (default)
2019-10-03 08:41:14,036 [34eb5b7b-c53e-443a-a410-ed0021cc1a35@group-578B7A3A0BC1-LeaderElection28] INFO  server.RaftServerConfigKeys (ConfUtils.java:logGet(43)) - raft.server.watch.timeout = 10s (default)
2019-10-03 08:41:14,036 [34eb5b7b-c53e-443a-a410-ed0021cc1a35@group-578B7A3A0BC1-LeaderElection28] INFO  server.RaftServerConfigKeys (ConfUtils.java:logGet(43)) - raft.server.watch.timeout.denomination = 1s (default)
2019-10-03 08:41:14,036 [34eb5b7b-c53e-443a-a410-ed0021cc1a35@group-578B7A3A0BC1-LeaderElection28] INFO  server.RaftServerConfigKeys (ConfUtils.java:logGet(43)) - raft.server.watch.element-limit = 65536 (default)
2019-10-03 08:41:14,038 [34eb5b7b-c53e-443a-a410-ed0021cc1a35@group-578B7A3A0BC1-LeaderElection28] INFO  impl.RoleInfo (RoleInfo.java:updateAndGet(143)) - 34eb5b7b-c53e-443a-a410-ed0021cc1a35: start LeaderState
2019-10-03 08:41:14,038 [34eb5b7b-c53e-443a-a410-ed0021cc1a35@group-578B7A3A0BC1-LeaderElection28] INFO  segmented.SegmentedRaftLogWorker (SegmentedRaftLogWorker.java:startLogSegment(385)) - 34eb5b7b-c53e-443a-a410-ed0021cc1a35@group-578B7A3A0BC1-SegmentedRaftLogWorker: Starting segment from index:0
2019-10-03 08:41:14,039 [34eb5b7b-c53e-443a-a410-ed0021cc1a35@group-578B7A3A0BC1-LeaderElection28] INFO  impl.RaftServerImpl (ServerState.java:setRaftConf(356)) - 34eb5b7b-c53e-443a-a410-ed0021cc1a35@group-578B7A3A0BC1: set configuration 0: [34eb5b7b-c53e-443a-a410-ed0021cc1a35:192.168.151.103:33792], old=null at 0
2019-10-03 08:41:14,071 [Thread-750] INFO  impl.FollowerState (FollowerState.java:run(108)) - 63cb16dc-568f-4f90-a87b-96e9755fb6cd@group-0FFABCAF080F-FollowerState: change to CANDIDATE, lastRpcTime:5204ms, electionTimeout:5175ms
2019-10-03 08:41:14,071 [Thread-753] INFO  impl.FollowerState (FollowerState.java:run(108)) - e7a3cf27-7796-4558-9a9d-ccb0a118d6f3@group-1047293B6B4B-FollowerState: change to CANDIDATE, lastRpcTime:5137ms, electionTimeout:5113ms
2019-10-03 08:41:14,071 [Thread-750] INFO  impl.RoleInfo (RoleInfo.java:shutdownFollowerState(121)) - 63cb16dc-568f-4f90-a87b-96e9755fb6cd: shutdown FollowerState
2019-10-03 08:41:14,071 [Thread-753] INFO  impl.RoleInfo (RoleInfo.java:shutdownFollowerState(121)) - e7a3cf27-7796-4558-9a9d-ccb0a118d6f3: shutdown FollowerState
2019-10-03 08:41:14,071 [Thread-750] INFO  impl.RaftServerImpl (RaftServerImpl.java:setRole(170)) - 63cb16dc-568f-4f90-a87b-96e9755fb6cd@group-0FFABCAF080F: changes role from  FOLLOWER to CANDIDATE at term 0 for changeToCandidate
2019-10-03 08:41:14,071 [Thread-753] INFO  impl.RaftServerImpl (RaftServerImpl.java:setRole(170)) - e7a3cf27-7796-4558-9a9d-ccb0a118d6f3@group-1047293B6B4B: changes role from  FOLLOWER to CANDIDATE at term 0 for changeToCandidate
2019-10-03 08:41:14,071 [Thread-750] INFO  impl.RoleInfo (RoleInfo.java:updateAndGet(143)) - 63cb16dc-568f-4f90-a87b-96e9755fb6cd: start LeaderElection
2019-10-03 08:41:14,072 [Thread-753] INFO  impl.RoleInfo (RoleInfo.java:updateAndGet(143)) - e7a3cf27-7796-4558-9a9d-ccb0a118d6f3: start LeaderElection
2019-10-03 08:41:14,084 [34eb5b7b-c53e-443a-a410-ed0021cc1a35@group-578B7A3A0BC1-SegmentedRaftLogWorker] INFO  segmented.SegmentedRaftLogWorker (SegmentedRaftLogWorker.java:execute(574)) - 34eb5b7b-c53e-443a-a410-ed0021cc1a35@group-578B7A3A0BC1-SegmentedRaftLogWorker: created new log segment /workdir/hadoop-ozone/integration-test/target/test-dir/MiniOzoneClusterImpl-ff2e4020-2730-403c-aff1-c870d58b142c/datanode-6/data/ratis/0be3b948-e35d-43d2-be1a-578b7a3a0bc1/current/log_inprogress_0
2019-10-03 08:41:14,084 [e7a3cf27-7796-4558-9a9d-ccb0a118d6f3@group-1047293B6B4B-LeaderElection30] INFO  impl.LeaderElection (LeaderElection.java:askForVotes(178)) - e7a3cf27-7796-4558-9a9d-ccb0a118d6f3@group-1047293B6B4B-LeaderElection30: begin an election at term 1 for -1: [e7a3cf27-7796-4558-9a9d-ccb0a118d6f3:192.168.151.103:44168], old=null
2019-10-03 08:41:14,084 [63cb16dc-568f-4f90-a87b-96e9755fb6cd@group-0FFABCAF080F-LeaderElection29] INFO  impl.LeaderElection (LeaderElection.java:askForVotes(178)) - 63cb16dc-568f-4f90-a87b-96e9755fb6cd@group-0FFABCAF080F-LeaderElection29: begin an election at term 1 for -1: [63cb16dc-568f-4f90-a87b-96e9755fb6cd:192.168.151.103:39945], old=null
2019-10-03 08:41:14,084 [e7a3cf27-7796-4558-9a9d-ccb0a118d6f3@group-1047293B6B4B-LeaderElection30] INFO  impl.RoleInfo (RoleInfo.java:shutdownLeaderElection(134)) - e7a3cf27-7796-4558-9a9d-ccb0a118d6f3: shutdown LeaderElection
2019-10-03 08:41:14,084 [63cb16dc-568f-4f90-a87b-96e9755fb6cd@group-0FFABCAF080F-LeaderElection29] INFO  impl.RoleInfo (RoleInfo.java:shutdownLeaderElection(134)) - 63cb16dc-568f-4f90-a87b-96e9755fb6cd: shutdown LeaderElection
2019-10-03 08:41:14,084 [e7a3cf27-7796-4558-9a9d-ccb0a118d6f3@group-1047293B6B4B-LeaderElection30] INFO  impl.RaftServerImpl (RaftServerImpl.java:setRole(170)) - e7a3cf27-7796-4558-9a9d-ccb0a118d6f3@group-1047293B6B4B: changes role from CANDIDATE to LEADER at term 1 for changeToLeader
2019-10-03 08:41:14,084 [63cb16dc-568f-4f90-a87b-96e9755fb6cd@group-0FFABCAF080F-LeaderElection29] INFO  impl.RaftServerImpl (RaftServerImpl.java:setRole(170)) - 63cb16dc-568f-4f90-a87b-96e9755fb6cd@group-0FFABCAF080F: changes role from CANDIDATE to LEADER at term 1 for changeToLeader
2019-10-03 08:41:14,084 [e7a3cf27-7796-4558-9a9d-ccb0a118d6f3@group-1047293B6B4B-LeaderElection30] INFO  impl.RaftServerImpl (ServerState.java:setLeader(255)) - e7a3cf27-7796-4558-9a9d-ccb0a118d6f3@group-1047293B6B4B: change Leader from null to e7a3cf27-7796-4558-9a9d-ccb0a118d6f3 at term 1 for becomeLeader, leader elected after 5166ms
2019-10-03 08:41:14,084 [63cb16dc-568f-4f90-a87b-96e9755fb6cd@group-0FFABCAF080F-LeaderElection29] INFO  impl.RaftServerImpl (ServerState.java:setLeader(255)) - 63cb16dc-568f-4f90-a87b-96e9755fb6cd@group-0FFABCAF080F: change Leader from null to 63cb16dc-568f-4f90-a87b-96e9755fb6cd at term 1 for becomeLeader, leader elected after 5227ms
2019-10-03 08:41:14,087 [e7a3cf27-7796-4558-9a9d-ccb0a118d6f3@group-1047293B6B4B-LeaderElection30] INFO  server.RaftServerConfigKeys (ConfUtils.java:logGet(43)) - raft.server.staging.catchup.gap = 1000 (default)
2019-10-03 08:41:14,097 [63cb16dc-568f-4f90-a87b-96e9755fb6cd@group-0FFABCAF080F-LeaderElection29] INFO  server.RaftServerConfigKeys (ConfUtils.java:logGet(43)) - raft.server.staging.catchup.gap = 1000 (default)
2019-10-03 08:41:14,098 [e7a3cf27-7796-4558-9a9d-ccb0a118d6f3@group-1047293B6B4B-LeaderElection30] INFO  server.RaftServerConfigKeys (ConfUtils.java:logGet(43)) - raft.server.rpc.sleep.time = 25ms (default)
2019-10-03 08:41:14,098 [63cb16dc-568f-4f90-a87b-96e9755fb6cd@group-0FFABCAF080F-LeaderElection29] INFO  server.RaftServerConfigKeys (ConfUtils.java:logGet(43)) - raft.server.rpc.sleep.time = 25ms (default)
2019-10-03 08:41:14,098 [e7a3cf27-7796-4558-9a9d-ccb0a118d6f3@group-1047293B6B4B-LeaderElection30] INFO  server.RaftServerConfigKeys (ConfUtils.java:logGet(43)) - raft.server.write.element-limit = 4096 (default)
2019-10-03 08:41:14,098 [63cb16dc-568f-4f90-a87b-96e9755fb6cd@group-0FFABCAF080F-LeaderElection29] INFO  server.RaftServerConfigKeys (ConfUtils.java:logGet(43)) - raft.server.write.element-limit = 4096 (default)
2019-10-03 08:41:14,098 [e7a3cf27-7796-4558-9a9d-ccb0a118d6f3@group-1047293B6B4B-LeaderElection30] INFO  server.RaftServerConfigKeys (ConfUtils.java:logGet(43)) - raft.server.watch.timeout = 10s (default)
2019-10-03 08:41:14,098 [63cb16dc-568f-4f90-a87b-96e9755fb6cd@group-0FFABCAF080F-LeaderElection29] INFO  server.RaftServerConfigKeys (ConfUtils.java:logGet(43)) - raft.server.watch.timeout = 10s (default)
2019-10-03 08:41:14,099 [e7a3cf27-7796-4558-9a9d-ccb0a118d6f3@group-1047293B6B4B-LeaderElection30] INFO  server.RaftServerConfigKeys (ConfUtils.java:logGet(43)) - raft.server.watch.timeout.denomination = 1s (default)
2019-10-03 08:41:14,099 [63cb16dc-568f-4f90-a87b-96e9755fb6cd@group-0FFABCAF080F-LeaderElection29] INFO  server.RaftServerConfigKeys (ConfUtils.java:logGet(43)) - raft.server.watch.timeout.denomination = 1s (default)
2019-10-03 08:41:14,099 [e7a3cf27-7796-4558-9a9d-ccb0a118d6f3@group-1047293B6B4B-LeaderElection30] INFO  server.RaftServerConfigKeys (ConfUtils.java:logGet(43)) - raft.server.watch.element-limit = 65536 (default)
2019-10-03 08:41:14,099 [63cb16dc-568f-4f90-a87b-96e9755fb6cd@group-0FFABCAF080F-LeaderElection29] INFO  server.RaftServerConfigKeys (ConfUtils.java:logGet(43)) - raft.server.watch.element-limit = 65536 (default)
2019-10-03 08:41:14,102 [e7a3cf27-7796-4558-9a9d-ccb0a118d6f3@group-1047293B6B4B-LeaderElection30] INFO  impl.RoleInfo (RoleInfo.java:updateAndGet(143)) - e7a3cf27-7796-4558-9a9d-ccb0a118d6f3: start LeaderState
2019-10-03 08:41:14,103 [63cb16dc-568f-4f90-a87b-96e9755fb6cd@group-0FFABCAF080F-LeaderElection29] INFO  impl.RoleInfo (RoleInfo.java:updateAndGet(143)) - 63cb16dc-568f-4f90-a87b-96e9755fb6cd: start LeaderState
2019-10-03 08:41:14,103 [63cb16dc-568f-4f90-a87b-96e9755fb6cd@group-0FFABCAF080F-LeaderElection29] INFO  segmented.SegmentedRaftLogWorker (SegmentedRaftLogWorker.java:startLogSegment(385)) - 63cb16dc-568f-4f90-a87b-96e9755fb6cd@group-0FFABCAF080F-SegmentedRaftLogWorker: Starting segment from index:0
2019-10-03 08:41:14,103 [e7a3cf27-7796-4558-9a9d-ccb0a118d6f3@group-1047293B6B4B-LeaderElection30] INFO  segmented.SegmentedRaftLogWorker (SegmentedRaftLogWorker.java:startLogSegment(385)) - e7a3cf27-7796-4558-9a9d-ccb0a118d6f3@group-1047293B6B4B-SegmentedRaftLogWorker: Starting segment from index:0
2019-10-03 08:41:14,103 [63cb16dc-568f-4f90-a87b-96e9755fb6cd@group-0FFABCAF080F-LeaderElection29] INFO  impl.RaftServerImpl (ServerState.java:setRaftConf(356)) - 63cb16dc-568f-4f90-a87b-96e9755fb6cd@group-0FFABCAF080F: set configuration 0: [63cb16dc-568f-4f90-a87b-96e9755fb6cd:192.168.151.103:39945], old=null at 0
2019-10-03 08:41:14,138 [Thread-761] INFO  impl.FollowerState (FollowerState.java:run(108)) - af447d1a-9c68-44de-a982-ad02f9800cfd@group-21D41EB94025-FollowerState: change to CANDIDATE, lastRpcTime:5068ms, electionTimeout:5065ms
2019-10-03 08:41:14,138 [Thread-762] INFO  impl.FollowerState (FollowerState.java:run(108)) - cb67de73-8b06-44b3-aeb3-7db114eecdbf@group-21D41EB94025-FollowerState: change to CANDIDATE, lastRpcTime:5067ms, electionTimeout:5042ms
2019-10-03 08:41:14,139 [Thread-762] INFO  impl.RoleInfo (RoleInfo.java:shutdownFollowerState(121)) - cb67de73-8b06-44b3-aeb3-7db114eecdbf: shutdown FollowerState
2019-10-03 08:41:14,139 [Thread-761] INFO  impl.RoleInfo (RoleInfo.java:shutdownFollowerState(121)) - af447d1a-9c68-44de-a982-ad02f9800cfd: shutdown FollowerState
2019-10-03 08:41:14,139 [Thread-762] INFO  impl.RaftServerImpl (RaftServerImpl.java:setRole(170)) - cb67de73-8b06-44b3-aeb3-7db114eecdbf@group-21D41EB94025: changes role from  FOLLOWER to CANDIDATE at term 0 for changeToCandidate
2019-10-03 08:41:14,139 [Thread-761] INFO  impl.RaftServerImpl (RaftServerImpl.java:setRole(170)) - af447d1a-9c68-44de-a982-ad02f9800cfd@group-21D41EB94025: changes role from  FOLLOWER to CANDIDATE at term 0 for changeToCandidate
2019-10-03 08:41:14,139 [e7a3cf27-7796-4558-9a9d-ccb0a118d6f3@group-1047293B6B4B-LeaderElection30] INFO  impl.RaftServerImpl (ServerState.java:setRaftConf(356)) - e7a3cf27-7796-4558-9a9d-ccb0a118d6f3@group-1047293B6B4B: set configuration 0: [e7a3cf27-7796-4558-9a9d-ccb0a118d6f3:192.168.151.103:44168], old=null at 0
2019-10-03 08:41:14,139 [Thread-761] INFO  impl.RoleInfo (RoleInfo.java:updateAndGet(143)) - af447d1a-9c68-44de-a982-ad02f9800cfd: start LeaderElection
2019-10-03 08:41:14,139 [Thread-762] INFO  impl.RoleInfo (RoleInfo.java:updateAndGet(143)) - cb67de73-8b06-44b3-aeb3-7db114eecdbf: start LeaderElection
2019-10-03 08:41:14,179 [63cb16dc-568f-4f90-a87b-96e9755fb6cd@group-0FFABCAF080F-SegmentedRaftLogWorker] INFO  segmented.SegmentedRaftLogWorker (SegmentedRaftLogWorker.java:execute(574)) - 63cb16dc-568f-4f90-a87b-96e9755fb6cd@group-0FFABCAF080F-SegmentedRaftLogWorker: created new log segment /workdir/hadoop-ozone/integration-test/target/test-dir/MiniOzoneClusterImpl-ff2e4020-2730-403c-aff1-c870d58b142c/datanode-4/data/ratis/9d59ee72-82d5-4603-9b73-0ffabcaf080f/current/log_inprogress_0
2019-10-03 08:41:14,192 [e7a3cf27-7796-4558-9a9d-ccb0a118d6f3@group-1047293B6B4B-SegmentedRaftLogWorker] INFO  segmented.SegmentedRaftLogWorker (SegmentedRaftLogWorker.java:execute(574)) - e7a3cf27-7796-4558-9a9d-ccb0a118d6f3@group-1047293B6B4B-SegmentedRaftLogWorker: created new log segment /workdir/hadoop-ozone/integration-test/target/test-dir/MiniOzoneClusterImpl-ff2e4020-2730-403c-aff1-c870d58b142c/datanode-5/data/ratis/3e336966-4dfd-4357-92fe-1047293b6b4b/current/log_inprogress_0
2019-10-03 08:41:14,192 [cb67de73-8b06-44b3-aeb3-7db114eecdbf@group-21D41EB94025-LeaderElection31] INFO  impl.LeaderElection (LeaderElection.java:askForVotes(178)) - cb67de73-8b06-44b3-aeb3-7db114eecdbf@group-21D41EB94025-LeaderElection31: begin an election at term 1 for -1: [cb67de73-8b06-44b3-aeb3-7db114eecdbf:192.168.151.103:42541, af447d1a-9c68-44de-a982-ad02f9800cfd:192.168.151.103:45465, f71f06b4-a692-49f1-adba-dc747e3d882f:192.168.151.103:41259], old=null
2019-10-03 08:41:14,192 [af447d1a-9c68-44de-a982-ad02f9800cfd@group-21D41EB94025-LeaderElection32] INFO  impl.LeaderElection (LeaderElection.java:askForVotes(178)) - af447d1a-9c68-44de-a982-ad02f9800cfd@group-21D41EB94025-LeaderElection32: begin an election at term 1 for -1: [cb67de73-8b06-44b3-aeb3-7db114eecdbf:192.168.151.103:42541, af447d1a-9c68-44de-a982-ad02f9800cfd:192.168.151.103:45465, f71f06b4-a692-49f1-adba-dc747e3d882f:192.168.151.103:41259], old=null
2019-10-03 08:41:14,203 [grpc-default-executor-1] INFO  impl.RaftServerImpl (RaftServerImpl.java:setRole(170)) - f71f06b4-a692-49f1-adba-dc747e3d882f@group-21D41EB94025: changes role from  FOLLOWER to FOLLOWER at term 1 for recognizeCandidate:cb67de73-8b06-44b3-aeb3-7db114eecdbf
2019-10-03 08:41:14,204 [grpc-default-executor-1] INFO  impl.RoleInfo (RoleInfo.java:shutdownFollowerState(121)) - f71f06b4-a692-49f1-adba-dc747e3d882f: shutdown FollowerState
2019-10-03 08:41:14,204 [grpc-default-executor-1] INFO  impl.RoleInfo (RoleInfo.java:updateAndGet(143)) - f71f06b4-a692-49f1-adba-dc747e3d882f: start FollowerState
2019-10-03 08:41:14,204 [Thread-763] INFO  impl.FollowerState (FollowerState.java:run(117)) - f71f06b4-a692-49f1-adba-dc747e3d882f@group-21D41EB94025-FollowerState was interrupted: java.lang.InterruptedException: sleep interrupted
2019-10-03 08:41:14,222 [cb67de73-8b06-44b3-aeb3-7db114eecdbf@group-21D41EB94025-LeaderElection31] INFO  impl.LeaderElection (LeaderElection.java:logAndReturn(56)) - cb67de73-8b06-44b3-aeb3-7db114eecdbf@group-21D41EB94025-LeaderElection31: Election PASSED; received 2 response(s) [cb67de73-8b06-44b3-aeb3-7db114eecdbf<-af447d1a-9c68-44de-a982-ad02f9800cfd#0:FAIL-t1, cb67de73-8b06-44b3-aeb3-7db114eecdbf<-f71f06b4-a692-49f1-adba-dc747e3d882f#0:OK-t1] and 0 exception(s); cb67de73-8b06-44b3-aeb3-7db114eecdbf@group-21D41EB94025:t1, leader=null, voted=cb67de73-8b06-44b3-aeb3-7db114eecdbf, raftlog=cb67de73-8b06-44b3-aeb3-7db114eecdbf@group-21D41EB94025-SegmentedRaftLog:OPENED:c-1,f-1,i0, conf=-1: [cb67de73-8b06-44b3-aeb3-7db114eecdbf:192.168.151.103:42541, af447d1a-9c68-44de-a982-ad02f9800cfd:192.168.151.103:45465, f71f06b4-a692-49f1-adba-dc747e3d882f:192.168.151.103:41259], old=null
2019-10-03 08:41:14,222 [af447d1a-9c68-44de-a982-ad02f9800cfd@group-21D41EB94025-LeaderElection32] INFO  impl.LeaderElection (LeaderElection.java:logAndReturn(56)) - af447d1a-9c68-44de-a982-ad02f9800cfd@group-21D41EB94025-LeaderElection32: Election REJECTED; received 2 response(s) [af447d1a-9c68-44de-a982-ad02f9800cfd<-cb67de73-8b06-44b3-aeb3-7db114eecdbf#0:FAIL-t1, af447d1a-9c68-44de-a982-ad02f9800cfd<-f71f06b4-a692-49f1-adba-dc747e3d882f#0:FAIL-t1] and 0 exception(s); af447d1a-9c68-44de-a982-ad02f9800cfd@group-21D41EB94025:t1, leader=null, voted=af447d1a-9c68-44de-a982-ad02f9800cfd, raftlog=af447d1a-9c68-44de-a982-ad02f9800cfd@group-21D41EB94025-SegmentedRaftLog:OPENED:c-1,f-1,i0, conf=-1: [cb67de73-8b06-44b3-aeb3-7db114eecdbf:192.168.151.103:42541, af447d1a-9c68-44de-a982-ad02f9800cfd:192.168.151.103:45465, f71f06b4-a692-49f1-adba-dc747e3d882f:192.168.151.103:41259], old=null
2019-10-03 08:41:14,222 [cb67de73-8b06-44b3-aeb3-7db114eecdbf@group-21D41EB94025-LeaderElection31] INFO  impl.RoleInfo (RoleInfo.java:shutdownLeaderElection(134)) - cb67de73-8b06-44b3-aeb3-7db114eecdbf: shutdown LeaderElection
2019-10-03 08:41:14,225 [af447d1a-9c68-44de-a982-ad02f9800cfd@group-21D41EB94025-LeaderElection32] INFO  impl.RaftServerImpl (RaftServerImpl.java:setRole(170)) - af447d1a-9c68-44de-a982-ad02f9800cfd@group-21D41EB94025: changes role from CANDIDATE to FOLLOWER at term 1 for DISCOVERED_A_NEW_TERM
2019-10-03 08:41:14,228 [Thread-771] INFO  impl.FollowerState (FollowerState.java:run(108)) - 63cb16dc-568f-4f90-a87b-96e9755fb6cd@group-91D5057DB33D-FollowerState: change to CANDIDATE, lastRpcTime:5085ms, electionTimeout:5084ms
2019-10-03 08:41:14,225 [cb67de73-8b06-44b3-aeb3-7db114eecdbf@group-21D41EB94025-LeaderElection31] INFO  impl.RaftServerImpl (RaftServerImpl.java:setRole(170)) - cb67de73-8b06-44b3-aeb3-7db114eecdbf@group-21D41EB94025: changes role from CANDIDATE to LEADER at term 1 for changeToLeader
2019-10-03 08:41:14,228 [Thread-771] INFO  impl.RoleInfo (RoleInfo.java:shutdownFollowerState(121)) - 63cb16dc-568f-4f90-a87b-96e9755fb6cd: shutdown FollowerState
2019-10-03 08:41:14,228 [af447d1a-9c68-44de-a982-ad02f9800cfd@group-21D41EB94025-LeaderElection32] INFO  impl.RoleInfo (RoleInfo.java:shutdownLeaderElection(134)) - af447d1a-9c68-44de-a982-ad02f9800cfd: shutdown LeaderElection
2019-10-03 08:41:14,228 [Thread-771] INFO  impl.RaftServerImpl (RaftServerImpl.java:setRole(170)) - 63cb16dc-568f-4f90-a87b-96e9755fb6cd@group-91D5057DB33D: changes role from  FOLLOWER to CANDIDATE at term 0 for changeToCandidate
2019-10-03 08:41:14,228 [cb67de73-8b06-44b3-aeb3-7db114eecdbf@group-21D41EB94025-LeaderElection31] INFO  impl.RaftServerImpl (ServerState.java:setLeader(255)) - cb67de73-8b06-44b3-aeb3-7db114eecdbf@group-21D41EB94025: change Leader from null to cb67de73-8b06-44b3-aeb3-7db114eecdbf at term 1 for becomeLeader, leader elected after 5168ms
2019-10-03 08:41:14,228 [Thread-771] INFO  impl.RoleInfo (RoleInfo.java:updateAndGet(143)) - 63cb16dc-568f-4f90-a87b-96e9755fb6cd: start LeaderElection
2019-10-03 08:41:14,228 [af447d1a-9c68-44de-a982-ad02f9800cfd@group-21D41EB94025-LeaderElection32] INFO  impl.RoleInfo (RoleInfo.java:updateAndGet(143)) - af447d1a-9c68-44de-a982-ad02f9800cfd: start FollowerState
2019-10-03 08:41:14,229 [cb67de73-8b06-44b3-aeb3-7db114eecdbf@group-21D41EB94025-LeaderElection31] INFO  server.RaftServerConfigKeys (ConfUtils.java:logGet(43)) - raft.server.staging.catchup.gap = 1000 (default)
2019-10-03 08:41:14,232 [Thread-772] INFO  impl.FollowerState (FollowerState.java:run(108)) - c87c9c9b-0dcf-4ff5-9ac0-81ac60eec9d8@group-91D5057DB33D-FollowerState: change to CANDIDATE, lastRpcTime:5089ms, electionTimeout:5087ms
2019-10-03 08:41:14,232 [cb67de73-8b06-44b3-aeb3-7db114eecdbf@group-21D41EB94025-LeaderElection31] INFO  server.RaftServerConfigKeys (ConfUtils.java:logGet(43)) - raft.server.rpc.sleep.time = 25ms (default)
2019-10-03 08:41:14,232 [Thread-772] INFO  impl.RoleInfo (RoleInfo.java:shutdownFollowerState(121)) - c87c9c9b-0dcf-4ff5-9ac0-81ac60eec9d8: shutdown FollowerState
2019-10-03 08:41:14,232 [cb67de73-8b06-44b3-aeb3-7db114eecdbf@group-21D41EB94025-LeaderElection31] INFO  server.RaftServerConfigKeys (ConfUtils.java:logGet(43)) - raft.server.write.element-limit = 4096 (default)
2019-10-03 08:41:14,232 [Thread-772] INFO  impl.RaftServerImpl (RaftServerImpl.java:setRole(170)) - c87c9c9b-0dcf-4ff5-9ac0-81ac60eec9d8@group-91D5057DB33D: changes role from  FOLLOWER to CANDIDATE at term 0 for changeToCandidate
2019-10-03 08:41:14,232 [cb67de73-8b06-44b3-aeb3-7db114eecdbf@group-21D41EB94025-LeaderElection31] INFO  server.RaftServerConfigKeys (ConfUtils.java:logGet(43)) - raft.server.watch.timeout = 10s (default)
2019-10-03 08:41:14,232 [Thread-772] INFO  impl.RoleInfo (RoleInfo.java:updateAndGet(143)) - c87c9c9b-0dcf-4ff5-9ac0-81ac60eec9d8: start LeaderElection
2019-10-03 08:41:14,232 [cb67de73-8b06-44b3-aeb3-7db114eecdbf@group-21D41EB94025-LeaderElection31] INFO  server.RaftServerConfigKeys (ConfUtils.java:logGet(43)) - raft.server.watch.timeout.denomination = 1s (default)
2019-10-03 08:41:14,237 [cb67de73-8b06-44b3-aeb3-7db114eecdbf@group-21D41EB94025-LeaderElection31] INFO  server.RaftServerConfigKeys (ConfUtils.java:logGet(43)) - raft.server.watch.element-limit = 65536 (default)
2019-10-03 08:41:14,240 [cb67de73-8b06-44b3-aeb3-7db114eecdbf@group-21D41EB94025-LeaderElection31] INFO  server.RaftServerConfigKeys (ConfUtils.java:logGet(43)) - raft.server.log.appender.snapshot.chunk.size.max = 16MB (=16777216) (default)
2019-10-03 08:41:14,240 [cb67de73-8b06-44b3-aeb3-7db114eecdbf@group-21D41EB94025-LeaderElection31] INFO  server.RaftServerConfigKeys (ConfUtils.java:logGet(43)) - raft.server.log.appender.buffer.byte-limit = 33554432 (custom)
2019-10-03 08:41:14,240 [cb67de73-8b06-44b3-aeb3-7db114eecdbf@group-21D41EB94025-LeaderElection31] INFO  server.RaftServerConfigKeys (ConfUtils.java:logGet(43)) - raft.server.log.appender.buffer.element-limit = 1 (custom)
2019-10-03 08:41:14,241 [cb67de73-8b06-44b3-aeb3-7db114eecdbf@group-21D41EB94025-LeaderElection31] INFO  grpc.GrpcConfigKeys$Server (ConfUtils.java:logGet(43)) - raft.grpc.server.leader.outstanding.appends.max = 128 (default)
2019-10-03 08:41:14,241 [cb67de73-8b06-44b3-aeb3-7db114eecdbf@group-21D41EB94025-LeaderElection31] INFO  server.RaftServerConfigKeys (ConfUtils.java:logGet(43)) - raft.server.rpc.request.timeout = 3000ms (default)
2019-10-03 08:41:14,241 [cb67de73-8b06-44b3-aeb3-7db114eecdbf@group-21D41EB94025-LeaderElection31] INFO  server.RaftServerConfigKeys (ConfUtils.java:logGet(43)) - raft.server.log.appender.install.snapshot.enabled = false (custom)
2019-10-03 08:41:14,242 [cb67de73-8b06-44b3-aeb3-7db114eecdbf@group-21D41EB94025-LeaderElection31] INFO  server.RaftServerConfigKeys (ConfUtils.java:logGet(43)) - raft.server.log.appender.snapshot.chunk.size.max = 16MB (=16777216) (default)
2019-10-03 08:41:14,242 [cb67de73-8b06-44b3-aeb3-7db114eecdbf@group-21D41EB94025-LeaderElection31] INFO  server.RaftServerConfigKeys (ConfUtils.java:logGet(43)) - raft.server.log.appender.buffer.byte-limit = 33554432 (custom)
2019-10-03 08:41:14,242 [cb67de73-8b06-44b3-aeb3-7db114eecdbf@group-21D41EB94025-LeaderElection31] INFO  server.RaftServerConfigKeys (ConfUtils.java:logGet(43)) - raft.server.log.appender.buffer.element-limit = 1 (custom)
2019-10-03 08:41:14,242 [cb67de73-8b06-44b3-aeb3-7db114eecdbf@group-21D41EB94025-LeaderElection31] INFO  grpc.GrpcConfigKeys$Server (ConfUtils.java:logGet(43)) - raft.grpc.server.leader.outstanding.appends.max = 128 (default)
2019-10-03 08:41:14,243 [cb67de73-8b06-44b3-aeb3-7db114eecdbf@group-21D41EB94025-LeaderElection31] INFO  server.RaftServerConfigKeys (ConfUtils.java:logGet(43)) - raft.server.rpc.request.timeout = 3000ms (default)
2019-10-03 08:41:14,243 [cb67de73-8b06-44b3-aeb3-7db114eecdbf@group-21D41EB94025-LeaderElection31] INFO  server.RaftServerConfigKeys (ConfUtils.java:logGet(43)) - raft.server.log.appender.install.snapshot.enabled = false (custom)
2019-10-03 08:41:14,243 [cb67de73-8b06-44b3-aeb3-7db114eecdbf@group-21D41EB94025-LeaderElection31] INFO  impl.RoleInfo (RoleInfo.java:updateAndGet(143)) - cb67de73-8b06-44b3-aeb3-7db114eecdbf: start LeaderState
2019-10-03 08:41:14,243 [cb67de73-8b06-44b3-aeb3-7db114eecdbf@group-21D41EB94025-LeaderElection31] INFO  segmented.SegmentedRaftLogWorker (SegmentedRaftLogWorker.java:startLogSegment(385)) - cb67de73-8b06-44b3-aeb3-7db114eecdbf@group-21D41EB94025-SegmentedRaftLogWorker: Starting segment from index:0
2019-10-03 08:41:14,244 [cb67de73-8b06-44b3-aeb3-7db114eecdbf@group-21D41EB94025-LeaderElection31] INFO  impl.RaftServerImpl (ServerState.java:setRaftConf(356)) - cb67de73-8b06-44b3-aeb3-7db114eecdbf@group-21D41EB94025: set configuration 0: [cb67de73-8b06-44b3-aeb3-7db114eecdbf:192.168.151.103:42541, af447d1a-9c68-44de-a982-ad02f9800cfd:192.168.151.103:45465, f71f06b4-a692-49f1-adba-dc747e3d882f:192.168.151.103:41259], old=null at 0
2019-10-03 08:41:14,246 [63cb16dc-568f-4f90-a87b-96e9755fb6cd@group-91D5057DB33D-LeaderElection33] INFO  impl.LeaderElection (LeaderElection.java:askForVotes(178)) - 63cb16dc-568f-4f90-a87b-96e9755fb6cd@group-91D5057DB33D-LeaderElection33: begin an election at term 1 for -1: [e7a3cf27-7796-4558-9a9d-ccb0a118d6f3:192.168.151.103:44168, 63cb16dc-568f-4f90-a87b-96e9755fb6cd:192.168.151.103:39945, c87c9c9b-0dcf-4ff5-9ac0-81ac60eec9d8:192.168.151.103:35284], old=null
2019-10-03 08:41:14,246 [c87c9c9b-0dcf-4ff5-9ac0-81ac60eec9d8@group-91D5057DB33D-LeaderElection34] INFO  impl.LeaderElection (LeaderElection.java:askForVotes(178)) - c87c9c9b-0dcf-4ff5-9ac0-81ac60eec9d8@group-91D5057DB33D-LeaderElection34: begin an election at term 1 for -1: [e7a3cf27-7796-4558-9a9d-ccb0a118d6f3:192.168.151.103:44168, 63cb16dc-568f-4f90-a87b-96e9755fb6cd:192.168.151.103:39945, c87c9c9b-0dcf-4ff5-9ac0-81ac60eec9d8:192.168.151.103:35284], old=null
2019-10-03 08:41:14,247 [grpc-default-executor-0] INFO  impl.RaftServerImpl (ServerState.java:setLeader(255)) - af447d1a-9c68-44de-a982-ad02f9800cfd@group-21D41EB94025: change Leader from null to cb67de73-8b06-44b3-aeb3-7db114eecdbf at term 1 for appendEntries, leader elected after 5187ms
2019-10-03 08:41:14,248 [grpc-default-executor-1] INFO  impl.RaftServerImpl (ServerState.java:setLeader(255)) - f71f06b4-a692-49f1-adba-dc747e3d882f@group-21D41EB94025: change Leader from null to cb67de73-8b06-44b3-aeb3-7db114eecdbf at term 1 for appendEntries, leader elected after 5188ms
2019-10-03 08:41:14,284 [grpc-default-executor-1] INFO  impl.RaftServerImpl (ServerState.java:setRaftConf(356)) - f71f06b4-a692-49f1-adba-dc747e3d882f@group-21D41EB94025: set configuration 0: [cb67de73-8b06-44b3-aeb3-7db114eecdbf:192.168.151.103:42541, af447d1a-9c68-44de-a982-ad02f9800cfd:192.168.151.103:45465, f71f06b4-a692-49f1-adba-dc747e3d882f:192.168.151.103:41259], old=null at 0
2019-10-03 08:41:14,284 [grpc-default-executor-2] INFO  impl.RaftServerImpl (RaftServerImpl.java:setRole(170)) - e7a3cf27-7796-4558-9a9d-ccb0a118d6f3@group-91D5057DB33D: changes role from  FOLLOWER to FOLLOWER at term 1 for recognizeCandidate:63cb16dc-568f-4f90-a87b-96e9755fb6cd
2019-10-03 08:41:14,284 [grpc-default-executor-1] INFO  segmented.SegmentedRaftLogWorker (SegmentedRaftLogWorker.java:startLogSegment(385)) - f71f06b4-a692-49f1-adba-dc747e3d882f@group-21D41EB94025-SegmentedRaftLogWorker: Starting segment from index:0
2019-10-03 08:41:14,284 [grpc-default-executor-6] INFO  impl.RaftServerImpl (ServerState.java:setRaftConf(356)) - af447d1a-9c68-44de-a982-ad02f9800cfd@group-21D41EB94025: set configuration 0: [cb67de73-8b06-44b3-aeb3-7db114eecdbf:192.168.151.103:42541, af447d1a-9c68-44de-a982-ad02f9800cfd:192.168.151.103:45465, f71f06b4-a692-49f1-adba-dc747e3d882f:192.168.151.103:41259], old=null at 0
2019-10-03 08:41:14,292 [cb67de73-8b06-44b3-aeb3-7db114eecdbf@group-21D41EB94025-SegmentedRaftLogWorker] INFO  segmented.SegmentedRaftLogWorker (SegmentedRaftLogWorker.java:execute(574)) - cb67de73-8b06-44b3-aeb3-7db114eecdbf@group-21D41EB94025-SegmentedRaftLogWorker: created new log segment /workdir/hadoop-ozone/integration-test/target/test-dir/MiniOzoneClusterImpl-ff2e4020-2730-403c-aff1-c870d58b142c/datanode-2/data/ratis/0a6e4f3c-ce3b-4dab-a12f-21d41eb94025/current/log_inprogress_0
2019-10-03 08:41:14,284 [grpc-default-executor-2] INFO  impl.RoleInfo (RoleInfo.java:shutdownFollowerState(121)) - e7a3cf27-7796-4558-9a9d-ccb0a118d6f3: shutdown FollowerState
2019-10-03 08:41:14,292 [grpc-default-executor-6] INFO  segmented.SegmentedRaftLogWorker (SegmentedRaftLogWorker.java:startLogSegment(385)) - af447d1a-9c68-44de-a982-ad02f9800cfd@group-21D41EB94025-SegmentedRaftLogWorker: Starting segment from index:0
2019-10-03 08:41:14,293 [grpc-default-executor-2] INFO  impl.RoleInfo (RoleInfo.java:updateAndGet(143)) - e7a3cf27-7796-4558-9a9d-ccb0a118d6f3: start FollowerState
2019-10-03 08:41:14,293 [Thread-770] INFO  impl.FollowerState (FollowerState.java:run(117)) - e7a3cf27-7796-4558-9a9d-ccb0a118d6f3@group-91D5057DB33D-FollowerState was interrupted: java.lang.InterruptedException: sleep interrupted
2019-10-03 08:41:14,336 [f71f06b4-a692-49f1-adba-dc747e3d882f@group-21D41EB94025-SegmentedRaftLogWorker] INFO  segmented.SegmentedRaftLogWorker (SegmentedRaftLogWorker.java:execute(574)) - f71f06b4-a692-49f1-adba-dc747e3d882f@group-21D41EB94025-SegmentedRaftLogWorker: created new log segment /workdir/hadoop-ozone/integration-test/target/test-dir/MiniOzoneClusterImpl-ff2e4020-2730-403c-aff1-c870d58b142c/datanode-3/data/ratis/0a6e4f3c-ce3b-4dab-a12f-21d41eb94025/current/log_inprogress_0
2019-10-03 08:41:14,353 [c87c9c9b-0dcf-4ff5-9ac0-81ac60eec9d8@group-91D5057DB33D-LeaderElection34] INFO  impl.LeaderElection (LeaderElection.java:logAndReturn(56)) - c87c9c9b-0dcf-4ff5-9ac0-81ac60eec9d8@group-91D5057DB33D-LeaderElection34: Election REJECTED; received 2 response(s) [c87c9c9b-0dcf-4ff5-9ac0-81ac60eec9d8<-e7a3cf27-7796-4558-9a9d-ccb0a118d6f3#0:FAIL-t1, c87c9c9b-0dcf-4ff5-9ac0-81ac60eec9d8<-63cb16dc-568f-4f90-a87b-96e9755fb6cd#0:FAIL-t1] and 0 exception(s); c87c9c9b-0dcf-4ff5-9ac0-81ac60eec9d8@group-91D5057DB33D:t1, leader=null, voted=c87c9c9b-0dcf-4ff5-9ac0-81ac60eec9d8, raftlog=c87c9c9b-0dcf-4ff5-9ac0-81ac60eec9d8@group-91D5057DB33D-SegmentedRaftLog:OPENED:c-1,f-1,i0, conf=-1: [e7a3cf27-7796-4558-9a9d-ccb0a118d6f3:192.168.151.103:44168, 63cb16dc-568f-4f90-a87b-96e9755fb6cd:192.168.151.103:39945, c87c9c9b-0dcf-4ff5-9ac0-81ac60eec9d8:192.168.151.103:35284], old=null
2019-10-03 08:41:14,353 [63cb16dc-568f-4f90-a87b-96e9755fb6cd@group-91D5057DB33D-LeaderElection33] INFO  impl.LeaderElection (LeaderElection.java:logAndReturn(56)) - 63cb16dc-568f-4f90-a87b-96e9755fb6cd@group-91D5057DB33D-LeaderElection33: Election PASSED; received 2 response(s) [63cb16dc-568f-4f90-a87b-96e9755fb6cd<-e7a3cf27-7796-4558-9a9d-ccb0a118d6f3#0:OK-t1, 63cb16dc-568f-4f90-a87b-96e9755fb6cd<-c87c9c9b-0dcf-4ff5-9ac0-81ac60eec9d8#0:FAIL-t1] and 0 exception(s); 63cb16dc-568f-4f90-a87b-96e9755fb6cd@group-91D5057DB33D:t1, leader=null, voted=63cb16dc-568f-4f90-a87b-96e9755fb6cd, raftlog=63cb16dc-568f-4f90-a87b-96e9755fb6cd@group-91D5057DB33D-SegmentedRaftLog:OPENED:c-1,f-1,i0, conf=-1: [e7a3cf27-7796-4558-9a9d-ccb0a118d6f3:192.168.151.103:44168, 63cb16dc-568f-4f90-a87b-96e9755fb6cd:192.168.151.103:39945, c87c9c9b-0dcf-4ff5-9ac0-81ac60eec9d8:192.168.151.103:35284], old=null
2019-10-03 08:41:14,353 [c87c9c9b-0dcf-4ff5-9ac0-81ac60eec9d8@group-91D5057DB33D-LeaderElection34] INFO  impl.RaftServerImpl (RaftServerImpl.java:setRole(170)) - c87c9c9b-0dcf-4ff5-9ac0-81ac60eec9d8@group-91D5057DB33D: changes role from CANDIDATE to FOLLOWER at term 1 for DISCOVERED_A_NEW_TERM
2019-10-03 08:41:14,355 [63cb16dc-568f-4f90-a87b-96e9755fb6cd@group-91D5057DB33D-LeaderElection33] INFO  impl.RoleInfo (RoleInfo.java:shutdownLeaderElection(134)) - 63cb16dc-568f-4f90-a87b-96e9755fb6cd: shutdown LeaderElection
2019-10-03 08:41:14,355 [c87c9c9b-0dcf-4ff5-9ac0-81ac60eec9d8@group-91D5057DB33D-LeaderElection34] INFO  impl.RoleInfo (RoleInfo.java:shutdownLeaderElection(134)) - c87c9c9b-0dcf-4ff5-9ac0-81ac60eec9d8: shutdown LeaderElection
2019-10-03 08:41:14,358 [63cb16dc-568f-4f90-a87b-96e9755fb6cd@group-91D5057DB33D-LeaderElection33] INFO  impl.RaftServerImpl (RaftServerImpl.java:setRole(170)) - 63cb16dc-568f-4f90-a87b-96e9755fb6cd@group-91D5057DB33D: changes role from CANDIDATE to LEADER at term 1 for changeToLeader
2019-10-03 08:41:14,358 [c87c9c9b-0dcf-4ff5-9ac0-81ac60eec9d8@group-91D5057DB33D-LeaderElection34] INFO  impl.RoleInfo (RoleInfo.java:updateAndGet(143)) - c87c9c9b-0dcf-4ff5-9ac0-81ac60eec9d8: start FollowerState
2019-10-03 08:41:14,358 [63cb16dc-568f-4f90-a87b-96e9755fb6cd@group-91D5057DB33D-LeaderElection33] INFO  impl.RaftServerImpl (ServerState.java:setLeader(255)) - 63cb16dc-568f-4f90-a87b-96e9755fb6cd@group-91D5057DB33D: change Leader from null to 63cb16dc-568f-4f90-a87b-96e9755fb6cd at term 1 for becomeLeader, leader elected after 5228ms
2019-10-03 08:41:14,358 [63cb16dc-568f-4f90-a87b-96e9755fb6cd@group-91D5057DB33D-LeaderElection33] INFO  server.RaftServerConfigKeys (ConfUtils.java:logGet(43)) - raft.server.staging.catchup.gap = 1000 (default)
2019-10-03 08:41:14,358 [63cb16dc-568f-4f90-a87b-96e9755fb6cd@group-91D5057DB33D-LeaderElection33] INFO  server.RaftServerConfigKeys (ConfUtils.java:logGet(43)) - raft.server.rpc.sleep.time = 25ms (default)
2019-10-03 08:41:14,359 [63cb16dc-568f-4f90-a87b-96e9755fb6cd@group-91D5057DB33D-LeaderElection33] INFO  server.RaftServerConfigKeys (ConfUtils.java:logGet(43)) - raft.server.write.element-limit = 4096 (default)
2019-10-03 08:41:14,359 [63cb16dc-568f-4f90-a87b-96e9755fb6cd@group-91D5057DB33D-LeaderElection33] INFO  server.RaftServerConfigKeys (ConfUtils.java:logGet(43)) - raft.server.watch.timeout = 10s (default)
2019-10-03 08:41:14,359 [af447d1a-9c68-44de-a982-ad02f9800cfd@group-21D41EB94025-SegmentedRaftLogWorker] INFO  segmented.SegmentedRaftLogWorker (SegmentedRaftLogWorker.java:execute(574)) - af447d1a-9c68-44de-a982-ad02f9800cfd@group-21D41EB94025-SegmentedRaftLogWorker: created new log segment /workdir/hadoop-ozone/integration-test/target/test-dir/MiniOzoneClusterImpl-ff2e4020-2730-403c-aff1-c870d58b142c/datanode-1/data/ratis/0a6e4f3c-ce3b-4dab-a12f-21d41eb94025/current/log_inprogress_0
2019-10-03 08:41:14,359 [63cb16dc-568f-4f90-a87b-96e9755fb6cd@group-91D5057DB33D-LeaderElection33] INFO  server.RaftServerConfigKeys (ConfUtils.java:logGet(43)) - raft.server.watch.timeout.denomination = 1s (default)
2019-10-03 08:41:14,360 [63cb16dc-568f-4f90-a87b-96e9755fb6cd@group-91D5057DB33D-LeaderElection33] INFO  server.RaftServerConfigKeys (ConfUtils.java:logGet(43)) - raft.server.watch.element-limit = 65536 (default)
2019-10-03 08:41:14,363 [63cb16dc-568f-4f90-a87b-96e9755fb6cd@group-91D5057DB33D-LeaderElection33] INFO  server.RaftServerConfigKeys (ConfUtils.java:logGet(43)) - raft.server.log.appender.snapshot.chunk.size.max = 16MB (=16777216) (default)
2019-10-03 08:41:14,363 [63cb16dc-568f-4f90-a87b-96e9755fb6cd@group-91D5057DB33D-LeaderElection33] INFO  server.RaftServerConfigKeys (ConfUtils.java:logGet(43)) - raft.server.log.appender.buffer.byte-limit = 33554432 (custom)
2019-10-03 08:41:14,363 [63cb16dc-568f-4f90-a87b-96e9755fb6cd@group-91D5057DB33D-LeaderElection33] INFO  server.RaftServerConfigKeys (ConfUtils.java:logGet(43)) - raft.server.log.appender.buffer.element-limit = 1 (custom)
2019-10-03 08:41:14,363 [63cb16dc-568f-4f90-a87b-96e9755fb6cd@group-91D5057DB33D-LeaderElection33] INFO  grpc.GrpcConfigKeys$Server (ConfUtils.java:logGet(43)) - raft.grpc.server.leader.outstanding.appends.max = 128 (default)
2019-10-03 08:41:14,363 [63cb16dc-568f-4f90-a87b-96e9755fb6cd@group-91D5057DB33D-LeaderElection33] INFO  server.RaftServerConfigKeys (ConfUtils.java:logGet(43)) - raft.server.rpc.request.timeout = 3000ms (default)
2019-10-03 08:41:14,364 [63cb16dc-568f-4f90-a87b-96e9755fb6cd@group-91D5057DB33D-LeaderElection33] INFO  server.RaftServerConfigKeys (ConfUtils.java:logGet(43)) - raft.server.log.appender.install.snapshot.enabled = false (custom)
2019-10-03 08:41:14,364 [63cb16dc-568f-4f90-a87b-96e9755fb6cd@group-91D5057DB33D-LeaderElection33] INFO  server.RaftServerConfigKeys (ConfUtils.java:logGet(43)) - raft.server.log.appender.snapshot.chunk.size.max = 16MB (=16777216) (default)
2019-10-03 08:41:14,364 [63cb16dc-568f-4f90-a87b-96e9755fb6cd@group-91D5057DB33D-LeaderElection33] INFO  server.RaftServerConfigKeys (ConfUtils.java:logGet(43)) - raft.server.log.appender.buffer.byte-limit = 33554432 (custom)
2019-10-03 08:41:14,364 [63cb16dc-568f-4f90-a87b-96e9755fb6cd@group-91D5057DB33D-LeaderElection33] INFO  server.RaftServerConfigKeys (ConfUtils.java:logGet(43)) - raft.server.log.appender.buffer.element-limit = 1 (custom)
2019-10-03 08:41:14,364 [63cb16dc-568f-4f90-a87b-96e9755fb6cd@group-91D5057DB33D-LeaderElection33] INFO  grpc.GrpcConfigKeys$Server (ConfUtils.java:logGet(43)) - raft.grpc.server.leader.outstanding.appends.max = 128 (default)
2019-10-03 08:41:14,364 [63cb16dc-568f-4f90-a87b-96e9755fb6cd@group-91D5057DB33D-LeaderElection33] INFO  server.RaftServerConfigKeys (ConfUtils.java:logGet(43)) - raft.server.rpc.request.timeout = 3000ms (default)
2019-10-03 08:41:14,365 [63cb16dc-568f-4f90-a87b-96e9755fb6cd@group-91D5057DB33D-LeaderElection33] INFO  server.RaftServerConfigKeys (ConfUtils.java:logGet(43)) - raft.server.log.appender.install.snapshot.enabled = false (custom)
2019-10-03 08:41:14,365 [63cb16dc-568f-4f90-a87b-96e9755fb6cd@group-91D5057DB33D-LeaderElection33] INFO  impl.RoleInfo (RoleInfo.java:updateAndGet(143)) - 63cb16dc-568f-4f90-a87b-96e9755fb6cd: start LeaderState
2019-10-03 08:41:14,365 [63cb16dc-568f-4f90-a87b-96e9755fb6cd@group-91D5057DB33D-LeaderElection33] INFO  segmented.SegmentedRaftLogWorker (SegmentedRaftLogWorker.java:startLogSegment(385)) - 63cb16dc-568f-4f90-a87b-96e9755fb6cd@group-91D5057DB33D-SegmentedRaftLogWorker: Starting segment from index:0
2019-10-03 08:41:14,366 [63cb16dc-568f-4f90-a87b-96e9755fb6cd@group-91D5057DB33D-LeaderElection33] INFO  impl.RaftServerImpl (ServerState.java:setRaftConf(356)) - 63cb16dc-568f-4f90-a87b-96e9755fb6cd@group-91D5057DB33D: set configuration 0: [e7a3cf27-7796-4558-9a9d-ccb0a118d6f3:192.168.151.103:44168, 63cb16dc-568f-4f90-a87b-96e9755fb6cd:192.168.151.103:39945, c87c9c9b-0dcf-4ff5-9ac0-81ac60eec9d8:192.168.151.103:35284], old=null at 0
2019-10-03 08:41:14,368 [grpc-default-executor-2] INFO  impl.RaftServerImpl (ServerState.java:setLeader(255)) - c87c9c9b-0dcf-4ff5-9ac0-81ac60eec9d8@group-91D5057DB33D: change Leader from null to 63cb16dc-568f-4f90-a87b-96e9755fb6cd at term 1 for appendEntries, leader elected after 5238ms
2019-10-03 08:41:14,368 [grpc-default-executor-0] INFO  impl.RaftServerImpl (ServerState.java:setLeader(255)) - e7a3cf27-7796-4558-9a9d-ccb0a118d6f3@group-91D5057DB33D: change Leader from null to 63cb16dc-568f-4f90-a87b-96e9755fb6cd at term 1 for appendEntries, leader elected after 5239ms
2019-10-03 08:41:14,371 [grpc-default-executor-0] INFO  impl.RaftServerImpl (ServerState.java:setRaftConf(356)) - c87c9c9b-0dcf-4ff5-9ac0-81ac60eec9d8@group-91D5057DB33D: set configuration 0: [e7a3cf27-7796-4558-9a9d-ccb0a118d6f3:192.168.151.103:44168, 63cb16dc-568f-4f90-a87b-96e9755fb6cd:192.168.151.103:39945, c87c9c9b-0dcf-4ff5-9ac0-81ac60eec9d8:192.168.151.103:35284], old=null at 0
2019-10-03 08:41:14,371 [grpc-default-executor-0] INFO  segmented.SegmentedRaftLogWorker (SegmentedRaftLogWorker.java:startLogSegment(385)) - c87c9c9b-0dcf-4ff5-9ac0-81ac60eec9d8@group-91D5057DB33D-SegmentedRaftLogWorker: Starting segment from index:0
2019-10-03 08:41:14,372 [grpc-default-executor-2] INFO  impl.RaftServerImpl (ServerState.java:setRaftConf(356)) - e7a3cf27-7796-4558-9a9d-ccb0a118d6f3@group-91D5057DB33D: set configuration 0: [e7a3cf27-7796-4558-9a9d-ccb0a118d6f3:192.168.151.103:44168, 63cb16dc-568f-4f90-a87b-96e9755fb6cd:192.168.151.103:39945, c87c9c9b-0dcf-4ff5-9ac0-81ac60eec9d8:192.168.151.103:35284], old=null at 0
2019-10-03 08:41:14,372 [grpc-default-executor-2] INFO  segmented.SegmentedRaftLogWorker (SegmentedRaftLogWorker.java:startLogSegment(385)) - e7a3cf27-7796-4558-9a9d-ccb0a118d6f3@group-91D5057DB33D-SegmentedRaftLogWorker: Starting segment from index:0
2019-10-03 08:41:14,406 [63cb16dc-568f-4f90-a87b-96e9755fb6cd@group-91D5057DB33D-SegmentedRaftLogWorker] INFO  segmented.SegmentedRaftLogWorker (SegmentedRaftLogWorker.java:execute(574)) - 63cb16dc-568f-4f90-a87b-96e9755fb6cd@group-91D5057DB33D-SegmentedRaftLogWorker: created new log segment /workdir/hadoop-ozone/integration-test/target/test-dir/MiniOzoneClusterImpl-ff2e4020-2730-403c-aff1-c870d58b142c/datanode-4/data/ratis/178eeac1-aed5-4a2e-af40-91d5057db33d/current/log_inprogress_0
2019-10-03 08:41:14,408 [c87c9c9b-0dcf-4ff5-9ac0-81ac60eec9d8@group-91D5057DB33D-SegmentedRaftLogWorker] INFO  segmented.SegmentedRaftLogWorker (SegmentedRaftLogWorker.java:execute(574)) - c87c9c9b-0dcf-4ff5-9ac0-81ac60eec9d8@group-91D5057DB33D-SegmentedRaftLogWorker: created new log segment /workdir/hadoop-ozone/integration-test/target/test-dir/MiniOzoneClusterImpl-ff2e4020-2730-403c-aff1-c870d58b142c/datanode-0/data/ratis/178eeac1-aed5-4a2e-af40-91d5057db33d/current/log_inprogress_0
2019-10-03 08:41:14,410 [e7a3cf27-7796-4558-9a9d-ccb0a118d6f3@group-91D5057DB33D-SegmentedRaftLogWorker] INFO  segmented.SegmentedRaftLogWorker (SegmentedRaftLogWorker.java:execute(574)) - e7a3cf27-7796-4558-9a9d-ccb0a118d6f3@group-91D5057DB33D-SegmentedRaftLogWorker: created new log segment /workdir/hadoop-ozone/integration-test/target/test-dir/MiniOzoneClusterImpl-ff2e4020-2730-403c-aff1-c870d58b142c/datanode-5/data/ratis/178eeac1-aed5-4a2e-af40-91d5057db33d/current/log_inprogress_0
2019-10-03 08:41:15,184 [RatisApplyTransactionExecutor 1] ERROR ratis.ContainerStateMachine (ContainerStateMachine.java:lambda$applyTransaction$6(725)) - gid group-21D41EB94025 : ApplyTransaction failed. cmd CreateContainer logIndex 7 exception {}
java.lang.IllegalArgumentException
	at com.google.common.base.Preconditions.checkArgument(Preconditions.java:72)
	at org.apache.hadoop.ozone.container.keyvalue.KeyValueHandler.handleCreateContainer(KeyValueHandler.java:215)
	at org.apache.hadoop.ozone.container.keyvalue.KeyValueHandler.handle(KeyValueHandler.java:152)
	at org.apache.hadoop.ozone.container.common.impl.HddsDispatcher.dispatchRequest(HddsDispatcher.java:275)
	at org.apache.hadoop.ozone.container.common.impl.HddsDispatcher.dispatch(HddsDispatcher.java:150)
	at org.apache.hadoop.ozone.container.common.transport.server.ratis.ContainerStateMachine.dispatchCommand(ContainerStateMachine.java:405)
	at org.apache.hadoop.ozone.container.common.transport.server.ratis.ContainerStateMachine.runCommand(ContainerStateMachine.java:413)
	at org.apache.hadoop.ozone.container.common.transport.server.ratis.ContainerStateMachine.lambda$applyTransaction$6(ContainerStateMachine.java:723)
	at java.util.concurrent.CompletableFuture$AsyncSupply.run(CompletableFuture.java:1590)
	at java.util.concurrent.ThreadPoolExecutor.runWorker(ThreadPoolExecutor.java:1149)
	at java.util.concurrent.ThreadPoolExecutor$Worker.run(ThreadPoolExecutor.java:624)
	at java.lang.Thread.run(Thread.java:748)
2019-10-03 08:41:15,195 [RatisApplyTransactionExecutor 1] ERROR ratis.ContainerStateMachine (ContainerStateMachine.java:lambda$applyTransaction$6(725)) - gid group-21D41EB94025 : ApplyTransaction failed. cmd CreateContainer logIndex 7 exception {}
java.lang.IllegalArgumentException
	at com.google.common.base.Preconditions.checkArgument(Preconditions.java:72)
	at org.apache.hadoop.ozone.container.keyvalue.KeyValueHandler.handleCreateContainer(KeyValueHandler.java:215)
	at org.apache.hadoop.ozone.container.keyvalue.KeyValueHandler.handle(KeyValueHandler.java:152)
	at org.apache.hadoop.ozone.container.common.impl.HddsDispatcher.dispatchRequest(HddsDispatcher.java:275)
	at org.apache.hadoop.ozone.container.common.impl.HddsDispatcher.dispatch(HddsDispatcher.java:150)
	at org.apache.hadoop.ozone.container.common.transport.server.ratis.ContainerStateMachine.dispatchCommand(ContainerStateMachine.java:405)
	at org.apache.hadoop.ozone.container.common.transport.server.ratis.ContainerStateMachine.runCommand(ContainerStateMachine.java:413)
	at org.apache.hadoop.ozone.container.common.transport.server.ratis.ContainerStateMachine.lambda$applyTransaction$6(ContainerStateMachine.java:723)
	at java.util.concurrent.CompletableFuture$AsyncSupply.run(CompletableFuture.java:1590)
	at java.util.concurrent.ThreadPoolExecutor.runWorker(ThreadPoolExecutor.java:1149)
	at java.util.concurrent.ThreadPoolExecutor$Worker.run(ThreadPoolExecutor.java:624)
	at java.lang.Thread.run(Thread.java:748)
2019-10-03 08:41:15,195 [RatisApplyTransactionExecutor 1] ERROR ratis.ContainerStateMachine (ContainerStateMachine.java:lambda$applyTransaction$6(725)) - gid group-21D41EB94025 : ApplyTransaction failed. cmd CreateContainer logIndex 7 exception {}
java.lang.IllegalArgumentException
	at com.google.common.base.Preconditions.checkArgument(Preconditions.java:72)
	at org.apache.hadoop.ozone.container.keyvalue.KeyValueHandler.handleCreateContainer(KeyValueHandler.java:215)
	at org.apache.hadoop.ozone.container.keyvalue.KeyValueHandler.handle(KeyValueHandler.java:152)
	at org.apache.hadoop.ozone.container.common.impl.HddsDispatcher.dispatchRequest(HddsDispatcher.java:275)
	at org.apache.hadoop.ozone.container.common.impl.HddsDispatcher.dispatch(HddsDispatcher.java:150)
	at org.apache.hadoop.ozone.container.common.transport.server.ratis.ContainerStateMachine.dispatchCommand(ContainerStateMachine.java:405)
	at org.apache.hadoop.ozone.container.common.transport.server.ratis.ContainerStateMachine.runCommand(ContainerStateMachine.java:413)
	at org.apache.hadoop.ozone.container.common.transport.server.ratis.ContainerStateMachine.lambda$applyTransaction$6(ContainerStateMachine.java:723)
	at java.util.concurrent.CompletableFuture$AsyncSupply.run(CompletableFuture.java:1590)
	at java.util.concurrent.ThreadPoolExecutor.runWorker(ThreadPoolExecutor.java:1149)
	at java.util.concurrent.ThreadPoolExecutor$Worker.run(ThreadPoolExecutor.java:624)
	at java.lang.Thread.run(Thread.java:748)
2019-10-03 08:42:47,111 [main] INFO  ozone.MiniOzoneClusterImpl (MiniOzoneClusterImpl.java:shutdown(314)) - Shutting down the Mini Ozone Cluster
2019-10-03 08:42:47,112 [main] INFO  ozone.MiniOzoneClusterImpl (MiniOzoneClusterImpl.java:stop(330)) - Stopping the Mini Ozone Cluster
2019-10-03 08:42:47,113 [main] INFO  ozone.MiniOzoneClusterImpl (MiniOzoneClusterImpl.java:stopOM(400)) - Stopping the OzoneManager
2019-10-03 08:42:47,113 [main] INFO  ipc.Server (Server.java:stop(3082)) - Stopping server on 39918
2019-10-03 08:42:47,128 [IPC Server listener on 39918] INFO  ipc.Server (Server.java:run(1185)) - Stopping IPC Server listener on 39918
2019-10-03 08:42:47,134 [main] INFO  ratis.OzoneManagerDoubleBuffer (OzoneManagerDoubleBuffer.java:stop(248)) - Stopping OMDoubleBuffer flush thread
2019-10-03 08:42:47,134 [IPC Server Responder] INFO  ipc.Server (Server.java:run(1319)) - Stopping IPC Server Responder
2019-10-03 08:42:47,155 [OMDoubleBufferFlushThread] INFO  ratis.OzoneManagerDoubleBuffer (OzoneManagerDoubleBuffer.java:flushTransactions(191)) - OMDoubleBuffer flush thread OMDoubleBufferFlushThread is interrupted and will exit. OMDoubleBufferFlushThread
2019-10-03 08:42:47,156 [main] INFO  utils.BackgroundService (BackgroundService.java:shutdown(148)) - Shutting down service KeyDeletingService
2019-10-03 08:42:47,158 [main] INFO  handler.ContextHandler (ContextHandler.java:doStop(910)) - Stopped o.e.j.w.WebAppContext@65fe2691{/,null,UNAVAILABLE}{/ozoneManager}
2019-10-03 08:42:47,159 [main] INFO  server.AbstractConnector (AbstractConnector.java:doStop(318)) - Stopped ServerConnector@479111ba{HTTP/1.1,[http/1.1]}{0.0.0.0:0}
2019-10-03 08:42:47,160 [main] INFO  handler.ContextHandler (ContextHandler.java:doStop(910)) - Stopped o.e.j.s.ServletContextHandler@2b1cd7bc{/static,file:///workdir/hadoop-ozone/integration-test/target/test-classes/webapps/static,UNAVAILABLE}
2019-10-03 08:42:47,160 [main] INFO  handler.ContextHandler (ContextHandler.java:doStop(910)) - Stopped o.e.j.s.ServletContextHandler@479b5066{/logs,file:///workdir/hadoop-ozone/integration-test/target/log,UNAVAILABLE}
2019-10-03 08:42:47,164 [main] INFO  ozone.MiniOzoneClusterImpl (MiniOzoneClusterImpl.java:stopDatanodes(377)) - Stopping the HddsDatanodes
2019-10-03 08:42:47,194 [Datanode State Machine Thread - 0] INFO  statemachine.DatanodeStateMachine (DatanodeStateMachine.java:lambda$startDaemon$0(350)) - Ozone container server started.
2019-10-03 08:42:47,568 [Datanode State Machine Thread - 0] INFO  statemachine.DatanodeStateMachine (DatanodeStateMachine.java:lambda$startDaemon$0(350)) - Ozone container server started.
2019-10-03 08:42:52,165 [main] INFO  ozoneimpl.OzoneContainer (OzoneContainer.java:stop(231)) - Attempting to stop container services.
2019-10-03 08:42:52,165 [ForkJoinPool.commonPool-worker-1] INFO  ozoneimpl.OzoneContainer (OzoneContainer.java:stop(231)) - Attempting to stop container services.
2019-10-03 08:42:52,167 [ForkJoinPool.commonPool-worker-1] INFO  impl.RaftServerProxy (RaftServerProxy.java:lambda$close$4(314)) - af447d1a-9c68-44de-a982-ad02f9800cfd: close
2019-10-03 08:42:52,167 [main] INFO  impl.RaftServerProxy (RaftServerProxy.java:lambda$close$4(314)) - 63cb16dc-568f-4f90-a87b-96e9755fb6cd: close
2019-10-03 08:42:52,167 [ForkJoinPool.commonPool-worker-1] INFO  impl.RaftServerImpl (RaftServerImpl.java:lambda$shutdown$3(247)) - af447d1a-9c68-44de-a982-ad02f9800cfd@group-915611A7B615: shutdown
2019-10-03 08:42:52,168 [main] INFO  impl.RaftServerImpl (RaftServerImpl.java:lambda$shutdown$3(247)) - 63cb16dc-568f-4f90-a87b-96e9755fb6cd@group-91D5057DB33D: shutdown
2019-10-03 08:42:52,168 [ForkJoinPool.commonPool-worker-1] INFO  util.JmxRegister (JmxRegister.java:unregister(73)) - Successfully un-registered JMX Bean with object name Ratis:service=RaftServer,group=group-915611A7B615,id=af447d1a-9c68-44de-a982-ad02f9800cfd
2019-10-03 08:42:52,168 [main] INFO  util.JmxRegister (JmxRegister.java:unregister(73)) - Successfully un-registered JMX Bean with object name Ratis:service=RaftServer,group=group-91D5057DB33D,id=63cb16dc-568f-4f90-a87b-96e9755fb6cd
2019-10-03 08:42:52,168 [ForkJoinPool.commonPool-worker-1] INFO  impl.RoleInfo (RoleInfo.java:shutdownLeaderState(104)) - af447d1a-9c68-44de-a982-ad02f9800cfd: shutdown LeaderState
2019-10-03 08:42:52,169 [main] INFO  impl.RoleInfo (RoleInfo.java:shutdownLeaderState(104)) - 63cb16dc-568f-4f90-a87b-96e9755fb6cd: shutdown LeaderState
2019-10-03 08:42:52,169 [ForkJoinPool.commonPool-worker-1] INFO  impl.PendingRequests (PendingRequests.java:sendNotLeaderResponses(202)) - af447d1a-9c68-44de-a982-ad02f9800cfd@group-915611A7B615-PendingRequests: sendNotLeaderResponses
2019-10-03 08:42:52,178 [main] INFO  impl.PendingRequests (PendingRequests.java:sendNotLeaderResponses(202)) - 63cb16dc-568f-4f90-a87b-96e9755fb6cd@group-91D5057DB33D-PendingRequests: sendNotLeaderResponses
2019-10-03 08:42:52,178 [ForkJoinPool.commonPool-worker-1] INFO  impl.StateMachineUpdater (StateMachineUpdater.java:stopAndJoin(136)) - af447d1a-9c68-44de-a982-ad02f9800cfd@group-915611A7B615-StateMachineUpdater: set stopIndex = 0
2019-10-03 08:42:52,178 [org.apache.ratis.server.impl.LogAppender$AppenderDaemon$$Lambda$515/1492216709@42a274d9] WARN  server.GrpcLogAppender (GrpcLogAppender.java:mayWait(143)) - 63cb16dc-568f-4f90-a87b-96e9755fb6cd@group-91D5057DB33D->e7a3cf27-7796-4558-9a9d-ccb0a118d6f3-GrpcLogAppender: Wait interrupted by java.lang.InterruptedException
2019-10-03 08:42:52,178 [org.apache.ratis.server.impl.LogAppender$AppenderDaemon$$Lambda$515/1492216709@b3a74fd] WARN  server.GrpcLogAppender (GrpcLogAppender.java:mayWait(143)) - 63cb16dc-568f-4f90-a87b-96e9755fb6cd@group-91D5057DB33D->c87c9c9b-0dcf-4ff5-9ac0-81ac60eec9d8-GrpcLogAppender: Wait interrupted by java.lang.InterruptedException
2019-10-03 08:42:52,179 [ForkJoinPool.commonPool-worker-1] INFO  impl.RaftServerImpl (ServerState.java:close(387)) - af447d1a-9c68-44de-a982-ad02f9800cfd@group-915611A7B615: closes. applyIndex: 0
2019-10-03 08:42:52,178 [main] INFO  impl.StateMachineUpdater (StateMachineUpdater.java:stopAndJoin(136)) - 63cb16dc-568f-4f90-a87b-96e9755fb6cd@group-91D5057DB33D-StateMachineUpdater: set stopIndex = 0
2019-10-03 08:42:52,179 [main] INFO  impl.RaftServerImpl (ServerState.java:close(387)) - 63cb16dc-568f-4f90-a87b-96e9755fb6cd@group-91D5057DB33D: closes. applyIndex: 0
2019-10-03 08:42:52,180 [grpc-default-executor-0] INFO  server.GrpcServerProtocolService (GrpcServerProtocolService.java:onCompleted(113)) - e7a3cf27-7796-4558-9a9d-ccb0a118d6f3: Completed APPEND_ENTRIES, lastRequest: 63cb16dc-568f-4f90-a87b-96e9755fb6cd->e7a3cf27-7796-4558-9a9d-ccb0a118d6f3#40-t1, previous=(t:1, i:0), leaderCommit=0, initializing? false, entries: <empty>
2019-10-03 08:42:52,180 [grpc-default-executor-7] INFO  server.GrpcServerProtocolService (GrpcServerProtocolService.java:onCompleted(113)) - c87c9c9b-0dcf-4ff5-9ac0-81ac60eec9d8: Completed APPEND_ENTRIES, lastRequest: 63cb16dc-568f-4f90-a87b-96e9755fb6cd->c87c9c9b-0dcf-4ff5-9ac0-81ac60eec9d8#40-t1, previous=(t:1, i:0), leaderCommit=0, initializing? false, entries: <empty>
2019-10-03 08:42:52,180 [af447d1a-9c68-44de-a982-ad02f9800cfd@group-915611A7B615-SegmentedRaftLogWorker] INFO  segmented.SegmentedRaftLogWorker (SegmentedRaftLogWorker.java:run(316)) - af447d1a-9c68-44de-a982-ad02f9800cfd@group-915611A7B615-SegmentedRaftLogWorker was interrupted, exiting. There are 0 tasks remaining in the queue.
2019-10-03 08:42:52,180 [63cb16dc-568f-4f90-a87b-96e9755fb6cd@group-91D5057DB33D-SegmentedRaftLogWorker] INFO  segmented.SegmentedRaftLogWorker (SegmentedRaftLogWorker.java:run(316)) - 63cb16dc-568f-4f90-a87b-96e9755fb6cd@group-91D5057DB33D-SegmentedRaftLogWorker was interrupted, exiting. There are 0 tasks remaining in the queue.
2019-10-03 08:42:52,186 [grpc-default-executor-7] INFO  server.GrpcLogAppender (GrpcLogAppender.java:onCompleted(293)) - 63cb16dc-568f-4f90-a87b-96e9755fb6cd@group-91D5057DB33D->e7a3cf27-7796-4558-9a9d-ccb0a118d6f3-AppendLogResponseHandler: follower responses appendEntries COMPLETED
2019-10-03 08:42:52,186 [ForkJoinPool.commonPool-worker-1] INFO  segmented.SegmentedRaftLogWorker (SegmentedRaftLogWorker.java:close(224)) - af447d1a-9c68-44de-a982-ad02f9800cfd@group-915611A7B615-SegmentedRaftLogWorker close()
2019-10-03 08:42:52,186 [grpc-default-executor-0] INFO  server.GrpcLogAppender (GrpcLogAppender.java:onCompleted(293)) - 63cb16dc-568f-4f90-a87b-96e9755fb6cd@group-91D5057DB33D->c87c9c9b-0dcf-4ff5-9ac0-81ac60eec9d8-AppendLogResponseHandler: follower responses appendEntries COMPLETED
2019-10-03 08:42:52,186 [main] INFO  segmented.SegmentedRaftLogWorker (SegmentedRaftLogWorker.java:close(224)) - 63cb16dc-568f-4f90-a87b-96e9755fb6cd@group-91D5057DB33D-SegmentedRaftLogWorker close()
2019-10-03 08:42:52,191 [grpc-default-executor-7] INFO  impl.FollowerInfo (FollowerInfo.java:lambda$new$0(51)) - 63cb16dc-568f-4f90-a87b-96e9755fb6cd@group-91D5057DB33D->e7a3cf27-7796-4558-9a9d-ccb0a118d6f3: nextIndex: updateUnconditionally 1 -> 0
2019-10-03 08:42:52,191 [ForkJoinPool.commonPool-worker-1] INFO  impl.RaftServerImpl (RaftServerImpl.java:lambda$shutdown$3(247)) - af447d1a-9c68-44de-a982-ad02f9800cfd@group-21D41EB94025: shutdown
2019-10-03 08:42:52,196 [grpc-default-executor-0] INFO  impl.FollowerInfo (FollowerInfo.java:lambda$new$0(51)) - 63cb16dc-568f-4f90-a87b-96e9755fb6cd@group-91D5057DB33D->c87c9c9b-0dcf-4ff5-9ac0-81ac60eec9d8: nextIndex: updateUnconditionally 1 -> 0
2019-10-03 08:42:52,196 [main] INFO  impl.RaftServerImpl (RaftServerImpl.java:lambda$shutdown$3(247)) - 63cb16dc-568f-4f90-a87b-96e9755fb6cd@group-0FFABCAF080F: shutdown
2019-10-03 08:42:52,197 [ForkJoinPool.commonPool-worker-1] INFO  util.JmxRegister (JmxRegister.java:unregister(73)) - Successfully un-registered JMX Bean with object name Ratis:service=RaftServer,group=group-21D41EB94025,id=af447d1a-9c68-44de-a982-ad02f9800cfd
2019-10-03 08:42:52,197 [main] INFO  util.JmxRegister (JmxRegister.java:unregister(73)) - Successfully un-registered JMX Bean with object name Ratis:service=RaftServer,group=group-0FFABCAF080F,id=63cb16dc-568f-4f90-a87b-96e9755fb6cd
2019-10-03 08:42:52,198 [ForkJoinPool.commonPool-worker-1] INFO  impl.RoleInfo (RoleInfo.java:shutdownFollowerState(121)) - af447d1a-9c68-44de-a982-ad02f9800cfd: shutdown FollowerState
2019-10-03 08:42:52,198 [main] INFO  impl.RoleInfo (RoleInfo.java:shutdownLeaderState(104)) - 63cb16dc-568f-4f90-a87b-96e9755fb6cd: shutdown LeaderState
2019-10-03 08:42:52,198 [Thread-811] INFO  impl.FollowerState (FollowerState.java:run(117)) - af447d1a-9c68-44de-a982-ad02f9800cfd@group-21D41EB94025-FollowerState was interrupted: java.lang.InterruptedException: sleep interrupted
2019-10-03 08:42:52,198 [af447d1a-9c68-44de-a982-ad02f9800cfd@group-21D41EB94025-StateMachineUpdater] INFO  ratis.ContainerStateMachine (ContainerStateMachine.java:takeSnapshot(293)) - group-21D41EB94025: Taking a snapshot at:(t:1, i:6) file /workdir/hadoop-ozone/integration-test/target/test-dir/MiniOzoneClusterImpl-ff2e4020-2730-403c-aff1-c870d58b142c/datanode-1/data/ratis/0a6e4f3c-ce3b-4dab-a12f-21d41eb94025/sm/snapshot.1_6
2019-10-03 08:42:52,198 [ForkJoinPool.commonPool-worker-1] INFO  impl.StateMachineUpdater (StateMachineUpdater.java:stopAndJoin(136)) - af447d1a-9c68-44de-a982-ad02f9800cfd@group-21D41EB94025-StateMachineUpdater: set stopIndex = 8
2019-10-03 08:42:52,199 [main] INFO  impl.PendingRequests (PendingRequests.java:sendNotLeaderResponses(202)) - 63cb16dc-568f-4f90-a87b-96e9755fb6cd@group-0FFABCAF080F-PendingRequests: sendNotLeaderResponses
2019-10-03 08:42:52,202 [main] INFO  impl.StateMachineUpdater (StateMachineUpdater.java:stopAndJoin(136)) - 63cb16dc-568f-4f90-a87b-96e9755fb6cd@group-0FFABCAF080F-StateMachineUpdater: set stopIndex = 0
2019-10-03 08:42:52,202 [main] INFO  impl.RaftServerImpl (ServerState.java:close(387)) - 63cb16dc-568f-4f90-a87b-96e9755fb6cd@group-0FFABCAF080F: closes. applyIndex: 0
2019-10-03 08:42:52,203 [63cb16dc-568f-4f90-a87b-96e9755fb6cd@group-0FFABCAF080F-SegmentedRaftLogWorker] INFO  segmented.SegmentedRaftLogWorker (SegmentedRaftLogWorker.java:run(316)) - 63cb16dc-568f-4f90-a87b-96e9755fb6cd@group-0FFABCAF080F-SegmentedRaftLogWorker was interrupted, exiting. There are 0 tasks remaining in the queue.
2019-10-03 08:42:52,205 [main] INFO  segmented.SegmentedRaftLogWorker (SegmentedRaftLogWorker.java:close(224)) - 63cb16dc-568f-4f90-a87b-96e9755fb6cd@group-0FFABCAF080F-SegmentedRaftLogWorker close()
2019-10-03 08:42:52,209 [main] INFO  server.GrpcService (GrpcService.java:closeImpl(164)) - 63cb16dc-568f-4f90-a87b-96e9755fb6cd: shutdown server with port 39945 now
2019-10-03 08:42:52,210 [main] INFO  server.GrpcService (GrpcService.java:closeImpl(172)) - 63cb16dc-568f-4f90-a87b-96e9755fb6cd: shutdown server with port 39945 successfully
2019-10-03 08:42:52,215 [af447d1a-9c68-44de-a982-ad02f9800cfd@group-21D41EB94025-StateMachineUpdater] INFO  ratis.ContainerStateMachine (ContainerStateMachine.java:takeSnapshot(304)) - group-21D41EB94025: Finished taking a snapshot at:(t:1, i:6) file:/workdir/hadoop-ozone/integration-test/target/test-dir/MiniOzoneClusterImpl-ff2e4020-2730-403c-aff1-c870d58b142c/datanode-1/data/ratis/0a6e4f3c-ce3b-4dab-a12f-21d41eb94025/sm/snapshot.1_6 time:17
2019-10-03 08:42:52,216 [af447d1a-9c68-44de-a982-ad02f9800cfd@group-21D41EB94025-StateMachineUpdater] INFO  impl.StateMachineUpdater (StateMachineUpdater.java:takeSnapshot(269)) - af447d1a-9c68-44de-a982-ad02f9800cfd@group-21D41EB94025-StateMachineUpdater: Took a snapshot at index 6
2019-10-03 08:42:52,216 [af447d1a-9c68-44de-a982-ad02f9800cfd@group-21D41EB94025-StateMachineUpdater] INFO  impl.StateMachineUpdater (StateMachineUpdater.java:lambda$new$0(84)) - af447d1a-9c68-44de-a982-ad02f9800cfd@group-21D41EB94025-StateMachineUpdater: snapshotIndex: updateIncreasingly -1 -> 6
2019-10-03 08:42:52,218 [af447d1a-9c68-44de-a982-ad02f9800cfd@group-21D41EB94025-StateMachineUpdater] INFO  ratis.ContainerStateMachine (ContainerStateMachine.java:takeSnapshot(293)) - group-21D41EB94025: Taking a snapshot at:(t:1, i:6) file /workdir/hadoop-ozone/integration-test/target/test-dir/MiniOzoneClusterImpl-ff2e4020-2730-403c-aff1-c870d58b142c/datanode-1/data/ratis/0a6e4f3c-ce3b-4dab-a12f-21d41eb94025/sm/snapshot.1_6
2019-10-03 08:42:52,219 [refreshUsed-/workdir/hadoop-ozone/integration-test/target/test-dir/MiniOzoneClusterImpl-ff2e4020-2730-403c-aff1-c870d58b142c/datanode-4/data/containers] WARN  fs.CachingGetSpaceUsed (CachingGetSpaceUsed.java:run(183)) - Thread Interrupted waiting to refresh disk information: sleep interrupted
2019-10-03 08:42:52,231 [af447d1a-9c68-44de-a982-ad02f9800cfd@group-21D41EB94025-StateMachineUpdater] INFO  ratis.ContainerStateMachine (ContainerStateMachine.java:takeSnapshot(304)) - group-21D41EB94025: Finished taking a snapshot at:(t:1, i:6) file:/workdir/hadoop-ozone/integration-test/target/test-dir/MiniOzoneClusterImpl-ff2e4020-2730-403c-aff1-c870d58b142c/datanode-1/data/ratis/0a6e4f3c-ce3b-4dab-a12f-21d41eb94025/sm/snapshot.1_6 time:12
2019-10-03 08:42:52,231 [af447d1a-9c68-44de-a982-ad02f9800cfd@group-21D41EB94025-StateMachineUpdater] INFO  impl.StateMachineUpdater (StateMachineUpdater.java:takeSnapshot(269)) - af447d1a-9c68-44de-a982-ad02f9800cfd@group-21D41EB94025-StateMachineUpdater: Took a snapshot at index 6
2019-10-03 08:42:52,231 [af447d1a-9c68-44de-a982-ad02f9800cfd@group-21D41EB94025-StateMachineUpdater] INFO  impl.StateMachineUpdater (StateMachineUpdater.java:lambda$new$0(84)) - af447d1a-9c68-44de-a982-ad02f9800cfd@group-21D41EB94025-StateMachineUpdater: snapshotIndex: updateIncreasingly 6 -> 6
2019-10-03 08:42:52,232 [ForkJoinPool.commonPool-worker-1] INFO  impl.RaftServerImpl (ServerState.java:close(387)) - af447d1a-9c68-44de-a982-ad02f9800cfd@group-21D41EB94025: closes. applyIndex: 8
2019-10-03 08:42:52,232 [af447d1a-9c68-44de-a982-ad02f9800cfd@group-21D41EB94025-SegmentedRaftLogWorker] INFO  segmented.SegmentedRaftLogWorker (SegmentedRaftLogWorker.java:run(316)) - af447d1a-9c68-44de-a982-ad02f9800cfd@group-21D41EB94025-SegmentedRaftLogWorker was interrupted, exiting. There are 0 tasks remaining in the queue.
2019-10-03 08:42:52,234 [ForkJoinPool.commonPool-worker-1] INFO  segmented.SegmentedRaftLogWorker (SegmentedRaftLogWorker.java:close(224)) - af447d1a-9c68-44de-a982-ad02f9800cfd@group-21D41EB94025-SegmentedRaftLogWorker close()
2019-10-03 08:42:52,249 [ForkJoinPool.commonPool-worker-1] INFO  server.GrpcService (GrpcService.java:closeImpl(164)) - af447d1a-9c68-44de-a982-ad02f9800cfd: shutdown server with port 45465 now
2019-10-03 08:42:52,249 [grpc-default-executor-7] WARN  server.GrpcServerProtocolService (LogUtils.java:warn(134)) - af447d1a-9c68-44de-a982-ad02f9800cfd: installSnapshot onError, lastRequest: cb67de73-8b06-44b3-aeb3-7db114eecdbf->af447d1a-9c68-44de-a982-ad02f9800cfd#47-t1, previous=(t:1, i:8), leaderCommit=8, initializing? false, entries: <empty>: org.apache.ratis.thirdparty.io.grpc.StatusRuntimeException: CANCELLED: cancelled before receiving half close
2019-10-03 08:42:52,250 [grpc-default-executor-0] WARN  server.GrpcLogAppender (LogUtils.java:warn(134)) - cb67de73-8b06-44b3-aeb3-7db114eecdbf@group-21D41EB94025->af447d1a-9c68-44de-a982-ad02f9800cfd-AppendLogResponseHandler: Failed appendEntries: org.apache.ratis.thirdparty.io.grpc.StatusRuntimeException: CANCELLED: HTTP/2 error code: CANCEL
Received Rst Stream
2019-10-03 08:42:52,250 [ForkJoinPool.commonPool-worker-1] INFO  server.GrpcService (GrpcService.java:closeImpl(172)) - af447d1a-9c68-44de-a982-ad02f9800cfd: shutdown server with port 45465 successfully
2019-10-03 08:42:52,250 [grpc-default-executor-0] INFO  impl.FollowerInfo (FollowerInfo.java:lambda$new$0(51)) - cb67de73-8b06-44b3-aeb3-7db114eecdbf@group-21D41EB94025->af447d1a-9c68-44de-a982-ad02f9800cfd: nextIndex: updateUnconditionally 9 -> 8
2019-10-03 08:42:52,251 [refreshUsed-/workdir/hadoop-ozone/integration-test/target/test-dir/MiniOzoneClusterImpl-ff2e4020-2730-403c-aff1-c870d58b142c/datanode-1/data/containers] WARN  fs.CachingGetSpaceUsed (CachingGetSpaceUsed.java:run(183)) - Thread Interrupted waiting to refresh disk information: sleep interrupted
2019-10-03 08:42:52,260 [main] INFO  utils.BackgroundService (BackgroundService.java:shutdown(148)) - Shutting down service BlockDeletingService
2019-10-03 08:42:52,266 [main] INFO  statemachine.DatanodeStateMachine (DatanodeStateMachine.java:stopDaemon(395)) - Ozone container server stopped.
2019-10-03 08:42:52,267 [main] INFO  handler.ContextHandler (ContextHandler.java:doStop(910)) - Stopped o.e.j.w.WebAppContext@32bb0072{/,null,UNAVAILABLE}{/hddsDatanode}
2019-10-03 08:42:52,268 [main] INFO  server.AbstractConnector (AbstractConnector.java:doStop(318)) - Stopped ServerConnector@467233e4{HTTP/1.1,[http/1.1]}{0.0.0.0:0}
2019-10-03 08:42:52,269 [main] INFO  handler.ContextHandler (ContextHandler.java:doStop(910)) - Stopped o.e.j.s.ServletContextHandler@70721c12{/static,jar:file:/home/user/.m2/repository/org/apache/hadoop/hadoop-hdds-container-service/0.5.0-SNAPSHOT/hadoop-hdds-container-service-0.5.0-SNAPSHOT.jar!/webapps/static,UNAVAILABLE}
2019-10-03 08:42:52,269 [main] INFO  handler.ContextHandler (ContextHandler.java:doStop(910)) - Stopped o.e.j.s.ServletContextHandler@3ddb774f{/logs,file:///workdir/hadoop-ozone/integration-test/target/log,UNAVAILABLE}
2019-10-03 08:42:52,273 [ForkJoinPool.commonPool-worker-1] INFO  utils.BackgroundService (BackgroundService.java:shutdown(148)) - Shutting down service BlockDeletingService
2019-10-03 08:42:52,278 [ForkJoinPool.commonPool-worker-1] INFO  statemachine.DatanodeStateMachine (DatanodeStateMachine.java:stopDaemon(395)) - Ozone container server stopped.
2019-10-03 08:42:52,282 [ForkJoinPool.commonPool-worker-1] INFO  handler.ContextHandler (ContextHandler.java:doStop(910)) - Stopped o.e.j.w.WebAppContext@14c93774{/,null,UNAVAILABLE}{/hddsDatanode}
2019-10-03 08:42:52,283 [ForkJoinPool.commonPool-worker-1] INFO  server.AbstractConnector (AbstractConnector.java:doStop(318)) - Stopped ServerConnector@62a68bcb{HTTP/1.1,[http/1.1]}{0.0.0.0:0}
2019-10-03 08:42:52,284 [ForkJoinPool.commonPool-worker-1] INFO  handler.ContextHandler (ContextHandler.java:doStop(910)) - Stopped o.e.j.s.ServletContextHandler@43c57161{/static,jar:file:/home/user/.m2/repository/org/apache/hadoop/hadoop-hdds-container-service/0.5.0-SNAPSHOT/hadoop-hdds-container-service-0.5.0-SNAPSHOT.jar!/webapps/static,UNAVAILABLE}
2019-10-03 08:42:52,286 [ForkJoinPool.commonPool-worker-1] INFO  handler.ContextHandler (ContextHandler.java:doStop(910)) - Stopped o.e.j.s.ServletContextHandler@2db1b657{/logs,file:///workdir/hadoop-ozone/integration-test/target/log,UNAVAILABLE}
2019-10-03 08:42:52,827 [grpc-default-executor-2] WARN  server.GrpcLogAppender (LogUtils.java:warn(134)) - cb67de73-8b06-44b3-aeb3-7db114eecdbf@group-21D41EB94025->af447d1a-9c68-44de-a982-ad02f9800cfd-AppendLogResponseHandler: Failed appendEntries: org.apache.ratis.thirdparty.io.grpc.StatusRuntimeException: UNAVAILABLE: io exception
2019-10-03 08:42:52,828 [grpc-default-executor-2] INFO  impl.FollowerInfo (FollowerInfo.java:lambda$new$0(51)) - cb67de73-8b06-44b3-aeb3-7db114eecdbf@group-21D41EB94025->af447d1a-9c68-44de-a982-ad02f9800cfd: nextIndex: updateUnconditionally 8 -> 7
2019-10-03 08:42:53,180 [Datanode State Machine Thread - 0] INFO  statemachine.DatanodeStateMachine (DatanodeStateMachine.java:lambda$startDaemon$0(350)) - Ozone container server started.
2019-10-03 08:42:53,197 [Datanode State Machine Thread - 0] INFO  statemachine.DatanodeStateMachine (DatanodeStateMachine.java:lambda$startDaemon$0(350)) - Ozone container server started.
2019-10-03 08:42:55,333 [grpc-default-executor-7] WARN  server.GrpcLogAppender (LogUtils.java:warn(134)) - cb67de73-8b06-44b3-aeb3-7db114eecdbf@group-21D41EB94025->af447d1a-9c68-44de-a982-ad02f9800cfd-AppendLogResponseHandler: Failed appendEntries: org.apache.ratis.thirdparty.io.grpc.StatusRuntimeException: UNAVAILABLE: io exception
2019-10-03 08:42:55,334 [grpc-default-executor-7] INFO  impl.FollowerInfo (FollowerInfo.java:lambda$new$0(51)) - cb67de73-8b06-44b3-aeb3-7db114eecdbf@group-21D41EB94025->af447d1a-9c68-44de-a982-ad02f9800cfd: nextIndex: updateUnconditionally 7 -> 6
2019-10-03 08:42:57,272 [main] INFO  ozoneimpl.OzoneContainer (OzoneContainer.java:stop(231)) - Attempting to stop container services.
2019-10-03 08:42:57,275 [main] INFO  impl.RaftServerProxy (RaftServerProxy.java:lambda$close$4(314)) - f71f06b4-a692-49f1-adba-dc747e3d882f: close
2019-10-03 08:42:57,276 [main] INFO  impl.RaftServerImpl (RaftServerImpl.java:lambda$shutdown$3(247)) - f71f06b4-a692-49f1-adba-dc747e3d882f@group-21D41EB94025: shutdown
2019-10-03 08:42:57,277 [main] INFO  util.JmxRegister (JmxRegister.java:unregister(73)) - Successfully un-registered JMX Bean with object name Ratis:service=RaftServer,group=group-21D41EB94025,id=f71f06b4-a692-49f1-adba-dc747e3d882f
2019-10-03 08:42:57,277 [main] INFO  impl.RoleInfo (RoleInfo.java:shutdownFollowerState(121)) - f71f06b4-a692-49f1-adba-dc747e3d882f: shutdown FollowerState
2019-10-03 08:42:57,278 [main] INFO  impl.StateMachineUpdater (StateMachineUpdater.java:stopAndJoin(136)) - f71f06b4-a692-49f1-adba-dc747e3d882f@group-21D41EB94025-StateMachineUpdater: set stopIndex = 8
2019-10-03 08:42:57,278 [f71f06b4-a692-49f1-adba-dc747e3d882f@group-21D41EB94025-StateMachineUpdater] INFO  ratis.ContainerStateMachine (ContainerStateMachine.java:takeSnapshot(293)) - group-21D41EB94025: Taking a snapshot at:(t:1, i:6) file /workdir/hadoop-ozone/integration-test/target/test-dir/MiniOzoneClusterImpl-ff2e4020-2730-403c-aff1-c870d58b142c/datanode-3/data/ratis/0a6e4f3c-ce3b-4dab-a12f-21d41eb94025/sm/snapshot.1_6
2019-10-03 08:42:57,278 [Thread-810] INFO  impl.FollowerState (FollowerState.java:run(117)) - f71f06b4-a692-49f1-adba-dc747e3d882f@group-21D41EB94025-FollowerState was interrupted: java.lang.InterruptedException: sleep interrupted
2019-10-03 08:42:57,288 [ForkJoinPool.commonPool-worker-1] INFO  ozoneimpl.OzoneContainer (OzoneContainer.java:stop(231)) - Attempting to stop container services.
2019-10-03 08:42:57,288 [ForkJoinPool.commonPool-worker-1] INFO  impl.RaftServerProxy (RaftServerProxy.java:lambda$close$4(314)) - cb67de73-8b06-44b3-aeb3-7db114eecdbf: close
2019-10-03 08:42:57,288 [ForkJoinPool.commonPool-worker-1] INFO  impl.RaftServerImpl (RaftServerImpl.java:lambda$shutdown$3(247)) - cb67de73-8b06-44b3-aeb3-7db114eecdbf@group-7A4811F84365: shutdown
2019-10-03 08:42:57,289 [ForkJoinPool.commonPool-worker-1] INFO  util.JmxRegister (JmxRegister.java:unregister(73)) - Successfully un-registered JMX Bean with object name Ratis:service=RaftServer,group=group-7A4811F84365,id=cb67de73-8b06-44b3-aeb3-7db114eecdbf
2019-10-03 08:42:57,289 [ForkJoinPool.commonPool-worker-1] INFO  impl.RoleInfo (RoleInfo.java:shutdownLeaderState(104)) - cb67de73-8b06-44b3-aeb3-7db114eecdbf: shutdown LeaderState
2019-10-03 08:42:57,290 [ForkJoinPool.commonPool-worker-1] INFO  impl.PendingRequests (PendingRequests.java:sendNotLeaderResponses(202)) - cb67de73-8b06-44b3-aeb3-7db114eecdbf@group-7A4811F84365-PendingRequests: sendNotLeaderResponses
2019-10-03 08:42:57,290 [ForkJoinPool.commonPool-worker-1] INFO  impl.StateMachineUpdater (StateMachineUpdater.java:stopAndJoin(136)) - cb67de73-8b06-44b3-aeb3-7db114eecdbf@group-7A4811F84365-StateMachineUpdater: set stopIndex = 0
2019-10-03 08:42:57,292 [ForkJoinPool.commonPool-worker-1] INFO  impl.RaftServerImpl (ServerState.java:close(387)) - cb67de73-8b06-44b3-aeb3-7db114eecdbf@group-7A4811F84365: closes. applyIndex: 0
2019-10-03 08:42:57,293 [cb67de73-8b06-44b3-aeb3-7db114eecdbf@group-7A4811F84365-SegmentedRaftLogWorker] INFO  segmented.SegmentedRaftLogWorker (SegmentedRaftLogWorker.java:run(316)) - cb67de73-8b06-44b3-aeb3-7db114eecdbf@group-7A4811F84365-SegmentedRaftLogWorker was interrupted, exiting. There are 0 tasks remaining in the queue.
2019-10-03 08:42:57,295 [ForkJoinPool.commonPool-worker-1] INFO  segmented.SegmentedRaftLogWorker (SegmentedRaftLogWorker.java:close(224)) - cb67de73-8b06-44b3-aeb3-7db114eecdbf@group-7A4811F84365-SegmentedRaftLogWorker close()
2019-10-03 08:42:57,297 [ForkJoinPool.commonPool-worker-1] INFO  impl.RaftServerImpl (RaftServerImpl.java:lambda$shutdown$3(247)) - cb67de73-8b06-44b3-aeb3-7db114eecdbf@group-21D41EB94025: shutdown
2019-10-03 08:42:57,298 [ForkJoinPool.commonPool-worker-1] INFO  util.JmxRegister (JmxRegister.java:unregister(73)) - Successfully un-registered JMX Bean with object name Ratis:service=RaftServer,group=group-21D41EB94025,id=cb67de73-8b06-44b3-aeb3-7db114eecdbf
2019-10-03 08:42:57,298 [ForkJoinPool.commonPool-worker-1] INFO  impl.RoleInfo (RoleInfo.java:shutdownLeaderState(104)) - cb67de73-8b06-44b3-aeb3-7db114eecdbf: shutdown LeaderState
2019-10-03 08:42:57,302 [org.apache.ratis.server.impl.LogAppender$AppenderDaemon$$Lambda$515/1492216709@10911432] WARN  server.GrpcLogAppender (GrpcLogAppender.java:mayWait(143)) - cb67de73-8b06-44b3-aeb3-7db114eecdbf@group-21D41EB94025->f71f06b4-a692-49f1-adba-dc747e3d882f-GrpcLogAppender: Wait interrupted by java.lang.InterruptedException
2019-10-03 08:42:57,302 [f71f06b4-a692-49f1-adba-dc747e3d882f@group-21D41EB94025-StateMachineUpdater] INFO  ratis.ContainerStateMachine (ContainerStateMachine.java:takeSnapshot(304)) - group-21D41EB94025: Finished taking a snapshot at:(t:1, i:6) file:/workdir/hadoop-ozone/integration-test/target/test-dir/MiniOzoneClusterImpl-ff2e4020-2730-403c-aff1-c870d58b142c/datanode-3/data/ratis/0a6e4f3c-ce3b-4dab-a12f-21d41eb94025/sm/snapshot.1_6 time:22
2019-10-03 08:42:57,302 [org.apache.ratis.server.impl.LogAppender$AppenderDaemon$$Lambda$515/1492216709@495112d2] WARN  server.GrpcLogAppender (GrpcLogAppender.java:mayWait(143)) - cb67de73-8b06-44b3-aeb3-7db114eecdbf@group-21D41EB94025->af447d1a-9c68-44de-a982-ad02f9800cfd-GrpcLogAppender: Wait interrupted by java.lang.InterruptedException
2019-10-03 08:42:57,302 [ForkJoinPool.commonPool-worker-1] INFO  impl.PendingRequests (PendingRequests.java:sendNotLeaderResponses(202)) - cb67de73-8b06-44b3-aeb3-7db114eecdbf@group-21D41EB94025-PendingRequests: sendNotLeaderResponses
2019-10-03 08:42:57,304 [f71f06b4-a692-49f1-adba-dc747e3d882f@group-21D41EB94025-StateMachineUpdater] INFO  impl.StateMachineUpdater (StateMachineUpdater.java:takeSnapshot(269)) - f71f06b4-a692-49f1-adba-dc747e3d882f@group-21D41EB94025-StateMachineUpdater: Took a snapshot at index 6
2019-10-03 08:42:57,308 [f71f06b4-a692-49f1-adba-dc747e3d882f@group-21D41EB94025-StateMachineUpdater] INFO  impl.StateMachineUpdater (StateMachineUpdater.java:lambda$new$0(84)) - f71f06b4-a692-49f1-adba-dc747e3d882f@group-21D41EB94025-StateMachineUpdater: snapshotIndex: updateIncreasingly -1 -> 6
2019-10-03 08:42:57,308 [ForkJoinPool.commonPool-worker-1] INFO  impl.StateMachineUpdater (StateMachineUpdater.java:stopAndJoin(136)) - cb67de73-8b06-44b3-aeb3-7db114eecdbf@group-21D41EB94025-StateMachineUpdater: set stopIndex = 8
2019-10-03 08:42:57,308 [cb67de73-8b06-44b3-aeb3-7db114eecdbf@group-21D41EB94025-StateMachineUpdater] INFO  ratis.ContainerStateMachine (ContainerStateMachine.java:takeSnapshot(293)) - group-21D41EB94025: Taking a snapshot at:(t:1, i:6) file /workdir/hadoop-ozone/integration-test/target/test-dir/MiniOzoneClusterImpl-ff2e4020-2730-403c-aff1-c870d58b142c/datanode-2/data/ratis/0a6e4f3c-ce3b-4dab-a12f-21d41eb94025/sm/snapshot.1_6
2019-10-03 08:42:57,308 [f71f06b4-a692-49f1-adba-dc747e3d882f@group-21D41EB94025-StateMachineUpdater] INFO  ratis.ContainerStateMachine (ContainerStateMachine.java:takeSnapshot(293)) - group-21D41EB94025: Taking a snapshot at:(t:1, i:6) file /workdir/hadoop-ozone/integration-test/target/test-dir/MiniOzoneClusterImpl-ff2e4020-2730-403c-aff1-c870d58b142c/datanode-3/data/ratis/0a6e4f3c-ce3b-4dab-a12f-21d41eb94025/sm/snapshot.1_6
2019-10-03 08:42:57,309 [grpc-default-executor-7] INFO  server.GrpcServerProtocolService (GrpcServerProtocolService.java:onCompleted(113)) - f71f06b4-a692-49f1-adba-dc747e3d882f: Completed APPEND_ENTRIES, lastRequest: cb67de73-8b06-44b3-aeb3-7db114eecdbf->f71f06b4-a692-49f1-adba-dc747e3d882f#49-t1, previous=(t:1, i:8), leaderCommit=8, initializing? false, entries: <empty>
2019-10-03 08:42:57,311 [grpc-default-executor-7] INFO  server.GrpcLogAppender (GrpcLogAppender.java:onCompleted(293)) - cb67de73-8b06-44b3-aeb3-7db114eecdbf@group-21D41EB94025->f71f06b4-a692-49f1-adba-dc747e3d882f-AppendLogResponseHandler: follower responses appendEntries COMPLETED
2019-10-03 08:42:57,313 [grpc-default-executor-7] INFO  impl.FollowerInfo (FollowerInfo.java:lambda$new$0(51)) - cb67de73-8b06-44b3-aeb3-7db114eecdbf@group-21D41EB94025->f71f06b4-a692-49f1-adba-dc747e3d882f: nextIndex: updateUnconditionally 9 -> 8
2019-10-03 08:42:57,321 [f71f06b4-a692-49f1-adba-dc747e3d882f@group-21D41EB94025-StateMachineUpdater] INFO  ratis.ContainerStateMachine (ContainerStateMachine.java:takeSnapshot(304)) - group-21D41EB94025: Finished taking a snapshot at:(t:1, i:6) file:/workdir/hadoop-ozone/integration-test/target/test-dir/MiniOzoneClusterImpl-ff2e4020-2730-403c-aff1-c870d58b142c/datanode-3/data/ratis/0a6e4f3c-ce3b-4dab-a12f-21d41eb94025/sm/snapshot.1_6 time:13
2019-10-03 08:42:57,321 [cb67de73-8b06-44b3-aeb3-7db114eecdbf@group-21D41EB94025-StateMachineUpdater] INFO  ratis.ContainerStateMachine (ContainerStateMachine.java:takeSnapshot(304)) - group-21D41EB94025: Finished taking a snapshot at:(t:1, i:6) file:/workdir/hadoop-ozone/integration-test/target/test-dir/MiniOzoneClusterImpl-ff2e4020-2730-403c-aff1-c870d58b142c/datanode-2/data/ratis/0a6e4f3c-ce3b-4dab-a12f-21d41eb94025/sm/snapshot.1_6 time:13
2019-10-03 08:42:57,321 [f71f06b4-a692-49f1-adba-dc747e3d882f@group-21D41EB94025-StateMachineUpdater] INFO  impl.StateMachineUpdater (StateMachineUpdater.java:takeSnapshot(269)) - f71f06b4-a692-49f1-adba-dc747e3d882f@group-21D41EB94025-StateMachineUpdater: Took a snapshot at index 6
2019-10-03 08:42:57,322 [f71f06b4-a692-49f1-adba-dc747e3d882f@group-21D41EB94025-StateMachineUpdater] INFO  impl.StateMachineUpdater (StateMachineUpdater.java:lambda$new$0(84)) - f71f06b4-a692-49f1-adba-dc747e3d882f@group-21D41EB94025-StateMachineUpdater: snapshotIndex: updateIncreasingly 6 -> 6
2019-10-03 08:42:57,322 [cb67de73-8b06-44b3-aeb3-7db114eecdbf@group-21D41EB94025-StateMachineUpdater] INFO  impl.StateMachineUpdater (StateMachineUpdater.java:takeSnapshot(269)) - cb67de73-8b06-44b3-aeb3-7db114eecdbf@group-21D41EB94025-StateMachineUpdater: Took a snapshot at index 6
2019-10-03 08:42:57,322 [cb67de73-8b06-44b3-aeb3-7db114eecdbf@group-21D41EB94025-StateMachineUpdater] INFO  impl.StateMachineUpdater (StateMachineUpdater.java:lambda$new$0(84)) - cb67de73-8b06-44b3-aeb3-7db114eecdbf@group-21D41EB94025-StateMachineUpdater: snapshotIndex: updateIncreasingly -1 -> 6
2019-10-03 08:42:57,322 [main] INFO  impl.RaftServerImpl (ServerState.java:close(387)) - f71f06b4-a692-49f1-adba-dc747e3d882f@group-21D41EB94025: closes. applyIndex: 8
2019-10-03 08:42:57,322 [cb67de73-8b06-44b3-aeb3-7db114eecdbf@group-21D41EB94025-StateMachineUpdater] INFO  ratis.ContainerStateMachine (ContainerStateMachine.java:takeSnapshot(293)) - group-21D41EB94025: Taking a snapshot at:(t:1, i:6) file /workdir/hadoop-ozone/integration-test/target/test-dir/MiniOzoneClusterImpl-ff2e4020-2730-403c-aff1-c870d58b142c/datanode-2/data/ratis/0a6e4f3c-ce3b-4dab-a12f-21d41eb94025/sm/snapshot.1_6
2019-10-03 08:42:57,323 [f71f06b4-a692-49f1-adba-dc747e3d882f@group-21D41EB94025-SegmentedRaftLogWorker] INFO  segmented.SegmentedRaftLogWorker (SegmentedRaftLogWorker.java:run(316)) - f71f06b4-a692-49f1-adba-dc747e3d882f@group-21D41EB94025-SegmentedRaftLogWorker was interrupted, exiting. There are 0 tasks remaining in the queue.
2019-10-03 08:42:57,325 [main] INFO  segmented.SegmentedRaftLogWorker (SegmentedRaftLogWorker.java:close(224)) - f71f06b4-a692-49f1-adba-dc747e3d882f@group-21D41EB94025-SegmentedRaftLogWorker close()
2019-10-03 08:42:57,327 [main] INFO  impl.RaftServerImpl (RaftServerImpl.java:lambda$shutdown$3(247)) - f71f06b4-a692-49f1-adba-dc747e3d882f@group-EC4249A6CE26: shutdown
2019-10-03 08:42:57,327 [main] INFO  util.JmxRegister (JmxRegister.java:unregister(73)) - Successfully un-registered JMX Bean with object name Ratis:service=RaftServer,group=group-EC4249A6CE26,id=f71f06b4-a692-49f1-adba-dc747e3d882f
2019-10-03 08:42:57,328 [main] INFO  impl.RoleInfo (RoleInfo.java:shutdownLeaderState(104)) - f71f06b4-a692-49f1-adba-dc747e3d882f: shutdown LeaderState
2019-10-03 08:42:57,328 [main] INFO  impl.PendingRequests (PendingRequests.java:sendNotLeaderResponses(202)) - f71f06b4-a692-49f1-adba-dc747e3d882f@group-EC4249A6CE26-PendingRequests: sendNotLeaderResponses
2019-10-03 08:42:57,329 [main] INFO  impl.StateMachineUpdater (StateMachineUpdater.java:stopAndJoin(136)) - f71f06b4-a692-49f1-adba-dc747e3d882f@group-EC4249A6CE26-StateMachineUpdater: set stopIndex = 0
2019-10-03 08:42:57,329 [main] INFO  impl.RaftServerImpl (ServerState.java:close(387)) - f71f06b4-a692-49f1-adba-dc747e3d882f@group-EC4249A6CE26: closes. applyIndex: 0
2019-10-03 08:42:57,330 [f71f06b4-a692-49f1-adba-dc747e3d882f@group-EC4249A6CE26-SegmentedRaftLogWorker] INFO  segmented.SegmentedRaftLogWorker (SegmentedRaftLogWorker.java:run(316)) - f71f06b4-a692-49f1-adba-dc747e3d882f@group-EC4249A6CE26-SegmentedRaftLogWorker was interrupted, exiting. There are 0 tasks remaining in the queue.
2019-10-03 08:42:57,331 [main] INFO  segmented.SegmentedRaftLogWorker (SegmentedRaftLogWorker.java:close(224)) - f71f06b4-a692-49f1-adba-dc747e3d882f@group-EC4249A6CE26-SegmentedRaftLogWorker close()
2019-10-03 08:42:57,334 [main] INFO  server.GrpcService (GrpcService.java:closeImpl(164)) - f71f06b4-a692-49f1-adba-dc747e3d882f: shutdown server with port 41259 now
2019-10-03 08:42:57,334 [cb67de73-8b06-44b3-aeb3-7db114eecdbf@group-21D41EB94025-StateMachineUpdater] INFO  ratis.ContainerStateMachine (ContainerStateMachine.java:takeSnapshot(304)) - group-21D41EB94025: Finished taking a snapshot at:(t:1, i:6) file:/workdir/hadoop-ozone/integration-test/target/test-dir/MiniOzoneClusterImpl-ff2e4020-2730-403c-aff1-c870d58b142c/datanode-2/data/ratis/0a6e4f3c-ce3b-4dab-a12f-21d41eb94025/sm/snapshot.1_6 time:12
2019-10-03 08:42:57,334 [cb67de73-8b06-44b3-aeb3-7db114eecdbf@group-21D41EB94025-StateMachineUpdater] INFO  impl.StateMachineUpdater (StateMachineUpdater.java:takeSnapshot(269)) - cb67de73-8b06-44b3-aeb3-7db114eecdbf@group-21D41EB94025-StateMachineUpdater: Took a snapshot at index 6
2019-10-03 08:42:57,334 [cb67de73-8b06-44b3-aeb3-7db114eecdbf@group-21D41EB94025-StateMachineUpdater] INFO  impl.StateMachineUpdater (StateMachineUpdater.java:lambda$new$0(84)) - cb67de73-8b06-44b3-aeb3-7db114eecdbf@group-21D41EB94025-StateMachineUpdater: snapshotIndex: updateIncreasingly 6 -> 6
2019-10-03 08:42:57,335 [ForkJoinPool.commonPool-worker-1] INFO  impl.RaftServerImpl (ServerState.java:close(387)) - cb67de73-8b06-44b3-aeb3-7db114eecdbf@group-21D41EB94025: closes. applyIndex: 8
2019-10-03 08:42:57,335 [main] INFO  server.GrpcService (GrpcService.java:closeImpl(172)) - f71f06b4-a692-49f1-adba-dc747e3d882f: shutdown server with port 41259 successfully
2019-10-03 08:42:57,335 [cb67de73-8b06-44b3-aeb3-7db114eecdbf@group-21D41EB94025-SegmentedRaftLogWorker] INFO  segmented.SegmentedRaftLogWorker (SegmentedRaftLogWorker.java:run(316)) - cb67de73-8b06-44b3-aeb3-7db114eecdbf@group-21D41EB94025-SegmentedRaftLogWorker was interrupted, exiting. There are 0 tasks remaining in the queue.
2019-10-03 08:42:57,338 [ForkJoinPool.commonPool-worker-1] INFO  segmented.SegmentedRaftLogWorker (SegmentedRaftLogWorker.java:close(224)) - cb67de73-8b06-44b3-aeb3-7db114eecdbf@group-21D41EB94025-SegmentedRaftLogWorker close()
2019-10-03 08:42:57,341 [ForkJoinPool.commonPool-worker-1] INFO  server.GrpcService (GrpcService.java:closeImpl(164)) - cb67de73-8b06-44b3-aeb3-7db114eecdbf: shutdown server with port 42541 now
2019-10-03 08:42:57,341 [ForkJoinPool.commonPool-worker-1] INFO  server.GrpcService (GrpcService.java:closeImpl(172)) - cb67de73-8b06-44b3-aeb3-7db114eecdbf: shutdown server with port 42541 successfully
2019-10-03 08:42:57,342 [refreshUsed-/workdir/hadoop-ozone/integration-test/target/test-dir/MiniOzoneClusterImpl-ff2e4020-2730-403c-aff1-c870d58b142c/datanode-3/data/containers] WARN  fs.CachingGetSpaceUsed (CachingGetSpaceUsed.java:run(183)) - Thread Interrupted waiting to refresh disk information: sleep interrupted
2019-10-03 08:42:57,343 [grpc-default-executor-0] WARN  client.GrpcClientProtocolService (LogUtils.java:warn(134)) - 54-OrderedRequestStreamObserver54: onError: org.apache.ratis.thirdparty.io.grpc.StatusRuntimeException: CANCELLED: cancelled before receiving half close
2019-10-03 08:42:57,344 [refreshUsed-/workdir/hadoop-ozone/integration-test/target/test-dir/MiniOzoneClusterImpl-ff2e4020-2730-403c-aff1-c870d58b142c/datanode-2/data/containers] WARN  fs.CachingGetSpaceUsed (CachingGetSpaceUsed.java:run(183)) - Thread Interrupted waiting to refresh disk information: sleep interrupted
2019-10-03 08:42:57,361 [ForkJoinPool.commonPool-worker-1] INFO  utils.BackgroundService (BackgroundService.java:shutdown(148)) - Shutting down service BlockDeletingService
2019-10-03 08:42:57,366 [ForkJoinPool.commonPool-worker-1] INFO  statemachine.DatanodeStateMachine (DatanodeStateMachine.java:stopDaemon(395)) - Ozone container server stopped.
2019-10-03 08:42:57,372 [ForkJoinPool.commonPool-worker-1] INFO  handler.ContextHandler (ContextHandler.java:doStop(910)) - Stopped o.e.j.w.WebAppContext@4bdf{/,null,UNAVAILABLE}{/hddsDatanode}
2019-10-03 08:42:57,372 [ForkJoinPool.commonPool-worker-1] INFO  server.AbstractConnector (AbstractConnector.java:doStop(318)) - Stopped ServerConnector@4cad79bc{HTTP/1.1,[http/1.1]}{0.0.0.0:0}
2019-10-03 08:42:57,374 [ForkJoinPool.commonPool-worker-1] INFO  handler.ContextHandler (ContextHandler.java:doStop(910)) - Stopped o.e.j.s.ServletContextHandler@3440e9cd{/static,jar:file:/home/user/.m2/repository/org/apache/hadoop/hadoop-hdds-container-service/0.5.0-SNAPSHOT/hadoop-hdds-container-service-0.5.0-SNAPSHOT.jar!/webapps/static,UNAVAILABLE}
2019-10-03 08:42:57,376 [ForkJoinPool.commonPool-worker-1] INFO  handler.ContextHandler (ContextHandler.java:doStop(910)) - Stopped o.e.j.s.ServletContextHandler@2f10f633{/logs,file:///workdir/hadoop-ozone/integration-test/target/log,UNAVAILABLE}
2019-10-03 08:42:57,376 [main] INFO  utils.BackgroundService (BackgroundService.java:shutdown(148)) - Shutting down service BlockDeletingService
2019-10-03 08:42:57,381 [main] INFO  statemachine.DatanodeStateMachine (DatanodeStateMachine.java:stopDaemon(395)) - Ozone container server stopped.
2019-10-03 08:42:57,382 [main] INFO  handler.ContextHandler (ContextHandler.java:doStop(910)) - Stopped o.e.j.w.WebAppContext@e95595b{/,null,UNAVAILABLE}{/hddsDatanode}
2019-10-03 08:42:57,383 [main] INFO  server.AbstractConnector (AbstractConnector.java:doStop(318)) - Stopped ServerConnector@5a917723{HTTP/1.1,[http/1.1]}{0.0.0.0:0}
2019-10-03 08:42:57,383 [main] INFO  handler.ContextHandler (ContextHandler.java:doStop(910)) - Stopped o.e.j.s.ServletContextHandler@60e3c26e{/static,jar:file:/home/user/.m2/repository/org/apache/hadoop/hadoop-hdds-container-service/0.5.0-SNAPSHOT/hadoop-hdds-container-service-0.5.0-SNAPSHOT.jar!/webapps/static,UNAVAILABLE}
2019-10-03 08:42:57,383 [main] INFO  handler.ContextHandler (ContextHandler.java:doStop(910)) - Stopped o.e.j.s.ServletContextHandler@68dd39d2{/logs,file:///workdir/hadoop-ozone/integration-test/target/log,UNAVAILABLE}
2019-10-03 08:42:57,656 [Datanode State Machine Thread - 0] INFO  statemachine.DatanodeStateMachine (DatanodeStateMachine.java:lambda$startDaemon$0(350)) - Ozone container server started.
2019-10-03 08:42:58,230 [Datanode State Machine Thread - 0] INFO  statemachine.DatanodeStateMachine (DatanodeStateMachine.java:lambda$startDaemon$0(350)) - Ozone container server started.
2019-10-03 08:43:01,137 [Thread-826] INFO  impl.FollowerState (FollowerState.java:run(108)) - c87c9c9b-0dcf-4ff5-9ac0-81ac60eec9d8@group-91D5057DB33D-FollowerState: change to CANDIDATE, lastRpcTime:9092ms, electionTimeout:5042ms
2019-10-03 08:43:01,139 [Thread-826] INFO  impl.RoleInfo (RoleInfo.java:shutdownFollowerState(121)) - c87c9c9b-0dcf-4ff5-9ac0-81ac60eec9d8: shutdown FollowerState
2019-10-03 08:43:01,140 [Thread-826] INFO  impl.RaftServerImpl (RaftServerImpl.java:setRole(170)) - c87c9c9b-0dcf-4ff5-9ac0-81ac60eec9d8@group-91D5057DB33D: changes role from  FOLLOWER to CANDIDATE at term 1 for changeToCandidate
2019-10-03 08:43:01,140 [Thread-826] INFO  impl.RoleInfo (RoleInfo.java:updateAndGet(143)) - c87c9c9b-0dcf-4ff5-9ac0-81ac60eec9d8: start LeaderElection
2019-10-03 08:43:01,148 [c87c9c9b-0dcf-4ff5-9ac0-81ac60eec9d8@group-91D5057DB33D-LeaderElection35] INFO  impl.RaftServerImpl (ServerState.java:setLeader(255)) - c87c9c9b-0dcf-4ff5-9ac0-81ac60eec9d8@group-91D5057DB33D: change Leader from 63cb16dc-568f-4f90-a87b-96e9755fb6cd to null at term 1 for initElection
2019-10-03 08:43:01,163 [c87c9c9b-0dcf-4ff5-9ac0-81ac60eec9d8@group-91D5057DB33D-LeaderElection35] INFO  impl.LeaderElection (LeaderElection.java:askForVotes(178)) - c87c9c9b-0dcf-4ff5-9ac0-81ac60eec9d8@group-91D5057DB33D-LeaderElection35: begin an election at term 2 for 0: [e7a3cf27-7796-4558-9a9d-ccb0a118d6f3:192.168.151.103:44168, 63cb16dc-568f-4f90-a87b-96e9755fb6cd:192.168.151.103:39945, c87c9c9b-0dcf-4ff5-9ac0-81ac60eec9d8:192.168.151.103:35284], old=null
2019-10-03 08:43:01,171 [grpc-default-executor-0] INFO  impl.RaftServerImpl (ServerState.java:setLeader(255)) - e7a3cf27-7796-4558-9a9d-ccb0a118d6f3@group-91D5057DB33D: change Leader from 63cb16dc-568f-4f90-a87b-96e9755fb6cd to null at term 2 for updateCurrentTerm
2019-10-03 08:43:01,171 [grpc-default-executor-0] INFO  impl.RaftServerImpl (RaftServerImpl.java:setRole(170)) - e7a3cf27-7796-4558-9a9d-ccb0a118d6f3@group-91D5057DB33D: changes role from  FOLLOWER to FOLLOWER at term 2 for recognizeCandidate:c87c9c9b-0dcf-4ff5-9ac0-81ac60eec9d8
2019-10-03 08:43:01,171 [grpc-default-executor-0] INFO  impl.RoleInfo (RoleInfo.java:shutdownFollowerState(121)) - e7a3cf27-7796-4558-9a9d-ccb0a118d6f3: shutdown FollowerState
2019-10-03 08:43:01,171 [grpc-default-executor-0] INFO  impl.RoleInfo (RoleInfo.java:updateAndGet(143)) - e7a3cf27-7796-4558-9a9d-ccb0a118d6f3: start FollowerState
2019-10-03 08:43:01,172 [Thread-825] INFO  impl.FollowerState (FollowerState.java:run(117)) - e7a3cf27-7796-4558-9a9d-ccb0a118d6f3@group-91D5057DB33D-FollowerState was interrupted: java.lang.InterruptedException: sleep interrupted
2019-10-03 08:43:01,178 [c87c9c9b-0dcf-4ff5-9ac0-81ac60eec9d8@group-91D5057DB33D-LeaderElection35] INFO  impl.LeaderElection (LogUtils.java:infoOrTrace(149)) - c87c9c9b-0dcf-4ff5-9ac0-81ac60eec9d8@group-91D5057DB33D-LeaderElection35 got exception when requesting votes: {}
java.util.concurrent.ExecutionException: org.apache.ratis.thirdparty.io.grpc.StatusRuntimeException: UNAVAILABLE: io exception
	at java.util.concurrent.FutureTask.report(FutureTask.java:122)
	at java.util.concurrent.FutureTask.get(FutureTask.java:192)
	at org.apache.ratis.server.impl.LeaderElection.waitForResults(LeaderElection.java:259)
	at org.apache.ratis.server.impl.LeaderElection.askForVotes(LeaderElection.java:197)
	at org.apache.ratis.server.impl.LeaderElection.run(LeaderElection.java:133)
	at java.lang.Thread.run(Thread.java:748)
Caused by: org.apache.ratis.thirdparty.io.grpc.StatusRuntimeException: UNAVAILABLE: io exception
	at org.apache.ratis.thirdparty.io.grpc.stub.ClientCalls.toStatusRuntimeException(ClientCalls.java:233)
	at org.apache.ratis.thirdparty.io.grpc.stub.ClientCalls.getUnchecked(ClientCalls.java:214)
	at org.apache.ratis.thirdparty.io.grpc.stub.ClientCalls.blockingUnaryCall(ClientCalls.java:139)
	at org.apache.ratis.proto.grpc.RaftServerProtocolServiceGrpc$RaftServerProtocolServiceBlockingStub.requestVote(RaftServerProtocolServiceGrpc.java:265)
	at org.apache.ratis.grpc.server.GrpcServerProtocolClient.requestVote(GrpcServerProtocolClient.java:99)
	at org.apache.ratis.grpc.server.GrpcService.requestVote(GrpcService.java:204)
	at org.apache.ratis.server.impl.LeaderElection.lambda$submitRequests$1(LeaderElection.java:234)
	at java.util.concurrent.FutureTask.run(FutureTask.java:266)
	at java.util.concurrent.Executors$RunnableAdapter.call(Executors.java:511)
	at java.util.concurrent.FutureTask.run(FutureTask.java:266)
	at java.util.concurrent.ThreadPoolExecutor.runWorker(ThreadPoolExecutor.java:1149)
	at java.util.concurrent.ThreadPoolExecutor$Worker.run(ThreadPoolExecutor.java:624)
	... 1 more
Caused by: org.apache.ratis.thirdparty.io.netty.channel.AbstractChannel$AnnotatedConnectException: Connection refused: /192.168.151.103:39945
	at sun.nio.ch.SocketChannelImpl.checkConnect(Native Method)
	at sun.nio.ch.SocketChannelImpl.finishConnect(SocketChannelImpl.java:717)
	at org.apache.ratis.thirdparty.io.netty.channel.socket.nio.NioSocketChannel.doFinishConnect(NioSocketChannel.java:327)
	at org.apache.ratis.thirdparty.io.netty.channel.nio.AbstractNioChannel$AbstractNioUnsafe.finishConnect(AbstractNioChannel.java:340)
	at org.apache.ratis.thirdparty.io.netty.channel.nio.NioEventLoop.processSelectedKey(NioEventLoop.java:632)
	at org.apache.ratis.thirdparty.io.netty.channel.nio.NioEventLoop.processSelectedKeysOptimized(NioEventLoop.java:579)
	at org.apache.ratis.thirdparty.io.netty.channel.nio.NioEventLoop.processSelectedKeys(NioEventLoop.java:496)
	at org.apache.ratis.thirdparty.io.netty.channel.nio.NioEventLoop.run(NioEventLoop.java:458)
	at org.apache.ratis.thirdparty.io.netty.util.concurrent.SingleThreadEventExecutor$5.run(SingleThreadEventExecutor.java:897)
	at org.apache.ratis.thirdparty.io.netty.util.concurrent.FastThreadLocalRunnable.run(FastThreadLocalRunnable.java:30)
	... 1 more
Caused by: java.net.ConnectException: Connection refused
	... 11 more
2019-10-03 08:43:01,189 [c87c9c9b-0dcf-4ff5-9ac0-81ac60eec9d8@group-91D5057DB33D-LeaderElection35] INFO  impl.LeaderElection (LeaderElection.java:logAndReturn(56)) - c87c9c9b-0dcf-4ff5-9ac0-81ac60eec9d8@group-91D5057DB33D-LeaderElection35: Election PASSED; received 1 response(s) [c87c9c9b-0dcf-4ff5-9ac0-81ac60eec9d8<-e7a3cf27-7796-4558-9a9d-ccb0a118d6f3#0:OK-t2] and 1 exception(s); c87c9c9b-0dcf-4ff5-9ac0-81ac60eec9d8@group-91D5057DB33D:t2, leader=null, voted=c87c9c9b-0dcf-4ff5-9ac0-81ac60eec9d8, raftlog=c87c9c9b-0dcf-4ff5-9ac0-81ac60eec9d8@group-91D5057DB33D-SegmentedRaftLog:OPENED:c0,f0,i0, conf=0: [e7a3cf27-7796-4558-9a9d-ccb0a118d6f3:192.168.151.103:44168, 63cb16dc-568f-4f90-a87b-96e9755fb6cd:192.168.151.103:39945, c87c9c9b-0dcf-4ff5-9ac0-81ac60eec9d8:192.168.151.103:35284], old=null
2019-10-03 08:43:01,189 [c87c9c9b-0dcf-4ff5-9ac0-81ac60eec9d8@group-91D5057DB33D-LeaderElection35] INFO  impl.LeaderElection (LogUtils.java:infoOrTrace(149)) -   Exception 0: {}
java.util.concurrent.ExecutionException: org.apache.ratis.thirdparty.io.grpc.StatusRuntimeException: UNAVAILABLE: io exception
	at java.util.concurrent.FutureTask.report(FutureTask.java:122)
	at java.util.concurrent.FutureTask.get(FutureTask.java:192)
	at org.apache.ratis.server.impl.LeaderElection.waitForResults(LeaderElection.java:259)
	at org.apache.ratis.server.impl.LeaderElection.askForVotes(LeaderElection.java:197)
	at org.apache.ratis.server.impl.LeaderElection.run(LeaderElection.java:133)
	at java.lang.Thread.run(Thread.java:748)
Caused by: org.apache.ratis.thirdparty.io.grpc.StatusRuntimeException: UNAVAILABLE: io exception
	at org.apache.ratis.thirdparty.io.grpc.stub.ClientCalls.toStatusRuntimeException(ClientCalls.java:233)
	at org.apache.ratis.thirdparty.io.grpc.stub.ClientCalls.getUnchecked(ClientCalls.java:214)
	at org.apache.ratis.thirdparty.io.grpc.stub.ClientCalls.blockingUnaryCall(ClientCalls.java:139)
	at org.apache.ratis.proto.grpc.RaftServerProtocolServiceGrpc$RaftServerProtocolServiceBlockingStub.requestVote(RaftServerProtocolServiceGrpc.java:265)
	at org.apache.ratis.grpc.server.GrpcServerProtocolClient.requestVote(GrpcServerProtocolClient.java:99)
	at org.apache.ratis.grpc.server.GrpcService.requestVote(GrpcService.java:204)
	at org.apache.ratis.server.impl.LeaderElection.lambda$submitRequests$1(LeaderElection.java:234)
	at java.util.concurrent.FutureTask.run(FutureTask.java:266)
	at java.util.concurrent.Executors$RunnableAdapter.call(Executors.java:511)
	at java.util.concurrent.FutureTask.run(FutureTask.java:266)
	at java.util.concurrent.ThreadPoolExecutor.runWorker(ThreadPoolExecutor.java:1149)
	at java.util.concurrent.ThreadPoolExecutor$Worker.run(ThreadPoolExecutor.java:624)
	... 1 more
Caused by: org.apache.ratis.thirdparty.io.netty.channel.AbstractChannel$AnnotatedConnectException: Connection refused: /192.168.151.103:39945
	at sun.nio.ch.SocketChannelImpl.checkConnect(Native Method)
	at sun.nio.ch.SocketChannelImpl.finishConnect(SocketChannelImpl.java:717)
	at org.apache.ratis.thirdparty.io.netty.channel.socket.nio.NioSocketChannel.doFinishConnect(NioSocketChannel.java:327)
	at org.apache.ratis.thirdparty.io.netty.channel.nio.AbstractNioChannel$AbstractNioUnsafe.finishConnect(AbstractNioChannel.java:340)
	at org.apache.ratis.thirdparty.io.netty.channel.nio.NioEventLoop.processSelectedKey(NioEventLoop.java:632)
	at org.apache.ratis.thirdparty.io.netty.channel.nio.NioEventLoop.processSelectedKeysOptimized(NioEventLoop.java:579)
	at org.apache.ratis.thirdparty.io.netty.channel.nio.NioEventLoop.processSelectedKeys(NioEventLoop.java:496)
	at org.apache.ratis.thirdparty.io.netty.channel.nio.NioEventLoop.run(NioEventLoop.java:458)
	at org.apache.ratis.thirdparty.io.netty.util.concurrent.SingleThreadEventExecutor$5.run(SingleThreadEventExecutor.java:897)
	at org.apache.ratis.thirdparty.io.netty.util.concurrent.FastThreadLocalRunnable.run(FastThreadLocalRunnable.java:30)
	... 1 more
Caused by: java.net.ConnectException: Connection refused
	... 11 more
2019-10-03 08:43:01,190 [c87c9c9b-0dcf-4ff5-9ac0-81ac60eec9d8@group-91D5057DB33D-LeaderElection35] INFO  impl.RoleInfo (RoleInfo.java:shutdownLeaderElection(134)) - c87c9c9b-0dcf-4ff5-9ac0-81ac60eec9d8: shutdown LeaderElection
2019-10-03 08:43:01,190 [c87c9c9b-0dcf-4ff5-9ac0-81ac60eec9d8@group-91D5057DB33D-LeaderElection35] INFO  impl.RaftServerImpl (RaftServerImpl.java:setRole(170)) - c87c9c9b-0dcf-4ff5-9ac0-81ac60eec9d8@group-91D5057DB33D: changes role from CANDIDATE to LEADER at term 2 for changeToLeader
2019-10-03 08:43:01,190 [c87c9c9b-0dcf-4ff5-9ac0-81ac60eec9d8@group-91D5057DB33D-LeaderElection35] INFO  impl.RaftServerImpl (ServerState.java:setLeader(255)) - c87c9c9b-0dcf-4ff5-9ac0-81ac60eec9d8@group-91D5057DB33D: change Leader from null to c87c9c9b-0dcf-4ff5-9ac0-81ac60eec9d8 at term 2 for becomeLeader, leader elected after 42ms
2019-10-03 08:43:01,191 [c87c9c9b-0dcf-4ff5-9ac0-81ac60eec9d8@group-91D5057DB33D-LeaderElection35] INFO  server.RaftServerConfigKeys (ConfUtils.java:logGet(43)) - raft.server.staging.catchup.gap = 1000 (default)
2019-10-03 08:43:01,191 [c87c9c9b-0dcf-4ff5-9ac0-81ac60eec9d8@group-91D5057DB33D-LeaderElection35] INFO  server.RaftServerConfigKeys (ConfUtils.java:logGet(43)) - raft.server.rpc.sleep.time = 25ms (default)
2019-10-03 08:43:01,191 [c87c9c9b-0dcf-4ff5-9ac0-81ac60eec9d8@group-91D5057DB33D-LeaderElection35] INFO  server.RaftServerConfigKeys (ConfUtils.java:logGet(43)) - raft.server.write.element-limit = 4096 (default)
2019-10-03 08:43:01,191 [c87c9c9b-0dcf-4ff5-9ac0-81ac60eec9d8@group-91D5057DB33D-LeaderElection35] INFO  server.RaftServerConfigKeys (ConfUtils.java:logGet(43)) - raft.server.watch.timeout = 10s (default)
2019-10-03 08:43:01,192 [c87c9c9b-0dcf-4ff5-9ac0-81ac60eec9d8@group-91D5057DB33D-LeaderElection35] INFO  server.RaftServerConfigKeys (ConfUtils.java:logGet(43)) - raft.server.watch.timeout.denomination = 1s (default)
2019-10-03 08:43:01,192 [c87c9c9b-0dcf-4ff5-9ac0-81ac60eec9d8@group-91D5057DB33D-LeaderElection35] INFO  server.RaftServerConfigKeys (ConfUtils.java:logGet(43)) - raft.server.watch.element-limit = 65536 (default)
2019-10-03 08:43:01,196 [c87c9c9b-0dcf-4ff5-9ac0-81ac60eec9d8@group-91D5057DB33D-LeaderElection35] INFO  server.RaftServerConfigKeys (ConfUtils.java:logGet(43)) - raft.server.log.appender.snapshot.chunk.size.max = 16MB (=16777216) (default)
2019-10-03 08:43:01,196 [c87c9c9b-0dcf-4ff5-9ac0-81ac60eec9d8@group-91D5057DB33D-LeaderElection35] INFO  server.RaftServerConfigKeys (ConfUtils.java:logGet(43)) - raft.server.log.appender.buffer.byte-limit = 33554432 (custom)
2019-10-03 08:43:01,196 [c87c9c9b-0dcf-4ff5-9ac0-81ac60eec9d8@group-91D5057DB33D-LeaderElection35] INFO  server.RaftServerConfigKeys (ConfUtils.java:logGet(43)) - raft.server.log.appender.buffer.element-limit = 1 (custom)
2019-10-03 08:43:01,196 [c87c9c9b-0dcf-4ff5-9ac0-81ac60eec9d8@group-91D5057DB33D-LeaderElection35] INFO  grpc.GrpcConfigKeys$Server (ConfUtils.java:logGet(43)) - raft.grpc.server.leader.outstanding.appends.max = 128 (default)
2019-10-03 08:43:01,197 [c87c9c9b-0dcf-4ff5-9ac0-81ac60eec9d8@group-91D5057DB33D-LeaderElection35] INFO  server.RaftServerConfigKeys (ConfUtils.java:logGet(43)) - raft.server.rpc.request.timeout = 3000ms (default)
2019-10-03 08:43:01,197 [c87c9c9b-0dcf-4ff5-9ac0-81ac60eec9d8@group-91D5057DB33D-LeaderElection35] INFO  server.RaftServerConfigKeys (ConfUtils.java:logGet(43)) - raft.server.log.appender.install.snapshot.enabled = false (custom)
2019-10-03 08:43:01,197 [c87c9c9b-0dcf-4ff5-9ac0-81ac60eec9d8@group-91D5057DB33D-LeaderElection35] INFO  server.RaftServerConfigKeys (ConfUtils.java:logGet(43)) - raft.server.log.appender.snapshot.chunk.size.max = 16MB (=16777216) (default)
2019-10-03 08:43:01,197 [c87c9c9b-0dcf-4ff5-9ac0-81ac60eec9d8@group-91D5057DB33D-LeaderElection35] INFO  server.RaftServerConfigKeys (ConfUtils.java:logGet(43)) - raft.server.log.appender.buffer.byte-limit = 33554432 (custom)
2019-10-03 08:43:01,197 [c87c9c9b-0dcf-4ff5-9ac0-81ac60eec9d8@group-91D5057DB33D-LeaderElection35] INFO  server.RaftServerConfigKeys (ConfUtils.java:logGet(43)) - raft.server.log.appender.buffer.element-limit = 1 (custom)
2019-10-03 08:43:01,198 [c87c9c9b-0dcf-4ff5-9ac0-81ac60eec9d8@group-91D5057DB33D-LeaderElection35] INFO  grpc.GrpcConfigKeys$Server (ConfUtils.java:logGet(43)) - raft.grpc.server.leader.outstanding.appends.max = 128 (default)
2019-10-03 08:43:01,198 [c87c9c9b-0dcf-4ff5-9ac0-81ac60eec9d8@group-91D5057DB33D-LeaderElection35] INFO  server.RaftServerConfigKeys (ConfUtils.java:logGet(43)) - raft.server.rpc.request.timeout = 3000ms (default)
2019-10-03 08:43:01,198 [c87c9c9b-0dcf-4ff5-9ac0-81ac60eec9d8@group-91D5057DB33D-LeaderElection35] INFO  server.RaftServerConfigKeys (ConfUtils.java:logGet(43)) - raft.server.log.appender.install.snapshot.enabled = false (custom)
2019-10-03 08:43:01,198 [c87c9c9b-0dcf-4ff5-9ac0-81ac60eec9d8@group-91D5057DB33D-LeaderElection35] INFO  impl.RoleInfo (RoleInfo.java:updateAndGet(143)) - c87c9c9b-0dcf-4ff5-9ac0-81ac60eec9d8: start LeaderState
2019-10-03 08:43:01,199 [c87c9c9b-0dcf-4ff5-9ac0-81ac60eec9d8@group-91D5057DB33D-LeaderElection35] INFO  segmented.SegmentedRaftLogWorker (SegmentedRaftLogWorker.java:rollLogSegment(390)) - c87c9c9b-0dcf-4ff5-9ac0-81ac60eec9d8@group-91D5057DB33D-SegmentedRaftLogWorker: Rolling segment log-0_0 to index:0
2019-10-03 08:43:01,202 [c87c9c9b-0dcf-4ff5-9ac0-81ac60eec9d8@group-91D5057DB33D-LeaderElection35] INFO  impl.RaftServerImpl (ServerState.java:setRaftConf(356)) - c87c9c9b-0dcf-4ff5-9ac0-81ac60eec9d8@group-91D5057DB33D: set configuration 1: [e7a3cf27-7796-4558-9a9d-ccb0a118d6f3:192.168.151.103:44168, 63cb16dc-568f-4f90-a87b-96e9755fb6cd:192.168.151.103:39945, c87c9c9b-0dcf-4ff5-9ac0-81ac60eec9d8:192.168.151.103:35284], old=null at 1
2019-10-03 08:43:01,203 [grpc-default-executor-0] WARN  server.GrpcLogAppender (LogUtils.java:warn(134)) - c87c9c9b-0dcf-4ff5-9ac0-81ac60eec9d8@group-91D5057DB33D->63cb16dc-568f-4f90-a87b-96e9755fb6cd-AppendLogResponseHandler: Failed appendEntries: org.apache.ratis.thirdparty.io.grpc.StatusRuntimeException: UNAVAILABLE: io exception
2019-10-03 08:43:01,205 [grpc-default-executor-0] INFO  impl.FollowerInfo (FollowerInfo.java:lambda$new$0(51)) - c87c9c9b-0dcf-4ff5-9ac0-81ac60eec9d8@group-91D5057DB33D->63cb16dc-568f-4f90-a87b-96e9755fb6cd: nextIndex: updateUnconditionally 1 -> 0
2019-10-03 08:43:01,205 [grpc-default-executor-0] INFO  impl.RaftServerImpl (ServerState.java:setLeader(255)) - e7a3cf27-7796-4558-9a9d-ccb0a118d6f3@group-91D5057DB33D: change Leader from null to c87c9c9b-0dcf-4ff5-9ac0-81ac60eec9d8 at term 2 for appendEntries, leader elected after 34ms
2019-10-03 08:43:01,206 [c87c9c9b-0dcf-4ff5-9ac0-81ac60eec9d8@group-91D5057DB33D-SegmentedRaftLogWorker] INFO  segmented.SegmentedRaftLogWorker (SegmentedRaftLogWorker.java:execute(531)) - c87c9c9b-0dcf-4ff5-9ac0-81ac60eec9d8@group-91D5057DB33D-SegmentedRaftLogWorker: Rolled log segment from /workdir/hadoop-ozone/integration-test/target/test-dir/MiniOzoneClusterImpl-ff2e4020-2730-403c-aff1-c870d58b142c/datanode-0/data/ratis/178eeac1-aed5-4a2e-af40-91d5057db33d/current/log_inprogress_0 to /workdir/hadoop-ozone/integration-test/target/test-dir/MiniOzoneClusterImpl-ff2e4020-2730-403c-aff1-c870d58b142c/datanode-0/data/ratis/178eeac1-aed5-4a2e-af40-91d5057db33d/current/log_0-0
2019-10-03 08:43:01,208 [grpc-default-executor-0] INFO  impl.RaftServerImpl (ServerState.java:setRaftConf(356)) - e7a3cf27-7796-4558-9a9d-ccb0a118d6f3@group-91D5057DB33D: set configuration 1: [e7a3cf27-7796-4558-9a9d-ccb0a118d6f3:192.168.151.103:44168, 63cb16dc-568f-4f90-a87b-96e9755fb6cd:192.168.151.103:39945, c87c9c9b-0dcf-4ff5-9ac0-81ac60eec9d8:192.168.151.103:35284], old=null at 1
2019-10-03 08:43:01,209 [grpc-default-executor-0] INFO  segmented.SegmentedRaftLogWorker (SegmentedRaftLogWorker.java:rollLogSegment(390)) - e7a3cf27-7796-4558-9a9d-ccb0a118d6f3@group-91D5057DB33D-SegmentedRaftLogWorker: Rolling segment log-0_0 to index:0
2019-10-03 08:43:01,209 [e7a3cf27-7796-4558-9a9d-ccb0a118d6f3@group-91D5057DB33D-SegmentedRaftLogWorker] INFO  segmented.SegmentedRaftLogWorker (SegmentedRaftLogWorker.java:execute(531)) - e7a3cf27-7796-4558-9a9d-ccb0a118d6f3@group-91D5057DB33D-SegmentedRaftLogWorker: Rolled log segment from /workdir/hadoop-ozone/integration-test/target/test-dir/MiniOzoneClusterImpl-ff2e4020-2730-403c-aff1-c870d58b142c/datanode-5/data/ratis/178eeac1-aed5-4a2e-af40-91d5057db33d/current/log_inprogress_0 to /workdir/hadoop-ozone/integration-test/target/test-dir/MiniOzoneClusterImpl-ff2e4020-2730-403c-aff1-c870d58b142c/datanode-5/data/ratis/178eeac1-aed5-4a2e-af40-91d5057db33d/current/log_0-0
2019-10-03 08:43:01,260 [c87c9c9b-0dcf-4ff5-9ac0-81ac60eec9d8@group-91D5057DB33D-SegmentedRaftLogWorker] INFO  segmented.SegmentedRaftLogWorker (SegmentedRaftLogWorker.java:execute(574)) - c87c9c9b-0dcf-4ff5-9ac0-81ac60eec9d8@group-91D5057DB33D-SegmentedRaftLogWorker: created new log segment /workdir/hadoop-ozone/integration-test/target/test-dir/MiniOzoneClusterImpl-ff2e4020-2730-403c-aff1-c870d58b142c/datanode-0/data/ratis/178eeac1-aed5-4a2e-af40-91d5057db33d/current/log_inprogress_1
2019-10-03 08:43:01,297 [e7a3cf27-7796-4558-9a9d-ccb0a118d6f3@group-91D5057DB33D-SegmentedRaftLogWorker] INFO  segmented.SegmentedRaftLogWorker (SegmentedRaftLogWorker.java:execute(574)) - e7a3cf27-7796-4558-9a9d-ccb0a118d6f3@group-91D5057DB33D-SegmentedRaftLogWorker: created new log segment /workdir/hadoop-ozone/integration-test/target/test-dir/MiniOzoneClusterImpl-ff2e4020-2730-403c-aff1-c870d58b142c/datanode-5/data/ratis/178eeac1-aed5-4a2e-af40-91d5057db33d/current/log_inprogress_1
2019-10-03 08:43:01,315 [grpc-default-executor-2] WARN  server.GrpcLogAppender (LogUtils.java:warn(134)) - c87c9c9b-0dcf-4ff5-9ac0-81ac60eec9d8@group-91D5057DB33D->63cb16dc-568f-4f90-a87b-96e9755fb6cd-AppendLogResponseHandler: Failed appendEntries: org.apache.ratis.thirdparty.io.grpc.StatusRuntimeException: UNAVAILABLE: io exception
2019-10-03 08:43:01,315 [grpc-default-executor-2] INFO  impl.FollowerInfo (FollowerInfo.java:lambda$new$0(51)) - c87c9c9b-0dcf-4ff5-9ac0-81ac60eec9d8@group-91D5057DB33D->63cb16dc-568f-4f90-a87b-96e9755fb6cd: nextIndex: updateUnconditionally 1 -> 0
2019-10-03 08:43:01,327 [grpc-default-executor-0] WARN  server.GrpcLogAppender (LogUtils.java:warn(134)) - c87c9c9b-0dcf-4ff5-9ac0-81ac60eec9d8@group-91D5057DB33D->63cb16dc-568f-4f90-a87b-96e9755fb6cd-AppendLogResponseHandler: Failed appendEntries: org.apache.ratis.thirdparty.io.grpc.StatusRuntimeException: UNAVAILABLE: io exception
2019-10-03 08:43:01,328 [grpc-default-executor-0] INFO  impl.FollowerInfo (FollowerInfo.java:lambda$new$0(51)) - c87c9c9b-0dcf-4ff5-9ac0-81ac60eec9d8@group-91D5057DB33D->63cb16dc-568f-4f90-a87b-96e9755fb6cd: nextIndex: updateUnconditionally 1 -> 0
2019-10-03 08:43:02,381 [ForkJoinPool.commonPool-worker-1] INFO  ozoneimpl.OzoneContainer (OzoneContainer.java:stop(231)) - Attempting to stop container services.
2019-10-03 08:43:02,382 [ForkJoinPool.commonPool-worker-1] INFO  impl.RaftServerProxy (RaftServerProxy.java:lambda$close$4(314)) - c87c9c9b-0dcf-4ff5-9ac0-81ac60eec9d8: close
2019-10-03 08:43:02,382 [ForkJoinPool.commonPool-worker-1] INFO  impl.RaftServerImpl (RaftServerImpl.java:lambda$shutdown$3(247)) - c87c9c9b-0dcf-4ff5-9ac0-81ac60eec9d8@group-91D5057DB33D: shutdown
2019-10-03 08:43:02,382 [ForkJoinPool.commonPool-worker-1] INFO  util.JmxRegister (JmxRegister.java:unregister(73)) - Successfully un-registered JMX Bean with object name Ratis:service=RaftServer,group=group-91D5057DB33D,id=c87c9c9b-0dcf-4ff5-9ac0-81ac60eec9d8
2019-10-03 08:43:02,383 [ForkJoinPool.commonPool-worker-1] INFO  impl.RoleInfo (RoleInfo.java:shutdownLeaderState(104)) - c87c9c9b-0dcf-4ff5-9ac0-81ac60eec9d8: shutdown LeaderState
2019-10-03 08:43:02,386 [ForkJoinPool.commonPool-worker-1] INFO  impl.PendingRequests (PendingRequests.java:sendNotLeaderResponses(202)) - c87c9c9b-0dcf-4ff5-9ac0-81ac60eec9d8@group-91D5057DB33D-PendingRequests: sendNotLeaderResponses
2019-10-03 08:43:02,386 [main] INFO  ozoneimpl.OzoneContainer (OzoneContainer.java:stop(231)) - Attempting to stop container services.
2019-10-03 08:43:02,386 [org.apache.ratis.server.impl.LogAppender$AppenderDaemon$$Lambda$515/1492216709@5e8f1fc5] WARN  server.GrpcLogAppender (GrpcLogAppender.java:mayWait(143)) - c87c9c9b-0dcf-4ff5-9ac0-81ac60eec9d8@group-91D5057DB33D->63cb16dc-568f-4f90-a87b-96e9755fb6cd-GrpcLogAppender: Wait interrupted by java.lang.InterruptedException
2019-10-03 08:43:02,386 [org.apache.ratis.server.impl.LogAppender$AppenderDaemon$$Lambda$515/1492216709@2dc0fbf4] WARN  server.GrpcLogAppender (GrpcLogAppender.java:mayWait(143)) - c87c9c9b-0dcf-4ff5-9ac0-81ac60eec9d8@group-91D5057DB33D->e7a3cf27-7796-4558-9a9d-ccb0a118d6f3-GrpcLogAppender: Wait interrupted by java.lang.InterruptedException
2019-10-03 08:43:02,390 [main] INFO  impl.RaftServerProxy (RaftServerProxy.java:lambda$close$4(314)) - 34eb5b7b-c53e-443a-a410-ed0021cc1a35: close
2019-10-03 08:43:02,389 [ForkJoinPool.commonPool-worker-1] INFO  impl.StateMachineUpdater (StateMachineUpdater.java:stopAndJoin(136)) - c87c9c9b-0dcf-4ff5-9ac0-81ac60eec9d8@group-91D5057DB33D-StateMachineUpdater: set stopIndex = 2
2019-10-03 08:43:02,390 [main] INFO  impl.RaftServerImpl (RaftServerImpl.java:lambda$shutdown$3(247)) - 34eb5b7b-c53e-443a-a410-ed0021cc1a35@group-578B7A3A0BC1: shutdown
2019-10-03 08:43:02,391 [ForkJoinPool.commonPool-worker-1] INFO  impl.RaftServerImpl (ServerState.java:close(387)) - c87c9c9b-0dcf-4ff5-9ac0-81ac60eec9d8@group-91D5057DB33D: closes. applyIndex: 2
2019-10-03 08:43:02,391 [grpc-default-executor-0] INFO  server.GrpcServerProtocolService (GrpcServerProtocolService.java:onCompleted(113)) - e7a3cf27-7796-4558-9a9d-ccb0a118d6f3: Completed APPEND_ENTRIES, lastRequest: c87c9c9b-0dcf-4ff5-9ac0-81ac60eec9d8->e7a3cf27-7796-4558-9a9d-ccb0a118d6f3#2-t2, previous=(t:2, i:1), leaderCommit=1, initializing? false, entries: size=1, first=(t:2, i:2), METADATAENTRY(c1)
2019-10-03 08:43:02,391 [main] INFO  util.JmxRegister (JmxRegister.java:unregister(73)) - Successfully un-registered JMX Bean with object name Ratis:service=RaftServer,group=group-578B7A3A0BC1,id=34eb5b7b-c53e-443a-a410-ed0021cc1a35
2019-10-03 08:43:02,391 [c87c9c9b-0dcf-4ff5-9ac0-81ac60eec9d8@group-91D5057DB33D-SegmentedRaftLogWorker] INFO  segmented.SegmentedRaftLogWorker (SegmentedRaftLogWorker.java:run(316)) - c87c9c9b-0dcf-4ff5-9ac0-81ac60eec9d8@group-91D5057DB33D-SegmentedRaftLogWorker was interrupted, exiting. There are 0 tasks remaining in the queue.
2019-10-03 08:43:02,392 [main] INFO  impl.RoleInfo (RoleInfo.java:shutdownLeaderState(104)) - 34eb5b7b-c53e-443a-a410-ed0021cc1a35: shutdown LeaderState
2019-10-03 08:43:02,393 [grpc-default-executor-0] INFO  server.GrpcLogAppender (GrpcLogAppender.java:onCompleted(293)) - c87c9c9b-0dcf-4ff5-9ac0-81ac60eec9d8@group-91D5057DB33D->e7a3cf27-7796-4558-9a9d-ccb0a118d6f3-AppendLogResponseHandler: follower responses appendEntries COMPLETED
2019-10-03 08:43:02,394 [main] INFO  impl.PendingRequests (PendingRequests.java:sendNotLeaderResponses(202)) - 34eb5b7b-c53e-443a-a410-ed0021cc1a35@group-578B7A3A0BC1-PendingRequests: sendNotLeaderResponses
2019-10-03 08:43:02,394 [ForkJoinPool.commonPool-worker-1] INFO  segmented.SegmentedRaftLogWorker (SegmentedRaftLogWorker.java:close(224)) - c87c9c9b-0dcf-4ff5-9ac0-81ac60eec9d8@group-91D5057DB33D-SegmentedRaftLogWorker close()
2019-10-03 08:43:02,394 [main] INFO  impl.StateMachineUpdater (StateMachineUpdater.java:stopAndJoin(136)) - 34eb5b7b-c53e-443a-a410-ed0021cc1a35@group-578B7A3A0BC1-StateMachineUpdater: set stopIndex = 0
2019-10-03 08:43:02,396 [ForkJoinPool.commonPool-worker-1] INFO  impl.RaftServerImpl (RaftServerImpl.java:lambda$shutdown$3(247)) - c87c9c9b-0dcf-4ff5-9ac0-81ac60eec9d8@group-F5771C9CC394: shutdown
2019-10-03 08:43:02,394 [grpc-default-executor-0] INFO  impl.FollowerInfo (FollowerInfo.java:lambda$new$0(51)) - c87c9c9b-0dcf-4ff5-9ac0-81ac60eec9d8@group-91D5057DB33D->e7a3cf27-7796-4558-9a9d-ccb0a118d6f3: nextIndex: updateUnconditionally 3 -> 2
2019-10-03 08:43:02,396 [ForkJoinPool.commonPool-worker-1] INFO  util.JmxRegister (JmxRegister.java:unregister(73)) - Successfully un-registered JMX Bean with object name Ratis:service=RaftServer,group=group-F5771C9CC394,id=c87c9c9b-0dcf-4ff5-9ac0-81ac60eec9d8
2019-10-03 08:43:02,397 [ForkJoinPool.commonPool-worker-1] INFO  impl.RoleInfo (RoleInfo.java:shutdownLeaderState(104)) - c87c9c9b-0dcf-4ff5-9ac0-81ac60eec9d8: shutdown LeaderState
2019-10-03 08:43:02,396 [main] INFO  impl.RaftServerImpl (ServerState.java:close(387)) - 34eb5b7b-c53e-443a-a410-ed0021cc1a35@group-578B7A3A0BC1: closes. applyIndex: 0
2019-10-03 08:43:02,397 [ForkJoinPool.commonPool-worker-1] INFO  impl.PendingRequests (PendingRequests.java:sendNotLeaderResponses(202)) - c87c9c9b-0dcf-4ff5-9ac0-81ac60eec9d8@group-F5771C9CC394-PendingRequests: sendNotLeaderResponses
2019-10-03 08:43:02,398 [34eb5b7b-c53e-443a-a410-ed0021cc1a35@group-578B7A3A0BC1-SegmentedRaftLogWorker] INFO  segmented.SegmentedRaftLogWorker (SegmentedRaftLogWorker.java:run(316)) - 34eb5b7b-c53e-443a-a410-ed0021cc1a35@group-578B7A3A0BC1-SegmentedRaftLogWorker was interrupted, exiting. There are 0 tasks remaining in the queue.
2019-10-03 08:43:02,399 [main] INFO  segmented.SegmentedRaftLogWorker (SegmentedRaftLogWorker.java:close(224)) - 34eb5b7b-c53e-443a-a410-ed0021cc1a35@group-578B7A3A0BC1-SegmentedRaftLogWorker close()
2019-10-03 08:43:02,399 [ForkJoinPool.commonPool-worker-1] INFO  impl.StateMachineUpdater (StateMachineUpdater.java:stopAndJoin(136)) - c87c9c9b-0dcf-4ff5-9ac0-81ac60eec9d8@group-F5771C9CC394-StateMachineUpdater: set stopIndex = 0
2019-10-03 08:43:02,408 [main] INFO  server.GrpcService (GrpcService.java:closeImpl(164)) - 34eb5b7b-c53e-443a-a410-ed0021cc1a35: shutdown server with port 33792 now
2019-10-03 08:43:02,408 [ForkJoinPool.commonPool-worker-1] INFO  impl.RaftServerImpl (ServerState.java:close(387)) - c87c9c9b-0dcf-4ff5-9ac0-81ac60eec9d8@group-F5771C9CC394: closes. applyIndex: 0
2019-10-03 08:43:02,410 [main] INFO  server.GrpcService (GrpcService.java:closeImpl(172)) - 34eb5b7b-c53e-443a-a410-ed0021cc1a35: shutdown server with port 33792 successfully
2019-10-03 08:43:02,410 [c87c9c9b-0dcf-4ff5-9ac0-81ac60eec9d8@group-F5771C9CC394-SegmentedRaftLogWorker] INFO  segmented.SegmentedRaftLogWorker (SegmentedRaftLogWorker.java:run(316)) - c87c9c9b-0dcf-4ff5-9ac0-81ac60eec9d8@group-F5771C9CC394-SegmentedRaftLogWorker was interrupted, exiting. There are 0 tasks remaining in the queue.
2019-10-03 08:43:02,410 [ForkJoinPool.commonPool-worker-1] INFO  segmented.SegmentedRaftLogWorker (SegmentedRaftLogWorker.java:close(224)) - c87c9c9b-0dcf-4ff5-9ac0-81ac60eec9d8@group-F5771C9CC394-SegmentedRaftLogWorker close()
2019-10-03 08:43:02,411 [ForkJoinPool.commonPool-worker-1] INFO  server.GrpcService (GrpcService.java:closeImpl(164)) - c87c9c9b-0dcf-4ff5-9ac0-81ac60eec9d8: shutdown server with port 35284 now
2019-10-03 08:43:02,411 [ForkJoinPool.commonPool-worker-1] INFO  server.GrpcService (GrpcService.java:closeImpl(172)) - c87c9c9b-0dcf-4ff5-9ac0-81ac60eec9d8: shutdown server with port 35284 successfully
2019-10-03 08:43:02,414 [refreshUsed-/workdir/hadoop-ozone/integration-test/target/test-dir/MiniOzoneClusterImpl-ff2e4020-2730-403c-aff1-c870d58b142c/datanode-0/data/containers] WARN  fs.CachingGetSpaceUsed (CachingGetSpaceUsed.java:run(183)) - Thread Interrupted waiting to refresh disk information: sleep interrupted
2019-10-03 08:43:02,417 [refreshUsed-/workdir/hadoop-ozone/integration-test/target/test-dir/MiniOzoneClusterImpl-ff2e4020-2730-403c-aff1-c870d58b142c/datanode-6/data/containers] WARN  fs.CachingGetSpaceUsed (CachingGetSpaceUsed.java:run(183)) - Thread Interrupted waiting to refresh disk information: sleep interrupted
2019-10-03 08:43:02,432 [main] INFO  utils.BackgroundService (BackgroundService.java:shutdown(148)) - Shutting down service BlockDeletingService
2019-10-03 08:43:02,435 [main] INFO  statemachine.DatanodeStateMachine (DatanodeStateMachine.java:stopDaemon(395)) - Ozone container server stopped.
2019-10-03 08:43:02,436 [main] INFO  handler.ContextHandler (ContextHandler.java:doStop(910)) - Stopped o.e.j.w.WebAppContext@3b83459e{/,null,UNAVAILABLE}{/hddsDatanode}
2019-10-03 08:43:02,437 [ForkJoinPool.commonPool-worker-1] INFO  utils.BackgroundService (BackgroundService.java:shutdown(148)) - Shutting down service BlockDeletingService
2019-10-03 08:43:02,439 [main] INFO  server.AbstractConnector (AbstractConnector.java:doStop(318)) - Stopped ServerConnector@32118208{HTTP/1.1,[http/1.1]}{0.0.0.0:0}
2019-10-03 08:43:02,440 [ForkJoinPool.commonPool-worker-1] INFO  statemachine.DatanodeStateMachine (DatanodeStateMachine.java:stopDaemon(395)) - Ozone container server stopped.
2019-10-03 08:43:02,440 [main] INFO  handler.ContextHandler (ContextHandler.java:doStop(910)) - Stopped o.e.j.s.ServletContextHandler@642ee49c{/static,jar:file:/home/user/.m2/repository/org/apache/hadoop/hadoop-hdds-container-service/0.5.0-SNAPSHOT/hadoop-hdds-container-service-0.5.0-SNAPSHOT.jar!/webapps/static,UNAVAILABLE}
2019-10-03 08:43:02,442 [main] INFO  handler.ContextHandler (ContextHandler.java:doStop(910)) - Stopped o.e.j.s.ServletContextHandler@781711b7{/logs,file:///workdir/hadoop-ozone/integration-test/target/log,UNAVAILABLE}
2019-10-03 08:43:02,443 [ForkJoinPool.commonPool-worker-1] INFO  handler.ContextHandler (ContextHandler.java:doStop(910)) - Stopped o.e.j.w.WebAppContext@7ddd84b5{/,null,UNAVAILABLE}{/hddsDatanode}
2019-10-03 08:43:02,444 [ForkJoinPool.commonPool-worker-1] INFO  server.AbstractConnector (AbstractConnector.java:doStop(318)) - Stopped ServerConnector@73aeef7d{HTTP/1.1,[http/1.1]}{0.0.0.0:0}
2019-10-03 08:43:02,445 [ForkJoinPool.commonPool-worker-1] INFO  handler.ContextHandler (ContextHandler.java:doStop(910)) - Stopped o.e.j.s.ServletContextHandler@9301672{/static,jar:file:/home/user/.m2/repository/org/apache/hadoop/hadoop-hdds-container-service/0.5.0-SNAPSHOT/hadoop-hdds-container-service-0.5.0-SNAPSHOT.jar!/webapps/static,UNAVAILABLE}
2019-10-03 08:43:02,446 [ForkJoinPool.commonPool-worker-1] INFO  handler.ContextHandler (ContextHandler.java:doStop(910)) - Stopped o.e.j.s.ServletContextHandler@2bfaba70{/logs,file:///workdir/hadoop-ozone/integration-test/target/log,UNAVAILABLE}
2019-10-03 08:43:02,571 [Datanode State Machine Thread - 0] INFO  statemachine.DatanodeStateMachine (DatanodeStateMachine.java:lambda$startDaemon$0(350)) - Ozone container server started.
2019-10-03 08:43:07,446 [main] INFO  ozoneimpl.OzoneContainer (OzoneContainer.java:stop(231)) - Attempting to stop container services.
2019-10-03 08:43:07,451 [main] INFO  impl.RaftServerProxy (RaftServerProxy.java:lambda$close$4(314)) - e7a3cf27-7796-4558-9a9d-ccb0a118d6f3: close
2019-10-03 08:43:07,452 [main] INFO  impl.RaftServerImpl (RaftServerImpl.java:lambda$shutdown$3(247)) - e7a3cf27-7796-4558-9a9d-ccb0a118d6f3@group-91D5057DB33D: shutdown
2019-10-03 08:43:07,453 [main] INFO  util.JmxRegister (JmxRegister.java:unregister(73)) - Successfully un-registered JMX Bean with object name Ratis:service=RaftServer,group=group-91D5057DB33D,id=e7a3cf27-7796-4558-9a9d-ccb0a118d6f3
2019-10-03 08:43:07,454 [main] INFO  impl.RoleInfo (RoleInfo.java:shutdownFollowerState(121)) - e7a3cf27-7796-4558-9a9d-ccb0a118d6f3: shutdown FollowerState
2019-10-03 08:43:07,455 [Thread-1394] INFO  impl.FollowerState (FollowerState.java:run(117)) - e7a3cf27-7796-4558-9a9d-ccb0a118d6f3@group-91D5057DB33D-FollowerState was interrupted: java.lang.InterruptedException: sleep interrupted
2019-10-03 08:43:07,455 [main] INFO  impl.StateMachineUpdater (StateMachineUpdater.java:stopAndJoin(136)) - e7a3cf27-7796-4558-9a9d-ccb0a118d6f3@group-91D5057DB33D-StateMachineUpdater: set stopIndex = 1
2019-10-03 08:43:07,458 [main] INFO  impl.RaftServerImpl (ServerState.java:close(387)) - e7a3cf27-7796-4558-9a9d-ccb0a118d6f3@group-91D5057DB33D: closes. applyIndex: 1
2019-10-03 08:43:07,459 [e7a3cf27-7796-4558-9a9d-ccb0a118d6f3@group-91D5057DB33D-SegmentedRaftLogWorker] INFO  segmented.SegmentedRaftLogWorker (SegmentedRaftLogWorker.java:run(316)) - e7a3cf27-7796-4558-9a9d-ccb0a118d6f3@group-91D5057DB33D-SegmentedRaftLogWorker was interrupted, exiting. There are 0 tasks remaining in the queue.
2019-10-03 08:43:07,459 [main] INFO  segmented.SegmentedRaftLogWorker (SegmentedRaftLogWorker.java:close(224)) - e7a3cf27-7796-4558-9a9d-ccb0a118d6f3@group-91D5057DB33D-SegmentedRaftLogWorker close()
2019-10-03 08:43:07,460 [main] INFO  impl.RaftServerImpl (RaftServerImpl.java:lambda$shutdown$3(247)) - e7a3cf27-7796-4558-9a9d-ccb0a118d6f3@group-1047293B6B4B: shutdown
2019-10-03 08:43:07,461 [main] INFO  util.JmxRegister (JmxRegister.java:unregister(73)) - Successfully un-registered JMX Bean with object name Ratis:service=RaftServer,group=group-1047293B6B4B,id=e7a3cf27-7796-4558-9a9d-ccb0a118d6f3
2019-10-03 08:43:07,461 [main] INFO  impl.RoleInfo (RoleInfo.java:shutdownLeaderState(104)) - e7a3cf27-7796-4558-9a9d-ccb0a118d6f3: shutdown LeaderState
2019-10-03 08:43:07,462 [main] INFO  impl.PendingRequests (PendingRequests.java:sendNotLeaderResponses(202)) - e7a3cf27-7796-4558-9a9d-ccb0a118d6f3@group-1047293B6B4B-PendingRequests: sendNotLeaderResponses
2019-10-03 08:43:07,463 [main] INFO  impl.StateMachineUpdater (StateMachineUpdater.java:stopAndJoin(136)) - e7a3cf27-7796-4558-9a9d-ccb0a118d6f3@group-1047293B6B4B-StateMachineUpdater: set stopIndex = 0
2019-10-03 08:43:07,463 [main] INFO  impl.RaftServerImpl (ServerState.java:close(387)) - e7a3cf27-7796-4558-9a9d-ccb0a118d6f3@group-1047293B6B4B: closes. applyIndex: 0
2019-10-03 08:43:07,464 [e7a3cf27-7796-4558-9a9d-ccb0a118d6f3@group-1047293B6B4B-SegmentedRaftLogWorker] INFO  segmented.SegmentedRaftLogWorker (SegmentedRaftLogWorker.java:run(316)) - e7a3cf27-7796-4558-9a9d-ccb0a118d6f3@group-1047293B6B4B-SegmentedRaftLogWorker was interrupted, exiting. There are 0 tasks remaining in the queue.
2019-10-03 08:43:07,464 [main] INFO  segmented.SegmentedRaftLogWorker (SegmentedRaftLogWorker.java:close(224)) - e7a3cf27-7796-4558-9a9d-ccb0a118d6f3@group-1047293B6B4B-SegmentedRaftLogWorker close()
2019-10-03 08:43:07,465 [main] INFO  server.GrpcService (GrpcService.java:closeImpl(164)) - e7a3cf27-7796-4558-9a9d-ccb0a118d6f3: shutdown server with port 44168 now
2019-10-03 08:43:07,466 [main] INFO  server.GrpcService (GrpcService.java:closeImpl(172)) - e7a3cf27-7796-4558-9a9d-ccb0a118d6f3: shutdown server with port 44168 successfully
2019-10-03 08:43:07,474 [refreshUsed-/workdir/hadoop-ozone/integration-test/target/test-dir/MiniOzoneClusterImpl-ff2e4020-2730-403c-aff1-c870d58b142c/datanode-5/data/containers] WARN  fs.CachingGetSpaceUsed (CachingGetSpaceUsed.java:run(183)) - Thread Interrupted waiting to refresh disk information: sleep interrupted
2019-10-03 08:43:07,493 [main] INFO  utils.BackgroundService (BackgroundService.java:shutdown(148)) - Shutting down service BlockDeletingService
2019-10-03 08:43:07,497 [main] INFO  statemachine.DatanodeStateMachine (DatanodeStateMachine.java:stopDaemon(395)) - Ozone container server stopped.
2019-10-03 08:43:07,499 [main] INFO  handler.ContextHandler (ContextHandler.java:doStop(910)) - Stopped o.e.j.w.WebAppContext@65afeb6d{/,null,UNAVAILABLE}{/hddsDatanode}
2019-10-03 08:43:07,500 [main] INFO  server.AbstractConnector (AbstractConnector.java:doStop(318)) - Stopped ServerConnector@6723610b{HTTP/1.1,[http/1.1]}{0.0.0.0:0}
2019-10-03 08:43:07,500 [main] INFO  handler.ContextHandler (ContextHandler.java:doStop(910)) - Stopped o.e.j.s.ServletContextHandler@45545e7a{/static,jar:file:/home/user/.m2/repository/org/apache/hadoop/hadoop-hdds-container-service/0.5.0-SNAPSHOT/hadoop-hdds-container-service-0.5.0-SNAPSHOT.jar!/webapps/static,UNAVAILABLE}
2019-10-03 08:43:07,500 [main] INFO  handler.ContextHandler (ContextHandler.java:doStop(910)) - Stopped o.e.j.s.ServletContextHandler@3e05586b{/logs,file:///workdir/hadoop-ozone/integration-test/target/log,UNAVAILABLE}
2019-10-03 08:43:07,502 [main] INFO  ozone.MiniOzoneClusterImpl (MiniOzoneClusterImpl.java:stopSCM(392)) - Stopping the StorageContainerManager
2019-10-03 08:43:07,502 [main] INFO  server.StorageContainerManager (StorageContainerManager.java:stop(808)) - Stopping Replication Manager Service.
2019-10-03 08:43:07,503 [main] INFO  container.ReplicationManager (ReplicationManager.java:stop(203)) - Stopping Replication Monitor Thread.
2019-10-03 08:43:07,503 [main] INFO  server.StorageContainerManager (StorageContainerManager.java:stop(815)) - Stopping Lease Manager of the command watchers
2019-10-03 08:43:07,503 [main] INFO  server.StorageContainerManager (StorageContainerManager.java:stop(822)) - Stopping datanode service RPC server
2019-10-03 08:43:07,503 [main] INFO  server.SCMDatanodeProtocolServer (SCMDatanodeProtocolServer.java:stop(346)) - Stopping the RPC server for DataNodes
2019-10-03 08:43:07,503 [main] INFO  ipc.Server (Server.java:stop(3082)) - Stopping server on 38612
2019-10-03 08:43:07,505 [IPC Server listener on 38612] INFO  ipc.Server (Server.java:run(1185)) - Stopping IPC Server listener on 38612
2019-10-03 08:43:07,506 [IPC Server Responder] INFO  ipc.Server (Server.java:run(1319)) - Stopping IPC Server Responder
2019-10-03 08:43:07,557 [SCM Heartbeat Processing Thread - 0] WARN  node.NodeStateManager (NodeStateManager.java:scheduleNextHealthCheck(646)) - Current Thread is interrupted, shutting down HB processing thread for Node Manager.
2019-10-03 08:43:07,557 [main] INFO  server.StorageContainerManager (StorageContainerManager.java:stop(830)) - Stopping block service RPC server
2019-10-03 08:43:07,557 [main] INFO  server.SCMBlockProtocolServer (SCMBlockProtocolServer.java:stop(155)) - Stopping the RPC server for Block Protocol
2019-10-03 08:43:07,558 [main] INFO  ipc.Server (Server.java:stop(3082)) - Stopping server on 46587
2019-10-03 08:43:07,561 [IPC Server listener on 46587] INFO  ipc.Server (Server.java:run(1185)) - Stopping IPC Server listener on 46587
2019-10-03 08:43:07,561 [IPC Server Responder] INFO  ipc.Server (Server.java:run(1319)) - Stopping IPC Server Responder
2019-10-03 08:43:07,561 [main] INFO  server.StorageContainerManager (StorageContainerManager.java:stop(837)) - Stopping the StorageContainerLocationProtocol RPC server
2019-10-03 08:43:07,562 [main] INFO  server.SCMClientProtocolServer (SCMClientProtocolServer.java:stop(168)) - Stopping the RPC server for Client Protocol
2019-10-03 08:43:07,562 [main] INFO  ipc.Server (Server.java:stop(3082)) - Stopping server on 38077
2019-10-03 08:43:07,565 [IPC Server listener on 38077] INFO  ipc.Server (Server.java:run(1185)) - Stopping IPC Server listener on 38077
2019-10-03 08:43:07,565 [main] INFO  server.StorageContainerManager (StorageContainerManager.java:stop(844)) - Stopping Storage Container Manager HTTP server.
2019-10-03 08:43:07,566 [IPC Server Responder] INFO  ipc.Server (Server.java:run(1319)) - Stopping IPC Server Responder
2019-10-03 08:43:07,567 [main] INFO  handler.ContextHandler (ContextHandler.java:doStop(910)) - Stopped o.e.j.w.WebAppContext@345d053b{/,null,UNAVAILABLE}{/scm}
2019-10-03 08:43:07,568 [main] INFO  server.AbstractConnector (AbstractConnector.java:doStop(318)) - Stopped ServerConnector@3d0cac1f{HTTP/1.1,[http/1.1]}{0.0.0.0:0}
2019-10-03 08:43:07,569 [main] INFO  handler.ContextHandler (ContextHandler.java:doStop(910)) - Stopped o.e.j.s.ServletContextHandler@5b9499fe{/static,file:///workdir/hadoop-ozone/integration-test/target/test-classes/webapps/static,UNAVAILABLE}
2019-10-03 08:43:07,569 [main] INFO  handler.ContextHandler (ContextHandler.java:doStop(910)) - Stopped o.e.j.s.ServletContextHandler@abbe000{/logs,file:///workdir/hadoop-ozone/integration-test/target/log,UNAVAILABLE}
2019-10-03 08:43:07,570 [main] INFO  server.StorageContainerManager (StorageContainerManager.java:stop(855)) - Stopping Block Manager Service.
2019-10-03 08:43:07,570 [main] INFO  utils.BackgroundService (BackgroundService.java:shutdown(148)) - Shutting down service SCMBlockDeletingService
2019-10-03 08:43:07,571 [main] INFO  utils.BackgroundService (BackgroundService.java:shutdown(148)) - Shutting down service SCMBlockDeletingService
2019-10-03 08:43:07,571 [main] INFO  server.StorageContainerManager (StorageContainerManager.java:stop(877)) - Stopping SCM Event Queue.
2019-10-03 08:43:07,579 [main] INFO  impl.MetricsSystemImpl (MetricsSystemImpl.java:stop(210)) - Stopping HddsDatanode metrics system...
2019-10-03 08:43:07,602 [main] INFO  impl.MetricsSystemImpl (MetricsSystemImpl.java:stop(216)) - HddsDatanode metrics system stopped.
]]></system-out>
    <system-err><![CDATA[Oct 03, 2019 8:42:52 AM org.apache.ratis.thirdparty.io.grpc.internal.SerializingExecutor run
SEVERE: Exception while executing runnable org.apache.ratis.thirdparty.io.grpc.internal.ServerImpl$JumpToApplicationThreadServerStreamListener$1Closed@10e3a119
org.apache.ratis.thirdparty.io.grpc.StatusRuntimeException: CANCELLED: call already cancelled
	at org.apache.ratis.thirdparty.io.grpc.Status.asRuntimeException(Status.java:517)
	at org.apache.ratis.thirdparty.io.grpc.stub.ServerCalls$ServerCallStreamObserverImpl.onCompleted(ServerCalls.java:356)
	at org.apache.ratis.grpc.server.GrpcServerProtocolService$ServerRequestStreamObserver.onError(GrpcServerProtocolService.java:121)
	at org.apache.ratis.thirdparty.io.grpc.stub.ServerCalls$StreamingServerCallHandler$StreamingServerCallListener.onCancel(ServerCalls.java:269)
	at org.apache.ratis.thirdparty.io.grpc.internal.ServerCallImpl$ServerStreamListenerImpl.closed(ServerCallImpl.java:293)
	at org.apache.ratis.thirdparty.io.grpc.internal.ServerImpl$JumpToApplicationThreadServerStreamListener$1Closed.runInContext(ServerImpl.java:741)
	at org.apache.ratis.thirdparty.io.grpc.internal.ContextRunnable.run(ContextRunnable.java:37)
	at org.apache.ratis.thirdparty.io.grpc.internal.SerializingExecutor.run(SerializingExecutor.java:123)
	at java.util.concurrent.ThreadPoolExecutor.runWorker(ThreadPoolExecutor.java:1149)
	at java.util.concurrent.ThreadPoolExecutor$Worker.run(ThreadPoolExecutor.java:624)
	at java.lang.Thread.run(Thread.java:748)

]]></system-err>
  </testcase>
</testsuite>