<?xml version="1.0" encoding="UTF-8"?>
<testsuite xmlns:xsi="http://www.w3.org/2001/XMLSchema-instance" xsi:noNamespaceSchemaLocation="https://maven.apache.org/surefire/maven-surefire-plugin/xsd/surefire-test-report.xsd" name="org.apache.hadoop.ozone.client.rpc.TestBlockOutputStreamWithFailures" time="739.683" tests="8" errors="0" skipped="0" failures="1">
  <properties>
    <property name="awt.toolkit" value="sun.awt.X11.XToolkit"/>
    <property name="file.encoding.pkg" value="sun.io"/>
    <property name="java.specification.version" value="1.8"/>
    <property name="sun.cpu.isalist" value=""/>
    <property name="sun.jnu.encoding" value="UTF-8"/>
    <property name="java.class.path" value="/workdir/hadoop-ozone/integration-test/target/test-classes:/workdir/hadoop-ozone/integration-test/target/classes:/home/user/.m2/repository/org/apache/hadoop/hadoop-ozone-common/0.5.0-SNAPSHOT/hadoop-ozone-common-0.5.0-SNAPSHOT.jar:/home/user/.m2/repository/org/apache/commons/commons-compress/1.4.1/commons-compress-1.4.1.jar:/home/user/.m2/repository/org/tukaani/xz/1.0/xz-1.0.jar:/home/user/.m2/repository/org/apache/hadoop/hadoop-common/3.2.0/hadoop-common-3.2.0.jar:/home/user/.m2/repository/org/apache/hadoop/hadoop-hdfs/3.2.0/hadoop-hdfs-3.2.0.jar:/home/user/.m2/repository/org/apache/hadoop/hadoop-hdfs-client/3.2.0/hadoop-hdfs-client-3.2.0.jar:/home/user/.m2/repository/com/fasterxml/jackson/core/jackson-annotations/2.9.9/jackson-annotations-2.9.9.jar:/home/user/.m2/repository/org/apache/hadoop/hadoop-hdds-common/0.5.0-SNAPSHOT/hadoop-hdds-common-0.5.0-SNAPSHOT.jar:/home/user/.m2/repository/javax/annotation/javax.annotation-api/1.2/javax.annotation-api-1.2.jar:/home/user/.m2/repository/org/apache/ratis/ratis-server/0.5.0-201fc85-SNAPSHOT/ratis-server-0.5.0-201fc85-SNAPSHOT.jar:/home/user/.m2/repository/org/apache/ratis/ratis-thirdparty-misc/0.2.0/ratis-thirdparty-misc-0.2.0.jar:/home/user/.m2/repository/org/apache/ratis/ratis-proto/0.5.0-201fc85-SNAPSHOT/ratis-proto-0.5.0-201fc85-SNAPSHOT.jar:/home/user/.m2/repository/org/apache/ratis/ratis-common/0.5.0-201fc85-SNAPSHOT/ratis-common-0.5.0-201fc85-SNAPSHOT.jar:/home/user/.m2/repository/org/apache/ratis/ratis-client/0.5.0-201fc85-SNAPSHOT/ratis-client-0.5.0-201fc85-SNAPSHOT.jar:/home/user/.m2/repository/org/apache/ratis/ratis-metrics/0.5.0-201fc85-SNAPSHOT/ratis-metrics-0.5.0-201fc85-SNAPSHOT.jar:/home/user/.m2/repository/com/github/joshelser/dropwizard-metrics-hadoop-metrics2-reporter/0.1.2/dropwizard-metrics-hadoop-metrics2-reporter-0.1.2.jar:/home/user/.m2/repository/io/dropwizard/metrics/metrics-jvm/3.2.5/metrics-jvm-3.2.5.jar:/home/user/.m2/repository/io/dropwizard/metrics/metrics-ganglia/3.2.5/metrics-ganglia-3.2.5.jar:/home/user/.m2/repository/info/ganglia/gmetric4j/gmetric4j/1.0.7/gmetric4j-1.0.7.jar:/home/user/.m2/repository/org/apache/ratis/ratis-netty/0.5.0-201fc85-SNAPSHOT/ratis-netty-0.5.0-201fc85-SNAPSHOT.jar:/home/user/.m2/repository/org/apache/ratis/ratis-grpc/0.5.0-201fc85-SNAPSHOT/ratis-grpc-0.5.0-201fc85-SNAPSHOT.jar:/home/user/.m2/repository/org/rocksdb/rocksdbjni/6.0.1/rocksdbjni-6.0.1.jar:/home/user/.m2/repository/org/apache/logging/log4j/log4j-api/2.11.0/log4j-api-2.11.0.jar:/home/user/.m2/repository/org/apache/logging/log4j/log4j-core/2.11.0/log4j-core-2.11.0.jar:/home/user/.m2/repository/com/lmax/disruptor/3.4.2/disruptor-3.4.2.jar:/home/user/.m2/repository/org/apache/commons/commons-pool2/2.6.0/commons-pool2-2.6.0.jar:/home/user/.m2/repository/org/bouncycastle/bcpkix-jdk15on/1.60/bcpkix-jdk15on-1.60.jar:/home/user/.m2/repository/commons-validator/commons-validator/1.6/commons-validator-1.6.jar:/home/user/.m2/repository/commons-digester/commons-digester/1.8.1/commons-digester-1.8.1.jar:/home/user/.m2/repository/io/jaegertracing/jaeger-client/0.34.0/jaeger-client-0.34.0.jar:/home/user/.m2/repository/io/jaegertracing/jaeger-thrift/0.34.0/jaeger-thrift-0.34.0.jar:/home/user/.m2/repository/org/apache/thrift/libthrift/0.12.0/libthrift-0.12.0.jar:/home/user/.m2/repository/com/squareup/okhttp3/okhttp/3.9.0/okhttp-3.9.0.jar:/home/user/.m2/repository/com/squareup/okio/okio/1.13.0/okio-1.13.0.jar:/home/user/.m2/repository/io/jaegertracing/jaeger-core/0.34.0/jaeger-core-0.34.0.jar:/home/user/.m2/repository/io/jaegertracing/jaeger-tracerresolver/0.34.0/jaeger-tracerresolver-0.34.0.jar:/home/user/.m2/repository/io/opentracing/contrib/opentracing-tracerresolver/0.1.5/opentracing-tracerresolver-0.1.5.jar:/home/user/.m2/repository/io/opentracing/opentracing-util/0.31.0/opentracing-util-0.31.0.jar:/home/user/.m2/repository/io/opentracing/opentracing-api/0.31.0/opentracing-api-0.31.0.jar:/home/user/.m2/repository/io/opentracing/opentracing-noop/0.31.0/opentracing-noop-0.31.0.jar:/home/user/.m2/repository/org/apache/hadoop/hadoop-hdds-server-framework/0.5.0-SNAPSHOT/hadoop-hdds-server-framework-0.5.0-SNAPSHOT.jar:/home/user/.m2/repository/org/apache/hadoop/hadoop-hdds-container-service/0.5.0-SNAPSHOT/hadoop-hdds-container-service-0.5.0-SNAPSHOT.jar:/home/user/.m2/repository/org/apache/hadoop/hadoop-hdds-client/0.5.0-SNAPSHOT/hadoop-hdds-client-0.5.0-SNAPSHOT.jar:/home/user/.m2/repository/org/apache/hadoop/hadoop-hdds-tools/0.5.0-SNAPSHOT/hadoop-hdds-tools-0.5.0-SNAPSHOT.jar:/home/user/.m2/repository/org/apache/hadoop/hadoop-hdds-server-scm/0.5.0-SNAPSHOT/hadoop-hdds-server-scm-0.5.0-SNAPSHOT.jar:/home/user/.m2/repository/org/apache/hadoop/hadoop-hdds-docs/0.5.0-SNAPSHOT/hadoop-hdds-docs-0.5.0-SNAPSHOT.jar:/home/user/.m2/repository/io/dropwizard/metrics/metrics-core/3.2.4/metrics-core-3.2.4.jar:/home/user/.m2/repository/org/hamcrest/hamcrest-all/1.3/hamcrest-all-1.3.jar:/home/user/.m2/repository/org/bouncycastle/bcprov-jdk15on/1.60/bcprov-jdk15on-1.60.jar:/home/user/.m2/repository/info/picocli/picocli/3.9.6/picocli-3.9.6.jar:/home/user/.m2/repository/com/google/protobuf/protobuf-java/2.5.0/protobuf-java-2.5.0.jar:/home/user/.m2/repository/com/google/guava/guava/11.0.2/guava-11.0.2.jar:/home/user/.m2/repository/org/apache/hadoop/hadoop-ozone-ozone-manager/0.5.0-SNAPSHOT/hadoop-ozone-ozone-manager-0.5.0-SNAPSHOT.jar:/home/user/.m2/repository/org/apache/hadoop/hadoop-minikdc/3.2.0/hadoop-minikdc-3.2.0.jar:/home/user/.m2/repository/commons-io/commons-io/2.5/commons-io-2.5.jar:/home/user/.m2/repository/org/apache/kerby/kerb-simplekdc/1.0.1/kerb-simplekdc-1.0.1.jar:/home/user/.m2/repository/org/apache/kerby/kerb-client/1.0.1/kerb-client-1.0.1.jar:/home/user/.m2/repository/org/apache/kerby/kerby-config/1.0.1/kerby-config-1.0.1.jar:/home/user/.m2/repository/org/apache/kerby/kerb-core/1.0.1/kerb-core-1.0.1.jar:/home/user/.m2/repository/org/apache/kerby/kerby-pkix/1.0.1/kerby-pkix-1.0.1.jar:/home/user/.m2/repository/org/apache/kerby/kerby-asn1/1.0.1/kerby-asn1-1.0.1.jar:/home/user/.m2/repository/org/apache/kerby/kerby-util/1.0.1/kerby-util-1.0.1.jar:/home/user/.m2/repository/org/apache/kerby/kerb-common/1.0.1/kerb-common-1.0.1.jar:/home/user/.m2/repository/org/apache/kerby/kerb-crypto/1.0.1/kerb-crypto-1.0.1.jar:/home/user/.m2/repository/org/apache/kerby/kerb-util/1.0.1/kerb-util-1.0.1.jar:/home/user/.m2/repository/org/apache/kerby/token-provider/1.0.1/token-provider-1.0.1.jar:/home/user/.m2/repository/org/apache/kerby/kerb-admin/1.0.1/kerb-admin-1.0.1.jar:/home/user/.m2/repository/org/apache/kerby/kerb-server/1.0.1/kerb-server-1.0.1.jar:/home/user/.m2/repository/org/apache/kerby/kerb-identity/1.0.1/kerb-identity-1.0.1.jar:/home/user/.m2/repository/org/apache/kerby/kerby-xdr/1.0.1/kerby-xdr-1.0.1.jar:/home/user/.m2/repository/org/slf4j/slf4j-log4j12/1.7.25/slf4j-log4j12-1.7.25.jar:/home/user/.m2/repository/org/apache/hadoop/hadoop-ozone-s3gateway/0.5.0-SNAPSHOT/hadoop-ozone-s3gateway-0.5.0-SNAPSHOT.jar:/home/user/.m2/repository/org/jboss/weld/servlet/weld-servlet/2.4.7.Final/weld-servlet-2.4.7.Final.jar:/home/user/.m2/repository/org/glassfish/jersey/containers/jersey-container-servlet-core/2.27/jersey-container-servlet-core-2.27.jar:/home/user/.m2/repository/org/glassfish/hk2/external/javax.inject/2.5.0-b42/javax.inject-2.5.0-b42.jar:/home/user/.m2/repository/org/glassfish/jersey/core/jersey-common/2.27/jersey-common-2.27.jar:/home/user/.m2/repository/org/glassfish/hk2/osgi-resource-locator/1.0.1/osgi-resource-locator-1.0.1.jar:/home/user/.m2/repository/javax/ws/rs/javax.ws.rs-api/2.1/javax.ws.rs-api-2.1.jar:/home/user/.m2/repository/org/glassfish/jersey/ext/cdi/jersey-cdi1x/2.27/jersey-cdi1x-2.27.jar:/home/user/.m2/repository/org/glassfish/jersey/inject/jersey-hk2/2.27/jersey-hk2-2.27.jar:/home/user/.m2/repository/org/glassfish/hk2/hk2-locator/2.5.0-b42/hk2-locator-2.5.0-b42.jar:/home/user/.m2/repository/org/javassist/javassist/3.22.0-CR2/javassist-3.22.0-CR2.jar:/home/user/.m2/repository/org/glassfish/hk2/hk2-api/2.5.0/hk2-api-2.5.0.jar:/home/user/.m2/repository/org/glassfish/hk2/external/jakarta.inject/2.5.0/jakarta.inject-2.5.0.jar:/home/user/.m2/repository/org/glassfish/hk2/hk2-utils/2.5.0/hk2-utils-2.5.0.jar:/home/user/.m2/repository/jakarta/annotation/jakarta.annotation-api/1.3.4/jakarta.annotation-api-1.3.4.jar:/home/user/.m2/repository/org/glassfish/hk2/external/aopalliance-repackaged/2.5.0/aopalliance-repackaged-2.5.0.jar:/home/user/.m2/repository/com/fasterxml/jackson/dataformat/jackson-dataformat-xml/2.9.0/jackson-dataformat-xml-2.9.0.jar:/home/user/.m2/repository/com/fasterxml/jackson/core/jackson-core/2.9.9/jackson-core-2.9.9.jar:/home/user/.m2/repository/com/fasterxml/jackson/module/jackson-module-jaxb-annotations/2.9.9/jackson-module-jaxb-annotations-2.9.9.jar:/home/user/.m2/repository/javax/enterprise/cdi-api/1.2/cdi-api-1.2.jar:/home/user/.m2/repository/javax/el/javax.el-api/3.0.0/javax.el-api-3.0.0.jar:/home/user/.m2/repository/javax/interceptor/javax.interceptor-api/1.2/javax.interceptor-api-1.2.jar:/home/user/.m2/repository/javax/inject/javax.inject/1/javax.inject-1.jar:/home/user/.m2/repository/com/sun/xml/bind/jaxb-impl/2.3.0.1/jaxb-impl-2.3.0.1.jar:/home/user/.m2/repository/com/sun/xml/bind/jaxb-core/2.3.0.1/jaxb-core-2.3.0.1.jar:/home/user/.m2/repository/javax/xml/bind/jaxb-api/2.3.0/jaxb-api-2.3.0.jar:/home/user/.m2/repository/javax/activation/activation/1.1.1/activation-1.1.1.jar:/home/user/.m2/repository/org/apache/hadoop/hadoop-ozone-csi/0.5.0-SNAPSHOT/hadoop-ozone-csi-0.5.0-SNAPSHOT.jar:/home/user/.m2/repository/com/google/protobuf/protobuf-java-util/3.5.1/protobuf-java-util-3.5.1.jar:/home/user/.m2/repository/org/apache/hadoop/hadoop-hdds-config/0.5.0-SNAPSHOT/hadoop-hdds-config-0.5.0-SNAPSHOT.jar:/home/user/.m2/repository/io/grpc/grpc-netty/1.17.1/grpc-netty-1.17.1.jar:/home/user/.m2/repository/io/grpc/grpc-core/1.17.1/grpc-core-1.17.1.jar:/home/user/.m2/repository/io/grpc/grpc-context/1.17.1/grpc-context-1.17.1.jar:/home/user/.m2/repository/com/google/errorprone/error_prone_annotations/2.2.0/error_prone_annotations-2.2.0.jar:/home/user/.m2/repository/org/codehaus/mojo/animal-sniffer-annotations/1.17/animal-sniffer-annotations-1.17.jar:/home/user/.m2/repository/io/opencensus/opencensus-api/0.17.0/opencensus-api-0.17.0.jar:/home/user/.m2/repository/io/opencensus/opencensus-contrib-grpc-metrics/0.17.0/opencensus-contrib-grpc-metrics-0.17.0.jar:/home/user/.m2/repository/io/netty/netty-codec-http2/4.1.30.Final/netty-codec-http2-4.1.30.Final.jar:/home/user/.m2/repository/io/netty/netty-codec-http/4.1.30.Final/netty-codec-http-4.1.30.Final.jar:/home/user/.m2/repository/io/netty/netty-codec/4.1.30.Final/netty-codec-4.1.30.Final.jar:/home/user/.m2/repository/io/netty/netty-handler/4.1.30.Final/netty-handler-4.1.30.Final.jar:/home/user/.m2/repository/io/netty/netty-handler-proxy/4.1.30.Final/netty-handler-proxy-4.1.30.Final.jar:/home/user/.m2/repository/io/netty/netty-codec-socks/4.1.30.Final/netty-codec-socks-4.1.30.Final.jar:/home/user/.m2/repository/io/netty/netty-transport-native-epoll/4.1.30.Final/netty-transport-native-epoll-4.1.30.Final.jar:/home/user/.m2/repository/io/netty/netty-common/4.1.30.Final/netty-common-4.1.30.Final.jar:/home/user/.m2/repository/io/netty/netty-buffer/4.1.30.Final/netty-buffer-4.1.30.Final.jar:/home/user/.m2/repository/io/netty/netty-transport/4.1.30.Final/netty-transport-4.1.30.Final.jar:/home/user/.m2/repository/io/netty/netty-resolver/4.1.30.Final/netty-resolver-4.1.30.Final.jar:/home/user/.m2/repository/io/netty/netty-transport-native-unix-common/4.1.30.Final/netty-transport-native-unix-common-4.1.30.Final.jar:/home/user/.m2/repository/io/grpc/grpc-protobuf/1.17.1/grpc-protobuf-1.17.1.jar:/home/user/.m2/repository/com/google/api/grpc/proto-google-common-protos/1.0.0/proto-google-common-protos-1.0.0.jar:/home/user/.m2/repository/io/grpc/grpc-protobuf-lite/1.17.1/grpc-protobuf-lite-1.17.1.jar:/home/user/.m2/repository/io/grpc/grpc-stub/1.17.1/grpc-stub-1.17.1.jar:/home/user/.m2/repository/org/apache/hadoop/hadoop-ozone-recon/0.5.0-SNAPSHOT/hadoop-ozone-recon-0.5.0-SNAPSHOT.jar:/home/user/.m2/repository/org/apache/hadoop/hadoop-ozone-reconcodegen/0.5.0-SNAPSHOT/hadoop-ozone-reconcodegen-0.5.0-SNAPSHOT.jar:/home/user/.m2/repository/com/google/inject/extensions/guice-multibindings/4.0/guice-multibindings-4.0.jar:/home/user/.m2/repository/com/google/inject/guice/4.0/guice-4.0.jar:/home/user/.m2/repository/aopalliance/aopalliance/1.0/aopalliance-1.0.jar:/home/user/.m2/repository/com/google/inject/extensions/guice-servlet/4.0/guice-servlet-4.0.jar:/home/user/.m2/repository/org/glassfish/jersey/containers/jersey-container-servlet/2.27/jersey-container-servlet-2.27.jar:/home/user/.m2/repository/org/glassfish/hk2/guice-bridge/2.5.0/guice-bridge-2.5.0.jar:/home/user/.m2/repository/org/glassfish/jersey/core/jersey-server/2.27/jersey-server-2.27.jar:/home/user/.m2/repository/org/glassfish/jersey/core/jersey-client/2.27/jersey-client-2.27.jar:/home/user/.m2/repository/org/glassfish/jersey/media/jersey-media-jaxb/2.27/jersey-media-jaxb-2.27.jar:/home/user/.m2/repository/javax/validation/validation-api/1.1.0.Final/validation-api-1.1.0.Final.jar:/home/user/.m2/repository/org/glassfish/jersey/media/jersey-media-json-jackson/2.27/jersey-media-json-jackson-2.27.jar:/home/user/.m2/repository/org/glassfish/jersey/ext/jersey-entity-filtering/2.27/jersey-entity-filtering-2.27.jar:/home/user/.m2/repository/com/google/inject/extensions/guice-assistedinject/4.0/guice-assistedinject-4.0.jar:/home/user/.m2/repository/org/jooq/jooq/3.11.10/jooq-3.11.10.jar:/home/user/.m2/repository/org/jooq/jooq-meta/3.11.10/jooq-meta-3.11.10.jar:/home/user/.m2/repository/org/jooq/jooq-codegen/3.11.10/jooq-codegen-3.11.10.jar:/home/user/.m2/repository/com/jolbox/bonecp/0.8.0.RELEASE/bonecp-0.8.0.RELEASE.jar:/home/user/.m2/repository/org/xerial/sqlite-jdbc/3.25.2/sqlite-jdbc-3.25.2.jar:/home/user/.m2/repository/org/springframework/spring-jdbc/5.1.3.RELEASE/spring-jdbc-5.1.3.RELEASE.jar:/home/user/.m2/repository/org/springframework/spring-beans/5.1.3.RELEASE/spring-beans-5.1.3.RELEASE.jar:/home/user/.m2/repository/org/springframework/spring-core/5.1.3.RELEASE/spring-core-5.1.3.RELEASE.jar:/home/user/.m2/repository/org/springframework/spring-jcl/5.1.3.RELEASE/spring-jcl-5.1.3.RELEASE.jar:/home/user/.m2/repository/org/springframework/spring-tx/5.1.3.RELEASE/spring-tx-5.1.3.RELEASE.jar:/home/user/.m2/repository/org/apache/hadoop/hadoop-ozone-client/0.5.0-SNAPSHOT/hadoop-ozone-client-0.5.0-SNAPSHOT.jar:/home/user/.m2/repository/commons-lang/commons-lang/2.6/commons-lang-2.6.jar:/home/user/.m2/repository/org/apache/hadoop/hadoop-ozone-ozone-manager/0.5.0-SNAPSHOT/hadoop-ozone-ozone-manager-0.5.0-SNAPSHOT-tests.jar:/home/user/.m2/repository/junit/junit/4.11/junit-4.11.jar:/home/user/.m2/repository/org/hamcrest/hamcrest-core/1.3/hamcrest-core-1.3.jar:/home/user/.m2/repository/org/openjdk/jmh/jmh-core/1.19/jmh-core-1.19.jar:/home/user/.m2/repository/net/sf/jopt-simple/jopt-simple/4.6/jopt-simple-4.6.jar:/home/user/.m2/repository/org/apache/commons/commons-math3/3.1.1/commons-math3-3.1.1.jar:/home/user/.m2/repository/org/openjdk/jmh/jmh-generator-annprocess/1.19/jmh-generator-annprocess-1.19.jar:/home/user/.m2/repository/org/mockito/mockito-all/1.8.5/mockito-all-1.8.5.jar:/home/user/.m2/repository/org/apache/hadoop/hadoop-kms/3.2.0/hadoop-kms-3.2.0.jar:/home/user/.m2/repository/org/apache/hadoop/hadoop-auth/3.2.0/hadoop-auth-3.2.0.jar:/home/user/.m2/repository/com/nimbusds/nimbus-jose-jwt/4.41.1/nimbus-jose-jwt-4.41.1.jar:/home/user/.m2/repository/com/github/stephenc/jcip/jcip-annotations/1.0-1/jcip-annotations-1.0-1.jar:/home/user/.m2/repository/net/minidev/json-smart/2.3/json-smart-2.3.jar:/home/user/.m2/repository/net/minidev/accessors-smart/1.2/accessors-smart-1.2.jar:/home/user/.m2/repository/org/ow2/asm/asm/5.0.4/asm-5.0.4.jar:/home/user/.m2/repository/org/apache/curator/curator-framework/2.12.0/curator-framework-2.12.0.jar:/home/user/.m2/repository/com/sun/jersey/jersey-core/1.19/jersey-core-1.19.jar:/home/user/.m2/repository/javax/ws/rs/jsr311-api/1.1.1/jsr311-api-1.1.1.jar:/home/user/.m2/repository/com/sun/jersey/jersey-server/1.19/jersey-server-1.19.jar:/home/user/.m2/repository/javax/servlet/javax.servlet-api/3.1.0/javax.servlet-api-3.1.0.jar:/home/user/.m2/repository/org/eclipse/jetty/jetty-server/9.3.25.v20180904/jetty-server-9.3.25.v20180904.jar:/home/user/.m2/repository/org/eclipse/jetty/jetty-http/9.3.25.v20180904/jetty-http-9.3.25.v20180904.jar:/home/user/.m2/repository/org/eclipse/jetty/jetty-io/9.3.25.v20180904/jetty-io-9.3.25.v20180904.jar:/home/user/.m2/repository/org/eclipse/jetty/jetty-webapp/9.3.25.v20180904/jetty-webapp-9.3.25.v20180904.jar:/home/user/.m2/repository/org/eclipse/jetty/jetty-xml/9.3.25.v20180904/jetty-xml-9.3.25.v20180904.jar:/home/user/.m2/repository/log4j/log4j/1.2.17/log4j-1.2.17.jar:/home/user/.m2/repository/org/slf4j/slf4j-api/1.7.25/slf4j-api-1.7.25.jar:/home/user/.m2/repository/org/slf4j/jul-to-slf4j/1.7.25/jul-to-slf4j-1.7.25.jar:/home/user/.m2/repository/org/eclipse/jetty/jetty-util/9.3.25.v20180904/jetty-util-9.3.25.v20180904.jar:/home/user/.m2/repository/com/fasterxml/jackson/core/jackson-databind/2.9.9/jackson-databind-2.9.9.jar:/home/user/.m2/repository/org/apache/hadoop/hadoop-kms/3.2.0/hadoop-kms-3.2.0-tests.jar:/home/user/.m2/repository/org/apache/hadoop/hadoop-hdds-server-scm/0.5.0-SNAPSHOT/hadoop-hdds-server-scm-0.5.0-SNAPSHOT-tests.jar:/home/user/.m2/repository/org/apache/hadoop/hadoop-hdds-container-service/0.5.0-SNAPSHOT/hadoop-hdds-container-service-0.5.0-SNAPSHOT-tests.jar:/home/user/.m2/repository/org/yaml/snakeyaml/1.16/snakeyaml-1.16.jar:/home/user/.m2/repository/org/apache/hadoop/hadoop-common/3.2.0/hadoop-common-3.2.0-tests.jar:/home/user/.m2/repository/org/apache/hadoop/hadoop-annotations/3.2.0/hadoop-annotations-3.2.0.jar:/usr/lib/jvm/java-1.8-openjdk/jre/../lib/tools.jar:/home/user/.m2/repository/commons-cli/commons-cli/1.2/commons-cli-1.2.jar:/home/user/.m2/repository/org/apache/httpcomponents/httpclient/4.5.2/httpclient-4.5.2.jar:/home/user/.m2/repository/org/apache/httpcomponents/httpcore/4.4.4/httpcore-4.4.4.jar:/home/user/.m2/repository/commons-codec/commons-codec/1.11/commons-codec-1.11.jar:/home/user/.m2/repository/commons-net/commons-net/3.6/commons-net-3.6.jar:/home/user/.m2/repository/commons-collections/commons-collections/3.2.2/commons-collections-3.2.2.jar:/home/user/.m2/repository/org/eclipse/jetty/jetty-servlet/9.3.25.v20180904/jetty-servlet-9.3.25.v20180904.jar:/home/user/.m2/repository/org/eclipse/jetty/jetty-security/9.3.25.v20180904/jetty-security-9.3.25.v20180904.jar:/home/user/.m2/repository/javax/servlet/jsp/jsp-api/2.1/jsp-api-2.1.jar:/home/user/.m2/repository/com/sun/jersey/jersey-servlet/1.19/jersey-servlet-1.19.jar:/home/user/.m2/repository/com/sun/jersey/jersey-json/1.19/jersey-json-1.19.jar:/home/user/.m2/repository/org/codehaus/jettison/jettison/1.1/jettison-1.1.jar:/home/user/.m2/repository/org/codehaus/jackson/jackson-core-asl/1.9.13/jackson-core-asl-1.9.13.jar:/home/user/.m2/repository/org/codehaus/jackson/jackson-mapper-asl/1.9.13/jackson-mapper-asl-1.9.13.jar:/home/user/.m2/repository/org/codehaus/jackson/jackson-jaxrs/1.9.13/jackson-jaxrs-1.9.13.jar:/home/user/.m2/repository/org/codehaus/jackson/jackson-xc/1.9.13/jackson-xc-1.9.13.jar:/home/user/.m2/repository/commons-logging/commons-logging/1.1.3/commons-logging-1.1.3.jar:/home/user/.m2/repository/commons-beanutils/commons-beanutils/1.9.4/commons-beanutils-1.9.4.jar:/home/user/.m2/repository/org/apache/commons/commons-configuration2/2.1.1/commons-configuration2-2.1.1.jar:/home/user/.m2/repository/org/apache/commons/commons-lang3/3.7/commons-lang3-3.7.jar:/home/user/.m2/repository/org/apache/commons/commons-text/1.4/commons-text-1.4.jar:/home/user/.m2/repository/org/apache/avro/avro/1.7.7/avro-1.7.7.jar:/home/user/.m2/repository/com/thoughtworks/paranamer/paranamer/2.3/paranamer-2.3.jar:/home/user/.m2/repository/org/xerial/snappy/snappy-java/1.0.5/snappy-java-1.0.5.jar:/home/user/.m2/repository/com/google/re2j/re2j/1.1/re2j-1.1.jar:/home/user/.m2/repository/com/google/code/gson/gson/2.2.4/gson-2.2.4.jar:/home/user/.m2/repository/com/jcraft/jsch/0.1.54/jsch-0.1.54.jar:/home/user/.m2/repository/org/apache/curator/curator-client/2.12.0/curator-client-2.12.0.jar:/home/user/.m2/repository/org/apache/curator/curator-recipes/2.12.0/curator-recipes-2.12.0.jar:/home/user/.m2/repository/com/google/code/findbugs/jsr305/3.0.0/jsr305-3.0.0.jar:/home/user/.m2/repository/org/apache/htrace/htrace-core4/4.1.0-incubating/htrace-core4-4.1.0-incubating.jar:/home/user/.m2/repository/org/apache/zookeeper/zookeeper/3.4.13/zookeeper-3.4.13.jar:/home/user/.m2/repository/jline/jline/0.9.94/jline-0.9.94.jar:/home/user/.m2/repository/org/apache/yetus/audience-annotations/0.5.0/audience-annotations-0.5.0.jar:/home/user/.m2/repository/org/codehaus/woodstox/stax2-api/3.1.4/stax2-api-3.1.4.jar:/home/user/.m2/repository/com/fasterxml/woodstox/woodstox-core/5.0.3/woodstox-core-5.0.3.jar:/home/user/.m2/repository/dnsjava/dnsjava/2.1.7/dnsjava-2.1.7.jar:/home/user/.m2/repository/org/apache/hadoop/hadoop-hdfs/3.2.0/hadoop-hdfs-3.2.0-tests.jar:/home/user/.m2/repository/org/eclipse/jetty/jetty-util-ajax/9.3.25.v20180904/jetty-util-ajax-9.3.25.v20180904.jar:/home/user/.m2/repository/commons-daemon/commons-daemon/1.0.13/commons-daemon-1.0.13.jar:/home/user/.m2/repository/io/netty/netty/3.10.5.Final/netty-3.10.5.Final.jar:/home/user/.m2/repository/io/netty/netty-all/4.0.52.Final/netty-all-4.0.52.Final.jar:/home/user/.m2/repository/org/fusesource/leveldbjni/leveldbjni-all/1.8/leveldbjni-all-1.8.jar:"/>
    <property name="java.vm.vendor" value="IcedTea"/>
    <property name="sun.arch.data.model" value="64"/>
    <property name="test.build.dir" value="/workdir/hadoop-ozone/integration-test/target/test-dir"/>
    <property name="test.cache.data" value=""/>
    <property name="java.vendor.url" value="https://icedtea.classpath.org"/>
    <property name="user.timezone" value=""/>
    <property name="java.vm.specification.version" value="1.8"/>
    <property name="os.name" value="Linux"/>
    <property name="test.build.data" value="/workdir/hadoop-ozone/integration-test/target/test-dir"/>
    <property name="user.country" value="US"/>
    <property name="sun.java.launcher" value="SUN_STANDARD"/>
    <property name="sun.boot.library.path" value="/usr/lib/jvm/java-1.8-openjdk/jre/lib/amd64"/>
    <property name="sun.java.command" value="/workdir/hadoop-ozone/integration-test/target/surefire/surefirebooter9043586800610121466.jar /workdir/hadoop-ozone/integration-test/target/surefire 2019-10-03T07-36-55_588-jvmRun1 surefire3279613418673206998tmp surefire_63544474594712760951tmp"/>
    <property name="test" value="!TestMiniChaosOzoneCluster"/>
    <property name="surefire.test.class.path" value="/workdir/hadoop-ozone/integration-test/target/test-classes:/workdir/hadoop-ozone/integration-test/target/classes:/home/user/.m2/repository/org/apache/hadoop/hadoop-ozone-common/0.5.0-SNAPSHOT/hadoop-ozone-common-0.5.0-SNAPSHOT.jar:/home/user/.m2/repository/org/apache/commons/commons-compress/1.4.1/commons-compress-1.4.1.jar:/home/user/.m2/repository/org/tukaani/xz/1.0/xz-1.0.jar:/home/user/.m2/repository/org/apache/hadoop/hadoop-common/3.2.0/hadoop-common-3.2.0.jar:/home/user/.m2/repository/org/apache/hadoop/hadoop-hdfs/3.2.0/hadoop-hdfs-3.2.0.jar:/home/user/.m2/repository/org/apache/hadoop/hadoop-hdfs-client/3.2.0/hadoop-hdfs-client-3.2.0.jar:/home/user/.m2/repository/com/fasterxml/jackson/core/jackson-annotations/2.9.9/jackson-annotations-2.9.9.jar:/home/user/.m2/repository/org/apache/hadoop/hadoop-hdds-common/0.5.0-SNAPSHOT/hadoop-hdds-common-0.5.0-SNAPSHOT.jar:/home/user/.m2/repository/javax/annotation/javax.annotation-api/1.2/javax.annotation-api-1.2.jar:/home/user/.m2/repository/org/apache/ratis/ratis-server/0.5.0-201fc85-SNAPSHOT/ratis-server-0.5.0-201fc85-SNAPSHOT.jar:/home/user/.m2/repository/org/apache/ratis/ratis-thirdparty-misc/0.2.0/ratis-thirdparty-misc-0.2.0.jar:/home/user/.m2/repository/org/apache/ratis/ratis-proto/0.5.0-201fc85-SNAPSHOT/ratis-proto-0.5.0-201fc85-SNAPSHOT.jar:/home/user/.m2/repository/org/apache/ratis/ratis-common/0.5.0-201fc85-SNAPSHOT/ratis-common-0.5.0-201fc85-SNAPSHOT.jar:/home/user/.m2/repository/org/apache/ratis/ratis-client/0.5.0-201fc85-SNAPSHOT/ratis-client-0.5.0-201fc85-SNAPSHOT.jar:/home/user/.m2/repository/org/apache/ratis/ratis-metrics/0.5.0-201fc85-SNAPSHOT/ratis-metrics-0.5.0-201fc85-SNAPSHOT.jar:/home/user/.m2/repository/com/github/joshelser/dropwizard-metrics-hadoop-metrics2-reporter/0.1.2/dropwizard-metrics-hadoop-metrics2-reporter-0.1.2.jar:/home/user/.m2/repository/io/dropwizard/metrics/metrics-jvm/3.2.5/metrics-jvm-3.2.5.jar:/home/user/.m2/repository/io/dropwizard/metrics/metrics-ganglia/3.2.5/metrics-ganglia-3.2.5.jar:/home/user/.m2/repository/info/ganglia/gmetric4j/gmetric4j/1.0.7/gmetric4j-1.0.7.jar:/home/user/.m2/repository/org/apache/ratis/ratis-netty/0.5.0-201fc85-SNAPSHOT/ratis-netty-0.5.0-201fc85-SNAPSHOT.jar:/home/user/.m2/repository/org/apache/ratis/ratis-grpc/0.5.0-201fc85-SNAPSHOT/ratis-grpc-0.5.0-201fc85-SNAPSHOT.jar:/home/user/.m2/repository/org/rocksdb/rocksdbjni/6.0.1/rocksdbjni-6.0.1.jar:/home/user/.m2/repository/org/apache/logging/log4j/log4j-api/2.11.0/log4j-api-2.11.0.jar:/home/user/.m2/repository/org/apache/logging/log4j/log4j-core/2.11.0/log4j-core-2.11.0.jar:/home/user/.m2/repository/com/lmax/disruptor/3.4.2/disruptor-3.4.2.jar:/home/user/.m2/repository/org/apache/commons/commons-pool2/2.6.0/commons-pool2-2.6.0.jar:/home/user/.m2/repository/org/bouncycastle/bcpkix-jdk15on/1.60/bcpkix-jdk15on-1.60.jar:/home/user/.m2/repository/commons-validator/commons-validator/1.6/commons-validator-1.6.jar:/home/user/.m2/repository/commons-digester/commons-digester/1.8.1/commons-digester-1.8.1.jar:/home/user/.m2/repository/io/jaegertracing/jaeger-client/0.34.0/jaeger-client-0.34.0.jar:/home/user/.m2/repository/io/jaegertracing/jaeger-thrift/0.34.0/jaeger-thrift-0.34.0.jar:/home/user/.m2/repository/org/apache/thrift/libthrift/0.12.0/libthrift-0.12.0.jar:/home/user/.m2/repository/com/squareup/okhttp3/okhttp/3.9.0/okhttp-3.9.0.jar:/home/user/.m2/repository/com/squareup/okio/okio/1.13.0/okio-1.13.0.jar:/home/user/.m2/repository/io/jaegertracing/jaeger-core/0.34.0/jaeger-core-0.34.0.jar:/home/user/.m2/repository/io/jaegertracing/jaeger-tracerresolver/0.34.0/jaeger-tracerresolver-0.34.0.jar:/home/user/.m2/repository/io/opentracing/contrib/opentracing-tracerresolver/0.1.5/opentracing-tracerresolver-0.1.5.jar:/home/user/.m2/repository/io/opentracing/opentracing-util/0.31.0/opentracing-util-0.31.0.jar:/home/user/.m2/repository/io/opentracing/opentracing-api/0.31.0/opentracing-api-0.31.0.jar:/home/user/.m2/repository/io/opentracing/opentracing-noop/0.31.0/opentracing-noop-0.31.0.jar:/home/user/.m2/repository/org/apache/hadoop/hadoop-hdds-server-framework/0.5.0-SNAPSHOT/hadoop-hdds-server-framework-0.5.0-SNAPSHOT.jar:/home/user/.m2/repository/org/apache/hadoop/hadoop-hdds-container-service/0.5.0-SNAPSHOT/hadoop-hdds-container-service-0.5.0-SNAPSHOT.jar:/home/user/.m2/repository/org/apache/hadoop/hadoop-hdds-client/0.5.0-SNAPSHOT/hadoop-hdds-client-0.5.0-SNAPSHOT.jar:/home/user/.m2/repository/org/apache/hadoop/hadoop-hdds-tools/0.5.0-SNAPSHOT/hadoop-hdds-tools-0.5.0-SNAPSHOT.jar:/home/user/.m2/repository/org/apache/hadoop/hadoop-hdds-server-scm/0.5.0-SNAPSHOT/hadoop-hdds-server-scm-0.5.0-SNAPSHOT.jar:/home/user/.m2/repository/org/apache/hadoop/hadoop-hdds-docs/0.5.0-SNAPSHOT/hadoop-hdds-docs-0.5.0-SNAPSHOT.jar:/home/user/.m2/repository/io/dropwizard/metrics/metrics-core/3.2.4/metrics-core-3.2.4.jar:/home/user/.m2/repository/org/hamcrest/hamcrest-all/1.3/hamcrest-all-1.3.jar:/home/user/.m2/repository/org/bouncycastle/bcprov-jdk15on/1.60/bcprov-jdk15on-1.60.jar:/home/user/.m2/repository/info/picocli/picocli/3.9.6/picocli-3.9.6.jar:/home/user/.m2/repository/com/google/protobuf/protobuf-java/2.5.0/protobuf-java-2.5.0.jar:/home/user/.m2/repository/com/google/guava/guava/11.0.2/guava-11.0.2.jar:/home/user/.m2/repository/org/apache/hadoop/hadoop-ozone-ozone-manager/0.5.0-SNAPSHOT/hadoop-ozone-ozone-manager-0.5.0-SNAPSHOT.jar:/home/user/.m2/repository/org/apache/hadoop/hadoop-minikdc/3.2.0/hadoop-minikdc-3.2.0.jar:/home/user/.m2/repository/commons-io/commons-io/2.5/commons-io-2.5.jar:/home/user/.m2/repository/org/apache/kerby/kerb-simplekdc/1.0.1/kerb-simplekdc-1.0.1.jar:/home/user/.m2/repository/org/apache/kerby/kerb-client/1.0.1/kerb-client-1.0.1.jar:/home/user/.m2/repository/org/apache/kerby/kerby-config/1.0.1/kerby-config-1.0.1.jar:/home/user/.m2/repository/org/apache/kerby/kerb-core/1.0.1/kerb-core-1.0.1.jar:/home/user/.m2/repository/org/apache/kerby/kerby-pkix/1.0.1/kerby-pkix-1.0.1.jar:/home/user/.m2/repository/org/apache/kerby/kerby-asn1/1.0.1/kerby-asn1-1.0.1.jar:/home/user/.m2/repository/org/apache/kerby/kerby-util/1.0.1/kerby-util-1.0.1.jar:/home/user/.m2/repository/org/apache/kerby/kerb-common/1.0.1/kerb-common-1.0.1.jar:/home/user/.m2/repository/org/apache/kerby/kerb-crypto/1.0.1/kerb-crypto-1.0.1.jar:/home/user/.m2/repository/org/apache/kerby/kerb-util/1.0.1/kerb-util-1.0.1.jar:/home/user/.m2/repository/org/apache/kerby/token-provider/1.0.1/token-provider-1.0.1.jar:/home/user/.m2/repository/org/apache/kerby/kerb-admin/1.0.1/kerb-admin-1.0.1.jar:/home/user/.m2/repository/org/apache/kerby/kerb-server/1.0.1/kerb-server-1.0.1.jar:/home/user/.m2/repository/org/apache/kerby/kerb-identity/1.0.1/kerb-identity-1.0.1.jar:/home/user/.m2/repository/org/apache/kerby/kerby-xdr/1.0.1/kerby-xdr-1.0.1.jar:/home/user/.m2/repository/org/slf4j/slf4j-log4j12/1.7.25/slf4j-log4j12-1.7.25.jar:/home/user/.m2/repository/org/apache/hadoop/hadoop-ozone-s3gateway/0.5.0-SNAPSHOT/hadoop-ozone-s3gateway-0.5.0-SNAPSHOT.jar:/home/user/.m2/repository/org/jboss/weld/servlet/weld-servlet/2.4.7.Final/weld-servlet-2.4.7.Final.jar:/home/user/.m2/repository/org/glassfish/jersey/containers/jersey-container-servlet-core/2.27/jersey-container-servlet-core-2.27.jar:/home/user/.m2/repository/org/glassfish/hk2/external/javax.inject/2.5.0-b42/javax.inject-2.5.0-b42.jar:/home/user/.m2/repository/org/glassfish/jersey/core/jersey-common/2.27/jersey-common-2.27.jar:/home/user/.m2/repository/org/glassfish/hk2/osgi-resource-locator/1.0.1/osgi-resource-locator-1.0.1.jar:/home/user/.m2/repository/javax/ws/rs/javax.ws.rs-api/2.1/javax.ws.rs-api-2.1.jar:/home/user/.m2/repository/org/glassfish/jersey/ext/cdi/jersey-cdi1x/2.27/jersey-cdi1x-2.27.jar:/home/user/.m2/repository/org/glassfish/jersey/inject/jersey-hk2/2.27/jersey-hk2-2.27.jar:/home/user/.m2/repository/org/glassfish/hk2/hk2-locator/2.5.0-b42/hk2-locator-2.5.0-b42.jar:/home/user/.m2/repository/org/javassist/javassist/3.22.0-CR2/javassist-3.22.0-CR2.jar:/home/user/.m2/repository/org/glassfish/hk2/hk2-api/2.5.0/hk2-api-2.5.0.jar:/home/user/.m2/repository/org/glassfish/hk2/external/jakarta.inject/2.5.0/jakarta.inject-2.5.0.jar:/home/user/.m2/repository/org/glassfish/hk2/hk2-utils/2.5.0/hk2-utils-2.5.0.jar:/home/user/.m2/repository/jakarta/annotation/jakarta.annotation-api/1.3.4/jakarta.annotation-api-1.3.4.jar:/home/user/.m2/repository/org/glassfish/hk2/external/aopalliance-repackaged/2.5.0/aopalliance-repackaged-2.5.0.jar:/home/user/.m2/repository/com/fasterxml/jackson/dataformat/jackson-dataformat-xml/2.9.0/jackson-dataformat-xml-2.9.0.jar:/home/user/.m2/repository/com/fasterxml/jackson/core/jackson-core/2.9.9/jackson-core-2.9.9.jar:/home/user/.m2/repository/com/fasterxml/jackson/module/jackson-module-jaxb-annotations/2.9.9/jackson-module-jaxb-annotations-2.9.9.jar:/home/user/.m2/repository/javax/enterprise/cdi-api/1.2/cdi-api-1.2.jar:/home/user/.m2/repository/javax/el/javax.el-api/3.0.0/javax.el-api-3.0.0.jar:/home/user/.m2/repository/javax/interceptor/javax.interceptor-api/1.2/javax.interceptor-api-1.2.jar:/home/user/.m2/repository/javax/inject/javax.inject/1/javax.inject-1.jar:/home/user/.m2/repository/com/sun/xml/bind/jaxb-impl/2.3.0.1/jaxb-impl-2.3.0.1.jar:/home/user/.m2/repository/com/sun/xml/bind/jaxb-core/2.3.0.1/jaxb-core-2.3.0.1.jar:/home/user/.m2/repository/javax/xml/bind/jaxb-api/2.3.0/jaxb-api-2.3.0.jar:/home/user/.m2/repository/javax/activation/activation/1.1.1/activation-1.1.1.jar:/home/user/.m2/repository/org/apache/hadoop/hadoop-ozone-csi/0.5.0-SNAPSHOT/hadoop-ozone-csi-0.5.0-SNAPSHOT.jar:/home/user/.m2/repository/com/google/protobuf/protobuf-java-util/3.5.1/protobuf-java-util-3.5.1.jar:/home/user/.m2/repository/org/apache/hadoop/hadoop-hdds-config/0.5.0-SNAPSHOT/hadoop-hdds-config-0.5.0-SNAPSHOT.jar:/home/user/.m2/repository/io/grpc/grpc-netty/1.17.1/grpc-netty-1.17.1.jar:/home/user/.m2/repository/io/grpc/grpc-core/1.17.1/grpc-core-1.17.1.jar:/home/user/.m2/repository/io/grpc/grpc-context/1.17.1/grpc-context-1.17.1.jar:/home/user/.m2/repository/com/google/errorprone/error_prone_annotations/2.2.0/error_prone_annotations-2.2.0.jar:/home/user/.m2/repository/org/codehaus/mojo/animal-sniffer-annotations/1.17/animal-sniffer-annotations-1.17.jar:/home/user/.m2/repository/io/opencensus/opencensus-api/0.17.0/opencensus-api-0.17.0.jar:/home/user/.m2/repository/io/opencensus/opencensus-contrib-grpc-metrics/0.17.0/opencensus-contrib-grpc-metrics-0.17.0.jar:/home/user/.m2/repository/io/netty/netty-codec-http2/4.1.30.Final/netty-codec-http2-4.1.30.Final.jar:/home/user/.m2/repository/io/netty/netty-codec-http/4.1.30.Final/netty-codec-http-4.1.30.Final.jar:/home/user/.m2/repository/io/netty/netty-codec/4.1.30.Final/netty-codec-4.1.30.Final.jar:/home/user/.m2/repository/io/netty/netty-handler/4.1.30.Final/netty-handler-4.1.30.Final.jar:/home/user/.m2/repository/io/netty/netty-handler-proxy/4.1.30.Final/netty-handler-proxy-4.1.30.Final.jar:/home/user/.m2/repository/io/netty/netty-codec-socks/4.1.30.Final/netty-codec-socks-4.1.30.Final.jar:/home/user/.m2/repository/io/netty/netty-transport-native-epoll/4.1.30.Final/netty-transport-native-epoll-4.1.30.Final.jar:/home/user/.m2/repository/io/netty/netty-common/4.1.30.Final/netty-common-4.1.30.Final.jar:/home/user/.m2/repository/io/netty/netty-buffer/4.1.30.Final/netty-buffer-4.1.30.Final.jar:/home/user/.m2/repository/io/netty/netty-transport/4.1.30.Final/netty-transport-4.1.30.Final.jar:/home/user/.m2/repository/io/netty/netty-resolver/4.1.30.Final/netty-resolver-4.1.30.Final.jar:/home/user/.m2/repository/io/netty/netty-transport-native-unix-common/4.1.30.Final/netty-transport-native-unix-common-4.1.30.Final.jar:/home/user/.m2/repository/io/grpc/grpc-protobuf/1.17.1/grpc-protobuf-1.17.1.jar:/home/user/.m2/repository/com/google/api/grpc/proto-google-common-protos/1.0.0/proto-google-common-protos-1.0.0.jar:/home/user/.m2/repository/io/grpc/grpc-protobuf-lite/1.17.1/grpc-protobuf-lite-1.17.1.jar:/home/user/.m2/repository/io/grpc/grpc-stub/1.17.1/grpc-stub-1.17.1.jar:/home/user/.m2/repository/org/apache/hadoop/hadoop-ozone-recon/0.5.0-SNAPSHOT/hadoop-ozone-recon-0.5.0-SNAPSHOT.jar:/home/user/.m2/repository/org/apache/hadoop/hadoop-ozone-reconcodegen/0.5.0-SNAPSHOT/hadoop-ozone-reconcodegen-0.5.0-SNAPSHOT.jar:/home/user/.m2/repository/com/google/inject/extensions/guice-multibindings/4.0/guice-multibindings-4.0.jar:/home/user/.m2/repository/com/google/inject/guice/4.0/guice-4.0.jar:/home/user/.m2/repository/aopalliance/aopalliance/1.0/aopalliance-1.0.jar:/home/user/.m2/repository/com/google/inject/extensions/guice-servlet/4.0/guice-servlet-4.0.jar:/home/user/.m2/repository/org/glassfish/jersey/containers/jersey-container-servlet/2.27/jersey-container-servlet-2.27.jar:/home/user/.m2/repository/org/glassfish/hk2/guice-bridge/2.5.0/guice-bridge-2.5.0.jar:/home/user/.m2/repository/org/glassfish/jersey/core/jersey-server/2.27/jersey-server-2.27.jar:/home/user/.m2/repository/org/glassfish/jersey/core/jersey-client/2.27/jersey-client-2.27.jar:/home/user/.m2/repository/org/glassfish/jersey/media/jersey-media-jaxb/2.27/jersey-media-jaxb-2.27.jar:/home/user/.m2/repository/javax/validation/validation-api/1.1.0.Final/validation-api-1.1.0.Final.jar:/home/user/.m2/repository/org/glassfish/jersey/media/jersey-media-json-jackson/2.27/jersey-media-json-jackson-2.27.jar:/home/user/.m2/repository/org/glassfish/jersey/ext/jersey-entity-filtering/2.27/jersey-entity-filtering-2.27.jar:/home/user/.m2/repository/com/google/inject/extensions/guice-assistedinject/4.0/guice-assistedinject-4.0.jar:/home/user/.m2/repository/org/jooq/jooq/3.11.10/jooq-3.11.10.jar:/home/user/.m2/repository/org/jooq/jooq-meta/3.11.10/jooq-meta-3.11.10.jar:/home/user/.m2/repository/org/jooq/jooq-codegen/3.11.10/jooq-codegen-3.11.10.jar:/home/user/.m2/repository/com/jolbox/bonecp/0.8.0.RELEASE/bonecp-0.8.0.RELEASE.jar:/home/user/.m2/repository/org/xerial/sqlite-jdbc/3.25.2/sqlite-jdbc-3.25.2.jar:/home/user/.m2/repository/org/springframework/spring-jdbc/5.1.3.RELEASE/spring-jdbc-5.1.3.RELEASE.jar:/home/user/.m2/repository/org/springframework/spring-beans/5.1.3.RELEASE/spring-beans-5.1.3.RELEASE.jar:/home/user/.m2/repository/org/springframework/spring-core/5.1.3.RELEASE/spring-core-5.1.3.RELEASE.jar:/home/user/.m2/repository/org/springframework/spring-jcl/5.1.3.RELEASE/spring-jcl-5.1.3.RELEASE.jar:/home/user/.m2/repository/org/springframework/spring-tx/5.1.3.RELEASE/spring-tx-5.1.3.RELEASE.jar:/home/user/.m2/repository/org/apache/hadoop/hadoop-ozone-client/0.5.0-SNAPSHOT/hadoop-ozone-client-0.5.0-SNAPSHOT.jar:/home/user/.m2/repository/commons-lang/commons-lang/2.6/commons-lang-2.6.jar:/home/user/.m2/repository/org/apache/hadoop/hadoop-ozone-ozone-manager/0.5.0-SNAPSHOT/hadoop-ozone-ozone-manager-0.5.0-SNAPSHOT-tests.jar:/home/user/.m2/repository/junit/junit/4.11/junit-4.11.jar:/home/user/.m2/repository/org/hamcrest/hamcrest-core/1.3/hamcrest-core-1.3.jar:/home/user/.m2/repository/org/openjdk/jmh/jmh-core/1.19/jmh-core-1.19.jar:/home/user/.m2/repository/net/sf/jopt-simple/jopt-simple/4.6/jopt-simple-4.6.jar:/home/user/.m2/repository/org/apache/commons/commons-math3/3.1.1/commons-math3-3.1.1.jar:/home/user/.m2/repository/org/openjdk/jmh/jmh-generator-annprocess/1.19/jmh-generator-annprocess-1.19.jar:/home/user/.m2/repository/org/mockito/mockito-all/1.8.5/mockito-all-1.8.5.jar:/home/user/.m2/repository/org/apache/hadoop/hadoop-kms/3.2.0/hadoop-kms-3.2.0.jar:/home/user/.m2/repository/org/apache/hadoop/hadoop-auth/3.2.0/hadoop-auth-3.2.0.jar:/home/user/.m2/repository/com/nimbusds/nimbus-jose-jwt/4.41.1/nimbus-jose-jwt-4.41.1.jar:/home/user/.m2/repository/com/github/stephenc/jcip/jcip-annotations/1.0-1/jcip-annotations-1.0-1.jar:/home/user/.m2/repository/net/minidev/json-smart/2.3/json-smart-2.3.jar:/home/user/.m2/repository/net/minidev/accessors-smart/1.2/accessors-smart-1.2.jar:/home/user/.m2/repository/org/ow2/asm/asm/5.0.4/asm-5.0.4.jar:/home/user/.m2/repository/org/apache/curator/curator-framework/2.12.0/curator-framework-2.12.0.jar:/home/user/.m2/repository/com/sun/jersey/jersey-core/1.19/jersey-core-1.19.jar:/home/user/.m2/repository/javax/ws/rs/jsr311-api/1.1.1/jsr311-api-1.1.1.jar:/home/user/.m2/repository/com/sun/jersey/jersey-server/1.19/jersey-server-1.19.jar:/home/user/.m2/repository/javax/servlet/javax.servlet-api/3.1.0/javax.servlet-api-3.1.0.jar:/home/user/.m2/repository/org/eclipse/jetty/jetty-server/9.3.25.v20180904/jetty-server-9.3.25.v20180904.jar:/home/user/.m2/repository/org/eclipse/jetty/jetty-http/9.3.25.v20180904/jetty-http-9.3.25.v20180904.jar:/home/user/.m2/repository/org/eclipse/jetty/jetty-io/9.3.25.v20180904/jetty-io-9.3.25.v20180904.jar:/home/user/.m2/repository/org/eclipse/jetty/jetty-webapp/9.3.25.v20180904/jetty-webapp-9.3.25.v20180904.jar:/home/user/.m2/repository/org/eclipse/jetty/jetty-xml/9.3.25.v20180904/jetty-xml-9.3.25.v20180904.jar:/home/user/.m2/repository/log4j/log4j/1.2.17/log4j-1.2.17.jar:/home/user/.m2/repository/org/slf4j/slf4j-api/1.7.25/slf4j-api-1.7.25.jar:/home/user/.m2/repository/org/slf4j/jul-to-slf4j/1.7.25/jul-to-slf4j-1.7.25.jar:/home/user/.m2/repository/org/eclipse/jetty/jetty-util/9.3.25.v20180904/jetty-util-9.3.25.v20180904.jar:/home/user/.m2/repository/com/fasterxml/jackson/core/jackson-databind/2.9.9/jackson-databind-2.9.9.jar:/home/user/.m2/repository/org/apache/hadoop/hadoop-kms/3.2.0/hadoop-kms-3.2.0-tests.jar:/home/user/.m2/repository/org/apache/hadoop/hadoop-hdds-server-scm/0.5.0-SNAPSHOT/hadoop-hdds-server-scm-0.5.0-SNAPSHOT-tests.jar:/home/user/.m2/repository/org/apache/hadoop/hadoop-hdds-container-service/0.5.0-SNAPSHOT/hadoop-hdds-container-service-0.5.0-SNAPSHOT-tests.jar:/home/user/.m2/repository/org/yaml/snakeyaml/1.16/snakeyaml-1.16.jar:/home/user/.m2/repository/org/apache/hadoop/hadoop-common/3.2.0/hadoop-common-3.2.0-tests.jar:/home/user/.m2/repository/org/apache/hadoop/hadoop-annotations/3.2.0/hadoop-annotations-3.2.0.jar:/usr/lib/jvm/java-1.8-openjdk/jre/../lib/tools.jar:/home/user/.m2/repository/commons-cli/commons-cli/1.2/commons-cli-1.2.jar:/home/user/.m2/repository/org/apache/httpcomponents/httpclient/4.5.2/httpclient-4.5.2.jar:/home/user/.m2/repository/org/apache/httpcomponents/httpcore/4.4.4/httpcore-4.4.4.jar:/home/user/.m2/repository/commons-codec/commons-codec/1.11/commons-codec-1.11.jar:/home/user/.m2/repository/commons-net/commons-net/3.6/commons-net-3.6.jar:/home/user/.m2/repository/commons-collections/commons-collections/3.2.2/commons-collections-3.2.2.jar:/home/user/.m2/repository/org/eclipse/jetty/jetty-servlet/9.3.25.v20180904/jetty-servlet-9.3.25.v20180904.jar:/home/user/.m2/repository/org/eclipse/jetty/jetty-security/9.3.25.v20180904/jetty-security-9.3.25.v20180904.jar:/home/user/.m2/repository/javax/servlet/jsp/jsp-api/2.1/jsp-api-2.1.jar:/home/user/.m2/repository/com/sun/jersey/jersey-servlet/1.19/jersey-servlet-1.19.jar:/home/user/.m2/repository/com/sun/jersey/jersey-json/1.19/jersey-json-1.19.jar:/home/user/.m2/repository/org/codehaus/jettison/jettison/1.1/jettison-1.1.jar:/home/user/.m2/repository/org/codehaus/jackson/jackson-core-asl/1.9.13/jackson-core-asl-1.9.13.jar:/home/user/.m2/repository/org/codehaus/jackson/jackson-mapper-asl/1.9.13/jackson-mapper-asl-1.9.13.jar:/home/user/.m2/repository/org/codehaus/jackson/jackson-jaxrs/1.9.13/jackson-jaxrs-1.9.13.jar:/home/user/.m2/repository/org/codehaus/jackson/jackson-xc/1.9.13/jackson-xc-1.9.13.jar:/home/user/.m2/repository/commons-logging/commons-logging/1.1.3/commons-logging-1.1.3.jar:/home/user/.m2/repository/commons-beanutils/commons-beanutils/1.9.4/commons-beanutils-1.9.4.jar:/home/user/.m2/repository/org/apache/commons/commons-configuration2/2.1.1/commons-configuration2-2.1.1.jar:/home/user/.m2/repository/org/apache/commons/commons-lang3/3.7/commons-lang3-3.7.jar:/home/user/.m2/repository/org/apache/commons/commons-text/1.4/commons-text-1.4.jar:/home/user/.m2/repository/org/apache/avro/avro/1.7.7/avro-1.7.7.jar:/home/user/.m2/repository/com/thoughtworks/paranamer/paranamer/2.3/paranamer-2.3.jar:/home/user/.m2/repository/org/xerial/snappy/snappy-java/1.0.5/snappy-java-1.0.5.jar:/home/user/.m2/repository/com/google/re2j/re2j/1.1/re2j-1.1.jar:/home/user/.m2/repository/com/google/code/gson/gson/2.2.4/gson-2.2.4.jar:/home/user/.m2/repository/com/jcraft/jsch/0.1.54/jsch-0.1.54.jar:/home/user/.m2/repository/org/apache/curator/curator-client/2.12.0/curator-client-2.12.0.jar:/home/user/.m2/repository/org/apache/curator/curator-recipes/2.12.0/curator-recipes-2.12.0.jar:/home/user/.m2/repository/com/google/code/findbugs/jsr305/3.0.0/jsr305-3.0.0.jar:/home/user/.m2/repository/org/apache/htrace/htrace-core4/4.1.0-incubating/htrace-core4-4.1.0-incubating.jar:/home/user/.m2/repository/org/apache/zookeeper/zookeeper/3.4.13/zookeeper-3.4.13.jar:/home/user/.m2/repository/jline/jline/0.9.94/jline-0.9.94.jar:/home/user/.m2/repository/org/apache/yetus/audience-annotations/0.5.0/audience-annotations-0.5.0.jar:/home/user/.m2/repository/org/codehaus/woodstox/stax2-api/3.1.4/stax2-api-3.1.4.jar:/home/user/.m2/repository/com/fasterxml/woodstox/woodstox-core/5.0.3/woodstox-core-5.0.3.jar:/home/user/.m2/repository/dnsjava/dnsjava/2.1.7/dnsjava-2.1.7.jar:/home/user/.m2/repository/org/apache/hadoop/hadoop-hdfs/3.2.0/hadoop-hdfs-3.2.0-tests.jar:/home/user/.m2/repository/org/eclipse/jetty/jetty-util-ajax/9.3.25.v20180904/jetty-util-ajax-9.3.25.v20180904.jar:/home/user/.m2/repository/commons-daemon/commons-daemon/1.0.13/commons-daemon-1.0.13.jar:/home/user/.m2/repository/io/netty/netty/3.10.5.Final/netty-3.10.5.Final.jar:/home/user/.m2/repository/io/netty/netty-all/4.0.52.Final/netty-all-4.0.52.Final.jar:/home/user/.m2/repository/org/fusesource/leveldbjni/leveldbjni-all/1.8/leveldbjni-all-1.8.jar:"/>
    <property name="sun.cpu.endian" value="little"/>
    <property name="user.home" value="/home/user"/>
    <property name="user.language" value="en"/>
    <property name="java.specification.vendor" value="Oracle Corporation"/>
    <property name="java.home" value="/usr/lib/jvm/java-1.8-openjdk/jre"/>
    <property name="java.security.krb5.conf" value="/workdir/hadoop-ozone/integration-test/target/test-classes/krb5.conf"/>
    <property name="basedir" value="/workdir/hadoop-ozone/integration-test"/>
    <property name="file.separator" value="/"/>
    <property name="line.separator" value="&#10;"/>
    <property name="java.vm.specification.vendor" value="Oracle Corporation"/>
    <property name="java.specification.name" value="Java Platform API Specification"/>
    <property name="java.awt.graphicsenv" value="sun.awt.X11GraphicsEnvironment"/>
    <property name="surefire.real.class.path" value="/workdir/hadoop-ozone/integration-test/target/surefire/surefirebooter9043586800610121466.jar"/>
    <property name="hadoop.log.dir" value="/workdir/hadoop-ozone/integration-test/target/log"/>
    <property name="sun.boot.class.path" value="/usr/lib/jvm/java-1.8-openjdk/jre/lib/resources.jar:/usr/lib/jvm/java-1.8-openjdk/jre/lib/rt.jar:/usr/lib/jvm/java-1.8-openjdk/jre/lib/sunrsasign.jar:/usr/lib/jvm/java-1.8-openjdk/jre/lib/jsse.jar:/usr/lib/jvm/java-1.8-openjdk/jre/lib/jce.jar:/usr/lib/jvm/java-1.8-openjdk/jre/lib/charsets.jar:/usr/lib/jvm/java-1.8-openjdk/jre/lib/jfr.jar:/usr/lib/jvm/java-1.8-openjdk/jre/classes"/>
    <property name="sun.management.compiler" value="HotSpot 64-Bit Tiered Compilers"/>
    <property name="java.runtime.version" value="1.8.0_212-b04"/>
    <property name="java.net.preferIPv4Stack" value="true"/>
    <property name="user.name" value="jenkins1000"/>
    <property name="path.separator" value=":"/>
    <property name="java.security.egd" value="file:///dev/urandom"/>
    <property name="os.version" value="3.10.0-957.12.2.el7.x86_64"/>
    <property name="java.endorsed.dirs" value="/usr/lib/jvm/java-1.8-openjdk/jre/lib/endorsed"/>
    <property name="java.runtime.name" value="OpenJDK Runtime Environment"/>
    <property name="file.encoding" value="UTF-8"/>
    <property name="java.vm.name" value="OpenJDK 64-Bit Server VM"/>
    <property name="test.build.webapps" value=""/>
    <property name="localRepository" value="/home/user/.m2/repository"/>
    <property name="java.vendor.url.bug" value="https://icedtea.classpath.org/bugzilla"/>
    <property name="java.io.tmpdir" value="/tmp"/>
    <property name="require.test.libhadoop" value=""/>
    <property name="java.version" value="1.8.0_212"/>
    <property name="user.dir" value="/workdir/hadoop-ozone/integration-test"/>
    <property name="os.arch" value="amd64"/>
    <property name="java.vm.specification.name" value="Java Virtual Machine Specification"/>
    <property name="test.build.classes" value="/workdir/hadoop-ozone/integration-test/target/test-classes"/>
    <property name="java.awt.printerjob" value="sun.print.PSPrinterJob"/>
    <property name="sun.os.patch.level" value="unknown"/>
    <property name="hadoop.tmp.dir" value="/workdir/hadoop-ozone/integration-test/target/tmp"/>
    <property name="java.library.path" value="/usr/lib/jvm/java-1.8-openjdk/jre/lib/amd64/server:/usr/lib/jvm/java-1.8-openjdk/jre/lib/amd64:/usr/lib/jvm/java-1.8-openjdk/jre/../lib/amd64:/workdir/hadoop-ozone/integration-test/target/native/target/usr/local/lib:/workdir/hadoop-ozone/integration-test/../../hadoop-common-project/hadoop-common/target/native/target/usr/local/lib:/usr/java/packages/lib/amd64:/usr/lib64:/lib64:/lib:/usr/lib"/>
    <property name="java.vm.info" value="mixed mode"/>
    <property name="java.vendor" value="IcedTea"/>
    <property name="java.vm.version" value="25.212-b04"/>
    <property name="java.ext.dirs" value="/usr/lib/jvm/java-1.8-openjdk/jre/lib/ext:/usr/java/packages/lib/ext"/>
    <property name="sun.io.unicode.encoding" value="UnicodeLittle"/>
    <property name="java.class.version" value="52.0"/>
  </properties>
  <testcase name="test2DatanodesFailure" classname="org.apache.hadoop.ozone.client.rpc.TestBlockOutputStreamWithFailures" time="104.251"/>
  <testcase name="testDatanodeFailureWithPreAllocation" classname="org.apache.hadoop.ozone.client.rpc.TestBlockOutputStreamWithFailures" time="223.32"/>
  <testcase name="testDatanodeFailureWithSingleNodeRatis" classname="org.apache.hadoop.ozone.client.rpc.TestBlockOutputStreamWithFailures" time="222.486"/>
  <testcase name="testWatchForCommitWithSingleNodeRatis" classname="org.apache.hadoop.ozone.client.rpc.TestBlockOutputStreamWithFailures" time="35.187"/>
  <testcase name="testWatchForCommitDatanodeFailure" classname="org.apache.hadoop.ozone.client.rpc.TestBlockOutputStreamWithFailures" time="47.014">
    <failure message="expected:&lt;2&gt; but was:&lt;3&gt;" type="java.lang.AssertionError"><![CDATA[java.lang.AssertionError: expected:<2> but was:<3>
	at org.junit.Assert.fail(Assert.java:88)
	at org.junit.Assert.failNotEquals(Assert.java:743)
	at org.junit.Assert.assertEquals(Assert.java:118)
	at org.junit.Assert.assertEquals(Assert.java:555)
	at org.junit.Assert.assertEquals(Assert.java:542)
	at org.apache.hadoop.ozone.client.rpc.TestBlockOutputStreamWithFailures.testWatchForCommitDatanodeFailure(TestBlockOutputStreamWithFailures.java:366)
	at sun.reflect.NativeMethodAccessorImpl.invoke0(Native Method)
	at sun.reflect.NativeMethodAccessorImpl.invoke(NativeMethodAccessorImpl.java:62)
	at sun.reflect.DelegatingMethodAccessorImpl.invoke(DelegatingMethodAccessorImpl.java:43)
	at java.lang.reflect.Method.invoke(Method.java:498)
	at org.junit.runners.model.FrameworkMethod$1.runReflectiveCall(FrameworkMethod.java:47)
	at org.junit.internal.runners.model.ReflectiveCallable.run(ReflectiveCallable.java:12)
	at org.junit.runners.model.FrameworkMethod.invokeExplosively(FrameworkMethod.java:44)
	at org.junit.internal.runners.statements.InvokeMethod.evaluate(InvokeMethod.java:17)
	at org.junit.internal.runners.statements.RunBefores.evaluate(RunBefores.java:26)
	at org.junit.internal.runners.statements.RunAfters.evaluate(RunAfters.java:27)
	at org.junit.runners.ParentRunner.runLeaf(ParentRunner.java:271)
	at org.junit.runners.BlockJUnit4ClassRunner.runChild(BlockJUnit4ClassRunner.java:70)
	at org.junit.runners.BlockJUnit4ClassRunner.runChild(BlockJUnit4ClassRunner.java:50)
	at org.junit.runners.ParentRunner$3.run(ParentRunner.java:238)
	at org.junit.runners.ParentRunner$1.schedule(ParentRunner.java:63)
	at org.junit.runners.ParentRunner.runChildren(ParentRunner.java:236)
	at org.junit.runners.ParentRunner.access$000(ParentRunner.java:53)
	at org.junit.runners.ParentRunner$2.evaluate(ParentRunner.java:229)
	at org.junit.runners.ParentRunner.run(ParentRunner.java:309)
	at org.apache.maven.surefire.junit4.JUnit4Provider.execute(JUnit4Provider.java:365)
	at org.apache.maven.surefire.junit4.JUnit4Provider.executeWithRerun(JUnit4Provider.java:273)
	at org.apache.maven.surefire.junit4.JUnit4Provider.executeTestSet(JUnit4Provider.java:238)
	at org.apache.maven.surefire.junit4.JUnit4Provider.invoke(JUnit4Provider.java:159)
	at org.apache.maven.surefire.booter.ForkedBooter.invokeProviderInSameClassLoader(ForkedBooter.java:384)
	at org.apache.maven.surefire.booter.ForkedBooter.runSuitesInProcess(ForkedBooter.java:345)
	at org.apache.maven.surefire.booter.ForkedBooter.execute(ForkedBooter.java:126)
	at org.apache.maven.surefire.booter.ForkedBooter.main(ForkedBooter.java:418)
]]></failure>
    <system-out><![CDATA[2019-10-03 08:32:35,768 [main] WARN  server.ServerUtils (ServerUtils.java:getScmDbDir(145)) - ozone.scm.db.dirs is not configured. We recommend adding this setting. Falling back to ozone.metadata.dirs instead.
2019-10-03 08:32:35,783 [main] WARN  server.ServerUtils (ServerUtils.java:getScmDbDir(145)) - ozone.scm.db.dirs is not configured. We recommend adding this setting. Falling back to ozone.metadata.dirs instead.
2019-10-03 08:32:35,783 [main] WARN  server.ServerUtils (ServerUtils.java:getScmDbDir(145)) - ozone.scm.db.dirs is not configured. We recommend adding this setting. Falling back to ozone.metadata.dirs instead.
2019-10-03 08:32:35,784 [main] INFO  db.DBStoreBuilder (DBStoreBuilder.java:addTable(110)) - using custom profile for table: deletedBlocks
2019-10-03 08:32:35,784 [main] INFO  db.DBStoreBuilder (DBStoreBuilder.java:processTables(161)) - Using default column profile:DBProfile.DISK for Table:deletedBlocks
2019-10-03 08:32:35,784 [main] INFO  db.DBStoreBuilder (DBStoreBuilder.java:addTable(110)) - using custom profile for table: validCerts
2019-10-03 08:32:35,784 [main] INFO  db.DBStoreBuilder (DBStoreBuilder.java:processTables(161)) - Using default column profile:DBProfile.DISK for Table:validCerts
2019-10-03 08:32:35,785 [main] INFO  db.DBStoreBuilder (DBStoreBuilder.java:addTable(110)) - using custom profile for table: revokedCerts
2019-10-03 08:32:35,785 [main] INFO  db.DBStoreBuilder (DBStoreBuilder.java:processTables(161)) - Using default column profile:DBProfile.DISK for Table:revokedCerts
2019-10-03 08:32:35,785 [main] INFO  db.DBStoreBuilder (DBStoreBuilder.java:addTable(110)) - using custom profile for table: default
2019-10-03 08:32:35,785 [main] INFO  db.DBStoreBuilder (DBStoreBuilder.java:processTables(167)) - Using default column profile:DBProfile.DISK for Table:default
2019-10-03 08:32:35,786 [main] INFO  db.DBStoreBuilder (DBStoreBuilder.java:getDbProfile(198)) - Using default options. DBProfile.DISK
2019-10-03 08:32:35,934 [main] INFO  net.NodeSchemaLoader (NodeSchemaLoader.java:loadSchemaFromFile(125)) - Loading file from sun.misc.CompoundEnumeration@6cbb7a7d
2019-10-03 08:32:35,934 [main] INFO  net.NodeSchemaLoader (NodeSchemaLoader.java:loadSchema(171)) - Loading network topology layer schema file
2019-10-03 08:32:35,939 [main] INFO  node.SCMNodeManager (SCMNodeManager.java:<init>(114)) - Entering startup safe mode.
2019-10-03 08:32:35,940 [main] INFO  algorithms.ContainerPlacementPolicyFactory (ContainerPlacementPolicyFactory.java:getPolicy(57)) - Create container placement policy of type org.apache.hadoop.hdds.scm.container.placement.algorithms.SCMContainerPlacementRandom
2019-10-03 08:32:35,940 [main] WARN  server.ServerUtils (ServerUtils.java:getScmDbDir(145)) - ozone.scm.db.dirs is not configured. We recommend adding this setting. Falling back to ozone.metadata.dirs instead.
2019-10-03 08:32:35,977 [main] INFO  pipeline.SCMPipelineManager (SCMPipelineManager.java:initializePipelineState(132)) - No pipeline exists in current db
2019-10-03 08:32:35,977 [main] WARN  server.ServerUtils (ServerUtils.java:getScmDbDir(145)) - ozone.scm.db.dirs is not configured. We recommend adding this setting. Falling back to ozone.metadata.dirs instead.
2019-10-03 08:32:35,998 [main] WARN  events.EventQueue (EventQueue.java:fireEvent(183)) - No event handler registered for event TypedEvent{payloadType=SafeModeStatus, name='SafeModeStatus'}
2019-10-03 08:32:35,998 [main] INFO  ipc.CallQueueManager (CallQueueManager.java:<init>(84)) - Using callQueue: class java.util.concurrent.LinkedBlockingQueue, queueCapacity: 2000, scheduler: class org.apache.hadoop.ipc.DefaultRpcScheduler, ipcBackoff: false.
2019-10-03 08:32:35,999 [Socket Reader #1 for port 36221] INFO  ipc.Server (Server.java:run(1074)) - Starting Socket Reader #1 for port 36221
2019-10-03 08:32:36,002 [main] INFO  ipc.CallQueueManager (CallQueueManager.java:<init>(84)) - Using callQueue: class java.util.concurrent.LinkedBlockingQueue, queueCapacity: 2000, scheduler: class org.apache.hadoop.ipc.DefaultRpcScheduler, ipcBackoff: false.
2019-10-03 08:32:36,002 [Socket Reader #1 for port 32855] INFO  ipc.Server (Server.java:run(1074)) - Starting Socket Reader #1 for port 32855
2019-10-03 08:32:36,004 [main] INFO  ipc.CallQueueManager (CallQueueManager.java:<init>(84)) - Using callQueue: class java.util.concurrent.LinkedBlockingQueue, queueCapacity: 2000, scheduler: class org.apache.hadoop.ipc.DefaultRpcScheduler, ipcBackoff: false.
2019-10-03 08:32:36,005 [Socket Reader #1 for port 46207] INFO  ipc.Server (Server.java:run(1074)) - Starting Socket Reader #1 for port 46207
2019-10-03 08:32:36,008 [main] INFO  hdfs.DFSUtil (DFSUtil.java:httpServerTemplateForNNAndJN(1641)) - Starting Web-server for scm at: http://0.0.0.0:0
2019-10-03 08:32:36,010 [main] INFO  server.AuthenticationFilter (AuthenticationFilter.java:constructSecretProvider(240)) - Unable to initialize FileSignerSecretProvider, falling back to use random secrets.
2019-10-03 08:32:36,011 [main] WARN  http.HttpRequestLog (HttpRequestLog.java:getRequestLog(97)) - Jetty request log can only be enabled using Log4j
2019-10-03 08:32:36,012 [main] INFO  http.HttpServer2 (HttpServer2.java:addGlobalFilter(975)) - Added global filter 'safety' (class=org.apache.hadoop.http.HttpServer2$QuotingInputFilter)
2019-10-03 08:32:36,013 [main] INFO  http.HttpServer2 (HttpServer2.java:addFilter(948)) - Added filter static_user_filter (class=org.apache.hadoop.http.lib.StaticUserWebFilter$StaticUserFilter) to context scm
2019-10-03 08:32:36,013 [main] INFO  http.HttpServer2 (HttpServer2.java:addFilter(958)) - Added filter static_user_filter (class=org.apache.hadoop.http.lib.StaticUserWebFilter$StaticUserFilter) to context static
2019-10-03 08:32:36,013 [main] INFO  http.HttpServer2 (HttpServer2.java:addFilter(958)) - Added filter static_user_filter (class=org.apache.hadoop.http.lib.StaticUserWebFilter$StaticUserFilter) to context logs
2019-10-03 08:32:36,015 [main] INFO  server.StorageContainerManager (StorageContainerManager.java:start(770)) - StorageContainerLocationProtocol RPC server is listening at /0.0.0.0:46207
2019-10-03 08:32:36,017 [main] WARN  impl.MetricsConfig (MetricsConfig.java:loadFirst(134)) - Cannot locate configuration: tried hadoop-metrics2-storagecontainermanager.properties,hadoop-metrics2.properties
2019-10-03 08:32:36,018 [main] INFO  impl.MetricsSystemImpl (MetricsSystemImpl.java:startTimer(374)) - Scheduled Metric snapshot period at 10 second(s).
2019-10-03 08:32:36,018 [main] INFO  impl.MetricsSystemImpl (MetricsSystemImpl.java:start(191)) - StorageContainerManager metrics system started
2019-10-03 08:32:36,127 [main] WARN  impl.MetricsSystemImpl (MetricsSystemImpl.java:register(276)) - Sink prometheus already exists!
2019-10-03 08:32:36,183 [main] INFO  server.SCMClientProtocolServer (SCMClientProtocolServer.java:start(159)) - RPC server for Client  is listening at /0.0.0.0:46207
2019-10-03 08:32:36,184 [IPC Server Responder] INFO  ipc.Server (Server.java:run(1314)) - IPC Server Responder: starting
2019-10-03 08:32:36,184 [IPC Server listener on 46207] INFO  ipc.Server (Server.java:run(1153)) - IPC Server listener on 46207: starting
2019-10-03 08:32:36,187 [main] INFO  server.StorageContainerManager (StorageContainerManager.java:start(780)) - ScmBlockLocationProtocol RPC server is listening at /0.0.0.0:32855
2019-10-03 08:32:36,188 [main] INFO  server.SCMBlockProtocolServer (SCMBlockProtocolServer.java:start(146)) - RPC server for Block Protocol is listening at /0.0.0.0:32855
2019-10-03 08:32:36,188 [IPC Server Responder] INFO  ipc.Server (Server.java:run(1314)) - IPC Server Responder: starting
2019-10-03 08:32:36,188 [IPC Server listener on 32855] INFO  ipc.Server (Server.java:run(1153)) - IPC Server listener on 32855: starting
2019-10-03 08:32:36,191 [main] INFO  server.StorageContainerManager (StorageContainerManager.java:start(784)) - ScmDatanodeProtocl RPC server is listening at /0.0.0.0:36221
2019-10-03 08:32:36,191 [main] INFO  server.SCMDatanodeProtocolServer (SCMDatanodeProtocolServer.java:start(169)) - RPC server for DataNodes is listening at /0.0.0.0:36221
2019-10-03 08:32:36,192 [IPC Server Responder] INFO  ipc.Server (Server.java:run(1314)) - IPC Server Responder: starting
2019-10-03 08:32:36,192 [IPC Server listener on 36221] INFO  ipc.Server (Server.java:run(1153)) - IPC Server listener on 36221: starting
2019-10-03 08:32:36,195 [main] INFO  http.HttpServer2 (HttpServer2.java:bindListener(1191)) - Jetty bound to port 40302
2019-10-03 08:32:36,195 [main] INFO  server.Server (Server.java:doStart(351)) - jetty-9.3.25.v20180904, build timestamp: 2018-09-04T21:11:46Z, git hash: 3ce520221d0240229c862b122d2b06c12a625732
2019-10-03 08:32:36,196 [main] INFO  handler.ContextHandler (ContextHandler.java:doStart(781)) - Started o.e.j.s.ServletContextHandler@37c7766e{/logs,file:///workdir/hadoop-ozone/integration-test/target/log,AVAILABLE}
2019-10-03 08:32:36,197 [main] INFO  handler.ContextHandler (ContextHandler.java:doStart(781)) - Started o.e.j.s.ServletContextHandler@4b7ed03e{/static,file:///workdir/hadoop-ozone/integration-test/target/test-classes/webapps/static,AVAILABLE}
2019-10-03 08:32:36,201 [main] INFO  handler.ContextHandler (ContextHandler.java:doStart(781)) - Started o.e.j.w.WebAppContext@28b8f98a{/,file:///workdir/hadoop-ozone/integration-test/target/test-classes/webapps/scm/,AVAILABLE}{/scm}
2019-10-03 08:32:36,201 [main] INFO  server.AbstractConnector (AbstractConnector.java:doStart(278)) - Started ServerConnector@3b4ef59f{HTTP/1.1,[http/1.1]}{0.0.0.0:40302}
2019-10-03 08:32:36,202 [main] INFO  server.Server (Server.java:doStart(419)) - Started @586203ms
2019-10-03 08:32:36,202 [main] WARN  impl.MetricsSystemImpl (MetricsSystemImpl.java:register(276)) - Sink prometheus already exists!
2019-10-03 08:32:36,203 [main] INFO  server.BaseHttpServer (BaseHttpServer.java:updateConnectorAddress(215)) - HTTP server of SCM is listening at http://0.0.0.0:40302
2019-10-03 08:32:36,204 [main] WARN  server.ServerUtils (ServerUtils.java:getDBPath(222)) - ozone.om.db.dirs is not configured. We recommend adding this setting. Falling back to ozone.metadata.dirs instead.
2019-10-03 08:32:36,204 [org.apache.hadoop.util.JvmPauseMonitor$Monitor@33e4b9c4] INFO  util.JvmPauseMonitor (JvmPauseMonitor.java:run(188)) - Starting JVM pause monitor
2019-10-03 08:32:36,218 [main] INFO  ha.OMHANodeDetails (OMHANodeDetails.java:loadOMHAConfig(190)) - Configuration either no ozone.om.address set. Falling back to the default OM address /127.0.0.1:0
2019-10-03 08:32:36,218 [main] INFO  ha.OMHANodeDetails (OMHANodeDetails.java:getOMNodeDetails(220)) - OM Service ID is not set. Setting it to the default ID: omServiceIdDefault
2019-10-03 08:32:36,218 [main] WARN  server.ServerUtils (ServerUtils.java:getDBPath(222)) - ozone.om.db.dirs is not configured. We recommend adding this setting. Falling back to ozone.metadata.dirs instead.
2019-10-03 08:32:36,219 [main] WARN  server.ServerUtils (ServerUtils.java:getDBPath(222)) - ozone.om.db.dirs is not configured. We recommend adding this setting. Falling back to ozone.metadata.dirs instead.
2019-10-03 08:32:36,224 [main] WARN  server.ServerUtils (ServerUtils.java:getDBPath(222)) - ozone.om.db.dirs is not configured. We recommend adding this setting. Falling back to ozone.metadata.dirs instead.
2019-10-03 08:32:36,224 [main] INFO  db.DBStoreBuilder (DBStoreBuilder.java:addTable(110)) - using custom profile for table: userTable
2019-10-03 08:32:36,225 [main] INFO  db.DBStoreBuilder (DBStoreBuilder.java:processTables(161)) - Using default column profile:DBProfile.DISK for Table:userTable
2019-10-03 08:32:36,225 [main] INFO  db.DBStoreBuilder (DBStoreBuilder.java:addTable(110)) - using custom profile for table: volumeTable
2019-10-03 08:32:36,225 [main] INFO  db.DBStoreBuilder (DBStoreBuilder.java:processTables(161)) - Using default column profile:DBProfile.DISK for Table:volumeTable
2019-10-03 08:32:36,225 [main] INFO  db.DBStoreBuilder (DBStoreBuilder.java:addTable(110)) - using custom profile for table: bucketTable
2019-10-03 08:32:36,225 [main] INFO  db.DBStoreBuilder (DBStoreBuilder.java:processTables(161)) - Using default column profile:DBProfile.DISK for Table:bucketTable
2019-10-03 08:32:36,226 [main] INFO  db.DBStoreBuilder (DBStoreBuilder.java:addTable(110)) - using custom profile for table: keyTable
2019-10-03 08:32:36,226 [main] INFO  db.DBStoreBuilder (DBStoreBuilder.java:processTables(161)) - Using default column profile:DBProfile.DISK for Table:keyTable
2019-10-03 08:32:36,226 [main] INFO  db.DBStoreBuilder (DBStoreBuilder.java:addTable(110)) - using custom profile for table: deletedTable
2019-10-03 08:32:36,226 [main] INFO  db.DBStoreBuilder (DBStoreBuilder.java:processTables(161)) - Using default column profile:DBProfile.DISK for Table:deletedTable
2019-10-03 08:32:36,226 [main] INFO  db.DBStoreBuilder (DBStoreBuilder.java:addTable(110)) - using custom profile for table: openKeyTable
2019-10-03 08:32:36,226 [main] INFO  db.DBStoreBuilder (DBStoreBuilder.java:processTables(161)) - Using default column profile:DBProfile.DISK for Table:openKeyTable
2019-10-03 08:32:36,227 [main] INFO  db.DBStoreBuilder (DBStoreBuilder.java:addTable(110)) - using custom profile for table: s3Table
2019-10-03 08:32:36,227 [main] INFO  db.DBStoreBuilder (DBStoreBuilder.java:processTables(161)) - Using default column profile:DBProfile.DISK for Table:s3Table
2019-10-03 08:32:36,227 [main] INFO  db.DBStoreBuilder (DBStoreBuilder.java:addTable(110)) - using custom profile for table: multipartInfoTable
2019-10-03 08:32:36,227 [main] INFO  db.DBStoreBuilder (DBStoreBuilder.java:processTables(161)) - Using default column profile:DBProfile.DISK for Table:multipartInfoTable
2019-10-03 08:32:36,227 [main] INFO  db.DBStoreBuilder (DBStoreBuilder.java:addTable(110)) - using custom profile for table: dTokenTable
2019-10-03 08:32:36,227 [main] INFO  db.DBStoreBuilder (DBStoreBuilder.java:processTables(161)) - Using default column profile:DBProfile.DISK for Table:dTokenTable
2019-10-03 08:32:36,228 [main] INFO  db.DBStoreBuilder (DBStoreBuilder.java:addTable(110)) - using custom profile for table: s3SecretTable
2019-10-03 08:32:36,228 [main] INFO  db.DBStoreBuilder (DBStoreBuilder.java:processTables(161)) - Using default column profile:DBProfile.DISK for Table:s3SecretTable
2019-10-03 08:32:36,228 [main] INFO  db.DBStoreBuilder (DBStoreBuilder.java:addTable(110)) - using custom profile for table: prefixTable
2019-10-03 08:32:36,228 [main] INFO  db.DBStoreBuilder (DBStoreBuilder.java:processTables(161)) - Using default column profile:DBProfile.DISK for Table:prefixTable
2019-10-03 08:32:36,228 [main] INFO  db.DBStoreBuilder (DBStoreBuilder.java:addTable(110)) - using custom profile for table: default
2019-10-03 08:32:36,228 [main] INFO  db.DBStoreBuilder (DBStoreBuilder.java:processTables(167)) - Using default column profile:DBProfile.DISK for Table:default
2019-10-03 08:32:36,229 [main] INFO  db.DBStoreBuilder (DBStoreBuilder.java:getDbProfile(198)) - Using default options. DBProfile.DISK
2019-10-03 08:32:36,672 [main] INFO  ipc.CallQueueManager (CallQueueManager.java:<init>(84)) - Using callQueue: class java.util.concurrent.LinkedBlockingQueue, queueCapacity: 2000, scheduler: class org.apache.hadoop.ipc.DefaultRpcScheduler, ipcBackoff: false.
2019-10-03 08:32:36,673 [Socket Reader #1 for port 36685] INFO  ipc.Server (Server.java:run(1074)) - Starting Socket Reader #1 for port 36685
2019-10-03 08:32:36,688 [main] INFO  om.OzoneManager (OzoneManager.java:start(1069)) - OzoneManager RPC server is listening at localhost/127.0.0.1:36685
2019-10-03 08:32:36,688 [main] INFO  impl.MetricsSystemImpl (MetricsSystemImpl.java:init(158)) - OzoneManager metrics system started (again)
2019-10-03 08:32:36,689 [IPC Server Responder] INFO  ipc.Server (Server.java:run(1314)) - IPC Server Responder: starting
2019-10-03 08:32:36,690 [IPC Server listener on 36685] INFO  ipc.Server (Server.java:run(1153)) - IPC Server listener on 36685: starting
2019-10-03 08:32:36,696 [main] INFO  hdfs.DFSUtil (DFSUtil.java:httpServerTemplateForNNAndJN(1641)) - Starting Web-server for ozoneManager at: http://0.0.0.0:0
2019-10-03 08:32:36,697 [main] INFO  server.AuthenticationFilter (AuthenticationFilter.java:constructSecretProvider(240)) - Unable to initialize FileSignerSecretProvider, falling back to use random secrets.
2019-10-03 08:32:36,698 [main] WARN  http.HttpRequestLog (HttpRequestLog.java:getRequestLog(97)) - Jetty request log can only be enabled using Log4j
2019-10-03 08:32:36,699 [main] INFO  http.HttpServer2 (HttpServer2.java:addGlobalFilter(975)) - Added global filter 'safety' (class=org.apache.hadoop.http.HttpServer2$QuotingInputFilter)
2019-10-03 08:32:36,700 [main] INFO  http.HttpServer2 (HttpServer2.java:addFilter(948)) - Added filter static_user_filter (class=org.apache.hadoop.http.lib.StaticUserWebFilter$StaticUserFilter) to context ozoneManager
2019-10-03 08:32:36,700 [main] INFO  http.HttpServer2 (HttpServer2.java:addFilter(958)) - Added filter static_user_filter (class=org.apache.hadoop.http.lib.StaticUserWebFilter$StaticUserFilter) to context logs
2019-10-03 08:32:36,700 [main] INFO  http.HttpServer2 (HttpServer2.java:addFilter(958)) - Added filter static_user_filter (class=org.apache.hadoop.http.lib.StaticUserWebFilter$StaticUserFilter) to context static
2019-10-03 08:32:36,700 [main] INFO  http.HttpServer2 (HttpServer2.java:bindListener(1191)) - Jetty bound to port 46164
2019-10-03 08:32:36,701 [main] INFO  server.Server (Server.java:doStart(351)) - jetty-9.3.25.v20180904, build timestamp: 2018-09-04T21:11:46Z, git hash: 3ce520221d0240229c862b122d2b06c12a625732
2019-10-03 08:32:36,702 [main] INFO  handler.ContextHandler (ContextHandler.java:doStart(781)) - Started o.e.j.s.ServletContextHandler@4645679e{/logs,file:///workdir/hadoop-ozone/integration-test/target/log,AVAILABLE}
2019-10-03 08:32:36,702 [main] INFO  handler.ContextHandler (ContextHandler.java:doStart(781)) - Started o.e.j.s.ServletContextHandler@539c4830{/static,file:///workdir/hadoop-ozone/integration-test/target/test-classes/webapps/static,AVAILABLE}
2019-10-03 08:32:36,706 [main] INFO  handler.ContextHandler (ContextHandler.java:doStart(781)) - Started o.e.j.w.WebAppContext@2cccf134{/,file:///workdir/hadoop-ozone/integration-test/target/test-classes/webapps/ozoneManager/,AVAILABLE}{/ozoneManager}
2019-10-03 08:32:36,707 [main] INFO  server.AbstractConnector (AbstractConnector.java:doStart(278)) - Started ServerConnector@3c18942{HTTP/1.1,[http/1.1]}{0.0.0.0:46164}
2019-10-03 08:32:36,708 [main] INFO  server.Server (Server.java:doStart(419)) - Started @586709ms
2019-10-03 08:32:36,708 [main] WARN  impl.MetricsSystemImpl (MetricsSystemImpl.java:register(276)) - Sink prometheus already exists!
2019-10-03 08:32:36,709 [main] INFO  server.BaseHttpServer (BaseHttpServer.java:updateConnectorAddress(215)) - HTTP server of OZONEMANAGER is listening at http://0.0.0.0:46164
2019-10-03 08:32:36,727 [main] INFO  impl.MetricsSystemImpl (MetricsSystemImpl.java:init(158)) - HddsDatanode metrics system started (again)
2019-10-03 08:32:36,732 [main] INFO  ozone.HddsDatanodeService (HddsDatanodeService.java:start(184)) - HddsDatanodeService host:pr-hdds-2234-ztsc4-2614151736 ip:192.168.151.103
2019-10-03 08:32:36,738 [main] INFO  volume.HddsVolume (HddsVolume.java:<init>(176)) - Creating Volume: /workdir/hadoop-ozone/integration-test/target/test-dir/MiniOzoneClusterImpl-176ba0bc-51bb-4eaa-8e2d-f4d79c94d5b2/datanode-0/data/containers/hdds of  storage type : DISK and capacity : 1482555576320
2019-10-03 08:32:36,738 [main] INFO  volume.VolumeSet (VolumeSet.java:initializeVolumeSet(170)) - Added Volume : /workdir/hadoop-ozone/integration-test/target/test-dir/MiniOzoneClusterImpl-176ba0bc-51bb-4eaa-8e2d-f4d79c94d5b2/datanode-0/data/containers/hdds to VolumeSet
2019-10-03 08:32:36,738 [main] INFO  volume.ThrottledAsyncChecker (ThrottledAsyncChecker.java:schedule(139)) - Scheduling a check for org.apache.hadoop.ozone.container.common.volume.HddsVolume@55296b50
2019-10-03 08:32:36,739 [main] INFO  volume.HddsVolumeChecker (HddsVolumeChecker.java:checkAllVolumes(202)) - Scheduled health check for volume org.apache.hadoop.ozone.container.common.volume.HddsVolume@55296b50
2019-10-03 08:32:36,751 [main] INFO  impl.RaftServerProxy (ConfUtils.java:logGet(43)) - raft.rpc.type = GRPC (default)
2019-10-03 08:32:36,751 [main] INFO  grpc.GrpcFactory (GrpcFactory.java:checkPooledByteBufAllocatorUseCacheForAllThreads(45)) - PERFORMANCE WARNING: useCacheForAllThreads is true that may cause Netty to create a lot garbage objects and, as a result, trigger GC.
	It is recommended to disable useCacheForAllThreads by setting -Dorg.apache.ratis.thirdparty.io.netty.allocator.useCacheForAllThreads=false in command line.
2019-10-03 08:32:36,751 [main] INFO  grpc.GrpcConfigKeys$Server (ConfUtils.java:logGet(43)) - raft.grpc.server.port = 0 (default)
2019-10-03 08:32:36,751 [main] INFO  server.GrpcService (ConfUtils.java:logGet(43)) - raft.grpc.message.size.max = 33570816 (custom)
2019-10-03 08:32:36,752 [main] INFO  server.RaftServerConfigKeys (ConfUtils.java:logGet(43)) - raft.server.log.appender.buffer.byte-limit = 33554432 (custom)
2019-10-03 08:32:36,752 [main] INFO  server.GrpcService (ConfUtils.java:logGet(43)) - raft.grpc.flow.control.window = 1MB (=1048576) (default)
2019-10-03 08:32:36,752 [main] INFO  server.RaftServerConfigKeys (ConfUtils.java:logGet(43)) - raft.server.rpc.request.timeout = 3000ms (default)
2019-10-03 08:32:36,752 [main] INFO  server.RaftServerConfigKeys (ConfUtils.java:logGet(43)) - raft.server.storage.dir = [/workdir/hadoop-ozone/integration-test/target/test-dir/MiniOzoneClusterImpl-176ba0bc-51bb-4eaa-8e2d-f4d79c94d5b2/datanode-0/data/ratis] (custom)
2019-10-03 08:32:36,754 [main] INFO  hdfs.DFSUtil (DFSUtil.java:httpServerTemplateForNNAndJN(1641)) - Starting Web-server for hddsDatanode at: http://0.0.0.0:0
2019-10-03 08:32:36,755 [main] INFO  server.AuthenticationFilter (AuthenticationFilter.java:constructSecretProvider(240)) - Unable to initialize FileSignerSecretProvider, falling back to use random secrets.
2019-10-03 08:32:36,755 [main] WARN  http.HttpRequestLog (HttpRequestLog.java:getRequestLog(97)) - Jetty request log can only be enabled using Log4j
2019-10-03 08:32:36,757 [main] INFO  http.HttpServer2 (HttpServer2.java:addGlobalFilter(975)) - Added global filter 'safety' (class=org.apache.hadoop.http.HttpServer2$QuotingInputFilter)
2019-10-03 08:32:36,757 [main] INFO  http.HttpServer2 (HttpServer2.java:addFilter(948)) - Added filter static_user_filter (class=org.apache.hadoop.http.lib.StaticUserWebFilter$StaticUserFilter) to context hddsDatanode
2019-10-03 08:32:36,758 [main] INFO  http.HttpServer2 (HttpServer2.java:addFilter(958)) - Added filter static_user_filter (class=org.apache.hadoop.http.lib.StaticUserWebFilter$StaticUserFilter) to context logs
2019-10-03 08:32:36,758 [main] INFO  http.HttpServer2 (HttpServer2.java:addFilter(958)) - Added filter static_user_filter (class=org.apache.hadoop.http.lib.StaticUserWebFilter$StaticUserFilter) to context static
2019-10-03 08:32:36,758 [main] INFO  http.HttpServer2 (HttpServer2.java:bindListener(1191)) - Jetty bound to port 43936
2019-10-03 08:32:36,759 [main] INFO  server.Server (Server.java:doStart(351)) - jetty-9.3.25.v20180904, build timestamp: 2018-09-04T21:11:46Z, git hash: 3ce520221d0240229c862b122d2b06c12a625732
2019-10-03 08:32:36,760 [main] INFO  handler.ContextHandler (ContextHandler.java:doStart(781)) - Started o.e.j.s.ServletContextHandler@7f4a1cac{/logs,file:///workdir/hadoop-ozone/integration-test/target/log,AVAILABLE}
2019-10-03 08:32:36,760 [main] INFO  handler.ContextHandler (ContextHandler.java:doStart(781)) - Started o.e.j.s.ServletContextHandler@c568f91{/static,jar:file:/home/user/.m2/repository/org/apache/hadoop/hadoop-hdds-container-service/0.5.0-SNAPSHOT/hadoop-hdds-container-service-0.5.0-SNAPSHOT.jar!/webapps/static,AVAILABLE}
2019-10-03 08:32:36,795 [main] INFO  handler.ContextHandler (ContextHandler.java:doStart(781)) - Started o.e.j.w.WebAppContext@3e53c4ad{/,file:///tmp/jetty-0.0.0.0-43936-hddsDatanode-_-any-440972529645655520.dir/webapp/,AVAILABLE}{/hddsDatanode}
2019-10-03 08:32:36,796 [main] INFO  server.AbstractConnector (AbstractConnector.java:doStart(278)) - Started ServerConnector@33eb0d4{HTTP/1.1,[http/1.1]}{0.0.0.0:43936}
2019-10-03 08:32:36,797 [main] INFO  server.Server (Server.java:doStart(419)) - Started @586798ms
2019-10-03 08:32:36,797 [main] WARN  impl.MetricsSystemImpl (MetricsSystemImpl.java:register(276)) - Sink prometheus already exists!
2019-10-03 08:32:36,798 [main] INFO  server.BaseHttpServer (BaseHttpServer.java:updateConnectorAddress(215)) - HTTP server of HDDSDATANODE is listening at http://0.0.0.0:43936
2019-10-03 08:32:36,798 [main] INFO  impl.MetricsSystemImpl (MetricsSystemImpl.java:init(158)) - HddsDatanode metrics system started (again)
2019-10-03 08:32:36,802 [org.apache.hadoop.util.JvmPauseMonitor$Monitor@3b1e34b2] INFO  util.JvmPauseMonitor (JvmPauseMonitor.java:run(188)) - Starting JVM pause monitor
2019-10-03 08:32:36,803 [main] INFO  ozone.HddsDatanodeService (HddsDatanodeService.java:start(184)) - HddsDatanodeService host:pr-hdds-2234-ztsc4-2614151736 ip:192.168.151.103
2019-10-03 08:32:36,803 [Datanode State Machine Thread - 0] INFO  datanode.InitDatanodeState (InitDatanodeState.java:persistContainerDatanodeDetails(140)) - DatanodeDetails is persisted to /workdir/hadoop-ozone/integration-test/target/test-dir/MiniOzoneClusterImpl-176ba0bc-51bb-4eaa-8e2d-f4d79c94d5b2/datanode-0/meta/datanode.id
2019-10-03 08:32:36,808 [main] INFO  volume.HddsVolume (HddsVolume.java:<init>(176)) - Creating Volume: /workdir/hadoop-ozone/integration-test/target/test-dir/MiniOzoneClusterImpl-176ba0bc-51bb-4eaa-8e2d-f4d79c94d5b2/datanode-1/data/containers/hdds of  storage type : DISK and capacity : 1482555576320
2019-10-03 08:32:36,808 [main] INFO  volume.VolumeSet (VolumeSet.java:initializeVolumeSet(170)) - Added Volume : /workdir/hadoop-ozone/integration-test/target/test-dir/MiniOzoneClusterImpl-176ba0bc-51bb-4eaa-8e2d-f4d79c94d5b2/datanode-1/data/containers/hdds to VolumeSet
2019-10-03 08:32:36,808 [main] INFO  volume.ThrottledAsyncChecker (ThrottledAsyncChecker.java:schedule(139)) - Scheduling a check for org.apache.hadoop.ozone.container.common.volume.HddsVolume@703e8050
2019-10-03 08:32:36,808 [main] INFO  volume.HddsVolumeChecker (HddsVolumeChecker.java:checkAllVolumes(202)) - Scheduled health check for volume org.apache.hadoop.ozone.container.common.volume.HddsVolume@703e8050
2019-10-03 08:32:36,819 [main] INFO  impl.RaftServerProxy (ConfUtils.java:logGet(43)) - raft.rpc.type = GRPC (default)
2019-10-03 08:32:36,819 [main] INFO  grpc.GrpcFactory (GrpcFactory.java:checkPooledByteBufAllocatorUseCacheForAllThreads(45)) - PERFORMANCE WARNING: useCacheForAllThreads is true that may cause Netty to create a lot garbage objects and, as a result, trigger GC.
	It is recommended to disable useCacheForAllThreads by setting -Dorg.apache.ratis.thirdparty.io.netty.allocator.useCacheForAllThreads=false in command line.
2019-10-03 08:32:36,819 [main] INFO  grpc.GrpcConfigKeys$Server (ConfUtils.java:logGet(43)) - raft.grpc.server.port = 0 (default)
2019-10-03 08:32:36,820 [main] INFO  server.GrpcService (ConfUtils.java:logGet(43)) - raft.grpc.message.size.max = 33570816 (custom)
2019-10-03 08:32:36,820 [main] INFO  server.RaftServerConfigKeys (ConfUtils.java:logGet(43)) - raft.server.log.appender.buffer.byte-limit = 33554432 (custom)
2019-10-03 08:32:36,820 [main] INFO  server.GrpcService (ConfUtils.java:logGet(43)) - raft.grpc.flow.control.window = 1MB (=1048576) (default)
2019-10-03 08:32:36,820 [main] INFO  server.RaftServerConfigKeys (ConfUtils.java:logGet(43)) - raft.server.rpc.request.timeout = 3000ms (default)
2019-10-03 08:32:36,820 [main] INFO  server.RaftServerConfigKeys (ConfUtils.java:logGet(43)) - raft.server.storage.dir = [/workdir/hadoop-ozone/integration-test/target/test-dir/MiniOzoneClusterImpl-176ba0bc-51bb-4eaa-8e2d-f4d79c94d5b2/datanode-1/data/ratis] (custom)
2019-10-03 08:32:36,822 [main] INFO  hdfs.DFSUtil (DFSUtil.java:httpServerTemplateForNNAndJN(1641)) - Starting Web-server for hddsDatanode at: http://0.0.0.0:0
2019-10-03 08:32:36,823 [main] INFO  server.AuthenticationFilter (AuthenticationFilter.java:constructSecretProvider(240)) - Unable to initialize FileSignerSecretProvider, falling back to use random secrets.
2019-10-03 08:32:36,823 [main] WARN  http.HttpRequestLog (HttpRequestLog.java:getRequestLog(97)) - Jetty request log can only be enabled using Log4j
2019-10-03 08:32:36,824 [main] INFO  http.HttpServer2 (HttpServer2.java:addGlobalFilter(975)) - Added global filter 'safety' (class=org.apache.hadoop.http.HttpServer2$QuotingInputFilter)
2019-10-03 08:32:36,824 [main] INFO  http.HttpServer2 (HttpServer2.java:addFilter(948)) - Added filter static_user_filter (class=org.apache.hadoop.http.lib.StaticUserWebFilter$StaticUserFilter) to context hddsDatanode
2019-10-03 08:32:36,824 [main] INFO  http.HttpServer2 (HttpServer2.java:addFilter(958)) - Added filter static_user_filter (class=org.apache.hadoop.http.lib.StaticUserWebFilter$StaticUserFilter) to context static
2019-10-03 08:32:36,825 [main] INFO  http.HttpServer2 (HttpServer2.java:addFilter(958)) - Added filter static_user_filter (class=org.apache.hadoop.http.lib.StaticUserWebFilter$StaticUserFilter) to context logs
2019-10-03 08:32:36,825 [main] INFO  http.HttpServer2 (HttpServer2.java:bindListener(1191)) - Jetty bound to port 44136
2019-10-03 08:32:36,825 [main] INFO  server.Server (Server.java:doStart(351)) - jetty-9.3.25.v20180904, build timestamp: 2018-09-04T21:11:46Z, git hash: 3ce520221d0240229c862b122d2b06c12a625732
2019-10-03 08:32:36,826 [main] INFO  handler.ContextHandler (ContextHandler.java:doStart(781)) - Started o.e.j.s.ServletContextHandler@17ec335a{/logs,file:///workdir/hadoop-ozone/integration-test/target/log,AVAILABLE}
2019-10-03 08:32:36,827 [main] INFO  handler.ContextHandler (ContextHandler.java:doStart(781)) - Started o.e.j.s.ServletContextHandler@565d7d2f{/static,jar:file:/home/user/.m2/repository/org/apache/hadoop/hadoop-hdds-container-service/0.5.0-SNAPSHOT/hadoop-hdds-container-service-0.5.0-SNAPSHOT.jar!/webapps/static,AVAILABLE}
2019-10-03 08:32:36,853 [main] INFO  handler.ContextHandler (ContextHandler.java:doStart(781)) - Started o.e.j.w.WebAppContext@624b3544{/,file:///tmp/jetty-0.0.0.0-44136-hddsDatanode-_-any-2221373892111549813.dir/webapp/,AVAILABLE}{/hddsDatanode}
2019-10-03 08:32:36,853 [main] INFO  server.AbstractConnector (AbstractConnector.java:doStart(278)) - Started ServerConnector@454bcbbf{HTTP/1.1,[http/1.1]}{0.0.0.0:44136}
2019-10-03 08:32:36,854 [main] INFO  server.Server (Server.java:doStart(419)) - Started @586855ms
2019-10-03 08:32:36,855 [main] WARN  impl.MetricsSystemImpl (MetricsSystemImpl.java:register(276)) - Sink prometheus already exists!
2019-10-03 08:32:36,855 [main] INFO  server.BaseHttpServer (BaseHttpServer.java:updateConnectorAddress(215)) - HTTP server of HDDSDATANODE is listening at http://0.0.0.0:44136
2019-10-03 08:32:36,856 [main] INFO  impl.MetricsSystemImpl (MetricsSystemImpl.java:init(158)) - HddsDatanode metrics system started (again)
2019-10-03 08:32:36,859 [org.apache.hadoop.util.JvmPauseMonitor$Monitor@1b8ed42a] INFO  util.JvmPauseMonitor (JvmPauseMonitor.java:run(188)) - Starting JVM pause monitor
2019-10-03 08:32:36,860 [main] INFO  ozone.HddsDatanodeService (HddsDatanodeService.java:start(184)) - HddsDatanodeService host:pr-hdds-2234-ztsc4-2614151736 ip:192.168.151.103
2019-10-03 08:32:36,860 [Datanode State Machine Thread - 0] INFO  datanode.InitDatanodeState (InitDatanodeState.java:persistContainerDatanodeDetails(140)) - DatanodeDetails is persisted to /workdir/hadoop-ozone/integration-test/target/test-dir/MiniOzoneClusterImpl-176ba0bc-51bb-4eaa-8e2d-f4d79c94d5b2/datanode-1/meta/datanode.id
2019-10-03 08:32:36,864 [main] INFO  volume.HddsVolume (HddsVolume.java:<init>(176)) - Creating Volume: /workdir/hadoop-ozone/integration-test/target/test-dir/MiniOzoneClusterImpl-176ba0bc-51bb-4eaa-8e2d-f4d79c94d5b2/datanode-2/data/containers/hdds of  storage type : DISK and capacity : 1482555576320
2019-10-03 08:32:36,865 [main] INFO  volume.VolumeSet (VolumeSet.java:initializeVolumeSet(170)) - Added Volume : /workdir/hadoop-ozone/integration-test/target/test-dir/MiniOzoneClusterImpl-176ba0bc-51bb-4eaa-8e2d-f4d79c94d5b2/datanode-2/data/containers/hdds to VolumeSet
2019-10-03 08:32:36,865 [main] INFO  volume.ThrottledAsyncChecker (ThrottledAsyncChecker.java:schedule(139)) - Scheduling a check for org.apache.hadoop.ozone.container.common.volume.HddsVolume@2017f6e6
2019-10-03 08:32:36,865 [main] INFO  volume.HddsVolumeChecker (HddsVolumeChecker.java:checkAllVolumes(202)) - Scheduled health check for volume org.apache.hadoop.ozone.container.common.volume.HddsVolume@2017f6e6
2019-10-03 08:32:36,876 [main] INFO  impl.RaftServerProxy (ConfUtils.java:logGet(43)) - raft.rpc.type = GRPC (default)
2019-10-03 08:32:36,876 [main] INFO  grpc.GrpcFactory (GrpcFactory.java:checkPooledByteBufAllocatorUseCacheForAllThreads(45)) - PERFORMANCE WARNING: useCacheForAllThreads is true that may cause Netty to create a lot garbage objects and, as a result, trigger GC.
	It is recommended to disable useCacheForAllThreads by setting -Dorg.apache.ratis.thirdparty.io.netty.allocator.useCacheForAllThreads=false in command line.
2019-10-03 08:32:36,876 [main] INFO  grpc.GrpcConfigKeys$Server (ConfUtils.java:logGet(43)) - raft.grpc.server.port = 0 (default)
2019-10-03 08:32:36,876 [main] INFO  server.GrpcService (ConfUtils.java:logGet(43)) - raft.grpc.message.size.max = 33570816 (custom)
2019-10-03 08:32:36,876 [main] INFO  server.RaftServerConfigKeys (ConfUtils.java:logGet(43)) - raft.server.log.appender.buffer.byte-limit = 33554432 (custom)
2019-10-03 08:32:36,876 [main] INFO  server.GrpcService (ConfUtils.java:logGet(43)) - raft.grpc.flow.control.window = 1MB (=1048576) (default)
2019-10-03 08:32:36,877 [main] INFO  server.RaftServerConfigKeys (ConfUtils.java:logGet(43)) - raft.server.rpc.request.timeout = 3000ms (default)
2019-10-03 08:32:36,877 [main] INFO  server.RaftServerConfigKeys (ConfUtils.java:logGet(43)) - raft.server.storage.dir = [/workdir/hadoop-ozone/integration-test/target/test-dir/MiniOzoneClusterImpl-176ba0bc-51bb-4eaa-8e2d-f4d79c94d5b2/datanode-2/data/ratis] (custom)
2019-10-03 08:32:36,878 [main] INFO  hdfs.DFSUtil (DFSUtil.java:httpServerTemplateForNNAndJN(1641)) - Starting Web-server for hddsDatanode at: http://0.0.0.0:0
2019-10-03 08:32:36,879 [main] INFO  server.AuthenticationFilter (AuthenticationFilter.java:constructSecretProvider(240)) - Unable to initialize FileSignerSecretProvider, falling back to use random secrets.
2019-10-03 08:32:36,879 [main] WARN  http.HttpRequestLog (HttpRequestLog.java:getRequestLog(97)) - Jetty request log can only be enabled using Log4j
2019-10-03 08:32:36,880 [main] INFO  http.HttpServer2 (HttpServer2.java:addGlobalFilter(975)) - Added global filter 'safety' (class=org.apache.hadoop.http.HttpServer2$QuotingInputFilter)
2019-10-03 08:32:36,881 [main] INFO  http.HttpServer2 (HttpServer2.java:addFilter(948)) - Added filter static_user_filter (class=org.apache.hadoop.http.lib.StaticUserWebFilter$StaticUserFilter) to context hddsDatanode
2019-10-03 08:32:36,881 [main] INFO  http.HttpServer2 (HttpServer2.java:addFilter(958)) - Added filter static_user_filter (class=org.apache.hadoop.http.lib.StaticUserWebFilter$StaticUserFilter) to context logs
2019-10-03 08:32:36,881 [main] INFO  http.HttpServer2 (HttpServer2.java:addFilter(958)) - Added filter static_user_filter (class=org.apache.hadoop.http.lib.StaticUserWebFilter$StaticUserFilter) to context static
2019-10-03 08:32:36,881 [main] INFO  http.HttpServer2 (HttpServer2.java:bindListener(1191)) - Jetty bound to port 40056
2019-10-03 08:32:36,882 [main] INFO  server.Server (Server.java:doStart(351)) - jetty-9.3.25.v20180904, build timestamp: 2018-09-04T21:11:46Z, git hash: 3ce520221d0240229c862b122d2b06c12a625732
2019-10-03 08:32:36,883 [main] INFO  handler.ContextHandler (ContextHandler.java:doStart(781)) - Started o.e.j.s.ServletContextHandler@226d5af0{/logs,file:///workdir/hadoop-ozone/integration-test/target/log,AVAILABLE}
2019-10-03 08:32:36,883 [main] INFO  handler.ContextHandler (ContextHandler.java:doStart(781)) - Started o.e.j.s.ServletContextHandler@36d582cb{/static,jar:file:/home/user/.m2/repository/org/apache/hadoop/hadoop-hdds-container-service/0.5.0-SNAPSHOT/hadoop-hdds-container-service-0.5.0-SNAPSHOT.jar!/webapps/static,AVAILABLE}
2019-10-03 08:32:36,909 [main] INFO  handler.ContextHandler (ContextHandler.java:doStart(781)) - Started o.e.j.w.WebAppContext@19a5b637{/,file:///tmp/jetty-0.0.0.0-40056-hddsDatanode-_-any-2841875910540377144.dir/webapp/,AVAILABLE}{/hddsDatanode}
2019-10-03 08:32:36,909 [main] INFO  server.AbstractConnector (AbstractConnector.java:doStart(278)) - Started ServerConnector@4f3c7808{HTTP/1.1,[http/1.1]}{0.0.0.0:40056}
2019-10-03 08:32:36,910 [main] INFO  server.Server (Server.java:doStart(419)) - Started @586911ms
2019-10-03 08:32:36,911 [main] WARN  impl.MetricsSystemImpl (MetricsSystemImpl.java:register(276)) - Sink prometheus already exists!
2019-10-03 08:32:36,911 [main] INFO  server.BaseHttpServer (BaseHttpServer.java:updateConnectorAddress(215)) - HTTP server of HDDSDATANODE is listening at http://0.0.0.0:40056
2019-10-03 08:32:36,911 [main] INFO  impl.MetricsSystemImpl (MetricsSystemImpl.java:init(158)) - HddsDatanode metrics system started (again)
2019-10-03 08:32:36,915 [org.apache.hadoop.util.JvmPauseMonitor$Monitor@73ad4a38] INFO  util.JvmPauseMonitor (JvmPauseMonitor.java:run(188)) - Starting JVM pause monitor
2019-10-03 08:32:36,916 [main] INFO  ozone.HddsDatanodeService (HddsDatanodeService.java:start(184)) - HddsDatanodeService host:pr-hdds-2234-ztsc4-2614151736 ip:192.168.151.103
2019-10-03 08:32:36,916 [Datanode State Machine Thread - 0] INFO  datanode.InitDatanodeState (InitDatanodeState.java:persistContainerDatanodeDetails(140)) - DatanodeDetails is persisted to /workdir/hadoop-ozone/integration-test/target/test-dir/MiniOzoneClusterImpl-176ba0bc-51bb-4eaa-8e2d-f4d79c94d5b2/datanode-2/meta/datanode.id
2019-10-03 08:32:36,921 [main] INFO  volume.HddsVolume (HddsVolume.java:<init>(176)) - Creating Volume: /workdir/hadoop-ozone/integration-test/target/test-dir/MiniOzoneClusterImpl-176ba0bc-51bb-4eaa-8e2d-f4d79c94d5b2/datanode-3/data/containers/hdds of  storage type : DISK and capacity : 1482555576320
2019-10-03 08:32:36,921 [main] INFO  volume.VolumeSet (VolumeSet.java:initializeVolumeSet(170)) - Added Volume : /workdir/hadoop-ozone/integration-test/target/test-dir/MiniOzoneClusterImpl-176ba0bc-51bb-4eaa-8e2d-f4d79c94d5b2/datanode-3/data/containers/hdds to VolumeSet
2019-10-03 08:32:36,921 [main] INFO  volume.ThrottledAsyncChecker (ThrottledAsyncChecker.java:schedule(139)) - Scheduling a check for org.apache.hadoop.ozone.container.common.volume.HddsVolume@56fda064
2019-10-03 08:32:36,921 [main] INFO  volume.HddsVolumeChecker (HddsVolumeChecker.java:checkAllVolumes(202)) - Scheduled health check for volume org.apache.hadoop.ozone.container.common.volume.HddsVolume@56fda064
2019-10-03 08:32:36,932 [main] INFO  impl.RaftServerProxy (ConfUtils.java:logGet(43)) - raft.rpc.type = GRPC (default)
2019-10-03 08:32:36,932 [main] INFO  grpc.GrpcFactory (GrpcFactory.java:checkPooledByteBufAllocatorUseCacheForAllThreads(45)) - PERFORMANCE WARNING: useCacheForAllThreads is true that may cause Netty to create a lot garbage objects and, as a result, trigger GC.
	It is recommended to disable useCacheForAllThreads by setting -Dorg.apache.ratis.thirdparty.io.netty.allocator.useCacheForAllThreads=false in command line.
2019-10-03 08:32:36,932 [main] INFO  grpc.GrpcConfigKeys$Server (ConfUtils.java:logGet(43)) - raft.grpc.server.port = 0 (default)
2019-10-03 08:32:36,932 [main] INFO  server.GrpcService (ConfUtils.java:logGet(43)) - raft.grpc.message.size.max = 33570816 (custom)
2019-10-03 08:32:36,932 [main] INFO  server.RaftServerConfigKeys (ConfUtils.java:logGet(43)) - raft.server.log.appender.buffer.byte-limit = 33554432 (custom)
2019-10-03 08:32:36,932 [main] INFO  server.GrpcService (ConfUtils.java:logGet(43)) - raft.grpc.flow.control.window = 1MB (=1048576) (default)
2019-10-03 08:32:36,933 [main] INFO  server.RaftServerConfigKeys (ConfUtils.java:logGet(43)) - raft.server.rpc.request.timeout = 3000ms (default)
2019-10-03 08:32:36,933 [main] INFO  server.RaftServerConfigKeys (ConfUtils.java:logGet(43)) - raft.server.storage.dir = [/workdir/hadoop-ozone/integration-test/target/test-dir/MiniOzoneClusterImpl-176ba0bc-51bb-4eaa-8e2d-f4d79c94d5b2/datanode-3/data/ratis] (custom)
2019-10-03 08:32:36,934 [main] INFO  hdfs.DFSUtil (DFSUtil.java:httpServerTemplateForNNAndJN(1641)) - Starting Web-server for hddsDatanode at: http://0.0.0.0:0
2019-10-03 08:32:36,935 [main] INFO  server.AuthenticationFilter (AuthenticationFilter.java:constructSecretProvider(240)) - Unable to initialize FileSignerSecretProvider, falling back to use random secrets.
2019-10-03 08:32:36,935 [main] WARN  http.HttpRequestLog (HttpRequestLog.java:getRequestLog(97)) - Jetty request log can only be enabled using Log4j
2019-10-03 08:32:36,936 [main] INFO  http.HttpServer2 (HttpServer2.java:addGlobalFilter(975)) - Added global filter 'safety' (class=org.apache.hadoop.http.HttpServer2$QuotingInputFilter)
2019-10-03 08:32:36,937 [main] INFO  http.HttpServer2 (HttpServer2.java:addFilter(948)) - Added filter static_user_filter (class=org.apache.hadoop.http.lib.StaticUserWebFilter$StaticUserFilter) to context hddsDatanode
2019-10-03 08:32:36,937 [main] INFO  http.HttpServer2 (HttpServer2.java:addFilter(958)) - Added filter static_user_filter (class=org.apache.hadoop.http.lib.StaticUserWebFilter$StaticUserFilter) to context logs
2019-10-03 08:32:36,937 [main] INFO  http.HttpServer2 (HttpServer2.java:addFilter(958)) - Added filter static_user_filter (class=org.apache.hadoop.http.lib.StaticUserWebFilter$StaticUserFilter) to context static
2019-10-03 08:32:36,937 [main] INFO  http.HttpServer2 (HttpServer2.java:bindListener(1191)) - Jetty bound to port 40675
2019-10-03 08:32:36,937 [main] INFO  server.Server (Server.java:doStart(351)) - jetty-9.3.25.v20180904, build timestamp: 2018-09-04T21:11:46Z, git hash: 3ce520221d0240229c862b122d2b06c12a625732
2019-10-03 08:32:36,938 [main] INFO  handler.ContextHandler (ContextHandler.java:doStart(781)) - Started o.e.j.s.ServletContextHandler@289f15e9{/logs,file:///workdir/hadoop-ozone/integration-test/target/log,AVAILABLE}
2019-10-03 08:32:36,939 [main] INFO  handler.ContextHandler (ContextHandler.java:doStart(781)) - Started o.e.j.s.ServletContextHandler@6af87130{/static,jar:file:/home/user/.m2/repository/org/apache/hadoop/hadoop-hdds-container-service/0.5.0-SNAPSHOT/hadoop-hdds-container-service-0.5.0-SNAPSHOT.jar!/webapps/static,AVAILABLE}
2019-10-03 08:32:36,965 [main] INFO  handler.ContextHandler (ContextHandler.java:doStart(781)) - Started o.e.j.w.WebAppContext@2c7c0e36{/,file:///tmp/jetty-0.0.0.0-40675-hddsDatanode-_-any-4907799741568002501.dir/webapp/,AVAILABLE}{/hddsDatanode}
2019-10-03 08:32:36,965 [main] INFO  server.AbstractConnector (AbstractConnector.java:doStart(278)) - Started ServerConnector@307cf964{HTTP/1.1,[http/1.1]}{0.0.0.0:40675}
2019-10-03 08:32:36,966 [main] INFO  server.Server (Server.java:doStart(419)) - Started @586967ms
2019-10-03 08:32:36,966 [main] WARN  impl.MetricsSystemImpl (MetricsSystemImpl.java:register(276)) - Sink prometheus already exists!
2019-10-03 08:32:36,967 [main] INFO  server.BaseHttpServer (BaseHttpServer.java:updateConnectorAddress(215)) - HTTP server of HDDSDATANODE is listening at http://0.0.0.0:40675
2019-10-03 08:32:36,967 [main] INFO  impl.MetricsSystemImpl (MetricsSystemImpl.java:init(158)) - HddsDatanode metrics system started (again)
2019-10-03 08:32:36,971 [org.apache.hadoop.util.JvmPauseMonitor$Monitor@b401a8b] INFO  util.JvmPauseMonitor (JvmPauseMonitor.java:run(188)) - Starting JVM pause monitor
2019-10-03 08:32:36,972 [main] INFO  ozone.HddsDatanodeService (HddsDatanodeService.java:start(184)) - HddsDatanodeService host:pr-hdds-2234-ztsc4-2614151736 ip:192.168.151.103
2019-10-03 08:32:36,972 [Datanode State Machine Thread - 0] INFO  datanode.InitDatanodeState (InitDatanodeState.java:persistContainerDatanodeDetails(140)) - DatanodeDetails is persisted to /workdir/hadoop-ozone/integration-test/target/test-dir/MiniOzoneClusterImpl-176ba0bc-51bb-4eaa-8e2d-f4d79c94d5b2/datanode-3/meta/datanode.id
2019-10-03 08:32:36,977 [main] INFO  volume.HddsVolume (HddsVolume.java:<init>(176)) - Creating Volume: /workdir/hadoop-ozone/integration-test/target/test-dir/MiniOzoneClusterImpl-176ba0bc-51bb-4eaa-8e2d-f4d79c94d5b2/datanode-4/data/containers/hdds of  storage type : DISK and capacity : 1482555576320
2019-10-03 08:32:36,977 [main] INFO  volume.VolumeSet (VolumeSet.java:initializeVolumeSet(170)) - Added Volume : /workdir/hadoop-ozone/integration-test/target/test-dir/MiniOzoneClusterImpl-176ba0bc-51bb-4eaa-8e2d-f4d79c94d5b2/datanode-4/data/containers/hdds to VolumeSet
2019-10-03 08:32:36,977 [main] INFO  volume.ThrottledAsyncChecker (ThrottledAsyncChecker.java:schedule(139)) - Scheduling a check for org.apache.hadoop.ozone.container.common.volume.HddsVolume@2e0ad709
2019-10-03 08:32:36,977 [main] INFO  volume.HddsVolumeChecker (HddsVolumeChecker.java:checkAllVolumes(202)) - Scheduled health check for volume org.apache.hadoop.ozone.container.common.volume.HddsVolume@2e0ad709
2019-10-03 08:32:36,988 [main] INFO  impl.RaftServerProxy (ConfUtils.java:logGet(43)) - raft.rpc.type = GRPC (default)
2019-10-03 08:32:36,989 [main] INFO  grpc.GrpcFactory (GrpcFactory.java:checkPooledByteBufAllocatorUseCacheForAllThreads(45)) - PERFORMANCE WARNING: useCacheForAllThreads is true that may cause Netty to create a lot garbage objects and, as a result, trigger GC.
	It is recommended to disable useCacheForAllThreads by setting -Dorg.apache.ratis.thirdparty.io.netty.allocator.useCacheForAllThreads=false in command line.
2019-10-03 08:32:36,989 [main] INFO  grpc.GrpcConfigKeys$Server (ConfUtils.java:logGet(43)) - raft.grpc.server.port = 0 (default)
2019-10-03 08:32:36,989 [main] INFO  server.GrpcService (ConfUtils.java:logGet(43)) - raft.grpc.message.size.max = 33570816 (custom)
2019-10-03 08:32:36,989 [main] INFO  server.RaftServerConfigKeys (ConfUtils.java:logGet(43)) - raft.server.log.appender.buffer.byte-limit = 33554432 (custom)
2019-10-03 08:32:36,989 [main] INFO  server.GrpcService (ConfUtils.java:logGet(43)) - raft.grpc.flow.control.window = 1MB (=1048576) (default)
2019-10-03 08:32:36,989 [main] INFO  server.RaftServerConfigKeys (ConfUtils.java:logGet(43)) - raft.server.rpc.request.timeout = 3000ms (default)
2019-10-03 08:32:36,990 [main] INFO  server.RaftServerConfigKeys (ConfUtils.java:logGet(43)) - raft.server.storage.dir = [/workdir/hadoop-ozone/integration-test/target/test-dir/MiniOzoneClusterImpl-176ba0bc-51bb-4eaa-8e2d-f4d79c94d5b2/datanode-4/data/ratis] (custom)
2019-10-03 08:32:36,991 [main] INFO  hdfs.DFSUtil (DFSUtil.java:httpServerTemplateForNNAndJN(1641)) - Starting Web-server for hddsDatanode at: http://0.0.0.0:0
2019-10-03 08:32:36,992 [main] INFO  server.AuthenticationFilter (AuthenticationFilter.java:constructSecretProvider(240)) - Unable to initialize FileSignerSecretProvider, falling back to use random secrets.
2019-10-03 08:32:36,992 [main] WARN  http.HttpRequestLog (HttpRequestLog.java:getRequestLog(97)) - Jetty request log can only be enabled using Log4j
2019-10-03 08:32:36,993 [main] INFO  http.HttpServer2 (HttpServer2.java:addGlobalFilter(975)) - Added global filter 'safety' (class=org.apache.hadoop.http.HttpServer2$QuotingInputFilter)
2019-10-03 08:32:36,994 [main] INFO  http.HttpServer2 (HttpServer2.java:addFilter(948)) - Added filter static_user_filter (class=org.apache.hadoop.http.lib.StaticUserWebFilter$StaticUserFilter) to context hddsDatanode
2019-10-03 08:32:36,994 [main] INFO  http.HttpServer2 (HttpServer2.java:addFilter(958)) - Added filter static_user_filter (class=org.apache.hadoop.http.lib.StaticUserWebFilter$StaticUserFilter) to context logs
2019-10-03 08:32:36,994 [main] INFO  http.HttpServer2 (HttpServer2.java:addFilter(958)) - Added filter static_user_filter (class=org.apache.hadoop.http.lib.StaticUserWebFilter$StaticUserFilter) to context static
2019-10-03 08:32:36,994 [main] INFO  http.HttpServer2 (HttpServer2.java:bindListener(1191)) - Jetty bound to port 44155
2019-10-03 08:32:36,995 [main] INFO  server.Server (Server.java:doStart(351)) - jetty-9.3.25.v20180904, build timestamp: 2018-09-04T21:11:46Z, git hash: 3ce520221d0240229c862b122d2b06c12a625732
2019-10-03 08:32:36,996 [main] INFO  handler.ContextHandler (ContextHandler.java:doStart(781)) - Started o.e.j.s.ServletContextHandler@7761e342{/logs,file:///workdir/hadoop-ozone/integration-test/target/log,AVAILABLE}
2019-10-03 08:32:36,996 [main] INFO  handler.ContextHandler (ContextHandler.java:doStart(781)) - Started o.e.j.s.ServletContextHandler@4eb9ae4d{/static,jar:file:/home/user/.m2/repository/org/apache/hadoop/hadoop-hdds-container-service/0.5.0-SNAPSHOT/hadoop-hdds-container-service-0.5.0-SNAPSHOT.jar!/webapps/static,AVAILABLE}
2019-10-03 08:32:37,021 [main] INFO  handler.ContextHandler (ContextHandler.java:doStart(781)) - Started o.e.j.w.WebAppContext@2abc55c4{/,file:///tmp/jetty-0.0.0.0-44155-hddsDatanode-_-any-5930212302883096148.dir/webapp/,AVAILABLE}{/hddsDatanode}
2019-10-03 08:32:37,022 [main] INFO  server.AbstractConnector (AbstractConnector.java:doStart(278)) - Started ServerConnector@4e958f08{HTTP/1.1,[http/1.1]}{0.0.0.0:44155}
2019-10-03 08:32:37,022 [main] INFO  server.Server (Server.java:doStart(419)) - Started @587022ms
2019-10-03 08:32:37,024 [main] WARN  impl.MetricsSystemImpl (MetricsSystemImpl.java:register(276)) - Sink prometheus already exists!
2019-10-03 08:32:37,024 [main] INFO  server.BaseHttpServer (BaseHttpServer.java:updateConnectorAddress(215)) - HTTP server of HDDSDATANODE is listening at http://0.0.0.0:44155
2019-10-03 08:32:37,025 [main] INFO  impl.MetricsSystemImpl (MetricsSystemImpl.java:init(158)) - HddsDatanode metrics system started (again)
2019-10-03 08:32:37,030 [org.apache.hadoop.util.JvmPauseMonitor$Monitor@37c2d7c7] INFO  util.JvmPauseMonitor (JvmPauseMonitor.java:run(188)) - Starting JVM pause monitor
2019-10-03 08:32:37,030 [main] INFO  ozone.HddsDatanodeService (HddsDatanodeService.java:start(184)) - HddsDatanodeService host:pr-hdds-2234-ztsc4-2614151736 ip:192.168.151.103
2019-10-03 08:32:37,031 [Datanode State Machine Thread - 0] INFO  datanode.InitDatanodeState (InitDatanodeState.java:persistContainerDatanodeDetails(140)) - DatanodeDetails is persisted to /workdir/hadoop-ozone/integration-test/target/test-dir/MiniOzoneClusterImpl-176ba0bc-51bb-4eaa-8e2d-f4d79c94d5b2/datanode-4/meta/datanode.id
2019-10-03 08:32:37,036 [main] INFO  volume.HddsVolume (HddsVolume.java:<init>(176)) - Creating Volume: /workdir/hadoop-ozone/integration-test/target/test-dir/MiniOzoneClusterImpl-176ba0bc-51bb-4eaa-8e2d-f4d79c94d5b2/datanode-5/data/containers/hdds of  storage type : DISK and capacity : 1482555576320
2019-10-03 08:32:37,036 [main] INFO  volume.VolumeSet (VolumeSet.java:initializeVolumeSet(170)) - Added Volume : /workdir/hadoop-ozone/integration-test/target/test-dir/MiniOzoneClusterImpl-176ba0bc-51bb-4eaa-8e2d-f4d79c94d5b2/datanode-5/data/containers/hdds to VolumeSet
2019-10-03 08:32:37,036 [main] INFO  volume.ThrottledAsyncChecker (ThrottledAsyncChecker.java:schedule(139)) - Scheduling a check for org.apache.hadoop.ozone.container.common.volume.HddsVolume@79cb8ffa
2019-10-03 08:32:37,036 [main] INFO  volume.HddsVolumeChecker (HddsVolumeChecker.java:checkAllVolumes(202)) - Scheduled health check for volume org.apache.hadoop.ozone.container.common.volume.HddsVolume@79cb8ffa
2019-10-03 08:32:37,047 [main] INFO  impl.RaftServerProxy (ConfUtils.java:logGet(43)) - raft.rpc.type = GRPC (default)
2019-10-03 08:32:37,047 [main] INFO  grpc.GrpcFactory (GrpcFactory.java:checkPooledByteBufAllocatorUseCacheForAllThreads(45)) - PERFORMANCE WARNING: useCacheForAllThreads is true that may cause Netty to create a lot garbage objects and, as a result, trigger GC.
	It is recommended to disable useCacheForAllThreads by setting -Dorg.apache.ratis.thirdparty.io.netty.allocator.useCacheForAllThreads=false in command line.
2019-10-03 08:32:37,047 [main] INFO  grpc.GrpcConfigKeys$Server (ConfUtils.java:logGet(43)) - raft.grpc.server.port = 0 (default)
2019-10-03 08:32:37,048 [main] INFO  server.GrpcService (ConfUtils.java:logGet(43)) - raft.grpc.message.size.max = 33570816 (custom)
2019-10-03 08:32:37,048 [main] INFO  server.RaftServerConfigKeys (ConfUtils.java:logGet(43)) - raft.server.log.appender.buffer.byte-limit = 33554432 (custom)
2019-10-03 08:32:37,048 [main] INFO  server.GrpcService (ConfUtils.java:logGet(43)) - raft.grpc.flow.control.window = 1MB (=1048576) (default)
2019-10-03 08:32:37,048 [main] INFO  server.RaftServerConfigKeys (ConfUtils.java:logGet(43)) - raft.server.rpc.request.timeout = 3000ms (default)
2019-10-03 08:32:37,048 [main] INFO  server.RaftServerConfigKeys (ConfUtils.java:logGet(43)) - raft.server.storage.dir = [/workdir/hadoop-ozone/integration-test/target/test-dir/MiniOzoneClusterImpl-176ba0bc-51bb-4eaa-8e2d-f4d79c94d5b2/datanode-5/data/ratis] (custom)
2019-10-03 08:32:37,049 [main] INFO  hdfs.DFSUtil (DFSUtil.java:httpServerTemplateForNNAndJN(1641)) - Starting Web-server for hddsDatanode at: http://0.0.0.0:0
2019-10-03 08:32:37,050 [main] INFO  server.AuthenticationFilter (AuthenticationFilter.java:constructSecretProvider(240)) - Unable to initialize FileSignerSecretProvider, falling back to use random secrets.
2019-10-03 08:32:37,051 [main] WARN  http.HttpRequestLog (HttpRequestLog.java:getRequestLog(97)) - Jetty request log can only be enabled using Log4j
2019-10-03 08:32:37,052 [main] INFO  http.HttpServer2 (HttpServer2.java:addGlobalFilter(975)) - Added global filter 'safety' (class=org.apache.hadoop.http.HttpServer2$QuotingInputFilter)
2019-10-03 08:32:37,052 [main] INFO  http.HttpServer2 (HttpServer2.java:addFilter(948)) - Added filter static_user_filter (class=org.apache.hadoop.http.lib.StaticUserWebFilter$StaticUserFilter) to context hddsDatanode
2019-10-03 08:32:37,052 [main] INFO  http.HttpServer2 (HttpServer2.java:addFilter(958)) - Added filter static_user_filter (class=org.apache.hadoop.http.lib.StaticUserWebFilter$StaticUserFilter) to context static
2019-10-03 08:32:37,052 [main] INFO  http.HttpServer2 (HttpServer2.java:addFilter(958)) - Added filter static_user_filter (class=org.apache.hadoop.http.lib.StaticUserWebFilter$StaticUserFilter) to context logs
2019-10-03 08:32:37,053 [main] INFO  http.HttpServer2 (HttpServer2.java:bindListener(1191)) - Jetty bound to port 44492
2019-10-03 08:32:37,053 [main] INFO  server.Server (Server.java:doStart(351)) - jetty-9.3.25.v20180904, build timestamp: 2018-09-04T21:11:46Z, git hash: 3ce520221d0240229c862b122d2b06c12a625732
2019-10-03 08:32:37,054 [main] INFO  handler.ContextHandler (ContextHandler.java:doStart(781)) - Started o.e.j.s.ServletContextHandler@4245bf68{/logs,file:///workdir/hadoop-ozone/integration-test/target/log,AVAILABLE}
2019-10-03 08:32:37,054 [main] INFO  handler.ContextHandler (ContextHandler.java:doStart(781)) - Started o.e.j.s.ServletContextHandler@6a8a551e{/static,jar:file:/home/user/.m2/repository/org/apache/hadoop/hadoop-hdds-container-service/0.5.0-SNAPSHOT/hadoop-hdds-container-service-0.5.0-SNAPSHOT.jar!/webapps/static,AVAILABLE}
2019-10-03 08:32:37,080 [main] INFO  handler.ContextHandler (ContextHandler.java:doStart(781)) - Started o.e.j.w.WebAppContext@50cbcca7{/,file:///tmp/jetty-0.0.0.0-44492-hddsDatanode-_-any-3853102049074453173.dir/webapp/,AVAILABLE}{/hddsDatanode}
2019-10-03 08:32:37,080 [main] INFO  server.AbstractConnector (AbstractConnector.java:doStart(278)) - Started ServerConnector@49491770{HTTP/1.1,[http/1.1]}{0.0.0.0:44492}
2019-10-03 08:32:37,081 [main] INFO  server.Server (Server.java:doStart(419)) - Started @587081ms
2019-10-03 08:32:37,082 [main] WARN  impl.MetricsSystemImpl (MetricsSystemImpl.java:register(276)) - Sink prometheus already exists!
2019-10-03 08:32:37,083 [main] INFO  server.BaseHttpServer (BaseHttpServer.java:updateConnectorAddress(215)) - HTTP server of HDDSDATANODE is listening at http://0.0.0.0:44492
2019-10-03 08:32:37,083 [main] INFO  impl.MetricsSystemImpl (MetricsSystemImpl.java:init(158)) - HddsDatanode metrics system started (again)
2019-10-03 08:32:37,088 [org.apache.hadoop.util.JvmPauseMonitor$Monitor@8d2a3b] INFO  util.JvmPauseMonitor (JvmPauseMonitor.java:run(188)) - Starting JVM pause monitor
2019-10-03 08:32:37,089 [main] INFO  ozone.HddsDatanodeService (HddsDatanodeService.java:start(184)) - HddsDatanodeService host:pr-hdds-2234-ztsc4-2614151736 ip:192.168.151.103
2019-10-03 08:32:37,089 [Datanode State Machine Thread - 0] INFO  datanode.InitDatanodeState (InitDatanodeState.java:persistContainerDatanodeDetails(140)) - DatanodeDetails is persisted to /workdir/hadoop-ozone/integration-test/target/test-dir/MiniOzoneClusterImpl-176ba0bc-51bb-4eaa-8e2d-f4d79c94d5b2/datanode-5/meta/datanode.id
2019-10-03 08:32:37,094 [main] INFO  volume.HddsVolume (HddsVolume.java:<init>(176)) - Creating Volume: /workdir/hadoop-ozone/integration-test/target/test-dir/MiniOzoneClusterImpl-176ba0bc-51bb-4eaa-8e2d-f4d79c94d5b2/datanode-6/data/containers/hdds of  storage type : DISK and capacity : 1482555576320
2019-10-03 08:32:37,094 [main] INFO  volume.VolumeSet (VolumeSet.java:initializeVolumeSet(170)) - Added Volume : /workdir/hadoop-ozone/integration-test/target/test-dir/MiniOzoneClusterImpl-176ba0bc-51bb-4eaa-8e2d-f4d79c94d5b2/datanode-6/data/containers/hdds to VolumeSet
2019-10-03 08:32:37,095 [main] INFO  volume.ThrottledAsyncChecker (ThrottledAsyncChecker.java:schedule(139)) - Scheduling a check for org.apache.hadoop.ozone.container.common.volume.HddsVolume@31881aa2
2019-10-03 08:32:37,095 [main] INFO  volume.HddsVolumeChecker (HddsVolumeChecker.java:checkAllVolumes(202)) - Scheduled health check for volume org.apache.hadoop.ozone.container.common.volume.HddsVolume@31881aa2
2019-10-03 08:32:37,106 [main] INFO  impl.RaftServerProxy (ConfUtils.java:logGet(43)) - raft.rpc.type = GRPC (default)
2019-10-03 08:32:37,106 [main] INFO  grpc.GrpcFactory (GrpcFactory.java:checkPooledByteBufAllocatorUseCacheForAllThreads(45)) - PERFORMANCE WARNING: useCacheForAllThreads is true that may cause Netty to create a lot garbage objects and, as a result, trigger GC.
	It is recommended to disable useCacheForAllThreads by setting -Dorg.apache.ratis.thirdparty.io.netty.allocator.useCacheForAllThreads=false in command line.
2019-10-03 08:32:37,106 [main] INFO  grpc.GrpcConfigKeys$Server (ConfUtils.java:logGet(43)) - raft.grpc.server.port = 0 (default)
2019-10-03 08:32:37,106 [main] INFO  server.GrpcService (ConfUtils.java:logGet(43)) - raft.grpc.message.size.max = 33570816 (custom)
2019-10-03 08:32:37,106 [main] INFO  server.RaftServerConfigKeys (ConfUtils.java:logGet(43)) - raft.server.log.appender.buffer.byte-limit = 33554432 (custom)
2019-10-03 08:32:37,107 [main] INFO  server.GrpcService (ConfUtils.java:logGet(43)) - raft.grpc.flow.control.window = 1MB (=1048576) (default)
2019-10-03 08:32:37,107 [main] INFO  server.RaftServerConfigKeys (ConfUtils.java:logGet(43)) - raft.server.rpc.request.timeout = 3000ms (default)
2019-10-03 08:32:37,107 [main] INFO  server.RaftServerConfigKeys (ConfUtils.java:logGet(43)) - raft.server.storage.dir = [/workdir/hadoop-ozone/integration-test/target/test-dir/MiniOzoneClusterImpl-176ba0bc-51bb-4eaa-8e2d-f4d79c94d5b2/datanode-6/data/ratis] (custom)
2019-10-03 08:32:37,108 [main] INFO  hdfs.DFSUtil (DFSUtil.java:httpServerTemplateForNNAndJN(1641)) - Starting Web-server for hddsDatanode at: http://0.0.0.0:0
2019-10-03 08:32:37,109 [main] INFO  server.AuthenticationFilter (AuthenticationFilter.java:constructSecretProvider(240)) - Unable to initialize FileSignerSecretProvider, falling back to use random secrets.
2019-10-03 08:32:37,109 [main] WARN  http.HttpRequestLog (HttpRequestLog.java:getRequestLog(97)) - Jetty request log can only be enabled using Log4j
2019-10-03 08:32:37,110 [main] INFO  http.HttpServer2 (HttpServer2.java:addGlobalFilter(975)) - Added global filter 'safety' (class=org.apache.hadoop.http.HttpServer2$QuotingInputFilter)
2019-10-03 08:32:37,111 [main] INFO  http.HttpServer2 (HttpServer2.java:addFilter(948)) - Added filter static_user_filter (class=org.apache.hadoop.http.lib.StaticUserWebFilter$StaticUserFilter) to context hddsDatanode
2019-10-03 08:32:37,111 [main] INFO  http.HttpServer2 (HttpServer2.java:addFilter(958)) - Added filter static_user_filter (class=org.apache.hadoop.http.lib.StaticUserWebFilter$StaticUserFilter) to context static
2019-10-03 08:32:37,111 [main] INFO  http.HttpServer2 (HttpServer2.java:addFilter(958)) - Added filter static_user_filter (class=org.apache.hadoop.http.lib.StaticUserWebFilter$StaticUserFilter) to context logs
2019-10-03 08:32:37,112 [main] INFO  http.HttpServer2 (HttpServer2.java:bindListener(1191)) - Jetty bound to port 42487
2019-10-03 08:32:37,112 [main] INFO  server.Server (Server.java:doStart(351)) - jetty-9.3.25.v20180904, build timestamp: 2018-09-04T21:11:46Z, git hash: 3ce520221d0240229c862b122d2b06c12a625732
2019-10-03 08:32:37,113 [main] INFO  handler.ContextHandler (ContextHandler.java:doStart(781)) - Started o.e.j.s.ServletContextHandler@5ba1b62e{/logs,file:///workdir/hadoop-ozone/integration-test/target/log,AVAILABLE}
2019-10-03 08:32:37,113 [main] INFO  handler.ContextHandler (ContextHandler.java:doStart(781)) - Started o.e.j.s.ServletContextHandler@74697863{/static,jar:file:/home/user/.m2/repository/org/apache/hadoop/hadoop-hdds-container-service/0.5.0-SNAPSHOT/hadoop-hdds-container-service-0.5.0-SNAPSHOT.jar!/webapps/static,AVAILABLE}
2019-10-03 08:32:37,139 [main] INFO  handler.ContextHandler (ContextHandler.java:doStart(781)) - Started o.e.j.w.WebAppContext@6ddc67d0{/,file:///tmp/jetty-0.0.0.0-42487-hddsDatanode-_-any-2251096621175097970.dir/webapp/,AVAILABLE}{/hddsDatanode}
2019-10-03 08:32:37,139 [main] INFO  server.AbstractConnector (AbstractConnector.java:doStart(278)) - Started ServerConnector@7767bd4e{HTTP/1.1,[http/1.1]}{0.0.0.0:42487}
2019-10-03 08:32:37,139 [main] INFO  server.Server (Server.java:doStart(419)) - Started @587140ms
2019-10-03 08:32:37,148 [main] WARN  impl.MetricsSystemImpl (MetricsSystemImpl.java:register(276)) - Sink prometheus already exists!
2019-10-03 08:32:37,148 [main] INFO  server.BaseHttpServer (BaseHttpServer.java:updateConnectorAddress(215)) - HTTP server of HDDSDATANODE is listening at http://0.0.0.0:42487
2019-10-03 08:32:37,149 [main] INFO  ozone.MiniOzoneClusterImpl (MiniOzoneClusterImpl.java:lambda$waitForClusterToBeReady$0(147)) - Waiting for cluster to be ready. Got 0 of 7 DN Heartbeats.
2019-10-03 08:32:37,150 [org.apache.hadoop.util.JvmPauseMonitor$Monitor@6cf56424] INFO  util.JvmPauseMonitor (JvmPauseMonitor.java:run(188)) - Starting JVM pause monitor
2019-10-03 08:32:37,151 [Datanode State Machine Thread - 0] INFO  datanode.InitDatanodeState (InitDatanodeState.java:persistContainerDatanodeDetails(140)) - DatanodeDetails is persisted to /workdir/hadoop-ozone/integration-test/target/test-dir/MiniOzoneClusterImpl-176ba0bc-51bb-4eaa-8e2d-f4d79c94d5b2/datanode-6/meta/datanode.id
2019-10-03 08:32:38,149 [main] INFO  ozone.MiniOzoneClusterImpl (MiniOzoneClusterImpl.java:lambda$waitForClusterToBeReady$0(147)) - Waiting for cluster to be ready. Got 0 of 7 DN Heartbeats.
2019-10-03 08:32:38,830 [Datanode State Machine Thread - 0] INFO  ozoneimpl.OzoneContainer (OzoneContainer.java:start(217)) - Attempting to start container services.
2019-10-03 08:32:38,831 [Datanode State Machine Thread - 0] INFO  ozoneimpl.OzoneContainer (OzoneContainer.java:startContainerScrub(179)) - Background container scanner has been disabled.
2019-10-03 08:32:38,831 [Datanode State Machine Thread - 0] INFO  ratis.XceiverServerRatis (XceiverServerRatis.java:start(417)) - Starting XceiverServerRatis e3fb16e0-7066-4756-a24b-fa8bee236c7d at port 0
2019-10-03 08:32:38,836 [Datanode State Machine Thread - 0] INFO  impl.RaftServerProxy (RaftServerProxy.java:lambda$start$3(299)) - e3fb16e0-7066-4756-a24b-fa8bee236c7d: start RPC server
2019-10-03 08:32:38,839 [Datanode State Machine Thread - 0] INFO  server.GrpcService (GrpcService.java:startImpl(158)) - e3fb16e0-7066-4756-a24b-fa8bee236c7d: GrpcService started, listening on 0.0.0.0/0.0.0.0:40888
2019-10-03 08:32:38,839 [Datanode State Machine Thread - 0] INFO  ratis.XceiverServerRatis (XceiverServerRatis.java:start(427)) - XceiverServerRatis e3fb16e0-7066-4756-a24b-fa8bee236c7d is started using port 40888
2019-10-03 08:32:38,839 [Datanode State Machine Thread - 0] INFO  server.XceiverServerGrpc (XceiverServerGrpc.java:start(149)) - XceiverServerGrpc e3fb16e0-7066-4756-a24b-fa8bee236c7d is started using port 32832
2019-10-03 08:32:38,874 [Datanode State Machine Thread - 0] INFO  ozoneimpl.OzoneContainer (OzoneContainer.java:start(217)) - Attempting to start container services.
2019-10-03 08:32:38,874 [Datanode State Machine Thread - 0] INFO  ozoneimpl.OzoneContainer (OzoneContainer.java:startContainerScrub(179)) - Background container scanner has been disabled.
2019-10-03 08:32:38,874 [Datanode State Machine Thread - 0] INFO  ratis.XceiverServerRatis (XceiverServerRatis.java:start(417)) - Starting XceiverServerRatis 8fa6b618-ecc1-4831-80a7-5b838334a4af at port 0
2019-10-03 08:32:38,878 [Datanode State Machine Thread - 0] INFO  impl.RaftServerProxy (RaftServerProxy.java:lambda$start$3(299)) - 8fa6b618-ecc1-4831-80a7-5b838334a4af: start RPC server
2019-10-03 08:32:38,880 [Datanode State Machine Thread - 0] INFO  server.GrpcService (GrpcService.java:startImpl(158)) - 8fa6b618-ecc1-4831-80a7-5b838334a4af: GrpcService started, listening on 0.0.0.0/0.0.0.0:41124
2019-10-03 08:32:38,880 [Datanode State Machine Thread - 0] INFO  ratis.XceiverServerRatis (XceiverServerRatis.java:start(427)) - XceiverServerRatis 8fa6b618-ecc1-4831-80a7-5b838334a4af is started using port 41124
2019-10-03 08:32:38,881 [Datanode State Machine Thread - 0] INFO  server.XceiverServerGrpc (XceiverServerGrpc.java:start(149)) - XceiverServerGrpc 8fa6b618-ecc1-4831-80a7-5b838334a4af is started using port 45672
2019-10-03 08:32:38,929 [Datanode State Machine Thread - 0] INFO  ozoneimpl.OzoneContainer (OzoneContainer.java:start(217)) - Attempting to start container services.
2019-10-03 08:32:38,929 [Datanode State Machine Thread - 0] INFO  ozoneimpl.OzoneContainer (OzoneContainer.java:startContainerScrub(179)) - Background container scanner has been disabled.
2019-10-03 08:32:38,929 [Datanode State Machine Thread - 0] INFO  ratis.XceiverServerRatis (XceiverServerRatis.java:start(417)) - Starting XceiverServerRatis 072f5f93-30cd-441c-b95e-93d65198a03a at port 0
2019-10-03 08:32:38,934 [Datanode State Machine Thread - 0] INFO  impl.RaftServerProxy (RaftServerProxy.java:lambda$start$3(299)) - 072f5f93-30cd-441c-b95e-93d65198a03a: start RPC server
2019-10-03 08:32:38,935 [Datanode State Machine Thread - 0] INFO  server.GrpcService (GrpcService.java:startImpl(158)) - 072f5f93-30cd-441c-b95e-93d65198a03a: GrpcService started, listening on 0.0.0.0/0.0.0.0:36662
2019-10-03 08:32:38,935 [Datanode State Machine Thread - 0] INFO  ratis.XceiverServerRatis (XceiverServerRatis.java:start(427)) - XceiverServerRatis 072f5f93-30cd-441c-b95e-93d65198a03a is started using port 36662
2019-10-03 08:32:38,935 [Datanode State Machine Thread - 0] INFO  server.XceiverServerGrpc (XceiverServerGrpc.java:start(149)) - XceiverServerGrpc 072f5f93-30cd-441c-b95e-93d65198a03a is started using port 41813
2019-10-03 08:32:38,986 [Datanode State Machine Thread - 0] INFO  ozoneimpl.OzoneContainer (OzoneContainer.java:start(217)) - Attempting to start container services.
2019-10-03 08:32:38,986 [Datanode State Machine Thread - 0] INFO  ozoneimpl.OzoneContainer (OzoneContainer.java:startContainerScrub(179)) - Background container scanner has been disabled.
2019-10-03 08:32:38,986 [Datanode State Machine Thread - 0] INFO  ratis.XceiverServerRatis (XceiverServerRatis.java:start(417)) - Starting XceiverServerRatis 7708fc3f-22ad-4852-9dd3-b9f2e0e79c56 at port 0
2019-10-03 08:32:38,991 [Datanode State Machine Thread - 0] INFO  impl.RaftServerProxy (RaftServerProxy.java:lambda$start$3(299)) - 7708fc3f-22ad-4852-9dd3-b9f2e0e79c56: start RPC server
2019-10-03 08:32:38,991 [Datanode State Machine Thread - 0] INFO  server.GrpcService (GrpcService.java:startImpl(158)) - 7708fc3f-22ad-4852-9dd3-b9f2e0e79c56: GrpcService started, listening on 0.0.0.0/0.0.0.0:38986
2019-10-03 08:32:38,991 [Datanode State Machine Thread - 0] INFO  ratis.XceiverServerRatis (XceiverServerRatis.java:start(427)) - XceiverServerRatis 7708fc3f-22ad-4852-9dd3-b9f2e0e79c56 is started using port 38986
2019-10-03 08:32:38,992 [Datanode State Machine Thread - 0] INFO  server.XceiverServerGrpc (XceiverServerGrpc.java:start(149)) - XceiverServerGrpc 7708fc3f-22ad-4852-9dd3-b9f2e0e79c56 is started using port 38073
2019-10-03 08:32:39,043 [Datanode State Machine Thread - 0] INFO  ozoneimpl.OzoneContainer (OzoneContainer.java:start(217)) - Attempting to start container services.
2019-10-03 08:32:39,043 [Datanode State Machine Thread - 0] INFO  ozoneimpl.OzoneContainer (OzoneContainer.java:startContainerScrub(179)) - Background container scanner has been disabled.
2019-10-03 08:32:39,043 [Datanode State Machine Thread - 0] INFO  ratis.XceiverServerRatis (XceiverServerRatis.java:start(417)) - Starting XceiverServerRatis ba87ae0a-6ea0-47b2-b3c7-194fd3912d70 at port 0
2019-10-03 08:32:39,049 [Datanode State Machine Thread - 0] INFO  impl.RaftServerProxy (RaftServerProxy.java:lambda$start$3(299)) - ba87ae0a-6ea0-47b2-b3c7-194fd3912d70: start RPC server
2019-10-03 08:32:39,051 [Datanode State Machine Thread - 0] INFO  server.GrpcService (GrpcService.java:startImpl(158)) - ba87ae0a-6ea0-47b2-b3c7-194fd3912d70: GrpcService started, listening on 0.0.0.0/0.0.0.0:33183
2019-10-03 08:32:39,051 [Datanode State Machine Thread - 0] INFO  ratis.XceiverServerRatis (XceiverServerRatis.java:start(427)) - XceiverServerRatis ba87ae0a-6ea0-47b2-b3c7-194fd3912d70 is started using port 33183
2019-10-03 08:32:39,052 [Datanode State Machine Thread - 0] INFO  server.XceiverServerGrpc (XceiverServerGrpc.java:start(149)) - XceiverServerGrpc ba87ae0a-6ea0-47b2-b3c7-194fd3912d70 is started using port 37556
2019-10-03 08:32:39,101 [Datanode State Machine Thread - 0] INFO  ozoneimpl.OzoneContainer (OzoneContainer.java:start(217)) - Attempting to start container services.
2019-10-03 08:32:39,101 [Datanode State Machine Thread - 0] INFO  ozoneimpl.OzoneContainer (OzoneContainer.java:startContainerScrub(179)) - Background container scanner has been disabled.
2019-10-03 08:32:39,101 [Datanode State Machine Thread - 0] INFO  ratis.XceiverServerRatis (XceiverServerRatis.java:start(417)) - Starting XceiverServerRatis 681a0601-90e6-4364-b871-1ad035efeee4 at port 0
2019-10-03 08:32:39,106 [Datanode State Machine Thread - 0] INFO  impl.RaftServerProxy (RaftServerProxy.java:lambda$start$3(299)) - 681a0601-90e6-4364-b871-1ad035efeee4: start RPC server
2019-10-03 08:32:39,115 [Datanode State Machine Thread - 0] INFO  server.GrpcService (GrpcService.java:startImpl(158)) - 681a0601-90e6-4364-b871-1ad035efeee4: GrpcService started, listening on 0.0.0.0/0.0.0.0:38961
2019-10-03 08:32:39,115 [Datanode State Machine Thread - 0] INFO  ratis.XceiverServerRatis (XceiverServerRatis.java:start(427)) - XceiverServerRatis 681a0601-90e6-4364-b871-1ad035efeee4 is started using port 38961
2019-10-03 08:32:39,115 [Datanode State Machine Thread - 0] INFO  server.XceiverServerGrpc (XceiverServerGrpc.java:start(149)) - XceiverServerGrpc 681a0601-90e6-4364-b871-1ad035efeee4 is started using port 44873
2019-10-03 08:32:39,150 [main] INFO  ozone.MiniOzoneClusterImpl (MiniOzoneClusterImpl.java:lambda$waitForClusterToBeReady$0(147)) - Waiting for cluster to be ready. Got 0 of 7 DN Heartbeats.
2019-10-03 08:32:39,163 [Datanode State Machine Thread - 0] INFO  ozoneimpl.OzoneContainer (OzoneContainer.java:start(217)) - Attempting to start container services.
2019-10-03 08:32:39,163 [Datanode State Machine Thread - 0] INFO  ozoneimpl.OzoneContainer (OzoneContainer.java:startContainerScrub(179)) - Background container scanner has been disabled.
2019-10-03 08:32:39,163 [Datanode State Machine Thread - 0] INFO  ratis.XceiverServerRatis (XceiverServerRatis.java:start(417)) - Starting XceiverServerRatis 29c911b2-ebe4-409a-8bb5-8ec1ac3a1adf at port 0
2019-10-03 08:32:39,169 [Datanode State Machine Thread - 0] INFO  impl.RaftServerProxy (RaftServerProxy.java:lambda$start$3(299)) - 29c911b2-ebe4-409a-8bb5-8ec1ac3a1adf: start RPC server
2019-10-03 08:32:39,171 [Datanode State Machine Thread - 0] INFO  server.GrpcService (GrpcService.java:startImpl(158)) - 29c911b2-ebe4-409a-8bb5-8ec1ac3a1adf: GrpcService started, listening on 0.0.0.0/0.0.0.0:38954
2019-10-03 08:32:39,172 [Datanode State Machine Thread - 0] INFO  ratis.XceiverServerRatis (XceiverServerRatis.java:start(427)) - XceiverServerRatis 29c911b2-ebe4-409a-8bb5-8ec1ac3a1adf is started using port 38954
2019-10-03 08:32:39,172 [Datanode State Machine Thread - 0] INFO  server.XceiverServerGrpc (XceiverServerGrpc.java:start(149)) - XceiverServerGrpc 29c911b2-ebe4-409a-8bb5-8ec1ac3a1adf is started using port 39450
2019-10-03 08:32:40,150 [main] INFO  ozone.MiniOzoneClusterImpl (MiniOzoneClusterImpl.java:lambda$waitForClusterToBeReady$0(147)) - Waiting for cluster to be ready. Got 0 of 7 DN Heartbeats.
2019-10-03 08:32:40,807 [IPC Server handler 0 on 36221] INFO  net.NetworkTopology (NetworkTopologyImpl.java:add(111)) - Added a new node: /default-rack/e3fb16e0-7066-4756-a24b-fa8bee236c7d
2019-10-03 08:32:40,810 [IPC Server handler 0 on 36221] INFO  node.SCMNodeManager (SCMNodeManager.java:register(266)) - Registered Data node : e3fb16e0-7066-4756-a24b-fa8bee236c7d{ip: 192.168.151.103, host: pr-hdds-2234-ztsc4-2614151736, networkLocation: /default-rack, certSerialId: null}
2019-10-03 08:32:40,811 [EventQueue-NodeRegistrationContainerReportForDataNodeSafeModeRule] INFO  safemode.SCMSafeModeManager (DataNodeSafeModeRule.java:process(71)) - SCM in safe mode. 1 DataNodes registered, 1 required.
2019-10-03 08:32:40,814 [EventQueue-NodeRegistrationContainerReportForDataNodeSafeModeRule] INFO  safemode.SCMSafeModeManager (SCMSafeModeManager.java:validateSafeModeExitRules(177)) - ScmSafeModeManager, all rules are successfully validated
2019-10-03 08:32:40,814 [EventQueue-NodeRegistrationContainerReportForDataNodeSafeModeRule] INFO  safemode.SCMSafeModeManager (SCMSafeModeManager.java:exitSafeMode(193)) - SCM exiting safe mode.
2019-10-03 08:32:40,824 [grpc-default-executor-3] INFO  impl.RaftServerProxy (RaftServerProxy.java:addNew(89)) - e3fb16e0-7066-4756-a24b-fa8bee236c7d: addNew group-501331DA7B11:[e3fb16e0-7066-4756-a24b-fa8bee236c7d:192.168.151.103:40888] returns group-501331DA7B11:java.util.concurrent.CompletableFuture@611c64e4[Not completed]
2019-10-03 08:32:40,826 [pool-409-thread-1] INFO  impl.RaftServerImpl (RaftServerImpl.java:<init>(95)) - e3fb16e0-7066-4756-a24b-fa8bee236c7d: new RaftServerImpl for group-501331DA7B11:[e3fb16e0-7066-4756-a24b-fa8bee236c7d:192.168.151.103:40888] with ContainerStateMachine:uninitialized
2019-10-03 08:32:40,826 [pool-409-thread-1] INFO  server.RaftServerConfigKeys (ConfUtils.java:logGet(43)) - raft.server.rpc.timeout.min = 5s (custom)
2019-10-03 08:32:40,826 [pool-409-thread-1] INFO  server.RaftServerConfigKeys (ConfUtils.java:logGet(43)) - raft.server.rpc.timeout.max = 5200ms (custom)
2019-10-03 08:32:40,827 [pool-409-thread-1] INFO  server.RaftServerConfigKeys (ConfUtils.java:logGet(43)) - raft.server.rpcslowness.timeout = 120s (custom)
2019-10-03 08:32:40,827 [pool-409-thread-1] INFO  server.RaftServerConfigKeys (ConfUtils.java:logGet(43)) - raft.server.sleep.deviation.threshold = 300 (default)
2019-10-03 08:32:40,827 [pool-409-thread-1] INFO  server.RaftServerConfigKeys (ConfUtils.java:logGet(43)) - raft.server.log.appender.install.snapshot.enabled = false (custom)
2019-10-03 08:32:40,827 [pool-409-thread-1] INFO  impl.RaftServerImpl (ServerState.java:<init>(103)) - e3fb16e0-7066-4756-a24b-fa8bee236c7d@group-501331DA7B11: ConfigurationManager, init=-1: [e3fb16e0-7066-4756-a24b-fa8bee236c7d:192.168.151.103:40888], old=null, confs=<EMPTY_MAP>
2019-10-03 08:32:40,827 [pool-409-thread-1] INFO  server.RaftServerConfigKeys (ConfUtils.java:logGet(43)) - raft.server.storage.dir = [/workdir/hadoop-ozone/integration-test/target/test-dir/MiniOzoneClusterImpl-176ba0bc-51bb-4eaa-8e2d-f4d79c94d5b2/datanode-0/data/ratis] (custom)
2019-10-03 08:32:40,828 [pool-409-thread-1] INFO  server.RaftServerConfigKeys (ConfUtils.java:logGet(43)) - raft.server.log.corruption.policy = EXCEPTION (default)
2019-10-03 08:32:40,828 [pool-409-thread-1] INFO  storage.RaftStorageDirectory (RaftStorageDirectory.java:analyzeStorage(246)) - The storage directory /workdir/hadoop-ozone/integration-test/target/test-dir/MiniOzoneClusterImpl-176ba0bc-51bb-4eaa-8e2d-f4d79c94d5b2/datanode-0/data/ratis/de1d69a4-3e72-4eee-9fee-501331da7b11 does not exist. Creating ...
2019-10-03 08:32:40,841 [pool-409-thread-1] INFO  storage.RaftStorageDirectory (RaftStorageDirectory.java:tryLock(328)) - Lock on /workdir/hadoop-ozone/integration-test/target/test-dir/MiniOzoneClusterImpl-176ba0bc-51bb-4eaa-8e2d-f4d79c94d5b2/datanode-0/data/ratis/de1d69a4-3e72-4eee-9fee-501331da7b11/in_use.lock acquired by nodename 23399@pr-hdds-2234-ztsc4-2614151736
2019-10-03 08:32:40,854 [pool-409-thread-1] INFO  storage.RaftStorage (RaftStorage.java:format(84)) - Storage directory /workdir/hadoop-ozone/integration-test/target/test-dir/MiniOzoneClusterImpl-176ba0bc-51bb-4eaa-8e2d-f4d79c94d5b2/datanode-0/data/ratis/de1d69a4-3e72-4eee-9fee-501331da7b11 has been successfully formatted.
2019-10-03 08:32:40,854 [pool-409-thread-1] INFO  ratis.ContainerStateMachine (ContainerStateMachine.java:loadSnapshot(230)) - group-501331DA7B11: The snapshot info is null. Setting the last applied indexto:(t:0, i:~)
2019-10-03 08:32:40,854 [pool-409-thread-1] INFO  server.RaftServerConfigKeys (ConfUtils.java:logGet(43)) - raft.server.notification.no-leader.timeout = 120s (custom)
2019-10-03 08:32:40,854 [pool-409-thread-1] INFO  server.RaftServerConfigKeys (ConfUtils.java:logGet(43)) - raft.server.log.use.memory = false (default)
2019-10-03 08:32:40,855 [pool-409-thread-1] INFO  server.RaftServerConfigKeys (ConfUtils.java:logGet(43)) - raft.server.log.purge.gap = 1000000 (custom)
2019-10-03 08:32:40,855 [pool-409-thread-1] INFO  server.RaftServerConfigKeys (ConfUtils.java:logGet(43)) - raft.server.log.appender.buffer.byte-limit = 33554432 (custom)
2019-10-03 08:32:40,855 [pool-409-thread-1] INFO  server.RaftServerConfigKeys (ConfUtils.java:logGet(43)) - raft.server.log.segment.size.max = 1048576 (custom)
2019-10-03 08:32:40,857 [pool-409-thread-1] INFO  server.RaftServerConfigKeys (ConfUtils.java:logGet(43)) - raft.server.log.segment.cache.num.max = 2 (custom)
2019-10-03 08:32:40,857 [pool-409-thread-1] INFO  segmented.SegmentedRaftLogWorker (SegmentedRaftLogWorker.java:<init>(173)) - new e3fb16e0-7066-4756-a24b-fa8bee236c7d@group-501331DA7B11-SegmentedRaftLogWorker for RaftStorage:Storage Directory /workdir/hadoop-ozone/integration-test/target/test-dir/MiniOzoneClusterImpl-176ba0bc-51bb-4eaa-8e2d-f4d79c94d5b2/datanode-0/data/ratis/de1d69a4-3e72-4eee-9fee-501331da7b11
2019-10-03 08:32:40,857 [pool-409-thread-1] INFO  server.RaftServerConfigKeys (ConfUtils.java:logGet(43)) - raft.server.log.queue.byte-limit = 2147483647 (custom)
2019-10-03 08:32:40,857 [pool-409-thread-1] INFO  server.RaftServerConfigKeys (ConfUtils.java:logGet(43)) - raft.server.log.queue.element-limit = 1024 (custom)
2019-10-03 08:32:40,858 [pool-409-thread-1] INFO  server.RaftServerConfigKeys (ConfUtils.java:logGet(43)) - raft.server.log.segment.size.max = 1048576 (custom)
2019-10-03 08:32:40,858 [pool-409-thread-1] INFO  server.RaftServerConfigKeys (ConfUtils.java:logGet(43)) - raft.server.log.preallocated.size = 16384 (custom)
2019-10-03 08:32:40,858 [pool-409-thread-1] INFO  server.RaftServerConfigKeys (ConfUtils.java:logGet(43)) - raft.server.log.write.buffer.size = 33554432 (custom)
2019-10-03 08:32:40,858 [pool-409-thread-1] INFO  server.RaftServerConfigKeys (ConfUtils.java:logGet(43)) - raft.server.log.force.sync.num = 128 (default)
2019-10-03 08:32:40,858 [pool-409-thread-1] INFO  server.RaftServerConfigKeys (ConfUtils.java:logGet(43)) - raft.server.log.statemachine.data.sync = true (default)
2019-10-03 08:32:40,858 [pool-409-thread-1] INFO  server.RaftServerConfigKeys (ConfUtils.java:logGet(43)) - raft.server.log.statemachine.data.sync.timeout = 10s (default)
2019-10-03 08:32:40,858 [pool-409-thread-1] INFO  server.RaftServerConfigKeys (ConfUtils.java:logGet(43)) - raft.server.log.statemachine.data.sync.timeout.retry = -1 (default)
2019-10-03 08:32:40,859 [pool-409-thread-1] INFO  server.RaftServerConfigKeys (ConfUtils.java:logGet(43)) - raft.server.log.statemachine.data.caching.enabled = true (custom)
2019-10-03 08:32:40,859 [pool-409-thread-1] INFO  segmented.SegmentedRaftLogWorker (SegmentedRaftLogWorker.java:lambda$new$0(128)) - e3fb16e0-7066-4756-a24b-fa8bee236c7d@group-501331DA7B11-SegmentedRaftLogWorker: flushIndex: setUnconditionally 0 -> -1
2019-10-03 08:32:40,859 [pool-409-thread-1] INFO  server.RaftServerConfigKeys (ConfUtils.java:logGet(43)) - raft.server.snapshot.auto.trigger.enabled = true (custom)
2019-10-03 08:32:40,860 [pool-409-thread-1] INFO  server.RaftServerConfigKeys (ConfUtils.java:logGet(43)) - raft.server.snapshot.auto.trigger.threshold = 10000 (custom)
2019-10-03 08:32:40,860 [pool-409-thread-1] INFO  server.RaftServerConfigKeys (ConfUtils.java:logGet(43)) - raft.server.snapshot.retention.file.num = 5 (custom)
2019-10-03 08:32:40,860 [pool-409-thread-1] INFO  server.RaftServerConfigKeys (ConfUtils.java:logGet(43)) - raft.server.retrycache.expirytime = 600000ms (custom)
2019-10-03 08:32:40,861 [IPC Server handler 1 on 36221] INFO  net.NetworkTopology (NetworkTopologyImpl.java:add(111)) - Added a new node: /default-rack/8fa6b618-ecc1-4831-80a7-5b838334a4af
2019-10-03 08:32:40,861 [IPC Server handler 1 on 36221] INFO  node.SCMNodeManager (SCMNodeManager.java:register(266)) - Registered Data node : 8fa6b618-ecc1-4831-80a7-5b838334a4af{ip: 192.168.151.103, host: pr-hdds-2234-ztsc4-2614151736, networkLocation: /default-rack, certSerialId: null}
2019-10-03 08:32:40,862 [pool-409-thread-1] INFO  impl.RaftServerImpl (RaftServerImpl.java:start(181)) - e3fb16e0-7066-4756-a24b-fa8bee236c7d@group-501331DA7B11: start as a follower, conf=-1: [e3fb16e0-7066-4756-a24b-fa8bee236c7d:192.168.151.103:40888], old=null
2019-10-03 08:32:40,862 [pool-409-thread-1] INFO  impl.RaftServerImpl (RaftServerImpl.java:setRole(170)) - e3fb16e0-7066-4756-a24b-fa8bee236c7d@group-501331DA7B11: changes role from      null to FOLLOWER at term 0 for startAsFollower
2019-10-03 08:32:40,862 [pool-409-thread-1] INFO  impl.RoleInfo (RoleInfo.java:updateAndGet(143)) - e3fb16e0-7066-4756-a24b-fa8bee236c7d: start FollowerState
2019-10-03 08:32:40,862 [pool-409-thread-1] INFO  util.JmxRegister (JmxRegister.java:tryRegister(44)) - Successfully registered JMX Bean with object name Ratis:service=RaftServer,group=group-501331DA7B11,id=e3fb16e0-7066-4756-a24b-fa8bee236c7d
2019-10-03 08:32:40,866 [RatisPipelineUtilsThread] INFO  pipeline.PipelineStateManager (PipelineStateManager.java:addPipeline(56)) - Created pipeline Pipeline[ Id: de1d69a4-3e72-4eee-9fee-501331da7b11, Nodes: e3fb16e0-7066-4756-a24b-fa8bee236c7d{ip: 192.168.151.103, host: pr-hdds-2234-ztsc4-2614151736, networkLocation: /default-rack, certSerialId: null}, Type:RATIS, Factor:ONE, State:OPEN]
2019-10-03 08:32:40,872 [grpc-default-executor-3] INFO  impl.RaftServerProxy (RaftServerProxy.java:addNew(89)) - 8fa6b618-ecc1-4831-80a7-5b838334a4af: addNew group-79DD86BEF89D:[8fa6b618-ecc1-4831-80a7-5b838334a4af:192.168.151.103:41124] returns group-79DD86BEF89D:java.util.concurrent.CompletableFuture@6220e5cf[Not completed]
2019-10-03 08:32:40,873 [pool-419-thread-1] INFO  impl.RaftServerImpl (RaftServerImpl.java:<init>(95)) - 8fa6b618-ecc1-4831-80a7-5b838334a4af: new RaftServerImpl for group-79DD86BEF89D:[8fa6b618-ecc1-4831-80a7-5b838334a4af:192.168.151.103:41124] with ContainerStateMachine:uninitialized
2019-10-03 08:32:40,873 [pool-419-thread-1] INFO  server.RaftServerConfigKeys (ConfUtils.java:logGet(43)) - raft.server.rpc.timeout.min = 5s (custom)
2019-10-03 08:32:40,874 [pool-419-thread-1] INFO  server.RaftServerConfigKeys (ConfUtils.java:logGet(43)) - raft.server.rpc.timeout.max = 5200ms (custom)
2019-10-03 08:32:40,874 [pool-419-thread-1] INFO  server.RaftServerConfigKeys (ConfUtils.java:logGet(43)) - raft.server.rpcslowness.timeout = 120s (custom)
2019-10-03 08:32:40,874 [pool-419-thread-1] INFO  server.RaftServerConfigKeys (ConfUtils.java:logGet(43)) - raft.server.sleep.deviation.threshold = 300 (default)
2019-10-03 08:32:40,874 [pool-419-thread-1] INFO  server.RaftServerConfigKeys (ConfUtils.java:logGet(43)) - raft.server.log.appender.install.snapshot.enabled = false (custom)
2019-10-03 08:32:40,874 [pool-419-thread-1] INFO  impl.RaftServerImpl (ServerState.java:<init>(103)) - 8fa6b618-ecc1-4831-80a7-5b838334a4af@group-79DD86BEF89D: ConfigurationManager, init=-1: [8fa6b618-ecc1-4831-80a7-5b838334a4af:192.168.151.103:41124], old=null, confs=<EMPTY_MAP>
2019-10-03 08:32:40,874 [pool-419-thread-1] INFO  server.RaftServerConfigKeys (ConfUtils.java:logGet(43)) - raft.server.storage.dir = [/workdir/hadoop-ozone/integration-test/target/test-dir/MiniOzoneClusterImpl-176ba0bc-51bb-4eaa-8e2d-f4d79c94d5b2/datanode-1/data/ratis] (custom)
2019-10-03 08:32:40,874 [pool-419-thread-1] INFO  server.RaftServerConfigKeys (ConfUtils.java:logGet(43)) - raft.server.log.corruption.policy = EXCEPTION (default)
2019-10-03 08:32:40,874 [pool-419-thread-1] INFO  storage.RaftStorageDirectory (RaftStorageDirectory.java:analyzeStorage(246)) - The storage directory /workdir/hadoop-ozone/integration-test/target/test-dir/MiniOzoneClusterImpl-176ba0bc-51bb-4eaa-8e2d-f4d79c94d5b2/datanode-1/data/ratis/68be3de5-1da2-4e28-9765-79dd86bef89d does not exist. Creating ...
2019-10-03 08:32:40,887 [pool-419-thread-1] INFO  storage.RaftStorageDirectory (RaftStorageDirectory.java:tryLock(328)) - Lock on /workdir/hadoop-ozone/integration-test/target/test-dir/MiniOzoneClusterImpl-176ba0bc-51bb-4eaa-8e2d-f4d79c94d5b2/datanode-1/data/ratis/68be3de5-1da2-4e28-9765-79dd86bef89d/in_use.lock acquired by nodename 23399@pr-hdds-2234-ztsc4-2614151736
2019-10-03 08:32:40,900 [pool-419-thread-1] INFO  storage.RaftStorage (RaftStorage.java:format(84)) - Storage directory /workdir/hadoop-ozone/integration-test/target/test-dir/MiniOzoneClusterImpl-176ba0bc-51bb-4eaa-8e2d-f4d79c94d5b2/datanode-1/data/ratis/68be3de5-1da2-4e28-9765-79dd86bef89d has been successfully formatted.
2019-10-03 08:32:40,900 [pool-419-thread-1] INFO  ratis.ContainerStateMachine (ContainerStateMachine.java:loadSnapshot(230)) - group-79DD86BEF89D: The snapshot info is null. Setting the last applied indexto:(t:0, i:~)
2019-10-03 08:32:40,900 [pool-419-thread-1] INFO  server.RaftServerConfigKeys (ConfUtils.java:logGet(43)) - raft.server.notification.no-leader.timeout = 120s (custom)
2019-10-03 08:32:40,900 [pool-419-thread-1] INFO  server.RaftServerConfigKeys (ConfUtils.java:logGet(43)) - raft.server.log.use.memory = false (default)
2019-10-03 08:32:40,900 [pool-419-thread-1] INFO  server.RaftServerConfigKeys (ConfUtils.java:logGet(43)) - raft.server.log.purge.gap = 1000000 (custom)
2019-10-03 08:32:40,900 [pool-419-thread-1] INFO  server.RaftServerConfigKeys (ConfUtils.java:logGet(43)) - raft.server.log.appender.buffer.byte-limit = 33554432 (custom)
2019-10-03 08:32:40,900 [pool-419-thread-1] INFO  server.RaftServerConfigKeys (ConfUtils.java:logGet(43)) - raft.server.log.segment.size.max = 1048576 (custom)
2019-10-03 08:32:40,901 [pool-419-thread-1] INFO  server.RaftServerConfigKeys (ConfUtils.java:logGet(43)) - raft.server.log.segment.cache.num.max = 2 (custom)
2019-10-03 08:32:40,901 [pool-419-thread-1] INFO  segmented.SegmentedRaftLogWorker (SegmentedRaftLogWorker.java:<init>(173)) - new 8fa6b618-ecc1-4831-80a7-5b838334a4af@group-79DD86BEF89D-SegmentedRaftLogWorker for RaftStorage:Storage Directory /workdir/hadoop-ozone/integration-test/target/test-dir/MiniOzoneClusterImpl-176ba0bc-51bb-4eaa-8e2d-f4d79c94d5b2/datanode-1/data/ratis/68be3de5-1da2-4e28-9765-79dd86bef89d
2019-10-03 08:32:40,902 [pool-419-thread-1] INFO  server.RaftServerConfigKeys (ConfUtils.java:logGet(43)) - raft.server.log.queue.byte-limit = 2147483647 (custom)
2019-10-03 08:32:40,902 [pool-419-thread-1] INFO  server.RaftServerConfigKeys (ConfUtils.java:logGet(43)) - raft.server.log.queue.element-limit = 1024 (custom)
2019-10-03 08:32:40,902 [pool-419-thread-1] INFO  server.RaftServerConfigKeys (ConfUtils.java:logGet(43)) - raft.server.log.segment.size.max = 1048576 (custom)
2019-10-03 08:32:40,902 [pool-419-thread-1] INFO  server.RaftServerConfigKeys (ConfUtils.java:logGet(43)) - raft.server.log.preallocated.size = 16384 (custom)
2019-10-03 08:32:40,902 [pool-419-thread-1] INFO  server.RaftServerConfigKeys (ConfUtils.java:logGet(43)) - raft.server.log.write.buffer.size = 33554432 (custom)
2019-10-03 08:32:40,902 [pool-419-thread-1] INFO  server.RaftServerConfigKeys (ConfUtils.java:logGet(43)) - raft.server.log.force.sync.num = 128 (default)
2019-10-03 08:32:40,902 [pool-419-thread-1] INFO  server.RaftServerConfigKeys (ConfUtils.java:logGet(43)) - raft.server.log.statemachine.data.sync = true (default)
2019-10-03 08:32:40,902 [pool-419-thread-1] INFO  server.RaftServerConfigKeys (ConfUtils.java:logGet(43)) - raft.server.log.statemachine.data.sync.timeout = 10s (default)
2019-10-03 08:32:40,902 [pool-419-thread-1] INFO  server.RaftServerConfigKeys (ConfUtils.java:logGet(43)) - raft.server.log.statemachine.data.sync.timeout.retry = -1 (default)
2019-10-03 08:32:40,903 [pool-419-thread-1] INFO  server.RaftServerConfigKeys (ConfUtils.java:logGet(43)) - raft.server.log.statemachine.data.caching.enabled = true (custom)
2019-10-03 08:32:40,903 [pool-419-thread-1] INFO  segmented.SegmentedRaftLogWorker (SegmentedRaftLogWorker.java:lambda$new$0(128)) - 8fa6b618-ecc1-4831-80a7-5b838334a4af@group-79DD86BEF89D-SegmentedRaftLogWorker: flushIndex: setUnconditionally 0 -> -1
2019-10-03 08:32:40,903 [pool-419-thread-1] INFO  server.RaftServerConfigKeys (ConfUtils.java:logGet(43)) - raft.server.snapshot.auto.trigger.enabled = true (custom)
2019-10-03 08:32:40,903 [pool-419-thread-1] INFO  server.RaftServerConfigKeys (ConfUtils.java:logGet(43)) - raft.server.snapshot.auto.trigger.threshold = 10000 (custom)
2019-10-03 08:32:40,903 [pool-419-thread-1] INFO  server.RaftServerConfigKeys (ConfUtils.java:logGet(43)) - raft.server.snapshot.retention.file.num = 5 (custom)
2019-10-03 08:32:40,903 [pool-419-thread-1] INFO  server.RaftServerConfigKeys (ConfUtils.java:logGet(43)) - raft.server.retrycache.expirytime = 600000ms (custom)
2019-10-03 08:32:40,904 [pool-419-thread-1] INFO  impl.RaftServerImpl (RaftServerImpl.java:start(181)) - 8fa6b618-ecc1-4831-80a7-5b838334a4af@group-79DD86BEF89D: start as a follower, conf=-1: [8fa6b618-ecc1-4831-80a7-5b838334a4af:192.168.151.103:41124], old=null
2019-10-03 08:32:40,904 [pool-419-thread-1] INFO  impl.RaftServerImpl (RaftServerImpl.java:setRole(170)) - 8fa6b618-ecc1-4831-80a7-5b838334a4af@group-79DD86BEF89D: changes role from      null to FOLLOWER at term 0 for startAsFollower
2019-10-03 08:32:40,905 [pool-419-thread-1] INFO  impl.RoleInfo (RoleInfo.java:updateAndGet(143)) - 8fa6b618-ecc1-4831-80a7-5b838334a4af: start FollowerState
2019-10-03 08:32:40,905 [pool-419-thread-1] INFO  util.JmxRegister (JmxRegister.java:tryRegister(44)) - Successfully registered JMX Bean with object name Ratis:service=RaftServer,group=group-79DD86BEF89D,id=8fa6b618-ecc1-4831-80a7-5b838334a4af
2019-10-03 08:32:40,908 [RatisPipelineUtilsThread] INFO  pipeline.PipelineStateManager (PipelineStateManager.java:addPipeline(56)) - Created pipeline Pipeline[ Id: 68be3de5-1da2-4e28-9765-79dd86bef89d, Nodes: 8fa6b618-ecc1-4831-80a7-5b838334a4af{ip: 192.168.151.103, host: pr-hdds-2234-ztsc4-2614151736, networkLocation: /default-rack, certSerialId: null}, Type:RATIS, Factor:ONE, State:OPEN]
2019-10-03 08:32:40,917 [IPC Server handler 2 on 36221] INFO  net.NetworkTopology (NetworkTopologyImpl.java:add(111)) - Added a new node: /default-rack/072f5f93-30cd-441c-b95e-93d65198a03a
2019-10-03 08:32:40,917 [IPC Server handler 2 on 36221] INFO  node.SCMNodeManager (SCMNodeManager.java:register(266)) - Registered Data node : 072f5f93-30cd-441c-b95e-93d65198a03a{ip: 192.168.151.103, host: pr-hdds-2234-ztsc4-2614151736, networkLocation: /default-rack, certSerialId: null}
2019-10-03 08:32:40,921 [grpc-default-executor-3] INFO  impl.RaftServerProxy (RaftServerProxy.java:addNew(89)) - 072f5f93-30cd-441c-b95e-93d65198a03a: addNew group-775D767F10C1:[072f5f93-30cd-441c-b95e-93d65198a03a:192.168.151.103:36662] returns group-775D767F10C1:java.util.concurrent.CompletableFuture@4f0e9e99[Not completed]
2019-10-03 08:32:40,922 [pool-429-thread-1] INFO  impl.RaftServerImpl (RaftServerImpl.java:<init>(95)) - 072f5f93-30cd-441c-b95e-93d65198a03a: new RaftServerImpl for group-775D767F10C1:[072f5f93-30cd-441c-b95e-93d65198a03a:192.168.151.103:36662] with ContainerStateMachine:uninitialized
2019-10-03 08:32:40,922 [pool-429-thread-1] INFO  server.RaftServerConfigKeys (ConfUtils.java:logGet(43)) - raft.server.rpc.timeout.min = 5s (custom)
2019-10-03 08:32:40,922 [pool-429-thread-1] INFO  server.RaftServerConfigKeys (ConfUtils.java:logGet(43)) - raft.server.rpc.timeout.max = 5200ms (custom)
2019-10-03 08:32:40,923 [pool-429-thread-1] INFO  server.RaftServerConfigKeys (ConfUtils.java:logGet(43)) - raft.server.rpcslowness.timeout = 120s (custom)
2019-10-03 08:32:40,923 [pool-429-thread-1] INFO  server.RaftServerConfigKeys (ConfUtils.java:logGet(43)) - raft.server.sleep.deviation.threshold = 300 (default)
2019-10-03 08:32:40,923 [pool-429-thread-1] INFO  server.RaftServerConfigKeys (ConfUtils.java:logGet(43)) - raft.server.log.appender.install.snapshot.enabled = false (custom)
2019-10-03 08:32:40,923 [pool-429-thread-1] INFO  impl.RaftServerImpl (ServerState.java:<init>(103)) - 072f5f93-30cd-441c-b95e-93d65198a03a@group-775D767F10C1: ConfigurationManager, init=-1: [072f5f93-30cd-441c-b95e-93d65198a03a:192.168.151.103:36662], old=null, confs=<EMPTY_MAP>
2019-10-03 08:32:40,923 [pool-429-thread-1] INFO  server.RaftServerConfigKeys (ConfUtils.java:logGet(43)) - raft.server.storage.dir = [/workdir/hadoop-ozone/integration-test/target/test-dir/MiniOzoneClusterImpl-176ba0bc-51bb-4eaa-8e2d-f4d79c94d5b2/datanode-2/data/ratis] (custom)
2019-10-03 08:32:40,923 [pool-429-thread-1] INFO  server.RaftServerConfigKeys (ConfUtils.java:logGet(43)) - raft.server.log.corruption.policy = EXCEPTION (default)
2019-10-03 08:32:40,924 [pool-429-thread-1] INFO  storage.RaftStorageDirectory (RaftStorageDirectory.java:analyzeStorage(246)) - The storage directory /workdir/hadoop-ozone/integration-test/target/test-dir/MiniOzoneClusterImpl-176ba0bc-51bb-4eaa-8e2d-f4d79c94d5b2/datanode-2/data/ratis/64adee73-f4bd-4f62-baa9-775d767f10c1 does not exist. Creating ...
2019-10-03 08:32:40,936 [pool-429-thread-1] INFO  storage.RaftStorageDirectory (RaftStorageDirectory.java:tryLock(328)) - Lock on /workdir/hadoop-ozone/integration-test/target/test-dir/MiniOzoneClusterImpl-176ba0bc-51bb-4eaa-8e2d-f4d79c94d5b2/datanode-2/data/ratis/64adee73-f4bd-4f62-baa9-775d767f10c1/in_use.lock acquired by nodename 23399@pr-hdds-2234-ztsc4-2614151736
2019-10-03 08:32:40,949 [pool-429-thread-1] INFO  storage.RaftStorage (RaftStorage.java:format(84)) - Storage directory /workdir/hadoop-ozone/integration-test/target/test-dir/MiniOzoneClusterImpl-176ba0bc-51bb-4eaa-8e2d-f4d79c94d5b2/datanode-2/data/ratis/64adee73-f4bd-4f62-baa9-775d767f10c1 has been successfully formatted.
2019-10-03 08:32:40,950 [pool-429-thread-1] INFO  ratis.ContainerStateMachine (ContainerStateMachine.java:loadSnapshot(230)) - group-775D767F10C1: The snapshot info is null. Setting the last applied indexto:(t:0, i:~)
2019-10-03 08:32:40,950 [pool-429-thread-1] INFO  server.RaftServerConfigKeys (ConfUtils.java:logGet(43)) - raft.server.notification.no-leader.timeout = 120s (custom)
2019-10-03 08:32:40,950 [pool-429-thread-1] INFO  server.RaftServerConfigKeys (ConfUtils.java:logGet(43)) - raft.server.log.use.memory = false (default)
2019-10-03 08:32:40,950 [pool-429-thread-1] INFO  server.RaftServerConfigKeys (ConfUtils.java:logGet(43)) - raft.server.log.purge.gap = 1000000 (custom)
2019-10-03 08:32:40,950 [pool-429-thread-1] INFO  server.RaftServerConfigKeys (ConfUtils.java:logGet(43)) - raft.server.log.appender.buffer.byte-limit = 33554432 (custom)
2019-10-03 08:32:40,950 [pool-429-thread-1] INFO  server.RaftServerConfigKeys (ConfUtils.java:logGet(43)) - raft.server.log.segment.size.max = 1048576 (custom)
2019-10-03 08:32:40,951 [pool-429-thread-1] INFO  server.RaftServerConfigKeys (ConfUtils.java:logGet(43)) - raft.server.log.segment.cache.num.max = 2 (custom)
2019-10-03 08:32:40,951 [pool-429-thread-1] INFO  segmented.SegmentedRaftLogWorker (SegmentedRaftLogWorker.java:<init>(173)) - new 072f5f93-30cd-441c-b95e-93d65198a03a@group-775D767F10C1-SegmentedRaftLogWorker for RaftStorage:Storage Directory /workdir/hadoop-ozone/integration-test/target/test-dir/MiniOzoneClusterImpl-176ba0bc-51bb-4eaa-8e2d-f4d79c94d5b2/datanode-2/data/ratis/64adee73-f4bd-4f62-baa9-775d767f10c1
2019-10-03 08:32:40,951 [pool-429-thread-1] INFO  server.RaftServerConfigKeys (ConfUtils.java:logGet(43)) - raft.server.log.queue.byte-limit = 2147483647 (custom)
2019-10-03 08:32:40,951 [pool-429-thread-1] INFO  server.RaftServerConfigKeys (ConfUtils.java:logGet(43)) - raft.server.log.queue.element-limit = 1024 (custom)
2019-10-03 08:32:40,951 [pool-429-thread-1] INFO  server.RaftServerConfigKeys (ConfUtils.java:logGet(43)) - raft.server.log.segment.size.max = 1048576 (custom)
2019-10-03 08:32:40,951 [pool-429-thread-1] INFO  server.RaftServerConfigKeys (ConfUtils.java:logGet(43)) - raft.server.log.preallocated.size = 16384 (custom)
2019-10-03 08:32:40,951 [pool-429-thread-1] INFO  server.RaftServerConfigKeys (ConfUtils.java:logGet(43)) - raft.server.log.write.buffer.size = 33554432 (custom)
2019-10-03 08:32:40,952 [pool-429-thread-1] INFO  server.RaftServerConfigKeys (ConfUtils.java:logGet(43)) - raft.server.log.force.sync.num = 128 (default)
2019-10-03 08:32:40,952 [pool-429-thread-1] INFO  server.RaftServerConfigKeys (ConfUtils.java:logGet(43)) - raft.server.log.statemachine.data.sync = true (default)
2019-10-03 08:32:40,952 [pool-429-thread-1] INFO  server.RaftServerConfigKeys (ConfUtils.java:logGet(43)) - raft.server.log.statemachine.data.sync.timeout = 10s (default)
2019-10-03 08:32:40,952 [pool-429-thread-1] INFO  server.RaftServerConfigKeys (ConfUtils.java:logGet(43)) - raft.server.log.statemachine.data.sync.timeout.retry = -1 (default)
2019-10-03 08:32:40,952 [pool-429-thread-1] INFO  server.RaftServerConfigKeys (ConfUtils.java:logGet(43)) - raft.server.log.statemachine.data.caching.enabled = true (custom)
2019-10-03 08:32:40,952 [pool-429-thread-1] INFO  segmented.SegmentedRaftLogWorker (SegmentedRaftLogWorker.java:lambda$new$0(128)) - 072f5f93-30cd-441c-b95e-93d65198a03a@group-775D767F10C1-SegmentedRaftLogWorker: flushIndex: setUnconditionally 0 -> -1
2019-10-03 08:32:40,952 [pool-429-thread-1] INFO  server.RaftServerConfigKeys (ConfUtils.java:logGet(43)) - raft.server.snapshot.auto.trigger.enabled = true (custom)
2019-10-03 08:32:40,953 [pool-429-thread-1] INFO  server.RaftServerConfigKeys (ConfUtils.java:logGet(43)) - raft.server.snapshot.auto.trigger.threshold = 10000 (custom)
2019-10-03 08:32:40,953 [pool-429-thread-1] INFO  server.RaftServerConfigKeys (ConfUtils.java:logGet(43)) - raft.server.snapshot.retention.file.num = 5 (custom)
2019-10-03 08:32:40,953 [pool-429-thread-1] INFO  server.RaftServerConfigKeys (ConfUtils.java:logGet(43)) - raft.server.retrycache.expirytime = 600000ms (custom)
2019-10-03 08:32:40,954 [pool-429-thread-1] INFO  impl.RaftServerImpl (RaftServerImpl.java:start(181)) - 072f5f93-30cd-441c-b95e-93d65198a03a@group-775D767F10C1: start as a follower, conf=-1: [072f5f93-30cd-441c-b95e-93d65198a03a:192.168.151.103:36662], old=null
2019-10-03 08:32:40,954 [pool-429-thread-1] INFO  impl.RaftServerImpl (RaftServerImpl.java:setRole(170)) - 072f5f93-30cd-441c-b95e-93d65198a03a@group-775D767F10C1: changes role from      null to FOLLOWER at term 0 for startAsFollower
2019-10-03 08:32:40,954 [pool-429-thread-1] INFO  impl.RoleInfo (RoleInfo.java:updateAndGet(143)) - 072f5f93-30cd-441c-b95e-93d65198a03a: start FollowerState
2019-10-03 08:32:40,954 [pool-429-thread-1] INFO  util.JmxRegister (JmxRegister.java:tryRegister(44)) - Successfully registered JMX Bean with object name Ratis:service=RaftServer,group=group-775D767F10C1,id=072f5f93-30cd-441c-b95e-93d65198a03a
2019-10-03 08:32:40,957 [RatisPipelineUtilsThread] INFO  pipeline.PipelineStateManager (PipelineStateManager.java:addPipeline(56)) - Created pipeline Pipeline[ Id: 64adee73-f4bd-4f62-baa9-775d767f10c1, Nodes: 072f5f93-30cd-441c-b95e-93d65198a03a{ip: 192.168.151.103, host: pr-hdds-2234-ztsc4-2614151736, networkLocation: /default-rack, certSerialId: null}, Type:RATIS, Factor:ONE, State:OPEN]
2019-10-03 08:32:40,966 [grpc-default-executor-3] INFO  impl.RaftServerProxy (RaftServerProxy.java:addNew(89)) - e3fb16e0-7066-4756-a24b-fa8bee236c7d: addNew group-83C2B07EA132:[e3fb16e0-7066-4756-a24b-fa8bee236c7d:192.168.151.103:40888, 8fa6b618-ecc1-4831-80a7-5b838334a4af:192.168.151.103:41124, 072f5f93-30cd-441c-b95e-93d65198a03a:192.168.151.103:36662] returns group-83C2B07EA132:java.util.concurrent.CompletableFuture@6e16783[Not completed]
2019-10-03 08:32:40,966 [pool-409-thread-1] INFO  impl.RaftServerImpl (RaftServerImpl.java:<init>(95)) - e3fb16e0-7066-4756-a24b-fa8bee236c7d: new RaftServerImpl for group-83C2B07EA132:[e3fb16e0-7066-4756-a24b-fa8bee236c7d:192.168.151.103:40888, 8fa6b618-ecc1-4831-80a7-5b838334a4af:192.168.151.103:41124, 072f5f93-30cd-441c-b95e-93d65198a03a:192.168.151.103:36662] with ContainerStateMachine:uninitialized
2019-10-03 08:32:40,966 [grpc-default-executor-4] INFO  impl.RaftServerProxy (RaftServerProxy.java:addNew(89)) - 8fa6b618-ecc1-4831-80a7-5b838334a4af: addNew group-83C2B07EA132:[e3fb16e0-7066-4756-a24b-fa8bee236c7d:192.168.151.103:40888, 8fa6b618-ecc1-4831-80a7-5b838334a4af:192.168.151.103:41124, 072f5f93-30cd-441c-b95e-93d65198a03a:192.168.151.103:36662] returns group-83C2B07EA132:java.util.concurrent.CompletableFuture@3dfab936[Not completed]
2019-10-03 08:32:40,966 [pool-409-thread-1] INFO  server.RaftServerConfigKeys (ConfUtils.java:logGet(43)) - raft.server.rpc.timeout.min = 5s (custom)
2019-10-03 08:32:40,967 [grpc-default-executor-8] INFO  impl.RaftServerProxy (RaftServerProxy.java:addNew(89)) - 072f5f93-30cd-441c-b95e-93d65198a03a: addNew group-83C2B07EA132:[e3fb16e0-7066-4756-a24b-fa8bee236c7d:192.168.151.103:40888, 8fa6b618-ecc1-4831-80a7-5b838334a4af:192.168.151.103:41124, 072f5f93-30cd-441c-b95e-93d65198a03a:192.168.151.103:36662] returns group-83C2B07EA132:java.util.concurrent.CompletableFuture@235b0bd8[Not completed]
2019-10-03 08:32:40,967 [pool-409-thread-1] INFO  server.RaftServerConfigKeys (ConfUtils.java:logGet(43)) - raft.server.rpc.timeout.max = 5200ms (custom)
2019-10-03 08:32:40,967 [pool-419-thread-1] INFO  impl.RaftServerImpl (RaftServerImpl.java:<init>(95)) - 8fa6b618-ecc1-4831-80a7-5b838334a4af: new RaftServerImpl for group-83C2B07EA132:[e3fb16e0-7066-4756-a24b-fa8bee236c7d:192.168.151.103:40888, 8fa6b618-ecc1-4831-80a7-5b838334a4af:192.168.151.103:41124, 072f5f93-30cd-441c-b95e-93d65198a03a:192.168.151.103:36662] with ContainerStateMachine:uninitialized
2019-10-03 08:32:40,967 [pool-409-thread-1] INFO  server.RaftServerConfigKeys (ConfUtils.java:logGet(43)) - raft.server.rpcslowness.timeout = 120s (custom)
2019-10-03 08:32:40,967 [pool-419-thread-1] INFO  server.RaftServerConfigKeys (ConfUtils.java:logGet(43)) - raft.server.rpc.timeout.min = 5s (custom)
2019-10-03 08:32:40,967 [pool-409-thread-1] INFO  server.RaftServerConfigKeys (ConfUtils.java:logGet(43)) - raft.server.sleep.deviation.threshold = 300 (default)
2019-10-03 08:32:40,967 [pool-429-thread-1] INFO  impl.RaftServerImpl (RaftServerImpl.java:<init>(95)) - 072f5f93-30cd-441c-b95e-93d65198a03a: new RaftServerImpl for group-83C2B07EA132:[e3fb16e0-7066-4756-a24b-fa8bee236c7d:192.168.151.103:40888, 8fa6b618-ecc1-4831-80a7-5b838334a4af:192.168.151.103:41124, 072f5f93-30cd-441c-b95e-93d65198a03a:192.168.151.103:36662] with ContainerStateMachine:uninitialized
2019-10-03 08:32:40,967 [pool-419-thread-1] INFO  server.RaftServerConfigKeys (ConfUtils.java:logGet(43)) - raft.server.rpc.timeout.max = 5200ms (custom)
2019-10-03 08:32:40,967 [pool-429-thread-1] INFO  server.RaftServerConfigKeys (ConfUtils.java:logGet(43)) - raft.server.rpc.timeout.min = 5s (custom)
2019-10-03 08:32:40,967 [pool-409-thread-1] INFO  server.RaftServerConfigKeys (ConfUtils.java:logGet(43)) - raft.server.log.appender.install.snapshot.enabled = false (custom)
2019-10-03 08:32:40,968 [pool-429-thread-1] INFO  server.RaftServerConfigKeys (ConfUtils.java:logGet(43)) - raft.server.rpc.timeout.max = 5200ms (custom)
2019-10-03 08:32:40,968 [pool-419-thread-1] INFO  server.RaftServerConfigKeys (ConfUtils.java:logGet(43)) - raft.server.rpcslowness.timeout = 120s (custom)
2019-10-03 08:32:40,968 [pool-429-thread-1] INFO  server.RaftServerConfigKeys (ConfUtils.java:logGet(43)) - raft.server.rpcslowness.timeout = 120s (custom)
2019-10-03 08:32:40,968 [pool-409-thread-1] INFO  impl.RaftServerImpl (ServerState.java:<init>(103)) - e3fb16e0-7066-4756-a24b-fa8bee236c7d@group-83C2B07EA132: ConfigurationManager, init=-1: [e3fb16e0-7066-4756-a24b-fa8bee236c7d:192.168.151.103:40888, 8fa6b618-ecc1-4831-80a7-5b838334a4af:192.168.151.103:41124, 072f5f93-30cd-441c-b95e-93d65198a03a:192.168.151.103:36662], old=null, confs=<EMPTY_MAP>
2019-10-03 08:32:40,968 [pool-429-thread-1] INFO  server.RaftServerConfigKeys (ConfUtils.java:logGet(43)) - raft.server.sleep.deviation.threshold = 300 (default)
2019-10-03 08:32:40,968 [pool-419-thread-1] INFO  server.RaftServerConfigKeys (ConfUtils.java:logGet(43)) - raft.server.sleep.deviation.threshold = 300 (default)
2019-10-03 08:32:40,968 [pool-429-thread-1] INFO  server.RaftServerConfigKeys (ConfUtils.java:logGet(43)) - raft.server.log.appender.install.snapshot.enabled = false (custom)
2019-10-03 08:32:40,968 [pool-409-thread-1] INFO  server.RaftServerConfigKeys (ConfUtils.java:logGet(43)) - raft.server.storage.dir = [/workdir/hadoop-ozone/integration-test/target/test-dir/MiniOzoneClusterImpl-176ba0bc-51bb-4eaa-8e2d-f4d79c94d5b2/datanode-0/data/ratis] (custom)
2019-10-03 08:32:40,968 [pool-429-thread-1] INFO  impl.RaftServerImpl (ServerState.java:<init>(103)) - 072f5f93-30cd-441c-b95e-93d65198a03a@group-83C2B07EA132: ConfigurationManager, init=-1: [e3fb16e0-7066-4756-a24b-fa8bee236c7d:192.168.151.103:40888, 8fa6b618-ecc1-4831-80a7-5b838334a4af:192.168.151.103:41124, 072f5f93-30cd-441c-b95e-93d65198a03a:192.168.151.103:36662], old=null, confs=<EMPTY_MAP>
2019-10-03 08:32:40,968 [pool-419-thread-1] INFO  server.RaftServerConfigKeys (ConfUtils.java:logGet(43)) - raft.server.log.appender.install.snapshot.enabled = false (custom)
2019-10-03 08:32:40,968 [pool-409-thread-1] INFO  server.RaftServerConfigKeys (ConfUtils.java:logGet(43)) - raft.server.log.corruption.policy = EXCEPTION (default)
2019-10-03 08:32:40,968 [pool-429-thread-1] INFO  server.RaftServerConfigKeys (ConfUtils.java:logGet(43)) - raft.server.storage.dir = [/workdir/hadoop-ozone/integration-test/target/test-dir/MiniOzoneClusterImpl-176ba0bc-51bb-4eaa-8e2d-f4d79c94d5b2/datanode-2/data/ratis] (custom)
2019-10-03 08:32:40,969 [pool-409-thread-1] INFO  storage.RaftStorageDirectory (RaftStorageDirectory.java:analyzeStorage(246)) - The storage directory /workdir/hadoop-ozone/integration-test/target/test-dir/MiniOzoneClusterImpl-176ba0bc-51bb-4eaa-8e2d-f4d79c94d5b2/datanode-0/data/ratis/4b3fe8a2-ab39-483c-a3e4-83c2b07ea132 does not exist. Creating ...
2019-10-03 08:32:40,969 [pool-419-thread-1] INFO  impl.RaftServerImpl (ServerState.java:<init>(103)) - 8fa6b618-ecc1-4831-80a7-5b838334a4af@group-83C2B07EA132: ConfigurationManager, init=-1: [e3fb16e0-7066-4756-a24b-fa8bee236c7d:192.168.151.103:40888, 8fa6b618-ecc1-4831-80a7-5b838334a4af:192.168.151.103:41124, 072f5f93-30cd-441c-b95e-93d65198a03a:192.168.151.103:36662], old=null, confs=<EMPTY_MAP>
2019-10-03 08:32:40,969 [pool-429-thread-1] INFO  server.RaftServerConfigKeys (ConfUtils.java:logGet(43)) - raft.server.log.corruption.policy = EXCEPTION (default)
2019-10-03 08:32:40,969 [pool-419-thread-1] INFO  server.RaftServerConfigKeys (ConfUtils.java:logGet(43)) - raft.server.storage.dir = [/workdir/hadoop-ozone/integration-test/target/test-dir/MiniOzoneClusterImpl-176ba0bc-51bb-4eaa-8e2d-f4d79c94d5b2/datanode-1/data/ratis] (custom)
2019-10-03 08:32:40,969 [pool-429-thread-1] INFO  storage.RaftStorageDirectory (RaftStorageDirectory.java:analyzeStorage(246)) - The storage directory /workdir/hadoop-ozone/integration-test/target/test-dir/MiniOzoneClusterImpl-176ba0bc-51bb-4eaa-8e2d-f4d79c94d5b2/datanode-2/data/ratis/4b3fe8a2-ab39-483c-a3e4-83c2b07ea132 does not exist. Creating ...
2019-10-03 08:32:40,969 [pool-419-thread-1] INFO  server.RaftServerConfigKeys (ConfUtils.java:logGet(43)) - raft.server.log.corruption.policy = EXCEPTION (default)
2019-10-03 08:32:40,969 [pool-419-thread-1] INFO  storage.RaftStorageDirectory (RaftStorageDirectory.java:analyzeStorage(246)) - The storage directory /workdir/hadoop-ozone/integration-test/target/test-dir/MiniOzoneClusterImpl-176ba0bc-51bb-4eaa-8e2d-f4d79c94d5b2/datanode-1/data/ratis/4b3fe8a2-ab39-483c-a3e4-83c2b07ea132 does not exist. Creating ...
2019-10-03 08:32:40,972 [IPC Server handler 4 on 36221] INFO  net.NetworkTopology (NetworkTopologyImpl.java:add(111)) - Added a new node: /default-rack/7708fc3f-22ad-4852-9dd3-b9f2e0e79c56
2019-10-03 08:32:40,972 [IPC Server handler 4 on 36221] INFO  node.SCMNodeManager (SCMNodeManager.java:register(266)) - Registered Data node : 7708fc3f-22ad-4852-9dd3-b9f2e0e79c56{ip: 192.168.151.103, host: pr-hdds-2234-ztsc4-2614151736, networkLocation: /default-rack, certSerialId: null}
2019-10-03 08:32:40,983 [pool-429-thread-1] INFO  storage.RaftStorageDirectory (RaftStorageDirectory.java:tryLock(328)) - Lock on /workdir/hadoop-ozone/integration-test/target/test-dir/MiniOzoneClusterImpl-176ba0bc-51bb-4eaa-8e2d-f4d79c94d5b2/datanode-2/data/ratis/4b3fe8a2-ab39-483c-a3e4-83c2b07ea132/in_use.lock acquired by nodename 23399@pr-hdds-2234-ztsc4-2614151736
2019-10-03 08:32:40,983 [pool-419-thread-1] INFO  storage.RaftStorageDirectory (RaftStorageDirectory.java:tryLock(328)) - Lock on /workdir/hadoop-ozone/integration-test/target/test-dir/MiniOzoneClusterImpl-176ba0bc-51bb-4eaa-8e2d-f4d79c94d5b2/datanode-1/data/ratis/4b3fe8a2-ab39-483c-a3e4-83c2b07ea132/in_use.lock acquired by nodename 23399@pr-hdds-2234-ztsc4-2614151736
2019-10-03 08:32:40,983 [pool-409-thread-1] INFO  storage.RaftStorageDirectory (RaftStorageDirectory.java:tryLock(328)) - Lock on /workdir/hadoop-ozone/integration-test/target/test-dir/MiniOzoneClusterImpl-176ba0bc-51bb-4eaa-8e2d-f4d79c94d5b2/datanode-0/data/ratis/4b3fe8a2-ab39-483c-a3e4-83c2b07ea132/in_use.lock acquired by nodename 23399@pr-hdds-2234-ztsc4-2614151736
2019-10-03 08:32:40,996 [pool-429-thread-1] INFO  storage.RaftStorage (RaftStorage.java:format(84)) - Storage directory /workdir/hadoop-ozone/integration-test/target/test-dir/MiniOzoneClusterImpl-176ba0bc-51bb-4eaa-8e2d-f4d79c94d5b2/datanode-2/data/ratis/4b3fe8a2-ab39-483c-a3e4-83c2b07ea132 has been successfully formatted.
2019-10-03 08:32:40,996 [pool-409-thread-1] INFO  storage.RaftStorage (RaftStorage.java:format(84)) - Storage directory /workdir/hadoop-ozone/integration-test/target/test-dir/MiniOzoneClusterImpl-176ba0bc-51bb-4eaa-8e2d-f4d79c94d5b2/datanode-0/data/ratis/4b3fe8a2-ab39-483c-a3e4-83c2b07ea132 has been successfully formatted.
2019-10-03 08:32:40,996 [pool-419-thread-1] INFO  storage.RaftStorage (RaftStorage.java:format(84)) - Storage directory /workdir/hadoop-ozone/integration-test/target/test-dir/MiniOzoneClusterImpl-176ba0bc-51bb-4eaa-8e2d-f4d79c94d5b2/datanode-1/data/ratis/4b3fe8a2-ab39-483c-a3e4-83c2b07ea132 has been successfully formatted.
2019-10-03 08:32:40,997 [pool-409-thread-1] INFO  ratis.ContainerStateMachine (ContainerStateMachine.java:loadSnapshot(230)) - group-83C2B07EA132: The snapshot info is null. Setting the last applied indexto:(t:0, i:~)
2019-10-03 08:32:40,996 [pool-429-thread-1] INFO  ratis.ContainerStateMachine (ContainerStateMachine.java:loadSnapshot(230)) - group-83C2B07EA132: The snapshot info is null. Setting the last applied indexto:(t:0, i:~)
2019-10-03 08:32:40,997 [pool-409-thread-1] INFO  server.RaftServerConfigKeys (ConfUtils.java:logGet(43)) - raft.server.notification.no-leader.timeout = 120s (custom)
2019-10-03 08:32:40,997 [pool-419-thread-1] INFO  ratis.ContainerStateMachine (ContainerStateMachine.java:loadSnapshot(230)) - group-83C2B07EA132: The snapshot info is null. Setting the last applied indexto:(t:0, i:~)
2019-10-03 08:32:40,997 [pool-409-thread-1] INFO  server.RaftServerConfigKeys (ConfUtils.java:logGet(43)) - raft.server.log.use.memory = false (default)
2019-10-03 08:32:40,997 [pool-429-thread-1] INFO  server.RaftServerConfigKeys (ConfUtils.java:logGet(43)) - raft.server.notification.no-leader.timeout = 120s (custom)
2019-10-03 08:32:40,997 [pool-409-thread-1] INFO  server.RaftServerConfigKeys (ConfUtils.java:logGet(43)) - raft.server.log.purge.gap = 1000000 (custom)
2019-10-03 08:32:40,997 [pool-419-thread-1] INFO  server.RaftServerConfigKeys (ConfUtils.java:logGet(43)) - raft.server.notification.no-leader.timeout = 120s (custom)
2019-10-03 08:32:40,997 [pool-409-thread-1] INFO  server.RaftServerConfigKeys (ConfUtils.java:logGet(43)) - raft.server.log.appender.buffer.byte-limit = 33554432 (custom)
2019-10-03 08:32:40,997 [pool-429-thread-1] INFO  server.RaftServerConfigKeys (ConfUtils.java:logGet(43)) - raft.server.log.use.memory = false (default)
2019-10-03 08:32:40,998 [pool-409-thread-1] INFO  server.RaftServerConfigKeys (ConfUtils.java:logGet(43)) - raft.server.log.segment.size.max = 1048576 (custom)
2019-10-03 08:32:40,998 [pool-419-thread-1] INFO  server.RaftServerConfigKeys (ConfUtils.java:logGet(43)) - raft.server.log.use.memory = false (default)
2019-10-03 08:32:40,998 [pool-409-thread-1] INFO  server.RaftServerConfigKeys (ConfUtils.java:logGet(43)) - raft.server.log.segment.cache.num.max = 2 (custom)
2019-10-03 08:32:40,998 [pool-429-thread-1] INFO  server.RaftServerConfigKeys (ConfUtils.java:logGet(43)) - raft.server.log.purge.gap = 1000000 (custom)
2019-10-03 08:32:40,998 [pool-409-thread-1] INFO  segmented.SegmentedRaftLogWorker (SegmentedRaftLogWorker.java:<init>(173)) - new e3fb16e0-7066-4756-a24b-fa8bee236c7d@group-83C2B07EA132-SegmentedRaftLogWorker for RaftStorage:Storage Directory /workdir/hadoop-ozone/integration-test/target/test-dir/MiniOzoneClusterImpl-176ba0bc-51bb-4eaa-8e2d-f4d79c94d5b2/datanode-0/data/ratis/4b3fe8a2-ab39-483c-a3e4-83c2b07ea132
2019-10-03 08:32:40,998 [pool-419-thread-1] INFO  server.RaftServerConfigKeys (ConfUtils.java:logGet(43)) - raft.server.log.purge.gap = 1000000 (custom)
2019-10-03 08:32:40,998 [pool-409-thread-1] INFO  server.RaftServerConfigKeys (ConfUtils.java:logGet(43)) - raft.server.log.queue.byte-limit = 2147483647 (custom)
2019-10-03 08:32:40,998 [pool-429-thread-1] INFO  server.RaftServerConfigKeys (ConfUtils.java:logGet(43)) - raft.server.log.appender.buffer.byte-limit = 33554432 (custom)
2019-10-03 08:32:40,999 [pool-409-thread-1] INFO  server.RaftServerConfigKeys (ConfUtils.java:logGet(43)) - raft.server.log.queue.element-limit = 1024 (custom)
2019-10-03 08:32:40,999 [pool-419-thread-1] INFO  server.RaftServerConfigKeys (ConfUtils.java:logGet(43)) - raft.server.log.appender.buffer.byte-limit = 33554432 (custom)
2019-10-03 08:32:40,999 [pool-409-thread-1] INFO  server.RaftServerConfigKeys (ConfUtils.java:logGet(43)) - raft.server.log.segment.size.max = 1048576 (custom)
2019-10-03 08:32:40,999 [pool-429-thread-1] INFO  server.RaftServerConfigKeys (ConfUtils.java:logGet(43)) - raft.server.log.segment.size.max = 1048576 (custom)
2019-10-03 08:32:40,999 [pool-409-thread-1] INFO  server.RaftServerConfigKeys (ConfUtils.java:logGet(43)) - raft.server.log.preallocated.size = 16384 (custom)
2019-10-03 08:32:40,999 [pool-409-thread-1] INFO  server.RaftServerConfigKeys (ConfUtils.java:logGet(43)) - raft.server.log.write.buffer.size = 33554432 (custom)
2019-10-03 08:32:40,999 [pool-419-thread-1] INFO  server.RaftServerConfigKeys (ConfUtils.java:logGet(43)) - raft.server.log.segment.size.max = 1048576 (custom)
2019-10-03 08:32:40,999 [pool-409-thread-1] INFO  server.RaftServerConfigKeys (ConfUtils.java:logGet(43)) - raft.server.log.force.sync.num = 128 (default)
2019-10-03 08:32:40,999 [pool-429-thread-1] INFO  server.RaftServerConfigKeys (ConfUtils.java:logGet(43)) - raft.server.log.segment.cache.num.max = 2 (custom)
2019-10-03 08:32:41,000 [pool-409-thread-1] INFO  server.RaftServerConfigKeys (ConfUtils.java:logGet(43)) - raft.server.log.statemachine.data.sync = true (default)
2019-10-03 08:32:41,000 [pool-419-thread-1] INFO  server.RaftServerConfigKeys (ConfUtils.java:logGet(43)) - raft.server.log.segment.cache.num.max = 2 (custom)
2019-10-03 08:32:41,000 [pool-409-thread-1] INFO  server.RaftServerConfigKeys (ConfUtils.java:logGet(43)) - raft.server.log.statemachine.data.sync.timeout = 10s (default)
2019-10-03 08:32:41,000 [pool-429-thread-1] INFO  segmented.SegmentedRaftLogWorker (SegmentedRaftLogWorker.java:<init>(173)) - new 072f5f93-30cd-441c-b95e-93d65198a03a@group-83C2B07EA132-SegmentedRaftLogWorker for RaftStorage:Storage Directory /workdir/hadoop-ozone/integration-test/target/test-dir/MiniOzoneClusterImpl-176ba0bc-51bb-4eaa-8e2d-f4d79c94d5b2/datanode-2/data/ratis/4b3fe8a2-ab39-483c-a3e4-83c2b07ea132
2019-10-03 08:32:41,000 [pool-409-thread-1] INFO  server.RaftServerConfigKeys (ConfUtils.java:logGet(43)) - raft.server.log.statemachine.data.sync.timeout.retry = -1 (default)
2019-10-03 08:32:41,000 [pool-419-thread-1] INFO  segmented.SegmentedRaftLogWorker (SegmentedRaftLogWorker.java:<init>(173)) - new 8fa6b618-ecc1-4831-80a7-5b838334a4af@group-83C2B07EA132-SegmentedRaftLogWorker for RaftStorage:Storage Directory /workdir/hadoop-ozone/integration-test/target/test-dir/MiniOzoneClusterImpl-176ba0bc-51bb-4eaa-8e2d-f4d79c94d5b2/datanode-1/data/ratis/4b3fe8a2-ab39-483c-a3e4-83c2b07ea132
2019-10-03 08:32:41,000 [pool-409-thread-1] INFO  server.RaftServerConfigKeys (ConfUtils.java:logGet(43)) - raft.server.log.statemachine.data.caching.enabled = true (custom)
2019-10-03 08:32:41,000 [pool-429-thread-1] INFO  server.RaftServerConfigKeys (ConfUtils.java:logGet(43)) - raft.server.log.queue.byte-limit = 2147483647 (custom)
2019-10-03 08:32:41,001 [pool-419-thread-1] INFO  server.RaftServerConfigKeys (ConfUtils.java:logGet(43)) - raft.server.log.queue.byte-limit = 2147483647 (custom)
2019-10-03 08:32:41,001 [pool-409-thread-1] INFO  segmented.SegmentedRaftLogWorker (SegmentedRaftLogWorker.java:lambda$new$0(128)) - e3fb16e0-7066-4756-a24b-fa8bee236c7d@group-83C2B07EA132-SegmentedRaftLogWorker: flushIndex: setUnconditionally 0 -> -1
2019-10-03 08:32:41,001 [pool-429-thread-1] INFO  server.RaftServerConfigKeys (ConfUtils.java:logGet(43)) - raft.server.log.queue.element-limit = 1024 (custom)
2019-10-03 08:32:41,001 [pool-419-thread-1] INFO  server.RaftServerConfigKeys (ConfUtils.java:logGet(43)) - raft.server.log.queue.element-limit = 1024 (custom)
2019-10-03 08:32:41,001 [pool-409-thread-1] INFO  server.RaftServerConfigKeys (ConfUtils.java:logGet(43)) - raft.server.snapshot.auto.trigger.enabled = true (custom)
2019-10-03 08:32:41,001 [pool-429-thread-1] INFO  server.RaftServerConfigKeys (ConfUtils.java:logGet(43)) - raft.server.log.segment.size.max = 1048576 (custom)
2019-10-03 08:32:41,001 [pool-409-thread-1] INFO  server.RaftServerConfigKeys (ConfUtils.java:logGet(43)) - raft.server.snapshot.auto.trigger.threshold = 10000 (custom)
2019-10-03 08:32:41,001 [pool-419-thread-1] INFO  server.RaftServerConfigKeys (ConfUtils.java:logGet(43)) - raft.server.log.segment.size.max = 1048576 (custom)
2019-10-03 08:32:41,002 [pool-409-thread-1] INFO  server.RaftServerConfigKeys (ConfUtils.java:logGet(43)) - raft.server.snapshot.retention.file.num = 5 (custom)
2019-10-03 08:32:41,001 [pool-429-thread-1] INFO  server.RaftServerConfigKeys (ConfUtils.java:logGet(43)) - raft.server.log.preallocated.size = 16384 (custom)
2019-10-03 08:32:41,002 [pool-409-thread-1] INFO  server.RaftServerConfigKeys (ConfUtils.java:logGet(43)) - raft.server.retrycache.expirytime = 600000ms (custom)
2019-10-03 08:32:41,002 [pool-419-thread-1] INFO  server.RaftServerConfigKeys (ConfUtils.java:logGet(43)) - raft.server.log.preallocated.size = 16384 (custom)
2019-10-03 08:32:41,002 [pool-429-thread-1] INFO  server.RaftServerConfigKeys (ConfUtils.java:logGet(43)) - raft.server.log.write.buffer.size = 33554432 (custom)
2019-10-03 08:32:41,002 [pool-419-thread-1] INFO  server.RaftServerConfigKeys (ConfUtils.java:logGet(43)) - raft.server.log.write.buffer.size = 33554432 (custom)
2019-10-03 08:32:41,002 [pool-429-thread-1] INFO  server.RaftServerConfigKeys (ConfUtils.java:logGet(43)) - raft.server.log.force.sync.num = 128 (default)
2019-10-03 08:32:41,002 [pool-419-thread-1] INFO  server.RaftServerConfigKeys (ConfUtils.java:logGet(43)) - raft.server.log.force.sync.num = 128 (default)
2019-10-03 08:32:41,003 [pool-429-thread-1] INFO  server.RaftServerConfigKeys (ConfUtils.java:logGet(43)) - raft.server.log.statemachine.data.sync = true (default)
2019-10-03 08:32:41,003 [pool-419-thread-1] INFO  server.RaftServerConfigKeys (ConfUtils.java:logGet(43)) - raft.server.log.statemachine.data.sync = true (default)
2019-10-03 08:32:41,003 [pool-429-thread-1] INFO  server.RaftServerConfigKeys (ConfUtils.java:logGet(43)) - raft.server.log.statemachine.data.sync.timeout = 10s (default)
2019-10-03 08:32:41,003 [pool-419-thread-1] INFO  server.RaftServerConfigKeys (ConfUtils.java:logGet(43)) - raft.server.log.statemachine.data.sync.timeout = 10s (default)
2019-10-03 08:32:41,003 [pool-429-thread-1] INFO  server.RaftServerConfigKeys (ConfUtils.java:logGet(43)) - raft.server.log.statemachine.data.sync.timeout.retry = -1 (default)
2019-10-03 08:32:41,003 [pool-419-thread-1] INFO  server.RaftServerConfigKeys (ConfUtils.java:logGet(43)) - raft.server.log.statemachine.data.sync.timeout.retry = -1 (default)
2019-10-03 08:32:41,003 [pool-429-thread-1] INFO  server.RaftServerConfigKeys (ConfUtils.java:logGet(43)) - raft.server.log.statemachine.data.caching.enabled = true (custom)
2019-10-03 08:32:41,004 [pool-419-thread-1] INFO  server.RaftServerConfigKeys (ConfUtils.java:logGet(43)) - raft.server.log.statemachine.data.caching.enabled = true (custom)
2019-10-03 08:32:41,004 [pool-429-thread-1] INFO  segmented.SegmentedRaftLogWorker (SegmentedRaftLogWorker.java:lambda$new$0(128)) - 072f5f93-30cd-441c-b95e-93d65198a03a@group-83C2B07EA132-SegmentedRaftLogWorker: flushIndex: setUnconditionally 0 -> -1
2019-10-03 08:32:41,004 [pool-409-thread-1] INFO  impl.RaftServerImpl (RaftServerImpl.java:start(181)) - e3fb16e0-7066-4756-a24b-fa8bee236c7d@group-83C2B07EA132: start as a follower, conf=-1: [e3fb16e0-7066-4756-a24b-fa8bee236c7d:192.168.151.103:40888, 8fa6b618-ecc1-4831-80a7-5b838334a4af:192.168.151.103:41124, 072f5f93-30cd-441c-b95e-93d65198a03a:192.168.151.103:36662], old=null
2019-10-03 08:32:41,004 [pool-419-thread-1] INFO  segmented.SegmentedRaftLogWorker (SegmentedRaftLogWorker.java:lambda$new$0(128)) - 8fa6b618-ecc1-4831-80a7-5b838334a4af@group-83C2B07EA132-SegmentedRaftLogWorker: flushIndex: setUnconditionally 0 -> -1
2019-10-03 08:32:41,004 [pool-409-thread-1] INFO  impl.RaftServerImpl (RaftServerImpl.java:setRole(170)) - e3fb16e0-7066-4756-a24b-fa8bee236c7d@group-83C2B07EA132: changes role from      null to FOLLOWER at term 0 for startAsFollower
2019-10-03 08:32:41,004 [pool-429-thread-1] INFO  server.RaftServerConfigKeys (ConfUtils.java:logGet(43)) - raft.server.snapshot.auto.trigger.enabled = true (custom)
2019-10-03 08:32:41,004 [pool-419-thread-1] INFO  server.RaftServerConfigKeys (ConfUtils.java:logGet(43)) - raft.server.snapshot.auto.trigger.enabled = true (custom)
2019-10-03 08:32:41,004 [pool-409-thread-1] INFO  impl.RoleInfo (RoleInfo.java:updateAndGet(143)) - e3fb16e0-7066-4756-a24b-fa8bee236c7d: start FollowerState
2019-10-03 08:32:41,004 [pool-419-thread-1] INFO  server.RaftServerConfigKeys (ConfUtils.java:logGet(43)) - raft.server.snapshot.auto.trigger.threshold = 10000 (custom)
2019-10-03 08:32:41,004 [pool-429-thread-1] INFO  server.RaftServerConfigKeys (ConfUtils.java:logGet(43)) - raft.server.snapshot.auto.trigger.threshold = 10000 (custom)
2019-10-03 08:32:41,012 [pool-409-thread-1] INFO  util.JmxRegister (JmxRegister.java:tryRegister(44)) - Successfully registered JMX Bean with object name Ratis:service=RaftServer,group=group-83C2B07EA132,id=e3fb16e0-7066-4756-a24b-fa8bee236c7d
2019-10-03 08:32:41,005 [pool-419-thread-1] INFO  server.RaftServerConfigKeys (ConfUtils.java:logGet(43)) - raft.server.snapshot.retention.file.num = 5 (custom)
2019-10-03 08:32:41,012 [pool-429-thread-1] INFO  server.RaftServerConfigKeys (ConfUtils.java:logGet(43)) - raft.server.snapshot.retention.file.num = 5 (custom)
2019-10-03 08:32:41,012 [pool-419-thread-1] INFO  server.RaftServerConfigKeys (ConfUtils.java:logGet(43)) - raft.server.retrycache.expirytime = 600000ms (custom)
2019-10-03 08:32:41,013 [pool-429-thread-1] INFO  server.RaftServerConfigKeys (ConfUtils.java:logGet(43)) - raft.server.retrycache.expirytime = 600000ms (custom)
2019-10-03 08:32:41,021 [pool-419-thread-1] INFO  impl.RaftServerImpl (RaftServerImpl.java:start(181)) - 8fa6b618-ecc1-4831-80a7-5b838334a4af@group-83C2B07EA132: start as a follower, conf=-1: [e3fb16e0-7066-4756-a24b-fa8bee236c7d:192.168.151.103:40888, 8fa6b618-ecc1-4831-80a7-5b838334a4af:192.168.151.103:41124, 072f5f93-30cd-441c-b95e-93d65198a03a:192.168.151.103:36662], old=null
2019-10-03 08:32:41,021 [pool-419-thread-1] INFO  impl.RaftServerImpl (RaftServerImpl.java:setRole(170)) - 8fa6b618-ecc1-4831-80a7-5b838334a4af@group-83C2B07EA132: changes role from      null to FOLLOWER at term 0 for startAsFollower
2019-10-03 08:32:41,021 [pool-419-thread-1] INFO  impl.RoleInfo (RoleInfo.java:updateAndGet(143)) - 8fa6b618-ecc1-4831-80a7-5b838334a4af: start FollowerState
2019-10-03 08:32:41,021 [pool-429-thread-1] INFO  impl.RaftServerImpl (RaftServerImpl.java:start(181)) - 072f5f93-30cd-441c-b95e-93d65198a03a@group-83C2B07EA132: start as a follower, conf=-1: [e3fb16e0-7066-4756-a24b-fa8bee236c7d:192.168.151.103:40888, 8fa6b618-ecc1-4831-80a7-5b838334a4af:192.168.151.103:41124, 072f5f93-30cd-441c-b95e-93d65198a03a:192.168.151.103:36662], old=null
2019-10-03 08:32:41,022 [pool-429-thread-1] INFO  impl.RaftServerImpl (RaftServerImpl.java:setRole(170)) - 072f5f93-30cd-441c-b95e-93d65198a03a@group-83C2B07EA132: changes role from      null to FOLLOWER at term 0 for startAsFollower
2019-10-03 08:32:41,022 [pool-419-thread-1] INFO  util.JmxRegister (JmxRegister.java:tryRegister(44)) - Successfully registered JMX Bean with object name Ratis:service=RaftServer,group=group-83C2B07EA132,id=8fa6b618-ecc1-4831-80a7-5b838334a4af
2019-10-03 08:32:41,022 [pool-429-thread-1] INFO  impl.RoleInfo (RoleInfo.java:updateAndGet(143)) - 072f5f93-30cd-441c-b95e-93d65198a03a: start FollowerState
2019-10-03 08:32:41,022 [pool-429-thread-1] INFO  util.JmxRegister (JmxRegister.java:tryRegister(44)) - Successfully registered JMX Bean with object name Ratis:service=RaftServer,group=group-83C2B07EA132,id=072f5f93-30cd-441c-b95e-93d65198a03a
2019-10-03 08:32:41,027 [RatisPipelineUtilsThread] INFO  pipeline.PipelineStateManager (PipelineStateManager.java:addPipeline(56)) - Created pipeline Pipeline[ Id: 4b3fe8a2-ab39-483c-a3e4-83c2b07ea132, Nodes: 8fa6b618-ecc1-4831-80a7-5b838334a4af{ip: 192.168.151.103, host: pr-hdds-2234-ztsc4-2614151736, networkLocation: /default-rack, certSerialId: null}e3fb16e0-7066-4756-a24b-fa8bee236c7d{ip: 192.168.151.103, host: pr-hdds-2234-ztsc4-2614151736, networkLocation: /default-rack, certSerialId: null}072f5f93-30cd-441c-b95e-93d65198a03a{ip: 192.168.151.103, host: pr-hdds-2234-ztsc4-2614151736, networkLocation: /default-rack, certSerialId: null}, Type:RATIS, Factor:THREE, State:OPEN]
2019-10-03 08:32:41,030 [IPC Server handler 6 on 36221] INFO  net.NetworkTopology (NetworkTopologyImpl.java:add(111)) - Added a new node: /default-rack/ba87ae0a-6ea0-47b2-b3c7-194fd3912d70
2019-10-03 08:32:41,032 [IPC Server handler 6 on 36221] INFO  node.SCMNodeManager (SCMNodeManager.java:register(266)) - Registered Data node : ba87ae0a-6ea0-47b2-b3c7-194fd3912d70{ip: 192.168.151.103, host: pr-hdds-2234-ztsc4-2614151736, networkLocation: /default-rack, certSerialId: null}
2019-10-03 08:32:41,036 [grpc-default-executor-8] INFO  impl.RaftServerProxy (RaftServerProxy.java:addNew(89)) - ba87ae0a-6ea0-47b2-b3c7-194fd3912d70: addNew group-28B6CDF7D3DE:[ba87ae0a-6ea0-47b2-b3c7-194fd3912d70:192.168.151.103:33183] returns group-28B6CDF7D3DE:java.util.concurrent.CompletableFuture@77714173[Not completed]
2019-10-03 08:32:41,039 [pool-449-thread-1] INFO  impl.RaftServerImpl (RaftServerImpl.java:<init>(95)) - ba87ae0a-6ea0-47b2-b3c7-194fd3912d70: new RaftServerImpl for group-28B6CDF7D3DE:[ba87ae0a-6ea0-47b2-b3c7-194fd3912d70:192.168.151.103:33183] with ContainerStateMachine:uninitialized
2019-10-03 08:32:41,039 [pool-449-thread-1] INFO  server.RaftServerConfigKeys (ConfUtils.java:logGet(43)) - raft.server.rpc.timeout.min = 5s (custom)
2019-10-03 08:32:41,039 [pool-449-thread-1] INFO  server.RaftServerConfigKeys (ConfUtils.java:logGet(43)) - raft.server.rpc.timeout.max = 5200ms (custom)
2019-10-03 08:32:41,039 [pool-449-thread-1] INFO  server.RaftServerConfigKeys (ConfUtils.java:logGet(43)) - raft.server.rpcslowness.timeout = 120s (custom)
2019-10-03 08:32:41,039 [pool-449-thread-1] INFO  server.RaftServerConfigKeys (ConfUtils.java:logGet(43)) - raft.server.sleep.deviation.threshold = 300 (default)
2019-10-03 08:32:41,039 [pool-449-thread-1] INFO  server.RaftServerConfigKeys (ConfUtils.java:logGet(43)) - raft.server.log.appender.install.snapshot.enabled = false (custom)
2019-10-03 08:32:41,039 [pool-449-thread-1] INFO  impl.RaftServerImpl (ServerState.java:<init>(103)) - ba87ae0a-6ea0-47b2-b3c7-194fd3912d70@group-28B6CDF7D3DE: ConfigurationManager, init=-1: [ba87ae0a-6ea0-47b2-b3c7-194fd3912d70:192.168.151.103:33183], old=null, confs=<EMPTY_MAP>
2019-10-03 08:32:41,040 [pool-449-thread-1] INFO  server.RaftServerConfigKeys (ConfUtils.java:logGet(43)) - raft.server.storage.dir = [/workdir/hadoop-ozone/integration-test/target/test-dir/MiniOzoneClusterImpl-176ba0bc-51bb-4eaa-8e2d-f4d79c94d5b2/datanode-4/data/ratis] (custom)
2019-10-03 08:32:41,040 [pool-449-thread-1] INFO  server.RaftServerConfigKeys (ConfUtils.java:logGet(43)) - raft.server.log.corruption.policy = EXCEPTION (default)
2019-10-03 08:32:41,040 [pool-449-thread-1] INFO  storage.RaftStorageDirectory (RaftStorageDirectory.java:analyzeStorage(246)) - The storage directory /workdir/hadoop-ozone/integration-test/target/test-dir/MiniOzoneClusterImpl-176ba0bc-51bb-4eaa-8e2d-f4d79c94d5b2/datanode-4/data/ratis/cae3d686-39de-45db-bc1c-28b6cdf7d3de does not exist. Creating ...
2019-10-03 08:32:41,053 [pool-449-thread-1] INFO  storage.RaftStorageDirectory (RaftStorageDirectory.java:tryLock(328)) - Lock on /workdir/hadoop-ozone/integration-test/target/test-dir/MiniOzoneClusterImpl-176ba0bc-51bb-4eaa-8e2d-f4d79c94d5b2/datanode-4/data/ratis/cae3d686-39de-45db-bc1c-28b6cdf7d3de/in_use.lock acquired by nodename 23399@pr-hdds-2234-ztsc4-2614151736
2019-10-03 08:32:41,065 [pool-449-thread-1] INFO  storage.RaftStorage (RaftStorage.java:format(84)) - Storage directory /workdir/hadoop-ozone/integration-test/target/test-dir/MiniOzoneClusterImpl-176ba0bc-51bb-4eaa-8e2d-f4d79c94d5b2/datanode-4/data/ratis/cae3d686-39de-45db-bc1c-28b6cdf7d3de has been successfully formatted.
2019-10-03 08:32:41,066 [pool-449-thread-1] INFO  ratis.ContainerStateMachine (ContainerStateMachine.java:loadSnapshot(230)) - group-28B6CDF7D3DE: The snapshot info is null. Setting the last applied indexto:(t:0, i:~)
2019-10-03 08:32:41,066 [pool-449-thread-1] INFO  server.RaftServerConfigKeys (ConfUtils.java:logGet(43)) - raft.server.notification.no-leader.timeout = 120s (custom)
2019-10-03 08:32:41,066 [pool-449-thread-1] INFO  server.RaftServerConfigKeys (ConfUtils.java:logGet(43)) - raft.server.log.use.memory = false (default)
2019-10-03 08:32:41,066 [pool-449-thread-1] INFO  server.RaftServerConfigKeys (ConfUtils.java:logGet(43)) - raft.server.log.purge.gap = 1000000 (custom)
2019-10-03 08:32:41,066 [pool-449-thread-1] INFO  server.RaftServerConfigKeys (ConfUtils.java:logGet(43)) - raft.server.log.appender.buffer.byte-limit = 33554432 (custom)
2019-10-03 08:32:41,067 [pool-449-thread-1] INFO  server.RaftServerConfigKeys (ConfUtils.java:logGet(43)) - raft.server.log.segment.size.max = 1048576 (custom)
2019-10-03 08:32:41,069 [pool-449-thread-1] INFO  server.RaftServerConfigKeys (ConfUtils.java:logGet(43)) - raft.server.log.segment.cache.num.max = 2 (custom)
2019-10-03 08:32:41,069 [pool-449-thread-1] INFO  segmented.SegmentedRaftLogWorker (SegmentedRaftLogWorker.java:<init>(173)) - new ba87ae0a-6ea0-47b2-b3c7-194fd3912d70@group-28B6CDF7D3DE-SegmentedRaftLogWorker for RaftStorage:Storage Directory /workdir/hadoop-ozone/integration-test/target/test-dir/MiniOzoneClusterImpl-176ba0bc-51bb-4eaa-8e2d-f4d79c94d5b2/datanode-4/data/ratis/cae3d686-39de-45db-bc1c-28b6cdf7d3de
2019-10-03 08:32:41,069 [pool-449-thread-1] INFO  server.RaftServerConfigKeys (ConfUtils.java:logGet(43)) - raft.server.log.queue.byte-limit = 2147483647 (custom)
2019-10-03 08:32:41,069 [pool-449-thread-1] INFO  server.RaftServerConfigKeys (ConfUtils.java:logGet(43)) - raft.server.log.queue.element-limit = 1024 (custom)
2019-10-03 08:32:41,069 [pool-449-thread-1] INFO  server.RaftServerConfigKeys (ConfUtils.java:logGet(43)) - raft.server.log.segment.size.max = 1048576 (custom)
2019-10-03 08:32:41,069 [pool-449-thread-1] INFO  server.RaftServerConfigKeys (ConfUtils.java:logGet(43)) - raft.server.log.preallocated.size = 16384 (custom)
2019-10-03 08:32:41,069 [pool-449-thread-1] INFO  server.RaftServerConfigKeys (ConfUtils.java:logGet(43)) - raft.server.log.write.buffer.size = 33554432 (custom)
2019-10-03 08:32:41,070 [pool-449-thread-1] INFO  server.RaftServerConfigKeys (ConfUtils.java:logGet(43)) - raft.server.log.force.sync.num = 128 (default)
2019-10-03 08:32:41,070 [pool-449-thread-1] INFO  server.RaftServerConfigKeys (ConfUtils.java:logGet(43)) - raft.server.log.statemachine.data.sync = true (default)
2019-10-03 08:32:41,070 [pool-449-thread-1] INFO  server.RaftServerConfigKeys (ConfUtils.java:logGet(43)) - raft.server.log.statemachine.data.sync.timeout = 10s (default)
2019-10-03 08:32:41,070 [pool-449-thread-1] INFO  server.RaftServerConfigKeys (ConfUtils.java:logGet(43)) - raft.server.log.statemachine.data.sync.timeout.retry = -1 (default)
2019-10-03 08:32:41,071 [pool-449-thread-1] INFO  server.RaftServerConfigKeys (ConfUtils.java:logGet(43)) - raft.server.log.statemachine.data.caching.enabled = true (custom)
2019-10-03 08:32:41,071 [pool-449-thread-1] INFO  segmented.SegmentedRaftLogWorker (SegmentedRaftLogWorker.java:lambda$new$0(128)) - ba87ae0a-6ea0-47b2-b3c7-194fd3912d70@group-28B6CDF7D3DE-SegmentedRaftLogWorker: flushIndex: setUnconditionally 0 -> -1
2019-10-03 08:32:41,071 [pool-449-thread-1] INFO  server.RaftServerConfigKeys (ConfUtils.java:logGet(43)) - raft.server.snapshot.auto.trigger.enabled = true (custom)
2019-10-03 08:32:41,071 [pool-449-thread-1] INFO  server.RaftServerConfigKeys (ConfUtils.java:logGet(43)) - raft.server.snapshot.auto.trigger.threshold = 10000 (custom)
2019-10-03 08:32:41,072 [pool-449-thread-1] INFO  server.RaftServerConfigKeys (ConfUtils.java:logGet(43)) - raft.server.snapshot.retention.file.num = 5 (custom)
2019-10-03 08:32:41,072 [pool-449-thread-1] INFO  server.RaftServerConfigKeys (ConfUtils.java:logGet(43)) - raft.server.retrycache.expirytime = 600000ms (custom)
2019-10-03 08:32:41,074 [pool-449-thread-1] INFO  impl.RaftServerImpl (RaftServerImpl.java:start(181)) - ba87ae0a-6ea0-47b2-b3c7-194fd3912d70@group-28B6CDF7D3DE: start as a follower, conf=-1: [ba87ae0a-6ea0-47b2-b3c7-194fd3912d70:192.168.151.103:33183], old=null
2019-10-03 08:32:41,074 [pool-449-thread-1] INFO  impl.RaftServerImpl (RaftServerImpl.java:setRole(170)) - ba87ae0a-6ea0-47b2-b3c7-194fd3912d70@group-28B6CDF7D3DE: changes role from      null to FOLLOWER at term 0 for startAsFollower
2019-10-03 08:32:41,074 [pool-449-thread-1] INFO  impl.RoleInfo (RoleInfo.java:updateAndGet(143)) - ba87ae0a-6ea0-47b2-b3c7-194fd3912d70: start FollowerState
2019-10-03 08:32:41,074 [pool-449-thread-1] INFO  util.JmxRegister (JmxRegister.java:tryRegister(44)) - Successfully registered JMX Bean with object name Ratis:service=RaftServer,group=group-28B6CDF7D3DE,id=ba87ae0a-6ea0-47b2-b3c7-194fd3912d70
2019-10-03 08:32:41,078 [RatisPipelineUtilsThread] INFO  pipeline.PipelineStateManager (PipelineStateManager.java:addPipeline(56)) - Created pipeline Pipeline[ Id: cae3d686-39de-45db-bc1c-28b6cdf7d3de, Nodes: ba87ae0a-6ea0-47b2-b3c7-194fd3912d70{ip: 192.168.151.103, host: pr-hdds-2234-ztsc4-2614151736, networkLocation: /default-rack, certSerialId: null}, Type:RATIS, Factor:ONE, State:OPEN]
2019-10-03 08:32:41,084 [grpc-default-executor-8] INFO  impl.RaftServerProxy (RaftServerProxy.java:addNew(89)) - 7708fc3f-22ad-4852-9dd3-b9f2e0e79c56: addNew group-50BD85D1DD8E:[7708fc3f-22ad-4852-9dd3-b9f2e0e79c56:192.168.151.103:38986] returns group-50BD85D1DD8E:java.util.concurrent.CompletableFuture@1c2c4acd[Not completed]
2019-10-03 08:32:41,085 [pool-439-thread-1] INFO  impl.RaftServerImpl (RaftServerImpl.java:<init>(95)) - 7708fc3f-22ad-4852-9dd3-b9f2e0e79c56: new RaftServerImpl for group-50BD85D1DD8E:[7708fc3f-22ad-4852-9dd3-b9f2e0e79c56:192.168.151.103:38986] with ContainerStateMachine:uninitialized
2019-10-03 08:32:41,086 [pool-439-thread-1] INFO  server.RaftServerConfigKeys (ConfUtils.java:logGet(43)) - raft.server.rpc.timeout.min = 5s (custom)
2019-10-03 08:32:41,086 [pool-439-thread-1] INFO  server.RaftServerConfigKeys (ConfUtils.java:logGet(43)) - raft.server.rpc.timeout.max = 5200ms (custom)
2019-10-03 08:32:41,086 [pool-439-thread-1] INFO  server.RaftServerConfigKeys (ConfUtils.java:logGet(43)) - raft.server.rpcslowness.timeout = 120s (custom)
2019-10-03 08:32:41,086 [pool-439-thread-1] INFO  server.RaftServerConfigKeys (ConfUtils.java:logGet(43)) - raft.server.sleep.deviation.threshold = 300 (default)
2019-10-03 08:32:41,086 [pool-439-thread-1] INFO  server.RaftServerConfigKeys (ConfUtils.java:logGet(43)) - raft.server.log.appender.install.snapshot.enabled = false (custom)
2019-10-03 08:32:41,086 [pool-439-thread-1] INFO  impl.RaftServerImpl (ServerState.java:<init>(103)) - 7708fc3f-22ad-4852-9dd3-b9f2e0e79c56@group-50BD85D1DD8E: ConfigurationManager, init=-1: [7708fc3f-22ad-4852-9dd3-b9f2e0e79c56:192.168.151.103:38986], old=null, confs=<EMPTY_MAP>
2019-10-03 08:32:41,086 [pool-439-thread-1] INFO  server.RaftServerConfigKeys (ConfUtils.java:logGet(43)) - raft.server.storage.dir = [/workdir/hadoop-ozone/integration-test/target/test-dir/MiniOzoneClusterImpl-176ba0bc-51bb-4eaa-8e2d-f4d79c94d5b2/datanode-3/data/ratis] (custom)
2019-10-03 08:32:41,087 [pool-439-thread-1] INFO  server.RaftServerConfigKeys (ConfUtils.java:logGet(43)) - raft.server.log.corruption.policy = EXCEPTION (default)
2019-10-03 08:32:41,087 [pool-439-thread-1] INFO  storage.RaftStorageDirectory (RaftStorageDirectory.java:analyzeStorage(246)) - The storage directory /workdir/hadoop-ozone/integration-test/target/test-dir/MiniOzoneClusterImpl-176ba0bc-51bb-4eaa-8e2d-f4d79c94d5b2/datanode-3/data/ratis/12afe209-222f-4bfb-a874-50bd85d1dd8e does not exist. Creating ...
2019-10-03 08:32:41,088 [IPC Server handler 7 on 36221] INFO  net.NetworkTopology (NetworkTopologyImpl.java:add(111)) - Added a new node: /default-rack/681a0601-90e6-4364-b871-1ad035efeee4
2019-10-03 08:32:41,088 [IPC Server handler 7 on 36221] INFO  node.SCMNodeManager (SCMNodeManager.java:register(266)) - Registered Data node : 681a0601-90e6-4364-b871-1ad035efeee4{ip: 192.168.151.103, host: pr-hdds-2234-ztsc4-2614151736, networkLocation: /default-rack, certSerialId: null}
2019-10-03 08:32:41,090 [pool-439-thread-1] INFO  storage.RaftStorageDirectory (RaftStorageDirectory.java:tryLock(328)) - Lock on /workdir/hadoop-ozone/integration-test/target/test-dir/MiniOzoneClusterImpl-176ba0bc-51bb-4eaa-8e2d-f4d79c94d5b2/datanode-3/data/ratis/12afe209-222f-4bfb-a874-50bd85d1dd8e/in_use.lock acquired by nodename 23399@pr-hdds-2234-ztsc4-2614151736
2019-10-03 08:32:41,093 [pool-439-thread-1] INFO  storage.RaftStorage (RaftStorage.java:format(84)) - Storage directory /workdir/hadoop-ozone/integration-test/target/test-dir/MiniOzoneClusterImpl-176ba0bc-51bb-4eaa-8e2d-f4d79c94d5b2/datanode-3/data/ratis/12afe209-222f-4bfb-a874-50bd85d1dd8e has been successfully formatted.
2019-10-03 08:32:41,093 [pool-439-thread-1] INFO  ratis.ContainerStateMachine (ContainerStateMachine.java:loadSnapshot(230)) - group-50BD85D1DD8E: The snapshot info is null. Setting the last applied indexto:(t:0, i:~)
2019-10-03 08:32:41,093 [pool-439-thread-1] INFO  server.RaftServerConfigKeys (ConfUtils.java:logGet(43)) - raft.server.notification.no-leader.timeout = 120s (custom)
2019-10-03 08:32:41,093 [pool-439-thread-1] INFO  server.RaftServerConfigKeys (ConfUtils.java:logGet(43)) - raft.server.log.use.memory = false (default)
2019-10-03 08:32:41,093 [pool-439-thread-1] INFO  server.RaftServerConfigKeys (ConfUtils.java:logGet(43)) - raft.server.log.purge.gap = 1000000 (custom)
2019-10-03 08:32:41,094 [pool-439-thread-1] INFO  server.RaftServerConfigKeys (ConfUtils.java:logGet(43)) - raft.server.log.appender.buffer.byte-limit = 33554432 (custom)
2019-10-03 08:32:41,094 [pool-439-thread-1] INFO  server.RaftServerConfigKeys (ConfUtils.java:logGet(43)) - raft.server.log.segment.size.max = 1048576 (custom)
2019-10-03 08:32:41,095 [pool-439-thread-1] INFO  server.RaftServerConfigKeys (ConfUtils.java:logGet(43)) - raft.server.log.segment.cache.num.max = 2 (custom)
2019-10-03 08:32:41,095 [pool-439-thread-1] INFO  segmented.SegmentedRaftLogWorker (SegmentedRaftLogWorker.java:<init>(173)) - new 7708fc3f-22ad-4852-9dd3-b9f2e0e79c56@group-50BD85D1DD8E-SegmentedRaftLogWorker for RaftStorage:Storage Directory /workdir/hadoop-ozone/integration-test/target/test-dir/MiniOzoneClusterImpl-176ba0bc-51bb-4eaa-8e2d-f4d79c94d5b2/datanode-3/data/ratis/12afe209-222f-4bfb-a874-50bd85d1dd8e
2019-10-03 08:32:41,095 [pool-439-thread-1] INFO  server.RaftServerConfigKeys (ConfUtils.java:logGet(43)) - raft.server.log.queue.byte-limit = 2147483647 (custom)
2019-10-03 08:32:41,095 [pool-439-thread-1] INFO  server.RaftServerConfigKeys (ConfUtils.java:logGet(43)) - raft.server.log.queue.element-limit = 1024 (custom)
2019-10-03 08:32:41,095 [pool-439-thread-1] INFO  server.RaftServerConfigKeys (ConfUtils.java:logGet(43)) - raft.server.log.segment.size.max = 1048576 (custom)
2019-10-03 08:32:41,095 [pool-439-thread-1] INFO  server.RaftServerConfigKeys (ConfUtils.java:logGet(43)) - raft.server.log.preallocated.size = 16384 (custom)
2019-10-03 08:32:41,096 [pool-439-thread-1] INFO  server.RaftServerConfigKeys (ConfUtils.java:logGet(43)) - raft.server.log.write.buffer.size = 33554432 (custom)
2019-10-03 08:32:41,096 [pool-439-thread-1] INFO  server.RaftServerConfigKeys (ConfUtils.java:logGet(43)) - raft.server.log.force.sync.num = 128 (default)
2019-10-03 08:32:41,096 [pool-439-thread-1] INFO  server.RaftServerConfigKeys (ConfUtils.java:logGet(43)) - raft.server.log.statemachine.data.sync = true (default)
2019-10-03 08:32:41,096 [pool-439-thread-1] INFO  server.RaftServerConfigKeys (ConfUtils.java:logGet(43)) - raft.server.log.statemachine.data.sync.timeout = 10s (default)
2019-10-03 08:32:41,096 [pool-439-thread-1] INFO  server.RaftServerConfigKeys (ConfUtils.java:logGet(43)) - raft.server.log.statemachine.data.sync.timeout.retry = -1 (default)
2019-10-03 08:32:41,096 [pool-439-thread-1] INFO  server.RaftServerConfigKeys (ConfUtils.java:logGet(43)) - raft.server.log.statemachine.data.caching.enabled = true (custom)
2019-10-03 08:32:41,096 [pool-439-thread-1] INFO  segmented.SegmentedRaftLogWorker (SegmentedRaftLogWorker.java:lambda$new$0(128)) - 7708fc3f-22ad-4852-9dd3-b9f2e0e79c56@group-50BD85D1DD8E-SegmentedRaftLogWorker: flushIndex: setUnconditionally 0 -> -1
2019-10-03 08:32:41,097 [pool-439-thread-1] INFO  server.RaftServerConfigKeys (ConfUtils.java:logGet(43)) - raft.server.snapshot.auto.trigger.enabled = true (custom)
2019-10-03 08:32:41,097 [pool-439-thread-1] INFO  server.RaftServerConfigKeys (ConfUtils.java:logGet(43)) - raft.server.snapshot.auto.trigger.threshold = 10000 (custom)
2019-10-03 08:32:41,097 [pool-439-thread-1] INFO  server.RaftServerConfigKeys (ConfUtils.java:logGet(43)) - raft.server.snapshot.retention.file.num = 5 (custom)
2019-10-03 08:32:41,097 [pool-439-thread-1] INFO  server.RaftServerConfigKeys (ConfUtils.java:logGet(43)) - raft.server.retrycache.expirytime = 600000ms (custom)
2019-10-03 08:32:41,098 [pool-439-thread-1] INFO  impl.RaftServerImpl (RaftServerImpl.java:start(181)) - 7708fc3f-22ad-4852-9dd3-b9f2e0e79c56@group-50BD85D1DD8E: start as a follower, conf=-1: [7708fc3f-22ad-4852-9dd3-b9f2e0e79c56:192.168.151.103:38986], old=null
2019-10-03 08:32:41,099 [pool-439-thread-1] INFO  impl.RaftServerImpl (RaftServerImpl.java:setRole(170)) - 7708fc3f-22ad-4852-9dd3-b9f2e0e79c56@group-50BD85D1DD8E: changes role from      null to FOLLOWER at term 0 for startAsFollower
2019-10-03 08:32:41,099 [pool-439-thread-1] INFO  impl.RoleInfo (RoleInfo.java:updateAndGet(143)) - 7708fc3f-22ad-4852-9dd3-b9f2e0e79c56: start FollowerState
2019-10-03 08:32:41,099 [pool-439-thread-1] INFO  util.JmxRegister (JmxRegister.java:tryRegister(44)) - Successfully registered JMX Bean with object name Ratis:service=RaftServer,group=group-50BD85D1DD8E,id=7708fc3f-22ad-4852-9dd3-b9f2e0e79c56
2019-10-03 08:32:41,106 [RatisPipelineUtilsThread] INFO  pipeline.PipelineStateManager (PipelineStateManager.java:addPipeline(56)) - Created pipeline Pipeline[ Id: 12afe209-222f-4bfb-a874-50bd85d1dd8e, Nodes: 7708fc3f-22ad-4852-9dd3-b9f2e0e79c56{ip: 192.168.151.103, host: pr-hdds-2234-ztsc4-2614151736, networkLocation: /default-rack, certSerialId: null}, Type:RATIS, Factor:ONE, State:OPEN]
2019-10-03 08:32:41,117 [grpc-default-executor-8] INFO  impl.RaftServerProxy (RaftServerProxy.java:addNew(89)) - 681a0601-90e6-4364-b871-1ad035efeee4: addNew group-C8B3AF88CE27:[681a0601-90e6-4364-b871-1ad035efeee4:192.168.151.103:38961] returns group-C8B3AF88CE27:java.util.concurrent.CompletableFuture@2f6ce9bf[Not completed]
2019-10-03 08:32:41,118 [pool-459-thread-1] INFO  impl.RaftServerImpl (RaftServerImpl.java:<init>(95)) - 681a0601-90e6-4364-b871-1ad035efeee4: new RaftServerImpl for group-C8B3AF88CE27:[681a0601-90e6-4364-b871-1ad035efeee4:192.168.151.103:38961] with ContainerStateMachine:uninitialized
2019-10-03 08:32:41,119 [pool-459-thread-1] INFO  server.RaftServerConfigKeys (ConfUtils.java:logGet(43)) - raft.server.rpc.timeout.min = 5s (custom)
2019-10-03 08:32:41,119 [pool-459-thread-1] INFO  server.RaftServerConfigKeys (ConfUtils.java:logGet(43)) - raft.server.rpc.timeout.max = 5200ms (custom)
2019-10-03 08:32:41,119 [pool-459-thread-1] INFO  server.RaftServerConfigKeys (ConfUtils.java:logGet(43)) - raft.server.rpcslowness.timeout = 120s (custom)
2019-10-03 08:32:41,119 [pool-459-thread-1] INFO  server.RaftServerConfigKeys (ConfUtils.java:logGet(43)) - raft.server.sleep.deviation.threshold = 300 (default)
2019-10-03 08:32:41,119 [pool-459-thread-1] INFO  server.RaftServerConfigKeys (ConfUtils.java:logGet(43)) - raft.server.log.appender.install.snapshot.enabled = false (custom)
2019-10-03 08:32:41,119 [pool-459-thread-1] INFO  impl.RaftServerImpl (ServerState.java:<init>(103)) - 681a0601-90e6-4364-b871-1ad035efeee4@group-C8B3AF88CE27: ConfigurationManager, init=-1: [681a0601-90e6-4364-b871-1ad035efeee4:192.168.151.103:38961], old=null, confs=<EMPTY_MAP>
2019-10-03 08:32:41,120 [pool-459-thread-1] INFO  server.RaftServerConfigKeys (ConfUtils.java:logGet(43)) - raft.server.storage.dir = [/workdir/hadoop-ozone/integration-test/target/test-dir/MiniOzoneClusterImpl-176ba0bc-51bb-4eaa-8e2d-f4d79c94d5b2/datanode-5/data/ratis] (custom)
2019-10-03 08:32:41,120 [pool-459-thread-1] INFO  server.RaftServerConfigKeys (ConfUtils.java:logGet(43)) - raft.server.log.corruption.policy = EXCEPTION (default)
2019-10-03 08:32:41,120 [pool-459-thread-1] INFO  storage.RaftStorageDirectory (RaftStorageDirectory.java:analyzeStorage(246)) - The storage directory /workdir/hadoop-ozone/integration-test/target/test-dir/MiniOzoneClusterImpl-176ba0bc-51bb-4eaa-8e2d-f4d79c94d5b2/datanode-5/data/ratis/5947b4d8-79eb-43f1-b099-c8b3af88ce27 does not exist. Creating ...
2019-10-03 08:32:41,133 [pool-459-thread-1] INFO  storage.RaftStorageDirectory (RaftStorageDirectory.java:tryLock(328)) - Lock on /workdir/hadoop-ozone/integration-test/target/test-dir/MiniOzoneClusterImpl-176ba0bc-51bb-4eaa-8e2d-f4d79c94d5b2/datanode-5/data/ratis/5947b4d8-79eb-43f1-b099-c8b3af88ce27/in_use.lock acquired by nodename 23399@pr-hdds-2234-ztsc4-2614151736
2019-10-03 08:32:41,146 [pool-459-thread-1] INFO  storage.RaftStorage (RaftStorage.java:format(84)) - Storage directory /workdir/hadoop-ozone/integration-test/target/test-dir/MiniOzoneClusterImpl-176ba0bc-51bb-4eaa-8e2d-f4d79c94d5b2/datanode-5/data/ratis/5947b4d8-79eb-43f1-b099-c8b3af88ce27 has been successfully formatted.
2019-10-03 08:32:41,146 [pool-459-thread-1] INFO  ratis.ContainerStateMachine (ContainerStateMachine.java:loadSnapshot(230)) - group-C8B3AF88CE27: The snapshot info is null. Setting the last applied indexto:(t:0, i:~)
2019-10-03 08:32:41,146 [pool-459-thread-1] INFO  server.RaftServerConfigKeys (ConfUtils.java:logGet(43)) - raft.server.notification.no-leader.timeout = 120s (custom)
2019-10-03 08:32:41,146 [pool-459-thread-1] INFO  server.RaftServerConfigKeys (ConfUtils.java:logGet(43)) - raft.server.log.use.memory = false (default)
2019-10-03 08:32:41,147 [pool-459-thread-1] INFO  server.RaftServerConfigKeys (ConfUtils.java:logGet(43)) - raft.server.log.purge.gap = 1000000 (custom)
2019-10-03 08:32:41,147 [pool-459-thread-1] INFO  server.RaftServerConfigKeys (ConfUtils.java:logGet(43)) - raft.server.log.appender.buffer.byte-limit = 33554432 (custom)
2019-10-03 08:32:41,147 [pool-459-thread-1] INFO  server.RaftServerConfigKeys (ConfUtils.java:logGet(43)) - raft.server.log.segment.size.max = 1048576 (custom)
2019-10-03 08:32:41,149 [pool-459-thread-1] INFO  server.RaftServerConfigKeys (ConfUtils.java:logGet(43)) - raft.server.log.segment.cache.num.max = 2 (custom)
2019-10-03 08:32:41,149 [pool-459-thread-1] INFO  segmented.SegmentedRaftLogWorker (SegmentedRaftLogWorker.java:<init>(173)) - new 681a0601-90e6-4364-b871-1ad035efeee4@group-C8B3AF88CE27-SegmentedRaftLogWorker for RaftStorage:Storage Directory /workdir/hadoop-ozone/integration-test/target/test-dir/MiniOzoneClusterImpl-176ba0bc-51bb-4eaa-8e2d-f4d79c94d5b2/datanode-5/data/ratis/5947b4d8-79eb-43f1-b099-c8b3af88ce27
2019-10-03 08:32:41,149 [pool-459-thread-1] INFO  server.RaftServerConfigKeys (ConfUtils.java:logGet(43)) - raft.server.log.queue.byte-limit = 2147483647 (custom)
2019-10-03 08:32:41,149 [pool-459-thread-1] INFO  server.RaftServerConfigKeys (ConfUtils.java:logGet(43)) - raft.server.log.queue.element-limit = 1024 (custom)
2019-10-03 08:32:41,149 [pool-459-thread-1] INFO  server.RaftServerConfigKeys (ConfUtils.java:logGet(43)) - raft.server.log.segment.size.max = 1048576 (custom)
2019-10-03 08:32:41,150 [pool-459-thread-1] INFO  server.RaftServerConfigKeys (ConfUtils.java:logGet(43)) - raft.server.log.preallocated.size = 16384 (custom)
2019-10-03 08:32:41,150 [pool-459-thread-1] INFO  server.RaftServerConfigKeys (ConfUtils.java:logGet(43)) - raft.server.log.write.buffer.size = 33554432 (custom)
2019-10-03 08:32:41,150 [pool-459-thread-1] INFO  server.RaftServerConfigKeys (ConfUtils.java:logGet(43)) - raft.server.log.force.sync.num = 128 (default)
2019-10-03 08:32:41,150 [pool-459-thread-1] INFO  server.RaftServerConfigKeys (ConfUtils.java:logGet(43)) - raft.server.log.statemachine.data.sync = true (default)
2019-10-03 08:32:41,150 [pool-459-thread-1] INFO  server.RaftServerConfigKeys (ConfUtils.java:logGet(43)) - raft.server.log.statemachine.data.sync.timeout = 10s (default)
2019-10-03 08:32:41,150 [IPC Server handler 8 on 36221] INFO  net.NetworkTopology (NetworkTopologyImpl.java:add(111)) - Added a new node: /default-rack/29c911b2-ebe4-409a-8bb5-8ec1ac3a1adf
2019-10-03 08:32:41,150 [pool-459-thread-1] INFO  server.RaftServerConfigKeys (ConfUtils.java:logGet(43)) - raft.server.log.statemachine.data.sync.timeout.retry = -1 (default)
2019-10-03 08:32:41,150 [IPC Server handler 8 on 36221] INFO  node.SCMNodeManager (SCMNodeManager.java:register(266)) - Registered Data node : 29c911b2-ebe4-409a-8bb5-8ec1ac3a1adf{ip: 192.168.151.103, host: pr-hdds-2234-ztsc4-2614151736, networkLocation: /default-rack, certSerialId: null}
2019-10-03 08:32:41,151 [main] INFO  ozone.MiniOzoneClusterImpl (MiniOzoneClusterImpl.java:lambda$waitForClusterToBeReady$0(147)) - Cluster is ready. Got 7 of 7 DN Heartbeats.
2019-10-03 08:32:41,151 [pool-459-thread-1] INFO  server.RaftServerConfigKeys (ConfUtils.java:logGet(43)) - raft.server.log.statemachine.data.caching.enabled = true (custom)
2019-10-03 08:32:41,151 [pool-459-thread-1] INFO  segmented.SegmentedRaftLogWorker (SegmentedRaftLogWorker.java:lambda$new$0(128)) - 681a0601-90e6-4364-b871-1ad035efeee4@group-C8B3AF88CE27-SegmentedRaftLogWorker: flushIndex: setUnconditionally 0 -> -1
2019-10-03 08:32:41,151 [pool-459-thread-1] INFO  server.RaftServerConfigKeys (ConfUtils.java:logGet(43)) - raft.server.snapshot.auto.trigger.enabled = true (custom)
2019-10-03 08:32:41,152 [pool-459-thread-1] INFO  server.RaftServerConfigKeys (ConfUtils.java:logGet(43)) - raft.server.snapshot.auto.trigger.threshold = 10000 (custom)
2019-10-03 08:32:41,152 [pool-459-thread-1] INFO  server.RaftServerConfigKeys (ConfUtils.java:logGet(43)) - raft.server.snapshot.retention.file.num = 5 (custom)
2019-10-03 08:32:41,152 [pool-459-thread-1] INFO  server.RaftServerConfigKeys (ConfUtils.java:logGet(43)) - raft.server.retrycache.expirytime = 600000ms (custom)
2019-10-03 08:32:41,159 [pool-459-thread-1] INFO  impl.RaftServerImpl (RaftServerImpl.java:start(181)) - 681a0601-90e6-4364-b871-1ad035efeee4@group-C8B3AF88CE27: start as a follower, conf=-1: [681a0601-90e6-4364-b871-1ad035efeee4:192.168.151.103:38961], old=null
2019-10-03 08:32:41,159 [pool-459-thread-1] INFO  impl.RaftServerImpl (RaftServerImpl.java:setRole(170)) - 681a0601-90e6-4364-b871-1ad035efeee4@group-C8B3AF88CE27: changes role from      null to FOLLOWER at term 0 for startAsFollower
2019-10-03 08:32:41,160 [pool-459-thread-1] INFO  impl.RoleInfo (RoleInfo.java:updateAndGet(143)) - 681a0601-90e6-4364-b871-1ad035efeee4: start FollowerState
2019-10-03 08:32:41,160 [pool-459-thread-1] INFO  util.JmxRegister (JmxRegister.java:tryRegister(44)) - Successfully registered JMX Bean with object name Ratis:service=RaftServer,group=group-C8B3AF88CE27,id=681a0601-90e6-4364-b871-1ad035efeee4
2019-10-03 08:32:41,177 [RatisPipelineUtilsThread] INFO  pipeline.PipelineStateManager (PipelineStateManager.java:addPipeline(56)) - Created pipeline Pipeline[ Id: 5947b4d8-79eb-43f1-b099-c8b3af88ce27, Nodes: 681a0601-90e6-4364-b871-1ad035efeee4{ip: 192.168.151.103, host: pr-hdds-2234-ztsc4-2614151736, networkLocation: /default-rack, certSerialId: null}, Type:RATIS, Factor:ONE, State:OPEN]
2019-10-03 08:32:41,184 [grpc-default-executor-8] INFO  impl.RaftServerProxy (RaftServerProxy.java:addNew(89)) - 29c911b2-ebe4-409a-8bb5-8ec1ac3a1adf: addNew group-6896C72314AA:[29c911b2-ebe4-409a-8bb5-8ec1ac3a1adf:192.168.151.103:38954] returns group-6896C72314AA:java.util.concurrent.CompletableFuture@3a028c01[Not completed]
2019-10-03 08:32:41,185 [pool-469-thread-1] INFO  impl.RaftServerImpl (RaftServerImpl.java:<init>(95)) - 29c911b2-ebe4-409a-8bb5-8ec1ac3a1adf: new RaftServerImpl for group-6896C72314AA:[29c911b2-ebe4-409a-8bb5-8ec1ac3a1adf:192.168.151.103:38954] with ContainerStateMachine:uninitialized
2019-10-03 08:32:41,185 [pool-469-thread-1] INFO  server.RaftServerConfigKeys (ConfUtils.java:logGet(43)) - raft.server.rpc.timeout.min = 5s (custom)
2019-10-03 08:32:41,185 [pool-469-thread-1] INFO  server.RaftServerConfigKeys (ConfUtils.java:logGet(43)) - raft.server.rpc.timeout.max = 5200ms (custom)
2019-10-03 08:32:41,185 [pool-469-thread-1] INFO  server.RaftServerConfigKeys (ConfUtils.java:logGet(43)) - raft.server.rpcslowness.timeout = 120s (custom)
2019-10-03 08:32:41,185 [pool-469-thread-1] INFO  server.RaftServerConfigKeys (ConfUtils.java:logGet(43)) - raft.server.sleep.deviation.threshold = 300 (default)
2019-10-03 08:32:41,185 [main] INFO  rpc.RpcClient (RpcClient.java:createVolume(277)) - Creating Volume: testblockoutputstream, with jenkins1000 as owner.
2019-10-03 08:32:41,186 [pool-469-thread-1] INFO  server.RaftServerConfigKeys (ConfUtils.java:logGet(43)) - raft.server.log.appender.install.snapshot.enabled = false (custom)
2019-10-03 08:32:41,186 [pool-469-thread-1] INFO  impl.RaftServerImpl (ServerState.java:<init>(103)) - 29c911b2-ebe4-409a-8bb5-8ec1ac3a1adf@group-6896C72314AA: ConfigurationManager, init=-1: [29c911b2-ebe4-409a-8bb5-8ec1ac3a1adf:192.168.151.103:38954], old=null, confs=<EMPTY_MAP>
2019-10-03 08:32:41,186 [pool-469-thread-1] INFO  server.RaftServerConfigKeys (ConfUtils.java:logGet(43)) - raft.server.storage.dir = [/workdir/hadoop-ozone/integration-test/target/test-dir/MiniOzoneClusterImpl-176ba0bc-51bb-4eaa-8e2d-f4d79c94d5b2/datanode-6/data/ratis] (custom)
2019-10-03 08:32:41,186 [pool-469-thread-1] INFO  server.RaftServerConfigKeys (ConfUtils.java:logGet(43)) - raft.server.log.corruption.policy = EXCEPTION (default)
2019-10-03 08:32:41,187 [pool-469-thread-1] INFO  storage.RaftStorageDirectory (RaftStorageDirectory.java:analyzeStorage(246)) - The storage directory /workdir/hadoop-ozone/integration-test/target/test-dir/MiniOzoneClusterImpl-176ba0bc-51bb-4eaa-8e2d-f4d79c94d5b2/datanode-6/data/ratis/e8e92900-38f3-488d-8587-6896c72314aa does not exist. Creating ...
2019-10-03 08:32:41,188 [IPC Server handler 1 on 36685] INFO  volume.OMVolumeCreateRequest (OMVolumeCreateRequest.java:validateAndUpdateCache(193)) - created volume:testblockoutputstream for user:jenkins1000
2019-10-03 08:32:41,200 [pool-469-thread-1] INFO  storage.RaftStorageDirectory (RaftStorageDirectory.java:tryLock(328)) - Lock on /workdir/hadoop-ozone/integration-test/target/test-dir/MiniOzoneClusterImpl-176ba0bc-51bb-4eaa-8e2d-f4d79c94d5b2/datanode-6/data/ratis/e8e92900-38f3-488d-8587-6896c72314aa/in_use.lock acquired by nodename 23399@pr-hdds-2234-ztsc4-2614151736
2019-10-03 08:32:41,200 [main] INFO  rpc.RpcClient (RpcClient.java:createBucket(416)) - Creating Bucket: testblockoutputstream/testblockoutputstream, with Versioning false and Storage Type set to DISK and Encryption set to false 
2019-10-03 08:32:41,212 [pool-469-thread-1] INFO  storage.RaftStorage (RaftStorage.java:format(84)) - Storage directory /workdir/hadoop-ozone/integration-test/target/test-dir/MiniOzoneClusterImpl-176ba0bc-51bb-4eaa-8e2d-f4d79c94d5b2/datanode-6/data/ratis/e8e92900-38f3-488d-8587-6896c72314aa has been successfully formatted.
2019-10-03 08:32:41,213 [pool-469-thread-1] INFO  ratis.ContainerStateMachine (ContainerStateMachine.java:loadSnapshot(230)) - group-6896C72314AA: The snapshot info is null. Setting the last applied indexto:(t:0, i:~)
2019-10-03 08:32:41,213 [pool-469-thread-1] INFO  server.RaftServerConfigKeys (ConfUtils.java:logGet(43)) - raft.server.notification.no-leader.timeout = 120s (custom)
2019-10-03 08:32:41,213 [pool-469-thread-1] INFO  server.RaftServerConfigKeys (ConfUtils.java:logGet(43)) - raft.server.log.use.memory = false (default)
2019-10-03 08:32:41,213 [pool-469-thread-1] INFO  server.RaftServerConfigKeys (ConfUtils.java:logGet(43)) - raft.server.log.purge.gap = 1000000 (custom)
2019-10-03 08:32:41,213 [pool-469-thread-1] INFO  server.RaftServerConfigKeys (ConfUtils.java:logGet(43)) - raft.server.log.appender.buffer.byte-limit = 33554432 (custom)
2019-10-03 08:32:41,213 [pool-469-thread-1] INFO  server.RaftServerConfigKeys (ConfUtils.java:logGet(43)) - raft.server.log.segment.size.max = 1048576 (custom)
2019-10-03 08:32:41,215 [pool-469-thread-1] INFO  server.RaftServerConfigKeys (ConfUtils.java:logGet(43)) - raft.server.log.segment.cache.num.max = 2 (custom)
2019-10-03 08:32:41,215 [pool-469-thread-1] INFO  segmented.SegmentedRaftLogWorker (SegmentedRaftLogWorker.java:<init>(173)) - new 29c911b2-ebe4-409a-8bb5-8ec1ac3a1adf@group-6896C72314AA-SegmentedRaftLogWorker for RaftStorage:Storage Directory /workdir/hadoop-ozone/integration-test/target/test-dir/MiniOzoneClusterImpl-176ba0bc-51bb-4eaa-8e2d-f4d79c94d5b2/datanode-6/data/ratis/e8e92900-38f3-488d-8587-6896c72314aa
2019-10-03 08:32:41,215 [pool-469-thread-1] INFO  server.RaftServerConfigKeys (ConfUtils.java:logGet(43)) - raft.server.log.queue.byte-limit = 2147483647 (custom)
2019-10-03 08:32:41,215 [pool-469-thread-1] INFO  server.RaftServerConfigKeys (ConfUtils.java:logGet(43)) - raft.server.log.queue.element-limit = 1024 (custom)
2019-10-03 08:32:41,215 [pool-469-thread-1] INFO  server.RaftServerConfigKeys (ConfUtils.java:logGet(43)) - raft.server.log.segment.size.max = 1048576 (custom)
2019-10-03 08:32:41,215 [pool-469-thread-1] INFO  server.RaftServerConfigKeys (ConfUtils.java:logGet(43)) - raft.server.log.preallocated.size = 16384 (custom)
2019-10-03 08:32:41,215 [pool-469-thread-1] INFO  server.RaftServerConfigKeys (ConfUtils.java:logGet(43)) - raft.server.log.write.buffer.size = 33554432 (custom)
2019-10-03 08:32:41,215 [pool-469-thread-1] INFO  server.RaftServerConfigKeys (ConfUtils.java:logGet(43)) - raft.server.log.force.sync.num = 128 (default)
2019-10-03 08:32:41,216 [pool-469-thread-1] INFO  server.RaftServerConfigKeys (ConfUtils.java:logGet(43)) - raft.server.log.statemachine.data.sync = true (default)
2019-10-03 08:32:41,216 [pool-469-thread-1] INFO  server.RaftServerConfigKeys (ConfUtils.java:logGet(43)) - raft.server.log.statemachine.data.sync.timeout = 10s (default)
2019-10-03 08:32:41,216 [pool-469-thread-1] INFO  server.RaftServerConfigKeys (ConfUtils.java:logGet(43)) - raft.server.log.statemachine.data.sync.timeout.retry = -1 (default)
2019-10-03 08:32:41,216 [pool-469-thread-1] INFO  server.RaftServerConfigKeys (ConfUtils.java:logGet(43)) - raft.server.log.statemachine.data.caching.enabled = true (custom)
2019-10-03 08:32:41,216 [pool-469-thread-1] INFO  segmented.SegmentedRaftLogWorker (SegmentedRaftLogWorker.java:lambda$new$0(128)) - 29c911b2-ebe4-409a-8bb5-8ec1ac3a1adf@group-6896C72314AA-SegmentedRaftLogWorker: flushIndex: setUnconditionally 0 -> -1
2019-10-03 08:32:41,217 [pool-469-thread-1] INFO  server.RaftServerConfigKeys (ConfUtils.java:logGet(43)) - raft.server.snapshot.auto.trigger.enabled = true (custom)
2019-10-03 08:32:41,217 [pool-469-thread-1] INFO  server.RaftServerConfigKeys (ConfUtils.java:logGet(43)) - raft.server.snapshot.auto.trigger.threshold = 10000 (custom)
2019-10-03 08:32:41,217 [pool-469-thread-1] INFO  server.RaftServerConfigKeys (ConfUtils.java:logGet(43)) - raft.server.snapshot.retention.file.num = 5 (custom)
2019-10-03 08:32:41,217 [pool-469-thread-1] INFO  server.RaftServerConfigKeys (ConfUtils.java:logGet(43)) - raft.server.retrycache.expirytime = 600000ms (custom)
2019-10-03 08:32:41,218 [pool-469-thread-1] INFO  impl.RaftServerImpl (RaftServerImpl.java:start(181)) - 29c911b2-ebe4-409a-8bb5-8ec1ac3a1adf@group-6896C72314AA: start as a follower, conf=-1: [29c911b2-ebe4-409a-8bb5-8ec1ac3a1adf:192.168.151.103:38954], old=null
2019-10-03 08:32:41,218 [pool-469-thread-1] INFO  impl.RaftServerImpl (RaftServerImpl.java:setRole(170)) - 29c911b2-ebe4-409a-8bb5-8ec1ac3a1adf@group-6896C72314AA: changes role from      null to FOLLOWER at term 0 for startAsFollower
2019-10-03 08:32:41,218 [pool-469-thread-1] INFO  impl.RoleInfo (RoleInfo.java:updateAndGet(143)) - 29c911b2-ebe4-409a-8bb5-8ec1ac3a1adf: start FollowerState
2019-10-03 08:32:41,218 [pool-469-thread-1] INFO  util.JmxRegister (JmxRegister.java:tryRegister(44)) - Successfully registered JMX Bean with object name Ratis:service=RaftServer,group=group-6896C72314AA,id=29c911b2-ebe4-409a-8bb5-8ec1ac3a1adf
2019-10-03 08:32:41,221 [RatisPipelineUtilsThread] INFO  pipeline.PipelineStateManager (PipelineStateManager.java:addPipeline(56)) - Created pipeline Pipeline[ Id: e8e92900-38f3-488d-8587-6896c72314aa, Nodes: 29c911b2-ebe4-409a-8bb5-8ec1ac3a1adf{ip: 192.168.151.103, host: pr-hdds-2234-ztsc4-2614151736, networkLocation: /default-rack, certSerialId: null}, Type:RATIS, Factor:ONE, State:OPEN]
2019-10-03 08:32:41,239 [grpc-default-executor-8] INFO  impl.RaftServerProxy (RaftServerProxy.java:addNew(89)) - ba87ae0a-6ea0-47b2-b3c7-194fd3912d70: addNew group-F6E9279483A3:[ba87ae0a-6ea0-47b2-b3c7-194fd3912d70:192.168.151.103:33183, 681a0601-90e6-4364-b871-1ad035efeee4:192.168.151.103:38961, 29c911b2-ebe4-409a-8bb5-8ec1ac3a1adf:192.168.151.103:38954] returns group-F6E9279483A3:java.util.concurrent.CompletableFuture@6632a443[Not completed]
2019-10-03 08:32:41,239 [grpc-default-executor-4] INFO  impl.RaftServerProxy (RaftServerProxy.java:addNew(89)) - 29c911b2-ebe4-409a-8bb5-8ec1ac3a1adf: addNew group-F6E9279483A3:[ba87ae0a-6ea0-47b2-b3c7-194fd3912d70:192.168.151.103:33183, 681a0601-90e6-4364-b871-1ad035efeee4:192.168.151.103:38961, 29c911b2-ebe4-409a-8bb5-8ec1ac3a1adf:192.168.151.103:38954] returns group-F6E9279483A3:java.util.concurrent.CompletableFuture@5b59b52d[Not completed]
2019-10-03 08:32:41,239 [grpc-default-executor-3] INFO  impl.RaftServerProxy (RaftServerProxy.java:addNew(89)) - 681a0601-90e6-4364-b871-1ad035efeee4: addNew group-F6E9279483A3:[ba87ae0a-6ea0-47b2-b3c7-194fd3912d70:192.168.151.103:33183, 681a0601-90e6-4364-b871-1ad035efeee4:192.168.151.103:38961, 29c911b2-ebe4-409a-8bb5-8ec1ac3a1adf:192.168.151.103:38954] returns group-F6E9279483A3:java.util.concurrent.CompletableFuture@2f260a29[Not completed]
2019-10-03 08:32:41,240 [pool-449-thread-1] INFO  impl.RaftServerImpl (RaftServerImpl.java:<init>(95)) - ba87ae0a-6ea0-47b2-b3c7-194fd3912d70: new RaftServerImpl for group-F6E9279483A3:[ba87ae0a-6ea0-47b2-b3c7-194fd3912d70:192.168.151.103:33183, 681a0601-90e6-4364-b871-1ad035efeee4:192.168.151.103:38961, 29c911b2-ebe4-409a-8bb5-8ec1ac3a1adf:192.168.151.103:38954] with ContainerStateMachine:uninitialized
2019-10-03 08:32:41,240 [pool-449-thread-1] INFO  server.RaftServerConfigKeys (ConfUtils.java:logGet(43)) - raft.server.rpc.timeout.min = 5s (custom)
2019-10-03 08:32:41,240 [pool-449-thread-1] INFO  server.RaftServerConfigKeys (ConfUtils.java:logGet(43)) - raft.server.rpc.timeout.max = 5200ms (custom)
2019-10-03 08:32:41,240 [pool-449-thread-1] INFO  server.RaftServerConfigKeys (ConfUtils.java:logGet(43)) - raft.server.rpcslowness.timeout = 120s (custom)
2019-10-03 08:32:41,240 [pool-449-thread-1] INFO  server.RaftServerConfigKeys (ConfUtils.java:logGet(43)) - raft.server.sleep.deviation.threshold = 300 (default)
2019-10-03 08:32:41,240 [pool-449-thread-1] INFO  server.RaftServerConfigKeys (ConfUtils.java:logGet(43)) - raft.server.log.appender.install.snapshot.enabled = false (custom)
2019-10-03 08:32:41,240 [pool-459-thread-1] INFO  impl.RaftServerImpl (RaftServerImpl.java:<init>(95)) - 681a0601-90e6-4364-b871-1ad035efeee4: new RaftServerImpl for group-F6E9279483A3:[ba87ae0a-6ea0-47b2-b3c7-194fd3912d70:192.168.151.103:33183, 681a0601-90e6-4364-b871-1ad035efeee4:192.168.151.103:38961, 29c911b2-ebe4-409a-8bb5-8ec1ac3a1adf:192.168.151.103:38954] with ContainerStateMachine:uninitialized
2019-10-03 08:32:41,240 [pool-449-thread-1] INFO  impl.RaftServerImpl (ServerState.java:<init>(103)) - ba87ae0a-6ea0-47b2-b3c7-194fd3912d70@group-F6E9279483A3: ConfigurationManager, init=-1: [ba87ae0a-6ea0-47b2-b3c7-194fd3912d70:192.168.151.103:33183, 681a0601-90e6-4364-b871-1ad035efeee4:192.168.151.103:38961, 29c911b2-ebe4-409a-8bb5-8ec1ac3a1adf:192.168.151.103:38954], old=null, confs=<EMPTY_MAP>
2019-10-03 08:32:41,240 [pool-459-thread-1] INFO  server.RaftServerConfigKeys (ConfUtils.java:logGet(43)) - raft.server.rpc.timeout.min = 5s (custom)
2019-10-03 08:32:41,240 [pool-449-thread-1] INFO  server.RaftServerConfigKeys (ConfUtils.java:logGet(43)) - raft.server.storage.dir = [/workdir/hadoop-ozone/integration-test/target/test-dir/MiniOzoneClusterImpl-176ba0bc-51bb-4eaa-8e2d-f4d79c94d5b2/datanode-4/data/ratis] (custom)
2019-10-03 08:32:41,241 [pool-459-thread-1] INFO  server.RaftServerConfigKeys (ConfUtils.java:logGet(43)) - raft.server.rpc.timeout.max = 5200ms (custom)
2019-10-03 08:32:41,241 [pool-459-thread-1] INFO  server.RaftServerConfigKeys (ConfUtils.java:logGet(43)) - raft.server.rpcslowness.timeout = 120s (custom)
2019-10-03 08:32:41,241 [pool-449-thread-1] INFO  server.RaftServerConfigKeys (ConfUtils.java:logGet(43)) - raft.server.log.corruption.policy = EXCEPTION (default)
2019-10-03 08:32:41,241 [pool-469-thread-1] INFO  impl.RaftServerImpl (RaftServerImpl.java:<init>(95)) - 29c911b2-ebe4-409a-8bb5-8ec1ac3a1adf: new RaftServerImpl for group-F6E9279483A3:[ba87ae0a-6ea0-47b2-b3c7-194fd3912d70:192.168.151.103:33183, 681a0601-90e6-4364-b871-1ad035efeee4:192.168.151.103:38961, 29c911b2-ebe4-409a-8bb5-8ec1ac3a1adf:192.168.151.103:38954] with ContainerStateMachine:uninitialized
2019-10-03 08:32:41,241 [pool-459-thread-1] INFO  server.RaftServerConfigKeys (ConfUtils.java:logGet(43)) - raft.server.sleep.deviation.threshold = 300 (default)
2019-10-03 08:32:41,241 [pool-469-thread-1] INFO  server.RaftServerConfigKeys (ConfUtils.java:logGet(43)) - raft.server.rpc.timeout.min = 5s (custom)
2019-10-03 08:32:41,241 [pool-449-thread-1] INFO  storage.RaftStorageDirectory (RaftStorageDirectory.java:analyzeStorage(246)) - The storage directory /workdir/hadoop-ozone/integration-test/target/test-dir/MiniOzoneClusterImpl-176ba0bc-51bb-4eaa-8e2d-f4d79c94d5b2/datanode-4/data/ratis/e619aba9-bfc9-436e-8cfc-f6e9279483a3 does not exist. Creating ...
2019-10-03 08:32:41,241 [pool-469-thread-1] INFO  server.RaftServerConfigKeys (ConfUtils.java:logGet(43)) - raft.server.rpc.timeout.max = 5200ms (custom)
2019-10-03 08:32:41,241 [pool-459-thread-1] INFO  server.RaftServerConfigKeys (ConfUtils.java:logGet(43)) - raft.server.log.appender.install.snapshot.enabled = false (custom)
2019-10-03 08:32:41,241 [pool-469-thread-1] INFO  server.RaftServerConfigKeys (ConfUtils.java:logGet(43)) - raft.server.rpcslowness.timeout = 120s (custom)
2019-10-03 08:32:41,242 [pool-459-thread-1] INFO  impl.RaftServerImpl (ServerState.java:<init>(103)) - 681a0601-90e6-4364-b871-1ad035efeee4@group-F6E9279483A3: ConfigurationManager, init=-1: [ba87ae0a-6ea0-47b2-b3c7-194fd3912d70:192.168.151.103:33183, 681a0601-90e6-4364-b871-1ad035efeee4:192.168.151.103:38961, 29c911b2-ebe4-409a-8bb5-8ec1ac3a1adf:192.168.151.103:38954], old=null, confs=<EMPTY_MAP>
2019-10-03 08:32:41,242 [pool-469-thread-1] INFO  server.RaftServerConfigKeys (ConfUtils.java:logGet(43)) - raft.server.sleep.deviation.threshold = 300 (default)
2019-10-03 08:32:41,242 [pool-459-thread-1] INFO  server.RaftServerConfigKeys (ConfUtils.java:logGet(43)) - raft.server.storage.dir = [/workdir/hadoop-ozone/integration-test/target/test-dir/MiniOzoneClusterImpl-176ba0bc-51bb-4eaa-8e2d-f4d79c94d5b2/datanode-5/data/ratis] (custom)
2019-10-03 08:32:41,242 [pool-469-thread-1] INFO  server.RaftServerConfigKeys (ConfUtils.java:logGet(43)) - raft.server.log.appender.install.snapshot.enabled = false (custom)
2019-10-03 08:32:41,242 [pool-459-thread-1] INFO  server.RaftServerConfigKeys (ConfUtils.java:logGet(43)) - raft.server.log.corruption.policy = EXCEPTION (default)
2019-10-03 08:32:41,242 [pool-469-thread-1] INFO  impl.RaftServerImpl (ServerState.java:<init>(103)) - 29c911b2-ebe4-409a-8bb5-8ec1ac3a1adf@group-F6E9279483A3: ConfigurationManager, init=-1: [ba87ae0a-6ea0-47b2-b3c7-194fd3912d70:192.168.151.103:33183, 681a0601-90e6-4364-b871-1ad035efeee4:192.168.151.103:38961, 29c911b2-ebe4-409a-8bb5-8ec1ac3a1adf:192.168.151.103:38954], old=null, confs=<EMPTY_MAP>
2019-10-03 08:32:41,242 [pool-459-thread-1] INFO  storage.RaftStorageDirectory (RaftStorageDirectory.java:analyzeStorage(246)) - The storage directory /workdir/hadoop-ozone/integration-test/target/test-dir/MiniOzoneClusterImpl-176ba0bc-51bb-4eaa-8e2d-f4d79c94d5b2/datanode-5/data/ratis/e619aba9-bfc9-436e-8cfc-f6e9279483a3 does not exist. Creating ...
2019-10-03 08:32:41,242 [pool-469-thread-1] INFO  server.RaftServerConfigKeys (ConfUtils.java:logGet(43)) - raft.server.storage.dir = [/workdir/hadoop-ozone/integration-test/target/test-dir/MiniOzoneClusterImpl-176ba0bc-51bb-4eaa-8e2d-f4d79c94d5b2/datanode-6/data/ratis] (custom)
2019-10-03 08:32:41,243 [pool-469-thread-1] INFO  server.RaftServerConfigKeys (ConfUtils.java:logGet(43)) - raft.server.log.corruption.policy = EXCEPTION (default)
2019-10-03 08:32:41,243 [pool-469-thread-1] INFO  storage.RaftStorageDirectory (RaftStorageDirectory.java:analyzeStorage(246)) - The storage directory /workdir/hadoop-ozone/integration-test/target/test-dir/MiniOzoneClusterImpl-176ba0bc-51bb-4eaa-8e2d-f4d79c94d5b2/datanode-6/data/ratis/e619aba9-bfc9-436e-8cfc-f6e9279483a3 does not exist. Creating ...
2019-10-03 08:32:41,255 [pool-469-thread-1] INFO  storage.RaftStorageDirectory (RaftStorageDirectory.java:tryLock(328)) - Lock on /workdir/hadoop-ozone/integration-test/target/test-dir/MiniOzoneClusterImpl-176ba0bc-51bb-4eaa-8e2d-f4d79c94d5b2/datanode-6/data/ratis/e619aba9-bfc9-436e-8cfc-f6e9279483a3/in_use.lock acquired by nodename 23399@pr-hdds-2234-ztsc4-2614151736
2019-10-03 08:32:41,255 [pool-449-thread-1] INFO  storage.RaftStorageDirectory (RaftStorageDirectory.java:tryLock(328)) - Lock on /workdir/hadoop-ozone/integration-test/target/test-dir/MiniOzoneClusterImpl-176ba0bc-51bb-4eaa-8e2d-f4d79c94d5b2/datanode-4/data/ratis/e619aba9-bfc9-436e-8cfc-f6e9279483a3/in_use.lock acquired by nodename 23399@pr-hdds-2234-ztsc4-2614151736
2019-10-03 08:32:41,255 [pool-459-thread-1] INFO  storage.RaftStorageDirectory (RaftStorageDirectory.java:tryLock(328)) - Lock on /workdir/hadoop-ozone/integration-test/target/test-dir/MiniOzoneClusterImpl-176ba0bc-51bb-4eaa-8e2d-f4d79c94d5b2/datanode-5/data/ratis/e619aba9-bfc9-436e-8cfc-f6e9279483a3/in_use.lock acquired by nodename 23399@pr-hdds-2234-ztsc4-2614151736
2019-10-03 08:32:41,269 [pool-449-thread-1] INFO  storage.RaftStorage (RaftStorage.java:format(84)) - Storage directory /workdir/hadoop-ozone/integration-test/target/test-dir/MiniOzoneClusterImpl-176ba0bc-51bb-4eaa-8e2d-f4d79c94d5b2/datanode-4/data/ratis/e619aba9-bfc9-436e-8cfc-f6e9279483a3 has been successfully formatted.
2019-10-03 08:32:41,269 [pool-469-thread-1] INFO  storage.RaftStorage (RaftStorage.java:format(84)) - Storage directory /workdir/hadoop-ozone/integration-test/target/test-dir/MiniOzoneClusterImpl-176ba0bc-51bb-4eaa-8e2d-f4d79c94d5b2/datanode-6/data/ratis/e619aba9-bfc9-436e-8cfc-f6e9279483a3 has been successfully formatted.
2019-10-03 08:32:41,269 [pool-459-thread-1] INFO  storage.RaftStorage (RaftStorage.java:format(84)) - Storage directory /workdir/hadoop-ozone/integration-test/target/test-dir/MiniOzoneClusterImpl-176ba0bc-51bb-4eaa-8e2d-f4d79c94d5b2/datanode-5/data/ratis/e619aba9-bfc9-436e-8cfc-f6e9279483a3 has been successfully formatted.
2019-10-03 08:32:41,269 [pool-449-thread-1] INFO  ratis.ContainerStateMachine (ContainerStateMachine.java:loadSnapshot(230)) - group-F6E9279483A3: The snapshot info is null. Setting the last applied indexto:(t:0, i:~)
2019-10-03 08:32:41,269 [pool-459-thread-1] INFO  ratis.ContainerStateMachine (ContainerStateMachine.java:loadSnapshot(230)) - group-F6E9279483A3: The snapshot info is null. Setting the last applied indexto:(t:0, i:~)
2019-10-03 08:32:41,269 [pool-469-thread-1] INFO  ratis.ContainerStateMachine (ContainerStateMachine.java:loadSnapshot(230)) - group-F6E9279483A3: The snapshot info is null. Setting the last applied indexto:(t:0, i:~)
2019-10-03 08:32:41,269 [pool-459-thread-1] INFO  server.RaftServerConfigKeys (ConfUtils.java:logGet(43)) - raft.server.notification.no-leader.timeout = 120s (custom)
2019-10-03 08:32:41,269 [pool-449-thread-1] INFO  server.RaftServerConfigKeys (ConfUtils.java:logGet(43)) - raft.server.notification.no-leader.timeout = 120s (custom)
2019-10-03 08:32:41,269 [pool-459-thread-1] INFO  server.RaftServerConfigKeys (ConfUtils.java:logGet(43)) - raft.server.log.use.memory = false (default)
2019-10-03 08:32:41,269 [pool-469-thread-1] INFO  server.RaftServerConfigKeys (ConfUtils.java:logGet(43)) - raft.server.notification.no-leader.timeout = 120s (custom)
2019-10-03 08:32:41,270 [pool-459-thread-1] INFO  server.RaftServerConfigKeys (ConfUtils.java:logGet(43)) - raft.server.log.purge.gap = 1000000 (custom)
2019-10-03 08:32:41,270 [pool-449-thread-1] INFO  server.RaftServerConfigKeys (ConfUtils.java:logGet(43)) - raft.server.log.use.memory = false (default)
2019-10-03 08:32:41,270 [pool-459-thread-1] INFO  server.RaftServerConfigKeys (ConfUtils.java:logGet(43)) - raft.server.log.appender.buffer.byte-limit = 33554432 (custom)
2019-10-03 08:32:41,270 [pool-469-thread-1] INFO  server.RaftServerConfigKeys (ConfUtils.java:logGet(43)) - raft.server.log.use.memory = false (default)
2019-10-03 08:32:41,270 [pool-459-thread-1] INFO  server.RaftServerConfigKeys (ConfUtils.java:logGet(43)) - raft.server.log.segment.size.max = 1048576 (custom)
2019-10-03 08:32:41,270 [pool-449-thread-1] INFO  server.RaftServerConfigKeys (ConfUtils.java:logGet(43)) - raft.server.log.purge.gap = 1000000 (custom)
2019-10-03 08:32:41,270 [pool-459-thread-1] INFO  server.RaftServerConfigKeys (ConfUtils.java:logGet(43)) - raft.server.log.segment.cache.num.max = 2 (custom)
2019-10-03 08:32:41,270 [pool-469-thread-1] INFO  server.RaftServerConfigKeys (ConfUtils.java:logGet(43)) - raft.server.log.purge.gap = 1000000 (custom)
2019-10-03 08:32:41,271 [pool-459-thread-1] INFO  segmented.SegmentedRaftLogWorker (SegmentedRaftLogWorker.java:<init>(173)) - new 681a0601-90e6-4364-b871-1ad035efeee4@group-F6E9279483A3-SegmentedRaftLogWorker for RaftStorage:Storage Directory /workdir/hadoop-ozone/integration-test/target/test-dir/MiniOzoneClusterImpl-176ba0bc-51bb-4eaa-8e2d-f4d79c94d5b2/datanode-5/data/ratis/e619aba9-bfc9-436e-8cfc-f6e9279483a3
2019-10-03 08:32:41,270 [pool-449-thread-1] INFO  server.RaftServerConfigKeys (ConfUtils.java:logGet(43)) - raft.server.log.appender.buffer.byte-limit = 33554432 (custom)
2019-10-03 08:32:41,271 [pool-459-thread-1] INFO  server.RaftServerConfigKeys (ConfUtils.java:logGet(43)) - raft.server.log.queue.byte-limit = 2147483647 (custom)
2019-10-03 08:32:41,271 [pool-469-thread-1] INFO  server.RaftServerConfigKeys (ConfUtils.java:logGet(43)) - raft.server.log.appender.buffer.byte-limit = 33554432 (custom)
2019-10-03 08:32:41,271 [pool-459-thread-1] INFO  server.RaftServerConfigKeys (ConfUtils.java:logGet(43)) - raft.server.log.queue.element-limit = 1024 (custom)
2019-10-03 08:32:41,271 [pool-449-thread-1] INFO  server.RaftServerConfigKeys (ConfUtils.java:logGet(43)) - raft.server.log.segment.size.max = 1048576 (custom)
2019-10-03 08:32:41,271 [pool-459-thread-1] INFO  server.RaftServerConfigKeys (ConfUtils.java:logGet(43)) - raft.server.log.segment.size.max = 1048576 (custom)
2019-10-03 08:32:41,271 [pool-469-thread-1] INFO  server.RaftServerConfigKeys (ConfUtils.java:logGet(43)) - raft.server.log.segment.size.max = 1048576 (custom)
2019-10-03 08:32:41,271 [pool-459-thread-1] INFO  server.RaftServerConfigKeys (ConfUtils.java:logGet(43)) - raft.server.log.preallocated.size = 16384 (custom)
2019-10-03 08:32:41,271 [pool-449-thread-1] INFO  server.RaftServerConfigKeys (ConfUtils.java:logGet(43)) - raft.server.log.segment.cache.num.max = 2 (custom)
2019-10-03 08:32:41,272 [pool-459-thread-1] INFO  server.RaftServerConfigKeys (ConfUtils.java:logGet(43)) - raft.server.log.write.buffer.size = 33554432 (custom)
2019-10-03 08:32:41,272 [pool-469-thread-1] INFO  server.RaftServerConfigKeys (ConfUtils.java:logGet(43)) - raft.server.log.segment.cache.num.max = 2 (custom)
2019-10-03 08:32:41,272 [pool-459-thread-1] INFO  server.RaftServerConfigKeys (ConfUtils.java:logGet(43)) - raft.server.log.force.sync.num = 128 (default)
2019-10-03 08:32:41,272 [pool-449-thread-1] INFO  segmented.SegmentedRaftLogWorker (SegmentedRaftLogWorker.java:<init>(173)) - new ba87ae0a-6ea0-47b2-b3c7-194fd3912d70@group-F6E9279483A3-SegmentedRaftLogWorker for RaftStorage:Storage Directory /workdir/hadoop-ozone/integration-test/target/test-dir/MiniOzoneClusterImpl-176ba0bc-51bb-4eaa-8e2d-f4d79c94d5b2/datanode-4/data/ratis/e619aba9-bfc9-436e-8cfc-f6e9279483a3
2019-10-03 08:32:41,272 [pool-459-thread-1] INFO  server.RaftServerConfigKeys (ConfUtils.java:logGet(43)) - raft.server.log.statemachine.data.sync = true (default)
2019-10-03 08:32:41,272 [pool-469-thread-1] INFO  segmented.SegmentedRaftLogWorker (SegmentedRaftLogWorker.java:<init>(173)) - new 29c911b2-ebe4-409a-8bb5-8ec1ac3a1adf@group-F6E9279483A3-SegmentedRaftLogWorker for RaftStorage:Storage Directory /workdir/hadoop-ozone/integration-test/target/test-dir/MiniOzoneClusterImpl-176ba0bc-51bb-4eaa-8e2d-f4d79c94d5b2/datanode-6/data/ratis/e619aba9-bfc9-436e-8cfc-f6e9279483a3
2019-10-03 08:32:41,272 [pool-459-thread-1] INFO  server.RaftServerConfigKeys (ConfUtils.java:logGet(43)) - raft.server.log.statemachine.data.sync.timeout = 10s (default)
2019-10-03 08:32:41,272 [pool-449-thread-1] INFO  server.RaftServerConfigKeys (ConfUtils.java:logGet(43)) - raft.server.log.queue.byte-limit = 2147483647 (custom)
2019-10-03 08:32:41,272 [pool-459-thread-1] INFO  server.RaftServerConfigKeys (ConfUtils.java:logGet(43)) - raft.server.log.statemachine.data.sync.timeout.retry = -1 (default)
2019-10-03 08:32:41,272 [pool-469-thread-1] INFO  server.RaftServerConfigKeys (ConfUtils.java:logGet(43)) - raft.server.log.queue.byte-limit = 2147483647 (custom)
2019-10-03 08:32:41,273 [pool-459-thread-1] INFO  server.RaftServerConfigKeys (ConfUtils.java:logGet(43)) - raft.server.log.statemachine.data.caching.enabled = true (custom)
2019-10-03 08:32:41,273 [pool-449-thread-1] INFO  server.RaftServerConfigKeys (ConfUtils.java:logGet(43)) - raft.server.log.queue.element-limit = 1024 (custom)
2019-10-03 08:32:41,273 [pool-469-thread-1] INFO  server.RaftServerConfigKeys (ConfUtils.java:logGet(43)) - raft.server.log.queue.element-limit = 1024 (custom)
2019-10-03 08:32:41,273 [pool-449-thread-1] INFO  server.RaftServerConfigKeys (ConfUtils.java:logGet(43)) - raft.server.log.segment.size.max = 1048576 (custom)
2019-10-03 08:32:41,273 [pool-459-thread-1] INFO  segmented.SegmentedRaftLogWorker (SegmentedRaftLogWorker.java:lambda$new$0(128)) - 681a0601-90e6-4364-b871-1ad035efeee4@group-F6E9279483A3-SegmentedRaftLogWorker: flushIndex: setUnconditionally 0 -> -1
2019-10-03 08:32:41,273 [pool-449-thread-1] INFO  server.RaftServerConfigKeys (ConfUtils.java:logGet(43)) - raft.server.log.preallocated.size = 16384 (custom)
2019-10-03 08:32:41,273 [pool-469-thread-1] INFO  server.RaftServerConfigKeys (ConfUtils.java:logGet(43)) - raft.server.log.segment.size.max = 1048576 (custom)
2019-10-03 08:32:41,273 [pool-459-thread-1] INFO  server.RaftServerConfigKeys (ConfUtils.java:logGet(43)) - raft.server.snapshot.auto.trigger.enabled = true (custom)
2019-10-03 08:32:41,273 [pool-449-thread-1] INFO  server.RaftServerConfigKeys (ConfUtils.java:logGet(43)) - raft.server.log.write.buffer.size = 33554432 (custom)
2019-10-03 08:32:41,274 [pool-459-thread-1] INFO  server.RaftServerConfigKeys (ConfUtils.java:logGet(43)) - raft.server.snapshot.auto.trigger.threshold = 10000 (custom)
2019-10-03 08:32:41,274 [pool-469-thread-1] INFO  server.RaftServerConfigKeys (ConfUtils.java:logGet(43)) - raft.server.log.preallocated.size = 16384 (custom)
2019-10-03 08:32:41,274 [pool-459-thread-1] INFO  server.RaftServerConfigKeys (ConfUtils.java:logGet(43)) - raft.server.snapshot.retention.file.num = 5 (custom)
2019-10-03 08:32:41,274 [pool-449-thread-1] INFO  server.RaftServerConfigKeys (ConfUtils.java:logGet(43)) - raft.server.log.force.sync.num = 128 (default)
2019-10-03 08:32:41,274 [pool-459-thread-1] INFO  server.RaftServerConfigKeys (ConfUtils.java:logGet(43)) - raft.server.retrycache.expirytime = 600000ms (custom)
2019-10-03 08:32:41,274 [pool-469-thread-1] INFO  server.RaftServerConfigKeys (ConfUtils.java:logGet(43)) - raft.server.log.write.buffer.size = 33554432 (custom)
2019-10-03 08:32:41,274 [pool-449-thread-1] INFO  server.RaftServerConfigKeys (ConfUtils.java:logGet(43)) - raft.server.log.statemachine.data.sync = true (default)
2019-10-03 08:32:41,274 [pool-469-thread-1] INFO  server.RaftServerConfigKeys (ConfUtils.java:logGet(43)) - raft.server.log.force.sync.num = 128 (default)
2019-10-03 08:32:41,274 [pool-449-thread-1] INFO  server.RaftServerConfigKeys (ConfUtils.java:logGet(43)) - raft.server.log.statemachine.data.sync.timeout = 10s (default)
2019-10-03 08:32:41,275 [pool-469-thread-1] INFO  server.RaftServerConfigKeys (ConfUtils.java:logGet(43)) - raft.server.log.statemachine.data.sync = true (default)
2019-10-03 08:32:41,275 [pool-449-thread-1] INFO  server.RaftServerConfigKeys (ConfUtils.java:logGet(43)) - raft.server.log.statemachine.data.sync.timeout.retry = -1 (default)
2019-10-03 08:32:41,275 [pool-469-thread-1] INFO  server.RaftServerConfigKeys (ConfUtils.java:logGet(43)) - raft.server.log.statemachine.data.sync.timeout = 10s (default)
2019-10-03 08:32:41,275 [pool-449-thread-1] INFO  server.RaftServerConfigKeys (ConfUtils.java:logGet(43)) - raft.server.log.statemachine.data.caching.enabled = true (custom)
2019-10-03 08:32:41,275 [pool-469-thread-1] INFO  server.RaftServerConfigKeys (ConfUtils.java:logGet(43)) - raft.server.log.statemachine.data.sync.timeout.retry = -1 (default)
2019-10-03 08:32:41,275 [pool-459-thread-1] INFO  impl.RaftServerImpl (RaftServerImpl.java:start(181)) - 681a0601-90e6-4364-b871-1ad035efeee4@group-F6E9279483A3: start as a follower, conf=-1: [ba87ae0a-6ea0-47b2-b3c7-194fd3912d70:192.168.151.103:33183, 681a0601-90e6-4364-b871-1ad035efeee4:192.168.151.103:38961, 29c911b2-ebe4-409a-8bb5-8ec1ac3a1adf:192.168.151.103:38954], old=null
2019-10-03 08:32:41,275 [pool-449-thread-1] INFO  segmented.SegmentedRaftLogWorker (SegmentedRaftLogWorker.java:lambda$new$0(128)) - ba87ae0a-6ea0-47b2-b3c7-194fd3912d70@group-F6E9279483A3-SegmentedRaftLogWorker: flushIndex: setUnconditionally 0 -> -1
2019-10-03 08:32:41,276 [pool-459-thread-1] INFO  impl.RaftServerImpl (RaftServerImpl.java:setRole(170)) - 681a0601-90e6-4364-b871-1ad035efeee4@group-F6E9279483A3: changes role from      null to FOLLOWER at term 0 for startAsFollower
2019-10-03 08:32:41,276 [pool-469-thread-1] INFO  server.RaftServerConfigKeys (ConfUtils.java:logGet(43)) - raft.server.log.statemachine.data.caching.enabled = true (custom)
2019-10-03 08:32:41,276 [pool-449-thread-1] INFO  server.RaftServerConfigKeys (ConfUtils.java:logGet(43)) - raft.server.snapshot.auto.trigger.enabled = true (custom)
2019-10-03 08:32:41,276 [pool-459-thread-1] INFO  impl.RoleInfo (RoleInfo.java:updateAndGet(143)) - 681a0601-90e6-4364-b871-1ad035efeee4: start FollowerState
2019-10-03 08:32:41,276 [pool-449-thread-1] INFO  server.RaftServerConfigKeys (ConfUtils.java:logGet(43)) - raft.server.snapshot.auto.trigger.threshold = 10000 (custom)
2019-10-03 08:32:41,276 [pool-469-thread-1] INFO  segmented.SegmentedRaftLogWorker (SegmentedRaftLogWorker.java:lambda$new$0(128)) - 29c911b2-ebe4-409a-8bb5-8ec1ac3a1adf@group-F6E9279483A3-SegmentedRaftLogWorker: flushIndex: setUnconditionally 0 -> -1
2019-10-03 08:32:41,276 [pool-459-thread-1] INFO  util.JmxRegister (JmxRegister.java:tryRegister(44)) - Successfully registered JMX Bean with object name Ratis:service=RaftServer,group=group-F6E9279483A3,id=681a0601-90e6-4364-b871-1ad035efeee4
2019-10-03 08:32:41,276 [pool-449-thread-1] INFO  server.RaftServerConfigKeys (ConfUtils.java:logGet(43)) - raft.server.snapshot.retention.file.num = 5 (custom)
2019-10-03 08:32:41,277 [pool-449-thread-1] INFO  server.RaftServerConfigKeys (ConfUtils.java:logGet(43)) - raft.server.retrycache.expirytime = 600000ms (custom)
2019-10-03 08:32:41,277 [pool-469-thread-1] INFO  server.RaftServerConfigKeys (ConfUtils.java:logGet(43)) - raft.server.snapshot.auto.trigger.enabled = true (custom)
2019-10-03 08:32:41,277 [pool-469-thread-1] INFO  server.RaftServerConfigKeys (ConfUtils.java:logGet(43)) - raft.server.snapshot.auto.trigger.threshold = 10000 (custom)
2019-10-03 08:32:41,277 [pool-469-thread-1] INFO  server.RaftServerConfigKeys (ConfUtils.java:logGet(43)) - raft.server.snapshot.retention.file.num = 5 (custom)
2019-10-03 08:32:41,277 [pool-469-thread-1] INFO  server.RaftServerConfigKeys (ConfUtils.java:logGet(43)) - raft.server.retrycache.expirytime = 600000ms (custom)
2019-10-03 08:32:41,279 [pool-449-thread-1] INFO  impl.RaftServerImpl (RaftServerImpl.java:start(181)) - ba87ae0a-6ea0-47b2-b3c7-194fd3912d70@group-F6E9279483A3: start as a follower, conf=-1: [ba87ae0a-6ea0-47b2-b3c7-194fd3912d70:192.168.151.103:33183, 681a0601-90e6-4364-b871-1ad035efeee4:192.168.151.103:38961, 29c911b2-ebe4-409a-8bb5-8ec1ac3a1adf:192.168.151.103:38954], old=null
2019-10-03 08:32:41,279 [pool-469-thread-1] INFO  impl.RaftServerImpl (RaftServerImpl.java:start(181)) - 29c911b2-ebe4-409a-8bb5-8ec1ac3a1adf@group-F6E9279483A3: start as a follower, conf=-1: [ba87ae0a-6ea0-47b2-b3c7-194fd3912d70:192.168.151.103:33183, 681a0601-90e6-4364-b871-1ad035efeee4:192.168.151.103:38961, 29c911b2-ebe4-409a-8bb5-8ec1ac3a1adf:192.168.151.103:38954], old=null
2019-10-03 08:32:41,279 [pool-449-thread-1] INFO  impl.RaftServerImpl (RaftServerImpl.java:setRole(170)) - ba87ae0a-6ea0-47b2-b3c7-194fd3912d70@group-F6E9279483A3: changes role from      null to FOLLOWER at term 0 for startAsFollower
2019-10-03 08:32:41,280 [pool-469-thread-1] INFO  impl.RaftServerImpl (RaftServerImpl.java:setRole(170)) - 29c911b2-ebe4-409a-8bb5-8ec1ac3a1adf@group-F6E9279483A3: changes role from      null to FOLLOWER at term 0 for startAsFollower
2019-10-03 08:32:41,280 [pool-449-thread-1] INFO  impl.RoleInfo (RoleInfo.java:updateAndGet(143)) - ba87ae0a-6ea0-47b2-b3c7-194fd3912d70: start FollowerState
2019-10-03 08:32:41,280 [pool-469-thread-1] INFO  impl.RoleInfo (RoleInfo.java:updateAndGet(143)) - 29c911b2-ebe4-409a-8bb5-8ec1ac3a1adf: start FollowerState
2019-10-03 08:32:41,280 [pool-449-thread-1] INFO  util.JmxRegister (JmxRegister.java:tryRegister(44)) - Successfully registered JMX Bean with object name Ratis:service=RaftServer,group=group-F6E9279483A3,id=ba87ae0a-6ea0-47b2-b3c7-194fd3912d70
2019-10-03 08:32:41,280 [pool-469-thread-1] INFO  util.JmxRegister (JmxRegister.java:tryRegister(44)) - Successfully registered JMX Bean with object name Ratis:service=RaftServer,group=group-F6E9279483A3,id=29c911b2-ebe4-409a-8bb5-8ec1ac3a1adf
2019-10-03 08:32:41,284 [RatisPipelineUtilsThread] INFO  pipeline.PipelineStateManager (PipelineStateManager.java:addPipeline(56)) - Created pipeline Pipeline[ Id: e619aba9-bfc9-436e-8cfc-f6e9279483a3, Nodes: 681a0601-90e6-4364-b871-1ad035efeee4{ip: 192.168.151.103, host: pr-hdds-2234-ztsc4-2614151736, networkLocation: /default-rack, certSerialId: null}29c911b2-ebe4-409a-8bb5-8ec1ac3a1adf{ip: 192.168.151.103, host: pr-hdds-2234-ztsc4-2614151736, networkLocation: /default-rack, certSerialId: null}ba87ae0a-6ea0-47b2-b3c7-194fd3912d70{ip: 192.168.151.103, host: pr-hdds-2234-ztsc4-2614151736, networkLocation: /default-rack, certSerialId: null}, Type:RATIS, Factor:THREE, State:OPEN]
2019-10-03 08:32:43,815 [Thread-3081] INFO  container.ReplicationManager (ReplicationManager.java:start(162)) - Starting Replication Monitor Thread.
2019-10-03 08:32:43,821 [ReplicationMonitor] INFO  container.ReplicationManager (ReplicationManager.java:run(225)) - Replication Monitor Thread took 0 milliseconds for processing 1 containers.
2019-10-03 08:32:45,956 [Thread-3086] INFO  impl.FollowerState (FollowerState.java:run(108)) - 8fa6b618-ecc1-4831-80a7-5b838334a4af@group-79DD86BEF89D-FollowerState: change to CANDIDATE, lastRpcTime:5051ms, electionTimeout:5051ms
2019-10-03 08:32:45,956 [Thread-3086] INFO  impl.RoleInfo (RoleInfo.java:shutdownFollowerState(121)) - 8fa6b618-ecc1-4831-80a7-5b838334a4af: shutdown FollowerState
2019-10-03 08:32:45,956 [Thread-3086] INFO  impl.RaftServerImpl (RaftServerImpl.java:setRole(170)) - 8fa6b618-ecc1-4831-80a7-5b838334a4af@group-79DD86BEF89D: changes role from  FOLLOWER to CANDIDATE at term 0 for changeToCandidate
2019-10-03 08:32:45,957 [Thread-3086] INFO  impl.RoleInfo (RoleInfo.java:updateAndGet(143)) - 8fa6b618-ecc1-4831-80a7-5b838334a4af: start LeaderElection
2019-10-03 08:32:45,989 [Thread-3089] INFO  impl.FollowerState (FollowerState.java:run(108)) - 072f5f93-30cd-441c-b95e-93d65198a03a@group-775D767F10C1-FollowerState: change to CANDIDATE, lastRpcTime:5035ms, electionTimeout:5035ms
2019-10-03 08:32:45,990 [Thread-3089] INFO  impl.RoleInfo (RoleInfo.java:shutdownFollowerState(121)) - 072f5f93-30cd-441c-b95e-93d65198a03a: shutdown FollowerState
2019-10-03 08:32:45,990 [Thread-3089] INFO  impl.RaftServerImpl (RaftServerImpl.java:setRole(170)) - 072f5f93-30cd-441c-b95e-93d65198a03a@group-775D767F10C1: changes role from  FOLLOWER to CANDIDATE at term 0 for changeToCandidate
2019-10-03 08:32:45,990 [Thread-3089] INFO  impl.RoleInfo (RoleInfo.java:updateAndGet(143)) - 072f5f93-30cd-441c-b95e-93d65198a03a: start LeaderElection
2019-10-03 08:32:45,995 [8fa6b618-ecc1-4831-80a7-5b838334a4af@group-79DD86BEF89D-LeaderElection69] INFO  impl.LeaderElection (LeaderElection.java:askForVotes(178)) - 8fa6b618-ecc1-4831-80a7-5b838334a4af@group-79DD86BEF89D-LeaderElection69: begin an election at term 1 for -1: [8fa6b618-ecc1-4831-80a7-5b838334a4af:192.168.151.103:41124], old=null
2019-10-03 08:32:45,995 [8fa6b618-ecc1-4831-80a7-5b838334a4af@group-79DD86BEF89D-LeaderElection69] INFO  impl.RoleInfo (RoleInfo.java:shutdownLeaderElection(134)) - 8fa6b618-ecc1-4831-80a7-5b838334a4af: shutdown LeaderElection
2019-10-03 08:32:45,995 [8fa6b618-ecc1-4831-80a7-5b838334a4af@group-79DD86BEF89D-LeaderElection69] INFO  impl.RaftServerImpl (RaftServerImpl.java:setRole(170)) - 8fa6b618-ecc1-4831-80a7-5b838334a4af@group-79DD86BEF89D: changes role from CANDIDATE to LEADER at term 1 for changeToLeader
2019-10-03 08:32:45,996 [8fa6b618-ecc1-4831-80a7-5b838334a4af@group-79DD86BEF89D-LeaderElection69] INFO  impl.RaftServerImpl (ServerState.java:setLeader(255)) - 8fa6b618-ecc1-4831-80a7-5b838334a4af@group-79DD86BEF89D: change Leader from null to 8fa6b618-ecc1-4831-80a7-5b838334a4af at term 1 for becomeLeader, leader elected after 5095ms
2019-10-03 08:32:45,996 [8fa6b618-ecc1-4831-80a7-5b838334a4af@group-79DD86BEF89D-LeaderElection69] INFO  server.RaftServerConfigKeys (ConfUtils.java:logGet(43)) - raft.server.staging.catchup.gap = 1000 (default)
2019-10-03 08:32:45,996 [8fa6b618-ecc1-4831-80a7-5b838334a4af@group-79DD86BEF89D-LeaderElection69] INFO  server.RaftServerConfigKeys (ConfUtils.java:logGet(43)) - raft.server.rpc.sleep.time = 25ms (default)
2019-10-03 08:32:45,996 [8fa6b618-ecc1-4831-80a7-5b838334a4af@group-79DD86BEF89D-LeaderElection69] INFO  server.RaftServerConfigKeys (ConfUtils.java:logGet(43)) - raft.server.write.element-limit = 4096 (default)
2019-10-03 08:32:45,997 [8fa6b618-ecc1-4831-80a7-5b838334a4af@group-79DD86BEF89D-LeaderElection69] INFO  server.RaftServerConfigKeys (ConfUtils.java:logGet(43)) - raft.server.watch.timeout = 10s (default)
2019-10-03 08:32:45,997 [8fa6b618-ecc1-4831-80a7-5b838334a4af@group-79DD86BEF89D-LeaderElection69] INFO  server.RaftServerConfigKeys (ConfUtils.java:logGet(43)) - raft.server.watch.timeout.denomination = 1s (default)
2019-10-03 08:32:45,997 [8fa6b618-ecc1-4831-80a7-5b838334a4af@group-79DD86BEF89D-LeaderElection69] INFO  server.RaftServerConfigKeys (ConfUtils.java:logGet(43)) - raft.server.watch.element-limit = 65536 (default)
2019-10-03 08:32:45,998 [072f5f93-30cd-441c-b95e-93d65198a03a@group-775D767F10C1-LeaderElection70] INFO  impl.LeaderElection (LeaderElection.java:askForVotes(178)) - 072f5f93-30cd-441c-b95e-93d65198a03a@group-775D767F10C1-LeaderElection70: begin an election at term 1 for -1: [072f5f93-30cd-441c-b95e-93d65198a03a:192.168.151.103:36662], old=null
2019-10-03 08:32:45,998 [072f5f93-30cd-441c-b95e-93d65198a03a@group-775D767F10C1-LeaderElection70] INFO  impl.RoleInfo (RoleInfo.java:shutdownLeaderElection(134)) - 072f5f93-30cd-441c-b95e-93d65198a03a: shutdown LeaderElection
2019-10-03 08:32:45,998 [072f5f93-30cd-441c-b95e-93d65198a03a@group-775D767F10C1-LeaderElection70] INFO  impl.RaftServerImpl (RaftServerImpl.java:setRole(170)) - 072f5f93-30cd-441c-b95e-93d65198a03a@group-775D767F10C1: changes role from CANDIDATE to LEADER at term 1 for changeToLeader
2019-10-03 08:32:45,998 [072f5f93-30cd-441c-b95e-93d65198a03a@group-775D767F10C1-LeaderElection70] INFO  impl.RaftServerImpl (ServerState.java:setLeader(255)) - 072f5f93-30cd-441c-b95e-93d65198a03a@group-775D767F10C1: change Leader from null to 072f5f93-30cd-441c-b95e-93d65198a03a at term 1 for becomeLeader, leader elected after 5048ms
2019-10-03 08:32:45,998 [072f5f93-30cd-441c-b95e-93d65198a03a@group-775D767F10C1-LeaderElection70] INFO  server.RaftServerConfigKeys (ConfUtils.java:logGet(43)) - raft.server.staging.catchup.gap = 1000 (default)
2019-10-03 08:32:45,998 [072f5f93-30cd-441c-b95e-93d65198a03a@group-775D767F10C1-LeaderElection70] INFO  server.RaftServerConfigKeys (ConfUtils.java:logGet(43)) - raft.server.rpc.sleep.time = 25ms (default)
2019-10-03 08:32:45,998 [072f5f93-30cd-441c-b95e-93d65198a03a@group-775D767F10C1-LeaderElection70] INFO  server.RaftServerConfigKeys (ConfUtils.java:logGet(43)) - raft.server.write.element-limit = 4096 (default)
2019-10-03 08:32:45,998 [072f5f93-30cd-441c-b95e-93d65198a03a@group-775D767F10C1-LeaderElection70] INFO  server.RaftServerConfigKeys (ConfUtils.java:logGet(43)) - raft.server.watch.timeout = 10s (default)
2019-10-03 08:32:45,998 [072f5f93-30cd-441c-b95e-93d65198a03a@group-775D767F10C1-LeaderElection70] INFO  server.RaftServerConfigKeys (ConfUtils.java:logGet(43)) - raft.server.watch.timeout.denomination = 1s (default)
2019-10-03 08:32:45,998 [072f5f93-30cd-441c-b95e-93d65198a03a@group-775D767F10C1-LeaderElection70] INFO  server.RaftServerConfigKeys (ConfUtils.java:logGet(43)) - raft.server.watch.element-limit = 65536 (default)
2019-10-03 08:32:45,999 [8fa6b618-ecc1-4831-80a7-5b838334a4af@group-79DD86BEF89D-LeaderElection69] INFO  impl.RoleInfo (RoleInfo.java:updateAndGet(143)) - 8fa6b618-ecc1-4831-80a7-5b838334a4af: start LeaderState
2019-10-03 08:32:46,000 [8fa6b618-ecc1-4831-80a7-5b838334a4af@group-79DD86BEF89D-LeaderElection69] INFO  segmented.SegmentedRaftLogWorker (SegmentedRaftLogWorker.java:startLogSegment(385)) - 8fa6b618-ecc1-4831-80a7-5b838334a4af@group-79DD86BEF89D-SegmentedRaftLogWorker: Starting segment from index:0
2019-10-03 08:32:46,000 [072f5f93-30cd-441c-b95e-93d65198a03a@group-775D767F10C1-LeaderElection70] INFO  impl.RoleInfo (RoleInfo.java:updateAndGet(143)) - 072f5f93-30cd-441c-b95e-93d65198a03a: start LeaderState
2019-10-03 08:32:46,000 [072f5f93-30cd-441c-b95e-93d65198a03a@group-775D767F10C1-LeaderElection70] INFO  segmented.SegmentedRaftLogWorker (SegmentedRaftLogWorker.java:startLogSegment(385)) - 072f5f93-30cd-441c-b95e-93d65198a03a@group-775D767F10C1-SegmentedRaftLogWorker: Starting segment from index:0
2019-10-03 08:32:46,000 [8fa6b618-ecc1-4831-80a7-5b838334a4af@group-79DD86BEF89D-LeaderElection69] INFO  impl.RaftServerImpl (ServerState.java:setRaftConf(356)) - 8fa6b618-ecc1-4831-80a7-5b838334a4af@group-79DD86BEF89D: set configuration 0: [8fa6b618-ecc1-4831-80a7-5b838334a4af:192.168.151.103:41124], old=null at 0
2019-10-03 08:32:46,000 [072f5f93-30cd-441c-b95e-93d65198a03a@group-775D767F10C1-LeaderElection70] INFO  impl.RaftServerImpl (ServerState.java:setRaftConf(356)) - 072f5f93-30cd-441c-b95e-93d65198a03a@group-775D767F10C1: set configuration 0: [072f5f93-30cd-441c-b95e-93d65198a03a:192.168.151.103:36662], old=null at 0
2019-10-03 08:32:46,050 [8fa6b618-ecc1-4831-80a7-5b838334a4af@group-79DD86BEF89D-SegmentedRaftLogWorker] INFO  segmented.SegmentedRaftLogWorker (SegmentedRaftLogWorker.java:execute(574)) - 8fa6b618-ecc1-4831-80a7-5b838334a4af@group-79DD86BEF89D-SegmentedRaftLogWorker: created new log segment /workdir/hadoop-ozone/integration-test/target/test-dir/MiniOzoneClusterImpl-176ba0bc-51bb-4eaa-8e2d-f4d79c94d5b2/datanode-1/data/ratis/68be3de5-1da2-4e28-9765-79dd86bef89d/current/log_inprogress_0
2019-10-03 08:32:46,054 [072f5f93-30cd-441c-b95e-93d65198a03a@group-775D767F10C1-SegmentedRaftLogWorker] INFO  segmented.SegmentedRaftLogWorker (SegmentedRaftLogWorker.java:execute(574)) - 072f5f93-30cd-441c-b95e-93d65198a03a@group-775D767F10C1-SegmentedRaftLogWorker: created new log segment /workdir/hadoop-ozone/integration-test/target/test-dir/MiniOzoneClusterImpl-176ba0bc-51bb-4eaa-8e2d-f4d79c94d5b2/datanode-2/data/ratis/64adee73-f4bd-4f62-baa9-775d767f10c1/current/log_inprogress_0
2019-10-03 08:32:46,059 [Thread-3083] INFO  impl.FollowerState (FollowerState.java:run(108)) - e3fb16e0-7066-4756-a24b-fa8bee236c7d@group-501331DA7B11-FollowerState: change to CANDIDATE, lastRpcTime:5197ms, electionTimeout:5197ms
2019-10-03 08:32:46,060 [Thread-3083] INFO  impl.RoleInfo (RoleInfo.java:shutdownFollowerState(121)) - e3fb16e0-7066-4756-a24b-fa8bee236c7d: shutdown FollowerState
2019-10-03 08:32:46,060 [Thread-3083] INFO  impl.RaftServerImpl (RaftServerImpl.java:setRole(170)) - e3fb16e0-7066-4756-a24b-fa8bee236c7d@group-501331DA7B11: changes role from  FOLLOWER to CANDIDATE at term 0 for changeToCandidate
2019-10-03 08:32:46,060 [Thread-3083] INFO  impl.RoleInfo (RoleInfo.java:updateAndGet(143)) - e3fb16e0-7066-4756-a24b-fa8bee236c7d: start LeaderElection
2019-10-03 08:32:46,067 [Thread-3096] INFO  impl.FollowerState (FollowerState.java:run(108)) - 8fa6b618-ecc1-4831-80a7-5b838334a4af@group-83C2B07EA132-FollowerState: change to CANDIDATE, lastRpcTime:5045ms, electionTimeout:5045ms
2019-10-03 08:32:46,067 [Thread-3096] INFO  impl.RoleInfo (RoleInfo.java:shutdownFollowerState(121)) - 8fa6b618-ecc1-4831-80a7-5b838334a4af: shutdown FollowerState
2019-10-03 08:32:46,067 [Thread-3096] INFO  impl.RaftServerImpl (RaftServerImpl.java:setRole(170)) - 8fa6b618-ecc1-4831-80a7-5b838334a4af@group-83C2B07EA132: changes role from  FOLLOWER to CANDIDATE at term 0 for changeToCandidate
2019-10-03 08:32:46,067 [Thread-3096] INFO  impl.RoleInfo (RoleInfo.java:updateAndGet(143)) - 8fa6b618-ecc1-4831-80a7-5b838334a4af: start LeaderElection
2019-10-03 08:32:46,069 [e3fb16e0-7066-4756-a24b-fa8bee236c7d@group-501331DA7B11-LeaderElection71] INFO  impl.LeaderElection (LeaderElection.java:askForVotes(178)) - e3fb16e0-7066-4756-a24b-fa8bee236c7d@group-501331DA7B11-LeaderElection71: begin an election at term 1 for -1: [e3fb16e0-7066-4756-a24b-fa8bee236c7d:192.168.151.103:40888], old=null
2019-10-03 08:32:46,071 [e3fb16e0-7066-4756-a24b-fa8bee236c7d@group-501331DA7B11-LeaderElection71] INFO  impl.RoleInfo (RoleInfo.java:shutdownLeaderElection(134)) - e3fb16e0-7066-4756-a24b-fa8bee236c7d: shutdown LeaderElection
2019-10-03 08:32:46,071 [e3fb16e0-7066-4756-a24b-fa8bee236c7d@group-501331DA7B11-LeaderElection71] INFO  impl.RaftServerImpl (RaftServerImpl.java:setRole(170)) - e3fb16e0-7066-4756-a24b-fa8bee236c7d@group-501331DA7B11: changes role from CANDIDATE to LEADER at term 1 for changeToLeader
2019-10-03 08:32:46,071 [e3fb16e0-7066-4756-a24b-fa8bee236c7d@group-501331DA7B11-LeaderElection71] INFO  impl.RaftServerImpl (ServerState.java:setLeader(255)) - e3fb16e0-7066-4756-a24b-fa8bee236c7d@group-501331DA7B11: change Leader from null to e3fb16e0-7066-4756-a24b-fa8bee236c7d at term 1 for becomeLeader, leader elected after 5217ms
2019-10-03 08:32:46,072 [e3fb16e0-7066-4756-a24b-fa8bee236c7d@group-501331DA7B11-LeaderElection71] INFO  server.RaftServerConfigKeys (ConfUtils.java:logGet(43)) - raft.server.staging.catchup.gap = 1000 (default)
2019-10-03 08:32:46,072 [e3fb16e0-7066-4756-a24b-fa8bee236c7d@group-501331DA7B11-LeaderElection71] INFO  server.RaftServerConfigKeys (ConfUtils.java:logGet(43)) - raft.server.rpc.sleep.time = 25ms (default)
2019-10-03 08:32:46,072 [e3fb16e0-7066-4756-a24b-fa8bee236c7d@group-501331DA7B11-LeaderElection71] INFO  server.RaftServerConfigKeys (ConfUtils.java:logGet(43)) - raft.server.write.element-limit = 4096 (default)
2019-10-03 08:32:46,072 [e3fb16e0-7066-4756-a24b-fa8bee236c7d@group-501331DA7B11-LeaderElection71] INFO  server.RaftServerConfigKeys (ConfUtils.java:logGet(43)) - raft.server.watch.timeout = 10s (default)
2019-10-03 08:32:46,072 [e3fb16e0-7066-4756-a24b-fa8bee236c7d@group-501331DA7B11-LeaderElection71] INFO  server.RaftServerConfigKeys (ConfUtils.java:logGet(43)) - raft.server.watch.timeout.denomination = 1s (default)
2019-10-03 08:32:46,072 [e3fb16e0-7066-4756-a24b-fa8bee236c7d@group-501331DA7B11-LeaderElection71] INFO  server.RaftServerConfigKeys (ConfUtils.java:logGet(43)) - raft.server.watch.element-limit = 65536 (default)
2019-10-03 08:32:46,074 [e3fb16e0-7066-4756-a24b-fa8bee236c7d@group-501331DA7B11-LeaderElection71] INFO  impl.RoleInfo (RoleInfo.java:updateAndGet(143)) - e3fb16e0-7066-4756-a24b-fa8bee236c7d: start LeaderState
2019-10-03 08:32:46,074 [e3fb16e0-7066-4756-a24b-fa8bee236c7d@group-501331DA7B11-LeaderElection71] INFO  segmented.SegmentedRaftLogWorker (SegmentedRaftLogWorker.java:startLogSegment(385)) - e3fb16e0-7066-4756-a24b-fa8bee236c7d@group-501331DA7B11-SegmentedRaftLogWorker: Starting segment from index:0
2019-10-03 08:32:46,075 [e3fb16e0-7066-4756-a24b-fa8bee236c7d@group-501331DA7B11-LeaderElection71] INFO  impl.RaftServerImpl (ServerState.java:setRaftConf(356)) - e3fb16e0-7066-4756-a24b-fa8bee236c7d@group-501331DA7B11: set configuration 0: [e3fb16e0-7066-4756-a24b-fa8bee236c7d:192.168.151.103:40888], old=null at 0
2019-10-03 08:32:46,102 [Thread-3092] INFO  impl.FollowerState (FollowerState.java:run(108)) - e3fb16e0-7066-4756-a24b-fa8bee236c7d@group-83C2B07EA132-FollowerState: change to CANDIDATE, lastRpcTime:5097ms, electionTimeout:5080ms
2019-10-03 08:32:46,102 [Thread-3092] INFO  impl.RoleInfo (RoleInfo.java:shutdownFollowerState(121)) - e3fb16e0-7066-4756-a24b-fa8bee236c7d: shutdown FollowerState
2019-10-03 08:32:46,102 [Thread-3092] INFO  impl.RaftServerImpl (RaftServerImpl.java:setRole(170)) - e3fb16e0-7066-4756-a24b-fa8bee236c7d@group-83C2B07EA132: changes role from  FOLLOWER to CANDIDATE at term 0 for changeToCandidate
2019-10-03 08:32:46,102 [8fa6b618-ecc1-4831-80a7-5b838334a4af@group-83C2B07EA132-LeaderElection72] INFO  impl.LeaderElection (LeaderElection.java:askForVotes(178)) - 8fa6b618-ecc1-4831-80a7-5b838334a4af@group-83C2B07EA132-LeaderElection72: begin an election at term 1 for -1: [e3fb16e0-7066-4756-a24b-fa8bee236c7d:192.168.151.103:40888, 8fa6b618-ecc1-4831-80a7-5b838334a4af:192.168.151.103:41124, 072f5f93-30cd-441c-b95e-93d65198a03a:192.168.151.103:36662], old=null
2019-10-03 08:32:46,103 [Thread-3092] INFO  impl.RoleInfo (RoleInfo.java:updateAndGet(143)) - e3fb16e0-7066-4756-a24b-fa8bee236c7d: start LeaderElection
2019-10-03 08:32:46,106 [e3fb16e0-7066-4756-a24b-fa8bee236c7d@group-501331DA7B11-SegmentedRaftLogWorker] INFO  segmented.SegmentedRaftLogWorker (SegmentedRaftLogWorker.java:execute(574)) - e3fb16e0-7066-4756-a24b-fa8bee236c7d@group-501331DA7B11-SegmentedRaftLogWorker: created new log segment /workdir/hadoop-ozone/integration-test/target/test-dir/MiniOzoneClusterImpl-176ba0bc-51bb-4eaa-8e2d-f4d79c94d5b2/datanode-0/data/ratis/de1d69a4-3e72-4eee-9fee-501331da7b11/current/log_inprogress_0
2019-10-03 08:32:46,108 [grpc-default-executor-4] INFO  impl.RaftServerImpl (RaftServerImpl.java:setRole(170)) - 072f5f93-30cd-441c-b95e-93d65198a03a@group-83C2B07EA132: changes role from  FOLLOWER to FOLLOWER at term 1 for recognizeCandidate:8fa6b618-ecc1-4831-80a7-5b838334a4af
2019-10-03 08:32:46,109 [grpc-default-executor-4] INFO  impl.RoleInfo (RoleInfo.java:shutdownFollowerState(121)) - 072f5f93-30cd-441c-b95e-93d65198a03a: shutdown FollowerState
2019-10-03 08:32:46,109 [grpc-default-executor-4] INFO  impl.RoleInfo (RoleInfo.java:updateAndGet(143)) - 072f5f93-30cd-441c-b95e-93d65198a03a: start FollowerState
2019-10-03 08:32:46,109 [Thread-3097] INFO  impl.FollowerState (FollowerState.java:run(117)) - 072f5f93-30cd-441c-b95e-93d65198a03a@group-83C2B07EA132-FollowerState was interrupted: java.lang.InterruptedException: sleep interrupted
2019-10-03 08:32:46,111 [e3fb16e0-7066-4756-a24b-fa8bee236c7d@group-83C2B07EA132-LeaderElection73] INFO  impl.LeaderElection (LeaderElection.java:askForVotes(178)) - e3fb16e0-7066-4756-a24b-fa8bee236c7d@group-83C2B07EA132-LeaderElection73: begin an election at term 1 for -1: [e3fb16e0-7066-4756-a24b-fa8bee236c7d:192.168.151.103:40888, 8fa6b618-ecc1-4831-80a7-5b838334a4af:192.168.151.103:41124, 072f5f93-30cd-441c-b95e-93d65198a03a:192.168.151.103:36662], old=null
2019-10-03 08:32:46,121 [Thread-3104] INFO  impl.FollowerState (FollowerState.java:run(108)) - 7708fc3f-22ad-4852-9dd3-b9f2e0e79c56@group-50BD85D1DD8E-FollowerState: change to CANDIDATE, lastRpcTime:5022ms, electionTimeout:5018ms
2019-10-03 08:32:46,121 [Thread-3104] INFO  impl.RoleInfo (RoleInfo.java:shutdownFollowerState(121)) - 7708fc3f-22ad-4852-9dd3-b9f2e0e79c56: shutdown FollowerState
2019-10-03 08:32:46,121 [Thread-3104] INFO  impl.RaftServerImpl (RaftServerImpl.java:setRole(170)) - 7708fc3f-22ad-4852-9dd3-b9f2e0e79c56@group-50BD85D1DD8E: changes role from  FOLLOWER to CANDIDATE at term 0 for changeToCandidate
2019-10-03 08:32:46,122 [Thread-3104] INFO  impl.RoleInfo (RoleInfo.java:updateAndGet(143)) - 7708fc3f-22ad-4852-9dd3-b9f2e0e79c56: start LeaderElection
2019-10-03 08:32:46,124 [e3fb16e0-7066-4756-a24b-fa8bee236c7d@group-83C2B07EA132-LeaderElection73] INFO  impl.LeaderElection (LeaderElection.java:logAndReturn(56)) - e3fb16e0-7066-4756-a24b-fa8bee236c7d@group-83C2B07EA132-LeaderElection73: Election REJECTED; received 2 response(s) [e3fb16e0-7066-4756-a24b-fa8bee236c7d<-8fa6b618-ecc1-4831-80a7-5b838334a4af#0:FAIL-t1, e3fb16e0-7066-4756-a24b-fa8bee236c7d<-072f5f93-30cd-441c-b95e-93d65198a03a#0:FAIL-t1] and 0 exception(s); e3fb16e0-7066-4756-a24b-fa8bee236c7d@group-83C2B07EA132:t1, leader=null, voted=e3fb16e0-7066-4756-a24b-fa8bee236c7d, raftlog=e3fb16e0-7066-4756-a24b-fa8bee236c7d@group-83C2B07EA132-SegmentedRaftLog:OPENED:c-1,f-1,i0, conf=-1: [e3fb16e0-7066-4756-a24b-fa8bee236c7d:192.168.151.103:40888, 8fa6b618-ecc1-4831-80a7-5b838334a4af:192.168.151.103:41124, 072f5f93-30cd-441c-b95e-93d65198a03a:192.168.151.103:36662], old=null
2019-10-03 08:32:46,126 [8fa6b618-ecc1-4831-80a7-5b838334a4af@group-83C2B07EA132-LeaderElection72] INFO  impl.LeaderElection (LeaderElection.java:logAndReturn(56)) - 8fa6b618-ecc1-4831-80a7-5b838334a4af@group-83C2B07EA132-LeaderElection72: Election PASSED; received 2 response(s) [8fa6b618-ecc1-4831-80a7-5b838334a4af<-e3fb16e0-7066-4756-a24b-fa8bee236c7d#0:FAIL-t1, 8fa6b618-ecc1-4831-80a7-5b838334a4af<-072f5f93-30cd-441c-b95e-93d65198a03a#0:OK-t1] and 0 exception(s); 8fa6b618-ecc1-4831-80a7-5b838334a4af@group-83C2B07EA132:t1, leader=null, voted=8fa6b618-ecc1-4831-80a7-5b838334a4af, raftlog=8fa6b618-ecc1-4831-80a7-5b838334a4af@group-83C2B07EA132-SegmentedRaftLog:OPENED:c-1,f-1,i0, conf=-1: [e3fb16e0-7066-4756-a24b-fa8bee236c7d:192.168.151.103:40888, 8fa6b618-ecc1-4831-80a7-5b838334a4af:192.168.151.103:41124, 072f5f93-30cd-441c-b95e-93d65198a03a:192.168.151.103:36662], old=null
2019-10-03 08:32:46,126 [e3fb16e0-7066-4756-a24b-fa8bee236c7d@group-83C2B07EA132-LeaderElection73] INFO  impl.RaftServerImpl (RaftServerImpl.java:setRole(170)) - e3fb16e0-7066-4756-a24b-fa8bee236c7d@group-83C2B07EA132: changes role from CANDIDATE to FOLLOWER at term 1 for DISCOVERED_A_NEW_TERM
2019-10-03 08:32:46,128 [e3fb16e0-7066-4756-a24b-fa8bee236c7d@group-83C2B07EA132-LeaderElection73] INFO  impl.RoleInfo (RoleInfo.java:shutdownLeaderElection(134)) - e3fb16e0-7066-4756-a24b-fa8bee236c7d: shutdown LeaderElection
2019-10-03 08:32:46,128 [e3fb16e0-7066-4756-a24b-fa8bee236c7d@group-83C2B07EA132-LeaderElection73] INFO  impl.RoleInfo (RoleInfo.java:updateAndGet(143)) - e3fb16e0-7066-4756-a24b-fa8bee236c7d: start FollowerState
2019-10-03 08:32:46,128 [8fa6b618-ecc1-4831-80a7-5b838334a4af@group-83C2B07EA132-LeaderElection72] INFO  impl.RoleInfo (RoleInfo.java:shutdownLeaderElection(134)) - 8fa6b618-ecc1-4831-80a7-5b838334a4af: shutdown LeaderElection
2019-10-03 08:32:46,130 [8fa6b618-ecc1-4831-80a7-5b838334a4af@group-83C2B07EA132-LeaderElection72] INFO  impl.RaftServerImpl (RaftServerImpl.java:setRole(170)) - 8fa6b618-ecc1-4831-80a7-5b838334a4af@group-83C2B07EA132: changes role from CANDIDATE to LEADER at term 1 for changeToLeader
2019-10-03 08:32:46,130 [8fa6b618-ecc1-4831-80a7-5b838334a4af@group-83C2B07EA132-LeaderElection72] INFO  impl.RaftServerImpl (ServerState.java:setLeader(255)) - 8fa6b618-ecc1-4831-80a7-5b838334a4af@group-83C2B07EA132: change Leader from null to 8fa6b618-ecc1-4831-80a7-5b838334a4af at term 1 for becomeLeader, leader elected after 5132ms
2019-10-03 08:32:46,130 [8fa6b618-ecc1-4831-80a7-5b838334a4af@group-83C2B07EA132-LeaderElection72] INFO  server.RaftServerConfigKeys (ConfUtils.java:logGet(43)) - raft.server.staging.catchup.gap = 1000 (default)
2019-10-03 08:32:46,130 [8fa6b618-ecc1-4831-80a7-5b838334a4af@group-83C2B07EA132-LeaderElection72] INFO  server.RaftServerConfigKeys (ConfUtils.java:logGet(43)) - raft.server.rpc.sleep.time = 25ms (default)
2019-10-03 08:32:46,130 [8fa6b618-ecc1-4831-80a7-5b838334a4af@group-83C2B07EA132-LeaderElection72] INFO  server.RaftServerConfigKeys (ConfUtils.java:logGet(43)) - raft.server.write.element-limit = 4096 (default)
2019-10-03 08:32:46,130 [8fa6b618-ecc1-4831-80a7-5b838334a4af@group-83C2B07EA132-LeaderElection72] INFO  server.RaftServerConfigKeys (ConfUtils.java:logGet(43)) - raft.server.watch.timeout = 10s (default)
2019-10-03 08:32:46,130 [8fa6b618-ecc1-4831-80a7-5b838334a4af@group-83C2B07EA132-LeaderElection72] INFO  server.RaftServerConfigKeys (ConfUtils.java:logGet(43)) - raft.server.watch.timeout.denomination = 1s (default)
2019-10-03 08:32:46,130 [8fa6b618-ecc1-4831-80a7-5b838334a4af@group-83C2B07EA132-LeaderElection72] INFO  server.RaftServerConfigKeys (ConfUtils.java:logGet(43)) - raft.server.watch.element-limit = 65536 (default)
2019-10-03 08:32:46,131 [8fa6b618-ecc1-4831-80a7-5b838334a4af@group-83C2B07EA132-LeaderElection72] INFO  server.RaftServerConfigKeys (ConfUtils.java:logGet(43)) - raft.server.log.appender.snapshot.chunk.size.max = 16MB (=16777216) (default)
2019-10-03 08:32:46,132 [8fa6b618-ecc1-4831-80a7-5b838334a4af@group-83C2B07EA132-LeaderElection72] INFO  server.RaftServerConfigKeys (ConfUtils.java:logGet(43)) - raft.server.log.appender.buffer.byte-limit = 33554432 (custom)
2019-10-03 08:32:46,132 [8fa6b618-ecc1-4831-80a7-5b838334a4af@group-83C2B07EA132-LeaderElection72] INFO  server.RaftServerConfigKeys (ConfUtils.java:logGet(43)) - raft.server.log.appender.buffer.element-limit = 1 (custom)
2019-10-03 08:32:46,132 [8fa6b618-ecc1-4831-80a7-5b838334a4af@group-83C2B07EA132-LeaderElection72] INFO  grpc.GrpcConfigKeys$Server (ConfUtils.java:logGet(43)) - raft.grpc.server.leader.outstanding.appends.max = 128 (default)
2019-10-03 08:32:46,132 [8fa6b618-ecc1-4831-80a7-5b838334a4af@group-83C2B07EA132-LeaderElection72] INFO  server.RaftServerConfigKeys (ConfUtils.java:logGet(43)) - raft.server.rpc.request.timeout = 3000ms (default)
2019-10-03 08:32:46,132 [8fa6b618-ecc1-4831-80a7-5b838334a4af@group-83C2B07EA132-LeaderElection72] INFO  server.RaftServerConfigKeys (ConfUtils.java:logGet(43)) - raft.server.log.appender.install.snapshot.enabled = false (custom)
2019-10-03 08:32:46,132 [8fa6b618-ecc1-4831-80a7-5b838334a4af@group-83C2B07EA132-LeaderElection72] INFO  server.RaftServerConfigKeys (ConfUtils.java:logGet(43)) - raft.server.log.appender.snapshot.chunk.size.max = 16MB (=16777216) (default)
2019-10-03 08:32:46,132 [8fa6b618-ecc1-4831-80a7-5b838334a4af@group-83C2B07EA132-LeaderElection72] INFO  server.RaftServerConfigKeys (ConfUtils.java:logGet(43)) - raft.server.log.appender.buffer.byte-limit = 33554432 (custom)
2019-10-03 08:32:46,132 [8fa6b618-ecc1-4831-80a7-5b838334a4af@group-83C2B07EA132-LeaderElection72] INFO  server.RaftServerConfigKeys (ConfUtils.java:logGet(43)) - raft.server.log.appender.buffer.element-limit = 1 (custom)
2019-10-03 08:32:46,132 [8fa6b618-ecc1-4831-80a7-5b838334a4af@group-83C2B07EA132-LeaderElection72] INFO  grpc.GrpcConfigKeys$Server (ConfUtils.java:logGet(43)) - raft.grpc.server.leader.outstanding.appends.max = 128 (default)
2019-10-03 08:32:46,133 [8fa6b618-ecc1-4831-80a7-5b838334a4af@group-83C2B07EA132-LeaderElection72] INFO  server.RaftServerConfigKeys (ConfUtils.java:logGet(43)) - raft.server.rpc.request.timeout = 3000ms (default)
2019-10-03 08:32:46,133 [8fa6b618-ecc1-4831-80a7-5b838334a4af@group-83C2B07EA132-LeaderElection72] INFO  server.RaftServerConfigKeys (ConfUtils.java:logGet(43)) - raft.server.log.appender.install.snapshot.enabled = false (custom)
2019-10-03 08:32:46,133 [8fa6b618-ecc1-4831-80a7-5b838334a4af@group-83C2B07EA132-LeaderElection72] INFO  impl.RoleInfo (RoleInfo.java:updateAndGet(143)) - 8fa6b618-ecc1-4831-80a7-5b838334a4af: start LeaderState
2019-10-03 08:32:46,133 [8fa6b618-ecc1-4831-80a7-5b838334a4af@group-83C2B07EA132-LeaderElection72] INFO  segmented.SegmentedRaftLogWorker (SegmentedRaftLogWorker.java:startLogSegment(385)) - 8fa6b618-ecc1-4831-80a7-5b838334a4af@group-83C2B07EA132-SegmentedRaftLogWorker: Starting segment from index:0
2019-10-03 08:32:46,133 [8fa6b618-ecc1-4831-80a7-5b838334a4af@group-83C2B07EA132-LeaderElection72] INFO  impl.RaftServerImpl (ServerState.java:setRaftConf(356)) - 8fa6b618-ecc1-4831-80a7-5b838334a4af@group-83C2B07EA132: set configuration 0: [e3fb16e0-7066-4756-a24b-fa8bee236c7d:192.168.151.103:40888, 8fa6b618-ecc1-4831-80a7-5b838334a4af:192.168.151.103:41124, 072f5f93-30cd-441c-b95e-93d65198a03a:192.168.151.103:36662], old=null at 0
2019-10-03 08:32:46,134 [7708fc3f-22ad-4852-9dd3-b9f2e0e79c56@group-50BD85D1DD8E-LeaderElection74] INFO  impl.LeaderElection (LeaderElection.java:askForVotes(178)) - 7708fc3f-22ad-4852-9dd3-b9f2e0e79c56@group-50BD85D1DD8E-LeaderElection74: begin an election at term 1 for -1: [7708fc3f-22ad-4852-9dd3-b9f2e0e79c56:192.168.151.103:38986], old=null
2019-10-03 08:32:46,134 [7708fc3f-22ad-4852-9dd3-b9f2e0e79c56@group-50BD85D1DD8E-LeaderElection74] INFO  impl.RoleInfo (RoleInfo.java:shutdownLeaderElection(134)) - 7708fc3f-22ad-4852-9dd3-b9f2e0e79c56: shutdown LeaderElection
2019-10-03 08:32:46,134 [7708fc3f-22ad-4852-9dd3-b9f2e0e79c56@group-50BD85D1DD8E-LeaderElection74] INFO  impl.RaftServerImpl (RaftServerImpl.java:setRole(170)) - 7708fc3f-22ad-4852-9dd3-b9f2e0e79c56@group-50BD85D1DD8E: changes role from CANDIDATE to LEADER at term 1 for changeToLeader
2019-10-03 08:32:46,134 [grpc-default-executor-4] INFO  impl.RaftServerImpl (ServerState.java:setLeader(255)) - e3fb16e0-7066-4756-a24b-fa8bee236c7d@group-83C2B07EA132: change Leader from null to 8fa6b618-ecc1-4831-80a7-5b838334a4af at term 1 for appendEntries, leader elected after 5137ms
2019-10-03 08:32:46,134 [7708fc3f-22ad-4852-9dd3-b9f2e0e79c56@group-50BD85D1DD8E-LeaderElection74] INFO  impl.RaftServerImpl (ServerState.java:setLeader(255)) - 7708fc3f-22ad-4852-9dd3-b9f2e0e79c56@group-50BD85D1DD8E: change Leader from null to 7708fc3f-22ad-4852-9dd3-b9f2e0e79c56 at term 1 for becomeLeader, leader elected after 5041ms
2019-10-03 08:32:46,135 [grpc-default-executor-8] INFO  impl.RaftServerImpl (ServerState.java:setLeader(255)) - 072f5f93-30cd-441c-b95e-93d65198a03a@group-83C2B07EA132: change Leader from null to 8fa6b618-ecc1-4831-80a7-5b838334a4af at term 1 for appendEntries, leader elected after 5137ms
2019-10-03 08:32:46,135 [7708fc3f-22ad-4852-9dd3-b9f2e0e79c56@group-50BD85D1DD8E-LeaderElection74] INFO  server.RaftServerConfigKeys (ConfUtils.java:logGet(43)) - raft.server.staging.catchup.gap = 1000 (default)
2019-10-03 08:32:46,135 [7708fc3f-22ad-4852-9dd3-b9f2e0e79c56@group-50BD85D1DD8E-LeaderElection74] INFO  server.RaftServerConfigKeys (ConfUtils.java:logGet(43)) - raft.server.rpc.sleep.time = 25ms (default)
2019-10-03 08:32:46,135 [7708fc3f-22ad-4852-9dd3-b9f2e0e79c56@group-50BD85D1DD8E-LeaderElection74] INFO  server.RaftServerConfigKeys (ConfUtils.java:logGet(43)) - raft.server.write.element-limit = 4096 (default)
2019-10-03 08:32:46,135 [7708fc3f-22ad-4852-9dd3-b9f2e0e79c56@group-50BD85D1DD8E-LeaderElection74] INFO  server.RaftServerConfigKeys (ConfUtils.java:logGet(43)) - raft.server.watch.timeout = 10s (default)
2019-10-03 08:32:46,135 [7708fc3f-22ad-4852-9dd3-b9f2e0e79c56@group-50BD85D1DD8E-LeaderElection74] INFO  server.RaftServerConfigKeys (ConfUtils.java:logGet(43)) - raft.server.watch.timeout.denomination = 1s (default)
2019-10-03 08:32:46,136 [7708fc3f-22ad-4852-9dd3-b9f2e0e79c56@group-50BD85D1DD8E-LeaderElection74] INFO  server.RaftServerConfigKeys (ConfUtils.java:logGet(43)) - raft.server.watch.element-limit = 65536 (default)
2019-10-03 08:32:46,136 [grpc-default-executor-4] INFO  impl.RaftServerImpl (ServerState.java:setRaftConf(356)) - e3fb16e0-7066-4756-a24b-fa8bee236c7d@group-83C2B07EA132: set configuration 0: [e3fb16e0-7066-4756-a24b-fa8bee236c7d:192.168.151.103:40888, 8fa6b618-ecc1-4831-80a7-5b838334a4af:192.168.151.103:41124, 072f5f93-30cd-441c-b95e-93d65198a03a:192.168.151.103:36662], old=null at 0
2019-10-03 08:32:46,136 [grpc-default-executor-8] INFO  impl.RaftServerImpl (ServerState.java:setRaftConf(356)) - 072f5f93-30cd-441c-b95e-93d65198a03a@group-83C2B07EA132: set configuration 0: [e3fb16e0-7066-4756-a24b-fa8bee236c7d:192.168.151.103:40888, 8fa6b618-ecc1-4831-80a7-5b838334a4af:192.168.151.103:41124, 072f5f93-30cd-441c-b95e-93d65198a03a:192.168.151.103:36662], old=null at 0
2019-10-03 08:32:46,137 [7708fc3f-22ad-4852-9dd3-b9f2e0e79c56@group-50BD85D1DD8E-LeaderElection74] INFO  impl.RoleInfo (RoleInfo.java:updateAndGet(143)) - 7708fc3f-22ad-4852-9dd3-b9f2e0e79c56: start LeaderState
2019-10-03 08:32:46,137 [grpc-default-executor-4] INFO  segmented.SegmentedRaftLogWorker (SegmentedRaftLogWorker.java:startLogSegment(385)) - e3fb16e0-7066-4756-a24b-fa8bee236c7d@group-83C2B07EA132-SegmentedRaftLogWorker: Starting segment from index:0
2019-10-03 08:32:46,137 [7708fc3f-22ad-4852-9dd3-b9f2e0e79c56@group-50BD85D1DD8E-LeaderElection74] INFO  segmented.SegmentedRaftLogWorker (SegmentedRaftLogWorker.java:startLogSegment(385)) - 7708fc3f-22ad-4852-9dd3-b9f2e0e79c56@group-50BD85D1DD8E-SegmentedRaftLogWorker: Starting segment from index:0
2019-10-03 08:32:46,137 [grpc-default-executor-8] INFO  segmented.SegmentedRaftLogWorker (SegmentedRaftLogWorker.java:startLogSegment(385)) - 072f5f93-30cd-441c-b95e-93d65198a03a@group-83C2B07EA132-SegmentedRaftLogWorker: Starting segment from index:0
2019-10-03 08:32:46,137 [7708fc3f-22ad-4852-9dd3-b9f2e0e79c56@group-50BD85D1DD8E-LeaderElection74] INFO  impl.RaftServerImpl (ServerState.java:setRaftConf(356)) - 7708fc3f-22ad-4852-9dd3-b9f2e0e79c56@group-50BD85D1DD8E: set configuration 0: [7708fc3f-22ad-4852-9dd3-b9f2e0e79c56:192.168.151.103:38986], old=null at 0
2019-10-03 08:32:46,164 [Thread-3101] INFO  impl.FollowerState (FollowerState.java:run(108)) - ba87ae0a-6ea0-47b2-b3c7-194fd3912d70@group-28B6CDF7D3DE-FollowerState: change to CANDIDATE, lastRpcTime:5090ms, electionTimeout:5088ms
2019-10-03 08:32:46,164 [Thread-3101] INFO  impl.RoleInfo (RoleInfo.java:shutdownFollowerState(121)) - ba87ae0a-6ea0-47b2-b3c7-194fd3912d70: shutdown FollowerState
2019-10-03 08:32:46,165 [Thread-3101] INFO  impl.RaftServerImpl (RaftServerImpl.java:setRole(170)) - ba87ae0a-6ea0-47b2-b3c7-194fd3912d70@group-28B6CDF7D3DE: changes role from  FOLLOWER to CANDIDATE at term 0 for changeToCandidate
2019-10-03 08:32:46,165 [Thread-3101] INFO  impl.RoleInfo (RoleInfo.java:updateAndGet(143)) - ba87ae0a-6ea0-47b2-b3c7-194fd3912d70: start LeaderElection
2019-10-03 08:32:46,201 [e3fb16e0-7066-4756-a24b-fa8bee236c7d@group-83C2B07EA132-SegmentedRaftLogWorker] INFO  segmented.SegmentedRaftLogWorker (SegmentedRaftLogWorker.java:execute(574)) - e3fb16e0-7066-4756-a24b-fa8bee236c7d@group-83C2B07EA132-SegmentedRaftLogWorker: created new log segment /workdir/hadoop-ozone/integration-test/target/test-dir/MiniOzoneClusterImpl-176ba0bc-51bb-4eaa-8e2d-f4d79c94d5b2/datanode-0/data/ratis/4b3fe8a2-ab39-483c-a3e4-83c2b07ea132/current/log_inprogress_0
2019-10-03 08:32:46,227 [7708fc3f-22ad-4852-9dd3-b9f2e0e79c56@group-50BD85D1DD8E-SegmentedRaftLogWorker] INFO  segmented.SegmentedRaftLogWorker (SegmentedRaftLogWorker.java:execute(574)) - 7708fc3f-22ad-4852-9dd3-b9f2e0e79c56@group-50BD85D1DD8E-SegmentedRaftLogWorker: created new log segment /workdir/hadoop-ozone/integration-test/target/test-dir/MiniOzoneClusterImpl-176ba0bc-51bb-4eaa-8e2d-f4d79c94d5b2/datanode-3/data/ratis/12afe209-222f-4bfb-a874-50bd85d1dd8e/current/log_inprogress_0
2019-10-03 08:32:46,201 [8fa6b618-ecc1-4831-80a7-5b838334a4af@group-83C2B07EA132-SegmentedRaftLogWorker] INFO  segmented.SegmentedRaftLogWorker (SegmentedRaftLogWorker.java:execute(574)) - 8fa6b618-ecc1-4831-80a7-5b838334a4af@group-83C2B07EA132-SegmentedRaftLogWorker: created new log segment /workdir/hadoop-ozone/integration-test/target/test-dir/MiniOzoneClusterImpl-176ba0bc-51bb-4eaa-8e2d-f4d79c94d5b2/datanode-1/data/ratis/4b3fe8a2-ab39-483c-a3e4-83c2b07ea132/current/log_inprogress_0
2019-10-03 08:32:46,230 [072f5f93-30cd-441c-b95e-93d65198a03a@group-83C2B07EA132-SegmentedRaftLogWorker] INFO  segmented.SegmentedRaftLogWorker (SegmentedRaftLogWorker.java:execute(574)) - 072f5f93-30cd-441c-b95e-93d65198a03a@group-83C2B07EA132-SegmentedRaftLogWorker: created new log segment /workdir/hadoop-ozone/integration-test/target/test-dir/MiniOzoneClusterImpl-176ba0bc-51bb-4eaa-8e2d-f4d79c94d5b2/datanode-2/data/ratis/4b3fe8a2-ab39-483c-a3e4-83c2b07ea132/current/log_inprogress_0
2019-10-03 08:32:46,230 [ba87ae0a-6ea0-47b2-b3c7-194fd3912d70@group-28B6CDF7D3DE-LeaderElection75] INFO  impl.LeaderElection (LeaderElection.java:askForVotes(178)) - ba87ae0a-6ea0-47b2-b3c7-194fd3912d70@group-28B6CDF7D3DE-LeaderElection75: begin an election at term 1 for -1: [ba87ae0a-6ea0-47b2-b3c7-194fd3912d70:192.168.151.103:33183], old=null
2019-10-03 08:32:46,230 [ba87ae0a-6ea0-47b2-b3c7-194fd3912d70@group-28B6CDF7D3DE-LeaderElection75] INFO  impl.RoleInfo (RoleInfo.java:shutdownLeaderElection(134)) - ba87ae0a-6ea0-47b2-b3c7-194fd3912d70: shutdown LeaderElection
2019-10-03 08:32:46,230 [ba87ae0a-6ea0-47b2-b3c7-194fd3912d70@group-28B6CDF7D3DE-LeaderElection75] INFO  impl.RaftServerImpl (RaftServerImpl.java:setRole(170)) - ba87ae0a-6ea0-47b2-b3c7-194fd3912d70@group-28B6CDF7D3DE: changes role from CANDIDATE to LEADER at term 1 for changeToLeader
2019-10-03 08:32:46,230 [ba87ae0a-6ea0-47b2-b3c7-194fd3912d70@group-28B6CDF7D3DE-LeaderElection75] INFO  impl.RaftServerImpl (ServerState.java:setLeader(255)) - ba87ae0a-6ea0-47b2-b3c7-194fd3912d70@group-28B6CDF7D3DE: change Leader from null to ba87ae0a-6ea0-47b2-b3c7-194fd3912d70 at term 1 for becomeLeader, leader elected after 5164ms
2019-10-03 08:32:46,230 [ba87ae0a-6ea0-47b2-b3c7-194fd3912d70@group-28B6CDF7D3DE-LeaderElection75] INFO  server.RaftServerConfigKeys (ConfUtils.java:logGet(43)) - raft.server.staging.catchup.gap = 1000 (default)
2019-10-03 08:32:46,230 [ba87ae0a-6ea0-47b2-b3c7-194fd3912d70@group-28B6CDF7D3DE-LeaderElection75] INFO  server.RaftServerConfigKeys (ConfUtils.java:logGet(43)) - raft.server.rpc.sleep.time = 25ms (default)
2019-10-03 08:32:46,230 [ba87ae0a-6ea0-47b2-b3c7-194fd3912d70@group-28B6CDF7D3DE-LeaderElection75] INFO  server.RaftServerConfigKeys (ConfUtils.java:logGet(43)) - raft.server.write.element-limit = 4096 (default)
2019-10-03 08:32:46,230 [ba87ae0a-6ea0-47b2-b3c7-194fd3912d70@group-28B6CDF7D3DE-LeaderElection75] INFO  server.RaftServerConfigKeys (ConfUtils.java:logGet(43)) - raft.server.watch.timeout = 10s (default)
2019-10-03 08:32:46,231 [ba87ae0a-6ea0-47b2-b3c7-194fd3912d70@group-28B6CDF7D3DE-LeaderElection75] INFO  server.RaftServerConfigKeys (ConfUtils.java:logGet(43)) - raft.server.watch.timeout.denomination = 1s (default)
2019-10-03 08:32:46,231 [ba87ae0a-6ea0-47b2-b3c7-194fd3912d70@group-28B6CDF7D3DE-LeaderElection75] INFO  server.RaftServerConfigKeys (ConfUtils.java:logGet(43)) - raft.server.watch.element-limit = 65536 (default)
2019-10-03 08:32:46,232 [ba87ae0a-6ea0-47b2-b3c7-194fd3912d70@group-28B6CDF7D3DE-LeaderElection75] INFO  impl.RoleInfo (RoleInfo.java:updateAndGet(143)) - ba87ae0a-6ea0-47b2-b3c7-194fd3912d70: start LeaderState
2019-10-03 08:32:46,232 [ba87ae0a-6ea0-47b2-b3c7-194fd3912d70@group-28B6CDF7D3DE-LeaderElection75] INFO  segmented.SegmentedRaftLogWorker (SegmentedRaftLogWorker.java:startLogSegment(385)) - ba87ae0a-6ea0-47b2-b3c7-194fd3912d70@group-28B6CDF7D3DE-SegmentedRaftLogWorker: Starting segment from index:0
2019-10-03 08:32:46,232 [ba87ae0a-6ea0-47b2-b3c7-194fd3912d70@group-28B6CDF7D3DE-LeaderElection75] INFO  impl.RaftServerImpl (ServerState.java:setRaftConf(356)) - ba87ae0a-6ea0-47b2-b3c7-194fd3912d70@group-28B6CDF7D3DE: set configuration 0: [ba87ae0a-6ea0-47b2-b3c7-194fd3912d70:192.168.151.103:33183], old=null at 0
2019-10-03 08:32:46,261 [Thread-3112] INFO  impl.FollowerState (FollowerState.java:run(108)) - 29c911b2-ebe4-409a-8bb5-8ec1ac3a1adf@group-6896C72314AA-FollowerState: change to CANDIDATE, lastRpcTime:5042ms, electionTimeout:5042ms
2019-10-03 08:32:46,261 [Thread-3112] INFO  impl.RoleInfo (RoleInfo.java:shutdownFollowerState(121)) - 29c911b2-ebe4-409a-8bb5-8ec1ac3a1adf: shutdown FollowerState
2019-10-03 08:32:46,261 [Thread-3112] INFO  impl.RaftServerImpl (RaftServerImpl.java:setRole(170)) - 29c911b2-ebe4-409a-8bb5-8ec1ac3a1adf@group-6896C72314AA: changes role from  FOLLOWER to CANDIDATE at term 0 for changeToCandidate
2019-10-03 08:32:46,261 [Thread-3112] INFO  impl.RoleInfo (RoleInfo.java:updateAndGet(143)) - 29c911b2-ebe4-409a-8bb5-8ec1ac3a1adf: start LeaderElection
2019-10-03 08:32:46,263 [ba87ae0a-6ea0-47b2-b3c7-194fd3912d70@group-28B6CDF7D3DE-SegmentedRaftLogWorker] INFO  segmented.SegmentedRaftLogWorker (SegmentedRaftLogWorker.java:execute(574)) - ba87ae0a-6ea0-47b2-b3c7-194fd3912d70@group-28B6CDF7D3DE-SegmentedRaftLogWorker: created new log segment /workdir/hadoop-ozone/integration-test/target/test-dir/MiniOzoneClusterImpl-176ba0bc-51bb-4eaa-8e2d-f4d79c94d5b2/datanode-4/data/ratis/cae3d686-39de-45db-bc1c-28b6cdf7d3de/current/log_inprogress_0
2019-10-03 08:32:46,265 [Thread-3108] INFO  impl.FollowerState (FollowerState.java:run(108)) - 681a0601-90e6-4364-b871-1ad035efeee4@group-C8B3AF88CE27-FollowerState: change to CANDIDATE, lastRpcTime:5105ms, electionTimeout:5104ms
2019-10-03 08:32:46,265 [Thread-3108] INFO  impl.RoleInfo (RoleInfo.java:shutdownFollowerState(121)) - 681a0601-90e6-4364-b871-1ad035efeee4: shutdown FollowerState
2019-10-03 08:32:46,265 [Thread-3108] INFO  impl.RaftServerImpl (RaftServerImpl.java:setRole(170)) - 681a0601-90e6-4364-b871-1ad035efeee4@group-C8B3AF88CE27: changes role from  FOLLOWER to CANDIDATE at term 0 for changeToCandidate
2019-10-03 08:32:46,265 [Thread-3108] INFO  impl.RoleInfo (RoleInfo.java:updateAndGet(143)) - 681a0601-90e6-4364-b871-1ad035efeee4: start LeaderElection
2019-10-03 08:32:46,286 [29c911b2-ebe4-409a-8bb5-8ec1ac3a1adf@group-6896C72314AA-LeaderElection76] INFO  impl.LeaderElection (LeaderElection.java:askForVotes(178)) - 29c911b2-ebe4-409a-8bb5-8ec1ac3a1adf@group-6896C72314AA-LeaderElection76: begin an election at term 1 for -1: [29c911b2-ebe4-409a-8bb5-8ec1ac3a1adf:192.168.151.103:38954], old=null
2019-10-03 08:32:46,286 [681a0601-90e6-4364-b871-1ad035efeee4@group-C8B3AF88CE27-LeaderElection77] INFO  impl.LeaderElection (LeaderElection.java:askForVotes(178)) - 681a0601-90e6-4364-b871-1ad035efeee4@group-C8B3AF88CE27-LeaderElection77: begin an election at term 1 for -1: [681a0601-90e6-4364-b871-1ad035efeee4:192.168.151.103:38961], old=null
2019-10-03 08:32:46,286 [29c911b2-ebe4-409a-8bb5-8ec1ac3a1adf@group-6896C72314AA-LeaderElection76] INFO  impl.RoleInfo (RoleInfo.java:shutdownLeaderElection(134)) - 29c911b2-ebe4-409a-8bb5-8ec1ac3a1adf: shutdown LeaderElection
2019-10-03 08:32:46,286 [681a0601-90e6-4364-b871-1ad035efeee4@group-C8B3AF88CE27-LeaderElection77] INFO  impl.RoleInfo (RoleInfo.java:shutdownLeaderElection(134)) - 681a0601-90e6-4364-b871-1ad035efeee4: shutdown LeaderElection
2019-10-03 08:32:46,286 [29c911b2-ebe4-409a-8bb5-8ec1ac3a1adf@group-6896C72314AA-LeaderElection76] INFO  impl.RaftServerImpl (RaftServerImpl.java:setRole(170)) - 29c911b2-ebe4-409a-8bb5-8ec1ac3a1adf@group-6896C72314AA: changes role from CANDIDATE to LEADER at term 1 for changeToLeader
2019-10-03 08:32:46,286 [681a0601-90e6-4364-b871-1ad035efeee4@group-C8B3AF88CE27-LeaderElection77] INFO  impl.RaftServerImpl (RaftServerImpl.java:setRole(170)) - 681a0601-90e6-4364-b871-1ad035efeee4@group-C8B3AF88CE27: changes role from CANDIDATE to LEADER at term 1 for changeToLeader
2019-10-03 08:32:46,286 [29c911b2-ebe4-409a-8bb5-8ec1ac3a1adf@group-6896C72314AA-LeaderElection76] INFO  impl.RaftServerImpl (ServerState.java:setLeader(255)) - 29c911b2-ebe4-409a-8bb5-8ec1ac3a1adf@group-6896C72314AA: change Leader from null to 29c911b2-ebe4-409a-8bb5-8ec1ac3a1adf at term 1 for becomeLeader, leader elected after 5073ms
2019-10-03 08:32:46,286 [681a0601-90e6-4364-b871-1ad035efeee4@group-C8B3AF88CE27-LeaderElection77] INFO  impl.RaftServerImpl (ServerState.java:setLeader(255)) - 681a0601-90e6-4364-b871-1ad035efeee4@group-C8B3AF88CE27: change Leader from null to 681a0601-90e6-4364-b871-1ad035efeee4 at term 1 for becomeLeader, leader elected after 5140ms
2019-10-03 08:32:46,287 [29c911b2-ebe4-409a-8bb5-8ec1ac3a1adf@group-6896C72314AA-LeaderElection76] INFO  server.RaftServerConfigKeys (ConfUtils.java:logGet(43)) - raft.server.staging.catchup.gap = 1000 (default)
2019-10-03 08:32:46,287 [681a0601-90e6-4364-b871-1ad035efeee4@group-C8B3AF88CE27-LeaderElection77] INFO  server.RaftServerConfigKeys (ConfUtils.java:logGet(43)) - raft.server.staging.catchup.gap = 1000 (default)
2019-10-03 08:32:46,287 [29c911b2-ebe4-409a-8bb5-8ec1ac3a1adf@group-6896C72314AA-LeaderElection76] INFO  server.RaftServerConfigKeys (ConfUtils.java:logGet(43)) - raft.server.rpc.sleep.time = 25ms (default)
2019-10-03 08:32:46,287 [681a0601-90e6-4364-b871-1ad035efeee4@group-C8B3AF88CE27-LeaderElection77] INFO  server.RaftServerConfigKeys (ConfUtils.java:logGet(43)) - raft.server.rpc.sleep.time = 25ms (default)
2019-10-03 08:32:46,287 [29c911b2-ebe4-409a-8bb5-8ec1ac3a1adf@group-6896C72314AA-LeaderElection76] INFO  server.RaftServerConfigKeys (ConfUtils.java:logGet(43)) - raft.server.write.element-limit = 4096 (default)
2019-10-03 08:32:46,287 [681a0601-90e6-4364-b871-1ad035efeee4@group-C8B3AF88CE27-LeaderElection77] INFO  server.RaftServerConfigKeys (ConfUtils.java:logGet(43)) - raft.server.write.element-limit = 4096 (default)
2019-10-03 08:32:46,287 [29c911b2-ebe4-409a-8bb5-8ec1ac3a1adf@group-6896C72314AA-LeaderElection76] INFO  server.RaftServerConfigKeys (ConfUtils.java:logGet(43)) - raft.server.watch.timeout = 10s (default)
2019-10-03 08:32:46,288 [681a0601-90e6-4364-b871-1ad035efeee4@group-C8B3AF88CE27-LeaderElection77] INFO  server.RaftServerConfigKeys (ConfUtils.java:logGet(43)) - raft.server.watch.timeout = 10s (default)
2019-10-03 08:32:46,288 [29c911b2-ebe4-409a-8bb5-8ec1ac3a1adf@group-6896C72314AA-LeaderElection76] INFO  server.RaftServerConfigKeys (ConfUtils.java:logGet(43)) - raft.server.watch.timeout.denomination = 1s (default)
2019-10-03 08:32:46,288 [681a0601-90e6-4364-b871-1ad035efeee4@group-C8B3AF88CE27-LeaderElection77] INFO  server.RaftServerConfigKeys (ConfUtils.java:logGet(43)) - raft.server.watch.timeout.denomination = 1s (default)
2019-10-03 08:32:46,288 [29c911b2-ebe4-409a-8bb5-8ec1ac3a1adf@group-6896C72314AA-LeaderElection76] INFO  server.RaftServerConfigKeys (ConfUtils.java:logGet(43)) - raft.server.watch.element-limit = 65536 (default)
2019-10-03 08:32:46,288 [681a0601-90e6-4364-b871-1ad035efeee4@group-C8B3AF88CE27-LeaderElection77] INFO  server.RaftServerConfigKeys (ConfUtils.java:logGet(43)) - raft.server.watch.element-limit = 65536 (default)
2019-10-03 08:32:46,291 [29c911b2-ebe4-409a-8bb5-8ec1ac3a1adf@group-6896C72314AA-LeaderElection76] INFO  impl.RoleInfo (RoleInfo.java:updateAndGet(143)) - 29c911b2-ebe4-409a-8bb5-8ec1ac3a1adf: start LeaderState
2019-10-03 08:32:46,292 [681a0601-90e6-4364-b871-1ad035efeee4@group-C8B3AF88CE27-LeaderElection77] INFO  impl.RoleInfo (RoleInfo.java:updateAndGet(143)) - 681a0601-90e6-4364-b871-1ad035efeee4: start LeaderState
2019-10-03 08:32:46,292 [29c911b2-ebe4-409a-8bb5-8ec1ac3a1adf@group-6896C72314AA-LeaderElection76] INFO  segmented.SegmentedRaftLogWorker (SegmentedRaftLogWorker.java:startLogSegment(385)) - 29c911b2-ebe4-409a-8bb5-8ec1ac3a1adf@group-6896C72314AA-SegmentedRaftLogWorker: Starting segment from index:0
2019-10-03 08:32:46,292 [681a0601-90e6-4364-b871-1ad035efeee4@group-C8B3AF88CE27-LeaderElection77] INFO  segmented.SegmentedRaftLogWorker (SegmentedRaftLogWorker.java:startLogSegment(385)) - 681a0601-90e6-4364-b871-1ad035efeee4@group-C8B3AF88CE27-SegmentedRaftLogWorker: Starting segment from index:0
2019-10-03 08:32:46,292 [29c911b2-ebe4-409a-8bb5-8ec1ac3a1adf@group-6896C72314AA-LeaderElection76] INFO  impl.RaftServerImpl (ServerState.java:setRaftConf(356)) - 29c911b2-ebe4-409a-8bb5-8ec1ac3a1adf@group-6896C72314AA: set configuration 0: [29c911b2-ebe4-409a-8bb5-8ec1ac3a1adf:192.168.151.103:38954], old=null at 0
2019-10-03 08:32:46,317 [Thread-3120] INFO  impl.FollowerState (FollowerState.java:run(108)) - 29c911b2-ebe4-409a-8bb5-8ec1ac3a1adf@group-F6E9279483A3-FollowerState: change to CANDIDATE, lastRpcTime:5037ms, electionTimeout:5031ms
2019-10-03 08:32:46,318 [681a0601-90e6-4364-b871-1ad035efeee4@group-C8B3AF88CE27-LeaderElection77] INFO  impl.RaftServerImpl (ServerState.java:setRaftConf(356)) - 681a0601-90e6-4364-b871-1ad035efeee4@group-C8B3AF88CE27: set configuration 0: [681a0601-90e6-4364-b871-1ad035efeee4:192.168.151.103:38961], old=null at 0
2019-10-03 08:32:46,318 [Thread-3120] INFO  impl.RoleInfo (RoleInfo.java:shutdownFollowerState(121)) - 29c911b2-ebe4-409a-8bb5-8ec1ac3a1adf: shutdown FollowerState
2019-10-03 08:32:46,318 [Thread-3120] INFO  impl.RaftServerImpl (RaftServerImpl.java:setRole(170)) - 29c911b2-ebe4-409a-8bb5-8ec1ac3a1adf@group-F6E9279483A3: changes role from  FOLLOWER to CANDIDATE at term 0 for changeToCandidate
2019-10-03 08:32:46,345 [29c911b2-ebe4-409a-8bb5-8ec1ac3a1adf@group-6896C72314AA-SegmentedRaftLogWorker] INFO  segmented.SegmentedRaftLogWorker (SegmentedRaftLogWorker.java:execute(574)) - 29c911b2-ebe4-409a-8bb5-8ec1ac3a1adf@group-6896C72314AA-SegmentedRaftLogWorker: created new log segment /workdir/hadoop-ozone/integration-test/target/test-dir/MiniOzoneClusterImpl-176ba0bc-51bb-4eaa-8e2d-f4d79c94d5b2/datanode-6/data/ratis/e8e92900-38f3-488d-8587-6896c72314aa/current/log_inprogress_0
2019-10-03 08:32:46,345 [Thread-3120] INFO  impl.RoleInfo (RoleInfo.java:updateAndGet(143)) - 29c911b2-ebe4-409a-8bb5-8ec1ac3a1adf: start LeaderElection
2019-10-03 08:32:46,358 [681a0601-90e6-4364-b871-1ad035efeee4@group-C8B3AF88CE27-SegmentedRaftLogWorker] INFO  segmented.SegmentedRaftLogWorker (SegmentedRaftLogWorker.java:execute(574)) - 681a0601-90e6-4364-b871-1ad035efeee4@group-C8B3AF88CE27-SegmentedRaftLogWorker: created new log segment /workdir/hadoop-ozone/integration-test/target/test-dir/MiniOzoneClusterImpl-176ba0bc-51bb-4eaa-8e2d-f4d79c94d5b2/datanode-5/data/ratis/5947b4d8-79eb-43f1-b099-c8b3af88ce27/current/log_inprogress_0
2019-10-03 08:32:46,358 [29c911b2-ebe4-409a-8bb5-8ec1ac3a1adf@group-F6E9279483A3-LeaderElection78] INFO  impl.LeaderElection (LeaderElection.java:askForVotes(178)) - 29c911b2-ebe4-409a-8bb5-8ec1ac3a1adf@group-F6E9279483A3-LeaderElection78: begin an election at term 1 for -1: [ba87ae0a-6ea0-47b2-b3c7-194fd3912d70:192.168.151.103:33183, 681a0601-90e6-4364-b871-1ad035efeee4:192.168.151.103:38961, 29c911b2-ebe4-409a-8bb5-8ec1ac3a1adf:192.168.151.103:38954], old=null
2019-10-03 08:32:46,372 [Thread-3115] INFO  impl.FollowerState (FollowerState.java:run(108)) - 681a0601-90e6-4364-b871-1ad035efeee4@group-F6E9279483A3-FollowerState: change to CANDIDATE, lastRpcTime:5096ms, electionTimeout:5084ms
2019-10-03 08:32:46,373 [Thread-3115] INFO  impl.RoleInfo (RoleInfo.java:shutdownFollowerState(121)) - 681a0601-90e6-4364-b871-1ad035efeee4: shutdown FollowerState
2019-10-03 08:32:46,373 [Thread-3115] INFO  impl.RaftServerImpl (RaftServerImpl.java:setRole(170)) - 681a0601-90e6-4364-b871-1ad035efeee4@group-F6E9279483A3: changes role from  FOLLOWER to CANDIDATE at term 0 for changeToCandidate
2019-10-03 08:32:46,373 [Thread-3115] INFO  impl.RoleInfo (RoleInfo.java:updateAndGet(143)) - 681a0601-90e6-4364-b871-1ad035efeee4: start LeaderElection
2019-10-03 08:32:46,378 [grpc-default-executor-8] INFO  impl.RaftServerImpl (RaftServerImpl.java:setRole(170)) - ba87ae0a-6ea0-47b2-b3c7-194fd3912d70@group-F6E9279483A3: changes role from  FOLLOWER to FOLLOWER at term 1 for recognizeCandidate:29c911b2-ebe4-409a-8bb5-8ec1ac3a1adf
2019-10-03 08:32:46,378 [grpc-default-executor-8] INFO  impl.RoleInfo (RoleInfo.java:shutdownFollowerState(121)) - ba87ae0a-6ea0-47b2-b3c7-194fd3912d70: shutdown FollowerState
2019-10-03 08:32:46,378 [grpc-default-executor-8] INFO  impl.RoleInfo (RoleInfo.java:updateAndGet(143)) - ba87ae0a-6ea0-47b2-b3c7-194fd3912d70: start FollowerState
2019-10-03 08:32:46,378 [Thread-3119] INFO  impl.FollowerState (FollowerState.java:run(117)) - ba87ae0a-6ea0-47b2-b3c7-194fd3912d70@group-F6E9279483A3-FollowerState was interrupted: java.lang.InterruptedException: sleep interrupted
2019-10-03 08:32:46,391 [681a0601-90e6-4364-b871-1ad035efeee4@group-F6E9279483A3-LeaderElection79] INFO  impl.LeaderElection (LeaderElection.java:askForVotes(178)) - 681a0601-90e6-4364-b871-1ad035efeee4@group-F6E9279483A3-LeaderElection79: begin an election at term 1 for -1: [ba87ae0a-6ea0-47b2-b3c7-194fd3912d70:192.168.151.103:33183, 681a0601-90e6-4364-b871-1ad035efeee4:192.168.151.103:38961, 29c911b2-ebe4-409a-8bb5-8ec1ac3a1adf:192.168.151.103:38954], old=null
2019-10-03 08:32:46,394 [29c911b2-ebe4-409a-8bb5-8ec1ac3a1adf@group-F6E9279483A3-LeaderElection78] INFO  impl.LeaderElection (LeaderElection.java:logAndReturn(56)) - 29c911b2-ebe4-409a-8bb5-8ec1ac3a1adf@group-F6E9279483A3-LeaderElection78: Election PASSED; received 2 response(s) [29c911b2-ebe4-409a-8bb5-8ec1ac3a1adf<-ba87ae0a-6ea0-47b2-b3c7-194fd3912d70#0:OK-t1, 29c911b2-ebe4-409a-8bb5-8ec1ac3a1adf<-681a0601-90e6-4364-b871-1ad035efeee4#0:FAIL-t1] and 0 exception(s); 29c911b2-ebe4-409a-8bb5-8ec1ac3a1adf@group-F6E9279483A3:t1, leader=null, voted=29c911b2-ebe4-409a-8bb5-8ec1ac3a1adf, raftlog=29c911b2-ebe4-409a-8bb5-8ec1ac3a1adf@group-F6E9279483A3-SegmentedRaftLog:OPENED:c-1,f-1,i0, conf=-1: [ba87ae0a-6ea0-47b2-b3c7-194fd3912d70:192.168.151.103:33183, 681a0601-90e6-4364-b871-1ad035efeee4:192.168.151.103:38961, 29c911b2-ebe4-409a-8bb5-8ec1ac3a1adf:192.168.151.103:38954], old=null
2019-10-03 08:32:46,394 [29c911b2-ebe4-409a-8bb5-8ec1ac3a1adf@group-F6E9279483A3-LeaderElection78] INFO  impl.RoleInfo (RoleInfo.java:shutdownLeaderElection(134)) - 29c911b2-ebe4-409a-8bb5-8ec1ac3a1adf: shutdown LeaderElection
2019-10-03 08:32:46,394 [29c911b2-ebe4-409a-8bb5-8ec1ac3a1adf@group-F6E9279483A3-LeaderElection78] INFO  impl.RaftServerImpl (RaftServerImpl.java:setRole(170)) - 29c911b2-ebe4-409a-8bb5-8ec1ac3a1adf@group-F6E9279483A3: changes role from CANDIDATE to LEADER at term 1 for changeToLeader
2019-10-03 08:32:46,394 [29c911b2-ebe4-409a-8bb5-8ec1ac3a1adf@group-F6E9279483A3-LeaderElection78] INFO  impl.RaftServerImpl (ServerState.java:setLeader(255)) - 29c911b2-ebe4-409a-8bb5-8ec1ac3a1adf@group-F6E9279483A3: change Leader from null to 29c911b2-ebe4-409a-8bb5-8ec1ac3a1adf at term 1 for becomeLeader, leader elected after 5124ms
2019-10-03 08:32:46,394 [29c911b2-ebe4-409a-8bb5-8ec1ac3a1adf@group-F6E9279483A3-LeaderElection78] INFO  server.RaftServerConfigKeys (ConfUtils.java:logGet(43)) - raft.server.staging.catchup.gap = 1000 (default)
2019-10-03 08:32:46,396 [29c911b2-ebe4-409a-8bb5-8ec1ac3a1adf@group-F6E9279483A3-LeaderElection78] INFO  server.RaftServerConfigKeys (ConfUtils.java:logGet(43)) - raft.server.rpc.sleep.time = 25ms (default)
2019-10-03 08:32:46,396 [29c911b2-ebe4-409a-8bb5-8ec1ac3a1adf@group-F6E9279483A3-LeaderElection78] INFO  server.RaftServerConfigKeys (ConfUtils.java:logGet(43)) - raft.server.write.element-limit = 4096 (default)
2019-10-03 08:32:46,396 [29c911b2-ebe4-409a-8bb5-8ec1ac3a1adf@group-F6E9279483A3-LeaderElection78] INFO  server.RaftServerConfigKeys (ConfUtils.java:logGet(43)) - raft.server.watch.timeout = 10s (default)
2019-10-03 08:32:46,397 [29c911b2-ebe4-409a-8bb5-8ec1ac3a1adf@group-F6E9279483A3-LeaderElection78] INFO  server.RaftServerConfigKeys (ConfUtils.java:logGet(43)) - raft.server.watch.timeout.denomination = 1s (default)
2019-10-03 08:32:46,397 [29c911b2-ebe4-409a-8bb5-8ec1ac3a1adf@group-F6E9279483A3-LeaderElection78] INFO  server.RaftServerConfigKeys (ConfUtils.java:logGet(43)) - raft.server.watch.element-limit = 65536 (default)
2019-10-03 08:32:46,399 [29c911b2-ebe4-409a-8bb5-8ec1ac3a1adf@group-F6E9279483A3-LeaderElection78] INFO  server.RaftServerConfigKeys (ConfUtils.java:logGet(43)) - raft.server.log.appender.snapshot.chunk.size.max = 16MB (=16777216) (default)
2019-10-03 08:32:46,399 [29c911b2-ebe4-409a-8bb5-8ec1ac3a1adf@group-F6E9279483A3-LeaderElection78] INFO  server.RaftServerConfigKeys (ConfUtils.java:logGet(43)) - raft.server.log.appender.buffer.byte-limit = 33554432 (custom)
2019-10-03 08:32:46,399 [29c911b2-ebe4-409a-8bb5-8ec1ac3a1adf@group-F6E9279483A3-LeaderElection78] INFO  server.RaftServerConfigKeys (ConfUtils.java:logGet(43)) - raft.server.log.appender.buffer.element-limit = 1 (custom)
2019-10-03 08:32:46,399 [29c911b2-ebe4-409a-8bb5-8ec1ac3a1adf@group-F6E9279483A3-LeaderElection78] INFO  grpc.GrpcConfigKeys$Server (ConfUtils.java:logGet(43)) - raft.grpc.server.leader.outstanding.appends.max = 128 (default)
2019-10-03 08:32:46,399 [29c911b2-ebe4-409a-8bb5-8ec1ac3a1adf@group-F6E9279483A3-LeaderElection78] INFO  server.RaftServerConfigKeys (ConfUtils.java:logGet(43)) - raft.server.rpc.request.timeout = 3000ms (default)
2019-10-03 08:32:46,399 [29c911b2-ebe4-409a-8bb5-8ec1ac3a1adf@group-F6E9279483A3-LeaderElection78] INFO  server.RaftServerConfigKeys (ConfUtils.java:logGet(43)) - raft.server.log.appender.install.snapshot.enabled = false (custom)
2019-10-03 08:32:46,400 [29c911b2-ebe4-409a-8bb5-8ec1ac3a1adf@group-F6E9279483A3-LeaderElection78] INFO  server.RaftServerConfigKeys (ConfUtils.java:logGet(43)) - raft.server.log.appender.snapshot.chunk.size.max = 16MB (=16777216) (default)
2019-10-03 08:32:46,400 [29c911b2-ebe4-409a-8bb5-8ec1ac3a1adf@group-F6E9279483A3-LeaderElection78] INFO  server.RaftServerConfigKeys (ConfUtils.java:logGet(43)) - raft.server.log.appender.buffer.byte-limit = 33554432 (custom)
2019-10-03 08:32:46,400 [29c911b2-ebe4-409a-8bb5-8ec1ac3a1adf@group-F6E9279483A3-LeaderElection78] INFO  server.RaftServerConfigKeys (ConfUtils.java:logGet(43)) - raft.server.log.appender.buffer.element-limit = 1 (custom)
2019-10-03 08:32:46,400 [29c911b2-ebe4-409a-8bb5-8ec1ac3a1adf@group-F6E9279483A3-LeaderElection78] INFO  grpc.GrpcConfigKeys$Server (ConfUtils.java:logGet(43)) - raft.grpc.server.leader.outstanding.appends.max = 128 (default)
2019-10-03 08:32:46,400 [29c911b2-ebe4-409a-8bb5-8ec1ac3a1adf@group-F6E9279483A3-LeaderElection78] INFO  server.RaftServerConfigKeys (ConfUtils.java:logGet(43)) - raft.server.rpc.request.timeout = 3000ms (default)
2019-10-03 08:32:46,400 [29c911b2-ebe4-409a-8bb5-8ec1ac3a1adf@group-F6E9279483A3-LeaderElection78] INFO  server.RaftServerConfigKeys (ConfUtils.java:logGet(43)) - raft.server.log.appender.install.snapshot.enabled = false (custom)
2019-10-03 08:32:46,400 [29c911b2-ebe4-409a-8bb5-8ec1ac3a1adf@group-F6E9279483A3-LeaderElection78] INFO  impl.RoleInfo (RoleInfo.java:updateAndGet(143)) - 29c911b2-ebe4-409a-8bb5-8ec1ac3a1adf: start LeaderState
2019-10-03 08:32:46,401 [29c911b2-ebe4-409a-8bb5-8ec1ac3a1adf@group-F6E9279483A3-LeaderElection78] INFO  segmented.SegmentedRaftLogWorker (SegmentedRaftLogWorker.java:startLogSegment(385)) - 29c911b2-ebe4-409a-8bb5-8ec1ac3a1adf@group-F6E9279483A3-SegmentedRaftLogWorker: Starting segment from index:0
2019-10-03 08:32:46,401 [29c911b2-ebe4-409a-8bb5-8ec1ac3a1adf@group-F6E9279483A3-LeaderElection78] INFO  impl.RaftServerImpl (ServerState.java:setRaftConf(356)) - 29c911b2-ebe4-409a-8bb5-8ec1ac3a1adf@group-F6E9279483A3: set configuration 0: [ba87ae0a-6ea0-47b2-b3c7-194fd3912d70:192.168.151.103:33183, 681a0601-90e6-4364-b871-1ad035efeee4:192.168.151.103:38961, 29c911b2-ebe4-409a-8bb5-8ec1ac3a1adf:192.168.151.103:38954], old=null at 0
2019-10-03 08:32:46,432 [grpc-default-executor-4] INFO  impl.RaftServerImpl (RaftServerImpl.java:requestVote(754)) - 29c911b2-ebe4-409a-8bb5-8ec1ac3a1adf@group-F6E9279483A3-   LEADER: Withhold vote from candidate 681a0601-90e6-4364-b871-1ad035efeee4 with term 1. State: leader=29c911b2-ebe4-409a-8bb5-8ec1ac3a1adf, term=1, lastRpcElapsed=null
2019-10-03 08:32:46,435 [681a0601-90e6-4364-b871-1ad035efeee4@group-F6E9279483A3-LeaderElection79] INFO  impl.LeaderElection (LeaderElection.java:logAndReturn(56)) - 681a0601-90e6-4364-b871-1ad035efeee4@group-F6E9279483A3-LeaderElection79: Election REJECTED; received 2 response(s) [681a0601-90e6-4364-b871-1ad035efeee4<-ba87ae0a-6ea0-47b2-b3c7-194fd3912d70#0:FAIL-t1, 681a0601-90e6-4364-b871-1ad035efeee4<-29c911b2-ebe4-409a-8bb5-8ec1ac3a1adf#0:FAIL-t1] and 0 exception(s); 681a0601-90e6-4364-b871-1ad035efeee4@group-F6E9279483A3:t1, leader=null, voted=681a0601-90e6-4364-b871-1ad035efeee4, raftlog=681a0601-90e6-4364-b871-1ad035efeee4@group-F6E9279483A3-SegmentedRaftLog:OPENED:c-1,f-1,i0, conf=-1: [ba87ae0a-6ea0-47b2-b3c7-194fd3912d70:192.168.151.103:33183, 681a0601-90e6-4364-b871-1ad035efeee4:192.168.151.103:38961, 29c911b2-ebe4-409a-8bb5-8ec1ac3a1adf:192.168.151.103:38954], old=null
2019-10-03 08:32:46,436 [grpc-default-executor-8] INFO  impl.RaftServerImpl (ServerState.java:setLeader(255)) - ba87ae0a-6ea0-47b2-b3c7-194fd3912d70@group-F6E9279483A3: change Leader from null to 29c911b2-ebe4-409a-8bb5-8ec1ac3a1adf at term 1 for appendEntries, leader elected after 5166ms
2019-10-03 08:32:46,436 [grpc-default-executor-4] INFO  impl.RaftServerImpl (RaftServerImpl.java:setRole(170)) - 681a0601-90e6-4364-b871-1ad035efeee4@group-F6E9279483A3: changes role from CANDIDATE to FOLLOWER at term 1 for appendEntries
2019-10-03 08:32:46,438 [grpc-default-executor-4] INFO  impl.RoleInfo (RoleInfo.java:shutdownLeaderElection(134)) - 681a0601-90e6-4364-b871-1ad035efeee4: shutdown LeaderElection
2019-10-03 08:32:46,438 [grpc-default-executor-4] INFO  impl.RoleInfo (RoleInfo.java:updateAndGet(143)) - 681a0601-90e6-4364-b871-1ad035efeee4: start FollowerState
2019-10-03 08:32:46,440 [grpc-default-executor-4] INFO  impl.RaftServerImpl (ServerState.java:setLeader(255)) - 681a0601-90e6-4364-b871-1ad035efeee4@group-F6E9279483A3: change Leader from null to 29c911b2-ebe4-409a-8bb5-8ec1ac3a1adf at term 1 for appendEntries, leader elected after 5170ms
2019-10-03 08:32:46,443 [grpc-default-executor-4] INFO  impl.RaftServerImpl (ServerState.java:setRaftConf(356)) - ba87ae0a-6ea0-47b2-b3c7-194fd3912d70@group-F6E9279483A3: set configuration 0: [ba87ae0a-6ea0-47b2-b3c7-194fd3912d70:192.168.151.103:33183, 681a0601-90e6-4364-b871-1ad035efeee4:192.168.151.103:38961, 29c911b2-ebe4-409a-8bb5-8ec1ac3a1adf:192.168.151.103:38954], old=null at 0
2019-10-03 08:32:46,443 [grpc-default-executor-4] INFO  segmented.SegmentedRaftLogWorker (SegmentedRaftLogWorker.java:startLogSegment(385)) - ba87ae0a-6ea0-47b2-b3c7-194fd3912d70@group-F6E9279483A3-SegmentedRaftLogWorker: Starting segment from index:0
2019-10-03 08:32:46,444 [grpc-default-executor-4] INFO  impl.RaftServerImpl (ServerState.java:setRaftConf(356)) - 681a0601-90e6-4364-b871-1ad035efeee4@group-F6E9279483A3: set configuration 0: [ba87ae0a-6ea0-47b2-b3c7-194fd3912d70:192.168.151.103:33183, 681a0601-90e6-4364-b871-1ad035efeee4:192.168.151.103:38961, 29c911b2-ebe4-409a-8bb5-8ec1ac3a1adf:192.168.151.103:38954], old=null at 0
2019-10-03 08:32:46,444 [grpc-default-executor-4] INFO  segmented.SegmentedRaftLogWorker (SegmentedRaftLogWorker.java:startLogSegment(385)) - 681a0601-90e6-4364-b871-1ad035efeee4@group-F6E9279483A3-SegmentedRaftLogWorker: Starting segment from index:0
2019-10-03 08:32:46,448 [29c911b2-ebe4-409a-8bb5-8ec1ac3a1adf@group-F6E9279483A3-SegmentedRaftLogWorker] INFO  segmented.SegmentedRaftLogWorker (SegmentedRaftLogWorker.java:execute(574)) - 29c911b2-ebe4-409a-8bb5-8ec1ac3a1adf@group-F6E9279483A3-SegmentedRaftLogWorker: created new log segment /workdir/hadoop-ozone/integration-test/target/test-dir/MiniOzoneClusterImpl-176ba0bc-51bb-4eaa-8e2d-f4d79c94d5b2/datanode-6/data/ratis/e619aba9-bfc9-436e-8cfc-f6e9279483a3/current/log_inprogress_0
2019-10-03 08:32:46,482 [681a0601-90e6-4364-b871-1ad035efeee4@group-F6E9279483A3-SegmentedRaftLogWorker] INFO  segmented.SegmentedRaftLogWorker (SegmentedRaftLogWorker.java:execute(574)) - 681a0601-90e6-4364-b871-1ad035efeee4@group-F6E9279483A3-SegmentedRaftLogWorker: created new log segment /workdir/hadoop-ozone/integration-test/target/test-dir/MiniOzoneClusterImpl-176ba0bc-51bb-4eaa-8e2d-f4d79c94d5b2/datanode-5/data/ratis/e619aba9-bfc9-436e-8cfc-f6e9279483a3/current/log_inprogress_0
2019-10-03 08:32:46,482 [ba87ae0a-6ea0-47b2-b3c7-194fd3912d70@group-F6E9279483A3-SegmentedRaftLogWorker] INFO  segmented.SegmentedRaftLogWorker (SegmentedRaftLogWorker.java:execute(574)) - ba87ae0a-6ea0-47b2-b3c7-194fd3912d70@group-F6E9279483A3-SegmentedRaftLogWorker: created new log segment /workdir/hadoop-ozone/integration-test/target/test-dir/MiniOzoneClusterImpl-176ba0bc-51bb-4eaa-8e2d-f4d79c94d5b2/datanode-4/data/ratis/e619aba9-bfc9-436e-8cfc-f6e9279483a3/current/log_inprogress_0
2019-10-03 08:32:47,528 [Datanode State Machine Thread - 0] INFO  statemachine.DatanodeStateMachine (DatanodeStateMachine.java:lambda$startDaemon$0(350)) - Ozone container server started.
2019-10-03 08:32:51,551 [EventQueue-StaleNodeForStaleNodeHandler] INFO  node.StaleNodeHandler (StaleNodeHandler.java:onMessage(58)) - Datanode 8fa6b618-ecc1-4831-80a7-5b838334a4af{ip: 192.168.151.103, host: pr-hdds-2234-ztsc4-2614151736, networkLocation: /default-rack, certSerialId: null} moved to stale state. Finalizing its pipelines [PipelineID=4b3fe8a2-ab39-483c-a3e4-83c2b07ea132, PipelineID=68be3de5-1da2-4e28-9765-79dd86bef89d]
2019-10-03 08:32:51,552 [EventQueue-StaleNodeForStaleNodeHandler] INFO  pipeline.SCMPipelineManager (SCMPipelineManager.java:finalizeAndDestroyPipeline(315)) - destroying pipeline:Pipeline[ Id: 4b3fe8a2-ab39-483c-a3e4-83c2b07ea132, Nodes: 8fa6b618-ecc1-4831-80a7-5b838334a4af{ip: 192.168.151.103, host: pr-hdds-2234-ztsc4-2614151736, networkLocation: /default-rack, certSerialId: null}e3fb16e0-7066-4756-a24b-fa8bee236c7d{ip: 192.168.151.103, host: pr-hdds-2234-ztsc4-2614151736, networkLocation: /default-rack, certSerialId: null}072f5f93-30cd-441c-b95e-93d65198a03a{ip: 192.168.151.103, host: pr-hdds-2234-ztsc4-2614151736, networkLocation: /default-rack, certSerialId: null}, Type:RATIS, Factor:THREE, State:OPEN]
2019-10-03 08:32:51,552 [EventQueue-StaleNodeForStaleNodeHandler] INFO  pipeline.PipelineStateManager (PipelineStateManager.java:finalizePipeline(123)) - Pipeline Pipeline[ Id: 4b3fe8a2-ab39-483c-a3e4-83c2b07ea132, Nodes: 8fa6b618-ecc1-4831-80a7-5b838334a4af{ip: 192.168.151.103, host: pr-hdds-2234-ztsc4-2614151736, networkLocation: /default-rack, certSerialId: null}e3fb16e0-7066-4756-a24b-fa8bee236c7d{ip: 192.168.151.103, host: pr-hdds-2234-ztsc4-2614151736, networkLocation: /default-rack, certSerialId: null}072f5f93-30cd-441c-b95e-93d65198a03a{ip: 192.168.151.103, host: pr-hdds-2234-ztsc4-2614151736, networkLocation: /default-rack, certSerialId: null}, Type:RATIS, Factor:THREE, State:CLOSED] moved to CLOSED state
2019-10-03 08:32:51,552 [EventQueue-CloseContainerForCloseContainerEventHandler] INFO  container.CloseContainerEventHandler (CloseContainerEventHandler.java:onMessage(61)) - Close container Event triggered for container : #1
2019-10-03 08:32:51,552 [EventQueue-StaleNodeForStaleNodeHandler] INFO  pipeline.SCMPipelineManager (SCMPipelineManager.java:finalizeAndDestroyPipeline(315)) - destroying pipeline:Pipeline[ Id: 68be3de5-1da2-4e28-9765-79dd86bef89d, Nodes: 8fa6b618-ecc1-4831-80a7-5b838334a4af{ip: 192.168.151.103, host: pr-hdds-2234-ztsc4-2614151736, networkLocation: /default-rack, certSerialId: null}, Type:RATIS, Factor:ONE, State:OPEN]
2019-10-03 08:32:51,561 [EventQueue-StaleNodeForStaleNodeHandler] INFO  pipeline.PipelineStateManager (PipelineStateManager.java:finalizePipeline(123)) - Pipeline Pipeline[ Id: 68be3de5-1da2-4e28-9765-79dd86bef89d, Nodes: 8fa6b618-ecc1-4831-80a7-5b838334a4af{ip: 192.168.151.103, host: pr-hdds-2234-ztsc4-2614151736, networkLocation: /default-rack, certSerialId: null}, Type:RATIS, Factor:ONE, State:CLOSED] moved to CLOSED state
2019-10-03 08:32:51,731 [main] INFO  ozoneimpl.OzoneContainer (OzoneContainer.java:stop(231)) - Attempting to stop container services.
2019-10-03 08:32:51,732 [main] INFO  impl.RaftServerProxy (RaftServerProxy.java:lambda$close$4(314)) - 8fa6b618-ecc1-4831-80a7-5b838334a4af: close
2019-10-03 08:32:51,733 [main] INFO  impl.RaftServerImpl (RaftServerImpl.java:lambda$shutdown$3(247)) - 8fa6b618-ecc1-4831-80a7-5b838334a4af@group-83C2B07EA132: shutdown
2019-10-03 08:32:51,733 [ForkJoinPool.commonPool-worker-0] INFO  impl.RaftServerImpl (RaftServerImpl.java:lambda$shutdown$3(247)) - 8fa6b618-ecc1-4831-80a7-5b838334a4af@group-79DD86BEF89D: shutdown
2019-10-03 08:32:51,733 [main] INFO  util.JmxRegister (JmxRegister.java:unregister(73)) - Successfully un-registered JMX Bean with object name Ratis:service=RaftServer,group=group-83C2B07EA132,id=8fa6b618-ecc1-4831-80a7-5b838334a4af
2019-10-03 08:32:51,733 [ForkJoinPool.commonPool-worker-0] INFO  util.JmxRegister (JmxRegister.java:unregister(73)) - Successfully un-registered JMX Bean with object name Ratis:service=RaftServer,group=group-79DD86BEF89D,id=8fa6b618-ecc1-4831-80a7-5b838334a4af
2019-10-03 08:32:51,734 [main] INFO  impl.RoleInfo (RoleInfo.java:shutdownLeaderState(104)) - 8fa6b618-ecc1-4831-80a7-5b838334a4af: shutdown LeaderState
2019-10-03 08:32:51,734 [ForkJoinPool.commonPool-worker-0] INFO  impl.RoleInfo (RoleInfo.java:shutdownLeaderState(104)) - 8fa6b618-ecc1-4831-80a7-5b838334a4af: shutdown LeaderState
2019-10-03 08:32:51,739 [main] INFO  impl.PendingRequests (PendingRequests.java:sendNotLeaderResponses(202)) - 8fa6b618-ecc1-4831-80a7-5b838334a4af@group-83C2B07EA132-PendingRequests: sendNotLeaderResponses
2019-10-03 08:32:51,739 [org.apache.ratis.server.impl.LogAppender$AppenderDaemon$$Lambda$513/1741827293@2d1b44ad] WARN  server.GrpcLogAppender (GrpcLogAppender.java:mayWait(143)) - 8fa6b618-ecc1-4831-80a7-5b838334a4af@group-83C2B07EA132->072f5f93-30cd-441c-b95e-93d65198a03a-GrpcLogAppender: Wait interrupted by java.lang.InterruptedException
2019-10-03 08:32:51,739 [ForkJoinPool.commonPool-worker-0] INFO  impl.PendingRequests (PendingRequests.java:sendNotLeaderResponses(202)) - 8fa6b618-ecc1-4831-80a7-5b838334a4af@group-79DD86BEF89D-PendingRequests: sendNotLeaderResponses
2019-10-03 08:32:51,739 [org.apache.ratis.server.impl.LogAppender$AppenderDaemon$$Lambda$513/1741827293@4196a42f] WARN  server.GrpcLogAppender (GrpcLogAppender.java:mayWait(143)) - 8fa6b618-ecc1-4831-80a7-5b838334a4af@group-83C2B07EA132->e3fb16e0-7066-4756-a24b-fa8bee236c7d-GrpcLogAppender: Wait interrupted by java.lang.InterruptedException
2019-10-03 08:32:51,753 [main] INFO  impl.StateMachineUpdater (StateMachineUpdater.java:stopAndJoin(136)) - 8fa6b618-ecc1-4831-80a7-5b838334a4af@group-83C2B07EA132-StateMachineUpdater: set stopIndex = 15
2019-10-03 08:32:51,753 [ForkJoinPool.commonPool-worker-0] INFO  impl.StateMachineUpdater (StateMachineUpdater.java:stopAndJoin(136)) - 8fa6b618-ecc1-4831-80a7-5b838334a4af@group-79DD86BEF89D-StateMachineUpdater: set stopIndex = 0
2019-10-03 08:32:51,754 [grpc-default-executor-3] INFO  server.GrpcServerProtocolService (GrpcServerProtocolService.java:onCompleted(113)) - e3fb16e0-7066-4756-a24b-fa8bee236c7d: Completed APPEND_ENTRIES, lastRequest: 8fa6b618-ecc1-4831-80a7-5b838334a4af->e3fb16e0-7066-4756-a24b-fa8bee236c7d#18-t1, previous=(t:1, i:15), leaderCommit=15, initializing? false, entries: <empty>
2019-10-03 08:32:51,753 [8fa6b618-ecc1-4831-80a7-5b838334a4af@group-83C2B07EA132-StateMachineUpdater] INFO  ratis.ContainerStateMachine (ContainerStateMachine.java:takeSnapshot(293)) - group-83C2B07EA132: Taking a snapshot at:(t:1, i:13) file /workdir/hadoop-ozone/integration-test/target/test-dir/MiniOzoneClusterImpl-176ba0bc-51bb-4eaa-8e2d-f4d79c94d5b2/datanode-1/data/ratis/4b3fe8a2-ab39-483c-a3e4-83c2b07ea132/sm/snapshot.1_13
2019-10-03 08:32:51,753 [grpc-default-executor-8] INFO  server.GrpcServerProtocolService (GrpcServerProtocolService.java:onCompleted(113)) - 072f5f93-30cd-441c-b95e-93d65198a03a: Completed APPEND_ENTRIES, lastRequest: 8fa6b618-ecc1-4831-80a7-5b838334a4af->072f5f93-30cd-441c-b95e-93d65198a03a#18-t1, previous=(t:1, i:15), leaderCommit=15, initializing? false, entries: <empty>
2019-10-03 08:32:51,754 [ForkJoinPool.commonPool-worker-0] INFO  impl.RaftServerImpl (ServerState.java:close(387)) - 8fa6b618-ecc1-4831-80a7-5b838334a4af@group-79DD86BEF89D: closes. applyIndex: 0
2019-10-03 08:32:51,755 [8fa6b618-ecc1-4831-80a7-5b838334a4af@group-79DD86BEF89D-SegmentedRaftLogWorker] INFO  segmented.SegmentedRaftLogWorker (SegmentedRaftLogWorker.java:run(316)) - 8fa6b618-ecc1-4831-80a7-5b838334a4af@group-79DD86BEF89D-SegmentedRaftLogWorker was interrupted, exiting. There are 0 tasks remaining in the queue.
2019-10-03 08:32:51,755 [grpc-default-executor-4] INFO  server.GrpcLogAppender (GrpcLogAppender.java:onCompleted(293)) - 8fa6b618-ecc1-4831-80a7-5b838334a4af@group-83C2B07EA132->072f5f93-30cd-441c-b95e-93d65198a03a-AppendLogResponseHandler: follower responses appendEntries COMPLETED
2019-10-03 08:32:51,755 [grpc-default-executor-9] INFO  server.GrpcLogAppender (GrpcLogAppender.java:onCompleted(293)) - 8fa6b618-ecc1-4831-80a7-5b838334a4af@group-83C2B07EA132->e3fb16e0-7066-4756-a24b-fa8bee236c7d-AppendLogResponseHandler: follower responses appendEntries COMPLETED
2019-10-03 08:32:51,758 [ForkJoinPool.commonPool-worker-0] INFO  segmented.SegmentedRaftLogWorker (SegmentedRaftLogWorker.java:close(224)) - 8fa6b618-ecc1-4831-80a7-5b838334a4af@group-79DD86BEF89D-SegmentedRaftLogWorker close()
2019-10-03 08:32:51,762 [grpc-default-executor-4] INFO  impl.FollowerInfo (FollowerInfo.java:lambda$new$0(51)) - 8fa6b618-ecc1-4831-80a7-5b838334a4af@group-83C2B07EA132->072f5f93-30cd-441c-b95e-93d65198a03a: nextIndex: updateUnconditionally 16 -> 15
2019-10-03 08:32:51,762 [grpc-default-executor-9] INFO  impl.FollowerInfo (FollowerInfo.java:lambda$new$0(51)) - 8fa6b618-ecc1-4831-80a7-5b838334a4af@group-83C2B07EA132->e3fb16e0-7066-4756-a24b-fa8bee236c7d: nextIndex: updateUnconditionally 16 -> 15
2019-10-03 08:32:51,768 [8fa6b618-ecc1-4831-80a7-5b838334a4af@group-83C2B07EA132-StateMachineUpdater] INFO  ratis.ContainerStateMachine (ContainerStateMachine.java:takeSnapshot(304)) - group-83C2B07EA132: Finished taking a snapshot at:(t:1, i:13) file:/workdir/hadoop-ozone/integration-test/target/test-dir/MiniOzoneClusterImpl-176ba0bc-51bb-4eaa-8e2d-f4d79c94d5b2/datanode-1/data/ratis/4b3fe8a2-ab39-483c-a3e4-83c2b07ea132/sm/snapshot.1_13 time:15
2019-10-03 08:32:51,768 [8fa6b618-ecc1-4831-80a7-5b838334a4af@group-83C2B07EA132-StateMachineUpdater] INFO  impl.StateMachineUpdater (StateMachineUpdater.java:takeSnapshot(269)) - 8fa6b618-ecc1-4831-80a7-5b838334a4af@group-83C2B07EA132-StateMachineUpdater: Took a snapshot at index 13
2019-10-03 08:32:51,768 [8fa6b618-ecc1-4831-80a7-5b838334a4af@group-83C2B07EA132-StateMachineUpdater] INFO  impl.StateMachineUpdater (StateMachineUpdater.java:lambda$new$0(84)) - 8fa6b618-ecc1-4831-80a7-5b838334a4af@group-83C2B07EA132-StateMachineUpdater: snapshotIndex: updateIncreasingly -1 -> 13
2019-10-03 08:32:51,768 [8fa6b618-ecc1-4831-80a7-5b838334a4af@group-83C2B07EA132-StateMachineUpdater] INFO  ratis.ContainerStateMachine (ContainerStateMachine.java:takeSnapshot(293)) - group-83C2B07EA132: Taking a snapshot at:(t:1, i:13) file /workdir/hadoop-ozone/integration-test/target/test-dir/MiniOzoneClusterImpl-176ba0bc-51bb-4eaa-8e2d-f4d79c94d5b2/datanode-1/data/ratis/4b3fe8a2-ab39-483c-a3e4-83c2b07ea132/sm/snapshot.1_13
2019-10-03 08:32:51,790 [8fa6b618-ecc1-4831-80a7-5b838334a4af@group-83C2B07EA132-StateMachineUpdater] INFO  ratis.ContainerStateMachine (ContainerStateMachine.java:takeSnapshot(304)) - group-83C2B07EA132: Finished taking a snapshot at:(t:1, i:13) file:/workdir/hadoop-ozone/integration-test/target/test-dir/MiniOzoneClusterImpl-176ba0bc-51bb-4eaa-8e2d-f4d79c94d5b2/datanode-1/data/ratis/4b3fe8a2-ab39-483c-a3e4-83c2b07ea132/sm/snapshot.1_13 time:22
2019-10-03 08:32:51,790 [8fa6b618-ecc1-4831-80a7-5b838334a4af@group-83C2B07EA132-StateMachineUpdater] INFO  impl.StateMachineUpdater (StateMachineUpdater.java:takeSnapshot(269)) - 8fa6b618-ecc1-4831-80a7-5b838334a4af@group-83C2B07EA132-StateMachineUpdater: Took a snapshot at index 13
2019-10-03 08:32:51,790 [8fa6b618-ecc1-4831-80a7-5b838334a4af@group-83C2B07EA132-StateMachineUpdater] INFO  impl.StateMachineUpdater (StateMachineUpdater.java:lambda$new$0(84)) - 8fa6b618-ecc1-4831-80a7-5b838334a4af@group-83C2B07EA132-StateMachineUpdater: snapshotIndex: updateIncreasingly 13 -> 13
2019-10-03 08:32:51,791 [main] INFO  impl.RaftServerImpl (ServerState.java:close(387)) - 8fa6b618-ecc1-4831-80a7-5b838334a4af@group-83C2B07EA132: closes. applyIndex: 15
2019-10-03 08:32:51,791 [8fa6b618-ecc1-4831-80a7-5b838334a4af@group-83C2B07EA132-SegmentedRaftLogWorker] INFO  segmented.SegmentedRaftLogWorker (SegmentedRaftLogWorker.java:run(316)) - 8fa6b618-ecc1-4831-80a7-5b838334a4af@group-83C2B07EA132-SegmentedRaftLogWorker was interrupted, exiting. There are 0 tasks remaining in the queue.
2019-10-03 08:32:51,793 [main] INFO  segmented.SegmentedRaftLogWorker (SegmentedRaftLogWorker.java:close(224)) - 8fa6b618-ecc1-4831-80a7-5b838334a4af@group-83C2B07EA132-SegmentedRaftLogWorker close()
2019-10-03 08:32:51,797 [main] INFO  server.GrpcService (GrpcService.java:closeImpl(164)) - 8fa6b618-ecc1-4831-80a7-5b838334a4af: shutdown server with port 41124 now
2019-10-03 08:32:51,797 [grpc-default-executor-8] WARN  client.GrpcClientProtocolService (LogUtils.java:warn(134)) - 3-UnorderedRequestStreamObserver3: onError: org.apache.ratis.thirdparty.io.grpc.StatusRuntimeException: CANCELLED: cancelled before receiving half close
2019-10-03 08:32:51,797 [main] INFO  server.GrpcService (GrpcService.java:closeImpl(172)) - 8fa6b618-ecc1-4831-80a7-5b838334a4af: shutdown server with port 41124 successfully
2019-10-03 08:32:51,799 [refreshUsed-/workdir/hadoop-ozone/integration-test/target/test-dir/MiniOzoneClusterImpl-176ba0bc-51bb-4eaa-8e2d-f4d79c94d5b2/datanode-1/data/containers] WARN  fs.CachingGetSpaceUsed (CachingGetSpaceUsed.java:run(183)) - Thread Interrupted waiting to refresh disk information: sleep interrupted
2019-10-03 08:32:51,810 [main] INFO  utils.BackgroundService (BackgroundService.java:shutdown(148)) - Shutting down service BlockDeletingService
2019-10-03 08:32:51,816 [main] INFO  statemachine.DatanodeStateMachine (DatanodeStateMachine.java:stopDaemon(395)) - Ozone container server stopped.
2019-10-03 08:32:51,817 [main] INFO  handler.ContextHandler (ContextHandler.java:doStop(910)) - Stopped o.e.j.w.WebAppContext@624b3544{/,null,UNAVAILABLE}{/hddsDatanode}
2019-10-03 08:32:51,817 [main] INFO  server.AbstractConnector (AbstractConnector.java:doStop(318)) - Stopped ServerConnector@454bcbbf{HTTP/1.1,[http/1.1]}{0.0.0.0:0}
2019-10-03 08:32:51,818 [main] INFO  handler.ContextHandler (ContextHandler.java:doStop(910)) - Stopped o.e.j.s.ServletContextHandler@565d7d2f{/static,jar:file:/home/user/.m2/repository/org/apache/hadoop/hadoop-hdds-container-service/0.5.0-SNAPSHOT/hadoop-hdds-container-service-0.5.0-SNAPSHOT.jar!/webapps/static,UNAVAILABLE}
2019-10-03 08:32:51,818 [main] INFO  handler.ContextHandler (ContextHandler.java:doStop(910)) - Stopped o.e.j.s.ServletContextHandler@17ec335a{/logs,file:///workdir/hadoop-ozone/integration-test/target/log,UNAVAILABLE}
2019-10-03 08:33:01,503 [Thread-3149] INFO  impl.FollowerState (FollowerState.java:run(108)) - e3fb16e0-7066-4756-a24b-fa8bee236c7d@group-83C2B07EA132-FollowerState: change to CANDIDATE, lastRpcTime:9773ms, electionTimeout:5039ms
2019-10-03 08:33:01,504 [Thread-3149] INFO  impl.RoleInfo (RoleInfo.java:shutdownFollowerState(121)) - e3fb16e0-7066-4756-a24b-fa8bee236c7d: shutdown FollowerState
2019-10-03 08:33:01,504 [Thread-3149] INFO  impl.RaftServerImpl (RaftServerImpl.java:setRole(170)) - e3fb16e0-7066-4756-a24b-fa8bee236c7d@group-83C2B07EA132: changes role from  FOLLOWER to CANDIDATE at term 1 for changeToCandidate
2019-10-03 08:33:01,504 [Thread-3149] INFO  impl.RoleInfo (RoleInfo.java:updateAndGet(143)) - e3fb16e0-7066-4756-a24b-fa8bee236c7d: start LeaderElection
2019-10-03 08:33:01,508 [Thread-3145] INFO  impl.FollowerState (FollowerState.java:run(108)) - 072f5f93-30cd-441c-b95e-93d65198a03a@group-83C2B07EA132-FollowerState: change to CANDIDATE, lastRpcTime:9777ms, electionTimeout:5162ms
2019-10-03 08:33:01,508 [Thread-3145] INFO  impl.RoleInfo (RoleInfo.java:shutdownFollowerState(121)) - 072f5f93-30cd-441c-b95e-93d65198a03a: shutdown FollowerState
2019-10-03 08:33:01,508 [e3fb16e0-7066-4756-a24b-fa8bee236c7d@group-83C2B07EA132-LeaderElection80] INFO  impl.RaftServerImpl (ServerState.java:setLeader(255)) - e3fb16e0-7066-4756-a24b-fa8bee236c7d@group-83C2B07EA132: change Leader from 8fa6b618-ecc1-4831-80a7-5b838334a4af to null at term 1 for initElection
2019-10-03 08:33:01,508 [Thread-3145] INFO  impl.RaftServerImpl (RaftServerImpl.java:setRole(170)) - 072f5f93-30cd-441c-b95e-93d65198a03a@group-83C2B07EA132: changes role from  FOLLOWER to CANDIDATE at term 1 for changeToCandidate
2019-10-03 08:33:01,509 [Thread-3145] INFO  impl.RoleInfo (RoleInfo.java:updateAndGet(143)) - 072f5f93-30cd-441c-b95e-93d65198a03a: start LeaderElection
2019-10-03 08:33:01,511 [072f5f93-30cd-441c-b95e-93d65198a03a@group-83C2B07EA132-LeaderElection81] INFO  impl.RaftServerImpl (ServerState.java:setLeader(255)) - 072f5f93-30cd-441c-b95e-93d65198a03a@group-83C2B07EA132: change Leader from 8fa6b618-ecc1-4831-80a7-5b838334a4af to null at term 1 for initElection
2019-10-03 08:33:01,524 [e3fb16e0-7066-4756-a24b-fa8bee236c7d@group-83C2B07EA132-LeaderElection80] INFO  impl.LeaderElection (LeaderElection.java:askForVotes(178)) - e3fb16e0-7066-4756-a24b-fa8bee236c7d@group-83C2B07EA132-LeaderElection80: begin an election at term 2 for 0: [e3fb16e0-7066-4756-a24b-fa8bee236c7d:192.168.151.103:40888, 8fa6b618-ecc1-4831-80a7-5b838334a4af:192.168.151.103:41124, 072f5f93-30cd-441c-b95e-93d65198a03a:192.168.151.103:36662], old=null
2019-10-03 08:33:01,524 [072f5f93-30cd-441c-b95e-93d65198a03a@group-83C2B07EA132-LeaderElection81] INFO  impl.LeaderElection (LeaderElection.java:askForVotes(178)) - 072f5f93-30cd-441c-b95e-93d65198a03a@group-83C2B07EA132-LeaderElection81: begin an election at term 2 for 0: [e3fb16e0-7066-4756-a24b-fa8bee236c7d:192.168.151.103:40888, 8fa6b618-ecc1-4831-80a7-5b838334a4af:192.168.151.103:41124, 072f5f93-30cd-441c-b95e-93d65198a03a:192.168.151.103:36662], old=null
2019-10-03 08:33:01,527 [072f5f93-30cd-441c-b95e-93d65198a03a@group-83C2B07EA132-LeaderElection81] INFO  impl.LeaderElection (LogUtils.java:infoOrTrace(149)) - 072f5f93-30cd-441c-b95e-93d65198a03a@group-83C2B07EA132-LeaderElection81 got exception when requesting votes: {}
java.util.concurrent.ExecutionException: org.apache.ratis.thirdparty.io.grpc.StatusRuntimeException: UNAVAILABLE: io exception
	at java.util.concurrent.FutureTask.report(FutureTask.java:122)
	at java.util.concurrent.FutureTask.get(FutureTask.java:192)
	at org.apache.ratis.server.impl.LeaderElection.waitForResults(LeaderElection.java:259)
	at org.apache.ratis.server.impl.LeaderElection.askForVotes(LeaderElection.java:197)
	at org.apache.ratis.server.impl.LeaderElection.run(LeaderElection.java:133)
	at java.lang.Thread.run(Thread.java:748)
Caused by: org.apache.ratis.thirdparty.io.grpc.StatusRuntimeException: UNAVAILABLE: io exception
	at org.apache.ratis.thirdparty.io.grpc.stub.ClientCalls.toStatusRuntimeException(ClientCalls.java:233)
	at org.apache.ratis.thirdparty.io.grpc.stub.ClientCalls.getUnchecked(ClientCalls.java:214)
	at org.apache.ratis.thirdparty.io.grpc.stub.ClientCalls.blockingUnaryCall(ClientCalls.java:139)
	at org.apache.ratis.proto.grpc.RaftServerProtocolServiceGrpc$RaftServerProtocolServiceBlockingStub.requestVote(RaftServerProtocolServiceGrpc.java:265)
	at org.apache.ratis.grpc.server.GrpcServerProtocolClient.requestVote(GrpcServerProtocolClient.java:99)
	at org.apache.ratis.grpc.server.GrpcService.requestVote(GrpcService.java:204)
	at org.apache.ratis.server.impl.LeaderElection.lambda$submitRequests$1(LeaderElection.java:234)
	at java.util.concurrent.FutureTask.run(FutureTask.java:266)
	at java.util.concurrent.Executors$RunnableAdapter.call(Executors.java:511)
	at java.util.concurrent.FutureTask.run(FutureTask.java:266)
	at java.util.concurrent.ThreadPoolExecutor.runWorker(ThreadPoolExecutor.java:1149)
	at java.util.concurrent.ThreadPoolExecutor$Worker.run(ThreadPoolExecutor.java:624)
	... 1 more
Caused by: org.apache.ratis.thirdparty.io.netty.channel.AbstractChannel$AnnotatedConnectException: Connection refused: /192.168.151.103:41124
	at sun.nio.ch.SocketChannelImpl.checkConnect(Native Method)
	at sun.nio.ch.SocketChannelImpl.finishConnect(SocketChannelImpl.java:717)
	at org.apache.ratis.thirdparty.io.netty.channel.socket.nio.NioSocketChannel.doFinishConnect(NioSocketChannel.java:327)
	at org.apache.ratis.thirdparty.io.netty.channel.nio.AbstractNioChannel$AbstractNioUnsafe.finishConnect(AbstractNioChannel.java:340)
	at org.apache.ratis.thirdparty.io.netty.channel.nio.NioEventLoop.processSelectedKey(NioEventLoop.java:632)
	at org.apache.ratis.thirdparty.io.netty.channel.nio.NioEventLoop.processSelectedKeysOptimized(NioEventLoop.java:579)
	at org.apache.ratis.thirdparty.io.netty.channel.nio.NioEventLoop.processSelectedKeys(NioEventLoop.java:496)
	at org.apache.ratis.thirdparty.io.netty.channel.nio.NioEventLoop.run(NioEventLoop.java:458)
	at org.apache.ratis.thirdparty.io.netty.util.concurrent.SingleThreadEventExecutor$5.run(SingleThreadEventExecutor.java:897)
	at org.apache.ratis.thirdparty.io.netty.util.concurrent.FastThreadLocalRunnable.run(FastThreadLocalRunnable.java:30)
	... 1 more
Caused by: java.net.ConnectException: Connection refused
	... 11 more
2019-10-03 08:33:01,529 [e3fb16e0-7066-4756-a24b-fa8bee236c7d@group-83C2B07EA132-LeaderElection80] INFO  impl.LeaderElection (LogUtils.java:infoOrTrace(149)) - e3fb16e0-7066-4756-a24b-fa8bee236c7d@group-83C2B07EA132-LeaderElection80 got exception when requesting votes: {}
java.util.concurrent.ExecutionException: org.apache.ratis.thirdparty.io.grpc.StatusRuntimeException: UNAVAILABLE: io exception
	at java.util.concurrent.FutureTask.report(FutureTask.java:122)
	at java.util.concurrent.FutureTask.get(FutureTask.java:192)
	at org.apache.ratis.server.impl.LeaderElection.waitForResults(LeaderElection.java:259)
	at org.apache.ratis.server.impl.LeaderElection.askForVotes(LeaderElection.java:197)
	at org.apache.ratis.server.impl.LeaderElection.run(LeaderElection.java:133)
	at java.lang.Thread.run(Thread.java:748)
Caused by: org.apache.ratis.thirdparty.io.grpc.StatusRuntimeException: UNAVAILABLE: io exception
	at org.apache.ratis.thirdparty.io.grpc.stub.ClientCalls.toStatusRuntimeException(ClientCalls.java:233)
	at org.apache.ratis.thirdparty.io.grpc.stub.ClientCalls.getUnchecked(ClientCalls.java:214)
	at org.apache.ratis.thirdparty.io.grpc.stub.ClientCalls.blockingUnaryCall(ClientCalls.java:139)
	at org.apache.ratis.proto.grpc.RaftServerProtocolServiceGrpc$RaftServerProtocolServiceBlockingStub.requestVote(RaftServerProtocolServiceGrpc.java:265)
	at org.apache.ratis.grpc.server.GrpcServerProtocolClient.requestVote(GrpcServerProtocolClient.java:99)
	at org.apache.ratis.grpc.server.GrpcService.requestVote(GrpcService.java:204)
	at org.apache.ratis.server.impl.LeaderElection.lambda$submitRequests$1(LeaderElection.java:234)
	at java.util.concurrent.FutureTask.run(FutureTask.java:266)
	at java.util.concurrent.Executors$RunnableAdapter.call(Executors.java:511)
	at java.util.concurrent.FutureTask.run(FutureTask.java:266)
	at java.util.concurrent.ThreadPoolExecutor.runWorker(ThreadPoolExecutor.java:1149)
	at java.util.concurrent.ThreadPoolExecutor$Worker.run(ThreadPoolExecutor.java:624)
	... 1 more
Caused by: org.apache.ratis.thirdparty.io.netty.channel.AbstractChannel$AnnotatedConnectException: Connection refused: /192.168.151.103:41124
	at sun.nio.ch.SocketChannelImpl.checkConnect(Native Method)
	at sun.nio.ch.SocketChannelImpl.finishConnect(SocketChannelImpl.java:717)
	at org.apache.ratis.thirdparty.io.netty.channel.socket.nio.NioSocketChannel.doFinishConnect(NioSocketChannel.java:327)
	at org.apache.ratis.thirdparty.io.netty.channel.nio.AbstractNioChannel$AbstractNioUnsafe.finishConnect(AbstractNioChannel.java:340)
	at org.apache.ratis.thirdparty.io.netty.channel.nio.NioEventLoop.processSelectedKey(NioEventLoop.java:632)
	at org.apache.ratis.thirdparty.io.netty.channel.nio.NioEventLoop.processSelectedKeysOptimized(NioEventLoop.java:579)
	at org.apache.ratis.thirdparty.io.netty.channel.nio.NioEventLoop.processSelectedKeys(NioEventLoop.java:496)
	at org.apache.ratis.thirdparty.io.netty.channel.nio.NioEventLoop.run(NioEventLoop.java:458)
	at org.apache.ratis.thirdparty.io.netty.util.concurrent.SingleThreadEventExecutor$5.run(SingleThreadEventExecutor.java:897)
	at org.apache.ratis.thirdparty.io.netty.util.concurrent.FastThreadLocalRunnable.run(FastThreadLocalRunnable.java:30)
	... 1 more
Caused by: java.net.ConnectException: Connection refused
	... 11 more
2019-10-03 08:33:01,533 [e3fb16e0-7066-4756-a24b-fa8bee236c7d@group-83C2B07EA132-LeaderElection80] INFO  impl.LeaderElection (LeaderElection.java:logAndReturn(56)) - e3fb16e0-7066-4756-a24b-fa8bee236c7d@group-83C2B07EA132-LeaderElection80: Election REJECTED; received 1 response(s) [e3fb16e0-7066-4756-a24b-fa8bee236c7d<-072f5f93-30cd-441c-b95e-93d65198a03a#0:FAIL-t2] and 1 exception(s); e3fb16e0-7066-4756-a24b-fa8bee236c7d@group-83C2B07EA132:t2, leader=null, voted=e3fb16e0-7066-4756-a24b-fa8bee236c7d, raftlog=e3fb16e0-7066-4756-a24b-fa8bee236c7d@group-83C2B07EA132-SegmentedRaftLog:OPENED:c15,f15,i15, conf=0: [e3fb16e0-7066-4756-a24b-fa8bee236c7d:192.168.151.103:40888, 8fa6b618-ecc1-4831-80a7-5b838334a4af:192.168.151.103:41124, 072f5f93-30cd-441c-b95e-93d65198a03a:192.168.151.103:36662], old=null
2019-10-03 08:33:01,533 [e3fb16e0-7066-4756-a24b-fa8bee236c7d@group-83C2B07EA132-LeaderElection80] INFO  impl.LeaderElection (LogUtils.java:infoOrTrace(149)) -   Exception 0: {}
java.util.concurrent.ExecutionException: org.apache.ratis.thirdparty.io.grpc.StatusRuntimeException: UNAVAILABLE: io exception
	at java.util.concurrent.FutureTask.report(FutureTask.java:122)
	at java.util.concurrent.FutureTask.get(FutureTask.java:192)
	at org.apache.ratis.server.impl.LeaderElection.waitForResults(LeaderElection.java:259)
	at org.apache.ratis.server.impl.LeaderElection.askForVotes(LeaderElection.java:197)
	at org.apache.ratis.server.impl.LeaderElection.run(LeaderElection.java:133)
	at java.lang.Thread.run(Thread.java:748)
Caused by: org.apache.ratis.thirdparty.io.grpc.StatusRuntimeException: UNAVAILABLE: io exception
	at org.apache.ratis.thirdparty.io.grpc.stub.ClientCalls.toStatusRuntimeException(ClientCalls.java:233)
	at org.apache.ratis.thirdparty.io.grpc.stub.ClientCalls.getUnchecked(ClientCalls.java:214)
	at org.apache.ratis.thirdparty.io.grpc.stub.ClientCalls.blockingUnaryCall(ClientCalls.java:139)
	at org.apache.ratis.proto.grpc.RaftServerProtocolServiceGrpc$RaftServerProtocolServiceBlockingStub.requestVote(RaftServerProtocolServiceGrpc.java:265)
	at org.apache.ratis.grpc.server.GrpcServerProtocolClient.requestVote(GrpcServerProtocolClient.java:99)
	at org.apache.ratis.grpc.server.GrpcService.requestVote(GrpcService.java:204)
	at org.apache.ratis.server.impl.LeaderElection.lambda$submitRequests$1(LeaderElection.java:234)
	at java.util.concurrent.FutureTask.run(FutureTask.java:266)
	at java.util.concurrent.Executors$RunnableAdapter.call(Executors.java:511)
	at java.util.concurrent.FutureTask.run(FutureTask.java:266)
	at java.util.concurrent.ThreadPoolExecutor.runWorker(ThreadPoolExecutor.java:1149)
	at java.util.concurrent.ThreadPoolExecutor$Worker.run(ThreadPoolExecutor.java:624)
	... 1 more
Caused by: org.apache.ratis.thirdparty.io.netty.channel.AbstractChannel$AnnotatedConnectException: Connection refused: /192.168.151.103:41124
	at sun.nio.ch.SocketChannelImpl.checkConnect(Native Method)
	at sun.nio.ch.SocketChannelImpl.finishConnect(SocketChannelImpl.java:717)
	at org.apache.ratis.thirdparty.io.netty.channel.socket.nio.NioSocketChannel.doFinishConnect(NioSocketChannel.java:327)
	at org.apache.ratis.thirdparty.io.netty.channel.nio.AbstractNioChannel$AbstractNioUnsafe.finishConnect(AbstractNioChannel.java:340)
	at org.apache.ratis.thirdparty.io.netty.channel.nio.NioEventLoop.processSelectedKey(NioEventLoop.java:632)
	at org.apache.ratis.thirdparty.io.netty.channel.nio.NioEventLoop.processSelectedKeysOptimized(NioEventLoop.java:579)
	at org.apache.ratis.thirdparty.io.netty.channel.nio.NioEventLoop.processSelectedKeys(NioEventLoop.java:496)
	at org.apache.ratis.thirdparty.io.netty.channel.nio.NioEventLoop.run(NioEventLoop.java:458)
	at org.apache.ratis.thirdparty.io.netty.util.concurrent.SingleThreadEventExecutor$5.run(SingleThreadEventExecutor.java:897)
	at org.apache.ratis.thirdparty.io.netty.util.concurrent.FastThreadLocalRunnable.run(FastThreadLocalRunnable.java:30)
	... 1 more
Caused by: java.net.ConnectException: Connection refused
	... 11 more
2019-10-03 08:33:01,533 [e3fb16e0-7066-4756-a24b-fa8bee236c7d@group-83C2B07EA132-LeaderElection80] INFO  impl.RaftServerImpl (RaftServerImpl.java:setRole(170)) - e3fb16e0-7066-4756-a24b-fa8bee236c7d@group-83C2B07EA132: changes role from CANDIDATE to FOLLOWER at term 2 for DISCOVERED_A_NEW_TERM
2019-10-03 08:33:01,533 [e3fb16e0-7066-4756-a24b-fa8bee236c7d@group-83C2B07EA132-LeaderElection80] INFO  impl.RoleInfo (RoleInfo.java:shutdownLeaderElection(134)) - e3fb16e0-7066-4756-a24b-fa8bee236c7d: shutdown LeaderElection
2019-10-03 08:33:01,534 [e3fb16e0-7066-4756-a24b-fa8bee236c7d@group-83C2B07EA132-LeaderElection80] INFO  impl.RoleInfo (RoleInfo.java:updateAndGet(143)) - e3fb16e0-7066-4756-a24b-fa8bee236c7d: start FollowerState
2019-10-03 08:33:01,534 [072f5f93-30cd-441c-b95e-93d65198a03a@group-83C2B07EA132-LeaderElection81] INFO  impl.LeaderElection (LeaderElection.java:logAndReturn(56)) - 072f5f93-30cd-441c-b95e-93d65198a03a@group-83C2B07EA132-LeaderElection81: Election REJECTED; received 1 response(s) [072f5f93-30cd-441c-b95e-93d65198a03a<-e3fb16e0-7066-4756-a24b-fa8bee236c7d#0:FAIL-t2] and 1 exception(s); 072f5f93-30cd-441c-b95e-93d65198a03a@group-83C2B07EA132:t2, leader=null, voted=072f5f93-30cd-441c-b95e-93d65198a03a, raftlog=072f5f93-30cd-441c-b95e-93d65198a03a@group-83C2B07EA132-SegmentedRaftLog:OPENED:c15,f15,i15, conf=0: [e3fb16e0-7066-4756-a24b-fa8bee236c7d:192.168.151.103:40888, 8fa6b618-ecc1-4831-80a7-5b838334a4af:192.168.151.103:41124, 072f5f93-30cd-441c-b95e-93d65198a03a:192.168.151.103:36662], old=null
2019-10-03 08:33:01,536 [072f5f93-30cd-441c-b95e-93d65198a03a@group-83C2B07EA132-LeaderElection81] INFO  impl.LeaderElection (LogUtils.java:infoOrTrace(149)) -   Exception 0: {}
java.util.concurrent.ExecutionException: org.apache.ratis.thirdparty.io.grpc.StatusRuntimeException: UNAVAILABLE: io exception
	at java.util.concurrent.FutureTask.report(FutureTask.java:122)
	at java.util.concurrent.FutureTask.get(FutureTask.java:192)
	at org.apache.ratis.server.impl.LeaderElection.waitForResults(LeaderElection.java:259)
	at org.apache.ratis.server.impl.LeaderElection.askForVotes(LeaderElection.java:197)
	at org.apache.ratis.server.impl.LeaderElection.run(LeaderElection.java:133)
	at java.lang.Thread.run(Thread.java:748)
Caused by: org.apache.ratis.thirdparty.io.grpc.StatusRuntimeException: UNAVAILABLE: io exception
	at org.apache.ratis.thirdparty.io.grpc.stub.ClientCalls.toStatusRuntimeException(ClientCalls.java:233)
	at org.apache.ratis.thirdparty.io.grpc.stub.ClientCalls.getUnchecked(ClientCalls.java:214)
	at org.apache.ratis.thirdparty.io.grpc.stub.ClientCalls.blockingUnaryCall(ClientCalls.java:139)
	at org.apache.ratis.proto.grpc.RaftServerProtocolServiceGrpc$RaftServerProtocolServiceBlockingStub.requestVote(RaftServerProtocolServiceGrpc.java:265)
	at org.apache.ratis.grpc.server.GrpcServerProtocolClient.requestVote(GrpcServerProtocolClient.java:99)
	at org.apache.ratis.grpc.server.GrpcService.requestVote(GrpcService.java:204)
	at org.apache.ratis.server.impl.LeaderElection.lambda$submitRequests$1(LeaderElection.java:234)
	at java.util.concurrent.FutureTask.run(FutureTask.java:266)
	at java.util.concurrent.Executors$RunnableAdapter.call(Executors.java:511)
	at java.util.concurrent.FutureTask.run(FutureTask.java:266)
	at java.util.concurrent.ThreadPoolExecutor.runWorker(ThreadPoolExecutor.java:1149)
	at java.util.concurrent.ThreadPoolExecutor$Worker.run(ThreadPoolExecutor.java:624)
	... 1 more
Caused by: org.apache.ratis.thirdparty.io.netty.channel.AbstractChannel$AnnotatedConnectException: Connection refused: /192.168.151.103:41124
	at sun.nio.ch.SocketChannelImpl.checkConnect(Native Method)
	at sun.nio.ch.SocketChannelImpl.finishConnect(SocketChannelImpl.java:717)
	at org.apache.ratis.thirdparty.io.netty.channel.socket.nio.NioSocketChannel.doFinishConnect(NioSocketChannel.java:327)
	at org.apache.ratis.thirdparty.io.netty.channel.nio.AbstractNioChannel$AbstractNioUnsafe.finishConnect(AbstractNioChannel.java:340)
	at org.apache.ratis.thirdparty.io.netty.channel.nio.NioEventLoop.processSelectedKey(NioEventLoop.java:632)
	at org.apache.ratis.thirdparty.io.netty.channel.nio.NioEventLoop.processSelectedKeysOptimized(NioEventLoop.java:579)
	at org.apache.ratis.thirdparty.io.netty.channel.nio.NioEventLoop.processSelectedKeys(NioEventLoop.java:496)
	at org.apache.ratis.thirdparty.io.netty.channel.nio.NioEventLoop.run(NioEventLoop.java:458)
	at org.apache.ratis.thirdparty.io.netty.util.concurrent.SingleThreadEventExecutor$5.run(SingleThreadEventExecutor.java:897)
	at org.apache.ratis.thirdparty.io.netty.util.concurrent.FastThreadLocalRunnable.run(FastThreadLocalRunnable.java:30)
	... 1 more
Caused by: java.net.ConnectException: Connection refused
	... 11 more
2019-10-03 08:33:01,536 [072f5f93-30cd-441c-b95e-93d65198a03a@group-83C2B07EA132-LeaderElection81] INFO  impl.RaftServerImpl (RaftServerImpl.java:setRole(170)) - 072f5f93-30cd-441c-b95e-93d65198a03a@group-83C2B07EA132: changes role from CANDIDATE to FOLLOWER at term 2 for DISCOVERED_A_NEW_TERM
2019-10-03 08:33:01,536 [072f5f93-30cd-441c-b95e-93d65198a03a@group-83C2B07EA132-LeaderElection81] INFO  impl.RoleInfo (RoleInfo.java:shutdownLeaderElection(134)) - 072f5f93-30cd-441c-b95e-93d65198a03a: shutdown LeaderElection
2019-10-03 08:33:01,536 [072f5f93-30cd-441c-b95e-93d65198a03a@group-83C2B07EA132-LeaderElection81] INFO  impl.RoleInfo (RoleInfo.java:updateAndGet(143)) - 072f5f93-30cd-441c-b95e-93d65198a03a: start FollowerState
2019-10-03 08:33:06,618 [Thread-3282] INFO  impl.FollowerState (FollowerState.java:run(108)) - e3fb16e0-7066-4756-a24b-fa8bee236c7d@group-83C2B07EA132-FollowerState: change to CANDIDATE, lastRpcTime:5084ms, electionTimeout:5082ms
2019-10-03 08:33:06,623 [Thread-3282] INFO  impl.RoleInfo (RoleInfo.java:shutdownFollowerState(121)) - e3fb16e0-7066-4756-a24b-fa8bee236c7d: shutdown FollowerState
2019-10-03 08:33:06,623 [Thread-3282] INFO  impl.RaftServerImpl (RaftServerImpl.java:setRole(170)) - e3fb16e0-7066-4756-a24b-fa8bee236c7d@group-83C2B07EA132: changes role from  FOLLOWER to CANDIDATE at term 2 for changeToCandidate
2019-10-03 08:33:06,623 [Thread-3282] INFO  impl.RoleInfo (RoleInfo.java:updateAndGet(143)) - e3fb16e0-7066-4756-a24b-fa8bee236c7d: start LeaderElection
2019-10-03 08:33:06,640 [e3fb16e0-7066-4756-a24b-fa8bee236c7d@group-83C2B07EA132-LeaderElection82] INFO  impl.LeaderElection (LeaderElection.java:askForVotes(178)) - e3fb16e0-7066-4756-a24b-fa8bee236c7d@group-83C2B07EA132-LeaderElection82: begin an election at term 3 for 0: [e3fb16e0-7066-4756-a24b-fa8bee236c7d:192.168.151.103:40888, 8fa6b618-ecc1-4831-80a7-5b838334a4af:192.168.151.103:41124, 072f5f93-30cd-441c-b95e-93d65198a03a:192.168.151.103:36662], old=null
2019-10-03 08:33:06,641 [e3fb16e0-7066-4756-a24b-fa8bee236c7d@group-83C2B07EA132-LeaderElection82] INFO  impl.LeaderElection (LogUtils.java:infoOrTrace(149)) - e3fb16e0-7066-4756-a24b-fa8bee236c7d@group-83C2B07EA132-LeaderElection82 got exception when requesting votes: {}
java.util.concurrent.ExecutionException: org.apache.ratis.thirdparty.io.grpc.StatusRuntimeException: UNAVAILABLE: io exception
	at java.util.concurrent.FutureTask.report(FutureTask.java:122)
	at java.util.concurrent.FutureTask.get(FutureTask.java:192)
	at org.apache.ratis.server.impl.LeaderElection.waitForResults(LeaderElection.java:259)
	at org.apache.ratis.server.impl.LeaderElection.askForVotes(LeaderElection.java:197)
	at org.apache.ratis.server.impl.LeaderElection.run(LeaderElection.java:133)
	at java.lang.Thread.run(Thread.java:748)
Caused by: org.apache.ratis.thirdparty.io.grpc.StatusRuntimeException: UNAVAILABLE: io exception
	at org.apache.ratis.thirdparty.io.grpc.stub.ClientCalls.toStatusRuntimeException(ClientCalls.java:233)
	at org.apache.ratis.thirdparty.io.grpc.stub.ClientCalls.getUnchecked(ClientCalls.java:214)
	at org.apache.ratis.thirdparty.io.grpc.stub.ClientCalls.blockingUnaryCall(ClientCalls.java:139)
	at org.apache.ratis.proto.grpc.RaftServerProtocolServiceGrpc$RaftServerProtocolServiceBlockingStub.requestVote(RaftServerProtocolServiceGrpc.java:265)
	at org.apache.ratis.grpc.server.GrpcServerProtocolClient.requestVote(GrpcServerProtocolClient.java:99)
	at org.apache.ratis.grpc.server.GrpcService.requestVote(GrpcService.java:204)
	at org.apache.ratis.server.impl.LeaderElection.lambda$submitRequests$1(LeaderElection.java:234)
	at java.util.concurrent.FutureTask.run(FutureTask.java:266)
	at java.util.concurrent.Executors$RunnableAdapter.call(Executors.java:511)
	at java.util.concurrent.FutureTask.run(FutureTask.java:266)
	at java.util.concurrent.ThreadPoolExecutor.runWorker(ThreadPoolExecutor.java:1149)
	at java.util.concurrent.ThreadPoolExecutor$Worker.run(ThreadPoolExecutor.java:624)
	... 1 more
Caused by: org.apache.ratis.thirdparty.io.netty.channel.AbstractChannel$AnnotatedConnectException: Connection refused: /192.168.151.103:41124
	at sun.nio.ch.SocketChannelImpl.checkConnect(Native Method)
	at sun.nio.ch.SocketChannelImpl.finishConnect(SocketChannelImpl.java:717)
	at org.apache.ratis.thirdparty.io.netty.channel.socket.nio.NioSocketChannel.doFinishConnect(NioSocketChannel.java:327)
	at org.apache.ratis.thirdparty.io.netty.channel.nio.AbstractNioChannel$AbstractNioUnsafe.finishConnect(AbstractNioChannel.java:340)
	at org.apache.ratis.thirdparty.io.netty.channel.nio.NioEventLoop.processSelectedKey(NioEventLoop.java:632)
	at org.apache.ratis.thirdparty.io.netty.channel.nio.NioEventLoop.processSelectedKeysOptimized(NioEventLoop.java:579)
	at org.apache.ratis.thirdparty.io.netty.channel.nio.NioEventLoop.processSelectedKeys(NioEventLoop.java:496)
	at org.apache.ratis.thirdparty.io.netty.channel.nio.NioEventLoop.run(NioEventLoop.java:458)
	at org.apache.ratis.thirdparty.io.netty.util.concurrent.SingleThreadEventExecutor$5.run(SingleThreadEventExecutor.java:897)
	at org.apache.ratis.thirdparty.io.netty.util.concurrent.FastThreadLocalRunnable.run(FastThreadLocalRunnable.java:30)
	... 1 more
Caused by: java.net.ConnectException: Connection refused
	... 11 more
2019-10-03 08:33:06,644 [grpc-default-executor-8] INFO  impl.RaftServerImpl (RaftServerImpl.java:setRole(170)) - 072f5f93-30cd-441c-b95e-93d65198a03a@group-83C2B07EA132: changes role from  FOLLOWER to FOLLOWER at term 3 for recognizeCandidate:e3fb16e0-7066-4756-a24b-fa8bee236c7d
2019-10-03 08:33:06,644 [grpc-default-executor-8] INFO  impl.RoleInfo (RoleInfo.java:shutdownFollowerState(121)) - 072f5f93-30cd-441c-b95e-93d65198a03a: shutdown FollowerState
2019-10-03 08:33:06,645 [grpc-default-executor-8] INFO  impl.RoleInfo (RoleInfo.java:updateAndGet(143)) - 072f5f93-30cd-441c-b95e-93d65198a03a: start FollowerState
2019-10-03 08:33:06,645 [Thread-3283] INFO  impl.FollowerState (FollowerState.java:run(117)) - 072f5f93-30cd-441c-b95e-93d65198a03a@group-83C2B07EA132-FollowerState was interrupted: java.lang.InterruptedException: sleep interrupted
2019-10-03 08:33:06,660 [e3fb16e0-7066-4756-a24b-fa8bee236c7d@group-83C2B07EA132-LeaderElection82] INFO  impl.LeaderElection (LeaderElection.java:logAndReturn(56)) - e3fb16e0-7066-4756-a24b-fa8bee236c7d@group-83C2B07EA132-LeaderElection82: Election PASSED; received 1 response(s) [e3fb16e0-7066-4756-a24b-fa8bee236c7d<-072f5f93-30cd-441c-b95e-93d65198a03a#0:OK-t3] and 1 exception(s); e3fb16e0-7066-4756-a24b-fa8bee236c7d@group-83C2B07EA132:t3, leader=null, voted=e3fb16e0-7066-4756-a24b-fa8bee236c7d, raftlog=e3fb16e0-7066-4756-a24b-fa8bee236c7d@group-83C2B07EA132-SegmentedRaftLog:OPENED:c15,f15,i15, conf=0: [e3fb16e0-7066-4756-a24b-fa8bee236c7d:192.168.151.103:40888, 8fa6b618-ecc1-4831-80a7-5b838334a4af:192.168.151.103:41124, 072f5f93-30cd-441c-b95e-93d65198a03a:192.168.151.103:36662], old=null
2019-10-03 08:33:06,661 [e3fb16e0-7066-4756-a24b-fa8bee236c7d@group-83C2B07EA132-LeaderElection82] INFO  impl.LeaderElection (LogUtils.java:infoOrTrace(149)) -   Exception 0: {}
java.util.concurrent.ExecutionException: org.apache.ratis.thirdparty.io.grpc.StatusRuntimeException: UNAVAILABLE: io exception
	at java.util.concurrent.FutureTask.report(FutureTask.java:122)
	at java.util.concurrent.FutureTask.get(FutureTask.java:192)
	at org.apache.ratis.server.impl.LeaderElection.waitForResults(LeaderElection.java:259)
	at org.apache.ratis.server.impl.LeaderElection.askForVotes(LeaderElection.java:197)
	at org.apache.ratis.server.impl.LeaderElection.run(LeaderElection.java:133)
	at java.lang.Thread.run(Thread.java:748)
Caused by: org.apache.ratis.thirdparty.io.grpc.StatusRuntimeException: UNAVAILABLE: io exception
	at org.apache.ratis.thirdparty.io.grpc.stub.ClientCalls.toStatusRuntimeException(ClientCalls.java:233)
	at org.apache.ratis.thirdparty.io.grpc.stub.ClientCalls.getUnchecked(ClientCalls.java:214)
	at org.apache.ratis.thirdparty.io.grpc.stub.ClientCalls.blockingUnaryCall(ClientCalls.java:139)
	at org.apache.ratis.proto.grpc.RaftServerProtocolServiceGrpc$RaftServerProtocolServiceBlockingStub.requestVote(RaftServerProtocolServiceGrpc.java:265)
	at org.apache.ratis.grpc.server.GrpcServerProtocolClient.requestVote(GrpcServerProtocolClient.java:99)
	at org.apache.ratis.grpc.server.GrpcService.requestVote(GrpcService.java:204)
	at org.apache.ratis.server.impl.LeaderElection.lambda$submitRequests$1(LeaderElection.java:234)
	at java.util.concurrent.FutureTask.run(FutureTask.java:266)
	at java.util.concurrent.Executors$RunnableAdapter.call(Executors.java:511)
	at java.util.concurrent.FutureTask.run(FutureTask.java:266)
	at java.util.concurrent.ThreadPoolExecutor.runWorker(ThreadPoolExecutor.java:1149)
	at java.util.concurrent.ThreadPoolExecutor$Worker.run(ThreadPoolExecutor.java:624)
	... 1 more
Caused by: org.apache.ratis.thirdparty.io.netty.channel.AbstractChannel$AnnotatedConnectException: Connection refused: /192.168.151.103:41124
	at sun.nio.ch.SocketChannelImpl.checkConnect(Native Method)
	at sun.nio.ch.SocketChannelImpl.finishConnect(SocketChannelImpl.java:717)
	at org.apache.ratis.thirdparty.io.netty.channel.socket.nio.NioSocketChannel.doFinishConnect(NioSocketChannel.java:327)
	at org.apache.ratis.thirdparty.io.netty.channel.nio.AbstractNioChannel$AbstractNioUnsafe.finishConnect(AbstractNioChannel.java:340)
	at org.apache.ratis.thirdparty.io.netty.channel.nio.NioEventLoop.processSelectedKey(NioEventLoop.java:632)
	at org.apache.ratis.thirdparty.io.netty.channel.nio.NioEventLoop.processSelectedKeysOptimized(NioEventLoop.java:579)
	at org.apache.ratis.thirdparty.io.netty.channel.nio.NioEventLoop.processSelectedKeys(NioEventLoop.java:496)
	at org.apache.ratis.thirdparty.io.netty.channel.nio.NioEventLoop.run(NioEventLoop.java:458)
	at org.apache.ratis.thirdparty.io.netty.util.concurrent.SingleThreadEventExecutor$5.run(SingleThreadEventExecutor.java:897)
	at org.apache.ratis.thirdparty.io.netty.util.concurrent.FastThreadLocalRunnable.run(FastThreadLocalRunnable.java:30)
	... 1 more
Caused by: java.net.ConnectException: Connection refused
	... 11 more
2019-10-03 08:33:06,661 [e3fb16e0-7066-4756-a24b-fa8bee236c7d@group-83C2B07EA132-LeaderElection82] INFO  impl.RoleInfo (RoleInfo.java:shutdownLeaderElection(134)) - e3fb16e0-7066-4756-a24b-fa8bee236c7d: shutdown LeaderElection
2019-10-03 08:33:06,661 [e3fb16e0-7066-4756-a24b-fa8bee236c7d@group-83C2B07EA132-LeaderElection82] INFO  impl.RaftServerImpl (RaftServerImpl.java:setRole(170)) - e3fb16e0-7066-4756-a24b-fa8bee236c7d@group-83C2B07EA132: changes role from CANDIDATE to LEADER at term 3 for changeToLeader
2019-10-03 08:33:06,661 [e3fb16e0-7066-4756-a24b-fa8bee236c7d@group-83C2B07EA132-LeaderElection82] INFO  impl.RaftServerImpl (ServerState.java:setLeader(255)) - e3fb16e0-7066-4756-a24b-fa8bee236c7d@group-83C2B07EA132: change Leader from null to e3fb16e0-7066-4756-a24b-fa8bee236c7d at term 3 for becomeLeader, leader elected after 5152ms
2019-10-03 08:33:06,662 [e3fb16e0-7066-4756-a24b-fa8bee236c7d@group-83C2B07EA132-LeaderElection82] INFO  server.RaftServerConfigKeys (ConfUtils.java:logGet(43)) - raft.server.staging.catchup.gap = 1000 (default)
2019-10-03 08:33:06,662 [e3fb16e0-7066-4756-a24b-fa8bee236c7d@group-83C2B07EA132-LeaderElection82] INFO  server.RaftServerConfigKeys (ConfUtils.java:logGet(43)) - raft.server.rpc.sleep.time = 25ms (default)
2019-10-03 08:33:06,662 [e3fb16e0-7066-4756-a24b-fa8bee236c7d@group-83C2B07EA132-LeaderElection82] INFO  server.RaftServerConfigKeys (ConfUtils.java:logGet(43)) - raft.server.write.element-limit = 4096 (default)
2019-10-03 08:33:06,662 [e3fb16e0-7066-4756-a24b-fa8bee236c7d@group-83C2B07EA132-LeaderElection82] INFO  server.RaftServerConfigKeys (ConfUtils.java:logGet(43)) - raft.server.watch.timeout = 10s (default)
2019-10-03 08:33:06,662 [e3fb16e0-7066-4756-a24b-fa8bee236c7d@group-83C2B07EA132-LeaderElection82] INFO  server.RaftServerConfigKeys (ConfUtils.java:logGet(43)) - raft.server.watch.timeout.denomination = 1s (default)
2019-10-03 08:33:06,662 [e3fb16e0-7066-4756-a24b-fa8bee236c7d@group-83C2B07EA132-LeaderElection82] INFO  server.RaftServerConfigKeys (ConfUtils.java:logGet(43)) - raft.server.watch.element-limit = 65536 (default)
2019-10-03 08:33:06,666 [e3fb16e0-7066-4756-a24b-fa8bee236c7d@group-83C2B07EA132-LeaderElection82] INFO  server.RaftServerConfigKeys (ConfUtils.java:logGet(43)) - raft.server.log.appender.snapshot.chunk.size.max = 16MB (=16777216) (default)
2019-10-03 08:33:06,666 [e3fb16e0-7066-4756-a24b-fa8bee236c7d@group-83C2B07EA132-LeaderElection82] INFO  server.RaftServerConfigKeys (ConfUtils.java:logGet(43)) - raft.server.log.appender.buffer.byte-limit = 33554432 (custom)
2019-10-03 08:33:06,666 [e3fb16e0-7066-4756-a24b-fa8bee236c7d@group-83C2B07EA132-LeaderElection82] INFO  server.RaftServerConfigKeys (ConfUtils.java:logGet(43)) - raft.server.log.appender.buffer.element-limit = 1 (custom)
2019-10-03 08:33:06,666 [e3fb16e0-7066-4756-a24b-fa8bee236c7d@group-83C2B07EA132-LeaderElection82] INFO  grpc.GrpcConfigKeys$Server (ConfUtils.java:logGet(43)) - raft.grpc.server.leader.outstanding.appends.max = 128 (default)
2019-10-03 08:33:06,667 [e3fb16e0-7066-4756-a24b-fa8bee236c7d@group-83C2B07EA132-LeaderElection82] INFO  server.RaftServerConfigKeys (ConfUtils.java:logGet(43)) - raft.server.rpc.request.timeout = 3000ms (default)
2019-10-03 08:33:06,667 [e3fb16e0-7066-4756-a24b-fa8bee236c7d@group-83C2B07EA132-LeaderElection82] INFO  server.RaftServerConfigKeys (ConfUtils.java:logGet(43)) - raft.server.log.appender.install.snapshot.enabled = false (custom)
2019-10-03 08:33:06,667 [e3fb16e0-7066-4756-a24b-fa8bee236c7d@group-83C2B07EA132-LeaderElection82] INFO  server.RaftServerConfigKeys (ConfUtils.java:logGet(43)) - raft.server.log.appender.snapshot.chunk.size.max = 16MB (=16777216) (default)
2019-10-03 08:33:06,667 [e3fb16e0-7066-4756-a24b-fa8bee236c7d@group-83C2B07EA132-LeaderElection82] INFO  server.RaftServerConfigKeys (ConfUtils.java:logGet(43)) - raft.server.log.appender.buffer.byte-limit = 33554432 (custom)
2019-10-03 08:33:06,667 [e3fb16e0-7066-4756-a24b-fa8bee236c7d@group-83C2B07EA132-LeaderElection82] INFO  server.RaftServerConfigKeys (ConfUtils.java:logGet(43)) - raft.server.log.appender.buffer.element-limit = 1 (custom)
2019-10-03 08:33:06,668 [e3fb16e0-7066-4756-a24b-fa8bee236c7d@group-83C2B07EA132-LeaderElection82] INFO  grpc.GrpcConfigKeys$Server (ConfUtils.java:logGet(43)) - raft.grpc.server.leader.outstanding.appends.max = 128 (default)
2019-10-03 08:33:06,668 [e3fb16e0-7066-4756-a24b-fa8bee236c7d@group-83C2B07EA132-LeaderElection82] INFO  server.RaftServerConfigKeys (ConfUtils.java:logGet(43)) - raft.server.rpc.request.timeout = 3000ms (default)
2019-10-03 08:33:06,668 [e3fb16e0-7066-4756-a24b-fa8bee236c7d@group-83C2B07EA132-LeaderElection82] INFO  server.RaftServerConfigKeys (ConfUtils.java:logGet(43)) - raft.server.log.appender.install.snapshot.enabled = false (custom)
2019-10-03 08:33:06,668 [e3fb16e0-7066-4756-a24b-fa8bee236c7d@group-83C2B07EA132-LeaderElection82] INFO  impl.RoleInfo (RoleInfo.java:updateAndGet(143)) - e3fb16e0-7066-4756-a24b-fa8bee236c7d: start LeaderState
2019-10-03 08:33:06,669 [e3fb16e0-7066-4756-a24b-fa8bee236c7d@group-83C2B07EA132-LeaderElection82] INFO  segmented.SegmentedRaftLogWorker (SegmentedRaftLogWorker.java:rollLogSegment(390)) - e3fb16e0-7066-4756-a24b-fa8bee236c7d@group-83C2B07EA132-SegmentedRaftLogWorker: Rolling segment log-0_15 to index:15
2019-10-03 08:33:06,670 [e3fb16e0-7066-4756-a24b-fa8bee236c7d@group-83C2B07EA132-LeaderElection82] INFO  impl.RaftServerImpl (ServerState.java:setRaftConf(356)) - e3fb16e0-7066-4756-a24b-fa8bee236c7d@group-83C2B07EA132: set configuration 16: [e3fb16e0-7066-4756-a24b-fa8bee236c7d:192.168.151.103:40888, 8fa6b618-ecc1-4831-80a7-5b838334a4af:192.168.151.103:41124, 072f5f93-30cd-441c-b95e-93d65198a03a:192.168.151.103:36662], old=null at 16
2019-10-03 08:33:06,670 [grpc-default-executor-8] WARN  server.GrpcLogAppender (LogUtils.java:warn(134)) - e3fb16e0-7066-4756-a24b-fa8bee236c7d@group-83C2B07EA132->8fa6b618-ecc1-4831-80a7-5b838334a4af-AppendLogResponseHandler: Failed appendEntries: org.apache.ratis.thirdparty.io.grpc.StatusRuntimeException: UNAVAILABLE: io exception
2019-10-03 08:33:06,673 [e3fb16e0-7066-4756-a24b-fa8bee236c7d@group-83C2B07EA132-SegmentedRaftLogWorker] INFO  segmented.SegmentedRaftLogWorker (SegmentedRaftLogWorker.java:execute(531)) - e3fb16e0-7066-4756-a24b-fa8bee236c7d@group-83C2B07EA132-SegmentedRaftLogWorker: Rolled log segment from /workdir/hadoop-ozone/integration-test/target/test-dir/MiniOzoneClusterImpl-176ba0bc-51bb-4eaa-8e2d-f4d79c94d5b2/datanode-0/data/ratis/4b3fe8a2-ab39-483c-a3e4-83c2b07ea132/current/log_inprogress_0 to /workdir/hadoop-ozone/integration-test/target/test-dir/MiniOzoneClusterImpl-176ba0bc-51bb-4eaa-8e2d-f4d79c94d5b2/datanode-0/data/ratis/4b3fe8a2-ab39-483c-a3e4-83c2b07ea132/current/log_0-15
2019-10-03 08:33:06,673 [grpc-default-executor-8] INFO  impl.FollowerInfo (FollowerInfo.java:lambda$new$0(51)) - e3fb16e0-7066-4756-a24b-fa8bee236c7d@group-83C2B07EA132->8fa6b618-ecc1-4831-80a7-5b838334a4af: nextIndex: updateUnconditionally 16 -> 1
2019-10-03 08:33:06,674 [grpc-default-executor-9] INFO  impl.RaftServerImpl (ServerState.java:setLeader(255)) - 072f5f93-30cd-441c-b95e-93d65198a03a@group-83C2B07EA132: change Leader from null to e3fb16e0-7066-4756-a24b-fa8bee236c7d at term 3 for appendEntries, leader elected after 5163ms
2019-10-03 08:33:06,678 [grpc-default-executor-9] INFO  impl.RaftServerImpl (ServerState.java:setRaftConf(356)) - 072f5f93-30cd-441c-b95e-93d65198a03a@group-83C2B07EA132: set configuration 16: [e3fb16e0-7066-4756-a24b-fa8bee236c7d:192.168.151.103:40888, 8fa6b618-ecc1-4831-80a7-5b838334a4af:192.168.151.103:41124, 072f5f93-30cd-441c-b95e-93d65198a03a:192.168.151.103:36662], old=null at 16
2019-10-03 08:33:06,678 [grpc-default-executor-9] INFO  segmented.SegmentedRaftLogWorker (SegmentedRaftLogWorker.java:rollLogSegment(390)) - 072f5f93-30cd-441c-b95e-93d65198a03a@group-83C2B07EA132-SegmentedRaftLogWorker: Rolling segment log-0_15 to index:15
2019-10-03 08:33:06,678 [072f5f93-30cd-441c-b95e-93d65198a03a@group-83C2B07EA132-SegmentedRaftLogWorker] INFO  segmented.SegmentedRaftLogWorker (SegmentedRaftLogWorker.java:execute(531)) - 072f5f93-30cd-441c-b95e-93d65198a03a@group-83C2B07EA132-SegmentedRaftLogWorker: Rolled log segment from /workdir/hadoop-ozone/integration-test/target/test-dir/MiniOzoneClusterImpl-176ba0bc-51bb-4eaa-8e2d-f4d79c94d5b2/datanode-2/data/ratis/4b3fe8a2-ab39-483c-a3e4-83c2b07ea132/current/log_inprogress_0 to /workdir/hadoop-ozone/integration-test/target/test-dir/MiniOzoneClusterImpl-176ba0bc-51bb-4eaa-8e2d-f4d79c94d5b2/datanode-2/data/ratis/4b3fe8a2-ab39-483c-a3e4-83c2b07ea132/current/log_0-15
2019-10-03 08:33:06,715 [072f5f93-30cd-441c-b95e-93d65198a03a@group-83C2B07EA132-SegmentedRaftLogWorker] INFO  segmented.SegmentedRaftLogWorker (SegmentedRaftLogWorker.java:execute(574)) - 072f5f93-30cd-441c-b95e-93d65198a03a@group-83C2B07EA132-SegmentedRaftLogWorker: created new log segment /workdir/hadoop-ozone/integration-test/target/test-dir/MiniOzoneClusterImpl-176ba0bc-51bb-4eaa-8e2d-f4d79c94d5b2/datanode-2/data/ratis/4b3fe8a2-ab39-483c-a3e4-83c2b07ea132/current/log_inprogress_16
2019-10-03 08:33:06,715 [e3fb16e0-7066-4756-a24b-fa8bee236c7d@group-83C2B07EA132-SegmentedRaftLogWorker] INFO  segmented.SegmentedRaftLogWorker (SegmentedRaftLogWorker.java:execute(574)) - e3fb16e0-7066-4756-a24b-fa8bee236c7d@group-83C2B07EA132-SegmentedRaftLogWorker: created new log segment /workdir/hadoop-ozone/integration-test/target/test-dir/MiniOzoneClusterImpl-176ba0bc-51bb-4eaa-8e2d-f4d79c94d5b2/datanode-0/data/ratis/4b3fe8a2-ab39-483c-a3e4-83c2b07ea132/current/log_inprogress_16
2019-10-03 08:33:06,736 [grpc-default-executor-9] WARN  server.GrpcLogAppender (LogUtils.java:warn(134)) - e3fb16e0-7066-4756-a24b-fa8bee236c7d@group-83C2B07EA132->8fa6b618-ecc1-4831-80a7-5b838334a4af-AppendLogResponseHandler: Failed appendEntries: org.apache.ratis.thirdparty.io.grpc.StatusRuntimeException: UNAVAILABLE: io exception
2019-10-03 08:33:06,736 [grpc-default-executor-9] INFO  impl.FollowerInfo (FollowerInfo.java:lambda$new$0(51)) - e3fb16e0-7066-4756-a24b-fa8bee236c7d@group-83C2B07EA132->8fa6b618-ecc1-4831-80a7-5b838334a4af: nextIndex: updateUnconditionally 2 -> 1
2019-10-03 08:33:06,746 [grpc-default-executor-3] WARN  server.GrpcLogAppender (LogUtils.java:warn(134)) - e3fb16e0-7066-4756-a24b-fa8bee236c7d@group-83C2B07EA132->8fa6b618-ecc1-4831-80a7-5b838334a4af-AppendLogResponseHandler: Failed appendEntries: org.apache.ratis.thirdparty.io.grpc.StatusRuntimeException: UNAVAILABLE: io exception
2019-10-03 08:33:06,746 [grpc-default-executor-3] INFO  impl.FollowerInfo (FollowerInfo.java:lambda$new$0(51)) - e3fb16e0-7066-4756-a24b-fa8bee236c7d@group-83C2B07EA132->8fa6b618-ecc1-4831-80a7-5b838334a4af: nextIndex: updateUnconditionally 2 -> 1
08:33:07.010 [grpc-default-executor-3] ERROR DNAudit - user=null | ip=null | op=WRITE_CHUNK {blockData=conID: 1 locID: 102897520560504845 bcsId: 13} | ret=FAILURE
org.apache.hadoop.hdds.scm.container.common.helpers.ContainerNotOpenException: Container 1 in CLOSING state
	at org.apache.hadoop.ozone.container.common.impl.HddsDispatcher.validateContainerCommand(HddsDispatcher.java:434) ~[hadoop-hdds-container-service-0.5.0-SNAPSHOT.jar:?]
	at org.apache.hadoop.ozone.container.common.transport.server.ratis.ContainerStateMachine.startTransaction(ContainerStateMachine.java:319) ~[hadoop-hdds-container-service-0.5.0-SNAPSHOT.jar:?]
	at org.apache.ratis.server.impl.RaftServerImpl.submitClientRequestAsync(RaftServerImpl.java:569) ~[ratis-server-0.5.0-201fc85-SNAPSHOT.jar:0.5.0-201fc85-SNAPSHOT]
	at org.apache.ratis.server.impl.RaftServerProxy.lambda$submitClientRequestAsync$7(RaftServerProxy.java:333) ~[ratis-server-0.5.0-201fc85-SNAPSHOT.jar:0.5.0-201fc85-SNAPSHOT]
	at org.apache.ratis.server.impl.RaftServerProxy.lambda$null$5(RaftServerProxy.java:328) ~[ratis-server-0.5.0-201fc85-SNAPSHOT.jar:0.5.0-201fc85-SNAPSHOT]
	at org.apache.ratis.util.JavaUtils.callAsUnchecked(JavaUtils.java:109) ~[ratis-common-0.5.0-201fc85-SNAPSHOT.jar:0.5.0-201fc85-SNAPSHOT]
	at org.apache.ratis.server.impl.RaftServerProxy.lambda$submitRequest$6(RaftServerProxy.java:328) ~[ratis-server-0.5.0-201fc85-SNAPSHOT.jar:0.5.0-201fc85-SNAPSHOT]
	at java.util.concurrent.CompletableFuture.uniComposeStage(CompletableFuture.java:981) ~[?:1.8.0_212]
	at java.util.concurrent.CompletableFuture.thenCompose(CompletableFuture.java:2124) ~[?:1.8.0_212]
	at org.apache.ratis.server.impl.RaftServerProxy.submitRequest(RaftServerProxy.java:327) ~[ratis-server-0.5.0-201fc85-SNAPSHOT.jar:0.5.0-201fc85-SNAPSHOT]
	at org.apache.ratis.server.impl.RaftServerProxy.submitClientRequestAsync(RaftServerProxy.java:333) ~[ratis-server-0.5.0-201fc85-SNAPSHOT.jar:0.5.0-201fc85-SNAPSHOT]
	at org.apache.ratis.grpc.client.GrpcClientProtocolService$RequestStreamObserver.processClientRequest(GrpcClientProtocolService.java:220) ~[ratis-grpc-0.5.0-201fc85-SNAPSHOT.jar:0.5.0-201fc85-SNAPSHOT]
	at org.apache.ratis.grpc.client.GrpcClientProtocolService$OrderedRequestStreamObserver.processClientRequest(GrpcClientProtocolService.java:326) ~[ratis-grpc-0.5.0-201fc85-SNAPSHOT.jar:0.5.0-201fc85-SNAPSHOT]
	at org.apache.ratis.util.SlidingWindow$Server.processRequestsFromHead(SlidingWindow.java:429) [ratis-common-0.5.0-201fc85-SNAPSHOT.jar:0.5.0-201fc85-SNAPSHOT]
	at org.apache.ratis.util.SlidingWindow$Server.receivedRequest(SlidingWindow.java:421) [ratis-common-0.5.0-201fc85-SNAPSHOT.jar:0.5.0-201fc85-SNAPSHOT]
	at org.apache.ratis.grpc.client.GrpcClientProtocolService$OrderedRequestStreamObserver.processClientRequest(GrpcClientProtocolService.java:345) [ratis-grpc-0.5.0-201fc85-SNAPSHOT.jar:0.5.0-201fc85-SNAPSHOT]
	at org.apache.ratis.grpc.client.GrpcClientProtocolService$RequestStreamObserver.onNext(GrpcClientProtocolService.java:240) [ratis-grpc-0.5.0-201fc85-SNAPSHOT.jar:0.5.0-201fc85-SNAPSHOT]
	at org.apache.ratis.grpc.client.GrpcClientProtocolService$RequestStreamObserver.onNext(GrpcClientProtocolService.java:168) [ratis-grpc-0.5.0-201fc85-SNAPSHOT.jar:0.5.0-201fc85-SNAPSHOT]
	at org.apache.ratis.thirdparty.io.grpc.stub.ServerCalls$StreamingServerCallHandler$StreamingServerCallListener.onMessage(ServerCalls.java:248) [ratis-thirdparty-misc-0.2.0.jar:0.2.0]
	at org.apache.ratis.thirdparty.io.grpc.internal.ServerCallImpl$ServerStreamListenerImpl.messagesAvailable(ServerCallImpl.java:263) [ratis-thirdparty-misc-0.2.0.jar:0.2.0]
	at org.apache.ratis.thirdparty.io.grpc.internal.ServerImpl$JumpToApplicationThreadServerStreamListener$1MessagesAvailable.runInContext(ServerImpl.java:686) [ratis-thirdparty-misc-0.2.0.jar:0.2.0]
	at org.apache.ratis.thirdparty.io.grpc.internal.ContextRunnable.run(ContextRunnable.java:37) [ratis-thirdparty-misc-0.2.0.jar:0.2.0]
	at org.apache.ratis.thirdparty.io.grpc.internal.SerializingExecutor.run(SerializingExecutor.java:123) [ratis-thirdparty-misc-0.2.0.jar:0.2.0]
	at java.util.concurrent.ThreadPoolExecutor.runWorker(ThreadPoolExecutor.java:1149) [?:1.8.0_212]
	at java.util.concurrent.ThreadPoolExecutor$Worker.run(ThreadPoolExecutor.java:624) [?:1.8.0_212]
	at java.lang.Thread.run(Thread.java:748) [?:1.8.0_212]
08:33:07.026 [grpc-default-executor-8] ERROR DNAudit - user=null | ip=null | op=WRITE_CHUNK {blockData=conID: 1 locID: 102897520560504845 bcsId: 13} | ret=FAILURE
org.apache.hadoop.hdds.scm.container.common.helpers.ContainerNotOpenException: Container 1 in CLOSING state
	at org.apache.hadoop.ozone.container.common.impl.HddsDispatcher.validateContainerCommand(HddsDispatcher.java:434) ~[hadoop-hdds-container-service-0.5.0-SNAPSHOT.jar:?]
	at org.apache.hadoop.ozone.container.common.transport.server.ratis.ContainerStateMachine.startTransaction(ContainerStateMachine.java:319) ~[hadoop-hdds-container-service-0.5.0-SNAPSHOT.jar:?]
	at org.apache.ratis.server.impl.RaftServerImpl.submitClientRequestAsync(RaftServerImpl.java:569) ~[ratis-server-0.5.0-201fc85-SNAPSHOT.jar:0.5.0-201fc85-SNAPSHOT]
	at org.apache.ratis.server.impl.RaftServerProxy.lambda$submitClientRequestAsync$7(RaftServerProxy.java:333) ~[ratis-server-0.5.0-201fc85-SNAPSHOT.jar:0.5.0-201fc85-SNAPSHOT]
	at org.apache.ratis.server.impl.RaftServerProxy.lambda$null$5(RaftServerProxy.java:328) ~[ratis-server-0.5.0-201fc85-SNAPSHOT.jar:0.5.0-201fc85-SNAPSHOT]
	at org.apache.ratis.util.JavaUtils.callAsUnchecked(JavaUtils.java:109) ~[ratis-common-0.5.0-201fc85-SNAPSHOT.jar:0.5.0-201fc85-SNAPSHOT]
	at org.apache.ratis.server.impl.RaftServerProxy.lambda$submitRequest$6(RaftServerProxy.java:328) ~[ratis-server-0.5.0-201fc85-SNAPSHOT.jar:0.5.0-201fc85-SNAPSHOT]
	at java.util.concurrent.CompletableFuture.uniComposeStage(CompletableFuture.java:981) ~[?:1.8.0_212]
	at java.util.concurrent.CompletableFuture.thenCompose(CompletableFuture.java:2124) ~[?:1.8.0_212]
	at org.apache.ratis.server.impl.RaftServerProxy.submitRequest(RaftServerProxy.java:327) ~[ratis-server-0.5.0-201fc85-SNAPSHOT.jar:0.5.0-201fc85-SNAPSHOT]
	at org.apache.ratis.server.impl.RaftServerProxy.submitClientRequestAsync(RaftServerProxy.java:333) ~[ratis-server-0.5.0-201fc85-SNAPSHOT.jar:0.5.0-201fc85-SNAPSHOT]
	at org.apache.ratis.grpc.client.GrpcClientProtocolService$RequestStreamObserver.processClientRequest(GrpcClientProtocolService.java:220) ~[ratis-grpc-0.5.0-201fc85-SNAPSHOT.jar:0.5.0-201fc85-SNAPSHOT]
	at org.apache.ratis.grpc.client.GrpcClientProtocolService$OrderedRequestStreamObserver.processClientRequest(GrpcClientProtocolService.java:326) ~[ratis-grpc-0.5.0-201fc85-SNAPSHOT.jar:0.5.0-201fc85-SNAPSHOT]
	at org.apache.ratis.util.SlidingWindow$Server.processRequestsFromHead(SlidingWindow.java:429) [ratis-common-0.5.0-201fc85-SNAPSHOT.jar:0.5.0-201fc85-SNAPSHOT]
	at org.apache.ratis.util.SlidingWindow$Server.receivedRequest(SlidingWindow.java:421) [ratis-common-0.5.0-201fc85-SNAPSHOT.jar:0.5.0-201fc85-SNAPSHOT]
	at org.apache.ratis.grpc.client.GrpcClientProtocolService$OrderedRequestStreamObserver.processClientRequest(GrpcClientProtocolService.java:345) [ratis-grpc-0.5.0-201fc85-SNAPSHOT.jar:0.5.0-201fc85-SNAPSHOT]
	at org.apache.ratis.grpc.client.GrpcClientProtocolService$RequestStreamObserver.onNext(GrpcClientProtocolService.java:240) [ratis-grpc-0.5.0-201fc85-SNAPSHOT.jar:0.5.0-201fc85-SNAPSHOT]
	at org.apache.ratis.grpc.client.GrpcClientProtocolService$RequestStreamObserver.onNext(GrpcClientProtocolService.java:168) [ratis-grpc-0.5.0-201fc85-SNAPSHOT.jar:0.5.0-201fc85-SNAPSHOT]
	at org.apache.ratis.thirdparty.io.grpc.stub.ServerCalls$StreamingServerCallHandler$StreamingServerCallListener.onMessage(ServerCalls.java:248) [ratis-thirdparty-misc-0.2.0.jar:0.2.0]
	at org.apache.ratis.thirdparty.io.grpc.internal.ServerCallImpl$ServerStreamListenerImpl.messagesAvailable(ServerCallImpl.java:263) [ratis-thirdparty-misc-0.2.0.jar:0.2.0]
	at org.apache.ratis.thirdparty.io.grpc.internal.ServerImpl$JumpToApplicationThreadServerStreamListener$1MessagesAvailable.runInContext(ServerImpl.java:686) [ratis-thirdparty-misc-0.2.0.jar:0.2.0]
	at org.apache.ratis.thirdparty.io.grpc.internal.ContextRunnable.run(ContextRunnable.java:37) [ratis-thirdparty-misc-0.2.0.jar:0.2.0]
	at org.apache.ratis.thirdparty.io.grpc.internal.SerializingExecutor.run(SerializingExecutor.java:123) [ratis-thirdparty-misc-0.2.0.jar:0.2.0]
	at java.util.concurrent.ThreadPoolExecutor.runWorker(ThreadPoolExecutor.java:1149) [?:1.8.0_212]
	at java.util.concurrent.ThreadPoolExecutor$Worker.run(ThreadPoolExecutor.java:624) [?:1.8.0_212]
	at java.lang.Thread.run(Thread.java:748) [?:1.8.0_212]
08:33:07.028 [grpc-default-executor-8] ERROR DNAudit - user=null | ip=null | op=PUT_BLOCK {blockData=[blockId=conID: 1 locID: 102897520560504845 bcsId: 0,size=650]} | ret=FAILURE
org.apache.hadoop.hdds.scm.container.common.helpers.ContainerNotOpenException: Container 1 in CLOSING state
	at org.apache.hadoop.ozone.container.common.impl.HddsDispatcher.validateContainerCommand(HddsDispatcher.java:434) ~[hadoop-hdds-container-service-0.5.0-SNAPSHOT.jar:?]
	at org.apache.hadoop.ozone.container.common.transport.server.ratis.ContainerStateMachine.startTransaction(ContainerStateMachine.java:319) ~[hadoop-hdds-container-service-0.5.0-SNAPSHOT.jar:?]
	at org.apache.ratis.server.impl.RaftServerImpl.submitClientRequestAsync(RaftServerImpl.java:569) ~[ratis-server-0.5.0-201fc85-SNAPSHOT.jar:0.5.0-201fc85-SNAPSHOT]
	at org.apache.ratis.server.impl.RaftServerProxy.lambda$submitClientRequestAsync$7(RaftServerProxy.java:333) ~[ratis-server-0.5.0-201fc85-SNAPSHOT.jar:0.5.0-201fc85-SNAPSHOT]
	at org.apache.ratis.server.impl.RaftServerProxy.lambda$null$5(RaftServerProxy.java:328) ~[ratis-server-0.5.0-201fc85-SNAPSHOT.jar:0.5.0-201fc85-SNAPSHOT]
	at org.apache.ratis.util.JavaUtils.callAsUnchecked(JavaUtils.java:109) ~[ratis-common-0.5.0-201fc85-SNAPSHOT.jar:0.5.0-201fc85-SNAPSHOT]
	at org.apache.ratis.server.impl.RaftServerProxy.lambda$submitRequest$6(RaftServerProxy.java:328) ~[ratis-server-0.5.0-201fc85-SNAPSHOT.jar:0.5.0-201fc85-SNAPSHOT]
	at java.util.concurrent.CompletableFuture.uniComposeStage(CompletableFuture.java:981) ~[?:1.8.0_212]
	at java.util.concurrent.CompletableFuture.thenCompose(CompletableFuture.java:2124) ~[?:1.8.0_212]
	at org.apache.ratis.server.impl.RaftServerProxy.submitRequest(RaftServerProxy.java:327) ~[ratis-server-0.5.0-201fc85-SNAPSHOT.jar:0.5.0-201fc85-SNAPSHOT]
	at org.apache.ratis.server.impl.RaftServerProxy.submitClientRequestAsync(RaftServerProxy.java:333) ~[ratis-server-0.5.0-201fc85-SNAPSHOT.jar:0.5.0-201fc85-SNAPSHOT]
	at org.apache.ratis.grpc.client.GrpcClientProtocolService$RequestStreamObserver.processClientRequest(GrpcClientProtocolService.java:220) ~[ratis-grpc-0.5.0-201fc85-SNAPSHOT.jar:0.5.0-201fc85-SNAPSHOT]
	at org.apache.ratis.grpc.client.GrpcClientProtocolService$OrderedRequestStreamObserver.processClientRequest(GrpcClientProtocolService.java:326) ~[ratis-grpc-0.5.0-201fc85-SNAPSHOT.jar:0.5.0-201fc85-SNAPSHOT]
	at org.apache.ratis.util.SlidingWindow$Server.processRequestsFromHead(SlidingWindow.java:429) [ratis-common-0.5.0-201fc85-SNAPSHOT.jar:0.5.0-201fc85-SNAPSHOT]
	at org.apache.ratis.util.SlidingWindow$Server.receivedRequest(SlidingWindow.java:421) [ratis-common-0.5.0-201fc85-SNAPSHOT.jar:0.5.0-201fc85-SNAPSHOT]
	at org.apache.ratis.grpc.client.GrpcClientProtocolService$OrderedRequestStreamObserver.processClientRequest(GrpcClientProtocolService.java:345) [ratis-grpc-0.5.0-201fc85-SNAPSHOT.jar:0.5.0-201fc85-SNAPSHOT]
	at org.apache.ratis.grpc.client.GrpcClientProtocolService$RequestStreamObserver.onNext(GrpcClientProtocolService.java:240) [ratis-grpc-0.5.0-201fc85-SNAPSHOT.jar:0.5.0-201fc85-SNAPSHOT]
	at org.apache.ratis.grpc.client.GrpcClientProtocolService$RequestStreamObserver.onNext(GrpcClientProtocolService.java:168) [ratis-grpc-0.5.0-201fc85-SNAPSHOT.jar:0.5.0-201fc85-SNAPSHOT]
	at org.apache.ratis.thirdparty.io.grpc.stub.ServerCalls$StreamingServerCallHandler$StreamingServerCallListener.onMessage(ServerCalls.java:248) [ratis-thirdparty-misc-0.2.0.jar:0.2.0]
	at org.apache.ratis.thirdparty.io.grpc.internal.ServerCallImpl$ServerStreamListenerImpl.messagesAvailable(ServerCallImpl.java:263) [ratis-thirdparty-misc-0.2.0.jar:0.2.0]
	at org.apache.ratis.thirdparty.io.grpc.internal.ServerImpl$JumpToApplicationThreadServerStreamListener$1MessagesAvailable.runInContext(ServerImpl.java:686) [ratis-thirdparty-misc-0.2.0.jar:0.2.0]
	at org.apache.ratis.thirdparty.io.grpc.internal.ContextRunnable.run(ContextRunnable.java:37) [ratis-thirdparty-misc-0.2.0.jar:0.2.0]
	at org.apache.ratis.thirdparty.io.grpc.internal.SerializingExecutor.run(SerializingExecutor.java:123) [ratis-thirdparty-misc-0.2.0.jar:0.2.0]
	at java.util.concurrent.ThreadPoolExecutor.runWorker(ThreadPoolExecutor.java:1149) [?:1.8.0_212]
	at java.util.concurrent.ThreadPoolExecutor$Worker.run(ThreadPoolExecutor.java:624) [?:1.8.0_212]
	at java.lang.Thread.run(Thread.java:748) [?:1.8.0_212]
08:33:07.037 [grpc-default-executor-8] ERROR DNAudit - user=null | ip=null | op=WRITE_CHUNK {blockData=conID: 1 locID: 102897520560504845 bcsId: 13} | ret=FAILURE
org.apache.hadoop.hdds.scm.container.common.helpers.ContainerNotOpenException: Container 1 in CLOSING state
	at org.apache.hadoop.ozone.container.common.impl.HddsDispatcher.validateContainerCommand(HddsDispatcher.java:434) ~[hadoop-hdds-container-service-0.5.0-SNAPSHOT.jar:?]
	at org.apache.hadoop.ozone.container.common.transport.server.ratis.ContainerStateMachine.startTransaction(ContainerStateMachine.java:319) ~[hadoop-hdds-container-service-0.5.0-SNAPSHOT.jar:?]
	at org.apache.ratis.server.impl.RaftServerImpl.submitClientRequestAsync(RaftServerImpl.java:569) ~[ratis-server-0.5.0-201fc85-SNAPSHOT.jar:0.5.0-201fc85-SNAPSHOT]
	at org.apache.ratis.server.impl.RaftServerProxy.lambda$submitClientRequestAsync$7(RaftServerProxy.java:333) ~[ratis-server-0.5.0-201fc85-SNAPSHOT.jar:0.5.0-201fc85-SNAPSHOT]
	at org.apache.ratis.server.impl.RaftServerProxy.lambda$null$5(RaftServerProxy.java:328) ~[ratis-server-0.5.0-201fc85-SNAPSHOT.jar:0.5.0-201fc85-SNAPSHOT]
	at org.apache.ratis.util.JavaUtils.callAsUnchecked(JavaUtils.java:109) ~[ratis-common-0.5.0-201fc85-SNAPSHOT.jar:0.5.0-201fc85-SNAPSHOT]
	at org.apache.ratis.server.impl.RaftServerProxy.lambda$submitRequest$6(RaftServerProxy.java:328) ~[ratis-server-0.5.0-201fc85-SNAPSHOT.jar:0.5.0-201fc85-SNAPSHOT]
	at java.util.concurrent.CompletableFuture.uniComposeStage(CompletableFuture.java:981) ~[?:1.8.0_212]
	at java.util.concurrent.CompletableFuture.thenCompose(CompletableFuture.java:2124) ~[?:1.8.0_212]
	at org.apache.ratis.server.impl.RaftServerProxy.submitRequest(RaftServerProxy.java:327) ~[ratis-server-0.5.0-201fc85-SNAPSHOT.jar:0.5.0-201fc85-SNAPSHOT]
	at org.apache.ratis.server.impl.RaftServerProxy.submitClientRequestAsync(RaftServerProxy.java:333) ~[ratis-server-0.5.0-201fc85-SNAPSHOT.jar:0.5.0-201fc85-SNAPSHOT]
	at org.apache.ratis.grpc.client.GrpcClientProtocolService$RequestStreamObserver.processClientRequest(GrpcClientProtocolService.java:220) ~[ratis-grpc-0.5.0-201fc85-SNAPSHOT.jar:0.5.0-201fc85-SNAPSHOT]
	at org.apache.ratis.grpc.client.GrpcClientProtocolService$OrderedRequestStreamObserver.processClientRequest(GrpcClientProtocolService.java:326) ~[ratis-grpc-0.5.0-201fc85-SNAPSHOT.jar:0.5.0-201fc85-SNAPSHOT]
	at org.apache.ratis.util.SlidingWindow$Server.processRequestsFromHead(SlidingWindow.java:429) [ratis-common-0.5.0-201fc85-SNAPSHOT.jar:0.5.0-201fc85-SNAPSHOT]
	at org.apache.ratis.util.SlidingWindow$Server.receivedRequest(SlidingWindow.java:421) [ratis-common-0.5.0-201fc85-SNAPSHOT.jar:0.5.0-201fc85-SNAPSHOT]
	at org.apache.ratis.grpc.client.GrpcClientProtocolService$OrderedRequestStreamObserver.processClientRequest(GrpcClientProtocolService.java:345) [ratis-grpc-0.5.0-201fc85-SNAPSHOT.jar:0.5.0-201fc85-SNAPSHOT]
	at org.apache.ratis.grpc.client.GrpcClientProtocolService$RequestStreamObserver.onNext(GrpcClientProtocolService.java:240) [ratis-grpc-0.5.0-201fc85-SNAPSHOT.jar:0.5.0-201fc85-SNAPSHOT]
	at org.apache.ratis.grpc.client.GrpcClientProtocolService$RequestStreamObserver.onNext(GrpcClientProtocolService.java:168) [ratis-grpc-0.5.0-201fc85-SNAPSHOT.jar:0.5.0-201fc85-SNAPSHOT]
	at org.apache.ratis.thirdparty.io.grpc.stub.ServerCalls$StreamingServerCallHandler$StreamingServerCallListener.onMessage(ServerCalls.java:248) [ratis-thirdparty-misc-0.2.0.jar:0.2.0]
	at org.apache.ratis.thirdparty.io.grpc.internal.ServerCallImpl$ServerStreamListenerImpl.messagesAvailable(ServerCallImpl.java:263) [ratis-thirdparty-misc-0.2.0.jar:0.2.0]
	at org.apache.ratis.thirdparty.io.grpc.internal.ServerImpl$JumpToApplicationThreadServerStreamListener$1MessagesAvailable.runInContext(ServerImpl.java:686) [ratis-thirdparty-misc-0.2.0.jar:0.2.0]
	at org.apache.ratis.thirdparty.io.grpc.internal.ContextRunnable.run(ContextRunnable.java:37) [ratis-thirdparty-misc-0.2.0.jar:0.2.0]
	at org.apache.ratis.thirdparty.io.grpc.internal.SerializingExecutor.run(SerializingExecutor.java:123) [ratis-thirdparty-misc-0.2.0.jar:0.2.0]
	at java.util.concurrent.ThreadPoolExecutor.runWorker(ThreadPoolExecutor.java:1149) [?:1.8.0_212]
	at java.util.concurrent.ThreadPoolExecutor$Worker.run(ThreadPoolExecutor.java:624) [?:1.8.0_212]
	at java.lang.Thread.run(Thread.java:748) [?:1.8.0_212]
08:33:07.043 [grpc-default-executor-8] ERROR DNAudit - user=null | ip=null | op=WRITE_CHUNK {blockData=conID: 1 locID: 102897520560504845 bcsId: 13} | ret=FAILURE
org.apache.hadoop.hdds.scm.container.common.helpers.ContainerNotOpenException: Container 1 in CLOSING state
	at org.apache.hadoop.ozone.container.common.impl.HddsDispatcher.validateContainerCommand(HddsDispatcher.java:434) ~[hadoop-hdds-container-service-0.5.0-SNAPSHOT.jar:?]
	at org.apache.hadoop.ozone.container.common.transport.server.ratis.ContainerStateMachine.startTransaction(ContainerStateMachine.java:319) ~[hadoop-hdds-container-service-0.5.0-SNAPSHOT.jar:?]
	at org.apache.ratis.server.impl.RaftServerImpl.submitClientRequestAsync(RaftServerImpl.java:569) ~[ratis-server-0.5.0-201fc85-SNAPSHOT.jar:0.5.0-201fc85-SNAPSHOT]
	at org.apache.ratis.server.impl.RaftServerProxy.lambda$submitClientRequestAsync$7(RaftServerProxy.java:333) ~[ratis-server-0.5.0-201fc85-SNAPSHOT.jar:0.5.0-201fc85-SNAPSHOT]
	at org.apache.ratis.server.impl.RaftServerProxy.lambda$null$5(RaftServerProxy.java:328) ~[ratis-server-0.5.0-201fc85-SNAPSHOT.jar:0.5.0-201fc85-SNAPSHOT]
	at org.apache.ratis.util.JavaUtils.callAsUnchecked(JavaUtils.java:109) ~[ratis-common-0.5.0-201fc85-SNAPSHOT.jar:0.5.0-201fc85-SNAPSHOT]
	at org.apache.ratis.server.impl.RaftServerProxy.lambda$submitRequest$6(RaftServerProxy.java:328) ~[ratis-server-0.5.0-201fc85-SNAPSHOT.jar:0.5.0-201fc85-SNAPSHOT]
	at java.util.concurrent.CompletableFuture.uniComposeStage(CompletableFuture.java:981) ~[?:1.8.0_212]
	at java.util.concurrent.CompletableFuture.thenCompose(CompletableFuture.java:2124) ~[?:1.8.0_212]
	at org.apache.ratis.server.impl.RaftServerProxy.submitRequest(RaftServerProxy.java:327) ~[ratis-server-0.5.0-201fc85-SNAPSHOT.jar:0.5.0-201fc85-SNAPSHOT]
	at org.apache.ratis.server.impl.RaftServerProxy.submitClientRequestAsync(RaftServerProxy.java:333) ~[ratis-server-0.5.0-201fc85-SNAPSHOT.jar:0.5.0-201fc85-SNAPSHOT]
	at org.apache.ratis.grpc.client.GrpcClientProtocolService$RequestStreamObserver.processClientRequest(GrpcClientProtocolService.java:220) ~[ratis-grpc-0.5.0-201fc85-SNAPSHOT.jar:0.5.0-201fc85-SNAPSHOT]
	at org.apache.ratis.grpc.client.GrpcClientProtocolService$OrderedRequestStreamObserver.processClientRequest(GrpcClientProtocolService.java:326) ~[ratis-grpc-0.5.0-201fc85-SNAPSHOT.jar:0.5.0-201fc85-SNAPSHOT]
	at org.apache.ratis.util.SlidingWindow$Server.processRequestsFromHead(SlidingWindow.java:429) [ratis-common-0.5.0-201fc85-SNAPSHOT.jar:0.5.0-201fc85-SNAPSHOT]
	at org.apache.ratis.util.SlidingWindow$Server.receivedRequest(SlidingWindow.java:421) [ratis-common-0.5.0-201fc85-SNAPSHOT.jar:0.5.0-201fc85-SNAPSHOT]
	at org.apache.ratis.grpc.client.GrpcClientProtocolService$OrderedRequestStreamObserver.processClientRequest(GrpcClientProtocolService.java:345) [ratis-grpc-0.5.0-201fc85-SNAPSHOT.jar:0.5.0-201fc85-SNAPSHOT]
	at org.apache.ratis.grpc.client.GrpcClientProtocolService$RequestStreamObserver.onNext(GrpcClientProtocolService.java:240) [ratis-grpc-0.5.0-201fc85-SNAPSHOT.jar:0.5.0-201fc85-SNAPSHOT]
	at org.apache.ratis.grpc.client.GrpcClientProtocolService$RequestStreamObserver.onNext(GrpcClientProtocolService.java:168) [ratis-grpc-0.5.0-201fc85-SNAPSHOT.jar:0.5.0-201fc85-SNAPSHOT]
	at org.apache.ratis.thirdparty.io.grpc.stub.ServerCalls$StreamingServerCallHandler$StreamingServerCallListener.onMessage(ServerCalls.java:248) [ratis-thirdparty-misc-0.2.0.jar:0.2.0]
	at org.apache.ratis.thirdparty.io.grpc.internal.ServerCallImpl$ServerStreamListenerImpl.messagesAvailable(ServerCallImpl.java:263) [ratis-thirdparty-misc-0.2.0.jar:0.2.0]
	at org.apache.ratis.thirdparty.io.grpc.internal.ServerImpl$JumpToApplicationThreadServerStreamListener$1MessagesAvailable.runInContext(ServerImpl.java:686) [ratis-thirdparty-misc-0.2.0.jar:0.2.0]
	at org.apache.ratis.thirdparty.io.grpc.internal.ContextRunnable.run(ContextRunnable.java:37) [ratis-thirdparty-misc-0.2.0.jar:0.2.0]
	at org.apache.ratis.thirdparty.io.grpc.internal.SerializingExecutor.run(SerializingExecutor.java:123) [ratis-thirdparty-misc-0.2.0.jar:0.2.0]
	at java.util.concurrent.ThreadPoolExecutor.runWorker(ThreadPoolExecutor.java:1149) [?:1.8.0_212]
	at java.util.concurrent.ThreadPoolExecutor$Worker.run(ThreadPoolExecutor.java:624) [?:1.8.0_212]
	at java.lang.Thread.run(Thread.java:748) [?:1.8.0_212]
08:33:07.050 [grpc-default-executor-8] ERROR DNAudit - user=null | ip=null | op=PUT_BLOCK {blockData=[blockId=conID: 1 locID: 102897520560504845 bcsId: 0,size=800]} | ret=FAILURE
org.apache.hadoop.hdds.scm.container.common.helpers.ContainerNotOpenException: Container 1 in CLOSING state
	at org.apache.hadoop.ozone.container.common.impl.HddsDispatcher.validateContainerCommand(HddsDispatcher.java:434) ~[hadoop-hdds-container-service-0.5.0-SNAPSHOT.jar:?]
	at org.apache.hadoop.ozone.container.common.transport.server.ratis.ContainerStateMachine.startTransaction(ContainerStateMachine.java:319) ~[hadoop-hdds-container-service-0.5.0-SNAPSHOT.jar:?]
	at org.apache.ratis.server.impl.RaftServerImpl.submitClientRequestAsync(RaftServerImpl.java:569) ~[ratis-server-0.5.0-201fc85-SNAPSHOT.jar:0.5.0-201fc85-SNAPSHOT]
	at org.apache.ratis.server.impl.RaftServerProxy.lambda$submitClientRequestAsync$7(RaftServerProxy.java:333) ~[ratis-server-0.5.0-201fc85-SNAPSHOT.jar:0.5.0-201fc85-SNAPSHOT]
	at org.apache.ratis.server.impl.RaftServerProxy.lambda$null$5(RaftServerProxy.java:328) ~[ratis-server-0.5.0-201fc85-SNAPSHOT.jar:0.5.0-201fc85-SNAPSHOT]
	at org.apache.ratis.util.JavaUtils.callAsUnchecked(JavaUtils.java:109) ~[ratis-common-0.5.0-201fc85-SNAPSHOT.jar:0.5.0-201fc85-SNAPSHOT]
	at org.apache.ratis.server.impl.RaftServerProxy.lambda$submitRequest$6(RaftServerProxy.java:328) ~[ratis-server-0.5.0-201fc85-SNAPSHOT.jar:0.5.0-201fc85-SNAPSHOT]
	at java.util.concurrent.CompletableFuture.uniComposeStage(CompletableFuture.java:981) ~[?:1.8.0_212]
	at java.util.concurrent.CompletableFuture.thenCompose(CompletableFuture.java:2124) ~[?:1.8.0_212]
	at org.apache.ratis.server.impl.RaftServerProxy.submitRequest(RaftServerProxy.java:327) ~[ratis-server-0.5.0-201fc85-SNAPSHOT.jar:0.5.0-201fc85-SNAPSHOT]
	at org.apache.ratis.server.impl.RaftServerProxy.submitClientRequestAsync(RaftServerProxy.java:333) ~[ratis-server-0.5.0-201fc85-SNAPSHOT.jar:0.5.0-201fc85-SNAPSHOT]
	at org.apache.ratis.grpc.client.GrpcClientProtocolService$RequestStreamObserver.processClientRequest(GrpcClientProtocolService.java:220) ~[ratis-grpc-0.5.0-201fc85-SNAPSHOT.jar:0.5.0-201fc85-SNAPSHOT]
	at org.apache.ratis.grpc.client.GrpcClientProtocolService$OrderedRequestStreamObserver.processClientRequest(GrpcClientProtocolService.java:326) ~[ratis-grpc-0.5.0-201fc85-SNAPSHOT.jar:0.5.0-201fc85-SNAPSHOT]
	at org.apache.ratis.util.SlidingWindow$Server.processRequestsFromHead(SlidingWindow.java:429) [ratis-common-0.5.0-201fc85-SNAPSHOT.jar:0.5.0-201fc85-SNAPSHOT]
	at org.apache.ratis.util.SlidingWindow$Server.receivedRequest(SlidingWindow.java:421) [ratis-common-0.5.0-201fc85-SNAPSHOT.jar:0.5.0-201fc85-SNAPSHOT]
	at org.apache.ratis.grpc.client.GrpcClientProtocolService$OrderedRequestStreamObserver.processClientRequest(GrpcClientProtocolService.java:345) [ratis-grpc-0.5.0-201fc85-SNAPSHOT.jar:0.5.0-201fc85-SNAPSHOT]
	at org.apache.ratis.grpc.client.GrpcClientProtocolService$RequestStreamObserver.onNext(GrpcClientProtocolService.java:240) [ratis-grpc-0.5.0-201fc85-SNAPSHOT.jar:0.5.0-201fc85-SNAPSHOT]
	at org.apache.ratis.grpc.client.GrpcClientProtocolService$RequestStreamObserver.onNext(GrpcClientProtocolService.java:168) [ratis-grpc-0.5.0-201fc85-SNAPSHOT.jar:0.5.0-201fc85-SNAPSHOT]
	at org.apache.ratis.thirdparty.io.grpc.stub.ServerCalls$StreamingServerCallHandler$StreamingServerCallListener.onMessage(ServerCalls.java:248) [ratis-thirdparty-misc-0.2.0.jar:0.2.0]
	at org.apache.ratis.thirdparty.io.grpc.internal.ServerCallImpl$ServerStreamListenerImpl.messagesAvailable(ServerCallImpl.java:263) [ratis-thirdparty-misc-0.2.0.jar:0.2.0]
	at org.apache.ratis.thirdparty.io.grpc.internal.ServerImpl$JumpToApplicationThreadServerStreamListener$1MessagesAvailable.runInContext(ServerImpl.java:686) [ratis-thirdparty-misc-0.2.0.jar:0.2.0]
	at org.apache.ratis.thirdparty.io.grpc.internal.ContextRunnable.run(ContextRunnable.java:37) [ratis-thirdparty-misc-0.2.0.jar:0.2.0]
	at org.apache.ratis.thirdparty.io.grpc.internal.SerializingExecutor.run(SerializingExecutor.java:123) [ratis-thirdparty-misc-0.2.0.jar:0.2.0]
	at java.util.concurrent.ThreadPoolExecutor.runWorker(ThreadPoolExecutor.java:1149) [?:1.8.0_212]
	at java.util.concurrent.ThreadPoolExecutor$Worker.run(ThreadPoolExecutor.java:624) [?:1.8.0_212]
	at java.lang.Thread.run(Thread.java:748) [?:1.8.0_212]
2019-10-03 08:33:07,386 [main] INFO  ozone.MiniOzoneClusterImpl (MiniOzoneClusterImpl.java:shutdown(314)) - Shutting down the Mini Ozone Cluster
2019-10-03 08:33:07,386 [main] INFO  ozone.MiniOzoneClusterImpl (MiniOzoneClusterImpl.java:stop(330)) - Stopping the Mini Ozone Cluster
2019-10-03 08:33:07,386 [main] INFO  ozone.MiniOzoneClusterImpl (MiniOzoneClusterImpl.java:stopOM(400)) - Stopping the OzoneManager
2019-10-03 08:33:07,387 [main] INFO  ipc.Server (Server.java:stop(3082)) - Stopping server on 36685
2019-10-03 08:33:07,394 [main] INFO  ratis.OzoneManagerDoubleBuffer (OzoneManagerDoubleBuffer.java:stop(248)) - Stopping OMDoubleBuffer flush thread
2019-10-03 08:33:07,394 [IPC Server listener on 36685] INFO  ipc.Server (Server.java:run(1185)) - Stopping IPC Server listener on 36685
2019-10-03 08:33:07,394 [OMDoubleBufferFlushThread] INFO  ratis.OzoneManagerDoubleBuffer (OzoneManagerDoubleBuffer.java:flushTransactions(191)) - OMDoubleBuffer flush thread OMDoubleBufferFlushThread is interrupted and will exit. OMDoubleBufferFlushThread
2019-10-03 08:33:07,394 [IPC Server Responder] INFO  ipc.Server (Server.java:run(1319)) - Stopping IPC Server Responder
2019-10-03 08:33:07,406 [main] INFO  utils.BackgroundService (BackgroundService.java:shutdown(148)) - Shutting down service KeyDeletingService
2019-10-03 08:33:07,413 [main] INFO  handler.ContextHandler (ContextHandler.java:doStop(910)) - Stopped o.e.j.w.WebAppContext@2cccf134{/,null,UNAVAILABLE}{/ozoneManager}
2019-10-03 08:33:07,413 [main] INFO  server.AbstractConnector (AbstractConnector.java:doStop(318)) - Stopped ServerConnector@3c18942{HTTP/1.1,[http/1.1]}{0.0.0.0:0}
2019-10-03 08:33:07,414 [main] INFO  handler.ContextHandler (ContextHandler.java:doStop(910)) - Stopped o.e.j.s.ServletContextHandler@539c4830{/static,file:///workdir/hadoop-ozone/integration-test/target/test-classes/webapps/static,UNAVAILABLE}
2019-10-03 08:33:07,414 [main] INFO  handler.ContextHandler (ContextHandler.java:doStop(910)) - Stopped o.e.j.s.ServletContextHandler@4645679e{/logs,file:///workdir/hadoop-ozone/integration-test/target/log,UNAVAILABLE}
2019-10-03 08:33:07,416 [main] INFO  ozone.MiniOzoneClusterImpl (MiniOzoneClusterImpl.java:stopDatanodes(377)) - Stopping the HddsDatanodes
2019-10-03 08:33:07,542 [Datanode State Machine Thread - 0] INFO  statemachine.DatanodeStateMachine (DatanodeStateMachine.java:lambda$startDaemon$0(350)) - Ozone container server started.
2019-10-03 08:33:08,209 [Datanode State Machine Thread - 0] INFO  statemachine.DatanodeStateMachine (DatanodeStateMachine.java:lambda$startDaemon$0(350)) - Ozone container server started.
2019-10-03 08:33:09,249 [grpc-default-executor-9] WARN  server.GrpcLogAppender (LogUtils.java:warn(134)) - e3fb16e0-7066-4756-a24b-fa8bee236c7d@group-83C2B07EA132->8fa6b618-ecc1-4831-80a7-5b838334a4af-AppendLogResponseHandler: Failed appendEntries: org.apache.ratis.thirdparty.io.grpc.StatusRuntimeException: UNAVAILABLE: io exception
2019-10-03 08:33:09,253 [grpc-default-executor-9] INFO  impl.FollowerInfo (FollowerInfo.java:lambda$new$0(51)) - e3fb16e0-7066-4756-a24b-fa8bee236c7d@group-83C2B07EA132->8fa6b618-ecc1-4831-80a7-5b838334a4af: nextIndex: updateUnconditionally 1 -> 0
2019-10-03 08:33:11,579 [EventQueue-StaleNodeForStaleNodeHandler] INFO  node.StaleNodeHandler (StaleNodeHandler.java:onMessage(58)) - Datanode 072f5f93-30cd-441c-b95e-93d65198a03a{ip: 192.168.151.103, host: pr-hdds-2234-ztsc4-2614151736, networkLocation: /default-rack, certSerialId: null} moved to stale state. Finalizing its pipelines [PipelineID=4b3fe8a2-ab39-483c-a3e4-83c2b07ea132, PipelineID=64adee73-f4bd-4f62-baa9-775d767f10c1]
2019-10-03 08:33:11,580 [EventQueue-StaleNodeForStaleNodeHandler] INFO  pipeline.SCMPipelineManager (SCMPipelineManager.java:finalizeAndDestroyPipeline(315)) - destroying pipeline:Pipeline[ Id: 4b3fe8a2-ab39-483c-a3e4-83c2b07ea132, Nodes: 8fa6b618-ecc1-4831-80a7-5b838334a4af{ip: 192.168.151.103, host: pr-hdds-2234-ztsc4-2614151736, networkLocation: /default-rack, certSerialId: null}e3fb16e0-7066-4756-a24b-fa8bee236c7d{ip: 192.168.151.103, host: pr-hdds-2234-ztsc4-2614151736, networkLocation: /default-rack, certSerialId: null}072f5f93-30cd-441c-b95e-93d65198a03a{ip: 192.168.151.103, host: pr-hdds-2234-ztsc4-2614151736, networkLocation: /default-rack, certSerialId: null}, Type:RATIS, Factor:THREE, State:CLOSED]
2019-10-03 08:33:11,580 [EventQueue-StaleNodeForStaleNodeHandler] INFO  pipeline.SCMPipelineManager (SCMPipelineManager.java:finalizeAndDestroyPipeline(315)) - destroying pipeline:Pipeline[ Id: 64adee73-f4bd-4f62-baa9-775d767f10c1, Nodes: 072f5f93-30cd-441c-b95e-93d65198a03a{ip: 192.168.151.103, host: pr-hdds-2234-ztsc4-2614151736, networkLocation: /default-rack, certSerialId: null}, Type:RATIS, Factor:ONE, State:OPEN]
2019-10-03 08:33:11,580 [EventQueue-StaleNodeForStaleNodeHandler] INFO  pipeline.PipelineStateManager (PipelineStateManager.java:finalizePipeline(123)) - Pipeline Pipeline[ Id: 64adee73-f4bd-4f62-baa9-775d767f10c1, Nodes: 072f5f93-30cd-441c-b95e-93d65198a03a{ip: 192.168.151.103, host: pr-hdds-2234-ztsc4-2614151736, networkLocation: /default-rack, certSerialId: null}, Type:RATIS, Factor:ONE, State:CLOSED] moved to CLOSED state
2019-10-03 08:33:11,748 [grpc-default-executor-9] WARN  server.GrpcLogAppender (LogUtils.java:warn(134)) - e3fb16e0-7066-4756-a24b-fa8bee236c7d@group-83C2B07EA132->8fa6b618-ecc1-4831-80a7-5b838334a4af-AppendLogResponseHandler: Failed appendEntries: org.apache.ratis.thirdparty.io.grpc.StatusRuntimeException: UNAVAILABLE: io exception
2019-10-03 08:33:11,751 [grpc-default-executor-9] INFO  impl.FollowerInfo (FollowerInfo.java:lambda$new$0(51)) - e3fb16e0-7066-4756-a24b-fa8bee236c7d@group-83C2B07EA132->8fa6b618-ecc1-4831-80a7-5b838334a4af: nextIndex: updateUnconditionally 0 -> 0
2019-10-03 08:33:12,280 [EventQueue-StaleNodeForStaleNodeHandler] INFO  node.StaleNodeHandler (StaleNodeHandler.java:onMessage(58)) - Datanode ba87ae0a-6ea0-47b2-b3c7-194fd3912d70{ip: 192.168.151.103, host: pr-hdds-2234-ztsc4-2614151736, networkLocation: /default-rack, certSerialId: null} moved to stale state. Finalizing its pipelines [PipelineID=cae3d686-39de-45db-bc1c-28b6cdf7d3de, PipelineID=e619aba9-bfc9-436e-8cfc-f6e9279483a3]
2019-10-03 08:33:12,280 [EventQueue-StaleNodeForStaleNodeHandler] INFO  pipeline.SCMPipelineManager (SCMPipelineManager.java:finalizeAndDestroyPipeline(315)) - destroying pipeline:Pipeline[ Id: cae3d686-39de-45db-bc1c-28b6cdf7d3de, Nodes: ba87ae0a-6ea0-47b2-b3c7-194fd3912d70{ip: 192.168.151.103, host: pr-hdds-2234-ztsc4-2614151736, networkLocation: /default-rack, certSerialId: null}, Type:RATIS, Factor:ONE, State:OPEN]
2019-10-03 08:33:12,280 [EventQueue-StaleNodeForStaleNodeHandler] INFO  pipeline.PipelineStateManager (PipelineStateManager.java:finalizePipeline(123)) - Pipeline Pipeline[ Id: cae3d686-39de-45db-bc1c-28b6cdf7d3de, Nodes: ba87ae0a-6ea0-47b2-b3c7-194fd3912d70{ip: 192.168.151.103, host: pr-hdds-2234-ztsc4-2614151736, networkLocation: /default-rack, certSerialId: null}, Type:RATIS, Factor:ONE, State:CLOSED] moved to CLOSED state
2019-10-03 08:33:12,281 [EventQueue-StaleNodeForStaleNodeHandler] INFO  pipeline.SCMPipelineManager (SCMPipelineManager.java:finalizeAndDestroyPipeline(315)) - destroying pipeline:Pipeline[ Id: e619aba9-bfc9-436e-8cfc-f6e9279483a3, Nodes: 681a0601-90e6-4364-b871-1ad035efeee4{ip: 192.168.151.103, host: pr-hdds-2234-ztsc4-2614151736, networkLocation: /default-rack, certSerialId: null}29c911b2-ebe4-409a-8bb5-8ec1ac3a1adf{ip: 192.168.151.103, host: pr-hdds-2234-ztsc4-2614151736, networkLocation: /default-rack, certSerialId: null}ba87ae0a-6ea0-47b2-b3c7-194fd3912d70{ip: 192.168.151.103, host: pr-hdds-2234-ztsc4-2614151736, networkLocation: /default-rack, certSerialId: null}, Type:RATIS, Factor:THREE, State:OPEN]
2019-10-03 08:33:12,281 [EventQueue-StaleNodeForStaleNodeHandler] INFO  pipeline.PipelineStateManager (PipelineStateManager.java:finalizePipeline(123)) - Pipeline Pipeline[ Id: e619aba9-bfc9-436e-8cfc-f6e9279483a3, Nodes: 681a0601-90e6-4364-b871-1ad035efeee4{ip: 192.168.151.103, host: pr-hdds-2234-ztsc4-2614151736, networkLocation: /default-rack, certSerialId: null}29c911b2-ebe4-409a-8bb5-8ec1ac3a1adf{ip: 192.168.151.103, host: pr-hdds-2234-ztsc4-2614151736, networkLocation: /default-rack, certSerialId: null}ba87ae0a-6ea0-47b2-b3c7-194fd3912d70{ip: 192.168.151.103, host: pr-hdds-2234-ztsc4-2614151736, networkLocation: /default-rack, certSerialId: null}, Type:RATIS, Factor:THREE, State:CLOSED] moved to CLOSED state
2019-10-03 08:33:12,281 [EventQueue-CloseContainerForCloseContainerEventHandler] INFO  container.CloseContainerEventHandler (CloseContainerEventHandler.java:onMessage(61)) - Close container Event triggered for container : #2
2019-10-03 08:33:12,417 [ForkJoinPool.commonPool-worker-1] INFO  ozoneimpl.OzoneContainer (OzoneContainer.java:stop(231)) - Attempting to stop container services.
2019-10-03 08:33:12,417 [main] INFO  ozoneimpl.OzoneContainer (OzoneContainer.java:stop(231)) - Attempting to stop container services.
2019-10-03 08:33:12,419 [ForkJoinPool.commonPool-worker-1] INFO  impl.RaftServerProxy (RaftServerProxy.java:lambda$close$4(314)) - 072f5f93-30cd-441c-b95e-93d65198a03a: close
2019-10-03 08:33:12,420 [main] INFO  impl.RaftServerProxy (RaftServerProxy.java:lambda$close$4(314)) - ba87ae0a-6ea0-47b2-b3c7-194fd3912d70: close
2019-10-03 08:33:12,420 [ForkJoinPool.commonPool-worker-1] INFO  impl.RaftServerImpl (RaftServerImpl.java:lambda$shutdown$3(247)) - 072f5f93-30cd-441c-b95e-93d65198a03a@group-83C2B07EA132: shutdown
2019-10-03 08:33:12,420 [main] INFO  impl.RaftServerImpl (RaftServerImpl.java:lambda$shutdown$3(247)) - ba87ae0a-6ea0-47b2-b3c7-194fd3912d70@group-28B6CDF7D3DE: shutdown
2019-10-03 08:33:12,420 [ForkJoinPool.commonPool-worker-1] INFO  util.JmxRegister (JmxRegister.java:unregister(73)) - Successfully un-registered JMX Bean with object name Ratis:service=RaftServer,group=group-83C2B07EA132,id=072f5f93-30cd-441c-b95e-93d65198a03a
2019-10-03 08:33:12,421 [main] INFO  util.JmxRegister (JmxRegister.java:unregister(73)) - Successfully un-registered JMX Bean with object name Ratis:service=RaftServer,group=group-28B6CDF7D3DE,id=ba87ae0a-6ea0-47b2-b3c7-194fd3912d70
2019-10-03 08:33:12,421 [ForkJoinPool.commonPool-worker-1] INFO  impl.RoleInfo (RoleInfo.java:shutdownFollowerState(121)) - 072f5f93-30cd-441c-b95e-93d65198a03a: shutdown FollowerState
2019-10-03 08:33:12,421 [main] INFO  impl.RoleInfo (RoleInfo.java:shutdownLeaderState(104)) - ba87ae0a-6ea0-47b2-b3c7-194fd3912d70: shutdown LeaderState
2019-10-03 08:33:12,421 [072f5f93-30cd-441c-b95e-93d65198a03a@group-83C2B07EA132-StateMachineUpdater] INFO  ratis.ContainerStateMachine (ContainerStateMachine.java:takeSnapshot(293)) - group-83C2B07EA132: Taking a snapshot at:(t:1, i:13) file /workdir/hadoop-ozone/integration-test/target/test-dir/MiniOzoneClusterImpl-176ba0bc-51bb-4eaa-8e2d-f4d79c94d5b2/datanode-2/data/ratis/4b3fe8a2-ab39-483c-a3e4-83c2b07ea132/sm/snapshot.1_13
2019-10-03 08:33:12,421 [Thread-3300] INFO  impl.FollowerState (FollowerState.java:run(117)) - 072f5f93-30cd-441c-b95e-93d65198a03a@group-83C2B07EA132-FollowerState was interrupted: java.lang.InterruptedException: sleep interrupted
2019-10-03 08:33:12,421 [ForkJoinPool.commonPool-worker-1] INFO  impl.StateMachineUpdater (StateMachineUpdater.java:stopAndJoin(136)) - 072f5f93-30cd-441c-b95e-93d65198a03a@group-83C2B07EA132-StateMachineUpdater: set stopIndex = 17
2019-10-03 08:33:12,422 [main] INFO  impl.PendingRequests (PendingRequests.java:sendNotLeaderResponses(202)) - ba87ae0a-6ea0-47b2-b3c7-194fd3912d70@group-28B6CDF7D3DE-PendingRequests: sendNotLeaderResponses
2019-10-03 08:33:12,424 [main] INFO  impl.StateMachineUpdater (StateMachineUpdater.java:stopAndJoin(136)) - ba87ae0a-6ea0-47b2-b3c7-194fd3912d70@group-28B6CDF7D3DE-StateMachineUpdater: set stopIndex = 0
2019-10-03 08:33:12,425 [main] INFO  impl.RaftServerImpl (ServerState.java:close(387)) - ba87ae0a-6ea0-47b2-b3c7-194fd3912d70@group-28B6CDF7D3DE: closes. applyIndex: 0
2019-10-03 08:33:12,425 [ba87ae0a-6ea0-47b2-b3c7-194fd3912d70@group-28B6CDF7D3DE-SegmentedRaftLogWorker] INFO  segmented.SegmentedRaftLogWorker (SegmentedRaftLogWorker.java:run(316)) - ba87ae0a-6ea0-47b2-b3c7-194fd3912d70@group-28B6CDF7D3DE-SegmentedRaftLogWorker was interrupted, exiting. There are 0 tasks remaining in the queue.
2019-10-03 08:33:12,427 [main] INFO  segmented.SegmentedRaftLogWorker (SegmentedRaftLogWorker.java:close(224)) - ba87ae0a-6ea0-47b2-b3c7-194fd3912d70@group-28B6CDF7D3DE-SegmentedRaftLogWorker close()
2019-10-03 08:33:12,430 [main] INFO  impl.RaftServerImpl (RaftServerImpl.java:lambda$shutdown$3(247)) - ba87ae0a-6ea0-47b2-b3c7-194fd3912d70@group-F6E9279483A3: shutdown
2019-10-03 08:33:12,430 [main] INFO  util.JmxRegister (JmxRegister.java:unregister(73)) - Successfully un-registered JMX Bean with object name Ratis:service=RaftServer,group=group-F6E9279483A3,id=ba87ae0a-6ea0-47b2-b3c7-194fd3912d70
2019-10-03 08:33:12,430 [main] INFO  impl.RoleInfo (RoleInfo.java:shutdownFollowerState(121)) - ba87ae0a-6ea0-47b2-b3c7-194fd3912d70: shutdown FollowerState
2019-10-03 08:33:12,431 [main] INFO  impl.StateMachineUpdater (StateMachineUpdater.java:stopAndJoin(136)) - ba87ae0a-6ea0-47b2-b3c7-194fd3912d70@group-F6E9279483A3-StateMachineUpdater: set stopIndex = 16
2019-10-03 08:33:12,431 [Thread-3170] INFO  impl.FollowerState (FollowerState.java:run(117)) - ba87ae0a-6ea0-47b2-b3c7-194fd3912d70@group-F6E9279483A3-FollowerState was interrupted: java.lang.InterruptedException: sleep interrupted
2019-10-03 08:33:12,431 [ba87ae0a-6ea0-47b2-b3c7-194fd3912d70@group-F6E9279483A3-StateMachineUpdater] INFO  ratis.ContainerStateMachine (ContainerStateMachine.java:takeSnapshot(293)) - group-F6E9279483A3: Taking a snapshot at:(t:1, i:14) file /workdir/hadoop-ozone/integration-test/target/test-dir/MiniOzoneClusterImpl-176ba0bc-51bb-4eaa-8e2d-f4d79c94d5b2/datanode-4/data/ratis/e619aba9-bfc9-436e-8cfc-f6e9279483a3/sm/snapshot.1_14
2019-10-03 08:33:12,435 [072f5f93-30cd-441c-b95e-93d65198a03a@group-83C2B07EA132-StateMachineUpdater] INFO  ratis.ContainerStateMachine (ContainerStateMachine.java:takeSnapshot(304)) - group-83C2B07EA132: Finished taking a snapshot at:(t:1, i:13) file:/workdir/hadoop-ozone/integration-test/target/test-dir/MiniOzoneClusterImpl-176ba0bc-51bb-4eaa-8e2d-f4d79c94d5b2/datanode-2/data/ratis/4b3fe8a2-ab39-483c-a3e4-83c2b07ea132/sm/snapshot.1_13 time:14
2019-10-03 08:33:12,435 [072f5f93-30cd-441c-b95e-93d65198a03a@group-83C2B07EA132-StateMachineUpdater] INFO  impl.StateMachineUpdater (StateMachineUpdater.java:takeSnapshot(269)) - 072f5f93-30cd-441c-b95e-93d65198a03a@group-83C2B07EA132-StateMachineUpdater: Took a snapshot at index 13
2019-10-03 08:33:12,435 [072f5f93-30cd-441c-b95e-93d65198a03a@group-83C2B07EA132-StateMachineUpdater] INFO  impl.StateMachineUpdater (StateMachineUpdater.java:lambda$new$0(84)) - 072f5f93-30cd-441c-b95e-93d65198a03a@group-83C2B07EA132-StateMachineUpdater: snapshotIndex: updateIncreasingly -1 -> 13
2019-10-03 08:33:12,436 [072f5f93-30cd-441c-b95e-93d65198a03a@group-83C2B07EA132-StateMachineUpdater] INFO  ratis.ContainerStateMachine (ContainerStateMachine.java:takeSnapshot(293)) - group-83C2B07EA132: Taking a snapshot at:(t:1, i:13) file /workdir/hadoop-ozone/integration-test/target/test-dir/MiniOzoneClusterImpl-176ba0bc-51bb-4eaa-8e2d-f4d79c94d5b2/datanode-2/data/ratis/4b3fe8a2-ab39-483c-a3e4-83c2b07ea132/sm/snapshot.1_13
2019-10-03 08:33:12,436 [ba87ae0a-6ea0-47b2-b3c7-194fd3912d70@group-F6E9279483A3-StateMachineUpdater] INFO  ratis.ContainerStateMachine (ContainerStateMachine.java:takeSnapshot(304)) - group-F6E9279483A3: Finished taking a snapshot at:(t:1, i:14) file:/workdir/hadoop-ozone/integration-test/target/test-dir/MiniOzoneClusterImpl-176ba0bc-51bb-4eaa-8e2d-f4d79c94d5b2/datanode-4/data/ratis/e619aba9-bfc9-436e-8cfc-f6e9279483a3/sm/snapshot.1_14 time:5
2019-10-03 08:33:12,436 [ba87ae0a-6ea0-47b2-b3c7-194fd3912d70@group-F6E9279483A3-StateMachineUpdater] INFO  impl.StateMachineUpdater (StateMachineUpdater.java:takeSnapshot(269)) - ba87ae0a-6ea0-47b2-b3c7-194fd3912d70@group-F6E9279483A3-StateMachineUpdater: Took a snapshot at index 14
2019-10-03 08:33:12,436 [ba87ae0a-6ea0-47b2-b3c7-194fd3912d70@group-F6E9279483A3-StateMachineUpdater] INFO  impl.StateMachineUpdater (StateMachineUpdater.java:lambda$new$0(84)) - ba87ae0a-6ea0-47b2-b3c7-194fd3912d70@group-F6E9279483A3-StateMachineUpdater: snapshotIndex: updateIncreasingly -1 -> 14
2019-10-03 08:33:12,437 [ba87ae0a-6ea0-47b2-b3c7-194fd3912d70@group-F6E9279483A3-StateMachineUpdater] INFO  ratis.ContainerStateMachine (ContainerStateMachine.java:takeSnapshot(293)) - group-F6E9279483A3: Taking a snapshot at:(t:1, i:14) file /workdir/hadoop-ozone/integration-test/target/test-dir/MiniOzoneClusterImpl-176ba0bc-51bb-4eaa-8e2d-f4d79c94d5b2/datanode-4/data/ratis/e619aba9-bfc9-436e-8cfc-f6e9279483a3/sm/snapshot.1_14
2019-10-03 08:33:12,437 [072f5f93-30cd-441c-b95e-93d65198a03a@group-83C2B07EA132-StateMachineUpdater] INFO  ratis.ContainerStateMachine (ContainerStateMachine.java:takeSnapshot(304)) - group-83C2B07EA132: Finished taking a snapshot at:(t:1, i:13) file:/workdir/hadoop-ozone/integration-test/target/test-dir/MiniOzoneClusterImpl-176ba0bc-51bb-4eaa-8e2d-f4d79c94d5b2/datanode-2/data/ratis/4b3fe8a2-ab39-483c-a3e4-83c2b07ea132/sm/snapshot.1_13 time:2
2019-10-03 08:33:12,438 [072f5f93-30cd-441c-b95e-93d65198a03a@group-83C2B07EA132-StateMachineUpdater] INFO  impl.StateMachineUpdater (StateMachineUpdater.java:takeSnapshot(269)) - 072f5f93-30cd-441c-b95e-93d65198a03a@group-83C2B07EA132-StateMachineUpdater: Took a snapshot at index 13
2019-10-03 08:33:12,438 [072f5f93-30cd-441c-b95e-93d65198a03a@group-83C2B07EA132-StateMachineUpdater] INFO  impl.StateMachineUpdater (StateMachineUpdater.java:lambda$new$0(84)) - 072f5f93-30cd-441c-b95e-93d65198a03a@group-83C2B07EA132-StateMachineUpdater: snapshotIndex: updateIncreasingly 13 -> 13
2019-10-03 08:33:12,438 [ForkJoinPool.commonPool-worker-1] INFO  impl.RaftServerImpl (ServerState.java:close(387)) - 072f5f93-30cd-441c-b95e-93d65198a03a@group-83C2B07EA132: closes. applyIndex: 17
2019-10-03 08:33:12,438 [072f5f93-30cd-441c-b95e-93d65198a03a@group-83C2B07EA132-SegmentedRaftLogWorker] INFO  segmented.SegmentedRaftLogWorker (SegmentedRaftLogWorker.java:run(316)) - 072f5f93-30cd-441c-b95e-93d65198a03a@group-83C2B07EA132-SegmentedRaftLogWorker was interrupted, exiting. There are 0 tasks remaining in the queue.
2019-10-03 08:33:12,440 [ba87ae0a-6ea0-47b2-b3c7-194fd3912d70@group-F6E9279483A3-StateMachineUpdater] INFO  ratis.ContainerStateMachine (ContainerStateMachine.java:takeSnapshot(304)) - group-F6E9279483A3: Finished taking a snapshot at:(t:1, i:14) file:/workdir/hadoop-ozone/integration-test/target/test-dir/MiniOzoneClusterImpl-176ba0bc-51bb-4eaa-8e2d-f4d79c94d5b2/datanode-4/data/ratis/e619aba9-bfc9-436e-8cfc-f6e9279483a3/sm/snapshot.1_14 time:4
2019-10-03 08:33:12,440 [ForkJoinPool.commonPool-worker-1] INFO  segmented.SegmentedRaftLogWorker (SegmentedRaftLogWorker.java:close(224)) - 072f5f93-30cd-441c-b95e-93d65198a03a@group-83C2B07EA132-SegmentedRaftLogWorker close()
2019-10-03 08:33:12,440 [ba87ae0a-6ea0-47b2-b3c7-194fd3912d70@group-F6E9279483A3-StateMachineUpdater] INFO  impl.StateMachineUpdater (StateMachineUpdater.java:takeSnapshot(269)) - ba87ae0a-6ea0-47b2-b3c7-194fd3912d70@group-F6E9279483A3-StateMachineUpdater: Took a snapshot at index 14
2019-10-03 08:33:12,443 [ForkJoinPool.commonPool-worker-1] INFO  impl.RaftServerImpl (RaftServerImpl.java:lambda$shutdown$3(247)) - 072f5f93-30cd-441c-b95e-93d65198a03a@group-775D767F10C1: shutdown
2019-10-03 08:33:12,443 [ba87ae0a-6ea0-47b2-b3c7-194fd3912d70@group-F6E9279483A3-StateMachineUpdater] INFO  impl.StateMachineUpdater (StateMachineUpdater.java:lambda$new$0(84)) - ba87ae0a-6ea0-47b2-b3c7-194fd3912d70@group-F6E9279483A3-StateMachineUpdater: snapshotIndex: updateIncreasingly 14 -> 14
2019-10-03 08:33:12,443 [ForkJoinPool.commonPool-worker-1] INFO  util.JmxRegister (JmxRegister.java:unregister(73)) - Successfully un-registered JMX Bean with object name Ratis:service=RaftServer,group=group-775D767F10C1,id=072f5f93-30cd-441c-b95e-93d65198a03a
2019-10-03 08:33:12,443 [main] INFO  impl.RaftServerImpl (ServerState.java:close(387)) - ba87ae0a-6ea0-47b2-b3c7-194fd3912d70@group-F6E9279483A3: closes. applyIndex: 16
2019-10-03 08:33:12,443 [ForkJoinPool.commonPool-worker-1] INFO  impl.RoleInfo (RoleInfo.java:shutdownLeaderState(104)) - 072f5f93-30cd-441c-b95e-93d65198a03a: shutdown LeaderState
2019-10-03 08:33:12,444 [ba87ae0a-6ea0-47b2-b3c7-194fd3912d70@group-F6E9279483A3-SegmentedRaftLogWorker] INFO  segmented.SegmentedRaftLogWorker (SegmentedRaftLogWorker.java:run(316)) - ba87ae0a-6ea0-47b2-b3c7-194fd3912d70@group-F6E9279483A3-SegmentedRaftLogWorker was interrupted, exiting. There are 0 tasks remaining in the queue.
2019-10-03 08:33:12,444 [ForkJoinPool.commonPool-worker-1] INFO  impl.PendingRequests (PendingRequests.java:sendNotLeaderResponses(202)) - 072f5f93-30cd-441c-b95e-93d65198a03a@group-775D767F10C1-PendingRequests: sendNotLeaderResponses
2019-10-03 08:33:12,446 [main] INFO  segmented.SegmentedRaftLogWorker (SegmentedRaftLogWorker.java:close(224)) - ba87ae0a-6ea0-47b2-b3c7-194fd3912d70@group-F6E9279483A3-SegmentedRaftLogWorker close()
2019-10-03 08:33:12,446 [ForkJoinPool.commonPool-worker-1] INFO  impl.StateMachineUpdater (StateMachineUpdater.java:stopAndJoin(136)) - 072f5f93-30cd-441c-b95e-93d65198a03a@group-775D767F10C1-StateMachineUpdater: set stopIndex = 0
2019-10-03 08:33:12,449 [main] INFO  server.GrpcService (GrpcService.java:closeImpl(164)) - ba87ae0a-6ea0-47b2-b3c7-194fd3912d70: shutdown server with port 33183 now
2019-10-03 08:33:12,449 [ForkJoinPool.commonPool-worker-1] INFO  impl.RaftServerImpl (ServerState.java:close(387)) - 072f5f93-30cd-441c-b95e-93d65198a03a@group-775D767F10C1: closes. applyIndex: 0
2019-10-03 08:33:12,450 [072f5f93-30cd-441c-b95e-93d65198a03a@group-775D767F10C1-SegmentedRaftLogWorker] INFO  segmented.SegmentedRaftLogWorker (SegmentedRaftLogWorker.java:run(316)) - 072f5f93-30cd-441c-b95e-93d65198a03a@group-775D767F10C1-SegmentedRaftLogWorker was interrupted, exiting. There are 0 tasks remaining in the queue.
2019-10-03 08:33:12,451 [ForkJoinPool.commonPool-worker-1] INFO  segmented.SegmentedRaftLogWorker (SegmentedRaftLogWorker.java:close(224)) - 072f5f93-30cd-441c-b95e-93d65198a03a@group-775D767F10C1-SegmentedRaftLogWorker close()
2019-10-03 08:33:12,454 [ForkJoinPool.commonPool-worker-1] INFO  server.GrpcService (GrpcService.java:closeImpl(164)) - 072f5f93-30cd-441c-b95e-93d65198a03a: shutdown server with port 36662 now
2019-10-03 08:33:12,455 [grpc-default-executor-3] WARN  server.GrpcServerProtocolService (LogUtils.java:warn(134)) - ba87ae0a-6ea0-47b2-b3c7-194fd3912d70: installSnapshot onError, lastRequest: 29c911b2-ebe4-409a-8bb5-8ec1ac3a1adf->ba87ae0a-6ea0-47b2-b3c7-194fd3912d70#27-t1, previous=(t:1, i:16), leaderCommit=16, initializing? false, entries: <empty>: org.apache.ratis.thirdparty.io.grpc.StatusRuntimeException: CANCELLED: cancelled before receiving half close
2019-10-03 08:33:12,455 [grpc-default-executor-8] WARN  server.GrpcServerProtocolService (LogUtils.java:warn(134)) - 072f5f93-30cd-441c-b95e-93d65198a03a: installSnapshot onError, lastRequest: e3fb16e0-7066-4756-a24b-fa8bee236c7d->072f5f93-30cd-441c-b95e-93d65198a03a#4-t3, previous=(t:3, i:17), leaderCommit=17, initializing? false, entries: <empty>: org.apache.ratis.thirdparty.io.grpc.StatusRuntimeException: CANCELLED: cancelled before receiving half close
2019-10-03 08:33:12,455 [main] INFO  server.GrpcService (GrpcService.java:closeImpl(172)) - ba87ae0a-6ea0-47b2-b3c7-194fd3912d70: shutdown server with port 33183 successfully
2019-10-03 08:33:12,455 [grpc-default-executor-9] WARN  server.GrpcLogAppender (LogUtils.java:warn(134)) - e3fb16e0-7066-4756-a24b-fa8bee236c7d@group-83C2B07EA132->072f5f93-30cd-441c-b95e-93d65198a03a-AppendLogResponseHandler: Failed appendEntries: org.apache.ratis.thirdparty.io.grpc.StatusRuntimeException: CANCELLED: HTTP/2 error code: CANCEL
Received Rst Stream
2019-10-03 08:33:12,455 [grpc-default-executor-4] WARN  server.GrpcLogAppender (LogUtils.java:warn(134)) - 29c911b2-ebe4-409a-8bb5-8ec1ac3a1adf@group-F6E9279483A3->ba87ae0a-6ea0-47b2-b3c7-194fd3912d70-AppendLogResponseHandler: Failed appendEntries: org.apache.ratis.thirdparty.io.grpc.StatusRuntimeException: CANCELLED: HTTP/2 error code: CANCEL
Received Rst Stream
2019-10-03 08:33:12,455 [ForkJoinPool.commonPool-worker-1] INFO  server.GrpcService (GrpcService.java:closeImpl(172)) - 072f5f93-30cd-441c-b95e-93d65198a03a: shutdown server with port 36662 successfully
2019-10-03 08:33:12,455 [grpc-default-executor-9] INFO  impl.FollowerInfo (FollowerInfo.java:lambda$new$0(51)) - e3fb16e0-7066-4756-a24b-fa8bee236c7d@group-83C2B07EA132->072f5f93-30cd-441c-b95e-93d65198a03a: nextIndex: updateUnconditionally 18 -> 17
2019-10-03 08:33:12,456 [grpc-default-executor-4] INFO  impl.FollowerInfo (FollowerInfo.java:lambda$new$0(51)) - 29c911b2-ebe4-409a-8bb5-8ec1ac3a1adf@group-F6E9279483A3->ba87ae0a-6ea0-47b2-b3c7-194fd3912d70: nextIndex: updateUnconditionally 17 -> 16
2019-10-03 08:33:12,457 [refreshUsed-/workdir/hadoop-ozone/integration-test/target/test-dir/MiniOzoneClusterImpl-176ba0bc-51bb-4eaa-8e2d-f4d79c94d5b2/datanode-4/data/containers] WARN  fs.CachingGetSpaceUsed (CachingGetSpaceUsed.java:run(183)) - Thread Interrupted waiting to refresh disk information: sleep interrupted
2019-10-03 08:33:12,460 [refreshUsed-/workdir/hadoop-ozone/integration-test/target/test-dir/MiniOzoneClusterImpl-176ba0bc-51bb-4eaa-8e2d-f4d79c94d5b2/datanode-2/data/containers] WARN  fs.CachingGetSpaceUsed (CachingGetSpaceUsed.java:run(183)) - Thread Interrupted waiting to refresh disk information: sleep interrupted
2019-10-03 08:33:12,473 [ForkJoinPool.commonPool-worker-1] INFO  utils.BackgroundService (BackgroundService.java:shutdown(148)) - Shutting down service BlockDeletingService
2019-10-03 08:33:12,478 [ForkJoinPool.commonPool-worker-1] INFO  statemachine.DatanodeStateMachine (DatanodeStateMachine.java:stopDaemon(395)) - Ozone container server stopped.
2019-10-03 08:33:12,483 [ForkJoinPool.commonPool-worker-1] INFO  handler.ContextHandler (ContextHandler.java:doStop(910)) - Stopped o.e.j.w.WebAppContext@19a5b637{/,null,UNAVAILABLE}{/hddsDatanode}
2019-10-03 08:33:12,483 [ForkJoinPool.commonPool-worker-1] INFO  server.AbstractConnector (AbstractConnector.java:doStop(318)) - Stopped ServerConnector@4f3c7808{HTTP/1.1,[http/1.1]}{0.0.0.0:0}
2019-10-03 08:33:12,483 [main] INFO  utils.BackgroundService (BackgroundService.java:shutdown(148)) - Shutting down service BlockDeletingService
2019-10-03 08:33:12,485 [ForkJoinPool.commonPool-worker-1] INFO  handler.ContextHandler (ContextHandler.java:doStop(910)) - Stopped o.e.j.s.ServletContextHandler@36d582cb{/static,jar:file:/home/user/.m2/repository/org/apache/hadoop/hadoop-hdds-container-service/0.5.0-SNAPSHOT/hadoop-hdds-container-service-0.5.0-SNAPSHOT.jar!/webapps/static,UNAVAILABLE}
2019-10-03 08:33:12,490 [main] INFO  statemachine.DatanodeStateMachine (DatanodeStateMachine.java:stopDaemon(395)) - Ozone container server stopped.
2019-10-03 08:33:12,491 [ForkJoinPool.commonPool-worker-1] INFO  handler.ContextHandler (ContextHandler.java:doStop(910)) - Stopped o.e.j.s.ServletContextHandler@226d5af0{/logs,file:///workdir/hadoop-ozone/integration-test/target/log,UNAVAILABLE}
2019-10-03 08:33:12,491 [main] INFO  handler.ContextHandler (ContextHandler.java:doStop(910)) - Stopped o.e.j.w.WebAppContext@2abc55c4{/,null,UNAVAILABLE}{/hddsDatanode}
2019-10-03 08:33:12,492 [main] INFO  server.AbstractConnector (AbstractConnector.java:doStop(318)) - Stopped ServerConnector@4e958f08{HTTP/1.1,[http/1.1]}{0.0.0.0:0}
2019-10-03 08:33:12,492 [main] INFO  handler.ContextHandler (ContextHandler.java:doStop(910)) - Stopped o.e.j.s.ServletContextHandler@4eb9ae4d{/static,jar:file:/home/user/.m2/repository/org/apache/hadoop/hadoop-hdds-container-service/0.5.0-SNAPSHOT/hadoop-hdds-container-service-0.5.0-SNAPSHOT.jar!/webapps/static,UNAVAILABLE}
2019-10-03 08:33:12,492 [main] INFO  handler.ContextHandler (ContextHandler.java:doStop(910)) - Stopped o.e.j.s.ServletContextHandler@7761e342{/logs,file:///workdir/hadoop-ozone/integration-test/target/log,UNAVAILABLE}
2019-10-03 08:33:12,544 [Datanode State Machine Thread - 0] INFO  statemachine.DatanodeStateMachine (DatanodeStateMachine.java:lambda$startDaemon$0(350)) - Ozone container server started.
2019-10-03 08:33:12,974 [Datanode State Machine Thread - 0] INFO  statemachine.DatanodeStateMachine (DatanodeStateMachine.java:lambda$startDaemon$0(350)) - Ozone container server started.
2019-10-03 08:33:14,249 [grpc-default-executor-4] WARN  server.GrpcLogAppender (LogUtils.java:warn(134)) - e3fb16e0-7066-4756-a24b-fa8bee236c7d@group-83C2B07EA132->8fa6b618-ecc1-4831-80a7-5b838334a4af-AppendLogResponseHandler: Failed appendEntries: org.apache.ratis.thirdparty.io.grpc.StatusRuntimeException: UNAVAILABLE: io exception
2019-10-03 08:33:14,249 [grpc-default-executor-4] INFO  impl.FollowerInfo (FollowerInfo.java:lambda$new$0(51)) - e3fb16e0-7066-4756-a24b-fa8bee236c7d@group-83C2B07EA132->8fa6b618-ecc1-4831-80a7-5b838334a4af: nextIndex: updateUnconditionally 0 -> 0
2019-10-03 08:33:14,253 [grpc-default-executor-8] WARN  server.GrpcLogAppender (LogUtils.java:warn(134)) - e3fb16e0-7066-4756-a24b-fa8bee236c7d@group-83C2B07EA132->072f5f93-30cd-441c-b95e-93d65198a03a-AppendLogResponseHandler: Failed appendEntries: org.apache.ratis.thirdparty.io.grpc.StatusRuntimeException: UNAVAILABLE: io exception
2019-10-03 08:33:14,254 [grpc-default-executor-8] INFO  impl.FollowerInfo (FollowerInfo.java:lambda$new$0(51)) - e3fb16e0-7066-4756-a24b-fa8bee236c7d@group-83C2B07EA132->072f5f93-30cd-441c-b95e-93d65198a03a: nextIndex: updateUnconditionally 17 -> 16
2019-10-03 08:33:14,890 [grpc-default-executor-8] WARN  server.GrpcLogAppender (LogUtils.java:warn(134)) - 29c911b2-ebe4-409a-8bb5-8ec1ac3a1adf@group-F6E9279483A3->ba87ae0a-6ea0-47b2-b3c7-194fd3912d70-AppendLogResponseHandler: Failed appendEntries: org.apache.ratis.thirdparty.io.grpc.StatusRuntimeException: UNAVAILABLE: io exception
2019-10-03 08:33:14,890 [grpc-default-executor-8] INFO  impl.FollowerInfo (FollowerInfo.java:lambda$new$0(51)) - 29c911b2-ebe4-409a-8bb5-8ec1ac3a1adf@group-F6E9279483A3->ba87ae0a-6ea0-47b2-b3c7-194fd3912d70: nextIndex: updateUnconditionally 16 -> 15
2019-10-03 08:33:15,229 [grpc-default-executor-4] WARN  server.GrpcLogAppender (LogUtils.java:warn(134)) - 29c911b2-ebe4-409a-8bb5-8ec1ac3a1adf@group-F6E9279483A3->ba87ae0a-6ea0-47b2-b3c7-194fd3912d70-AppendLogResponseHandler: Failed appendEntries: org.apache.ratis.thirdparty.io.grpc.StatusRuntimeException: UNAVAILABLE: io exception
2019-10-03 08:33:15,229 [grpc-default-executor-4] INFO  impl.FollowerInfo (FollowerInfo.java:lambda$new$0(51)) - 29c911b2-ebe4-409a-8bb5-8ec1ac3a1adf@group-F6E9279483A3->ba87ae0a-6ea0-47b2-b3c7-194fd3912d70: nextIndex: updateUnconditionally 16 -> 15
2019-10-03 08:33:15,240 [grpc-default-executor-9] WARN  server.GrpcLogAppender (LogUtils.java:warn(134)) - 29c911b2-ebe4-409a-8bb5-8ec1ac3a1adf@group-F6E9279483A3->ba87ae0a-6ea0-47b2-b3c7-194fd3912d70-AppendLogResponseHandler: Failed appendEntries: org.apache.ratis.thirdparty.io.grpc.StatusRuntimeException: UNAVAILABLE: io exception
2019-10-03 08:33:15,241 [grpc-default-executor-9] INFO  impl.FollowerInfo (FollowerInfo.java:lambda$new$0(51)) - 29c911b2-ebe4-409a-8bb5-8ec1ac3a1adf@group-F6E9279483A3->ba87ae0a-6ea0-47b2-b3c7-194fd3912d70: nextIndex: updateUnconditionally 16 -> 15
2019-10-03 08:33:15,252 [grpc-default-executor-4] WARN  server.GrpcLogAppender (LogUtils.java:warn(134)) - 29c911b2-ebe4-409a-8bb5-8ec1ac3a1adf@group-F6E9279483A3->ba87ae0a-6ea0-47b2-b3c7-194fd3912d70-AppendLogResponseHandler: Failed appendEntries: org.apache.ratis.thirdparty.io.grpc.StatusRuntimeException: UNAVAILABLE: io exception
2019-10-03 08:33:15,252 [grpc-default-executor-4] INFO  impl.FollowerInfo (FollowerInfo.java:lambda$new$0(51)) - 29c911b2-ebe4-409a-8bb5-8ec1ac3a1adf@group-F6E9279483A3->ba87ae0a-6ea0-47b2-b3c7-194fd3912d70: nextIndex: updateUnconditionally 16 -> 15
2019-10-03 08:33:15,254 [RatisApplyTransactionExecutor 2] INFO  interfaces.Container (KeyValueContainer.java:flushAndSyncDB(386)) - Container 2 is synced with bcsId 14.
2019-10-03 08:33:15,254 [RatisApplyTransactionExecutor 2] INFO  interfaces.Container (KeyValueContainer.java:flushAndSyncDB(386)) - Container 2 is synced with bcsId 14.
2019-10-03 08:33:15,254 [RatisApplyTransactionExecutor 2] INFO  interfaces.Container (KeyValueContainer.java:flushAndSyncDB(386)) - Container 2 is synced with bcsId 14.
2019-10-03 08:33:15,254 [RatisApplyTransactionExecutor 2] INFO  interfaces.Container (KeyValueContainer.java:flushAndSyncDB(386)) - Container 2 is synced with bcsId 14.
2019-10-03 08:33:15,268 [RatisApplyTransactionExecutor 2] INFO  interfaces.Container (KeyValueContainer.java:close(335)) - Container 2 is closed with bcsId 14.
2019-10-03 08:33:15,268 [RatisApplyTransactionExecutor 2] INFO  interfaces.Container (KeyValueContainer.java:close(335)) - Container 2 is closed with bcsId 14.
2019-10-03 08:33:15,269 [EventQueue-IncrementalContainerReportForIncrementalContainerReportHandler] INFO  container.IncrementalContainerReportHandler (AbstractContainerReportHandler.java:updateContainerState(176)) - Moving container #2 to CLOSED state, datanode 681a0601-90e6-4364-b871-1ad035efeee4{ip: 192.168.151.103, host: pr-hdds-2234-ztsc4-2614151736, networkLocation: /default-rack, certSerialId: null} reported CLOSED replica.
2019-10-03 08:33:16,584 [EventQueue-StaleNodeForStaleNodeHandler] INFO  node.StaleNodeHandler (StaleNodeHandler.java:onMessage(58)) - Datanode e3fb16e0-7066-4756-a24b-fa8bee236c7d{ip: 192.168.151.103, host: pr-hdds-2234-ztsc4-2614151736, networkLocation: /default-rack, certSerialId: null} moved to stale state. Finalizing its pipelines [PipelineID=4b3fe8a2-ab39-483c-a3e4-83c2b07ea132, PipelineID=de1d69a4-3e72-4eee-9fee-501331da7b11]
2019-10-03 08:33:16,585 [EventQueue-StaleNodeForStaleNodeHandler] INFO  pipeline.SCMPipelineManager (SCMPipelineManager.java:finalizeAndDestroyPipeline(315)) - destroying pipeline:Pipeline[ Id: 4b3fe8a2-ab39-483c-a3e4-83c2b07ea132, Nodes: 8fa6b618-ecc1-4831-80a7-5b838334a4af{ip: 192.168.151.103, host: pr-hdds-2234-ztsc4-2614151736, networkLocation: /default-rack, certSerialId: null}e3fb16e0-7066-4756-a24b-fa8bee236c7d{ip: 192.168.151.103, host: pr-hdds-2234-ztsc4-2614151736, networkLocation: /default-rack, certSerialId: null}072f5f93-30cd-441c-b95e-93d65198a03a{ip: 192.168.151.103, host: pr-hdds-2234-ztsc4-2614151736, networkLocation: /default-rack, certSerialId: null}, Type:RATIS, Factor:THREE, State:CLOSED]
2019-10-03 08:33:16,585 [EventQueue-StaleNodeForStaleNodeHandler] INFO  pipeline.SCMPipelineManager (SCMPipelineManager.java:finalizeAndDestroyPipeline(315)) - destroying pipeline:Pipeline[ Id: de1d69a4-3e72-4eee-9fee-501331da7b11, Nodes: e3fb16e0-7066-4756-a24b-fa8bee236c7d{ip: 192.168.151.103, host: pr-hdds-2234-ztsc4-2614151736, networkLocation: /default-rack, certSerialId: null}, Type:RATIS, Factor:ONE, State:OPEN]
2019-10-03 08:33:16,586 [EventQueue-StaleNodeForStaleNodeHandler] INFO  pipeline.PipelineStateManager (PipelineStateManager.java:finalizePipeline(123)) - Pipeline Pipeline[ Id: de1d69a4-3e72-4eee-9fee-501331da7b11, Nodes: e3fb16e0-7066-4756-a24b-fa8bee236c7d{ip: 192.168.151.103, host: pr-hdds-2234-ztsc4-2614151736, networkLocation: /default-rack, certSerialId: null}, Type:RATIS, Factor:ONE, State:CLOSED] moved to CLOSED state
2019-10-03 08:33:16,750 [grpc-default-executor-4] WARN  server.GrpcLogAppender (LogUtils.java:warn(134)) - e3fb16e0-7066-4756-a24b-fa8bee236c7d@group-83C2B07EA132->8fa6b618-ecc1-4831-80a7-5b838334a4af-AppendLogResponseHandler: Failed appendEntries: org.apache.ratis.thirdparty.io.grpc.StatusRuntimeException: UNAVAILABLE: io exception
2019-10-03 08:33:16,754 [grpc-default-executor-4] INFO  impl.FollowerInfo (FollowerInfo.java:lambda$new$0(51)) - e3fb16e0-7066-4756-a24b-fa8bee236c7d@group-83C2B07EA132->8fa6b618-ecc1-4831-80a7-5b838334a4af: nextIndex: updateUnconditionally 0 -> 0
2019-10-03 08:33:16,755 [grpc-default-executor-8] WARN  server.GrpcLogAppender (LogUtils.java:warn(134)) - e3fb16e0-7066-4756-a24b-fa8bee236c7d@group-83C2B07EA132->072f5f93-30cd-441c-b95e-93d65198a03a-AppendLogResponseHandler: Failed appendEntries: org.apache.ratis.thirdparty.io.grpc.StatusRuntimeException: UNAVAILABLE: io exception
2019-10-03 08:33:16,755 [grpc-default-executor-8] INFO  impl.FollowerInfo (FollowerInfo.java:lambda$new$0(51)) - e3fb16e0-7066-4756-a24b-fa8bee236c7d@group-83C2B07EA132->072f5f93-30cd-441c-b95e-93d65198a03a: nextIndex: updateUnconditionally 16 -> 15
2019-10-03 08:33:16,985 [EventQueue-StaleNodeForStaleNodeHandler] INFO  node.StaleNodeHandler (StaleNodeHandler.java:onMessage(58)) - Datanode 7708fc3f-22ad-4852-9dd3-b9f2e0e79c56{ip: 192.168.151.103, host: pr-hdds-2234-ztsc4-2614151736, networkLocation: /default-rack, certSerialId: null} moved to stale state. Finalizing its pipelines [PipelineID=12afe209-222f-4bfb-a874-50bd85d1dd8e]
2019-10-03 08:33:16,985 [EventQueue-StaleNodeForStaleNodeHandler] INFO  pipeline.SCMPipelineManager (SCMPipelineManager.java:finalizeAndDestroyPipeline(315)) - destroying pipeline:Pipeline[ Id: 12afe209-222f-4bfb-a874-50bd85d1dd8e, Nodes: 7708fc3f-22ad-4852-9dd3-b9f2e0e79c56{ip: 192.168.151.103, host: pr-hdds-2234-ztsc4-2614151736, networkLocation: /default-rack, certSerialId: null}, Type:RATIS, Factor:ONE, State:OPEN]
2019-10-03 08:33:16,985 [EventQueue-StaleNodeForStaleNodeHandler] INFO  pipeline.PipelineStateManager (PipelineStateManager.java:finalizePipeline(123)) - Pipeline Pipeline[ Id: 12afe209-222f-4bfb-a874-50bd85d1dd8e, Nodes: 7708fc3f-22ad-4852-9dd3-b9f2e0e79c56{ip: 192.168.151.103, host: pr-hdds-2234-ztsc4-2614151736, networkLocation: /default-rack, certSerialId: null}, Type:RATIS, Factor:ONE, State:CLOSED] moved to CLOSED state
2019-10-03 08:33:17,492 [ForkJoinPool.commonPool-worker-1] INFO  ozoneimpl.OzoneContainer (OzoneContainer.java:stop(231)) - Attempting to stop container services.
2019-10-03 08:33:17,493 [ForkJoinPool.commonPool-worker-1] INFO  impl.RaftServerProxy (RaftServerProxy.java:lambda$close$4(314)) - e3fb16e0-7066-4756-a24b-fa8bee236c7d: close
2019-10-03 08:33:17,493 [ForkJoinPool.commonPool-worker-1] INFO  impl.RaftServerImpl (RaftServerImpl.java:lambda$shutdown$3(247)) - e3fb16e0-7066-4756-a24b-fa8bee236c7d@group-83C2B07EA132: shutdown
2019-10-03 08:33:17,493 [main] INFO  ozoneimpl.OzoneContainer (OzoneContainer.java:stop(231)) - Attempting to stop container services.
2019-10-03 08:33:17,493 [ForkJoinPool.commonPool-worker-1] INFO  util.JmxRegister (JmxRegister.java:unregister(73)) - Successfully un-registered JMX Bean with object name Ratis:service=RaftServer,group=group-83C2B07EA132,id=e3fb16e0-7066-4756-a24b-fa8bee236c7d
2019-10-03 08:33:17,494 [main] INFO  impl.RaftServerProxy (RaftServerProxy.java:lambda$close$4(314)) - 7708fc3f-22ad-4852-9dd3-b9f2e0e79c56: close
2019-10-03 08:33:17,494 [ForkJoinPool.commonPool-worker-1] INFO  impl.RoleInfo (RoleInfo.java:shutdownLeaderState(104)) - e3fb16e0-7066-4756-a24b-fa8bee236c7d: shutdown LeaderState
2019-10-03 08:33:17,494 [main] INFO  impl.RaftServerImpl (RaftServerImpl.java:lambda$shutdown$3(247)) - 7708fc3f-22ad-4852-9dd3-b9f2e0e79c56@group-50BD85D1DD8E: shutdown
2019-10-03 08:33:17,498 [org.apache.ratis.server.impl.LogAppender$AppenderDaemon$$Lambda$513/1741827293@29576199] WARN  server.GrpcLogAppender (GrpcLogAppender.java:mayWait(143)) - e3fb16e0-7066-4756-a24b-fa8bee236c7d@group-83C2B07EA132->8fa6b618-ecc1-4831-80a7-5b838334a4af-GrpcLogAppender: Wait interrupted by java.lang.InterruptedException
2019-10-03 08:33:17,498 [ForkJoinPool.commonPool-worker-1] INFO  impl.PendingRequests (PendingRequests.java:sendNotLeaderResponses(202)) - e3fb16e0-7066-4756-a24b-fa8bee236c7d@group-83C2B07EA132-PendingRequests: sendNotLeaderResponses
2019-10-03 08:33:17,498 [org.apache.ratis.server.impl.LogAppender$AppenderDaemon$$Lambda$513/1741827293@48c31764] WARN  server.GrpcLogAppender (GrpcLogAppender.java:mayWait(143)) - e3fb16e0-7066-4756-a24b-fa8bee236c7d@group-83C2B07EA132->072f5f93-30cd-441c-b95e-93d65198a03a-GrpcLogAppender: Wait interrupted by java.lang.InterruptedException
2019-10-03 08:33:17,498 [main] INFO  util.JmxRegister (JmxRegister.java:unregister(73)) - Successfully un-registered JMX Bean with object name Ratis:service=RaftServer,group=group-50BD85D1DD8E,id=7708fc3f-22ad-4852-9dd3-b9f2e0e79c56
2019-10-03 08:33:17,499 [main] INFO  impl.RoleInfo (RoleInfo.java:shutdownLeaderState(104)) - 7708fc3f-22ad-4852-9dd3-b9f2e0e79c56: shutdown LeaderState
2019-10-03 08:33:17,499 [ForkJoinPool.commonPool-worker-1] INFO  impl.StateMachineUpdater (StateMachineUpdater.java:stopAndJoin(136)) - e3fb16e0-7066-4756-a24b-fa8bee236c7d@group-83C2B07EA132-StateMachineUpdater: set stopIndex = 17
2019-10-03 08:33:17,499 [main] INFO  impl.PendingRequests (PendingRequests.java:sendNotLeaderResponses(202)) - 7708fc3f-22ad-4852-9dd3-b9f2e0e79c56@group-50BD85D1DD8E-PendingRequests: sendNotLeaderResponses
2019-10-03 08:33:17,499 [e3fb16e0-7066-4756-a24b-fa8bee236c7d@group-83C2B07EA132-StateMachineUpdater] INFO  ratis.ContainerStateMachine (ContainerStateMachine.java:takeSnapshot(293)) - group-83C2B07EA132: Taking a snapshot at:(t:1, i:13) file /workdir/hadoop-ozone/integration-test/target/test-dir/MiniOzoneClusterImpl-176ba0bc-51bb-4eaa-8e2d-f4d79c94d5b2/datanode-0/data/ratis/4b3fe8a2-ab39-483c-a3e4-83c2b07ea132/sm/snapshot.1_13
2019-10-03 08:33:17,500 [main] INFO  impl.StateMachineUpdater (StateMachineUpdater.java:stopAndJoin(136)) - 7708fc3f-22ad-4852-9dd3-b9f2e0e79c56@group-50BD85D1DD8E-StateMachineUpdater: set stopIndex = 0
2019-10-03 08:33:17,500 [main] INFO  impl.RaftServerImpl (ServerState.java:close(387)) - 7708fc3f-22ad-4852-9dd3-b9f2e0e79c56@group-50BD85D1DD8E: closes. applyIndex: 0
2019-10-03 08:33:17,501 [7708fc3f-22ad-4852-9dd3-b9f2e0e79c56@group-50BD85D1DD8E-SegmentedRaftLogWorker] INFO  segmented.SegmentedRaftLogWorker (SegmentedRaftLogWorker.java:run(316)) - 7708fc3f-22ad-4852-9dd3-b9f2e0e79c56@group-50BD85D1DD8E-SegmentedRaftLogWorker was interrupted, exiting. There are 0 tasks remaining in the queue.
2019-10-03 08:33:17,503 [main] INFO  segmented.SegmentedRaftLogWorker (SegmentedRaftLogWorker.java:close(224)) - 7708fc3f-22ad-4852-9dd3-b9f2e0e79c56@group-50BD85D1DD8E-SegmentedRaftLogWorker close()
2019-10-03 08:33:17,506 [main] INFO  server.GrpcService (GrpcService.java:closeImpl(164)) - 7708fc3f-22ad-4852-9dd3-b9f2e0e79c56: shutdown server with port 38986 now
2019-10-03 08:33:17,507 [main] INFO  server.GrpcService (GrpcService.java:closeImpl(172)) - 7708fc3f-22ad-4852-9dd3-b9f2e0e79c56: shutdown server with port 38986 successfully
2019-10-03 08:33:17,510 [e3fb16e0-7066-4756-a24b-fa8bee236c7d@group-83C2B07EA132-StateMachineUpdater] INFO  ratis.ContainerStateMachine (ContainerStateMachine.java:takeSnapshot(304)) - group-83C2B07EA132: Finished taking a snapshot at:(t:1, i:13) file:/workdir/hadoop-ozone/integration-test/target/test-dir/MiniOzoneClusterImpl-176ba0bc-51bb-4eaa-8e2d-f4d79c94d5b2/datanode-0/data/ratis/4b3fe8a2-ab39-483c-a3e4-83c2b07ea132/sm/snapshot.1_13 time:10
2019-10-03 08:33:17,510 [refreshUsed-/workdir/hadoop-ozone/integration-test/target/test-dir/MiniOzoneClusterImpl-176ba0bc-51bb-4eaa-8e2d-f4d79c94d5b2/datanode-3/data/containers] WARN  fs.CachingGetSpaceUsed (CachingGetSpaceUsed.java:run(183)) - Thread Interrupted waiting to refresh disk information: sleep interrupted
2019-10-03 08:33:17,510 [e3fb16e0-7066-4756-a24b-fa8bee236c7d@group-83C2B07EA132-StateMachineUpdater] INFO  impl.StateMachineUpdater (StateMachineUpdater.java:takeSnapshot(269)) - e3fb16e0-7066-4756-a24b-fa8bee236c7d@group-83C2B07EA132-StateMachineUpdater: Took a snapshot at index 13
2019-10-03 08:33:17,510 [e3fb16e0-7066-4756-a24b-fa8bee236c7d@group-83C2B07EA132-StateMachineUpdater] INFO  impl.StateMachineUpdater (StateMachineUpdater.java:lambda$new$0(84)) - e3fb16e0-7066-4756-a24b-fa8bee236c7d@group-83C2B07EA132-StateMachineUpdater: snapshotIndex: updateIncreasingly -1 -> 13
2019-10-03 08:33:17,511 [e3fb16e0-7066-4756-a24b-fa8bee236c7d@group-83C2B07EA132-StateMachineUpdater] INFO  ratis.ContainerStateMachine (ContainerStateMachine.java:takeSnapshot(293)) - group-83C2B07EA132: Taking a snapshot at:(t:1, i:13) file /workdir/hadoop-ozone/integration-test/target/test-dir/MiniOzoneClusterImpl-176ba0bc-51bb-4eaa-8e2d-f4d79c94d5b2/datanode-0/data/ratis/4b3fe8a2-ab39-483c-a3e4-83c2b07ea132/sm/snapshot.1_13
2019-10-03 08:33:17,520 [main] INFO  utils.BackgroundService (BackgroundService.java:shutdown(148)) - Shutting down service BlockDeletingService
2019-10-03 08:33:17,525 [main] INFO  statemachine.DatanodeStateMachine (DatanodeStateMachine.java:stopDaemon(395)) - Ozone container server stopped.
2019-10-03 08:33:17,525 [e3fb16e0-7066-4756-a24b-fa8bee236c7d@group-83C2B07EA132-StateMachineUpdater] INFO  ratis.ContainerStateMachine (ContainerStateMachine.java:takeSnapshot(304)) - group-83C2B07EA132: Finished taking a snapshot at:(t:1, i:13) file:/workdir/hadoop-ozone/integration-test/target/test-dir/MiniOzoneClusterImpl-176ba0bc-51bb-4eaa-8e2d-f4d79c94d5b2/datanode-0/data/ratis/4b3fe8a2-ab39-483c-a3e4-83c2b07ea132/sm/snapshot.1_13 time:15
2019-10-03 08:33:17,525 [e3fb16e0-7066-4756-a24b-fa8bee236c7d@group-83C2B07EA132-StateMachineUpdater] INFO  impl.StateMachineUpdater (StateMachineUpdater.java:takeSnapshot(269)) - e3fb16e0-7066-4756-a24b-fa8bee236c7d@group-83C2B07EA132-StateMachineUpdater: Took a snapshot at index 13
2019-10-03 08:33:17,525 [e3fb16e0-7066-4756-a24b-fa8bee236c7d@group-83C2B07EA132-StateMachineUpdater] INFO  impl.StateMachineUpdater (StateMachineUpdater.java:lambda$new$0(84)) - e3fb16e0-7066-4756-a24b-fa8bee236c7d@group-83C2B07EA132-StateMachineUpdater: snapshotIndex: updateIncreasingly 13 -> 13
2019-10-03 08:33:17,525 [ForkJoinPool.commonPool-worker-1] INFO  impl.RaftServerImpl (ServerState.java:close(387)) - e3fb16e0-7066-4756-a24b-fa8bee236c7d@group-83C2B07EA132: closes. applyIndex: 17
2019-10-03 08:33:17,526 [e3fb16e0-7066-4756-a24b-fa8bee236c7d@group-83C2B07EA132-SegmentedRaftLogWorker] INFO  segmented.SegmentedRaftLogWorker (SegmentedRaftLogWorker.java:run(316)) - e3fb16e0-7066-4756-a24b-fa8bee236c7d@group-83C2B07EA132-SegmentedRaftLogWorker was interrupted, exiting. There are 0 tasks remaining in the queue.
2019-10-03 08:33:17,527 [ForkJoinPool.commonPool-worker-1] INFO  segmented.SegmentedRaftLogWorker (SegmentedRaftLogWorker.java:close(224)) - e3fb16e0-7066-4756-a24b-fa8bee236c7d@group-83C2B07EA132-SegmentedRaftLogWorker close()
2019-10-03 08:33:17,527 [main] INFO  handler.ContextHandler (ContextHandler.java:doStop(910)) - Stopped o.e.j.w.WebAppContext@2c7c0e36{/,null,UNAVAILABLE}{/hddsDatanode}
2019-10-03 08:33:17,530 [ForkJoinPool.commonPool-worker-1] INFO  impl.RaftServerImpl (RaftServerImpl.java:lambda$shutdown$3(247)) - e3fb16e0-7066-4756-a24b-fa8bee236c7d@group-501331DA7B11: shutdown
2019-10-03 08:33:17,531 [ForkJoinPool.commonPool-worker-1] INFO  util.JmxRegister (JmxRegister.java:unregister(73)) - Successfully un-registered JMX Bean with object name Ratis:service=RaftServer,group=group-501331DA7B11,id=e3fb16e0-7066-4756-a24b-fa8bee236c7d
2019-10-03 08:33:17,531 [ForkJoinPool.commonPool-worker-1] INFO  impl.RoleInfo (RoleInfo.java:shutdownLeaderState(104)) - e3fb16e0-7066-4756-a24b-fa8bee236c7d: shutdown LeaderState
2019-10-03 08:33:17,531 [main] INFO  server.AbstractConnector (AbstractConnector.java:doStop(318)) - Stopped ServerConnector@307cf964{HTTP/1.1,[http/1.1]}{0.0.0.0:0}
2019-10-03 08:33:17,531 [ForkJoinPool.commonPool-worker-1] INFO  impl.PendingRequests (PendingRequests.java:sendNotLeaderResponses(202)) - e3fb16e0-7066-4756-a24b-fa8bee236c7d@group-501331DA7B11-PendingRequests: sendNotLeaderResponses
2019-10-03 08:33:17,531 [main] INFO  handler.ContextHandler (ContextHandler.java:doStop(910)) - Stopped o.e.j.s.ServletContextHandler@6af87130{/static,jar:file:/home/user/.m2/repository/org/apache/hadoop/hadoop-hdds-container-service/0.5.0-SNAPSHOT/hadoop-hdds-container-service-0.5.0-SNAPSHOT.jar!/webapps/static,UNAVAILABLE}
2019-10-03 08:33:17,531 [ForkJoinPool.commonPool-worker-1] INFO  impl.StateMachineUpdater (StateMachineUpdater.java:stopAndJoin(136)) - e3fb16e0-7066-4756-a24b-fa8bee236c7d@group-501331DA7B11-StateMachineUpdater: set stopIndex = 0
2019-10-03 08:33:17,532 [main] INFO  handler.ContextHandler (ContextHandler.java:doStop(910)) - Stopped o.e.j.s.ServletContextHandler@289f15e9{/logs,file:///workdir/hadoop-ozone/integration-test/target/log,UNAVAILABLE}
2019-10-03 08:33:17,532 [ForkJoinPool.commonPool-worker-1] INFO  impl.RaftServerImpl (ServerState.java:close(387)) - e3fb16e0-7066-4756-a24b-fa8bee236c7d@group-501331DA7B11: closes. applyIndex: 0
2019-10-03 08:33:17,532 [e3fb16e0-7066-4756-a24b-fa8bee236c7d@group-501331DA7B11-SegmentedRaftLogWorker] INFO  segmented.SegmentedRaftLogWorker (SegmentedRaftLogWorker.java:run(316)) - e3fb16e0-7066-4756-a24b-fa8bee236c7d@group-501331DA7B11-SegmentedRaftLogWorker was interrupted, exiting. There are 0 tasks remaining in the queue.
2019-10-03 08:33:17,534 [ForkJoinPool.commonPool-worker-1] INFO  segmented.SegmentedRaftLogWorker (SegmentedRaftLogWorker.java:close(224)) - e3fb16e0-7066-4756-a24b-fa8bee236c7d@group-501331DA7B11-SegmentedRaftLogWorker close()
2019-10-03 08:33:17,537 [ForkJoinPool.commonPool-worker-1] INFO  server.GrpcService (GrpcService.java:closeImpl(164)) - e3fb16e0-7066-4756-a24b-fa8bee236c7d: shutdown server with port 40888 now
2019-10-03 08:33:17,538 [ForkJoinPool.commonPool-worker-1] INFO  server.GrpcService (GrpcService.java:closeImpl(172)) - e3fb16e0-7066-4756-a24b-fa8bee236c7d: shutdown server with port 40888 successfully
2019-10-03 08:33:17,539 [refreshUsed-/workdir/hadoop-ozone/integration-test/target/test-dir/MiniOzoneClusterImpl-176ba0bc-51bb-4eaa-8e2d-f4d79c94d5b2/datanode-0/data/containers] WARN  fs.CachingGetSpaceUsed (CachingGetSpaceUsed.java:run(183)) - Thread Interrupted waiting to refresh disk information: sleep interrupted
2019-10-03 08:33:17,549 [ForkJoinPool.commonPool-worker-1] INFO  utils.BackgroundService (BackgroundService.java:shutdown(148)) - Shutting down service BlockDeletingService
2019-10-03 08:33:17,553 [ForkJoinPool.commonPool-worker-1] INFO  statemachine.DatanodeStateMachine (DatanodeStateMachine.java:stopDaemon(395)) - Ozone container server stopped.
2019-10-03 08:33:17,557 [ForkJoinPool.commonPool-worker-1] INFO  handler.ContextHandler (ContextHandler.java:doStop(910)) - Stopped o.e.j.w.WebAppContext@3e53c4ad{/,null,UNAVAILABLE}{/hddsDatanode}
2019-10-03 08:33:17,558 [ForkJoinPool.commonPool-worker-1] INFO  server.AbstractConnector (AbstractConnector.java:doStop(318)) - Stopped ServerConnector@33eb0d4{HTTP/1.1,[http/1.1]}{0.0.0.0:0}
2019-10-03 08:33:17,559 [ForkJoinPool.commonPool-worker-1] INFO  handler.ContextHandler (ContextHandler.java:doStop(910)) - Stopped o.e.j.s.ServletContextHandler@c568f91{/static,jar:file:/home/user/.m2/repository/org/apache/hadoop/hadoop-hdds-container-service/0.5.0-SNAPSHOT/hadoop-hdds-container-service-0.5.0-SNAPSHOT.jar!/webapps/static,UNAVAILABLE}
2019-10-03 08:33:17,560 [ForkJoinPool.commonPool-worker-1] INFO  handler.ContextHandler (ContextHandler.java:doStop(910)) - Stopped o.e.j.s.ServletContextHandler@7f4a1cac{/logs,file:///workdir/hadoop-ozone/integration-test/target/log,UNAVAILABLE}
2019-10-03 08:33:17,754 [grpc-default-executor-4] WARN  server.GrpcLogAppender (LogUtils.java:warn(134)) - 29c911b2-ebe4-409a-8bb5-8ec1ac3a1adf@group-F6E9279483A3->ba87ae0a-6ea0-47b2-b3c7-194fd3912d70-AppendLogResponseHandler: Failed appendEntries: org.apache.ratis.thirdparty.io.grpc.StatusRuntimeException: UNAVAILABLE: io exception
2019-10-03 08:33:17,754 [grpc-default-executor-4] INFO  impl.FollowerInfo (FollowerInfo.java:lambda$new$0(51)) - 29c911b2-ebe4-409a-8bb5-8ec1ac3a1adf@group-F6E9279483A3->ba87ae0a-6ea0-47b2-b3c7-194fd3912d70: nextIndex: updateUnconditionally 15 -> 14
2019-10-03 08:33:18,268 [Datanode State Machine Thread - 0] INFO  statemachine.DatanodeStateMachine (DatanodeStateMachine.java:lambda$startDaemon$0(350)) - Ozone container server started.
2019-10-03 08:33:18,268 [Datanode State Machine Thread - 0] INFO  statemachine.DatanodeStateMachine (DatanodeStateMachine.java:lambda$startDaemon$0(350)) - Ozone container server started.
2019-10-03 08:33:20,256 [grpc-default-executor-4] WARN  server.GrpcLogAppender (LogUtils.java:warn(134)) - 29c911b2-ebe4-409a-8bb5-8ec1ac3a1adf@group-F6E9279483A3->ba87ae0a-6ea0-47b2-b3c7-194fd3912d70-AppendLogResponseHandler: Failed appendEntries: org.apache.ratis.thirdparty.io.grpc.StatusRuntimeException: UNAVAILABLE: io exception
2019-10-03 08:33:20,257 [grpc-default-executor-4] INFO  impl.FollowerInfo (FollowerInfo.java:lambda$new$0(51)) - 29c911b2-ebe4-409a-8bb5-8ec1ac3a1adf@group-F6E9279483A3->ba87ae0a-6ea0-47b2-b3c7-194fd3912d70: nextIndex: updateUnconditionally 14 -> 13
2019-10-03 08:33:22,291 [EventQueue-StaleNodeForStaleNodeHandler] INFO  node.StaleNodeHandler (StaleNodeHandler.java:onMessage(58)) - Datanode 681a0601-90e6-4364-b871-1ad035efeee4{ip: 192.168.151.103, host: pr-hdds-2234-ztsc4-2614151736, networkLocation: /default-rack, certSerialId: null} moved to stale state. Finalizing its pipelines [PipelineID=5947b4d8-79eb-43f1-b099-c8b3af88ce27, PipelineID=e619aba9-bfc9-436e-8cfc-f6e9279483a3]
2019-10-03 08:33:22,292 [EventQueue-StaleNodeForStaleNodeHandler] INFO  pipeline.SCMPipelineManager (SCMPipelineManager.java:finalizeAndDestroyPipeline(315)) - destroying pipeline:Pipeline[ Id: 5947b4d8-79eb-43f1-b099-c8b3af88ce27, Nodes: 681a0601-90e6-4364-b871-1ad035efeee4{ip: 192.168.151.103, host: pr-hdds-2234-ztsc4-2614151736, networkLocation: /default-rack, certSerialId: null}, Type:RATIS, Factor:ONE, State:OPEN]
2019-10-03 08:33:22,292 [EventQueue-StaleNodeForStaleNodeHandler] INFO  pipeline.PipelineStateManager (PipelineStateManager.java:finalizePipeline(123)) - Pipeline Pipeline[ Id: 5947b4d8-79eb-43f1-b099-c8b3af88ce27, Nodes: 681a0601-90e6-4364-b871-1ad035efeee4{ip: 192.168.151.103, host: pr-hdds-2234-ztsc4-2614151736, networkLocation: /default-rack, certSerialId: null}, Type:RATIS, Factor:ONE, State:CLOSED] moved to CLOSED state
2019-10-03 08:33:22,293 [EventQueue-StaleNodeForStaleNodeHandler] INFO  pipeline.SCMPipelineManager (SCMPipelineManager.java:finalizeAndDestroyPipeline(315)) - destroying pipeline:Pipeline[ Id: e619aba9-bfc9-436e-8cfc-f6e9279483a3, Nodes: 681a0601-90e6-4364-b871-1ad035efeee4{ip: 192.168.151.103, host: pr-hdds-2234-ztsc4-2614151736, networkLocation: /default-rack, certSerialId: null}29c911b2-ebe4-409a-8bb5-8ec1ac3a1adf{ip: 192.168.151.103, host: pr-hdds-2234-ztsc4-2614151736, networkLocation: /default-rack, certSerialId: null}ba87ae0a-6ea0-47b2-b3c7-194fd3912d70{ip: 192.168.151.103, host: pr-hdds-2234-ztsc4-2614151736, networkLocation: /default-rack, certSerialId: null}, Type:RATIS, Factor:THREE, State:CLOSED]
2019-10-03 08:33:22,293 [EventQueue-StaleNodeForStaleNodeHandler] INFO  node.StaleNodeHandler (StaleNodeHandler.java:onMessage(58)) - Datanode 29c911b2-ebe4-409a-8bb5-8ec1ac3a1adf{ip: 192.168.151.103, host: pr-hdds-2234-ztsc4-2614151736, networkLocation: /default-rack, certSerialId: null} moved to stale state. Finalizing its pipelines [PipelineID=e619aba9-bfc9-436e-8cfc-f6e9279483a3, PipelineID=e8e92900-38f3-488d-8587-6896c72314aa]
2019-10-03 08:33:22,293 [EventQueue-StaleNodeForStaleNodeHandler] INFO  pipeline.SCMPipelineManager (SCMPipelineManager.java:finalizeAndDestroyPipeline(315)) - destroying pipeline:Pipeline[ Id: e619aba9-bfc9-436e-8cfc-f6e9279483a3, Nodes: 681a0601-90e6-4364-b871-1ad035efeee4{ip: 192.168.151.103, host: pr-hdds-2234-ztsc4-2614151736, networkLocation: /default-rack, certSerialId: null}29c911b2-ebe4-409a-8bb5-8ec1ac3a1adf{ip: 192.168.151.103, host: pr-hdds-2234-ztsc4-2614151736, networkLocation: /default-rack, certSerialId: null}ba87ae0a-6ea0-47b2-b3c7-194fd3912d70{ip: 192.168.151.103, host: pr-hdds-2234-ztsc4-2614151736, networkLocation: /default-rack, certSerialId: null}, Type:RATIS, Factor:THREE, State:CLOSED]
2019-10-03 08:33:22,294 [EventQueue-StaleNodeForStaleNodeHandler] INFO  pipeline.SCMPipelineManager (SCMPipelineManager.java:finalizeAndDestroyPipeline(315)) - destroying pipeline:Pipeline[ Id: e8e92900-38f3-488d-8587-6896c72314aa, Nodes: 29c911b2-ebe4-409a-8bb5-8ec1ac3a1adf{ip: 192.168.151.103, host: pr-hdds-2234-ztsc4-2614151736, networkLocation: /default-rack, certSerialId: null}, Type:RATIS, Factor:ONE, State:OPEN]
2019-10-03 08:33:22,294 [EventQueue-StaleNodeForStaleNodeHandler] INFO  pipeline.PipelineStateManager (PipelineStateManager.java:finalizePipeline(123)) - Pipeline Pipeline[ Id: e8e92900-38f3-488d-8587-6896c72314aa, Nodes: 29c911b2-ebe4-409a-8bb5-8ec1ac3a1adf{ip: 192.168.151.103, host: pr-hdds-2234-ztsc4-2614151736, networkLocation: /default-rack, certSerialId: null}, Type:RATIS, Factor:ONE, State:CLOSED] moved to CLOSED state
2019-10-03 08:33:22,538 [main] INFO  ozoneimpl.OzoneContainer (OzoneContainer.java:stop(231)) - Attempting to stop container services.
2019-10-03 08:33:22,541 [main] INFO  impl.RaftServerProxy (RaftServerProxy.java:lambda$close$4(314)) - 29c911b2-ebe4-409a-8bb5-8ec1ac3a1adf: close
2019-10-03 08:33:22,542 [main] INFO  impl.RaftServerImpl (RaftServerImpl.java:lambda$shutdown$3(247)) - 29c911b2-ebe4-409a-8bb5-8ec1ac3a1adf@group-F6E9279483A3: shutdown
2019-10-03 08:33:22,542 [main] INFO  util.JmxRegister (JmxRegister.java:unregister(73)) - Successfully un-registered JMX Bean with object name Ratis:service=RaftServer,group=group-F6E9279483A3,id=29c911b2-ebe4-409a-8bb5-8ec1ac3a1adf
2019-10-03 08:33:22,543 [main] INFO  impl.RoleInfo (RoleInfo.java:shutdownLeaderState(104)) - 29c911b2-ebe4-409a-8bb5-8ec1ac3a1adf: shutdown LeaderState
2019-10-03 08:33:22,546 [org.apache.ratis.server.impl.LogAppender$AppenderDaemon$$Lambda$513/1741827293@58b02314] WARN  server.GrpcLogAppender (GrpcLogAppender.java:mayWait(143)) - 29c911b2-ebe4-409a-8bb5-8ec1ac3a1adf@group-F6E9279483A3->ba87ae0a-6ea0-47b2-b3c7-194fd3912d70-GrpcLogAppender: Wait interrupted by java.lang.InterruptedException
2019-10-03 08:33:22,546 [org.apache.ratis.server.impl.LogAppender$AppenderDaemon$$Lambda$513/1741827293@1916bad1] WARN  server.GrpcLogAppender (GrpcLogAppender.java:mayWait(143)) - 29c911b2-ebe4-409a-8bb5-8ec1ac3a1adf@group-F6E9279483A3->681a0601-90e6-4364-b871-1ad035efeee4-GrpcLogAppender: Wait interrupted by java.lang.InterruptedException
2019-10-03 08:33:22,546 [main] INFO  impl.PendingRequests (PendingRequests.java:sendNotLeaderResponses(202)) - 29c911b2-ebe4-409a-8bb5-8ec1ac3a1adf@group-F6E9279483A3-PendingRequests: sendNotLeaderResponses
2019-10-03 08:33:22,550 [grpc-default-executor-8] INFO  server.GrpcServerProtocolService (GrpcServerProtocolService.java:onCompleted(113)) - 681a0601-90e6-4364-b871-1ad035efeee4: Completed APPEND_ENTRIES, lastRequest: 29c911b2-ebe4-409a-8bb5-8ec1ac3a1adf->681a0601-90e6-4364-b871-1ad035efeee4#32-t1, previous=(t:1, i:18), leaderCommit=18, initializing? false, entries: <empty>
2019-10-03 08:33:22,550 [main] INFO  impl.StateMachineUpdater (StateMachineUpdater.java:stopAndJoin(136)) - 29c911b2-ebe4-409a-8bb5-8ec1ac3a1adf@group-F6E9279483A3-StateMachineUpdater: set stopIndex = 18
2019-10-03 08:33:22,550 [grpc-default-executor-8] INFO  server.GrpcLogAppender (GrpcLogAppender.java:onCompleted(293)) - 29c911b2-ebe4-409a-8bb5-8ec1ac3a1adf@group-F6E9279483A3->681a0601-90e6-4364-b871-1ad035efeee4-AppendLogResponseHandler: follower responses appendEntries COMPLETED
2019-10-03 08:33:22,550 [29c911b2-ebe4-409a-8bb5-8ec1ac3a1adf@group-F6E9279483A3-StateMachineUpdater] INFO  ratis.ContainerStateMachine (ContainerStateMachine.java:takeSnapshot(293)) - group-F6E9279483A3: Taking a snapshot at:(t:1, i:18) file /workdir/hadoop-ozone/integration-test/target/test-dir/MiniOzoneClusterImpl-176ba0bc-51bb-4eaa-8e2d-f4d79c94d5b2/datanode-6/data/ratis/e619aba9-bfc9-436e-8cfc-f6e9279483a3/sm/snapshot.1_18
2019-10-03 08:33:22,552 [grpc-default-executor-8] INFO  impl.FollowerInfo (FollowerInfo.java:lambda$new$0(51)) - 29c911b2-ebe4-409a-8bb5-8ec1ac3a1adf@group-F6E9279483A3->681a0601-90e6-4364-b871-1ad035efeee4: nextIndex: updateUnconditionally 19 -> 18
2019-10-03 08:33:22,561 [ForkJoinPool.commonPool-worker-1] INFO  ozoneimpl.OzoneContainer (OzoneContainer.java:stop(231)) - Attempting to stop container services.
2019-10-03 08:33:22,562 [ForkJoinPool.commonPool-worker-1] INFO  impl.RaftServerProxy (RaftServerProxy.java:lambda$close$4(314)) - 681a0601-90e6-4364-b871-1ad035efeee4: close
2019-10-03 08:33:22,562 [ForkJoinPool.commonPool-worker-1] INFO  impl.RaftServerImpl (RaftServerImpl.java:lambda$shutdown$3(247)) - 681a0601-90e6-4364-b871-1ad035efeee4@group-C8B3AF88CE27: shutdown
2019-10-03 08:33:22,562 [ForkJoinPool.commonPool-worker-1] INFO  util.JmxRegister (JmxRegister.java:unregister(73)) - Successfully un-registered JMX Bean with object name Ratis:service=RaftServer,group=group-C8B3AF88CE27,id=681a0601-90e6-4364-b871-1ad035efeee4
2019-10-03 08:33:22,562 [ForkJoinPool.commonPool-worker-1] INFO  impl.RoleInfo (RoleInfo.java:shutdownLeaderState(104)) - 681a0601-90e6-4364-b871-1ad035efeee4: shutdown LeaderState
2019-10-03 08:33:22,562 [ForkJoinPool.commonPool-worker-1] INFO  impl.PendingRequests (PendingRequests.java:sendNotLeaderResponses(202)) - 681a0601-90e6-4364-b871-1ad035efeee4@group-C8B3AF88CE27-PendingRequests: sendNotLeaderResponses
2019-10-03 08:33:22,562 [ForkJoinPool.commonPool-worker-1] INFO  impl.StateMachineUpdater (StateMachineUpdater.java:stopAndJoin(136)) - 681a0601-90e6-4364-b871-1ad035efeee4@group-C8B3AF88CE27-StateMachineUpdater: set stopIndex = 0
2019-10-03 08:33:22,563 [ForkJoinPool.commonPool-worker-1] INFO  impl.RaftServerImpl (ServerState.java:close(387)) - 681a0601-90e6-4364-b871-1ad035efeee4@group-C8B3AF88CE27: closes. applyIndex: 0
2019-10-03 08:33:22,563 [681a0601-90e6-4364-b871-1ad035efeee4@group-C8B3AF88CE27-SegmentedRaftLogWorker] INFO  segmented.SegmentedRaftLogWorker (SegmentedRaftLogWorker.java:run(316)) - 681a0601-90e6-4364-b871-1ad035efeee4@group-C8B3AF88CE27-SegmentedRaftLogWorker was interrupted, exiting. There are 0 tasks remaining in the queue.
2019-10-03 08:33:22,564 [29c911b2-ebe4-409a-8bb5-8ec1ac3a1adf@group-F6E9279483A3-StateMachineUpdater] INFO  ratis.ContainerStateMachine (ContainerStateMachine.java:takeSnapshot(304)) - group-F6E9279483A3: Finished taking a snapshot at:(t:1, i:18) file:/workdir/hadoop-ozone/integration-test/target/test-dir/MiniOzoneClusterImpl-176ba0bc-51bb-4eaa-8e2d-f4d79c94d5b2/datanode-6/data/ratis/e619aba9-bfc9-436e-8cfc-f6e9279483a3/sm/snapshot.1_18 time:14
2019-10-03 08:33:22,564 [ForkJoinPool.commonPool-worker-1] INFO  segmented.SegmentedRaftLogWorker (SegmentedRaftLogWorker.java:close(224)) - 681a0601-90e6-4364-b871-1ad035efeee4@group-C8B3AF88CE27-SegmentedRaftLogWorker close()
2019-10-03 08:33:22,566 [ForkJoinPool.commonPool-worker-1] INFO  impl.RaftServerImpl (RaftServerImpl.java:lambda$shutdown$3(247)) - 681a0601-90e6-4364-b871-1ad035efeee4@group-F6E9279483A3: shutdown
2019-10-03 08:33:22,567 [29c911b2-ebe4-409a-8bb5-8ec1ac3a1adf@group-F6E9279483A3-StateMachineUpdater] INFO  impl.StateMachineUpdater (StateMachineUpdater.java:takeSnapshot(269)) - 29c911b2-ebe4-409a-8bb5-8ec1ac3a1adf@group-F6E9279483A3-StateMachineUpdater: Took a snapshot at index 18
2019-10-03 08:33:22,567 [ForkJoinPool.commonPool-worker-1] INFO  util.JmxRegister (JmxRegister.java:unregister(73)) - Successfully un-registered JMX Bean with object name Ratis:service=RaftServer,group=group-F6E9279483A3,id=681a0601-90e6-4364-b871-1ad035efeee4
2019-10-03 08:33:22,567 [29c911b2-ebe4-409a-8bb5-8ec1ac3a1adf@group-F6E9279483A3-StateMachineUpdater] INFO  impl.StateMachineUpdater (StateMachineUpdater.java:lambda$new$0(84)) - 29c911b2-ebe4-409a-8bb5-8ec1ac3a1adf@group-F6E9279483A3-StateMachineUpdater: snapshotIndex: updateIncreasingly -1 -> 18
2019-10-03 08:33:22,567 [ForkJoinPool.commonPool-worker-1] INFO  impl.RoleInfo (RoleInfo.java:shutdownFollowerState(121)) - 681a0601-90e6-4364-b871-1ad035efeee4: shutdown FollowerState
2019-10-03 08:33:22,567 [ForkJoinPool.commonPool-worker-1] INFO  impl.StateMachineUpdater (StateMachineUpdater.java:stopAndJoin(136)) - 681a0601-90e6-4364-b871-1ad035efeee4@group-F6E9279483A3-StateMachineUpdater: set stopIndex = 18
2019-10-03 08:33:22,567 [Thread-3182] INFO  impl.FollowerState (FollowerState.java:run(117)) - 681a0601-90e6-4364-b871-1ad035efeee4@group-F6E9279483A3-FollowerState was interrupted: java.lang.InterruptedException: sleep interrupted
2019-10-03 08:33:22,567 [main] INFO  impl.RaftServerImpl (ServerState.java:close(387)) - 29c911b2-ebe4-409a-8bb5-8ec1ac3a1adf@group-F6E9279483A3: closes. applyIndex: 18
2019-10-03 08:33:22,567 [681a0601-90e6-4364-b871-1ad035efeee4@group-F6E9279483A3-StateMachineUpdater] INFO  ratis.ContainerStateMachine (ContainerStateMachine.java:takeSnapshot(293)) - group-F6E9279483A3: Taking a snapshot at:(t:1, i:17) file /workdir/hadoop-ozone/integration-test/target/test-dir/MiniOzoneClusterImpl-176ba0bc-51bb-4eaa-8e2d-f4d79c94d5b2/datanode-5/data/ratis/e619aba9-bfc9-436e-8cfc-f6e9279483a3/sm/snapshot.1_17
2019-10-03 08:33:22,576 [29c911b2-ebe4-409a-8bb5-8ec1ac3a1adf@group-F6E9279483A3-SegmentedRaftLogWorker] INFO  segmented.SegmentedRaftLogWorker (SegmentedRaftLogWorker.java:run(316)) - 29c911b2-ebe4-409a-8bb5-8ec1ac3a1adf@group-F6E9279483A3-SegmentedRaftLogWorker was interrupted, exiting. There are 0 tasks remaining in the queue.
2019-10-03 08:33:22,577 [main] INFO  segmented.SegmentedRaftLogWorker (SegmentedRaftLogWorker.java:close(224)) - 29c911b2-ebe4-409a-8bb5-8ec1ac3a1adf@group-F6E9279483A3-SegmentedRaftLogWorker close()
2019-10-03 08:33:22,580 [main] INFO  impl.RaftServerImpl (RaftServerImpl.java:lambda$shutdown$3(247)) - 29c911b2-ebe4-409a-8bb5-8ec1ac3a1adf@group-6896C72314AA: shutdown
2019-10-03 08:33:22,580 [main] INFO  util.JmxRegister (JmxRegister.java:unregister(73)) - Successfully un-registered JMX Bean with object name Ratis:service=RaftServer,group=group-6896C72314AA,id=29c911b2-ebe4-409a-8bb5-8ec1ac3a1adf
2019-10-03 08:33:22,581 [main] INFO  impl.RoleInfo (RoleInfo.java:shutdownLeaderState(104)) - 29c911b2-ebe4-409a-8bb5-8ec1ac3a1adf: shutdown LeaderState
2019-10-03 08:33:22,581 [main] INFO  impl.PendingRequests (PendingRequests.java:sendNotLeaderResponses(202)) - 29c911b2-ebe4-409a-8bb5-8ec1ac3a1adf@group-6896C72314AA-PendingRequests: sendNotLeaderResponses
2019-10-03 08:33:22,582 [main] INFO  impl.StateMachineUpdater (StateMachineUpdater.java:stopAndJoin(136)) - 29c911b2-ebe4-409a-8bb5-8ec1ac3a1adf@group-6896C72314AA-StateMachineUpdater: set stopIndex = 0
2019-10-03 08:33:22,583 [main] INFO  impl.RaftServerImpl (ServerState.java:close(387)) - 29c911b2-ebe4-409a-8bb5-8ec1ac3a1adf@group-6896C72314AA: closes. applyIndex: 0
2019-10-03 08:33:22,583 [29c911b2-ebe4-409a-8bb5-8ec1ac3a1adf@group-6896C72314AA-SegmentedRaftLogWorker] INFO  segmented.SegmentedRaftLogWorker (SegmentedRaftLogWorker.java:run(316)) - 29c911b2-ebe4-409a-8bb5-8ec1ac3a1adf@group-6896C72314AA-SegmentedRaftLogWorker was interrupted, exiting. There are 0 tasks remaining in the queue.
2019-10-03 08:33:22,585 [main] INFO  segmented.SegmentedRaftLogWorker (SegmentedRaftLogWorker.java:close(224)) - 29c911b2-ebe4-409a-8bb5-8ec1ac3a1adf@group-6896C72314AA-SegmentedRaftLogWorker close()
2019-10-03 08:33:22,590 [main] INFO  server.GrpcService (GrpcService.java:closeImpl(164)) - 29c911b2-ebe4-409a-8bb5-8ec1ac3a1adf: shutdown server with port 38954 now
2019-10-03 08:33:22,591 [grpc-default-executor-4] WARN  client.GrpcClientProtocolService (LogUtils.java:warn(134)) - 1-UnorderedRequestStreamObserver1: onError: org.apache.ratis.thirdparty.io.grpc.StatusRuntimeException: CANCELLED: cancelled before receiving half close
2019-10-03 08:33:22,591 [main] INFO  server.GrpcService (GrpcService.java:closeImpl(172)) - 29c911b2-ebe4-409a-8bb5-8ec1ac3a1adf: shutdown server with port 38954 successfully
2019-10-03 08:33:22,594 [refreshUsed-/workdir/hadoop-ozone/integration-test/target/test-dir/MiniOzoneClusterImpl-176ba0bc-51bb-4eaa-8e2d-f4d79c94d5b2/datanode-6/data/containers] WARN  fs.CachingGetSpaceUsed (CachingGetSpaceUsed.java:run(183)) - Thread Interrupted waiting to refresh disk information: sleep interrupted
2019-10-03 08:33:22,594 [681a0601-90e6-4364-b871-1ad035efeee4@group-F6E9279483A3-StateMachineUpdater] INFO  ratis.ContainerStateMachine (ContainerStateMachine.java:takeSnapshot(304)) - group-F6E9279483A3: Finished taking a snapshot at:(t:1, i:17) file:/workdir/hadoop-ozone/integration-test/target/test-dir/MiniOzoneClusterImpl-176ba0bc-51bb-4eaa-8e2d-f4d79c94d5b2/datanode-5/data/ratis/e619aba9-bfc9-436e-8cfc-f6e9279483a3/sm/snapshot.1_17 time:27
2019-10-03 08:33:22,595 [681a0601-90e6-4364-b871-1ad035efeee4@group-F6E9279483A3-StateMachineUpdater] INFO  impl.StateMachineUpdater (StateMachineUpdater.java:takeSnapshot(269)) - 681a0601-90e6-4364-b871-1ad035efeee4@group-F6E9279483A3-StateMachineUpdater: Took a snapshot at index 17
2019-10-03 08:33:22,595 [681a0601-90e6-4364-b871-1ad035efeee4@group-F6E9279483A3-StateMachineUpdater] INFO  impl.StateMachineUpdater (StateMachineUpdater.java:lambda$new$0(84)) - 681a0601-90e6-4364-b871-1ad035efeee4@group-F6E9279483A3-StateMachineUpdater: snapshotIndex: updateIncreasingly -1 -> 17
2019-10-03 08:33:22,596 [681a0601-90e6-4364-b871-1ad035efeee4@group-F6E9279483A3-StateMachineUpdater] INFO  ratis.ContainerStateMachine (ContainerStateMachine.java:takeSnapshot(293)) - group-F6E9279483A3: Taking a snapshot at:(t:1, i:17) file /workdir/hadoop-ozone/integration-test/target/test-dir/MiniOzoneClusterImpl-176ba0bc-51bb-4eaa-8e2d-f4d79c94d5b2/datanode-5/data/ratis/e619aba9-bfc9-436e-8cfc-f6e9279483a3/sm/snapshot.1_17
2019-10-03 08:33:22,607 [681a0601-90e6-4364-b871-1ad035efeee4@group-F6E9279483A3-StateMachineUpdater] INFO  ratis.ContainerStateMachine (ContainerStateMachine.java:takeSnapshot(304)) - group-F6E9279483A3: Finished taking a snapshot at:(t:1, i:17) file:/workdir/hadoop-ozone/integration-test/target/test-dir/MiniOzoneClusterImpl-176ba0bc-51bb-4eaa-8e2d-f4d79c94d5b2/datanode-5/data/ratis/e619aba9-bfc9-436e-8cfc-f6e9279483a3/sm/snapshot.1_17 time:12
2019-10-03 08:33:22,607 [681a0601-90e6-4364-b871-1ad035efeee4@group-F6E9279483A3-StateMachineUpdater] INFO  impl.StateMachineUpdater (StateMachineUpdater.java:takeSnapshot(269)) - 681a0601-90e6-4364-b871-1ad035efeee4@group-F6E9279483A3-StateMachineUpdater: Took a snapshot at index 17
2019-10-03 08:33:22,607 [681a0601-90e6-4364-b871-1ad035efeee4@group-F6E9279483A3-StateMachineUpdater] INFO  impl.StateMachineUpdater (StateMachineUpdater.java:lambda$new$0(84)) - 681a0601-90e6-4364-b871-1ad035efeee4@group-F6E9279483A3-StateMachineUpdater: snapshotIndex: updateIncreasingly 17 -> 17
2019-10-03 08:33:22,608 [ForkJoinPool.commonPool-worker-1] INFO  impl.RaftServerImpl (ServerState.java:close(387)) - 681a0601-90e6-4364-b871-1ad035efeee4@group-F6E9279483A3: closes. applyIndex: 18
2019-10-03 08:33:22,608 [681a0601-90e6-4364-b871-1ad035efeee4@group-F6E9279483A3-SegmentedRaftLogWorker] INFO  segmented.SegmentedRaftLogWorker (SegmentedRaftLogWorker.java:run(316)) - 681a0601-90e6-4364-b871-1ad035efeee4@group-F6E9279483A3-SegmentedRaftLogWorker was interrupted, exiting. There are 0 tasks remaining in the queue.
2019-10-03 08:33:22,608 [ForkJoinPool.commonPool-worker-1] INFO  segmented.SegmentedRaftLogWorker (SegmentedRaftLogWorker.java:close(224)) - 681a0601-90e6-4364-b871-1ad035efeee4@group-F6E9279483A3-SegmentedRaftLogWorker close()
2019-10-03 08:33:22,610 [ForkJoinPool.commonPool-worker-1] INFO  server.GrpcService (GrpcService.java:closeImpl(164)) - 681a0601-90e6-4364-b871-1ad035efeee4: shutdown server with port 38961 now
2019-10-03 08:33:22,610 [ForkJoinPool.commonPool-worker-1] INFO  server.GrpcService (GrpcService.java:closeImpl(172)) - 681a0601-90e6-4364-b871-1ad035efeee4: shutdown server with port 38961 successfully
2019-10-03 08:33:22,610 [main] INFO  utils.BackgroundService (BackgroundService.java:shutdown(148)) - Shutting down service BlockDeletingService
2019-10-03 08:33:22,614 [refreshUsed-/workdir/hadoop-ozone/integration-test/target/test-dir/MiniOzoneClusterImpl-176ba0bc-51bb-4eaa-8e2d-f4d79c94d5b2/datanode-5/data/containers] WARN  fs.CachingGetSpaceUsed (CachingGetSpaceUsed.java:run(183)) - Thread Interrupted waiting to refresh disk information: sleep interrupted
2019-10-03 08:33:22,620 [main] INFO  statemachine.DatanodeStateMachine (DatanodeStateMachine.java:stopDaemon(395)) - Ozone container server stopped.
2019-10-03 08:33:22,623 [main] INFO  handler.ContextHandler (ContextHandler.java:doStop(910)) - Stopped o.e.j.w.WebAppContext@6ddc67d0{/,null,UNAVAILABLE}{/hddsDatanode}
2019-10-03 08:33:22,625 [main] INFO  server.AbstractConnector (AbstractConnector.java:doStop(318)) - Stopped ServerConnector@7767bd4e{HTTP/1.1,[http/1.1]}{0.0.0.0:0}
2019-10-03 08:33:22,626 [main] INFO  handler.ContextHandler (ContextHandler.java:doStop(910)) - Stopped o.e.j.s.ServletContextHandler@74697863{/static,jar:file:/home/user/.m2/repository/org/apache/hadoop/hadoop-hdds-container-service/0.5.0-SNAPSHOT/hadoop-hdds-container-service-0.5.0-SNAPSHOT.jar!/webapps/static,UNAVAILABLE}
2019-10-03 08:33:22,626 [main] INFO  handler.ContextHandler (ContextHandler.java:doStop(910)) - Stopped o.e.j.s.ServletContextHandler@5ba1b62e{/logs,file:///workdir/hadoop-ozone/integration-test/target/log,UNAVAILABLE}
2019-10-03 08:33:22,632 [ForkJoinPool.commonPool-worker-1] INFO  utils.BackgroundService (BackgroundService.java:shutdown(148)) - Shutting down service BlockDeletingService
2019-10-03 08:33:22,635 [ForkJoinPool.commonPool-worker-1] INFO  statemachine.DatanodeStateMachine (DatanodeStateMachine.java:stopDaemon(395)) - Ozone container server stopped.
2019-10-03 08:33:22,639 [ForkJoinPool.commonPool-worker-1] INFO  handler.ContextHandler (ContextHandler.java:doStop(910)) - Stopped o.e.j.w.WebAppContext@50cbcca7{/,null,UNAVAILABLE}{/hddsDatanode}
2019-10-03 08:33:22,639 [ForkJoinPool.commonPool-worker-1] INFO  server.AbstractConnector (AbstractConnector.java:doStop(318)) - Stopped ServerConnector@49491770{HTTP/1.1,[http/1.1]}{0.0.0.0:0}
2019-10-03 08:33:22,642 [ForkJoinPool.commonPool-worker-1] INFO  handler.ContextHandler (ContextHandler.java:doStop(910)) - Stopped o.e.j.s.ServletContextHandler@6a8a551e{/static,jar:file:/home/user/.m2/repository/org/apache/hadoop/hadoop-hdds-container-service/0.5.0-SNAPSHOT/hadoop-hdds-container-service-0.5.0-SNAPSHOT.jar!/webapps/static,UNAVAILABLE}
2019-10-03 08:33:22,643 [ForkJoinPool.commonPool-worker-1] INFO  handler.ContextHandler (ContextHandler.java:doStop(910)) - Stopped o.e.j.s.ServletContextHandler@4245bf68{/logs,file:///workdir/hadoop-ozone/integration-test/target/log,UNAVAILABLE}
2019-10-03 08:33:22,643 [main] INFO  ozone.MiniOzoneClusterImpl (MiniOzoneClusterImpl.java:stopSCM(392)) - Stopping the StorageContainerManager
2019-10-03 08:33:22,643 [main] INFO  server.StorageContainerManager (StorageContainerManager.java:stop(808)) - Stopping Replication Manager Service.
2019-10-03 08:33:22,643 [main] INFO  container.ReplicationManager (ReplicationManager.java:stop(203)) - Stopping Replication Monitor Thread.
2019-10-03 08:33:22,644 [main] INFO  server.StorageContainerManager (StorageContainerManager.java:stop(815)) - Stopping Lease Manager of the command watchers
2019-10-03 08:33:22,644 [main] INFO  server.StorageContainerManager (StorageContainerManager.java:stop(822)) - Stopping datanode service RPC server
2019-10-03 08:33:22,644 [main] INFO  server.SCMDatanodeProtocolServer (SCMDatanodeProtocolServer.java:stop(346)) - Stopping the RPC server for DataNodes
2019-10-03 08:33:22,644 [main] INFO  ipc.Server (Server.java:stop(3082)) - Stopping server on 36221
2019-10-03 08:33:22,646 [IPC Server listener on 36221] INFO  ipc.Server (Server.java:run(1185)) - Stopping IPC Server listener on 36221
2019-10-03 08:33:22,647 [IPC Server Responder] INFO  ipc.Server (Server.java:run(1319)) - Stopping IPC Server Responder
2019-10-03 08:33:22,691 [SCM Heartbeat Processing Thread - 0] WARN  node.NodeStateManager (NodeStateManager.java:scheduleNextHealthCheck(646)) - Current Thread is interrupted, shutting down HB processing thread for Node Manager.
2019-10-03 08:33:22,692 [main] INFO  server.StorageContainerManager (StorageContainerManager.java:stop(830)) - Stopping block service RPC server
2019-10-03 08:33:22,692 [main] INFO  server.SCMBlockProtocolServer (SCMBlockProtocolServer.java:stop(155)) - Stopping the RPC server for Block Protocol
2019-10-03 08:33:22,692 [main] INFO  ipc.Server (Server.java:stop(3082)) - Stopping server on 32855
2019-10-03 08:33:22,694 [IPC Server listener on 32855] INFO  ipc.Server (Server.java:run(1185)) - Stopping IPC Server listener on 32855
2019-10-03 08:33:22,694 [main] INFO  server.StorageContainerManager (StorageContainerManager.java:stop(837)) - Stopping the StorageContainerLocationProtocol RPC server
2019-10-03 08:33:22,694 [IPC Server Responder] INFO  ipc.Server (Server.java:run(1319)) - Stopping IPC Server Responder
2019-10-03 08:33:22,695 [main] INFO  server.SCMClientProtocolServer (SCMClientProtocolServer.java:stop(168)) - Stopping the RPC server for Client Protocol
2019-10-03 08:33:22,695 [main] INFO  ipc.Server (Server.java:stop(3082)) - Stopping server on 46207
2019-10-03 08:33:22,697 [main] INFO  server.StorageContainerManager (StorageContainerManager.java:stop(844)) - Stopping Storage Container Manager HTTP server.
2019-10-03 08:33:22,697 [IPC Server Responder] INFO  ipc.Server (Server.java:run(1319)) - Stopping IPC Server Responder
2019-10-03 08:33:22,697 [IPC Server listener on 46207] INFO  ipc.Server (Server.java:run(1185)) - Stopping IPC Server listener on 46207
2019-10-03 08:33:22,697 [main] INFO  handler.ContextHandler (ContextHandler.java:doStop(910)) - Stopped o.e.j.w.WebAppContext@28b8f98a{/,null,UNAVAILABLE}{/scm}
2019-10-03 08:33:22,698 [main] INFO  server.AbstractConnector (AbstractConnector.java:doStop(318)) - Stopped ServerConnector@3b4ef59f{HTTP/1.1,[http/1.1]}{0.0.0.0:0}
2019-10-03 08:33:22,698 [main] INFO  handler.ContextHandler (ContextHandler.java:doStop(910)) - Stopped o.e.j.s.ServletContextHandler@4b7ed03e{/static,file:///workdir/hadoop-ozone/integration-test/target/test-classes/webapps/static,UNAVAILABLE}
2019-10-03 08:33:22,698 [main] INFO  handler.ContextHandler (ContextHandler.java:doStop(910)) - Stopped o.e.j.s.ServletContextHandler@37c7766e{/logs,file:///workdir/hadoop-ozone/integration-test/target/log,UNAVAILABLE}
2019-10-03 08:33:22,699 [main] INFO  server.StorageContainerManager (StorageContainerManager.java:stop(855)) - Stopping Block Manager Service.
2019-10-03 08:33:22,699 [main] INFO  utils.BackgroundService (BackgroundService.java:shutdown(148)) - Shutting down service SCMBlockDeletingService
2019-10-03 08:33:22,699 [main] INFO  utils.BackgroundService (BackgroundService.java:shutdown(148)) - Shutting down service SCMBlockDeletingService
2019-10-03 08:33:22,699 [main] INFO  server.StorageContainerManager (StorageContainerManager.java:stop(877)) - Stopping SCM Event Queue.
2019-10-03 08:33:22,703 [main] INFO  impl.MetricsSystemImpl (MetricsSystemImpl.java:stop(210)) - Stopping HddsDatanode metrics system...
2019-10-03 08:33:22,724 [main] INFO  impl.MetricsSystemImpl (MetricsSystemImpl.java:stop(216)) - HddsDatanode metrics system stopped.
]]></system-out>
    <system-err><![CDATA[Oct 03, 2019 8:33:12 AM org.apache.ratis.thirdparty.io.grpc.internal.SerializingExecutor run
SEVERE: Exception while executing runnable org.apache.ratis.thirdparty.io.grpc.internal.ServerImpl$JumpToApplicationThreadServerStreamListener$1Closed@1b9115fb
org.apache.ratis.thirdparty.io.grpc.StatusRuntimeException: CANCELLED: call already cancelled
	at org.apache.ratis.thirdparty.io.grpc.Status.asRuntimeException(Status.java:517)
	at org.apache.ratis.thirdparty.io.grpc.stub.ServerCalls$ServerCallStreamObserverImpl.onCompleted(ServerCalls.java:356)
	at org.apache.ratis.grpc.server.GrpcServerProtocolService$ServerRequestStreamObserver.onError(GrpcServerProtocolService.java:121)
	at org.apache.ratis.thirdparty.io.grpc.stub.ServerCalls$StreamingServerCallHandler$StreamingServerCallListener.onCancel(ServerCalls.java:269)
	at org.apache.ratis.thirdparty.io.grpc.internal.ServerCallImpl$ServerStreamListenerImpl.closed(ServerCallImpl.java:293)
	at org.apache.ratis.thirdparty.io.grpc.internal.ServerImpl$JumpToApplicationThreadServerStreamListener$1Closed.runInContext(ServerImpl.java:741)
	at org.apache.ratis.thirdparty.io.grpc.internal.ContextRunnable.run(ContextRunnable.java:37)
	at org.apache.ratis.thirdparty.io.grpc.internal.SerializingExecutor.run(SerializingExecutor.java:123)
	at java.util.concurrent.ThreadPoolExecutor.runWorker(ThreadPoolExecutor.java:1149)
	at java.util.concurrent.ThreadPoolExecutor$Worker.run(ThreadPoolExecutor.java:624)
	at java.lang.Thread.run(Thread.java:748)

Oct 03, 2019 8:33:12 AM org.apache.ratis.thirdparty.io.grpc.internal.SerializingExecutor run
SEVERE: Exception while executing runnable org.apache.ratis.thirdparty.io.grpc.internal.ServerImpl$JumpToApplicationThreadServerStreamListener$1Closed@688aa47e
org.apache.ratis.thirdparty.io.grpc.StatusRuntimeException: CANCELLED: call already cancelled
	at org.apache.ratis.thirdparty.io.grpc.Status.asRuntimeException(Status.java:517)
	at org.apache.ratis.thirdparty.io.grpc.stub.ServerCalls$ServerCallStreamObserverImpl.onCompleted(ServerCalls.java:356)
	at org.apache.ratis.grpc.server.GrpcServerProtocolService$ServerRequestStreamObserver.onError(GrpcServerProtocolService.java:121)
	at org.apache.ratis.thirdparty.io.grpc.stub.ServerCalls$StreamingServerCallHandler$StreamingServerCallListener.onCancel(ServerCalls.java:269)
	at org.apache.ratis.thirdparty.io.grpc.internal.ServerCallImpl$ServerStreamListenerImpl.closed(ServerCallImpl.java:293)
	at org.apache.ratis.thirdparty.io.grpc.internal.ServerImpl$JumpToApplicationThreadServerStreamListener$1Closed.runInContext(ServerImpl.java:741)
	at org.apache.ratis.thirdparty.io.grpc.internal.ContextRunnable.run(ContextRunnable.java:37)
	at org.apache.ratis.thirdparty.io.grpc.internal.SerializingExecutor.run(SerializingExecutor.java:123)
	at java.util.concurrent.ThreadPoolExecutor.runWorker(ThreadPoolExecutor.java:1149)
	at java.util.concurrent.ThreadPoolExecutor$Worker.run(ThreadPoolExecutor.java:624)
	at java.lang.Thread.run(Thread.java:748)

]]></system-err>
  </testcase>
  <testcase name="testFailureWithPrimeSizedData" classname="org.apache.hadoop.ozone.client.rpc.TestBlockOutputStreamWithFailures" time="34.861"/>
  <testcase name="testWatchForCommitWithCloseContainerException" classname="org.apache.hadoop.ozone.client.rpc.TestBlockOutputStreamWithFailures" time="34.464"/>
  <testcase name="testExceptionDuringClose" classname="org.apache.hadoop.ozone.client.rpc.TestBlockOutputStreamWithFailures" time="37.877"/>
</testsuite>