<?xml version="1.0" encoding="UTF-8"?>
<testsuite xmlns:xsi="http://www.w3.org/2001/XMLSchema-instance" xsi:noNamespaceSchemaLocation="https://maven.apache.org/surefire/maven-surefire-plugin/xsd/surefire-test-report.xsd" name="org.apache.hadoop.ozone.client.rpc.TestWatchForCommit" time="240.425" tests="5" errors="1" skipped="0" failures="0">
  <properties>
    <property name="awt.toolkit" value="sun.awt.X11.XToolkit"/>
    <property name="file.encoding.pkg" value="sun.io"/>
    <property name="java.specification.version" value="1.8"/>
    <property name="sun.cpu.isalist" value=""/>
    <property name="sun.jnu.encoding" value="UTF-8"/>
    <property name="java.class.path" value="/workdir/hadoop-ozone/integration-test/target/test-classes:/workdir/hadoop-ozone/integration-test/target/classes:/home/user/.m2/repository/org/apache/hadoop/hadoop-ozone-common/0.5.0-SNAPSHOT/hadoop-ozone-common-0.5.0-SNAPSHOT.jar:/home/user/.m2/repository/org/apache/commons/commons-compress/1.4.1/commons-compress-1.4.1.jar:/home/user/.m2/repository/org/tukaani/xz/1.0/xz-1.0.jar:/home/user/.m2/repository/org/apache/hadoop/hadoop-common/3.2.0/hadoop-common-3.2.0.jar:/home/user/.m2/repository/org/apache/hadoop/hadoop-hdfs/3.2.0/hadoop-hdfs-3.2.0.jar:/home/user/.m2/repository/org/apache/hadoop/hadoop-hdfs-client/3.2.0/hadoop-hdfs-client-3.2.0.jar:/home/user/.m2/repository/com/fasterxml/jackson/core/jackson-annotations/2.9.9/jackson-annotations-2.9.9.jar:/home/user/.m2/repository/org/apache/hadoop/hadoop-hdds-common/0.5.0-SNAPSHOT/hadoop-hdds-common-0.5.0-SNAPSHOT.jar:/home/user/.m2/repository/javax/annotation/javax.annotation-api/1.2/javax.annotation-api-1.2.jar:/home/user/.m2/repository/org/apache/ratis/ratis-server/0.5.0-201fc85-SNAPSHOT/ratis-server-0.5.0-201fc85-SNAPSHOT.jar:/home/user/.m2/repository/org/apache/ratis/ratis-thirdparty-misc/0.2.0/ratis-thirdparty-misc-0.2.0.jar:/home/user/.m2/repository/org/apache/ratis/ratis-proto/0.5.0-201fc85-SNAPSHOT/ratis-proto-0.5.0-201fc85-SNAPSHOT.jar:/home/user/.m2/repository/org/apache/ratis/ratis-common/0.5.0-201fc85-SNAPSHOT/ratis-common-0.5.0-201fc85-SNAPSHOT.jar:/home/user/.m2/repository/org/apache/ratis/ratis-client/0.5.0-201fc85-SNAPSHOT/ratis-client-0.5.0-201fc85-SNAPSHOT.jar:/home/user/.m2/repository/org/apache/ratis/ratis-metrics/0.5.0-201fc85-SNAPSHOT/ratis-metrics-0.5.0-201fc85-SNAPSHOT.jar:/home/user/.m2/repository/com/github/joshelser/dropwizard-metrics-hadoop-metrics2-reporter/0.1.2/dropwizard-metrics-hadoop-metrics2-reporter-0.1.2.jar:/home/user/.m2/repository/io/dropwizard/metrics/metrics-jvm/3.2.5/metrics-jvm-3.2.5.jar:/home/user/.m2/repository/io/dropwizard/metrics/metrics-ganglia/3.2.5/metrics-ganglia-3.2.5.jar:/home/user/.m2/repository/info/ganglia/gmetric4j/gmetric4j/1.0.7/gmetric4j-1.0.7.jar:/home/user/.m2/repository/org/apache/ratis/ratis-netty/0.5.0-201fc85-SNAPSHOT/ratis-netty-0.5.0-201fc85-SNAPSHOT.jar:/home/user/.m2/repository/org/apache/ratis/ratis-grpc/0.5.0-201fc85-SNAPSHOT/ratis-grpc-0.5.0-201fc85-SNAPSHOT.jar:/home/user/.m2/repository/org/rocksdb/rocksdbjni/6.0.1/rocksdbjni-6.0.1.jar:/home/user/.m2/repository/org/apache/logging/log4j/log4j-api/2.11.0/log4j-api-2.11.0.jar:/home/user/.m2/repository/org/apache/logging/log4j/log4j-core/2.11.0/log4j-core-2.11.0.jar:/home/user/.m2/repository/com/lmax/disruptor/3.4.2/disruptor-3.4.2.jar:/home/user/.m2/repository/org/apache/commons/commons-pool2/2.6.0/commons-pool2-2.6.0.jar:/home/user/.m2/repository/org/bouncycastle/bcpkix-jdk15on/1.60/bcpkix-jdk15on-1.60.jar:/home/user/.m2/repository/commons-validator/commons-validator/1.6/commons-validator-1.6.jar:/home/user/.m2/repository/commons-digester/commons-digester/1.8.1/commons-digester-1.8.1.jar:/home/user/.m2/repository/io/jaegertracing/jaeger-client/0.34.0/jaeger-client-0.34.0.jar:/home/user/.m2/repository/io/jaegertracing/jaeger-thrift/0.34.0/jaeger-thrift-0.34.0.jar:/home/user/.m2/repository/org/apache/thrift/libthrift/0.12.0/libthrift-0.12.0.jar:/home/user/.m2/repository/com/squareup/okhttp3/okhttp/3.9.0/okhttp-3.9.0.jar:/home/user/.m2/repository/com/squareup/okio/okio/1.13.0/okio-1.13.0.jar:/home/user/.m2/repository/io/jaegertracing/jaeger-core/0.34.0/jaeger-core-0.34.0.jar:/home/user/.m2/repository/io/jaegertracing/jaeger-tracerresolver/0.34.0/jaeger-tracerresolver-0.34.0.jar:/home/user/.m2/repository/io/opentracing/contrib/opentracing-tracerresolver/0.1.5/opentracing-tracerresolver-0.1.5.jar:/home/user/.m2/repository/io/opentracing/opentracing-util/0.31.0/opentracing-util-0.31.0.jar:/home/user/.m2/repository/io/opentracing/opentracing-api/0.31.0/opentracing-api-0.31.0.jar:/home/user/.m2/repository/io/opentracing/opentracing-noop/0.31.0/opentracing-noop-0.31.0.jar:/home/user/.m2/repository/org/apache/hadoop/hadoop-hdds-server-framework/0.5.0-SNAPSHOT/hadoop-hdds-server-framework-0.5.0-SNAPSHOT.jar:/home/user/.m2/repository/org/apache/hadoop/hadoop-hdds-container-service/0.5.0-SNAPSHOT/hadoop-hdds-container-service-0.5.0-SNAPSHOT.jar:/home/user/.m2/repository/org/apache/hadoop/hadoop-hdds-client/0.5.0-SNAPSHOT/hadoop-hdds-client-0.5.0-SNAPSHOT.jar:/home/user/.m2/repository/org/apache/hadoop/hadoop-hdds-tools/0.5.0-SNAPSHOT/hadoop-hdds-tools-0.5.0-SNAPSHOT.jar:/home/user/.m2/repository/org/apache/hadoop/hadoop-hdds-server-scm/0.5.0-SNAPSHOT/hadoop-hdds-server-scm-0.5.0-SNAPSHOT.jar:/home/user/.m2/repository/org/apache/hadoop/hadoop-hdds-docs/0.5.0-SNAPSHOT/hadoop-hdds-docs-0.5.0-SNAPSHOT.jar:/home/user/.m2/repository/io/dropwizard/metrics/metrics-core/3.2.4/metrics-core-3.2.4.jar:/home/user/.m2/repository/org/hamcrest/hamcrest-all/1.3/hamcrest-all-1.3.jar:/home/user/.m2/repository/org/bouncycastle/bcprov-jdk15on/1.60/bcprov-jdk15on-1.60.jar:/home/user/.m2/repository/info/picocli/picocli/3.9.6/picocli-3.9.6.jar:/home/user/.m2/repository/com/google/protobuf/protobuf-java/2.5.0/protobuf-java-2.5.0.jar:/home/user/.m2/repository/com/google/guava/guava/11.0.2/guava-11.0.2.jar:/home/user/.m2/repository/org/apache/hadoop/hadoop-ozone-ozone-manager/0.5.0-SNAPSHOT/hadoop-ozone-ozone-manager-0.5.0-SNAPSHOT.jar:/home/user/.m2/repository/org/apache/hadoop/hadoop-minikdc/3.2.0/hadoop-minikdc-3.2.0.jar:/home/user/.m2/repository/commons-io/commons-io/2.5/commons-io-2.5.jar:/home/user/.m2/repository/org/apache/kerby/kerb-simplekdc/1.0.1/kerb-simplekdc-1.0.1.jar:/home/user/.m2/repository/org/apache/kerby/kerb-client/1.0.1/kerb-client-1.0.1.jar:/home/user/.m2/repository/org/apache/kerby/kerby-config/1.0.1/kerby-config-1.0.1.jar:/home/user/.m2/repository/org/apache/kerby/kerb-core/1.0.1/kerb-core-1.0.1.jar:/home/user/.m2/repository/org/apache/kerby/kerby-pkix/1.0.1/kerby-pkix-1.0.1.jar:/home/user/.m2/repository/org/apache/kerby/kerby-asn1/1.0.1/kerby-asn1-1.0.1.jar:/home/user/.m2/repository/org/apache/kerby/kerby-util/1.0.1/kerby-util-1.0.1.jar:/home/user/.m2/repository/org/apache/kerby/kerb-common/1.0.1/kerb-common-1.0.1.jar:/home/user/.m2/repository/org/apache/kerby/kerb-crypto/1.0.1/kerb-crypto-1.0.1.jar:/home/user/.m2/repository/org/apache/kerby/kerb-util/1.0.1/kerb-util-1.0.1.jar:/home/user/.m2/repository/org/apache/kerby/token-provider/1.0.1/token-provider-1.0.1.jar:/home/user/.m2/repository/org/apache/kerby/kerb-admin/1.0.1/kerb-admin-1.0.1.jar:/home/user/.m2/repository/org/apache/kerby/kerb-server/1.0.1/kerb-server-1.0.1.jar:/home/user/.m2/repository/org/apache/kerby/kerb-identity/1.0.1/kerb-identity-1.0.1.jar:/home/user/.m2/repository/org/apache/kerby/kerby-xdr/1.0.1/kerby-xdr-1.0.1.jar:/home/user/.m2/repository/org/slf4j/slf4j-log4j12/1.7.25/slf4j-log4j12-1.7.25.jar:/home/user/.m2/repository/org/apache/hadoop/hadoop-ozone-s3gateway/0.5.0-SNAPSHOT/hadoop-ozone-s3gateway-0.5.0-SNAPSHOT.jar:/home/user/.m2/repository/org/jboss/weld/servlet/weld-servlet/2.4.7.Final/weld-servlet-2.4.7.Final.jar:/home/user/.m2/repository/org/glassfish/jersey/containers/jersey-container-servlet-core/2.27/jersey-container-servlet-core-2.27.jar:/home/user/.m2/repository/org/glassfish/hk2/external/javax.inject/2.5.0-b42/javax.inject-2.5.0-b42.jar:/home/user/.m2/repository/org/glassfish/jersey/core/jersey-common/2.27/jersey-common-2.27.jar:/home/user/.m2/repository/org/glassfish/hk2/osgi-resource-locator/1.0.1/osgi-resource-locator-1.0.1.jar:/home/user/.m2/repository/javax/ws/rs/javax.ws.rs-api/2.1/javax.ws.rs-api-2.1.jar:/home/user/.m2/repository/org/glassfish/jersey/ext/cdi/jersey-cdi1x/2.27/jersey-cdi1x-2.27.jar:/home/user/.m2/repository/org/glassfish/jersey/inject/jersey-hk2/2.27/jersey-hk2-2.27.jar:/home/user/.m2/repository/org/glassfish/hk2/hk2-locator/2.5.0-b42/hk2-locator-2.5.0-b42.jar:/home/user/.m2/repository/org/javassist/javassist/3.22.0-CR2/javassist-3.22.0-CR2.jar:/home/user/.m2/repository/org/glassfish/hk2/hk2-api/2.5.0/hk2-api-2.5.0.jar:/home/user/.m2/repository/org/glassfish/hk2/external/jakarta.inject/2.5.0/jakarta.inject-2.5.0.jar:/home/user/.m2/repository/org/glassfish/hk2/hk2-utils/2.5.0/hk2-utils-2.5.0.jar:/home/user/.m2/repository/jakarta/annotation/jakarta.annotation-api/1.3.4/jakarta.annotation-api-1.3.4.jar:/home/user/.m2/repository/org/glassfish/hk2/external/aopalliance-repackaged/2.5.0/aopalliance-repackaged-2.5.0.jar:/home/user/.m2/repository/com/fasterxml/jackson/dataformat/jackson-dataformat-xml/2.9.0/jackson-dataformat-xml-2.9.0.jar:/home/user/.m2/repository/com/fasterxml/jackson/core/jackson-core/2.9.9/jackson-core-2.9.9.jar:/home/user/.m2/repository/com/fasterxml/jackson/module/jackson-module-jaxb-annotations/2.9.9/jackson-module-jaxb-annotations-2.9.9.jar:/home/user/.m2/repository/javax/enterprise/cdi-api/1.2/cdi-api-1.2.jar:/home/user/.m2/repository/javax/el/javax.el-api/3.0.0/javax.el-api-3.0.0.jar:/home/user/.m2/repository/javax/interceptor/javax.interceptor-api/1.2/javax.interceptor-api-1.2.jar:/home/user/.m2/repository/javax/inject/javax.inject/1/javax.inject-1.jar:/home/user/.m2/repository/com/sun/xml/bind/jaxb-impl/2.3.0.1/jaxb-impl-2.3.0.1.jar:/home/user/.m2/repository/com/sun/xml/bind/jaxb-core/2.3.0.1/jaxb-core-2.3.0.1.jar:/home/user/.m2/repository/javax/xml/bind/jaxb-api/2.3.0/jaxb-api-2.3.0.jar:/home/user/.m2/repository/javax/activation/activation/1.1.1/activation-1.1.1.jar:/home/user/.m2/repository/org/apache/hadoop/hadoop-ozone-csi/0.5.0-SNAPSHOT/hadoop-ozone-csi-0.5.0-SNAPSHOT.jar:/home/user/.m2/repository/com/google/protobuf/protobuf-java-util/3.5.1/protobuf-java-util-3.5.1.jar:/home/user/.m2/repository/org/apache/hadoop/hadoop-hdds-config/0.5.0-SNAPSHOT/hadoop-hdds-config-0.5.0-SNAPSHOT.jar:/home/user/.m2/repository/io/grpc/grpc-netty/1.17.1/grpc-netty-1.17.1.jar:/home/user/.m2/repository/io/grpc/grpc-core/1.17.1/grpc-core-1.17.1.jar:/home/user/.m2/repository/io/grpc/grpc-context/1.17.1/grpc-context-1.17.1.jar:/home/user/.m2/repository/com/google/errorprone/error_prone_annotations/2.2.0/error_prone_annotations-2.2.0.jar:/home/user/.m2/repository/org/codehaus/mojo/animal-sniffer-annotations/1.17/animal-sniffer-annotations-1.17.jar:/home/user/.m2/repository/io/opencensus/opencensus-api/0.17.0/opencensus-api-0.17.0.jar:/home/user/.m2/repository/io/opencensus/opencensus-contrib-grpc-metrics/0.17.0/opencensus-contrib-grpc-metrics-0.17.0.jar:/home/user/.m2/repository/io/netty/netty-codec-http2/4.1.30.Final/netty-codec-http2-4.1.30.Final.jar:/home/user/.m2/repository/io/netty/netty-codec-http/4.1.30.Final/netty-codec-http-4.1.30.Final.jar:/home/user/.m2/repository/io/netty/netty-codec/4.1.30.Final/netty-codec-4.1.30.Final.jar:/home/user/.m2/repository/io/netty/netty-handler/4.1.30.Final/netty-handler-4.1.30.Final.jar:/home/user/.m2/repository/io/netty/netty-handler-proxy/4.1.30.Final/netty-handler-proxy-4.1.30.Final.jar:/home/user/.m2/repository/io/netty/netty-codec-socks/4.1.30.Final/netty-codec-socks-4.1.30.Final.jar:/home/user/.m2/repository/io/netty/netty-transport-native-epoll/4.1.30.Final/netty-transport-native-epoll-4.1.30.Final.jar:/home/user/.m2/repository/io/netty/netty-common/4.1.30.Final/netty-common-4.1.30.Final.jar:/home/user/.m2/repository/io/netty/netty-buffer/4.1.30.Final/netty-buffer-4.1.30.Final.jar:/home/user/.m2/repository/io/netty/netty-transport/4.1.30.Final/netty-transport-4.1.30.Final.jar:/home/user/.m2/repository/io/netty/netty-resolver/4.1.30.Final/netty-resolver-4.1.30.Final.jar:/home/user/.m2/repository/io/netty/netty-transport-native-unix-common/4.1.30.Final/netty-transport-native-unix-common-4.1.30.Final.jar:/home/user/.m2/repository/io/grpc/grpc-protobuf/1.17.1/grpc-protobuf-1.17.1.jar:/home/user/.m2/repository/com/google/api/grpc/proto-google-common-protos/1.0.0/proto-google-common-protos-1.0.0.jar:/home/user/.m2/repository/io/grpc/grpc-protobuf-lite/1.17.1/grpc-protobuf-lite-1.17.1.jar:/home/user/.m2/repository/io/grpc/grpc-stub/1.17.1/grpc-stub-1.17.1.jar:/home/user/.m2/repository/org/apache/hadoop/hadoop-ozone-recon/0.5.0-SNAPSHOT/hadoop-ozone-recon-0.5.0-SNAPSHOT.jar:/home/user/.m2/repository/org/apache/hadoop/hadoop-ozone-reconcodegen/0.5.0-SNAPSHOT/hadoop-ozone-reconcodegen-0.5.0-SNAPSHOT.jar:/home/user/.m2/repository/com/google/inject/extensions/guice-multibindings/4.0/guice-multibindings-4.0.jar:/home/user/.m2/repository/com/google/inject/guice/4.0/guice-4.0.jar:/home/user/.m2/repository/aopalliance/aopalliance/1.0/aopalliance-1.0.jar:/home/user/.m2/repository/com/google/inject/extensions/guice-servlet/4.0/guice-servlet-4.0.jar:/home/user/.m2/repository/org/glassfish/jersey/containers/jersey-container-servlet/2.27/jersey-container-servlet-2.27.jar:/home/user/.m2/repository/org/glassfish/hk2/guice-bridge/2.5.0/guice-bridge-2.5.0.jar:/home/user/.m2/repository/org/glassfish/jersey/core/jersey-server/2.27/jersey-server-2.27.jar:/home/user/.m2/repository/org/glassfish/jersey/core/jersey-client/2.27/jersey-client-2.27.jar:/home/user/.m2/repository/org/glassfish/jersey/media/jersey-media-jaxb/2.27/jersey-media-jaxb-2.27.jar:/home/user/.m2/repository/javax/validation/validation-api/1.1.0.Final/validation-api-1.1.0.Final.jar:/home/user/.m2/repository/org/glassfish/jersey/media/jersey-media-json-jackson/2.27/jersey-media-json-jackson-2.27.jar:/home/user/.m2/repository/org/glassfish/jersey/ext/jersey-entity-filtering/2.27/jersey-entity-filtering-2.27.jar:/home/user/.m2/repository/com/google/inject/extensions/guice-assistedinject/4.0/guice-assistedinject-4.0.jar:/home/user/.m2/repository/org/jooq/jooq/3.11.10/jooq-3.11.10.jar:/home/user/.m2/repository/org/jooq/jooq-meta/3.11.10/jooq-meta-3.11.10.jar:/home/user/.m2/repository/org/jooq/jooq-codegen/3.11.10/jooq-codegen-3.11.10.jar:/home/user/.m2/repository/com/jolbox/bonecp/0.8.0.RELEASE/bonecp-0.8.0.RELEASE.jar:/home/user/.m2/repository/org/xerial/sqlite-jdbc/3.25.2/sqlite-jdbc-3.25.2.jar:/home/user/.m2/repository/org/springframework/spring-jdbc/5.1.3.RELEASE/spring-jdbc-5.1.3.RELEASE.jar:/home/user/.m2/repository/org/springframework/spring-beans/5.1.3.RELEASE/spring-beans-5.1.3.RELEASE.jar:/home/user/.m2/repository/org/springframework/spring-core/5.1.3.RELEASE/spring-core-5.1.3.RELEASE.jar:/home/user/.m2/repository/org/springframework/spring-jcl/5.1.3.RELEASE/spring-jcl-5.1.3.RELEASE.jar:/home/user/.m2/repository/org/springframework/spring-tx/5.1.3.RELEASE/spring-tx-5.1.3.RELEASE.jar:/home/user/.m2/repository/org/apache/hadoop/hadoop-ozone-client/0.5.0-SNAPSHOT/hadoop-ozone-client-0.5.0-SNAPSHOT.jar:/home/user/.m2/repository/commons-lang/commons-lang/2.6/commons-lang-2.6.jar:/home/user/.m2/repository/org/apache/hadoop/hadoop-ozone-ozone-manager/0.5.0-SNAPSHOT/hadoop-ozone-ozone-manager-0.5.0-SNAPSHOT-tests.jar:/home/user/.m2/repository/junit/junit/4.11/junit-4.11.jar:/home/user/.m2/repository/org/hamcrest/hamcrest-core/1.3/hamcrest-core-1.3.jar:/home/user/.m2/repository/org/openjdk/jmh/jmh-core/1.19/jmh-core-1.19.jar:/home/user/.m2/repository/net/sf/jopt-simple/jopt-simple/4.6/jopt-simple-4.6.jar:/home/user/.m2/repository/org/apache/commons/commons-math3/3.1.1/commons-math3-3.1.1.jar:/home/user/.m2/repository/org/openjdk/jmh/jmh-generator-annprocess/1.19/jmh-generator-annprocess-1.19.jar:/home/user/.m2/repository/org/mockito/mockito-all/1.8.5/mockito-all-1.8.5.jar:/home/user/.m2/repository/org/apache/hadoop/hadoop-kms/3.2.0/hadoop-kms-3.2.0.jar:/home/user/.m2/repository/org/apache/hadoop/hadoop-auth/3.2.0/hadoop-auth-3.2.0.jar:/home/user/.m2/repository/com/nimbusds/nimbus-jose-jwt/4.41.1/nimbus-jose-jwt-4.41.1.jar:/home/user/.m2/repository/com/github/stephenc/jcip/jcip-annotations/1.0-1/jcip-annotations-1.0-1.jar:/home/user/.m2/repository/net/minidev/json-smart/2.3/json-smart-2.3.jar:/home/user/.m2/repository/net/minidev/accessors-smart/1.2/accessors-smart-1.2.jar:/home/user/.m2/repository/org/ow2/asm/asm/5.0.4/asm-5.0.4.jar:/home/user/.m2/repository/org/apache/curator/curator-framework/2.12.0/curator-framework-2.12.0.jar:/home/user/.m2/repository/com/sun/jersey/jersey-core/1.19/jersey-core-1.19.jar:/home/user/.m2/repository/javax/ws/rs/jsr311-api/1.1.1/jsr311-api-1.1.1.jar:/home/user/.m2/repository/com/sun/jersey/jersey-server/1.19/jersey-server-1.19.jar:/home/user/.m2/repository/javax/servlet/javax.servlet-api/3.1.0/javax.servlet-api-3.1.0.jar:/home/user/.m2/repository/org/eclipse/jetty/jetty-server/9.3.25.v20180904/jetty-server-9.3.25.v20180904.jar:/home/user/.m2/repository/org/eclipse/jetty/jetty-http/9.3.25.v20180904/jetty-http-9.3.25.v20180904.jar:/home/user/.m2/repository/org/eclipse/jetty/jetty-io/9.3.25.v20180904/jetty-io-9.3.25.v20180904.jar:/home/user/.m2/repository/org/eclipse/jetty/jetty-webapp/9.3.25.v20180904/jetty-webapp-9.3.25.v20180904.jar:/home/user/.m2/repository/org/eclipse/jetty/jetty-xml/9.3.25.v20180904/jetty-xml-9.3.25.v20180904.jar:/home/user/.m2/repository/log4j/log4j/1.2.17/log4j-1.2.17.jar:/home/user/.m2/repository/org/slf4j/slf4j-api/1.7.25/slf4j-api-1.7.25.jar:/home/user/.m2/repository/org/slf4j/jul-to-slf4j/1.7.25/jul-to-slf4j-1.7.25.jar:/home/user/.m2/repository/org/eclipse/jetty/jetty-util/9.3.25.v20180904/jetty-util-9.3.25.v20180904.jar:/home/user/.m2/repository/com/fasterxml/jackson/core/jackson-databind/2.9.9/jackson-databind-2.9.9.jar:/home/user/.m2/repository/org/apache/hadoop/hadoop-kms/3.2.0/hadoop-kms-3.2.0-tests.jar:/home/user/.m2/repository/org/apache/hadoop/hadoop-hdds-server-scm/0.5.0-SNAPSHOT/hadoop-hdds-server-scm-0.5.0-SNAPSHOT-tests.jar:/home/user/.m2/repository/org/apache/hadoop/hadoop-hdds-container-service/0.5.0-SNAPSHOT/hadoop-hdds-container-service-0.5.0-SNAPSHOT-tests.jar:/home/user/.m2/repository/org/yaml/snakeyaml/1.16/snakeyaml-1.16.jar:/home/user/.m2/repository/org/apache/hadoop/hadoop-common/3.2.0/hadoop-common-3.2.0-tests.jar:/home/user/.m2/repository/org/apache/hadoop/hadoop-annotations/3.2.0/hadoop-annotations-3.2.0.jar:/usr/lib/jvm/java-1.8-openjdk/jre/../lib/tools.jar:/home/user/.m2/repository/commons-cli/commons-cli/1.2/commons-cli-1.2.jar:/home/user/.m2/repository/org/apache/httpcomponents/httpclient/4.5.2/httpclient-4.5.2.jar:/home/user/.m2/repository/org/apache/httpcomponents/httpcore/4.4.4/httpcore-4.4.4.jar:/home/user/.m2/repository/commons-codec/commons-codec/1.11/commons-codec-1.11.jar:/home/user/.m2/repository/commons-net/commons-net/3.6/commons-net-3.6.jar:/home/user/.m2/repository/commons-collections/commons-collections/3.2.2/commons-collections-3.2.2.jar:/home/user/.m2/repository/org/eclipse/jetty/jetty-servlet/9.3.25.v20180904/jetty-servlet-9.3.25.v20180904.jar:/home/user/.m2/repository/org/eclipse/jetty/jetty-security/9.3.25.v20180904/jetty-security-9.3.25.v20180904.jar:/home/user/.m2/repository/javax/servlet/jsp/jsp-api/2.1/jsp-api-2.1.jar:/home/user/.m2/repository/com/sun/jersey/jersey-servlet/1.19/jersey-servlet-1.19.jar:/home/user/.m2/repository/com/sun/jersey/jersey-json/1.19/jersey-json-1.19.jar:/home/user/.m2/repository/org/codehaus/jettison/jettison/1.1/jettison-1.1.jar:/home/user/.m2/repository/org/codehaus/jackson/jackson-core-asl/1.9.13/jackson-core-asl-1.9.13.jar:/home/user/.m2/repository/org/codehaus/jackson/jackson-mapper-asl/1.9.13/jackson-mapper-asl-1.9.13.jar:/home/user/.m2/repository/org/codehaus/jackson/jackson-jaxrs/1.9.13/jackson-jaxrs-1.9.13.jar:/home/user/.m2/repository/org/codehaus/jackson/jackson-xc/1.9.13/jackson-xc-1.9.13.jar:/home/user/.m2/repository/commons-logging/commons-logging/1.1.3/commons-logging-1.1.3.jar:/home/user/.m2/repository/commons-beanutils/commons-beanutils/1.9.4/commons-beanutils-1.9.4.jar:/home/user/.m2/repository/org/apache/commons/commons-configuration2/2.1.1/commons-configuration2-2.1.1.jar:/home/user/.m2/repository/org/apache/commons/commons-lang3/3.7/commons-lang3-3.7.jar:/home/user/.m2/repository/org/apache/commons/commons-text/1.4/commons-text-1.4.jar:/home/user/.m2/repository/org/apache/avro/avro/1.7.7/avro-1.7.7.jar:/home/user/.m2/repository/com/thoughtworks/paranamer/paranamer/2.3/paranamer-2.3.jar:/home/user/.m2/repository/org/xerial/snappy/snappy-java/1.0.5/snappy-java-1.0.5.jar:/home/user/.m2/repository/com/google/re2j/re2j/1.1/re2j-1.1.jar:/home/user/.m2/repository/com/google/code/gson/gson/2.2.4/gson-2.2.4.jar:/home/user/.m2/repository/com/jcraft/jsch/0.1.54/jsch-0.1.54.jar:/home/user/.m2/repository/org/apache/curator/curator-client/2.12.0/curator-client-2.12.0.jar:/home/user/.m2/repository/org/apache/curator/curator-recipes/2.12.0/curator-recipes-2.12.0.jar:/home/user/.m2/repository/com/google/code/findbugs/jsr305/3.0.0/jsr305-3.0.0.jar:/home/user/.m2/repository/org/apache/htrace/htrace-core4/4.1.0-incubating/htrace-core4-4.1.0-incubating.jar:/home/user/.m2/repository/org/apache/zookeeper/zookeeper/3.4.13/zookeeper-3.4.13.jar:/home/user/.m2/repository/jline/jline/0.9.94/jline-0.9.94.jar:/home/user/.m2/repository/org/apache/yetus/audience-annotations/0.5.0/audience-annotations-0.5.0.jar:/home/user/.m2/repository/org/codehaus/woodstox/stax2-api/3.1.4/stax2-api-3.1.4.jar:/home/user/.m2/repository/com/fasterxml/woodstox/woodstox-core/5.0.3/woodstox-core-5.0.3.jar:/home/user/.m2/repository/dnsjava/dnsjava/2.1.7/dnsjava-2.1.7.jar:/home/user/.m2/repository/org/apache/hadoop/hadoop-hdfs/3.2.0/hadoop-hdfs-3.2.0-tests.jar:/home/user/.m2/repository/org/eclipse/jetty/jetty-util-ajax/9.3.25.v20180904/jetty-util-ajax-9.3.25.v20180904.jar:/home/user/.m2/repository/commons-daemon/commons-daemon/1.0.13/commons-daemon-1.0.13.jar:/home/user/.m2/repository/io/netty/netty/3.10.5.Final/netty-3.10.5.Final.jar:/home/user/.m2/repository/io/netty/netty-all/4.0.52.Final/netty-all-4.0.52.Final.jar:/home/user/.m2/repository/org/fusesource/leveldbjni/leveldbjni-all/1.8/leveldbjni-all-1.8.jar:"/>
    <property name="java.vm.vendor" value="IcedTea"/>
    <property name="sun.arch.data.model" value="64"/>
    <property name="test.build.dir" value="/workdir/hadoop-ozone/integration-test/target/test-dir"/>
    <property name="test.cache.data" value=""/>
    <property name="java.vendor.url" value="https://icedtea.classpath.org"/>
    <property name="user.timezone" value=""/>
    <property name="java.vm.specification.version" value="1.8"/>
    <property name="os.name" value="Linux"/>
    <property name="test.build.data" value="/workdir/hadoop-ozone/integration-test/target/test-dir"/>
    <property name="user.country" value="US"/>
    <property name="sun.java.launcher" value="SUN_STANDARD"/>
    <property name="sun.boot.library.path" value="/usr/lib/jvm/java-1.8-openjdk/jre/lib/amd64"/>
    <property name="sun.java.command" value="/workdir/hadoop-ozone/integration-test/target/surefire/surefirebooter4866678696078671457.jar /workdir/hadoop-ozone/integration-test/target/surefire 2019-10-04T05-42-42_998-jvmRun1 surefire3943783457735096915tmp surefire_401435563306723208073tmp"/>
    <property name="test" value="!TestMiniChaosOzoneCluster"/>
    <property name="surefire.test.class.path" value="/workdir/hadoop-ozone/integration-test/target/test-classes:/workdir/hadoop-ozone/integration-test/target/classes:/home/user/.m2/repository/org/apache/hadoop/hadoop-ozone-common/0.5.0-SNAPSHOT/hadoop-ozone-common-0.5.0-SNAPSHOT.jar:/home/user/.m2/repository/org/apache/commons/commons-compress/1.4.1/commons-compress-1.4.1.jar:/home/user/.m2/repository/org/tukaani/xz/1.0/xz-1.0.jar:/home/user/.m2/repository/org/apache/hadoop/hadoop-common/3.2.0/hadoop-common-3.2.0.jar:/home/user/.m2/repository/org/apache/hadoop/hadoop-hdfs/3.2.0/hadoop-hdfs-3.2.0.jar:/home/user/.m2/repository/org/apache/hadoop/hadoop-hdfs-client/3.2.0/hadoop-hdfs-client-3.2.0.jar:/home/user/.m2/repository/com/fasterxml/jackson/core/jackson-annotations/2.9.9/jackson-annotations-2.9.9.jar:/home/user/.m2/repository/org/apache/hadoop/hadoop-hdds-common/0.5.0-SNAPSHOT/hadoop-hdds-common-0.5.0-SNAPSHOT.jar:/home/user/.m2/repository/javax/annotation/javax.annotation-api/1.2/javax.annotation-api-1.2.jar:/home/user/.m2/repository/org/apache/ratis/ratis-server/0.5.0-201fc85-SNAPSHOT/ratis-server-0.5.0-201fc85-SNAPSHOT.jar:/home/user/.m2/repository/org/apache/ratis/ratis-thirdparty-misc/0.2.0/ratis-thirdparty-misc-0.2.0.jar:/home/user/.m2/repository/org/apache/ratis/ratis-proto/0.5.0-201fc85-SNAPSHOT/ratis-proto-0.5.0-201fc85-SNAPSHOT.jar:/home/user/.m2/repository/org/apache/ratis/ratis-common/0.5.0-201fc85-SNAPSHOT/ratis-common-0.5.0-201fc85-SNAPSHOT.jar:/home/user/.m2/repository/org/apache/ratis/ratis-client/0.5.0-201fc85-SNAPSHOT/ratis-client-0.5.0-201fc85-SNAPSHOT.jar:/home/user/.m2/repository/org/apache/ratis/ratis-metrics/0.5.0-201fc85-SNAPSHOT/ratis-metrics-0.5.0-201fc85-SNAPSHOT.jar:/home/user/.m2/repository/com/github/joshelser/dropwizard-metrics-hadoop-metrics2-reporter/0.1.2/dropwizard-metrics-hadoop-metrics2-reporter-0.1.2.jar:/home/user/.m2/repository/io/dropwizard/metrics/metrics-jvm/3.2.5/metrics-jvm-3.2.5.jar:/home/user/.m2/repository/io/dropwizard/metrics/metrics-ganglia/3.2.5/metrics-ganglia-3.2.5.jar:/home/user/.m2/repository/info/ganglia/gmetric4j/gmetric4j/1.0.7/gmetric4j-1.0.7.jar:/home/user/.m2/repository/org/apache/ratis/ratis-netty/0.5.0-201fc85-SNAPSHOT/ratis-netty-0.5.0-201fc85-SNAPSHOT.jar:/home/user/.m2/repository/org/apache/ratis/ratis-grpc/0.5.0-201fc85-SNAPSHOT/ratis-grpc-0.5.0-201fc85-SNAPSHOT.jar:/home/user/.m2/repository/org/rocksdb/rocksdbjni/6.0.1/rocksdbjni-6.0.1.jar:/home/user/.m2/repository/org/apache/logging/log4j/log4j-api/2.11.0/log4j-api-2.11.0.jar:/home/user/.m2/repository/org/apache/logging/log4j/log4j-core/2.11.0/log4j-core-2.11.0.jar:/home/user/.m2/repository/com/lmax/disruptor/3.4.2/disruptor-3.4.2.jar:/home/user/.m2/repository/org/apache/commons/commons-pool2/2.6.0/commons-pool2-2.6.0.jar:/home/user/.m2/repository/org/bouncycastle/bcpkix-jdk15on/1.60/bcpkix-jdk15on-1.60.jar:/home/user/.m2/repository/commons-validator/commons-validator/1.6/commons-validator-1.6.jar:/home/user/.m2/repository/commons-digester/commons-digester/1.8.1/commons-digester-1.8.1.jar:/home/user/.m2/repository/io/jaegertracing/jaeger-client/0.34.0/jaeger-client-0.34.0.jar:/home/user/.m2/repository/io/jaegertracing/jaeger-thrift/0.34.0/jaeger-thrift-0.34.0.jar:/home/user/.m2/repository/org/apache/thrift/libthrift/0.12.0/libthrift-0.12.0.jar:/home/user/.m2/repository/com/squareup/okhttp3/okhttp/3.9.0/okhttp-3.9.0.jar:/home/user/.m2/repository/com/squareup/okio/okio/1.13.0/okio-1.13.0.jar:/home/user/.m2/repository/io/jaegertracing/jaeger-core/0.34.0/jaeger-core-0.34.0.jar:/home/user/.m2/repository/io/jaegertracing/jaeger-tracerresolver/0.34.0/jaeger-tracerresolver-0.34.0.jar:/home/user/.m2/repository/io/opentracing/contrib/opentracing-tracerresolver/0.1.5/opentracing-tracerresolver-0.1.5.jar:/home/user/.m2/repository/io/opentracing/opentracing-util/0.31.0/opentracing-util-0.31.0.jar:/home/user/.m2/repository/io/opentracing/opentracing-api/0.31.0/opentracing-api-0.31.0.jar:/home/user/.m2/repository/io/opentracing/opentracing-noop/0.31.0/opentracing-noop-0.31.0.jar:/home/user/.m2/repository/org/apache/hadoop/hadoop-hdds-server-framework/0.5.0-SNAPSHOT/hadoop-hdds-server-framework-0.5.0-SNAPSHOT.jar:/home/user/.m2/repository/org/apache/hadoop/hadoop-hdds-container-service/0.5.0-SNAPSHOT/hadoop-hdds-container-service-0.5.0-SNAPSHOT.jar:/home/user/.m2/repository/org/apache/hadoop/hadoop-hdds-client/0.5.0-SNAPSHOT/hadoop-hdds-client-0.5.0-SNAPSHOT.jar:/home/user/.m2/repository/org/apache/hadoop/hadoop-hdds-tools/0.5.0-SNAPSHOT/hadoop-hdds-tools-0.5.0-SNAPSHOT.jar:/home/user/.m2/repository/org/apache/hadoop/hadoop-hdds-server-scm/0.5.0-SNAPSHOT/hadoop-hdds-server-scm-0.5.0-SNAPSHOT.jar:/home/user/.m2/repository/org/apache/hadoop/hadoop-hdds-docs/0.5.0-SNAPSHOT/hadoop-hdds-docs-0.5.0-SNAPSHOT.jar:/home/user/.m2/repository/io/dropwizard/metrics/metrics-core/3.2.4/metrics-core-3.2.4.jar:/home/user/.m2/repository/org/hamcrest/hamcrest-all/1.3/hamcrest-all-1.3.jar:/home/user/.m2/repository/org/bouncycastle/bcprov-jdk15on/1.60/bcprov-jdk15on-1.60.jar:/home/user/.m2/repository/info/picocli/picocli/3.9.6/picocli-3.9.6.jar:/home/user/.m2/repository/com/google/protobuf/protobuf-java/2.5.0/protobuf-java-2.5.0.jar:/home/user/.m2/repository/com/google/guava/guava/11.0.2/guava-11.0.2.jar:/home/user/.m2/repository/org/apache/hadoop/hadoop-ozone-ozone-manager/0.5.0-SNAPSHOT/hadoop-ozone-ozone-manager-0.5.0-SNAPSHOT.jar:/home/user/.m2/repository/org/apache/hadoop/hadoop-minikdc/3.2.0/hadoop-minikdc-3.2.0.jar:/home/user/.m2/repository/commons-io/commons-io/2.5/commons-io-2.5.jar:/home/user/.m2/repository/org/apache/kerby/kerb-simplekdc/1.0.1/kerb-simplekdc-1.0.1.jar:/home/user/.m2/repository/org/apache/kerby/kerb-client/1.0.1/kerb-client-1.0.1.jar:/home/user/.m2/repository/org/apache/kerby/kerby-config/1.0.1/kerby-config-1.0.1.jar:/home/user/.m2/repository/org/apache/kerby/kerb-core/1.0.1/kerb-core-1.0.1.jar:/home/user/.m2/repository/org/apache/kerby/kerby-pkix/1.0.1/kerby-pkix-1.0.1.jar:/home/user/.m2/repository/org/apache/kerby/kerby-asn1/1.0.1/kerby-asn1-1.0.1.jar:/home/user/.m2/repository/org/apache/kerby/kerby-util/1.0.1/kerby-util-1.0.1.jar:/home/user/.m2/repository/org/apache/kerby/kerb-common/1.0.1/kerb-common-1.0.1.jar:/home/user/.m2/repository/org/apache/kerby/kerb-crypto/1.0.1/kerb-crypto-1.0.1.jar:/home/user/.m2/repository/org/apache/kerby/kerb-util/1.0.1/kerb-util-1.0.1.jar:/home/user/.m2/repository/org/apache/kerby/token-provider/1.0.1/token-provider-1.0.1.jar:/home/user/.m2/repository/org/apache/kerby/kerb-admin/1.0.1/kerb-admin-1.0.1.jar:/home/user/.m2/repository/org/apache/kerby/kerb-server/1.0.1/kerb-server-1.0.1.jar:/home/user/.m2/repository/org/apache/kerby/kerb-identity/1.0.1/kerb-identity-1.0.1.jar:/home/user/.m2/repository/org/apache/kerby/kerby-xdr/1.0.1/kerby-xdr-1.0.1.jar:/home/user/.m2/repository/org/slf4j/slf4j-log4j12/1.7.25/slf4j-log4j12-1.7.25.jar:/home/user/.m2/repository/org/apache/hadoop/hadoop-ozone-s3gateway/0.5.0-SNAPSHOT/hadoop-ozone-s3gateway-0.5.0-SNAPSHOT.jar:/home/user/.m2/repository/org/jboss/weld/servlet/weld-servlet/2.4.7.Final/weld-servlet-2.4.7.Final.jar:/home/user/.m2/repository/org/glassfish/jersey/containers/jersey-container-servlet-core/2.27/jersey-container-servlet-core-2.27.jar:/home/user/.m2/repository/org/glassfish/hk2/external/javax.inject/2.5.0-b42/javax.inject-2.5.0-b42.jar:/home/user/.m2/repository/org/glassfish/jersey/core/jersey-common/2.27/jersey-common-2.27.jar:/home/user/.m2/repository/org/glassfish/hk2/osgi-resource-locator/1.0.1/osgi-resource-locator-1.0.1.jar:/home/user/.m2/repository/javax/ws/rs/javax.ws.rs-api/2.1/javax.ws.rs-api-2.1.jar:/home/user/.m2/repository/org/glassfish/jersey/ext/cdi/jersey-cdi1x/2.27/jersey-cdi1x-2.27.jar:/home/user/.m2/repository/org/glassfish/jersey/inject/jersey-hk2/2.27/jersey-hk2-2.27.jar:/home/user/.m2/repository/org/glassfish/hk2/hk2-locator/2.5.0-b42/hk2-locator-2.5.0-b42.jar:/home/user/.m2/repository/org/javassist/javassist/3.22.0-CR2/javassist-3.22.0-CR2.jar:/home/user/.m2/repository/org/glassfish/hk2/hk2-api/2.5.0/hk2-api-2.5.0.jar:/home/user/.m2/repository/org/glassfish/hk2/external/jakarta.inject/2.5.0/jakarta.inject-2.5.0.jar:/home/user/.m2/repository/org/glassfish/hk2/hk2-utils/2.5.0/hk2-utils-2.5.0.jar:/home/user/.m2/repository/jakarta/annotation/jakarta.annotation-api/1.3.4/jakarta.annotation-api-1.3.4.jar:/home/user/.m2/repository/org/glassfish/hk2/external/aopalliance-repackaged/2.5.0/aopalliance-repackaged-2.5.0.jar:/home/user/.m2/repository/com/fasterxml/jackson/dataformat/jackson-dataformat-xml/2.9.0/jackson-dataformat-xml-2.9.0.jar:/home/user/.m2/repository/com/fasterxml/jackson/core/jackson-core/2.9.9/jackson-core-2.9.9.jar:/home/user/.m2/repository/com/fasterxml/jackson/module/jackson-module-jaxb-annotations/2.9.9/jackson-module-jaxb-annotations-2.9.9.jar:/home/user/.m2/repository/javax/enterprise/cdi-api/1.2/cdi-api-1.2.jar:/home/user/.m2/repository/javax/el/javax.el-api/3.0.0/javax.el-api-3.0.0.jar:/home/user/.m2/repository/javax/interceptor/javax.interceptor-api/1.2/javax.interceptor-api-1.2.jar:/home/user/.m2/repository/javax/inject/javax.inject/1/javax.inject-1.jar:/home/user/.m2/repository/com/sun/xml/bind/jaxb-impl/2.3.0.1/jaxb-impl-2.3.0.1.jar:/home/user/.m2/repository/com/sun/xml/bind/jaxb-core/2.3.0.1/jaxb-core-2.3.0.1.jar:/home/user/.m2/repository/javax/xml/bind/jaxb-api/2.3.0/jaxb-api-2.3.0.jar:/home/user/.m2/repository/javax/activation/activation/1.1.1/activation-1.1.1.jar:/home/user/.m2/repository/org/apache/hadoop/hadoop-ozone-csi/0.5.0-SNAPSHOT/hadoop-ozone-csi-0.5.0-SNAPSHOT.jar:/home/user/.m2/repository/com/google/protobuf/protobuf-java-util/3.5.1/protobuf-java-util-3.5.1.jar:/home/user/.m2/repository/org/apache/hadoop/hadoop-hdds-config/0.5.0-SNAPSHOT/hadoop-hdds-config-0.5.0-SNAPSHOT.jar:/home/user/.m2/repository/io/grpc/grpc-netty/1.17.1/grpc-netty-1.17.1.jar:/home/user/.m2/repository/io/grpc/grpc-core/1.17.1/grpc-core-1.17.1.jar:/home/user/.m2/repository/io/grpc/grpc-context/1.17.1/grpc-context-1.17.1.jar:/home/user/.m2/repository/com/google/errorprone/error_prone_annotations/2.2.0/error_prone_annotations-2.2.0.jar:/home/user/.m2/repository/org/codehaus/mojo/animal-sniffer-annotations/1.17/animal-sniffer-annotations-1.17.jar:/home/user/.m2/repository/io/opencensus/opencensus-api/0.17.0/opencensus-api-0.17.0.jar:/home/user/.m2/repository/io/opencensus/opencensus-contrib-grpc-metrics/0.17.0/opencensus-contrib-grpc-metrics-0.17.0.jar:/home/user/.m2/repository/io/netty/netty-codec-http2/4.1.30.Final/netty-codec-http2-4.1.30.Final.jar:/home/user/.m2/repository/io/netty/netty-codec-http/4.1.30.Final/netty-codec-http-4.1.30.Final.jar:/home/user/.m2/repository/io/netty/netty-codec/4.1.30.Final/netty-codec-4.1.30.Final.jar:/home/user/.m2/repository/io/netty/netty-handler/4.1.30.Final/netty-handler-4.1.30.Final.jar:/home/user/.m2/repository/io/netty/netty-handler-proxy/4.1.30.Final/netty-handler-proxy-4.1.30.Final.jar:/home/user/.m2/repository/io/netty/netty-codec-socks/4.1.30.Final/netty-codec-socks-4.1.30.Final.jar:/home/user/.m2/repository/io/netty/netty-transport-native-epoll/4.1.30.Final/netty-transport-native-epoll-4.1.30.Final.jar:/home/user/.m2/repository/io/netty/netty-common/4.1.30.Final/netty-common-4.1.30.Final.jar:/home/user/.m2/repository/io/netty/netty-buffer/4.1.30.Final/netty-buffer-4.1.30.Final.jar:/home/user/.m2/repository/io/netty/netty-transport/4.1.30.Final/netty-transport-4.1.30.Final.jar:/home/user/.m2/repository/io/netty/netty-resolver/4.1.30.Final/netty-resolver-4.1.30.Final.jar:/home/user/.m2/repository/io/netty/netty-transport-native-unix-common/4.1.30.Final/netty-transport-native-unix-common-4.1.30.Final.jar:/home/user/.m2/repository/io/grpc/grpc-protobuf/1.17.1/grpc-protobuf-1.17.1.jar:/home/user/.m2/repository/com/google/api/grpc/proto-google-common-protos/1.0.0/proto-google-common-protos-1.0.0.jar:/home/user/.m2/repository/io/grpc/grpc-protobuf-lite/1.17.1/grpc-protobuf-lite-1.17.1.jar:/home/user/.m2/repository/io/grpc/grpc-stub/1.17.1/grpc-stub-1.17.1.jar:/home/user/.m2/repository/org/apache/hadoop/hadoop-ozone-recon/0.5.0-SNAPSHOT/hadoop-ozone-recon-0.5.0-SNAPSHOT.jar:/home/user/.m2/repository/org/apache/hadoop/hadoop-ozone-reconcodegen/0.5.0-SNAPSHOT/hadoop-ozone-reconcodegen-0.5.0-SNAPSHOT.jar:/home/user/.m2/repository/com/google/inject/extensions/guice-multibindings/4.0/guice-multibindings-4.0.jar:/home/user/.m2/repository/com/google/inject/guice/4.0/guice-4.0.jar:/home/user/.m2/repository/aopalliance/aopalliance/1.0/aopalliance-1.0.jar:/home/user/.m2/repository/com/google/inject/extensions/guice-servlet/4.0/guice-servlet-4.0.jar:/home/user/.m2/repository/org/glassfish/jersey/containers/jersey-container-servlet/2.27/jersey-container-servlet-2.27.jar:/home/user/.m2/repository/org/glassfish/hk2/guice-bridge/2.5.0/guice-bridge-2.5.0.jar:/home/user/.m2/repository/org/glassfish/jersey/core/jersey-server/2.27/jersey-server-2.27.jar:/home/user/.m2/repository/org/glassfish/jersey/core/jersey-client/2.27/jersey-client-2.27.jar:/home/user/.m2/repository/org/glassfish/jersey/media/jersey-media-jaxb/2.27/jersey-media-jaxb-2.27.jar:/home/user/.m2/repository/javax/validation/validation-api/1.1.0.Final/validation-api-1.1.0.Final.jar:/home/user/.m2/repository/org/glassfish/jersey/media/jersey-media-json-jackson/2.27/jersey-media-json-jackson-2.27.jar:/home/user/.m2/repository/org/glassfish/jersey/ext/jersey-entity-filtering/2.27/jersey-entity-filtering-2.27.jar:/home/user/.m2/repository/com/google/inject/extensions/guice-assistedinject/4.0/guice-assistedinject-4.0.jar:/home/user/.m2/repository/org/jooq/jooq/3.11.10/jooq-3.11.10.jar:/home/user/.m2/repository/org/jooq/jooq-meta/3.11.10/jooq-meta-3.11.10.jar:/home/user/.m2/repository/org/jooq/jooq-codegen/3.11.10/jooq-codegen-3.11.10.jar:/home/user/.m2/repository/com/jolbox/bonecp/0.8.0.RELEASE/bonecp-0.8.0.RELEASE.jar:/home/user/.m2/repository/org/xerial/sqlite-jdbc/3.25.2/sqlite-jdbc-3.25.2.jar:/home/user/.m2/repository/org/springframework/spring-jdbc/5.1.3.RELEASE/spring-jdbc-5.1.3.RELEASE.jar:/home/user/.m2/repository/org/springframework/spring-beans/5.1.3.RELEASE/spring-beans-5.1.3.RELEASE.jar:/home/user/.m2/repository/org/springframework/spring-core/5.1.3.RELEASE/spring-core-5.1.3.RELEASE.jar:/home/user/.m2/repository/org/springframework/spring-jcl/5.1.3.RELEASE/spring-jcl-5.1.3.RELEASE.jar:/home/user/.m2/repository/org/springframework/spring-tx/5.1.3.RELEASE/spring-tx-5.1.3.RELEASE.jar:/home/user/.m2/repository/org/apache/hadoop/hadoop-ozone-client/0.5.0-SNAPSHOT/hadoop-ozone-client-0.5.0-SNAPSHOT.jar:/home/user/.m2/repository/commons-lang/commons-lang/2.6/commons-lang-2.6.jar:/home/user/.m2/repository/org/apache/hadoop/hadoop-ozone-ozone-manager/0.5.0-SNAPSHOT/hadoop-ozone-ozone-manager-0.5.0-SNAPSHOT-tests.jar:/home/user/.m2/repository/junit/junit/4.11/junit-4.11.jar:/home/user/.m2/repository/org/hamcrest/hamcrest-core/1.3/hamcrest-core-1.3.jar:/home/user/.m2/repository/org/openjdk/jmh/jmh-core/1.19/jmh-core-1.19.jar:/home/user/.m2/repository/net/sf/jopt-simple/jopt-simple/4.6/jopt-simple-4.6.jar:/home/user/.m2/repository/org/apache/commons/commons-math3/3.1.1/commons-math3-3.1.1.jar:/home/user/.m2/repository/org/openjdk/jmh/jmh-generator-annprocess/1.19/jmh-generator-annprocess-1.19.jar:/home/user/.m2/repository/org/mockito/mockito-all/1.8.5/mockito-all-1.8.5.jar:/home/user/.m2/repository/org/apache/hadoop/hadoop-kms/3.2.0/hadoop-kms-3.2.0.jar:/home/user/.m2/repository/org/apache/hadoop/hadoop-auth/3.2.0/hadoop-auth-3.2.0.jar:/home/user/.m2/repository/com/nimbusds/nimbus-jose-jwt/4.41.1/nimbus-jose-jwt-4.41.1.jar:/home/user/.m2/repository/com/github/stephenc/jcip/jcip-annotations/1.0-1/jcip-annotations-1.0-1.jar:/home/user/.m2/repository/net/minidev/json-smart/2.3/json-smart-2.3.jar:/home/user/.m2/repository/net/minidev/accessors-smart/1.2/accessors-smart-1.2.jar:/home/user/.m2/repository/org/ow2/asm/asm/5.0.4/asm-5.0.4.jar:/home/user/.m2/repository/org/apache/curator/curator-framework/2.12.0/curator-framework-2.12.0.jar:/home/user/.m2/repository/com/sun/jersey/jersey-core/1.19/jersey-core-1.19.jar:/home/user/.m2/repository/javax/ws/rs/jsr311-api/1.1.1/jsr311-api-1.1.1.jar:/home/user/.m2/repository/com/sun/jersey/jersey-server/1.19/jersey-server-1.19.jar:/home/user/.m2/repository/javax/servlet/javax.servlet-api/3.1.0/javax.servlet-api-3.1.0.jar:/home/user/.m2/repository/org/eclipse/jetty/jetty-server/9.3.25.v20180904/jetty-server-9.3.25.v20180904.jar:/home/user/.m2/repository/org/eclipse/jetty/jetty-http/9.3.25.v20180904/jetty-http-9.3.25.v20180904.jar:/home/user/.m2/repository/org/eclipse/jetty/jetty-io/9.3.25.v20180904/jetty-io-9.3.25.v20180904.jar:/home/user/.m2/repository/org/eclipse/jetty/jetty-webapp/9.3.25.v20180904/jetty-webapp-9.3.25.v20180904.jar:/home/user/.m2/repository/org/eclipse/jetty/jetty-xml/9.3.25.v20180904/jetty-xml-9.3.25.v20180904.jar:/home/user/.m2/repository/log4j/log4j/1.2.17/log4j-1.2.17.jar:/home/user/.m2/repository/org/slf4j/slf4j-api/1.7.25/slf4j-api-1.7.25.jar:/home/user/.m2/repository/org/slf4j/jul-to-slf4j/1.7.25/jul-to-slf4j-1.7.25.jar:/home/user/.m2/repository/org/eclipse/jetty/jetty-util/9.3.25.v20180904/jetty-util-9.3.25.v20180904.jar:/home/user/.m2/repository/com/fasterxml/jackson/core/jackson-databind/2.9.9/jackson-databind-2.9.9.jar:/home/user/.m2/repository/org/apache/hadoop/hadoop-kms/3.2.0/hadoop-kms-3.2.0-tests.jar:/home/user/.m2/repository/org/apache/hadoop/hadoop-hdds-server-scm/0.5.0-SNAPSHOT/hadoop-hdds-server-scm-0.5.0-SNAPSHOT-tests.jar:/home/user/.m2/repository/org/apache/hadoop/hadoop-hdds-container-service/0.5.0-SNAPSHOT/hadoop-hdds-container-service-0.5.0-SNAPSHOT-tests.jar:/home/user/.m2/repository/org/yaml/snakeyaml/1.16/snakeyaml-1.16.jar:/home/user/.m2/repository/org/apache/hadoop/hadoop-common/3.2.0/hadoop-common-3.2.0-tests.jar:/home/user/.m2/repository/org/apache/hadoop/hadoop-annotations/3.2.0/hadoop-annotations-3.2.0.jar:/usr/lib/jvm/java-1.8-openjdk/jre/../lib/tools.jar:/home/user/.m2/repository/commons-cli/commons-cli/1.2/commons-cli-1.2.jar:/home/user/.m2/repository/org/apache/httpcomponents/httpclient/4.5.2/httpclient-4.5.2.jar:/home/user/.m2/repository/org/apache/httpcomponents/httpcore/4.4.4/httpcore-4.4.4.jar:/home/user/.m2/repository/commons-codec/commons-codec/1.11/commons-codec-1.11.jar:/home/user/.m2/repository/commons-net/commons-net/3.6/commons-net-3.6.jar:/home/user/.m2/repository/commons-collections/commons-collections/3.2.2/commons-collections-3.2.2.jar:/home/user/.m2/repository/org/eclipse/jetty/jetty-servlet/9.3.25.v20180904/jetty-servlet-9.3.25.v20180904.jar:/home/user/.m2/repository/org/eclipse/jetty/jetty-security/9.3.25.v20180904/jetty-security-9.3.25.v20180904.jar:/home/user/.m2/repository/javax/servlet/jsp/jsp-api/2.1/jsp-api-2.1.jar:/home/user/.m2/repository/com/sun/jersey/jersey-servlet/1.19/jersey-servlet-1.19.jar:/home/user/.m2/repository/com/sun/jersey/jersey-json/1.19/jersey-json-1.19.jar:/home/user/.m2/repository/org/codehaus/jettison/jettison/1.1/jettison-1.1.jar:/home/user/.m2/repository/org/codehaus/jackson/jackson-core-asl/1.9.13/jackson-core-asl-1.9.13.jar:/home/user/.m2/repository/org/codehaus/jackson/jackson-mapper-asl/1.9.13/jackson-mapper-asl-1.9.13.jar:/home/user/.m2/repository/org/codehaus/jackson/jackson-jaxrs/1.9.13/jackson-jaxrs-1.9.13.jar:/home/user/.m2/repository/org/codehaus/jackson/jackson-xc/1.9.13/jackson-xc-1.9.13.jar:/home/user/.m2/repository/commons-logging/commons-logging/1.1.3/commons-logging-1.1.3.jar:/home/user/.m2/repository/commons-beanutils/commons-beanutils/1.9.4/commons-beanutils-1.9.4.jar:/home/user/.m2/repository/org/apache/commons/commons-configuration2/2.1.1/commons-configuration2-2.1.1.jar:/home/user/.m2/repository/org/apache/commons/commons-lang3/3.7/commons-lang3-3.7.jar:/home/user/.m2/repository/org/apache/commons/commons-text/1.4/commons-text-1.4.jar:/home/user/.m2/repository/org/apache/avro/avro/1.7.7/avro-1.7.7.jar:/home/user/.m2/repository/com/thoughtworks/paranamer/paranamer/2.3/paranamer-2.3.jar:/home/user/.m2/repository/org/xerial/snappy/snappy-java/1.0.5/snappy-java-1.0.5.jar:/home/user/.m2/repository/com/google/re2j/re2j/1.1/re2j-1.1.jar:/home/user/.m2/repository/com/google/code/gson/gson/2.2.4/gson-2.2.4.jar:/home/user/.m2/repository/com/jcraft/jsch/0.1.54/jsch-0.1.54.jar:/home/user/.m2/repository/org/apache/curator/curator-client/2.12.0/curator-client-2.12.0.jar:/home/user/.m2/repository/org/apache/curator/curator-recipes/2.12.0/curator-recipes-2.12.0.jar:/home/user/.m2/repository/com/google/code/findbugs/jsr305/3.0.0/jsr305-3.0.0.jar:/home/user/.m2/repository/org/apache/htrace/htrace-core4/4.1.0-incubating/htrace-core4-4.1.0-incubating.jar:/home/user/.m2/repository/org/apache/zookeeper/zookeeper/3.4.13/zookeeper-3.4.13.jar:/home/user/.m2/repository/jline/jline/0.9.94/jline-0.9.94.jar:/home/user/.m2/repository/org/apache/yetus/audience-annotations/0.5.0/audience-annotations-0.5.0.jar:/home/user/.m2/repository/org/codehaus/woodstox/stax2-api/3.1.4/stax2-api-3.1.4.jar:/home/user/.m2/repository/com/fasterxml/woodstox/woodstox-core/5.0.3/woodstox-core-5.0.3.jar:/home/user/.m2/repository/dnsjava/dnsjava/2.1.7/dnsjava-2.1.7.jar:/home/user/.m2/repository/org/apache/hadoop/hadoop-hdfs/3.2.0/hadoop-hdfs-3.2.0-tests.jar:/home/user/.m2/repository/org/eclipse/jetty/jetty-util-ajax/9.3.25.v20180904/jetty-util-ajax-9.3.25.v20180904.jar:/home/user/.m2/repository/commons-daemon/commons-daemon/1.0.13/commons-daemon-1.0.13.jar:/home/user/.m2/repository/io/netty/netty/3.10.5.Final/netty-3.10.5.Final.jar:/home/user/.m2/repository/io/netty/netty-all/4.0.52.Final/netty-all-4.0.52.Final.jar:/home/user/.m2/repository/org/fusesource/leveldbjni/leveldbjni-all/1.8/leveldbjni-all-1.8.jar:"/>
    <property name="sun.cpu.endian" value="little"/>
    <property name="user.home" value="/home/user"/>
    <property name="user.language" value="en"/>
    <property name="java.specification.vendor" value="Oracle Corporation"/>
    <property name="java.home" value="/usr/lib/jvm/java-1.8-openjdk/jre"/>
    <property name="java.security.krb5.conf" value="/workdir/hadoop-ozone/integration-test/target/test-classes/krb5.conf"/>
    <property name="basedir" value="/workdir/hadoop-ozone/integration-test"/>
    <property name="file.separator" value="/"/>
    <property name="line.separator" value="&#10;"/>
    <property name="java.vm.specification.vendor" value="Oracle Corporation"/>
    <property name="java.specification.name" value="Java Platform API Specification"/>
    <property name="java.awt.graphicsenv" value="sun.awt.X11GraphicsEnvironment"/>
    <property name="surefire.real.class.path" value="/workdir/hadoop-ozone/integration-test/target/surefire/surefirebooter4866678696078671457.jar"/>
    <property name="hadoop.log.dir" value="/workdir/hadoop-ozone/integration-test/target/log"/>
    <property name="sun.boot.class.path" value="/usr/lib/jvm/java-1.8-openjdk/jre/lib/resources.jar:/usr/lib/jvm/java-1.8-openjdk/jre/lib/rt.jar:/usr/lib/jvm/java-1.8-openjdk/jre/lib/sunrsasign.jar:/usr/lib/jvm/java-1.8-openjdk/jre/lib/jsse.jar:/usr/lib/jvm/java-1.8-openjdk/jre/lib/jce.jar:/usr/lib/jvm/java-1.8-openjdk/jre/lib/charsets.jar:/usr/lib/jvm/java-1.8-openjdk/jre/lib/jfr.jar:/usr/lib/jvm/java-1.8-openjdk/jre/classes"/>
    <property name="sun.management.compiler" value="HotSpot 64-Bit Tiered Compilers"/>
    <property name="java.runtime.version" value="1.8.0_212-b04"/>
    <property name="java.net.preferIPv4Stack" value="true"/>
    <property name="user.name" value="jenkins1000"/>
    <property name="path.separator" value=":"/>
    <property name="java.security.egd" value="file:///dev/urandom"/>
    <property name="os.version" value="3.10.0-957.12.2.el7.x86_64"/>
    <property name="java.endorsed.dirs" value="/usr/lib/jvm/java-1.8-openjdk/jre/lib/endorsed"/>
    <property name="java.runtime.name" value="OpenJDK Runtime Environment"/>
    <property name="file.encoding" value="UTF-8"/>
    <property name="java.vm.name" value="OpenJDK 64-Bit Server VM"/>
    <property name="test.build.webapps" value=""/>
    <property name="localRepository" value="/home/user/.m2/repository"/>
    <property name="java.vendor.url.bug" value="https://icedtea.classpath.org/bugzilla"/>
    <property name="java.io.tmpdir" value="/tmp"/>
    <property name="require.test.libhadoop" value=""/>
    <property name="java.version" value="1.8.0_212"/>
    <property name="user.dir" value="/workdir/hadoop-ozone/integration-test"/>
    <property name="os.arch" value="amd64"/>
    <property name="java.vm.specification.name" value="Java Virtual Machine Specification"/>
    <property name="test.build.classes" value="/workdir/hadoop-ozone/integration-test/target/test-classes"/>
    <property name="java.awt.printerjob" value="sun.print.PSPrinterJob"/>
    <property name="sun.os.patch.level" value="unknown"/>
    <property name="hadoop.tmp.dir" value="/workdir/hadoop-ozone/integration-test/target/tmp"/>
    <property name="java.library.path" value="/usr/lib/jvm/java-1.8-openjdk/jre/lib/amd64/server:/usr/lib/jvm/java-1.8-openjdk/jre/lib/amd64:/usr/lib/jvm/java-1.8-openjdk/jre/../lib/amd64:/workdir/hadoop-ozone/integration-test/target/native/target/usr/local/lib:/workdir/hadoop-ozone/integration-test/../../hadoop-common-project/hadoop-common/target/native/target/usr/local/lib:/usr/java/packages/lib/amd64:/usr/lib64:/lib64:/lib:/usr/lib"/>
    <property name="java.vm.info" value="mixed mode"/>
    <property name="java.vendor" value="IcedTea"/>
    <property name="java.vm.version" value="25.212-b04"/>
    <property name="java.ext.dirs" value="/usr/lib/jvm/java-1.8-openjdk/jre/lib/ext:/usr/java/packages/lib/ext"/>
    <property name="sun.io.unicode.encoding" value="UnicodeLittle"/>
    <property name="java.class.version" value="52.0"/>
  </properties>
  <testcase name="testWatchForCommitWithKeyWrite" classname="org.apache.hadoop.ozone.client.rpc.TestWatchForCommit" time="59.207"/>
  <testcase name="testWatchForCommitWithSmallerTimeoutValue" classname="org.apache.hadoop.ozone.client.rpc.TestWatchForCommit" time="42.711"/>
  <testcase name="testWatchForCommitForRetryfailure" classname="org.apache.hadoop.ozone.client.rpc.TestWatchForCommit" time="73.75"/>
  <testcase name="testWatchForCommitForGroupMismatchException" classname="org.apache.hadoop.ozone.client.rpc.TestWatchForCommit" time="32.312"/>
  <testcase name="test2WayCommitForTimeoutException" classname="org.apache.hadoop.ozone.client.rpc.TestWatchForCommit" time="32.373">
    <error type="java.util.concurrent.TimeoutException">java.util.concurrent.TimeoutException
	at java.util.concurrent.CompletableFuture.timedGet(CompletableFuture.java:1771)
	at java.util.concurrent.CompletableFuture.get(CompletableFuture.java:1915)
	at org.apache.hadoop.hdds.scm.XceiverClientRatis.watchForCommit(XceiverClientRatis.java:298)
	at org.apache.hadoop.ozone.client.rpc.TestWatchForCommit.test2WayCommitForTimeoutException(TestWatchForCommit.java:391)
	at sun.reflect.NativeMethodAccessorImpl.invoke0(Native Method)
	at sun.reflect.NativeMethodAccessorImpl.invoke(NativeMethodAccessorImpl.java:62)
	at sun.reflect.DelegatingMethodAccessorImpl.invoke(DelegatingMethodAccessorImpl.java:43)
	at java.lang.reflect.Method.invoke(Method.java:498)
	at org.junit.runners.model.FrameworkMethod$1.runReflectiveCall(FrameworkMethod.java:47)
	at org.junit.internal.runners.model.ReflectiveCallable.run(ReflectiveCallable.java:12)
	at org.junit.runners.model.FrameworkMethod.invokeExplosively(FrameworkMethod.java:44)
	at org.junit.internal.runners.statements.InvokeMethod.evaluate(InvokeMethod.java:17)
	at org.junit.runners.ParentRunner.runLeaf(ParentRunner.java:271)
	at org.junit.runners.BlockJUnit4ClassRunner.runChild(BlockJUnit4ClassRunner.java:70)
	at org.junit.runners.BlockJUnit4ClassRunner.runChild(BlockJUnit4ClassRunner.java:50)
	at org.junit.runners.ParentRunner$3.run(ParentRunner.java:238)
	at org.junit.runners.ParentRunner$1.schedule(ParentRunner.java:63)
	at org.junit.runners.ParentRunner.runChildren(ParentRunner.java:236)
	at org.junit.runners.ParentRunner.access$000(ParentRunner.java:53)
	at org.junit.runners.ParentRunner$2.evaluate(ParentRunner.java:229)
	at org.junit.runners.ParentRunner.run(ParentRunner.java:309)
	at org.apache.maven.surefire.junit4.JUnit4Provider.execute(JUnit4Provider.java:365)
	at org.apache.maven.surefire.junit4.JUnit4Provider.executeWithRerun(JUnit4Provider.java:273)
	at org.apache.maven.surefire.junit4.JUnit4Provider.executeTestSet(JUnit4Provider.java:238)
	at org.apache.maven.surefire.junit4.JUnit4Provider.invoke(JUnit4Provider.java:159)
	at org.apache.maven.surefire.booter.ForkedBooter.invokeProviderInSameClassLoader(ForkedBooter.java:384)
	at org.apache.maven.surefire.booter.ForkedBooter.runSuitesInProcess(ForkedBooter.java:345)
	at org.apache.maven.surefire.booter.ForkedBooter.execute(ForkedBooter.java:126)
	at org.apache.maven.surefire.booter.ForkedBooter.main(ForkedBooter.java:418)
</error>
    <system-out><![CDATA[2019-10-04 06:28:32,417 [main] WARN  server.ServerUtils (ServerUtils.java:getScmDbDir(145)) - ozone.scm.db.dirs is not configured. We recommend adding this setting. Falling back to ozone.metadata.dirs instead.
2019-10-04 06:28:32,433 [main] WARN  server.ServerUtils (ServerUtils.java:getScmDbDir(145)) - ozone.scm.db.dirs is not configured. We recommend adding this setting. Falling back to ozone.metadata.dirs instead.
2019-10-04 06:28:32,433 [main] WARN  server.ServerUtils (ServerUtils.java:getScmDbDir(145)) - ozone.scm.db.dirs is not configured. We recommend adding this setting. Falling back to ozone.metadata.dirs instead.
2019-10-04 06:28:32,434 [main] INFO  db.DBStoreBuilder (DBStoreBuilder.java:addTable(117)) - using custom profile for table: deletedBlocks
2019-10-04 06:28:32,434 [main] INFO  db.DBStoreBuilder (DBStoreBuilder.java:processTables(168)) - Using default column profile:DBProfile.DISK for Table:deletedBlocks
2019-10-04 06:28:32,435 [main] INFO  db.DBStoreBuilder (DBStoreBuilder.java:addTable(117)) - using custom profile for table: validCerts
2019-10-04 06:28:32,435 [main] INFO  db.DBStoreBuilder (DBStoreBuilder.java:processTables(168)) - Using default column profile:DBProfile.DISK for Table:validCerts
2019-10-04 06:28:32,435 [main] INFO  db.DBStoreBuilder (DBStoreBuilder.java:addTable(117)) - using custom profile for table: revokedCerts
2019-10-04 06:28:32,435 [main] INFO  db.DBStoreBuilder (DBStoreBuilder.java:processTables(168)) - Using default column profile:DBProfile.DISK for Table:revokedCerts
2019-10-04 06:28:32,436 [main] INFO  db.DBStoreBuilder (DBStoreBuilder.java:addTable(117)) - using custom profile for table: default
2019-10-04 06:28:32,436 [main] INFO  db.DBStoreBuilder (DBStoreBuilder.java:processTables(174)) - Using default column profile:DBProfile.DISK for Table:default
2019-10-04 06:28:32,436 [main] INFO  db.DBStoreBuilder (DBStoreBuilder.java:getDbProfile(205)) - Using default options. DBProfile.DISK
2019-10-04 06:28:32,600 [main] INFO  net.NodeSchemaLoader (NodeSchemaLoader.java:loadSchemaFromFile(125)) - Loading file from sun.misc.CompoundEnumeration@7b14c61
2019-10-04 06:28:32,600 [main] INFO  net.NodeSchemaLoader (NodeSchemaLoader.java:loadSchema(171)) - Loading network topology layer schema file
2019-10-04 06:28:32,605 [main] WARN  server.ServerUtils (ServerUtils.java:sanitizeUserArgs(70)) - ozone.scm.stale.node.interval value = 300000 is larger than max = 100000 based on the key value of ozone.scm.heartbeat.thread.interval, reset to the max value 100000.
2019-10-04 06:28:32,606 [main] WARN  server.ServerUtils (ServerUtils.java:sanitizeUserArgs(70)) - ozone.scm.stale.node.interval value = 300000 is larger than max = 100000 based on the key value of ozone.scm.heartbeat.thread.interval, reset to the max value 100000.
2019-10-04 06:28:32,606 [main] INFO  node.SCMNodeManager (SCMNodeManager.java:<init>(114)) - Entering startup safe mode.
2019-10-04 06:28:32,607 [main] INFO  algorithms.ContainerPlacementPolicyFactory (ContainerPlacementPolicyFactory.java:getPolicy(57)) - Create container placement policy of type org.apache.hadoop.hdds.scm.container.placement.algorithms.SCMContainerPlacementRandom
2019-10-04 06:28:32,607 [main] WARN  server.ServerUtils (ServerUtils.java:getScmDbDir(145)) - ozone.scm.db.dirs is not configured. We recommend adding this setting. Falling back to ozone.metadata.dirs instead.
2019-10-04 06:28:32,656 [main] INFO  pipeline.SCMPipelineManager (SCMPipelineManager.java:initializePipelineState(132)) - No pipeline exists in current db
2019-10-04 06:28:32,656 [main] WARN  server.ServerUtils (ServerUtils.java:getScmDbDir(145)) - ozone.scm.db.dirs is not configured. We recommend adding this setting. Falling back to ozone.metadata.dirs instead.
2019-10-04 06:28:32,710 [main] WARN  events.EventQueue (EventQueue.java:fireEvent(183)) - No event handler registered for event TypedEvent{payloadType=SafeModeStatus, name='SafeModeStatus'}
2019-10-04 06:28:32,711 [main] INFO  ipc.CallQueueManager (CallQueueManager.java:<init>(84)) - Using callQueue: class java.util.concurrent.LinkedBlockingQueue, queueCapacity: 2000, scheduler: class org.apache.hadoop.ipc.DefaultRpcScheduler, ipcBackoff: false.
2019-10-04 06:28:32,712 [Socket Reader #1 for port 42581] INFO  ipc.Server (Server.java:run(1074)) - Starting Socket Reader #1 for port 42581
2019-10-04 06:28:32,715 [main] INFO  ipc.CallQueueManager (CallQueueManager.java:<init>(84)) - Using callQueue: class java.util.concurrent.LinkedBlockingQueue, queueCapacity: 2000, scheduler: class org.apache.hadoop.ipc.DefaultRpcScheduler, ipcBackoff: false.
2019-10-04 06:28:32,715 [Socket Reader #1 for port 36995] INFO  ipc.Server (Server.java:run(1074)) - Starting Socket Reader #1 for port 36995
2019-10-04 06:28:32,717 [main] INFO  ipc.CallQueueManager (CallQueueManager.java:<init>(84)) - Using callQueue: class java.util.concurrent.LinkedBlockingQueue, queueCapacity: 2000, scheduler: class org.apache.hadoop.ipc.DefaultRpcScheduler, ipcBackoff: false.
2019-10-04 06:28:32,718 [Socket Reader #1 for port 43841] INFO  ipc.Server (Server.java:run(1074)) - Starting Socket Reader #1 for port 43841
2019-10-04 06:28:32,721 [main] INFO  hdfs.DFSUtil (DFSUtil.java:httpServerTemplateForNNAndJN(1641)) - Starting Web-server for scm at: http://0.0.0.0:0
2019-10-04 06:28:32,723 [main] INFO  server.AuthenticationFilter (AuthenticationFilter.java:constructSecretProvider(240)) - Unable to initialize FileSignerSecretProvider, falling back to use random secrets.
2019-10-04 06:28:32,723 [main] WARN  http.HttpRequestLog (HttpRequestLog.java:getRequestLog(97)) - Jetty request log can only be enabled using Log4j
2019-10-04 06:28:32,725 [main] INFO  http.HttpServer2 (HttpServer2.java:addGlobalFilter(975)) - Added global filter 'safety' (class=org.apache.hadoop.http.HttpServer2$QuotingInputFilter)
2019-10-04 06:28:32,726 [main] INFO  http.HttpServer2 (HttpServer2.java:addFilter(948)) - Added filter static_user_filter (class=org.apache.hadoop.http.lib.StaticUserWebFilter$StaticUserFilter) to context scm
2019-10-04 06:28:32,726 [main] INFO  http.HttpServer2 (HttpServer2.java:addFilter(958)) - Added filter static_user_filter (class=org.apache.hadoop.http.lib.StaticUserWebFilter$StaticUserFilter) to context static
2019-10-04 06:28:32,726 [main] INFO  http.HttpServer2 (HttpServer2.java:addFilter(958)) - Added filter static_user_filter (class=org.apache.hadoop.http.lib.StaticUserWebFilter$StaticUserFilter) to context logs
2019-10-04 06:28:32,728 [main] INFO  server.StorageContainerManager (StorageContainerManager.java:start(770)) - StorageContainerLocationProtocol RPC server is listening at /0.0.0.0:43841
2019-10-04 06:28:32,730 [main] WARN  impl.MetricsConfig (MetricsConfig.java:loadFirst(134)) - Cannot locate configuration: tried hadoop-metrics2-storagecontainermanager.properties,hadoop-metrics2.properties
2019-10-04 06:28:32,731 [main] INFO  impl.MetricsSystemImpl (MetricsSystemImpl.java:startTimer(374)) - Scheduled Metric snapshot period at 10 second(s).
2019-10-04 06:28:32,731 [main] INFO  impl.MetricsSystemImpl (MetricsSystemImpl.java:start(191)) - StorageContainerManager metrics system started
2019-10-04 06:28:32,832 [main] WARN  impl.MetricsSystemImpl (MetricsSystemImpl.java:register(276)) - Sink prometheus already exists!
2019-10-04 06:28:32,955 [main] INFO  server.SCMClientProtocolServer (SCMClientProtocolServer.java:start(159)) - RPC server for Client  is listening at /0.0.0.0:43841
2019-10-04 06:28:32,955 [IPC Server Responder] INFO  ipc.Server (Server.java:run(1314)) - IPC Server Responder: starting
2019-10-04 06:28:32,955 [IPC Server listener on 43841] INFO  ipc.Server (Server.java:run(1153)) - IPC Server listener on 43841: starting
2019-10-04 06:28:32,960 [main] INFO  server.StorageContainerManager (StorageContainerManager.java:start(780)) - ScmBlockLocationProtocol RPC server is listening at /0.0.0.0:36995
2019-10-04 06:28:32,960 [main] INFO  server.SCMBlockProtocolServer (SCMBlockProtocolServer.java:start(146)) - RPC server for Block Protocol is listening at /0.0.0.0:36995
2019-10-04 06:28:32,961 [IPC Server Responder] INFO  ipc.Server (Server.java:run(1314)) - IPC Server Responder: starting
2019-10-04 06:28:32,961 [IPC Server listener on 36995] INFO  ipc.Server (Server.java:run(1153)) - IPC Server listener on 36995: starting
2019-10-04 06:28:32,965 [main] INFO  server.StorageContainerManager (StorageContainerManager.java:start(784)) - ScmDatanodeProtocl RPC server is listening at /0.0.0.0:42581
2019-10-04 06:28:32,965 [main] INFO  server.SCMDatanodeProtocolServer (SCMDatanodeProtocolServer.java:start(169)) - RPC server for DataNodes is listening at /0.0.0.0:42581
2019-10-04 06:28:32,966 [IPC Server listener on 42581] INFO  ipc.Server (Server.java:run(1153)) - IPC Server listener on 42581: starting
2019-10-04 06:28:32,966 [IPC Server Responder] INFO  ipc.Server (Server.java:run(1314)) - IPC Server Responder: starting
2019-10-04 06:28:32,973 [main] INFO  http.HttpServer2 (HttpServer2.java:bindListener(1191)) - Jetty bound to port 43664
2019-10-04 06:28:32,973 [main] INFO  server.Server (Server.java:doStart(351)) - jetty-9.3.25.v20180904, build timestamp: 2018-09-04T21:11:46Z, git hash: 3ce520221d0240229c862b122d2b06c12a625732
2019-10-04 06:28:32,975 [main] INFO  handler.ContextHandler (ContextHandler.java:doStart(781)) - Started o.e.j.s.ServletContextHandler@7d3691e1{/logs,file:///workdir/hadoop-ozone/integration-test/target/log,AVAILABLE}
2019-10-04 06:28:32,975 [main] INFO  handler.ContextHandler (ContextHandler.java:doStart(781)) - Started o.e.j.s.ServletContextHandler@44bc2449{/static,file:///workdir/hadoop-ozone/integration-test/target/test-classes/webapps/static,AVAILABLE}
2019-10-04 06:28:32,979 [main] INFO  handler.ContextHandler (ContextHandler.java:doStart(781)) - Started o.e.j.w.WebAppContext@46b2dcc5{/,file:///workdir/hadoop-ozone/integration-test/target/test-classes/webapps/scm/,AVAILABLE}{/scm}
2019-10-04 06:28:32,979 [main] INFO  server.AbstractConnector (AbstractConnector.java:doStart(278)) - Started ServerConnector@240f350a{HTTP/1.1,[http/1.1]}{0.0.0.0:43664}
2019-10-04 06:28:32,980 [main] INFO  server.Server (Server.java:doStart(419)) - Started @208991ms
2019-10-04 06:28:32,980 [main] WARN  impl.MetricsSystemImpl (MetricsSystemImpl.java:register(276)) - Sink prometheus already exists!
2019-10-04 06:28:32,981 [main] INFO  server.BaseHttpServer (BaseHttpServer.java:updateConnectorAddress(215)) - HTTP server of SCM is listening at http://0.0.0.0:43664
2019-10-04 06:28:32,982 [main] WARN  server.ServerUtils (ServerUtils.java:getDBPath(222)) - ozone.om.db.dirs is not configured. We recommend adding this setting. Falling back to ozone.metadata.dirs instead.
2019-10-04 06:28:32,983 [org.apache.hadoop.util.JvmPauseMonitor$Monitor@3af2f846] INFO  util.JvmPauseMonitor (JvmPauseMonitor.java:run(188)) - Starting JVM pause monitor
2019-10-04 06:28:32,996 [main] INFO  ha.OMHANodeDetails (OMHANodeDetails.java:loadOMHAConfig(190)) - Configuration either no ozone.om.address set. Falling back to the default OM address /127.0.0.1:0
2019-10-04 06:28:32,996 [main] INFO  ha.OMHANodeDetails (OMHANodeDetails.java:getOMNodeDetails(220)) - OM Service ID is not set. Setting it to the default ID: omServiceIdDefault
2019-10-04 06:28:32,996 [main] WARN  server.ServerUtils (ServerUtils.java:getDBPath(222)) - ozone.om.db.dirs is not configured. We recommend adding this setting. Falling back to ozone.metadata.dirs instead.
2019-10-04 06:28:32,996 [main] WARN  server.ServerUtils (ServerUtils.java:getDBPath(222)) - ozone.om.db.dirs is not configured. We recommend adding this setting. Falling back to ozone.metadata.dirs instead.
2019-10-04 06:28:33,005 [main] WARN  server.ServerUtils (ServerUtils.java:getDBPath(222)) - ozone.om.db.dirs is not configured. We recommend adding this setting. Falling back to ozone.metadata.dirs instead.
2019-10-04 06:28:33,006 [main] INFO  db.DBStoreBuilder (DBStoreBuilder.java:addTable(117)) - using custom profile for table: userTable
2019-10-04 06:28:33,006 [main] INFO  db.DBStoreBuilder (DBStoreBuilder.java:processTables(168)) - Using default column profile:DBProfile.DISK for Table:userTable
2019-10-04 06:28:33,006 [main] INFO  db.DBStoreBuilder (DBStoreBuilder.java:addTable(117)) - using custom profile for table: volumeTable
2019-10-04 06:28:33,006 [main] INFO  db.DBStoreBuilder (DBStoreBuilder.java:processTables(168)) - Using default column profile:DBProfile.DISK for Table:volumeTable
2019-10-04 06:28:33,006 [main] INFO  db.DBStoreBuilder (DBStoreBuilder.java:addTable(117)) - using custom profile for table: bucketTable
2019-10-04 06:28:33,006 [main] INFO  db.DBStoreBuilder (DBStoreBuilder.java:processTables(168)) - Using default column profile:DBProfile.DISK for Table:bucketTable
2019-10-04 06:28:33,007 [main] INFO  db.DBStoreBuilder (DBStoreBuilder.java:addTable(117)) - using custom profile for table: keyTable
2019-10-04 06:28:33,007 [main] INFO  db.DBStoreBuilder (DBStoreBuilder.java:processTables(168)) - Using default column profile:DBProfile.DISK for Table:keyTable
2019-10-04 06:28:33,007 [main] INFO  db.DBStoreBuilder (DBStoreBuilder.java:addTable(117)) - using custom profile for table: deletedTable
2019-10-04 06:28:33,007 [main] INFO  db.DBStoreBuilder (DBStoreBuilder.java:processTables(168)) - Using default column profile:DBProfile.DISK for Table:deletedTable
2019-10-04 06:28:33,007 [main] INFO  db.DBStoreBuilder (DBStoreBuilder.java:addTable(117)) - using custom profile for table: openKeyTable
2019-10-04 06:28:33,007 [main] INFO  db.DBStoreBuilder (DBStoreBuilder.java:processTables(168)) - Using default column profile:DBProfile.DISK for Table:openKeyTable
2019-10-04 06:28:33,008 [main] INFO  db.DBStoreBuilder (DBStoreBuilder.java:addTable(117)) - using custom profile for table: s3Table
2019-10-04 06:28:33,008 [main] INFO  db.DBStoreBuilder (DBStoreBuilder.java:processTables(168)) - Using default column profile:DBProfile.DISK for Table:s3Table
2019-10-04 06:28:33,008 [main] INFO  db.DBStoreBuilder (DBStoreBuilder.java:addTable(117)) - using custom profile for table: multipartInfoTable
2019-10-04 06:28:33,008 [main] INFO  db.DBStoreBuilder (DBStoreBuilder.java:processTables(168)) - Using default column profile:DBProfile.DISK for Table:multipartInfoTable
2019-10-04 06:28:33,008 [main] INFO  db.DBStoreBuilder (DBStoreBuilder.java:addTable(117)) - using custom profile for table: dTokenTable
2019-10-04 06:28:33,008 [main] INFO  db.DBStoreBuilder (DBStoreBuilder.java:processTables(168)) - Using default column profile:DBProfile.DISK for Table:dTokenTable
2019-10-04 06:28:33,009 [main] INFO  db.DBStoreBuilder (DBStoreBuilder.java:addTable(117)) - using custom profile for table: s3SecretTable
2019-10-04 06:28:33,009 [main] INFO  db.DBStoreBuilder (DBStoreBuilder.java:processTables(168)) - Using default column profile:DBProfile.DISK for Table:s3SecretTable
2019-10-04 06:28:33,009 [main] INFO  db.DBStoreBuilder (DBStoreBuilder.java:addTable(117)) - using custom profile for table: prefixTable
2019-10-04 06:28:33,009 [main] INFO  db.DBStoreBuilder (DBStoreBuilder.java:processTables(168)) - Using default column profile:DBProfile.DISK for Table:prefixTable
2019-10-04 06:28:33,009 [main] INFO  db.DBStoreBuilder (DBStoreBuilder.java:addTable(117)) - using custom profile for table: default
2019-10-04 06:28:33,009 [main] INFO  db.DBStoreBuilder (DBStoreBuilder.java:processTables(174)) - Using default column profile:DBProfile.DISK for Table:default
2019-10-04 06:28:33,010 [main] INFO  db.DBStoreBuilder (DBStoreBuilder.java:getDbProfile(205)) - Using default options. DBProfile.DISK
2019-10-04 06:28:33,448 [main] INFO  ipc.CallQueueManager (CallQueueManager.java:<init>(84)) - Using callQueue: class java.util.concurrent.LinkedBlockingQueue, queueCapacity: 2000, scheduler: class org.apache.hadoop.ipc.DefaultRpcScheduler, ipcBackoff: false.
2019-10-04 06:28:33,449 [Socket Reader #1 for port 32827] INFO  ipc.Server (Server.java:run(1074)) - Starting Socket Reader #1 for port 32827
2019-10-04 06:28:33,464 [main] INFO  om.OzoneManager (OzoneManager.java:start(1069)) - OzoneManager RPC server is listening at localhost/127.0.0.1:32827
2019-10-04 06:28:33,464 [main] INFO  impl.MetricsSystemImpl (MetricsSystemImpl.java:init(158)) - OzoneManager metrics system started (again)
2019-10-04 06:28:33,465 [IPC Server Responder] INFO  ipc.Server (Server.java:run(1314)) - IPC Server Responder: starting
2019-10-04 06:28:33,465 [IPC Server listener on 32827] INFO  ipc.Server (Server.java:run(1153)) - IPC Server listener on 32827: starting
2019-10-04 06:28:33,472 [main] INFO  hdfs.DFSUtil (DFSUtil.java:httpServerTemplateForNNAndJN(1641)) - Starting Web-server for ozoneManager at: http://0.0.0.0:0
2019-10-04 06:28:33,473 [main] INFO  server.AuthenticationFilter (AuthenticationFilter.java:constructSecretProvider(240)) - Unable to initialize FileSignerSecretProvider, falling back to use random secrets.
2019-10-04 06:28:33,473 [main] WARN  http.HttpRequestLog (HttpRequestLog.java:getRequestLog(97)) - Jetty request log can only be enabled using Log4j
2019-10-04 06:28:33,475 [main] INFO  http.HttpServer2 (HttpServer2.java:addGlobalFilter(975)) - Added global filter 'safety' (class=org.apache.hadoop.http.HttpServer2$QuotingInputFilter)
2019-10-04 06:28:33,475 [main] INFO  http.HttpServer2 (HttpServer2.java:addFilter(948)) - Added filter static_user_filter (class=org.apache.hadoop.http.lib.StaticUserWebFilter$StaticUserFilter) to context ozoneManager
2019-10-04 06:28:33,476 [main] INFO  http.HttpServer2 (HttpServer2.java:addFilter(958)) - Added filter static_user_filter (class=org.apache.hadoop.http.lib.StaticUserWebFilter$StaticUserFilter) to context logs
2019-10-04 06:28:33,476 [main] INFO  http.HttpServer2 (HttpServer2.java:addFilter(958)) - Added filter static_user_filter (class=org.apache.hadoop.http.lib.StaticUserWebFilter$StaticUserFilter) to context static
2019-10-04 06:28:33,476 [main] INFO  http.HttpServer2 (HttpServer2.java:bindListener(1191)) - Jetty bound to port 45035
2019-10-04 06:28:33,477 [main] INFO  server.Server (Server.java:doStart(351)) - jetty-9.3.25.v20180904, build timestamp: 2018-09-04T21:11:46Z, git hash: 3ce520221d0240229c862b122d2b06c12a625732
2019-10-04 06:28:33,478 [main] INFO  handler.ContextHandler (ContextHandler.java:doStart(781)) - Started o.e.j.s.ServletContextHandler@5a4d4f9c{/logs,file:///workdir/hadoop-ozone/integration-test/target/log,AVAILABLE}
2019-10-04 06:28:33,479 [main] INFO  handler.ContextHandler (ContextHandler.java:doStart(781)) - Started o.e.j.s.ServletContextHandler@6c9b44bf{/static,file:///workdir/hadoop-ozone/integration-test/target/test-classes/webapps/static,AVAILABLE}
2019-10-04 06:28:33,482 [main] INFO  handler.ContextHandler (ContextHandler.java:doStart(781)) - Started o.e.j.w.WebAppContext@52abed9d{/,file:///workdir/hadoop-ozone/integration-test/target/test-classes/webapps/ozoneManager/,AVAILABLE}{/ozoneManager}
2019-10-04 06:28:33,482 [main] INFO  server.AbstractConnector (AbstractConnector.java:doStart(278)) - Started ServerConnector@281b2dfd{HTTP/1.1,[http/1.1]}{0.0.0.0:45035}
2019-10-04 06:28:33,484 [main] INFO  server.Server (Server.java:doStart(419)) - Started @209494ms
2019-10-04 06:28:33,484 [main] WARN  impl.MetricsSystemImpl (MetricsSystemImpl.java:register(276)) - Sink prometheus already exists!
2019-10-04 06:28:33,486 [main] INFO  server.BaseHttpServer (BaseHttpServer.java:updateConnectorAddress(215)) - HTTP server of OZONEMANAGER is listening at http://0.0.0.0:45035
2019-10-04 06:28:33,498 [main] INFO  impl.MetricsSystemImpl (MetricsSystemImpl.java:init(158)) - HddsDatanode metrics system started (again)
2019-10-04 06:28:33,502 [main] INFO  ozone.HddsDatanodeService (HddsDatanodeService.java:start(184)) - HddsDatanodeService host:pr-hdds-2244-dsjsm-2702112654 ip:192.168.157.194
2019-10-04 06:28:33,508 [main] INFO  volume.HddsVolume (HddsVolume.java:<init>(176)) - Creating Volume: /workdir/hadoop-ozone/integration-test/target/test-dir/MiniOzoneClusterImpl-bb82a069-c5f8-4867-8b76-edf785cfeeaa/datanode-0/data/containers/hdds of  storage type : DISK and capacity : 1482555576320
2019-10-04 06:28:33,508 [main] INFO  volume.VolumeSet (VolumeSet.java:initializeVolumeSet(170)) - Added Volume : /workdir/hadoop-ozone/integration-test/target/test-dir/MiniOzoneClusterImpl-bb82a069-c5f8-4867-8b76-edf785cfeeaa/datanode-0/data/containers/hdds to VolumeSet
2019-10-04 06:28:33,508 [main] INFO  volume.ThrottledAsyncChecker (ThrottledAsyncChecker.java:schedule(139)) - Scheduling a check for org.apache.hadoop.ozone.container.common.volume.HddsVolume@4ef18604
2019-10-04 06:28:33,509 [main] INFO  volume.HddsVolumeChecker (HddsVolumeChecker.java:checkAllVolumes(202)) - Scheduled health check for volume org.apache.hadoop.ozone.container.common.volume.HddsVolume@4ef18604
2019-10-04 06:28:33,523 [main] INFO  impl.RaftServerProxy (ConfUtils.java:logGet(43)) - raft.rpc.type = GRPC (default)
2019-10-04 06:28:33,524 [main] INFO  grpc.GrpcFactory (GrpcFactory.java:checkPooledByteBufAllocatorUseCacheForAllThreads(45)) - PERFORMANCE WARNING: useCacheForAllThreads is true that may cause Netty to create a lot garbage objects and, as a result, trigger GC.
	It is recommended to disable useCacheForAllThreads by setting -Dorg.apache.ratis.thirdparty.io.netty.allocator.useCacheForAllThreads=false in command line.
2019-10-04 06:28:33,524 [main] INFO  grpc.GrpcConfigKeys$Server (ConfUtils.java:logGet(43)) - raft.grpc.server.port = 0 (default)
2019-10-04 06:28:33,524 [main] INFO  server.GrpcService (ConfUtils.java:logGet(43)) - raft.grpc.message.size.max = 33570816 (custom)
2019-10-04 06:28:33,524 [main] INFO  server.RaftServerConfigKeys (ConfUtils.java:logGet(43)) - raft.server.log.appender.buffer.byte-limit = 33554432 (custom)
2019-10-04 06:28:33,524 [main] INFO  server.GrpcService (ConfUtils.java:logGet(43)) - raft.grpc.flow.control.window = 1MB (=1048576) (default)
2019-10-04 06:28:33,525 [main] INFO  server.RaftServerConfigKeys (ConfUtils.java:logGet(43)) - raft.server.rpc.request.timeout = 3000ms (default)
2019-10-04 06:28:33,525 [main] INFO  server.RaftServerConfigKeys (ConfUtils.java:logGet(43)) - raft.server.storage.dir = [/workdir/hadoop-ozone/integration-test/target/test-dir/MiniOzoneClusterImpl-bb82a069-c5f8-4867-8b76-edf785cfeeaa/datanode-0/data/ratis] (custom)
2019-10-04 06:28:33,527 [main] INFO  hdfs.DFSUtil (DFSUtil.java:httpServerTemplateForNNAndJN(1641)) - Starting Web-server for hddsDatanode at: http://0.0.0.0:0
2019-10-04 06:28:33,528 [main] INFO  server.AuthenticationFilter (AuthenticationFilter.java:constructSecretProvider(240)) - Unable to initialize FileSignerSecretProvider, falling back to use random secrets.
2019-10-04 06:28:33,528 [main] WARN  http.HttpRequestLog (HttpRequestLog.java:getRequestLog(97)) - Jetty request log can only be enabled using Log4j
2019-10-04 06:28:33,529 [main] INFO  http.HttpServer2 (HttpServer2.java:addGlobalFilter(975)) - Added global filter 'safety' (class=org.apache.hadoop.http.HttpServer2$QuotingInputFilter)
2019-10-04 06:28:33,530 [main] INFO  http.HttpServer2 (HttpServer2.java:addFilter(948)) - Added filter static_user_filter (class=org.apache.hadoop.http.lib.StaticUserWebFilter$StaticUserFilter) to context hddsDatanode
2019-10-04 06:28:33,530 [main] INFO  http.HttpServer2 (HttpServer2.java:addFilter(958)) - Added filter static_user_filter (class=org.apache.hadoop.http.lib.StaticUserWebFilter$StaticUserFilter) to context static
2019-10-04 06:28:33,530 [main] INFO  http.HttpServer2 (HttpServer2.java:addFilter(958)) - Added filter static_user_filter (class=org.apache.hadoop.http.lib.StaticUserWebFilter$StaticUserFilter) to context logs
2019-10-04 06:28:33,531 [main] INFO  http.HttpServer2 (HttpServer2.java:bindListener(1191)) - Jetty bound to port 42670
2019-10-04 06:28:33,531 [main] INFO  server.Server (Server.java:doStart(351)) - jetty-9.3.25.v20180904, build timestamp: 2018-09-04T21:11:46Z, git hash: 3ce520221d0240229c862b122d2b06c12a625732
2019-10-04 06:28:33,533 [main] INFO  handler.ContextHandler (ContextHandler.java:doStart(781)) - Started o.e.j.s.ServletContextHandler@6544899b{/logs,file:///workdir/hadoop-ozone/integration-test/target/log,AVAILABLE}
2019-10-04 06:28:33,533 [main] INFO  handler.ContextHandler (ContextHandler.java:doStart(781)) - Started o.e.j.s.ServletContextHandler@1bd8afc8{/static,jar:file:/home/user/.m2/repository/org/apache/hadoop/hadoop-hdds-container-service/0.5.0-SNAPSHOT/hadoop-hdds-container-service-0.5.0-SNAPSHOT.jar!/webapps/static,AVAILABLE}
2019-10-04 06:28:33,561 [main] INFO  handler.ContextHandler (ContextHandler.java:doStart(781)) - Started o.e.j.w.WebAppContext@256bb5be{/,file:///tmp/jetty-0.0.0.0-42670-hddsDatanode-_-any-486802370706582930.dir/webapp/,AVAILABLE}{/hddsDatanode}
2019-10-04 06:28:33,562 [main] INFO  server.AbstractConnector (AbstractConnector.java:doStart(278)) - Started ServerConnector@5fef0c19{HTTP/1.1,[http/1.1]}{0.0.0.0:42670}
2019-10-04 06:28:33,563 [main] INFO  server.Server (Server.java:doStart(419)) - Started @209574ms
2019-10-04 06:28:33,563 [main] WARN  impl.MetricsSystemImpl (MetricsSystemImpl.java:register(276)) - Sink prometheus already exists!
2019-10-04 06:28:33,564 [main] INFO  server.BaseHttpServer (BaseHttpServer.java:updateConnectorAddress(215)) - HTTP server of HDDSDATANODE is listening at http://0.0.0.0:42670
2019-10-04 06:28:33,564 [main] INFO  impl.MetricsSystemImpl (MetricsSystemImpl.java:init(158)) - HddsDatanode metrics system started (again)
2019-10-04 06:28:33,568 [org.apache.hadoop.util.JvmPauseMonitor$Monitor@69063992] INFO  util.JvmPauseMonitor (JvmPauseMonitor.java:run(188)) - Starting JVM pause monitor
2019-10-04 06:28:33,569 [main] INFO  ozone.HddsDatanodeService (HddsDatanodeService.java:start(184)) - HddsDatanodeService host:pr-hdds-2244-dsjsm-2702112654 ip:192.168.157.194
2019-10-04 06:28:33,570 [Datanode State Machine Thread - 0] INFO  datanode.InitDatanodeState (InitDatanodeState.java:persistContainerDatanodeDetails(140)) - DatanodeDetails is persisted to /workdir/hadoop-ozone/integration-test/target/test-dir/MiniOzoneClusterImpl-bb82a069-c5f8-4867-8b76-edf785cfeeaa/datanode-0/meta/datanode.id
2019-10-04 06:28:33,576 [main] INFO  volume.HddsVolume (HddsVolume.java:<init>(176)) - Creating Volume: /workdir/hadoop-ozone/integration-test/target/test-dir/MiniOzoneClusterImpl-bb82a069-c5f8-4867-8b76-edf785cfeeaa/datanode-1/data/containers/hdds of  storage type : DISK and capacity : 1482555576320
2019-10-04 06:28:33,576 [main] INFO  volume.VolumeSet (VolumeSet.java:initializeVolumeSet(170)) - Added Volume : /workdir/hadoop-ozone/integration-test/target/test-dir/MiniOzoneClusterImpl-bb82a069-c5f8-4867-8b76-edf785cfeeaa/datanode-1/data/containers/hdds to VolumeSet
2019-10-04 06:28:33,576 [main] INFO  volume.ThrottledAsyncChecker (ThrottledAsyncChecker.java:schedule(139)) - Scheduling a check for org.apache.hadoop.ozone.container.common.volume.HddsVolume@3b0d3a63
2019-10-04 06:28:33,577 [main] INFO  volume.HddsVolumeChecker (HddsVolumeChecker.java:checkAllVolumes(202)) - Scheduled health check for volume org.apache.hadoop.ozone.container.common.volume.HddsVolume@3b0d3a63
2019-10-04 06:28:33,590 [main] INFO  impl.RaftServerProxy (ConfUtils.java:logGet(43)) - raft.rpc.type = GRPC (default)
2019-10-04 06:28:33,590 [main] INFO  grpc.GrpcFactory (GrpcFactory.java:checkPooledByteBufAllocatorUseCacheForAllThreads(45)) - PERFORMANCE WARNING: useCacheForAllThreads is true that may cause Netty to create a lot garbage objects and, as a result, trigger GC.
	It is recommended to disable useCacheForAllThreads by setting -Dorg.apache.ratis.thirdparty.io.netty.allocator.useCacheForAllThreads=false in command line.
2019-10-04 06:28:33,591 [main] INFO  grpc.GrpcConfigKeys$Server (ConfUtils.java:logGet(43)) - raft.grpc.server.port = 0 (default)
2019-10-04 06:28:33,591 [main] INFO  server.GrpcService (ConfUtils.java:logGet(43)) - raft.grpc.message.size.max = 33570816 (custom)
2019-10-04 06:28:33,591 [main] INFO  server.RaftServerConfigKeys (ConfUtils.java:logGet(43)) - raft.server.log.appender.buffer.byte-limit = 33554432 (custom)
2019-10-04 06:28:33,591 [main] INFO  server.GrpcService (ConfUtils.java:logGet(43)) - raft.grpc.flow.control.window = 1MB (=1048576) (default)
2019-10-04 06:28:33,591 [main] INFO  server.RaftServerConfigKeys (ConfUtils.java:logGet(43)) - raft.server.rpc.request.timeout = 3000ms (default)
2019-10-04 06:28:33,592 [main] INFO  server.RaftServerConfigKeys (ConfUtils.java:logGet(43)) - raft.server.storage.dir = [/workdir/hadoop-ozone/integration-test/target/test-dir/MiniOzoneClusterImpl-bb82a069-c5f8-4867-8b76-edf785cfeeaa/datanode-1/data/ratis] (custom)
2019-10-04 06:28:33,593 [main] INFO  hdfs.DFSUtil (DFSUtil.java:httpServerTemplateForNNAndJN(1641)) - Starting Web-server for hddsDatanode at: http://0.0.0.0:0
2019-10-04 06:28:33,594 [main] INFO  server.AuthenticationFilter (AuthenticationFilter.java:constructSecretProvider(240)) - Unable to initialize FileSignerSecretProvider, falling back to use random secrets.
2019-10-04 06:28:33,594 [main] WARN  http.HttpRequestLog (HttpRequestLog.java:getRequestLog(97)) - Jetty request log can only be enabled using Log4j
2019-10-04 06:28:33,596 [main] INFO  http.HttpServer2 (HttpServer2.java:addGlobalFilter(975)) - Added global filter 'safety' (class=org.apache.hadoop.http.HttpServer2$QuotingInputFilter)
2019-10-04 06:28:33,596 [main] INFO  http.HttpServer2 (HttpServer2.java:addFilter(948)) - Added filter static_user_filter (class=org.apache.hadoop.http.lib.StaticUserWebFilter$StaticUserFilter) to context hddsDatanode
2019-10-04 06:28:33,596 [main] INFO  http.HttpServer2 (HttpServer2.java:addFilter(958)) - Added filter static_user_filter (class=org.apache.hadoop.http.lib.StaticUserWebFilter$StaticUserFilter) to context logs
2019-10-04 06:28:33,596 [main] INFO  http.HttpServer2 (HttpServer2.java:addFilter(958)) - Added filter static_user_filter (class=org.apache.hadoop.http.lib.StaticUserWebFilter$StaticUserFilter) to context static
2019-10-04 06:28:33,597 [main] INFO  http.HttpServer2 (HttpServer2.java:bindListener(1191)) - Jetty bound to port 33330
2019-10-04 06:28:33,597 [main] INFO  server.Server (Server.java:doStart(351)) - jetty-9.3.25.v20180904, build timestamp: 2018-09-04T21:11:46Z, git hash: 3ce520221d0240229c862b122d2b06c12a625732
2019-10-04 06:28:33,599 [main] INFO  handler.ContextHandler (ContextHandler.java:doStart(781)) - Started o.e.j.s.ServletContextHandler@50ec4bfc{/logs,file:///workdir/hadoop-ozone/integration-test/target/log,AVAILABLE}
2019-10-04 06:28:33,599 [main] INFO  handler.ContextHandler (ContextHandler.java:doStart(781)) - Started o.e.j.s.ServletContextHandler@285a4fe3{/static,jar:file:/home/user/.m2/repository/org/apache/hadoop/hadoop-hdds-container-service/0.5.0-SNAPSHOT/hadoop-hdds-container-service-0.5.0-SNAPSHOT.jar!/webapps/static,AVAILABLE}
2019-10-04 06:28:33,627 [main] INFO  handler.ContextHandler (ContextHandler.java:doStart(781)) - Started o.e.j.w.WebAppContext@20349058{/,file:///tmp/jetty-0.0.0.0-33330-hddsDatanode-_-any-1541142008526758141.dir/webapp/,AVAILABLE}{/hddsDatanode}
2019-10-04 06:28:33,627 [main] INFO  server.AbstractConnector (AbstractConnector.java:doStart(278)) - Started ServerConnector@6cbb7a7d{HTTP/1.1,[http/1.1]}{0.0.0.0:33330}
2019-10-04 06:28:33,629 [main] INFO  server.Server (Server.java:doStart(419)) - Started @209639ms
2019-10-04 06:28:33,629 [main] WARN  impl.MetricsSystemImpl (MetricsSystemImpl.java:register(276)) - Sink prometheus already exists!
2019-10-04 06:28:33,630 [main] INFO  server.BaseHttpServer (BaseHttpServer.java:updateConnectorAddress(215)) - HTTP server of HDDSDATANODE is listening at http://0.0.0.0:33330
2019-10-04 06:28:33,630 [main] INFO  impl.MetricsSystemImpl (MetricsSystemImpl.java:init(158)) - HddsDatanode metrics system started (again)
2019-10-04 06:28:33,634 [org.apache.hadoop.util.JvmPauseMonitor$Monitor@46c40ccf] INFO  util.JvmPauseMonitor (JvmPauseMonitor.java:run(188)) - Starting JVM pause monitor
2019-10-04 06:28:33,635 [main] INFO  ozone.HddsDatanodeService (HddsDatanodeService.java:start(184)) - HddsDatanodeService host:pr-hdds-2244-dsjsm-2702112654 ip:192.168.157.194
2019-10-04 06:28:33,636 [Datanode State Machine Thread - 0] INFO  datanode.InitDatanodeState (InitDatanodeState.java:persistContainerDatanodeDetails(140)) - DatanodeDetails is persisted to /workdir/hadoop-ozone/integration-test/target/test-dir/MiniOzoneClusterImpl-bb82a069-c5f8-4867-8b76-edf785cfeeaa/datanode-1/meta/datanode.id
2019-10-04 06:28:33,642 [main] INFO  volume.HddsVolume (HddsVolume.java:<init>(176)) - Creating Volume: /workdir/hadoop-ozone/integration-test/target/test-dir/MiniOzoneClusterImpl-bb82a069-c5f8-4867-8b76-edf785cfeeaa/datanode-2/data/containers/hdds of  storage type : DISK and capacity : 1482555576320
2019-10-04 06:28:33,642 [main] INFO  volume.VolumeSet (VolumeSet.java:initializeVolumeSet(170)) - Added Volume : /workdir/hadoop-ozone/integration-test/target/test-dir/MiniOzoneClusterImpl-bb82a069-c5f8-4867-8b76-edf785cfeeaa/datanode-2/data/containers/hdds to VolumeSet
2019-10-04 06:28:33,642 [main] INFO  volume.ThrottledAsyncChecker (ThrottledAsyncChecker.java:schedule(139)) - Scheduling a check for org.apache.hadoop.ozone.container.common.volume.HddsVolume@675b18ff
2019-10-04 06:28:33,643 [main] INFO  volume.HddsVolumeChecker (HddsVolumeChecker.java:checkAllVolumes(202)) - Scheduled health check for volume org.apache.hadoop.ozone.container.common.volume.HddsVolume@675b18ff
2019-10-04 06:28:33,655 [main] INFO  impl.RaftServerProxy (ConfUtils.java:logGet(43)) - raft.rpc.type = GRPC (default)
2019-10-04 06:28:33,655 [main] INFO  grpc.GrpcFactory (GrpcFactory.java:checkPooledByteBufAllocatorUseCacheForAllThreads(45)) - PERFORMANCE WARNING: useCacheForAllThreads is true that may cause Netty to create a lot garbage objects and, as a result, trigger GC.
	It is recommended to disable useCacheForAllThreads by setting -Dorg.apache.ratis.thirdparty.io.netty.allocator.useCacheForAllThreads=false in command line.
2019-10-04 06:28:33,655 [main] INFO  grpc.GrpcConfigKeys$Server (ConfUtils.java:logGet(43)) - raft.grpc.server.port = 0 (default)
2019-10-04 06:28:33,655 [main] INFO  server.GrpcService (ConfUtils.java:logGet(43)) - raft.grpc.message.size.max = 33570816 (custom)
2019-10-04 06:28:33,655 [main] INFO  server.RaftServerConfigKeys (ConfUtils.java:logGet(43)) - raft.server.log.appender.buffer.byte-limit = 33554432 (custom)
2019-10-04 06:28:33,656 [main] INFO  server.GrpcService (ConfUtils.java:logGet(43)) - raft.grpc.flow.control.window = 1MB (=1048576) (default)
2019-10-04 06:28:33,656 [main] INFO  server.RaftServerConfigKeys (ConfUtils.java:logGet(43)) - raft.server.rpc.request.timeout = 3000ms (default)
2019-10-04 06:28:33,656 [main] INFO  server.RaftServerConfigKeys (ConfUtils.java:logGet(43)) - raft.server.storage.dir = [/workdir/hadoop-ozone/integration-test/target/test-dir/MiniOzoneClusterImpl-bb82a069-c5f8-4867-8b76-edf785cfeeaa/datanode-2/data/ratis] (custom)
2019-10-04 06:28:33,657 [main] INFO  hdfs.DFSUtil (DFSUtil.java:httpServerTemplateForNNAndJN(1641)) - Starting Web-server for hddsDatanode at: http://0.0.0.0:0
2019-10-04 06:28:33,658 [main] INFO  server.AuthenticationFilter (AuthenticationFilter.java:constructSecretProvider(240)) - Unable to initialize FileSignerSecretProvider, falling back to use random secrets.
2019-10-04 06:28:33,658 [main] WARN  http.HttpRequestLog (HttpRequestLog.java:getRequestLog(97)) - Jetty request log can only be enabled using Log4j
2019-10-04 06:28:33,659 [main] INFO  http.HttpServer2 (HttpServer2.java:addGlobalFilter(975)) - Added global filter 'safety' (class=org.apache.hadoop.http.HttpServer2$QuotingInputFilter)
2019-10-04 06:28:33,660 [main] INFO  http.HttpServer2 (HttpServer2.java:addFilter(948)) - Added filter static_user_filter (class=org.apache.hadoop.http.lib.StaticUserWebFilter$StaticUserFilter) to context hddsDatanode
2019-10-04 06:28:33,660 [main] INFO  http.HttpServer2 (HttpServer2.java:addFilter(958)) - Added filter static_user_filter (class=org.apache.hadoop.http.lib.StaticUserWebFilter$StaticUserFilter) to context logs
2019-10-04 06:28:33,660 [main] INFO  http.HttpServer2 (HttpServer2.java:addFilter(958)) - Added filter static_user_filter (class=org.apache.hadoop.http.lib.StaticUserWebFilter$StaticUserFilter) to context static
2019-10-04 06:28:33,661 [main] INFO  http.HttpServer2 (HttpServer2.java:bindListener(1191)) - Jetty bound to port 44900
2019-10-04 06:28:33,661 [main] INFO  server.Server (Server.java:doStart(351)) - jetty-9.3.25.v20180904, build timestamp: 2018-09-04T21:11:46Z, git hash: 3ce520221d0240229c862b122d2b06c12a625732
2019-10-04 06:28:33,662 [main] INFO  handler.ContextHandler (ContextHandler.java:doStart(781)) - Started o.e.j.s.ServletContextHandler@3caee3a8{/logs,file:///workdir/hadoop-ozone/integration-test/target/log,AVAILABLE}
2019-10-04 06:28:33,663 [main] INFO  handler.ContextHandler (ContextHandler.java:doStart(781)) - Started o.e.j.s.ServletContextHandler@251c90f{/static,jar:file:/home/user/.m2/repository/org/apache/hadoop/hadoop-hdds-container-service/0.5.0-SNAPSHOT/hadoop-hdds-container-service-0.5.0-SNAPSHOT.jar!/webapps/static,AVAILABLE}
2019-10-04 06:28:33,690 [main] INFO  handler.ContextHandler (ContextHandler.java:doStart(781)) - Started o.e.j.w.WebAppContext@3f6cce7f{/,file:///tmp/jetty-0.0.0.0-44900-hddsDatanode-_-any-6584956764785901549.dir/webapp/,AVAILABLE}{/hddsDatanode}
2019-10-04 06:28:33,691 [main] INFO  server.AbstractConnector (AbstractConnector.java:doStart(278)) - Started ServerConnector@2725ca05{HTTP/1.1,[http/1.1]}{0.0.0.0:44900}
2019-10-04 06:28:33,692 [main] INFO  server.Server (Server.java:doStart(419)) - Started @209702ms
2019-10-04 06:28:33,692 [main] WARN  impl.MetricsSystemImpl (MetricsSystemImpl.java:register(276)) - Sink prometheus already exists!
2019-10-04 06:28:33,693 [main] INFO  server.BaseHttpServer (BaseHttpServer.java:updateConnectorAddress(215)) - HTTP server of HDDSDATANODE is listening at http://0.0.0.0:44900
2019-10-04 06:28:33,693 [main] INFO  impl.MetricsSystemImpl (MetricsSystemImpl.java:init(158)) - HddsDatanode metrics system started (again)
2019-10-04 06:28:33,697 [org.apache.hadoop.util.JvmPauseMonitor$Monitor@4808cee1] INFO  util.JvmPauseMonitor (JvmPauseMonitor.java:run(188)) - Starting JVM pause monitor
2019-10-04 06:28:33,698 [main] INFO  ozone.HddsDatanodeService (HddsDatanodeService.java:start(184)) - HddsDatanodeService host:pr-hdds-2244-dsjsm-2702112654 ip:192.168.157.194
2019-10-04 06:28:33,698 [Datanode State Machine Thread - 0] INFO  datanode.InitDatanodeState (InitDatanodeState.java:persistContainerDatanodeDetails(140)) - DatanodeDetails is persisted to /workdir/hadoop-ozone/integration-test/target/test-dir/MiniOzoneClusterImpl-bb82a069-c5f8-4867-8b76-edf785cfeeaa/datanode-2/meta/datanode.id
2019-10-04 06:28:33,704 [main] INFO  volume.HddsVolume (HddsVolume.java:<init>(176)) - Creating Volume: /workdir/hadoop-ozone/integration-test/target/test-dir/MiniOzoneClusterImpl-bb82a069-c5f8-4867-8b76-edf785cfeeaa/datanode-3/data/containers/hdds of  storage type : DISK and capacity : 1482555576320
2019-10-04 06:28:33,704 [main] INFO  volume.VolumeSet (VolumeSet.java:initializeVolumeSet(170)) - Added Volume : /workdir/hadoop-ozone/integration-test/target/test-dir/MiniOzoneClusterImpl-bb82a069-c5f8-4867-8b76-edf785cfeeaa/datanode-3/data/containers/hdds to VolumeSet
2019-10-04 06:28:33,704 [main] INFO  volume.ThrottledAsyncChecker (ThrottledAsyncChecker.java:schedule(139)) - Scheduling a check for org.apache.hadoop.ozone.container.common.volume.HddsVolume@342ee097
2019-10-04 06:28:33,705 [main] INFO  volume.HddsVolumeChecker (HddsVolumeChecker.java:checkAllVolumes(202)) - Scheduled health check for volume org.apache.hadoop.ozone.container.common.volume.HddsVolume@342ee097
2019-10-04 06:28:33,716 [main] INFO  impl.RaftServerProxy (ConfUtils.java:logGet(43)) - raft.rpc.type = GRPC (default)
2019-10-04 06:28:33,717 [main] INFO  grpc.GrpcFactory (GrpcFactory.java:checkPooledByteBufAllocatorUseCacheForAllThreads(45)) - PERFORMANCE WARNING: useCacheForAllThreads is true that may cause Netty to create a lot garbage objects and, as a result, trigger GC.
	It is recommended to disable useCacheForAllThreads by setting -Dorg.apache.ratis.thirdparty.io.netty.allocator.useCacheForAllThreads=false in command line.
2019-10-04 06:28:33,717 [main] INFO  grpc.GrpcConfigKeys$Server (ConfUtils.java:logGet(43)) - raft.grpc.server.port = 0 (default)
2019-10-04 06:28:33,717 [main] INFO  server.GrpcService (ConfUtils.java:logGet(43)) - raft.grpc.message.size.max = 33570816 (custom)
2019-10-04 06:28:33,717 [main] INFO  server.RaftServerConfigKeys (ConfUtils.java:logGet(43)) - raft.server.log.appender.buffer.byte-limit = 33554432 (custom)
2019-10-04 06:28:33,717 [main] INFO  server.GrpcService (ConfUtils.java:logGet(43)) - raft.grpc.flow.control.window = 1MB (=1048576) (default)
2019-10-04 06:28:33,717 [main] INFO  server.RaftServerConfigKeys (ConfUtils.java:logGet(43)) - raft.server.rpc.request.timeout = 3000ms (default)
2019-10-04 06:28:33,718 [main] INFO  server.RaftServerConfigKeys (ConfUtils.java:logGet(43)) - raft.server.storage.dir = [/workdir/hadoop-ozone/integration-test/target/test-dir/MiniOzoneClusterImpl-bb82a069-c5f8-4867-8b76-edf785cfeeaa/datanode-3/data/ratis] (custom)
2019-10-04 06:28:33,719 [main] INFO  hdfs.DFSUtil (DFSUtil.java:httpServerTemplateForNNAndJN(1641)) - Starting Web-server for hddsDatanode at: http://0.0.0.0:0
2019-10-04 06:28:33,720 [main] INFO  server.AuthenticationFilter (AuthenticationFilter.java:constructSecretProvider(240)) - Unable to initialize FileSignerSecretProvider, falling back to use random secrets.
2019-10-04 06:28:33,720 [main] WARN  http.HttpRequestLog (HttpRequestLog.java:getRequestLog(97)) - Jetty request log can only be enabled using Log4j
2019-10-04 06:28:33,722 [main] INFO  http.HttpServer2 (HttpServer2.java:addGlobalFilter(975)) - Added global filter 'safety' (class=org.apache.hadoop.http.HttpServer2$QuotingInputFilter)
2019-10-04 06:28:33,722 [main] INFO  http.HttpServer2 (HttpServer2.java:addFilter(948)) - Added filter static_user_filter (class=org.apache.hadoop.http.lib.StaticUserWebFilter$StaticUserFilter) to context hddsDatanode
2019-10-04 06:28:33,722 [main] INFO  http.HttpServer2 (HttpServer2.java:addFilter(958)) - Added filter static_user_filter (class=org.apache.hadoop.http.lib.StaticUserWebFilter$StaticUserFilter) to context static
2019-10-04 06:28:33,722 [main] INFO  http.HttpServer2 (HttpServer2.java:addFilter(958)) - Added filter static_user_filter (class=org.apache.hadoop.http.lib.StaticUserWebFilter$StaticUserFilter) to context logs
2019-10-04 06:28:33,723 [main] INFO  http.HttpServer2 (HttpServer2.java:bindListener(1191)) - Jetty bound to port 40983
2019-10-04 06:28:33,723 [main] INFO  server.Server (Server.java:doStart(351)) - jetty-9.3.25.v20180904, build timestamp: 2018-09-04T21:11:46Z, git hash: 3ce520221d0240229c862b122d2b06c12a625732
2019-10-04 06:28:33,725 [main] INFO  handler.ContextHandler (ContextHandler.java:doStart(781)) - Started o.e.j.s.ServletContextHandler@2bec068b{/logs,file:///workdir/hadoop-ozone/integration-test/target/log,AVAILABLE}
2019-10-04 06:28:33,725 [main] INFO  handler.ContextHandler (ContextHandler.java:doStart(781)) - Started o.e.j.s.ServletContextHandler@55361f03{/static,jar:file:/home/user/.m2/repository/org/apache/hadoop/hadoop-hdds-container-service/0.5.0-SNAPSHOT/hadoop-hdds-container-service-0.5.0-SNAPSHOT.jar!/webapps/static,AVAILABLE}
2019-10-04 06:28:33,753 [main] INFO  handler.ContextHandler (ContextHandler.java:doStart(781)) - Started o.e.j.w.WebAppContext@5ec9eefa{/,file:///tmp/jetty-0.0.0.0-40983-hddsDatanode-_-any-1008313906439542529.dir/webapp/,AVAILABLE}{/hddsDatanode}
2019-10-04 06:28:33,754 [main] INFO  server.AbstractConnector (AbstractConnector.java:doStart(278)) - Started ServerConnector@28b8f98a{HTTP/1.1,[http/1.1]}{0.0.0.0:40983}
2019-10-04 06:28:33,755 [main] INFO  server.Server (Server.java:doStart(419)) - Started @209766ms
2019-10-04 06:28:33,756 [main] WARN  impl.MetricsSystemImpl (MetricsSystemImpl.java:register(276)) - Sink prometheus already exists!
2019-10-04 06:28:33,756 [main] INFO  server.BaseHttpServer (BaseHttpServer.java:updateConnectorAddress(215)) - HTTP server of HDDSDATANODE is listening at http://0.0.0.0:40983
2019-10-04 06:28:33,757 [main] INFO  impl.MetricsSystemImpl (MetricsSystemImpl.java:init(158)) - HddsDatanode metrics system started (again)
2019-10-04 06:28:33,761 [org.apache.hadoop.util.JvmPauseMonitor$Monitor@12e1ecdf] INFO  util.JvmPauseMonitor (JvmPauseMonitor.java:run(188)) - Starting JVM pause monitor
2019-10-04 06:28:33,762 [main] INFO  ozone.HddsDatanodeService (HddsDatanodeService.java:start(184)) - HddsDatanodeService host:pr-hdds-2244-dsjsm-2702112654 ip:192.168.157.194
2019-10-04 06:28:33,763 [Datanode State Machine Thread - 0] INFO  datanode.InitDatanodeState (InitDatanodeState.java:persistContainerDatanodeDetails(140)) - DatanodeDetails is persisted to /workdir/hadoop-ozone/integration-test/target/test-dir/MiniOzoneClusterImpl-bb82a069-c5f8-4867-8b76-edf785cfeeaa/datanode-3/meta/datanode.id
2019-10-04 06:28:33,770 [main] INFO  volume.HddsVolume (HddsVolume.java:<init>(176)) - Creating Volume: /workdir/hadoop-ozone/integration-test/target/test-dir/MiniOzoneClusterImpl-bb82a069-c5f8-4867-8b76-edf785cfeeaa/datanode-4/data/containers/hdds of  storage type : DISK and capacity : 1482555576320
2019-10-04 06:28:33,770 [main] INFO  volume.VolumeSet (VolumeSet.java:initializeVolumeSet(170)) - Added Volume : /workdir/hadoop-ozone/integration-test/target/test-dir/MiniOzoneClusterImpl-bb82a069-c5f8-4867-8b76-edf785cfeeaa/datanode-4/data/containers/hdds to VolumeSet
2019-10-04 06:28:33,770 [main] INFO  volume.ThrottledAsyncChecker (ThrottledAsyncChecker.java:schedule(139)) - Scheduling a check for org.apache.hadoop.ozone.container.common.volume.HddsVolume@3e14d390
2019-10-04 06:28:33,771 [main] INFO  volume.HddsVolumeChecker (HddsVolumeChecker.java:checkAllVolumes(202)) - Scheduled health check for volume org.apache.hadoop.ozone.container.common.volume.HddsVolume@3e14d390
2019-10-04 06:28:33,785 [main] INFO  impl.RaftServerProxy (ConfUtils.java:logGet(43)) - raft.rpc.type = GRPC (default)
2019-10-04 06:28:33,785 [main] INFO  grpc.GrpcFactory (GrpcFactory.java:checkPooledByteBufAllocatorUseCacheForAllThreads(45)) - PERFORMANCE WARNING: useCacheForAllThreads is true that may cause Netty to create a lot garbage objects and, as a result, trigger GC.
	It is recommended to disable useCacheForAllThreads by setting -Dorg.apache.ratis.thirdparty.io.netty.allocator.useCacheForAllThreads=false in command line.
2019-10-04 06:28:33,785 [main] INFO  grpc.GrpcConfigKeys$Server (ConfUtils.java:logGet(43)) - raft.grpc.server.port = 0 (default)
2019-10-04 06:28:33,785 [main] INFO  server.GrpcService (ConfUtils.java:logGet(43)) - raft.grpc.message.size.max = 33570816 (custom)
2019-10-04 06:28:33,785 [main] INFO  server.RaftServerConfigKeys (ConfUtils.java:logGet(43)) - raft.server.log.appender.buffer.byte-limit = 33554432 (custom)
2019-10-04 06:28:33,786 [main] INFO  server.GrpcService (ConfUtils.java:logGet(43)) - raft.grpc.flow.control.window = 1MB (=1048576) (default)
2019-10-04 06:28:33,786 [main] INFO  server.RaftServerConfigKeys (ConfUtils.java:logGet(43)) - raft.server.rpc.request.timeout = 3000ms (default)
2019-10-04 06:28:33,786 [main] INFO  server.RaftServerConfigKeys (ConfUtils.java:logGet(43)) - raft.server.storage.dir = [/workdir/hadoop-ozone/integration-test/target/test-dir/MiniOzoneClusterImpl-bb82a069-c5f8-4867-8b76-edf785cfeeaa/datanode-4/data/ratis] (custom)
2019-10-04 06:28:33,787 [main] INFO  hdfs.DFSUtil (DFSUtil.java:httpServerTemplateForNNAndJN(1641)) - Starting Web-server for hddsDatanode at: http://0.0.0.0:0
2019-10-04 06:28:33,789 [main] INFO  server.AuthenticationFilter (AuthenticationFilter.java:constructSecretProvider(240)) - Unable to initialize FileSignerSecretProvider, falling back to use random secrets.
2019-10-04 06:28:33,789 [main] WARN  http.HttpRequestLog (HttpRequestLog.java:getRequestLog(97)) - Jetty request log can only be enabled using Log4j
2019-10-04 06:28:33,790 [main] INFO  http.HttpServer2 (HttpServer2.java:addGlobalFilter(975)) - Added global filter 'safety' (class=org.apache.hadoop.http.HttpServer2$QuotingInputFilter)
2019-10-04 06:28:33,791 [main] INFO  http.HttpServer2 (HttpServer2.java:addFilter(948)) - Added filter static_user_filter (class=org.apache.hadoop.http.lib.StaticUserWebFilter$StaticUserFilter) to context hddsDatanode
2019-10-04 06:28:33,791 [main] INFO  http.HttpServer2 (HttpServer2.java:addFilter(958)) - Added filter static_user_filter (class=org.apache.hadoop.http.lib.StaticUserWebFilter$StaticUserFilter) to context static
2019-10-04 06:28:33,791 [main] INFO  http.HttpServer2 (HttpServer2.java:addFilter(958)) - Added filter static_user_filter (class=org.apache.hadoop.http.lib.StaticUserWebFilter$StaticUserFilter) to context logs
2019-10-04 06:28:33,792 [main] INFO  http.HttpServer2 (HttpServer2.java:bindListener(1191)) - Jetty bound to port 43140
2019-10-04 06:28:33,792 [main] INFO  server.Server (Server.java:doStart(351)) - jetty-9.3.25.v20180904, build timestamp: 2018-09-04T21:11:46Z, git hash: 3ce520221d0240229c862b122d2b06c12a625732
2019-10-04 06:28:33,793 [main] INFO  handler.ContextHandler (ContextHandler.java:doStart(781)) - Started o.e.j.s.ServletContextHandler@75e80a97{/logs,file:///workdir/hadoop-ozone/integration-test/target/log,AVAILABLE}
2019-10-04 06:28:33,794 [main] INFO  handler.ContextHandler (ContextHandler.java:doStart(781)) - Started o.e.j.s.ServletContextHandler@1b8aaeab{/static,jar:file:/home/user/.m2/repository/org/apache/hadoop/hadoop-hdds-container-service/0.5.0-SNAPSHOT/hadoop-hdds-container-service-0.5.0-SNAPSHOT.jar!/webapps/static,AVAILABLE}
2019-10-04 06:28:33,822 [main] INFO  handler.ContextHandler (ContextHandler.java:doStart(781)) - Started o.e.j.w.WebAppContext@3dec3f87{/,file:///tmp/jetty-0.0.0.0-43140-hddsDatanode-_-any-1339397963834042389.dir/webapp/,AVAILABLE}{/hddsDatanode}
2019-10-04 06:28:33,822 [main] INFO  server.AbstractConnector (AbstractConnector.java:doStart(278)) - Started ServerConnector@7a606260{HTTP/1.1,[http/1.1]}{0.0.0.0:43140}
2019-10-04 06:28:33,824 [main] INFO  server.Server (Server.java:doStart(419)) - Started @209834ms
2019-10-04 06:28:33,824 [main] WARN  impl.MetricsSystemImpl (MetricsSystemImpl.java:register(276)) - Sink prometheus already exists!
2019-10-04 06:28:33,825 [main] INFO  server.BaseHttpServer (BaseHttpServer.java:updateConnectorAddress(215)) - HTTP server of HDDSDATANODE is listening at http://0.0.0.0:43140
2019-10-04 06:28:33,825 [main] INFO  impl.MetricsSystemImpl (MetricsSystemImpl.java:init(158)) - HddsDatanode metrics system started (again)
2019-10-04 06:28:33,830 [org.apache.hadoop.util.JvmPauseMonitor$Monitor@13937578] INFO  util.JvmPauseMonitor (JvmPauseMonitor.java:run(188)) - Starting JVM pause monitor
2019-10-04 06:28:33,830 [main] INFO  ozone.HddsDatanodeService (HddsDatanodeService.java:start(184)) - HddsDatanodeService host:pr-hdds-2244-dsjsm-2702112654 ip:192.168.157.194
2019-10-04 06:28:33,831 [Datanode State Machine Thread - 0] INFO  datanode.InitDatanodeState (InitDatanodeState.java:persistContainerDatanodeDetails(140)) - DatanodeDetails is persisted to /workdir/hadoop-ozone/integration-test/target/test-dir/MiniOzoneClusterImpl-bb82a069-c5f8-4867-8b76-edf785cfeeaa/datanode-4/meta/datanode.id
2019-10-04 06:28:33,837 [main] INFO  volume.HddsVolume (HddsVolume.java:<init>(176)) - Creating Volume: /workdir/hadoop-ozone/integration-test/target/test-dir/MiniOzoneClusterImpl-bb82a069-c5f8-4867-8b76-edf785cfeeaa/datanode-5/data/containers/hdds of  storage type : DISK and capacity : 1482555576320
2019-10-04 06:28:33,837 [main] INFO  volume.VolumeSet (VolumeSet.java:initializeVolumeSet(170)) - Added Volume : /workdir/hadoop-ozone/integration-test/target/test-dir/MiniOzoneClusterImpl-bb82a069-c5f8-4867-8b76-edf785cfeeaa/datanode-5/data/containers/hdds to VolumeSet
2019-10-04 06:28:33,837 [main] INFO  volume.ThrottledAsyncChecker (ThrottledAsyncChecker.java:schedule(139)) - Scheduling a check for org.apache.hadoop.ozone.container.common.volume.HddsVolume@6486fe7b
2019-10-04 06:28:33,838 [main] INFO  volume.HddsVolumeChecker (HddsVolumeChecker.java:checkAllVolumes(202)) - Scheduled health check for volume org.apache.hadoop.ozone.container.common.volume.HddsVolume@6486fe7b
2019-10-04 06:28:33,849 [main] INFO  impl.RaftServerProxy (ConfUtils.java:logGet(43)) - raft.rpc.type = GRPC (default)
2019-10-04 06:28:33,849 [main] INFO  grpc.GrpcFactory (GrpcFactory.java:checkPooledByteBufAllocatorUseCacheForAllThreads(45)) - PERFORMANCE WARNING: useCacheForAllThreads is true that may cause Netty to create a lot garbage objects and, as a result, trigger GC.
	It is recommended to disable useCacheForAllThreads by setting -Dorg.apache.ratis.thirdparty.io.netty.allocator.useCacheForAllThreads=false in command line.
2019-10-04 06:28:33,849 [main] INFO  grpc.GrpcConfigKeys$Server (ConfUtils.java:logGet(43)) - raft.grpc.server.port = 0 (default)
2019-10-04 06:28:33,850 [main] INFO  server.GrpcService (ConfUtils.java:logGet(43)) - raft.grpc.message.size.max = 33570816 (custom)
2019-10-04 06:28:33,850 [main] INFO  server.RaftServerConfigKeys (ConfUtils.java:logGet(43)) - raft.server.log.appender.buffer.byte-limit = 33554432 (custom)
2019-10-04 06:28:33,850 [main] INFO  server.GrpcService (ConfUtils.java:logGet(43)) - raft.grpc.flow.control.window = 1MB (=1048576) (default)
2019-10-04 06:28:33,850 [main] INFO  server.RaftServerConfigKeys (ConfUtils.java:logGet(43)) - raft.server.rpc.request.timeout = 3000ms (default)
2019-10-04 06:28:33,850 [main] INFO  server.RaftServerConfigKeys (ConfUtils.java:logGet(43)) - raft.server.storage.dir = [/workdir/hadoop-ozone/integration-test/target/test-dir/MiniOzoneClusterImpl-bb82a069-c5f8-4867-8b76-edf785cfeeaa/datanode-5/data/ratis] (custom)
2019-10-04 06:28:33,851 [main] INFO  hdfs.DFSUtil (DFSUtil.java:httpServerTemplateForNNAndJN(1641)) - Starting Web-server for hddsDatanode at: http://0.0.0.0:0
2019-10-04 06:28:33,852 [main] INFO  server.AuthenticationFilter (AuthenticationFilter.java:constructSecretProvider(240)) - Unable to initialize FileSignerSecretProvider, falling back to use random secrets.
2019-10-04 06:28:33,853 [main] WARN  http.HttpRequestLog (HttpRequestLog.java:getRequestLog(97)) - Jetty request log can only be enabled using Log4j
2019-10-04 06:28:33,854 [main] INFO  http.HttpServer2 (HttpServer2.java:addGlobalFilter(975)) - Added global filter 'safety' (class=org.apache.hadoop.http.HttpServer2$QuotingInputFilter)
2019-10-04 06:28:33,854 [main] INFO  http.HttpServer2 (HttpServer2.java:addFilter(948)) - Added filter static_user_filter (class=org.apache.hadoop.http.lib.StaticUserWebFilter$StaticUserFilter) to context hddsDatanode
2019-10-04 06:28:33,855 [main] INFO  http.HttpServer2 (HttpServer2.java:addFilter(958)) - Added filter static_user_filter (class=org.apache.hadoop.http.lib.StaticUserWebFilter$StaticUserFilter) to context logs
2019-10-04 06:28:33,855 [main] INFO  http.HttpServer2 (HttpServer2.java:addFilter(958)) - Added filter static_user_filter (class=org.apache.hadoop.http.lib.StaticUserWebFilter$StaticUserFilter) to context static
2019-10-04 06:28:33,855 [main] INFO  http.HttpServer2 (HttpServer2.java:bindListener(1191)) - Jetty bound to port 36833
2019-10-04 06:28:33,855 [main] INFO  server.Server (Server.java:doStart(351)) - jetty-9.3.25.v20180904, build timestamp: 2018-09-04T21:11:46Z, git hash: 3ce520221d0240229c862b122d2b06c12a625732
2019-10-04 06:28:33,857 [main] INFO  handler.ContextHandler (ContextHandler.java:doStart(781)) - Started o.e.j.s.ServletContextHandler@72a8361b{/logs,file:///workdir/hadoop-ozone/integration-test/target/log,AVAILABLE}
2019-10-04 06:28:33,857 [main] INFO  handler.ContextHandler (ContextHandler.java:doStart(781)) - Started o.e.j.s.ServletContextHandler@c48b543{/static,jar:file:/home/user/.m2/repository/org/apache/hadoop/hadoop-hdds-container-service/0.5.0-SNAPSHOT/hadoop-hdds-container-service-0.5.0-SNAPSHOT.jar!/webapps/static,AVAILABLE}
2019-10-04 06:28:33,886 [main] INFO  handler.ContextHandler (ContextHandler.java:doStart(781)) - Started o.e.j.w.WebAppContext@3a788fe0{/,file:///tmp/jetty-0.0.0.0-36833-hddsDatanode-_-any-3259251860467613822.dir/webapp/,AVAILABLE}{/hddsDatanode}
2019-10-04 06:28:33,887 [main] INFO  server.AbstractConnector (AbstractConnector.java:doStart(278)) - Started ServerConnector@430df350{HTTP/1.1,[http/1.1]}{0.0.0.0:36833}
2019-10-04 06:28:33,889 [main] INFO  server.Server (Server.java:doStart(419)) - Started @209899ms
2019-10-04 06:28:33,889 [main] WARN  impl.MetricsSystemImpl (MetricsSystemImpl.java:register(276)) - Sink prometheus already exists!
2019-10-04 06:28:33,890 [main] INFO  server.BaseHttpServer (BaseHttpServer.java:updateConnectorAddress(215)) - HTTP server of HDDSDATANODE is listening at http://0.0.0.0:36833
2019-10-04 06:28:33,890 [main] INFO  impl.MetricsSystemImpl (MetricsSystemImpl.java:init(158)) - HddsDatanode metrics system started (again)
2019-10-04 06:28:33,895 [org.apache.hadoop.util.JvmPauseMonitor$Monitor@131a2b3c] INFO  util.JvmPauseMonitor (JvmPauseMonitor.java:run(188)) - Starting JVM pause monitor
2019-10-04 06:28:33,896 [main] INFO  ozone.HddsDatanodeService (HddsDatanodeService.java:start(184)) - HddsDatanodeService host:pr-hdds-2244-dsjsm-2702112654 ip:192.168.157.194
2019-10-04 06:28:33,896 [Datanode State Machine Thread - 0] INFO  datanode.InitDatanodeState (InitDatanodeState.java:persistContainerDatanodeDetails(140)) - DatanodeDetails is persisted to /workdir/hadoop-ozone/integration-test/target/test-dir/MiniOzoneClusterImpl-bb82a069-c5f8-4867-8b76-edf785cfeeaa/datanode-5/meta/datanode.id
2019-10-04 06:28:33,901 [main] INFO  volume.HddsVolume (HddsVolume.java:<init>(176)) - Creating Volume: /workdir/hadoop-ozone/integration-test/target/test-dir/MiniOzoneClusterImpl-bb82a069-c5f8-4867-8b76-edf785cfeeaa/datanode-6/data/containers/hdds of  storage type : DISK and capacity : 1482555576320
2019-10-04 06:28:33,902 [main] INFO  volume.VolumeSet (VolumeSet.java:initializeVolumeSet(170)) - Added Volume : /workdir/hadoop-ozone/integration-test/target/test-dir/MiniOzoneClusterImpl-bb82a069-c5f8-4867-8b76-edf785cfeeaa/datanode-6/data/containers/hdds to VolumeSet
2019-10-04 06:28:33,902 [main] INFO  volume.ThrottledAsyncChecker (ThrottledAsyncChecker.java:schedule(139)) - Scheduling a check for org.apache.hadoop.ozone.container.common.volume.HddsVolume@194012a2
2019-10-04 06:28:33,902 [main] INFO  volume.HddsVolumeChecker (HddsVolumeChecker.java:checkAllVolumes(202)) - Scheduled health check for volume org.apache.hadoop.ozone.container.common.volume.HddsVolume@194012a2
2019-10-04 06:28:33,915 [main] INFO  impl.RaftServerProxy (ConfUtils.java:logGet(43)) - raft.rpc.type = GRPC (default)
2019-10-04 06:28:33,915 [main] INFO  grpc.GrpcFactory (GrpcFactory.java:checkPooledByteBufAllocatorUseCacheForAllThreads(45)) - PERFORMANCE WARNING: useCacheForAllThreads is true that may cause Netty to create a lot garbage objects and, as a result, trigger GC.
	It is recommended to disable useCacheForAllThreads by setting -Dorg.apache.ratis.thirdparty.io.netty.allocator.useCacheForAllThreads=false in command line.
2019-10-04 06:28:33,915 [main] INFO  grpc.GrpcConfigKeys$Server (ConfUtils.java:logGet(43)) - raft.grpc.server.port = 0 (default)
2019-10-04 06:28:33,915 [main] INFO  server.GrpcService (ConfUtils.java:logGet(43)) - raft.grpc.message.size.max = 33570816 (custom)
2019-10-04 06:28:33,915 [main] INFO  server.RaftServerConfigKeys (ConfUtils.java:logGet(43)) - raft.server.log.appender.buffer.byte-limit = 33554432 (custom)
2019-10-04 06:28:33,915 [main] INFO  server.GrpcService (ConfUtils.java:logGet(43)) - raft.grpc.flow.control.window = 1MB (=1048576) (default)
2019-10-04 06:28:33,916 [main] INFO  server.RaftServerConfigKeys (ConfUtils.java:logGet(43)) - raft.server.rpc.request.timeout = 3000ms (default)
2019-10-04 06:28:33,916 [main] INFO  server.RaftServerConfigKeys (ConfUtils.java:logGet(43)) - raft.server.storage.dir = [/workdir/hadoop-ozone/integration-test/target/test-dir/MiniOzoneClusterImpl-bb82a069-c5f8-4867-8b76-edf785cfeeaa/datanode-6/data/ratis] (custom)
2019-10-04 06:28:33,917 [main] INFO  hdfs.DFSUtil (DFSUtil.java:httpServerTemplateForNNAndJN(1641)) - Starting Web-server for hddsDatanode at: http://0.0.0.0:0
2019-10-04 06:28:33,918 [main] INFO  server.AuthenticationFilter (AuthenticationFilter.java:constructSecretProvider(240)) - Unable to initialize FileSignerSecretProvider, falling back to use random secrets.
2019-10-04 06:28:33,919 [main] WARN  http.HttpRequestLog (HttpRequestLog.java:getRequestLog(97)) - Jetty request log can only be enabled using Log4j
2019-10-04 06:28:33,920 [main] INFO  http.HttpServer2 (HttpServer2.java:addGlobalFilter(975)) - Added global filter 'safety' (class=org.apache.hadoop.http.HttpServer2$QuotingInputFilter)
2019-10-04 06:28:33,920 [main] INFO  http.HttpServer2 (HttpServer2.java:addFilter(948)) - Added filter static_user_filter (class=org.apache.hadoop.http.lib.StaticUserWebFilter$StaticUserFilter) to context hddsDatanode
2019-10-04 06:28:33,920 [main] INFO  http.HttpServer2 (HttpServer2.java:addFilter(958)) - Added filter static_user_filter (class=org.apache.hadoop.http.lib.StaticUserWebFilter$StaticUserFilter) to context static
2019-10-04 06:28:33,920 [main] INFO  http.HttpServer2 (HttpServer2.java:addFilter(958)) - Added filter static_user_filter (class=org.apache.hadoop.http.lib.StaticUserWebFilter$StaticUserFilter) to context logs
2019-10-04 06:28:33,921 [main] INFO  http.HttpServer2 (HttpServer2.java:bindListener(1191)) - Jetty bound to port 38908
2019-10-04 06:28:33,921 [main] INFO  server.Server (Server.java:doStart(351)) - jetty-9.3.25.v20180904, build timestamp: 2018-09-04T21:11:46Z, git hash: 3ce520221d0240229c862b122d2b06c12a625732
2019-10-04 06:28:33,923 [main] INFO  handler.ContextHandler (ContextHandler.java:doStart(781)) - Started o.e.j.s.ServletContextHandler@14d8e132{/logs,file:///workdir/hadoop-ozone/integration-test/target/log,AVAILABLE}
2019-10-04 06:28:33,923 [main] INFO  handler.ContextHandler (ContextHandler.java:doStart(781)) - Started o.e.j.s.ServletContextHandler@4a1a412e{/static,jar:file:/home/user/.m2/repository/org/apache/hadoop/hadoop-hdds-container-service/0.5.0-SNAPSHOT/hadoop-hdds-container-service-0.5.0-SNAPSHOT.jar!/webapps/static,AVAILABLE}
2019-10-04 06:28:33,951 [main] INFO  handler.ContextHandler (ContextHandler.java:doStart(781)) - Started o.e.j.w.WebAppContext@37d3e140{/,file:///tmp/jetty-0.0.0.0-38908-hddsDatanode-_-any-9024924330786750931.dir/webapp/,AVAILABLE}{/hddsDatanode}
2019-10-04 06:28:33,952 [main] INFO  server.AbstractConnector (AbstractConnector.java:doStart(278)) - Started ServerConnector@3e53c4ad{HTTP/1.1,[http/1.1]}{0.0.0.0:38908}
2019-10-04 06:28:33,954 [main] INFO  server.Server (Server.java:doStart(419)) - Started @209964ms
2019-10-04 06:28:33,954 [main] WARN  impl.MetricsSystemImpl (MetricsSystemImpl.java:register(276)) - Sink prometheus already exists!
2019-10-04 06:28:33,955 [main] INFO  server.BaseHttpServer (BaseHttpServer.java:updateConnectorAddress(215)) - HTTP server of HDDSDATANODE is listening at http://0.0.0.0:38908
2019-10-04 06:28:33,955 [main] INFO  ozone.MiniOzoneClusterImpl (MiniOzoneClusterImpl.java:lambda$waitForClusterToBeReady$0(147)) - Waiting for cluster to be ready. Got 0 of 7 DN Heartbeats.
2019-10-04 06:28:33,956 [org.apache.hadoop.util.JvmPauseMonitor$Monitor@19a09428] INFO  util.JvmPauseMonitor (JvmPauseMonitor.java:run(188)) - Starting JVM pause monitor
2019-10-04 06:28:33,957 [Datanode State Machine Thread - 0] INFO  datanode.InitDatanodeState (InitDatanodeState.java:persistContainerDatanodeDetails(140)) - DatanodeDetails is persisted to /workdir/hadoop-ozone/integration-test/target/test-dir/MiniOzoneClusterImpl-bb82a069-c5f8-4867-8b76-edf785cfeeaa/datanode-6/meta/datanode.id
2019-10-04 06:28:34,955 [main] INFO  ozone.MiniOzoneClusterImpl (MiniOzoneClusterImpl.java:lambda$waitForClusterToBeReady$0(147)) - Waiting for cluster to be ready. Got 0 of 7 DN Heartbeats.
2019-10-04 06:28:35,619 [Datanode State Machine Thread - 0] INFO  ozoneimpl.OzoneContainer (OzoneContainer.java:start(217)) - Attempting to start container services.
2019-10-04 06:28:35,620 [Datanode State Machine Thread - 0] INFO  ozoneimpl.OzoneContainer (OzoneContainer.java:startContainerScrub(179)) - Background container scanner has been disabled.
2019-10-04 06:28:35,620 [Datanode State Machine Thread - 0] INFO  ratis.XceiverServerRatis (XceiverServerRatis.java:start(417)) - Starting XceiverServerRatis 930eceb1-b99d-4538-8394-cbd44ab0a135 at port 0
2019-10-04 06:28:35,627 [Datanode State Machine Thread - 0] INFO  impl.RaftServerProxy (RaftServerProxy.java:lambda$start$3(299)) - 930eceb1-b99d-4538-8394-cbd44ab0a135: start RPC server
2019-10-04 06:28:35,629 [Datanode State Machine Thread - 0] INFO  server.GrpcService (GrpcService.java:startImpl(158)) - 930eceb1-b99d-4538-8394-cbd44ab0a135: GrpcService started, listening on 0.0.0.0/0.0.0.0:45294
2019-10-04 06:28:35,630 [Datanode State Machine Thread - 0] INFO  ratis.XceiverServerRatis (XceiverServerRatis.java:start(427)) - XceiverServerRatis 930eceb1-b99d-4538-8394-cbd44ab0a135 is started using port 45294
2019-10-04 06:28:35,630 [Datanode State Machine Thread - 0] INFO  server.XceiverServerGrpc (XceiverServerGrpc.java:start(149)) - XceiverServerGrpc 930eceb1-b99d-4538-8394-cbd44ab0a135 is started using port 36962
2019-10-04 06:28:35,651 [Datanode State Machine Thread - 0] INFO  ozoneimpl.OzoneContainer (OzoneContainer.java:start(217)) - Attempting to start container services.
2019-10-04 06:28:35,651 [Datanode State Machine Thread - 0] INFO  ozoneimpl.OzoneContainer (OzoneContainer.java:startContainerScrub(179)) - Background container scanner has been disabled.
2019-10-04 06:28:35,651 [Datanode State Machine Thread - 0] INFO  ratis.XceiverServerRatis (XceiverServerRatis.java:start(417)) - Starting XceiverServerRatis ea4e6954-e23c-4093-8d43-714e37052889 at port 0
2019-10-04 06:28:35,659 [Datanode State Machine Thread - 0] INFO  impl.RaftServerProxy (RaftServerProxy.java:lambda$start$3(299)) - ea4e6954-e23c-4093-8d43-714e37052889: start RPC server
2019-10-04 06:28:35,661 [Datanode State Machine Thread - 0] INFO  server.GrpcService (GrpcService.java:startImpl(158)) - ea4e6954-e23c-4093-8d43-714e37052889: GrpcService started, listening on 0.0.0.0/0.0.0.0:34397
2019-10-04 06:28:35,661 [Datanode State Machine Thread - 0] INFO  ratis.XceiverServerRatis (XceiverServerRatis.java:start(427)) - XceiverServerRatis ea4e6954-e23c-4093-8d43-714e37052889 is started using port 34397
2019-10-04 06:28:35,662 [Datanode State Machine Thread - 0] INFO  server.XceiverServerGrpc (XceiverServerGrpc.java:start(149)) - XceiverServerGrpc ea4e6954-e23c-4093-8d43-714e37052889 is started using port 41137
2019-10-04 06:28:35,711 [Datanode State Machine Thread - 0] INFO  ozoneimpl.OzoneContainer (OzoneContainer.java:start(217)) - Attempting to start container services.
2019-10-04 06:28:35,711 [Datanode State Machine Thread - 0] INFO  ozoneimpl.OzoneContainer (OzoneContainer.java:startContainerScrub(179)) - Background container scanner has been disabled.
2019-10-04 06:28:35,711 [Datanode State Machine Thread - 0] INFO  ratis.XceiverServerRatis (XceiverServerRatis.java:start(417)) - Starting XceiverServerRatis f459b77a-2a9c-4d3c-90e7-b4141adc7662 at port 0
2019-10-04 06:28:35,718 [Datanode State Machine Thread - 0] INFO  impl.RaftServerProxy (RaftServerProxy.java:lambda$start$3(299)) - f459b77a-2a9c-4d3c-90e7-b4141adc7662: start RPC server
2019-10-04 06:28:35,721 [Datanode State Machine Thread - 0] INFO  server.GrpcService (GrpcService.java:startImpl(158)) - f459b77a-2a9c-4d3c-90e7-b4141adc7662: GrpcService started, listening on 0.0.0.0/0.0.0.0:46110
2019-10-04 06:28:35,721 [Datanode State Machine Thread - 0] INFO  ratis.XceiverServerRatis (XceiverServerRatis.java:start(427)) - XceiverServerRatis f459b77a-2a9c-4d3c-90e7-b4141adc7662 is started using port 46110
2019-10-04 06:28:35,721 [Datanode State Machine Thread - 0] INFO  server.XceiverServerGrpc (XceiverServerGrpc.java:start(149)) - XceiverServerGrpc f459b77a-2a9c-4d3c-90e7-b4141adc7662 is started using port 38092
2019-10-04 06:28:35,776 [Datanode State Machine Thread - 0] INFO  ozoneimpl.OzoneContainer (OzoneContainer.java:start(217)) - Attempting to start container services.
2019-10-04 06:28:35,776 [Datanode State Machine Thread - 0] INFO  ozoneimpl.OzoneContainer (OzoneContainer.java:startContainerScrub(179)) - Background container scanner has been disabled.
2019-10-04 06:28:35,776 [Datanode State Machine Thread - 0] INFO  ratis.XceiverServerRatis (XceiverServerRatis.java:start(417)) - Starting XceiverServerRatis 83f17af9-2e73-476c-8525-0e9bad91b23a at port 0
2019-10-04 06:28:35,784 [Datanode State Machine Thread - 0] INFO  impl.RaftServerProxy (RaftServerProxy.java:lambda$start$3(299)) - 83f17af9-2e73-476c-8525-0e9bad91b23a: start RPC server
2019-10-04 06:28:35,787 [Datanode State Machine Thread - 0] INFO  server.GrpcService (GrpcService.java:startImpl(158)) - 83f17af9-2e73-476c-8525-0e9bad91b23a: GrpcService started, listening on 0.0.0.0/0.0.0.0:44554
2019-10-04 06:28:35,787 [Datanode State Machine Thread - 0] INFO  ratis.XceiverServerRatis (XceiverServerRatis.java:start(427)) - XceiverServerRatis 83f17af9-2e73-476c-8525-0e9bad91b23a is started using port 44554
2019-10-04 06:28:35,789 [Datanode State Machine Thread - 0] INFO  server.XceiverServerGrpc (XceiverServerGrpc.java:start(149)) - XceiverServerGrpc 83f17af9-2e73-476c-8525-0e9bad91b23a is started using port 44185
2019-10-04 06:28:35,843 [Datanode State Machine Thread - 0] INFO  ozoneimpl.OzoneContainer (OzoneContainer.java:start(217)) - Attempting to start container services.
2019-10-04 06:28:35,843 [Datanode State Machine Thread - 0] INFO  ozoneimpl.OzoneContainer (OzoneContainer.java:startContainerScrub(179)) - Background container scanner has been disabled.
2019-10-04 06:28:35,844 [Datanode State Machine Thread - 0] INFO  ratis.XceiverServerRatis (XceiverServerRatis.java:start(417)) - Starting XceiverServerRatis 300c89f6-5b02-41a0-9612-02f7e2d89fac at port 0
2019-10-04 06:28:35,850 [Datanode State Machine Thread - 0] INFO  impl.RaftServerProxy (RaftServerProxy.java:lambda$start$3(299)) - 300c89f6-5b02-41a0-9612-02f7e2d89fac: start RPC server
2019-10-04 06:28:35,853 [Datanode State Machine Thread - 0] INFO  server.GrpcService (GrpcService.java:startImpl(158)) - 300c89f6-5b02-41a0-9612-02f7e2d89fac: GrpcService started, listening on 0.0.0.0/0.0.0.0:34172
2019-10-04 06:28:35,854 [Datanode State Machine Thread - 0] INFO  ratis.XceiverServerRatis (XceiverServerRatis.java:start(427)) - XceiverServerRatis 300c89f6-5b02-41a0-9612-02f7e2d89fac is started using port 34172
2019-10-04 06:28:35,856 [Datanode State Machine Thread - 0] INFO  server.XceiverServerGrpc (XceiverServerGrpc.java:start(149)) - XceiverServerGrpc 300c89f6-5b02-41a0-9612-02f7e2d89fac is started using port 32924
2019-10-04 06:28:35,910 [Datanode State Machine Thread - 0] INFO  ozoneimpl.OzoneContainer (OzoneContainer.java:start(217)) - Attempting to start container services.
2019-10-04 06:28:35,910 [Datanode State Machine Thread - 0] INFO  ozoneimpl.OzoneContainer (OzoneContainer.java:startContainerScrub(179)) - Background container scanner has been disabled.
2019-10-04 06:28:35,911 [Datanode State Machine Thread - 0] INFO  ratis.XceiverServerRatis (XceiverServerRatis.java:start(417)) - Starting XceiverServerRatis 0ce744ad-f7fb-49c8-bd98-d04f0211340d at port 0
2019-10-04 06:28:35,918 [Datanode State Machine Thread - 0] INFO  impl.RaftServerProxy (RaftServerProxy.java:lambda$start$3(299)) - 0ce744ad-f7fb-49c8-bd98-d04f0211340d: start RPC server
2019-10-04 06:28:35,922 [Datanode State Machine Thread - 0] INFO  server.GrpcService (GrpcService.java:startImpl(158)) - 0ce744ad-f7fb-49c8-bd98-d04f0211340d: GrpcService started, listening on 0.0.0.0/0.0.0.0:40058
2019-10-04 06:28:35,922 [Datanode State Machine Thread - 0] INFO  ratis.XceiverServerRatis (XceiverServerRatis.java:start(427)) - XceiverServerRatis 0ce744ad-f7fb-49c8-bd98-d04f0211340d is started using port 40058
2019-10-04 06:28:35,922 [Datanode State Machine Thread - 0] INFO  server.XceiverServerGrpc (XceiverServerGrpc.java:start(149)) - XceiverServerGrpc 0ce744ad-f7fb-49c8-bd98-d04f0211340d is started using port 41708
2019-10-04 06:28:35,956 [main] INFO  ozone.MiniOzoneClusterImpl (MiniOzoneClusterImpl.java:lambda$waitForClusterToBeReady$0(147)) - Waiting for cluster to be ready. Got 0 of 7 DN Heartbeats.
2019-10-04 06:28:35,970 [Datanode State Machine Thread - 0] INFO  ozoneimpl.OzoneContainer (OzoneContainer.java:start(217)) - Attempting to start container services.
2019-10-04 06:28:35,970 [Datanode State Machine Thread - 0] INFO  ozoneimpl.OzoneContainer (OzoneContainer.java:startContainerScrub(179)) - Background container scanner has been disabled.
2019-10-04 06:28:35,970 [Datanode State Machine Thread - 0] INFO  ratis.XceiverServerRatis (XceiverServerRatis.java:start(417)) - Starting XceiverServerRatis dbbe0d96-a727-4e43-b685-4c4f1ff432ec at port 0
2019-10-04 06:28:35,977 [Datanode State Machine Thread - 0] INFO  impl.RaftServerProxy (RaftServerProxy.java:lambda$start$3(299)) - dbbe0d96-a727-4e43-b685-4c4f1ff432ec: start RPC server
2019-10-04 06:28:35,991 [Datanode State Machine Thread - 0] INFO  server.GrpcService (GrpcService.java:startImpl(158)) - dbbe0d96-a727-4e43-b685-4c4f1ff432ec: GrpcService started, listening on 0.0.0.0/0.0.0.0:38504
2019-10-04 06:28:35,991 [Datanode State Machine Thread - 0] INFO  ratis.XceiverServerRatis (XceiverServerRatis.java:start(427)) - XceiverServerRatis dbbe0d96-a727-4e43-b685-4c4f1ff432ec is started using port 38504
2019-10-04 06:28:35,991 [Datanode State Machine Thread - 0] INFO  server.XceiverServerGrpc (XceiverServerGrpc.java:start(149)) - XceiverServerGrpc dbbe0d96-a727-4e43-b685-4c4f1ff432ec is started using port 45394
2019-10-04 06:28:36,956 [main] INFO  ozone.MiniOzoneClusterImpl (MiniOzoneClusterImpl.java:lambda$waitForClusterToBeReady$0(147)) - Waiting for cluster to be ready. Got 0 of 7 DN Heartbeats.
2019-10-04 06:28:37,581 [IPC Server handler 0 on 42581] INFO  net.NetworkTopology (NetworkTopologyImpl.java:add(111)) - Added a new node: /default-rack/930eceb1-b99d-4538-8394-cbd44ab0a135
2019-10-04 06:28:37,585 [IPC Server handler 0 on 42581] INFO  node.SCMNodeManager (SCMNodeManager.java:register(266)) - Registered Data node : 930eceb1-b99d-4538-8394-cbd44ab0a135{ip: 192.168.157.194, host: pr-hdds-2244-dsjsm-2702112654, networkLocation: /default-rack, certSerialId: null}
2019-10-04 06:28:37,586 [EventQueue-NodeRegistrationContainerReportForDataNodeSafeModeRule] INFO  safemode.SCMSafeModeManager (DataNodeSafeModeRule.java:process(71)) - SCM in safe mode. 1 DataNodes registered, 1 required.
2019-10-04 06:28:37,589 [EventQueue-NodeRegistrationContainerReportForDataNodeSafeModeRule] INFO  safemode.SCMSafeModeManager (SCMSafeModeManager.java:validateSafeModeExitRules(177)) - ScmSafeModeManager, all rules are successfully validated
2019-10-04 06:28:37,589 [EventQueue-NodeRegistrationContainerReportForDataNodeSafeModeRule] INFO  safemode.SCMSafeModeManager (SCMSafeModeManager.java:exitSafeMode(193)) - SCM exiting safe mode.
2019-10-04 06:28:37,610 [grpc-default-executor-10] INFO  impl.RaftServerProxy (RaftServerProxy.java:addNew(89)) - 930eceb1-b99d-4538-8394-cbd44ab0a135: addNew group-02E29D7B9C33:[930eceb1-b99d-4538-8394-cbd44ab0a135:192.168.157.194:45294] returns group-02E29D7B9C33:java.util.concurrent.CompletableFuture@1f85370[Not completed]
2019-10-04 06:28:37,613 [pool-383-thread-1] INFO  impl.RaftServerImpl (RaftServerImpl.java:<init>(95)) - 930eceb1-b99d-4538-8394-cbd44ab0a135: new RaftServerImpl for group-02E29D7B9C33:[930eceb1-b99d-4538-8394-cbd44ab0a135:192.168.157.194:45294] with ContainerStateMachine:uninitialized
2019-10-04 06:28:37,614 [pool-383-thread-1] INFO  server.RaftServerConfigKeys (ConfUtils.java:logGet(43)) - raft.server.rpc.timeout.min = 5s (custom)
2019-10-04 06:28:37,614 [pool-383-thread-1] INFO  server.RaftServerConfigKeys (ConfUtils.java:logGet(43)) - raft.server.rpc.timeout.max = 5200ms (custom)
2019-10-04 06:28:37,614 [pool-383-thread-1] INFO  server.RaftServerConfigKeys (ConfUtils.java:logGet(43)) - raft.server.rpcslowness.timeout = 120s (custom)
2019-10-04 06:28:37,614 [pool-383-thread-1] INFO  server.RaftServerConfigKeys (ConfUtils.java:logGet(43)) - raft.server.sleep.deviation.threshold = 300 (default)
2019-10-04 06:28:37,614 [pool-383-thread-1] INFO  server.RaftServerConfigKeys (ConfUtils.java:logGet(43)) - raft.server.log.appender.install.snapshot.enabled = false (custom)
2019-10-04 06:28:37,615 [pool-383-thread-1] INFO  impl.RaftServerImpl (ServerState.java:<init>(103)) - 930eceb1-b99d-4538-8394-cbd44ab0a135@group-02E29D7B9C33: ConfigurationManager, init=-1: [930eceb1-b99d-4538-8394-cbd44ab0a135:192.168.157.194:45294], old=null, confs=<EMPTY_MAP>
2019-10-04 06:28:37,615 [pool-383-thread-1] INFO  server.RaftServerConfigKeys (ConfUtils.java:logGet(43)) - raft.server.storage.dir = [/workdir/hadoop-ozone/integration-test/target/test-dir/MiniOzoneClusterImpl-bb82a069-c5f8-4867-8b76-edf785cfeeaa/datanode-0/data/ratis] (custom)
2019-10-04 06:28:37,616 [pool-383-thread-1] INFO  server.RaftServerConfigKeys (ConfUtils.java:logGet(43)) - raft.server.log.corruption.policy = EXCEPTION (default)
2019-10-04 06:28:37,616 [pool-383-thread-1] INFO  storage.RaftStorageDirectory (RaftStorageDirectory.java:analyzeStorage(246)) - The storage directory /workdir/hadoop-ozone/integration-test/target/test-dir/MiniOzoneClusterImpl-bb82a069-c5f8-4867-8b76-edf785cfeeaa/datanode-0/data/ratis/8f219c7f-515f-4537-a8e8-02e29d7b9c33 does not exist. Creating ...
2019-10-04 06:28:37,629 [pool-383-thread-1] INFO  storage.RaftStorageDirectory (RaftStorageDirectory.java:tryLock(328)) - Lock on /workdir/hadoop-ozone/integration-test/target/test-dir/MiniOzoneClusterImpl-bb82a069-c5f8-4867-8b76-edf785cfeeaa/datanode-0/data/ratis/8f219c7f-515f-4537-a8e8-02e29d7b9c33/in_use.lock acquired by nodename 4487@pr-hdds-2244-dsjsm-2702112654
2019-10-04 06:28:37,635 [IPC Server handler 1 on 42581] INFO  net.NetworkTopology (NetworkTopologyImpl.java:add(111)) - Added a new node: /default-rack/ea4e6954-e23c-4093-8d43-714e37052889
2019-10-04 06:28:37,635 [IPC Server handler 1 on 42581] INFO  node.SCMNodeManager (SCMNodeManager.java:register(266)) - Registered Data node : ea4e6954-e23c-4093-8d43-714e37052889{ip: 192.168.157.194, host: pr-hdds-2244-dsjsm-2702112654, networkLocation: /default-rack, certSerialId: null}
2019-10-04 06:28:37,642 [pool-383-thread-1] INFO  storage.RaftStorage (RaftStorage.java:format(84)) - Storage directory /workdir/hadoop-ozone/integration-test/target/test-dir/MiniOzoneClusterImpl-bb82a069-c5f8-4867-8b76-edf785cfeeaa/datanode-0/data/ratis/8f219c7f-515f-4537-a8e8-02e29d7b9c33 has been successfully formatted.
2019-10-04 06:28:37,643 [pool-383-thread-1] INFO  ratis.ContainerStateMachine (ContainerStateMachine.java:loadSnapshot(230)) - group-02E29D7B9C33: The snapshot info is null. Setting the last applied indexto:(t:0, i:~)
2019-10-04 06:28:37,643 [pool-383-thread-1] INFO  server.RaftServerConfigKeys (ConfUtils.java:logGet(43)) - raft.server.notification.no-leader.timeout = 120s (custom)
2019-10-04 06:28:37,643 [pool-383-thread-1] INFO  server.RaftServerConfigKeys (ConfUtils.java:logGet(43)) - raft.server.log.use.memory = false (default)
2019-10-04 06:28:37,643 [pool-383-thread-1] INFO  server.RaftServerConfigKeys (ConfUtils.java:logGet(43)) - raft.server.log.purge.gap = 1000000 (custom)
2019-10-04 06:28:37,644 [pool-383-thread-1] INFO  server.RaftServerConfigKeys (ConfUtils.java:logGet(43)) - raft.server.log.appender.buffer.byte-limit = 33554432 (custom)
2019-10-04 06:28:37,644 [pool-383-thread-1] INFO  server.RaftServerConfigKeys (ConfUtils.java:logGet(43)) - raft.server.log.segment.size.max = 1048576 (custom)
2019-10-04 06:28:37,646 [pool-383-thread-1] INFO  server.RaftServerConfigKeys (ConfUtils.java:logGet(43)) - raft.server.log.segment.cache.num.max = 2 (custom)
2019-10-04 06:28:37,646 [pool-383-thread-1] INFO  segmented.SegmentedRaftLogWorker (SegmentedRaftLogWorker.java:<init>(173)) - new 930eceb1-b99d-4538-8394-cbd44ab0a135@group-02E29D7B9C33-SegmentedRaftLogWorker for RaftStorage:Storage Directory /workdir/hadoop-ozone/integration-test/target/test-dir/MiniOzoneClusterImpl-bb82a069-c5f8-4867-8b76-edf785cfeeaa/datanode-0/data/ratis/8f219c7f-515f-4537-a8e8-02e29d7b9c33
2019-10-04 06:28:37,646 [pool-383-thread-1] INFO  server.RaftServerConfigKeys (ConfUtils.java:logGet(43)) - raft.server.log.queue.byte-limit = 2147483647 (custom)
2019-10-04 06:28:37,646 [pool-383-thread-1] INFO  server.RaftServerConfigKeys (ConfUtils.java:logGet(43)) - raft.server.log.queue.element-limit = 1024 (custom)
2019-10-04 06:28:37,647 [pool-383-thread-1] INFO  server.RaftServerConfigKeys (ConfUtils.java:logGet(43)) - raft.server.log.segment.size.max = 1048576 (custom)
2019-10-04 06:28:37,647 [pool-383-thread-1] INFO  server.RaftServerConfigKeys (ConfUtils.java:logGet(43)) - raft.server.log.preallocated.size = 16384 (custom)
2019-10-04 06:28:37,647 [pool-383-thread-1] INFO  server.RaftServerConfigKeys (ConfUtils.java:logGet(43)) - raft.server.log.write.buffer.size = 33554432 (custom)
2019-10-04 06:28:37,647 [pool-383-thread-1] INFO  server.RaftServerConfigKeys (ConfUtils.java:logGet(43)) - raft.server.log.force.sync.num = 128 (default)
2019-10-04 06:28:37,647 [pool-383-thread-1] INFO  server.RaftServerConfigKeys (ConfUtils.java:logGet(43)) - raft.server.log.statemachine.data.sync = true (default)
2019-10-04 06:28:37,647 [pool-383-thread-1] INFO  server.RaftServerConfigKeys (ConfUtils.java:logGet(43)) - raft.server.log.statemachine.data.sync.timeout = 10s (default)
2019-10-04 06:28:37,648 [pool-383-thread-1] INFO  server.RaftServerConfigKeys (ConfUtils.java:logGet(43)) - raft.server.log.statemachine.data.sync.timeout.retry = -1 (default)
2019-10-04 06:28:37,648 [pool-383-thread-1] INFO  server.RaftServerConfigKeys (ConfUtils.java:logGet(43)) - raft.server.log.statemachine.data.caching.enabled = true (custom)
2019-10-04 06:28:37,648 [pool-383-thread-1] INFO  segmented.SegmentedRaftLogWorker (SegmentedRaftLogWorker.java:lambda$new$0(128)) - 930eceb1-b99d-4538-8394-cbd44ab0a135@group-02E29D7B9C33-SegmentedRaftLogWorker: flushIndex: setUnconditionally 0 -> -1
2019-10-04 06:28:37,649 [pool-383-thread-1] INFO  server.RaftServerConfigKeys (ConfUtils.java:logGet(43)) - raft.server.snapshot.auto.trigger.enabled = true (custom)
2019-10-04 06:28:37,649 [pool-383-thread-1] INFO  server.RaftServerConfigKeys (ConfUtils.java:logGet(43)) - raft.server.snapshot.auto.trigger.threshold = 10000 (custom)
2019-10-04 06:28:37,649 [pool-383-thread-1] INFO  server.RaftServerConfigKeys (ConfUtils.java:logGet(43)) - raft.server.snapshot.retention.file.num = 5 (custom)
2019-10-04 06:28:37,649 [pool-383-thread-1] INFO  server.RaftServerConfigKeys (ConfUtils.java:logGet(43)) - raft.server.retrycache.expirytime = 600000ms (custom)
2019-10-04 06:28:37,651 [pool-383-thread-1] INFO  impl.RaftServerImpl (RaftServerImpl.java:start(181)) - 930eceb1-b99d-4538-8394-cbd44ab0a135@group-02E29D7B9C33: start as a follower, conf=-1: [930eceb1-b99d-4538-8394-cbd44ab0a135:192.168.157.194:45294], old=null
2019-10-04 06:28:37,651 [pool-383-thread-1] INFO  impl.RaftServerImpl (RaftServerImpl.java:setRole(170)) - 930eceb1-b99d-4538-8394-cbd44ab0a135@group-02E29D7B9C33: changes role from      null to FOLLOWER at term 0 for startAsFollower
2019-10-04 06:28:37,652 [pool-383-thread-1] INFO  impl.RoleInfo (RoleInfo.java:updateAndGet(143)) - 930eceb1-b99d-4538-8394-cbd44ab0a135: start FollowerState
2019-10-04 06:28:37,652 [pool-383-thread-1] INFO  util.JmxRegister (JmxRegister.java:tryRegister(44)) - Successfully registered JMX Bean with object name Ratis:service=RaftServer,group=group-02E29D7B9C33,id=930eceb1-b99d-4538-8394-cbd44ab0a135
2019-10-04 06:28:37,657 [RatisPipelineUtilsThread] INFO  pipeline.PipelineStateManager (PipelineStateManager.java:addPipeline(56)) - Created pipeline Pipeline[ Id: 8f219c7f-515f-4537-a8e8-02e29d7b9c33, Nodes: 930eceb1-b99d-4538-8394-cbd44ab0a135{ip: 192.168.157.194, host: pr-hdds-2244-dsjsm-2702112654, networkLocation: /default-rack, certSerialId: null}, Type:RATIS, Factor:ONE, State:OPEN]
2019-10-04 06:28:37,667 [grpc-default-executor-10] INFO  impl.RaftServerProxy (RaftServerProxy.java:addNew(89)) - ea4e6954-e23c-4093-8d43-714e37052889: addNew group-E79715A63052:[ea4e6954-e23c-4093-8d43-714e37052889:192.168.157.194:34397] returns group-E79715A63052:java.util.concurrent.CompletableFuture@595c93c2[Not completed]
2019-10-04 06:28:37,668 [pool-393-thread-1] INFO  impl.RaftServerImpl (RaftServerImpl.java:<init>(95)) - ea4e6954-e23c-4093-8d43-714e37052889: new RaftServerImpl for group-E79715A63052:[ea4e6954-e23c-4093-8d43-714e37052889:192.168.157.194:34397] with ContainerStateMachine:uninitialized
2019-10-04 06:28:37,668 [pool-393-thread-1] INFO  server.RaftServerConfigKeys (ConfUtils.java:logGet(43)) - raft.server.rpc.timeout.min = 5s (custom)
2019-10-04 06:28:37,668 [pool-393-thread-1] INFO  server.RaftServerConfigKeys (ConfUtils.java:logGet(43)) - raft.server.rpc.timeout.max = 5200ms (custom)
2019-10-04 06:28:37,668 [pool-393-thread-1] INFO  server.RaftServerConfigKeys (ConfUtils.java:logGet(43)) - raft.server.rpcslowness.timeout = 120s (custom)
2019-10-04 06:28:37,668 [pool-393-thread-1] INFO  server.RaftServerConfigKeys (ConfUtils.java:logGet(43)) - raft.server.sleep.deviation.threshold = 300 (default)
2019-10-04 06:28:37,668 [pool-393-thread-1] INFO  server.RaftServerConfigKeys (ConfUtils.java:logGet(43)) - raft.server.log.appender.install.snapshot.enabled = false (custom)
2019-10-04 06:28:37,669 [pool-393-thread-1] INFO  impl.RaftServerImpl (ServerState.java:<init>(103)) - ea4e6954-e23c-4093-8d43-714e37052889@group-E79715A63052: ConfigurationManager, init=-1: [ea4e6954-e23c-4093-8d43-714e37052889:192.168.157.194:34397], old=null, confs=<EMPTY_MAP>
2019-10-04 06:28:37,669 [pool-393-thread-1] INFO  server.RaftServerConfigKeys (ConfUtils.java:logGet(43)) - raft.server.storage.dir = [/workdir/hadoop-ozone/integration-test/target/test-dir/MiniOzoneClusterImpl-bb82a069-c5f8-4867-8b76-edf785cfeeaa/datanode-1/data/ratis] (custom)
2019-10-04 06:28:37,669 [pool-393-thread-1] INFO  server.RaftServerConfigKeys (ConfUtils.java:logGet(43)) - raft.server.log.corruption.policy = EXCEPTION (default)
2019-10-04 06:28:37,669 [pool-393-thread-1] INFO  storage.RaftStorageDirectory (RaftStorageDirectory.java:analyzeStorage(246)) - The storage directory /workdir/hadoop-ozone/integration-test/target/test-dir/MiniOzoneClusterImpl-bb82a069-c5f8-4867-8b76-edf785cfeeaa/datanode-1/data/ratis/ca7ff252-c7f5-4348-ae12-e79715a63052 does not exist. Creating ...
2019-10-04 06:28:37,682 [pool-393-thread-1] INFO  storage.RaftStorageDirectory (RaftStorageDirectory.java:tryLock(328)) - Lock on /workdir/hadoop-ozone/integration-test/target/test-dir/MiniOzoneClusterImpl-bb82a069-c5f8-4867-8b76-edf785cfeeaa/datanode-1/data/ratis/ca7ff252-c7f5-4348-ae12-e79715a63052/in_use.lock acquired by nodename 4487@pr-hdds-2244-dsjsm-2702112654
2019-10-04 06:28:37,694 [pool-393-thread-1] INFO  storage.RaftStorage (RaftStorage.java:format(84)) - Storage directory /workdir/hadoop-ozone/integration-test/target/test-dir/MiniOzoneClusterImpl-bb82a069-c5f8-4867-8b76-edf785cfeeaa/datanode-1/data/ratis/ca7ff252-c7f5-4348-ae12-e79715a63052 has been successfully formatted.
2019-10-04 06:28:37,695 [pool-393-thread-1] INFO  ratis.ContainerStateMachine (ContainerStateMachine.java:loadSnapshot(230)) - group-E79715A63052: The snapshot info is null. Setting the last applied indexto:(t:0, i:~)
2019-10-04 06:28:37,695 [pool-393-thread-1] INFO  server.RaftServerConfigKeys (ConfUtils.java:logGet(43)) - raft.server.notification.no-leader.timeout = 120s (custom)
2019-10-04 06:28:37,695 [pool-393-thread-1] INFO  server.RaftServerConfigKeys (ConfUtils.java:logGet(43)) - raft.server.log.use.memory = false (default)
2019-10-04 06:28:37,695 [pool-393-thread-1] INFO  server.RaftServerConfigKeys (ConfUtils.java:logGet(43)) - raft.server.log.purge.gap = 1000000 (custom)
2019-10-04 06:28:37,695 [pool-393-thread-1] INFO  server.RaftServerConfigKeys (ConfUtils.java:logGet(43)) - raft.server.log.appender.buffer.byte-limit = 33554432 (custom)
2019-10-04 06:28:37,695 [pool-393-thread-1] INFO  server.RaftServerConfigKeys (ConfUtils.java:logGet(43)) - raft.server.log.segment.size.max = 1048576 (custom)
2019-10-04 06:28:37,697 [pool-393-thread-1] INFO  server.RaftServerConfigKeys (ConfUtils.java:logGet(43)) - raft.server.log.segment.cache.num.max = 2 (custom)
2019-10-04 06:28:37,697 [pool-393-thread-1] INFO  segmented.SegmentedRaftLogWorker (SegmentedRaftLogWorker.java:<init>(173)) - new ea4e6954-e23c-4093-8d43-714e37052889@group-E79715A63052-SegmentedRaftLogWorker for RaftStorage:Storage Directory /workdir/hadoop-ozone/integration-test/target/test-dir/MiniOzoneClusterImpl-bb82a069-c5f8-4867-8b76-edf785cfeeaa/datanode-1/data/ratis/ca7ff252-c7f5-4348-ae12-e79715a63052
2019-10-04 06:28:37,697 [pool-393-thread-1] INFO  server.RaftServerConfigKeys (ConfUtils.java:logGet(43)) - raft.server.log.queue.byte-limit = 2147483647 (custom)
2019-10-04 06:28:37,697 [pool-393-thread-1] INFO  server.RaftServerConfigKeys (ConfUtils.java:logGet(43)) - raft.server.log.queue.element-limit = 1024 (custom)
2019-10-04 06:28:37,697 [pool-393-thread-1] INFO  server.RaftServerConfigKeys (ConfUtils.java:logGet(43)) - raft.server.log.segment.size.max = 1048576 (custom)
2019-10-04 06:28:37,698 [pool-393-thread-1] INFO  server.RaftServerConfigKeys (ConfUtils.java:logGet(43)) - raft.server.log.preallocated.size = 16384 (custom)
2019-10-04 06:28:37,698 [pool-393-thread-1] INFO  server.RaftServerConfigKeys (ConfUtils.java:logGet(43)) - raft.server.log.write.buffer.size = 33554432 (custom)
2019-10-04 06:28:37,698 [pool-393-thread-1] INFO  server.RaftServerConfigKeys (ConfUtils.java:logGet(43)) - raft.server.log.force.sync.num = 128 (default)
2019-10-04 06:28:37,698 [pool-393-thread-1] INFO  server.RaftServerConfigKeys (ConfUtils.java:logGet(43)) - raft.server.log.statemachine.data.sync = true (default)
2019-10-04 06:28:37,698 [pool-393-thread-1] INFO  server.RaftServerConfigKeys (ConfUtils.java:logGet(43)) - raft.server.log.statemachine.data.sync.timeout = 10s (default)
2019-10-04 06:28:37,698 [pool-393-thread-1] INFO  server.RaftServerConfigKeys (ConfUtils.java:logGet(43)) - raft.server.log.statemachine.data.sync.timeout.retry = -1 (default)
2019-10-04 06:28:37,698 [pool-393-thread-1] INFO  server.RaftServerConfigKeys (ConfUtils.java:logGet(43)) - raft.server.log.statemachine.data.caching.enabled = true (custom)
2019-10-04 06:28:37,698 [pool-393-thread-1] INFO  segmented.SegmentedRaftLogWorker (SegmentedRaftLogWorker.java:lambda$new$0(128)) - ea4e6954-e23c-4093-8d43-714e37052889@group-E79715A63052-SegmentedRaftLogWorker: flushIndex: setUnconditionally 0 -> -1
2019-10-04 06:28:37,699 [pool-393-thread-1] INFO  server.RaftServerConfigKeys (ConfUtils.java:logGet(43)) - raft.server.snapshot.auto.trigger.enabled = true (custom)
2019-10-04 06:28:37,699 [pool-393-thread-1] INFO  server.RaftServerConfigKeys (ConfUtils.java:logGet(43)) - raft.server.snapshot.auto.trigger.threshold = 10000 (custom)
2019-10-04 06:28:37,699 [pool-393-thread-1] INFO  server.RaftServerConfigKeys (ConfUtils.java:logGet(43)) - raft.server.snapshot.retention.file.num = 5 (custom)
2019-10-04 06:28:37,699 [pool-393-thread-1] INFO  server.RaftServerConfigKeys (ConfUtils.java:logGet(43)) - raft.server.retrycache.expirytime = 600000ms (custom)
2019-10-04 06:28:37,699 [IPC Server handler 3 on 42581] INFO  net.NetworkTopology (NetworkTopologyImpl.java:add(111)) - Added a new node: /default-rack/f459b77a-2a9c-4d3c-90e7-b4141adc7662
2019-10-04 06:28:37,699 [IPC Server handler 3 on 42581] INFO  node.SCMNodeManager (SCMNodeManager.java:register(266)) - Registered Data node : f459b77a-2a9c-4d3c-90e7-b4141adc7662{ip: 192.168.157.194, host: pr-hdds-2244-dsjsm-2702112654, networkLocation: /default-rack, certSerialId: null}
2019-10-04 06:28:37,700 [pool-393-thread-1] INFO  impl.RaftServerImpl (RaftServerImpl.java:start(181)) - ea4e6954-e23c-4093-8d43-714e37052889@group-E79715A63052: start as a follower, conf=-1: [ea4e6954-e23c-4093-8d43-714e37052889:192.168.157.194:34397], old=null
2019-10-04 06:28:37,700 [pool-393-thread-1] INFO  impl.RaftServerImpl (RaftServerImpl.java:setRole(170)) - ea4e6954-e23c-4093-8d43-714e37052889@group-E79715A63052: changes role from      null to FOLLOWER at term 0 for startAsFollower
2019-10-04 06:28:37,700 [pool-393-thread-1] INFO  impl.RoleInfo (RoleInfo.java:updateAndGet(143)) - ea4e6954-e23c-4093-8d43-714e37052889: start FollowerState
2019-10-04 06:28:37,701 [pool-393-thread-1] INFO  util.JmxRegister (JmxRegister.java:tryRegister(44)) - Successfully registered JMX Bean with object name Ratis:service=RaftServer,group=group-E79715A63052,id=ea4e6954-e23c-4093-8d43-714e37052889
2019-10-04 06:28:37,704 [RatisPipelineUtilsThread] INFO  pipeline.PipelineStateManager (PipelineStateManager.java:addPipeline(56)) - Created pipeline Pipeline[ Id: ca7ff252-c7f5-4348-ae12-e79715a63052, Nodes: ea4e6954-e23c-4093-8d43-714e37052889{ip: 192.168.157.194, host: pr-hdds-2244-dsjsm-2702112654, networkLocation: /default-rack, certSerialId: null}, Type:RATIS, Factor:ONE, State:OPEN]
2019-10-04 06:28:37,713 [grpc-default-executor-10] INFO  impl.RaftServerProxy (RaftServerProxy.java:addNew(89)) - f459b77a-2a9c-4d3c-90e7-b4141adc7662: addNew group-217651D561E4:[f459b77a-2a9c-4d3c-90e7-b4141adc7662:192.168.157.194:46110] returns group-217651D561E4:java.util.concurrent.CompletableFuture@27fd56c0[Not completed]
2019-10-04 06:28:37,715 [pool-403-thread-1] INFO  impl.RaftServerImpl (RaftServerImpl.java:<init>(95)) - f459b77a-2a9c-4d3c-90e7-b4141adc7662: new RaftServerImpl for group-217651D561E4:[f459b77a-2a9c-4d3c-90e7-b4141adc7662:192.168.157.194:46110] with ContainerStateMachine:uninitialized
2019-10-04 06:28:37,715 [pool-403-thread-1] INFO  server.RaftServerConfigKeys (ConfUtils.java:logGet(43)) - raft.server.rpc.timeout.min = 5s (custom)
2019-10-04 06:28:37,715 [pool-403-thread-1] INFO  server.RaftServerConfigKeys (ConfUtils.java:logGet(43)) - raft.server.rpc.timeout.max = 5200ms (custom)
2019-10-04 06:28:37,715 [pool-403-thread-1] INFO  server.RaftServerConfigKeys (ConfUtils.java:logGet(43)) - raft.server.rpcslowness.timeout = 120s (custom)
2019-10-04 06:28:37,715 [pool-403-thread-1] INFO  server.RaftServerConfigKeys (ConfUtils.java:logGet(43)) - raft.server.sleep.deviation.threshold = 300 (default)
2019-10-04 06:28:37,715 [pool-403-thread-1] INFO  server.RaftServerConfigKeys (ConfUtils.java:logGet(43)) - raft.server.log.appender.install.snapshot.enabled = false (custom)
2019-10-04 06:28:37,715 [pool-403-thread-1] INFO  impl.RaftServerImpl (ServerState.java:<init>(103)) - f459b77a-2a9c-4d3c-90e7-b4141adc7662@group-217651D561E4: ConfigurationManager, init=-1: [f459b77a-2a9c-4d3c-90e7-b4141adc7662:192.168.157.194:46110], old=null, confs=<EMPTY_MAP>
2019-10-04 06:28:37,715 [pool-403-thread-1] INFO  server.RaftServerConfigKeys (ConfUtils.java:logGet(43)) - raft.server.storage.dir = [/workdir/hadoop-ozone/integration-test/target/test-dir/MiniOzoneClusterImpl-bb82a069-c5f8-4867-8b76-edf785cfeeaa/datanode-2/data/ratis] (custom)
2019-10-04 06:28:37,716 [pool-403-thread-1] INFO  server.RaftServerConfigKeys (ConfUtils.java:logGet(43)) - raft.server.log.corruption.policy = EXCEPTION (default)
2019-10-04 06:28:37,716 [pool-403-thread-1] INFO  storage.RaftStorageDirectory (RaftStorageDirectory.java:analyzeStorage(246)) - The storage directory /workdir/hadoop-ozone/integration-test/target/test-dir/MiniOzoneClusterImpl-bb82a069-c5f8-4867-8b76-edf785cfeeaa/datanode-2/data/ratis/0d813975-95ec-4b27-94b7-217651d561e4 does not exist. Creating ...
2019-10-04 06:28:37,728 [pool-403-thread-1] INFO  storage.RaftStorageDirectory (RaftStorageDirectory.java:tryLock(328)) - Lock on /workdir/hadoop-ozone/integration-test/target/test-dir/MiniOzoneClusterImpl-bb82a069-c5f8-4867-8b76-edf785cfeeaa/datanode-2/data/ratis/0d813975-95ec-4b27-94b7-217651d561e4/in_use.lock acquired by nodename 4487@pr-hdds-2244-dsjsm-2702112654
2019-10-04 06:28:37,741 [pool-403-thread-1] INFO  storage.RaftStorage (RaftStorage.java:format(84)) - Storage directory /workdir/hadoop-ozone/integration-test/target/test-dir/MiniOzoneClusterImpl-bb82a069-c5f8-4867-8b76-edf785cfeeaa/datanode-2/data/ratis/0d813975-95ec-4b27-94b7-217651d561e4 has been successfully formatted.
2019-10-04 06:28:37,741 [pool-403-thread-1] INFO  ratis.ContainerStateMachine (ContainerStateMachine.java:loadSnapshot(230)) - group-217651D561E4: The snapshot info is null. Setting the last applied indexto:(t:0, i:~)
2019-10-04 06:28:37,741 [pool-403-thread-1] INFO  server.RaftServerConfigKeys (ConfUtils.java:logGet(43)) - raft.server.notification.no-leader.timeout = 120s (custom)
2019-10-04 06:28:37,741 [pool-403-thread-1] INFO  server.RaftServerConfigKeys (ConfUtils.java:logGet(43)) - raft.server.log.use.memory = false (default)
2019-10-04 06:28:37,741 [pool-403-thread-1] INFO  server.RaftServerConfigKeys (ConfUtils.java:logGet(43)) - raft.server.log.purge.gap = 1000000 (custom)
2019-10-04 06:28:37,742 [pool-403-thread-1] INFO  server.RaftServerConfigKeys (ConfUtils.java:logGet(43)) - raft.server.log.appender.buffer.byte-limit = 33554432 (custom)
2019-10-04 06:28:37,742 [pool-403-thread-1] INFO  server.RaftServerConfigKeys (ConfUtils.java:logGet(43)) - raft.server.log.segment.size.max = 1048576 (custom)
2019-10-04 06:28:37,743 [pool-403-thread-1] INFO  server.RaftServerConfigKeys (ConfUtils.java:logGet(43)) - raft.server.log.segment.cache.num.max = 2 (custom)
2019-10-04 06:28:37,743 [pool-403-thread-1] INFO  segmented.SegmentedRaftLogWorker (SegmentedRaftLogWorker.java:<init>(173)) - new f459b77a-2a9c-4d3c-90e7-b4141adc7662@group-217651D561E4-SegmentedRaftLogWorker for RaftStorage:Storage Directory /workdir/hadoop-ozone/integration-test/target/test-dir/MiniOzoneClusterImpl-bb82a069-c5f8-4867-8b76-edf785cfeeaa/datanode-2/data/ratis/0d813975-95ec-4b27-94b7-217651d561e4
2019-10-04 06:28:37,743 [pool-403-thread-1] INFO  server.RaftServerConfigKeys (ConfUtils.java:logGet(43)) - raft.server.log.queue.byte-limit = 2147483647 (custom)
2019-10-04 06:28:37,743 [pool-403-thread-1] INFO  server.RaftServerConfigKeys (ConfUtils.java:logGet(43)) - raft.server.log.queue.element-limit = 1024 (custom)
2019-10-04 06:28:37,743 [pool-403-thread-1] INFO  server.RaftServerConfigKeys (ConfUtils.java:logGet(43)) - raft.server.log.segment.size.max = 1048576 (custom)
2019-10-04 06:28:37,743 [pool-403-thread-1] INFO  server.RaftServerConfigKeys (ConfUtils.java:logGet(43)) - raft.server.log.preallocated.size = 16384 (custom)
2019-10-04 06:28:37,743 [pool-403-thread-1] INFO  server.RaftServerConfigKeys (ConfUtils.java:logGet(43)) - raft.server.log.write.buffer.size = 33554432 (custom)
2019-10-04 06:28:37,743 [pool-403-thread-1] INFO  server.RaftServerConfigKeys (ConfUtils.java:logGet(43)) - raft.server.log.force.sync.num = 128 (default)
2019-10-04 06:28:37,743 [pool-403-thread-1] INFO  server.RaftServerConfigKeys (ConfUtils.java:logGet(43)) - raft.server.log.statemachine.data.sync = true (default)
2019-10-04 06:28:37,744 [pool-403-thread-1] INFO  server.RaftServerConfigKeys (ConfUtils.java:logGet(43)) - raft.server.log.statemachine.data.sync.timeout = 10s (default)
2019-10-04 06:28:37,744 [pool-403-thread-1] INFO  server.RaftServerConfigKeys (ConfUtils.java:logGet(43)) - raft.server.log.statemachine.data.sync.timeout.retry = -1 (default)
2019-10-04 06:28:37,744 [pool-403-thread-1] INFO  server.RaftServerConfigKeys (ConfUtils.java:logGet(43)) - raft.server.log.statemachine.data.caching.enabled = true (custom)
2019-10-04 06:28:37,744 [pool-403-thread-1] INFO  segmented.SegmentedRaftLogWorker (SegmentedRaftLogWorker.java:lambda$new$0(128)) - f459b77a-2a9c-4d3c-90e7-b4141adc7662@group-217651D561E4-SegmentedRaftLogWorker: flushIndex: setUnconditionally 0 -> -1
2019-10-04 06:28:37,744 [pool-403-thread-1] INFO  server.RaftServerConfigKeys (ConfUtils.java:logGet(43)) - raft.server.snapshot.auto.trigger.enabled = true (custom)
2019-10-04 06:28:37,744 [pool-403-thread-1] INFO  server.RaftServerConfigKeys (ConfUtils.java:logGet(43)) - raft.server.snapshot.auto.trigger.threshold = 10000 (custom)
2019-10-04 06:28:37,744 [pool-403-thread-1] INFO  server.RaftServerConfigKeys (ConfUtils.java:logGet(43)) - raft.server.snapshot.retention.file.num = 5 (custom)
2019-10-04 06:28:37,744 [pool-403-thread-1] INFO  server.RaftServerConfigKeys (ConfUtils.java:logGet(43)) - raft.server.retrycache.expirytime = 600000ms (custom)
2019-10-04 06:28:37,746 [pool-403-thread-1] INFO  impl.RaftServerImpl (RaftServerImpl.java:start(181)) - f459b77a-2a9c-4d3c-90e7-b4141adc7662@group-217651D561E4: start as a follower, conf=-1: [f459b77a-2a9c-4d3c-90e7-b4141adc7662:192.168.157.194:46110], old=null
2019-10-04 06:28:37,746 [pool-403-thread-1] INFO  impl.RaftServerImpl (RaftServerImpl.java:setRole(170)) - f459b77a-2a9c-4d3c-90e7-b4141adc7662@group-217651D561E4: changes role from      null to FOLLOWER at term 0 for startAsFollower
2019-10-04 06:28:37,746 [pool-403-thread-1] INFO  impl.RoleInfo (RoleInfo.java:updateAndGet(143)) - f459b77a-2a9c-4d3c-90e7-b4141adc7662: start FollowerState
2019-10-04 06:28:37,746 [pool-403-thread-1] INFO  util.JmxRegister (JmxRegister.java:tryRegister(44)) - Successfully registered JMX Bean with object name Ratis:service=RaftServer,group=group-217651D561E4,id=f459b77a-2a9c-4d3c-90e7-b4141adc7662
2019-10-04 06:28:37,749 [RatisPipelineUtilsThread] INFO  pipeline.PipelineStateManager (PipelineStateManager.java:addPipeline(56)) - Created pipeline Pipeline[ Id: 0d813975-95ec-4b27-94b7-217651d561e4, Nodes: f459b77a-2a9c-4d3c-90e7-b4141adc7662{ip: 192.168.157.194, host: pr-hdds-2244-dsjsm-2702112654, networkLocation: /default-rack, certSerialId: null}, Type:RATIS, Factor:ONE, State:OPEN]
2019-10-04 06:28:37,764 [grpc-default-executor-2] INFO  impl.RaftServerProxy (RaftServerProxy.java:addNew(89)) - f459b77a-2a9c-4d3c-90e7-b4141adc7662: addNew group-5EEB630CC6FD:[ea4e6954-e23c-4093-8d43-714e37052889:192.168.157.194:34397, f459b77a-2a9c-4d3c-90e7-b4141adc7662:192.168.157.194:46110, 930eceb1-b99d-4538-8394-cbd44ab0a135:192.168.157.194:45294] returns group-5EEB630CC6FD:java.util.concurrent.CompletableFuture@66515a15[Not completed]
2019-10-04 06:28:37,767 [grpc-default-executor-8] INFO  impl.RaftServerProxy (RaftServerProxy.java:addNew(89)) - 930eceb1-b99d-4538-8394-cbd44ab0a135: addNew group-5EEB630CC6FD:[ea4e6954-e23c-4093-8d43-714e37052889:192.168.157.194:34397, f459b77a-2a9c-4d3c-90e7-b4141adc7662:192.168.157.194:46110, 930eceb1-b99d-4538-8394-cbd44ab0a135:192.168.157.194:45294] returns group-5EEB630CC6FD:java.util.concurrent.CompletableFuture@514efb9f[Not completed]
2019-10-04 06:28:37,770 [grpc-default-executor-8] INFO  impl.RaftServerProxy (RaftServerProxy.java:addNew(89)) - ea4e6954-e23c-4093-8d43-714e37052889: addNew group-5EEB630CC6FD:[ea4e6954-e23c-4093-8d43-714e37052889:192.168.157.194:34397, f459b77a-2a9c-4d3c-90e7-b4141adc7662:192.168.157.194:46110, 930eceb1-b99d-4538-8394-cbd44ab0a135:192.168.157.194:45294] returns group-5EEB630CC6FD:java.util.concurrent.CompletableFuture@78a9d655[Not completed]
2019-10-04 06:28:37,771 [pool-403-thread-1] INFO  impl.RaftServerImpl (RaftServerImpl.java:<init>(95)) - f459b77a-2a9c-4d3c-90e7-b4141adc7662: new RaftServerImpl for group-5EEB630CC6FD:[ea4e6954-e23c-4093-8d43-714e37052889:192.168.157.194:34397, f459b77a-2a9c-4d3c-90e7-b4141adc7662:192.168.157.194:46110, 930eceb1-b99d-4538-8394-cbd44ab0a135:192.168.157.194:45294] with ContainerStateMachine:uninitialized
2019-10-04 06:28:37,771 [pool-403-thread-1] INFO  server.RaftServerConfigKeys (ConfUtils.java:logGet(43)) - raft.server.rpc.timeout.min = 5s (custom)
2019-10-04 06:28:37,771 [IPC Server handler 5 on 42581] INFO  net.NetworkTopology (NetworkTopologyImpl.java:add(111)) - Added a new node: /default-rack/83f17af9-2e73-476c-8525-0e9bad91b23a
2019-10-04 06:28:37,771 [pool-403-thread-1] INFO  server.RaftServerConfigKeys (ConfUtils.java:logGet(43)) - raft.server.rpc.timeout.max = 5200ms (custom)
2019-10-04 06:28:37,771 [pool-383-thread-1] INFO  impl.RaftServerImpl (RaftServerImpl.java:<init>(95)) - 930eceb1-b99d-4538-8394-cbd44ab0a135: new RaftServerImpl for group-5EEB630CC6FD:[ea4e6954-e23c-4093-8d43-714e37052889:192.168.157.194:34397, f459b77a-2a9c-4d3c-90e7-b4141adc7662:192.168.157.194:46110, 930eceb1-b99d-4538-8394-cbd44ab0a135:192.168.157.194:45294] with ContainerStateMachine:uninitialized
2019-10-04 06:28:37,771 [IPC Server handler 5 on 42581] INFO  node.SCMNodeManager (SCMNodeManager.java:register(266)) - Registered Data node : 83f17af9-2e73-476c-8525-0e9bad91b23a{ip: 192.168.157.194, host: pr-hdds-2244-dsjsm-2702112654, networkLocation: /default-rack, certSerialId: null}
2019-10-04 06:28:37,772 [pool-383-thread-1] INFO  server.RaftServerConfigKeys (ConfUtils.java:logGet(43)) - raft.server.rpc.timeout.min = 5s (custom)
2019-10-04 06:28:37,772 [pool-403-thread-1] INFO  server.RaftServerConfigKeys (ConfUtils.java:logGet(43)) - raft.server.rpcslowness.timeout = 120s (custom)
2019-10-04 06:28:37,772 [pool-383-thread-1] INFO  server.RaftServerConfigKeys (ConfUtils.java:logGet(43)) - raft.server.rpc.timeout.max = 5200ms (custom)
2019-10-04 06:28:37,772 [pool-403-thread-1] INFO  server.RaftServerConfigKeys (ConfUtils.java:logGet(43)) - raft.server.sleep.deviation.threshold = 300 (default)
2019-10-04 06:28:37,772 [pool-393-thread-1] INFO  impl.RaftServerImpl (RaftServerImpl.java:<init>(95)) - ea4e6954-e23c-4093-8d43-714e37052889: new RaftServerImpl for group-5EEB630CC6FD:[ea4e6954-e23c-4093-8d43-714e37052889:192.168.157.194:34397, f459b77a-2a9c-4d3c-90e7-b4141adc7662:192.168.157.194:46110, 930eceb1-b99d-4538-8394-cbd44ab0a135:192.168.157.194:45294] with ContainerStateMachine:uninitialized
2019-10-04 06:28:37,772 [pool-383-thread-1] INFO  server.RaftServerConfigKeys (ConfUtils.java:logGet(43)) - raft.server.rpcslowness.timeout = 120s (custom)
2019-10-04 06:28:37,773 [pool-393-thread-1] INFO  server.RaftServerConfigKeys (ConfUtils.java:logGet(43)) - raft.server.rpc.timeout.min = 5s (custom)
2019-10-04 06:28:37,773 [pool-403-thread-1] INFO  server.RaftServerConfigKeys (ConfUtils.java:logGet(43)) - raft.server.log.appender.install.snapshot.enabled = false (custom)
2019-10-04 06:28:37,773 [pool-393-thread-1] INFO  server.RaftServerConfigKeys (ConfUtils.java:logGet(43)) - raft.server.rpc.timeout.max = 5200ms (custom)
2019-10-04 06:28:37,773 [pool-383-thread-1] INFO  server.RaftServerConfigKeys (ConfUtils.java:logGet(43)) - raft.server.sleep.deviation.threshold = 300 (default)
2019-10-04 06:28:37,773 [pool-393-thread-1] INFO  server.RaftServerConfigKeys (ConfUtils.java:logGet(43)) - raft.server.rpcslowness.timeout = 120s (custom)
2019-10-04 06:28:37,774 [pool-393-thread-1] INFO  server.RaftServerConfigKeys (ConfUtils.java:logGet(43)) - raft.server.sleep.deviation.threshold = 300 (default)
2019-10-04 06:28:37,773 [pool-403-thread-1] INFO  impl.RaftServerImpl (ServerState.java:<init>(103)) - f459b77a-2a9c-4d3c-90e7-b4141adc7662@group-5EEB630CC6FD: ConfigurationManager, init=-1: [ea4e6954-e23c-4093-8d43-714e37052889:192.168.157.194:34397, f459b77a-2a9c-4d3c-90e7-b4141adc7662:192.168.157.194:46110, 930eceb1-b99d-4538-8394-cbd44ab0a135:192.168.157.194:45294], old=null, confs=<EMPTY_MAP>
2019-10-04 06:28:37,774 [pool-393-thread-1] INFO  server.RaftServerConfigKeys (ConfUtils.java:logGet(43)) - raft.server.log.appender.install.snapshot.enabled = false (custom)
2019-10-04 06:28:37,773 [pool-383-thread-1] INFO  server.RaftServerConfigKeys (ConfUtils.java:logGet(43)) - raft.server.log.appender.install.snapshot.enabled = false (custom)
2019-10-04 06:28:37,774 [pool-393-thread-1] INFO  impl.RaftServerImpl (ServerState.java:<init>(103)) - ea4e6954-e23c-4093-8d43-714e37052889@group-5EEB630CC6FD: ConfigurationManager, init=-1: [ea4e6954-e23c-4093-8d43-714e37052889:192.168.157.194:34397, f459b77a-2a9c-4d3c-90e7-b4141adc7662:192.168.157.194:46110, 930eceb1-b99d-4538-8394-cbd44ab0a135:192.168.157.194:45294], old=null, confs=<EMPTY_MAP>
2019-10-04 06:28:37,774 [pool-403-thread-1] INFO  server.RaftServerConfigKeys (ConfUtils.java:logGet(43)) - raft.server.storage.dir = [/workdir/hadoop-ozone/integration-test/target/test-dir/MiniOzoneClusterImpl-bb82a069-c5f8-4867-8b76-edf785cfeeaa/datanode-2/data/ratis] (custom)
2019-10-04 06:28:37,774 [pool-393-thread-1] INFO  server.RaftServerConfigKeys (ConfUtils.java:logGet(43)) - raft.server.storage.dir = [/workdir/hadoop-ozone/integration-test/target/test-dir/MiniOzoneClusterImpl-bb82a069-c5f8-4867-8b76-edf785cfeeaa/datanode-1/data/ratis] (custom)
2019-10-04 06:28:37,774 [pool-383-thread-1] INFO  impl.RaftServerImpl (ServerState.java:<init>(103)) - 930eceb1-b99d-4538-8394-cbd44ab0a135@group-5EEB630CC6FD: ConfigurationManager, init=-1: [ea4e6954-e23c-4093-8d43-714e37052889:192.168.157.194:34397, f459b77a-2a9c-4d3c-90e7-b4141adc7662:192.168.157.194:46110, 930eceb1-b99d-4538-8394-cbd44ab0a135:192.168.157.194:45294], old=null, confs=<EMPTY_MAP>
2019-10-04 06:28:37,774 [pool-403-thread-1] INFO  server.RaftServerConfigKeys (ConfUtils.java:logGet(43)) - raft.server.log.corruption.policy = EXCEPTION (default)
2019-10-04 06:28:37,775 [pool-383-thread-1] INFO  server.RaftServerConfigKeys (ConfUtils.java:logGet(43)) - raft.server.storage.dir = [/workdir/hadoop-ozone/integration-test/target/test-dir/MiniOzoneClusterImpl-bb82a069-c5f8-4867-8b76-edf785cfeeaa/datanode-0/data/ratis] (custom)
2019-10-04 06:28:37,775 [pool-393-thread-1] INFO  server.RaftServerConfigKeys (ConfUtils.java:logGet(43)) - raft.server.log.corruption.policy = EXCEPTION (default)
2019-10-04 06:28:37,775 [pool-383-thread-1] INFO  server.RaftServerConfigKeys (ConfUtils.java:logGet(43)) - raft.server.log.corruption.policy = EXCEPTION (default)
2019-10-04 06:28:37,775 [pool-403-thread-1] INFO  storage.RaftStorageDirectory (RaftStorageDirectory.java:analyzeStorage(246)) - The storage directory /workdir/hadoop-ozone/integration-test/target/test-dir/MiniOzoneClusterImpl-bb82a069-c5f8-4867-8b76-edf785cfeeaa/datanode-2/data/ratis/f9c0333e-7d4b-491a-ad0f-5eeb630cc6fd does not exist. Creating ...
2019-10-04 06:28:37,775 [pool-383-thread-1] INFO  storage.RaftStorageDirectory (RaftStorageDirectory.java:analyzeStorage(246)) - The storage directory /workdir/hadoop-ozone/integration-test/target/test-dir/MiniOzoneClusterImpl-bb82a069-c5f8-4867-8b76-edf785cfeeaa/datanode-0/data/ratis/f9c0333e-7d4b-491a-ad0f-5eeb630cc6fd does not exist. Creating ...
2019-10-04 06:28:37,775 [pool-393-thread-1] INFO  storage.RaftStorageDirectory (RaftStorageDirectory.java:analyzeStorage(246)) - The storage directory /workdir/hadoop-ozone/integration-test/target/test-dir/MiniOzoneClusterImpl-bb82a069-c5f8-4867-8b76-edf785cfeeaa/datanode-1/data/ratis/f9c0333e-7d4b-491a-ad0f-5eeb630cc6fd does not exist. Creating ...
2019-10-04 06:28:37,789 [pool-393-thread-1] INFO  storage.RaftStorageDirectory (RaftStorageDirectory.java:tryLock(328)) - Lock on /workdir/hadoop-ozone/integration-test/target/test-dir/MiniOzoneClusterImpl-bb82a069-c5f8-4867-8b76-edf785cfeeaa/datanode-1/data/ratis/f9c0333e-7d4b-491a-ad0f-5eeb630cc6fd/in_use.lock acquired by nodename 4487@pr-hdds-2244-dsjsm-2702112654
2019-10-04 06:28:37,789 [pool-383-thread-1] INFO  storage.RaftStorageDirectory (RaftStorageDirectory.java:tryLock(328)) - Lock on /workdir/hadoop-ozone/integration-test/target/test-dir/MiniOzoneClusterImpl-bb82a069-c5f8-4867-8b76-edf785cfeeaa/datanode-0/data/ratis/f9c0333e-7d4b-491a-ad0f-5eeb630cc6fd/in_use.lock acquired by nodename 4487@pr-hdds-2244-dsjsm-2702112654
2019-10-04 06:28:37,789 [pool-403-thread-1] INFO  storage.RaftStorageDirectory (RaftStorageDirectory.java:tryLock(328)) - Lock on /workdir/hadoop-ozone/integration-test/target/test-dir/MiniOzoneClusterImpl-bb82a069-c5f8-4867-8b76-edf785cfeeaa/datanode-2/data/ratis/f9c0333e-7d4b-491a-ad0f-5eeb630cc6fd/in_use.lock acquired by nodename 4487@pr-hdds-2244-dsjsm-2702112654
2019-10-04 06:28:37,802 [pool-383-thread-1] INFO  storage.RaftStorage (RaftStorage.java:format(84)) - Storage directory /workdir/hadoop-ozone/integration-test/target/test-dir/MiniOzoneClusterImpl-bb82a069-c5f8-4867-8b76-edf785cfeeaa/datanode-0/data/ratis/f9c0333e-7d4b-491a-ad0f-5eeb630cc6fd has been successfully formatted.
2019-10-04 06:28:37,802 [pool-393-thread-1] INFO  storage.RaftStorage (RaftStorage.java:format(84)) - Storage directory /workdir/hadoop-ozone/integration-test/target/test-dir/MiniOzoneClusterImpl-bb82a069-c5f8-4867-8b76-edf785cfeeaa/datanode-1/data/ratis/f9c0333e-7d4b-491a-ad0f-5eeb630cc6fd has been successfully formatted.
2019-10-04 06:28:37,802 [pool-403-thread-1] INFO  storage.RaftStorage (RaftStorage.java:format(84)) - Storage directory /workdir/hadoop-ozone/integration-test/target/test-dir/MiniOzoneClusterImpl-bb82a069-c5f8-4867-8b76-edf785cfeeaa/datanode-2/data/ratis/f9c0333e-7d4b-491a-ad0f-5eeb630cc6fd has been successfully formatted.
2019-10-04 06:28:37,802 [pool-383-thread-1] INFO  ratis.ContainerStateMachine (ContainerStateMachine.java:loadSnapshot(230)) - group-5EEB630CC6FD: The snapshot info is null. Setting the last applied indexto:(t:0, i:~)
2019-10-04 06:28:37,802 [pool-403-thread-1] INFO  ratis.ContainerStateMachine (ContainerStateMachine.java:loadSnapshot(230)) - group-5EEB630CC6FD: The snapshot info is null. Setting the last applied indexto:(t:0, i:~)
2019-10-04 06:28:37,802 [pool-393-thread-1] INFO  ratis.ContainerStateMachine (ContainerStateMachine.java:loadSnapshot(230)) - group-5EEB630CC6FD: The snapshot info is null. Setting the last applied indexto:(t:0, i:~)
2019-10-04 06:28:37,803 [pool-403-thread-1] INFO  server.RaftServerConfigKeys (ConfUtils.java:logGet(43)) - raft.server.notification.no-leader.timeout = 120s (custom)
2019-10-04 06:28:37,802 [pool-383-thread-1] INFO  server.RaftServerConfigKeys (ConfUtils.java:logGet(43)) - raft.server.notification.no-leader.timeout = 120s (custom)
2019-10-04 06:28:37,803 [pool-403-thread-1] INFO  server.RaftServerConfigKeys (ConfUtils.java:logGet(43)) - raft.server.log.use.memory = false (default)
2019-10-04 06:28:37,803 [pool-393-thread-1] INFO  server.RaftServerConfigKeys (ConfUtils.java:logGet(43)) - raft.server.notification.no-leader.timeout = 120s (custom)
2019-10-04 06:28:37,803 [pool-403-thread-1] INFO  server.RaftServerConfigKeys (ConfUtils.java:logGet(43)) - raft.server.log.purge.gap = 1000000 (custom)
2019-10-04 06:28:37,803 [pool-383-thread-1] INFO  server.RaftServerConfigKeys (ConfUtils.java:logGet(43)) - raft.server.log.use.memory = false (default)
2019-10-04 06:28:37,803 [pool-403-thread-1] INFO  server.RaftServerConfigKeys (ConfUtils.java:logGet(43)) - raft.server.log.appender.buffer.byte-limit = 33554432 (custom)
2019-10-04 06:28:37,803 [pool-393-thread-1] INFO  server.RaftServerConfigKeys (ConfUtils.java:logGet(43)) - raft.server.log.use.memory = false (default)
2019-10-04 06:28:37,804 [pool-403-thread-1] INFO  server.RaftServerConfigKeys (ConfUtils.java:logGet(43)) - raft.server.log.segment.size.max = 1048576 (custom)
2019-10-04 06:28:37,803 [pool-383-thread-1] INFO  server.RaftServerConfigKeys (ConfUtils.java:logGet(43)) - raft.server.log.purge.gap = 1000000 (custom)
2019-10-04 06:28:37,804 [pool-403-thread-1] INFO  server.RaftServerConfigKeys (ConfUtils.java:logGet(43)) - raft.server.log.segment.cache.num.max = 2 (custom)
2019-10-04 06:28:37,804 [pool-393-thread-1] INFO  server.RaftServerConfigKeys (ConfUtils.java:logGet(43)) - raft.server.log.purge.gap = 1000000 (custom)
2019-10-04 06:28:37,804 [pool-403-thread-1] INFO  segmented.SegmentedRaftLogWorker (SegmentedRaftLogWorker.java:<init>(173)) - new f459b77a-2a9c-4d3c-90e7-b4141adc7662@group-5EEB630CC6FD-SegmentedRaftLogWorker for RaftStorage:Storage Directory /workdir/hadoop-ozone/integration-test/target/test-dir/MiniOzoneClusterImpl-bb82a069-c5f8-4867-8b76-edf785cfeeaa/datanode-2/data/ratis/f9c0333e-7d4b-491a-ad0f-5eeb630cc6fd
2019-10-04 06:28:37,804 [pool-383-thread-1] INFO  server.RaftServerConfigKeys (ConfUtils.java:logGet(43)) - raft.server.log.appender.buffer.byte-limit = 33554432 (custom)
2019-10-04 06:28:37,804 [pool-403-thread-1] INFO  server.RaftServerConfigKeys (ConfUtils.java:logGet(43)) - raft.server.log.queue.byte-limit = 2147483647 (custom)
2019-10-04 06:28:37,804 [pool-393-thread-1] INFO  server.RaftServerConfigKeys (ConfUtils.java:logGet(43)) - raft.server.log.appender.buffer.byte-limit = 33554432 (custom)
2019-10-04 06:28:37,804 [pool-403-thread-1] INFO  server.RaftServerConfigKeys (ConfUtils.java:logGet(43)) - raft.server.log.queue.element-limit = 1024 (custom)
2019-10-04 06:28:37,804 [pool-383-thread-1] INFO  server.RaftServerConfigKeys (ConfUtils.java:logGet(43)) - raft.server.log.segment.size.max = 1048576 (custom)
2019-10-04 06:28:37,805 [pool-403-thread-1] INFO  server.RaftServerConfigKeys (ConfUtils.java:logGet(43)) - raft.server.log.segment.size.max = 1048576 (custom)
2019-10-04 06:28:37,805 [pool-393-thread-1] INFO  server.RaftServerConfigKeys (ConfUtils.java:logGet(43)) - raft.server.log.segment.size.max = 1048576 (custom)
2019-10-04 06:28:37,805 [pool-403-thread-1] INFO  server.RaftServerConfigKeys (ConfUtils.java:logGet(43)) - raft.server.log.preallocated.size = 16384 (custom)
2019-10-04 06:28:37,805 [pool-383-thread-1] INFO  server.RaftServerConfigKeys (ConfUtils.java:logGet(43)) - raft.server.log.segment.cache.num.max = 2 (custom)
2019-10-04 06:28:37,805 [pool-403-thread-1] INFO  server.RaftServerConfigKeys (ConfUtils.java:logGet(43)) - raft.server.log.write.buffer.size = 33554432 (custom)
2019-10-04 06:28:37,805 [pool-393-thread-1] INFO  server.RaftServerConfigKeys (ConfUtils.java:logGet(43)) - raft.server.log.segment.cache.num.max = 2 (custom)
2019-10-04 06:28:37,805 [pool-403-thread-1] INFO  server.RaftServerConfigKeys (ConfUtils.java:logGet(43)) - raft.server.log.force.sync.num = 128 (default)
2019-10-04 06:28:37,805 [pool-383-thread-1] INFO  segmented.SegmentedRaftLogWorker (SegmentedRaftLogWorker.java:<init>(173)) - new 930eceb1-b99d-4538-8394-cbd44ab0a135@group-5EEB630CC6FD-SegmentedRaftLogWorker for RaftStorage:Storage Directory /workdir/hadoop-ozone/integration-test/target/test-dir/MiniOzoneClusterImpl-bb82a069-c5f8-4867-8b76-edf785cfeeaa/datanode-0/data/ratis/f9c0333e-7d4b-491a-ad0f-5eeb630cc6fd
2019-10-04 06:28:37,806 [pool-403-thread-1] INFO  server.RaftServerConfigKeys (ConfUtils.java:logGet(43)) - raft.server.log.statemachine.data.sync = true (default)
2019-10-04 06:28:37,806 [pool-393-thread-1] INFO  segmented.SegmentedRaftLogWorker (SegmentedRaftLogWorker.java:<init>(173)) - new ea4e6954-e23c-4093-8d43-714e37052889@group-5EEB630CC6FD-SegmentedRaftLogWorker for RaftStorage:Storage Directory /workdir/hadoop-ozone/integration-test/target/test-dir/MiniOzoneClusterImpl-bb82a069-c5f8-4867-8b76-edf785cfeeaa/datanode-1/data/ratis/f9c0333e-7d4b-491a-ad0f-5eeb630cc6fd
2019-10-04 06:28:37,806 [pool-403-thread-1] INFO  server.RaftServerConfigKeys (ConfUtils.java:logGet(43)) - raft.server.log.statemachine.data.sync.timeout = 10s (default)
2019-10-04 06:28:37,806 [pool-383-thread-1] INFO  server.RaftServerConfigKeys (ConfUtils.java:logGet(43)) - raft.server.log.queue.byte-limit = 2147483647 (custom)
2019-10-04 06:28:37,806 [pool-403-thread-1] INFO  server.RaftServerConfigKeys (ConfUtils.java:logGet(43)) - raft.server.log.statemachine.data.sync.timeout.retry = -1 (default)
2019-10-04 06:28:37,806 [pool-393-thread-1] INFO  server.RaftServerConfigKeys (ConfUtils.java:logGet(43)) - raft.server.log.queue.byte-limit = 2147483647 (custom)
2019-10-04 06:28:37,807 [pool-403-thread-1] INFO  server.RaftServerConfigKeys (ConfUtils.java:logGet(43)) - raft.server.log.statemachine.data.caching.enabled = true (custom)
2019-10-04 06:28:37,806 [pool-383-thread-1] INFO  server.RaftServerConfigKeys (ConfUtils.java:logGet(43)) - raft.server.log.queue.element-limit = 1024 (custom)
2019-10-04 06:28:37,807 [pool-403-thread-1] INFO  segmented.SegmentedRaftLogWorker (SegmentedRaftLogWorker.java:lambda$new$0(128)) - f459b77a-2a9c-4d3c-90e7-b4141adc7662@group-5EEB630CC6FD-SegmentedRaftLogWorker: flushIndex: setUnconditionally 0 -> -1
2019-10-04 06:28:37,807 [pool-393-thread-1] INFO  server.RaftServerConfigKeys (ConfUtils.java:logGet(43)) - raft.server.log.queue.element-limit = 1024 (custom)
2019-10-04 06:28:37,807 [pool-393-thread-1] INFO  server.RaftServerConfigKeys (ConfUtils.java:logGet(43)) - raft.server.log.segment.size.max = 1048576 (custom)
2019-10-04 06:28:37,807 [pool-403-thread-1] INFO  server.RaftServerConfigKeys (ConfUtils.java:logGet(43)) - raft.server.snapshot.auto.trigger.enabled = true (custom)
2019-10-04 06:28:37,807 [pool-383-thread-1] INFO  server.RaftServerConfigKeys (ConfUtils.java:logGet(43)) - raft.server.log.segment.size.max = 1048576 (custom)
2019-10-04 06:28:37,808 [pool-403-thread-1] INFO  server.RaftServerConfigKeys (ConfUtils.java:logGet(43)) - raft.server.snapshot.auto.trigger.threshold = 10000 (custom)
2019-10-04 06:28:37,807 [pool-393-thread-1] INFO  server.RaftServerConfigKeys (ConfUtils.java:logGet(43)) - raft.server.log.preallocated.size = 16384 (custom)
2019-10-04 06:28:37,808 [pool-403-thread-1] INFO  server.RaftServerConfigKeys (ConfUtils.java:logGet(43)) - raft.server.snapshot.retention.file.num = 5 (custom)
2019-10-04 06:28:37,808 [pool-383-thread-1] INFO  server.RaftServerConfigKeys (ConfUtils.java:logGet(43)) - raft.server.log.preallocated.size = 16384 (custom)
2019-10-04 06:28:37,808 [pool-403-thread-1] INFO  server.RaftServerConfigKeys (ConfUtils.java:logGet(43)) - raft.server.retrycache.expirytime = 600000ms (custom)
2019-10-04 06:28:37,808 [pool-393-thread-1] INFO  server.RaftServerConfigKeys (ConfUtils.java:logGet(43)) - raft.server.log.write.buffer.size = 33554432 (custom)
2019-10-04 06:28:37,808 [pool-383-thread-1] INFO  server.RaftServerConfigKeys (ConfUtils.java:logGet(43)) - raft.server.log.write.buffer.size = 33554432 (custom)
2019-10-04 06:28:37,809 [pool-393-thread-1] INFO  server.RaftServerConfigKeys (ConfUtils.java:logGet(43)) - raft.server.log.force.sync.num = 128 (default)
2019-10-04 06:28:37,809 [pool-383-thread-1] INFO  server.RaftServerConfigKeys (ConfUtils.java:logGet(43)) - raft.server.log.force.sync.num = 128 (default)
2019-10-04 06:28:37,809 [pool-393-thread-1] INFO  server.RaftServerConfigKeys (ConfUtils.java:logGet(43)) - raft.server.log.statemachine.data.sync = true (default)
2019-10-04 06:28:37,809 [pool-383-thread-1] INFO  server.RaftServerConfigKeys (ConfUtils.java:logGet(43)) - raft.server.log.statemachine.data.sync = true (default)
2019-10-04 06:28:37,810 [pool-393-thread-1] INFO  server.RaftServerConfigKeys (ConfUtils.java:logGet(43)) - raft.server.log.statemachine.data.sync.timeout = 10s (default)
2019-10-04 06:28:37,810 [pool-383-thread-1] INFO  server.RaftServerConfigKeys (ConfUtils.java:logGet(43)) - raft.server.log.statemachine.data.sync.timeout = 10s (default)
2019-10-04 06:28:37,810 [pool-393-thread-1] INFO  server.RaftServerConfigKeys (ConfUtils.java:logGet(43)) - raft.server.log.statemachine.data.sync.timeout.retry = -1 (default)
2019-10-04 06:28:37,810 [pool-383-thread-1] INFO  server.RaftServerConfigKeys (ConfUtils.java:logGet(43)) - raft.server.log.statemachine.data.sync.timeout.retry = -1 (default)
2019-10-04 06:28:37,810 [pool-393-thread-1] INFO  server.RaftServerConfigKeys (ConfUtils.java:logGet(43)) - raft.server.log.statemachine.data.caching.enabled = true (custom)
2019-10-04 06:28:37,810 [pool-383-thread-1] INFO  server.RaftServerConfigKeys (ConfUtils.java:logGet(43)) - raft.server.log.statemachine.data.caching.enabled = true (custom)
2019-10-04 06:28:37,810 [pool-403-thread-1] INFO  impl.RaftServerImpl (RaftServerImpl.java:start(181)) - f459b77a-2a9c-4d3c-90e7-b4141adc7662@group-5EEB630CC6FD: start as a follower, conf=-1: [ea4e6954-e23c-4093-8d43-714e37052889:192.168.157.194:34397, f459b77a-2a9c-4d3c-90e7-b4141adc7662:192.168.157.194:46110, 930eceb1-b99d-4538-8394-cbd44ab0a135:192.168.157.194:45294], old=null
2019-10-04 06:28:37,811 [pool-393-thread-1] INFO  segmented.SegmentedRaftLogWorker (SegmentedRaftLogWorker.java:lambda$new$0(128)) - ea4e6954-e23c-4093-8d43-714e37052889@group-5EEB630CC6FD-SegmentedRaftLogWorker: flushIndex: setUnconditionally 0 -> -1
2019-10-04 06:28:37,811 [pool-403-thread-1] INFO  impl.RaftServerImpl (RaftServerImpl.java:setRole(170)) - f459b77a-2a9c-4d3c-90e7-b4141adc7662@group-5EEB630CC6FD: changes role from      null to FOLLOWER at term 0 for startAsFollower
2019-10-04 06:28:37,811 [pool-383-thread-1] INFO  segmented.SegmentedRaftLogWorker (SegmentedRaftLogWorker.java:lambda$new$0(128)) - 930eceb1-b99d-4538-8394-cbd44ab0a135@group-5EEB630CC6FD-SegmentedRaftLogWorker: flushIndex: setUnconditionally 0 -> -1
2019-10-04 06:28:37,811 [pool-403-thread-1] INFO  impl.RoleInfo (RoleInfo.java:updateAndGet(143)) - f459b77a-2a9c-4d3c-90e7-b4141adc7662: start FollowerState
2019-10-04 06:28:37,811 [pool-393-thread-1] INFO  server.RaftServerConfigKeys (ConfUtils.java:logGet(43)) - raft.server.snapshot.auto.trigger.enabled = true (custom)
2019-10-04 06:28:37,812 [pool-383-thread-1] INFO  server.RaftServerConfigKeys (ConfUtils.java:logGet(43)) - raft.server.snapshot.auto.trigger.enabled = true (custom)
2019-10-04 06:28:37,812 [pool-393-thread-1] INFO  server.RaftServerConfigKeys (ConfUtils.java:logGet(43)) - raft.server.snapshot.auto.trigger.threshold = 10000 (custom)
2019-10-04 06:28:37,812 [pool-403-thread-1] INFO  util.JmxRegister (JmxRegister.java:tryRegister(44)) - Successfully registered JMX Bean with object name Ratis:service=RaftServer,group=group-5EEB630CC6FD,id=f459b77a-2a9c-4d3c-90e7-b4141adc7662
2019-10-04 06:28:37,812 [pool-393-thread-1] INFO  server.RaftServerConfigKeys (ConfUtils.java:logGet(43)) - raft.server.snapshot.retention.file.num = 5 (custom)
2019-10-04 06:28:37,812 [pool-383-thread-1] INFO  server.RaftServerConfigKeys (ConfUtils.java:logGet(43)) - raft.server.snapshot.auto.trigger.threshold = 10000 (custom)
2019-10-04 06:28:37,812 [pool-393-thread-1] INFO  server.RaftServerConfigKeys (ConfUtils.java:logGet(43)) - raft.server.retrycache.expirytime = 600000ms (custom)
2019-10-04 06:28:37,813 [pool-383-thread-1] INFO  server.RaftServerConfigKeys (ConfUtils.java:logGet(43)) - raft.server.snapshot.retention.file.num = 5 (custom)
2019-10-04 06:28:37,813 [pool-383-thread-1] INFO  server.RaftServerConfigKeys (ConfUtils.java:logGet(43)) - raft.server.retrycache.expirytime = 600000ms (custom)
2019-10-04 06:28:37,817 [pool-393-thread-1] INFO  impl.RaftServerImpl (RaftServerImpl.java:start(181)) - ea4e6954-e23c-4093-8d43-714e37052889@group-5EEB630CC6FD: start as a follower, conf=-1: [ea4e6954-e23c-4093-8d43-714e37052889:192.168.157.194:34397, f459b77a-2a9c-4d3c-90e7-b4141adc7662:192.168.157.194:46110, 930eceb1-b99d-4538-8394-cbd44ab0a135:192.168.157.194:45294], old=null
2019-10-04 06:28:37,817 [pool-383-thread-1] INFO  impl.RaftServerImpl (RaftServerImpl.java:start(181)) - 930eceb1-b99d-4538-8394-cbd44ab0a135@group-5EEB630CC6FD: start as a follower, conf=-1: [ea4e6954-e23c-4093-8d43-714e37052889:192.168.157.194:34397, f459b77a-2a9c-4d3c-90e7-b4141adc7662:192.168.157.194:46110, 930eceb1-b99d-4538-8394-cbd44ab0a135:192.168.157.194:45294], old=null
2019-10-04 06:28:37,817 [pool-393-thread-1] INFO  impl.RaftServerImpl (RaftServerImpl.java:setRole(170)) - ea4e6954-e23c-4093-8d43-714e37052889@group-5EEB630CC6FD: changes role from      null to FOLLOWER at term 0 for startAsFollower
2019-10-04 06:28:37,817 [pool-383-thread-1] INFO  impl.RaftServerImpl (RaftServerImpl.java:setRole(170)) - 930eceb1-b99d-4538-8394-cbd44ab0a135@group-5EEB630CC6FD: changes role from      null to FOLLOWER at term 0 for startAsFollower
2019-10-04 06:28:37,817 [pool-393-thread-1] INFO  impl.RoleInfo (RoleInfo.java:updateAndGet(143)) - ea4e6954-e23c-4093-8d43-714e37052889: start FollowerState
2019-10-04 06:28:37,817 [pool-383-thread-1] INFO  impl.RoleInfo (RoleInfo.java:updateAndGet(143)) - 930eceb1-b99d-4538-8394-cbd44ab0a135: start FollowerState
2019-10-04 06:28:37,817 [pool-393-thread-1] INFO  util.JmxRegister (JmxRegister.java:tryRegister(44)) - Successfully registered JMX Bean with object name Ratis:service=RaftServer,group=group-5EEB630CC6FD,id=ea4e6954-e23c-4093-8d43-714e37052889
2019-10-04 06:28:37,818 [pool-383-thread-1] INFO  util.JmxRegister (JmxRegister.java:tryRegister(44)) - Successfully registered JMX Bean with object name Ratis:service=RaftServer,group=group-5EEB630CC6FD,id=930eceb1-b99d-4538-8394-cbd44ab0a135
2019-10-04 06:28:37,823 [RatisPipelineUtilsThread] INFO  pipeline.PipelineStateManager (PipelineStateManager.java:addPipeline(56)) - Created pipeline Pipeline[ Id: f9c0333e-7d4b-491a-ad0f-5eeb630cc6fd, Nodes: ea4e6954-e23c-4093-8d43-714e37052889{ip: 192.168.157.194, host: pr-hdds-2244-dsjsm-2702112654, networkLocation: /default-rack, certSerialId: null}f459b77a-2a9c-4d3c-90e7-b4141adc7662{ip: 192.168.157.194, host: pr-hdds-2244-dsjsm-2702112654, networkLocation: /default-rack, certSerialId: null}930eceb1-b99d-4538-8394-cbd44ab0a135{ip: 192.168.157.194, host: pr-hdds-2244-dsjsm-2702112654, networkLocation: /default-rack, certSerialId: null}, Type:RATIS, Factor:THREE, State:OPEN]
2019-10-04 06:28:37,831 [IPC Server handler 6 on 42581] INFO  net.NetworkTopology (NetworkTopologyImpl.java:add(111)) - Added a new node: /default-rack/300c89f6-5b02-41a0-9612-02f7e2d89fac
2019-10-04 06:28:37,831 [IPC Server handler 6 on 42581] INFO  node.SCMNodeManager (SCMNodeManager.java:register(266)) - Registered Data node : 300c89f6-5b02-41a0-9612-02f7e2d89fac{ip: 192.168.157.194, host: pr-hdds-2244-dsjsm-2702112654, networkLocation: /default-rack, certSerialId: null}
2019-10-04 06:28:37,837 [grpc-default-executor-8] INFO  impl.RaftServerProxy (RaftServerProxy.java:addNew(89)) - 83f17af9-2e73-476c-8525-0e9bad91b23a: addNew group-408664160166:[83f17af9-2e73-476c-8525-0e9bad91b23a:192.168.157.194:44554] returns group-408664160166:java.util.concurrent.CompletableFuture@4a4a362f[Not completed]
2019-10-04 06:28:37,838 [pool-413-thread-1] INFO  impl.RaftServerImpl (RaftServerImpl.java:<init>(95)) - 83f17af9-2e73-476c-8525-0e9bad91b23a: new RaftServerImpl for group-408664160166:[83f17af9-2e73-476c-8525-0e9bad91b23a:192.168.157.194:44554] with ContainerStateMachine:uninitialized
2019-10-04 06:28:37,838 [pool-413-thread-1] INFO  server.RaftServerConfigKeys (ConfUtils.java:logGet(43)) - raft.server.rpc.timeout.min = 5s (custom)
2019-10-04 06:28:37,838 [pool-413-thread-1] INFO  server.RaftServerConfigKeys (ConfUtils.java:logGet(43)) - raft.server.rpc.timeout.max = 5200ms (custom)
2019-10-04 06:28:37,839 [pool-413-thread-1] INFO  server.RaftServerConfigKeys (ConfUtils.java:logGet(43)) - raft.server.rpcslowness.timeout = 120s (custom)
2019-10-04 06:28:37,839 [pool-413-thread-1] INFO  server.RaftServerConfigKeys (ConfUtils.java:logGet(43)) - raft.server.sleep.deviation.threshold = 300 (default)
2019-10-04 06:28:37,839 [pool-413-thread-1] INFO  server.RaftServerConfigKeys (ConfUtils.java:logGet(43)) - raft.server.log.appender.install.snapshot.enabled = false (custom)
2019-10-04 06:28:37,839 [pool-413-thread-1] INFO  impl.RaftServerImpl (ServerState.java:<init>(103)) - 83f17af9-2e73-476c-8525-0e9bad91b23a@group-408664160166: ConfigurationManager, init=-1: [83f17af9-2e73-476c-8525-0e9bad91b23a:192.168.157.194:44554], old=null, confs=<EMPTY_MAP>
2019-10-04 06:28:37,839 [pool-413-thread-1] INFO  server.RaftServerConfigKeys (ConfUtils.java:logGet(43)) - raft.server.storage.dir = [/workdir/hadoop-ozone/integration-test/target/test-dir/MiniOzoneClusterImpl-bb82a069-c5f8-4867-8b76-edf785cfeeaa/datanode-3/data/ratis] (custom)
2019-10-04 06:28:37,839 [pool-413-thread-1] INFO  server.RaftServerConfigKeys (ConfUtils.java:logGet(43)) - raft.server.log.corruption.policy = EXCEPTION (default)
2019-10-04 06:28:37,840 [pool-413-thread-1] INFO  storage.RaftStorageDirectory (RaftStorageDirectory.java:analyzeStorage(246)) - The storage directory /workdir/hadoop-ozone/integration-test/target/test-dir/MiniOzoneClusterImpl-bb82a069-c5f8-4867-8b76-edf785cfeeaa/datanode-3/data/ratis/8cb72b52-8836-419e-9b1d-408664160166 does not exist. Creating ...
2019-10-04 06:28:37,852 [pool-413-thread-1] INFO  storage.RaftStorageDirectory (RaftStorageDirectory.java:tryLock(328)) - Lock on /workdir/hadoop-ozone/integration-test/target/test-dir/MiniOzoneClusterImpl-bb82a069-c5f8-4867-8b76-edf785cfeeaa/datanode-3/data/ratis/8cb72b52-8836-419e-9b1d-408664160166/in_use.lock acquired by nodename 4487@pr-hdds-2244-dsjsm-2702112654
2019-10-04 06:28:37,855 [pool-413-thread-1] INFO  storage.RaftStorage (RaftStorage.java:format(84)) - Storage directory /workdir/hadoop-ozone/integration-test/target/test-dir/MiniOzoneClusterImpl-bb82a069-c5f8-4867-8b76-edf785cfeeaa/datanode-3/data/ratis/8cb72b52-8836-419e-9b1d-408664160166 has been successfully formatted.
2019-10-04 06:28:37,856 [pool-413-thread-1] INFO  ratis.ContainerStateMachine (ContainerStateMachine.java:loadSnapshot(230)) - group-408664160166: The snapshot info is null. Setting the last applied indexto:(t:0, i:~)
2019-10-04 06:28:37,856 [pool-413-thread-1] INFO  server.RaftServerConfigKeys (ConfUtils.java:logGet(43)) - raft.server.notification.no-leader.timeout = 120s (custom)
2019-10-04 06:28:37,856 [pool-413-thread-1] INFO  server.RaftServerConfigKeys (ConfUtils.java:logGet(43)) - raft.server.log.use.memory = false (default)
2019-10-04 06:28:37,856 [pool-413-thread-1] INFO  server.RaftServerConfigKeys (ConfUtils.java:logGet(43)) - raft.server.log.purge.gap = 1000000 (custom)
2019-10-04 06:28:37,856 [pool-413-thread-1] INFO  server.RaftServerConfigKeys (ConfUtils.java:logGet(43)) - raft.server.log.appender.buffer.byte-limit = 33554432 (custom)
2019-10-04 06:28:37,856 [pool-413-thread-1] INFO  server.RaftServerConfigKeys (ConfUtils.java:logGet(43)) - raft.server.log.segment.size.max = 1048576 (custom)
2019-10-04 06:28:37,858 [pool-413-thread-1] INFO  server.RaftServerConfigKeys (ConfUtils.java:logGet(43)) - raft.server.log.segment.cache.num.max = 2 (custom)
2019-10-04 06:28:37,858 [pool-413-thread-1] INFO  segmented.SegmentedRaftLogWorker (SegmentedRaftLogWorker.java:<init>(173)) - new 83f17af9-2e73-476c-8525-0e9bad91b23a@group-408664160166-SegmentedRaftLogWorker for RaftStorage:Storage Directory /workdir/hadoop-ozone/integration-test/target/test-dir/MiniOzoneClusterImpl-bb82a069-c5f8-4867-8b76-edf785cfeeaa/datanode-3/data/ratis/8cb72b52-8836-419e-9b1d-408664160166
2019-10-04 06:28:37,858 [pool-413-thread-1] INFO  server.RaftServerConfigKeys (ConfUtils.java:logGet(43)) - raft.server.log.queue.byte-limit = 2147483647 (custom)
2019-10-04 06:28:37,858 [pool-413-thread-1] INFO  server.RaftServerConfigKeys (ConfUtils.java:logGet(43)) - raft.server.log.queue.element-limit = 1024 (custom)
2019-10-04 06:28:37,858 [pool-413-thread-1] INFO  server.RaftServerConfigKeys (ConfUtils.java:logGet(43)) - raft.server.log.segment.size.max = 1048576 (custom)
2019-10-04 06:28:37,859 [pool-413-thread-1] INFO  server.RaftServerConfigKeys (ConfUtils.java:logGet(43)) - raft.server.log.preallocated.size = 16384 (custom)
2019-10-04 06:28:37,859 [pool-413-thread-1] INFO  server.RaftServerConfigKeys (ConfUtils.java:logGet(43)) - raft.server.log.write.buffer.size = 33554432 (custom)
2019-10-04 06:28:37,859 [pool-413-thread-1] INFO  server.RaftServerConfigKeys (ConfUtils.java:logGet(43)) - raft.server.log.force.sync.num = 128 (default)
2019-10-04 06:28:37,859 [pool-413-thread-1] INFO  server.RaftServerConfigKeys (ConfUtils.java:logGet(43)) - raft.server.log.statemachine.data.sync = true (default)
2019-10-04 06:28:37,859 [pool-413-thread-1] INFO  server.RaftServerConfigKeys (ConfUtils.java:logGet(43)) - raft.server.log.statemachine.data.sync.timeout = 10s (default)
2019-10-04 06:28:37,859 [pool-413-thread-1] INFO  server.RaftServerConfigKeys (ConfUtils.java:logGet(43)) - raft.server.log.statemachine.data.sync.timeout.retry = -1 (default)
2019-10-04 06:28:37,860 [pool-413-thread-1] INFO  server.RaftServerConfigKeys (ConfUtils.java:logGet(43)) - raft.server.log.statemachine.data.caching.enabled = true (custom)
2019-10-04 06:28:37,860 [pool-413-thread-1] INFO  segmented.SegmentedRaftLogWorker (SegmentedRaftLogWorker.java:lambda$new$0(128)) - 83f17af9-2e73-476c-8525-0e9bad91b23a@group-408664160166-SegmentedRaftLogWorker: flushIndex: setUnconditionally 0 -> -1
2019-10-04 06:28:37,860 [pool-413-thread-1] INFO  server.RaftServerConfigKeys (ConfUtils.java:logGet(43)) - raft.server.snapshot.auto.trigger.enabled = true (custom)
2019-10-04 06:28:37,860 [pool-413-thread-1] INFO  server.RaftServerConfigKeys (ConfUtils.java:logGet(43)) - raft.server.snapshot.auto.trigger.threshold = 10000 (custom)
2019-10-04 06:28:37,860 [pool-413-thread-1] INFO  server.RaftServerConfigKeys (ConfUtils.java:logGet(43)) - raft.server.snapshot.retention.file.num = 5 (custom)
2019-10-04 06:28:37,861 [pool-413-thread-1] INFO  server.RaftServerConfigKeys (ConfUtils.java:logGet(43)) - raft.server.retrycache.expirytime = 600000ms (custom)
2019-10-04 06:28:37,863 [pool-413-thread-1] INFO  impl.RaftServerImpl (RaftServerImpl.java:start(181)) - 83f17af9-2e73-476c-8525-0e9bad91b23a@group-408664160166: start as a follower, conf=-1: [83f17af9-2e73-476c-8525-0e9bad91b23a:192.168.157.194:44554], old=null
2019-10-04 06:28:37,863 [pool-413-thread-1] INFO  impl.RaftServerImpl (RaftServerImpl.java:setRole(170)) - 83f17af9-2e73-476c-8525-0e9bad91b23a@group-408664160166: changes role from      null to FOLLOWER at term 0 for startAsFollower
2019-10-04 06:28:37,863 [pool-413-thread-1] INFO  impl.RoleInfo (RoleInfo.java:updateAndGet(143)) - 83f17af9-2e73-476c-8525-0e9bad91b23a: start FollowerState
2019-10-04 06:28:37,863 [pool-413-thread-1] INFO  util.JmxRegister (JmxRegister.java:tryRegister(44)) - Successfully registered JMX Bean with object name Ratis:service=RaftServer,group=group-408664160166,id=83f17af9-2e73-476c-8525-0e9bad91b23a
2019-10-04 06:28:37,868 [RatisPipelineUtilsThread] INFO  pipeline.PipelineStateManager (PipelineStateManager.java:addPipeline(56)) - Created pipeline Pipeline[ Id: 8cb72b52-8836-419e-9b1d-408664160166, Nodes: 83f17af9-2e73-476c-8525-0e9bad91b23a{ip: 192.168.157.194, host: pr-hdds-2244-dsjsm-2702112654, networkLocation: /default-rack, certSerialId: null}, Type:RATIS, Factor:ONE, State:OPEN]
2019-10-04 06:28:37,881 [grpc-default-executor-8] INFO  impl.RaftServerProxy (RaftServerProxy.java:addNew(89)) - 300c89f6-5b02-41a0-9612-02f7e2d89fac: addNew group-189F0E07968F:[300c89f6-5b02-41a0-9612-02f7e2d89fac:192.168.157.194:34172] returns group-189F0E07968F:java.util.concurrent.CompletableFuture@2ea58ec[Not completed]
2019-10-04 06:28:37,883 [pool-423-thread-1] INFO  impl.RaftServerImpl (RaftServerImpl.java:<init>(95)) - 300c89f6-5b02-41a0-9612-02f7e2d89fac: new RaftServerImpl for group-189F0E07968F:[300c89f6-5b02-41a0-9612-02f7e2d89fac:192.168.157.194:34172] with ContainerStateMachine:uninitialized
2019-10-04 06:28:37,883 [pool-423-thread-1] INFO  server.RaftServerConfigKeys (ConfUtils.java:logGet(43)) - raft.server.rpc.timeout.min = 5s (custom)
2019-10-04 06:28:37,883 [pool-423-thread-1] INFO  server.RaftServerConfigKeys (ConfUtils.java:logGet(43)) - raft.server.rpc.timeout.max = 5200ms (custom)
2019-10-04 06:28:37,883 [pool-423-thread-1] INFO  server.RaftServerConfigKeys (ConfUtils.java:logGet(43)) - raft.server.rpcslowness.timeout = 120s (custom)
2019-10-04 06:28:37,883 [pool-423-thread-1] INFO  server.RaftServerConfigKeys (ConfUtils.java:logGet(43)) - raft.server.sleep.deviation.threshold = 300 (default)
2019-10-04 06:28:37,883 [pool-423-thread-1] INFO  server.RaftServerConfigKeys (ConfUtils.java:logGet(43)) - raft.server.log.appender.install.snapshot.enabled = false (custom)
2019-10-04 06:28:37,884 [pool-423-thread-1] INFO  impl.RaftServerImpl (ServerState.java:<init>(103)) - 300c89f6-5b02-41a0-9612-02f7e2d89fac@group-189F0E07968F: ConfigurationManager, init=-1: [300c89f6-5b02-41a0-9612-02f7e2d89fac:192.168.157.194:34172], old=null, confs=<EMPTY_MAP>
2019-10-04 06:28:37,884 [pool-423-thread-1] INFO  server.RaftServerConfigKeys (ConfUtils.java:logGet(43)) - raft.server.storage.dir = [/workdir/hadoop-ozone/integration-test/target/test-dir/MiniOzoneClusterImpl-bb82a069-c5f8-4867-8b76-edf785cfeeaa/datanode-4/data/ratis] (custom)
2019-10-04 06:28:37,884 [pool-423-thread-1] INFO  server.RaftServerConfigKeys (ConfUtils.java:logGet(43)) - raft.server.log.corruption.policy = EXCEPTION (default)
2019-10-04 06:28:37,884 [pool-423-thread-1] INFO  storage.RaftStorageDirectory (RaftStorageDirectory.java:analyzeStorage(246)) - The storage directory /workdir/hadoop-ozone/integration-test/target/test-dir/MiniOzoneClusterImpl-bb82a069-c5f8-4867-8b76-edf785cfeeaa/datanode-4/data/ratis/94bba092-c711-49c5-bce3-189f0e07968f does not exist. Creating ...
2019-10-04 06:28:37,895 [pool-423-thread-1] INFO  storage.RaftStorageDirectory (RaftStorageDirectory.java:tryLock(328)) - Lock on /workdir/hadoop-ozone/integration-test/target/test-dir/MiniOzoneClusterImpl-bb82a069-c5f8-4867-8b76-edf785cfeeaa/datanode-4/data/ratis/94bba092-c711-49c5-bce3-189f0e07968f/in_use.lock acquired by nodename 4487@pr-hdds-2244-dsjsm-2702112654
2019-10-04 06:28:37,897 [IPC Server handler 7 on 42581] INFO  net.NetworkTopology (NetworkTopologyImpl.java:add(111)) - Added a new node: /default-rack/0ce744ad-f7fb-49c8-bd98-d04f0211340d
2019-10-04 06:28:37,897 [IPC Server handler 7 on 42581] INFO  node.SCMNodeManager (SCMNodeManager.java:register(266)) - Registered Data node : 0ce744ad-f7fb-49c8-bd98-d04f0211340d{ip: 192.168.157.194, host: pr-hdds-2244-dsjsm-2702112654, networkLocation: /default-rack, certSerialId: null}
2019-10-04 06:28:37,920 [pool-423-thread-1] INFO  storage.RaftStorage (RaftStorage.java:format(84)) - Storage directory /workdir/hadoop-ozone/integration-test/target/test-dir/MiniOzoneClusterImpl-bb82a069-c5f8-4867-8b76-edf785cfeeaa/datanode-4/data/ratis/94bba092-c711-49c5-bce3-189f0e07968f has been successfully formatted.
2019-10-04 06:28:37,920 [pool-423-thread-1] INFO  ratis.ContainerStateMachine (ContainerStateMachine.java:loadSnapshot(230)) - group-189F0E07968F: The snapshot info is null. Setting the last applied indexto:(t:0, i:~)
2019-10-04 06:28:37,921 [pool-423-thread-1] INFO  server.RaftServerConfigKeys (ConfUtils.java:logGet(43)) - raft.server.notification.no-leader.timeout = 120s (custom)
2019-10-04 06:28:37,921 [pool-423-thread-1] INFO  server.RaftServerConfigKeys (ConfUtils.java:logGet(43)) - raft.server.log.use.memory = false (default)
2019-10-04 06:28:37,921 [pool-423-thread-1] INFO  server.RaftServerConfigKeys (ConfUtils.java:logGet(43)) - raft.server.log.purge.gap = 1000000 (custom)
2019-10-04 06:28:37,921 [pool-423-thread-1] INFO  server.RaftServerConfigKeys (ConfUtils.java:logGet(43)) - raft.server.log.appender.buffer.byte-limit = 33554432 (custom)
2019-10-04 06:28:37,921 [pool-423-thread-1] INFO  server.RaftServerConfigKeys (ConfUtils.java:logGet(43)) - raft.server.log.segment.size.max = 1048576 (custom)
2019-10-04 06:28:37,922 [pool-423-thread-1] INFO  server.RaftServerConfigKeys (ConfUtils.java:logGet(43)) - raft.server.log.segment.cache.num.max = 2 (custom)
2019-10-04 06:28:37,922 [pool-423-thread-1] INFO  segmented.SegmentedRaftLogWorker (SegmentedRaftLogWorker.java:<init>(173)) - new 300c89f6-5b02-41a0-9612-02f7e2d89fac@group-189F0E07968F-SegmentedRaftLogWorker for RaftStorage:Storage Directory /workdir/hadoop-ozone/integration-test/target/test-dir/MiniOzoneClusterImpl-bb82a069-c5f8-4867-8b76-edf785cfeeaa/datanode-4/data/ratis/94bba092-c711-49c5-bce3-189f0e07968f
2019-10-04 06:28:37,923 [pool-423-thread-1] INFO  server.RaftServerConfigKeys (ConfUtils.java:logGet(43)) - raft.server.log.queue.byte-limit = 2147483647 (custom)
2019-10-04 06:28:37,923 [pool-423-thread-1] INFO  server.RaftServerConfigKeys (ConfUtils.java:logGet(43)) - raft.server.log.queue.element-limit = 1024 (custom)
2019-10-04 06:28:37,923 [pool-423-thread-1] INFO  server.RaftServerConfigKeys (ConfUtils.java:logGet(43)) - raft.server.log.segment.size.max = 1048576 (custom)
2019-10-04 06:28:37,923 [pool-423-thread-1] INFO  server.RaftServerConfigKeys (ConfUtils.java:logGet(43)) - raft.server.log.preallocated.size = 16384 (custom)
2019-10-04 06:28:37,923 [pool-423-thread-1] INFO  server.RaftServerConfigKeys (ConfUtils.java:logGet(43)) - raft.server.log.write.buffer.size = 33554432 (custom)
2019-10-04 06:28:37,923 [pool-423-thread-1] INFO  server.RaftServerConfigKeys (ConfUtils.java:logGet(43)) - raft.server.log.force.sync.num = 128 (default)
2019-10-04 06:28:37,923 [pool-423-thread-1] INFO  server.RaftServerConfigKeys (ConfUtils.java:logGet(43)) - raft.server.log.statemachine.data.sync = true (default)
2019-10-04 06:28:37,923 [pool-423-thread-1] INFO  server.RaftServerConfigKeys (ConfUtils.java:logGet(43)) - raft.server.log.statemachine.data.sync.timeout = 10s (default)
2019-10-04 06:28:37,923 [pool-423-thread-1] INFO  server.RaftServerConfigKeys (ConfUtils.java:logGet(43)) - raft.server.log.statemachine.data.sync.timeout.retry = -1 (default)
2019-10-04 06:28:37,923 [pool-423-thread-1] INFO  server.RaftServerConfigKeys (ConfUtils.java:logGet(43)) - raft.server.log.statemachine.data.caching.enabled = true (custom)
2019-10-04 06:28:37,924 [pool-423-thread-1] INFO  segmented.SegmentedRaftLogWorker (SegmentedRaftLogWorker.java:lambda$new$0(128)) - 300c89f6-5b02-41a0-9612-02f7e2d89fac@group-189F0E07968F-SegmentedRaftLogWorker: flushIndex: setUnconditionally 0 -> -1
2019-10-04 06:28:37,924 [pool-423-thread-1] INFO  server.RaftServerConfigKeys (ConfUtils.java:logGet(43)) - raft.server.snapshot.auto.trigger.enabled = true (custom)
2019-10-04 06:28:37,924 [pool-423-thread-1] INFO  server.RaftServerConfigKeys (ConfUtils.java:logGet(43)) - raft.server.snapshot.auto.trigger.threshold = 10000 (custom)
2019-10-04 06:28:37,924 [pool-423-thread-1] INFO  server.RaftServerConfigKeys (ConfUtils.java:logGet(43)) - raft.server.snapshot.retention.file.num = 5 (custom)
2019-10-04 06:28:37,924 [pool-423-thread-1] INFO  server.RaftServerConfigKeys (ConfUtils.java:logGet(43)) - raft.server.retrycache.expirytime = 600000ms (custom)
2019-10-04 06:28:37,925 [pool-423-thread-1] INFO  impl.RaftServerImpl (RaftServerImpl.java:start(181)) - 300c89f6-5b02-41a0-9612-02f7e2d89fac@group-189F0E07968F: start as a follower, conf=-1: [300c89f6-5b02-41a0-9612-02f7e2d89fac:192.168.157.194:34172], old=null
2019-10-04 06:28:37,925 [pool-423-thread-1] INFO  impl.RaftServerImpl (RaftServerImpl.java:setRole(170)) - 300c89f6-5b02-41a0-9612-02f7e2d89fac@group-189F0E07968F: changes role from      null to FOLLOWER at term 0 for startAsFollower
2019-10-04 06:28:37,926 [pool-423-thread-1] INFO  impl.RoleInfo (RoleInfo.java:updateAndGet(143)) - 300c89f6-5b02-41a0-9612-02f7e2d89fac: start FollowerState
2019-10-04 06:28:37,926 [pool-423-thread-1] INFO  util.JmxRegister (JmxRegister.java:tryRegister(44)) - Successfully registered JMX Bean with object name Ratis:service=RaftServer,group=group-189F0E07968F,id=300c89f6-5b02-41a0-9612-02f7e2d89fac
2019-10-04 06:28:37,930 [RatisPipelineUtilsThread] INFO  pipeline.PipelineStateManager (PipelineStateManager.java:addPipeline(56)) - Created pipeline Pipeline[ Id: 94bba092-c711-49c5-bce3-189f0e07968f, Nodes: 300c89f6-5b02-41a0-9612-02f7e2d89fac{ip: 192.168.157.194, host: pr-hdds-2244-dsjsm-2702112654, networkLocation: /default-rack, certSerialId: null}, Type:RATIS, Factor:ONE, State:OPEN]
2019-10-04 06:28:37,939 [grpc-default-executor-8] INFO  impl.RaftServerProxy (RaftServerProxy.java:addNew(89)) - 0ce744ad-f7fb-49c8-bd98-d04f0211340d: addNew group-64731B4360E8:[0ce744ad-f7fb-49c8-bd98-d04f0211340d:192.168.157.194:40058] returns group-64731B4360E8:java.util.concurrent.CompletableFuture@25287f26[Not completed]
2019-10-04 06:28:37,940 [pool-433-thread-1] INFO  impl.RaftServerImpl (RaftServerImpl.java:<init>(95)) - 0ce744ad-f7fb-49c8-bd98-d04f0211340d: new RaftServerImpl for group-64731B4360E8:[0ce744ad-f7fb-49c8-bd98-d04f0211340d:192.168.157.194:40058] with ContainerStateMachine:uninitialized
2019-10-04 06:28:37,940 [pool-433-thread-1] INFO  server.RaftServerConfigKeys (ConfUtils.java:logGet(43)) - raft.server.rpc.timeout.min = 5s (custom)
2019-10-04 06:28:37,940 [pool-433-thread-1] INFO  server.RaftServerConfigKeys (ConfUtils.java:logGet(43)) - raft.server.rpc.timeout.max = 5200ms (custom)
2019-10-04 06:28:37,940 [pool-433-thread-1] INFO  server.RaftServerConfigKeys (ConfUtils.java:logGet(43)) - raft.server.rpcslowness.timeout = 120s (custom)
2019-10-04 06:28:37,940 [pool-433-thread-1] INFO  server.RaftServerConfigKeys (ConfUtils.java:logGet(43)) - raft.server.sleep.deviation.threshold = 300 (default)
2019-10-04 06:28:37,940 [pool-433-thread-1] INFO  server.RaftServerConfigKeys (ConfUtils.java:logGet(43)) - raft.server.log.appender.install.snapshot.enabled = false (custom)
2019-10-04 06:28:37,940 [pool-433-thread-1] INFO  impl.RaftServerImpl (ServerState.java:<init>(103)) - 0ce744ad-f7fb-49c8-bd98-d04f0211340d@group-64731B4360E8: ConfigurationManager, init=-1: [0ce744ad-f7fb-49c8-bd98-d04f0211340d:192.168.157.194:40058], old=null, confs=<EMPTY_MAP>
2019-10-04 06:28:37,941 [pool-433-thread-1] INFO  server.RaftServerConfigKeys (ConfUtils.java:logGet(43)) - raft.server.storage.dir = [/workdir/hadoop-ozone/integration-test/target/test-dir/MiniOzoneClusterImpl-bb82a069-c5f8-4867-8b76-edf785cfeeaa/datanode-5/data/ratis] (custom)
2019-10-04 06:28:37,941 [pool-433-thread-1] INFO  server.RaftServerConfigKeys (ConfUtils.java:logGet(43)) - raft.server.log.corruption.policy = EXCEPTION (default)
2019-10-04 06:28:37,941 [pool-433-thread-1] INFO  storage.RaftStorageDirectory (RaftStorageDirectory.java:analyzeStorage(246)) - The storage directory /workdir/hadoop-ozone/integration-test/target/test-dir/MiniOzoneClusterImpl-bb82a069-c5f8-4867-8b76-edf785cfeeaa/datanode-5/data/ratis/526be5d5-1793-4716-b071-64731b4360e8 does not exist. Creating ...
2019-10-04 06:28:37,954 [pool-433-thread-1] INFO  storage.RaftStorageDirectory (RaftStorageDirectory.java:tryLock(328)) - Lock on /workdir/hadoop-ozone/integration-test/target/test-dir/MiniOzoneClusterImpl-bb82a069-c5f8-4867-8b76-edf785cfeeaa/datanode-5/data/ratis/526be5d5-1793-4716-b071-64731b4360e8/in_use.lock acquired by nodename 4487@pr-hdds-2244-dsjsm-2702112654
2019-10-04 06:28:37,957 [main] INFO  ozone.MiniOzoneClusterImpl (MiniOzoneClusterImpl.java:lambda$waitForClusterToBeReady$0(147)) - Waiting for cluster to be ready. Got 6 of 7 DN Heartbeats.
2019-10-04 06:28:37,957 [IPC Server handler 8 on 42581] INFO  net.NetworkTopology (NetworkTopologyImpl.java:add(111)) - Added a new node: /default-rack/dbbe0d96-a727-4e43-b685-4c4f1ff432ec
2019-10-04 06:28:37,957 [IPC Server handler 8 on 42581] INFO  node.SCMNodeManager (SCMNodeManager.java:register(266)) - Registered Data node : dbbe0d96-a727-4e43-b685-4c4f1ff432ec{ip: 192.168.157.194, host: pr-hdds-2244-dsjsm-2702112654, networkLocation: /default-rack, certSerialId: null}
2019-10-04 06:28:37,967 [pool-433-thread-1] INFO  storage.RaftStorage (RaftStorage.java:format(84)) - Storage directory /workdir/hadoop-ozone/integration-test/target/test-dir/MiniOzoneClusterImpl-bb82a069-c5f8-4867-8b76-edf785cfeeaa/datanode-5/data/ratis/526be5d5-1793-4716-b071-64731b4360e8 has been successfully formatted.
2019-10-04 06:28:37,967 [pool-433-thread-1] INFO  ratis.ContainerStateMachine (ContainerStateMachine.java:loadSnapshot(230)) - group-64731B4360E8: The snapshot info is null. Setting the last applied indexto:(t:0, i:~)
2019-10-04 06:28:37,967 [pool-433-thread-1] INFO  server.RaftServerConfigKeys (ConfUtils.java:logGet(43)) - raft.server.notification.no-leader.timeout = 120s (custom)
2019-10-04 06:28:37,967 [pool-433-thread-1] INFO  server.RaftServerConfigKeys (ConfUtils.java:logGet(43)) - raft.server.log.use.memory = false (default)
2019-10-04 06:28:37,967 [pool-433-thread-1] INFO  server.RaftServerConfigKeys (ConfUtils.java:logGet(43)) - raft.server.log.purge.gap = 1000000 (custom)
2019-10-04 06:28:37,968 [pool-433-thread-1] INFO  server.RaftServerConfigKeys (ConfUtils.java:logGet(43)) - raft.server.log.appender.buffer.byte-limit = 33554432 (custom)
2019-10-04 06:28:37,968 [pool-433-thread-1] INFO  server.RaftServerConfigKeys (ConfUtils.java:logGet(43)) - raft.server.log.segment.size.max = 1048576 (custom)
2019-10-04 06:28:37,969 [pool-433-thread-1] INFO  server.RaftServerConfigKeys (ConfUtils.java:logGet(43)) - raft.server.log.segment.cache.num.max = 2 (custom)
2019-10-04 06:28:37,970 [pool-433-thread-1] INFO  segmented.SegmentedRaftLogWorker (SegmentedRaftLogWorker.java:<init>(173)) - new 0ce744ad-f7fb-49c8-bd98-d04f0211340d@group-64731B4360E8-SegmentedRaftLogWorker for RaftStorage:Storage Directory /workdir/hadoop-ozone/integration-test/target/test-dir/MiniOzoneClusterImpl-bb82a069-c5f8-4867-8b76-edf785cfeeaa/datanode-5/data/ratis/526be5d5-1793-4716-b071-64731b4360e8
2019-10-04 06:28:37,970 [pool-433-thread-1] INFO  server.RaftServerConfigKeys (ConfUtils.java:logGet(43)) - raft.server.log.queue.byte-limit = 2147483647 (custom)
2019-10-04 06:28:37,970 [pool-433-thread-1] INFO  server.RaftServerConfigKeys (ConfUtils.java:logGet(43)) - raft.server.log.queue.element-limit = 1024 (custom)
2019-10-04 06:28:37,970 [pool-433-thread-1] INFO  server.RaftServerConfigKeys (ConfUtils.java:logGet(43)) - raft.server.log.segment.size.max = 1048576 (custom)
2019-10-04 06:28:37,970 [pool-433-thread-1] INFO  server.RaftServerConfigKeys (ConfUtils.java:logGet(43)) - raft.server.log.preallocated.size = 16384 (custom)
2019-10-04 06:28:37,970 [pool-433-thread-1] INFO  server.RaftServerConfigKeys (ConfUtils.java:logGet(43)) - raft.server.log.write.buffer.size = 33554432 (custom)
2019-10-04 06:28:37,971 [pool-433-thread-1] INFO  server.RaftServerConfigKeys (ConfUtils.java:logGet(43)) - raft.server.log.force.sync.num = 128 (default)
2019-10-04 06:28:37,971 [pool-433-thread-1] INFO  server.RaftServerConfigKeys (ConfUtils.java:logGet(43)) - raft.server.log.statemachine.data.sync = true (default)
2019-10-04 06:28:37,971 [pool-433-thread-1] INFO  server.RaftServerConfigKeys (ConfUtils.java:logGet(43)) - raft.server.log.statemachine.data.sync.timeout = 10s (default)
2019-10-04 06:28:37,971 [pool-433-thread-1] INFO  server.RaftServerConfigKeys (ConfUtils.java:logGet(43)) - raft.server.log.statemachine.data.sync.timeout.retry = -1 (default)
2019-10-04 06:28:37,971 [pool-433-thread-1] INFO  server.RaftServerConfigKeys (ConfUtils.java:logGet(43)) - raft.server.log.statemachine.data.caching.enabled = true (custom)
2019-10-04 06:28:37,972 [pool-433-thread-1] INFO  segmented.SegmentedRaftLogWorker (SegmentedRaftLogWorker.java:lambda$new$0(128)) - 0ce744ad-f7fb-49c8-bd98-d04f0211340d@group-64731B4360E8-SegmentedRaftLogWorker: flushIndex: setUnconditionally 0 -> -1
2019-10-04 06:28:37,972 [pool-433-thread-1] INFO  server.RaftServerConfigKeys (ConfUtils.java:logGet(43)) - raft.server.snapshot.auto.trigger.enabled = true (custom)
2019-10-04 06:28:37,972 [pool-433-thread-1] INFO  server.RaftServerConfigKeys (ConfUtils.java:logGet(43)) - raft.server.snapshot.auto.trigger.threshold = 10000 (custom)
2019-10-04 06:28:37,972 [pool-433-thread-1] INFO  server.RaftServerConfigKeys (ConfUtils.java:logGet(43)) - raft.server.snapshot.retention.file.num = 5 (custom)
2019-10-04 06:28:37,972 [pool-433-thread-1] INFO  server.RaftServerConfigKeys (ConfUtils.java:logGet(43)) - raft.server.retrycache.expirytime = 600000ms (custom)
2019-10-04 06:28:37,974 [pool-433-thread-1] INFO  impl.RaftServerImpl (RaftServerImpl.java:start(181)) - 0ce744ad-f7fb-49c8-bd98-d04f0211340d@group-64731B4360E8: start as a follower, conf=-1: [0ce744ad-f7fb-49c8-bd98-d04f0211340d:192.168.157.194:40058], old=null
2019-10-04 06:28:37,974 [pool-433-thread-1] INFO  impl.RaftServerImpl (RaftServerImpl.java:setRole(170)) - 0ce744ad-f7fb-49c8-bd98-d04f0211340d@group-64731B4360E8: changes role from      null to FOLLOWER at term 0 for startAsFollower
2019-10-04 06:28:37,974 [pool-433-thread-1] INFO  impl.RoleInfo (RoleInfo.java:updateAndGet(143)) - 0ce744ad-f7fb-49c8-bd98-d04f0211340d: start FollowerState
2019-10-04 06:28:37,974 [pool-433-thread-1] INFO  util.JmxRegister (JmxRegister.java:tryRegister(44)) - Successfully registered JMX Bean with object name Ratis:service=RaftServer,group=group-64731B4360E8,id=0ce744ad-f7fb-49c8-bd98-d04f0211340d
2019-10-04 06:28:37,977 [RatisPipelineUtilsThread] INFO  pipeline.PipelineStateManager (PipelineStateManager.java:addPipeline(56)) - Created pipeline Pipeline[ Id: 526be5d5-1793-4716-b071-64731b4360e8, Nodes: 0ce744ad-f7fb-49c8-bd98-d04f0211340d{ip: 192.168.157.194, host: pr-hdds-2244-dsjsm-2702112654, networkLocation: /default-rack, certSerialId: null}, Type:RATIS, Factor:ONE, State:OPEN]
2019-10-04 06:28:37,986 [grpc-default-executor-8] INFO  impl.RaftServerProxy (RaftServerProxy.java:addNew(89)) - dbbe0d96-a727-4e43-b685-4c4f1ff432ec: addNew group-72159804CF1C:[dbbe0d96-a727-4e43-b685-4c4f1ff432ec:192.168.157.194:38504] returns group-72159804CF1C:java.util.concurrent.CompletableFuture@2f5e42a8[Not completed]
2019-10-04 06:28:37,987 [pool-443-thread-1] INFO  impl.RaftServerImpl (RaftServerImpl.java:<init>(95)) - dbbe0d96-a727-4e43-b685-4c4f1ff432ec: new RaftServerImpl for group-72159804CF1C:[dbbe0d96-a727-4e43-b685-4c4f1ff432ec:192.168.157.194:38504] with ContainerStateMachine:uninitialized
2019-10-04 06:28:37,988 [pool-443-thread-1] INFO  server.RaftServerConfigKeys (ConfUtils.java:logGet(43)) - raft.server.rpc.timeout.min = 5s (custom)
2019-10-04 06:28:37,988 [pool-443-thread-1] INFO  server.RaftServerConfigKeys (ConfUtils.java:logGet(43)) - raft.server.rpc.timeout.max = 5200ms (custom)
2019-10-04 06:28:37,988 [pool-443-thread-1] INFO  server.RaftServerConfigKeys (ConfUtils.java:logGet(43)) - raft.server.rpcslowness.timeout = 120s (custom)
2019-10-04 06:28:37,988 [pool-443-thread-1] INFO  server.RaftServerConfigKeys (ConfUtils.java:logGet(43)) - raft.server.sleep.deviation.threshold = 300 (default)
2019-10-04 06:28:37,988 [pool-443-thread-1] INFO  server.RaftServerConfigKeys (ConfUtils.java:logGet(43)) - raft.server.log.appender.install.snapshot.enabled = false (custom)
2019-10-04 06:28:37,988 [pool-443-thread-1] INFO  impl.RaftServerImpl (ServerState.java:<init>(103)) - dbbe0d96-a727-4e43-b685-4c4f1ff432ec@group-72159804CF1C: ConfigurationManager, init=-1: [dbbe0d96-a727-4e43-b685-4c4f1ff432ec:192.168.157.194:38504], old=null, confs=<EMPTY_MAP>
2019-10-04 06:28:37,988 [pool-443-thread-1] INFO  server.RaftServerConfigKeys (ConfUtils.java:logGet(43)) - raft.server.storage.dir = [/workdir/hadoop-ozone/integration-test/target/test-dir/MiniOzoneClusterImpl-bb82a069-c5f8-4867-8b76-edf785cfeeaa/datanode-6/data/ratis] (custom)
2019-10-04 06:28:37,988 [pool-443-thread-1] INFO  server.RaftServerConfigKeys (ConfUtils.java:logGet(43)) - raft.server.log.corruption.policy = EXCEPTION (default)
2019-10-04 06:28:37,988 [pool-443-thread-1] INFO  storage.RaftStorageDirectory (RaftStorageDirectory.java:analyzeStorage(246)) - The storage directory /workdir/hadoop-ozone/integration-test/target/test-dir/MiniOzoneClusterImpl-bb82a069-c5f8-4867-8b76-edf785cfeeaa/datanode-6/data/ratis/efbea2df-b92a-4b54-bf25-72159804cf1c does not exist. Creating ...
2019-10-04 06:28:38,001 [pool-443-thread-1] INFO  storage.RaftStorageDirectory (RaftStorageDirectory.java:tryLock(328)) - Lock on /workdir/hadoop-ozone/integration-test/target/test-dir/MiniOzoneClusterImpl-bb82a069-c5f8-4867-8b76-edf785cfeeaa/datanode-6/data/ratis/efbea2df-b92a-4b54-bf25-72159804cf1c/in_use.lock acquired by nodename 4487@pr-hdds-2244-dsjsm-2702112654
2019-10-04 06:28:38,014 [pool-443-thread-1] INFO  storage.RaftStorage (RaftStorage.java:format(84)) - Storage directory /workdir/hadoop-ozone/integration-test/target/test-dir/MiniOzoneClusterImpl-bb82a069-c5f8-4867-8b76-edf785cfeeaa/datanode-6/data/ratis/efbea2df-b92a-4b54-bf25-72159804cf1c has been successfully formatted.
2019-10-04 06:28:38,014 [pool-443-thread-1] INFO  ratis.ContainerStateMachine (ContainerStateMachine.java:loadSnapshot(230)) - group-72159804CF1C: The snapshot info is null. Setting the last applied indexto:(t:0, i:~)
2019-10-04 06:28:38,014 [pool-443-thread-1] INFO  server.RaftServerConfigKeys (ConfUtils.java:logGet(43)) - raft.server.notification.no-leader.timeout = 120s (custom)
2019-10-04 06:28:38,014 [pool-443-thread-1] INFO  server.RaftServerConfigKeys (ConfUtils.java:logGet(43)) - raft.server.log.use.memory = false (default)
2019-10-04 06:28:38,014 [pool-443-thread-1] INFO  server.RaftServerConfigKeys (ConfUtils.java:logGet(43)) - raft.server.log.purge.gap = 1000000 (custom)
2019-10-04 06:28:38,014 [pool-443-thread-1] INFO  server.RaftServerConfigKeys (ConfUtils.java:logGet(43)) - raft.server.log.appender.buffer.byte-limit = 33554432 (custom)
2019-10-04 06:28:38,014 [pool-443-thread-1] INFO  server.RaftServerConfigKeys (ConfUtils.java:logGet(43)) - raft.server.log.segment.size.max = 1048576 (custom)
2019-10-04 06:28:38,016 [pool-443-thread-1] INFO  server.RaftServerConfigKeys (ConfUtils.java:logGet(43)) - raft.server.log.segment.cache.num.max = 2 (custom)
2019-10-04 06:28:38,016 [pool-443-thread-1] INFO  segmented.SegmentedRaftLogWorker (SegmentedRaftLogWorker.java:<init>(173)) - new dbbe0d96-a727-4e43-b685-4c4f1ff432ec@group-72159804CF1C-SegmentedRaftLogWorker for RaftStorage:Storage Directory /workdir/hadoop-ozone/integration-test/target/test-dir/MiniOzoneClusterImpl-bb82a069-c5f8-4867-8b76-edf785cfeeaa/datanode-6/data/ratis/efbea2df-b92a-4b54-bf25-72159804cf1c
2019-10-04 06:28:38,016 [pool-443-thread-1] INFO  server.RaftServerConfigKeys (ConfUtils.java:logGet(43)) - raft.server.log.queue.byte-limit = 2147483647 (custom)
2019-10-04 06:28:38,016 [pool-443-thread-1] INFO  server.RaftServerConfigKeys (ConfUtils.java:logGet(43)) - raft.server.log.queue.element-limit = 1024 (custom)
2019-10-04 06:28:38,016 [pool-443-thread-1] INFO  server.RaftServerConfigKeys (ConfUtils.java:logGet(43)) - raft.server.log.segment.size.max = 1048576 (custom)
2019-10-04 06:28:38,016 [pool-443-thread-1] INFO  server.RaftServerConfigKeys (ConfUtils.java:logGet(43)) - raft.server.log.preallocated.size = 16384 (custom)
2019-10-04 06:28:38,016 [pool-443-thread-1] INFO  server.RaftServerConfigKeys (ConfUtils.java:logGet(43)) - raft.server.log.write.buffer.size = 33554432 (custom)
2019-10-04 06:28:38,016 [pool-443-thread-1] INFO  server.RaftServerConfigKeys (ConfUtils.java:logGet(43)) - raft.server.log.force.sync.num = 128 (default)
2019-10-04 06:28:38,016 [pool-443-thread-1] INFO  server.RaftServerConfigKeys (ConfUtils.java:logGet(43)) - raft.server.log.statemachine.data.sync = true (default)
2019-10-04 06:28:38,016 [pool-443-thread-1] INFO  server.RaftServerConfigKeys (ConfUtils.java:logGet(43)) - raft.server.log.statemachine.data.sync.timeout = 10s (default)
2019-10-04 06:28:38,016 [pool-443-thread-1] INFO  server.RaftServerConfigKeys (ConfUtils.java:logGet(43)) - raft.server.log.statemachine.data.sync.timeout.retry = -1 (default)
2019-10-04 06:28:38,017 [pool-443-thread-1] INFO  server.RaftServerConfigKeys (ConfUtils.java:logGet(43)) - raft.server.log.statemachine.data.caching.enabled = true (custom)
2019-10-04 06:28:38,017 [pool-443-thread-1] INFO  segmented.SegmentedRaftLogWorker (SegmentedRaftLogWorker.java:lambda$new$0(128)) - dbbe0d96-a727-4e43-b685-4c4f1ff432ec@group-72159804CF1C-SegmentedRaftLogWorker: flushIndex: setUnconditionally 0 -> -1
2019-10-04 06:28:38,017 [pool-443-thread-1] INFO  server.RaftServerConfigKeys (ConfUtils.java:logGet(43)) - raft.server.snapshot.auto.trigger.enabled = true (custom)
2019-10-04 06:28:38,017 [pool-443-thread-1] INFO  server.RaftServerConfigKeys (ConfUtils.java:logGet(43)) - raft.server.snapshot.auto.trigger.threshold = 10000 (custom)
2019-10-04 06:28:38,017 [pool-443-thread-1] INFO  server.RaftServerConfigKeys (ConfUtils.java:logGet(43)) - raft.server.snapshot.retention.file.num = 5 (custom)
2019-10-04 06:28:38,018 [pool-443-thread-1] INFO  server.RaftServerConfigKeys (ConfUtils.java:logGet(43)) - raft.server.retrycache.expirytime = 600000ms (custom)
2019-10-04 06:28:38,019 [pool-443-thread-1] INFO  impl.RaftServerImpl (RaftServerImpl.java:start(181)) - dbbe0d96-a727-4e43-b685-4c4f1ff432ec@group-72159804CF1C: start as a follower, conf=-1: [dbbe0d96-a727-4e43-b685-4c4f1ff432ec:192.168.157.194:38504], old=null
2019-10-04 06:28:38,019 [pool-443-thread-1] INFO  impl.RaftServerImpl (RaftServerImpl.java:setRole(170)) - dbbe0d96-a727-4e43-b685-4c4f1ff432ec@group-72159804CF1C: changes role from      null to FOLLOWER at term 0 for startAsFollower
2019-10-04 06:28:38,019 [pool-443-thread-1] INFO  impl.RoleInfo (RoleInfo.java:updateAndGet(143)) - dbbe0d96-a727-4e43-b685-4c4f1ff432ec: start FollowerState
2019-10-04 06:28:38,019 [pool-443-thread-1] INFO  util.JmxRegister (JmxRegister.java:tryRegister(44)) - Successfully registered JMX Bean with object name Ratis:service=RaftServer,group=group-72159804CF1C,id=dbbe0d96-a727-4e43-b685-4c4f1ff432ec
2019-10-04 06:28:38,022 [RatisPipelineUtilsThread] INFO  pipeline.PipelineStateManager (PipelineStateManager.java:addPipeline(56)) - Created pipeline Pipeline[ Id: efbea2df-b92a-4b54-bf25-72159804cf1c, Nodes: dbbe0d96-a727-4e43-b685-4c4f1ff432ec{ip: 192.168.157.194, host: pr-hdds-2244-dsjsm-2702112654, networkLocation: /default-rack, certSerialId: null}, Type:RATIS, Factor:ONE, State:OPEN]
2019-10-04 06:28:38,037 [grpc-default-executor-8] INFO  impl.RaftServerProxy (RaftServerProxy.java:addNew(89)) - 300c89f6-5b02-41a0-9612-02f7e2d89fac: addNew group-619221FB1830:[300c89f6-5b02-41a0-9612-02f7e2d89fac:192.168.157.194:34172, 83f17af9-2e73-476c-8525-0e9bad91b23a:192.168.157.194:44554, 0ce744ad-f7fb-49c8-bd98-d04f0211340d:192.168.157.194:40058] returns group-619221FB1830:java.util.concurrent.CompletableFuture@17902196[Not completed]
2019-10-04 06:28:38,037 [grpc-default-executor-2] INFO  impl.RaftServerProxy (RaftServerProxy.java:addNew(89)) - 0ce744ad-f7fb-49c8-bd98-d04f0211340d: addNew group-619221FB1830:[300c89f6-5b02-41a0-9612-02f7e2d89fac:192.168.157.194:34172, 83f17af9-2e73-476c-8525-0e9bad91b23a:192.168.157.194:44554, 0ce744ad-f7fb-49c8-bd98-d04f0211340d:192.168.157.194:40058] returns group-619221FB1830:java.util.concurrent.CompletableFuture@6732e7ef[Not completed]
2019-10-04 06:28:38,039 [grpc-default-executor-2] INFO  impl.RaftServerProxy (RaftServerProxy.java:addNew(89)) - 83f17af9-2e73-476c-8525-0e9bad91b23a: addNew group-619221FB1830:[300c89f6-5b02-41a0-9612-02f7e2d89fac:192.168.157.194:34172, 83f17af9-2e73-476c-8525-0e9bad91b23a:192.168.157.194:44554, 0ce744ad-f7fb-49c8-bd98-d04f0211340d:192.168.157.194:40058] returns group-619221FB1830:java.util.concurrent.CompletableFuture@6b07d65b[Not completed]
2019-10-04 06:28:38,040 [pool-433-thread-1] INFO  impl.RaftServerImpl (RaftServerImpl.java:<init>(95)) - 0ce744ad-f7fb-49c8-bd98-d04f0211340d: new RaftServerImpl for group-619221FB1830:[300c89f6-5b02-41a0-9612-02f7e2d89fac:192.168.157.194:34172, 83f17af9-2e73-476c-8525-0e9bad91b23a:192.168.157.194:44554, 0ce744ad-f7fb-49c8-bd98-d04f0211340d:192.168.157.194:40058] with ContainerStateMachine:uninitialized
2019-10-04 06:28:38,040 [pool-433-thread-1] INFO  server.RaftServerConfigKeys (ConfUtils.java:logGet(43)) - raft.server.rpc.timeout.min = 5s (custom)
2019-10-04 06:28:38,040 [pool-433-thread-1] INFO  server.RaftServerConfigKeys (ConfUtils.java:logGet(43)) - raft.server.rpc.timeout.max = 5200ms (custom)
2019-10-04 06:28:38,040 [pool-433-thread-1] INFO  server.RaftServerConfigKeys (ConfUtils.java:logGet(43)) - raft.server.rpcslowness.timeout = 120s (custom)
2019-10-04 06:28:38,040 [pool-433-thread-1] INFO  server.RaftServerConfigKeys (ConfUtils.java:logGet(43)) - raft.server.sleep.deviation.threshold = 300 (default)
2019-10-04 06:28:38,040 [pool-433-thread-1] INFO  server.RaftServerConfigKeys (ConfUtils.java:logGet(43)) - raft.server.log.appender.install.snapshot.enabled = false (custom)
2019-10-04 06:28:38,040 [pool-433-thread-1] INFO  impl.RaftServerImpl (ServerState.java:<init>(103)) - 0ce744ad-f7fb-49c8-bd98-d04f0211340d@group-619221FB1830: ConfigurationManager, init=-1: [300c89f6-5b02-41a0-9612-02f7e2d89fac:192.168.157.194:34172, 83f17af9-2e73-476c-8525-0e9bad91b23a:192.168.157.194:44554, 0ce744ad-f7fb-49c8-bd98-d04f0211340d:192.168.157.194:40058], old=null, confs=<EMPTY_MAP>
2019-10-04 06:28:38,040 [pool-433-thread-1] INFO  server.RaftServerConfigKeys (ConfUtils.java:logGet(43)) - raft.server.storage.dir = [/workdir/hadoop-ozone/integration-test/target/test-dir/MiniOzoneClusterImpl-bb82a069-c5f8-4867-8b76-edf785cfeeaa/datanode-5/data/ratis] (custom)
2019-10-04 06:28:38,041 [pool-423-thread-1] INFO  impl.RaftServerImpl (RaftServerImpl.java:<init>(95)) - 300c89f6-5b02-41a0-9612-02f7e2d89fac: new RaftServerImpl for group-619221FB1830:[300c89f6-5b02-41a0-9612-02f7e2d89fac:192.168.157.194:34172, 83f17af9-2e73-476c-8525-0e9bad91b23a:192.168.157.194:44554, 0ce744ad-f7fb-49c8-bd98-d04f0211340d:192.168.157.194:40058] with ContainerStateMachine:uninitialized
2019-10-04 06:28:38,041 [pool-433-thread-1] INFO  server.RaftServerConfigKeys (ConfUtils.java:logGet(43)) - raft.server.log.corruption.policy = EXCEPTION (default)
2019-10-04 06:28:38,041 [pool-423-thread-1] INFO  server.RaftServerConfigKeys (ConfUtils.java:logGet(43)) - raft.server.rpc.timeout.min = 5s (custom)
2019-10-04 06:28:38,041 [pool-433-thread-1] INFO  storage.RaftStorageDirectory (RaftStorageDirectory.java:analyzeStorage(246)) - The storage directory /workdir/hadoop-ozone/integration-test/target/test-dir/MiniOzoneClusterImpl-bb82a069-c5f8-4867-8b76-edf785cfeeaa/datanode-5/data/ratis/911713ae-3e06-4ce6-9ba3-619221fb1830 does not exist. Creating ...
2019-10-04 06:28:38,041 [pool-413-thread-1] INFO  impl.RaftServerImpl (RaftServerImpl.java:<init>(95)) - 83f17af9-2e73-476c-8525-0e9bad91b23a: new RaftServerImpl for group-619221FB1830:[300c89f6-5b02-41a0-9612-02f7e2d89fac:192.168.157.194:34172, 83f17af9-2e73-476c-8525-0e9bad91b23a:192.168.157.194:44554, 0ce744ad-f7fb-49c8-bd98-d04f0211340d:192.168.157.194:40058] with ContainerStateMachine:uninitialized
2019-10-04 06:28:38,041 [pool-423-thread-1] INFO  server.RaftServerConfigKeys (ConfUtils.java:logGet(43)) - raft.server.rpc.timeout.max = 5200ms (custom)
2019-10-04 06:28:38,041 [pool-413-thread-1] INFO  server.RaftServerConfigKeys (ConfUtils.java:logGet(43)) - raft.server.rpc.timeout.min = 5s (custom)
2019-10-04 06:28:38,041 [pool-423-thread-1] INFO  server.RaftServerConfigKeys (ConfUtils.java:logGet(43)) - raft.server.rpcslowness.timeout = 120s (custom)
2019-10-04 06:28:38,041 [pool-413-thread-1] INFO  server.RaftServerConfigKeys (ConfUtils.java:logGet(43)) - raft.server.rpc.timeout.max = 5200ms (custom)
2019-10-04 06:28:38,041 [pool-423-thread-1] INFO  server.RaftServerConfigKeys (ConfUtils.java:logGet(43)) - raft.server.sleep.deviation.threshold = 300 (default)
2019-10-04 06:28:38,042 [pool-413-thread-1] INFO  server.RaftServerConfigKeys (ConfUtils.java:logGet(43)) - raft.server.rpcslowness.timeout = 120s (custom)
2019-10-04 06:28:38,042 [pool-423-thread-1] INFO  server.RaftServerConfigKeys (ConfUtils.java:logGet(43)) - raft.server.log.appender.install.snapshot.enabled = false (custom)
2019-10-04 06:28:38,042 [pool-413-thread-1] INFO  server.RaftServerConfigKeys (ConfUtils.java:logGet(43)) - raft.server.sleep.deviation.threshold = 300 (default)
2019-10-04 06:28:38,042 [pool-423-thread-1] INFO  impl.RaftServerImpl (ServerState.java:<init>(103)) - 300c89f6-5b02-41a0-9612-02f7e2d89fac@group-619221FB1830: ConfigurationManager, init=-1: [300c89f6-5b02-41a0-9612-02f7e2d89fac:192.168.157.194:34172, 83f17af9-2e73-476c-8525-0e9bad91b23a:192.168.157.194:44554, 0ce744ad-f7fb-49c8-bd98-d04f0211340d:192.168.157.194:40058], old=null, confs=<EMPTY_MAP>
2019-10-04 06:28:38,042 [pool-413-thread-1] INFO  server.RaftServerConfigKeys (ConfUtils.java:logGet(43)) - raft.server.log.appender.install.snapshot.enabled = false (custom)
2019-10-04 06:28:38,042 [pool-423-thread-1] INFO  server.RaftServerConfigKeys (ConfUtils.java:logGet(43)) - raft.server.storage.dir = [/workdir/hadoop-ozone/integration-test/target/test-dir/MiniOzoneClusterImpl-bb82a069-c5f8-4867-8b76-edf785cfeeaa/datanode-4/data/ratis] (custom)
2019-10-04 06:28:38,042 [pool-413-thread-1] INFO  impl.RaftServerImpl (ServerState.java:<init>(103)) - 83f17af9-2e73-476c-8525-0e9bad91b23a@group-619221FB1830: ConfigurationManager, init=-1: [300c89f6-5b02-41a0-9612-02f7e2d89fac:192.168.157.194:34172, 83f17af9-2e73-476c-8525-0e9bad91b23a:192.168.157.194:44554, 0ce744ad-f7fb-49c8-bd98-d04f0211340d:192.168.157.194:40058], old=null, confs=<EMPTY_MAP>
2019-10-04 06:28:38,042 [pool-413-thread-1] INFO  server.RaftServerConfigKeys (ConfUtils.java:logGet(43)) - raft.server.storage.dir = [/workdir/hadoop-ozone/integration-test/target/test-dir/MiniOzoneClusterImpl-bb82a069-c5f8-4867-8b76-edf785cfeeaa/datanode-3/data/ratis] (custom)
2019-10-04 06:28:38,042 [pool-423-thread-1] INFO  server.RaftServerConfigKeys (ConfUtils.java:logGet(43)) - raft.server.log.corruption.policy = EXCEPTION (default)
2019-10-04 06:28:38,043 [pool-413-thread-1] INFO  server.RaftServerConfigKeys (ConfUtils.java:logGet(43)) - raft.server.log.corruption.policy = EXCEPTION (default)
2019-10-04 06:28:38,043 [pool-423-thread-1] INFO  storage.RaftStorageDirectory (RaftStorageDirectory.java:analyzeStorage(246)) - The storage directory /workdir/hadoop-ozone/integration-test/target/test-dir/MiniOzoneClusterImpl-bb82a069-c5f8-4867-8b76-edf785cfeeaa/datanode-4/data/ratis/911713ae-3e06-4ce6-9ba3-619221fb1830 does not exist. Creating ...
2019-10-04 06:28:38,043 [pool-413-thread-1] INFO  storage.RaftStorageDirectory (RaftStorageDirectory.java:analyzeStorage(246)) - The storage directory /workdir/hadoop-ozone/integration-test/target/test-dir/MiniOzoneClusterImpl-bb82a069-c5f8-4867-8b76-edf785cfeeaa/datanode-3/data/ratis/911713ae-3e06-4ce6-9ba3-619221fb1830 does not exist. Creating ...
2019-10-04 06:28:38,055 [pool-433-thread-1] INFO  storage.RaftStorageDirectory (RaftStorageDirectory.java:tryLock(328)) - Lock on /workdir/hadoop-ozone/integration-test/target/test-dir/MiniOzoneClusterImpl-bb82a069-c5f8-4867-8b76-edf785cfeeaa/datanode-5/data/ratis/911713ae-3e06-4ce6-9ba3-619221fb1830/in_use.lock acquired by nodename 4487@pr-hdds-2244-dsjsm-2702112654
2019-10-04 06:28:38,055 [pool-423-thread-1] INFO  storage.RaftStorageDirectory (RaftStorageDirectory.java:tryLock(328)) - Lock on /workdir/hadoop-ozone/integration-test/target/test-dir/MiniOzoneClusterImpl-bb82a069-c5f8-4867-8b76-edf785cfeeaa/datanode-4/data/ratis/911713ae-3e06-4ce6-9ba3-619221fb1830/in_use.lock acquired by nodename 4487@pr-hdds-2244-dsjsm-2702112654
2019-10-04 06:28:38,055 [pool-413-thread-1] INFO  storage.RaftStorageDirectory (RaftStorageDirectory.java:tryLock(328)) - Lock on /workdir/hadoop-ozone/integration-test/target/test-dir/MiniOzoneClusterImpl-bb82a069-c5f8-4867-8b76-edf785cfeeaa/datanode-3/data/ratis/911713ae-3e06-4ce6-9ba3-619221fb1830/in_use.lock acquired by nodename 4487@pr-hdds-2244-dsjsm-2702112654
2019-10-04 06:28:38,068 [pool-433-thread-1] INFO  storage.RaftStorage (RaftStorage.java:format(84)) - Storage directory /workdir/hadoop-ozone/integration-test/target/test-dir/MiniOzoneClusterImpl-bb82a069-c5f8-4867-8b76-edf785cfeeaa/datanode-5/data/ratis/911713ae-3e06-4ce6-9ba3-619221fb1830 has been successfully formatted.
2019-10-04 06:28:38,068 [pool-423-thread-1] INFO  storage.RaftStorage (RaftStorage.java:format(84)) - Storage directory /workdir/hadoop-ozone/integration-test/target/test-dir/MiniOzoneClusterImpl-bb82a069-c5f8-4867-8b76-edf785cfeeaa/datanode-4/data/ratis/911713ae-3e06-4ce6-9ba3-619221fb1830 has been successfully formatted.
2019-10-04 06:28:38,068 [pool-433-thread-1] INFO  ratis.ContainerStateMachine (ContainerStateMachine.java:loadSnapshot(230)) - group-619221FB1830: The snapshot info is null. Setting the last applied indexto:(t:0, i:~)
2019-10-04 06:28:38,068 [pool-413-thread-1] INFO  storage.RaftStorage (RaftStorage.java:format(84)) - Storage directory /workdir/hadoop-ozone/integration-test/target/test-dir/MiniOzoneClusterImpl-bb82a069-c5f8-4867-8b76-edf785cfeeaa/datanode-3/data/ratis/911713ae-3e06-4ce6-9ba3-619221fb1830 has been successfully formatted.
2019-10-04 06:28:38,069 [pool-423-thread-1] INFO  ratis.ContainerStateMachine (ContainerStateMachine.java:loadSnapshot(230)) - group-619221FB1830: The snapshot info is null. Setting the last applied indexto:(t:0, i:~)
2019-10-04 06:28:38,069 [pool-433-thread-1] INFO  server.RaftServerConfigKeys (ConfUtils.java:logGet(43)) - raft.server.notification.no-leader.timeout = 120s (custom)
2019-10-04 06:28:38,069 [pool-423-thread-1] INFO  server.RaftServerConfigKeys (ConfUtils.java:logGet(43)) - raft.server.notification.no-leader.timeout = 120s (custom)
2019-10-04 06:28:38,069 [pool-413-thread-1] INFO  ratis.ContainerStateMachine (ContainerStateMachine.java:loadSnapshot(230)) - group-619221FB1830: The snapshot info is null. Setting the last applied indexto:(t:0, i:~)
2019-10-04 06:28:38,069 [pool-423-thread-1] INFO  server.RaftServerConfigKeys (ConfUtils.java:logGet(43)) - raft.server.log.use.memory = false (default)
2019-10-04 06:28:38,069 [pool-433-thread-1] INFO  server.RaftServerConfigKeys (ConfUtils.java:logGet(43)) - raft.server.log.use.memory = false (default)
2019-10-04 06:28:38,069 [pool-423-thread-1] INFO  server.RaftServerConfigKeys (ConfUtils.java:logGet(43)) - raft.server.log.purge.gap = 1000000 (custom)
2019-10-04 06:28:38,069 [pool-413-thread-1] INFO  server.RaftServerConfigKeys (ConfUtils.java:logGet(43)) - raft.server.notification.no-leader.timeout = 120s (custom)
2019-10-04 06:28:38,069 [pool-423-thread-1] INFO  server.RaftServerConfigKeys (ConfUtils.java:logGet(43)) - raft.server.log.appender.buffer.byte-limit = 33554432 (custom)
2019-10-04 06:28:38,069 [pool-433-thread-1] INFO  server.RaftServerConfigKeys (ConfUtils.java:logGet(43)) - raft.server.log.purge.gap = 1000000 (custom)
2019-10-04 06:28:38,070 [pool-423-thread-1] INFO  server.RaftServerConfigKeys (ConfUtils.java:logGet(43)) - raft.server.log.segment.size.max = 1048576 (custom)
2019-10-04 06:28:38,070 [pool-413-thread-1] INFO  server.RaftServerConfigKeys (ConfUtils.java:logGet(43)) - raft.server.log.use.memory = false (default)
2019-10-04 06:28:38,070 [pool-423-thread-1] INFO  server.RaftServerConfigKeys (ConfUtils.java:logGet(43)) - raft.server.log.segment.cache.num.max = 2 (custom)
2019-10-04 06:28:38,070 [pool-433-thread-1] INFO  server.RaftServerConfigKeys (ConfUtils.java:logGet(43)) - raft.server.log.appender.buffer.byte-limit = 33554432 (custom)
2019-10-04 06:28:38,070 [pool-423-thread-1] INFO  segmented.SegmentedRaftLogWorker (SegmentedRaftLogWorker.java:<init>(173)) - new 300c89f6-5b02-41a0-9612-02f7e2d89fac@group-619221FB1830-SegmentedRaftLogWorker for RaftStorage:Storage Directory /workdir/hadoop-ozone/integration-test/target/test-dir/MiniOzoneClusterImpl-bb82a069-c5f8-4867-8b76-edf785cfeeaa/datanode-4/data/ratis/911713ae-3e06-4ce6-9ba3-619221fb1830
2019-10-04 06:28:38,070 [pool-413-thread-1] INFO  server.RaftServerConfigKeys (ConfUtils.java:logGet(43)) - raft.server.log.purge.gap = 1000000 (custom)
2019-10-04 06:28:38,070 [pool-423-thread-1] INFO  server.RaftServerConfigKeys (ConfUtils.java:logGet(43)) - raft.server.log.queue.byte-limit = 2147483647 (custom)
2019-10-04 06:28:38,070 [pool-433-thread-1] INFO  server.RaftServerConfigKeys (ConfUtils.java:logGet(43)) - raft.server.log.segment.size.max = 1048576 (custom)
2019-10-04 06:28:38,071 [pool-423-thread-1] INFO  server.RaftServerConfigKeys (ConfUtils.java:logGet(43)) - raft.server.log.queue.element-limit = 1024 (custom)
2019-10-04 06:28:38,070 [pool-413-thread-1] INFO  server.RaftServerConfigKeys (ConfUtils.java:logGet(43)) - raft.server.log.appender.buffer.byte-limit = 33554432 (custom)
2019-10-04 06:28:38,071 [pool-423-thread-1] INFO  server.RaftServerConfigKeys (ConfUtils.java:logGet(43)) - raft.server.log.segment.size.max = 1048576 (custom)
2019-10-04 06:28:38,071 [pool-433-thread-1] INFO  server.RaftServerConfigKeys (ConfUtils.java:logGet(43)) - raft.server.log.segment.cache.num.max = 2 (custom)
2019-10-04 06:28:38,071 [pool-423-thread-1] INFO  server.RaftServerConfigKeys (ConfUtils.java:logGet(43)) - raft.server.log.preallocated.size = 16384 (custom)
2019-10-04 06:28:38,071 [pool-413-thread-1] INFO  server.RaftServerConfigKeys (ConfUtils.java:logGet(43)) - raft.server.log.segment.size.max = 1048576 (custom)
2019-10-04 06:28:38,071 [pool-423-thread-1] INFO  server.RaftServerConfigKeys (ConfUtils.java:logGet(43)) - raft.server.log.write.buffer.size = 33554432 (custom)
2019-10-04 06:28:38,071 [pool-433-thread-1] INFO  segmented.SegmentedRaftLogWorker (SegmentedRaftLogWorker.java:<init>(173)) - new 0ce744ad-f7fb-49c8-bd98-d04f0211340d@group-619221FB1830-SegmentedRaftLogWorker for RaftStorage:Storage Directory /workdir/hadoop-ozone/integration-test/target/test-dir/MiniOzoneClusterImpl-bb82a069-c5f8-4867-8b76-edf785cfeeaa/datanode-5/data/ratis/911713ae-3e06-4ce6-9ba3-619221fb1830
2019-10-04 06:28:38,071 [pool-423-thread-1] INFO  server.RaftServerConfigKeys (ConfUtils.java:logGet(43)) - raft.server.log.force.sync.num = 128 (default)
2019-10-04 06:28:38,071 [pool-413-thread-1] INFO  server.RaftServerConfigKeys (ConfUtils.java:logGet(43)) - raft.server.log.segment.cache.num.max = 2 (custom)
2019-10-04 06:28:38,072 [pool-423-thread-1] INFO  server.RaftServerConfigKeys (ConfUtils.java:logGet(43)) - raft.server.log.statemachine.data.sync = true (default)
2019-10-04 06:28:38,072 [pool-433-thread-1] INFO  server.RaftServerConfigKeys (ConfUtils.java:logGet(43)) - raft.server.log.queue.byte-limit = 2147483647 (custom)
2019-10-04 06:28:38,072 [pool-423-thread-1] INFO  server.RaftServerConfigKeys (ConfUtils.java:logGet(43)) - raft.server.log.statemachine.data.sync.timeout = 10s (default)
2019-10-04 06:28:38,072 [pool-423-thread-1] INFO  server.RaftServerConfigKeys (ConfUtils.java:logGet(43)) - raft.server.log.statemachine.data.sync.timeout.retry = -1 (default)
2019-10-04 06:28:38,072 [pool-413-thread-1] INFO  segmented.SegmentedRaftLogWorker (SegmentedRaftLogWorker.java:<init>(173)) - new 83f17af9-2e73-476c-8525-0e9bad91b23a@group-619221FB1830-SegmentedRaftLogWorker for RaftStorage:Storage Directory /workdir/hadoop-ozone/integration-test/target/test-dir/MiniOzoneClusterImpl-bb82a069-c5f8-4867-8b76-edf785cfeeaa/datanode-3/data/ratis/911713ae-3e06-4ce6-9ba3-619221fb1830
2019-10-04 06:28:38,072 [pool-413-thread-1] INFO  server.RaftServerConfigKeys (ConfUtils.java:logGet(43)) - raft.server.log.queue.byte-limit = 2147483647 (custom)
2019-10-04 06:28:38,072 [pool-433-thread-1] INFO  server.RaftServerConfigKeys (ConfUtils.java:logGet(43)) - raft.server.log.queue.element-limit = 1024 (custom)
2019-10-04 06:28:38,072 [pool-423-thread-1] INFO  server.RaftServerConfigKeys (ConfUtils.java:logGet(43)) - raft.server.log.statemachine.data.caching.enabled = true (custom)
2019-10-04 06:28:38,072 [pool-413-thread-1] INFO  server.RaftServerConfigKeys (ConfUtils.java:logGet(43)) - raft.server.log.queue.element-limit = 1024 (custom)
2019-10-04 06:28:38,073 [pool-433-thread-1] INFO  server.RaftServerConfigKeys (ConfUtils.java:logGet(43)) - raft.server.log.segment.size.max = 1048576 (custom)
2019-10-04 06:28:38,073 [pool-433-thread-1] INFO  server.RaftServerConfigKeys (ConfUtils.java:logGet(43)) - raft.server.log.preallocated.size = 16384 (custom)
2019-10-04 06:28:38,073 [pool-423-thread-1] INFO  segmented.SegmentedRaftLogWorker (SegmentedRaftLogWorker.java:lambda$new$0(128)) - 300c89f6-5b02-41a0-9612-02f7e2d89fac@group-619221FB1830-SegmentedRaftLogWorker: flushIndex: setUnconditionally 0 -> -1
2019-10-04 06:28:38,073 [pool-413-thread-1] INFO  server.RaftServerConfigKeys (ConfUtils.java:logGet(43)) - raft.server.log.segment.size.max = 1048576 (custom)
2019-10-04 06:28:38,073 [pool-433-thread-1] INFO  server.RaftServerConfigKeys (ConfUtils.java:logGet(43)) - raft.server.log.write.buffer.size = 33554432 (custom)
2019-10-04 06:28:38,073 [pool-423-thread-1] INFO  server.RaftServerConfigKeys (ConfUtils.java:logGet(43)) - raft.server.snapshot.auto.trigger.enabled = true (custom)
2019-10-04 06:28:38,073 [pool-413-thread-1] INFO  server.RaftServerConfigKeys (ConfUtils.java:logGet(43)) - raft.server.log.preallocated.size = 16384 (custom)
2019-10-04 06:28:38,073 [pool-423-thread-1] INFO  server.RaftServerConfigKeys (ConfUtils.java:logGet(43)) - raft.server.snapshot.auto.trigger.threshold = 10000 (custom)
2019-10-04 06:28:38,073 [pool-433-thread-1] INFO  server.RaftServerConfigKeys (ConfUtils.java:logGet(43)) - raft.server.log.force.sync.num = 128 (default)
2019-10-04 06:28:38,074 [pool-423-thread-1] INFO  server.RaftServerConfigKeys (ConfUtils.java:logGet(43)) - raft.server.snapshot.retention.file.num = 5 (custom)
2019-10-04 06:28:38,073 [pool-413-thread-1] INFO  server.RaftServerConfigKeys (ConfUtils.java:logGet(43)) - raft.server.log.write.buffer.size = 33554432 (custom)
2019-10-04 06:28:38,074 [pool-423-thread-1] INFO  server.RaftServerConfigKeys (ConfUtils.java:logGet(43)) - raft.server.retrycache.expirytime = 600000ms (custom)
2019-10-04 06:28:38,074 [pool-433-thread-1] INFO  server.RaftServerConfigKeys (ConfUtils.java:logGet(43)) - raft.server.log.statemachine.data.sync = true (default)
2019-10-04 06:28:38,074 [pool-413-thread-1] INFO  server.RaftServerConfigKeys (ConfUtils.java:logGet(43)) - raft.server.log.force.sync.num = 128 (default)
2019-10-04 06:28:38,074 [pool-433-thread-1] INFO  server.RaftServerConfigKeys (ConfUtils.java:logGet(43)) - raft.server.log.statemachine.data.sync.timeout = 10s (default)
2019-10-04 06:28:38,074 [pool-413-thread-1] INFO  server.RaftServerConfigKeys (ConfUtils.java:logGet(43)) - raft.server.log.statemachine.data.sync = true (default)
2019-10-04 06:28:38,074 [pool-433-thread-1] INFO  server.RaftServerConfigKeys (ConfUtils.java:logGet(43)) - raft.server.log.statemachine.data.sync.timeout.retry = -1 (default)
2019-10-04 06:28:38,074 [pool-413-thread-1] INFO  server.RaftServerConfigKeys (ConfUtils.java:logGet(43)) - raft.server.log.statemachine.data.sync.timeout = 10s (default)
2019-10-04 06:28:38,075 [pool-433-thread-1] INFO  server.RaftServerConfigKeys (ConfUtils.java:logGet(43)) - raft.server.log.statemachine.data.caching.enabled = true (custom)
2019-10-04 06:28:38,075 [pool-413-thread-1] INFO  server.RaftServerConfigKeys (ConfUtils.java:logGet(43)) - raft.server.log.statemachine.data.sync.timeout.retry = -1 (default)
2019-10-04 06:28:38,075 [pool-433-thread-1] INFO  segmented.SegmentedRaftLogWorker (SegmentedRaftLogWorker.java:lambda$new$0(128)) - 0ce744ad-f7fb-49c8-bd98-d04f0211340d@group-619221FB1830-SegmentedRaftLogWorker: flushIndex: setUnconditionally 0 -> -1
2019-10-04 06:28:38,075 [pool-413-thread-1] INFO  server.RaftServerConfigKeys (ConfUtils.java:logGet(43)) - raft.server.log.statemachine.data.caching.enabled = true (custom)
2019-10-04 06:28:38,075 [pool-433-thread-1] INFO  server.RaftServerConfigKeys (ConfUtils.java:logGet(43)) - raft.server.snapshot.auto.trigger.enabled = true (custom)
2019-10-04 06:28:38,075 [pool-413-thread-1] INFO  segmented.SegmentedRaftLogWorker (SegmentedRaftLogWorker.java:lambda$new$0(128)) - 83f17af9-2e73-476c-8525-0e9bad91b23a@group-619221FB1830-SegmentedRaftLogWorker: flushIndex: setUnconditionally 0 -> -1
2019-10-04 06:28:38,075 [pool-433-thread-1] INFO  server.RaftServerConfigKeys (ConfUtils.java:logGet(43)) - raft.server.snapshot.auto.trigger.threshold = 10000 (custom)
2019-10-04 06:28:38,075 [pool-413-thread-1] INFO  server.RaftServerConfigKeys (ConfUtils.java:logGet(43)) - raft.server.snapshot.auto.trigger.enabled = true (custom)
2019-10-04 06:28:38,075 [pool-433-thread-1] INFO  server.RaftServerConfigKeys (ConfUtils.java:logGet(43)) - raft.server.snapshot.retention.file.num = 5 (custom)
2019-10-04 06:28:38,076 [pool-413-thread-1] INFO  server.RaftServerConfigKeys (ConfUtils.java:logGet(43)) - raft.server.snapshot.auto.trigger.threshold = 10000 (custom)
2019-10-04 06:28:38,076 [pool-433-thread-1] INFO  server.RaftServerConfigKeys (ConfUtils.java:logGet(43)) - raft.server.retrycache.expirytime = 600000ms (custom)
2019-10-04 06:28:38,076 [pool-413-thread-1] INFO  server.RaftServerConfigKeys (ConfUtils.java:logGet(43)) - raft.server.snapshot.retention.file.num = 5 (custom)
2019-10-04 06:28:38,076 [pool-413-thread-1] INFO  server.RaftServerConfigKeys (ConfUtils.java:logGet(43)) - raft.server.retrycache.expirytime = 600000ms (custom)
2019-10-04 06:28:38,076 [pool-423-thread-1] INFO  impl.RaftServerImpl (RaftServerImpl.java:start(181)) - 300c89f6-5b02-41a0-9612-02f7e2d89fac@group-619221FB1830: start as a follower, conf=-1: [300c89f6-5b02-41a0-9612-02f7e2d89fac:192.168.157.194:34172, 83f17af9-2e73-476c-8525-0e9bad91b23a:192.168.157.194:44554, 0ce744ad-f7fb-49c8-bd98-d04f0211340d:192.168.157.194:40058], old=null
2019-10-04 06:28:38,076 [pool-423-thread-1] INFO  impl.RaftServerImpl (RaftServerImpl.java:setRole(170)) - 300c89f6-5b02-41a0-9612-02f7e2d89fac@group-619221FB1830: changes role from      null to FOLLOWER at term 0 for startAsFollower
2019-10-04 06:28:38,076 [pool-423-thread-1] INFO  impl.RoleInfo (RoleInfo.java:updateAndGet(143)) - 300c89f6-5b02-41a0-9612-02f7e2d89fac: start FollowerState
2019-10-04 06:28:38,077 [pool-423-thread-1] INFO  util.JmxRegister (JmxRegister.java:tryRegister(44)) - Successfully registered JMX Bean with object name Ratis:service=RaftServer,group=group-619221FB1830,id=300c89f6-5b02-41a0-9612-02f7e2d89fac
2019-10-04 06:28:38,078 [pool-433-thread-1] INFO  impl.RaftServerImpl (RaftServerImpl.java:start(181)) - 0ce744ad-f7fb-49c8-bd98-d04f0211340d@group-619221FB1830: start as a follower, conf=-1: [300c89f6-5b02-41a0-9612-02f7e2d89fac:192.168.157.194:34172, 83f17af9-2e73-476c-8525-0e9bad91b23a:192.168.157.194:44554, 0ce744ad-f7fb-49c8-bd98-d04f0211340d:192.168.157.194:40058], old=null
2019-10-04 06:28:38,079 [pool-433-thread-1] INFO  impl.RaftServerImpl (RaftServerImpl.java:setRole(170)) - 0ce744ad-f7fb-49c8-bd98-d04f0211340d@group-619221FB1830: changes role from      null to FOLLOWER at term 0 for startAsFollower
2019-10-04 06:28:38,079 [pool-413-thread-1] INFO  impl.RaftServerImpl (RaftServerImpl.java:start(181)) - 83f17af9-2e73-476c-8525-0e9bad91b23a@group-619221FB1830: start as a follower, conf=-1: [300c89f6-5b02-41a0-9612-02f7e2d89fac:192.168.157.194:34172, 83f17af9-2e73-476c-8525-0e9bad91b23a:192.168.157.194:44554, 0ce744ad-f7fb-49c8-bd98-d04f0211340d:192.168.157.194:40058], old=null
2019-10-04 06:28:38,079 [pool-433-thread-1] INFO  impl.RoleInfo (RoleInfo.java:updateAndGet(143)) - 0ce744ad-f7fb-49c8-bd98-d04f0211340d: start FollowerState
2019-10-04 06:28:38,079 [pool-413-thread-1] INFO  impl.RaftServerImpl (RaftServerImpl.java:setRole(170)) - 83f17af9-2e73-476c-8525-0e9bad91b23a@group-619221FB1830: changes role from      null to FOLLOWER at term 0 for startAsFollower
2019-10-04 06:28:38,079 [pool-413-thread-1] INFO  impl.RoleInfo (RoleInfo.java:updateAndGet(143)) - 83f17af9-2e73-476c-8525-0e9bad91b23a: start FollowerState
2019-10-04 06:28:38,079 [pool-433-thread-1] INFO  util.JmxRegister (JmxRegister.java:tryRegister(44)) - Successfully registered JMX Bean with object name Ratis:service=RaftServer,group=group-619221FB1830,id=0ce744ad-f7fb-49c8-bd98-d04f0211340d
2019-10-04 06:28:38,079 [pool-413-thread-1] INFO  util.JmxRegister (JmxRegister.java:tryRegister(44)) - Successfully registered JMX Bean with object name Ratis:service=RaftServer,group=group-619221FB1830,id=83f17af9-2e73-476c-8525-0e9bad91b23a
2019-10-04 06:28:38,085 [RatisPipelineUtilsThread] INFO  pipeline.PipelineStateManager (PipelineStateManager.java:addPipeline(56)) - Created pipeline Pipeline[ Id: 911713ae-3e06-4ce6-9ba3-619221fb1830, Nodes: 83f17af9-2e73-476c-8525-0e9bad91b23a{ip: 192.168.157.194, host: pr-hdds-2244-dsjsm-2702112654, networkLocation: /default-rack, certSerialId: null}0ce744ad-f7fb-49c8-bd98-d04f0211340d{ip: 192.168.157.194, host: pr-hdds-2244-dsjsm-2702112654, networkLocation: /default-rack, certSerialId: null}300c89f6-5b02-41a0-9612-02f7e2d89fac{ip: 192.168.157.194, host: pr-hdds-2244-dsjsm-2702112654, networkLocation: /default-rack, certSerialId: null}, Type:RATIS, Factor:THREE, State:OPEN]
2019-10-04 06:28:38,957 [main] INFO  ozone.MiniOzoneClusterImpl (MiniOzoneClusterImpl.java:lambda$waitForClusterToBeReady$0(147)) - Cluster is ready. Got 7 of 7 DN Heartbeats.
2019-10-04 06:28:39,001 [main] INFO  rpc.RpcClient (RpcClient.java:createVolume(277)) - Creating Volume: watchforcommithandlingtest, with jenkins1000 as owner.
2019-10-04 06:28:39,003 [IPC Server handler 1 on 32827] INFO  volume.OMVolumeCreateRequest (OMVolumeCreateRequest.java:validateAndUpdateCache(193)) - created volume:watchforcommithandlingtest for user:jenkins1000
2019-10-04 06:28:39,019 [main] INFO  rpc.RpcClient (RpcClient.java:createBucket(416)) - Creating Bucket: watchforcommithandlingtest/watchforcommithandlingtest, with Versioning false and Storage Type set to DISK and Encryption set to false 
2019-10-04 06:28:39,024 [main] INFO  ozone.MiniOzoneClusterImpl (MiniOzoneClusterImpl.java:getStorageContainerLocationClient(234)) - Creating StorageContainerLocationProtocol RPC client with address /0.0.0.0:43841
2019-10-04 06:28:40,591 [Thread-2398] INFO  container.ReplicationManager (ReplicationManager.java:start(162)) - Starting Replication Monitor Thread.
2019-10-04 06:28:40,595 [ReplicationMonitor] INFO  container.ReplicationManager (ReplicationManager.java:run(225)) - Replication Monitor Thread took 0 milliseconds for processing 1 containers.
2019-10-04 06:28:42,793 [Thread-2403] INFO  impl.FollowerState (FollowerState.java:run(108)) - ea4e6954-e23c-4093-8d43-714e37052889@group-E79715A63052-FollowerState: change to CANDIDATE, lastRpcTime:5092ms, electionTimeout:5092ms
2019-10-04 06:28:42,794 [Thread-2403] INFO  impl.RoleInfo (RoleInfo.java:shutdownFollowerState(121)) - ea4e6954-e23c-4093-8d43-714e37052889: shutdown FollowerState
2019-10-04 06:28:42,794 [Thread-2403] INFO  impl.RaftServerImpl (RaftServerImpl.java:setRole(170)) - ea4e6954-e23c-4093-8d43-714e37052889@group-E79715A63052: changes role from  FOLLOWER to CANDIDATE at term 0 for changeToCandidate
2019-10-04 06:28:42,794 [Thread-2403] INFO  impl.RoleInfo (RoleInfo.java:updateAndGet(143)) - ea4e6954-e23c-4093-8d43-714e37052889: start LeaderElection
2019-10-04 06:28:42,812 [Thread-2406] INFO  impl.FollowerState (FollowerState.java:run(108)) - f459b77a-2a9c-4d3c-90e7-b4141adc7662@group-217651D561E4-FollowerState: change to CANDIDATE, lastRpcTime:5066ms, electionTimeout:5066ms
2019-10-04 06:28:42,812 [Thread-2406] INFO  impl.RoleInfo (RoleInfo.java:shutdownFollowerState(121)) - f459b77a-2a9c-4d3c-90e7-b4141adc7662: shutdown FollowerState
2019-10-04 06:28:42,812 [Thread-2406] INFO  impl.RaftServerImpl (RaftServerImpl.java:setRole(170)) - f459b77a-2a9c-4d3c-90e7-b4141adc7662@group-217651D561E4: changes role from  FOLLOWER to CANDIDATE at term 0 for changeToCandidate
2019-10-04 06:28:42,812 [Thread-2406] INFO  impl.RoleInfo (RoleInfo.java:updateAndGet(143)) - f459b77a-2a9c-4d3c-90e7-b4141adc7662: start LeaderElection
2019-10-04 06:28:42,822 [ea4e6954-e23c-4093-8d43-714e37052889@group-E79715A63052-LeaderElection96] INFO  impl.LeaderElection (LeaderElection.java:askForVotes(178)) - ea4e6954-e23c-4093-8d43-714e37052889@group-E79715A63052-LeaderElection96: begin an election at term 1 for -1: [ea4e6954-e23c-4093-8d43-714e37052889:192.168.157.194:34397], old=null
2019-10-04 06:28:42,822 [ea4e6954-e23c-4093-8d43-714e37052889@group-E79715A63052-LeaderElection96] INFO  impl.RoleInfo (RoleInfo.java:shutdownLeaderElection(134)) - ea4e6954-e23c-4093-8d43-714e37052889: shutdown LeaderElection
2019-10-04 06:28:42,822 [ea4e6954-e23c-4093-8d43-714e37052889@group-E79715A63052-LeaderElection96] INFO  impl.RaftServerImpl (RaftServerImpl.java:setRole(170)) - ea4e6954-e23c-4093-8d43-714e37052889@group-E79715A63052: changes role from CANDIDATE to LEADER at term 1 for changeToLeader
2019-10-04 06:28:42,822 [ea4e6954-e23c-4093-8d43-714e37052889@group-E79715A63052-LeaderElection96] INFO  impl.RaftServerImpl (ServerState.java:setLeader(255)) - ea4e6954-e23c-4093-8d43-714e37052889@group-E79715A63052: change Leader from null to ea4e6954-e23c-4093-8d43-714e37052889 at term 1 for becomeLeader, leader elected after 5127ms
2019-10-04 06:28:42,822 [ea4e6954-e23c-4093-8d43-714e37052889@group-E79715A63052-LeaderElection96] INFO  server.RaftServerConfigKeys (ConfUtils.java:logGet(43)) - raft.server.staging.catchup.gap = 1000 (default)
2019-10-04 06:28:42,823 [ea4e6954-e23c-4093-8d43-714e37052889@group-E79715A63052-LeaderElection96] INFO  server.RaftServerConfigKeys (ConfUtils.java:logGet(43)) - raft.server.rpc.sleep.time = 25ms (default)
2019-10-04 06:28:42,823 [ea4e6954-e23c-4093-8d43-714e37052889@group-E79715A63052-LeaderElection96] INFO  server.RaftServerConfigKeys (ConfUtils.java:logGet(43)) - raft.server.write.element-limit = 4096 (default)
2019-10-04 06:28:42,823 [ea4e6954-e23c-4093-8d43-714e37052889@group-E79715A63052-LeaderElection96] INFO  server.RaftServerConfigKeys (ConfUtils.java:logGet(43)) - raft.server.watch.timeout = 10s (default)
2019-10-04 06:28:42,823 [ea4e6954-e23c-4093-8d43-714e37052889@group-E79715A63052-LeaderElection96] INFO  server.RaftServerConfigKeys (ConfUtils.java:logGet(43)) - raft.server.watch.timeout.denomination = 1s (default)
2019-10-04 06:28:42,823 [ea4e6954-e23c-4093-8d43-714e37052889@group-E79715A63052-LeaderElection96] INFO  server.RaftServerConfigKeys (ConfUtils.java:logGet(43)) - raft.server.watch.element-limit = 65536 (default)
2019-10-04 06:28:42,826 [ea4e6954-e23c-4093-8d43-714e37052889@group-E79715A63052-LeaderElection96] INFO  impl.RoleInfo (RoleInfo.java:updateAndGet(143)) - ea4e6954-e23c-4093-8d43-714e37052889: start LeaderState
2019-10-04 06:28:42,826 [ea4e6954-e23c-4093-8d43-714e37052889@group-E79715A63052-LeaderElection96] INFO  segmented.SegmentedRaftLogWorker (SegmentedRaftLogWorker.java:startLogSegment(385)) - ea4e6954-e23c-4093-8d43-714e37052889@group-E79715A63052-SegmentedRaftLogWorker: Starting segment from index:0
2019-10-04 06:28:42,827 [ea4e6954-e23c-4093-8d43-714e37052889@group-E79715A63052-LeaderElection96] INFO  impl.RaftServerImpl (ServerState.java:setRaftConf(356)) - ea4e6954-e23c-4093-8d43-714e37052889@group-E79715A63052: set configuration 0: [ea4e6954-e23c-4093-8d43-714e37052889:192.168.157.194:34397], old=null at 0
2019-10-04 06:28:42,828 [Thread-2400] INFO  impl.FollowerState (FollowerState.java:run(108)) - 930eceb1-b99d-4538-8394-cbd44ab0a135@group-02E29D7B9C33-FollowerState: change to CANDIDATE, lastRpcTime:5176ms, electionTimeout:5176ms
2019-10-04 06:28:42,828 [Thread-2400] INFO  impl.RoleInfo (RoleInfo.java:shutdownFollowerState(121)) - 930eceb1-b99d-4538-8394-cbd44ab0a135: shutdown FollowerState
2019-10-04 06:28:42,829 [Thread-2400] INFO  impl.RaftServerImpl (RaftServerImpl.java:setRole(170)) - 930eceb1-b99d-4538-8394-cbd44ab0a135@group-02E29D7B9C33: changes role from  FOLLOWER to CANDIDATE at term 0 for changeToCandidate
2019-10-04 06:28:42,829 [Thread-2400] INFO  impl.RoleInfo (RoleInfo.java:updateAndGet(143)) - 930eceb1-b99d-4538-8394-cbd44ab0a135: start LeaderElection
2019-10-04 06:28:42,861 [f459b77a-2a9c-4d3c-90e7-b4141adc7662@group-217651D561E4-LeaderElection97] INFO  impl.LeaderElection (LeaderElection.java:askForVotes(178)) - f459b77a-2a9c-4d3c-90e7-b4141adc7662@group-217651D561E4-LeaderElection97: begin an election at term 1 for -1: [f459b77a-2a9c-4d3c-90e7-b4141adc7662:192.168.157.194:46110], old=null
2019-10-04 06:28:42,861 [f459b77a-2a9c-4d3c-90e7-b4141adc7662@group-217651D561E4-LeaderElection97] INFO  impl.RoleInfo (RoleInfo.java:shutdownLeaderElection(134)) - f459b77a-2a9c-4d3c-90e7-b4141adc7662: shutdown LeaderElection
2019-10-04 06:28:42,868 [f459b77a-2a9c-4d3c-90e7-b4141adc7662@group-217651D561E4-LeaderElection97] INFO  impl.RaftServerImpl (RaftServerImpl.java:setRole(170)) - f459b77a-2a9c-4d3c-90e7-b4141adc7662@group-217651D561E4: changes role from CANDIDATE to LEADER at term 1 for changeToLeader
2019-10-04 06:28:42,868 [f459b77a-2a9c-4d3c-90e7-b4141adc7662@group-217651D561E4-LeaderElection97] INFO  impl.RaftServerImpl (ServerState.java:setLeader(255)) - f459b77a-2a9c-4d3c-90e7-b4141adc7662@group-217651D561E4: change Leader from null to f459b77a-2a9c-4d3c-90e7-b4141adc7662 at term 1 for becomeLeader, leader elected after 5126ms
2019-10-04 06:28:42,868 [f459b77a-2a9c-4d3c-90e7-b4141adc7662@group-217651D561E4-LeaderElection97] INFO  server.RaftServerConfigKeys (ConfUtils.java:logGet(43)) - raft.server.staging.catchup.gap = 1000 (default)
2019-10-04 06:28:42,868 [f459b77a-2a9c-4d3c-90e7-b4141adc7662@group-217651D561E4-LeaderElection97] INFO  server.RaftServerConfigKeys (ConfUtils.java:logGet(43)) - raft.server.rpc.sleep.time = 25ms (default)
2019-10-04 06:28:42,869 [f459b77a-2a9c-4d3c-90e7-b4141adc7662@group-217651D561E4-LeaderElection97] INFO  server.RaftServerConfigKeys (ConfUtils.java:logGet(43)) - raft.server.write.element-limit = 4096 (default)
2019-10-04 06:28:42,869 [f459b77a-2a9c-4d3c-90e7-b4141adc7662@group-217651D561E4-LeaderElection97] INFO  server.RaftServerConfigKeys (ConfUtils.java:logGet(43)) - raft.server.watch.timeout = 10s (default)
2019-10-04 06:28:42,869 [f459b77a-2a9c-4d3c-90e7-b4141adc7662@group-217651D561E4-LeaderElection97] INFO  server.RaftServerConfigKeys (ConfUtils.java:logGet(43)) - raft.server.watch.timeout.denomination = 1s (default)
2019-10-04 06:28:42,869 [f459b77a-2a9c-4d3c-90e7-b4141adc7662@group-217651D561E4-LeaderElection97] INFO  server.RaftServerConfigKeys (ConfUtils.java:logGet(43)) - raft.server.watch.element-limit = 65536 (default)
2019-10-04 06:28:42,871 [f459b77a-2a9c-4d3c-90e7-b4141adc7662@group-217651D561E4-LeaderElection97] INFO  impl.RoleInfo (RoleInfo.java:updateAndGet(143)) - f459b77a-2a9c-4d3c-90e7-b4141adc7662: start LeaderState
2019-10-04 06:28:42,872 [f459b77a-2a9c-4d3c-90e7-b4141adc7662@group-217651D561E4-LeaderElection97] INFO  segmented.SegmentedRaftLogWorker (SegmentedRaftLogWorker.java:startLogSegment(385)) - f459b77a-2a9c-4d3c-90e7-b4141adc7662@group-217651D561E4-SegmentedRaftLogWorker: Starting segment from index:0
2019-10-04 06:28:42,872 [f459b77a-2a9c-4d3c-90e7-b4141adc7662@group-217651D561E4-LeaderElection97] INFO  impl.RaftServerImpl (ServerState.java:setRaftConf(356)) - f459b77a-2a9c-4d3c-90e7-b4141adc7662@group-217651D561E4: set configuration 0: [f459b77a-2a9c-4d3c-90e7-b4141adc7662:192.168.157.194:46110], old=null at 0
2019-10-04 06:28:42,873 [ea4e6954-e23c-4093-8d43-714e37052889@group-E79715A63052-SegmentedRaftLogWorker] INFO  segmented.SegmentedRaftLogWorker (SegmentedRaftLogWorker.java:execute(574)) - ea4e6954-e23c-4093-8d43-714e37052889@group-E79715A63052-SegmentedRaftLogWorker: created new log segment /workdir/hadoop-ozone/integration-test/target/test-dir/MiniOzoneClusterImpl-bb82a069-c5f8-4867-8b76-edf785cfeeaa/datanode-1/data/ratis/ca7ff252-c7f5-4348-ae12-e79715a63052/current/log_inprogress_0
2019-10-04 06:28:42,873 [930eceb1-b99d-4538-8394-cbd44ab0a135@group-02E29D7B9C33-LeaderElection98] INFO  impl.LeaderElection (LeaderElection.java:askForVotes(178)) - 930eceb1-b99d-4538-8394-cbd44ab0a135@group-02E29D7B9C33-LeaderElection98: begin an election at term 1 for -1: [930eceb1-b99d-4538-8394-cbd44ab0a135:192.168.157.194:45294], old=null
2019-10-04 06:28:42,874 [930eceb1-b99d-4538-8394-cbd44ab0a135@group-02E29D7B9C33-LeaderElection98] INFO  impl.RoleInfo (RoleInfo.java:shutdownLeaderElection(134)) - 930eceb1-b99d-4538-8394-cbd44ab0a135: shutdown LeaderElection
2019-10-04 06:28:42,874 [930eceb1-b99d-4538-8394-cbd44ab0a135@group-02E29D7B9C33-LeaderElection98] INFO  impl.RaftServerImpl (RaftServerImpl.java:setRole(170)) - 930eceb1-b99d-4538-8394-cbd44ab0a135@group-02E29D7B9C33: changes role from CANDIDATE to LEADER at term 1 for changeToLeader
2019-10-04 06:28:42,874 [930eceb1-b99d-4538-8394-cbd44ab0a135@group-02E29D7B9C33-LeaderElection98] INFO  impl.RaftServerImpl (ServerState.java:setLeader(255)) - 930eceb1-b99d-4538-8394-cbd44ab0a135@group-02E29D7B9C33: change Leader from null to 930eceb1-b99d-4538-8394-cbd44ab0a135 at term 1 for becomeLeader, leader elected after 5230ms
2019-10-04 06:28:42,874 [930eceb1-b99d-4538-8394-cbd44ab0a135@group-02E29D7B9C33-LeaderElection98] INFO  server.RaftServerConfigKeys (ConfUtils.java:logGet(43)) - raft.server.staging.catchup.gap = 1000 (default)
2019-10-04 06:28:42,874 [930eceb1-b99d-4538-8394-cbd44ab0a135@group-02E29D7B9C33-LeaderElection98] INFO  server.RaftServerConfigKeys (ConfUtils.java:logGet(43)) - raft.server.rpc.sleep.time = 25ms (default)
2019-10-04 06:28:42,874 [930eceb1-b99d-4538-8394-cbd44ab0a135@group-02E29D7B9C33-LeaderElection98] INFO  server.RaftServerConfigKeys (ConfUtils.java:logGet(43)) - raft.server.write.element-limit = 4096 (default)
2019-10-04 06:28:42,874 [930eceb1-b99d-4538-8394-cbd44ab0a135@group-02E29D7B9C33-LeaderElection98] INFO  server.RaftServerConfigKeys (ConfUtils.java:logGet(43)) - raft.server.watch.timeout = 10s (default)
2019-10-04 06:28:42,874 [930eceb1-b99d-4538-8394-cbd44ab0a135@group-02E29D7B9C33-LeaderElection98] INFO  server.RaftServerConfigKeys (ConfUtils.java:logGet(43)) - raft.server.watch.timeout.denomination = 1s (default)
2019-10-04 06:28:42,874 [930eceb1-b99d-4538-8394-cbd44ab0a135@group-02E29D7B9C33-LeaderElection98] INFO  server.RaftServerConfigKeys (ConfUtils.java:logGet(43)) - raft.server.watch.element-limit = 65536 (default)
2019-10-04 06:28:42,876 [930eceb1-b99d-4538-8394-cbd44ab0a135@group-02E29D7B9C33-LeaderElection98] INFO  impl.RoleInfo (RoleInfo.java:updateAndGet(143)) - 930eceb1-b99d-4538-8394-cbd44ab0a135: start LeaderState
2019-10-04 06:28:42,876 [930eceb1-b99d-4538-8394-cbd44ab0a135@group-02E29D7B9C33-LeaderElection98] INFO  segmented.SegmentedRaftLogWorker (SegmentedRaftLogWorker.java:startLogSegment(385)) - 930eceb1-b99d-4538-8394-cbd44ab0a135@group-02E29D7B9C33-SegmentedRaftLogWorker: Starting segment from index:0
2019-10-04 06:28:42,877 [930eceb1-b99d-4538-8394-cbd44ab0a135@group-02E29D7B9C33-LeaderElection98] INFO  impl.RaftServerImpl (ServerState.java:setRaftConf(356)) - 930eceb1-b99d-4538-8394-cbd44ab0a135@group-02E29D7B9C33: set configuration 0: [930eceb1-b99d-4538-8394-cbd44ab0a135:192.168.157.194:45294], old=null at 0
2019-10-04 06:28:42,891 [Thread-2413] INFO  impl.FollowerState (FollowerState.java:run(108)) - ea4e6954-e23c-4093-8d43-714e37052889@group-5EEB630CC6FD-FollowerState: change to CANDIDATE, lastRpcTime:5073ms, electionTimeout:5073ms
2019-10-04 06:28:42,891 [Thread-2413] INFO  impl.RoleInfo (RoleInfo.java:shutdownFollowerState(121)) - ea4e6954-e23c-4093-8d43-714e37052889: shutdown FollowerState
2019-10-04 06:28:42,891 [Thread-2413] INFO  impl.RaftServerImpl (RaftServerImpl.java:setRole(170)) - ea4e6954-e23c-4093-8d43-714e37052889@group-5EEB630CC6FD: changes role from  FOLLOWER to CANDIDATE at term 0 for changeToCandidate
2019-10-04 06:28:42,891 [Thread-2413] INFO  impl.RoleInfo (RoleInfo.java:updateAndGet(143)) - ea4e6954-e23c-4093-8d43-714e37052889: start LeaderElection
2019-10-04 06:28:42,912 [Thread-2409] INFO  impl.FollowerState (FollowerState.java:run(108)) - f459b77a-2a9c-4d3c-90e7-b4141adc7662@group-5EEB630CC6FD-FollowerState: change to CANDIDATE, lastRpcTime:5100ms, electionTimeout:5090ms
2019-10-04 06:28:42,912 [Thread-2409] INFO  impl.RoleInfo (RoleInfo.java:shutdownFollowerState(121)) - f459b77a-2a9c-4d3c-90e7-b4141adc7662: shutdown FollowerState
2019-10-04 06:28:42,915 [Thread-2409] INFO  impl.RaftServerImpl (RaftServerImpl.java:setRole(170)) - f459b77a-2a9c-4d3c-90e7-b4141adc7662@group-5EEB630CC6FD: changes role from  FOLLOWER to CANDIDATE at term 0 for changeToCandidate
2019-10-04 06:28:42,915 [Thread-2409] INFO  impl.RoleInfo (RoleInfo.java:updateAndGet(143)) - f459b77a-2a9c-4d3c-90e7-b4141adc7662: start LeaderElection
2019-10-04 06:28:42,934 [930eceb1-b99d-4538-8394-cbd44ab0a135@group-02E29D7B9C33-SegmentedRaftLogWorker] INFO  segmented.SegmentedRaftLogWorker (SegmentedRaftLogWorker.java:execute(574)) - 930eceb1-b99d-4538-8394-cbd44ab0a135@group-02E29D7B9C33-SegmentedRaftLogWorker: created new log segment /workdir/hadoop-ozone/integration-test/target/test-dir/MiniOzoneClusterImpl-bb82a069-c5f8-4867-8b76-edf785cfeeaa/datanode-0/data/ratis/8f219c7f-515f-4537-a8e8-02e29d7b9c33/current/log_inprogress_0
2019-10-04 06:28:42,934 [f459b77a-2a9c-4d3c-90e7-b4141adc7662@group-217651D561E4-SegmentedRaftLogWorker] INFO  segmented.SegmentedRaftLogWorker (SegmentedRaftLogWorker.java:execute(574)) - f459b77a-2a9c-4d3c-90e7-b4141adc7662@group-217651D561E4-SegmentedRaftLogWorker: created new log segment /workdir/hadoop-ozone/integration-test/target/test-dir/MiniOzoneClusterImpl-bb82a069-c5f8-4867-8b76-edf785cfeeaa/datanode-2/data/ratis/0d813975-95ec-4b27-94b7-217651d561e4/current/log_inprogress_0
2019-10-04 06:28:42,934 [ea4e6954-e23c-4093-8d43-714e37052889@group-5EEB630CC6FD-LeaderElection99] INFO  impl.LeaderElection (LeaderElection.java:askForVotes(178)) - ea4e6954-e23c-4093-8d43-714e37052889@group-5EEB630CC6FD-LeaderElection99: begin an election at term 1 for -1: [ea4e6954-e23c-4093-8d43-714e37052889:192.168.157.194:34397, f459b77a-2a9c-4d3c-90e7-b4141adc7662:192.168.157.194:46110, 930eceb1-b99d-4538-8394-cbd44ab0a135:192.168.157.194:45294], old=null
2019-10-04 06:28:42,934 [f459b77a-2a9c-4d3c-90e7-b4141adc7662@group-5EEB630CC6FD-LeaderElection100] INFO  impl.LeaderElection (LeaderElection.java:askForVotes(178)) - f459b77a-2a9c-4d3c-90e7-b4141adc7662@group-5EEB630CC6FD-LeaderElection100: begin an election at term 1 for -1: [ea4e6954-e23c-4093-8d43-714e37052889:192.168.157.194:34397, f459b77a-2a9c-4d3c-90e7-b4141adc7662:192.168.157.194:46110, 930eceb1-b99d-4538-8394-cbd44ab0a135:192.168.157.194:45294], old=null
2019-10-04 06:28:42,946 [grpc-default-executor-7] INFO  impl.RaftServerImpl (RaftServerImpl.java:setRole(170)) - 930eceb1-b99d-4538-8394-cbd44ab0a135@group-5EEB630CC6FD: changes role from  FOLLOWER to FOLLOWER at term 1 for recognizeCandidate:ea4e6954-e23c-4093-8d43-714e37052889
2019-10-04 06:28:42,949 [grpc-default-executor-7] INFO  impl.RoleInfo (RoleInfo.java:shutdownFollowerState(121)) - 930eceb1-b99d-4538-8394-cbd44ab0a135: shutdown FollowerState
2019-10-04 06:28:42,950 [grpc-default-executor-7] INFO  impl.RoleInfo (RoleInfo.java:updateAndGet(143)) - 930eceb1-b99d-4538-8394-cbd44ab0a135: start FollowerState
2019-10-04 06:28:42,953 [Thread-2414] INFO  impl.FollowerState (FollowerState.java:run(117)) - 930eceb1-b99d-4538-8394-cbd44ab0a135@group-5EEB630CC6FD-FollowerState was interrupted: java.lang.InterruptedException: sleep interrupted
2019-10-04 06:28:42,965 [ea4e6954-e23c-4093-8d43-714e37052889@group-5EEB630CC6FD-LeaderElection99] INFO  impl.LeaderElection (LeaderElection.java:logAndReturn(56)) - ea4e6954-e23c-4093-8d43-714e37052889@group-5EEB630CC6FD-LeaderElection99: Election PASSED; received 2 response(s) [ea4e6954-e23c-4093-8d43-714e37052889<-f459b77a-2a9c-4d3c-90e7-b4141adc7662#0:FAIL-t1, ea4e6954-e23c-4093-8d43-714e37052889<-930eceb1-b99d-4538-8394-cbd44ab0a135#0:OK-t1] and 0 exception(s); ea4e6954-e23c-4093-8d43-714e37052889@group-5EEB630CC6FD:t1, leader=null, voted=ea4e6954-e23c-4093-8d43-714e37052889, raftlog=ea4e6954-e23c-4093-8d43-714e37052889@group-5EEB630CC6FD-SegmentedRaftLog:OPENED:c-1,f-1,i0, conf=-1: [ea4e6954-e23c-4093-8d43-714e37052889:192.168.157.194:34397, f459b77a-2a9c-4d3c-90e7-b4141adc7662:192.168.157.194:46110, 930eceb1-b99d-4538-8394-cbd44ab0a135:192.168.157.194:45294], old=null
2019-10-04 06:28:42,965 [f459b77a-2a9c-4d3c-90e7-b4141adc7662@group-5EEB630CC6FD-LeaderElection100] INFO  impl.LeaderElection (LeaderElection.java:logAndReturn(56)) - f459b77a-2a9c-4d3c-90e7-b4141adc7662@group-5EEB630CC6FD-LeaderElection100: Election REJECTED; received 2 response(s) [f459b77a-2a9c-4d3c-90e7-b4141adc7662<-ea4e6954-e23c-4093-8d43-714e37052889#0:FAIL-t1, f459b77a-2a9c-4d3c-90e7-b4141adc7662<-930eceb1-b99d-4538-8394-cbd44ab0a135#0:FAIL-t1] and 0 exception(s); f459b77a-2a9c-4d3c-90e7-b4141adc7662@group-5EEB630CC6FD:t1, leader=null, voted=f459b77a-2a9c-4d3c-90e7-b4141adc7662, raftlog=f459b77a-2a9c-4d3c-90e7-b4141adc7662@group-5EEB630CC6FD-SegmentedRaftLog:OPENED:c-1,f-1,i0, conf=-1: [ea4e6954-e23c-4093-8d43-714e37052889:192.168.157.194:34397, f459b77a-2a9c-4d3c-90e7-b4141adc7662:192.168.157.194:46110, 930eceb1-b99d-4538-8394-cbd44ab0a135:192.168.157.194:45294], old=null
2019-10-04 06:28:42,966 [ea4e6954-e23c-4093-8d43-714e37052889@group-5EEB630CC6FD-LeaderElection99] INFO  impl.RoleInfo (RoleInfo.java:shutdownLeaderElection(134)) - ea4e6954-e23c-4093-8d43-714e37052889: shutdown LeaderElection
2019-10-04 06:28:42,966 [f459b77a-2a9c-4d3c-90e7-b4141adc7662@group-5EEB630CC6FD-LeaderElection100] INFO  impl.RaftServerImpl (RaftServerImpl.java:setRole(170)) - f459b77a-2a9c-4d3c-90e7-b4141adc7662@group-5EEB630CC6FD: changes role from CANDIDATE to FOLLOWER at term 1 for DISCOVERED_A_NEW_TERM
2019-10-04 06:28:42,966 [ea4e6954-e23c-4093-8d43-714e37052889@group-5EEB630CC6FD-LeaderElection99] INFO  impl.RaftServerImpl (RaftServerImpl.java:setRole(170)) - ea4e6954-e23c-4093-8d43-714e37052889@group-5EEB630CC6FD: changes role from CANDIDATE to LEADER at term 1 for changeToLeader
2019-10-04 06:28:42,966 [f459b77a-2a9c-4d3c-90e7-b4141adc7662@group-5EEB630CC6FD-LeaderElection100] INFO  impl.RoleInfo (RoleInfo.java:shutdownLeaderElection(134)) - f459b77a-2a9c-4d3c-90e7-b4141adc7662: shutdown LeaderElection
2019-10-04 06:28:42,967 [ea4e6954-e23c-4093-8d43-714e37052889@group-5EEB630CC6FD-LeaderElection99] INFO  impl.RaftServerImpl (ServerState.java:setLeader(255)) - ea4e6954-e23c-4093-8d43-714e37052889@group-5EEB630CC6FD: change Leader from null to ea4e6954-e23c-4093-8d43-714e37052889 at term 1 for becomeLeader, leader elected after 5163ms
2019-10-04 06:28:42,967 [f459b77a-2a9c-4d3c-90e7-b4141adc7662@group-5EEB630CC6FD-LeaderElection100] INFO  impl.RoleInfo (RoleInfo.java:updateAndGet(143)) - f459b77a-2a9c-4d3c-90e7-b4141adc7662: start FollowerState
2019-10-04 06:28:42,967 [ea4e6954-e23c-4093-8d43-714e37052889@group-5EEB630CC6FD-LeaderElection99] INFO  server.RaftServerConfigKeys (ConfUtils.java:logGet(43)) - raft.server.staging.catchup.gap = 1000 (default)
2019-10-04 06:28:42,967 [ea4e6954-e23c-4093-8d43-714e37052889@group-5EEB630CC6FD-LeaderElection99] INFO  server.RaftServerConfigKeys (ConfUtils.java:logGet(43)) - raft.server.rpc.sleep.time = 25ms (default)
2019-10-04 06:28:42,967 [ea4e6954-e23c-4093-8d43-714e37052889@group-5EEB630CC6FD-LeaderElection99] INFO  server.RaftServerConfigKeys (ConfUtils.java:logGet(43)) - raft.server.write.element-limit = 4096 (default)
2019-10-04 06:28:42,968 [ea4e6954-e23c-4093-8d43-714e37052889@group-5EEB630CC6FD-LeaderElection99] INFO  server.RaftServerConfigKeys (ConfUtils.java:logGet(43)) - raft.server.watch.timeout = 10s (default)
2019-10-04 06:28:42,968 [ea4e6954-e23c-4093-8d43-714e37052889@group-5EEB630CC6FD-LeaderElection99] INFO  server.RaftServerConfigKeys (ConfUtils.java:logGet(43)) - raft.server.watch.timeout.denomination = 1s (default)
2019-10-04 06:28:42,968 [ea4e6954-e23c-4093-8d43-714e37052889@group-5EEB630CC6FD-LeaderElection99] INFO  server.RaftServerConfigKeys (ConfUtils.java:logGet(43)) - raft.server.watch.element-limit = 65536 (default)
2019-10-04 06:28:42,970 [ea4e6954-e23c-4093-8d43-714e37052889@group-5EEB630CC6FD-LeaderElection99] INFO  server.RaftServerConfigKeys (ConfUtils.java:logGet(43)) - raft.server.log.appender.snapshot.chunk.size.max = 16MB (=16777216) (default)
2019-10-04 06:28:42,970 [ea4e6954-e23c-4093-8d43-714e37052889@group-5EEB630CC6FD-LeaderElection99] INFO  server.RaftServerConfigKeys (ConfUtils.java:logGet(43)) - raft.server.log.appender.buffer.byte-limit = 33554432 (custom)
2019-10-04 06:28:42,970 [ea4e6954-e23c-4093-8d43-714e37052889@group-5EEB630CC6FD-LeaderElection99] INFO  server.RaftServerConfigKeys (ConfUtils.java:logGet(43)) - raft.server.log.appender.buffer.element-limit = 1 (custom)
2019-10-04 06:28:42,971 [ea4e6954-e23c-4093-8d43-714e37052889@group-5EEB630CC6FD-LeaderElection99] INFO  grpc.GrpcConfigKeys$Server (ConfUtils.java:logGet(43)) - raft.grpc.server.leader.outstanding.appends.max = 128 (default)
2019-10-04 06:28:42,971 [ea4e6954-e23c-4093-8d43-714e37052889@group-5EEB630CC6FD-LeaderElection99] INFO  server.RaftServerConfigKeys (ConfUtils.java:logGet(43)) - raft.server.rpc.request.timeout = 3000ms (default)
2019-10-04 06:28:42,971 [ea4e6954-e23c-4093-8d43-714e37052889@group-5EEB630CC6FD-LeaderElection99] INFO  server.RaftServerConfigKeys (ConfUtils.java:logGet(43)) - raft.server.log.appender.install.snapshot.enabled = false (custom)
2019-10-04 06:28:42,971 [ea4e6954-e23c-4093-8d43-714e37052889@group-5EEB630CC6FD-LeaderElection99] INFO  server.RaftServerConfigKeys (ConfUtils.java:logGet(43)) - raft.server.log.appender.snapshot.chunk.size.max = 16MB (=16777216) (default)
2019-10-04 06:28:42,972 [ea4e6954-e23c-4093-8d43-714e37052889@group-5EEB630CC6FD-LeaderElection99] INFO  server.RaftServerConfigKeys (ConfUtils.java:logGet(43)) - raft.server.log.appender.buffer.byte-limit = 33554432 (custom)
2019-10-04 06:28:42,972 [ea4e6954-e23c-4093-8d43-714e37052889@group-5EEB630CC6FD-LeaderElection99] INFO  server.RaftServerConfigKeys (ConfUtils.java:logGet(43)) - raft.server.log.appender.buffer.element-limit = 1 (custom)
2019-10-04 06:28:42,972 [ea4e6954-e23c-4093-8d43-714e37052889@group-5EEB630CC6FD-LeaderElection99] INFO  grpc.GrpcConfigKeys$Server (ConfUtils.java:logGet(43)) - raft.grpc.server.leader.outstanding.appends.max = 128 (default)
2019-10-04 06:28:42,972 [ea4e6954-e23c-4093-8d43-714e37052889@group-5EEB630CC6FD-LeaderElection99] INFO  server.RaftServerConfigKeys (ConfUtils.java:logGet(43)) - raft.server.rpc.request.timeout = 3000ms (default)
2019-10-04 06:28:42,972 [ea4e6954-e23c-4093-8d43-714e37052889@group-5EEB630CC6FD-LeaderElection99] INFO  server.RaftServerConfigKeys (ConfUtils.java:logGet(43)) - raft.server.log.appender.install.snapshot.enabled = false (custom)
2019-10-04 06:28:42,972 [ea4e6954-e23c-4093-8d43-714e37052889@group-5EEB630CC6FD-LeaderElection99] INFO  impl.RoleInfo (RoleInfo.java:updateAndGet(143)) - ea4e6954-e23c-4093-8d43-714e37052889: start LeaderState
2019-10-04 06:28:42,973 [ea4e6954-e23c-4093-8d43-714e37052889@group-5EEB630CC6FD-LeaderElection99] INFO  segmented.SegmentedRaftLogWorker (SegmentedRaftLogWorker.java:startLogSegment(385)) - ea4e6954-e23c-4093-8d43-714e37052889@group-5EEB630CC6FD-SegmentedRaftLogWorker: Starting segment from index:0
2019-10-04 06:28:42,973 [ea4e6954-e23c-4093-8d43-714e37052889@group-5EEB630CC6FD-LeaderElection99] INFO  impl.RaftServerImpl (ServerState.java:setRaftConf(356)) - ea4e6954-e23c-4093-8d43-714e37052889@group-5EEB630CC6FD: set configuration 0: [ea4e6954-e23c-4093-8d43-714e37052889:192.168.157.194:34397, f459b77a-2a9c-4d3c-90e7-b4141adc7662:192.168.157.194:46110, 930eceb1-b99d-4538-8394-cbd44ab0a135:192.168.157.194:45294], old=null at 0
2019-10-04 06:28:43,004 [grpc-default-executor-2] INFO  impl.RaftServerImpl (ServerState.java:setLeader(255)) - f459b77a-2a9c-4d3c-90e7-b4141adc7662@group-5EEB630CC6FD: change Leader from null to ea4e6954-e23c-4093-8d43-714e37052889 at term 1 for appendEntries, leader elected after 5201ms
2019-10-04 06:28:43,005 [grpc-default-executor-7] INFO  impl.RaftServerImpl (ServerState.java:setLeader(255)) - 930eceb1-b99d-4538-8394-cbd44ab0a135@group-5EEB630CC6FD: change Leader from null to ea4e6954-e23c-4093-8d43-714e37052889 at term 1 for appendEntries, leader elected after 5202ms
2019-10-04 06:28:43,007 [grpc-default-executor-2] INFO  impl.RaftServerImpl (ServerState.java:setRaftConf(356)) - f459b77a-2a9c-4d3c-90e7-b4141adc7662@group-5EEB630CC6FD: set configuration 0: [ea4e6954-e23c-4093-8d43-714e37052889:192.168.157.194:34397, f459b77a-2a9c-4d3c-90e7-b4141adc7662:192.168.157.194:46110, 930eceb1-b99d-4538-8394-cbd44ab0a135:192.168.157.194:45294], old=null at 0
2019-10-04 06:28:43,007 [grpc-default-executor-7] INFO  impl.RaftServerImpl (ServerState.java:setRaftConf(356)) - 930eceb1-b99d-4538-8394-cbd44ab0a135@group-5EEB630CC6FD: set configuration 0: [ea4e6954-e23c-4093-8d43-714e37052889:192.168.157.194:34397, f459b77a-2a9c-4d3c-90e7-b4141adc7662:192.168.157.194:46110, 930eceb1-b99d-4538-8394-cbd44ab0a135:192.168.157.194:45294], old=null at 0
2019-10-04 06:28:43,007 [grpc-default-executor-2] INFO  segmented.SegmentedRaftLogWorker (SegmentedRaftLogWorker.java:startLogSegment(385)) - f459b77a-2a9c-4d3c-90e7-b4141adc7662@group-5EEB630CC6FD-SegmentedRaftLogWorker: Starting segment from index:0
2019-10-04 06:28:43,008 [grpc-default-executor-7] INFO  segmented.SegmentedRaftLogWorker (SegmentedRaftLogWorker.java:startLogSegment(385)) - 930eceb1-b99d-4538-8394-cbd44ab0a135@group-5EEB630CC6FD-SegmentedRaftLogWorker: Starting segment from index:0
2019-10-04 06:28:43,008 [ea4e6954-e23c-4093-8d43-714e37052889@group-5EEB630CC6FD-SegmentedRaftLogWorker] INFO  segmented.SegmentedRaftLogWorker (SegmentedRaftLogWorker.java:execute(574)) - ea4e6954-e23c-4093-8d43-714e37052889@group-5EEB630CC6FD-SegmentedRaftLogWorker: created new log segment /workdir/hadoop-ozone/integration-test/target/test-dir/MiniOzoneClusterImpl-bb82a069-c5f8-4867-8b76-edf785cfeeaa/datanode-1/data/ratis/f9c0333e-7d4b-491a-ad0f-5eeb630cc6fd/current/log_inprogress_0
2019-10-04 06:28:43,032 [Thread-2418] INFO  impl.FollowerState (FollowerState.java:run(108)) - 83f17af9-2e73-476c-8525-0e9bad91b23a@group-408664160166-FollowerState: change to CANDIDATE, lastRpcTime:5169ms, electionTimeout:5169ms
2019-10-04 06:28:43,033 [Thread-2418] INFO  impl.RoleInfo (RoleInfo.java:shutdownFollowerState(121)) - 83f17af9-2e73-476c-8525-0e9bad91b23a: shutdown FollowerState
2019-10-04 06:28:43,033 [Thread-2418] INFO  impl.RaftServerImpl (RaftServerImpl.java:setRole(170)) - 83f17af9-2e73-476c-8525-0e9bad91b23a@group-408664160166: changes role from  FOLLOWER to CANDIDATE at term 0 for changeToCandidate
2019-10-04 06:28:43,033 [Thread-2418] INFO  impl.RoleInfo (RoleInfo.java:updateAndGet(143)) - 83f17af9-2e73-476c-8525-0e9bad91b23a: start LeaderElection
2019-10-04 06:28:43,042 [Thread-2421] INFO  impl.FollowerState (FollowerState.java:run(108)) - 300c89f6-5b02-41a0-9612-02f7e2d89fac@group-189F0E07968F-FollowerState: change to CANDIDATE, lastRpcTime:5116ms, electionTimeout:5112ms
2019-10-04 06:28:43,042 [930eceb1-b99d-4538-8394-cbd44ab0a135@group-5EEB630CC6FD-SegmentedRaftLogWorker] INFO  segmented.SegmentedRaftLogWorker (SegmentedRaftLogWorker.java:execute(574)) - 930eceb1-b99d-4538-8394-cbd44ab0a135@group-5EEB630CC6FD-SegmentedRaftLogWorker: created new log segment /workdir/hadoop-ozone/integration-test/target/test-dir/MiniOzoneClusterImpl-bb82a069-c5f8-4867-8b76-edf785cfeeaa/datanode-0/data/ratis/f9c0333e-7d4b-491a-ad0f-5eeb630cc6fd/current/log_inprogress_0
2019-10-04 06:28:43,046 [Thread-2421] INFO  impl.RoleInfo (RoleInfo.java:shutdownFollowerState(121)) - 300c89f6-5b02-41a0-9612-02f7e2d89fac: shutdown FollowerState
2019-10-04 06:28:43,046 [Thread-2421] INFO  impl.RaftServerImpl (RaftServerImpl.java:setRole(170)) - 300c89f6-5b02-41a0-9612-02f7e2d89fac@group-189F0E07968F: changes role from  FOLLOWER to CANDIDATE at term 0 for changeToCandidate
2019-10-04 06:28:43,046 [Thread-2421] INFO  impl.RoleInfo (RoleInfo.java:updateAndGet(143)) - 300c89f6-5b02-41a0-9612-02f7e2d89fac: start LeaderElection
2019-10-04 06:28:43,078 [f459b77a-2a9c-4d3c-90e7-b4141adc7662@group-5EEB630CC6FD-SegmentedRaftLogWorker] INFO  segmented.SegmentedRaftLogWorker (SegmentedRaftLogWorker.java:execute(574)) - f459b77a-2a9c-4d3c-90e7-b4141adc7662@group-5EEB630CC6FD-SegmentedRaftLogWorker: created new log segment /workdir/hadoop-ozone/integration-test/target/test-dir/MiniOzoneClusterImpl-bb82a069-c5f8-4867-8b76-edf785cfeeaa/datanode-2/data/ratis/f9c0333e-7d4b-491a-ad0f-5eeb630cc6fd/current/log_inprogress_0
2019-10-04 06:28:43,078 [300c89f6-5b02-41a0-9612-02f7e2d89fac@group-189F0E07968F-LeaderElection102] INFO  impl.LeaderElection (LeaderElection.java:askForVotes(178)) - 300c89f6-5b02-41a0-9612-02f7e2d89fac@group-189F0E07968F-LeaderElection102: begin an election at term 1 for -1: [300c89f6-5b02-41a0-9612-02f7e2d89fac:192.168.157.194:34172], old=null
2019-10-04 06:28:43,078 [83f17af9-2e73-476c-8525-0e9bad91b23a@group-408664160166-LeaderElection101] INFO  impl.LeaderElection (LeaderElection.java:askForVotes(178)) - 83f17af9-2e73-476c-8525-0e9bad91b23a@group-408664160166-LeaderElection101: begin an election at term 1 for -1: [83f17af9-2e73-476c-8525-0e9bad91b23a:192.168.157.194:44554], old=null
2019-10-04 06:28:43,078 [300c89f6-5b02-41a0-9612-02f7e2d89fac@group-189F0E07968F-LeaderElection102] INFO  impl.RoleInfo (RoleInfo.java:shutdownLeaderElection(134)) - 300c89f6-5b02-41a0-9612-02f7e2d89fac: shutdown LeaderElection
2019-10-04 06:28:43,078 [83f17af9-2e73-476c-8525-0e9bad91b23a@group-408664160166-LeaderElection101] INFO  impl.RoleInfo (RoleInfo.java:shutdownLeaderElection(134)) - 83f17af9-2e73-476c-8525-0e9bad91b23a: shutdown LeaderElection
2019-10-04 06:28:43,078 [300c89f6-5b02-41a0-9612-02f7e2d89fac@group-189F0E07968F-LeaderElection102] INFO  impl.RaftServerImpl (RaftServerImpl.java:setRole(170)) - 300c89f6-5b02-41a0-9612-02f7e2d89fac@group-189F0E07968F: changes role from CANDIDATE to LEADER at term 1 for changeToLeader
2019-10-04 06:28:43,078 [83f17af9-2e73-476c-8525-0e9bad91b23a@group-408664160166-LeaderElection101] INFO  impl.RaftServerImpl (RaftServerImpl.java:setRole(170)) - 83f17af9-2e73-476c-8525-0e9bad91b23a@group-408664160166: changes role from CANDIDATE to LEADER at term 1 for changeToLeader
2019-10-04 06:28:43,078 [300c89f6-5b02-41a0-9612-02f7e2d89fac@group-189F0E07968F-LeaderElection102] INFO  impl.RaftServerImpl (ServerState.java:setLeader(255)) - 300c89f6-5b02-41a0-9612-02f7e2d89fac@group-189F0E07968F: change Leader from null to 300c89f6-5b02-41a0-9612-02f7e2d89fac at term 1 for becomeLeader, leader elected after 5157ms
2019-10-04 06:28:43,078 [83f17af9-2e73-476c-8525-0e9bad91b23a@group-408664160166-LeaderElection101] INFO  impl.RaftServerImpl (ServerState.java:setLeader(255)) - 83f17af9-2e73-476c-8525-0e9bad91b23a@group-408664160166: change Leader from null to 83f17af9-2e73-476c-8525-0e9bad91b23a at term 1 for becomeLeader, leader elected after 5222ms
2019-10-04 06:28:43,078 [300c89f6-5b02-41a0-9612-02f7e2d89fac@group-189F0E07968F-LeaderElection102] INFO  server.RaftServerConfigKeys (ConfUtils.java:logGet(43)) - raft.server.staging.catchup.gap = 1000 (default)
2019-10-04 06:28:43,079 [83f17af9-2e73-476c-8525-0e9bad91b23a@group-408664160166-LeaderElection101] INFO  server.RaftServerConfigKeys (ConfUtils.java:logGet(43)) - raft.server.staging.catchup.gap = 1000 (default)
2019-10-04 06:28:43,079 [300c89f6-5b02-41a0-9612-02f7e2d89fac@group-189F0E07968F-LeaderElection102] INFO  server.RaftServerConfigKeys (ConfUtils.java:logGet(43)) - raft.server.rpc.sleep.time = 25ms (default)
2019-10-04 06:28:43,079 [83f17af9-2e73-476c-8525-0e9bad91b23a@group-408664160166-LeaderElection101] INFO  server.RaftServerConfigKeys (ConfUtils.java:logGet(43)) - raft.server.rpc.sleep.time = 25ms (default)
2019-10-04 06:28:43,079 [300c89f6-5b02-41a0-9612-02f7e2d89fac@group-189F0E07968F-LeaderElection102] INFO  server.RaftServerConfigKeys (ConfUtils.java:logGet(43)) - raft.server.write.element-limit = 4096 (default)
2019-10-04 06:28:43,079 [83f17af9-2e73-476c-8525-0e9bad91b23a@group-408664160166-LeaderElection101] INFO  server.RaftServerConfigKeys (ConfUtils.java:logGet(43)) - raft.server.write.element-limit = 4096 (default)
2019-10-04 06:28:43,079 [300c89f6-5b02-41a0-9612-02f7e2d89fac@group-189F0E07968F-LeaderElection102] INFO  server.RaftServerConfigKeys (ConfUtils.java:logGet(43)) - raft.server.watch.timeout = 10s (default)
2019-10-04 06:28:43,079 [83f17af9-2e73-476c-8525-0e9bad91b23a@group-408664160166-LeaderElection101] INFO  server.RaftServerConfigKeys (ConfUtils.java:logGet(43)) - raft.server.watch.timeout = 10s (default)
2019-10-04 06:28:43,079 [300c89f6-5b02-41a0-9612-02f7e2d89fac@group-189F0E07968F-LeaderElection102] INFO  server.RaftServerConfigKeys (ConfUtils.java:logGet(43)) - raft.server.watch.timeout.denomination = 1s (default)
2019-10-04 06:28:43,079 [83f17af9-2e73-476c-8525-0e9bad91b23a@group-408664160166-LeaderElection101] INFO  server.RaftServerConfigKeys (ConfUtils.java:logGet(43)) - raft.server.watch.timeout.denomination = 1s (default)
2019-10-04 06:28:43,079 [300c89f6-5b02-41a0-9612-02f7e2d89fac@group-189F0E07968F-LeaderElection102] INFO  server.RaftServerConfigKeys (ConfUtils.java:logGet(43)) - raft.server.watch.element-limit = 65536 (default)
2019-10-04 06:28:43,079 [83f17af9-2e73-476c-8525-0e9bad91b23a@group-408664160166-LeaderElection101] INFO  server.RaftServerConfigKeys (ConfUtils.java:logGet(43)) - raft.server.watch.element-limit = 65536 (default)
2019-10-04 06:28:43,079 [Thread-2427] INFO  impl.FollowerState (FollowerState.java:run(108)) - dbbe0d96-a727-4e43-b685-4c4f1ff432ec@group-72159804CF1C-FollowerState: change to CANDIDATE, lastRpcTime:5060ms, electionTimeout:5060ms
2019-10-04 06:28:43,080 [Thread-2427] INFO  impl.RoleInfo (RoleInfo.java:shutdownFollowerState(121)) - dbbe0d96-a727-4e43-b685-4c4f1ff432ec: shutdown FollowerState
2019-10-04 06:28:43,080 [Thread-2427] INFO  impl.RaftServerImpl (RaftServerImpl.java:setRole(170)) - dbbe0d96-a727-4e43-b685-4c4f1ff432ec@group-72159804CF1C: changes role from  FOLLOWER to CANDIDATE at term 0 for changeToCandidate
2019-10-04 06:28:43,080 [Thread-2427] INFO  impl.RoleInfo (RoleInfo.java:updateAndGet(143)) - dbbe0d96-a727-4e43-b685-4c4f1ff432ec: start LeaderElection
2019-10-04 06:28:43,087 [300c89f6-5b02-41a0-9612-02f7e2d89fac@group-189F0E07968F-LeaderElection102] INFO  impl.RoleInfo (RoleInfo.java:updateAndGet(143)) - 300c89f6-5b02-41a0-9612-02f7e2d89fac: start LeaderState
2019-10-04 06:28:43,087 [300c89f6-5b02-41a0-9612-02f7e2d89fac@group-189F0E07968F-LeaderElection102] INFO  segmented.SegmentedRaftLogWorker (SegmentedRaftLogWorker.java:startLogSegment(385)) - 300c89f6-5b02-41a0-9612-02f7e2d89fac@group-189F0E07968F-SegmentedRaftLogWorker: Starting segment from index:0
2019-10-04 06:28:43,087 [83f17af9-2e73-476c-8525-0e9bad91b23a@group-408664160166-LeaderElection101] INFO  impl.RoleInfo (RoleInfo.java:updateAndGet(143)) - 83f17af9-2e73-476c-8525-0e9bad91b23a: start LeaderState
2019-10-04 06:28:43,088 [300c89f6-5b02-41a0-9612-02f7e2d89fac@group-189F0E07968F-LeaderElection102] INFO  impl.RaftServerImpl (ServerState.java:setRaftConf(356)) - 300c89f6-5b02-41a0-9612-02f7e2d89fac@group-189F0E07968F: set configuration 0: [300c89f6-5b02-41a0-9612-02f7e2d89fac:192.168.157.194:34172], old=null at 0
2019-10-04 06:28:43,088 [83f17af9-2e73-476c-8525-0e9bad91b23a@group-408664160166-LeaderElection101] INFO  segmented.SegmentedRaftLogWorker (SegmentedRaftLogWorker.java:startLogSegment(385)) - 83f17af9-2e73-476c-8525-0e9bad91b23a@group-408664160166-SegmentedRaftLogWorker: Starting segment from index:0
2019-10-04 06:28:43,088 [83f17af9-2e73-476c-8525-0e9bad91b23a@group-408664160166-LeaderElection101] INFO  impl.RaftServerImpl (ServerState.java:setRaftConf(356)) - 83f17af9-2e73-476c-8525-0e9bad91b23a@group-408664160166: set configuration 0: [83f17af9-2e73-476c-8525-0e9bad91b23a:192.168.157.194:44554], old=null at 0
2019-10-04 06:28:43,091 [dbbe0d96-a727-4e43-b685-4c4f1ff432ec@group-72159804CF1C-LeaderElection103] INFO  impl.LeaderElection (LeaderElection.java:askForVotes(178)) - dbbe0d96-a727-4e43-b685-4c4f1ff432ec@group-72159804CF1C-LeaderElection103: begin an election at term 1 for -1: [dbbe0d96-a727-4e43-b685-4c4f1ff432ec:192.168.157.194:38504], old=null
2019-10-04 06:28:43,091 [dbbe0d96-a727-4e43-b685-4c4f1ff432ec@group-72159804CF1C-LeaderElection103] INFO  impl.RoleInfo (RoleInfo.java:shutdownLeaderElection(134)) - dbbe0d96-a727-4e43-b685-4c4f1ff432ec: shutdown LeaderElection
2019-10-04 06:28:43,091 [dbbe0d96-a727-4e43-b685-4c4f1ff432ec@group-72159804CF1C-LeaderElection103] INFO  impl.RaftServerImpl (RaftServerImpl.java:setRole(170)) - dbbe0d96-a727-4e43-b685-4c4f1ff432ec@group-72159804CF1C: changes role from CANDIDATE to LEADER at term 1 for changeToLeader
2019-10-04 06:28:43,091 [dbbe0d96-a727-4e43-b685-4c4f1ff432ec@group-72159804CF1C-LeaderElection103] INFO  impl.RaftServerImpl (ServerState.java:setLeader(255)) - dbbe0d96-a727-4e43-b685-4c4f1ff432ec@group-72159804CF1C: change Leader from null to dbbe0d96-a727-4e43-b685-4c4f1ff432ec at term 1 for becomeLeader, leader elected after 5077ms
2019-10-04 06:28:43,092 [dbbe0d96-a727-4e43-b685-4c4f1ff432ec@group-72159804CF1C-LeaderElection103] INFO  server.RaftServerConfigKeys (ConfUtils.java:logGet(43)) - raft.server.staging.catchup.gap = 1000 (default)
2019-10-04 06:28:43,092 [dbbe0d96-a727-4e43-b685-4c4f1ff432ec@group-72159804CF1C-LeaderElection103] INFO  server.RaftServerConfigKeys (ConfUtils.java:logGet(43)) - raft.server.rpc.sleep.time = 25ms (default)
2019-10-04 06:28:43,092 [dbbe0d96-a727-4e43-b685-4c4f1ff432ec@group-72159804CF1C-LeaderElection103] INFO  server.RaftServerConfigKeys (ConfUtils.java:logGet(43)) - raft.server.write.element-limit = 4096 (default)
2019-10-04 06:28:43,092 [dbbe0d96-a727-4e43-b685-4c4f1ff432ec@group-72159804CF1C-LeaderElection103] INFO  server.RaftServerConfigKeys (ConfUtils.java:logGet(43)) - raft.server.watch.timeout = 10s (default)
2019-10-04 06:28:43,092 [dbbe0d96-a727-4e43-b685-4c4f1ff432ec@group-72159804CF1C-LeaderElection103] INFO  server.RaftServerConfigKeys (ConfUtils.java:logGet(43)) - raft.server.watch.timeout.denomination = 1s (default)
2019-10-04 06:28:43,092 [dbbe0d96-a727-4e43-b685-4c4f1ff432ec@group-72159804CF1C-LeaderElection103] INFO  server.RaftServerConfigKeys (ConfUtils.java:logGet(43)) - raft.server.watch.element-limit = 65536 (default)
2019-10-04 06:28:43,094 [dbbe0d96-a727-4e43-b685-4c4f1ff432ec@group-72159804CF1C-LeaderElection103] INFO  impl.RoleInfo (RoleInfo.java:updateAndGet(143)) - dbbe0d96-a727-4e43-b685-4c4f1ff432ec: start LeaderState
2019-10-04 06:28:43,095 [dbbe0d96-a727-4e43-b685-4c4f1ff432ec@group-72159804CF1C-LeaderElection103] INFO  segmented.SegmentedRaftLogWorker (SegmentedRaftLogWorker.java:startLogSegment(385)) - dbbe0d96-a727-4e43-b685-4c4f1ff432ec@group-72159804CF1C-SegmentedRaftLogWorker: Starting segment from index:0
2019-10-04 06:28:43,095 [dbbe0d96-a727-4e43-b685-4c4f1ff432ec@group-72159804CF1C-LeaderElection103] INFO  impl.RaftServerImpl (ServerState.java:setRaftConf(356)) - dbbe0d96-a727-4e43-b685-4c4f1ff432ec@group-72159804CF1C: set configuration 0: [dbbe0d96-a727-4e43-b685-4c4f1ff432ec:192.168.157.194:38504], old=null at 0
2019-10-04 06:28:43,120 [Thread-2424] INFO  impl.FollowerState (FollowerState.java:run(108)) - 0ce744ad-f7fb-49c8-bd98-d04f0211340d@group-64731B4360E8-FollowerState: change to CANDIDATE, lastRpcTime:5146ms, electionTimeout:5146ms
2019-10-04 06:28:43,120 [Thread-2424] INFO  impl.RoleInfo (RoleInfo.java:shutdownFollowerState(121)) - 0ce744ad-f7fb-49c8-bd98-d04f0211340d: shutdown FollowerState
2019-10-04 06:28:43,121 [Thread-2424] INFO  impl.RaftServerImpl (RaftServerImpl.java:setRole(170)) - 0ce744ad-f7fb-49c8-bd98-d04f0211340d@group-64731B4360E8: changes role from  FOLLOWER to CANDIDATE at term 0 for changeToCandidate
2019-10-04 06:28:43,121 [Thread-2424] INFO  impl.RoleInfo (RoleInfo.java:updateAndGet(143)) - 0ce744ad-f7fb-49c8-bd98-d04f0211340d: start LeaderElection
2019-10-04 06:28:43,130 [300c89f6-5b02-41a0-9612-02f7e2d89fac@group-189F0E07968F-SegmentedRaftLogWorker] INFO  segmented.SegmentedRaftLogWorker (SegmentedRaftLogWorker.java:execute(574)) - 300c89f6-5b02-41a0-9612-02f7e2d89fac@group-189F0E07968F-SegmentedRaftLogWorker: created new log segment /workdir/hadoop-ozone/integration-test/target/test-dir/MiniOzoneClusterImpl-bb82a069-c5f8-4867-8b76-edf785cfeeaa/datanode-4/data/ratis/94bba092-c711-49c5-bce3-189f0e07968f/current/log_inprogress_0
2019-10-04 06:28:43,130 [Thread-2433] INFO  impl.FollowerState (FollowerState.java:run(108)) - 0ce744ad-f7fb-49c8-bd98-d04f0211340d@group-619221FB1830-FollowerState: change to CANDIDATE, lastRpcTime:5051ms, electionTimeout:5045ms
2019-10-04 06:28:43,130 [83f17af9-2e73-476c-8525-0e9bad91b23a@group-408664160166-SegmentedRaftLogWorker] INFO  segmented.SegmentedRaftLogWorker (SegmentedRaftLogWorker.java:execute(574)) - 83f17af9-2e73-476c-8525-0e9bad91b23a@group-408664160166-SegmentedRaftLogWorker: created new log segment /workdir/hadoop-ozone/integration-test/target/test-dir/MiniOzoneClusterImpl-bb82a069-c5f8-4867-8b76-edf785cfeeaa/datanode-3/data/ratis/8cb72b52-8836-419e-9b1d-408664160166/current/log_inprogress_0
2019-10-04 06:28:43,134 [Thread-2433] INFO  impl.RoleInfo (RoleInfo.java:shutdownFollowerState(121)) - 0ce744ad-f7fb-49c8-bd98-d04f0211340d: shutdown FollowerState
2019-10-04 06:28:43,134 [Thread-2433] INFO  impl.RaftServerImpl (RaftServerImpl.java:setRole(170)) - 0ce744ad-f7fb-49c8-bd98-d04f0211340d@group-619221FB1830: changes role from  FOLLOWER to CANDIDATE at term 0 for changeToCandidate
2019-10-04 06:28:43,134 [Thread-2433] INFO  impl.RoleInfo (RoleInfo.java:updateAndGet(143)) - 0ce744ad-f7fb-49c8-bd98-d04f0211340d: start LeaderElection
2019-10-04 06:28:43,143 [dbbe0d96-a727-4e43-b685-4c4f1ff432ec@group-72159804CF1C-SegmentedRaftLogWorker] INFO  segmented.SegmentedRaftLogWorker (SegmentedRaftLogWorker.java:execute(574)) - dbbe0d96-a727-4e43-b685-4c4f1ff432ec@group-72159804CF1C-SegmentedRaftLogWorker: created new log segment /workdir/hadoop-ozone/integration-test/target/test-dir/MiniOzoneClusterImpl-bb82a069-c5f8-4867-8b76-edf785cfeeaa/datanode-6/data/ratis/efbea2df-b92a-4b54-bf25-72159804cf1c/current/log_inprogress_0
2019-10-04 06:28:43,143 [0ce744ad-f7fb-49c8-bd98-d04f0211340d@group-64731B4360E8-LeaderElection104] INFO  impl.LeaderElection (LeaderElection.java:askForVotes(178)) - 0ce744ad-f7fb-49c8-bd98-d04f0211340d@group-64731B4360E8-LeaderElection104: begin an election at term 1 for -1: [0ce744ad-f7fb-49c8-bd98-d04f0211340d:192.168.157.194:40058], old=null
2019-10-04 06:28:43,143 [0ce744ad-f7fb-49c8-bd98-d04f0211340d@group-619221FB1830-LeaderElection105] INFO  impl.LeaderElection (LeaderElection.java:askForVotes(178)) - 0ce744ad-f7fb-49c8-bd98-d04f0211340d@group-619221FB1830-LeaderElection105: begin an election at term 1 for -1: [300c89f6-5b02-41a0-9612-02f7e2d89fac:192.168.157.194:34172, 83f17af9-2e73-476c-8525-0e9bad91b23a:192.168.157.194:44554, 0ce744ad-f7fb-49c8-bd98-d04f0211340d:192.168.157.194:40058], old=null
2019-10-04 06:28:43,144 [0ce744ad-f7fb-49c8-bd98-d04f0211340d@group-64731B4360E8-LeaderElection104] INFO  impl.RoleInfo (RoleInfo.java:shutdownLeaderElection(134)) - 0ce744ad-f7fb-49c8-bd98-d04f0211340d: shutdown LeaderElection
2019-10-04 06:28:43,144 [0ce744ad-f7fb-49c8-bd98-d04f0211340d@group-64731B4360E8-LeaderElection104] INFO  impl.RaftServerImpl (RaftServerImpl.java:setRole(170)) - 0ce744ad-f7fb-49c8-bd98-d04f0211340d@group-64731B4360E8: changes role from CANDIDATE to LEADER at term 1 for changeToLeader
2019-10-04 06:28:43,144 [0ce744ad-f7fb-49c8-bd98-d04f0211340d@group-64731B4360E8-LeaderElection104] INFO  impl.RaftServerImpl (ServerState.java:setLeader(255)) - 0ce744ad-f7fb-49c8-bd98-d04f0211340d@group-64731B4360E8: change Leader from null to 0ce744ad-f7fb-49c8-bd98-d04f0211340d at term 1 for becomeLeader, leader elected after 5176ms
2019-10-04 06:28:43,144 [0ce744ad-f7fb-49c8-bd98-d04f0211340d@group-64731B4360E8-LeaderElection104] INFO  server.RaftServerConfigKeys (ConfUtils.java:logGet(43)) - raft.server.staging.catchup.gap = 1000 (default)
2019-10-04 06:28:43,144 [0ce744ad-f7fb-49c8-bd98-d04f0211340d@group-64731B4360E8-LeaderElection104] INFO  server.RaftServerConfigKeys (ConfUtils.java:logGet(43)) - raft.server.rpc.sleep.time = 25ms (default)
2019-10-04 06:28:43,145 [0ce744ad-f7fb-49c8-bd98-d04f0211340d@group-64731B4360E8-LeaderElection104] INFO  server.RaftServerConfigKeys (ConfUtils.java:logGet(43)) - raft.server.write.element-limit = 4096 (default)
2019-10-04 06:28:43,145 [0ce744ad-f7fb-49c8-bd98-d04f0211340d@group-64731B4360E8-LeaderElection104] INFO  server.RaftServerConfigKeys (ConfUtils.java:logGet(43)) - raft.server.watch.timeout = 10s (default)
2019-10-04 06:28:43,145 [0ce744ad-f7fb-49c8-bd98-d04f0211340d@group-64731B4360E8-LeaderElection104] INFO  server.RaftServerConfigKeys (ConfUtils.java:logGet(43)) - raft.server.watch.timeout.denomination = 1s (default)
2019-10-04 06:28:43,145 [0ce744ad-f7fb-49c8-bd98-d04f0211340d@group-64731B4360E8-LeaderElection104] INFO  server.RaftServerConfigKeys (ConfUtils.java:logGet(43)) - raft.server.watch.element-limit = 65536 (default)
2019-10-04 06:28:43,151 [grpc-default-executor-7] INFO  impl.RaftServerImpl (RaftServerImpl.java:setRole(170)) - 300c89f6-5b02-41a0-9612-02f7e2d89fac@group-619221FB1830: changes role from  FOLLOWER to FOLLOWER at term 1 for recognizeCandidate:0ce744ad-f7fb-49c8-bd98-d04f0211340d
2019-10-04 06:28:43,151 [grpc-default-executor-7] INFO  impl.RoleInfo (RoleInfo.java:shutdownFollowerState(121)) - 300c89f6-5b02-41a0-9612-02f7e2d89fac: shutdown FollowerState
2019-10-04 06:28:43,151 [grpc-default-executor-7] INFO  impl.RoleInfo (RoleInfo.java:updateAndGet(143)) - 300c89f6-5b02-41a0-9612-02f7e2d89fac: start FollowerState
2019-10-04 06:28:43,151 [Thread-2432] INFO  impl.FollowerState (FollowerState.java:run(117)) - 300c89f6-5b02-41a0-9612-02f7e2d89fac@group-619221FB1830-FollowerState was interrupted: java.lang.InterruptedException: sleep interrupted
2019-10-04 06:28:43,155 [0ce744ad-f7fb-49c8-bd98-d04f0211340d@group-64731B4360E8-LeaderElection104] INFO  impl.RoleInfo (RoleInfo.java:updateAndGet(143)) - 0ce744ad-f7fb-49c8-bd98-d04f0211340d: start LeaderState
2019-10-04 06:28:43,154 [grpc-default-executor-2] INFO  impl.RaftServerImpl (RaftServerImpl.java:setRole(170)) - 83f17af9-2e73-476c-8525-0e9bad91b23a@group-619221FB1830: changes role from  FOLLOWER to FOLLOWER at term 1 for recognizeCandidate:0ce744ad-f7fb-49c8-bd98-d04f0211340d
2019-10-04 06:28:43,157 [grpc-default-executor-2] INFO  impl.RoleInfo (RoleInfo.java:shutdownFollowerState(121)) - 83f17af9-2e73-476c-8525-0e9bad91b23a: shutdown FollowerState
2019-10-04 06:28:43,157 [0ce744ad-f7fb-49c8-bd98-d04f0211340d@group-64731B4360E8-LeaderElection104] INFO  segmented.SegmentedRaftLogWorker (SegmentedRaftLogWorker.java:startLogSegment(385)) - 0ce744ad-f7fb-49c8-bd98-d04f0211340d@group-64731B4360E8-SegmentedRaftLogWorker: Starting segment from index:0
2019-10-04 06:28:43,157 [Thread-2434] INFO  impl.FollowerState (FollowerState.java:run(117)) - 83f17af9-2e73-476c-8525-0e9bad91b23a@group-619221FB1830-FollowerState was interrupted: java.lang.InterruptedException: sleep interrupted
2019-10-04 06:28:43,157 [grpc-default-executor-2] INFO  impl.RoleInfo (RoleInfo.java:updateAndGet(143)) - 83f17af9-2e73-476c-8525-0e9bad91b23a: start FollowerState
2019-10-04 06:28:43,161 [0ce744ad-f7fb-49c8-bd98-d04f0211340d@group-64731B4360E8-LeaderElection104] INFO  impl.RaftServerImpl (ServerState.java:setRaftConf(356)) - 0ce744ad-f7fb-49c8-bd98-d04f0211340d@group-64731B4360E8: set configuration 0: [0ce744ad-f7fb-49c8-bd98-d04f0211340d:192.168.157.194:40058], old=null at 0
2019-10-04 06:28:43,178 [0ce744ad-f7fb-49c8-bd98-d04f0211340d@group-619221FB1830-LeaderElection105] INFO  impl.LeaderElection (LeaderElection.java:logAndReturn(56)) - 0ce744ad-f7fb-49c8-bd98-d04f0211340d@group-619221FB1830-LeaderElection105: Election PASSED; received 1 response(s) [0ce744ad-f7fb-49c8-bd98-d04f0211340d<-300c89f6-5b02-41a0-9612-02f7e2d89fac#0:OK-t1] and 0 exception(s); 0ce744ad-f7fb-49c8-bd98-d04f0211340d@group-619221FB1830:t1, leader=null, voted=0ce744ad-f7fb-49c8-bd98-d04f0211340d, raftlog=0ce744ad-f7fb-49c8-bd98-d04f0211340d@group-619221FB1830-SegmentedRaftLog:OPENED:c-1,f-1,i0, conf=-1: [300c89f6-5b02-41a0-9612-02f7e2d89fac:192.168.157.194:34172, 83f17af9-2e73-476c-8525-0e9bad91b23a:192.168.157.194:44554, 0ce744ad-f7fb-49c8-bd98-d04f0211340d:192.168.157.194:40058], old=null
2019-10-04 06:28:43,178 [0ce744ad-f7fb-49c8-bd98-d04f0211340d@group-619221FB1830-LeaderElection105] INFO  impl.RoleInfo (RoleInfo.java:shutdownLeaderElection(134)) - 0ce744ad-f7fb-49c8-bd98-d04f0211340d: shutdown LeaderElection
2019-10-04 06:28:43,179 [0ce744ad-f7fb-49c8-bd98-d04f0211340d@group-619221FB1830-LeaderElection105] INFO  impl.RaftServerImpl (RaftServerImpl.java:setRole(170)) - 0ce744ad-f7fb-49c8-bd98-d04f0211340d@group-619221FB1830: changes role from CANDIDATE to LEADER at term 1 for changeToLeader
2019-10-04 06:28:43,179 [0ce744ad-f7fb-49c8-bd98-d04f0211340d@group-619221FB1830-LeaderElection105] INFO  impl.RaftServerImpl (ServerState.java:setLeader(255)) - 0ce744ad-f7fb-49c8-bd98-d04f0211340d@group-619221FB1830: change Leader from null to 0ce744ad-f7fb-49c8-bd98-d04f0211340d at term 1 for becomeLeader, leader elected after 5110ms
2019-10-04 06:28:43,179 [0ce744ad-f7fb-49c8-bd98-d04f0211340d@group-619221FB1830-LeaderElection105] INFO  server.RaftServerConfigKeys (ConfUtils.java:logGet(43)) - raft.server.staging.catchup.gap = 1000 (default)
2019-10-04 06:28:43,179 [0ce744ad-f7fb-49c8-bd98-d04f0211340d@group-619221FB1830-LeaderElection105] INFO  server.RaftServerConfigKeys (ConfUtils.java:logGet(43)) - raft.server.rpc.sleep.time = 25ms (default)
2019-10-04 06:28:43,179 [0ce744ad-f7fb-49c8-bd98-d04f0211340d@group-619221FB1830-LeaderElection105] INFO  server.RaftServerConfigKeys (ConfUtils.java:logGet(43)) - raft.server.write.element-limit = 4096 (default)
2019-10-04 06:28:43,180 [0ce744ad-f7fb-49c8-bd98-d04f0211340d@group-619221FB1830-LeaderElection105] INFO  server.RaftServerConfigKeys (ConfUtils.java:logGet(43)) - raft.server.watch.timeout = 10s (default)
2019-10-04 06:28:43,180 [0ce744ad-f7fb-49c8-bd98-d04f0211340d@group-619221FB1830-LeaderElection105] INFO  server.RaftServerConfigKeys (ConfUtils.java:logGet(43)) - raft.server.watch.timeout.denomination = 1s (default)
2019-10-04 06:28:43,180 [0ce744ad-f7fb-49c8-bd98-d04f0211340d@group-619221FB1830-LeaderElection105] INFO  server.RaftServerConfigKeys (ConfUtils.java:logGet(43)) - raft.server.watch.element-limit = 65536 (default)
2019-10-04 06:28:43,181 [0ce744ad-f7fb-49c8-bd98-d04f0211340d@group-619221FB1830-LeaderElection105] INFO  server.RaftServerConfigKeys (ConfUtils.java:logGet(43)) - raft.server.log.appender.snapshot.chunk.size.max = 16MB (=16777216) (default)
2019-10-04 06:28:43,181 [0ce744ad-f7fb-49c8-bd98-d04f0211340d@group-619221FB1830-LeaderElection105] INFO  server.RaftServerConfigKeys (ConfUtils.java:logGet(43)) - raft.server.log.appender.buffer.byte-limit = 33554432 (custom)
2019-10-04 06:28:43,181 [0ce744ad-f7fb-49c8-bd98-d04f0211340d@group-619221FB1830-LeaderElection105] INFO  server.RaftServerConfigKeys (ConfUtils.java:logGet(43)) - raft.server.log.appender.buffer.element-limit = 1 (custom)
2019-10-04 06:28:43,182 [0ce744ad-f7fb-49c8-bd98-d04f0211340d@group-619221FB1830-LeaderElection105] INFO  grpc.GrpcConfigKeys$Server (ConfUtils.java:logGet(43)) - raft.grpc.server.leader.outstanding.appends.max = 128 (default)
2019-10-04 06:28:43,182 [0ce744ad-f7fb-49c8-bd98-d04f0211340d@group-619221FB1830-LeaderElection105] INFO  server.RaftServerConfigKeys (ConfUtils.java:logGet(43)) - raft.server.rpc.request.timeout = 3000ms (default)
2019-10-04 06:28:43,182 [0ce744ad-f7fb-49c8-bd98-d04f0211340d@group-619221FB1830-LeaderElection105] INFO  server.RaftServerConfigKeys (ConfUtils.java:logGet(43)) - raft.server.log.appender.install.snapshot.enabled = false (custom)
2019-10-04 06:28:43,182 [0ce744ad-f7fb-49c8-bd98-d04f0211340d@group-619221FB1830-LeaderElection105] INFO  server.RaftServerConfigKeys (ConfUtils.java:logGet(43)) - raft.server.log.appender.snapshot.chunk.size.max = 16MB (=16777216) (default)
2019-10-04 06:28:43,182 [0ce744ad-f7fb-49c8-bd98-d04f0211340d@group-619221FB1830-LeaderElection105] INFO  server.RaftServerConfigKeys (ConfUtils.java:logGet(43)) - raft.server.log.appender.buffer.byte-limit = 33554432 (custom)
2019-10-04 06:28:43,182 [0ce744ad-f7fb-49c8-bd98-d04f0211340d@group-619221FB1830-LeaderElection105] INFO  server.RaftServerConfigKeys (ConfUtils.java:logGet(43)) - raft.server.log.appender.buffer.element-limit = 1 (custom)
2019-10-04 06:28:43,182 [0ce744ad-f7fb-49c8-bd98-d04f0211340d@group-619221FB1830-LeaderElection105] INFO  grpc.GrpcConfigKeys$Server (ConfUtils.java:logGet(43)) - raft.grpc.server.leader.outstanding.appends.max = 128 (default)
2019-10-04 06:28:43,183 [0ce744ad-f7fb-49c8-bd98-d04f0211340d@group-619221FB1830-LeaderElection105] INFO  server.RaftServerConfigKeys (ConfUtils.java:logGet(43)) - raft.server.rpc.request.timeout = 3000ms (default)
2019-10-04 06:28:43,183 [0ce744ad-f7fb-49c8-bd98-d04f0211340d@group-619221FB1830-LeaderElection105] INFO  server.RaftServerConfigKeys (ConfUtils.java:logGet(43)) - raft.server.log.appender.install.snapshot.enabled = false (custom)
2019-10-04 06:28:43,183 [0ce744ad-f7fb-49c8-bd98-d04f0211340d@group-619221FB1830-LeaderElection105] INFO  impl.RoleInfo (RoleInfo.java:updateAndGet(143)) - 0ce744ad-f7fb-49c8-bd98-d04f0211340d: start LeaderState
2019-10-04 06:28:43,183 [0ce744ad-f7fb-49c8-bd98-d04f0211340d@group-619221FB1830-LeaderElection105] INFO  segmented.SegmentedRaftLogWorker (SegmentedRaftLogWorker.java:startLogSegment(385)) - 0ce744ad-f7fb-49c8-bd98-d04f0211340d@group-619221FB1830-SegmentedRaftLogWorker: Starting segment from index:0
2019-10-04 06:28:43,184 [0ce744ad-f7fb-49c8-bd98-d04f0211340d@group-619221FB1830-LeaderElection105] INFO  impl.RaftServerImpl (ServerState.java:setRaftConf(356)) - 0ce744ad-f7fb-49c8-bd98-d04f0211340d@group-619221FB1830: set configuration 0: [300c89f6-5b02-41a0-9612-02f7e2d89fac:192.168.157.194:34172, 83f17af9-2e73-476c-8525-0e9bad91b23a:192.168.157.194:44554, 0ce744ad-f7fb-49c8-bd98-d04f0211340d:192.168.157.194:40058], old=null at 0
2019-10-04 06:28:43,185 [grpc-default-executor-2] INFO  impl.RaftServerImpl (ServerState.java:setLeader(255)) - 83f17af9-2e73-476c-8525-0e9bad91b23a@group-619221FB1830: change Leader from null to 0ce744ad-f7fb-49c8-bd98-d04f0211340d at term 1 for appendEntries, leader elected after 5116ms
2019-10-04 06:28:43,185 [grpc-default-executor-7] INFO  impl.RaftServerImpl (ServerState.java:setLeader(255)) - 300c89f6-5b02-41a0-9612-02f7e2d89fac@group-619221FB1830: change Leader from null to 0ce744ad-f7fb-49c8-bd98-d04f0211340d at term 1 for appendEntries, leader elected after 5116ms
2019-10-04 06:28:43,225 [grpc-default-executor-2] INFO  impl.RaftServerImpl (ServerState.java:setRaftConf(356)) - 83f17af9-2e73-476c-8525-0e9bad91b23a@group-619221FB1830: set configuration 0: [300c89f6-5b02-41a0-9612-02f7e2d89fac:192.168.157.194:34172, 83f17af9-2e73-476c-8525-0e9bad91b23a:192.168.157.194:44554, 0ce744ad-f7fb-49c8-bd98-d04f0211340d:192.168.157.194:40058], old=null at 0
2019-10-04 06:28:43,225 [grpc-default-executor-7] INFO  impl.RaftServerImpl (ServerState.java:setRaftConf(356)) - 300c89f6-5b02-41a0-9612-02f7e2d89fac@group-619221FB1830: set configuration 0: [300c89f6-5b02-41a0-9612-02f7e2d89fac:192.168.157.194:34172, 83f17af9-2e73-476c-8525-0e9bad91b23a:192.168.157.194:44554, 0ce744ad-f7fb-49c8-bd98-d04f0211340d:192.168.157.194:40058], old=null at 0
2019-10-04 06:28:43,225 [grpc-default-executor-2] INFO  segmented.SegmentedRaftLogWorker (SegmentedRaftLogWorker.java:startLogSegment(385)) - 83f17af9-2e73-476c-8525-0e9bad91b23a@group-619221FB1830-SegmentedRaftLogWorker: Starting segment from index:0
2019-10-04 06:28:43,225 [grpc-default-executor-7] INFO  segmented.SegmentedRaftLogWorker (SegmentedRaftLogWorker.java:startLogSegment(385)) - 300c89f6-5b02-41a0-9612-02f7e2d89fac@group-619221FB1830-SegmentedRaftLogWorker: Starting segment from index:0
2019-10-04 06:28:43,227 [0ce744ad-f7fb-49c8-bd98-d04f0211340d@group-64731B4360E8-SegmentedRaftLogWorker] INFO  segmented.SegmentedRaftLogWorker (SegmentedRaftLogWorker.java:execute(574)) - 0ce744ad-f7fb-49c8-bd98-d04f0211340d@group-64731B4360E8-SegmentedRaftLogWorker: created new log segment /workdir/hadoop-ozone/integration-test/target/test-dir/MiniOzoneClusterImpl-bb82a069-c5f8-4867-8b76-edf785cfeeaa/datanode-5/data/ratis/526be5d5-1793-4716-b071-64731b4360e8/current/log_inprogress_0
2019-10-04 06:28:43,227 [0ce744ad-f7fb-49c8-bd98-d04f0211340d@group-619221FB1830-SegmentedRaftLogWorker] INFO  segmented.SegmentedRaftLogWorker (SegmentedRaftLogWorker.java:execute(574)) - 0ce744ad-f7fb-49c8-bd98-d04f0211340d@group-619221FB1830-SegmentedRaftLogWorker: created new log segment /workdir/hadoop-ozone/integration-test/target/test-dir/MiniOzoneClusterImpl-bb82a069-c5f8-4867-8b76-edf785cfeeaa/datanode-5/data/ratis/911713ae-3e06-4ce6-9ba3-619221fb1830/current/log_inprogress_0
2019-10-04 06:28:43,270 [300c89f6-5b02-41a0-9612-02f7e2d89fac@group-619221FB1830-SegmentedRaftLogWorker] INFO  segmented.SegmentedRaftLogWorker (SegmentedRaftLogWorker.java:execute(574)) - 300c89f6-5b02-41a0-9612-02f7e2d89fac@group-619221FB1830-SegmentedRaftLogWorker: created new log segment /workdir/hadoop-ozone/integration-test/target/test-dir/MiniOzoneClusterImpl-bb82a069-c5f8-4867-8b76-edf785cfeeaa/datanode-4/data/ratis/911713ae-3e06-4ce6-9ba3-619221fb1830/current/log_inprogress_0
2019-10-04 06:28:43,270 [83f17af9-2e73-476c-8525-0e9bad91b23a@group-619221FB1830-SegmentedRaftLogWorker] INFO  segmented.SegmentedRaftLogWorker (SegmentedRaftLogWorker.java:execute(574)) - 83f17af9-2e73-476c-8525-0e9bad91b23a@group-619221FB1830-SegmentedRaftLogWorker: created new log segment /workdir/hadoop-ozone/integration-test/target/test-dir/MiniOzoneClusterImpl-bb82a069-c5f8-4867-8b76-edf785cfeeaa/datanode-3/data/ratis/911713ae-3e06-4ce6-9ba3-619221fb1830/current/log_inprogress_0
2019-10-04 06:28:44,258 [Datanode State Machine Thread - 0] INFO  statemachine.DatanodeStateMachine (DatanodeStateMachine.java:lambda$startDaemon$0(350)) - Ozone container server started.
2019-10-04 06:28:48,272 [main] INFO  ozoneimpl.OzoneContainer (OzoneContainer.java:stop(231)) - Attempting to stop container services.
2019-10-04 06:28:48,273 [main] INFO  impl.RaftServerProxy (RaftServerProxy.java:lambda$close$4(314)) - ea4e6954-e23c-4093-8d43-714e37052889: close
2019-10-04 06:28:48,274 [main] INFO  impl.RaftServerImpl (RaftServerImpl.java:lambda$shutdown$3(247)) - ea4e6954-e23c-4093-8d43-714e37052889@group-E79715A63052: shutdown
2019-10-04 06:28:48,274 [ForkJoinPool.commonPool-worker-0] INFO  impl.RaftServerImpl (RaftServerImpl.java:lambda$shutdown$3(247)) - ea4e6954-e23c-4093-8d43-714e37052889@group-5EEB630CC6FD: shutdown
2019-10-04 06:28:48,274 [main] INFO  util.JmxRegister (JmxRegister.java:unregister(73)) - Successfully un-registered JMX Bean with object name Ratis:service=RaftServer,group=group-E79715A63052,id=ea4e6954-e23c-4093-8d43-714e37052889
2019-10-04 06:28:48,275 [ForkJoinPool.commonPool-worker-0] INFO  util.JmxRegister (JmxRegister.java:unregister(73)) - Successfully un-registered JMX Bean with object name Ratis:service=RaftServer,group=group-5EEB630CC6FD,id=ea4e6954-e23c-4093-8d43-714e37052889
2019-10-04 06:28:48,275 [main] INFO  impl.RoleInfo (RoleInfo.java:shutdownLeaderState(104)) - ea4e6954-e23c-4093-8d43-714e37052889: shutdown LeaderState
2019-10-04 06:28:48,275 [ForkJoinPool.commonPool-worker-0] INFO  impl.RoleInfo (RoleInfo.java:shutdownLeaderState(104)) - ea4e6954-e23c-4093-8d43-714e37052889: shutdown LeaderState
2019-10-04 06:28:48,276 [main] INFO  impl.PendingRequests (PendingRequests.java:sendNotLeaderResponses(202)) - ea4e6954-e23c-4093-8d43-714e37052889@group-E79715A63052-PendingRequests: sendNotLeaderResponses
2019-10-04 06:28:48,283 [org.apache.ratis.server.impl.LogAppender$AppenderDaemon$$Lambda$630/430508316@12dd940d] WARN  server.GrpcLogAppender (GrpcLogAppender.java:mayWait(143)) - ea4e6954-e23c-4093-8d43-714e37052889@group-5EEB630CC6FD->930eceb1-b99d-4538-8394-cbd44ab0a135-GrpcLogAppender: Wait interrupted by java.lang.InterruptedException
2019-10-04 06:28:48,283 [ForkJoinPool.commonPool-worker-0] INFO  impl.PendingRequests (PendingRequests.java:sendNotLeaderResponses(202)) - ea4e6954-e23c-4093-8d43-714e37052889@group-5EEB630CC6FD-PendingRequests: sendNotLeaderResponses
2019-10-04 06:28:48,283 [org.apache.ratis.server.impl.LogAppender$AppenderDaemon$$Lambda$630/430508316@3f014b15] WARN  server.GrpcLogAppender (GrpcLogAppender.java:mayWait(143)) - ea4e6954-e23c-4093-8d43-714e37052889@group-5EEB630CC6FD->f459b77a-2a9c-4d3c-90e7-b4141adc7662-GrpcLogAppender: Wait interrupted by java.lang.InterruptedException
2019-10-04 06:28:48,284 [main] INFO  impl.StateMachineUpdater (StateMachineUpdater.java:stopAndJoin(136)) - ea4e6954-e23c-4093-8d43-714e37052889@group-E79715A63052-StateMachineUpdater: set stopIndex = 0
2019-10-04 06:28:48,288 [grpc-default-executor-8] INFO  server.GrpcServerProtocolService (GrpcServerProtocolService.java:onCompleted(113)) - 930eceb1-b99d-4538-8394-cbd44ab0a135: Completed APPEND_ENTRIES, lastRequest: ea4e6954-e23c-4093-8d43-714e37052889->930eceb1-b99d-4538-8394-cbd44ab0a135#5-t1, previous=(t:1, i:2), leaderCommit=2, initializing? false, entries: <empty>
2019-10-04 06:28:48,299 [main] INFO  impl.RaftServerImpl (ServerState.java:close(387)) - ea4e6954-e23c-4093-8d43-714e37052889@group-E79715A63052: closes. applyIndex: 0
2019-10-04 06:28:48,299 [ea4e6954-e23c-4093-8d43-714e37052889@group-5EEB630CC6FD-StateMachineUpdater] INFO  ratis.ContainerStateMachine (ContainerStateMachine.java:takeSnapshot(293)) - group-5EEB630CC6FD: Taking a snapshot at:(t:1, i:2) file /workdir/hadoop-ozone/integration-test/target/test-dir/MiniOzoneClusterImpl-bb82a069-c5f8-4867-8b76-edf785cfeeaa/datanode-1/data/ratis/f9c0333e-7d4b-491a-ad0f-5eeb630cc6fd/sm/snapshot.1_2
2019-10-04 06:28:48,299 [grpc-default-executor-2] INFO  server.GrpcServerProtocolService (GrpcServerProtocolService.java:onCompleted(113)) - f459b77a-2a9c-4d3c-90e7-b4141adc7662: Completed APPEND_ENTRIES, lastRequest: ea4e6954-e23c-4093-8d43-714e37052889->f459b77a-2a9c-4d3c-90e7-b4141adc7662#5-t1, previous=(t:1, i:2), leaderCommit=2, initializing? false, entries: <empty>
2019-10-04 06:28:48,299 [ForkJoinPool.commonPool-worker-0] INFO  impl.StateMachineUpdater (StateMachineUpdater.java:stopAndJoin(136)) - ea4e6954-e23c-4093-8d43-714e37052889@group-5EEB630CC6FD-StateMachineUpdater: set stopIndex = 2
2019-10-04 06:28:48,306 [grpc-default-executor-7] INFO  server.GrpcLogAppender (GrpcLogAppender.java:onCompleted(293)) - ea4e6954-e23c-4093-8d43-714e37052889@group-5EEB630CC6FD->930eceb1-b99d-4538-8394-cbd44ab0a135-AppendLogResponseHandler: follower responses appendEntries COMPLETED
2019-10-04 06:28:48,302 [ea4e6954-e23c-4093-8d43-714e37052889@group-E79715A63052-SegmentedRaftLogWorker] INFO  segmented.SegmentedRaftLogWorker (SegmentedRaftLogWorker.java:run(316)) - ea4e6954-e23c-4093-8d43-714e37052889@group-E79715A63052-SegmentedRaftLogWorker was interrupted, exiting. There are 0 tasks remaining in the queue.
2019-10-04 06:28:48,309 [grpc-default-executor-2] INFO  server.GrpcLogAppender (GrpcLogAppender.java:onCompleted(293)) - ea4e6954-e23c-4093-8d43-714e37052889@group-5EEB630CC6FD->f459b77a-2a9c-4d3c-90e7-b4141adc7662-AppendLogResponseHandler: follower responses appendEntries COMPLETED
2019-10-04 06:28:48,310 [grpc-default-executor-7] INFO  impl.FollowerInfo (FollowerInfo.java:lambda$new$0(51)) - ea4e6954-e23c-4093-8d43-714e37052889@group-5EEB630CC6FD->930eceb1-b99d-4538-8394-cbd44ab0a135: nextIndex: updateUnconditionally 3 -> 2
2019-10-04 06:28:48,311 [grpc-default-executor-2] INFO  impl.FollowerInfo (FollowerInfo.java:lambda$new$0(51)) - ea4e6954-e23c-4093-8d43-714e37052889@group-5EEB630CC6FD->f459b77a-2a9c-4d3c-90e7-b4141adc7662: nextIndex: updateUnconditionally 3 -> 2
2019-10-04 06:28:48,314 [main] INFO  segmented.SegmentedRaftLogWorker (SegmentedRaftLogWorker.java:close(224)) - ea4e6954-e23c-4093-8d43-714e37052889@group-E79715A63052-SegmentedRaftLogWorker close()
2019-10-04 06:28:48,325 [ea4e6954-e23c-4093-8d43-714e37052889@group-5EEB630CC6FD-StateMachineUpdater] INFO  ratis.ContainerStateMachine (ContainerStateMachine.java:takeSnapshot(304)) - group-5EEB630CC6FD: Finished taking a snapshot at:(t:1, i:2) file:/workdir/hadoop-ozone/integration-test/target/test-dir/MiniOzoneClusterImpl-bb82a069-c5f8-4867-8b76-edf785cfeeaa/datanode-1/data/ratis/f9c0333e-7d4b-491a-ad0f-5eeb630cc6fd/sm/snapshot.1_2 time:25
2019-10-04 06:28:48,325 [ea4e6954-e23c-4093-8d43-714e37052889@group-5EEB630CC6FD-StateMachineUpdater] INFO  impl.StateMachineUpdater (StateMachineUpdater.java:takeSnapshot(269)) - ea4e6954-e23c-4093-8d43-714e37052889@group-5EEB630CC6FD-StateMachineUpdater: Took a snapshot at index 2
2019-10-04 06:28:48,325 [ea4e6954-e23c-4093-8d43-714e37052889@group-5EEB630CC6FD-StateMachineUpdater] INFO  impl.StateMachineUpdater (StateMachineUpdater.java:lambda$new$0(84)) - ea4e6954-e23c-4093-8d43-714e37052889@group-5EEB630CC6FD-StateMachineUpdater: snapshotIndex: updateIncreasingly -1 -> 2
2019-10-04 06:28:48,326 [ForkJoinPool.commonPool-worker-0] INFO  impl.RaftServerImpl (ServerState.java:close(387)) - ea4e6954-e23c-4093-8d43-714e37052889@group-5EEB630CC6FD: closes. applyIndex: 2
2019-10-04 06:28:48,326 [ea4e6954-e23c-4093-8d43-714e37052889@group-5EEB630CC6FD-SegmentedRaftLogWorker] INFO  segmented.SegmentedRaftLogWorker (SegmentedRaftLogWorker.java:run(316)) - ea4e6954-e23c-4093-8d43-714e37052889@group-5EEB630CC6FD-SegmentedRaftLogWorker was interrupted, exiting. There are 0 tasks remaining in the queue.
2019-10-04 06:28:48,326 [ForkJoinPool.commonPool-worker-0] INFO  segmented.SegmentedRaftLogWorker (SegmentedRaftLogWorker.java:close(224)) - ea4e6954-e23c-4093-8d43-714e37052889@group-5EEB630CC6FD-SegmentedRaftLogWorker close()
2019-10-04 06:28:48,329 [main] INFO  server.GrpcService (GrpcService.java:closeImpl(164)) - ea4e6954-e23c-4093-8d43-714e37052889: shutdown server with port 34397 now
2019-10-04 06:28:48,330 [main] INFO  server.GrpcService (GrpcService.java:closeImpl(172)) - ea4e6954-e23c-4093-8d43-714e37052889: shutdown server with port 34397 successfully
2019-10-04 06:28:48,332 [refreshUsed-/workdir/hadoop-ozone/integration-test/target/test-dir/MiniOzoneClusterImpl-bb82a069-c5f8-4867-8b76-edf785cfeeaa/datanode-1/data/containers] WARN  fs.CachingGetSpaceUsed (CachingGetSpaceUsed.java:run(183)) - Thread Interrupted waiting to refresh disk information: sleep interrupted
2019-10-04 06:28:48,347 [main] INFO  utils.BackgroundService (BackgroundService.java:shutdown(148)) - Shutting down service BlockDeletingService
2019-10-04 06:28:48,354 [main] INFO  statemachine.DatanodeStateMachine (DatanodeStateMachine.java:stopDaemon(395)) - Ozone container server stopped.
2019-10-04 06:28:48,356 [main] INFO  handler.ContextHandler (ContextHandler.java:doStop(910)) - Stopped o.e.j.w.WebAppContext@20349058{/,null,UNAVAILABLE}{/hddsDatanode}
2019-10-04 06:28:48,356 [main] INFO  server.AbstractConnector (AbstractConnector.java:doStop(318)) - Stopped ServerConnector@6cbb7a7d{HTTP/1.1,[http/1.1]}{0.0.0.0:0}
2019-10-04 06:28:48,356 [main] INFO  handler.ContextHandler (ContextHandler.java:doStop(910)) - Stopped o.e.j.s.ServletContextHandler@285a4fe3{/static,jar:file:/home/user/.m2/repository/org/apache/hadoop/hadoop-hdds-container-service/0.5.0-SNAPSHOT/hadoop-hdds-container-service-0.5.0-SNAPSHOT.jar!/webapps/static,UNAVAILABLE}
2019-10-04 06:28:48,357 [main] INFO  handler.ContextHandler (ContextHandler.java:doStop(910)) - Stopped o.e.j.s.ServletContextHandler@50ec4bfc{/logs,file:///workdir/hadoop-ozone/integration-test/target/log,UNAVAILABLE}
2019-10-04 06:28:58,305 [Thread-2462] INFO  impl.FollowerState (FollowerState.java:run(108)) - 930eceb1-b99d-4538-8394-cbd44ab0a135@group-5EEB630CC6FD-FollowerState: change to CANDIDATE, lastRpcTime:10155ms, electionTimeout:5038ms
2019-10-04 06:28:58,305 [Thread-2462] INFO  impl.RoleInfo (RoleInfo.java:shutdownFollowerState(121)) - 930eceb1-b99d-4538-8394-cbd44ab0a135: shutdown FollowerState
2019-10-04 06:28:58,305 [Thread-2462] INFO  impl.RaftServerImpl (RaftServerImpl.java:setRole(170)) - 930eceb1-b99d-4538-8394-cbd44ab0a135@group-5EEB630CC6FD: changes role from  FOLLOWER to CANDIDATE at term 1 for changeToCandidate
2019-10-04 06:28:58,306 [Thread-2462] INFO  impl.RoleInfo (RoleInfo.java:updateAndGet(143)) - 930eceb1-b99d-4538-8394-cbd44ab0a135: start LeaderElection
2019-10-04 06:28:58,311 [930eceb1-b99d-4538-8394-cbd44ab0a135@group-5EEB630CC6FD-LeaderElection106] INFO  impl.RaftServerImpl (ServerState.java:setLeader(255)) - 930eceb1-b99d-4538-8394-cbd44ab0a135@group-5EEB630CC6FD: change Leader from ea4e6954-e23c-4093-8d43-714e37052889 to null at term 1 for initElection
2019-10-04 06:28:58,324 [930eceb1-b99d-4538-8394-cbd44ab0a135@group-5EEB630CC6FD-LeaderElection106] INFO  impl.LeaderElection (LeaderElection.java:askForVotes(178)) - 930eceb1-b99d-4538-8394-cbd44ab0a135@group-5EEB630CC6FD-LeaderElection106: begin an election at term 2 for 0: [ea4e6954-e23c-4093-8d43-714e37052889:192.168.157.194:34397, f459b77a-2a9c-4d3c-90e7-b4141adc7662:192.168.157.194:46110, 930eceb1-b99d-4538-8394-cbd44ab0a135:192.168.157.194:45294], old=null
2019-10-04 06:28:58,329 [930eceb1-b99d-4538-8394-cbd44ab0a135@group-5EEB630CC6FD-LeaderElection106] INFO  impl.LeaderElection (LogUtils.java:infoOrTrace(149)) - 930eceb1-b99d-4538-8394-cbd44ab0a135@group-5EEB630CC6FD-LeaderElection106 got exception when requesting votes: {}
java.util.concurrent.ExecutionException: org.apache.ratis.thirdparty.io.grpc.StatusRuntimeException: UNAVAILABLE: io exception
	at java.util.concurrent.FutureTask.report(FutureTask.java:122)
	at java.util.concurrent.FutureTask.get(FutureTask.java:192)
	at org.apache.ratis.server.impl.LeaderElection.waitForResults(LeaderElection.java:259)
	at org.apache.ratis.server.impl.LeaderElection.askForVotes(LeaderElection.java:197)
	at org.apache.ratis.server.impl.LeaderElection.run(LeaderElection.java:133)
	at java.lang.Thread.run(Thread.java:748)
Caused by: org.apache.ratis.thirdparty.io.grpc.StatusRuntimeException: UNAVAILABLE: io exception
	at org.apache.ratis.thirdparty.io.grpc.stub.ClientCalls.toStatusRuntimeException(ClientCalls.java:233)
	at org.apache.ratis.thirdparty.io.grpc.stub.ClientCalls.getUnchecked(ClientCalls.java:214)
	at org.apache.ratis.thirdparty.io.grpc.stub.ClientCalls.blockingUnaryCall(ClientCalls.java:139)
	at org.apache.ratis.proto.grpc.RaftServerProtocolServiceGrpc$RaftServerProtocolServiceBlockingStub.requestVote(RaftServerProtocolServiceGrpc.java:265)
	at org.apache.ratis.grpc.server.GrpcServerProtocolClient.requestVote(GrpcServerProtocolClient.java:99)
	at org.apache.ratis.grpc.server.GrpcService.requestVote(GrpcService.java:204)
	at org.apache.ratis.server.impl.LeaderElection.lambda$submitRequests$1(LeaderElection.java:234)
	at java.util.concurrent.FutureTask.run(FutureTask.java:266)
	at java.util.concurrent.Executors$RunnableAdapter.call(Executors.java:511)
	at java.util.concurrent.FutureTask.run(FutureTask.java:266)
	at java.util.concurrent.ThreadPoolExecutor.runWorker(ThreadPoolExecutor.java:1149)
	at java.util.concurrent.ThreadPoolExecutor$Worker.run(ThreadPoolExecutor.java:624)
	... 1 more
Caused by: org.apache.ratis.thirdparty.io.netty.channel.AbstractChannel$AnnotatedConnectException: Connection refused: /192.168.157.194:34397
	at sun.nio.ch.SocketChannelImpl.checkConnect(Native Method)
	at sun.nio.ch.SocketChannelImpl.finishConnect(SocketChannelImpl.java:717)
	at org.apache.ratis.thirdparty.io.netty.channel.socket.nio.NioSocketChannel.doFinishConnect(NioSocketChannel.java:327)
	at org.apache.ratis.thirdparty.io.netty.channel.nio.AbstractNioChannel$AbstractNioUnsafe.finishConnect(AbstractNioChannel.java:340)
	at org.apache.ratis.thirdparty.io.netty.channel.nio.NioEventLoop.processSelectedKey(NioEventLoop.java:632)
	at org.apache.ratis.thirdparty.io.netty.channel.nio.NioEventLoop.processSelectedKeysOptimized(NioEventLoop.java:579)
	at org.apache.ratis.thirdparty.io.netty.channel.nio.NioEventLoop.processSelectedKeys(NioEventLoop.java:496)
	at org.apache.ratis.thirdparty.io.netty.channel.nio.NioEventLoop.run(NioEventLoop.java:458)
	at org.apache.ratis.thirdparty.io.netty.util.concurrent.SingleThreadEventExecutor$5.run(SingleThreadEventExecutor.java:897)
	at org.apache.ratis.thirdparty.io.netty.util.concurrent.FastThreadLocalRunnable.run(FastThreadLocalRunnable.java:30)
	... 1 more
Caused by: java.net.ConnectException: Connection refused
	... 11 more
2019-10-04 06:28:58,341 [grpc-default-executor-8] INFO  impl.RaftServerImpl (ServerState.java:setLeader(255)) - f459b77a-2a9c-4d3c-90e7-b4141adc7662@group-5EEB630CC6FD: change Leader from ea4e6954-e23c-4093-8d43-714e37052889 to null at term 2 for updateCurrentTerm
2019-10-04 06:28:58,341 [grpc-default-executor-8] INFO  impl.RaftServerImpl (RaftServerImpl.java:setRole(170)) - f459b77a-2a9c-4d3c-90e7-b4141adc7662@group-5EEB630CC6FD: changes role from  FOLLOWER to FOLLOWER at term 2 for recognizeCandidate:930eceb1-b99d-4538-8394-cbd44ab0a135
2019-10-04 06:28:58,342 [grpc-default-executor-8] INFO  impl.RoleInfo (RoleInfo.java:shutdownFollowerState(121)) - f459b77a-2a9c-4d3c-90e7-b4141adc7662: shutdown FollowerState
2019-10-04 06:28:58,342 [grpc-default-executor-8] INFO  impl.RoleInfo (RoleInfo.java:updateAndGet(143)) - f459b77a-2a9c-4d3c-90e7-b4141adc7662: start FollowerState
2019-10-04 06:28:58,342 [Thread-2463] INFO  impl.FollowerState (FollowerState.java:run(117)) - f459b77a-2a9c-4d3c-90e7-b4141adc7662@group-5EEB630CC6FD-FollowerState was interrupted: java.lang.InterruptedException: sleep interrupted
2019-10-04 06:28:58,350 [930eceb1-b99d-4538-8394-cbd44ab0a135@group-5EEB630CC6FD-LeaderElection106] INFO  impl.LeaderElection (LeaderElection.java:logAndReturn(56)) - 930eceb1-b99d-4538-8394-cbd44ab0a135@group-5EEB630CC6FD-LeaderElection106: Election PASSED; received 1 response(s) [930eceb1-b99d-4538-8394-cbd44ab0a135<-f459b77a-2a9c-4d3c-90e7-b4141adc7662#0:OK-t2] and 1 exception(s); 930eceb1-b99d-4538-8394-cbd44ab0a135@group-5EEB630CC6FD:t2, leader=null, voted=930eceb1-b99d-4538-8394-cbd44ab0a135, raftlog=930eceb1-b99d-4538-8394-cbd44ab0a135@group-5EEB630CC6FD-SegmentedRaftLog:OPENED:c2,f2,i2, conf=0: [ea4e6954-e23c-4093-8d43-714e37052889:192.168.157.194:34397, f459b77a-2a9c-4d3c-90e7-b4141adc7662:192.168.157.194:46110, 930eceb1-b99d-4538-8394-cbd44ab0a135:192.168.157.194:45294], old=null
2019-10-04 06:28:58,350 [930eceb1-b99d-4538-8394-cbd44ab0a135@group-5EEB630CC6FD-LeaderElection106] INFO  impl.LeaderElection (LogUtils.java:infoOrTrace(149)) -   Exception 0: {}
java.util.concurrent.ExecutionException: org.apache.ratis.thirdparty.io.grpc.StatusRuntimeException: UNAVAILABLE: io exception
	at java.util.concurrent.FutureTask.report(FutureTask.java:122)
	at java.util.concurrent.FutureTask.get(FutureTask.java:192)
	at org.apache.ratis.server.impl.LeaderElection.waitForResults(LeaderElection.java:259)
	at org.apache.ratis.server.impl.LeaderElection.askForVotes(LeaderElection.java:197)
	at org.apache.ratis.server.impl.LeaderElection.run(LeaderElection.java:133)
	at java.lang.Thread.run(Thread.java:748)
Caused by: org.apache.ratis.thirdparty.io.grpc.StatusRuntimeException: UNAVAILABLE: io exception
	at org.apache.ratis.thirdparty.io.grpc.stub.ClientCalls.toStatusRuntimeException(ClientCalls.java:233)
	at org.apache.ratis.thirdparty.io.grpc.stub.ClientCalls.getUnchecked(ClientCalls.java:214)
	at org.apache.ratis.thirdparty.io.grpc.stub.ClientCalls.blockingUnaryCall(ClientCalls.java:139)
	at org.apache.ratis.proto.grpc.RaftServerProtocolServiceGrpc$RaftServerProtocolServiceBlockingStub.requestVote(RaftServerProtocolServiceGrpc.java:265)
	at org.apache.ratis.grpc.server.GrpcServerProtocolClient.requestVote(GrpcServerProtocolClient.java:99)
	at org.apache.ratis.grpc.server.GrpcService.requestVote(GrpcService.java:204)
	at org.apache.ratis.server.impl.LeaderElection.lambda$submitRequests$1(LeaderElection.java:234)
	at java.util.concurrent.FutureTask.run(FutureTask.java:266)
	at java.util.concurrent.Executors$RunnableAdapter.call(Executors.java:511)
	at java.util.concurrent.FutureTask.run(FutureTask.java:266)
	at java.util.concurrent.ThreadPoolExecutor.runWorker(ThreadPoolExecutor.java:1149)
	at java.util.concurrent.ThreadPoolExecutor$Worker.run(ThreadPoolExecutor.java:624)
	... 1 more
Caused by: org.apache.ratis.thirdparty.io.netty.channel.AbstractChannel$AnnotatedConnectException: Connection refused: /192.168.157.194:34397
	at sun.nio.ch.SocketChannelImpl.checkConnect(Native Method)
	at sun.nio.ch.SocketChannelImpl.finishConnect(SocketChannelImpl.java:717)
	at org.apache.ratis.thirdparty.io.netty.channel.socket.nio.NioSocketChannel.doFinishConnect(NioSocketChannel.java:327)
	at org.apache.ratis.thirdparty.io.netty.channel.nio.AbstractNioChannel$AbstractNioUnsafe.finishConnect(AbstractNioChannel.java:340)
	at org.apache.ratis.thirdparty.io.netty.channel.nio.NioEventLoop.processSelectedKey(NioEventLoop.java:632)
	at org.apache.ratis.thirdparty.io.netty.channel.nio.NioEventLoop.processSelectedKeysOptimized(NioEventLoop.java:579)
	at org.apache.ratis.thirdparty.io.netty.channel.nio.NioEventLoop.processSelectedKeys(NioEventLoop.java:496)
	at org.apache.ratis.thirdparty.io.netty.channel.nio.NioEventLoop.run(NioEventLoop.java:458)
	at org.apache.ratis.thirdparty.io.netty.util.concurrent.SingleThreadEventExecutor$5.run(SingleThreadEventExecutor.java:897)
	at org.apache.ratis.thirdparty.io.netty.util.concurrent.FastThreadLocalRunnable.run(FastThreadLocalRunnable.java:30)
	... 1 more
Caused by: java.net.ConnectException: Connection refused
	... 11 more
2019-10-04 06:28:58,351 [930eceb1-b99d-4538-8394-cbd44ab0a135@group-5EEB630CC6FD-LeaderElection106] INFO  impl.RoleInfo (RoleInfo.java:shutdownLeaderElection(134)) - 930eceb1-b99d-4538-8394-cbd44ab0a135: shutdown LeaderElection
2019-10-04 06:28:58,351 [930eceb1-b99d-4538-8394-cbd44ab0a135@group-5EEB630CC6FD-LeaderElection106] INFO  impl.RaftServerImpl (RaftServerImpl.java:setRole(170)) - 930eceb1-b99d-4538-8394-cbd44ab0a135@group-5EEB630CC6FD: changes role from CANDIDATE to LEADER at term 2 for changeToLeader
2019-10-04 06:28:58,351 [930eceb1-b99d-4538-8394-cbd44ab0a135@group-5EEB630CC6FD-LeaderElection106] INFO  impl.RaftServerImpl (ServerState.java:setLeader(255)) - 930eceb1-b99d-4538-8394-cbd44ab0a135@group-5EEB630CC6FD: change Leader from null to 930eceb1-b99d-4538-8394-cbd44ab0a135 at term 2 for becomeLeader, leader elected after 40ms
2019-10-04 06:28:58,351 [930eceb1-b99d-4538-8394-cbd44ab0a135@group-5EEB630CC6FD-LeaderElection106] INFO  server.RaftServerConfigKeys (ConfUtils.java:logGet(43)) - raft.server.staging.catchup.gap = 1000 (default)
2019-10-04 06:28:58,352 [930eceb1-b99d-4538-8394-cbd44ab0a135@group-5EEB630CC6FD-LeaderElection106] INFO  server.RaftServerConfigKeys (ConfUtils.java:logGet(43)) - raft.server.rpc.sleep.time = 25ms (default)
2019-10-04 06:28:58,352 [930eceb1-b99d-4538-8394-cbd44ab0a135@group-5EEB630CC6FD-LeaderElection106] INFO  server.RaftServerConfigKeys (ConfUtils.java:logGet(43)) - raft.server.write.element-limit = 4096 (default)
2019-10-04 06:28:58,352 [930eceb1-b99d-4538-8394-cbd44ab0a135@group-5EEB630CC6FD-LeaderElection106] INFO  server.RaftServerConfigKeys (ConfUtils.java:logGet(43)) - raft.server.watch.timeout = 10s (default)
2019-10-04 06:28:58,352 [930eceb1-b99d-4538-8394-cbd44ab0a135@group-5EEB630CC6FD-LeaderElection106] INFO  server.RaftServerConfigKeys (ConfUtils.java:logGet(43)) - raft.server.watch.timeout.denomination = 1s (default)
2019-10-04 06:28:58,353 [930eceb1-b99d-4538-8394-cbd44ab0a135@group-5EEB630CC6FD-LeaderElection106] INFO  server.RaftServerConfigKeys (ConfUtils.java:logGet(43)) - raft.server.watch.element-limit = 65536 (default)
2019-10-04 06:28:58,356 [930eceb1-b99d-4538-8394-cbd44ab0a135@group-5EEB630CC6FD-LeaderElection106] INFO  server.RaftServerConfigKeys (ConfUtils.java:logGet(43)) - raft.server.log.appender.snapshot.chunk.size.max = 16MB (=16777216) (default)
2019-10-04 06:28:58,356 [930eceb1-b99d-4538-8394-cbd44ab0a135@group-5EEB630CC6FD-LeaderElection106] INFO  server.RaftServerConfigKeys (ConfUtils.java:logGet(43)) - raft.server.log.appender.buffer.byte-limit = 33554432 (custom)
2019-10-04 06:28:58,356 [930eceb1-b99d-4538-8394-cbd44ab0a135@group-5EEB630CC6FD-LeaderElection106] INFO  server.RaftServerConfigKeys (ConfUtils.java:logGet(43)) - raft.server.log.appender.buffer.element-limit = 1 (custom)
2019-10-04 06:28:58,356 [930eceb1-b99d-4538-8394-cbd44ab0a135@group-5EEB630CC6FD-LeaderElection106] INFO  grpc.GrpcConfigKeys$Server (ConfUtils.java:logGet(43)) - raft.grpc.server.leader.outstanding.appends.max = 128 (default)
2019-10-04 06:28:58,357 [930eceb1-b99d-4538-8394-cbd44ab0a135@group-5EEB630CC6FD-LeaderElection106] INFO  server.RaftServerConfigKeys (ConfUtils.java:logGet(43)) - raft.server.rpc.request.timeout = 3000ms (default)
2019-10-04 06:28:58,357 [930eceb1-b99d-4538-8394-cbd44ab0a135@group-5EEB630CC6FD-LeaderElection106] INFO  server.RaftServerConfigKeys (ConfUtils.java:logGet(43)) - raft.server.log.appender.install.snapshot.enabled = false (custom)
2019-10-04 06:28:58,357 [930eceb1-b99d-4538-8394-cbd44ab0a135@group-5EEB630CC6FD-LeaderElection106] INFO  server.RaftServerConfigKeys (ConfUtils.java:logGet(43)) - raft.server.log.appender.snapshot.chunk.size.max = 16MB (=16777216) (default)
2019-10-04 06:28:58,357 [930eceb1-b99d-4538-8394-cbd44ab0a135@group-5EEB630CC6FD-LeaderElection106] INFO  server.RaftServerConfigKeys (ConfUtils.java:logGet(43)) - raft.server.log.appender.buffer.byte-limit = 33554432 (custom)
2019-10-04 06:28:58,358 [930eceb1-b99d-4538-8394-cbd44ab0a135@group-5EEB630CC6FD-LeaderElection106] INFO  server.RaftServerConfigKeys (ConfUtils.java:logGet(43)) - raft.server.log.appender.buffer.element-limit = 1 (custom)
2019-10-04 06:28:58,358 [930eceb1-b99d-4538-8394-cbd44ab0a135@group-5EEB630CC6FD-LeaderElection106] INFO  grpc.GrpcConfigKeys$Server (ConfUtils.java:logGet(43)) - raft.grpc.server.leader.outstanding.appends.max = 128 (default)
2019-10-04 06:28:58,358 [930eceb1-b99d-4538-8394-cbd44ab0a135@group-5EEB630CC6FD-LeaderElection106] INFO  server.RaftServerConfigKeys (ConfUtils.java:logGet(43)) - raft.server.rpc.request.timeout = 3000ms (default)
2019-10-04 06:28:58,358 [930eceb1-b99d-4538-8394-cbd44ab0a135@group-5EEB630CC6FD-LeaderElection106] INFO  server.RaftServerConfigKeys (ConfUtils.java:logGet(43)) - raft.server.log.appender.install.snapshot.enabled = false (custom)
2019-10-04 06:28:58,359 [930eceb1-b99d-4538-8394-cbd44ab0a135@group-5EEB630CC6FD-LeaderElection106] INFO  impl.RoleInfo (RoleInfo.java:updateAndGet(143)) - 930eceb1-b99d-4538-8394-cbd44ab0a135: start LeaderState
2019-10-04 06:28:58,359 [930eceb1-b99d-4538-8394-cbd44ab0a135@group-5EEB630CC6FD-LeaderElection106] INFO  segmented.SegmentedRaftLogWorker (SegmentedRaftLogWorker.java:rollLogSegment(390)) - 930eceb1-b99d-4538-8394-cbd44ab0a135@group-5EEB630CC6FD-SegmentedRaftLogWorker: Rolling segment log-0_2 to index:2
2019-10-04 06:28:58,360 [930eceb1-b99d-4538-8394-cbd44ab0a135@group-5EEB630CC6FD-LeaderElection106] INFO  impl.RaftServerImpl (ServerState.java:setRaftConf(356)) - 930eceb1-b99d-4538-8394-cbd44ab0a135@group-5EEB630CC6FD: set configuration 3: [ea4e6954-e23c-4093-8d43-714e37052889:192.168.157.194:34397, f459b77a-2a9c-4d3c-90e7-b4141adc7662:192.168.157.194:46110, 930eceb1-b99d-4538-8394-cbd44ab0a135:192.168.157.194:45294], old=null at 3
2019-10-04 06:28:58,361 [grpc-default-executor-8] WARN  server.GrpcLogAppender (LogUtils.java:warn(134)) - 930eceb1-b99d-4538-8394-cbd44ab0a135@group-5EEB630CC6FD->ea4e6954-e23c-4093-8d43-714e37052889-AppendLogResponseHandler: Failed appendEntries: org.apache.ratis.thirdparty.io.grpc.StatusRuntimeException: UNAVAILABLE: io exception
2019-10-04 06:28:58,361 [930eceb1-b99d-4538-8394-cbd44ab0a135@group-5EEB630CC6FD-SegmentedRaftLogWorker] INFO  segmented.SegmentedRaftLogWorker (SegmentedRaftLogWorker.java:execute(531)) - 930eceb1-b99d-4538-8394-cbd44ab0a135@group-5EEB630CC6FD-SegmentedRaftLogWorker: Rolled log segment from /workdir/hadoop-ozone/integration-test/target/test-dir/MiniOzoneClusterImpl-bb82a069-c5f8-4867-8b76-edf785cfeeaa/datanode-0/data/ratis/f9c0333e-7d4b-491a-ad0f-5eeb630cc6fd/current/log_inprogress_0 to /workdir/hadoop-ozone/integration-test/target/test-dir/MiniOzoneClusterImpl-bb82a069-c5f8-4867-8b76-edf785cfeeaa/datanode-0/data/ratis/f9c0333e-7d4b-491a-ad0f-5eeb630cc6fd/current/log_0-2
2019-10-04 06:28:58,361 [grpc-default-executor-8] INFO  impl.FollowerInfo (FollowerInfo.java:lambda$new$0(51)) - 930eceb1-b99d-4538-8394-cbd44ab0a135@group-5EEB630CC6FD->ea4e6954-e23c-4093-8d43-714e37052889: nextIndex: updateUnconditionally 3 -> 1
2019-10-04 06:28:58,362 [grpc-default-executor-8] INFO  impl.RaftServerImpl (ServerState.java:setLeader(255)) - f459b77a-2a9c-4d3c-90e7-b4141adc7662@group-5EEB630CC6FD: change Leader from null to 930eceb1-b99d-4538-8394-cbd44ab0a135 at term 2 for appendEntries, leader elected after 20ms
2019-10-04 06:28:58,365 [grpc-default-executor-8] INFO  impl.RaftServerImpl (ServerState.java:setRaftConf(356)) - f459b77a-2a9c-4d3c-90e7-b4141adc7662@group-5EEB630CC6FD: set configuration 3: [ea4e6954-e23c-4093-8d43-714e37052889:192.168.157.194:34397, f459b77a-2a9c-4d3c-90e7-b4141adc7662:192.168.157.194:46110, 930eceb1-b99d-4538-8394-cbd44ab0a135:192.168.157.194:45294], old=null at 3
2019-10-04 06:28:58,365 [grpc-default-executor-8] INFO  segmented.SegmentedRaftLogWorker (SegmentedRaftLogWorker.java:rollLogSegment(390)) - f459b77a-2a9c-4d3c-90e7-b4141adc7662@group-5EEB630CC6FD-SegmentedRaftLogWorker: Rolling segment log-0_2 to index:2
2019-10-04 06:28:58,366 [f459b77a-2a9c-4d3c-90e7-b4141adc7662@group-5EEB630CC6FD-SegmentedRaftLogWorker] INFO  segmented.SegmentedRaftLogWorker (SegmentedRaftLogWorker.java:execute(531)) - f459b77a-2a9c-4d3c-90e7-b4141adc7662@group-5EEB630CC6FD-SegmentedRaftLogWorker: Rolled log segment from /workdir/hadoop-ozone/integration-test/target/test-dir/MiniOzoneClusterImpl-bb82a069-c5f8-4867-8b76-edf785cfeeaa/datanode-2/data/ratis/f9c0333e-7d4b-491a-ad0f-5eeb630cc6fd/current/log_inprogress_0 to /workdir/hadoop-ozone/integration-test/target/test-dir/MiniOzoneClusterImpl-bb82a069-c5f8-4867-8b76-edf785cfeeaa/datanode-2/data/ratis/f9c0333e-7d4b-491a-ad0f-5eeb630cc6fd/current/log_0-2
2019-10-04 06:28:58,407 [930eceb1-b99d-4538-8394-cbd44ab0a135@group-5EEB630CC6FD-SegmentedRaftLogWorker] INFO  segmented.SegmentedRaftLogWorker (SegmentedRaftLogWorker.java:execute(574)) - 930eceb1-b99d-4538-8394-cbd44ab0a135@group-5EEB630CC6FD-SegmentedRaftLogWorker: created new log segment /workdir/hadoop-ozone/integration-test/target/test-dir/MiniOzoneClusterImpl-bb82a069-c5f8-4867-8b76-edf785cfeeaa/datanode-0/data/ratis/f9c0333e-7d4b-491a-ad0f-5eeb630cc6fd/current/log_inprogress_3
2019-10-04 06:28:58,407 [f459b77a-2a9c-4d3c-90e7-b4141adc7662@group-5EEB630CC6FD-SegmentedRaftLogWorker] INFO  segmented.SegmentedRaftLogWorker (SegmentedRaftLogWorker.java:execute(574)) - f459b77a-2a9c-4d3c-90e7-b4141adc7662@group-5EEB630CC6FD-SegmentedRaftLogWorker: created new log segment /workdir/hadoop-ozone/integration-test/target/test-dir/MiniOzoneClusterImpl-bb82a069-c5f8-4867-8b76-edf785cfeeaa/datanode-2/data/ratis/f9c0333e-7d4b-491a-ad0f-5eeb630cc6fd/current/log_inprogress_3
2019-10-04 06:28:58,417 [grpc-default-executor-2] WARN  server.GrpcLogAppender (LogUtils.java:warn(134)) - 930eceb1-b99d-4538-8394-cbd44ab0a135@group-5EEB630CC6FD->ea4e6954-e23c-4093-8d43-714e37052889-AppendLogResponseHandler: Failed appendEntries: org.apache.ratis.thirdparty.io.grpc.StatusRuntimeException: UNAVAILABLE: io exception
2019-10-04 06:28:58,417 [grpc-default-executor-2] INFO  impl.FollowerInfo (FollowerInfo.java:lambda$new$0(51)) - 930eceb1-b99d-4538-8394-cbd44ab0a135@group-5EEB630CC6FD->ea4e6954-e23c-4093-8d43-714e37052889: nextIndex: updateUnconditionally 2 -> 1
2019-10-04 06:28:58,431 [grpc-default-executor-7] WARN  server.GrpcLogAppender (LogUtils.java:warn(134)) - 930eceb1-b99d-4538-8394-cbd44ab0a135@group-5EEB630CC6FD->ea4e6954-e23c-4093-8d43-714e37052889-AppendLogResponseHandler: Failed appendEntries: org.apache.ratis.thirdparty.io.grpc.StatusRuntimeException: UNAVAILABLE: io exception
2019-10-04 06:28:58,431 [grpc-default-executor-7] INFO  impl.FollowerInfo (FollowerInfo.java:lambda$new$0(51)) - 930eceb1-b99d-4538-8394-cbd44ab0a135@group-5EEB630CC6FD->ea4e6954-e23c-4093-8d43-714e37052889: nextIndex: updateUnconditionally 2 -> 1
2019-10-04 06:28:58,567 [grpc-default-executor-8] WARN  server.GrpcLogAppender (LogUtils.java:warn(134)) - 930eceb1-b99d-4538-8394-cbd44ab0a135@group-5EEB630CC6FD->ea4e6954-e23c-4093-8d43-714e37052889-AppendLogResponseHandler: Failed appendEntries: org.apache.ratis.thirdparty.io.grpc.StatusRuntimeException: UNAVAILABLE: io exception
2019-10-04 06:28:58,567 [grpc-default-executor-8] INFO  impl.FollowerInfo (FollowerInfo.java:lambda$new$0(51)) - 930eceb1-b99d-4538-8394-cbd44ab0a135@group-5EEB630CC6FD->ea4e6954-e23c-4093-8d43-714e37052889: nextIndex: updateUnconditionally 2 -> 1
2019-10-04 06:28:58,579 [grpc-default-executor-7] WARN  server.GrpcLogAppender (LogUtils.java:warn(134)) - 930eceb1-b99d-4538-8394-cbd44ab0a135@group-5EEB630CC6FD->ea4e6954-e23c-4093-8d43-714e37052889-AppendLogResponseHandler: Failed appendEntries: org.apache.ratis.thirdparty.io.grpc.StatusRuntimeException: UNAVAILABLE: io exception
2019-10-04 06:28:58,579 [grpc-default-executor-7] INFO  impl.FollowerInfo (FollowerInfo.java:lambda$new$0(51)) - 930eceb1-b99d-4538-8394-cbd44ab0a135@group-5EEB630CC6FD->ea4e6954-e23c-4093-8d43-714e37052889: nextIndex: updateUnconditionally 2 -> 1
2019-10-04 06:28:58,602 [EventQueue-IncrementalContainerReportForIncrementalContainerReportHandler] WARN  container.IncrementalContainerReportHandler (AbstractContainerReportHandler.java:updateContainerState(143)) - Container #1 is in OPEN state, but the datanode 930eceb1-b99d-4538-8394-cbd44ab0a135{ip: 192.168.157.194, host: pr-hdds-2244-dsjsm-2702112654, networkLocation: /default-rack, certSerialId: null} reports an CLOSING replica.
2019-10-04 06:28:58,603 [grpc-default-executor-2] WARN  server.GrpcLogAppender (LogUtils.java:warn(134)) - 930eceb1-b99d-4538-8394-cbd44ab0a135@group-5EEB630CC6FD->ea4e6954-e23c-4093-8d43-714e37052889-AppendLogResponseHandler: Failed appendEntries: org.apache.ratis.thirdparty.io.grpc.StatusRuntimeException: UNAVAILABLE: io exception
2019-10-04 06:28:58,603 [grpc-default-executor-2] INFO  impl.FollowerInfo (FollowerInfo.java:lambda$new$0(51)) - 930eceb1-b99d-4538-8394-cbd44ab0a135@group-5EEB630CC6FD->ea4e6954-e23c-4093-8d43-714e37052889: nextIndex: updateUnconditionally 2 -> 1
2019-10-04 06:28:58,612 [EventQueue-IncrementalContainerReportForIncrementalContainerReportHandler] WARN  container.IncrementalContainerReportHandler (AbstractContainerReportHandler.java:updateContainerState(143)) - Container #1 is in OPEN state, but the datanode f459b77a-2a9c-4d3c-90e7-b4141adc7662{ip: 192.168.157.194, host: pr-hdds-2244-dsjsm-2702112654, networkLocation: /default-rack, certSerialId: null} reports an CLOSING replica.
2019-10-04 06:28:58,654 [RatisApplyTransactionExecutor 1] INFO  interfaces.Container (KeyValueContainer.java:flushAndSyncDB(386)) - Container 1 is synced with bcsId 0.
2019-10-04 06:28:58,698 [RatisApplyTransactionExecutor 1] INFO  interfaces.Container (KeyValueContainer.java:flushAndSyncDB(386)) - Container 1 is synced with bcsId 0.
2019-10-04 06:28:58,710 [RatisApplyTransactionExecutor 1] INFO  interfaces.Container (KeyValueContainer.java:flushAndSyncDB(386)) - Container 1 is synced with bcsId 0.
2019-10-04 06:28:58,710 [RatisApplyTransactionExecutor 1] INFO  interfaces.Container (KeyValueContainer.java:flushAndSyncDB(386)) - Container 1 is synced with bcsId 0.
2019-10-04 06:28:58,723 [RatisApplyTransactionExecutor 1] INFO  interfaces.Container (KeyValueContainer.java:close(335)) - Container 1 is closed with bcsId 0.
2019-10-04 06:28:58,723 [RatisApplyTransactionExecutor 1] INFO  interfaces.Container (KeyValueContainer.java:close(335)) - Container 1 is closed with bcsId 0.
2019-10-04 06:28:58,736 [EventQueue-IncrementalContainerReportForIncrementalContainerReportHandler] WARN  container.IncrementalContainerReportHandler (AbstractContainerReportHandler.java:updateContainerState(143)) - Container #1 is in OPEN state, but the datanode f459b77a-2a9c-4d3c-90e7-b4141adc7662{ip: 192.168.157.194, host: pr-hdds-2244-dsjsm-2702112654, networkLocation: /default-rack, certSerialId: null} reports an CLOSED replica.
2019-10-04 06:28:58,737 [EventQueue-IncrementalContainerReportForIncrementalContainerReportHandler] WARN  container.IncrementalContainerReportHandler (AbstractContainerReportHandler.java:updateContainerState(143)) - Container #1 is in OPEN state, but the datanode 930eceb1-b99d-4538-8394-cbd44ab0a135{ip: 192.168.157.194, host: pr-hdds-2244-dsjsm-2702112654, networkLocation: /default-rack, certSerialId: null} reports an CLOSED replica.
2019-10-04 06:29:01,111 [grpc-default-executor-8] WARN  server.GrpcLogAppender (LogUtils.java:warn(134)) - 930eceb1-b99d-4538-8394-cbd44ab0a135@group-5EEB630CC6FD->ea4e6954-e23c-4093-8d43-714e37052889-AppendLogResponseHandler: Failed appendEntries: org.apache.ratis.thirdparty.io.grpc.StatusRuntimeException: UNAVAILABLE: io exception
2019-10-04 06:29:01,112 [grpc-default-executor-8] INFO  impl.FollowerInfo (FollowerInfo.java:lambda$new$0(51)) - 930eceb1-b99d-4538-8394-cbd44ab0a135@group-5EEB630CC6FD->ea4e6954-e23c-4093-8d43-714e37052889: nextIndex: updateUnconditionally 1 -> 0
2019-10-04 06:29:01,742 [main] WARN  scm.XceiverClientRatis (XceiverClientRatis.java:watchForCommit(292)) - 3 way commit failed on pipeline Pipeline[ Id: f9c0333e-7d4b-491a-ad0f-5eeb630cc6fd, Nodes: ea4e6954-e23c-4093-8d43-714e37052889{ip: 192.168.157.194, host: pr-hdds-2244-dsjsm-2702112654, networkLocation: /default-rack, certSerialId: null}f459b77a-2a9c-4d3c-90e7-b4141adc7662{ip: 192.168.157.194, host: pr-hdds-2244-dsjsm-2702112654, networkLocation: /default-rack, certSerialId: null}930eceb1-b99d-4538-8394-cbd44ab0a135{ip: 192.168.157.194, host: pr-hdds-2244-dsjsm-2702112654, networkLocation: /default-rack, certSerialId: null}, Type:RATIS, Factor:THREE, State:OPEN]
java.util.concurrent.TimeoutException
	at java.util.concurrent.CompletableFuture.timedGet(CompletableFuture.java:1771)
	at java.util.concurrent.CompletableFuture.get(CompletableFuture.java:1915)
	at org.apache.hadoop.hdds.scm.XceiverClientRatis.watchForCommit(XceiverClientRatis.java:289)
	at org.apache.hadoop.ozone.client.rpc.TestWatchForCommit.test2WayCommitForTimeoutException(TestWatchForCommit.java:391)
	at sun.reflect.NativeMethodAccessorImpl.invoke0(Native Method)
	at sun.reflect.NativeMethodAccessorImpl.invoke(NativeMethodAccessorImpl.java:62)
	at sun.reflect.DelegatingMethodAccessorImpl.invoke(DelegatingMethodAccessorImpl.java:43)
	at java.lang.reflect.Method.invoke(Method.java:498)
	at org.junit.runners.model.FrameworkMethod$1.runReflectiveCall(FrameworkMethod.java:47)
	at org.junit.internal.runners.model.ReflectiveCallable.run(ReflectiveCallable.java:12)
	at org.junit.runners.model.FrameworkMethod.invokeExplosively(FrameworkMethod.java:44)
	at org.junit.internal.runners.statements.InvokeMethod.evaluate(InvokeMethod.java:17)
	at org.junit.runners.ParentRunner.runLeaf(ParentRunner.java:271)
	at org.junit.runners.BlockJUnit4ClassRunner.runChild(BlockJUnit4ClassRunner.java:70)
	at org.junit.runners.BlockJUnit4ClassRunner.runChild(BlockJUnit4ClassRunner.java:50)
	at org.junit.runners.ParentRunner$3.run(ParentRunner.java:238)
	at org.junit.runners.ParentRunner$1.schedule(ParentRunner.java:63)
	at org.junit.runners.ParentRunner.runChildren(ParentRunner.java:236)
	at org.junit.runners.ParentRunner.access$000(ParentRunner.java:53)
	at org.junit.runners.ParentRunner$2.evaluate(ParentRunner.java:229)
	at org.junit.runners.ParentRunner.run(ParentRunner.java:309)
	at org.apache.maven.surefire.junit4.JUnit4Provider.execute(JUnit4Provider.java:365)
	at org.apache.maven.surefire.junit4.JUnit4Provider.executeWithRerun(JUnit4Provider.java:273)
	at org.apache.maven.surefire.junit4.JUnit4Provider.executeTestSet(JUnit4Provider.java:238)
	at org.apache.maven.surefire.junit4.JUnit4Provider.invoke(JUnit4Provider.java:159)
	at org.apache.maven.surefire.booter.ForkedBooter.invokeProviderInSameClassLoader(ForkedBooter.java:384)
	at org.apache.maven.surefire.booter.ForkedBooter.runSuitesInProcess(ForkedBooter.java:345)
	at org.apache.maven.surefire.booter.ForkedBooter.execute(ForkedBooter.java:126)
	at org.apache.maven.surefire.booter.ForkedBooter.main(ForkedBooter.java:418)
2019-10-04 06:29:01,757 [Thread-2570] INFO  client.GrpcClientProtocolService (GrpcClientProtocolService.java:lambda$processClientRequest$0(278)) - Failed RaftClientRequest:client-62FD239F8361->f459b77a-2a9c-4d3c-90e7-b4141adc7662@group-5EEB630CC6FD, cid=106, seq=0, Watch-MAJORITY_COMMITTED(5), Message:<EMPTY>, reply=RaftClientReply:client-62FD239F8361->f459b77a-2a9c-4d3c-90e7-b4141adc7662@group-5EEB630CC6FD, cid=106, FAILED org.apache.ratis.protocol.NotLeaderException: Server f459b77a-2a9c-4d3c-90e7-b4141adc7662@group-5EEB630CC6FD is not the leader 930eceb1-b99d-4538-8394-cbd44ab0a135:192.168.157.194:45294, logIndex=0, commits[f459b77a-2a9c-4d3c-90e7-b4141adc7662:c6, ea4e6954-e23c-4093-8d43-714e37052889:c2, 930eceb1-b99d-4538-8394-cbd44ab0a135:c6]
2019-10-04 06:29:03,614 [grpc-default-executor-7] WARN  server.GrpcLogAppender (LogUtils.java:warn(134)) - 930eceb1-b99d-4538-8394-cbd44ab0a135@group-5EEB630CC6FD->ea4e6954-e23c-4093-8d43-714e37052889-AppendLogResponseHandler: Failed appendEntries: org.apache.ratis.thirdparty.io.grpc.StatusRuntimeException: UNAVAILABLE: io exception
2019-10-04 06:29:03,615 [grpc-default-executor-7] INFO  impl.FollowerInfo (FollowerInfo.java:lambda$new$0(51)) - 930eceb1-b99d-4538-8394-cbd44ab0a135@group-5EEB630CC6FD->ea4e6954-e23c-4093-8d43-714e37052889: nextIndex: updateUnconditionally 0 -> 0
]]></system-out>
  </testcase>
</testsuite>