<?xml version="1.0" encoding="UTF-8"?>
<testsuite xmlns:xsi="http://www.w3.org/2001/XMLSchema-instance" xsi:noNamespaceSchemaLocation="https://maven.apache.org/surefire/maven-surefire-plugin/xsd/surefire-test-report.xsd" name="org.apache.hadoop.ozone.client.rpc.TestWatchForCommit" time="256.971" tests="5" errors="1" skipped="0" failures="0">
  <properties>
    <property name="awt.toolkit" value="sun.awt.X11.XToolkit"/>
    <property name="file.encoding.pkg" value="sun.io"/>
    <property name="java.specification.version" value="1.8"/>
    <property name="sun.cpu.isalist" value=""/>
    <property name="sun.jnu.encoding" value="UTF-8"/>
    <property name="java.class.path" value="/workdir/hadoop-ozone/integration-test/target/test-classes:/workdir/hadoop-ozone/integration-test/target/classes:/home/user/.m2/repository/org/apache/hadoop/hadoop-ozone-common/0.5.0-SNAPSHOT/hadoop-ozone-common-0.5.0-SNAPSHOT.jar:/home/user/.m2/repository/org/apache/commons/commons-compress/1.4.1/commons-compress-1.4.1.jar:/home/user/.m2/repository/org/tukaani/xz/1.0/xz-1.0.jar:/home/user/.m2/repository/org/apache/hadoop/hadoop-common/3.2.0/hadoop-common-3.2.0.jar:/home/user/.m2/repository/org/apache/hadoop/hadoop-hdfs/3.2.0/hadoop-hdfs-3.2.0.jar:/home/user/.m2/repository/org/apache/hadoop/hadoop-hdfs-client/3.2.0/hadoop-hdfs-client-3.2.0.jar:/home/user/.m2/repository/com/fasterxml/jackson/core/jackson-annotations/2.9.9/jackson-annotations-2.9.9.jar:/home/user/.m2/repository/org/apache/hadoop/hadoop-hdds-common/0.5.0-SNAPSHOT/hadoop-hdds-common-0.5.0-SNAPSHOT.jar:/home/user/.m2/repository/javax/annotation/javax.annotation-api/1.2/javax.annotation-api-1.2.jar:/home/user/.m2/repository/org/apache/ratis/ratis-server/0.5.0-201fc85-SNAPSHOT/ratis-server-0.5.0-201fc85-SNAPSHOT.jar:/home/user/.m2/repository/org/apache/ratis/ratis-thirdparty-misc/0.2.0/ratis-thirdparty-misc-0.2.0.jar:/home/user/.m2/repository/org/apache/ratis/ratis-proto/0.5.0-201fc85-SNAPSHOT/ratis-proto-0.5.0-201fc85-SNAPSHOT.jar:/home/user/.m2/repository/org/apache/ratis/ratis-common/0.5.0-201fc85-SNAPSHOT/ratis-common-0.5.0-201fc85-SNAPSHOT.jar:/home/user/.m2/repository/org/apache/ratis/ratis-client/0.5.0-201fc85-SNAPSHOT/ratis-client-0.5.0-201fc85-SNAPSHOT.jar:/home/user/.m2/repository/org/apache/ratis/ratis-metrics/0.5.0-201fc85-SNAPSHOT/ratis-metrics-0.5.0-201fc85-SNAPSHOT.jar:/home/user/.m2/repository/com/github/joshelser/dropwizard-metrics-hadoop-metrics2-reporter/0.1.2/dropwizard-metrics-hadoop-metrics2-reporter-0.1.2.jar:/home/user/.m2/repository/io/dropwizard/metrics/metrics-jvm/3.2.5/metrics-jvm-3.2.5.jar:/home/user/.m2/repository/io/dropwizard/metrics/metrics-ganglia/3.2.5/metrics-ganglia-3.2.5.jar:/home/user/.m2/repository/info/ganglia/gmetric4j/gmetric4j/1.0.7/gmetric4j-1.0.7.jar:/home/user/.m2/repository/org/apache/ratis/ratis-netty/0.5.0-201fc85-SNAPSHOT/ratis-netty-0.5.0-201fc85-SNAPSHOT.jar:/home/user/.m2/repository/org/apache/ratis/ratis-grpc/0.5.0-201fc85-SNAPSHOT/ratis-grpc-0.5.0-201fc85-SNAPSHOT.jar:/home/user/.m2/repository/org/rocksdb/rocksdbjni/6.0.1/rocksdbjni-6.0.1.jar:/home/user/.m2/repository/org/apache/logging/log4j/log4j-api/2.11.0/log4j-api-2.11.0.jar:/home/user/.m2/repository/org/apache/logging/log4j/log4j-core/2.11.0/log4j-core-2.11.0.jar:/home/user/.m2/repository/com/lmax/disruptor/3.4.2/disruptor-3.4.2.jar:/home/user/.m2/repository/org/apache/commons/commons-pool2/2.6.0/commons-pool2-2.6.0.jar:/home/user/.m2/repository/org/bouncycastle/bcpkix-jdk15on/1.60/bcpkix-jdk15on-1.60.jar:/home/user/.m2/repository/commons-validator/commons-validator/1.6/commons-validator-1.6.jar:/home/user/.m2/repository/commons-digester/commons-digester/1.8.1/commons-digester-1.8.1.jar:/home/user/.m2/repository/io/jaegertracing/jaeger-client/0.34.0/jaeger-client-0.34.0.jar:/home/user/.m2/repository/io/jaegertracing/jaeger-thrift/0.34.0/jaeger-thrift-0.34.0.jar:/home/user/.m2/repository/org/apache/thrift/libthrift/0.12.0/libthrift-0.12.0.jar:/home/user/.m2/repository/com/squareup/okhttp3/okhttp/3.9.0/okhttp-3.9.0.jar:/home/user/.m2/repository/com/squareup/okio/okio/1.13.0/okio-1.13.0.jar:/home/user/.m2/repository/io/jaegertracing/jaeger-core/0.34.0/jaeger-core-0.34.0.jar:/home/user/.m2/repository/io/jaegertracing/jaeger-tracerresolver/0.34.0/jaeger-tracerresolver-0.34.0.jar:/home/user/.m2/repository/io/opentracing/contrib/opentracing-tracerresolver/0.1.5/opentracing-tracerresolver-0.1.5.jar:/home/user/.m2/repository/io/opentracing/opentracing-util/0.31.0/opentracing-util-0.31.0.jar:/home/user/.m2/repository/io/opentracing/opentracing-api/0.31.0/opentracing-api-0.31.0.jar:/home/user/.m2/repository/io/opentracing/opentracing-noop/0.31.0/opentracing-noop-0.31.0.jar:/home/user/.m2/repository/org/apache/hadoop/hadoop-hdds-server-framework/0.5.0-SNAPSHOT/hadoop-hdds-server-framework-0.5.0-SNAPSHOT.jar:/home/user/.m2/repository/org/apache/hadoop/hadoop-hdds-container-service/0.5.0-SNAPSHOT/hadoop-hdds-container-service-0.5.0-SNAPSHOT.jar:/home/user/.m2/repository/org/apache/hadoop/hadoop-hdds-client/0.5.0-SNAPSHOT/hadoop-hdds-client-0.5.0-SNAPSHOT.jar:/home/user/.m2/repository/org/apache/hadoop/hadoop-hdds-tools/0.5.0-SNAPSHOT/hadoop-hdds-tools-0.5.0-SNAPSHOT.jar:/home/user/.m2/repository/org/apache/hadoop/hadoop-hdds-server-scm/0.5.0-SNAPSHOT/hadoop-hdds-server-scm-0.5.0-SNAPSHOT.jar:/home/user/.m2/repository/org/apache/hadoop/hadoop-hdds-docs/0.5.0-SNAPSHOT/hadoop-hdds-docs-0.5.0-SNAPSHOT.jar:/home/user/.m2/repository/io/dropwizard/metrics/metrics-core/3.2.4/metrics-core-3.2.4.jar:/home/user/.m2/repository/org/hamcrest/hamcrest-all/1.3/hamcrest-all-1.3.jar:/home/user/.m2/repository/org/bouncycastle/bcprov-jdk15on/1.60/bcprov-jdk15on-1.60.jar:/home/user/.m2/repository/info/picocli/picocli/3.9.6/picocli-3.9.6.jar:/home/user/.m2/repository/com/google/protobuf/protobuf-java/2.5.0/protobuf-java-2.5.0.jar:/home/user/.m2/repository/com/google/guava/guava/11.0.2/guava-11.0.2.jar:/home/user/.m2/repository/org/apache/hadoop/hadoop-ozone-ozone-manager/0.5.0-SNAPSHOT/hadoop-ozone-ozone-manager-0.5.0-SNAPSHOT.jar:/home/user/.m2/repository/org/apache/hadoop/hadoop-minikdc/3.2.0/hadoop-minikdc-3.2.0.jar:/home/user/.m2/repository/commons-io/commons-io/2.5/commons-io-2.5.jar:/home/user/.m2/repository/org/apache/kerby/kerb-simplekdc/1.0.1/kerb-simplekdc-1.0.1.jar:/home/user/.m2/repository/org/apache/kerby/kerb-client/1.0.1/kerb-client-1.0.1.jar:/home/user/.m2/repository/org/apache/kerby/kerby-config/1.0.1/kerby-config-1.0.1.jar:/home/user/.m2/repository/org/apache/kerby/kerb-core/1.0.1/kerb-core-1.0.1.jar:/home/user/.m2/repository/org/apache/kerby/kerby-pkix/1.0.1/kerby-pkix-1.0.1.jar:/home/user/.m2/repository/org/apache/kerby/kerby-asn1/1.0.1/kerby-asn1-1.0.1.jar:/home/user/.m2/repository/org/apache/kerby/kerby-util/1.0.1/kerby-util-1.0.1.jar:/home/user/.m2/repository/org/apache/kerby/kerb-common/1.0.1/kerb-common-1.0.1.jar:/home/user/.m2/repository/org/apache/kerby/kerb-crypto/1.0.1/kerb-crypto-1.0.1.jar:/home/user/.m2/repository/org/apache/kerby/kerb-util/1.0.1/kerb-util-1.0.1.jar:/home/user/.m2/repository/org/apache/kerby/token-provider/1.0.1/token-provider-1.0.1.jar:/home/user/.m2/repository/org/apache/kerby/kerb-admin/1.0.1/kerb-admin-1.0.1.jar:/home/user/.m2/repository/org/apache/kerby/kerb-server/1.0.1/kerb-server-1.0.1.jar:/home/user/.m2/repository/org/apache/kerby/kerb-identity/1.0.1/kerb-identity-1.0.1.jar:/home/user/.m2/repository/org/apache/kerby/kerby-xdr/1.0.1/kerby-xdr-1.0.1.jar:/home/user/.m2/repository/org/slf4j/slf4j-log4j12/1.7.25/slf4j-log4j12-1.7.25.jar:/home/user/.m2/repository/org/apache/hadoop/hadoop-ozone-s3gateway/0.5.0-SNAPSHOT/hadoop-ozone-s3gateway-0.5.0-SNAPSHOT.jar:/home/user/.m2/repository/org/jboss/weld/servlet/weld-servlet/2.4.7.Final/weld-servlet-2.4.7.Final.jar:/home/user/.m2/repository/org/glassfish/jersey/containers/jersey-container-servlet-core/2.27/jersey-container-servlet-core-2.27.jar:/home/user/.m2/repository/org/glassfish/hk2/external/javax.inject/2.5.0-b42/javax.inject-2.5.0-b42.jar:/home/user/.m2/repository/org/glassfish/jersey/core/jersey-common/2.27/jersey-common-2.27.jar:/home/user/.m2/repository/org/glassfish/hk2/osgi-resource-locator/1.0.1/osgi-resource-locator-1.0.1.jar:/home/user/.m2/repository/javax/ws/rs/javax.ws.rs-api/2.1/javax.ws.rs-api-2.1.jar:/home/user/.m2/repository/org/glassfish/jersey/ext/cdi/jersey-cdi1x/2.27/jersey-cdi1x-2.27.jar:/home/user/.m2/repository/org/glassfish/jersey/inject/jersey-hk2/2.27/jersey-hk2-2.27.jar:/home/user/.m2/repository/org/glassfish/hk2/hk2-locator/2.5.0-b42/hk2-locator-2.5.0-b42.jar:/home/user/.m2/repository/org/javassist/javassist/3.22.0-CR2/javassist-3.22.0-CR2.jar:/home/user/.m2/repository/org/glassfish/hk2/hk2-api/2.5.0/hk2-api-2.5.0.jar:/home/user/.m2/repository/org/glassfish/hk2/external/jakarta.inject/2.5.0/jakarta.inject-2.5.0.jar:/home/user/.m2/repository/org/glassfish/hk2/hk2-utils/2.5.0/hk2-utils-2.5.0.jar:/home/user/.m2/repository/jakarta/annotation/jakarta.annotation-api/1.3.4/jakarta.annotation-api-1.3.4.jar:/home/user/.m2/repository/org/glassfish/hk2/external/aopalliance-repackaged/2.5.0/aopalliance-repackaged-2.5.0.jar:/home/user/.m2/repository/com/fasterxml/jackson/dataformat/jackson-dataformat-xml/2.9.0/jackson-dataformat-xml-2.9.0.jar:/home/user/.m2/repository/com/fasterxml/jackson/core/jackson-core/2.9.9/jackson-core-2.9.9.jar:/home/user/.m2/repository/com/fasterxml/jackson/module/jackson-module-jaxb-annotations/2.9.9/jackson-module-jaxb-annotations-2.9.9.jar:/home/user/.m2/repository/javax/enterprise/cdi-api/1.2/cdi-api-1.2.jar:/home/user/.m2/repository/javax/el/javax.el-api/3.0.0/javax.el-api-3.0.0.jar:/home/user/.m2/repository/javax/interceptor/javax.interceptor-api/1.2/javax.interceptor-api-1.2.jar:/home/user/.m2/repository/javax/inject/javax.inject/1/javax.inject-1.jar:/home/user/.m2/repository/com/sun/xml/bind/jaxb-impl/2.3.0.1/jaxb-impl-2.3.0.1.jar:/home/user/.m2/repository/com/sun/xml/bind/jaxb-core/2.3.0.1/jaxb-core-2.3.0.1.jar:/home/user/.m2/repository/javax/xml/bind/jaxb-api/2.3.0/jaxb-api-2.3.0.jar:/home/user/.m2/repository/javax/activation/activation/1.1.1/activation-1.1.1.jar:/home/user/.m2/repository/org/apache/hadoop/hadoop-ozone-csi/0.5.0-SNAPSHOT/hadoop-ozone-csi-0.5.0-SNAPSHOT.jar:/home/user/.m2/repository/com/google/protobuf/protobuf-java-util/3.5.1/protobuf-java-util-3.5.1.jar:/home/user/.m2/repository/org/apache/hadoop/hadoop-hdds-config/0.5.0-SNAPSHOT/hadoop-hdds-config-0.5.0-SNAPSHOT.jar:/home/user/.m2/repository/io/grpc/grpc-netty/1.17.1/grpc-netty-1.17.1.jar:/home/user/.m2/repository/io/grpc/grpc-core/1.17.1/grpc-core-1.17.1.jar:/home/user/.m2/repository/io/grpc/grpc-context/1.17.1/grpc-context-1.17.1.jar:/home/user/.m2/repository/com/google/errorprone/error_prone_annotations/2.2.0/error_prone_annotations-2.2.0.jar:/home/user/.m2/repository/org/codehaus/mojo/animal-sniffer-annotations/1.17/animal-sniffer-annotations-1.17.jar:/home/user/.m2/repository/io/opencensus/opencensus-api/0.17.0/opencensus-api-0.17.0.jar:/home/user/.m2/repository/io/opencensus/opencensus-contrib-grpc-metrics/0.17.0/opencensus-contrib-grpc-metrics-0.17.0.jar:/home/user/.m2/repository/io/netty/netty-codec-http2/4.1.30.Final/netty-codec-http2-4.1.30.Final.jar:/home/user/.m2/repository/io/netty/netty-codec-http/4.1.30.Final/netty-codec-http-4.1.30.Final.jar:/home/user/.m2/repository/io/netty/netty-codec/4.1.30.Final/netty-codec-4.1.30.Final.jar:/home/user/.m2/repository/io/netty/netty-handler/4.1.30.Final/netty-handler-4.1.30.Final.jar:/home/user/.m2/repository/io/netty/netty-handler-proxy/4.1.30.Final/netty-handler-proxy-4.1.30.Final.jar:/home/user/.m2/repository/io/netty/netty-codec-socks/4.1.30.Final/netty-codec-socks-4.1.30.Final.jar:/home/user/.m2/repository/io/netty/netty-transport-native-epoll/4.1.30.Final/netty-transport-native-epoll-4.1.30.Final.jar:/home/user/.m2/repository/io/netty/netty-common/4.1.30.Final/netty-common-4.1.30.Final.jar:/home/user/.m2/repository/io/netty/netty-buffer/4.1.30.Final/netty-buffer-4.1.30.Final.jar:/home/user/.m2/repository/io/netty/netty-transport/4.1.30.Final/netty-transport-4.1.30.Final.jar:/home/user/.m2/repository/io/netty/netty-resolver/4.1.30.Final/netty-resolver-4.1.30.Final.jar:/home/user/.m2/repository/io/netty/netty-transport-native-unix-common/4.1.30.Final/netty-transport-native-unix-common-4.1.30.Final.jar:/home/user/.m2/repository/io/grpc/grpc-protobuf/1.17.1/grpc-protobuf-1.17.1.jar:/home/user/.m2/repository/com/google/api/grpc/proto-google-common-protos/1.0.0/proto-google-common-protos-1.0.0.jar:/home/user/.m2/repository/io/grpc/grpc-protobuf-lite/1.17.1/grpc-protobuf-lite-1.17.1.jar:/home/user/.m2/repository/io/grpc/grpc-stub/1.17.1/grpc-stub-1.17.1.jar:/home/user/.m2/repository/org/apache/hadoop/hadoop-ozone-recon/0.5.0-SNAPSHOT/hadoop-ozone-recon-0.5.0-SNAPSHOT.jar:/home/user/.m2/repository/org/apache/hadoop/hadoop-ozone-reconcodegen/0.5.0-SNAPSHOT/hadoop-ozone-reconcodegen-0.5.0-SNAPSHOT.jar:/home/user/.m2/repository/com/google/inject/extensions/guice-multibindings/4.0/guice-multibindings-4.0.jar:/home/user/.m2/repository/com/google/inject/guice/4.0/guice-4.0.jar:/home/user/.m2/repository/aopalliance/aopalliance/1.0/aopalliance-1.0.jar:/home/user/.m2/repository/com/google/inject/extensions/guice-servlet/4.0/guice-servlet-4.0.jar:/home/user/.m2/repository/org/glassfish/jersey/containers/jersey-container-servlet/2.27/jersey-container-servlet-2.27.jar:/home/user/.m2/repository/org/glassfish/hk2/guice-bridge/2.5.0/guice-bridge-2.5.0.jar:/home/user/.m2/repository/org/glassfish/jersey/core/jersey-server/2.27/jersey-server-2.27.jar:/home/user/.m2/repository/org/glassfish/jersey/core/jersey-client/2.27/jersey-client-2.27.jar:/home/user/.m2/repository/org/glassfish/jersey/media/jersey-media-jaxb/2.27/jersey-media-jaxb-2.27.jar:/home/user/.m2/repository/javax/validation/validation-api/1.1.0.Final/validation-api-1.1.0.Final.jar:/home/user/.m2/repository/org/glassfish/jersey/media/jersey-media-json-jackson/2.27/jersey-media-json-jackson-2.27.jar:/home/user/.m2/repository/org/glassfish/jersey/ext/jersey-entity-filtering/2.27/jersey-entity-filtering-2.27.jar:/home/user/.m2/repository/com/google/inject/extensions/guice-assistedinject/4.0/guice-assistedinject-4.0.jar:/home/user/.m2/repository/org/jooq/jooq/3.11.10/jooq-3.11.10.jar:/home/user/.m2/repository/org/jooq/jooq-meta/3.11.10/jooq-meta-3.11.10.jar:/home/user/.m2/repository/org/jooq/jooq-codegen/3.11.10/jooq-codegen-3.11.10.jar:/home/user/.m2/repository/com/jolbox/bonecp/0.8.0.RELEASE/bonecp-0.8.0.RELEASE.jar:/home/user/.m2/repository/org/xerial/sqlite-jdbc/3.25.2/sqlite-jdbc-3.25.2.jar:/home/user/.m2/repository/org/springframework/spring-jdbc/5.1.3.RELEASE/spring-jdbc-5.1.3.RELEASE.jar:/home/user/.m2/repository/org/springframework/spring-beans/5.1.3.RELEASE/spring-beans-5.1.3.RELEASE.jar:/home/user/.m2/repository/org/springframework/spring-core/5.1.3.RELEASE/spring-core-5.1.3.RELEASE.jar:/home/user/.m2/repository/org/springframework/spring-jcl/5.1.3.RELEASE/spring-jcl-5.1.3.RELEASE.jar:/home/user/.m2/repository/org/springframework/spring-tx/5.1.3.RELEASE/spring-tx-5.1.3.RELEASE.jar:/home/user/.m2/repository/org/apache/hadoop/hadoop-ozone-client/0.5.0-SNAPSHOT/hadoop-ozone-client-0.5.0-SNAPSHOT.jar:/home/user/.m2/repository/commons-lang/commons-lang/2.6/commons-lang-2.6.jar:/home/user/.m2/repository/org/apache/hadoop/hadoop-ozone-ozone-manager/0.5.0-SNAPSHOT/hadoop-ozone-ozone-manager-0.5.0-SNAPSHOT-tests.jar:/home/user/.m2/repository/junit/junit/4.11/junit-4.11.jar:/home/user/.m2/repository/org/hamcrest/hamcrest-core/1.3/hamcrest-core-1.3.jar:/home/user/.m2/repository/org/openjdk/jmh/jmh-core/1.19/jmh-core-1.19.jar:/home/user/.m2/repository/net/sf/jopt-simple/jopt-simple/4.6/jopt-simple-4.6.jar:/home/user/.m2/repository/org/apache/commons/commons-math3/3.1.1/commons-math3-3.1.1.jar:/home/user/.m2/repository/org/openjdk/jmh/jmh-generator-annprocess/1.19/jmh-generator-annprocess-1.19.jar:/home/user/.m2/repository/org/mockito/mockito-all/1.8.5/mockito-all-1.8.5.jar:/home/user/.m2/repository/org/apache/hadoop/hadoop-kms/3.2.0/hadoop-kms-3.2.0.jar:/home/user/.m2/repository/org/apache/hadoop/hadoop-auth/3.2.0/hadoop-auth-3.2.0.jar:/home/user/.m2/repository/com/nimbusds/nimbus-jose-jwt/4.41.1/nimbus-jose-jwt-4.41.1.jar:/home/user/.m2/repository/com/github/stephenc/jcip/jcip-annotations/1.0-1/jcip-annotations-1.0-1.jar:/home/user/.m2/repository/net/minidev/json-smart/2.3/json-smart-2.3.jar:/home/user/.m2/repository/net/minidev/accessors-smart/1.2/accessors-smart-1.2.jar:/home/user/.m2/repository/org/ow2/asm/asm/5.0.4/asm-5.0.4.jar:/home/user/.m2/repository/org/apache/curator/curator-framework/2.12.0/curator-framework-2.12.0.jar:/home/user/.m2/repository/com/sun/jersey/jersey-core/1.19/jersey-core-1.19.jar:/home/user/.m2/repository/javax/ws/rs/jsr311-api/1.1.1/jsr311-api-1.1.1.jar:/home/user/.m2/repository/com/sun/jersey/jersey-server/1.19/jersey-server-1.19.jar:/home/user/.m2/repository/javax/servlet/javax.servlet-api/3.1.0/javax.servlet-api-3.1.0.jar:/home/user/.m2/repository/org/eclipse/jetty/jetty-server/9.3.25.v20180904/jetty-server-9.3.25.v20180904.jar:/home/user/.m2/repository/org/eclipse/jetty/jetty-http/9.3.25.v20180904/jetty-http-9.3.25.v20180904.jar:/home/user/.m2/repository/org/eclipse/jetty/jetty-io/9.3.25.v20180904/jetty-io-9.3.25.v20180904.jar:/home/user/.m2/repository/org/eclipse/jetty/jetty-webapp/9.3.25.v20180904/jetty-webapp-9.3.25.v20180904.jar:/home/user/.m2/repository/org/eclipse/jetty/jetty-xml/9.3.25.v20180904/jetty-xml-9.3.25.v20180904.jar:/home/user/.m2/repository/log4j/log4j/1.2.17/log4j-1.2.17.jar:/home/user/.m2/repository/org/slf4j/slf4j-api/1.7.25/slf4j-api-1.7.25.jar:/home/user/.m2/repository/org/slf4j/jul-to-slf4j/1.7.25/jul-to-slf4j-1.7.25.jar:/home/user/.m2/repository/org/eclipse/jetty/jetty-util/9.3.25.v20180904/jetty-util-9.3.25.v20180904.jar:/home/user/.m2/repository/com/fasterxml/jackson/core/jackson-databind/2.9.9/jackson-databind-2.9.9.jar:/home/user/.m2/repository/org/apache/hadoop/hadoop-kms/3.2.0/hadoop-kms-3.2.0-tests.jar:/home/user/.m2/repository/org/apache/hadoop/hadoop-hdds-server-scm/0.5.0-SNAPSHOT/hadoop-hdds-server-scm-0.5.0-SNAPSHOT-tests.jar:/home/user/.m2/repository/org/apache/hadoop/hadoop-hdds-container-service/0.5.0-SNAPSHOT/hadoop-hdds-container-service-0.5.0-SNAPSHOT-tests.jar:/home/user/.m2/repository/org/yaml/snakeyaml/1.16/snakeyaml-1.16.jar:/home/user/.m2/repository/org/apache/hadoop/hadoop-common/3.2.0/hadoop-common-3.2.0-tests.jar:/home/user/.m2/repository/org/apache/hadoop/hadoop-annotations/3.2.0/hadoop-annotations-3.2.0.jar:/usr/lib/jvm/java-1.8-openjdk/jre/../lib/tools.jar:/home/user/.m2/repository/commons-cli/commons-cli/1.2/commons-cli-1.2.jar:/home/user/.m2/repository/org/apache/httpcomponents/httpclient/4.5.2/httpclient-4.5.2.jar:/home/user/.m2/repository/org/apache/httpcomponents/httpcore/4.4.4/httpcore-4.4.4.jar:/home/user/.m2/repository/commons-codec/commons-codec/1.11/commons-codec-1.11.jar:/home/user/.m2/repository/commons-net/commons-net/3.6/commons-net-3.6.jar:/home/user/.m2/repository/commons-collections/commons-collections/3.2.2/commons-collections-3.2.2.jar:/home/user/.m2/repository/org/eclipse/jetty/jetty-servlet/9.3.25.v20180904/jetty-servlet-9.3.25.v20180904.jar:/home/user/.m2/repository/org/eclipse/jetty/jetty-security/9.3.25.v20180904/jetty-security-9.3.25.v20180904.jar:/home/user/.m2/repository/javax/servlet/jsp/jsp-api/2.1/jsp-api-2.1.jar:/home/user/.m2/repository/com/sun/jersey/jersey-servlet/1.19/jersey-servlet-1.19.jar:/home/user/.m2/repository/com/sun/jersey/jersey-json/1.19/jersey-json-1.19.jar:/home/user/.m2/repository/org/codehaus/jettison/jettison/1.1/jettison-1.1.jar:/home/user/.m2/repository/org/codehaus/jackson/jackson-core-asl/1.9.13/jackson-core-asl-1.9.13.jar:/home/user/.m2/repository/org/codehaus/jackson/jackson-mapper-asl/1.9.13/jackson-mapper-asl-1.9.13.jar:/home/user/.m2/repository/org/codehaus/jackson/jackson-jaxrs/1.9.13/jackson-jaxrs-1.9.13.jar:/home/user/.m2/repository/org/codehaus/jackson/jackson-xc/1.9.13/jackson-xc-1.9.13.jar:/home/user/.m2/repository/commons-logging/commons-logging/1.1.3/commons-logging-1.1.3.jar:/home/user/.m2/repository/commons-beanutils/commons-beanutils/1.9.4/commons-beanutils-1.9.4.jar:/home/user/.m2/repository/org/apache/commons/commons-configuration2/2.1.1/commons-configuration2-2.1.1.jar:/home/user/.m2/repository/org/apache/commons/commons-lang3/3.7/commons-lang3-3.7.jar:/home/user/.m2/repository/org/apache/commons/commons-text/1.4/commons-text-1.4.jar:/home/user/.m2/repository/org/apache/avro/avro/1.7.7/avro-1.7.7.jar:/home/user/.m2/repository/com/thoughtworks/paranamer/paranamer/2.3/paranamer-2.3.jar:/home/user/.m2/repository/org/xerial/snappy/snappy-java/1.0.5/snappy-java-1.0.5.jar:/home/user/.m2/repository/com/google/re2j/re2j/1.1/re2j-1.1.jar:/home/user/.m2/repository/com/google/code/gson/gson/2.2.4/gson-2.2.4.jar:/home/user/.m2/repository/com/jcraft/jsch/0.1.54/jsch-0.1.54.jar:/home/user/.m2/repository/org/apache/curator/curator-client/2.12.0/curator-client-2.12.0.jar:/home/user/.m2/repository/org/apache/curator/curator-recipes/2.12.0/curator-recipes-2.12.0.jar:/home/user/.m2/repository/com/google/code/findbugs/jsr305/3.0.0/jsr305-3.0.0.jar:/home/user/.m2/repository/org/apache/htrace/htrace-core4/4.1.0-incubating/htrace-core4-4.1.0-incubating.jar:/home/user/.m2/repository/org/apache/zookeeper/zookeeper/3.4.13/zookeeper-3.4.13.jar:/home/user/.m2/repository/jline/jline/0.9.94/jline-0.9.94.jar:/home/user/.m2/repository/org/apache/yetus/audience-annotations/0.5.0/audience-annotations-0.5.0.jar:/home/user/.m2/repository/org/codehaus/woodstox/stax2-api/3.1.4/stax2-api-3.1.4.jar:/home/user/.m2/repository/com/fasterxml/woodstox/woodstox-core/5.0.3/woodstox-core-5.0.3.jar:/home/user/.m2/repository/dnsjava/dnsjava/2.1.7/dnsjava-2.1.7.jar:/home/user/.m2/repository/org/apache/hadoop/hadoop-hdfs/3.2.0/hadoop-hdfs-3.2.0-tests.jar:/home/user/.m2/repository/org/eclipse/jetty/jetty-util-ajax/9.3.25.v20180904/jetty-util-ajax-9.3.25.v20180904.jar:/home/user/.m2/repository/commons-daemon/commons-daemon/1.0.13/commons-daemon-1.0.13.jar:/home/user/.m2/repository/io/netty/netty/3.10.5.Final/netty-3.10.5.Final.jar:/home/user/.m2/repository/io/netty/netty-all/4.0.52.Final/netty-all-4.0.52.Final.jar:/home/user/.m2/repository/org/fusesource/leveldbjni/leveldbjni-all/1.8/leveldbjni-all-1.8.jar:"/>
    <property name="java.vm.vendor" value="IcedTea"/>
    <property name="sun.arch.data.model" value="64"/>
    <property name="test.build.dir" value="/workdir/hadoop-ozone/integration-test/target/test-dir"/>
    <property name="test.cache.data" value=""/>
    <property name="java.vendor.url" value="https://icedtea.classpath.org"/>
    <property name="user.timezone" value=""/>
    <property name="java.vm.specification.version" value="1.8"/>
    <property name="os.name" value="Linux"/>
    <property name="test.build.data" value="/workdir/hadoop-ozone/integration-test/target/test-dir"/>
    <property name="user.country" value="US"/>
    <property name="sun.java.launcher" value="SUN_STANDARD"/>
    <property name="sun.boot.library.path" value="/usr/lib/jvm/java-1.8-openjdk/jre/lib/amd64"/>
    <property name="sun.java.command" value="/workdir/hadoop-ozone/integration-test/target/surefire/surefirebooter3220505334066572502.jar /workdir/hadoop-ozone/integration-test/target/surefire 2019-10-05T05-13-45_805-jvmRun1 surefire4944742231957413615tmp surefire_62840770596707300831tmp"/>
    <property name="test" value="!TestMiniChaosOzoneCluster"/>
    <property name="surefire.test.class.path" value="/workdir/hadoop-ozone/integration-test/target/test-classes:/workdir/hadoop-ozone/integration-test/target/classes:/home/user/.m2/repository/org/apache/hadoop/hadoop-ozone-common/0.5.0-SNAPSHOT/hadoop-ozone-common-0.5.0-SNAPSHOT.jar:/home/user/.m2/repository/org/apache/commons/commons-compress/1.4.1/commons-compress-1.4.1.jar:/home/user/.m2/repository/org/tukaani/xz/1.0/xz-1.0.jar:/home/user/.m2/repository/org/apache/hadoop/hadoop-common/3.2.0/hadoop-common-3.2.0.jar:/home/user/.m2/repository/org/apache/hadoop/hadoop-hdfs/3.2.0/hadoop-hdfs-3.2.0.jar:/home/user/.m2/repository/org/apache/hadoop/hadoop-hdfs-client/3.2.0/hadoop-hdfs-client-3.2.0.jar:/home/user/.m2/repository/com/fasterxml/jackson/core/jackson-annotations/2.9.9/jackson-annotations-2.9.9.jar:/home/user/.m2/repository/org/apache/hadoop/hadoop-hdds-common/0.5.0-SNAPSHOT/hadoop-hdds-common-0.5.0-SNAPSHOT.jar:/home/user/.m2/repository/javax/annotation/javax.annotation-api/1.2/javax.annotation-api-1.2.jar:/home/user/.m2/repository/org/apache/ratis/ratis-server/0.5.0-201fc85-SNAPSHOT/ratis-server-0.5.0-201fc85-SNAPSHOT.jar:/home/user/.m2/repository/org/apache/ratis/ratis-thirdparty-misc/0.2.0/ratis-thirdparty-misc-0.2.0.jar:/home/user/.m2/repository/org/apache/ratis/ratis-proto/0.5.0-201fc85-SNAPSHOT/ratis-proto-0.5.0-201fc85-SNAPSHOT.jar:/home/user/.m2/repository/org/apache/ratis/ratis-common/0.5.0-201fc85-SNAPSHOT/ratis-common-0.5.0-201fc85-SNAPSHOT.jar:/home/user/.m2/repository/org/apache/ratis/ratis-client/0.5.0-201fc85-SNAPSHOT/ratis-client-0.5.0-201fc85-SNAPSHOT.jar:/home/user/.m2/repository/org/apache/ratis/ratis-metrics/0.5.0-201fc85-SNAPSHOT/ratis-metrics-0.5.0-201fc85-SNAPSHOT.jar:/home/user/.m2/repository/com/github/joshelser/dropwizard-metrics-hadoop-metrics2-reporter/0.1.2/dropwizard-metrics-hadoop-metrics2-reporter-0.1.2.jar:/home/user/.m2/repository/io/dropwizard/metrics/metrics-jvm/3.2.5/metrics-jvm-3.2.5.jar:/home/user/.m2/repository/io/dropwizard/metrics/metrics-ganglia/3.2.5/metrics-ganglia-3.2.5.jar:/home/user/.m2/repository/info/ganglia/gmetric4j/gmetric4j/1.0.7/gmetric4j-1.0.7.jar:/home/user/.m2/repository/org/apache/ratis/ratis-netty/0.5.0-201fc85-SNAPSHOT/ratis-netty-0.5.0-201fc85-SNAPSHOT.jar:/home/user/.m2/repository/org/apache/ratis/ratis-grpc/0.5.0-201fc85-SNAPSHOT/ratis-grpc-0.5.0-201fc85-SNAPSHOT.jar:/home/user/.m2/repository/org/rocksdb/rocksdbjni/6.0.1/rocksdbjni-6.0.1.jar:/home/user/.m2/repository/org/apache/logging/log4j/log4j-api/2.11.0/log4j-api-2.11.0.jar:/home/user/.m2/repository/org/apache/logging/log4j/log4j-core/2.11.0/log4j-core-2.11.0.jar:/home/user/.m2/repository/com/lmax/disruptor/3.4.2/disruptor-3.4.2.jar:/home/user/.m2/repository/org/apache/commons/commons-pool2/2.6.0/commons-pool2-2.6.0.jar:/home/user/.m2/repository/org/bouncycastle/bcpkix-jdk15on/1.60/bcpkix-jdk15on-1.60.jar:/home/user/.m2/repository/commons-validator/commons-validator/1.6/commons-validator-1.6.jar:/home/user/.m2/repository/commons-digester/commons-digester/1.8.1/commons-digester-1.8.1.jar:/home/user/.m2/repository/io/jaegertracing/jaeger-client/0.34.0/jaeger-client-0.34.0.jar:/home/user/.m2/repository/io/jaegertracing/jaeger-thrift/0.34.0/jaeger-thrift-0.34.0.jar:/home/user/.m2/repository/org/apache/thrift/libthrift/0.12.0/libthrift-0.12.0.jar:/home/user/.m2/repository/com/squareup/okhttp3/okhttp/3.9.0/okhttp-3.9.0.jar:/home/user/.m2/repository/com/squareup/okio/okio/1.13.0/okio-1.13.0.jar:/home/user/.m2/repository/io/jaegertracing/jaeger-core/0.34.0/jaeger-core-0.34.0.jar:/home/user/.m2/repository/io/jaegertracing/jaeger-tracerresolver/0.34.0/jaeger-tracerresolver-0.34.0.jar:/home/user/.m2/repository/io/opentracing/contrib/opentracing-tracerresolver/0.1.5/opentracing-tracerresolver-0.1.5.jar:/home/user/.m2/repository/io/opentracing/opentracing-util/0.31.0/opentracing-util-0.31.0.jar:/home/user/.m2/repository/io/opentracing/opentracing-api/0.31.0/opentracing-api-0.31.0.jar:/home/user/.m2/repository/io/opentracing/opentracing-noop/0.31.0/opentracing-noop-0.31.0.jar:/home/user/.m2/repository/org/apache/hadoop/hadoop-hdds-server-framework/0.5.0-SNAPSHOT/hadoop-hdds-server-framework-0.5.0-SNAPSHOT.jar:/home/user/.m2/repository/org/apache/hadoop/hadoop-hdds-container-service/0.5.0-SNAPSHOT/hadoop-hdds-container-service-0.5.0-SNAPSHOT.jar:/home/user/.m2/repository/org/apache/hadoop/hadoop-hdds-client/0.5.0-SNAPSHOT/hadoop-hdds-client-0.5.0-SNAPSHOT.jar:/home/user/.m2/repository/org/apache/hadoop/hadoop-hdds-tools/0.5.0-SNAPSHOT/hadoop-hdds-tools-0.5.0-SNAPSHOT.jar:/home/user/.m2/repository/org/apache/hadoop/hadoop-hdds-server-scm/0.5.0-SNAPSHOT/hadoop-hdds-server-scm-0.5.0-SNAPSHOT.jar:/home/user/.m2/repository/org/apache/hadoop/hadoop-hdds-docs/0.5.0-SNAPSHOT/hadoop-hdds-docs-0.5.0-SNAPSHOT.jar:/home/user/.m2/repository/io/dropwizard/metrics/metrics-core/3.2.4/metrics-core-3.2.4.jar:/home/user/.m2/repository/org/hamcrest/hamcrest-all/1.3/hamcrest-all-1.3.jar:/home/user/.m2/repository/org/bouncycastle/bcprov-jdk15on/1.60/bcprov-jdk15on-1.60.jar:/home/user/.m2/repository/info/picocli/picocli/3.9.6/picocli-3.9.6.jar:/home/user/.m2/repository/com/google/protobuf/protobuf-java/2.5.0/protobuf-java-2.5.0.jar:/home/user/.m2/repository/com/google/guava/guava/11.0.2/guava-11.0.2.jar:/home/user/.m2/repository/org/apache/hadoop/hadoop-ozone-ozone-manager/0.5.0-SNAPSHOT/hadoop-ozone-ozone-manager-0.5.0-SNAPSHOT.jar:/home/user/.m2/repository/org/apache/hadoop/hadoop-minikdc/3.2.0/hadoop-minikdc-3.2.0.jar:/home/user/.m2/repository/commons-io/commons-io/2.5/commons-io-2.5.jar:/home/user/.m2/repository/org/apache/kerby/kerb-simplekdc/1.0.1/kerb-simplekdc-1.0.1.jar:/home/user/.m2/repository/org/apache/kerby/kerb-client/1.0.1/kerb-client-1.0.1.jar:/home/user/.m2/repository/org/apache/kerby/kerby-config/1.0.1/kerby-config-1.0.1.jar:/home/user/.m2/repository/org/apache/kerby/kerb-core/1.0.1/kerb-core-1.0.1.jar:/home/user/.m2/repository/org/apache/kerby/kerby-pkix/1.0.1/kerby-pkix-1.0.1.jar:/home/user/.m2/repository/org/apache/kerby/kerby-asn1/1.0.1/kerby-asn1-1.0.1.jar:/home/user/.m2/repository/org/apache/kerby/kerby-util/1.0.1/kerby-util-1.0.1.jar:/home/user/.m2/repository/org/apache/kerby/kerb-common/1.0.1/kerb-common-1.0.1.jar:/home/user/.m2/repository/org/apache/kerby/kerb-crypto/1.0.1/kerb-crypto-1.0.1.jar:/home/user/.m2/repository/org/apache/kerby/kerb-util/1.0.1/kerb-util-1.0.1.jar:/home/user/.m2/repository/org/apache/kerby/token-provider/1.0.1/token-provider-1.0.1.jar:/home/user/.m2/repository/org/apache/kerby/kerb-admin/1.0.1/kerb-admin-1.0.1.jar:/home/user/.m2/repository/org/apache/kerby/kerb-server/1.0.1/kerb-server-1.0.1.jar:/home/user/.m2/repository/org/apache/kerby/kerb-identity/1.0.1/kerb-identity-1.0.1.jar:/home/user/.m2/repository/org/apache/kerby/kerby-xdr/1.0.1/kerby-xdr-1.0.1.jar:/home/user/.m2/repository/org/slf4j/slf4j-log4j12/1.7.25/slf4j-log4j12-1.7.25.jar:/home/user/.m2/repository/org/apache/hadoop/hadoop-ozone-s3gateway/0.5.0-SNAPSHOT/hadoop-ozone-s3gateway-0.5.0-SNAPSHOT.jar:/home/user/.m2/repository/org/jboss/weld/servlet/weld-servlet/2.4.7.Final/weld-servlet-2.4.7.Final.jar:/home/user/.m2/repository/org/glassfish/jersey/containers/jersey-container-servlet-core/2.27/jersey-container-servlet-core-2.27.jar:/home/user/.m2/repository/org/glassfish/hk2/external/javax.inject/2.5.0-b42/javax.inject-2.5.0-b42.jar:/home/user/.m2/repository/org/glassfish/jersey/core/jersey-common/2.27/jersey-common-2.27.jar:/home/user/.m2/repository/org/glassfish/hk2/osgi-resource-locator/1.0.1/osgi-resource-locator-1.0.1.jar:/home/user/.m2/repository/javax/ws/rs/javax.ws.rs-api/2.1/javax.ws.rs-api-2.1.jar:/home/user/.m2/repository/org/glassfish/jersey/ext/cdi/jersey-cdi1x/2.27/jersey-cdi1x-2.27.jar:/home/user/.m2/repository/org/glassfish/jersey/inject/jersey-hk2/2.27/jersey-hk2-2.27.jar:/home/user/.m2/repository/org/glassfish/hk2/hk2-locator/2.5.0-b42/hk2-locator-2.5.0-b42.jar:/home/user/.m2/repository/org/javassist/javassist/3.22.0-CR2/javassist-3.22.0-CR2.jar:/home/user/.m2/repository/org/glassfish/hk2/hk2-api/2.5.0/hk2-api-2.5.0.jar:/home/user/.m2/repository/org/glassfish/hk2/external/jakarta.inject/2.5.0/jakarta.inject-2.5.0.jar:/home/user/.m2/repository/org/glassfish/hk2/hk2-utils/2.5.0/hk2-utils-2.5.0.jar:/home/user/.m2/repository/jakarta/annotation/jakarta.annotation-api/1.3.4/jakarta.annotation-api-1.3.4.jar:/home/user/.m2/repository/org/glassfish/hk2/external/aopalliance-repackaged/2.5.0/aopalliance-repackaged-2.5.0.jar:/home/user/.m2/repository/com/fasterxml/jackson/dataformat/jackson-dataformat-xml/2.9.0/jackson-dataformat-xml-2.9.0.jar:/home/user/.m2/repository/com/fasterxml/jackson/core/jackson-core/2.9.9/jackson-core-2.9.9.jar:/home/user/.m2/repository/com/fasterxml/jackson/module/jackson-module-jaxb-annotations/2.9.9/jackson-module-jaxb-annotations-2.9.9.jar:/home/user/.m2/repository/javax/enterprise/cdi-api/1.2/cdi-api-1.2.jar:/home/user/.m2/repository/javax/el/javax.el-api/3.0.0/javax.el-api-3.0.0.jar:/home/user/.m2/repository/javax/interceptor/javax.interceptor-api/1.2/javax.interceptor-api-1.2.jar:/home/user/.m2/repository/javax/inject/javax.inject/1/javax.inject-1.jar:/home/user/.m2/repository/com/sun/xml/bind/jaxb-impl/2.3.0.1/jaxb-impl-2.3.0.1.jar:/home/user/.m2/repository/com/sun/xml/bind/jaxb-core/2.3.0.1/jaxb-core-2.3.0.1.jar:/home/user/.m2/repository/javax/xml/bind/jaxb-api/2.3.0/jaxb-api-2.3.0.jar:/home/user/.m2/repository/javax/activation/activation/1.1.1/activation-1.1.1.jar:/home/user/.m2/repository/org/apache/hadoop/hadoop-ozone-csi/0.5.0-SNAPSHOT/hadoop-ozone-csi-0.5.0-SNAPSHOT.jar:/home/user/.m2/repository/com/google/protobuf/protobuf-java-util/3.5.1/protobuf-java-util-3.5.1.jar:/home/user/.m2/repository/org/apache/hadoop/hadoop-hdds-config/0.5.0-SNAPSHOT/hadoop-hdds-config-0.5.0-SNAPSHOT.jar:/home/user/.m2/repository/io/grpc/grpc-netty/1.17.1/grpc-netty-1.17.1.jar:/home/user/.m2/repository/io/grpc/grpc-core/1.17.1/grpc-core-1.17.1.jar:/home/user/.m2/repository/io/grpc/grpc-context/1.17.1/grpc-context-1.17.1.jar:/home/user/.m2/repository/com/google/errorprone/error_prone_annotations/2.2.0/error_prone_annotations-2.2.0.jar:/home/user/.m2/repository/org/codehaus/mojo/animal-sniffer-annotations/1.17/animal-sniffer-annotations-1.17.jar:/home/user/.m2/repository/io/opencensus/opencensus-api/0.17.0/opencensus-api-0.17.0.jar:/home/user/.m2/repository/io/opencensus/opencensus-contrib-grpc-metrics/0.17.0/opencensus-contrib-grpc-metrics-0.17.0.jar:/home/user/.m2/repository/io/netty/netty-codec-http2/4.1.30.Final/netty-codec-http2-4.1.30.Final.jar:/home/user/.m2/repository/io/netty/netty-codec-http/4.1.30.Final/netty-codec-http-4.1.30.Final.jar:/home/user/.m2/repository/io/netty/netty-codec/4.1.30.Final/netty-codec-4.1.30.Final.jar:/home/user/.m2/repository/io/netty/netty-handler/4.1.30.Final/netty-handler-4.1.30.Final.jar:/home/user/.m2/repository/io/netty/netty-handler-proxy/4.1.30.Final/netty-handler-proxy-4.1.30.Final.jar:/home/user/.m2/repository/io/netty/netty-codec-socks/4.1.30.Final/netty-codec-socks-4.1.30.Final.jar:/home/user/.m2/repository/io/netty/netty-transport-native-epoll/4.1.30.Final/netty-transport-native-epoll-4.1.30.Final.jar:/home/user/.m2/repository/io/netty/netty-common/4.1.30.Final/netty-common-4.1.30.Final.jar:/home/user/.m2/repository/io/netty/netty-buffer/4.1.30.Final/netty-buffer-4.1.30.Final.jar:/home/user/.m2/repository/io/netty/netty-transport/4.1.30.Final/netty-transport-4.1.30.Final.jar:/home/user/.m2/repository/io/netty/netty-resolver/4.1.30.Final/netty-resolver-4.1.30.Final.jar:/home/user/.m2/repository/io/netty/netty-transport-native-unix-common/4.1.30.Final/netty-transport-native-unix-common-4.1.30.Final.jar:/home/user/.m2/repository/io/grpc/grpc-protobuf/1.17.1/grpc-protobuf-1.17.1.jar:/home/user/.m2/repository/com/google/api/grpc/proto-google-common-protos/1.0.0/proto-google-common-protos-1.0.0.jar:/home/user/.m2/repository/io/grpc/grpc-protobuf-lite/1.17.1/grpc-protobuf-lite-1.17.1.jar:/home/user/.m2/repository/io/grpc/grpc-stub/1.17.1/grpc-stub-1.17.1.jar:/home/user/.m2/repository/org/apache/hadoop/hadoop-ozone-recon/0.5.0-SNAPSHOT/hadoop-ozone-recon-0.5.0-SNAPSHOT.jar:/home/user/.m2/repository/org/apache/hadoop/hadoop-ozone-reconcodegen/0.5.0-SNAPSHOT/hadoop-ozone-reconcodegen-0.5.0-SNAPSHOT.jar:/home/user/.m2/repository/com/google/inject/extensions/guice-multibindings/4.0/guice-multibindings-4.0.jar:/home/user/.m2/repository/com/google/inject/guice/4.0/guice-4.0.jar:/home/user/.m2/repository/aopalliance/aopalliance/1.0/aopalliance-1.0.jar:/home/user/.m2/repository/com/google/inject/extensions/guice-servlet/4.0/guice-servlet-4.0.jar:/home/user/.m2/repository/org/glassfish/jersey/containers/jersey-container-servlet/2.27/jersey-container-servlet-2.27.jar:/home/user/.m2/repository/org/glassfish/hk2/guice-bridge/2.5.0/guice-bridge-2.5.0.jar:/home/user/.m2/repository/org/glassfish/jersey/core/jersey-server/2.27/jersey-server-2.27.jar:/home/user/.m2/repository/org/glassfish/jersey/core/jersey-client/2.27/jersey-client-2.27.jar:/home/user/.m2/repository/org/glassfish/jersey/media/jersey-media-jaxb/2.27/jersey-media-jaxb-2.27.jar:/home/user/.m2/repository/javax/validation/validation-api/1.1.0.Final/validation-api-1.1.0.Final.jar:/home/user/.m2/repository/org/glassfish/jersey/media/jersey-media-json-jackson/2.27/jersey-media-json-jackson-2.27.jar:/home/user/.m2/repository/org/glassfish/jersey/ext/jersey-entity-filtering/2.27/jersey-entity-filtering-2.27.jar:/home/user/.m2/repository/com/google/inject/extensions/guice-assistedinject/4.0/guice-assistedinject-4.0.jar:/home/user/.m2/repository/org/jooq/jooq/3.11.10/jooq-3.11.10.jar:/home/user/.m2/repository/org/jooq/jooq-meta/3.11.10/jooq-meta-3.11.10.jar:/home/user/.m2/repository/org/jooq/jooq-codegen/3.11.10/jooq-codegen-3.11.10.jar:/home/user/.m2/repository/com/jolbox/bonecp/0.8.0.RELEASE/bonecp-0.8.0.RELEASE.jar:/home/user/.m2/repository/org/xerial/sqlite-jdbc/3.25.2/sqlite-jdbc-3.25.2.jar:/home/user/.m2/repository/org/springframework/spring-jdbc/5.1.3.RELEASE/spring-jdbc-5.1.3.RELEASE.jar:/home/user/.m2/repository/org/springframework/spring-beans/5.1.3.RELEASE/spring-beans-5.1.3.RELEASE.jar:/home/user/.m2/repository/org/springframework/spring-core/5.1.3.RELEASE/spring-core-5.1.3.RELEASE.jar:/home/user/.m2/repository/org/springframework/spring-jcl/5.1.3.RELEASE/spring-jcl-5.1.3.RELEASE.jar:/home/user/.m2/repository/org/springframework/spring-tx/5.1.3.RELEASE/spring-tx-5.1.3.RELEASE.jar:/home/user/.m2/repository/org/apache/hadoop/hadoop-ozone-client/0.5.0-SNAPSHOT/hadoop-ozone-client-0.5.0-SNAPSHOT.jar:/home/user/.m2/repository/commons-lang/commons-lang/2.6/commons-lang-2.6.jar:/home/user/.m2/repository/org/apache/hadoop/hadoop-ozone-ozone-manager/0.5.0-SNAPSHOT/hadoop-ozone-ozone-manager-0.5.0-SNAPSHOT-tests.jar:/home/user/.m2/repository/junit/junit/4.11/junit-4.11.jar:/home/user/.m2/repository/org/hamcrest/hamcrest-core/1.3/hamcrest-core-1.3.jar:/home/user/.m2/repository/org/openjdk/jmh/jmh-core/1.19/jmh-core-1.19.jar:/home/user/.m2/repository/net/sf/jopt-simple/jopt-simple/4.6/jopt-simple-4.6.jar:/home/user/.m2/repository/org/apache/commons/commons-math3/3.1.1/commons-math3-3.1.1.jar:/home/user/.m2/repository/org/openjdk/jmh/jmh-generator-annprocess/1.19/jmh-generator-annprocess-1.19.jar:/home/user/.m2/repository/org/mockito/mockito-all/1.8.5/mockito-all-1.8.5.jar:/home/user/.m2/repository/org/apache/hadoop/hadoop-kms/3.2.0/hadoop-kms-3.2.0.jar:/home/user/.m2/repository/org/apache/hadoop/hadoop-auth/3.2.0/hadoop-auth-3.2.0.jar:/home/user/.m2/repository/com/nimbusds/nimbus-jose-jwt/4.41.1/nimbus-jose-jwt-4.41.1.jar:/home/user/.m2/repository/com/github/stephenc/jcip/jcip-annotations/1.0-1/jcip-annotations-1.0-1.jar:/home/user/.m2/repository/net/minidev/json-smart/2.3/json-smart-2.3.jar:/home/user/.m2/repository/net/minidev/accessors-smart/1.2/accessors-smart-1.2.jar:/home/user/.m2/repository/org/ow2/asm/asm/5.0.4/asm-5.0.4.jar:/home/user/.m2/repository/org/apache/curator/curator-framework/2.12.0/curator-framework-2.12.0.jar:/home/user/.m2/repository/com/sun/jersey/jersey-core/1.19/jersey-core-1.19.jar:/home/user/.m2/repository/javax/ws/rs/jsr311-api/1.1.1/jsr311-api-1.1.1.jar:/home/user/.m2/repository/com/sun/jersey/jersey-server/1.19/jersey-server-1.19.jar:/home/user/.m2/repository/javax/servlet/javax.servlet-api/3.1.0/javax.servlet-api-3.1.0.jar:/home/user/.m2/repository/org/eclipse/jetty/jetty-server/9.3.25.v20180904/jetty-server-9.3.25.v20180904.jar:/home/user/.m2/repository/org/eclipse/jetty/jetty-http/9.3.25.v20180904/jetty-http-9.3.25.v20180904.jar:/home/user/.m2/repository/org/eclipse/jetty/jetty-io/9.3.25.v20180904/jetty-io-9.3.25.v20180904.jar:/home/user/.m2/repository/org/eclipse/jetty/jetty-webapp/9.3.25.v20180904/jetty-webapp-9.3.25.v20180904.jar:/home/user/.m2/repository/org/eclipse/jetty/jetty-xml/9.3.25.v20180904/jetty-xml-9.3.25.v20180904.jar:/home/user/.m2/repository/log4j/log4j/1.2.17/log4j-1.2.17.jar:/home/user/.m2/repository/org/slf4j/slf4j-api/1.7.25/slf4j-api-1.7.25.jar:/home/user/.m2/repository/org/slf4j/jul-to-slf4j/1.7.25/jul-to-slf4j-1.7.25.jar:/home/user/.m2/repository/org/eclipse/jetty/jetty-util/9.3.25.v20180904/jetty-util-9.3.25.v20180904.jar:/home/user/.m2/repository/com/fasterxml/jackson/core/jackson-databind/2.9.9/jackson-databind-2.9.9.jar:/home/user/.m2/repository/org/apache/hadoop/hadoop-kms/3.2.0/hadoop-kms-3.2.0-tests.jar:/home/user/.m2/repository/org/apache/hadoop/hadoop-hdds-server-scm/0.5.0-SNAPSHOT/hadoop-hdds-server-scm-0.5.0-SNAPSHOT-tests.jar:/home/user/.m2/repository/org/apache/hadoop/hadoop-hdds-container-service/0.5.0-SNAPSHOT/hadoop-hdds-container-service-0.5.0-SNAPSHOT-tests.jar:/home/user/.m2/repository/org/yaml/snakeyaml/1.16/snakeyaml-1.16.jar:/home/user/.m2/repository/org/apache/hadoop/hadoop-common/3.2.0/hadoop-common-3.2.0-tests.jar:/home/user/.m2/repository/org/apache/hadoop/hadoop-annotations/3.2.0/hadoop-annotations-3.2.0.jar:/usr/lib/jvm/java-1.8-openjdk/jre/../lib/tools.jar:/home/user/.m2/repository/commons-cli/commons-cli/1.2/commons-cli-1.2.jar:/home/user/.m2/repository/org/apache/httpcomponents/httpclient/4.5.2/httpclient-4.5.2.jar:/home/user/.m2/repository/org/apache/httpcomponents/httpcore/4.4.4/httpcore-4.4.4.jar:/home/user/.m2/repository/commons-codec/commons-codec/1.11/commons-codec-1.11.jar:/home/user/.m2/repository/commons-net/commons-net/3.6/commons-net-3.6.jar:/home/user/.m2/repository/commons-collections/commons-collections/3.2.2/commons-collections-3.2.2.jar:/home/user/.m2/repository/org/eclipse/jetty/jetty-servlet/9.3.25.v20180904/jetty-servlet-9.3.25.v20180904.jar:/home/user/.m2/repository/org/eclipse/jetty/jetty-security/9.3.25.v20180904/jetty-security-9.3.25.v20180904.jar:/home/user/.m2/repository/javax/servlet/jsp/jsp-api/2.1/jsp-api-2.1.jar:/home/user/.m2/repository/com/sun/jersey/jersey-servlet/1.19/jersey-servlet-1.19.jar:/home/user/.m2/repository/com/sun/jersey/jersey-json/1.19/jersey-json-1.19.jar:/home/user/.m2/repository/org/codehaus/jettison/jettison/1.1/jettison-1.1.jar:/home/user/.m2/repository/org/codehaus/jackson/jackson-core-asl/1.9.13/jackson-core-asl-1.9.13.jar:/home/user/.m2/repository/org/codehaus/jackson/jackson-mapper-asl/1.9.13/jackson-mapper-asl-1.9.13.jar:/home/user/.m2/repository/org/codehaus/jackson/jackson-jaxrs/1.9.13/jackson-jaxrs-1.9.13.jar:/home/user/.m2/repository/org/codehaus/jackson/jackson-xc/1.9.13/jackson-xc-1.9.13.jar:/home/user/.m2/repository/commons-logging/commons-logging/1.1.3/commons-logging-1.1.3.jar:/home/user/.m2/repository/commons-beanutils/commons-beanutils/1.9.4/commons-beanutils-1.9.4.jar:/home/user/.m2/repository/org/apache/commons/commons-configuration2/2.1.1/commons-configuration2-2.1.1.jar:/home/user/.m2/repository/org/apache/commons/commons-lang3/3.7/commons-lang3-3.7.jar:/home/user/.m2/repository/org/apache/commons/commons-text/1.4/commons-text-1.4.jar:/home/user/.m2/repository/org/apache/avro/avro/1.7.7/avro-1.7.7.jar:/home/user/.m2/repository/com/thoughtworks/paranamer/paranamer/2.3/paranamer-2.3.jar:/home/user/.m2/repository/org/xerial/snappy/snappy-java/1.0.5/snappy-java-1.0.5.jar:/home/user/.m2/repository/com/google/re2j/re2j/1.1/re2j-1.1.jar:/home/user/.m2/repository/com/google/code/gson/gson/2.2.4/gson-2.2.4.jar:/home/user/.m2/repository/com/jcraft/jsch/0.1.54/jsch-0.1.54.jar:/home/user/.m2/repository/org/apache/curator/curator-client/2.12.0/curator-client-2.12.0.jar:/home/user/.m2/repository/org/apache/curator/curator-recipes/2.12.0/curator-recipes-2.12.0.jar:/home/user/.m2/repository/com/google/code/findbugs/jsr305/3.0.0/jsr305-3.0.0.jar:/home/user/.m2/repository/org/apache/htrace/htrace-core4/4.1.0-incubating/htrace-core4-4.1.0-incubating.jar:/home/user/.m2/repository/org/apache/zookeeper/zookeeper/3.4.13/zookeeper-3.4.13.jar:/home/user/.m2/repository/jline/jline/0.9.94/jline-0.9.94.jar:/home/user/.m2/repository/org/apache/yetus/audience-annotations/0.5.0/audience-annotations-0.5.0.jar:/home/user/.m2/repository/org/codehaus/woodstox/stax2-api/3.1.4/stax2-api-3.1.4.jar:/home/user/.m2/repository/com/fasterxml/woodstox/woodstox-core/5.0.3/woodstox-core-5.0.3.jar:/home/user/.m2/repository/dnsjava/dnsjava/2.1.7/dnsjava-2.1.7.jar:/home/user/.m2/repository/org/apache/hadoop/hadoop-hdfs/3.2.0/hadoop-hdfs-3.2.0-tests.jar:/home/user/.m2/repository/org/eclipse/jetty/jetty-util-ajax/9.3.25.v20180904/jetty-util-ajax-9.3.25.v20180904.jar:/home/user/.m2/repository/commons-daemon/commons-daemon/1.0.13/commons-daemon-1.0.13.jar:/home/user/.m2/repository/io/netty/netty/3.10.5.Final/netty-3.10.5.Final.jar:/home/user/.m2/repository/io/netty/netty-all/4.0.52.Final/netty-all-4.0.52.Final.jar:/home/user/.m2/repository/org/fusesource/leveldbjni/leveldbjni-all/1.8/leveldbjni-all-1.8.jar:"/>
    <property name="sun.cpu.endian" value="little"/>
    <property name="user.home" value="/home/user"/>
    <property name="user.language" value="en"/>
    <property name="java.specification.vendor" value="Oracle Corporation"/>
    <property name="java.home" value="/usr/lib/jvm/java-1.8-openjdk/jre"/>
    <property name="java.security.krb5.conf" value="/workdir/hadoop-ozone/integration-test/target/test-classes/krb5.conf"/>
    <property name="basedir" value="/workdir/hadoop-ozone/integration-test"/>
    <property name="file.separator" value="/"/>
    <property name="line.separator" value="&#10;"/>
    <property name="java.vm.specification.vendor" value="Oracle Corporation"/>
    <property name="java.specification.name" value="Java Platform API Specification"/>
    <property name="java.awt.graphicsenv" value="sun.awt.X11GraphicsEnvironment"/>
    <property name="surefire.real.class.path" value="/workdir/hadoop-ozone/integration-test/target/surefire/surefirebooter3220505334066572502.jar"/>
    <property name="hadoop.log.dir" value="/workdir/hadoop-ozone/integration-test/target/log"/>
    <property name="sun.boot.class.path" value="/usr/lib/jvm/java-1.8-openjdk/jre/lib/resources.jar:/usr/lib/jvm/java-1.8-openjdk/jre/lib/rt.jar:/usr/lib/jvm/java-1.8-openjdk/jre/lib/sunrsasign.jar:/usr/lib/jvm/java-1.8-openjdk/jre/lib/jsse.jar:/usr/lib/jvm/java-1.8-openjdk/jre/lib/jce.jar:/usr/lib/jvm/java-1.8-openjdk/jre/lib/charsets.jar:/usr/lib/jvm/java-1.8-openjdk/jre/lib/jfr.jar:/usr/lib/jvm/java-1.8-openjdk/jre/classes"/>
    <property name="sun.management.compiler" value="HotSpot 64-Bit Tiered Compilers"/>
    <property name="java.runtime.version" value="1.8.0_212-b04"/>
    <property name="java.net.preferIPv4Stack" value="true"/>
    <property name="user.name" value="jenkins1000"/>
    <property name="path.separator" value=":"/>
    <property name="java.security.egd" value="file:///dev/urandom"/>
    <property name="os.version" value="3.10.0-957.12.2.el7.x86_64"/>
    <property name="java.endorsed.dirs" value="/usr/lib/jvm/java-1.8-openjdk/jre/lib/endorsed"/>
    <property name="java.runtime.name" value="OpenJDK Runtime Environment"/>
    <property name="file.encoding" value="UTF-8"/>
    <property name="java.vm.name" value="OpenJDK 64-Bit Server VM"/>
    <property name="test.build.webapps" value=""/>
    <property name="localRepository" value="/home/user/.m2/repository"/>
    <property name="java.vendor.url.bug" value="https://icedtea.classpath.org/bugzilla"/>
    <property name="java.io.tmpdir" value="/tmp"/>
    <property name="require.test.libhadoop" value=""/>
    <property name="java.version" value="1.8.0_212"/>
    <property name="user.dir" value="/workdir/hadoop-ozone/integration-test"/>
    <property name="os.arch" value="amd64"/>
    <property name="java.vm.specification.name" value="Java Virtual Machine Specification"/>
    <property name="test.build.classes" value="/workdir/hadoop-ozone/integration-test/target/test-classes"/>
    <property name="java.awt.printerjob" value="sun.print.PSPrinterJob"/>
    <property name="sun.os.patch.level" value="unknown"/>
    <property name="hadoop.tmp.dir" value="/workdir/hadoop-ozone/integration-test/target/tmp"/>
    <property name="java.library.path" value="/usr/lib/jvm/java-1.8-openjdk/jre/lib/amd64/server:/usr/lib/jvm/java-1.8-openjdk/jre/lib/amd64:/usr/lib/jvm/java-1.8-openjdk/jre/../lib/amd64:/workdir/hadoop-ozone/integration-test/target/native/target/usr/local/lib:/workdir/hadoop-ozone/integration-test/../../hadoop-common-project/hadoop-common/target/native/target/usr/local/lib:/usr/java/packages/lib/amd64:/usr/lib64:/lib64:/lib:/usr/lib"/>
    <property name="java.vm.info" value="mixed mode"/>
    <property name="java.vendor" value="IcedTea"/>
    <property name="java.vm.version" value="25.212-b04"/>
    <property name="java.ext.dirs" value="/usr/lib/jvm/java-1.8-openjdk/jre/lib/ext:/usr/java/packages/lib/ext"/>
    <property name="sun.io.unicode.encoding" value="UnicodeLittle"/>
    <property name="java.class.version" value="52.0"/>
  </properties>
  <testcase name="testWatchForCommitWithKeyWrite" classname="org.apache.hadoop.ozone.client.rpc.TestWatchForCommit" time="84.416"/>
  <testcase name="testWatchForCommitWithSmallerTimeoutValue" classname="org.apache.hadoop.ozone.client.rpc.TestWatchForCommit" time="43.785"/>
  <testcase name="testWatchForCommitForRetryfailure" classname="org.apache.hadoop.ozone.client.rpc.TestWatchForCommit" time="72.582"/>
  <testcase name="testWatchForCommitForGroupMismatchException" classname="org.apache.hadoop.ozone.client.rpc.TestWatchForCommit" time="32.706"/>
  <testcase name="test2WayCommitForTimeoutException" classname="org.apache.hadoop.ozone.client.rpc.TestWatchForCommit" time="23.409">
    <error type="java.util.concurrent.TimeoutException">java.util.concurrent.TimeoutException
	at java.util.concurrent.CompletableFuture.timedGet(CompletableFuture.java:1771)
	at java.util.concurrent.CompletableFuture.get(CompletableFuture.java:1915)
	at org.apache.hadoop.hdds.scm.XceiverClientRatis.watchForCommit(XceiverClientRatis.java:298)
	at org.apache.hadoop.ozone.client.rpc.TestWatchForCommit.test2WayCommitForTimeoutException(TestWatchForCommit.java:391)
	at sun.reflect.NativeMethodAccessorImpl.invoke0(Native Method)
	at sun.reflect.NativeMethodAccessorImpl.invoke(NativeMethodAccessorImpl.java:62)
	at sun.reflect.DelegatingMethodAccessorImpl.invoke(DelegatingMethodAccessorImpl.java:43)
	at java.lang.reflect.Method.invoke(Method.java:498)
	at org.junit.runners.model.FrameworkMethod$1.runReflectiveCall(FrameworkMethod.java:47)
	at org.junit.internal.runners.model.ReflectiveCallable.run(ReflectiveCallable.java:12)
	at org.junit.runners.model.FrameworkMethod.invokeExplosively(FrameworkMethod.java:44)
	at org.junit.internal.runners.statements.InvokeMethod.evaluate(InvokeMethod.java:17)
	at org.junit.runners.ParentRunner.runLeaf(ParentRunner.java:271)
	at org.junit.runners.BlockJUnit4ClassRunner.runChild(BlockJUnit4ClassRunner.java:70)
	at org.junit.runners.BlockJUnit4ClassRunner.runChild(BlockJUnit4ClassRunner.java:50)
	at org.junit.runners.ParentRunner$3.run(ParentRunner.java:238)
	at org.junit.runners.ParentRunner$1.schedule(ParentRunner.java:63)
	at org.junit.runners.ParentRunner.runChildren(ParentRunner.java:236)
	at org.junit.runners.ParentRunner.access$000(ParentRunner.java:53)
	at org.junit.runners.ParentRunner$2.evaluate(ParentRunner.java:229)
	at org.junit.runners.ParentRunner.run(ParentRunner.java:309)
	at org.apache.maven.surefire.junit4.JUnit4Provider.execute(JUnit4Provider.java:365)
	at org.apache.maven.surefire.junit4.JUnit4Provider.executeWithRerun(JUnit4Provider.java:273)
	at org.apache.maven.surefire.junit4.JUnit4Provider.executeTestSet(JUnit4Provider.java:238)
	at org.apache.maven.surefire.junit4.JUnit4Provider.invoke(JUnit4Provider.java:159)
	at org.apache.maven.surefire.booter.ForkedBooter.invokeProviderInSameClassLoader(ForkedBooter.java:384)
	at org.apache.maven.surefire.booter.ForkedBooter.runSuitesInProcess(ForkedBooter.java:345)
	at org.apache.maven.surefire.booter.ForkedBooter.execute(ForkedBooter.java:126)
	at org.apache.maven.surefire.booter.ForkedBooter.main(ForkedBooter.java:418)
</error>
    <system-out><![CDATA[2019-10-05 06:26:53,022 [main] WARN  server.ServerUtils (ServerUtils.java:getScmDbDir(145)) - ozone.scm.db.dirs is not configured. We recommend adding this setting. Falling back to ozone.metadata.dirs instead.
2019-10-05 06:26:53,047 [main] WARN  server.ServerUtils (ServerUtils.java:getScmDbDir(145)) - ozone.scm.db.dirs is not configured. We recommend adding this setting. Falling back to ozone.metadata.dirs instead.
2019-10-05 06:26:53,047 [main] WARN  server.ServerUtils (ServerUtils.java:getScmDbDir(145)) - ozone.scm.db.dirs is not configured. We recommend adding this setting. Falling back to ozone.metadata.dirs instead.
2019-10-05 06:26:53,048 [main] INFO  db.DBStoreBuilder (DBStoreBuilder.java:addTable(117)) - using custom profile for table: deletedBlocks
2019-10-05 06:26:53,048 [main] INFO  db.DBStoreBuilder (DBStoreBuilder.java:processTables(168)) - Using default column profile:DBProfile.DISK for Table:deletedBlocks
2019-10-05 06:26:53,048 [main] INFO  db.DBStoreBuilder (DBStoreBuilder.java:addTable(117)) - using custom profile for table: validCerts
2019-10-05 06:26:53,048 [main] INFO  db.DBStoreBuilder (DBStoreBuilder.java:processTables(168)) - Using default column profile:DBProfile.DISK for Table:validCerts
2019-10-05 06:26:53,049 [main] INFO  db.DBStoreBuilder (DBStoreBuilder.java:addTable(117)) - using custom profile for table: revokedCerts
2019-10-05 06:26:53,049 [main] INFO  db.DBStoreBuilder (DBStoreBuilder.java:processTables(168)) - Using default column profile:DBProfile.DISK for Table:revokedCerts
2019-10-05 06:26:53,049 [main] INFO  db.DBStoreBuilder (DBStoreBuilder.java:addTable(117)) - using custom profile for table: default
2019-10-05 06:26:53,049 [main] INFO  db.DBStoreBuilder (DBStoreBuilder.java:processTables(174)) - Using default column profile:DBProfile.DISK for Table:default
2019-10-05 06:26:53,049 [main] INFO  db.DBStoreBuilder (DBStoreBuilder.java:getDbProfile(205)) - Using default options. DBProfile.DISK
2019-10-05 06:26:53,233 [main] INFO  net.NodeSchemaLoader (NodeSchemaLoader.java:loadSchemaFromFile(125)) - Loading file from sun.misc.CompoundEnumeration@53a50b0a
2019-10-05 06:26:53,233 [main] INFO  net.NodeSchemaLoader (NodeSchemaLoader.java:loadSchema(171)) - Loading network topology layer schema file
2019-10-05 06:26:53,239 [main] WARN  server.ServerUtils (ServerUtils.java:sanitizeUserArgs(70)) - ozone.scm.stale.node.interval value = 300000 is larger than max = 100000 based on the key value of ozone.scm.heartbeat.thread.interval, reset to the max value 100000.
2019-10-05 06:26:53,239 [main] WARN  server.ServerUtils (ServerUtils.java:sanitizeUserArgs(70)) - ozone.scm.stale.node.interval value = 300000 is larger than max = 100000 based on the key value of ozone.scm.heartbeat.thread.interval, reset to the max value 100000.
2019-10-05 06:26:53,239 [main] INFO  node.SCMNodeManager (SCMNodeManager.java:<init>(116)) - Entering startup safe mode.
2019-10-05 06:26:53,240 [main] INFO  algorithms.ContainerPlacementPolicyFactory (ContainerPlacementPolicyFactory.java:getPolicy(57)) - Create container placement policy of type org.apache.hadoop.hdds.scm.container.placement.algorithms.SCMContainerPlacementRandom
2019-10-05 06:26:53,240 [main] WARN  server.ServerUtils (ServerUtils.java:getScmDbDir(145)) - ozone.scm.db.dirs is not configured. We recommend adding this setting. Falling back to ozone.metadata.dirs instead.
2019-10-05 06:26:53,265 [main] INFO  pipeline.SCMPipelineManager (SCMPipelineManager.java:initializePipelineState(132)) - No pipeline exists in current db
2019-10-05 06:26:53,266 [main] WARN  server.ServerUtils (ServerUtils.java:getScmDbDir(145)) - ozone.scm.db.dirs is not configured. We recommend adding this setting. Falling back to ozone.metadata.dirs instead.
2019-10-05 06:26:53,361 [main] WARN  events.EventQueue (EventQueue.java:fireEvent(183)) - No event handler registered for event TypedEvent{payloadType=SafeModeStatus, name='SafeModeStatus'}
2019-10-05 06:26:53,362 [main] INFO  ipc.CallQueueManager (CallQueueManager.java:<init>(84)) - Using callQueue: class java.util.concurrent.LinkedBlockingQueue, queueCapacity: 2000, scheduler: class org.apache.hadoop.ipc.DefaultRpcScheduler, ipcBackoff: false.
2019-10-05 06:26:53,363 [Socket Reader #1 for port 34000] INFO  ipc.Server (Server.java:run(1074)) - Starting Socket Reader #1 for port 34000
2019-10-05 06:26:53,365 [main] INFO  ipc.CallQueueManager (CallQueueManager.java:<init>(84)) - Using callQueue: class java.util.concurrent.LinkedBlockingQueue, queueCapacity: 2000, scheduler: class org.apache.hadoop.ipc.DefaultRpcScheduler, ipcBackoff: false.
2019-10-05 06:26:53,366 [Socket Reader #1 for port 43411] INFO  ipc.Server (Server.java:run(1074)) - Starting Socket Reader #1 for port 43411
2019-10-05 06:26:53,368 [main] INFO  ipc.CallQueueManager (CallQueueManager.java:<init>(84)) - Using callQueue: class java.util.concurrent.LinkedBlockingQueue, queueCapacity: 2000, scheduler: class org.apache.hadoop.ipc.DefaultRpcScheduler, ipcBackoff: false.
2019-10-05 06:26:53,368 [Socket Reader #1 for port 40136] INFO  ipc.Server (Server.java:run(1074)) - Starting Socket Reader #1 for port 40136
2019-10-05 06:26:53,372 [main] INFO  hdfs.DFSUtil (DFSUtil.java:httpServerTemplateForNNAndJN(1641)) - Starting Web-server for scm at: http://0.0.0.0:0
2019-10-05 06:26:53,374 [main] INFO  server.AuthenticationFilter (AuthenticationFilter.java:constructSecretProvider(240)) - Unable to initialize FileSignerSecretProvider, falling back to use random secrets.
2019-10-05 06:26:53,375 [main] WARN  http.HttpRequestLog (HttpRequestLog.java:getRequestLog(97)) - Jetty request log can only be enabled using Log4j
2019-10-05 06:26:53,378 [main] INFO  http.HttpServer2 (HttpServer2.java:addGlobalFilter(975)) - Added global filter 'safety' (class=org.apache.hadoop.http.HttpServer2$QuotingInputFilter)
2019-10-05 06:26:53,378 [main] INFO  http.HttpServer2 (HttpServer2.java:addFilter(948)) - Added filter static_user_filter (class=org.apache.hadoop.http.lib.StaticUserWebFilter$StaticUserFilter) to context scm
2019-10-05 06:26:53,379 [main] INFO  http.HttpServer2 (HttpServer2.java:addFilter(958)) - Added filter static_user_filter (class=org.apache.hadoop.http.lib.StaticUserWebFilter$StaticUserFilter) to context logs
2019-10-05 06:26:53,379 [main] INFO  http.HttpServer2 (HttpServer2.java:addFilter(958)) - Added filter static_user_filter (class=org.apache.hadoop.http.lib.StaticUserWebFilter$StaticUserFilter) to context static
2019-10-05 06:26:53,382 [main] INFO  server.StorageContainerManager (StorageContainerManager.java:start(770)) - StorageContainerLocationProtocol RPC server is listening at /0.0.0.0:40136
2019-10-05 06:26:53,385 [main] WARN  impl.MetricsConfig (MetricsConfig.java:loadFirst(134)) - Cannot locate configuration: tried hadoop-metrics2-storagecontainermanager.properties,hadoop-metrics2.properties
2019-10-05 06:26:53,385 [main] INFO  impl.MetricsSystemImpl (MetricsSystemImpl.java:startTimer(374)) - Scheduled Metric snapshot period at 10 second(s).
2019-10-05 06:26:53,386 [main] INFO  impl.MetricsSystemImpl (MetricsSystemImpl.java:start(191)) - StorageContainerManager metrics system started
2019-10-05 06:26:53,466 [main] WARN  impl.MetricsSystemImpl (MetricsSystemImpl.java:register(276)) - Sink prometheus already exists!
2019-10-05 06:26:53,565 [main] INFO  server.SCMClientProtocolServer (SCMClientProtocolServer.java:start(159)) - RPC server for Client  is listening at /0.0.0.0:40136
2019-10-05 06:26:53,565 [IPC Server Responder] INFO  ipc.Server (Server.java:run(1314)) - IPC Server Responder: starting
2019-10-05 06:26:53,565 [IPC Server listener on 40136] INFO  ipc.Server (Server.java:run(1153)) - IPC Server listener on 40136: starting
2019-10-05 06:26:53,571 [main] INFO  server.StorageContainerManager (StorageContainerManager.java:start(780)) - ScmBlockLocationProtocol RPC server is listening at /0.0.0.0:43411
2019-10-05 06:26:53,571 [main] INFO  server.SCMBlockProtocolServer (SCMBlockProtocolServer.java:start(146)) - RPC server for Block Protocol is listening at /0.0.0.0:43411
2019-10-05 06:26:53,572 [IPC Server Responder] INFO  ipc.Server (Server.java:run(1314)) - IPC Server Responder: starting
2019-10-05 06:26:53,572 [IPC Server listener on 43411] INFO  ipc.Server (Server.java:run(1153)) - IPC Server listener on 43411: starting
2019-10-05 06:26:53,574 [main] INFO  server.StorageContainerManager (StorageContainerManager.java:start(784)) - ScmDatanodeProtocl RPC server is listening at /0.0.0.0:34000
2019-10-05 06:26:53,575 [main] INFO  server.SCMDatanodeProtocolServer (SCMDatanodeProtocolServer.java:start(169)) - RPC server for DataNodes is listening at /0.0.0.0:34000
2019-10-05 06:26:53,575 [IPC Server Responder] INFO  ipc.Server (Server.java:run(1314)) - IPC Server Responder: starting
2019-10-05 06:26:53,575 [IPC Server listener on 34000] INFO  ipc.Server (Server.java:run(1153)) - IPC Server listener on 34000: starting
2019-10-05 06:26:53,578 [main] INFO  http.HttpServer2 (HttpServer2.java:bindListener(1191)) - Jetty bound to port 46193
2019-10-05 06:26:53,578 [main] INFO  server.Server (Server.java:doStart(351)) - jetty-9.3.25.v20180904, build timestamp: 2018-09-04T21:11:46Z, git hash: 3ce520221d0240229c862b122d2b06c12a625732
2019-10-05 06:26:53,580 [main] INFO  handler.ContextHandler (ContextHandler.java:doStart(781)) - Started o.e.j.s.ServletContextHandler@22d477c2{/logs,file:///workdir/hadoop-ozone/integration-test/target/log,AVAILABLE}
2019-10-05 06:26:53,581 [main] INFO  handler.ContextHandler (ContextHandler.java:doStart(781)) - Started o.e.j.s.ServletContextHandler@41def031{/static,file:///workdir/hadoop-ozone/integration-test/target/test-classes/webapps/static,AVAILABLE}
2019-10-05 06:26:53,584 [main] INFO  handler.ContextHandler (ContextHandler.java:doStart(781)) - Started o.e.j.w.WebAppContext@19fec3d6{/,file:///workdir/hadoop-ozone/integration-test/target/test-classes/webapps/scm/,AVAILABLE}{/scm}
2019-10-05 06:26:53,585 [main] INFO  server.AbstractConnector (AbstractConnector.java:doStart(278)) - Started ServerConnector@5287ba5f{HTTP/1.1,[http/1.1]}{0.0.0.0:46193}
2019-10-05 06:26:53,586 [main] INFO  server.Server (Server.java:doStart(419)) - Started @234492ms
2019-10-05 06:26:53,586 [main] WARN  impl.MetricsSystemImpl (MetricsSystemImpl.java:register(276)) - Sink prometheus already exists!
2019-10-05 06:26:53,587 [main] INFO  server.BaseHttpServer (BaseHttpServer.java:updateConnectorAddress(215)) - HTTP server of SCM is listening at http://0.0.0.0:46193
2019-10-05 06:26:53,587 [main] WARN  server.ServerUtils (ServerUtils.java:getDBPath(222)) - ozone.om.db.dirs is not configured. We recommend adding this setting. Falling back to ozone.metadata.dirs instead.
2019-10-05 06:26:53,587 [org.apache.hadoop.util.JvmPauseMonitor$Monitor@6897a4a] INFO  util.JvmPauseMonitor (JvmPauseMonitor.java:run(188)) - Starting JVM pause monitor
2019-10-05 06:26:53,611 [main] INFO  ha.OMHANodeDetails (OMHANodeDetails.java:loadOMHAConfig(190)) - Configuration either no ozone.om.address set. Falling back to the default OM address /127.0.0.1:0
2019-10-05 06:26:53,611 [main] INFO  ha.OMHANodeDetails (OMHANodeDetails.java:getOMNodeDetails(220)) - OM Service ID is not set. Setting it to the default ID: omServiceIdDefault
2019-10-05 06:26:53,612 [main] WARN  server.ServerUtils (ServerUtils.java:getDBPath(222)) - ozone.om.db.dirs is not configured. We recommend adding this setting. Falling back to ozone.metadata.dirs instead.
2019-10-05 06:26:53,612 [main] WARN  server.ServerUtils (ServerUtils.java:getDBPath(222)) - ozone.om.db.dirs is not configured. We recommend adding this setting. Falling back to ozone.metadata.dirs instead.
2019-10-05 06:26:53,621 [main] WARN  server.ServerUtils (ServerUtils.java:getDBPath(222)) - ozone.om.db.dirs is not configured. We recommend adding this setting. Falling back to ozone.metadata.dirs instead.
2019-10-05 06:26:53,621 [main] INFO  db.DBStoreBuilder (DBStoreBuilder.java:addTable(117)) - using custom profile for table: userTable
2019-10-05 06:26:53,621 [main] INFO  db.DBStoreBuilder (DBStoreBuilder.java:processTables(168)) - Using default column profile:DBProfile.DISK for Table:userTable
2019-10-05 06:26:53,622 [main] INFO  db.DBStoreBuilder (DBStoreBuilder.java:addTable(117)) - using custom profile for table: volumeTable
2019-10-05 06:26:53,622 [main] INFO  db.DBStoreBuilder (DBStoreBuilder.java:processTables(168)) - Using default column profile:DBProfile.DISK for Table:volumeTable
2019-10-05 06:26:53,622 [main] INFO  db.DBStoreBuilder (DBStoreBuilder.java:addTable(117)) - using custom profile for table: bucketTable
2019-10-05 06:26:53,622 [main] INFO  db.DBStoreBuilder (DBStoreBuilder.java:processTables(168)) - Using default column profile:DBProfile.DISK for Table:bucketTable
2019-10-05 06:26:53,623 [main] INFO  db.DBStoreBuilder (DBStoreBuilder.java:addTable(117)) - using custom profile for table: keyTable
2019-10-05 06:26:53,623 [main] INFO  db.DBStoreBuilder (DBStoreBuilder.java:processTables(168)) - Using default column profile:DBProfile.DISK for Table:keyTable
2019-10-05 06:26:53,623 [main] INFO  db.DBStoreBuilder (DBStoreBuilder.java:addTable(117)) - using custom profile for table: deletedTable
2019-10-05 06:26:53,623 [main] INFO  db.DBStoreBuilder (DBStoreBuilder.java:processTables(168)) - Using default column profile:DBProfile.DISK for Table:deletedTable
2019-10-05 06:26:53,624 [main] INFO  db.DBStoreBuilder (DBStoreBuilder.java:addTable(117)) - using custom profile for table: openKeyTable
2019-10-05 06:26:53,624 [main] INFO  db.DBStoreBuilder (DBStoreBuilder.java:processTables(168)) - Using default column profile:DBProfile.DISK for Table:openKeyTable
2019-10-05 06:26:53,624 [main] INFO  db.DBStoreBuilder (DBStoreBuilder.java:addTable(117)) - using custom profile for table: s3Table
2019-10-05 06:26:53,624 [main] INFO  db.DBStoreBuilder (DBStoreBuilder.java:processTables(168)) - Using default column profile:DBProfile.DISK for Table:s3Table
2019-10-05 06:26:53,624 [main] INFO  db.DBStoreBuilder (DBStoreBuilder.java:addTable(117)) - using custom profile for table: multipartInfoTable
2019-10-05 06:26:53,625 [main] INFO  db.DBStoreBuilder (DBStoreBuilder.java:processTables(168)) - Using default column profile:DBProfile.DISK for Table:multipartInfoTable
2019-10-05 06:26:53,625 [main] INFO  db.DBStoreBuilder (DBStoreBuilder.java:addTable(117)) - using custom profile for table: dTokenTable
2019-10-05 06:26:53,625 [main] INFO  db.DBStoreBuilder (DBStoreBuilder.java:processTables(168)) - Using default column profile:DBProfile.DISK for Table:dTokenTable
2019-10-05 06:26:53,625 [main] INFO  db.DBStoreBuilder (DBStoreBuilder.java:addTable(117)) - using custom profile for table: s3SecretTable
2019-10-05 06:26:53,626 [main] INFO  db.DBStoreBuilder (DBStoreBuilder.java:processTables(168)) - Using default column profile:DBProfile.DISK for Table:s3SecretTable
2019-10-05 06:26:53,626 [main] INFO  db.DBStoreBuilder (DBStoreBuilder.java:addTable(117)) - using custom profile for table: prefixTable
2019-10-05 06:26:53,626 [main] INFO  db.DBStoreBuilder (DBStoreBuilder.java:processTables(168)) - Using default column profile:DBProfile.DISK for Table:prefixTable
2019-10-05 06:26:53,626 [main] INFO  db.DBStoreBuilder (DBStoreBuilder.java:addTable(117)) - using custom profile for table: default
2019-10-05 06:26:53,626 [main] INFO  db.DBStoreBuilder (DBStoreBuilder.java:processTables(174)) - Using default column profile:DBProfile.DISK for Table:default
2019-10-05 06:26:53,627 [main] INFO  db.DBStoreBuilder (DBStoreBuilder.java:getDbProfile(205)) - Using default options. DBProfile.DISK
2019-10-05 06:26:54,268 [main] INFO  ipc.CallQueueManager (CallQueueManager.java:<init>(84)) - Using callQueue: class java.util.concurrent.LinkedBlockingQueue, queueCapacity: 2000, scheduler: class org.apache.hadoop.ipc.DefaultRpcScheduler, ipcBackoff: false.
2019-10-05 06:26:54,269 [Socket Reader #1 for port 42627] INFO  ipc.Server (Server.java:run(1074)) - Starting Socket Reader #1 for port 42627
2019-10-05 06:26:54,286 [main] INFO  om.OzoneManager (OzoneManager.java:start(1069)) - OzoneManager RPC server is listening at localhost/127.0.0.1:42627
2019-10-05 06:26:54,287 [main] INFO  impl.MetricsSystemImpl (MetricsSystemImpl.java:init(158)) - OzoneManager metrics system started (again)
2019-10-05 06:26:54,289 [IPC Server Responder] INFO  ipc.Server (Server.java:run(1314)) - IPC Server Responder: starting
2019-10-05 06:26:54,290 [IPC Server listener on 42627] INFO  ipc.Server (Server.java:run(1153)) - IPC Server listener on 42627: starting
2019-10-05 06:26:54,295 [main] INFO  hdfs.DFSUtil (DFSUtil.java:httpServerTemplateForNNAndJN(1641)) - Starting Web-server for ozoneManager at: http://0.0.0.0:0
2019-10-05 06:26:54,297 [main] INFO  server.AuthenticationFilter (AuthenticationFilter.java:constructSecretProvider(240)) - Unable to initialize FileSignerSecretProvider, falling back to use random secrets.
2019-10-05 06:26:54,297 [main] WARN  http.HttpRequestLog (HttpRequestLog.java:getRequestLog(97)) - Jetty request log can only be enabled using Log4j
2019-10-05 06:26:54,300 [main] INFO  http.HttpServer2 (HttpServer2.java:addGlobalFilter(975)) - Added global filter 'safety' (class=org.apache.hadoop.http.HttpServer2$QuotingInputFilter)
2019-10-05 06:26:54,301 [main] INFO  http.HttpServer2 (HttpServer2.java:addFilter(948)) - Added filter static_user_filter (class=org.apache.hadoop.http.lib.StaticUserWebFilter$StaticUserFilter) to context ozoneManager
2019-10-05 06:26:54,301 [main] INFO  http.HttpServer2 (HttpServer2.java:addFilter(958)) - Added filter static_user_filter (class=org.apache.hadoop.http.lib.StaticUserWebFilter$StaticUserFilter) to context logs
2019-10-05 06:26:54,301 [main] INFO  http.HttpServer2 (HttpServer2.java:addFilter(958)) - Added filter static_user_filter (class=org.apache.hadoop.http.lib.StaticUserWebFilter$StaticUserFilter) to context static
2019-10-05 06:26:54,302 [main] INFO  http.HttpServer2 (HttpServer2.java:bindListener(1191)) - Jetty bound to port 44619
2019-10-05 06:26:54,302 [main] INFO  server.Server (Server.java:doStart(351)) - jetty-9.3.25.v20180904, build timestamp: 2018-09-04T21:11:46Z, git hash: 3ce520221d0240229c862b122d2b06c12a625732
2019-10-05 06:26:54,304 [main] INFO  handler.ContextHandler (ContextHandler.java:doStart(781)) - Started o.e.j.s.ServletContextHandler@281b2dfd{/logs,file:///workdir/hadoop-ozone/integration-test/target/log,AVAILABLE}
2019-10-05 06:26:54,305 [main] INFO  handler.ContextHandler (ContextHandler.java:doStart(781)) - Started o.e.j.s.ServletContextHandler@1cd2143b{/static,file:///workdir/hadoop-ozone/integration-test/target/test-classes/webapps/static,AVAILABLE}
2019-10-05 06:26:54,310 [main] INFO  handler.ContextHandler (ContextHandler.java:doStart(781)) - Started o.e.j.w.WebAppContext@372f0a99{/,file:///workdir/hadoop-ozone/integration-test/target/test-classes/webapps/ozoneManager/,AVAILABLE}{/ozoneManager}
2019-10-05 06:26:54,311 [main] INFO  server.AbstractConnector (AbstractConnector.java:doStart(278)) - Started ServerConnector@16cf8438{HTTP/1.1,[http/1.1]}{0.0.0.0:44619}
2019-10-05 06:26:54,312 [main] INFO  server.Server (Server.java:doStart(419)) - Started @235219ms
2019-10-05 06:26:54,312 [main] WARN  impl.MetricsSystemImpl (MetricsSystemImpl.java:register(276)) - Sink prometheus already exists!
2019-10-05 06:26:54,313 [main] INFO  server.BaseHttpServer (BaseHttpServer.java:updateConnectorAddress(215)) - HTTP server of OZONEMANAGER is listening at http://0.0.0.0:44619
2019-10-05 06:26:54,333 [main] INFO  impl.MetricsSystemImpl (MetricsSystemImpl.java:init(158)) - HddsDatanode metrics system started (again)
2019-10-05 06:26:54,338 [main] INFO  ozone.HddsDatanodeService (HddsDatanodeService.java:start(184)) - HddsDatanodeService host:trunk-nightly-20191005-lqjcv-646031197 ip:192.168.30.11
2019-10-05 06:26:54,344 [main] INFO  volume.HddsVolume (HddsVolume.java:<init>(176)) - Creating Volume: /workdir/hadoop-ozone/integration-test/target/test-dir/MiniOzoneClusterImpl-7d9a0326-71e6-4c43-9e16-cabca91dad25/datanode-0/data/containers/hdds of  storage type : DISK and capacity : 1482555576320
2019-10-05 06:26:54,345 [main] INFO  volume.VolumeSet (VolumeSet.java:initializeVolumeSet(170)) - Added Volume : /workdir/hadoop-ozone/integration-test/target/test-dir/MiniOzoneClusterImpl-7d9a0326-71e6-4c43-9e16-cabca91dad25/datanode-0/data/containers/hdds to VolumeSet
2019-10-05 06:26:54,345 [main] INFO  volume.ThrottledAsyncChecker (ThrottledAsyncChecker.java:schedule(139)) - Scheduling a check for org.apache.hadoop.ozone.container.common.volume.HddsVolume@51ac12ac
2019-10-05 06:26:54,345 [main] INFO  volume.HddsVolumeChecker (HddsVolumeChecker.java:checkAllVolumes(202)) - Scheduled health check for volume org.apache.hadoop.ozone.container.common.volume.HddsVolume@51ac12ac
2019-10-05 06:26:54,362 [main] INFO  impl.RaftServerProxy (ConfUtils.java:logGet(43)) - raft.rpc.type = GRPC (default)
2019-10-05 06:26:54,362 [main] INFO  grpc.GrpcFactory (GrpcFactory.java:checkPooledByteBufAllocatorUseCacheForAllThreads(45)) - PERFORMANCE WARNING: useCacheForAllThreads is true that may cause Netty to create a lot garbage objects and, as a result, trigger GC.
	It is recommended to disable useCacheForAllThreads by setting -Dorg.apache.ratis.thirdparty.io.netty.allocator.useCacheForAllThreads=false in command line.
2019-10-05 06:26:54,362 [main] INFO  grpc.GrpcConfigKeys$Server (ConfUtils.java:logGet(43)) - raft.grpc.server.port = 0 (default)
2019-10-05 06:26:54,363 [main] INFO  server.GrpcService (ConfUtils.java:logGet(43)) - raft.grpc.message.size.max = 33570816 (custom)
2019-10-05 06:26:54,363 [main] INFO  server.RaftServerConfigKeys (ConfUtils.java:logGet(43)) - raft.server.log.appender.buffer.byte-limit = 33554432 (custom)
2019-10-05 06:26:54,363 [main] INFO  server.GrpcService (ConfUtils.java:logGet(43)) - raft.grpc.flow.control.window = 1MB (=1048576) (default)
2019-10-05 06:26:54,363 [main] INFO  server.RaftServerConfigKeys (ConfUtils.java:logGet(43)) - raft.server.rpc.request.timeout = 3000ms (default)
2019-10-05 06:26:54,364 [main] INFO  server.RaftServerConfigKeys (ConfUtils.java:logGet(43)) - raft.server.storage.dir = [/workdir/hadoop-ozone/integration-test/target/test-dir/MiniOzoneClusterImpl-7d9a0326-71e6-4c43-9e16-cabca91dad25/datanode-0/data/ratis] (custom)
2019-10-05 06:26:54,367 [main] INFO  hdfs.DFSUtil (DFSUtil.java:httpServerTemplateForNNAndJN(1641)) - Starting Web-server for hddsDatanode at: http://0.0.0.0:0
2019-10-05 06:26:54,368 [main] INFO  server.AuthenticationFilter (AuthenticationFilter.java:constructSecretProvider(240)) - Unable to initialize FileSignerSecretProvider, falling back to use random secrets.
2019-10-05 06:26:54,368 [main] WARN  http.HttpRequestLog (HttpRequestLog.java:getRequestLog(97)) - Jetty request log can only be enabled using Log4j
2019-10-05 06:26:54,370 [main] INFO  http.HttpServer2 (HttpServer2.java:addGlobalFilter(975)) - Added global filter 'safety' (class=org.apache.hadoop.http.HttpServer2$QuotingInputFilter)
2019-10-05 06:26:54,370 [main] INFO  http.HttpServer2 (HttpServer2.java:addFilter(948)) - Added filter static_user_filter (class=org.apache.hadoop.http.lib.StaticUserWebFilter$StaticUserFilter) to context hddsDatanode
2019-10-05 06:26:54,371 [main] INFO  http.HttpServer2 (HttpServer2.java:addFilter(958)) - Added filter static_user_filter (class=org.apache.hadoop.http.lib.StaticUserWebFilter$StaticUserFilter) to context logs
2019-10-05 06:26:54,371 [main] INFO  http.HttpServer2 (HttpServer2.java:addFilter(958)) - Added filter static_user_filter (class=org.apache.hadoop.http.lib.StaticUserWebFilter$StaticUserFilter) to context static
2019-10-05 06:26:54,371 [main] INFO  http.HttpServer2 (HttpServer2.java:bindListener(1191)) - Jetty bound to port 43255
2019-10-05 06:26:54,372 [main] INFO  server.Server (Server.java:doStart(351)) - jetty-9.3.25.v20180904, build timestamp: 2018-09-04T21:11:46Z, git hash: 3ce520221d0240229c862b122d2b06c12a625732
2019-10-05 06:26:54,373 [main] INFO  handler.ContextHandler (ContextHandler.java:doStart(781)) - Started o.e.j.s.ServletContextHandler@22a6d75c{/logs,file:///workdir/hadoop-ozone/integration-test/target/log,AVAILABLE}
2019-10-05 06:26:54,374 [main] INFO  handler.ContextHandler (ContextHandler.java:doStart(781)) - Started o.e.j.s.ServletContextHandler@7d30007d{/static,jar:file:/home/user/.m2/repository/org/apache/hadoop/hadoop-hdds-container-service/0.5.0-SNAPSHOT/hadoop-hdds-container-service-0.5.0-SNAPSHOT.jar!/webapps/static,AVAILABLE}
2019-10-05 06:26:54,405 [main] INFO  handler.ContextHandler (ContextHandler.java:doStart(781)) - Started o.e.j.w.WebAppContext@34c7232c{/,file:///tmp/jetty-0.0.0.0-43255-hddsDatanode-_-any-5880473444799167755.dir/webapp/,AVAILABLE}{/hddsDatanode}
2019-10-05 06:26:54,406 [main] INFO  server.AbstractConnector (AbstractConnector.java:doStart(278)) - Started ServerConnector@50ec4bfc{HTTP/1.1,[http/1.1]}{0.0.0.0:43255}
2019-10-05 06:26:54,407 [main] INFO  server.Server (Server.java:doStart(419)) - Started @235314ms
2019-10-05 06:26:54,407 [main] WARN  impl.MetricsSystemImpl (MetricsSystemImpl.java:register(276)) - Sink prometheus already exists!
2019-10-05 06:26:54,408 [main] INFO  server.BaseHttpServer (BaseHttpServer.java:updateConnectorAddress(215)) - HTTP server of HDDSDATANODE is listening at http://0.0.0.0:43255
2019-10-05 06:26:54,409 [main] INFO  impl.MetricsSystemImpl (MetricsSystemImpl.java:init(158)) - HddsDatanode metrics system started (again)
2019-10-05 06:26:54,413 [org.apache.hadoop.util.JvmPauseMonitor$Monitor@6ca3766d] INFO  util.JvmPauseMonitor (JvmPauseMonitor.java:run(188)) - Starting JVM pause monitor
2019-10-05 06:26:54,413 [main] INFO  ozone.HddsDatanodeService (HddsDatanodeService.java:start(184)) - HddsDatanodeService host:trunk-nightly-20191005-lqjcv-646031197 ip:192.168.30.11
2019-10-05 06:26:54,415 [Datanode State Machine Thread - 0] INFO  datanode.InitDatanodeState (InitDatanodeState.java:persistContainerDatanodeDetails(140)) - DatanodeDetails is persisted to /workdir/hadoop-ozone/integration-test/target/test-dir/MiniOzoneClusterImpl-7d9a0326-71e6-4c43-9e16-cabca91dad25/datanode-0/meta/datanode.id
2019-10-05 06:26:54,420 [main] INFO  volume.HddsVolume (HddsVolume.java:<init>(176)) - Creating Volume: /workdir/hadoop-ozone/integration-test/target/test-dir/MiniOzoneClusterImpl-7d9a0326-71e6-4c43-9e16-cabca91dad25/datanode-1/data/containers/hdds of  storage type : DISK and capacity : 1482555576320
2019-10-05 06:26:54,420 [main] INFO  volume.VolumeSet (VolumeSet.java:initializeVolumeSet(170)) - Added Volume : /workdir/hadoop-ozone/integration-test/target/test-dir/MiniOzoneClusterImpl-7d9a0326-71e6-4c43-9e16-cabca91dad25/datanode-1/data/containers/hdds to VolumeSet
2019-10-05 06:26:54,420 [main] INFO  volume.ThrottledAsyncChecker (ThrottledAsyncChecker.java:schedule(139)) - Scheduling a check for org.apache.hadoop.ozone.container.common.volume.HddsVolume@6de43bc1
2019-10-05 06:26:54,421 [main] INFO  volume.HddsVolumeChecker (HddsVolumeChecker.java:checkAllVolumes(202)) - Scheduled health check for volume org.apache.hadoop.ozone.container.common.volume.HddsVolume@6de43bc1
2019-10-05 06:26:54,436 [main] INFO  impl.RaftServerProxy (ConfUtils.java:logGet(43)) - raft.rpc.type = GRPC (default)
2019-10-05 06:26:54,436 [main] INFO  grpc.GrpcFactory (GrpcFactory.java:checkPooledByteBufAllocatorUseCacheForAllThreads(45)) - PERFORMANCE WARNING: useCacheForAllThreads is true that may cause Netty to create a lot garbage objects and, as a result, trigger GC.
	It is recommended to disable useCacheForAllThreads by setting -Dorg.apache.ratis.thirdparty.io.netty.allocator.useCacheForAllThreads=false in command line.
2019-10-05 06:26:54,436 [main] INFO  grpc.GrpcConfigKeys$Server (ConfUtils.java:logGet(43)) - raft.grpc.server.port = 0 (default)
2019-10-05 06:26:54,436 [main] INFO  server.GrpcService (ConfUtils.java:logGet(43)) - raft.grpc.message.size.max = 33570816 (custom)
2019-10-05 06:26:54,436 [main] INFO  server.RaftServerConfigKeys (ConfUtils.java:logGet(43)) - raft.server.log.appender.buffer.byte-limit = 33554432 (custom)
2019-10-05 06:26:54,436 [main] INFO  server.GrpcService (ConfUtils.java:logGet(43)) - raft.grpc.flow.control.window = 1MB (=1048576) (default)
2019-10-05 06:26:54,437 [main] INFO  server.RaftServerConfigKeys (ConfUtils.java:logGet(43)) - raft.server.rpc.request.timeout = 3000ms (default)
2019-10-05 06:26:54,437 [main] INFO  server.RaftServerConfigKeys (ConfUtils.java:logGet(43)) - raft.server.storage.dir = [/workdir/hadoop-ozone/integration-test/target/test-dir/MiniOzoneClusterImpl-7d9a0326-71e6-4c43-9e16-cabca91dad25/datanode-1/data/ratis] (custom)
2019-10-05 06:26:54,438 [main] INFO  hdfs.DFSUtil (DFSUtil.java:httpServerTemplateForNNAndJN(1641)) - Starting Web-server for hddsDatanode at: http://0.0.0.0:0
2019-10-05 06:26:54,439 [main] INFO  server.AuthenticationFilter (AuthenticationFilter.java:constructSecretProvider(240)) - Unable to initialize FileSignerSecretProvider, falling back to use random secrets.
2019-10-05 06:26:54,439 [main] WARN  http.HttpRequestLog (HttpRequestLog.java:getRequestLog(97)) - Jetty request log can only be enabled using Log4j
2019-10-05 06:26:54,440 [main] INFO  http.HttpServer2 (HttpServer2.java:addGlobalFilter(975)) - Added global filter 'safety' (class=org.apache.hadoop.http.HttpServer2$QuotingInputFilter)
2019-10-05 06:26:54,441 [main] INFO  http.HttpServer2 (HttpServer2.java:addFilter(948)) - Added filter static_user_filter (class=org.apache.hadoop.http.lib.StaticUserWebFilter$StaticUserFilter) to context hddsDatanode
2019-10-05 06:26:54,441 [main] INFO  http.HttpServer2 (HttpServer2.java:addFilter(958)) - Added filter static_user_filter (class=org.apache.hadoop.http.lib.StaticUserWebFilter$StaticUserFilter) to context static
2019-10-05 06:26:54,441 [main] INFO  http.HttpServer2 (HttpServer2.java:addFilter(958)) - Added filter static_user_filter (class=org.apache.hadoop.http.lib.StaticUserWebFilter$StaticUserFilter) to context logs
2019-10-05 06:26:54,442 [main] INFO  http.HttpServer2 (HttpServer2.java:bindListener(1191)) - Jetty bound to port 43908
2019-10-05 06:26:54,442 [main] INFO  server.Server (Server.java:doStart(351)) - jetty-9.3.25.v20180904, build timestamp: 2018-09-04T21:11:46Z, git hash: 3ce520221d0240229c862b122d2b06c12a625732
2019-10-05 06:26:54,444 [main] INFO  handler.ContextHandler (ContextHandler.java:doStart(781)) - Started o.e.j.s.ServletContextHandler@37606fee{/logs,file:///workdir/hadoop-ozone/integration-test/target/log,AVAILABLE}
2019-10-05 06:26:54,444 [main] INFO  handler.ContextHandler (ContextHandler.java:doStart(781)) - Started o.e.j.s.ServletContextHandler@48d739f{/static,jar:file:/home/user/.m2/repository/org/apache/hadoop/hadoop-hdds-container-service/0.5.0-SNAPSHOT/hadoop-hdds-container-service-0.5.0-SNAPSHOT.jar!/webapps/static,AVAILABLE}
2019-10-05 06:26:54,472 [main] INFO  handler.ContextHandler (ContextHandler.java:doStart(781)) - Started o.e.j.w.WebAppContext@681061d6{/,file:///tmp/jetty-0.0.0.0-43908-hddsDatanode-_-any-4875127536424009991.dir/webapp/,AVAILABLE}{/hddsDatanode}
2019-10-05 06:26:54,473 [main] INFO  server.AbstractConnector (AbstractConnector.java:doStart(278)) - Started ServerConnector@53d6e959{HTTP/1.1,[http/1.1]}{0.0.0.0:43908}
2019-10-05 06:26:54,474 [main] INFO  server.Server (Server.java:doStart(419)) - Started @235381ms
2019-10-05 06:26:54,475 [main] WARN  impl.MetricsSystemImpl (MetricsSystemImpl.java:register(276)) - Sink prometheus already exists!
2019-10-05 06:26:54,475 [main] INFO  server.BaseHttpServer (BaseHttpServer.java:updateConnectorAddress(215)) - HTTP server of HDDSDATANODE is listening at http://0.0.0.0:43908
2019-10-05 06:26:54,475 [main] INFO  impl.MetricsSystemImpl (MetricsSystemImpl.java:init(158)) - HddsDatanode metrics system started (again)
2019-10-05 06:26:54,479 [org.apache.hadoop.util.JvmPauseMonitor$Monitor@23f1f06c] INFO  util.JvmPauseMonitor (JvmPauseMonitor.java:run(188)) - Starting JVM pause monitor
2019-10-05 06:26:54,480 [main] INFO  ozone.HddsDatanodeService (HddsDatanodeService.java:start(184)) - HddsDatanodeService host:trunk-nightly-20191005-lqjcv-646031197 ip:192.168.30.11
2019-10-05 06:26:54,481 [Datanode State Machine Thread - 0] INFO  datanode.InitDatanodeState (InitDatanodeState.java:persistContainerDatanodeDetails(140)) - DatanodeDetails is persisted to /workdir/hadoop-ozone/integration-test/target/test-dir/MiniOzoneClusterImpl-7d9a0326-71e6-4c43-9e16-cabca91dad25/datanode-1/meta/datanode.id
2019-10-05 06:26:54,487 [main] INFO  volume.HddsVolume (HddsVolume.java:<init>(176)) - Creating Volume: /workdir/hadoop-ozone/integration-test/target/test-dir/MiniOzoneClusterImpl-7d9a0326-71e6-4c43-9e16-cabca91dad25/datanode-2/data/containers/hdds of  storage type : DISK and capacity : 1482555576320
2019-10-05 06:26:54,487 [main] INFO  volume.VolumeSet (VolumeSet.java:initializeVolumeSet(170)) - Added Volume : /workdir/hadoop-ozone/integration-test/target/test-dir/MiniOzoneClusterImpl-7d9a0326-71e6-4c43-9e16-cabca91dad25/datanode-2/data/containers/hdds to VolumeSet
2019-10-05 06:26:54,487 [main] INFO  volume.ThrottledAsyncChecker (ThrottledAsyncChecker.java:schedule(139)) - Scheduling a check for org.apache.hadoop.ozone.container.common.volume.HddsVolume@6d294ddc
2019-10-05 06:26:54,488 [main] INFO  volume.HddsVolumeChecker (HddsVolumeChecker.java:checkAllVolumes(202)) - Scheduled health check for volume org.apache.hadoop.ozone.container.common.volume.HddsVolume@6d294ddc
2019-10-05 06:26:54,502 [main] INFO  impl.RaftServerProxy (ConfUtils.java:logGet(43)) - raft.rpc.type = GRPC (default)
2019-10-05 06:26:54,502 [main] INFO  grpc.GrpcFactory (GrpcFactory.java:checkPooledByteBufAllocatorUseCacheForAllThreads(45)) - PERFORMANCE WARNING: useCacheForAllThreads is true that may cause Netty to create a lot garbage objects and, as a result, trigger GC.
	It is recommended to disable useCacheForAllThreads by setting -Dorg.apache.ratis.thirdparty.io.netty.allocator.useCacheForAllThreads=false in command line.
2019-10-05 06:26:54,502 [main] INFO  grpc.GrpcConfigKeys$Server (ConfUtils.java:logGet(43)) - raft.grpc.server.port = 0 (default)
2019-10-05 06:26:54,502 [main] INFO  server.GrpcService (ConfUtils.java:logGet(43)) - raft.grpc.message.size.max = 33570816 (custom)
2019-10-05 06:26:54,502 [main] INFO  server.RaftServerConfigKeys (ConfUtils.java:logGet(43)) - raft.server.log.appender.buffer.byte-limit = 33554432 (custom)
2019-10-05 06:26:54,503 [main] INFO  server.GrpcService (ConfUtils.java:logGet(43)) - raft.grpc.flow.control.window = 1MB (=1048576) (default)
2019-10-05 06:26:54,503 [main] INFO  server.RaftServerConfigKeys (ConfUtils.java:logGet(43)) - raft.server.rpc.request.timeout = 3000ms (default)
2019-10-05 06:26:54,503 [main] INFO  server.RaftServerConfigKeys (ConfUtils.java:logGet(43)) - raft.server.storage.dir = [/workdir/hadoop-ozone/integration-test/target/test-dir/MiniOzoneClusterImpl-7d9a0326-71e6-4c43-9e16-cabca91dad25/datanode-2/data/ratis] (custom)
2019-10-05 06:26:54,504 [main] INFO  hdfs.DFSUtil (DFSUtil.java:httpServerTemplateForNNAndJN(1641)) - Starting Web-server for hddsDatanode at: http://0.0.0.0:0
2019-10-05 06:26:54,505 [main] INFO  server.AuthenticationFilter (AuthenticationFilter.java:constructSecretProvider(240)) - Unable to initialize FileSignerSecretProvider, falling back to use random secrets.
2019-10-05 06:26:54,506 [main] WARN  http.HttpRequestLog (HttpRequestLog.java:getRequestLog(97)) - Jetty request log can only be enabled using Log4j
2019-10-05 06:26:54,507 [main] INFO  http.HttpServer2 (HttpServer2.java:addGlobalFilter(975)) - Added global filter 'safety' (class=org.apache.hadoop.http.HttpServer2$QuotingInputFilter)
2019-10-05 06:26:54,508 [main] INFO  http.HttpServer2 (HttpServer2.java:addFilter(948)) - Added filter static_user_filter (class=org.apache.hadoop.http.lib.StaticUserWebFilter$StaticUserFilter) to context hddsDatanode
2019-10-05 06:26:54,508 [main] INFO  http.HttpServer2 (HttpServer2.java:addFilter(958)) - Added filter static_user_filter (class=org.apache.hadoop.http.lib.StaticUserWebFilter$StaticUserFilter) to context static
2019-10-05 06:26:54,508 [main] INFO  http.HttpServer2 (HttpServer2.java:addFilter(958)) - Added filter static_user_filter (class=org.apache.hadoop.http.lib.StaticUserWebFilter$StaticUserFilter) to context logs
2019-10-05 06:26:54,509 [main] INFO  http.HttpServer2 (HttpServer2.java:bindListener(1191)) - Jetty bound to port 37118
2019-10-05 06:26:54,509 [main] INFO  server.Server (Server.java:doStart(351)) - jetty-9.3.25.v20180904, build timestamp: 2018-09-04T21:11:46Z, git hash: 3ce520221d0240229c862b122d2b06c12a625732
2019-10-05 06:26:54,510 [main] INFO  handler.ContextHandler (ContextHandler.java:doStart(781)) - Started o.e.j.s.ServletContextHandler@1a914089{/logs,file:///workdir/hadoop-ozone/integration-test/target/log,AVAILABLE}
2019-10-05 06:26:54,511 [main] INFO  handler.ContextHandler (ContextHandler.java:doStart(781)) - Started o.e.j.s.ServletContextHandler@4a2bf50f{/static,jar:file:/home/user/.m2/repository/org/apache/hadoop/hadoop-hdds-container-service/0.5.0-SNAPSHOT/hadoop-hdds-container-service-0.5.0-SNAPSHOT.jar!/webapps/static,AVAILABLE}
2019-10-05 06:26:54,540 [main] INFO  handler.ContextHandler (ContextHandler.java:doStart(781)) - Started o.e.j.w.WebAppContext@2eb0cefe{/,file:///tmp/jetty-0.0.0.0-37118-hddsDatanode-_-any-8032048538171527516.dir/webapp/,AVAILABLE}{/hddsDatanode}
2019-10-05 06:26:54,540 [main] INFO  server.AbstractConnector (AbstractConnector.java:doStart(278)) - Started ServerConnector@5a2ae1ab{HTTP/1.1,[http/1.1]}{0.0.0.0:37118}
2019-10-05 06:26:54,541 [main] INFO  server.Server (Server.java:doStart(419)) - Started @235448ms
2019-10-05 06:26:54,542 [main] WARN  impl.MetricsSystemImpl (MetricsSystemImpl.java:register(276)) - Sink prometheus already exists!
2019-10-05 06:26:54,542 [main] INFO  server.BaseHttpServer (BaseHttpServer.java:updateConnectorAddress(215)) - HTTP server of HDDSDATANODE is listening at http://0.0.0.0:37118
2019-10-05 06:26:54,543 [main] INFO  impl.MetricsSystemImpl (MetricsSystemImpl.java:init(158)) - HddsDatanode metrics system started (again)
2019-10-05 06:26:54,547 [org.apache.hadoop.util.JvmPauseMonitor$Monitor@61256a66] INFO  util.JvmPauseMonitor (JvmPauseMonitor.java:run(188)) - Starting JVM pause monitor
2019-10-05 06:26:54,547 [main] INFO  ozone.HddsDatanodeService (HddsDatanodeService.java:start(184)) - HddsDatanodeService host:trunk-nightly-20191005-lqjcv-646031197 ip:192.168.30.11
2019-10-05 06:26:54,548 [Datanode State Machine Thread - 0] INFO  datanode.InitDatanodeState (InitDatanodeState.java:persistContainerDatanodeDetails(140)) - DatanodeDetails is persisted to /workdir/hadoop-ozone/integration-test/target/test-dir/MiniOzoneClusterImpl-7d9a0326-71e6-4c43-9e16-cabca91dad25/datanode-2/meta/datanode.id
2019-10-05 06:26:54,553 [main] INFO  volume.HddsVolume (HddsVolume.java:<init>(176)) - Creating Volume: /workdir/hadoop-ozone/integration-test/target/test-dir/MiniOzoneClusterImpl-7d9a0326-71e6-4c43-9e16-cabca91dad25/datanode-3/data/containers/hdds of  storage type : DISK and capacity : 1482555576320
2019-10-05 06:26:54,554 [main] INFO  volume.VolumeSet (VolumeSet.java:initializeVolumeSet(170)) - Added Volume : /workdir/hadoop-ozone/integration-test/target/test-dir/MiniOzoneClusterImpl-7d9a0326-71e6-4c43-9e16-cabca91dad25/datanode-3/data/containers/hdds to VolumeSet
2019-10-05 06:26:54,554 [main] INFO  volume.ThrottledAsyncChecker (ThrottledAsyncChecker.java:schedule(139)) - Scheduling a check for org.apache.hadoop.ozone.container.common.volume.HddsVolume@4f3356c0
2019-10-05 06:26:54,554 [main] INFO  volume.HddsVolumeChecker (HddsVolumeChecker.java:checkAllVolumes(202)) - Scheduled health check for volume org.apache.hadoop.ozone.container.common.volume.HddsVolume@4f3356c0
2019-10-05 06:26:54,568 [main] INFO  impl.RaftServerProxy (ConfUtils.java:logGet(43)) - raft.rpc.type = GRPC (default)
2019-10-05 06:26:54,568 [main] INFO  grpc.GrpcFactory (GrpcFactory.java:checkPooledByteBufAllocatorUseCacheForAllThreads(45)) - PERFORMANCE WARNING: useCacheForAllThreads is true that may cause Netty to create a lot garbage objects and, as a result, trigger GC.
	It is recommended to disable useCacheForAllThreads by setting -Dorg.apache.ratis.thirdparty.io.netty.allocator.useCacheForAllThreads=false in command line.
2019-10-05 06:26:54,568 [main] INFO  grpc.GrpcConfigKeys$Server (ConfUtils.java:logGet(43)) - raft.grpc.server.port = 0 (default)
2019-10-05 06:26:54,568 [main] INFO  server.GrpcService (ConfUtils.java:logGet(43)) - raft.grpc.message.size.max = 33570816 (custom)
2019-10-05 06:26:54,568 [main] INFO  server.RaftServerConfigKeys (ConfUtils.java:logGet(43)) - raft.server.log.appender.buffer.byte-limit = 33554432 (custom)
2019-10-05 06:26:54,569 [main] INFO  server.GrpcService (ConfUtils.java:logGet(43)) - raft.grpc.flow.control.window = 1MB (=1048576) (default)
2019-10-05 06:26:54,569 [main] INFO  server.RaftServerConfigKeys (ConfUtils.java:logGet(43)) - raft.server.rpc.request.timeout = 3000ms (default)
2019-10-05 06:26:54,569 [main] INFO  server.RaftServerConfigKeys (ConfUtils.java:logGet(43)) - raft.server.storage.dir = [/workdir/hadoop-ozone/integration-test/target/test-dir/MiniOzoneClusterImpl-7d9a0326-71e6-4c43-9e16-cabca91dad25/datanode-3/data/ratis] (custom)
2019-10-05 06:26:54,570 [main] INFO  hdfs.DFSUtil (DFSUtil.java:httpServerTemplateForNNAndJN(1641)) - Starting Web-server for hddsDatanode at: http://0.0.0.0:0
2019-10-05 06:26:54,571 [main] INFO  server.AuthenticationFilter (AuthenticationFilter.java:constructSecretProvider(240)) - Unable to initialize FileSignerSecretProvider, falling back to use random secrets.
2019-10-05 06:26:54,572 [main] WARN  http.HttpRequestLog (HttpRequestLog.java:getRequestLog(97)) - Jetty request log can only be enabled using Log4j
2019-10-05 06:26:54,573 [main] INFO  http.HttpServer2 (HttpServer2.java:addGlobalFilter(975)) - Added global filter 'safety' (class=org.apache.hadoop.http.HttpServer2$QuotingInputFilter)
2019-10-05 06:26:54,573 [main] INFO  http.HttpServer2 (HttpServer2.java:addFilter(948)) - Added filter static_user_filter (class=org.apache.hadoop.http.lib.StaticUserWebFilter$StaticUserFilter) to context hddsDatanode
2019-10-05 06:26:54,573 [main] INFO  http.HttpServer2 (HttpServer2.java:addFilter(958)) - Added filter static_user_filter (class=org.apache.hadoop.http.lib.StaticUserWebFilter$StaticUserFilter) to context logs
2019-10-05 06:26:54,574 [main] INFO  http.HttpServer2 (HttpServer2.java:addFilter(958)) - Added filter static_user_filter (class=org.apache.hadoop.http.lib.StaticUserWebFilter$StaticUserFilter) to context static
2019-10-05 06:26:54,574 [main] INFO  http.HttpServer2 (HttpServer2.java:bindListener(1191)) - Jetty bound to port 35253
2019-10-05 06:26:54,574 [main] INFO  server.Server (Server.java:doStart(351)) - jetty-9.3.25.v20180904, build timestamp: 2018-09-04T21:11:46Z, git hash: 3ce520221d0240229c862b122d2b06c12a625732
2019-10-05 06:26:54,576 [main] INFO  handler.ContextHandler (ContextHandler.java:doStart(781)) - Started o.e.j.s.ServletContextHandler@22cb3d59{/logs,file:///workdir/hadoop-ozone/integration-test/target/log,AVAILABLE}
2019-10-05 06:26:54,577 [main] INFO  handler.ContextHandler (ContextHandler.java:doStart(781)) - Started o.e.j.s.ServletContextHandler@5cff729b{/static,jar:file:/home/user/.m2/repository/org/apache/hadoop/hadoop-hdds-container-service/0.5.0-SNAPSHOT/hadoop-hdds-container-service-0.5.0-SNAPSHOT.jar!/webapps/static,AVAILABLE}
2019-10-05 06:26:54,605 [main] INFO  handler.ContextHandler (ContextHandler.java:doStart(781)) - Started o.e.j.w.WebAppContext@4fea840f{/,file:///tmp/jetty-0.0.0.0-35253-hddsDatanode-_-any-7253790717948647640.dir/webapp/,AVAILABLE}{/hddsDatanode}
2019-10-05 06:26:54,605 [main] INFO  server.AbstractConnector (AbstractConnector.java:doStart(278)) - Started ServerConnector@32ae8f27{HTTP/1.1,[http/1.1]}{0.0.0.0:35253}
2019-10-05 06:26:54,606 [main] INFO  server.Server (Server.java:doStart(419)) - Started @235513ms
2019-10-05 06:26:54,606 [main] WARN  impl.MetricsSystemImpl (MetricsSystemImpl.java:register(276)) - Sink prometheus already exists!
2019-10-05 06:26:54,607 [main] INFO  server.BaseHttpServer (BaseHttpServer.java:updateConnectorAddress(215)) - HTTP server of HDDSDATANODE is listening at http://0.0.0.0:35253
2019-10-05 06:26:54,607 [main] INFO  impl.MetricsSystemImpl (MetricsSystemImpl.java:init(158)) - HddsDatanode metrics system started (again)
2019-10-05 06:26:54,612 [org.apache.hadoop.util.JvmPauseMonitor$Monitor@1ca6e938] INFO  util.JvmPauseMonitor (JvmPauseMonitor.java:run(188)) - Starting JVM pause monitor
2019-10-05 06:26:54,612 [main] INFO  ozone.HddsDatanodeService (HddsDatanodeService.java:start(184)) - HddsDatanodeService host:trunk-nightly-20191005-lqjcv-646031197 ip:192.168.30.11
2019-10-05 06:26:54,613 [Datanode State Machine Thread - 0] INFO  datanode.InitDatanodeState (InitDatanodeState.java:persistContainerDatanodeDetails(140)) - DatanodeDetails is persisted to /workdir/hadoop-ozone/integration-test/target/test-dir/MiniOzoneClusterImpl-7d9a0326-71e6-4c43-9e16-cabca91dad25/datanode-3/meta/datanode.id
2019-10-05 06:26:54,618 [main] INFO  volume.HddsVolume (HddsVolume.java:<init>(176)) - Creating Volume: /workdir/hadoop-ozone/integration-test/target/test-dir/MiniOzoneClusterImpl-7d9a0326-71e6-4c43-9e16-cabca91dad25/datanode-4/data/containers/hdds of  storage type : DISK and capacity : 1482555576320
2019-10-05 06:26:54,618 [main] INFO  volume.VolumeSet (VolumeSet.java:initializeVolumeSet(170)) - Added Volume : /workdir/hadoop-ozone/integration-test/target/test-dir/MiniOzoneClusterImpl-7d9a0326-71e6-4c43-9e16-cabca91dad25/datanode-4/data/containers/hdds to VolumeSet
2019-10-05 06:26:54,618 [main] INFO  volume.ThrottledAsyncChecker (ThrottledAsyncChecker.java:schedule(139)) - Scheduling a check for org.apache.hadoop.ozone.container.common.volume.HddsVolume@72c9ebfa
2019-10-05 06:26:54,619 [main] INFO  volume.HddsVolumeChecker (HddsVolumeChecker.java:checkAllVolumes(202)) - Scheduled health check for volume org.apache.hadoop.ozone.container.common.volume.HddsVolume@72c9ebfa
2019-10-05 06:26:54,631 [main] INFO  impl.RaftServerProxy (ConfUtils.java:logGet(43)) - raft.rpc.type = GRPC (default)
2019-10-05 06:26:54,632 [main] INFO  grpc.GrpcFactory (GrpcFactory.java:checkPooledByteBufAllocatorUseCacheForAllThreads(45)) - PERFORMANCE WARNING: useCacheForAllThreads is true that may cause Netty to create a lot garbage objects and, as a result, trigger GC.
	It is recommended to disable useCacheForAllThreads by setting -Dorg.apache.ratis.thirdparty.io.netty.allocator.useCacheForAllThreads=false in command line.
2019-10-05 06:26:54,632 [main] INFO  grpc.GrpcConfigKeys$Server (ConfUtils.java:logGet(43)) - raft.grpc.server.port = 0 (default)
2019-10-05 06:26:54,632 [main] INFO  server.GrpcService (ConfUtils.java:logGet(43)) - raft.grpc.message.size.max = 33570816 (custom)
2019-10-05 06:26:54,632 [main] INFO  server.RaftServerConfigKeys (ConfUtils.java:logGet(43)) - raft.server.log.appender.buffer.byte-limit = 33554432 (custom)
2019-10-05 06:26:54,632 [main] INFO  server.GrpcService (ConfUtils.java:logGet(43)) - raft.grpc.flow.control.window = 1MB (=1048576) (default)
2019-10-05 06:26:54,632 [main] INFO  server.RaftServerConfigKeys (ConfUtils.java:logGet(43)) - raft.server.rpc.request.timeout = 3000ms (default)
2019-10-05 06:26:54,633 [main] INFO  server.RaftServerConfigKeys (ConfUtils.java:logGet(43)) - raft.server.storage.dir = [/workdir/hadoop-ozone/integration-test/target/test-dir/MiniOzoneClusterImpl-7d9a0326-71e6-4c43-9e16-cabca91dad25/datanode-4/data/ratis] (custom)
2019-10-05 06:26:54,634 [main] INFO  hdfs.DFSUtil (DFSUtil.java:httpServerTemplateForNNAndJN(1641)) - Starting Web-server for hddsDatanode at: http://0.0.0.0:0
2019-10-05 06:26:54,635 [main] INFO  server.AuthenticationFilter (AuthenticationFilter.java:constructSecretProvider(240)) - Unable to initialize FileSignerSecretProvider, falling back to use random secrets.
2019-10-05 06:26:54,635 [main] WARN  http.HttpRequestLog (HttpRequestLog.java:getRequestLog(97)) - Jetty request log can only be enabled using Log4j
2019-10-05 06:26:54,637 [main] INFO  http.HttpServer2 (HttpServer2.java:addGlobalFilter(975)) - Added global filter 'safety' (class=org.apache.hadoop.http.HttpServer2$QuotingInputFilter)
2019-10-05 06:26:54,637 [main] INFO  http.HttpServer2 (HttpServer2.java:addFilter(948)) - Added filter static_user_filter (class=org.apache.hadoop.http.lib.StaticUserWebFilter$StaticUserFilter) to context hddsDatanode
2019-10-05 06:26:54,637 [main] INFO  http.HttpServer2 (HttpServer2.java:addFilter(958)) - Added filter static_user_filter (class=org.apache.hadoop.http.lib.StaticUserWebFilter$StaticUserFilter) to context logs
2019-10-05 06:26:54,637 [main] INFO  http.HttpServer2 (HttpServer2.java:addFilter(958)) - Added filter static_user_filter (class=org.apache.hadoop.http.lib.StaticUserWebFilter$StaticUserFilter) to context static
2019-10-05 06:26:54,638 [main] INFO  http.HttpServer2 (HttpServer2.java:bindListener(1191)) - Jetty bound to port 33928
2019-10-05 06:26:54,638 [main] INFO  server.Server (Server.java:doStart(351)) - jetty-9.3.25.v20180904, build timestamp: 2018-09-04T21:11:46Z, git hash: 3ce520221d0240229c862b122d2b06c12a625732
2019-10-05 06:26:54,640 [main] INFO  handler.ContextHandler (ContextHandler.java:doStart(781)) - Started o.e.j.s.ServletContextHandler@5939e24{/logs,file:///workdir/hadoop-ozone/integration-test/target/log,AVAILABLE}
2019-10-05 06:26:54,640 [main] INFO  handler.ContextHandler (ContextHandler.java:doStart(781)) - Started o.e.j.s.ServletContextHandler@2055833f{/static,jar:file:/home/user/.m2/repository/org/apache/hadoop/hadoop-hdds-container-service/0.5.0-SNAPSHOT/hadoop-hdds-container-service-0.5.0-SNAPSHOT.jar!/webapps/static,AVAILABLE}
2019-10-05 06:26:54,671 [main] INFO  handler.ContextHandler (ContextHandler.java:doStart(781)) - Started o.e.j.w.WebAppContext@44dfdd58{/,file:///tmp/jetty-0.0.0.0-33928-hddsDatanode-_-any-4418496576200822934.dir/webapp/,AVAILABLE}{/hddsDatanode}
2019-10-05 06:26:54,671 [main] INFO  server.AbstractConnector (AbstractConnector.java:doStart(278)) - Started ServerConnector@58d4238e{HTTP/1.1,[http/1.1]}{0.0.0.0:33928}
2019-10-05 06:26:54,673 [main] INFO  server.Server (Server.java:doStart(419)) - Started @235580ms
2019-10-05 06:26:54,673 [main] WARN  impl.MetricsSystemImpl (MetricsSystemImpl.java:register(276)) - Sink prometheus already exists!
2019-10-05 06:26:54,674 [main] INFO  server.BaseHttpServer (BaseHttpServer.java:updateConnectorAddress(215)) - HTTP server of HDDSDATANODE is listening at http://0.0.0.0:33928
2019-10-05 06:26:54,674 [main] INFO  impl.MetricsSystemImpl (MetricsSystemImpl.java:init(158)) - HddsDatanode metrics system started (again)
2019-10-05 06:26:54,679 [org.apache.hadoop.util.JvmPauseMonitor$Monitor@34c251e7] INFO  util.JvmPauseMonitor (JvmPauseMonitor.java:run(188)) - Starting JVM pause monitor
2019-10-05 06:26:54,680 [main] INFO  ozone.HddsDatanodeService (HddsDatanodeService.java:start(184)) - HddsDatanodeService host:trunk-nightly-20191005-lqjcv-646031197 ip:192.168.30.11
2019-10-05 06:26:54,681 [Datanode State Machine Thread - 0] INFO  datanode.InitDatanodeState (InitDatanodeState.java:persistContainerDatanodeDetails(140)) - DatanodeDetails is persisted to /workdir/hadoop-ozone/integration-test/target/test-dir/MiniOzoneClusterImpl-7d9a0326-71e6-4c43-9e16-cabca91dad25/datanode-4/meta/datanode.id
2019-10-05 06:26:54,686 [main] INFO  volume.HddsVolume (HddsVolume.java:<init>(176)) - Creating Volume: /workdir/hadoop-ozone/integration-test/target/test-dir/MiniOzoneClusterImpl-7d9a0326-71e6-4c43-9e16-cabca91dad25/datanode-5/data/containers/hdds of  storage type : DISK and capacity : 1482555576320
2019-10-05 06:26:54,686 [main] INFO  volume.VolumeSet (VolumeSet.java:initializeVolumeSet(170)) - Added Volume : /workdir/hadoop-ozone/integration-test/target/test-dir/MiniOzoneClusterImpl-7d9a0326-71e6-4c43-9e16-cabca91dad25/datanode-5/data/containers/hdds to VolumeSet
2019-10-05 06:26:54,686 [main] INFO  volume.ThrottledAsyncChecker (ThrottledAsyncChecker.java:schedule(139)) - Scheduling a check for org.apache.hadoop.ozone.container.common.volume.HddsVolume@272778ae
2019-10-05 06:26:54,687 [main] INFO  volume.HddsVolumeChecker (HddsVolumeChecker.java:checkAllVolumes(202)) - Scheduled health check for volume org.apache.hadoop.ozone.container.common.volume.HddsVolume@272778ae
2019-10-05 06:26:54,700 [main] INFO  impl.RaftServerProxy (ConfUtils.java:logGet(43)) - raft.rpc.type = GRPC (default)
2019-10-05 06:26:54,700 [main] INFO  grpc.GrpcFactory (GrpcFactory.java:checkPooledByteBufAllocatorUseCacheForAllThreads(45)) - PERFORMANCE WARNING: useCacheForAllThreads is true that may cause Netty to create a lot garbage objects and, as a result, trigger GC.
	It is recommended to disable useCacheForAllThreads by setting -Dorg.apache.ratis.thirdparty.io.netty.allocator.useCacheForAllThreads=false in command line.
2019-10-05 06:26:54,700 [main] INFO  grpc.GrpcConfigKeys$Server (ConfUtils.java:logGet(43)) - raft.grpc.server.port = 0 (default)
2019-10-05 06:26:54,700 [main] INFO  server.GrpcService (ConfUtils.java:logGet(43)) - raft.grpc.message.size.max = 33570816 (custom)
2019-10-05 06:26:54,700 [main] INFO  server.RaftServerConfigKeys (ConfUtils.java:logGet(43)) - raft.server.log.appender.buffer.byte-limit = 33554432 (custom)
2019-10-05 06:26:54,701 [main] INFO  server.GrpcService (ConfUtils.java:logGet(43)) - raft.grpc.flow.control.window = 1MB (=1048576) (default)
2019-10-05 06:26:54,701 [main] INFO  server.RaftServerConfigKeys (ConfUtils.java:logGet(43)) - raft.server.rpc.request.timeout = 3000ms (default)
2019-10-05 06:26:54,701 [main] INFO  server.RaftServerConfigKeys (ConfUtils.java:logGet(43)) - raft.server.storage.dir = [/workdir/hadoop-ozone/integration-test/target/test-dir/MiniOzoneClusterImpl-7d9a0326-71e6-4c43-9e16-cabca91dad25/datanode-5/data/ratis] (custom)
2019-10-05 06:26:54,702 [main] INFO  hdfs.DFSUtil (DFSUtil.java:httpServerTemplateForNNAndJN(1641)) - Starting Web-server for hddsDatanode at: http://0.0.0.0:0
2019-10-05 06:26:54,703 [main] INFO  server.AuthenticationFilter (AuthenticationFilter.java:constructSecretProvider(240)) - Unable to initialize FileSignerSecretProvider, falling back to use random secrets.
2019-10-05 06:26:54,704 [main] WARN  http.HttpRequestLog (HttpRequestLog.java:getRequestLog(97)) - Jetty request log can only be enabled using Log4j
2019-10-05 06:26:54,705 [main] INFO  http.HttpServer2 (HttpServer2.java:addGlobalFilter(975)) - Added global filter 'safety' (class=org.apache.hadoop.http.HttpServer2$QuotingInputFilter)
2019-10-05 06:26:54,705 [main] INFO  http.HttpServer2 (HttpServer2.java:addFilter(948)) - Added filter static_user_filter (class=org.apache.hadoop.http.lib.StaticUserWebFilter$StaticUserFilter) to context hddsDatanode
2019-10-05 06:26:54,705 [main] INFO  http.HttpServer2 (HttpServer2.java:addFilter(958)) - Added filter static_user_filter (class=org.apache.hadoop.http.lib.StaticUserWebFilter$StaticUserFilter) to context logs
2019-10-05 06:26:54,705 [main] INFO  http.HttpServer2 (HttpServer2.java:addFilter(958)) - Added filter static_user_filter (class=org.apache.hadoop.http.lib.StaticUserWebFilter$StaticUserFilter) to context static
2019-10-05 06:26:54,706 [main] INFO  http.HttpServer2 (HttpServer2.java:bindListener(1191)) - Jetty bound to port 44080
2019-10-05 06:26:54,706 [main] INFO  server.Server (Server.java:doStart(351)) - jetty-9.3.25.v20180904, build timestamp: 2018-09-04T21:11:46Z, git hash: 3ce520221d0240229c862b122d2b06c12a625732
2019-10-05 06:26:54,707 [main] INFO  handler.ContextHandler (ContextHandler.java:doStart(781)) - Started o.e.j.s.ServletContextHandler@175c5c3a{/logs,file:///workdir/hadoop-ozone/integration-test/target/log,AVAILABLE}
2019-10-05 06:26:54,708 [main] INFO  handler.ContextHandler (ContextHandler.java:doStart(781)) - Started o.e.j.s.ServletContextHandler@451e2fa9{/static,jar:file:/home/user/.m2/repository/org/apache/hadoop/hadoop-hdds-container-service/0.5.0-SNAPSHOT/hadoop-hdds-container-service-0.5.0-SNAPSHOT.jar!/webapps/static,AVAILABLE}
2019-10-05 06:26:54,735 [main] INFO  handler.ContextHandler (ContextHandler.java:doStart(781)) - Started o.e.j.w.WebAppContext@4f5f474c{/,file:///tmp/jetty-0.0.0.0-44080-hddsDatanode-_-any-7184458860204362960.dir/webapp/,AVAILABLE}{/hddsDatanode}
2019-10-05 06:26:54,736 [main] INFO  server.AbstractConnector (AbstractConnector.java:doStart(278)) - Started ServerConnector@58a3d521{HTTP/1.1,[http/1.1]}{0.0.0.0:44080}
2019-10-05 06:26:54,737 [main] INFO  server.Server (Server.java:doStart(419)) - Started @235644ms
2019-10-05 06:26:54,738 [main] WARN  impl.MetricsSystemImpl (MetricsSystemImpl.java:register(276)) - Sink prometheus already exists!
2019-10-05 06:26:54,738 [main] INFO  server.BaseHttpServer (BaseHttpServer.java:updateConnectorAddress(215)) - HTTP server of HDDSDATANODE is listening at http://0.0.0.0:44080
2019-10-05 06:26:54,738 [main] INFO  impl.MetricsSystemImpl (MetricsSystemImpl.java:init(158)) - HddsDatanode metrics system started (again)
2019-10-05 06:26:54,744 [org.apache.hadoop.util.JvmPauseMonitor$Monitor@46c40ccf] INFO  util.JvmPauseMonitor (JvmPauseMonitor.java:run(188)) - Starting JVM pause monitor
2019-10-05 06:26:54,744 [main] INFO  ozone.HddsDatanodeService (HddsDatanodeService.java:start(184)) - HddsDatanodeService host:trunk-nightly-20191005-lqjcv-646031197 ip:192.168.30.11
2019-10-05 06:26:54,745 [Datanode State Machine Thread - 0] INFO  datanode.InitDatanodeState (InitDatanodeState.java:persistContainerDatanodeDetails(140)) - DatanodeDetails is persisted to /workdir/hadoop-ozone/integration-test/target/test-dir/MiniOzoneClusterImpl-7d9a0326-71e6-4c43-9e16-cabca91dad25/datanode-5/meta/datanode.id
2019-10-05 06:26:54,750 [main] INFO  volume.HddsVolume (HddsVolume.java:<init>(176)) - Creating Volume: /workdir/hadoop-ozone/integration-test/target/test-dir/MiniOzoneClusterImpl-7d9a0326-71e6-4c43-9e16-cabca91dad25/datanode-6/data/containers/hdds of  storage type : DISK and capacity : 1482555576320
2019-10-05 06:26:54,750 [main] INFO  volume.VolumeSet (VolumeSet.java:initializeVolumeSet(170)) - Added Volume : /workdir/hadoop-ozone/integration-test/target/test-dir/MiniOzoneClusterImpl-7d9a0326-71e6-4c43-9e16-cabca91dad25/datanode-6/data/containers/hdds to VolumeSet
2019-10-05 06:26:54,751 [main] INFO  volume.ThrottledAsyncChecker (ThrottledAsyncChecker.java:schedule(139)) - Scheduling a check for org.apache.hadoop.ozone.container.common.volume.HddsVolume@11810917
2019-10-05 06:26:54,751 [main] INFO  volume.HddsVolumeChecker (HddsVolumeChecker.java:checkAllVolumes(202)) - Scheduled health check for volume org.apache.hadoop.ozone.container.common.volume.HddsVolume@11810917
2019-10-05 06:26:54,772 [main] INFO  impl.RaftServerProxy (ConfUtils.java:logGet(43)) - raft.rpc.type = GRPC (default)
2019-10-05 06:26:54,772 [main] INFO  grpc.GrpcFactory (GrpcFactory.java:checkPooledByteBufAllocatorUseCacheForAllThreads(45)) - PERFORMANCE WARNING: useCacheForAllThreads is true that may cause Netty to create a lot garbage objects and, as a result, trigger GC.
	It is recommended to disable useCacheForAllThreads by setting -Dorg.apache.ratis.thirdparty.io.netty.allocator.useCacheForAllThreads=false in command line.
2019-10-05 06:26:54,772 [main] INFO  grpc.GrpcConfigKeys$Server (ConfUtils.java:logGet(43)) - raft.grpc.server.port = 0 (default)
2019-10-05 06:26:54,773 [main] INFO  server.GrpcService (ConfUtils.java:logGet(43)) - raft.grpc.message.size.max = 33570816 (custom)
2019-10-05 06:26:54,773 [main] INFO  server.RaftServerConfigKeys (ConfUtils.java:logGet(43)) - raft.server.log.appender.buffer.byte-limit = 33554432 (custom)
2019-10-05 06:26:54,773 [main] INFO  server.GrpcService (ConfUtils.java:logGet(43)) - raft.grpc.flow.control.window = 1MB (=1048576) (default)
2019-10-05 06:26:54,773 [main] INFO  server.RaftServerConfigKeys (ConfUtils.java:logGet(43)) - raft.server.rpc.request.timeout = 3000ms (default)
2019-10-05 06:26:54,774 [main] INFO  server.RaftServerConfigKeys (ConfUtils.java:logGet(43)) - raft.server.storage.dir = [/workdir/hadoop-ozone/integration-test/target/test-dir/MiniOzoneClusterImpl-7d9a0326-71e6-4c43-9e16-cabca91dad25/datanode-6/data/ratis] (custom)
2019-10-05 06:26:54,775 [main] INFO  hdfs.DFSUtil (DFSUtil.java:httpServerTemplateForNNAndJN(1641)) - Starting Web-server for hddsDatanode at: http://0.0.0.0:0
2019-10-05 06:26:54,776 [main] INFO  server.AuthenticationFilter (AuthenticationFilter.java:constructSecretProvider(240)) - Unable to initialize FileSignerSecretProvider, falling back to use random secrets.
2019-10-05 06:26:54,776 [main] WARN  http.HttpRequestLog (HttpRequestLog.java:getRequestLog(97)) - Jetty request log can only be enabled using Log4j
2019-10-05 06:26:54,777 [main] INFO  http.HttpServer2 (HttpServer2.java:addGlobalFilter(975)) - Added global filter 'safety' (class=org.apache.hadoop.http.HttpServer2$QuotingInputFilter)
2019-10-05 06:26:54,778 [main] INFO  http.HttpServer2 (HttpServer2.java:addFilter(948)) - Added filter static_user_filter (class=org.apache.hadoop.http.lib.StaticUserWebFilter$StaticUserFilter) to context hddsDatanode
2019-10-05 06:26:54,778 [main] INFO  http.HttpServer2 (HttpServer2.java:addFilter(958)) - Added filter static_user_filter (class=org.apache.hadoop.http.lib.StaticUserWebFilter$StaticUserFilter) to context static
2019-10-05 06:26:54,778 [main] INFO  http.HttpServer2 (HttpServer2.java:addFilter(958)) - Added filter static_user_filter (class=org.apache.hadoop.http.lib.StaticUserWebFilter$StaticUserFilter) to context logs
2019-10-05 06:26:54,779 [main] INFO  http.HttpServer2 (HttpServer2.java:bindListener(1191)) - Jetty bound to port 37274
2019-10-05 06:26:54,779 [main] INFO  server.Server (Server.java:doStart(351)) - jetty-9.3.25.v20180904, build timestamp: 2018-09-04T21:11:46Z, git hash: 3ce520221d0240229c862b122d2b06c12a625732
2019-10-05 06:26:54,780 [main] INFO  handler.ContextHandler (ContextHandler.java:doStart(781)) - Started o.e.j.s.ServletContextHandler@224d86d2{/logs,file:///workdir/hadoop-ozone/integration-test/target/log,AVAILABLE}
2019-10-05 06:26:54,781 [main] INFO  handler.ContextHandler (ContextHandler.java:doStart(781)) - Started o.e.j.s.ServletContextHandler@2aea717c{/static,jar:file:/home/user/.m2/repository/org/apache/hadoop/hadoop-hdds-container-service/0.5.0-SNAPSHOT/hadoop-hdds-container-service-0.5.0-SNAPSHOT.jar!/webapps/static,AVAILABLE}
2019-10-05 06:26:54,808 [main] INFO  handler.ContextHandler (ContextHandler.java:doStart(781)) - Started o.e.j.w.WebAppContext@3079c26a{/,file:///tmp/jetty-0.0.0.0-37274-hddsDatanode-_-any-726005474407434802.dir/webapp/,AVAILABLE}{/hddsDatanode}
2019-10-05 06:26:54,809 [main] INFO  server.AbstractConnector (AbstractConnector.java:doStart(278)) - Started ServerConnector@1e2445f6{HTTP/1.1,[http/1.1]}{0.0.0.0:37274}
2019-10-05 06:26:54,810 [main] INFO  server.Server (Server.java:doStart(419)) - Started @235717ms
2019-10-05 06:26:54,811 [main] WARN  impl.MetricsSystemImpl (MetricsSystemImpl.java:register(276)) - Sink prometheus already exists!
2019-10-05 06:26:54,811 [main] INFO  server.BaseHttpServer (BaseHttpServer.java:updateConnectorAddress(215)) - HTTP server of HDDSDATANODE is listening at http://0.0.0.0:37274
2019-10-05 06:26:54,812 [main] INFO  ozone.MiniOzoneClusterImpl (MiniOzoneClusterImpl.java:lambda$waitForClusterToBeReady$0(147)) - Waiting for cluster to be ready. Got 0 of 7 DN Heartbeats.
2019-10-05 06:26:54,813 [org.apache.hadoop.util.JvmPauseMonitor$Monitor@1c23fac4] INFO  util.JvmPauseMonitor (JvmPauseMonitor.java:run(188)) - Starting JVM pause monitor
2019-10-05 06:26:54,814 [Datanode State Machine Thread - 0] INFO  datanode.InitDatanodeState (InitDatanodeState.java:persistContainerDatanodeDetails(140)) - DatanodeDetails is persisted to /workdir/hadoop-ozone/integration-test/target/test-dir/MiniOzoneClusterImpl-7d9a0326-71e6-4c43-9e16-cabca91dad25/datanode-6/meta/datanode.id
2019-10-05 06:26:55,812 [main] INFO  ozone.MiniOzoneClusterImpl (MiniOzoneClusterImpl.java:lambda$waitForClusterToBeReady$0(147)) - Waiting for cluster to be ready. Got 0 of 7 DN Heartbeats.
2019-10-05 06:26:56,462 [Datanode State Machine Thread - 0] INFO  ozoneimpl.OzoneContainer (OzoneContainer.java:start(217)) - Attempting to start container services.
2019-10-05 06:26:56,463 [Datanode State Machine Thread - 0] INFO  ozoneimpl.OzoneContainer (OzoneContainer.java:startContainerScrub(179)) - Background container scanner has been disabled.
2019-10-05 06:26:56,463 [Datanode State Machine Thread - 0] INFO  ratis.XceiverServerRatis (XceiverServerRatis.java:start(417)) - Starting XceiverServerRatis 2a87fcd0-34fb-4b0f-af8f-09da225f1900 at port 0
2019-10-05 06:26:56,471 [Datanode State Machine Thread - 0] INFO  impl.RaftServerProxy (RaftServerProxy.java:lambda$start$3(299)) - 2a87fcd0-34fb-4b0f-af8f-09da225f1900: start RPC server
2019-10-05 06:26:56,473 [Datanode State Machine Thread - 0] INFO  server.GrpcService (GrpcService.java:startImpl(158)) - 2a87fcd0-34fb-4b0f-af8f-09da225f1900: GrpcService started, listening on 0.0.0.0/0.0.0.0:37900
2019-10-05 06:26:56,474 [Datanode State Machine Thread - 0] INFO  ratis.XceiverServerRatis (XceiverServerRatis.java:start(427)) - XceiverServerRatis 2a87fcd0-34fb-4b0f-af8f-09da225f1900 is started using port 37900
2019-10-05 06:26:56,474 [Datanode State Machine Thread - 0] INFO  server.XceiverServerGrpc (XceiverServerGrpc.java:start(149)) - XceiverServerGrpc 2a87fcd0-34fb-4b0f-af8f-09da225f1900 is started using port 33075
2019-10-05 06:26:56,497 [Datanode State Machine Thread - 0] INFO  ozoneimpl.OzoneContainer (OzoneContainer.java:start(217)) - Attempting to start container services.
2019-10-05 06:26:56,497 [Datanode State Machine Thread - 0] INFO  ozoneimpl.OzoneContainer (OzoneContainer.java:startContainerScrub(179)) - Background container scanner has been disabled.
2019-10-05 06:26:56,497 [Datanode State Machine Thread - 0] INFO  ratis.XceiverServerRatis (XceiverServerRatis.java:start(417)) - Starting XceiverServerRatis b3be66eb-999a-4c9a-88a3-427cb86f6dcd at port 0
2019-10-05 06:26:56,504 [Datanode State Machine Thread - 0] INFO  impl.RaftServerProxy (RaftServerProxy.java:lambda$start$3(299)) - b3be66eb-999a-4c9a-88a3-427cb86f6dcd: start RPC server
2019-10-05 06:26:56,506 [Datanode State Machine Thread - 0] INFO  server.GrpcService (GrpcService.java:startImpl(158)) - b3be66eb-999a-4c9a-88a3-427cb86f6dcd: GrpcService started, listening on 0.0.0.0/0.0.0.0:34817
2019-10-05 06:26:56,506 [Datanode State Machine Thread - 0] INFO  ratis.XceiverServerRatis (XceiverServerRatis.java:start(427)) - XceiverServerRatis b3be66eb-999a-4c9a-88a3-427cb86f6dcd is started using port 34817
2019-10-05 06:26:56,507 [Datanode State Machine Thread - 0] INFO  server.XceiverServerGrpc (XceiverServerGrpc.java:start(149)) - XceiverServerGrpc b3be66eb-999a-4c9a-88a3-427cb86f6dcd is started using port 33125
2019-10-05 06:26:56,574 [Datanode State Machine Thread - 0] INFO  ozoneimpl.OzoneContainer (OzoneContainer.java:start(217)) - Attempting to start container services.
2019-10-05 06:26:56,574 [Datanode State Machine Thread - 0] INFO  ozoneimpl.OzoneContainer (OzoneContainer.java:startContainerScrub(179)) - Background container scanner has been disabled.
2019-10-05 06:26:56,575 [Datanode State Machine Thread - 0] INFO  ratis.XceiverServerRatis (XceiverServerRatis.java:start(417)) - Starting XceiverServerRatis cd2e9be5-bd4a-4efa-ab44-8e9a04b19f0e at port 0
2019-10-05 06:26:56,581 [Datanode State Machine Thread - 0] INFO  impl.RaftServerProxy (RaftServerProxy.java:lambda$start$3(299)) - cd2e9be5-bd4a-4efa-ab44-8e9a04b19f0e: start RPC server
2019-10-05 06:26:56,582 [Datanode State Machine Thread - 0] INFO  server.GrpcService (GrpcService.java:startImpl(158)) - cd2e9be5-bd4a-4efa-ab44-8e9a04b19f0e: GrpcService started, listening on 0.0.0.0/0.0.0.0:46386
2019-10-05 06:26:56,582 [Datanode State Machine Thread - 0] INFO  ratis.XceiverServerRatis (XceiverServerRatis.java:start(427)) - XceiverServerRatis cd2e9be5-bd4a-4efa-ab44-8e9a04b19f0e is started using port 46386
2019-10-05 06:26:56,582 [Datanode State Machine Thread - 0] INFO  server.XceiverServerGrpc (XceiverServerGrpc.java:start(149)) - XceiverServerGrpc cd2e9be5-bd4a-4efa-ab44-8e9a04b19f0e is started using port 42744
2019-10-05 06:26:56,641 [Datanode State Machine Thread - 0] INFO  ozoneimpl.OzoneContainer (OzoneContainer.java:start(217)) - Attempting to start container services.
2019-10-05 06:26:56,642 [Datanode State Machine Thread - 0] INFO  ozoneimpl.OzoneContainer (OzoneContainer.java:startContainerScrub(179)) - Background container scanner has been disabled.
2019-10-05 06:26:56,642 [Datanode State Machine Thread - 0] INFO  ratis.XceiverServerRatis (XceiverServerRatis.java:start(417)) - Starting XceiverServerRatis 271fe555-dac9-4311-97a6-9ff4e566822e at port 0
2019-10-05 06:26:56,649 [Datanode State Machine Thread - 0] INFO  impl.RaftServerProxy (RaftServerProxy.java:lambda$start$3(299)) - 271fe555-dac9-4311-97a6-9ff4e566822e: start RPC server
2019-10-05 06:26:56,650 [Datanode State Machine Thread - 0] INFO  server.GrpcService (GrpcService.java:startImpl(158)) - 271fe555-dac9-4311-97a6-9ff4e566822e: GrpcService started, listening on 0.0.0.0/0.0.0.0:38180
2019-10-05 06:26:56,650 [Datanode State Machine Thread - 0] INFO  ratis.XceiverServerRatis (XceiverServerRatis.java:start(427)) - XceiverServerRatis 271fe555-dac9-4311-97a6-9ff4e566822e is started using port 38180
2019-10-05 06:26:56,650 [Datanode State Machine Thread - 0] INFO  server.XceiverServerGrpc (XceiverServerGrpc.java:start(149)) - XceiverServerGrpc 271fe555-dac9-4311-97a6-9ff4e566822e is started using port 46178
2019-10-05 06:26:56,703 [Datanode State Machine Thread - 0] INFO  ozoneimpl.OzoneContainer (OzoneContainer.java:start(217)) - Attempting to start container services.
2019-10-05 06:26:56,703 [Datanode State Machine Thread - 0] INFO  ozoneimpl.OzoneContainer (OzoneContainer.java:startContainerScrub(179)) - Background container scanner has been disabled.
2019-10-05 06:26:56,703 [Datanode State Machine Thread - 0] INFO  ratis.XceiverServerRatis (XceiverServerRatis.java:start(417)) - Starting XceiverServerRatis 977e4168-6b16-4317-a8f1-dad5ec07a45c at port 0
2019-10-05 06:26:56,710 [Datanode State Machine Thread - 0] INFO  impl.RaftServerProxy (RaftServerProxy.java:lambda$start$3(299)) - 977e4168-6b16-4317-a8f1-dad5ec07a45c: start RPC server
2019-10-05 06:26:56,710 [Datanode State Machine Thread - 0] INFO  server.GrpcService (GrpcService.java:startImpl(158)) - 977e4168-6b16-4317-a8f1-dad5ec07a45c: GrpcService started, listening on 0.0.0.0/0.0.0.0:40730
2019-10-05 06:26:56,710 [Datanode State Machine Thread - 0] INFO  ratis.XceiverServerRatis (XceiverServerRatis.java:start(427)) - XceiverServerRatis 977e4168-6b16-4317-a8f1-dad5ec07a45c is started using port 40730
2019-10-05 06:26:56,710 [Datanode State Machine Thread - 0] INFO  server.XceiverServerGrpc (XceiverServerGrpc.java:start(149)) - XceiverServerGrpc 977e4168-6b16-4317-a8f1-dad5ec07a45c is started using port 46203
2019-10-05 06:26:56,768 [Datanode State Machine Thread - 0] INFO  ozoneimpl.OzoneContainer (OzoneContainer.java:start(217)) - Attempting to start container services.
2019-10-05 06:26:56,768 [Datanode State Machine Thread - 0] INFO  ozoneimpl.OzoneContainer (OzoneContainer.java:startContainerScrub(179)) - Background container scanner has been disabled.
2019-10-05 06:26:56,768 [Datanode State Machine Thread - 0] INFO  ratis.XceiverServerRatis (XceiverServerRatis.java:start(417)) - Starting XceiverServerRatis 5c2d6867-8aa7-405e-a2ac-e92dcdce5820 at port 0
2019-10-05 06:26:56,775 [Datanode State Machine Thread - 0] INFO  impl.RaftServerProxy (RaftServerProxy.java:lambda$start$3(299)) - 5c2d6867-8aa7-405e-a2ac-e92dcdce5820: start RPC server
2019-10-05 06:26:56,776 [Datanode State Machine Thread - 0] INFO  server.GrpcService (GrpcService.java:startImpl(158)) - 5c2d6867-8aa7-405e-a2ac-e92dcdce5820: GrpcService started, listening on 0.0.0.0/0.0.0.0:38564
2019-10-05 06:26:56,776 [Datanode State Machine Thread - 0] INFO  ratis.XceiverServerRatis (XceiverServerRatis.java:start(427)) - XceiverServerRatis 5c2d6867-8aa7-405e-a2ac-e92dcdce5820 is started using port 38564
2019-10-05 06:26:56,777 [Datanode State Machine Thread - 0] INFO  server.XceiverServerGrpc (XceiverServerGrpc.java:start(149)) - XceiverServerGrpc 5c2d6867-8aa7-405e-a2ac-e92dcdce5820 is started using port 46816
2019-10-05 06:26:56,813 [main] INFO  ozone.MiniOzoneClusterImpl (MiniOzoneClusterImpl.java:lambda$waitForClusterToBeReady$0(147)) - Waiting for cluster to be ready. Got 0 of 7 DN Heartbeats.
2019-10-05 06:26:56,837 [Datanode State Machine Thread - 0] INFO  ozoneimpl.OzoneContainer (OzoneContainer.java:start(217)) - Attempting to start container services.
2019-10-05 06:26:56,837 [Datanode State Machine Thread - 0] INFO  ozoneimpl.OzoneContainer (OzoneContainer.java:startContainerScrub(179)) - Background container scanner has been disabled.
2019-10-05 06:26:56,838 [Datanode State Machine Thread - 0] INFO  ratis.XceiverServerRatis (XceiverServerRatis.java:start(417)) - Starting XceiverServerRatis 109dfb86-ee48-4d17-b40b-8876732df543 at port 0
2019-10-05 06:26:56,845 [Datanode State Machine Thread - 0] INFO  impl.RaftServerProxy (RaftServerProxy.java:lambda$start$3(299)) - 109dfb86-ee48-4d17-b40b-8876732df543: start RPC server
2019-10-05 06:26:56,845 [Datanode State Machine Thread - 0] INFO  server.GrpcService (GrpcService.java:startImpl(158)) - 109dfb86-ee48-4d17-b40b-8876732df543: GrpcService started, listening on 0.0.0.0/0.0.0.0:41028
2019-10-05 06:26:56,845 [Datanode State Machine Thread - 0] INFO  ratis.XceiverServerRatis (XceiverServerRatis.java:start(427)) - XceiverServerRatis 109dfb86-ee48-4d17-b40b-8876732df543 is started using port 41028
2019-10-05 06:26:56,846 [Datanode State Machine Thread - 0] INFO  server.XceiverServerGrpc (XceiverServerGrpc.java:start(149)) - XceiverServerGrpc 109dfb86-ee48-4d17-b40b-8876732df543 is started using port 46132
2019-10-05 06:26:57,813 [main] INFO  ozone.MiniOzoneClusterImpl (MiniOzoneClusterImpl.java:lambda$waitForClusterToBeReady$0(147)) - Waiting for cluster to be ready. Got 0 of 7 DN Heartbeats.
2019-10-05 06:26:58,418 [IPC Server handler 4 on 34000] INFO  net.NetworkTopology (NetworkTopologyImpl.java:add(111)) - Added a new node: /default-rack/2a87fcd0-34fb-4b0f-af8f-09da225f1900
2019-10-05 06:26:58,421 [IPC Server handler 4 on 34000] INFO  node.SCMNodeManager (SCMNodeManager.java:register(268)) - Registered Data node : 2a87fcd0-34fb-4b0f-af8f-09da225f1900{ip: 192.168.30.11, host: trunk-nightly-20191005-lqjcv-646031197, networkLocation: /default-rack, certSerialId: null}
2019-10-05 06:26:58,422 [EventQueue-NodeRegistrationContainerReportForDataNodeSafeModeRule] INFO  safemode.SCMSafeModeManager (DataNodeSafeModeRule.java:process(71)) - SCM in safe mode. 1 DataNodes registered, 1 required.
2019-10-05 06:26:58,424 [EventQueue-NodeRegistrationContainerReportForDataNodeSafeModeRule] INFO  safemode.SCMSafeModeManager (SCMSafeModeManager.java:validateSafeModeExitRules(177)) - ScmSafeModeManager, all rules are successfully validated
2019-10-05 06:26:58,425 [EventQueue-NodeRegistrationContainerReportForDataNodeSafeModeRule] INFO  safemode.SCMSafeModeManager (SCMSafeModeManager.java:exitSafeMode(193)) - SCM exiting safe mode.
2019-10-05 06:26:58,439 [grpc-default-executor-4] INFO  impl.RaftServerProxy (RaftServerProxy.java:addNew(89)) - 2a87fcd0-34fb-4b0f-af8f-09da225f1900: addNew group-073B3C971C5A:[2a87fcd0-34fb-4b0f-af8f-09da225f1900:192.168.30.11:37900] returns group-073B3C971C5A:java.util.concurrent.CompletableFuture@59948a6e[Not completed]
2019-10-05 06:26:58,442 [pool-383-thread-1] INFO  impl.RaftServerImpl (RaftServerImpl.java:<init>(95)) - 2a87fcd0-34fb-4b0f-af8f-09da225f1900: new RaftServerImpl for group-073B3C971C5A:[2a87fcd0-34fb-4b0f-af8f-09da225f1900:192.168.30.11:37900] with ContainerStateMachine:uninitialized
2019-10-05 06:26:58,442 [pool-383-thread-1] INFO  server.RaftServerConfigKeys (ConfUtils.java:logGet(43)) - raft.server.rpc.timeout.min = 5s (custom)
2019-10-05 06:26:58,442 [pool-383-thread-1] INFO  server.RaftServerConfigKeys (ConfUtils.java:logGet(43)) - raft.server.rpc.timeout.max = 5200ms (custom)
2019-10-05 06:26:58,442 [pool-383-thread-1] INFO  server.RaftServerConfigKeys (ConfUtils.java:logGet(43)) - raft.server.rpcslowness.timeout = 120s (custom)
2019-10-05 06:26:58,443 [pool-383-thread-1] INFO  server.RaftServerConfigKeys (ConfUtils.java:logGet(43)) - raft.server.sleep.deviation.threshold = 300 (default)
2019-10-05 06:26:58,443 [pool-383-thread-1] INFO  server.RaftServerConfigKeys (ConfUtils.java:logGet(43)) - raft.server.log.appender.install.snapshot.enabled = false (custom)
2019-10-05 06:26:58,443 [pool-383-thread-1] INFO  impl.RaftServerImpl (ServerState.java:<init>(103)) - 2a87fcd0-34fb-4b0f-af8f-09da225f1900@group-073B3C971C5A: ConfigurationManager, init=-1: [2a87fcd0-34fb-4b0f-af8f-09da225f1900:192.168.30.11:37900], old=null, confs=<EMPTY_MAP>
2019-10-05 06:26:58,443 [pool-383-thread-1] INFO  server.RaftServerConfigKeys (ConfUtils.java:logGet(43)) - raft.server.storage.dir = [/workdir/hadoop-ozone/integration-test/target/test-dir/MiniOzoneClusterImpl-7d9a0326-71e6-4c43-9e16-cabca91dad25/datanode-0/data/ratis] (custom)
2019-10-05 06:26:58,444 [pool-383-thread-1] INFO  server.RaftServerConfigKeys (ConfUtils.java:logGet(43)) - raft.server.log.corruption.policy = EXCEPTION (default)
2019-10-05 06:26:58,444 [pool-383-thread-1] INFO  storage.RaftStorageDirectory (RaftStorageDirectory.java:analyzeStorage(246)) - The storage directory /workdir/hadoop-ozone/integration-test/target/test-dir/MiniOzoneClusterImpl-7d9a0326-71e6-4c43-9e16-cabca91dad25/datanode-0/data/ratis/513dd729-4a7d-4fdc-a87a-073b3c971c5a does not exist. Creating ...
2019-10-05 06:26:58,469 [pool-383-thread-1] INFO  storage.RaftStorageDirectory (RaftStorageDirectory.java:tryLock(328)) - Lock on /workdir/hadoop-ozone/integration-test/target/test-dir/MiniOzoneClusterImpl-7d9a0326-71e6-4c43-9e16-cabca91dad25/datanode-0/data/ratis/513dd729-4a7d-4fdc-a87a-073b3c971c5a/in_use.lock acquired by nodename 12161@trunk-nightly-20191005-lqjcv-646031197
2019-10-05 06:26:58,480 [IPC Server handler 5 on 34000] INFO  net.NetworkTopology (NetworkTopologyImpl.java:add(111)) - Added a new node: /default-rack/b3be66eb-999a-4c9a-88a3-427cb86f6dcd
2019-10-05 06:26:58,481 [IPC Server handler 5 on 34000] INFO  node.SCMNodeManager (SCMNodeManager.java:register(268)) - Registered Data node : b3be66eb-999a-4c9a-88a3-427cb86f6dcd{ip: 192.168.30.11, host: trunk-nightly-20191005-lqjcv-646031197, networkLocation: /default-rack, certSerialId: null}
2019-10-05 06:26:58,486 [pool-383-thread-1] INFO  storage.RaftStorage (RaftStorage.java:format(84)) - Storage directory /workdir/hadoop-ozone/integration-test/target/test-dir/MiniOzoneClusterImpl-7d9a0326-71e6-4c43-9e16-cabca91dad25/datanode-0/data/ratis/513dd729-4a7d-4fdc-a87a-073b3c971c5a has been successfully formatted.
2019-10-05 06:26:58,486 [pool-383-thread-1] INFO  ratis.ContainerStateMachine (ContainerStateMachine.java:loadSnapshot(230)) - group-073B3C971C5A: The snapshot info is null. Setting the last applied indexto:(t:0, i:~)
2019-10-05 06:26:58,486 [pool-383-thread-1] INFO  server.RaftServerConfigKeys (ConfUtils.java:logGet(43)) - raft.server.notification.no-leader.timeout = 120s (custom)
2019-10-05 06:26:58,486 [pool-383-thread-1] INFO  server.RaftServerConfigKeys (ConfUtils.java:logGet(43)) - raft.server.log.use.memory = false (default)
2019-10-05 06:26:58,487 [pool-383-thread-1] INFO  server.RaftServerConfigKeys (ConfUtils.java:logGet(43)) - raft.server.log.purge.gap = 1000000 (custom)
2019-10-05 06:26:58,487 [pool-383-thread-1] INFO  server.RaftServerConfigKeys (ConfUtils.java:logGet(43)) - raft.server.log.appender.buffer.byte-limit = 33554432 (custom)
2019-10-05 06:26:58,487 [pool-383-thread-1] INFO  server.RaftServerConfigKeys (ConfUtils.java:logGet(43)) - raft.server.log.segment.size.max = 1048576 (custom)
2019-10-05 06:26:58,490 [pool-383-thread-1] INFO  server.RaftServerConfigKeys (ConfUtils.java:logGet(43)) - raft.server.log.segment.cache.num.max = 2 (custom)
2019-10-05 06:26:58,490 [pool-383-thread-1] INFO  segmented.SegmentedRaftLogWorker (SegmentedRaftLogWorker.java:<init>(173)) - new 2a87fcd0-34fb-4b0f-af8f-09da225f1900@group-073B3C971C5A-SegmentedRaftLogWorker for RaftStorage:Storage Directory /workdir/hadoop-ozone/integration-test/target/test-dir/MiniOzoneClusterImpl-7d9a0326-71e6-4c43-9e16-cabca91dad25/datanode-0/data/ratis/513dd729-4a7d-4fdc-a87a-073b3c971c5a
2019-10-05 06:26:58,490 [pool-383-thread-1] INFO  server.RaftServerConfigKeys (ConfUtils.java:logGet(43)) - raft.server.log.queue.byte-limit = 2147483647 (custom)
2019-10-05 06:26:58,490 [pool-383-thread-1] INFO  server.RaftServerConfigKeys (ConfUtils.java:logGet(43)) - raft.server.log.queue.element-limit = 1024 (custom)
2019-10-05 06:26:58,491 [pool-383-thread-1] INFO  server.RaftServerConfigKeys (ConfUtils.java:logGet(43)) - raft.server.log.segment.size.max = 1048576 (custom)
2019-10-05 06:26:58,491 [pool-383-thread-1] INFO  server.RaftServerConfigKeys (ConfUtils.java:logGet(43)) - raft.server.log.preallocated.size = 16384 (custom)
2019-10-05 06:26:58,491 [pool-383-thread-1] INFO  server.RaftServerConfigKeys (ConfUtils.java:logGet(43)) - raft.server.log.write.buffer.size = 33554432 (custom)
2019-10-05 06:26:58,491 [pool-383-thread-1] INFO  server.RaftServerConfigKeys (ConfUtils.java:logGet(43)) - raft.server.log.force.sync.num = 128 (default)
2019-10-05 06:26:58,491 [pool-383-thread-1] INFO  server.RaftServerConfigKeys (ConfUtils.java:logGet(43)) - raft.server.log.statemachine.data.sync = true (default)
2019-10-05 06:26:58,491 [pool-383-thread-1] INFO  server.RaftServerConfigKeys (ConfUtils.java:logGet(43)) - raft.server.log.statemachine.data.sync.timeout = 10s (default)
2019-10-05 06:26:58,491 [pool-383-thread-1] INFO  server.RaftServerConfigKeys (ConfUtils.java:logGet(43)) - raft.server.log.statemachine.data.sync.timeout.retry = -1 (default)
2019-10-05 06:26:58,492 [pool-383-thread-1] INFO  server.RaftServerConfigKeys (ConfUtils.java:logGet(43)) - raft.server.log.statemachine.data.caching.enabled = true (custom)
2019-10-05 06:26:58,493 [pool-383-thread-1] INFO  segmented.SegmentedRaftLogWorker (SegmentedRaftLogWorker.java:lambda$new$0(128)) - 2a87fcd0-34fb-4b0f-af8f-09da225f1900@group-073B3C971C5A-SegmentedRaftLogWorker: flushIndex: setUnconditionally 0 -> -1
2019-10-05 06:26:58,493 [pool-383-thread-1] INFO  server.RaftServerConfigKeys (ConfUtils.java:logGet(43)) - raft.server.snapshot.auto.trigger.enabled = true (custom)
2019-10-05 06:26:58,493 [pool-383-thread-1] INFO  server.RaftServerConfigKeys (ConfUtils.java:logGet(43)) - raft.server.snapshot.auto.trigger.threshold = 10000 (custom)
2019-10-05 06:26:58,493 [pool-383-thread-1] INFO  server.RaftServerConfigKeys (ConfUtils.java:logGet(43)) - raft.server.snapshot.retention.file.num = 5 (custom)
2019-10-05 06:26:58,493 [pool-383-thread-1] INFO  server.RaftServerConfigKeys (ConfUtils.java:logGet(43)) - raft.server.retrycache.expirytime = 600000ms (custom)
2019-10-05 06:26:58,496 [pool-383-thread-1] INFO  impl.RaftServerImpl (RaftServerImpl.java:start(181)) - 2a87fcd0-34fb-4b0f-af8f-09da225f1900@group-073B3C971C5A: start as a follower, conf=-1: [2a87fcd0-34fb-4b0f-af8f-09da225f1900:192.168.30.11:37900], old=null
2019-10-05 06:26:58,496 [pool-383-thread-1] INFO  impl.RaftServerImpl (RaftServerImpl.java:setRole(170)) - 2a87fcd0-34fb-4b0f-af8f-09da225f1900@group-073B3C971C5A: changes role from      null to FOLLOWER at term 0 for startAsFollower
2019-10-05 06:26:58,496 [pool-383-thread-1] INFO  impl.RoleInfo (RoleInfo.java:updateAndGet(143)) - 2a87fcd0-34fb-4b0f-af8f-09da225f1900: start FollowerState
2019-10-05 06:26:58,497 [pool-383-thread-1] INFO  util.JmxRegister (JmxRegister.java:tryRegister(44)) - Successfully registered JMX Bean with object name Ratis:service=RaftServer,group=group-073B3C971C5A,id=2a87fcd0-34fb-4b0f-af8f-09da225f1900
2019-10-05 06:26:58,502 [RatisPipelineUtilsThread] INFO  pipeline.PipelineStateManager (PipelineStateManager.java:addPipeline(56)) - Created pipeline Pipeline[ Id: 513dd729-4a7d-4fdc-a87a-073b3c971c5a, Nodes: 2a87fcd0-34fb-4b0f-af8f-09da225f1900{ip: 192.168.30.11, host: trunk-nightly-20191005-lqjcv-646031197, networkLocation: /default-rack, certSerialId: null}, Type:RATIS, Factor:ONE, State:OPEN]
2019-10-05 06:26:58,510 [grpc-default-executor-4] INFO  impl.RaftServerProxy (RaftServerProxy.java:addNew(89)) - b3be66eb-999a-4c9a-88a3-427cb86f6dcd: addNew group-D29016134365:[b3be66eb-999a-4c9a-88a3-427cb86f6dcd:192.168.30.11:34817] returns group-D29016134365:java.util.concurrent.CompletableFuture@3711f420[Not completed]
2019-10-05 06:26:58,511 [pool-393-thread-1] INFO  impl.RaftServerImpl (RaftServerImpl.java:<init>(95)) - b3be66eb-999a-4c9a-88a3-427cb86f6dcd: new RaftServerImpl for group-D29016134365:[b3be66eb-999a-4c9a-88a3-427cb86f6dcd:192.168.30.11:34817] with ContainerStateMachine:uninitialized
2019-10-05 06:26:58,511 [pool-393-thread-1] INFO  server.RaftServerConfigKeys (ConfUtils.java:logGet(43)) - raft.server.rpc.timeout.min = 5s (custom)
2019-10-05 06:26:58,511 [pool-393-thread-1] INFO  server.RaftServerConfigKeys (ConfUtils.java:logGet(43)) - raft.server.rpc.timeout.max = 5200ms (custom)
2019-10-05 06:26:58,511 [pool-393-thread-1] INFO  server.RaftServerConfigKeys (ConfUtils.java:logGet(43)) - raft.server.rpcslowness.timeout = 120s (custom)
2019-10-05 06:26:58,511 [pool-393-thread-1] INFO  server.RaftServerConfigKeys (ConfUtils.java:logGet(43)) - raft.server.sleep.deviation.threshold = 300 (default)
2019-10-05 06:26:58,511 [pool-393-thread-1] INFO  server.RaftServerConfigKeys (ConfUtils.java:logGet(43)) - raft.server.log.appender.install.snapshot.enabled = false (custom)
2019-10-05 06:26:58,511 [pool-393-thread-1] INFO  impl.RaftServerImpl (ServerState.java:<init>(103)) - b3be66eb-999a-4c9a-88a3-427cb86f6dcd@group-D29016134365: ConfigurationManager, init=-1: [b3be66eb-999a-4c9a-88a3-427cb86f6dcd:192.168.30.11:34817], old=null, confs=<EMPTY_MAP>
2019-10-05 06:26:58,512 [pool-393-thread-1] INFO  server.RaftServerConfigKeys (ConfUtils.java:logGet(43)) - raft.server.storage.dir = [/workdir/hadoop-ozone/integration-test/target/test-dir/MiniOzoneClusterImpl-7d9a0326-71e6-4c43-9e16-cabca91dad25/datanode-1/data/ratis] (custom)
2019-10-05 06:26:58,512 [pool-393-thread-1] INFO  server.RaftServerConfigKeys (ConfUtils.java:logGet(43)) - raft.server.log.corruption.policy = EXCEPTION (default)
2019-10-05 06:26:58,512 [pool-393-thread-1] INFO  storage.RaftStorageDirectory (RaftStorageDirectory.java:analyzeStorage(246)) - The storage directory /workdir/hadoop-ozone/integration-test/target/test-dir/MiniOzoneClusterImpl-7d9a0326-71e6-4c43-9e16-cabca91dad25/datanode-1/data/ratis/5f81d5bf-f02a-44f5-9c78-d29016134365 does not exist. Creating ...
2019-10-05 06:26:58,544 [pool-393-thread-1] INFO  storage.RaftStorageDirectory (RaftStorageDirectory.java:tryLock(328)) - Lock on /workdir/hadoop-ozone/integration-test/target/test-dir/MiniOzoneClusterImpl-7d9a0326-71e6-4c43-9e16-cabca91dad25/datanode-1/data/ratis/5f81d5bf-f02a-44f5-9c78-d29016134365/in_use.lock acquired by nodename 12161@trunk-nightly-20191005-lqjcv-646031197
2019-10-05 06:26:58,548 [IPC Server handler 7 on 34000] INFO  net.NetworkTopology (NetworkTopologyImpl.java:add(111)) - Added a new node: /default-rack/cd2e9be5-bd4a-4efa-ab44-8e9a04b19f0e
2019-10-05 06:26:58,548 [IPC Server handler 7 on 34000] INFO  node.SCMNodeManager (SCMNodeManager.java:register(268)) - Registered Data node : cd2e9be5-bd4a-4efa-ab44-8e9a04b19f0e{ip: 192.168.30.11, host: trunk-nightly-20191005-lqjcv-646031197, networkLocation: /default-rack, certSerialId: null}
2019-10-05 06:26:58,567 [pool-393-thread-1] INFO  storage.RaftStorage (RaftStorage.java:format(84)) - Storage directory /workdir/hadoop-ozone/integration-test/target/test-dir/MiniOzoneClusterImpl-7d9a0326-71e6-4c43-9e16-cabca91dad25/datanode-1/data/ratis/5f81d5bf-f02a-44f5-9c78-d29016134365 has been successfully formatted.
2019-10-05 06:26:58,567 [pool-393-thread-1] INFO  ratis.ContainerStateMachine (ContainerStateMachine.java:loadSnapshot(230)) - group-D29016134365: The snapshot info is null. Setting the last applied indexto:(t:0, i:~)
2019-10-05 06:26:58,567 [pool-393-thread-1] INFO  server.RaftServerConfigKeys (ConfUtils.java:logGet(43)) - raft.server.notification.no-leader.timeout = 120s (custom)
2019-10-05 06:26:58,567 [pool-393-thread-1] INFO  server.RaftServerConfigKeys (ConfUtils.java:logGet(43)) - raft.server.log.use.memory = false (default)
2019-10-05 06:26:58,568 [pool-393-thread-1] INFO  server.RaftServerConfigKeys (ConfUtils.java:logGet(43)) - raft.server.log.purge.gap = 1000000 (custom)
2019-10-05 06:26:58,568 [pool-393-thread-1] INFO  server.RaftServerConfigKeys (ConfUtils.java:logGet(43)) - raft.server.log.appender.buffer.byte-limit = 33554432 (custom)
2019-10-05 06:26:58,568 [pool-393-thread-1] INFO  server.RaftServerConfigKeys (ConfUtils.java:logGet(43)) - raft.server.log.segment.size.max = 1048576 (custom)
2019-10-05 06:26:58,570 [pool-393-thread-1] INFO  server.RaftServerConfigKeys (ConfUtils.java:logGet(43)) - raft.server.log.segment.cache.num.max = 2 (custom)
2019-10-05 06:26:58,570 [pool-393-thread-1] INFO  segmented.SegmentedRaftLogWorker (SegmentedRaftLogWorker.java:<init>(173)) - new b3be66eb-999a-4c9a-88a3-427cb86f6dcd@group-D29016134365-SegmentedRaftLogWorker for RaftStorage:Storage Directory /workdir/hadoop-ozone/integration-test/target/test-dir/MiniOzoneClusterImpl-7d9a0326-71e6-4c43-9e16-cabca91dad25/datanode-1/data/ratis/5f81d5bf-f02a-44f5-9c78-d29016134365
2019-10-05 06:26:58,570 [pool-393-thread-1] INFO  server.RaftServerConfigKeys (ConfUtils.java:logGet(43)) - raft.server.log.queue.byte-limit = 2147483647 (custom)
2019-10-05 06:26:58,570 [pool-393-thread-1] INFO  server.RaftServerConfigKeys (ConfUtils.java:logGet(43)) - raft.server.log.queue.element-limit = 1024 (custom)
2019-10-05 06:26:58,570 [pool-393-thread-1] INFO  server.RaftServerConfigKeys (ConfUtils.java:logGet(43)) - raft.server.log.segment.size.max = 1048576 (custom)
2019-10-05 06:26:58,570 [pool-393-thread-1] INFO  server.RaftServerConfigKeys (ConfUtils.java:logGet(43)) - raft.server.log.preallocated.size = 16384 (custom)
2019-10-05 06:26:58,570 [pool-393-thread-1] INFO  server.RaftServerConfigKeys (ConfUtils.java:logGet(43)) - raft.server.log.write.buffer.size = 33554432 (custom)
2019-10-05 06:26:58,570 [pool-393-thread-1] INFO  server.RaftServerConfigKeys (ConfUtils.java:logGet(43)) - raft.server.log.force.sync.num = 128 (default)
2019-10-05 06:26:58,571 [pool-393-thread-1] INFO  server.RaftServerConfigKeys (ConfUtils.java:logGet(43)) - raft.server.log.statemachine.data.sync = true (default)
2019-10-05 06:26:58,571 [pool-393-thread-1] INFO  server.RaftServerConfigKeys (ConfUtils.java:logGet(43)) - raft.server.log.statemachine.data.sync.timeout = 10s (default)
2019-10-05 06:26:58,571 [pool-393-thread-1] INFO  server.RaftServerConfigKeys (ConfUtils.java:logGet(43)) - raft.server.log.statemachine.data.sync.timeout.retry = -1 (default)
2019-10-05 06:26:58,571 [pool-393-thread-1] INFO  server.RaftServerConfigKeys (ConfUtils.java:logGet(43)) - raft.server.log.statemachine.data.caching.enabled = true (custom)
2019-10-05 06:26:58,571 [pool-393-thread-1] INFO  segmented.SegmentedRaftLogWorker (SegmentedRaftLogWorker.java:lambda$new$0(128)) - b3be66eb-999a-4c9a-88a3-427cb86f6dcd@group-D29016134365-SegmentedRaftLogWorker: flushIndex: setUnconditionally 0 -> -1
2019-10-05 06:26:58,572 [pool-393-thread-1] INFO  server.RaftServerConfigKeys (ConfUtils.java:logGet(43)) - raft.server.snapshot.auto.trigger.enabled = true (custom)
2019-10-05 06:26:58,572 [pool-393-thread-1] INFO  server.RaftServerConfigKeys (ConfUtils.java:logGet(43)) - raft.server.snapshot.auto.trigger.threshold = 10000 (custom)
2019-10-05 06:26:58,572 [pool-393-thread-1] INFO  server.RaftServerConfigKeys (ConfUtils.java:logGet(43)) - raft.server.snapshot.retention.file.num = 5 (custom)
2019-10-05 06:26:58,572 [pool-393-thread-1] INFO  server.RaftServerConfigKeys (ConfUtils.java:logGet(43)) - raft.server.retrycache.expirytime = 600000ms (custom)
2019-10-05 06:26:58,574 [pool-393-thread-1] INFO  impl.RaftServerImpl (RaftServerImpl.java:start(181)) - b3be66eb-999a-4c9a-88a3-427cb86f6dcd@group-D29016134365: start as a follower, conf=-1: [b3be66eb-999a-4c9a-88a3-427cb86f6dcd:192.168.30.11:34817], old=null
2019-10-05 06:26:58,574 [pool-393-thread-1] INFO  impl.RaftServerImpl (RaftServerImpl.java:setRole(170)) - b3be66eb-999a-4c9a-88a3-427cb86f6dcd@group-D29016134365: changes role from      null to FOLLOWER at term 0 for startAsFollower
2019-10-05 06:26:58,574 [pool-393-thread-1] INFO  impl.RoleInfo (RoleInfo.java:updateAndGet(143)) - b3be66eb-999a-4c9a-88a3-427cb86f6dcd: start FollowerState
2019-10-05 06:26:58,574 [pool-393-thread-1] INFO  util.JmxRegister (JmxRegister.java:tryRegister(44)) - Successfully registered JMX Bean with object name Ratis:service=RaftServer,group=group-D29016134365,id=b3be66eb-999a-4c9a-88a3-427cb86f6dcd
2019-10-05 06:26:58,578 [RatisPipelineUtilsThread] INFO  pipeline.PipelineStateManager (PipelineStateManager.java:addPipeline(56)) - Created pipeline Pipeline[ Id: 5f81d5bf-f02a-44f5-9c78-d29016134365, Nodes: b3be66eb-999a-4c9a-88a3-427cb86f6dcd{ip: 192.168.30.11, host: trunk-nightly-20191005-lqjcv-646031197, networkLocation: /default-rack, certSerialId: null}, Type:RATIS, Factor:ONE, State:OPEN]
2019-10-05 06:26:58,585 [grpc-default-executor-4] INFO  impl.RaftServerProxy (RaftServerProxy.java:addNew(89)) - cd2e9be5-bd4a-4efa-ab44-8e9a04b19f0e: addNew group-660B1DDF7498:[cd2e9be5-bd4a-4efa-ab44-8e9a04b19f0e:192.168.30.11:46386] returns group-660B1DDF7498:java.util.concurrent.CompletableFuture@787acc5f[Not completed]
2019-10-05 06:26:58,586 [pool-403-thread-1] INFO  impl.RaftServerImpl (RaftServerImpl.java:<init>(95)) - cd2e9be5-bd4a-4efa-ab44-8e9a04b19f0e: new RaftServerImpl for group-660B1DDF7498:[cd2e9be5-bd4a-4efa-ab44-8e9a04b19f0e:192.168.30.11:46386] with ContainerStateMachine:uninitialized
2019-10-05 06:26:58,586 [pool-403-thread-1] INFO  server.RaftServerConfigKeys (ConfUtils.java:logGet(43)) - raft.server.rpc.timeout.min = 5s (custom)
2019-10-05 06:26:58,586 [pool-403-thread-1] INFO  server.RaftServerConfigKeys (ConfUtils.java:logGet(43)) - raft.server.rpc.timeout.max = 5200ms (custom)
2019-10-05 06:26:58,586 [pool-403-thread-1] INFO  server.RaftServerConfigKeys (ConfUtils.java:logGet(43)) - raft.server.rpcslowness.timeout = 120s (custom)
2019-10-05 06:26:58,586 [pool-403-thread-1] INFO  server.RaftServerConfigKeys (ConfUtils.java:logGet(43)) - raft.server.sleep.deviation.threshold = 300 (default)
2019-10-05 06:26:58,586 [pool-403-thread-1] INFO  server.RaftServerConfigKeys (ConfUtils.java:logGet(43)) - raft.server.log.appender.install.snapshot.enabled = false (custom)
2019-10-05 06:26:58,586 [pool-403-thread-1] INFO  impl.RaftServerImpl (ServerState.java:<init>(103)) - cd2e9be5-bd4a-4efa-ab44-8e9a04b19f0e@group-660B1DDF7498: ConfigurationManager, init=-1: [cd2e9be5-bd4a-4efa-ab44-8e9a04b19f0e:192.168.30.11:46386], old=null, confs=<EMPTY_MAP>
2019-10-05 06:26:58,587 [pool-403-thread-1] INFO  server.RaftServerConfigKeys (ConfUtils.java:logGet(43)) - raft.server.storage.dir = [/workdir/hadoop-ozone/integration-test/target/test-dir/MiniOzoneClusterImpl-7d9a0326-71e6-4c43-9e16-cabca91dad25/datanode-2/data/ratis] (custom)
2019-10-05 06:26:58,587 [pool-403-thread-1] INFO  server.RaftServerConfigKeys (ConfUtils.java:logGet(43)) - raft.server.log.corruption.policy = EXCEPTION (default)
2019-10-05 06:26:58,587 [pool-403-thread-1] INFO  storage.RaftStorageDirectory (RaftStorageDirectory.java:analyzeStorage(246)) - The storage directory /workdir/hadoop-ozone/integration-test/target/test-dir/MiniOzoneClusterImpl-7d9a0326-71e6-4c43-9e16-cabca91dad25/datanode-2/data/ratis/22a9b472-3726-47bc-af7f-660b1ddf7498 does not exist. Creating ...
2019-10-05 06:26:58,609 [pool-403-thread-1] INFO  storage.RaftStorageDirectory (RaftStorageDirectory.java:tryLock(328)) - Lock on /workdir/hadoop-ozone/integration-test/target/test-dir/MiniOzoneClusterImpl-7d9a0326-71e6-4c43-9e16-cabca91dad25/datanode-2/data/ratis/22a9b472-3726-47bc-af7f-660b1ddf7498/in_use.lock acquired by nodename 12161@trunk-nightly-20191005-lqjcv-646031197
2019-10-05 06:26:58,614 [IPC Server handler 0 on 34000] INFO  net.NetworkTopology (NetworkTopologyImpl.java:add(111)) - Added a new node: /default-rack/271fe555-dac9-4311-97a6-9ff4e566822e
2019-10-05 06:26:58,614 [IPC Server handler 0 on 34000] INFO  node.SCMNodeManager (SCMNodeManager.java:register(268)) - Registered Data node : 271fe555-dac9-4311-97a6-9ff4e566822e{ip: 192.168.30.11, host: trunk-nightly-20191005-lqjcv-646031197, networkLocation: /default-rack, certSerialId: null}
2019-10-05 06:26:58,632 [pool-403-thread-1] INFO  storage.RaftStorage (RaftStorage.java:format(84)) - Storage directory /workdir/hadoop-ozone/integration-test/target/test-dir/MiniOzoneClusterImpl-7d9a0326-71e6-4c43-9e16-cabca91dad25/datanode-2/data/ratis/22a9b472-3726-47bc-af7f-660b1ddf7498 has been successfully formatted.
2019-10-05 06:26:58,632 [pool-403-thread-1] INFO  ratis.ContainerStateMachine (ContainerStateMachine.java:loadSnapshot(230)) - group-660B1DDF7498: The snapshot info is null. Setting the last applied indexto:(t:0, i:~)
2019-10-05 06:26:58,633 [pool-403-thread-1] INFO  server.RaftServerConfigKeys (ConfUtils.java:logGet(43)) - raft.server.notification.no-leader.timeout = 120s (custom)
2019-10-05 06:26:58,633 [pool-403-thread-1] INFO  server.RaftServerConfigKeys (ConfUtils.java:logGet(43)) - raft.server.log.use.memory = false (default)
2019-10-05 06:26:58,633 [pool-403-thread-1] INFO  server.RaftServerConfigKeys (ConfUtils.java:logGet(43)) - raft.server.log.purge.gap = 1000000 (custom)
2019-10-05 06:26:58,633 [pool-403-thread-1] INFO  server.RaftServerConfigKeys (ConfUtils.java:logGet(43)) - raft.server.log.appender.buffer.byte-limit = 33554432 (custom)
2019-10-05 06:26:58,633 [pool-403-thread-1] INFO  server.RaftServerConfigKeys (ConfUtils.java:logGet(43)) - raft.server.log.segment.size.max = 1048576 (custom)
2019-10-05 06:26:58,634 [pool-403-thread-1] INFO  server.RaftServerConfigKeys (ConfUtils.java:logGet(43)) - raft.server.log.segment.cache.num.max = 2 (custom)
2019-10-05 06:26:58,634 [pool-403-thread-1] INFO  segmented.SegmentedRaftLogWorker (SegmentedRaftLogWorker.java:<init>(173)) - new cd2e9be5-bd4a-4efa-ab44-8e9a04b19f0e@group-660B1DDF7498-SegmentedRaftLogWorker for RaftStorage:Storage Directory /workdir/hadoop-ozone/integration-test/target/test-dir/MiniOzoneClusterImpl-7d9a0326-71e6-4c43-9e16-cabca91dad25/datanode-2/data/ratis/22a9b472-3726-47bc-af7f-660b1ddf7498
2019-10-05 06:26:58,634 [pool-403-thread-1] INFO  server.RaftServerConfigKeys (ConfUtils.java:logGet(43)) - raft.server.log.queue.byte-limit = 2147483647 (custom)
2019-10-05 06:26:58,635 [pool-403-thread-1] INFO  server.RaftServerConfigKeys (ConfUtils.java:logGet(43)) - raft.server.log.queue.element-limit = 1024 (custom)
2019-10-05 06:26:58,635 [pool-403-thread-1] INFO  server.RaftServerConfigKeys (ConfUtils.java:logGet(43)) - raft.server.log.segment.size.max = 1048576 (custom)
2019-10-05 06:26:58,635 [pool-403-thread-1] INFO  server.RaftServerConfigKeys (ConfUtils.java:logGet(43)) - raft.server.log.preallocated.size = 16384 (custom)
2019-10-05 06:26:58,635 [pool-403-thread-1] INFO  server.RaftServerConfigKeys (ConfUtils.java:logGet(43)) - raft.server.log.write.buffer.size = 33554432 (custom)
2019-10-05 06:26:58,635 [pool-403-thread-1] INFO  server.RaftServerConfigKeys (ConfUtils.java:logGet(43)) - raft.server.log.force.sync.num = 128 (default)
2019-10-05 06:26:58,635 [pool-403-thread-1] INFO  server.RaftServerConfigKeys (ConfUtils.java:logGet(43)) - raft.server.log.statemachine.data.sync = true (default)
2019-10-05 06:26:58,635 [pool-403-thread-1] INFO  server.RaftServerConfigKeys (ConfUtils.java:logGet(43)) - raft.server.log.statemachine.data.sync.timeout = 10s (default)
2019-10-05 06:26:58,635 [pool-403-thread-1] INFO  server.RaftServerConfigKeys (ConfUtils.java:logGet(43)) - raft.server.log.statemachine.data.sync.timeout.retry = -1 (default)
2019-10-05 06:26:58,635 [pool-403-thread-1] INFO  server.RaftServerConfigKeys (ConfUtils.java:logGet(43)) - raft.server.log.statemachine.data.caching.enabled = true (custom)
2019-10-05 06:26:58,636 [pool-403-thread-1] INFO  segmented.SegmentedRaftLogWorker (SegmentedRaftLogWorker.java:lambda$new$0(128)) - cd2e9be5-bd4a-4efa-ab44-8e9a04b19f0e@group-660B1DDF7498-SegmentedRaftLogWorker: flushIndex: setUnconditionally 0 -> -1
2019-10-05 06:26:58,636 [pool-403-thread-1] INFO  server.RaftServerConfigKeys (ConfUtils.java:logGet(43)) - raft.server.snapshot.auto.trigger.enabled = true (custom)
2019-10-05 06:26:58,636 [pool-403-thread-1] INFO  server.RaftServerConfigKeys (ConfUtils.java:logGet(43)) - raft.server.snapshot.auto.trigger.threshold = 10000 (custom)
2019-10-05 06:26:58,636 [pool-403-thread-1] INFO  server.RaftServerConfigKeys (ConfUtils.java:logGet(43)) - raft.server.snapshot.retention.file.num = 5 (custom)
2019-10-05 06:26:58,636 [pool-403-thread-1] INFO  server.RaftServerConfigKeys (ConfUtils.java:logGet(43)) - raft.server.retrycache.expirytime = 600000ms (custom)
2019-10-05 06:26:58,638 [pool-403-thread-1] INFO  impl.RaftServerImpl (RaftServerImpl.java:start(181)) - cd2e9be5-bd4a-4efa-ab44-8e9a04b19f0e@group-660B1DDF7498: start as a follower, conf=-1: [cd2e9be5-bd4a-4efa-ab44-8e9a04b19f0e:192.168.30.11:46386], old=null
2019-10-05 06:26:58,638 [pool-403-thread-1] INFO  impl.RaftServerImpl (RaftServerImpl.java:setRole(170)) - cd2e9be5-bd4a-4efa-ab44-8e9a04b19f0e@group-660B1DDF7498: changes role from      null to FOLLOWER at term 0 for startAsFollower
2019-10-05 06:26:58,638 [pool-403-thread-1] INFO  impl.RoleInfo (RoleInfo.java:updateAndGet(143)) - cd2e9be5-bd4a-4efa-ab44-8e9a04b19f0e: start FollowerState
2019-10-05 06:26:58,639 [pool-403-thread-1] INFO  util.JmxRegister (JmxRegister.java:tryRegister(44)) - Successfully registered JMX Bean with object name Ratis:service=RaftServer,group=group-660B1DDF7498,id=cd2e9be5-bd4a-4efa-ab44-8e9a04b19f0e
2019-10-05 06:26:58,643 [RatisPipelineUtilsThread] INFO  pipeline.PipelineStateManager (PipelineStateManager.java:addPipeline(56)) - Created pipeline Pipeline[ Id: 22a9b472-3726-47bc-af7f-660b1ddf7498, Nodes: cd2e9be5-bd4a-4efa-ab44-8e9a04b19f0e{ip: 192.168.30.11, host: trunk-nightly-20191005-lqjcv-646031197, networkLocation: /default-rack, certSerialId: null}, Type:RATIS, Factor:ONE, State:OPEN]
2019-10-05 06:26:58,650 [grpc-default-executor-4] INFO  impl.RaftServerProxy (RaftServerProxy.java:addNew(89)) - 271fe555-dac9-4311-97a6-9ff4e566822e: addNew group-11C5667A1E21:[271fe555-dac9-4311-97a6-9ff4e566822e:192.168.30.11:38180] returns group-11C5667A1E21:java.util.concurrent.CompletableFuture@5942c084[Not completed]
2019-10-05 06:26:58,651 [pool-413-thread-1] INFO  impl.RaftServerImpl (RaftServerImpl.java:<init>(95)) - 271fe555-dac9-4311-97a6-9ff4e566822e: new RaftServerImpl for group-11C5667A1E21:[271fe555-dac9-4311-97a6-9ff4e566822e:192.168.30.11:38180] with ContainerStateMachine:uninitialized
2019-10-05 06:26:58,652 [pool-413-thread-1] INFO  server.RaftServerConfigKeys (ConfUtils.java:logGet(43)) - raft.server.rpc.timeout.min = 5s (custom)
2019-10-05 06:26:58,652 [pool-413-thread-1] INFO  server.RaftServerConfigKeys (ConfUtils.java:logGet(43)) - raft.server.rpc.timeout.max = 5200ms (custom)
2019-10-05 06:26:58,652 [pool-413-thread-1] INFO  server.RaftServerConfigKeys (ConfUtils.java:logGet(43)) - raft.server.rpcslowness.timeout = 120s (custom)
2019-10-05 06:26:58,652 [pool-413-thread-1] INFO  server.RaftServerConfigKeys (ConfUtils.java:logGet(43)) - raft.server.sleep.deviation.threshold = 300 (default)
2019-10-05 06:26:58,652 [pool-413-thread-1] INFO  server.RaftServerConfigKeys (ConfUtils.java:logGet(43)) - raft.server.log.appender.install.snapshot.enabled = false (custom)
2019-10-05 06:26:58,652 [pool-413-thread-1] INFO  impl.RaftServerImpl (ServerState.java:<init>(103)) - 271fe555-dac9-4311-97a6-9ff4e566822e@group-11C5667A1E21: ConfigurationManager, init=-1: [271fe555-dac9-4311-97a6-9ff4e566822e:192.168.30.11:38180], old=null, confs=<EMPTY_MAP>
2019-10-05 06:26:58,652 [pool-413-thread-1] INFO  server.RaftServerConfigKeys (ConfUtils.java:logGet(43)) - raft.server.storage.dir = [/workdir/hadoop-ozone/integration-test/target/test-dir/MiniOzoneClusterImpl-7d9a0326-71e6-4c43-9e16-cabca91dad25/datanode-3/data/ratis] (custom)
2019-10-05 06:26:58,652 [pool-413-thread-1] INFO  server.RaftServerConfigKeys (ConfUtils.java:logGet(43)) - raft.server.log.corruption.policy = EXCEPTION (default)
2019-10-05 06:26:58,653 [pool-413-thread-1] INFO  storage.RaftStorageDirectory (RaftStorageDirectory.java:analyzeStorage(246)) - The storage directory /workdir/hadoop-ozone/integration-test/target/test-dir/MiniOzoneClusterImpl-7d9a0326-71e6-4c43-9e16-cabca91dad25/datanode-3/data/ratis/a358f2d7-de7c-4724-b917-11c5667a1e21 does not exist. Creating ...
2019-10-05 06:26:58,675 [pool-413-thread-1] INFO  storage.RaftStorageDirectory (RaftStorageDirectory.java:tryLock(328)) - Lock on /workdir/hadoop-ozone/integration-test/target/test-dir/MiniOzoneClusterImpl-7d9a0326-71e6-4c43-9e16-cabca91dad25/datanode-3/data/ratis/a358f2d7-de7c-4724-b917-11c5667a1e21/in_use.lock acquired by nodename 12161@trunk-nightly-20191005-lqjcv-646031197
2019-10-05 06:26:58,680 [IPC Server handler 1 on 34000] INFO  net.NetworkTopology (NetworkTopologyImpl.java:add(111)) - Added a new node: /default-rack/977e4168-6b16-4317-a8f1-dad5ec07a45c
2019-10-05 06:26:58,680 [IPC Server handler 1 on 34000] INFO  node.SCMNodeManager (SCMNodeManager.java:register(268)) - Registered Data node : 977e4168-6b16-4317-a8f1-dad5ec07a45c{ip: 192.168.30.11, host: trunk-nightly-20191005-lqjcv-646031197, networkLocation: /default-rack, certSerialId: null}
2019-10-05 06:26:58,700 [pool-413-thread-1] INFO  storage.RaftStorage (RaftStorage.java:format(84)) - Storage directory /workdir/hadoop-ozone/integration-test/target/test-dir/MiniOzoneClusterImpl-7d9a0326-71e6-4c43-9e16-cabca91dad25/datanode-3/data/ratis/a358f2d7-de7c-4724-b917-11c5667a1e21 has been successfully formatted.
2019-10-05 06:26:58,700 [pool-413-thread-1] INFO  ratis.ContainerStateMachine (ContainerStateMachine.java:loadSnapshot(230)) - group-11C5667A1E21: The snapshot info is null. Setting the last applied indexto:(t:0, i:~)
2019-10-05 06:26:58,700 [pool-413-thread-1] INFO  server.RaftServerConfigKeys (ConfUtils.java:logGet(43)) - raft.server.notification.no-leader.timeout = 120s (custom)
2019-10-05 06:26:58,700 [pool-413-thread-1] INFO  server.RaftServerConfigKeys (ConfUtils.java:logGet(43)) - raft.server.log.use.memory = false (default)
2019-10-05 06:26:58,700 [pool-413-thread-1] INFO  server.RaftServerConfigKeys (ConfUtils.java:logGet(43)) - raft.server.log.purge.gap = 1000000 (custom)
2019-10-05 06:26:58,700 [pool-413-thread-1] INFO  server.RaftServerConfigKeys (ConfUtils.java:logGet(43)) - raft.server.log.appender.buffer.byte-limit = 33554432 (custom)
2019-10-05 06:26:58,701 [pool-413-thread-1] INFO  server.RaftServerConfigKeys (ConfUtils.java:logGet(43)) - raft.server.log.segment.size.max = 1048576 (custom)
2019-10-05 06:26:58,702 [pool-413-thread-1] INFO  server.RaftServerConfigKeys (ConfUtils.java:logGet(43)) - raft.server.log.segment.cache.num.max = 2 (custom)
2019-10-05 06:26:58,702 [pool-413-thread-1] INFO  segmented.SegmentedRaftLogWorker (SegmentedRaftLogWorker.java:<init>(173)) - new 271fe555-dac9-4311-97a6-9ff4e566822e@group-11C5667A1E21-SegmentedRaftLogWorker for RaftStorage:Storage Directory /workdir/hadoop-ozone/integration-test/target/test-dir/MiniOzoneClusterImpl-7d9a0326-71e6-4c43-9e16-cabca91dad25/datanode-3/data/ratis/a358f2d7-de7c-4724-b917-11c5667a1e21
2019-10-05 06:26:58,702 [pool-413-thread-1] INFO  server.RaftServerConfigKeys (ConfUtils.java:logGet(43)) - raft.server.log.queue.byte-limit = 2147483647 (custom)
2019-10-05 06:26:58,702 [pool-413-thread-1] INFO  server.RaftServerConfigKeys (ConfUtils.java:logGet(43)) - raft.server.log.queue.element-limit = 1024 (custom)
2019-10-05 06:26:58,702 [pool-413-thread-1] INFO  server.RaftServerConfigKeys (ConfUtils.java:logGet(43)) - raft.server.log.segment.size.max = 1048576 (custom)
2019-10-05 06:26:58,702 [pool-413-thread-1] INFO  server.RaftServerConfigKeys (ConfUtils.java:logGet(43)) - raft.server.log.preallocated.size = 16384 (custom)
2019-10-05 06:26:58,702 [pool-413-thread-1] INFO  server.RaftServerConfigKeys (ConfUtils.java:logGet(43)) - raft.server.log.write.buffer.size = 33554432 (custom)
2019-10-05 06:26:58,702 [pool-413-thread-1] INFO  server.RaftServerConfigKeys (ConfUtils.java:logGet(43)) - raft.server.log.force.sync.num = 128 (default)
2019-10-05 06:26:58,702 [pool-413-thread-1] INFO  server.RaftServerConfigKeys (ConfUtils.java:logGet(43)) - raft.server.log.statemachine.data.sync = true (default)
2019-10-05 06:26:58,702 [pool-413-thread-1] INFO  server.RaftServerConfigKeys (ConfUtils.java:logGet(43)) - raft.server.log.statemachine.data.sync.timeout = 10s (default)
2019-10-05 06:26:58,702 [pool-413-thread-1] INFO  server.RaftServerConfigKeys (ConfUtils.java:logGet(43)) - raft.server.log.statemachine.data.sync.timeout.retry = -1 (default)
2019-10-05 06:26:58,703 [pool-413-thread-1] INFO  server.RaftServerConfigKeys (ConfUtils.java:logGet(43)) - raft.server.log.statemachine.data.caching.enabled = true (custom)
2019-10-05 06:26:58,703 [pool-413-thread-1] INFO  segmented.SegmentedRaftLogWorker (SegmentedRaftLogWorker.java:lambda$new$0(128)) - 271fe555-dac9-4311-97a6-9ff4e566822e@group-11C5667A1E21-SegmentedRaftLogWorker: flushIndex: setUnconditionally 0 -> -1
2019-10-05 06:26:58,703 [pool-413-thread-1] INFO  server.RaftServerConfigKeys (ConfUtils.java:logGet(43)) - raft.server.snapshot.auto.trigger.enabled = true (custom)
2019-10-05 06:26:58,703 [pool-413-thread-1] INFO  server.RaftServerConfigKeys (ConfUtils.java:logGet(43)) - raft.server.snapshot.auto.trigger.threshold = 10000 (custom)
2019-10-05 06:26:58,703 [pool-413-thread-1] INFO  server.RaftServerConfigKeys (ConfUtils.java:logGet(43)) - raft.server.snapshot.retention.file.num = 5 (custom)
2019-10-05 06:26:58,703 [pool-413-thread-1] INFO  server.RaftServerConfigKeys (ConfUtils.java:logGet(43)) - raft.server.retrycache.expirytime = 600000ms (custom)
2019-10-05 06:26:58,704 [pool-413-thread-1] INFO  impl.RaftServerImpl (RaftServerImpl.java:start(181)) - 271fe555-dac9-4311-97a6-9ff4e566822e@group-11C5667A1E21: start as a follower, conf=-1: [271fe555-dac9-4311-97a6-9ff4e566822e:192.168.30.11:38180], old=null
2019-10-05 06:26:58,704 [pool-413-thread-1] INFO  impl.RaftServerImpl (RaftServerImpl.java:setRole(170)) - 271fe555-dac9-4311-97a6-9ff4e566822e@group-11C5667A1E21: changes role from      null to FOLLOWER at term 0 for startAsFollower
2019-10-05 06:26:58,704 [pool-413-thread-1] INFO  impl.RoleInfo (RoleInfo.java:updateAndGet(143)) - 271fe555-dac9-4311-97a6-9ff4e566822e: start FollowerState
2019-10-05 06:26:58,705 [pool-413-thread-1] INFO  util.JmxRegister (JmxRegister.java:tryRegister(44)) - Successfully registered JMX Bean with object name Ratis:service=RaftServer,group=group-11C5667A1E21,id=271fe555-dac9-4311-97a6-9ff4e566822e
2019-10-05 06:26:58,708 [RatisPipelineUtilsThread] INFO  pipeline.PipelineStateManager (PipelineStateManager.java:addPipeline(56)) - Created pipeline Pipeline[ Id: a358f2d7-de7c-4724-b917-11c5667a1e21, Nodes: 271fe555-dac9-4311-97a6-9ff4e566822e{ip: 192.168.30.11, host: trunk-nightly-20191005-lqjcv-646031197, networkLocation: /default-rack, certSerialId: null}, Type:RATIS, Factor:ONE, State:OPEN]
2019-10-05 06:26:58,715 [grpc-default-executor-4] INFO  impl.RaftServerProxy (RaftServerProxy.java:addNew(89)) - 977e4168-6b16-4317-a8f1-dad5ec07a45c: addNew group-6E9906EB0343:[977e4168-6b16-4317-a8f1-dad5ec07a45c:192.168.30.11:40730] returns group-6E9906EB0343:java.util.concurrent.CompletableFuture@4eb987fd[Not completed]
2019-10-05 06:26:58,716 [pool-423-thread-1] INFO  impl.RaftServerImpl (RaftServerImpl.java:<init>(95)) - 977e4168-6b16-4317-a8f1-dad5ec07a45c: new RaftServerImpl for group-6E9906EB0343:[977e4168-6b16-4317-a8f1-dad5ec07a45c:192.168.30.11:40730] with ContainerStateMachine:uninitialized
2019-10-05 06:26:58,717 [pool-423-thread-1] INFO  server.RaftServerConfigKeys (ConfUtils.java:logGet(43)) - raft.server.rpc.timeout.min = 5s (custom)
2019-10-05 06:26:58,717 [pool-423-thread-1] INFO  server.RaftServerConfigKeys (ConfUtils.java:logGet(43)) - raft.server.rpc.timeout.max = 5200ms (custom)
2019-10-05 06:26:58,717 [pool-423-thread-1] INFO  server.RaftServerConfigKeys (ConfUtils.java:logGet(43)) - raft.server.rpcslowness.timeout = 120s (custom)
2019-10-05 06:26:58,717 [pool-423-thread-1] INFO  server.RaftServerConfigKeys (ConfUtils.java:logGet(43)) - raft.server.sleep.deviation.threshold = 300 (default)
2019-10-05 06:26:58,717 [pool-423-thread-1] INFO  server.RaftServerConfigKeys (ConfUtils.java:logGet(43)) - raft.server.log.appender.install.snapshot.enabled = false (custom)
2019-10-05 06:26:58,717 [pool-423-thread-1] INFO  impl.RaftServerImpl (ServerState.java:<init>(103)) - 977e4168-6b16-4317-a8f1-dad5ec07a45c@group-6E9906EB0343: ConfigurationManager, init=-1: [977e4168-6b16-4317-a8f1-dad5ec07a45c:192.168.30.11:40730], old=null, confs=<EMPTY_MAP>
2019-10-05 06:26:58,717 [pool-423-thread-1] INFO  server.RaftServerConfigKeys (ConfUtils.java:logGet(43)) - raft.server.storage.dir = [/workdir/hadoop-ozone/integration-test/target/test-dir/MiniOzoneClusterImpl-7d9a0326-71e6-4c43-9e16-cabca91dad25/datanode-4/data/ratis] (custom)
2019-10-05 06:26:58,717 [pool-423-thread-1] INFO  server.RaftServerConfigKeys (ConfUtils.java:logGet(43)) - raft.server.log.corruption.policy = EXCEPTION (default)
2019-10-05 06:26:58,718 [pool-423-thread-1] INFO  storage.RaftStorageDirectory (RaftStorageDirectory.java:analyzeStorage(246)) - The storage directory /workdir/hadoop-ozone/integration-test/target/test-dir/MiniOzoneClusterImpl-7d9a0326-71e6-4c43-9e16-cabca91dad25/datanode-4/data/ratis/8f1a2d89-0c94-4fae-8c9b-6e9906eb0343 does not exist. Creating ...
2019-10-05 06:26:58,741 [pool-423-thread-1] INFO  storage.RaftStorageDirectory (RaftStorageDirectory.java:tryLock(328)) - Lock on /workdir/hadoop-ozone/integration-test/target/test-dir/MiniOzoneClusterImpl-7d9a0326-71e6-4c43-9e16-cabca91dad25/datanode-4/data/ratis/8f1a2d89-0c94-4fae-8c9b-6e9906eb0343/in_use.lock acquired by nodename 12161@trunk-nightly-20191005-lqjcv-646031197
2019-10-05 06:26:58,744 [IPC Server handler 2 on 34000] INFO  net.NetworkTopology (NetworkTopologyImpl.java:add(111)) - Added a new node: /default-rack/5c2d6867-8aa7-405e-a2ac-e92dcdce5820
2019-10-05 06:26:58,745 [IPC Server handler 2 on 34000] INFO  node.SCMNodeManager (SCMNodeManager.java:register(268)) - Registered Data node : 5c2d6867-8aa7-405e-a2ac-e92dcdce5820{ip: 192.168.30.11, host: trunk-nightly-20191005-lqjcv-646031197, networkLocation: /default-rack, certSerialId: null}
2019-10-05 06:26:58,781 [pool-423-thread-1] INFO  storage.RaftStorage (RaftStorage.java:format(84)) - Storage directory /workdir/hadoop-ozone/integration-test/target/test-dir/MiniOzoneClusterImpl-7d9a0326-71e6-4c43-9e16-cabca91dad25/datanode-4/data/ratis/8f1a2d89-0c94-4fae-8c9b-6e9906eb0343 has been successfully formatted.
2019-10-05 06:26:58,781 [pool-423-thread-1] INFO  ratis.ContainerStateMachine (ContainerStateMachine.java:loadSnapshot(230)) - group-6E9906EB0343: The snapshot info is null. Setting the last applied indexto:(t:0, i:~)
2019-10-05 06:26:58,781 [pool-423-thread-1] INFO  server.RaftServerConfigKeys (ConfUtils.java:logGet(43)) - raft.server.notification.no-leader.timeout = 120s (custom)
2019-10-05 06:26:58,781 [pool-423-thread-1] INFO  server.RaftServerConfigKeys (ConfUtils.java:logGet(43)) - raft.server.log.use.memory = false (default)
2019-10-05 06:26:58,782 [pool-423-thread-1] INFO  server.RaftServerConfigKeys (ConfUtils.java:logGet(43)) - raft.server.log.purge.gap = 1000000 (custom)
2019-10-05 06:26:58,782 [pool-423-thread-1] INFO  server.RaftServerConfigKeys (ConfUtils.java:logGet(43)) - raft.server.log.appender.buffer.byte-limit = 33554432 (custom)
2019-10-05 06:26:58,782 [pool-423-thread-1] INFO  server.RaftServerConfigKeys (ConfUtils.java:logGet(43)) - raft.server.log.segment.size.max = 1048576 (custom)
2019-10-05 06:26:58,783 [pool-423-thread-1] INFO  server.RaftServerConfigKeys (ConfUtils.java:logGet(43)) - raft.server.log.segment.cache.num.max = 2 (custom)
2019-10-05 06:26:58,783 [pool-423-thread-1] INFO  segmented.SegmentedRaftLogWorker (SegmentedRaftLogWorker.java:<init>(173)) - new 977e4168-6b16-4317-a8f1-dad5ec07a45c@group-6E9906EB0343-SegmentedRaftLogWorker for RaftStorage:Storage Directory /workdir/hadoop-ozone/integration-test/target/test-dir/MiniOzoneClusterImpl-7d9a0326-71e6-4c43-9e16-cabca91dad25/datanode-4/data/ratis/8f1a2d89-0c94-4fae-8c9b-6e9906eb0343
2019-10-05 06:26:58,784 [pool-423-thread-1] INFO  server.RaftServerConfigKeys (ConfUtils.java:logGet(43)) - raft.server.log.queue.byte-limit = 2147483647 (custom)
2019-10-05 06:26:58,784 [pool-423-thread-1] INFO  server.RaftServerConfigKeys (ConfUtils.java:logGet(43)) - raft.server.log.queue.element-limit = 1024 (custom)
2019-10-05 06:26:58,784 [pool-423-thread-1] INFO  server.RaftServerConfigKeys (ConfUtils.java:logGet(43)) - raft.server.log.segment.size.max = 1048576 (custom)
2019-10-05 06:26:58,784 [pool-423-thread-1] INFO  server.RaftServerConfigKeys (ConfUtils.java:logGet(43)) - raft.server.log.preallocated.size = 16384 (custom)
2019-10-05 06:26:58,784 [pool-423-thread-1] INFO  server.RaftServerConfigKeys (ConfUtils.java:logGet(43)) - raft.server.log.write.buffer.size = 33554432 (custom)
2019-10-05 06:26:58,784 [pool-423-thread-1] INFO  server.RaftServerConfigKeys (ConfUtils.java:logGet(43)) - raft.server.log.force.sync.num = 128 (default)
2019-10-05 06:26:58,784 [pool-423-thread-1] INFO  server.RaftServerConfigKeys (ConfUtils.java:logGet(43)) - raft.server.log.statemachine.data.sync = true (default)
2019-10-05 06:26:58,784 [pool-423-thread-1] INFO  server.RaftServerConfigKeys (ConfUtils.java:logGet(43)) - raft.server.log.statemachine.data.sync.timeout = 10s (default)
2019-10-05 06:26:58,784 [pool-423-thread-1] INFO  server.RaftServerConfigKeys (ConfUtils.java:logGet(43)) - raft.server.log.statemachine.data.sync.timeout.retry = -1 (default)
2019-10-05 06:26:58,785 [pool-423-thread-1] INFO  server.RaftServerConfigKeys (ConfUtils.java:logGet(43)) - raft.server.log.statemachine.data.caching.enabled = true (custom)
2019-10-05 06:26:58,785 [pool-423-thread-1] INFO  segmented.SegmentedRaftLogWorker (SegmentedRaftLogWorker.java:lambda$new$0(128)) - 977e4168-6b16-4317-a8f1-dad5ec07a45c@group-6E9906EB0343-SegmentedRaftLogWorker: flushIndex: setUnconditionally 0 -> -1
2019-10-05 06:26:58,785 [pool-423-thread-1] INFO  server.RaftServerConfigKeys (ConfUtils.java:logGet(43)) - raft.server.snapshot.auto.trigger.enabled = true (custom)
2019-10-05 06:26:58,785 [pool-423-thread-1] INFO  server.RaftServerConfigKeys (ConfUtils.java:logGet(43)) - raft.server.snapshot.auto.trigger.threshold = 10000 (custom)
2019-10-05 06:26:58,786 [pool-423-thread-1] INFO  server.RaftServerConfigKeys (ConfUtils.java:logGet(43)) - raft.server.snapshot.retention.file.num = 5 (custom)
2019-10-05 06:26:58,786 [pool-423-thread-1] INFO  server.RaftServerConfigKeys (ConfUtils.java:logGet(43)) - raft.server.retrycache.expirytime = 600000ms (custom)
2019-10-05 06:26:58,787 [pool-423-thread-1] INFO  impl.RaftServerImpl (RaftServerImpl.java:start(181)) - 977e4168-6b16-4317-a8f1-dad5ec07a45c@group-6E9906EB0343: start as a follower, conf=-1: [977e4168-6b16-4317-a8f1-dad5ec07a45c:192.168.30.11:40730], old=null
2019-10-05 06:26:58,787 [pool-423-thread-1] INFO  impl.RaftServerImpl (RaftServerImpl.java:setRole(170)) - 977e4168-6b16-4317-a8f1-dad5ec07a45c@group-6E9906EB0343: changes role from      null to FOLLOWER at term 0 for startAsFollower
2019-10-05 06:26:58,787 [pool-423-thread-1] INFO  impl.RoleInfo (RoleInfo.java:updateAndGet(143)) - 977e4168-6b16-4317-a8f1-dad5ec07a45c: start FollowerState
2019-10-05 06:26:58,788 [pool-423-thread-1] INFO  util.JmxRegister (JmxRegister.java:tryRegister(44)) - Successfully registered JMX Bean with object name Ratis:service=RaftServer,group=group-6E9906EB0343,id=977e4168-6b16-4317-a8f1-dad5ec07a45c
2019-10-05 06:26:58,792 [RatisPipelineUtilsThread] INFO  pipeline.PipelineStateManager (PipelineStateManager.java:addPipeline(56)) - Created pipeline Pipeline[ Id: 8f1a2d89-0c94-4fae-8c9b-6e9906eb0343, Nodes: 977e4168-6b16-4317-a8f1-dad5ec07a45c{ip: 192.168.30.11, host: trunk-nightly-20191005-lqjcv-646031197, networkLocation: /default-rack, certSerialId: null}, Type:RATIS, Factor:ONE, State:OPEN]
2019-10-05 06:26:58,801 [grpc-default-executor-4] INFO  impl.RaftServerProxy (RaftServerProxy.java:addNew(89)) - 5c2d6867-8aa7-405e-a2ac-e92dcdce5820: addNew group-2BC08B444171:[5c2d6867-8aa7-405e-a2ac-e92dcdce5820:192.168.30.11:38564] returns group-2BC08B444171:java.util.concurrent.CompletableFuture@297899f[Not completed]
2019-10-05 06:26:58,802 [pool-433-thread-1] INFO  impl.RaftServerImpl (RaftServerImpl.java:<init>(95)) - 5c2d6867-8aa7-405e-a2ac-e92dcdce5820: new RaftServerImpl for group-2BC08B444171:[5c2d6867-8aa7-405e-a2ac-e92dcdce5820:192.168.30.11:38564] with ContainerStateMachine:uninitialized
2019-10-05 06:26:58,803 [pool-433-thread-1] INFO  server.RaftServerConfigKeys (ConfUtils.java:logGet(43)) - raft.server.rpc.timeout.min = 5s (custom)
2019-10-05 06:26:58,803 [pool-433-thread-1] INFO  server.RaftServerConfigKeys (ConfUtils.java:logGet(43)) - raft.server.rpc.timeout.max = 5200ms (custom)
2019-10-05 06:26:58,803 [pool-433-thread-1] INFO  server.RaftServerConfigKeys (ConfUtils.java:logGet(43)) - raft.server.rpcslowness.timeout = 120s (custom)
2019-10-05 06:26:58,803 [pool-433-thread-1] INFO  server.RaftServerConfigKeys (ConfUtils.java:logGet(43)) - raft.server.sleep.deviation.threshold = 300 (default)
2019-10-05 06:26:58,803 [pool-433-thread-1] INFO  server.RaftServerConfigKeys (ConfUtils.java:logGet(43)) - raft.server.log.appender.install.snapshot.enabled = false (custom)
2019-10-05 06:26:58,803 [pool-433-thread-1] INFO  impl.RaftServerImpl (ServerState.java:<init>(103)) - 5c2d6867-8aa7-405e-a2ac-e92dcdce5820@group-2BC08B444171: ConfigurationManager, init=-1: [5c2d6867-8aa7-405e-a2ac-e92dcdce5820:192.168.30.11:38564], old=null, confs=<EMPTY_MAP>
2019-10-05 06:26:58,803 [pool-433-thread-1] INFO  server.RaftServerConfigKeys (ConfUtils.java:logGet(43)) - raft.server.storage.dir = [/workdir/hadoop-ozone/integration-test/target/test-dir/MiniOzoneClusterImpl-7d9a0326-71e6-4c43-9e16-cabca91dad25/datanode-5/data/ratis] (custom)
2019-10-05 06:26:58,803 [pool-433-thread-1] INFO  server.RaftServerConfigKeys (ConfUtils.java:logGet(43)) - raft.server.log.corruption.policy = EXCEPTION (default)
2019-10-05 06:26:58,804 [pool-433-thread-1] INFO  storage.RaftStorageDirectory (RaftStorageDirectory.java:analyzeStorage(246)) - The storage directory /workdir/hadoop-ozone/integration-test/target/test-dir/MiniOzoneClusterImpl-7d9a0326-71e6-4c43-9e16-cabca91dad25/datanode-5/data/ratis/a7837cf6-f0b6-49f4-bb82-2bc08b444171 does not exist. Creating ...
2019-10-05 06:26:58,814 [main] INFO  ozone.MiniOzoneClusterImpl (MiniOzoneClusterImpl.java:lambda$waitForClusterToBeReady$0(147)) - Waiting for cluster to be ready. Got 6 of 7 DN Heartbeats.
2019-10-05 06:26:58,814 [IPC Server handler 4 on 34000] INFO  net.NetworkTopology (NetworkTopologyImpl.java:add(111)) - Added a new node: /default-rack/109dfb86-ee48-4d17-b40b-8876732df543
2019-10-05 06:26:58,815 [IPC Server handler 4 on 34000] INFO  node.SCMNodeManager (SCMNodeManager.java:register(268)) - Registered Data node : 109dfb86-ee48-4d17-b40b-8876732df543{ip: 192.168.30.11, host: trunk-nightly-20191005-lqjcv-646031197, networkLocation: /default-rack, certSerialId: null}
2019-10-05 06:26:58,823 [pool-433-thread-1] INFO  storage.RaftStorageDirectory (RaftStorageDirectory.java:tryLock(328)) - Lock on /workdir/hadoop-ozone/integration-test/target/test-dir/MiniOzoneClusterImpl-7d9a0326-71e6-4c43-9e16-cabca91dad25/datanode-5/data/ratis/a7837cf6-f0b6-49f4-bb82-2bc08b444171/in_use.lock acquired by nodename 12161@trunk-nightly-20191005-lqjcv-646031197
2019-10-05 06:26:58,848 [pool-433-thread-1] INFO  storage.RaftStorage (RaftStorage.java:format(84)) - Storage directory /workdir/hadoop-ozone/integration-test/target/test-dir/MiniOzoneClusterImpl-7d9a0326-71e6-4c43-9e16-cabca91dad25/datanode-5/data/ratis/a7837cf6-f0b6-49f4-bb82-2bc08b444171 has been successfully formatted.
2019-10-05 06:26:58,848 [pool-433-thread-1] INFO  ratis.ContainerStateMachine (ContainerStateMachine.java:loadSnapshot(230)) - group-2BC08B444171: The snapshot info is null. Setting the last applied indexto:(t:0, i:~)
2019-10-05 06:26:58,849 [pool-433-thread-1] INFO  server.RaftServerConfigKeys (ConfUtils.java:logGet(43)) - raft.server.notification.no-leader.timeout = 120s (custom)
2019-10-05 06:26:58,849 [pool-433-thread-1] INFO  server.RaftServerConfigKeys (ConfUtils.java:logGet(43)) - raft.server.log.use.memory = false (default)
2019-10-05 06:26:58,849 [pool-433-thread-1] INFO  server.RaftServerConfigKeys (ConfUtils.java:logGet(43)) - raft.server.log.purge.gap = 1000000 (custom)
2019-10-05 06:26:58,849 [pool-433-thread-1] INFO  server.RaftServerConfigKeys (ConfUtils.java:logGet(43)) - raft.server.log.appender.buffer.byte-limit = 33554432 (custom)
2019-10-05 06:26:58,849 [pool-433-thread-1] INFO  server.RaftServerConfigKeys (ConfUtils.java:logGet(43)) - raft.server.log.segment.size.max = 1048576 (custom)
2019-10-05 06:26:58,851 [pool-433-thread-1] INFO  server.RaftServerConfigKeys (ConfUtils.java:logGet(43)) - raft.server.log.segment.cache.num.max = 2 (custom)
2019-10-05 06:26:58,851 [pool-433-thread-1] INFO  segmented.SegmentedRaftLogWorker (SegmentedRaftLogWorker.java:<init>(173)) - new 5c2d6867-8aa7-405e-a2ac-e92dcdce5820@group-2BC08B444171-SegmentedRaftLogWorker for RaftStorage:Storage Directory /workdir/hadoop-ozone/integration-test/target/test-dir/MiniOzoneClusterImpl-7d9a0326-71e6-4c43-9e16-cabca91dad25/datanode-5/data/ratis/a7837cf6-f0b6-49f4-bb82-2bc08b444171
2019-10-05 06:26:58,851 [pool-433-thread-1] INFO  server.RaftServerConfigKeys (ConfUtils.java:logGet(43)) - raft.server.log.queue.byte-limit = 2147483647 (custom)
2019-10-05 06:26:58,851 [pool-433-thread-1] INFO  server.RaftServerConfigKeys (ConfUtils.java:logGet(43)) - raft.server.log.queue.element-limit = 1024 (custom)
2019-10-05 06:26:58,851 [pool-433-thread-1] INFO  server.RaftServerConfigKeys (ConfUtils.java:logGet(43)) - raft.server.log.segment.size.max = 1048576 (custom)
2019-10-05 06:26:58,851 [pool-433-thread-1] INFO  server.RaftServerConfigKeys (ConfUtils.java:logGet(43)) - raft.server.log.preallocated.size = 16384 (custom)
2019-10-05 06:26:58,851 [pool-433-thread-1] INFO  server.RaftServerConfigKeys (ConfUtils.java:logGet(43)) - raft.server.log.write.buffer.size = 33554432 (custom)
2019-10-05 06:26:58,851 [pool-433-thread-1] INFO  server.RaftServerConfigKeys (ConfUtils.java:logGet(43)) - raft.server.log.force.sync.num = 128 (default)
2019-10-05 06:26:58,852 [pool-433-thread-1] INFO  server.RaftServerConfigKeys (ConfUtils.java:logGet(43)) - raft.server.log.statemachine.data.sync = true (default)
2019-10-05 06:26:58,852 [pool-433-thread-1] INFO  server.RaftServerConfigKeys (ConfUtils.java:logGet(43)) - raft.server.log.statemachine.data.sync.timeout = 10s (default)
2019-10-05 06:26:58,852 [pool-433-thread-1] INFO  server.RaftServerConfigKeys (ConfUtils.java:logGet(43)) - raft.server.log.statemachine.data.sync.timeout.retry = -1 (default)
2019-10-05 06:26:58,852 [pool-433-thread-1] INFO  server.RaftServerConfigKeys (ConfUtils.java:logGet(43)) - raft.server.log.statemachine.data.caching.enabled = true (custom)
2019-10-05 06:26:58,852 [pool-433-thread-1] INFO  segmented.SegmentedRaftLogWorker (SegmentedRaftLogWorker.java:lambda$new$0(128)) - 5c2d6867-8aa7-405e-a2ac-e92dcdce5820@group-2BC08B444171-SegmentedRaftLogWorker: flushIndex: setUnconditionally 0 -> -1
2019-10-05 06:26:58,853 [pool-433-thread-1] INFO  server.RaftServerConfigKeys (ConfUtils.java:logGet(43)) - raft.server.snapshot.auto.trigger.enabled = true (custom)
2019-10-05 06:26:58,853 [pool-433-thread-1] INFO  server.RaftServerConfigKeys (ConfUtils.java:logGet(43)) - raft.server.snapshot.auto.trigger.threshold = 10000 (custom)
2019-10-05 06:26:58,853 [pool-433-thread-1] INFO  server.RaftServerConfigKeys (ConfUtils.java:logGet(43)) - raft.server.snapshot.retention.file.num = 5 (custom)
2019-10-05 06:26:58,853 [pool-433-thread-1] INFO  server.RaftServerConfigKeys (ConfUtils.java:logGet(43)) - raft.server.retrycache.expirytime = 600000ms (custom)
2019-10-05 06:26:58,855 [pool-433-thread-1] INFO  impl.RaftServerImpl (RaftServerImpl.java:start(181)) - 5c2d6867-8aa7-405e-a2ac-e92dcdce5820@group-2BC08B444171: start as a follower, conf=-1: [5c2d6867-8aa7-405e-a2ac-e92dcdce5820:192.168.30.11:38564], old=null
2019-10-05 06:26:58,855 [pool-433-thread-1] INFO  impl.RaftServerImpl (RaftServerImpl.java:setRole(170)) - 5c2d6867-8aa7-405e-a2ac-e92dcdce5820@group-2BC08B444171: changes role from      null to FOLLOWER at term 0 for startAsFollower
2019-10-05 06:26:58,855 [pool-433-thread-1] INFO  impl.RoleInfo (RoleInfo.java:updateAndGet(143)) - 5c2d6867-8aa7-405e-a2ac-e92dcdce5820: start FollowerState
2019-10-05 06:26:58,855 [pool-433-thread-1] INFO  util.JmxRegister (JmxRegister.java:tryRegister(44)) - Successfully registered JMX Bean with object name Ratis:service=RaftServer,group=group-2BC08B444171,id=5c2d6867-8aa7-405e-a2ac-e92dcdce5820
2019-10-05 06:26:58,859 [RatisPipelineUtilsThread] INFO  pipeline.PipelineStateManager (PipelineStateManager.java:addPipeline(56)) - Created pipeline Pipeline[ Id: a7837cf6-f0b6-49f4-bb82-2bc08b444171, Nodes: 5c2d6867-8aa7-405e-a2ac-e92dcdce5820{ip: 192.168.30.11, host: trunk-nightly-20191005-lqjcv-646031197, networkLocation: /default-rack, certSerialId: null}, Type:RATIS, Factor:ONE, State:OPEN]
2019-10-05 06:26:58,868 [grpc-default-executor-4] INFO  impl.RaftServerProxy (RaftServerProxy.java:addNew(89)) - 109dfb86-ee48-4d17-b40b-8876732df543: addNew group-B4506BEA12D0:[109dfb86-ee48-4d17-b40b-8876732df543:192.168.30.11:41028] returns group-B4506BEA12D0:java.util.concurrent.CompletableFuture@4a4b69a[Not completed]
2019-10-05 06:26:58,869 [pool-443-thread-1] INFO  impl.RaftServerImpl (RaftServerImpl.java:<init>(95)) - 109dfb86-ee48-4d17-b40b-8876732df543: new RaftServerImpl for group-B4506BEA12D0:[109dfb86-ee48-4d17-b40b-8876732df543:192.168.30.11:41028] with ContainerStateMachine:uninitialized
2019-10-05 06:26:58,869 [pool-443-thread-1] INFO  server.RaftServerConfigKeys (ConfUtils.java:logGet(43)) - raft.server.rpc.timeout.min = 5s (custom)
2019-10-05 06:26:58,869 [pool-443-thread-1] INFO  server.RaftServerConfigKeys (ConfUtils.java:logGet(43)) - raft.server.rpc.timeout.max = 5200ms (custom)
2019-10-05 06:26:58,869 [pool-443-thread-1] INFO  server.RaftServerConfigKeys (ConfUtils.java:logGet(43)) - raft.server.rpcslowness.timeout = 120s (custom)
2019-10-05 06:26:58,869 [pool-443-thread-1] INFO  server.RaftServerConfigKeys (ConfUtils.java:logGet(43)) - raft.server.sleep.deviation.threshold = 300 (default)
2019-10-05 06:26:58,869 [pool-443-thread-1] INFO  server.RaftServerConfigKeys (ConfUtils.java:logGet(43)) - raft.server.log.appender.install.snapshot.enabled = false (custom)
2019-10-05 06:26:58,870 [pool-443-thread-1] INFO  impl.RaftServerImpl (ServerState.java:<init>(103)) - 109dfb86-ee48-4d17-b40b-8876732df543@group-B4506BEA12D0: ConfigurationManager, init=-1: [109dfb86-ee48-4d17-b40b-8876732df543:192.168.30.11:41028], old=null, confs=<EMPTY_MAP>
2019-10-05 06:26:58,870 [pool-443-thread-1] INFO  server.RaftServerConfigKeys (ConfUtils.java:logGet(43)) - raft.server.storage.dir = [/workdir/hadoop-ozone/integration-test/target/test-dir/MiniOzoneClusterImpl-7d9a0326-71e6-4c43-9e16-cabca91dad25/datanode-6/data/ratis] (custom)
2019-10-05 06:26:58,870 [pool-443-thread-1] INFO  server.RaftServerConfigKeys (ConfUtils.java:logGet(43)) - raft.server.log.corruption.policy = EXCEPTION (default)
2019-10-05 06:26:58,870 [pool-443-thread-1] INFO  storage.RaftStorageDirectory (RaftStorageDirectory.java:analyzeStorage(246)) - The storage directory /workdir/hadoop-ozone/integration-test/target/test-dir/MiniOzoneClusterImpl-7d9a0326-71e6-4c43-9e16-cabca91dad25/datanode-6/data/ratis/203fbee9-244c-4f03-ad3a-b4506bea12d0 does not exist. Creating ...
2019-10-05 06:26:58,899 [pool-443-thread-1] INFO  storage.RaftStorageDirectory (RaftStorageDirectory.java:tryLock(328)) - Lock on /workdir/hadoop-ozone/integration-test/target/test-dir/MiniOzoneClusterImpl-7d9a0326-71e6-4c43-9e16-cabca91dad25/datanode-6/data/ratis/203fbee9-244c-4f03-ad3a-b4506bea12d0/in_use.lock acquired by nodename 12161@trunk-nightly-20191005-lqjcv-646031197
2019-10-05 06:26:58,916 [pool-443-thread-1] INFO  storage.RaftStorage (RaftStorage.java:format(84)) - Storage directory /workdir/hadoop-ozone/integration-test/target/test-dir/MiniOzoneClusterImpl-7d9a0326-71e6-4c43-9e16-cabca91dad25/datanode-6/data/ratis/203fbee9-244c-4f03-ad3a-b4506bea12d0 has been successfully formatted.
2019-10-05 06:26:58,916 [pool-443-thread-1] INFO  ratis.ContainerStateMachine (ContainerStateMachine.java:loadSnapshot(230)) - group-B4506BEA12D0: The snapshot info is null. Setting the last applied indexto:(t:0, i:~)
2019-10-05 06:26:58,916 [pool-443-thread-1] INFO  server.RaftServerConfigKeys (ConfUtils.java:logGet(43)) - raft.server.notification.no-leader.timeout = 120s (custom)
2019-10-05 06:26:58,916 [pool-443-thread-1] INFO  server.RaftServerConfigKeys (ConfUtils.java:logGet(43)) - raft.server.log.use.memory = false (default)
2019-10-05 06:26:58,916 [pool-443-thread-1] INFO  server.RaftServerConfigKeys (ConfUtils.java:logGet(43)) - raft.server.log.purge.gap = 1000000 (custom)
2019-10-05 06:26:58,916 [pool-443-thread-1] INFO  server.RaftServerConfigKeys (ConfUtils.java:logGet(43)) - raft.server.log.appender.buffer.byte-limit = 33554432 (custom)
2019-10-05 06:26:58,917 [pool-443-thread-1] INFO  server.RaftServerConfigKeys (ConfUtils.java:logGet(43)) - raft.server.log.segment.size.max = 1048576 (custom)
2019-10-05 06:26:58,919 [pool-443-thread-1] INFO  server.RaftServerConfigKeys (ConfUtils.java:logGet(43)) - raft.server.log.segment.cache.num.max = 2 (custom)
2019-10-05 06:26:58,919 [pool-443-thread-1] INFO  segmented.SegmentedRaftLogWorker (SegmentedRaftLogWorker.java:<init>(173)) - new 109dfb86-ee48-4d17-b40b-8876732df543@group-B4506BEA12D0-SegmentedRaftLogWorker for RaftStorage:Storage Directory /workdir/hadoop-ozone/integration-test/target/test-dir/MiniOzoneClusterImpl-7d9a0326-71e6-4c43-9e16-cabca91dad25/datanode-6/data/ratis/203fbee9-244c-4f03-ad3a-b4506bea12d0
2019-10-05 06:26:58,919 [pool-443-thread-1] INFO  server.RaftServerConfigKeys (ConfUtils.java:logGet(43)) - raft.server.log.queue.byte-limit = 2147483647 (custom)
2019-10-05 06:26:58,919 [pool-443-thread-1] INFO  server.RaftServerConfigKeys (ConfUtils.java:logGet(43)) - raft.server.log.queue.element-limit = 1024 (custom)
2019-10-05 06:26:58,919 [pool-443-thread-1] INFO  server.RaftServerConfigKeys (ConfUtils.java:logGet(43)) - raft.server.log.segment.size.max = 1048576 (custom)
2019-10-05 06:26:58,919 [pool-443-thread-1] INFO  server.RaftServerConfigKeys (ConfUtils.java:logGet(43)) - raft.server.log.preallocated.size = 16384 (custom)
2019-10-05 06:26:58,919 [pool-443-thread-1] INFO  server.RaftServerConfigKeys (ConfUtils.java:logGet(43)) - raft.server.log.write.buffer.size = 33554432 (custom)
2019-10-05 06:26:58,920 [pool-443-thread-1] INFO  server.RaftServerConfigKeys (ConfUtils.java:logGet(43)) - raft.server.log.force.sync.num = 128 (default)
2019-10-05 06:26:58,920 [pool-443-thread-1] INFO  server.RaftServerConfigKeys (ConfUtils.java:logGet(43)) - raft.server.log.statemachine.data.sync = true (default)
2019-10-05 06:26:58,920 [pool-443-thread-1] INFO  server.RaftServerConfigKeys (ConfUtils.java:logGet(43)) - raft.server.log.statemachine.data.sync.timeout = 10s (default)
2019-10-05 06:26:58,920 [pool-443-thread-1] INFO  server.RaftServerConfigKeys (ConfUtils.java:logGet(43)) - raft.server.log.statemachine.data.sync.timeout.retry = -1 (default)
2019-10-05 06:26:58,920 [pool-443-thread-1] INFO  server.RaftServerConfigKeys (ConfUtils.java:logGet(43)) - raft.server.log.statemachine.data.caching.enabled = true (custom)
2019-10-05 06:26:58,921 [pool-443-thread-1] INFO  segmented.SegmentedRaftLogWorker (SegmentedRaftLogWorker.java:lambda$new$0(128)) - 109dfb86-ee48-4d17-b40b-8876732df543@group-B4506BEA12D0-SegmentedRaftLogWorker: flushIndex: setUnconditionally 0 -> -1
2019-10-05 06:26:58,921 [pool-443-thread-1] INFO  server.RaftServerConfigKeys (ConfUtils.java:logGet(43)) - raft.server.snapshot.auto.trigger.enabled = true (custom)
2019-10-05 06:26:58,921 [pool-443-thread-1] INFO  server.RaftServerConfigKeys (ConfUtils.java:logGet(43)) - raft.server.snapshot.auto.trigger.threshold = 10000 (custom)
2019-10-05 06:26:58,921 [pool-443-thread-1] INFO  server.RaftServerConfigKeys (ConfUtils.java:logGet(43)) - raft.server.snapshot.retention.file.num = 5 (custom)
2019-10-05 06:26:58,921 [pool-443-thread-1] INFO  server.RaftServerConfigKeys (ConfUtils.java:logGet(43)) - raft.server.retrycache.expirytime = 600000ms (custom)
2019-10-05 06:26:58,923 [pool-443-thread-1] INFO  impl.RaftServerImpl (RaftServerImpl.java:start(181)) - 109dfb86-ee48-4d17-b40b-8876732df543@group-B4506BEA12D0: start as a follower, conf=-1: [109dfb86-ee48-4d17-b40b-8876732df543:192.168.30.11:41028], old=null
2019-10-05 06:26:58,923 [pool-443-thread-1] INFO  impl.RaftServerImpl (RaftServerImpl.java:setRole(170)) - 109dfb86-ee48-4d17-b40b-8876732df543@group-B4506BEA12D0: changes role from      null to FOLLOWER at term 0 for startAsFollower
2019-10-05 06:26:58,923 [pool-443-thread-1] INFO  impl.RoleInfo (RoleInfo.java:updateAndGet(143)) - 109dfb86-ee48-4d17-b40b-8876732df543: start FollowerState
2019-10-05 06:26:58,924 [pool-443-thread-1] INFO  util.JmxRegister (JmxRegister.java:tryRegister(44)) - Successfully registered JMX Bean with object name Ratis:service=RaftServer,group=group-B4506BEA12D0,id=109dfb86-ee48-4d17-b40b-8876732df543
2019-10-05 06:26:58,928 [RatisPipelineUtilsThread] INFO  pipeline.PipelineStateManager (PipelineStateManager.java:addPipeline(56)) - Created pipeline Pipeline[ Id: 203fbee9-244c-4f03-ad3a-b4506bea12d0, Nodes: 109dfb86-ee48-4d17-b40b-8876732df543{ip: 192.168.30.11, host: trunk-nightly-20191005-lqjcv-646031197, networkLocation: /default-rack, certSerialId: null}, Type:RATIS, Factor:ONE, State:OPEN]
2019-10-05 06:26:58,941 [grpc-default-executor-7] INFO  impl.RaftServerProxy (RaftServerProxy.java:addNew(89)) - 271fe555-dac9-4311-97a6-9ff4e566822e: addNew group-7E79086E28D4:[109dfb86-ee48-4d17-b40b-8876732df543:192.168.30.11:41028, b3be66eb-999a-4c9a-88a3-427cb86f6dcd:192.168.30.11:34817, 271fe555-dac9-4311-97a6-9ff4e566822e:192.168.30.11:38180] returns group-7E79086E28D4:java.util.concurrent.CompletableFuture@1bdcc77a[Not completed]
2019-10-05 06:26:58,942 [grpc-default-executor-4] INFO  impl.RaftServerProxy (RaftServerProxy.java:addNew(89)) - b3be66eb-999a-4c9a-88a3-427cb86f6dcd: addNew group-7E79086E28D4:[109dfb86-ee48-4d17-b40b-8876732df543:192.168.30.11:41028, b3be66eb-999a-4c9a-88a3-427cb86f6dcd:192.168.30.11:34817, 271fe555-dac9-4311-97a6-9ff4e566822e:192.168.30.11:38180] returns group-7E79086E28D4:java.util.concurrent.CompletableFuture@21cb827f[Not completed]
2019-10-05 06:26:58,941 [grpc-default-executor-2] INFO  impl.RaftServerProxy (RaftServerProxy.java:addNew(89)) - 109dfb86-ee48-4d17-b40b-8876732df543: addNew group-7E79086E28D4:[109dfb86-ee48-4d17-b40b-8876732df543:192.168.30.11:41028, b3be66eb-999a-4c9a-88a3-427cb86f6dcd:192.168.30.11:34817, 271fe555-dac9-4311-97a6-9ff4e566822e:192.168.30.11:38180] returns group-7E79086E28D4:java.util.concurrent.CompletableFuture@7f3e36c[Not completed]
2019-10-05 06:26:58,943 [pool-443-thread-1] INFO  impl.RaftServerImpl (RaftServerImpl.java:<init>(95)) - 109dfb86-ee48-4d17-b40b-8876732df543: new RaftServerImpl for group-7E79086E28D4:[109dfb86-ee48-4d17-b40b-8876732df543:192.168.30.11:41028, b3be66eb-999a-4c9a-88a3-427cb86f6dcd:192.168.30.11:34817, 271fe555-dac9-4311-97a6-9ff4e566822e:192.168.30.11:38180] with ContainerStateMachine:uninitialized
2019-10-05 06:26:58,943 [pool-443-thread-1] INFO  server.RaftServerConfigKeys (ConfUtils.java:logGet(43)) - raft.server.rpc.timeout.min = 5s (custom)
2019-10-05 06:26:58,943 [pool-443-thread-1] INFO  server.RaftServerConfigKeys (ConfUtils.java:logGet(43)) - raft.server.rpc.timeout.max = 5200ms (custom)
2019-10-05 06:26:58,943 [pool-443-thread-1] INFO  server.RaftServerConfigKeys (ConfUtils.java:logGet(43)) - raft.server.rpcslowness.timeout = 120s (custom)
2019-10-05 06:26:58,943 [pool-443-thread-1] INFO  server.RaftServerConfigKeys (ConfUtils.java:logGet(43)) - raft.server.sleep.deviation.threshold = 300 (default)
2019-10-05 06:26:58,943 [pool-443-thread-1] INFO  server.RaftServerConfigKeys (ConfUtils.java:logGet(43)) - raft.server.log.appender.install.snapshot.enabled = false (custom)
2019-10-05 06:26:58,943 [pool-393-thread-1] INFO  impl.RaftServerImpl (RaftServerImpl.java:<init>(95)) - b3be66eb-999a-4c9a-88a3-427cb86f6dcd: new RaftServerImpl for group-7E79086E28D4:[109dfb86-ee48-4d17-b40b-8876732df543:192.168.30.11:41028, b3be66eb-999a-4c9a-88a3-427cb86f6dcd:192.168.30.11:34817, 271fe555-dac9-4311-97a6-9ff4e566822e:192.168.30.11:38180] with ContainerStateMachine:uninitialized
2019-10-05 06:26:58,943 [pool-443-thread-1] INFO  impl.RaftServerImpl (ServerState.java:<init>(103)) - 109dfb86-ee48-4d17-b40b-8876732df543@group-7E79086E28D4: ConfigurationManager, init=-1: [109dfb86-ee48-4d17-b40b-8876732df543:192.168.30.11:41028, b3be66eb-999a-4c9a-88a3-427cb86f6dcd:192.168.30.11:34817, 271fe555-dac9-4311-97a6-9ff4e566822e:192.168.30.11:38180], old=null, confs=<EMPTY_MAP>
2019-10-05 06:26:58,944 [pool-393-thread-1] INFO  server.RaftServerConfigKeys (ConfUtils.java:logGet(43)) - raft.server.rpc.timeout.min = 5s (custom)
2019-10-05 06:26:58,944 [pool-413-thread-1] INFO  impl.RaftServerImpl (RaftServerImpl.java:<init>(95)) - 271fe555-dac9-4311-97a6-9ff4e566822e: new RaftServerImpl for group-7E79086E28D4:[109dfb86-ee48-4d17-b40b-8876732df543:192.168.30.11:41028, b3be66eb-999a-4c9a-88a3-427cb86f6dcd:192.168.30.11:34817, 271fe555-dac9-4311-97a6-9ff4e566822e:192.168.30.11:38180] with ContainerStateMachine:uninitialized
2019-10-05 06:26:58,944 [pool-443-thread-1] INFO  server.RaftServerConfigKeys (ConfUtils.java:logGet(43)) - raft.server.storage.dir = [/workdir/hadoop-ozone/integration-test/target/test-dir/MiniOzoneClusterImpl-7d9a0326-71e6-4c43-9e16-cabca91dad25/datanode-6/data/ratis] (custom)
2019-10-05 06:26:58,944 [pool-413-thread-1] INFO  server.RaftServerConfigKeys (ConfUtils.java:logGet(43)) - raft.server.rpc.timeout.min = 5s (custom)
2019-10-05 06:26:58,944 [pool-393-thread-1] INFO  server.RaftServerConfigKeys (ConfUtils.java:logGet(43)) - raft.server.rpc.timeout.max = 5200ms (custom)
2019-10-05 06:26:58,944 [pool-413-thread-1] INFO  server.RaftServerConfigKeys (ConfUtils.java:logGet(43)) - raft.server.rpc.timeout.max = 5200ms (custom)
2019-10-05 06:26:58,944 [pool-443-thread-1] INFO  server.RaftServerConfigKeys (ConfUtils.java:logGet(43)) - raft.server.log.corruption.policy = EXCEPTION (default)
2019-10-05 06:26:58,944 [pool-413-thread-1] INFO  server.RaftServerConfigKeys (ConfUtils.java:logGet(43)) - raft.server.rpcslowness.timeout = 120s (custom)
2019-10-05 06:26:58,944 [pool-393-thread-1] INFO  server.RaftServerConfigKeys (ConfUtils.java:logGet(43)) - raft.server.rpcslowness.timeout = 120s (custom)
2019-10-05 06:26:58,945 [pool-413-thread-1] INFO  server.RaftServerConfigKeys (ConfUtils.java:logGet(43)) - raft.server.sleep.deviation.threshold = 300 (default)
2019-10-05 06:26:58,944 [pool-443-thread-1] INFO  storage.RaftStorageDirectory (RaftStorageDirectory.java:analyzeStorage(246)) - The storage directory /workdir/hadoop-ozone/integration-test/target/test-dir/MiniOzoneClusterImpl-7d9a0326-71e6-4c43-9e16-cabca91dad25/datanode-6/data/ratis/27cc3739-9612-4a27-a351-7e79086e28d4 does not exist. Creating ...
2019-10-05 06:26:58,945 [pool-413-thread-1] INFO  server.RaftServerConfigKeys (ConfUtils.java:logGet(43)) - raft.server.log.appender.install.snapshot.enabled = false (custom)
2019-10-05 06:26:58,945 [pool-393-thread-1] INFO  server.RaftServerConfigKeys (ConfUtils.java:logGet(43)) - raft.server.sleep.deviation.threshold = 300 (default)
2019-10-05 06:26:58,945 [pool-413-thread-1] INFO  impl.RaftServerImpl (ServerState.java:<init>(103)) - 271fe555-dac9-4311-97a6-9ff4e566822e@group-7E79086E28D4: ConfigurationManager, init=-1: [109dfb86-ee48-4d17-b40b-8876732df543:192.168.30.11:41028, b3be66eb-999a-4c9a-88a3-427cb86f6dcd:192.168.30.11:34817, 271fe555-dac9-4311-97a6-9ff4e566822e:192.168.30.11:38180], old=null, confs=<EMPTY_MAP>
2019-10-05 06:26:58,945 [pool-393-thread-1] INFO  server.RaftServerConfigKeys (ConfUtils.java:logGet(43)) - raft.server.log.appender.install.snapshot.enabled = false (custom)
2019-10-05 06:26:58,945 [pool-413-thread-1] INFO  server.RaftServerConfigKeys (ConfUtils.java:logGet(43)) - raft.server.storage.dir = [/workdir/hadoop-ozone/integration-test/target/test-dir/MiniOzoneClusterImpl-7d9a0326-71e6-4c43-9e16-cabca91dad25/datanode-3/data/ratis] (custom)
2019-10-05 06:26:58,945 [pool-393-thread-1] INFO  impl.RaftServerImpl (ServerState.java:<init>(103)) - b3be66eb-999a-4c9a-88a3-427cb86f6dcd@group-7E79086E28D4: ConfigurationManager, init=-1: [109dfb86-ee48-4d17-b40b-8876732df543:192.168.30.11:41028, b3be66eb-999a-4c9a-88a3-427cb86f6dcd:192.168.30.11:34817, 271fe555-dac9-4311-97a6-9ff4e566822e:192.168.30.11:38180], old=null, confs=<EMPTY_MAP>
2019-10-05 06:26:58,946 [pool-413-thread-1] INFO  server.RaftServerConfigKeys (ConfUtils.java:logGet(43)) - raft.server.log.corruption.policy = EXCEPTION (default)
2019-10-05 06:26:58,946 [pool-393-thread-1] INFO  server.RaftServerConfigKeys (ConfUtils.java:logGet(43)) - raft.server.storage.dir = [/workdir/hadoop-ozone/integration-test/target/test-dir/MiniOzoneClusterImpl-7d9a0326-71e6-4c43-9e16-cabca91dad25/datanode-1/data/ratis] (custom)
2019-10-05 06:26:58,946 [pool-413-thread-1] INFO  storage.RaftStorageDirectory (RaftStorageDirectory.java:analyzeStorage(246)) - The storage directory /workdir/hadoop-ozone/integration-test/target/test-dir/MiniOzoneClusterImpl-7d9a0326-71e6-4c43-9e16-cabca91dad25/datanode-3/data/ratis/27cc3739-9612-4a27-a351-7e79086e28d4 does not exist. Creating ...
2019-10-05 06:26:58,946 [pool-393-thread-1] INFO  server.RaftServerConfigKeys (ConfUtils.java:logGet(43)) - raft.server.log.corruption.policy = EXCEPTION (default)
2019-10-05 06:26:58,946 [pool-393-thread-1] INFO  storage.RaftStorageDirectory (RaftStorageDirectory.java:analyzeStorage(246)) - The storage directory /workdir/hadoop-ozone/integration-test/target/test-dir/MiniOzoneClusterImpl-7d9a0326-71e6-4c43-9e16-cabca91dad25/datanode-1/data/ratis/27cc3739-9612-4a27-a351-7e79086e28d4 does not exist. Creating ...
2019-10-05 06:26:58,966 [pool-443-thread-1] INFO  storage.RaftStorageDirectory (RaftStorageDirectory.java:tryLock(328)) - Lock on /workdir/hadoop-ozone/integration-test/target/test-dir/MiniOzoneClusterImpl-7d9a0326-71e6-4c43-9e16-cabca91dad25/datanode-6/data/ratis/27cc3739-9612-4a27-a351-7e79086e28d4/in_use.lock acquired by nodename 12161@trunk-nightly-20191005-lqjcv-646031197
2019-10-05 06:26:58,966 [pool-413-thread-1] INFO  storage.RaftStorageDirectory (RaftStorageDirectory.java:tryLock(328)) - Lock on /workdir/hadoop-ozone/integration-test/target/test-dir/MiniOzoneClusterImpl-7d9a0326-71e6-4c43-9e16-cabca91dad25/datanode-3/data/ratis/27cc3739-9612-4a27-a351-7e79086e28d4/in_use.lock acquired by nodename 12161@trunk-nightly-20191005-lqjcv-646031197
2019-10-05 06:26:58,966 [pool-393-thread-1] INFO  storage.RaftStorageDirectory (RaftStorageDirectory.java:tryLock(328)) - Lock on /workdir/hadoop-ozone/integration-test/target/test-dir/MiniOzoneClusterImpl-7d9a0326-71e6-4c43-9e16-cabca91dad25/datanode-1/data/ratis/27cc3739-9612-4a27-a351-7e79086e28d4/in_use.lock acquired by nodename 12161@trunk-nightly-20191005-lqjcv-646031197
2019-10-05 06:26:58,992 [pool-443-thread-1] INFO  storage.RaftStorage (RaftStorage.java:format(84)) - Storage directory /workdir/hadoop-ozone/integration-test/target/test-dir/MiniOzoneClusterImpl-7d9a0326-71e6-4c43-9e16-cabca91dad25/datanode-6/data/ratis/27cc3739-9612-4a27-a351-7e79086e28d4 has been successfully formatted.
2019-10-05 06:26:58,992 [pool-393-thread-1] INFO  storage.RaftStorage (RaftStorage.java:format(84)) - Storage directory /workdir/hadoop-ozone/integration-test/target/test-dir/MiniOzoneClusterImpl-7d9a0326-71e6-4c43-9e16-cabca91dad25/datanode-1/data/ratis/27cc3739-9612-4a27-a351-7e79086e28d4 has been successfully formatted.
2019-10-05 06:26:58,992 [pool-413-thread-1] INFO  storage.RaftStorage (RaftStorage.java:format(84)) - Storage directory /workdir/hadoop-ozone/integration-test/target/test-dir/MiniOzoneClusterImpl-7d9a0326-71e6-4c43-9e16-cabca91dad25/datanode-3/data/ratis/27cc3739-9612-4a27-a351-7e79086e28d4 has been successfully formatted.
2019-10-05 06:26:58,992 [pool-393-thread-1] INFO  ratis.ContainerStateMachine (ContainerStateMachine.java:loadSnapshot(230)) - group-7E79086E28D4: The snapshot info is null. Setting the last applied indexto:(t:0, i:~)
2019-10-05 06:26:58,992 [pool-443-thread-1] INFO  ratis.ContainerStateMachine (ContainerStateMachine.java:loadSnapshot(230)) - group-7E79086E28D4: The snapshot info is null. Setting the last applied indexto:(t:0, i:~)
2019-10-05 06:26:58,993 [pool-393-thread-1] INFO  server.RaftServerConfigKeys (ConfUtils.java:logGet(43)) - raft.server.notification.no-leader.timeout = 120s (custom)
2019-10-05 06:26:58,993 [pool-413-thread-1] INFO  ratis.ContainerStateMachine (ContainerStateMachine.java:loadSnapshot(230)) - group-7E79086E28D4: The snapshot info is null. Setting the last applied indexto:(t:0, i:~)
2019-10-05 06:26:58,993 [pool-393-thread-1] INFO  server.RaftServerConfigKeys (ConfUtils.java:logGet(43)) - raft.server.log.use.memory = false (default)
2019-10-05 06:26:58,993 [pool-443-thread-1] INFO  server.RaftServerConfigKeys (ConfUtils.java:logGet(43)) - raft.server.notification.no-leader.timeout = 120s (custom)
2019-10-05 06:26:58,993 [pool-393-thread-1] INFO  server.RaftServerConfigKeys (ConfUtils.java:logGet(43)) - raft.server.log.purge.gap = 1000000 (custom)
2019-10-05 06:26:58,993 [pool-413-thread-1] INFO  server.RaftServerConfigKeys (ConfUtils.java:logGet(43)) - raft.server.notification.no-leader.timeout = 120s (custom)
2019-10-05 06:26:58,994 [pool-393-thread-1] INFO  server.RaftServerConfigKeys (ConfUtils.java:logGet(43)) - raft.server.log.appender.buffer.byte-limit = 33554432 (custom)
2019-10-05 06:26:58,993 [pool-443-thread-1] INFO  server.RaftServerConfigKeys (ConfUtils.java:logGet(43)) - raft.server.log.use.memory = false (default)
2019-10-05 06:26:58,994 [pool-393-thread-1] INFO  server.RaftServerConfigKeys (ConfUtils.java:logGet(43)) - raft.server.log.segment.size.max = 1048576 (custom)
2019-10-05 06:26:58,994 [pool-413-thread-1] INFO  server.RaftServerConfigKeys (ConfUtils.java:logGet(43)) - raft.server.log.use.memory = false (default)
2019-10-05 06:26:58,994 [pool-393-thread-1] INFO  server.RaftServerConfigKeys (ConfUtils.java:logGet(43)) - raft.server.log.segment.cache.num.max = 2 (custom)
2019-10-05 06:26:58,994 [pool-443-thread-1] INFO  server.RaftServerConfigKeys (ConfUtils.java:logGet(43)) - raft.server.log.purge.gap = 1000000 (custom)
2019-10-05 06:26:58,994 [pool-393-thread-1] INFO  segmented.SegmentedRaftLogWorker (SegmentedRaftLogWorker.java:<init>(173)) - new b3be66eb-999a-4c9a-88a3-427cb86f6dcd@group-7E79086E28D4-SegmentedRaftLogWorker for RaftStorage:Storage Directory /workdir/hadoop-ozone/integration-test/target/test-dir/MiniOzoneClusterImpl-7d9a0326-71e6-4c43-9e16-cabca91dad25/datanode-1/data/ratis/27cc3739-9612-4a27-a351-7e79086e28d4
2019-10-05 06:26:58,994 [pool-413-thread-1] INFO  server.RaftServerConfigKeys (ConfUtils.java:logGet(43)) - raft.server.log.purge.gap = 1000000 (custom)
2019-10-05 06:26:58,995 [pool-393-thread-1] INFO  server.RaftServerConfigKeys (ConfUtils.java:logGet(43)) - raft.server.log.queue.byte-limit = 2147483647 (custom)
2019-10-05 06:26:58,994 [pool-443-thread-1] INFO  server.RaftServerConfigKeys (ConfUtils.java:logGet(43)) - raft.server.log.appender.buffer.byte-limit = 33554432 (custom)
2019-10-05 06:26:58,995 [pool-393-thread-1] INFO  server.RaftServerConfigKeys (ConfUtils.java:logGet(43)) - raft.server.log.queue.element-limit = 1024 (custom)
2019-10-05 06:26:58,995 [pool-413-thread-1] INFO  server.RaftServerConfigKeys (ConfUtils.java:logGet(43)) - raft.server.log.appender.buffer.byte-limit = 33554432 (custom)
2019-10-05 06:26:58,995 [pool-393-thread-1] INFO  server.RaftServerConfigKeys (ConfUtils.java:logGet(43)) - raft.server.log.segment.size.max = 1048576 (custom)
2019-10-05 06:26:58,995 [pool-443-thread-1] INFO  server.RaftServerConfigKeys (ConfUtils.java:logGet(43)) - raft.server.log.segment.size.max = 1048576 (custom)
2019-10-05 06:26:58,996 [pool-393-thread-1] INFO  server.RaftServerConfigKeys (ConfUtils.java:logGet(43)) - raft.server.log.preallocated.size = 16384 (custom)
2019-10-05 06:26:58,995 [pool-413-thread-1] INFO  server.RaftServerConfigKeys (ConfUtils.java:logGet(43)) - raft.server.log.segment.size.max = 1048576 (custom)
2019-10-05 06:26:58,996 [pool-393-thread-1] INFO  server.RaftServerConfigKeys (ConfUtils.java:logGet(43)) - raft.server.log.write.buffer.size = 33554432 (custom)
2019-10-05 06:26:58,996 [pool-443-thread-1] INFO  server.RaftServerConfigKeys (ConfUtils.java:logGet(43)) - raft.server.log.segment.cache.num.max = 2 (custom)
2019-10-05 06:26:58,996 [pool-393-thread-1] INFO  server.RaftServerConfigKeys (ConfUtils.java:logGet(43)) - raft.server.log.force.sync.num = 128 (default)
2019-10-05 06:26:58,996 [pool-413-thread-1] INFO  server.RaftServerConfigKeys (ConfUtils.java:logGet(43)) - raft.server.log.segment.cache.num.max = 2 (custom)
2019-10-05 06:26:58,996 [pool-393-thread-1] INFO  server.RaftServerConfigKeys (ConfUtils.java:logGet(43)) - raft.server.log.statemachine.data.sync = true (default)
2019-10-05 06:26:58,996 [pool-443-thread-1] INFO  segmented.SegmentedRaftLogWorker (SegmentedRaftLogWorker.java:<init>(173)) - new 109dfb86-ee48-4d17-b40b-8876732df543@group-7E79086E28D4-SegmentedRaftLogWorker for RaftStorage:Storage Directory /workdir/hadoop-ozone/integration-test/target/test-dir/MiniOzoneClusterImpl-7d9a0326-71e6-4c43-9e16-cabca91dad25/datanode-6/data/ratis/27cc3739-9612-4a27-a351-7e79086e28d4
2019-10-05 06:26:58,997 [pool-393-thread-1] INFO  server.RaftServerConfigKeys (ConfUtils.java:logGet(43)) - raft.server.log.statemachine.data.sync.timeout = 10s (default)
2019-10-05 06:26:58,997 [pool-413-thread-1] INFO  segmented.SegmentedRaftLogWorker (SegmentedRaftLogWorker.java:<init>(173)) - new 271fe555-dac9-4311-97a6-9ff4e566822e@group-7E79086E28D4-SegmentedRaftLogWorker for RaftStorage:Storage Directory /workdir/hadoop-ozone/integration-test/target/test-dir/MiniOzoneClusterImpl-7d9a0326-71e6-4c43-9e16-cabca91dad25/datanode-3/data/ratis/27cc3739-9612-4a27-a351-7e79086e28d4
2019-10-05 06:26:58,997 [pool-393-thread-1] INFO  server.RaftServerConfigKeys (ConfUtils.java:logGet(43)) - raft.server.log.statemachine.data.sync.timeout.retry = -1 (default)
2019-10-05 06:26:58,997 [pool-443-thread-1] INFO  server.RaftServerConfigKeys (ConfUtils.java:logGet(43)) - raft.server.log.queue.byte-limit = 2147483647 (custom)
2019-10-05 06:26:58,997 [pool-393-thread-1] INFO  server.RaftServerConfigKeys (ConfUtils.java:logGet(43)) - raft.server.log.statemachine.data.caching.enabled = true (custom)
2019-10-05 06:26:58,997 [pool-413-thread-1] INFO  server.RaftServerConfigKeys (ConfUtils.java:logGet(43)) - raft.server.log.queue.byte-limit = 2147483647 (custom)
2019-10-05 06:26:58,997 [pool-443-thread-1] INFO  server.RaftServerConfigKeys (ConfUtils.java:logGet(43)) - raft.server.log.queue.element-limit = 1024 (custom)
2019-10-05 06:26:58,998 [pool-393-thread-1] INFO  segmented.SegmentedRaftLogWorker (SegmentedRaftLogWorker.java:lambda$new$0(128)) - b3be66eb-999a-4c9a-88a3-427cb86f6dcd@group-7E79086E28D4-SegmentedRaftLogWorker: flushIndex: setUnconditionally 0 -> -1
2019-10-05 06:26:58,998 [pool-413-thread-1] INFO  server.RaftServerConfigKeys (ConfUtils.java:logGet(43)) - raft.server.log.queue.element-limit = 1024 (custom)
2019-10-05 06:26:58,998 [pool-443-thread-1] INFO  server.RaftServerConfigKeys (ConfUtils.java:logGet(43)) - raft.server.log.segment.size.max = 1048576 (custom)
2019-10-05 06:26:58,998 [pool-413-thread-1] INFO  server.RaftServerConfigKeys (ConfUtils.java:logGet(43)) - raft.server.log.segment.size.max = 1048576 (custom)
2019-10-05 06:26:58,998 [pool-393-thread-1] INFO  server.RaftServerConfigKeys (ConfUtils.java:logGet(43)) - raft.server.snapshot.auto.trigger.enabled = true (custom)
2019-10-05 06:26:58,998 [pool-413-thread-1] INFO  server.RaftServerConfigKeys (ConfUtils.java:logGet(43)) - raft.server.log.preallocated.size = 16384 (custom)
2019-10-05 06:26:58,998 [pool-443-thread-1] INFO  server.RaftServerConfigKeys (ConfUtils.java:logGet(43)) - raft.server.log.preallocated.size = 16384 (custom)
2019-10-05 06:26:58,999 [pool-413-thread-1] INFO  server.RaftServerConfigKeys (ConfUtils.java:logGet(43)) - raft.server.log.write.buffer.size = 33554432 (custom)
2019-10-05 06:26:58,999 [pool-413-thread-1] INFO  server.RaftServerConfigKeys (ConfUtils.java:logGet(43)) - raft.server.log.force.sync.num = 128 (default)
2019-10-05 06:26:58,998 [pool-393-thread-1] INFO  server.RaftServerConfigKeys (ConfUtils.java:logGet(43)) - raft.server.snapshot.auto.trigger.threshold = 10000 (custom)
2019-10-05 06:26:58,999 [pool-413-thread-1] INFO  server.RaftServerConfigKeys (ConfUtils.java:logGet(43)) - raft.server.log.statemachine.data.sync = true (default)
2019-10-05 06:26:58,999 [pool-443-thread-1] INFO  server.RaftServerConfigKeys (ConfUtils.java:logGet(43)) - raft.server.log.write.buffer.size = 33554432 (custom)
2019-10-05 06:26:58,999 [pool-413-thread-1] INFO  server.RaftServerConfigKeys (ConfUtils.java:logGet(43)) - raft.server.log.statemachine.data.sync.timeout = 10s (default)
2019-10-05 06:26:58,999 [pool-393-thread-1] INFO  server.RaftServerConfigKeys (ConfUtils.java:logGet(43)) - raft.server.snapshot.retention.file.num = 5 (custom)
2019-10-05 06:26:58,999 [pool-413-thread-1] INFO  server.RaftServerConfigKeys (ConfUtils.java:logGet(43)) - raft.server.log.statemachine.data.sync.timeout.retry = -1 (default)
2019-10-05 06:26:58,999 [pool-443-thread-1] INFO  server.RaftServerConfigKeys (ConfUtils.java:logGet(43)) - raft.server.log.force.sync.num = 128 (default)
2019-10-05 06:26:59,000 [pool-413-thread-1] INFO  server.RaftServerConfigKeys (ConfUtils.java:logGet(43)) - raft.server.log.statemachine.data.caching.enabled = true (custom)
2019-10-05 06:26:59,000 [pool-393-thread-1] INFO  server.RaftServerConfigKeys (ConfUtils.java:logGet(43)) - raft.server.retrycache.expirytime = 600000ms (custom)
2019-10-05 06:26:59,000 [pool-443-thread-1] INFO  server.RaftServerConfigKeys (ConfUtils.java:logGet(43)) - raft.server.log.statemachine.data.sync = true (default)
2019-10-05 06:26:59,000 [pool-413-thread-1] INFO  segmented.SegmentedRaftLogWorker (SegmentedRaftLogWorker.java:lambda$new$0(128)) - 271fe555-dac9-4311-97a6-9ff4e566822e@group-7E79086E28D4-SegmentedRaftLogWorker: flushIndex: setUnconditionally 0 -> -1
2019-10-05 06:26:59,000 [pool-443-thread-1] INFO  server.RaftServerConfigKeys (ConfUtils.java:logGet(43)) - raft.server.log.statemachine.data.sync.timeout = 10s (default)
2019-10-05 06:26:59,001 [pool-443-thread-1] INFO  server.RaftServerConfigKeys (ConfUtils.java:logGet(43)) - raft.server.log.statemachine.data.sync.timeout.retry = -1 (default)
2019-10-05 06:26:59,001 [pool-413-thread-1] INFO  server.RaftServerConfigKeys (ConfUtils.java:logGet(43)) - raft.server.snapshot.auto.trigger.enabled = true (custom)
2019-10-05 06:26:59,001 [pool-443-thread-1] INFO  server.RaftServerConfigKeys (ConfUtils.java:logGet(43)) - raft.server.log.statemachine.data.caching.enabled = true (custom)
2019-10-05 06:26:59,001 [pool-413-thread-1] INFO  server.RaftServerConfigKeys (ConfUtils.java:logGet(43)) - raft.server.snapshot.auto.trigger.threshold = 10000 (custom)
2019-10-05 06:26:59,001 [pool-443-thread-1] INFO  segmented.SegmentedRaftLogWorker (SegmentedRaftLogWorker.java:lambda$new$0(128)) - 109dfb86-ee48-4d17-b40b-8876732df543@group-7E79086E28D4-SegmentedRaftLogWorker: flushIndex: setUnconditionally 0 -> -1
2019-10-05 06:26:59,001 [pool-413-thread-1] INFO  server.RaftServerConfigKeys (ConfUtils.java:logGet(43)) - raft.server.snapshot.retention.file.num = 5 (custom)
2019-10-05 06:26:59,001 [pool-443-thread-1] INFO  server.RaftServerConfigKeys (ConfUtils.java:logGet(43)) - raft.server.snapshot.auto.trigger.enabled = true (custom)
2019-10-05 06:26:59,001 [pool-413-thread-1] INFO  server.RaftServerConfigKeys (ConfUtils.java:logGet(43)) - raft.server.retrycache.expirytime = 600000ms (custom)
2019-10-05 06:26:59,002 [pool-443-thread-1] INFO  server.RaftServerConfigKeys (ConfUtils.java:logGet(43)) - raft.server.snapshot.auto.trigger.threshold = 10000 (custom)
2019-10-05 06:26:59,002 [pool-443-thread-1] INFO  server.RaftServerConfigKeys (ConfUtils.java:logGet(43)) - raft.server.snapshot.retention.file.num = 5 (custom)
2019-10-05 06:26:59,002 [pool-443-thread-1] INFO  server.RaftServerConfigKeys (ConfUtils.java:logGet(43)) - raft.server.retrycache.expirytime = 600000ms (custom)
2019-10-05 06:26:59,002 [pool-393-thread-1] INFO  impl.RaftServerImpl (RaftServerImpl.java:start(181)) - b3be66eb-999a-4c9a-88a3-427cb86f6dcd@group-7E79086E28D4: start as a follower, conf=-1: [109dfb86-ee48-4d17-b40b-8876732df543:192.168.30.11:41028, b3be66eb-999a-4c9a-88a3-427cb86f6dcd:192.168.30.11:34817, 271fe555-dac9-4311-97a6-9ff4e566822e:192.168.30.11:38180], old=null
2019-10-05 06:26:59,002 [pool-393-thread-1] INFO  impl.RaftServerImpl (RaftServerImpl.java:setRole(170)) - b3be66eb-999a-4c9a-88a3-427cb86f6dcd@group-7E79086E28D4: changes role from      null to FOLLOWER at term 0 for startAsFollower
2019-10-05 06:26:59,003 [pool-393-thread-1] INFO  impl.RoleInfo (RoleInfo.java:updateAndGet(143)) - b3be66eb-999a-4c9a-88a3-427cb86f6dcd: start FollowerState
2019-10-05 06:26:59,003 [pool-393-thread-1] INFO  util.JmxRegister (JmxRegister.java:tryRegister(44)) - Successfully registered JMX Bean with object name Ratis:service=RaftServer,group=group-7E79086E28D4,id=b3be66eb-999a-4c9a-88a3-427cb86f6dcd
2019-10-05 06:26:59,004 [pool-413-thread-1] INFO  impl.RaftServerImpl (RaftServerImpl.java:start(181)) - 271fe555-dac9-4311-97a6-9ff4e566822e@group-7E79086E28D4: start as a follower, conf=-1: [109dfb86-ee48-4d17-b40b-8876732df543:192.168.30.11:41028, b3be66eb-999a-4c9a-88a3-427cb86f6dcd:192.168.30.11:34817, 271fe555-dac9-4311-97a6-9ff4e566822e:192.168.30.11:38180], old=null
2019-10-05 06:26:59,004 [pool-413-thread-1] INFO  impl.RaftServerImpl (RaftServerImpl.java:setRole(170)) - 271fe555-dac9-4311-97a6-9ff4e566822e@group-7E79086E28D4: changes role from      null to FOLLOWER at term 0 for startAsFollower
2019-10-05 06:26:59,004 [pool-413-thread-1] INFO  impl.RoleInfo (RoleInfo.java:updateAndGet(143)) - 271fe555-dac9-4311-97a6-9ff4e566822e: start FollowerState
2019-10-05 06:26:59,004 [pool-443-thread-1] INFO  impl.RaftServerImpl (RaftServerImpl.java:start(181)) - 109dfb86-ee48-4d17-b40b-8876732df543@group-7E79086E28D4: start as a follower, conf=-1: [109dfb86-ee48-4d17-b40b-8876732df543:192.168.30.11:41028, b3be66eb-999a-4c9a-88a3-427cb86f6dcd:192.168.30.11:34817, 271fe555-dac9-4311-97a6-9ff4e566822e:192.168.30.11:38180], old=null
2019-10-05 06:26:59,004 [pool-443-thread-1] INFO  impl.RaftServerImpl (RaftServerImpl.java:setRole(170)) - 109dfb86-ee48-4d17-b40b-8876732df543@group-7E79086E28D4: changes role from      null to FOLLOWER at term 0 for startAsFollower
2019-10-05 06:26:59,004 [pool-413-thread-1] INFO  util.JmxRegister (JmxRegister.java:tryRegister(44)) - Successfully registered JMX Bean with object name Ratis:service=RaftServer,group=group-7E79086E28D4,id=271fe555-dac9-4311-97a6-9ff4e566822e
2019-10-05 06:26:59,005 [pool-443-thread-1] INFO  impl.RoleInfo (RoleInfo.java:updateAndGet(143)) - 109dfb86-ee48-4d17-b40b-8876732df543: start FollowerState
2019-10-05 06:26:59,005 [pool-443-thread-1] INFO  util.JmxRegister (JmxRegister.java:tryRegister(44)) - Successfully registered JMX Bean with object name Ratis:service=RaftServer,group=group-7E79086E28D4,id=109dfb86-ee48-4d17-b40b-8876732df543
2019-10-05 06:26:59,010 [RatisPipelineUtilsThread] INFO  pipeline.PipelineStateManager (PipelineStateManager.java:addPipeline(56)) - Created pipeline Pipeline[ Id: 27cc3739-9612-4a27-a351-7e79086e28d4, Nodes: 109dfb86-ee48-4d17-b40b-8876732df543{ip: 192.168.30.11, host: trunk-nightly-20191005-lqjcv-646031197, networkLocation: /default-rack, certSerialId: null}b3be66eb-999a-4c9a-88a3-427cb86f6dcd{ip: 192.168.30.11, host: trunk-nightly-20191005-lqjcv-646031197, networkLocation: /default-rack, certSerialId: null}271fe555-dac9-4311-97a6-9ff4e566822e{ip: 192.168.30.11, host: trunk-nightly-20191005-lqjcv-646031197, networkLocation: /default-rack, certSerialId: null}, Type:RATIS, Factor:THREE, State:OPEN]
2019-10-05 06:26:59,020 [grpc-default-executor-4] INFO  impl.RaftServerProxy (RaftServerProxy.java:addNew(89)) - 977e4168-6b16-4317-a8f1-dad5ec07a45c: addNew group-22B627084B19:[977e4168-6b16-4317-a8f1-dad5ec07a45c:192.168.30.11:40730, cd2e9be5-bd4a-4efa-ab44-8e9a04b19f0e:192.168.30.11:46386, 2a87fcd0-34fb-4b0f-af8f-09da225f1900:192.168.30.11:37900] returns group-22B627084B19:java.util.concurrent.CompletableFuture@e47d40d[Not completed]
2019-10-05 06:26:59,020 [grpc-default-executor-7] INFO  impl.RaftServerProxy (RaftServerProxy.java:addNew(89)) - cd2e9be5-bd4a-4efa-ab44-8e9a04b19f0e: addNew group-22B627084B19:[977e4168-6b16-4317-a8f1-dad5ec07a45c:192.168.30.11:40730, cd2e9be5-bd4a-4efa-ab44-8e9a04b19f0e:192.168.30.11:46386, 2a87fcd0-34fb-4b0f-af8f-09da225f1900:192.168.30.11:37900] returns group-22B627084B19:java.util.concurrent.CompletableFuture@416b4111[Not completed]
2019-10-05 06:26:59,020 [grpc-default-executor-2] INFO  impl.RaftServerProxy (RaftServerProxy.java:addNew(89)) - 2a87fcd0-34fb-4b0f-af8f-09da225f1900: addNew group-22B627084B19:[977e4168-6b16-4317-a8f1-dad5ec07a45c:192.168.30.11:40730, cd2e9be5-bd4a-4efa-ab44-8e9a04b19f0e:192.168.30.11:46386, 2a87fcd0-34fb-4b0f-af8f-09da225f1900:192.168.30.11:37900] returns group-22B627084B19:java.util.concurrent.CompletableFuture@301e32cd[Not completed]
2019-10-05 06:26:59,024 [pool-423-thread-1] INFO  impl.RaftServerImpl (RaftServerImpl.java:<init>(95)) - 977e4168-6b16-4317-a8f1-dad5ec07a45c: new RaftServerImpl for group-22B627084B19:[977e4168-6b16-4317-a8f1-dad5ec07a45c:192.168.30.11:40730, cd2e9be5-bd4a-4efa-ab44-8e9a04b19f0e:192.168.30.11:46386, 2a87fcd0-34fb-4b0f-af8f-09da225f1900:192.168.30.11:37900] with ContainerStateMachine:uninitialized
2019-10-05 06:26:59,024 [pool-423-thread-1] INFO  server.RaftServerConfigKeys (ConfUtils.java:logGet(43)) - raft.server.rpc.timeout.min = 5s (custom)
2019-10-05 06:26:59,024 [pool-423-thread-1] INFO  server.RaftServerConfigKeys (ConfUtils.java:logGet(43)) - raft.server.rpc.timeout.max = 5200ms (custom)
2019-10-05 06:26:59,024 [pool-423-thread-1] INFO  server.RaftServerConfigKeys (ConfUtils.java:logGet(43)) - raft.server.rpcslowness.timeout = 120s (custom)
2019-10-05 06:26:59,024 [pool-423-thread-1] INFO  server.RaftServerConfigKeys (ConfUtils.java:logGet(43)) - raft.server.sleep.deviation.threshold = 300 (default)
2019-10-05 06:26:59,024 [pool-423-thread-1] INFO  server.RaftServerConfigKeys (ConfUtils.java:logGet(43)) - raft.server.log.appender.install.snapshot.enabled = false (custom)
2019-10-05 06:26:59,024 [pool-423-thread-1] INFO  impl.RaftServerImpl (ServerState.java:<init>(103)) - 977e4168-6b16-4317-a8f1-dad5ec07a45c@group-22B627084B19: ConfigurationManager, init=-1: [977e4168-6b16-4317-a8f1-dad5ec07a45c:192.168.30.11:40730, cd2e9be5-bd4a-4efa-ab44-8e9a04b19f0e:192.168.30.11:46386, 2a87fcd0-34fb-4b0f-af8f-09da225f1900:192.168.30.11:37900], old=null, confs=<EMPTY_MAP>
2019-10-05 06:26:59,024 [pool-423-thread-1] INFO  server.RaftServerConfigKeys (ConfUtils.java:logGet(43)) - raft.server.storage.dir = [/workdir/hadoop-ozone/integration-test/target/test-dir/MiniOzoneClusterImpl-7d9a0326-71e6-4c43-9e16-cabca91dad25/datanode-4/data/ratis] (custom)
2019-10-05 06:26:59,025 [pool-403-thread-1] INFO  impl.RaftServerImpl (RaftServerImpl.java:<init>(95)) - cd2e9be5-bd4a-4efa-ab44-8e9a04b19f0e: new RaftServerImpl for group-22B627084B19:[977e4168-6b16-4317-a8f1-dad5ec07a45c:192.168.30.11:40730, cd2e9be5-bd4a-4efa-ab44-8e9a04b19f0e:192.168.30.11:46386, 2a87fcd0-34fb-4b0f-af8f-09da225f1900:192.168.30.11:37900] with ContainerStateMachine:uninitialized
2019-10-05 06:26:59,025 [pool-423-thread-1] INFO  server.RaftServerConfigKeys (ConfUtils.java:logGet(43)) - raft.server.log.corruption.policy = EXCEPTION (default)
2019-10-05 06:26:59,025 [pool-403-thread-1] INFO  server.RaftServerConfigKeys (ConfUtils.java:logGet(43)) - raft.server.rpc.timeout.min = 5s (custom)
2019-10-05 06:26:59,025 [pool-383-thread-1] INFO  impl.RaftServerImpl (RaftServerImpl.java:<init>(95)) - 2a87fcd0-34fb-4b0f-af8f-09da225f1900: new RaftServerImpl for group-22B627084B19:[977e4168-6b16-4317-a8f1-dad5ec07a45c:192.168.30.11:40730, cd2e9be5-bd4a-4efa-ab44-8e9a04b19f0e:192.168.30.11:46386, 2a87fcd0-34fb-4b0f-af8f-09da225f1900:192.168.30.11:37900] with ContainerStateMachine:uninitialized
2019-10-05 06:26:59,025 [pool-423-thread-1] INFO  storage.RaftStorageDirectory (RaftStorageDirectory.java:analyzeStorage(246)) - The storage directory /workdir/hadoop-ozone/integration-test/target/test-dir/MiniOzoneClusterImpl-7d9a0326-71e6-4c43-9e16-cabca91dad25/datanode-4/data/ratis/fb1f7227-3b0e-4e4c-b258-22b627084b19 does not exist. Creating ...
2019-10-05 06:26:59,025 [pool-383-thread-1] INFO  server.RaftServerConfigKeys (ConfUtils.java:logGet(43)) - raft.server.rpc.timeout.min = 5s (custom)
2019-10-05 06:26:59,025 [pool-403-thread-1] INFO  server.RaftServerConfigKeys (ConfUtils.java:logGet(43)) - raft.server.rpc.timeout.max = 5200ms (custom)
2019-10-05 06:26:59,025 [pool-383-thread-1] INFO  server.RaftServerConfigKeys (ConfUtils.java:logGet(43)) - raft.server.rpc.timeout.max = 5200ms (custom)
2019-10-05 06:26:59,025 [pool-403-thread-1] INFO  server.RaftServerConfigKeys (ConfUtils.java:logGet(43)) - raft.server.rpcslowness.timeout = 120s (custom)
2019-10-05 06:26:59,026 [pool-383-thread-1] INFO  server.RaftServerConfigKeys (ConfUtils.java:logGet(43)) - raft.server.rpcslowness.timeout = 120s (custom)
2019-10-05 06:26:59,026 [pool-403-thread-1] INFO  server.RaftServerConfigKeys (ConfUtils.java:logGet(43)) - raft.server.sleep.deviation.threshold = 300 (default)
2019-10-05 06:26:59,026 [pool-383-thread-1] INFO  server.RaftServerConfigKeys (ConfUtils.java:logGet(43)) - raft.server.sleep.deviation.threshold = 300 (default)
2019-10-05 06:26:59,026 [pool-403-thread-1] INFO  server.RaftServerConfigKeys (ConfUtils.java:logGet(43)) - raft.server.log.appender.install.snapshot.enabled = false (custom)
2019-10-05 06:26:59,026 [pool-383-thread-1] INFO  server.RaftServerConfigKeys (ConfUtils.java:logGet(43)) - raft.server.log.appender.install.snapshot.enabled = false (custom)
2019-10-05 06:26:59,026 [pool-403-thread-1] INFO  impl.RaftServerImpl (ServerState.java:<init>(103)) - cd2e9be5-bd4a-4efa-ab44-8e9a04b19f0e@group-22B627084B19: ConfigurationManager, init=-1: [977e4168-6b16-4317-a8f1-dad5ec07a45c:192.168.30.11:40730, cd2e9be5-bd4a-4efa-ab44-8e9a04b19f0e:192.168.30.11:46386, 2a87fcd0-34fb-4b0f-af8f-09da225f1900:192.168.30.11:37900], old=null, confs=<EMPTY_MAP>
2019-10-05 06:26:59,026 [pool-383-thread-1] INFO  impl.RaftServerImpl (ServerState.java:<init>(103)) - 2a87fcd0-34fb-4b0f-af8f-09da225f1900@group-22B627084B19: ConfigurationManager, init=-1: [977e4168-6b16-4317-a8f1-dad5ec07a45c:192.168.30.11:40730, cd2e9be5-bd4a-4efa-ab44-8e9a04b19f0e:192.168.30.11:46386, 2a87fcd0-34fb-4b0f-af8f-09da225f1900:192.168.30.11:37900], old=null, confs=<EMPTY_MAP>
2019-10-05 06:26:59,026 [pool-403-thread-1] INFO  server.RaftServerConfigKeys (ConfUtils.java:logGet(43)) - raft.server.storage.dir = [/workdir/hadoop-ozone/integration-test/target/test-dir/MiniOzoneClusterImpl-7d9a0326-71e6-4c43-9e16-cabca91dad25/datanode-2/data/ratis] (custom)
2019-10-05 06:26:59,027 [pool-383-thread-1] INFO  server.RaftServerConfigKeys (ConfUtils.java:logGet(43)) - raft.server.storage.dir = [/workdir/hadoop-ozone/integration-test/target/test-dir/MiniOzoneClusterImpl-7d9a0326-71e6-4c43-9e16-cabca91dad25/datanode-0/data/ratis] (custom)
2019-10-05 06:26:59,027 [pool-403-thread-1] INFO  server.RaftServerConfigKeys (ConfUtils.java:logGet(43)) - raft.server.log.corruption.policy = EXCEPTION (default)
2019-10-05 06:26:59,027 [pool-383-thread-1] INFO  server.RaftServerConfigKeys (ConfUtils.java:logGet(43)) - raft.server.log.corruption.policy = EXCEPTION (default)
2019-10-05 06:26:59,027 [pool-403-thread-1] INFO  storage.RaftStorageDirectory (RaftStorageDirectory.java:analyzeStorage(246)) - The storage directory /workdir/hadoop-ozone/integration-test/target/test-dir/MiniOzoneClusterImpl-7d9a0326-71e6-4c43-9e16-cabca91dad25/datanode-2/data/ratis/fb1f7227-3b0e-4e4c-b258-22b627084b19 does not exist. Creating ...
2019-10-05 06:26:59,027 [pool-383-thread-1] INFO  storage.RaftStorageDirectory (RaftStorageDirectory.java:analyzeStorage(246)) - The storage directory /workdir/hadoop-ozone/integration-test/target/test-dir/MiniOzoneClusterImpl-7d9a0326-71e6-4c43-9e16-cabca91dad25/datanode-0/data/ratis/fb1f7227-3b0e-4e4c-b258-22b627084b19 does not exist. Creating ...
2019-10-05 06:26:59,051 [pool-423-thread-1] INFO  storage.RaftStorageDirectory (RaftStorageDirectory.java:tryLock(328)) - Lock on /workdir/hadoop-ozone/integration-test/target/test-dir/MiniOzoneClusterImpl-7d9a0326-71e6-4c43-9e16-cabca91dad25/datanode-4/data/ratis/fb1f7227-3b0e-4e4c-b258-22b627084b19/in_use.lock acquired by nodename 12161@trunk-nightly-20191005-lqjcv-646031197
2019-10-05 06:26:59,051 [pool-383-thread-1] INFO  storage.RaftStorageDirectory (RaftStorageDirectory.java:tryLock(328)) - Lock on /workdir/hadoop-ozone/integration-test/target/test-dir/MiniOzoneClusterImpl-7d9a0326-71e6-4c43-9e16-cabca91dad25/datanode-0/data/ratis/fb1f7227-3b0e-4e4c-b258-22b627084b19/in_use.lock acquired by nodename 12161@trunk-nightly-20191005-lqjcv-646031197
2019-10-05 06:26:59,051 [pool-403-thread-1] INFO  storage.RaftStorageDirectory (RaftStorageDirectory.java:tryLock(328)) - Lock on /workdir/hadoop-ozone/integration-test/target/test-dir/MiniOzoneClusterImpl-7d9a0326-71e6-4c43-9e16-cabca91dad25/datanode-2/data/ratis/fb1f7227-3b0e-4e4c-b258-22b627084b19/in_use.lock acquired by nodename 12161@trunk-nightly-20191005-lqjcv-646031197
2019-10-05 06:26:59,068 [pool-423-thread-1] INFO  storage.RaftStorage (RaftStorage.java:format(84)) - Storage directory /workdir/hadoop-ozone/integration-test/target/test-dir/MiniOzoneClusterImpl-7d9a0326-71e6-4c43-9e16-cabca91dad25/datanode-4/data/ratis/fb1f7227-3b0e-4e4c-b258-22b627084b19 has been successfully formatted.
2019-10-05 06:26:59,068 [pool-403-thread-1] INFO  storage.RaftStorage (RaftStorage.java:format(84)) - Storage directory /workdir/hadoop-ozone/integration-test/target/test-dir/MiniOzoneClusterImpl-7d9a0326-71e6-4c43-9e16-cabca91dad25/datanode-2/data/ratis/fb1f7227-3b0e-4e4c-b258-22b627084b19 has been successfully formatted.
2019-10-05 06:26:59,068 [pool-383-thread-1] INFO  storage.RaftStorage (RaftStorage.java:format(84)) - Storage directory /workdir/hadoop-ozone/integration-test/target/test-dir/MiniOzoneClusterImpl-7d9a0326-71e6-4c43-9e16-cabca91dad25/datanode-0/data/ratis/fb1f7227-3b0e-4e4c-b258-22b627084b19 has been successfully formatted.
2019-10-05 06:26:59,069 [pool-423-thread-1] INFO  ratis.ContainerStateMachine (ContainerStateMachine.java:loadSnapshot(230)) - group-22B627084B19: The snapshot info is null. Setting the last applied indexto:(t:0, i:~)
2019-10-05 06:26:59,069 [pool-403-thread-1] INFO  ratis.ContainerStateMachine (ContainerStateMachine.java:loadSnapshot(230)) - group-22B627084B19: The snapshot info is null. Setting the last applied indexto:(t:0, i:~)
2019-10-05 06:26:59,069 [pool-423-thread-1] INFO  server.RaftServerConfigKeys (ConfUtils.java:logGet(43)) - raft.server.notification.no-leader.timeout = 120s (custom)
2019-10-05 06:26:59,069 [pool-383-thread-1] INFO  ratis.ContainerStateMachine (ContainerStateMachine.java:loadSnapshot(230)) - group-22B627084B19: The snapshot info is null. Setting the last applied indexto:(t:0, i:~)
2019-10-05 06:26:59,069 [pool-423-thread-1] INFO  server.RaftServerConfigKeys (ConfUtils.java:logGet(43)) - raft.server.log.use.memory = false (default)
2019-10-05 06:26:59,069 [pool-403-thread-1] INFO  server.RaftServerConfigKeys (ConfUtils.java:logGet(43)) - raft.server.notification.no-leader.timeout = 120s (custom)
2019-10-05 06:26:59,069 [pool-423-thread-1] INFO  server.RaftServerConfigKeys (ConfUtils.java:logGet(43)) - raft.server.log.purge.gap = 1000000 (custom)
2019-10-05 06:26:59,069 [pool-383-thread-1] INFO  server.RaftServerConfigKeys (ConfUtils.java:logGet(43)) - raft.server.notification.no-leader.timeout = 120s (custom)
2019-10-05 06:26:59,070 [pool-423-thread-1] INFO  server.RaftServerConfigKeys (ConfUtils.java:logGet(43)) - raft.server.log.appender.buffer.byte-limit = 33554432 (custom)
2019-10-05 06:26:59,070 [pool-403-thread-1] INFO  server.RaftServerConfigKeys (ConfUtils.java:logGet(43)) - raft.server.log.use.memory = false (default)
2019-10-05 06:26:59,070 [pool-423-thread-1] INFO  server.RaftServerConfigKeys (ConfUtils.java:logGet(43)) - raft.server.log.segment.size.max = 1048576 (custom)
2019-10-05 06:26:59,070 [pool-383-thread-1] INFO  server.RaftServerConfigKeys (ConfUtils.java:logGet(43)) - raft.server.log.use.memory = false (default)
2019-10-05 06:26:59,070 [pool-423-thread-1] INFO  server.RaftServerConfigKeys (ConfUtils.java:logGet(43)) - raft.server.log.segment.cache.num.max = 2 (custom)
2019-10-05 06:26:59,070 [pool-403-thread-1] INFO  server.RaftServerConfigKeys (ConfUtils.java:logGet(43)) - raft.server.log.purge.gap = 1000000 (custom)
2019-10-05 06:26:59,070 [pool-423-thread-1] INFO  segmented.SegmentedRaftLogWorker (SegmentedRaftLogWorker.java:<init>(173)) - new 977e4168-6b16-4317-a8f1-dad5ec07a45c@group-22B627084B19-SegmentedRaftLogWorker for RaftStorage:Storage Directory /workdir/hadoop-ozone/integration-test/target/test-dir/MiniOzoneClusterImpl-7d9a0326-71e6-4c43-9e16-cabca91dad25/datanode-4/data/ratis/fb1f7227-3b0e-4e4c-b258-22b627084b19
2019-10-05 06:26:59,070 [pool-383-thread-1] INFO  server.RaftServerConfigKeys (ConfUtils.java:logGet(43)) - raft.server.log.purge.gap = 1000000 (custom)
2019-10-05 06:26:59,071 [pool-423-thread-1] INFO  server.RaftServerConfigKeys (ConfUtils.java:logGet(43)) - raft.server.log.queue.byte-limit = 2147483647 (custom)
2019-10-05 06:26:59,071 [pool-403-thread-1] INFO  server.RaftServerConfigKeys (ConfUtils.java:logGet(43)) - raft.server.log.appender.buffer.byte-limit = 33554432 (custom)
2019-10-05 06:26:59,071 [pool-423-thread-1] INFO  server.RaftServerConfigKeys (ConfUtils.java:logGet(43)) - raft.server.log.queue.element-limit = 1024 (custom)
2019-10-05 06:26:59,071 [pool-423-thread-1] INFO  server.RaftServerConfigKeys (ConfUtils.java:logGet(43)) - raft.server.log.segment.size.max = 1048576 (custom)
2019-10-05 06:26:59,071 [pool-383-thread-1] INFO  server.RaftServerConfigKeys (ConfUtils.java:logGet(43)) - raft.server.log.appender.buffer.byte-limit = 33554432 (custom)
2019-10-05 06:26:59,071 [pool-423-thread-1] INFO  server.RaftServerConfigKeys (ConfUtils.java:logGet(43)) - raft.server.log.preallocated.size = 16384 (custom)
2019-10-05 06:26:59,071 [pool-403-thread-1] INFO  server.RaftServerConfigKeys (ConfUtils.java:logGet(43)) - raft.server.log.segment.size.max = 1048576 (custom)
2019-10-05 06:26:59,072 [pool-423-thread-1] INFO  server.RaftServerConfigKeys (ConfUtils.java:logGet(43)) - raft.server.log.write.buffer.size = 33554432 (custom)
2019-10-05 06:26:59,071 [pool-383-thread-1] INFO  server.RaftServerConfigKeys (ConfUtils.java:logGet(43)) - raft.server.log.segment.size.max = 1048576 (custom)
2019-10-05 06:26:59,072 [pool-423-thread-1] INFO  server.RaftServerConfigKeys (ConfUtils.java:logGet(43)) - raft.server.log.force.sync.num = 128 (default)
2019-10-05 06:26:59,072 [pool-403-thread-1] INFO  server.RaftServerConfigKeys (ConfUtils.java:logGet(43)) - raft.server.log.segment.cache.num.max = 2 (custom)
2019-10-05 06:26:59,072 [pool-423-thread-1] INFO  server.RaftServerConfigKeys (ConfUtils.java:logGet(43)) - raft.server.log.statemachine.data.sync = true (default)
2019-10-05 06:26:59,072 [pool-383-thread-1] INFO  server.RaftServerConfigKeys (ConfUtils.java:logGet(43)) - raft.server.log.segment.cache.num.max = 2 (custom)
2019-10-05 06:26:59,072 [pool-423-thread-1] INFO  server.RaftServerConfigKeys (ConfUtils.java:logGet(43)) - raft.server.log.statemachine.data.sync.timeout = 10s (default)
2019-10-05 06:26:59,072 [pool-403-thread-1] INFO  segmented.SegmentedRaftLogWorker (SegmentedRaftLogWorker.java:<init>(173)) - new cd2e9be5-bd4a-4efa-ab44-8e9a04b19f0e@group-22B627084B19-SegmentedRaftLogWorker for RaftStorage:Storage Directory /workdir/hadoop-ozone/integration-test/target/test-dir/MiniOzoneClusterImpl-7d9a0326-71e6-4c43-9e16-cabca91dad25/datanode-2/data/ratis/fb1f7227-3b0e-4e4c-b258-22b627084b19
2019-10-05 06:26:59,073 [pool-423-thread-1] INFO  server.RaftServerConfigKeys (ConfUtils.java:logGet(43)) - raft.server.log.statemachine.data.sync.timeout.retry = -1 (default)
2019-10-05 06:26:59,072 [pool-383-thread-1] INFO  segmented.SegmentedRaftLogWorker (SegmentedRaftLogWorker.java:<init>(173)) - new 2a87fcd0-34fb-4b0f-af8f-09da225f1900@group-22B627084B19-SegmentedRaftLogWorker for RaftStorage:Storage Directory /workdir/hadoop-ozone/integration-test/target/test-dir/MiniOzoneClusterImpl-7d9a0326-71e6-4c43-9e16-cabca91dad25/datanode-0/data/ratis/fb1f7227-3b0e-4e4c-b258-22b627084b19
2019-10-05 06:26:59,073 [pool-423-thread-1] INFO  server.RaftServerConfigKeys (ConfUtils.java:logGet(43)) - raft.server.log.statemachine.data.caching.enabled = true (custom)
2019-10-05 06:26:59,073 [pool-403-thread-1] INFO  server.RaftServerConfigKeys (ConfUtils.java:logGet(43)) - raft.server.log.queue.byte-limit = 2147483647 (custom)
2019-10-05 06:26:59,073 [pool-423-thread-1] INFO  segmented.SegmentedRaftLogWorker (SegmentedRaftLogWorker.java:lambda$new$0(128)) - 977e4168-6b16-4317-a8f1-dad5ec07a45c@group-22B627084B19-SegmentedRaftLogWorker: flushIndex: setUnconditionally 0 -> -1
2019-10-05 06:26:59,073 [pool-383-thread-1] INFO  server.RaftServerConfigKeys (ConfUtils.java:logGet(43)) - raft.server.log.queue.byte-limit = 2147483647 (custom)
2019-10-05 06:26:59,073 [pool-403-thread-1] INFO  server.RaftServerConfigKeys (ConfUtils.java:logGet(43)) - raft.server.log.queue.element-limit = 1024 (custom)
2019-10-05 06:26:59,074 [pool-423-thread-1] INFO  server.RaftServerConfigKeys (ConfUtils.java:logGet(43)) - raft.server.snapshot.auto.trigger.enabled = true (custom)
2019-10-05 06:26:59,074 [pool-383-thread-1] INFO  server.RaftServerConfigKeys (ConfUtils.java:logGet(43)) - raft.server.log.queue.element-limit = 1024 (custom)
2019-10-05 06:26:59,074 [pool-423-thread-1] INFO  server.RaftServerConfigKeys (ConfUtils.java:logGet(43)) - raft.server.snapshot.auto.trigger.threshold = 10000 (custom)
2019-10-05 06:26:59,074 [pool-403-thread-1] INFO  server.RaftServerConfigKeys (ConfUtils.java:logGet(43)) - raft.server.log.segment.size.max = 1048576 (custom)
2019-10-05 06:26:59,074 [pool-423-thread-1] INFO  server.RaftServerConfigKeys (ConfUtils.java:logGet(43)) - raft.server.snapshot.retention.file.num = 5 (custom)
2019-10-05 06:26:59,074 [pool-383-thread-1] INFO  server.RaftServerConfigKeys (ConfUtils.java:logGet(43)) - raft.server.log.segment.size.max = 1048576 (custom)
2019-10-05 06:26:59,074 [pool-423-thread-1] INFO  server.RaftServerConfigKeys (ConfUtils.java:logGet(43)) - raft.server.retrycache.expirytime = 600000ms (custom)
2019-10-05 06:26:59,074 [pool-403-thread-1] INFO  server.RaftServerConfigKeys (ConfUtils.java:logGet(43)) - raft.server.log.preallocated.size = 16384 (custom)
2019-10-05 06:26:59,074 [pool-383-thread-1] INFO  server.RaftServerConfigKeys (ConfUtils.java:logGet(43)) - raft.server.log.preallocated.size = 16384 (custom)
2019-10-05 06:26:59,075 [pool-403-thread-1] INFO  server.RaftServerConfigKeys (ConfUtils.java:logGet(43)) - raft.server.log.write.buffer.size = 33554432 (custom)
2019-10-05 06:26:59,075 [pool-383-thread-1] INFO  server.RaftServerConfigKeys (ConfUtils.java:logGet(43)) - raft.server.log.write.buffer.size = 33554432 (custom)
2019-10-05 06:26:59,075 [pool-403-thread-1] INFO  server.RaftServerConfigKeys (ConfUtils.java:logGet(43)) - raft.server.log.force.sync.num = 128 (default)
2019-10-05 06:26:59,075 [pool-383-thread-1] INFO  server.RaftServerConfigKeys (ConfUtils.java:logGet(43)) - raft.server.log.force.sync.num = 128 (default)
2019-10-05 06:26:59,075 [pool-403-thread-1] INFO  server.RaftServerConfigKeys (ConfUtils.java:logGet(43)) - raft.server.log.statemachine.data.sync = true (default)
2019-10-05 06:26:59,075 [pool-383-thread-1] INFO  server.RaftServerConfigKeys (ConfUtils.java:logGet(43)) - raft.server.log.statemachine.data.sync = true (default)
2019-10-05 06:26:59,075 [pool-403-thread-1] INFO  server.RaftServerConfigKeys (ConfUtils.java:logGet(43)) - raft.server.log.statemachine.data.sync.timeout = 10s (default)
2019-10-05 06:26:59,076 [pool-383-thread-1] INFO  server.RaftServerConfigKeys (ConfUtils.java:logGet(43)) - raft.server.log.statemachine.data.sync.timeout = 10s (default)
2019-10-05 06:26:59,076 [pool-423-thread-1] INFO  impl.RaftServerImpl (RaftServerImpl.java:start(181)) - 977e4168-6b16-4317-a8f1-dad5ec07a45c@group-22B627084B19: start as a follower, conf=-1: [977e4168-6b16-4317-a8f1-dad5ec07a45c:192.168.30.11:40730, cd2e9be5-bd4a-4efa-ab44-8e9a04b19f0e:192.168.30.11:46386, 2a87fcd0-34fb-4b0f-af8f-09da225f1900:192.168.30.11:37900], old=null
2019-10-05 06:26:59,076 [pool-403-thread-1] INFO  server.RaftServerConfigKeys (ConfUtils.java:logGet(43)) - raft.server.log.statemachine.data.sync.timeout.retry = -1 (default)
2019-10-05 06:26:59,076 [pool-423-thread-1] INFO  impl.RaftServerImpl (RaftServerImpl.java:setRole(170)) - 977e4168-6b16-4317-a8f1-dad5ec07a45c@group-22B627084B19: changes role from      null to FOLLOWER at term 0 for startAsFollower
2019-10-05 06:26:59,076 [pool-383-thread-1] INFO  server.RaftServerConfigKeys (ConfUtils.java:logGet(43)) - raft.server.log.statemachine.data.sync.timeout.retry = -1 (default)
2019-10-05 06:26:59,076 [pool-423-thread-1] INFO  impl.RoleInfo (RoleInfo.java:updateAndGet(143)) - 977e4168-6b16-4317-a8f1-dad5ec07a45c: start FollowerState
2019-10-05 06:26:59,076 [pool-403-thread-1] INFO  server.RaftServerConfigKeys (ConfUtils.java:logGet(43)) - raft.server.log.statemachine.data.caching.enabled = true (custom)
2019-10-05 06:26:59,076 [pool-383-thread-1] INFO  server.RaftServerConfigKeys (ConfUtils.java:logGet(43)) - raft.server.log.statemachine.data.caching.enabled = true (custom)
2019-10-05 06:26:59,077 [pool-423-thread-1] INFO  util.JmxRegister (JmxRegister.java:tryRegister(44)) - Successfully registered JMX Bean with object name Ratis:service=RaftServer,group=group-22B627084B19,id=977e4168-6b16-4317-a8f1-dad5ec07a45c
2019-10-05 06:26:59,077 [pool-403-thread-1] INFO  segmented.SegmentedRaftLogWorker (SegmentedRaftLogWorker.java:lambda$new$0(128)) - cd2e9be5-bd4a-4efa-ab44-8e9a04b19f0e@group-22B627084B19-SegmentedRaftLogWorker: flushIndex: setUnconditionally 0 -> -1
2019-10-05 06:26:59,077 [pool-383-thread-1] INFO  segmented.SegmentedRaftLogWorker (SegmentedRaftLogWorker.java:lambda$new$0(128)) - 2a87fcd0-34fb-4b0f-af8f-09da225f1900@group-22B627084B19-SegmentedRaftLogWorker: flushIndex: setUnconditionally 0 -> -1
2019-10-05 06:26:59,077 [pool-403-thread-1] INFO  server.RaftServerConfigKeys (ConfUtils.java:logGet(43)) - raft.server.snapshot.auto.trigger.enabled = true (custom)
2019-10-05 06:26:59,077 [pool-403-thread-1] INFO  server.RaftServerConfigKeys (ConfUtils.java:logGet(43)) - raft.server.snapshot.auto.trigger.threshold = 10000 (custom)
2019-10-05 06:26:59,077 [pool-383-thread-1] INFO  server.RaftServerConfigKeys (ConfUtils.java:logGet(43)) - raft.server.snapshot.auto.trigger.enabled = true (custom)
2019-10-05 06:26:59,078 [pool-403-thread-1] INFO  server.RaftServerConfigKeys (ConfUtils.java:logGet(43)) - raft.server.snapshot.retention.file.num = 5 (custom)
2019-10-05 06:26:59,078 [pool-383-thread-1] INFO  server.RaftServerConfigKeys (ConfUtils.java:logGet(43)) - raft.server.snapshot.auto.trigger.threshold = 10000 (custom)
2019-10-05 06:26:59,078 [pool-403-thread-1] INFO  server.RaftServerConfigKeys (ConfUtils.java:logGet(43)) - raft.server.retrycache.expirytime = 600000ms (custom)
2019-10-05 06:26:59,078 [pool-383-thread-1] INFO  server.RaftServerConfigKeys (ConfUtils.java:logGet(43)) - raft.server.snapshot.retention.file.num = 5 (custom)
2019-10-05 06:26:59,078 [pool-383-thread-1] INFO  server.RaftServerConfigKeys (ConfUtils.java:logGet(43)) - raft.server.retrycache.expirytime = 600000ms (custom)
2019-10-05 06:26:59,081 [pool-383-thread-1] INFO  impl.RaftServerImpl (RaftServerImpl.java:start(181)) - 2a87fcd0-34fb-4b0f-af8f-09da225f1900@group-22B627084B19: start as a follower, conf=-1: [977e4168-6b16-4317-a8f1-dad5ec07a45c:192.168.30.11:40730, cd2e9be5-bd4a-4efa-ab44-8e9a04b19f0e:192.168.30.11:46386, 2a87fcd0-34fb-4b0f-af8f-09da225f1900:192.168.30.11:37900], old=null
2019-10-05 06:26:59,081 [pool-403-thread-1] INFO  impl.RaftServerImpl (RaftServerImpl.java:start(181)) - cd2e9be5-bd4a-4efa-ab44-8e9a04b19f0e@group-22B627084B19: start as a follower, conf=-1: [977e4168-6b16-4317-a8f1-dad5ec07a45c:192.168.30.11:40730, cd2e9be5-bd4a-4efa-ab44-8e9a04b19f0e:192.168.30.11:46386, 2a87fcd0-34fb-4b0f-af8f-09da225f1900:192.168.30.11:37900], old=null
2019-10-05 06:26:59,081 [pool-383-thread-1] INFO  impl.RaftServerImpl (RaftServerImpl.java:setRole(170)) - 2a87fcd0-34fb-4b0f-af8f-09da225f1900@group-22B627084B19: changes role from      null to FOLLOWER at term 0 for startAsFollower
2019-10-05 06:26:59,081 [pool-403-thread-1] INFO  impl.RaftServerImpl (RaftServerImpl.java:setRole(170)) - cd2e9be5-bd4a-4efa-ab44-8e9a04b19f0e@group-22B627084B19: changes role from      null to FOLLOWER at term 0 for startAsFollower
2019-10-05 06:26:59,082 [pool-383-thread-1] INFO  impl.RoleInfo (RoleInfo.java:updateAndGet(143)) - 2a87fcd0-34fb-4b0f-af8f-09da225f1900: start FollowerState
2019-10-05 06:26:59,082 [pool-403-thread-1] INFO  impl.RoleInfo (RoleInfo.java:updateAndGet(143)) - cd2e9be5-bd4a-4efa-ab44-8e9a04b19f0e: start FollowerState
2019-10-05 06:26:59,082 [pool-383-thread-1] INFO  util.JmxRegister (JmxRegister.java:tryRegister(44)) - Successfully registered JMX Bean with object name Ratis:service=RaftServer,group=group-22B627084B19,id=2a87fcd0-34fb-4b0f-af8f-09da225f1900
2019-10-05 06:26:59,082 [pool-403-thread-1] INFO  util.JmxRegister (JmxRegister.java:tryRegister(44)) - Successfully registered JMX Bean with object name Ratis:service=RaftServer,group=group-22B627084B19,id=cd2e9be5-bd4a-4efa-ab44-8e9a04b19f0e
2019-10-05 06:26:59,088 [RatisPipelineUtilsThread] INFO  pipeline.PipelineStateManager (PipelineStateManager.java:addPipeline(56)) - Created pipeline Pipeline[ Id: fb1f7227-3b0e-4e4c-b258-22b627084b19, Nodes: 977e4168-6b16-4317-a8f1-dad5ec07a45c{ip: 192.168.30.11, host: trunk-nightly-20191005-lqjcv-646031197, networkLocation: /default-rack, certSerialId: null}2a87fcd0-34fb-4b0f-af8f-09da225f1900{ip: 192.168.30.11, host: trunk-nightly-20191005-lqjcv-646031197, networkLocation: /default-rack, certSerialId: null}cd2e9be5-bd4a-4efa-ab44-8e9a04b19f0e{ip: 192.168.30.11, host: trunk-nightly-20191005-lqjcv-646031197, networkLocation: /default-rack, certSerialId: null}, Type:RATIS, Factor:THREE, State:OPEN]
2019-10-05 06:26:59,814 [main] INFO  ozone.MiniOzoneClusterImpl (MiniOzoneClusterImpl.java:lambda$waitForClusterToBeReady$0(147)) - Cluster is ready. Got 7 of 7 DN Heartbeats.
2019-10-05 06:26:59,862 [main] INFO  rpc.RpcClient (RpcClient.java:createVolume(277)) - Creating Volume: watchforcommithandlingtest, with jenkins1000 as owner.
2019-10-05 06:26:59,866 [IPC Server handler 1 on 42627] INFO  volume.OMVolumeCreateRequest (OMVolumeCreateRequest.java:validateAndUpdateCache(193)) - created volume:watchforcommithandlingtest for user:jenkins1000
2019-10-05 06:26:59,881 [main] INFO  rpc.RpcClient (RpcClient.java:createBucket(416)) - Creating Bucket: watchforcommithandlingtest/watchforcommithandlingtest, with Versioning false and Storage Type set to DISK and Encryption set to false 
2019-10-05 06:26:59,886 [main] INFO  ozone.MiniOzoneClusterImpl (MiniOzoneClusterImpl.java:getStorageContainerLocationClient(234)) - Creating StorageContainerLocationProtocol RPC client with address /0.0.0.0:40136
2019-10-05 06:27:01,426 [Thread-2329] INFO  container.ReplicationManager (ReplicationManager.java:start(162)) - Starting Replication Monitor Thread.
2019-10-05 06:27:01,438 [ReplicationMonitor] INFO  container.ReplicationManager (ReplicationManager.java:run(225)) - Replication Monitor Thread took 0 milliseconds for processing 1 containers.
2019-10-05 06:27:03,596 [Thread-2331] INFO  impl.FollowerState (FollowerState.java:run(108)) - 2a87fcd0-34fb-4b0f-af8f-09da225f1900@group-073B3C971C5A-FollowerState: change to CANDIDATE, lastRpcTime:5099ms, electionTimeout:5099ms
2019-10-05 06:27:03,597 [Thread-2331] INFO  impl.RoleInfo (RoleInfo.java:shutdownFollowerState(121)) - 2a87fcd0-34fb-4b0f-af8f-09da225f1900: shutdown FollowerState
2019-10-05 06:27:03,598 [Thread-2331] INFO  impl.RaftServerImpl (RaftServerImpl.java:setRole(170)) - 2a87fcd0-34fb-4b0f-af8f-09da225f1900@group-073B3C971C5A: changes role from  FOLLOWER to CANDIDATE at term 0 for changeToCandidate
2019-10-05 06:27:03,598 [Thread-2331] INFO  impl.RoleInfo (RoleInfo.java:updateAndGet(143)) - 2a87fcd0-34fb-4b0f-af8f-09da225f1900: start LeaderElection
2019-10-05 06:27:03,633 [2a87fcd0-34fb-4b0f-af8f-09da225f1900@group-073B3C971C5A-LeaderElection57] INFO  impl.LeaderElection (LeaderElection.java:askForVotes(178)) - 2a87fcd0-34fb-4b0f-af8f-09da225f1900@group-073B3C971C5A-LeaderElection57: begin an election at term 1 for -1: [2a87fcd0-34fb-4b0f-af8f-09da225f1900:192.168.30.11:37900], old=null
2019-10-05 06:27:03,633 [2a87fcd0-34fb-4b0f-af8f-09da225f1900@group-073B3C971C5A-LeaderElection57] INFO  impl.RoleInfo (RoleInfo.java:shutdownLeaderElection(134)) - 2a87fcd0-34fb-4b0f-af8f-09da225f1900: shutdown LeaderElection
2019-10-05 06:27:03,633 [2a87fcd0-34fb-4b0f-af8f-09da225f1900@group-073B3C971C5A-LeaderElection57] INFO  impl.RaftServerImpl (RaftServerImpl.java:setRole(170)) - 2a87fcd0-34fb-4b0f-af8f-09da225f1900@group-073B3C971C5A: changes role from CANDIDATE to LEADER at term 1 for changeToLeader
2019-10-05 06:27:03,634 [2a87fcd0-34fb-4b0f-af8f-09da225f1900@group-073B3C971C5A-LeaderElection57] INFO  impl.RaftServerImpl (ServerState.java:setLeader(255)) - 2a87fcd0-34fb-4b0f-af8f-09da225f1900@group-073B3C971C5A: change Leader from null to 2a87fcd0-34fb-4b0f-af8f-09da225f1900 at term 1 for becomeLeader, leader elected after 5147ms
2019-10-05 06:27:03,634 [2a87fcd0-34fb-4b0f-af8f-09da225f1900@group-073B3C971C5A-LeaderElection57] INFO  server.RaftServerConfigKeys (ConfUtils.java:logGet(43)) - raft.server.staging.catchup.gap = 1000 (default)
2019-10-05 06:27:03,634 [2a87fcd0-34fb-4b0f-af8f-09da225f1900@group-073B3C971C5A-LeaderElection57] INFO  server.RaftServerConfigKeys (ConfUtils.java:logGet(43)) - raft.server.rpc.sleep.time = 25ms (default)
2019-10-05 06:27:03,634 [2a87fcd0-34fb-4b0f-af8f-09da225f1900@group-073B3C971C5A-LeaderElection57] INFO  server.RaftServerConfigKeys (ConfUtils.java:logGet(43)) - raft.server.write.element-limit = 4096 (default)
2019-10-05 06:27:03,635 [2a87fcd0-34fb-4b0f-af8f-09da225f1900@group-073B3C971C5A-LeaderElection57] INFO  server.RaftServerConfigKeys (ConfUtils.java:logGet(43)) - raft.server.watch.timeout = 10s (default)
2019-10-05 06:27:03,635 [2a87fcd0-34fb-4b0f-af8f-09da225f1900@group-073B3C971C5A-LeaderElection57] INFO  server.RaftServerConfigKeys (ConfUtils.java:logGet(43)) - raft.server.watch.timeout.denomination = 1s (default)
2019-10-05 06:27:03,635 [2a87fcd0-34fb-4b0f-af8f-09da225f1900@group-073B3C971C5A-LeaderElection57] INFO  server.RaftServerConfigKeys (ConfUtils.java:logGet(43)) - raft.server.watch.element-limit = 65536 (default)
2019-10-05 06:27:03,638 [2a87fcd0-34fb-4b0f-af8f-09da225f1900@group-073B3C971C5A-LeaderElection57] INFO  impl.RoleInfo (RoleInfo.java:updateAndGet(143)) - 2a87fcd0-34fb-4b0f-af8f-09da225f1900: start LeaderState
2019-10-05 06:27:03,639 [2a87fcd0-34fb-4b0f-af8f-09da225f1900@group-073B3C971C5A-LeaderElection57] INFO  segmented.SegmentedRaftLogWorker (SegmentedRaftLogWorker.java:startLogSegment(385)) - 2a87fcd0-34fb-4b0f-af8f-09da225f1900@group-073B3C971C5A-SegmentedRaftLogWorker: Starting segment from index:0
2019-10-05 06:27:03,640 [2a87fcd0-34fb-4b0f-af8f-09da225f1900@group-073B3C971C5A-LeaderElection57] INFO  impl.RaftServerImpl (ServerState.java:setRaftConf(356)) - 2a87fcd0-34fb-4b0f-af8f-09da225f1900@group-073B3C971C5A: set configuration 0: [2a87fcd0-34fb-4b0f-af8f-09da225f1900:192.168.30.11:37900], old=null at 0
2019-10-05 06:27:03,690 [Thread-2337] INFO  impl.FollowerState (FollowerState.java:run(108)) - cd2e9be5-bd4a-4efa-ab44-8e9a04b19f0e@group-660B1DDF7498-FollowerState: change to CANDIDATE, lastRpcTime:5051ms, electionTimeout:5051ms
2019-10-05 06:27:03,690 [Thread-2337] INFO  impl.RoleInfo (RoleInfo.java:shutdownFollowerState(121)) - cd2e9be5-bd4a-4efa-ab44-8e9a04b19f0e: shutdown FollowerState
2019-10-05 06:27:03,690 [Thread-2337] INFO  impl.RaftServerImpl (RaftServerImpl.java:setRole(170)) - cd2e9be5-bd4a-4efa-ab44-8e9a04b19f0e@group-660B1DDF7498: changes role from  FOLLOWER to CANDIDATE at term 0 for changeToCandidate
2019-10-05 06:27:03,690 [Thread-2337] INFO  impl.RoleInfo (RoleInfo.java:updateAndGet(143)) - cd2e9be5-bd4a-4efa-ab44-8e9a04b19f0e: start LeaderElection
2019-10-05 06:27:03,691 [2a87fcd0-34fb-4b0f-af8f-09da225f1900@group-073B3C971C5A-SegmentedRaftLogWorker] INFO  segmented.SegmentedRaftLogWorker (SegmentedRaftLogWorker.java:execute(574)) - 2a87fcd0-34fb-4b0f-af8f-09da225f1900@group-073B3C971C5A-SegmentedRaftLogWorker: created new log segment /workdir/hadoop-ozone/integration-test/target/test-dir/MiniOzoneClusterImpl-7d9a0326-71e6-4c43-9e16-cabca91dad25/datanode-0/data/ratis/513dd729-4a7d-4fdc-a87a-073b3c971c5a/current/log_inprogress_0
2019-10-05 06:27:03,714 [cd2e9be5-bd4a-4efa-ab44-8e9a04b19f0e@group-660B1DDF7498-LeaderElection58] INFO  impl.LeaderElection (LeaderElection.java:askForVotes(178)) - cd2e9be5-bd4a-4efa-ab44-8e9a04b19f0e@group-660B1DDF7498-LeaderElection58: begin an election at term 1 for -1: [cd2e9be5-bd4a-4efa-ab44-8e9a04b19f0e:192.168.30.11:46386], old=null
2019-10-05 06:27:03,714 [cd2e9be5-bd4a-4efa-ab44-8e9a04b19f0e@group-660B1DDF7498-LeaderElection58] INFO  impl.RoleInfo (RoleInfo.java:shutdownLeaderElection(134)) - cd2e9be5-bd4a-4efa-ab44-8e9a04b19f0e: shutdown LeaderElection
2019-10-05 06:27:03,714 [cd2e9be5-bd4a-4efa-ab44-8e9a04b19f0e@group-660B1DDF7498-LeaderElection58] INFO  impl.RaftServerImpl (RaftServerImpl.java:setRole(170)) - cd2e9be5-bd4a-4efa-ab44-8e9a04b19f0e@group-660B1DDF7498: changes role from CANDIDATE to LEADER at term 1 for changeToLeader
2019-10-05 06:27:03,714 [cd2e9be5-bd4a-4efa-ab44-8e9a04b19f0e@group-660B1DDF7498-LeaderElection58] INFO  impl.RaftServerImpl (ServerState.java:setLeader(255)) - cd2e9be5-bd4a-4efa-ab44-8e9a04b19f0e@group-660B1DDF7498: change Leader from null to cd2e9be5-bd4a-4efa-ab44-8e9a04b19f0e at term 1 for becomeLeader, leader elected after 5081ms
2019-10-05 06:27:03,714 [cd2e9be5-bd4a-4efa-ab44-8e9a04b19f0e@group-660B1DDF7498-LeaderElection58] INFO  server.RaftServerConfigKeys (ConfUtils.java:logGet(43)) - raft.server.staging.catchup.gap = 1000 (default)
2019-10-05 06:27:03,715 [cd2e9be5-bd4a-4efa-ab44-8e9a04b19f0e@group-660B1DDF7498-LeaderElection58] INFO  server.RaftServerConfigKeys (ConfUtils.java:logGet(43)) - raft.server.rpc.sleep.time = 25ms (default)
2019-10-05 06:27:03,715 [cd2e9be5-bd4a-4efa-ab44-8e9a04b19f0e@group-660B1DDF7498-LeaderElection58] INFO  server.RaftServerConfigKeys (ConfUtils.java:logGet(43)) - raft.server.write.element-limit = 4096 (default)
2019-10-05 06:27:03,715 [cd2e9be5-bd4a-4efa-ab44-8e9a04b19f0e@group-660B1DDF7498-LeaderElection58] INFO  server.RaftServerConfigKeys (ConfUtils.java:logGet(43)) - raft.server.watch.timeout = 10s (default)
2019-10-05 06:27:03,715 [cd2e9be5-bd4a-4efa-ab44-8e9a04b19f0e@group-660B1DDF7498-LeaderElection58] INFO  server.RaftServerConfigKeys (ConfUtils.java:logGet(43)) - raft.server.watch.timeout.denomination = 1s (default)
2019-10-05 06:27:03,715 [cd2e9be5-bd4a-4efa-ab44-8e9a04b19f0e@group-660B1DDF7498-LeaderElection58] INFO  server.RaftServerConfigKeys (ConfUtils.java:logGet(43)) - raft.server.watch.element-limit = 65536 (default)
2019-10-05 06:27:03,717 [cd2e9be5-bd4a-4efa-ab44-8e9a04b19f0e@group-660B1DDF7498-LeaderElection58] INFO  impl.RoleInfo (RoleInfo.java:updateAndGet(143)) - cd2e9be5-bd4a-4efa-ab44-8e9a04b19f0e: start LeaderState
2019-10-05 06:27:03,717 [cd2e9be5-bd4a-4efa-ab44-8e9a04b19f0e@group-660B1DDF7498-LeaderElection58] INFO  segmented.SegmentedRaftLogWorker (SegmentedRaftLogWorker.java:startLogSegment(385)) - cd2e9be5-bd4a-4efa-ab44-8e9a04b19f0e@group-660B1DDF7498-SegmentedRaftLogWorker: Starting segment from index:0
2019-10-05 06:27:03,718 [cd2e9be5-bd4a-4efa-ab44-8e9a04b19f0e@group-660B1DDF7498-LeaderElection58] INFO  impl.RaftServerImpl (ServerState.java:setRaftConf(356)) - cd2e9be5-bd4a-4efa-ab44-8e9a04b19f0e@group-660B1DDF7498: set configuration 0: [cd2e9be5-bd4a-4efa-ab44-8e9a04b19f0e:192.168.30.11:46386], old=null at 0
2019-10-05 06:27:03,756 [cd2e9be5-bd4a-4efa-ab44-8e9a04b19f0e@group-660B1DDF7498-SegmentedRaftLogWorker] INFO  segmented.SegmentedRaftLogWorker (SegmentedRaftLogWorker.java:execute(574)) - cd2e9be5-bd4a-4efa-ab44-8e9a04b19f0e@group-660B1DDF7498-SegmentedRaftLogWorker: created new log segment /workdir/hadoop-ozone/integration-test/target/test-dir/MiniOzoneClusterImpl-7d9a0326-71e6-4c43-9e16-cabca91dad25/datanode-2/data/ratis/22a9b472-3726-47bc-af7f-660b1ddf7498/current/log_inprogress_0
2019-10-05 06:27:03,773 [Thread-2334] INFO  impl.FollowerState (FollowerState.java:run(108)) - b3be66eb-999a-4c9a-88a3-427cb86f6dcd@group-D29016134365-FollowerState: change to CANDIDATE, lastRpcTime:5199ms, electionTimeout:5199ms
2019-10-05 06:27:03,773 [Thread-2334] INFO  impl.RoleInfo (RoleInfo.java:shutdownFollowerState(121)) - b3be66eb-999a-4c9a-88a3-427cb86f6dcd: shutdown FollowerState
2019-10-05 06:27:03,774 [Thread-2334] INFO  impl.RaftServerImpl (RaftServerImpl.java:setRole(170)) - b3be66eb-999a-4c9a-88a3-427cb86f6dcd@group-D29016134365: changes role from  FOLLOWER to CANDIDATE at term 0 for changeToCandidate
2019-10-05 06:27:03,774 [Thread-2334] INFO  impl.RoleInfo (RoleInfo.java:updateAndGet(143)) - b3be66eb-999a-4c9a-88a3-427cb86f6dcd: start LeaderElection
2019-10-05 06:27:03,787 [b3be66eb-999a-4c9a-88a3-427cb86f6dcd@group-D29016134365-LeaderElection59] INFO  impl.LeaderElection (LeaderElection.java:askForVotes(178)) - b3be66eb-999a-4c9a-88a3-427cb86f6dcd@group-D29016134365-LeaderElection59: begin an election at term 1 for -1: [b3be66eb-999a-4c9a-88a3-427cb86f6dcd:192.168.30.11:34817], old=null
2019-10-05 06:27:03,787 [b3be66eb-999a-4c9a-88a3-427cb86f6dcd@group-D29016134365-LeaderElection59] INFO  impl.RoleInfo (RoleInfo.java:shutdownLeaderElection(134)) - b3be66eb-999a-4c9a-88a3-427cb86f6dcd: shutdown LeaderElection
2019-10-05 06:27:03,787 [b3be66eb-999a-4c9a-88a3-427cb86f6dcd@group-D29016134365-LeaderElection59] INFO  impl.RaftServerImpl (RaftServerImpl.java:setRole(170)) - b3be66eb-999a-4c9a-88a3-427cb86f6dcd@group-D29016134365: changes role from CANDIDATE to LEADER at term 1 for changeToLeader
2019-10-05 06:27:03,787 [b3be66eb-999a-4c9a-88a3-427cb86f6dcd@group-D29016134365-LeaderElection59] INFO  impl.RaftServerImpl (ServerState.java:setLeader(255)) - b3be66eb-999a-4c9a-88a3-427cb86f6dcd@group-D29016134365: change Leader from null to b3be66eb-999a-4c9a-88a3-427cb86f6dcd at term 1 for becomeLeader, leader elected after 5219ms
2019-10-05 06:27:03,787 [b3be66eb-999a-4c9a-88a3-427cb86f6dcd@group-D29016134365-LeaderElection59] INFO  server.RaftServerConfigKeys (ConfUtils.java:logGet(43)) - raft.server.staging.catchup.gap = 1000 (default)
2019-10-05 06:27:03,788 [b3be66eb-999a-4c9a-88a3-427cb86f6dcd@group-D29016134365-LeaderElection59] INFO  server.RaftServerConfigKeys (ConfUtils.java:logGet(43)) - raft.server.rpc.sleep.time = 25ms (default)
2019-10-05 06:27:03,788 [b3be66eb-999a-4c9a-88a3-427cb86f6dcd@group-D29016134365-LeaderElection59] INFO  server.RaftServerConfigKeys (ConfUtils.java:logGet(43)) - raft.server.write.element-limit = 4096 (default)
2019-10-05 06:27:03,788 [b3be66eb-999a-4c9a-88a3-427cb86f6dcd@group-D29016134365-LeaderElection59] INFO  server.RaftServerConfigKeys (ConfUtils.java:logGet(43)) - raft.server.watch.timeout = 10s (default)
2019-10-05 06:27:03,788 [b3be66eb-999a-4c9a-88a3-427cb86f6dcd@group-D29016134365-LeaderElection59] INFO  server.RaftServerConfigKeys (ConfUtils.java:logGet(43)) - raft.server.watch.timeout.denomination = 1s (default)
2019-10-05 06:27:03,788 [b3be66eb-999a-4c9a-88a3-427cb86f6dcd@group-D29016134365-LeaderElection59] INFO  server.RaftServerConfigKeys (ConfUtils.java:logGet(43)) - raft.server.watch.element-limit = 65536 (default)
2019-10-05 06:27:03,789 [b3be66eb-999a-4c9a-88a3-427cb86f6dcd@group-D29016134365-LeaderElection59] INFO  impl.RoleInfo (RoleInfo.java:updateAndGet(143)) - b3be66eb-999a-4c9a-88a3-427cb86f6dcd: start LeaderState
2019-10-05 06:27:03,790 [b3be66eb-999a-4c9a-88a3-427cb86f6dcd@group-D29016134365-LeaderElection59] INFO  segmented.SegmentedRaftLogWorker (SegmentedRaftLogWorker.java:startLogSegment(385)) - b3be66eb-999a-4c9a-88a3-427cb86f6dcd@group-D29016134365-SegmentedRaftLogWorker: Starting segment from index:0
2019-10-05 06:27:03,790 [b3be66eb-999a-4c9a-88a3-427cb86f6dcd@group-D29016134365-LeaderElection59] INFO  impl.RaftServerImpl (ServerState.java:setRaftConf(356)) - b3be66eb-999a-4c9a-88a3-427cb86f6dcd@group-D29016134365: set configuration 0: [b3be66eb-999a-4c9a-88a3-427cb86f6dcd:192.168.30.11:34817], old=null at 0
2019-10-05 06:27:03,803 [Thread-2340] INFO  impl.FollowerState (FollowerState.java:run(108)) - 271fe555-dac9-4311-97a6-9ff4e566822e@group-11C5667A1E21-FollowerState: change to CANDIDATE, lastRpcTime:5098ms, electionTimeout:5098ms
2019-10-05 06:27:03,803 [Thread-2340] INFO  impl.RoleInfo (RoleInfo.java:shutdownFollowerState(121)) - 271fe555-dac9-4311-97a6-9ff4e566822e: shutdown FollowerState
2019-10-05 06:27:03,803 [Thread-2340] INFO  impl.RaftServerImpl (RaftServerImpl.java:setRole(170)) - 271fe555-dac9-4311-97a6-9ff4e566822e@group-11C5667A1E21: changes role from  FOLLOWER to CANDIDATE at term 0 for changeToCandidate
2019-10-05 06:27:03,803 [Thread-2340] INFO  impl.RoleInfo (RoleInfo.java:updateAndGet(143)) - 271fe555-dac9-4311-97a6-9ff4e566822e: start LeaderElection
2019-10-05 06:27:03,822 [b3be66eb-999a-4c9a-88a3-427cb86f6dcd@group-D29016134365-SegmentedRaftLogWorker] INFO  segmented.SegmentedRaftLogWorker (SegmentedRaftLogWorker.java:execute(574)) - b3be66eb-999a-4c9a-88a3-427cb86f6dcd@group-D29016134365-SegmentedRaftLogWorker: created new log segment /workdir/hadoop-ozone/integration-test/target/test-dir/MiniOzoneClusterImpl-7d9a0326-71e6-4c43-9e16-cabca91dad25/datanode-1/data/ratis/5f81d5bf-f02a-44f5-9c78-d29016134365/current/log_inprogress_0
2019-10-05 06:27:03,826 [271fe555-dac9-4311-97a6-9ff4e566822e@group-11C5667A1E21-LeaderElection60] INFO  impl.LeaderElection (LeaderElection.java:askForVotes(178)) - 271fe555-dac9-4311-97a6-9ff4e566822e@group-11C5667A1E21-LeaderElection60: begin an election at term 1 for -1: [271fe555-dac9-4311-97a6-9ff4e566822e:192.168.30.11:38180], old=null
2019-10-05 06:27:03,826 [271fe555-dac9-4311-97a6-9ff4e566822e@group-11C5667A1E21-LeaderElection60] INFO  impl.RoleInfo (RoleInfo.java:shutdownLeaderElection(134)) - 271fe555-dac9-4311-97a6-9ff4e566822e: shutdown LeaderElection
2019-10-05 06:27:03,826 [271fe555-dac9-4311-97a6-9ff4e566822e@group-11C5667A1E21-LeaderElection60] INFO  impl.RaftServerImpl (RaftServerImpl.java:setRole(170)) - 271fe555-dac9-4311-97a6-9ff4e566822e@group-11C5667A1E21: changes role from CANDIDATE to LEADER at term 1 for changeToLeader
2019-10-05 06:27:03,826 [271fe555-dac9-4311-97a6-9ff4e566822e@group-11C5667A1E21-LeaderElection60] INFO  impl.RaftServerImpl (ServerState.java:setLeader(255)) - 271fe555-dac9-4311-97a6-9ff4e566822e@group-11C5667A1E21: change Leader from null to 271fe555-dac9-4311-97a6-9ff4e566822e at term 1 for becomeLeader, leader elected after 5126ms
2019-10-05 06:27:03,827 [271fe555-dac9-4311-97a6-9ff4e566822e@group-11C5667A1E21-LeaderElection60] INFO  server.RaftServerConfigKeys (ConfUtils.java:logGet(43)) - raft.server.staging.catchup.gap = 1000 (default)
2019-10-05 06:27:03,827 [271fe555-dac9-4311-97a6-9ff4e566822e@group-11C5667A1E21-LeaderElection60] INFO  server.RaftServerConfigKeys (ConfUtils.java:logGet(43)) - raft.server.rpc.sleep.time = 25ms (default)
2019-10-05 06:27:03,827 [271fe555-dac9-4311-97a6-9ff4e566822e@group-11C5667A1E21-LeaderElection60] INFO  server.RaftServerConfigKeys (ConfUtils.java:logGet(43)) - raft.server.write.element-limit = 4096 (default)
2019-10-05 06:27:03,827 [271fe555-dac9-4311-97a6-9ff4e566822e@group-11C5667A1E21-LeaderElection60] INFO  server.RaftServerConfigKeys (ConfUtils.java:logGet(43)) - raft.server.watch.timeout = 10s (default)
2019-10-05 06:27:03,827 [271fe555-dac9-4311-97a6-9ff4e566822e@group-11C5667A1E21-LeaderElection60] INFO  server.RaftServerConfigKeys (ConfUtils.java:logGet(43)) - raft.server.watch.timeout.denomination = 1s (default)
2019-10-05 06:27:03,827 [271fe555-dac9-4311-97a6-9ff4e566822e@group-11C5667A1E21-LeaderElection60] INFO  server.RaftServerConfigKeys (ConfUtils.java:logGet(43)) - raft.server.watch.element-limit = 65536 (default)
2019-10-05 06:27:03,829 [271fe555-dac9-4311-97a6-9ff4e566822e@group-11C5667A1E21-LeaderElection60] INFO  impl.RoleInfo (RoleInfo.java:updateAndGet(143)) - 271fe555-dac9-4311-97a6-9ff4e566822e: start LeaderState
2019-10-05 06:27:03,830 [271fe555-dac9-4311-97a6-9ff4e566822e@group-11C5667A1E21-LeaderElection60] INFO  segmented.SegmentedRaftLogWorker (SegmentedRaftLogWorker.java:startLogSegment(385)) - 271fe555-dac9-4311-97a6-9ff4e566822e@group-11C5667A1E21-SegmentedRaftLogWorker: Starting segment from index:0
2019-10-05 06:27:03,830 [271fe555-dac9-4311-97a6-9ff4e566822e@group-11C5667A1E21-LeaderElection60] INFO  impl.RaftServerImpl (ServerState.java:setRaftConf(356)) - 271fe555-dac9-4311-97a6-9ff4e566822e@group-11C5667A1E21: set configuration 0: [271fe555-dac9-4311-97a6-9ff4e566822e:192.168.30.11:38180], old=null at 0
2019-10-05 06:27:03,897 [271fe555-dac9-4311-97a6-9ff4e566822e@group-11C5667A1E21-SegmentedRaftLogWorker] INFO  segmented.SegmentedRaftLogWorker (SegmentedRaftLogWorker.java:execute(574)) - 271fe555-dac9-4311-97a6-9ff4e566822e@group-11C5667A1E21-SegmentedRaftLogWorker: created new log segment /workdir/hadoop-ozone/integration-test/target/test-dir/MiniOzoneClusterImpl-7d9a0326-71e6-4c43-9e16-cabca91dad25/datanode-3/data/ratis/a358f2d7-de7c-4724-b917-11c5667a1e21/current/log_inprogress_0
2019-10-05 06:27:03,911 [Thread-2343] INFO  impl.FollowerState (FollowerState.java:run(108)) - 977e4168-6b16-4317-a8f1-dad5ec07a45c@group-6E9906EB0343-FollowerState: change to CANDIDATE, lastRpcTime:5123ms, electionTimeout:5123ms
2019-10-05 06:27:03,911 [Thread-2343] INFO  impl.RoleInfo (RoleInfo.java:shutdownFollowerState(121)) - 977e4168-6b16-4317-a8f1-dad5ec07a45c: shutdown FollowerState
2019-10-05 06:27:03,911 [Thread-2343] INFO  impl.RaftServerImpl (RaftServerImpl.java:setRole(170)) - 977e4168-6b16-4317-a8f1-dad5ec07a45c@group-6E9906EB0343: changes role from  FOLLOWER to CANDIDATE at term 0 for changeToCandidate
2019-10-05 06:27:03,911 [Thread-2343] INFO  impl.RoleInfo (RoleInfo.java:updateAndGet(143)) - 977e4168-6b16-4317-a8f1-dad5ec07a45c: start LeaderElection
2019-10-05 06:27:03,939 [977e4168-6b16-4317-a8f1-dad5ec07a45c@group-6E9906EB0343-LeaderElection61] INFO  impl.LeaderElection (LeaderElection.java:askForVotes(178)) - 977e4168-6b16-4317-a8f1-dad5ec07a45c@group-6E9906EB0343-LeaderElection61: begin an election at term 1 for -1: [977e4168-6b16-4317-a8f1-dad5ec07a45c:192.168.30.11:40730], old=null
2019-10-05 06:27:03,939 [977e4168-6b16-4317-a8f1-dad5ec07a45c@group-6E9906EB0343-LeaderElection61] INFO  impl.RoleInfo (RoleInfo.java:shutdownLeaderElection(134)) - 977e4168-6b16-4317-a8f1-dad5ec07a45c: shutdown LeaderElection
2019-10-05 06:27:03,939 [977e4168-6b16-4317-a8f1-dad5ec07a45c@group-6E9906EB0343-LeaderElection61] INFO  impl.RaftServerImpl (RaftServerImpl.java:setRole(170)) - 977e4168-6b16-4317-a8f1-dad5ec07a45c@group-6E9906EB0343: changes role from CANDIDATE to LEADER at term 1 for changeToLeader
2019-10-05 06:27:03,939 [977e4168-6b16-4317-a8f1-dad5ec07a45c@group-6E9906EB0343-LeaderElection61] INFO  impl.RaftServerImpl (ServerState.java:setLeader(255)) - 977e4168-6b16-4317-a8f1-dad5ec07a45c@group-6E9906EB0343: change Leader from null to 977e4168-6b16-4317-a8f1-dad5ec07a45c at term 1 for becomeLeader, leader elected after 5157ms
2019-10-05 06:27:03,939 [977e4168-6b16-4317-a8f1-dad5ec07a45c@group-6E9906EB0343-LeaderElection61] INFO  server.RaftServerConfigKeys (ConfUtils.java:logGet(43)) - raft.server.staging.catchup.gap = 1000 (default)
2019-10-05 06:27:03,939 [977e4168-6b16-4317-a8f1-dad5ec07a45c@group-6E9906EB0343-LeaderElection61] INFO  server.RaftServerConfigKeys (ConfUtils.java:logGet(43)) - raft.server.rpc.sleep.time = 25ms (default)
2019-10-05 06:27:03,939 [977e4168-6b16-4317-a8f1-dad5ec07a45c@group-6E9906EB0343-LeaderElection61] INFO  server.RaftServerConfigKeys (ConfUtils.java:logGet(43)) - raft.server.write.element-limit = 4096 (default)
2019-10-05 06:27:03,939 [977e4168-6b16-4317-a8f1-dad5ec07a45c@group-6E9906EB0343-LeaderElection61] INFO  server.RaftServerConfigKeys (ConfUtils.java:logGet(43)) - raft.server.watch.timeout = 10s (default)
2019-10-05 06:27:03,939 [977e4168-6b16-4317-a8f1-dad5ec07a45c@group-6E9906EB0343-LeaderElection61] INFO  server.RaftServerConfigKeys (ConfUtils.java:logGet(43)) - raft.server.watch.timeout.denomination = 1s (default)
2019-10-05 06:27:03,940 [977e4168-6b16-4317-a8f1-dad5ec07a45c@group-6E9906EB0343-LeaderElection61] INFO  server.RaftServerConfigKeys (ConfUtils.java:logGet(43)) - raft.server.watch.element-limit = 65536 (default)
2019-10-05 06:27:03,941 [977e4168-6b16-4317-a8f1-dad5ec07a45c@group-6E9906EB0343-LeaderElection61] INFO  impl.RoleInfo (RoleInfo.java:updateAndGet(143)) - 977e4168-6b16-4317-a8f1-dad5ec07a45c: start LeaderState
2019-10-05 06:27:03,941 [977e4168-6b16-4317-a8f1-dad5ec07a45c@group-6E9906EB0343-LeaderElection61] INFO  segmented.SegmentedRaftLogWorker (SegmentedRaftLogWorker.java:startLogSegment(385)) - 977e4168-6b16-4317-a8f1-dad5ec07a45c@group-6E9906EB0343-SegmentedRaftLogWorker: Starting segment from index:0
2019-10-05 06:27:03,941 [977e4168-6b16-4317-a8f1-dad5ec07a45c@group-6E9906EB0343-LeaderElection61] INFO  impl.RaftServerImpl (ServerState.java:setRaftConf(356)) - 977e4168-6b16-4317-a8f1-dad5ec07a45c@group-6E9906EB0343: set configuration 0: [977e4168-6b16-4317-a8f1-dad5ec07a45c:192.168.30.11:40730], old=null at 0
2019-10-05 06:27:03,942 [Thread-2349] INFO  impl.FollowerState (FollowerState.java:run(108)) - 109dfb86-ee48-4d17-b40b-8876732df543@group-B4506BEA12D0-FollowerState: change to CANDIDATE, lastRpcTime:5018ms, electionTimeout:5018ms
2019-10-05 06:27:03,942 [Thread-2349] INFO  impl.RoleInfo (RoleInfo.java:shutdownFollowerState(121)) - 109dfb86-ee48-4d17-b40b-8876732df543: shutdown FollowerState
2019-10-05 06:27:03,942 [Thread-2349] INFO  impl.RaftServerImpl (RaftServerImpl.java:setRole(170)) - 109dfb86-ee48-4d17-b40b-8876732df543@group-B4506BEA12D0: changes role from  FOLLOWER to CANDIDATE at term 0 for changeToCandidate
2019-10-05 06:27:03,942 [Thread-2349] INFO  impl.RoleInfo (RoleInfo.java:updateAndGet(143)) - 109dfb86-ee48-4d17-b40b-8876732df543: start LeaderElection
2019-10-05 06:27:03,997 [977e4168-6b16-4317-a8f1-dad5ec07a45c@group-6E9906EB0343-SegmentedRaftLogWorker] INFO  segmented.SegmentedRaftLogWorker (SegmentedRaftLogWorker.java:execute(574)) - 977e4168-6b16-4317-a8f1-dad5ec07a45c@group-6E9906EB0343-SegmentedRaftLogWorker: created new log segment /workdir/hadoop-ozone/integration-test/target/test-dir/MiniOzoneClusterImpl-7d9a0326-71e6-4c43-9e16-cabca91dad25/datanode-4/data/ratis/8f1a2d89-0c94-4fae-8c9b-6e9906eb0343/current/log_inprogress_0
2019-10-05 06:27:03,997 [109dfb86-ee48-4d17-b40b-8876732df543@group-B4506BEA12D0-LeaderElection62] INFO  impl.LeaderElection (LeaderElection.java:askForVotes(178)) - 109dfb86-ee48-4d17-b40b-8876732df543@group-B4506BEA12D0-LeaderElection62: begin an election at term 1 for -1: [109dfb86-ee48-4d17-b40b-8876732df543:192.168.30.11:41028], old=null
2019-10-05 06:27:03,997 [109dfb86-ee48-4d17-b40b-8876732df543@group-B4506BEA12D0-LeaderElection62] INFO  impl.RoleInfo (RoleInfo.java:shutdownLeaderElection(134)) - 109dfb86-ee48-4d17-b40b-8876732df543: shutdown LeaderElection
2019-10-05 06:27:03,997 [109dfb86-ee48-4d17-b40b-8876732df543@group-B4506BEA12D0-LeaderElection62] INFO  impl.RaftServerImpl (RaftServerImpl.java:setRole(170)) - 109dfb86-ee48-4d17-b40b-8876732df543@group-B4506BEA12D0: changes role from CANDIDATE to LEADER at term 1 for changeToLeader
2019-10-05 06:27:03,997 [109dfb86-ee48-4d17-b40b-8876732df543@group-B4506BEA12D0-LeaderElection62] INFO  impl.RaftServerImpl (ServerState.java:setLeader(255)) - 109dfb86-ee48-4d17-b40b-8876732df543@group-B4506BEA12D0: change Leader from null to 109dfb86-ee48-4d17-b40b-8876732df543 at term 1 for becomeLeader, leader elected after 5081ms
2019-10-05 06:27:03,998 [109dfb86-ee48-4d17-b40b-8876732df543@group-B4506BEA12D0-LeaderElection62] INFO  server.RaftServerConfigKeys (ConfUtils.java:logGet(43)) - raft.server.staging.catchup.gap = 1000 (default)
2019-10-05 06:27:03,998 [109dfb86-ee48-4d17-b40b-8876732df543@group-B4506BEA12D0-LeaderElection62] INFO  server.RaftServerConfigKeys (ConfUtils.java:logGet(43)) - raft.server.rpc.sleep.time = 25ms (default)
2019-10-05 06:27:03,998 [109dfb86-ee48-4d17-b40b-8876732df543@group-B4506BEA12D0-LeaderElection62] INFO  server.RaftServerConfigKeys (ConfUtils.java:logGet(43)) - raft.server.write.element-limit = 4096 (default)
2019-10-05 06:27:03,998 [109dfb86-ee48-4d17-b40b-8876732df543@group-B4506BEA12D0-LeaderElection62] INFO  server.RaftServerConfigKeys (ConfUtils.java:logGet(43)) - raft.server.watch.timeout = 10s (default)
2019-10-05 06:27:03,998 [109dfb86-ee48-4d17-b40b-8876732df543@group-B4506BEA12D0-LeaderElection62] INFO  server.RaftServerConfigKeys (ConfUtils.java:logGet(43)) - raft.server.watch.timeout.denomination = 1s (default)
2019-10-05 06:27:03,998 [109dfb86-ee48-4d17-b40b-8876732df543@group-B4506BEA12D0-LeaderElection62] INFO  server.RaftServerConfigKeys (ConfUtils.java:logGet(43)) - raft.server.watch.element-limit = 65536 (default)
2019-10-05 06:27:03,999 [Thread-2346] INFO  impl.FollowerState (FollowerState.java:run(108)) - 5c2d6867-8aa7-405e-a2ac-e92dcdce5820@group-2BC08B444171-FollowerState: change to CANDIDATE, lastRpcTime:5143ms, electionTimeout:5143ms
2019-10-05 06:27:03,999 [Thread-2346] INFO  impl.RoleInfo (RoleInfo.java:shutdownFollowerState(121)) - 5c2d6867-8aa7-405e-a2ac-e92dcdce5820: shutdown FollowerState
2019-10-05 06:27:04,000 [Thread-2346] INFO  impl.RaftServerImpl (RaftServerImpl.java:setRole(170)) - 5c2d6867-8aa7-405e-a2ac-e92dcdce5820@group-2BC08B444171: changes role from  FOLLOWER to CANDIDATE at term 0 for changeToCandidate
2019-10-05 06:27:04,000 [Thread-2346] INFO  impl.RoleInfo (RoleInfo.java:updateAndGet(143)) - 5c2d6867-8aa7-405e-a2ac-e92dcdce5820: start LeaderElection
2019-10-05 06:27:04,006 [109dfb86-ee48-4d17-b40b-8876732df543@group-B4506BEA12D0-LeaderElection62] INFO  impl.RoleInfo (RoleInfo.java:updateAndGet(143)) - 109dfb86-ee48-4d17-b40b-8876732df543: start LeaderState
2019-10-05 06:27:04,006 [109dfb86-ee48-4d17-b40b-8876732df543@group-B4506BEA12D0-LeaderElection62] INFO  segmented.SegmentedRaftLogWorker (SegmentedRaftLogWorker.java:startLogSegment(385)) - 109dfb86-ee48-4d17-b40b-8876732df543@group-B4506BEA12D0-SegmentedRaftLogWorker: Starting segment from index:0
2019-10-05 06:27:04,006 [109dfb86-ee48-4d17-b40b-8876732df543@group-B4506BEA12D0-LeaderElection62] INFO  impl.RaftServerImpl (ServerState.java:setRaftConf(356)) - 109dfb86-ee48-4d17-b40b-8876732df543@group-B4506BEA12D0: set configuration 0: [109dfb86-ee48-4d17-b40b-8876732df543:192.168.30.11:41028], old=null at 0
2019-10-05 06:27:04,029 [5c2d6867-8aa7-405e-a2ac-e92dcdce5820@group-2BC08B444171-LeaderElection63] INFO  impl.LeaderElection (LeaderElection.java:askForVotes(178)) - 5c2d6867-8aa7-405e-a2ac-e92dcdce5820@group-2BC08B444171-LeaderElection63: begin an election at term 1 for -1: [5c2d6867-8aa7-405e-a2ac-e92dcdce5820:192.168.30.11:38564], old=null
2019-10-05 06:27:04,029 [5c2d6867-8aa7-405e-a2ac-e92dcdce5820@group-2BC08B444171-LeaderElection63] INFO  impl.RoleInfo (RoleInfo.java:shutdownLeaderElection(134)) - 5c2d6867-8aa7-405e-a2ac-e92dcdce5820: shutdown LeaderElection
2019-10-05 06:27:04,029 [5c2d6867-8aa7-405e-a2ac-e92dcdce5820@group-2BC08B444171-LeaderElection63] INFO  impl.RaftServerImpl (RaftServerImpl.java:setRole(170)) - 5c2d6867-8aa7-405e-a2ac-e92dcdce5820@group-2BC08B444171: changes role from CANDIDATE to LEADER at term 1 for changeToLeader
2019-10-05 06:27:04,029 [5c2d6867-8aa7-405e-a2ac-e92dcdce5820@group-2BC08B444171-LeaderElection63] INFO  impl.RaftServerImpl (ServerState.java:setLeader(255)) - 5c2d6867-8aa7-405e-a2ac-e92dcdce5820@group-2BC08B444171: change Leader from null to 5c2d6867-8aa7-405e-a2ac-e92dcdce5820 at term 1 for becomeLeader, leader elected after 5180ms
2019-10-05 06:27:04,029 [5c2d6867-8aa7-405e-a2ac-e92dcdce5820@group-2BC08B444171-LeaderElection63] INFO  server.RaftServerConfigKeys (ConfUtils.java:logGet(43)) - raft.server.staging.catchup.gap = 1000 (default)
2019-10-05 06:27:04,030 [5c2d6867-8aa7-405e-a2ac-e92dcdce5820@group-2BC08B444171-LeaderElection63] INFO  server.RaftServerConfigKeys (ConfUtils.java:logGet(43)) - raft.server.rpc.sleep.time = 25ms (default)
2019-10-05 06:27:04,030 [5c2d6867-8aa7-405e-a2ac-e92dcdce5820@group-2BC08B444171-LeaderElection63] INFO  server.RaftServerConfigKeys (ConfUtils.java:logGet(43)) - raft.server.write.element-limit = 4096 (default)
2019-10-05 06:27:04,030 [5c2d6867-8aa7-405e-a2ac-e92dcdce5820@group-2BC08B444171-LeaderElection63] INFO  server.RaftServerConfigKeys (ConfUtils.java:logGet(43)) - raft.server.watch.timeout = 10s (default)
2019-10-05 06:27:04,030 [5c2d6867-8aa7-405e-a2ac-e92dcdce5820@group-2BC08B444171-LeaderElection63] INFO  server.RaftServerConfigKeys (ConfUtils.java:logGet(43)) - raft.server.watch.timeout.denomination = 1s (default)
2019-10-05 06:27:04,030 [5c2d6867-8aa7-405e-a2ac-e92dcdce5820@group-2BC08B444171-LeaderElection63] INFO  server.RaftServerConfigKeys (ConfUtils.java:logGet(43)) - raft.server.watch.element-limit = 65536 (default)
2019-10-05 06:27:04,032 [5c2d6867-8aa7-405e-a2ac-e92dcdce5820@group-2BC08B444171-LeaderElection63] INFO  impl.RoleInfo (RoleInfo.java:updateAndGet(143)) - 5c2d6867-8aa7-405e-a2ac-e92dcdce5820: start LeaderState
2019-10-05 06:27:04,032 [5c2d6867-8aa7-405e-a2ac-e92dcdce5820@group-2BC08B444171-LeaderElection63] INFO  segmented.SegmentedRaftLogWorker (SegmentedRaftLogWorker.java:startLogSegment(385)) - 5c2d6867-8aa7-405e-a2ac-e92dcdce5820@group-2BC08B444171-SegmentedRaftLogWorker: Starting segment from index:0
2019-10-05 06:27:04,033 [5c2d6867-8aa7-405e-a2ac-e92dcdce5820@group-2BC08B444171-LeaderElection63] INFO  impl.RaftServerImpl (ServerState.java:setRaftConf(356)) - 5c2d6867-8aa7-405e-a2ac-e92dcdce5820@group-2BC08B444171: set configuration 0: [5c2d6867-8aa7-405e-a2ac-e92dcdce5820:192.168.30.11:38564], old=null at 0
2019-10-05 06:27:04,059 [109dfb86-ee48-4d17-b40b-8876732df543@group-B4506BEA12D0-SegmentedRaftLogWorker] INFO  segmented.SegmentedRaftLogWorker (SegmentedRaftLogWorker.java:execute(574)) - 109dfb86-ee48-4d17-b40b-8876732df543@group-B4506BEA12D0-SegmentedRaftLogWorker: created new log segment /workdir/hadoop-ozone/integration-test/target/test-dir/MiniOzoneClusterImpl-7d9a0326-71e6-4c43-9e16-cabca91dad25/datanode-6/data/ratis/203fbee9-244c-4f03-ad3a-b4506bea12d0/current/log_inprogress_0
2019-10-05 06:27:04,083 [Thread-2354] INFO  impl.FollowerState (FollowerState.java:run(108)) - b3be66eb-999a-4c9a-88a3-427cb86f6dcd@group-7E79086E28D4-FollowerState: change to CANDIDATE, lastRpcTime:5080ms, electionTimeout:5080ms
2019-10-05 06:27:04,083 [Thread-2354] INFO  impl.RoleInfo (RoleInfo.java:shutdownFollowerState(121)) - b3be66eb-999a-4c9a-88a3-427cb86f6dcd: shutdown FollowerState
2019-10-05 06:27:04,083 [Thread-2354] INFO  impl.RaftServerImpl (RaftServerImpl.java:setRole(170)) - b3be66eb-999a-4c9a-88a3-427cb86f6dcd@group-7E79086E28D4: changes role from  FOLLOWER to CANDIDATE at term 0 for changeToCandidate
2019-10-05 06:27:04,084 [Thread-2354] INFO  impl.RoleInfo (RoleInfo.java:updateAndGet(143)) - b3be66eb-999a-4c9a-88a3-427cb86f6dcd: start LeaderElection
2019-10-05 06:27:04,087 [5c2d6867-8aa7-405e-a2ac-e92dcdce5820@group-2BC08B444171-SegmentedRaftLogWorker] INFO  segmented.SegmentedRaftLogWorker (SegmentedRaftLogWorker.java:execute(574)) - 5c2d6867-8aa7-405e-a2ac-e92dcdce5820@group-2BC08B444171-SegmentedRaftLogWorker: created new log segment /workdir/hadoop-ozone/integration-test/target/test-dir/MiniOzoneClusterImpl-7d9a0326-71e6-4c43-9e16-cabca91dad25/datanode-5/data/ratis/a7837cf6-f0b6-49f4-bb82-2bc08b444171/current/log_inprogress_0
2019-10-05 06:27:04,108 [Thread-2361] INFO  impl.FollowerState (FollowerState.java:run(108)) - 977e4168-6b16-4317-a8f1-dad5ec07a45c@group-22B627084B19-FollowerState: change to CANDIDATE, lastRpcTime:5031ms, electionTimeout:5031ms
2019-10-05 06:27:04,108 [Thread-2361] INFO  impl.RoleInfo (RoleInfo.java:shutdownFollowerState(121)) - 977e4168-6b16-4317-a8f1-dad5ec07a45c: shutdown FollowerState
2019-10-05 06:27:04,108 [Thread-2361] INFO  impl.RaftServerImpl (RaftServerImpl.java:setRole(170)) - 977e4168-6b16-4317-a8f1-dad5ec07a45c@group-22B627084B19: changes role from  FOLLOWER to CANDIDATE at term 0 for changeToCandidate
2019-10-05 06:27:04,108 [Thread-2361] INFO  impl.RoleInfo (RoleInfo.java:updateAndGet(143)) - 977e4168-6b16-4317-a8f1-dad5ec07a45c: start LeaderElection
2019-10-05 06:27:04,115 [b3be66eb-999a-4c9a-88a3-427cb86f6dcd@group-7E79086E28D4-LeaderElection64] INFO  impl.LeaderElection (LeaderElection.java:askForVotes(178)) - b3be66eb-999a-4c9a-88a3-427cb86f6dcd@group-7E79086E28D4-LeaderElection64: begin an election at term 1 for -1: [109dfb86-ee48-4d17-b40b-8876732df543:192.168.30.11:41028, b3be66eb-999a-4c9a-88a3-427cb86f6dcd:192.168.30.11:34817, 271fe555-dac9-4311-97a6-9ff4e566822e:192.168.30.11:38180], old=null
2019-10-05 06:27:04,119 [grpc-default-executor-2] INFO  impl.RaftServerImpl (RaftServerImpl.java:setRole(170)) - 109dfb86-ee48-4d17-b40b-8876732df543@group-7E79086E28D4: changes role from  FOLLOWER to FOLLOWER at term 1 for recognizeCandidate:b3be66eb-999a-4c9a-88a3-427cb86f6dcd
2019-10-05 06:27:04,119 [grpc-default-executor-7] INFO  impl.RaftServerImpl (RaftServerImpl.java:setRole(170)) - 271fe555-dac9-4311-97a6-9ff4e566822e@group-7E79086E28D4: changes role from  FOLLOWER to FOLLOWER at term 1 for recognizeCandidate:b3be66eb-999a-4c9a-88a3-427cb86f6dcd
2019-10-05 06:27:04,119 [grpc-default-executor-2] INFO  impl.RoleInfo (RoleInfo.java:shutdownFollowerState(121)) - 109dfb86-ee48-4d17-b40b-8876732df543: shutdown FollowerState
2019-10-05 06:27:04,120 [grpc-default-executor-7] INFO  impl.RoleInfo (RoleInfo.java:shutdownFollowerState(121)) - 271fe555-dac9-4311-97a6-9ff4e566822e: shutdown FollowerState
2019-10-05 06:27:04,120 [grpc-default-executor-2] INFO  impl.RoleInfo (RoleInfo.java:updateAndGet(143)) - 109dfb86-ee48-4d17-b40b-8876732df543: start FollowerState
2019-10-05 06:27:04,120 [grpc-default-executor-7] INFO  impl.RoleInfo (RoleInfo.java:updateAndGet(143)) - 271fe555-dac9-4311-97a6-9ff4e566822e: start FollowerState
2019-10-05 06:27:04,120 [Thread-2356] INFO  impl.FollowerState (FollowerState.java:run(117)) - 109dfb86-ee48-4d17-b40b-8876732df543@group-7E79086E28D4-FollowerState was interrupted: java.lang.InterruptedException: sleep interrupted
2019-10-05 06:27:04,120 [Thread-2355] INFO  impl.FollowerState (FollowerState.java:run(117)) - 271fe555-dac9-4311-97a6-9ff4e566822e@group-7E79086E28D4-FollowerState was interrupted: java.lang.InterruptedException: sleep interrupted
2019-10-05 06:27:04,125 [Thread-2365] INFO  impl.FollowerState (FollowerState.java:run(108)) - 2a87fcd0-34fb-4b0f-af8f-09da225f1900@group-22B627084B19-FollowerState: change to CANDIDATE, lastRpcTime:5043ms, electionTimeout:5042ms
2019-10-05 06:27:04,125 [Thread-2365] INFO  impl.RoleInfo (RoleInfo.java:shutdownFollowerState(121)) - 2a87fcd0-34fb-4b0f-af8f-09da225f1900: shutdown FollowerState
2019-10-05 06:27:04,125 [Thread-2365] INFO  impl.RaftServerImpl (RaftServerImpl.java:setRole(170)) - 2a87fcd0-34fb-4b0f-af8f-09da225f1900@group-22B627084B19: changes role from  FOLLOWER to CANDIDATE at term 0 for changeToCandidate
2019-10-05 06:27:04,125 [Thread-2365] INFO  impl.RoleInfo (RoleInfo.java:updateAndGet(143)) - 2a87fcd0-34fb-4b0f-af8f-09da225f1900: start LeaderElection
2019-10-05 06:27:04,139 [977e4168-6b16-4317-a8f1-dad5ec07a45c@group-22B627084B19-LeaderElection65] INFO  impl.LeaderElection (LeaderElection.java:askForVotes(178)) - 977e4168-6b16-4317-a8f1-dad5ec07a45c@group-22B627084B19-LeaderElection65: begin an election at term 1 for -1: [977e4168-6b16-4317-a8f1-dad5ec07a45c:192.168.30.11:40730, cd2e9be5-bd4a-4efa-ab44-8e9a04b19f0e:192.168.30.11:46386, 2a87fcd0-34fb-4b0f-af8f-09da225f1900:192.168.30.11:37900], old=null
2019-10-05 06:27:04,139 [b3be66eb-999a-4c9a-88a3-427cb86f6dcd@group-7E79086E28D4-LeaderElection64] INFO  impl.LeaderElection (LeaderElection.java:logAndReturn(56)) - b3be66eb-999a-4c9a-88a3-427cb86f6dcd@group-7E79086E28D4-LeaderElection64: Election PASSED; received 1 response(s) [b3be66eb-999a-4c9a-88a3-427cb86f6dcd<-109dfb86-ee48-4d17-b40b-8876732df543#0:OK-t1] and 0 exception(s); b3be66eb-999a-4c9a-88a3-427cb86f6dcd@group-7E79086E28D4:t1, leader=null, voted=b3be66eb-999a-4c9a-88a3-427cb86f6dcd, raftlog=b3be66eb-999a-4c9a-88a3-427cb86f6dcd@group-7E79086E28D4-SegmentedRaftLog:OPENED:c-1,f-1,i0, conf=-1: [109dfb86-ee48-4d17-b40b-8876732df543:192.168.30.11:41028, b3be66eb-999a-4c9a-88a3-427cb86f6dcd:192.168.30.11:34817, 271fe555-dac9-4311-97a6-9ff4e566822e:192.168.30.11:38180], old=null
2019-10-05 06:27:04,140 [b3be66eb-999a-4c9a-88a3-427cb86f6dcd@group-7E79086E28D4-LeaderElection64] INFO  impl.RoleInfo (RoleInfo.java:shutdownLeaderElection(134)) - b3be66eb-999a-4c9a-88a3-427cb86f6dcd: shutdown LeaderElection
2019-10-05 06:27:04,140 [b3be66eb-999a-4c9a-88a3-427cb86f6dcd@group-7E79086E28D4-LeaderElection64] INFO  impl.RaftServerImpl (RaftServerImpl.java:setRole(170)) - b3be66eb-999a-4c9a-88a3-427cb86f6dcd@group-7E79086E28D4: changes role from CANDIDATE to LEADER at term 1 for changeToLeader
2019-10-05 06:27:04,140 [b3be66eb-999a-4c9a-88a3-427cb86f6dcd@group-7E79086E28D4-LeaderElection64] INFO  impl.RaftServerImpl (ServerState.java:setLeader(255)) - b3be66eb-999a-4c9a-88a3-427cb86f6dcd@group-7E79086E28D4: change Leader from null to b3be66eb-999a-4c9a-88a3-427cb86f6dcd at term 1 for becomeLeader, leader elected after 5147ms
2019-10-05 06:27:04,140 [b3be66eb-999a-4c9a-88a3-427cb86f6dcd@group-7E79086E28D4-LeaderElection64] INFO  server.RaftServerConfigKeys (ConfUtils.java:logGet(43)) - raft.server.staging.catchup.gap = 1000 (default)
2019-10-05 06:27:04,140 [b3be66eb-999a-4c9a-88a3-427cb86f6dcd@group-7E79086E28D4-LeaderElection64] INFO  server.RaftServerConfigKeys (ConfUtils.java:logGet(43)) - raft.server.rpc.sleep.time = 25ms (default)
2019-10-05 06:27:04,142 [b3be66eb-999a-4c9a-88a3-427cb86f6dcd@group-7E79086E28D4-LeaderElection64] INFO  server.RaftServerConfigKeys (ConfUtils.java:logGet(43)) - raft.server.write.element-limit = 4096 (default)
2019-10-05 06:27:04,143 [b3be66eb-999a-4c9a-88a3-427cb86f6dcd@group-7E79086E28D4-LeaderElection64] INFO  server.RaftServerConfigKeys (ConfUtils.java:logGet(43)) - raft.server.watch.timeout = 10s (default)
2019-10-05 06:27:04,143 [b3be66eb-999a-4c9a-88a3-427cb86f6dcd@group-7E79086E28D4-LeaderElection64] INFO  server.RaftServerConfigKeys (ConfUtils.java:logGet(43)) - raft.server.watch.timeout.denomination = 1s (default)
2019-10-05 06:27:04,143 [b3be66eb-999a-4c9a-88a3-427cb86f6dcd@group-7E79086E28D4-LeaderElection64] INFO  server.RaftServerConfigKeys (ConfUtils.java:logGet(43)) - raft.server.watch.element-limit = 65536 (default)
2019-10-05 06:27:04,147 [grpc-default-executor-7] INFO  impl.RaftServerImpl (RaftServerImpl.java:setRole(170)) - cd2e9be5-bd4a-4efa-ab44-8e9a04b19f0e@group-22B627084B19: changes role from  FOLLOWER to FOLLOWER at term 1 for recognizeCandidate:977e4168-6b16-4317-a8f1-dad5ec07a45c
2019-10-05 06:27:04,150 [grpc-default-executor-7] INFO  impl.RoleInfo (RoleInfo.java:shutdownFollowerState(121)) - cd2e9be5-bd4a-4efa-ab44-8e9a04b19f0e: shutdown FollowerState
2019-10-05 06:27:04,150 [b3be66eb-999a-4c9a-88a3-427cb86f6dcd@group-7E79086E28D4-LeaderElection64] INFO  server.RaftServerConfigKeys (ConfUtils.java:logGet(43)) - raft.server.log.appender.snapshot.chunk.size.max = 16MB (=16777216) (default)
2019-10-05 06:27:04,150 [Thread-2366] INFO  impl.FollowerState (FollowerState.java:run(117)) - cd2e9be5-bd4a-4efa-ab44-8e9a04b19f0e@group-22B627084B19-FollowerState was interrupted: java.lang.InterruptedException: sleep interrupted
2019-10-05 06:27:04,150 [grpc-default-executor-7] INFO  impl.RoleInfo (RoleInfo.java:updateAndGet(143)) - cd2e9be5-bd4a-4efa-ab44-8e9a04b19f0e: start FollowerState
2019-10-05 06:27:04,150 [b3be66eb-999a-4c9a-88a3-427cb86f6dcd@group-7E79086E28D4-LeaderElection64] INFO  server.RaftServerConfigKeys (ConfUtils.java:logGet(43)) - raft.server.log.appender.buffer.byte-limit = 33554432 (custom)
2019-10-05 06:27:04,153 [b3be66eb-999a-4c9a-88a3-427cb86f6dcd@group-7E79086E28D4-LeaderElection64] INFO  server.RaftServerConfigKeys (ConfUtils.java:logGet(43)) - raft.server.log.appender.buffer.element-limit = 1 (custom)
2019-10-05 06:27:04,153 [b3be66eb-999a-4c9a-88a3-427cb86f6dcd@group-7E79086E28D4-LeaderElection64] INFO  grpc.GrpcConfigKeys$Server (ConfUtils.java:logGet(43)) - raft.grpc.server.leader.outstanding.appends.max = 128 (default)
2019-10-05 06:27:04,153 [b3be66eb-999a-4c9a-88a3-427cb86f6dcd@group-7E79086E28D4-LeaderElection64] INFO  server.RaftServerConfigKeys (ConfUtils.java:logGet(43)) - raft.server.rpc.request.timeout = 3000ms (default)
2019-10-05 06:27:04,154 [b3be66eb-999a-4c9a-88a3-427cb86f6dcd@group-7E79086E28D4-LeaderElection64] INFO  server.RaftServerConfigKeys (ConfUtils.java:logGet(43)) - raft.server.log.appender.install.snapshot.enabled = false (custom)
2019-10-05 06:27:04,154 [b3be66eb-999a-4c9a-88a3-427cb86f6dcd@group-7E79086E28D4-LeaderElection64] INFO  server.RaftServerConfigKeys (ConfUtils.java:logGet(43)) - raft.server.log.appender.snapshot.chunk.size.max = 16MB (=16777216) (default)
2019-10-05 06:27:04,154 [b3be66eb-999a-4c9a-88a3-427cb86f6dcd@group-7E79086E28D4-LeaderElection64] INFO  server.RaftServerConfigKeys (ConfUtils.java:logGet(43)) - raft.server.log.appender.buffer.byte-limit = 33554432 (custom)
2019-10-05 06:27:04,154 [b3be66eb-999a-4c9a-88a3-427cb86f6dcd@group-7E79086E28D4-LeaderElection64] INFO  server.RaftServerConfigKeys (ConfUtils.java:logGet(43)) - raft.server.log.appender.buffer.element-limit = 1 (custom)
2019-10-05 06:27:04,154 [b3be66eb-999a-4c9a-88a3-427cb86f6dcd@group-7E79086E28D4-LeaderElection64] INFO  grpc.GrpcConfigKeys$Server (ConfUtils.java:logGet(43)) - raft.grpc.server.leader.outstanding.appends.max = 128 (default)
2019-10-05 06:27:04,154 [b3be66eb-999a-4c9a-88a3-427cb86f6dcd@group-7E79086E28D4-LeaderElection64] INFO  server.RaftServerConfigKeys (ConfUtils.java:logGet(43)) - raft.server.rpc.request.timeout = 3000ms (default)
2019-10-05 06:27:04,154 [b3be66eb-999a-4c9a-88a3-427cb86f6dcd@group-7E79086E28D4-LeaderElection64] INFO  server.RaftServerConfigKeys (ConfUtils.java:logGet(43)) - raft.server.log.appender.install.snapshot.enabled = false (custom)
2019-10-05 06:27:04,154 [b3be66eb-999a-4c9a-88a3-427cb86f6dcd@group-7E79086E28D4-LeaderElection64] INFO  impl.RoleInfo (RoleInfo.java:updateAndGet(143)) - b3be66eb-999a-4c9a-88a3-427cb86f6dcd: start LeaderState
2019-10-05 06:27:04,155 [b3be66eb-999a-4c9a-88a3-427cb86f6dcd@group-7E79086E28D4-LeaderElection64] INFO  segmented.SegmentedRaftLogWorker (SegmentedRaftLogWorker.java:startLogSegment(385)) - b3be66eb-999a-4c9a-88a3-427cb86f6dcd@group-7E79086E28D4-SegmentedRaftLogWorker: Starting segment from index:0
2019-10-05 06:27:04,155 [b3be66eb-999a-4c9a-88a3-427cb86f6dcd@group-7E79086E28D4-LeaderElection64] INFO  impl.RaftServerImpl (ServerState.java:setRaftConf(356)) - b3be66eb-999a-4c9a-88a3-427cb86f6dcd@group-7E79086E28D4: set configuration 0: [109dfb86-ee48-4d17-b40b-8876732df543:192.168.30.11:41028, b3be66eb-999a-4c9a-88a3-427cb86f6dcd:192.168.30.11:34817, 271fe555-dac9-4311-97a6-9ff4e566822e:192.168.30.11:38180], old=null at 0
2019-10-05 06:27:04,158 [2a87fcd0-34fb-4b0f-af8f-09da225f1900@group-22B627084B19-LeaderElection66] INFO  impl.LeaderElection (LeaderElection.java:askForVotes(178)) - 2a87fcd0-34fb-4b0f-af8f-09da225f1900@group-22B627084B19-LeaderElection66: begin an election at term 1 for -1: [977e4168-6b16-4317-a8f1-dad5ec07a45c:192.168.30.11:40730, cd2e9be5-bd4a-4efa-ab44-8e9a04b19f0e:192.168.30.11:46386, 2a87fcd0-34fb-4b0f-af8f-09da225f1900:192.168.30.11:37900], old=null
2019-10-05 06:27:04,185 [grpc-default-executor-4] INFO  impl.RaftServerImpl (ServerState.java:setLeader(255)) - 271fe555-dac9-4311-97a6-9ff4e566822e@group-7E79086E28D4: change Leader from null to b3be66eb-999a-4c9a-88a3-427cb86f6dcd at term 1 for appendEntries, leader elected after 5191ms
2019-10-05 06:27:04,209 [grpc-default-executor-4] INFO  impl.RaftServerImpl (ServerState.java:setLeader(255)) - 109dfb86-ee48-4d17-b40b-8876732df543@group-7E79086E28D4: change Leader from null to b3be66eb-999a-4c9a-88a3-427cb86f6dcd at term 1 for appendEntries, leader elected after 5216ms
2019-10-05 06:27:04,210 [977e4168-6b16-4317-a8f1-dad5ec07a45c@group-22B627084B19-LeaderElection65] INFO  impl.LeaderElection (LeaderElection.java:logAndReturn(56)) - 977e4168-6b16-4317-a8f1-dad5ec07a45c@group-22B627084B19-LeaderElection65: Election PASSED; received 2 response(s) [977e4168-6b16-4317-a8f1-dad5ec07a45c<-cd2e9be5-bd4a-4efa-ab44-8e9a04b19f0e#0:OK-t1, 977e4168-6b16-4317-a8f1-dad5ec07a45c<-2a87fcd0-34fb-4b0f-af8f-09da225f1900#0:FAIL-t1] and 0 exception(s); 977e4168-6b16-4317-a8f1-dad5ec07a45c@group-22B627084B19:t1, leader=null, voted=977e4168-6b16-4317-a8f1-dad5ec07a45c, raftlog=977e4168-6b16-4317-a8f1-dad5ec07a45c@group-22B627084B19-SegmentedRaftLog:OPENED:c-1,f-1,i0, conf=-1: [977e4168-6b16-4317-a8f1-dad5ec07a45c:192.168.30.11:40730, cd2e9be5-bd4a-4efa-ab44-8e9a04b19f0e:192.168.30.11:46386, 2a87fcd0-34fb-4b0f-af8f-09da225f1900:192.168.30.11:37900], old=null
2019-10-05 06:27:04,211 [977e4168-6b16-4317-a8f1-dad5ec07a45c@group-22B627084B19-LeaderElection65] INFO  impl.RoleInfo (RoleInfo.java:shutdownLeaderElection(134)) - 977e4168-6b16-4317-a8f1-dad5ec07a45c: shutdown LeaderElection
2019-10-05 06:27:04,211 [977e4168-6b16-4317-a8f1-dad5ec07a45c@group-22B627084B19-LeaderElection65] INFO  impl.RaftServerImpl (RaftServerImpl.java:setRole(170)) - 977e4168-6b16-4317-a8f1-dad5ec07a45c@group-22B627084B19: changes role from CANDIDATE to LEADER at term 1 for changeToLeader
2019-10-05 06:27:04,211 [977e4168-6b16-4317-a8f1-dad5ec07a45c@group-22B627084B19-LeaderElection65] INFO  impl.RaftServerImpl (ServerState.java:setLeader(255)) - 977e4168-6b16-4317-a8f1-dad5ec07a45c@group-22B627084B19: change Leader from null to 977e4168-6b16-4317-a8f1-dad5ec07a45c at term 1 for becomeLeader, leader elected after 5142ms
2019-10-05 06:27:04,211 [977e4168-6b16-4317-a8f1-dad5ec07a45c@group-22B627084B19-LeaderElection65] INFO  server.RaftServerConfigKeys (ConfUtils.java:logGet(43)) - raft.server.staging.catchup.gap = 1000 (default)
2019-10-05 06:27:04,211 [977e4168-6b16-4317-a8f1-dad5ec07a45c@group-22B627084B19-LeaderElection65] INFO  server.RaftServerConfigKeys (ConfUtils.java:logGet(43)) - raft.server.rpc.sleep.time = 25ms (default)
2019-10-05 06:27:04,212 [977e4168-6b16-4317-a8f1-dad5ec07a45c@group-22B627084B19-LeaderElection65] INFO  server.RaftServerConfigKeys (ConfUtils.java:logGet(43)) - raft.server.write.element-limit = 4096 (default)
2019-10-05 06:27:04,212 [977e4168-6b16-4317-a8f1-dad5ec07a45c@group-22B627084B19-LeaderElection65] INFO  server.RaftServerConfigKeys (ConfUtils.java:logGet(43)) - raft.server.watch.timeout = 10s (default)
2019-10-05 06:27:04,212 [grpc-default-executor-4] INFO  impl.RaftServerImpl (ServerState.java:setRaftConf(356)) - 109dfb86-ee48-4d17-b40b-8876732df543@group-7E79086E28D4: set configuration 0: [109dfb86-ee48-4d17-b40b-8876732df543:192.168.30.11:41028, b3be66eb-999a-4c9a-88a3-427cb86f6dcd:192.168.30.11:34817, 271fe555-dac9-4311-97a6-9ff4e566822e:192.168.30.11:38180], old=null at 0
2019-10-05 06:27:04,212 [977e4168-6b16-4317-a8f1-dad5ec07a45c@group-22B627084B19-LeaderElection65] INFO  server.RaftServerConfigKeys (ConfUtils.java:logGet(43)) - raft.server.watch.timeout.denomination = 1s (default)
2019-10-05 06:27:04,212 [grpc-default-executor-7] INFO  impl.RaftServerImpl (ServerState.java:setRaftConf(356)) - 271fe555-dac9-4311-97a6-9ff4e566822e@group-7E79086E28D4: set configuration 0: [109dfb86-ee48-4d17-b40b-8876732df543:192.168.30.11:41028, b3be66eb-999a-4c9a-88a3-427cb86f6dcd:192.168.30.11:34817, 271fe555-dac9-4311-97a6-9ff4e566822e:192.168.30.11:38180], old=null at 0
2019-10-05 06:27:04,222 [977e4168-6b16-4317-a8f1-dad5ec07a45c@group-22B627084B19-LeaderElection65] INFO  server.RaftServerConfigKeys (ConfUtils.java:logGet(43)) - raft.server.watch.element-limit = 65536 (default)
2019-10-05 06:27:04,220 [grpc-default-executor-4] INFO  segmented.SegmentedRaftLogWorker (SegmentedRaftLogWorker.java:startLogSegment(385)) - 109dfb86-ee48-4d17-b40b-8876732df543@group-7E79086E28D4-SegmentedRaftLogWorker: Starting segment from index:0
2019-10-05 06:27:04,222 [grpc-default-executor-7] INFO  segmented.SegmentedRaftLogWorker (SegmentedRaftLogWorker.java:startLogSegment(385)) - 271fe555-dac9-4311-97a6-9ff4e566822e@group-7E79086E28D4-SegmentedRaftLogWorker: Starting segment from index:0
2019-10-05 06:27:04,225 [b3be66eb-999a-4c9a-88a3-427cb86f6dcd@group-7E79086E28D4-SegmentedRaftLogWorker] INFO  segmented.SegmentedRaftLogWorker (SegmentedRaftLogWorker.java:execute(574)) - b3be66eb-999a-4c9a-88a3-427cb86f6dcd@group-7E79086E28D4-SegmentedRaftLogWorker: created new log segment /workdir/hadoop-ozone/integration-test/target/test-dir/MiniOzoneClusterImpl-7d9a0326-71e6-4c43-9e16-cabca91dad25/datanode-1/data/ratis/27cc3739-9612-4a27-a351-7e79086e28d4/current/log_inprogress_0
2019-10-05 06:27:04,227 [977e4168-6b16-4317-a8f1-dad5ec07a45c@group-22B627084B19-LeaderElection65] INFO  server.RaftServerConfigKeys (ConfUtils.java:logGet(43)) - raft.server.log.appender.snapshot.chunk.size.max = 16MB (=16777216) (default)
2019-10-05 06:27:04,227 [977e4168-6b16-4317-a8f1-dad5ec07a45c@group-22B627084B19-LeaderElection65] INFO  server.RaftServerConfigKeys (ConfUtils.java:logGet(43)) - raft.server.log.appender.buffer.byte-limit = 33554432 (custom)
2019-10-05 06:27:04,227 [977e4168-6b16-4317-a8f1-dad5ec07a45c@group-22B627084B19-LeaderElection65] INFO  server.RaftServerConfigKeys (ConfUtils.java:logGet(43)) - raft.server.log.appender.buffer.element-limit = 1 (custom)
2019-10-05 06:27:04,227 [977e4168-6b16-4317-a8f1-dad5ec07a45c@group-22B627084B19-LeaderElection65] INFO  grpc.GrpcConfigKeys$Server (ConfUtils.java:logGet(43)) - raft.grpc.server.leader.outstanding.appends.max = 128 (default)
2019-10-05 06:27:04,227 [977e4168-6b16-4317-a8f1-dad5ec07a45c@group-22B627084B19-LeaderElection65] INFO  server.RaftServerConfigKeys (ConfUtils.java:logGet(43)) - raft.server.rpc.request.timeout = 3000ms (default)
2019-10-05 06:27:04,228 [977e4168-6b16-4317-a8f1-dad5ec07a45c@group-22B627084B19-LeaderElection65] INFO  server.RaftServerConfigKeys (ConfUtils.java:logGet(43)) - raft.server.log.appender.install.snapshot.enabled = false (custom)
2019-10-05 06:27:04,228 [977e4168-6b16-4317-a8f1-dad5ec07a45c@group-22B627084B19-LeaderElection65] INFO  server.RaftServerConfigKeys (ConfUtils.java:logGet(43)) - raft.server.log.appender.snapshot.chunk.size.max = 16MB (=16777216) (default)
2019-10-05 06:27:04,228 [977e4168-6b16-4317-a8f1-dad5ec07a45c@group-22B627084B19-LeaderElection65] INFO  server.RaftServerConfigKeys (ConfUtils.java:logGet(43)) - raft.server.log.appender.buffer.byte-limit = 33554432 (custom)
2019-10-05 06:27:04,228 [977e4168-6b16-4317-a8f1-dad5ec07a45c@group-22B627084B19-LeaderElection65] INFO  server.RaftServerConfigKeys (ConfUtils.java:logGet(43)) - raft.server.log.appender.buffer.element-limit = 1 (custom)
2019-10-05 06:27:04,228 [977e4168-6b16-4317-a8f1-dad5ec07a45c@group-22B627084B19-LeaderElection65] INFO  grpc.GrpcConfigKeys$Server (ConfUtils.java:logGet(43)) - raft.grpc.server.leader.outstanding.appends.max = 128 (default)
2019-10-05 06:27:04,228 [977e4168-6b16-4317-a8f1-dad5ec07a45c@group-22B627084B19-LeaderElection65] INFO  server.RaftServerConfigKeys (ConfUtils.java:logGet(43)) - raft.server.rpc.request.timeout = 3000ms (default)
2019-10-05 06:27:04,229 [977e4168-6b16-4317-a8f1-dad5ec07a45c@group-22B627084B19-LeaderElection65] INFO  server.RaftServerConfigKeys (ConfUtils.java:logGet(43)) - raft.server.log.appender.install.snapshot.enabled = false (custom)
2019-10-05 06:27:04,229 [977e4168-6b16-4317-a8f1-dad5ec07a45c@group-22B627084B19-LeaderElection65] INFO  impl.RoleInfo (RoleInfo.java:updateAndGet(143)) - 977e4168-6b16-4317-a8f1-dad5ec07a45c: start LeaderState
2019-10-05 06:27:04,229 [977e4168-6b16-4317-a8f1-dad5ec07a45c@group-22B627084B19-LeaderElection65] INFO  segmented.SegmentedRaftLogWorker (SegmentedRaftLogWorker.java:startLogSegment(385)) - 977e4168-6b16-4317-a8f1-dad5ec07a45c@group-22B627084B19-SegmentedRaftLogWorker: Starting segment from index:0
2019-10-05 06:27:04,230 [977e4168-6b16-4317-a8f1-dad5ec07a45c@group-22B627084B19-LeaderElection65] INFO  impl.RaftServerImpl (ServerState.java:setRaftConf(356)) - 977e4168-6b16-4317-a8f1-dad5ec07a45c@group-22B627084B19: set configuration 0: [977e4168-6b16-4317-a8f1-dad5ec07a45c:192.168.30.11:40730, cd2e9be5-bd4a-4efa-ab44-8e9a04b19f0e:192.168.30.11:46386, 2a87fcd0-34fb-4b0f-af8f-09da225f1900:192.168.30.11:37900], old=null at 0
2019-10-05 06:27:04,230 [grpc-default-executor-2] INFO  impl.RaftServerImpl (RaftServerImpl.java:requestVote(754)) - 977e4168-6b16-4317-a8f1-dad5ec07a45c@group-22B627084B19-   LEADER: Withhold vote from candidate 2a87fcd0-34fb-4b0f-af8f-09da225f1900 with term 1. State: leader=977e4168-6b16-4317-a8f1-dad5ec07a45c, term=1, lastRpcElapsed=null
2019-10-05 06:27:04,231 [grpc-default-executor-2] INFO  impl.RaftServerImpl (RaftServerImpl.java:setRole(170)) - 2a87fcd0-34fb-4b0f-af8f-09da225f1900@group-22B627084B19: changes role from CANDIDATE to FOLLOWER at term 1 for appendEntries
2019-10-05 06:27:04,231 [2a87fcd0-34fb-4b0f-af8f-09da225f1900@group-22B627084B19-LeaderElection66] INFO  impl.LeaderElection (LeaderElection.java:logAndReturn(56)) - 2a87fcd0-34fb-4b0f-af8f-09da225f1900@group-22B627084B19-LeaderElection66: Election REJECTED; received 2 response(s) [2a87fcd0-34fb-4b0f-af8f-09da225f1900<-977e4168-6b16-4317-a8f1-dad5ec07a45c#0:FAIL-t1, 2a87fcd0-34fb-4b0f-af8f-09da225f1900<-cd2e9be5-bd4a-4efa-ab44-8e9a04b19f0e#0:FAIL-t1] and 0 exception(s); 2a87fcd0-34fb-4b0f-af8f-09da225f1900@group-22B627084B19:t1, leader=null, voted=2a87fcd0-34fb-4b0f-af8f-09da225f1900, raftlog=2a87fcd0-34fb-4b0f-af8f-09da225f1900@group-22B627084B19-SegmentedRaftLog:OPENED:c-1,f-1,i0, conf=-1: [977e4168-6b16-4317-a8f1-dad5ec07a45c:192.168.30.11:40730, cd2e9be5-bd4a-4efa-ab44-8e9a04b19f0e:192.168.30.11:46386, 2a87fcd0-34fb-4b0f-af8f-09da225f1900:192.168.30.11:37900], old=null
2019-10-05 06:27:04,231 [grpc-default-executor-7] INFO  impl.RaftServerImpl (ServerState.java:setLeader(255)) - cd2e9be5-bd4a-4efa-ab44-8e9a04b19f0e@group-22B627084B19: change Leader from null to 977e4168-6b16-4317-a8f1-dad5ec07a45c at term 1 for appendEntries, leader elected after 5161ms
2019-10-05 06:27:04,231 [grpc-default-executor-2] INFO  impl.RoleInfo (RoleInfo.java:shutdownLeaderElection(134)) - 2a87fcd0-34fb-4b0f-af8f-09da225f1900: shutdown LeaderElection
2019-10-05 06:27:04,263 [grpc-default-executor-2] INFO  impl.RoleInfo (RoleInfo.java:updateAndGet(143)) - 2a87fcd0-34fb-4b0f-af8f-09da225f1900: start FollowerState
2019-10-05 06:27:04,263 [grpc-default-executor-2] INFO  impl.RaftServerImpl (ServerState.java:setLeader(255)) - 2a87fcd0-34fb-4b0f-af8f-09da225f1900@group-22B627084B19: change Leader from null to 977e4168-6b16-4317-a8f1-dad5ec07a45c at term 1 for appendEntries, leader elected after 5193ms
2019-10-05 06:27:04,265 [grpc-default-executor-7] INFO  impl.RaftServerImpl (ServerState.java:setRaftConf(356)) - cd2e9be5-bd4a-4efa-ab44-8e9a04b19f0e@group-22B627084B19: set configuration 0: [977e4168-6b16-4317-a8f1-dad5ec07a45c:192.168.30.11:40730, cd2e9be5-bd4a-4efa-ab44-8e9a04b19f0e:192.168.30.11:46386, 2a87fcd0-34fb-4b0f-af8f-09da225f1900:192.168.30.11:37900], old=null at 0
2019-10-05 06:27:04,265 [grpc-default-executor-2] INFO  impl.RaftServerImpl (ServerState.java:setRaftConf(356)) - 2a87fcd0-34fb-4b0f-af8f-09da225f1900@group-22B627084B19: set configuration 0: [977e4168-6b16-4317-a8f1-dad5ec07a45c:192.168.30.11:40730, cd2e9be5-bd4a-4efa-ab44-8e9a04b19f0e:192.168.30.11:46386, 2a87fcd0-34fb-4b0f-af8f-09da225f1900:192.168.30.11:37900], old=null at 0
2019-10-05 06:27:04,265 [grpc-default-executor-7] INFO  segmented.SegmentedRaftLogWorker (SegmentedRaftLogWorker.java:startLogSegment(385)) - cd2e9be5-bd4a-4efa-ab44-8e9a04b19f0e@group-22B627084B19-SegmentedRaftLogWorker: Starting segment from index:0
2019-10-05 06:27:04,265 [grpc-default-executor-2] INFO  segmented.SegmentedRaftLogWorker (SegmentedRaftLogWorker.java:startLogSegment(385)) - 2a87fcd0-34fb-4b0f-af8f-09da225f1900@group-22B627084B19-SegmentedRaftLogWorker: Starting segment from index:0
2019-10-05 06:27:04,276 [271fe555-dac9-4311-97a6-9ff4e566822e@group-7E79086E28D4-SegmentedRaftLogWorker] INFO  segmented.SegmentedRaftLogWorker (SegmentedRaftLogWorker.java:execute(574)) - 271fe555-dac9-4311-97a6-9ff4e566822e@group-7E79086E28D4-SegmentedRaftLogWorker: created new log segment /workdir/hadoop-ozone/integration-test/target/test-dir/MiniOzoneClusterImpl-7d9a0326-71e6-4c43-9e16-cabca91dad25/datanode-3/data/ratis/27cc3739-9612-4a27-a351-7e79086e28d4/current/log_inprogress_0
2019-10-05 06:27:04,276 [109dfb86-ee48-4d17-b40b-8876732df543@group-7E79086E28D4-SegmentedRaftLogWorker] INFO  segmented.SegmentedRaftLogWorker (SegmentedRaftLogWorker.java:execute(574)) - 109dfb86-ee48-4d17-b40b-8876732df543@group-7E79086E28D4-SegmentedRaftLogWorker: created new log segment /workdir/hadoop-ozone/integration-test/target/test-dir/MiniOzoneClusterImpl-7d9a0326-71e6-4c43-9e16-cabca91dad25/datanode-6/data/ratis/27cc3739-9612-4a27-a351-7e79086e28d4/current/log_inprogress_0
2019-10-05 06:27:04,276 [977e4168-6b16-4317-a8f1-dad5ec07a45c@group-22B627084B19-SegmentedRaftLogWorker] INFO  segmented.SegmentedRaftLogWorker (SegmentedRaftLogWorker.java:execute(574)) - 977e4168-6b16-4317-a8f1-dad5ec07a45c@group-22B627084B19-SegmentedRaftLogWorker: created new log segment /workdir/hadoop-ozone/integration-test/target/test-dir/MiniOzoneClusterImpl-7d9a0326-71e6-4c43-9e16-cabca91dad25/datanode-4/data/ratis/fb1f7227-3b0e-4e4c-b258-22b627084b19/current/log_inprogress_0
2019-10-05 06:27:04,321 [cd2e9be5-bd4a-4efa-ab44-8e9a04b19f0e@group-22B627084B19-SegmentedRaftLogWorker] INFO  segmented.SegmentedRaftLogWorker (SegmentedRaftLogWorker.java:execute(574)) - cd2e9be5-bd4a-4efa-ab44-8e9a04b19f0e@group-22B627084B19-SegmentedRaftLogWorker: created new log segment /workdir/hadoop-ozone/integration-test/target/test-dir/MiniOzoneClusterImpl-7d9a0326-71e6-4c43-9e16-cabca91dad25/datanode-2/data/ratis/fb1f7227-3b0e-4e4c-b258-22b627084b19/current/log_inprogress_0
2019-10-05 06:27:04,321 [2a87fcd0-34fb-4b0f-af8f-09da225f1900@group-22B627084B19-SegmentedRaftLogWorker] INFO  segmented.SegmentedRaftLogWorker (SegmentedRaftLogWorker.java:execute(574)) - 2a87fcd0-34fb-4b0f-af8f-09da225f1900@group-22B627084B19-SegmentedRaftLogWorker: created new log segment /workdir/hadoop-ozone/integration-test/target/test-dir/MiniOzoneClusterImpl-7d9a0326-71e6-4c43-9e16-cabca91dad25/datanode-0/data/ratis/fb1f7227-3b0e-4e4c-b258-22b627084b19/current/log_inprogress_0
2019-10-05 06:27:05,189 [Datanode State Machine Thread - 0] INFO  statemachine.DatanodeStateMachine (DatanodeStateMachine.java:lambda$startDaemon$0(350)) - Ozone container server started.
2019-10-05 06:27:10,146 [main] INFO  ozoneimpl.OzoneContainer (OzoneContainer.java:stop(231)) - Attempting to stop container services.
2019-10-05 06:27:10,147 [main] INFO  impl.RaftServerProxy (RaftServerProxy.java:lambda$close$4(314)) - 109dfb86-ee48-4d17-b40b-8876732df543: close
2019-10-05 06:27:10,148 [main] INFO  impl.RaftServerImpl (RaftServerImpl.java:lambda$shutdown$3(247)) - 109dfb86-ee48-4d17-b40b-8876732df543@group-7E79086E28D4: shutdown
2019-10-05 06:27:10,148 [ForkJoinPool.commonPool-worker-1] INFO  impl.RaftServerImpl (RaftServerImpl.java:lambda$shutdown$3(247)) - 109dfb86-ee48-4d17-b40b-8876732df543@group-B4506BEA12D0: shutdown
2019-10-05 06:27:10,148 [main] INFO  util.JmxRegister (JmxRegister.java:unregister(73)) - Successfully un-registered JMX Bean with object name Ratis:service=RaftServer,group=group-7E79086E28D4,id=109dfb86-ee48-4d17-b40b-8876732df543
2019-10-05 06:27:10,149 [ForkJoinPool.commonPool-worker-1] INFO  util.JmxRegister (JmxRegister.java:unregister(73)) - Successfully un-registered JMX Bean with object name Ratis:service=RaftServer,group=group-B4506BEA12D0,id=109dfb86-ee48-4d17-b40b-8876732df543
2019-10-05 06:27:10,149 [main] INFO  impl.RoleInfo (RoleInfo.java:shutdownFollowerState(121)) - 109dfb86-ee48-4d17-b40b-8876732df543: shutdown FollowerState
2019-10-05 06:27:10,149 [ForkJoinPool.commonPool-worker-1] INFO  impl.RoleInfo (RoleInfo.java:shutdownLeaderState(104)) - 109dfb86-ee48-4d17-b40b-8876732df543: shutdown LeaderState
2019-10-05 06:27:10,150 [Thread-2401] INFO  impl.FollowerState (FollowerState.java:run(117)) - 109dfb86-ee48-4d17-b40b-8876732df543@group-7E79086E28D4-FollowerState was interrupted: java.lang.InterruptedException: sleep interrupted
2019-10-05 06:27:10,150 [main] INFO  impl.StateMachineUpdater (StateMachineUpdater.java:stopAndJoin(136)) - 109dfb86-ee48-4d17-b40b-8876732df543@group-7E79086E28D4-StateMachineUpdater: set stopIndex = 2
2019-10-05 06:27:10,154 [109dfb86-ee48-4d17-b40b-8876732df543@group-7E79086E28D4-StateMachineUpdater] INFO  ratis.ContainerStateMachine (ContainerStateMachine.java:takeSnapshot(293)) - group-7E79086E28D4: Taking a snapshot at:(t:1, i:1) file /workdir/hadoop-ozone/integration-test/target/test-dir/MiniOzoneClusterImpl-7d9a0326-71e6-4c43-9e16-cabca91dad25/datanode-6/data/ratis/27cc3739-9612-4a27-a351-7e79086e28d4/sm/snapshot.1_1
2019-10-05 06:27:10,150 [ForkJoinPool.commonPool-worker-1] INFO  impl.PendingRequests (PendingRequests.java:sendNotLeaderResponses(202)) - 109dfb86-ee48-4d17-b40b-8876732df543@group-B4506BEA12D0-PendingRequests: sendNotLeaderResponses
2019-10-05 06:27:10,154 [ForkJoinPool.commonPool-worker-1] INFO  impl.StateMachineUpdater (StateMachineUpdater.java:stopAndJoin(136)) - 109dfb86-ee48-4d17-b40b-8876732df543@group-B4506BEA12D0-StateMachineUpdater: set stopIndex = 0
2019-10-05 06:27:10,155 [ForkJoinPool.commonPool-worker-1] INFO  impl.RaftServerImpl (ServerState.java:close(387)) - 109dfb86-ee48-4d17-b40b-8876732df543@group-B4506BEA12D0: closes. applyIndex: 0
2019-10-05 06:27:10,155 [109dfb86-ee48-4d17-b40b-8876732df543@group-B4506BEA12D0-SegmentedRaftLogWorker] INFO  segmented.SegmentedRaftLogWorker (SegmentedRaftLogWorker.java:run(316)) - 109dfb86-ee48-4d17-b40b-8876732df543@group-B4506BEA12D0-SegmentedRaftLogWorker was interrupted, exiting. There are 0 tasks remaining in the queue.
2019-10-05 06:27:10,158 [ForkJoinPool.commonPool-worker-1] INFO  segmented.SegmentedRaftLogWorker (SegmentedRaftLogWorker.java:close(224)) - 109dfb86-ee48-4d17-b40b-8876732df543@group-B4506BEA12D0-SegmentedRaftLogWorker close()
2019-10-05 06:27:10,185 [109dfb86-ee48-4d17-b40b-8876732df543@group-7E79086E28D4-StateMachineUpdater] INFO  ratis.ContainerStateMachine (ContainerStateMachine.java:takeSnapshot(304)) - group-7E79086E28D4: Finished taking a snapshot at:(t:1, i:1) file:/workdir/hadoop-ozone/integration-test/target/test-dir/MiniOzoneClusterImpl-7d9a0326-71e6-4c43-9e16-cabca91dad25/datanode-6/data/ratis/27cc3739-9612-4a27-a351-7e79086e28d4/sm/snapshot.1_1 time:35
2019-10-05 06:27:10,186 [109dfb86-ee48-4d17-b40b-8876732df543@group-7E79086E28D4-StateMachineUpdater] INFO  impl.StateMachineUpdater (StateMachineUpdater.java:takeSnapshot(269)) - 109dfb86-ee48-4d17-b40b-8876732df543@group-7E79086E28D4-StateMachineUpdater: Took a snapshot at index 1
2019-10-05 06:27:10,186 [109dfb86-ee48-4d17-b40b-8876732df543@group-7E79086E28D4-StateMachineUpdater] INFO  impl.StateMachineUpdater (StateMachineUpdater.java:lambda$new$0(84)) - 109dfb86-ee48-4d17-b40b-8876732df543@group-7E79086E28D4-StateMachineUpdater: snapshotIndex: updateIncreasingly -1 -> 1
2019-10-05 06:27:10,186 [109dfb86-ee48-4d17-b40b-8876732df543@group-7E79086E28D4-StateMachineUpdater] INFO  ratis.ContainerStateMachine (ContainerStateMachine.java:takeSnapshot(293)) - group-7E79086E28D4: Taking a snapshot at:(t:1, i:1) file /workdir/hadoop-ozone/integration-test/target/test-dir/MiniOzoneClusterImpl-7d9a0326-71e6-4c43-9e16-cabca91dad25/datanode-6/data/ratis/27cc3739-9612-4a27-a351-7e79086e28d4/sm/snapshot.1_1
2019-10-05 06:27:10,203 [109dfb86-ee48-4d17-b40b-8876732df543@group-7E79086E28D4-StateMachineUpdater] INFO  ratis.ContainerStateMachine (ContainerStateMachine.java:takeSnapshot(304)) - group-7E79086E28D4: Finished taking a snapshot at:(t:1, i:1) file:/workdir/hadoop-ozone/integration-test/target/test-dir/MiniOzoneClusterImpl-7d9a0326-71e6-4c43-9e16-cabca91dad25/datanode-6/data/ratis/27cc3739-9612-4a27-a351-7e79086e28d4/sm/snapshot.1_1 time:17
2019-10-05 06:27:10,203 [109dfb86-ee48-4d17-b40b-8876732df543@group-7E79086E28D4-StateMachineUpdater] INFO  impl.StateMachineUpdater (StateMachineUpdater.java:takeSnapshot(269)) - 109dfb86-ee48-4d17-b40b-8876732df543@group-7E79086E28D4-StateMachineUpdater: Took a snapshot at index 1
2019-10-05 06:27:10,203 [109dfb86-ee48-4d17-b40b-8876732df543@group-7E79086E28D4-StateMachineUpdater] INFO  impl.StateMachineUpdater (StateMachineUpdater.java:lambda$new$0(84)) - 109dfb86-ee48-4d17-b40b-8876732df543@group-7E79086E28D4-StateMachineUpdater: snapshotIndex: updateIncreasingly 1 -> 1
2019-10-05 06:27:10,204 [main] INFO  impl.RaftServerImpl (ServerState.java:close(387)) - 109dfb86-ee48-4d17-b40b-8876732df543@group-7E79086E28D4: closes. applyIndex: 2
2019-10-05 06:27:10,204 [109dfb86-ee48-4d17-b40b-8876732df543@group-7E79086E28D4-SegmentedRaftLogWorker] INFO  segmented.SegmentedRaftLogWorker (SegmentedRaftLogWorker.java:run(316)) - 109dfb86-ee48-4d17-b40b-8876732df543@group-7E79086E28D4-SegmentedRaftLogWorker was interrupted, exiting. There are 0 tasks remaining in the queue.
2019-10-05 06:27:10,208 [main] INFO  segmented.SegmentedRaftLogWorker (SegmentedRaftLogWorker.java:close(224)) - 109dfb86-ee48-4d17-b40b-8876732df543@group-7E79086E28D4-SegmentedRaftLogWorker close()
2019-10-05 06:27:10,214 [main] INFO  server.GrpcService (GrpcService.java:closeImpl(164)) - 109dfb86-ee48-4d17-b40b-8876732df543: shutdown server with port 41028 now
2019-10-05 06:27:10,215 [grpc-default-executor-2] WARN  server.GrpcServerProtocolService (LogUtils.java:warn(134)) - 109dfb86-ee48-4d17-b40b-8876732df543: installSnapshot onError, lastRequest: b3be66eb-999a-4c9a-88a3-427cb86f6dcd->109dfb86-ee48-4d17-b40b-8876732df543#5-t1, previous=(t:1, i:2), leaderCommit=2, initializing? false, entries: <empty>: org.apache.ratis.thirdparty.io.grpc.StatusRuntimeException: CANCELLED: cancelled before receiving half close
2019-10-05 06:27:10,215 [grpc-default-executor-7] WARN  server.GrpcLogAppender (LogUtils.java:warn(134)) - b3be66eb-999a-4c9a-88a3-427cb86f6dcd@group-7E79086E28D4->109dfb86-ee48-4d17-b40b-8876732df543-AppendLogResponseHandler: Failed appendEntries: org.apache.ratis.thirdparty.io.grpc.StatusRuntimeException: CANCELLED: HTTP/2 error code: CANCEL
Received Rst Stream
2019-10-05 06:27:10,215 [main] INFO  server.GrpcService (GrpcService.java:closeImpl(172)) - 109dfb86-ee48-4d17-b40b-8876732df543: shutdown server with port 41028 successfully
2019-10-05 06:27:10,216 [grpc-default-executor-7] INFO  impl.FollowerInfo (FollowerInfo.java:lambda$new$0(51)) - b3be66eb-999a-4c9a-88a3-427cb86f6dcd@group-7E79086E28D4->109dfb86-ee48-4d17-b40b-8876732df543: nextIndex: updateUnconditionally 3 -> 2
2019-10-05 06:27:10,218 [refreshUsed-/workdir/hadoop-ozone/integration-test/target/test-dir/MiniOzoneClusterImpl-7d9a0326-71e6-4c43-9e16-cabca91dad25/datanode-6/data/containers] WARN  fs.CachingGetSpaceUsed (CachingGetSpaceUsed.java:run(183)) - Thread Interrupted waiting to refresh disk information: sleep interrupted
2019-10-05 06:27:10,239 [main] INFO  utils.BackgroundService (BackgroundService.java:shutdown(148)) - Shutting down service BlockDeletingService
2019-10-05 06:27:10,248 [main] INFO  statemachine.DatanodeStateMachine (DatanodeStateMachine.java:stopDaemon(395)) - Ozone container server stopped.
2019-10-05 06:27:10,250 [main] INFO  handler.ContextHandler (ContextHandler.java:doStop(910)) - Stopped o.e.j.w.WebAppContext@3079c26a{/,null,UNAVAILABLE}{/hddsDatanode}
2019-10-05 06:27:10,250 [main] INFO  server.AbstractConnector (AbstractConnector.java:doStop(318)) - Stopped ServerConnector@1e2445f6{HTTP/1.1,[http/1.1]}{0.0.0.0:0}
2019-10-05 06:27:10,251 [main] INFO  handler.ContextHandler (ContextHandler.java:doStop(910)) - Stopped o.e.j.s.ServletContextHandler@2aea717c{/static,jar:file:/home/user/.m2/repository/org/apache/hadoop/hadoop-hdds-container-service/0.5.0-SNAPSHOT/hadoop-hdds-container-service-0.5.0-SNAPSHOT.jar!/webapps/static,UNAVAILABLE}
2019-10-05 06:27:10,251 [main] INFO  handler.ContextHandler (ContextHandler.java:doStop(910)) - Stopped o.e.j.s.ServletContextHandler@224d86d2{/logs,file:///workdir/hadoop-ozone/integration-test/target/log,UNAVAILABLE}
2019-10-05 06:27:10,258 [grpc-default-executor-7] WARN  server.GrpcLogAppender (LogUtils.java:warn(134)) - b3be66eb-999a-4c9a-88a3-427cb86f6dcd@group-7E79086E28D4->109dfb86-ee48-4d17-b40b-8876732df543-AppendLogResponseHandler: Failed appendEntries: org.apache.ratis.thirdparty.io.grpc.StatusRuntimeException: UNAVAILABLE: io exception
2019-10-05 06:27:10,258 [grpc-default-executor-7] INFO  impl.FollowerInfo (FollowerInfo.java:lambda$new$0(51)) - b3be66eb-999a-4c9a-88a3-427cb86f6dcd@group-7E79086E28D4->109dfb86-ee48-4d17-b40b-8876732df543: nextIndex: updateUnconditionally 3 -> 2
2019-10-05 06:27:10,270 [grpc-default-executor-2] WARN  server.GrpcLogAppender (LogUtils.java:warn(134)) - b3be66eb-999a-4c9a-88a3-427cb86f6dcd@group-7E79086E28D4->109dfb86-ee48-4d17-b40b-8876732df543-AppendLogResponseHandler: Failed appendEntries: org.apache.ratis.thirdparty.io.grpc.StatusRuntimeException: UNAVAILABLE: io exception
2019-10-05 06:27:10,270 [grpc-default-executor-2] INFO  impl.FollowerInfo (FollowerInfo.java:lambda$new$0(51)) - b3be66eb-999a-4c9a-88a3-427cb86f6dcd@group-7E79086E28D4->109dfb86-ee48-4d17-b40b-8876732df543: nextIndex: updateUnconditionally 3 -> 2
2019-10-05 06:27:10,283 [grpc-default-executor-8] WARN  server.GrpcLogAppender (LogUtils.java:warn(134)) - b3be66eb-999a-4c9a-88a3-427cb86f6dcd@group-7E79086E28D4->109dfb86-ee48-4d17-b40b-8876732df543-AppendLogResponseHandler: Failed appendEntries: org.apache.ratis.thirdparty.io.grpc.StatusRuntimeException: UNAVAILABLE: io exception
2019-10-05 06:27:10,283 [EventQueue-IncrementalContainerReportForIncrementalContainerReportHandler] WARN  container.IncrementalContainerReportHandler (AbstractContainerReportHandler.java:updateContainerState(143)) - Container #1 is in OPEN state, but the datanode b3be66eb-999a-4c9a-88a3-427cb86f6dcd{ip: 192.168.30.11, host: trunk-nightly-20191005-lqjcv-646031197, networkLocation: /default-rack, certSerialId: null} reports an CLOSING replica.
2019-10-05 06:27:10,283 [grpc-default-executor-8] INFO  impl.FollowerInfo (FollowerInfo.java:lambda$new$0(51)) - b3be66eb-999a-4c9a-88a3-427cb86f6dcd@group-7E79086E28D4->109dfb86-ee48-4d17-b40b-8876732df543: nextIndex: updateUnconditionally 3 -> 2
2019-10-05 06:27:10,298 [EventQueue-IncrementalContainerReportForIncrementalContainerReportHandler] WARN  container.IncrementalContainerReportHandler (AbstractContainerReportHandler.java:updateContainerState(143)) - Container #1 is in OPEN state, but the datanode 271fe555-dac9-4311-97a6-9ff4e566822e{ip: 192.168.30.11, host: trunk-nightly-20191005-lqjcv-646031197, networkLocation: /default-rack, certSerialId: null} reports an CLOSING replica.
2019-10-05 06:27:10,334 [RatisApplyTransactionExecutor 1] INFO  interfaces.Container (KeyValueContainer.java:flushAndSyncDB(386)) - Container 1 is synced with bcsId 0.
2019-10-05 06:27:10,353 [RatisApplyTransactionExecutor 1] INFO  interfaces.Container (KeyValueContainer.java:flushAndSyncDB(386)) - Container 1 is synced with bcsId 0.
2019-10-05 06:27:10,356 [RatisApplyTransactionExecutor 1] INFO  interfaces.Container (KeyValueContainer.java:flushAndSyncDB(386)) - Container 1 is synced with bcsId 0.
2019-10-05 06:27:10,356 [RatisApplyTransactionExecutor 1] INFO  interfaces.Container (KeyValueContainer.java:flushAndSyncDB(386)) - Container 1 is synced with bcsId 0.
2019-10-05 06:27:10,360 [RatisApplyTransactionExecutor 1] INFO  interfaces.Container (KeyValueContainer.java:close(335)) - Container 1 is closed with bcsId 0.
2019-10-05 06:27:10,360 [RatisApplyTransactionExecutor 1] INFO  interfaces.Container (KeyValueContainer.java:close(335)) - Container 1 is closed with bcsId 0.
2019-10-05 06:27:10,373 [EventQueue-IncrementalContainerReportForIncrementalContainerReportHandler] WARN  container.IncrementalContainerReportHandler (AbstractContainerReportHandler.java:updateContainerState(143)) - Container #1 is in OPEN state, but the datanode b3be66eb-999a-4c9a-88a3-427cb86f6dcd{ip: 192.168.30.11, host: trunk-nightly-20191005-lqjcv-646031197, networkLocation: /default-rack, certSerialId: null} reports an CLOSED replica.
2019-10-05 06:27:10,373 [EventQueue-IncrementalContainerReportForIncrementalContainerReportHandler] WARN  container.IncrementalContainerReportHandler (AbstractContainerReportHandler.java:updateContainerState(143)) - Container #1 is in OPEN state, but the datanode 271fe555-dac9-4311-97a6-9ff4e566822e{ip: 192.168.30.11, host: trunk-nightly-20191005-lqjcv-646031197, networkLocation: /default-rack, certSerialId: null} reports an CLOSED replica.
2019-10-05 06:27:12,785 [grpc-default-executor-8] WARN  server.GrpcLogAppender (LogUtils.java:warn(134)) - b3be66eb-999a-4c9a-88a3-427cb86f6dcd@group-7E79086E28D4->109dfb86-ee48-4d17-b40b-8876732df543-AppendLogResponseHandler: Failed appendEntries: org.apache.ratis.thirdparty.io.grpc.StatusRuntimeException: UNAVAILABLE: io exception
2019-10-05 06:27:12,786 [grpc-default-executor-8] INFO  impl.FollowerInfo (FollowerInfo.java:lambda$new$0(51)) - b3be66eb-999a-4c9a-88a3-427cb86f6dcd@group-7E79086E28D4->109dfb86-ee48-4d17-b40b-8876732df543: nextIndex: updateUnconditionally 2 -> 1
2019-10-05 06:27:13,388 [main] WARN  scm.XceiverClientRatis (XceiverClientRatis.java:watchForCommit(292)) - 3 way commit failed on pipeline Pipeline[ Id: 27cc3739-9612-4a27-a351-7e79086e28d4, Nodes: 109dfb86-ee48-4d17-b40b-8876732df543{ip: 192.168.30.11, host: trunk-nightly-20191005-lqjcv-646031197, networkLocation: /default-rack, certSerialId: null}b3be66eb-999a-4c9a-88a3-427cb86f6dcd{ip: 192.168.30.11, host: trunk-nightly-20191005-lqjcv-646031197, networkLocation: /default-rack, certSerialId: null}271fe555-dac9-4311-97a6-9ff4e566822e{ip: 192.168.30.11, host: trunk-nightly-20191005-lqjcv-646031197, networkLocation: /default-rack, certSerialId: null}, Type:RATIS, Factor:THREE, State:OPEN]
java.util.concurrent.TimeoutException
	at java.util.concurrent.CompletableFuture.timedGet(CompletableFuture.java:1771)
	at java.util.concurrent.CompletableFuture.get(CompletableFuture.java:1915)
	at org.apache.hadoop.hdds.scm.XceiverClientRatis.watchForCommit(XceiverClientRatis.java:289)
	at org.apache.hadoop.ozone.client.rpc.TestWatchForCommit.test2WayCommitForTimeoutException(TestWatchForCommit.java:391)
	at sun.reflect.NativeMethodAccessorImpl.invoke0(Native Method)
	at sun.reflect.NativeMethodAccessorImpl.invoke(NativeMethodAccessorImpl.java:62)
	at sun.reflect.DelegatingMethodAccessorImpl.invoke(DelegatingMethodAccessorImpl.java:43)
	at java.lang.reflect.Method.invoke(Method.java:498)
	at org.junit.runners.model.FrameworkMethod$1.runReflectiveCall(FrameworkMethod.java:47)
	at org.junit.internal.runners.model.ReflectiveCallable.run(ReflectiveCallable.java:12)
	at org.junit.runners.model.FrameworkMethod.invokeExplosively(FrameworkMethod.java:44)
	at org.junit.internal.runners.statements.InvokeMethod.evaluate(InvokeMethod.java:17)
	at org.junit.runners.ParentRunner.runLeaf(ParentRunner.java:271)
	at org.junit.runners.BlockJUnit4ClassRunner.runChild(BlockJUnit4ClassRunner.java:70)
	at org.junit.runners.BlockJUnit4ClassRunner.runChild(BlockJUnit4ClassRunner.java:50)
	at org.junit.runners.ParentRunner$3.run(ParentRunner.java:238)
	at org.junit.runners.ParentRunner$1.schedule(ParentRunner.java:63)
	at org.junit.runners.ParentRunner.runChildren(ParentRunner.java:236)
	at org.junit.runners.ParentRunner.access$000(ParentRunner.java:53)
	at org.junit.runners.ParentRunner$2.evaluate(ParentRunner.java:229)
	at org.junit.runners.ParentRunner.run(ParentRunner.java:309)
	at org.apache.maven.surefire.junit4.JUnit4Provider.execute(JUnit4Provider.java:365)
	at org.apache.maven.surefire.junit4.JUnit4Provider.executeWithRerun(JUnit4Provider.java:273)
	at org.apache.maven.surefire.junit4.JUnit4Provider.executeTestSet(JUnit4Provider.java:238)
	at org.apache.maven.surefire.junit4.JUnit4Provider.invoke(JUnit4Provider.java:159)
	at org.apache.maven.surefire.booter.ForkedBooter.invokeProviderInSameClassLoader(ForkedBooter.java:384)
	at org.apache.maven.surefire.booter.ForkedBooter.runSuitesInProcess(ForkedBooter.java:345)
	at org.apache.maven.surefire.booter.ForkedBooter.execute(ForkedBooter.java:126)
	at org.apache.maven.surefire.booter.ForkedBooter.main(ForkedBooter.java:418)
2019-10-05 06:27:13,399 [Thread-2455] INFO  client.GrpcClientProtocolService (GrpcClientProtocolService.java:lambda$processClientRequest$0(278)) - Failed RaftClientRequest:client-50215AD52B70->271fe555-dac9-4311-97a6-9ff4e566822e@group-7E79086E28D4, cid=106, seq=0, Watch-MAJORITY_COMMITTED(3), Message:<EMPTY>, reply=RaftClientReply:client-50215AD52B70->271fe555-dac9-4311-97a6-9ff4e566822e@group-7E79086E28D4, cid=106, FAILED org.apache.ratis.protocol.NotLeaderException: Server 271fe555-dac9-4311-97a6-9ff4e566822e@group-7E79086E28D4 is not the leader b3be66eb-999a-4c9a-88a3-427cb86f6dcd:192.168.30.11:34817, logIndex=0, commits[271fe555-dac9-4311-97a6-9ff4e566822e:c4, 109dfb86-ee48-4d17-b40b-8876732df543:c2, b3be66eb-999a-4c9a-88a3-427cb86f6dcd:c4]
2019-10-05 06:27:15,286 [grpc-default-executor-7] WARN  server.GrpcLogAppender (LogUtils.java:warn(134)) - b3be66eb-999a-4c9a-88a3-427cb86f6dcd@group-7E79086E28D4->109dfb86-ee48-4d17-b40b-8876732df543-AppendLogResponseHandler: Failed appendEntries: org.apache.ratis.thirdparty.io.grpc.StatusRuntimeException: UNAVAILABLE: io exception
2019-10-05 06:27:15,290 [grpc-default-executor-7] INFO  impl.FollowerInfo (FollowerInfo.java:lambda$new$0(51)) - b3be66eb-999a-4c9a-88a3-427cb86f6dcd@group-7E79086E28D4->109dfb86-ee48-4d17-b40b-8876732df543: nextIndex: updateUnconditionally 1 -> 0
]]></system-out>
    <system-err><![CDATA[Oct 05, 2019 6:27:10 AM org.apache.ratis.thirdparty.io.grpc.internal.SerializingExecutor run
SEVERE: Exception while executing runnable org.apache.ratis.thirdparty.io.grpc.internal.ServerImpl$JumpToApplicationThreadServerStreamListener$1Closed@4e33886b
org.apache.ratis.thirdparty.io.grpc.StatusRuntimeException: CANCELLED: call already cancelled
	at org.apache.ratis.thirdparty.io.grpc.Status.asRuntimeException(Status.java:517)
	at org.apache.ratis.thirdparty.io.grpc.stub.ServerCalls$ServerCallStreamObserverImpl.onCompleted(ServerCalls.java:356)
	at org.apache.ratis.grpc.server.GrpcServerProtocolService$ServerRequestStreamObserver.onError(GrpcServerProtocolService.java:121)
	at org.apache.ratis.thirdparty.io.grpc.stub.ServerCalls$StreamingServerCallHandler$StreamingServerCallListener.onCancel(ServerCalls.java:269)
	at org.apache.ratis.thirdparty.io.grpc.internal.ServerCallImpl$ServerStreamListenerImpl.closed(ServerCallImpl.java:293)
	at org.apache.ratis.thirdparty.io.grpc.internal.ServerImpl$JumpToApplicationThreadServerStreamListener$1Closed.runInContext(ServerImpl.java:741)
	at org.apache.ratis.thirdparty.io.grpc.internal.ContextRunnable.run(ContextRunnable.java:37)
	at org.apache.ratis.thirdparty.io.grpc.internal.SerializingExecutor.run(SerializingExecutor.java:123)
	at java.util.concurrent.ThreadPoolExecutor.runWorker(ThreadPoolExecutor.java:1149)
	at java.util.concurrent.ThreadPoolExecutor$Worker.run(ThreadPoolExecutor.java:624)
	at java.lang.Thread.run(Thread.java:748)

]]></system-err>
  </testcase>
</testsuite>