<?xml version="1.0" encoding="UTF-8"?>
<testsuite xmlns:xsi="http://www.w3.org/2001/XMLSchema-instance" xsi:noNamespaceSchemaLocation="https://maven.apache.org/surefire/maven-surefire-plugin/xsd/surefire-test-report.xsd" name="org.apache.hadoop.ozone.client.rpc.Test2WayCommitInRatis" time="31.777" tests="1" errors="1" skipped="0" failures="0">
  <properties>
    <property name="awt.toolkit" value="sun.awt.X11.XToolkit"/>
    <property name="file.encoding.pkg" value="sun.io"/>
    <property name="java.specification.version" value="1.8"/>
    <property name="sun.cpu.isalist" value=""/>
    <property name="sun.jnu.encoding" value="UTF-8"/>
    <property name="java.class.path" value="/workdir/hadoop-ozone/integration-test/target/test-classes:/workdir/hadoop-ozone/integration-test/target/classes:/home/user/.m2/repository/org/apache/hadoop/hadoop-ozone-common/0.5.0-SNAPSHOT/hadoop-ozone-common-0.5.0-SNAPSHOT.jar:/home/user/.m2/repository/org/apache/commons/commons-compress/1.4.1/commons-compress-1.4.1.jar:/home/user/.m2/repository/org/tukaani/xz/1.0/xz-1.0.jar:/home/user/.m2/repository/org/apache/hadoop/hadoop-common/3.2.0/hadoop-common-3.2.0.jar:/home/user/.m2/repository/org/apache/hadoop/hadoop-hdfs/3.2.0/hadoop-hdfs-3.2.0.jar:/home/user/.m2/repository/org/apache/hadoop/hadoop-hdfs-client/3.2.0/hadoop-hdfs-client-3.2.0.jar:/home/user/.m2/repository/com/fasterxml/jackson/core/jackson-annotations/2.9.9/jackson-annotations-2.9.9.jar:/home/user/.m2/repository/org/apache/hadoop/hadoop-hdds-common/0.5.0-SNAPSHOT/hadoop-hdds-common-0.5.0-SNAPSHOT.jar:/home/user/.m2/repository/javax/annotation/javax.annotation-api/1.2/javax.annotation-api-1.2.jar:/home/user/.m2/repository/org/apache/ratis/ratis-server/0.5.0-201fc85-SNAPSHOT/ratis-server-0.5.0-201fc85-SNAPSHOT.jar:/home/user/.m2/repository/org/apache/ratis/ratis-thirdparty-misc/0.2.0/ratis-thirdparty-misc-0.2.0.jar:/home/user/.m2/repository/org/apache/ratis/ratis-proto/0.5.0-201fc85-SNAPSHOT/ratis-proto-0.5.0-201fc85-SNAPSHOT.jar:/home/user/.m2/repository/org/apache/ratis/ratis-common/0.5.0-201fc85-SNAPSHOT/ratis-common-0.5.0-201fc85-SNAPSHOT.jar:/home/user/.m2/repository/org/apache/ratis/ratis-client/0.5.0-201fc85-SNAPSHOT/ratis-client-0.5.0-201fc85-SNAPSHOT.jar:/home/user/.m2/repository/org/apache/ratis/ratis-metrics/0.5.0-201fc85-SNAPSHOT/ratis-metrics-0.5.0-201fc85-SNAPSHOT.jar:/home/user/.m2/repository/com/github/joshelser/dropwizard-metrics-hadoop-metrics2-reporter/0.1.2/dropwizard-metrics-hadoop-metrics2-reporter-0.1.2.jar:/home/user/.m2/repository/io/dropwizard/metrics/metrics-jvm/3.2.5/metrics-jvm-3.2.5.jar:/home/user/.m2/repository/io/dropwizard/metrics/metrics-ganglia/3.2.5/metrics-ganglia-3.2.5.jar:/home/user/.m2/repository/info/ganglia/gmetric4j/gmetric4j/1.0.7/gmetric4j-1.0.7.jar:/home/user/.m2/repository/org/apache/ratis/ratis-netty/0.5.0-201fc85-SNAPSHOT/ratis-netty-0.5.0-201fc85-SNAPSHOT.jar:/home/user/.m2/repository/org/apache/ratis/ratis-grpc/0.5.0-201fc85-SNAPSHOT/ratis-grpc-0.5.0-201fc85-SNAPSHOT.jar:/home/user/.m2/repository/org/rocksdb/rocksdbjni/6.0.1/rocksdbjni-6.0.1.jar:/home/user/.m2/repository/org/apache/logging/log4j/log4j-api/2.11.0/log4j-api-2.11.0.jar:/home/user/.m2/repository/org/apache/logging/log4j/log4j-core/2.11.0/log4j-core-2.11.0.jar:/home/user/.m2/repository/com/lmax/disruptor/3.4.2/disruptor-3.4.2.jar:/home/user/.m2/repository/org/apache/commons/commons-pool2/2.6.0/commons-pool2-2.6.0.jar:/home/user/.m2/repository/org/bouncycastle/bcpkix-jdk15on/1.60/bcpkix-jdk15on-1.60.jar:/home/user/.m2/repository/commons-validator/commons-validator/1.6/commons-validator-1.6.jar:/home/user/.m2/repository/commons-digester/commons-digester/1.8.1/commons-digester-1.8.1.jar:/home/user/.m2/repository/io/jaegertracing/jaeger-client/0.34.0/jaeger-client-0.34.0.jar:/home/user/.m2/repository/io/jaegertracing/jaeger-thrift/0.34.0/jaeger-thrift-0.34.0.jar:/home/user/.m2/repository/org/apache/thrift/libthrift/0.12.0/libthrift-0.12.0.jar:/home/user/.m2/repository/com/squareup/okhttp3/okhttp/3.9.0/okhttp-3.9.0.jar:/home/user/.m2/repository/com/squareup/okio/okio/1.13.0/okio-1.13.0.jar:/home/user/.m2/repository/io/jaegertracing/jaeger-core/0.34.0/jaeger-core-0.34.0.jar:/home/user/.m2/repository/io/jaegertracing/jaeger-tracerresolver/0.34.0/jaeger-tracerresolver-0.34.0.jar:/home/user/.m2/repository/io/opentracing/contrib/opentracing-tracerresolver/0.1.5/opentracing-tracerresolver-0.1.5.jar:/home/user/.m2/repository/io/opentracing/opentracing-util/0.31.0/opentracing-util-0.31.0.jar:/home/user/.m2/repository/io/opentracing/opentracing-api/0.31.0/opentracing-api-0.31.0.jar:/home/user/.m2/repository/io/opentracing/opentracing-noop/0.31.0/opentracing-noop-0.31.0.jar:/home/user/.m2/repository/org/apache/hadoop/hadoop-hdds-server-framework/0.5.0-SNAPSHOT/hadoop-hdds-server-framework-0.5.0-SNAPSHOT.jar:/home/user/.m2/repository/org/apache/hadoop/hadoop-hdds-container-service/0.5.0-SNAPSHOT/hadoop-hdds-container-service-0.5.0-SNAPSHOT.jar:/home/user/.m2/repository/org/apache/hadoop/hadoop-hdds-client/0.5.0-SNAPSHOT/hadoop-hdds-client-0.5.0-SNAPSHOT.jar:/home/user/.m2/repository/org/apache/hadoop/hadoop-hdds-tools/0.5.0-SNAPSHOT/hadoop-hdds-tools-0.5.0-SNAPSHOT.jar:/home/user/.m2/repository/org/apache/hadoop/hadoop-hdds-server-scm/0.5.0-SNAPSHOT/hadoop-hdds-server-scm-0.5.0-SNAPSHOT.jar:/home/user/.m2/repository/org/apache/hadoop/hadoop-hdds-docs/0.5.0-SNAPSHOT/hadoop-hdds-docs-0.5.0-SNAPSHOT.jar:/home/user/.m2/repository/io/dropwizard/metrics/metrics-core/3.2.4/metrics-core-3.2.4.jar:/home/user/.m2/repository/org/hamcrest/hamcrest-all/1.3/hamcrest-all-1.3.jar:/home/user/.m2/repository/org/bouncycastle/bcprov-jdk15on/1.60/bcprov-jdk15on-1.60.jar:/home/user/.m2/repository/info/picocli/picocli/3.9.6/picocli-3.9.6.jar:/home/user/.m2/repository/com/google/protobuf/protobuf-java/2.5.0/protobuf-java-2.5.0.jar:/home/user/.m2/repository/com/google/guava/guava/11.0.2/guava-11.0.2.jar:/home/user/.m2/repository/org/apache/hadoop/hadoop-ozone-ozone-manager/0.5.0-SNAPSHOT/hadoop-ozone-ozone-manager-0.5.0-SNAPSHOT.jar:/home/user/.m2/repository/org/apache/hadoop/hadoop-minikdc/3.2.0/hadoop-minikdc-3.2.0.jar:/home/user/.m2/repository/commons-io/commons-io/2.5/commons-io-2.5.jar:/home/user/.m2/repository/org/apache/kerby/kerb-simplekdc/1.0.1/kerb-simplekdc-1.0.1.jar:/home/user/.m2/repository/org/apache/kerby/kerb-client/1.0.1/kerb-client-1.0.1.jar:/home/user/.m2/repository/org/apache/kerby/kerby-config/1.0.1/kerby-config-1.0.1.jar:/home/user/.m2/repository/org/apache/kerby/kerb-core/1.0.1/kerb-core-1.0.1.jar:/home/user/.m2/repository/org/apache/kerby/kerby-pkix/1.0.1/kerby-pkix-1.0.1.jar:/home/user/.m2/repository/org/apache/kerby/kerby-asn1/1.0.1/kerby-asn1-1.0.1.jar:/home/user/.m2/repository/org/apache/kerby/kerby-util/1.0.1/kerby-util-1.0.1.jar:/home/user/.m2/repository/org/apache/kerby/kerb-common/1.0.1/kerb-common-1.0.1.jar:/home/user/.m2/repository/org/apache/kerby/kerb-crypto/1.0.1/kerb-crypto-1.0.1.jar:/home/user/.m2/repository/org/apache/kerby/kerb-util/1.0.1/kerb-util-1.0.1.jar:/home/user/.m2/repository/org/apache/kerby/token-provider/1.0.1/token-provider-1.0.1.jar:/home/user/.m2/repository/org/apache/kerby/kerb-admin/1.0.1/kerb-admin-1.0.1.jar:/home/user/.m2/repository/org/apache/kerby/kerb-server/1.0.1/kerb-server-1.0.1.jar:/home/user/.m2/repository/org/apache/kerby/kerb-identity/1.0.1/kerb-identity-1.0.1.jar:/home/user/.m2/repository/org/apache/kerby/kerby-xdr/1.0.1/kerby-xdr-1.0.1.jar:/home/user/.m2/repository/org/slf4j/slf4j-log4j12/1.7.25/slf4j-log4j12-1.7.25.jar:/home/user/.m2/repository/org/apache/hadoop/hadoop-ozone-s3gateway/0.5.0-SNAPSHOT/hadoop-ozone-s3gateway-0.5.0-SNAPSHOT.jar:/home/user/.m2/repository/org/jboss/weld/servlet/weld-servlet/2.4.7.Final/weld-servlet-2.4.7.Final.jar:/home/user/.m2/repository/org/glassfish/jersey/containers/jersey-container-servlet-core/2.27/jersey-container-servlet-core-2.27.jar:/home/user/.m2/repository/org/glassfish/hk2/external/javax.inject/2.5.0-b42/javax.inject-2.5.0-b42.jar:/home/user/.m2/repository/org/glassfish/jersey/core/jersey-common/2.27/jersey-common-2.27.jar:/home/user/.m2/repository/org/glassfish/hk2/osgi-resource-locator/1.0.1/osgi-resource-locator-1.0.1.jar:/home/user/.m2/repository/javax/ws/rs/javax.ws.rs-api/2.1/javax.ws.rs-api-2.1.jar:/home/user/.m2/repository/org/glassfish/jersey/ext/cdi/jersey-cdi1x/2.27/jersey-cdi1x-2.27.jar:/home/user/.m2/repository/org/glassfish/jersey/inject/jersey-hk2/2.27/jersey-hk2-2.27.jar:/home/user/.m2/repository/org/glassfish/hk2/hk2-locator/2.5.0-b42/hk2-locator-2.5.0-b42.jar:/home/user/.m2/repository/org/javassist/javassist/3.22.0-CR2/javassist-3.22.0-CR2.jar:/home/user/.m2/repository/org/glassfish/hk2/hk2-api/2.5.0/hk2-api-2.5.0.jar:/home/user/.m2/repository/org/glassfish/hk2/external/jakarta.inject/2.5.0/jakarta.inject-2.5.0.jar:/home/user/.m2/repository/org/glassfish/hk2/hk2-utils/2.5.0/hk2-utils-2.5.0.jar:/home/user/.m2/repository/jakarta/annotation/jakarta.annotation-api/1.3.4/jakarta.annotation-api-1.3.4.jar:/home/user/.m2/repository/org/glassfish/hk2/external/aopalliance-repackaged/2.5.0/aopalliance-repackaged-2.5.0.jar:/home/user/.m2/repository/com/fasterxml/jackson/dataformat/jackson-dataformat-xml/2.9.0/jackson-dataformat-xml-2.9.0.jar:/home/user/.m2/repository/com/fasterxml/jackson/core/jackson-core/2.9.9/jackson-core-2.9.9.jar:/home/user/.m2/repository/com/fasterxml/jackson/module/jackson-module-jaxb-annotations/2.9.9/jackson-module-jaxb-annotations-2.9.9.jar:/home/user/.m2/repository/javax/enterprise/cdi-api/1.2/cdi-api-1.2.jar:/home/user/.m2/repository/javax/el/javax.el-api/3.0.0/javax.el-api-3.0.0.jar:/home/user/.m2/repository/javax/interceptor/javax.interceptor-api/1.2/javax.interceptor-api-1.2.jar:/home/user/.m2/repository/javax/inject/javax.inject/1/javax.inject-1.jar:/home/user/.m2/repository/com/sun/xml/bind/jaxb-impl/2.3.0.1/jaxb-impl-2.3.0.1.jar:/home/user/.m2/repository/com/sun/xml/bind/jaxb-core/2.3.0.1/jaxb-core-2.3.0.1.jar:/home/user/.m2/repository/javax/xml/bind/jaxb-api/2.3.0/jaxb-api-2.3.0.jar:/home/user/.m2/repository/javax/activation/activation/1.1.1/activation-1.1.1.jar:/home/user/.m2/repository/org/apache/hadoop/hadoop-ozone-csi/0.5.0-SNAPSHOT/hadoop-ozone-csi-0.5.0-SNAPSHOT.jar:/home/user/.m2/repository/com/google/protobuf/protobuf-java-util/3.5.1/protobuf-java-util-3.5.1.jar:/home/user/.m2/repository/org/apache/hadoop/hadoop-hdds-config/0.5.0-SNAPSHOT/hadoop-hdds-config-0.5.0-SNAPSHOT.jar:/home/user/.m2/repository/io/grpc/grpc-netty/1.17.1/grpc-netty-1.17.1.jar:/home/user/.m2/repository/io/grpc/grpc-core/1.17.1/grpc-core-1.17.1.jar:/home/user/.m2/repository/io/grpc/grpc-context/1.17.1/grpc-context-1.17.1.jar:/home/user/.m2/repository/com/google/errorprone/error_prone_annotations/2.2.0/error_prone_annotations-2.2.0.jar:/home/user/.m2/repository/org/codehaus/mojo/animal-sniffer-annotations/1.17/animal-sniffer-annotations-1.17.jar:/home/user/.m2/repository/io/opencensus/opencensus-api/0.17.0/opencensus-api-0.17.0.jar:/home/user/.m2/repository/io/opencensus/opencensus-contrib-grpc-metrics/0.17.0/opencensus-contrib-grpc-metrics-0.17.0.jar:/home/user/.m2/repository/io/netty/netty-codec-http2/4.1.30.Final/netty-codec-http2-4.1.30.Final.jar:/home/user/.m2/repository/io/netty/netty-codec-http/4.1.30.Final/netty-codec-http-4.1.30.Final.jar:/home/user/.m2/repository/io/netty/netty-codec/4.1.30.Final/netty-codec-4.1.30.Final.jar:/home/user/.m2/repository/io/netty/netty-handler/4.1.30.Final/netty-handler-4.1.30.Final.jar:/home/user/.m2/repository/io/netty/netty-handler-proxy/4.1.30.Final/netty-handler-proxy-4.1.30.Final.jar:/home/user/.m2/repository/io/netty/netty-codec-socks/4.1.30.Final/netty-codec-socks-4.1.30.Final.jar:/home/user/.m2/repository/io/netty/netty-transport-native-epoll/4.1.30.Final/netty-transport-native-epoll-4.1.30.Final.jar:/home/user/.m2/repository/io/netty/netty-common/4.1.30.Final/netty-common-4.1.30.Final.jar:/home/user/.m2/repository/io/netty/netty-buffer/4.1.30.Final/netty-buffer-4.1.30.Final.jar:/home/user/.m2/repository/io/netty/netty-transport/4.1.30.Final/netty-transport-4.1.30.Final.jar:/home/user/.m2/repository/io/netty/netty-resolver/4.1.30.Final/netty-resolver-4.1.30.Final.jar:/home/user/.m2/repository/io/netty/netty-transport-native-unix-common/4.1.30.Final/netty-transport-native-unix-common-4.1.30.Final.jar:/home/user/.m2/repository/io/grpc/grpc-protobuf/1.17.1/grpc-protobuf-1.17.1.jar:/home/user/.m2/repository/com/google/api/grpc/proto-google-common-protos/1.0.0/proto-google-common-protos-1.0.0.jar:/home/user/.m2/repository/io/grpc/grpc-protobuf-lite/1.17.1/grpc-protobuf-lite-1.17.1.jar:/home/user/.m2/repository/io/grpc/grpc-stub/1.17.1/grpc-stub-1.17.1.jar:/home/user/.m2/repository/org/apache/hadoop/hadoop-ozone-recon/0.5.0-SNAPSHOT/hadoop-ozone-recon-0.5.0-SNAPSHOT.jar:/home/user/.m2/repository/org/apache/hadoop/hadoop-ozone-reconcodegen/0.5.0-SNAPSHOT/hadoop-ozone-reconcodegen-0.5.0-SNAPSHOT.jar:/home/user/.m2/repository/com/google/inject/extensions/guice-multibindings/4.0/guice-multibindings-4.0.jar:/home/user/.m2/repository/com/google/inject/guice/4.0/guice-4.0.jar:/home/user/.m2/repository/aopalliance/aopalliance/1.0/aopalliance-1.0.jar:/home/user/.m2/repository/com/google/inject/extensions/guice-servlet/4.0/guice-servlet-4.0.jar:/home/user/.m2/repository/org/glassfish/jersey/containers/jersey-container-servlet/2.27/jersey-container-servlet-2.27.jar:/home/user/.m2/repository/org/glassfish/hk2/guice-bridge/2.5.0/guice-bridge-2.5.0.jar:/home/user/.m2/repository/org/glassfish/jersey/core/jersey-server/2.27/jersey-server-2.27.jar:/home/user/.m2/repository/org/glassfish/jersey/core/jersey-client/2.27/jersey-client-2.27.jar:/home/user/.m2/repository/org/glassfish/jersey/media/jersey-media-jaxb/2.27/jersey-media-jaxb-2.27.jar:/home/user/.m2/repository/javax/validation/validation-api/1.1.0.Final/validation-api-1.1.0.Final.jar:/home/user/.m2/repository/org/glassfish/jersey/media/jersey-media-json-jackson/2.27/jersey-media-json-jackson-2.27.jar:/home/user/.m2/repository/org/glassfish/jersey/ext/jersey-entity-filtering/2.27/jersey-entity-filtering-2.27.jar:/home/user/.m2/repository/com/google/inject/extensions/guice-assistedinject/4.0/guice-assistedinject-4.0.jar:/home/user/.m2/repository/org/jooq/jooq/3.11.10/jooq-3.11.10.jar:/home/user/.m2/repository/org/jooq/jooq-meta/3.11.10/jooq-meta-3.11.10.jar:/home/user/.m2/repository/org/jooq/jooq-codegen/3.11.10/jooq-codegen-3.11.10.jar:/home/user/.m2/repository/com/jolbox/bonecp/0.8.0.RELEASE/bonecp-0.8.0.RELEASE.jar:/home/user/.m2/repository/org/xerial/sqlite-jdbc/3.25.2/sqlite-jdbc-3.25.2.jar:/home/user/.m2/repository/org/springframework/spring-jdbc/5.1.3.RELEASE/spring-jdbc-5.1.3.RELEASE.jar:/home/user/.m2/repository/org/springframework/spring-beans/5.1.3.RELEASE/spring-beans-5.1.3.RELEASE.jar:/home/user/.m2/repository/org/springframework/spring-core/5.1.3.RELEASE/spring-core-5.1.3.RELEASE.jar:/home/user/.m2/repository/org/springframework/spring-jcl/5.1.3.RELEASE/spring-jcl-5.1.3.RELEASE.jar:/home/user/.m2/repository/org/springframework/spring-tx/5.1.3.RELEASE/spring-tx-5.1.3.RELEASE.jar:/home/user/.m2/repository/org/apache/hadoop/hadoop-ozone-client/0.5.0-SNAPSHOT/hadoop-ozone-client-0.5.0-SNAPSHOT.jar:/home/user/.m2/repository/commons-lang/commons-lang/2.6/commons-lang-2.6.jar:/home/user/.m2/repository/org/apache/hadoop/hadoop-ozone-ozone-manager/0.5.0-SNAPSHOT/hadoop-ozone-ozone-manager-0.5.0-SNAPSHOT-tests.jar:/home/user/.m2/repository/junit/junit/4.11/junit-4.11.jar:/home/user/.m2/repository/org/hamcrest/hamcrest-core/1.3/hamcrest-core-1.3.jar:/home/user/.m2/repository/org/openjdk/jmh/jmh-core/1.19/jmh-core-1.19.jar:/home/user/.m2/repository/net/sf/jopt-simple/jopt-simple/4.6/jopt-simple-4.6.jar:/home/user/.m2/repository/org/apache/commons/commons-math3/3.1.1/commons-math3-3.1.1.jar:/home/user/.m2/repository/org/openjdk/jmh/jmh-generator-annprocess/1.19/jmh-generator-annprocess-1.19.jar:/home/user/.m2/repository/org/mockito/mockito-all/1.8.5/mockito-all-1.8.5.jar:/home/user/.m2/repository/org/apache/hadoop/hadoop-kms/3.2.0/hadoop-kms-3.2.0.jar:/home/user/.m2/repository/org/apache/hadoop/hadoop-auth/3.2.0/hadoop-auth-3.2.0.jar:/home/user/.m2/repository/com/nimbusds/nimbus-jose-jwt/4.41.1/nimbus-jose-jwt-4.41.1.jar:/home/user/.m2/repository/com/github/stephenc/jcip/jcip-annotations/1.0-1/jcip-annotations-1.0-1.jar:/home/user/.m2/repository/net/minidev/json-smart/2.3/json-smart-2.3.jar:/home/user/.m2/repository/net/minidev/accessors-smart/1.2/accessors-smart-1.2.jar:/home/user/.m2/repository/org/ow2/asm/asm/5.0.4/asm-5.0.4.jar:/home/user/.m2/repository/org/apache/curator/curator-framework/2.12.0/curator-framework-2.12.0.jar:/home/user/.m2/repository/com/sun/jersey/jersey-core/1.19/jersey-core-1.19.jar:/home/user/.m2/repository/javax/ws/rs/jsr311-api/1.1.1/jsr311-api-1.1.1.jar:/home/user/.m2/repository/com/sun/jersey/jersey-server/1.19/jersey-server-1.19.jar:/home/user/.m2/repository/javax/servlet/javax.servlet-api/3.1.0/javax.servlet-api-3.1.0.jar:/home/user/.m2/repository/org/eclipse/jetty/jetty-server/9.3.25.v20180904/jetty-server-9.3.25.v20180904.jar:/home/user/.m2/repository/org/eclipse/jetty/jetty-http/9.3.25.v20180904/jetty-http-9.3.25.v20180904.jar:/home/user/.m2/repository/org/eclipse/jetty/jetty-io/9.3.25.v20180904/jetty-io-9.3.25.v20180904.jar:/home/user/.m2/repository/org/eclipse/jetty/jetty-webapp/9.3.25.v20180904/jetty-webapp-9.3.25.v20180904.jar:/home/user/.m2/repository/org/eclipse/jetty/jetty-xml/9.3.25.v20180904/jetty-xml-9.3.25.v20180904.jar:/home/user/.m2/repository/log4j/log4j/1.2.17/log4j-1.2.17.jar:/home/user/.m2/repository/org/slf4j/slf4j-api/1.7.25/slf4j-api-1.7.25.jar:/home/user/.m2/repository/org/slf4j/jul-to-slf4j/1.7.25/jul-to-slf4j-1.7.25.jar:/home/user/.m2/repository/org/eclipse/jetty/jetty-util/9.3.25.v20180904/jetty-util-9.3.25.v20180904.jar:/home/user/.m2/repository/com/fasterxml/jackson/core/jackson-databind/2.9.9/jackson-databind-2.9.9.jar:/home/user/.m2/repository/org/apache/hadoop/hadoop-kms/3.2.0/hadoop-kms-3.2.0-tests.jar:/home/user/.m2/repository/org/apache/hadoop/hadoop-hdds-server-scm/0.5.0-SNAPSHOT/hadoop-hdds-server-scm-0.5.0-SNAPSHOT-tests.jar:/home/user/.m2/repository/org/apache/hadoop/hadoop-hdds-container-service/0.5.0-SNAPSHOT/hadoop-hdds-container-service-0.5.0-SNAPSHOT-tests.jar:/home/user/.m2/repository/org/yaml/snakeyaml/1.16/snakeyaml-1.16.jar:/home/user/.m2/repository/org/apache/hadoop/hadoop-common/3.2.0/hadoop-common-3.2.0-tests.jar:/home/user/.m2/repository/org/apache/hadoop/hadoop-annotations/3.2.0/hadoop-annotations-3.2.0.jar:/usr/lib/jvm/java-1.8-openjdk/jre/../lib/tools.jar:/home/user/.m2/repository/commons-cli/commons-cli/1.2/commons-cli-1.2.jar:/home/user/.m2/repository/org/apache/httpcomponents/httpclient/4.5.2/httpclient-4.5.2.jar:/home/user/.m2/repository/org/apache/httpcomponents/httpcore/4.4.4/httpcore-4.4.4.jar:/home/user/.m2/repository/commons-codec/commons-codec/1.11/commons-codec-1.11.jar:/home/user/.m2/repository/commons-net/commons-net/3.6/commons-net-3.6.jar:/home/user/.m2/repository/commons-collections/commons-collections/3.2.2/commons-collections-3.2.2.jar:/home/user/.m2/repository/org/eclipse/jetty/jetty-servlet/9.3.25.v20180904/jetty-servlet-9.3.25.v20180904.jar:/home/user/.m2/repository/org/eclipse/jetty/jetty-security/9.3.25.v20180904/jetty-security-9.3.25.v20180904.jar:/home/user/.m2/repository/javax/servlet/jsp/jsp-api/2.1/jsp-api-2.1.jar:/home/user/.m2/repository/com/sun/jersey/jersey-servlet/1.19/jersey-servlet-1.19.jar:/home/user/.m2/repository/com/sun/jersey/jersey-json/1.19/jersey-json-1.19.jar:/home/user/.m2/repository/org/codehaus/jettison/jettison/1.1/jettison-1.1.jar:/home/user/.m2/repository/org/codehaus/jackson/jackson-core-asl/1.9.13/jackson-core-asl-1.9.13.jar:/home/user/.m2/repository/org/codehaus/jackson/jackson-mapper-asl/1.9.13/jackson-mapper-asl-1.9.13.jar:/home/user/.m2/repository/org/codehaus/jackson/jackson-jaxrs/1.9.13/jackson-jaxrs-1.9.13.jar:/home/user/.m2/repository/org/codehaus/jackson/jackson-xc/1.9.13/jackson-xc-1.9.13.jar:/home/user/.m2/repository/commons-logging/commons-logging/1.1.3/commons-logging-1.1.3.jar:/home/user/.m2/repository/commons-beanutils/commons-beanutils/1.9.4/commons-beanutils-1.9.4.jar:/home/user/.m2/repository/org/apache/commons/commons-configuration2/2.1.1/commons-configuration2-2.1.1.jar:/home/user/.m2/repository/org/apache/commons/commons-lang3/3.7/commons-lang3-3.7.jar:/home/user/.m2/repository/org/apache/commons/commons-text/1.4/commons-text-1.4.jar:/home/user/.m2/repository/org/apache/avro/avro/1.7.7/avro-1.7.7.jar:/home/user/.m2/repository/com/thoughtworks/paranamer/paranamer/2.3/paranamer-2.3.jar:/home/user/.m2/repository/org/xerial/snappy/snappy-java/1.0.5/snappy-java-1.0.5.jar:/home/user/.m2/repository/com/google/re2j/re2j/1.1/re2j-1.1.jar:/home/user/.m2/repository/com/google/code/gson/gson/2.2.4/gson-2.2.4.jar:/home/user/.m2/repository/com/jcraft/jsch/0.1.54/jsch-0.1.54.jar:/home/user/.m2/repository/org/apache/curator/curator-client/2.12.0/curator-client-2.12.0.jar:/home/user/.m2/repository/org/apache/curator/curator-recipes/2.12.0/curator-recipes-2.12.0.jar:/home/user/.m2/repository/com/google/code/findbugs/jsr305/3.0.0/jsr305-3.0.0.jar:/home/user/.m2/repository/org/apache/htrace/htrace-core4/4.1.0-incubating/htrace-core4-4.1.0-incubating.jar:/home/user/.m2/repository/org/apache/zookeeper/zookeeper/3.4.13/zookeeper-3.4.13.jar:/home/user/.m2/repository/jline/jline/0.9.94/jline-0.9.94.jar:/home/user/.m2/repository/org/apache/yetus/audience-annotations/0.5.0/audience-annotations-0.5.0.jar:/home/user/.m2/repository/org/codehaus/woodstox/stax2-api/3.1.4/stax2-api-3.1.4.jar:/home/user/.m2/repository/com/fasterxml/woodstox/woodstox-core/5.0.3/woodstox-core-5.0.3.jar:/home/user/.m2/repository/dnsjava/dnsjava/2.1.7/dnsjava-2.1.7.jar:/home/user/.m2/repository/org/apache/hadoop/hadoop-hdfs/3.2.0/hadoop-hdfs-3.2.0-tests.jar:/home/user/.m2/repository/org/eclipse/jetty/jetty-util-ajax/9.3.25.v20180904/jetty-util-ajax-9.3.25.v20180904.jar:/home/user/.m2/repository/commons-daemon/commons-daemon/1.0.13/commons-daemon-1.0.13.jar:/home/user/.m2/repository/io/netty/netty/3.10.5.Final/netty-3.10.5.Final.jar:/home/user/.m2/repository/io/netty/netty-all/4.0.52.Final/netty-all-4.0.52.Final.jar:/home/user/.m2/repository/org/fusesource/leveldbjni/leveldbjni-all/1.8/leveldbjni-all-1.8.jar:"/>
    <property name="java.vm.vendor" value="IcedTea"/>
    <property name="sun.arch.data.model" value="64"/>
    <property name="test.build.dir" value="/workdir/hadoop-ozone/integration-test/target/test-dir"/>
    <property name="test.cache.data" value=""/>
    <property name="java.vendor.url" value="https://icedtea.classpath.org"/>
    <property name="user.timezone" value=""/>
    <property name="java.vm.specification.version" value="1.8"/>
    <property name="os.name" value="Linux"/>
    <property name="test.build.data" value="/workdir/hadoop-ozone/integration-test/target/test-dir"/>
    <property name="user.country" value="US"/>
    <property name="sun.java.launcher" value="SUN_STANDARD"/>
    <property name="sun.boot.library.path" value="/usr/lib/jvm/java-1.8-openjdk/jre/lib/amd64"/>
    <property name="sun.java.command" value="/workdir/hadoop-ozone/integration-test/target/surefire/surefirebooter7980990583870042955.jar /workdir/hadoop-ozone/integration-test/target/surefire 2019-10-14T09-12-41_318-jvmRun1 surefire6149057461368285104tmp surefire_631301532333110457037tmp"/>
    <property name="test" value="!TestMiniChaosOzoneCluster"/>
    <property name="surefire.test.class.path" value="/workdir/hadoop-ozone/integration-test/target/test-classes:/workdir/hadoop-ozone/integration-test/target/classes:/home/user/.m2/repository/org/apache/hadoop/hadoop-ozone-common/0.5.0-SNAPSHOT/hadoop-ozone-common-0.5.0-SNAPSHOT.jar:/home/user/.m2/repository/org/apache/commons/commons-compress/1.4.1/commons-compress-1.4.1.jar:/home/user/.m2/repository/org/tukaani/xz/1.0/xz-1.0.jar:/home/user/.m2/repository/org/apache/hadoop/hadoop-common/3.2.0/hadoop-common-3.2.0.jar:/home/user/.m2/repository/org/apache/hadoop/hadoop-hdfs/3.2.0/hadoop-hdfs-3.2.0.jar:/home/user/.m2/repository/org/apache/hadoop/hadoop-hdfs-client/3.2.0/hadoop-hdfs-client-3.2.0.jar:/home/user/.m2/repository/com/fasterxml/jackson/core/jackson-annotations/2.9.9/jackson-annotations-2.9.9.jar:/home/user/.m2/repository/org/apache/hadoop/hadoop-hdds-common/0.5.0-SNAPSHOT/hadoop-hdds-common-0.5.0-SNAPSHOT.jar:/home/user/.m2/repository/javax/annotation/javax.annotation-api/1.2/javax.annotation-api-1.2.jar:/home/user/.m2/repository/org/apache/ratis/ratis-server/0.5.0-201fc85-SNAPSHOT/ratis-server-0.5.0-201fc85-SNAPSHOT.jar:/home/user/.m2/repository/org/apache/ratis/ratis-thirdparty-misc/0.2.0/ratis-thirdparty-misc-0.2.0.jar:/home/user/.m2/repository/org/apache/ratis/ratis-proto/0.5.0-201fc85-SNAPSHOT/ratis-proto-0.5.0-201fc85-SNAPSHOT.jar:/home/user/.m2/repository/org/apache/ratis/ratis-common/0.5.0-201fc85-SNAPSHOT/ratis-common-0.5.0-201fc85-SNAPSHOT.jar:/home/user/.m2/repository/org/apache/ratis/ratis-client/0.5.0-201fc85-SNAPSHOT/ratis-client-0.5.0-201fc85-SNAPSHOT.jar:/home/user/.m2/repository/org/apache/ratis/ratis-metrics/0.5.0-201fc85-SNAPSHOT/ratis-metrics-0.5.0-201fc85-SNAPSHOT.jar:/home/user/.m2/repository/com/github/joshelser/dropwizard-metrics-hadoop-metrics2-reporter/0.1.2/dropwizard-metrics-hadoop-metrics2-reporter-0.1.2.jar:/home/user/.m2/repository/io/dropwizard/metrics/metrics-jvm/3.2.5/metrics-jvm-3.2.5.jar:/home/user/.m2/repository/io/dropwizard/metrics/metrics-ganglia/3.2.5/metrics-ganglia-3.2.5.jar:/home/user/.m2/repository/info/ganglia/gmetric4j/gmetric4j/1.0.7/gmetric4j-1.0.7.jar:/home/user/.m2/repository/org/apache/ratis/ratis-netty/0.5.0-201fc85-SNAPSHOT/ratis-netty-0.5.0-201fc85-SNAPSHOT.jar:/home/user/.m2/repository/org/apache/ratis/ratis-grpc/0.5.0-201fc85-SNAPSHOT/ratis-grpc-0.5.0-201fc85-SNAPSHOT.jar:/home/user/.m2/repository/org/rocksdb/rocksdbjni/6.0.1/rocksdbjni-6.0.1.jar:/home/user/.m2/repository/org/apache/logging/log4j/log4j-api/2.11.0/log4j-api-2.11.0.jar:/home/user/.m2/repository/org/apache/logging/log4j/log4j-core/2.11.0/log4j-core-2.11.0.jar:/home/user/.m2/repository/com/lmax/disruptor/3.4.2/disruptor-3.4.2.jar:/home/user/.m2/repository/org/apache/commons/commons-pool2/2.6.0/commons-pool2-2.6.0.jar:/home/user/.m2/repository/org/bouncycastle/bcpkix-jdk15on/1.60/bcpkix-jdk15on-1.60.jar:/home/user/.m2/repository/commons-validator/commons-validator/1.6/commons-validator-1.6.jar:/home/user/.m2/repository/commons-digester/commons-digester/1.8.1/commons-digester-1.8.1.jar:/home/user/.m2/repository/io/jaegertracing/jaeger-client/0.34.0/jaeger-client-0.34.0.jar:/home/user/.m2/repository/io/jaegertracing/jaeger-thrift/0.34.0/jaeger-thrift-0.34.0.jar:/home/user/.m2/repository/org/apache/thrift/libthrift/0.12.0/libthrift-0.12.0.jar:/home/user/.m2/repository/com/squareup/okhttp3/okhttp/3.9.0/okhttp-3.9.0.jar:/home/user/.m2/repository/com/squareup/okio/okio/1.13.0/okio-1.13.0.jar:/home/user/.m2/repository/io/jaegertracing/jaeger-core/0.34.0/jaeger-core-0.34.0.jar:/home/user/.m2/repository/io/jaegertracing/jaeger-tracerresolver/0.34.0/jaeger-tracerresolver-0.34.0.jar:/home/user/.m2/repository/io/opentracing/contrib/opentracing-tracerresolver/0.1.5/opentracing-tracerresolver-0.1.5.jar:/home/user/.m2/repository/io/opentracing/opentracing-util/0.31.0/opentracing-util-0.31.0.jar:/home/user/.m2/repository/io/opentracing/opentracing-api/0.31.0/opentracing-api-0.31.0.jar:/home/user/.m2/repository/io/opentracing/opentracing-noop/0.31.0/opentracing-noop-0.31.0.jar:/home/user/.m2/repository/org/apache/hadoop/hadoop-hdds-server-framework/0.5.0-SNAPSHOT/hadoop-hdds-server-framework-0.5.0-SNAPSHOT.jar:/home/user/.m2/repository/org/apache/hadoop/hadoop-hdds-container-service/0.5.0-SNAPSHOT/hadoop-hdds-container-service-0.5.0-SNAPSHOT.jar:/home/user/.m2/repository/org/apache/hadoop/hadoop-hdds-client/0.5.0-SNAPSHOT/hadoop-hdds-client-0.5.0-SNAPSHOT.jar:/home/user/.m2/repository/org/apache/hadoop/hadoop-hdds-tools/0.5.0-SNAPSHOT/hadoop-hdds-tools-0.5.0-SNAPSHOT.jar:/home/user/.m2/repository/org/apache/hadoop/hadoop-hdds-server-scm/0.5.0-SNAPSHOT/hadoop-hdds-server-scm-0.5.0-SNAPSHOT.jar:/home/user/.m2/repository/org/apache/hadoop/hadoop-hdds-docs/0.5.0-SNAPSHOT/hadoop-hdds-docs-0.5.0-SNAPSHOT.jar:/home/user/.m2/repository/io/dropwizard/metrics/metrics-core/3.2.4/metrics-core-3.2.4.jar:/home/user/.m2/repository/org/hamcrest/hamcrest-all/1.3/hamcrest-all-1.3.jar:/home/user/.m2/repository/org/bouncycastle/bcprov-jdk15on/1.60/bcprov-jdk15on-1.60.jar:/home/user/.m2/repository/info/picocli/picocli/3.9.6/picocli-3.9.6.jar:/home/user/.m2/repository/com/google/protobuf/protobuf-java/2.5.0/protobuf-java-2.5.0.jar:/home/user/.m2/repository/com/google/guava/guava/11.0.2/guava-11.0.2.jar:/home/user/.m2/repository/org/apache/hadoop/hadoop-ozone-ozone-manager/0.5.0-SNAPSHOT/hadoop-ozone-ozone-manager-0.5.0-SNAPSHOT.jar:/home/user/.m2/repository/org/apache/hadoop/hadoop-minikdc/3.2.0/hadoop-minikdc-3.2.0.jar:/home/user/.m2/repository/commons-io/commons-io/2.5/commons-io-2.5.jar:/home/user/.m2/repository/org/apache/kerby/kerb-simplekdc/1.0.1/kerb-simplekdc-1.0.1.jar:/home/user/.m2/repository/org/apache/kerby/kerb-client/1.0.1/kerb-client-1.0.1.jar:/home/user/.m2/repository/org/apache/kerby/kerby-config/1.0.1/kerby-config-1.0.1.jar:/home/user/.m2/repository/org/apache/kerby/kerb-core/1.0.1/kerb-core-1.0.1.jar:/home/user/.m2/repository/org/apache/kerby/kerby-pkix/1.0.1/kerby-pkix-1.0.1.jar:/home/user/.m2/repository/org/apache/kerby/kerby-asn1/1.0.1/kerby-asn1-1.0.1.jar:/home/user/.m2/repository/org/apache/kerby/kerby-util/1.0.1/kerby-util-1.0.1.jar:/home/user/.m2/repository/org/apache/kerby/kerb-common/1.0.1/kerb-common-1.0.1.jar:/home/user/.m2/repository/org/apache/kerby/kerb-crypto/1.0.1/kerb-crypto-1.0.1.jar:/home/user/.m2/repository/org/apache/kerby/kerb-util/1.0.1/kerb-util-1.0.1.jar:/home/user/.m2/repository/org/apache/kerby/token-provider/1.0.1/token-provider-1.0.1.jar:/home/user/.m2/repository/org/apache/kerby/kerb-admin/1.0.1/kerb-admin-1.0.1.jar:/home/user/.m2/repository/org/apache/kerby/kerb-server/1.0.1/kerb-server-1.0.1.jar:/home/user/.m2/repository/org/apache/kerby/kerb-identity/1.0.1/kerb-identity-1.0.1.jar:/home/user/.m2/repository/org/apache/kerby/kerby-xdr/1.0.1/kerby-xdr-1.0.1.jar:/home/user/.m2/repository/org/slf4j/slf4j-log4j12/1.7.25/slf4j-log4j12-1.7.25.jar:/home/user/.m2/repository/org/apache/hadoop/hadoop-ozone-s3gateway/0.5.0-SNAPSHOT/hadoop-ozone-s3gateway-0.5.0-SNAPSHOT.jar:/home/user/.m2/repository/org/jboss/weld/servlet/weld-servlet/2.4.7.Final/weld-servlet-2.4.7.Final.jar:/home/user/.m2/repository/org/glassfish/jersey/containers/jersey-container-servlet-core/2.27/jersey-container-servlet-core-2.27.jar:/home/user/.m2/repository/org/glassfish/hk2/external/javax.inject/2.5.0-b42/javax.inject-2.5.0-b42.jar:/home/user/.m2/repository/org/glassfish/jersey/core/jersey-common/2.27/jersey-common-2.27.jar:/home/user/.m2/repository/org/glassfish/hk2/osgi-resource-locator/1.0.1/osgi-resource-locator-1.0.1.jar:/home/user/.m2/repository/javax/ws/rs/javax.ws.rs-api/2.1/javax.ws.rs-api-2.1.jar:/home/user/.m2/repository/org/glassfish/jersey/ext/cdi/jersey-cdi1x/2.27/jersey-cdi1x-2.27.jar:/home/user/.m2/repository/org/glassfish/jersey/inject/jersey-hk2/2.27/jersey-hk2-2.27.jar:/home/user/.m2/repository/org/glassfish/hk2/hk2-locator/2.5.0-b42/hk2-locator-2.5.0-b42.jar:/home/user/.m2/repository/org/javassist/javassist/3.22.0-CR2/javassist-3.22.0-CR2.jar:/home/user/.m2/repository/org/glassfish/hk2/hk2-api/2.5.0/hk2-api-2.5.0.jar:/home/user/.m2/repository/org/glassfish/hk2/external/jakarta.inject/2.5.0/jakarta.inject-2.5.0.jar:/home/user/.m2/repository/org/glassfish/hk2/hk2-utils/2.5.0/hk2-utils-2.5.0.jar:/home/user/.m2/repository/jakarta/annotation/jakarta.annotation-api/1.3.4/jakarta.annotation-api-1.3.4.jar:/home/user/.m2/repository/org/glassfish/hk2/external/aopalliance-repackaged/2.5.0/aopalliance-repackaged-2.5.0.jar:/home/user/.m2/repository/com/fasterxml/jackson/dataformat/jackson-dataformat-xml/2.9.0/jackson-dataformat-xml-2.9.0.jar:/home/user/.m2/repository/com/fasterxml/jackson/core/jackson-core/2.9.9/jackson-core-2.9.9.jar:/home/user/.m2/repository/com/fasterxml/jackson/module/jackson-module-jaxb-annotations/2.9.9/jackson-module-jaxb-annotations-2.9.9.jar:/home/user/.m2/repository/javax/enterprise/cdi-api/1.2/cdi-api-1.2.jar:/home/user/.m2/repository/javax/el/javax.el-api/3.0.0/javax.el-api-3.0.0.jar:/home/user/.m2/repository/javax/interceptor/javax.interceptor-api/1.2/javax.interceptor-api-1.2.jar:/home/user/.m2/repository/javax/inject/javax.inject/1/javax.inject-1.jar:/home/user/.m2/repository/com/sun/xml/bind/jaxb-impl/2.3.0.1/jaxb-impl-2.3.0.1.jar:/home/user/.m2/repository/com/sun/xml/bind/jaxb-core/2.3.0.1/jaxb-core-2.3.0.1.jar:/home/user/.m2/repository/javax/xml/bind/jaxb-api/2.3.0/jaxb-api-2.3.0.jar:/home/user/.m2/repository/javax/activation/activation/1.1.1/activation-1.1.1.jar:/home/user/.m2/repository/org/apache/hadoop/hadoop-ozone-csi/0.5.0-SNAPSHOT/hadoop-ozone-csi-0.5.0-SNAPSHOT.jar:/home/user/.m2/repository/com/google/protobuf/protobuf-java-util/3.5.1/protobuf-java-util-3.5.1.jar:/home/user/.m2/repository/org/apache/hadoop/hadoop-hdds-config/0.5.0-SNAPSHOT/hadoop-hdds-config-0.5.0-SNAPSHOT.jar:/home/user/.m2/repository/io/grpc/grpc-netty/1.17.1/grpc-netty-1.17.1.jar:/home/user/.m2/repository/io/grpc/grpc-core/1.17.1/grpc-core-1.17.1.jar:/home/user/.m2/repository/io/grpc/grpc-context/1.17.1/grpc-context-1.17.1.jar:/home/user/.m2/repository/com/google/errorprone/error_prone_annotations/2.2.0/error_prone_annotations-2.2.0.jar:/home/user/.m2/repository/org/codehaus/mojo/animal-sniffer-annotations/1.17/animal-sniffer-annotations-1.17.jar:/home/user/.m2/repository/io/opencensus/opencensus-api/0.17.0/opencensus-api-0.17.0.jar:/home/user/.m2/repository/io/opencensus/opencensus-contrib-grpc-metrics/0.17.0/opencensus-contrib-grpc-metrics-0.17.0.jar:/home/user/.m2/repository/io/netty/netty-codec-http2/4.1.30.Final/netty-codec-http2-4.1.30.Final.jar:/home/user/.m2/repository/io/netty/netty-codec-http/4.1.30.Final/netty-codec-http-4.1.30.Final.jar:/home/user/.m2/repository/io/netty/netty-codec/4.1.30.Final/netty-codec-4.1.30.Final.jar:/home/user/.m2/repository/io/netty/netty-handler/4.1.30.Final/netty-handler-4.1.30.Final.jar:/home/user/.m2/repository/io/netty/netty-handler-proxy/4.1.30.Final/netty-handler-proxy-4.1.30.Final.jar:/home/user/.m2/repository/io/netty/netty-codec-socks/4.1.30.Final/netty-codec-socks-4.1.30.Final.jar:/home/user/.m2/repository/io/netty/netty-transport-native-epoll/4.1.30.Final/netty-transport-native-epoll-4.1.30.Final.jar:/home/user/.m2/repository/io/netty/netty-common/4.1.30.Final/netty-common-4.1.30.Final.jar:/home/user/.m2/repository/io/netty/netty-buffer/4.1.30.Final/netty-buffer-4.1.30.Final.jar:/home/user/.m2/repository/io/netty/netty-transport/4.1.30.Final/netty-transport-4.1.30.Final.jar:/home/user/.m2/repository/io/netty/netty-resolver/4.1.30.Final/netty-resolver-4.1.30.Final.jar:/home/user/.m2/repository/io/netty/netty-transport-native-unix-common/4.1.30.Final/netty-transport-native-unix-common-4.1.30.Final.jar:/home/user/.m2/repository/io/grpc/grpc-protobuf/1.17.1/grpc-protobuf-1.17.1.jar:/home/user/.m2/repository/com/google/api/grpc/proto-google-common-protos/1.0.0/proto-google-common-protos-1.0.0.jar:/home/user/.m2/repository/io/grpc/grpc-protobuf-lite/1.17.1/grpc-protobuf-lite-1.17.1.jar:/home/user/.m2/repository/io/grpc/grpc-stub/1.17.1/grpc-stub-1.17.1.jar:/home/user/.m2/repository/org/apache/hadoop/hadoop-ozone-recon/0.5.0-SNAPSHOT/hadoop-ozone-recon-0.5.0-SNAPSHOT.jar:/home/user/.m2/repository/org/apache/hadoop/hadoop-ozone-reconcodegen/0.5.0-SNAPSHOT/hadoop-ozone-reconcodegen-0.5.0-SNAPSHOT.jar:/home/user/.m2/repository/com/google/inject/extensions/guice-multibindings/4.0/guice-multibindings-4.0.jar:/home/user/.m2/repository/com/google/inject/guice/4.0/guice-4.0.jar:/home/user/.m2/repository/aopalliance/aopalliance/1.0/aopalliance-1.0.jar:/home/user/.m2/repository/com/google/inject/extensions/guice-servlet/4.0/guice-servlet-4.0.jar:/home/user/.m2/repository/org/glassfish/jersey/containers/jersey-container-servlet/2.27/jersey-container-servlet-2.27.jar:/home/user/.m2/repository/org/glassfish/hk2/guice-bridge/2.5.0/guice-bridge-2.5.0.jar:/home/user/.m2/repository/org/glassfish/jersey/core/jersey-server/2.27/jersey-server-2.27.jar:/home/user/.m2/repository/org/glassfish/jersey/core/jersey-client/2.27/jersey-client-2.27.jar:/home/user/.m2/repository/org/glassfish/jersey/media/jersey-media-jaxb/2.27/jersey-media-jaxb-2.27.jar:/home/user/.m2/repository/javax/validation/validation-api/1.1.0.Final/validation-api-1.1.0.Final.jar:/home/user/.m2/repository/org/glassfish/jersey/media/jersey-media-json-jackson/2.27/jersey-media-json-jackson-2.27.jar:/home/user/.m2/repository/org/glassfish/jersey/ext/jersey-entity-filtering/2.27/jersey-entity-filtering-2.27.jar:/home/user/.m2/repository/com/google/inject/extensions/guice-assistedinject/4.0/guice-assistedinject-4.0.jar:/home/user/.m2/repository/org/jooq/jooq/3.11.10/jooq-3.11.10.jar:/home/user/.m2/repository/org/jooq/jooq-meta/3.11.10/jooq-meta-3.11.10.jar:/home/user/.m2/repository/org/jooq/jooq-codegen/3.11.10/jooq-codegen-3.11.10.jar:/home/user/.m2/repository/com/jolbox/bonecp/0.8.0.RELEASE/bonecp-0.8.0.RELEASE.jar:/home/user/.m2/repository/org/xerial/sqlite-jdbc/3.25.2/sqlite-jdbc-3.25.2.jar:/home/user/.m2/repository/org/springframework/spring-jdbc/5.1.3.RELEASE/spring-jdbc-5.1.3.RELEASE.jar:/home/user/.m2/repository/org/springframework/spring-beans/5.1.3.RELEASE/spring-beans-5.1.3.RELEASE.jar:/home/user/.m2/repository/org/springframework/spring-core/5.1.3.RELEASE/spring-core-5.1.3.RELEASE.jar:/home/user/.m2/repository/org/springframework/spring-jcl/5.1.3.RELEASE/spring-jcl-5.1.3.RELEASE.jar:/home/user/.m2/repository/org/springframework/spring-tx/5.1.3.RELEASE/spring-tx-5.1.3.RELEASE.jar:/home/user/.m2/repository/org/apache/hadoop/hadoop-ozone-client/0.5.0-SNAPSHOT/hadoop-ozone-client-0.5.0-SNAPSHOT.jar:/home/user/.m2/repository/commons-lang/commons-lang/2.6/commons-lang-2.6.jar:/home/user/.m2/repository/org/apache/hadoop/hadoop-ozone-ozone-manager/0.5.0-SNAPSHOT/hadoop-ozone-ozone-manager-0.5.0-SNAPSHOT-tests.jar:/home/user/.m2/repository/junit/junit/4.11/junit-4.11.jar:/home/user/.m2/repository/org/hamcrest/hamcrest-core/1.3/hamcrest-core-1.3.jar:/home/user/.m2/repository/org/openjdk/jmh/jmh-core/1.19/jmh-core-1.19.jar:/home/user/.m2/repository/net/sf/jopt-simple/jopt-simple/4.6/jopt-simple-4.6.jar:/home/user/.m2/repository/org/apache/commons/commons-math3/3.1.1/commons-math3-3.1.1.jar:/home/user/.m2/repository/org/openjdk/jmh/jmh-generator-annprocess/1.19/jmh-generator-annprocess-1.19.jar:/home/user/.m2/repository/org/mockito/mockito-all/1.8.5/mockito-all-1.8.5.jar:/home/user/.m2/repository/org/apache/hadoop/hadoop-kms/3.2.0/hadoop-kms-3.2.0.jar:/home/user/.m2/repository/org/apache/hadoop/hadoop-auth/3.2.0/hadoop-auth-3.2.0.jar:/home/user/.m2/repository/com/nimbusds/nimbus-jose-jwt/4.41.1/nimbus-jose-jwt-4.41.1.jar:/home/user/.m2/repository/com/github/stephenc/jcip/jcip-annotations/1.0-1/jcip-annotations-1.0-1.jar:/home/user/.m2/repository/net/minidev/json-smart/2.3/json-smart-2.3.jar:/home/user/.m2/repository/net/minidev/accessors-smart/1.2/accessors-smart-1.2.jar:/home/user/.m2/repository/org/ow2/asm/asm/5.0.4/asm-5.0.4.jar:/home/user/.m2/repository/org/apache/curator/curator-framework/2.12.0/curator-framework-2.12.0.jar:/home/user/.m2/repository/com/sun/jersey/jersey-core/1.19/jersey-core-1.19.jar:/home/user/.m2/repository/javax/ws/rs/jsr311-api/1.1.1/jsr311-api-1.1.1.jar:/home/user/.m2/repository/com/sun/jersey/jersey-server/1.19/jersey-server-1.19.jar:/home/user/.m2/repository/javax/servlet/javax.servlet-api/3.1.0/javax.servlet-api-3.1.0.jar:/home/user/.m2/repository/org/eclipse/jetty/jetty-server/9.3.25.v20180904/jetty-server-9.3.25.v20180904.jar:/home/user/.m2/repository/org/eclipse/jetty/jetty-http/9.3.25.v20180904/jetty-http-9.3.25.v20180904.jar:/home/user/.m2/repository/org/eclipse/jetty/jetty-io/9.3.25.v20180904/jetty-io-9.3.25.v20180904.jar:/home/user/.m2/repository/org/eclipse/jetty/jetty-webapp/9.3.25.v20180904/jetty-webapp-9.3.25.v20180904.jar:/home/user/.m2/repository/org/eclipse/jetty/jetty-xml/9.3.25.v20180904/jetty-xml-9.3.25.v20180904.jar:/home/user/.m2/repository/log4j/log4j/1.2.17/log4j-1.2.17.jar:/home/user/.m2/repository/org/slf4j/slf4j-api/1.7.25/slf4j-api-1.7.25.jar:/home/user/.m2/repository/org/slf4j/jul-to-slf4j/1.7.25/jul-to-slf4j-1.7.25.jar:/home/user/.m2/repository/org/eclipse/jetty/jetty-util/9.3.25.v20180904/jetty-util-9.3.25.v20180904.jar:/home/user/.m2/repository/com/fasterxml/jackson/core/jackson-databind/2.9.9/jackson-databind-2.9.9.jar:/home/user/.m2/repository/org/apache/hadoop/hadoop-kms/3.2.0/hadoop-kms-3.2.0-tests.jar:/home/user/.m2/repository/org/apache/hadoop/hadoop-hdds-server-scm/0.5.0-SNAPSHOT/hadoop-hdds-server-scm-0.5.0-SNAPSHOT-tests.jar:/home/user/.m2/repository/org/apache/hadoop/hadoop-hdds-container-service/0.5.0-SNAPSHOT/hadoop-hdds-container-service-0.5.0-SNAPSHOT-tests.jar:/home/user/.m2/repository/org/yaml/snakeyaml/1.16/snakeyaml-1.16.jar:/home/user/.m2/repository/org/apache/hadoop/hadoop-common/3.2.0/hadoop-common-3.2.0-tests.jar:/home/user/.m2/repository/org/apache/hadoop/hadoop-annotations/3.2.0/hadoop-annotations-3.2.0.jar:/usr/lib/jvm/java-1.8-openjdk/jre/../lib/tools.jar:/home/user/.m2/repository/commons-cli/commons-cli/1.2/commons-cli-1.2.jar:/home/user/.m2/repository/org/apache/httpcomponents/httpclient/4.5.2/httpclient-4.5.2.jar:/home/user/.m2/repository/org/apache/httpcomponents/httpcore/4.4.4/httpcore-4.4.4.jar:/home/user/.m2/repository/commons-codec/commons-codec/1.11/commons-codec-1.11.jar:/home/user/.m2/repository/commons-net/commons-net/3.6/commons-net-3.6.jar:/home/user/.m2/repository/commons-collections/commons-collections/3.2.2/commons-collections-3.2.2.jar:/home/user/.m2/repository/org/eclipse/jetty/jetty-servlet/9.3.25.v20180904/jetty-servlet-9.3.25.v20180904.jar:/home/user/.m2/repository/org/eclipse/jetty/jetty-security/9.3.25.v20180904/jetty-security-9.3.25.v20180904.jar:/home/user/.m2/repository/javax/servlet/jsp/jsp-api/2.1/jsp-api-2.1.jar:/home/user/.m2/repository/com/sun/jersey/jersey-servlet/1.19/jersey-servlet-1.19.jar:/home/user/.m2/repository/com/sun/jersey/jersey-json/1.19/jersey-json-1.19.jar:/home/user/.m2/repository/org/codehaus/jettison/jettison/1.1/jettison-1.1.jar:/home/user/.m2/repository/org/codehaus/jackson/jackson-core-asl/1.9.13/jackson-core-asl-1.9.13.jar:/home/user/.m2/repository/org/codehaus/jackson/jackson-mapper-asl/1.9.13/jackson-mapper-asl-1.9.13.jar:/home/user/.m2/repository/org/codehaus/jackson/jackson-jaxrs/1.9.13/jackson-jaxrs-1.9.13.jar:/home/user/.m2/repository/org/codehaus/jackson/jackson-xc/1.9.13/jackson-xc-1.9.13.jar:/home/user/.m2/repository/commons-logging/commons-logging/1.1.3/commons-logging-1.1.3.jar:/home/user/.m2/repository/commons-beanutils/commons-beanutils/1.9.4/commons-beanutils-1.9.4.jar:/home/user/.m2/repository/org/apache/commons/commons-configuration2/2.1.1/commons-configuration2-2.1.1.jar:/home/user/.m2/repository/org/apache/commons/commons-lang3/3.7/commons-lang3-3.7.jar:/home/user/.m2/repository/org/apache/commons/commons-text/1.4/commons-text-1.4.jar:/home/user/.m2/repository/org/apache/avro/avro/1.7.7/avro-1.7.7.jar:/home/user/.m2/repository/com/thoughtworks/paranamer/paranamer/2.3/paranamer-2.3.jar:/home/user/.m2/repository/org/xerial/snappy/snappy-java/1.0.5/snappy-java-1.0.5.jar:/home/user/.m2/repository/com/google/re2j/re2j/1.1/re2j-1.1.jar:/home/user/.m2/repository/com/google/code/gson/gson/2.2.4/gson-2.2.4.jar:/home/user/.m2/repository/com/jcraft/jsch/0.1.54/jsch-0.1.54.jar:/home/user/.m2/repository/org/apache/curator/curator-client/2.12.0/curator-client-2.12.0.jar:/home/user/.m2/repository/org/apache/curator/curator-recipes/2.12.0/curator-recipes-2.12.0.jar:/home/user/.m2/repository/com/google/code/findbugs/jsr305/3.0.0/jsr305-3.0.0.jar:/home/user/.m2/repository/org/apache/htrace/htrace-core4/4.1.0-incubating/htrace-core4-4.1.0-incubating.jar:/home/user/.m2/repository/org/apache/zookeeper/zookeeper/3.4.13/zookeeper-3.4.13.jar:/home/user/.m2/repository/jline/jline/0.9.94/jline-0.9.94.jar:/home/user/.m2/repository/org/apache/yetus/audience-annotations/0.5.0/audience-annotations-0.5.0.jar:/home/user/.m2/repository/org/codehaus/woodstox/stax2-api/3.1.4/stax2-api-3.1.4.jar:/home/user/.m2/repository/com/fasterxml/woodstox/woodstox-core/5.0.3/woodstox-core-5.0.3.jar:/home/user/.m2/repository/dnsjava/dnsjava/2.1.7/dnsjava-2.1.7.jar:/home/user/.m2/repository/org/apache/hadoop/hadoop-hdfs/3.2.0/hadoop-hdfs-3.2.0-tests.jar:/home/user/.m2/repository/org/eclipse/jetty/jetty-util-ajax/9.3.25.v20180904/jetty-util-ajax-9.3.25.v20180904.jar:/home/user/.m2/repository/commons-daemon/commons-daemon/1.0.13/commons-daemon-1.0.13.jar:/home/user/.m2/repository/io/netty/netty/3.10.5.Final/netty-3.10.5.Final.jar:/home/user/.m2/repository/io/netty/netty-all/4.0.52.Final/netty-all-4.0.52.Final.jar:/home/user/.m2/repository/org/fusesource/leveldbjni/leveldbjni-all/1.8/leveldbjni-all-1.8.jar:"/>
    <property name="sun.cpu.endian" value="little"/>
    <property name="user.home" value="/home/user"/>
    <property name="user.language" value="en"/>
    <property name="java.specification.vendor" value="Oracle Corporation"/>
    <property name="java.home" value="/usr/lib/jvm/java-1.8-openjdk/jre"/>
    <property name="surefire.excludesFile" value="/tools/ozone-bad-unit-tests"/>
    <property name="java.security.krb5.conf" value="/workdir/hadoop-ozone/integration-test/target/test-classes/krb5.conf"/>
    <property name="basedir" value="/workdir/hadoop-ozone/integration-test"/>
    <property name="file.separator" value="/"/>
    <property name="line.separator" value="&#10;"/>
    <property name="java.vm.specification.vendor" value="Oracle Corporation"/>
    <property name="java.specification.name" value="Java Platform API Specification"/>
    <property name="java.awt.graphicsenv" value="sun.awt.X11GraphicsEnvironment"/>
    <property name="surefire.real.class.path" value="/workdir/hadoop-ozone/integration-test/target/surefire/surefirebooter7980990583870042955.jar"/>
    <property name="hadoop.log.dir" value="/workdir/hadoop-ozone/integration-test/target/log"/>
    <property name="sun.boot.class.path" value="/usr/lib/jvm/java-1.8-openjdk/jre/lib/resources.jar:/usr/lib/jvm/java-1.8-openjdk/jre/lib/rt.jar:/usr/lib/jvm/java-1.8-openjdk/jre/lib/sunrsasign.jar:/usr/lib/jvm/java-1.8-openjdk/jre/lib/jsse.jar:/usr/lib/jvm/java-1.8-openjdk/jre/lib/jce.jar:/usr/lib/jvm/java-1.8-openjdk/jre/lib/charsets.jar:/usr/lib/jvm/java-1.8-openjdk/jre/lib/jfr.jar:/usr/lib/jvm/java-1.8-openjdk/jre/classes"/>
    <property name="sun.management.compiler" value="HotSpot 64-Bit Tiered Compilers"/>
    <property name="java.runtime.version" value="1.8.0_212-b04"/>
    <property name="java.net.preferIPv4Stack" value="true"/>
    <property name="user.name" value="jenkins1000"/>
    <property name="path.separator" value=":"/>
    <property name="java.security.egd" value="file:///dev/urandom"/>
    <property name="os.version" value="3.10.0-957.12.2.el7.x86_64"/>
    <property name="java.endorsed.dirs" value="/usr/lib/jvm/java-1.8-openjdk/jre/lib/endorsed"/>
    <property name="java.runtime.name" value="OpenJDK Runtime Environment"/>
    <property name="file.encoding" value="UTF-8"/>
    <property name="java.vm.name" value="OpenJDK 64-Bit Server VM"/>
    <property name="test.build.webapps" value=""/>
    <property name="localRepository" value="/home/user/.m2/repository"/>
    <property name="java.vendor.url.bug" value="https://icedtea.classpath.org/bugzilla"/>
    <property name="java.io.tmpdir" value="/tmp"/>
    <property name="require.test.libhadoop" value=""/>
    <property name="java.version" value="1.8.0_212"/>
    <property name="user.dir" value="/workdir/hadoop-ozone/integration-test"/>
    <property name="os.arch" value="amd64"/>
    <property name="java.vm.specification.name" value="Java Virtual Machine Specification"/>
    <property name="test.build.classes" value="/workdir/hadoop-ozone/integration-test/target/test-classes"/>
    <property name="java.awt.printerjob" value="sun.print.PSPrinterJob"/>
    <property name="sun.os.patch.level" value="unknown"/>
    <property name="hadoop.tmp.dir" value="/workdir/hadoop-ozone/integration-test/target/tmp"/>
    <property name="java.library.path" value="/usr/lib/jvm/java-1.8-openjdk/jre/lib/amd64/server:/usr/lib/jvm/java-1.8-openjdk/jre/lib/amd64:/usr/lib/jvm/java-1.8-openjdk/jre/../lib/amd64:/workdir/hadoop-ozone/integration-test/target/native/target/usr/local/lib:/workdir/hadoop-ozone/integration-test/../../hadoop-common-project/hadoop-common/target/native/target/usr/local/lib:/usr/java/packages/lib/amd64:/usr/lib64:/lib64:/lib:/usr/lib"/>
    <property name="java.vm.info" value="mixed mode"/>
    <property name="java.vendor" value="IcedTea"/>
    <property name="java.vm.version" value="25.212-b04"/>
    <property name="java.ext.dirs" value="/usr/lib/jvm/java-1.8-openjdk/jre/lib/ext:/usr/java/packages/lib/ext"/>
    <property name="sun.io.unicode.encoding" value="UnicodeLittle"/>
    <property name="java.class.version" value="52.0"/>
  </properties>
  <testcase name="test2WayCommitForRetryfailure" classname="org.apache.hadoop.ozone.client.rpc.Test2WayCommitInRatis" time="31.717">
    <error message="org.apache.ratis.protocol.RaftRetryFailureException: Failed RaftClientRequest:client-3626034B133A-&gt;c8201ea9-c3bc-4c88-a549-caf3a2cf5add@group-DBD4FBC4F8EC, cid=14, seq=2*, RW, cmdType: CloseContainer&#10;traceID: &quot;89ca903507b46fde:89ca903507b46fde:0:0&quot;&#10;containerID: 1&#10;datanodeUuid: &quot;663c650b-dfd3-420f-8c3f-637d4c51479b&quot;&#10;closeContainer {&#10;}&#10;, data.size=0 for 20 attempts with RetryLimited(maxAttempts=20, sleepTime=1000ms)" type="java.util.concurrent.ExecutionException">java.util.concurrent.ExecutionException: 
org.apache.ratis.protocol.RaftRetryFailureException: Failed RaftClientRequest:client-3626034B133A->c8201ea9-c3bc-4c88-a549-caf3a2cf5add@group-DBD4FBC4F8EC, cid=14, seq=2*, RW, cmdType: CloseContainer
traceID: "89ca903507b46fde:89ca903507b46fde:0:0"
containerID: 1
datanodeUuid: "663c650b-dfd3-420f-8c3f-637d4c51479b"
closeContainer {
}
, data.size=0 for 20 attempts with RetryLimited(maxAttempts=20, sleepTime=1000ms)
	at java.util.concurrent.CompletableFuture.reportGet(CompletableFuture.java:357)
	at java.util.concurrent.CompletableFuture.get(CompletableFuture.java:1895)
	at org.apache.hadoop.ozone.client.rpc.Test2WayCommitInRatis.test2WayCommitForRetryfailure(Test2WayCommitInRatis.java:144)
	at sun.reflect.NativeMethodAccessorImpl.invoke0(Native Method)
	at sun.reflect.NativeMethodAccessorImpl.invoke(NativeMethodAccessorImpl.java:62)
	at sun.reflect.DelegatingMethodAccessorImpl.invoke(DelegatingMethodAccessorImpl.java:43)
	at java.lang.reflect.Method.invoke(Method.java:498)
	at org.junit.runners.model.FrameworkMethod$1.runReflectiveCall(FrameworkMethod.java:47)
	at org.junit.internal.runners.model.ReflectiveCallable.run(ReflectiveCallable.java:12)
	at org.junit.runners.model.FrameworkMethod.invokeExplosively(FrameworkMethod.java:44)
	at org.junit.internal.runners.statements.InvokeMethod.evaluate(InvokeMethod.java:17)
	at org.junit.runners.ParentRunner.runLeaf(ParentRunner.java:271)
	at org.junit.runners.BlockJUnit4ClassRunner.runChild(BlockJUnit4ClassRunner.java:70)
	at org.junit.runners.BlockJUnit4ClassRunner.runChild(BlockJUnit4ClassRunner.java:50)
	at org.junit.runners.ParentRunner$3.run(ParentRunner.java:238)
	at org.junit.runners.ParentRunner$1.schedule(ParentRunner.java:63)
	at org.junit.runners.ParentRunner.runChildren(ParentRunner.java:236)
	at org.junit.runners.ParentRunner.access$000(ParentRunner.java:53)
	at org.junit.runners.ParentRunner$2.evaluate(ParentRunner.java:229)
	at org.junit.runners.ParentRunner.run(ParentRunner.java:309)
	at org.apache.maven.surefire.junit4.JUnit4Provider.execute(JUnit4Provider.java:365)
	at org.apache.maven.surefire.junit4.JUnit4Provider.executeWithRerun(JUnit4Provider.java:273)
	at org.apache.maven.surefire.junit4.JUnit4Provider.executeTestSet(JUnit4Provider.java:238)
	at org.apache.maven.surefire.junit4.JUnit4Provider.invoke(JUnit4Provider.java:159)
	at org.apache.maven.surefire.booter.ForkedBooter.invokeProviderInSameClassLoader(ForkedBooter.java:384)
	at org.apache.maven.surefire.booter.ForkedBooter.runSuitesInProcess(ForkedBooter.java:345)
	at org.apache.maven.surefire.booter.ForkedBooter.execute(ForkedBooter.java:126)
	at org.apache.maven.surefire.booter.ForkedBooter.main(ForkedBooter.java:418)
Caused by: org.apache.ratis.protocol.RaftRetryFailureException: Failed RaftClientRequest:client-3626034B133A->c8201ea9-c3bc-4c88-a549-caf3a2cf5add@group-DBD4FBC4F8EC, cid=14, seq=2*, RW, cmdType: CloseContainer
traceID: "89ca903507b46fde:89ca903507b46fde:0:0"
containerID: 1
datanodeUuid: "663c650b-dfd3-420f-8c3f-637d4c51479b"
closeContainer {
}
, data.size=0 for 20 attempts with RetryLimited(maxAttempts=20, sleepTime=1000ms)
	at org.apache.ratis.client.impl.RaftClientImpl.noMoreRetries(RaftClientImpl.java:271)
	at org.apache.ratis.client.impl.OrderedAsync.handleAsyncRetryFailure(OrderedAsync.java:138)
	at org.apache.ratis.client.impl.OrderedAsync.lambda$sendRequest$10(OrderedAsync.java:230)
	at java.util.concurrent.CompletableFuture.uniExceptionally(CompletableFuture.java:870)
	at java.util.concurrent.CompletableFuture$UniExceptionally.tryFire(CompletableFuture.java:852)
	at java.util.concurrent.CompletableFuture.postComplete(CompletableFuture.java:474)
	at java.util.concurrent.CompletableFuture.completeExceptionally(CompletableFuture.java:1977)
	at org.apache.ratis.grpc.client.GrpcClientProtocolClient$AsyncStreamObservers.completeReplyExceptionally(GrpcClientProtocolClient.java:345)
	at org.apache.ratis.grpc.client.GrpcClientProtocolClient$AsyncStreamObservers.access$000(GrpcClientProtocolClient.java:261)
	at org.apache.ratis.grpc.client.GrpcClientProtocolClient$AsyncStreamObservers$1.onNext(GrpcClientProtocolClient.java:273)
	at org.apache.ratis.grpc.client.GrpcClientProtocolClient$AsyncStreamObservers$1.onNext(GrpcClientProtocolClient.java:264)
	at org.apache.ratis.thirdparty.io.grpc.stub.ClientCalls$StreamObserverToCallListenerAdapter.onMessage(ClientCalls.java:421)
	at org.apache.ratis.thirdparty.io.grpc.ForwardingClientCallListener.onMessage(ForwardingClientCallListener.java:33)
	at org.apache.ratis.thirdparty.io.grpc.ForwardingClientCallListener.onMessage(ForwardingClientCallListener.java:33)
	at org.apache.ratis.thirdparty.io.grpc.internal.ClientCallImpl$ClientStreamListenerImpl$1MessagesAvailable.runInContext(ClientCallImpl.java:519)
	at org.apache.ratis.thirdparty.io.grpc.internal.ContextRunnable.run(ContextRunnable.java:37)
	at org.apache.ratis.thirdparty.io.grpc.internal.SerializingExecutor.run(SerializingExecutor.java:123)
	at java.util.concurrent.ThreadPoolExecutor.runWorker(ThreadPoolExecutor.java:1149)
	at java.util.concurrent.ThreadPoolExecutor$Worker.run(ThreadPoolExecutor.java:624)
	at java.lang.Thread.run(Thread.java:748)
Caused by: org.apache.ratis.protocol.NotLeaderException: Server c8201ea9-c3bc-4c88-a549-caf3a2cf5add@group-DBD4FBC4F8EC is not the leader ea5b9712-cbb3-4773-924e-06a9bcd9ddf4:192.168.151.98:33305
	at org.apache.ratis.client.impl.ClientProtoUtils.toRaftClientReply(ClientProtoUtils.java:243)
	at org.apache.ratis.grpc.client.GrpcClientProtocolClient$AsyncStreamObservers$1.onNext(GrpcClientProtocolClient.java:269)
	... 10 more
</error>
    <system-out><![CDATA[2019-10-14 09:56:06,509 [main] WARN  server.ServerUtils (ServerUtils.java:getScmDbDir(145)) - ozone.scm.db.dirs is not configured. We recommend adding this setting. Falling back to ozone.metadata.dirs instead.
2019-10-14 09:56:06,627 [main] WARN  server.ServerUtils (ServerUtils.java:getScmDbDir(145)) - ozone.scm.db.dirs is not configured. We recommend adding this setting. Falling back to ozone.metadata.dirs instead.
2019-10-14 09:56:06,630 [main] WARN  server.ServerUtils (ServerUtils.java:getScmDbDir(145)) - ozone.scm.db.dirs is not configured. We recommend adding this setting. Falling back to ozone.metadata.dirs instead.
2019-10-14 09:56:06,656 [main] INFO  util.log (Log.java:initialized(192)) - Logging initialized @844ms
2019-10-14 09:56:06,748 [main] INFO  db.DBStoreBuilder (DBStoreBuilder.java:addTable(117)) - using custom profile for table: deletedBlocks
2019-10-14 09:56:06,748 [main] INFO  db.DBStoreBuilder (DBStoreBuilder.java:processTables(168)) - Using default column profile:DBProfile.DISK for Table:deletedBlocks
2019-10-14 09:56:06,748 [main] INFO  db.DBStoreBuilder (DBStoreBuilder.java:addTable(117)) - using custom profile for table: validCerts
2019-10-14 09:56:06,749 [main] INFO  db.DBStoreBuilder (DBStoreBuilder.java:processTables(168)) - Using default column profile:DBProfile.DISK for Table:validCerts
2019-10-14 09:56:06,749 [main] INFO  db.DBStoreBuilder (DBStoreBuilder.java:addTable(117)) - using custom profile for table: revokedCerts
2019-10-14 09:56:06,749 [main] INFO  db.DBStoreBuilder (DBStoreBuilder.java:processTables(168)) - Using default column profile:DBProfile.DISK for Table:revokedCerts
2019-10-14 09:56:06,761 [main] INFO  db.DBStoreBuilder (DBStoreBuilder.java:addTable(117)) - using custom profile for table: default
2019-10-14 09:56:06,761 [main] INFO  db.DBStoreBuilder (DBStoreBuilder.java:processTables(174)) - Using default column profile:DBProfile.DISK for Table:default
2019-10-14 09:56:06,762 [main] INFO  db.DBStoreBuilder (DBStoreBuilder.java:getDbProfile(205)) - Using default options. DBProfile.DISK
2019-10-14 09:56:07,083 [main] INFO  net.NodeSchemaLoader (NodeSchemaLoader.java:loadSchemaFromFile(125)) - Loading file from sun.misc.CompoundEnumeration@2b71e916
2019-10-14 09:56:07,085 [main] INFO  net.NodeSchemaLoader (NodeSchemaLoader.java:loadSchema(171)) - Loading network topology layer schema file
2019-10-14 09:56:07,167 [main] WARN  server.ServerUtils (ServerUtils.java:sanitizeUserArgs(70)) - ozone.scm.stale.node.interval value = 300000 is larger than max = 100000 based on the key value of ozone.scm.heartbeat.thread.interval, reset to the max value 100000.
2019-10-14 09:56:07,169 [main] WARN  server.ServerUtils (ServerUtils.java:sanitizeUserArgs(70)) - ozone.scm.stale.node.interval value = 300000 is larger than max = 100000 based on the key value of ozone.scm.heartbeat.thread.interval, reset to the max value 100000.
2019-10-14 09:56:07,172 [main] INFO  node.SCMNodeManager (SCMNodeManager.java:<init>(116)) - Entering startup safe mode.
2019-10-14 09:56:07,243 [main] INFO  algorithms.ContainerPlacementPolicyFactory (ContainerPlacementPolicyFactory.java:getPolicy(57)) - Create container placement policy of type org.apache.hadoop.hdds.scm.container.placement.algorithms.SCMContainerPlacementRandom
2019-10-14 09:56:07,258 [main] WARN  server.ServerUtils (ServerUtils.java:getScmDbDir(145)) - ozone.scm.db.dirs is not configured. We recommend adding this setting. Falling back to ozone.metadata.dirs instead.
2019-10-14 09:56:07,374 [main] INFO  pipeline.SCMPipelineManager (SCMPipelineManager.java:initializePipelineState(132)) - No pipeline exists in current db
2019-10-14 09:56:07,377 [main] WARN  server.ServerUtils (ServerUtils.java:getScmDbDir(145)) - ozone.scm.db.dirs is not configured. We recommend adding this setting. Falling back to ozone.metadata.dirs instead.
2019-10-14 09:56:07,484 [main] WARN  events.EventQueue (EventQueue.java:fireEvent(183)) - No event handler registered for event TypedEvent{payloadType=SafeModeStatus, name='SafeModeStatus'}
2019-10-14 09:56:07,852 [main] INFO  ipc.CallQueueManager (CallQueueManager.java:<init>(84)) - Using callQueue: class java.util.concurrent.LinkedBlockingQueue, queueCapacity: 2000, scheduler: class org.apache.hadoop.ipc.DefaultRpcScheduler, ipcBackoff: false.
2019-10-14 09:56:07,880 [Socket Reader #1 for port 38903] INFO  ipc.Server (Server.java:run(1074)) - Starting Socket Reader #1 for port 38903
2019-10-14 09:56:07,992 [main] INFO  ipc.CallQueueManager (CallQueueManager.java:<init>(84)) - Using callQueue: class java.util.concurrent.LinkedBlockingQueue, queueCapacity: 2000, scheduler: class org.apache.hadoop.ipc.DefaultRpcScheduler, ipcBackoff: false.
2019-10-14 09:56:07,993 [Socket Reader #1 for port 34448] INFO  ipc.Server (Server.java:run(1074)) - Starting Socket Reader #1 for port 34448
2019-10-14 09:56:08,005 [main] INFO  ipc.CallQueueManager (CallQueueManager.java:<init>(84)) - Using callQueue: class java.util.concurrent.LinkedBlockingQueue, queueCapacity: 2000, scheduler: class org.apache.hadoop.ipc.DefaultRpcScheduler, ipcBackoff: false.
2019-10-14 09:56:08,007 [Socket Reader #1 for port 43916] INFO  ipc.Server (Server.java:run(1074)) - Starting Socket Reader #1 for port 43916
2019-10-14 09:56:08,042 [main] INFO  hdfs.DFSUtil (DFSUtil.java:httpServerTemplateForNNAndJN(1641)) - Starting Web-server for scm at: http://0.0.0.0:0
2019-10-14 09:56:08,187 [main] INFO  server.AuthenticationFilter (AuthenticationFilter.java:constructSecretProvider(240)) - Unable to initialize FileSignerSecretProvider, falling back to use random secrets.
2019-10-14 09:56:08,195 [main] WARN  http.HttpRequestLog (HttpRequestLog.java:getRequestLog(97)) - Jetty request log can only be enabled using Log4j
2019-10-14 09:56:08,203 [main] INFO  http.HttpServer2 (HttpServer2.java:addGlobalFilter(975)) - Added global filter 'safety' (class=org.apache.hadoop.http.HttpServer2$QuotingInputFilter)
2019-10-14 09:56:08,206 [main] INFO  http.HttpServer2 (HttpServer2.java:addFilter(948)) - Added filter static_user_filter (class=org.apache.hadoop.http.lib.StaticUserWebFilter$StaticUserFilter) to context scm
2019-10-14 09:56:08,206 [main] INFO  http.HttpServer2 (HttpServer2.java:addFilter(958)) - Added filter static_user_filter (class=org.apache.hadoop.http.lib.StaticUserWebFilter$StaticUserFilter) to context logs
2019-10-14 09:56:08,206 [main] INFO  http.HttpServer2 (HttpServer2.java:addFilter(958)) - Added filter static_user_filter (class=org.apache.hadoop.http.lib.StaticUserWebFilter$StaticUserFilter) to context static
2019-10-14 09:56:08,236 [main] INFO  server.StorageContainerManager (StorageContainerManager.java:start(772)) - StorageContainerLocationProtocol RPC server is listening at /0.0.0.0:43916
2019-10-14 09:56:08,294 [main] WARN  impl.MetricsConfig (MetricsConfig.java:loadFirst(134)) - Cannot locate configuration: tried hadoop-metrics2-storagecontainermanager.properties,hadoop-metrics2.properties
2019-10-14 09:56:08,306 [main] INFO  impl.MetricsSystemImpl (MetricsSystemImpl.java:startTimer(374)) - Scheduled Metric snapshot period at 10 second(s).
2019-10-14 09:56:08,306 [main] INFO  impl.MetricsSystemImpl (MetricsSystemImpl.java:start(191)) - StorageContainerManager metrics system started
2019-10-14 09:56:08,526 [main] INFO  server.SCMClientProtocolServer (SCMClientProtocolServer.java:start(159)) - RPC server for Client  is listening at /0.0.0.0:43916
2019-10-14 09:56:08,527 [IPC Server Responder] INFO  ipc.Server (Server.java:run(1314)) - IPC Server Responder: starting
2019-10-14 09:56:08,527 [IPC Server listener on 43916] INFO  ipc.Server (Server.java:run(1153)) - IPC Server listener on 43916: starting
2019-10-14 09:56:08,530 [main] INFO  server.StorageContainerManager (StorageContainerManager.java:start(782)) - ScmBlockLocationProtocol RPC server is listening at /0.0.0.0:34448
2019-10-14 09:56:08,532 [main] INFO  server.SCMBlockProtocolServer (SCMBlockProtocolServer.java:start(146)) - RPC server for Block Protocol is listening at /0.0.0.0:34448
2019-10-14 09:56:08,532 [IPC Server Responder] INFO  ipc.Server (Server.java:run(1314)) - IPC Server Responder: starting
2019-10-14 09:56:08,532 [IPC Server listener on 34448] INFO  ipc.Server (Server.java:run(1153)) - IPC Server listener on 34448: starting
2019-10-14 09:56:08,536 [main] INFO  server.StorageContainerManager (StorageContainerManager.java:start(786)) - ScmDatanodeProtocl RPC server is listening at /0.0.0.0:38903
2019-10-14 09:56:08,536 [main] INFO  server.SCMDatanodeProtocolServer (SCMDatanodeProtocolServer.java:start(169)) - RPC server for DataNodes is listening at /0.0.0.0:38903
2019-10-14 09:56:08,538 [IPC Server Responder] INFO  ipc.Server (Server.java:run(1314)) - IPC Server Responder: starting
2019-10-14 09:56:08,538 [IPC Server listener on 38903] INFO  ipc.Server (Server.java:run(1153)) - IPC Server listener on 38903: starting
2019-10-14 09:56:08,543 [main] INFO  http.HttpServer2 (HttpServer2.java:bindListener(1191)) - Jetty bound to port 36626
2019-10-14 09:56:08,546 [main] INFO  server.Server (Server.java:doStart(351)) - jetty-9.3.25.v20180904, build timestamp: 2018-09-04T21:11:46Z, git hash: 3ce520221d0240229c862b122d2b06c12a625732
2019-10-14 09:56:08,602 [main] INFO  handler.ContextHandler (ContextHandler.java:doStart(781)) - Started o.e.j.s.ServletContextHandler@340da44c{/logs,file:///workdir/hadoop-ozone/integration-test/target/log,AVAILABLE}
2019-10-14 09:56:08,603 [main] INFO  handler.ContextHandler (ContextHandler.java:doStart(781)) - Started o.e.j.s.ServletContextHandler@37052337{/static,file:///workdir/hadoop-ozone/integration-test/target/test-classes/webapps/static,AVAILABLE}
2019-10-14 09:56:08,644 [main] INFO  handler.ContextHandler (ContextHandler.java:doStart(781)) - Started o.e.j.w.WebAppContext@3b366632{/,file:///workdir/hadoop-ozone/integration-test/target/test-classes/webapps/scm/,AVAILABLE}{/scm}
2019-10-14 09:56:08,651 [main] INFO  server.AbstractConnector (AbstractConnector.java:doStart(278)) - Started ServerConnector@6815c5f2{HTTP/1.1,[http/1.1]}{0.0.0.0:36626}
2019-10-14 09:56:08,652 [main] INFO  server.Server (Server.java:doStart(419)) - Started @2841ms
2019-10-14 09:56:08,654 [main] INFO  impl.MetricsSinkAdapter (MetricsSinkAdapter.java:start(204)) - Sink prometheus started
2019-10-14 09:56:08,654 [main] INFO  impl.MetricsSystemImpl (MetricsSystemImpl.java:registerSink(301)) - Registered sink prometheus
2019-10-14 09:56:08,656 [main] INFO  server.BaseHttpServer (BaseHttpServer.java:updateConnectorAddress(215)) - HTTP server of SCM is listening at http://0.0.0.0:36626
2019-10-14 09:56:08,663 [org.apache.hadoop.util.JvmPauseMonitor$Monitor@4263b080] INFO  util.JvmPauseMonitor (JvmPauseMonitor.java:run(188)) - Starting JVM pause monitor
2019-10-14 09:56:08,667 [main] WARN  server.ServerUtils (ServerUtils.java:getDBPath(222)) - ozone.om.db.dirs is not configured. We recommend adding this setting. Falling back to ozone.metadata.dirs instead.
2019-10-14 09:56:08,769 [main] INFO  ha.OMHANodeDetails (OMHANodeDetails.java:loadOMHAConfig(190)) - Configuration either no ozone.om.address set. Falling back to the default OM address /127.0.0.1:0
2019-10-14 09:56:08,769 [main] INFO  ha.OMHANodeDetails (OMHANodeDetails.java:getOMNodeDetails(220)) - OM Service ID is not set. Setting it to the default ID: omServiceIdDefault
2019-10-14 09:56:08,771 [main] WARN  server.ServerUtils (ServerUtils.java:getDBPath(222)) - ozone.om.db.dirs is not configured. We recommend adding this setting. Falling back to ozone.metadata.dirs instead.
2019-10-14 09:56:08,777 [main] WARN  server.ServerUtils (ServerUtils.java:getDBPath(222)) - ozone.om.db.dirs is not configured. We recommend adding this setting. Falling back to ozone.metadata.dirs instead.
2019-10-14 09:56:09,483 [main] WARN  server.ServerUtils (ServerUtils.java:getDBPath(222)) - ozone.om.db.dirs is not configured. We recommend adding this setting. Falling back to ozone.metadata.dirs instead.
2019-10-14 09:56:09,491 [main] INFO  db.DBStoreBuilder (DBStoreBuilder.java:addTable(117)) - using custom profile for table: userTable
2019-10-14 09:56:09,491 [main] INFO  db.DBStoreBuilder (DBStoreBuilder.java:processTables(168)) - Using default column profile:DBProfile.DISK for Table:userTable
2019-10-14 09:56:09,491 [main] INFO  db.DBStoreBuilder (DBStoreBuilder.java:addTable(117)) - using custom profile for table: volumeTable
2019-10-14 09:56:09,491 [main] INFO  db.DBStoreBuilder (DBStoreBuilder.java:processTables(168)) - Using default column profile:DBProfile.DISK for Table:volumeTable
2019-10-14 09:56:09,492 [main] INFO  db.DBStoreBuilder (DBStoreBuilder.java:addTable(117)) - using custom profile for table: bucketTable
2019-10-14 09:56:09,492 [main] INFO  db.DBStoreBuilder (DBStoreBuilder.java:processTables(168)) - Using default column profile:DBProfile.DISK for Table:bucketTable
2019-10-14 09:56:09,492 [main] INFO  db.DBStoreBuilder (DBStoreBuilder.java:addTable(117)) - using custom profile for table: keyTable
2019-10-14 09:56:09,493 [main] INFO  db.DBStoreBuilder (DBStoreBuilder.java:processTables(168)) - Using default column profile:DBProfile.DISK for Table:keyTable
2019-10-14 09:56:09,493 [main] INFO  db.DBStoreBuilder (DBStoreBuilder.java:addTable(117)) - using custom profile for table: deletedTable
2019-10-14 09:56:09,493 [main] INFO  db.DBStoreBuilder (DBStoreBuilder.java:processTables(168)) - Using default column profile:DBProfile.DISK for Table:deletedTable
2019-10-14 09:56:09,493 [main] INFO  db.DBStoreBuilder (DBStoreBuilder.java:addTable(117)) - using custom profile for table: openKeyTable
2019-10-14 09:56:09,493 [main] INFO  db.DBStoreBuilder (DBStoreBuilder.java:processTables(168)) - Using default column profile:DBProfile.DISK for Table:openKeyTable
2019-10-14 09:56:09,494 [main] INFO  db.DBStoreBuilder (DBStoreBuilder.java:addTable(117)) - using custom profile for table: s3Table
2019-10-14 09:56:09,494 [main] INFO  db.DBStoreBuilder (DBStoreBuilder.java:processTables(168)) - Using default column profile:DBProfile.DISK for Table:s3Table
2019-10-14 09:56:09,494 [main] INFO  db.DBStoreBuilder (DBStoreBuilder.java:addTable(117)) - using custom profile for table: multipartInfoTable
2019-10-14 09:56:09,494 [main] INFO  db.DBStoreBuilder (DBStoreBuilder.java:processTables(168)) - Using default column profile:DBProfile.DISK for Table:multipartInfoTable
2019-10-14 09:56:09,495 [main] INFO  db.DBStoreBuilder (DBStoreBuilder.java:addTable(117)) - using custom profile for table: dTokenTable
2019-10-14 09:56:09,495 [main] INFO  db.DBStoreBuilder (DBStoreBuilder.java:processTables(168)) - Using default column profile:DBProfile.DISK for Table:dTokenTable
2019-10-14 09:56:09,495 [main] INFO  db.DBStoreBuilder (DBStoreBuilder.java:addTable(117)) - using custom profile for table: s3SecretTable
2019-10-14 09:56:09,495 [main] INFO  db.DBStoreBuilder (DBStoreBuilder.java:processTables(168)) - Using default column profile:DBProfile.DISK for Table:s3SecretTable
2019-10-14 09:56:09,496 [main] INFO  db.DBStoreBuilder (DBStoreBuilder.java:addTable(117)) - using custom profile for table: prefixTable
2019-10-14 09:56:09,496 [main] INFO  db.DBStoreBuilder (DBStoreBuilder.java:processTables(168)) - Using default column profile:DBProfile.DISK for Table:prefixTable
2019-10-14 09:56:09,496 [main] INFO  db.DBStoreBuilder (DBStoreBuilder.java:addTable(117)) - using custom profile for table: default
2019-10-14 09:56:09,496 [main] INFO  db.DBStoreBuilder (DBStoreBuilder.java:processTables(174)) - Using default column profile:DBProfile.DISK for Table:default
2019-10-14 09:56:09,497 [main] INFO  db.DBStoreBuilder (DBStoreBuilder.java:getDbProfile(205)) - Using default options. DBProfile.DISK
2019-10-14 09:56:10,131 [main] INFO  ipc.CallQueueManager (CallQueueManager.java:<init>(84)) - Using callQueue: class java.util.concurrent.LinkedBlockingQueue, queueCapacity: 2000, scheduler: class org.apache.hadoop.ipc.DefaultRpcScheduler, ipcBackoff: false.
2019-10-14 09:56:10,132 [Socket Reader #1 for port 36429] INFO  ipc.Server (Server.java:run(1074)) - Starting Socket Reader #1 for port 36429
2019-10-14 09:56:10,154 [main] INFO  om.OzoneManager (OzoneManager.java:start(1071)) - OzoneManager RPC server is listening at localhost/127.0.0.1:36429
2019-10-14 09:56:10,154 [main] INFO  impl.MetricsSystemImpl (MetricsSystemImpl.java:init(158)) - OzoneManager metrics system started (again)
2019-10-14 09:56:10,163 [IPC Server Responder] INFO  ipc.Server (Server.java:run(1314)) - IPC Server Responder: starting
2019-10-14 09:56:10,163 [IPC Server listener on 36429] INFO  ipc.Server (Server.java:run(1153)) - IPC Server listener on 36429: starting
2019-10-14 09:56:10,169 [main] INFO  hdfs.DFSUtil (DFSUtil.java:httpServerTemplateForNNAndJN(1641)) - Starting Web-server for ozoneManager at: http://0.0.0.0:0
2019-10-14 09:56:10,172 [main] INFO  server.AuthenticationFilter (AuthenticationFilter.java:constructSecretProvider(240)) - Unable to initialize FileSignerSecretProvider, falling back to use random secrets.
2019-10-14 09:56:10,172 [main] WARN  http.HttpRequestLog (HttpRequestLog.java:getRequestLog(97)) - Jetty request log can only be enabled using Log4j
2019-10-14 09:56:10,174 [main] INFO  http.HttpServer2 (HttpServer2.java:addGlobalFilter(975)) - Added global filter 'safety' (class=org.apache.hadoop.http.HttpServer2$QuotingInputFilter)
2019-10-14 09:56:10,175 [main] INFO  http.HttpServer2 (HttpServer2.java:addFilter(948)) - Added filter static_user_filter (class=org.apache.hadoop.http.lib.StaticUserWebFilter$StaticUserFilter) to context ozoneManager
2019-10-14 09:56:10,175 [main] INFO  http.HttpServer2 (HttpServer2.java:addFilter(958)) - Added filter static_user_filter (class=org.apache.hadoop.http.lib.StaticUserWebFilter$StaticUserFilter) to context static
2019-10-14 09:56:10,176 [main] INFO  http.HttpServer2 (HttpServer2.java:addFilter(958)) - Added filter static_user_filter (class=org.apache.hadoop.http.lib.StaticUserWebFilter$StaticUserFilter) to context logs
2019-10-14 09:56:10,177 [main] INFO  http.HttpServer2 (HttpServer2.java:bindListener(1191)) - Jetty bound to port 36447
2019-10-14 09:56:10,178 [main] INFO  server.Server (Server.java:doStart(351)) - jetty-9.3.25.v20180904, build timestamp: 2018-09-04T21:11:46Z, git hash: 3ce520221d0240229c862b122d2b06c12a625732
2019-10-14 09:56:10,179 [main] INFO  handler.ContextHandler (ContextHandler.java:doStart(781)) - Started o.e.j.s.ServletContextHandler@3adbe50f{/logs,file:///workdir/hadoop-ozone/integration-test/target/log,AVAILABLE}
2019-10-14 09:56:10,180 [main] INFO  handler.ContextHandler (ContextHandler.java:doStart(781)) - Started o.e.j.s.ServletContextHandler@49aa766b{/static,file:///workdir/hadoop-ozone/integration-test/target/test-classes/webapps/static,AVAILABLE}
2019-10-14 09:56:10,184 [main] INFO  handler.ContextHandler (ContextHandler.java:doStart(781)) - Started o.e.j.w.WebAppContext@393881f0{/,file:///workdir/hadoop-ozone/integration-test/target/test-classes/webapps/ozoneManager/,AVAILABLE}{/ozoneManager}
2019-10-14 09:56:10,185 [main] INFO  server.AbstractConnector (AbstractConnector.java:doStart(278)) - Started ServerConnector@4af46df3{HTTP/1.1,[http/1.1]}{0.0.0.0:36447}
2019-10-14 09:56:10,186 [main] INFO  server.Server (Server.java:doStart(419)) - Started @4375ms
2019-10-14 09:56:10,186 [main] WARN  impl.MetricsSystemImpl (MetricsSystemImpl.java:register(276)) - Sink prometheus already exists!
2019-10-14 09:56:10,187 [main] INFO  server.BaseHttpServer (BaseHttpServer.java:updateConnectorAddress(215)) - HTTP server of OZONEMANAGER is listening at http://0.0.0.0:36447
2019-10-14 09:56:10,451 [main] INFO  impl.MetricsSystemImpl (MetricsSystemImpl.java:init(158)) - HddsDatanode metrics system started (again)
2019-10-14 09:56:10,495 [main] INFO  ozone.HddsDatanodeService (HddsDatanodeService.java:start(184)) - HddsDatanodeService host:pr-hdds-2295-pn7hw-3586430783 ip:192.168.151.98
2019-10-14 09:56:10,524 [main] INFO  volume.HddsVolume (HddsVolume.java:<init>(176)) - Creating Volume: /workdir/hadoop-ozone/integration-test/target/test-dir/MiniOzoneClusterImpl-2d6df893-75cb-4c24-b206-748970ef4ec9/datanode-0/data/containers/hdds of  storage type : DISK and capacity : 1482555576320
2019-10-14 09:56:10,526 [main] INFO  volume.VolumeSet (VolumeSet.java:initializeVolumeSet(170)) - Added Volume : /workdir/hadoop-ozone/integration-test/target/test-dir/MiniOzoneClusterImpl-2d6df893-75cb-4c24-b206-748970ef4ec9/datanode-0/data/containers/hdds to VolumeSet
2019-10-14 09:56:10,529 [main] INFO  volume.ThrottledAsyncChecker (ThrottledAsyncChecker.java:schedule(141)) - Scheduling a check for org.apache.hadoop.ozone.container.common.volume.HddsVolume@408b87aa
2019-10-14 09:56:10,572 [main] INFO  volume.HddsVolumeChecker (HddsVolumeChecker.java:checkAllVolumes(204)) - Scheduled health check for volume org.apache.hadoop.ozone.container.common.volume.HddsVolume@408b87aa
2019-10-14 09:56:10,724 [main] INFO  impl.RaftServerProxy (ConfUtils.java:logGet(43)) - raft.rpc.type = GRPC (default)
2019-10-14 09:56:10,790 [main] INFO  grpc.GrpcFactory (GrpcFactory.java:checkPooledByteBufAllocatorUseCacheForAllThreads(45)) - PERFORMANCE WARNING: useCacheForAllThreads is true that may cause Netty to create a lot garbage objects and, as a result, trigger GC.
	It is recommended to disable useCacheForAllThreads by setting -Dorg.apache.ratis.thirdparty.io.netty.allocator.useCacheForAllThreads=false in command line.
2019-10-14 09:56:10,795 [main] INFO  grpc.GrpcConfigKeys$Server (ConfUtils.java:logGet(43)) - raft.grpc.server.port = 0 (default)
2019-10-14 09:56:10,796 [main] INFO  server.GrpcService (ConfUtils.java:logGet(43)) - raft.grpc.message.size.max = 33570816 (custom)
2019-10-14 09:56:10,797 [main] INFO  server.RaftServerConfigKeys (ConfUtils.java:logGet(43)) - raft.server.log.appender.buffer.byte-limit = 33554432 (custom)
2019-10-14 09:56:10,798 [main] INFO  server.GrpcService (ConfUtils.java:logGet(43)) - raft.grpc.flow.control.window = 1MB (=1048576) (default)
2019-10-14 09:56:10,799 [main] INFO  server.RaftServerConfigKeys (ConfUtils.java:logGet(43)) - raft.server.rpc.request.timeout = 3000ms (default)
2019-10-14 09:56:10,959 [main] INFO  server.RaftServerConfigKeys (ConfUtils.java:logGet(43)) - raft.server.storage.dir = [/workdir/hadoop-ozone/integration-test/target/test-dir/MiniOzoneClusterImpl-2d6df893-75cb-4c24-b206-748970ef4ec9/datanode-0/data/ratis] (custom)
2019-10-14 09:56:11,010 [main] INFO  hdfs.DFSUtil (DFSUtil.java:httpServerTemplateForNNAndJN(1641)) - Starting Web-server for hddsDatanode at: http://0.0.0.0:0
2019-10-14 09:56:11,012 [main] INFO  server.AuthenticationFilter (AuthenticationFilter.java:constructSecretProvider(240)) - Unable to initialize FileSignerSecretProvider, falling back to use random secrets.
2019-10-14 09:56:11,012 [main] WARN  http.HttpRequestLog (HttpRequestLog.java:getRequestLog(97)) - Jetty request log can only be enabled using Log4j
2019-10-14 09:56:11,014 [main] INFO  http.HttpServer2 (HttpServer2.java:addGlobalFilter(975)) - Added global filter 'safety' (class=org.apache.hadoop.http.HttpServer2$QuotingInputFilter)
2019-10-14 09:56:11,014 [main] INFO  http.HttpServer2 (HttpServer2.java:addFilter(948)) - Added filter static_user_filter (class=org.apache.hadoop.http.lib.StaticUserWebFilter$StaticUserFilter) to context hddsDatanode
2019-10-14 09:56:11,015 [main] INFO  http.HttpServer2 (HttpServer2.java:addFilter(958)) - Added filter static_user_filter (class=org.apache.hadoop.http.lib.StaticUserWebFilter$StaticUserFilter) to context static
2019-10-14 09:56:11,015 [main] INFO  http.HttpServer2 (HttpServer2.java:addFilter(958)) - Added filter static_user_filter (class=org.apache.hadoop.http.lib.StaticUserWebFilter$StaticUserFilter) to context logs
2019-10-14 09:56:11,016 [main] INFO  http.HttpServer2 (HttpServer2.java:bindListener(1191)) - Jetty bound to port 46393
2019-10-14 09:56:11,016 [main] INFO  server.Server (Server.java:doStart(351)) - jetty-9.3.25.v20180904, build timestamp: 2018-09-04T21:11:46Z, git hash: 3ce520221d0240229c862b122d2b06c12a625732
2019-10-14 09:56:11,019 [main] INFO  handler.ContextHandler (ContextHandler.java:doStart(781)) - Started o.e.j.s.ServletContextHandler@63c12e52{/logs,file:///workdir/hadoop-ozone/integration-test/target/log,AVAILABLE}
2019-10-14 09:56:11,019 [main] INFO  handler.ContextHandler (ContextHandler.java:doStart(781)) - Started o.e.j.s.ServletContextHandler@26c47874{/static,jar:file:/home/user/.m2/repository/org/apache/hadoop/hadoop-hdds-container-service/0.5.0-SNAPSHOT/hadoop-hdds-container-service-0.5.0-SNAPSHOT.jar!/webapps/static,AVAILABLE}
2019-10-14 09:56:11,052 [main] INFO  handler.ContextHandler (ContextHandler.java:doStart(781)) - Started o.e.j.w.WebAppContext@117525fe{/,file:///tmp/jetty-0.0.0.0-46393-hddsDatanode-_-any-3139811471492819402.dir/webapp/,AVAILABLE}{/hddsDatanode}
2019-10-14 09:56:11,053 [main] INFO  server.AbstractConnector (AbstractConnector.java:doStart(278)) - Started ServerConnector@5f7989fa{HTTP/1.1,[http/1.1]}{0.0.0.0:46393}
2019-10-14 09:56:11,054 [main] INFO  server.Server (Server.java:doStart(419)) - Started @5243ms
2019-10-14 09:56:11,054 [main] WARN  impl.MetricsSystemImpl (MetricsSystemImpl.java:register(276)) - Sink prometheus already exists!
2019-10-14 09:56:11,055 [main] INFO  server.BaseHttpServer (BaseHttpServer.java:updateConnectorAddress(215)) - HTTP server of HDDSDATANODE is listening at http://0.0.0.0:46393
2019-10-14 09:56:11,056 [main] INFO  impl.MetricsSystemImpl (MetricsSystemImpl.java:init(158)) - HddsDatanode metrics system started (again)
2019-10-14 09:56:11,059 [main] INFO  ozone.HddsDatanodeService (HddsDatanodeService.java:start(184)) - HddsDatanodeService host:pr-hdds-2295-pn7hw-3586430783 ip:192.168.151.98
2019-10-14 09:56:11,060 [org.apache.hadoop.util.JvmPauseMonitor$Monitor@478d2fd9] INFO  util.JvmPauseMonitor (JvmPauseMonitor.java:run(188)) - Starting JVM pause monitor
2019-10-14 09:56:11,065 [main] INFO  volume.HddsVolume (HddsVolume.java:<init>(176)) - Creating Volume: /workdir/hadoop-ozone/integration-test/target/test-dir/MiniOzoneClusterImpl-2d6df893-75cb-4c24-b206-748970ef4ec9/datanode-1/data/containers/hdds of  storage type : DISK and capacity : 1482555576320
2019-10-14 09:56:11,068 [main] INFO  volume.VolumeSet (VolumeSet.java:initializeVolumeSet(170)) - Added Volume : /workdir/hadoop-ozone/integration-test/target/test-dir/MiniOzoneClusterImpl-2d6df893-75cb-4c24-b206-748970ef4ec9/datanode-1/data/containers/hdds to VolumeSet
2019-10-14 09:56:11,068 [main] INFO  volume.ThrottledAsyncChecker (ThrottledAsyncChecker.java:schedule(141)) - Scheduling a check for org.apache.hadoop.ozone.container.common.volume.HddsVolume@77774571
2019-10-14 09:56:11,069 [main] INFO  volume.HddsVolumeChecker (HddsVolumeChecker.java:checkAllVolumes(204)) - Scheduled health check for volume org.apache.hadoop.ozone.container.common.volume.HddsVolume@77774571
2019-10-14 09:56:11,089 [main] INFO  impl.RaftServerProxy (ConfUtils.java:logGet(43)) - raft.rpc.type = GRPC (default)
2019-10-14 09:56:11,090 [main] INFO  grpc.GrpcFactory (GrpcFactory.java:checkPooledByteBufAllocatorUseCacheForAllThreads(45)) - PERFORMANCE WARNING: useCacheForAllThreads is true that may cause Netty to create a lot garbage objects and, as a result, trigger GC.
	It is recommended to disable useCacheForAllThreads by setting -Dorg.apache.ratis.thirdparty.io.netty.allocator.useCacheForAllThreads=false in command line.
2019-10-14 09:56:11,090 [main] INFO  grpc.GrpcConfigKeys$Server (ConfUtils.java:logGet(43)) - raft.grpc.server.port = 0 (default)
2019-10-14 09:56:11,091 [main] INFO  server.GrpcService (ConfUtils.java:logGet(43)) - raft.grpc.message.size.max = 33570816 (custom)
2019-10-14 09:56:11,093 [main] INFO  server.RaftServerConfigKeys (ConfUtils.java:logGet(43)) - raft.server.log.appender.buffer.byte-limit = 33554432 (custom)
2019-10-14 09:56:11,093 [main] INFO  server.GrpcService (ConfUtils.java:logGet(43)) - raft.grpc.flow.control.window = 1MB (=1048576) (default)
2019-10-14 09:56:11,093 [main] INFO  server.RaftServerConfigKeys (ConfUtils.java:logGet(43)) - raft.server.rpc.request.timeout = 3000ms (default)
2019-10-14 09:56:11,094 [main] INFO  server.RaftServerConfigKeys (ConfUtils.java:logGet(43)) - raft.server.storage.dir = [/workdir/hadoop-ozone/integration-test/target/test-dir/MiniOzoneClusterImpl-2d6df893-75cb-4c24-b206-748970ef4ec9/datanode-1/data/ratis] (custom)
2019-10-14 09:56:11,099 [main] INFO  hdfs.DFSUtil (DFSUtil.java:httpServerTemplateForNNAndJN(1641)) - Starting Web-server for hddsDatanode at: http://0.0.0.0:0
2019-10-14 09:56:11,102 [main] INFO  server.AuthenticationFilter (AuthenticationFilter.java:constructSecretProvider(240)) - Unable to initialize FileSignerSecretProvider, falling back to use random secrets.
2019-10-14 09:56:11,103 [main] WARN  http.HttpRequestLog (HttpRequestLog.java:getRequestLog(97)) - Jetty request log can only be enabled using Log4j
2019-10-14 09:56:11,106 [main] INFO  http.HttpServer2 (HttpServer2.java:addGlobalFilter(975)) - Added global filter 'safety' (class=org.apache.hadoop.http.HttpServer2$QuotingInputFilter)
2019-10-14 09:56:11,107 [main] INFO  http.HttpServer2 (HttpServer2.java:addFilter(948)) - Added filter static_user_filter (class=org.apache.hadoop.http.lib.StaticUserWebFilter$StaticUserFilter) to context hddsDatanode
2019-10-14 09:56:11,107 [main] INFO  http.HttpServer2 (HttpServer2.java:addFilter(958)) - Added filter static_user_filter (class=org.apache.hadoop.http.lib.StaticUserWebFilter$StaticUserFilter) to context static
2019-10-14 09:56:11,108 [main] INFO  http.HttpServer2 (HttpServer2.java:addFilter(958)) - Added filter static_user_filter (class=org.apache.hadoop.http.lib.StaticUserWebFilter$StaticUserFilter) to context logs
2019-10-14 09:56:11,109 [main] INFO  http.HttpServer2 (HttpServer2.java:bindListener(1191)) - Jetty bound to port 44509
2019-10-14 09:56:11,109 [main] INFO  server.Server (Server.java:doStart(351)) - jetty-9.3.25.v20180904, build timestamp: 2018-09-04T21:11:46Z, git hash: 3ce520221d0240229c862b122d2b06c12a625732
2019-10-14 09:56:11,113 [main] INFO  handler.ContextHandler (ContextHandler.java:doStart(781)) - Started o.e.j.s.ServletContextHandler@4d41ba0f{/logs,file:///workdir/hadoop-ozone/integration-test/target/log,AVAILABLE}
2019-10-14 09:56:11,114 [main] INFO  handler.ContextHandler (ContextHandler.java:doStart(781)) - Started o.e.j.s.ServletContextHandler@77bbadc{/static,jar:file:/home/user/.m2/repository/org/apache/hadoop/hadoop-hdds-container-service/0.5.0-SNAPSHOT/hadoop-hdds-container-service-0.5.0-SNAPSHOT.jar!/webapps/static,AVAILABLE}
2019-10-14 09:56:11,156 [main] INFO  handler.ContextHandler (ContextHandler.java:doStart(781)) - Started o.e.j.w.WebAppContext@611a990b{/,file:///tmp/jetty-0.0.0.0-44509-hddsDatanode-_-any-7705715280176236124.dir/webapp/,AVAILABLE}{/hddsDatanode}
2019-10-14 09:56:11,157 [main] INFO  server.AbstractConnector (AbstractConnector.java:doStart(278)) - Started ServerConnector@7cbeac65{HTTP/1.1,[http/1.1]}{0.0.0.0:44509}
2019-10-14 09:56:11,158 [main] INFO  server.Server (Server.java:doStart(419)) - Started @5347ms
2019-10-14 09:56:11,158 [main] WARN  impl.MetricsSystemImpl (MetricsSystemImpl.java:register(276)) - Sink prometheus already exists!
2019-10-14 09:56:11,159 [main] INFO  server.BaseHttpServer (BaseHttpServer.java:updateConnectorAddress(215)) - HTTP server of HDDSDATANODE is listening at http://0.0.0.0:44509
2019-10-14 09:56:11,159 [main] INFO  impl.MetricsSystemImpl (MetricsSystemImpl.java:init(158)) - HddsDatanode metrics system started (again)
2019-10-14 09:56:11,161 [org.apache.hadoop.util.JvmPauseMonitor$Monitor@3267d0b3] INFO  util.JvmPauseMonitor (JvmPauseMonitor.java:run(188)) - Starting JVM pause monitor
2019-10-14 09:56:11,161 [main] INFO  ozone.HddsDatanodeService (HddsDatanodeService.java:start(184)) - HddsDatanodeService host:pr-hdds-2295-pn7hw-3586430783 ip:192.168.151.98
2019-10-14 09:56:11,169 [main] INFO  volume.HddsVolume (HddsVolume.java:<init>(176)) - Creating Volume: /workdir/hadoop-ozone/integration-test/target/test-dir/MiniOzoneClusterImpl-2d6df893-75cb-4c24-b206-748970ef4ec9/datanode-2/data/containers/hdds of  storage type : DISK and capacity : 1482555576320
2019-10-14 09:56:11,169 [main] INFO  volume.VolumeSet (VolumeSet.java:initializeVolumeSet(170)) - Added Volume : /workdir/hadoop-ozone/integration-test/target/test-dir/MiniOzoneClusterImpl-2d6df893-75cb-4c24-b206-748970ef4ec9/datanode-2/data/containers/hdds to VolumeSet
2019-10-14 09:56:11,170 [main] INFO  volume.ThrottledAsyncChecker (ThrottledAsyncChecker.java:schedule(141)) - Scheduling a check for org.apache.hadoop.ozone.container.common.volume.HddsVolume@5fcfde70
2019-10-14 09:56:11,170 [main] INFO  volume.HddsVolumeChecker (HddsVolumeChecker.java:checkAllVolumes(204)) - Scheduled health check for volume org.apache.hadoop.ozone.container.common.volume.HddsVolume@5fcfde70
2019-10-14 09:56:11,191 [main] INFO  impl.RaftServerProxy (ConfUtils.java:logGet(43)) - raft.rpc.type = GRPC (default)
2019-10-14 09:56:11,191 [main] INFO  grpc.GrpcFactory (GrpcFactory.java:checkPooledByteBufAllocatorUseCacheForAllThreads(45)) - PERFORMANCE WARNING: useCacheForAllThreads is true that may cause Netty to create a lot garbage objects and, as a result, trigger GC.
	It is recommended to disable useCacheForAllThreads by setting -Dorg.apache.ratis.thirdparty.io.netty.allocator.useCacheForAllThreads=false in command line.
2019-10-14 09:56:11,191 [main] INFO  grpc.GrpcConfigKeys$Server (ConfUtils.java:logGet(43)) - raft.grpc.server.port = 0 (default)
2019-10-14 09:56:11,191 [main] INFO  server.GrpcService (ConfUtils.java:logGet(43)) - raft.grpc.message.size.max = 33570816 (custom)
2019-10-14 09:56:11,192 [main] INFO  server.RaftServerConfigKeys (ConfUtils.java:logGet(43)) - raft.server.log.appender.buffer.byte-limit = 33554432 (custom)
2019-10-14 09:56:11,192 [main] INFO  server.GrpcService (ConfUtils.java:logGet(43)) - raft.grpc.flow.control.window = 1MB (=1048576) (default)
2019-10-14 09:56:11,192 [main] INFO  server.RaftServerConfigKeys (ConfUtils.java:logGet(43)) - raft.server.rpc.request.timeout = 3000ms (default)
2019-10-14 09:56:11,193 [main] INFO  server.RaftServerConfigKeys (ConfUtils.java:logGet(43)) - raft.server.storage.dir = [/workdir/hadoop-ozone/integration-test/target/test-dir/MiniOzoneClusterImpl-2d6df893-75cb-4c24-b206-748970ef4ec9/datanode-2/data/ratis] (custom)
2019-10-14 09:56:11,195 [main] INFO  hdfs.DFSUtil (DFSUtil.java:httpServerTemplateForNNAndJN(1641)) - Starting Web-server for hddsDatanode at: http://0.0.0.0:0
2019-10-14 09:56:11,195 [Datanode State Machine Thread - 0] INFO  datanode.InitDatanodeState (InitDatanodeState.java:persistContainerDatanodeDetails(140)) - DatanodeDetails is persisted to /workdir/hadoop-ozone/integration-test/target/test-dir/MiniOzoneClusterImpl-2d6df893-75cb-4c24-b206-748970ef4ec9/datanode-0/meta/datanode.id
2019-10-14 09:56:11,196 [main] INFO  server.AuthenticationFilter (AuthenticationFilter.java:constructSecretProvider(240)) - Unable to initialize FileSignerSecretProvider, falling back to use random secrets.
2019-10-14 09:56:11,198 [main] WARN  http.HttpRequestLog (HttpRequestLog.java:getRequestLog(97)) - Jetty request log can only be enabled using Log4j
2019-10-14 09:56:11,198 [Datanode State Machine Thread - 0] INFO  datanode.InitDatanodeState (InitDatanodeState.java:persistContainerDatanodeDetails(140)) - DatanodeDetails is persisted to /workdir/hadoop-ozone/integration-test/target/test-dir/MiniOzoneClusterImpl-2d6df893-75cb-4c24-b206-748970ef4ec9/datanode-1/meta/datanode.id
2019-10-14 09:56:11,199 [main] INFO  http.HttpServer2 (HttpServer2.java:addGlobalFilter(975)) - Added global filter 'safety' (class=org.apache.hadoop.http.HttpServer2$QuotingInputFilter)
2019-10-14 09:56:11,200 [main] INFO  http.HttpServer2 (HttpServer2.java:addFilter(948)) - Added filter static_user_filter (class=org.apache.hadoop.http.lib.StaticUserWebFilter$StaticUserFilter) to context hddsDatanode
2019-10-14 09:56:11,200 [main] INFO  http.HttpServer2 (HttpServer2.java:addFilter(958)) - Added filter static_user_filter (class=org.apache.hadoop.http.lib.StaticUserWebFilter$StaticUserFilter) to context logs
2019-10-14 09:56:11,200 [main] INFO  http.HttpServer2 (HttpServer2.java:addFilter(958)) - Added filter static_user_filter (class=org.apache.hadoop.http.lib.StaticUserWebFilter$StaticUserFilter) to context static
2019-10-14 09:56:11,201 [main] INFO  http.HttpServer2 (HttpServer2.java:bindListener(1191)) - Jetty bound to port 43036
2019-10-14 09:56:11,201 [main] INFO  server.Server (Server.java:doStart(351)) - jetty-9.3.25.v20180904, build timestamp: 2018-09-04T21:11:46Z, git hash: 3ce520221d0240229c862b122d2b06c12a625732
2019-10-14 09:56:11,203 [main] INFO  handler.ContextHandler (ContextHandler.java:doStart(781)) - Started o.e.j.s.ServletContextHandler@6dcc40f5{/logs,file:///workdir/hadoop-ozone/integration-test/target/log,AVAILABLE}
2019-10-14 09:56:11,203 [main] INFO  handler.ContextHandler (ContextHandler.java:doStart(781)) - Started o.e.j.s.ServletContextHandler@70887727{/static,jar:file:/home/user/.m2/repository/org/apache/hadoop/hadoop-hdds-container-service/0.5.0-SNAPSHOT/hadoop-hdds-container-service-0.5.0-SNAPSHOT.jar!/webapps/static,AVAILABLE}
2019-10-14 09:56:11,233 [main] INFO  handler.ContextHandler (ContextHandler.java:doStart(781)) - Started o.e.j.w.WebAppContext@6540cf1d{/,file:///tmp/jetty-0.0.0.0-43036-hddsDatanode-_-any-3918918994501740587.dir/webapp/,AVAILABLE}{/hddsDatanode}
2019-10-14 09:56:11,234 [main] INFO  server.AbstractConnector (AbstractConnector.java:doStart(278)) - Started ServerConnector@ec8f4b9{HTTP/1.1,[http/1.1]}{0.0.0.0:43036}
2019-10-14 09:56:11,234 [main] INFO  server.Server (Server.java:doStart(419)) - Started @5423ms
2019-10-14 09:56:11,234 [main] WARN  impl.MetricsSystemImpl (MetricsSystemImpl.java:register(276)) - Sink prometheus already exists!
2019-10-14 09:56:11,235 [main] INFO  server.BaseHttpServer (BaseHttpServer.java:updateConnectorAddress(215)) - HTTP server of HDDSDATANODE is listening at http://0.0.0.0:43036
2019-10-14 09:56:11,235 [main] INFO  impl.MetricsSystemImpl (MetricsSystemImpl.java:init(158)) - HddsDatanode metrics system started (again)
2019-10-14 09:56:11,238 [org.apache.hadoop.util.JvmPauseMonitor$Monitor@652775f1] INFO  util.JvmPauseMonitor (JvmPauseMonitor.java:run(188)) - Starting JVM pause monitor
2019-10-14 09:56:11,238 [main] INFO  ozone.HddsDatanodeService (HddsDatanodeService.java:start(184)) - HddsDatanodeService host:pr-hdds-2295-pn7hw-3586430783 ip:192.168.151.98
2019-10-14 09:56:11,240 [Datanode State Machine Thread - 0] INFO  datanode.InitDatanodeState (InitDatanodeState.java:persistContainerDatanodeDetails(140)) - DatanodeDetails is persisted to /workdir/hadoop-ozone/integration-test/target/test-dir/MiniOzoneClusterImpl-2d6df893-75cb-4c24-b206-748970ef4ec9/datanode-2/meta/datanode.id
2019-10-14 09:56:11,244 [main] INFO  volume.HddsVolume (HddsVolume.java:<init>(176)) - Creating Volume: /workdir/hadoop-ozone/integration-test/target/test-dir/MiniOzoneClusterImpl-2d6df893-75cb-4c24-b206-748970ef4ec9/datanode-3/data/containers/hdds of  storage type : DISK and capacity : 1482555576320
2019-10-14 09:56:11,244 [main] INFO  volume.VolumeSet (VolumeSet.java:initializeVolumeSet(170)) - Added Volume : /workdir/hadoop-ozone/integration-test/target/test-dir/MiniOzoneClusterImpl-2d6df893-75cb-4c24-b206-748970ef4ec9/datanode-3/data/containers/hdds to VolumeSet
2019-10-14 09:56:11,244 [main] INFO  volume.ThrottledAsyncChecker (ThrottledAsyncChecker.java:schedule(141)) - Scheduling a check for org.apache.hadoop.ozone.container.common.volume.HddsVolume@1f6917fb
2019-10-14 09:56:11,245 [main] INFO  volume.HddsVolumeChecker (HddsVolumeChecker.java:checkAllVolumes(204)) - Scheduled health check for volume org.apache.hadoop.ozone.container.common.volume.HddsVolume@1f6917fb
2019-10-14 09:56:11,258 [main] INFO  impl.RaftServerProxy (ConfUtils.java:logGet(43)) - raft.rpc.type = GRPC (default)
2019-10-14 09:56:11,258 [main] INFO  grpc.GrpcFactory (GrpcFactory.java:checkPooledByteBufAllocatorUseCacheForAllThreads(45)) - PERFORMANCE WARNING: useCacheForAllThreads is true that may cause Netty to create a lot garbage objects and, as a result, trigger GC.
	It is recommended to disable useCacheForAllThreads by setting -Dorg.apache.ratis.thirdparty.io.netty.allocator.useCacheForAllThreads=false in command line.
2019-10-14 09:56:11,258 [main] INFO  grpc.GrpcConfigKeys$Server (ConfUtils.java:logGet(43)) - raft.grpc.server.port = 0 (default)
2019-10-14 09:56:11,259 [main] INFO  server.GrpcService (ConfUtils.java:logGet(43)) - raft.grpc.message.size.max = 33570816 (custom)
2019-10-14 09:56:11,259 [main] INFO  server.RaftServerConfigKeys (ConfUtils.java:logGet(43)) - raft.server.log.appender.buffer.byte-limit = 33554432 (custom)
2019-10-14 09:56:11,259 [main] INFO  server.GrpcService (ConfUtils.java:logGet(43)) - raft.grpc.flow.control.window = 1MB (=1048576) (default)
2019-10-14 09:56:11,259 [main] INFO  server.RaftServerConfigKeys (ConfUtils.java:logGet(43)) - raft.server.rpc.request.timeout = 3000ms (default)
2019-10-14 09:56:11,260 [main] INFO  server.RaftServerConfigKeys (ConfUtils.java:logGet(43)) - raft.server.storage.dir = [/workdir/hadoop-ozone/integration-test/target/test-dir/MiniOzoneClusterImpl-2d6df893-75cb-4c24-b206-748970ef4ec9/datanode-3/data/ratis] (custom)
2019-10-14 09:56:11,261 [main] INFO  hdfs.DFSUtil (DFSUtil.java:httpServerTemplateForNNAndJN(1641)) - Starting Web-server for hddsDatanode at: http://0.0.0.0:0
2019-10-14 09:56:11,263 [main] INFO  server.AuthenticationFilter (AuthenticationFilter.java:constructSecretProvider(240)) - Unable to initialize FileSignerSecretProvider, falling back to use random secrets.
2019-10-14 09:56:11,263 [main] WARN  http.HttpRequestLog (HttpRequestLog.java:getRequestLog(97)) - Jetty request log can only be enabled using Log4j
2019-10-14 09:56:11,264 [main] INFO  http.HttpServer2 (HttpServer2.java:addGlobalFilter(975)) - Added global filter 'safety' (class=org.apache.hadoop.http.HttpServer2$QuotingInputFilter)
2019-10-14 09:56:11,265 [main] INFO  http.HttpServer2 (HttpServer2.java:addFilter(948)) - Added filter static_user_filter (class=org.apache.hadoop.http.lib.StaticUserWebFilter$StaticUserFilter) to context hddsDatanode
2019-10-14 09:56:11,265 [main] INFO  http.HttpServer2 (HttpServer2.java:addFilter(958)) - Added filter static_user_filter (class=org.apache.hadoop.http.lib.StaticUserWebFilter$StaticUserFilter) to context logs
2019-10-14 09:56:11,265 [main] INFO  http.HttpServer2 (HttpServer2.java:addFilter(958)) - Added filter static_user_filter (class=org.apache.hadoop.http.lib.StaticUserWebFilter$StaticUserFilter) to context static
2019-10-14 09:56:11,266 [main] INFO  http.HttpServer2 (HttpServer2.java:bindListener(1191)) - Jetty bound to port 43247
2019-10-14 09:56:11,266 [main] INFO  server.Server (Server.java:doStart(351)) - jetty-9.3.25.v20180904, build timestamp: 2018-09-04T21:11:46Z, git hash: 3ce520221d0240229c862b122d2b06c12a625732
2019-10-14 09:56:11,270 [main] INFO  handler.ContextHandler (ContextHandler.java:doStart(781)) - Started o.e.j.s.ServletContextHandler@4e1a46fb{/logs,file:///workdir/hadoop-ozone/integration-test/target/log,AVAILABLE}
2019-10-14 09:56:11,270 [main] INFO  handler.ContextHandler (ContextHandler.java:doStart(781)) - Started o.e.j.s.ServletContextHandler@20ab3e3a{/static,jar:file:/home/user/.m2/repository/org/apache/hadoop/hadoop-hdds-container-service/0.5.0-SNAPSHOT/hadoop-hdds-container-service-0.5.0-SNAPSHOT.jar!/webapps/static,AVAILABLE}
2019-10-14 09:56:11,299 [main] INFO  handler.ContextHandler (ContextHandler.java:doStart(781)) - Started o.e.j.w.WebAppContext@2f897dab{/,file:///tmp/jetty-0.0.0.0-43247-hddsDatanode-_-any-7231855135215912078.dir/webapp/,AVAILABLE}{/hddsDatanode}
2019-10-14 09:56:11,300 [main] INFO  server.AbstractConnector (AbstractConnector.java:doStart(278)) - Started ServerConnector@d5d5353{HTTP/1.1,[http/1.1]}{0.0.0.0:43247}
2019-10-14 09:56:11,301 [main] INFO  server.Server (Server.java:doStart(419)) - Started @5490ms
2019-10-14 09:56:11,301 [main] WARN  impl.MetricsSystemImpl (MetricsSystemImpl.java:register(276)) - Sink prometheus already exists!
2019-10-14 09:56:11,302 [main] INFO  server.BaseHttpServer (BaseHttpServer.java:updateConnectorAddress(215)) - HTTP server of HDDSDATANODE is listening at http://0.0.0.0:43247
2019-10-14 09:56:11,302 [main] INFO  impl.MetricsSystemImpl (MetricsSystemImpl.java:init(158)) - HddsDatanode metrics system started (again)
2019-10-14 09:56:11,305 [org.apache.hadoop.util.JvmPauseMonitor$Monitor@76930181] INFO  util.JvmPauseMonitor (JvmPauseMonitor.java:run(188)) - Starting JVM pause monitor
2019-10-14 09:56:11,306 [main] INFO  ozone.HddsDatanodeService (HddsDatanodeService.java:start(184)) - HddsDatanodeService host:pr-hdds-2295-pn7hw-3586430783 ip:192.168.151.98
2019-10-14 09:56:11,314 [main] INFO  volume.HddsVolume (HddsVolume.java:<init>(176)) - Creating Volume: /workdir/hadoop-ozone/integration-test/target/test-dir/MiniOzoneClusterImpl-2d6df893-75cb-4c24-b206-748970ef4ec9/datanode-4/data/containers/hdds of  storage type : DISK and capacity : 1482555576320
2019-10-14 09:56:11,314 [main] INFO  volume.VolumeSet (VolumeSet.java:initializeVolumeSet(170)) - Added Volume : /workdir/hadoop-ozone/integration-test/target/test-dir/MiniOzoneClusterImpl-2d6df893-75cb-4c24-b206-748970ef4ec9/datanode-4/data/containers/hdds to VolumeSet
2019-10-14 09:56:11,315 [main] INFO  volume.ThrottledAsyncChecker (ThrottledAsyncChecker.java:schedule(141)) - Scheduling a check for org.apache.hadoop.ozone.container.common.volume.HddsVolume@1cc680e
2019-10-14 09:56:11,315 [main] INFO  volume.HddsVolumeChecker (HddsVolumeChecker.java:checkAllVolumes(204)) - Scheduled health check for volume org.apache.hadoop.ozone.container.common.volume.HddsVolume@1cc680e
2019-10-14 09:56:11,315 [Datanode State Machine Thread - 0] INFO  datanode.InitDatanodeState (InitDatanodeState.java:persistContainerDatanodeDetails(140)) - DatanodeDetails is persisted to /workdir/hadoop-ozone/integration-test/target/test-dir/MiniOzoneClusterImpl-2d6df893-75cb-4c24-b206-748970ef4ec9/datanode-3/meta/datanode.id
2019-10-14 09:56:11,328 [main] INFO  impl.RaftServerProxy (ConfUtils.java:logGet(43)) - raft.rpc.type = GRPC (default)
2019-10-14 09:56:11,329 [main] INFO  grpc.GrpcFactory (GrpcFactory.java:checkPooledByteBufAllocatorUseCacheForAllThreads(45)) - PERFORMANCE WARNING: useCacheForAllThreads is true that may cause Netty to create a lot garbage objects and, as a result, trigger GC.
	It is recommended to disable useCacheForAllThreads by setting -Dorg.apache.ratis.thirdparty.io.netty.allocator.useCacheForAllThreads=false in command line.
2019-10-14 09:56:11,329 [main] INFO  grpc.GrpcConfigKeys$Server (ConfUtils.java:logGet(43)) - raft.grpc.server.port = 0 (default)
2019-10-14 09:56:11,329 [main] INFO  server.GrpcService (ConfUtils.java:logGet(43)) - raft.grpc.message.size.max = 33570816 (custom)
2019-10-14 09:56:11,329 [main] INFO  server.RaftServerConfigKeys (ConfUtils.java:logGet(43)) - raft.server.log.appender.buffer.byte-limit = 33554432 (custom)
2019-10-14 09:56:11,330 [main] INFO  server.GrpcService (ConfUtils.java:logGet(43)) - raft.grpc.flow.control.window = 1MB (=1048576) (default)
2019-10-14 09:56:11,330 [main] INFO  server.RaftServerConfigKeys (ConfUtils.java:logGet(43)) - raft.server.rpc.request.timeout = 3000ms (default)
2019-10-14 09:56:11,330 [main] INFO  server.RaftServerConfigKeys (ConfUtils.java:logGet(43)) - raft.server.storage.dir = [/workdir/hadoop-ozone/integration-test/target/test-dir/MiniOzoneClusterImpl-2d6df893-75cb-4c24-b206-748970ef4ec9/datanode-4/data/ratis] (custom)
2019-10-14 09:56:11,332 [main] INFO  hdfs.DFSUtil (DFSUtil.java:httpServerTemplateForNNAndJN(1641)) - Starting Web-server for hddsDatanode at: http://0.0.0.0:0
2019-10-14 09:56:11,333 [main] INFO  server.AuthenticationFilter (AuthenticationFilter.java:constructSecretProvider(240)) - Unable to initialize FileSignerSecretProvider, falling back to use random secrets.
2019-10-14 09:56:11,334 [main] WARN  http.HttpRequestLog (HttpRequestLog.java:getRequestLog(97)) - Jetty request log can only be enabled using Log4j
2019-10-14 09:56:11,336 [main] INFO  http.HttpServer2 (HttpServer2.java:addGlobalFilter(975)) - Added global filter 'safety' (class=org.apache.hadoop.http.HttpServer2$QuotingInputFilter)
2019-10-14 09:56:11,336 [main] INFO  http.HttpServer2 (HttpServer2.java:addFilter(948)) - Added filter static_user_filter (class=org.apache.hadoop.http.lib.StaticUserWebFilter$StaticUserFilter) to context hddsDatanode
2019-10-14 09:56:11,336 [main] INFO  http.HttpServer2 (HttpServer2.java:addFilter(958)) - Added filter static_user_filter (class=org.apache.hadoop.http.lib.StaticUserWebFilter$StaticUserFilter) to context static
2019-10-14 09:56:11,337 [main] INFO  http.HttpServer2 (HttpServer2.java:addFilter(958)) - Added filter static_user_filter (class=org.apache.hadoop.http.lib.StaticUserWebFilter$StaticUserFilter) to context logs
2019-10-14 09:56:11,337 [main] INFO  http.HttpServer2 (HttpServer2.java:bindListener(1191)) - Jetty bound to port 39566
2019-10-14 09:56:11,337 [main] INFO  server.Server (Server.java:doStart(351)) - jetty-9.3.25.v20180904, build timestamp: 2018-09-04T21:11:46Z, git hash: 3ce520221d0240229c862b122d2b06c12a625732
2019-10-14 09:56:11,339 [main] INFO  handler.ContextHandler (ContextHandler.java:doStart(781)) - Started o.e.j.s.ServletContextHandler@4f89331f{/logs,file:///workdir/hadoop-ozone/integration-test/target/log,AVAILABLE}
2019-10-14 09:56:11,339 [main] INFO  handler.ContextHandler (ContextHandler.java:doStart(781)) - Started o.e.j.s.ServletContextHandler@16727bf0{/static,jar:file:/home/user/.m2/repository/org/apache/hadoop/hadoop-hdds-container-service/0.5.0-SNAPSHOT/hadoop-hdds-container-service-0.5.0-SNAPSHOT.jar!/webapps/static,AVAILABLE}
2019-10-14 09:56:11,367 [main] INFO  handler.ContextHandler (ContextHandler.java:doStart(781)) - Started o.e.j.w.WebAppContext@f1d0004{/,file:///tmp/jetty-0.0.0.0-39566-hddsDatanode-_-any-736596991492894812.dir/webapp/,AVAILABLE}{/hddsDatanode}
2019-10-14 09:56:11,368 [main] INFO  server.AbstractConnector (AbstractConnector.java:doStart(278)) - Started ServerConnector@6e4f263e{HTTP/1.1,[http/1.1]}{0.0.0.0:39566}
2019-10-14 09:56:11,368 [main] INFO  server.Server (Server.java:doStart(419)) - Started @5558ms
2019-10-14 09:56:11,369 [main] WARN  impl.MetricsSystemImpl (MetricsSystemImpl.java:register(276)) - Sink prometheus already exists!
2019-10-14 09:56:11,369 [main] INFO  server.BaseHttpServer (BaseHttpServer.java:updateConnectorAddress(215)) - HTTP server of HDDSDATANODE is listening at http://0.0.0.0:39566
2019-10-14 09:56:11,370 [main] INFO  impl.MetricsSystemImpl (MetricsSystemImpl.java:init(158)) - HddsDatanode metrics system started (again)
2019-10-14 09:56:11,373 [main] INFO  ozone.HddsDatanodeService (HddsDatanodeService.java:start(184)) - HddsDatanodeService host:pr-hdds-2295-pn7hw-3586430783 ip:192.168.151.98
2019-10-14 09:56:11,374 [org.apache.hadoop.util.JvmPauseMonitor$Monitor@4f41acf2] INFO  util.JvmPauseMonitor (JvmPauseMonitor.java:run(188)) - Starting JVM pause monitor
2019-10-14 09:56:11,377 [Datanode State Machine Thread - 0] INFO  datanode.InitDatanodeState (InitDatanodeState.java:persistContainerDatanodeDetails(140)) - DatanodeDetails is persisted to /workdir/hadoop-ozone/integration-test/target/test-dir/MiniOzoneClusterImpl-2d6df893-75cb-4c24-b206-748970ef4ec9/datanode-4/meta/datanode.id
2019-10-14 09:56:11,382 [main] INFO  volume.HddsVolume (HddsVolume.java:<init>(176)) - Creating Volume: /workdir/hadoop-ozone/integration-test/target/test-dir/MiniOzoneClusterImpl-2d6df893-75cb-4c24-b206-748970ef4ec9/datanode-5/data/containers/hdds of  storage type : DISK and capacity : 1482555576320
2019-10-14 09:56:11,382 [main] INFO  volume.VolumeSet (VolumeSet.java:initializeVolumeSet(170)) - Added Volume : /workdir/hadoop-ozone/integration-test/target/test-dir/MiniOzoneClusterImpl-2d6df893-75cb-4c24-b206-748970ef4ec9/datanode-5/data/containers/hdds to VolumeSet
2019-10-14 09:56:11,382 [main] INFO  volume.ThrottledAsyncChecker (ThrottledAsyncChecker.java:schedule(141)) - Scheduling a check for org.apache.hadoop.ozone.container.common.volume.HddsVolume@51d387d3
2019-10-14 09:56:11,383 [main] INFO  volume.HddsVolumeChecker (HddsVolumeChecker.java:checkAllVolumes(204)) - Scheduled health check for volume org.apache.hadoop.ozone.container.common.volume.HddsVolume@51d387d3
2019-10-14 09:56:11,399 [main] INFO  impl.RaftServerProxy (ConfUtils.java:logGet(43)) - raft.rpc.type = GRPC (default)
2019-10-14 09:56:11,400 [main] INFO  grpc.GrpcFactory (GrpcFactory.java:checkPooledByteBufAllocatorUseCacheForAllThreads(45)) - PERFORMANCE WARNING: useCacheForAllThreads is true that may cause Netty to create a lot garbage objects and, as a result, trigger GC.
	It is recommended to disable useCacheForAllThreads by setting -Dorg.apache.ratis.thirdparty.io.netty.allocator.useCacheForAllThreads=false in command line.
2019-10-14 09:56:11,400 [main] INFO  grpc.GrpcConfigKeys$Server (ConfUtils.java:logGet(43)) - raft.grpc.server.port = 0 (default)
2019-10-14 09:56:11,400 [main] INFO  server.GrpcService (ConfUtils.java:logGet(43)) - raft.grpc.message.size.max = 33570816 (custom)
2019-10-14 09:56:11,400 [main] INFO  server.RaftServerConfigKeys (ConfUtils.java:logGet(43)) - raft.server.log.appender.buffer.byte-limit = 33554432 (custom)
2019-10-14 09:56:11,400 [main] INFO  server.GrpcService (ConfUtils.java:logGet(43)) - raft.grpc.flow.control.window = 1MB (=1048576) (default)
2019-10-14 09:56:11,401 [main] INFO  server.RaftServerConfigKeys (ConfUtils.java:logGet(43)) - raft.server.rpc.request.timeout = 3000ms (default)
2019-10-14 09:56:11,402 [main] INFO  server.RaftServerConfigKeys (ConfUtils.java:logGet(43)) - raft.server.storage.dir = [/workdir/hadoop-ozone/integration-test/target/test-dir/MiniOzoneClusterImpl-2d6df893-75cb-4c24-b206-748970ef4ec9/datanode-5/data/ratis] (custom)
2019-10-14 09:56:11,403 [main] INFO  hdfs.DFSUtil (DFSUtil.java:httpServerTemplateForNNAndJN(1641)) - Starting Web-server for hddsDatanode at: http://0.0.0.0:0
2019-10-14 09:56:11,405 [main] INFO  server.AuthenticationFilter (AuthenticationFilter.java:constructSecretProvider(240)) - Unable to initialize FileSignerSecretProvider, falling back to use random secrets.
2019-10-14 09:56:11,405 [main] WARN  http.HttpRequestLog (HttpRequestLog.java:getRequestLog(97)) - Jetty request log can only be enabled using Log4j
2019-10-14 09:56:11,406 [main] INFO  http.HttpServer2 (HttpServer2.java:addGlobalFilter(975)) - Added global filter 'safety' (class=org.apache.hadoop.http.HttpServer2$QuotingInputFilter)
2019-10-14 09:56:11,407 [main] INFO  http.HttpServer2 (HttpServer2.java:addFilter(948)) - Added filter static_user_filter (class=org.apache.hadoop.http.lib.StaticUserWebFilter$StaticUserFilter) to context hddsDatanode
2019-10-14 09:56:11,407 [main] INFO  http.HttpServer2 (HttpServer2.java:addFilter(958)) - Added filter static_user_filter (class=org.apache.hadoop.http.lib.StaticUserWebFilter$StaticUserFilter) to context logs
2019-10-14 09:56:11,407 [main] INFO  http.HttpServer2 (HttpServer2.java:addFilter(958)) - Added filter static_user_filter (class=org.apache.hadoop.http.lib.StaticUserWebFilter$StaticUserFilter) to context static
2019-10-14 09:56:11,408 [main] INFO  http.HttpServer2 (HttpServer2.java:bindListener(1191)) - Jetty bound to port 34512
2019-10-14 09:56:11,408 [main] INFO  server.Server (Server.java:doStart(351)) - jetty-9.3.25.v20180904, build timestamp: 2018-09-04T21:11:46Z, git hash: 3ce520221d0240229c862b122d2b06c12a625732
2019-10-14 09:56:11,410 [main] INFO  handler.ContextHandler (ContextHandler.java:doStart(781)) - Started o.e.j.s.ServletContextHandler@12d5c30e{/logs,file:///workdir/hadoop-ozone/integration-test/target/log,AVAILABLE}
2019-10-14 09:56:11,410 [main] INFO  handler.ContextHandler (ContextHandler.java:doStart(781)) - Started o.e.j.s.ServletContextHandler@26586b74{/static,jar:file:/home/user/.m2/repository/org/apache/hadoop/hadoop-hdds-container-service/0.5.0-SNAPSHOT/hadoop-hdds-container-service-0.5.0-SNAPSHOT.jar!/webapps/static,AVAILABLE}
2019-10-14 09:56:11,441 [main] INFO  handler.ContextHandler (ContextHandler.java:doStart(781)) - Started o.e.j.w.WebAppContext@ae2db25{/,file:///tmp/jetty-0.0.0.0-34512-hddsDatanode-_-any-3288439339581672310.dir/webapp/,AVAILABLE}{/hddsDatanode}
2019-10-14 09:56:11,442 [main] INFO  server.AbstractConnector (AbstractConnector.java:doStart(278)) - Started ServerConnector@363c4251{HTTP/1.1,[http/1.1]}{0.0.0.0:34512}
2019-10-14 09:56:11,443 [main] INFO  server.Server (Server.java:doStart(419)) - Started @5632ms
2019-10-14 09:56:11,443 [main] WARN  impl.MetricsSystemImpl (MetricsSystemImpl.java:register(276)) - Sink prometheus already exists!
2019-10-14 09:56:11,444 [main] INFO  server.BaseHttpServer (BaseHttpServer.java:updateConnectorAddress(215)) - HTTP server of HDDSDATANODE is listening at http://0.0.0.0:34512
2019-10-14 09:56:11,444 [main] INFO  impl.MetricsSystemImpl (MetricsSystemImpl.java:init(158)) - HddsDatanode metrics system started (again)
2019-10-14 09:56:11,448 [org.apache.hadoop.util.JvmPauseMonitor$Monitor@49038189] INFO  util.JvmPauseMonitor (JvmPauseMonitor.java:run(188)) - Starting JVM pause monitor
2019-10-14 09:56:11,448 [main] INFO  ozone.HddsDatanodeService (HddsDatanodeService.java:start(184)) - HddsDatanodeService host:pr-hdds-2295-pn7hw-3586430783 ip:192.168.151.98
2019-10-14 09:56:11,451 [Datanode State Machine Thread - 0] INFO  datanode.InitDatanodeState (InitDatanodeState.java:persistContainerDatanodeDetails(140)) - DatanodeDetails is persisted to /workdir/hadoop-ozone/integration-test/target/test-dir/MiniOzoneClusterImpl-2d6df893-75cb-4c24-b206-748970ef4ec9/datanode-5/meta/datanode.id
2019-10-14 09:56:11,457 [main] INFO  volume.HddsVolume (HddsVolume.java:<init>(176)) - Creating Volume: /workdir/hadoop-ozone/integration-test/target/test-dir/MiniOzoneClusterImpl-2d6df893-75cb-4c24-b206-748970ef4ec9/datanode-6/data/containers/hdds of  storage type : DISK and capacity : 1482555576320
2019-10-14 09:56:11,458 [main] INFO  volume.VolumeSet (VolumeSet.java:initializeVolumeSet(170)) - Added Volume : /workdir/hadoop-ozone/integration-test/target/test-dir/MiniOzoneClusterImpl-2d6df893-75cb-4c24-b206-748970ef4ec9/datanode-6/data/containers/hdds to VolumeSet
2019-10-14 09:56:11,458 [main] INFO  volume.ThrottledAsyncChecker (ThrottledAsyncChecker.java:schedule(141)) - Scheduling a check for org.apache.hadoop.ozone.container.common.volume.HddsVolume@1f9f381d
2019-10-14 09:56:11,458 [main] INFO  volume.HddsVolumeChecker (HddsVolumeChecker.java:checkAllVolumes(204)) - Scheduled health check for volume org.apache.hadoop.ozone.container.common.volume.HddsVolume@1f9f381d
2019-10-14 09:56:11,472 [main] INFO  impl.RaftServerProxy (ConfUtils.java:logGet(43)) - raft.rpc.type = GRPC (default)
2019-10-14 09:56:11,472 [main] INFO  grpc.GrpcFactory (GrpcFactory.java:checkPooledByteBufAllocatorUseCacheForAllThreads(45)) - PERFORMANCE WARNING: useCacheForAllThreads is true that may cause Netty to create a lot garbage objects and, as a result, trigger GC.
	It is recommended to disable useCacheForAllThreads by setting -Dorg.apache.ratis.thirdparty.io.netty.allocator.useCacheForAllThreads=false in command line.
2019-10-14 09:56:11,472 [main] INFO  grpc.GrpcConfigKeys$Server (ConfUtils.java:logGet(43)) - raft.grpc.server.port = 0 (default)
2019-10-14 09:56:11,472 [main] INFO  server.GrpcService (ConfUtils.java:logGet(43)) - raft.grpc.message.size.max = 33570816 (custom)
2019-10-14 09:56:11,473 [main] INFO  server.RaftServerConfigKeys (ConfUtils.java:logGet(43)) - raft.server.log.appender.buffer.byte-limit = 33554432 (custom)
2019-10-14 09:56:11,473 [main] INFO  server.GrpcService (ConfUtils.java:logGet(43)) - raft.grpc.flow.control.window = 1MB (=1048576) (default)
2019-10-14 09:56:11,473 [main] INFO  server.RaftServerConfigKeys (ConfUtils.java:logGet(43)) - raft.server.rpc.request.timeout = 3000ms (default)
2019-10-14 09:56:11,473 [main] INFO  server.RaftServerConfigKeys (ConfUtils.java:logGet(43)) - raft.server.storage.dir = [/workdir/hadoop-ozone/integration-test/target/test-dir/MiniOzoneClusterImpl-2d6df893-75cb-4c24-b206-748970ef4ec9/datanode-6/data/ratis] (custom)
2019-10-14 09:56:11,475 [main] INFO  hdfs.DFSUtil (DFSUtil.java:httpServerTemplateForNNAndJN(1641)) - Starting Web-server for hddsDatanode at: http://0.0.0.0:0
2019-10-14 09:56:11,476 [main] INFO  server.AuthenticationFilter (AuthenticationFilter.java:constructSecretProvider(240)) - Unable to initialize FileSignerSecretProvider, falling back to use random secrets.
2019-10-14 09:56:11,477 [main] WARN  http.HttpRequestLog (HttpRequestLog.java:getRequestLog(97)) - Jetty request log can only be enabled using Log4j
2019-10-14 09:56:11,478 [main] INFO  http.HttpServer2 (HttpServer2.java:addGlobalFilter(975)) - Added global filter 'safety' (class=org.apache.hadoop.http.HttpServer2$QuotingInputFilter)
2019-10-14 09:56:11,478 [main] INFO  http.HttpServer2 (HttpServer2.java:addFilter(948)) - Added filter static_user_filter (class=org.apache.hadoop.http.lib.StaticUserWebFilter$StaticUserFilter) to context hddsDatanode
2019-10-14 09:56:11,479 [main] INFO  http.HttpServer2 (HttpServer2.java:addFilter(958)) - Added filter static_user_filter (class=org.apache.hadoop.http.lib.StaticUserWebFilter$StaticUserFilter) to context logs
2019-10-14 09:56:11,479 [main] INFO  http.HttpServer2 (HttpServer2.java:addFilter(958)) - Added filter static_user_filter (class=org.apache.hadoop.http.lib.StaticUserWebFilter$StaticUserFilter) to context static
2019-10-14 09:56:11,479 [main] INFO  http.HttpServer2 (HttpServer2.java:bindListener(1191)) - Jetty bound to port 43315
2019-10-14 09:56:11,480 [main] INFO  server.Server (Server.java:doStart(351)) - jetty-9.3.25.v20180904, build timestamp: 2018-09-04T21:11:46Z, git hash: 3ce520221d0240229c862b122d2b06c12a625732
2019-10-14 09:56:11,481 [main] INFO  handler.ContextHandler (ContextHandler.java:doStart(781)) - Started o.e.j.s.ServletContextHandler@7dbe2ebf{/logs,file:///workdir/hadoop-ozone/integration-test/target/log,AVAILABLE}
2019-10-14 09:56:11,482 [main] INFO  handler.ContextHandler (ContextHandler.java:doStart(781)) - Started o.e.j.s.ServletContextHandler@885e7ff{/static,jar:file:/home/user/.m2/repository/org/apache/hadoop/hadoop-hdds-container-service/0.5.0-SNAPSHOT/hadoop-hdds-container-service-0.5.0-SNAPSHOT.jar!/webapps/static,AVAILABLE}
2019-10-14 09:56:11,512 [main] INFO  handler.ContextHandler (ContextHandler.java:doStart(781)) - Started o.e.j.w.WebAppContext@6a818392{/,file:///tmp/jetty-0.0.0.0-43315-hddsDatanode-_-any-5417581110622057602.dir/webapp/,AVAILABLE}{/hddsDatanode}
2019-10-14 09:56:11,514 [main] INFO  server.AbstractConnector (AbstractConnector.java:doStart(278)) - Started ServerConnector@489091bd{HTTP/1.1,[http/1.1]}{0.0.0.0:43315}
2019-10-14 09:56:11,515 [main] INFO  server.Server (Server.java:doStart(419)) - Started @5704ms
2019-10-14 09:56:11,515 [main] WARN  impl.MetricsSystemImpl (MetricsSystemImpl.java:register(276)) - Sink prometheus already exists!
2019-10-14 09:56:11,516 [main] INFO  server.BaseHttpServer (BaseHttpServer.java:updateConnectorAddress(215)) - HTTP server of HDDSDATANODE is listening at http://0.0.0.0:43315
2019-10-14 09:56:11,519 [main] INFO  ozone.MiniOzoneClusterImpl (MiniOzoneClusterImpl.java:lambda$waitForClusterToBeReady$0(147)) - Waiting for cluster to be ready. Got 0 of 7 DN Heartbeats.
2019-10-14 09:56:11,519 [org.apache.hadoop.util.JvmPauseMonitor$Monitor@2baf20ee] INFO  util.JvmPauseMonitor (JvmPauseMonitor.java:run(188)) - Starting JVM pause monitor
2019-10-14 09:56:11,525 [Datanode State Machine Thread - 0] INFO  datanode.InitDatanodeState (InitDatanodeState.java:persistContainerDatanodeDetails(140)) - DatanodeDetails is persisted to /workdir/hadoop-ozone/integration-test/target/test-dir/MiniOzoneClusterImpl-2d6df893-75cb-4c24-b206-748970ef4ec9/datanode-6/meta/datanode.id
2019-10-14 09:56:12,519 [main] INFO  ozone.MiniOzoneClusterImpl (MiniOzoneClusterImpl.java:lambda$waitForClusterToBeReady$0(147)) - Waiting for cluster to be ready. Got 0 of 7 DN Heartbeats.
2019-10-14 09:56:13,189 [Datanode State Machine Thread - 0] INFO  ozoneimpl.OzoneContainer (OzoneContainer.java:start(213)) - Attempting to start container services.
2019-10-14 09:56:13,189 [Datanode State Machine Thread - 0] INFO  ozoneimpl.OzoneContainer (OzoneContainer.java:start(213)) - Attempting to start container services.
2019-10-14 09:56:13,193 [Datanode State Machine Thread - 0] INFO  ozoneimpl.OzoneContainer (OzoneContainer.java:startContainerScrub(177)) - Background container scanner has been disabled.
2019-10-14 09:56:13,193 [Datanode State Machine Thread - 0] INFO  ozoneimpl.OzoneContainer (OzoneContainer.java:startContainerScrub(177)) - Background container scanner has been disabled.
2019-10-14 09:56:13,193 [Datanode State Machine Thread - 0] INFO  ratis.XceiverServerRatis (XceiverServerRatis.java:start(418)) - Starting XceiverServerRatis 663c650b-dfd3-420f-8c3f-637d4c51479b at port 0
2019-10-14 09:56:13,193 [Datanode State Machine Thread - 0] INFO  ratis.XceiverServerRatis (XceiverServerRatis.java:start(418)) - Starting XceiverServerRatis c8201ea9-c3bc-4c88-a549-caf3a2cf5add at port 0
2019-10-14 09:56:13,220 [Datanode State Machine Thread - 0] INFO  impl.RaftServerProxy (RaftServerProxy.java:lambda$start$3(299)) - c8201ea9-c3bc-4c88-a549-caf3a2cf5add: start RPC server
2019-10-14 09:56:13,220 [Datanode State Machine Thread - 0] INFO  impl.RaftServerProxy (RaftServerProxy.java:lambda$start$3(299)) - 663c650b-dfd3-420f-8c3f-637d4c51479b: start RPC server
2019-10-14 09:56:13,243 [Datanode State Machine Thread - 0] INFO  ozoneimpl.OzoneContainer (OzoneContainer.java:start(213)) - Attempting to start container services.
2019-10-14 09:56:13,251 [Datanode State Machine Thread - 0] INFO  ozoneimpl.OzoneContainer (OzoneContainer.java:startContainerScrub(177)) - Background container scanner has been disabled.
2019-10-14 09:56:13,251 [Datanode State Machine Thread - 0] INFO  ratis.XceiverServerRatis (XceiverServerRatis.java:start(418)) - Starting XceiverServerRatis ea5b9712-cbb3-4773-924e-06a9bcd9ddf4 at port 0
2019-10-14 09:56:13,257 [Datanode State Machine Thread - 0] INFO  impl.RaftServerProxy (RaftServerProxy.java:lambda$start$3(299)) - ea5b9712-cbb3-4773-924e-06a9bcd9ddf4: start RPC server
2019-10-14 09:56:13,320 [Datanode State Machine Thread - 0] INFO  ozoneimpl.OzoneContainer (OzoneContainer.java:start(213)) - Attempting to start container services.
2019-10-14 09:56:13,320 [Datanode State Machine Thread - 0] INFO  ozoneimpl.OzoneContainer (OzoneContainer.java:startContainerScrub(177)) - Background container scanner has been disabled.
2019-10-14 09:56:13,320 [Datanode State Machine Thread - 0] INFO  ratis.XceiverServerRatis (XceiverServerRatis.java:start(418)) - Starting XceiverServerRatis d2730208-fd8e-4977-80a8-483ef143a0fd at port 0
2019-10-14 09:56:13,327 [Datanode State Machine Thread - 0] INFO  impl.RaftServerProxy (RaftServerProxy.java:lambda$start$3(299)) - d2730208-fd8e-4977-80a8-483ef143a0fd: start RPC server
2019-10-14 09:56:13,395 [Datanode State Machine Thread - 0] INFO  ozoneimpl.OzoneContainer (OzoneContainer.java:start(213)) - Attempting to start container services.
2019-10-14 09:56:13,395 [Datanode State Machine Thread - 0] INFO  ozoneimpl.OzoneContainer (OzoneContainer.java:startContainerScrub(177)) - Background container scanner has been disabled.
2019-10-14 09:56:13,396 [Datanode State Machine Thread - 0] INFO  ratis.XceiverServerRatis (XceiverServerRatis.java:start(418)) - Starting XceiverServerRatis f26223fc-bc4e-4a9a-90c4-64b7cc04c2c0 at port 0
2019-10-14 09:56:13,399 [Datanode State Machine Thread - 0] INFO  server.GrpcService (GrpcService.java:startImpl(158)) - ea5b9712-cbb3-4773-924e-06a9bcd9ddf4: GrpcService started, listening on 0.0.0.0/0.0.0.0:33305
2019-10-14 09:56:13,399 [Datanode State Machine Thread - 0] INFO  server.GrpcService (GrpcService.java:startImpl(158)) - 663c650b-dfd3-420f-8c3f-637d4c51479b: GrpcService started, listening on 0.0.0.0/0.0.0.0:36938
2019-10-14 09:56:13,399 [Datanode State Machine Thread - 0] INFO  server.GrpcService (GrpcService.java:startImpl(158)) - c8201ea9-c3bc-4c88-a549-caf3a2cf5add: GrpcService started, listening on 0.0.0.0/0.0.0.0:37524
2019-10-14 09:56:13,399 [Datanode State Machine Thread - 0] INFO  server.GrpcService (GrpcService.java:startImpl(158)) - d2730208-fd8e-4977-80a8-483ef143a0fd: GrpcService started, listening on 0.0.0.0/0.0.0.0:35732
2019-10-14 09:56:13,400 [Datanode State Machine Thread - 0] INFO  ratis.XceiverServerRatis (XceiverServerRatis.java:start(428)) - XceiverServerRatis c8201ea9-c3bc-4c88-a549-caf3a2cf5add is started using port 37524
2019-10-14 09:56:13,400 [Datanode State Machine Thread - 0] INFO  ratis.XceiverServerRatis (XceiverServerRatis.java:start(428)) - XceiverServerRatis 663c650b-dfd3-420f-8c3f-637d4c51479b is started using port 36938
2019-10-14 09:56:13,400 [Datanode State Machine Thread - 0] INFO  ratis.XceiverServerRatis (XceiverServerRatis.java:start(428)) - XceiverServerRatis ea5b9712-cbb3-4773-924e-06a9bcd9ddf4 is started using port 33305
2019-10-14 09:56:13,400 [Datanode State Machine Thread - 0] INFO  ratis.XceiverServerRatis (XceiverServerRatis.java:start(428)) - XceiverServerRatis d2730208-fd8e-4977-80a8-483ef143a0fd is started using port 35732
2019-10-14 09:56:13,405 [Datanode State Machine Thread - 0] INFO  impl.RaftServerProxy (RaftServerProxy.java:lambda$start$3(299)) - f26223fc-bc4e-4a9a-90c4-64b7cc04c2c0: start RPC server
2019-10-14 09:56:13,409 [Datanode State Machine Thread - 0] INFO  server.XceiverServerGrpc (XceiverServerGrpc.java:start(149)) - XceiverServerGrpc d2730208-fd8e-4977-80a8-483ef143a0fd is started using port 40962
2019-10-14 09:56:13,409 [Datanode State Machine Thread - 0] INFO  server.XceiverServerGrpc (XceiverServerGrpc.java:start(149)) - XceiverServerGrpc c8201ea9-c3bc-4c88-a549-caf3a2cf5add is started using port 40795
2019-10-14 09:56:13,411 [Datanode State Machine Thread - 0] INFO  server.XceiverServerGrpc (XceiverServerGrpc.java:start(149)) - XceiverServerGrpc ea5b9712-cbb3-4773-924e-06a9bcd9ddf4 is started using port 41829
2019-10-14 09:56:13,411 [Datanode State Machine Thread - 0] INFO  server.XceiverServerGrpc (XceiverServerGrpc.java:start(149)) - XceiverServerGrpc 663c650b-dfd3-420f-8c3f-637d4c51479b is started using port 33471
2019-10-14 09:56:13,411 [Datanode State Machine Thread - 0] INFO  server.GrpcService (GrpcService.java:startImpl(158)) - f26223fc-bc4e-4a9a-90c4-64b7cc04c2c0: GrpcService started, listening on 0.0.0.0/0.0.0.0:37192
2019-10-14 09:56:13,411 [Datanode State Machine Thread - 0] INFO  ratis.XceiverServerRatis (XceiverServerRatis.java:start(428)) - XceiverServerRatis f26223fc-bc4e-4a9a-90c4-64b7cc04c2c0 is started using port 37192
2019-10-14 09:56:13,413 [Datanode State Machine Thread - 0] INFO  server.XceiverServerGrpc (XceiverServerGrpc.java:start(149)) - XceiverServerGrpc f26223fc-bc4e-4a9a-90c4-64b7cc04c2c0 is started using port 42979
2019-10-14 09:56:13,463 [Datanode State Machine Thread - 0] INFO  ozoneimpl.OzoneContainer (OzoneContainer.java:start(213)) - Attempting to start container services.
2019-10-14 09:56:13,464 [Datanode State Machine Thread - 0] INFO  ozoneimpl.OzoneContainer (OzoneContainer.java:startContainerScrub(177)) - Background container scanner has been disabled.
2019-10-14 09:56:13,464 [Datanode State Machine Thread - 0] INFO  ratis.XceiverServerRatis (XceiverServerRatis.java:start(418)) - Starting XceiverServerRatis c6e5da1e-3405-4306-b196-adfa6bf80e55 at port 0
2019-10-14 09:56:13,469 [Datanode State Machine Thread - 0] INFO  impl.RaftServerProxy (RaftServerProxy.java:lambda$start$3(299)) - c6e5da1e-3405-4306-b196-adfa6bf80e55: start RPC server
2019-10-14 09:56:13,472 [Datanode State Machine Thread - 0] INFO  server.GrpcService (GrpcService.java:startImpl(158)) - c6e5da1e-3405-4306-b196-adfa6bf80e55: GrpcService started, listening on 0.0.0.0/0.0.0.0:39145
2019-10-14 09:56:13,472 [Datanode State Machine Thread - 0] INFO  ratis.XceiverServerRatis (XceiverServerRatis.java:start(428)) - XceiverServerRatis c6e5da1e-3405-4306-b196-adfa6bf80e55 is started using port 39145
2019-10-14 09:56:13,475 [Datanode State Machine Thread - 0] INFO  server.XceiverServerGrpc (XceiverServerGrpc.java:start(149)) - XceiverServerGrpc c6e5da1e-3405-4306-b196-adfa6bf80e55 is started using port 39091
2019-10-14 09:56:13,520 [main] INFO  ozone.MiniOzoneClusterImpl (MiniOzoneClusterImpl.java:lambda$waitForClusterToBeReady$0(147)) - Waiting for cluster to be ready. Got 0 of 7 DN Heartbeats.
2019-10-14 09:56:13,534 [Datanode State Machine Thread - 0] INFO  ozoneimpl.OzoneContainer (OzoneContainer.java:start(213)) - Attempting to start container services.
2019-10-14 09:56:13,535 [Datanode State Machine Thread - 0] INFO  ozoneimpl.OzoneContainer (OzoneContainer.java:startContainerScrub(177)) - Background container scanner has been disabled.
2019-10-14 09:56:13,535 [Datanode State Machine Thread - 0] INFO  ratis.XceiverServerRatis (XceiverServerRatis.java:start(418)) - Starting XceiverServerRatis eece51ad-d320-4c8a-a233-260debf16eed at port 0
2019-10-14 09:56:13,541 [Datanode State Machine Thread - 0] INFO  impl.RaftServerProxy (RaftServerProxy.java:lambda$start$3(299)) - eece51ad-d320-4c8a-a233-260debf16eed: start RPC server
2019-10-14 09:56:13,545 [Datanode State Machine Thread - 0] INFO  server.GrpcService (GrpcService.java:startImpl(158)) - eece51ad-d320-4c8a-a233-260debf16eed: GrpcService started, listening on 0.0.0.0/0.0.0.0:34694
2019-10-14 09:56:13,545 [Datanode State Machine Thread - 0] INFO  ratis.XceiverServerRatis (XceiverServerRatis.java:start(428)) - XceiverServerRatis eece51ad-d320-4c8a-a233-260debf16eed is started using port 34694
2019-10-14 09:56:13,548 [Datanode State Machine Thread - 0] INFO  server.XceiverServerGrpc (XceiverServerGrpc.java:start(149)) - XceiverServerGrpc eece51ad-d320-4c8a-a233-260debf16eed is started using port 37775
2019-10-14 09:56:14,521 [main] INFO  ozone.MiniOzoneClusterImpl (MiniOzoneClusterImpl.java:lambda$waitForClusterToBeReady$0(147)) - Waiting for cluster to be ready. Got 0 of 7 DN Heartbeats.
2019-10-14 09:56:15,092 [IPC Server handler 0 on 38903] INFO  net.NetworkTopology (NetworkTopologyImpl.java:add(111)) - Added a new node: /default-rack/c8201ea9-c3bc-4c88-a549-caf3a2cf5add
2019-10-14 09:56:15,094 [IPC Server handler 0 on 38903] INFO  node.SCMNodeManager (SCMNodeManager.java:register(268)) - Registered Data node : c8201ea9-c3bc-4c88-a549-caf3a2cf5add{ip: 192.168.151.98, host: pr-hdds-2295-pn7hw-3586430783, networkLocation: /default-rack, certSerialId: null}
2019-10-14 09:56:15,096 [EventQueue-NodeRegistrationContainerReportForDataNodeSafeModeRule] INFO  safemode.SCMSafeModeManager (DataNodeSafeModeRule.java:process(71)) - SCM in safe mode. 1 DataNodes registered, 1 required.
2019-10-14 09:56:15,096 [EventQueue-NodeRegistrationContainerReportForDataNodeSafeModeRule] INFO  safemode.SCMSafeModeManager (SCMSafeModeManager.java:validateSafeModeExitRules(177)) - ScmSafeModeManager, all rules are successfully validated
2019-10-14 09:56:15,097 [EventQueue-NodeRegistrationContainerReportForDataNodeSafeModeRule] INFO  safemode.SCMSafeModeManager (SCMSafeModeManager.java:exitSafeMode(193)) - SCM exiting safe mode.
2019-10-14 09:56:15,166 [IPC Server handler 1 on 38903] INFO  net.NetworkTopology (NetworkTopologyImpl.java:add(111)) - Added a new node: /default-rack/663c650b-dfd3-420f-8c3f-637d4c51479b
2019-10-14 09:56:15,166 [IPC Server handler 1 on 38903] INFO  node.SCMNodeManager (SCMNodeManager.java:register(268)) - Registered Data node : 663c650b-dfd3-420f-8c3f-637d4c51479b{ip: 192.168.151.98, host: pr-hdds-2295-pn7hw-3586430783, networkLocation: /default-rack, certSerialId: null}
2019-10-14 09:56:15,240 [IPC Server handler 4 on 38903] INFO  net.NetworkTopology (NetworkTopologyImpl.java:add(111)) - Added a new node: /default-rack/ea5b9712-cbb3-4773-924e-06a9bcd9ddf4
2019-10-14 09:56:15,241 [IPC Server handler 4 on 38903] INFO  node.SCMNodeManager (SCMNodeManager.java:register(268)) - Registered Data node : ea5b9712-cbb3-4773-924e-06a9bcd9ddf4{ip: 192.168.151.98, host: pr-hdds-2295-pn7hw-3586430783, networkLocation: /default-rack, certSerialId: null}
2019-10-14 09:56:15,307 [IPC Server handler 3 on 38903] INFO  net.NetworkTopology (NetworkTopologyImpl.java:add(111)) - Added a new node: /default-rack/d2730208-fd8e-4977-80a8-483ef143a0fd
2019-10-14 09:56:15,307 [IPC Server handler 3 on 38903] INFO  node.SCMNodeManager (SCMNodeManager.java:register(268)) - Registered Data node : d2730208-fd8e-4977-80a8-483ef143a0fd{ip: 192.168.151.98, host: pr-hdds-2295-pn7hw-3586430783, networkLocation: /default-rack, certSerialId: null}
2019-10-14 09:56:15,378 [IPC Server handler 6 on 38903] INFO  net.NetworkTopology (NetworkTopologyImpl.java:add(111)) - Added a new node: /default-rack/f26223fc-bc4e-4a9a-90c4-64b7cc04c2c0
2019-10-14 09:56:15,378 [IPC Server handler 6 on 38903] INFO  node.SCMNodeManager (SCMNodeManager.java:register(268)) - Registered Data node : f26223fc-bc4e-4a9a-90c4-64b7cc04c2c0{ip: 192.168.151.98, host: pr-hdds-2295-pn7hw-3586430783, networkLocation: /default-rack, certSerialId: null}
2019-10-14 09:56:15,451 [IPC Server handler 7 on 38903] INFO  net.NetworkTopology (NetworkTopologyImpl.java:add(111)) - Added a new node: /default-rack/c6e5da1e-3405-4306-b196-adfa6bf80e55
2019-10-14 09:56:15,451 [IPC Server handler 7 on 38903] INFO  node.SCMNodeManager (SCMNodeManager.java:register(268)) - Registered Data node : c6e5da1e-3405-4306-b196-adfa6bf80e55{ip: 192.168.151.98, host: pr-hdds-2295-pn7hw-3586430783, networkLocation: /default-rack, certSerialId: null}
2019-10-14 09:56:15,522 [main] INFO  ozone.MiniOzoneClusterImpl (MiniOzoneClusterImpl.java:lambda$waitForClusterToBeReady$0(147)) - Waiting for cluster to be ready. Got 6 of 7 DN Heartbeats.
2019-10-14 09:56:15,524 [IPC Server handler 8 on 38903] INFO  net.NetworkTopology (NetworkTopologyImpl.java:add(111)) - Added a new node: /default-rack/eece51ad-d320-4c8a-a233-260debf16eed
2019-10-14 09:56:15,524 [IPC Server handler 8 on 38903] INFO  node.SCMNodeManager (SCMNodeManager.java:register(268)) - Registered Data node : eece51ad-d320-4c8a-a233-260debf16eed{ip: 192.168.151.98, host: pr-hdds-2295-pn7hw-3586430783, networkLocation: /default-rack, certSerialId: null}
2019-10-14 09:56:15,556 [grpc-default-executor-0] INFO  impl.RaftServerProxy (RaftServerProxy.java:addNew(89)) - c8201ea9-c3bc-4c88-a549-caf3a2cf5add: addNew group-645F96C4F7FD:[c8201ea9-c3bc-4c88-a549-caf3a2cf5add:192.168.151.98:37524] returns group-645F96C4F7FD:java.util.concurrent.CompletableFuture@413674f6[Not completed]
2019-10-14 09:56:15,564 [pool-27-thread-1] INFO  impl.RaftServerImpl (RaftServerImpl.java:<init>(95)) - c8201ea9-c3bc-4c88-a549-caf3a2cf5add: new RaftServerImpl for group-645F96C4F7FD:[c8201ea9-c3bc-4c88-a549-caf3a2cf5add:192.168.151.98:37524] with ContainerStateMachine:uninitialized
2019-10-14 09:56:15,565 [pool-27-thread-1] INFO  server.RaftServerConfigKeys (ConfUtils.java:logGet(43)) - raft.server.rpc.timeout.min = 5s (custom)
2019-10-14 09:56:15,567 [pool-27-thread-1] INFO  server.RaftServerConfigKeys (ConfUtils.java:logGet(43)) - raft.server.rpc.timeout.max = 5200ms (custom)
2019-10-14 09:56:15,567 [pool-27-thread-1] INFO  server.RaftServerConfigKeys (ConfUtils.java:logGet(43)) - raft.server.rpcslowness.timeout = 120s (custom)
2019-10-14 09:56:15,567 [pool-27-thread-1] INFO  server.RaftServerConfigKeys (ConfUtils.java:logGet(43)) - raft.server.sleep.deviation.threshold = 300 (default)
2019-10-14 09:56:15,568 [pool-27-thread-1] INFO  server.RaftServerConfigKeys (ConfUtils.java:logGet(43)) - raft.server.log.appender.install.snapshot.enabled = false (custom)
2019-10-14 09:56:15,574 [pool-27-thread-1] INFO  impl.RaftServerImpl (ServerState.java:<init>(103)) - c8201ea9-c3bc-4c88-a549-caf3a2cf5add@group-645F96C4F7FD: ConfigurationManager, init=-1: [c8201ea9-c3bc-4c88-a549-caf3a2cf5add:192.168.151.98:37524], old=null, confs=<EMPTY_MAP>
2019-10-14 09:56:15,574 [pool-27-thread-1] INFO  server.RaftServerConfigKeys (ConfUtils.java:logGet(43)) - raft.server.storage.dir = [/workdir/hadoop-ozone/integration-test/target/test-dir/MiniOzoneClusterImpl-2d6df893-75cb-4c24-b206-748970ef4ec9/datanode-0/data/ratis] (custom)
2019-10-14 09:56:15,578 [pool-27-thread-1] INFO  server.RaftServerConfigKeys (ConfUtils.java:logGet(43)) - raft.server.log.corruption.policy = EXCEPTION (default)
2019-10-14 09:56:15,580 [pool-27-thread-1] INFO  storage.RaftStorageDirectory (RaftStorageDirectory.java:analyzeStorage(246)) - The storage directory /workdir/hadoop-ozone/integration-test/target/test-dir/MiniOzoneClusterImpl-2d6df893-75cb-4c24-b206-748970ef4ec9/datanode-0/data/ratis/34bcabef-060d-47d1-a4d9-645f96c4f7fd does not exist. Creating ...
2019-10-14 09:56:15,596 [pool-27-thread-1] INFO  storage.RaftStorageDirectory (RaftStorageDirectory.java:tryLock(328)) - Lock on /workdir/hadoop-ozone/integration-test/target/test-dir/MiniOzoneClusterImpl-2d6df893-75cb-4c24-b206-748970ef4ec9/datanode-0/data/ratis/34bcabef-060d-47d1-a4d9-645f96c4f7fd/in_use.lock acquired by nodename 12758@pr-hdds-2295-pn7hw-3586430783
2019-10-14 09:56:15,612 [pool-27-thread-1] INFO  storage.RaftStorage (RaftStorage.java:format(84)) - Storage directory /workdir/hadoop-ozone/integration-test/target/test-dir/MiniOzoneClusterImpl-2d6df893-75cb-4c24-b206-748970ef4ec9/datanode-0/data/ratis/34bcabef-060d-47d1-a4d9-645f96c4f7fd has been successfully formatted.
2019-10-14 09:56:15,615 [pool-27-thread-1] INFO  ratis.ContainerStateMachine (ContainerStateMachine.java:loadSnapshot(231)) - group-645F96C4F7FD: The snapshot info is null. Setting the last applied indexto:(t:0, i:~)
2019-10-14 09:56:15,615 [pool-27-thread-1] INFO  server.RaftServerConfigKeys (ConfUtils.java:logGet(43)) - raft.server.notification.no-leader.timeout = 120s (custom)
2019-10-14 09:56:15,618 [pool-27-thread-1] INFO  server.RaftServerConfigKeys (ConfUtils.java:logGet(43)) - raft.server.log.use.memory = false (default)
2019-10-14 09:56:15,625 [pool-27-thread-1] INFO  server.RaftServerConfigKeys (ConfUtils.java:logGet(43)) - raft.server.log.purge.gap = 1000000 (custom)
2019-10-14 09:56:15,625 [pool-27-thread-1] INFO  server.RaftServerConfigKeys (ConfUtils.java:logGet(43)) - raft.server.log.appender.buffer.byte-limit = 33554432 (custom)
2019-10-14 09:56:15,628 [pool-27-thread-1] INFO  server.RaftServerConfigKeys (ConfUtils.java:logGet(43)) - raft.server.log.segment.size.max = 1048576 (custom)
2019-10-14 09:56:15,630 [pool-27-thread-1] INFO  impl.MetricsSystemImpl (MetricsSystemImpl.java:init(158)) - ratis metrics system started (again)
2019-10-14 09:56:15,635 [pool-27-thread-1] INFO  metrics.MetricRegistries (MetricRegistriesLoader.java:load(64)) - Loaded MetricRegistries class org.apache.ratis.metrics.impl.MetricRegistriesImpl
2019-10-14 09:56:15,681 [pool-27-thread-1] INFO  server.RaftServerConfigKeys (ConfUtils.java:logGet(43)) - raft.server.log.segment.cache.num.max = 2 (custom)
2019-10-14 09:56:15,687 [pool-27-thread-1] INFO  segmented.SegmentedRaftLogWorker (SegmentedRaftLogWorker.java:<init>(173)) - new c8201ea9-c3bc-4c88-a549-caf3a2cf5add@group-645F96C4F7FD-SegmentedRaftLogWorker for RaftStorage:Storage Directory /workdir/hadoop-ozone/integration-test/target/test-dir/MiniOzoneClusterImpl-2d6df893-75cb-4c24-b206-748970ef4ec9/datanode-0/data/ratis/34bcabef-060d-47d1-a4d9-645f96c4f7fd
2019-10-14 09:56:15,688 [pool-27-thread-1] INFO  server.RaftServerConfigKeys (ConfUtils.java:logGet(43)) - raft.server.log.queue.byte-limit = 2147483647 (custom)
2019-10-14 09:56:15,688 [pool-27-thread-1] INFO  server.RaftServerConfigKeys (ConfUtils.java:logGet(43)) - raft.server.log.queue.element-limit = 1024 (custom)
2019-10-14 09:56:15,690 [pool-27-thread-1] INFO  server.RaftServerConfigKeys (ConfUtils.java:logGet(43)) - raft.server.log.segment.size.max = 1048576 (custom)
2019-10-14 09:56:15,690 [pool-27-thread-1] INFO  server.RaftServerConfigKeys (ConfUtils.java:logGet(43)) - raft.server.log.preallocated.size = 16384 (custom)
2019-10-14 09:56:15,690 [pool-27-thread-1] INFO  server.RaftServerConfigKeys (ConfUtils.java:logGet(43)) - raft.server.log.write.buffer.size = 33554432 (custom)
2019-10-14 09:56:15,691 [pool-27-thread-1] INFO  server.RaftServerConfigKeys (ConfUtils.java:logGet(43)) - raft.server.log.force.sync.num = 128 (default)
2019-10-14 09:56:15,692 [pool-27-thread-1] INFO  server.RaftServerConfigKeys (ConfUtils.java:logGet(43)) - raft.server.log.statemachine.data.sync = true (default)
2019-10-14 09:56:15,692 [pool-27-thread-1] INFO  server.RaftServerConfigKeys (ConfUtils.java:logGet(43)) - raft.server.log.statemachine.data.sync.timeout = 10s (default)
2019-10-14 09:56:15,692 [pool-27-thread-1] INFO  server.RaftServerConfigKeys (ConfUtils.java:logGet(43)) - raft.server.log.statemachine.data.sync.timeout.retry = -1 (default)
2019-10-14 09:56:15,704 [pool-27-thread-1] INFO  server.RaftServerConfigKeys (ConfUtils.java:logGet(43)) - raft.server.log.statemachine.data.caching.enabled = true (custom)
2019-10-14 09:56:15,709 [pool-27-thread-1] INFO  segmented.SegmentedRaftLogWorker (SegmentedRaftLogWorker.java:lambda$new$0(128)) - c8201ea9-c3bc-4c88-a549-caf3a2cf5add@group-645F96C4F7FD-SegmentedRaftLogWorker: flushIndex: setUnconditionally 0 -> -1
2019-10-14 09:56:15,713 [pool-27-thread-1] INFO  server.RaftServerConfigKeys (ConfUtils.java:logGet(43)) - raft.server.snapshot.auto.trigger.enabled = true (custom)
2019-10-14 09:56:15,714 [pool-27-thread-1] INFO  server.RaftServerConfigKeys (ConfUtils.java:logGet(43)) - raft.server.snapshot.auto.trigger.threshold = 10000 (custom)
2019-10-14 09:56:15,714 [pool-27-thread-1] INFO  server.RaftServerConfigKeys (ConfUtils.java:logGet(43)) - raft.server.snapshot.retention.file.num = 5 (custom)
2019-10-14 09:56:15,715 [pool-27-thread-1] INFO  server.RaftServerConfigKeys (ConfUtils.java:logGet(43)) - raft.server.retrycache.expirytime = 600000ms (custom)
2019-10-14 09:56:15,743 [pool-27-thread-1] INFO  impl.RaftServerImpl (RaftServerImpl.java:start(181)) - c8201ea9-c3bc-4c88-a549-caf3a2cf5add@group-645F96C4F7FD: start as a follower, conf=-1: [c8201ea9-c3bc-4c88-a549-caf3a2cf5add:192.168.151.98:37524], old=null
2019-10-14 09:56:15,744 [pool-27-thread-1] INFO  impl.RaftServerImpl (RaftServerImpl.java:setRole(170)) - c8201ea9-c3bc-4c88-a549-caf3a2cf5add@group-645F96C4F7FD: changes role from      null to FOLLOWER at term 0 for startAsFollower
2019-10-14 09:56:15,745 [pool-27-thread-1] INFO  impl.RoleInfo (RoleInfo.java:updateAndGet(143)) - c8201ea9-c3bc-4c88-a549-caf3a2cf5add: start FollowerState
2019-10-14 09:56:15,747 [pool-27-thread-1] INFO  util.JmxRegister (JmxRegister.java:tryRegister(44)) - Successfully registered JMX Bean with object name Ratis:service=RaftServer,group=group-645F96C4F7FD,id=c8201ea9-c3bc-4c88-a549-caf3a2cf5add
2019-10-14 09:56:15,817 [RatisPipelineUtilsThread] INFO  pipeline.PipelineStateManager (PipelineStateManager.java:addPipeline(56)) - Created pipeline Pipeline[ Id: 34bcabef-060d-47d1-a4d9-645f96c4f7fd, Nodes: c8201ea9-c3bc-4c88-a549-caf3a2cf5add{ip: 192.168.151.98, host: pr-hdds-2295-pn7hw-3586430783, networkLocation: /default-rack, certSerialId: null}, Type:RATIS, Factor:ONE, State:OPEN]
2019-10-14 09:56:15,854 [grpc-default-executor-0] INFO  impl.RaftServerProxy (RaftServerProxy.java:addNew(89)) - 663c650b-dfd3-420f-8c3f-637d4c51479b: addNew group-F0DBD42263D2:[663c650b-dfd3-420f-8c3f-637d4c51479b:192.168.151.98:36938] returns group-F0DBD42263D2:java.util.concurrent.CompletableFuture@bb503af[Not completed]
2019-10-14 09:56:15,890 [pool-37-thread-1] INFO  impl.RaftServerImpl (RaftServerImpl.java:<init>(95)) - 663c650b-dfd3-420f-8c3f-637d4c51479b: new RaftServerImpl for group-F0DBD42263D2:[663c650b-dfd3-420f-8c3f-637d4c51479b:192.168.151.98:36938] with ContainerStateMachine:uninitialized
2019-10-14 09:56:15,891 [pool-37-thread-1] INFO  server.RaftServerConfigKeys (ConfUtils.java:logGet(43)) - raft.server.rpc.timeout.min = 5s (custom)
2019-10-14 09:56:15,891 [pool-37-thread-1] INFO  server.RaftServerConfigKeys (ConfUtils.java:logGet(43)) - raft.server.rpc.timeout.max = 5200ms (custom)
2019-10-14 09:56:15,891 [pool-37-thread-1] INFO  server.RaftServerConfigKeys (ConfUtils.java:logGet(43)) - raft.server.rpcslowness.timeout = 120s (custom)
2019-10-14 09:56:15,892 [pool-37-thread-1] INFO  server.RaftServerConfigKeys (ConfUtils.java:logGet(43)) - raft.server.sleep.deviation.threshold = 300 (default)
2019-10-14 09:56:15,892 [pool-37-thread-1] INFO  server.RaftServerConfigKeys (ConfUtils.java:logGet(43)) - raft.server.log.appender.install.snapshot.enabled = false (custom)
2019-10-14 09:56:15,892 [pool-37-thread-1] INFO  impl.RaftServerImpl (ServerState.java:<init>(103)) - 663c650b-dfd3-420f-8c3f-637d4c51479b@group-F0DBD42263D2: ConfigurationManager, init=-1: [663c650b-dfd3-420f-8c3f-637d4c51479b:192.168.151.98:36938], old=null, confs=<EMPTY_MAP>
2019-10-14 09:56:15,892 [pool-37-thread-1] INFO  server.RaftServerConfigKeys (ConfUtils.java:logGet(43)) - raft.server.storage.dir = [/workdir/hadoop-ozone/integration-test/target/test-dir/MiniOzoneClusterImpl-2d6df893-75cb-4c24-b206-748970ef4ec9/datanode-1/data/ratis] (custom)
2019-10-14 09:56:15,892 [pool-37-thread-1] INFO  server.RaftServerConfigKeys (ConfUtils.java:logGet(43)) - raft.server.log.corruption.policy = EXCEPTION (default)
2019-10-14 09:56:15,893 [pool-37-thread-1] INFO  storage.RaftStorageDirectory (RaftStorageDirectory.java:analyzeStorage(246)) - The storage directory /workdir/hadoop-ozone/integration-test/target/test-dir/MiniOzoneClusterImpl-2d6df893-75cb-4c24-b206-748970ef4ec9/datanode-1/data/ratis/a4504a09-0641-4100-a325-f0dbd42263d2 does not exist. Creating ...
2019-10-14 09:56:15,907 [pool-37-thread-1] INFO  storage.RaftStorageDirectory (RaftStorageDirectory.java:tryLock(328)) - Lock on /workdir/hadoop-ozone/integration-test/target/test-dir/MiniOzoneClusterImpl-2d6df893-75cb-4c24-b206-748970ef4ec9/datanode-1/data/ratis/a4504a09-0641-4100-a325-f0dbd42263d2/in_use.lock acquired by nodename 12758@pr-hdds-2295-pn7hw-3586430783
2019-10-14 09:56:15,932 [pool-37-thread-1] INFO  storage.RaftStorage (RaftStorage.java:format(84)) - Storage directory /workdir/hadoop-ozone/integration-test/target/test-dir/MiniOzoneClusterImpl-2d6df893-75cb-4c24-b206-748970ef4ec9/datanode-1/data/ratis/a4504a09-0641-4100-a325-f0dbd42263d2 has been successfully formatted.
2019-10-14 09:56:15,934 [pool-37-thread-1] INFO  ratis.ContainerStateMachine (ContainerStateMachine.java:loadSnapshot(231)) - group-F0DBD42263D2: The snapshot info is null. Setting the last applied indexto:(t:0, i:~)
2019-10-14 09:56:15,935 [pool-37-thread-1] INFO  server.RaftServerConfigKeys (ConfUtils.java:logGet(43)) - raft.server.notification.no-leader.timeout = 120s (custom)
2019-10-14 09:56:15,936 [pool-37-thread-1] INFO  server.RaftServerConfigKeys (ConfUtils.java:logGet(43)) - raft.server.log.use.memory = false (default)
2019-10-14 09:56:15,936 [pool-37-thread-1] INFO  server.RaftServerConfigKeys (ConfUtils.java:logGet(43)) - raft.server.log.purge.gap = 1000000 (custom)
2019-10-14 09:56:15,936 [pool-37-thread-1] INFO  server.RaftServerConfigKeys (ConfUtils.java:logGet(43)) - raft.server.log.appender.buffer.byte-limit = 33554432 (custom)
2019-10-14 09:56:15,936 [pool-37-thread-1] INFO  server.RaftServerConfigKeys (ConfUtils.java:logGet(43)) - raft.server.log.segment.size.max = 1048576 (custom)
2019-10-14 09:56:15,940 [pool-37-thread-1] INFO  server.RaftServerConfigKeys (ConfUtils.java:logGet(43)) - raft.server.log.segment.cache.num.max = 2 (custom)
2019-10-14 09:56:15,940 [pool-37-thread-1] INFO  segmented.SegmentedRaftLogWorker (SegmentedRaftLogWorker.java:<init>(173)) - new 663c650b-dfd3-420f-8c3f-637d4c51479b@group-F0DBD42263D2-SegmentedRaftLogWorker for RaftStorage:Storage Directory /workdir/hadoop-ozone/integration-test/target/test-dir/MiniOzoneClusterImpl-2d6df893-75cb-4c24-b206-748970ef4ec9/datanode-1/data/ratis/a4504a09-0641-4100-a325-f0dbd42263d2
2019-10-14 09:56:15,942 [pool-37-thread-1] INFO  server.RaftServerConfigKeys (ConfUtils.java:logGet(43)) - raft.server.log.queue.byte-limit = 2147483647 (custom)
2019-10-14 09:56:15,942 [pool-37-thread-1] INFO  server.RaftServerConfigKeys (ConfUtils.java:logGet(43)) - raft.server.log.queue.element-limit = 1024 (custom)
2019-10-14 09:56:15,942 [pool-37-thread-1] INFO  server.RaftServerConfigKeys (ConfUtils.java:logGet(43)) - raft.server.log.segment.size.max = 1048576 (custom)
2019-10-14 09:56:15,942 [pool-37-thread-1] INFO  server.RaftServerConfigKeys (ConfUtils.java:logGet(43)) - raft.server.log.preallocated.size = 16384 (custom)
2019-10-14 09:56:15,942 [pool-37-thread-1] INFO  server.RaftServerConfigKeys (ConfUtils.java:logGet(43)) - raft.server.log.write.buffer.size = 33554432 (custom)
2019-10-14 09:56:15,943 [pool-37-thread-1] INFO  server.RaftServerConfigKeys (ConfUtils.java:logGet(43)) - raft.server.log.force.sync.num = 128 (default)
2019-10-14 09:56:15,943 [pool-37-thread-1] INFO  server.RaftServerConfigKeys (ConfUtils.java:logGet(43)) - raft.server.log.statemachine.data.sync = true (default)
2019-10-14 09:56:15,943 [pool-37-thread-1] INFO  server.RaftServerConfigKeys (ConfUtils.java:logGet(43)) - raft.server.log.statemachine.data.sync.timeout = 10s (default)
2019-10-14 09:56:15,943 [pool-37-thread-1] INFO  server.RaftServerConfigKeys (ConfUtils.java:logGet(43)) - raft.server.log.statemachine.data.sync.timeout.retry = -1 (default)
2019-10-14 09:56:15,944 [pool-37-thread-1] INFO  server.RaftServerConfigKeys (ConfUtils.java:logGet(43)) - raft.server.log.statemachine.data.caching.enabled = true (custom)
2019-10-14 09:56:15,944 [pool-37-thread-1] INFO  segmented.SegmentedRaftLogWorker (SegmentedRaftLogWorker.java:lambda$new$0(128)) - 663c650b-dfd3-420f-8c3f-637d4c51479b@group-F0DBD42263D2-SegmentedRaftLogWorker: flushIndex: setUnconditionally 0 -> -1
2019-10-14 09:56:15,944 [pool-37-thread-1] INFO  server.RaftServerConfigKeys (ConfUtils.java:logGet(43)) - raft.server.snapshot.auto.trigger.enabled = true (custom)
2019-10-14 09:56:15,944 [pool-37-thread-1] INFO  server.RaftServerConfigKeys (ConfUtils.java:logGet(43)) - raft.server.snapshot.auto.trigger.threshold = 10000 (custom)
2019-10-14 09:56:15,945 [pool-37-thread-1] INFO  server.RaftServerConfigKeys (ConfUtils.java:logGet(43)) - raft.server.snapshot.retention.file.num = 5 (custom)
2019-10-14 09:56:15,945 [pool-37-thread-1] INFO  server.RaftServerConfigKeys (ConfUtils.java:logGet(43)) - raft.server.retrycache.expirytime = 600000ms (custom)
2019-10-14 09:56:15,949 [pool-37-thread-1] INFO  impl.RaftServerImpl (RaftServerImpl.java:start(181)) - 663c650b-dfd3-420f-8c3f-637d4c51479b@group-F0DBD42263D2: start as a follower, conf=-1: [663c650b-dfd3-420f-8c3f-637d4c51479b:192.168.151.98:36938], old=null
2019-10-14 09:56:15,949 [pool-37-thread-1] INFO  impl.RaftServerImpl (RaftServerImpl.java:setRole(170)) - 663c650b-dfd3-420f-8c3f-637d4c51479b@group-F0DBD42263D2: changes role from      null to FOLLOWER at term 0 for startAsFollower
2019-10-14 09:56:15,949 [pool-37-thread-1] INFO  impl.RoleInfo (RoleInfo.java:updateAndGet(143)) - 663c650b-dfd3-420f-8c3f-637d4c51479b: start FollowerState
2019-10-14 09:56:15,951 [pool-37-thread-1] INFO  util.JmxRegister (JmxRegister.java:tryRegister(44)) - Successfully registered JMX Bean with object name Ratis:service=RaftServer,group=group-F0DBD42263D2,id=663c650b-dfd3-420f-8c3f-637d4c51479b
2019-10-14 09:56:15,969 [RatisPipelineUtilsThread] INFO  pipeline.PipelineStateManager (PipelineStateManager.java:addPipeline(56)) - Created pipeline Pipeline[ Id: a4504a09-0641-4100-a325-f0dbd42263d2, Nodes: 663c650b-dfd3-420f-8c3f-637d4c51479b{ip: 192.168.151.98, host: pr-hdds-2295-pn7hw-3586430783, networkLocation: /default-rack, certSerialId: null}, Type:RATIS, Factor:ONE, State:OPEN]
2019-10-14 09:56:15,995 [grpc-default-executor-0] INFO  impl.RaftServerProxy (RaftServerProxy.java:addNew(89)) - ea5b9712-cbb3-4773-924e-06a9bcd9ddf4: addNew group-CEB52C9AA540:[ea5b9712-cbb3-4773-924e-06a9bcd9ddf4:192.168.151.98:33305] returns group-CEB52C9AA540:java.util.concurrent.CompletableFuture@3cd3ae81[Not completed]
2019-10-14 09:56:16,036 [pool-47-thread-1] INFO  impl.RaftServerImpl (RaftServerImpl.java:<init>(95)) - ea5b9712-cbb3-4773-924e-06a9bcd9ddf4: new RaftServerImpl for group-CEB52C9AA540:[ea5b9712-cbb3-4773-924e-06a9bcd9ddf4:192.168.151.98:33305] with ContainerStateMachine:uninitialized
2019-10-14 09:56:16,037 [pool-47-thread-1] INFO  server.RaftServerConfigKeys (ConfUtils.java:logGet(43)) - raft.server.rpc.timeout.min = 5s (custom)
2019-10-14 09:56:16,037 [pool-47-thread-1] INFO  server.RaftServerConfigKeys (ConfUtils.java:logGet(43)) - raft.server.rpc.timeout.max = 5200ms (custom)
2019-10-14 09:56:16,037 [pool-47-thread-1] INFO  server.RaftServerConfigKeys (ConfUtils.java:logGet(43)) - raft.server.rpcslowness.timeout = 120s (custom)
2019-10-14 09:56:16,037 [pool-47-thread-1] INFO  server.RaftServerConfigKeys (ConfUtils.java:logGet(43)) - raft.server.sleep.deviation.threshold = 300 (default)
2019-10-14 09:56:16,037 [pool-47-thread-1] INFO  server.RaftServerConfigKeys (ConfUtils.java:logGet(43)) - raft.server.log.appender.install.snapshot.enabled = false (custom)
2019-10-14 09:56:16,037 [pool-47-thread-1] INFO  impl.RaftServerImpl (ServerState.java:<init>(103)) - ea5b9712-cbb3-4773-924e-06a9bcd9ddf4@group-CEB52C9AA540: ConfigurationManager, init=-1: [ea5b9712-cbb3-4773-924e-06a9bcd9ddf4:192.168.151.98:33305], old=null, confs=<EMPTY_MAP>
2019-10-14 09:56:16,037 [pool-47-thread-1] INFO  server.RaftServerConfigKeys (ConfUtils.java:logGet(43)) - raft.server.storage.dir = [/workdir/hadoop-ozone/integration-test/target/test-dir/MiniOzoneClusterImpl-2d6df893-75cb-4c24-b206-748970ef4ec9/datanode-2/data/ratis] (custom)
2019-10-14 09:56:16,038 [pool-47-thread-1] INFO  server.RaftServerConfigKeys (ConfUtils.java:logGet(43)) - raft.server.log.corruption.policy = EXCEPTION (default)
2019-10-14 09:56:16,038 [pool-47-thread-1] INFO  storage.RaftStorageDirectory (RaftStorageDirectory.java:analyzeStorage(246)) - The storage directory /workdir/hadoop-ozone/integration-test/target/test-dir/MiniOzoneClusterImpl-2d6df893-75cb-4c24-b206-748970ef4ec9/datanode-2/data/ratis/f26428b4-333f-456d-8d0d-ceb52c9aa540 does not exist. Creating ...
2019-10-14 09:56:16,050 [pool-47-thread-1] INFO  storage.RaftStorageDirectory (RaftStorageDirectory.java:tryLock(328)) - Lock on /workdir/hadoop-ozone/integration-test/target/test-dir/MiniOzoneClusterImpl-2d6df893-75cb-4c24-b206-748970ef4ec9/datanode-2/data/ratis/f26428b4-333f-456d-8d0d-ceb52c9aa540/in_use.lock acquired by nodename 12758@pr-hdds-2295-pn7hw-3586430783
2019-10-14 09:56:16,068 [pool-47-thread-1] INFO  storage.RaftStorage (RaftStorage.java:format(84)) - Storage directory /workdir/hadoop-ozone/integration-test/target/test-dir/MiniOzoneClusterImpl-2d6df893-75cb-4c24-b206-748970ef4ec9/datanode-2/data/ratis/f26428b4-333f-456d-8d0d-ceb52c9aa540 has been successfully formatted.
2019-10-14 09:56:16,069 [pool-47-thread-1] INFO  ratis.ContainerStateMachine (ContainerStateMachine.java:loadSnapshot(231)) - group-CEB52C9AA540: The snapshot info is null. Setting the last applied indexto:(t:0, i:~)
2019-10-14 09:56:16,069 [pool-47-thread-1] INFO  server.RaftServerConfigKeys (ConfUtils.java:logGet(43)) - raft.server.notification.no-leader.timeout = 120s (custom)
2019-10-14 09:56:16,069 [pool-47-thread-1] INFO  server.RaftServerConfigKeys (ConfUtils.java:logGet(43)) - raft.server.log.use.memory = false (default)
2019-10-14 09:56:16,069 [pool-47-thread-1] INFO  server.RaftServerConfigKeys (ConfUtils.java:logGet(43)) - raft.server.log.purge.gap = 1000000 (custom)
2019-10-14 09:56:16,069 [pool-47-thread-1] INFO  server.RaftServerConfigKeys (ConfUtils.java:logGet(43)) - raft.server.log.appender.buffer.byte-limit = 33554432 (custom)
2019-10-14 09:56:16,070 [pool-47-thread-1] INFO  server.RaftServerConfigKeys (ConfUtils.java:logGet(43)) - raft.server.log.segment.size.max = 1048576 (custom)
2019-10-14 09:56:16,104 [pool-47-thread-1] INFO  server.RaftServerConfigKeys (ConfUtils.java:logGet(43)) - raft.server.log.segment.cache.num.max = 2 (custom)
2019-10-14 09:56:16,104 [pool-47-thread-1] INFO  segmented.SegmentedRaftLogWorker (SegmentedRaftLogWorker.java:<init>(173)) - new ea5b9712-cbb3-4773-924e-06a9bcd9ddf4@group-CEB52C9AA540-SegmentedRaftLogWorker for RaftStorage:Storage Directory /workdir/hadoop-ozone/integration-test/target/test-dir/MiniOzoneClusterImpl-2d6df893-75cb-4c24-b206-748970ef4ec9/datanode-2/data/ratis/f26428b4-333f-456d-8d0d-ceb52c9aa540
2019-10-14 09:56:16,104 [pool-47-thread-1] INFO  server.RaftServerConfigKeys (ConfUtils.java:logGet(43)) - raft.server.log.queue.byte-limit = 2147483647 (custom)
2019-10-14 09:56:16,104 [pool-47-thread-1] INFO  server.RaftServerConfigKeys (ConfUtils.java:logGet(43)) - raft.server.log.queue.element-limit = 1024 (custom)
2019-10-14 09:56:16,104 [pool-47-thread-1] INFO  server.RaftServerConfigKeys (ConfUtils.java:logGet(43)) - raft.server.log.segment.size.max = 1048576 (custom)
2019-10-14 09:56:16,104 [pool-47-thread-1] INFO  server.RaftServerConfigKeys (ConfUtils.java:logGet(43)) - raft.server.log.preallocated.size = 16384 (custom)
2019-10-14 09:56:16,105 [pool-47-thread-1] INFO  server.RaftServerConfigKeys (ConfUtils.java:logGet(43)) - raft.server.log.write.buffer.size = 33554432 (custom)
2019-10-14 09:56:16,105 [pool-47-thread-1] INFO  server.RaftServerConfigKeys (ConfUtils.java:logGet(43)) - raft.server.log.force.sync.num = 128 (default)
2019-10-14 09:56:16,105 [pool-47-thread-1] INFO  server.RaftServerConfigKeys (ConfUtils.java:logGet(43)) - raft.server.log.statemachine.data.sync = true (default)
2019-10-14 09:56:16,105 [pool-47-thread-1] INFO  server.RaftServerConfigKeys (ConfUtils.java:logGet(43)) - raft.server.log.statemachine.data.sync.timeout = 10s (default)
2019-10-14 09:56:16,105 [pool-47-thread-1] INFO  server.RaftServerConfigKeys (ConfUtils.java:logGet(43)) - raft.server.log.statemachine.data.sync.timeout.retry = -1 (default)
2019-10-14 09:56:16,106 [pool-47-thread-1] INFO  server.RaftServerConfigKeys (ConfUtils.java:logGet(43)) - raft.server.log.statemachine.data.caching.enabled = true (custom)
2019-10-14 09:56:16,106 [pool-47-thread-1] INFO  segmented.SegmentedRaftLogWorker (SegmentedRaftLogWorker.java:lambda$new$0(128)) - ea5b9712-cbb3-4773-924e-06a9bcd9ddf4@group-CEB52C9AA540-SegmentedRaftLogWorker: flushIndex: setUnconditionally 0 -> -1
2019-10-14 09:56:16,106 [pool-47-thread-1] INFO  server.RaftServerConfigKeys (ConfUtils.java:logGet(43)) - raft.server.snapshot.auto.trigger.enabled = true (custom)
2019-10-14 09:56:16,106 [pool-47-thread-1] INFO  server.RaftServerConfigKeys (ConfUtils.java:logGet(43)) - raft.server.snapshot.auto.trigger.threshold = 10000 (custom)
2019-10-14 09:56:16,106 [pool-47-thread-1] INFO  server.RaftServerConfigKeys (ConfUtils.java:logGet(43)) - raft.server.snapshot.retention.file.num = 5 (custom)
2019-10-14 09:56:16,107 [pool-47-thread-1] INFO  server.RaftServerConfigKeys (ConfUtils.java:logGet(43)) - raft.server.retrycache.expirytime = 600000ms (custom)
2019-10-14 09:56:16,110 [pool-47-thread-1] INFO  impl.RaftServerImpl (RaftServerImpl.java:start(181)) - ea5b9712-cbb3-4773-924e-06a9bcd9ddf4@group-CEB52C9AA540: start as a follower, conf=-1: [ea5b9712-cbb3-4773-924e-06a9bcd9ddf4:192.168.151.98:33305], old=null
2019-10-14 09:56:16,111 [pool-47-thread-1] INFO  impl.RaftServerImpl (RaftServerImpl.java:setRole(170)) - ea5b9712-cbb3-4773-924e-06a9bcd9ddf4@group-CEB52C9AA540: changes role from      null to FOLLOWER at term 0 for startAsFollower
2019-10-14 09:56:16,111 [pool-47-thread-1] INFO  impl.RoleInfo (RoleInfo.java:updateAndGet(143)) - ea5b9712-cbb3-4773-924e-06a9bcd9ddf4: start FollowerState
2019-10-14 09:56:16,111 [pool-47-thread-1] INFO  util.JmxRegister (JmxRegister.java:tryRegister(44)) - Successfully registered JMX Bean with object name Ratis:service=RaftServer,group=group-CEB52C9AA540,id=ea5b9712-cbb3-4773-924e-06a9bcd9ddf4
2019-10-14 09:56:16,124 [RatisPipelineUtilsThread] INFO  pipeline.PipelineStateManager (PipelineStateManager.java:addPipeline(56)) - Created pipeline Pipeline[ Id: f26428b4-333f-456d-8d0d-ceb52c9aa540, Nodes: ea5b9712-cbb3-4773-924e-06a9bcd9ddf4{ip: 192.168.151.98, host: pr-hdds-2295-pn7hw-3586430783, networkLocation: /default-rack, certSerialId: null}, Type:RATIS, Factor:ONE, State:OPEN]
2019-10-14 09:56:16,140 [grpc-default-executor-0] INFO  impl.RaftServerProxy (RaftServerProxy.java:addNew(89)) - c6e5da1e-3405-4306-b196-adfa6bf80e55: addNew group-5FA6E199366A:[c6e5da1e-3405-4306-b196-adfa6bf80e55:192.168.151.98:39145] returns group-5FA6E199366A:java.util.concurrent.CompletableFuture@93dc7d[Not completed]
2019-10-14 09:56:16,143 [pool-77-thread-1] INFO  impl.RaftServerImpl (RaftServerImpl.java:<init>(95)) - c6e5da1e-3405-4306-b196-adfa6bf80e55: new RaftServerImpl for group-5FA6E199366A:[c6e5da1e-3405-4306-b196-adfa6bf80e55:192.168.151.98:39145] with ContainerStateMachine:uninitialized
2019-10-14 09:56:16,144 [pool-77-thread-1] INFO  server.RaftServerConfigKeys (ConfUtils.java:logGet(43)) - raft.server.rpc.timeout.min = 5s (custom)
2019-10-14 09:56:16,144 [pool-77-thread-1] INFO  server.RaftServerConfigKeys (ConfUtils.java:logGet(43)) - raft.server.rpc.timeout.max = 5200ms (custom)
2019-10-14 09:56:16,144 [pool-77-thread-1] INFO  server.RaftServerConfigKeys (ConfUtils.java:logGet(43)) - raft.server.rpcslowness.timeout = 120s (custom)
2019-10-14 09:56:16,144 [pool-77-thread-1] INFO  server.RaftServerConfigKeys (ConfUtils.java:logGet(43)) - raft.server.sleep.deviation.threshold = 300 (default)
2019-10-14 09:56:16,144 [pool-77-thread-1] INFO  server.RaftServerConfigKeys (ConfUtils.java:logGet(43)) - raft.server.log.appender.install.snapshot.enabled = false (custom)
2019-10-14 09:56:16,144 [pool-77-thread-1] INFO  impl.RaftServerImpl (ServerState.java:<init>(103)) - c6e5da1e-3405-4306-b196-adfa6bf80e55@group-5FA6E199366A: ConfigurationManager, init=-1: [c6e5da1e-3405-4306-b196-adfa6bf80e55:192.168.151.98:39145], old=null, confs=<EMPTY_MAP>
2019-10-14 09:56:16,144 [pool-77-thread-1] INFO  server.RaftServerConfigKeys (ConfUtils.java:logGet(43)) - raft.server.storage.dir = [/workdir/hadoop-ozone/integration-test/target/test-dir/MiniOzoneClusterImpl-2d6df893-75cb-4c24-b206-748970ef4ec9/datanode-5/data/ratis] (custom)
2019-10-14 09:56:16,144 [pool-77-thread-1] INFO  server.RaftServerConfigKeys (ConfUtils.java:logGet(43)) - raft.server.log.corruption.policy = EXCEPTION (default)
2019-10-14 09:56:16,145 [pool-77-thread-1] INFO  storage.RaftStorageDirectory (RaftStorageDirectory.java:analyzeStorage(246)) - The storage directory /workdir/hadoop-ozone/integration-test/target/test-dir/MiniOzoneClusterImpl-2d6df893-75cb-4c24-b206-748970ef4ec9/datanode-5/data/ratis/ffdfe164-e948-4146-b82b-5fa6e199366a does not exist. Creating ...
2019-10-14 09:56:16,157 [pool-77-thread-1] INFO  storage.RaftStorageDirectory (RaftStorageDirectory.java:tryLock(328)) - Lock on /workdir/hadoop-ozone/integration-test/target/test-dir/MiniOzoneClusterImpl-2d6df893-75cb-4c24-b206-748970ef4ec9/datanode-5/data/ratis/ffdfe164-e948-4146-b82b-5fa6e199366a/in_use.lock acquired by nodename 12758@pr-hdds-2295-pn7hw-3586430783
2019-10-14 09:56:16,172 [pool-77-thread-1] INFO  storage.RaftStorage (RaftStorage.java:format(84)) - Storage directory /workdir/hadoop-ozone/integration-test/target/test-dir/MiniOzoneClusterImpl-2d6df893-75cb-4c24-b206-748970ef4ec9/datanode-5/data/ratis/ffdfe164-e948-4146-b82b-5fa6e199366a has been successfully formatted.
2019-10-14 09:56:16,173 [pool-77-thread-1] INFO  ratis.ContainerStateMachine (ContainerStateMachine.java:loadSnapshot(231)) - group-5FA6E199366A: The snapshot info is null. Setting the last applied indexto:(t:0, i:~)
2019-10-14 09:56:16,173 [pool-77-thread-1] INFO  server.RaftServerConfigKeys (ConfUtils.java:logGet(43)) - raft.server.notification.no-leader.timeout = 120s (custom)
2019-10-14 09:56:16,173 [pool-77-thread-1] INFO  server.RaftServerConfigKeys (ConfUtils.java:logGet(43)) - raft.server.log.use.memory = false (default)
2019-10-14 09:56:16,173 [pool-77-thread-1] INFO  server.RaftServerConfigKeys (ConfUtils.java:logGet(43)) - raft.server.log.purge.gap = 1000000 (custom)
2019-10-14 09:56:16,173 [pool-77-thread-1] INFO  server.RaftServerConfigKeys (ConfUtils.java:logGet(43)) - raft.server.log.appender.buffer.byte-limit = 33554432 (custom)
2019-10-14 09:56:16,173 [pool-77-thread-1] INFO  server.RaftServerConfigKeys (ConfUtils.java:logGet(43)) - raft.server.log.segment.size.max = 1048576 (custom)
2019-10-14 09:56:16,177 [pool-77-thread-1] INFO  server.RaftServerConfigKeys (ConfUtils.java:logGet(43)) - raft.server.log.segment.cache.num.max = 2 (custom)
2019-10-14 09:56:16,177 [pool-77-thread-1] INFO  segmented.SegmentedRaftLogWorker (SegmentedRaftLogWorker.java:<init>(173)) - new c6e5da1e-3405-4306-b196-adfa6bf80e55@group-5FA6E199366A-SegmentedRaftLogWorker for RaftStorage:Storage Directory /workdir/hadoop-ozone/integration-test/target/test-dir/MiniOzoneClusterImpl-2d6df893-75cb-4c24-b206-748970ef4ec9/datanode-5/data/ratis/ffdfe164-e948-4146-b82b-5fa6e199366a
2019-10-14 09:56:16,177 [pool-77-thread-1] INFO  server.RaftServerConfigKeys (ConfUtils.java:logGet(43)) - raft.server.log.queue.byte-limit = 2147483647 (custom)
2019-10-14 09:56:16,177 [pool-77-thread-1] INFO  server.RaftServerConfigKeys (ConfUtils.java:logGet(43)) - raft.server.log.queue.element-limit = 1024 (custom)
2019-10-14 09:56:16,177 [pool-77-thread-1] INFO  server.RaftServerConfigKeys (ConfUtils.java:logGet(43)) - raft.server.log.segment.size.max = 1048576 (custom)
2019-10-14 09:56:16,177 [pool-77-thread-1] INFO  server.RaftServerConfigKeys (ConfUtils.java:logGet(43)) - raft.server.log.preallocated.size = 16384 (custom)
2019-10-14 09:56:16,177 [pool-77-thread-1] INFO  server.RaftServerConfigKeys (ConfUtils.java:logGet(43)) - raft.server.log.write.buffer.size = 33554432 (custom)
2019-10-14 09:56:16,177 [pool-77-thread-1] INFO  server.RaftServerConfigKeys (ConfUtils.java:logGet(43)) - raft.server.log.force.sync.num = 128 (default)
2019-10-14 09:56:16,177 [pool-77-thread-1] INFO  server.RaftServerConfigKeys (ConfUtils.java:logGet(43)) - raft.server.log.statemachine.data.sync = true (default)
2019-10-14 09:56:16,177 [pool-77-thread-1] INFO  server.RaftServerConfigKeys (ConfUtils.java:logGet(43)) - raft.server.log.statemachine.data.sync.timeout = 10s (default)
2019-10-14 09:56:16,178 [pool-77-thread-1] INFO  server.RaftServerConfigKeys (ConfUtils.java:logGet(43)) - raft.server.log.statemachine.data.sync.timeout.retry = -1 (default)
2019-10-14 09:56:16,178 [pool-77-thread-1] INFO  server.RaftServerConfigKeys (ConfUtils.java:logGet(43)) - raft.server.log.statemachine.data.caching.enabled = true (custom)
2019-10-14 09:56:16,178 [pool-77-thread-1] INFO  segmented.SegmentedRaftLogWorker (SegmentedRaftLogWorker.java:lambda$new$0(128)) - c6e5da1e-3405-4306-b196-adfa6bf80e55@group-5FA6E199366A-SegmentedRaftLogWorker: flushIndex: setUnconditionally 0 -> -1
2019-10-14 09:56:16,179 [pool-77-thread-1] INFO  server.RaftServerConfigKeys (ConfUtils.java:logGet(43)) - raft.server.snapshot.auto.trigger.enabled = true (custom)
2019-10-14 09:56:16,179 [pool-77-thread-1] INFO  server.RaftServerConfigKeys (ConfUtils.java:logGet(43)) - raft.server.snapshot.auto.trigger.threshold = 10000 (custom)
2019-10-14 09:56:16,179 [pool-77-thread-1] INFO  server.RaftServerConfigKeys (ConfUtils.java:logGet(43)) - raft.server.snapshot.retention.file.num = 5 (custom)
2019-10-14 09:56:16,179 [pool-77-thread-1] INFO  server.RaftServerConfigKeys (ConfUtils.java:logGet(43)) - raft.server.retrycache.expirytime = 600000ms (custom)
2019-10-14 09:56:16,183 [pool-77-thread-1] INFO  impl.RaftServerImpl (RaftServerImpl.java:start(181)) - c6e5da1e-3405-4306-b196-adfa6bf80e55@group-5FA6E199366A: start as a follower, conf=-1: [c6e5da1e-3405-4306-b196-adfa6bf80e55:192.168.151.98:39145], old=null
2019-10-14 09:56:16,183 [pool-77-thread-1] INFO  impl.RaftServerImpl (RaftServerImpl.java:setRole(170)) - c6e5da1e-3405-4306-b196-adfa6bf80e55@group-5FA6E199366A: changes role from      null to FOLLOWER at term 0 for startAsFollower
2019-10-14 09:56:16,184 [pool-77-thread-1] INFO  impl.RoleInfo (RoleInfo.java:updateAndGet(143)) - c6e5da1e-3405-4306-b196-adfa6bf80e55: start FollowerState
2019-10-14 09:56:16,184 [pool-77-thread-1] INFO  util.JmxRegister (JmxRegister.java:tryRegister(44)) - Successfully registered JMX Bean with object name Ratis:service=RaftServer,group=group-5FA6E199366A,id=c6e5da1e-3405-4306-b196-adfa6bf80e55
2019-10-14 09:56:16,207 [RatisPipelineUtilsThread] INFO  pipeline.PipelineStateManager (PipelineStateManager.java:addPipeline(56)) - Created pipeline Pipeline[ Id: ffdfe164-e948-4146-b82b-5fa6e199366a, Nodes: c6e5da1e-3405-4306-b196-adfa6bf80e55{ip: 192.168.151.98, host: pr-hdds-2295-pn7hw-3586430783, networkLocation: /default-rack, certSerialId: null}, Type:RATIS, Factor:ONE, State:OPEN]
2019-10-14 09:56:16,221 [grpc-default-executor-0] INFO  impl.RaftServerProxy (RaftServerProxy.java:addNew(89)) - d2730208-fd8e-4977-80a8-483ef143a0fd: addNew group-E45668DC9709:[d2730208-fd8e-4977-80a8-483ef143a0fd:192.168.151.98:35732] returns group-E45668DC9709:java.util.concurrent.CompletableFuture@e9d0c71[Not completed]
2019-10-14 09:56:16,225 [pool-57-thread-1] INFO  impl.RaftServerImpl (RaftServerImpl.java:<init>(95)) - d2730208-fd8e-4977-80a8-483ef143a0fd: new RaftServerImpl for group-E45668DC9709:[d2730208-fd8e-4977-80a8-483ef143a0fd:192.168.151.98:35732] with ContainerStateMachine:uninitialized
2019-10-14 09:56:16,226 [pool-57-thread-1] INFO  server.RaftServerConfigKeys (ConfUtils.java:logGet(43)) - raft.server.rpc.timeout.min = 5s (custom)
2019-10-14 09:56:16,226 [pool-57-thread-1] INFO  server.RaftServerConfigKeys (ConfUtils.java:logGet(43)) - raft.server.rpc.timeout.max = 5200ms (custom)
2019-10-14 09:56:16,226 [pool-57-thread-1] INFO  server.RaftServerConfigKeys (ConfUtils.java:logGet(43)) - raft.server.rpcslowness.timeout = 120s (custom)
2019-10-14 09:56:16,226 [pool-57-thread-1] INFO  server.RaftServerConfigKeys (ConfUtils.java:logGet(43)) - raft.server.sleep.deviation.threshold = 300 (default)
2019-10-14 09:56:16,226 [pool-57-thread-1] INFO  server.RaftServerConfigKeys (ConfUtils.java:logGet(43)) - raft.server.log.appender.install.snapshot.enabled = false (custom)
2019-10-14 09:56:16,226 [pool-57-thread-1] INFO  impl.RaftServerImpl (ServerState.java:<init>(103)) - d2730208-fd8e-4977-80a8-483ef143a0fd@group-E45668DC9709: ConfigurationManager, init=-1: [d2730208-fd8e-4977-80a8-483ef143a0fd:192.168.151.98:35732], old=null, confs=<EMPTY_MAP>
2019-10-14 09:56:16,227 [pool-57-thread-1] INFO  server.RaftServerConfigKeys (ConfUtils.java:logGet(43)) - raft.server.storage.dir = [/workdir/hadoop-ozone/integration-test/target/test-dir/MiniOzoneClusterImpl-2d6df893-75cb-4c24-b206-748970ef4ec9/datanode-3/data/ratis] (custom)
2019-10-14 09:56:16,227 [pool-57-thread-1] INFO  server.RaftServerConfigKeys (ConfUtils.java:logGet(43)) - raft.server.log.corruption.policy = EXCEPTION (default)
2019-10-14 09:56:16,227 [pool-57-thread-1] INFO  storage.RaftStorageDirectory (RaftStorageDirectory.java:analyzeStorage(246)) - The storage directory /workdir/hadoop-ozone/integration-test/target/test-dir/MiniOzoneClusterImpl-2d6df893-75cb-4c24-b206-748970ef4ec9/datanode-3/data/ratis/7144b5c9-df68-4249-844d-e45668dc9709 does not exist. Creating ...
2019-10-14 09:56:16,241 [pool-57-thread-1] INFO  storage.RaftStorageDirectory (RaftStorageDirectory.java:tryLock(328)) - Lock on /workdir/hadoop-ozone/integration-test/target/test-dir/MiniOzoneClusterImpl-2d6df893-75cb-4c24-b206-748970ef4ec9/datanode-3/data/ratis/7144b5c9-df68-4249-844d-e45668dc9709/in_use.lock acquired by nodename 12758@pr-hdds-2295-pn7hw-3586430783
2019-10-14 09:56:16,253 [pool-57-thread-1] INFO  storage.RaftStorage (RaftStorage.java:format(84)) - Storage directory /workdir/hadoop-ozone/integration-test/target/test-dir/MiniOzoneClusterImpl-2d6df893-75cb-4c24-b206-748970ef4ec9/datanode-3/data/ratis/7144b5c9-df68-4249-844d-e45668dc9709 has been successfully formatted.
2019-10-14 09:56:16,254 [pool-57-thread-1] INFO  ratis.ContainerStateMachine (ContainerStateMachine.java:loadSnapshot(231)) - group-E45668DC9709: The snapshot info is null. Setting the last applied indexto:(t:0, i:~)
2019-10-14 09:56:16,254 [pool-57-thread-1] INFO  server.RaftServerConfigKeys (ConfUtils.java:logGet(43)) - raft.server.notification.no-leader.timeout = 120s (custom)
2019-10-14 09:56:16,254 [pool-57-thread-1] INFO  server.RaftServerConfigKeys (ConfUtils.java:logGet(43)) - raft.server.log.use.memory = false (default)
2019-10-14 09:56:16,254 [pool-57-thread-1] INFO  server.RaftServerConfigKeys (ConfUtils.java:logGet(43)) - raft.server.log.purge.gap = 1000000 (custom)
2019-10-14 09:56:16,254 [pool-57-thread-1] INFO  server.RaftServerConfigKeys (ConfUtils.java:logGet(43)) - raft.server.log.appender.buffer.byte-limit = 33554432 (custom)
2019-10-14 09:56:16,255 [pool-57-thread-1] INFO  server.RaftServerConfigKeys (ConfUtils.java:logGet(43)) - raft.server.log.segment.size.max = 1048576 (custom)
2019-10-14 09:56:16,258 [pool-57-thread-1] INFO  server.RaftServerConfigKeys (ConfUtils.java:logGet(43)) - raft.server.log.segment.cache.num.max = 2 (custom)
2019-10-14 09:56:16,258 [pool-57-thread-1] INFO  segmented.SegmentedRaftLogWorker (SegmentedRaftLogWorker.java:<init>(173)) - new d2730208-fd8e-4977-80a8-483ef143a0fd@group-E45668DC9709-SegmentedRaftLogWorker for RaftStorage:Storage Directory /workdir/hadoop-ozone/integration-test/target/test-dir/MiniOzoneClusterImpl-2d6df893-75cb-4c24-b206-748970ef4ec9/datanode-3/data/ratis/7144b5c9-df68-4249-844d-e45668dc9709
2019-10-14 09:56:16,259 [pool-57-thread-1] INFO  server.RaftServerConfigKeys (ConfUtils.java:logGet(43)) - raft.server.log.queue.byte-limit = 2147483647 (custom)
2019-10-14 09:56:16,259 [pool-57-thread-1] INFO  server.RaftServerConfigKeys (ConfUtils.java:logGet(43)) - raft.server.log.queue.element-limit = 1024 (custom)
2019-10-14 09:56:16,259 [pool-57-thread-1] INFO  server.RaftServerConfigKeys (ConfUtils.java:logGet(43)) - raft.server.log.segment.size.max = 1048576 (custom)
2019-10-14 09:56:16,259 [pool-57-thread-1] INFO  server.RaftServerConfigKeys (ConfUtils.java:logGet(43)) - raft.server.log.preallocated.size = 16384 (custom)
2019-10-14 09:56:16,259 [pool-57-thread-1] INFO  server.RaftServerConfigKeys (ConfUtils.java:logGet(43)) - raft.server.log.write.buffer.size = 33554432 (custom)
2019-10-14 09:56:16,259 [pool-57-thread-1] INFO  server.RaftServerConfigKeys (ConfUtils.java:logGet(43)) - raft.server.log.force.sync.num = 128 (default)
2019-10-14 09:56:16,259 [pool-57-thread-1] INFO  server.RaftServerConfigKeys (ConfUtils.java:logGet(43)) - raft.server.log.statemachine.data.sync = true (default)
2019-10-14 09:56:16,259 [pool-57-thread-1] INFO  server.RaftServerConfigKeys (ConfUtils.java:logGet(43)) - raft.server.log.statemachine.data.sync.timeout = 10s (default)
2019-10-14 09:56:16,260 [pool-57-thread-1] INFO  server.RaftServerConfigKeys (ConfUtils.java:logGet(43)) - raft.server.log.statemachine.data.sync.timeout.retry = -1 (default)
2019-10-14 09:56:16,260 [pool-57-thread-1] INFO  server.RaftServerConfigKeys (ConfUtils.java:logGet(43)) - raft.server.log.statemachine.data.caching.enabled = true (custom)
2019-10-14 09:56:16,260 [pool-57-thread-1] INFO  segmented.SegmentedRaftLogWorker (SegmentedRaftLogWorker.java:lambda$new$0(128)) - d2730208-fd8e-4977-80a8-483ef143a0fd@group-E45668DC9709-SegmentedRaftLogWorker: flushIndex: setUnconditionally 0 -> -1
2019-10-14 09:56:16,262 [pool-57-thread-1] INFO  server.RaftServerConfigKeys (ConfUtils.java:logGet(43)) - raft.server.snapshot.auto.trigger.enabled = true (custom)
2019-10-14 09:56:16,266 [pool-57-thread-1] INFO  server.RaftServerConfigKeys (ConfUtils.java:logGet(43)) - raft.server.snapshot.auto.trigger.threshold = 10000 (custom)
2019-10-14 09:56:16,266 [pool-57-thread-1] INFO  server.RaftServerConfigKeys (ConfUtils.java:logGet(43)) - raft.server.snapshot.retention.file.num = 5 (custom)
2019-10-14 09:56:16,266 [pool-57-thread-1] INFO  server.RaftServerConfigKeys (ConfUtils.java:logGet(43)) - raft.server.retrycache.expirytime = 600000ms (custom)
2019-10-14 09:56:16,269 [pool-57-thread-1] INFO  impl.RaftServerImpl (RaftServerImpl.java:start(181)) - d2730208-fd8e-4977-80a8-483ef143a0fd@group-E45668DC9709: start as a follower, conf=-1: [d2730208-fd8e-4977-80a8-483ef143a0fd:192.168.151.98:35732], old=null
2019-10-14 09:56:16,269 [pool-57-thread-1] INFO  impl.RaftServerImpl (RaftServerImpl.java:setRole(170)) - d2730208-fd8e-4977-80a8-483ef143a0fd@group-E45668DC9709: changes role from      null to FOLLOWER at term 0 for startAsFollower
2019-10-14 09:56:16,269 [pool-57-thread-1] INFO  impl.RoleInfo (RoleInfo.java:updateAndGet(143)) - d2730208-fd8e-4977-80a8-483ef143a0fd: start FollowerState
2019-10-14 09:56:16,269 [pool-57-thread-1] INFO  util.JmxRegister (JmxRegister.java:tryRegister(44)) - Successfully registered JMX Bean with object name Ratis:service=RaftServer,group=group-E45668DC9709,id=d2730208-fd8e-4977-80a8-483ef143a0fd
2019-10-14 09:56:16,280 [RatisPipelineUtilsThread] INFO  pipeline.PipelineStateManager (PipelineStateManager.java:addPipeline(56)) - Created pipeline Pipeline[ Id: 7144b5c9-df68-4249-844d-e45668dc9709, Nodes: d2730208-fd8e-4977-80a8-483ef143a0fd{ip: 192.168.151.98, host: pr-hdds-2295-pn7hw-3586430783, networkLocation: /default-rack, certSerialId: null}, Type:RATIS, Factor:ONE, State:OPEN]
2019-10-14 09:56:16,296 [grpc-default-executor-0] INFO  impl.RaftServerProxy (RaftServerProxy.java:addNew(89)) - eece51ad-d320-4c8a-a233-260debf16eed: addNew group-67354DF3BC46:[eece51ad-d320-4c8a-a233-260debf16eed:192.168.151.98:34694] returns group-67354DF3BC46:java.util.concurrent.CompletableFuture@58ae2d8a[Not completed]
2019-10-14 09:56:16,300 [pool-87-thread-1] INFO  impl.RaftServerImpl (RaftServerImpl.java:<init>(95)) - eece51ad-d320-4c8a-a233-260debf16eed: new RaftServerImpl for group-67354DF3BC46:[eece51ad-d320-4c8a-a233-260debf16eed:192.168.151.98:34694] with ContainerStateMachine:uninitialized
2019-10-14 09:56:16,300 [pool-87-thread-1] INFO  server.RaftServerConfigKeys (ConfUtils.java:logGet(43)) - raft.server.rpc.timeout.min = 5s (custom)
2019-10-14 09:56:16,300 [pool-87-thread-1] INFO  server.RaftServerConfigKeys (ConfUtils.java:logGet(43)) - raft.server.rpc.timeout.max = 5200ms (custom)
2019-10-14 09:56:16,300 [pool-87-thread-1] INFO  server.RaftServerConfigKeys (ConfUtils.java:logGet(43)) - raft.server.rpcslowness.timeout = 120s (custom)
2019-10-14 09:56:16,300 [pool-87-thread-1] INFO  server.RaftServerConfigKeys (ConfUtils.java:logGet(43)) - raft.server.sleep.deviation.threshold = 300 (default)
2019-10-14 09:56:16,300 [pool-87-thread-1] INFO  server.RaftServerConfigKeys (ConfUtils.java:logGet(43)) - raft.server.log.appender.install.snapshot.enabled = false (custom)
2019-10-14 09:56:16,300 [pool-87-thread-1] INFO  impl.RaftServerImpl (ServerState.java:<init>(103)) - eece51ad-d320-4c8a-a233-260debf16eed@group-67354DF3BC46: ConfigurationManager, init=-1: [eece51ad-d320-4c8a-a233-260debf16eed:192.168.151.98:34694], old=null, confs=<EMPTY_MAP>
2019-10-14 09:56:16,301 [pool-87-thread-1] INFO  server.RaftServerConfigKeys (ConfUtils.java:logGet(43)) - raft.server.storage.dir = [/workdir/hadoop-ozone/integration-test/target/test-dir/MiniOzoneClusterImpl-2d6df893-75cb-4c24-b206-748970ef4ec9/datanode-6/data/ratis] (custom)
2019-10-14 09:56:16,301 [pool-87-thread-1] INFO  server.RaftServerConfigKeys (ConfUtils.java:logGet(43)) - raft.server.log.corruption.policy = EXCEPTION (default)
2019-10-14 09:56:16,301 [pool-87-thread-1] INFO  storage.RaftStorageDirectory (RaftStorageDirectory.java:analyzeStorage(246)) - The storage directory /workdir/hadoop-ozone/integration-test/target/test-dir/MiniOzoneClusterImpl-2d6df893-75cb-4c24-b206-748970ef4ec9/datanode-6/data/ratis/8bcbc79a-759c-4c48-8350-67354df3bc46 does not exist. Creating ...
2019-10-14 09:56:16,314 [pool-87-thread-1] INFO  storage.RaftStorageDirectory (RaftStorageDirectory.java:tryLock(328)) - Lock on /workdir/hadoop-ozone/integration-test/target/test-dir/MiniOzoneClusterImpl-2d6df893-75cb-4c24-b206-748970ef4ec9/datanode-6/data/ratis/8bcbc79a-759c-4c48-8350-67354df3bc46/in_use.lock acquired by nodename 12758@pr-hdds-2295-pn7hw-3586430783
2019-10-14 09:56:16,327 [pool-87-thread-1] INFO  storage.RaftStorage (RaftStorage.java:format(84)) - Storage directory /workdir/hadoop-ozone/integration-test/target/test-dir/MiniOzoneClusterImpl-2d6df893-75cb-4c24-b206-748970ef4ec9/datanode-6/data/ratis/8bcbc79a-759c-4c48-8350-67354df3bc46 has been successfully formatted.
2019-10-14 09:56:16,327 [pool-87-thread-1] INFO  ratis.ContainerStateMachine (ContainerStateMachine.java:loadSnapshot(231)) - group-67354DF3BC46: The snapshot info is null. Setting the last applied indexto:(t:0, i:~)
2019-10-14 09:56:16,327 [pool-87-thread-1] INFO  server.RaftServerConfigKeys (ConfUtils.java:logGet(43)) - raft.server.notification.no-leader.timeout = 120s (custom)
2019-10-14 09:56:16,327 [pool-87-thread-1] INFO  server.RaftServerConfigKeys (ConfUtils.java:logGet(43)) - raft.server.log.use.memory = false (default)
2019-10-14 09:56:16,327 [pool-87-thread-1] INFO  server.RaftServerConfigKeys (ConfUtils.java:logGet(43)) - raft.server.log.purge.gap = 1000000 (custom)
2019-10-14 09:56:16,327 [pool-87-thread-1] INFO  server.RaftServerConfigKeys (ConfUtils.java:logGet(43)) - raft.server.log.appender.buffer.byte-limit = 33554432 (custom)
2019-10-14 09:56:16,327 [pool-87-thread-1] INFO  server.RaftServerConfigKeys (ConfUtils.java:logGet(43)) - raft.server.log.segment.size.max = 1048576 (custom)
2019-10-14 09:56:16,329 [pool-87-thread-1] INFO  server.RaftServerConfigKeys (ConfUtils.java:logGet(43)) - raft.server.log.segment.cache.num.max = 2 (custom)
2019-10-14 09:56:16,330 [pool-87-thread-1] INFO  segmented.SegmentedRaftLogWorker (SegmentedRaftLogWorker.java:<init>(173)) - new eece51ad-d320-4c8a-a233-260debf16eed@group-67354DF3BC46-SegmentedRaftLogWorker for RaftStorage:Storage Directory /workdir/hadoop-ozone/integration-test/target/test-dir/MiniOzoneClusterImpl-2d6df893-75cb-4c24-b206-748970ef4ec9/datanode-6/data/ratis/8bcbc79a-759c-4c48-8350-67354df3bc46
2019-10-14 09:56:16,330 [pool-87-thread-1] INFO  server.RaftServerConfigKeys (ConfUtils.java:logGet(43)) - raft.server.log.queue.byte-limit = 2147483647 (custom)
2019-10-14 09:56:16,330 [pool-87-thread-1] INFO  server.RaftServerConfigKeys (ConfUtils.java:logGet(43)) - raft.server.log.queue.element-limit = 1024 (custom)
2019-10-14 09:56:16,330 [pool-87-thread-1] INFO  server.RaftServerConfigKeys (ConfUtils.java:logGet(43)) - raft.server.log.segment.size.max = 1048576 (custom)
2019-10-14 09:56:16,330 [pool-87-thread-1] INFO  server.RaftServerConfigKeys (ConfUtils.java:logGet(43)) - raft.server.log.preallocated.size = 16384 (custom)
2019-10-14 09:56:16,330 [pool-87-thread-1] INFO  server.RaftServerConfigKeys (ConfUtils.java:logGet(43)) - raft.server.log.write.buffer.size = 33554432 (custom)
2019-10-14 09:56:16,330 [pool-87-thread-1] INFO  server.RaftServerConfigKeys (ConfUtils.java:logGet(43)) - raft.server.log.force.sync.num = 128 (default)
2019-10-14 09:56:16,330 [pool-87-thread-1] INFO  server.RaftServerConfigKeys (ConfUtils.java:logGet(43)) - raft.server.log.statemachine.data.sync = true (default)
2019-10-14 09:56:16,330 [pool-87-thread-1] INFO  server.RaftServerConfigKeys (ConfUtils.java:logGet(43)) - raft.server.log.statemachine.data.sync.timeout = 10s (default)
2019-10-14 09:56:16,330 [pool-87-thread-1] INFO  server.RaftServerConfigKeys (ConfUtils.java:logGet(43)) - raft.server.log.statemachine.data.sync.timeout.retry = -1 (default)
2019-10-14 09:56:16,331 [pool-87-thread-1] INFO  server.RaftServerConfigKeys (ConfUtils.java:logGet(43)) - raft.server.log.statemachine.data.caching.enabled = true (custom)
2019-10-14 09:56:16,331 [pool-87-thread-1] INFO  segmented.SegmentedRaftLogWorker (SegmentedRaftLogWorker.java:lambda$new$0(128)) - eece51ad-d320-4c8a-a233-260debf16eed@group-67354DF3BC46-SegmentedRaftLogWorker: flushIndex: setUnconditionally 0 -> -1
2019-10-14 09:56:16,331 [pool-87-thread-1] INFO  server.RaftServerConfigKeys (ConfUtils.java:logGet(43)) - raft.server.snapshot.auto.trigger.enabled = true (custom)
2019-10-14 09:56:16,331 [pool-87-thread-1] INFO  server.RaftServerConfigKeys (ConfUtils.java:logGet(43)) - raft.server.snapshot.auto.trigger.threshold = 10000 (custom)
2019-10-14 09:56:16,332 [pool-87-thread-1] INFO  server.RaftServerConfigKeys (ConfUtils.java:logGet(43)) - raft.server.snapshot.retention.file.num = 5 (custom)
2019-10-14 09:56:16,332 [pool-87-thread-1] INFO  server.RaftServerConfigKeys (ConfUtils.java:logGet(43)) - raft.server.retrycache.expirytime = 600000ms (custom)
2019-10-14 09:56:16,335 [pool-87-thread-1] INFO  impl.RaftServerImpl (RaftServerImpl.java:start(181)) - eece51ad-d320-4c8a-a233-260debf16eed@group-67354DF3BC46: start as a follower, conf=-1: [eece51ad-d320-4c8a-a233-260debf16eed:192.168.151.98:34694], old=null
2019-10-14 09:56:16,335 [pool-87-thread-1] INFO  impl.RaftServerImpl (RaftServerImpl.java:setRole(170)) - eece51ad-d320-4c8a-a233-260debf16eed@group-67354DF3BC46: changes role from      null to FOLLOWER at term 0 for startAsFollower
2019-10-14 09:56:16,335 [pool-87-thread-1] INFO  impl.RoleInfo (RoleInfo.java:updateAndGet(143)) - eece51ad-d320-4c8a-a233-260debf16eed: start FollowerState
2019-10-14 09:56:16,336 [pool-87-thread-1] INFO  util.JmxRegister (JmxRegister.java:tryRegister(44)) - Successfully registered JMX Bean with object name Ratis:service=RaftServer,group=group-67354DF3BC46,id=eece51ad-d320-4c8a-a233-260debf16eed
2019-10-14 09:56:16,350 [RatisPipelineUtilsThread] INFO  pipeline.PipelineStateManager (PipelineStateManager.java:addPipeline(56)) - Created pipeline Pipeline[ Id: 8bcbc79a-759c-4c48-8350-67354df3bc46, Nodes: eece51ad-d320-4c8a-a233-260debf16eed{ip: 192.168.151.98, host: pr-hdds-2295-pn7hw-3586430783, networkLocation: /default-rack, certSerialId: null}, Type:RATIS, Factor:ONE, State:OPEN]
2019-10-14 09:56:16,362 [grpc-default-executor-0] INFO  impl.RaftServerProxy (RaftServerProxy.java:addNew(89)) - f26223fc-bc4e-4a9a-90c4-64b7cc04c2c0: addNew group-9F3DB610B9D7:[f26223fc-bc4e-4a9a-90c4-64b7cc04c2c0:192.168.151.98:37192] returns group-9F3DB610B9D7:java.util.concurrent.CompletableFuture@324c834f[Not completed]
2019-10-14 09:56:16,365 [pool-67-thread-1] INFO  impl.RaftServerImpl (RaftServerImpl.java:<init>(95)) - f26223fc-bc4e-4a9a-90c4-64b7cc04c2c0: new RaftServerImpl for group-9F3DB610B9D7:[f26223fc-bc4e-4a9a-90c4-64b7cc04c2c0:192.168.151.98:37192] with ContainerStateMachine:uninitialized
2019-10-14 09:56:16,365 [pool-67-thread-1] INFO  server.RaftServerConfigKeys (ConfUtils.java:logGet(43)) - raft.server.rpc.timeout.min = 5s (custom)
2019-10-14 09:56:16,365 [pool-67-thread-1] INFO  server.RaftServerConfigKeys (ConfUtils.java:logGet(43)) - raft.server.rpc.timeout.max = 5200ms (custom)
2019-10-14 09:56:16,366 [pool-67-thread-1] INFO  server.RaftServerConfigKeys (ConfUtils.java:logGet(43)) - raft.server.rpcslowness.timeout = 120s (custom)
2019-10-14 09:56:16,366 [pool-67-thread-1] INFO  server.RaftServerConfigKeys (ConfUtils.java:logGet(43)) - raft.server.sleep.deviation.threshold = 300 (default)
2019-10-14 09:56:16,366 [pool-67-thread-1] INFO  server.RaftServerConfigKeys (ConfUtils.java:logGet(43)) - raft.server.log.appender.install.snapshot.enabled = false (custom)
2019-10-14 09:56:16,366 [pool-67-thread-1] INFO  impl.RaftServerImpl (ServerState.java:<init>(103)) - f26223fc-bc4e-4a9a-90c4-64b7cc04c2c0@group-9F3DB610B9D7: ConfigurationManager, init=-1: [f26223fc-bc4e-4a9a-90c4-64b7cc04c2c0:192.168.151.98:37192], old=null, confs=<EMPTY_MAP>
2019-10-14 09:56:16,366 [pool-67-thread-1] INFO  server.RaftServerConfigKeys (ConfUtils.java:logGet(43)) - raft.server.storage.dir = [/workdir/hadoop-ozone/integration-test/target/test-dir/MiniOzoneClusterImpl-2d6df893-75cb-4c24-b206-748970ef4ec9/datanode-4/data/ratis] (custom)
2019-10-14 09:56:16,366 [pool-67-thread-1] INFO  server.RaftServerConfigKeys (ConfUtils.java:logGet(43)) - raft.server.log.corruption.policy = EXCEPTION (default)
2019-10-14 09:56:16,366 [pool-67-thread-1] INFO  storage.RaftStorageDirectory (RaftStorageDirectory.java:analyzeStorage(246)) - The storage directory /workdir/hadoop-ozone/integration-test/target/test-dir/MiniOzoneClusterImpl-2d6df893-75cb-4c24-b206-748970ef4ec9/datanode-4/data/ratis/2c41b43e-ec0f-4378-9ed8-9f3db610b9d7 does not exist. Creating ...
2019-10-14 09:56:16,379 [pool-67-thread-1] INFO  storage.RaftStorageDirectory (RaftStorageDirectory.java:tryLock(328)) - Lock on /workdir/hadoop-ozone/integration-test/target/test-dir/MiniOzoneClusterImpl-2d6df893-75cb-4c24-b206-748970ef4ec9/datanode-4/data/ratis/2c41b43e-ec0f-4378-9ed8-9f3db610b9d7/in_use.lock acquired by nodename 12758@pr-hdds-2295-pn7hw-3586430783
2019-10-14 09:56:16,391 [pool-67-thread-1] INFO  storage.RaftStorage (RaftStorage.java:format(84)) - Storage directory /workdir/hadoop-ozone/integration-test/target/test-dir/MiniOzoneClusterImpl-2d6df893-75cb-4c24-b206-748970ef4ec9/datanode-4/data/ratis/2c41b43e-ec0f-4378-9ed8-9f3db610b9d7 has been successfully formatted.
2019-10-14 09:56:16,392 [pool-67-thread-1] INFO  ratis.ContainerStateMachine (ContainerStateMachine.java:loadSnapshot(231)) - group-9F3DB610B9D7: The snapshot info is null. Setting the last applied indexto:(t:0, i:~)
2019-10-14 09:56:16,392 [pool-67-thread-1] INFO  server.RaftServerConfigKeys (ConfUtils.java:logGet(43)) - raft.server.notification.no-leader.timeout = 120s (custom)
2019-10-14 09:56:16,392 [pool-67-thread-1] INFO  server.RaftServerConfigKeys (ConfUtils.java:logGet(43)) - raft.server.log.use.memory = false (default)
2019-10-14 09:56:16,392 [pool-67-thread-1] INFO  server.RaftServerConfigKeys (ConfUtils.java:logGet(43)) - raft.server.log.purge.gap = 1000000 (custom)
2019-10-14 09:56:16,392 [pool-67-thread-1] INFO  server.RaftServerConfigKeys (ConfUtils.java:logGet(43)) - raft.server.log.appender.buffer.byte-limit = 33554432 (custom)
2019-10-14 09:56:16,392 [pool-67-thread-1] INFO  server.RaftServerConfigKeys (ConfUtils.java:logGet(43)) - raft.server.log.segment.size.max = 1048576 (custom)
2019-10-14 09:56:16,394 [pool-67-thread-1] INFO  server.RaftServerConfigKeys (ConfUtils.java:logGet(43)) - raft.server.log.segment.cache.num.max = 2 (custom)
2019-10-14 09:56:16,394 [pool-67-thread-1] INFO  segmented.SegmentedRaftLogWorker (SegmentedRaftLogWorker.java:<init>(173)) - new f26223fc-bc4e-4a9a-90c4-64b7cc04c2c0@group-9F3DB610B9D7-SegmentedRaftLogWorker for RaftStorage:Storage Directory /workdir/hadoop-ozone/integration-test/target/test-dir/MiniOzoneClusterImpl-2d6df893-75cb-4c24-b206-748970ef4ec9/datanode-4/data/ratis/2c41b43e-ec0f-4378-9ed8-9f3db610b9d7
2019-10-14 09:56:16,394 [pool-67-thread-1] INFO  server.RaftServerConfigKeys (ConfUtils.java:logGet(43)) - raft.server.log.queue.byte-limit = 2147483647 (custom)
2019-10-14 09:56:16,395 [pool-67-thread-1] INFO  server.RaftServerConfigKeys (ConfUtils.java:logGet(43)) - raft.server.log.queue.element-limit = 1024 (custom)
2019-10-14 09:56:16,395 [pool-67-thread-1] INFO  server.RaftServerConfigKeys (ConfUtils.java:logGet(43)) - raft.server.log.segment.size.max = 1048576 (custom)
2019-10-14 09:56:16,395 [pool-67-thread-1] INFO  server.RaftServerConfigKeys (ConfUtils.java:logGet(43)) - raft.server.log.preallocated.size = 16384 (custom)
2019-10-14 09:56:16,395 [pool-67-thread-1] INFO  server.RaftServerConfigKeys (ConfUtils.java:logGet(43)) - raft.server.log.write.buffer.size = 33554432 (custom)
2019-10-14 09:56:16,395 [pool-67-thread-1] INFO  server.RaftServerConfigKeys (ConfUtils.java:logGet(43)) - raft.server.log.force.sync.num = 128 (default)
2019-10-14 09:56:16,395 [pool-67-thread-1] INFO  server.RaftServerConfigKeys (ConfUtils.java:logGet(43)) - raft.server.log.statemachine.data.sync = true (default)
2019-10-14 09:56:16,395 [pool-67-thread-1] INFO  server.RaftServerConfigKeys (ConfUtils.java:logGet(43)) - raft.server.log.statemachine.data.sync.timeout = 10s (default)
2019-10-14 09:56:16,395 [pool-67-thread-1] INFO  server.RaftServerConfigKeys (ConfUtils.java:logGet(43)) - raft.server.log.statemachine.data.sync.timeout.retry = -1 (default)
2019-10-14 09:56:16,396 [pool-67-thread-1] INFO  server.RaftServerConfigKeys (ConfUtils.java:logGet(43)) - raft.server.log.statemachine.data.caching.enabled = true (custom)
2019-10-14 09:56:16,396 [pool-67-thread-1] INFO  segmented.SegmentedRaftLogWorker (SegmentedRaftLogWorker.java:lambda$new$0(128)) - f26223fc-bc4e-4a9a-90c4-64b7cc04c2c0@group-9F3DB610B9D7-SegmentedRaftLogWorker: flushIndex: setUnconditionally 0 -> -1
2019-10-14 09:56:16,396 [pool-67-thread-1] INFO  server.RaftServerConfigKeys (ConfUtils.java:logGet(43)) - raft.server.snapshot.auto.trigger.enabled = true (custom)
2019-10-14 09:56:16,396 [pool-67-thread-1] INFO  server.RaftServerConfigKeys (ConfUtils.java:logGet(43)) - raft.server.snapshot.auto.trigger.threshold = 10000 (custom)
2019-10-14 09:56:16,396 [pool-67-thread-1] INFO  server.RaftServerConfigKeys (ConfUtils.java:logGet(43)) - raft.server.snapshot.retention.file.num = 5 (custom)
2019-10-14 09:56:16,397 [pool-67-thread-1] INFO  server.RaftServerConfigKeys (ConfUtils.java:logGet(43)) - raft.server.retrycache.expirytime = 600000ms (custom)
2019-10-14 09:56:16,398 [pool-67-thread-1] INFO  impl.RaftServerImpl (RaftServerImpl.java:start(181)) - f26223fc-bc4e-4a9a-90c4-64b7cc04c2c0@group-9F3DB610B9D7: start as a follower, conf=-1: [f26223fc-bc4e-4a9a-90c4-64b7cc04c2c0:192.168.151.98:37192], old=null
2019-10-14 09:56:16,398 [pool-67-thread-1] INFO  impl.RaftServerImpl (RaftServerImpl.java:setRole(170)) - f26223fc-bc4e-4a9a-90c4-64b7cc04c2c0@group-9F3DB610B9D7: changes role from      null to FOLLOWER at term 0 for startAsFollower
2019-10-14 09:56:16,398 [pool-67-thread-1] INFO  impl.RoleInfo (RoleInfo.java:updateAndGet(143)) - f26223fc-bc4e-4a9a-90c4-64b7cc04c2c0: start FollowerState
2019-10-14 09:56:16,399 [pool-67-thread-1] INFO  util.JmxRegister (JmxRegister.java:tryRegister(44)) - Successfully registered JMX Bean with object name Ratis:service=RaftServer,group=group-9F3DB610B9D7,id=f26223fc-bc4e-4a9a-90c4-64b7cc04c2c0
2019-10-14 09:56:16,419 [RatisPipelineUtilsThread] INFO  pipeline.PipelineStateManager (PipelineStateManager.java:addPipeline(56)) - Created pipeline Pipeline[ Id: 2c41b43e-ec0f-4378-9ed8-9f3db610b9d7, Nodes: f26223fc-bc4e-4a9a-90c4-64b7cc04c2c0{ip: 192.168.151.98, host: pr-hdds-2295-pn7hw-3586430783, networkLocation: /default-rack, certSerialId: null}, Type:RATIS, Factor:ONE, State:OPEN]
2019-10-14 09:56:16,449 [grpc-default-executor-1] INFO  impl.RaftServerProxy (RaftServerProxy.java:addNew(89)) - c8201ea9-c3bc-4c88-a549-caf3a2cf5add: addNew group-DBD4FBC4F8EC:[c8201ea9-c3bc-4c88-a549-caf3a2cf5add:192.168.151.98:37524, ea5b9712-cbb3-4773-924e-06a9bcd9ddf4:192.168.151.98:33305, 663c650b-dfd3-420f-8c3f-637d4c51479b:192.168.151.98:36938] returns group-DBD4FBC4F8EC:java.util.concurrent.CompletableFuture@48dad3c3[Not completed]
2019-10-14 09:56:16,449 [grpc-default-executor-2] INFO  impl.RaftServerProxy (RaftServerProxy.java:addNew(89)) - 663c650b-dfd3-420f-8c3f-637d4c51479b: addNew group-DBD4FBC4F8EC:[c8201ea9-c3bc-4c88-a549-caf3a2cf5add:192.168.151.98:37524, ea5b9712-cbb3-4773-924e-06a9bcd9ddf4:192.168.151.98:33305, 663c650b-dfd3-420f-8c3f-637d4c51479b:192.168.151.98:36938] returns group-DBD4FBC4F8EC:java.util.concurrent.CompletableFuture@6ebf2a00[Not completed]
2019-10-14 09:56:16,451 [grpc-default-executor-1] INFO  impl.RaftServerProxy (RaftServerProxy.java:addNew(89)) - ea5b9712-cbb3-4773-924e-06a9bcd9ddf4: addNew group-DBD4FBC4F8EC:[c8201ea9-c3bc-4c88-a549-caf3a2cf5add:192.168.151.98:37524, ea5b9712-cbb3-4773-924e-06a9bcd9ddf4:192.168.151.98:33305, 663c650b-dfd3-420f-8c3f-637d4c51479b:192.168.151.98:36938] returns group-DBD4FBC4F8EC:java.util.concurrent.CompletableFuture@4ce55e00[Not completed]
2019-10-14 09:56:16,452 [pool-27-thread-1] INFO  impl.RaftServerImpl (RaftServerImpl.java:<init>(95)) - c8201ea9-c3bc-4c88-a549-caf3a2cf5add: new RaftServerImpl for group-DBD4FBC4F8EC:[c8201ea9-c3bc-4c88-a549-caf3a2cf5add:192.168.151.98:37524, ea5b9712-cbb3-4773-924e-06a9bcd9ddf4:192.168.151.98:33305, 663c650b-dfd3-420f-8c3f-637d4c51479b:192.168.151.98:36938] with ContainerStateMachine:uninitialized
2019-10-14 09:56:16,452 [pool-27-thread-1] INFO  server.RaftServerConfigKeys (ConfUtils.java:logGet(43)) - raft.server.rpc.timeout.min = 5s (custom)
2019-10-14 09:56:16,452 [pool-27-thread-1] INFO  server.RaftServerConfigKeys (ConfUtils.java:logGet(43)) - raft.server.rpc.timeout.max = 5200ms (custom)
2019-10-14 09:56:16,452 [pool-27-thread-1] INFO  server.RaftServerConfigKeys (ConfUtils.java:logGet(43)) - raft.server.rpcslowness.timeout = 120s (custom)
2019-10-14 09:56:16,452 [pool-27-thread-1] INFO  server.RaftServerConfigKeys (ConfUtils.java:logGet(43)) - raft.server.sleep.deviation.threshold = 300 (default)
2019-10-14 09:56:16,452 [pool-27-thread-1] INFO  server.RaftServerConfigKeys (ConfUtils.java:logGet(43)) - raft.server.log.appender.install.snapshot.enabled = false (custom)
2019-10-14 09:56:16,452 [pool-27-thread-1] INFO  impl.RaftServerImpl (ServerState.java:<init>(103)) - c8201ea9-c3bc-4c88-a549-caf3a2cf5add@group-DBD4FBC4F8EC: ConfigurationManager, init=-1: [c8201ea9-c3bc-4c88-a549-caf3a2cf5add:192.168.151.98:37524, ea5b9712-cbb3-4773-924e-06a9bcd9ddf4:192.168.151.98:33305, 663c650b-dfd3-420f-8c3f-637d4c51479b:192.168.151.98:36938], old=null, confs=<EMPTY_MAP>
2019-10-14 09:56:16,452 [pool-27-thread-1] INFO  server.RaftServerConfigKeys (ConfUtils.java:logGet(43)) - raft.server.storage.dir = [/workdir/hadoop-ozone/integration-test/target/test-dir/MiniOzoneClusterImpl-2d6df893-75cb-4c24-b206-748970ef4ec9/datanode-0/data/ratis] (custom)
2019-10-14 09:56:16,453 [pool-27-thread-1] INFO  server.RaftServerConfigKeys (ConfUtils.java:logGet(43)) - raft.server.log.corruption.policy = EXCEPTION (default)
2019-10-14 09:56:16,453 [pool-37-thread-1] INFO  impl.RaftServerImpl (RaftServerImpl.java:<init>(95)) - 663c650b-dfd3-420f-8c3f-637d4c51479b: new RaftServerImpl for group-DBD4FBC4F8EC:[c8201ea9-c3bc-4c88-a549-caf3a2cf5add:192.168.151.98:37524, ea5b9712-cbb3-4773-924e-06a9bcd9ddf4:192.168.151.98:33305, 663c650b-dfd3-420f-8c3f-637d4c51479b:192.168.151.98:36938] with ContainerStateMachine:uninitialized
2019-10-14 09:56:16,453 [pool-27-thread-1] INFO  storage.RaftStorageDirectory (RaftStorageDirectory.java:analyzeStorage(246)) - The storage directory /workdir/hadoop-ozone/integration-test/target/test-dir/MiniOzoneClusterImpl-2d6df893-75cb-4c24-b206-748970ef4ec9/datanode-0/data/ratis/a74fdba1-5fc5-46e1-815f-dbd4fbc4f8ec does not exist. Creating ...
2019-10-14 09:56:16,453 [pool-37-thread-1] INFO  server.RaftServerConfigKeys (ConfUtils.java:logGet(43)) - raft.server.rpc.timeout.min = 5s (custom)
2019-10-14 09:56:16,454 [pool-37-thread-1] INFO  server.RaftServerConfigKeys (ConfUtils.java:logGet(43)) - raft.server.rpc.timeout.max = 5200ms (custom)
2019-10-14 09:56:16,454 [pool-37-thread-1] INFO  server.RaftServerConfigKeys (ConfUtils.java:logGet(43)) - raft.server.rpcslowness.timeout = 120s (custom)
2019-10-14 09:56:16,454 [pool-47-thread-1] INFO  impl.RaftServerImpl (RaftServerImpl.java:<init>(95)) - ea5b9712-cbb3-4773-924e-06a9bcd9ddf4: new RaftServerImpl for group-DBD4FBC4F8EC:[c8201ea9-c3bc-4c88-a549-caf3a2cf5add:192.168.151.98:37524, ea5b9712-cbb3-4773-924e-06a9bcd9ddf4:192.168.151.98:33305, 663c650b-dfd3-420f-8c3f-637d4c51479b:192.168.151.98:36938] with ContainerStateMachine:uninitialized
2019-10-14 09:56:16,455 [pool-37-thread-1] INFO  server.RaftServerConfigKeys (ConfUtils.java:logGet(43)) - raft.server.sleep.deviation.threshold = 300 (default)
2019-10-14 09:56:16,455 [pool-47-thread-1] INFO  server.RaftServerConfigKeys (ConfUtils.java:logGet(43)) - raft.server.rpc.timeout.min = 5s (custom)
2019-10-14 09:56:16,455 [pool-37-thread-1] INFO  server.RaftServerConfigKeys (ConfUtils.java:logGet(43)) - raft.server.log.appender.install.snapshot.enabled = false (custom)
2019-10-14 09:56:16,455 [pool-47-thread-1] INFO  server.RaftServerConfigKeys (ConfUtils.java:logGet(43)) - raft.server.rpc.timeout.max = 5200ms (custom)
2019-10-14 09:56:16,455 [pool-37-thread-1] INFO  impl.RaftServerImpl (ServerState.java:<init>(103)) - 663c650b-dfd3-420f-8c3f-637d4c51479b@group-DBD4FBC4F8EC: ConfigurationManager, init=-1: [c8201ea9-c3bc-4c88-a549-caf3a2cf5add:192.168.151.98:37524, ea5b9712-cbb3-4773-924e-06a9bcd9ddf4:192.168.151.98:33305, 663c650b-dfd3-420f-8c3f-637d4c51479b:192.168.151.98:36938], old=null, confs=<EMPTY_MAP>
2019-10-14 09:56:16,455 [pool-47-thread-1] INFO  server.RaftServerConfigKeys (ConfUtils.java:logGet(43)) - raft.server.rpcslowness.timeout = 120s (custom)
2019-10-14 09:56:16,455 [pool-47-thread-1] INFO  server.RaftServerConfigKeys (ConfUtils.java:logGet(43)) - raft.server.sleep.deviation.threshold = 300 (default)
2019-10-14 09:56:16,455 [pool-37-thread-1] INFO  server.RaftServerConfigKeys (ConfUtils.java:logGet(43)) - raft.server.storage.dir = [/workdir/hadoop-ozone/integration-test/target/test-dir/MiniOzoneClusterImpl-2d6df893-75cb-4c24-b206-748970ef4ec9/datanode-1/data/ratis] (custom)
2019-10-14 09:56:16,455 [pool-47-thread-1] INFO  server.RaftServerConfigKeys (ConfUtils.java:logGet(43)) - raft.server.log.appender.install.snapshot.enabled = false (custom)
2019-10-14 09:56:16,456 [pool-47-thread-1] INFO  impl.RaftServerImpl (ServerState.java:<init>(103)) - ea5b9712-cbb3-4773-924e-06a9bcd9ddf4@group-DBD4FBC4F8EC: ConfigurationManager, init=-1: [c8201ea9-c3bc-4c88-a549-caf3a2cf5add:192.168.151.98:37524, ea5b9712-cbb3-4773-924e-06a9bcd9ddf4:192.168.151.98:33305, 663c650b-dfd3-420f-8c3f-637d4c51479b:192.168.151.98:36938], old=null, confs=<EMPTY_MAP>
2019-10-14 09:56:16,456 [pool-37-thread-1] INFO  server.RaftServerConfigKeys (ConfUtils.java:logGet(43)) - raft.server.log.corruption.policy = EXCEPTION (default)
2019-10-14 09:56:16,456 [pool-47-thread-1] INFO  server.RaftServerConfigKeys (ConfUtils.java:logGet(43)) - raft.server.storage.dir = [/workdir/hadoop-ozone/integration-test/target/test-dir/MiniOzoneClusterImpl-2d6df893-75cb-4c24-b206-748970ef4ec9/datanode-2/data/ratis] (custom)
2019-10-14 09:56:16,456 [pool-37-thread-1] INFO  storage.RaftStorageDirectory (RaftStorageDirectory.java:analyzeStorage(246)) - The storage directory /workdir/hadoop-ozone/integration-test/target/test-dir/MiniOzoneClusterImpl-2d6df893-75cb-4c24-b206-748970ef4ec9/datanode-1/data/ratis/a74fdba1-5fc5-46e1-815f-dbd4fbc4f8ec does not exist. Creating ...
2019-10-14 09:56:16,456 [pool-47-thread-1] INFO  server.RaftServerConfigKeys (ConfUtils.java:logGet(43)) - raft.server.log.corruption.policy = EXCEPTION (default)
2019-10-14 09:56:16,456 [pool-47-thread-1] INFO  storage.RaftStorageDirectory (RaftStorageDirectory.java:analyzeStorage(246)) - The storage directory /workdir/hadoop-ozone/integration-test/target/test-dir/MiniOzoneClusterImpl-2d6df893-75cb-4c24-b206-748970ef4ec9/datanode-2/data/ratis/a74fdba1-5fc5-46e1-815f-dbd4fbc4f8ec does not exist. Creating ...
2019-10-14 09:56:16,468 [pool-47-thread-1] INFO  storage.RaftStorageDirectory (RaftStorageDirectory.java:tryLock(328)) - Lock on /workdir/hadoop-ozone/integration-test/target/test-dir/MiniOzoneClusterImpl-2d6df893-75cb-4c24-b206-748970ef4ec9/datanode-2/data/ratis/a74fdba1-5fc5-46e1-815f-dbd4fbc4f8ec/in_use.lock acquired by nodename 12758@pr-hdds-2295-pn7hw-3586430783
2019-10-14 09:56:16,468 [pool-37-thread-1] INFO  storage.RaftStorageDirectory (RaftStorageDirectory.java:tryLock(328)) - Lock on /workdir/hadoop-ozone/integration-test/target/test-dir/MiniOzoneClusterImpl-2d6df893-75cb-4c24-b206-748970ef4ec9/datanode-1/data/ratis/a74fdba1-5fc5-46e1-815f-dbd4fbc4f8ec/in_use.lock acquired by nodename 12758@pr-hdds-2295-pn7hw-3586430783
2019-10-14 09:56:16,468 [pool-27-thread-1] INFO  storage.RaftStorageDirectory (RaftStorageDirectory.java:tryLock(328)) - Lock on /workdir/hadoop-ozone/integration-test/target/test-dir/MiniOzoneClusterImpl-2d6df893-75cb-4c24-b206-748970ef4ec9/datanode-0/data/ratis/a74fdba1-5fc5-46e1-815f-dbd4fbc4f8ec/in_use.lock acquired by nodename 12758@pr-hdds-2295-pn7hw-3586430783
2019-10-14 09:56:16,481 [pool-47-thread-1] INFO  storage.RaftStorage (RaftStorage.java:format(84)) - Storage directory /workdir/hadoop-ozone/integration-test/target/test-dir/MiniOzoneClusterImpl-2d6df893-75cb-4c24-b206-748970ef4ec9/datanode-2/data/ratis/a74fdba1-5fc5-46e1-815f-dbd4fbc4f8ec has been successfully formatted.
2019-10-14 09:56:16,481 [pool-27-thread-1] INFO  storage.RaftStorage (RaftStorage.java:format(84)) - Storage directory /workdir/hadoop-ozone/integration-test/target/test-dir/MiniOzoneClusterImpl-2d6df893-75cb-4c24-b206-748970ef4ec9/datanode-0/data/ratis/a74fdba1-5fc5-46e1-815f-dbd4fbc4f8ec has been successfully formatted.
2019-10-14 09:56:16,481 [pool-47-thread-1] INFO  ratis.ContainerStateMachine (ContainerStateMachine.java:loadSnapshot(231)) - group-DBD4FBC4F8EC: The snapshot info is null. Setting the last applied indexto:(t:0, i:~)
2019-10-14 09:56:16,481 [pool-37-thread-1] INFO  storage.RaftStorage (RaftStorage.java:format(84)) - Storage directory /workdir/hadoop-ozone/integration-test/target/test-dir/MiniOzoneClusterImpl-2d6df893-75cb-4c24-b206-748970ef4ec9/datanode-1/data/ratis/a74fdba1-5fc5-46e1-815f-dbd4fbc4f8ec has been successfully formatted.
2019-10-14 09:56:16,481 [pool-27-thread-1] INFO  ratis.ContainerStateMachine (ContainerStateMachine.java:loadSnapshot(231)) - group-DBD4FBC4F8EC: The snapshot info is null. Setting the last applied indexto:(t:0, i:~)
2019-10-14 09:56:16,481 [pool-47-thread-1] INFO  server.RaftServerConfigKeys (ConfUtils.java:logGet(43)) - raft.server.notification.no-leader.timeout = 120s (custom)
2019-10-14 09:56:16,482 [pool-37-thread-1] INFO  ratis.ContainerStateMachine (ContainerStateMachine.java:loadSnapshot(231)) - group-DBD4FBC4F8EC: The snapshot info is null. Setting the last applied indexto:(t:0, i:~)
2019-10-14 09:56:16,482 [pool-47-thread-1] INFO  server.RaftServerConfigKeys (ConfUtils.java:logGet(43)) - raft.server.log.use.memory = false (default)
2019-10-14 09:56:16,482 [pool-27-thread-1] INFO  server.RaftServerConfigKeys (ConfUtils.java:logGet(43)) - raft.server.notification.no-leader.timeout = 120s (custom)
2019-10-14 09:56:16,482 [pool-47-thread-1] INFO  server.RaftServerConfigKeys (ConfUtils.java:logGet(43)) - raft.server.log.purge.gap = 1000000 (custom)
2019-10-14 09:56:16,482 [pool-37-thread-1] INFO  server.RaftServerConfigKeys (ConfUtils.java:logGet(43)) - raft.server.notification.no-leader.timeout = 120s (custom)
2019-10-14 09:56:16,482 [pool-47-thread-1] INFO  server.RaftServerConfigKeys (ConfUtils.java:logGet(43)) - raft.server.log.appender.buffer.byte-limit = 33554432 (custom)
2019-10-14 09:56:16,482 [pool-27-thread-1] INFO  server.RaftServerConfigKeys (ConfUtils.java:logGet(43)) - raft.server.log.use.memory = false (default)
2019-10-14 09:56:16,482 [pool-47-thread-1] INFO  server.RaftServerConfigKeys (ConfUtils.java:logGet(43)) - raft.server.log.segment.size.max = 1048576 (custom)
2019-10-14 09:56:16,482 [pool-37-thread-1] INFO  server.RaftServerConfigKeys (ConfUtils.java:logGet(43)) - raft.server.log.use.memory = false (default)
2019-10-14 09:56:16,483 [pool-47-thread-1] INFO  server.RaftServerConfigKeys (ConfUtils.java:logGet(43)) - raft.server.log.segment.cache.num.max = 2 (custom)
2019-10-14 09:56:16,483 [pool-27-thread-1] INFO  server.RaftServerConfigKeys (ConfUtils.java:logGet(43)) - raft.server.log.purge.gap = 1000000 (custom)
2019-10-14 09:56:16,483 [pool-47-thread-1] INFO  segmented.SegmentedRaftLogWorker (SegmentedRaftLogWorker.java:<init>(173)) - new ea5b9712-cbb3-4773-924e-06a9bcd9ddf4@group-DBD4FBC4F8EC-SegmentedRaftLogWorker for RaftStorage:Storage Directory /workdir/hadoop-ozone/integration-test/target/test-dir/MiniOzoneClusterImpl-2d6df893-75cb-4c24-b206-748970ef4ec9/datanode-2/data/ratis/a74fdba1-5fc5-46e1-815f-dbd4fbc4f8ec
2019-10-14 09:56:16,483 [pool-37-thread-1] INFO  server.RaftServerConfigKeys (ConfUtils.java:logGet(43)) - raft.server.log.purge.gap = 1000000 (custom)
2019-10-14 09:56:16,483 [pool-47-thread-1] INFO  server.RaftServerConfigKeys (ConfUtils.java:logGet(43)) - raft.server.log.queue.byte-limit = 2147483647 (custom)
2019-10-14 09:56:16,483 [pool-27-thread-1] INFO  server.RaftServerConfigKeys (ConfUtils.java:logGet(43)) - raft.server.log.appender.buffer.byte-limit = 33554432 (custom)
2019-10-14 09:56:16,483 [pool-47-thread-1] INFO  server.RaftServerConfigKeys (ConfUtils.java:logGet(43)) - raft.server.log.queue.element-limit = 1024 (custom)
2019-10-14 09:56:16,483 [pool-37-thread-1] INFO  server.RaftServerConfigKeys (ConfUtils.java:logGet(43)) - raft.server.log.appender.buffer.byte-limit = 33554432 (custom)
2019-10-14 09:56:16,483 [pool-47-thread-1] INFO  server.RaftServerConfigKeys (ConfUtils.java:logGet(43)) - raft.server.log.segment.size.max = 1048576 (custom)
2019-10-14 09:56:16,483 [pool-27-thread-1] INFO  server.RaftServerConfigKeys (ConfUtils.java:logGet(43)) - raft.server.log.segment.size.max = 1048576 (custom)
2019-10-14 09:56:16,484 [pool-47-thread-1] INFO  server.RaftServerConfigKeys (ConfUtils.java:logGet(43)) - raft.server.log.preallocated.size = 16384 (custom)
2019-10-14 09:56:16,484 [pool-37-thread-1] INFO  server.RaftServerConfigKeys (ConfUtils.java:logGet(43)) - raft.server.log.segment.size.max = 1048576 (custom)
2019-10-14 09:56:16,484 [pool-47-thread-1] INFO  server.RaftServerConfigKeys (ConfUtils.java:logGet(43)) - raft.server.log.write.buffer.size = 33554432 (custom)
2019-10-14 09:56:16,484 [pool-27-thread-1] INFO  server.RaftServerConfigKeys (ConfUtils.java:logGet(43)) - raft.server.log.segment.cache.num.max = 2 (custom)
2019-10-14 09:56:16,484 [pool-47-thread-1] INFO  server.RaftServerConfigKeys (ConfUtils.java:logGet(43)) - raft.server.log.force.sync.num = 128 (default)
2019-10-14 09:56:16,484 [pool-37-thread-1] INFO  server.RaftServerConfigKeys (ConfUtils.java:logGet(43)) - raft.server.log.segment.cache.num.max = 2 (custom)
2019-10-14 09:56:16,484 [pool-47-thread-1] INFO  server.RaftServerConfigKeys (ConfUtils.java:logGet(43)) - raft.server.log.statemachine.data.sync = true (default)
2019-10-14 09:56:16,484 [pool-27-thread-1] INFO  segmented.SegmentedRaftLogWorker (SegmentedRaftLogWorker.java:<init>(173)) - new c8201ea9-c3bc-4c88-a549-caf3a2cf5add@group-DBD4FBC4F8EC-SegmentedRaftLogWorker for RaftStorage:Storage Directory /workdir/hadoop-ozone/integration-test/target/test-dir/MiniOzoneClusterImpl-2d6df893-75cb-4c24-b206-748970ef4ec9/datanode-0/data/ratis/a74fdba1-5fc5-46e1-815f-dbd4fbc4f8ec
2019-10-14 09:56:16,485 [pool-47-thread-1] INFO  server.RaftServerConfigKeys (ConfUtils.java:logGet(43)) - raft.server.log.statemachine.data.sync.timeout = 10s (default)
2019-10-14 09:56:16,484 [pool-37-thread-1] INFO  segmented.SegmentedRaftLogWorker (SegmentedRaftLogWorker.java:<init>(173)) - new 663c650b-dfd3-420f-8c3f-637d4c51479b@group-DBD4FBC4F8EC-SegmentedRaftLogWorker for RaftStorage:Storage Directory /workdir/hadoop-ozone/integration-test/target/test-dir/MiniOzoneClusterImpl-2d6df893-75cb-4c24-b206-748970ef4ec9/datanode-1/data/ratis/a74fdba1-5fc5-46e1-815f-dbd4fbc4f8ec
2019-10-14 09:56:16,485 [pool-47-thread-1] INFO  server.RaftServerConfigKeys (ConfUtils.java:logGet(43)) - raft.server.log.statemachine.data.sync.timeout.retry = -1 (default)
2019-10-14 09:56:16,485 [pool-27-thread-1] INFO  server.RaftServerConfigKeys (ConfUtils.java:logGet(43)) - raft.server.log.queue.byte-limit = 2147483647 (custom)
2019-10-14 09:56:16,485 [pool-47-thread-1] INFO  server.RaftServerConfigKeys (ConfUtils.java:logGet(43)) - raft.server.log.statemachine.data.caching.enabled = true (custom)
2019-10-14 09:56:16,485 [pool-37-thread-1] INFO  server.RaftServerConfigKeys (ConfUtils.java:logGet(43)) - raft.server.log.queue.byte-limit = 2147483647 (custom)
2019-10-14 09:56:16,485 [pool-27-thread-1] INFO  server.RaftServerConfigKeys (ConfUtils.java:logGet(43)) - raft.server.log.queue.element-limit = 1024 (custom)
2019-10-14 09:56:16,485 [pool-47-thread-1] INFO  segmented.SegmentedRaftLogWorker (SegmentedRaftLogWorker.java:lambda$new$0(128)) - ea5b9712-cbb3-4773-924e-06a9bcd9ddf4@group-DBD4FBC4F8EC-SegmentedRaftLogWorker: flushIndex: setUnconditionally 0 -> -1
2019-10-14 09:56:16,485 [pool-37-thread-1] INFO  server.RaftServerConfigKeys (ConfUtils.java:logGet(43)) - raft.server.log.queue.element-limit = 1024 (custom)
2019-10-14 09:56:16,485 [pool-27-thread-1] INFO  server.RaftServerConfigKeys (ConfUtils.java:logGet(43)) - raft.server.log.segment.size.max = 1048576 (custom)
2019-10-14 09:56:16,486 [pool-47-thread-1] INFO  server.RaftServerConfigKeys (ConfUtils.java:logGet(43)) - raft.server.snapshot.auto.trigger.enabled = true (custom)
2019-10-14 09:56:16,485 [pool-37-thread-1] INFO  server.RaftServerConfigKeys (ConfUtils.java:logGet(43)) - raft.server.log.segment.size.max = 1048576 (custom)
2019-10-14 09:56:16,486 [pool-47-thread-1] INFO  server.RaftServerConfigKeys (ConfUtils.java:logGet(43)) - raft.server.snapshot.auto.trigger.threshold = 10000 (custom)
2019-10-14 09:56:16,486 [pool-27-thread-1] INFO  server.RaftServerConfigKeys (ConfUtils.java:logGet(43)) - raft.server.log.preallocated.size = 16384 (custom)
2019-10-14 09:56:16,486 [pool-47-thread-1] INFO  server.RaftServerConfigKeys (ConfUtils.java:logGet(43)) - raft.server.snapshot.retention.file.num = 5 (custom)
2019-10-14 09:56:16,486 [pool-37-thread-1] INFO  server.RaftServerConfigKeys (ConfUtils.java:logGet(43)) - raft.server.log.preallocated.size = 16384 (custom)
2019-10-14 09:56:16,486 [pool-47-thread-1] INFO  server.RaftServerConfigKeys (ConfUtils.java:logGet(43)) - raft.server.retrycache.expirytime = 600000ms (custom)
2019-10-14 09:56:16,486 [pool-27-thread-1] INFO  server.RaftServerConfigKeys (ConfUtils.java:logGet(43)) - raft.server.log.write.buffer.size = 33554432 (custom)
2019-10-14 09:56:16,486 [pool-37-thread-1] INFO  server.RaftServerConfigKeys (ConfUtils.java:logGet(43)) - raft.server.log.write.buffer.size = 33554432 (custom)
2019-10-14 09:56:16,486 [pool-27-thread-1] INFO  server.RaftServerConfigKeys (ConfUtils.java:logGet(43)) - raft.server.log.force.sync.num = 128 (default)
2019-10-14 09:56:16,486 [pool-37-thread-1] INFO  server.RaftServerConfigKeys (ConfUtils.java:logGet(43)) - raft.server.log.force.sync.num = 128 (default)
2019-10-14 09:56:16,487 [pool-27-thread-1] INFO  server.RaftServerConfigKeys (ConfUtils.java:logGet(43)) - raft.server.log.statemachine.data.sync = true (default)
2019-10-14 09:56:16,487 [pool-37-thread-1] INFO  server.RaftServerConfigKeys (ConfUtils.java:logGet(43)) - raft.server.log.statemachine.data.sync = true (default)
2019-10-14 09:56:16,487 [pool-27-thread-1] INFO  server.RaftServerConfigKeys (ConfUtils.java:logGet(43)) - raft.server.log.statemachine.data.sync.timeout = 10s (default)
2019-10-14 09:56:16,487 [pool-37-thread-1] INFO  server.RaftServerConfigKeys (ConfUtils.java:logGet(43)) - raft.server.log.statemachine.data.sync.timeout = 10s (default)
2019-10-14 09:56:16,487 [pool-27-thread-1] INFO  server.RaftServerConfigKeys (ConfUtils.java:logGet(43)) - raft.server.log.statemachine.data.sync.timeout.retry = -1 (default)
2019-10-14 09:56:16,487 [pool-37-thread-1] INFO  server.RaftServerConfigKeys (ConfUtils.java:logGet(43)) - raft.server.log.statemachine.data.sync.timeout.retry = -1 (default)
2019-10-14 09:56:16,487 [pool-27-thread-1] INFO  server.RaftServerConfigKeys (ConfUtils.java:logGet(43)) - raft.server.log.statemachine.data.caching.enabled = true (custom)
2019-10-14 09:56:16,487 [pool-37-thread-1] INFO  server.RaftServerConfigKeys (ConfUtils.java:logGet(43)) - raft.server.log.statemachine.data.caching.enabled = true (custom)
2019-10-14 09:56:16,488 [pool-27-thread-1] INFO  segmented.SegmentedRaftLogWorker (SegmentedRaftLogWorker.java:lambda$new$0(128)) - c8201ea9-c3bc-4c88-a549-caf3a2cf5add@group-DBD4FBC4F8EC-SegmentedRaftLogWorker: flushIndex: setUnconditionally 0 -> -1
2019-10-14 09:56:16,488 [pool-37-thread-1] INFO  segmented.SegmentedRaftLogWorker (SegmentedRaftLogWorker.java:lambda$new$0(128)) - 663c650b-dfd3-420f-8c3f-637d4c51479b@group-DBD4FBC4F8EC-SegmentedRaftLogWorker: flushIndex: setUnconditionally 0 -> -1
2019-10-14 09:56:16,488 [pool-27-thread-1] INFO  server.RaftServerConfigKeys (ConfUtils.java:logGet(43)) - raft.server.snapshot.auto.trigger.enabled = true (custom)
2019-10-14 09:56:16,488 [pool-37-thread-1] INFO  server.RaftServerConfigKeys (ConfUtils.java:logGet(43)) - raft.server.snapshot.auto.trigger.enabled = true (custom)
2019-10-14 09:56:16,488 [pool-27-thread-1] INFO  server.RaftServerConfigKeys (ConfUtils.java:logGet(43)) - raft.server.snapshot.auto.trigger.threshold = 10000 (custom)
2019-10-14 09:56:16,488 [pool-37-thread-1] INFO  server.RaftServerConfigKeys (ConfUtils.java:logGet(43)) - raft.server.snapshot.auto.trigger.threshold = 10000 (custom)
2019-10-14 09:56:16,488 [pool-47-thread-1] INFO  impl.RaftServerImpl (RaftServerImpl.java:start(181)) - ea5b9712-cbb3-4773-924e-06a9bcd9ddf4@group-DBD4FBC4F8EC: start as a follower, conf=-1: [c8201ea9-c3bc-4c88-a549-caf3a2cf5add:192.168.151.98:37524, ea5b9712-cbb3-4773-924e-06a9bcd9ddf4:192.168.151.98:33305, 663c650b-dfd3-420f-8c3f-637d4c51479b:192.168.151.98:36938], old=null
2019-10-14 09:56:16,488 [pool-27-thread-1] INFO  server.RaftServerConfigKeys (ConfUtils.java:logGet(43)) - raft.server.snapshot.retention.file.num = 5 (custom)
2019-10-14 09:56:16,488 [pool-47-thread-1] INFO  impl.RaftServerImpl (RaftServerImpl.java:setRole(170)) - ea5b9712-cbb3-4773-924e-06a9bcd9ddf4@group-DBD4FBC4F8EC: changes role from      null to FOLLOWER at term 0 for startAsFollower
2019-10-14 09:56:16,488 [pool-37-thread-1] INFO  server.RaftServerConfigKeys (ConfUtils.java:logGet(43)) - raft.server.snapshot.retention.file.num = 5 (custom)
2019-10-14 09:56:16,488 [pool-47-thread-1] INFO  impl.RoleInfo (RoleInfo.java:updateAndGet(143)) - ea5b9712-cbb3-4773-924e-06a9bcd9ddf4: start FollowerState
2019-10-14 09:56:16,489 [pool-37-thread-1] INFO  server.RaftServerConfigKeys (ConfUtils.java:logGet(43)) - raft.server.retrycache.expirytime = 600000ms (custom)
2019-10-14 09:56:16,488 [pool-27-thread-1] INFO  server.RaftServerConfigKeys (ConfUtils.java:logGet(43)) - raft.server.retrycache.expirytime = 600000ms (custom)
2019-10-14 09:56:16,489 [pool-47-thread-1] INFO  util.JmxRegister (JmxRegister.java:tryRegister(44)) - Successfully registered JMX Bean with object name Ratis:service=RaftServer,group=group-DBD4FBC4F8EC,id=ea5b9712-cbb3-4773-924e-06a9bcd9ddf4
2019-10-14 09:56:16,491 [pool-37-thread-1] INFO  impl.RaftServerImpl (RaftServerImpl.java:start(181)) - 663c650b-dfd3-420f-8c3f-637d4c51479b@group-DBD4FBC4F8EC: start as a follower, conf=-1: [c8201ea9-c3bc-4c88-a549-caf3a2cf5add:192.168.151.98:37524, ea5b9712-cbb3-4773-924e-06a9bcd9ddf4:192.168.151.98:33305, 663c650b-dfd3-420f-8c3f-637d4c51479b:192.168.151.98:36938], old=null
2019-10-14 09:56:16,492 [pool-37-thread-1] INFO  impl.RaftServerImpl (RaftServerImpl.java:setRole(170)) - 663c650b-dfd3-420f-8c3f-637d4c51479b@group-DBD4FBC4F8EC: changes role from      null to FOLLOWER at term 0 for startAsFollower
2019-10-14 09:56:16,492 [pool-37-thread-1] INFO  impl.RoleInfo (RoleInfo.java:updateAndGet(143)) - 663c650b-dfd3-420f-8c3f-637d4c51479b: start FollowerState
2019-10-14 09:56:16,492 [pool-37-thread-1] INFO  util.JmxRegister (JmxRegister.java:tryRegister(44)) - Successfully registered JMX Bean with object name Ratis:service=RaftServer,group=group-DBD4FBC4F8EC,id=663c650b-dfd3-420f-8c3f-637d4c51479b
2019-10-14 09:56:16,492 [pool-27-thread-1] INFO  impl.RaftServerImpl (RaftServerImpl.java:start(181)) - c8201ea9-c3bc-4c88-a549-caf3a2cf5add@group-DBD4FBC4F8EC: start as a follower, conf=-1: [c8201ea9-c3bc-4c88-a549-caf3a2cf5add:192.168.151.98:37524, ea5b9712-cbb3-4773-924e-06a9bcd9ddf4:192.168.151.98:33305, 663c650b-dfd3-420f-8c3f-637d4c51479b:192.168.151.98:36938], old=null
2019-10-14 09:56:16,492 [pool-27-thread-1] INFO  impl.RaftServerImpl (RaftServerImpl.java:setRole(170)) - c8201ea9-c3bc-4c88-a549-caf3a2cf5add@group-DBD4FBC4F8EC: changes role from      null to FOLLOWER at term 0 for startAsFollower
2019-10-14 09:56:16,492 [pool-27-thread-1] INFO  impl.RoleInfo (RoleInfo.java:updateAndGet(143)) - c8201ea9-c3bc-4c88-a549-caf3a2cf5add: start FollowerState
2019-10-14 09:56:16,493 [pool-27-thread-1] INFO  util.JmxRegister (JmxRegister.java:tryRegister(44)) - Successfully registered JMX Bean with object name Ratis:service=RaftServer,group=group-DBD4FBC4F8EC,id=c8201ea9-c3bc-4c88-a549-caf3a2cf5add
2019-10-14 09:56:16,510 [RatisPipelineUtilsThread] INFO  pipeline.PipelineStateManager (PipelineStateManager.java:addPipeline(56)) - Created pipeline Pipeline[ Id: a74fdba1-5fc5-46e1-815f-dbd4fbc4f8ec, Nodes: 663c650b-dfd3-420f-8c3f-637d4c51479b{ip: 192.168.151.98, host: pr-hdds-2295-pn7hw-3586430783, networkLocation: /default-rack, certSerialId: null}ea5b9712-cbb3-4773-924e-06a9bcd9ddf4{ip: 192.168.151.98, host: pr-hdds-2295-pn7hw-3586430783, networkLocation: /default-rack, certSerialId: null}c8201ea9-c3bc-4c88-a549-caf3a2cf5add{ip: 192.168.151.98, host: pr-hdds-2295-pn7hw-3586430783, networkLocation: /default-rack, certSerialId: null}, Type:RATIS, Factor:THREE, State:OPEN]
2019-10-14 09:56:16,523 [main] INFO  ozone.MiniOzoneClusterImpl (MiniOzoneClusterImpl.java:lambda$waitForClusterToBeReady$0(147)) - Cluster is ready. Got 7 of 7 DN Heartbeats.
2019-10-14 09:56:16,533 [grpc-default-executor-1] INFO  impl.RaftServerProxy (RaftServerProxy.java:addNew(89)) - d2730208-fd8e-4977-80a8-483ef143a0fd: addNew group-4EC1C361F3D5:[c6e5da1e-3405-4306-b196-adfa6bf80e55:192.168.151.98:39145, d2730208-fd8e-4977-80a8-483ef143a0fd:192.168.151.98:35732, eece51ad-d320-4c8a-a233-260debf16eed:192.168.151.98:34694] returns group-4EC1C361F3D5:java.util.concurrent.CompletableFuture@267edb01[Not completed]
2019-10-14 09:56:16,539 [grpc-default-executor-1] INFO  impl.RaftServerProxy (RaftServerProxy.java:addNew(89)) - c6e5da1e-3405-4306-b196-adfa6bf80e55: addNew group-4EC1C361F3D5:[c6e5da1e-3405-4306-b196-adfa6bf80e55:192.168.151.98:39145, d2730208-fd8e-4977-80a8-483ef143a0fd:192.168.151.98:35732, eece51ad-d320-4c8a-a233-260debf16eed:192.168.151.98:34694] returns group-4EC1C361F3D5:java.util.concurrent.CompletableFuture@38a450c6[Not completed]
2019-10-14 09:56:16,542 [pool-57-thread-1] INFO  impl.RaftServerImpl (RaftServerImpl.java:<init>(95)) - d2730208-fd8e-4977-80a8-483ef143a0fd: new RaftServerImpl for group-4EC1C361F3D5:[c6e5da1e-3405-4306-b196-adfa6bf80e55:192.168.151.98:39145, d2730208-fd8e-4977-80a8-483ef143a0fd:192.168.151.98:35732, eece51ad-d320-4c8a-a233-260debf16eed:192.168.151.98:34694] with ContainerStateMachine:uninitialized
2019-10-14 09:56:16,542 [grpc-default-executor-1] INFO  impl.RaftServerProxy (RaftServerProxy.java:addNew(89)) - eece51ad-d320-4c8a-a233-260debf16eed: addNew group-4EC1C361F3D5:[c6e5da1e-3405-4306-b196-adfa6bf80e55:192.168.151.98:39145, d2730208-fd8e-4977-80a8-483ef143a0fd:192.168.151.98:35732, eece51ad-d320-4c8a-a233-260debf16eed:192.168.151.98:34694] returns group-4EC1C361F3D5:java.util.concurrent.CompletableFuture@5ed70c8c[Not completed]
2019-10-14 09:56:16,542 [pool-57-thread-1] INFO  server.RaftServerConfigKeys (ConfUtils.java:logGet(43)) - raft.server.rpc.timeout.min = 5s (custom)
2019-10-14 09:56:16,542 [pool-77-thread-1] INFO  impl.RaftServerImpl (RaftServerImpl.java:<init>(95)) - c6e5da1e-3405-4306-b196-adfa6bf80e55: new RaftServerImpl for group-4EC1C361F3D5:[c6e5da1e-3405-4306-b196-adfa6bf80e55:192.168.151.98:39145, d2730208-fd8e-4977-80a8-483ef143a0fd:192.168.151.98:35732, eece51ad-d320-4c8a-a233-260debf16eed:192.168.151.98:34694] with ContainerStateMachine:uninitialized
2019-10-14 09:56:16,542 [pool-57-thread-1] INFO  server.RaftServerConfigKeys (ConfUtils.java:logGet(43)) - raft.server.rpc.timeout.max = 5200ms (custom)
2019-10-14 09:56:16,542 [pool-77-thread-1] INFO  server.RaftServerConfigKeys (ConfUtils.java:logGet(43)) - raft.server.rpc.timeout.min = 5s (custom)
2019-10-14 09:56:16,542 [pool-57-thread-1] INFO  server.RaftServerConfigKeys (ConfUtils.java:logGet(43)) - raft.server.rpcslowness.timeout = 120s (custom)
2019-10-14 09:56:16,542 [pool-77-thread-1] INFO  server.RaftServerConfigKeys (ConfUtils.java:logGet(43)) - raft.server.rpc.timeout.max = 5200ms (custom)
2019-10-14 09:56:16,543 [pool-57-thread-1] INFO  server.RaftServerConfigKeys (ConfUtils.java:logGet(43)) - raft.server.sleep.deviation.threshold = 300 (default)
2019-10-14 09:56:16,543 [pool-77-thread-1] INFO  server.RaftServerConfigKeys (ConfUtils.java:logGet(43)) - raft.server.rpcslowness.timeout = 120s (custom)
2019-10-14 09:56:16,543 [pool-57-thread-1] INFO  server.RaftServerConfigKeys (ConfUtils.java:logGet(43)) - raft.server.log.appender.install.snapshot.enabled = false (custom)
2019-10-14 09:56:16,543 [pool-77-thread-1] INFO  server.RaftServerConfigKeys (ConfUtils.java:logGet(43)) - raft.server.sleep.deviation.threshold = 300 (default)
2019-10-14 09:56:16,543 [pool-57-thread-1] INFO  impl.RaftServerImpl (ServerState.java:<init>(103)) - d2730208-fd8e-4977-80a8-483ef143a0fd@group-4EC1C361F3D5: ConfigurationManager, init=-1: [c6e5da1e-3405-4306-b196-adfa6bf80e55:192.168.151.98:39145, d2730208-fd8e-4977-80a8-483ef143a0fd:192.168.151.98:35732, eece51ad-d320-4c8a-a233-260debf16eed:192.168.151.98:34694], old=null, confs=<EMPTY_MAP>
2019-10-14 09:56:16,543 [pool-77-thread-1] INFO  server.RaftServerConfigKeys (ConfUtils.java:logGet(43)) - raft.server.log.appender.install.snapshot.enabled = false (custom)
2019-10-14 09:56:16,543 [pool-77-thread-1] INFO  impl.RaftServerImpl (ServerState.java:<init>(103)) - c6e5da1e-3405-4306-b196-adfa6bf80e55@group-4EC1C361F3D5: ConfigurationManager, init=-1: [c6e5da1e-3405-4306-b196-adfa6bf80e55:192.168.151.98:39145, d2730208-fd8e-4977-80a8-483ef143a0fd:192.168.151.98:35732, eece51ad-d320-4c8a-a233-260debf16eed:192.168.151.98:34694], old=null, confs=<EMPTY_MAP>
2019-10-14 09:56:16,543 [pool-57-thread-1] INFO  server.RaftServerConfigKeys (ConfUtils.java:logGet(43)) - raft.server.storage.dir = [/workdir/hadoop-ozone/integration-test/target/test-dir/MiniOzoneClusterImpl-2d6df893-75cb-4c24-b206-748970ef4ec9/datanode-3/data/ratis] (custom)
2019-10-14 09:56:16,543 [pool-77-thread-1] INFO  server.RaftServerConfigKeys (ConfUtils.java:logGet(43)) - raft.server.storage.dir = [/workdir/hadoop-ozone/integration-test/target/test-dir/MiniOzoneClusterImpl-2d6df893-75cb-4c24-b206-748970ef4ec9/datanode-5/data/ratis] (custom)
2019-10-14 09:56:16,543 [pool-87-thread-1] INFO  impl.RaftServerImpl (RaftServerImpl.java:<init>(95)) - eece51ad-d320-4c8a-a233-260debf16eed: new RaftServerImpl for group-4EC1C361F3D5:[c6e5da1e-3405-4306-b196-adfa6bf80e55:192.168.151.98:39145, d2730208-fd8e-4977-80a8-483ef143a0fd:192.168.151.98:35732, eece51ad-d320-4c8a-a233-260debf16eed:192.168.151.98:34694] with ContainerStateMachine:uninitialized
2019-10-14 09:56:16,544 [pool-57-thread-1] INFO  server.RaftServerConfigKeys (ConfUtils.java:logGet(43)) - raft.server.log.corruption.policy = EXCEPTION (default)
2019-10-14 09:56:16,544 [pool-77-thread-1] INFO  server.RaftServerConfigKeys (ConfUtils.java:logGet(43)) - raft.server.log.corruption.policy = EXCEPTION (default)
2019-10-14 09:56:16,544 [pool-87-thread-1] INFO  server.RaftServerConfigKeys (ConfUtils.java:logGet(43)) - raft.server.rpc.timeout.min = 5s (custom)
2019-10-14 09:56:16,544 [pool-77-thread-1] INFO  storage.RaftStorageDirectory (RaftStorageDirectory.java:analyzeStorage(246)) - The storage directory /workdir/hadoop-ozone/integration-test/target/test-dir/MiniOzoneClusterImpl-2d6df893-75cb-4c24-b206-748970ef4ec9/datanode-5/data/ratis/d0b67c43-d854-4e71-8d44-4ec1c361f3d5 does not exist. Creating ...
2019-10-14 09:56:16,544 [pool-57-thread-1] INFO  storage.RaftStorageDirectory (RaftStorageDirectory.java:analyzeStorage(246)) - The storage directory /workdir/hadoop-ozone/integration-test/target/test-dir/MiniOzoneClusterImpl-2d6df893-75cb-4c24-b206-748970ef4ec9/datanode-3/data/ratis/d0b67c43-d854-4e71-8d44-4ec1c361f3d5 does not exist. Creating ...
2019-10-14 09:56:16,544 [pool-87-thread-1] INFO  server.RaftServerConfigKeys (ConfUtils.java:logGet(43)) - raft.server.rpc.timeout.max = 5200ms (custom)
2019-10-14 09:56:16,545 [pool-87-thread-1] INFO  server.RaftServerConfigKeys (ConfUtils.java:logGet(43)) - raft.server.rpcslowness.timeout = 120s (custom)
2019-10-14 09:56:16,545 [pool-87-thread-1] INFO  server.RaftServerConfigKeys (ConfUtils.java:logGet(43)) - raft.server.sleep.deviation.threshold = 300 (default)
2019-10-14 09:56:16,545 [pool-87-thread-1] INFO  server.RaftServerConfigKeys (ConfUtils.java:logGet(43)) - raft.server.log.appender.install.snapshot.enabled = false (custom)
2019-10-14 09:56:16,545 [pool-87-thread-1] INFO  impl.RaftServerImpl (ServerState.java:<init>(103)) - eece51ad-d320-4c8a-a233-260debf16eed@group-4EC1C361F3D5: ConfigurationManager, init=-1: [c6e5da1e-3405-4306-b196-adfa6bf80e55:192.168.151.98:39145, d2730208-fd8e-4977-80a8-483ef143a0fd:192.168.151.98:35732, eece51ad-d320-4c8a-a233-260debf16eed:192.168.151.98:34694], old=null, confs=<EMPTY_MAP>
2019-10-14 09:56:16,545 [pool-87-thread-1] INFO  server.RaftServerConfigKeys (ConfUtils.java:logGet(43)) - raft.server.storage.dir = [/workdir/hadoop-ozone/integration-test/target/test-dir/MiniOzoneClusterImpl-2d6df893-75cb-4c24-b206-748970ef4ec9/datanode-6/data/ratis] (custom)
2019-10-14 09:56:16,546 [pool-87-thread-1] INFO  server.RaftServerConfigKeys (ConfUtils.java:logGet(43)) - raft.server.log.corruption.policy = EXCEPTION (default)
2019-10-14 09:56:16,546 [pool-87-thread-1] INFO  storage.RaftStorageDirectory (RaftStorageDirectory.java:analyzeStorage(246)) - The storage directory /workdir/hadoop-ozone/integration-test/target/test-dir/MiniOzoneClusterImpl-2d6df893-75cb-4c24-b206-748970ef4ec9/datanode-6/data/ratis/d0b67c43-d854-4e71-8d44-4ec1c361f3d5 does not exist. Creating ...
2019-10-14 09:56:16,557 [pool-77-thread-1] INFO  storage.RaftStorageDirectory (RaftStorageDirectory.java:tryLock(328)) - Lock on /workdir/hadoop-ozone/integration-test/target/test-dir/MiniOzoneClusterImpl-2d6df893-75cb-4c24-b206-748970ef4ec9/datanode-5/data/ratis/d0b67c43-d854-4e71-8d44-4ec1c361f3d5/in_use.lock acquired by nodename 12758@pr-hdds-2295-pn7hw-3586430783
2019-10-14 09:56:16,557 [pool-87-thread-1] INFO  storage.RaftStorageDirectory (RaftStorageDirectory.java:tryLock(328)) - Lock on /workdir/hadoop-ozone/integration-test/target/test-dir/MiniOzoneClusterImpl-2d6df893-75cb-4c24-b206-748970ef4ec9/datanode-6/data/ratis/d0b67c43-d854-4e71-8d44-4ec1c361f3d5/in_use.lock acquired by nodename 12758@pr-hdds-2295-pn7hw-3586430783
2019-10-14 09:56:16,557 [pool-57-thread-1] INFO  storage.RaftStorageDirectory (RaftStorageDirectory.java:tryLock(328)) - Lock on /workdir/hadoop-ozone/integration-test/target/test-dir/MiniOzoneClusterImpl-2d6df893-75cb-4c24-b206-748970ef4ec9/datanode-3/data/ratis/d0b67c43-d854-4e71-8d44-4ec1c361f3d5/in_use.lock acquired by nodename 12758@pr-hdds-2295-pn7hw-3586430783
2019-10-14 09:56:16,581 [pool-77-thread-1] INFO  storage.RaftStorage (RaftStorage.java:format(84)) - Storage directory /workdir/hadoop-ozone/integration-test/target/test-dir/MiniOzoneClusterImpl-2d6df893-75cb-4c24-b206-748970ef4ec9/datanode-5/data/ratis/d0b67c43-d854-4e71-8d44-4ec1c361f3d5 has been successfully formatted.
2019-10-14 09:56:16,581 [pool-57-thread-1] INFO  storage.RaftStorage (RaftStorage.java:format(84)) - Storage directory /workdir/hadoop-ozone/integration-test/target/test-dir/MiniOzoneClusterImpl-2d6df893-75cb-4c24-b206-748970ef4ec9/datanode-3/data/ratis/d0b67c43-d854-4e71-8d44-4ec1c361f3d5 has been successfully formatted.
2019-10-14 09:56:16,581 [pool-87-thread-1] INFO  storage.RaftStorage (RaftStorage.java:format(84)) - Storage directory /workdir/hadoop-ozone/integration-test/target/test-dir/MiniOzoneClusterImpl-2d6df893-75cb-4c24-b206-748970ef4ec9/datanode-6/data/ratis/d0b67c43-d854-4e71-8d44-4ec1c361f3d5 has been successfully formatted.
2019-10-14 09:56:16,581 [pool-77-thread-1] INFO  ratis.ContainerStateMachine (ContainerStateMachine.java:loadSnapshot(231)) - group-4EC1C361F3D5: The snapshot info is null. Setting the last applied indexto:(t:0, i:~)
2019-10-14 09:56:16,582 [pool-87-thread-1] INFO  ratis.ContainerStateMachine (ContainerStateMachine.java:loadSnapshot(231)) - group-4EC1C361F3D5: The snapshot info is null. Setting the last applied indexto:(t:0, i:~)
2019-10-14 09:56:16,582 [pool-57-thread-1] INFO  ratis.ContainerStateMachine (ContainerStateMachine.java:loadSnapshot(231)) - group-4EC1C361F3D5: The snapshot info is null. Setting the last applied indexto:(t:0, i:~)
2019-10-14 09:56:16,582 [pool-77-thread-1] INFO  server.RaftServerConfigKeys (ConfUtils.java:logGet(43)) - raft.server.notification.no-leader.timeout = 120s (custom)
2019-10-14 09:56:16,582 [pool-57-thread-1] INFO  server.RaftServerConfigKeys (ConfUtils.java:logGet(43)) - raft.server.notification.no-leader.timeout = 120s (custom)
2019-10-14 09:56:16,582 [pool-87-thread-1] INFO  server.RaftServerConfigKeys (ConfUtils.java:logGet(43)) - raft.server.notification.no-leader.timeout = 120s (custom)
2019-10-14 09:56:16,582 [pool-57-thread-1] INFO  server.RaftServerConfigKeys (ConfUtils.java:logGet(43)) - raft.server.log.use.memory = false (default)
2019-10-14 09:56:16,582 [pool-77-thread-1] INFO  server.RaftServerConfigKeys (ConfUtils.java:logGet(43)) - raft.server.log.use.memory = false (default)
2019-10-14 09:56:16,582 [pool-57-thread-1] INFO  server.RaftServerConfigKeys (ConfUtils.java:logGet(43)) - raft.server.log.purge.gap = 1000000 (custom)
2019-10-14 09:56:16,582 [pool-87-thread-1] INFO  server.RaftServerConfigKeys (ConfUtils.java:logGet(43)) - raft.server.log.use.memory = false (default)
2019-10-14 09:56:16,583 [pool-57-thread-1] INFO  server.RaftServerConfigKeys (ConfUtils.java:logGet(43)) - raft.server.log.appender.buffer.byte-limit = 33554432 (custom)
2019-10-14 09:56:16,583 [pool-77-thread-1] INFO  server.RaftServerConfigKeys (ConfUtils.java:logGet(43)) - raft.server.log.purge.gap = 1000000 (custom)
2019-10-14 09:56:16,583 [pool-57-thread-1] INFO  server.RaftServerConfigKeys (ConfUtils.java:logGet(43)) - raft.server.log.segment.size.max = 1048576 (custom)
2019-10-14 09:56:16,583 [pool-87-thread-1] INFO  server.RaftServerConfigKeys (ConfUtils.java:logGet(43)) - raft.server.log.purge.gap = 1000000 (custom)
2019-10-14 09:56:16,583 [pool-57-thread-1] INFO  server.RaftServerConfigKeys (ConfUtils.java:logGet(43)) - raft.server.log.segment.cache.num.max = 2 (custom)
2019-10-14 09:56:16,583 [pool-77-thread-1] INFO  server.RaftServerConfigKeys (ConfUtils.java:logGet(43)) - raft.server.log.appender.buffer.byte-limit = 33554432 (custom)
2019-10-14 09:56:16,584 [pool-57-thread-1] INFO  segmented.SegmentedRaftLogWorker (SegmentedRaftLogWorker.java:<init>(173)) - new d2730208-fd8e-4977-80a8-483ef143a0fd@group-4EC1C361F3D5-SegmentedRaftLogWorker for RaftStorage:Storage Directory /workdir/hadoop-ozone/integration-test/target/test-dir/MiniOzoneClusterImpl-2d6df893-75cb-4c24-b206-748970ef4ec9/datanode-3/data/ratis/d0b67c43-d854-4e71-8d44-4ec1c361f3d5
2019-10-14 09:56:16,583 [pool-87-thread-1] INFO  server.RaftServerConfigKeys (ConfUtils.java:logGet(43)) - raft.server.log.appender.buffer.byte-limit = 33554432 (custom)
2019-10-14 09:56:16,584 [pool-57-thread-1] INFO  server.RaftServerConfigKeys (ConfUtils.java:logGet(43)) - raft.server.log.queue.byte-limit = 2147483647 (custom)
2019-10-14 09:56:16,584 [pool-77-thread-1] INFO  server.RaftServerConfigKeys (ConfUtils.java:logGet(43)) - raft.server.log.segment.size.max = 1048576 (custom)
2019-10-14 09:56:16,585 [pool-57-thread-1] INFO  server.RaftServerConfigKeys (ConfUtils.java:logGet(43)) - raft.server.log.queue.element-limit = 1024 (custom)
2019-10-14 09:56:16,585 [pool-87-thread-1] INFO  server.RaftServerConfigKeys (ConfUtils.java:logGet(43)) - raft.server.log.segment.size.max = 1048576 (custom)
2019-10-14 09:56:16,585 [pool-57-thread-1] INFO  server.RaftServerConfigKeys (ConfUtils.java:logGet(43)) - raft.server.log.segment.size.max = 1048576 (custom)
2019-10-14 09:56:16,585 [pool-77-thread-1] INFO  server.RaftServerConfigKeys (ConfUtils.java:logGet(43)) - raft.server.log.segment.cache.num.max = 2 (custom)
2019-10-14 09:56:16,585 [pool-57-thread-1] INFO  server.RaftServerConfigKeys (ConfUtils.java:logGet(43)) - raft.server.log.preallocated.size = 16384 (custom)
2019-10-14 09:56:16,585 [pool-87-thread-1] INFO  server.RaftServerConfigKeys (ConfUtils.java:logGet(43)) - raft.server.log.segment.cache.num.max = 2 (custom)
2019-10-14 09:56:16,586 [pool-57-thread-1] INFO  server.RaftServerConfigKeys (ConfUtils.java:logGet(43)) - raft.server.log.write.buffer.size = 33554432 (custom)
2019-10-14 09:56:16,585 [pool-77-thread-1] INFO  segmented.SegmentedRaftLogWorker (SegmentedRaftLogWorker.java:<init>(173)) - new c6e5da1e-3405-4306-b196-adfa6bf80e55@group-4EC1C361F3D5-SegmentedRaftLogWorker for RaftStorage:Storage Directory /workdir/hadoop-ozone/integration-test/target/test-dir/MiniOzoneClusterImpl-2d6df893-75cb-4c24-b206-748970ef4ec9/datanode-5/data/ratis/d0b67c43-d854-4e71-8d44-4ec1c361f3d5
2019-10-14 09:56:16,586 [pool-57-thread-1] INFO  server.RaftServerConfigKeys (ConfUtils.java:logGet(43)) - raft.server.log.force.sync.num = 128 (default)
2019-10-14 09:56:16,586 [pool-87-thread-1] INFO  segmented.SegmentedRaftLogWorker (SegmentedRaftLogWorker.java:<init>(173)) - new eece51ad-d320-4c8a-a233-260debf16eed@group-4EC1C361F3D5-SegmentedRaftLogWorker for RaftStorage:Storage Directory /workdir/hadoop-ozone/integration-test/target/test-dir/MiniOzoneClusterImpl-2d6df893-75cb-4c24-b206-748970ef4ec9/datanode-6/data/ratis/d0b67c43-d854-4e71-8d44-4ec1c361f3d5
2019-10-14 09:56:16,586 [pool-57-thread-1] INFO  server.RaftServerConfigKeys (ConfUtils.java:logGet(43)) - raft.server.log.statemachine.data.sync = true (default)
2019-10-14 09:56:16,586 [pool-77-thread-1] INFO  server.RaftServerConfigKeys (ConfUtils.java:logGet(43)) - raft.server.log.queue.byte-limit = 2147483647 (custom)
2019-10-14 09:56:16,587 [pool-57-thread-1] INFO  server.RaftServerConfigKeys (ConfUtils.java:logGet(43)) - raft.server.log.statemachine.data.sync.timeout = 10s (default)
2019-10-14 09:56:16,586 [pool-87-thread-1] INFO  server.RaftServerConfigKeys (ConfUtils.java:logGet(43)) - raft.server.log.queue.byte-limit = 2147483647 (custom)
2019-10-14 09:56:16,587 [pool-57-thread-1] INFO  server.RaftServerConfigKeys (ConfUtils.java:logGet(43)) - raft.server.log.statemachine.data.sync.timeout.retry = -1 (default)
2019-10-14 09:56:16,587 [pool-77-thread-1] INFO  server.RaftServerConfigKeys (ConfUtils.java:logGet(43)) - raft.server.log.queue.element-limit = 1024 (custom)
2019-10-14 09:56:16,587 [pool-87-thread-1] INFO  server.RaftServerConfigKeys (ConfUtils.java:logGet(43)) - raft.server.log.queue.element-limit = 1024 (custom)
2019-10-14 09:56:16,587 [pool-77-thread-1] INFO  server.RaftServerConfigKeys (ConfUtils.java:logGet(43)) - raft.server.log.segment.size.max = 1048576 (custom)
2019-10-14 09:56:16,587 [pool-57-thread-1] INFO  server.RaftServerConfigKeys (ConfUtils.java:logGet(43)) - raft.server.log.statemachine.data.caching.enabled = true (custom)
2019-10-14 09:56:16,588 [pool-77-thread-1] INFO  server.RaftServerConfigKeys (ConfUtils.java:logGet(43)) - raft.server.log.preallocated.size = 16384 (custom)
2019-10-14 09:56:16,588 [pool-77-thread-1] INFO  server.RaftServerConfigKeys (ConfUtils.java:logGet(43)) - raft.server.log.write.buffer.size = 33554432 (custom)
2019-10-14 09:56:16,588 [pool-87-thread-1] INFO  server.RaftServerConfigKeys (ConfUtils.java:logGet(43)) - raft.server.log.segment.size.max = 1048576 (custom)
2019-10-14 09:56:16,588 [pool-77-thread-1] INFO  server.RaftServerConfigKeys (ConfUtils.java:logGet(43)) - raft.server.log.force.sync.num = 128 (default)
2019-10-14 09:56:16,588 [pool-57-thread-1] INFO  segmented.SegmentedRaftLogWorker (SegmentedRaftLogWorker.java:lambda$new$0(128)) - d2730208-fd8e-4977-80a8-483ef143a0fd@group-4EC1C361F3D5-SegmentedRaftLogWorker: flushIndex: setUnconditionally 0 -> -1
2019-10-14 09:56:16,589 [pool-77-thread-1] INFO  server.RaftServerConfigKeys (ConfUtils.java:logGet(43)) - raft.server.log.statemachine.data.sync = true (default)
2019-10-14 09:56:16,589 [pool-87-thread-1] INFO  server.RaftServerConfigKeys (ConfUtils.java:logGet(43)) - raft.server.log.preallocated.size = 16384 (custom)
2019-10-14 09:56:16,589 [pool-57-thread-1] INFO  server.RaftServerConfigKeys (ConfUtils.java:logGet(43)) - raft.server.snapshot.auto.trigger.enabled = true (custom)
2019-10-14 09:56:16,589 [pool-77-thread-1] INFO  server.RaftServerConfigKeys (ConfUtils.java:logGet(43)) - raft.server.log.statemachine.data.sync.timeout = 10s (default)
2019-10-14 09:56:16,589 [pool-57-thread-1] INFO  server.RaftServerConfigKeys (ConfUtils.java:logGet(43)) - raft.server.snapshot.auto.trigger.threshold = 10000 (custom)
2019-10-14 09:56:16,589 [pool-87-thread-1] INFO  server.RaftServerConfigKeys (ConfUtils.java:logGet(43)) - raft.server.log.write.buffer.size = 33554432 (custom)
2019-10-14 09:56:16,590 [pool-57-thread-1] INFO  server.RaftServerConfigKeys (ConfUtils.java:logGet(43)) - raft.server.snapshot.retention.file.num = 5 (custom)
2019-10-14 09:56:16,589 [pool-77-thread-1] INFO  server.RaftServerConfigKeys (ConfUtils.java:logGet(43)) - raft.server.log.statemachine.data.sync.timeout.retry = -1 (default)
2019-10-14 09:56:16,590 [pool-57-thread-1] INFO  server.RaftServerConfigKeys (ConfUtils.java:logGet(43)) - raft.server.retrycache.expirytime = 600000ms (custom)
2019-10-14 09:56:16,590 [pool-77-thread-1] INFO  server.RaftServerConfigKeys (ConfUtils.java:logGet(43)) - raft.server.log.statemachine.data.caching.enabled = true (custom)
2019-10-14 09:56:16,590 [pool-87-thread-1] INFO  server.RaftServerConfigKeys (ConfUtils.java:logGet(43)) - raft.server.log.force.sync.num = 128 (default)
2019-10-14 09:56:16,590 [pool-77-thread-1] INFO  segmented.SegmentedRaftLogWorker (SegmentedRaftLogWorker.java:lambda$new$0(128)) - c6e5da1e-3405-4306-b196-adfa6bf80e55@group-4EC1C361F3D5-SegmentedRaftLogWorker: flushIndex: setUnconditionally 0 -> -1
2019-10-14 09:56:16,591 [pool-87-thread-1] INFO  server.RaftServerConfigKeys (ConfUtils.java:logGet(43)) - raft.server.log.statemachine.data.sync = true (default)
2019-10-14 09:56:16,591 [pool-77-thread-1] INFO  server.RaftServerConfigKeys (ConfUtils.java:logGet(43)) - raft.server.snapshot.auto.trigger.enabled = true (custom)
2019-10-14 09:56:16,591 [pool-87-thread-1] INFO  server.RaftServerConfigKeys (ConfUtils.java:logGet(43)) - raft.server.log.statemachine.data.sync.timeout = 10s (default)
2019-10-14 09:56:16,591 [pool-77-thread-1] INFO  server.RaftServerConfigKeys (ConfUtils.java:logGet(43)) - raft.server.snapshot.auto.trigger.threshold = 10000 (custom)
2019-10-14 09:56:16,591 [pool-87-thread-1] INFO  server.RaftServerConfigKeys (ConfUtils.java:logGet(43)) - raft.server.log.statemachine.data.sync.timeout.retry = -1 (default)
2019-10-14 09:56:16,591 [pool-77-thread-1] INFO  server.RaftServerConfigKeys (ConfUtils.java:logGet(43)) - raft.server.snapshot.retention.file.num = 5 (custom)
2019-10-14 09:56:16,591 [pool-87-thread-1] INFO  server.RaftServerConfigKeys (ConfUtils.java:logGet(43)) - raft.server.log.statemachine.data.caching.enabled = true (custom)
2019-10-14 09:56:16,592 [pool-77-thread-1] INFO  server.RaftServerConfigKeys (ConfUtils.java:logGet(43)) - raft.server.retrycache.expirytime = 600000ms (custom)
2019-10-14 09:56:16,592 [pool-87-thread-1] INFO  segmented.SegmentedRaftLogWorker (SegmentedRaftLogWorker.java:lambda$new$0(128)) - eece51ad-d320-4c8a-a233-260debf16eed@group-4EC1C361F3D5-SegmentedRaftLogWorker: flushIndex: setUnconditionally 0 -> -1
2019-10-14 09:56:16,592 [pool-87-thread-1] INFO  server.RaftServerConfigKeys (ConfUtils.java:logGet(43)) - raft.server.snapshot.auto.trigger.enabled = true (custom)
2019-10-14 09:56:16,593 [pool-87-thread-1] INFO  server.RaftServerConfigKeys (ConfUtils.java:logGet(43)) - raft.server.snapshot.auto.trigger.threshold = 10000 (custom)
2019-10-14 09:56:16,593 [pool-87-thread-1] INFO  server.RaftServerConfigKeys (ConfUtils.java:logGet(43)) - raft.server.snapshot.retention.file.num = 5 (custom)
2019-10-14 09:56:16,593 [pool-87-thread-1] INFO  server.RaftServerConfigKeys (ConfUtils.java:logGet(43)) - raft.server.retrycache.expirytime = 600000ms (custom)
2019-10-14 09:56:16,593 [pool-57-thread-1] INFO  impl.RaftServerImpl (RaftServerImpl.java:start(181)) - d2730208-fd8e-4977-80a8-483ef143a0fd@group-4EC1C361F3D5: start as a follower, conf=-1: [c6e5da1e-3405-4306-b196-adfa6bf80e55:192.168.151.98:39145, d2730208-fd8e-4977-80a8-483ef143a0fd:192.168.151.98:35732, eece51ad-d320-4c8a-a233-260debf16eed:192.168.151.98:34694], old=null
2019-10-14 09:56:16,593 [pool-57-thread-1] INFO  impl.RaftServerImpl (RaftServerImpl.java:setRole(170)) - d2730208-fd8e-4977-80a8-483ef143a0fd@group-4EC1C361F3D5: changes role from      null to FOLLOWER at term 0 for startAsFollower
2019-10-14 09:56:16,594 [pool-57-thread-1] INFO  impl.RoleInfo (RoleInfo.java:updateAndGet(143)) - d2730208-fd8e-4977-80a8-483ef143a0fd: start FollowerState
2019-10-14 09:56:16,594 [pool-57-thread-1] INFO  util.JmxRegister (JmxRegister.java:tryRegister(44)) - Successfully registered JMX Bean with object name Ratis:service=RaftServer,group=group-4EC1C361F3D5,id=d2730208-fd8e-4977-80a8-483ef143a0fd
2019-10-14 09:56:16,594 [pool-77-thread-1] INFO  impl.RaftServerImpl (RaftServerImpl.java:start(181)) - c6e5da1e-3405-4306-b196-adfa6bf80e55@group-4EC1C361F3D5: start as a follower, conf=-1: [c6e5da1e-3405-4306-b196-adfa6bf80e55:192.168.151.98:39145, d2730208-fd8e-4977-80a8-483ef143a0fd:192.168.151.98:35732, eece51ad-d320-4c8a-a233-260debf16eed:192.168.151.98:34694], old=null
2019-10-14 09:56:16,594 [pool-77-thread-1] INFO  impl.RaftServerImpl (RaftServerImpl.java:setRole(170)) - c6e5da1e-3405-4306-b196-adfa6bf80e55@group-4EC1C361F3D5: changes role from      null to FOLLOWER at term 0 for startAsFollower
2019-10-14 09:56:16,595 [pool-77-thread-1] INFO  impl.RoleInfo (RoleInfo.java:updateAndGet(143)) - c6e5da1e-3405-4306-b196-adfa6bf80e55: start FollowerState
2019-10-14 09:56:16,595 [pool-77-thread-1] INFO  util.JmxRegister (JmxRegister.java:tryRegister(44)) - Successfully registered JMX Bean with object name Ratis:service=RaftServer,group=group-4EC1C361F3D5,id=c6e5da1e-3405-4306-b196-adfa6bf80e55
2019-10-14 09:56:16,597 [pool-87-thread-1] INFO  impl.RaftServerImpl (RaftServerImpl.java:start(181)) - eece51ad-d320-4c8a-a233-260debf16eed@group-4EC1C361F3D5: start as a follower, conf=-1: [c6e5da1e-3405-4306-b196-adfa6bf80e55:192.168.151.98:39145, d2730208-fd8e-4977-80a8-483ef143a0fd:192.168.151.98:35732, eece51ad-d320-4c8a-a233-260debf16eed:192.168.151.98:34694], old=null
2019-10-14 09:56:16,597 [pool-87-thread-1] INFO  impl.RaftServerImpl (RaftServerImpl.java:setRole(170)) - eece51ad-d320-4c8a-a233-260debf16eed@group-4EC1C361F3D5: changes role from      null to FOLLOWER at term 0 for startAsFollower
2019-10-14 09:56:16,598 [pool-87-thread-1] INFO  impl.RoleInfo (RoleInfo.java:updateAndGet(143)) - eece51ad-d320-4c8a-a233-260debf16eed: start FollowerState
2019-10-14 09:56:16,598 [pool-87-thread-1] INFO  util.JmxRegister (JmxRegister.java:tryRegister(44)) - Successfully registered JMX Bean with object name Ratis:service=RaftServer,group=group-4EC1C361F3D5,id=eece51ad-d320-4c8a-a233-260debf16eed
2019-10-14 09:56:16,626 [RatisPipelineUtilsThread] INFO  pipeline.PipelineStateManager (PipelineStateManager.java:addPipeline(56)) - Created pipeline Pipeline[ Id: d0b67c43-d854-4e71-8d44-4ec1c361f3d5, Nodes: c6e5da1e-3405-4306-b196-adfa6bf80e55{ip: 192.168.151.98, host: pr-hdds-2295-pn7hw-3586430783, networkLocation: /default-rack, certSerialId: null}d2730208-fd8e-4977-80a8-483ef143a0fd{ip: 192.168.151.98, host: pr-hdds-2295-pn7hw-3586430783, networkLocation: /default-rack, certSerialId: null}eece51ad-d320-4c8a-a233-260debf16eed{ip: 192.168.151.98, host: pr-hdds-2295-pn7hw-3586430783, networkLocation: /default-rack, certSerialId: null}, Type:RATIS, Factor:THREE, State:OPEN]
2019-10-14 09:56:17,065 [main] INFO  rpc.RpcClient (RpcClient.java:createVolume(272)) - Creating Volume: watchforcommithandlingtest, with jenkins1000 as owner.
2019-10-14 09:56:17,487 [IPC Server handler 1 on 36429] INFO  volume.OMVolumeCreateRequest (OMVolumeCreateRequest.java:validateAndUpdateCache(193)) - created volume:watchforcommithandlingtest for user:jenkins1000
2019-10-14 09:56:17,539 [main] INFO  rpc.RpcClient (RpcClient.java:createBucket(411)) - Creating Bucket: watchforcommithandlingtest/watchforcommithandlingtest, with Versioning false and Storage Type set to DISK and Encryption set to false 
2019-10-14 09:56:17,558 [main] INFO  ozone.MiniOzoneClusterImpl (MiniOzoneClusterImpl.java:getStorageContainerLocationClient(234)) - Creating StorageContainerLocationProtocol RPC client with address /0.0.0.0:43916
2019-10-14 09:56:17,580 [main] INFO  impl.MetricsSystemImpl (MetricsSystemImpl.java:init(158)) - XceiverClientMetrics metrics system started (again)
2019-10-14 09:56:18,101 [Thread-238] INFO  container.ReplicationManager (ReplicationManager.java:start(162)) - Starting Replication Monitor Thread.
2019-10-14 09:56:18,104 [ReplicationMonitor] INFO  container.ReplicationManager (ReplicationManager.java:run(225)) - Replication Monitor Thread took 3 milliseconds for processing 1 containers.
2019-10-14 09:56:20,929 [Thread-240] INFO  impl.FollowerState (FollowerState.java:run(108)) - c8201ea9-c3bc-4c88-a549-caf3a2cf5add@group-645F96C4F7FD-FollowerState: change to CANDIDATE, lastRpcTime:5184ms, electionTimeout:5183ms
2019-10-14 09:56:20,934 [Thread-240] INFO  impl.RoleInfo (RoleInfo.java:shutdownFollowerState(121)) - c8201ea9-c3bc-4c88-a549-caf3a2cf5add: shutdown FollowerState
2019-10-14 09:56:20,934 [Thread-240] INFO  impl.RaftServerImpl (RaftServerImpl.java:setRole(170)) - c8201ea9-c3bc-4c88-a549-caf3a2cf5add@group-645F96C4F7FD: changes role from  FOLLOWER to CANDIDATE at term 0 for changeToCandidate
2019-10-14 09:56:20,941 [Thread-240] INFO  impl.RoleInfo (RoleInfo.java:updateAndGet(143)) - c8201ea9-c3bc-4c88-a549-caf3a2cf5add: start LeaderElection
2019-10-14 09:56:20,962 [c8201ea9-c3bc-4c88-a549-caf3a2cf5add@group-645F96C4F7FD-LeaderElection1] INFO  impl.LeaderElection (LeaderElection.java:askForVotes(178)) - c8201ea9-c3bc-4c88-a549-caf3a2cf5add@group-645F96C4F7FD-LeaderElection1: begin an election at term 1 for -1: [c8201ea9-c3bc-4c88-a549-caf3a2cf5add:192.168.151.98:37524], old=null
2019-10-14 09:56:20,964 [c8201ea9-c3bc-4c88-a549-caf3a2cf5add@group-645F96C4F7FD-LeaderElection1] INFO  impl.RoleInfo (RoleInfo.java:shutdownLeaderElection(134)) - c8201ea9-c3bc-4c88-a549-caf3a2cf5add: shutdown LeaderElection
2019-10-14 09:56:20,965 [c8201ea9-c3bc-4c88-a549-caf3a2cf5add@group-645F96C4F7FD-LeaderElection1] INFO  impl.RaftServerImpl (RaftServerImpl.java:setRole(170)) - c8201ea9-c3bc-4c88-a549-caf3a2cf5add@group-645F96C4F7FD: changes role from CANDIDATE to LEADER at term 1 for changeToLeader
2019-10-14 09:56:20,965 [c8201ea9-c3bc-4c88-a549-caf3a2cf5add@group-645F96C4F7FD-LeaderElection1] INFO  impl.RaftServerImpl (ServerState.java:setLeader(255)) - c8201ea9-c3bc-4c88-a549-caf3a2cf5add@group-645F96C4F7FD: change Leader from null to c8201ea9-c3bc-4c88-a549-caf3a2cf5add at term 1 for becomeLeader, leader elected after 5349ms
2019-10-14 09:56:20,971 [c8201ea9-c3bc-4c88-a549-caf3a2cf5add@group-645F96C4F7FD-LeaderElection1] INFO  server.RaftServerConfigKeys (ConfUtils.java:logGet(43)) - raft.server.staging.catchup.gap = 1000 (default)
2019-10-14 09:56:20,971 [c8201ea9-c3bc-4c88-a549-caf3a2cf5add@group-645F96C4F7FD-LeaderElection1] INFO  server.RaftServerConfigKeys (ConfUtils.java:logGet(43)) - raft.server.rpc.sleep.time = 25ms (default)
2019-10-14 09:56:20,975 [c8201ea9-c3bc-4c88-a549-caf3a2cf5add@group-645F96C4F7FD-LeaderElection1] INFO  server.RaftServerConfigKeys (ConfUtils.java:logGet(43)) - raft.server.write.element-limit = 4096 (default)
2019-10-14 09:56:20,977 [c8201ea9-c3bc-4c88-a549-caf3a2cf5add@group-645F96C4F7FD-LeaderElection1] INFO  server.RaftServerConfigKeys (ConfUtils.java:logGet(43)) - raft.server.watch.timeout = 10s (default)
2019-10-14 09:56:20,977 [c8201ea9-c3bc-4c88-a549-caf3a2cf5add@group-645F96C4F7FD-LeaderElection1] INFO  server.RaftServerConfigKeys (ConfUtils.java:logGet(43)) - raft.server.watch.timeout.denomination = 1s (default)
2019-10-14 09:56:20,978 [c8201ea9-c3bc-4c88-a549-caf3a2cf5add@group-645F96C4F7FD-LeaderElection1] INFO  server.RaftServerConfigKeys (ConfUtils.java:logGet(43)) - raft.server.watch.element-limit = 65536 (default)
2019-10-14 09:56:20,986 [c8201ea9-c3bc-4c88-a549-caf3a2cf5add@group-645F96C4F7FD-LeaderElection1] INFO  impl.RoleInfo (RoleInfo.java:updateAndGet(143)) - c8201ea9-c3bc-4c88-a549-caf3a2cf5add: start LeaderState
2019-10-14 09:56:21,006 [c8201ea9-c3bc-4c88-a549-caf3a2cf5add@group-645F96C4F7FD-LeaderElection1] INFO  segmented.SegmentedRaftLogWorker (SegmentedRaftLogWorker.java:startLogSegment(385)) - c8201ea9-c3bc-4c88-a549-caf3a2cf5add@group-645F96C4F7FD-SegmentedRaftLogWorker: Starting segment from index:0
2019-10-14 09:56:21,015 [c8201ea9-c3bc-4c88-a549-caf3a2cf5add@group-645F96C4F7FD-LeaderElection1] INFO  impl.RaftServerImpl (ServerState.java:setRaftConf(356)) - c8201ea9-c3bc-4c88-a549-caf3a2cf5add@group-645F96C4F7FD: set configuration 0: [c8201ea9-c3bc-4c88-a549-caf3a2cf5add:192.168.151.98:37524], old=null at 0
2019-10-14 09:56:21,033 [Thread-243] INFO  impl.FollowerState (FollowerState.java:run(108)) - 663c650b-dfd3-420f-8c3f-637d4c51479b@group-F0DBD42263D2-FollowerState: change to CANDIDATE, lastRpcTime:5084ms, electionTimeout:5082ms
2019-10-14 09:56:21,035 [Thread-243] INFO  impl.RoleInfo (RoleInfo.java:shutdownFollowerState(121)) - 663c650b-dfd3-420f-8c3f-637d4c51479b: shutdown FollowerState
2019-10-14 09:56:21,035 [Thread-243] INFO  impl.RaftServerImpl (RaftServerImpl.java:setRole(170)) - 663c650b-dfd3-420f-8c3f-637d4c51479b@group-F0DBD42263D2: changes role from  FOLLOWER to CANDIDATE at term 0 for changeToCandidate
2019-10-14 09:56:21,036 [Thread-243] INFO  impl.RoleInfo (RoleInfo.java:updateAndGet(143)) - 663c650b-dfd3-420f-8c3f-637d4c51479b: start LeaderElection
2019-10-14 09:56:21,068 [663c650b-dfd3-420f-8c3f-637d4c51479b@group-F0DBD42263D2-LeaderElection2] INFO  impl.LeaderElection (LeaderElection.java:askForVotes(178)) - 663c650b-dfd3-420f-8c3f-637d4c51479b@group-F0DBD42263D2-LeaderElection2: begin an election at term 1 for -1: [663c650b-dfd3-420f-8c3f-637d4c51479b:192.168.151.98:36938], old=null
2019-10-14 09:56:21,069 [663c650b-dfd3-420f-8c3f-637d4c51479b@group-F0DBD42263D2-LeaderElection2] INFO  impl.RoleInfo (RoleInfo.java:shutdownLeaderElection(134)) - 663c650b-dfd3-420f-8c3f-637d4c51479b: shutdown LeaderElection
2019-10-14 09:56:21,069 [663c650b-dfd3-420f-8c3f-637d4c51479b@group-F0DBD42263D2-LeaderElection2] INFO  impl.RaftServerImpl (RaftServerImpl.java:setRole(170)) - 663c650b-dfd3-420f-8c3f-637d4c51479b@group-F0DBD42263D2: changes role from CANDIDATE to LEADER at term 1 for changeToLeader
2019-10-14 09:56:21,069 [663c650b-dfd3-420f-8c3f-637d4c51479b@group-F0DBD42263D2-LeaderElection2] INFO  impl.RaftServerImpl (ServerState.java:setLeader(255)) - 663c650b-dfd3-420f-8c3f-637d4c51479b@group-F0DBD42263D2: change Leader from null to 663c650b-dfd3-420f-8c3f-637d4c51479b at term 1 for becomeLeader, leader elected after 5133ms
2019-10-14 09:56:21,071 [663c650b-dfd3-420f-8c3f-637d4c51479b@group-F0DBD42263D2-LeaderElection2] INFO  server.RaftServerConfigKeys (ConfUtils.java:logGet(43)) - raft.server.staging.catchup.gap = 1000 (default)
2019-10-14 09:56:21,071 [663c650b-dfd3-420f-8c3f-637d4c51479b@group-F0DBD42263D2-LeaderElection2] INFO  server.RaftServerConfigKeys (ConfUtils.java:logGet(43)) - raft.server.rpc.sleep.time = 25ms (default)
2019-10-14 09:56:21,072 [663c650b-dfd3-420f-8c3f-637d4c51479b@group-F0DBD42263D2-LeaderElection2] INFO  server.RaftServerConfigKeys (ConfUtils.java:logGet(43)) - raft.server.write.element-limit = 4096 (default)
2019-10-14 09:56:21,072 [663c650b-dfd3-420f-8c3f-637d4c51479b@group-F0DBD42263D2-LeaderElection2] INFO  server.RaftServerConfigKeys (ConfUtils.java:logGet(43)) - raft.server.watch.timeout = 10s (default)
2019-10-14 09:56:21,072 [663c650b-dfd3-420f-8c3f-637d4c51479b@group-F0DBD42263D2-LeaderElection2] INFO  server.RaftServerConfigKeys (ConfUtils.java:logGet(43)) - raft.server.watch.timeout.denomination = 1s (default)
2019-10-14 09:56:21,072 [663c650b-dfd3-420f-8c3f-637d4c51479b@group-F0DBD42263D2-LeaderElection2] INFO  server.RaftServerConfigKeys (ConfUtils.java:logGet(43)) - raft.server.watch.element-limit = 65536 (default)
2019-10-14 09:56:21,075 [663c650b-dfd3-420f-8c3f-637d4c51479b@group-F0DBD42263D2-LeaderElection2] INFO  impl.RoleInfo (RoleInfo.java:updateAndGet(143)) - 663c650b-dfd3-420f-8c3f-637d4c51479b: start LeaderState
2019-10-14 09:56:21,075 [663c650b-dfd3-420f-8c3f-637d4c51479b@group-F0DBD42263D2-LeaderElection2] INFO  segmented.SegmentedRaftLogWorker (SegmentedRaftLogWorker.java:startLogSegment(385)) - 663c650b-dfd3-420f-8c3f-637d4c51479b@group-F0DBD42263D2-SegmentedRaftLogWorker: Starting segment from index:0
2019-10-14 09:56:21,076 [663c650b-dfd3-420f-8c3f-637d4c51479b@group-F0DBD42263D2-LeaderElection2] INFO  impl.RaftServerImpl (ServerState.java:setRaftConf(356)) - 663c650b-dfd3-420f-8c3f-637d4c51479b@group-F0DBD42263D2: set configuration 0: [663c650b-dfd3-420f-8c3f-637d4c51479b:192.168.151.98:36938], old=null at 0
2019-10-14 09:56:21,147 [Thread-246] INFO  impl.FollowerState (FollowerState.java:run(108)) - ea5b9712-cbb3-4773-924e-06a9bcd9ddf4@group-CEB52C9AA540-FollowerState: change to CANDIDATE, lastRpcTime:5036ms, electionTimeout:5036ms
2019-10-14 09:56:21,147 [Thread-246] INFO  impl.RoleInfo (RoleInfo.java:shutdownFollowerState(121)) - ea5b9712-cbb3-4773-924e-06a9bcd9ddf4: shutdown FollowerState
2019-10-14 09:56:21,147 [Thread-246] INFO  impl.RaftServerImpl (RaftServerImpl.java:setRole(170)) - ea5b9712-cbb3-4773-924e-06a9bcd9ddf4@group-CEB52C9AA540: changes role from  FOLLOWER to CANDIDATE at term 0 for changeToCandidate
2019-10-14 09:56:21,148 [Thread-246] INFO  impl.RoleInfo (RoleInfo.java:updateAndGet(143)) - ea5b9712-cbb3-4773-924e-06a9bcd9ddf4: start LeaderElection
2019-10-14 09:56:21,166 [ea5b9712-cbb3-4773-924e-06a9bcd9ddf4@group-CEB52C9AA540-LeaderElection3] INFO  impl.LeaderElection (LeaderElection.java:askForVotes(178)) - ea5b9712-cbb3-4773-924e-06a9bcd9ddf4@group-CEB52C9AA540-LeaderElection3: begin an election at term 1 for -1: [ea5b9712-cbb3-4773-924e-06a9bcd9ddf4:192.168.151.98:33305], old=null
2019-10-14 09:56:21,167 [ea5b9712-cbb3-4773-924e-06a9bcd9ddf4@group-CEB52C9AA540-LeaderElection3] INFO  impl.RoleInfo (RoleInfo.java:shutdownLeaderElection(134)) - ea5b9712-cbb3-4773-924e-06a9bcd9ddf4: shutdown LeaderElection
2019-10-14 09:56:21,167 [ea5b9712-cbb3-4773-924e-06a9bcd9ddf4@group-CEB52C9AA540-LeaderElection3] INFO  impl.RaftServerImpl (RaftServerImpl.java:setRole(170)) - ea5b9712-cbb3-4773-924e-06a9bcd9ddf4@group-CEB52C9AA540: changes role from CANDIDATE to LEADER at term 1 for changeToLeader
2019-10-14 09:56:21,167 [ea5b9712-cbb3-4773-924e-06a9bcd9ddf4@group-CEB52C9AA540-LeaderElection3] INFO  impl.RaftServerImpl (ServerState.java:setLeader(255)) - ea5b9712-cbb3-4773-924e-06a9bcd9ddf4@group-CEB52C9AA540: change Leader from null to ea5b9712-cbb3-4773-924e-06a9bcd9ddf4 at term 1 for becomeLeader, leader elected after 5098ms
2019-10-14 09:56:21,169 [ea5b9712-cbb3-4773-924e-06a9bcd9ddf4@group-CEB52C9AA540-LeaderElection3] INFO  server.RaftServerConfigKeys (ConfUtils.java:logGet(43)) - raft.server.staging.catchup.gap = 1000 (default)
2019-10-14 09:56:21,169 [ea5b9712-cbb3-4773-924e-06a9bcd9ddf4@group-CEB52C9AA540-LeaderElection3] INFO  server.RaftServerConfigKeys (ConfUtils.java:logGet(43)) - raft.server.rpc.sleep.time = 25ms (default)
2019-10-14 09:56:21,170 [ea5b9712-cbb3-4773-924e-06a9bcd9ddf4@group-CEB52C9AA540-LeaderElection3] INFO  server.RaftServerConfigKeys (ConfUtils.java:logGet(43)) - raft.server.write.element-limit = 4096 (default)
2019-10-14 09:56:21,170 [ea5b9712-cbb3-4773-924e-06a9bcd9ddf4@group-CEB52C9AA540-LeaderElection3] INFO  server.RaftServerConfigKeys (ConfUtils.java:logGet(43)) - raft.server.watch.timeout = 10s (default)
2019-10-14 09:56:21,170 [ea5b9712-cbb3-4773-924e-06a9bcd9ddf4@group-CEB52C9AA540-LeaderElection3] INFO  server.RaftServerConfigKeys (ConfUtils.java:logGet(43)) - raft.server.watch.timeout.denomination = 1s (default)
2019-10-14 09:56:21,170 [ea5b9712-cbb3-4773-924e-06a9bcd9ddf4@group-CEB52C9AA540-LeaderElection3] INFO  server.RaftServerConfigKeys (ConfUtils.java:logGet(43)) - raft.server.watch.element-limit = 65536 (default)
2019-10-14 09:56:21,173 [ea5b9712-cbb3-4773-924e-06a9bcd9ddf4@group-CEB52C9AA540-LeaderElection3] INFO  impl.RoleInfo (RoleInfo.java:updateAndGet(143)) - ea5b9712-cbb3-4773-924e-06a9bcd9ddf4: start LeaderState
2019-10-14 09:56:21,173 [ea5b9712-cbb3-4773-924e-06a9bcd9ddf4@group-CEB52C9AA540-LeaderElection3] INFO  segmented.SegmentedRaftLogWorker (SegmentedRaftLogWorker.java:startLogSegment(385)) - ea5b9712-cbb3-4773-924e-06a9bcd9ddf4@group-CEB52C9AA540-SegmentedRaftLogWorker: Starting segment from index:0
2019-10-14 09:56:21,174 [ea5b9712-cbb3-4773-924e-06a9bcd9ddf4@group-CEB52C9AA540-LeaderElection3] INFO  impl.RaftServerImpl (ServerState.java:setRaftConf(356)) - ea5b9712-cbb3-4773-924e-06a9bcd9ddf4@group-CEB52C9AA540: set configuration 0: [ea5b9712-cbb3-4773-924e-06a9bcd9ddf4:192.168.151.98:33305], old=null at 0
2019-10-14 09:56:21,187 [Thread-249] INFO  impl.FollowerState (FollowerState.java:run(108)) - c6e5da1e-3405-4306-b196-adfa6bf80e55@group-5FA6E199366A-FollowerState: change to CANDIDATE, lastRpcTime:5003ms, electionTimeout:5003ms
2019-10-14 09:56:21,187 [Thread-249] INFO  impl.RoleInfo (RoleInfo.java:shutdownFollowerState(121)) - c6e5da1e-3405-4306-b196-adfa6bf80e55: shutdown FollowerState
2019-10-14 09:56:21,188 [Thread-249] INFO  impl.RaftServerImpl (RaftServerImpl.java:setRole(170)) - c6e5da1e-3405-4306-b196-adfa6bf80e55@group-5FA6E199366A: changes role from  FOLLOWER to CANDIDATE at term 0 for changeToCandidate
2019-10-14 09:56:21,188 [Thread-249] INFO  impl.RoleInfo (RoleInfo.java:updateAndGet(143)) - c6e5da1e-3405-4306-b196-adfa6bf80e55: start LeaderElection
2019-10-14 09:56:21,204 [c6e5da1e-3405-4306-b196-adfa6bf80e55@group-5FA6E199366A-LeaderElection4] INFO  impl.LeaderElection (LeaderElection.java:askForVotes(178)) - c6e5da1e-3405-4306-b196-adfa6bf80e55@group-5FA6E199366A-LeaderElection4: begin an election at term 1 for -1: [c6e5da1e-3405-4306-b196-adfa6bf80e55:192.168.151.98:39145], old=null
2019-10-14 09:56:21,204 [c6e5da1e-3405-4306-b196-adfa6bf80e55@group-5FA6E199366A-LeaderElection4] INFO  impl.RoleInfo (RoleInfo.java:shutdownLeaderElection(134)) - c6e5da1e-3405-4306-b196-adfa6bf80e55: shutdown LeaderElection
2019-10-14 09:56:21,204 [c6e5da1e-3405-4306-b196-adfa6bf80e55@group-5FA6E199366A-LeaderElection4] INFO  impl.RaftServerImpl (RaftServerImpl.java:setRole(170)) - c6e5da1e-3405-4306-b196-adfa6bf80e55@group-5FA6E199366A: changes role from CANDIDATE to LEADER at term 1 for changeToLeader
2019-10-14 09:56:21,204 [c6e5da1e-3405-4306-b196-adfa6bf80e55@group-5FA6E199366A-LeaderElection4] INFO  impl.RaftServerImpl (ServerState.java:setLeader(255)) - c6e5da1e-3405-4306-b196-adfa6bf80e55@group-5FA6E199366A: change Leader from null to c6e5da1e-3405-4306-b196-adfa6bf80e55 at term 1 for becomeLeader, leader elected after 5031ms
2019-10-14 09:56:21,238 [c6e5da1e-3405-4306-b196-adfa6bf80e55@group-5FA6E199366A-LeaderElection4] INFO  server.RaftServerConfigKeys (ConfUtils.java:logGet(43)) - raft.server.staging.catchup.gap = 1000 (default)
2019-10-14 09:56:21,239 [c6e5da1e-3405-4306-b196-adfa6bf80e55@group-5FA6E199366A-LeaderElection4] INFO  server.RaftServerConfigKeys (ConfUtils.java:logGet(43)) - raft.server.rpc.sleep.time = 25ms (default)
2019-10-14 09:56:21,239 [c6e5da1e-3405-4306-b196-adfa6bf80e55@group-5FA6E199366A-LeaderElection4] INFO  server.RaftServerConfigKeys (ConfUtils.java:logGet(43)) - raft.server.write.element-limit = 4096 (default)
2019-10-14 09:56:21,239 [c6e5da1e-3405-4306-b196-adfa6bf80e55@group-5FA6E199366A-LeaderElection4] INFO  server.RaftServerConfigKeys (ConfUtils.java:logGet(43)) - raft.server.watch.timeout = 10s (default)
2019-10-14 09:56:21,239 [c6e5da1e-3405-4306-b196-adfa6bf80e55@group-5FA6E199366A-LeaderElection4] INFO  server.RaftServerConfigKeys (ConfUtils.java:logGet(43)) - raft.server.watch.timeout.denomination = 1s (default)
2019-10-14 09:56:21,239 [c6e5da1e-3405-4306-b196-adfa6bf80e55@group-5FA6E199366A-LeaderElection4] INFO  server.RaftServerConfigKeys (ConfUtils.java:logGet(43)) - raft.server.watch.element-limit = 65536 (default)
2019-10-14 09:56:21,241 [c6e5da1e-3405-4306-b196-adfa6bf80e55@group-5FA6E199366A-LeaderElection4] INFO  impl.RoleInfo (RoleInfo.java:updateAndGet(143)) - c6e5da1e-3405-4306-b196-adfa6bf80e55: start LeaderState
2019-10-14 09:56:21,241 [c6e5da1e-3405-4306-b196-adfa6bf80e55@group-5FA6E199366A-LeaderElection4] INFO  segmented.SegmentedRaftLogWorker (SegmentedRaftLogWorker.java:startLogSegment(385)) - c6e5da1e-3405-4306-b196-adfa6bf80e55@group-5FA6E199366A-SegmentedRaftLogWorker: Starting segment from index:0
2019-10-14 09:56:21,242 [c6e5da1e-3405-4306-b196-adfa6bf80e55@group-5FA6E199366A-LeaderElection4] INFO  impl.RaftServerImpl (ServerState.java:setRaftConf(356)) - c6e5da1e-3405-4306-b196-adfa6bf80e55@group-5FA6E199366A: set configuration 0: [c6e5da1e-3405-4306-b196-adfa6bf80e55:192.168.151.98:39145], old=null at 0
2019-10-14 09:56:21,270 [ea5b9712-cbb3-4773-924e-06a9bcd9ddf4@group-CEB52C9AA540-SegmentedRaftLogWorker] INFO  segmented.SegmentedRaftLogWorker (SegmentedRaftLogWorker.java:execute(574)) - ea5b9712-cbb3-4773-924e-06a9bcd9ddf4@group-CEB52C9AA540-SegmentedRaftLogWorker: created new log segment /workdir/hadoop-ozone/integration-test/target/test-dir/MiniOzoneClusterImpl-2d6df893-75cb-4c24-b206-748970ef4ec9/datanode-2/data/ratis/f26428b4-333f-456d-8d0d-ceb52c9aa540/current/log_inprogress_0
2019-10-14 09:56:21,270 [c6e5da1e-3405-4306-b196-adfa6bf80e55@group-5FA6E199366A-SegmentedRaftLogWorker] INFO  segmented.SegmentedRaftLogWorker (SegmentedRaftLogWorker.java:execute(574)) - c6e5da1e-3405-4306-b196-adfa6bf80e55@group-5FA6E199366A-SegmentedRaftLogWorker: created new log segment /workdir/hadoop-ozone/integration-test/target/test-dir/MiniOzoneClusterImpl-2d6df893-75cb-4c24-b206-748970ef4ec9/datanode-5/data/ratis/ffdfe164-e948-4146-b82b-5fa6e199366a/current/log_inprogress_0
2019-10-14 09:56:21,270 [663c650b-dfd3-420f-8c3f-637d4c51479b@group-F0DBD42263D2-SegmentedRaftLogWorker] INFO  segmented.SegmentedRaftLogWorker (SegmentedRaftLogWorker.java:execute(574)) - 663c650b-dfd3-420f-8c3f-637d4c51479b@group-F0DBD42263D2-SegmentedRaftLogWorker: created new log segment /workdir/hadoop-ozone/integration-test/target/test-dir/MiniOzoneClusterImpl-2d6df893-75cb-4c24-b206-748970ef4ec9/datanode-1/data/ratis/a4504a09-0641-4100-a325-f0dbd42263d2/current/log_inprogress_0
2019-10-14 09:56:21,270 [c8201ea9-c3bc-4c88-a549-caf3a2cf5add@group-645F96C4F7FD-SegmentedRaftLogWorker] INFO  segmented.SegmentedRaftLogWorker (SegmentedRaftLogWorker.java:execute(574)) - c8201ea9-c3bc-4c88-a549-caf3a2cf5add@group-645F96C4F7FD-SegmentedRaftLogWorker: created new log segment /workdir/hadoop-ozone/integration-test/target/test-dir/MiniOzoneClusterImpl-2d6df893-75cb-4c24-b206-748970ef4ec9/datanode-0/data/ratis/34bcabef-060d-47d1-a4d9-645f96c4f7fd/current/log_inprogress_0
2019-10-14 09:56:21,397 [Thread-252] INFO  impl.FollowerState (FollowerState.java:run(108)) - d2730208-fd8e-4977-80a8-483ef143a0fd@group-E45668DC9709-FollowerState: change to CANDIDATE, lastRpcTime:5128ms, electionTimeout:5128ms
2019-10-14 09:56:21,398 [Thread-252] INFO  impl.RoleInfo (RoleInfo.java:shutdownFollowerState(121)) - d2730208-fd8e-4977-80a8-483ef143a0fd: shutdown FollowerState
2019-10-14 09:56:21,398 [Thread-252] INFO  impl.RaftServerImpl (RaftServerImpl.java:setRole(170)) - d2730208-fd8e-4977-80a8-483ef143a0fd@group-E45668DC9709: changes role from  FOLLOWER to CANDIDATE at term 0 for changeToCandidate
2019-10-14 09:56:21,398 [Thread-252] INFO  impl.RoleInfo (RoleInfo.java:updateAndGet(143)) - d2730208-fd8e-4977-80a8-483ef143a0fd: start LeaderElection
2019-10-14 09:56:21,410 [Thread-258] INFO  impl.FollowerState (FollowerState.java:run(108)) - f26223fc-bc4e-4a9a-90c4-64b7cc04c2c0@group-9F3DB610B9D7-FollowerState: change to CANDIDATE, lastRpcTime:5011ms, electionTimeout:5011ms
2019-10-14 09:56:21,410 [Thread-258] INFO  impl.RoleInfo (RoleInfo.java:shutdownFollowerState(121)) - f26223fc-bc4e-4a9a-90c4-64b7cc04c2c0: shutdown FollowerState
2019-10-14 09:56:21,410 [Thread-258] INFO  impl.RaftServerImpl (RaftServerImpl.java:setRole(170)) - f26223fc-bc4e-4a9a-90c4-64b7cc04c2c0@group-9F3DB610B9D7: changes role from  FOLLOWER to CANDIDATE at term 0 for changeToCandidate
2019-10-14 09:56:21,410 [Thread-258] INFO  impl.RoleInfo (RoleInfo.java:updateAndGet(143)) - f26223fc-bc4e-4a9a-90c4-64b7cc04c2c0: start LeaderElection
2019-10-14 09:56:21,420 [f26223fc-bc4e-4a9a-90c4-64b7cc04c2c0@group-9F3DB610B9D7-LeaderElection6] INFO  impl.LeaderElection (LeaderElection.java:askForVotes(178)) - f26223fc-bc4e-4a9a-90c4-64b7cc04c2c0@group-9F3DB610B9D7-LeaderElection6: begin an election at term 1 for -1: [f26223fc-bc4e-4a9a-90c4-64b7cc04c2c0:192.168.151.98:37192], old=null
2019-10-14 09:56:21,420 [d2730208-fd8e-4977-80a8-483ef143a0fd@group-E45668DC9709-LeaderElection5] INFO  impl.LeaderElection (LeaderElection.java:askForVotes(178)) - d2730208-fd8e-4977-80a8-483ef143a0fd@group-E45668DC9709-LeaderElection5: begin an election at term 1 for -1: [d2730208-fd8e-4977-80a8-483ef143a0fd:192.168.151.98:35732], old=null
2019-10-14 09:56:21,429 [f26223fc-bc4e-4a9a-90c4-64b7cc04c2c0@group-9F3DB610B9D7-LeaderElection6] INFO  impl.RoleInfo (RoleInfo.java:shutdownLeaderElection(134)) - f26223fc-bc4e-4a9a-90c4-64b7cc04c2c0: shutdown LeaderElection
2019-10-14 09:56:21,429 [d2730208-fd8e-4977-80a8-483ef143a0fd@group-E45668DC9709-LeaderElection5] INFO  impl.RoleInfo (RoleInfo.java:shutdownLeaderElection(134)) - d2730208-fd8e-4977-80a8-483ef143a0fd: shutdown LeaderElection
2019-10-14 09:56:21,429 [f26223fc-bc4e-4a9a-90c4-64b7cc04c2c0@group-9F3DB610B9D7-LeaderElection6] INFO  impl.RaftServerImpl (RaftServerImpl.java:setRole(170)) - f26223fc-bc4e-4a9a-90c4-64b7cc04c2c0@group-9F3DB610B9D7: changes role from CANDIDATE to LEADER at term 1 for changeToLeader
2019-10-14 09:56:21,429 [d2730208-fd8e-4977-80a8-483ef143a0fd@group-E45668DC9709-LeaderElection5] INFO  impl.RaftServerImpl (RaftServerImpl.java:setRole(170)) - d2730208-fd8e-4977-80a8-483ef143a0fd@group-E45668DC9709: changes role from CANDIDATE to LEADER at term 1 for changeToLeader
2019-10-14 09:56:21,429 [f26223fc-bc4e-4a9a-90c4-64b7cc04c2c0@group-9F3DB610B9D7-LeaderElection6] INFO  impl.RaftServerImpl (ServerState.java:setLeader(255)) - f26223fc-bc4e-4a9a-90c4-64b7cc04c2c0@group-9F3DB610B9D7: change Leader from null to f26223fc-bc4e-4a9a-90c4-64b7cc04c2c0 at term 1 for becomeLeader, leader elected after 5037ms
2019-10-14 09:56:21,430 [d2730208-fd8e-4977-80a8-483ef143a0fd@group-E45668DC9709-LeaderElection5] INFO  impl.RaftServerImpl (ServerState.java:setLeader(255)) - d2730208-fd8e-4977-80a8-483ef143a0fd@group-E45668DC9709: change Leader from null to d2730208-fd8e-4977-80a8-483ef143a0fd at term 1 for becomeLeader, leader elected after 5175ms
2019-10-14 09:56:21,431 [f26223fc-bc4e-4a9a-90c4-64b7cc04c2c0@group-9F3DB610B9D7-LeaderElection6] INFO  server.RaftServerConfigKeys (ConfUtils.java:logGet(43)) - raft.server.staging.catchup.gap = 1000 (default)
2019-10-14 09:56:21,433 [d2730208-fd8e-4977-80a8-483ef143a0fd@group-E45668DC9709-LeaderElection5] INFO  server.RaftServerConfigKeys (ConfUtils.java:logGet(43)) - raft.server.staging.catchup.gap = 1000 (default)
2019-10-14 09:56:21,434 [f26223fc-bc4e-4a9a-90c4-64b7cc04c2c0@group-9F3DB610B9D7-LeaderElection6] INFO  server.RaftServerConfigKeys (ConfUtils.java:logGet(43)) - raft.server.rpc.sleep.time = 25ms (default)
2019-10-14 09:56:21,434 [d2730208-fd8e-4977-80a8-483ef143a0fd@group-E45668DC9709-LeaderElection5] INFO  server.RaftServerConfigKeys (ConfUtils.java:logGet(43)) - raft.server.rpc.sleep.time = 25ms (default)
2019-10-14 09:56:21,434 [f26223fc-bc4e-4a9a-90c4-64b7cc04c2c0@group-9F3DB610B9D7-LeaderElection6] INFO  server.RaftServerConfigKeys (ConfUtils.java:logGet(43)) - raft.server.write.element-limit = 4096 (default)
2019-10-14 09:56:21,435 [f26223fc-bc4e-4a9a-90c4-64b7cc04c2c0@group-9F3DB610B9D7-LeaderElection6] INFO  server.RaftServerConfigKeys (ConfUtils.java:logGet(43)) - raft.server.watch.timeout = 10s (default)
2019-10-14 09:56:21,435 [d2730208-fd8e-4977-80a8-483ef143a0fd@group-E45668DC9709-LeaderElection5] INFO  server.RaftServerConfigKeys (ConfUtils.java:logGet(43)) - raft.server.write.element-limit = 4096 (default)
2019-10-14 09:56:21,435 [f26223fc-bc4e-4a9a-90c4-64b7cc04c2c0@group-9F3DB610B9D7-LeaderElection6] INFO  server.RaftServerConfigKeys (ConfUtils.java:logGet(43)) - raft.server.watch.timeout.denomination = 1s (default)
2019-10-14 09:56:21,435 [d2730208-fd8e-4977-80a8-483ef143a0fd@group-E45668DC9709-LeaderElection5] INFO  server.RaftServerConfigKeys (ConfUtils.java:logGet(43)) - raft.server.watch.timeout = 10s (default)
2019-10-14 09:56:21,435 [f26223fc-bc4e-4a9a-90c4-64b7cc04c2c0@group-9F3DB610B9D7-LeaderElection6] INFO  server.RaftServerConfigKeys (ConfUtils.java:logGet(43)) - raft.server.watch.element-limit = 65536 (default)
2019-10-14 09:56:21,435 [d2730208-fd8e-4977-80a8-483ef143a0fd@group-E45668DC9709-LeaderElection5] INFO  server.RaftServerConfigKeys (ConfUtils.java:logGet(43)) - raft.server.watch.timeout.denomination = 1s (default)
2019-10-14 09:56:21,435 [d2730208-fd8e-4977-80a8-483ef143a0fd@group-E45668DC9709-LeaderElection5] INFO  server.RaftServerConfigKeys (ConfUtils.java:logGet(43)) - raft.server.watch.element-limit = 65536 (default)
2019-10-14 09:56:21,439 [f26223fc-bc4e-4a9a-90c4-64b7cc04c2c0@group-9F3DB610B9D7-LeaderElection6] INFO  impl.RoleInfo (RoleInfo.java:updateAndGet(143)) - f26223fc-bc4e-4a9a-90c4-64b7cc04c2c0: start LeaderState
2019-10-14 09:56:21,439 [f26223fc-bc4e-4a9a-90c4-64b7cc04c2c0@group-9F3DB610B9D7-LeaderElection6] INFO  segmented.SegmentedRaftLogWorker (SegmentedRaftLogWorker.java:startLogSegment(385)) - f26223fc-bc4e-4a9a-90c4-64b7cc04c2c0@group-9F3DB610B9D7-SegmentedRaftLogWorker: Starting segment from index:0
2019-10-14 09:56:21,440 [d2730208-fd8e-4977-80a8-483ef143a0fd@group-E45668DC9709-LeaderElection5] INFO  impl.RoleInfo (RoleInfo.java:updateAndGet(143)) - d2730208-fd8e-4977-80a8-483ef143a0fd: start LeaderState
2019-10-14 09:56:21,440 [f26223fc-bc4e-4a9a-90c4-64b7cc04c2c0@group-9F3DB610B9D7-LeaderElection6] INFO  impl.RaftServerImpl (ServerState.java:setRaftConf(356)) - f26223fc-bc4e-4a9a-90c4-64b7cc04c2c0@group-9F3DB610B9D7: set configuration 0: [f26223fc-bc4e-4a9a-90c4-64b7cc04c2c0:192.168.151.98:37192], old=null at 0
2019-10-14 09:56:21,440 [d2730208-fd8e-4977-80a8-483ef143a0fd@group-E45668DC9709-LeaderElection5] INFO  segmented.SegmentedRaftLogWorker (SegmentedRaftLogWorker.java:startLogSegment(385)) - d2730208-fd8e-4977-80a8-483ef143a0fd@group-E45668DC9709-SegmentedRaftLogWorker: Starting segment from index:0
2019-10-14 09:56:21,477 [d2730208-fd8e-4977-80a8-483ef143a0fd@group-E45668DC9709-LeaderElection5] INFO  impl.RaftServerImpl (ServerState.java:setRaftConf(356)) - d2730208-fd8e-4977-80a8-483ef143a0fd@group-E45668DC9709: set configuration 0: [d2730208-fd8e-4977-80a8-483ef143a0fd:192.168.151.98:35732], old=null at 0
2019-10-14 09:56:21,509 [Thread-264] INFO  impl.FollowerState (FollowerState.java:run(108)) - 663c650b-dfd3-420f-8c3f-637d4c51479b@group-DBD4FBC4F8EC-FollowerState: change to CANDIDATE, lastRpcTime:5016ms, electionTimeout:5014ms
2019-10-14 09:56:21,509 [Thread-255] INFO  impl.FollowerState (FollowerState.java:run(108)) - eece51ad-d320-4c8a-a233-260debf16eed@group-67354DF3BC46-FollowerState: change to CANDIDATE, lastRpcTime:5173ms, electionTimeout:5165ms
2019-10-14 09:56:21,509 [f26223fc-bc4e-4a9a-90c4-64b7cc04c2c0@group-9F3DB610B9D7-SegmentedRaftLogWorker] INFO  segmented.SegmentedRaftLogWorker (SegmentedRaftLogWorker.java:execute(574)) - f26223fc-bc4e-4a9a-90c4-64b7cc04c2c0@group-9F3DB610B9D7-SegmentedRaftLogWorker: created new log segment /workdir/hadoop-ozone/integration-test/target/test-dir/MiniOzoneClusterImpl-2d6df893-75cb-4c24-b206-748970ef4ec9/datanode-4/data/ratis/2c41b43e-ec0f-4378-9ed8-9f3db610b9d7/current/log_inprogress_0
2019-10-14 09:56:21,511 [Thread-264] INFO  impl.RoleInfo (RoleInfo.java:shutdownFollowerState(121)) - 663c650b-dfd3-420f-8c3f-637d4c51479b: shutdown FollowerState
2019-10-14 09:56:21,511 [Thread-255] INFO  impl.RoleInfo (RoleInfo.java:shutdownFollowerState(121)) - eece51ad-d320-4c8a-a233-260debf16eed: shutdown FollowerState
2019-10-14 09:56:21,527 [d2730208-fd8e-4977-80a8-483ef143a0fd@group-E45668DC9709-SegmentedRaftLogWorker] INFO  segmented.SegmentedRaftLogWorker (SegmentedRaftLogWorker.java:execute(574)) - d2730208-fd8e-4977-80a8-483ef143a0fd@group-E45668DC9709-SegmentedRaftLogWorker: created new log segment /workdir/hadoop-ozone/integration-test/target/test-dir/MiniOzoneClusterImpl-2d6df893-75cb-4c24-b206-748970ef4ec9/datanode-3/data/ratis/7144b5c9-df68-4249-844d-e45668dc9709/current/log_inprogress_0
2019-10-14 09:56:21,527 [Thread-264] INFO  impl.RaftServerImpl (RaftServerImpl.java:setRole(170)) - 663c650b-dfd3-420f-8c3f-637d4c51479b@group-DBD4FBC4F8EC: changes role from  FOLLOWER to CANDIDATE at term 0 for changeToCandidate
2019-10-14 09:56:21,533 [Thread-255] INFO  impl.RaftServerImpl (RaftServerImpl.java:setRole(170)) - eece51ad-d320-4c8a-a233-260debf16eed@group-67354DF3BC46: changes role from  FOLLOWER to CANDIDATE at term 0 for changeToCandidate
2019-10-14 09:56:21,533 [Thread-264] INFO  impl.RoleInfo (RoleInfo.java:updateAndGet(143)) - 663c650b-dfd3-420f-8c3f-637d4c51479b: start LeaderElection
2019-10-14 09:56:21,533 [Thread-255] INFO  impl.RoleInfo (RoleInfo.java:updateAndGet(143)) - eece51ad-d320-4c8a-a233-260debf16eed: start LeaderElection
2019-10-14 09:56:21,546 [eece51ad-d320-4c8a-a233-260debf16eed@group-67354DF3BC46-LeaderElection8] INFO  impl.LeaderElection (LeaderElection.java:askForVotes(178)) - eece51ad-d320-4c8a-a233-260debf16eed@group-67354DF3BC46-LeaderElection8: begin an election at term 1 for -1: [eece51ad-d320-4c8a-a233-260debf16eed:192.168.151.98:34694], old=null
2019-10-14 09:56:21,546 [663c650b-dfd3-420f-8c3f-637d4c51479b@group-DBD4FBC4F8EC-LeaderElection7] INFO  impl.LeaderElection (LeaderElection.java:askForVotes(178)) - 663c650b-dfd3-420f-8c3f-637d4c51479b@group-DBD4FBC4F8EC-LeaderElection7: begin an election at term 1 for -1: [c8201ea9-c3bc-4c88-a549-caf3a2cf5add:192.168.151.98:37524, ea5b9712-cbb3-4773-924e-06a9bcd9ddf4:192.168.151.98:33305, 663c650b-dfd3-420f-8c3f-637d4c51479b:192.168.151.98:36938], old=null
2019-10-14 09:56:21,546 [eece51ad-d320-4c8a-a233-260debf16eed@group-67354DF3BC46-LeaderElection8] INFO  impl.RoleInfo (RoleInfo.java:shutdownLeaderElection(134)) - eece51ad-d320-4c8a-a233-260debf16eed: shutdown LeaderElection
2019-10-14 09:56:21,547 [eece51ad-d320-4c8a-a233-260debf16eed@group-67354DF3BC46-LeaderElection8] INFO  impl.RaftServerImpl (RaftServerImpl.java:setRole(170)) - eece51ad-d320-4c8a-a233-260debf16eed@group-67354DF3BC46: changes role from CANDIDATE to LEADER at term 1 for changeToLeader
2019-10-14 09:56:21,547 [eece51ad-d320-4c8a-a233-260debf16eed@group-67354DF3BC46-LeaderElection8] INFO  impl.RaftServerImpl (ServerState.java:setLeader(255)) - eece51ad-d320-4c8a-a233-260debf16eed@group-67354DF3BC46: change Leader from null to eece51ad-d320-4c8a-a233-260debf16eed at term 1 for becomeLeader, leader elected after 5219ms
2019-10-14 09:56:21,549 [eece51ad-d320-4c8a-a233-260debf16eed@group-67354DF3BC46-LeaderElection8] INFO  server.RaftServerConfigKeys (ConfUtils.java:logGet(43)) - raft.server.staging.catchup.gap = 1000 (default)
2019-10-14 09:56:21,549 [eece51ad-d320-4c8a-a233-260debf16eed@group-67354DF3BC46-LeaderElection8] INFO  server.RaftServerConfigKeys (ConfUtils.java:logGet(43)) - raft.server.rpc.sleep.time = 25ms (default)
2019-10-14 09:56:21,549 [eece51ad-d320-4c8a-a233-260debf16eed@group-67354DF3BC46-LeaderElection8] INFO  server.RaftServerConfigKeys (ConfUtils.java:logGet(43)) - raft.server.write.element-limit = 4096 (default)
2019-10-14 09:56:21,549 [eece51ad-d320-4c8a-a233-260debf16eed@group-67354DF3BC46-LeaderElection8] INFO  server.RaftServerConfigKeys (ConfUtils.java:logGet(43)) - raft.server.watch.timeout = 10s (default)
2019-10-14 09:56:21,550 [eece51ad-d320-4c8a-a233-260debf16eed@group-67354DF3BC46-LeaderElection8] INFO  server.RaftServerConfigKeys (ConfUtils.java:logGet(43)) - raft.server.watch.timeout.denomination = 1s (default)
2019-10-14 09:56:21,550 [eece51ad-d320-4c8a-a233-260debf16eed@group-67354DF3BC46-LeaderElection8] INFO  server.RaftServerConfigKeys (ConfUtils.java:logGet(43)) - raft.server.watch.element-limit = 65536 (default)
2019-10-14 09:56:21,553 [eece51ad-d320-4c8a-a233-260debf16eed@group-67354DF3BC46-LeaderElection8] INFO  impl.RoleInfo (RoleInfo.java:updateAndGet(143)) - eece51ad-d320-4c8a-a233-260debf16eed: start LeaderState
2019-10-14 09:56:21,553 [eece51ad-d320-4c8a-a233-260debf16eed@group-67354DF3BC46-LeaderElection8] INFO  segmented.SegmentedRaftLogWorker (SegmentedRaftLogWorker.java:startLogSegment(385)) - eece51ad-d320-4c8a-a233-260debf16eed@group-67354DF3BC46-SegmentedRaftLogWorker: Starting segment from index:0
2019-10-14 09:56:21,554 [eece51ad-d320-4c8a-a233-260debf16eed@group-67354DF3BC46-LeaderElection8] INFO  impl.RaftServerImpl (ServerState.java:setRaftConf(356)) - eece51ad-d320-4c8a-a233-260debf16eed@group-67354DF3BC46: set configuration 0: [eece51ad-d320-4c8a-a233-260debf16eed:192.168.151.98:34694], old=null at 0
2019-10-14 09:56:21,604 [eece51ad-d320-4c8a-a233-260debf16eed@group-67354DF3BC46-SegmentedRaftLogWorker] INFO  segmented.SegmentedRaftLogWorker (SegmentedRaftLogWorker.java:execute(574)) - eece51ad-d320-4c8a-a233-260debf16eed@group-67354DF3BC46-SegmentedRaftLogWorker: created new log segment /workdir/hadoop-ozone/integration-test/target/test-dir/MiniOzoneClusterImpl-2d6df893-75cb-4c24-b206-748970ef4ec9/datanode-6/data/ratis/8bcbc79a-759c-4c48-8350-67354df3bc46/current/log_inprogress_0
2019-10-14 09:56:21,612 [grpc-default-executor-2] INFO  impl.RaftServerImpl (RaftServerImpl.java:setRole(170)) - ea5b9712-cbb3-4773-924e-06a9bcd9ddf4@group-DBD4FBC4F8EC: changes role from  FOLLOWER to FOLLOWER at term 1 for recognizeCandidate:663c650b-dfd3-420f-8c3f-637d4c51479b
2019-10-14 09:56:21,612 [grpc-default-executor-1] INFO  impl.RaftServerImpl (RaftServerImpl.java:setRole(170)) - c8201ea9-c3bc-4c88-a549-caf3a2cf5add@group-DBD4FBC4F8EC: changes role from  FOLLOWER to FOLLOWER at term 1 for recognizeCandidate:663c650b-dfd3-420f-8c3f-637d4c51479b
2019-10-14 09:56:21,613 [grpc-default-executor-2] INFO  impl.RoleInfo (RoleInfo.java:shutdownFollowerState(121)) - ea5b9712-cbb3-4773-924e-06a9bcd9ddf4: shutdown FollowerState
2019-10-14 09:56:21,613 [grpc-default-executor-1] INFO  impl.RoleInfo (RoleInfo.java:shutdownFollowerState(121)) - c8201ea9-c3bc-4c88-a549-caf3a2cf5add: shutdown FollowerState
2019-10-14 09:56:21,613 [Thread-262] INFO  impl.FollowerState (FollowerState.java:run(117)) - ea5b9712-cbb3-4773-924e-06a9bcd9ddf4@group-DBD4FBC4F8EC-FollowerState was interrupted: java.lang.InterruptedException: sleep interrupted
2019-10-14 09:56:21,613 [grpc-default-executor-2] INFO  impl.RoleInfo (RoleInfo.java:updateAndGet(143)) - ea5b9712-cbb3-4773-924e-06a9bcd9ddf4: start FollowerState
2019-10-14 09:56:21,613 [Thread-266] INFO  impl.FollowerState (FollowerState.java:run(117)) - c8201ea9-c3bc-4c88-a549-caf3a2cf5add@group-DBD4FBC4F8EC-FollowerState was interrupted: java.lang.InterruptedException: sleep interrupted
2019-10-14 09:56:21,613 [grpc-default-executor-1] INFO  impl.RoleInfo (RoleInfo.java:updateAndGet(143)) - c8201ea9-c3bc-4c88-a549-caf3a2cf5add: start FollowerState
2019-10-14 09:56:21,641 [663c650b-dfd3-420f-8c3f-637d4c51479b@group-DBD4FBC4F8EC-LeaderElection7] INFO  impl.LeaderElection (LeaderElection.java:logAndReturn(56)) - 663c650b-dfd3-420f-8c3f-637d4c51479b@group-DBD4FBC4F8EC-LeaderElection7: Election PASSED; received 1 response(s) [663c650b-dfd3-420f-8c3f-637d4c51479b<-c8201ea9-c3bc-4c88-a549-caf3a2cf5add#0:OK-t1] and 0 exception(s); 663c650b-dfd3-420f-8c3f-637d4c51479b@group-DBD4FBC4F8EC:t1, leader=null, voted=663c650b-dfd3-420f-8c3f-637d4c51479b, raftlog=663c650b-dfd3-420f-8c3f-637d4c51479b@group-DBD4FBC4F8EC-SegmentedRaftLog:OPENED:c-1,f-1,i0, conf=-1: [c8201ea9-c3bc-4c88-a549-caf3a2cf5add:192.168.151.98:37524, ea5b9712-cbb3-4773-924e-06a9bcd9ddf4:192.168.151.98:33305, 663c650b-dfd3-420f-8c3f-637d4c51479b:192.168.151.98:36938], old=null
2019-10-14 09:56:21,641 [663c650b-dfd3-420f-8c3f-637d4c51479b@group-DBD4FBC4F8EC-LeaderElection7] INFO  impl.RoleInfo (RoleInfo.java:shutdownLeaderElection(134)) - 663c650b-dfd3-420f-8c3f-637d4c51479b: shutdown LeaderElection
2019-10-14 09:56:21,645 [663c650b-dfd3-420f-8c3f-637d4c51479b@group-DBD4FBC4F8EC-LeaderElection7] INFO  impl.RaftServerImpl (RaftServerImpl.java:setRole(170)) - 663c650b-dfd3-420f-8c3f-637d4c51479b@group-DBD4FBC4F8EC: changes role from CANDIDATE to LEADER at term 1 for changeToLeader
2019-10-14 09:56:21,645 [663c650b-dfd3-420f-8c3f-637d4c51479b@group-DBD4FBC4F8EC-LeaderElection7] INFO  impl.RaftServerImpl (ServerState.java:setLeader(255)) - 663c650b-dfd3-420f-8c3f-637d4c51479b@group-DBD4FBC4F8EC: change Leader from null to 663c650b-dfd3-420f-8c3f-637d4c51479b at term 1 for becomeLeader, leader elected after 5163ms
2019-10-14 09:56:21,645 [663c650b-dfd3-420f-8c3f-637d4c51479b@group-DBD4FBC4F8EC-LeaderElection7] INFO  server.RaftServerConfigKeys (ConfUtils.java:logGet(43)) - raft.server.staging.catchup.gap = 1000 (default)
2019-10-14 09:56:21,646 [663c650b-dfd3-420f-8c3f-637d4c51479b@group-DBD4FBC4F8EC-LeaderElection7] INFO  server.RaftServerConfigKeys (ConfUtils.java:logGet(43)) - raft.server.rpc.sleep.time = 25ms (default)
2019-10-14 09:56:21,646 [663c650b-dfd3-420f-8c3f-637d4c51479b@group-DBD4FBC4F8EC-LeaderElection7] INFO  server.RaftServerConfigKeys (ConfUtils.java:logGet(43)) - raft.server.write.element-limit = 4096 (default)
2019-10-14 09:56:21,646 [663c650b-dfd3-420f-8c3f-637d4c51479b@group-DBD4FBC4F8EC-LeaderElection7] INFO  server.RaftServerConfigKeys (ConfUtils.java:logGet(43)) - raft.server.watch.timeout = 10s (default)
2019-10-14 09:56:21,647 [663c650b-dfd3-420f-8c3f-637d4c51479b@group-DBD4FBC4F8EC-LeaderElection7] INFO  server.RaftServerConfigKeys (ConfUtils.java:logGet(43)) - raft.server.watch.timeout.denomination = 1s (default)
2019-10-14 09:56:21,647 [663c650b-dfd3-420f-8c3f-637d4c51479b@group-DBD4FBC4F8EC-LeaderElection7] INFO  server.RaftServerConfigKeys (ConfUtils.java:logGet(43)) - raft.server.watch.element-limit = 65536 (default)
2019-10-14 09:56:21,655 [663c650b-dfd3-420f-8c3f-637d4c51479b@group-DBD4FBC4F8EC-LeaderElection7] INFO  server.RaftServerConfigKeys (ConfUtils.java:logGet(43)) - raft.server.log.appender.snapshot.chunk.size.max = 16MB (=16777216) (default)
2019-10-14 09:56:21,656 [663c650b-dfd3-420f-8c3f-637d4c51479b@group-DBD4FBC4F8EC-LeaderElection7] INFO  server.RaftServerConfigKeys (ConfUtils.java:logGet(43)) - raft.server.log.appender.buffer.byte-limit = 33554432 (custom)
2019-10-14 09:56:21,656 [663c650b-dfd3-420f-8c3f-637d4c51479b@group-DBD4FBC4F8EC-LeaderElection7] INFO  server.RaftServerConfigKeys (ConfUtils.java:logGet(43)) - raft.server.log.appender.buffer.element-limit = 1 (custom)
2019-10-14 09:56:21,659 [663c650b-dfd3-420f-8c3f-637d4c51479b@group-DBD4FBC4F8EC-LeaderElection7] INFO  grpc.GrpcConfigKeys$Server (ConfUtils.java:logGet(43)) - raft.grpc.server.leader.outstanding.appends.max = 128 (default)
2019-10-14 09:56:21,659 [663c650b-dfd3-420f-8c3f-637d4c51479b@group-DBD4FBC4F8EC-LeaderElection7] INFO  server.RaftServerConfigKeys (ConfUtils.java:logGet(43)) - raft.server.rpc.request.timeout = 3000ms (default)
2019-10-14 09:56:21,659 [663c650b-dfd3-420f-8c3f-637d4c51479b@group-DBD4FBC4F8EC-LeaderElection7] INFO  server.RaftServerConfigKeys (ConfUtils.java:logGet(43)) - raft.server.log.appender.install.snapshot.enabled = false (custom)
2019-10-14 09:56:21,660 [663c650b-dfd3-420f-8c3f-637d4c51479b@group-DBD4FBC4F8EC-LeaderElection7] INFO  server.RaftServerConfigKeys (ConfUtils.java:logGet(43)) - raft.server.log.appender.snapshot.chunk.size.max = 16MB (=16777216) (default)
2019-10-14 09:56:21,660 [663c650b-dfd3-420f-8c3f-637d4c51479b@group-DBD4FBC4F8EC-LeaderElection7] INFO  server.RaftServerConfigKeys (ConfUtils.java:logGet(43)) - raft.server.log.appender.buffer.byte-limit = 33554432 (custom)
2019-10-14 09:56:21,660 [663c650b-dfd3-420f-8c3f-637d4c51479b@group-DBD4FBC4F8EC-LeaderElection7] INFO  server.RaftServerConfigKeys (ConfUtils.java:logGet(43)) - raft.server.log.appender.buffer.element-limit = 1 (custom)
2019-10-14 09:56:21,661 [663c650b-dfd3-420f-8c3f-637d4c51479b@group-DBD4FBC4F8EC-LeaderElection7] INFO  grpc.GrpcConfigKeys$Server (ConfUtils.java:logGet(43)) - raft.grpc.server.leader.outstanding.appends.max = 128 (default)
2019-10-14 09:56:21,661 [663c650b-dfd3-420f-8c3f-637d4c51479b@group-DBD4FBC4F8EC-LeaderElection7] INFO  server.RaftServerConfigKeys (ConfUtils.java:logGet(43)) - raft.server.rpc.request.timeout = 3000ms (default)
2019-10-14 09:56:21,661 [663c650b-dfd3-420f-8c3f-637d4c51479b@group-DBD4FBC4F8EC-LeaderElection7] INFO  server.RaftServerConfigKeys (ConfUtils.java:logGet(43)) - raft.server.log.appender.install.snapshot.enabled = false (custom)
2019-10-14 09:56:21,662 [663c650b-dfd3-420f-8c3f-637d4c51479b@group-DBD4FBC4F8EC-LeaderElection7] INFO  impl.RoleInfo (RoleInfo.java:updateAndGet(143)) - 663c650b-dfd3-420f-8c3f-637d4c51479b: start LeaderState
2019-10-14 09:56:21,662 [663c650b-dfd3-420f-8c3f-637d4c51479b@group-DBD4FBC4F8EC-LeaderElection7] INFO  segmented.SegmentedRaftLogWorker (SegmentedRaftLogWorker.java:startLogSegment(385)) - 663c650b-dfd3-420f-8c3f-637d4c51479b@group-DBD4FBC4F8EC-SegmentedRaftLogWorker: Starting segment from index:0
2019-10-14 09:56:21,663 [663c650b-dfd3-420f-8c3f-637d4c51479b@group-DBD4FBC4F8EC-LeaderElection7] INFO  impl.RaftServerImpl (ServerState.java:setRaftConf(356)) - 663c650b-dfd3-420f-8c3f-637d4c51479b@group-DBD4FBC4F8EC: set configuration 0: [c8201ea9-c3bc-4c88-a549-caf3a2cf5add:192.168.151.98:37524, ea5b9712-cbb3-4773-924e-06a9bcd9ddf4:192.168.151.98:33305, 663c650b-dfd3-420f-8c3f-637d4c51479b:192.168.151.98:36938], old=null at 0
2019-10-14 09:56:21,693 [Thread-273] INFO  impl.FollowerState (FollowerState.java:run(108)) - c6e5da1e-3405-4306-b196-adfa6bf80e55@group-4EC1C361F3D5-FollowerState: change to CANDIDATE, lastRpcTime:5098ms, electionTimeout:5090ms
2019-10-14 09:56:21,696 [Thread-273] INFO  impl.RoleInfo (RoleInfo.java:shutdownFollowerState(121)) - c6e5da1e-3405-4306-b196-adfa6bf80e55: shutdown FollowerState
2019-10-14 09:56:21,696 [Thread-273] INFO  impl.RaftServerImpl (RaftServerImpl.java:setRole(170)) - c6e5da1e-3405-4306-b196-adfa6bf80e55@group-4EC1C361F3D5: changes role from  FOLLOWER to CANDIDATE at term 0 for changeToCandidate
2019-10-14 09:56:21,696 [Thread-273] INFO  impl.RoleInfo (RoleInfo.java:updateAndGet(143)) - c6e5da1e-3405-4306-b196-adfa6bf80e55: start LeaderElection
2019-10-14 09:56:21,705 [663c650b-dfd3-420f-8c3f-637d4c51479b@group-DBD4FBC4F8EC-SegmentedRaftLogWorker] INFO  segmented.SegmentedRaftLogWorker (SegmentedRaftLogWorker.java:execute(574)) - 663c650b-dfd3-420f-8c3f-637d4c51479b@group-DBD4FBC4F8EC-SegmentedRaftLogWorker: created new log segment /workdir/hadoop-ozone/integration-test/target/test-dir/MiniOzoneClusterImpl-2d6df893-75cb-4c24-b206-748970ef4ec9/datanode-1/data/ratis/a74fdba1-5fc5-46e1-815f-dbd4fbc4f8ec/current/log_inprogress_0
2019-10-14 09:56:21,721 [c6e5da1e-3405-4306-b196-adfa6bf80e55@group-4EC1C361F3D5-LeaderElection9] INFO  impl.LeaderElection (LeaderElection.java:askForVotes(178)) - c6e5da1e-3405-4306-b196-adfa6bf80e55@group-4EC1C361F3D5-LeaderElection9: begin an election at term 1 for -1: [c6e5da1e-3405-4306-b196-adfa6bf80e55:192.168.151.98:39145, d2730208-fd8e-4977-80a8-483ef143a0fd:192.168.151.98:35732, eece51ad-d320-4c8a-a233-260debf16eed:192.168.151.98:34694], old=null
2019-10-14 09:56:21,721 [grpc-default-executor-2] INFO  impl.RaftServerImpl (ServerState.java:setLeader(255)) - ea5b9712-cbb3-4773-924e-06a9bcd9ddf4@group-DBD4FBC4F8EC: change Leader from null to 663c650b-dfd3-420f-8c3f-637d4c51479b at term 1 for appendEntries, leader elected after 5239ms
2019-10-14 09:56:21,725 [grpc-default-executor-1] INFO  impl.RaftServerImpl (ServerState.java:setLeader(255)) - c8201ea9-c3bc-4c88-a549-caf3a2cf5add@group-DBD4FBC4F8EC: change Leader from null to 663c650b-dfd3-420f-8c3f-637d4c51479b at term 1 for appendEntries, leader elected after 5243ms
2019-10-14 09:56:21,754 [grpc-default-executor-3] INFO  impl.RaftServerImpl (RaftServerImpl.java:setRole(170)) - eece51ad-d320-4c8a-a233-260debf16eed@group-4EC1C361F3D5: changes role from  FOLLOWER to FOLLOWER at term 1 for recognizeCandidate:c6e5da1e-3405-4306-b196-adfa6bf80e55
2019-10-14 09:56:21,754 [grpc-default-executor-3] INFO  impl.RoleInfo (RoleInfo.java:shutdownFollowerState(121)) - eece51ad-d320-4c8a-a233-260debf16eed: shutdown FollowerState
2019-10-14 09:56:21,754 [grpc-default-executor-3] INFO  impl.RoleInfo (RoleInfo.java:updateAndGet(143)) - eece51ad-d320-4c8a-a233-260debf16eed: start FollowerState
2019-10-14 09:56:21,754 [Thread-274] INFO  impl.FollowerState (FollowerState.java:run(117)) - eece51ad-d320-4c8a-a233-260debf16eed@group-4EC1C361F3D5-FollowerState was interrupted: java.lang.InterruptedException: sleep interrupted
2019-10-14 09:56:21,760 [grpc-default-executor-0] INFO  impl.RaftServerImpl (RaftServerImpl.java:setRole(170)) - d2730208-fd8e-4977-80a8-483ef143a0fd@group-4EC1C361F3D5: changes role from  FOLLOWER to FOLLOWER at term 1 for recognizeCandidate:c6e5da1e-3405-4306-b196-adfa6bf80e55
2019-10-14 09:56:21,760 [grpc-default-executor-0] INFO  impl.RoleInfo (RoleInfo.java:shutdownFollowerState(121)) - d2730208-fd8e-4977-80a8-483ef143a0fd: shutdown FollowerState
2019-10-14 09:56:21,761 [grpc-default-executor-0] INFO  impl.RoleInfo (RoleInfo.java:updateAndGet(143)) - d2730208-fd8e-4977-80a8-483ef143a0fd: start FollowerState
2019-10-14 09:56:21,761 [Thread-272] INFO  impl.FollowerState (FollowerState.java:run(117)) - d2730208-fd8e-4977-80a8-483ef143a0fd@group-4EC1C361F3D5-FollowerState was interrupted: java.lang.InterruptedException: sleep interrupted
2019-10-14 09:56:21,791 [c6e5da1e-3405-4306-b196-adfa6bf80e55@group-4EC1C361F3D5-LeaderElection9] INFO  impl.LeaderElection (LeaderElection.java:logAndReturn(56)) - c6e5da1e-3405-4306-b196-adfa6bf80e55@group-4EC1C361F3D5-LeaderElection9: Election PASSED; received 1 response(s) [c6e5da1e-3405-4306-b196-adfa6bf80e55<-d2730208-fd8e-4977-80a8-483ef143a0fd#0:OK-t1] and 0 exception(s); c6e5da1e-3405-4306-b196-adfa6bf80e55@group-4EC1C361F3D5:t1, leader=null, voted=c6e5da1e-3405-4306-b196-adfa6bf80e55, raftlog=c6e5da1e-3405-4306-b196-adfa6bf80e55@group-4EC1C361F3D5-SegmentedRaftLog:OPENED:c-1,f-1,i0, conf=-1: [c6e5da1e-3405-4306-b196-adfa6bf80e55:192.168.151.98:39145, d2730208-fd8e-4977-80a8-483ef143a0fd:192.168.151.98:35732, eece51ad-d320-4c8a-a233-260debf16eed:192.168.151.98:34694], old=null
2019-10-14 09:56:21,792 [c6e5da1e-3405-4306-b196-adfa6bf80e55@group-4EC1C361F3D5-LeaderElection9] INFO  impl.RoleInfo (RoleInfo.java:shutdownLeaderElection(134)) - c6e5da1e-3405-4306-b196-adfa6bf80e55: shutdown LeaderElection
2019-10-14 09:56:21,801 [c6e5da1e-3405-4306-b196-adfa6bf80e55@group-4EC1C361F3D5-LeaderElection9] INFO  impl.RaftServerImpl (RaftServerImpl.java:setRole(170)) - c6e5da1e-3405-4306-b196-adfa6bf80e55@group-4EC1C361F3D5: changes role from CANDIDATE to LEADER at term 1 for changeToLeader
2019-10-14 09:56:21,801 [c6e5da1e-3405-4306-b196-adfa6bf80e55@group-4EC1C361F3D5-LeaderElection9] INFO  impl.RaftServerImpl (ServerState.java:setLeader(255)) - c6e5da1e-3405-4306-b196-adfa6bf80e55@group-4EC1C361F3D5: change Leader from null to c6e5da1e-3405-4306-b196-adfa6bf80e55 at term 1 for becomeLeader, leader elected after 5219ms
2019-10-14 09:56:21,801 [c6e5da1e-3405-4306-b196-adfa6bf80e55@group-4EC1C361F3D5-LeaderElection9] INFO  server.RaftServerConfigKeys (ConfUtils.java:logGet(43)) - raft.server.staging.catchup.gap = 1000 (default)
2019-10-14 09:56:21,801 [c6e5da1e-3405-4306-b196-adfa6bf80e55@group-4EC1C361F3D5-LeaderElection9] INFO  server.RaftServerConfigKeys (ConfUtils.java:logGet(43)) - raft.server.rpc.sleep.time = 25ms (default)
2019-10-14 09:56:21,801 [c6e5da1e-3405-4306-b196-adfa6bf80e55@group-4EC1C361F3D5-LeaderElection9] INFO  server.RaftServerConfigKeys (ConfUtils.java:logGet(43)) - raft.server.write.element-limit = 4096 (default)
2019-10-14 09:56:21,802 [c6e5da1e-3405-4306-b196-adfa6bf80e55@group-4EC1C361F3D5-LeaderElection9] INFO  server.RaftServerConfigKeys (ConfUtils.java:logGet(43)) - raft.server.watch.timeout = 10s (default)
2019-10-14 09:56:21,803 [c6e5da1e-3405-4306-b196-adfa6bf80e55@group-4EC1C361F3D5-LeaderElection9] INFO  server.RaftServerConfigKeys (ConfUtils.java:logGet(43)) - raft.server.watch.timeout.denomination = 1s (default)
2019-10-14 09:56:21,804 [c6e5da1e-3405-4306-b196-adfa6bf80e55@group-4EC1C361F3D5-LeaderElection9] INFO  server.RaftServerConfigKeys (ConfUtils.java:logGet(43)) - raft.server.watch.element-limit = 65536 (default)
2019-10-14 09:56:21,804 [grpc-default-executor-2] INFO  impl.RaftServerImpl (ServerState.java:setRaftConf(356)) - ea5b9712-cbb3-4773-924e-06a9bcd9ddf4@group-DBD4FBC4F8EC: set configuration 0: [c8201ea9-c3bc-4c88-a549-caf3a2cf5add:192.168.151.98:37524, ea5b9712-cbb3-4773-924e-06a9bcd9ddf4:192.168.151.98:33305, 663c650b-dfd3-420f-8c3f-637d4c51479b:192.168.151.98:36938], old=null at 0
2019-10-14 09:56:21,804 [grpc-default-executor-0] INFO  impl.RaftServerImpl (ServerState.java:setRaftConf(356)) - c8201ea9-c3bc-4c88-a549-caf3a2cf5add@group-DBD4FBC4F8EC: set configuration 0: [c8201ea9-c3bc-4c88-a549-caf3a2cf5add:192.168.151.98:37524, ea5b9712-cbb3-4773-924e-06a9bcd9ddf4:192.168.151.98:33305, 663c650b-dfd3-420f-8c3f-637d4c51479b:192.168.151.98:36938], old=null at 0
2019-10-14 09:56:21,806 [grpc-default-executor-2] INFO  segmented.SegmentedRaftLogWorker (SegmentedRaftLogWorker.java:startLogSegment(385)) - ea5b9712-cbb3-4773-924e-06a9bcd9ddf4@group-DBD4FBC4F8EC-SegmentedRaftLogWorker: Starting segment from index:0
2019-10-14 09:56:21,806 [grpc-default-executor-0] INFO  segmented.SegmentedRaftLogWorker (SegmentedRaftLogWorker.java:startLogSegment(385)) - c8201ea9-c3bc-4c88-a549-caf3a2cf5add@group-DBD4FBC4F8EC-SegmentedRaftLogWorker: Starting segment from index:0
2019-10-14 09:56:21,809 [c6e5da1e-3405-4306-b196-adfa6bf80e55@group-4EC1C361F3D5-LeaderElection9] INFO  server.RaftServerConfigKeys (ConfUtils.java:logGet(43)) - raft.server.log.appender.snapshot.chunk.size.max = 16MB (=16777216) (default)
2019-10-14 09:56:21,809 [c6e5da1e-3405-4306-b196-adfa6bf80e55@group-4EC1C361F3D5-LeaderElection9] INFO  server.RaftServerConfigKeys (ConfUtils.java:logGet(43)) - raft.server.log.appender.buffer.byte-limit = 33554432 (custom)
2019-10-14 09:56:21,809 [c6e5da1e-3405-4306-b196-adfa6bf80e55@group-4EC1C361F3D5-LeaderElection9] INFO  server.RaftServerConfigKeys (ConfUtils.java:logGet(43)) - raft.server.log.appender.buffer.element-limit = 1 (custom)
2019-10-14 09:56:21,809 [c6e5da1e-3405-4306-b196-adfa6bf80e55@group-4EC1C361F3D5-LeaderElection9] INFO  grpc.GrpcConfigKeys$Server (ConfUtils.java:logGet(43)) - raft.grpc.server.leader.outstanding.appends.max = 128 (default)
2019-10-14 09:56:21,841 [c6e5da1e-3405-4306-b196-adfa6bf80e55@group-4EC1C361F3D5-LeaderElection9] INFO  server.RaftServerConfigKeys (ConfUtils.java:logGet(43)) - raft.server.rpc.request.timeout = 3000ms (default)
2019-10-14 09:56:21,842 [c6e5da1e-3405-4306-b196-adfa6bf80e55@group-4EC1C361F3D5-LeaderElection9] INFO  server.RaftServerConfigKeys (ConfUtils.java:logGet(43)) - raft.server.log.appender.install.snapshot.enabled = false (custom)
2019-10-14 09:56:21,842 [c6e5da1e-3405-4306-b196-adfa6bf80e55@group-4EC1C361F3D5-LeaderElection9] INFO  server.RaftServerConfigKeys (ConfUtils.java:logGet(43)) - raft.server.log.appender.snapshot.chunk.size.max = 16MB (=16777216) (default)
2019-10-14 09:56:21,842 [c6e5da1e-3405-4306-b196-adfa6bf80e55@group-4EC1C361F3D5-LeaderElection9] INFO  server.RaftServerConfigKeys (ConfUtils.java:logGet(43)) - raft.server.log.appender.buffer.byte-limit = 33554432 (custom)
2019-10-14 09:56:21,842 [c6e5da1e-3405-4306-b196-adfa6bf80e55@group-4EC1C361F3D5-LeaderElection9] INFO  server.RaftServerConfigKeys (ConfUtils.java:logGet(43)) - raft.server.log.appender.buffer.element-limit = 1 (custom)
2019-10-14 09:56:21,843 [c6e5da1e-3405-4306-b196-adfa6bf80e55@group-4EC1C361F3D5-LeaderElection9] INFO  grpc.GrpcConfigKeys$Server (ConfUtils.java:logGet(43)) - raft.grpc.server.leader.outstanding.appends.max = 128 (default)
2019-10-14 09:56:21,843 [c6e5da1e-3405-4306-b196-adfa6bf80e55@group-4EC1C361F3D5-LeaderElection9] INFO  server.RaftServerConfigKeys (ConfUtils.java:logGet(43)) - raft.server.rpc.request.timeout = 3000ms (default)
2019-10-14 09:56:21,843 [c6e5da1e-3405-4306-b196-adfa6bf80e55@group-4EC1C361F3D5-LeaderElection9] INFO  server.RaftServerConfigKeys (ConfUtils.java:logGet(43)) - raft.server.log.appender.install.snapshot.enabled = false (custom)
2019-10-14 09:56:21,843 [c6e5da1e-3405-4306-b196-adfa6bf80e55@group-4EC1C361F3D5-LeaderElection9] INFO  impl.RoleInfo (RoleInfo.java:updateAndGet(143)) - c6e5da1e-3405-4306-b196-adfa6bf80e55: start LeaderState
2019-10-14 09:56:21,844 [c6e5da1e-3405-4306-b196-adfa6bf80e55@group-4EC1C361F3D5-LeaderElection9] INFO  segmented.SegmentedRaftLogWorker (SegmentedRaftLogWorker.java:startLogSegment(385)) - c6e5da1e-3405-4306-b196-adfa6bf80e55@group-4EC1C361F3D5-SegmentedRaftLogWorker: Starting segment from index:0
2019-10-14 09:56:21,845 [c6e5da1e-3405-4306-b196-adfa6bf80e55@group-4EC1C361F3D5-LeaderElection9] INFO  impl.RaftServerImpl (ServerState.java:setRaftConf(356)) - c6e5da1e-3405-4306-b196-adfa6bf80e55@group-4EC1C361F3D5: set configuration 0: [c6e5da1e-3405-4306-b196-adfa6bf80e55:192.168.151.98:39145, d2730208-fd8e-4977-80a8-483ef143a0fd:192.168.151.98:35732, eece51ad-d320-4c8a-a233-260debf16eed:192.168.151.98:34694], old=null at 0
2019-10-14 09:56:21,871 [c8201ea9-c3bc-4c88-a549-caf3a2cf5add@group-DBD4FBC4F8EC-SegmentedRaftLogWorker] INFO  segmented.SegmentedRaftLogWorker (SegmentedRaftLogWorker.java:execute(574)) - c8201ea9-c3bc-4c88-a549-caf3a2cf5add@group-DBD4FBC4F8EC-SegmentedRaftLogWorker: created new log segment /workdir/hadoop-ozone/integration-test/target/test-dir/MiniOzoneClusterImpl-2d6df893-75cb-4c24-b206-748970ef4ec9/datanode-0/data/ratis/a74fdba1-5fc5-46e1-815f-dbd4fbc4f8ec/current/log_inprogress_0
2019-10-14 09:56:21,871 [ea5b9712-cbb3-4773-924e-06a9bcd9ddf4@group-DBD4FBC4F8EC-SegmentedRaftLogWorker] INFO  segmented.SegmentedRaftLogWorker (SegmentedRaftLogWorker.java:execute(574)) - ea5b9712-cbb3-4773-924e-06a9bcd9ddf4@group-DBD4FBC4F8EC-SegmentedRaftLogWorker: created new log segment /workdir/hadoop-ozone/integration-test/target/test-dir/MiniOzoneClusterImpl-2d6df893-75cb-4c24-b206-748970ef4ec9/datanode-2/data/ratis/a74fdba1-5fc5-46e1-815f-dbd4fbc4f8ec/current/log_inprogress_0
2019-10-14 09:56:21,875 [grpc-default-executor-0] INFO  impl.RaftServerImpl (ServerState.java:setLeader(255)) - eece51ad-d320-4c8a-a233-260debf16eed@group-4EC1C361F3D5: change Leader from null to c6e5da1e-3405-4306-b196-adfa6bf80e55 at term 1 for appendEntries, leader elected after 5293ms
2019-10-14 09:56:21,877 [grpc-default-executor-2] INFO  impl.RaftServerImpl (ServerState.java:setLeader(255)) - d2730208-fd8e-4977-80a8-483ef143a0fd@group-4EC1C361F3D5: change Leader from null to c6e5da1e-3405-4306-b196-adfa6bf80e55 at term 1 for appendEntries, leader elected after 5295ms
2019-10-14 09:56:21,880 [grpc-default-executor-0] INFO  impl.RaftServerImpl (ServerState.java:setRaftConf(356)) - eece51ad-d320-4c8a-a233-260debf16eed@group-4EC1C361F3D5: set configuration 0: [c6e5da1e-3405-4306-b196-adfa6bf80e55:192.168.151.98:39145, d2730208-fd8e-4977-80a8-483ef143a0fd:192.168.151.98:35732, eece51ad-d320-4c8a-a233-260debf16eed:192.168.151.98:34694], old=null at 0
2019-10-14 09:56:21,880 [grpc-default-executor-0] INFO  segmented.SegmentedRaftLogWorker (SegmentedRaftLogWorker.java:startLogSegment(385)) - eece51ad-d320-4c8a-a233-260debf16eed@group-4EC1C361F3D5-SegmentedRaftLogWorker: Starting segment from index:0
2019-10-14 09:56:21,881 [grpc-default-executor-2] INFO  impl.RaftServerImpl (ServerState.java:setRaftConf(356)) - d2730208-fd8e-4977-80a8-483ef143a0fd@group-4EC1C361F3D5: set configuration 0: [c6e5da1e-3405-4306-b196-adfa6bf80e55:192.168.151.98:39145, d2730208-fd8e-4977-80a8-483ef143a0fd:192.168.151.98:35732, eece51ad-d320-4c8a-a233-260debf16eed:192.168.151.98:34694], old=null at 0
2019-10-14 09:56:21,881 [grpc-default-executor-2] INFO  segmented.SegmentedRaftLogWorker (SegmentedRaftLogWorker.java:startLogSegment(385)) - d2730208-fd8e-4977-80a8-483ef143a0fd@group-4EC1C361F3D5-SegmentedRaftLogWorker: Starting segment from index:0
2019-10-14 09:56:21,910 [c6e5da1e-3405-4306-b196-adfa6bf80e55@group-4EC1C361F3D5-SegmentedRaftLogWorker] INFO  segmented.SegmentedRaftLogWorker (SegmentedRaftLogWorker.java:execute(574)) - c6e5da1e-3405-4306-b196-adfa6bf80e55@group-4EC1C361F3D5-SegmentedRaftLogWorker: created new log segment /workdir/hadoop-ozone/integration-test/target/test-dir/MiniOzoneClusterImpl-2d6df893-75cb-4c24-b206-748970ef4ec9/datanode-5/data/ratis/d0b67c43-d854-4e71-8d44-4ec1c361f3d5/current/log_inprogress_0
2019-10-14 09:56:21,923 [eece51ad-d320-4c8a-a233-260debf16eed@group-4EC1C361F3D5-SegmentedRaftLogWorker] INFO  segmented.SegmentedRaftLogWorker (SegmentedRaftLogWorker.java:execute(574)) - eece51ad-d320-4c8a-a233-260debf16eed@group-4EC1C361F3D5-SegmentedRaftLogWorker: created new log segment /workdir/hadoop-ozone/integration-test/target/test-dir/MiniOzoneClusterImpl-2d6df893-75cb-4c24-b206-748970ef4ec9/datanode-6/data/ratis/d0b67c43-d854-4e71-8d44-4ec1c361f3d5/current/log_inprogress_0
2019-10-14 09:56:21,923 [d2730208-fd8e-4977-80a8-483ef143a0fd@group-4EC1C361F3D5-SegmentedRaftLogWorker] INFO  segmented.SegmentedRaftLogWorker (SegmentedRaftLogWorker.java:execute(574)) - d2730208-fd8e-4977-80a8-483ef143a0fd@group-4EC1C361F3D5-SegmentedRaftLogWorker: created new log segment /workdir/hadoop-ozone/integration-test/target/test-dir/MiniOzoneClusterImpl-2d6df893-75cb-4c24-b206-748970ef4ec9/datanode-3/data/ratis/d0b67c43-d854-4e71-8d44-4ec1c361f3d5/current/log_inprogress_0
2019-10-14 09:56:23,168 [Datanode State Machine Thread - 0] INFO  statemachine.DatanodeStateMachine (DatanodeStateMachine.java:lambda$startDaemon$0(350)) - Ozone container server started.
2019-10-14 09:56:27,214 [main] INFO  ozoneimpl.OzoneContainer (OzoneContainer.java:stop(227)) - Attempting to stop container services.
2019-10-14 09:56:27,215 [main] INFO  impl.RaftServerProxy (RaftServerProxy.java:lambda$close$4(314)) - 663c650b-dfd3-420f-8c3f-637d4c51479b: close
2019-10-14 09:56:27,218 [main] INFO  impl.RaftServerImpl (RaftServerImpl.java:lambda$shutdown$3(247)) - 663c650b-dfd3-420f-8c3f-637d4c51479b@group-F0DBD42263D2: shutdown
2019-10-14 09:56:27,218 [ForkJoinPool.commonPool-worker-0] INFO  impl.RaftServerImpl (RaftServerImpl.java:lambda$shutdown$3(247)) - 663c650b-dfd3-420f-8c3f-637d4c51479b@group-DBD4FBC4F8EC: shutdown
2019-10-14 09:56:27,219 [main] INFO  util.JmxRegister (JmxRegister.java:unregister(73)) - Successfully un-registered JMX Bean with object name Ratis:service=RaftServer,group=group-F0DBD42263D2,id=663c650b-dfd3-420f-8c3f-637d4c51479b
2019-10-14 09:56:27,219 [ForkJoinPool.commonPool-worker-0] INFO  util.JmxRegister (JmxRegister.java:unregister(73)) - Successfully un-registered JMX Bean with object name Ratis:service=RaftServer,group=group-DBD4FBC4F8EC,id=663c650b-dfd3-420f-8c3f-637d4c51479b
2019-10-14 09:56:27,219 [main] INFO  impl.RoleInfo (RoleInfo.java:shutdownLeaderState(104)) - 663c650b-dfd3-420f-8c3f-637d4c51479b: shutdown LeaderState
2019-10-14 09:56:27,219 [ForkJoinPool.commonPool-worker-0] INFO  impl.RoleInfo (RoleInfo.java:shutdownLeaderState(104)) - 663c650b-dfd3-420f-8c3f-637d4c51479b: shutdown LeaderState
2019-10-14 09:56:27,224 [main] INFO  impl.PendingRequests (PendingRequests.java:sendNotLeaderResponses(202)) - 663c650b-dfd3-420f-8c3f-637d4c51479b@group-F0DBD42263D2-PendingRequests: sendNotLeaderResponses
2019-10-14 09:56:27,225 [org.apache.ratis.server.impl.LogAppender$AppenderDaemon$$Lambda$551/1172786036@1c3a2c37] WARN  server.GrpcLogAppender (GrpcLogAppender.java:mayWait(143)) - 663c650b-dfd3-420f-8c3f-637d4c51479b@group-DBD4FBC4F8EC->c8201ea9-c3bc-4c88-a549-caf3a2cf5add-GrpcLogAppender: Wait interrupted by java.lang.InterruptedException
2019-10-14 09:56:27,225 [org.apache.ratis.server.impl.LogAppender$AppenderDaemon$$Lambda$551/1172786036@376c0a97] WARN  server.GrpcLogAppender (GrpcLogAppender.java:mayWait(143)) - 663c650b-dfd3-420f-8c3f-637d4c51479b@group-DBD4FBC4F8EC->ea5b9712-cbb3-4773-924e-06a9bcd9ddf4-GrpcLogAppender: Wait interrupted by java.lang.InterruptedException
2019-10-14 09:56:27,224 [ForkJoinPool.commonPool-worker-0] INFO  impl.PendingRequests (PendingRequests.java:sendNotLeaderResponses(202)) - 663c650b-dfd3-420f-8c3f-637d4c51479b@group-DBD4FBC4F8EC-PendingRequests: sendNotLeaderResponses
2019-10-14 09:56:27,247 [main] INFO  impl.StateMachineUpdater (StateMachineUpdater.java:stopAndJoin(136)) - 663c650b-dfd3-420f-8c3f-637d4c51479b@group-F0DBD42263D2-StateMachineUpdater: set stopIndex = 0
2019-10-14 09:56:27,247 [ForkJoinPool.commonPool-worker-0] INFO  impl.StateMachineUpdater (StateMachineUpdater.java:stopAndJoin(136)) - 663c650b-dfd3-420f-8c3f-637d4c51479b@group-DBD4FBC4F8EC-StateMachineUpdater: set stopIndex = 2
2019-10-14 09:56:27,249 [663c650b-dfd3-420f-8c3f-637d4c51479b@group-DBD4FBC4F8EC-StateMachineUpdater] INFO  ratis.ContainerStateMachine (ContainerStateMachine.java:takeSnapshot(294)) - group-DBD4FBC4F8EC: Taking a snapshot at:(t:1, i:2) file /workdir/hadoop-ozone/integration-test/target/test-dir/MiniOzoneClusterImpl-2d6df893-75cb-4c24-b206-748970ef4ec9/datanode-1/data/ratis/a74fdba1-5fc5-46e1-815f-dbd4fbc4f8ec/sm/snapshot.1_2
2019-10-14 09:56:27,249 [main] INFO  impl.RaftServerImpl (ServerState.java:close(387)) - 663c650b-dfd3-420f-8c3f-637d4c51479b@group-F0DBD42263D2: closes. applyIndex: 0
2019-10-14 09:56:27,250 [grpc-default-executor-2] INFO  server.GrpcServerProtocolService (GrpcServerProtocolService.java:onCompleted(113)) - c8201ea9-c3bc-4c88-a549-caf3a2cf5add: Completed APPEND_ENTRIES, lastRequest: 663c650b-dfd3-420f-8c3f-637d4c51479b->c8201ea9-c3bc-4c88-a549-caf3a2cf5add#5-t1, previous=(t:1, i:2), leaderCommit=2, initializing? false, entries: <empty>
2019-10-14 09:56:27,250 [grpc-default-executor-0] INFO  server.GrpcServerProtocolService (GrpcServerProtocolService.java:onCompleted(113)) - ea5b9712-cbb3-4773-924e-06a9bcd9ddf4: Completed APPEND_ENTRIES, lastRequest: 663c650b-dfd3-420f-8c3f-637d4c51479b->ea5b9712-cbb3-4773-924e-06a9bcd9ddf4#5-t1, previous=(t:1, i:2), leaderCommit=2, initializing? false, entries: <empty>
2019-10-14 09:56:27,255 [grpc-default-executor-0] INFO  server.GrpcLogAppender (GrpcLogAppender.java:onCompleted(293)) - 663c650b-dfd3-420f-8c3f-637d4c51479b@group-DBD4FBC4F8EC->ea5b9712-cbb3-4773-924e-06a9bcd9ddf4-AppendLogResponseHandler: follower responses appendEntries COMPLETED
2019-10-14 09:56:27,257 [grpc-default-executor-2] INFO  server.GrpcLogAppender (GrpcLogAppender.java:onCompleted(293)) - 663c650b-dfd3-420f-8c3f-637d4c51479b@group-DBD4FBC4F8EC->c8201ea9-c3bc-4c88-a549-caf3a2cf5add-AppendLogResponseHandler: follower responses appendEntries COMPLETED
2019-10-14 09:56:27,257 [663c650b-dfd3-420f-8c3f-637d4c51479b@group-F0DBD42263D2-SegmentedRaftLogWorker] INFO  segmented.SegmentedRaftLogWorker (SegmentedRaftLogWorker.java:run(316)) - 663c650b-dfd3-420f-8c3f-637d4c51479b@group-F0DBD42263D2-SegmentedRaftLogWorker was interrupted, exiting. There are 0 tasks remaining in the queue.
2019-10-14 09:56:27,259 [main] INFO  segmented.SegmentedRaftLogWorker (SegmentedRaftLogWorker.java:close(224)) - 663c650b-dfd3-420f-8c3f-637d4c51479b@group-F0DBD42263D2-SegmentedRaftLogWorker close()
2019-10-14 09:56:27,262 [grpc-default-executor-0] INFO  impl.FollowerInfo (FollowerInfo.java:lambda$new$0(51)) - 663c650b-dfd3-420f-8c3f-637d4c51479b@group-DBD4FBC4F8EC->ea5b9712-cbb3-4773-924e-06a9bcd9ddf4: nextIndex: updateUnconditionally 3 -> 2
2019-10-14 09:56:27,262 [grpc-default-executor-2] INFO  impl.FollowerInfo (FollowerInfo.java:lambda$new$0(51)) - 663c650b-dfd3-420f-8c3f-637d4c51479b@group-DBD4FBC4F8EC->c8201ea9-c3bc-4c88-a549-caf3a2cf5add: nextIndex: updateUnconditionally 3 -> 2
2019-10-14 09:56:27,359 [663c650b-dfd3-420f-8c3f-637d4c51479b@group-DBD4FBC4F8EC-StateMachineUpdater] INFO  ratis.ContainerStateMachine (ContainerStateMachine.java:takeSnapshot(305)) - group-DBD4FBC4F8EC: Finished taking a snapshot at:(t:1, i:2) file:/workdir/hadoop-ozone/integration-test/target/test-dir/MiniOzoneClusterImpl-2d6df893-75cb-4c24-b206-748970ef4ec9/datanode-1/data/ratis/a74fdba1-5fc5-46e1-815f-dbd4fbc4f8ec/sm/snapshot.1_2 time:110
2019-10-14 09:56:27,360 [663c650b-dfd3-420f-8c3f-637d4c51479b@group-DBD4FBC4F8EC-StateMachineUpdater] INFO  impl.StateMachineUpdater (StateMachineUpdater.java:takeSnapshot(269)) - 663c650b-dfd3-420f-8c3f-637d4c51479b@group-DBD4FBC4F8EC-StateMachineUpdater: Took a snapshot at index 2
2019-10-14 09:56:27,360 [663c650b-dfd3-420f-8c3f-637d4c51479b@group-DBD4FBC4F8EC-StateMachineUpdater] INFO  impl.StateMachineUpdater (StateMachineUpdater.java:lambda$new$0(84)) - 663c650b-dfd3-420f-8c3f-637d4c51479b@group-DBD4FBC4F8EC-StateMachineUpdater: snapshotIndex: updateIncreasingly -1 -> 2
2019-10-14 09:56:27,370 [ForkJoinPool.commonPool-worker-0] INFO  impl.RaftServerImpl (ServerState.java:close(387)) - 663c650b-dfd3-420f-8c3f-637d4c51479b@group-DBD4FBC4F8EC: closes. applyIndex: 2
2019-10-14 09:56:27,370 [663c650b-dfd3-420f-8c3f-637d4c51479b@group-DBD4FBC4F8EC-SegmentedRaftLogWorker] INFO  segmented.SegmentedRaftLogWorker (SegmentedRaftLogWorker.java:run(316)) - 663c650b-dfd3-420f-8c3f-637d4c51479b@group-DBD4FBC4F8EC-SegmentedRaftLogWorker was interrupted, exiting. There are 0 tasks remaining in the queue.
2019-10-14 09:56:27,372 [ForkJoinPool.commonPool-worker-0] INFO  segmented.SegmentedRaftLogWorker (SegmentedRaftLogWorker.java:close(224)) - 663c650b-dfd3-420f-8c3f-637d4c51479b@group-DBD4FBC4F8EC-SegmentedRaftLogWorker close()
2019-10-14 09:56:27,376 [main] INFO  server.GrpcService (GrpcService.java:closeImpl(164)) - 663c650b-dfd3-420f-8c3f-637d4c51479b: shutdown server with port 36938 now
2019-10-14 09:56:27,379 [main] INFO  server.GrpcService (GrpcService.java:closeImpl(172)) - 663c650b-dfd3-420f-8c3f-637d4c51479b: shutdown server with port 36938 successfully
2019-10-14 09:56:27,382 [refreshUsed-/workdir/hadoop-ozone/integration-test/target/test-dir/MiniOzoneClusterImpl-2d6df893-75cb-4c24-b206-748970ef4ec9/datanode-1/data/containers] WARN  fs.CachingGetSpaceUsed (CachingGetSpaceUsed.java:run(183)) - Thread Interrupted waiting to refresh disk information: sleep interrupted
2019-10-14 09:56:27,400 [main] INFO  utils.BackgroundService (BackgroundService.java:shutdown(151)) - Shutting down service BlockDeletingService
2019-10-14 09:56:27,407 [main] INFO  statemachine.DatanodeStateMachine (DatanodeStateMachine.java:stopDaemon(395)) - Ozone container server stopped.
2019-10-14 09:56:27,412 [main] INFO  handler.ContextHandler (ContextHandler.java:doStop(910)) - Stopped o.e.j.w.WebAppContext@611a990b{/,null,UNAVAILABLE}{/hddsDatanode}
2019-10-14 09:56:27,418 [main] INFO  server.AbstractConnector (AbstractConnector.java:doStop(318)) - Stopped ServerConnector@7cbeac65{HTTP/1.1,[http/1.1]}{0.0.0.0:0}
2019-10-14 09:56:27,419 [main] INFO  handler.ContextHandler (ContextHandler.java:doStop(910)) - Stopped o.e.j.s.ServletContextHandler@77bbadc{/static,jar:file:/home/user/.m2/repository/org/apache/hadoop/hadoop-hdds-container-service/0.5.0-SNAPSHOT/hadoop-hdds-container-service-0.5.0-SNAPSHOT.jar!/webapps/static,UNAVAILABLE}
2019-10-14 09:56:27,419 [main] INFO  handler.ContextHandler (ContextHandler.java:doStop(910)) - Stopped o.e.j.s.ServletContextHandler@4d41ba0f{/logs,file:///workdir/hadoop-ozone/integration-test/target/log,UNAVAILABLE}
2019-10-14 09:56:36,786 [Thread-308] INFO  impl.FollowerState (FollowerState.java:run(108)) - ea5b9712-cbb3-4773-924e-06a9bcd9ddf4@group-DBD4FBC4F8EC-FollowerState: change to CANDIDATE, lastRpcTime:9835ms, electionTimeout:5007ms
2019-10-14 09:56:36,787 [Thread-308] INFO  impl.RoleInfo (RoleInfo.java:shutdownFollowerState(121)) - ea5b9712-cbb3-4773-924e-06a9bcd9ddf4: shutdown FollowerState
2019-10-14 09:56:36,787 [Thread-308] INFO  impl.RaftServerImpl (RaftServerImpl.java:setRole(170)) - ea5b9712-cbb3-4773-924e-06a9bcd9ddf4@group-DBD4FBC4F8EC: changes role from  FOLLOWER to CANDIDATE at term 1 for changeToCandidate
2019-10-14 09:56:36,789 [Thread-308] INFO  impl.RoleInfo (RoleInfo.java:updateAndGet(143)) - ea5b9712-cbb3-4773-924e-06a9bcd9ddf4: start LeaderElection
2019-10-14 09:56:36,792 [ea5b9712-cbb3-4773-924e-06a9bcd9ddf4@group-DBD4FBC4F8EC-LeaderElection10] INFO  impl.RaftServerImpl (ServerState.java:setLeader(255)) - ea5b9712-cbb3-4773-924e-06a9bcd9ddf4@group-DBD4FBC4F8EC: change Leader from 663c650b-dfd3-420f-8c3f-637d4c51479b to null at term 1 for initElection
2019-10-14 09:56:36,817 [ea5b9712-cbb3-4773-924e-06a9bcd9ddf4@group-DBD4FBC4F8EC-LeaderElection10] INFO  impl.LeaderElection (LeaderElection.java:askForVotes(178)) - ea5b9712-cbb3-4773-924e-06a9bcd9ddf4@group-DBD4FBC4F8EC-LeaderElection10: begin an election at term 2 for 0: [c8201ea9-c3bc-4c88-a549-caf3a2cf5add:192.168.151.98:37524, ea5b9712-cbb3-4773-924e-06a9bcd9ddf4:192.168.151.98:33305, 663c650b-dfd3-420f-8c3f-637d4c51479b:192.168.151.98:36938], old=null
2019-10-14 09:56:36,824 [grpc-default-executor-2] INFO  impl.RaftServerImpl (ServerState.java:setLeader(255)) - c8201ea9-c3bc-4c88-a549-caf3a2cf5add@group-DBD4FBC4F8EC: change Leader from 663c650b-dfd3-420f-8c3f-637d4c51479b to null at term 2 for updateCurrentTerm
2019-10-14 09:56:36,825 [grpc-default-executor-2] INFO  impl.RaftServerImpl (RaftServerImpl.java:setRole(170)) - c8201ea9-c3bc-4c88-a549-caf3a2cf5add@group-DBD4FBC4F8EC: changes role from  FOLLOWER to FOLLOWER at term 2 for recognizeCandidate:ea5b9712-cbb3-4773-924e-06a9bcd9ddf4
2019-10-14 09:56:36,825 [grpc-default-executor-2] INFO  impl.RoleInfo (RoleInfo.java:shutdownFollowerState(121)) - c8201ea9-c3bc-4c88-a549-caf3a2cf5add: shutdown FollowerState
2019-10-14 09:56:36,825 [Thread-309] INFO  impl.FollowerState (FollowerState.java:run(117)) - c8201ea9-c3bc-4c88-a549-caf3a2cf5add@group-DBD4FBC4F8EC-FollowerState was interrupted: java.lang.InterruptedException: sleep interrupted
2019-10-14 09:56:36,825 [grpc-default-executor-2] INFO  impl.RoleInfo (RoleInfo.java:updateAndGet(143)) - c8201ea9-c3bc-4c88-a549-caf3a2cf5add: start FollowerState
2019-10-14 09:56:36,829 [ea5b9712-cbb3-4773-924e-06a9bcd9ddf4@group-DBD4FBC4F8EC-LeaderElection10] INFO  impl.LeaderElection (LogUtils.java:infoOrTrace(149)) - ea5b9712-cbb3-4773-924e-06a9bcd9ddf4@group-DBD4FBC4F8EC-LeaderElection10 got exception when requesting votes: {}
java.util.concurrent.ExecutionException: org.apache.ratis.thirdparty.io.grpc.StatusRuntimeException: UNAVAILABLE: io exception
	at java.util.concurrent.FutureTask.report(FutureTask.java:122)
	at java.util.concurrent.FutureTask.get(FutureTask.java:192)
	at org.apache.ratis.server.impl.LeaderElection.waitForResults(LeaderElection.java:259)
	at org.apache.ratis.server.impl.LeaderElection.askForVotes(LeaderElection.java:197)
	at org.apache.ratis.server.impl.LeaderElection.run(LeaderElection.java:133)
	at java.lang.Thread.run(Thread.java:748)
Caused by: org.apache.ratis.thirdparty.io.grpc.StatusRuntimeException: UNAVAILABLE: io exception
	at org.apache.ratis.thirdparty.io.grpc.stub.ClientCalls.toStatusRuntimeException(ClientCalls.java:233)
	at org.apache.ratis.thirdparty.io.grpc.stub.ClientCalls.getUnchecked(ClientCalls.java:214)
	at org.apache.ratis.thirdparty.io.grpc.stub.ClientCalls.blockingUnaryCall(ClientCalls.java:139)
	at org.apache.ratis.proto.grpc.RaftServerProtocolServiceGrpc$RaftServerProtocolServiceBlockingStub.requestVote(RaftServerProtocolServiceGrpc.java:265)
	at org.apache.ratis.grpc.server.GrpcServerProtocolClient.requestVote(GrpcServerProtocolClient.java:99)
	at org.apache.ratis.grpc.server.GrpcService.requestVote(GrpcService.java:204)
	at org.apache.ratis.server.impl.LeaderElection.lambda$submitRequests$1(LeaderElection.java:234)
	at java.util.concurrent.FutureTask.run(FutureTask.java:266)
	at java.util.concurrent.Executors$RunnableAdapter.call(Executors.java:511)
	at java.util.concurrent.FutureTask.run(FutureTask.java:266)
	at java.util.concurrent.ThreadPoolExecutor.runWorker(ThreadPoolExecutor.java:1149)
	at java.util.concurrent.ThreadPoolExecutor$Worker.run(ThreadPoolExecutor.java:624)
	... 1 more
Caused by: org.apache.ratis.thirdparty.io.netty.channel.AbstractChannel$AnnotatedConnectException: Connection refused: /192.168.151.98:36938
	at sun.nio.ch.SocketChannelImpl.checkConnect(Native Method)
	at sun.nio.ch.SocketChannelImpl.finishConnect(SocketChannelImpl.java:717)
	at org.apache.ratis.thirdparty.io.netty.channel.socket.nio.NioSocketChannel.doFinishConnect(NioSocketChannel.java:327)
	at org.apache.ratis.thirdparty.io.netty.channel.nio.AbstractNioChannel$AbstractNioUnsafe.finishConnect(AbstractNioChannel.java:340)
	at org.apache.ratis.thirdparty.io.netty.channel.nio.NioEventLoop.processSelectedKey(NioEventLoop.java:632)
	at org.apache.ratis.thirdparty.io.netty.channel.nio.NioEventLoop.processSelectedKeysOptimized(NioEventLoop.java:579)
	at org.apache.ratis.thirdparty.io.netty.channel.nio.NioEventLoop.processSelectedKeys(NioEventLoop.java:496)
	at org.apache.ratis.thirdparty.io.netty.channel.nio.NioEventLoop.run(NioEventLoop.java:458)
	at org.apache.ratis.thirdparty.io.netty.util.concurrent.SingleThreadEventExecutor$5.run(SingleThreadEventExecutor.java:897)
	at org.apache.ratis.thirdparty.io.netty.util.concurrent.FastThreadLocalRunnable.run(FastThreadLocalRunnable.java:30)
	... 1 more
Caused by: java.net.ConnectException: Connection refused
	... 11 more
2019-10-14 09:56:36,843 [ea5b9712-cbb3-4773-924e-06a9bcd9ddf4@group-DBD4FBC4F8EC-LeaderElection10] INFO  impl.LeaderElection (LeaderElection.java:logAndReturn(56)) - ea5b9712-cbb3-4773-924e-06a9bcd9ddf4@group-DBD4FBC4F8EC-LeaderElection10: Election PASSED; received 1 response(s) [ea5b9712-cbb3-4773-924e-06a9bcd9ddf4<-c8201ea9-c3bc-4c88-a549-caf3a2cf5add#0:OK-t2] and 1 exception(s); ea5b9712-cbb3-4773-924e-06a9bcd9ddf4@group-DBD4FBC4F8EC:t2, leader=null, voted=ea5b9712-cbb3-4773-924e-06a9bcd9ddf4, raftlog=ea5b9712-cbb3-4773-924e-06a9bcd9ddf4@group-DBD4FBC4F8EC-SegmentedRaftLog:OPENED:c2,f2,i2, conf=0: [c8201ea9-c3bc-4c88-a549-caf3a2cf5add:192.168.151.98:37524, ea5b9712-cbb3-4773-924e-06a9bcd9ddf4:192.168.151.98:33305, 663c650b-dfd3-420f-8c3f-637d4c51479b:192.168.151.98:36938], old=null
2019-10-14 09:56:36,844 [ea5b9712-cbb3-4773-924e-06a9bcd9ddf4@group-DBD4FBC4F8EC-LeaderElection10] INFO  impl.LeaderElection (LogUtils.java:infoOrTrace(149)) -   Exception 0: {}
java.util.concurrent.ExecutionException: org.apache.ratis.thirdparty.io.grpc.StatusRuntimeException: UNAVAILABLE: io exception
	at java.util.concurrent.FutureTask.report(FutureTask.java:122)
	at java.util.concurrent.FutureTask.get(FutureTask.java:192)
	at org.apache.ratis.server.impl.LeaderElection.waitForResults(LeaderElection.java:259)
	at org.apache.ratis.server.impl.LeaderElection.askForVotes(LeaderElection.java:197)
	at org.apache.ratis.server.impl.LeaderElection.run(LeaderElection.java:133)
	at java.lang.Thread.run(Thread.java:748)
Caused by: org.apache.ratis.thirdparty.io.grpc.StatusRuntimeException: UNAVAILABLE: io exception
	at org.apache.ratis.thirdparty.io.grpc.stub.ClientCalls.toStatusRuntimeException(ClientCalls.java:233)
	at org.apache.ratis.thirdparty.io.grpc.stub.ClientCalls.getUnchecked(ClientCalls.java:214)
	at org.apache.ratis.thirdparty.io.grpc.stub.ClientCalls.blockingUnaryCall(ClientCalls.java:139)
	at org.apache.ratis.proto.grpc.RaftServerProtocolServiceGrpc$RaftServerProtocolServiceBlockingStub.requestVote(RaftServerProtocolServiceGrpc.java:265)
	at org.apache.ratis.grpc.server.GrpcServerProtocolClient.requestVote(GrpcServerProtocolClient.java:99)
	at org.apache.ratis.grpc.server.GrpcService.requestVote(GrpcService.java:204)
	at org.apache.ratis.server.impl.LeaderElection.lambda$submitRequests$1(LeaderElection.java:234)
	at java.util.concurrent.FutureTask.run(FutureTask.java:266)
	at java.util.concurrent.Executors$RunnableAdapter.call(Executors.java:511)
	at java.util.concurrent.FutureTask.run(FutureTask.java:266)
	at java.util.concurrent.ThreadPoolExecutor.runWorker(ThreadPoolExecutor.java:1149)
	at java.util.concurrent.ThreadPoolExecutor$Worker.run(ThreadPoolExecutor.java:624)
	... 1 more
Caused by: org.apache.ratis.thirdparty.io.netty.channel.AbstractChannel$AnnotatedConnectException: Connection refused: /192.168.151.98:36938
	at sun.nio.ch.SocketChannelImpl.checkConnect(Native Method)
	at sun.nio.ch.SocketChannelImpl.finishConnect(SocketChannelImpl.java:717)
	at org.apache.ratis.thirdparty.io.netty.channel.socket.nio.NioSocketChannel.doFinishConnect(NioSocketChannel.java:327)
	at org.apache.ratis.thirdparty.io.netty.channel.nio.AbstractNioChannel$AbstractNioUnsafe.finishConnect(AbstractNioChannel.java:340)
	at org.apache.ratis.thirdparty.io.netty.channel.nio.NioEventLoop.processSelectedKey(NioEventLoop.java:632)
	at org.apache.ratis.thirdparty.io.netty.channel.nio.NioEventLoop.processSelectedKeysOptimized(NioEventLoop.java:579)
	at org.apache.ratis.thirdparty.io.netty.channel.nio.NioEventLoop.processSelectedKeys(NioEventLoop.java:496)
	at org.apache.ratis.thirdparty.io.netty.channel.nio.NioEventLoop.run(NioEventLoop.java:458)
	at org.apache.ratis.thirdparty.io.netty.util.concurrent.SingleThreadEventExecutor$5.run(SingleThreadEventExecutor.java:897)
	at org.apache.ratis.thirdparty.io.netty.util.concurrent.FastThreadLocalRunnable.run(FastThreadLocalRunnable.java:30)
	... 1 more
Caused by: java.net.ConnectException: Connection refused
	... 11 more
2019-10-14 09:56:36,845 [ea5b9712-cbb3-4773-924e-06a9bcd9ddf4@group-DBD4FBC4F8EC-LeaderElection10] INFO  impl.RoleInfo (RoleInfo.java:shutdownLeaderElection(134)) - ea5b9712-cbb3-4773-924e-06a9bcd9ddf4: shutdown LeaderElection
2019-10-14 09:56:36,845 [ea5b9712-cbb3-4773-924e-06a9bcd9ddf4@group-DBD4FBC4F8EC-LeaderElection10] INFO  impl.RaftServerImpl (RaftServerImpl.java:setRole(170)) - ea5b9712-cbb3-4773-924e-06a9bcd9ddf4@group-DBD4FBC4F8EC: changes role from CANDIDATE to LEADER at term 2 for changeToLeader
2019-10-14 09:56:36,845 [ea5b9712-cbb3-4773-924e-06a9bcd9ddf4@group-DBD4FBC4F8EC-LeaderElection10] INFO  impl.RaftServerImpl (ServerState.java:setLeader(255)) - ea5b9712-cbb3-4773-924e-06a9bcd9ddf4@group-DBD4FBC4F8EC: change Leader from null to ea5b9712-cbb3-4773-924e-06a9bcd9ddf4 at term 2 for becomeLeader, leader elected after 53ms
2019-10-14 09:56:36,845 [ea5b9712-cbb3-4773-924e-06a9bcd9ddf4@group-DBD4FBC4F8EC-LeaderElection10] INFO  server.RaftServerConfigKeys (ConfUtils.java:logGet(43)) - raft.server.staging.catchup.gap = 1000 (default)
2019-10-14 09:56:36,845 [ea5b9712-cbb3-4773-924e-06a9bcd9ddf4@group-DBD4FBC4F8EC-LeaderElection10] INFO  server.RaftServerConfigKeys (ConfUtils.java:logGet(43)) - raft.server.rpc.sleep.time = 25ms (default)
2019-10-14 09:56:36,846 [ea5b9712-cbb3-4773-924e-06a9bcd9ddf4@group-DBD4FBC4F8EC-LeaderElection10] INFO  server.RaftServerConfigKeys (ConfUtils.java:logGet(43)) - raft.server.write.element-limit = 4096 (default)
2019-10-14 09:56:36,846 [ea5b9712-cbb3-4773-924e-06a9bcd9ddf4@group-DBD4FBC4F8EC-LeaderElection10] INFO  server.RaftServerConfigKeys (ConfUtils.java:logGet(43)) - raft.server.watch.timeout = 10s (default)
2019-10-14 09:56:36,846 [ea5b9712-cbb3-4773-924e-06a9bcd9ddf4@group-DBD4FBC4F8EC-LeaderElection10] INFO  server.RaftServerConfigKeys (ConfUtils.java:logGet(43)) - raft.server.watch.timeout.denomination = 1s (default)
2019-10-14 09:56:36,847 [ea5b9712-cbb3-4773-924e-06a9bcd9ddf4@group-DBD4FBC4F8EC-LeaderElection10] INFO  server.RaftServerConfigKeys (ConfUtils.java:logGet(43)) - raft.server.watch.element-limit = 65536 (default)
2019-10-14 09:56:36,850 [ea5b9712-cbb3-4773-924e-06a9bcd9ddf4@group-DBD4FBC4F8EC-LeaderElection10] INFO  server.RaftServerConfigKeys (ConfUtils.java:logGet(43)) - raft.server.log.appender.snapshot.chunk.size.max = 16MB (=16777216) (default)
2019-10-14 09:56:36,851 [ea5b9712-cbb3-4773-924e-06a9bcd9ddf4@group-DBD4FBC4F8EC-LeaderElection10] INFO  server.RaftServerConfigKeys (ConfUtils.java:logGet(43)) - raft.server.log.appender.buffer.byte-limit = 33554432 (custom)
2019-10-14 09:56:36,851 [ea5b9712-cbb3-4773-924e-06a9bcd9ddf4@group-DBD4FBC4F8EC-LeaderElection10] INFO  server.RaftServerConfigKeys (ConfUtils.java:logGet(43)) - raft.server.log.appender.buffer.element-limit = 1 (custom)
2019-10-14 09:56:36,851 [ea5b9712-cbb3-4773-924e-06a9bcd9ddf4@group-DBD4FBC4F8EC-LeaderElection10] INFO  grpc.GrpcConfigKeys$Server (ConfUtils.java:logGet(43)) - raft.grpc.server.leader.outstanding.appends.max = 128 (default)
2019-10-14 09:56:36,851 [ea5b9712-cbb3-4773-924e-06a9bcd9ddf4@group-DBD4FBC4F8EC-LeaderElection10] INFO  server.RaftServerConfigKeys (ConfUtils.java:logGet(43)) - raft.server.rpc.request.timeout = 3000ms (default)
2019-10-14 09:56:36,852 [ea5b9712-cbb3-4773-924e-06a9bcd9ddf4@group-DBD4FBC4F8EC-LeaderElection10] INFO  server.RaftServerConfigKeys (ConfUtils.java:logGet(43)) - raft.server.log.appender.install.snapshot.enabled = false (custom)
2019-10-14 09:56:36,852 [ea5b9712-cbb3-4773-924e-06a9bcd9ddf4@group-DBD4FBC4F8EC-LeaderElection10] INFO  server.RaftServerConfigKeys (ConfUtils.java:logGet(43)) - raft.server.log.appender.snapshot.chunk.size.max = 16MB (=16777216) (default)
2019-10-14 09:56:36,852 [ea5b9712-cbb3-4773-924e-06a9bcd9ddf4@group-DBD4FBC4F8EC-LeaderElection10] INFO  server.RaftServerConfigKeys (ConfUtils.java:logGet(43)) - raft.server.log.appender.buffer.byte-limit = 33554432 (custom)
2019-10-14 09:56:36,852 [ea5b9712-cbb3-4773-924e-06a9bcd9ddf4@group-DBD4FBC4F8EC-LeaderElection10] INFO  server.RaftServerConfigKeys (ConfUtils.java:logGet(43)) - raft.server.log.appender.buffer.element-limit = 1 (custom)
2019-10-14 09:56:36,853 [ea5b9712-cbb3-4773-924e-06a9bcd9ddf4@group-DBD4FBC4F8EC-LeaderElection10] INFO  grpc.GrpcConfigKeys$Server (ConfUtils.java:logGet(43)) - raft.grpc.server.leader.outstanding.appends.max = 128 (default)
2019-10-14 09:56:36,853 [ea5b9712-cbb3-4773-924e-06a9bcd9ddf4@group-DBD4FBC4F8EC-LeaderElection10] INFO  server.RaftServerConfigKeys (ConfUtils.java:logGet(43)) - raft.server.rpc.request.timeout = 3000ms (default)
2019-10-14 09:56:36,853 [ea5b9712-cbb3-4773-924e-06a9bcd9ddf4@group-DBD4FBC4F8EC-LeaderElection10] INFO  server.RaftServerConfigKeys (ConfUtils.java:logGet(43)) - raft.server.log.appender.install.snapshot.enabled = false (custom)
2019-10-14 09:56:36,853 [ea5b9712-cbb3-4773-924e-06a9bcd9ddf4@group-DBD4FBC4F8EC-LeaderElection10] INFO  impl.RoleInfo (RoleInfo.java:updateAndGet(143)) - ea5b9712-cbb3-4773-924e-06a9bcd9ddf4: start LeaderState
2019-10-14 09:56:36,854 [ea5b9712-cbb3-4773-924e-06a9bcd9ddf4@group-DBD4FBC4F8EC-LeaderElection10] INFO  segmented.SegmentedRaftLogWorker (SegmentedRaftLogWorker.java:rollLogSegment(390)) - ea5b9712-cbb3-4773-924e-06a9bcd9ddf4@group-DBD4FBC4F8EC-SegmentedRaftLogWorker: Rolling segment log-0_2 to index:2
2019-10-14 09:56:36,857 [ea5b9712-cbb3-4773-924e-06a9bcd9ddf4@group-DBD4FBC4F8EC-SegmentedRaftLogWorker] INFO  segmented.SegmentedRaftLogWorker (SegmentedRaftLogWorker.java:execute(531)) - ea5b9712-cbb3-4773-924e-06a9bcd9ddf4@group-DBD4FBC4F8EC-SegmentedRaftLogWorker: Rolled log segment from /workdir/hadoop-ozone/integration-test/target/test-dir/MiniOzoneClusterImpl-2d6df893-75cb-4c24-b206-748970ef4ec9/datanode-2/data/ratis/a74fdba1-5fc5-46e1-815f-dbd4fbc4f8ec/current/log_inprogress_0 to /workdir/hadoop-ozone/integration-test/target/test-dir/MiniOzoneClusterImpl-2d6df893-75cb-4c24-b206-748970ef4ec9/datanode-2/data/ratis/a74fdba1-5fc5-46e1-815f-dbd4fbc4f8ec/current/log_0-2
2019-10-14 09:56:36,860 [ea5b9712-cbb3-4773-924e-06a9bcd9ddf4@group-DBD4FBC4F8EC-LeaderElection10] INFO  impl.RaftServerImpl (ServerState.java:setRaftConf(356)) - ea5b9712-cbb3-4773-924e-06a9bcd9ddf4@group-DBD4FBC4F8EC: set configuration 3: [c8201ea9-c3bc-4c88-a549-caf3a2cf5add:192.168.151.98:37524, ea5b9712-cbb3-4773-924e-06a9bcd9ddf4:192.168.151.98:33305, 663c650b-dfd3-420f-8c3f-637d4c51479b:192.168.151.98:36938], old=null at 3
2019-10-14 09:56:36,862 [grpc-default-executor-2] WARN  server.GrpcLogAppender (LogUtils.java:warn(134)) - ea5b9712-cbb3-4773-924e-06a9bcd9ddf4@group-DBD4FBC4F8EC->663c650b-dfd3-420f-8c3f-637d4c51479b-AppendLogResponseHandler: Failed appendEntries: org.apache.ratis.thirdparty.io.grpc.StatusRuntimeException: UNAVAILABLE: io exception
2019-10-14 09:56:36,884 [grpc-default-executor-2] INFO  impl.FollowerInfo (FollowerInfo.java:lambda$new$0(51)) - ea5b9712-cbb3-4773-924e-06a9bcd9ddf4@group-DBD4FBC4F8EC->663c650b-dfd3-420f-8c3f-637d4c51479b: nextIndex: updateUnconditionally 3 -> 1
2019-10-14 09:56:36,885 [grpc-default-executor-3] INFO  impl.RaftServerImpl (ServerState.java:setLeader(255)) - c8201ea9-c3bc-4c88-a549-caf3a2cf5add@group-DBD4FBC4F8EC: change Leader from null to ea5b9712-cbb3-4773-924e-06a9bcd9ddf4 at term 2 for appendEntries, leader elected after 60ms
2019-10-14 09:56:36,888 [grpc-default-executor-3] INFO  impl.RaftServerImpl (ServerState.java:setRaftConf(356)) - c8201ea9-c3bc-4c88-a549-caf3a2cf5add@group-DBD4FBC4F8EC: set configuration 3: [c8201ea9-c3bc-4c88-a549-caf3a2cf5add:192.168.151.98:37524, ea5b9712-cbb3-4773-924e-06a9bcd9ddf4:192.168.151.98:33305, 663c650b-dfd3-420f-8c3f-637d4c51479b:192.168.151.98:36938], old=null at 3
2019-10-14 09:56:36,888 [grpc-default-executor-3] INFO  segmented.SegmentedRaftLogWorker (SegmentedRaftLogWorker.java:rollLogSegment(390)) - c8201ea9-c3bc-4c88-a549-caf3a2cf5add@group-DBD4FBC4F8EC-SegmentedRaftLogWorker: Rolling segment log-0_2 to index:2
2019-10-14 09:56:36,889 [c8201ea9-c3bc-4c88-a549-caf3a2cf5add@group-DBD4FBC4F8EC-SegmentedRaftLogWorker] INFO  segmented.SegmentedRaftLogWorker (SegmentedRaftLogWorker.java:execute(531)) - c8201ea9-c3bc-4c88-a549-caf3a2cf5add@group-DBD4FBC4F8EC-SegmentedRaftLogWorker: Rolled log segment from /workdir/hadoop-ozone/integration-test/target/test-dir/MiniOzoneClusterImpl-2d6df893-75cb-4c24-b206-748970ef4ec9/datanode-0/data/ratis/a74fdba1-5fc5-46e1-815f-dbd4fbc4f8ec/current/log_inprogress_0 to /workdir/hadoop-ozone/integration-test/target/test-dir/MiniOzoneClusterImpl-2d6df893-75cb-4c24-b206-748970ef4ec9/datanode-0/data/ratis/a74fdba1-5fc5-46e1-815f-dbd4fbc4f8ec/current/log_0-2
2019-10-14 09:56:36,907 [ea5b9712-cbb3-4773-924e-06a9bcd9ddf4@group-DBD4FBC4F8EC-SegmentedRaftLogWorker] INFO  segmented.SegmentedRaftLogWorker (SegmentedRaftLogWorker.java:execute(574)) - ea5b9712-cbb3-4773-924e-06a9bcd9ddf4@group-DBD4FBC4F8EC-SegmentedRaftLogWorker: created new log segment /workdir/hadoop-ozone/integration-test/target/test-dir/MiniOzoneClusterImpl-2d6df893-75cb-4c24-b206-748970ef4ec9/datanode-2/data/ratis/a74fdba1-5fc5-46e1-815f-dbd4fbc4f8ec/current/log_inprogress_3
2019-10-14 09:56:36,920 [c8201ea9-c3bc-4c88-a549-caf3a2cf5add@group-DBD4FBC4F8EC-SegmentedRaftLogWorker] INFO  segmented.SegmentedRaftLogWorker (SegmentedRaftLogWorker.java:execute(574)) - c8201ea9-c3bc-4c88-a549-caf3a2cf5add@group-DBD4FBC4F8EC-SegmentedRaftLogWorker: created new log segment /workdir/hadoop-ozone/integration-test/target/test-dir/MiniOzoneClusterImpl-2d6df893-75cb-4c24-b206-748970ef4ec9/datanode-0/data/ratis/a74fdba1-5fc5-46e1-815f-dbd4fbc4f8ec/current/log_inprogress_3
2019-10-14 09:56:36,940 [grpc-default-executor-0] WARN  server.GrpcLogAppender (LogUtils.java:warn(134)) - ea5b9712-cbb3-4773-924e-06a9bcd9ddf4@group-DBD4FBC4F8EC->663c650b-dfd3-420f-8c3f-637d4c51479b-AppendLogResponseHandler: Failed appendEntries: org.apache.ratis.thirdparty.io.grpc.StatusRuntimeException: UNAVAILABLE: io exception
2019-10-14 09:56:36,941 [grpc-default-executor-0] INFO  impl.FollowerInfo (FollowerInfo.java:lambda$new$0(51)) - ea5b9712-cbb3-4773-924e-06a9bcd9ddf4@group-DBD4FBC4F8EC->663c650b-dfd3-420f-8c3f-637d4c51479b: nextIndex: updateUnconditionally 2 -> 1
2019-10-14 09:56:36,952 [grpc-default-executor-3] WARN  server.GrpcLogAppender (LogUtils.java:warn(134)) - ea5b9712-cbb3-4773-924e-06a9bcd9ddf4@group-DBD4FBC4F8EC->663c650b-dfd3-420f-8c3f-637d4c51479b-AppendLogResponseHandler: Failed appendEntries: org.apache.ratis.thirdparty.io.grpc.StatusRuntimeException: UNAVAILABLE: io exception
2019-10-14 09:56:36,953 [grpc-default-executor-3] INFO  impl.FollowerInfo (FollowerInfo.java:lambda$new$0(51)) - ea5b9712-cbb3-4773-924e-06a9bcd9ddf4@group-DBD4FBC4F8EC->663c650b-dfd3-420f-8c3f-637d4c51479b: nextIndex: updateUnconditionally 2 -> 1
]]></system-out>
    <system-err><![CDATA[ERROR StatusLogger No Log4j 2 configuration file found. Using default configuration (logging only errors to the console), or user programmatically provided configurations. Set system property 'log4j2.debug' to show Log4j 2 internal initialization logging. See https://logging.apache.org/log4j/2.x/manual/configuration.html for instructions on how to configure Log4j 2
]]></system-err>
  </testcase>
</testsuite>