<?xml version="1.0" encoding="UTF-8"?>
<testsuite xmlns:xsi="http://www.w3.org/2001/XMLSchema-instance" xsi:noNamespaceSchemaLocation="https://maven.apache.org/surefire/maven-surefire-plugin/xsd/surefire-test-report.xsd" name="org.apache.hadoop.ozone.client.rpc.TestWatchForCommit" time="255.71" tests="5" errors="1" skipped="0" failures="1">
  <properties>
    <property name="awt.toolkit" value="sun.awt.X11.XToolkit"/>
    <property name="file.encoding.pkg" value="sun.io"/>
    <property name="java.specification.version" value="1.8"/>
    <property name="sun.cpu.isalist" value=""/>
    <property name="sun.jnu.encoding" value="UTF-8"/>
    <property name="java.class.path" value="/workdir/hadoop-ozone/integration-test/target/test-classes:/workdir/hadoop-ozone/integration-test/target/classes:/home/user/.m2/repository/org/apache/hadoop/hadoop-ozone-common/0.5.0-SNAPSHOT/hadoop-ozone-common-0.5.0-SNAPSHOT.jar:/home/user/.m2/repository/org/apache/commons/commons-compress/1.4.1/commons-compress-1.4.1.jar:/home/user/.m2/repository/org/tukaani/xz/1.0/xz-1.0.jar:/home/user/.m2/repository/org/apache/hadoop/hadoop-common/3.2.0/hadoop-common-3.2.0.jar:/home/user/.m2/repository/org/apache/hadoop/hadoop-hdfs/3.2.0/hadoop-hdfs-3.2.0.jar:/home/user/.m2/repository/org/apache/hadoop/hadoop-hdfs-client/3.2.0/hadoop-hdfs-client-3.2.0.jar:/home/user/.m2/repository/com/fasterxml/jackson/core/jackson-annotations/2.9.9/jackson-annotations-2.9.9.jar:/home/user/.m2/repository/org/apache/hadoop/hadoop-hdds-common/0.5.0-SNAPSHOT/hadoop-hdds-common-0.5.0-SNAPSHOT.jar:/home/user/.m2/repository/javax/annotation/javax.annotation-api/1.2/javax.annotation-api-1.2.jar:/home/user/.m2/repository/org/apache/ratis/ratis-server/0.5.0-201fc85-SNAPSHOT/ratis-server-0.5.0-201fc85-SNAPSHOT.jar:/home/user/.m2/repository/org/apache/ratis/ratis-thirdparty-misc/0.2.0/ratis-thirdparty-misc-0.2.0.jar:/home/user/.m2/repository/org/apache/ratis/ratis-proto/0.5.0-201fc85-SNAPSHOT/ratis-proto-0.5.0-201fc85-SNAPSHOT.jar:/home/user/.m2/repository/org/apache/ratis/ratis-common/0.5.0-201fc85-SNAPSHOT/ratis-common-0.5.0-201fc85-SNAPSHOT.jar:/home/user/.m2/repository/org/apache/ratis/ratis-client/0.5.0-201fc85-SNAPSHOT/ratis-client-0.5.0-201fc85-SNAPSHOT.jar:/home/user/.m2/repository/org/apache/ratis/ratis-metrics/0.5.0-201fc85-SNAPSHOT/ratis-metrics-0.5.0-201fc85-SNAPSHOT.jar:/home/user/.m2/repository/com/github/joshelser/dropwizard-metrics-hadoop-metrics2-reporter/0.1.2/dropwizard-metrics-hadoop-metrics2-reporter-0.1.2.jar:/home/user/.m2/repository/io/dropwizard/metrics/metrics-jvm/3.2.5/metrics-jvm-3.2.5.jar:/home/user/.m2/repository/io/dropwizard/metrics/metrics-ganglia/3.2.5/metrics-ganglia-3.2.5.jar:/home/user/.m2/repository/info/ganglia/gmetric4j/gmetric4j/1.0.7/gmetric4j-1.0.7.jar:/home/user/.m2/repository/org/apache/ratis/ratis-netty/0.5.0-201fc85-SNAPSHOT/ratis-netty-0.5.0-201fc85-SNAPSHOT.jar:/home/user/.m2/repository/org/apache/ratis/ratis-grpc/0.5.0-201fc85-SNAPSHOT/ratis-grpc-0.5.0-201fc85-SNAPSHOT.jar:/home/user/.m2/repository/org/rocksdb/rocksdbjni/6.0.1/rocksdbjni-6.0.1.jar:/home/user/.m2/repository/org/apache/logging/log4j/log4j-api/2.11.0/log4j-api-2.11.0.jar:/home/user/.m2/repository/org/apache/logging/log4j/log4j-core/2.11.0/log4j-core-2.11.0.jar:/home/user/.m2/repository/com/lmax/disruptor/3.4.2/disruptor-3.4.2.jar:/home/user/.m2/repository/org/apache/commons/commons-pool2/2.6.0/commons-pool2-2.6.0.jar:/home/user/.m2/repository/org/bouncycastle/bcpkix-jdk15on/1.60/bcpkix-jdk15on-1.60.jar:/home/user/.m2/repository/commons-validator/commons-validator/1.6/commons-validator-1.6.jar:/home/user/.m2/repository/commons-digester/commons-digester/1.8.1/commons-digester-1.8.1.jar:/home/user/.m2/repository/io/jaegertracing/jaeger-client/0.34.0/jaeger-client-0.34.0.jar:/home/user/.m2/repository/io/jaegertracing/jaeger-thrift/0.34.0/jaeger-thrift-0.34.0.jar:/home/user/.m2/repository/org/apache/thrift/libthrift/0.12.0/libthrift-0.12.0.jar:/home/user/.m2/repository/com/squareup/okhttp3/okhttp/3.9.0/okhttp-3.9.0.jar:/home/user/.m2/repository/com/squareup/okio/okio/1.13.0/okio-1.13.0.jar:/home/user/.m2/repository/io/jaegertracing/jaeger-core/0.34.0/jaeger-core-0.34.0.jar:/home/user/.m2/repository/io/jaegertracing/jaeger-tracerresolver/0.34.0/jaeger-tracerresolver-0.34.0.jar:/home/user/.m2/repository/io/opentracing/contrib/opentracing-tracerresolver/0.1.5/opentracing-tracerresolver-0.1.5.jar:/home/user/.m2/repository/io/opentracing/opentracing-util/0.31.0/opentracing-util-0.31.0.jar:/home/user/.m2/repository/io/opentracing/opentracing-api/0.31.0/opentracing-api-0.31.0.jar:/home/user/.m2/repository/io/opentracing/opentracing-noop/0.31.0/opentracing-noop-0.31.0.jar:/home/user/.m2/repository/org/apache/hadoop/hadoop-hdds-server-framework/0.5.0-SNAPSHOT/hadoop-hdds-server-framework-0.5.0-SNAPSHOT.jar:/home/user/.m2/repository/org/apache/hadoop/hadoop-hdds-container-service/0.5.0-SNAPSHOT/hadoop-hdds-container-service-0.5.0-SNAPSHOT.jar:/home/user/.m2/repository/org/apache/hadoop/hadoop-hdds-client/0.5.0-SNAPSHOT/hadoop-hdds-client-0.5.0-SNAPSHOT.jar:/home/user/.m2/repository/org/apache/hadoop/hadoop-hdds-tools/0.5.0-SNAPSHOT/hadoop-hdds-tools-0.5.0-SNAPSHOT.jar:/home/user/.m2/repository/org/apache/hadoop/hadoop-hdds-server-scm/0.5.0-SNAPSHOT/hadoop-hdds-server-scm-0.5.0-SNAPSHOT.jar:/home/user/.m2/repository/org/apache/hadoop/hadoop-hdds-docs/0.5.0-SNAPSHOT/hadoop-hdds-docs-0.5.0-SNAPSHOT.jar:/home/user/.m2/repository/io/dropwizard/metrics/metrics-core/3.2.4/metrics-core-3.2.4.jar:/home/user/.m2/repository/org/hamcrest/hamcrest-all/1.3/hamcrest-all-1.3.jar:/home/user/.m2/repository/org/bouncycastle/bcprov-jdk15on/1.60/bcprov-jdk15on-1.60.jar:/home/user/.m2/repository/info/picocli/picocli/3.9.6/picocli-3.9.6.jar:/home/user/.m2/repository/com/google/protobuf/protobuf-java/2.5.0/protobuf-java-2.5.0.jar:/home/user/.m2/repository/com/google/guava/guava/11.0.2/guava-11.0.2.jar:/home/user/.m2/repository/org/apache/hadoop/hadoop-ozone-ozone-manager/0.5.0-SNAPSHOT/hadoop-ozone-ozone-manager-0.5.0-SNAPSHOT.jar:/home/user/.m2/repository/org/apache/hadoop/hadoop-minikdc/3.2.0/hadoop-minikdc-3.2.0.jar:/home/user/.m2/repository/commons-io/commons-io/2.5/commons-io-2.5.jar:/home/user/.m2/repository/org/apache/kerby/kerb-simplekdc/1.0.1/kerb-simplekdc-1.0.1.jar:/home/user/.m2/repository/org/apache/kerby/kerb-client/1.0.1/kerb-client-1.0.1.jar:/home/user/.m2/repository/org/apache/kerby/kerby-config/1.0.1/kerby-config-1.0.1.jar:/home/user/.m2/repository/org/apache/kerby/kerb-core/1.0.1/kerb-core-1.0.1.jar:/home/user/.m2/repository/org/apache/kerby/kerby-pkix/1.0.1/kerby-pkix-1.0.1.jar:/home/user/.m2/repository/org/apache/kerby/kerby-asn1/1.0.1/kerby-asn1-1.0.1.jar:/home/user/.m2/repository/org/apache/kerby/kerby-util/1.0.1/kerby-util-1.0.1.jar:/home/user/.m2/repository/org/apache/kerby/kerb-common/1.0.1/kerb-common-1.0.1.jar:/home/user/.m2/repository/org/apache/kerby/kerb-crypto/1.0.1/kerb-crypto-1.0.1.jar:/home/user/.m2/repository/org/apache/kerby/kerb-util/1.0.1/kerb-util-1.0.1.jar:/home/user/.m2/repository/org/apache/kerby/token-provider/1.0.1/token-provider-1.0.1.jar:/home/user/.m2/repository/org/apache/kerby/kerb-admin/1.0.1/kerb-admin-1.0.1.jar:/home/user/.m2/repository/org/apache/kerby/kerb-server/1.0.1/kerb-server-1.0.1.jar:/home/user/.m2/repository/org/apache/kerby/kerb-identity/1.0.1/kerb-identity-1.0.1.jar:/home/user/.m2/repository/org/apache/kerby/kerby-xdr/1.0.1/kerby-xdr-1.0.1.jar:/home/user/.m2/repository/org/slf4j/slf4j-log4j12/1.7.25/slf4j-log4j12-1.7.25.jar:/home/user/.m2/repository/org/apache/hadoop/hadoop-ozone-s3gateway/0.5.0-SNAPSHOT/hadoop-ozone-s3gateway-0.5.0-SNAPSHOT.jar:/home/user/.m2/repository/org/jboss/weld/servlet/weld-servlet/2.4.7.Final/weld-servlet-2.4.7.Final.jar:/home/user/.m2/repository/org/glassfish/jersey/containers/jersey-container-servlet-core/2.27/jersey-container-servlet-core-2.27.jar:/home/user/.m2/repository/org/glassfish/hk2/external/javax.inject/2.5.0-b42/javax.inject-2.5.0-b42.jar:/home/user/.m2/repository/org/glassfish/jersey/core/jersey-common/2.27/jersey-common-2.27.jar:/home/user/.m2/repository/org/glassfish/hk2/osgi-resource-locator/1.0.1/osgi-resource-locator-1.0.1.jar:/home/user/.m2/repository/javax/ws/rs/javax.ws.rs-api/2.1/javax.ws.rs-api-2.1.jar:/home/user/.m2/repository/org/glassfish/jersey/ext/cdi/jersey-cdi1x/2.27/jersey-cdi1x-2.27.jar:/home/user/.m2/repository/org/glassfish/jersey/inject/jersey-hk2/2.27/jersey-hk2-2.27.jar:/home/user/.m2/repository/org/glassfish/hk2/hk2-locator/2.5.0-b42/hk2-locator-2.5.0-b42.jar:/home/user/.m2/repository/org/javassist/javassist/3.22.0-CR2/javassist-3.22.0-CR2.jar:/home/user/.m2/repository/org/glassfish/hk2/hk2-api/2.5.0/hk2-api-2.5.0.jar:/home/user/.m2/repository/org/glassfish/hk2/external/jakarta.inject/2.5.0/jakarta.inject-2.5.0.jar:/home/user/.m2/repository/org/glassfish/hk2/hk2-utils/2.5.0/hk2-utils-2.5.0.jar:/home/user/.m2/repository/jakarta/annotation/jakarta.annotation-api/1.3.4/jakarta.annotation-api-1.3.4.jar:/home/user/.m2/repository/org/glassfish/hk2/external/aopalliance-repackaged/2.5.0/aopalliance-repackaged-2.5.0.jar:/home/user/.m2/repository/com/fasterxml/jackson/dataformat/jackson-dataformat-xml/2.9.0/jackson-dataformat-xml-2.9.0.jar:/home/user/.m2/repository/com/fasterxml/jackson/core/jackson-core/2.9.9/jackson-core-2.9.9.jar:/home/user/.m2/repository/com/fasterxml/jackson/module/jackson-module-jaxb-annotations/2.9.9/jackson-module-jaxb-annotations-2.9.9.jar:/home/user/.m2/repository/javax/enterprise/cdi-api/1.2/cdi-api-1.2.jar:/home/user/.m2/repository/javax/el/javax.el-api/3.0.0/javax.el-api-3.0.0.jar:/home/user/.m2/repository/javax/interceptor/javax.interceptor-api/1.2/javax.interceptor-api-1.2.jar:/home/user/.m2/repository/javax/inject/javax.inject/1/javax.inject-1.jar:/home/user/.m2/repository/com/sun/xml/bind/jaxb-impl/2.3.0.1/jaxb-impl-2.3.0.1.jar:/home/user/.m2/repository/com/sun/xml/bind/jaxb-core/2.3.0.1/jaxb-core-2.3.0.1.jar:/home/user/.m2/repository/javax/xml/bind/jaxb-api/2.3.0/jaxb-api-2.3.0.jar:/home/user/.m2/repository/javax/activation/activation/1.1.1/activation-1.1.1.jar:/home/user/.m2/repository/org/apache/hadoop/hadoop-ozone-csi/0.5.0-SNAPSHOT/hadoop-ozone-csi-0.5.0-SNAPSHOT.jar:/home/user/.m2/repository/com/google/protobuf/protobuf-java-util/3.5.1/protobuf-java-util-3.5.1.jar:/home/user/.m2/repository/org/apache/hadoop/hadoop-hdds-config/0.5.0-SNAPSHOT/hadoop-hdds-config-0.5.0-SNAPSHOT.jar:/home/user/.m2/repository/io/grpc/grpc-netty/1.17.1/grpc-netty-1.17.1.jar:/home/user/.m2/repository/io/grpc/grpc-core/1.17.1/grpc-core-1.17.1.jar:/home/user/.m2/repository/io/grpc/grpc-context/1.17.1/grpc-context-1.17.1.jar:/home/user/.m2/repository/com/google/errorprone/error_prone_annotations/2.2.0/error_prone_annotations-2.2.0.jar:/home/user/.m2/repository/org/codehaus/mojo/animal-sniffer-annotations/1.17/animal-sniffer-annotations-1.17.jar:/home/user/.m2/repository/io/opencensus/opencensus-api/0.17.0/opencensus-api-0.17.0.jar:/home/user/.m2/repository/io/opencensus/opencensus-contrib-grpc-metrics/0.17.0/opencensus-contrib-grpc-metrics-0.17.0.jar:/home/user/.m2/repository/io/netty/netty-codec-http2/4.1.30.Final/netty-codec-http2-4.1.30.Final.jar:/home/user/.m2/repository/io/netty/netty-codec-http/4.1.30.Final/netty-codec-http-4.1.30.Final.jar:/home/user/.m2/repository/io/netty/netty-codec/4.1.30.Final/netty-codec-4.1.30.Final.jar:/home/user/.m2/repository/io/netty/netty-handler/4.1.30.Final/netty-handler-4.1.30.Final.jar:/home/user/.m2/repository/io/netty/netty-handler-proxy/4.1.30.Final/netty-handler-proxy-4.1.30.Final.jar:/home/user/.m2/repository/io/netty/netty-codec-socks/4.1.30.Final/netty-codec-socks-4.1.30.Final.jar:/home/user/.m2/repository/io/netty/netty-transport-native-epoll/4.1.30.Final/netty-transport-native-epoll-4.1.30.Final.jar:/home/user/.m2/repository/io/netty/netty-common/4.1.30.Final/netty-common-4.1.30.Final.jar:/home/user/.m2/repository/io/netty/netty-buffer/4.1.30.Final/netty-buffer-4.1.30.Final.jar:/home/user/.m2/repository/io/netty/netty-transport/4.1.30.Final/netty-transport-4.1.30.Final.jar:/home/user/.m2/repository/io/netty/netty-resolver/4.1.30.Final/netty-resolver-4.1.30.Final.jar:/home/user/.m2/repository/io/netty/netty-transport-native-unix-common/4.1.30.Final/netty-transport-native-unix-common-4.1.30.Final.jar:/home/user/.m2/repository/io/grpc/grpc-protobuf/1.17.1/grpc-protobuf-1.17.1.jar:/home/user/.m2/repository/com/google/api/grpc/proto-google-common-protos/1.0.0/proto-google-common-protos-1.0.0.jar:/home/user/.m2/repository/io/grpc/grpc-protobuf-lite/1.17.1/grpc-protobuf-lite-1.17.1.jar:/home/user/.m2/repository/io/grpc/grpc-stub/1.17.1/grpc-stub-1.17.1.jar:/home/user/.m2/repository/org/apache/hadoop/hadoop-ozone-recon/0.5.0-SNAPSHOT/hadoop-ozone-recon-0.5.0-SNAPSHOT.jar:/home/user/.m2/repository/org/apache/hadoop/hadoop-ozone-reconcodegen/0.5.0-SNAPSHOT/hadoop-ozone-reconcodegen-0.5.0-SNAPSHOT.jar:/home/user/.m2/repository/com/google/inject/extensions/guice-multibindings/4.0/guice-multibindings-4.0.jar:/home/user/.m2/repository/com/google/inject/guice/4.0/guice-4.0.jar:/home/user/.m2/repository/aopalliance/aopalliance/1.0/aopalliance-1.0.jar:/home/user/.m2/repository/com/google/inject/extensions/guice-servlet/4.0/guice-servlet-4.0.jar:/home/user/.m2/repository/org/glassfish/jersey/containers/jersey-container-servlet/2.27/jersey-container-servlet-2.27.jar:/home/user/.m2/repository/org/glassfish/hk2/guice-bridge/2.5.0/guice-bridge-2.5.0.jar:/home/user/.m2/repository/org/glassfish/jersey/core/jersey-server/2.27/jersey-server-2.27.jar:/home/user/.m2/repository/org/glassfish/jersey/core/jersey-client/2.27/jersey-client-2.27.jar:/home/user/.m2/repository/org/glassfish/jersey/media/jersey-media-jaxb/2.27/jersey-media-jaxb-2.27.jar:/home/user/.m2/repository/javax/validation/validation-api/1.1.0.Final/validation-api-1.1.0.Final.jar:/home/user/.m2/repository/org/glassfish/jersey/media/jersey-media-json-jackson/2.27/jersey-media-json-jackson-2.27.jar:/home/user/.m2/repository/org/glassfish/jersey/ext/jersey-entity-filtering/2.27/jersey-entity-filtering-2.27.jar:/home/user/.m2/repository/com/google/inject/extensions/guice-assistedinject/4.0/guice-assistedinject-4.0.jar:/home/user/.m2/repository/org/jooq/jooq/3.11.10/jooq-3.11.10.jar:/home/user/.m2/repository/org/jooq/jooq-meta/3.11.10/jooq-meta-3.11.10.jar:/home/user/.m2/repository/org/jooq/jooq-codegen/3.11.10/jooq-codegen-3.11.10.jar:/home/user/.m2/repository/com/jolbox/bonecp/0.8.0.RELEASE/bonecp-0.8.0.RELEASE.jar:/home/user/.m2/repository/org/xerial/sqlite-jdbc/3.25.2/sqlite-jdbc-3.25.2.jar:/home/user/.m2/repository/org/springframework/spring-jdbc/5.1.3.RELEASE/spring-jdbc-5.1.3.RELEASE.jar:/home/user/.m2/repository/org/springframework/spring-beans/5.1.3.RELEASE/spring-beans-5.1.3.RELEASE.jar:/home/user/.m2/repository/org/springframework/spring-core/5.1.3.RELEASE/spring-core-5.1.3.RELEASE.jar:/home/user/.m2/repository/org/springframework/spring-jcl/5.1.3.RELEASE/spring-jcl-5.1.3.RELEASE.jar:/home/user/.m2/repository/org/springframework/spring-tx/5.1.3.RELEASE/spring-tx-5.1.3.RELEASE.jar:/home/user/.m2/repository/org/apache/hadoop/hadoop-ozone-client/0.5.0-SNAPSHOT/hadoop-ozone-client-0.5.0-SNAPSHOT.jar:/home/user/.m2/repository/commons-lang/commons-lang/2.6/commons-lang-2.6.jar:/home/user/.m2/repository/org/apache/hadoop/hadoop-ozone-ozone-manager/0.5.0-SNAPSHOT/hadoop-ozone-ozone-manager-0.5.0-SNAPSHOT-tests.jar:/home/user/.m2/repository/junit/junit/4.11/junit-4.11.jar:/home/user/.m2/repository/org/hamcrest/hamcrest-core/1.3/hamcrest-core-1.3.jar:/home/user/.m2/repository/org/openjdk/jmh/jmh-core/1.19/jmh-core-1.19.jar:/home/user/.m2/repository/net/sf/jopt-simple/jopt-simple/4.6/jopt-simple-4.6.jar:/home/user/.m2/repository/org/apache/commons/commons-math3/3.1.1/commons-math3-3.1.1.jar:/home/user/.m2/repository/org/openjdk/jmh/jmh-generator-annprocess/1.19/jmh-generator-annprocess-1.19.jar:/home/user/.m2/repository/org/mockito/mockito-all/1.8.5/mockito-all-1.8.5.jar:/home/user/.m2/repository/org/apache/hadoop/hadoop-kms/3.2.0/hadoop-kms-3.2.0.jar:/home/user/.m2/repository/org/apache/hadoop/hadoop-auth/3.2.0/hadoop-auth-3.2.0.jar:/home/user/.m2/repository/com/nimbusds/nimbus-jose-jwt/4.41.1/nimbus-jose-jwt-4.41.1.jar:/home/user/.m2/repository/com/github/stephenc/jcip/jcip-annotations/1.0-1/jcip-annotations-1.0-1.jar:/home/user/.m2/repository/net/minidev/json-smart/2.3/json-smart-2.3.jar:/home/user/.m2/repository/net/minidev/accessors-smart/1.2/accessors-smart-1.2.jar:/home/user/.m2/repository/org/ow2/asm/asm/5.0.4/asm-5.0.4.jar:/home/user/.m2/repository/org/apache/curator/curator-framework/2.12.0/curator-framework-2.12.0.jar:/home/user/.m2/repository/com/sun/jersey/jersey-core/1.19/jersey-core-1.19.jar:/home/user/.m2/repository/javax/ws/rs/jsr311-api/1.1.1/jsr311-api-1.1.1.jar:/home/user/.m2/repository/com/sun/jersey/jersey-server/1.19/jersey-server-1.19.jar:/home/user/.m2/repository/javax/servlet/javax.servlet-api/3.1.0/javax.servlet-api-3.1.0.jar:/home/user/.m2/repository/org/eclipse/jetty/jetty-server/9.3.25.v20180904/jetty-server-9.3.25.v20180904.jar:/home/user/.m2/repository/org/eclipse/jetty/jetty-http/9.3.25.v20180904/jetty-http-9.3.25.v20180904.jar:/home/user/.m2/repository/org/eclipse/jetty/jetty-io/9.3.25.v20180904/jetty-io-9.3.25.v20180904.jar:/home/user/.m2/repository/org/eclipse/jetty/jetty-webapp/9.3.25.v20180904/jetty-webapp-9.3.25.v20180904.jar:/home/user/.m2/repository/org/eclipse/jetty/jetty-xml/9.3.25.v20180904/jetty-xml-9.3.25.v20180904.jar:/home/user/.m2/repository/log4j/log4j/1.2.17/log4j-1.2.17.jar:/home/user/.m2/repository/org/slf4j/slf4j-api/1.7.25/slf4j-api-1.7.25.jar:/home/user/.m2/repository/org/slf4j/jul-to-slf4j/1.7.25/jul-to-slf4j-1.7.25.jar:/home/user/.m2/repository/org/eclipse/jetty/jetty-util/9.3.25.v20180904/jetty-util-9.3.25.v20180904.jar:/home/user/.m2/repository/com/fasterxml/jackson/core/jackson-databind/2.9.9/jackson-databind-2.9.9.jar:/home/user/.m2/repository/org/apache/hadoop/hadoop-kms/3.2.0/hadoop-kms-3.2.0-tests.jar:/home/user/.m2/repository/org/apache/hadoop/hadoop-hdds-server-scm/0.5.0-SNAPSHOT/hadoop-hdds-server-scm-0.5.0-SNAPSHOT-tests.jar:/home/user/.m2/repository/org/apache/hadoop/hadoop-hdds-container-service/0.5.0-SNAPSHOT/hadoop-hdds-container-service-0.5.0-SNAPSHOT-tests.jar:/home/user/.m2/repository/org/yaml/snakeyaml/1.16/snakeyaml-1.16.jar:/home/user/.m2/repository/org/apache/hadoop/hadoop-common/3.2.0/hadoop-common-3.2.0-tests.jar:/home/user/.m2/repository/org/apache/hadoop/hadoop-annotations/3.2.0/hadoop-annotations-3.2.0.jar:/usr/lib/jvm/java-1.8-openjdk/jre/../lib/tools.jar:/home/user/.m2/repository/commons-cli/commons-cli/1.2/commons-cli-1.2.jar:/home/user/.m2/repository/org/apache/httpcomponents/httpclient/4.5.2/httpclient-4.5.2.jar:/home/user/.m2/repository/org/apache/httpcomponents/httpcore/4.4.4/httpcore-4.4.4.jar:/home/user/.m2/repository/commons-codec/commons-codec/1.11/commons-codec-1.11.jar:/home/user/.m2/repository/commons-net/commons-net/3.6/commons-net-3.6.jar:/home/user/.m2/repository/commons-collections/commons-collections/3.2.2/commons-collections-3.2.2.jar:/home/user/.m2/repository/org/eclipse/jetty/jetty-servlet/9.3.25.v20180904/jetty-servlet-9.3.25.v20180904.jar:/home/user/.m2/repository/org/eclipse/jetty/jetty-security/9.3.25.v20180904/jetty-security-9.3.25.v20180904.jar:/home/user/.m2/repository/javax/servlet/jsp/jsp-api/2.1/jsp-api-2.1.jar:/home/user/.m2/repository/com/sun/jersey/jersey-servlet/1.19/jersey-servlet-1.19.jar:/home/user/.m2/repository/com/sun/jersey/jersey-json/1.19/jersey-json-1.19.jar:/home/user/.m2/repository/org/codehaus/jettison/jettison/1.1/jettison-1.1.jar:/home/user/.m2/repository/org/codehaus/jackson/jackson-core-asl/1.9.13/jackson-core-asl-1.9.13.jar:/home/user/.m2/repository/org/codehaus/jackson/jackson-mapper-asl/1.9.13/jackson-mapper-asl-1.9.13.jar:/home/user/.m2/repository/org/codehaus/jackson/jackson-jaxrs/1.9.13/jackson-jaxrs-1.9.13.jar:/home/user/.m2/repository/org/codehaus/jackson/jackson-xc/1.9.13/jackson-xc-1.9.13.jar:/home/user/.m2/repository/commons-logging/commons-logging/1.1.3/commons-logging-1.1.3.jar:/home/user/.m2/repository/commons-beanutils/commons-beanutils/1.9.4/commons-beanutils-1.9.4.jar:/home/user/.m2/repository/org/apache/commons/commons-configuration2/2.1.1/commons-configuration2-2.1.1.jar:/home/user/.m2/repository/org/apache/commons/commons-lang3/3.7/commons-lang3-3.7.jar:/home/user/.m2/repository/org/apache/commons/commons-text/1.4/commons-text-1.4.jar:/home/user/.m2/repository/org/apache/avro/avro/1.7.7/avro-1.7.7.jar:/home/user/.m2/repository/com/thoughtworks/paranamer/paranamer/2.3/paranamer-2.3.jar:/home/user/.m2/repository/org/xerial/snappy/snappy-java/1.0.5/snappy-java-1.0.5.jar:/home/user/.m2/repository/com/google/re2j/re2j/1.1/re2j-1.1.jar:/home/user/.m2/repository/com/google/code/gson/gson/2.2.4/gson-2.2.4.jar:/home/user/.m2/repository/com/jcraft/jsch/0.1.54/jsch-0.1.54.jar:/home/user/.m2/repository/org/apache/curator/curator-client/2.12.0/curator-client-2.12.0.jar:/home/user/.m2/repository/org/apache/curator/curator-recipes/2.12.0/curator-recipes-2.12.0.jar:/home/user/.m2/repository/com/google/code/findbugs/jsr305/3.0.0/jsr305-3.0.0.jar:/home/user/.m2/repository/org/apache/htrace/htrace-core4/4.1.0-incubating/htrace-core4-4.1.0-incubating.jar:/home/user/.m2/repository/org/apache/zookeeper/zookeeper/3.4.13/zookeeper-3.4.13.jar:/home/user/.m2/repository/jline/jline/0.9.94/jline-0.9.94.jar:/home/user/.m2/repository/org/apache/yetus/audience-annotations/0.5.0/audience-annotations-0.5.0.jar:/home/user/.m2/repository/org/codehaus/woodstox/stax2-api/3.1.4/stax2-api-3.1.4.jar:/home/user/.m2/repository/com/fasterxml/woodstox/woodstox-core/5.0.3/woodstox-core-5.0.3.jar:/home/user/.m2/repository/dnsjava/dnsjava/2.1.7/dnsjava-2.1.7.jar:/home/user/.m2/repository/org/apache/hadoop/hadoop-hdfs/3.2.0/hadoop-hdfs-3.2.0-tests.jar:/home/user/.m2/repository/org/eclipse/jetty/jetty-util-ajax/9.3.25.v20180904/jetty-util-ajax-9.3.25.v20180904.jar:/home/user/.m2/repository/commons-daemon/commons-daemon/1.0.13/commons-daemon-1.0.13.jar:/home/user/.m2/repository/io/netty/netty/3.10.5.Final/netty-3.10.5.Final.jar:/home/user/.m2/repository/io/netty/netty-all/4.0.52.Final/netty-all-4.0.52.Final.jar:/home/user/.m2/repository/org/fusesource/leveldbjni/leveldbjni-all/1.8/leveldbjni-all-1.8.jar:"/>
    <property name="java.vm.vendor" value="IcedTea"/>
    <property name="sun.arch.data.model" value="64"/>
    <property name="test.build.dir" value="/workdir/hadoop-ozone/integration-test/target/test-dir"/>
    <property name="test.cache.data" value=""/>
    <property name="java.vendor.url" value="https://icedtea.classpath.org"/>
    <property name="user.timezone" value=""/>
    <property name="java.vm.specification.version" value="1.8"/>
    <property name="os.name" value="Linux"/>
    <property name="test.build.data" value="/workdir/hadoop-ozone/integration-test/target/test-dir"/>
    <property name="user.country" value="US"/>
    <property name="sun.java.launcher" value="SUN_STANDARD"/>
    <property name="sun.boot.library.path" value="/usr/lib/jvm/java-1.8-openjdk/jre/lib/amd64"/>
    <property name="sun.java.command" value="/workdir/hadoop-ozone/integration-test/target/surefire/surefirebooter3366042011082023197.jar /workdir/hadoop-ozone/integration-test/target/surefire 2019-10-14T09-12-41_318-jvmRun1 surefire8058400790183284573tmp surefire_764889384677385725967tmp"/>
    <property name="test" value="!TestMiniChaosOzoneCluster"/>
    <property name="surefire.test.class.path" value="/workdir/hadoop-ozone/integration-test/target/test-classes:/workdir/hadoop-ozone/integration-test/target/classes:/home/user/.m2/repository/org/apache/hadoop/hadoop-ozone-common/0.5.0-SNAPSHOT/hadoop-ozone-common-0.5.0-SNAPSHOT.jar:/home/user/.m2/repository/org/apache/commons/commons-compress/1.4.1/commons-compress-1.4.1.jar:/home/user/.m2/repository/org/tukaani/xz/1.0/xz-1.0.jar:/home/user/.m2/repository/org/apache/hadoop/hadoop-common/3.2.0/hadoop-common-3.2.0.jar:/home/user/.m2/repository/org/apache/hadoop/hadoop-hdfs/3.2.0/hadoop-hdfs-3.2.0.jar:/home/user/.m2/repository/org/apache/hadoop/hadoop-hdfs-client/3.2.0/hadoop-hdfs-client-3.2.0.jar:/home/user/.m2/repository/com/fasterxml/jackson/core/jackson-annotations/2.9.9/jackson-annotations-2.9.9.jar:/home/user/.m2/repository/org/apache/hadoop/hadoop-hdds-common/0.5.0-SNAPSHOT/hadoop-hdds-common-0.5.0-SNAPSHOT.jar:/home/user/.m2/repository/javax/annotation/javax.annotation-api/1.2/javax.annotation-api-1.2.jar:/home/user/.m2/repository/org/apache/ratis/ratis-server/0.5.0-201fc85-SNAPSHOT/ratis-server-0.5.0-201fc85-SNAPSHOT.jar:/home/user/.m2/repository/org/apache/ratis/ratis-thirdparty-misc/0.2.0/ratis-thirdparty-misc-0.2.0.jar:/home/user/.m2/repository/org/apache/ratis/ratis-proto/0.5.0-201fc85-SNAPSHOT/ratis-proto-0.5.0-201fc85-SNAPSHOT.jar:/home/user/.m2/repository/org/apache/ratis/ratis-common/0.5.0-201fc85-SNAPSHOT/ratis-common-0.5.0-201fc85-SNAPSHOT.jar:/home/user/.m2/repository/org/apache/ratis/ratis-client/0.5.0-201fc85-SNAPSHOT/ratis-client-0.5.0-201fc85-SNAPSHOT.jar:/home/user/.m2/repository/org/apache/ratis/ratis-metrics/0.5.0-201fc85-SNAPSHOT/ratis-metrics-0.5.0-201fc85-SNAPSHOT.jar:/home/user/.m2/repository/com/github/joshelser/dropwizard-metrics-hadoop-metrics2-reporter/0.1.2/dropwizard-metrics-hadoop-metrics2-reporter-0.1.2.jar:/home/user/.m2/repository/io/dropwizard/metrics/metrics-jvm/3.2.5/metrics-jvm-3.2.5.jar:/home/user/.m2/repository/io/dropwizard/metrics/metrics-ganglia/3.2.5/metrics-ganglia-3.2.5.jar:/home/user/.m2/repository/info/ganglia/gmetric4j/gmetric4j/1.0.7/gmetric4j-1.0.7.jar:/home/user/.m2/repository/org/apache/ratis/ratis-netty/0.5.0-201fc85-SNAPSHOT/ratis-netty-0.5.0-201fc85-SNAPSHOT.jar:/home/user/.m2/repository/org/apache/ratis/ratis-grpc/0.5.0-201fc85-SNAPSHOT/ratis-grpc-0.5.0-201fc85-SNAPSHOT.jar:/home/user/.m2/repository/org/rocksdb/rocksdbjni/6.0.1/rocksdbjni-6.0.1.jar:/home/user/.m2/repository/org/apache/logging/log4j/log4j-api/2.11.0/log4j-api-2.11.0.jar:/home/user/.m2/repository/org/apache/logging/log4j/log4j-core/2.11.0/log4j-core-2.11.0.jar:/home/user/.m2/repository/com/lmax/disruptor/3.4.2/disruptor-3.4.2.jar:/home/user/.m2/repository/org/apache/commons/commons-pool2/2.6.0/commons-pool2-2.6.0.jar:/home/user/.m2/repository/org/bouncycastle/bcpkix-jdk15on/1.60/bcpkix-jdk15on-1.60.jar:/home/user/.m2/repository/commons-validator/commons-validator/1.6/commons-validator-1.6.jar:/home/user/.m2/repository/commons-digester/commons-digester/1.8.1/commons-digester-1.8.1.jar:/home/user/.m2/repository/io/jaegertracing/jaeger-client/0.34.0/jaeger-client-0.34.0.jar:/home/user/.m2/repository/io/jaegertracing/jaeger-thrift/0.34.0/jaeger-thrift-0.34.0.jar:/home/user/.m2/repository/org/apache/thrift/libthrift/0.12.0/libthrift-0.12.0.jar:/home/user/.m2/repository/com/squareup/okhttp3/okhttp/3.9.0/okhttp-3.9.0.jar:/home/user/.m2/repository/com/squareup/okio/okio/1.13.0/okio-1.13.0.jar:/home/user/.m2/repository/io/jaegertracing/jaeger-core/0.34.0/jaeger-core-0.34.0.jar:/home/user/.m2/repository/io/jaegertracing/jaeger-tracerresolver/0.34.0/jaeger-tracerresolver-0.34.0.jar:/home/user/.m2/repository/io/opentracing/contrib/opentracing-tracerresolver/0.1.5/opentracing-tracerresolver-0.1.5.jar:/home/user/.m2/repository/io/opentracing/opentracing-util/0.31.0/opentracing-util-0.31.0.jar:/home/user/.m2/repository/io/opentracing/opentracing-api/0.31.0/opentracing-api-0.31.0.jar:/home/user/.m2/repository/io/opentracing/opentracing-noop/0.31.0/opentracing-noop-0.31.0.jar:/home/user/.m2/repository/org/apache/hadoop/hadoop-hdds-server-framework/0.5.0-SNAPSHOT/hadoop-hdds-server-framework-0.5.0-SNAPSHOT.jar:/home/user/.m2/repository/org/apache/hadoop/hadoop-hdds-container-service/0.5.0-SNAPSHOT/hadoop-hdds-container-service-0.5.0-SNAPSHOT.jar:/home/user/.m2/repository/org/apache/hadoop/hadoop-hdds-client/0.5.0-SNAPSHOT/hadoop-hdds-client-0.5.0-SNAPSHOT.jar:/home/user/.m2/repository/org/apache/hadoop/hadoop-hdds-tools/0.5.0-SNAPSHOT/hadoop-hdds-tools-0.5.0-SNAPSHOT.jar:/home/user/.m2/repository/org/apache/hadoop/hadoop-hdds-server-scm/0.5.0-SNAPSHOT/hadoop-hdds-server-scm-0.5.0-SNAPSHOT.jar:/home/user/.m2/repository/org/apache/hadoop/hadoop-hdds-docs/0.5.0-SNAPSHOT/hadoop-hdds-docs-0.5.0-SNAPSHOT.jar:/home/user/.m2/repository/io/dropwizard/metrics/metrics-core/3.2.4/metrics-core-3.2.4.jar:/home/user/.m2/repository/org/hamcrest/hamcrest-all/1.3/hamcrest-all-1.3.jar:/home/user/.m2/repository/org/bouncycastle/bcprov-jdk15on/1.60/bcprov-jdk15on-1.60.jar:/home/user/.m2/repository/info/picocli/picocli/3.9.6/picocli-3.9.6.jar:/home/user/.m2/repository/com/google/protobuf/protobuf-java/2.5.0/protobuf-java-2.5.0.jar:/home/user/.m2/repository/com/google/guava/guava/11.0.2/guava-11.0.2.jar:/home/user/.m2/repository/org/apache/hadoop/hadoop-ozone-ozone-manager/0.5.0-SNAPSHOT/hadoop-ozone-ozone-manager-0.5.0-SNAPSHOT.jar:/home/user/.m2/repository/org/apache/hadoop/hadoop-minikdc/3.2.0/hadoop-minikdc-3.2.0.jar:/home/user/.m2/repository/commons-io/commons-io/2.5/commons-io-2.5.jar:/home/user/.m2/repository/org/apache/kerby/kerb-simplekdc/1.0.1/kerb-simplekdc-1.0.1.jar:/home/user/.m2/repository/org/apache/kerby/kerb-client/1.0.1/kerb-client-1.0.1.jar:/home/user/.m2/repository/org/apache/kerby/kerby-config/1.0.1/kerby-config-1.0.1.jar:/home/user/.m2/repository/org/apache/kerby/kerb-core/1.0.1/kerb-core-1.0.1.jar:/home/user/.m2/repository/org/apache/kerby/kerby-pkix/1.0.1/kerby-pkix-1.0.1.jar:/home/user/.m2/repository/org/apache/kerby/kerby-asn1/1.0.1/kerby-asn1-1.0.1.jar:/home/user/.m2/repository/org/apache/kerby/kerby-util/1.0.1/kerby-util-1.0.1.jar:/home/user/.m2/repository/org/apache/kerby/kerb-common/1.0.1/kerb-common-1.0.1.jar:/home/user/.m2/repository/org/apache/kerby/kerb-crypto/1.0.1/kerb-crypto-1.0.1.jar:/home/user/.m2/repository/org/apache/kerby/kerb-util/1.0.1/kerb-util-1.0.1.jar:/home/user/.m2/repository/org/apache/kerby/token-provider/1.0.1/token-provider-1.0.1.jar:/home/user/.m2/repository/org/apache/kerby/kerb-admin/1.0.1/kerb-admin-1.0.1.jar:/home/user/.m2/repository/org/apache/kerby/kerb-server/1.0.1/kerb-server-1.0.1.jar:/home/user/.m2/repository/org/apache/kerby/kerb-identity/1.0.1/kerb-identity-1.0.1.jar:/home/user/.m2/repository/org/apache/kerby/kerby-xdr/1.0.1/kerby-xdr-1.0.1.jar:/home/user/.m2/repository/org/slf4j/slf4j-log4j12/1.7.25/slf4j-log4j12-1.7.25.jar:/home/user/.m2/repository/org/apache/hadoop/hadoop-ozone-s3gateway/0.5.0-SNAPSHOT/hadoop-ozone-s3gateway-0.5.0-SNAPSHOT.jar:/home/user/.m2/repository/org/jboss/weld/servlet/weld-servlet/2.4.7.Final/weld-servlet-2.4.7.Final.jar:/home/user/.m2/repository/org/glassfish/jersey/containers/jersey-container-servlet-core/2.27/jersey-container-servlet-core-2.27.jar:/home/user/.m2/repository/org/glassfish/hk2/external/javax.inject/2.5.0-b42/javax.inject-2.5.0-b42.jar:/home/user/.m2/repository/org/glassfish/jersey/core/jersey-common/2.27/jersey-common-2.27.jar:/home/user/.m2/repository/org/glassfish/hk2/osgi-resource-locator/1.0.1/osgi-resource-locator-1.0.1.jar:/home/user/.m2/repository/javax/ws/rs/javax.ws.rs-api/2.1/javax.ws.rs-api-2.1.jar:/home/user/.m2/repository/org/glassfish/jersey/ext/cdi/jersey-cdi1x/2.27/jersey-cdi1x-2.27.jar:/home/user/.m2/repository/org/glassfish/jersey/inject/jersey-hk2/2.27/jersey-hk2-2.27.jar:/home/user/.m2/repository/org/glassfish/hk2/hk2-locator/2.5.0-b42/hk2-locator-2.5.0-b42.jar:/home/user/.m2/repository/org/javassist/javassist/3.22.0-CR2/javassist-3.22.0-CR2.jar:/home/user/.m2/repository/org/glassfish/hk2/hk2-api/2.5.0/hk2-api-2.5.0.jar:/home/user/.m2/repository/org/glassfish/hk2/external/jakarta.inject/2.5.0/jakarta.inject-2.5.0.jar:/home/user/.m2/repository/org/glassfish/hk2/hk2-utils/2.5.0/hk2-utils-2.5.0.jar:/home/user/.m2/repository/jakarta/annotation/jakarta.annotation-api/1.3.4/jakarta.annotation-api-1.3.4.jar:/home/user/.m2/repository/org/glassfish/hk2/external/aopalliance-repackaged/2.5.0/aopalliance-repackaged-2.5.0.jar:/home/user/.m2/repository/com/fasterxml/jackson/dataformat/jackson-dataformat-xml/2.9.0/jackson-dataformat-xml-2.9.0.jar:/home/user/.m2/repository/com/fasterxml/jackson/core/jackson-core/2.9.9/jackson-core-2.9.9.jar:/home/user/.m2/repository/com/fasterxml/jackson/module/jackson-module-jaxb-annotations/2.9.9/jackson-module-jaxb-annotations-2.9.9.jar:/home/user/.m2/repository/javax/enterprise/cdi-api/1.2/cdi-api-1.2.jar:/home/user/.m2/repository/javax/el/javax.el-api/3.0.0/javax.el-api-3.0.0.jar:/home/user/.m2/repository/javax/interceptor/javax.interceptor-api/1.2/javax.interceptor-api-1.2.jar:/home/user/.m2/repository/javax/inject/javax.inject/1/javax.inject-1.jar:/home/user/.m2/repository/com/sun/xml/bind/jaxb-impl/2.3.0.1/jaxb-impl-2.3.0.1.jar:/home/user/.m2/repository/com/sun/xml/bind/jaxb-core/2.3.0.1/jaxb-core-2.3.0.1.jar:/home/user/.m2/repository/javax/xml/bind/jaxb-api/2.3.0/jaxb-api-2.3.0.jar:/home/user/.m2/repository/javax/activation/activation/1.1.1/activation-1.1.1.jar:/home/user/.m2/repository/org/apache/hadoop/hadoop-ozone-csi/0.5.0-SNAPSHOT/hadoop-ozone-csi-0.5.0-SNAPSHOT.jar:/home/user/.m2/repository/com/google/protobuf/protobuf-java-util/3.5.1/protobuf-java-util-3.5.1.jar:/home/user/.m2/repository/org/apache/hadoop/hadoop-hdds-config/0.5.0-SNAPSHOT/hadoop-hdds-config-0.5.0-SNAPSHOT.jar:/home/user/.m2/repository/io/grpc/grpc-netty/1.17.1/grpc-netty-1.17.1.jar:/home/user/.m2/repository/io/grpc/grpc-core/1.17.1/grpc-core-1.17.1.jar:/home/user/.m2/repository/io/grpc/grpc-context/1.17.1/grpc-context-1.17.1.jar:/home/user/.m2/repository/com/google/errorprone/error_prone_annotations/2.2.0/error_prone_annotations-2.2.0.jar:/home/user/.m2/repository/org/codehaus/mojo/animal-sniffer-annotations/1.17/animal-sniffer-annotations-1.17.jar:/home/user/.m2/repository/io/opencensus/opencensus-api/0.17.0/opencensus-api-0.17.0.jar:/home/user/.m2/repository/io/opencensus/opencensus-contrib-grpc-metrics/0.17.0/opencensus-contrib-grpc-metrics-0.17.0.jar:/home/user/.m2/repository/io/netty/netty-codec-http2/4.1.30.Final/netty-codec-http2-4.1.30.Final.jar:/home/user/.m2/repository/io/netty/netty-codec-http/4.1.30.Final/netty-codec-http-4.1.30.Final.jar:/home/user/.m2/repository/io/netty/netty-codec/4.1.30.Final/netty-codec-4.1.30.Final.jar:/home/user/.m2/repository/io/netty/netty-handler/4.1.30.Final/netty-handler-4.1.30.Final.jar:/home/user/.m2/repository/io/netty/netty-handler-proxy/4.1.30.Final/netty-handler-proxy-4.1.30.Final.jar:/home/user/.m2/repository/io/netty/netty-codec-socks/4.1.30.Final/netty-codec-socks-4.1.30.Final.jar:/home/user/.m2/repository/io/netty/netty-transport-native-epoll/4.1.30.Final/netty-transport-native-epoll-4.1.30.Final.jar:/home/user/.m2/repository/io/netty/netty-common/4.1.30.Final/netty-common-4.1.30.Final.jar:/home/user/.m2/repository/io/netty/netty-buffer/4.1.30.Final/netty-buffer-4.1.30.Final.jar:/home/user/.m2/repository/io/netty/netty-transport/4.1.30.Final/netty-transport-4.1.30.Final.jar:/home/user/.m2/repository/io/netty/netty-resolver/4.1.30.Final/netty-resolver-4.1.30.Final.jar:/home/user/.m2/repository/io/netty/netty-transport-native-unix-common/4.1.30.Final/netty-transport-native-unix-common-4.1.30.Final.jar:/home/user/.m2/repository/io/grpc/grpc-protobuf/1.17.1/grpc-protobuf-1.17.1.jar:/home/user/.m2/repository/com/google/api/grpc/proto-google-common-protos/1.0.0/proto-google-common-protos-1.0.0.jar:/home/user/.m2/repository/io/grpc/grpc-protobuf-lite/1.17.1/grpc-protobuf-lite-1.17.1.jar:/home/user/.m2/repository/io/grpc/grpc-stub/1.17.1/grpc-stub-1.17.1.jar:/home/user/.m2/repository/org/apache/hadoop/hadoop-ozone-recon/0.5.0-SNAPSHOT/hadoop-ozone-recon-0.5.0-SNAPSHOT.jar:/home/user/.m2/repository/org/apache/hadoop/hadoop-ozone-reconcodegen/0.5.0-SNAPSHOT/hadoop-ozone-reconcodegen-0.5.0-SNAPSHOT.jar:/home/user/.m2/repository/com/google/inject/extensions/guice-multibindings/4.0/guice-multibindings-4.0.jar:/home/user/.m2/repository/com/google/inject/guice/4.0/guice-4.0.jar:/home/user/.m2/repository/aopalliance/aopalliance/1.0/aopalliance-1.0.jar:/home/user/.m2/repository/com/google/inject/extensions/guice-servlet/4.0/guice-servlet-4.0.jar:/home/user/.m2/repository/org/glassfish/jersey/containers/jersey-container-servlet/2.27/jersey-container-servlet-2.27.jar:/home/user/.m2/repository/org/glassfish/hk2/guice-bridge/2.5.0/guice-bridge-2.5.0.jar:/home/user/.m2/repository/org/glassfish/jersey/core/jersey-server/2.27/jersey-server-2.27.jar:/home/user/.m2/repository/org/glassfish/jersey/core/jersey-client/2.27/jersey-client-2.27.jar:/home/user/.m2/repository/org/glassfish/jersey/media/jersey-media-jaxb/2.27/jersey-media-jaxb-2.27.jar:/home/user/.m2/repository/javax/validation/validation-api/1.1.0.Final/validation-api-1.1.0.Final.jar:/home/user/.m2/repository/org/glassfish/jersey/media/jersey-media-json-jackson/2.27/jersey-media-json-jackson-2.27.jar:/home/user/.m2/repository/org/glassfish/jersey/ext/jersey-entity-filtering/2.27/jersey-entity-filtering-2.27.jar:/home/user/.m2/repository/com/google/inject/extensions/guice-assistedinject/4.0/guice-assistedinject-4.0.jar:/home/user/.m2/repository/org/jooq/jooq/3.11.10/jooq-3.11.10.jar:/home/user/.m2/repository/org/jooq/jooq-meta/3.11.10/jooq-meta-3.11.10.jar:/home/user/.m2/repository/org/jooq/jooq-codegen/3.11.10/jooq-codegen-3.11.10.jar:/home/user/.m2/repository/com/jolbox/bonecp/0.8.0.RELEASE/bonecp-0.8.0.RELEASE.jar:/home/user/.m2/repository/org/xerial/sqlite-jdbc/3.25.2/sqlite-jdbc-3.25.2.jar:/home/user/.m2/repository/org/springframework/spring-jdbc/5.1.3.RELEASE/spring-jdbc-5.1.3.RELEASE.jar:/home/user/.m2/repository/org/springframework/spring-beans/5.1.3.RELEASE/spring-beans-5.1.3.RELEASE.jar:/home/user/.m2/repository/org/springframework/spring-core/5.1.3.RELEASE/spring-core-5.1.3.RELEASE.jar:/home/user/.m2/repository/org/springframework/spring-jcl/5.1.3.RELEASE/spring-jcl-5.1.3.RELEASE.jar:/home/user/.m2/repository/org/springframework/spring-tx/5.1.3.RELEASE/spring-tx-5.1.3.RELEASE.jar:/home/user/.m2/repository/org/apache/hadoop/hadoop-ozone-client/0.5.0-SNAPSHOT/hadoop-ozone-client-0.5.0-SNAPSHOT.jar:/home/user/.m2/repository/commons-lang/commons-lang/2.6/commons-lang-2.6.jar:/home/user/.m2/repository/org/apache/hadoop/hadoop-ozone-ozone-manager/0.5.0-SNAPSHOT/hadoop-ozone-ozone-manager-0.5.0-SNAPSHOT-tests.jar:/home/user/.m2/repository/junit/junit/4.11/junit-4.11.jar:/home/user/.m2/repository/org/hamcrest/hamcrest-core/1.3/hamcrest-core-1.3.jar:/home/user/.m2/repository/org/openjdk/jmh/jmh-core/1.19/jmh-core-1.19.jar:/home/user/.m2/repository/net/sf/jopt-simple/jopt-simple/4.6/jopt-simple-4.6.jar:/home/user/.m2/repository/org/apache/commons/commons-math3/3.1.1/commons-math3-3.1.1.jar:/home/user/.m2/repository/org/openjdk/jmh/jmh-generator-annprocess/1.19/jmh-generator-annprocess-1.19.jar:/home/user/.m2/repository/org/mockito/mockito-all/1.8.5/mockito-all-1.8.5.jar:/home/user/.m2/repository/org/apache/hadoop/hadoop-kms/3.2.0/hadoop-kms-3.2.0.jar:/home/user/.m2/repository/org/apache/hadoop/hadoop-auth/3.2.0/hadoop-auth-3.2.0.jar:/home/user/.m2/repository/com/nimbusds/nimbus-jose-jwt/4.41.1/nimbus-jose-jwt-4.41.1.jar:/home/user/.m2/repository/com/github/stephenc/jcip/jcip-annotations/1.0-1/jcip-annotations-1.0-1.jar:/home/user/.m2/repository/net/minidev/json-smart/2.3/json-smart-2.3.jar:/home/user/.m2/repository/net/minidev/accessors-smart/1.2/accessors-smart-1.2.jar:/home/user/.m2/repository/org/ow2/asm/asm/5.0.4/asm-5.0.4.jar:/home/user/.m2/repository/org/apache/curator/curator-framework/2.12.0/curator-framework-2.12.0.jar:/home/user/.m2/repository/com/sun/jersey/jersey-core/1.19/jersey-core-1.19.jar:/home/user/.m2/repository/javax/ws/rs/jsr311-api/1.1.1/jsr311-api-1.1.1.jar:/home/user/.m2/repository/com/sun/jersey/jersey-server/1.19/jersey-server-1.19.jar:/home/user/.m2/repository/javax/servlet/javax.servlet-api/3.1.0/javax.servlet-api-3.1.0.jar:/home/user/.m2/repository/org/eclipse/jetty/jetty-server/9.3.25.v20180904/jetty-server-9.3.25.v20180904.jar:/home/user/.m2/repository/org/eclipse/jetty/jetty-http/9.3.25.v20180904/jetty-http-9.3.25.v20180904.jar:/home/user/.m2/repository/org/eclipse/jetty/jetty-io/9.3.25.v20180904/jetty-io-9.3.25.v20180904.jar:/home/user/.m2/repository/org/eclipse/jetty/jetty-webapp/9.3.25.v20180904/jetty-webapp-9.3.25.v20180904.jar:/home/user/.m2/repository/org/eclipse/jetty/jetty-xml/9.3.25.v20180904/jetty-xml-9.3.25.v20180904.jar:/home/user/.m2/repository/log4j/log4j/1.2.17/log4j-1.2.17.jar:/home/user/.m2/repository/org/slf4j/slf4j-api/1.7.25/slf4j-api-1.7.25.jar:/home/user/.m2/repository/org/slf4j/jul-to-slf4j/1.7.25/jul-to-slf4j-1.7.25.jar:/home/user/.m2/repository/org/eclipse/jetty/jetty-util/9.3.25.v20180904/jetty-util-9.3.25.v20180904.jar:/home/user/.m2/repository/com/fasterxml/jackson/core/jackson-databind/2.9.9/jackson-databind-2.9.9.jar:/home/user/.m2/repository/org/apache/hadoop/hadoop-kms/3.2.0/hadoop-kms-3.2.0-tests.jar:/home/user/.m2/repository/org/apache/hadoop/hadoop-hdds-server-scm/0.5.0-SNAPSHOT/hadoop-hdds-server-scm-0.5.0-SNAPSHOT-tests.jar:/home/user/.m2/repository/org/apache/hadoop/hadoop-hdds-container-service/0.5.0-SNAPSHOT/hadoop-hdds-container-service-0.5.0-SNAPSHOT-tests.jar:/home/user/.m2/repository/org/yaml/snakeyaml/1.16/snakeyaml-1.16.jar:/home/user/.m2/repository/org/apache/hadoop/hadoop-common/3.2.0/hadoop-common-3.2.0-tests.jar:/home/user/.m2/repository/org/apache/hadoop/hadoop-annotations/3.2.0/hadoop-annotations-3.2.0.jar:/usr/lib/jvm/java-1.8-openjdk/jre/../lib/tools.jar:/home/user/.m2/repository/commons-cli/commons-cli/1.2/commons-cli-1.2.jar:/home/user/.m2/repository/org/apache/httpcomponents/httpclient/4.5.2/httpclient-4.5.2.jar:/home/user/.m2/repository/org/apache/httpcomponents/httpcore/4.4.4/httpcore-4.4.4.jar:/home/user/.m2/repository/commons-codec/commons-codec/1.11/commons-codec-1.11.jar:/home/user/.m2/repository/commons-net/commons-net/3.6/commons-net-3.6.jar:/home/user/.m2/repository/commons-collections/commons-collections/3.2.2/commons-collections-3.2.2.jar:/home/user/.m2/repository/org/eclipse/jetty/jetty-servlet/9.3.25.v20180904/jetty-servlet-9.3.25.v20180904.jar:/home/user/.m2/repository/org/eclipse/jetty/jetty-security/9.3.25.v20180904/jetty-security-9.3.25.v20180904.jar:/home/user/.m2/repository/javax/servlet/jsp/jsp-api/2.1/jsp-api-2.1.jar:/home/user/.m2/repository/com/sun/jersey/jersey-servlet/1.19/jersey-servlet-1.19.jar:/home/user/.m2/repository/com/sun/jersey/jersey-json/1.19/jersey-json-1.19.jar:/home/user/.m2/repository/org/codehaus/jettison/jettison/1.1/jettison-1.1.jar:/home/user/.m2/repository/org/codehaus/jackson/jackson-core-asl/1.9.13/jackson-core-asl-1.9.13.jar:/home/user/.m2/repository/org/codehaus/jackson/jackson-mapper-asl/1.9.13/jackson-mapper-asl-1.9.13.jar:/home/user/.m2/repository/org/codehaus/jackson/jackson-jaxrs/1.9.13/jackson-jaxrs-1.9.13.jar:/home/user/.m2/repository/org/codehaus/jackson/jackson-xc/1.9.13/jackson-xc-1.9.13.jar:/home/user/.m2/repository/commons-logging/commons-logging/1.1.3/commons-logging-1.1.3.jar:/home/user/.m2/repository/commons-beanutils/commons-beanutils/1.9.4/commons-beanutils-1.9.4.jar:/home/user/.m2/repository/org/apache/commons/commons-configuration2/2.1.1/commons-configuration2-2.1.1.jar:/home/user/.m2/repository/org/apache/commons/commons-lang3/3.7/commons-lang3-3.7.jar:/home/user/.m2/repository/org/apache/commons/commons-text/1.4/commons-text-1.4.jar:/home/user/.m2/repository/org/apache/avro/avro/1.7.7/avro-1.7.7.jar:/home/user/.m2/repository/com/thoughtworks/paranamer/paranamer/2.3/paranamer-2.3.jar:/home/user/.m2/repository/org/xerial/snappy/snappy-java/1.0.5/snappy-java-1.0.5.jar:/home/user/.m2/repository/com/google/re2j/re2j/1.1/re2j-1.1.jar:/home/user/.m2/repository/com/google/code/gson/gson/2.2.4/gson-2.2.4.jar:/home/user/.m2/repository/com/jcraft/jsch/0.1.54/jsch-0.1.54.jar:/home/user/.m2/repository/org/apache/curator/curator-client/2.12.0/curator-client-2.12.0.jar:/home/user/.m2/repository/org/apache/curator/curator-recipes/2.12.0/curator-recipes-2.12.0.jar:/home/user/.m2/repository/com/google/code/findbugs/jsr305/3.0.0/jsr305-3.0.0.jar:/home/user/.m2/repository/org/apache/htrace/htrace-core4/4.1.0-incubating/htrace-core4-4.1.0-incubating.jar:/home/user/.m2/repository/org/apache/zookeeper/zookeeper/3.4.13/zookeeper-3.4.13.jar:/home/user/.m2/repository/jline/jline/0.9.94/jline-0.9.94.jar:/home/user/.m2/repository/org/apache/yetus/audience-annotations/0.5.0/audience-annotations-0.5.0.jar:/home/user/.m2/repository/org/codehaus/woodstox/stax2-api/3.1.4/stax2-api-3.1.4.jar:/home/user/.m2/repository/com/fasterxml/woodstox/woodstox-core/5.0.3/woodstox-core-5.0.3.jar:/home/user/.m2/repository/dnsjava/dnsjava/2.1.7/dnsjava-2.1.7.jar:/home/user/.m2/repository/org/apache/hadoop/hadoop-hdfs/3.2.0/hadoop-hdfs-3.2.0-tests.jar:/home/user/.m2/repository/org/eclipse/jetty/jetty-util-ajax/9.3.25.v20180904/jetty-util-ajax-9.3.25.v20180904.jar:/home/user/.m2/repository/commons-daemon/commons-daemon/1.0.13/commons-daemon-1.0.13.jar:/home/user/.m2/repository/io/netty/netty/3.10.5.Final/netty-3.10.5.Final.jar:/home/user/.m2/repository/io/netty/netty-all/4.0.52.Final/netty-all-4.0.52.Final.jar:/home/user/.m2/repository/org/fusesource/leveldbjni/leveldbjni-all/1.8/leveldbjni-all-1.8.jar:"/>
    <property name="sun.cpu.endian" value="little"/>
    <property name="user.home" value="/home/user"/>
    <property name="user.language" value="en"/>
    <property name="java.specification.vendor" value="Oracle Corporation"/>
    <property name="java.home" value="/usr/lib/jvm/java-1.8-openjdk/jre"/>
    <property name="surefire.excludesFile" value="/tools/ozone-bad-unit-tests"/>
    <property name="java.security.krb5.conf" value="/workdir/hadoop-ozone/integration-test/target/test-classes/krb5.conf"/>
    <property name="basedir" value="/workdir/hadoop-ozone/integration-test"/>
    <property name="file.separator" value="/"/>
    <property name="line.separator" value="&#10;"/>
    <property name="java.vm.specification.vendor" value="Oracle Corporation"/>
    <property name="java.specification.name" value="Java Platform API Specification"/>
    <property name="java.awt.graphicsenv" value="sun.awt.X11GraphicsEnvironment"/>
    <property name="surefire.real.class.path" value="/workdir/hadoop-ozone/integration-test/target/surefire/surefirebooter3366042011082023197.jar"/>
    <property name="hadoop.log.dir" value="/workdir/hadoop-ozone/integration-test/target/log"/>
    <property name="sun.boot.class.path" value="/usr/lib/jvm/java-1.8-openjdk/jre/lib/resources.jar:/usr/lib/jvm/java-1.8-openjdk/jre/lib/rt.jar:/usr/lib/jvm/java-1.8-openjdk/jre/lib/sunrsasign.jar:/usr/lib/jvm/java-1.8-openjdk/jre/lib/jsse.jar:/usr/lib/jvm/java-1.8-openjdk/jre/lib/jce.jar:/usr/lib/jvm/java-1.8-openjdk/jre/lib/charsets.jar:/usr/lib/jvm/java-1.8-openjdk/jre/lib/jfr.jar:/usr/lib/jvm/java-1.8-openjdk/jre/classes"/>
    <property name="sun.management.compiler" value="HotSpot 64-Bit Tiered Compilers"/>
    <property name="java.runtime.version" value="1.8.0_212-b04"/>
    <property name="java.net.preferIPv4Stack" value="true"/>
    <property name="user.name" value="jenkins1000"/>
    <property name="path.separator" value=":"/>
    <property name="java.security.egd" value="file:///dev/urandom"/>
    <property name="os.version" value="3.10.0-957.12.2.el7.x86_64"/>
    <property name="java.endorsed.dirs" value="/usr/lib/jvm/java-1.8-openjdk/jre/lib/endorsed"/>
    <property name="java.runtime.name" value="OpenJDK Runtime Environment"/>
    <property name="file.encoding" value="UTF-8"/>
    <property name="java.vm.name" value="OpenJDK 64-Bit Server VM"/>
    <property name="test.build.webapps" value=""/>
    <property name="localRepository" value="/home/user/.m2/repository"/>
    <property name="java.vendor.url.bug" value="https://icedtea.classpath.org/bugzilla"/>
    <property name="java.io.tmpdir" value="/tmp"/>
    <property name="require.test.libhadoop" value=""/>
    <property name="java.version" value="1.8.0_212"/>
    <property name="user.dir" value="/workdir/hadoop-ozone/integration-test"/>
    <property name="os.arch" value="amd64"/>
    <property name="java.vm.specification.name" value="Java Virtual Machine Specification"/>
    <property name="test.build.classes" value="/workdir/hadoop-ozone/integration-test/target/test-classes"/>
    <property name="java.awt.printerjob" value="sun.print.PSPrinterJob"/>
    <property name="sun.os.patch.level" value="unknown"/>
    <property name="hadoop.tmp.dir" value="/workdir/hadoop-ozone/integration-test/target/tmp"/>
    <property name="java.library.path" value="/usr/lib/jvm/java-1.8-openjdk/jre/lib/amd64/server:/usr/lib/jvm/java-1.8-openjdk/jre/lib/amd64:/usr/lib/jvm/java-1.8-openjdk/jre/../lib/amd64:/workdir/hadoop-ozone/integration-test/target/native/target/usr/local/lib:/workdir/hadoop-ozone/integration-test/../../hadoop-common-project/hadoop-common/target/native/target/usr/local/lib:/usr/java/packages/lib/amd64:/usr/lib64:/lib64:/lib:/usr/lib"/>
    <property name="java.vm.info" value="mixed mode"/>
    <property name="java.vendor" value="IcedTea"/>
    <property name="java.vm.version" value="25.212-b04"/>
    <property name="java.ext.dirs" value="/usr/lib/jvm/java-1.8-openjdk/jre/lib/ext:/usr/java/packages/lib/ext"/>
    <property name="sun.io.unicode.encoding" value="UnicodeLittle"/>
    <property name="java.class.version" value="52.0"/>
  </properties>
  <testcase name="testWatchForCommitWithKeyWrite" classname="org.apache.hadoop.ozone.client.rpc.TestWatchForCommit" time="82.765"/>
  <testcase name="testWatchForCommitWithSmallerTimeoutValue" classname="org.apache.hadoop.ozone.client.rpc.TestWatchForCommit" time="42.772"/>
  <testcase name="testWatchForCommitForRetryfailure" classname="org.apache.hadoop.ozone.client.rpc.TestWatchForCommit" time="72.465">
    <failure type="java.lang.AssertionError">java.lang.AssertionError
	at org.junit.Assert.fail(Assert.java:86)
	at org.junit.Assert.assertTrue(Assert.java:41)
	at org.junit.Assert.assertTrue(Assert.java:52)
	at org.apache.hadoop.ozone.client.rpc.TestWatchForCommit.testWatchForCommitForRetryfailure(TestWatchForCommit.java:348)
	at sun.reflect.NativeMethodAccessorImpl.invoke0(Native Method)
	at sun.reflect.NativeMethodAccessorImpl.invoke(NativeMethodAccessorImpl.java:62)
	at sun.reflect.DelegatingMethodAccessorImpl.invoke(DelegatingMethodAccessorImpl.java:43)
	at java.lang.reflect.Method.invoke(Method.java:498)
	at org.junit.runners.model.FrameworkMethod$1.runReflectiveCall(FrameworkMethod.java:47)
	at org.junit.internal.runners.model.ReflectiveCallable.run(ReflectiveCallable.java:12)
	at org.junit.runners.model.FrameworkMethod.invokeExplosively(FrameworkMethod.java:44)
	at org.junit.internal.runners.statements.InvokeMethod.evaluate(InvokeMethod.java:17)
	at org.junit.runners.ParentRunner.runLeaf(ParentRunner.java:271)
	at org.junit.runners.BlockJUnit4ClassRunner.runChild(BlockJUnit4ClassRunner.java:70)
	at org.junit.runners.BlockJUnit4ClassRunner.runChild(BlockJUnit4ClassRunner.java:50)
	at org.junit.runners.ParentRunner$3.run(ParentRunner.java:238)
	at org.junit.runners.ParentRunner$1.schedule(ParentRunner.java:63)
	at org.junit.runners.ParentRunner.runChildren(ParentRunner.java:236)
	at org.junit.runners.ParentRunner.access$000(ParentRunner.java:53)
	at org.junit.runners.ParentRunner$2.evaluate(ParentRunner.java:229)
	at org.junit.runners.ParentRunner.run(ParentRunner.java:309)
	at org.apache.maven.surefire.junit4.JUnit4Provider.execute(JUnit4Provider.java:365)
	at org.apache.maven.surefire.junit4.JUnit4Provider.executeWithRerun(JUnit4Provider.java:273)
	at org.apache.maven.surefire.junit4.JUnit4Provider.executeTestSet(JUnit4Provider.java:238)
	at org.apache.maven.surefire.junit4.JUnit4Provider.invoke(JUnit4Provider.java:159)
	at org.apache.maven.surefire.booter.ForkedBooter.invokeProviderInSameClassLoader(ForkedBooter.java:384)
	at org.apache.maven.surefire.booter.ForkedBooter.runSuitesInProcess(ForkedBooter.java:345)
	at org.apache.maven.surefire.booter.ForkedBooter.execute(ForkedBooter.java:126)
	at org.apache.maven.surefire.booter.ForkedBooter.main(ForkedBooter.java:418)
</failure>
    <system-out><![CDATA[2019-10-14 10:22:36,038 [main] WARN  server.ServerUtils (ServerUtils.java:getScmDbDir(145)) - ozone.scm.db.dirs is not configured. We recommend adding this setting. Falling back to ozone.metadata.dirs instead.
2019-10-14 10:22:36,053 [main] WARN  server.ServerUtils (ServerUtils.java:getScmDbDir(145)) - ozone.scm.db.dirs is not configured. We recommend adding this setting. Falling back to ozone.metadata.dirs instead.
2019-10-14 10:22:36,053 [main] WARN  server.ServerUtils (ServerUtils.java:getScmDbDir(145)) - ozone.scm.db.dirs is not configured. We recommend adding this setting. Falling back to ozone.metadata.dirs instead.
2019-10-14 10:22:36,053 [main] INFO  db.DBStoreBuilder (DBStoreBuilder.java:addTable(117)) - using custom profile for table: deletedBlocks
2019-10-14 10:22:36,053 [main] INFO  db.DBStoreBuilder (DBStoreBuilder.java:processTables(168)) - Using default column profile:DBProfile.DISK for Table:deletedBlocks
2019-10-14 10:22:36,054 [main] INFO  db.DBStoreBuilder (DBStoreBuilder.java:addTable(117)) - using custom profile for table: validCerts
2019-10-14 10:22:36,054 [main] INFO  db.DBStoreBuilder (DBStoreBuilder.java:processTables(168)) - Using default column profile:DBProfile.DISK for Table:validCerts
2019-10-14 10:22:36,054 [main] INFO  db.DBStoreBuilder (DBStoreBuilder.java:addTable(117)) - using custom profile for table: revokedCerts
2019-10-14 10:22:36,054 [main] INFO  db.DBStoreBuilder (DBStoreBuilder.java:processTables(168)) - Using default column profile:DBProfile.DISK for Table:revokedCerts
2019-10-14 10:22:36,054 [main] INFO  db.DBStoreBuilder (DBStoreBuilder.java:addTable(117)) - using custom profile for table: default
2019-10-14 10:22:36,054 [main] INFO  db.DBStoreBuilder (DBStoreBuilder.java:processTables(174)) - Using default column profile:DBProfile.DISK for Table:default
2019-10-14 10:22:36,055 [main] INFO  db.DBStoreBuilder (DBStoreBuilder.java:getDbProfile(205)) - Using default options. DBProfile.DISK
2019-10-14 10:22:36,240 [main] INFO  net.NodeSchemaLoader (NodeSchemaLoader.java:loadSchemaFromFile(125)) - Loading file from sun.misc.CompoundEnumeration@32faa16c
2019-10-14 10:22:36,240 [main] INFO  net.NodeSchemaLoader (NodeSchemaLoader.java:loadSchema(171)) - Loading network topology layer schema file
2019-10-14 10:22:36,244 [main] WARN  server.ServerUtils (ServerUtils.java:sanitizeUserArgs(70)) - ozone.scm.stale.node.interval value = 300000 is larger than max = 100000 based on the key value of ozone.scm.heartbeat.thread.interval, reset to the max value 100000.
2019-10-14 10:22:36,244 [main] WARN  server.ServerUtils (ServerUtils.java:sanitizeUserArgs(70)) - ozone.scm.stale.node.interval value = 300000 is larger than max = 100000 based on the key value of ozone.scm.heartbeat.thread.interval, reset to the max value 100000.
2019-10-14 10:22:36,245 [main] INFO  node.SCMNodeManager (SCMNodeManager.java:<init>(116)) - Entering startup safe mode.
2019-10-14 10:22:36,245 [main] INFO  algorithms.ContainerPlacementPolicyFactory (ContainerPlacementPolicyFactory.java:getPolicy(57)) - Create container placement policy of type org.apache.hadoop.hdds.scm.container.placement.algorithms.SCMContainerPlacementRandom
2019-10-14 10:22:36,246 [main] WARN  server.ServerUtils (ServerUtils.java:getScmDbDir(145)) - ozone.scm.db.dirs is not configured. We recommend adding this setting. Falling back to ozone.metadata.dirs instead.
2019-10-14 10:22:36,313 [main] INFO  pipeline.SCMPipelineManager (SCMPipelineManager.java:initializePipelineState(132)) - No pipeline exists in current db
2019-10-14 10:22:36,313 [main] WARN  server.ServerUtils (ServerUtils.java:getScmDbDir(145)) - ozone.scm.db.dirs is not configured. We recommend adding this setting. Falling back to ozone.metadata.dirs instead.
2019-10-14 10:22:36,384 [main] WARN  events.EventQueue (EventQueue.java:fireEvent(183)) - No event handler registered for event TypedEvent{payloadType=SafeModeStatus, name='SafeModeStatus'}
2019-10-14 10:22:36,385 [main] INFO  ipc.CallQueueManager (CallQueueManager.java:<init>(84)) - Using callQueue: class java.util.concurrent.LinkedBlockingQueue, queueCapacity: 2000, scheduler: class org.apache.hadoop.ipc.DefaultRpcScheduler, ipcBackoff: false.
2019-10-14 10:22:36,386 [Socket Reader #1 for port 33373] INFO  ipc.Server (Server.java:run(1074)) - Starting Socket Reader #1 for port 33373
2019-10-14 10:22:36,388 [main] INFO  ipc.CallQueueManager (CallQueueManager.java:<init>(84)) - Using callQueue: class java.util.concurrent.LinkedBlockingQueue, queueCapacity: 2000, scheduler: class org.apache.hadoop.ipc.DefaultRpcScheduler, ipcBackoff: false.
2019-10-14 10:22:36,389 [Socket Reader #1 for port 46789] INFO  ipc.Server (Server.java:run(1074)) - Starting Socket Reader #1 for port 46789
2019-10-14 10:22:36,390 [main] INFO  ipc.CallQueueManager (CallQueueManager.java:<init>(84)) - Using callQueue: class java.util.concurrent.LinkedBlockingQueue, queueCapacity: 2000, scheduler: class org.apache.hadoop.ipc.DefaultRpcScheduler, ipcBackoff: false.
2019-10-14 10:22:36,391 [Socket Reader #1 for port 34386] INFO  ipc.Server (Server.java:run(1074)) - Starting Socket Reader #1 for port 34386
2019-10-14 10:22:36,392 [main] INFO  hdfs.DFSUtil (DFSUtil.java:httpServerTemplateForNNAndJN(1641)) - Starting Web-server for scm at: http://0.0.0.0:0
2019-10-14 10:22:36,394 [main] INFO  server.AuthenticationFilter (AuthenticationFilter.java:constructSecretProvider(240)) - Unable to initialize FileSignerSecretProvider, falling back to use random secrets.
2019-10-14 10:22:36,395 [main] WARN  http.HttpRequestLog (HttpRequestLog.java:getRequestLog(97)) - Jetty request log can only be enabled using Log4j
2019-10-14 10:22:36,397 [main] INFO  http.HttpServer2 (HttpServer2.java:addGlobalFilter(975)) - Added global filter 'safety' (class=org.apache.hadoop.http.HttpServer2$QuotingInputFilter)
2019-10-14 10:22:36,397 [main] INFO  http.HttpServer2 (HttpServer2.java:addFilter(948)) - Added filter static_user_filter (class=org.apache.hadoop.http.lib.StaticUserWebFilter$StaticUserFilter) to context scm
2019-10-14 10:22:36,397 [main] INFO  http.HttpServer2 (HttpServer2.java:addFilter(958)) - Added filter static_user_filter (class=org.apache.hadoop.http.lib.StaticUserWebFilter$StaticUserFilter) to context static
2019-10-14 10:22:36,398 [main] INFO  http.HttpServer2 (HttpServer2.java:addFilter(958)) - Added filter static_user_filter (class=org.apache.hadoop.http.lib.StaticUserWebFilter$StaticUserFilter) to context logs
2019-10-14 10:22:36,400 [main] INFO  server.StorageContainerManager (StorageContainerManager.java:start(772)) - StorageContainerLocationProtocol RPC server is listening at /0.0.0.0:34386
2019-10-14 10:22:36,402 [main] WARN  impl.MetricsConfig (MetricsConfig.java:loadFirst(134)) - Cannot locate configuration: tried hadoop-metrics2-storagecontainermanager.properties,hadoop-metrics2.properties
2019-10-14 10:22:36,403 [main] INFO  impl.MetricsSystemImpl (MetricsSystemImpl.java:startTimer(374)) - Scheduled Metric snapshot period at 10 second(s).
2019-10-14 10:22:36,403 [main] INFO  impl.MetricsSystemImpl (MetricsSystemImpl.java:start(191)) - StorageContainerManager metrics system started
2019-10-14 10:22:36,406 [main] INFO  lib.Interns (Interns.java:removeEldestEntry(50)) - Metrics intern cache overflow at 2011 for MetricsSystem={MetricsSystem=MetricsInfoImpl{name=MetricsSystem, description=MetricsSystem}, MetricsSystem record=MetricsInfoImpl{name=MetricsSystem, description=MetricsSystem record}}
2019-10-14 10:22:36,441 [main] WARN  impl.MetricsSystemImpl (MetricsSystemImpl.java:register(276)) - Sink prometheus already exists!
2019-10-14 10:22:36,475 [main] INFO  server.SCMClientProtocolServer (SCMClientProtocolServer.java:start(159)) - RPC server for Client  is listening at /0.0.0.0:34386
2019-10-14 10:22:36,476 [IPC Server Responder] INFO  ipc.Server (Server.java:run(1314)) - IPC Server Responder: starting
2019-10-14 10:22:36,477 [IPC Server listener on 34386] INFO  ipc.Server (Server.java:run(1153)) - IPC Server listener on 34386: starting
2019-10-14 10:22:36,479 [main] INFO  server.StorageContainerManager (StorageContainerManager.java:start(782)) - ScmBlockLocationProtocol RPC server is listening at /0.0.0.0:46789
2019-10-14 10:22:36,479 [main] INFO  server.SCMBlockProtocolServer (SCMBlockProtocolServer.java:start(146)) - RPC server for Block Protocol is listening at /0.0.0.0:46789
2019-10-14 10:22:36,479 [IPC Server Responder] INFO  ipc.Server (Server.java:run(1314)) - IPC Server Responder: starting
2019-10-14 10:22:36,479 [IPC Server listener on 46789] INFO  ipc.Server (Server.java:run(1153)) - IPC Server listener on 46789: starting
2019-10-14 10:22:36,482 [main] INFO  server.StorageContainerManager (StorageContainerManager.java:start(786)) - ScmDatanodeProtocl RPC server is listening at /0.0.0.0:33373
2019-10-14 10:22:36,482 [main] INFO  server.SCMDatanodeProtocolServer (SCMDatanodeProtocolServer.java:start(169)) - RPC server for DataNodes is listening at /0.0.0.0:33373
2019-10-14 10:22:36,483 [IPC Server Responder] INFO  ipc.Server (Server.java:run(1314)) - IPC Server Responder: starting
2019-10-14 10:22:36,483 [IPC Server listener on 33373] INFO  ipc.Server (Server.java:run(1153)) - IPC Server listener on 33373: starting
2019-10-14 10:22:36,486 [main] INFO  http.HttpServer2 (HttpServer2.java:bindListener(1191)) - Jetty bound to port 45427
2019-10-14 10:22:36,486 [main] INFO  server.Server (Server.java:doStart(351)) - jetty-9.3.25.v20180904, build timestamp: 2018-09-04T21:11:46Z, git hash: 3ce520221d0240229c862b122d2b06c12a625732
2019-10-14 10:22:36,488 [main] INFO  handler.ContextHandler (ContextHandler.java:doStart(781)) - Started o.e.j.s.ServletContextHandler@34208baa{/logs,file:///workdir/hadoop-ozone/integration-test/target/log,AVAILABLE}
2019-10-14 10:22:36,488 [main] INFO  handler.ContextHandler (ContextHandler.java:doStart(781)) - Started o.e.j.s.ServletContextHandler@6707a4bf{/static,file:///workdir/hadoop-ozone/integration-test/target/test-classes/webapps/static,AVAILABLE}
2019-10-14 10:22:36,491 [main] INFO  handler.ContextHandler (ContextHandler.java:doStart(781)) - Started o.e.j.w.WebAppContext@d88f893{/,file:///workdir/hadoop-ozone/integration-test/target/test-classes/webapps/scm/,AVAILABLE}{/scm}
2019-10-14 10:22:36,492 [main] INFO  server.AbstractConnector (AbstractConnector.java:doStart(278)) - Started ServerConnector@259b85d6{HTTP/1.1,[http/1.1]}{0.0.0.0:45427}
2019-10-14 10:22:36,492 [main] INFO  server.Server (Server.java:doStart(419)) - Started @126381ms
2019-10-14 10:22:36,493 [main] WARN  impl.MetricsSystemImpl (MetricsSystemImpl.java:register(276)) - Sink prometheus already exists!
2019-10-14 10:22:36,493 [main] INFO  server.BaseHttpServer (BaseHttpServer.java:updateConnectorAddress(215)) - HTTP server of SCM is listening at http://0.0.0.0:45427
2019-10-14 10:22:36,494 [main] WARN  server.ServerUtils (ServerUtils.java:getDBPath(222)) - ozone.om.db.dirs is not configured. We recommend adding this setting. Falling back to ozone.metadata.dirs instead.
2019-10-14 10:22:36,494 [org.apache.hadoop.util.JvmPauseMonitor$Monitor@488f3dd1] INFO  util.JvmPauseMonitor (JvmPauseMonitor.java:run(188)) - Starting JVM pause monitor
2019-10-14 10:22:36,507 [main] INFO  ha.OMHANodeDetails (OMHANodeDetails.java:loadOMHAConfig(190)) - Configuration either no ozone.om.address set. Falling back to the default OM address /127.0.0.1:0
2019-10-14 10:22:36,507 [main] INFO  ha.OMHANodeDetails (OMHANodeDetails.java:getOMNodeDetails(220)) - OM Service ID is not set. Setting it to the default ID: omServiceIdDefault
2019-10-14 10:22:36,508 [main] WARN  server.ServerUtils (ServerUtils.java:getDBPath(222)) - ozone.om.db.dirs is not configured. We recommend adding this setting. Falling back to ozone.metadata.dirs instead.
2019-10-14 10:22:36,508 [main] WARN  server.ServerUtils (ServerUtils.java:getDBPath(222)) - ozone.om.db.dirs is not configured. We recommend adding this setting. Falling back to ozone.metadata.dirs instead.
2019-10-14 10:22:36,514 [main] WARN  server.ServerUtils (ServerUtils.java:getDBPath(222)) - ozone.om.db.dirs is not configured. We recommend adding this setting. Falling back to ozone.metadata.dirs instead.
2019-10-14 10:22:36,515 [main] INFO  db.DBStoreBuilder (DBStoreBuilder.java:addTable(117)) - using custom profile for table: userTable
2019-10-14 10:22:36,515 [main] INFO  db.DBStoreBuilder (DBStoreBuilder.java:processTables(168)) - Using default column profile:DBProfile.DISK for Table:userTable
2019-10-14 10:22:36,515 [main] INFO  db.DBStoreBuilder (DBStoreBuilder.java:addTable(117)) - using custom profile for table: volumeTable
2019-10-14 10:22:36,516 [main] INFO  db.DBStoreBuilder (DBStoreBuilder.java:processTables(168)) - Using default column profile:DBProfile.DISK for Table:volumeTable
2019-10-14 10:22:36,516 [main] INFO  db.DBStoreBuilder (DBStoreBuilder.java:addTable(117)) - using custom profile for table: bucketTable
2019-10-14 10:22:36,516 [main] INFO  db.DBStoreBuilder (DBStoreBuilder.java:processTables(168)) - Using default column profile:DBProfile.DISK for Table:bucketTable
2019-10-14 10:22:36,516 [main] INFO  db.DBStoreBuilder (DBStoreBuilder.java:addTable(117)) - using custom profile for table: keyTable
2019-10-14 10:22:36,516 [main] INFO  db.DBStoreBuilder (DBStoreBuilder.java:processTables(168)) - Using default column profile:DBProfile.DISK for Table:keyTable
2019-10-14 10:22:36,517 [main] INFO  db.DBStoreBuilder (DBStoreBuilder.java:addTable(117)) - using custom profile for table: deletedTable
2019-10-14 10:22:36,517 [main] INFO  db.DBStoreBuilder (DBStoreBuilder.java:processTables(168)) - Using default column profile:DBProfile.DISK for Table:deletedTable
2019-10-14 10:22:36,517 [main] INFO  db.DBStoreBuilder (DBStoreBuilder.java:addTable(117)) - using custom profile for table: openKeyTable
2019-10-14 10:22:36,517 [main] INFO  db.DBStoreBuilder (DBStoreBuilder.java:processTables(168)) - Using default column profile:DBProfile.DISK for Table:openKeyTable
2019-10-14 10:22:36,517 [main] INFO  db.DBStoreBuilder (DBStoreBuilder.java:addTable(117)) - using custom profile for table: s3Table
2019-10-14 10:22:36,518 [main] INFO  db.DBStoreBuilder (DBStoreBuilder.java:processTables(168)) - Using default column profile:DBProfile.DISK for Table:s3Table
2019-10-14 10:22:36,518 [main] INFO  db.DBStoreBuilder (DBStoreBuilder.java:addTable(117)) - using custom profile for table: multipartInfoTable
2019-10-14 10:22:36,518 [main] INFO  db.DBStoreBuilder (DBStoreBuilder.java:processTables(168)) - Using default column profile:DBProfile.DISK for Table:multipartInfoTable
2019-10-14 10:22:36,518 [main] INFO  db.DBStoreBuilder (DBStoreBuilder.java:addTable(117)) - using custom profile for table: dTokenTable
2019-10-14 10:22:36,518 [main] INFO  db.DBStoreBuilder (DBStoreBuilder.java:processTables(168)) - Using default column profile:DBProfile.DISK for Table:dTokenTable
2019-10-14 10:22:36,519 [main] INFO  db.DBStoreBuilder (DBStoreBuilder.java:addTable(117)) - using custom profile for table: s3SecretTable
2019-10-14 10:22:36,519 [main] INFO  db.DBStoreBuilder (DBStoreBuilder.java:processTables(168)) - Using default column profile:DBProfile.DISK for Table:s3SecretTable
2019-10-14 10:22:36,519 [main] INFO  db.DBStoreBuilder (DBStoreBuilder.java:addTable(117)) - using custom profile for table: prefixTable
2019-10-14 10:22:36,519 [main] INFO  db.DBStoreBuilder (DBStoreBuilder.java:processTables(168)) - Using default column profile:DBProfile.DISK for Table:prefixTable
2019-10-14 10:22:36,519 [main] INFO  db.DBStoreBuilder (DBStoreBuilder.java:addTable(117)) - using custom profile for table: default
2019-10-14 10:22:36,520 [main] INFO  db.DBStoreBuilder (DBStoreBuilder.java:processTables(174)) - Using default column profile:DBProfile.DISK for Table:default
2019-10-14 10:22:36,520 [main] INFO  db.DBStoreBuilder (DBStoreBuilder.java:getDbProfile(205)) - Using default options. DBProfile.DISK
2019-10-14 10:22:37,220 [main] INFO  ipc.CallQueueManager (CallQueueManager.java:<init>(84)) - Using callQueue: class java.util.concurrent.LinkedBlockingQueue, queueCapacity: 2000, scheduler: class org.apache.hadoop.ipc.DefaultRpcScheduler, ipcBackoff: false.
2019-10-14 10:22:37,221 [Socket Reader #1 for port 35994] INFO  ipc.Server (Server.java:run(1074)) - Starting Socket Reader #1 for port 35994
2019-10-14 10:22:37,237 [main] INFO  om.OzoneManager (OzoneManager.java:start(1071)) - OzoneManager RPC server is listening at localhost/127.0.0.1:35994
2019-10-14 10:22:37,237 [main] INFO  impl.MetricsSystemImpl (MetricsSystemImpl.java:init(158)) - OzoneManager metrics system started (again)
2019-10-14 10:22:37,238 [IPC Server Responder] INFO  ipc.Server (Server.java:run(1314)) - IPC Server Responder: starting
2019-10-14 10:22:37,240 [IPC Server listener on 35994] INFO  ipc.Server (Server.java:run(1153)) - IPC Server listener on 35994: starting
2019-10-14 10:22:37,244 [main] INFO  hdfs.DFSUtil (DFSUtil.java:httpServerTemplateForNNAndJN(1641)) - Starting Web-server for ozoneManager at: http://0.0.0.0:0
2019-10-14 10:22:37,245 [main] INFO  server.AuthenticationFilter (AuthenticationFilter.java:constructSecretProvider(240)) - Unable to initialize FileSignerSecretProvider, falling back to use random secrets.
2019-10-14 10:22:37,245 [main] WARN  http.HttpRequestLog (HttpRequestLog.java:getRequestLog(97)) - Jetty request log can only be enabled using Log4j
2019-10-14 10:22:37,247 [main] INFO  http.HttpServer2 (HttpServer2.java:addGlobalFilter(975)) - Added global filter 'safety' (class=org.apache.hadoop.http.HttpServer2$QuotingInputFilter)
2019-10-14 10:22:37,248 [main] INFO  http.HttpServer2 (HttpServer2.java:addFilter(948)) - Added filter static_user_filter (class=org.apache.hadoop.http.lib.StaticUserWebFilter$StaticUserFilter) to context ozoneManager
2019-10-14 10:22:37,248 [main] INFO  http.HttpServer2 (HttpServer2.java:addFilter(958)) - Added filter static_user_filter (class=org.apache.hadoop.http.lib.StaticUserWebFilter$StaticUserFilter) to context logs
2019-10-14 10:22:37,248 [main] INFO  http.HttpServer2 (HttpServer2.java:addFilter(958)) - Added filter static_user_filter (class=org.apache.hadoop.http.lib.StaticUserWebFilter$StaticUserFilter) to context static
2019-10-14 10:22:37,249 [main] INFO  http.HttpServer2 (HttpServer2.java:bindListener(1191)) - Jetty bound to port 34708
2019-10-14 10:22:37,249 [main] INFO  server.Server (Server.java:doStart(351)) - jetty-9.3.25.v20180904, build timestamp: 2018-09-04T21:11:46Z, git hash: 3ce520221d0240229c862b122d2b06c12a625732
2019-10-14 10:22:37,251 [main] INFO  handler.ContextHandler (ContextHandler.java:doStart(781)) - Started o.e.j.s.ServletContextHandler@6397248c{/logs,file:///workdir/hadoop-ozone/integration-test/target/log,AVAILABLE}
2019-10-14 10:22:37,251 [main] INFO  handler.ContextHandler (ContextHandler.java:doStart(781)) - Started o.e.j.s.ServletContextHandler@72bd2871{/static,file:///workdir/hadoop-ozone/integration-test/target/test-classes/webapps/static,AVAILABLE}
2019-10-14 10:22:37,256 [main] INFO  handler.ContextHandler (ContextHandler.java:doStart(781)) - Started o.e.j.w.WebAppContext@236eccd1{/,file:///workdir/hadoop-ozone/integration-test/target/test-classes/webapps/ozoneManager/,AVAILABLE}{/ozoneManager}
2019-10-14 10:22:37,256 [main] INFO  server.AbstractConnector (AbstractConnector.java:doStart(278)) - Started ServerConnector@5d512ddb{HTTP/1.1,[http/1.1]}{0.0.0.0:34708}
2019-10-14 10:22:37,257 [main] INFO  server.Server (Server.java:doStart(419)) - Started @127145ms
2019-10-14 10:22:37,257 [main] WARN  impl.MetricsSystemImpl (MetricsSystemImpl.java:register(276)) - Sink prometheus already exists!
2019-10-14 10:22:37,258 [main] INFO  server.BaseHttpServer (BaseHttpServer.java:updateConnectorAddress(215)) - HTTP server of OZONEMANAGER is listening at http://0.0.0.0:34708
2019-10-14 10:22:37,277 [main] INFO  impl.MetricsSystemImpl (MetricsSystemImpl.java:init(158)) - HddsDatanode metrics system started (again)
2019-10-14 10:22:37,280 [main] INFO  ozone.HddsDatanodeService (HddsDatanodeService.java:start(184)) - HddsDatanodeService host:pr-hdds-2295-pn7hw-3586430783 ip:192.168.151.98
2019-10-14 10:22:37,286 [main] INFO  volume.HddsVolume (HddsVolume.java:<init>(176)) - Creating Volume: /workdir/hadoop-ozone/integration-test/target/test-dir/MiniOzoneClusterImpl-dc2b9cc2-6b0d-409d-bb5b-6a950fa1c069/datanode-0/data/containers/hdds of  storage type : DISK and capacity : 1482555576320
2019-10-14 10:22:37,286 [main] INFO  volume.VolumeSet (VolumeSet.java:initializeVolumeSet(170)) - Added Volume : /workdir/hadoop-ozone/integration-test/target/test-dir/MiniOzoneClusterImpl-dc2b9cc2-6b0d-409d-bb5b-6a950fa1c069/datanode-0/data/containers/hdds to VolumeSet
2019-10-14 10:22:37,286 [main] INFO  volume.ThrottledAsyncChecker (ThrottledAsyncChecker.java:schedule(141)) - Scheduling a check for org.apache.hadoop.ozone.container.common.volume.HddsVolume@43ecfeb5
2019-10-14 10:22:37,287 [main] INFO  volume.HddsVolumeChecker (HddsVolumeChecker.java:checkAllVolumes(204)) - Scheduled health check for volume org.apache.hadoop.ozone.container.common.volume.HddsVolume@43ecfeb5
2019-10-14 10:22:37,305 [main] INFO  impl.RaftServerProxy (ConfUtils.java:logGet(43)) - raft.rpc.type = GRPC (default)
2019-10-14 10:22:37,305 [main] INFO  grpc.GrpcFactory (GrpcFactory.java:checkPooledByteBufAllocatorUseCacheForAllThreads(45)) - PERFORMANCE WARNING: useCacheForAllThreads is true that may cause Netty to create a lot garbage objects and, as a result, trigger GC.
	It is recommended to disable useCacheForAllThreads by setting -Dorg.apache.ratis.thirdparty.io.netty.allocator.useCacheForAllThreads=false in command line.
2019-10-14 10:22:37,305 [main] INFO  grpc.GrpcConfigKeys$Server (ConfUtils.java:logGet(43)) - raft.grpc.server.port = 0 (default)
2019-10-14 10:22:37,306 [main] INFO  server.GrpcService (ConfUtils.java:logGet(43)) - raft.grpc.message.size.max = 33570816 (custom)
2019-10-14 10:22:37,306 [main] INFO  server.RaftServerConfigKeys (ConfUtils.java:logGet(43)) - raft.server.log.appender.buffer.byte-limit = 33554432 (custom)
2019-10-14 10:22:37,306 [main] INFO  server.GrpcService (ConfUtils.java:logGet(43)) - raft.grpc.flow.control.window = 1MB (=1048576) (default)
2019-10-14 10:22:37,307 [main] INFO  server.RaftServerConfigKeys (ConfUtils.java:logGet(43)) - raft.server.rpc.request.timeout = 3000ms (default)
2019-10-14 10:22:37,307 [main] INFO  server.RaftServerConfigKeys (ConfUtils.java:logGet(43)) - raft.server.storage.dir = [/workdir/hadoop-ozone/integration-test/target/test-dir/MiniOzoneClusterImpl-dc2b9cc2-6b0d-409d-bb5b-6a950fa1c069/datanode-0/data/ratis] (custom)
2019-10-14 10:22:37,309 [main] INFO  hdfs.DFSUtil (DFSUtil.java:httpServerTemplateForNNAndJN(1641)) - Starting Web-server for hddsDatanode at: http://0.0.0.0:0
2019-10-14 10:22:37,314 [main] INFO  server.AuthenticationFilter (AuthenticationFilter.java:constructSecretProvider(240)) - Unable to initialize FileSignerSecretProvider, falling back to use random secrets.
2019-10-14 10:22:37,314 [main] WARN  http.HttpRequestLog (HttpRequestLog.java:getRequestLog(97)) - Jetty request log can only be enabled using Log4j
2019-10-14 10:22:37,316 [main] INFO  http.HttpServer2 (HttpServer2.java:addGlobalFilter(975)) - Added global filter 'safety' (class=org.apache.hadoop.http.HttpServer2$QuotingInputFilter)
2019-10-14 10:22:37,316 [main] INFO  http.HttpServer2 (HttpServer2.java:addFilter(948)) - Added filter static_user_filter (class=org.apache.hadoop.http.lib.StaticUserWebFilter$StaticUserFilter) to context hddsDatanode
2019-10-14 10:22:37,316 [main] INFO  http.HttpServer2 (HttpServer2.java:addFilter(958)) - Added filter static_user_filter (class=org.apache.hadoop.http.lib.StaticUserWebFilter$StaticUserFilter) to context logs
2019-10-14 10:22:37,317 [main] INFO  http.HttpServer2 (HttpServer2.java:addFilter(958)) - Added filter static_user_filter (class=org.apache.hadoop.http.lib.StaticUserWebFilter$StaticUserFilter) to context static
2019-10-14 10:22:37,317 [main] INFO  http.HttpServer2 (HttpServer2.java:bindListener(1191)) - Jetty bound to port 41604
2019-10-14 10:22:37,317 [main] INFO  server.Server (Server.java:doStart(351)) - jetty-9.3.25.v20180904, build timestamp: 2018-09-04T21:11:46Z, git hash: 3ce520221d0240229c862b122d2b06c12a625732
2019-10-14 10:22:37,319 [main] INFO  handler.ContextHandler (ContextHandler.java:doStart(781)) - Started o.e.j.s.ServletContextHandler@68ddd415{/logs,file:///workdir/hadoop-ozone/integration-test/target/log,AVAILABLE}
2019-10-14 10:22:37,320 [main] INFO  handler.ContextHandler (ContextHandler.java:doStart(781)) - Started o.e.j.s.ServletContextHandler@664632e9{/static,jar:file:/home/user/.m2/repository/org/apache/hadoop/hadoop-hdds-container-service/0.5.0-SNAPSHOT/hadoop-hdds-container-service-0.5.0-SNAPSHOT.jar!/webapps/static,AVAILABLE}
2019-10-14 10:22:37,353 [main] INFO  handler.ContextHandler (ContextHandler.java:doStart(781)) - Started o.e.j.w.WebAppContext@472d0f4{/,file:///tmp/jetty-0.0.0.0-41604-hddsDatanode-_-any-2767689151665775534.dir/webapp/,AVAILABLE}{/hddsDatanode}
2019-10-14 10:22:37,354 [main] INFO  server.AbstractConnector (AbstractConnector.java:doStart(278)) - Started ServerConnector@4bc59b27{HTTP/1.1,[http/1.1]}{0.0.0.0:41604}
2019-10-14 10:22:37,358 [main] INFO  server.Server (Server.java:doStart(419)) - Started @127246ms
2019-10-14 10:22:37,358 [main] WARN  impl.MetricsSystemImpl (MetricsSystemImpl.java:register(276)) - Sink prometheus already exists!
2019-10-14 10:22:37,359 [main] INFO  server.BaseHttpServer (BaseHttpServer.java:updateConnectorAddress(215)) - HTTP server of HDDSDATANODE is listening at http://0.0.0.0:41604
2019-10-14 10:22:37,359 [main] INFO  impl.MetricsSystemImpl (MetricsSystemImpl.java:init(158)) - HddsDatanode metrics system started (again)
2019-10-14 10:22:37,361 [org.apache.hadoop.util.JvmPauseMonitor$Monitor@133068b6] INFO  util.JvmPauseMonitor (JvmPauseMonitor.java:run(188)) - Starting JVM pause monitor
2019-10-14 10:22:37,362 [main] INFO  ozone.HddsDatanodeService (HddsDatanodeService.java:start(184)) - HddsDatanodeService host:pr-hdds-2295-pn7hw-3586430783 ip:192.168.151.98
2019-10-14 10:22:37,363 [Datanode State Machine Thread - 0] INFO  datanode.InitDatanodeState (InitDatanodeState.java:persistContainerDatanodeDetails(140)) - DatanodeDetails is persisted to /workdir/hadoop-ozone/integration-test/target/test-dir/MiniOzoneClusterImpl-dc2b9cc2-6b0d-409d-bb5b-6a950fa1c069/datanode-0/meta/datanode.id
2019-10-14 10:22:37,368 [main] INFO  volume.HddsVolume (HddsVolume.java:<init>(176)) - Creating Volume: /workdir/hadoop-ozone/integration-test/target/test-dir/MiniOzoneClusterImpl-dc2b9cc2-6b0d-409d-bb5b-6a950fa1c069/datanode-1/data/containers/hdds of  storage type : DISK and capacity : 1482555576320
2019-10-14 10:22:37,369 [main] INFO  volume.VolumeSet (VolumeSet.java:initializeVolumeSet(170)) - Added Volume : /workdir/hadoop-ozone/integration-test/target/test-dir/MiniOzoneClusterImpl-dc2b9cc2-6b0d-409d-bb5b-6a950fa1c069/datanode-1/data/containers/hdds to VolumeSet
2019-10-14 10:22:37,369 [main] INFO  volume.ThrottledAsyncChecker (ThrottledAsyncChecker.java:schedule(141)) - Scheduling a check for org.apache.hadoop.ozone.container.common.volume.HddsVolume@6393bf8b
2019-10-14 10:22:37,369 [main] INFO  volume.HddsVolumeChecker (HddsVolumeChecker.java:checkAllVolumes(204)) - Scheduled health check for volume org.apache.hadoop.ozone.container.common.volume.HddsVolume@6393bf8b
2019-10-14 10:22:37,386 [main] INFO  impl.RaftServerProxy (ConfUtils.java:logGet(43)) - raft.rpc.type = GRPC (default)
2019-10-14 10:22:37,386 [main] INFO  grpc.GrpcFactory (GrpcFactory.java:checkPooledByteBufAllocatorUseCacheForAllThreads(45)) - PERFORMANCE WARNING: useCacheForAllThreads is true that may cause Netty to create a lot garbage objects and, as a result, trigger GC.
	It is recommended to disable useCacheForAllThreads by setting -Dorg.apache.ratis.thirdparty.io.netty.allocator.useCacheForAllThreads=false in command line.
2019-10-14 10:22:37,386 [main] INFO  grpc.GrpcConfigKeys$Server (ConfUtils.java:logGet(43)) - raft.grpc.server.port = 0 (default)
2019-10-14 10:22:37,387 [main] INFO  server.GrpcService (ConfUtils.java:logGet(43)) - raft.grpc.message.size.max = 33570816 (custom)
2019-10-14 10:22:37,387 [main] INFO  server.RaftServerConfigKeys (ConfUtils.java:logGet(43)) - raft.server.log.appender.buffer.byte-limit = 33554432 (custom)
2019-10-14 10:22:37,387 [main] INFO  server.GrpcService (ConfUtils.java:logGet(43)) - raft.grpc.flow.control.window = 1MB (=1048576) (default)
2019-10-14 10:22:37,387 [main] INFO  server.RaftServerConfigKeys (ConfUtils.java:logGet(43)) - raft.server.rpc.request.timeout = 3000ms (default)
2019-10-14 10:22:37,388 [main] INFO  server.RaftServerConfigKeys (ConfUtils.java:logGet(43)) - raft.server.storage.dir = [/workdir/hadoop-ozone/integration-test/target/test-dir/MiniOzoneClusterImpl-dc2b9cc2-6b0d-409d-bb5b-6a950fa1c069/datanode-1/data/ratis] (custom)
2019-10-14 10:22:37,390 [main] INFO  hdfs.DFSUtil (DFSUtil.java:httpServerTemplateForNNAndJN(1641)) - Starting Web-server for hddsDatanode at: http://0.0.0.0:0
2019-10-14 10:22:37,392 [main] INFO  server.AuthenticationFilter (AuthenticationFilter.java:constructSecretProvider(240)) - Unable to initialize FileSignerSecretProvider, falling back to use random secrets.
2019-10-14 10:22:37,392 [main] WARN  http.HttpRequestLog (HttpRequestLog.java:getRequestLog(97)) - Jetty request log can only be enabled using Log4j
2019-10-14 10:22:37,394 [main] INFO  http.HttpServer2 (HttpServer2.java:addGlobalFilter(975)) - Added global filter 'safety' (class=org.apache.hadoop.http.HttpServer2$QuotingInputFilter)
2019-10-14 10:22:37,394 [main] INFO  http.HttpServer2 (HttpServer2.java:addFilter(948)) - Added filter static_user_filter (class=org.apache.hadoop.http.lib.StaticUserWebFilter$StaticUserFilter) to context hddsDatanode
2019-10-14 10:22:37,395 [main] INFO  http.HttpServer2 (HttpServer2.java:addFilter(958)) - Added filter static_user_filter (class=org.apache.hadoop.http.lib.StaticUserWebFilter$StaticUserFilter) to context static
2019-10-14 10:22:37,395 [main] INFO  http.HttpServer2 (HttpServer2.java:addFilter(958)) - Added filter static_user_filter (class=org.apache.hadoop.http.lib.StaticUserWebFilter$StaticUserFilter) to context logs
2019-10-14 10:22:37,396 [main] INFO  http.HttpServer2 (HttpServer2.java:bindListener(1191)) - Jetty bound to port 38566
2019-10-14 10:22:37,396 [main] INFO  server.Server (Server.java:doStart(351)) - jetty-9.3.25.v20180904, build timestamp: 2018-09-04T21:11:46Z, git hash: 3ce520221d0240229c862b122d2b06c12a625732
2019-10-14 10:22:37,398 [main] INFO  handler.ContextHandler (ContextHandler.java:doStart(781)) - Started o.e.j.s.ServletContextHandler@3c952a33{/logs,file:///workdir/hadoop-ozone/integration-test/target/log,AVAILABLE}
2019-10-14 10:22:37,399 [main] INFO  handler.ContextHandler (ContextHandler.java:doStart(781)) - Started o.e.j.s.ServletContextHandler@1150d471{/static,jar:file:/home/user/.m2/repository/org/apache/hadoop/hadoop-hdds-container-service/0.5.0-SNAPSHOT/hadoop-hdds-container-service-0.5.0-SNAPSHOT.jar!/webapps/static,AVAILABLE}
2019-10-14 10:22:37,436 [main] INFO  handler.ContextHandler (ContextHandler.java:doStart(781)) - Started o.e.j.w.WebAppContext@5cff6b74{/,file:///tmp/jetty-0.0.0.0-38566-hddsDatanode-_-any-52646185426373015.dir/webapp/,AVAILABLE}{/hddsDatanode}
2019-10-14 10:22:37,438 [main] INFO  server.AbstractConnector (AbstractConnector.java:doStart(278)) - Started ServerConnector@627ff1b8{HTTP/1.1,[http/1.1]}{0.0.0.0:38566}
2019-10-14 10:22:37,439 [main] INFO  server.Server (Server.java:doStart(419)) - Started @127327ms
2019-10-14 10:22:37,439 [main] WARN  impl.MetricsSystemImpl (MetricsSystemImpl.java:register(276)) - Sink prometheus already exists!
2019-10-14 10:22:37,440 [main] INFO  server.BaseHttpServer (BaseHttpServer.java:updateConnectorAddress(215)) - HTTP server of HDDSDATANODE is listening at http://0.0.0.0:38566
2019-10-14 10:22:37,440 [main] INFO  impl.MetricsSystemImpl (MetricsSystemImpl.java:init(158)) - HddsDatanode metrics system started (again)
2019-10-14 10:22:37,442 [org.apache.hadoop.util.JvmPauseMonitor$Monitor@91c094e] INFO  util.JvmPauseMonitor (JvmPauseMonitor.java:run(188)) - Starting JVM pause monitor
2019-10-14 10:22:37,443 [main] INFO  ozone.HddsDatanodeService (HddsDatanodeService.java:start(184)) - HddsDatanodeService host:pr-hdds-2295-pn7hw-3586430783 ip:192.168.151.98
2019-10-14 10:22:37,445 [Datanode State Machine Thread - 0] INFO  datanode.InitDatanodeState (InitDatanodeState.java:persistContainerDatanodeDetails(140)) - DatanodeDetails is persisted to /workdir/hadoop-ozone/integration-test/target/test-dir/MiniOzoneClusterImpl-dc2b9cc2-6b0d-409d-bb5b-6a950fa1c069/datanode-1/meta/datanode.id
2019-10-14 10:22:37,448 [main] INFO  volume.HddsVolume (HddsVolume.java:<init>(176)) - Creating Volume: /workdir/hadoop-ozone/integration-test/target/test-dir/MiniOzoneClusterImpl-dc2b9cc2-6b0d-409d-bb5b-6a950fa1c069/datanode-2/data/containers/hdds of  storage type : DISK and capacity : 1482555576320
2019-10-14 10:22:37,449 [main] INFO  volume.VolumeSet (VolumeSet.java:initializeVolumeSet(170)) - Added Volume : /workdir/hadoop-ozone/integration-test/target/test-dir/MiniOzoneClusterImpl-dc2b9cc2-6b0d-409d-bb5b-6a950fa1c069/datanode-2/data/containers/hdds to VolumeSet
2019-10-14 10:22:37,449 [main] INFO  volume.ThrottledAsyncChecker (ThrottledAsyncChecker.java:schedule(141)) - Scheduling a check for org.apache.hadoop.ozone.container.common.volume.HddsVolume@e700eba
2019-10-14 10:22:37,449 [main] INFO  volume.HddsVolumeChecker (HddsVolumeChecker.java:checkAllVolumes(204)) - Scheduled health check for volume org.apache.hadoop.ozone.container.common.volume.HddsVolume@e700eba
2019-10-14 10:22:37,460 [main] INFO  impl.RaftServerProxy (ConfUtils.java:logGet(43)) - raft.rpc.type = GRPC (default)
2019-10-14 10:22:37,460 [main] INFO  grpc.GrpcFactory (GrpcFactory.java:checkPooledByteBufAllocatorUseCacheForAllThreads(45)) - PERFORMANCE WARNING: useCacheForAllThreads is true that may cause Netty to create a lot garbage objects and, as a result, trigger GC.
	It is recommended to disable useCacheForAllThreads by setting -Dorg.apache.ratis.thirdparty.io.netty.allocator.useCacheForAllThreads=false in command line.
2019-10-14 10:22:37,461 [main] INFO  grpc.GrpcConfigKeys$Server (ConfUtils.java:logGet(43)) - raft.grpc.server.port = 0 (default)
2019-10-14 10:22:37,461 [main] INFO  server.GrpcService (ConfUtils.java:logGet(43)) - raft.grpc.message.size.max = 33570816 (custom)
2019-10-14 10:22:37,461 [main] INFO  server.RaftServerConfigKeys (ConfUtils.java:logGet(43)) - raft.server.log.appender.buffer.byte-limit = 33554432 (custom)
2019-10-14 10:22:37,461 [main] INFO  server.GrpcService (ConfUtils.java:logGet(43)) - raft.grpc.flow.control.window = 1MB (=1048576) (default)
2019-10-14 10:22:37,461 [main] INFO  server.RaftServerConfigKeys (ConfUtils.java:logGet(43)) - raft.server.rpc.request.timeout = 3000ms (default)
2019-10-14 10:22:37,462 [main] INFO  server.RaftServerConfigKeys (ConfUtils.java:logGet(43)) - raft.server.storage.dir = [/workdir/hadoop-ozone/integration-test/target/test-dir/MiniOzoneClusterImpl-dc2b9cc2-6b0d-409d-bb5b-6a950fa1c069/datanode-2/data/ratis] (custom)
2019-10-14 10:22:37,463 [main] INFO  hdfs.DFSUtil (DFSUtil.java:httpServerTemplateForNNAndJN(1641)) - Starting Web-server for hddsDatanode at: http://0.0.0.0:0
2019-10-14 10:22:37,464 [main] INFO  server.AuthenticationFilter (AuthenticationFilter.java:constructSecretProvider(240)) - Unable to initialize FileSignerSecretProvider, falling back to use random secrets.
2019-10-14 10:22:37,464 [main] WARN  http.HttpRequestLog (HttpRequestLog.java:getRequestLog(97)) - Jetty request log can only be enabled using Log4j
2019-10-14 10:22:37,465 [main] INFO  http.HttpServer2 (HttpServer2.java:addGlobalFilter(975)) - Added global filter 'safety' (class=org.apache.hadoop.http.HttpServer2$QuotingInputFilter)
2019-10-14 10:22:37,466 [main] INFO  http.HttpServer2 (HttpServer2.java:addFilter(948)) - Added filter static_user_filter (class=org.apache.hadoop.http.lib.StaticUserWebFilter$StaticUserFilter) to context hddsDatanode
2019-10-14 10:22:37,466 [main] INFO  http.HttpServer2 (HttpServer2.java:addFilter(958)) - Added filter static_user_filter (class=org.apache.hadoop.http.lib.StaticUserWebFilter$StaticUserFilter) to context static
2019-10-14 10:22:37,466 [main] INFO  http.HttpServer2 (HttpServer2.java:addFilter(958)) - Added filter static_user_filter (class=org.apache.hadoop.http.lib.StaticUserWebFilter$StaticUserFilter) to context logs
2019-10-14 10:22:37,467 [main] INFO  http.HttpServer2 (HttpServer2.java:bindListener(1191)) - Jetty bound to port 38106
2019-10-14 10:22:37,467 [main] INFO  server.Server (Server.java:doStart(351)) - jetty-9.3.25.v20180904, build timestamp: 2018-09-04T21:11:46Z, git hash: 3ce520221d0240229c862b122d2b06c12a625732
2019-10-14 10:22:37,468 [main] INFO  handler.ContextHandler (ContextHandler.java:doStart(781)) - Started o.e.j.s.ServletContextHandler@606a1bc4{/logs,file:///workdir/hadoop-ozone/integration-test/target/log,AVAILABLE}
2019-10-14 10:22:37,469 [main] INFO  handler.ContextHandler (ContextHandler.java:doStart(781)) - Started o.e.j.s.ServletContextHandler@44dc7b7d{/static,jar:file:/home/user/.m2/repository/org/apache/hadoop/hadoop-hdds-container-service/0.5.0-SNAPSHOT/hadoop-hdds-container-service-0.5.0-SNAPSHOT.jar!/webapps/static,AVAILABLE}
2019-10-14 10:22:37,497 [main] INFO  handler.ContextHandler (ContextHandler.java:doStart(781)) - Started o.e.j.w.WebAppContext@46fb0c33{/,file:///tmp/jetty-0.0.0.0-38106-hddsDatanode-_-any-7042432762610868588.dir/webapp/,AVAILABLE}{/hddsDatanode}
2019-10-14 10:22:37,497 [main] INFO  server.AbstractConnector (AbstractConnector.java:doStart(278)) - Started ServerConnector@3b009e7b{HTTP/1.1,[http/1.1]}{0.0.0.0:38106}
2019-10-14 10:22:37,498 [main] INFO  server.Server (Server.java:doStart(419)) - Started @127387ms
2019-10-14 10:22:37,498 [main] WARN  impl.MetricsSystemImpl (MetricsSystemImpl.java:register(276)) - Sink prometheus already exists!
2019-10-14 10:22:37,499 [main] INFO  server.BaseHttpServer (BaseHttpServer.java:updateConnectorAddress(215)) - HTTP server of HDDSDATANODE is listening at http://0.0.0.0:38106
2019-10-14 10:22:37,499 [main] INFO  impl.MetricsSystemImpl (MetricsSystemImpl.java:init(158)) - HddsDatanode metrics system started (again)
2019-10-14 10:22:37,502 [org.apache.hadoop.util.JvmPauseMonitor$Monitor@4381dd25] INFO  util.JvmPauseMonitor (JvmPauseMonitor.java:run(188)) - Starting JVM pause monitor
2019-10-14 10:22:37,502 [main] INFO  ozone.HddsDatanodeService (HddsDatanodeService.java:start(184)) - HddsDatanodeService host:pr-hdds-2295-pn7hw-3586430783 ip:192.168.151.98
2019-10-14 10:22:37,503 [Datanode State Machine Thread - 0] INFO  datanode.InitDatanodeState (InitDatanodeState.java:persistContainerDatanodeDetails(140)) - DatanodeDetails is persisted to /workdir/hadoop-ozone/integration-test/target/test-dir/MiniOzoneClusterImpl-dc2b9cc2-6b0d-409d-bb5b-6a950fa1c069/datanode-2/meta/datanode.id
2019-10-14 10:22:37,507 [main] INFO  volume.HddsVolume (HddsVolume.java:<init>(176)) - Creating Volume: /workdir/hadoop-ozone/integration-test/target/test-dir/MiniOzoneClusterImpl-dc2b9cc2-6b0d-409d-bb5b-6a950fa1c069/datanode-3/data/containers/hdds of  storage type : DISK and capacity : 1482555576320
2019-10-14 10:22:37,507 [main] INFO  volume.VolumeSet (VolumeSet.java:initializeVolumeSet(170)) - Added Volume : /workdir/hadoop-ozone/integration-test/target/test-dir/MiniOzoneClusterImpl-dc2b9cc2-6b0d-409d-bb5b-6a950fa1c069/datanode-3/data/containers/hdds to VolumeSet
2019-10-14 10:22:37,507 [main] INFO  volume.ThrottledAsyncChecker (ThrottledAsyncChecker.java:schedule(141)) - Scheduling a check for org.apache.hadoop.ozone.container.common.volume.HddsVolume@22d7fd41
2019-10-14 10:22:37,508 [main] INFO  volume.HddsVolumeChecker (HddsVolumeChecker.java:checkAllVolumes(204)) - Scheduled health check for volume org.apache.hadoop.ozone.container.common.volume.HddsVolume@22d7fd41
2019-10-14 10:22:37,518 [main] INFO  impl.RaftServerProxy (ConfUtils.java:logGet(43)) - raft.rpc.type = GRPC (default)
2019-10-14 10:22:37,518 [main] INFO  grpc.GrpcFactory (GrpcFactory.java:checkPooledByteBufAllocatorUseCacheForAllThreads(45)) - PERFORMANCE WARNING: useCacheForAllThreads is true that may cause Netty to create a lot garbage objects and, as a result, trigger GC.
	It is recommended to disable useCacheForAllThreads by setting -Dorg.apache.ratis.thirdparty.io.netty.allocator.useCacheForAllThreads=false in command line.
2019-10-14 10:22:37,519 [main] INFO  grpc.GrpcConfigKeys$Server (ConfUtils.java:logGet(43)) - raft.grpc.server.port = 0 (default)
2019-10-14 10:22:37,519 [main] INFO  server.GrpcService (ConfUtils.java:logGet(43)) - raft.grpc.message.size.max = 33570816 (custom)
2019-10-14 10:22:37,519 [main] INFO  server.RaftServerConfigKeys (ConfUtils.java:logGet(43)) - raft.server.log.appender.buffer.byte-limit = 33554432 (custom)
2019-10-14 10:22:37,519 [main] INFO  server.GrpcService (ConfUtils.java:logGet(43)) - raft.grpc.flow.control.window = 1MB (=1048576) (default)
2019-10-14 10:22:37,519 [main] INFO  server.RaftServerConfigKeys (ConfUtils.java:logGet(43)) - raft.server.rpc.request.timeout = 3000ms (default)
2019-10-14 10:22:37,520 [main] INFO  server.RaftServerConfigKeys (ConfUtils.java:logGet(43)) - raft.server.storage.dir = [/workdir/hadoop-ozone/integration-test/target/test-dir/MiniOzoneClusterImpl-dc2b9cc2-6b0d-409d-bb5b-6a950fa1c069/datanode-3/data/ratis] (custom)
2019-10-14 10:22:37,521 [main] INFO  hdfs.DFSUtil (DFSUtil.java:httpServerTemplateForNNAndJN(1641)) - Starting Web-server for hddsDatanode at: http://0.0.0.0:0
2019-10-14 10:22:37,522 [main] INFO  server.AuthenticationFilter (AuthenticationFilter.java:constructSecretProvider(240)) - Unable to initialize FileSignerSecretProvider, falling back to use random secrets.
2019-10-14 10:22:37,523 [main] WARN  http.HttpRequestLog (HttpRequestLog.java:getRequestLog(97)) - Jetty request log can only be enabled using Log4j
2019-10-14 10:22:37,524 [main] INFO  http.HttpServer2 (HttpServer2.java:addGlobalFilter(975)) - Added global filter 'safety' (class=org.apache.hadoop.http.HttpServer2$QuotingInputFilter)
2019-10-14 10:22:37,525 [main] INFO  http.HttpServer2 (HttpServer2.java:addFilter(948)) - Added filter static_user_filter (class=org.apache.hadoop.http.lib.StaticUserWebFilter$StaticUserFilter) to context hddsDatanode
2019-10-14 10:22:37,525 [main] INFO  http.HttpServer2 (HttpServer2.java:addFilter(958)) - Added filter static_user_filter (class=org.apache.hadoop.http.lib.StaticUserWebFilter$StaticUserFilter) to context logs
2019-10-14 10:22:37,525 [main] INFO  http.HttpServer2 (HttpServer2.java:addFilter(958)) - Added filter static_user_filter (class=org.apache.hadoop.http.lib.StaticUserWebFilter$StaticUserFilter) to context static
2019-10-14 10:22:37,526 [main] INFO  http.HttpServer2 (HttpServer2.java:bindListener(1191)) - Jetty bound to port 34057
2019-10-14 10:22:37,526 [main] INFO  server.Server (Server.java:doStart(351)) - jetty-9.3.25.v20180904, build timestamp: 2018-09-04T21:11:46Z, git hash: 3ce520221d0240229c862b122d2b06c12a625732
2019-10-14 10:22:37,527 [main] INFO  handler.ContextHandler (ContextHandler.java:doStart(781)) - Started o.e.j.s.ServletContextHandler@6eb089e6{/logs,file:///workdir/hadoop-ozone/integration-test/target/log,AVAILABLE}
2019-10-14 10:22:37,528 [main] INFO  handler.ContextHandler (ContextHandler.java:doStart(781)) - Started o.e.j.s.ServletContextHandler@3bc69ce9{/static,jar:file:/home/user/.m2/repository/org/apache/hadoop/hadoop-hdds-container-service/0.5.0-SNAPSHOT/hadoop-hdds-container-service-0.5.0-SNAPSHOT.jar!/webapps/static,AVAILABLE}
2019-10-14 10:22:37,558 [main] INFO  handler.ContextHandler (ContextHandler.java:doStart(781)) - Started o.e.j.w.WebAppContext@7741d346{/,file:///tmp/jetty-0.0.0.0-34057-hddsDatanode-_-any-4911594527818673520.dir/webapp/,AVAILABLE}{/hddsDatanode}
2019-10-14 10:22:37,558 [main] INFO  server.AbstractConnector (AbstractConnector.java:doStart(278)) - Started ServerConnector@52454457{HTTP/1.1,[http/1.1]}{0.0.0.0:34057}
2019-10-14 10:22:37,559 [main] INFO  server.Server (Server.java:doStart(419)) - Started @127448ms
2019-10-14 10:22:37,559 [main] WARN  impl.MetricsSystemImpl (MetricsSystemImpl.java:register(276)) - Sink prometheus already exists!
2019-10-14 10:22:37,560 [main] INFO  server.BaseHttpServer (BaseHttpServer.java:updateConnectorAddress(215)) - HTTP server of HDDSDATANODE is listening at http://0.0.0.0:34057
2019-10-14 10:22:37,560 [main] INFO  impl.MetricsSystemImpl (MetricsSystemImpl.java:init(158)) - HddsDatanode metrics system started (again)
2019-10-14 10:22:37,563 [org.apache.hadoop.util.JvmPauseMonitor$Monitor@48271841] INFO  util.JvmPauseMonitor (JvmPauseMonitor.java:run(188)) - Starting JVM pause monitor
2019-10-14 10:22:37,563 [main] INFO  ozone.HddsDatanodeService (HddsDatanodeService.java:start(184)) - HddsDatanodeService host:pr-hdds-2295-pn7hw-3586430783 ip:192.168.151.98
2019-10-14 10:22:37,564 [Datanode State Machine Thread - 0] INFO  datanode.InitDatanodeState (InitDatanodeState.java:persistContainerDatanodeDetails(140)) - DatanodeDetails is persisted to /workdir/hadoop-ozone/integration-test/target/test-dir/MiniOzoneClusterImpl-dc2b9cc2-6b0d-409d-bb5b-6a950fa1c069/datanode-3/meta/datanode.id
2019-10-14 10:22:37,570 [main] INFO  volume.HddsVolume (HddsVolume.java:<init>(176)) - Creating Volume: /workdir/hadoop-ozone/integration-test/target/test-dir/MiniOzoneClusterImpl-dc2b9cc2-6b0d-409d-bb5b-6a950fa1c069/datanode-4/data/containers/hdds of  storage type : DISK and capacity : 1482555576320
2019-10-14 10:22:37,571 [main] INFO  volume.VolumeSet (VolumeSet.java:initializeVolumeSet(170)) - Added Volume : /workdir/hadoop-ozone/integration-test/target/test-dir/MiniOzoneClusterImpl-dc2b9cc2-6b0d-409d-bb5b-6a950fa1c069/datanode-4/data/containers/hdds to VolumeSet
2019-10-14 10:22:37,571 [main] INFO  volume.ThrottledAsyncChecker (ThrottledAsyncChecker.java:schedule(141)) - Scheduling a check for org.apache.hadoop.ozone.container.common.volume.HddsVolume@7a682d35
2019-10-14 10:22:37,572 [main] INFO  volume.HddsVolumeChecker (HddsVolumeChecker.java:checkAllVolumes(204)) - Scheduled health check for volume org.apache.hadoop.ozone.container.common.volume.HddsVolume@7a682d35
2019-10-14 10:22:37,583 [main] INFO  impl.RaftServerProxy (ConfUtils.java:logGet(43)) - raft.rpc.type = GRPC (default)
2019-10-14 10:22:37,583 [main] INFO  grpc.GrpcFactory (GrpcFactory.java:checkPooledByteBufAllocatorUseCacheForAllThreads(45)) - PERFORMANCE WARNING: useCacheForAllThreads is true that may cause Netty to create a lot garbage objects and, as a result, trigger GC.
	It is recommended to disable useCacheForAllThreads by setting -Dorg.apache.ratis.thirdparty.io.netty.allocator.useCacheForAllThreads=false in command line.
2019-10-14 10:22:37,583 [main] INFO  grpc.GrpcConfigKeys$Server (ConfUtils.java:logGet(43)) - raft.grpc.server.port = 0 (default)
2019-10-14 10:22:37,583 [main] INFO  server.GrpcService (ConfUtils.java:logGet(43)) - raft.grpc.message.size.max = 33570816 (custom)
2019-10-14 10:22:37,584 [main] INFO  server.RaftServerConfigKeys (ConfUtils.java:logGet(43)) - raft.server.log.appender.buffer.byte-limit = 33554432 (custom)
2019-10-14 10:22:37,584 [main] INFO  server.GrpcService (ConfUtils.java:logGet(43)) - raft.grpc.flow.control.window = 1MB (=1048576) (default)
2019-10-14 10:22:37,584 [main] INFO  server.RaftServerConfigKeys (ConfUtils.java:logGet(43)) - raft.server.rpc.request.timeout = 3000ms (default)
2019-10-14 10:22:37,585 [main] INFO  server.RaftServerConfigKeys (ConfUtils.java:logGet(43)) - raft.server.storage.dir = [/workdir/hadoop-ozone/integration-test/target/test-dir/MiniOzoneClusterImpl-dc2b9cc2-6b0d-409d-bb5b-6a950fa1c069/datanode-4/data/ratis] (custom)
2019-10-14 10:22:37,586 [main] INFO  hdfs.DFSUtil (DFSUtil.java:httpServerTemplateForNNAndJN(1641)) - Starting Web-server for hddsDatanode at: http://0.0.0.0:0
2019-10-14 10:22:37,587 [main] INFO  server.AuthenticationFilter (AuthenticationFilter.java:constructSecretProvider(240)) - Unable to initialize FileSignerSecretProvider, falling back to use random secrets.
2019-10-14 10:22:37,587 [main] WARN  http.HttpRequestLog (HttpRequestLog.java:getRequestLog(97)) - Jetty request log can only be enabled using Log4j
2019-10-14 10:22:37,589 [main] INFO  http.HttpServer2 (HttpServer2.java:addGlobalFilter(975)) - Added global filter 'safety' (class=org.apache.hadoop.http.HttpServer2$QuotingInputFilter)
2019-10-14 10:22:37,589 [main] INFO  http.HttpServer2 (HttpServer2.java:addFilter(948)) - Added filter static_user_filter (class=org.apache.hadoop.http.lib.StaticUserWebFilter$StaticUserFilter) to context hddsDatanode
2019-10-14 10:22:37,589 [main] INFO  http.HttpServer2 (HttpServer2.java:addFilter(958)) - Added filter static_user_filter (class=org.apache.hadoop.http.lib.StaticUserWebFilter$StaticUserFilter) to context logs
2019-10-14 10:22:37,589 [main] INFO  http.HttpServer2 (HttpServer2.java:addFilter(958)) - Added filter static_user_filter (class=org.apache.hadoop.http.lib.StaticUserWebFilter$StaticUserFilter) to context static
2019-10-14 10:22:37,590 [main] INFO  http.HttpServer2 (HttpServer2.java:bindListener(1191)) - Jetty bound to port 41957
2019-10-14 10:22:37,590 [main] INFO  server.Server (Server.java:doStart(351)) - jetty-9.3.25.v20180904, build timestamp: 2018-09-04T21:11:46Z, git hash: 3ce520221d0240229c862b122d2b06c12a625732
2019-10-14 10:22:37,591 [main] INFO  handler.ContextHandler (ContextHandler.java:doStart(781)) - Started o.e.j.s.ServletContextHandler@4538856f{/logs,file:///workdir/hadoop-ozone/integration-test/target/log,AVAILABLE}
2019-10-14 10:22:37,592 [main] INFO  handler.ContextHandler (ContextHandler.java:doStart(781)) - Started o.e.j.s.ServletContextHandler@74b86971{/static,jar:file:/home/user/.m2/repository/org/apache/hadoop/hadoop-hdds-container-service/0.5.0-SNAPSHOT/hadoop-hdds-container-service-0.5.0-SNAPSHOT.jar!/webapps/static,AVAILABLE}
2019-10-14 10:22:37,617 [main] INFO  handler.ContextHandler (ContextHandler.java:doStart(781)) - Started o.e.j.w.WebAppContext@286855ea{/,file:///tmp/jetty-0.0.0.0-41957-hddsDatanode-_-any-463561898800336281.dir/webapp/,AVAILABLE}{/hddsDatanode}
2019-10-14 10:22:37,617 [main] INFO  server.AbstractConnector (AbstractConnector.java:doStart(278)) - Started ServerConnector@64aeaf29{HTTP/1.1,[http/1.1]}{0.0.0.0:41957}
2019-10-14 10:22:37,619 [main] INFO  server.Server (Server.java:doStart(419)) - Started @127507ms
2019-10-14 10:22:37,619 [main] WARN  impl.MetricsSystemImpl (MetricsSystemImpl.java:register(276)) - Sink prometheus already exists!
2019-10-14 10:22:37,620 [main] INFO  server.BaseHttpServer (BaseHttpServer.java:updateConnectorAddress(215)) - HTTP server of HDDSDATANODE is listening at http://0.0.0.0:41957
2019-10-14 10:22:37,620 [main] INFO  impl.MetricsSystemImpl (MetricsSystemImpl.java:init(158)) - HddsDatanode metrics system started (again)
2019-10-14 10:22:37,623 [main] INFO  ozone.HddsDatanodeService (HddsDatanodeService.java:start(184)) - HddsDatanodeService host:pr-hdds-2295-pn7hw-3586430783 ip:192.168.151.98
2019-10-14 10:22:37,623 [org.apache.hadoop.util.JvmPauseMonitor$Monitor@676eda6d] INFO  util.JvmPauseMonitor (JvmPauseMonitor.java:run(188)) - Starting JVM pause monitor
2019-10-14 10:22:37,624 [Datanode State Machine Thread - 0] INFO  datanode.InitDatanodeState (InitDatanodeState.java:persistContainerDatanodeDetails(140)) - DatanodeDetails is persisted to /workdir/hadoop-ozone/integration-test/target/test-dir/MiniOzoneClusterImpl-dc2b9cc2-6b0d-409d-bb5b-6a950fa1c069/datanode-4/meta/datanode.id
2019-10-14 10:22:37,629 [main] INFO  volume.HddsVolume (HddsVolume.java:<init>(176)) - Creating Volume: /workdir/hadoop-ozone/integration-test/target/test-dir/MiniOzoneClusterImpl-dc2b9cc2-6b0d-409d-bb5b-6a950fa1c069/datanode-5/data/containers/hdds of  storage type : DISK and capacity : 1482555576320
2019-10-14 10:22:37,629 [main] INFO  volume.VolumeSet (VolumeSet.java:initializeVolumeSet(170)) - Added Volume : /workdir/hadoop-ozone/integration-test/target/test-dir/MiniOzoneClusterImpl-dc2b9cc2-6b0d-409d-bb5b-6a950fa1c069/datanode-5/data/containers/hdds to VolumeSet
2019-10-14 10:22:37,629 [main] INFO  volume.ThrottledAsyncChecker (ThrottledAsyncChecker.java:schedule(141)) - Scheduling a check for org.apache.hadoop.ozone.container.common.volume.HddsVolume@e3b0369
2019-10-14 10:22:37,630 [main] INFO  volume.HddsVolumeChecker (HddsVolumeChecker.java:checkAllVolumes(204)) - Scheduled health check for volume org.apache.hadoop.ozone.container.common.volume.HddsVolume@e3b0369
2019-10-14 10:22:37,641 [main] INFO  impl.RaftServerProxy (ConfUtils.java:logGet(43)) - raft.rpc.type = GRPC (default)
2019-10-14 10:22:37,641 [main] INFO  grpc.GrpcFactory (GrpcFactory.java:checkPooledByteBufAllocatorUseCacheForAllThreads(45)) - PERFORMANCE WARNING: useCacheForAllThreads is true that may cause Netty to create a lot garbage objects and, as a result, trigger GC.
	It is recommended to disable useCacheForAllThreads by setting -Dorg.apache.ratis.thirdparty.io.netty.allocator.useCacheForAllThreads=false in command line.
2019-10-14 10:22:37,641 [main] INFO  grpc.GrpcConfigKeys$Server (ConfUtils.java:logGet(43)) - raft.grpc.server.port = 0 (default)
2019-10-14 10:22:37,642 [main] INFO  server.GrpcService (ConfUtils.java:logGet(43)) - raft.grpc.message.size.max = 33570816 (custom)
2019-10-14 10:22:37,642 [main] INFO  server.RaftServerConfigKeys (ConfUtils.java:logGet(43)) - raft.server.log.appender.buffer.byte-limit = 33554432 (custom)
2019-10-14 10:22:37,642 [main] INFO  server.GrpcService (ConfUtils.java:logGet(43)) - raft.grpc.flow.control.window = 1MB (=1048576) (default)
2019-10-14 10:22:37,642 [main] INFO  server.RaftServerConfigKeys (ConfUtils.java:logGet(43)) - raft.server.rpc.request.timeout = 3000ms (default)
2019-10-14 10:22:37,642 [main] INFO  server.RaftServerConfigKeys (ConfUtils.java:logGet(43)) - raft.server.storage.dir = [/workdir/hadoop-ozone/integration-test/target/test-dir/MiniOzoneClusterImpl-dc2b9cc2-6b0d-409d-bb5b-6a950fa1c069/datanode-5/data/ratis] (custom)
2019-10-14 10:22:37,643 [main] INFO  hdfs.DFSUtil (DFSUtil.java:httpServerTemplateForNNAndJN(1641)) - Starting Web-server for hddsDatanode at: http://0.0.0.0:0
2019-10-14 10:22:37,644 [main] INFO  server.AuthenticationFilter (AuthenticationFilter.java:constructSecretProvider(240)) - Unable to initialize FileSignerSecretProvider, falling back to use random secrets.
2019-10-14 10:22:37,645 [main] WARN  http.HttpRequestLog (HttpRequestLog.java:getRequestLog(97)) - Jetty request log can only be enabled using Log4j
2019-10-14 10:22:37,646 [main] INFO  http.HttpServer2 (HttpServer2.java:addGlobalFilter(975)) - Added global filter 'safety' (class=org.apache.hadoop.http.HttpServer2$QuotingInputFilter)
2019-10-14 10:22:37,647 [main] INFO  http.HttpServer2 (HttpServer2.java:addFilter(948)) - Added filter static_user_filter (class=org.apache.hadoop.http.lib.StaticUserWebFilter$StaticUserFilter) to context hddsDatanode
2019-10-14 10:22:37,647 [main] INFO  http.HttpServer2 (HttpServer2.java:addFilter(958)) - Added filter static_user_filter (class=org.apache.hadoop.http.lib.StaticUserWebFilter$StaticUserFilter) to context logs
2019-10-14 10:22:37,647 [main] INFO  http.HttpServer2 (HttpServer2.java:addFilter(958)) - Added filter static_user_filter (class=org.apache.hadoop.http.lib.StaticUserWebFilter$StaticUserFilter) to context static
2019-10-14 10:22:37,648 [main] INFO  http.HttpServer2 (HttpServer2.java:bindListener(1191)) - Jetty bound to port 39245
2019-10-14 10:22:37,648 [main] INFO  server.Server (Server.java:doStart(351)) - jetty-9.3.25.v20180904, build timestamp: 2018-09-04T21:11:46Z, git hash: 3ce520221d0240229c862b122d2b06c12a625732
2019-10-14 10:22:37,650 [main] INFO  handler.ContextHandler (ContextHandler.java:doStart(781)) - Started o.e.j.s.ServletContextHandler@4342c13{/logs,file:///workdir/hadoop-ozone/integration-test/target/log,AVAILABLE}
2019-10-14 10:22:37,651 [main] INFO  handler.ContextHandler (ContextHandler.java:doStart(781)) - Started o.e.j.s.ServletContextHandler@7c241a9f{/static,jar:file:/home/user/.m2/repository/org/apache/hadoop/hadoop-hdds-container-service/0.5.0-SNAPSHOT/hadoop-hdds-container-service-0.5.0-SNAPSHOT.jar!/webapps/static,AVAILABLE}
2019-10-14 10:22:37,677 [main] INFO  handler.ContextHandler (ContextHandler.java:doStart(781)) - Started o.e.j.w.WebAppContext@6002e944{/,file:///tmp/jetty-0.0.0.0-39245-hddsDatanode-_-any-2657693402811447323.dir/webapp/,AVAILABLE}{/hddsDatanode}
2019-10-14 10:22:37,677 [main] INFO  server.AbstractConnector (AbstractConnector.java:doStart(278)) - Started ServerConnector@588545ac{HTTP/1.1,[http/1.1]}{0.0.0.0:39245}
2019-10-14 10:22:37,679 [main] INFO  server.Server (Server.java:doStart(419)) - Started @127567ms
2019-10-14 10:22:37,679 [main] WARN  impl.MetricsSystemImpl (MetricsSystemImpl.java:register(276)) - Sink prometheus already exists!
2019-10-14 10:22:37,680 [main] INFO  server.BaseHttpServer (BaseHttpServer.java:updateConnectorAddress(215)) - HTTP server of HDDSDATANODE is listening at http://0.0.0.0:39245
2019-10-14 10:22:37,680 [main] INFO  impl.MetricsSystemImpl (MetricsSystemImpl.java:init(158)) - HddsDatanode metrics system started (again)
2019-10-14 10:22:37,683 [org.apache.hadoop.util.JvmPauseMonitor$Monitor@2af3b8d6] INFO  util.JvmPauseMonitor (JvmPauseMonitor.java:run(188)) - Starting JVM pause monitor
2019-10-14 10:22:37,684 [main] INFO  ozone.HddsDatanodeService (HddsDatanodeService.java:start(184)) - HddsDatanodeService host:pr-hdds-2295-pn7hw-3586430783 ip:192.168.151.98
2019-10-14 10:22:37,685 [Datanode State Machine Thread - 0] INFO  datanode.InitDatanodeState (InitDatanodeState.java:persistContainerDatanodeDetails(140)) - DatanodeDetails is persisted to /workdir/hadoop-ozone/integration-test/target/test-dir/MiniOzoneClusterImpl-dc2b9cc2-6b0d-409d-bb5b-6a950fa1c069/datanode-5/meta/datanode.id
2019-10-14 10:22:37,689 [main] INFO  volume.HddsVolume (HddsVolume.java:<init>(176)) - Creating Volume: /workdir/hadoop-ozone/integration-test/target/test-dir/MiniOzoneClusterImpl-dc2b9cc2-6b0d-409d-bb5b-6a950fa1c069/datanode-6/data/containers/hdds of  storage type : DISK and capacity : 1482555576320
2019-10-14 10:22:37,689 [main] INFO  volume.VolumeSet (VolumeSet.java:initializeVolumeSet(170)) - Added Volume : /workdir/hadoop-ozone/integration-test/target/test-dir/MiniOzoneClusterImpl-dc2b9cc2-6b0d-409d-bb5b-6a950fa1c069/datanode-6/data/containers/hdds to VolumeSet
2019-10-14 10:22:37,690 [main] INFO  volume.ThrottledAsyncChecker (ThrottledAsyncChecker.java:schedule(141)) - Scheduling a check for org.apache.hadoop.ozone.container.common.volume.HddsVolume@5042e3d0
2019-10-14 10:22:37,690 [main] INFO  volume.HddsVolumeChecker (HddsVolumeChecker.java:checkAllVolumes(204)) - Scheduled health check for volume org.apache.hadoop.ozone.container.common.volume.HddsVolume@5042e3d0
2019-10-14 10:22:37,702 [main] INFO  impl.RaftServerProxy (ConfUtils.java:logGet(43)) - raft.rpc.type = GRPC (default)
2019-10-14 10:22:37,703 [main] INFO  grpc.GrpcFactory (GrpcFactory.java:checkPooledByteBufAllocatorUseCacheForAllThreads(45)) - PERFORMANCE WARNING: useCacheForAllThreads is true that may cause Netty to create a lot garbage objects and, as a result, trigger GC.
	It is recommended to disable useCacheForAllThreads by setting -Dorg.apache.ratis.thirdparty.io.netty.allocator.useCacheForAllThreads=false in command line.
2019-10-14 10:22:37,703 [main] INFO  grpc.GrpcConfigKeys$Server (ConfUtils.java:logGet(43)) - raft.grpc.server.port = 0 (default)
2019-10-14 10:22:37,703 [main] INFO  server.GrpcService (ConfUtils.java:logGet(43)) - raft.grpc.message.size.max = 33570816 (custom)
2019-10-14 10:22:37,703 [main] INFO  server.RaftServerConfigKeys (ConfUtils.java:logGet(43)) - raft.server.log.appender.buffer.byte-limit = 33554432 (custom)
2019-10-14 10:22:37,704 [main] INFO  server.GrpcService (ConfUtils.java:logGet(43)) - raft.grpc.flow.control.window = 1MB (=1048576) (default)
2019-10-14 10:22:37,704 [main] INFO  server.RaftServerConfigKeys (ConfUtils.java:logGet(43)) - raft.server.rpc.request.timeout = 3000ms (default)
2019-10-14 10:22:37,705 [main] INFO  server.RaftServerConfigKeys (ConfUtils.java:logGet(43)) - raft.server.storage.dir = [/workdir/hadoop-ozone/integration-test/target/test-dir/MiniOzoneClusterImpl-dc2b9cc2-6b0d-409d-bb5b-6a950fa1c069/datanode-6/data/ratis] (custom)
2019-10-14 10:22:37,706 [main] INFO  hdfs.DFSUtil (DFSUtil.java:httpServerTemplateForNNAndJN(1641)) - Starting Web-server for hddsDatanode at: http://0.0.0.0:0
2019-10-14 10:22:37,708 [main] INFO  server.AuthenticationFilter (AuthenticationFilter.java:constructSecretProvider(240)) - Unable to initialize FileSignerSecretProvider, falling back to use random secrets.
2019-10-14 10:22:37,708 [main] WARN  http.HttpRequestLog (HttpRequestLog.java:getRequestLog(97)) - Jetty request log can only be enabled using Log4j
2019-10-14 10:22:37,710 [main] INFO  http.HttpServer2 (HttpServer2.java:addGlobalFilter(975)) - Added global filter 'safety' (class=org.apache.hadoop.http.HttpServer2$QuotingInputFilter)
2019-10-14 10:22:37,711 [main] INFO  http.HttpServer2 (HttpServer2.java:addFilter(948)) - Added filter static_user_filter (class=org.apache.hadoop.http.lib.StaticUserWebFilter$StaticUserFilter) to context hddsDatanode
2019-10-14 10:22:37,711 [main] INFO  http.HttpServer2 (HttpServer2.java:addFilter(958)) - Added filter static_user_filter (class=org.apache.hadoop.http.lib.StaticUserWebFilter$StaticUserFilter) to context static
2019-10-14 10:22:37,711 [main] INFO  http.HttpServer2 (HttpServer2.java:addFilter(958)) - Added filter static_user_filter (class=org.apache.hadoop.http.lib.StaticUserWebFilter$StaticUserFilter) to context logs
2019-10-14 10:22:37,712 [main] INFO  http.HttpServer2 (HttpServer2.java:bindListener(1191)) - Jetty bound to port 39604
2019-10-14 10:22:37,712 [main] INFO  server.Server (Server.java:doStart(351)) - jetty-9.3.25.v20180904, build timestamp: 2018-09-04T21:11:46Z, git hash: 3ce520221d0240229c862b122d2b06c12a625732
2019-10-14 10:22:37,714 [main] INFO  handler.ContextHandler (ContextHandler.java:doStart(781)) - Started o.e.j.s.ServletContextHandler@5a0e0886{/logs,file:///workdir/hadoop-ozone/integration-test/target/log,AVAILABLE}
2019-10-14 10:22:37,714 [main] INFO  handler.ContextHandler (ContextHandler.java:doStart(781)) - Started o.e.j.s.ServletContextHandler@4293e066{/static,jar:file:/home/user/.m2/repository/org/apache/hadoop/hadoop-hdds-container-service/0.5.0-SNAPSHOT/hadoop-hdds-container-service-0.5.0-SNAPSHOT.jar!/webapps/static,AVAILABLE}
2019-10-14 10:22:37,741 [main] INFO  handler.ContextHandler (ContextHandler.java:doStart(781)) - Started o.e.j.w.WebAppContext@11d2dd2d{/,file:///tmp/jetty-0.0.0.0-39604-hddsDatanode-_-any-146452930654773452.dir/webapp/,AVAILABLE}{/hddsDatanode}
2019-10-14 10:22:37,742 [main] INFO  server.AbstractConnector (AbstractConnector.java:doStart(278)) - Started ServerConnector@cde8c6c{HTTP/1.1,[http/1.1]}{0.0.0.0:39604}
2019-10-14 10:22:37,743 [main] INFO  server.Server (Server.java:doStart(419)) - Started @127632ms
2019-10-14 10:22:37,743 [main] WARN  impl.MetricsSystemImpl (MetricsSystemImpl.java:register(276)) - Sink prometheus already exists!
2019-10-14 10:22:37,744 [main] INFO  server.BaseHttpServer (BaseHttpServer.java:updateConnectorAddress(215)) - HTTP server of HDDSDATANODE is listening at http://0.0.0.0:39604
2019-10-14 10:22:37,744 [main] INFO  ozone.MiniOzoneClusterImpl (MiniOzoneClusterImpl.java:lambda$waitForClusterToBeReady$0(147)) - Waiting for cluster to be ready. Got 0 of 7 DN Heartbeats.
2019-10-14 10:22:37,745 [org.apache.hadoop.util.JvmPauseMonitor$Monitor@38f17a5d] INFO  util.JvmPauseMonitor (JvmPauseMonitor.java:run(188)) - Starting JVM pause monitor
2019-10-14 10:22:37,747 [Datanode State Machine Thread - 0] INFO  datanode.InitDatanodeState (InitDatanodeState.java:persistContainerDatanodeDetails(140)) - DatanodeDetails is persisted to /workdir/hadoop-ozone/integration-test/target/test-dir/MiniOzoneClusterImpl-dc2b9cc2-6b0d-409d-bb5b-6a950fa1c069/datanode-6/meta/datanode.id
2019-10-14 10:22:38,745 [main] INFO  ozone.MiniOzoneClusterImpl (MiniOzoneClusterImpl.java:lambda$waitForClusterToBeReady$0(147)) - Waiting for cluster to be ready. Got 0 of 7 DN Heartbeats.
2019-10-14 10:22:39,397 [Datanode State Machine Thread - 0] INFO  ozoneimpl.OzoneContainer (OzoneContainer.java:start(213)) - Attempting to start container services.
2019-10-14 10:22:39,398 [Datanode State Machine Thread - 0] INFO  ozoneimpl.OzoneContainer (OzoneContainer.java:startContainerScrub(177)) - Background container scanner has been disabled.
2019-10-14 10:22:39,398 [Datanode State Machine Thread - 0] INFO  ratis.XceiverServerRatis (XceiverServerRatis.java:start(418)) - Starting XceiverServerRatis 514d7619-ced6-4f91-abef-7c941b49b03a at port 0
2019-10-14 10:22:39,403 [Datanode State Machine Thread - 0] INFO  impl.RaftServerProxy (RaftServerProxy.java:lambda$start$3(299)) - 514d7619-ced6-4f91-abef-7c941b49b03a: start RPC server
2019-10-14 10:22:39,405 [Datanode State Machine Thread - 0] INFO  server.GrpcService (GrpcService.java:startImpl(158)) - 514d7619-ced6-4f91-abef-7c941b49b03a: GrpcService started, listening on 0.0.0.0/0.0.0.0:33984
2019-10-14 10:22:39,405 [Datanode State Machine Thread - 0] INFO  ratis.XceiverServerRatis (XceiverServerRatis.java:start(428)) - XceiverServerRatis 514d7619-ced6-4f91-abef-7c941b49b03a is started using port 33984
2019-10-14 10:22:39,406 [Datanode State Machine Thread - 0] INFO  server.XceiverServerGrpc (XceiverServerGrpc.java:start(149)) - XceiverServerGrpc 514d7619-ced6-4f91-abef-7c941b49b03a is started using port 35326
2019-10-14 10:22:39,472 [Datanode State Machine Thread - 0] INFO  ozoneimpl.OzoneContainer (OzoneContainer.java:start(213)) - Attempting to start container services.
2019-10-14 10:22:39,473 [Datanode State Machine Thread - 0] INFO  ozoneimpl.OzoneContainer (OzoneContainer.java:startContainerScrub(177)) - Background container scanner has been disabled.
2019-10-14 10:22:39,473 [Datanode State Machine Thread - 0] INFO  ratis.XceiverServerRatis (XceiverServerRatis.java:start(418)) - Starting XceiverServerRatis 9a7cd4fb-2149-444e-852a-606827ec4daf at port 0
2019-10-14 10:22:39,478 [Datanode State Machine Thread - 0] INFO  impl.RaftServerProxy (RaftServerProxy.java:lambda$start$3(299)) - 9a7cd4fb-2149-444e-852a-606827ec4daf: start RPC server
2019-10-14 10:22:39,478 [Datanode State Machine Thread - 0] INFO  server.GrpcService (GrpcService.java:startImpl(158)) - 9a7cd4fb-2149-444e-852a-606827ec4daf: GrpcService started, listening on 0.0.0.0/0.0.0.0:35647
2019-10-14 10:22:39,478 [Datanode State Machine Thread - 0] INFO  ratis.XceiverServerRatis (XceiverServerRatis.java:start(428)) - XceiverServerRatis 9a7cd4fb-2149-444e-852a-606827ec4daf is started using port 35647
2019-10-14 10:22:39,479 [Datanode State Machine Thread - 0] INFO  server.XceiverServerGrpc (XceiverServerGrpc.java:start(149)) - XceiverServerGrpc 9a7cd4fb-2149-444e-852a-606827ec4daf is started using port 39943
2019-10-14 10:22:39,519 [Datanode State Machine Thread - 0] INFO  ozoneimpl.OzoneContainer (OzoneContainer.java:start(213)) - Attempting to start container services.
2019-10-14 10:22:39,520 [Datanode State Machine Thread - 0] INFO  ozoneimpl.OzoneContainer (OzoneContainer.java:startContainerScrub(177)) - Background container scanner has been disabled.
2019-10-14 10:22:39,521 [Datanode State Machine Thread - 0] INFO  ratis.XceiverServerRatis (XceiverServerRatis.java:start(418)) - Starting XceiverServerRatis 71a3fedc-d6c8-4ada-8021-3efcd81af050 at port 0
2019-10-14 10:22:39,525 [Datanode State Machine Thread - 0] INFO  impl.RaftServerProxy (RaftServerProxy.java:lambda$start$3(299)) - 71a3fedc-d6c8-4ada-8021-3efcd81af050: start RPC server
2019-10-14 10:22:39,526 [Datanode State Machine Thread - 0] INFO  server.GrpcService (GrpcService.java:startImpl(158)) - 71a3fedc-d6c8-4ada-8021-3efcd81af050: GrpcService started, listening on 0.0.0.0/0.0.0.0:39539
2019-10-14 10:22:39,526 [Datanode State Machine Thread - 0] INFO  ratis.XceiverServerRatis (XceiverServerRatis.java:start(428)) - XceiverServerRatis 71a3fedc-d6c8-4ada-8021-3efcd81af050 is started using port 39539
2019-10-14 10:22:39,527 [Datanode State Machine Thread - 0] INFO  server.XceiverServerGrpc (XceiverServerGrpc.java:start(149)) - XceiverServerGrpc 71a3fedc-d6c8-4ada-8021-3efcd81af050 is started using port 39765
2019-10-14 10:22:39,576 [Datanode State Machine Thread - 0] INFO  ozoneimpl.OzoneContainer (OzoneContainer.java:start(213)) - Attempting to start container services.
2019-10-14 10:22:39,576 [Datanode State Machine Thread - 0] INFO  ozoneimpl.OzoneContainer (OzoneContainer.java:startContainerScrub(177)) - Background container scanner has been disabled.
2019-10-14 10:22:39,576 [Datanode State Machine Thread - 0] INFO  ratis.XceiverServerRatis (XceiverServerRatis.java:start(418)) - Starting XceiverServerRatis c1d8b9c1-42c0-4c9a-84fe-cc35f7b5bc36 at port 0
2019-10-14 10:22:39,582 [Datanode State Machine Thread - 0] INFO  impl.RaftServerProxy (RaftServerProxy.java:lambda$start$3(299)) - c1d8b9c1-42c0-4c9a-84fe-cc35f7b5bc36: start RPC server
2019-10-14 10:22:39,582 [Datanode State Machine Thread - 0] INFO  server.GrpcService (GrpcService.java:startImpl(158)) - c1d8b9c1-42c0-4c9a-84fe-cc35f7b5bc36: GrpcService started, listening on 0.0.0.0/0.0.0.0:42674
2019-10-14 10:22:39,582 [Datanode State Machine Thread - 0] INFO  ratis.XceiverServerRatis (XceiverServerRatis.java:start(428)) - XceiverServerRatis c1d8b9c1-42c0-4c9a-84fe-cc35f7b5bc36 is started using port 42674
2019-10-14 10:22:39,585 [Datanode State Machine Thread - 0] INFO  server.XceiverServerGrpc (XceiverServerGrpc.java:start(149)) - XceiverServerGrpc c1d8b9c1-42c0-4c9a-84fe-cc35f7b5bc36 is started using port 41759
2019-10-14 10:22:39,638 [Datanode State Machine Thread - 0] INFO  ozoneimpl.OzoneContainer (OzoneContainer.java:start(213)) - Attempting to start container services.
2019-10-14 10:22:39,639 [Datanode State Machine Thread - 0] INFO  ozoneimpl.OzoneContainer (OzoneContainer.java:startContainerScrub(177)) - Background container scanner has been disabled.
2019-10-14 10:22:39,639 [Datanode State Machine Thread - 0] INFO  ratis.XceiverServerRatis (XceiverServerRatis.java:start(418)) - Starting XceiverServerRatis c53c87ec-c046-44bb-9a56-c35705fc483e at port 0
2019-10-14 10:22:39,644 [Datanode State Machine Thread - 0] INFO  impl.RaftServerProxy (RaftServerProxy.java:lambda$start$3(299)) - c53c87ec-c046-44bb-9a56-c35705fc483e: start RPC server
2019-10-14 10:22:39,646 [Datanode State Machine Thread - 0] INFO  server.GrpcService (GrpcService.java:startImpl(158)) - c53c87ec-c046-44bb-9a56-c35705fc483e: GrpcService started, listening on 0.0.0.0/0.0.0.0:38163
2019-10-14 10:22:39,647 [Datanode State Machine Thread - 0] INFO  ratis.XceiverServerRatis (XceiverServerRatis.java:start(428)) - XceiverServerRatis c53c87ec-c046-44bb-9a56-c35705fc483e is started using port 38163
2019-10-14 10:22:39,649 [Datanode State Machine Thread - 0] INFO  server.XceiverServerGrpc (XceiverServerGrpc.java:start(149)) - XceiverServerGrpc c53c87ec-c046-44bb-9a56-c35705fc483e is started using port 41618
2019-10-14 10:22:39,698 [Datanode State Machine Thread - 0] INFO  ozoneimpl.OzoneContainer (OzoneContainer.java:start(213)) - Attempting to start container services.
2019-10-14 10:22:39,698 [Datanode State Machine Thread - 0] INFO  ozoneimpl.OzoneContainer (OzoneContainer.java:startContainerScrub(177)) - Background container scanner has been disabled.
2019-10-14 10:22:39,698 [Datanode State Machine Thread - 0] INFO  ratis.XceiverServerRatis (XceiverServerRatis.java:start(418)) - Starting XceiverServerRatis b8e3ed25-0363-4ec5-b8d7-7bac29be8c71 at port 0
2019-10-14 10:22:39,704 [Datanode State Machine Thread - 0] INFO  impl.RaftServerProxy (RaftServerProxy.java:lambda$start$3(299)) - b8e3ed25-0363-4ec5-b8d7-7bac29be8c71: start RPC server
2019-10-14 10:22:39,704 [Datanode State Machine Thread - 0] INFO  server.GrpcService (GrpcService.java:startImpl(158)) - b8e3ed25-0363-4ec5-b8d7-7bac29be8c71: GrpcService started, listening on 0.0.0.0/0.0.0.0:34298
2019-10-14 10:22:39,704 [Datanode State Machine Thread - 0] INFO  ratis.XceiverServerRatis (XceiverServerRatis.java:start(428)) - XceiverServerRatis b8e3ed25-0363-4ec5-b8d7-7bac29be8c71 is started using port 34298
2019-10-14 10:22:39,707 [Datanode State Machine Thread - 0] INFO  server.XceiverServerGrpc (XceiverServerGrpc.java:start(149)) - XceiverServerGrpc b8e3ed25-0363-4ec5-b8d7-7bac29be8c71 is started using port 39230
2019-10-14 10:22:39,746 [main] INFO  ozone.MiniOzoneClusterImpl (MiniOzoneClusterImpl.java:lambda$waitForClusterToBeReady$0(147)) - Waiting for cluster to be ready. Got 0 of 7 DN Heartbeats.
2019-10-14 10:22:39,772 [Datanode State Machine Thread - 0] INFO  ozoneimpl.OzoneContainer (OzoneContainer.java:start(213)) - Attempting to start container services.
2019-10-14 10:22:39,772 [Datanode State Machine Thread - 0] INFO  ozoneimpl.OzoneContainer (OzoneContainer.java:startContainerScrub(177)) - Background container scanner has been disabled.
2019-10-14 10:22:39,772 [Datanode State Machine Thread - 0] INFO  ratis.XceiverServerRatis (XceiverServerRatis.java:start(418)) - Starting XceiverServerRatis 5ff7de4b-4953-4c1b-a97b-cf9f343073ea at port 0
2019-10-14 10:22:39,778 [Datanode State Machine Thread - 0] INFO  impl.RaftServerProxy (RaftServerProxy.java:lambda$start$3(299)) - 5ff7de4b-4953-4c1b-a97b-cf9f343073ea: start RPC server
2019-10-14 10:22:39,780 [Datanode State Machine Thread - 0] INFO  server.GrpcService (GrpcService.java:startImpl(158)) - 5ff7de4b-4953-4c1b-a97b-cf9f343073ea: GrpcService started, listening on 0.0.0.0/0.0.0.0:43705
2019-10-14 10:22:39,781 [Datanode State Machine Thread - 0] INFO  ratis.XceiverServerRatis (XceiverServerRatis.java:start(428)) - XceiverServerRatis 5ff7de4b-4953-4c1b-a97b-cf9f343073ea is started using port 43705
2019-10-14 10:22:39,791 [Datanode State Machine Thread - 0] INFO  server.XceiverServerGrpc (XceiverServerGrpc.java:start(149)) - XceiverServerGrpc 5ff7de4b-4953-4c1b-a97b-cf9f343073ea is started using port 37880
2019-10-14 10:22:40,746 [main] INFO  ozone.MiniOzoneClusterImpl (MiniOzoneClusterImpl.java:lambda$waitForClusterToBeReady$0(147)) - Waiting for cluster to be ready. Got 0 of 7 DN Heartbeats.
2019-10-14 10:22:41,367 [IPC Server handler 6 on 33373] INFO  net.NetworkTopology (NetworkTopologyImpl.java:add(111)) - Added a new node: /default-rack/514d7619-ced6-4f91-abef-7c941b49b03a
2019-10-14 10:22:41,369 [IPC Server handler 6 on 33373] INFO  node.SCMNodeManager (SCMNodeManager.java:register(268)) - Registered Data node : 514d7619-ced6-4f91-abef-7c941b49b03a{ip: 192.168.151.98, host: pr-hdds-2295-pn7hw-3586430783, networkLocation: /default-rack, certSerialId: null}
2019-10-14 10:22:41,370 [EventQueue-NodeRegistrationContainerReportForDataNodeSafeModeRule] INFO  safemode.SCMSafeModeManager (DataNodeSafeModeRule.java:process(71)) - SCM in safe mode. 1 DataNodes registered, 1 required.
2019-10-14 10:22:41,372 [EventQueue-NodeRegistrationContainerReportForDataNodeSafeModeRule] INFO  safemode.SCMSafeModeManager (SCMSafeModeManager.java:validateSafeModeExitRules(177)) - ScmSafeModeManager, all rules are successfully validated
2019-10-14 10:22:41,373 [EventQueue-NodeRegistrationContainerReportForDataNodeSafeModeRule] INFO  safemode.SCMSafeModeManager (SCMSafeModeManager.java:exitSafeMode(193)) - SCM exiting safe mode.
2019-10-14 10:22:41,386 [grpc-default-executor-3] INFO  impl.RaftServerProxy (RaftServerProxy.java:addNew(89)) - 514d7619-ced6-4f91-abef-7c941b49b03a: addNew group-2C31EE8BEFAE:[514d7619-ced6-4f91-abef-7c941b49b03a:192.168.151.98:33984] returns group-2C31EE8BEFAE:java.util.concurrent.CompletableFuture@67e71084[Not completed]
2019-10-14 10:22:41,389 [pool-207-thread-1] INFO  impl.RaftServerImpl (RaftServerImpl.java:<init>(95)) - 514d7619-ced6-4f91-abef-7c941b49b03a: new RaftServerImpl for group-2C31EE8BEFAE:[514d7619-ced6-4f91-abef-7c941b49b03a:192.168.151.98:33984] with ContainerStateMachine:uninitialized
2019-10-14 10:22:41,389 [pool-207-thread-1] INFO  server.RaftServerConfigKeys (ConfUtils.java:logGet(43)) - raft.server.rpc.timeout.min = 5s (custom)
2019-10-14 10:22:41,389 [pool-207-thread-1] INFO  server.RaftServerConfigKeys (ConfUtils.java:logGet(43)) - raft.server.rpc.timeout.max = 5200ms (custom)
2019-10-14 10:22:41,389 [pool-207-thread-1] INFO  server.RaftServerConfigKeys (ConfUtils.java:logGet(43)) - raft.server.rpcslowness.timeout = 120s (custom)
2019-10-14 10:22:41,390 [pool-207-thread-1] INFO  server.RaftServerConfigKeys (ConfUtils.java:logGet(43)) - raft.server.sleep.deviation.threshold = 300 (default)
2019-10-14 10:22:41,390 [pool-207-thread-1] INFO  server.RaftServerConfigKeys (ConfUtils.java:logGet(43)) - raft.server.log.appender.install.snapshot.enabled = false (custom)
2019-10-14 10:22:41,390 [pool-207-thread-1] INFO  impl.RaftServerImpl (ServerState.java:<init>(103)) - 514d7619-ced6-4f91-abef-7c941b49b03a@group-2C31EE8BEFAE: ConfigurationManager, init=-1: [514d7619-ced6-4f91-abef-7c941b49b03a:192.168.151.98:33984], old=null, confs=<EMPTY_MAP>
2019-10-14 10:22:41,390 [pool-207-thread-1] INFO  server.RaftServerConfigKeys (ConfUtils.java:logGet(43)) - raft.server.storage.dir = [/workdir/hadoop-ozone/integration-test/target/test-dir/MiniOzoneClusterImpl-dc2b9cc2-6b0d-409d-bb5b-6a950fa1c069/datanode-0/data/ratis] (custom)
2019-10-14 10:22:41,391 [pool-207-thread-1] INFO  server.RaftServerConfigKeys (ConfUtils.java:logGet(43)) - raft.server.log.corruption.policy = EXCEPTION (default)
2019-10-14 10:22:41,391 [pool-207-thread-1] INFO  storage.RaftStorageDirectory (RaftStorageDirectory.java:analyzeStorage(246)) - The storage directory /workdir/hadoop-ozone/integration-test/target/test-dir/MiniOzoneClusterImpl-dc2b9cc2-6b0d-409d-bb5b-6a950fa1c069/datanode-0/data/ratis/2bee5207-a3b5-4601-90f8-2c31ee8befae does not exist. Creating ...
2019-10-14 10:22:41,406 [pool-207-thread-1] INFO  storage.RaftStorageDirectory (RaftStorageDirectory.java:tryLock(328)) - Lock on /workdir/hadoop-ozone/integration-test/target/test-dir/MiniOzoneClusterImpl-dc2b9cc2-6b0d-409d-bb5b-6a950fa1c069/datanode-0/data/ratis/2bee5207-a3b5-4601-90f8-2c31ee8befae/in_use.lock acquired by nodename 15900@pr-hdds-2295-pn7hw-3586430783
2019-10-14 10:22:41,420 [pool-207-thread-1] INFO  storage.RaftStorage (RaftStorage.java:format(84)) - Storage directory /workdir/hadoop-ozone/integration-test/target/test-dir/MiniOzoneClusterImpl-dc2b9cc2-6b0d-409d-bb5b-6a950fa1c069/datanode-0/data/ratis/2bee5207-a3b5-4601-90f8-2c31ee8befae has been successfully formatted.
2019-10-14 10:22:41,420 [pool-207-thread-1] INFO  ratis.ContainerStateMachine (ContainerStateMachine.java:loadSnapshot(231)) - group-2C31EE8BEFAE: The snapshot info is null. Setting the last applied indexto:(t:0, i:~)
2019-10-14 10:22:41,420 [pool-207-thread-1] INFO  server.RaftServerConfigKeys (ConfUtils.java:logGet(43)) - raft.server.notification.no-leader.timeout = 120s (custom)
2019-10-14 10:22:41,421 [pool-207-thread-1] INFO  server.RaftServerConfigKeys (ConfUtils.java:logGet(43)) - raft.server.log.use.memory = false (default)
2019-10-14 10:22:41,421 [pool-207-thread-1] INFO  server.RaftServerConfigKeys (ConfUtils.java:logGet(43)) - raft.server.log.purge.gap = 1000000 (custom)
2019-10-14 10:22:41,421 [pool-207-thread-1] INFO  server.RaftServerConfigKeys (ConfUtils.java:logGet(43)) - raft.server.log.appender.buffer.byte-limit = 33554432 (custom)
2019-10-14 10:22:41,421 [pool-207-thread-1] INFO  server.RaftServerConfigKeys (ConfUtils.java:logGet(43)) - raft.server.log.segment.size.max = 1048576 (custom)
2019-10-14 10:22:41,424 [pool-207-thread-1] INFO  server.RaftServerConfigKeys (ConfUtils.java:logGet(43)) - raft.server.log.segment.cache.num.max = 2 (custom)
2019-10-14 10:22:41,424 [pool-207-thread-1] INFO  segmented.SegmentedRaftLogWorker (SegmentedRaftLogWorker.java:<init>(173)) - new 514d7619-ced6-4f91-abef-7c941b49b03a@group-2C31EE8BEFAE-SegmentedRaftLogWorker for RaftStorage:Storage Directory /workdir/hadoop-ozone/integration-test/target/test-dir/MiniOzoneClusterImpl-dc2b9cc2-6b0d-409d-bb5b-6a950fa1c069/datanode-0/data/ratis/2bee5207-a3b5-4601-90f8-2c31ee8befae
2019-10-14 10:22:41,424 [pool-207-thread-1] INFO  server.RaftServerConfigKeys (ConfUtils.java:logGet(43)) - raft.server.log.queue.byte-limit = 2147483647 (custom)
2019-10-14 10:22:41,424 [pool-207-thread-1] INFO  server.RaftServerConfigKeys (ConfUtils.java:logGet(43)) - raft.server.log.queue.element-limit = 1024 (custom)
2019-10-14 10:22:41,424 [pool-207-thread-1] INFO  server.RaftServerConfigKeys (ConfUtils.java:logGet(43)) - raft.server.log.segment.size.max = 1048576 (custom)
2019-10-14 10:22:41,424 [pool-207-thread-1] INFO  server.RaftServerConfigKeys (ConfUtils.java:logGet(43)) - raft.server.log.preallocated.size = 16384 (custom)
2019-10-14 10:22:41,425 [pool-207-thread-1] INFO  server.RaftServerConfigKeys (ConfUtils.java:logGet(43)) - raft.server.log.write.buffer.size = 33554432 (custom)
2019-10-14 10:22:41,425 [pool-207-thread-1] INFO  server.RaftServerConfigKeys (ConfUtils.java:logGet(43)) - raft.server.log.force.sync.num = 128 (default)
2019-10-14 10:22:41,425 [pool-207-thread-1] INFO  server.RaftServerConfigKeys (ConfUtils.java:logGet(43)) - raft.server.log.statemachine.data.sync = true (default)
2019-10-14 10:22:41,425 [pool-207-thread-1] INFO  server.RaftServerConfigKeys (ConfUtils.java:logGet(43)) - raft.server.log.statemachine.data.sync.timeout = 10s (default)
2019-10-14 10:22:41,425 [pool-207-thread-1] INFO  server.RaftServerConfigKeys (ConfUtils.java:logGet(43)) - raft.server.log.statemachine.data.sync.timeout.retry = -1 (default)
2019-10-14 10:22:41,426 [pool-207-thread-1] INFO  server.RaftServerConfigKeys (ConfUtils.java:logGet(43)) - raft.server.log.statemachine.data.caching.enabled = true (custom)
2019-10-14 10:22:41,426 [pool-207-thread-1] INFO  segmented.SegmentedRaftLogWorker (SegmentedRaftLogWorker.java:lambda$new$0(128)) - 514d7619-ced6-4f91-abef-7c941b49b03a@group-2C31EE8BEFAE-SegmentedRaftLogWorker: flushIndex: setUnconditionally 0 -> -1
2019-10-14 10:22:41,426 [pool-207-thread-1] INFO  server.RaftServerConfigKeys (ConfUtils.java:logGet(43)) - raft.server.snapshot.auto.trigger.enabled = true (custom)
2019-10-14 10:22:41,427 [pool-207-thread-1] INFO  server.RaftServerConfigKeys (ConfUtils.java:logGet(43)) - raft.server.snapshot.auto.trigger.threshold = 10000 (custom)
2019-10-14 10:22:41,427 [pool-207-thread-1] INFO  server.RaftServerConfigKeys (ConfUtils.java:logGet(43)) - raft.server.snapshot.retention.file.num = 5 (custom)
2019-10-14 10:22:41,427 [pool-207-thread-1] INFO  server.RaftServerConfigKeys (ConfUtils.java:logGet(43)) - raft.server.retrycache.expirytime = 600000ms (custom)
2019-10-14 10:22:41,429 [pool-207-thread-1] INFO  impl.RaftServerImpl (RaftServerImpl.java:start(181)) - 514d7619-ced6-4f91-abef-7c941b49b03a@group-2C31EE8BEFAE: start as a follower, conf=-1: [514d7619-ced6-4f91-abef-7c941b49b03a:192.168.151.98:33984], old=null
2019-10-14 10:22:41,429 [pool-207-thread-1] INFO  impl.RaftServerImpl (RaftServerImpl.java:setRole(170)) - 514d7619-ced6-4f91-abef-7c941b49b03a@group-2C31EE8BEFAE: changes role from      null to FOLLOWER at term 0 for startAsFollower
2019-10-14 10:22:41,429 [pool-207-thread-1] INFO  impl.RoleInfo (RoleInfo.java:updateAndGet(143)) - 514d7619-ced6-4f91-abef-7c941b49b03a: start FollowerState
2019-10-14 10:22:41,429 [pool-207-thread-1] INFO  util.JmxRegister (JmxRegister.java:tryRegister(44)) - Successfully registered JMX Bean with object name Ratis:service=RaftServer,group=group-2C31EE8BEFAE,id=514d7619-ced6-4f91-abef-7c941b49b03a
2019-10-14 10:22:41,434 [RatisPipelineUtilsThread] INFO  pipeline.PipelineStateManager (PipelineStateManager.java:addPipeline(56)) - Created pipeline Pipeline[ Id: 2bee5207-a3b5-4601-90f8-2c31ee8befae, Nodes: 514d7619-ced6-4f91-abef-7c941b49b03a{ip: 192.168.151.98, host: pr-hdds-2295-pn7hw-3586430783, networkLocation: /default-rack, certSerialId: null}, Type:RATIS, Factor:ONE, State:OPEN]
2019-10-14 10:22:41,444 [IPC Server handler 5 on 33373] INFO  net.NetworkTopology (NetworkTopologyImpl.java:add(111)) - Added a new node: /default-rack/9a7cd4fb-2149-444e-852a-606827ec4daf
2019-10-14 10:22:41,445 [IPC Server handler 5 on 33373] INFO  node.SCMNodeManager (SCMNodeManager.java:register(268)) - Registered Data node : 9a7cd4fb-2149-444e-852a-606827ec4daf{ip: 192.168.151.98, host: pr-hdds-2295-pn7hw-3586430783, networkLocation: /default-rack, certSerialId: null}
2019-10-14 10:22:41,467 [grpc-default-executor-3] INFO  impl.RaftServerProxy (RaftServerProxy.java:addNew(89)) - 9a7cd4fb-2149-444e-852a-606827ec4daf: addNew group-0AE4518E40D8:[9a7cd4fb-2149-444e-852a-606827ec4daf:192.168.151.98:35647] returns group-0AE4518E40D8:java.util.concurrent.CompletableFuture@1e6c8db1[Not completed]
2019-10-14 10:22:41,468 [pool-217-thread-1] INFO  impl.RaftServerImpl (RaftServerImpl.java:<init>(95)) - 9a7cd4fb-2149-444e-852a-606827ec4daf: new RaftServerImpl for group-0AE4518E40D8:[9a7cd4fb-2149-444e-852a-606827ec4daf:192.168.151.98:35647] with ContainerStateMachine:uninitialized
2019-10-14 10:22:41,468 [pool-217-thread-1] INFO  server.RaftServerConfigKeys (ConfUtils.java:logGet(43)) - raft.server.rpc.timeout.min = 5s (custom)
2019-10-14 10:22:41,468 [pool-217-thread-1] INFO  server.RaftServerConfigKeys (ConfUtils.java:logGet(43)) - raft.server.rpc.timeout.max = 5200ms (custom)
2019-10-14 10:22:41,468 [pool-217-thread-1] INFO  server.RaftServerConfigKeys (ConfUtils.java:logGet(43)) - raft.server.rpcslowness.timeout = 120s (custom)
2019-10-14 10:22:41,468 [pool-217-thread-1] INFO  server.RaftServerConfigKeys (ConfUtils.java:logGet(43)) - raft.server.sleep.deviation.threshold = 300 (default)
2019-10-14 10:22:41,468 [pool-217-thread-1] INFO  server.RaftServerConfigKeys (ConfUtils.java:logGet(43)) - raft.server.log.appender.install.snapshot.enabled = false (custom)
2019-10-14 10:22:41,468 [pool-217-thread-1] INFO  impl.RaftServerImpl (ServerState.java:<init>(103)) - 9a7cd4fb-2149-444e-852a-606827ec4daf@group-0AE4518E40D8: ConfigurationManager, init=-1: [9a7cd4fb-2149-444e-852a-606827ec4daf:192.168.151.98:35647], old=null, confs=<EMPTY_MAP>
2019-10-14 10:22:41,469 [pool-217-thread-1] INFO  server.RaftServerConfigKeys (ConfUtils.java:logGet(43)) - raft.server.storage.dir = [/workdir/hadoop-ozone/integration-test/target/test-dir/MiniOzoneClusterImpl-dc2b9cc2-6b0d-409d-bb5b-6a950fa1c069/datanode-1/data/ratis] (custom)
2019-10-14 10:22:41,469 [pool-217-thread-1] INFO  server.RaftServerConfigKeys (ConfUtils.java:logGet(43)) - raft.server.log.corruption.policy = EXCEPTION (default)
2019-10-14 10:22:41,469 [pool-217-thread-1] INFO  storage.RaftStorageDirectory (RaftStorageDirectory.java:analyzeStorage(246)) - The storage directory /workdir/hadoop-ozone/integration-test/target/test-dir/MiniOzoneClusterImpl-dc2b9cc2-6b0d-409d-bb5b-6a950fa1c069/datanode-1/data/ratis/1955f966-5681-4012-b7a5-0ae4518e40d8 does not exist. Creating ...
2019-10-14 10:22:41,482 [pool-217-thread-1] INFO  storage.RaftStorageDirectory (RaftStorageDirectory.java:tryLock(328)) - Lock on /workdir/hadoop-ozone/integration-test/target/test-dir/MiniOzoneClusterImpl-dc2b9cc2-6b0d-409d-bb5b-6a950fa1c069/datanode-1/data/ratis/1955f966-5681-4012-b7a5-0ae4518e40d8/in_use.lock acquired by nodename 15900@pr-hdds-2295-pn7hw-3586430783
2019-10-14 10:22:41,495 [pool-217-thread-1] INFO  storage.RaftStorage (RaftStorage.java:format(84)) - Storage directory /workdir/hadoop-ozone/integration-test/target/test-dir/MiniOzoneClusterImpl-dc2b9cc2-6b0d-409d-bb5b-6a950fa1c069/datanode-1/data/ratis/1955f966-5681-4012-b7a5-0ae4518e40d8 has been successfully formatted.
2019-10-14 10:22:41,495 [pool-217-thread-1] INFO  ratis.ContainerStateMachine (ContainerStateMachine.java:loadSnapshot(231)) - group-0AE4518E40D8: The snapshot info is null. Setting the last applied indexto:(t:0, i:~)
2019-10-14 10:22:41,495 [pool-217-thread-1] INFO  server.RaftServerConfigKeys (ConfUtils.java:logGet(43)) - raft.server.notification.no-leader.timeout = 120s (custom)
2019-10-14 10:22:41,495 [pool-217-thread-1] INFO  server.RaftServerConfigKeys (ConfUtils.java:logGet(43)) - raft.server.log.use.memory = false (default)
2019-10-14 10:22:41,495 [pool-217-thread-1] INFO  server.RaftServerConfigKeys (ConfUtils.java:logGet(43)) - raft.server.log.purge.gap = 1000000 (custom)
2019-10-14 10:22:41,495 [pool-217-thread-1] INFO  server.RaftServerConfigKeys (ConfUtils.java:logGet(43)) - raft.server.log.appender.buffer.byte-limit = 33554432 (custom)
2019-10-14 10:22:41,496 [pool-217-thread-1] INFO  server.RaftServerConfigKeys (ConfUtils.java:logGet(43)) - raft.server.log.segment.size.max = 1048576 (custom)
2019-10-14 10:22:41,497 [pool-217-thread-1] INFO  server.RaftServerConfigKeys (ConfUtils.java:logGet(43)) - raft.server.log.segment.cache.num.max = 2 (custom)
2019-10-14 10:22:41,497 [pool-217-thread-1] INFO  segmented.SegmentedRaftLogWorker (SegmentedRaftLogWorker.java:<init>(173)) - new 9a7cd4fb-2149-444e-852a-606827ec4daf@group-0AE4518E40D8-SegmentedRaftLogWorker for RaftStorage:Storage Directory /workdir/hadoop-ozone/integration-test/target/test-dir/MiniOzoneClusterImpl-dc2b9cc2-6b0d-409d-bb5b-6a950fa1c069/datanode-1/data/ratis/1955f966-5681-4012-b7a5-0ae4518e40d8
2019-10-14 10:22:41,497 [pool-217-thread-1] INFO  server.RaftServerConfigKeys (ConfUtils.java:logGet(43)) - raft.server.log.queue.byte-limit = 2147483647 (custom)
2019-10-14 10:22:41,497 [pool-217-thread-1] INFO  server.RaftServerConfigKeys (ConfUtils.java:logGet(43)) - raft.server.log.queue.element-limit = 1024 (custom)
2019-10-14 10:22:41,497 [pool-217-thread-1] INFO  server.RaftServerConfigKeys (ConfUtils.java:logGet(43)) - raft.server.log.segment.size.max = 1048576 (custom)
2019-10-14 10:22:41,498 [pool-217-thread-1] INFO  server.RaftServerConfigKeys (ConfUtils.java:logGet(43)) - raft.server.log.preallocated.size = 16384 (custom)
2019-10-14 10:22:41,498 [pool-217-thread-1] INFO  server.RaftServerConfigKeys (ConfUtils.java:logGet(43)) - raft.server.log.write.buffer.size = 33554432 (custom)
2019-10-14 10:22:41,498 [pool-217-thread-1] INFO  server.RaftServerConfigKeys (ConfUtils.java:logGet(43)) - raft.server.log.force.sync.num = 128 (default)
2019-10-14 10:22:41,498 [pool-217-thread-1] INFO  server.RaftServerConfigKeys (ConfUtils.java:logGet(43)) - raft.server.log.statemachine.data.sync = true (default)
2019-10-14 10:22:41,498 [pool-217-thread-1] INFO  server.RaftServerConfigKeys (ConfUtils.java:logGet(43)) - raft.server.log.statemachine.data.sync.timeout = 10s (default)
2019-10-14 10:22:41,498 [pool-217-thread-1] INFO  server.RaftServerConfigKeys (ConfUtils.java:logGet(43)) - raft.server.log.statemachine.data.sync.timeout.retry = -1 (default)
2019-10-14 10:22:41,498 [pool-217-thread-1] INFO  server.RaftServerConfigKeys (ConfUtils.java:logGet(43)) - raft.server.log.statemachine.data.caching.enabled = true (custom)
2019-10-14 10:22:41,499 [pool-217-thread-1] INFO  segmented.SegmentedRaftLogWorker (SegmentedRaftLogWorker.java:lambda$new$0(128)) - 9a7cd4fb-2149-444e-852a-606827ec4daf@group-0AE4518E40D8-SegmentedRaftLogWorker: flushIndex: setUnconditionally 0 -> -1
2019-10-14 10:22:41,499 [pool-217-thread-1] INFO  server.RaftServerConfigKeys (ConfUtils.java:logGet(43)) - raft.server.snapshot.auto.trigger.enabled = true (custom)
2019-10-14 10:22:41,499 [pool-217-thread-1] INFO  server.RaftServerConfigKeys (ConfUtils.java:logGet(43)) - raft.server.snapshot.auto.trigger.threshold = 10000 (custom)
2019-10-14 10:22:41,499 [pool-217-thread-1] INFO  server.RaftServerConfigKeys (ConfUtils.java:logGet(43)) - raft.server.snapshot.retention.file.num = 5 (custom)
2019-10-14 10:22:41,499 [pool-217-thread-1] INFO  server.RaftServerConfigKeys (ConfUtils.java:logGet(43)) - raft.server.retrycache.expirytime = 600000ms (custom)
2019-10-14 10:22:41,500 [pool-217-thread-1] INFO  impl.RaftServerImpl (RaftServerImpl.java:start(181)) - 9a7cd4fb-2149-444e-852a-606827ec4daf@group-0AE4518E40D8: start as a follower, conf=-1: [9a7cd4fb-2149-444e-852a-606827ec4daf:192.168.151.98:35647], old=null
2019-10-14 10:22:41,501 [pool-217-thread-1] INFO  impl.RaftServerImpl (RaftServerImpl.java:setRole(170)) - 9a7cd4fb-2149-444e-852a-606827ec4daf@group-0AE4518E40D8: changes role from      null to FOLLOWER at term 0 for startAsFollower
2019-10-14 10:22:41,501 [pool-217-thread-1] INFO  impl.RoleInfo (RoleInfo.java:updateAndGet(143)) - 9a7cd4fb-2149-444e-852a-606827ec4daf: start FollowerState
2019-10-14 10:22:41,501 [pool-217-thread-1] INFO  util.JmxRegister (JmxRegister.java:tryRegister(44)) - Successfully registered JMX Bean with object name Ratis:service=RaftServer,group=group-0AE4518E40D8,id=9a7cd4fb-2149-444e-852a-606827ec4daf
2019-10-14 10:22:41,502 [IPC Server handler 0 on 33373] INFO  net.NetworkTopology (NetworkTopologyImpl.java:add(111)) - Added a new node: /default-rack/71a3fedc-d6c8-4ada-8021-3efcd81af050
2019-10-14 10:22:41,502 [IPC Server handler 0 on 33373] INFO  node.SCMNodeManager (SCMNodeManager.java:register(268)) - Registered Data node : 71a3fedc-d6c8-4ada-8021-3efcd81af050{ip: 192.168.151.98, host: pr-hdds-2295-pn7hw-3586430783, networkLocation: /default-rack, certSerialId: null}
2019-10-14 10:22:41,505 [RatisPipelineUtilsThread] INFO  pipeline.PipelineStateManager (PipelineStateManager.java:addPipeline(56)) - Created pipeline Pipeline[ Id: 1955f966-5681-4012-b7a5-0ae4518e40d8, Nodes: 9a7cd4fb-2149-444e-852a-606827ec4daf{ip: 192.168.151.98, host: pr-hdds-2295-pn7hw-3586430783, networkLocation: /default-rack, certSerialId: null}, Type:RATIS, Factor:ONE, State:OPEN]
2019-10-14 10:22:41,513 [grpc-default-executor-3] INFO  impl.RaftServerProxy (RaftServerProxy.java:addNew(89)) - 71a3fedc-d6c8-4ada-8021-3efcd81af050: addNew group-4C2D410CCF9F:[71a3fedc-d6c8-4ada-8021-3efcd81af050:192.168.151.98:39539] returns group-4C2D410CCF9F:java.util.concurrent.CompletableFuture@6ddefcd4[Not completed]
2019-10-14 10:22:41,516 [pool-227-thread-1] INFO  impl.RaftServerImpl (RaftServerImpl.java:<init>(95)) - 71a3fedc-d6c8-4ada-8021-3efcd81af050: new RaftServerImpl for group-4C2D410CCF9F:[71a3fedc-d6c8-4ada-8021-3efcd81af050:192.168.151.98:39539] with ContainerStateMachine:uninitialized
2019-10-14 10:22:41,516 [pool-227-thread-1] INFO  server.RaftServerConfigKeys (ConfUtils.java:logGet(43)) - raft.server.rpc.timeout.min = 5s (custom)
2019-10-14 10:22:41,516 [pool-227-thread-1] INFO  server.RaftServerConfigKeys (ConfUtils.java:logGet(43)) - raft.server.rpc.timeout.max = 5200ms (custom)
2019-10-14 10:22:41,516 [pool-227-thread-1] INFO  server.RaftServerConfigKeys (ConfUtils.java:logGet(43)) - raft.server.rpcslowness.timeout = 120s (custom)
2019-10-14 10:22:41,516 [pool-227-thread-1] INFO  server.RaftServerConfigKeys (ConfUtils.java:logGet(43)) - raft.server.sleep.deviation.threshold = 300 (default)
2019-10-14 10:22:41,516 [pool-227-thread-1] INFO  server.RaftServerConfigKeys (ConfUtils.java:logGet(43)) - raft.server.log.appender.install.snapshot.enabled = false (custom)
2019-10-14 10:22:41,516 [pool-227-thread-1] INFO  impl.RaftServerImpl (ServerState.java:<init>(103)) - 71a3fedc-d6c8-4ada-8021-3efcd81af050@group-4C2D410CCF9F: ConfigurationManager, init=-1: [71a3fedc-d6c8-4ada-8021-3efcd81af050:192.168.151.98:39539], old=null, confs=<EMPTY_MAP>
2019-10-14 10:22:41,517 [pool-227-thread-1] INFO  server.RaftServerConfigKeys (ConfUtils.java:logGet(43)) - raft.server.storage.dir = [/workdir/hadoop-ozone/integration-test/target/test-dir/MiniOzoneClusterImpl-dc2b9cc2-6b0d-409d-bb5b-6a950fa1c069/datanode-2/data/ratis] (custom)
2019-10-14 10:22:41,517 [pool-227-thread-1] INFO  server.RaftServerConfigKeys (ConfUtils.java:logGet(43)) - raft.server.log.corruption.policy = EXCEPTION (default)
2019-10-14 10:22:41,517 [pool-227-thread-1] INFO  storage.RaftStorageDirectory (RaftStorageDirectory.java:analyzeStorage(246)) - The storage directory /workdir/hadoop-ozone/integration-test/target/test-dir/MiniOzoneClusterImpl-dc2b9cc2-6b0d-409d-bb5b-6a950fa1c069/datanode-2/data/ratis/0ac1eda8-c199-4797-9d4e-4c2d410ccf9f does not exist. Creating ...
2019-10-14 10:22:41,530 [pool-227-thread-1] INFO  storage.RaftStorageDirectory (RaftStorageDirectory.java:tryLock(328)) - Lock on /workdir/hadoop-ozone/integration-test/target/test-dir/MiniOzoneClusterImpl-dc2b9cc2-6b0d-409d-bb5b-6a950fa1c069/datanode-2/data/ratis/0ac1eda8-c199-4797-9d4e-4c2d410ccf9f/in_use.lock acquired by nodename 15900@pr-hdds-2295-pn7hw-3586430783
2019-10-14 10:22:41,543 [pool-227-thread-1] INFO  storage.RaftStorage (RaftStorage.java:format(84)) - Storage directory /workdir/hadoop-ozone/integration-test/target/test-dir/MiniOzoneClusterImpl-dc2b9cc2-6b0d-409d-bb5b-6a950fa1c069/datanode-2/data/ratis/0ac1eda8-c199-4797-9d4e-4c2d410ccf9f has been successfully formatted.
2019-10-14 10:22:41,543 [pool-227-thread-1] INFO  ratis.ContainerStateMachine (ContainerStateMachine.java:loadSnapshot(231)) - group-4C2D410CCF9F: The snapshot info is null. Setting the last applied indexto:(t:0, i:~)
2019-10-14 10:22:41,543 [pool-227-thread-1] INFO  server.RaftServerConfigKeys (ConfUtils.java:logGet(43)) - raft.server.notification.no-leader.timeout = 120s (custom)
2019-10-14 10:22:41,544 [pool-227-thread-1] INFO  server.RaftServerConfigKeys (ConfUtils.java:logGet(43)) - raft.server.log.use.memory = false (default)
2019-10-14 10:22:41,544 [pool-227-thread-1] INFO  server.RaftServerConfigKeys (ConfUtils.java:logGet(43)) - raft.server.log.purge.gap = 1000000 (custom)
2019-10-14 10:22:41,544 [pool-227-thread-1] INFO  server.RaftServerConfigKeys (ConfUtils.java:logGet(43)) - raft.server.log.appender.buffer.byte-limit = 33554432 (custom)
2019-10-14 10:22:41,544 [pool-227-thread-1] INFO  server.RaftServerConfigKeys (ConfUtils.java:logGet(43)) - raft.server.log.segment.size.max = 1048576 (custom)
2019-10-14 10:22:41,546 [pool-227-thread-1] INFO  server.RaftServerConfigKeys (ConfUtils.java:logGet(43)) - raft.server.log.segment.cache.num.max = 2 (custom)
2019-10-14 10:22:41,546 [pool-227-thread-1] INFO  segmented.SegmentedRaftLogWorker (SegmentedRaftLogWorker.java:<init>(173)) - new 71a3fedc-d6c8-4ada-8021-3efcd81af050@group-4C2D410CCF9F-SegmentedRaftLogWorker for RaftStorage:Storage Directory /workdir/hadoop-ozone/integration-test/target/test-dir/MiniOzoneClusterImpl-dc2b9cc2-6b0d-409d-bb5b-6a950fa1c069/datanode-2/data/ratis/0ac1eda8-c199-4797-9d4e-4c2d410ccf9f
2019-10-14 10:22:41,546 [pool-227-thread-1] INFO  server.RaftServerConfigKeys (ConfUtils.java:logGet(43)) - raft.server.log.queue.byte-limit = 2147483647 (custom)
2019-10-14 10:22:41,547 [pool-227-thread-1] INFO  server.RaftServerConfigKeys (ConfUtils.java:logGet(43)) - raft.server.log.queue.element-limit = 1024 (custom)
2019-10-14 10:22:41,547 [pool-227-thread-1] INFO  server.RaftServerConfigKeys (ConfUtils.java:logGet(43)) - raft.server.log.segment.size.max = 1048576 (custom)
2019-10-14 10:22:41,547 [pool-227-thread-1] INFO  server.RaftServerConfigKeys (ConfUtils.java:logGet(43)) - raft.server.log.preallocated.size = 16384 (custom)
2019-10-14 10:22:41,547 [pool-227-thread-1] INFO  server.RaftServerConfigKeys (ConfUtils.java:logGet(43)) - raft.server.log.write.buffer.size = 33554432 (custom)
2019-10-14 10:22:41,547 [pool-227-thread-1] INFO  server.RaftServerConfigKeys (ConfUtils.java:logGet(43)) - raft.server.log.force.sync.num = 128 (default)
2019-10-14 10:22:41,547 [pool-227-thread-1] INFO  server.RaftServerConfigKeys (ConfUtils.java:logGet(43)) - raft.server.log.statemachine.data.sync = true (default)
2019-10-14 10:22:41,547 [pool-227-thread-1] INFO  server.RaftServerConfigKeys (ConfUtils.java:logGet(43)) - raft.server.log.statemachine.data.sync.timeout = 10s (default)
2019-10-14 10:22:41,548 [pool-227-thread-1] INFO  server.RaftServerConfigKeys (ConfUtils.java:logGet(43)) - raft.server.log.statemachine.data.sync.timeout.retry = -1 (default)
2019-10-14 10:22:41,548 [pool-227-thread-1] INFO  server.RaftServerConfigKeys (ConfUtils.java:logGet(43)) - raft.server.log.statemachine.data.caching.enabled = true (custom)
2019-10-14 10:22:41,548 [pool-227-thread-1] INFO  segmented.SegmentedRaftLogWorker (SegmentedRaftLogWorker.java:lambda$new$0(128)) - 71a3fedc-d6c8-4ada-8021-3efcd81af050@group-4C2D410CCF9F-SegmentedRaftLogWorker: flushIndex: setUnconditionally 0 -> -1
2019-10-14 10:22:41,549 [pool-227-thread-1] INFO  server.RaftServerConfigKeys (ConfUtils.java:logGet(43)) - raft.server.snapshot.auto.trigger.enabled = true (custom)
2019-10-14 10:22:41,549 [pool-227-thread-1] INFO  server.RaftServerConfigKeys (ConfUtils.java:logGet(43)) - raft.server.snapshot.auto.trigger.threshold = 10000 (custom)
2019-10-14 10:22:41,549 [pool-227-thread-1] INFO  server.RaftServerConfigKeys (ConfUtils.java:logGet(43)) - raft.server.snapshot.retention.file.num = 5 (custom)
2019-10-14 10:22:41,549 [pool-227-thread-1] INFO  server.RaftServerConfigKeys (ConfUtils.java:logGet(43)) - raft.server.retrycache.expirytime = 600000ms (custom)
2019-10-14 10:22:41,551 [pool-227-thread-1] INFO  impl.RaftServerImpl (RaftServerImpl.java:start(181)) - 71a3fedc-d6c8-4ada-8021-3efcd81af050@group-4C2D410CCF9F: start as a follower, conf=-1: [71a3fedc-d6c8-4ada-8021-3efcd81af050:192.168.151.98:39539], old=null
2019-10-14 10:22:41,551 [pool-227-thread-1] INFO  impl.RaftServerImpl (RaftServerImpl.java:setRole(170)) - 71a3fedc-d6c8-4ada-8021-3efcd81af050@group-4C2D410CCF9F: changes role from      null to FOLLOWER at term 0 for startAsFollower
2019-10-14 10:22:41,551 [pool-227-thread-1] INFO  impl.RoleInfo (RoleInfo.java:updateAndGet(143)) - 71a3fedc-d6c8-4ada-8021-3efcd81af050: start FollowerState
2019-10-14 10:22:41,552 [pool-227-thread-1] INFO  util.JmxRegister (JmxRegister.java:tryRegister(44)) - Successfully registered JMX Bean with object name Ratis:service=RaftServer,group=group-4C2D410CCF9F,id=71a3fedc-d6c8-4ada-8021-3efcd81af050
2019-10-14 10:22:41,556 [RatisPipelineUtilsThread] INFO  pipeline.PipelineStateManager (PipelineStateManager.java:addPipeline(56)) - Created pipeline Pipeline[ Id: 0ac1eda8-c199-4797-9d4e-4c2d410ccf9f, Nodes: 71a3fedc-d6c8-4ada-8021-3efcd81af050{ip: 192.168.151.98, host: pr-hdds-2295-pn7hw-3586430783, networkLocation: /default-rack, certSerialId: null}, Type:RATIS, Factor:ONE, State:OPEN]
2019-10-14 10:22:41,566 [IPC Server handler 2 on 33373] INFO  net.NetworkTopology (NetworkTopologyImpl.java:add(111)) - Added a new node: /default-rack/c1d8b9c1-42c0-4c9a-84fe-cc35f7b5bc36
2019-10-14 10:22:41,569 [IPC Server handler 2 on 33373] INFO  node.SCMNodeManager (SCMNodeManager.java:register(268)) - Registered Data node : c1d8b9c1-42c0-4c9a-84fe-cc35f7b5bc36{ip: 192.168.151.98, host: pr-hdds-2295-pn7hw-3586430783, networkLocation: /default-rack, certSerialId: null}
2019-10-14 10:22:41,573 [grpc-default-executor-1] INFO  impl.RaftServerProxy (RaftServerProxy.java:addNew(89)) - 9a7cd4fb-2149-444e-852a-606827ec4daf: addNew group-A2D2F2F5653F:[514d7619-ced6-4f91-abef-7c941b49b03a:192.168.151.98:33984, 71a3fedc-d6c8-4ada-8021-3efcd81af050:192.168.151.98:39539, 9a7cd4fb-2149-444e-852a-606827ec4daf:192.168.151.98:35647] returns group-A2D2F2F5653F:java.util.concurrent.CompletableFuture@6826dc9[Not completed]
2019-10-14 10:22:41,573 [grpc-default-executor-2] INFO  impl.RaftServerProxy (RaftServerProxy.java:addNew(89)) - 71a3fedc-d6c8-4ada-8021-3efcd81af050: addNew group-A2D2F2F5653F:[514d7619-ced6-4f91-abef-7c941b49b03a:192.168.151.98:33984, 71a3fedc-d6c8-4ada-8021-3efcd81af050:192.168.151.98:39539, 9a7cd4fb-2149-444e-852a-606827ec4daf:192.168.151.98:35647] returns group-A2D2F2F5653F:java.util.concurrent.CompletableFuture@55b8d7e5[Not completed]
2019-10-14 10:22:41,573 [grpc-default-executor-1] INFO  impl.RaftServerProxy (RaftServerProxy.java:addNew(89)) - 514d7619-ced6-4f91-abef-7c941b49b03a: addNew group-A2D2F2F5653F:[514d7619-ced6-4f91-abef-7c941b49b03a:192.168.151.98:33984, 71a3fedc-d6c8-4ada-8021-3efcd81af050:192.168.151.98:39539, 9a7cd4fb-2149-444e-852a-606827ec4daf:192.168.151.98:35647] returns group-A2D2F2F5653F:java.util.concurrent.CompletableFuture@6a6f32d3[Not completed]
2019-10-14 10:22:41,575 [pool-227-thread-1] INFO  impl.RaftServerImpl (RaftServerImpl.java:<init>(95)) - 71a3fedc-d6c8-4ada-8021-3efcd81af050: new RaftServerImpl for group-A2D2F2F5653F:[514d7619-ced6-4f91-abef-7c941b49b03a:192.168.151.98:33984, 71a3fedc-d6c8-4ada-8021-3efcd81af050:192.168.151.98:39539, 9a7cd4fb-2149-444e-852a-606827ec4daf:192.168.151.98:35647] with ContainerStateMachine:uninitialized
2019-10-14 10:22:41,575 [pool-227-thread-1] INFO  server.RaftServerConfigKeys (ConfUtils.java:logGet(43)) - raft.server.rpc.timeout.min = 5s (custom)
2019-10-14 10:22:41,575 [pool-227-thread-1] INFO  server.RaftServerConfigKeys (ConfUtils.java:logGet(43)) - raft.server.rpc.timeout.max = 5200ms (custom)
2019-10-14 10:22:41,575 [pool-227-thread-1] INFO  server.RaftServerConfigKeys (ConfUtils.java:logGet(43)) - raft.server.rpcslowness.timeout = 120s (custom)
2019-10-14 10:22:41,575 [pool-227-thread-1] INFO  server.RaftServerConfigKeys (ConfUtils.java:logGet(43)) - raft.server.sleep.deviation.threshold = 300 (default)
2019-10-14 10:22:41,575 [pool-207-thread-1] INFO  impl.RaftServerImpl (RaftServerImpl.java:<init>(95)) - 514d7619-ced6-4f91-abef-7c941b49b03a: new RaftServerImpl for group-A2D2F2F5653F:[514d7619-ced6-4f91-abef-7c941b49b03a:192.168.151.98:33984, 71a3fedc-d6c8-4ada-8021-3efcd81af050:192.168.151.98:39539, 9a7cd4fb-2149-444e-852a-606827ec4daf:192.168.151.98:35647] with ContainerStateMachine:uninitialized
2019-10-14 10:22:41,575 [pool-227-thread-1] INFO  server.RaftServerConfigKeys (ConfUtils.java:logGet(43)) - raft.server.log.appender.install.snapshot.enabled = false (custom)
2019-10-14 10:22:41,576 [pool-207-thread-1] INFO  server.RaftServerConfigKeys (ConfUtils.java:logGet(43)) - raft.server.rpc.timeout.min = 5s (custom)
2019-10-14 10:22:41,576 [pool-227-thread-1] INFO  impl.RaftServerImpl (ServerState.java:<init>(103)) - 71a3fedc-d6c8-4ada-8021-3efcd81af050@group-A2D2F2F5653F: ConfigurationManager, init=-1: [514d7619-ced6-4f91-abef-7c941b49b03a:192.168.151.98:33984, 71a3fedc-d6c8-4ada-8021-3efcd81af050:192.168.151.98:39539, 9a7cd4fb-2149-444e-852a-606827ec4daf:192.168.151.98:35647], old=null, confs=<EMPTY_MAP>
2019-10-14 10:22:41,576 [pool-207-thread-1] INFO  server.RaftServerConfigKeys (ConfUtils.java:logGet(43)) - raft.server.rpc.timeout.max = 5200ms (custom)
2019-10-14 10:22:41,576 [pool-227-thread-1] INFO  server.RaftServerConfigKeys (ConfUtils.java:logGet(43)) - raft.server.storage.dir = [/workdir/hadoop-ozone/integration-test/target/test-dir/MiniOzoneClusterImpl-dc2b9cc2-6b0d-409d-bb5b-6a950fa1c069/datanode-2/data/ratis] (custom)
2019-10-14 10:22:41,576 [pool-207-thread-1] INFO  server.RaftServerConfigKeys (ConfUtils.java:logGet(43)) - raft.server.rpcslowness.timeout = 120s (custom)
2019-10-14 10:22:41,576 [pool-217-thread-1] INFO  impl.RaftServerImpl (RaftServerImpl.java:<init>(95)) - 9a7cd4fb-2149-444e-852a-606827ec4daf: new RaftServerImpl for group-A2D2F2F5653F:[514d7619-ced6-4f91-abef-7c941b49b03a:192.168.151.98:33984, 71a3fedc-d6c8-4ada-8021-3efcd81af050:192.168.151.98:39539, 9a7cd4fb-2149-444e-852a-606827ec4daf:192.168.151.98:35647] with ContainerStateMachine:uninitialized
2019-10-14 10:22:41,576 [pool-227-thread-1] INFO  server.RaftServerConfigKeys (ConfUtils.java:logGet(43)) - raft.server.log.corruption.policy = EXCEPTION (default)
2019-10-14 10:22:41,576 [pool-207-thread-1] INFO  server.RaftServerConfigKeys (ConfUtils.java:logGet(43)) - raft.server.sleep.deviation.threshold = 300 (default)
2019-10-14 10:22:41,577 [pool-227-thread-1] INFO  storage.RaftStorageDirectory (RaftStorageDirectory.java:analyzeStorage(246)) - The storage directory /workdir/hadoop-ozone/integration-test/target/test-dir/MiniOzoneClusterImpl-dc2b9cc2-6b0d-409d-bb5b-6a950fa1c069/datanode-2/data/ratis/f698243b-a917-4351-ae51-a2d2f2f5653f does not exist. Creating ...
2019-10-14 10:22:41,576 [pool-217-thread-1] INFO  server.RaftServerConfigKeys (ConfUtils.java:logGet(43)) - raft.server.rpc.timeout.min = 5s (custom)
2019-10-14 10:22:41,577 [pool-207-thread-1] INFO  server.RaftServerConfigKeys (ConfUtils.java:logGet(43)) - raft.server.log.appender.install.snapshot.enabled = false (custom)
2019-10-14 10:22:41,577 [pool-217-thread-1] INFO  server.RaftServerConfigKeys (ConfUtils.java:logGet(43)) - raft.server.rpc.timeout.max = 5200ms (custom)
2019-10-14 10:22:41,577 [pool-207-thread-1] INFO  impl.RaftServerImpl (ServerState.java:<init>(103)) - 514d7619-ced6-4f91-abef-7c941b49b03a@group-A2D2F2F5653F: ConfigurationManager, init=-1: [514d7619-ced6-4f91-abef-7c941b49b03a:192.168.151.98:33984, 71a3fedc-d6c8-4ada-8021-3efcd81af050:192.168.151.98:39539, 9a7cd4fb-2149-444e-852a-606827ec4daf:192.168.151.98:35647], old=null, confs=<EMPTY_MAP>
2019-10-14 10:22:41,577 [pool-217-thread-1] INFO  server.RaftServerConfigKeys (ConfUtils.java:logGet(43)) - raft.server.rpcslowness.timeout = 120s (custom)
2019-10-14 10:22:41,577 [pool-207-thread-1] INFO  server.RaftServerConfigKeys (ConfUtils.java:logGet(43)) - raft.server.storage.dir = [/workdir/hadoop-ozone/integration-test/target/test-dir/MiniOzoneClusterImpl-dc2b9cc2-6b0d-409d-bb5b-6a950fa1c069/datanode-0/data/ratis] (custom)
2019-10-14 10:22:41,577 [pool-217-thread-1] INFO  server.RaftServerConfigKeys (ConfUtils.java:logGet(43)) - raft.server.sleep.deviation.threshold = 300 (default)
2019-10-14 10:22:41,578 [pool-207-thread-1] INFO  server.RaftServerConfigKeys (ConfUtils.java:logGet(43)) - raft.server.log.corruption.policy = EXCEPTION (default)
2019-10-14 10:22:41,578 [pool-217-thread-1] INFO  server.RaftServerConfigKeys (ConfUtils.java:logGet(43)) - raft.server.log.appender.install.snapshot.enabled = false (custom)
2019-10-14 10:22:41,578 [pool-207-thread-1] INFO  storage.RaftStorageDirectory (RaftStorageDirectory.java:analyzeStorage(246)) - The storage directory /workdir/hadoop-ozone/integration-test/target/test-dir/MiniOzoneClusterImpl-dc2b9cc2-6b0d-409d-bb5b-6a950fa1c069/datanode-0/data/ratis/f698243b-a917-4351-ae51-a2d2f2f5653f does not exist. Creating ...
2019-10-14 10:22:41,578 [pool-217-thread-1] INFO  impl.RaftServerImpl (ServerState.java:<init>(103)) - 9a7cd4fb-2149-444e-852a-606827ec4daf@group-A2D2F2F5653F: ConfigurationManager, init=-1: [514d7619-ced6-4f91-abef-7c941b49b03a:192.168.151.98:33984, 71a3fedc-d6c8-4ada-8021-3efcd81af050:192.168.151.98:39539, 9a7cd4fb-2149-444e-852a-606827ec4daf:192.168.151.98:35647], old=null, confs=<EMPTY_MAP>
2019-10-14 10:22:41,578 [pool-217-thread-1] INFO  server.RaftServerConfigKeys (ConfUtils.java:logGet(43)) - raft.server.storage.dir = [/workdir/hadoop-ozone/integration-test/target/test-dir/MiniOzoneClusterImpl-dc2b9cc2-6b0d-409d-bb5b-6a950fa1c069/datanode-1/data/ratis] (custom)
2019-10-14 10:22:41,579 [pool-217-thread-1] INFO  server.RaftServerConfigKeys (ConfUtils.java:logGet(43)) - raft.server.log.corruption.policy = EXCEPTION (default)
2019-10-14 10:22:41,579 [pool-217-thread-1] INFO  storage.RaftStorageDirectory (RaftStorageDirectory.java:analyzeStorage(246)) - The storage directory /workdir/hadoop-ozone/integration-test/target/test-dir/MiniOzoneClusterImpl-dc2b9cc2-6b0d-409d-bb5b-6a950fa1c069/datanode-1/data/ratis/f698243b-a917-4351-ae51-a2d2f2f5653f does not exist. Creating ...
2019-10-14 10:22:41,601 [pool-207-thread-1] INFO  storage.RaftStorageDirectory (RaftStorageDirectory.java:tryLock(328)) - Lock on /workdir/hadoop-ozone/integration-test/target/test-dir/MiniOzoneClusterImpl-dc2b9cc2-6b0d-409d-bb5b-6a950fa1c069/datanode-0/data/ratis/f698243b-a917-4351-ae51-a2d2f2f5653f/in_use.lock acquired by nodename 15900@pr-hdds-2295-pn7hw-3586430783
2019-10-14 10:22:41,601 [pool-227-thread-1] INFO  storage.RaftStorageDirectory (RaftStorageDirectory.java:tryLock(328)) - Lock on /workdir/hadoop-ozone/integration-test/target/test-dir/MiniOzoneClusterImpl-dc2b9cc2-6b0d-409d-bb5b-6a950fa1c069/datanode-2/data/ratis/f698243b-a917-4351-ae51-a2d2f2f5653f/in_use.lock acquired by nodename 15900@pr-hdds-2295-pn7hw-3586430783
2019-10-14 10:22:41,601 [pool-217-thread-1] INFO  storage.RaftStorageDirectory (RaftStorageDirectory.java:tryLock(328)) - Lock on /workdir/hadoop-ozone/integration-test/target/test-dir/MiniOzoneClusterImpl-dc2b9cc2-6b0d-409d-bb5b-6a950fa1c069/datanode-1/data/ratis/f698243b-a917-4351-ae51-a2d2f2f5653f/in_use.lock acquired by nodename 15900@pr-hdds-2295-pn7hw-3586430783
2019-10-14 10:22:41,625 [IPC Server handler 3 on 33373] INFO  net.NetworkTopology (NetworkTopologyImpl.java:add(111)) - Added a new node: /default-rack/c53c87ec-c046-44bb-9a56-c35705fc483e
2019-10-14 10:22:41,625 [IPC Server handler 3 on 33373] INFO  node.SCMNodeManager (SCMNodeManager.java:register(268)) - Registered Data node : c53c87ec-c046-44bb-9a56-c35705fc483e{ip: 192.168.151.98, host: pr-hdds-2295-pn7hw-3586430783, networkLocation: /default-rack, certSerialId: null}
2019-10-14 10:22:41,626 [pool-217-thread-1] INFO  storage.RaftStorage (RaftStorage.java:format(84)) - Storage directory /workdir/hadoop-ozone/integration-test/target/test-dir/MiniOzoneClusterImpl-dc2b9cc2-6b0d-409d-bb5b-6a950fa1c069/datanode-1/data/ratis/f698243b-a917-4351-ae51-a2d2f2f5653f has been successfully formatted.
2019-10-14 10:22:41,626 [pool-207-thread-1] INFO  storage.RaftStorage (RaftStorage.java:format(84)) - Storage directory /workdir/hadoop-ozone/integration-test/target/test-dir/MiniOzoneClusterImpl-dc2b9cc2-6b0d-409d-bb5b-6a950fa1c069/datanode-0/data/ratis/f698243b-a917-4351-ae51-a2d2f2f5653f has been successfully formatted.
2019-10-14 10:22:41,626 [pool-227-thread-1] INFO  storage.RaftStorage (RaftStorage.java:format(84)) - Storage directory /workdir/hadoop-ozone/integration-test/target/test-dir/MiniOzoneClusterImpl-dc2b9cc2-6b0d-409d-bb5b-6a950fa1c069/datanode-2/data/ratis/f698243b-a917-4351-ae51-a2d2f2f5653f has been successfully formatted.
2019-10-14 10:22:41,627 [pool-207-thread-1] INFO  ratis.ContainerStateMachine (ContainerStateMachine.java:loadSnapshot(231)) - group-A2D2F2F5653F: The snapshot info is null. Setting the last applied indexto:(t:0, i:~)
2019-10-14 10:22:41,627 [pool-217-thread-1] INFO  ratis.ContainerStateMachine (ContainerStateMachine.java:loadSnapshot(231)) - group-A2D2F2F5653F: The snapshot info is null. Setting the last applied indexto:(t:0, i:~)
2019-10-14 10:22:41,627 [pool-207-thread-1] INFO  server.RaftServerConfigKeys (ConfUtils.java:logGet(43)) - raft.server.notification.no-leader.timeout = 120s (custom)
2019-10-14 10:22:41,627 [pool-227-thread-1] INFO  ratis.ContainerStateMachine (ContainerStateMachine.java:loadSnapshot(231)) - group-A2D2F2F5653F: The snapshot info is null. Setting the last applied indexto:(t:0, i:~)
2019-10-14 10:22:41,627 [pool-207-thread-1] INFO  server.RaftServerConfigKeys (ConfUtils.java:logGet(43)) - raft.server.log.use.memory = false (default)
2019-10-14 10:22:41,627 [pool-217-thread-1] INFO  server.RaftServerConfigKeys (ConfUtils.java:logGet(43)) - raft.server.notification.no-leader.timeout = 120s (custom)
2019-10-14 10:22:41,628 [pool-207-thread-1] INFO  server.RaftServerConfigKeys (ConfUtils.java:logGet(43)) - raft.server.log.purge.gap = 1000000 (custom)
2019-10-14 10:22:41,628 [pool-227-thread-1] INFO  server.RaftServerConfigKeys (ConfUtils.java:logGet(43)) - raft.server.notification.no-leader.timeout = 120s (custom)
2019-10-14 10:22:41,628 [pool-207-thread-1] INFO  server.RaftServerConfigKeys (ConfUtils.java:logGet(43)) - raft.server.log.appender.buffer.byte-limit = 33554432 (custom)
2019-10-14 10:22:41,628 [pool-217-thread-1] INFO  server.RaftServerConfigKeys (ConfUtils.java:logGet(43)) - raft.server.log.use.memory = false (default)
2019-10-14 10:22:41,628 [pool-207-thread-1] INFO  server.RaftServerConfigKeys (ConfUtils.java:logGet(43)) - raft.server.log.segment.size.max = 1048576 (custom)
2019-10-14 10:22:41,628 [pool-227-thread-1] INFO  server.RaftServerConfigKeys (ConfUtils.java:logGet(43)) - raft.server.log.use.memory = false (default)
2019-10-14 10:22:41,629 [pool-207-thread-1] INFO  server.RaftServerConfigKeys (ConfUtils.java:logGet(43)) - raft.server.log.segment.cache.num.max = 2 (custom)
2019-10-14 10:22:41,629 [pool-217-thread-1] INFO  server.RaftServerConfigKeys (ConfUtils.java:logGet(43)) - raft.server.log.purge.gap = 1000000 (custom)
2019-10-14 10:22:41,629 [pool-207-thread-1] INFO  segmented.SegmentedRaftLogWorker (SegmentedRaftLogWorker.java:<init>(173)) - new 514d7619-ced6-4f91-abef-7c941b49b03a@group-A2D2F2F5653F-SegmentedRaftLogWorker for RaftStorage:Storage Directory /workdir/hadoop-ozone/integration-test/target/test-dir/MiniOzoneClusterImpl-dc2b9cc2-6b0d-409d-bb5b-6a950fa1c069/datanode-0/data/ratis/f698243b-a917-4351-ae51-a2d2f2f5653f
2019-10-14 10:22:41,629 [pool-227-thread-1] INFO  server.RaftServerConfigKeys (ConfUtils.java:logGet(43)) - raft.server.log.purge.gap = 1000000 (custom)
2019-10-14 10:22:41,630 [pool-207-thread-1] INFO  server.RaftServerConfigKeys (ConfUtils.java:logGet(43)) - raft.server.log.queue.byte-limit = 2147483647 (custom)
2019-10-14 10:22:41,629 [pool-217-thread-1] INFO  server.RaftServerConfigKeys (ConfUtils.java:logGet(43)) - raft.server.log.appender.buffer.byte-limit = 33554432 (custom)
2019-10-14 10:22:41,630 [pool-207-thread-1] INFO  server.RaftServerConfigKeys (ConfUtils.java:logGet(43)) - raft.server.log.queue.element-limit = 1024 (custom)
2019-10-14 10:22:41,630 [pool-227-thread-1] INFO  server.RaftServerConfigKeys (ConfUtils.java:logGet(43)) - raft.server.log.appender.buffer.byte-limit = 33554432 (custom)
2019-10-14 10:22:41,630 [pool-207-thread-1] INFO  server.RaftServerConfigKeys (ConfUtils.java:logGet(43)) - raft.server.log.segment.size.max = 1048576 (custom)
2019-10-14 10:22:41,630 [pool-217-thread-1] INFO  server.RaftServerConfigKeys (ConfUtils.java:logGet(43)) - raft.server.log.segment.size.max = 1048576 (custom)
2019-10-14 10:22:41,631 [pool-207-thread-1] INFO  server.RaftServerConfigKeys (ConfUtils.java:logGet(43)) - raft.server.log.preallocated.size = 16384 (custom)
2019-10-14 10:22:41,630 [pool-227-thread-1] INFO  server.RaftServerConfigKeys (ConfUtils.java:logGet(43)) - raft.server.log.segment.size.max = 1048576 (custom)
2019-10-14 10:22:41,631 [pool-207-thread-1] INFO  server.RaftServerConfigKeys (ConfUtils.java:logGet(43)) - raft.server.log.write.buffer.size = 33554432 (custom)
2019-10-14 10:22:41,631 [pool-217-thread-1] INFO  server.RaftServerConfigKeys (ConfUtils.java:logGet(43)) - raft.server.log.segment.cache.num.max = 2 (custom)
2019-10-14 10:22:41,631 [pool-207-thread-1] INFO  server.RaftServerConfigKeys (ConfUtils.java:logGet(43)) - raft.server.log.force.sync.num = 128 (default)
2019-10-14 10:22:41,631 [pool-227-thread-1] INFO  server.RaftServerConfigKeys (ConfUtils.java:logGet(43)) - raft.server.log.segment.cache.num.max = 2 (custom)
2019-10-14 10:22:41,632 [pool-207-thread-1] INFO  server.RaftServerConfigKeys (ConfUtils.java:logGet(43)) - raft.server.log.statemachine.data.sync = true (default)
2019-10-14 10:22:41,631 [pool-217-thread-1] INFO  segmented.SegmentedRaftLogWorker (SegmentedRaftLogWorker.java:<init>(173)) - new 9a7cd4fb-2149-444e-852a-606827ec4daf@group-A2D2F2F5653F-SegmentedRaftLogWorker for RaftStorage:Storage Directory /workdir/hadoop-ozone/integration-test/target/test-dir/MiniOzoneClusterImpl-dc2b9cc2-6b0d-409d-bb5b-6a950fa1c069/datanode-1/data/ratis/f698243b-a917-4351-ae51-a2d2f2f5653f
2019-10-14 10:22:41,632 [pool-207-thread-1] INFO  server.RaftServerConfigKeys (ConfUtils.java:logGet(43)) - raft.server.log.statemachine.data.sync.timeout = 10s (default)
2019-10-14 10:22:41,632 [pool-227-thread-1] INFO  segmented.SegmentedRaftLogWorker (SegmentedRaftLogWorker.java:<init>(173)) - new 71a3fedc-d6c8-4ada-8021-3efcd81af050@group-A2D2F2F5653F-SegmentedRaftLogWorker for RaftStorage:Storage Directory /workdir/hadoop-ozone/integration-test/target/test-dir/MiniOzoneClusterImpl-dc2b9cc2-6b0d-409d-bb5b-6a950fa1c069/datanode-2/data/ratis/f698243b-a917-4351-ae51-a2d2f2f5653f
2019-10-14 10:22:41,632 [pool-207-thread-1] INFO  server.RaftServerConfigKeys (ConfUtils.java:logGet(43)) - raft.server.log.statemachine.data.sync.timeout.retry = -1 (default)
2019-10-14 10:22:41,632 [pool-217-thread-1] INFO  server.RaftServerConfigKeys (ConfUtils.java:logGet(43)) - raft.server.log.queue.byte-limit = 2147483647 (custom)
2019-10-14 10:22:41,633 [pool-207-thread-1] INFO  server.RaftServerConfigKeys (ConfUtils.java:logGet(43)) - raft.server.log.statemachine.data.caching.enabled = true (custom)
2019-10-14 10:22:41,633 [pool-227-thread-1] INFO  server.RaftServerConfigKeys (ConfUtils.java:logGet(43)) - raft.server.log.queue.byte-limit = 2147483647 (custom)
2019-10-14 10:22:41,633 [pool-207-thread-1] INFO  segmented.SegmentedRaftLogWorker (SegmentedRaftLogWorker.java:lambda$new$0(128)) - 514d7619-ced6-4f91-abef-7c941b49b03a@group-A2D2F2F5653F-SegmentedRaftLogWorker: flushIndex: setUnconditionally 0 -> -1
2019-10-14 10:22:41,633 [pool-217-thread-1] INFO  server.RaftServerConfigKeys (ConfUtils.java:logGet(43)) - raft.server.log.queue.element-limit = 1024 (custom)
2019-10-14 10:22:41,633 [pool-227-thread-1] INFO  server.RaftServerConfigKeys (ConfUtils.java:logGet(43)) - raft.server.log.queue.element-limit = 1024 (custom)
2019-10-14 10:22:41,634 [pool-207-thread-1] INFO  server.RaftServerConfigKeys (ConfUtils.java:logGet(43)) - raft.server.snapshot.auto.trigger.enabled = true (custom)
2019-10-14 10:22:41,634 [pool-217-thread-1] INFO  server.RaftServerConfigKeys (ConfUtils.java:logGet(43)) - raft.server.log.segment.size.max = 1048576 (custom)
2019-10-14 10:22:41,634 [pool-207-thread-1] INFO  server.RaftServerConfigKeys (ConfUtils.java:logGet(43)) - raft.server.snapshot.auto.trigger.threshold = 10000 (custom)
2019-10-14 10:22:41,634 [pool-227-thread-1] INFO  server.RaftServerConfigKeys (ConfUtils.java:logGet(43)) - raft.server.log.segment.size.max = 1048576 (custom)
2019-10-14 10:22:41,634 [pool-207-thread-1] INFO  server.RaftServerConfigKeys (ConfUtils.java:logGet(43)) - raft.server.snapshot.retention.file.num = 5 (custom)
2019-10-14 10:22:41,634 [pool-217-thread-1] INFO  server.RaftServerConfigKeys (ConfUtils.java:logGet(43)) - raft.server.log.preallocated.size = 16384 (custom)
2019-10-14 10:22:41,635 [pool-207-thread-1] INFO  server.RaftServerConfigKeys (ConfUtils.java:logGet(43)) - raft.server.retrycache.expirytime = 600000ms (custom)
2019-10-14 10:22:41,634 [pool-227-thread-1] INFO  server.RaftServerConfigKeys (ConfUtils.java:logGet(43)) - raft.server.log.preallocated.size = 16384 (custom)
2019-10-14 10:22:41,635 [pool-217-thread-1] INFO  server.RaftServerConfigKeys (ConfUtils.java:logGet(43)) - raft.server.log.write.buffer.size = 33554432 (custom)
2019-10-14 10:22:41,635 [pool-227-thread-1] INFO  server.RaftServerConfigKeys (ConfUtils.java:logGet(43)) - raft.server.log.write.buffer.size = 33554432 (custom)
2019-10-14 10:22:41,635 [pool-217-thread-1] INFO  server.RaftServerConfigKeys (ConfUtils.java:logGet(43)) - raft.server.log.force.sync.num = 128 (default)
2019-10-14 10:22:41,635 [pool-227-thread-1] INFO  server.RaftServerConfigKeys (ConfUtils.java:logGet(43)) - raft.server.log.force.sync.num = 128 (default)
2019-10-14 10:22:41,636 [pool-217-thread-1] INFO  server.RaftServerConfigKeys (ConfUtils.java:logGet(43)) - raft.server.log.statemachine.data.sync = true (default)
2019-10-14 10:22:41,636 [pool-227-thread-1] INFO  server.RaftServerConfigKeys (ConfUtils.java:logGet(43)) - raft.server.log.statemachine.data.sync = true (default)
2019-10-14 10:22:41,636 [pool-217-thread-1] INFO  server.RaftServerConfigKeys (ConfUtils.java:logGet(43)) - raft.server.log.statemachine.data.sync.timeout = 10s (default)
2019-10-14 10:22:41,636 [pool-227-thread-1] INFO  server.RaftServerConfigKeys (ConfUtils.java:logGet(43)) - raft.server.log.statemachine.data.sync.timeout = 10s (default)
2019-10-14 10:22:41,636 [pool-217-thread-1] INFO  server.RaftServerConfigKeys (ConfUtils.java:logGet(43)) - raft.server.log.statemachine.data.sync.timeout.retry = -1 (default)
2019-10-14 10:22:41,636 [pool-227-thread-1] INFO  server.RaftServerConfigKeys (ConfUtils.java:logGet(43)) - raft.server.log.statemachine.data.sync.timeout.retry = -1 (default)
2019-10-14 10:22:41,637 [pool-217-thread-1] INFO  server.RaftServerConfigKeys (ConfUtils.java:logGet(43)) - raft.server.log.statemachine.data.caching.enabled = true (custom)
2019-10-14 10:22:41,637 [pool-227-thread-1] INFO  server.RaftServerConfigKeys (ConfUtils.java:logGet(43)) - raft.server.log.statemachine.data.caching.enabled = true (custom)
2019-10-14 10:22:41,637 [pool-217-thread-1] INFO  segmented.SegmentedRaftLogWorker (SegmentedRaftLogWorker.java:lambda$new$0(128)) - 9a7cd4fb-2149-444e-852a-606827ec4daf@group-A2D2F2F5653F-SegmentedRaftLogWorker: flushIndex: setUnconditionally 0 -> -1
2019-10-14 10:22:41,637 [pool-227-thread-1] INFO  segmented.SegmentedRaftLogWorker (SegmentedRaftLogWorker.java:lambda$new$0(128)) - 71a3fedc-d6c8-4ada-8021-3efcd81af050@group-A2D2F2F5653F-SegmentedRaftLogWorker: flushIndex: setUnconditionally 0 -> -1
2019-10-14 10:22:41,637 [pool-217-thread-1] INFO  server.RaftServerConfigKeys (ConfUtils.java:logGet(43)) - raft.server.snapshot.auto.trigger.enabled = true (custom)
2019-10-14 10:22:41,637 [pool-207-thread-1] INFO  impl.RaftServerImpl (RaftServerImpl.java:start(181)) - 514d7619-ced6-4f91-abef-7c941b49b03a@group-A2D2F2F5653F: start as a follower, conf=-1: [514d7619-ced6-4f91-abef-7c941b49b03a:192.168.151.98:33984, 71a3fedc-d6c8-4ada-8021-3efcd81af050:192.168.151.98:39539, 9a7cd4fb-2149-444e-852a-606827ec4daf:192.168.151.98:35647], old=null
2019-10-14 10:22:41,638 [pool-227-thread-1] INFO  server.RaftServerConfigKeys (ConfUtils.java:logGet(43)) - raft.server.snapshot.auto.trigger.enabled = true (custom)
2019-10-14 10:22:41,638 [pool-217-thread-1] INFO  server.RaftServerConfigKeys (ConfUtils.java:logGet(43)) - raft.server.snapshot.auto.trigger.threshold = 10000 (custom)
2019-10-14 10:22:41,638 [pool-227-thread-1] INFO  server.RaftServerConfigKeys (ConfUtils.java:logGet(43)) - raft.server.snapshot.auto.trigger.threshold = 10000 (custom)
2019-10-14 10:22:41,638 [pool-207-thread-1] INFO  impl.RaftServerImpl (RaftServerImpl.java:setRole(170)) - 514d7619-ced6-4f91-abef-7c941b49b03a@group-A2D2F2F5653F: changes role from      null to FOLLOWER at term 0 for startAsFollower
2019-10-14 10:22:41,638 [pool-227-thread-1] INFO  server.RaftServerConfigKeys (ConfUtils.java:logGet(43)) - raft.server.snapshot.retention.file.num = 5 (custom)
2019-10-14 10:22:41,638 [pool-217-thread-1] INFO  server.RaftServerConfigKeys (ConfUtils.java:logGet(43)) - raft.server.snapshot.retention.file.num = 5 (custom)
2019-10-14 10:22:41,638 [pool-227-thread-1] INFO  server.RaftServerConfigKeys (ConfUtils.java:logGet(43)) - raft.server.retrycache.expirytime = 600000ms (custom)
2019-10-14 10:22:41,638 [pool-207-thread-1] INFO  impl.RoleInfo (RoleInfo.java:updateAndGet(143)) - 514d7619-ced6-4f91-abef-7c941b49b03a: start FollowerState
2019-10-14 10:22:41,639 [pool-217-thread-1] INFO  server.RaftServerConfigKeys (ConfUtils.java:logGet(43)) - raft.server.retrycache.expirytime = 600000ms (custom)
2019-10-14 10:22:41,639 [pool-207-thread-1] INFO  util.JmxRegister (JmxRegister.java:tryRegister(44)) - Successfully registered JMX Bean with object name Ratis:service=RaftServer,group=group-A2D2F2F5653F,id=514d7619-ced6-4f91-abef-7c941b49b03a
2019-10-14 10:22:41,644 [pool-227-thread-1] INFO  impl.RaftServerImpl (RaftServerImpl.java:start(181)) - 71a3fedc-d6c8-4ada-8021-3efcd81af050@group-A2D2F2F5653F: start as a follower, conf=-1: [514d7619-ced6-4f91-abef-7c941b49b03a:192.168.151.98:33984, 71a3fedc-d6c8-4ada-8021-3efcd81af050:192.168.151.98:39539, 9a7cd4fb-2149-444e-852a-606827ec4daf:192.168.151.98:35647], old=null
2019-10-14 10:22:41,644 [pool-227-thread-1] INFO  impl.RaftServerImpl (RaftServerImpl.java:setRole(170)) - 71a3fedc-d6c8-4ada-8021-3efcd81af050@group-A2D2F2F5653F: changes role from      null to FOLLOWER at term 0 for startAsFollower
2019-10-14 10:22:41,644 [pool-227-thread-1] INFO  impl.RoleInfo (RoleInfo.java:updateAndGet(143)) - 71a3fedc-d6c8-4ada-8021-3efcd81af050: start FollowerState
2019-10-14 10:22:41,644 [pool-217-thread-1] INFO  impl.RaftServerImpl (RaftServerImpl.java:start(181)) - 9a7cd4fb-2149-444e-852a-606827ec4daf@group-A2D2F2F5653F: start as a follower, conf=-1: [514d7619-ced6-4f91-abef-7c941b49b03a:192.168.151.98:33984, 71a3fedc-d6c8-4ada-8021-3efcd81af050:192.168.151.98:39539, 9a7cd4fb-2149-444e-852a-606827ec4daf:192.168.151.98:35647], old=null
2019-10-14 10:22:41,644 [pool-217-thread-1] INFO  impl.RaftServerImpl (RaftServerImpl.java:setRole(170)) - 9a7cd4fb-2149-444e-852a-606827ec4daf@group-A2D2F2F5653F: changes role from      null to FOLLOWER at term 0 for startAsFollower
2019-10-14 10:22:41,644 [pool-227-thread-1] INFO  util.JmxRegister (JmxRegister.java:tryRegister(44)) - Successfully registered JMX Bean with object name Ratis:service=RaftServer,group=group-A2D2F2F5653F,id=71a3fedc-d6c8-4ada-8021-3efcd81af050
2019-10-14 10:22:41,644 [pool-217-thread-1] INFO  impl.RoleInfo (RoleInfo.java:updateAndGet(143)) - 9a7cd4fb-2149-444e-852a-606827ec4daf: start FollowerState
2019-10-14 10:22:41,645 [pool-217-thread-1] INFO  util.JmxRegister (JmxRegister.java:tryRegister(44)) - Successfully registered JMX Bean with object name Ratis:service=RaftServer,group=group-A2D2F2F5653F,id=9a7cd4fb-2149-444e-852a-606827ec4daf
2019-10-14 10:22:41,651 [RatisPipelineUtilsThread] INFO  pipeline.PipelineStateManager (PipelineStateManager.java:addPipeline(56)) - Created pipeline Pipeline[ Id: f698243b-a917-4351-ae51-a2d2f2f5653f, Nodes: 9a7cd4fb-2149-444e-852a-606827ec4daf{ip: 192.168.151.98, host: pr-hdds-2295-pn7hw-3586430783, networkLocation: /default-rack, certSerialId: null}71a3fedc-d6c8-4ada-8021-3efcd81af050{ip: 192.168.151.98, host: pr-hdds-2295-pn7hw-3586430783, networkLocation: /default-rack, certSerialId: null}514d7619-ced6-4f91-abef-7c941b49b03a{ip: 192.168.151.98, host: pr-hdds-2295-pn7hw-3586430783, networkLocation: /default-rack, certSerialId: null}, Type:RATIS, Factor:THREE, State:OPEN]
2019-10-14 10:22:41,684 [IPC Server handler 4 on 33373] INFO  net.NetworkTopology (NetworkTopologyImpl.java:add(111)) - Added a new node: /default-rack/b8e3ed25-0363-4ec5-b8d7-7bac29be8c71
2019-10-14 10:22:41,685 [IPC Server handler 4 on 33373] INFO  node.SCMNodeManager (SCMNodeManager.java:register(268)) - Registered Data node : b8e3ed25-0363-4ec5-b8d7-7bac29be8c71{ip: 192.168.151.98, host: pr-hdds-2295-pn7hw-3586430783, networkLocation: /default-rack, certSerialId: null}
2019-10-14 10:22:41,694 [grpc-default-executor-1] INFO  impl.RaftServerProxy (RaftServerProxy.java:addNew(89)) - b8e3ed25-0363-4ec5-b8d7-7bac29be8c71: addNew group-E30B452370FD:[b8e3ed25-0363-4ec5-b8d7-7bac29be8c71:192.168.151.98:34298] returns group-E30B452370FD:java.util.concurrent.CompletableFuture@36a1f83c[Not completed]
2019-10-14 10:22:41,698 [pool-257-thread-1] INFO  impl.RaftServerImpl (RaftServerImpl.java:<init>(95)) - b8e3ed25-0363-4ec5-b8d7-7bac29be8c71: new RaftServerImpl for group-E30B452370FD:[b8e3ed25-0363-4ec5-b8d7-7bac29be8c71:192.168.151.98:34298] with ContainerStateMachine:uninitialized
2019-10-14 10:22:41,698 [pool-257-thread-1] INFO  server.RaftServerConfigKeys (ConfUtils.java:logGet(43)) - raft.server.rpc.timeout.min = 5s (custom)
2019-10-14 10:22:41,698 [pool-257-thread-1] INFO  server.RaftServerConfigKeys (ConfUtils.java:logGet(43)) - raft.server.rpc.timeout.max = 5200ms (custom)
2019-10-14 10:22:41,698 [pool-257-thread-1] INFO  server.RaftServerConfigKeys (ConfUtils.java:logGet(43)) - raft.server.rpcslowness.timeout = 120s (custom)
2019-10-14 10:22:41,698 [pool-257-thread-1] INFO  server.RaftServerConfigKeys (ConfUtils.java:logGet(43)) - raft.server.sleep.deviation.threshold = 300 (default)
2019-10-14 10:22:41,698 [pool-257-thread-1] INFO  server.RaftServerConfigKeys (ConfUtils.java:logGet(43)) - raft.server.log.appender.install.snapshot.enabled = false (custom)
2019-10-14 10:22:41,699 [pool-257-thread-1] INFO  impl.RaftServerImpl (ServerState.java:<init>(103)) - b8e3ed25-0363-4ec5-b8d7-7bac29be8c71@group-E30B452370FD: ConfigurationManager, init=-1: [b8e3ed25-0363-4ec5-b8d7-7bac29be8c71:192.168.151.98:34298], old=null, confs=<EMPTY_MAP>
2019-10-14 10:22:41,699 [pool-257-thread-1] INFO  server.RaftServerConfigKeys (ConfUtils.java:logGet(43)) - raft.server.storage.dir = [/workdir/hadoop-ozone/integration-test/target/test-dir/MiniOzoneClusterImpl-dc2b9cc2-6b0d-409d-bb5b-6a950fa1c069/datanode-5/data/ratis] (custom)
2019-10-14 10:22:41,699 [pool-257-thread-1] INFO  server.RaftServerConfigKeys (ConfUtils.java:logGet(43)) - raft.server.log.corruption.policy = EXCEPTION (default)
2019-10-14 10:22:41,699 [pool-257-thread-1] INFO  storage.RaftStorageDirectory (RaftStorageDirectory.java:analyzeStorage(246)) - The storage directory /workdir/hadoop-ozone/integration-test/target/test-dir/MiniOzoneClusterImpl-dc2b9cc2-6b0d-409d-bb5b-6a950fa1c069/datanode-5/data/ratis/94cc410b-02dc-4911-9f69-e30b452370fd does not exist. Creating ...
2019-10-14 10:22:41,712 [pool-257-thread-1] INFO  storage.RaftStorageDirectory (RaftStorageDirectory.java:tryLock(328)) - Lock on /workdir/hadoop-ozone/integration-test/target/test-dir/MiniOzoneClusterImpl-dc2b9cc2-6b0d-409d-bb5b-6a950fa1c069/datanode-5/data/ratis/94cc410b-02dc-4911-9f69-e30b452370fd/in_use.lock acquired by nodename 15900@pr-hdds-2295-pn7hw-3586430783
2019-10-14 10:22:41,727 [pool-257-thread-1] INFO  storage.RaftStorage (RaftStorage.java:format(84)) - Storage directory /workdir/hadoop-ozone/integration-test/target/test-dir/MiniOzoneClusterImpl-dc2b9cc2-6b0d-409d-bb5b-6a950fa1c069/datanode-5/data/ratis/94cc410b-02dc-4911-9f69-e30b452370fd has been successfully formatted.
2019-10-14 10:22:41,727 [pool-257-thread-1] INFO  ratis.ContainerStateMachine (ContainerStateMachine.java:loadSnapshot(231)) - group-E30B452370FD: The snapshot info is null. Setting the last applied indexto:(t:0, i:~)
2019-10-14 10:22:41,727 [pool-257-thread-1] INFO  server.RaftServerConfigKeys (ConfUtils.java:logGet(43)) - raft.server.notification.no-leader.timeout = 120s (custom)
2019-10-14 10:22:41,727 [pool-257-thread-1] INFO  server.RaftServerConfigKeys (ConfUtils.java:logGet(43)) - raft.server.log.use.memory = false (default)
2019-10-14 10:22:41,727 [pool-257-thread-1] INFO  server.RaftServerConfigKeys (ConfUtils.java:logGet(43)) - raft.server.log.purge.gap = 1000000 (custom)
2019-10-14 10:22:41,728 [pool-257-thread-1] INFO  server.RaftServerConfigKeys (ConfUtils.java:logGet(43)) - raft.server.log.appender.buffer.byte-limit = 33554432 (custom)
2019-10-14 10:22:41,728 [pool-257-thread-1] INFO  server.RaftServerConfigKeys (ConfUtils.java:logGet(43)) - raft.server.log.segment.size.max = 1048576 (custom)
2019-10-14 10:22:41,730 [pool-257-thread-1] INFO  server.RaftServerConfigKeys (ConfUtils.java:logGet(43)) - raft.server.log.segment.cache.num.max = 2 (custom)
2019-10-14 10:22:41,730 [pool-257-thread-1] INFO  segmented.SegmentedRaftLogWorker (SegmentedRaftLogWorker.java:<init>(173)) - new b8e3ed25-0363-4ec5-b8d7-7bac29be8c71@group-E30B452370FD-SegmentedRaftLogWorker for RaftStorage:Storage Directory /workdir/hadoop-ozone/integration-test/target/test-dir/MiniOzoneClusterImpl-dc2b9cc2-6b0d-409d-bb5b-6a950fa1c069/datanode-5/data/ratis/94cc410b-02dc-4911-9f69-e30b452370fd
2019-10-14 10:22:41,730 [pool-257-thread-1] INFO  server.RaftServerConfigKeys (ConfUtils.java:logGet(43)) - raft.server.log.queue.byte-limit = 2147483647 (custom)
2019-10-14 10:22:41,730 [pool-257-thread-1] INFO  server.RaftServerConfigKeys (ConfUtils.java:logGet(43)) - raft.server.log.queue.element-limit = 1024 (custom)
2019-10-14 10:22:41,730 [pool-257-thread-1] INFO  server.RaftServerConfigKeys (ConfUtils.java:logGet(43)) - raft.server.log.segment.size.max = 1048576 (custom)
2019-10-14 10:22:41,730 [pool-257-thread-1] INFO  server.RaftServerConfigKeys (ConfUtils.java:logGet(43)) - raft.server.log.preallocated.size = 16384 (custom)
2019-10-14 10:22:41,730 [pool-257-thread-1] INFO  server.RaftServerConfigKeys (ConfUtils.java:logGet(43)) - raft.server.log.write.buffer.size = 33554432 (custom)
2019-10-14 10:22:41,730 [pool-257-thread-1] INFO  server.RaftServerConfigKeys (ConfUtils.java:logGet(43)) - raft.server.log.force.sync.num = 128 (default)
2019-10-14 10:22:41,731 [pool-257-thread-1] INFO  server.RaftServerConfigKeys (ConfUtils.java:logGet(43)) - raft.server.log.statemachine.data.sync = true (default)
2019-10-14 10:22:41,731 [pool-257-thread-1] INFO  server.RaftServerConfigKeys (ConfUtils.java:logGet(43)) - raft.server.log.statemachine.data.sync.timeout = 10s (default)
2019-10-14 10:22:41,731 [pool-257-thread-1] INFO  server.RaftServerConfigKeys (ConfUtils.java:logGet(43)) - raft.server.log.statemachine.data.sync.timeout.retry = -1 (default)
2019-10-14 10:22:41,731 [pool-257-thread-1] INFO  server.RaftServerConfigKeys (ConfUtils.java:logGet(43)) - raft.server.log.statemachine.data.caching.enabled = true (custom)
2019-10-14 10:22:41,732 [pool-257-thread-1] INFO  segmented.SegmentedRaftLogWorker (SegmentedRaftLogWorker.java:lambda$new$0(128)) - b8e3ed25-0363-4ec5-b8d7-7bac29be8c71@group-E30B452370FD-SegmentedRaftLogWorker: flushIndex: setUnconditionally 0 -> -1
2019-10-14 10:22:41,732 [pool-257-thread-1] INFO  server.RaftServerConfigKeys (ConfUtils.java:logGet(43)) - raft.server.snapshot.auto.trigger.enabled = true (custom)
2019-10-14 10:22:41,732 [pool-257-thread-1] INFO  server.RaftServerConfigKeys (ConfUtils.java:logGet(43)) - raft.server.snapshot.auto.trigger.threshold = 10000 (custom)
2019-10-14 10:22:41,732 [pool-257-thread-1] INFO  server.RaftServerConfigKeys (ConfUtils.java:logGet(43)) - raft.server.snapshot.retention.file.num = 5 (custom)
2019-10-14 10:22:41,732 [pool-257-thread-1] INFO  server.RaftServerConfigKeys (ConfUtils.java:logGet(43)) - raft.server.retrycache.expirytime = 600000ms (custom)
2019-10-14 10:22:41,734 [pool-257-thread-1] INFO  impl.RaftServerImpl (RaftServerImpl.java:start(181)) - b8e3ed25-0363-4ec5-b8d7-7bac29be8c71@group-E30B452370FD: start as a follower, conf=-1: [b8e3ed25-0363-4ec5-b8d7-7bac29be8c71:192.168.151.98:34298], old=null
2019-10-14 10:22:41,734 [pool-257-thread-1] INFO  impl.RaftServerImpl (RaftServerImpl.java:setRole(170)) - b8e3ed25-0363-4ec5-b8d7-7bac29be8c71@group-E30B452370FD: changes role from      null to FOLLOWER at term 0 for startAsFollower
2019-10-14 10:22:41,734 [pool-257-thread-1] INFO  impl.RoleInfo (RoleInfo.java:updateAndGet(143)) - b8e3ed25-0363-4ec5-b8d7-7bac29be8c71: start FollowerState
2019-10-14 10:22:41,735 [pool-257-thread-1] INFO  util.JmxRegister (JmxRegister.java:tryRegister(44)) - Successfully registered JMX Bean with object name Ratis:service=RaftServer,group=group-E30B452370FD,id=b8e3ed25-0363-4ec5-b8d7-7bac29be8c71
2019-10-14 10:22:41,739 [RatisPipelineUtilsThread] INFO  pipeline.PipelineStateManager (PipelineStateManager.java:addPipeline(56)) - Created pipeline Pipeline[ Id: 94cc410b-02dc-4911-9f69-e30b452370fd, Nodes: b8e3ed25-0363-4ec5-b8d7-7bac29be8c71{ip: 192.168.151.98, host: pr-hdds-2295-pn7hw-3586430783, networkLocation: /default-rack, certSerialId: null}, Type:RATIS, Factor:ONE, State:OPEN]
2019-10-14 10:22:41,747 [grpc-default-executor-1] INFO  impl.RaftServerProxy (RaftServerProxy.java:addNew(89)) - c1d8b9c1-42c0-4c9a-84fe-cc35f7b5bc36: addNew group-560DF8E99896:[c1d8b9c1-42c0-4c9a-84fe-cc35f7b5bc36:192.168.151.98:42674] returns group-560DF8E99896:java.util.concurrent.CompletableFuture@428aa71e[Not completed]
2019-10-14 10:22:41,747 [main] INFO  ozone.MiniOzoneClusterImpl (MiniOzoneClusterImpl.java:lambda$waitForClusterToBeReady$0(147)) - Waiting for cluster to be ready. Got 6 of 7 DN Heartbeats.
2019-10-14 10:22:41,747 [IPC Server handler 6 on 33373] INFO  net.NetworkTopology (NetworkTopologyImpl.java:add(111)) - Added a new node: /default-rack/5ff7de4b-4953-4c1b-a97b-cf9f343073ea
2019-10-14 10:22:41,747 [pool-237-thread-1] INFO  impl.RaftServerImpl (RaftServerImpl.java:<init>(95)) - c1d8b9c1-42c0-4c9a-84fe-cc35f7b5bc36: new RaftServerImpl for group-560DF8E99896:[c1d8b9c1-42c0-4c9a-84fe-cc35f7b5bc36:192.168.151.98:42674] with ContainerStateMachine:uninitialized
2019-10-14 10:22:41,748 [IPC Server handler 6 on 33373] INFO  node.SCMNodeManager (SCMNodeManager.java:register(268)) - Registered Data node : 5ff7de4b-4953-4c1b-a97b-cf9f343073ea{ip: 192.168.151.98, host: pr-hdds-2295-pn7hw-3586430783, networkLocation: /default-rack, certSerialId: null}
2019-10-14 10:22:41,748 [pool-237-thread-1] INFO  server.RaftServerConfigKeys (ConfUtils.java:logGet(43)) - raft.server.rpc.timeout.min = 5s (custom)
2019-10-14 10:22:41,748 [pool-237-thread-1] INFO  server.RaftServerConfigKeys (ConfUtils.java:logGet(43)) - raft.server.rpc.timeout.max = 5200ms (custom)
2019-10-14 10:22:41,748 [pool-237-thread-1] INFO  server.RaftServerConfigKeys (ConfUtils.java:logGet(43)) - raft.server.rpcslowness.timeout = 120s (custom)
2019-10-14 10:22:41,748 [pool-237-thread-1] INFO  server.RaftServerConfigKeys (ConfUtils.java:logGet(43)) - raft.server.sleep.deviation.threshold = 300 (default)
2019-10-14 10:22:41,748 [pool-237-thread-1] INFO  server.RaftServerConfigKeys (ConfUtils.java:logGet(43)) - raft.server.log.appender.install.snapshot.enabled = false (custom)
2019-10-14 10:22:41,748 [pool-237-thread-1] INFO  impl.RaftServerImpl (ServerState.java:<init>(103)) - c1d8b9c1-42c0-4c9a-84fe-cc35f7b5bc36@group-560DF8E99896: ConfigurationManager, init=-1: [c1d8b9c1-42c0-4c9a-84fe-cc35f7b5bc36:192.168.151.98:42674], old=null, confs=<EMPTY_MAP>
2019-10-14 10:22:41,748 [pool-237-thread-1] INFO  server.RaftServerConfigKeys (ConfUtils.java:logGet(43)) - raft.server.storage.dir = [/workdir/hadoop-ozone/integration-test/target/test-dir/MiniOzoneClusterImpl-dc2b9cc2-6b0d-409d-bb5b-6a950fa1c069/datanode-3/data/ratis] (custom)
2019-10-14 10:22:41,749 [pool-237-thread-1] INFO  server.RaftServerConfigKeys (ConfUtils.java:logGet(43)) - raft.server.log.corruption.policy = EXCEPTION (default)
2019-10-14 10:22:41,749 [pool-237-thread-1] INFO  storage.RaftStorageDirectory (RaftStorageDirectory.java:analyzeStorage(246)) - The storage directory /workdir/hadoop-ozone/integration-test/target/test-dir/MiniOzoneClusterImpl-dc2b9cc2-6b0d-409d-bb5b-6a950fa1c069/datanode-3/data/ratis/3c479299-974d-4507-984e-560df8e99896 does not exist. Creating ...
2019-10-14 10:22:41,764 [pool-237-thread-1] INFO  storage.RaftStorageDirectory (RaftStorageDirectory.java:tryLock(328)) - Lock on /workdir/hadoop-ozone/integration-test/target/test-dir/MiniOzoneClusterImpl-dc2b9cc2-6b0d-409d-bb5b-6a950fa1c069/datanode-3/data/ratis/3c479299-974d-4507-984e-560df8e99896/in_use.lock acquired by nodename 15900@pr-hdds-2295-pn7hw-3586430783
2019-10-14 10:22:41,789 [pool-237-thread-1] INFO  storage.RaftStorage (RaftStorage.java:format(84)) - Storage directory /workdir/hadoop-ozone/integration-test/target/test-dir/MiniOzoneClusterImpl-dc2b9cc2-6b0d-409d-bb5b-6a950fa1c069/datanode-3/data/ratis/3c479299-974d-4507-984e-560df8e99896 has been successfully formatted.
2019-10-14 10:22:41,789 [pool-237-thread-1] INFO  ratis.ContainerStateMachine (ContainerStateMachine.java:loadSnapshot(231)) - group-560DF8E99896: The snapshot info is null. Setting the last applied indexto:(t:0, i:~)
2019-10-14 10:22:41,789 [pool-237-thread-1] INFO  server.RaftServerConfigKeys (ConfUtils.java:logGet(43)) - raft.server.notification.no-leader.timeout = 120s (custom)
2019-10-14 10:22:41,790 [pool-237-thread-1] INFO  server.RaftServerConfigKeys (ConfUtils.java:logGet(43)) - raft.server.log.use.memory = false (default)
2019-10-14 10:22:41,790 [pool-237-thread-1] INFO  server.RaftServerConfigKeys (ConfUtils.java:logGet(43)) - raft.server.log.purge.gap = 1000000 (custom)
2019-10-14 10:22:41,790 [pool-237-thread-1] INFO  server.RaftServerConfigKeys (ConfUtils.java:logGet(43)) - raft.server.log.appender.buffer.byte-limit = 33554432 (custom)
2019-10-14 10:22:41,790 [pool-237-thread-1] INFO  server.RaftServerConfigKeys (ConfUtils.java:logGet(43)) - raft.server.log.segment.size.max = 1048576 (custom)
2019-10-14 10:22:41,791 [pool-237-thread-1] INFO  server.RaftServerConfigKeys (ConfUtils.java:logGet(43)) - raft.server.log.segment.cache.num.max = 2 (custom)
2019-10-14 10:22:41,791 [pool-237-thread-1] INFO  segmented.SegmentedRaftLogWorker (SegmentedRaftLogWorker.java:<init>(173)) - new c1d8b9c1-42c0-4c9a-84fe-cc35f7b5bc36@group-560DF8E99896-SegmentedRaftLogWorker for RaftStorage:Storage Directory /workdir/hadoop-ozone/integration-test/target/test-dir/MiniOzoneClusterImpl-dc2b9cc2-6b0d-409d-bb5b-6a950fa1c069/datanode-3/data/ratis/3c479299-974d-4507-984e-560df8e99896
2019-10-14 10:22:41,792 [pool-237-thread-1] INFO  server.RaftServerConfigKeys (ConfUtils.java:logGet(43)) - raft.server.log.queue.byte-limit = 2147483647 (custom)
2019-10-14 10:22:41,792 [pool-237-thread-1] INFO  server.RaftServerConfigKeys (ConfUtils.java:logGet(43)) - raft.server.log.queue.element-limit = 1024 (custom)
2019-10-14 10:22:41,792 [pool-237-thread-1] INFO  server.RaftServerConfigKeys (ConfUtils.java:logGet(43)) - raft.server.log.segment.size.max = 1048576 (custom)
2019-10-14 10:22:41,792 [pool-237-thread-1] INFO  server.RaftServerConfigKeys (ConfUtils.java:logGet(43)) - raft.server.log.preallocated.size = 16384 (custom)
2019-10-14 10:22:41,792 [pool-237-thread-1] INFO  server.RaftServerConfigKeys (ConfUtils.java:logGet(43)) - raft.server.log.write.buffer.size = 33554432 (custom)
2019-10-14 10:22:41,792 [pool-237-thread-1] INFO  server.RaftServerConfigKeys (ConfUtils.java:logGet(43)) - raft.server.log.force.sync.num = 128 (default)
2019-10-14 10:22:41,792 [pool-237-thread-1] INFO  server.RaftServerConfigKeys (ConfUtils.java:logGet(43)) - raft.server.log.statemachine.data.sync = true (default)
2019-10-14 10:22:41,792 [pool-237-thread-1] INFO  server.RaftServerConfigKeys (ConfUtils.java:logGet(43)) - raft.server.log.statemachine.data.sync.timeout = 10s (default)
2019-10-14 10:22:41,792 [pool-237-thread-1] INFO  server.RaftServerConfigKeys (ConfUtils.java:logGet(43)) - raft.server.log.statemachine.data.sync.timeout.retry = -1 (default)
2019-10-14 10:22:41,793 [pool-237-thread-1] INFO  server.RaftServerConfigKeys (ConfUtils.java:logGet(43)) - raft.server.log.statemachine.data.caching.enabled = true (custom)
2019-10-14 10:22:41,793 [pool-237-thread-1] INFO  segmented.SegmentedRaftLogWorker (SegmentedRaftLogWorker.java:lambda$new$0(128)) - c1d8b9c1-42c0-4c9a-84fe-cc35f7b5bc36@group-560DF8E99896-SegmentedRaftLogWorker: flushIndex: setUnconditionally 0 -> -1
2019-10-14 10:22:41,793 [pool-237-thread-1] INFO  server.RaftServerConfigKeys (ConfUtils.java:logGet(43)) - raft.server.snapshot.auto.trigger.enabled = true (custom)
2019-10-14 10:22:41,793 [pool-237-thread-1] INFO  server.RaftServerConfigKeys (ConfUtils.java:logGet(43)) - raft.server.snapshot.auto.trigger.threshold = 10000 (custom)
2019-10-14 10:22:41,793 [pool-237-thread-1] INFO  server.RaftServerConfigKeys (ConfUtils.java:logGet(43)) - raft.server.snapshot.retention.file.num = 5 (custom)
2019-10-14 10:22:41,793 [pool-237-thread-1] INFO  server.RaftServerConfigKeys (ConfUtils.java:logGet(43)) - raft.server.retrycache.expirytime = 600000ms (custom)
2019-10-14 10:22:41,795 [pool-237-thread-1] INFO  impl.RaftServerImpl (RaftServerImpl.java:start(181)) - c1d8b9c1-42c0-4c9a-84fe-cc35f7b5bc36@group-560DF8E99896: start as a follower, conf=-1: [c1d8b9c1-42c0-4c9a-84fe-cc35f7b5bc36:192.168.151.98:42674], old=null
2019-10-14 10:22:41,795 [pool-237-thread-1] INFO  impl.RaftServerImpl (RaftServerImpl.java:setRole(170)) - c1d8b9c1-42c0-4c9a-84fe-cc35f7b5bc36@group-560DF8E99896: changes role from      null to FOLLOWER at term 0 for startAsFollower
2019-10-14 10:22:41,795 [pool-237-thread-1] INFO  impl.RoleInfo (RoleInfo.java:updateAndGet(143)) - c1d8b9c1-42c0-4c9a-84fe-cc35f7b5bc36: start FollowerState
2019-10-14 10:22:41,795 [pool-237-thread-1] INFO  util.JmxRegister (JmxRegister.java:tryRegister(44)) - Successfully registered JMX Bean with object name Ratis:service=RaftServer,group=group-560DF8E99896,id=c1d8b9c1-42c0-4c9a-84fe-cc35f7b5bc36
2019-10-14 10:22:41,799 [RatisPipelineUtilsThread] INFO  pipeline.PipelineStateManager (PipelineStateManager.java:addPipeline(56)) - Created pipeline Pipeline[ Id: 3c479299-974d-4507-984e-560df8e99896, Nodes: c1d8b9c1-42c0-4c9a-84fe-cc35f7b5bc36{ip: 192.168.151.98, host: pr-hdds-2295-pn7hw-3586430783, networkLocation: /default-rack, certSerialId: null}, Type:RATIS, Factor:ONE, State:OPEN]
2019-10-14 10:22:41,818 [grpc-default-executor-1] INFO  impl.RaftServerProxy (RaftServerProxy.java:addNew(89)) - 5ff7de4b-4953-4c1b-a97b-cf9f343073ea: addNew group-E48800BCFCB2:[5ff7de4b-4953-4c1b-a97b-cf9f343073ea:192.168.151.98:43705] returns group-E48800BCFCB2:java.util.concurrent.CompletableFuture@4e06fefc[Not completed]
2019-10-14 10:22:41,820 [pool-267-thread-1] INFO  impl.RaftServerImpl (RaftServerImpl.java:<init>(95)) - 5ff7de4b-4953-4c1b-a97b-cf9f343073ea: new RaftServerImpl for group-E48800BCFCB2:[5ff7de4b-4953-4c1b-a97b-cf9f343073ea:192.168.151.98:43705] with ContainerStateMachine:uninitialized
2019-10-14 10:22:41,820 [pool-267-thread-1] INFO  server.RaftServerConfigKeys (ConfUtils.java:logGet(43)) - raft.server.rpc.timeout.min = 5s (custom)
2019-10-14 10:22:41,820 [pool-267-thread-1] INFO  server.RaftServerConfigKeys (ConfUtils.java:logGet(43)) - raft.server.rpc.timeout.max = 5200ms (custom)
2019-10-14 10:22:41,821 [pool-267-thread-1] INFO  server.RaftServerConfigKeys (ConfUtils.java:logGet(43)) - raft.server.rpcslowness.timeout = 120s (custom)
2019-10-14 10:22:41,821 [pool-267-thread-1] INFO  server.RaftServerConfigKeys (ConfUtils.java:logGet(43)) - raft.server.sleep.deviation.threshold = 300 (default)
2019-10-14 10:22:41,821 [pool-267-thread-1] INFO  server.RaftServerConfigKeys (ConfUtils.java:logGet(43)) - raft.server.log.appender.install.snapshot.enabled = false (custom)
2019-10-14 10:22:41,821 [pool-267-thread-1] INFO  impl.RaftServerImpl (ServerState.java:<init>(103)) - 5ff7de4b-4953-4c1b-a97b-cf9f343073ea@group-E48800BCFCB2: ConfigurationManager, init=-1: [5ff7de4b-4953-4c1b-a97b-cf9f343073ea:192.168.151.98:43705], old=null, confs=<EMPTY_MAP>
2019-10-14 10:22:41,822 [pool-267-thread-1] INFO  server.RaftServerConfigKeys (ConfUtils.java:logGet(43)) - raft.server.storage.dir = [/workdir/hadoop-ozone/integration-test/target/test-dir/MiniOzoneClusterImpl-dc2b9cc2-6b0d-409d-bb5b-6a950fa1c069/datanode-6/data/ratis] (custom)
2019-10-14 10:22:41,822 [pool-267-thread-1] INFO  server.RaftServerConfigKeys (ConfUtils.java:logGet(43)) - raft.server.log.corruption.policy = EXCEPTION (default)
2019-10-14 10:22:41,822 [pool-267-thread-1] INFO  storage.RaftStorageDirectory (RaftStorageDirectory.java:analyzeStorage(246)) - The storage directory /workdir/hadoop-ozone/integration-test/target/test-dir/MiniOzoneClusterImpl-dc2b9cc2-6b0d-409d-bb5b-6a950fa1c069/datanode-6/data/ratis/5e84aebe-3990-45a4-a5cd-e48800bcfcb2 does not exist. Creating ...
2019-10-14 10:22:41,837 [pool-267-thread-1] INFO  storage.RaftStorageDirectory (RaftStorageDirectory.java:tryLock(328)) - Lock on /workdir/hadoop-ozone/integration-test/target/test-dir/MiniOzoneClusterImpl-dc2b9cc2-6b0d-409d-bb5b-6a950fa1c069/datanode-6/data/ratis/5e84aebe-3990-45a4-a5cd-e48800bcfcb2/in_use.lock acquired by nodename 15900@pr-hdds-2295-pn7hw-3586430783
2019-10-14 10:22:41,851 [pool-267-thread-1] INFO  storage.RaftStorage (RaftStorage.java:format(84)) - Storage directory /workdir/hadoop-ozone/integration-test/target/test-dir/MiniOzoneClusterImpl-dc2b9cc2-6b0d-409d-bb5b-6a950fa1c069/datanode-6/data/ratis/5e84aebe-3990-45a4-a5cd-e48800bcfcb2 has been successfully formatted.
2019-10-14 10:22:41,851 [pool-267-thread-1] INFO  ratis.ContainerStateMachine (ContainerStateMachine.java:loadSnapshot(231)) - group-E48800BCFCB2: The snapshot info is null. Setting the last applied indexto:(t:0, i:~)
2019-10-14 10:22:41,851 [pool-267-thread-1] INFO  server.RaftServerConfigKeys (ConfUtils.java:logGet(43)) - raft.server.notification.no-leader.timeout = 120s (custom)
2019-10-14 10:22:41,851 [pool-267-thread-1] INFO  server.RaftServerConfigKeys (ConfUtils.java:logGet(43)) - raft.server.log.use.memory = false (default)
2019-10-14 10:22:41,852 [pool-267-thread-1] INFO  server.RaftServerConfigKeys (ConfUtils.java:logGet(43)) - raft.server.log.purge.gap = 1000000 (custom)
2019-10-14 10:22:41,852 [pool-267-thread-1] INFO  server.RaftServerConfigKeys (ConfUtils.java:logGet(43)) - raft.server.log.appender.buffer.byte-limit = 33554432 (custom)
2019-10-14 10:22:41,852 [pool-267-thread-1] INFO  server.RaftServerConfigKeys (ConfUtils.java:logGet(43)) - raft.server.log.segment.size.max = 1048576 (custom)
2019-10-14 10:22:41,855 [pool-267-thread-1] INFO  server.RaftServerConfigKeys (ConfUtils.java:logGet(43)) - raft.server.log.segment.cache.num.max = 2 (custom)
2019-10-14 10:22:41,855 [pool-267-thread-1] INFO  segmented.SegmentedRaftLogWorker (SegmentedRaftLogWorker.java:<init>(173)) - new 5ff7de4b-4953-4c1b-a97b-cf9f343073ea@group-E48800BCFCB2-SegmentedRaftLogWorker for RaftStorage:Storage Directory /workdir/hadoop-ozone/integration-test/target/test-dir/MiniOzoneClusterImpl-dc2b9cc2-6b0d-409d-bb5b-6a950fa1c069/datanode-6/data/ratis/5e84aebe-3990-45a4-a5cd-e48800bcfcb2
2019-10-14 10:22:41,855 [pool-267-thread-1] INFO  server.RaftServerConfigKeys (ConfUtils.java:logGet(43)) - raft.server.log.queue.byte-limit = 2147483647 (custom)
2019-10-14 10:22:41,855 [pool-267-thread-1] INFO  server.RaftServerConfigKeys (ConfUtils.java:logGet(43)) - raft.server.log.queue.element-limit = 1024 (custom)
2019-10-14 10:22:41,856 [pool-267-thread-1] INFO  server.RaftServerConfigKeys (ConfUtils.java:logGet(43)) - raft.server.log.segment.size.max = 1048576 (custom)
2019-10-14 10:22:41,856 [pool-267-thread-1] INFO  server.RaftServerConfigKeys (ConfUtils.java:logGet(43)) - raft.server.log.preallocated.size = 16384 (custom)
2019-10-14 10:22:41,856 [pool-267-thread-1] INFO  server.RaftServerConfigKeys (ConfUtils.java:logGet(43)) - raft.server.log.write.buffer.size = 33554432 (custom)
2019-10-14 10:22:41,856 [pool-267-thread-1] INFO  server.RaftServerConfigKeys (ConfUtils.java:logGet(43)) - raft.server.log.force.sync.num = 128 (default)
2019-10-14 10:22:41,856 [pool-267-thread-1] INFO  server.RaftServerConfigKeys (ConfUtils.java:logGet(43)) - raft.server.log.statemachine.data.sync = true (default)
2019-10-14 10:22:41,857 [pool-267-thread-1] INFO  server.RaftServerConfigKeys (ConfUtils.java:logGet(43)) - raft.server.log.statemachine.data.sync.timeout = 10s (default)
2019-10-14 10:22:41,857 [pool-267-thread-1] INFO  server.RaftServerConfigKeys (ConfUtils.java:logGet(43)) - raft.server.log.statemachine.data.sync.timeout.retry = -1 (default)
2019-10-14 10:22:41,857 [pool-267-thread-1] INFO  server.RaftServerConfigKeys (ConfUtils.java:logGet(43)) - raft.server.log.statemachine.data.caching.enabled = true (custom)
2019-10-14 10:22:41,858 [pool-267-thread-1] INFO  segmented.SegmentedRaftLogWorker (SegmentedRaftLogWorker.java:lambda$new$0(128)) - 5ff7de4b-4953-4c1b-a97b-cf9f343073ea@group-E48800BCFCB2-SegmentedRaftLogWorker: flushIndex: setUnconditionally 0 -> -1
2019-10-14 10:22:41,858 [pool-267-thread-1] INFO  server.RaftServerConfigKeys (ConfUtils.java:logGet(43)) - raft.server.snapshot.auto.trigger.enabled = true (custom)
2019-10-14 10:22:41,858 [pool-267-thread-1] INFO  server.RaftServerConfigKeys (ConfUtils.java:logGet(43)) - raft.server.snapshot.auto.trigger.threshold = 10000 (custom)
2019-10-14 10:22:41,858 [pool-267-thread-1] INFO  server.RaftServerConfigKeys (ConfUtils.java:logGet(43)) - raft.server.snapshot.retention.file.num = 5 (custom)
2019-10-14 10:22:41,859 [pool-267-thread-1] INFO  server.RaftServerConfigKeys (ConfUtils.java:logGet(43)) - raft.server.retrycache.expirytime = 600000ms (custom)
2019-10-14 10:22:41,861 [pool-267-thread-1] INFO  impl.RaftServerImpl (RaftServerImpl.java:start(181)) - 5ff7de4b-4953-4c1b-a97b-cf9f343073ea@group-E48800BCFCB2: start as a follower, conf=-1: [5ff7de4b-4953-4c1b-a97b-cf9f343073ea:192.168.151.98:43705], old=null
2019-10-14 10:22:41,861 [pool-267-thread-1] INFO  impl.RaftServerImpl (RaftServerImpl.java:setRole(170)) - 5ff7de4b-4953-4c1b-a97b-cf9f343073ea@group-E48800BCFCB2: changes role from      null to FOLLOWER at term 0 for startAsFollower
2019-10-14 10:22:41,861 [pool-267-thread-1] INFO  impl.RoleInfo (RoleInfo.java:updateAndGet(143)) - 5ff7de4b-4953-4c1b-a97b-cf9f343073ea: start FollowerState
2019-10-14 10:22:41,862 [pool-267-thread-1] INFO  util.JmxRegister (JmxRegister.java:tryRegister(44)) - Successfully registered JMX Bean with object name Ratis:service=RaftServer,group=group-E48800BCFCB2,id=5ff7de4b-4953-4c1b-a97b-cf9f343073ea
2019-10-14 10:22:41,868 [RatisPipelineUtilsThread] INFO  pipeline.PipelineStateManager (PipelineStateManager.java:addPipeline(56)) - Created pipeline Pipeline[ Id: 5e84aebe-3990-45a4-a5cd-e48800bcfcb2, Nodes: 5ff7de4b-4953-4c1b-a97b-cf9f343073ea{ip: 192.168.151.98, host: pr-hdds-2295-pn7hw-3586430783, networkLocation: /default-rack, certSerialId: null}, Type:RATIS, Factor:ONE, State:OPEN]
2019-10-14 10:22:41,874 [grpc-default-executor-1] INFO  impl.RaftServerProxy (RaftServerProxy.java:addNew(89)) - c53c87ec-c046-44bb-9a56-c35705fc483e: addNew group-7E4293BB56EB:[c53c87ec-c046-44bb-9a56-c35705fc483e:192.168.151.98:38163] returns group-7E4293BB56EB:java.util.concurrent.CompletableFuture@5d96d2f7[Not completed]
2019-10-14 10:22:41,875 [pool-247-thread-1] INFO  impl.RaftServerImpl (RaftServerImpl.java:<init>(95)) - c53c87ec-c046-44bb-9a56-c35705fc483e: new RaftServerImpl for group-7E4293BB56EB:[c53c87ec-c046-44bb-9a56-c35705fc483e:192.168.151.98:38163] with ContainerStateMachine:uninitialized
2019-10-14 10:22:41,875 [pool-247-thread-1] INFO  server.RaftServerConfigKeys (ConfUtils.java:logGet(43)) - raft.server.rpc.timeout.min = 5s (custom)
2019-10-14 10:22:41,875 [pool-247-thread-1] INFO  server.RaftServerConfigKeys (ConfUtils.java:logGet(43)) - raft.server.rpc.timeout.max = 5200ms (custom)
2019-10-14 10:22:41,876 [pool-247-thread-1] INFO  server.RaftServerConfigKeys (ConfUtils.java:logGet(43)) - raft.server.rpcslowness.timeout = 120s (custom)
2019-10-14 10:22:41,876 [pool-247-thread-1] INFO  server.RaftServerConfigKeys (ConfUtils.java:logGet(43)) - raft.server.sleep.deviation.threshold = 300 (default)
2019-10-14 10:22:41,876 [pool-247-thread-1] INFO  server.RaftServerConfigKeys (ConfUtils.java:logGet(43)) - raft.server.log.appender.install.snapshot.enabled = false (custom)
2019-10-14 10:22:41,876 [pool-247-thread-1] INFO  impl.RaftServerImpl (ServerState.java:<init>(103)) - c53c87ec-c046-44bb-9a56-c35705fc483e@group-7E4293BB56EB: ConfigurationManager, init=-1: [c53c87ec-c046-44bb-9a56-c35705fc483e:192.168.151.98:38163], old=null, confs=<EMPTY_MAP>
2019-10-14 10:22:41,876 [pool-247-thread-1] INFO  server.RaftServerConfigKeys (ConfUtils.java:logGet(43)) - raft.server.storage.dir = [/workdir/hadoop-ozone/integration-test/target/test-dir/MiniOzoneClusterImpl-dc2b9cc2-6b0d-409d-bb5b-6a950fa1c069/datanode-4/data/ratis] (custom)
2019-10-14 10:22:41,876 [pool-247-thread-1] INFO  server.RaftServerConfigKeys (ConfUtils.java:logGet(43)) - raft.server.log.corruption.policy = EXCEPTION (default)
2019-10-14 10:22:41,877 [pool-247-thread-1] INFO  storage.RaftStorageDirectory (RaftStorageDirectory.java:analyzeStorage(246)) - The storage directory /workdir/hadoop-ozone/integration-test/target/test-dir/MiniOzoneClusterImpl-dc2b9cc2-6b0d-409d-bb5b-6a950fa1c069/datanode-4/data/ratis/17250e93-0036-4ce1-9241-7e4293bb56eb does not exist. Creating ...
2019-10-14 10:22:41,889 [pool-247-thread-1] INFO  storage.RaftStorageDirectory (RaftStorageDirectory.java:tryLock(328)) - Lock on /workdir/hadoop-ozone/integration-test/target/test-dir/MiniOzoneClusterImpl-dc2b9cc2-6b0d-409d-bb5b-6a950fa1c069/datanode-4/data/ratis/17250e93-0036-4ce1-9241-7e4293bb56eb/in_use.lock acquired by nodename 15900@pr-hdds-2295-pn7hw-3586430783
2019-10-14 10:22:41,922 [pool-247-thread-1] INFO  storage.RaftStorage (RaftStorage.java:format(84)) - Storage directory /workdir/hadoop-ozone/integration-test/target/test-dir/MiniOzoneClusterImpl-dc2b9cc2-6b0d-409d-bb5b-6a950fa1c069/datanode-4/data/ratis/17250e93-0036-4ce1-9241-7e4293bb56eb has been successfully formatted.
2019-10-14 10:22:41,922 [pool-247-thread-1] INFO  ratis.ContainerStateMachine (ContainerStateMachine.java:loadSnapshot(231)) - group-7E4293BB56EB: The snapshot info is null. Setting the last applied indexto:(t:0, i:~)
2019-10-14 10:22:41,922 [pool-247-thread-1] INFO  server.RaftServerConfigKeys (ConfUtils.java:logGet(43)) - raft.server.notification.no-leader.timeout = 120s (custom)
2019-10-14 10:22:41,923 [pool-247-thread-1] INFO  server.RaftServerConfigKeys (ConfUtils.java:logGet(43)) - raft.server.log.use.memory = false (default)
2019-10-14 10:22:41,923 [pool-247-thread-1] INFO  server.RaftServerConfigKeys (ConfUtils.java:logGet(43)) - raft.server.log.purge.gap = 1000000 (custom)
2019-10-14 10:22:41,923 [pool-247-thread-1] INFO  server.RaftServerConfigKeys (ConfUtils.java:logGet(43)) - raft.server.log.appender.buffer.byte-limit = 33554432 (custom)
2019-10-14 10:22:41,923 [pool-247-thread-1] INFO  server.RaftServerConfigKeys (ConfUtils.java:logGet(43)) - raft.server.log.segment.size.max = 1048576 (custom)
2019-10-14 10:22:41,926 [pool-247-thread-1] INFO  server.RaftServerConfigKeys (ConfUtils.java:logGet(43)) - raft.server.log.segment.cache.num.max = 2 (custom)
2019-10-14 10:22:41,926 [pool-247-thread-1] INFO  segmented.SegmentedRaftLogWorker (SegmentedRaftLogWorker.java:<init>(173)) - new c53c87ec-c046-44bb-9a56-c35705fc483e@group-7E4293BB56EB-SegmentedRaftLogWorker for RaftStorage:Storage Directory /workdir/hadoop-ozone/integration-test/target/test-dir/MiniOzoneClusterImpl-dc2b9cc2-6b0d-409d-bb5b-6a950fa1c069/datanode-4/data/ratis/17250e93-0036-4ce1-9241-7e4293bb56eb
2019-10-14 10:22:41,926 [pool-247-thread-1] INFO  server.RaftServerConfigKeys (ConfUtils.java:logGet(43)) - raft.server.log.queue.byte-limit = 2147483647 (custom)
2019-10-14 10:22:41,926 [pool-247-thread-1] INFO  server.RaftServerConfigKeys (ConfUtils.java:logGet(43)) - raft.server.log.queue.element-limit = 1024 (custom)
2019-10-14 10:22:41,926 [pool-247-thread-1] INFO  server.RaftServerConfigKeys (ConfUtils.java:logGet(43)) - raft.server.log.segment.size.max = 1048576 (custom)
2019-10-14 10:22:41,926 [pool-247-thread-1] INFO  server.RaftServerConfigKeys (ConfUtils.java:logGet(43)) - raft.server.log.preallocated.size = 16384 (custom)
2019-10-14 10:22:41,927 [pool-247-thread-1] INFO  server.RaftServerConfigKeys (ConfUtils.java:logGet(43)) - raft.server.log.write.buffer.size = 33554432 (custom)
2019-10-14 10:22:41,927 [pool-247-thread-1] INFO  server.RaftServerConfigKeys (ConfUtils.java:logGet(43)) - raft.server.log.force.sync.num = 128 (default)
2019-10-14 10:22:41,927 [pool-247-thread-1] INFO  server.RaftServerConfigKeys (ConfUtils.java:logGet(43)) - raft.server.log.statemachine.data.sync = true (default)
2019-10-14 10:22:41,927 [pool-247-thread-1] INFO  server.RaftServerConfigKeys (ConfUtils.java:logGet(43)) - raft.server.log.statemachine.data.sync.timeout = 10s (default)
2019-10-14 10:22:41,927 [pool-247-thread-1] INFO  server.RaftServerConfigKeys (ConfUtils.java:logGet(43)) - raft.server.log.statemachine.data.sync.timeout.retry = -1 (default)
2019-10-14 10:22:41,928 [pool-247-thread-1] INFO  server.RaftServerConfigKeys (ConfUtils.java:logGet(43)) - raft.server.log.statemachine.data.caching.enabled = true (custom)
2019-10-14 10:22:41,928 [pool-247-thread-1] INFO  segmented.SegmentedRaftLogWorker (SegmentedRaftLogWorker.java:lambda$new$0(128)) - c53c87ec-c046-44bb-9a56-c35705fc483e@group-7E4293BB56EB-SegmentedRaftLogWorker: flushIndex: setUnconditionally 0 -> -1
2019-10-14 10:22:41,928 [pool-247-thread-1] INFO  server.RaftServerConfigKeys (ConfUtils.java:logGet(43)) - raft.server.snapshot.auto.trigger.enabled = true (custom)
2019-10-14 10:22:41,928 [pool-247-thread-1] INFO  server.RaftServerConfigKeys (ConfUtils.java:logGet(43)) - raft.server.snapshot.auto.trigger.threshold = 10000 (custom)
2019-10-14 10:22:41,929 [pool-247-thread-1] INFO  server.RaftServerConfigKeys (ConfUtils.java:logGet(43)) - raft.server.snapshot.retention.file.num = 5 (custom)
2019-10-14 10:22:41,929 [pool-247-thread-1] INFO  server.RaftServerConfigKeys (ConfUtils.java:logGet(43)) - raft.server.retrycache.expirytime = 600000ms (custom)
2019-10-14 10:22:41,931 [pool-247-thread-1] INFO  impl.RaftServerImpl (RaftServerImpl.java:start(181)) - c53c87ec-c046-44bb-9a56-c35705fc483e@group-7E4293BB56EB: start as a follower, conf=-1: [c53c87ec-c046-44bb-9a56-c35705fc483e:192.168.151.98:38163], old=null
2019-10-14 10:22:41,931 [pool-247-thread-1] INFO  impl.RaftServerImpl (RaftServerImpl.java:setRole(170)) - c53c87ec-c046-44bb-9a56-c35705fc483e@group-7E4293BB56EB: changes role from      null to FOLLOWER at term 0 for startAsFollower
2019-10-14 10:22:41,932 [pool-247-thread-1] INFO  impl.RoleInfo (RoleInfo.java:updateAndGet(143)) - c53c87ec-c046-44bb-9a56-c35705fc483e: start FollowerState
2019-10-14 10:22:41,932 [pool-247-thread-1] INFO  util.JmxRegister (JmxRegister.java:tryRegister(44)) - Successfully registered JMX Bean with object name Ratis:service=RaftServer,group=group-7E4293BB56EB,id=c53c87ec-c046-44bb-9a56-c35705fc483e
2019-10-14 10:22:41,937 [RatisPipelineUtilsThread] INFO  pipeline.PipelineStateManager (PipelineStateManager.java:addPipeline(56)) - Created pipeline Pipeline[ Id: 17250e93-0036-4ce1-9241-7e4293bb56eb, Nodes: c53c87ec-c046-44bb-9a56-c35705fc483e{ip: 192.168.151.98, host: pr-hdds-2295-pn7hw-3586430783, networkLocation: /default-rack, certSerialId: null}, Type:RATIS, Factor:ONE, State:OPEN]
2019-10-14 10:22:41,960 [grpc-default-executor-1] INFO  impl.RaftServerProxy (RaftServerProxy.java:addNew(89)) - c1d8b9c1-42c0-4c9a-84fe-cc35f7b5bc36: addNew group-BEDBCB5C6CE4:[b8e3ed25-0363-4ec5-b8d7-7bac29be8c71:192.168.151.98:34298, 5ff7de4b-4953-4c1b-a97b-cf9f343073ea:192.168.151.98:43705, c1d8b9c1-42c0-4c9a-84fe-cc35f7b5bc36:192.168.151.98:42674] returns group-BEDBCB5C6CE4:java.util.concurrent.CompletableFuture@65ef38eb[Not completed]
2019-10-14 10:22:41,960 [grpc-default-executor-2] INFO  impl.RaftServerProxy (RaftServerProxy.java:addNew(89)) - 5ff7de4b-4953-4c1b-a97b-cf9f343073ea: addNew group-BEDBCB5C6CE4:[b8e3ed25-0363-4ec5-b8d7-7bac29be8c71:192.168.151.98:34298, 5ff7de4b-4953-4c1b-a97b-cf9f343073ea:192.168.151.98:43705, c1d8b9c1-42c0-4c9a-84fe-cc35f7b5bc36:192.168.151.98:42674] returns group-BEDBCB5C6CE4:java.util.concurrent.CompletableFuture@71bd1bb7[Not completed]
2019-10-14 10:22:41,960 [grpc-default-executor-3] INFO  impl.RaftServerProxy (RaftServerProxy.java:addNew(89)) - b8e3ed25-0363-4ec5-b8d7-7bac29be8c71: addNew group-BEDBCB5C6CE4:[b8e3ed25-0363-4ec5-b8d7-7bac29be8c71:192.168.151.98:34298, 5ff7de4b-4953-4c1b-a97b-cf9f343073ea:192.168.151.98:43705, c1d8b9c1-42c0-4c9a-84fe-cc35f7b5bc36:192.168.151.98:42674] returns group-BEDBCB5C6CE4:java.util.concurrent.CompletableFuture@c0bc77b[Not completed]
2019-10-14 10:22:41,961 [pool-267-thread-1] INFO  impl.RaftServerImpl (RaftServerImpl.java:<init>(95)) - 5ff7de4b-4953-4c1b-a97b-cf9f343073ea: new RaftServerImpl for group-BEDBCB5C6CE4:[b8e3ed25-0363-4ec5-b8d7-7bac29be8c71:192.168.151.98:34298, 5ff7de4b-4953-4c1b-a97b-cf9f343073ea:192.168.151.98:43705, c1d8b9c1-42c0-4c9a-84fe-cc35f7b5bc36:192.168.151.98:42674] with ContainerStateMachine:uninitialized
2019-10-14 10:22:41,961 [pool-267-thread-1] INFO  server.RaftServerConfigKeys (ConfUtils.java:logGet(43)) - raft.server.rpc.timeout.min = 5s (custom)
2019-10-14 10:22:41,961 [pool-267-thread-1] INFO  server.RaftServerConfigKeys (ConfUtils.java:logGet(43)) - raft.server.rpc.timeout.max = 5200ms (custom)
2019-10-14 10:22:41,961 [pool-267-thread-1] INFO  server.RaftServerConfigKeys (ConfUtils.java:logGet(43)) - raft.server.rpcslowness.timeout = 120s (custom)
2019-10-14 10:22:41,961 [pool-267-thread-1] INFO  server.RaftServerConfigKeys (ConfUtils.java:logGet(43)) - raft.server.sleep.deviation.threshold = 300 (default)
2019-10-14 10:22:41,961 [pool-257-thread-1] INFO  impl.RaftServerImpl (RaftServerImpl.java:<init>(95)) - b8e3ed25-0363-4ec5-b8d7-7bac29be8c71: new RaftServerImpl for group-BEDBCB5C6CE4:[b8e3ed25-0363-4ec5-b8d7-7bac29be8c71:192.168.151.98:34298, 5ff7de4b-4953-4c1b-a97b-cf9f343073ea:192.168.151.98:43705, c1d8b9c1-42c0-4c9a-84fe-cc35f7b5bc36:192.168.151.98:42674] with ContainerStateMachine:uninitialized
2019-10-14 10:22:41,961 [pool-267-thread-1] INFO  server.RaftServerConfigKeys (ConfUtils.java:logGet(43)) - raft.server.log.appender.install.snapshot.enabled = false (custom)
2019-10-14 10:22:41,962 [pool-257-thread-1] INFO  server.RaftServerConfigKeys (ConfUtils.java:logGet(43)) - raft.server.rpc.timeout.min = 5s (custom)
2019-10-14 10:22:41,962 [pool-267-thread-1] INFO  impl.RaftServerImpl (ServerState.java:<init>(103)) - 5ff7de4b-4953-4c1b-a97b-cf9f343073ea@group-BEDBCB5C6CE4: ConfigurationManager, init=-1: [b8e3ed25-0363-4ec5-b8d7-7bac29be8c71:192.168.151.98:34298, 5ff7de4b-4953-4c1b-a97b-cf9f343073ea:192.168.151.98:43705, c1d8b9c1-42c0-4c9a-84fe-cc35f7b5bc36:192.168.151.98:42674], old=null, confs=<EMPTY_MAP>
2019-10-14 10:22:41,962 [pool-257-thread-1] INFO  server.RaftServerConfigKeys (ConfUtils.java:logGet(43)) - raft.server.rpc.timeout.max = 5200ms (custom)
2019-10-14 10:22:41,962 [pool-237-thread-1] INFO  impl.RaftServerImpl (RaftServerImpl.java:<init>(95)) - c1d8b9c1-42c0-4c9a-84fe-cc35f7b5bc36: new RaftServerImpl for group-BEDBCB5C6CE4:[b8e3ed25-0363-4ec5-b8d7-7bac29be8c71:192.168.151.98:34298, 5ff7de4b-4953-4c1b-a97b-cf9f343073ea:192.168.151.98:43705, c1d8b9c1-42c0-4c9a-84fe-cc35f7b5bc36:192.168.151.98:42674] with ContainerStateMachine:uninitialized
2019-10-14 10:22:41,962 [pool-267-thread-1] INFO  server.RaftServerConfigKeys (ConfUtils.java:logGet(43)) - raft.server.storage.dir = [/workdir/hadoop-ozone/integration-test/target/test-dir/MiniOzoneClusterImpl-dc2b9cc2-6b0d-409d-bb5b-6a950fa1c069/datanode-6/data/ratis] (custom)
2019-10-14 10:22:41,962 [pool-257-thread-1] INFO  server.RaftServerConfigKeys (ConfUtils.java:logGet(43)) - raft.server.rpcslowness.timeout = 120s (custom)
2019-10-14 10:22:41,962 [pool-237-thread-1] INFO  server.RaftServerConfigKeys (ConfUtils.java:logGet(43)) - raft.server.rpc.timeout.min = 5s (custom)
2019-10-14 10:22:41,962 [pool-267-thread-1] INFO  server.RaftServerConfigKeys (ConfUtils.java:logGet(43)) - raft.server.log.corruption.policy = EXCEPTION (default)
2019-10-14 10:22:41,963 [pool-267-thread-1] INFO  storage.RaftStorageDirectory (RaftStorageDirectory.java:analyzeStorage(246)) - The storage directory /workdir/hadoop-ozone/integration-test/target/test-dir/MiniOzoneClusterImpl-dc2b9cc2-6b0d-409d-bb5b-6a950fa1c069/datanode-6/data/ratis/5bb89160-0b7a-4173-8db1-bedbcb5c6ce4 does not exist. Creating ...
2019-10-14 10:22:41,962 [pool-257-thread-1] INFO  server.RaftServerConfigKeys (ConfUtils.java:logGet(43)) - raft.server.sleep.deviation.threshold = 300 (default)
2019-10-14 10:22:41,962 [pool-237-thread-1] INFO  server.RaftServerConfigKeys (ConfUtils.java:logGet(43)) - raft.server.rpc.timeout.max = 5200ms (custom)
2019-10-14 10:22:41,965 [pool-257-thread-1] INFO  server.RaftServerConfigKeys (ConfUtils.java:logGet(43)) - raft.server.log.appender.install.snapshot.enabled = false (custom)
2019-10-14 10:22:41,965 [pool-237-thread-1] INFO  server.RaftServerConfigKeys (ConfUtils.java:logGet(43)) - raft.server.rpcslowness.timeout = 120s (custom)
2019-10-14 10:22:41,965 [pool-257-thread-1] INFO  impl.RaftServerImpl (ServerState.java:<init>(103)) - b8e3ed25-0363-4ec5-b8d7-7bac29be8c71@group-BEDBCB5C6CE4: ConfigurationManager, init=-1: [b8e3ed25-0363-4ec5-b8d7-7bac29be8c71:192.168.151.98:34298, 5ff7de4b-4953-4c1b-a97b-cf9f343073ea:192.168.151.98:43705, c1d8b9c1-42c0-4c9a-84fe-cc35f7b5bc36:192.168.151.98:42674], old=null, confs=<EMPTY_MAP>
2019-10-14 10:22:41,965 [pool-237-thread-1] INFO  server.RaftServerConfigKeys (ConfUtils.java:logGet(43)) - raft.server.sleep.deviation.threshold = 300 (default)
2019-10-14 10:22:41,965 [pool-257-thread-1] INFO  server.RaftServerConfigKeys (ConfUtils.java:logGet(43)) - raft.server.storage.dir = [/workdir/hadoop-ozone/integration-test/target/test-dir/MiniOzoneClusterImpl-dc2b9cc2-6b0d-409d-bb5b-6a950fa1c069/datanode-5/data/ratis] (custom)
2019-10-14 10:22:41,965 [pool-237-thread-1] INFO  server.RaftServerConfigKeys (ConfUtils.java:logGet(43)) - raft.server.log.appender.install.snapshot.enabled = false (custom)
2019-10-14 10:22:41,965 [pool-257-thread-1] INFO  server.RaftServerConfigKeys (ConfUtils.java:logGet(43)) - raft.server.log.corruption.policy = EXCEPTION (default)
2019-10-14 10:22:41,965 [pool-237-thread-1] INFO  impl.RaftServerImpl (ServerState.java:<init>(103)) - c1d8b9c1-42c0-4c9a-84fe-cc35f7b5bc36@group-BEDBCB5C6CE4: ConfigurationManager, init=-1: [b8e3ed25-0363-4ec5-b8d7-7bac29be8c71:192.168.151.98:34298, 5ff7de4b-4953-4c1b-a97b-cf9f343073ea:192.168.151.98:43705, c1d8b9c1-42c0-4c9a-84fe-cc35f7b5bc36:192.168.151.98:42674], old=null, confs=<EMPTY_MAP>
2019-10-14 10:22:41,966 [pool-257-thread-1] INFO  storage.RaftStorageDirectory (RaftStorageDirectory.java:analyzeStorage(246)) - The storage directory /workdir/hadoop-ozone/integration-test/target/test-dir/MiniOzoneClusterImpl-dc2b9cc2-6b0d-409d-bb5b-6a950fa1c069/datanode-5/data/ratis/5bb89160-0b7a-4173-8db1-bedbcb5c6ce4 does not exist. Creating ...
2019-10-14 10:22:41,966 [pool-237-thread-1] INFO  server.RaftServerConfigKeys (ConfUtils.java:logGet(43)) - raft.server.storage.dir = [/workdir/hadoop-ozone/integration-test/target/test-dir/MiniOzoneClusterImpl-dc2b9cc2-6b0d-409d-bb5b-6a950fa1c069/datanode-3/data/ratis] (custom)
2019-10-14 10:22:41,966 [pool-237-thread-1] INFO  server.RaftServerConfigKeys (ConfUtils.java:logGet(43)) - raft.server.log.corruption.policy = EXCEPTION (default)
2019-10-14 10:22:41,966 [pool-237-thread-1] INFO  storage.RaftStorageDirectory (RaftStorageDirectory.java:analyzeStorage(246)) - The storage directory /workdir/hadoop-ozone/integration-test/target/test-dir/MiniOzoneClusterImpl-dc2b9cc2-6b0d-409d-bb5b-6a950fa1c069/datanode-3/data/ratis/5bb89160-0b7a-4173-8db1-bedbcb5c6ce4 does not exist. Creating ...
2019-10-14 10:22:41,977 [pool-237-thread-1] INFO  storage.RaftStorageDirectory (RaftStorageDirectory.java:tryLock(328)) - Lock on /workdir/hadoop-ozone/integration-test/target/test-dir/MiniOzoneClusterImpl-dc2b9cc2-6b0d-409d-bb5b-6a950fa1c069/datanode-3/data/ratis/5bb89160-0b7a-4173-8db1-bedbcb5c6ce4/in_use.lock acquired by nodename 15900@pr-hdds-2295-pn7hw-3586430783
2019-10-14 10:22:41,977 [pool-267-thread-1] INFO  storage.RaftStorageDirectory (RaftStorageDirectory.java:tryLock(328)) - Lock on /workdir/hadoop-ozone/integration-test/target/test-dir/MiniOzoneClusterImpl-dc2b9cc2-6b0d-409d-bb5b-6a950fa1c069/datanode-6/data/ratis/5bb89160-0b7a-4173-8db1-bedbcb5c6ce4/in_use.lock acquired by nodename 15900@pr-hdds-2295-pn7hw-3586430783
2019-10-14 10:22:41,979 [pool-257-thread-1] INFO  storage.RaftStorageDirectory (RaftStorageDirectory.java:tryLock(328)) - Lock on /workdir/hadoop-ozone/integration-test/target/test-dir/MiniOzoneClusterImpl-dc2b9cc2-6b0d-409d-bb5b-6a950fa1c069/datanode-5/data/ratis/5bb89160-0b7a-4173-8db1-bedbcb5c6ce4/in_use.lock acquired by nodename 15900@pr-hdds-2295-pn7hw-3586430783
2019-10-14 10:22:41,991 [pool-267-thread-1] INFO  storage.RaftStorage (RaftStorage.java:format(84)) - Storage directory /workdir/hadoop-ozone/integration-test/target/test-dir/MiniOzoneClusterImpl-dc2b9cc2-6b0d-409d-bb5b-6a950fa1c069/datanode-6/data/ratis/5bb89160-0b7a-4173-8db1-bedbcb5c6ce4 has been successfully formatted.
2019-10-14 10:22:41,991 [pool-257-thread-1] INFO  storage.RaftStorage (RaftStorage.java:format(84)) - Storage directory /workdir/hadoop-ozone/integration-test/target/test-dir/MiniOzoneClusterImpl-dc2b9cc2-6b0d-409d-bb5b-6a950fa1c069/datanode-5/data/ratis/5bb89160-0b7a-4173-8db1-bedbcb5c6ce4 has been successfully formatted.
2019-10-14 10:22:41,991 [pool-237-thread-1] INFO  storage.RaftStorage (RaftStorage.java:format(84)) - Storage directory /workdir/hadoop-ozone/integration-test/target/test-dir/MiniOzoneClusterImpl-dc2b9cc2-6b0d-409d-bb5b-6a950fa1c069/datanode-3/data/ratis/5bb89160-0b7a-4173-8db1-bedbcb5c6ce4 has been successfully formatted.
2019-10-14 10:22:41,991 [pool-257-thread-1] INFO  ratis.ContainerStateMachine (ContainerStateMachine.java:loadSnapshot(231)) - group-BEDBCB5C6CE4: The snapshot info is null. Setting the last applied indexto:(t:0, i:~)
2019-10-14 10:22:41,991 [pool-237-thread-1] INFO  ratis.ContainerStateMachine (ContainerStateMachine.java:loadSnapshot(231)) - group-BEDBCB5C6CE4: The snapshot info is null. Setting the last applied indexto:(t:0, i:~)
2019-10-14 10:22:41,991 [pool-267-thread-1] INFO  ratis.ContainerStateMachine (ContainerStateMachine.java:loadSnapshot(231)) - group-BEDBCB5C6CE4: The snapshot info is null. Setting the last applied indexto:(t:0, i:~)
2019-10-14 10:22:41,991 [pool-237-thread-1] INFO  server.RaftServerConfigKeys (ConfUtils.java:logGet(43)) - raft.server.notification.no-leader.timeout = 120s (custom)
2019-10-14 10:22:41,991 [pool-257-thread-1] INFO  server.RaftServerConfigKeys (ConfUtils.java:logGet(43)) - raft.server.notification.no-leader.timeout = 120s (custom)
2019-10-14 10:22:41,992 [pool-237-thread-1] INFO  server.RaftServerConfigKeys (ConfUtils.java:logGet(43)) - raft.server.log.use.memory = false (default)
2019-10-14 10:22:41,992 [pool-267-thread-1] INFO  server.RaftServerConfigKeys (ConfUtils.java:logGet(43)) - raft.server.notification.no-leader.timeout = 120s (custom)
2019-10-14 10:22:41,992 [pool-237-thread-1] INFO  server.RaftServerConfigKeys (ConfUtils.java:logGet(43)) - raft.server.log.purge.gap = 1000000 (custom)
2019-10-14 10:22:41,992 [pool-257-thread-1] INFO  server.RaftServerConfigKeys (ConfUtils.java:logGet(43)) - raft.server.log.use.memory = false (default)
2019-10-14 10:22:41,992 [pool-237-thread-1] INFO  server.RaftServerConfigKeys (ConfUtils.java:logGet(43)) - raft.server.log.appender.buffer.byte-limit = 33554432 (custom)
2019-10-14 10:22:41,992 [pool-267-thread-1] INFO  server.RaftServerConfigKeys (ConfUtils.java:logGet(43)) - raft.server.log.use.memory = false (default)
2019-10-14 10:22:41,992 [pool-237-thread-1] INFO  server.RaftServerConfigKeys (ConfUtils.java:logGet(43)) - raft.server.log.segment.size.max = 1048576 (custom)
2019-10-14 10:22:41,992 [pool-257-thread-1] INFO  server.RaftServerConfigKeys (ConfUtils.java:logGet(43)) - raft.server.log.purge.gap = 1000000 (custom)
2019-10-14 10:22:41,992 [pool-237-thread-1] INFO  server.RaftServerConfigKeys (ConfUtils.java:logGet(43)) - raft.server.log.segment.cache.num.max = 2 (custom)
2019-10-14 10:22:41,992 [pool-267-thread-1] INFO  server.RaftServerConfigKeys (ConfUtils.java:logGet(43)) - raft.server.log.purge.gap = 1000000 (custom)
2019-10-14 10:22:41,992 [pool-237-thread-1] INFO  segmented.SegmentedRaftLogWorker (SegmentedRaftLogWorker.java:<init>(173)) - new c1d8b9c1-42c0-4c9a-84fe-cc35f7b5bc36@group-BEDBCB5C6CE4-SegmentedRaftLogWorker for RaftStorage:Storage Directory /workdir/hadoop-ozone/integration-test/target/test-dir/MiniOzoneClusterImpl-dc2b9cc2-6b0d-409d-bb5b-6a950fa1c069/datanode-3/data/ratis/5bb89160-0b7a-4173-8db1-bedbcb5c6ce4
2019-10-14 10:22:41,992 [pool-257-thread-1] INFO  server.RaftServerConfigKeys (ConfUtils.java:logGet(43)) - raft.server.log.appender.buffer.byte-limit = 33554432 (custom)
2019-10-14 10:22:41,993 [pool-237-thread-1] INFO  server.RaftServerConfigKeys (ConfUtils.java:logGet(43)) - raft.server.log.queue.byte-limit = 2147483647 (custom)
2019-10-14 10:22:41,993 [pool-267-thread-1] INFO  server.RaftServerConfigKeys (ConfUtils.java:logGet(43)) - raft.server.log.appender.buffer.byte-limit = 33554432 (custom)
2019-10-14 10:22:41,993 [pool-237-thread-1] INFO  server.RaftServerConfigKeys (ConfUtils.java:logGet(43)) - raft.server.log.queue.element-limit = 1024 (custom)
2019-10-14 10:22:41,993 [pool-257-thread-1] INFO  server.RaftServerConfigKeys (ConfUtils.java:logGet(43)) - raft.server.log.segment.size.max = 1048576 (custom)
2019-10-14 10:22:41,993 [pool-237-thread-1] INFO  server.RaftServerConfigKeys (ConfUtils.java:logGet(43)) - raft.server.log.segment.size.max = 1048576 (custom)
2019-10-14 10:22:41,993 [pool-267-thread-1] INFO  server.RaftServerConfigKeys (ConfUtils.java:logGet(43)) - raft.server.log.segment.size.max = 1048576 (custom)
2019-10-14 10:22:41,993 [pool-237-thread-1] INFO  server.RaftServerConfigKeys (ConfUtils.java:logGet(43)) - raft.server.log.preallocated.size = 16384 (custom)
2019-10-14 10:22:41,993 [pool-257-thread-1] INFO  server.RaftServerConfigKeys (ConfUtils.java:logGet(43)) - raft.server.log.segment.cache.num.max = 2 (custom)
2019-10-14 10:22:41,993 [pool-237-thread-1] INFO  server.RaftServerConfigKeys (ConfUtils.java:logGet(43)) - raft.server.log.write.buffer.size = 33554432 (custom)
2019-10-14 10:22:41,993 [pool-267-thread-1] INFO  server.RaftServerConfigKeys (ConfUtils.java:logGet(43)) - raft.server.log.segment.cache.num.max = 2 (custom)
2019-10-14 10:22:41,994 [pool-237-thread-1] INFO  server.RaftServerConfigKeys (ConfUtils.java:logGet(43)) - raft.server.log.force.sync.num = 128 (default)
2019-10-14 10:22:41,993 [pool-257-thread-1] INFO  segmented.SegmentedRaftLogWorker (SegmentedRaftLogWorker.java:<init>(173)) - new b8e3ed25-0363-4ec5-b8d7-7bac29be8c71@group-BEDBCB5C6CE4-SegmentedRaftLogWorker for RaftStorage:Storage Directory /workdir/hadoop-ozone/integration-test/target/test-dir/MiniOzoneClusterImpl-dc2b9cc2-6b0d-409d-bb5b-6a950fa1c069/datanode-5/data/ratis/5bb89160-0b7a-4173-8db1-bedbcb5c6ce4
2019-10-14 10:22:41,994 [pool-237-thread-1] INFO  server.RaftServerConfigKeys (ConfUtils.java:logGet(43)) - raft.server.log.statemachine.data.sync = true (default)
2019-10-14 10:22:41,994 [pool-267-thread-1] INFO  segmented.SegmentedRaftLogWorker (SegmentedRaftLogWorker.java:<init>(173)) - new 5ff7de4b-4953-4c1b-a97b-cf9f343073ea@group-BEDBCB5C6CE4-SegmentedRaftLogWorker for RaftStorage:Storage Directory /workdir/hadoop-ozone/integration-test/target/test-dir/MiniOzoneClusterImpl-dc2b9cc2-6b0d-409d-bb5b-6a950fa1c069/datanode-6/data/ratis/5bb89160-0b7a-4173-8db1-bedbcb5c6ce4
2019-10-14 10:22:41,994 [pool-237-thread-1] INFO  server.RaftServerConfigKeys (ConfUtils.java:logGet(43)) - raft.server.log.statemachine.data.sync.timeout = 10s (default)
2019-10-14 10:22:41,994 [pool-257-thread-1] INFO  server.RaftServerConfigKeys (ConfUtils.java:logGet(43)) - raft.server.log.queue.byte-limit = 2147483647 (custom)
2019-10-14 10:22:41,994 [pool-237-thread-1] INFO  server.RaftServerConfigKeys (ConfUtils.java:logGet(43)) - raft.server.log.statemachine.data.sync.timeout.retry = -1 (default)
2019-10-14 10:22:41,994 [pool-267-thread-1] INFO  server.RaftServerConfigKeys (ConfUtils.java:logGet(43)) - raft.server.log.queue.byte-limit = 2147483647 (custom)
2019-10-14 10:22:41,994 [pool-237-thread-1] INFO  server.RaftServerConfigKeys (ConfUtils.java:logGet(43)) - raft.server.log.statemachine.data.caching.enabled = true (custom)
2019-10-14 10:22:41,994 [pool-257-thread-1] INFO  server.RaftServerConfigKeys (ConfUtils.java:logGet(43)) - raft.server.log.queue.element-limit = 1024 (custom)
2019-10-14 10:22:41,994 [pool-267-thread-1] INFO  server.RaftServerConfigKeys (ConfUtils.java:logGet(43)) - raft.server.log.queue.element-limit = 1024 (custom)
2019-10-14 10:22:41,995 [pool-237-thread-1] INFO  segmented.SegmentedRaftLogWorker (SegmentedRaftLogWorker.java:lambda$new$0(128)) - c1d8b9c1-42c0-4c9a-84fe-cc35f7b5bc36@group-BEDBCB5C6CE4-SegmentedRaftLogWorker: flushIndex: setUnconditionally 0 -> -1
2019-10-14 10:22:41,994 [pool-257-thread-1] INFO  server.RaftServerConfigKeys (ConfUtils.java:logGet(43)) - raft.server.log.segment.size.max = 1048576 (custom)
2019-10-14 10:22:41,995 [pool-267-thread-1] INFO  server.RaftServerConfigKeys (ConfUtils.java:logGet(43)) - raft.server.log.segment.size.max = 1048576 (custom)
2019-10-14 10:22:41,995 [pool-237-thread-1] INFO  server.RaftServerConfigKeys (ConfUtils.java:logGet(43)) - raft.server.snapshot.auto.trigger.enabled = true (custom)
2019-10-14 10:22:41,995 [pool-257-thread-1] INFO  server.RaftServerConfigKeys (ConfUtils.java:logGet(43)) - raft.server.log.preallocated.size = 16384 (custom)
2019-10-14 10:22:41,995 [pool-237-thread-1] INFO  server.RaftServerConfigKeys (ConfUtils.java:logGet(43)) - raft.server.snapshot.auto.trigger.threshold = 10000 (custom)
2019-10-14 10:22:41,995 [pool-267-thread-1] INFO  server.RaftServerConfigKeys (ConfUtils.java:logGet(43)) - raft.server.log.preallocated.size = 16384 (custom)
2019-10-14 10:22:41,995 [pool-237-thread-1] INFO  server.RaftServerConfigKeys (ConfUtils.java:logGet(43)) - raft.server.snapshot.retention.file.num = 5 (custom)
2019-10-14 10:22:41,995 [pool-257-thread-1] INFO  server.RaftServerConfigKeys (ConfUtils.java:logGet(43)) - raft.server.log.write.buffer.size = 33554432 (custom)
2019-10-14 10:22:41,995 [pool-237-thread-1] INFO  server.RaftServerConfigKeys (ConfUtils.java:logGet(43)) - raft.server.retrycache.expirytime = 600000ms (custom)
2019-10-14 10:22:41,995 [pool-267-thread-1] INFO  server.RaftServerConfigKeys (ConfUtils.java:logGet(43)) - raft.server.log.write.buffer.size = 33554432 (custom)
2019-10-14 10:22:41,995 [pool-257-thread-1] INFO  server.RaftServerConfigKeys (ConfUtils.java:logGet(43)) - raft.server.log.force.sync.num = 128 (default)
2019-10-14 10:22:41,996 [pool-267-thread-1] INFO  server.RaftServerConfigKeys (ConfUtils.java:logGet(43)) - raft.server.log.force.sync.num = 128 (default)
2019-10-14 10:22:41,996 [pool-257-thread-1] INFO  server.RaftServerConfigKeys (ConfUtils.java:logGet(43)) - raft.server.log.statemachine.data.sync = true (default)
2019-10-14 10:22:41,996 [pool-267-thread-1] INFO  server.RaftServerConfigKeys (ConfUtils.java:logGet(43)) - raft.server.log.statemachine.data.sync = true (default)
2019-10-14 10:22:41,996 [pool-257-thread-1] INFO  server.RaftServerConfigKeys (ConfUtils.java:logGet(43)) - raft.server.log.statemachine.data.sync.timeout = 10s (default)
2019-10-14 10:22:41,996 [pool-267-thread-1] INFO  server.RaftServerConfigKeys (ConfUtils.java:logGet(43)) - raft.server.log.statemachine.data.sync.timeout = 10s (default)
2019-10-14 10:22:41,996 [pool-257-thread-1] INFO  server.RaftServerConfigKeys (ConfUtils.java:logGet(43)) - raft.server.log.statemachine.data.sync.timeout.retry = -1 (default)
2019-10-14 10:22:41,996 [pool-267-thread-1] INFO  server.RaftServerConfigKeys (ConfUtils.java:logGet(43)) - raft.server.log.statemachine.data.sync.timeout.retry = -1 (default)
2019-10-14 10:22:41,996 [pool-257-thread-1] INFO  server.RaftServerConfigKeys (ConfUtils.java:logGet(43)) - raft.server.log.statemachine.data.caching.enabled = true (custom)
2019-10-14 10:22:41,996 [pool-267-thread-1] INFO  server.RaftServerConfigKeys (ConfUtils.java:logGet(43)) - raft.server.log.statemachine.data.caching.enabled = true (custom)
2019-10-14 10:22:41,996 [pool-257-thread-1] INFO  segmented.SegmentedRaftLogWorker (SegmentedRaftLogWorker.java:lambda$new$0(128)) - b8e3ed25-0363-4ec5-b8d7-7bac29be8c71@group-BEDBCB5C6CE4-SegmentedRaftLogWorker: flushIndex: setUnconditionally 0 -> -1
2019-10-14 10:22:41,996 [pool-267-thread-1] INFO  segmented.SegmentedRaftLogWorker (SegmentedRaftLogWorker.java:lambda$new$0(128)) - 5ff7de4b-4953-4c1b-a97b-cf9f343073ea@group-BEDBCB5C6CE4-SegmentedRaftLogWorker: flushIndex: setUnconditionally 0 -> -1
2019-10-14 10:22:41,997 [pool-257-thread-1] INFO  server.RaftServerConfigKeys (ConfUtils.java:logGet(43)) - raft.server.snapshot.auto.trigger.enabled = true (custom)
2019-10-14 10:22:41,997 [pool-257-thread-1] INFO  server.RaftServerConfigKeys (ConfUtils.java:logGet(43)) - raft.server.snapshot.auto.trigger.threshold = 10000 (custom)
2019-10-14 10:22:41,997 [pool-267-thread-1] INFO  server.RaftServerConfigKeys (ConfUtils.java:logGet(43)) - raft.server.snapshot.auto.trigger.enabled = true (custom)
2019-10-14 10:22:41,997 [pool-237-thread-1] INFO  impl.RaftServerImpl (RaftServerImpl.java:start(181)) - c1d8b9c1-42c0-4c9a-84fe-cc35f7b5bc36@group-BEDBCB5C6CE4: start as a follower, conf=-1: [b8e3ed25-0363-4ec5-b8d7-7bac29be8c71:192.168.151.98:34298, 5ff7de4b-4953-4c1b-a97b-cf9f343073ea:192.168.151.98:43705, c1d8b9c1-42c0-4c9a-84fe-cc35f7b5bc36:192.168.151.98:42674], old=null
2019-10-14 10:22:41,997 [pool-257-thread-1] INFO  server.RaftServerConfigKeys (ConfUtils.java:logGet(43)) - raft.server.snapshot.retention.file.num = 5 (custom)
2019-10-14 10:22:41,997 [pool-237-thread-1] INFO  impl.RaftServerImpl (RaftServerImpl.java:setRole(170)) - c1d8b9c1-42c0-4c9a-84fe-cc35f7b5bc36@group-BEDBCB5C6CE4: changes role from      null to FOLLOWER at term 0 for startAsFollower
2019-10-14 10:22:41,997 [pool-267-thread-1] INFO  server.RaftServerConfigKeys (ConfUtils.java:logGet(43)) - raft.server.snapshot.auto.trigger.threshold = 10000 (custom)
2019-10-14 10:22:41,997 [pool-237-thread-1] INFO  impl.RoleInfo (RoleInfo.java:updateAndGet(143)) - c1d8b9c1-42c0-4c9a-84fe-cc35f7b5bc36: start FollowerState
2019-10-14 10:22:41,997 [pool-257-thread-1] INFO  server.RaftServerConfigKeys (ConfUtils.java:logGet(43)) - raft.server.retrycache.expirytime = 600000ms (custom)
2019-10-14 10:22:41,997 [pool-267-thread-1] INFO  server.RaftServerConfigKeys (ConfUtils.java:logGet(43)) - raft.server.snapshot.retention.file.num = 5 (custom)
2019-10-14 10:22:41,997 [pool-237-thread-1] INFO  util.JmxRegister (JmxRegister.java:tryRegister(44)) - Successfully registered JMX Bean with object name Ratis:service=RaftServer,group=group-BEDBCB5C6CE4,id=c1d8b9c1-42c0-4c9a-84fe-cc35f7b5bc36
2019-10-14 10:22:41,997 [pool-267-thread-1] INFO  server.RaftServerConfigKeys (ConfUtils.java:logGet(43)) - raft.server.retrycache.expirytime = 600000ms (custom)
2019-10-14 10:22:42,000 [pool-257-thread-1] INFO  impl.RaftServerImpl (RaftServerImpl.java:start(181)) - b8e3ed25-0363-4ec5-b8d7-7bac29be8c71@group-BEDBCB5C6CE4: start as a follower, conf=-1: [b8e3ed25-0363-4ec5-b8d7-7bac29be8c71:192.168.151.98:34298, 5ff7de4b-4953-4c1b-a97b-cf9f343073ea:192.168.151.98:43705, c1d8b9c1-42c0-4c9a-84fe-cc35f7b5bc36:192.168.151.98:42674], old=null
2019-10-14 10:22:42,000 [pool-257-thread-1] INFO  impl.RaftServerImpl (RaftServerImpl.java:setRole(170)) - b8e3ed25-0363-4ec5-b8d7-7bac29be8c71@group-BEDBCB5C6CE4: changes role from      null to FOLLOWER at term 0 for startAsFollower
2019-10-14 10:22:42,000 [pool-257-thread-1] INFO  impl.RoleInfo (RoleInfo.java:updateAndGet(143)) - b8e3ed25-0363-4ec5-b8d7-7bac29be8c71: start FollowerState
2019-10-14 10:22:42,000 [pool-267-thread-1] INFO  impl.RaftServerImpl (RaftServerImpl.java:start(181)) - 5ff7de4b-4953-4c1b-a97b-cf9f343073ea@group-BEDBCB5C6CE4: start as a follower, conf=-1: [b8e3ed25-0363-4ec5-b8d7-7bac29be8c71:192.168.151.98:34298, 5ff7de4b-4953-4c1b-a97b-cf9f343073ea:192.168.151.98:43705, c1d8b9c1-42c0-4c9a-84fe-cc35f7b5bc36:192.168.151.98:42674], old=null
2019-10-14 10:22:42,000 [pool-267-thread-1] INFO  impl.RaftServerImpl (RaftServerImpl.java:setRole(170)) - 5ff7de4b-4953-4c1b-a97b-cf9f343073ea@group-BEDBCB5C6CE4: changes role from      null to FOLLOWER at term 0 for startAsFollower
2019-10-14 10:22:42,000 [pool-257-thread-1] INFO  util.JmxRegister (JmxRegister.java:tryRegister(44)) - Successfully registered JMX Bean with object name Ratis:service=RaftServer,group=group-BEDBCB5C6CE4,id=b8e3ed25-0363-4ec5-b8d7-7bac29be8c71
2019-10-14 10:22:42,000 [pool-267-thread-1] INFO  impl.RoleInfo (RoleInfo.java:updateAndGet(143)) - 5ff7de4b-4953-4c1b-a97b-cf9f343073ea: start FollowerState
2019-10-14 10:22:42,001 [pool-267-thread-1] INFO  util.JmxRegister (JmxRegister.java:tryRegister(44)) - Successfully registered JMX Bean with object name Ratis:service=RaftServer,group=group-BEDBCB5C6CE4,id=5ff7de4b-4953-4c1b-a97b-cf9f343073ea
2019-10-14 10:22:42,005 [RatisPipelineUtilsThread] INFO  pipeline.PipelineStateManager (PipelineStateManager.java:addPipeline(56)) - Created pipeline Pipeline[ Id: 5bb89160-0b7a-4173-8db1-bedbcb5c6ce4, Nodes: b8e3ed25-0363-4ec5-b8d7-7bac29be8c71{ip: 192.168.151.98, host: pr-hdds-2295-pn7hw-3586430783, networkLocation: /default-rack, certSerialId: null}5ff7de4b-4953-4c1b-a97b-cf9f343073ea{ip: 192.168.151.98, host: pr-hdds-2295-pn7hw-3586430783, networkLocation: /default-rack, certSerialId: null}c1d8b9c1-42c0-4c9a-84fe-cc35f7b5bc36{ip: 192.168.151.98, host: pr-hdds-2295-pn7hw-3586430783, networkLocation: /default-rack, certSerialId: null}, Type:RATIS, Factor:THREE, State:OPEN]
2019-10-14 10:22:42,747 [main] INFO  ozone.MiniOzoneClusterImpl (MiniOzoneClusterImpl.java:lambda$waitForClusterToBeReady$0(147)) - Cluster is ready. Got 7 of 7 DN Heartbeats.
2019-10-14 10:22:42,780 [main] INFO  rpc.RpcClient (RpcClient.java:createVolume(272)) - Creating Volume: watchforcommithandlingtest, with jenkins1000 as owner.
2019-10-14 10:22:42,784 [IPC Server handler 1 on 35994] INFO  volume.OMVolumeCreateRequest (OMVolumeCreateRequest.java:validateAndUpdateCache(193)) - created volume:watchforcommithandlingtest for user:jenkins1000
2019-10-14 10:22:42,795 [main] INFO  rpc.RpcClient (RpcClient.java:createBucket(411)) - Creating Bucket: watchforcommithandlingtest/watchforcommithandlingtest, with Versioning false and Storage Type set to DISK and Encryption set to false 
2019-10-14 10:22:42,798 [main] INFO  ozone.MiniOzoneClusterImpl (MiniOzoneClusterImpl.java:getStorageContainerLocationClient(234)) - Creating StorageContainerLocationProtocol RPC client with address /0.0.0.0:34386
2019-10-14 10:22:44,374 [Thread-1415] INFO  container.ReplicationManager (ReplicationManager.java:start(162)) - Starting Replication Monitor Thread.
2019-10-14 10:22:44,378 [ReplicationMonitor] INFO  container.ReplicationManager (ReplicationManager.java:run(225)) - Replication Monitor Thread took 0 milliseconds for processing 1 containers.
2019-10-14 10:22:46,511 [Thread-1420] INFO  impl.FollowerState (FollowerState.java:run(108)) - 9a7cd4fb-2149-444e-852a-606827ec4daf@group-0AE4518E40D8-FollowerState: change to CANDIDATE, lastRpcTime:5010ms, electionTimeout:5010ms
2019-10-14 10:22:46,512 [Thread-1420] INFO  impl.RoleInfo (RoleInfo.java:shutdownFollowerState(121)) - 9a7cd4fb-2149-444e-852a-606827ec4daf: shutdown FollowerState
2019-10-14 10:22:46,512 [Thread-1420] INFO  impl.RaftServerImpl (RaftServerImpl.java:setRole(170)) - 9a7cd4fb-2149-444e-852a-606827ec4daf@group-0AE4518E40D8: changes role from  FOLLOWER to CANDIDATE at term 0 for changeToCandidate
2019-10-14 10:22:46,512 [Thread-1420] INFO  impl.RoleInfo (RoleInfo.java:updateAndGet(143)) - 9a7cd4fb-2149-444e-852a-606827ec4daf: start LeaderElection
2019-10-14 10:22:46,545 [9a7cd4fb-2149-444e-852a-606827ec4daf@group-0AE4518E40D8-LeaderElection26] INFO  impl.LeaderElection (LeaderElection.java:askForVotes(178)) - 9a7cd4fb-2149-444e-852a-606827ec4daf@group-0AE4518E40D8-LeaderElection26: begin an election at term 1 for -1: [9a7cd4fb-2149-444e-852a-606827ec4daf:192.168.151.98:35647], old=null
2019-10-14 10:22:46,545 [9a7cd4fb-2149-444e-852a-606827ec4daf@group-0AE4518E40D8-LeaderElection26] INFO  impl.RoleInfo (RoleInfo.java:shutdownLeaderElection(134)) - 9a7cd4fb-2149-444e-852a-606827ec4daf: shutdown LeaderElection
2019-10-14 10:22:46,545 [9a7cd4fb-2149-444e-852a-606827ec4daf@group-0AE4518E40D8-LeaderElection26] INFO  impl.RaftServerImpl (RaftServerImpl.java:setRole(170)) - 9a7cd4fb-2149-444e-852a-606827ec4daf@group-0AE4518E40D8: changes role from CANDIDATE to LEADER at term 1 for changeToLeader
2019-10-14 10:22:46,545 [9a7cd4fb-2149-444e-852a-606827ec4daf@group-0AE4518E40D8-LeaderElection26] INFO  impl.RaftServerImpl (ServerState.java:setLeader(255)) - 9a7cd4fb-2149-444e-852a-606827ec4daf@group-0AE4518E40D8: change Leader from null to 9a7cd4fb-2149-444e-852a-606827ec4daf at term 1 for becomeLeader, leader elected after 5050ms
2019-10-14 10:22:46,545 [9a7cd4fb-2149-444e-852a-606827ec4daf@group-0AE4518E40D8-LeaderElection26] INFO  server.RaftServerConfigKeys (ConfUtils.java:logGet(43)) - raft.server.staging.catchup.gap = 1000 (default)
2019-10-14 10:22:46,545 [9a7cd4fb-2149-444e-852a-606827ec4daf@group-0AE4518E40D8-LeaderElection26] INFO  server.RaftServerConfigKeys (ConfUtils.java:logGet(43)) - raft.server.rpc.sleep.time = 25ms (default)
2019-10-14 10:22:46,546 [9a7cd4fb-2149-444e-852a-606827ec4daf@group-0AE4518E40D8-LeaderElection26] INFO  server.RaftServerConfigKeys (ConfUtils.java:logGet(43)) - raft.server.write.element-limit = 4096 (default)
2019-10-14 10:22:46,546 [9a7cd4fb-2149-444e-852a-606827ec4daf@group-0AE4518E40D8-LeaderElection26] INFO  server.RaftServerConfigKeys (ConfUtils.java:logGet(43)) - raft.server.watch.timeout = 10s (default)
2019-10-14 10:22:46,546 [9a7cd4fb-2149-444e-852a-606827ec4daf@group-0AE4518E40D8-LeaderElection26] INFO  server.RaftServerConfigKeys (ConfUtils.java:logGet(43)) - raft.server.watch.timeout.denomination = 1s (default)
2019-10-14 10:22:46,546 [9a7cd4fb-2149-444e-852a-606827ec4daf@group-0AE4518E40D8-LeaderElection26] INFO  server.RaftServerConfigKeys (ConfUtils.java:logGet(43)) - raft.server.watch.element-limit = 65536 (default)
2019-10-14 10:22:46,548 [9a7cd4fb-2149-444e-852a-606827ec4daf@group-0AE4518E40D8-LeaderElection26] INFO  impl.RoleInfo (RoleInfo.java:updateAndGet(143)) - 9a7cd4fb-2149-444e-852a-606827ec4daf: start LeaderState
2019-10-14 10:22:46,548 [9a7cd4fb-2149-444e-852a-606827ec4daf@group-0AE4518E40D8-LeaderElection26] INFO  segmented.SegmentedRaftLogWorker (SegmentedRaftLogWorker.java:startLogSegment(385)) - 9a7cd4fb-2149-444e-852a-606827ec4daf@group-0AE4518E40D8-SegmentedRaftLogWorker: Starting segment from index:0
2019-10-14 10:22:46,549 [9a7cd4fb-2149-444e-852a-606827ec4daf@group-0AE4518E40D8-LeaderElection26] INFO  impl.RaftServerImpl (ServerState.java:setRaftConf(356)) - 9a7cd4fb-2149-444e-852a-606827ec4daf@group-0AE4518E40D8: set configuration 0: [9a7cd4fb-2149-444e-852a-606827ec4daf:192.168.151.98:35647], old=null at 0
2019-10-14 10:22:46,578 [Thread-1423] INFO  impl.FollowerState (FollowerState.java:run(108)) - 71a3fedc-d6c8-4ada-8021-3efcd81af050@group-4C2D410CCF9F-FollowerState: change to CANDIDATE, lastRpcTime:5026ms, electionTimeout:5026ms
2019-10-14 10:22:46,578 [Thread-1423] INFO  impl.RoleInfo (RoleInfo.java:shutdownFollowerState(121)) - 71a3fedc-d6c8-4ada-8021-3efcd81af050: shutdown FollowerState
2019-10-14 10:22:46,578 [Thread-1423] INFO  impl.RaftServerImpl (RaftServerImpl.java:setRole(170)) - 71a3fedc-d6c8-4ada-8021-3efcd81af050@group-4C2D410CCF9F: changes role from  FOLLOWER to CANDIDATE at term 0 for changeToCandidate
2019-10-14 10:22:46,578 [Thread-1423] INFO  impl.RoleInfo (RoleInfo.java:updateAndGet(143)) - 71a3fedc-d6c8-4ada-8021-3efcd81af050: start LeaderElection
2019-10-14 10:22:46,591 [9a7cd4fb-2149-444e-852a-606827ec4daf@group-0AE4518E40D8-SegmentedRaftLogWorker] INFO  segmented.SegmentedRaftLogWorker (SegmentedRaftLogWorker.java:execute(574)) - 9a7cd4fb-2149-444e-852a-606827ec4daf@group-0AE4518E40D8-SegmentedRaftLogWorker: created new log segment /workdir/hadoop-ozone/integration-test/target/test-dir/MiniOzoneClusterImpl-dc2b9cc2-6b0d-409d-bb5b-6a950fa1c069/datanode-1/data/ratis/1955f966-5681-4012-b7a5-0ae4518e40d8/current/log_inprogress_0
2019-10-14 10:22:46,592 [71a3fedc-d6c8-4ada-8021-3efcd81af050@group-4C2D410CCF9F-LeaderElection27] INFO  impl.LeaderElection (LeaderElection.java:askForVotes(178)) - 71a3fedc-d6c8-4ada-8021-3efcd81af050@group-4C2D410CCF9F-LeaderElection27: begin an election at term 1 for -1: [71a3fedc-d6c8-4ada-8021-3efcd81af050:192.168.151.98:39539], old=null
2019-10-14 10:22:46,592 [71a3fedc-d6c8-4ada-8021-3efcd81af050@group-4C2D410CCF9F-LeaderElection27] INFO  impl.RoleInfo (RoleInfo.java:shutdownLeaderElection(134)) - 71a3fedc-d6c8-4ada-8021-3efcd81af050: shutdown LeaderElection
2019-10-14 10:22:46,592 [71a3fedc-d6c8-4ada-8021-3efcd81af050@group-4C2D410CCF9F-LeaderElection27] INFO  impl.RaftServerImpl (RaftServerImpl.java:setRole(170)) - 71a3fedc-d6c8-4ada-8021-3efcd81af050@group-4C2D410CCF9F: changes role from CANDIDATE to LEADER at term 1 for changeToLeader
2019-10-14 10:22:46,592 [71a3fedc-d6c8-4ada-8021-3efcd81af050@group-4C2D410CCF9F-LeaderElection27] INFO  impl.RaftServerImpl (ServerState.java:setLeader(255)) - 71a3fedc-d6c8-4ada-8021-3efcd81af050@group-4C2D410CCF9F: change Leader from null to 71a3fedc-d6c8-4ada-8021-3efcd81af050 at term 1 for becomeLeader, leader elected after 5048ms
2019-10-14 10:22:46,593 [71a3fedc-d6c8-4ada-8021-3efcd81af050@group-4C2D410CCF9F-LeaderElection27] INFO  server.RaftServerConfigKeys (ConfUtils.java:logGet(43)) - raft.server.staging.catchup.gap = 1000 (default)
2019-10-14 10:22:46,593 [71a3fedc-d6c8-4ada-8021-3efcd81af050@group-4C2D410CCF9F-LeaderElection27] INFO  server.RaftServerConfigKeys (ConfUtils.java:logGet(43)) - raft.server.rpc.sleep.time = 25ms (default)
2019-10-14 10:22:46,593 [71a3fedc-d6c8-4ada-8021-3efcd81af050@group-4C2D410CCF9F-LeaderElection27] INFO  server.RaftServerConfigKeys (ConfUtils.java:logGet(43)) - raft.server.write.element-limit = 4096 (default)
2019-10-14 10:22:46,593 [71a3fedc-d6c8-4ada-8021-3efcd81af050@group-4C2D410CCF9F-LeaderElection27] INFO  server.RaftServerConfigKeys (ConfUtils.java:logGet(43)) - raft.server.watch.timeout = 10s (default)
2019-10-14 10:22:46,593 [71a3fedc-d6c8-4ada-8021-3efcd81af050@group-4C2D410CCF9F-LeaderElection27] INFO  server.RaftServerConfigKeys (ConfUtils.java:logGet(43)) - raft.server.watch.timeout.denomination = 1s (default)
2019-10-14 10:22:46,594 [71a3fedc-d6c8-4ada-8021-3efcd81af050@group-4C2D410CCF9F-LeaderElection27] INFO  server.RaftServerConfigKeys (ConfUtils.java:logGet(43)) - raft.server.watch.element-limit = 65536 (default)
2019-10-14 10:22:46,597 [71a3fedc-d6c8-4ada-8021-3efcd81af050@group-4C2D410CCF9F-LeaderElection27] INFO  impl.RoleInfo (RoleInfo.java:updateAndGet(143)) - 71a3fedc-d6c8-4ada-8021-3efcd81af050: start LeaderState
2019-10-14 10:22:46,597 [71a3fedc-d6c8-4ada-8021-3efcd81af050@group-4C2D410CCF9F-LeaderElection27] INFO  segmented.SegmentedRaftLogWorker (SegmentedRaftLogWorker.java:startLogSegment(385)) - 71a3fedc-d6c8-4ada-8021-3efcd81af050@group-4C2D410CCF9F-SegmentedRaftLogWorker: Starting segment from index:0
2019-10-14 10:22:46,598 [71a3fedc-d6c8-4ada-8021-3efcd81af050@group-4C2D410CCF9F-LeaderElection27] INFO  impl.RaftServerImpl (ServerState.java:setRaftConf(356)) - 71a3fedc-d6c8-4ada-8021-3efcd81af050@group-4C2D410CCF9F: set configuration 0: [71a3fedc-d6c8-4ada-8021-3efcd81af050:192.168.151.98:39539], old=null at 0
2019-10-14 10:22:46,611 [Thread-1417] INFO  impl.FollowerState (FollowerState.java:run(108)) - 514d7619-ced6-4f91-abef-7c941b49b03a@group-2C31EE8BEFAE-FollowerState: change to CANDIDATE, lastRpcTime:5182ms, electionTimeout:5182ms
2019-10-14 10:22:46,612 [Thread-1417] INFO  impl.RoleInfo (RoleInfo.java:shutdownFollowerState(121)) - 514d7619-ced6-4f91-abef-7c941b49b03a: shutdown FollowerState
2019-10-14 10:22:46,612 [Thread-1417] INFO  impl.RaftServerImpl (RaftServerImpl.java:setRole(170)) - 514d7619-ced6-4f91-abef-7c941b49b03a@group-2C31EE8BEFAE: changes role from  FOLLOWER to CANDIDATE at term 0 for changeToCandidate
2019-10-14 10:22:46,612 [Thread-1417] INFO  impl.RoleInfo (RoleInfo.java:updateAndGet(143)) - 514d7619-ced6-4f91-abef-7c941b49b03a: start LeaderElection
2019-10-14 10:22:46,648 [71a3fedc-d6c8-4ada-8021-3efcd81af050@group-4C2D410CCF9F-SegmentedRaftLogWorker] INFO  segmented.SegmentedRaftLogWorker (SegmentedRaftLogWorker.java:execute(574)) - 71a3fedc-d6c8-4ada-8021-3efcd81af050@group-4C2D410CCF9F-SegmentedRaftLogWorker: created new log segment /workdir/hadoop-ozone/integration-test/target/test-dir/MiniOzoneClusterImpl-dc2b9cc2-6b0d-409d-bb5b-6a950fa1c069/datanode-2/data/ratis/0ac1eda8-c199-4797-9d4e-4c2d410ccf9f/current/log_inprogress_0
2019-10-14 10:22:46,648 [514d7619-ced6-4f91-abef-7c941b49b03a@group-2C31EE8BEFAE-LeaderElection28] INFO  impl.LeaderElection (LeaderElection.java:askForVotes(178)) - 514d7619-ced6-4f91-abef-7c941b49b03a@group-2C31EE8BEFAE-LeaderElection28: begin an election at term 1 for -1: [514d7619-ced6-4f91-abef-7c941b49b03a:192.168.151.98:33984], old=null
2019-10-14 10:22:46,648 [514d7619-ced6-4f91-abef-7c941b49b03a@group-2C31EE8BEFAE-LeaderElection28] INFO  impl.RoleInfo (RoleInfo.java:shutdownLeaderElection(134)) - 514d7619-ced6-4f91-abef-7c941b49b03a: shutdown LeaderElection
2019-10-14 10:22:46,649 [514d7619-ced6-4f91-abef-7c941b49b03a@group-2C31EE8BEFAE-LeaderElection28] INFO  impl.RaftServerImpl (RaftServerImpl.java:setRole(170)) - 514d7619-ced6-4f91-abef-7c941b49b03a@group-2C31EE8BEFAE: changes role from CANDIDATE to LEADER at term 1 for changeToLeader
2019-10-14 10:22:46,649 [514d7619-ced6-4f91-abef-7c941b49b03a@group-2C31EE8BEFAE-LeaderElection28] INFO  impl.RaftServerImpl (ServerState.java:setLeader(255)) - 514d7619-ced6-4f91-abef-7c941b49b03a@group-2C31EE8BEFAE: change Leader from null to 514d7619-ced6-4f91-abef-7c941b49b03a at term 1 for becomeLeader, leader elected after 5228ms
2019-10-14 10:22:46,649 [514d7619-ced6-4f91-abef-7c941b49b03a@group-2C31EE8BEFAE-LeaderElection28] INFO  server.RaftServerConfigKeys (ConfUtils.java:logGet(43)) - raft.server.staging.catchup.gap = 1000 (default)
2019-10-14 10:22:46,649 [514d7619-ced6-4f91-abef-7c941b49b03a@group-2C31EE8BEFAE-LeaderElection28] INFO  server.RaftServerConfigKeys (ConfUtils.java:logGet(43)) - raft.server.rpc.sleep.time = 25ms (default)
2019-10-14 10:22:46,649 [514d7619-ced6-4f91-abef-7c941b49b03a@group-2C31EE8BEFAE-LeaderElection28] INFO  server.RaftServerConfigKeys (ConfUtils.java:logGet(43)) - raft.server.write.element-limit = 4096 (default)
2019-10-14 10:22:46,649 [514d7619-ced6-4f91-abef-7c941b49b03a@group-2C31EE8BEFAE-LeaderElection28] INFO  server.RaftServerConfigKeys (ConfUtils.java:logGet(43)) - raft.server.watch.timeout = 10s (default)
2019-10-14 10:22:46,649 [514d7619-ced6-4f91-abef-7c941b49b03a@group-2C31EE8BEFAE-LeaderElection28] INFO  server.RaftServerConfigKeys (ConfUtils.java:logGet(43)) - raft.server.watch.timeout.denomination = 1s (default)
2019-10-14 10:22:46,649 [514d7619-ced6-4f91-abef-7c941b49b03a@group-2C31EE8BEFAE-LeaderElection28] INFO  server.RaftServerConfigKeys (ConfUtils.java:logGet(43)) - raft.server.watch.element-limit = 65536 (default)
2019-10-14 10:22:46,651 [514d7619-ced6-4f91-abef-7c941b49b03a@group-2C31EE8BEFAE-LeaderElection28] INFO  impl.RoleInfo (RoleInfo.java:updateAndGet(143)) - 514d7619-ced6-4f91-abef-7c941b49b03a: start LeaderState
2019-10-14 10:22:46,652 [514d7619-ced6-4f91-abef-7c941b49b03a@group-2C31EE8BEFAE-LeaderElection28] INFO  segmented.SegmentedRaftLogWorker (SegmentedRaftLogWorker.java:startLogSegment(385)) - 514d7619-ced6-4f91-abef-7c941b49b03a@group-2C31EE8BEFAE-SegmentedRaftLogWorker: Starting segment from index:0
2019-10-14 10:22:46,652 [514d7619-ced6-4f91-abef-7c941b49b03a@group-2C31EE8BEFAE-LeaderElection28] INFO  impl.RaftServerImpl (ServerState.java:setRaftConf(356)) - 514d7619-ced6-4f91-abef-7c941b49b03a@group-2C31EE8BEFAE: set configuration 0: [514d7619-ced6-4f91-abef-7c941b49b03a:192.168.151.98:33984], old=null at 0
2019-10-14 10:22:46,692 [514d7619-ced6-4f91-abef-7c941b49b03a@group-2C31EE8BEFAE-SegmentedRaftLogWorker] INFO  segmented.SegmentedRaftLogWorker (SegmentedRaftLogWorker.java:execute(574)) - 514d7619-ced6-4f91-abef-7c941b49b03a@group-2C31EE8BEFAE-SegmentedRaftLogWorker: created new log segment /workdir/hadoop-ozone/integration-test/target/test-dir/MiniOzoneClusterImpl-dc2b9cc2-6b0d-409d-bb5b-6a950fa1c069/datanode-0/data/ratis/2bee5207-a3b5-4601-90f8-2c31ee8befae/current/log_inprogress_0
2019-10-14 10:22:46,743 [Thread-1429] INFO  impl.FollowerState (FollowerState.java:run(108)) - 71a3fedc-d6c8-4ada-8021-3efcd81af050@group-A2D2F2F5653F-FollowerState: change to CANDIDATE, lastRpcTime:5098ms, electionTimeout:5098ms
2019-10-14 10:22:46,743 [Thread-1429] INFO  impl.RoleInfo (RoleInfo.java:shutdownFollowerState(121)) - 71a3fedc-d6c8-4ada-8021-3efcd81af050: shutdown FollowerState
2019-10-14 10:22:46,743 [Thread-1429] INFO  impl.RaftServerImpl (RaftServerImpl.java:setRole(170)) - 71a3fedc-d6c8-4ada-8021-3efcd81af050@group-A2D2F2F5653F: changes role from  FOLLOWER to CANDIDATE at term 0 for changeToCandidate
2019-10-14 10:22:46,743 [Thread-1429] INFO  impl.RoleInfo (RoleInfo.java:updateAndGet(143)) - 71a3fedc-d6c8-4ada-8021-3efcd81af050: start LeaderElection
2019-10-14 10:22:46,749 [Thread-1431] INFO  impl.FollowerState (FollowerState.java:run(108)) - 9a7cd4fb-2149-444e-852a-606827ec4daf@group-A2D2F2F5653F-FollowerState: change to CANDIDATE, lastRpcTime:5104ms, electionTimeout:5104ms
2019-10-14 10:22:46,749 [Thread-1431] INFO  impl.RoleInfo (RoleInfo.java:shutdownFollowerState(121)) - 9a7cd4fb-2149-444e-852a-606827ec4daf: shutdown FollowerState
2019-10-14 10:22:46,749 [Thread-1431] INFO  impl.RaftServerImpl (RaftServerImpl.java:setRole(170)) - 9a7cd4fb-2149-444e-852a-606827ec4daf@group-A2D2F2F5653F: changes role from  FOLLOWER to CANDIDATE at term 0 for changeToCandidate
2019-10-14 10:22:46,749 [Thread-1431] INFO  impl.RoleInfo (RoleInfo.java:updateAndGet(143)) - 9a7cd4fb-2149-444e-852a-606827ec4daf: start LeaderElection
2019-10-14 10:22:46,756 [Thread-1426] INFO  impl.FollowerState (FollowerState.java:run(108)) - 514d7619-ced6-4f91-abef-7c941b49b03a@group-A2D2F2F5653F-FollowerState: change to CANDIDATE, lastRpcTime:5117ms, electionTimeout:5117ms
2019-10-14 10:22:46,756 [Thread-1426] INFO  impl.RoleInfo (RoleInfo.java:shutdownFollowerState(121)) - 514d7619-ced6-4f91-abef-7c941b49b03a: shutdown FollowerState
2019-10-14 10:22:46,757 [Thread-1426] INFO  impl.RaftServerImpl (RaftServerImpl.java:setRole(170)) - 514d7619-ced6-4f91-abef-7c941b49b03a@group-A2D2F2F5653F: changes role from  FOLLOWER to CANDIDATE at term 0 for changeToCandidate
2019-10-14 10:22:46,757 [Thread-1426] INFO  impl.RoleInfo (RoleInfo.java:updateAndGet(143)) - 514d7619-ced6-4f91-abef-7c941b49b03a: start LeaderElection
2019-10-14 10:22:46,762 [9a7cd4fb-2149-444e-852a-606827ec4daf@group-A2D2F2F5653F-LeaderElection30] INFO  impl.LeaderElection (LeaderElection.java:askForVotes(178)) - 9a7cd4fb-2149-444e-852a-606827ec4daf@group-A2D2F2F5653F-LeaderElection30: begin an election at term 1 for -1: [514d7619-ced6-4f91-abef-7c941b49b03a:192.168.151.98:33984, 71a3fedc-d6c8-4ada-8021-3efcd81af050:192.168.151.98:39539, 9a7cd4fb-2149-444e-852a-606827ec4daf:192.168.151.98:35647], old=null
2019-10-14 10:22:46,762 [71a3fedc-d6c8-4ada-8021-3efcd81af050@group-A2D2F2F5653F-LeaderElection29] INFO  impl.LeaderElection (LeaderElection.java:askForVotes(178)) - 71a3fedc-d6c8-4ada-8021-3efcd81af050@group-A2D2F2F5653F-LeaderElection29: begin an election at term 1 for -1: [514d7619-ced6-4f91-abef-7c941b49b03a:192.168.151.98:33984, 71a3fedc-d6c8-4ada-8021-3efcd81af050:192.168.151.98:39539, 9a7cd4fb-2149-444e-852a-606827ec4daf:192.168.151.98:35647], old=null
2019-10-14 10:22:46,765 [514d7619-ced6-4f91-abef-7c941b49b03a@group-A2D2F2F5653F-LeaderElection31] INFO  impl.LeaderElection (LeaderElection.java:askForVotes(178)) - 514d7619-ced6-4f91-abef-7c941b49b03a@group-A2D2F2F5653F-LeaderElection31: begin an election at term 1 for -1: [514d7619-ced6-4f91-abef-7c941b49b03a:192.168.151.98:33984, 71a3fedc-d6c8-4ada-8021-3efcd81af050:192.168.151.98:39539, 9a7cd4fb-2149-444e-852a-606827ec4daf:192.168.151.98:35647], old=null
2019-10-14 10:22:46,769 [71a3fedc-d6c8-4ada-8021-3efcd81af050@group-A2D2F2F5653F-LeaderElection29] INFO  impl.LeaderElection (LeaderElection.java:logAndReturn(56)) - 71a3fedc-d6c8-4ada-8021-3efcd81af050@group-A2D2F2F5653F-LeaderElection29: Election REJECTED; received 2 response(s) [71a3fedc-d6c8-4ada-8021-3efcd81af050<-514d7619-ced6-4f91-abef-7c941b49b03a#0:FAIL-t1, 71a3fedc-d6c8-4ada-8021-3efcd81af050<-9a7cd4fb-2149-444e-852a-606827ec4daf#0:FAIL-t1] and 0 exception(s); 71a3fedc-d6c8-4ada-8021-3efcd81af050@group-A2D2F2F5653F:t1, leader=null, voted=71a3fedc-d6c8-4ada-8021-3efcd81af050, raftlog=71a3fedc-d6c8-4ada-8021-3efcd81af050@group-A2D2F2F5653F-SegmentedRaftLog:OPENED:c-1,f-1,i0, conf=-1: [514d7619-ced6-4f91-abef-7c941b49b03a:192.168.151.98:33984, 71a3fedc-d6c8-4ada-8021-3efcd81af050:192.168.151.98:39539, 9a7cd4fb-2149-444e-852a-606827ec4daf:192.168.151.98:35647], old=null
2019-10-14 10:22:46,769 [9a7cd4fb-2149-444e-852a-606827ec4daf@group-A2D2F2F5653F-LeaderElection30] INFO  impl.LeaderElection (LeaderElection.java:logAndReturn(56)) - 9a7cd4fb-2149-444e-852a-606827ec4daf@group-A2D2F2F5653F-LeaderElection30: Election REJECTED; received 2 response(s) [9a7cd4fb-2149-444e-852a-606827ec4daf<-514d7619-ced6-4f91-abef-7c941b49b03a#0:FAIL-t1, 9a7cd4fb-2149-444e-852a-606827ec4daf<-71a3fedc-d6c8-4ada-8021-3efcd81af050#0:FAIL-t1] and 0 exception(s); 9a7cd4fb-2149-444e-852a-606827ec4daf@group-A2D2F2F5653F:t1, leader=null, voted=9a7cd4fb-2149-444e-852a-606827ec4daf, raftlog=9a7cd4fb-2149-444e-852a-606827ec4daf@group-A2D2F2F5653F-SegmentedRaftLog:OPENED:c-1,f-1,i0, conf=-1: [514d7619-ced6-4f91-abef-7c941b49b03a:192.168.151.98:33984, 71a3fedc-d6c8-4ada-8021-3efcd81af050:192.168.151.98:39539, 9a7cd4fb-2149-444e-852a-606827ec4daf:192.168.151.98:35647], old=null
2019-10-14 10:22:46,769 [71a3fedc-d6c8-4ada-8021-3efcd81af050@group-A2D2F2F5653F-LeaderElection29] INFO  impl.RaftServerImpl (RaftServerImpl.java:setRole(170)) - 71a3fedc-d6c8-4ada-8021-3efcd81af050@group-A2D2F2F5653F: changes role from CANDIDATE to FOLLOWER at term 1 for DISCOVERED_A_NEW_TERM
2019-10-14 10:22:46,772 [514d7619-ced6-4f91-abef-7c941b49b03a@group-A2D2F2F5653F-LeaderElection31] INFO  impl.LeaderElection (LeaderElection.java:logAndReturn(56)) - 514d7619-ced6-4f91-abef-7c941b49b03a@group-A2D2F2F5653F-LeaderElection31: Election REJECTED; received 2 response(s) [514d7619-ced6-4f91-abef-7c941b49b03a<-71a3fedc-d6c8-4ada-8021-3efcd81af050#0:FAIL-t1, 514d7619-ced6-4f91-abef-7c941b49b03a<-9a7cd4fb-2149-444e-852a-606827ec4daf#0:FAIL-t1] and 0 exception(s); 514d7619-ced6-4f91-abef-7c941b49b03a@group-A2D2F2F5653F:t1, leader=null, voted=514d7619-ced6-4f91-abef-7c941b49b03a, raftlog=514d7619-ced6-4f91-abef-7c941b49b03a@group-A2D2F2F5653F-SegmentedRaftLog:OPENED:c-1,f-1,i0, conf=-1: [514d7619-ced6-4f91-abef-7c941b49b03a:192.168.151.98:33984, 71a3fedc-d6c8-4ada-8021-3efcd81af050:192.168.151.98:39539, 9a7cd4fb-2149-444e-852a-606827ec4daf:192.168.151.98:35647], old=null
2019-10-14 10:22:46,772 [9a7cd4fb-2149-444e-852a-606827ec4daf@group-A2D2F2F5653F-LeaderElection30] INFO  impl.RaftServerImpl (RaftServerImpl.java:setRole(170)) - 9a7cd4fb-2149-444e-852a-606827ec4daf@group-A2D2F2F5653F: changes role from CANDIDATE to FOLLOWER at term 1 for DISCOVERED_A_NEW_TERM
2019-10-14 10:22:46,774 [514d7619-ced6-4f91-abef-7c941b49b03a@group-A2D2F2F5653F-LeaderElection31] INFO  impl.RaftServerImpl (RaftServerImpl.java:setRole(170)) - 514d7619-ced6-4f91-abef-7c941b49b03a@group-A2D2F2F5653F: changes role from CANDIDATE to FOLLOWER at term 1 for DISCOVERED_A_NEW_TERM
2019-10-14 10:22:46,776 [514d7619-ced6-4f91-abef-7c941b49b03a@group-A2D2F2F5653F-LeaderElection31] INFO  impl.RoleInfo (RoleInfo.java:shutdownLeaderElection(134)) - 514d7619-ced6-4f91-abef-7c941b49b03a: shutdown LeaderElection
2019-10-14 10:22:46,772 [71a3fedc-d6c8-4ada-8021-3efcd81af050@group-A2D2F2F5653F-LeaderElection29] INFO  impl.RoleInfo (RoleInfo.java:shutdownLeaderElection(134)) - 71a3fedc-d6c8-4ada-8021-3efcd81af050: shutdown LeaderElection
2019-10-14 10:22:46,776 [514d7619-ced6-4f91-abef-7c941b49b03a@group-A2D2F2F5653F-LeaderElection31] INFO  impl.RoleInfo (RoleInfo.java:updateAndGet(143)) - 514d7619-ced6-4f91-abef-7c941b49b03a: start FollowerState
2019-10-14 10:22:46,774 [9a7cd4fb-2149-444e-852a-606827ec4daf@group-A2D2F2F5653F-LeaderElection30] INFO  impl.RoleInfo (RoleInfo.java:shutdownLeaderElection(134)) - 9a7cd4fb-2149-444e-852a-606827ec4daf: shutdown LeaderElection
2019-10-14 10:22:46,776 [71a3fedc-d6c8-4ada-8021-3efcd81af050@group-A2D2F2F5653F-LeaderElection29] INFO  impl.RoleInfo (RoleInfo.java:updateAndGet(143)) - 71a3fedc-d6c8-4ada-8021-3efcd81af050: start FollowerState
2019-10-14 10:22:46,776 [9a7cd4fb-2149-444e-852a-606827ec4daf@group-A2D2F2F5653F-LeaderElection30] INFO  impl.RoleInfo (RoleInfo.java:updateAndGet(143)) - 9a7cd4fb-2149-444e-852a-606827ec4daf: start FollowerState
2019-10-14 10:22:46,858 [Thread-1438] INFO  impl.FollowerState (FollowerState.java:run(108)) - c1d8b9c1-42c0-4c9a-84fe-cc35f7b5bc36@group-560DF8E99896-FollowerState: change to CANDIDATE, lastRpcTime:5062ms, electionTimeout:5062ms
2019-10-14 10:22:46,858 [Thread-1438] INFO  impl.RoleInfo (RoleInfo.java:shutdownFollowerState(121)) - c1d8b9c1-42c0-4c9a-84fe-cc35f7b5bc36: shutdown FollowerState
2019-10-14 10:22:46,858 [Thread-1438] INFO  impl.RaftServerImpl (RaftServerImpl.java:setRole(170)) - c1d8b9c1-42c0-4c9a-84fe-cc35f7b5bc36@group-560DF8E99896: changes role from  FOLLOWER to CANDIDATE at term 0 for changeToCandidate
2019-10-14 10:22:46,858 [Thread-1438] INFO  impl.RoleInfo (RoleInfo.java:updateAndGet(143)) - c1d8b9c1-42c0-4c9a-84fe-cc35f7b5bc36: start LeaderElection
2019-10-14 10:22:46,880 [c1d8b9c1-42c0-4c9a-84fe-cc35f7b5bc36@group-560DF8E99896-LeaderElection32] INFO  impl.LeaderElection (LeaderElection.java:askForVotes(178)) - c1d8b9c1-42c0-4c9a-84fe-cc35f7b5bc36@group-560DF8E99896-LeaderElection32: begin an election at term 1 for -1: [c1d8b9c1-42c0-4c9a-84fe-cc35f7b5bc36:192.168.151.98:42674], old=null
2019-10-14 10:22:46,881 [c1d8b9c1-42c0-4c9a-84fe-cc35f7b5bc36@group-560DF8E99896-LeaderElection32] INFO  impl.RoleInfo (RoleInfo.java:shutdownLeaderElection(134)) - c1d8b9c1-42c0-4c9a-84fe-cc35f7b5bc36: shutdown LeaderElection
2019-10-14 10:22:46,881 [c1d8b9c1-42c0-4c9a-84fe-cc35f7b5bc36@group-560DF8E99896-LeaderElection32] INFO  impl.RaftServerImpl (RaftServerImpl.java:setRole(170)) - c1d8b9c1-42c0-4c9a-84fe-cc35f7b5bc36@group-560DF8E99896: changes role from CANDIDATE to LEADER at term 1 for changeToLeader
2019-10-14 10:22:46,881 [c1d8b9c1-42c0-4c9a-84fe-cc35f7b5bc36@group-560DF8E99896-LeaderElection32] INFO  impl.RaftServerImpl (ServerState.java:setLeader(255)) - c1d8b9c1-42c0-4c9a-84fe-cc35f7b5bc36@group-560DF8E99896: change Leader from null to c1d8b9c1-42c0-4c9a-84fe-cc35f7b5bc36 at term 1 for becomeLeader, leader elected after 5091ms
2019-10-14 10:22:46,881 [c1d8b9c1-42c0-4c9a-84fe-cc35f7b5bc36@group-560DF8E99896-LeaderElection32] INFO  server.RaftServerConfigKeys (ConfUtils.java:logGet(43)) - raft.server.staging.catchup.gap = 1000 (default)
2019-10-14 10:22:46,881 [c1d8b9c1-42c0-4c9a-84fe-cc35f7b5bc36@group-560DF8E99896-LeaderElection32] INFO  server.RaftServerConfigKeys (ConfUtils.java:logGet(43)) - raft.server.rpc.sleep.time = 25ms (default)
2019-10-14 10:22:46,882 [c1d8b9c1-42c0-4c9a-84fe-cc35f7b5bc36@group-560DF8E99896-LeaderElection32] INFO  server.RaftServerConfigKeys (ConfUtils.java:logGet(43)) - raft.server.write.element-limit = 4096 (default)
2019-10-14 10:22:46,882 [c1d8b9c1-42c0-4c9a-84fe-cc35f7b5bc36@group-560DF8E99896-LeaderElection32] INFO  server.RaftServerConfigKeys (ConfUtils.java:logGet(43)) - raft.server.watch.timeout = 10s (default)
2019-10-14 10:22:46,882 [c1d8b9c1-42c0-4c9a-84fe-cc35f7b5bc36@group-560DF8E99896-LeaderElection32] INFO  server.RaftServerConfigKeys (ConfUtils.java:logGet(43)) - raft.server.watch.timeout.denomination = 1s (default)
2019-10-14 10:22:46,882 [c1d8b9c1-42c0-4c9a-84fe-cc35f7b5bc36@group-560DF8E99896-LeaderElection32] INFO  server.RaftServerConfigKeys (ConfUtils.java:logGet(43)) - raft.server.watch.element-limit = 65536 (default)
2019-10-14 10:22:46,885 [c1d8b9c1-42c0-4c9a-84fe-cc35f7b5bc36@group-560DF8E99896-LeaderElection32] INFO  impl.RoleInfo (RoleInfo.java:updateAndGet(143)) - c1d8b9c1-42c0-4c9a-84fe-cc35f7b5bc36: start LeaderState
2019-10-14 10:22:46,886 [c1d8b9c1-42c0-4c9a-84fe-cc35f7b5bc36@group-560DF8E99896-LeaderElection32] INFO  segmented.SegmentedRaftLogWorker (SegmentedRaftLogWorker.java:startLogSegment(385)) - c1d8b9c1-42c0-4c9a-84fe-cc35f7b5bc36@group-560DF8E99896-SegmentedRaftLogWorker: Starting segment from index:0
2019-10-14 10:22:46,886 [c1d8b9c1-42c0-4c9a-84fe-cc35f7b5bc36@group-560DF8E99896-LeaderElection32] INFO  impl.RaftServerImpl (ServerState.java:setRaftConf(356)) - c1d8b9c1-42c0-4c9a-84fe-cc35f7b5bc36@group-560DF8E99896: set configuration 0: [c1d8b9c1-42c0-4c9a-84fe-cc35f7b5bc36:192.168.151.98:42674], old=null at 0
2019-10-14 10:22:46,912 [Thread-1435] INFO  impl.FollowerState (FollowerState.java:run(108)) - b8e3ed25-0363-4ec5-b8d7-7bac29be8c71@group-E30B452370FD-FollowerState: change to CANDIDATE, lastRpcTime:5177ms, electionTimeout:5170ms
2019-10-14 10:22:46,912 [Thread-1435] INFO  impl.RoleInfo (RoleInfo.java:shutdownFollowerState(121)) - b8e3ed25-0363-4ec5-b8d7-7bac29be8c71: shutdown FollowerState
2019-10-14 10:22:46,912 [Thread-1435] INFO  impl.RaftServerImpl (RaftServerImpl.java:setRole(170)) - b8e3ed25-0363-4ec5-b8d7-7bac29be8c71@group-E30B452370FD: changes role from  FOLLOWER to CANDIDATE at term 0 for changeToCandidate
2019-10-14 10:22:46,912 [Thread-1435] INFO  impl.RoleInfo (RoleInfo.java:updateAndGet(143)) - b8e3ed25-0363-4ec5-b8d7-7bac29be8c71: start LeaderElection
2019-10-14 10:22:46,924 [c1d8b9c1-42c0-4c9a-84fe-cc35f7b5bc36@group-560DF8E99896-SegmentedRaftLogWorker] INFO  segmented.SegmentedRaftLogWorker (SegmentedRaftLogWorker.java:execute(574)) - c1d8b9c1-42c0-4c9a-84fe-cc35f7b5bc36@group-560DF8E99896-SegmentedRaftLogWorker: created new log segment /workdir/hadoop-ozone/integration-test/target/test-dir/MiniOzoneClusterImpl-dc2b9cc2-6b0d-409d-bb5b-6a950fa1c069/datanode-3/data/ratis/3c479299-974d-4507-984e-560df8e99896/current/log_inprogress_0
2019-10-14 10:22:46,927 [b8e3ed25-0363-4ec5-b8d7-7bac29be8c71@group-E30B452370FD-LeaderElection33] INFO  impl.LeaderElection (LeaderElection.java:askForVotes(178)) - b8e3ed25-0363-4ec5-b8d7-7bac29be8c71@group-E30B452370FD-LeaderElection33: begin an election at term 1 for -1: [b8e3ed25-0363-4ec5-b8d7-7bac29be8c71:192.168.151.98:34298], old=null
2019-10-14 10:22:46,928 [b8e3ed25-0363-4ec5-b8d7-7bac29be8c71@group-E30B452370FD-LeaderElection33] INFO  impl.RoleInfo (RoleInfo.java:shutdownLeaderElection(134)) - b8e3ed25-0363-4ec5-b8d7-7bac29be8c71: shutdown LeaderElection
2019-10-14 10:22:46,928 [b8e3ed25-0363-4ec5-b8d7-7bac29be8c71@group-E30B452370FD-LeaderElection33] INFO  impl.RaftServerImpl (RaftServerImpl.java:setRole(170)) - b8e3ed25-0363-4ec5-b8d7-7bac29be8c71@group-E30B452370FD: changes role from CANDIDATE to LEADER at term 1 for changeToLeader
2019-10-14 10:22:46,928 [b8e3ed25-0363-4ec5-b8d7-7bac29be8c71@group-E30B452370FD-LeaderElection33] INFO  impl.RaftServerImpl (ServerState.java:setLeader(255)) - b8e3ed25-0363-4ec5-b8d7-7bac29be8c71@group-E30B452370FD: change Leader from null to b8e3ed25-0363-4ec5-b8d7-7bac29be8c71 at term 1 for becomeLeader, leader elected after 5200ms
2019-10-14 10:22:46,928 [b8e3ed25-0363-4ec5-b8d7-7bac29be8c71@group-E30B452370FD-LeaderElection33] INFO  server.RaftServerConfigKeys (ConfUtils.java:logGet(43)) - raft.server.staging.catchup.gap = 1000 (default)
2019-10-14 10:22:46,928 [b8e3ed25-0363-4ec5-b8d7-7bac29be8c71@group-E30B452370FD-LeaderElection33] INFO  server.RaftServerConfigKeys (ConfUtils.java:logGet(43)) - raft.server.rpc.sleep.time = 25ms (default)
2019-10-14 10:22:46,928 [b8e3ed25-0363-4ec5-b8d7-7bac29be8c71@group-E30B452370FD-LeaderElection33] INFO  server.RaftServerConfigKeys (ConfUtils.java:logGet(43)) - raft.server.write.element-limit = 4096 (default)
2019-10-14 10:22:46,928 [b8e3ed25-0363-4ec5-b8d7-7bac29be8c71@group-E30B452370FD-LeaderElection33] INFO  server.RaftServerConfigKeys (ConfUtils.java:logGet(43)) - raft.server.watch.timeout = 10s (default)
2019-10-14 10:22:46,928 [b8e3ed25-0363-4ec5-b8d7-7bac29be8c71@group-E30B452370FD-LeaderElection33] INFO  server.RaftServerConfigKeys (ConfUtils.java:logGet(43)) - raft.server.watch.timeout.denomination = 1s (default)
2019-10-14 10:22:46,929 [b8e3ed25-0363-4ec5-b8d7-7bac29be8c71@group-E30B452370FD-LeaderElection33] INFO  server.RaftServerConfigKeys (ConfUtils.java:logGet(43)) - raft.server.watch.element-limit = 65536 (default)
2019-10-14 10:22:46,931 [b8e3ed25-0363-4ec5-b8d7-7bac29be8c71@group-E30B452370FD-LeaderElection33] INFO  impl.RoleInfo (RoleInfo.java:updateAndGet(143)) - b8e3ed25-0363-4ec5-b8d7-7bac29be8c71: start LeaderState
2019-10-14 10:22:46,931 [b8e3ed25-0363-4ec5-b8d7-7bac29be8c71@group-E30B452370FD-LeaderElection33] INFO  segmented.SegmentedRaftLogWorker (SegmentedRaftLogWorker.java:startLogSegment(385)) - b8e3ed25-0363-4ec5-b8d7-7bac29be8c71@group-E30B452370FD-SegmentedRaftLogWorker: Starting segment from index:0
2019-10-14 10:22:46,931 [b8e3ed25-0363-4ec5-b8d7-7bac29be8c71@group-E30B452370FD-LeaderElection33] INFO  impl.RaftServerImpl (ServerState.java:setRaftConf(356)) - b8e3ed25-0363-4ec5-b8d7-7bac29be8c71@group-E30B452370FD: set configuration 0: [b8e3ed25-0363-4ec5-b8d7-7bac29be8c71:192.168.151.98:34298], old=null at 0
2019-10-14 10:22:46,942 [Thread-1441] INFO  impl.FollowerState (FollowerState.java:run(108)) - 5ff7de4b-4953-4c1b-a97b-cf9f343073ea@group-E48800BCFCB2-FollowerState: change to CANDIDATE, lastRpcTime:5080ms, electionTimeout:5080ms
2019-10-14 10:22:46,943 [Thread-1441] INFO  impl.RoleInfo (RoleInfo.java:shutdownFollowerState(121)) - 5ff7de4b-4953-4c1b-a97b-cf9f343073ea: shutdown FollowerState
2019-10-14 10:22:46,943 [Thread-1441] INFO  impl.RaftServerImpl (RaftServerImpl.java:setRole(170)) - 5ff7de4b-4953-4c1b-a97b-cf9f343073ea@group-E48800BCFCB2: changes role from  FOLLOWER to CANDIDATE at term 0 for changeToCandidate
2019-10-14 10:22:46,943 [Thread-1441] INFO  impl.RoleInfo (RoleInfo.java:updateAndGet(143)) - 5ff7de4b-4953-4c1b-a97b-cf9f343073ea: start LeaderElection
2019-10-14 10:22:47,003 [b8e3ed25-0363-4ec5-b8d7-7bac29be8c71@group-E30B452370FD-SegmentedRaftLogWorker] INFO  segmented.SegmentedRaftLogWorker (SegmentedRaftLogWorker.java:execute(574)) - b8e3ed25-0363-4ec5-b8d7-7bac29be8c71@group-E30B452370FD-SegmentedRaftLogWorker: created new log segment /workdir/hadoop-ozone/integration-test/target/test-dir/MiniOzoneClusterImpl-dc2b9cc2-6b0d-409d-bb5b-6a950fa1c069/datanode-5/data/ratis/94cc410b-02dc-4911-9f69-e30b452370fd/current/log_inprogress_0
2019-10-14 10:22:47,004 [5ff7de4b-4953-4c1b-a97b-cf9f343073ea@group-E48800BCFCB2-LeaderElection34] INFO  impl.LeaderElection (LeaderElection.java:askForVotes(178)) - 5ff7de4b-4953-4c1b-a97b-cf9f343073ea@group-E48800BCFCB2-LeaderElection34: begin an election at term 1 for -1: [5ff7de4b-4953-4c1b-a97b-cf9f343073ea:192.168.151.98:43705], old=null
2019-10-14 10:22:47,004 [5ff7de4b-4953-4c1b-a97b-cf9f343073ea@group-E48800BCFCB2-LeaderElection34] INFO  impl.RoleInfo (RoleInfo.java:shutdownLeaderElection(134)) - 5ff7de4b-4953-4c1b-a97b-cf9f343073ea: shutdown LeaderElection
2019-10-14 10:22:47,004 [5ff7de4b-4953-4c1b-a97b-cf9f343073ea@group-E48800BCFCB2-LeaderElection34] INFO  impl.RaftServerImpl (RaftServerImpl.java:setRole(170)) - 5ff7de4b-4953-4c1b-a97b-cf9f343073ea@group-E48800BCFCB2: changes role from CANDIDATE to LEADER at term 1 for changeToLeader
2019-10-14 10:22:47,004 [5ff7de4b-4953-4c1b-a97b-cf9f343073ea@group-E48800BCFCB2-LeaderElection34] INFO  impl.RaftServerImpl (ServerState.java:setLeader(255)) - 5ff7de4b-4953-4c1b-a97b-cf9f343073ea@group-E48800BCFCB2: change Leader from null to 5ff7de4b-4953-4c1b-a97b-cf9f343073ea at term 1 for becomeLeader, leader elected after 5153ms
2019-10-14 10:22:47,004 [5ff7de4b-4953-4c1b-a97b-cf9f343073ea@group-E48800BCFCB2-LeaderElection34] INFO  server.RaftServerConfigKeys (ConfUtils.java:logGet(43)) - raft.server.staging.catchup.gap = 1000 (default)
2019-10-14 10:22:47,005 [5ff7de4b-4953-4c1b-a97b-cf9f343073ea@group-E48800BCFCB2-LeaderElection34] INFO  server.RaftServerConfigKeys (ConfUtils.java:logGet(43)) - raft.server.rpc.sleep.time = 25ms (default)
2019-10-14 10:22:47,005 [5ff7de4b-4953-4c1b-a97b-cf9f343073ea@group-E48800BCFCB2-LeaderElection34] INFO  server.RaftServerConfigKeys (ConfUtils.java:logGet(43)) - raft.server.write.element-limit = 4096 (default)
2019-10-14 10:22:47,005 [5ff7de4b-4953-4c1b-a97b-cf9f343073ea@group-E48800BCFCB2-LeaderElection34] INFO  server.RaftServerConfigKeys (ConfUtils.java:logGet(43)) - raft.server.watch.timeout = 10s (default)
2019-10-14 10:22:47,005 [5ff7de4b-4953-4c1b-a97b-cf9f343073ea@group-E48800BCFCB2-LeaderElection34] INFO  server.RaftServerConfigKeys (ConfUtils.java:logGet(43)) - raft.server.watch.timeout.denomination = 1s (default)
2019-10-14 10:22:47,006 [5ff7de4b-4953-4c1b-a97b-cf9f343073ea@group-E48800BCFCB2-LeaderElection34] INFO  server.RaftServerConfigKeys (ConfUtils.java:logGet(43)) - raft.server.watch.element-limit = 65536 (default)
2019-10-14 10:22:47,008 [5ff7de4b-4953-4c1b-a97b-cf9f343073ea@group-E48800BCFCB2-LeaderElection34] INFO  impl.RoleInfo (RoleInfo.java:updateAndGet(143)) - 5ff7de4b-4953-4c1b-a97b-cf9f343073ea: start LeaderState
2019-10-14 10:22:47,009 [5ff7de4b-4953-4c1b-a97b-cf9f343073ea@group-E48800BCFCB2-LeaderElection34] INFO  segmented.SegmentedRaftLogWorker (SegmentedRaftLogWorker.java:startLogSegment(385)) - 5ff7de4b-4953-4c1b-a97b-cf9f343073ea@group-E48800BCFCB2-SegmentedRaftLogWorker: Starting segment from index:0
2019-10-14 10:22:47,009 [5ff7de4b-4953-4c1b-a97b-cf9f343073ea@group-E48800BCFCB2-LeaderElection34] INFO  impl.RaftServerImpl (ServerState.java:setRaftConf(356)) - 5ff7de4b-4953-4c1b-a97b-cf9f343073ea@group-E48800BCFCB2: set configuration 0: [5ff7de4b-4953-4c1b-a97b-cf9f343073ea:192.168.151.98:43705], old=null at 0
2019-10-14 10:22:47,052 [5ff7de4b-4953-4c1b-a97b-cf9f343073ea@group-E48800BCFCB2-SegmentedRaftLogWorker] INFO  segmented.SegmentedRaftLogWorker (SegmentedRaftLogWorker.java:execute(574)) - 5ff7de4b-4953-4c1b-a97b-cf9f343073ea@group-E48800BCFCB2-SegmentedRaftLogWorker: created new log segment /workdir/hadoop-ozone/integration-test/target/test-dir/MiniOzoneClusterImpl-dc2b9cc2-6b0d-409d-bb5b-6a950fa1c069/datanode-6/data/ratis/5e84aebe-3990-45a4-a5cd-e48800bcfcb2/current/log_inprogress_0
2019-10-14 10:22:47,104 [Thread-1444] INFO  impl.FollowerState (FollowerState.java:run(108)) - c53c87ec-c046-44bb-9a56-c35705fc483e@group-7E4293BB56EB-FollowerState: change to CANDIDATE, lastRpcTime:5172ms, electionTimeout:5172ms
2019-10-14 10:22:47,104 [Thread-1444] INFO  impl.RoleInfo (RoleInfo.java:shutdownFollowerState(121)) - c53c87ec-c046-44bb-9a56-c35705fc483e: shutdown FollowerState
2019-10-14 10:22:47,104 [Thread-1444] INFO  impl.RaftServerImpl (RaftServerImpl.java:setRole(170)) - c53c87ec-c046-44bb-9a56-c35705fc483e@group-7E4293BB56EB: changes role from  FOLLOWER to CANDIDATE at term 0 for changeToCandidate
2019-10-14 10:22:47,105 [Thread-1444] INFO  impl.RoleInfo (RoleInfo.java:updateAndGet(143)) - c53c87ec-c046-44bb-9a56-c35705fc483e: start LeaderElection
2019-10-14 10:22:47,116 [Thread-1448] INFO  impl.FollowerState (FollowerState.java:run(108)) - c1d8b9c1-42c0-4c9a-84fe-cc35f7b5bc36@group-BEDBCB5C6CE4-FollowerState: change to CANDIDATE, lastRpcTime:5118ms, electionTimeout:5118ms
2019-10-14 10:22:47,116 [Thread-1448] INFO  impl.RoleInfo (RoleInfo.java:shutdownFollowerState(121)) - c1d8b9c1-42c0-4c9a-84fe-cc35f7b5bc36: shutdown FollowerState
2019-10-14 10:22:47,116 [Thread-1448] INFO  impl.RaftServerImpl (RaftServerImpl.java:setRole(170)) - c1d8b9c1-42c0-4c9a-84fe-cc35f7b5bc36@group-BEDBCB5C6CE4: changes role from  FOLLOWER to CANDIDATE at term 0 for changeToCandidate
2019-10-14 10:22:47,116 [Thread-1448] INFO  impl.RoleInfo (RoleInfo.java:updateAndGet(143)) - c1d8b9c1-42c0-4c9a-84fe-cc35f7b5bc36: start LeaderElection
2019-10-14 10:22:47,123 [c53c87ec-c046-44bb-9a56-c35705fc483e@group-7E4293BB56EB-LeaderElection35] INFO  impl.LeaderElection (LeaderElection.java:askForVotes(178)) - c53c87ec-c046-44bb-9a56-c35705fc483e@group-7E4293BB56EB-LeaderElection35: begin an election at term 1 for -1: [c53c87ec-c046-44bb-9a56-c35705fc483e:192.168.151.98:38163], old=null
2019-10-14 10:22:47,123 [c53c87ec-c046-44bb-9a56-c35705fc483e@group-7E4293BB56EB-LeaderElection35] INFO  impl.RoleInfo (RoleInfo.java:shutdownLeaderElection(134)) - c53c87ec-c046-44bb-9a56-c35705fc483e: shutdown LeaderElection
2019-10-14 10:22:47,123 [c53c87ec-c046-44bb-9a56-c35705fc483e@group-7E4293BB56EB-LeaderElection35] INFO  impl.RaftServerImpl (RaftServerImpl.java:setRole(170)) - c53c87ec-c046-44bb-9a56-c35705fc483e@group-7E4293BB56EB: changes role from CANDIDATE to LEADER at term 1 for changeToLeader
2019-10-14 10:22:47,124 [c53c87ec-c046-44bb-9a56-c35705fc483e@group-7E4293BB56EB-LeaderElection35] INFO  impl.RaftServerImpl (ServerState.java:setLeader(255)) - c53c87ec-c046-44bb-9a56-c35705fc483e@group-7E4293BB56EB: change Leader from null to c53c87ec-c046-44bb-9a56-c35705fc483e at term 1 for becomeLeader, leader elected after 5201ms
2019-10-14 10:22:47,124 [c53c87ec-c046-44bb-9a56-c35705fc483e@group-7E4293BB56EB-LeaderElection35] INFO  server.RaftServerConfigKeys (ConfUtils.java:logGet(43)) - raft.server.staging.catchup.gap = 1000 (default)
2019-10-14 10:22:47,124 [c53c87ec-c046-44bb-9a56-c35705fc483e@group-7E4293BB56EB-LeaderElection35] INFO  server.RaftServerConfigKeys (ConfUtils.java:logGet(43)) - raft.server.rpc.sleep.time = 25ms (default)
2019-10-14 10:22:47,124 [c53c87ec-c046-44bb-9a56-c35705fc483e@group-7E4293BB56EB-LeaderElection35] INFO  server.RaftServerConfigKeys (ConfUtils.java:logGet(43)) - raft.server.write.element-limit = 4096 (default)
2019-10-14 10:22:47,124 [c53c87ec-c046-44bb-9a56-c35705fc483e@group-7E4293BB56EB-LeaderElection35] INFO  server.RaftServerConfigKeys (ConfUtils.java:logGet(43)) - raft.server.watch.timeout = 10s (default)
2019-10-14 10:22:47,124 [c53c87ec-c046-44bb-9a56-c35705fc483e@group-7E4293BB56EB-LeaderElection35] INFO  server.RaftServerConfigKeys (ConfUtils.java:logGet(43)) - raft.server.watch.timeout.denomination = 1s (default)
2019-10-14 10:22:47,124 [c53c87ec-c046-44bb-9a56-c35705fc483e@group-7E4293BB56EB-LeaderElection35] INFO  server.RaftServerConfigKeys (ConfUtils.java:logGet(43)) - raft.server.watch.element-limit = 65536 (default)
2019-10-14 10:22:47,126 [c53c87ec-c046-44bb-9a56-c35705fc483e@group-7E4293BB56EB-LeaderElection35] INFO  impl.RoleInfo (RoleInfo.java:updateAndGet(143)) - c53c87ec-c046-44bb-9a56-c35705fc483e: start LeaderState
2019-10-14 10:22:47,127 [c53c87ec-c046-44bb-9a56-c35705fc483e@group-7E4293BB56EB-LeaderElection35] INFO  segmented.SegmentedRaftLogWorker (SegmentedRaftLogWorker.java:startLogSegment(385)) - c53c87ec-c046-44bb-9a56-c35705fc483e@group-7E4293BB56EB-SegmentedRaftLogWorker: Starting segment from index:0
2019-10-14 10:22:47,127 [c53c87ec-c046-44bb-9a56-c35705fc483e@group-7E4293BB56EB-LeaderElection35] INFO  impl.RaftServerImpl (ServerState.java:setRaftConf(356)) - c53c87ec-c046-44bb-9a56-c35705fc483e@group-7E4293BB56EB: set configuration 0: [c53c87ec-c046-44bb-9a56-c35705fc483e:192.168.151.98:38163], old=null at 0
2019-10-14 10:22:47,131 [Thread-1450] INFO  impl.FollowerState (FollowerState.java:run(108)) - b8e3ed25-0363-4ec5-b8d7-7bac29be8c71@group-BEDBCB5C6CE4-FollowerState: change to CANDIDATE, lastRpcTime:5130ms, electionTimeout:5130ms
2019-10-14 10:22:47,131 [Thread-1450] INFO  impl.RoleInfo (RoleInfo.java:shutdownFollowerState(121)) - b8e3ed25-0363-4ec5-b8d7-7bac29be8c71: shutdown FollowerState
2019-10-14 10:22:47,131 [Thread-1450] INFO  impl.RaftServerImpl (RaftServerImpl.java:setRole(170)) - b8e3ed25-0363-4ec5-b8d7-7bac29be8c71@group-BEDBCB5C6CE4: changes role from  FOLLOWER to CANDIDATE at term 0 for changeToCandidate
2019-10-14 10:22:47,131 [Thread-1450] INFO  impl.RoleInfo (RoleInfo.java:updateAndGet(143)) - b8e3ed25-0363-4ec5-b8d7-7bac29be8c71: start LeaderElection
2019-10-14 10:22:47,156 [c1d8b9c1-42c0-4c9a-84fe-cc35f7b5bc36@group-BEDBCB5C6CE4-LeaderElection36] INFO  impl.LeaderElection (LeaderElection.java:askForVotes(178)) - c1d8b9c1-42c0-4c9a-84fe-cc35f7b5bc36@group-BEDBCB5C6CE4-LeaderElection36: begin an election at term 1 for -1: [b8e3ed25-0363-4ec5-b8d7-7bac29be8c71:192.168.151.98:34298, 5ff7de4b-4953-4c1b-a97b-cf9f343073ea:192.168.151.98:43705, c1d8b9c1-42c0-4c9a-84fe-cc35f7b5bc36:192.168.151.98:42674], old=null
2019-10-14 10:22:47,162 [Thread-1452] INFO  impl.FollowerState (FollowerState.java:run(108)) - 5ff7de4b-4953-4c1b-a97b-cf9f343073ea@group-BEDBCB5C6CE4-FollowerState: change to CANDIDATE, lastRpcTime:5161ms, electionTimeout:5161ms
2019-10-14 10:22:47,162 [Thread-1452] INFO  impl.RoleInfo (RoleInfo.java:shutdownFollowerState(121)) - 5ff7de4b-4953-4c1b-a97b-cf9f343073ea: shutdown FollowerState
2019-10-14 10:22:47,162 [Thread-1452] INFO  impl.RaftServerImpl (RaftServerImpl.java:setRole(170)) - 5ff7de4b-4953-4c1b-a97b-cf9f343073ea@group-BEDBCB5C6CE4: changes role from  FOLLOWER to CANDIDATE at term 0 for changeToCandidate
2019-10-14 10:22:47,162 [Thread-1452] INFO  impl.RoleInfo (RoleInfo.java:updateAndGet(143)) - 5ff7de4b-4953-4c1b-a97b-cf9f343073ea: start LeaderElection
2019-10-14 10:22:47,167 [c53c87ec-c046-44bb-9a56-c35705fc483e@group-7E4293BB56EB-SegmentedRaftLogWorker] INFO  segmented.SegmentedRaftLogWorker (SegmentedRaftLogWorker.java:execute(574)) - c53c87ec-c046-44bb-9a56-c35705fc483e@group-7E4293BB56EB-SegmentedRaftLogWorker: created new log segment /workdir/hadoop-ozone/integration-test/target/test-dir/MiniOzoneClusterImpl-dc2b9cc2-6b0d-409d-bb5b-6a950fa1c069/datanode-4/data/ratis/17250e93-0036-4ce1-9241-7e4293bb56eb/current/log_inprogress_0
2019-10-14 10:22:47,167 [b8e3ed25-0363-4ec5-b8d7-7bac29be8c71@group-BEDBCB5C6CE4-LeaderElection37] INFO  impl.LeaderElection (LeaderElection.java:askForVotes(178)) - b8e3ed25-0363-4ec5-b8d7-7bac29be8c71@group-BEDBCB5C6CE4-LeaderElection37: begin an election at term 1 for -1: [b8e3ed25-0363-4ec5-b8d7-7bac29be8c71:192.168.151.98:34298, 5ff7de4b-4953-4c1b-a97b-cf9f343073ea:192.168.151.98:43705, c1d8b9c1-42c0-4c9a-84fe-cc35f7b5bc36:192.168.151.98:42674], old=null
2019-10-14 10:22:47,181 [5ff7de4b-4953-4c1b-a97b-cf9f343073ea@group-BEDBCB5C6CE4-LeaderElection38] INFO  impl.LeaderElection (LeaderElection.java:askForVotes(178)) - 5ff7de4b-4953-4c1b-a97b-cf9f343073ea@group-BEDBCB5C6CE4-LeaderElection38: begin an election at term 1 for -1: [b8e3ed25-0363-4ec5-b8d7-7bac29be8c71:192.168.151.98:34298, 5ff7de4b-4953-4c1b-a97b-cf9f343073ea:192.168.151.98:43705, c1d8b9c1-42c0-4c9a-84fe-cc35f7b5bc36:192.168.151.98:42674], old=null
2019-10-14 10:22:47,182 [c1d8b9c1-42c0-4c9a-84fe-cc35f7b5bc36@group-BEDBCB5C6CE4-LeaderElection36] INFO  impl.LeaderElection (LeaderElection.java:logAndReturn(56)) - c1d8b9c1-42c0-4c9a-84fe-cc35f7b5bc36@group-BEDBCB5C6CE4-LeaderElection36: Election REJECTED; received 2 response(s) [c1d8b9c1-42c0-4c9a-84fe-cc35f7b5bc36<-b8e3ed25-0363-4ec5-b8d7-7bac29be8c71#0:FAIL-t1, c1d8b9c1-42c0-4c9a-84fe-cc35f7b5bc36<-5ff7de4b-4953-4c1b-a97b-cf9f343073ea#0:FAIL-t1] and 0 exception(s); c1d8b9c1-42c0-4c9a-84fe-cc35f7b5bc36@group-BEDBCB5C6CE4:t1, leader=null, voted=c1d8b9c1-42c0-4c9a-84fe-cc35f7b5bc36, raftlog=c1d8b9c1-42c0-4c9a-84fe-cc35f7b5bc36@group-BEDBCB5C6CE4-SegmentedRaftLog:OPENED:c-1,f-1,i0, conf=-1: [b8e3ed25-0363-4ec5-b8d7-7bac29be8c71:192.168.151.98:34298, 5ff7de4b-4953-4c1b-a97b-cf9f343073ea:192.168.151.98:43705, c1d8b9c1-42c0-4c9a-84fe-cc35f7b5bc36:192.168.151.98:42674], old=null
2019-10-14 10:22:47,182 [b8e3ed25-0363-4ec5-b8d7-7bac29be8c71@group-BEDBCB5C6CE4-LeaderElection37] INFO  impl.LeaderElection (LeaderElection.java:logAndReturn(56)) - b8e3ed25-0363-4ec5-b8d7-7bac29be8c71@group-BEDBCB5C6CE4-LeaderElection37: Election REJECTED; received 2 response(s) [b8e3ed25-0363-4ec5-b8d7-7bac29be8c71<-5ff7de4b-4953-4c1b-a97b-cf9f343073ea#0:FAIL-t1, b8e3ed25-0363-4ec5-b8d7-7bac29be8c71<-c1d8b9c1-42c0-4c9a-84fe-cc35f7b5bc36#0:FAIL-t1] and 0 exception(s); b8e3ed25-0363-4ec5-b8d7-7bac29be8c71@group-BEDBCB5C6CE4:t1, leader=null, voted=b8e3ed25-0363-4ec5-b8d7-7bac29be8c71, raftlog=b8e3ed25-0363-4ec5-b8d7-7bac29be8c71@group-BEDBCB5C6CE4-SegmentedRaftLog:OPENED:c-1,f-1,i0, conf=-1: [b8e3ed25-0363-4ec5-b8d7-7bac29be8c71:192.168.151.98:34298, 5ff7de4b-4953-4c1b-a97b-cf9f343073ea:192.168.151.98:43705, c1d8b9c1-42c0-4c9a-84fe-cc35f7b5bc36:192.168.151.98:42674], old=null
2019-10-14 10:22:47,182 [c1d8b9c1-42c0-4c9a-84fe-cc35f7b5bc36@group-BEDBCB5C6CE4-LeaderElection36] INFO  impl.RaftServerImpl (RaftServerImpl.java:setRole(170)) - c1d8b9c1-42c0-4c9a-84fe-cc35f7b5bc36@group-BEDBCB5C6CE4: changes role from CANDIDATE to FOLLOWER at term 1 for DISCOVERED_A_NEW_TERM
2019-10-14 10:22:47,185 [b8e3ed25-0363-4ec5-b8d7-7bac29be8c71@group-BEDBCB5C6CE4-LeaderElection37] INFO  impl.RaftServerImpl (RaftServerImpl.java:setRole(170)) - b8e3ed25-0363-4ec5-b8d7-7bac29be8c71@group-BEDBCB5C6CE4: changes role from CANDIDATE to FOLLOWER at term 1 for DISCOVERED_A_NEW_TERM
2019-10-14 10:22:47,187 [b8e3ed25-0363-4ec5-b8d7-7bac29be8c71@group-BEDBCB5C6CE4-LeaderElection37] INFO  impl.RoleInfo (RoleInfo.java:shutdownLeaderElection(134)) - b8e3ed25-0363-4ec5-b8d7-7bac29be8c71: shutdown LeaderElection
2019-10-14 10:22:47,185 [c1d8b9c1-42c0-4c9a-84fe-cc35f7b5bc36@group-BEDBCB5C6CE4-LeaderElection36] INFO  impl.RoleInfo (RoleInfo.java:shutdownLeaderElection(134)) - c1d8b9c1-42c0-4c9a-84fe-cc35f7b5bc36: shutdown LeaderElection
2019-10-14 10:22:47,187 [b8e3ed25-0363-4ec5-b8d7-7bac29be8c71@group-BEDBCB5C6CE4-LeaderElection37] INFO  impl.RoleInfo (RoleInfo.java:updateAndGet(143)) - b8e3ed25-0363-4ec5-b8d7-7bac29be8c71: start FollowerState
2019-10-14 10:22:47,187 [c1d8b9c1-42c0-4c9a-84fe-cc35f7b5bc36@group-BEDBCB5C6CE4-LeaderElection36] INFO  impl.RoleInfo (RoleInfo.java:updateAndGet(143)) - c1d8b9c1-42c0-4c9a-84fe-cc35f7b5bc36: start FollowerState
2019-10-14 10:22:47,189 [5ff7de4b-4953-4c1b-a97b-cf9f343073ea@group-BEDBCB5C6CE4-LeaderElection38] INFO  impl.LeaderElection (LeaderElection.java:logAndReturn(56)) - 5ff7de4b-4953-4c1b-a97b-cf9f343073ea@group-BEDBCB5C6CE4-LeaderElection38: Election REJECTED; received 2 response(s) [5ff7de4b-4953-4c1b-a97b-cf9f343073ea<-b8e3ed25-0363-4ec5-b8d7-7bac29be8c71#0:FAIL-t1, 5ff7de4b-4953-4c1b-a97b-cf9f343073ea<-c1d8b9c1-42c0-4c9a-84fe-cc35f7b5bc36#0:FAIL-t1] and 0 exception(s); 5ff7de4b-4953-4c1b-a97b-cf9f343073ea@group-BEDBCB5C6CE4:t1, leader=null, voted=5ff7de4b-4953-4c1b-a97b-cf9f343073ea, raftlog=5ff7de4b-4953-4c1b-a97b-cf9f343073ea@group-BEDBCB5C6CE4-SegmentedRaftLog:OPENED:c-1,f-1,i0, conf=-1: [b8e3ed25-0363-4ec5-b8d7-7bac29be8c71:192.168.151.98:34298, 5ff7de4b-4953-4c1b-a97b-cf9f343073ea:192.168.151.98:43705, c1d8b9c1-42c0-4c9a-84fe-cc35f7b5bc36:192.168.151.98:42674], old=null
2019-10-14 10:22:47,190 [5ff7de4b-4953-4c1b-a97b-cf9f343073ea@group-BEDBCB5C6CE4-LeaderElection38] INFO  impl.RaftServerImpl (RaftServerImpl.java:setRole(170)) - 5ff7de4b-4953-4c1b-a97b-cf9f343073ea@group-BEDBCB5C6CE4: changes role from CANDIDATE to FOLLOWER at term 1 for DISCOVERED_A_NEW_TERM
2019-10-14 10:22:47,190 [5ff7de4b-4953-4c1b-a97b-cf9f343073ea@group-BEDBCB5C6CE4-LeaderElection38] INFO  impl.RoleInfo (RoleInfo.java:shutdownLeaderElection(134)) - 5ff7de4b-4953-4c1b-a97b-cf9f343073ea: shutdown LeaderElection
2019-10-14 10:22:47,190 [5ff7de4b-4953-4c1b-a97b-cf9f343073ea@group-BEDBCB5C6CE4-LeaderElection38] INFO  impl.RoleInfo (RoleInfo.java:updateAndGet(143)) - 5ff7de4b-4953-4c1b-a97b-cf9f343073ea: start FollowerState
2019-10-14 10:22:51,948 [Thread-1484] INFO  impl.FollowerState (FollowerState.java:run(108)) - 9a7cd4fb-2149-444e-852a-606827ec4daf@group-A2D2F2F5653F-FollowerState: change to CANDIDATE, lastRpcTime:5171ms, electionTimeout:5171ms
2019-10-14 10:22:51,952 [Thread-1484] INFO  impl.RoleInfo (RoleInfo.java:shutdownFollowerState(121)) - 9a7cd4fb-2149-444e-852a-606827ec4daf: shutdown FollowerState
2019-10-14 10:22:51,952 [Thread-1484] INFO  impl.RaftServerImpl (RaftServerImpl.java:setRole(170)) - 9a7cd4fb-2149-444e-852a-606827ec4daf@group-A2D2F2F5653F: changes role from  FOLLOWER to CANDIDATE at term 1 for changeToCandidate
2019-10-14 10:22:51,952 [Thread-1482] INFO  impl.FollowerState (FollowerState.java:run(108)) - 514d7619-ced6-4f91-abef-7c941b49b03a@group-A2D2F2F5653F-FollowerState: change to CANDIDATE, lastRpcTime:5176ms, electionTimeout:5176ms
2019-10-14 10:22:51,953 [Thread-1484] INFO  impl.RoleInfo (RoleInfo.java:updateAndGet(143)) - 9a7cd4fb-2149-444e-852a-606827ec4daf: start LeaderElection
2019-10-14 10:22:51,953 [Thread-1482] INFO  impl.RoleInfo (RoleInfo.java:shutdownFollowerState(121)) - 514d7619-ced6-4f91-abef-7c941b49b03a: shutdown FollowerState
2019-10-14 10:22:51,953 [Thread-1482] INFO  impl.RaftServerImpl (RaftServerImpl.java:setRole(170)) - 514d7619-ced6-4f91-abef-7c941b49b03a@group-A2D2F2F5653F: changes role from  FOLLOWER to CANDIDATE at term 1 for changeToCandidate
2019-10-14 10:22:51,961 [Thread-1482] INFO  impl.RoleInfo (RoleInfo.java:updateAndGet(143)) - 514d7619-ced6-4f91-abef-7c941b49b03a: start LeaderElection
2019-10-14 10:22:51,973 [Thread-1483] INFO  impl.FollowerState (FollowerState.java:run(108)) - 71a3fedc-d6c8-4ada-8021-3efcd81af050@group-A2D2F2F5653F-FollowerState: change to CANDIDATE, lastRpcTime:5196ms, electionTimeout:5196ms
2019-10-14 10:22:51,973 [Thread-1483] INFO  impl.RoleInfo (RoleInfo.java:shutdownFollowerState(121)) - 71a3fedc-d6c8-4ada-8021-3efcd81af050: shutdown FollowerState
2019-10-14 10:22:51,973 [Thread-1483] INFO  impl.RaftServerImpl (RaftServerImpl.java:setRole(170)) - 71a3fedc-d6c8-4ada-8021-3efcd81af050@group-A2D2F2F5653F: changes role from  FOLLOWER to CANDIDATE at term 1 for changeToCandidate
2019-10-14 10:22:51,973 [Thread-1483] INFO  impl.RoleInfo (RoleInfo.java:updateAndGet(143)) - 71a3fedc-d6c8-4ada-8021-3efcd81af050: start LeaderElection
2019-10-14 10:22:51,983 [9a7cd4fb-2149-444e-852a-606827ec4daf@group-A2D2F2F5653F-LeaderElection39] INFO  impl.LeaderElection (LeaderElection.java:askForVotes(178)) - 9a7cd4fb-2149-444e-852a-606827ec4daf@group-A2D2F2F5653F-LeaderElection39: begin an election at term 2 for -1: [514d7619-ced6-4f91-abef-7c941b49b03a:192.168.151.98:33984, 71a3fedc-d6c8-4ada-8021-3efcd81af050:192.168.151.98:39539, 9a7cd4fb-2149-444e-852a-606827ec4daf:192.168.151.98:35647], old=null
2019-10-14 10:22:51,983 [514d7619-ced6-4f91-abef-7c941b49b03a@group-A2D2F2F5653F-LeaderElection40] INFO  impl.LeaderElection (LeaderElection.java:askForVotes(178)) - 514d7619-ced6-4f91-abef-7c941b49b03a@group-A2D2F2F5653F-LeaderElection40: begin an election at term 2 for -1: [514d7619-ced6-4f91-abef-7c941b49b03a:192.168.151.98:33984, 71a3fedc-d6c8-4ada-8021-3efcd81af050:192.168.151.98:39539, 9a7cd4fb-2149-444e-852a-606827ec4daf:192.168.151.98:35647], old=null
2019-10-14 10:22:51,983 [71a3fedc-d6c8-4ada-8021-3efcd81af050@group-A2D2F2F5653F-LeaderElection41] INFO  impl.LeaderElection (LeaderElection.java:askForVotes(178)) - 71a3fedc-d6c8-4ada-8021-3efcd81af050@group-A2D2F2F5653F-LeaderElection41: begin an election at term 2 for -1: [514d7619-ced6-4f91-abef-7c941b49b03a:192.168.151.98:33984, 71a3fedc-d6c8-4ada-8021-3efcd81af050:192.168.151.98:39539, 9a7cd4fb-2149-444e-852a-606827ec4daf:192.168.151.98:35647], old=null
2019-10-14 10:22:51,987 [9a7cd4fb-2149-444e-852a-606827ec4daf@group-A2D2F2F5653F-LeaderElection39] INFO  impl.LeaderElection (LeaderElection.java:logAndReturn(56)) - 9a7cd4fb-2149-444e-852a-606827ec4daf@group-A2D2F2F5653F-LeaderElection39: Election REJECTED; received 2 response(s) [9a7cd4fb-2149-444e-852a-606827ec4daf<-514d7619-ced6-4f91-abef-7c941b49b03a#0:FAIL-t2, 9a7cd4fb-2149-444e-852a-606827ec4daf<-71a3fedc-d6c8-4ada-8021-3efcd81af050#0:FAIL-t2] and 0 exception(s); 9a7cd4fb-2149-444e-852a-606827ec4daf@group-A2D2F2F5653F:t2, leader=null, voted=9a7cd4fb-2149-444e-852a-606827ec4daf, raftlog=9a7cd4fb-2149-444e-852a-606827ec4daf@group-A2D2F2F5653F-SegmentedRaftLog:OPENED:c-1,f-1,i0, conf=-1: [514d7619-ced6-4f91-abef-7c941b49b03a:192.168.151.98:33984, 71a3fedc-d6c8-4ada-8021-3efcd81af050:192.168.151.98:39539, 9a7cd4fb-2149-444e-852a-606827ec4daf:192.168.151.98:35647], old=null
2019-10-14 10:22:51,987 [9a7cd4fb-2149-444e-852a-606827ec4daf@group-A2D2F2F5653F-LeaderElection39] INFO  impl.RaftServerImpl (RaftServerImpl.java:setRole(170)) - 9a7cd4fb-2149-444e-852a-606827ec4daf@group-A2D2F2F5653F: changes role from CANDIDATE to FOLLOWER at term 2 for DISCOVERED_A_NEW_TERM
2019-10-14 10:22:51,988 [9a7cd4fb-2149-444e-852a-606827ec4daf@group-A2D2F2F5653F-LeaderElection39] INFO  impl.RoleInfo (RoleInfo.java:shutdownLeaderElection(134)) - 9a7cd4fb-2149-444e-852a-606827ec4daf: shutdown LeaderElection
2019-10-14 10:22:51,988 [9a7cd4fb-2149-444e-852a-606827ec4daf@group-A2D2F2F5653F-LeaderElection39] INFO  impl.RoleInfo (RoleInfo.java:updateAndGet(143)) - 9a7cd4fb-2149-444e-852a-606827ec4daf: start FollowerState
2019-10-14 10:22:51,988 [514d7619-ced6-4f91-abef-7c941b49b03a@group-A2D2F2F5653F-LeaderElection40] INFO  impl.LeaderElection (LeaderElection.java:logAndReturn(56)) - 514d7619-ced6-4f91-abef-7c941b49b03a@group-A2D2F2F5653F-LeaderElection40: Election REJECTED; received 2 response(s) [514d7619-ced6-4f91-abef-7c941b49b03a<-71a3fedc-d6c8-4ada-8021-3efcd81af050#0:FAIL-t2, 514d7619-ced6-4f91-abef-7c941b49b03a<-9a7cd4fb-2149-444e-852a-606827ec4daf#0:FAIL-t2] and 0 exception(s); 514d7619-ced6-4f91-abef-7c941b49b03a@group-A2D2F2F5653F:t2, leader=null, voted=514d7619-ced6-4f91-abef-7c941b49b03a, raftlog=514d7619-ced6-4f91-abef-7c941b49b03a@group-A2D2F2F5653F-SegmentedRaftLog:OPENED:c-1,f-1,i0, conf=-1: [514d7619-ced6-4f91-abef-7c941b49b03a:192.168.151.98:33984, 71a3fedc-d6c8-4ada-8021-3efcd81af050:192.168.151.98:39539, 9a7cd4fb-2149-444e-852a-606827ec4daf:192.168.151.98:35647], old=null
2019-10-14 10:22:51,990 [71a3fedc-d6c8-4ada-8021-3efcd81af050@group-A2D2F2F5653F-LeaderElection41] INFO  impl.LeaderElection (LeaderElection.java:logAndReturn(56)) - 71a3fedc-d6c8-4ada-8021-3efcd81af050@group-A2D2F2F5653F-LeaderElection41: Election REJECTED; received 2 response(s) [71a3fedc-d6c8-4ada-8021-3efcd81af050<-514d7619-ced6-4f91-abef-7c941b49b03a#0:FAIL-t2, 71a3fedc-d6c8-4ada-8021-3efcd81af050<-9a7cd4fb-2149-444e-852a-606827ec4daf#0:FAIL-t2] and 0 exception(s); 71a3fedc-d6c8-4ada-8021-3efcd81af050@group-A2D2F2F5653F:t2, leader=null, voted=71a3fedc-d6c8-4ada-8021-3efcd81af050, raftlog=71a3fedc-d6c8-4ada-8021-3efcd81af050@group-A2D2F2F5653F-SegmentedRaftLog:OPENED:c-1,f-1,i0, conf=-1: [514d7619-ced6-4f91-abef-7c941b49b03a:192.168.151.98:33984, 71a3fedc-d6c8-4ada-8021-3efcd81af050:192.168.151.98:39539, 9a7cd4fb-2149-444e-852a-606827ec4daf:192.168.151.98:35647], old=null
2019-10-14 10:22:51,990 [514d7619-ced6-4f91-abef-7c941b49b03a@group-A2D2F2F5653F-LeaderElection40] INFO  impl.RaftServerImpl (RaftServerImpl.java:setRole(170)) - 514d7619-ced6-4f91-abef-7c941b49b03a@group-A2D2F2F5653F: changes role from CANDIDATE to FOLLOWER at term 2 for DISCOVERED_A_NEW_TERM
2019-10-14 10:22:51,992 [71a3fedc-d6c8-4ada-8021-3efcd81af050@group-A2D2F2F5653F-LeaderElection41] INFO  impl.RaftServerImpl (RaftServerImpl.java:setRole(170)) - 71a3fedc-d6c8-4ada-8021-3efcd81af050@group-A2D2F2F5653F: changes role from CANDIDATE to FOLLOWER at term 2 for DISCOVERED_A_NEW_TERM
2019-10-14 10:22:51,993 [514d7619-ced6-4f91-abef-7c941b49b03a@group-A2D2F2F5653F-LeaderElection40] INFO  impl.RoleInfo (RoleInfo.java:shutdownLeaderElection(134)) - 514d7619-ced6-4f91-abef-7c941b49b03a: shutdown LeaderElection
2019-10-14 10:22:51,994 [71a3fedc-d6c8-4ada-8021-3efcd81af050@group-A2D2F2F5653F-LeaderElection41] INFO  impl.RoleInfo (RoleInfo.java:shutdownLeaderElection(134)) - 71a3fedc-d6c8-4ada-8021-3efcd81af050: shutdown LeaderElection
2019-10-14 10:22:51,994 [514d7619-ced6-4f91-abef-7c941b49b03a@group-A2D2F2F5653F-LeaderElection40] INFO  impl.RoleInfo (RoleInfo.java:updateAndGet(143)) - 514d7619-ced6-4f91-abef-7c941b49b03a: start FollowerState
2019-10-14 10:22:51,994 [71a3fedc-d6c8-4ada-8021-3efcd81af050@group-A2D2F2F5653F-LeaderElection41] INFO  impl.RoleInfo (RoleInfo.java:updateAndGet(143)) - 71a3fedc-d6c8-4ada-8021-3efcd81af050: start FollowerState
2019-10-14 10:22:52,248 [Thread-1505] INFO  impl.FollowerState (FollowerState.java:run(108)) - c1d8b9c1-42c0-4c9a-84fe-cc35f7b5bc36@group-BEDBCB5C6CE4-FollowerState: change to CANDIDATE, lastRpcTime:5060ms, electionTimeout:5060ms
2019-10-14 10:22:52,248 [Thread-1505] INFO  impl.RoleInfo (RoleInfo.java:shutdownFollowerState(121)) - c1d8b9c1-42c0-4c9a-84fe-cc35f7b5bc36: shutdown FollowerState
2019-10-14 10:22:52,248 [Thread-1505] INFO  impl.RaftServerImpl (RaftServerImpl.java:setRole(170)) - c1d8b9c1-42c0-4c9a-84fe-cc35f7b5bc36@group-BEDBCB5C6CE4: changes role from  FOLLOWER to CANDIDATE at term 1 for changeToCandidate
2019-10-14 10:22:52,248 [Thread-1505] INFO  impl.RoleInfo (RoleInfo.java:updateAndGet(143)) - c1d8b9c1-42c0-4c9a-84fe-cc35f7b5bc36: start LeaderElection
2019-10-14 10:22:52,272 [c1d8b9c1-42c0-4c9a-84fe-cc35f7b5bc36@group-BEDBCB5C6CE4-LeaderElection42] INFO  impl.LeaderElection (LeaderElection.java:askForVotes(178)) - c1d8b9c1-42c0-4c9a-84fe-cc35f7b5bc36@group-BEDBCB5C6CE4-LeaderElection42: begin an election at term 2 for -1: [b8e3ed25-0363-4ec5-b8d7-7bac29be8c71:192.168.151.98:34298, 5ff7de4b-4953-4c1b-a97b-cf9f343073ea:192.168.151.98:43705, c1d8b9c1-42c0-4c9a-84fe-cc35f7b5bc36:192.168.151.98:42674], old=null
2019-10-14 10:22:52,274 [grpc-default-executor-0] INFO  impl.RaftServerImpl (RaftServerImpl.java:setRole(170)) - b8e3ed25-0363-4ec5-b8d7-7bac29be8c71@group-BEDBCB5C6CE4: changes role from  FOLLOWER to FOLLOWER at term 2 for recognizeCandidate:c1d8b9c1-42c0-4c9a-84fe-cc35f7b5bc36
2019-10-14 10:22:52,274 [grpc-default-executor-0] INFO  impl.RoleInfo (RoleInfo.java:shutdownFollowerState(121)) - b8e3ed25-0363-4ec5-b8d7-7bac29be8c71: shutdown FollowerState
2019-10-14 10:22:52,275 [grpc-default-executor-3] INFO  impl.RaftServerImpl (RaftServerImpl.java:setRole(170)) - 5ff7de4b-4953-4c1b-a97b-cf9f343073ea@group-BEDBCB5C6CE4: changes role from  FOLLOWER to FOLLOWER at term 2 for recognizeCandidate:c1d8b9c1-42c0-4c9a-84fe-cc35f7b5bc36
2019-10-14 10:22:52,275 [grpc-default-executor-0] INFO  impl.RoleInfo (RoleInfo.java:updateAndGet(143)) - b8e3ed25-0363-4ec5-b8d7-7bac29be8c71: start FollowerState
2019-10-14 10:22:52,275 [Thread-1504] INFO  impl.FollowerState (FollowerState.java:run(117)) - b8e3ed25-0363-4ec5-b8d7-7bac29be8c71@group-BEDBCB5C6CE4-FollowerState was interrupted: java.lang.InterruptedException: sleep interrupted
2019-10-14 10:22:52,275 [grpc-default-executor-3] INFO  impl.RoleInfo (RoleInfo.java:shutdownFollowerState(121)) - 5ff7de4b-4953-4c1b-a97b-cf9f343073ea: shutdown FollowerState
2019-10-14 10:22:52,275 [grpc-default-executor-3] INFO  impl.RoleInfo (RoleInfo.java:updateAndGet(143)) - 5ff7de4b-4953-4c1b-a97b-cf9f343073ea: start FollowerState
2019-10-14 10:22:52,275 [Thread-1506] INFO  impl.FollowerState (FollowerState.java:run(117)) - 5ff7de4b-4953-4c1b-a97b-cf9f343073ea@group-BEDBCB5C6CE4-FollowerState was interrupted: java.lang.InterruptedException: sleep interrupted
2019-10-14 10:22:52,311 [c1d8b9c1-42c0-4c9a-84fe-cc35f7b5bc36@group-BEDBCB5C6CE4-LeaderElection42] INFO  impl.LeaderElection (LeaderElection.java:logAndReturn(56)) - c1d8b9c1-42c0-4c9a-84fe-cc35f7b5bc36@group-BEDBCB5C6CE4-LeaderElection42: Election PASSED; received 1 response(s) [c1d8b9c1-42c0-4c9a-84fe-cc35f7b5bc36<-b8e3ed25-0363-4ec5-b8d7-7bac29be8c71#0:OK-t2] and 0 exception(s); c1d8b9c1-42c0-4c9a-84fe-cc35f7b5bc36@group-BEDBCB5C6CE4:t2, leader=null, voted=c1d8b9c1-42c0-4c9a-84fe-cc35f7b5bc36, raftlog=c1d8b9c1-42c0-4c9a-84fe-cc35f7b5bc36@group-BEDBCB5C6CE4-SegmentedRaftLog:OPENED:c-1,f-1,i0, conf=-1: [b8e3ed25-0363-4ec5-b8d7-7bac29be8c71:192.168.151.98:34298, 5ff7de4b-4953-4c1b-a97b-cf9f343073ea:192.168.151.98:43705, c1d8b9c1-42c0-4c9a-84fe-cc35f7b5bc36:192.168.151.98:42674], old=null
2019-10-14 10:22:52,311 [c1d8b9c1-42c0-4c9a-84fe-cc35f7b5bc36@group-BEDBCB5C6CE4-LeaderElection42] INFO  impl.RoleInfo (RoleInfo.java:shutdownLeaderElection(134)) - c1d8b9c1-42c0-4c9a-84fe-cc35f7b5bc36: shutdown LeaderElection
2019-10-14 10:22:52,311 [c1d8b9c1-42c0-4c9a-84fe-cc35f7b5bc36@group-BEDBCB5C6CE4-LeaderElection42] INFO  impl.RaftServerImpl (RaftServerImpl.java:setRole(170)) - c1d8b9c1-42c0-4c9a-84fe-cc35f7b5bc36@group-BEDBCB5C6CE4: changes role from CANDIDATE to LEADER at term 2 for changeToLeader
2019-10-14 10:22:52,311 [c1d8b9c1-42c0-4c9a-84fe-cc35f7b5bc36@group-BEDBCB5C6CE4-LeaderElection42] INFO  impl.RaftServerImpl (ServerState.java:setLeader(255)) - c1d8b9c1-42c0-4c9a-84fe-cc35f7b5bc36@group-BEDBCB5C6CE4: change Leader from null to c1d8b9c1-42c0-4c9a-84fe-cc35f7b5bc36 at term 2 for becomeLeader, leader elected after 10319ms
2019-10-14 10:22:52,312 [c1d8b9c1-42c0-4c9a-84fe-cc35f7b5bc36@group-BEDBCB5C6CE4-LeaderElection42] INFO  server.RaftServerConfigKeys (ConfUtils.java:logGet(43)) - raft.server.staging.catchup.gap = 1000 (default)
2019-10-14 10:22:52,312 [c1d8b9c1-42c0-4c9a-84fe-cc35f7b5bc36@group-BEDBCB5C6CE4-LeaderElection42] INFO  server.RaftServerConfigKeys (ConfUtils.java:logGet(43)) - raft.server.rpc.sleep.time = 25ms (default)
2019-10-14 10:22:52,312 [c1d8b9c1-42c0-4c9a-84fe-cc35f7b5bc36@group-BEDBCB5C6CE4-LeaderElection42] INFO  server.RaftServerConfigKeys (ConfUtils.java:logGet(43)) - raft.server.write.element-limit = 4096 (default)
2019-10-14 10:22:52,312 [c1d8b9c1-42c0-4c9a-84fe-cc35f7b5bc36@group-BEDBCB5C6CE4-LeaderElection42] INFO  server.RaftServerConfigKeys (ConfUtils.java:logGet(43)) - raft.server.watch.timeout = 10s (default)
2019-10-14 10:22:52,313 [c1d8b9c1-42c0-4c9a-84fe-cc35f7b5bc36@group-BEDBCB5C6CE4-LeaderElection42] INFO  server.RaftServerConfigKeys (ConfUtils.java:logGet(43)) - raft.server.watch.timeout.denomination = 1s (default)
2019-10-14 10:22:52,313 [c1d8b9c1-42c0-4c9a-84fe-cc35f7b5bc36@group-BEDBCB5C6CE4-LeaderElection42] INFO  server.RaftServerConfigKeys (ConfUtils.java:logGet(43)) - raft.server.watch.element-limit = 65536 (default)
2019-10-14 10:22:52,316 [c1d8b9c1-42c0-4c9a-84fe-cc35f7b5bc36@group-BEDBCB5C6CE4-LeaderElection42] INFO  server.RaftServerConfigKeys (ConfUtils.java:logGet(43)) - raft.server.log.appender.snapshot.chunk.size.max = 16MB (=16777216) (default)
2019-10-14 10:22:52,316 [c1d8b9c1-42c0-4c9a-84fe-cc35f7b5bc36@group-BEDBCB5C6CE4-LeaderElection42] INFO  server.RaftServerConfigKeys (ConfUtils.java:logGet(43)) - raft.server.log.appender.buffer.byte-limit = 33554432 (custom)
2019-10-14 10:22:52,316 [c1d8b9c1-42c0-4c9a-84fe-cc35f7b5bc36@group-BEDBCB5C6CE4-LeaderElection42] INFO  server.RaftServerConfigKeys (ConfUtils.java:logGet(43)) - raft.server.log.appender.buffer.element-limit = 1 (custom)
2019-10-14 10:22:52,316 [c1d8b9c1-42c0-4c9a-84fe-cc35f7b5bc36@group-BEDBCB5C6CE4-LeaderElection42] INFO  grpc.GrpcConfigKeys$Server (ConfUtils.java:logGet(43)) - raft.grpc.server.leader.outstanding.appends.max = 128 (default)
2019-10-14 10:22:52,317 [c1d8b9c1-42c0-4c9a-84fe-cc35f7b5bc36@group-BEDBCB5C6CE4-LeaderElection42] INFO  server.RaftServerConfigKeys (ConfUtils.java:logGet(43)) - raft.server.rpc.request.timeout = 3000ms (default)
2019-10-14 10:22:52,317 [c1d8b9c1-42c0-4c9a-84fe-cc35f7b5bc36@group-BEDBCB5C6CE4-LeaderElection42] INFO  server.RaftServerConfigKeys (ConfUtils.java:logGet(43)) - raft.server.log.appender.install.snapshot.enabled = false (custom)
2019-10-14 10:22:52,317 [c1d8b9c1-42c0-4c9a-84fe-cc35f7b5bc36@group-BEDBCB5C6CE4-LeaderElection42] INFO  server.RaftServerConfigKeys (ConfUtils.java:logGet(43)) - raft.server.log.appender.snapshot.chunk.size.max = 16MB (=16777216) (default)
2019-10-14 10:22:52,317 [c1d8b9c1-42c0-4c9a-84fe-cc35f7b5bc36@group-BEDBCB5C6CE4-LeaderElection42] INFO  server.RaftServerConfigKeys (ConfUtils.java:logGet(43)) - raft.server.log.appender.buffer.byte-limit = 33554432 (custom)
2019-10-14 10:22:52,317 [c1d8b9c1-42c0-4c9a-84fe-cc35f7b5bc36@group-BEDBCB5C6CE4-LeaderElection42] INFO  server.RaftServerConfigKeys (ConfUtils.java:logGet(43)) - raft.server.log.appender.buffer.element-limit = 1 (custom)
2019-10-14 10:22:52,318 [c1d8b9c1-42c0-4c9a-84fe-cc35f7b5bc36@group-BEDBCB5C6CE4-LeaderElection42] INFO  grpc.GrpcConfigKeys$Server (ConfUtils.java:logGet(43)) - raft.grpc.server.leader.outstanding.appends.max = 128 (default)
2019-10-14 10:22:52,318 [c1d8b9c1-42c0-4c9a-84fe-cc35f7b5bc36@group-BEDBCB5C6CE4-LeaderElection42] INFO  server.RaftServerConfigKeys (ConfUtils.java:logGet(43)) - raft.server.rpc.request.timeout = 3000ms (default)
2019-10-14 10:22:52,318 [c1d8b9c1-42c0-4c9a-84fe-cc35f7b5bc36@group-BEDBCB5C6CE4-LeaderElection42] INFO  server.RaftServerConfigKeys (ConfUtils.java:logGet(43)) - raft.server.log.appender.install.snapshot.enabled = false (custom)
2019-10-14 10:22:52,318 [c1d8b9c1-42c0-4c9a-84fe-cc35f7b5bc36@group-BEDBCB5C6CE4-LeaderElection42] INFO  impl.RoleInfo (RoleInfo.java:updateAndGet(143)) - c1d8b9c1-42c0-4c9a-84fe-cc35f7b5bc36: start LeaderState
2019-10-14 10:22:52,318 [c1d8b9c1-42c0-4c9a-84fe-cc35f7b5bc36@group-BEDBCB5C6CE4-LeaderElection42] INFO  segmented.SegmentedRaftLogWorker (SegmentedRaftLogWorker.java:startLogSegment(385)) - c1d8b9c1-42c0-4c9a-84fe-cc35f7b5bc36@group-BEDBCB5C6CE4-SegmentedRaftLogWorker: Starting segment from index:0
2019-10-14 10:22:52,319 [c1d8b9c1-42c0-4c9a-84fe-cc35f7b5bc36@group-BEDBCB5C6CE4-LeaderElection42] INFO  impl.RaftServerImpl (ServerState.java:setRaftConf(356)) - c1d8b9c1-42c0-4c9a-84fe-cc35f7b5bc36@group-BEDBCB5C6CE4: set configuration 0: [b8e3ed25-0363-4ec5-b8d7-7bac29be8c71:192.168.151.98:34298, 5ff7de4b-4953-4c1b-a97b-cf9f343073ea:192.168.151.98:43705, c1d8b9c1-42c0-4c9a-84fe-cc35f7b5bc36:192.168.151.98:42674], old=null at 0
2019-10-14 10:22:52,349 [grpc-default-executor-3] INFO  impl.RaftServerImpl (ServerState.java:setLeader(255)) - b8e3ed25-0363-4ec5-b8d7-7bac29be8c71@group-BEDBCB5C6CE4: change Leader from null to c1d8b9c1-42c0-4c9a-84fe-cc35f7b5bc36 at term 2 for appendEntries, leader elected after 10358ms
2019-10-14 10:22:52,349 [grpc-default-executor-0] INFO  impl.RaftServerImpl (ServerState.java:setLeader(255)) - 5ff7de4b-4953-4c1b-a97b-cf9f343073ea@group-BEDBCB5C6CE4: change Leader from null to c1d8b9c1-42c0-4c9a-84fe-cc35f7b5bc36 at term 2 for appendEntries, leader elected after 10357ms
2019-10-14 10:22:52,354 [grpc-default-executor-0] INFO  impl.RaftServerImpl (ServerState.java:setRaftConf(356)) - b8e3ed25-0363-4ec5-b8d7-7bac29be8c71@group-BEDBCB5C6CE4: set configuration 0: [b8e3ed25-0363-4ec5-b8d7-7bac29be8c71:192.168.151.98:34298, 5ff7de4b-4953-4c1b-a97b-cf9f343073ea:192.168.151.98:43705, c1d8b9c1-42c0-4c9a-84fe-cc35f7b5bc36:192.168.151.98:42674], old=null at 0
2019-10-14 10:22:52,354 [grpc-default-executor-3] INFO  impl.RaftServerImpl (ServerState.java:setRaftConf(356)) - 5ff7de4b-4953-4c1b-a97b-cf9f343073ea@group-BEDBCB5C6CE4: set configuration 0: [b8e3ed25-0363-4ec5-b8d7-7bac29be8c71:192.168.151.98:34298, 5ff7de4b-4953-4c1b-a97b-cf9f343073ea:192.168.151.98:43705, c1d8b9c1-42c0-4c9a-84fe-cc35f7b5bc36:192.168.151.98:42674], old=null at 0
2019-10-14 10:22:52,354 [grpc-default-executor-0] INFO  segmented.SegmentedRaftLogWorker (SegmentedRaftLogWorker.java:startLogSegment(385)) - b8e3ed25-0363-4ec5-b8d7-7bac29be8c71@group-BEDBCB5C6CE4-SegmentedRaftLogWorker: Starting segment from index:0
2019-10-14 10:22:52,355 [grpc-default-executor-3] INFO  segmented.SegmentedRaftLogWorker (SegmentedRaftLogWorker.java:startLogSegment(385)) - 5ff7de4b-4953-4c1b-a97b-cf9f343073ea@group-BEDBCB5C6CE4-SegmentedRaftLogWorker: Starting segment from index:0
2019-10-14 10:22:52,361 [c1d8b9c1-42c0-4c9a-84fe-cc35f7b5bc36@group-BEDBCB5C6CE4-SegmentedRaftLogWorker] INFO  segmented.SegmentedRaftLogWorker (SegmentedRaftLogWorker.java:execute(574)) - c1d8b9c1-42c0-4c9a-84fe-cc35f7b5bc36@group-BEDBCB5C6CE4-SegmentedRaftLogWorker: created new log segment /workdir/hadoop-ozone/integration-test/target/test-dir/MiniOzoneClusterImpl-dc2b9cc2-6b0d-409d-bb5b-6a950fa1c069/datanode-3/data/ratis/5bb89160-0b7a-4173-8db1-bedbcb5c6ce4/current/log_inprogress_0
2019-10-14 10:22:52,391 [5ff7de4b-4953-4c1b-a97b-cf9f343073ea@group-BEDBCB5C6CE4-SegmentedRaftLogWorker] INFO  segmented.SegmentedRaftLogWorker (SegmentedRaftLogWorker.java:execute(574)) - 5ff7de4b-4953-4c1b-a97b-cf9f343073ea@group-BEDBCB5C6CE4-SegmentedRaftLogWorker: created new log segment /workdir/hadoop-ozone/integration-test/target/test-dir/MiniOzoneClusterImpl-dc2b9cc2-6b0d-409d-bb5b-6a950fa1c069/datanode-6/data/ratis/5bb89160-0b7a-4173-8db1-bedbcb5c6ce4/current/log_inprogress_0
2019-10-14 10:22:52,391 [b8e3ed25-0363-4ec5-b8d7-7bac29be8c71@group-BEDBCB5C6CE4-SegmentedRaftLogWorker] INFO  segmented.SegmentedRaftLogWorker (SegmentedRaftLogWorker.java:execute(574)) - b8e3ed25-0363-4ec5-b8d7-7bac29be8c71@group-BEDBCB5C6CE4-SegmentedRaftLogWorker: created new log segment /workdir/hadoop-ozone/integration-test/target/test-dir/MiniOzoneClusterImpl-dc2b9cc2-6b0d-409d-bb5b-6a950fa1c069/datanode-5/data/ratis/5bb89160-0b7a-4173-8db1-bedbcb5c6ce4/current/log_inprogress_0
2019-10-14 10:22:57,042 [Thread-1525] INFO  impl.FollowerState (FollowerState.java:run(108)) - 514d7619-ced6-4f91-abef-7c941b49b03a@group-A2D2F2F5653F-FollowerState: change to CANDIDATE, lastRpcTime:5047ms, electionTimeout:5047ms
2019-10-14 10:22:57,042 [Thread-1525] INFO  impl.RoleInfo (RoleInfo.java:shutdownFollowerState(121)) - 514d7619-ced6-4f91-abef-7c941b49b03a: shutdown FollowerState
2019-10-14 10:22:57,042 [Thread-1525] INFO  impl.RaftServerImpl (RaftServerImpl.java:setRole(170)) - 514d7619-ced6-4f91-abef-7c941b49b03a@group-A2D2F2F5653F: changes role from  FOLLOWER to CANDIDATE at term 2 for changeToCandidate
2019-10-14 10:22:57,043 [Thread-1525] INFO  impl.RoleInfo (RoleInfo.java:updateAndGet(143)) - 514d7619-ced6-4f91-abef-7c941b49b03a: start LeaderElection
2019-10-14 10:22:57,068 [514d7619-ced6-4f91-abef-7c941b49b03a@group-A2D2F2F5653F-LeaderElection43] INFO  impl.LeaderElection (LeaderElection.java:askForVotes(178)) - 514d7619-ced6-4f91-abef-7c941b49b03a@group-A2D2F2F5653F-LeaderElection43: begin an election at term 3 for -1: [514d7619-ced6-4f91-abef-7c941b49b03a:192.168.151.98:33984, 71a3fedc-d6c8-4ada-8021-3efcd81af050:192.168.151.98:39539, 9a7cd4fb-2149-444e-852a-606827ec4daf:192.168.151.98:35647], old=null
2019-10-14 10:22:57,071 [grpc-default-executor-3] INFO  impl.RaftServerImpl (RaftServerImpl.java:setRole(170)) - 71a3fedc-d6c8-4ada-8021-3efcd81af050@group-A2D2F2F5653F: changes role from  FOLLOWER to FOLLOWER at term 3 for recognizeCandidate:514d7619-ced6-4f91-abef-7c941b49b03a
2019-10-14 10:22:57,071 [grpc-default-executor-0] INFO  impl.RaftServerImpl (RaftServerImpl.java:setRole(170)) - 9a7cd4fb-2149-444e-852a-606827ec4daf@group-A2D2F2F5653F: changes role from  FOLLOWER to FOLLOWER at term 3 for recognizeCandidate:514d7619-ced6-4f91-abef-7c941b49b03a
2019-10-14 10:22:57,071 [grpc-default-executor-3] INFO  impl.RoleInfo (RoleInfo.java:shutdownFollowerState(121)) - 71a3fedc-d6c8-4ada-8021-3efcd81af050: shutdown FollowerState
2019-10-14 10:22:57,071 [grpc-default-executor-0] INFO  impl.RoleInfo (RoleInfo.java:shutdownFollowerState(121)) - 9a7cd4fb-2149-444e-852a-606827ec4daf: shutdown FollowerState
2019-10-14 10:22:57,072 [Thread-1526] INFO  impl.FollowerState (FollowerState.java:run(117)) - 71a3fedc-d6c8-4ada-8021-3efcd81af050@group-A2D2F2F5653F-FollowerState was interrupted: java.lang.InterruptedException: sleep interrupted
2019-10-14 10:22:57,072 [grpc-default-executor-3] INFO  impl.RoleInfo (RoleInfo.java:updateAndGet(143)) - 71a3fedc-d6c8-4ada-8021-3efcd81af050: start FollowerState
2019-10-14 10:22:57,074 [Thread-1524] INFO  impl.FollowerState (FollowerState.java:run(117)) - 9a7cd4fb-2149-444e-852a-606827ec4daf@group-A2D2F2F5653F-FollowerState was interrupted: java.lang.InterruptedException: sleep interrupted
2019-10-14 10:22:57,072 [grpc-default-executor-0] INFO  impl.RoleInfo (RoleInfo.java:updateAndGet(143)) - 9a7cd4fb-2149-444e-852a-606827ec4daf: start FollowerState
2019-10-14 10:22:57,090 [514d7619-ced6-4f91-abef-7c941b49b03a@group-A2D2F2F5653F-LeaderElection43] INFO  impl.LeaderElection (LeaderElection.java:logAndReturn(56)) - 514d7619-ced6-4f91-abef-7c941b49b03a@group-A2D2F2F5653F-LeaderElection43: Election PASSED; received 1 response(s) [514d7619-ced6-4f91-abef-7c941b49b03a<-71a3fedc-d6c8-4ada-8021-3efcd81af050#0:OK-t3] and 0 exception(s); 514d7619-ced6-4f91-abef-7c941b49b03a@group-A2D2F2F5653F:t3, leader=null, voted=514d7619-ced6-4f91-abef-7c941b49b03a, raftlog=514d7619-ced6-4f91-abef-7c941b49b03a@group-A2D2F2F5653F-SegmentedRaftLog:OPENED:c-1,f-1,i0, conf=-1: [514d7619-ced6-4f91-abef-7c941b49b03a:192.168.151.98:33984, 71a3fedc-d6c8-4ada-8021-3efcd81af050:192.168.151.98:39539, 9a7cd4fb-2149-444e-852a-606827ec4daf:192.168.151.98:35647], old=null
2019-10-14 10:22:57,091 [514d7619-ced6-4f91-abef-7c941b49b03a@group-A2D2F2F5653F-LeaderElection43] INFO  impl.RoleInfo (RoleInfo.java:shutdownLeaderElection(134)) - 514d7619-ced6-4f91-abef-7c941b49b03a: shutdown LeaderElection
2019-10-14 10:22:57,091 [514d7619-ced6-4f91-abef-7c941b49b03a@group-A2D2F2F5653F-LeaderElection43] INFO  impl.RaftServerImpl (RaftServerImpl.java:setRole(170)) - 514d7619-ced6-4f91-abef-7c941b49b03a@group-A2D2F2F5653F: changes role from CANDIDATE to LEADER at term 3 for changeToLeader
2019-10-14 10:22:57,091 [514d7619-ced6-4f91-abef-7c941b49b03a@group-A2D2F2F5653F-LeaderElection43] INFO  impl.RaftServerImpl (ServerState.java:setLeader(255)) - 514d7619-ced6-4f91-abef-7c941b49b03a@group-A2D2F2F5653F: change Leader from null to 514d7619-ced6-4f91-abef-7c941b49b03a at term 3 for becomeLeader, leader elected after 15463ms
2019-10-14 10:22:57,091 [514d7619-ced6-4f91-abef-7c941b49b03a@group-A2D2F2F5653F-LeaderElection43] INFO  server.RaftServerConfigKeys (ConfUtils.java:logGet(43)) - raft.server.staging.catchup.gap = 1000 (default)
2019-10-14 10:22:57,091 [514d7619-ced6-4f91-abef-7c941b49b03a@group-A2D2F2F5653F-LeaderElection43] INFO  server.RaftServerConfigKeys (ConfUtils.java:logGet(43)) - raft.server.rpc.sleep.time = 25ms (default)
2019-10-14 10:22:57,092 [514d7619-ced6-4f91-abef-7c941b49b03a@group-A2D2F2F5653F-LeaderElection43] INFO  server.RaftServerConfigKeys (ConfUtils.java:logGet(43)) - raft.server.write.element-limit = 4096 (default)
2019-10-14 10:22:57,092 [514d7619-ced6-4f91-abef-7c941b49b03a@group-A2D2F2F5653F-LeaderElection43] INFO  server.RaftServerConfigKeys (ConfUtils.java:logGet(43)) - raft.server.watch.timeout = 10s (default)
2019-10-14 10:22:57,092 [514d7619-ced6-4f91-abef-7c941b49b03a@group-A2D2F2F5653F-LeaderElection43] INFO  server.RaftServerConfigKeys (ConfUtils.java:logGet(43)) - raft.server.watch.timeout.denomination = 1s (default)
2019-10-14 10:22:57,092 [514d7619-ced6-4f91-abef-7c941b49b03a@group-A2D2F2F5653F-LeaderElection43] INFO  server.RaftServerConfigKeys (ConfUtils.java:logGet(43)) - raft.server.watch.element-limit = 65536 (default)
2019-10-14 10:22:57,094 [514d7619-ced6-4f91-abef-7c941b49b03a@group-A2D2F2F5653F-LeaderElection43] INFO  server.RaftServerConfigKeys (ConfUtils.java:logGet(43)) - raft.server.log.appender.snapshot.chunk.size.max = 16MB (=16777216) (default)
2019-10-14 10:22:57,095 [514d7619-ced6-4f91-abef-7c941b49b03a@group-A2D2F2F5653F-LeaderElection43] INFO  server.RaftServerConfigKeys (ConfUtils.java:logGet(43)) - raft.server.log.appender.buffer.byte-limit = 33554432 (custom)
2019-10-14 10:22:57,095 [514d7619-ced6-4f91-abef-7c941b49b03a@group-A2D2F2F5653F-LeaderElection43] INFO  server.RaftServerConfigKeys (ConfUtils.java:logGet(43)) - raft.server.log.appender.buffer.element-limit = 1 (custom)
2019-10-14 10:22:57,095 [514d7619-ced6-4f91-abef-7c941b49b03a@group-A2D2F2F5653F-LeaderElection43] INFO  grpc.GrpcConfigKeys$Server (ConfUtils.java:logGet(43)) - raft.grpc.server.leader.outstanding.appends.max = 128 (default)
2019-10-14 10:22:57,095 [514d7619-ced6-4f91-abef-7c941b49b03a@group-A2D2F2F5653F-LeaderElection43] INFO  server.RaftServerConfigKeys (ConfUtils.java:logGet(43)) - raft.server.rpc.request.timeout = 3000ms (default)
2019-10-14 10:22:57,096 [514d7619-ced6-4f91-abef-7c941b49b03a@group-A2D2F2F5653F-LeaderElection43] INFO  server.RaftServerConfigKeys (ConfUtils.java:logGet(43)) - raft.server.log.appender.install.snapshot.enabled = false (custom)
2019-10-14 10:22:57,096 [514d7619-ced6-4f91-abef-7c941b49b03a@group-A2D2F2F5653F-LeaderElection43] INFO  server.RaftServerConfigKeys (ConfUtils.java:logGet(43)) - raft.server.log.appender.snapshot.chunk.size.max = 16MB (=16777216) (default)
2019-10-14 10:22:57,096 [514d7619-ced6-4f91-abef-7c941b49b03a@group-A2D2F2F5653F-LeaderElection43] INFO  server.RaftServerConfigKeys (ConfUtils.java:logGet(43)) - raft.server.log.appender.buffer.byte-limit = 33554432 (custom)
2019-10-14 10:22:57,096 [514d7619-ced6-4f91-abef-7c941b49b03a@group-A2D2F2F5653F-LeaderElection43] INFO  server.RaftServerConfigKeys (ConfUtils.java:logGet(43)) - raft.server.log.appender.buffer.element-limit = 1 (custom)
2019-10-14 10:22:57,096 [514d7619-ced6-4f91-abef-7c941b49b03a@group-A2D2F2F5653F-LeaderElection43] INFO  grpc.GrpcConfigKeys$Server (ConfUtils.java:logGet(43)) - raft.grpc.server.leader.outstanding.appends.max = 128 (default)
2019-10-14 10:22:57,097 [514d7619-ced6-4f91-abef-7c941b49b03a@group-A2D2F2F5653F-LeaderElection43] INFO  server.RaftServerConfigKeys (ConfUtils.java:logGet(43)) - raft.server.rpc.request.timeout = 3000ms (default)
2019-10-14 10:22:57,097 [514d7619-ced6-4f91-abef-7c941b49b03a@group-A2D2F2F5653F-LeaderElection43] INFO  server.RaftServerConfigKeys (ConfUtils.java:logGet(43)) - raft.server.log.appender.install.snapshot.enabled = false (custom)
2019-10-14 10:22:57,097 [514d7619-ced6-4f91-abef-7c941b49b03a@group-A2D2F2F5653F-LeaderElection43] INFO  impl.RoleInfo (RoleInfo.java:updateAndGet(143)) - 514d7619-ced6-4f91-abef-7c941b49b03a: start LeaderState
2019-10-14 10:22:57,097 [514d7619-ced6-4f91-abef-7c941b49b03a@group-A2D2F2F5653F-LeaderElection43] INFO  segmented.SegmentedRaftLogWorker (SegmentedRaftLogWorker.java:startLogSegment(385)) - 514d7619-ced6-4f91-abef-7c941b49b03a@group-A2D2F2F5653F-SegmentedRaftLogWorker: Starting segment from index:0
2019-10-14 10:22:57,098 [514d7619-ced6-4f91-abef-7c941b49b03a@group-A2D2F2F5653F-LeaderElection43] INFO  impl.RaftServerImpl (ServerState.java:setRaftConf(356)) - 514d7619-ced6-4f91-abef-7c941b49b03a@group-A2D2F2F5653F: set configuration 0: [514d7619-ced6-4f91-abef-7c941b49b03a:192.168.151.98:33984, 71a3fedc-d6c8-4ada-8021-3efcd81af050:192.168.151.98:39539, 9a7cd4fb-2149-444e-852a-606827ec4daf:192.168.151.98:35647], old=null at 0
2019-10-14 10:22:57,123 [grpc-default-executor-0] INFO  impl.RaftServerImpl (ServerState.java:setLeader(255)) - 9a7cd4fb-2149-444e-852a-606827ec4daf@group-A2D2F2F5653F: change Leader from null to 514d7619-ced6-4f91-abef-7c941b49b03a at term 3 for appendEntries, leader elected after 15495ms
2019-10-14 10:22:57,126 [grpc-default-executor-3] INFO  impl.RaftServerImpl (ServerState.java:setLeader(255)) - 71a3fedc-d6c8-4ada-8021-3efcd81af050@group-A2D2F2F5653F: change Leader from null to 514d7619-ced6-4f91-abef-7c941b49b03a at term 3 for appendEntries, leader elected after 15497ms
2019-10-14 10:22:57,134 [grpc-default-executor-0] INFO  impl.RaftServerImpl (ServerState.java:setRaftConf(356)) - 9a7cd4fb-2149-444e-852a-606827ec4daf@group-A2D2F2F5653F: set configuration 0: [514d7619-ced6-4f91-abef-7c941b49b03a:192.168.151.98:33984, 71a3fedc-d6c8-4ada-8021-3efcd81af050:192.168.151.98:39539, 9a7cd4fb-2149-444e-852a-606827ec4daf:192.168.151.98:35647], old=null at 0
2019-10-14 10:22:57,134 [grpc-default-executor-2] INFO  impl.RaftServerImpl (ServerState.java:setRaftConf(356)) - 71a3fedc-d6c8-4ada-8021-3efcd81af050@group-A2D2F2F5653F: set configuration 0: [514d7619-ced6-4f91-abef-7c941b49b03a:192.168.151.98:33984, 71a3fedc-d6c8-4ada-8021-3efcd81af050:192.168.151.98:39539, 9a7cd4fb-2149-444e-852a-606827ec4daf:192.168.151.98:35647], old=null at 0
2019-10-14 10:22:57,134 [514d7619-ced6-4f91-abef-7c941b49b03a@group-A2D2F2F5653F-SegmentedRaftLogWorker] INFO  segmented.SegmentedRaftLogWorker (SegmentedRaftLogWorker.java:execute(574)) - 514d7619-ced6-4f91-abef-7c941b49b03a@group-A2D2F2F5653F-SegmentedRaftLogWorker: created new log segment /workdir/hadoop-ozone/integration-test/target/test-dir/MiniOzoneClusterImpl-dc2b9cc2-6b0d-409d-bb5b-6a950fa1c069/datanode-0/data/ratis/f698243b-a917-4351-ae51-a2d2f2f5653f/current/log_inprogress_0
2019-10-14 10:22:57,134 [grpc-default-executor-0] INFO  segmented.SegmentedRaftLogWorker (SegmentedRaftLogWorker.java:startLogSegment(385)) - 9a7cd4fb-2149-444e-852a-606827ec4daf@group-A2D2F2F5653F-SegmentedRaftLogWorker: Starting segment from index:0
2019-10-14 10:22:57,134 [grpc-default-executor-2] INFO  segmented.SegmentedRaftLogWorker (SegmentedRaftLogWorker.java:startLogSegment(385)) - 71a3fedc-d6c8-4ada-8021-3efcd81af050@group-A2D2F2F5653F-SegmentedRaftLogWorker: Starting segment from index:0
2019-10-14 10:22:57,178 [9a7cd4fb-2149-444e-852a-606827ec4daf@group-A2D2F2F5653F-SegmentedRaftLogWorker] INFO  segmented.SegmentedRaftLogWorker (SegmentedRaftLogWorker.java:execute(574)) - 9a7cd4fb-2149-444e-852a-606827ec4daf@group-A2D2F2F5653F-SegmentedRaftLogWorker: created new log segment /workdir/hadoop-ozone/integration-test/target/test-dir/MiniOzoneClusterImpl-dc2b9cc2-6b0d-409d-bb5b-6a950fa1c069/datanode-1/data/ratis/f698243b-a917-4351-ae51-a2d2f2f5653f/current/log_inprogress_0
2019-10-14 10:22:57,178 [71a3fedc-d6c8-4ada-8021-3efcd81af050@group-A2D2F2F5653F-SegmentedRaftLogWorker] INFO  segmented.SegmentedRaftLogWorker (SegmentedRaftLogWorker.java:execute(574)) - 71a3fedc-d6c8-4ada-8021-3efcd81af050@group-A2D2F2F5653F-SegmentedRaftLogWorker: created new log segment /workdir/hadoop-ozone/integration-test/target/test-dir/MiniOzoneClusterImpl-dc2b9cc2-6b0d-409d-bb5b-6a950fa1c069/datanode-2/data/ratis/f698243b-a917-4351-ae51-a2d2f2f5653f/current/log_inprogress_0
2019-10-14 10:22:59,299 [Datanode State Machine Thread - 0] INFO  statemachine.DatanodeStateMachine (DatanodeStateMachine.java:lambda$startDaemon$0(350)) - Ozone container server started.
2019-10-14 10:23:03,307 [main] INFO  ozoneimpl.OzoneContainer (OzoneContainer.java:stop(227)) - Attempting to stop container services.
2019-10-14 10:23:03,308 [main] INFO  impl.RaftServerProxy (RaftServerProxy.java:lambda$close$4(314)) - 9a7cd4fb-2149-444e-852a-606827ec4daf: close
2019-10-14 10:23:03,309 [main] INFO  impl.RaftServerImpl (RaftServerImpl.java:lambda$shutdown$3(247)) - 9a7cd4fb-2149-444e-852a-606827ec4daf@group-0AE4518E40D8: shutdown
2019-10-14 10:23:03,309 [ForkJoinPool.commonPool-worker-0] INFO  impl.RaftServerImpl (RaftServerImpl.java:lambda$shutdown$3(247)) - 9a7cd4fb-2149-444e-852a-606827ec4daf@group-A2D2F2F5653F: shutdown
2019-10-14 10:23:03,310 [main] INFO  util.JmxRegister (JmxRegister.java:unregister(73)) - Successfully un-registered JMX Bean with object name Ratis:service=RaftServer,group=group-0AE4518E40D8,id=9a7cd4fb-2149-444e-852a-606827ec4daf
2019-10-14 10:23:03,310 [ForkJoinPool.commonPool-worker-0] INFO  util.JmxRegister (JmxRegister.java:unregister(73)) - Successfully un-registered JMX Bean with object name Ratis:service=RaftServer,group=group-A2D2F2F5653F,id=9a7cd4fb-2149-444e-852a-606827ec4daf
2019-10-14 10:23:03,310 [main] INFO  impl.RoleInfo (RoleInfo.java:shutdownLeaderState(104)) - 9a7cd4fb-2149-444e-852a-606827ec4daf: shutdown LeaderState
2019-10-14 10:23:03,310 [ForkJoinPool.commonPool-worker-0] INFO  impl.RoleInfo (RoleInfo.java:shutdownFollowerState(121)) - 9a7cd4fb-2149-444e-852a-606827ec4daf: shutdown FollowerState
2019-10-14 10:23:03,311 [main] INFO  impl.PendingRequests (PendingRequests.java:sendNotLeaderResponses(202)) - 9a7cd4fb-2149-444e-852a-606827ec4daf@group-0AE4518E40D8-PendingRequests: sendNotLeaderResponses
2019-10-14 10:23:03,311 [9a7cd4fb-2149-444e-852a-606827ec4daf@group-A2D2F2F5653F-StateMachineUpdater] INFO  ratis.ContainerStateMachine (ContainerStateMachine.java:takeSnapshot(294)) - group-A2D2F2F5653F: Taking a snapshot at:(t:3, i:1) file /workdir/hadoop-ozone/integration-test/target/test-dir/MiniOzoneClusterImpl-dc2b9cc2-6b0d-409d-bb5b-6a950fa1c069/datanode-1/data/ratis/f698243b-a917-4351-ae51-a2d2f2f5653f/sm/snapshot.3_1
2019-10-14 10:23:03,311 [Thread-1557] INFO  impl.FollowerState (FollowerState.java:run(117)) - 9a7cd4fb-2149-444e-852a-606827ec4daf@group-A2D2F2F5653F-FollowerState was interrupted: java.lang.InterruptedException: sleep interrupted
2019-10-14 10:23:03,311 [ForkJoinPool.commonPool-worker-0] INFO  impl.StateMachineUpdater (StateMachineUpdater.java:stopAndJoin(136)) - 9a7cd4fb-2149-444e-852a-606827ec4daf@group-A2D2F2F5653F-StateMachineUpdater: set stopIndex = 2
2019-10-14 10:23:03,311 [main] INFO  impl.StateMachineUpdater (StateMachineUpdater.java:stopAndJoin(136)) - 9a7cd4fb-2149-444e-852a-606827ec4daf@group-0AE4518E40D8-StateMachineUpdater: set stopIndex = 0
2019-10-14 10:23:03,314 [main] INFO  impl.RaftServerImpl (ServerState.java:close(387)) - 9a7cd4fb-2149-444e-852a-606827ec4daf@group-0AE4518E40D8: closes. applyIndex: 0
2019-10-14 10:23:03,314 [9a7cd4fb-2149-444e-852a-606827ec4daf@group-0AE4518E40D8-SegmentedRaftLogWorker] INFO  segmented.SegmentedRaftLogWorker (SegmentedRaftLogWorker.java:run(316)) - 9a7cd4fb-2149-444e-852a-606827ec4daf@group-0AE4518E40D8-SegmentedRaftLogWorker was interrupted, exiting. There are 0 tasks remaining in the queue.
2019-10-14 10:23:03,316 [main] INFO  segmented.SegmentedRaftLogWorker (SegmentedRaftLogWorker.java:close(224)) - 9a7cd4fb-2149-444e-852a-606827ec4daf@group-0AE4518E40D8-SegmentedRaftLogWorker close()
2019-10-14 10:23:03,339 [9a7cd4fb-2149-444e-852a-606827ec4daf@group-A2D2F2F5653F-StateMachineUpdater] INFO  ratis.ContainerStateMachine (ContainerStateMachine.java:takeSnapshot(305)) - group-A2D2F2F5653F: Finished taking a snapshot at:(t:3, i:1) file:/workdir/hadoop-ozone/integration-test/target/test-dir/MiniOzoneClusterImpl-dc2b9cc2-6b0d-409d-bb5b-6a950fa1c069/datanode-1/data/ratis/f698243b-a917-4351-ae51-a2d2f2f5653f/sm/snapshot.3_1 time:28
2019-10-14 10:23:03,340 [9a7cd4fb-2149-444e-852a-606827ec4daf@group-A2D2F2F5653F-StateMachineUpdater] INFO  impl.StateMachineUpdater (StateMachineUpdater.java:takeSnapshot(269)) - 9a7cd4fb-2149-444e-852a-606827ec4daf@group-A2D2F2F5653F-StateMachineUpdater: Took a snapshot at index 1
2019-10-14 10:23:03,340 [9a7cd4fb-2149-444e-852a-606827ec4daf@group-A2D2F2F5653F-StateMachineUpdater] INFO  impl.StateMachineUpdater (StateMachineUpdater.java:lambda$new$0(84)) - 9a7cd4fb-2149-444e-852a-606827ec4daf@group-A2D2F2F5653F-StateMachineUpdater: snapshotIndex: updateIncreasingly -1 -> 1
2019-10-14 10:23:03,340 [9a7cd4fb-2149-444e-852a-606827ec4daf@group-A2D2F2F5653F-StateMachineUpdater] INFO  ratis.ContainerStateMachine (ContainerStateMachine.java:takeSnapshot(294)) - group-A2D2F2F5653F: Taking a snapshot at:(t:3, i:1) file /workdir/hadoop-ozone/integration-test/target/test-dir/MiniOzoneClusterImpl-dc2b9cc2-6b0d-409d-bb5b-6a950fa1c069/datanode-1/data/ratis/f698243b-a917-4351-ae51-a2d2f2f5653f/sm/snapshot.3_1
2019-10-14 10:23:03,353 [9a7cd4fb-2149-444e-852a-606827ec4daf@group-A2D2F2F5653F-StateMachineUpdater] INFO  ratis.ContainerStateMachine (ContainerStateMachine.java:takeSnapshot(305)) - group-A2D2F2F5653F: Finished taking a snapshot at:(t:3, i:1) file:/workdir/hadoop-ozone/integration-test/target/test-dir/MiniOzoneClusterImpl-dc2b9cc2-6b0d-409d-bb5b-6a950fa1c069/datanode-1/data/ratis/f698243b-a917-4351-ae51-a2d2f2f5653f/sm/snapshot.3_1 time:13
2019-10-14 10:23:03,353 [9a7cd4fb-2149-444e-852a-606827ec4daf@group-A2D2F2F5653F-StateMachineUpdater] INFO  impl.StateMachineUpdater (StateMachineUpdater.java:takeSnapshot(269)) - 9a7cd4fb-2149-444e-852a-606827ec4daf@group-A2D2F2F5653F-StateMachineUpdater: Took a snapshot at index 1
2019-10-14 10:23:03,353 [9a7cd4fb-2149-444e-852a-606827ec4daf@group-A2D2F2F5653F-StateMachineUpdater] INFO  impl.StateMachineUpdater (StateMachineUpdater.java:lambda$new$0(84)) - 9a7cd4fb-2149-444e-852a-606827ec4daf@group-A2D2F2F5653F-StateMachineUpdater: snapshotIndex: updateIncreasingly 1 -> 1
2019-10-14 10:23:03,354 [ForkJoinPool.commonPool-worker-0] INFO  impl.RaftServerImpl (ServerState.java:close(387)) - 9a7cd4fb-2149-444e-852a-606827ec4daf@group-A2D2F2F5653F: closes. applyIndex: 2
2019-10-14 10:23:03,354 [9a7cd4fb-2149-444e-852a-606827ec4daf@group-A2D2F2F5653F-SegmentedRaftLogWorker] INFO  segmented.SegmentedRaftLogWorker (SegmentedRaftLogWorker.java:run(316)) - 9a7cd4fb-2149-444e-852a-606827ec4daf@group-A2D2F2F5653F-SegmentedRaftLogWorker was interrupted, exiting. There are 0 tasks remaining in the queue.
2019-10-14 10:23:03,356 [ForkJoinPool.commonPool-worker-0] INFO  segmented.SegmentedRaftLogWorker (SegmentedRaftLogWorker.java:close(224)) - 9a7cd4fb-2149-444e-852a-606827ec4daf@group-A2D2F2F5653F-SegmentedRaftLogWorker close()
2019-10-14 10:23:03,359 [main] INFO  server.GrpcService (GrpcService.java:closeImpl(164)) - 9a7cd4fb-2149-444e-852a-606827ec4daf: shutdown server with port 35647 now
2019-10-14 10:23:03,361 [grpc-default-executor-0] WARN  server.GrpcServerProtocolService (LogUtils.java:warn(134)) - 9a7cd4fb-2149-444e-852a-606827ec4daf: installSnapshot onError, lastRequest: 514d7619-ced6-4f91-abef-7c941b49b03a->9a7cd4fb-2149-444e-852a-606827ec4daf#5-t3, previous=(t:3, i:2), leaderCommit=2, initializing? false, entries: <empty>: org.apache.ratis.thirdparty.io.grpc.StatusRuntimeException: CANCELLED: cancelled before receiving half close
2019-10-14 10:23:03,361 [grpc-default-executor-3] WARN  server.GrpcLogAppender (LogUtils.java:warn(134)) - 514d7619-ced6-4f91-abef-7c941b49b03a@group-A2D2F2F5653F->9a7cd4fb-2149-444e-852a-606827ec4daf-AppendLogResponseHandler: Failed appendEntries: org.apache.ratis.thirdparty.io.grpc.StatusRuntimeException: CANCELLED: HTTP/2 error code: CANCEL
Received Rst Stream
2019-10-14 10:23:03,361 [main] INFO  server.GrpcService (GrpcService.java:closeImpl(172)) - 9a7cd4fb-2149-444e-852a-606827ec4daf: shutdown server with port 35647 successfully
2019-10-14 10:23:03,362 [grpc-default-executor-3] INFO  impl.FollowerInfo (FollowerInfo.java:lambda$new$0(51)) - 514d7619-ced6-4f91-abef-7c941b49b03a@group-A2D2F2F5653F->9a7cd4fb-2149-444e-852a-606827ec4daf: nextIndex: updateUnconditionally 3 -> 2
2019-10-14 10:23:03,363 [refreshUsed-/workdir/hadoop-ozone/integration-test/target/test-dir/MiniOzoneClusterImpl-dc2b9cc2-6b0d-409d-bb5b-6a950fa1c069/datanode-1/data/containers] WARN  fs.CachingGetSpaceUsed (CachingGetSpaceUsed.java:run(183)) - Thread Interrupted waiting to refresh disk information: sleep interrupted
2019-10-14 10:23:03,379 [main] INFO  utils.BackgroundService (BackgroundService.java:shutdown(151)) - Shutting down service BlockDeletingService
2019-10-14 10:23:03,384 [main] INFO  statemachine.DatanodeStateMachine (DatanodeStateMachine.java:stopDaemon(395)) - Ozone container server stopped.
2019-10-14 10:23:03,386 [main] INFO  handler.ContextHandler (ContextHandler.java:doStop(910)) - Stopped o.e.j.w.WebAppContext@5cff6b74{/,null,UNAVAILABLE}{/hddsDatanode}
2019-10-14 10:23:03,387 [main] INFO  server.AbstractConnector (AbstractConnector.java:doStop(318)) - Stopped ServerConnector@627ff1b8{HTTP/1.1,[http/1.1]}{0.0.0.0:0}
2019-10-14 10:23:03,387 [main] INFO  handler.ContextHandler (ContextHandler.java:doStop(910)) - Stopped o.e.j.s.ServletContextHandler@1150d471{/static,jar:file:/home/user/.m2/repository/org/apache/hadoop/hadoop-hdds-container-service/0.5.0-SNAPSHOT/hadoop-hdds-container-service-0.5.0-SNAPSHOT.jar!/webapps/static,UNAVAILABLE}
2019-10-14 10:23:03,387 [main] INFO  handler.ContextHandler (ContextHandler.java:doStop(910)) - Stopped o.e.j.s.ServletContextHandler@3c952a33{/logs,file:///workdir/hadoop-ozone/integration-test/target/log,UNAVAILABLE}
2019-10-14 10:23:04,334 [Datanode State Machine Thread - 0] INFO  statemachine.DatanodeStateMachine (DatanodeStateMachine.java:lambda$startDaemon$0(350)) - Ozone container server started.
2019-10-14 10:23:05,684 [grpc-default-executor-3] WARN  server.GrpcLogAppender (LogUtils.java:warn(134)) - 514d7619-ced6-4f91-abef-7c941b49b03a@group-A2D2F2F5653F->9a7cd4fb-2149-444e-852a-606827ec4daf-AppendLogResponseHandler: Failed appendEntries: org.apache.ratis.thirdparty.io.grpc.StatusRuntimeException: UNAVAILABLE: io exception
2019-10-14 10:23:05,685 [grpc-default-executor-3] INFO  impl.FollowerInfo (FollowerInfo.java:lambda$new$0(51)) - 514d7619-ced6-4f91-abef-7c941b49b03a@group-A2D2F2F5653F->9a7cd4fb-2149-444e-852a-606827ec4daf: nextIndex: updateUnconditionally 2 -> 1
2019-10-14 10:23:08,185 [grpc-default-executor-0] WARN  server.GrpcLogAppender (LogUtils.java:warn(134)) - 514d7619-ced6-4f91-abef-7c941b49b03a@group-A2D2F2F5653F->9a7cd4fb-2149-444e-852a-606827ec4daf-AppendLogResponseHandler: Failed appendEntries: org.apache.ratis.thirdparty.io.grpc.StatusRuntimeException: UNAVAILABLE: io exception
2019-10-14 10:23:08,186 [grpc-default-executor-0] INFO  impl.FollowerInfo (FollowerInfo.java:lambda$new$0(51)) - 514d7619-ced6-4f91-abef-7c941b49b03a@group-A2D2F2F5653F->9a7cd4fb-2149-444e-852a-606827ec4daf: nextIndex: updateUnconditionally 1 -> 0
2019-10-14 10:23:08,389 [main] INFO  ozoneimpl.OzoneContainer (OzoneContainer.java:stop(227)) - Attempting to stop container services.
2019-10-14 10:23:08,390 [main] INFO  impl.RaftServerProxy (RaftServerProxy.java:lambda$close$4(314)) - 71a3fedc-d6c8-4ada-8021-3efcd81af050: close
2019-10-14 10:23:08,390 [main] INFO  impl.RaftServerImpl (RaftServerImpl.java:lambda$shutdown$3(247)) - 71a3fedc-d6c8-4ada-8021-3efcd81af050@group-4C2D410CCF9F: shutdown
2019-10-14 10:23:08,391 [ForkJoinPool.commonPool-worker-1] INFO  impl.RaftServerImpl (RaftServerImpl.java:lambda$shutdown$3(247)) - 71a3fedc-d6c8-4ada-8021-3efcd81af050@group-A2D2F2F5653F: shutdown
2019-10-14 10:23:08,391 [main] INFO  util.JmxRegister (JmxRegister.java:unregister(73)) - Successfully un-registered JMX Bean with object name Ratis:service=RaftServer,group=group-4C2D410CCF9F,id=71a3fedc-d6c8-4ada-8021-3efcd81af050
2019-10-14 10:23:08,391 [ForkJoinPool.commonPool-worker-1] INFO  util.JmxRegister (JmxRegister.java:unregister(73)) - Successfully un-registered JMX Bean with object name Ratis:service=RaftServer,group=group-A2D2F2F5653F,id=71a3fedc-d6c8-4ada-8021-3efcd81af050
2019-10-14 10:23:08,391 [main] INFO  impl.RoleInfo (RoleInfo.java:shutdownLeaderState(104)) - 71a3fedc-d6c8-4ada-8021-3efcd81af050: shutdown LeaderState
2019-10-14 10:23:08,392 [ForkJoinPool.commonPool-worker-1] INFO  impl.RoleInfo (RoleInfo.java:shutdownFollowerState(121)) - 71a3fedc-d6c8-4ada-8021-3efcd81af050: shutdown FollowerState
2019-10-14 10:23:08,392 [main] INFO  impl.PendingRequests (PendingRequests.java:sendNotLeaderResponses(202)) - 71a3fedc-d6c8-4ada-8021-3efcd81af050@group-4C2D410CCF9F-PendingRequests: sendNotLeaderResponses
2019-10-14 10:23:08,393 [71a3fedc-d6c8-4ada-8021-3efcd81af050@group-A2D2F2F5653F-StateMachineUpdater] INFO  ratis.ContainerStateMachine (ContainerStateMachine.java:takeSnapshot(294)) - group-A2D2F2F5653F: Taking a snapshot at:(t:3, i:1) file /workdir/hadoop-ozone/integration-test/target/test-dir/MiniOzoneClusterImpl-dc2b9cc2-6b0d-409d-bb5b-6a950fa1c069/datanode-2/data/ratis/f698243b-a917-4351-ae51-a2d2f2f5653f/sm/snapshot.3_1
2019-10-14 10:23:08,392 [Thread-1556] INFO  impl.FollowerState (FollowerState.java:run(117)) - 71a3fedc-d6c8-4ada-8021-3efcd81af050@group-A2D2F2F5653F-FollowerState was interrupted: java.lang.InterruptedException: sleep interrupted
2019-10-14 10:23:08,393 [main] INFO  impl.StateMachineUpdater (StateMachineUpdater.java:stopAndJoin(136)) - 71a3fedc-d6c8-4ada-8021-3efcd81af050@group-4C2D410CCF9F-StateMachineUpdater: set stopIndex = 0
2019-10-14 10:23:08,398 [main] INFO  impl.RaftServerImpl (ServerState.java:close(387)) - 71a3fedc-d6c8-4ada-8021-3efcd81af050@group-4C2D410CCF9F: closes. applyIndex: 0
2019-10-14 10:23:08,392 [ForkJoinPool.commonPool-worker-1] INFO  impl.StateMachineUpdater (StateMachineUpdater.java:stopAndJoin(136)) - 71a3fedc-d6c8-4ada-8021-3efcd81af050@group-A2D2F2F5653F-StateMachineUpdater: set stopIndex = 2
2019-10-14 10:23:08,398 [71a3fedc-d6c8-4ada-8021-3efcd81af050@group-4C2D410CCF9F-SegmentedRaftLogWorker] INFO  segmented.SegmentedRaftLogWorker (SegmentedRaftLogWorker.java:run(316)) - 71a3fedc-d6c8-4ada-8021-3efcd81af050@group-4C2D410CCF9F-SegmentedRaftLogWorker was interrupted, exiting. There are 0 tasks remaining in the queue.
2019-10-14 10:23:08,401 [main] INFO  segmented.SegmentedRaftLogWorker (SegmentedRaftLogWorker.java:close(224)) - 71a3fedc-d6c8-4ada-8021-3efcd81af050@group-4C2D410CCF9F-SegmentedRaftLogWorker close()
2019-10-14 10:23:08,416 [71a3fedc-d6c8-4ada-8021-3efcd81af050@group-A2D2F2F5653F-StateMachineUpdater] INFO  ratis.ContainerStateMachine (ContainerStateMachine.java:takeSnapshot(305)) - group-A2D2F2F5653F: Finished taking a snapshot at:(t:3, i:1) file:/workdir/hadoop-ozone/integration-test/target/test-dir/MiniOzoneClusterImpl-dc2b9cc2-6b0d-409d-bb5b-6a950fa1c069/datanode-2/data/ratis/f698243b-a917-4351-ae51-a2d2f2f5653f/sm/snapshot.3_1 time:24
2019-10-14 10:23:08,417 [71a3fedc-d6c8-4ada-8021-3efcd81af050@group-A2D2F2F5653F-StateMachineUpdater] INFO  impl.StateMachineUpdater (StateMachineUpdater.java:takeSnapshot(269)) - 71a3fedc-d6c8-4ada-8021-3efcd81af050@group-A2D2F2F5653F-StateMachineUpdater: Took a snapshot at index 1
2019-10-14 10:23:08,417 [71a3fedc-d6c8-4ada-8021-3efcd81af050@group-A2D2F2F5653F-StateMachineUpdater] INFO  impl.StateMachineUpdater (StateMachineUpdater.java:lambda$new$0(84)) - 71a3fedc-d6c8-4ada-8021-3efcd81af050@group-A2D2F2F5653F-StateMachineUpdater: snapshotIndex: updateIncreasingly -1 -> 1
2019-10-14 10:23:08,417 [71a3fedc-d6c8-4ada-8021-3efcd81af050@group-A2D2F2F5653F-StateMachineUpdater] INFO  ratis.ContainerStateMachine (ContainerStateMachine.java:takeSnapshot(294)) - group-A2D2F2F5653F: Taking a snapshot at:(t:3, i:1) file /workdir/hadoop-ozone/integration-test/target/test-dir/MiniOzoneClusterImpl-dc2b9cc2-6b0d-409d-bb5b-6a950fa1c069/datanode-2/data/ratis/f698243b-a917-4351-ae51-a2d2f2f5653f/sm/snapshot.3_1
2019-10-14 10:23:08,440 [71a3fedc-d6c8-4ada-8021-3efcd81af050@group-A2D2F2F5653F-StateMachineUpdater] INFO  ratis.ContainerStateMachine (ContainerStateMachine.java:takeSnapshot(305)) - group-A2D2F2F5653F: Finished taking a snapshot at:(t:3, i:1) file:/workdir/hadoop-ozone/integration-test/target/test-dir/MiniOzoneClusterImpl-dc2b9cc2-6b0d-409d-bb5b-6a950fa1c069/datanode-2/data/ratis/f698243b-a917-4351-ae51-a2d2f2f5653f/sm/snapshot.3_1 time:23
2019-10-14 10:23:08,440 [71a3fedc-d6c8-4ada-8021-3efcd81af050@group-A2D2F2F5653F-StateMachineUpdater] INFO  impl.StateMachineUpdater (StateMachineUpdater.java:takeSnapshot(269)) - 71a3fedc-d6c8-4ada-8021-3efcd81af050@group-A2D2F2F5653F-StateMachineUpdater: Took a snapshot at index 1
2019-10-14 10:23:08,441 [71a3fedc-d6c8-4ada-8021-3efcd81af050@group-A2D2F2F5653F-StateMachineUpdater] INFO  impl.StateMachineUpdater (StateMachineUpdater.java:lambda$new$0(84)) - 71a3fedc-d6c8-4ada-8021-3efcd81af050@group-A2D2F2F5653F-StateMachineUpdater: snapshotIndex: updateIncreasingly 1 -> 1
2019-10-14 10:23:08,441 [ForkJoinPool.commonPool-worker-1] INFO  impl.RaftServerImpl (ServerState.java:close(387)) - 71a3fedc-d6c8-4ada-8021-3efcd81af050@group-A2D2F2F5653F: closes. applyIndex: 2
2019-10-14 10:23:08,441 [71a3fedc-d6c8-4ada-8021-3efcd81af050@group-A2D2F2F5653F-SegmentedRaftLogWorker] INFO  segmented.SegmentedRaftLogWorker (SegmentedRaftLogWorker.java:run(316)) - 71a3fedc-d6c8-4ada-8021-3efcd81af050@group-A2D2F2F5653F-SegmentedRaftLogWorker was interrupted, exiting. There are 0 tasks remaining in the queue.
2019-10-14 10:23:08,443 [ForkJoinPool.commonPool-worker-1] INFO  segmented.SegmentedRaftLogWorker (SegmentedRaftLogWorker.java:close(224)) - 71a3fedc-d6c8-4ada-8021-3efcd81af050@group-A2D2F2F5653F-SegmentedRaftLogWorker close()
2019-10-14 10:23:08,445 [main] INFO  server.GrpcService (GrpcService.java:closeImpl(164)) - 71a3fedc-d6c8-4ada-8021-3efcd81af050: shutdown server with port 39539 now
2019-10-14 10:23:08,446 [grpc-default-executor-1] WARN  server.GrpcServerProtocolService (LogUtils.java:warn(134)) - 71a3fedc-d6c8-4ada-8021-3efcd81af050: installSnapshot onError, lastRequest: 514d7619-ced6-4f91-abef-7c941b49b03a->71a3fedc-d6c8-4ada-8021-3efcd81af050#7-t3, previous=(t:3, i:2), leaderCommit=2, initializing? false, entries: <empty>: org.apache.ratis.thirdparty.io.grpc.StatusRuntimeException: CANCELLED: cancelled before receiving half close
2019-10-14 10:23:08,447 [main] INFO  server.GrpcService (GrpcService.java:closeImpl(172)) - 71a3fedc-d6c8-4ada-8021-3efcd81af050: shutdown server with port 39539 successfully
2019-10-14 10:23:08,447 [grpc-default-executor-3] WARN  server.GrpcLogAppender (LogUtils.java:warn(134)) - 514d7619-ced6-4f91-abef-7c941b49b03a@group-A2D2F2F5653F->71a3fedc-d6c8-4ada-8021-3efcd81af050-AppendLogResponseHandler: Failed appendEntries: org.apache.ratis.thirdparty.io.grpc.StatusRuntimeException: CANCELLED: HTTP/2 error code: CANCEL
Received Rst Stream
2019-10-14 10:23:08,447 [grpc-default-executor-3] INFO  impl.FollowerInfo (FollowerInfo.java:lambda$new$0(51)) - 514d7619-ced6-4f91-abef-7c941b49b03a@group-A2D2F2F5653F->71a3fedc-d6c8-4ada-8021-3efcd81af050: nextIndex: updateUnconditionally 3 -> 2
2019-10-14 10:23:08,448 [refreshUsed-/workdir/hadoop-ozone/integration-test/target/test-dir/MiniOzoneClusterImpl-dc2b9cc2-6b0d-409d-bb5b-6a950fa1c069/datanode-2/data/containers] WARN  fs.CachingGetSpaceUsed (CachingGetSpaceUsed.java:run(183)) - Thread Interrupted waiting to refresh disk information: sleep interrupted
2019-10-14 10:23:08,461 [main] INFO  utils.BackgroundService (BackgroundService.java:shutdown(151)) - Shutting down service BlockDeletingService
2019-10-14 10:23:08,466 [main] INFO  statemachine.DatanodeStateMachine (DatanodeStateMachine.java:stopDaemon(395)) - Ozone container server stopped.
2019-10-14 10:23:08,467 [main] INFO  handler.ContextHandler (ContextHandler.java:doStop(910)) - Stopped o.e.j.w.WebAppContext@46fb0c33{/,null,UNAVAILABLE}{/hddsDatanode}
2019-10-14 10:23:08,467 [main] INFO  server.AbstractConnector (AbstractConnector.java:doStop(318)) - Stopped ServerConnector@3b009e7b{HTTP/1.1,[http/1.1]}{0.0.0.0:0}
2019-10-14 10:23:08,467 [main] INFO  handler.ContextHandler (ContextHandler.java:doStop(910)) - Stopped o.e.j.s.ServletContextHandler@44dc7b7d{/static,jar:file:/home/user/.m2/repository/org/apache/hadoop/hadoop-hdds-container-service/0.5.0-SNAPSHOT/hadoop-hdds-container-service-0.5.0-SNAPSHOT.jar!/webapps/static,UNAVAILABLE}
2019-10-14 10:23:08,468 [main] INFO  handler.ContextHandler (ContextHandler.java:doStop(910)) - Stopped o.e.j.s.ServletContextHandler@606a1bc4{/logs,file:///workdir/hadoop-ozone/integration-test/target/log,UNAVAILABLE}
2019-10-14 10:23:10,686 [grpc-default-executor-0] WARN  server.GrpcLogAppender (LogUtils.java:warn(134)) - 514d7619-ced6-4f91-abef-7c941b49b03a@group-A2D2F2F5653F->9a7cd4fb-2149-444e-852a-606827ec4daf-AppendLogResponseHandler: Failed appendEntries: org.apache.ratis.thirdparty.io.grpc.StatusRuntimeException: UNAVAILABLE: io exception
2019-10-14 10:23:10,686 [grpc-default-executor-0] INFO  impl.FollowerInfo (FollowerInfo.java:lambda$new$0(51)) - 514d7619-ced6-4f91-abef-7c941b49b03a@group-A2D2F2F5653F->9a7cd4fb-2149-444e-852a-606827ec4daf: nextIndex: updateUnconditionally 0 -> 0
2019-10-14 10:23:10,688 [grpc-default-executor-0] WARN  server.GrpcLogAppender (LogUtils.java:warn(134)) - 514d7619-ced6-4f91-abef-7c941b49b03a@group-A2D2F2F5653F->71a3fedc-d6c8-4ada-8021-3efcd81af050-AppendLogResponseHandler: Failed appendEntries: org.apache.ratis.thirdparty.io.grpc.StatusRuntimeException: UNAVAILABLE: io exception
2019-10-14 10:23:10,689 [grpc-default-executor-0] INFO  impl.FollowerInfo (FollowerInfo.java:lambda$new$0(51)) - 514d7619-ced6-4f91-abef-7c941b49b03a@group-A2D2F2F5653F->71a3fedc-d6c8-4ada-8021-3efcd81af050: nextIndex: updateUnconditionally 2 -> 1
2019-10-14 10:23:13,189 [grpc-default-executor-0] WARN  server.GrpcLogAppender (LogUtils.java:warn(134)) - 514d7619-ced6-4f91-abef-7c941b49b03a@group-A2D2F2F5653F->71a3fedc-d6c8-4ada-8021-3efcd81af050-AppendLogResponseHandler: Failed appendEntries: org.apache.ratis.thirdparty.io.grpc.StatusRuntimeException: UNAVAILABLE: io exception
2019-10-14 10:23:13,189 [grpc-default-executor-2] WARN  server.GrpcLogAppender (LogUtils.java:warn(134)) - 514d7619-ced6-4f91-abef-7c941b49b03a@group-A2D2F2F5653F->9a7cd4fb-2149-444e-852a-606827ec4daf-AppendLogResponseHandler: Failed appendEntries: org.apache.ratis.thirdparty.io.grpc.StatusRuntimeException: UNAVAILABLE: io exception
2019-10-14 10:23:13,190 [grpc-default-executor-0] INFO  impl.FollowerInfo (FollowerInfo.java:lambda$new$0(51)) - 514d7619-ced6-4f91-abef-7c941b49b03a@group-A2D2F2F5653F->71a3fedc-d6c8-4ada-8021-3efcd81af050: nextIndex: updateUnconditionally 1 -> 0
2019-10-14 10:23:13,190 [grpc-default-executor-2] INFO  impl.FollowerInfo (FollowerInfo.java:lambda$new$0(51)) - 514d7619-ced6-4f91-abef-7c941b49b03a@group-A2D2F2F5653F->9a7cd4fb-2149-444e-852a-606827ec4daf: nextIndex: updateUnconditionally 0 -> 0
2019-10-14 10:23:15,688 [grpc-default-executor-2] WARN  server.GrpcLogAppender (LogUtils.java:warn(134)) - 514d7619-ced6-4f91-abef-7c941b49b03a@group-A2D2F2F5653F->9a7cd4fb-2149-444e-852a-606827ec4daf-AppendLogResponseHandler: Failed appendEntries: org.apache.ratis.thirdparty.io.grpc.StatusRuntimeException: UNAVAILABLE: io exception
2019-10-14 10:23:15,689 [grpc-default-executor-2] INFO  impl.FollowerInfo (FollowerInfo.java:lambda$new$0(51)) - 514d7619-ced6-4f91-abef-7c941b49b03a@group-A2D2F2F5653F->9a7cd4fb-2149-444e-852a-606827ec4daf: nextIndex: updateUnconditionally 0 -> 0
2019-10-14 10:23:15,689 [grpc-default-executor-3] WARN  server.GrpcLogAppender (LogUtils.java:warn(134)) - 514d7619-ced6-4f91-abef-7c941b49b03a@group-A2D2F2F5653F->71a3fedc-d6c8-4ada-8021-3efcd81af050-AppendLogResponseHandler: Failed appendEntries: org.apache.ratis.thirdparty.io.grpc.StatusRuntimeException: UNAVAILABLE: io exception
2019-10-14 10:23:15,689 [grpc-default-executor-3] INFO  impl.FollowerInfo (FollowerInfo.java:lambda$new$0(51)) - 514d7619-ced6-4f91-abef-7c941b49b03a@group-A2D2F2F5653F->71a3fedc-d6c8-4ada-8021-3efcd81af050: nextIndex: updateUnconditionally 0 -> 0
2019-10-14 10:23:18,189 [grpc-default-executor-3] WARN  server.GrpcLogAppender (LogUtils.java:warn(134)) - 514d7619-ced6-4f91-abef-7c941b49b03a@group-A2D2F2F5653F->9a7cd4fb-2149-444e-852a-606827ec4daf-AppendLogResponseHandler: Failed appendEntries: org.apache.ratis.thirdparty.io.grpc.StatusRuntimeException: UNAVAILABLE: io exception
2019-10-14 10:23:18,190 [grpc-default-executor-3] INFO  impl.FollowerInfo (FollowerInfo.java:lambda$new$0(51)) - 514d7619-ced6-4f91-abef-7c941b49b03a@group-A2D2F2F5653F->9a7cd4fb-2149-444e-852a-606827ec4daf: nextIndex: updateUnconditionally 0 -> 0
2019-10-14 10:23:18,190 [grpc-default-executor-1] WARN  server.GrpcLogAppender (LogUtils.java:warn(134)) - 514d7619-ced6-4f91-abef-7c941b49b03a@group-A2D2F2F5653F->71a3fedc-d6c8-4ada-8021-3efcd81af050-AppendLogResponseHandler: Failed appendEntries: org.apache.ratis.thirdparty.io.grpc.StatusRuntimeException: UNAVAILABLE: io exception
2019-10-14 10:23:18,190 [grpc-default-executor-1] INFO  impl.FollowerInfo (FollowerInfo.java:lambda$new$0(51)) - 514d7619-ced6-4f91-abef-7c941b49b03a@group-A2D2F2F5653F->71a3fedc-d6c8-4ada-8021-3efcd81af050: nextIndex: updateUnconditionally 0 -> 0
2019-10-14 10:23:19,061 [Thread-1609] INFO  client.GrpcClientProtocolService (GrpcClientProtocolService.java:lambda$processClientRequest$0(278)) - Failed RaftClientRequest:client-8882E7FEB1E1->514d7619-ced6-4f91-abef-7c941b49b03a@group-A2D2F2F5653F, cid=67, seq=0, Watch-ALL_COMMITTED(76), Message:<EMPTY>, reply=RaftClientReply:client-8882E7FEB1E1->514d7619-ced6-4f91-abef-7c941b49b03a@group-A2D2F2F5653F, cid=67, FAILED org.apache.ratis.protocol.NotReplicatedException: Request with call Id 67 and log index 76 is not yet replicated to ALL_COMMITTED, logIndex=76, commits[514d7619-ced6-4f91-abef-7c941b49b03a:c2, 71a3fedc-d6c8-4ada-8021-3efcd81af050:c2, 9a7cd4fb-2149-444e-852a-606827ec4daf:c2]
2019-10-14 10:23:20,690 [grpc-default-executor-2] WARN  server.GrpcLogAppender (LogUtils.java:warn(134)) - 514d7619-ced6-4f91-abef-7c941b49b03a@group-A2D2F2F5653F->9a7cd4fb-2149-444e-852a-606827ec4daf-AppendLogResponseHandler: Failed appendEntries: org.apache.ratis.thirdparty.io.grpc.StatusRuntimeException: UNAVAILABLE: io exception
2019-10-14 10:23:20,690 [grpc-default-executor-2] INFO  impl.FollowerInfo (FollowerInfo.java:lambda$new$0(51)) - 514d7619-ced6-4f91-abef-7c941b49b03a@group-A2D2F2F5653F->9a7cd4fb-2149-444e-852a-606827ec4daf: nextIndex: updateUnconditionally 0 -> 0
2019-10-14 10:23:20,691 [grpc-default-executor-2] WARN  server.GrpcLogAppender (LogUtils.java:warn(134)) - 514d7619-ced6-4f91-abef-7c941b49b03a@group-A2D2F2F5653F->71a3fedc-d6c8-4ada-8021-3efcd81af050-AppendLogResponseHandler: Failed appendEntries: org.apache.ratis.thirdparty.io.grpc.StatusRuntimeException: UNAVAILABLE: io exception
2019-10-14 10:23:20,691 [grpc-default-executor-2] INFO  impl.FollowerInfo (FollowerInfo.java:lambda$new$0(51)) - 514d7619-ced6-4f91-abef-7c941b49b03a@group-A2D2F2F5653F->71a3fedc-d6c8-4ada-8021-3efcd81af050: nextIndex: updateUnconditionally 0 -> 0
2019-10-14 10:23:23,192 [grpc-default-executor-1] WARN  server.GrpcLogAppender (LogUtils.java:warn(134)) - 514d7619-ced6-4f91-abef-7c941b49b03a@group-A2D2F2F5653F->9a7cd4fb-2149-444e-852a-606827ec4daf-AppendLogResponseHandler: Failed appendEntries: org.apache.ratis.thirdparty.io.grpc.StatusRuntimeException: UNAVAILABLE: io exception
2019-10-14 10:23:23,192 [grpc-default-executor-2] WARN  server.GrpcLogAppender (LogUtils.java:warn(134)) - 514d7619-ced6-4f91-abef-7c941b49b03a@group-A2D2F2F5653F->71a3fedc-d6c8-4ada-8021-3efcd81af050-AppendLogResponseHandler: Failed appendEntries: org.apache.ratis.thirdparty.io.grpc.StatusRuntimeException: UNAVAILABLE: io exception
2019-10-14 10:23:23,199 [grpc-default-executor-1] INFO  impl.FollowerInfo (FollowerInfo.java:lambda$new$0(51)) - 514d7619-ced6-4f91-abef-7c941b49b03a@group-A2D2F2F5653F->9a7cd4fb-2149-444e-852a-606827ec4daf: nextIndex: updateUnconditionally 0 -> 0
2019-10-14 10:23:23,199 [grpc-default-executor-2] INFO  impl.FollowerInfo (FollowerInfo.java:lambda$new$0(51)) - 514d7619-ced6-4f91-abef-7c941b49b03a@group-A2D2F2F5653F->71a3fedc-d6c8-4ada-8021-3efcd81af050: nextIndex: updateUnconditionally 0 -> 0
2019-10-14 10:23:25,692 [grpc-default-executor-2] WARN  server.GrpcLogAppender (LogUtils.java:warn(134)) - 514d7619-ced6-4f91-abef-7c941b49b03a@group-A2D2F2F5653F->9a7cd4fb-2149-444e-852a-606827ec4daf-AppendLogResponseHandler: Failed appendEntries: org.apache.ratis.thirdparty.io.grpc.StatusRuntimeException: UNAVAILABLE: io exception
2019-10-14 10:23:25,692 [grpc-default-executor-6] WARN  server.GrpcLogAppender (LogUtils.java:warn(134)) - 514d7619-ced6-4f91-abef-7c941b49b03a@group-A2D2F2F5653F->71a3fedc-d6c8-4ada-8021-3efcd81af050-AppendLogResponseHandler: Failed appendEntries: org.apache.ratis.thirdparty.io.grpc.StatusRuntimeException: UNAVAILABLE: io exception
2019-10-14 10:23:25,692 [grpc-default-executor-2] INFO  impl.FollowerInfo (FollowerInfo.java:lambda$new$0(51)) - 514d7619-ced6-4f91-abef-7c941b49b03a@group-A2D2F2F5653F->9a7cd4fb-2149-444e-852a-606827ec4daf: nextIndex: updateUnconditionally 0 -> 0
2019-10-14 10:23:25,693 [grpc-default-executor-6] INFO  impl.FollowerInfo (FollowerInfo.java:lambda$new$0(51)) - 514d7619-ced6-4f91-abef-7c941b49b03a@group-A2D2F2F5653F->71a3fedc-d6c8-4ada-8021-3efcd81af050: nextIndex: updateUnconditionally 0 -> 0
2019-10-14 10:23:28,192 [grpc-default-executor-6] WARN  server.GrpcLogAppender (LogUtils.java:warn(134)) - 514d7619-ced6-4f91-abef-7c941b49b03a@group-A2D2F2F5653F->9a7cd4fb-2149-444e-852a-606827ec4daf-AppendLogResponseHandler: Failed appendEntries: org.apache.ratis.thirdparty.io.grpc.StatusRuntimeException: UNAVAILABLE: io exception
2019-10-14 10:23:28,192 [grpc-default-executor-2] WARN  server.GrpcLogAppender (LogUtils.java:warn(134)) - 514d7619-ced6-4f91-abef-7c941b49b03a@group-A2D2F2F5653F->71a3fedc-d6c8-4ada-8021-3efcd81af050-AppendLogResponseHandler: Failed appendEntries: org.apache.ratis.thirdparty.io.grpc.StatusRuntimeException: UNAVAILABLE: io exception
2019-10-14 10:23:28,193 [grpc-default-executor-6] INFO  impl.FollowerInfo (FollowerInfo.java:lambda$new$0(51)) - 514d7619-ced6-4f91-abef-7c941b49b03a@group-A2D2F2F5653F->9a7cd4fb-2149-444e-852a-606827ec4daf: nextIndex: updateUnconditionally 0 -> 0
2019-10-14 10:23:28,193 [grpc-default-executor-2] INFO  impl.FollowerInfo (FollowerInfo.java:lambda$new$0(51)) - 514d7619-ced6-4f91-abef-7c941b49b03a@group-A2D2F2F5653F->71a3fedc-d6c8-4ada-8021-3efcd81af050: nextIndex: updateUnconditionally 0 -> 0
2019-10-14 10:23:28,469 [main] WARN  scm.XceiverClientRatis (XceiverClientRatis.java:watchForCommit(277)) - 3 way commit failed on pipeline Pipeline[ Id: f698243b-a917-4351-ae51-a2d2f2f5653f, Nodes: 9a7cd4fb-2149-444e-852a-606827ec4daf{ip: 192.168.151.98, host: pr-hdds-2295-pn7hw-3586430783, networkLocation: /default-rack, certSerialId: null}71a3fedc-d6c8-4ada-8021-3efcd81af050{ip: 192.168.151.98, host: pr-hdds-2295-pn7hw-3586430783, networkLocation: /default-rack, certSerialId: null}514d7619-ced6-4f91-abef-7c941b49b03a{ip: 192.168.151.98, host: pr-hdds-2295-pn7hw-3586430783, networkLocation: /default-rack, certSerialId: null}, Type:RATIS, Factor:THREE, State:OPEN]
java.util.concurrent.TimeoutException
	at java.util.concurrent.CompletableFuture.timedGet(CompletableFuture.java:1771)
	at java.util.concurrent.CompletableFuture.get(CompletableFuture.java:1915)
	at org.apache.hadoop.hdds.scm.XceiverClientRatis.watchForCommit(XceiverClientRatis.java:274)
	at org.apache.hadoop.ozone.client.rpc.TestWatchForCommit.testWatchForCommitForRetryfailure(TestWatchForCommit.java:345)
	at sun.reflect.NativeMethodAccessorImpl.invoke0(Native Method)
	at sun.reflect.NativeMethodAccessorImpl.invoke(NativeMethodAccessorImpl.java:62)
	at sun.reflect.DelegatingMethodAccessorImpl.invoke(DelegatingMethodAccessorImpl.java:43)
	at java.lang.reflect.Method.invoke(Method.java:498)
	at org.junit.runners.model.FrameworkMethod$1.runReflectiveCall(FrameworkMethod.java:47)
	at org.junit.internal.runners.model.ReflectiveCallable.run(ReflectiveCallable.java:12)
	at org.junit.runners.model.FrameworkMethod.invokeExplosively(FrameworkMethod.java:44)
	at org.junit.internal.runners.statements.InvokeMethod.evaluate(InvokeMethod.java:17)
	at org.junit.runners.ParentRunner.runLeaf(ParentRunner.java:271)
	at org.junit.runners.BlockJUnit4ClassRunner.runChild(BlockJUnit4ClassRunner.java:70)
	at org.junit.runners.BlockJUnit4ClassRunner.runChild(BlockJUnit4ClassRunner.java:50)
	at org.junit.runners.ParentRunner$3.run(ParentRunner.java:238)
	at org.junit.runners.ParentRunner$1.schedule(ParentRunner.java:63)
	at org.junit.runners.ParentRunner.runChildren(ParentRunner.java:236)
	at org.junit.runners.ParentRunner.access$000(ParentRunner.java:53)
	at org.junit.runners.ParentRunner$2.evaluate(ParentRunner.java:229)
	at org.junit.runners.ParentRunner.run(ParentRunner.java:309)
	at org.apache.maven.surefire.junit4.JUnit4Provider.execute(JUnit4Provider.java:365)
	at org.apache.maven.surefire.junit4.JUnit4Provider.executeWithRerun(JUnit4Provider.java:273)
	at org.apache.maven.surefire.junit4.JUnit4Provider.executeTestSet(JUnit4Provider.java:238)
	at org.apache.maven.surefire.junit4.JUnit4Provider.invoke(JUnit4Provider.java:159)
	at org.apache.maven.surefire.booter.ForkedBooter.invokeProviderInSameClassLoader(ForkedBooter.java:384)
	at org.apache.maven.surefire.booter.ForkedBooter.runSuitesInProcess(ForkedBooter.java:345)
	at org.apache.maven.surefire.booter.ForkedBooter.execute(ForkedBooter.java:126)
	at org.apache.maven.surefire.booter.ForkedBooter.main(ForkedBooter.java:418)
2019-10-14 10:23:30,693 [grpc-default-executor-3] WARN  server.GrpcLogAppender (LogUtils.java:warn(134)) - 514d7619-ced6-4f91-abef-7c941b49b03a@group-A2D2F2F5653F->71a3fedc-d6c8-4ada-8021-3efcd81af050-AppendLogResponseHandler: Failed appendEntries: org.apache.ratis.thirdparty.io.grpc.StatusRuntimeException: UNAVAILABLE: io exception
2019-10-14 10:23:30,693 [grpc-default-executor-3] INFO  impl.FollowerInfo (FollowerInfo.java:lambda$new$0(51)) - 514d7619-ced6-4f91-abef-7c941b49b03a@group-A2D2F2F5653F->71a3fedc-d6c8-4ada-8021-3efcd81af050: nextIndex: updateUnconditionally 0 -> 0
2019-10-14 10:23:30,693 [grpc-default-executor-7] WARN  server.GrpcLogAppender (LogUtils.java:warn(134)) - 514d7619-ced6-4f91-abef-7c941b49b03a@group-A2D2F2F5653F->9a7cd4fb-2149-444e-852a-606827ec4daf-AppendLogResponseHandler: Failed appendEntries: org.apache.ratis.thirdparty.io.grpc.StatusRuntimeException: UNAVAILABLE: io exception
2019-10-14 10:23:30,697 [grpc-default-executor-7] INFO  impl.FollowerInfo (FollowerInfo.java:lambda$new$0(51)) - 514d7619-ced6-4f91-abef-7c941b49b03a@group-A2D2F2F5653F->9a7cd4fb-2149-444e-852a-606827ec4daf: nextIndex: updateUnconditionally 0 -> 0
2019-10-14 10:23:31,058 [Thread-1627] INFO  client.GrpcClientProtocolService (GrpcClientProtocolService.java:lambda$processClientRequest$0(278)) - Failed RaftClientRequest:client-8882E7FEB1E1->514d7619-ced6-4f91-abef-7c941b49b03a@group-A2D2F2F5653F, cid=67, seq=0, Watch-ALL_COMMITTED(76), Message:<EMPTY>, reply=RaftClientReply:client-8882E7FEB1E1->514d7619-ced6-4f91-abef-7c941b49b03a@group-A2D2F2F5653F, cid=67, FAILED org.apache.ratis.protocol.NotReplicatedException: Request with call Id 67 and log index 76 is not yet replicated to ALL_COMMITTED, logIndex=76, commits[514d7619-ced6-4f91-abef-7c941b49b03a:c2, 71a3fedc-d6c8-4ada-8021-3efcd81af050:c2, 9a7cd4fb-2149-444e-852a-606827ec4daf:c2]
2019-10-14 10:23:33,194 [grpc-default-executor-3] WARN  server.GrpcLogAppender (LogUtils.java:warn(134)) - 514d7619-ced6-4f91-abef-7c941b49b03a@group-A2D2F2F5653F->71a3fedc-d6c8-4ada-8021-3efcd81af050-AppendLogResponseHandler: Failed appendEntries: org.apache.ratis.thirdparty.io.grpc.StatusRuntimeException: UNAVAILABLE: io exception
2019-10-14 10:23:33,194 [grpc-default-executor-0] WARN  server.GrpcLogAppender (LogUtils.java:warn(134)) - 514d7619-ced6-4f91-abef-7c941b49b03a@group-A2D2F2F5653F->9a7cd4fb-2149-444e-852a-606827ec4daf-AppendLogResponseHandler: Failed appendEntries: org.apache.ratis.thirdparty.io.grpc.StatusRuntimeException: UNAVAILABLE: io exception
2019-10-14 10:23:33,198 [grpc-default-executor-3] INFO  impl.FollowerInfo (FollowerInfo.java:lambda$new$0(51)) - 514d7619-ced6-4f91-abef-7c941b49b03a@group-A2D2F2F5653F->71a3fedc-d6c8-4ada-8021-3efcd81af050: nextIndex: updateUnconditionally 0 -> 0
2019-10-14 10:23:33,198 [grpc-default-executor-0] INFO  impl.FollowerInfo (FollowerInfo.java:lambda$new$0(51)) - 514d7619-ced6-4f91-abef-7c941b49b03a@group-A2D2F2F5653F->9a7cd4fb-2149-444e-852a-606827ec4daf: nextIndex: updateUnconditionally 0 -> 0
2019-10-14 10:23:35,696 [grpc-default-executor-6] WARN  server.GrpcLogAppender (LogUtils.java:warn(134)) - 514d7619-ced6-4f91-abef-7c941b49b03a@group-A2D2F2F5653F->71a3fedc-d6c8-4ada-8021-3efcd81af050-AppendLogResponseHandler: Failed appendEntries: org.apache.ratis.thirdparty.io.grpc.StatusRuntimeException: UNAVAILABLE: io exception
2019-10-14 10:23:35,696 [grpc-default-executor-0] WARN  server.GrpcLogAppender (LogUtils.java:warn(134)) - 514d7619-ced6-4f91-abef-7c941b49b03a@group-A2D2F2F5653F->9a7cd4fb-2149-444e-852a-606827ec4daf-AppendLogResponseHandler: Failed appendEntries: org.apache.ratis.thirdparty.io.grpc.StatusRuntimeException: UNAVAILABLE: io exception
2019-10-14 10:23:35,697 [grpc-default-executor-6] INFO  impl.FollowerInfo (FollowerInfo.java:lambda$new$0(51)) - 514d7619-ced6-4f91-abef-7c941b49b03a@group-A2D2F2F5653F->71a3fedc-d6c8-4ada-8021-3efcd81af050: nextIndex: updateUnconditionally 0 -> 0
2019-10-14 10:23:35,697 [grpc-default-executor-0] INFO  impl.FollowerInfo (FollowerInfo.java:lambda$new$0(51)) - 514d7619-ced6-4f91-abef-7c941b49b03a@group-A2D2F2F5653F->9a7cd4fb-2149-444e-852a-606827ec4daf: nextIndex: updateUnconditionally 0 -> 0
2019-10-14 10:23:38,196 [grpc-default-executor-0] WARN  server.GrpcLogAppender (LogUtils.java:warn(134)) - 514d7619-ced6-4f91-abef-7c941b49b03a@group-A2D2F2F5653F->71a3fedc-d6c8-4ada-8021-3efcd81af050-AppendLogResponseHandler: Failed appendEntries: org.apache.ratis.thirdparty.io.grpc.StatusRuntimeException: UNAVAILABLE: io exception
2019-10-14 10:23:38,196 [grpc-default-executor-2] WARN  server.GrpcLogAppender (LogUtils.java:warn(134)) - 514d7619-ced6-4f91-abef-7c941b49b03a@group-A2D2F2F5653F->9a7cd4fb-2149-444e-852a-606827ec4daf-AppendLogResponseHandler: Failed appendEntries: org.apache.ratis.thirdparty.io.grpc.StatusRuntimeException: UNAVAILABLE: io exception
2019-10-14 10:23:38,196 [grpc-default-executor-0] INFO  impl.FollowerInfo (FollowerInfo.java:lambda$new$0(51)) - 514d7619-ced6-4f91-abef-7c941b49b03a@group-A2D2F2F5653F->71a3fedc-d6c8-4ada-8021-3efcd81af050: nextIndex: updateUnconditionally 0 -> 0
2019-10-14 10:23:38,196 [grpc-default-executor-2] INFO  impl.FollowerInfo (FollowerInfo.java:lambda$new$0(51)) - 514d7619-ced6-4f91-abef-7c941b49b03a@group-A2D2F2F5653F->9a7cd4fb-2149-444e-852a-606827ec4daf: nextIndex: updateUnconditionally 0 -> 0
2019-10-14 10:23:40,056 [Thread-1650] INFO  client.GrpcClientProtocolService (GrpcClientProtocolService.java:lambda$processClientRequest$0(278)) - Failed RaftClientRequest:client-8882E7FEB1E1->514d7619-ced6-4f91-abef-7c941b49b03a@group-A2D2F2F5653F, cid=67, seq=0, Watch-ALL_COMMITTED(76), Message:<EMPTY>, reply=RaftClientReply:client-8882E7FEB1E1->514d7619-ced6-4f91-abef-7c941b49b03a@group-A2D2F2F5653F, cid=67, FAILED org.apache.ratis.protocol.NotReplicatedException: Request with call Id 67 and log index 76 is not yet replicated to ALL_COMMITTED, logIndex=76, commits[514d7619-ced6-4f91-abef-7c941b49b03a:c2, 71a3fedc-d6c8-4ada-8021-3efcd81af050:c2, 9a7cd4fb-2149-444e-852a-606827ec4daf:c2]
2019-10-14 10:23:40,057 [Thread-1651] INFO  client.GrpcClientProtocolService (GrpcClientProtocolService.java:lambda$processClientRequest$0(278)) - Failed RaftClientRequest:client-8882E7FEB1E1->514d7619-ced6-4f91-abef-7c941b49b03a@group-A2D2F2F5653F, cid=68, seq=0, Watch-MAJORITY_COMMITTED(76), Message:<EMPTY>, reply=RaftClientReply:client-8882E7FEB1E1->514d7619-ced6-4f91-abef-7c941b49b03a@group-A2D2F2F5653F, cid=68, FAILED org.apache.ratis.protocol.NotReplicatedException: Request with call Id 68 and log index 76 is not yet replicated to MAJORITY_COMMITTED, logIndex=76, commits[514d7619-ced6-4f91-abef-7c941b49b03a:c2, 71a3fedc-d6c8-4ada-8021-3efcd81af050:c2, 9a7cd4fb-2149-444e-852a-606827ec4daf:c2]
2019-10-14 10:23:40,696 [grpc-default-executor-3] WARN  server.GrpcLogAppender (LogUtils.java:warn(134)) - 514d7619-ced6-4f91-abef-7c941b49b03a@group-A2D2F2F5653F->9a7cd4fb-2149-444e-852a-606827ec4daf-AppendLogResponseHandler: Failed appendEntries: org.apache.ratis.thirdparty.io.grpc.StatusRuntimeException: UNAVAILABLE: io exception
2019-10-14 10:23:40,696 [grpc-default-executor-7] WARN  server.GrpcLogAppender (LogUtils.java:warn(134)) - 514d7619-ced6-4f91-abef-7c941b49b03a@group-A2D2F2F5653F->71a3fedc-d6c8-4ada-8021-3efcd81af050-AppendLogResponseHandler: Failed appendEntries: org.apache.ratis.thirdparty.io.grpc.StatusRuntimeException: UNAVAILABLE: io exception
2019-10-14 10:23:40,700 [grpc-default-executor-3] INFO  impl.FollowerInfo (FollowerInfo.java:lambda$new$0(51)) - 514d7619-ced6-4f91-abef-7c941b49b03a@group-A2D2F2F5653F->9a7cd4fb-2149-444e-852a-606827ec4daf: nextIndex: updateUnconditionally 0 -> 0
2019-10-14 10:23:40,700 [grpc-default-executor-7] INFO  impl.FollowerInfo (FollowerInfo.java:lambda$new$0(51)) - 514d7619-ced6-4f91-abef-7c941b49b03a@group-A2D2F2F5653F->71a3fedc-d6c8-4ada-8021-3efcd81af050: nextIndex: updateUnconditionally 0 -> 0
2019-10-14 10:23:43,196 [grpc-default-executor-3] WARN  server.GrpcLogAppender (LogUtils.java:warn(134)) - 514d7619-ced6-4f91-abef-7c941b49b03a@group-A2D2F2F5653F->71a3fedc-d6c8-4ada-8021-3efcd81af050-AppendLogResponseHandler: Failed appendEntries: org.apache.ratis.thirdparty.io.grpc.StatusRuntimeException: UNAVAILABLE: io exception
2019-10-14 10:23:43,196 [grpc-default-executor-7] WARN  server.GrpcLogAppender (LogUtils.java:warn(134)) - 514d7619-ced6-4f91-abef-7c941b49b03a@group-A2D2F2F5653F->9a7cd4fb-2149-444e-852a-606827ec4daf-AppendLogResponseHandler: Failed appendEntries: org.apache.ratis.thirdparty.io.grpc.StatusRuntimeException: UNAVAILABLE: io exception
2019-10-14 10:23:43,197 [grpc-default-executor-3] INFO  impl.FollowerInfo (FollowerInfo.java:lambda$new$0(51)) - 514d7619-ced6-4f91-abef-7c941b49b03a@group-A2D2F2F5653F->71a3fedc-d6c8-4ada-8021-3efcd81af050: nextIndex: updateUnconditionally 0 -> 0
2019-10-14 10:23:43,197 [grpc-default-executor-7] INFO  impl.FollowerInfo (FollowerInfo.java:lambda$new$0(51)) - 514d7619-ced6-4f91-abef-7c941b49b03a@group-A2D2F2F5653F->9a7cd4fb-2149-444e-852a-606827ec4daf: nextIndex: updateUnconditionally 0 -> 0
2019-10-14 10:23:45,697 [grpc-default-executor-3] WARN  server.GrpcLogAppender (LogUtils.java:warn(134)) - 514d7619-ced6-4f91-abef-7c941b49b03a@group-A2D2F2F5653F->71a3fedc-d6c8-4ada-8021-3efcd81af050-AppendLogResponseHandler: Failed appendEntries: org.apache.ratis.thirdparty.io.grpc.StatusRuntimeException: UNAVAILABLE: io exception
2019-10-14 10:23:45,697 [grpc-default-executor-0] WARN  server.GrpcLogAppender (LogUtils.java:warn(134)) - 514d7619-ced6-4f91-abef-7c941b49b03a@group-A2D2F2F5653F->9a7cd4fb-2149-444e-852a-606827ec4daf-AppendLogResponseHandler: Failed appendEntries: org.apache.ratis.thirdparty.io.grpc.StatusRuntimeException: UNAVAILABLE: io exception
2019-10-14 10:23:45,698 [grpc-default-executor-3] INFO  impl.FollowerInfo (FollowerInfo.java:lambda$new$0(51)) - 514d7619-ced6-4f91-abef-7c941b49b03a@group-A2D2F2F5653F->71a3fedc-d6c8-4ada-8021-3efcd81af050: nextIndex: updateUnconditionally 0 -> 0
2019-10-14 10:23:45,698 [grpc-default-executor-0] INFO  impl.FollowerInfo (FollowerInfo.java:lambda$new$0(51)) - 514d7619-ced6-4f91-abef-7c941b49b03a@group-A2D2F2F5653F->9a7cd4fb-2149-444e-852a-606827ec4daf: nextIndex: updateUnconditionally 0 -> 0
2019-10-14 10:23:48,198 [grpc-default-executor-6] WARN  server.GrpcLogAppender (LogUtils.java:warn(134)) - 514d7619-ced6-4f91-abef-7c941b49b03a@group-A2D2F2F5653F->9a7cd4fb-2149-444e-852a-606827ec4daf-AppendLogResponseHandler: Failed appendEntries: org.apache.ratis.thirdparty.io.grpc.StatusRuntimeException: UNAVAILABLE: io exception
2019-10-14 10:23:48,198 [grpc-default-executor-0] WARN  server.GrpcLogAppender (LogUtils.java:warn(134)) - 514d7619-ced6-4f91-abef-7c941b49b03a@group-A2D2F2F5653F->71a3fedc-d6c8-4ada-8021-3efcd81af050-AppendLogResponseHandler: Failed appendEntries: org.apache.ratis.thirdparty.io.grpc.StatusRuntimeException: UNAVAILABLE: io exception
2019-10-14 10:23:48,198 [grpc-default-executor-6] INFO  impl.FollowerInfo (FollowerInfo.java:lambda$new$0(51)) - 514d7619-ced6-4f91-abef-7c941b49b03a@group-A2D2F2F5653F->9a7cd4fb-2149-444e-852a-606827ec4daf: nextIndex: updateUnconditionally 0 -> 0
2019-10-14 10:23:48,199 [grpc-default-executor-0] INFO  impl.FollowerInfo (FollowerInfo.java:lambda$new$0(51)) - 514d7619-ced6-4f91-abef-7c941b49b03a@group-A2D2F2F5653F->71a3fedc-d6c8-4ada-8021-3efcd81af050: nextIndex: updateUnconditionally 0 -> 0
]]></system-out>
    <system-err><![CDATA[Oct 14, 2019 10:23:03 AM org.apache.ratis.thirdparty.io.grpc.internal.SerializingExecutor run
SEVERE: Exception while executing runnable org.apache.ratis.thirdparty.io.grpc.internal.ServerImpl$JumpToApplicationThreadServerStreamListener$1Closed@2c4b0cf1
org.apache.ratis.thirdparty.io.grpc.StatusRuntimeException: CANCELLED: call already cancelled
	at org.apache.ratis.thirdparty.io.grpc.Status.asRuntimeException(Status.java:517)
	at org.apache.ratis.thirdparty.io.grpc.stub.ServerCalls$ServerCallStreamObserverImpl.onCompleted(ServerCalls.java:356)
	at org.apache.ratis.grpc.server.GrpcServerProtocolService$ServerRequestStreamObserver.onError(GrpcServerProtocolService.java:121)
	at org.apache.ratis.thirdparty.io.grpc.stub.ServerCalls$StreamingServerCallHandler$StreamingServerCallListener.onCancel(ServerCalls.java:269)
	at org.apache.ratis.thirdparty.io.grpc.internal.ServerCallImpl$ServerStreamListenerImpl.closed(ServerCallImpl.java:293)
	at org.apache.ratis.thirdparty.io.grpc.internal.ServerImpl$JumpToApplicationThreadServerStreamListener$1Closed.runInContext(ServerImpl.java:741)
	at org.apache.ratis.thirdparty.io.grpc.internal.ContextRunnable.run(ContextRunnable.java:37)
	at org.apache.ratis.thirdparty.io.grpc.internal.SerializingExecutor.run(SerializingExecutor.java:123)
	at java.util.concurrent.ThreadPoolExecutor.runWorker(ThreadPoolExecutor.java:1149)
	at java.util.concurrent.ThreadPoolExecutor$Worker.run(ThreadPoolExecutor.java:624)
	at java.lang.Thread.run(Thread.java:748)

Oct 14, 2019 10:23:08 AM org.apache.ratis.thirdparty.io.grpc.internal.SerializingExecutor run
SEVERE: Exception while executing runnable org.apache.ratis.thirdparty.io.grpc.internal.ServerImpl$JumpToApplicationThreadServerStreamListener$1Closed@2e7f2925
org.apache.ratis.thirdparty.io.grpc.StatusRuntimeException: CANCELLED: call already cancelled
	at org.apache.ratis.thirdparty.io.grpc.Status.asRuntimeException(Status.java:517)
	at org.apache.ratis.thirdparty.io.grpc.stub.ServerCalls$ServerCallStreamObserverImpl.onCompleted(ServerCalls.java:356)
	at org.apache.ratis.grpc.server.GrpcServerProtocolService$ServerRequestStreamObserver.onError(GrpcServerProtocolService.java:121)
	at org.apache.ratis.thirdparty.io.grpc.stub.ServerCalls$StreamingServerCallHandler$StreamingServerCallListener.onCancel(ServerCalls.java:269)
	at org.apache.ratis.thirdparty.io.grpc.internal.ServerCallImpl$ServerStreamListenerImpl.closed(ServerCallImpl.java:293)
	at org.apache.ratis.thirdparty.io.grpc.internal.ServerImpl$JumpToApplicationThreadServerStreamListener$1Closed.runInContext(ServerImpl.java:741)
	at org.apache.ratis.thirdparty.io.grpc.internal.ContextRunnable.run(ContextRunnable.java:37)
	at org.apache.ratis.thirdparty.io.grpc.internal.SerializingExecutor.run(SerializingExecutor.java:123)
	at java.util.concurrent.ThreadPoolExecutor.runWorker(ThreadPoolExecutor.java:1149)
	at java.util.concurrent.ThreadPoolExecutor$Worker.run(ThreadPoolExecutor.java:624)
	at java.lang.Thread.run(Thread.java:748)

]]></system-err>
  </testcase>
  <testcase name="testWatchForCommitForGroupMismatchException" classname="org.apache.hadoop.ozone.client.rpc.TestWatchForCommit" time="34.724"/>
  <testcase name="test2WayCommitForTimeoutException" classname="org.apache.hadoop.ozone.client.rpc.TestWatchForCommit" time="22.921">
    <error type="java.util.concurrent.TimeoutException">java.util.concurrent.TimeoutException
	at java.util.concurrent.CompletableFuture.timedGet(CompletableFuture.java:1771)
	at java.util.concurrent.CompletableFuture.get(CompletableFuture.java:1915)
	at org.apache.hadoop.hdds.scm.XceiverClientRatis.watchForCommit(XceiverClientRatis.java:283)
	at org.apache.hadoop.ozone.client.rpc.TestWatchForCommit.test2WayCommitForTimeoutException(TestWatchForCommit.java:391)
	at sun.reflect.NativeMethodAccessorImpl.invoke0(Native Method)
	at sun.reflect.NativeMethodAccessorImpl.invoke(NativeMethodAccessorImpl.java:62)
	at sun.reflect.DelegatingMethodAccessorImpl.invoke(DelegatingMethodAccessorImpl.java:43)
	at java.lang.reflect.Method.invoke(Method.java:498)
	at org.junit.runners.model.FrameworkMethod$1.runReflectiveCall(FrameworkMethod.java:47)
	at org.junit.internal.runners.model.ReflectiveCallable.run(ReflectiveCallable.java:12)
	at org.junit.runners.model.FrameworkMethod.invokeExplosively(FrameworkMethod.java:44)
	at org.junit.internal.runners.statements.InvokeMethod.evaluate(InvokeMethod.java:17)
	at org.junit.runners.ParentRunner.runLeaf(ParentRunner.java:271)
	at org.junit.runners.BlockJUnit4ClassRunner.runChild(BlockJUnit4ClassRunner.java:70)
	at org.junit.runners.BlockJUnit4ClassRunner.runChild(BlockJUnit4ClassRunner.java:50)
	at org.junit.runners.ParentRunner$3.run(ParentRunner.java:238)
	at org.junit.runners.ParentRunner$1.schedule(ParentRunner.java:63)
	at org.junit.runners.ParentRunner.runChildren(ParentRunner.java:236)
	at org.junit.runners.ParentRunner.access$000(ParentRunner.java:53)
	at org.junit.runners.ParentRunner$2.evaluate(ParentRunner.java:229)
	at org.junit.runners.ParentRunner.run(ParentRunner.java:309)
	at org.apache.maven.surefire.junit4.JUnit4Provider.execute(JUnit4Provider.java:365)
	at org.apache.maven.surefire.junit4.JUnit4Provider.executeWithRerun(JUnit4Provider.java:273)
	at org.apache.maven.surefire.junit4.JUnit4Provider.executeTestSet(JUnit4Provider.java:238)
	at org.apache.maven.surefire.junit4.JUnit4Provider.invoke(JUnit4Provider.java:159)
	at org.apache.maven.surefire.booter.ForkedBooter.invokeProviderInSameClassLoader(ForkedBooter.java:384)
	at org.apache.maven.surefire.booter.ForkedBooter.runSuitesInProcess(ForkedBooter.java:345)
	at org.apache.maven.surefire.booter.ForkedBooter.execute(ForkedBooter.java:126)
	at org.apache.maven.surefire.booter.ForkedBooter.main(ForkedBooter.java:418)
</error>
    <system-out><![CDATA[2019-10-14 10:24:23,229 [main] WARN  server.ServerUtils (ServerUtils.java:getScmDbDir(145)) - ozone.scm.db.dirs is not configured. We recommend adding this setting. Falling back to ozone.metadata.dirs instead.
2019-10-14 10:24:23,247 [main] WARN  server.ServerUtils (ServerUtils.java:getScmDbDir(145)) - ozone.scm.db.dirs is not configured. We recommend adding this setting. Falling back to ozone.metadata.dirs instead.
2019-10-14 10:24:23,247 [main] WARN  server.ServerUtils (ServerUtils.java:getScmDbDir(145)) - ozone.scm.db.dirs is not configured. We recommend adding this setting. Falling back to ozone.metadata.dirs instead.
2019-10-14 10:24:23,248 [main] INFO  db.DBStoreBuilder (DBStoreBuilder.java:addTable(117)) - using custom profile for table: deletedBlocks
2019-10-14 10:24:23,248 [main] INFO  db.DBStoreBuilder (DBStoreBuilder.java:processTables(168)) - Using default column profile:DBProfile.DISK for Table:deletedBlocks
2019-10-14 10:24:23,248 [main] INFO  db.DBStoreBuilder (DBStoreBuilder.java:addTable(117)) - using custom profile for table: validCerts
2019-10-14 10:24:23,248 [main] INFO  db.DBStoreBuilder (DBStoreBuilder.java:processTables(168)) - Using default column profile:DBProfile.DISK for Table:validCerts
2019-10-14 10:24:23,249 [main] INFO  db.DBStoreBuilder (DBStoreBuilder.java:addTable(117)) - using custom profile for table: revokedCerts
2019-10-14 10:24:23,249 [main] INFO  db.DBStoreBuilder (DBStoreBuilder.java:processTables(168)) - Using default column profile:DBProfile.DISK for Table:revokedCerts
2019-10-14 10:24:23,249 [main] INFO  db.DBStoreBuilder (DBStoreBuilder.java:addTable(117)) - using custom profile for table: default
2019-10-14 10:24:23,249 [main] INFO  db.DBStoreBuilder (DBStoreBuilder.java:processTables(174)) - Using default column profile:DBProfile.DISK for Table:default
2019-10-14 10:24:23,249 [main] INFO  db.DBStoreBuilder (DBStoreBuilder.java:getDbProfile(205)) - Using default options. DBProfile.DISK
2019-10-14 10:24:23,318 [main] INFO  net.NodeSchemaLoader (NodeSchemaLoader.java:loadSchemaFromFile(125)) - Loading file from sun.misc.CompoundEnumeration@2dff7085
2019-10-14 10:24:23,319 [main] INFO  net.NodeSchemaLoader (NodeSchemaLoader.java:loadSchema(171)) - Loading network topology layer schema file
2019-10-14 10:24:23,323 [main] WARN  server.ServerUtils (ServerUtils.java:sanitizeUserArgs(70)) - ozone.scm.stale.node.interval value = 300000 is larger than max = 100000 based on the key value of ozone.scm.heartbeat.thread.interval, reset to the max value 100000.
2019-10-14 10:24:23,323 [main] WARN  server.ServerUtils (ServerUtils.java:sanitizeUserArgs(70)) - ozone.scm.stale.node.interval value = 300000 is larger than max = 100000 based on the key value of ozone.scm.heartbeat.thread.interval, reset to the max value 100000.
2019-10-14 10:24:23,323 [main] INFO  node.SCMNodeManager (SCMNodeManager.java:<init>(116)) - Entering startup safe mode.
2019-10-14 10:24:23,324 [main] INFO  algorithms.ContainerPlacementPolicyFactory (ContainerPlacementPolicyFactory.java:getPolicy(57)) - Create container placement policy of type org.apache.hadoop.hdds.scm.container.placement.algorithms.SCMContainerPlacementRandom
2019-10-14 10:24:23,324 [main] WARN  server.ServerUtils (ServerUtils.java:getScmDbDir(145)) - ozone.scm.db.dirs is not configured. We recommend adding this setting. Falling back to ozone.metadata.dirs instead.
2019-10-14 10:24:23,353 [main] INFO  pipeline.SCMPipelineManager (SCMPipelineManager.java:initializePipelineState(132)) - No pipeline exists in current db
2019-10-14 10:24:23,353 [main] WARN  server.ServerUtils (ServerUtils.java:getScmDbDir(145)) - ozone.scm.db.dirs is not configured. We recommend adding this setting. Falling back to ozone.metadata.dirs instead.
2019-10-14 10:24:23,376 [main] WARN  events.EventQueue (EventQueue.java:fireEvent(183)) - No event handler registered for event TypedEvent{payloadType=SafeModeStatus, name='SafeModeStatus'}
2019-10-14 10:24:23,377 [main] INFO  ipc.CallQueueManager (CallQueueManager.java:<init>(84)) - Using callQueue: class java.util.concurrent.LinkedBlockingQueue, queueCapacity: 2000, scheduler: class org.apache.hadoop.ipc.DefaultRpcScheduler, ipcBackoff: false.
2019-10-14 10:24:23,378 [Socket Reader #1 for port 34739] INFO  ipc.Server (Server.java:run(1074)) - Starting Socket Reader #1 for port 34739
2019-10-14 10:24:23,381 [main] INFO  ipc.CallQueueManager (CallQueueManager.java:<init>(84)) - Using callQueue: class java.util.concurrent.LinkedBlockingQueue, queueCapacity: 2000, scheduler: class org.apache.hadoop.ipc.DefaultRpcScheduler, ipcBackoff: false.
2019-10-14 10:24:23,382 [Socket Reader #1 for port 43619] INFO  ipc.Server (Server.java:run(1074)) - Starting Socket Reader #1 for port 43619
2019-10-14 10:24:23,384 [main] INFO  ipc.CallQueueManager (CallQueueManager.java:<init>(84)) - Using callQueue: class java.util.concurrent.LinkedBlockingQueue, queueCapacity: 2000, scheduler: class org.apache.hadoop.ipc.DefaultRpcScheduler, ipcBackoff: false.
2019-10-14 10:24:23,384 [Socket Reader #1 for port 40146] INFO  ipc.Server (Server.java:run(1074)) - Starting Socket Reader #1 for port 40146
2019-10-14 10:24:23,387 [main] INFO  hdfs.DFSUtil (DFSUtil.java:httpServerTemplateForNNAndJN(1641)) - Starting Web-server for scm at: http://0.0.0.0:0
2019-10-14 10:24:23,389 [main] INFO  server.AuthenticationFilter (AuthenticationFilter.java:constructSecretProvider(240)) - Unable to initialize FileSignerSecretProvider, falling back to use random secrets.
2019-10-14 10:24:23,389 [main] WARN  http.HttpRequestLog (HttpRequestLog.java:getRequestLog(97)) - Jetty request log can only be enabled using Log4j
2019-10-14 10:24:23,391 [main] INFO  http.HttpServer2 (HttpServer2.java:addGlobalFilter(975)) - Added global filter 'safety' (class=org.apache.hadoop.http.HttpServer2$QuotingInputFilter)
2019-10-14 10:24:23,391 [main] INFO  http.HttpServer2 (HttpServer2.java:addFilter(948)) - Added filter static_user_filter (class=org.apache.hadoop.http.lib.StaticUserWebFilter$StaticUserFilter) to context scm
2019-10-14 10:24:23,391 [main] INFO  http.HttpServer2 (HttpServer2.java:addFilter(958)) - Added filter static_user_filter (class=org.apache.hadoop.http.lib.StaticUserWebFilter$StaticUserFilter) to context logs
2019-10-14 10:24:23,391 [main] INFO  http.HttpServer2 (HttpServer2.java:addFilter(958)) - Added filter static_user_filter (class=org.apache.hadoop.http.lib.StaticUserWebFilter$StaticUserFilter) to context static
2019-10-14 10:24:23,393 [main] INFO  server.StorageContainerManager (StorageContainerManager.java:start(772)) - StorageContainerLocationProtocol RPC server is listening at /0.0.0.0:40146
2019-10-14 10:24:23,395 [main] WARN  impl.MetricsConfig (MetricsConfig.java:loadFirst(134)) - Cannot locate configuration: tried hadoop-metrics2-storagecontainermanager.properties,hadoop-metrics2.properties
2019-10-14 10:24:23,396 [main] INFO  impl.MetricsSystemImpl (MetricsSystemImpl.java:startTimer(374)) - Scheduled Metric snapshot period at 10 second(s).
2019-10-14 10:24:23,396 [main] INFO  impl.MetricsSystemImpl (MetricsSystemImpl.java:start(191)) - StorageContainerManager metrics system started
2019-10-14 10:24:23,682 [main] WARN  impl.MetricsSystemImpl (MetricsSystemImpl.java:register(276)) - Sink prometheus already exists!
2019-10-14 10:24:23,942 [main] INFO  server.SCMClientProtocolServer (SCMClientProtocolServer.java:start(159)) - RPC server for Client  is listening at /0.0.0.0:40146
2019-10-14 10:24:23,942 [IPC Server Responder] INFO  ipc.Server (Server.java:run(1314)) - IPC Server Responder: starting
2019-10-14 10:24:23,942 [IPC Server listener on 40146] INFO  ipc.Server (Server.java:run(1153)) - IPC Server listener on 40146: starting
2019-10-14 10:24:23,949 [main] INFO  server.StorageContainerManager (StorageContainerManager.java:start(782)) - ScmBlockLocationProtocol RPC server is listening at /0.0.0.0:43619
2019-10-14 10:24:23,949 [main] INFO  server.SCMBlockProtocolServer (SCMBlockProtocolServer.java:start(146)) - RPC server for Block Protocol is listening at /0.0.0.0:43619
2019-10-14 10:24:23,950 [IPC Server Responder] INFO  ipc.Server (Server.java:run(1314)) - IPC Server Responder: starting
2019-10-14 10:24:23,950 [IPC Server listener on 43619] INFO  ipc.Server (Server.java:run(1153)) - IPC Server listener on 43619: starting
2019-10-14 10:24:23,971 [main] INFO  server.StorageContainerManager (StorageContainerManager.java:start(786)) - ScmDatanodeProtocl RPC server is listening at /0.0.0.0:34739
2019-10-14 10:24:23,971 [main] INFO  server.SCMDatanodeProtocolServer (SCMDatanodeProtocolServer.java:start(169)) - RPC server for DataNodes is listening at /0.0.0.0:34739
2019-10-14 10:24:23,972 [IPC Server Responder] INFO  ipc.Server (Server.java:run(1314)) - IPC Server Responder: starting
2019-10-14 10:24:23,972 [IPC Server listener on 34739] INFO  ipc.Server (Server.java:run(1153)) - IPC Server listener on 34739: starting
2019-10-14 10:24:23,977 [main] INFO  http.HttpServer2 (HttpServer2.java:bindListener(1191)) - Jetty bound to port 43667
2019-10-14 10:24:23,977 [main] INFO  server.Server (Server.java:doStart(351)) - jetty-9.3.25.v20180904, build timestamp: 2018-09-04T21:11:46Z, git hash: 3ce520221d0240229c862b122d2b06c12a625732
2019-10-14 10:24:23,979 [main] INFO  handler.ContextHandler (ContextHandler.java:doStart(781)) - Started o.e.j.s.ServletContextHandler@6dcab9d9{/logs,file:///workdir/hadoop-ozone/integration-test/target/log,AVAILABLE}
2019-10-14 10:24:23,979 [main] INFO  handler.ContextHandler (ContextHandler.java:doStart(781)) - Started o.e.j.s.ServletContextHandler@f882465{/static,file:///workdir/hadoop-ozone/integration-test/target/test-classes/webapps/static,AVAILABLE}
2019-10-14 10:24:23,985 [main] INFO  handler.ContextHandler (ContextHandler.java:doStart(781)) - Started o.e.j.w.WebAppContext@3e856100{/,file:///workdir/hadoop-ozone/integration-test/target/test-classes/webapps/scm/,AVAILABLE}{/scm}
2019-10-14 10:24:23,987 [main] INFO  server.AbstractConnector (AbstractConnector.java:doStart(278)) - Started ServerConnector@6e9a0bea{HTTP/1.1,[http/1.1]}{0.0.0.0:43667}
2019-10-14 10:24:23,987 [main] INFO  server.Server (Server.java:doStart(419)) - Started @233875ms
2019-10-14 10:24:23,987 [main] WARN  impl.MetricsSystemImpl (MetricsSystemImpl.java:register(276)) - Sink prometheus already exists!
2019-10-14 10:24:23,988 [main] INFO  server.BaseHttpServer (BaseHttpServer.java:updateConnectorAddress(215)) - HTTP server of SCM is listening at http://0.0.0.0:43667
2019-10-14 10:24:23,990 [main] WARN  server.ServerUtils (ServerUtils.java:getDBPath(222)) - ozone.om.db.dirs is not configured. We recommend adding this setting. Falling back to ozone.metadata.dirs instead.
2019-10-14 10:24:23,990 [org.apache.hadoop.util.JvmPauseMonitor$Monitor@355ce6a6] INFO  util.JvmPauseMonitor (JvmPauseMonitor.java:run(188)) - Starting JVM pause monitor
2019-10-14 10:24:24,003 [main] INFO  ha.OMHANodeDetails (OMHANodeDetails.java:loadOMHAConfig(190)) - Configuration either no ozone.om.address set. Falling back to the default OM address /127.0.0.1:0
2019-10-14 10:24:24,004 [main] INFO  ha.OMHANodeDetails (OMHANodeDetails.java:getOMNodeDetails(220)) - OM Service ID is not set. Setting it to the default ID: omServiceIdDefault
2019-10-14 10:24:24,004 [main] WARN  server.ServerUtils (ServerUtils.java:getDBPath(222)) - ozone.om.db.dirs is not configured. We recommend adding this setting. Falling back to ozone.metadata.dirs instead.
2019-10-14 10:24:24,004 [main] WARN  server.ServerUtils (ServerUtils.java:getDBPath(222)) - ozone.om.db.dirs is not configured. We recommend adding this setting. Falling back to ozone.metadata.dirs instead.
2019-10-14 10:24:24,014 [main] WARN  server.ServerUtils (ServerUtils.java:getDBPath(222)) - ozone.om.db.dirs is not configured. We recommend adding this setting. Falling back to ozone.metadata.dirs instead.
2019-10-14 10:24:24,014 [main] INFO  db.DBStoreBuilder (DBStoreBuilder.java:addTable(117)) - using custom profile for table: userTable
2019-10-14 10:24:24,014 [main] INFO  db.DBStoreBuilder (DBStoreBuilder.java:processTables(168)) - Using default column profile:DBProfile.DISK for Table:userTable
2019-10-14 10:24:24,015 [main] INFO  db.DBStoreBuilder (DBStoreBuilder.java:addTable(117)) - using custom profile for table: volumeTable
2019-10-14 10:24:24,015 [main] INFO  db.DBStoreBuilder (DBStoreBuilder.java:processTables(168)) - Using default column profile:DBProfile.DISK for Table:volumeTable
2019-10-14 10:24:24,015 [main] INFO  db.DBStoreBuilder (DBStoreBuilder.java:addTable(117)) - using custom profile for table: bucketTable
2019-10-14 10:24:24,015 [main] INFO  db.DBStoreBuilder (DBStoreBuilder.java:processTables(168)) - Using default column profile:DBProfile.DISK for Table:bucketTable
2019-10-14 10:24:24,016 [main] INFO  db.DBStoreBuilder (DBStoreBuilder.java:addTable(117)) - using custom profile for table: keyTable
2019-10-14 10:24:24,016 [main] INFO  db.DBStoreBuilder (DBStoreBuilder.java:processTables(168)) - Using default column profile:DBProfile.DISK for Table:keyTable
2019-10-14 10:24:24,016 [main] INFO  db.DBStoreBuilder (DBStoreBuilder.java:addTable(117)) - using custom profile for table: deletedTable
2019-10-14 10:24:24,016 [main] INFO  db.DBStoreBuilder (DBStoreBuilder.java:processTables(168)) - Using default column profile:DBProfile.DISK for Table:deletedTable
2019-10-14 10:24:24,017 [main] INFO  db.DBStoreBuilder (DBStoreBuilder.java:addTable(117)) - using custom profile for table: openKeyTable
2019-10-14 10:24:24,017 [main] INFO  db.DBStoreBuilder (DBStoreBuilder.java:processTables(168)) - Using default column profile:DBProfile.DISK for Table:openKeyTable
2019-10-14 10:24:24,017 [main] INFO  db.DBStoreBuilder (DBStoreBuilder.java:addTable(117)) - using custom profile for table: s3Table
2019-10-14 10:24:24,017 [main] INFO  db.DBStoreBuilder (DBStoreBuilder.java:processTables(168)) - Using default column profile:DBProfile.DISK for Table:s3Table
2019-10-14 10:24:24,017 [main] INFO  db.DBStoreBuilder (DBStoreBuilder.java:addTable(117)) - using custom profile for table: multipartInfoTable
2019-10-14 10:24:24,018 [main] INFO  db.DBStoreBuilder (DBStoreBuilder.java:processTables(168)) - Using default column profile:DBProfile.DISK for Table:multipartInfoTable
2019-10-14 10:24:24,018 [main] INFO  db.DBStoreBuilder (DBStoreBuilder.java:addTable(117)) - using custom profile for table: dTokenTable
2019-10-14 10:24:24,018 [main] INFO  db.DBStoreBuilder (DBStoreBuilder.java:processTables(168)) - Using default column profile:DBProfile.DISK for Table:dTokenTable
2019-10-14 10:24:24,018 [main] INFO  db.DBStoreBuilder (DBStoreBuilder.java:addTable(117)) - using custom profile for table: s3SecretTable
2019-10-14 10:24:24,019 [main] INFO  db.DBStoreBuilder (DBStoreBuilder.java:processTables(168)) - Using default column profile:DBProfile.DISK for Table:s3SecretTable
2019-10-14 10:24:24,019 [main] INFO  db.DBStoreBuilder (DBStoreBuilder.java:addTable(117)) - using custom profile for table: prefixTable
2019-10-14 10:24:24,019 [main] INFO  db.DBStoreBuilder (DBStoreBuilder.java:processTables(168)) - Using default column profile:DBProfile.DISK for Table:prefixTable
2019-10-14 10:24:24,019 [main] INFO  db.DBStoreBuilder (DBStoreBuilder.java:addTable(117)) - using custom profile for table: default
2019-10-14 10:24:24,019 [main] INFO  db.DBStoreBuilder (DBStoreBuilder.java:processTables(174)) - Using default column profile:DBProfile.DISK for Table:default
2019-10-14 10:24:24,020 [main] INFO  db.DBStoreBuilder (DBStoreBuilder.java:getDbProfile(205)) - Using default options. DBProfile.DISK
2019-10-14 10:24:24,677 [main] INFO  ipc.CallQueueManager (CallQueueManager.java:<init>(84)) - Using callQueue: class java.util.concurrent.LinkedBlockingQueue, queueCapacity: 2000, scheduler: class org.apache.hadoop.ipc.DefaultRpcScheduler, ipcBackoff: false.
2019-10-14 10:24:24,678 [Socket Reader #1 for port 44134] INFO  ipc.Server (Server.java:run(1074)) - Starting Socket Reader #1 for port 44134
2019-10-14 10:24:24,695 [main] INFO  om.OzoneManager (OzoneManager.java:start(1071)) - OzoneManager RPC server is listening at localhost/127.0.0.1:44134
2019-10-14 10:24:24,695 [main] INFO  impl.MetricsSystemImpl (MetricsSystemImpl.java:init(158)) - OzoneManager metrics system started (again)
2019-10-14 10:24:24,696 [IPC Server Responder] INFO  ipc.Server (Server.java:run(1314)) - IPC Server Responder: starting
2019-10-14 10:24:24,698 [IPC Server listener on 44134] INFO  ipc.Server (Server.java:run(1153)) - IPC Server listener on 44134: starting
2019-10-14 10:24:24,703 [main] INFO  hdfs.DFSUtil (DFSUtil.java:httpServerTemplateForNNAndJN(1641)) - Starting Web-server for ozoneManager at: http://0.0.0.0:0
2019-10-14 10:24:24,704 [main] INFO  server.AuthenticationFilter (AuthenticationFilter.java:constructSecretProvider(240)) - Unable to initialize FileSignerSecretProvider, falling back to use random secrets.
2019-10-14 10:24:24,704 [main] WARN  http.HttpRequestLog (HttpRequestLog.java:getRequestLog(97)) - Jetty request log can only be enabled using Log4j
2019-10-14 10:24:24,706 [main] INFO  http.HttpServer2 (HttpServer2.java:addGlobalFilter(975)) - Added global filter 'safety' (class=org.apache.hadoop.http.HttpServer2$QuotingInputFilter)
2019-10-14 10:24:24,706 [main] INFO  http.HttpServer2 (HttpServer2.java:addFilter(948)) - Added filter static_user_filter (class=org.apache.hadoop.http.lib.StaticUserWebFilter$StaticUserFilter) to context ozoneManager
2019-10-14 10:24:24,707 [main] INFO  http.HttpServer2 (HttpServer2.java:addFilter(958)) - Added filter static_user_filter (class=org.apache.hadoop.http.lib.StaticUserWebFilter$StaticUserFilter) to context logs
2019-10-14 10:24:24,707 [main] INFO  http.HttpServer2 (HttpServer2.java:addFilter(958)) - Added filter static_user_filter (class=org.apache.hadoop.http.lib.StaticUserWebFilter$StaticUserFilter) to context static
2019-10-14 10:24:24,708 [main] INFO  http.HttpServer2 (HttpServer2.java:bindListener(1191)) - Jetty bound to port 41648
2019-10-14 10:24:24,708 [main] INFO  server.Server (Server.java:doStart(351)) - jetty-9.3.25.v20180904, build timestamp: 2018-09-04T21:11:46Z, git hash: 3ce520221d0240229c862b122d2b06c12a625732
2019-10-14 10:24:24,709 [main] INFO  handler.ContextHandler (ContextHandler.java:doStart(781)) - Started o.e.j.s.ServletContextHandler@72465eb2{/logs,file:///workdir/hadoop-ozone/integration-test/target/log,AVAILABLE}
2019-10-14 10:24:24,710 [main] INFO  handler.ContextHandler (ContextHandler.java:doStart(781)) - Started o.e.j.s.ServletContextHandler@29d25e65{/static,file:///workdir/hadoop-ozone/integration-test/target/test-classes/webapps/static,AVAILABLE}
2019-10-14 10:24:24,714 [main] INFO  handler.ContextHandler (ContextHandler.java:doStart(781)) - Started o.e.j.w.WebAppContext@75882261{/,file:///workdir/hadoop-ozone/integration-test/target/test-classes/webapps/ozoneManager/,AVAILABLE}{/ozoneManager}
2019-10-14 10:24:24,714 [main] INFO  server.AbstractConnector (AbstractConnector.java:doStart(278)) - Started ServerConnector@611d0763{HTTP/1.1,[http/1.1]}{0.0.0.0:41648}
2019-10-14 10:24:24,716 [main] INFO  server.Server (Server.java:doStart(419)) - Started @234604ms
2019-10-14 10:24:24,716 [main] WARN  impl.MetricsSystemImpl (MetricsSystemImpl.java:register(276)) - Sink prometheus already exists!
2019-10-14 10:24:24,717 [main] INFO  server.BaseHttpServer (BaseHttpServer.java:updateConnectorAddress(215)) - HTTP server of OZONEMANAGER is listening at http://0.0.0.0:41648
2019-10-14 10:24:24,732 [main] INFO  impl.MetricsSystemImpl (MetricsSystemImpl.java:init(158)) - HddsDatanode metrics system started (again)
2019-10-14 10:24:24,748 [main] INFO  ozone.HddsDatanodeService (HddsDatanodeService.java:start(184)) - HddsDatanodeService host:pr-hdds-2295-pn7hw-3586430783 ip:192.168.151.98
2019-10-14 10:24:24,756 [main] INFO  volume.HddsVolume (HddsVolume.java:<init>(176)) - Creating Volume: /workdir/hadoop-ozone/integration-test/target/test-dir/MiniOzoneClusterImpl-f30111d8-2c27-4339-bd0d-42f9ef7787c8/datanode-0/data/containers/hdds of  storage type : DISK and capacity : 1482555576320
2019-10-14 10:24:24,756 [main] INFO  volume.VolumeSet (VolumeSet.java:initializeVolumeSet(170)) - Added Volume : /workdir/hadoop-ozone/integration-test/target/test-dir/MiniOzoneClusterImpl-f30111d8-2c27-4339-bd0d-42f9ef7787c8/datanode-0/data/containers/hdds to VolumeSet
2019-10-14 10:24:24,757 [main] INFO  volume.ThrottledAsyncChecker (ThrottledAsyncChecker.java:schedule(141)) - Scheduling a check for org.apache.hadoop.ozone.container.common.volume.HddsVolume@22f02996
2019-10-14 10:24:24,759 [main] INFO  volume.HddsVolumeChecker (HddsVolumeChecker.java:checkAllVolumes(204)) - Scheduled health check for volume org.apache.hadoop.ozone.container.common.volume.HddsVolume@22f02996
2019-10-14 10:24:24,771 [main] INFO  impl.RaftServerProxy (ConfUtils.java:logGet(43)) - raft.rpc.type = GRPC (default)
2019-10-14 10:24:24,772 [main] INFO  grpc.GrpcFactory (GrpcFactory.java:checkPooledByteBufAllocatorUseCacheForAllThreads(45)) - PERFORMANCE WARNING: useCacheForAllThreads is true that may cause Netty to create a lot garbage objects and, as a result, trigger GC.
	It is recommended to disable useCacheForAllThreads by setting -Dorg.apache.ratis.thirdparty.io.netty.allocator.useCacheForAllThreads=false in command line.
2019-10-14 10:24:24,772 [main] INFO  grpc.GrpcConfigKeys$Server (ConfUtils.java:logGet(43)) - raft.grpc.server.port = 0 (default)
2019-10-14 10:24:24,772 [main] INFO  server.GrpcService (ConfUtils.java:logGet(43)) - raft.grpc.message.size.max = 33570816 (custom)
2019-10-14 10:24:24,772 [main] INFO  server.RaftServerConfigKeys (ConfUtils.java:logGet(43)) - raft.server.log.appender.buffer.byte-limit = 33554432 (custom)
2019-10-14 10:24:24,772 [main] INFO  server.GrpcService (ConfUtils.java:logGet(43)) - raft.grpc.flow.control.window = 1MB (=1048576) (default)
2019-10-14 10:24:24,773 [main] INFO  server.RaftServerConfigKeys (ConfUtils.java:logGet(43)) - raft.server.rpc.request.timeout = 3000ms (default)
2019-10-14 10:24:24,773 [main] INFO  server.RaftServerConfigKeys (ConfUtils.java:logGet(43)) - raft.server.storage.dir = [/workdir/hadoop-ozone/integration-test/target/test-dir/MiniOzoneClusterImpl-f30111d8-2c27-4339-bd0d-42f9ef7787c8/datanode-0/data/ratis] (custom)
2019-10-14 10:24:24,774 [main] INFO  hdfs.DFSUtil (DFSUtil.java:httpServerTemplateForNNAndJN(1641)) - Starting Web-server for hddsDatanode at: http://0.0.0.0:0
2019-10-14 10:24:24,776 [main] INFO  server.AuthenticationFilter (AuthenticationFilter.java:constructSecretProvider(240)) - Unable to initialize FileSignerSecretProvider, falling back to use random secrets.
2019-10-14 10:24:24,776 [main] WARN  http.HttpRequestLog (HttpRequestLog.java:getRequestLog(97)) - Jetty request log can only be enabled using Log4j
2019-10-14 10:24:24,778 [main] INFO  http.HttpServer2 (HttpServer2.java:addGlobalFilter(975)) - Added global filter 'safety' (class=org.apache.hadoop.http.HttpServer2$QuotingInputFilter)
2019-10-14 10:24:24,778 [main] INFO  http.HttpServer2 (HttpServer2.java:addFilter(948)) - Added filter static_user_filter (class=org.apache.hadoop.http.lib.StaticUserWebFilter$StaticUserFilter) to context hddsDatanode
2019-10-14 10:24:24,778 [main] INFO  http.HttpServer2 (HttpServer2.java:addFilter(958)) - Added filter static_user_filter (class=org.apache.hadoop.http.lib.StaticUserWebFilter$StaticUserFilter) to context static
2019-10-14 10:24:24,778 [main] INFO  http.HttpServer2 (HttpServer2.java:addFilter(958)) - Added filter static_user_filter (class=org.apache.hadoop.http.lib.StaticUserWebFilter$StaticUserFilter) to context logs
2019-10-14 10:24:24,781 [main] INFO  http.HttpServer2 (HttpServer2.java:bindListener(1191)) - Jetty bound to port 38894
2019-10-14 10:24:24,781 [main] INFO  server.Server (Server.java:doStart(351)) - jetty-9.3.25.v20180904, build timestamp: 2018-09-04T21:11:46Z, git hash: 3ce520221d0240229c862b122d2b06c12a625732
2019-10-14 10:24:24,783 [main] INFO  handler.ContextHandler (ContextHandler.java:doStart(781)) - Started o.e.j.s.ServletContextHandler@512abf25{/logs,file:///workdir/hadoop-ozone/integration-test/target/log,AVAILABLE}
2019-10-14 10:24:24,783 [main] INFO  handler.ContextHandler (ContextHandler.java:doStart(781)) - Started o.e.j.s.ServletContextHandler@6d0e45a5{/static,jar:file:/home/user/.m2/repository/org/apache/hadoop/hadoop-hdds-container-service/0.5.0-SNAPSHOT/hadoop-hdds-container-service-0.5.0-SNAPSHOT.jar!/webapps/static,AVAILABLE}
2019-10-14 10:24:24,816 [main] INFO  handler.ContextHandler (ContextHandler.java:doStart(781)) - Started o.e.j.w.WebAppContext@6a567f7b{/,file:///tmp/jetty-0.0.0.0-38894-hddsDatanode-_-any-3034899190682536574.dir/webapp/,AVAILABLE}{/hddsDatanode}
2019-10-14 10:24:24,816 [main] INFO  server.AbstractConnector (AbstractConnector.java:doStart(278)) - Started ServerConnector@28be7fec{HTTP/1.1,[http/1.1]}{0.0.0.0:38894}
2019-10-14 10:24:24,819 [main] INFO  server.Server (Server.java:doStart(419)) - Started @234707ms
2019-10-14 10:24:24,819 [main] WARN  impl.MetricsSystemImpl (MetricsSystemImpl.java:register(276)) - Sink prometheus already exists!
2019-10-14 10:24:24,819 [main] INFO  server.BaseHttpServer (BaseHttpServer.java:updateConnectorAddress(215)) - HTTP server of HDDSDATANODE is listening at http://0.0.0.0:38894
2019-10-14 10:24:24,820 [main] INFO  impl.MetricsSystemImpl (MetricsSystemImpl.java:init(158)) - HddsDatanode metrics system started (again)
2019-10-14 10:24:24,835 [org.apache.hadoop.util.JvmPauseMonitor$Monitor@70f16ea8] INFO  util.JvmPauseMonitor (JvmPauseMonitor.java:run(188)) - Starting JVM pause monitor
2019-10-14 10:24:24,837 [Datanode State Machine Thread - 0] INFO  datanode.InitDatanodeState (InitDatanodeState.java:persistContainerDatanodeDetails(140)) - DatanodeDetails is persisted to /workdir/hadoop-ozone/integration-test/target/test-dir/MiniOzoneClusterImpl-f30111d8-2c27-4339-bd0d-42f9ef7787c8/datanode-0/meta/datanode.id
2019-10-14 10:24:24,837 [main] INFO  ozone.HddsDatanodeService (HddsDatanodeService.java:start(184)) - HddsDatanodeService host:pr-hdds-2295-pn7hw-3586430783 ip:192.168.151.98
2019-10-14 10:24:24,845 [main] INFO  volume.HddsVolume (HddsVolume.java:<init>(176)) - Creating Volume: /workdir/hadoop-ozone/integration-test/target/test-dir/MiniOzoneClusterImpl-f30111d8-2c27-4339-bd0d-42f9ef7787c8/datanode-1/data/containers/hdds of  storage type : DISK and capacity : 1482555576320
2019-10-14 10:24:24,845 [main] INFO  volume.VolumeSet (VolumeSet.java:initializeVolumeSet(170)) - Added Volume : /workdir/hadoop-ozone/integration-test/target/test-dir/MiniOzoneClusterImpl-f30111d8-2c27-4339-bd0d-42f9ef7787c8/datanode-1/data/containers/hdds to VolumeSet
2019-10-14 10:24:24,845 [main] INFO  volume.ThrottledAsyncChecker (ThrottledAsyncChecker.java:schedule(141)) - Scheduling a check for org.apache.hadoop.ozone.container.common.volume.HddsVolume@16d431b4
2019-10-14 10:24:24,846 [main] INFO  volume.HddsVolumeChecker (HddsVolumeChecker.java:checkAllVolumes(204)) - Scheduled health check for volume org.apache.hadoop.ozone.container.common.volume.HddsVolume@16d431b4
2019-10-14 10:24:24,860 [main] INFO  impl.RaftServerProxy (ConfUtils.java:logGet(43)) - raft.rpc.type = GRPC (default)
2019-10-14 10:24:24,861 [main] INFO  grpc.GrpcFactory (GrpcFactory.java:checkPooledByteBufAllocatorUseCacheForAllThreads(45)) - PERFORMANCE WARNING: useCacheForAllThreads is true that may cause Netty to create a lot garbage objects and, as a result, trigger GC.
	It is recommended to disable useCacheForAllThreads by setting -Dorg.apache.ratis.thirdparty.io.netty.allocator.useCacheForAllThreads=false in command line.
2019-10-14 10:24:24,861 [main] INFO  grpc.GrpcConfigKeys$Server (ConfUtils.java:logGet(43)) - raft.grpc.server.port = 0 (default)
2019-10-14 10:24:24,861 [main] INFO  server.GrpcService (ConfUtils.java:logGet(43)) - raft.grpc.message.size.max = 33570816 (custom)
2019-10-14 10:24:24,861 [main] INFO  server.RaftServerConfigKeys (ConfUtils.java:logGet(43)) - raft.server.log.appender.buffer.byte-limit = 33554432 (custom)
2019-10-14 10:24:24,861 [main] INFO  server.GrpcService (ConfUtils.java:logGet(43)) - raft.grpc.flow.control.window = 1MB (=1048576) (default)
2019-10-14 10:24:24,861 [main] INFO  server.RaftServerConfigKeys (ConfUtils.java:logGet(43)) - raft.server.rpc.request.timeout = 3000ms (default)
2019-10-14 10:24:24,862 [main] INFO  server.RaftServerConfigKeys (ConfUtils.java:logGet(43)) - raft.server.storage.dir = [/workdir/hadoop-ozone/integration-test/target/test-dir/MiniOzoneClusterImpl-f30111d8-2c27-4339-bd0d-42f9ef7787c8/datanode-1/data/ratis] (custom)
2019-10-14 10:24:24,863 [main] INFO  hdfs.DFSUtil (DFSUtil.java:httpServerTemplateForNNAndJN(1641)) - Starting Web-server for hddsDatanode at: http://0.0.0.0:0
2019-10-14 10:24:24,864 [main] INFO  server.AuthenticationFilter (AuthenticationFilter.java:constructSecretProvider(240)) - Unable to initialize FileSignerSecretProvider, falling back to use random secrets.
2019-10-14 10:24:24,864 [main] WARN  http.HttpRequestLog (HttpRequestLog.java:getRequestLog(97)) - Jetty request log can only be enabled using Log4j
2019-10-14 10:24:24,865 [main] INFO  http.HttpServer2 (HttpServer2.java:addGlobalFilter(975)) - Added global filter 'safety' (class=org.apache.hadoop.http.HttpServer2$QuotingInputFilter)
2019-10-14 10:24:24,866 [main] INFO  http.HttpServer2 (HttpServer2.java:addFilter(948)) - Added filter static_user_filter (class=org.apache.hadoop.http.lib.StaticUserWebFilter$StaticUserFilter) to context hddsDatanode
2019-10-14 10:24:24,866 [main] INFO  http.HttpServer2 (HttpServer2.java:addFilter(958)) - Added filter static_user_filter (class=org.apache.hadoop.http.lib.StaticUserWebFilter$StaticUserFilter) to context static
2019-10-14 10:24:24,866 [main] INFO  http.HttpServer2 (HttpServer2.java:addFilter(958)) - Added filter static_user_filter (class=org.apache.hadoop.http.lib.StaticUserWebFilter$StaticUserFilter) to context logs
2019-10-14 10:24:24,866 [main] INFO  http.HttpServer2 (HttpServer2.java:bindListener(1191)) - Jetty bound to port 43391
2019-10-14 10:24:24,867 [main] INFO  server.Server (Server.java:doStart(351)) - jetty-9.3.25.v20180904, build timestamp: 2018-09-04T21:11:46Z, git hash: 3ce520221d0240229c862b122d2b06c12a625732
2019-10-14 10:24:24,868 [main] INFO  handler.ContextHandler (ContextHandler.java:doStart(781)) - Started o.e.j.s.ServletContextHandler@508ad266{/logs,file:///workdir/hadoop-ozone/integration-test/target/log,AVAILABLE}
2019-10-14 10:24:24,868 [main] INFO  handler.ContextHandler (ContextHandler.java:doStart(781)) - Started o.e.j.s.ServletContextHandler@216372b7{/static,jar:file:/home/user/.m2/repository/org/apache/hadoop/hadoop-hdds-container-service/0.5.0-SNAPSHOT/hadoop-hdds-container-service-0.5.0-SNAPSHOT.jar!/webapps/static,AVAILABLE}
2019-10-14 10:24:24,894 [main] INFO  handler.ContextHandler (ContextHandler.java:doStart(781)) - Started o.e.j.w.WebAppContext@6f91fbda{/,file:///tmp/jetty-0.0.0.0-43391-hddsDatanode-_-any-4152341581564271599.dir/webapp/,AVAILABLE}{/hddsDatanode}
2019-10-14 10:24:24,895 [main] INFO  server.AbstractConnector (AbstractConnector.java:doStart(278)) - Started ServerConnector@723e3c17{HTTP/1.1,[http/1.1]}{0.0.0.0:43391}
2019-10-14 10:24:24,897 [main] INFO  server.Server (Server.java:doStart(419)) - Started @234786ms
2019-10-14 10:24:24,897 [main] WARN  impl.MetricsSystemImpl (MetricsSystemImpl.java:register(276)) - Sink prometheus already exists!
2019-10-14 10:24:24,898 [main] INFO  server.BaseHttpServer (BaseHttpServer.java:updateConnectorAddress(215)) - HTTP server of HDDSDATANODE is listening at http://0.0.0.0:43391
2019-10-14 10:24:24,898 [main] INFO  impl.MetricsSystemImpl (MetricsSystemImpl.java:init(158)) - HddsDatanode metrics system started (again)
2019-10-14 10:24:24,914 [org.apache.hadoop.util.JvmPauseMonitor$Monitor@5e52822d] INFO  util.JvmPauseMonitor (JvmPauseMonitor.java:run(188)) - Starting JVM pause monitor
2019-10-14 10:24:24,915 [main] INFO  ozone.HddsDatanodeService (HddsDatanodeService.java:start(184)) - HddsDatanodeService host:pr-hdds-2295-pn7hw-3586430783 ip:192.168.151.98
2019-10-14 10:24:24,915 [Datanode State Machine Thread - 0] INFO  datanode.InitDatanodeState (InitDatanodeState.java:persistContainerDatanodeDetails(140)) - DatanodeDetails is persisted to /workdir/hadoop-ozone/integration-test/target/test-dir/MiniOzoneClusterImpl-f30111d8-2c27-4339-bd0d-42f9ef7787c8/datanode-1/meta/datanode.id
2019-10-14 10:24:24,922 [main] INFO  volume.HddsVolume (HddsVolume.java:<init>(176)) - Creating Volume: /workdir/hadoop-ozone/integration-test/target/test-dir/MiniOzoneClusterImpl-f30111d8-2c27-4339-bd0d-42f9ef7787c8/datanode-2/data/containers/hdds of  storage type : DISK and capacity : 1482555576320
2019-10-14 10:24:24,922 [main] INFO  volume.VolumeSet (VolumeSet.java:initializeVolumeSet(170)) - Added Volume : /workdir/hadoop-ozone/integration-test/target/test-dir/MiniOzoneClusterImpl-f30111d8-2c27-4339-bd0d-42f9ef7787c8/datanode-2/data/containers/hdds to VolumeSet
2019-10-14 10:24:24,923 [main] INFO  volume.ThrottledAsyncChecker (ThrottledAsyncChecker.java:schedule(141)) - Scheduling a check for org.apache.hadoop.ozone.container.common.volume.HddsVolume@64656b9e
2019-10-14 10:24:24,923 [main] INFO  volume.HddsVolumeChecker (HddsVolumeChecker.java:checkAllVolumes(204)) - Scheduled health check for volume org.apache.hadoop.ozone.container.common.volume.HddsVolume@64656b9e
2019-10-14 10:24:24,935 [main] INFO  impl.RaftServerProxy (ConfUtils.java:logGet(43)) - raft.rpc.type = GRPC (default)
2019-10-14 10:24:24,935 [main] INFO  grpc.GrpcFactory (GrpcFactory.java:checkPooledByteBufAllocatorUseCacheForAllThreads(45)) - PERFORMANCE WARNING: useCacheForAllThreads is true that may cause Netty to create a lot garbage objects and, as a result, trigger GC.
	It is recommended to disable useCacheForAllThreads by setting -Dorg.apache.ratis.thirdparty.io.netty.allocator.useCacheForAllThreads=false in command line.
2019-10-14 10:24:24,936 [main] INFO  grpc.GrpcConfigKeys$Server (ConfUtils.java:logGet(43)) - raft.grpc.server.port = 0 (default)
2019-10-14 10:24:24,936 [main] INFO  server.GrpcService (ConfUtils.java:logGet(43)) - raft.grpc.message.size.max = 33570816 (custom)
2019-10-14 10:24:24,936 [main] INFO  server.RaftServerConfigKeys (ConfUtils.java:logGet(43)) - raft.server.log.appender.buffer.byte-limit = 33554432 (custom)
2019-10-14 10:24:24,936 [main] INFO  server.GrpcService (ConfUtils.java:logGet(43)) - raft.grpc.flow.control.window = 1MB (=1048576) (default)
2019-10-14 10:24:24,936 [main] INFO  server.RaftServerConfigKeys (ConfUtils.java:logGet(43)) - raft.server.rpc.request.timeout = 3000ms (default)
2019-10-14 10:24:24,937 [main] INFO  server.RaftServerConfigKeys (ConfUtils.java:logGet(43)) - raft.server.storage.dir = [/workdir/hadoop-ozone/integration-test/target/test-dir/MiniOzoneClusterImpl-f30111d8-2c27-4339-bd0d-42f9ef7787c8/datanode-2/data/ratis] (custom)
2019-10-14 10:24:24,938 [main] INFO  hdfs.DFSUtil (DFSUtil.java:httpServerTemplateForNNAndJN(1641)) - Starting Web-server for hddsDatanode at: http://0.0.0.0:0
2019-10-14 10:24:24,939 [main] INFO  server.AuthenticationFilter (AuthenticationFilter.java:constructSecretProvider(240)) - Unable to initialize FileSignerSecretProvider, falling back to use random secrets.
2019-10-14 10:24:24,939 [main] WARN  http.HttpRequestLog (HttpRequestLog.java:getRequestLog(97)) - Jetty request log can only be enabled using Log4j
2019-10-14 10:24:24,941 [main] INFO  http.HttpServer2 (HttpServer2.java:addGlobalFilter(975)) - Added global filter 'safety' (class=org.apache.hadoop.http.HttpServer2$QuotingInputFilter)
2019-10-14 10:24:24,941 [main] INFO  http.HttpServer2 (HttpServer2.java:addFilter(948)) - Added filter static_user_filter (class=org.apache.hadoop.http.lib.StaticUserWebFilter$StaticUserFilter) to context hddsDatanode
2019-10-14 10:24:24,941 [main] INFO  http.HttpServer2 (HttpServer2.java:addFilter(958)) - Added filter static_user_filter (class=org.apache.hadoop.http.lib.StaticUserWebFilter$StaticUserFilter) to context logs
2019-10-14 10:24:24,941 [main] INFO  http.HttpServer2 (HttpServer2.java:addFilter(958)) - Added filter static_user_filter (class=org.apache.hadoop.http.lib.StaticUserWebFilter$StaticUserFilter) to context static
2019-10-14 10:24:24,942 [main] INFO  http.HttpServer2 (HttpServer2.java:bindListener(1191)) - Jetty bound to port 45820
2019-10-14 10:24:24,942 [main] INFO  server.Server (Server.java:doStart(351)) - jetty-9.3.25.v20180904, build timestamp: 2018-09-04T21:11:46Z, git hash: 3ce520221d0240229c862b122d2b06c12a625732
2019-10-14 10:24:24,943 [main] INFO  handler.ContextHandler (ContextHandler.java:doStart(781)) - Started o.e.j.s.ServletContextHandler@4837f97e{/logs,file:///workdir/hadoop-ozone/integration-test/target/log,AVAILABLE}
2019-10-14 10:24:24,944 [main] INFO  handler.ContextHandler (ContextHandler.java:doStart(781)) - Started o.e.j.s.ServletContextHandler@62a6674f{/static,jar:file:/home/user/.m2/repository/org/apache/hadoop/hadoop-hdds-container-service/0.5.0-SNAPSHOT/hadoop-hdds-container-service-0.5.0-SNAPSHOT.jar!/webapps/static,AVAILABLE}
2019-10-14 10:24:24,971 [main] INFO  handler.ContextHandler (ContextHandler.java:doStart(781)) - Started o.e.j.w.WebAppContext@38159384{/,file:///tmp/jetty-0.0.0.0-45820-hddsDatanode-_-any-5911219415040542795.dir/webapp/,AVAILABLE}{/hddsDatanode}
2019-10-14 10:24:24,971 [main] INFO  server.AbstractConnector (AbstractConnector.java:doStart(278)) - Started ServerConnector@55877274{HTTP/1.1,[http/1.1]}{0.0.0.0:45820}
2019-10-14 10:24:24,974 [main] INFO  server.Server (Server.java:doStart(419)) - Started @234862ms
2019-10-14 10:24:24,974 [main] WARN  impl.MetricsSystemImpl (MetricsSystemImpl.java:register(276)) - Sink prometheus already exists!
2019-10-14 10:24:24,975 [main] INFO  server.BaseHttpServer (BaseHttpServer.java:updateConnectorAddress(215)) - HTTP server of HDDSDATANODE is listening at http://0.0.0.0:45820
2019-10-14 10:24:24,975 [main] INFO  impl.MetricsSystemImpl (MetricsSystemImpl.java:init(158)) - HddsDatanode metrics system started (again)
2019-10-14 10:24:24,991 [org.apache.hadoop.util.JvmPauseMonitor$Monitor@109a0c81] INFO  util.JvmPauseMonitor (JvmPauseMonitor.java:run(188)) - Starting JVM pause monitor
2019-10-14 10:24:24,992 [Datanode State Machine Thread - 0] INFO  datanode.InitDatanodeState (InitDatanodeState.java:persistContainerDatanodeDetails(140)) - DatanodeDetails is persisted to /workdir/hadoop-ozone/integration-test/target/test-dir/MiniOzoneClusterImpl-f30111d8-2c27-4339-bd0d-42f9ef7787c8/datanode-2/meta/datanode.id
2019-10-14 10:24:24,994 [main] INFO  ozone.HddsDatanodeService (HddsDatanodeService.java:start(184)) - HddsDatanodeService host:pr-hdds-2295-pn7hw-3586430783 ip:192.168.151.98
2019-10-14 10:24:25,005 [main] INFO  volume.HddsVolume (HddsVolume.java:<init>(176)) - Creating Volume: /workdir/hadoop-ozone/integration-test/target/test-dir/MiniOzoneClusterImpl-f30111d8-2c27-4339-bd0d-42f9ef7787c8/datanode-3/data/containers/hdds of  storage type : DISK and capacity : 1482555576320
2019-10-14 10:24:25,005 [main] INFO  volume.VolumeSet (VolumeSet.java:initializeVolumeSet(170)) - Added Volume : /workdir/hadoop-ozone/integration-test/target/test-dir/MiniOzoneClusterImpl-f30111d8-2c27-4339-bd0d-42f9ef7787c8/datanode-3/data/containers/hdds to VolumeSet
2019-10-14 10:24:25,005 [main] INFO  volume.ThrottledAsyncChecker (ThrottledAsyncChecker.java:schedule(141)) - Scheduling a check for org.apache.hadoop.ozone.container.common.volume.HddsVolume@212fafd1
2019-10-14 10:24:25,006 [main] INFO  volume.HddsVolumeChecker (HddsVolumeChecker.java:checkAllVolumes(204)) - Scheduled health check for volume org.apache.hadoop.ozone.container.common.volume.HddsVolume@212fafd1
2019-10-14 10:24:25,024 [main] INFO  impl.RaftServerProxy (ConfUtils.java:logGet(43)) - raft.rpc.type = GRPC (default)
2019-10-14 10:24:25,024 [main] INFO  grpc.GrpcFactory (GrpcFactory.java:checkPooledByteBufAllocatorUseCacheForAllThreads(45)) - PERFORMANCE WARNING: useCacheForAllThreads is true that may cause Netty to create a lot garbage objects and, as a result, trigger GC.
	It is recommended to disable useCacheForAllThreads by setting -Dorg.apache.ratis.thirdparty.io.netty.allocator.useCacheForAllThreads=false in command line.
2019-10-14 10:24:25,025 [main] INFO  grpc.GrpcConfigKeys$Server (ConfUtils.java:logGet(43)) - raft.grpc.server.port = 0 (default)
2019-10-14 10:24:25,025 [main] INFO  server.GrpcService (ConfUtils.java:logGet(43)) - raft.grpc.message.size.max = 33570816 (custom)
2019-10-14 10:24:25,025 [main] INFO  server.RaftServerConfigKeys (ConfUtils.java:logGet(43)) - raft.server.log.appender.buffer.byte-limit = 33554432 (custom)
2019-10-14 10:24:25,026 [main] INFO  server.GrpcService (ConfUtils.java:logGet(43)) - raft.grpc.flow.control.window = 1MB (=1048576) (default)
2019-10-14 10:24:25,026 [main] INFO  server.RaftServerConfigKeys (ConfUtils.java:logGet(43)) - raft.server.rpc.request.timeout = 3000ms (default)
2019-10-14 10:24:25,026 [main] INFO  server.RaftServerConfigKeys (ConfUtils.java:logGet(43)) - raft.server.storage.dir = [/workdir/hadoop-ozone/integration-test/target/test-dir/MiniOzoneClusterImpl-f30111d8-2c27-4339-bd0d-42f9ef7787c8/datanode-3/data/ratis] (custom)
2019-10-14 10:24:25,027 [main] INFO  hdfs.DFSUtil (DFSUtil.java:httpServerTemplateForNNAndJN(1641)) - Starting Web-server for hddsDatanode at: http://0.0.0.0:0
2019-10-14 10:24:25,028 [main] INFO  server.AuthenticationFilter (AuthenticationFilter.java:constructSecretProvider(240)) - Unable to initialize FileSignerSecretProvider, falling back to use random secrets.
2019-10-14 10:24:25,029 [main] WARN  http.HttpRequestLog (HttpRequestLog.java:getRequestLog(97)) - Jetty request log can only be enabled using Log4j
2019-10-14 10:24:25,030 [main] INFO  http.HttpServer2 (HttpServer2.java:addGlobalFilter(975)) - Added global filter 'safety' (class=org.apache.hadoop.http.HttpServer2$QuotingInputFilter)
2019-10-14 10:24:25,031 [main] INFO  http.HttpServer2 (HttpServer2.java:addFilter(948)) - Added filter static_user_filter (class=org.apache.hadoop.http.lib.StaticUserWebFilter$StaticUserFilter) to context hddsDatanode
2019-10-14 10:24:25,031 [main] INFO  http.HttpServer2 (HttpServer2.java:addFilter(958)) - Added filter static_user_filter (class=org.apache.hadoop.http.lib.StaticUserWebFilter$StaticUserFilter) to context logs
2019-10-14 10:24:25,031 [main] INFO  http.HttpServer2 (HttpServer2.java:addFilter(958)) - Added filter static_user_filter (class=org.apache.hadoop.http.lib.StaticUserWebFilter$StaticUserFilter) to context static
2019-10-14 10:24:25,032 [main] INFO  http.HttpServer2 (HttpServer2.java:bindListener(1191)) - Jetty bound to port 39831
2019-10-14 10:24:25,032 [main] INFO  server.Server (Server.java:doStart(351)) - jetty-9.3.25.v20180904, build timestamp: 2018-09-04T21:11:46Z, git hash: 3ce520221d0240229c862b122d2b06c12a625732
2019-10-14 10:24:25,034 [main] INFO  handler.ContextHandler (ContextHandler.java:doStart(781)) - Started o.e.j.s.ServletContextHandler@1332dec4{/logs,file:///workdir/hadoop-ozone/integration-test/target/log,AVAILABLE}
2019-10-14 10:24:25,035 [main] INFO  handler.ContextHandler (ContextHandler.java:doStart(781)) - Started o.e.j.s.ServletContextHandler@6889f56f{/static,jar:file:/home/user/.m2/repository/org/apache/hadoop/hadoop-hdds-container-service/0.5.0-SNAPSHOT/hadoop-hdds-container-service-0.5.0-SNAPSHOT.jar!/webapps/static,AVAILABLE}
2019-10-14 10:24:25,073 [main] INFO  handler.ContextHandler (ContextHandler.java:doStart(781)) - Started o.e.j.w.WebAppContext@4def7d36{/,file:///tmp/jetty-0.0.0.0-39831-hddsDatanode-_-any-171369735235407739.dir/webapp/,AVAILABLE}{/hddsDatanode}
2019-10-14 10:24:25,073 [main] INFO  server.AbstractConnector (AbstractConnector.java:doStart(278)) - Started ServerConnector@43c7fe8a{HTTP/1.1,[http/1.1]}{0.0.0.0:39831}
2019-10-14 10:24:25,075 [main] INFO  server.Server (Server.java:doStart(419)) - Started @234964ms
2019-10-14 10:24:25,076 [main] WARN  impl.MetricsSystemImpl (MetricsSystemImpl.java:register(276)) - Sink prometheus already exists!
2019-10-14 10:24:25,076 [main] INFO  server.BaseHttpServer (BaseHttpServer.java:updateConnectorAddress(215)) - HTTP server of HDDSDATANODE is listening at http://0.0.0.0:39831
2019-10-14 10:24:25,077 [main] INFO  impl.MetricsSystemImpl (MetricsSystemImpl.java:init(158)) - HddsDatanode metrics system started (again)
2019-10-14 10:24:25,095 [org.apache.hadoop.util.JvmPauseMonitor$Monitor@712056ce] INFO  util.JvmPauseMonitor (JvmPauseMonitor.java:run(188)) - Starting JVM pause monitor
2019-10-14 10:24:25,096 [main] INFO  ozone.HddsDatanodeService (HddsDatanodeService.java:start(184)) - HddsDatanodeService host:pr-hdds-2295-pn7hw-3586430783 ip:192.168.151.98
2019-10-14 10:24:25,097 [Datanode State Machine Thread - 0] INFO  datanode.InitDatanodeState (InitDatanodeState.java:persistContainerDatanodeDetails(140)) - DatanodeDetails is persisted to /workdir/hadoop-ozone/integration-test/target/test-dir/MiniOzoneClusterImpl-f30111d8-2c27-4339-bd0d-42f9ef7787c8/datanode-3/meta/datanode.id
2019-10-14 10:24:25,105 [main] INFO  volume.HddsVolume (HddsVolume.java:<init>(176)) - Creating Volume: /workdir/hadoop-ozone/integration-test/target/test-dir/MiniOzoneClusterImpl-f30111d8-2c27-4339-bd0d-42f9ef7787c8/datanode-4/data/containers/hdds of  storage type : DISK and capacity : 1482555576320
2019-10-14 10:24:25,105 [main] INFO  volume.VolumeSet (VolumeSet.java:initializeVolumeSet(170)) - Added Volume : /workdir/hadoop-ozone/integration-test/target/test-dir/MiniOzoneClusterImpl-f30111d8-2c27-4339-bd0d-42f9ef7787c8/datanode-4/data/containers/hdds to VolumeSet
2019-10-14 10:24:25,105 [main] INFO  volume.ThrottledAsyncChecker (ThrottledAsyncChecker.java:schedule(141)) - Scheduling a check for org.apache.hadoop.ozone.container.common.volume.HddsVolume@3457cc8d
2019-10-14 10:24:25,106 [main] INFO  volume.HddsVolumeChecker (HddsVolumeChecker.java:checkAllVolumes(204)) - Scheduled health check for volume org.apache.hadoop.ozone.container.common.volume.HddsVolume@3457cc8d
2019-10-14 10:24:25,121 [main] INFO  impl.RaftServerProxy (ConfUtils.java:logGet(43)) - raft.rpc.type = GRPC (default)
2019-10-14 10:24:25,121 [main] INFO  grpc.GrpcFactory (GrpcFactory.java:checkPooledByteBufAllocatorUseCacheForAllThreads(45)) - PERFORMANCE WARNING: useCacheForAllThreads is true that may cause Netty to create a lot garbage objects and, as a result, trigger GC.
	It is recommended to disable useCacheForAllThreads by setting -Dorg.apache.ratis.thirdparty.io.netty.allocator.useCacheForAllThreads=false in command line.
2019-10-14 10:24:25,121 [main] INFO  grpc.GrpcConfigKeys$Server (ConfUtils.java:logGet(43)) - raft.grpc.server.port = 0 (default)
2019-10-14 10:24:25,122 [main] INFO  server.GrpcService (ConfUtils.java:logGet(43)) - raft.grpc.message.size.max = 33570816 (custom)
2019-10-14 10:24:25,122 [main] INFO  server.RaftServerConfigKeys (ConfUtils.java:logGet(43)) - raft.server.log.appender.buffer.byte-limit = 33554432 (custom)
2019-10-14 10:24:25,122 [main] INFO  server.GrpcService (ConfUtils.java:logGet(43)) - raft.grpc.flow.control.window = 1MB (=1048576) (default)
2019-10-14 10:24:25,122 [main] INFO  server.RaftServerConfigKeys (ConfUtils.java:logGet(43)) - raft.server.rpc.request.timeout = 3000ms (default)
2019-10-14 10:24:25,122 [main] INFO  server.RaftServerConfigKeys (ConfUtils.java:logGet(43)) - raft.server.storage.dir = [/workdir/hadoop-ozone/integration-test/target/test-dir/MiniOzoneClusterImpl-f30111d8-2c27-4339-bd0d-42f9ef7787c8/datanode-4/data/ratis] (custom)
2019-10-14 10:24:25,124 [main] INFO  hdfs.DFSUtil (DFSUtil.java:httpServerTemplateForNNAndJN(1641)) - Starting Web-server for hddsDatanode at: http://0.0.0.0:0
2019-10-14 10:24:25,125 [main] INFO  server.AuthenticationFilter (AuthenticationFilter.java:constructSecretProvider(240)) - Unable to initialize FileSignerSecretProvider, falling back to use random secrets.
2019-10-14 10:24:25,125 [main] WARN  http.HttpRequestLog (HttpRequestLog.java:getRequestLog(97)) - Jetty request log can only be enabled using Log4j
2019-10-14 10:24:25,126 [main] INFO  http.HttpServer2 (HttpServer2.java:addGlobalFilter(975)) - Added global filter 'safety' (class=org.apache.hadoop.http.HttpServer2$QuotingInputFilter)
2019-10-14 10:24:25,127 [main] INFO  http.HttpServer2 (HttpServer2.java:addFilter(948)) - Added filter static_user_filter (class=org.apache.hadoop.http.lib.StaticUserWebFilter$StaticUserFilter) to context hddsDatanode
2019-10-14 10:24:25,127 [main] INFO  http.HttpServer2 (HttpServer2.java:addFilter(958)) - Added filter static_user_filter (class=org.apache.hadoop.http.lib.StaticUserWebFilter$StaticUserFilter) to context logs
2019-10-14 10:24:25,127 [main] INFO  http.HttpServer2 (HttpServer2.java:addFilter(958)) - Added filter static_user_filter (class=org.apache.hadoop.http.lib.StaticUserWebFilter$StaticUserFilter) to context static
2019-10-14 10:24:25,127 [main] INFO  http.HttpServer2 (HttpServer2.java:bindListener(1191)) - Jetty bound to port 37448
2019-10-14 10:24:25,128 [main] INFO  server.Server (Server.java:doStart(351)) - jetty-9.3.25.v20180904, build timestamp: 2018-09-04T21:11:46Z, git hash: 3ce520221d0240229c862b122d2b06c12a625732
2019-10-14 10:24:25,129 [main] INFO  handler.ContextHandler (ContextHandler.java:doStart(781)) - Started o.e.j.s.ServletContextHandler@216c22ce{/logs,file:///workdir/hadoop-ozone/integration-test/target/log,AVAILABLE}
2019-10-14 10:24:25,130 [main] INFO  handler.ContextHandler (ContextHandler.java:doStart(781)) - Started o.e.j.s.ServletContextHandler@21e5f0b6{/static,jar:file:/home/user/.m2/repository/org/apache/hadoop/hadoop-hdds-container-service/0.5.0-SNAPSHOT/hadoop-hdds-container-service-0.5.0-SNAPSHOT.jar!/webapps/static,AVAILABLE}
2019-10-14 10:24:25,157 [main] INFO  handler.ContextHandler (ContextHandler.java:doStart(781)) - Started o.e.j.w.WebAppContext@63d677f5{/,file:///tmp/jetty-0.0.0.0-37448-hddsDatanode-_-any-7468569756774417656.dir/webapp/,AVAILABLE}{/hddsDatanode}
2019-10-14 10:24:25,158 [main] INFO  server.AbstractConnector (AbstractConnector.java:doStart(278)) - Started ServerConnector@71d55b7e{HTTP/1.1,[http/1.1]}{0.0.0.0:37448}
2019-10-14 10:24:25,160 [main] INFO  server.Server (Server.java:doStart(419)) - Started @235049ms
2019-10-14 10:24:25,160 [main] WARN  impl.MetricsSystemImpl (MetricsSystemImpl.java:register(276)) - Sink prometheus already exists!
2019-10-14 10:24:25,161 [main] INFO  server.BaseHttpServer (BaseHttpServer.java:updateConnectorAddress(215)) - HTTP server of HDDSDATANODE is listening at http://0.0.0.0:37448
2019-10-14 10:24:25,161 [main] INFO  impl.MetricsSystemImpl (MetricsSystemImpl.java:init(158)) - HddsDatanode metrics system started (again)
2019-10-14 10:24:25,181 [org.apache.hadoop.util.JvmPauseMonitor$Monitor@70178fbe] INFO  util.JvmPauseMonitor (JvmPauseMonitor.java:run(188)) - Starting JVM pause monitor
2019-10-14 10:24:25,183 [Datanode State Machine Thread - 0] INFO  datanode.InitDatanodeState (InitDatanodeState.java:persistContainerDatanodeDetails(140)) - DatanodeDetails is persisted to /workdir/hadoop-ozone/integration-test/target/test-dir/MiniOzoneClusterImpl-f30111d8-2c27-4339-bd0d-42f9ef7787c8/datanode-4/meta/datanode.id
2019-10-14 10:24:25,183 [main] INFO  ozone.HddsDatanodeService (HddsDatanodeService.java:start(184)) - HddsDatanodeService host:pr-hdds-2295-pn7hw-3586430783 ip:192.168.151.98
2019-10-14 10:24:25,192 [main] INFO  volume.HddsVolume (HddsVolume.java:<init>(176)) - Creating Volume: /workdir/hadoop-ozone/integration-test/target/test-dir/MiniOzoneClusterImpl-f30111d8-2c27-4339-bd0d-42f9ef7787c8/datanode-5/data/containers/hdds of  storage type : DISK and capacity : 1482555576320
2019-10-14 10:24:25,192 [main] INFO  volume.VolumeSet (VolumeSet.java:initializeVolumeSet(170)) - Added Volume : /workdir/hadoop-ozone/integration-test/target/test-dir/MiniOzoneClusterImpl-f30111d8-2c27-4339-bd0d-42f9ef7787c8/datanode-5/data/containers/hdds to VolumeSet
2019-10-14 10:24:25,192 [main] INFO  volume.ThrottledAsyncChecker (ThrottledAsyncChecker.java:schedule(141)) - Scheduling a check for org.apache.hadoop.ozone.container.common.volume.HddsVolume@4cc12db2
2019-10-14 10:24:25,192 [main] INFO  volume.HddsVolumeChecker (HddsVolumeChecker.java:checkAllVolumes(204)) - Scheduled health check for volume org.apache.hadoop.ozone.container.common.volume.HddsVolume@4cc12db2
2019-10-14 10:24:25,206 [main] INFO  impl.RaftServerProxy (ConfUtils.java:logGet(43)) - raft.rpc.type = GRPC (default)
2019-10-14 10:24:25,206 [main] INFO  grpc.GrpcFactory (GrpcFactory.java:checkPooledByteBufAllocatorUseCacheForAllThreads(45)) - PERFORMANCE WARNING: useCacheForAllThreads is true that may cause Netty to create a lot garbage objects and, as a result, trigger GC.
	It is recommended to disable useCacheForAllThreads by setting -Dorg.apache.ratis.thirdparty.io.netty.allocator.useCacheForAllThreads=false in command line.
2019-10-14 10:24:25,206 [main] INFO  grpc.GrpcConfigKeys$Server (ConfUtils.java:logGet(43)) - raft.grpc.server.port = 0 (default)
2019-10-14 10:24:25,206 [main] INFO  server.GrpcService (ConfUtils.java:logGet(43)) - raft.grpc.message.size.max = 33570816 (custom)
2019-10-14 10:24:25,206 [main] INFO  server.RaftServerConfigKeys (ConfUtils.java:logGet(43)) - raft.server.log.appender.buffer.byte-limit = 33554432 (custom)
2019-10-14 10:24:25,207 [main] INFO  server.GrpcService (ConfUtils.java:logGet(43)) - raft.grpc.flow.control.window = 1MB (=1048576) (default)
2019-10-14 10:24:25,207 [main] INFO  server.RaftServerConfigKeys (ConfUtils.java:logGet(43)) - raft.server.rpc.request.timeout = 3000ms (default)
2019-10-14 10:24:25,207 [main] INFO  server.RaftServerConfigKeys (ConfUtils.java:logGet(43)) - raft.server.storage.dir = [/workdir/hadoop-ozone/integration-test/target/test-dir/MiniOzoneClusterImpl-f30111d8-2c27-4339-bd0d-42f9ef7787c8/datanode-5/data/ratis] (custom)
2019-10-14 10:24:25,208 [main] INFO  hdfs.DFSUtil (DFSUtil.java:httpServerTemplateForNNAndJN(1641)) - Starting Web-server for hddsDatanode at: http://0.0.0.0:0
2019-10-14 10:24:25,210 [main] INFO  server.AuthenticationFilter (AuthenticationFilter.java:constructSecretProvider(240)) - Unable to initialize FileSignerSecretProvider, falling back to use random secrets.
2019-10-14 10:24:25,210 [main] WARN  http.HttpRequestLog (HttpRequestLog.java:getRequestLog(97)) - Jetty request log can only be enabled using Log4j
2019-10-14 10:24:25,211 [main] INFO  http.HttpServer2 (HttpServer2.java:addGlobalFilter(975)) - Added global filter 'safety' (class=org.apache.hadoop.http.HttpServer2$QuotingInputFilter)
2019-10-14 10:24:25,212 [main] INFO  http.HttpServer2 (HttpServer2.java:addFilter(948)) - Added filter static_user_filter (class=org.apache.hadoop.http.lib.StaticUserWebFilter$StaticUserFilter) to context hddsDatanode
2019-10-14 10:24:25,212 [main] INFO  http.HttpServer2 (HttpServer2.java:addFilter(958)) - Added filter static_user_filter (class=org.apache.hadoop.http.lib.StaticUserWebFilter$StaticUserFilter) to context static
2019-10-14 10:24:25,212 [main] INFO  http.HttpServer2 (HttpServer2.java:addFilter(958)) - Added filter static_user_filter (class=org.apache.hadoop.http.lib.StaticUserWebFilter$StaticUserFilter) to context logs
2019-10-14 10:24:25,213 [main] INFO  http.HttpServer2 (HttpServer2.java:bindListener(1191)) - Jetty bound to port 37494
2019-10-14 10:24:25,213 [main] INFO  server.Server (Server.java:doStart(351)) - jetty-9.3.25.v20180904, build timestamp: 2018-09-04T21:11:46Z, git hash: 3ce520221d0240229c862b122d2b06c12a625732
2019-10-14 10:24:25,215 [main] INFO  handler.ContextHandler (ContextHandler.java:doStart(781)) - Started o.e.j.s.ServletContextHandler@68e2d03e{/logs,file:///workdir/hadoop-ozone/integration-test/target/log,AVAILABLE}
2019-10-14 10:24:25,216 [main] INFO  handler.ContextHandler (ContextHandler.java:doStart(781)) - Started o.e.j.s.ServletContextHandler@32ab408e{/static,jar:file:/home/user/.m2/repository/org/apache/hadoop/hadoop-hdds-container-service/0.5.0-SNAPSHOT/hadoop-hdds-container-service-0.5.0-SNAPSHOT.jar!/webapps/static,AVAILABLE}
2019-10-14 10:24:25,247 [main] INFO  handler.ContextHandler (ContextHandler.java:doStart(781)) - Started o.e.j.w.WebAppContext@794240e2{/,file:///tmp/jetty-0.0.0.0-37494-hddsDatanode-_-any-6045362128832854036.dir/webapp/,AVAILABLE}{/hddsDatanode}
2019-10-14 10:24:25,247 [main] INFO  server.AbstractConnector (AbstractConnector.java:doStart(278)) - Started ServerConnector@74a820bf{HTTP/1.1,[http/1.1]}{0.0.0.0:37494}
2019-10-14 10:24:25,250 [main] INFO  server.Server (Server.java:doStart(419)) - Started @235138ms
2019-10-14 10:24:25,250 [main] WARN  impl.MetricsSystemImpl (MetricsSystemImpl.java:register(276)) - Sink prometheus already exists!
2019-10-14 10:24:25,251 [main] INFO  server.BaseHttpServer (BaseHttpServer.java:updateConnectorAddress(215)) - HTTP server of HDDSDATANODE is listening at http://0.0.0.0:37494
2019-10-14 10:24:25,251 [main] INFO  impl.MetricsSystemImpl (MetricsSystemImpl.java:init(158)) - HddsDatanode metrics system started (again)
2019-10-14 10:24:25,271 [org.apache.hadoop.util.JvmPauseMonitor$Monitor@5209fe1a] INFO  util.JvmPauseMonitor (JvmPauseMonitor.java:run(188)) - Starting JVM pause monitor
2019-10-14 10:24:25,272 [main] INFO  ozone.HddsDatanodeService (HddsDatanodeService.java:start(184)) - HddsDatanodeService host:pr-hdds-2295-pn7hw-3586430783 ip:192.168.151.98
2019-10-14 10:24:25,273 [Datanode State Machine Thread - 0] INFO  datanode.InitDatanodeState (InitDatanodeState.java:persistContainerDatanodeDetails(140)) - DatanodeDetails is persisted to /workdir/hadoop-ozone/integration-test/target/test-dir/MiniOzoneClusterImpl-f30111d8-2c27-4339-bd0d-42f9ef7787c8/datanode-5/meta/datanode.id
2019-10-14 10:24:25,288 [main] INFO  volume.HddsVolume (HddsVolume.java:<init>(176)) - Creating Volume: /workdir/hadoop-ozone/integration-test/target/test-dir/MiniOzoneClusterImpl-f30111d8-2c27-4339-bd0d-42f9ef7787c8/datanode-6/data/containers/hdds of  storage type : DISK and capacity : 1482555576320
2019-10-14 10:24:25,288 [main] INFO  volume.VolumeSet (VolumeSet.java:initializeVolumeSet(170)) - Added Volume : /workdir/hadoop-ozone/integration-test/target/test-dir/MiniOzoneClusterImpl-f30111d8-2c27-4339-bd0d-42f9ef7787c8/datanode-6/data/containers/hdds to VolumeSet
2019-10-14 10:24:25,288 [main] INFO  volume.ThrottledAsyncChecker (ThrottledAsyncChecker.java:schedule(141)) - Scheduling a check for org.apache.hadoop.ozone.container.common.volume.HddsVolume@70d4f672
2019-10-14 10:24:25,289 [main] INFO  volume.HddsVolumeChecker (HddsVolumeChecker.java:checkAllVolumes(204)) - Scheduled health check for volume org.apache.hadoop.ozone.container.common.volume.HddsVolume@70d4f672
2019-10-14 10:24:25,310 [main] INFO  impl.RaftServerProxy (ConfUtils.java:logGet(43)) - raft.rpc.type = GRPC (default)
2019-10-14 10:24:25,310 [main] INFO  grpc.GrpcFactory (GrpcFactory.java:checkPooledByteBufAllocatorUseCacheForAllThreads(45)) - PERFORMANCE WARNING: useCacheForAllThreads is true that may cause Netty to create a lot garbage objects and, as a result, trigger GC.
	It is recommended to disable useCacheForAllThreads by setting -Dorg.apache.ratis.thirdparty.io.netty.allocator.useCacheForAllThreads=false in command line.
2019-10-14 10:24:25,310 [main] INFO  grpc.GrpcConfigKeys$Server (ConfUtils.java:logGet(43)) - raft.grpc.server.port = 0 (default)
2019-10-14 10:24:25,310 [main] INFO  server.GrpcService (ConfUtils.java:logGet(43)) - raft.grpc.message.size.max = 33570816 (custom)
2019-10-14 10:24:25,311 [main] INFO  server.RaftServerConfigKeys (ConfUtils.java:logGet(43)) - raft.server.log.appender.buffer.byte-limit = 33554432 (custom)
2019-10-14 10:24:25,311 [main] INFO  server.GrpcService (ConfUtils.java:logGet(43)) - raft.grpc.flow.control.window = 1MB (=1048576) (default)
2019-10-14 10:24:25,311 [main] INFO  server.RaftServerConfigKeys (ConfUtils.java:logGet(43)) - raft.server.rpc.request.timeout = 3000ms (default)
2019-10-14 10:24:25,311 [main] INFO  server.RaftServerConfigKeys (ConfUtils.java:logGet(43)) - raft.server.storage.dir = [/workdir/hadoop-ozone/integration-test/target/test-dir/MiniOzoneClusterImpl-f30111d8-2c27-4339-bd0d-42f9ef7787c8/datanode-6/data/ratis] (custom)
2019-10-14 10:24:25,312 [main] INFO  hdfs.DFSUtil (DFSUtil.java:httpServerTemplateForNNAndJN(1641)) - Starting Web-server for hddsDatanode at: http://0.0.0.0:0
2019-10-14 10:24:25,313 [main] INFO  server.AuthenticationFilter (AuthenticationFilter.java:constructSecretProvider(240)) - Unable to initialize FileSignerSecretProvider, falling back to use random secrets.
2019-10-14 10:24:25,314 [main] WARN  http.HttpRequestLog (HttpRequestLog.java:getRequestLog(97)) - Jetty request log can only be enabled using Log4j
2019-10-14 10:24:25,315 [main] INFO  http.HttpServer2 (HttpServer2.java:addGlobalFilter(975)) - Added global filter 'safety' (class=org.apache.hadoop.http.HttpServer2$QuotingInputFilter)
2019-10-14 10:24:25,315 [main] INFO  http.HttpServer2 (HttpServer2.java:addFilter(948)) - Added filter static_user_filter (class=org.apache.hadoop.http.lib.StaticUserWebFilter$StaticUserFilter) to context hddsDatanode
2019-10-14 10:24:25,316 [main] INFO  http.HttpServer2 (HttpServer2.java:addFilter(958)) - Added filter static_user_filter (class=org.apache.hadoop.http.lib.StaticUserWebFilter$StaticUserFilter) to context static
2019-10-14 10:24:25,316 [main] INFO  http.HttpServer2 (HttpServer2.java:addFilter(958)) - Added filter static_user_filter (class=org.apache.hadoop.http.lib.StaticUserWebFilter$StaticUserFilter) to context logs
2019-10-14 10:24:25,316 [main] INFO  http.HttpServer2 (HttpServer2.java:bindListener(1191)) - Jetty bound to port 38346
2019-10-14 10:24:25,316 [main] INFO  server.Server (Server.java:doStart(351)) - jetty-9.3.25.v20180904, build timestamp: 2018-09-04T21:11:46Z, git hash: 3ce520221d0240229c862b122d2b06c12a625732
2019-10-14 10:24:25,318 [main] INFO  handler.ContextHandler (ContextHandler.java:doStart(781)) - Started o.e.j.s.ServletContextHandler@7781263c{/logs,file:///workdir/hadoop-ozone/integration-test/target/log,AVAILABLE}
2019-10-14 10:24:25,318 [main] INFO  handler.ContextHandler (ContextHandler.java:doStart(781)) - Started o.e.j.s.ServletContextHandler@3b5a19ed{/static,jar:file:/home/user/.m2/repository/org/apache/hadoop/hadoop-hdds-container-service/0.5.0-SNAPSHOT/hadoop-hdds-container-service-0.5.0-SNAPSHOT.jar!/webapps/static,AVAILABLE}
2019-10-14 10:24:25,344 [main] INFO  handler.ContextHandler (ContextHandler.java:doStart(781)) - Started o.e.j.w.WebAppContext@2d4a3e13{/,file:///tmp/jetty-0.0.0.0-38346-hddsDatanode-_-any-2636495363576762087.dir/webapp/,AVAILABLE}{/hddsDatanode}
2019-10-14 10:24:25,344 [main] INFO  server.AbstractConnector (AbstractConnector.java:doStart(278)) - Started ServerConnector@4a22e4d7{HTTP/1.1,[http/1.1]}{0.0.0.0:38346}
2019-10-14 10:24:25,347 [main] INFO  server.Server (Server.java:doStart(419)) - Started @235235ms
2019-10-14 10:24:25,347 [main] WARN  impl.MetricsSystemImpl (MetricsSystemImpl.java:register(276)) - Sink prometheus already exists!
2019-10-14 10:24:25,348 [main] INFO  server.BaseHttpServer (BaseHttpServer.java:updateConnectorAddress(215)) - HTTP server of HDDSDATANODE is listening at http://0.0.0.0:38346
2019-10-14 10:24:25,348 [main] INFO  ozone.MiniOzoneClusterImpl (MiniOzoneClusterImpl.java:lambda$waitForClusterToBeReady$0(147)) - Waiting for cluster to be ready. Got 0 of 7 DN Heartbeats.
2019-10-14 10:24:25,349 [org.apache.hadoop.util.JvmPauseMonitor$Monitor@45de0a36] INFO  util.JvmPauseMonitor (JvmPauseMonitor.java:run(188)) - Starting JVM pause monitor
2019-10-14 10:24:25,350 [Datanode State Machine Thread - 0] INFO  datanode.InitDatanodeState (InitDatanodeState.java:persistContainerDatanodeDetails(140)) - DatanodeDetails is persisted to /workdir/hadoop-ozone/integration-test/target/test-dir/MiniOzoneClusterImpl-f30111d8-2c27-4339-bd0d-42f9ef7787c8/datanode-6/meta/datanode.id
2019-10-14 10:24:25,707 [grpc-default-executor-2] WARN  server.GrpcLogAppender (LogUtils.java:warn(134)) - 514d7619-ced6-4f91-abef-7c941b49b03a@group-A2D2F2F5653F->71a3fedc-d6c8-4ada-8021-3efcd81af050-AppendLogResponseHandler: Failed appendEntries: org.apache.ratis.thirdparty.io.grpc.StatusRuntimeException: UNAVAILABLE: io exception
2019-10-14 10:24:25,707 [grpc-default-executor-3] WARN  server.GrpcLogAppender (LogUtils.java:warn(134)) - 514d7619-ced6-4f91-abef-7c941b49b03a@group-A2D2F2F5653F->9a7cd4fb-2149-444e-852a-606827ec4daf-AppendLogResponseHandler: Failed appendEntries: org.apache.ratis.thirdparty.io.grpc.StatusRuntimeException: UNAVAILABLE: io exception
2019-10-14 10:24:25,708 [grpc-default-executor-2] INFO  impl.FollowerInfo (FollowerInfo.java:lambda$new$0(51)) - 514d7619-ced6-4f91-abef-7c941b49b03a@group-A2D2F2F5653F->71a3fedc-d6c8-4ada-8021-3efcd81af050: nextIndex: updateUnconditionally 0 -> 0
2019-10-14 10:24:25,708 [grpc-default-executor-3] INFO  impl.FollowerInfo (FollowerInfo.java:lambda$new$0(51)) - 514d7619-ced6-4f91-abef-7c941b49b03a@group-A2D2F2F5653F->9a7cd4fb-2149-444e-852a-606827ec4daf: nextIndex: updateUnconditionally 0 -> 0
2019-10-14 10:24:26,348 [main] INFO  ozone.MiniOzoneClusterImpl (MiniOzoneClusterImpl.java:lambda$waitForClusterToBeReady$0(147)) - Waiting for cluster to be ready. Got 0 of 7 DN Heartbeats.
2019-10-14 10:24:26,918 [Datanode State Machine Thread - 0] INFO  ozoneimpl.OzoneContainer (OzoneContainer.java:start(213)) - Attempting to start container services.
2019-10-14 10:24:26,918 [Datanode State Machine Thread - 0] INFO  ozoneimpl.OzoneContainer (OzoneContainer.java:startContainerScrub(177)) - Background container scanner has been disabled.
2019-10-14 10:24:26,918 [Datanode State Machine Thread - 0] INFO  ratis.XceiverServerRatis (XceiverServerRatis.java:start(418)) - Starting XceiverServerRatis 00992991-c583-4119-98d8-1ee4a96d1469 at port 0
2019-10-14 10:24:26,925 [Datanode State Machine Thread - 0] INFO  impl.RaftServerProxy (RaftServerProxy.java:lambda$start$3(299)) - 00992991-c583-4119-98d8-1ee4a96d1469: start RPC server
2019-10-14 10:24:26,926 [Datanode State Machine Thread - 0] INFO  server.GrpcService (GrpcService.java:startImpl(158)) - 00992991-c583-4119-98d8-1ee4a96d1469: GrpcService started, listening on 0.0.0.0/0.0.0.0:41664
2019-10-14 10:24:26,926 [Datanode State Machine Thread - 0] INFO  ratis.XceiverServerRatis (XceiverServerRatis.java:start(428)) - XceiverServerRatis 00992991-c583-4119-98d8-1ee4a96d1469 is started using port 41664
2019-10-14 10:24:26,927 [Datanode State Machine Thread - 0] INFO  server.XceiverServerGrpc (XceiverServerGrpc.java:start(149)) - XceiverServerGrpc 00992991-c583-4119-98d8-1ee4a96d1469 is started using port 34946
2019-10-14 10:24:26,933 [Datanode State Machine Thread - 0] INFO  ozoneimpl.OzoneContainer (OzoneContainer.java:start(213)) - Attempting to start container services.
2019-10-14 10:24:26,933 [Datanode State Machine Thread - 0] INFO  ozoneimpl.OzoneContainer (OzoneContainer.java:startContainerScrub(177)) - Background container scanner has been disabled.
2019-10-14 10:24:26,933 [Datanode State Machine Thread - 0] INFO  ratis.XceiverServerRatis (XceiverServerRatis.java:start(418)) - Starting XceiverServerRatis 24b422b5-1a0c-4d00-9bb9-3f31def6177b at port 0
2019-10-14 10:24:26,937 [Datanode State Machine Thread - 0] INFO  impl.RaftServerProxy (RaftServerProxy.java:lambda$start$3(299)) - 24b422b5-1a0c-4d00-9bb9-3f31def6177b: start RPC server
2019-10-14 10:24:26,938 [Datanode State Machine Thread - 0] INFO  server.GrpcService (GrpcService.java:startImpl(158)) - 24b422b5-1a0c-4d00-9bb9-3f31def6177b: GrpcService started, listening on 0.0.0.0/0.0.0.0:34108
2019-10-14 10:24:26,938 [Datanode State Machine Thread - 0] INFO  ratis.XceiverServerRatis (XceiverServerRatis.java:start(428)) - XceiverServerRatis 24b422b5-1a0c-4d00-9bb9-3f31def6177b is started using port 34108
2019-10-14 10:24:26,941 [Datanode State Machine Thread - 0] INFO  server.XceiverServerGrpc (XceiverServerGrpc.java:start(149)) - XceiverServerGrpc 24b422b5-1a0c-4d00-9bb9-3f31def6177b is started using port 33944
2019-10-14 10:24:27,006 [Datanode State Machine Thread - 0] INFO  ozoneimpl.OzoneContainer (OzoneContainer.java:start(213)) - Attempting to start container services.
2019-10-14 10:24:27,006 [Datanode State Machine Thread - 0] INFO  ozoneimpl.OzoneContainer (OzoneContainer.java:startContainerScrub(177)) - Background container scanner has been disabled.
2019-10-14 10:24:27,006 [Datanode State Machine Thread - 0] INFO  ratis.XceiverServerRatis (XceiverServerRatis.java:start(418)) - Starting XceiverServerRatis 30efaf05-81ad-4a24-af9a-979d1ccf6f08 at port 0
2019-10-14 10:24:27,012 [Datanode State Machine Thread - 0] INFO  impl.RaftServerProxy (RaftServerProxy.java:lambda$start$3(299)) - 30efaf05-81ad-4a24-af9a-979d1ccf6f08: start RPC server
2019-10-14 10:24:27,016 [Datanode State Machine Thread - 0] INFO  server.GrpcService (GrpcService.java:startImpl(158)) - 30efaf05-81ad-4a24-af9a-979d1ccf6f08: GrpcService started, listening on 0.0.0.0/0.0.0.0:42713
2019-10-14 10:24:27,016 [Datanode State Machine Thread - 0] INFO  ratis.XceiverServerRatis (XceiverServerRatis.java:start(428)) - XceiverServerRatis 30efaf05-81ad-4a24-af9a-979d1ccf6f08 is started using port 42713
2019-10-14 10:24:27,016 [Datanode State Machine Thread - 0] INFO  server.XceiverServerGrpc (XceiverServerGrpc.java:start(149)) - XceiverServerGrpc 30efaf05-81ad-4a24-af9a-979d1ccf6f08 is started using port 40698
2019-10-14 10:24:27,109 [Datanode State Machine Thread - 0] INFO  ozoneimpl.OzoneContainer (OzoneContainer.java:start(213)) - Attempting to start container services.
2019-10-14 10:24:27,109 [Datanode State Machine Thread - 0] INFO  ozoneimpl.OzoneContainer (OzoneContainer.java:startContainerScrub(177)) - Background container scanner has been disabled.
2019-10-14 10:24:27,109 [Datanode State Machine Thread - 0] INFO  ratis.XceiverServerRatis (XceiverServerRatis.java:start(418)) - Starting XceiverServerRatis dd0835a3-7624-420b-b1a2-09507611bbb7 at port 0
2019-10-14 10:24:27,115 [Datanode State Machine Thread - 0] INFO  impl.RaftServerProxy (RaftServerProxy.java:lambda$start$3(299)) - dd0835a3-7624-420b-b1a2-09507611bbb7: start RPC server
2019-10-14 10:24:27,118 [Datanode State Machine Thread - 0] INFO  server.GrpcService (GrpcService.java:startImpl(158)) - dd0835a3-7624-420b-b1a2-09507611bbb7: GrpcService started, listening on 0.0.0.0/0.0.0.0:35770
2019-10-14 10:24:27,118 [Datanode State Machine Thread - 0] INFO  ratis.XceiverServerRatis (XceiverServerRatis.java:start(428)) - XceiverServerRatis dd0835a3-7624-420b-b1a2-09507611bbb7 is started using port 35770
2019-10-14 10:24:27,121 [Datanode State Machine Thread - 0] INFO  server.XceiverServerGrpc (XceiverServerGrpc.java:start(149)) - XceiverServerGrpc dd0835a3-7624-420b-b1a2-09507611bbb7 is started using port 42122
2019-10-14 10:24:27,204 [Datanode State Machine Thread - 0] INFO  ozoneimpl.OzoneContainer (OzoneContainer.java:start(213)) - Attempting to start container services.
2019-10-14 10:24:27,204 [Datanode State Machine Thread - 0] INFO  ozoneimpl.OzoneContainer (OzoneContainer.java:startContainerScrub(177)) - Background container scanner has been disabled.
2019-10-14 10:24:27,204 [Datanode State Machine Thread - 0] INFO  ratis.XceiverServerRatis (XceiverServerRatis.java:start(418)) - Starting XceiverServerRatis 9f64abef-eab3-4b53-8936-bc0621b49398 at port 0
2019-10-14 10:24:27,210 [Datanode State Machine Thread - 0] INFO  impl.RaftServerProxy (RaftServerProxy.java:lambda$start$3(299)) - 9f64abef-eab3-4b53-8936-bc0621b49398: start RPC server
2019-10-14 10:24:27,211 [Datanode State Machine Thread - 0] INFO  server.GrpcService (GrpcService.java:startImpl(158)) - 9f64abef-eab3-4b53-8936-bc0621b49398: GrpcService started, listening on 0.0.0.0/0.0.0.0:34938
2019-10-14 10:24:27,211 [Datanode State Machine Thread - 0] INFO  ratis.XceiverServerRatis (XceiverServerRatis.java:start(428)) - XceiverServerRatis 9f64abef-eab3-4b53-8936-bc0621b49398 is started using port 34938
2019-10-14 10:24:27,211 [Datanode State Machine Thread - 0] INFO  server.XceiverServerGrpc (XceiverServerGrpc.java:start(149)) - XceiverServerGrpc 9f64abef-eab3-4b53-8936-bc0621b49398 is started using port 39201
2019-10-14 10:24:27,286 [Datanode State Machine Thread - 0] INFO  ozoneimpl.OzoneContainer (OzoneContainer.java:start(213)) - Attempting to start container services.
2019-10-14 10:24:27,286 [Datanode State Machine Thread - 0] INFO  ozoneimpl.OzoneContainer (OzoneContainer.java:startContainerScrub(177)) - Background container scanner has been disabled.
2019-10-14 10:24:27,286 [Datanode State Machine Thread - 0] INFO  ratis.XceiverServerRatis (XceiverServerRatis.java:start(418)) - Starting XceiverServerRatis 3022df09-a630-41b4-8e27-d594d2eb25b1 at port 0
2019-10-14 10:24:27,293 [Datanode State Machine Thread - 0] INFO  impl.RaftServerProxy (RaftServerProxy.java:lambda$start$3(299)) - 3022df09-a630-41b4-8e27-d594d2eb25b1: start RPC server
2019-10-14 10:24:27,297 [Datanode State Machine Thread - 0] INFO  server.GrpcService (GrpcService.java:startImpl(158)) - 3022df09-a630-41b4-8e27-d594d2eb25b1: GrpcService started, listening on 0.0.0.0/0.0.0.0:40040
2019-10-14 10:24:27,297 [Datanode State Machine Thread - 0] INFO  ratis.XceiverServerRatis (XceiverServerRatis.java:start(428)) - XceiverServerRatis 3022df09-a630-41b4-8e27-d594d2eb25b1 is started using port 40040
2019-10-14 10:24:27,301 [Datanode State Machine Thread - 0] INFO  server.XceiverServerGrpc (XceiverServerGrpc.java:start(149)) - XceiverServerGrpc 3022df09-a630-41b4-8e27-d594d2eb25b1 is started using port 44363
2019-10-14 10:24:27,349 [main] INFO  ozone.MiniOzoneClusterImpl (MiniOzoneClusterImpl.java:lambda$waitForClusterToBeReady$0(147)) - Waiting for cluster to be ready. Got 0 of 7 DN Heartbeats.
2019-10-14 10:24:27,363 [Datanode State Machine Thread - 0] INFO  ozoneimpl.OzoneContainer (OzoneContainer.java:start(213)) - Attempting to start container services.
2019-10-14 10:24:27,364 [Datanode State Machine Thread - 0] INFO  ozoneimpl.OzoneContainer (OzoneContainer.java:startContainerScrub(177)) - Background container scanner has been disabled.
2019-10-14 10:24:27,364 [Datanode State Machine Thread - 0] INFO  ratis.XceiverServerRatis (XceiverServerRatis.java:start(418)) - Starting XceiverServerRatis 7745d681-1b56-4221-b4e7-6b323601d571 at port 0
2019-10-14 10:24:27,369 [Datanode State Machine Thread - 0] INFO  impl.RaftServerProxy (RaftServerProxy.java:lambda$start$3(299)) - 7745d681-1b56-4221-b4e7-6b323601d571: start RPC server
2019-10-14 10:24:27,387 [Datanode State Machine Thread - 0] INFO  server.GrpcService (GrpcService.java:startImpl(158)) - 7745d681-1b56-4221-b4e7-6b323601d571: GrpcService started, listening on 0.0.0.0/0.0.0.0:33563
2019-10-14 10:24:27,388 [Datanode State Machine Thread - 0] INFO  ratis.XceiverServerRatis (XceiverServerRatis.java:start(428)) - XceiverServerRatis 7745d681-1b56-4221-b4e7-6b323601d571 is started using port 33563
2019-10-14 10:24:27,388 [Datanode State Machine Thread - 0] INFO  server.XceiverServerGrpc (XceiverServerGrpc.java:start(149)) - XceiverServerGrpc 7745d681-1b56-4221-b4e7-6b323601d571 is started using port 39541
2019-10-14 10:24:28,209 [grpc-default-executor-2] WARN  server.GrpcLogAppender (LogUtils.java:warn(134)) - 514d7619-ced6-4f91-abef-7c941b49b03a@group-A2D2F2F5653F->9a7cd4fb-2149-444e-852a-606827ec4daf-AppendLogResponseHandler: Failed appendEntries: org.apache.ratis.thirdparty.io.grpc.StatusRuntimeException: UNAVAILABLE: io exception
2019-10-14 10:24:28,209 [grpc-default-executor-2] INFO  impl.FollowerInfo (FollowerInfo.java:lambda$new$0(51)) - 514d7619-ced6-4f91-abef-7c941b49b03a@group-A2D2F2F5653F->9a7cd4fb-2149-444e-852a-606827ec4daf: nextIndex: updateUnconditionally 0 -> 0
2019-10-14 10:24:28,210 [grpc-default-executor-2] WARN  server.GrpcLogAppender (LogUtils.java:warn(134)) - 514d7619-ced6-4f91-abef-7c941b49b03a@group-A2D2F2F5653F->71a3fedc-d6c8-4ada-8021-3efcd81af050-AppendLogResponseHandler: Failed appendEntries: org.apache.ratis.thirdparty.io.grpc.StatusRuntimeException: UNAVAILABLE: io exception
2019-10-14 10:24:28,210 [grpc-default-executor-2] INFO  impl.FollowerInfo (FollowerInfo.java:lambda$new$0(51)) - 514d7619-ced6-4f91-abef-7c941b49b03a@group-A2D2F2F5653F->71a3fedc-d6c8-4ada-8021-3efcd81af050: nextIndex: updateUnconditionally 0 -> 0
2019-10-14 10:24:28,349 [main] INFO  ozone.MiniOzoneClusterImpl (MiniOzoneClusterImpl.java:lambda$waitForClusterToBeReady$0(147)) - Waiting for cluster to be ready. Got 0 of 7 DN Heartbeats.
2019-10-14 10:24:28,844 [IPC Server handler 3 on 34739] INFO  net.NetworkTopology (NetworkTopologyImpl.java:add(111)) - Added a new node: /default-rack/00992991-c583-4119-98d8-1ee4a96d1469
2019-10-14 10:24:28,849 [IPC Server handler 3 on 34739] INFO  node.SCMNodeManager (SCMNodeManager.java:register(268)) - Registered Data node : 00992991-c583-4119-98d8-1ee4a96d1469{ip: 192.168.151.98, host: pr-hdds-2295-pn7hw-3586430783, networkLocation: /default-rack, certSerialId: null}
2019-10-14 10:24:28,850 [EventQueue-NodeRegistrationContainerReportForDataNodeSafeModeRule] INFO  safemode.SCMSafeModeManager (DataNodeSafeModeRule.java:process(71)) - SCM in safe mode. 1 DataNodes registered, 1 required.
2019-10-14 10:24:28,854 [EventQueue-NodeRegistrationContainerReportForDataNodeSafeModeRule] INFO  safemode.SCMSafeModeManager (SCMSafeModeManager.java:validateSafeModeExitRules(177)) - ScmSafeModeManager, all rules are successfully validated
2019-10-14 10:24:28,854 [EventQueue-NodeRegistrationContainerReportForDataNodeSafeModeRule] INFO  safemode.SCMSafeModeManager (SCMSafeModeManager.java:exitSafeMode(193)) - SCM exiting safe mode.
2019-10-14 10:24:28,868 [grpc-default-executor-2] INFO  impl.RaftServerProxy (RaftServerProxy.java:addNew(89)) - 00992991-c583-4119-98d8-1ee4a96d1469: addNew group-720D37922FDB:[00992991-c583-4119-98d8-1ee4a96d1469:192.168.151.98:41664] returns group-720D37922FDB:java.util.concurrent.CompletableFuture@280ab6a4[Not completed]
2019-10-14 10:24:28,870 [pool-383-thread-1] INFO  impl.RaftServerImpl (RaftServerImpl.java:<init>(95)) - 00992991-c583-4119-98d8-1ee4a96d1469: new RaftServerImpl for group-720D37922FDB:[00992991-c583-4119-98d8-1ee4a96d1469:192.168.151.98:41664] with ContainerStateMachine:uninitialized
2019-10-14 10:24:28,870 [pool-383-thread-1] INFO  server.RaftServerConfigKeys (ConfUtils.java:logGet(43)) - raft.server.rpc.timeout.min = 5s (custom)
2019-10-14 10:24:28,870 [pool-383-thread-1] INFO  server.RaftServerConfigKeys (ConfUtils.java:logGet(43)) - raft.server.rpc.timeout.max = 5200ms (custom)
2019-10-14 10:24:28,870 [pool-383-thread-1] INFO  server.RaftServerConfigKeys (ConfUtils.java:logGet(43)) - raft.server.rpcslowness.timeout = 120s (custom)
2019-10-14 10:24:28,870 [pool-383-thread-1] INFO  server.RaftServerConfigKeys (ConfUtils.java:logGet(43)) - raft.server.sleep.deviation.threshold = 300 (default)
2019-10-14 10:24:28,870 [pool-383-thread-1] INFO  server.RaftServerConfigKeys (ConfUtils.java:logGet(43)) - raft.server.log.appender.install.snapshot.enabled = false (custom)
2019-10-14 10:24:28,871 [pool-383-thread-1] INFO  impl.RaftServerImpl (ServerState.java:<init>(103)) - 00992991-c583-4119-98d8-1ee4a96d1469@group-720D37922FDB: ConfigurationManager, init=-1: [00992991-c583-4119-98d8-1ee4a96d1469:192.168.151.98:41664], old=null, confs=<EMPTY_MAP>
2019-10-14 10:24:28,871 [pool-383-thread-1] INFO  server.RaftServerConfigKeys (ConfUtils.java:logGet(43)) - raft.server.storage.dir = [/workdir/hadoop-ozone/integration-test/target/test-dir/MiniOzoneClusterImpl-f30111d8-2c27-4339-bd0d-42f9ef7787c8/datanode-0/data/ratis] (custom)
2019-10-14 10:24:28,871 [pool-383-thread-1] INFO  server.RaftServerConfigKeys (ConfUtils.java:logGet(43)) - raft.server.log.corruption.policy = EXCEPTION (default)
2019-10-14 10:24:28,871 [pool-383-thread-1] INFO  storage.RaftStorageDirectory (RaftStorageDirectory.java:analyzeStorage(246)) - The storage directory /workdir/hadoop-ozone/integration-test/target/test-dir/MiniOzoneClusterImpl-f30111d8-2c27-4339-bd0d-42f9ef7787c8/datanode-0/data/ratis/8251ecbc-7f0d-469e-bff1-720d37922fdb does not exist. Creating ...
2019-10-14 10:24:28,894 [pool-383-thread-1] INFO  storage.RaftStorageDirectory (RaftStorageDirectory.java:tryLock(328)) - Lock on /workdir/hadoop-ozone/integration-test/target/test-dir/MiniOzoneClusterImpl-f30111d8-2c27-4339-bd0d-42f9ef7787c8/datanode-0/data/ratis/8251ecbc-7f0d-469e-bff1-720d37922fdb/in_use.lock acquired by nodename 15900@pr-hdds-2295-pn7hw-3586430783
2019-10-14 10:24:28,915 [IPC Server handler 6 on 34739] INFO  net.NetworkTopology (NetworkTopologyImpl.java:add(111)) - Added a new node: /default-rack/24b422b5-1a0c-4d00-9bb9-3f31def6177b
2019-10-14 10:24:28,916 [IPC Server handler 6 on 34739] INFO  node.SCMNodeManager (SCMNodeManager.java:register(268)) - Registered Data node : 24b422b5-1a0c-4d00-9bb9-3f31def6177b{ip: 192.168.151.98, host: pr-hdds-2295-pn7hw-3586430783, networkLocation: /default-rack, certSerialId: null}
2019-10-14 10:24:28,925 [pool-383-thread-1] INFO  storage.RaftStorage (RaftStorage.java:format(84)) - Storage directory /workdir/hadoop-ozone/integration-test/target/test-dir/MiniOzoneClusterImpl-f30111d8-2c27-4339-bd0d-42f9ef7787c8/datanode-0/data/ratis/8251ecbc-7f0d-469e-bff1-720d37922fdb has been successfully formatted.
2019-10-14 10:24:28,926 [pool-383-thread-1] INFO  ratis.ContainerStateMachine (ContainerStateMachine.java:loadSnapshot(231)) - group-720D37922FDB: The snapshot info is null. Setting the last applied indexto:(t:0, i:~)
2019-10-14 10:24:28,926 [pool-383-thread-1] INFO  server.RaftServerConfigKeys (ConfUtils.java:logGet(43)) - raft.server.notification.no-leader.timeout = 120s (custom)
2019-10-14 10:24:28,926 [pool-383-thread-1] INFO  server.RaftServerConfigKeys (ConfUtils.java:logGet(43)) - raft.server.log.use.memory = false (default)
2019-10-14 10:24:28,926 [pool-383-thread-1] INFO  server.RaftServerConfigKeys (ConfUtils.java:logGet(43)) - raft.server.log.purge.gap = 1000000 (custom)
2019-10-14 10:24:28,926 [pool-383-thread-1] INFO  server.RaftServerConfigKeys (ConfUtils.java:logGet(43)) - raft.server.log.appender.buffer.byte-limit = 33554432 (custom)
2019-10-14 10:24:28,927 [pool-383-thread-1] INFO  server.RaftServerConfigKeys (ConfUtils.java:logGet(43)) - raft.server.log.segment.size.max = 1048576 (custom)
2019-10-14 10:24:28,928 [pool-383-thread-1] INFO  server.RaftServerConfigKeys (ConfUtils.java:logGet(43)) - raft.server.log.segment.cache.num.max = 2 (custom)
2019-10-14 10:24:28,929 [pool-383-thread-1] INFO  segmented.SegmentedRaftLogWorker (SegmentedRaftLogWorker.java:<init>(173)) - new 00992991-c583-4119-98d8-1ee4a96d1469@group-720D37922FDB-SegmentedRaftLogWorker for RaftStorage:Storage Directory /workdir/hadoop-ozone/integration-test/target/test-dir/MiniOzoneClusterImpl-f30111d8-2c27-4339-bd0d-42f9ef7787c8/datanode-0/data/ratis/8251ecbc-7f0d-469e-bff1-720d37922fdb
2019-10-14 10:24:28,929 [pool-383-thread-1] INFO  server.RaftServerConfigKeys (ConfUtils.java:logGet(43)) - raft.server.log.queue.byte-limit = 2147483647 (custom)
2019-10-14 10:24:28,929 [pool-383-thread-1] INFO  server.RaftServerConfigKeys (ConfUtils.java:logGet(43)) - raft.server.log.queue.element-limit = 1024 (custom)
2019-10-14 10:24:28,929 [pool-383-thread-1] INFO  server.RaftServerConfigKeys (ConfUtils.java:logGet(43)) - raft.server.log.segment.size.max = 1048576 (custom)
2019-10-14 10:24:28,929 [pool-383-thread-1] INFO  server.RaftServerConfigKeys (ConfUtils.java:logGet(43)) - raft.server.log.preallocated.size = 16384 (custom)
2019-10-14 10:24:28,929 [pool-383-thread-1] INFO  server.RaftServerConfigKeys (ConfUtils.java:logGet(43)) - raft.server.log.write.buffer.size = 33554432 (custom)
2019-10-14 10:24:28,929 [pool-383-thread-1] INFO  server.RaftServerConfigKeys (ConfUtils.java:logGet(43)) - raft.server.log.force.sync.num = 128 (default)
2019-10-14 10:24:28,929 [pool-383-thread-1] INFO  server.RaftServerConfigKeys (ConfUtils.java:logGet(43)) - raft.server.log.statemachine.data.sync = true (default)
2019-10-14 10:24:28,930 [pool-383-thread-1] INFO  server.RaftServerConfigKeys (ConfUtils.java:logGet(43)) - raft.server.log.statemachine.data.sync.timeout = 10s (default)
2019-10-14 10:24:28,930 [pool-383-thread-1] INFO  server.RaftServerConfigKeys (ConfUtils.java:logGet(43)) - raft.server.log.statemachine.data.sync.timeout.retry = -1 (default)
2019-10-14 10:24:28,930 [pool-383-thread-1] INFO  server.RaftServerConfigKeys (ConfUtils.java:logGet(43)) - raft.server.log.statemachine.data.caching.enabled = true (custom)
2019-10-14 10:24:28,930 [pool-383-thread-1] INFO  segmented.SegmentedRaftLogWorker (SegmentedRaftLogWorker.java:lambda$new$0(128)) - 00992991-c583-4119-98d8-1ee4a96d1469@group-720D37922FDB-SegmentedRaftLogWorker: flushIndex: setUnconditionally 0 -> -1
2019-10-14 10:24:28,931 [pool-383-thread-1] INFO  server.RaftServerConfigKeys (ConfUtils.java:logGet(43)) - raft.server.snapshot.auto.trigger.enabled = true (custom)
2019-10-14 10:24:28,931 [pool-383-thread-1] INFO  server.RaftServerConfigKeys (ConfUtils.java:logGet(43)) - raft.server.snapshot.auto.trigger.threshold = 10000 (custom)
2019-10-14 10:24:28,931 [pool-383-thread-1] INFO  server.RaftServerConfigKeys (ConfUtils.java:logGet(43)) - raft.server.snapshot.retention.file.num = 5 (custom)
2019-10-14 10:24:28,931 [pool-383-thread-1] INFO  server.RaftServerConfigKeys (ConfUtils.java:logGet(43)) - raft.server.retrycache.expirytime = 600000ms (custom)
2019-10-14 10:24:28,933 [pool-383-thread-1] INFO  impl.RaftServerImpl (RaftServerImpl.java:start(181)) - 00992991-c583-4119-98d8-1ee4a96d1469@group-720D37922FDB: start as a follower, conf=-1: [00992991-c583-4119-98d8-1ee4a96d1469:192.168.151.98:41664], old=null
2019-10-14 10:24:28,933 [pool-383-thread-1] INFO  impl.RaftServerImpl (RaftServerImpl.java:setRole(170)) - 00992991-c583-4119-98d8-1ee4a96d1469@group-720D37922FDB: changes role from      null to FOLLOWER at term 0 for startAsFollower
2019-10-14 10:24:28,933 [pool-383-thread-1] INFO  impl.RoleInfo (RoleInfo.java:updateAndGet(143)) - 00992991-c583-4119-98d8-1ee4a96d1469: start FollowerState
2019-10-14 10:24:28,933 [pool-383-thread-1] INFO  util.JmxRegister (JmxRegister.java:tryRegister(44)) - Successfully registered JMX Bean with object name Ratis:service=RaftServer,group=group-720D37922FDB,id=00992991-c583-4119-98d8-1ee4a96d1469
2019-10-14 10:24:28,938 [RatisPipelineUtilsThread] INFO  pipeline.PipelineStateManager (PipelineStateManager.java:addPipeline(56)) - Created pipeline Pipeline[ Id: 8251ecbc-7f0d-469e-bff1-720d37922fdb, Nodes: 00992991-c583-4119-98d8-1ee4a96d1469{ip: 192.168.151.98, host: pr-hdds-2295-pn7hw-3586430783, networkLocation: /default-rack, certSerialId: null}, Type:RATIS, Factor:ONE, State:OPEN]
2019-10-14 10:24:28,946 [grpc-default-executor-2] INFO  impl.RaftServerProxy (RaftServerProxy.java:addNew(89)) - 24b422b5-1a0c-4d00-9bb9-3f31def6177b: addNew group-253EDF4169C5:[24b422b5-1a0c-4d00-9bb9-3f31def6177b:192.168.151.98:34108] returns group-253EDF4169C5:java.util.concurrent.CompletableFuture@343c201b[Not completed]
2019-10-14 10:24:28,947 [pool-393-thread-1] INFO  impl.RaftServerImpl (RaftServerImpl.java:<init>(95)) - 24b422b5-1a0c-4d00-9bb9-3f31def6177b: new RaftServerImpl for group-253EDF4169C5:[24b422b5-1a0c-4d00-9bb9-3f31def6177b:192.168.151.98:34108] with ContainerStateMachine:uninitialized
2019-10-14 10:24:28,947 [pool-393-thread-1] INFO  server.RaftServerConfigKeys (ConfUtils.java:logGet(43)) - raft.server.rpc.timeout.min = 5s (custom)
2019-10-14 10:24:28,948 [pool-393-thread-1] INFO  server.RaftServerConfigKeys (ConfUtils.java:logGet(43)) - raft.server.rpc.timeout.max = 5200ms (custom)
2019-10-14 10:24:28,948 [pool-393-thread-1] INFO  server.RaftServerConfigKeys (ConfUtils.java:logGet(43)) - raft.server.rpcslowness.timeout = 120s (custom)
2019-10-14 10:24:28,948 [pool-393-thread-1] INFO  server.RaftServerConfigKeys (ConfUtils.java:logGet(43)) - raft.server.sleep.deviation.threshold = 300 (default)
2019-10-14 10:24:28,948 [pool-393-thread-1] INFO  server.RaftServerConfigKeys (ConfUtils.java:logGet(43)) - raft.server.log.appender.install.snapshot.enabled = false (custom)
2019-10-14 10:24:28,948 [pool-393-thread-1] INFO  impl.RaftServerImpl (ServerState.java:<init>(103)) - 24b422b5-1a0c-4d00-9bb9-3f31def6177b@group-253EDF4169C5: ConfigurationManager, init=-1: [24b422b5-1a0c-4d00-9bb9-3f31def6177b:192.168.151.98:34108], old=null, confs=<EMPTY_MAP>
2019-10-14 10:24:28,948 [pool-393-thread-1] INFO  server.RaftServerConfigKeys (ConfUtils.java:logGet(43)) - raft.server.storage.dir = [/workdir/hadoop-ozone/integration-test/target/test-dir/MiniOzoneClusterImpl-f30111d8-2c27-4339-bd0d-42f9ef7787c8/datanode-1/data/ratis] (custom)
2019-10-14 10:24:28,948 [pool-393-thread-1] INFO  server.RaftServerConfigKeys (ConfUtils.java:logGet(43)) - raft.server.log.corruption.policy = EXCEPTION (default)
2019-10-14 10:24:28,949 [pool-393-thread-1] INFO  storage.RaftStorageDirectory (RaftStorageDirectory.java:analyzeStorage(246)) - The storage directory /workdir/hadoop-ozone/integration-test/target/test-dir/MiniOzoneClusterImpl-f30111d8-2c27-4339-bd0d-42f9ef7787c8/datanode-1/data/ratis/60d74d42-f125-4ee7-91f6-253edf4169c5 does not exist. Creating ...
2019-10-14 10:24:28,956 [pool-393-thread-1] INFO  storage.RaftStorageDirectory (RaftStorageDirectory.java:tryLock(328)) - Lock on /workdir/hadoop-ozone/integration-test/target/test-dir/MiniOzoneClusterImpl-f30111d8-2c27-4339-bd0d-42f9ef7787c8/datanode-1/data/ratis/60d74d42-f125-4ee7-91f6-253edf4169c5/in_use.lock acquired by nodename 15900@pr-hdds-2295-pn7hw-3586430783
2019-10-14 10:24:28,969 [pool-393-thread-1] INFO  storage.RaftStorage (RaftStorage.java:format(84)) - Storage directory /workdir/hadoop-ozone/integration-test/target/test-dir/MiniOzoneClusterImpl-f30111d8-2c27-4339-bd0d-42f9ef7787c8/datanode-1/data/ratis/60d74d42-f125-4ee7-91f6-253edf4169c5 has been successfully formatted.
2019-10-14 10:24:28,969 [pool-393-thread-1] INFO  ratis.ContainerStateMachine (ContainerStateMachine.java:loadSnapshot(231)) - group-253EDF4169C5: The snapshot info is null. Setting the last applied indexto:(t:0, i:~)
2019-10-14 10:24:28,969 [pool-393-thread-1] INFO  server.RaftServerConfigKeys (ConfUtils.java:logGet(43)) - raft.server.notification.no-leader.timeout = 120s (custom)
2019-10-14 10:24:28,969 [pool-393-thread-1] INFO  server.RaftServerConfigKeys (ConfUtils.java:logGet(43)) - raft.server.log.use.memory = false (default)
2019-10-14 10:24:28,969 [pool-393-thread-1] INFO  server.RaftServerConfigKeys (ConfUtils.java:logGet(43)) - raft.server.log.purge.gap = 1000000 (custom)
2019-10-14 10:24:28,969 [pool-393-thread-1] INFO  server.RaftServerConfigKeys (ConfUtils.java:logGet(43)) - raft.server.log.appender.buffer.byte-limit = 33554432 (custom)
2019-10-14 10:24:28,970 [pool-393-thread-1] INFO  server.RaftServerConfigKeys (ConfUtils.java:logGet(43)) - raft.server.log.segment.size.max = 1048576 (custom)
2019-10-14 10:24:28,971 [pool-393-thread-1] INFO  server.RaftServerConfigKeys (ConfUtils.java:logGet(43)) - raft.server.log.segment.cache.num.max = 2 (custom)
2019-10-14 10:24:28,971 [pool-393-thread-1] INFO  segmented.SegmentedRaftLogWorker (SegmentedRaftLogWorker.java:<init>(173)) - new 24b422b5-1a0c-4d00-9bb9-3f31def6177b@group-253EDF4169C5-SegmentedRaftLogWorker for RaftStorage:Storage Directory /workdir/hadoop-ozone/integration-test/target/test-dir/MiniOzoneClusterImpl-f30111d8-2c27-4339-bd0d-42f9ef7787c8/datanode-1/data/ratis/60d74d42-f125-4ee7-91f6-253edf4169c5
2019-10-14 10:24:28,971 [pool-393-thread-1] INFO  server.RaftServerConfigKeys (ConfUtils.java:logGet(43)) - raft.server.log.queue.byte-limit = 2147483647 (custom)
2019-10-14 10:24:28,971 [pool-393-thread-1] INFO  server.RaftServerConfigKeys (ConfUtils.java:logGet(43)) - raft.server.log.queue.element-limit = 1024 (custom)
2019-10-14 10:24:28,971 [pool-393-thread-1] INFO  server.RaftServerConfigKeys (ConfUtils.java:logGet(43)) - raft.server.log.segment.size.max = 1048576 (custom)
2019-10-14 10:24:28,971 [pool-393-thread-1] INFO  server.RaftServerConfigKeys (ConfUtils.java:logGet(43)) - raft.server.log.preallocated.size = 16384 (custom)
2019-10-14 10:24:28,971 [pool-393-thread-1] INFO  server.RaftServerConfigKeys (ConfUtils.java:logGet(43)) - raft.server.log.write.buffer.size = 33554432 (custom)
2019-10-14 10:24:28,971 [pool-393-thread-1] INFO  server.RaftServerConfigKeys (ConfUtils.java:logGet(43)) - raft.server.log.force.sync.num = 128 (default)
2019-10-14 10:24:28,972 [pool-393-thread-1] INFO  server.RaftServerConfigKeys (ConfUtils.java:logGet(43)) - raft.server.log.statemachine.data.sync = true (default)
2019-10-14 10:24:28,972 [pool-393-thread-1] INFO  server.RaftServerConfigKeys (ConfUtils.java:logGet(43)) - raft.server.log.statemachine.data.sync.timeout = 10s (default)
2019-10-14 10:24:28,972 [pool-393-thread-1] INFO  server.RaftServerConfigKeys (ConfUtils.java:logGet(43)) - raft.server.log.statemachine.data.sync.timeout.retry = -1 (default)
2019-10-14 10:24:28,972 [pool-393-thread-1] INFO  server.RaftServerConfigKeys (ConfUtils.java:logGet(43)) - raft.server.log.statemachine.data.caching.enabled = true (custom)
2019-10-14 10:24:28,972 [pool-393-thread-1] INFO  segmented.SegmentedRaftLogWorker (SegmentedRaftLogWorker.java:lambda$new$0(128)) - 24b422b5-1a0c-4d00-9bb9-3f31def6177b@group-253EDF4169C5-SegmentedRaftLogWorker: flushIndex: setUnconditionally 0 -> -1
2019-10-14 10:24:28,973 [pool-393-thread-1] INFO  server.RaftServerConfigKeys (ConfUtils.java:logGet(43)) - raft.server.snapshot.auto.trigger.enabled = true (custom)
2019-10-14 10:24:28,973 [pool-393-thread-1] INFO  server.RaftServerConfigKeys (ConfUtils.java:logGet(43)) - raft.server.snapshot.auto.trigger.threshold = 10000 (custom)
2019-10-14 10:24:28,973 [pool-393-thread-1] INFO  server.RaftServerConfigKeys (ConfUtils.java:logGet(43)) - raft.server.snapshot.retention.file.num = 5 (custom)
2019-10-14 10:24:28,973 [pool-393-thread-1] INFO  server.RaftServerConfigKeys (ConfUtils.java:logGet(43)) - raft.server.retrycache.expirytime = 600000ms (custom)
2019-10-14 10:24:28,974 [pool-393-thread-1] INFO  impl.RaftServerImpl (RaftServerImpl.java:start(181)) - 24b422b5-1a0c-4d00-9bb9-3f31def6177b@group-253EDF4169C5: start as a follower, conf=-1: [24b422b5-1a0c-4d00-9bb9-3f31def6177b:192.168.151.98:34108], old=null
2019-10-14 10:24:28,974 [pool-393-thread-1] INFO  impl.RaftServerImpl (RaftServerImpl.java:setRole(170)) - 24b422b5-1a0c-4d00-9bb9-3f31def6177b@group-253EDF4169C5: changes role from      null to FOLLOWER at term 0 for startAsFollower
2019-10-14 10:24:28,974 [pool-393-thread-1] INFO  impl.RoleInfo (RoleInfo.java:updateAndGet(143)) - 24b422b5-1a0c-4d00-9bb9-3f31def6177b: start FollowerState
2019-10-14 10:24:28,975 [pool-393-thread-1] INFO  util.JmxRegister (JmxRegister.java:tryRegister(44)) - Successfully registered JMX Bean with object name Ratis:service=RaftServer,group=group-253EDF4169C5,id=24b422b5-1a0c-4d00-9bb9-3f31def6177b
2019-10-14 10:24:28,979 [RatisPipelineUtilsThread] INFO  pipeline.PipelineStateManager (PipelineStateManager.java:addPipeline(56)) - Created pipeline Pipeline[ Id: 60d74d42-f125-4ee7-91f6-253edf4169c5, Nodes: 24b422b5-1a0c-4d00-9bb9-3f31def6177b{ip: 192.168.151.98, host: pr-hdds-2295-pn7hw-3586430783, networkLocation: /default-rack, certSerialId: null}, Type:RATIS, Factor:ONE, State:OPEN]
2019-10-14 10:24:28,999 [IPC Server handler 2 on 34739] INFO  net.NetworkTopology (NetworkTopologyImpl.java:add(111)) - Added a new node: /default-rack/30efaf05-81ad-4a24-af9a-979d1ccf6f08
2019-10-14 10:24:28,999 [IPC Server handler 2 on 34739] INFO  node.SCMNodeManager (SCMNodeManager.java:register(268)) - Registered Data node : 30efaf05-81ad-4a24-af9a-979d1ccf6f08{ip: 192.168.151.98, host: pr-hdds-2295-pn7hw-3586430783, networkLocation: /default-rack, certSerialId: null}
2019-10-14 10:24:29,006 [grpc-default-executor-2] INFO  impl.RaftServerProxy (RaftServerProxy.java:addNew(89)) - 30efaf05-81ad-4a24-af9a-979d1ccf6f08: addNew group-194340685AC6:[30efaf05-81ad-4a24-af9a-979d1ccf6f08:192.168.151.98:42713] returns group-194340685AC6:java.util.concurrent.CompletableFuture@49169a4[Not completed]
2019-10-14 10:24:29,006 [pool-403-thread-1] INFO  impl.RaftServerImpl (RaftServerImpl.java:<init>(95)) - 30efaf05-81ad-4a24-af9a-979d1ccf6f08: new RaftServerImpl for group-194340685AC6:[30efaf05-81ad-4a24-af9a-979d1ccf6f08:192.168.151.98:42713] with ContainerStateMachine:uninitialized
2019-10-14 10:24:29,006 [pool-403-thread-1] INFO  server.RaftServerConfigKeys (ConfUtils.java:logGet(43)) - raft.server.rpc.timeout.min = 5s (custom)
2019-10-14 10:24:29,007 [pool-403-thread-1] INFO  server.RaftServerConfigKeys (ConfUtils.java:logGet(43)) - raft.server.rpc.timeout.max = 5200ms (custom)
2019-10-14 10:24:29,007 [pool-403-thread-1] INFO  server.RaftServerConfigKeys (ConfUtils.java:logGet(43)) - raft.server.rpcslowness.timeout = 120s (custom)
2019-10-14 10:24:29,007 [pool-403-thread-1] INFO  server.RaftServerConfigKeys (ConfUtils.java:logGet(43)) - raft.server.sleep.deviation.threshold = 300 (default)
2019-10-14 10:24:29,007 [pool-403-thread-1] INFO  server.RaftServerConfigKeys (ConfUtils.java:logGet(43)) - raft.server.log.appender.install.snapshot.enabled = false (custom)
2019-10-14 10:24:29,007 [pool-403-thread-1] INFO  impl.RaftServerImpl (ServerState.java:<init>(103)) - 30efaf05-81ad-4a24-af9a-979d1ccf6f08@group-194340685AC6: ConfigurationManager, init=-1: [30efaf05-81ad-4a24-af9a-979d1ccf6f08:192.168.151.98:42713], old=null, confs=<EMPTY_MAP>
2019-10-14 10:24:29,007 [pool-403-thread-1] INFO  server.RaftServerConfigKeys (ConfUtils.java:logGet(43)) - raft.server.storage.dir = [/workdir/hadoop-ozone/integration-test/target/test-dir/MiniOzoneClusterImpl-f30111d8-2c27-4339-bd0d-42f9ef7787c8/datanode-2/data/ratis] (custom)
2019-10-14 10:24:29,007 [pool-403-thread-1] INFO  server.RaftServerConfigKeys (ConfUtils.java:logGet(43)) - raft.server.log.corruption.policy = EXCEPTION (default)
2019-10-14 10:24:29,007 [pool-403-thread-1] INFO  storage.RaftStorageDirectory (RaftStorageDirectory.java:analyzeStorage(246)) - The storage directory /workdir/hadoop-ozone/integration-test/target/test-dir/MiniOzoneClusterImpl-f30111d8-2c27-4339-bd0d-42f9ef7787c8/datanode-2/data/ratis/5322c868-bbee-4e9a-b3dc-194340685ac6 does not exist. Creating ...
2019-10-14 10:24:29,032 [pool-403-thread-1] INFO  storage.RaftStorageDirectory (RaftStorageDirectory.java:tryLock(328)) - Lock on /workdir/hadoop-ozone/integration-test/target/test-dir/MiniOzoneClusterImpl-f30111d8-2c27-4339-bd0d-42f9ef7787c8/datanode-2/data/ratis/5322c868-bbee-4e9a-b3dc-194340685ac6/in_use.lock acquired by nodename 15900@pr-hdds-2295-pn7hw-3586430783
2019-10-14 10:24:29,046 [pool-403-thread-1] INFO  storage.RaftStorage (RaftStorage.java:format(84)) - Storage directory /workdir/hadoop-ozone/integration-test/target/test-dir/MiniOzoneClusterImpl-f30111d8-2c27-4339-bd0d-42f9ef7787c8/datanode-2/data/ratis/5322c868-bbee-4e9a-b3dc-194340685ac6 has been successfully formatted.
2019-10-14 10:24:29,046 [pool-403-thread-1] INFO  ratis.ContainerStateMachine (ContainerStateMachine.java:loadSnapshot(231)) - group-194340685AC6: The snapshot info is null. Setting the last applied indexto:(t:0, i:~)
2019-10-14 10:24:29,046 [pool-403-thread-1] INFO  server.RaftServerConfigKeys (ConfUtils.java:logGet(43)) - raft.server.notification.no-leader.timeout = 120s (custom)
2019-10-14 10:24:29,046 [pool-403-thread-1] INFO  server.RaftServerConfigKeys (ConfUtils.java:logGet(43)) - raft.server.log.use.memory = false (default)
2019-10-14 10:24:29,047 [pool-403-thread-1] INFO  server.RaftServerConfigKeys (ConfUtils.java:logGet(43)) - raft.server.log.purge.gap = 1000000 (custom)
2019-10-14 10:24:29,047 [pool-403-thread-1] INFO  server.RaftServerConfigKeys (ConfUtils.java:logGet(43)) - raft.server.log.appender.buffer.byte-limit = 33554432 (custom)
2019-10-14 10:24:29,047 [pool-403-thread-1] INFO  server.RaftServerConfigKeys (ConfUtils.java:logGet(43)) - raft.server.log.segment.size.max = 1048576 (custom)
2019-10-14 10:24:29,049 [pool-403-thread-1] INFO  server.RaftServerConfigKeys (ConfUtils.java:logGet(43)) - raft.server.log.segment.cache.num.max = 2 (custom)
2019-10-14 10:24:29,049 [pool-403-thread-1] INFO  segmented.SegmentedRaftLogWorker (SegmentedRaftLogWorker.java:<init>(173)) - new 30efaf05-81ad-4a24-af9a-979d1ccf6f08@group-194340685AC6-SegmentedRaftLogWorker for RaftStorage:Storage Directory /workdir/hadoop-ozone/integration-test/target/test-dir/MiniOzoneClusterImpl-f30111d8-2c27-4339-bd0d-42f9ef7787c8/datanode-2/data/ratis/5322c868-bbee-4e9a-b3dc-194340685ac6
2019-10-14 10:24:29,049 [pool-403-thread-1] INFO  server.RaftServerConfigKeys (ConfUtils.java:logGet(43)) - raft.server.log.queue.byte-limit = 2147483647 (custom)
2019-10-14 10:24:29,049 [pool-403-thread-1] INFO  server.RaftServerConfigKeys (ConfUtils.java:logGet(43)) - raft.server.log.queue.element-limit = 1024 (custom)
2019-10-14 10:24:29,049 [pool-403-thread-1] INFO  server.RaftServerConfigKeys (ConfUtils.java:logGet(43)) - raft.server.log.segment.size.max = 1048576 (custom)
2019-10-14 10:24:29,049 [pool-403-thread-1] INFO  server.RaftServerConfigKeys (ConfUtils.java:logGet(43)) - raft.server.log.preallocated.size = 16384 (custom)
2019-10-14 10:24:29,050 [pool-403-thread-1] INFO  server.RaftServerConfigKeys (ConfUtils.java:logGet(43)) - raft.server.log.write.buffer.size = 33554432 (custom)
2019-10-14 10:24:29,050 [pool-403-thread-1] INFO  server.RaftServerConfigKeys (ConfUtils.java:logGet(43)) - raft.server.log.force.sync.num = 128 (default)
2019-10-14 10:24:29,050 [pool-403-thread-1] INFO  server.RaftServerConfigKeys (ConfUtils.java:logGet(43)) - raft.server.log.statemachine.data.sync = true (default)
2019-10-14 10:24:29,050 [pool-403-thread-1] INFO  server.RaftServerConfigKeys (ConfUtils.java:logGet(43)) - raft.server.log.statemachine.data.sync.timeout = 10s (default)
2019-10-14 10:24:29,050 [pool-403-thread-1] INFO  server.RaftServerConfigKeys (ConfUtils.java:logGet(43)) - raft.server.log.statemachine.data.sync.timeout.retry = -1 (default)
2019-10-14 10:24:29,051 [pool-403-thread-1] INFO  server.RaftServerConfigKeys (ConfUtils.java:logGet(43)) - raft.server.log.statemachine.data.caching.enabled = true (custom)
2019-10-14 10:24:29,051 [pool-403-thread-1] INFO  segmented.SegmentedRaftLogWorker (SegmentedRaftLogWorker.java:lambda$new$0(128)) - 30efaf05-81ad-4a24-af9a-979d1ccf6f08@group-194340685AC6-SegmentedRaftLogWorker: flushIndex: setUnconditionally 0 -> -1
2019-10-14 10:24:29,051 [pool-403-thread-1] INFO  server.RaftServerConfigKeys (ConfUtils.java:logGet(43)) - raft.server.snapshot.auto.trigger.enabled = true (custom)
2019-10-14 10:24:29,051 [pool-403-thread-1] INFO  server.RaftServerConfigKeys (ConfUtils.java:logGet(43)) - raft.server.snapshot.auto.trigger.threshold = 10000 (custom)
2019-10-14 10:24:29,052 [pool-403-thread-1] INFO  server.RaftServerConfigKeys (ConfUtils.java:logGet(43)) - raft.server.snapshot.retention.file.num = 5 (custom)
2019-10-14 10:24:29,052 [pool-403-thread-1] INFO  server.RaftServerConfigKeys (ConfUtils.java:logGet(43)) - raft.server.retrycache.expirytime = 600000ms (custom)
2019-10-14 10:24:29,053 [pool-403-thread-1] INFO  impl.RaftServerImpl (RaftServerImpl.java:start(181)) - 30efaf05-81ad-4a24-af9a-979d1ccf6f08@group-194340685AC6: start as a follower, conf=-1: [30efaf05-81ad-4a24-af9a-979d1ccf6f08:192.168.151.98:42713], old=null
2019-10-14 10:24:29,053 [pool-403-thread-1] INFO  impl.RaftServerImpl (RaftServerImpl.java:setRole(170)) - 30efaf05-81ad-4a24-af9a-979d1ccf6f08@group-194340685AC6: changes role from      null to FOLLOWER at term 0 for startAsFollower
2019-10-14 10:24:29,054 [pool-403-thread-1] INFO  impl.RoleInfo (RoleInfo.java:updateAndGet(143)) - 30efaf05-81ad-4a24-af9a-979d1ccf6f08: start FollowerState
2019-10-14 10:24:29,054 [pool-403-thread-1] INFO  util.JmxRegister (JmxRegister.java:tryRegister(44)) - Successfully registered JMX Bean with object name Ratis:service=RaftServer,group=group-194340685AC6,id=30efaf05-81ad-4a24-af9a-979d1ccf6f08
2019-10-14 10:24:29,058 [RatisPipelineUtilsThread] INFO  pipeline.PipelineStateManager (PipelineStateManager.java:addPipeline(56)) - Created pipeline Pipeline[ Id: 5322c868-bbee-4e9a-b3dc-194340685ac6, Nodes: 30efaf05-81ad-4a24-af9a-979d1ccf6f08{ip: 192.168.151.98, host: pr-hdds-2295-pn7hw-3586430783, networkLocation: /default-rack, certSerialId: null}, Type:RATIS, Factor:ONE, State:OPEN]
2019-10-14 10:24:29,076 [grpc-default-executor-3] INFO  impl.RaftServerProxy (RaftServerProxy.java:addNew(89)) - 24b422b5-1a0c-4d00-9bb9-3f31def6177b: addNew group-FD0B8F39A534:[00992991-c583-4119-98d8-1ee4a96d1469:192.168.151.98:41664, 30efaf05-81ad-4a24-af9a-979d1ccf6f08:192.168.151.98:42713, 24b422b5-1a0c-4d00-9bb9-3f31def6177b:192.168.151.98:34108] returns group-FD0B8F39A534:java.util.concurrent.CompletableFuture@635f8ffc[Not completed]
2019-10-14 10:24:29,076 [grpc-default-executor-2] INFO  impl.RaftServerProxy (RaftServerProxy.java:addNew(89)) - 30efaf05-81ad-4a24-af9a-979d1ccf6f08: addNew group-FD0B8F39A534:[00992991-c583-4119-98d8-1ee4a96d1469:192.168.151.98:41664, 30efaf05-81ad-4a24-af9a-979d1ccf6f08:192.168.151.98:42713, 24b422b5-1a0c-4d00-9bb9-3f31def6177b:192.168.151.98:34108] returns group-FD0B8F39A534:java.util.concurrent.CompletableFuture@68c2cb2b[Not completed]
2019-10-14 10:24:29,076 [grpc-default-executor-7] INFO  impl.RaftServerProxy (RaftServerProxy.java:addNew(89)) - 00992991-c583-4119-98d8-1ee4a96d1469: addNew group-FD0B8F39A534:[00992991-c583-4119-98d8-1ee4a96d1469:192.168.151.98:41664, 30efaf05-81ad-4a24-af9a-979d1ccf6f08:192.168.151.98:42713, 24b422b5-1a0c-4d00-9bb9-3f31def6177b:192.168.151.98:34108] returns group-FD0B8F39A534:java.util.concurrent.CompletableFuture@4a4da45[Not completed]
2019-10-14 10:24:29,077 [pool-393-thread-1] INFO  impl.RaftServerImpl (RaftServerImpl.java:<init>(95)) - 24b422b5-1a0c-4d00-9bb9-3f31def6177b: new RaftServerImpl for group-FD0B8F39A534:[00992991-c583-4119-98d8-1ee4a96d1469:192.168.151.98:41664, 30efaf05-81ad-4a24-af9a-979d1ccf6f08:192.168.151.98:42713, 24b422b5-1a0c-4d00-9bb9-3f31def6177b:192.168.151.98:34108] with ContainerStateMachine:uninitialized
2019-10-14 10:24:29,077 [pool-393-thread-1] INFO  server.RaftServerConfigKeys (ConfUtils.java:logGet(43)) - raft.server.rpc.timeout.min = 5s (custom)
2019-10-14 10:24:29,077 [pool-393-thread-1] INFO  server.RaftServerConfigKeys (ConfUtils.java:logGet(43)) - raft.server.rpc.timeout.max = 5200ms (custom)
2019-10-14 10:24:29,077 [pool-393-thread-1] INFO  server.RaftServerConfigKeys (ConfUtils.java:logGet(43)) - raft.server.rpcslowness.timeout = 120s (custom)
2019-10-14 10:24:29,078 [pool-393-thread-1] INFO  server.RaftServerConfigKeys (ConfUtils.java:logGet(43)) - raft.server.sleep.deviation.threshold = 300 (default)
2019-10-14 10:24:29,078 [pool-393-thread-1] INFO  server.RaftServerConfigKeys (ConfUtils.java:logGet(43)) - raft.server.log.appender.install.snapshot.enabled = false (custom)
2019-10-14 10:24:29,078 [pool-403-thread-1] INFO  impl.RaftServerImpl (RaftServerImpl.java:<init>(95)) - 30efaf05-81ad-4a24-af9a-979d1ccf6f08: new RaftServerImpl for group-FD0B8F39A534:[00992991-c583-4119-98d8-1ee4a96d1469:192.168.151.98:41664, 30efaf05-81ad-4a24-af9a-979d1ccf6f08:192.168.151.98:42713, 24b422b5-1a0c-4d00-9bb9-3f31def6177b:192.168.151.98:34108] with ContainerStateMachine:uninitialized
2019-10-14 10:24:29,078 [pool-393-thread-1] INFO  impl.RaftServerImpl (ServerState.java:<init>(103)) - 24b422b5-1a0c-4d00-9bb9-3f31def6177b@group-FD0B8F39A534: ConfigurationManager, init=-1: [00992991-c583-4119-98d8-1ee4a96d1469:192.168.151.98:41664, 30efaf05-81ad-4a24-af9a-979d1ccf6f08:192.168.151.98:42713, 24b422b5-1a0c-4d00-9bb9-3f31def6177b:192.168.151.98:34108], old=null, confs=<EMPTY_MAP>
2019-10-14 10:24:29,078 [pool-383-thread-1] INFO  impl.RaftServerImpl (RaftServerImpl.java:<init>(95)) - 00992991-c583-4119-98d8-1ee4a96d1469: new RaftServerImpl for group-FD0B8F39A534:[00992991-c583-4119-98d8-1ee4a96d1469:192.168.151.98:41664, 30efaf05-81ad-4a24-af9a-979d1ccf6f08:192.168.151.98:42713, 24b422b5-1a0c-4d00-9bb9-3f31def6177b:192.168.151.98:34108] with ContainerStateMachine:uninitialized
2019-10-14 10:24:29,078 [pool-393-thread-1] INFO  server.RaftServerConfigKeys (ConfUtils.java:logGet(43)) - raft.server.storage.dir = [/workdir/hadoop-ozone/integration-test/target/test-dir/MiniOzoneClusterImpl-f30111d8-2c27-4339-bd0d-42f9ef7787c8/datanode-1/data/ratis] (custom)
2019-10-14 10:24:29,078 [pool-403-thread-1] INFO  server.RaftServerConfigKeys (ConfUtils.java:logGet(43)) - raft.server.rpc.timeout.min = 5s (custom)
2019-10-14 10:24:29,078 [pool-393-thread-1] INFO  server.RaftServerConfigKeys (ConfUtils.java:logGet(43)) - raft.server.log.corruption.policy = EXCEPTION (default)
2019-10-14 10:24:29,078 [pool-383-thread-1] INFO  server.RaftServerConfigKeys (ConfUtils.java:logGet(43)) - raft.server.rpc.timeout.min = 5s (custom)
2019-10-14 10:24:29,079 [pool-393-thread-1] INFO  storage.RaftStorageDirectory (RaftStorageDirectory.java:analyzeStorage(246)) - The storage directory /workdir/hadoop-ozone/integration-test/target/test-dir/MiniOzoneClusterImpl-f30111d8-2c27-4339-bd0d-42f9ef7787c8/datanode-1/data/ratis/863d6b1d-5b7f-429a-9e13-fd0b8f39a534 does not exist. Creating ...
2019-10-14 10:24:29,078 [pool-403-thread-1] INFO  server.RaftServerConfigKeys (ConfUtils.java:logGet(43)) - raft.server.rpc.timeout.max = 5200ms (custom)
2019-10-14 10:24:29,079 [pool-383-thread-1] INFO  server.RaftServerConfigKeys (ConfUtils.java:logGet(43)) - raft.server.rpc.timeout.max = 5200ms (custom)
2019-10-14 10:24:29,079 [pool-403-thread-1] INFO  server.RaftServerConfigKeys (ConfUtils.java:logGet(43)) - raft.server.rpcslowness.timeout = 120s (custom)
2019-10-14 10:24:29,079 [pool-383-thread-1] INFO  server.RaftServerConfigKeys (ConfUtils.java:logGet(43)) - raft.server.rpcslowness.timeout = 120s (custom)
2019-10-14 10:24:29,079 [pool-403-thread-1] INFO  server.RaftServerConfigKeys (ConfUtils.java:logGet(43)) - raft.server.sleep.deviation.threshold = 300 (default)
2019-10-14 10:24:29,079 [pool-383-thread-1] INFO  server.RaftServerConfigKeys (ConfUtils.java:logGet(43)) - raft.server.sleep.deviation.threshold = 300 (default)
2019-10-14 10:24:29,079 [pool-403-thread-1] INFO  server.RaftServerConfigKeys (ConfUtils.java:logGet(43)) - raft.server.log.appender.install.snapshot.enabled = false (custom)
2019-10-14 10:24:29,079 [pool-383-thread-1] INFO  server.RaftServerConfigKeys (ConfUtils.java:logGet(43)) - raft.server.log.appender.install.snapshot.enabled = false (custom)
2019-10-14 10:24:29,079 [pool-403-thread-1] INFO  impl.RaftServerImpl (ServerState.java:<init>(103)) - 30efaf05-81ad-4a24-af9a-979d1ccf6f08@group-FD0B8F39A534: ConfigurationManager, init=-1: [00992991-c583-4119-98d8-1ee4a96d1469:192.168.151.98:41664, 30efaf05-81ad-4a24-af9a-979d1ccf6f08:192.168.151.98:42713, 24b422b5-1a0c-4d00-9bb9-3f31def6177b:192.168.151.98:34108], old=null, confs=<EMPTY_MAP>
2019-10-14 10:24:29,079 [pool-383-thread-1] INFO  impl.RaftServerImpl (ServerState.java:<init>(103)) - 00992991-c583-4119-98d8-1ee4a96d1469@group-FD0B8F39A534: ConfigurationManager, init=-1: [00992991-c583-4119-98d8-1ee4a96d1469:192.168.151.98:41664, 30efaf05-81ad-4a24-af9a-979d1ccf6f08:192.168.151.98:42713, 24b422b5-1a0c-4d00-9bb9-3f31def6177b:192.168.151.98:34108], old=null, confs=<EMPTY_MAP>
2019-10-14 10:24:29,080 [pool-403-thread-1] INFO  server.RaftServerConfigKeys (ConfUtils.java:logGet(43)) - raft.server.storage.dir = [/workdir/hadoop-ozone/integration-test/target/test-dir/MiniOzoneClusterImpl-f30111d8-2c27-4339-bd0d-42f9ef7787c8/datanode-2/data/ratis] (custom)
2019-10-14 10:24:29,080 [pool-383-thread-1] INFO  server.RaftServerConfigKeys (ConfUtils.java:logGet(43)) - raft.server.storage.dir = [/workdir/hadoop-ozone/integration-test/target/test-dir/MiniOzoneClusterImpl-f30111d8-2c27-4339-bd0d-42f9ef7787c8/datanode-0/data/ratis] (custom)
2019-10-14 10:24:29,080 [pool-403-thread-1] INFO  server.RaftServerConfigKeys (ConfUtils.java:logGet(43)) - raft.server.log.corruption.policy = EXCEPTION (default)
2019-10-14 10:24:29,080 [pool-383-thread-1] INFO  server.RaftServerConfigKeys (ConfUtils.java:logGet(43)) - raft.server.log.corruption.policy = EXCEPTION (default)
2019-10-14 10:24:29,080 [pool-403-thread-1] INFO  storage.RaftStorageDirectory (RaftStorageDirectory.java:analyzeStorage(246)) - The storage directory /workdir/hadoop-ozone/integration-test/target/test-dir/MiniOzoneClusterImpl-f30111d8-2c27-4339-bd0d-42f9ef7787c8/datanode-2/data/ratis/863d6b1d-5b7f-429a-9e13-fd0b8f39a534 does not exist. Creating ...
2019-10-14 10:24:29,080 [pool-383-thread-1] INFO  storage.RaftStorageDirectory (RaftStorageDirectory.java:analyzeStorage(246)) - The storage directory /workdir/hadoop-ozone/integration-test/target/test-dir/MiniOzoneClusterImpl-f30111d8-2c27-4339-bd0d-42f9ef7787c8/datanode-0/data/ratis/863d6b1d-5b7f-429a-9e13-fd0b8f39a534 does not exist. Creating ...
2019-10-14 10:24:29,095 [IPC Server handler 0 on 34739] INFO  net.NetworkTopology (NetworkTopologyImpl.java:add(111)) - Added a new node: /default-rack/dd0835a3-7624-420b-b1a2-09507611bbb7
2019-10-14 10:24:29,095 [IPC Server handler 0 on 34739] INFO  node.SCMNodeManager (SCMNodeManager.java:register(268)) - Registered Data node : dd0835a3-7624-420b-b1a2-09507611bbb7{ip: 192.168.151.98, host: pr-hdds-2295-pn7hw-3586430783, networkLocation: /default-rack, certSerialId: null}
2019-10-14 10:24:29,104 [pool-403-thread-1] INFO  storage.RaftStorageDirectory (RaftStorageDirectory.java:tryLock(328)) - Lock on /workdir/hadoop-ozone/integration-test/target/test-dir/MiniOzoneClusterImpl-f30111d8-2c27-4339-bd0d-42f9ef7787c8/datanode-2/data/ratis/863d6b1d-5b7f-429a-9e13-fd0b8f39a534/in_use.lock acquired by nodename 15900@pr-hdds-2295-pn7hw-3586430783
2019-10-14 10:24:29,104 [pool-383-thread-1] INFO  storage.RaftStorageDirectory (RaftStorageDirectory.java:tryLock(328)) - Lock on /workdir/hadoop-ozone/integration-test/target/test-dir/MiniOzoneClusterImpl-f30111d8-2c27-4339-bd0d-42f9ef7787c8/datanode-0/data/ratis/863d6b1d-5b7f-429a-9e13-fd0b8f39a534/in_use.lock acquired by nodename 15900@pr-hdds-2295-pn7hw-3586430783
2019-10-14 10:24:29,104 [pool-393-thread-1] INFO  storage.RaftStorageDirectory (RaftStorageDirectory.java:tryLock(328)) - Lock on /workdir/hadoop-ozone/integration-test/target/test-dir/MiniOzoneClusterImpl-f30111d8-2c27-4339-bd0d-42f9ef7787c8/datanode-1/data/ratis/863d6b1d-5b7f-429a-9e13-fd0b8f39a534/in_use.lock acquired by nodename 15900@pr-hdds-2295-pn7hw-3586430783
2019-10-14 10:24:29,129 [pool-403-thread-1] INFO  storage.RaftStorage (RaftStorage.java:format(84)) - Storage directory /workdir/hadoop-ozone/integration-test/target/test-dir/MiniOzoneClusterImpl-f30111d8-2c27-4339-bd0d-42f9ef7787c8/datanode-2/data/ratis/863d6b1d-5b7f-429a-9e13-fd0b8f39a534 has been successfully formatted.
2019-10-14 10:24:29,129 [pool-393-thread-1] INFO  storage.RaftStorage (RaftStorage.java:format(84)) - Storage directory /workdir/hadoop-ozone/integration-test/target/test-dir/MiniOzoneClusterImpl-f30111d8-2c27-4339-bd0d-42f9ef7787c8/datanode-1/data/ratis/863d6b1d-5b7f-429a-9e13-fd0b8f39a534 has been successfully formatted.
2019-10-14 10:24:29,129 [pool-383-thread-1] INFO  storage.RaftStorage (RaftStorage.java:format(84)) - Storage directory /workdir/hadoop-ozone/integration-test/target/test-dir/MiniOzoneClusterImpl-f30111d8-2c27-4339-bd0d-42f9ef7787c8/datanode-0/data/ratis/863d6b1d-5b7f-429a-9e13-fd0b8f39a534 has been successfully formatted.
2019-10-14 10:24:29,129 [pool-393-thread-1] INFO  ratis.ContainerStateMachine (ContainerStateMachine.java:loadSnapshot(231)) - group-FD0B8F39A534: The snapshot info is null. Setting the last applied indexto:(t:0, i:~)
2019-10-14 10:24:29,129 [pool-403-thread-1] INFO  ratis.ContainerStateMachine (ContainerStateMachine.java:loadSnapshot(231)) - group-FD0B8F39A534: The snapshot info is null. Setting the last applied indexto:(t:0, i:~)
2019-10-14 10:24:29,130 [pool-393-thread-1] INFO  server.RaftServerConfigKeys (ConfUtils.java:logGet(43)) - raft.server.notification.no-leader.timeout = 120s (custom)
2019-10-14 10:24:29,130 [pool-383-thread-1] INFO  ratis.ContainerStateMachine (ContainerStateMachine.java:loadSnapshot(231)) - group-FD0B8F39A534: The snapshot info is null. Setting the last applied indexto:(t:0, i:~)
2019-10-14 10:24:29,130 [pool-393-thread-1] INFO  server.RaftServerConfigKeys (ConfUtils.java:logGet(43)) - raft.server.log.use.memory = false (default)
2019-10-14 10:24:29,130 [pool-403-thread-1] INFO  server.RaftServerConfigKeys (ConfUtils.java:logGet(43)) - raft.server.notification.no-leader.timeout = 120s (custom)
2019-10-14 10:24:29,130 [pool-393-thread-1] INFO  server.RaftServerConfigKeys (ConfUtils.java:logGet(43)) - raft.server.log.purge.gap = 1000000 (custom)
2019-10-14 10:24:29,130 [pool-383-thread-1] INFO  server.RaftServerConfigKeys (ConfUtils.java:logGet(43)) - raft.server.notification.no-leader.timeout = 120s (custom)
2019-10-14 10:24:29,130 [pool-393-thread-1] INFO  server.RaftServerConfigKeys (ConfUtils.java:logGet(43)) - raft.server.log.appender.buffer.byte-limit = 33554432 (custom)
2019-10-14 10:24:29,130 [pool-403-thread-1] INFO  server.RaftServerConfigKeys (ConfUtils.java:logGet(43)) - raft.server.log.use.memory = false (default)
2019-10-14 10:24:29,130 [pool-393-thread-1] INFO  server.RaftServerConfigKeys (ConfUtils.java:logGet(43)) - raft.server.log.segment.size.max = 1048576 (custom)
2019-10-14 10:24:29,130 [pool-383-thread-1] INFO  server.RaftServerConfigKeys (ConfUtils.java:logGet(43)) - raft.server.log.use.memory = false (default)
2019-10-14 10:24:29,131 [pool-393-thread-1] INFO  server.RaftServerConfigKeys (ConfUtils.java:logGet(43)) - raft.server.log.segment.cache.num.max = 2 (custom)
2019-10-14 10:24:29,131 [pool-403-thread-1] INFO  server.RaftServerConfigKeys (ConfUtils.java:logGet(43)) - raft.server.log.purge.gap = 1000000 (custom)
2019-10-14 10:24:29,131 [pool-393-thread-1] INFO  segmented.SegmentedRaftLogWorker (SegmentedRaftLogWorker.java:<init>(173)) - new 24b422b5-1a0c-4d00-9bb9-3f31def6177b@group-FD0B8F39A534-SegmentedRaftLogWorker for RaftStorage:Storage Directory /workdir/hadoop-ozone/integration-test/target/test-dir/MiniOzoneClusterImpl-f30111d8-2c27-4339-bd0d-42f9ef7787c8/datanode-1/data/ratis/863d6b1d-5b7f-429a-9e13-fd0b8f39a534
2019-10-14 10:24:29,131 [pool-383-thread-1] INFO  server.RaftServerConfigKeys (ConfUtils.java:logGet(43)) - raft.server.log.purge.gap = 1000000 (custom)
2019-10-14 10:24:29,131 [pool-393-thread-1] INFO  server.RaftServerConfigKeys (ConfUtils.java:logGet(43)) - raft.server.log.queue.byte-limit = 2147483647 (custom)
2019-10-14 10:24:29,131 [pool-403-thread-1] INFO  server.RaftServerConfigKeys (ConfUtils.java:logGet(43)) - raft.server.log.appender.buffer.byte-limit = 33554432 (custom)
2019-10-14 10:24:29,131 [pool-393-thread-1] INFO  server.RaftServerConfigKeys (ConfUtils.java:logGet(43)) - raft.server.log.queue.element-limit = 1024 (custom)
2019-10-14 10:24:29,131 [pool-383-thread-1] INFO  server.RaftServerConfigKeys (ConfUtils.java:logGet(43)) - raft.server.log.appender.buffer.byte-limit = 33554432 (custom)
2019-10-14 10:24:29,132 [pool-393-thread-1] INFO  server.RaftServerConfigKeys (ConfUtils.java:logGet(43)) - raft.server.log.segment.size.max = 1048576 (custom)
2019-10-14 10:24:29,131 [pool-403-thread-1] INFO  server.RaftServerConfigKeys (ConfUtils.java:logGet(43)) - raft.server.log.segment.size.max = 1048576 (custom)
2019-10-14 10:24:29,132 [pool-393-thread-1] INFO  server.RaftServerConfigKeys (ConfUtils.java:logGet(43)) - raft.server.log.preallocated.size = 16384 (custom)
2019-10-14 10:24:29,132 [pool-383-thread-1] INFO  server.RaftServerConfigKeys (ConfUtils.java:logGet(43)) - raft.server.log.segment.size.max = 1048576 (custom)
2019-10-14 10:24:29,132 [pool-393-thread-1] INFO  server.RaftServerConfigKeys (ConfUtils.java:logGet(43)) - raft.server.log.write.buffer.size = 33554432 (custom)
2019-10-14 10:24:29,132 [pool-403-thread-1] INFO  server.RaftServerConfigKeys (ConfUtils.java:logGet(43)) - raft.server.log.segment.cache.num.max = 2 (custom)
2019-10-14 10:24:29,132 [pool-393-thread-1] INFO  server.RaftServerConfigKeys (ConfUtils.java:logGet(43)) - raft.server.log.force.sync.num = 128 (default)
2019-10-14 10:24:29,132 [pool-383-thread-1] INFO  server.RaftServerConfigKeys (ConfUtils.java:logGet(43)) - raft.server.log.segment.cache.num.max = 2 (custom)
2019-10-14 10:24:29,132 [pool-393-thread-1] INFO  server.RaftServerConfigKeys (ConfUtils.java:logGet(43)) - raft.server.log.statemachine.data.sync = true (default)
2019-10-14 10:24:29,132 [pool-403-thread-1] INFO  segmented.SegmentedRaftLogWorker (SegmentedRaftLogWorker.java:<init>(173)) - new 30efaf05-81ad-4a24-af9a-979d1ccf6f08@group-FD0B8F39A534-SegmentedRaftLogWorker for RaftStorage:Storage Directory /workdir/hadoop-ozone/integration-test/target/test-dir/MiniOzoneClusterImpl-f30111d8-2c27-4339-bd0d-42f9ef7787c8/datanode-2/data/ratis/863d6b1d-5b7f-429a-9e13-fd0b8f39a534
2019-10-14 10:24:29,133 [pool-393-thread-1] INFO  server.RaftServerConfigKeys (ConfUtils.java:logGet(43)) - raft.server.log.statemachine.data.sync.timeout = 10s (default)
2019-10-14 10:24:29,132 [pool-383-thread-1] INFO  segmented.SegmentedRaftLogWorker (SegmentedRaftLogWorker.java:<init>(173)) - new 00992991-c583-4119-98d8-1ee4a96d1469@group-FD0B8F39A534-SegmentedRaftLogWorker for RaftStorage:Storage Directory /workdir/hadoop-ozone/integration-test/target/test-dir/MiniOzoneClusterImpl-f30111d8-2c27-4339-bd0d-42f9ef7787c8/datanode-0/data/ratis/863d6b1d-5b7f-429a-9e13-fd0b8f39a534
2019-10-14 10:24:29,133 [pool-393-thread-1] INFO  server.RaftServerConfigKeys (ConfUtils.java:logGet(43)) - raft.server.log.statemachine.data.sync.timeout.retry = -1 (default)
2019-10-14 10:24:29,133 [pool-403-thread-1] INFO  server.RaftServerConfigKeys (ConfUtils.java:logGet(43)) - raft.server.log.queue.byte-limit = 2147483647 (custom)
2019-10-14 10:24:29,133 [pool-393-thread-1] INFO  server.RaftServerConfigKeys (ConfUtils.java:logGet(43)) - raft.server.log.statemachine.data.caching.enabled = true (custom)
2019-10-14 10:24:29,133 [pool-383-thread-1] INFO  server.RaftServerConfigKeys (ConfUtils.java:logGet(43)) - raft.server.log.queue.byte-limit = 2147483647 (custom)
2019-10-14 10:24:29,133 [pool-403-thread-1] INFO  server.RaftServerConfigKeys (ConfUtils.java:logGet(43)) - raft.server.log.queue.element-limit = 1024 (custom)
2019-10-14 10:24:29,133 [pool-393-thread-1] INFO  segmented.SegmentedRaftLogWorker (SegmentedRaftLogWorker.java:lambda$new$0(128)) - 24b422b5-1a0c-4d00-9bb9-3f31def6177b@group-FD0B8F39A534-SegmentedRaftLogWorker: flushIndex: setUnconditionally 0 -> -1
2019-10-14 10:24:29,133 [pool-383-thread-1] INFO  server.RaftServerConfigKeys (ConfUtils.java:logGet(43)) - raft.server.log.queue.element-limit = 1024 (custom)
2019-10-14 10:24:29,133 [pool-403-thread-1] INFO  server.RaftServerConfigKeys (ConfUtils.java:logGet(43)) - raft.server.log.segment.size.max = 1048576 (custom)
2019-10-14 10:24:29,134 [pool-383-thread-1] INFO  server.RaftServerConfigKeys (ConfUtils.java:logGet(43)) - raft.server.log.segment.size.max = 1048576 (custom)
2019-10-14 10:24:29,134 [pool-393-thread-1] INFO  server.RaftServerConfigKeys (ConfUtils.java:logGet(43)) - raft.server.snapshot.auto.trigger.enabled = true (custom)
2019-10-14 10:24:29,134 [pool-383-thread-1] INFO  server.RaftServerConfigKeys (ConfUtils.java:logGet(43)) - raft.server.log.preallocated.size = 16384 (custom)
2019-10-14 10:24:29,134 [pool-403-thread-1] INFO  server.RaftServerConfigKeys (ConfUtils.java:logGet(43)) - raft.server.log.preallocated.size = 16384 (custom)
2019-10-14 10:24:29,134 [pool-383-thread-1] INFO  server.RaftServerConfigKeys (ConfUtils.java:logGet(43)) - raft.server.log.write.buffer.size = 33554432 (custom)
2019-10-14 10:24:29,134 [pool-393-thread-1] INFO  server.RaftServerConfigKeys (ConfUtils.java:logGet(43)) - raft.server.snapshot.auto.trigger.threshold = 10000 (custom)
2019-10-14 10:24:29,134 [pool-383-thread-1] INFO  server.RaftServerConfigKeys (ConfUtils.java:logGet(43)) - raft.server.log.force.sync.num = 128 (default)
2019-10-14 10:24:29,134 [pool-403-thread-1] INFO  server.RaftServerConfigKeys (ConfUtils.java:logGet(43)) - raft.server.log.write.buffer.size = 33554432 (custom)
2019-10-14 10:24:29,135 [pool-383-thread-1] INFO  server.RaftServerConfigKeys (ConfUtils.java:logGet(43)) - raft.server.log.statemachine.data.sync = true (default)
2019-10-14 10:24:29,134 [pool-393-thread-1] INFO  server.RaftServerConfigKeys (ConfUtils.java:logGet(43)) - raft.server.snapshot.retention.file.num = 5 (custom)
2019-10-14 10:24:29,135 [pool-383-thread-1] INFO  server.RaftServerConfigKeys (ConfUtils.java:logGet(43)) - raft.server.log.statemachine.data.sync.timeout = 10s (default)
2019-10-14 10:24:29,135 [pool-403-thread-1] INFO  server.RaftServerConfigKeys (ConfUtils.java:logGet(43)) - raft.server.log.force.sync.num = 128 (default)
2019-10-14 10:24:29,135 [pool-383-thread-1] INFO  server.RaftServerConfigKeys (ConfUtils.java:logGet(43)) - raft.server.log.statemachine.data.sync.timeout.retry = -1 (default)
2019-10-14 10:24:29,135 [pool-393-thread-1] INFO  server.RaftServerConfigKeys (ConfUtils.java:logGet(43)) - raft.server.retrycache.expirytime = 600000ms (custom)
2019-10-14 10:24:29,135 [pool-383-thread-1] INFO  server.RaftServerConfigKeys (ConfUtils.java:logGet(43)) - raft.server.log.statemachine.data.caching.enabled = true (custom)
2019-10-14 10:24:29,135 [pool-403-thread-1] INFO  server.RaftServerConfigKeys (ConfUtils.java:logGet(43)) - raft.server.log.statemachine.data.sync = true (default)
2019-10-14 10:24:29,135 [pool-383-thread-1] INFO  segmented.SegmentedRaftLogWorker (SegmentedRaftLogWorker.java:lambda$new$0(128)) - 00992991-c583-4119-98d8-1ee4a96d1469@group-FD0B8F39A534-SegmentedRaftLogWorker: flushIndex: setUnconditionally 0 -> -1
2019-10-14 10:24:29,136 [pool-403-thread-1] INFO  server.RaftServerConfigKeys (ConfUtils.java:logGet(43)) - raft.server.log.statemachine.data.sync.timeout = 10s (default)
2019-10-14 10:24:29,136 [pool-383-thread-1] INFO  server.RaftServerConfigKeys (ConfUtils.java:logGet(43)) - raft.server.snapshot.auto.trigger.enabled = true (custom)
2019-10-14 10:24:29,136 [pool-403-thread-1] INFO  server.RaftServerConfigKeys (ConfUtils.java:logGet(43)) - raft.server.log.statemachine.data.sync.timeout.retry = -1 (default)
2019-10-14 10:24:29,136 [pool-383-thread-1] INFO  server.RaftServerConfigKeys (ConfUtils.java:logGet(43)) - raft.server.snapshot.auto.trigger.threshold = 10000 (custom)
2019-10-14 10:24:29,136 [pool-403-thread-1] INFO  server.RaftServerConfigKeys (ConfUtils.java:logGet(43)) - raft.server.log.statemachine.data.caching.enabled = true (custom)
2019-10-14 10:24:29,136 [pool-383-thread-1] INFO  server.RaftServerConfigKeys (ConfUtils.java:logGet(43)) - raft.server.snapshot.retention.file.num = 5 (custom)
2019-10-14 10:24:29,136 [pool-383-thread-1] INFO  server.RaftServerConfigKeys (ConfUtils.java:logGet(43)) - raft.server.retrycache.expirytime = 600000ms (custom)
2019-10-14 10:24:29,137 [pool-393-thread-1] INFO  impl.RaftServerImpl (RaftServerImpl.java:start(181)) - 24b422b5-1a0c-4d00-9bb9-3f31def6177b@group-FD0B8F39A534: start as a follower, conf=-1: [00992991-c583-4119-98d8-1ee4a96d1469:192.168.151.98:41664, 30efaf05-81ad-4a24-af9a-979d1ccf6f08:192.168.151.98:42713, 24b422b5-1a0c-4d00-9bb9-3f31def6177b:192.168.151.98:34108], old=null
2019-10-14 10:24:29,137 [pool-393-thread-1] INFO  impl.RaftServerImpl (RaftServerImpl.java:setRole(170)) - 24b422b5-1a0c-4d00-9bb9-3f31def6177b@group-FD0B8F39A534: changes role from      null to FOLLOWER at term 0 for startAsFollower
2019-10-14 10:24:29,137 [pool-403-thread-1] INFO  segmented.SegmentedRaftLogWorker (SegmentedRaftLogWorker.java:lambda$new$0(128)) - 30efaf05-81ad-4a24-af9a-979d1ccf6f08@group-FD0B8F39A534-SegmentedRaftLogWorker: flushIndex: setUnconditionally 0 -> -1
2019-10-14 10:24:29,137 [pool-393-thread-1] INFO  impl.RoleInfo (RoleInfo.java:updateAndGet(143)) - 24b422b5-1a0c-4d00-9bb9-3f31def6177b: start FollowerState
2019-10-14 10:24:29,137 [pool-403-thread-1] INFO  server.RaftServerConfigKeys (ConfUtils.java:logGet(43)) - raft.server.snapshot.auto.trigger.enabled = true (custom)
2019-10-14 10:24:29,138 [pool-403-thread-1] INFO  server.RaftServerConfigKeys (ConfUtils.java:logGet(43)) - raft.server.snapshot.auto.trigger.threshold = 10000 (custom)
2019-10-14 10:24:29,138 [pool-393-thread-1] INFO  util.JmxRegister (JmxRegister.java:tryRegister(44)) - Successfully registered JMX Bean with object name Ratis:service=RaftServer,group=group-FD0B8F39A534,id=24b422b5-1a0c-4d00-9bb9-3f31def6177b
2019-10-14 10:24:29,138 [pool-403-thread-1] INFO  server.RaftServerConfigKeys (ConfUtils.java:logGet(43)) - raft.server.snapshot.retention.file.num = 5 (custom)
2019-10-14 10:24:29,138 [pool-383-thread-1] INFO  impl.RaftServerImpl (RaftServerImpl.java:start(181)) - 00992991-c583-4119-98d8-1ee4a96d1469@group-FD0B8F39A534: start as a follower, conf=-1: [00992991-c583-4119-98d8-1ee4a96d1469:192.168.151.98:41664, 30efaf05-81ad-4a24-af9a-979d1ccf6f08:192.168.151.98:42713, 24b422b5-1a0c-4d00-9bb9-3f31def6177b:192.168.151.98:34108], old=null
2019-10-14 10:24:29,138 [pool-403-thread-1] INFO  server.RaftServerConfigKeys (ConfUtils.java:logGet(43)) - raft.server.retrycache.expirytime = 600000ms (custom)
2019-10-14 10:24:29,138 [pool-383-thread-1] INFO  impl.RaftServerImpl (RaftServerImpl.java:setRole(170)) - 00992991-c583-4119-98d8-1ee4a96d1469@group-FD0B8F39A534: changes role from      null to FOLLOWER at term 0 for startAsFollower
2019-10-14 10:24:29,138 [pool-383-thread-1] INFO  impl.RoleInfo (RoleInfo.java:updateAndGet(143)) - 00992991-c583-4119-98d8-1ee4a96d1469: start FollowerState
2019-10-14 10:24:29,139 [pool-383-thread-1] INFO  util.JmxRegister (JmxRegister.java:tryRegister(44)) - Successfully registered JMX Bean with object name Ratis:service=RaftServer,group=group-FD0B8F39A534,id=00992991-c583-4119-98d8-1ee4a96d1469
2019-10-14 10:24:29,141 [pool-403-thread-1] INFO  impl.RaftServerImpl (RaftServerImpl.java:start(181)) - 30efaf05-81ad-4a24-af9a-979d1ccf6f08@group-FD0B8F39A534: start as a follower, conf=-1: [00992991-c583-4119-98d8-1ee4a96d1469:192.168.151.98:41664, 30efaf05-81ad-4a24-af9a-979d1ccf6f08:192.168.151.98:42713, 24b422b5-1a0c-4d00-9bb9-3f31def6177b:192.168.151.98:34108], old=null
2019-10-14 10:24:29,141 [pool-403-thread-1] INFO  impl.RaftServerImpl (RaftServerImpl.java:setRole(170)) - 30efaf05-81ad-4a24-af9a-979d1ccf6f08@group-FD0B8F39A534: changes role from      null to FOLLOWER at term 0 for startAsFollower
2019-10-14 10:24:29,141 [pool-403-thread-1] INFO  impl.RoleInfo (RoleInfo.java:updateAndGet(143)) - 30efaf05-81ad-4a24-af9a-979d1ccf6f08: start FollowerState
2019-10-14 10:24:29,142 [pool-403-thread-1] INFO  util.JmxRegister (JmxRegister.java:tryRegister(44)) - Successfully registered JMX Bean with object name Ratis:service=RaftServer,group=group-FD0B8F39A534,id=30efaf05-81ad-4a24-af9a-979d1ccf6f08
2019-10-14 10:24:29,146 [RatisPipelineUtilsThread] INFO  pipeline.PipelineStateManager (PipelineStateManager.java:addPipeline(56)) - Created pipeline Pipeline[ Id: 863d6b1d-5b7f-429a-9e13-fd0b8f39a534, Nodes: 30efaf05-81ad-4a24-af9a-979d1ccf6f08{ip: 192.168.151.98, host: pr-hdds-2295-pn7hw-3586430783, networkLocation: /default-rack, certSerialId: null}24b422b5-1a0c-4d00-9bb9-3f31def6177b{ip: 192.168.151.98, host: pr-hdds-2295-pn7hw-3586430783, networkLocation: /default-rack, certSerialId: null}00992991-c583-4119-98d8-1ee4a96d1469{ip: 192.168.151.98, host: pr-hdds-2295-pn7hw-3586430783, networkLocation: /default-rack, certSerialId: null}, Type:RATIS, Factor:THREE, State:OPEN]
2019-10-14 10:24:29,184 [IPC Server handler 5 on 34739] INFO  net.NetworkTopology (NetworkTopologyImpl.java:add(111)) - Added a new node: /default-rack/9f64abef-eab3-4b53-8936-bc0621b49398
2019-10-14 10:24:29,184 [IPC Server handler 5 on 34739] INFO  node.SCMNodeManager (SCMNodeManager.java:register(268)) - Registered Data node : 9f64abef-eab3-4b53-8936-bc0621b49398{ip: 192.168.151.98, host: pr-hdds-2295-pn7hw-3586430783, networkLocation: /default-rack, certSerialId: null}
2019-10-14 10:24:29,194 [grpc-default-executor-7] INFO  impl.RaftServerProxy (RaftServerProxy.java:addNew(89)) - dd0835a3-7624-420b-b1a2-09507611bbb7: addNew group-0D7ECCF9DD74:[dd0835a3-7624-420b-b1a2-09507611bbb7:192.168.151.98:35770] returns group-0D7ECCF9DD74:java.util.concurrent.CompletableFuture@74244afd[Not completed]
2019-10-14 10:24:29,195 [pool-413-thread-1] INFO  impl.RaftServerImpl (RaftServerImpl.java:<init>(95)) - dd0835a3-7624-420b-b1a2-09507611bbb7: new RaftServerImpl for group-0D7ECCF9DD74:[dd0835a3-7624-420b-b1a2-09507611bbb7:192.168.151.98:35770] with ContainerStateMachine:uninitialized
2019-10-14 10:24:29,195 [pool-413-thread-1] INFO  server.RaftServerConfigKeys (ConfUtils.java:logGet(43)) - raft.server.rpc.timeout.min = 5s (custom)
2019-10-14 10:24:29,195 [pool-413-thread-1] INFO  server.RaftServerConfigKeys (ConfUtils.java:logGet(43)) - raft.server.rpc.timeout.max = 5200ms (custom)
2019-10-14 10:24:29,195 [pool-413-thread-1] INFO  server.RaftServerConfigKeys (ConfUtils.java:logGet(43)) - raft.server.rpcslowness.timeout = 120s (custom)
2019-10-14 10:24:29,195 [pool-413-thread-1] INFO  server.RaftServerConfigKeys (ConfUtils.java:logGet(43)) - raft.server.sleep.deviation.threshold = 300 (default)
2019-10-14 10:24:29,195 [pool-413-thread-1] INFO  server.RaftServerConfigKeys (ConfUtils.java:logGet(43)) - raft.server.log.appender.install.snapshot.enabled = false (custom)
2019-10-14 10:24:29,195 [pool-413-thread-1] INFO  impl.RaftServerImpl (ServerState.java:<init>(103)) - dd0835a3-7624-420b-b1a2-09507611bbb7@group-0D7ECCF9DD74: ConfigurationManager, init=-1: [dd0835a3-7624-420b-b1a2-09507611bbb7:192.168.151.98:35770], old=null, confs=<EMPTY_MAP>
2019-10-14 10:24:29,195 [pool-413-thread-1] INFO  server.RaftServerConfigKeys (ConfUtils.java:logGet(43)) - raft.server.storage.dir = [/workdir/hadoop-ozone/integration-test/target/test-dir/MiniOzoneClusterImpl-f30111d8-2c27-4339-bd0d-42f9ef7787c8/datanode-3/data/ratis] (custom)
2019-10-14 10:24:29,196 [pool-413-thread-1] INFO  server.RaftServerConfigKeys (ConfUtils.java:logGet(43)) - raft.server.log.corruption.policy = EXCEPTION (default)
2019-10-14 10:24:29,196 [pool-413-thread-1] INFO  storage.RaftStorageDirectory (RaftStorageDirectory.java:analyzeStorage(246)) - The storage directory /workdir/hadoop-ozone/integration-test/target/test-dir/MiniOzoneClusterImpl-f30111d8-2c27-4339-bd0d-42f9ef7787c8/datanode-3/data/ratis/4c312a79-c020-4b9a-a3ab-0d7eccf9dd74 does not exist. Creating ...
2019-10-14 10:24:29,209 [pool-413-thread-1] INFO  storage.RaftStorageDirectory (RaftStorageDirectory.java:tryLock(328)) - Lock on /workdir/hadoop-ozone/integration-test/target/test-dir/MiniOzoneClusterImpl-f30111d8-2c27-4339-bd0d-42f9ef7787c8/datanode-3/data/ratis/4c312a79-c020-4b9a-a3ab-0d7eccf9dd74/in_use.lock acquired by nodename 15900@pr-hdds-2295-pn7hw-3586430783
2019-10-14 10:24:29,223 [pool-413-thread-1] INFO  storage.RaftStorage (RaftStorage.java:format(84)) - Storage directory /workdir/hadoop-ozone/integration-test/target/test-dir/MiniOzoneClusterImpl-f30111d8-2c27-4339-bd0d-42f9ef7787c8/datanode-3/data/ratis/4c312a79-c020-4b9a-a3ab-0d7eccf9dd74 has been successfully formatted.
2019-10-14 10:24:29,223 [pool-413-thread-1] INFO  ratis.ContainerStateMachine (ContainerStateMachine.java:loadSnapshot(231)) - group-0D7ECCF9DD74: The snapshot info is null. Setting the last applied indexto:(t:0, i:~)
2019-10-14 10:24:29,224 [pool-413-thread-1] INFO  server.RaftServerConfigKeys (ConfUtils.java:logGet(43)) - raft.server.notification.no-leader.timeout = 120s (custom)
2019-10-14 10:24:29,224 [pool-413-thread-1] INFO  server.RaftServerConfigKeys (ConfUtils.java:logGet(43)) - raft.server.log.use.memory = false (default)
2019-10-14 10:24:29,224 [pool-413-thread-1] INFO  server.RaftServerConfigKeys (ConfUtils.java:logGet(43)) - raft.server.log.purge.gap = 1000000 (custom)
2019-10-14 10:24:29,224 [pool-413-thread-1] INFO  server.RaftServerConfigKeys (ConfUtils.java:logGet(43)) - raft.server.log.appender.buffer.byte-limit = 33554432 (custom)
2019-10-14 10:24:29,224 [pool-413-thread-1] INFO  server.RaftServerConfigKeys (ConfUtils.java:logGet(43)) - raft.server.log.segment.size.max = 1048576 (custom)
2019-10-14 10:24:29,225 [pool-413-thread-1] INFO  server.RaftServerConfigKeys (ConfUtils.java:logGet(43)) - raft.server.log.segment.cache.num.max = 2 (custom)
2019-10-14 10:24:29,225 [pool-413-thread-1] INFO  segmented.SegmentedRaftLogWorker (SegmentedRaftLogWorker.java:<init>(173)) - new dd0835a3-7624-420b-b1a2-09507611bbb7@group-0D7ECCF9DD74-SegmentedRaftLogWorker for RaftStorage:Storage Directory /workdir/hadoop-ozone/integration-test/target/test-dir/MiniOzoneClusterImpl-f30111d8-2c27-4339-bd0d-42f9ef7787c8/datanode-3/data/ratis/4c312a79-c020-4b9a-a3ab-0d7eccf9dd74
2019-10-14 10:24:29,225 [pool-413-thread-1] INFO  server.RaftServerConfigKeys (ConfUtils.java:logGet(43)) - raft.server.log.queue.byte-limit = 2147483647 (custom)
2019-10-14 10:24:29,225 [pool-413-thread-1] INFO  server.RaftServerConfigKeys (ConfUtils.java:logGet(43)) - raft.server.log.queue.element-limit = 1024 (custom)
2019-10-14 10:24:29,226 [pool-413-thread-1] INFO  server.RaftServerConfigKeys (ConfUtils.java:logGet(43)) - raft.server.log.segment.size.max = 1048576 (custom)
2019-10-14 10:24:29,226 [pool-413-thread-1] INFO  server.RaftServerConfigKeys (ConfUtils.java:logGet(43)) - raft.server.log.preallocated.size = 16384 (custom)
2019-10-14 10:24:29,226 [pool-413-thread-1] INFO  server.RaftServerConfigKeys (ConfUtils.java:logGet(43)) - raft.server.log.write.buffer.size = 33554432 (custom)
2019-10-14 10:24:29,226 [pool-413-thread-1] INFO  server.RaftServerConfigKeys (ConfUtils.java:logGet(43)) - raft.server.log.force.sync.num = 128 (default)
2019-10-14 10:24:29,226 [pool-413-thread-1] INFO  server.RaftServerConfigKeys (ConfUtils.java:logGet(43)) - raft.server.log.statemachine.data.sync = true (default)
2019-10-14 10:24:29,226 [pool-413-thread-1] INFO  server.RaftServerConfigKeys (ConfUtils.java:logGet(43)) - raft.server.log.statemachine.data.sync.timeout = 10s (default)
2019-10-14 10:24:29,226 [pool-413-thread-1] INFO  server.RaftServerConfigKeys (ConfUtils.java:logGet(43)) - raft.server.log.statemachine.data.sync.timeout.retry = -1 (default)
2019-10-14 10:24:29,226 [pool-413-thread-1] INFO  server.RaftServerConfigKeys (ConfUtils.java:logGet(43)) - raft.server.log.statemachine.data.caching.enabled = true (custom)
2019-10-14 10:24:29,226 [pool-413-thread-1] INFO  segmented.SegmentedRaftLogWorker (SegmentedRaftLogWorker.java:lambda$new$0(128)) - dd0835a3-7624-420b-b1a2-09507611bbb7@group-0D7ECCF9DD74-SegmentedRaftLogWorker: flushIndex: setUnconditionally 0 -> -1
2019-10-14 10:24:29,227 [pool-413-thread-1] INFO  server.RaftServerConfigKeys (ConfUtils.java:logGet(43)) - raft.server.snapshot.auto.trigger.enabled = true (custom)
2019-10-14 10:24:29,227 [pool-413-thread-1] INFO  server.RaftServerConfigKeys (ConfUtils.java:logGet(43)) - raft.server.snapshot.auto.trigger.threshold = 10000 (custom)
2019-10-14 10:24:29,227 [pool-413-thread-1] INFO  server.RaftServerConfigKeys (ConfUtils.java:logGet(43)) - raft.server.snapshot.retention.file.num = 5 (custom)
2019-10-14 10:24:29,227 [pool-413-thread-1] INFO  server.RaftServerConfigKeys (ConfUtils.java:logGet(43)) - raft.server.retrycache.expirytime = 600000ms (custom)
2019-10-14 10:24:29,228 [pool-413-thread-1] INFO  impl.RaftServerImpl (RaftServerImpl.java:start(181)) - dd0835a3-7624-420b-b1a2-09507611bbb7@group-0D7ECCF9DD74: start as a follower, conf=-1: [dd0835a3-7624-420b-b1a2-09507611bbb7:192.168.151.98:35770], old=null
2019-10-14 10:24:29,228 [pool-413-thread-1] INFO  impl.RaftServerImpl (RaftServerImpl.java:setRole(170)) - dd0835a3-7624-420b-b1a2-09507611bbb7@group-0D7ECCF9DD74: changes role from      null to FOLLOWER at term 0 for startAsFollower
2019-10-14 10:24:29,229 [pool-413-thread-1] INFO  impl.RoleInfo (RoleInfo.java:updateAndGet(143)) - dd0835a3-7624-420b-b1a2-09507611bbb7: start FollowerState
2019-10-14 10:24:29,229 [pool-413-thread-1] INFO  util.JmxRegister (JmxRegister.java:tryRegister(44)) - Successfully registered JMX Bean with object name Ratis:service=RaftServer,group=group-0D7ECCF9DD74,id=dd0835a3-7624-420b-b1a2-09507611bbb7
2019-10-14 10:24:29,232 [RatisPipelineUtilsThread] INFO  pipeline.PipelineStateManager (PipelineStateManager.java:addPipeline(56)) - Created pipeline Pipeline[ Id: 4c312a79-c020-4b9a-a3ab-0d7eccf9dd74, Nodes: dd0835a3-7624-420b-b1a2-09507611bbb7{ip: 192.168.151.98, host: pr-hdds-2295-pn7hw-3586430783, networkLocation: /default-rack, certSerialId: null}, Type:RATIS, Factor:ONE, State:OPEN]
2019-10-14 10:24:29,242 [grpc-default-executor-7] INFO  impl.RaftServerProxy (RaftServerProxy.java:addNew(89)) - 9f64abef-eab3-4b53-8936-bc0621b49398: addNew group-65A8D41B0640:[9f64abef-eab3-4b53-8936-bc0621b49398:192.168.151.98:34938] returns group-65A8D41B0640:java.util.concurrent.CompletableFuture@7f0e00e0[Not completed]
2019-10-14 10:24:29,243 [pool-423-thread-1] INFO  impl.RaftServerImpl (RaftServerImpl.java:<init>(95)) - 9f64abef-eab3-4b53-8936-bc0621b49398: new RaftServerImpl for group-65A8D41B0640:[9f64abef-eab3-4b53-8936-bc0621b49398:192.168.151.98:34938] with ContainerStateMachine:uninitialized
2019-10-14 10:24:29,243 [pool-423-thread-1] INFO  server.RaftServerConfigKeys (ConfUtils.java:logGet(43)) - raft.server.rpc.timeout.min = 5s (custom)
2019-10-14 10:24:29,243 [pool-423-thread-1] INFO  server.RaftServerConfigKeys (ConfUtils.java:logGet(43)) - raft.server.rpc.timeout.max = 5200ms (custom)
2019-10-14 10:24:29,243 [pool-423-thread-1] INFO  server.RaftServerConfigKeys (ConfUtils.java:logGet(43)) - raft.server.rpcslowness.timeout = 120s (custom)
2019-10-14 10:24:29,243 [pool-423-thread-1] INFO  server.RaftServerConfigKeys (ConfUtils.java:logGet(43)) - raft.server.sleep.deviation.threshold = 300 (default)
2019-10-14 10:24:29,243 [pool-423-thread-1] INFO  server.RaftServerConfigKeys (ConfUtils.java:logGet(43)) - raft.server.log.appender.install.snapshot.enabled = false (custom)
2019-10-14 10:24:29,244 [pool-423-thread-1] INFO  impl.RaftServerImpl (ServerState.java:<init>(103)) - 9f64abef-eab3-4b53-8936-bc0621b49398@group-65A8D41B0640: ConfigurationManager, init=-1: [9f64abef-eab3-4b53-8936-bc0621b49398:192.168.151.98:34938], old=null, confs=<EMPTY_MAP>
2019-10-14 10:24:29,244 [pool-423-thread-1] INFO  server.RaftServerConfigKeys (ConfUtils.java:logGet(43)) - raft.server.storage.dir = [/workdir/hadoop-ozone/integration-test/target/test-dir/MiniOzoneClusterImpl-f30111d8-2c27-4339-bd0d-42f9ef7787c8/datanode-4/data/ratis] (custom)
2019-10-14 10:24:29,244 [pool-423-thread-1] INFO  server.RaftServerConfigKeys (ConfUtils.java:logGet(43)) - raft.server.log.corruption.policy = EXCEPTION (default)
2019-10-14 10:24:29,244 [pool-423-thread-1] INFO  storage.RaftStorageDirectory (RaftStorageDirectory.java:analyzeStorage(246)) - The storage directory /workdir/hadoop-ozone/integration-test/target/test-dir/MiniOzoneClusterImpl-f30111d8-2c27-4339-bd0d-42f9ef7787c8/datanode-4/data/ratis/b34688ff-d7d7-4196-a443-65a8d41b0640 does not exist. Creating ...
2019-10-14 10:24:29,257 [pool-423-thread-1] INFO  storage.RaftStorageDirectory (RaftStorageDirectory.java:tryLock(328)) - Lock on /workdir/hadoop-ozone/integration-test/target/test-dir/MiniOzoneClusterImpl-f30111d8-2c27-4339-bd0d-42f9ef7787c8/datanode-4/data/ratis/b34688ff-d7d7-4196-a443-65a8d41b0640/in_use.lock acquired by nodename 15900@pr-hdds-2295-pn7hw-3586430783
2019-10-14 10:24:29,269 [pool-423-thread-1] INFO  storage.RaftStorage (RaftStorage.java:format(84)) - Storage directory /workdir/hadoop-ozone/integration-test/target/test-dir/MiniOzoneClusterImpl-f30111d8-2c27-4339-bd0d-42f9ef7787c8/datanode-4/data/ratis/b34688ff-d7d7-4196-a443-65a8d41b0640 has been successfully formatted.
2019-10-14 10:24:29,269 [pool-423-thread-1] INFO  ratis.ContainerStateMachine (ContainerStateMachine.java:loadSnapshot(231)) - group-65A8D41B0640: The snapshot info is null. Setting the last applied indexto:(t:0, i:~)
2019-10-14 10:24:29,270 [pool-423-thread-1] INFO  server.RaftServerConfigKeys (ConfUtils.java:logGet(43)) - raft.server.notification.no-leader.timeout = 120s (custom)
2019-10-14 10:24:29,270 [pool-423-thread-1] INFO  server.RaftServerConfigKeys (ConfUtils.java:logGet(43)) - raft.server.log.use.memory = false (default)
2019-10-14 10:24:29,270 [pool-423-thread-1] INFO  server.RaftServerConfigKeys (ConfUtils.java:logGet(43)) - raft.server.log.purge.gap = 1000000 (custom)
2019-10-14 10:24:29,270 [pool-423-thread-1] INFO  server.RaftServerConfigKeys (ConfUtils.java:logGet(43)) - raft.server.log.appender.buffer.byte-limit = 33554432 (custom)
2019-10-14 10:24:29,270 [pool-423-thread-1] INFO  server.RaftServerConfigKeys (ConfUtils.java:logGet(43)) - raft.server.log.segment.size.max = 1048576 (custom)
2019-10-14 10:24:29,271 [pool-423-thread-1] INFO  server.RaftServerConfigKeys (ConfUtils.java:logGet(43)) - raft.server.log.segment.cache.num.max = 2 (custom)
2019-10-14 10:24:29,272 [pool-423-thread-1] INFO  segmented.SegmentedRaftLogWorker (SegmentedRaftLogWorker.java:<init>(173)) - new 9f64abef-eab3-4b53-8936-bc0621b49398@group-65A8D41B0640-SegmentedRaftLogWorker for RaftStorage:Storage Directory /workdir/hadoop-ozone/integration-test/target/test-dir/MiniOzoneClusterImpl-f30111d8-2c27-4339-bd0d-42f9ef7787c8/datanode-4/data/ratis/b34688ff-d7d7-4196-a443-65a8d41b0640
2019-10-14 10:24:29,272 [pool-423-thread-1] INFO  server.RaftServerConfigKeys (ConfUtils.java:logGet(43)) - raft.server.log.queue.byte-limit = 2147483647 (custom)
2019-10-14 10:24:29,272 [IPC Server handler 4 on 34739] INFO  net.NetworkTopology (NetworkTopologyImpl.java:add(111)) - Added a new node: /default-rack/3022df09-a630-41b4-8e27-d594d2eb25b1
2019-10-14 10:24:29,272 [pool-423-thread-1] INFO  server.RaftServerConfigKeys (ConfUtils.java:logGet(43)) - raft.server.log.queue.element-limit = 1024 (custom)
2019-10-14 10:24:29,272 [IPC Server handler 4 on 34739] INFO  node.SCMNodeManager (SCMNodeManager.java:register(268)) - Registered Data node : 3022df09-a630-41b4-8e27-d594d2eb25b1{ip: 192.168.151.98, host: pr-hdds-2295-pn7hw-3586430783, networkLocation: /default-rack, certSerialId: null}
2019-10-14 10:24:29,272 [pool-423-thread-1] INFO  server.RaftServerConfigKeys (ConfUtils.java:logGet(43)) - raft.server.log.segment.size.max = 1048576 (custom)
2019-10-14 10:24:29,272 [pool-423-thread-1] INFO  server.RaftServerConfigKeys (ConfUtils.java:logGet(43)) - raft.server.log.preallocated.size = 16384 (custom)
2019-10-14 10:24:29,273 [pool-423-thread-1] INFO  server.RaftServerConfigKeys (ConfUtils.java:logGet(43)) - raft.server.log.write.buffer.size = 33554432 (custom)
2019-10-14 10:24:29,273 [pool-423-thread-1] INFO  server.RaftServerConfigKeys (ConfUtils.java:logGet(43)) - raft.server.log.force.sync.num = 128 (default)
2019-10-14 10:24:29,273 [pool-423-thread-1] INFO  server.RaftServerConfigKeys (ConfUtils.java:logGet(43)) - raft.server.log.statemachine.data.sync = true (default)
2019-10-14 10:24:29,273 [pool-423-thread-1] INFO  server.RaftServerConfigKeys (ConfUtils.java:logGet(43)) - raft.server.log.statemachine.data.sync.timeout = 10s (default)
2019-10-14 10:24:29,273 [pool-423-thread-1] INFO  server.RaftServerConfigKeys (ConfUtils.java:logGet(43)) - raft.server.log.statemachine.data.sync.timeout.retry = -1 (default)
2019-10-14 10:24:29,274 [pool-423-thread-1] INFO  server.RaftServerConfigKeys (ConfUtils.java:logGet(43)) - raft.server.log.statemachine.data.caching.enabled = true (custom)
2019-10-14 10:24:29,274 [pool-423-thread-1] INFO  segmented.SegmentedRaftLogWorker (SegmentedRaftLogWorker.java:lambda$new$0(128)) - 9f64abef-eab3-4b53-8936-bc0621b49398@group-65A8D41B0640-SegmentedRaftLogWorker: flushIndex: setUnconditionally 0 -> -1
2019-10-14 10:24:29,274 [pool-423-thread-1] INFO  server.RaftServerConfigKeys (ConfUtils.java:logGet(43)) - raft.server.snapshot.auto.trigger.enabled = true (custom)
2019-10-14 10:24:29,275 [pool-423-thread-1] INFO  server.RaftServerConfigKeys (ConfUtils.java:logGet(43)) - raft.server.snapshot.auto.trigger.threshold = 10000 (custom)
2019-10-14 10:24:29,275 [pool-423-thread-1] INFO  server.RaftServerConfigKeys (ConfUtils.java:logGet(43)) - raft.server.snapshot.retention.file.num = 5 (custom)
2019-10-14 10:24:29,275 [pool-423-thread-1] INFO  server.RaftServerConfigKeys (ConfUtils.java:logGet(43)) - raft.server.retrycache.expirytime = 600000ms (custom)
2019-10-14 10:24:29,277 [pool-423-thread-1] INFO  impl.RaftServerImpl (RaftServerImpl.java:start(181)) - 9f64abef-eab3-4b53-8936-bc0621b49398@group-65A8D41B0640: start as a follower, conf=-1: [9f64abef-eab3-4b53-8936-bc0621b49398:192.168.151.98:34938], old=null
2019-10-14 10:24:29,277 [pool-423-thread-1] INFO  impl.RaftServerImpl (RaftServerImpl.java:setRole(170)) - 9f64abef-eab3-4b53-8936-bc0621b49398@group-65A8D41B0640: changes role from      null to FOLLOWER at term 0 for startAsFollower
2019-10-14 10:24:29,277 [pool-423-thread-1] INFO  impl.RoleInfo (RoleInfo.java:updateAndGet(143)) - 9f64abef-eab3-4b53-8936-bc0621b49398: start FollowerState
2019-10-14 10:24:29,278 [pool-423-thread-1] INFO  util.JmxRegister (JmxRegister.java:tryRegister(44)) - Successfully registered JMX Bean with object name Ratis:service=RaftServer,group=group-65A8D41B0640,id=9f64abef-eab3-4b53-8936-bc0621b49398
2019-10-14 10:24:29,281 [RatisPipelineUtilsThread] INFO  pipeline.PipelineStateManager (PipelineStateManager.java:addPipeline(56)) - Created pipeline Pipeline[ Id: b34688ff-d7d7-4196-a443-65a8d41b0640, Nodes: 9f64abef-eab3-4b53-8936-bc0621b49398{ip: 192.168.151.98, host: pr-hdds-2295-pn7hw-3586430783, networkLocation: /default-rack, certSerialId: null}, Type:RATIS, Factor:ONE, State:OPEN]
2019-10-14 10:24:29,289 [grpc-default-executor-7] INFO  impl.RaftServerProxy (RaftServerProxy.java:addNew(89)) - 3022df09-a630-41b4-8e27-d594d2eb25b1: addNew group-37D6B1BAC934:[3022df09-a630-41b4-8e27-d594d2eb25b1:192.168.151.98:40040] returns group-37D6B1BAC934:java.util.concurrent.CompletableFuture@383fce5e[Not completed]
2019-10-14 10:24:29,289 [pool-433-thread-1] INFO  impl.RaftServerImpl (RaftServerImpl.java:<init>(95)) - 3022df09-a630-41b4-8e27-d594d2eb25b1: new RaftServerImpl for group-37D6B1BAC934:[3022df09-a630-41b4-8e27-d594d2eb25b1:192.168.151.98:40040] with ContainerStateMachine:uninitialized
2019-10-14 10:24:29,290 [pool-433-thread-1] INFO  server.RaftServerConfigKeys (ConfUtils.java:logGet(43)) - raft.server.rpc.timeout.min = 5s (custom)
2019-10-14 10:24:29,290 [pool-433-thread-1] INFO  server.RaftServerConfigKeys (ConfUtils.java:logGet(43)) - raft.server.rpc.timeout.max = 5200ms (custom)
2019-10-14 10:24:29,290 [pool-433-thread-1] INFO  server.RaftServerConfigKeys (ConfUtils.java:logGet(43)) - raft.server.rpcslowness.timeout = 120s (custom)
2019-10-14 10:24:29,290 [pool-433-thread-1] INFO  server.RaftServerConfigKeys (ConfUtils.java:logGet(43)) - raft.server.sleep.deviation.threshold = 300 (default)
2019-10-14 10:24:29,290 [pool-433-thread-1] INFO  server.RaftServerConfigKeys (ConfUtils.java:logGet(43)) - raft.server.log.appender.install.snapshot.enabled = false (custom)
2019-10-14 10:24:29,290 [pool-433-thread-1] INFO  impl.RaftServerImpl (ServerState.java:<init>(103)) - 3022df09-a630-41b4-8e27-d594d2eb25b1@group-37D6B1BAC934: ConfigurationManager, init=-1: [3022df09-a630-41b4-8e27-d594d2eb25b1:192.168.151.98:40040], old=null, confs=<EMPTY_MAP>
2019-10-14 10:24:29,290 [pool-433-thread-1] INFO  server.RaftServerConfigKeys (ConfUtils.java:logGet(43)) - raft.server.storage.dir = [/workdir/hadoop-ozone/integration-test/target/test-dir/MiniOzoneClusterImpl-f30111d8-2c27-4339-bd0d-42f9ef7787c8/datanode-5/data/ratis] (custom)
2019-10-14 10:24:29,290 [pool-433-thread-1] INFO  server.RaftServerConfigKeys (ConfUtils.java:logGet(43)) - raft.server.log.corruption.policy = EXCEPTION (default)
2019-10-14 10:24:29,290 [pool-433-thread-1] INFO  storage.RaftStorageDirectory (RaftStorageDirectory.java:analyzeStorage(246)) - The storage directory /workdir/hadoop-ozone/integration-test/target/test-dir/MiniOzoneClusterImpl-f30111d8-2c27-4339-bd0d-42f9ef7787c8/datanode-5/data/ratis/de73fe67-397c-4406-8e99-37d6b1bac934 does not exist. Creating ...
2019-10-14 10:24:29,303 [pool-433-thread-1] INFO  storage.RaftStorageDirectory (RaftStorageDirectory.java:tryLock(328)) - Lock on /workdir/hadoop-ozone/integration-test/target/test-dir/MiniOzoneClusterImpl-f30111d8-2c27-4339-bd0d-42f9ef7787c8/datanode-5/data/ratis/de73fe67-397c-4406-8e99-37d6b1bac934/in_use.lock acquired by nodename 15900@pr-hdds-2295-pn7hw-3586430783
2019-10-14 10:24:29,316 [pool-433-thread-1] INFO  storage.RaftStorage (RaftStorage.java:format(84)) - Storage directory /workdir/hadoop-ozone/integration-test/target/test-dir/MiniOzoneClusterImpl-f30111d8-2c27-4339-bd0d-42f9ef7787c8/datanode-5/data/ratis/de73fe67-397c-4406-8e99-37d6b1bac934 has been successfully formatted.
2019-10-14 10:24:29,316 [pool-433-thread-1] INFO  ratis.ContainerStateMachine (ContainerStateMachine.java:loadSnapshot(231)) - group-37D6B1BAC934: The snapshot info is null. Setting the last applied indexto:(t:0, i:~)
2019-10-14 10:24:29,316 [pool-433-thread-1] INFO  server.RaftServerConfigKeys (ConfUtils.java:logGet(43)) - raft.server.notification.no-leader.timeout = 120s (custom)
2019-10-14 10:24:29,316 [pool-433-thread-1] INFO  server.RaftServerConfigKeys (ConfUtils.java:logGet(43)) - raft.server.log.use.memory = false (default)
2019-10-14 10:24:29,316 [pool-433-thread-1] INFO  server.RaftServerConfigKeys (ConfUtils.java:logGet(43)) - raft.server.log.purge.gap = 1000000 (custom)
2019-10-14 10:24:29,317 [pool-433-thread-1] INFO  server.RaftServerConfigKeys (ConfUtils.java:logGet(43)) - raft.server.log.appender.buffer.byte-limit = 33554432 (custom)
2019-10-14 10:24:29,317 [pool-433-thread-1] INFO  server.RaftServerConfigKeys (ConfUtils.java:logGet(43)) - raft.server.log.segment.size.max = 1048576 (custom)
2019-10-14 10:24:29,318 [pool-433-thread-1] INFO  server.RaftServerConfigKeys (ConfUtils.java:logGet(43)) - raft.server.log.segment.cache.num.max = 2 (custom)
2019-10-14 10:24:29,318 [pool-433-thread-1] INFO  segmented.SegmentedRaftLogWorker (SegmentedRaftLogWorker.java:<init>(173)) - new 3022df09-a630-41b4-8e27-d594d2eb25b1@group-37D6B1BAC934-SegmentedRaftLogWorker for RaftStorage:Storage Directory /workdir/hadoop-ozone/integration-test/target/test-dir/MiniOzoneClusterImpl-f30111d8-2c27-4339-bd0d-42f9ef7787c8/datanode-5/data/ratis/de73fe67-397c-4406-8e99-37d6b1bac934
2019-10-14 10:24:29,318 [pool-433-thread-1] INFO  server.RaftServerConfigKeys (ConfUtils.java:logGet(43)) - raft.server.log.queue.byte-limit = 2147483647 (custom)
2019-10-14 10:24:29,318 [pool-433-thread-1] INFO  server.RaftServerConfigKeys (ConfUtils.java:logGet(43)) - raft.server.log.queue.element-limit = 1024 (custom)
2019-10-14 10:24:29,318 [pool-433-thread-1] INFO  server.RaftServerConfigKeys (ConfUtils.java:logGet(43)) - raft.server.log.segment.size.max = 1048576 (custom)
2019-10-14 10:24:29,318 [pool-433-thread-1] INFO  server.RaftServerConfigKeys (ConfUtils.java:logGet(43)) - raft.server.log.preallocated.size = 16384 (custom)
2019-10-14 10:24:29,318 [pool-433-thread-1] INFO  server.RaftServerConfigKeys (ConfUtils.java:logGet(43)) - raft.server.log.write.buffer.size = 33554432 (custom)
2019-10-14 10:24:29,318 [pool-433-thread-1] INFO  server.RaftServerConfigKeys (ConfUtils.java:logGet(43)) - raft.server.log.force.sync.num = 128 (default)
2019-10-14 10:24:29,318 [pool-433-thread-1] INFO  server.RaftServerConfigKeys (ConfUtils.java:logGet(43)) - raft.server.log.statemachine.data.sync = true (default)
2019-10-14 10:24:29,318 [pool-433-thread-1] INFO  server.RaftServerConfigKeys (ConfUtils.java:logGet(43)) - raft.server.log.statemachine.data.sync.timeout = 10s (default)
2019-10-14 10:24:29,319 [pool-433-thread-1] INFO  server.RaftServerConfigKeys (ConfUtils.java:logGet(43)) - raft.server.log.statemachine.data.sync.timeout.retry = -1 (default)
2019-10-14 10:24:29,319 [pool-433-thread-1] INFO  server.RaftServerConfigKeys (ConfUtils.java:logGet(43)) - raft.server.log.statemachine.data.caching.enabled = true (custom)
2019-10-14 10:24:29,319 [pool-433-thread-1] INFO  segmented.SegmentedRaftLogWorker (SegmentedRaftLogWorker.java:lambda$new$0(128)) - 3022df09-a630-41b4-8e27-d594d2eb25b1@group-37D6B1BAC934-SegmentedRaftLogWorker: flushIndex: setUnconditionally 0 -> -1
2019-10-14 10:24:29,319 [pool-433-thread-1] INFO  server.RaftServerConfigKeys (ConfUtils.java:logGet(43)) - raft.server.snapshot.auto.trigger.enabled = true (custom)
2019-10-14 10:24:29,319 [pool-433-thread-1] INFO  server.RaftServerConfigKeys (ConfUtils.java:logGet(43)) - raft.server.snapshot.auto.trigger.threshold = 10000 (custom)
2019-10-14 10:24:29,319 [pool-433-thread-1] INFO  server.RaftServerConfigKeys (ConfUtils.java:logGet(43)) - raft.server.snapshot.retention.file.num = 5 (custom)
2019-10-14 10:24:29,319 [pool-433-thread-1] INFO  server.RaftServerConfigKeys (ConfUtils.java:logGet(43)) - raft.server.retrycache.expirytime = 600000ms (custom)
2019-10-14 10:24:29,321 [pool-433-thread-1] INFO  impl.RaftServerImpl (RaftServerImpl.java:start(181)) - 3022df09-a630-41b4-8e27-d594d2eb25b1@group-37D6B1BAC934: start as a follower, conf=-1: [3022df09-a630-41b4-8e27-d594d2eb25b1:192.168.151.98:40040], old=null
2019-10-14 10:24:29,321 [pool-433-thread-1] INFO  impl.RaftServerImpl (RaftServerImpl.java:setRole(170)) - 3022df09-a630-41b4-8e27-d594d2eb25b1@group-37D6B1BAC934: changes role from      null to FOLLOWER at term 0 for startAsFollower
2019-10-14 10:24:29,321 [pool-433-thread-1] INFO  impl.RoleInfo (RoleInfo.java:updateAndGet(143)) - 3022df09-a630-41b4-8e27-d594d2eb25b1: start FollowerState
2019-10-14 10:24:29,321 [pool-433-thread-1] INFO  util.JmxRegister (JmxRegister.java:tryRegister(44)) - Successfully registered JMX Bean with object name Ratis:service=RaftServer,group=group-37D6B1BAC934,id=3022df09-a630-41b4-8e27-d594d2eb25b1
2019-10-14 10:24:29,325 [RatisPipelineUtilsThread] INFO  pipeline.PipelineStateManager (PipelineStateManager.java:addPipeline(56)) - Created pipeline Pipeline[ Id: de73fe67-397c-4406-8e99-37d6b1bac934, Nodes: 3022df09-a630-41b4-8e27-d594d2eb25b1{ip: 192.168.151.98, host: pr-hdds-2295-pn7hw-3586430783, networkLocation: /default-rack, certSerialId: null}, Type:RATIS, Factor:ONE, State:OPEN]
2019-10-14 10:24:29,343 [grpc-default-executor-2] INFO  impl.RaftServerProxy (RaftServerProxy.java:addNew(89)) - dd0835a3-7624-420b-b1a2-09507611bbb7: addNew group-665FE55C8538:[dd0835a3-7624-420b-b1a2-09507611bbb7:192.168.151.98:35770, 3022df09-a630-41b4-8e27-d594d2eb25b1:192.168.151.98:40040, 9f64abef-eab3-4b53-8936-bc0621b49398:192.168.151.98:34938] returns group-665FE55C8538:java.util.concurrent.CompletableFuture@467c0d95[Not completed]
2019-10-14 10:24:29,343 [grpc-default-executor-3] INFO  impl.RaftServerProxy (RaftServerProxy.java:addNew(89)) - 9f64abef-eab3-4b53-8936-bc0621b49398: addNew group-665FE55C8538:[dd0835a3-7624-420b-b1a2-09507611bbb7:192.168.151.98:35770, 3022df09-a630-41b4-8e27-d594d2eb25b1:192.168.151.98:40040, 9f64abef-eab3-4b53-8936-bc0621b49398:192.168.151.98:34938] returns group-665FE55C8538:java.util.concurrent.CompletableFuture@5aa5d42d[Not completed]
2019-10-14 10:24:29,344 [grpc-default-executor-2] INFO  impl.RaftServerProxy (RaftServerProxy.java:addNew(89)) - 3022df09-a630-41b4-8e27-d594d2eb25b1: addNew group-665FE55C8538:[dd0835a3-7624-420b-b1a2-09507611bbb7:192.168.151.98:35770, 3022df09-a630-41b4-8e27-d594d2eb25b1:192.168.151.98:40040, 9f64abef-eab3-4b53-8936-bc0621b49398:192.168.151.98:34938] returns group-665FE55C8538:java.util.concurrent.CompletableFuture@527e169a[Not completed]
2019-10-14 10:24:29,345 [pool-413-thread-1] INFO  impl.RaftServerImpl (RaftServerImpl.java:<init>(95)) - dd0835a3-7624-420b-b1a2-09507611bbb7: new RaftServerImpl for group-665FE55C8538:[dd0835a3-7624-420b-b1a2-09507611bbb7:192.168.151.98:35770, 3022df09-a630-41b4-8e27-d594d2eb25b1:192.168.151.98:40040, 9f64abef-eab3-4b53-8936-bc0621b49398:192.168.151.98:34938] with ContainerStateMachine:uninitialized
2019-10-14 10:24:29,345 [pool-413-thread-1] INFO  server.RaftServerConfigKeys (ConfUtils.java:logGet(43)) - raft.server.rpc.timeout.min = 5s (custom)
2019-10-14 10:24:29,345 [pool-413-thread-1] INFO  server.RaftServerConfigKeys (ConfUtils.java:logGet(43)) - raft.server.rpc.timeout.max = 5200ms (custom)
2019-10-14 10:24:29,345 [pool-433-thread-1] INFO  impl.RaftServerImpl (RaftServerImpl.java:<init>(95)) - 3022df09-a630-41b4-8e27-d594d2eb25b1: new RaftServerImpl for group-665FE55C8538:[dd0835a3-7624-420b-b1a2-09507611bbb7:192.168.151.98:35770, 3022df09-a630-41b4-8e27-d594d2eb25b1:192.168.151.98:40040, 9f64abef-eab3-4b53-8936-bc0621b49398:192.168.151.98:34938] with ContainerStateMachine:uninitialized
2019-10-14 10:24:29,345 [pool-413-thread-1] INFO  server.RaftServerConfigKeys (ConfUtils.java:logGet(43)) - raft.server.rpcslowness.timeout = 120s (custom)
2019-10-14 10:24:29,345 [pool-433-thread-1] INFO  server.RaftServerConfigKeys (ConfUtils.java:logGet(43)) - raft.server.rpc.timeout.min = 5s (custom)
2019-10-14 10:24:29,345 [pool-413-thread-1] INFO  server.RaftServerConfigKeys (ConfUtils.java:logGet(43)) - raft.server.sleep.deviation.threshold = 300 (default)
2019-10-14 10:24:29,345 [pool-433-thread-1] INFO  server.RaftServerConfigKeys (ConfUtils.java:logGet(43)) - raft.server.rpc.timeout.max = 5200ms (custom)
2019-10-14 10:24:29,345 [pool-413-thread-1] INFO  server.RaftServerConfigKeys (ConfUtils.java:logGet(43)) - raft.server.log.appender.install.snapshot.enabled = false (custom)
2019-10-14 10:24:29,345 [pool-423-thread-1] INFO  impl.RaftServerImpl (RaftServerImpl.java:<init>(95)) - 9f64abef-eab3-4b53-8936-bc0621b49398: new RaftServerImpl for group-665FE55C8538:[dd0835a3-7624-420b-b1a2-09507611bbb7:192.168.151.98:35770, 3022df09-a630-41b4-8e27-d594d2eb25b1:192.168.151.98:40040, 9f64abef-eab3-4b53-8936-bc0621b49398:192.168.151.98:34938] with ContainerStateMachine:uninitialized
2019-10-14 10:24:29,346 [pool-413-thread-1] INFO  impl.RaftServerImpl (ServerState.java:<init>(103)) - dd0835a3-7624-420b-b1a2-09507611bbb7@group-665FE55C8538: ConfigurationManager, init=-1: [dd0835a3-7624-420b-b1a2-09507611bbb7:192.168.151.98:35770, 3022df09-a630-41b4-8e27-d594d2eb25b1:192.168.151.98:40040, 9f64abef-eab3-4b53-8936-bc0621b49398:192.168.151.98:34938], old=null, confs=<EMPTY_MAP>
2019-10-14 10:24:29,346 [pool-433-thread-1] INFO  server.RaftServerConfigKeys (ConfUtils.java:logGet(43)) - raft.server.rpcslowness.timeout = 120s (custom)
2019-10-14 10:24:29,346 [pool-413-thread-1] INFO  server.RaftServerConfigKeys (ConfUtils.java:logGet(43)) - raft.server.storage.dir = [/workdir/hadoop-ozone/integration-test/target/test-dir/MiniOzoneClusterImpl-f30111d8-2c27-4339-bd0d-42f9ef7787c8/datanode-3/data/ratis] (custom)
2019-10-14 10:24:29,346 [pool-423-thread-1] INFO  server.RaftServerConfigKeys (ConfUtils.java:logGet(43)) - raft.server.rpc.timeout.min = 5s (custom)
2019-10-14 10:24:29,346 [pool-433-thread-1] INFO  server.RaftServerConfigKeys (ConfUtils.java:logGet(43)) - raft.server.sleep.deviation.threshold = 300 (default)
2019-10-14 10:24:29,346 [pool-413-thread-1] INFO  server.RaftServerConfigKeys (ConfUtils.java:logGet(43)) - raft.server.log.corruption.policy = EXCEPTION (default)
2019-10-14 10:24:29,346 [pool-423-thread-1] INFO  server.RaftServerConfigKeys (ConfUtils.java:logGet(43)) - raft.server.rpc.timeout.max = 5200ms (custom)
2019-10-14 10:24:29,346 [pool-433-thread-1] INFO  server.RaftServerConfigKeys (ConfUtils.java:logGet(43)) - raft.server.log.appender.install.snapshot.enabled = false (custom)
2019-10-14 10:24:29,346 [pool-423-thread-1] INFO  server.RaftServerConfigKeys (ConfUtils.java:logGet(43)) - raft.server.rpcslowness.timeout = 120s (custom)
2019-10-14 10:24:29,346 [pool-413-thread-1] INFO  storage.RaftStorageDirectory (RaftStorageDirectory.java:analyzeStorage(246)) - The storage directory /workdir/hadoop-ozone/integration-test/target/test-dir/MiniOzoneClusterImpl-f30111d8-2c27-4339-bd0d-42f9ef7787c8/datanode-3/data/ratis/dcd24098-55d9-4a1c-bc12-665fe55c8538 does not exist. Creating ...
2019-10-14 10:24:29,347 [pool-423-thread-1] INFO  server.RaftServerConfigKeys (ConfUtils.java:logGet(43)) - raft.server.sleep.deviation.threshold = 300 (default)
2019-10-14 10:24:29,347 [pool-433-thread-1] INFO  impl.RaftServerImpl (ServerState.java:<init>(103)) - 3022df09-a630-41b4-8e27-d594d2eb25b1@group-665FE55C8538: ConfigurationManager, init=-1: [dd0835a3-7624-420b-b1a2-09507611bbb7:192.168.151.98:35770, 3022df09-a630-41b4-8e27-d594d2eb25b1:192.168.151.98:40040, 9f64abef-eab3-4b53-8936-bc0621b49398:192.168.151.98:34938], old=null, confs=<EMPTY_MAP>
2019-10-14 10:24:29,347 [pool-423-thread-1] INFO  server.RaftServerConfigKeys (ConfUtils.java:logGet(43)) - raft.server.log.appender.install.snapshot.enabled = false (custom)
2019-10-14 10:24:29,347 [pool-433-thread-1] INFO  server.RaftServerConfigKeys (ConfUtils.java:logGet(43)) - raft.server.storage.dir = [/workdir/hadoop-ozone/integration-test/target/test-dir/MiniOzoneClusterImpl-f30111d8-2c27-4339-bd0d-42f9ef7787c8/datanode-5/data/ratis] (custom)
2019-10-14 10:24:29,347 [pool-423-thread-1] INFO  impl.RaftServerImpl (ServerState.java:<init>(103)) - 9f64abef-eab3-4b53-8936-bc0621b49398@group-665FE55C8538: ConfigurationManager, init=-1: [dd0835a3-7624-420b-b1a2-09507611bbb7:192.168.151.98:35770, 3022df09-a630-41b4-8e27-d594d2eb25b1:192.168.151.98:40040, 9f64abef-eab3-4b53-8936-bc0621b49398:192.168.151.98:34938], old=null, confs=<EMPTY_MAP>
2019-10-14 10:24:29,347 [pool-423-thread-1] INFO  server.RaftServerConfigKeys (ConfUtils.java:logGet(43)) - raft.server.storage.dir = [/workdir/hadoop-ozone/integration-test/target/test-dir/MiniOzoneClusterImpl-f30111d8-2c27-4339-bd0d-42f9ef7787c8/datanode-4/data/ratis] (custom)
2019-10-14 10:24:29,347 [pool-433-thread-1] INFO  server.RaftServerConfigKeys (ConfUtils.java:logGet(43)) - raft.server.log.corruption.policy = EXCEPTION (default)
2019-10-14 10:24:29,347 [pool-423-thread-1] INFO  server.RaftServerConfigKeys (ConfUtils.java:logGet(43)) - raft.server.log.corruption.policy = EXCEPTION (default)
2019-10-14 10:24:29,347 [pool-433-thread-1] INFO  storage.RaftStorageDirectory (RaftStorageDirectory.java:analyzeStorage(246)) - The storage directory /workdir/hadoop-ozone/integration-test/target/test-dir/MiniOzoneClusterImpl-f30111d8-2c27-4339-bd0d-42f9ef7787c8/datanode-5/data/ratis/dcd24098-55d9-4a1c-bc12-665fe55c8538 does not exist. Creating ...
2019-10-14 10:24:29,347 [pool-423-thread-1] INFO  storage.RaftStorageDirectory (RaftStorageDirectory.java:analyzeStorage(246)) - The storage directory /workdir/hadoop-ozone/integration-test/target/test-dir/MiniOzoneClusterImpl-f30111d8-2c27-4339-bd0d-42f9ef7787c8/datanode-4/data/ratis/dcd24098-55d9-4a1c-bc12-665fe55c8538 does not exist. Creating ...
2019-10-14 10:24:29,349 [IPC Server handler 3 on 34739] INFO  net.NetworkTopology (NetworkTopologyImpl.java:add(111)) - Added a new node: /default-rack/7745d681-1b56-4221-b4e7-6b323601d571
2019-10-14 10:24:29,349 [IPC Server handler 3 on 34739] INFO  node.SCMNodeManager (SCMNodeManager.java:register(268)) - Registered Data node : 7745d681-1b56-4221-b4e7-6b323601d571{ip: 192.168.151.98, host: pr-hdds-2295-pn7hw-3586430783, networkLocation: /default-rack, certSerialId: null}
2019-10-14 10:24:29,350 [main] INFO  ozone.MiniOzoneClusterImpl (MiniOzoneClusterImpl.java:lambda$waitForClusterToBeReady$0(147)) - Cluster is ready. Got 7 of 7 DN Heartbeats.
2019-10-14 10:24:29,372 [pool-423-thread-1] INFO  storage.RaftStorageDirectory (RaftStorageDirectory.java:tryLock(328)) - Lock on /workdir/hadoop-ozone/integration-test/target/test-dir/MiniOzoneClusterImpl-f30111d8-2c27-4339-bd0d-42f9ef7787c8/datanode-4/data/ratis/dcd24098-55d9-4a1c-bc12-665fe55c8538/in_use.lock acquired by nodename 15900@pr-hdds-2295-pn7hw-3586430783
2019-10-14 10:24:29,372 [pool-413-thread-1] INFO  storage.RaftStorageDirectory (RaftStorageDirectory.java:tryLock(328)) - Lock on /workdir/hadoop-ozone/integration-test/target/test-dir/MiniOzoneClusterImpl-f30111d8-2c27-4339-bd0d-42f9ef7787c8/datanode-3/data/ratis/dcd24098-55d9-4a1c-bc12-665fe55c8538/in_use.lock acquired by nodename 15900@pr-hdds-2295-pn7hw-3586430783
2019-10-14 10:24:29,372 [pool-433-thread-1] INFO  storage.RaftStorageDirectory (RaftStorageDirectory.java:tryLock(328)) - Lock on /workdir/hadoop-ozone/integration-test/target/test-dir/MiniOzoneClusterImpl-f30111d8-2c27-4339-bd0d-42f9ef7787c8/datanode-5/data/ratis/dcd24098-55d9-4a1c-bc12-665fe55c8538/in_use.lock acquired by nodename 15900@pr-hdds-2295-pn7hw-3586430783
2019-10-14 10:24:29,386 [pool-433-thread-1] INFO  storage.RaftStorage (RaftStorage.java:format(84)) - Storage directory /workdir/hadoop-ozone/integration-test/target/test-dir/MiniOzoneClusterImpl-f30111d8-2c27-4339-bd0d-42f9ef7787c8/datanode-5/data/ratis/dcd24098-55d9-4a1c-bc12-665fe55c8538 has been successfully formatted.
2019-10-14 10:24:29,386 [pool-413-thread-1] INFO  storage.RaftStorage (RaftStorage.java:format(84)) - Storage directory /workdir/hadoop-ozone/integration-test/target/test-dir/MiniOzoneClusterImpl-f30111d8-2c27-4339-bd0d-42f9ef7787c8/datanode-3/data/ratis/dcd24098-55d9-4a1c-bc12-665fe55c8538 has been successfully formatted.
2019-10-14 10:24:29,386 [pool-423-thread-1] INFO  storage.RaftStorage (RaftStorage.java:format(84)) - Storage directory /workdir/hadoop-ozone/integration-test/target/test-dir/MiniOzoneClusterImpl-f30111d8-2c27-4339-bd0d-42f9ef7787c8/datanode-4/data/ratis/dcd24098-55d9-4a1c-bc12-665fe55c8538 has been successfully formatted.
2019-10-14 10:24:29,387 [pool-413-thread-1] INFO  ratis.ContainerStateMachine (ContainerStateMachine.java:loadSnapshot(231)) - group-665FE55C8538: The snapshot info is null. Setting the last applied indexto:(t:0, i:~)
2019-10-14 10:24:29,387 [pool-433-thread-1] INFO  ratis.ContainerStateMachine (ContainerStateMachine.java:loadSnapshot(231)) - group-665FE55C8538: The snapshot info is null. Setting the last applied indexto:(t:0, i:~)
2019-10-14 10:24:29,387 [pool-413-thread-1] INFO  server.RaftServerConfigKeys (ConfUtils.java:logGet(43)) - raft.server.notification.no-leader.timeout = 120s (custom)
2019-10-14 10:24:29,387 [pool-423-thread-1] INFO  ratis.ContainerStateMachine (ContainerStateMachine.java:loadSnapshot(231)) - group-665FE55C8538: The snapshot info is null. Setting the last applied indexto:(t:0, i:~)
2019-10-14 10:24:29,387 [pool-413-thread-1] INFO  server.RaftServerConfigKeys (ConfUtils.java:logGet(43)) - raft.server.log.use.memory = false (default)
2019-10-14 10:24:29,387 [pool-433-thread-1] INFO  server.RaftServerConfigKeys (ConfUtils.java:logGet(43)) - raft.server.notification.no-leader.timeout = 120s (custom)
2019-10-14 10:24:29,387 [pool-413-thread-1] INFO  server.RaftServerConfigKeys (ConfUtils.java:logGet(43)) - raft.server.log.purge.gap = 1000000 (custom)
2019-10-14 10:24:29,387 [pool-423-thread-1] INFO  server.RaftServerConfigKeys (ConfUtils.java:logGet(43)) - raft.server.notification.no-leader.timeout = 120s (custom)
2019-10-14 10:24:29,387 [pool-413-thread-1] INFO  server.RaftServerConfigKeys (ConfUtils.java:logGet(43)) - raft.server.log.appender.buffer.byte-limit = 33554432 (custom)
2019-10-14 10:24:29,387 [pool-433-thread-1] INFO  server.RaftServerConfigKeys (ConfUtils.java:logGet(43)) - raft.server.log.use.memory = false (default)
2019-10-14 10:24:29,387 [pool-413-thread-1] INFO  server.RaftServerConfigKeys (ConfUtils.java:logGet(43)) - raft.server.log.segment.size.max = 1048576 (custom)
2019-10-14 10:24:29,387 [pool-423-thread-1] INFO  server.RaftServerConfigKeys (ConfUtils.java:logGet(43)) - raft.server.log.use.memory = false (default)
2019-10-14 10:24:29,388 [pool-413-thread-1] INFO  server.RaftServerConfigKeys (ConfUtils.java:logGet(43)) - raft.server.log.segment.cache.num.max = 2 (custom)
2019-10-14 10:24:29,387 [pool-433-thread-1] INFO  server.RaftServerConfigKeys (ConfUtils.java:logGet(43)) - raft.server.log.purge.gap = 1000000 (custom)
2019-10-14 10:24:29,388 [pool-413-thread-1] INFO  segmented.SegmentedRaftLogWorker (SegmentedRaftLogWorker.java:<init>(173)) - new dd0835a3-7624-420b-b1a2-09507611bbb7@group-665FE55C8538-SegmentedRaftLogWorker for RaftStorage:Storage Directory /workdir/hadoop-ozone/integration-test/target/test-dir/MiniOzoneClusterImpl-f30111d8-2c27-4339-bd0d-42f9ef7787c8/datanode-3/data/ratis/dcd24098-55d9-4a1c-bc12-665fe55c8538
2019-10-14 10:24:29,388 [pool-423-thread-1] INFO  server.RaftServerConfigKeys (ConfUtils.java:logGet(43)) - raft.server.log.purge.gap = 1000000 (custom)
2019-10-14 10:24:29,388 [pool-413-thread-1] INFO  server.RaftServerConfigKeys (ConfUtils.java:logGet(43)) - raft.server.log.queue.byte-limit = 2147483647 (custom)
2019-10-14 10:24:29,388 [pool-433-thread-1] INFO  server.RaftServerConfigKeys (ConfUtils.java:logGet(43)) - raft.server.log.appender.buffer.byte-limit = 33554432 (custom)
2019-10-14 10:24:29,391 [pool-413-thread-1] INFO  server.RaftServerConfigKeys (ConfUtils.java:logGet(43)) - raft.server.log.queue.element-limit = 1024 (custom)
2019-10-14 10:24:29,388 [pool-423-thread-1] INFO  server.RaftServerConfigKeys (ConfUtils.java:logGet(43)) - raft.server.log.appender.buffer.byte-limit = 33554432 (custom)
2019-10-14 10:24:29,391 [pool-413-thread-1] INFO  server.RaftServerConfigKeys (ConfUtils.java:logGet(43)) - raft.server.log.segment.size.max = 1048576 (custom)
2019-10-14 10:24:29,391 [pool-433-thread-1] INFO  server.RaftServerConfigKeys (ConfUtils.java:logGet(43)) - raft.server.log.segment.size.max = 1048576 (custom)
2019-10-14 10:24:29,396 [pool-413-thread-1] INFO  server.RaftServerConfigKeys (ConfUtils.java:logGet(43)) - raft.server.log.preallocated.size = 16384 (custom)
2019-10-14 10:24:29,396 [pool-423-thread-1] INFO  server.RaftServerConfigKeys (ConfUtils.java:logGet(43)) - raft.server.log.segment.size.max = 1048576 (custom)
2019-10-14 10:24:29,396 [pool-413-thread-1] INFO  server.RaftServerConfigKeys (ConfUtils.java:logGet(43)) - raft.server.log.write.buffer.size = 33554432 (custom)
2019-10-14 10:24:29,396 [pool-433-thread-1] INFO  server.RaftServerConfigKeys (ConfUtils.java:logGet(43)) - raft.server.log.segment.cache.num.max = 2 (custom)
2019-10-14 10:24:29,396 [pool-413-thread-1] INFO  server.RaftServerConfigKeys (ConfUtils.java:logGet(43)) - raft.server.log.force.sync.num = 128 (default)
2019-10-14 10:24:29,396 [pool-423-thread-1] INFO  server.RaftServerConfigKeys (ConfUtils.java:logGet(43)) - raft.server.log.segment.cache.num.max = 2 (custom)
2019-10-14 10:24:29,396 [pool-413-thread-1] INFO  server.RaftServerConfigKeys (ConfUtils.java:logGet(43)) - raft.server.log.statemachine.data.sync = true (default)
2019-10-14 10:24:29,396 [pool-433-thread-1] INFO  segmented.SegmentedRaftLogWorker (SegmentedRaftLogWorker.java:<init>(173)) - new 3022df09-a630-41b4-8e27-d594d2eb25b1@group-665FE55C8538-SegmentedRaftLogWorker for RaftStorage:Storage Directory /workdir/hadoop-ozone/integration-test/target/test-dir/MiniOzoneClusterImpl-f30111d8-2c27-4339-bd0d-42f9ef7787c8/datanode-5/data/ratis/dcd24098-55d9-4a1c-bc12-665fe55c8538
2019-10-14 10:24:29,396 [pool-413-thread-1] INFO  server.RaftServerConfigKeys (ConfUtils.java:logGet(43)) - raft.server.log.statemachine.data.sync.timeout = 10s (default)
2019-10-14 10:24:29,396 [pool-423-thread-1] INFO  segmented.SegmentedRaftLogWorker (SegmentedRaftLogWorker.java:<init>(173)) - new 9f64abef-eab3-4b53-8936-bc0621b49398@group-665FE55C8538-SegmentedRaftLogWorker for RaftStorage:Storage Directory /workdir/hadoop-ozone/integration-test/target/test-dir/MiniOzoneClusterImpl-f30111d8-2c27-4339-bd0d-42f9ef7787c8/datanode-4/data/ratis/dcd24098-55d9-4a1c-bc12-665fe55c8538
2019-10-14 10:24:29,397 [pool-413-thread-1] INFO  server.RaftServerConfigKeys (ConfUtils.java:logGet(43)) - raft.server.log.statemachine.data.sync.timeout.retry = -1 (default)
2019-10-14 10:24:29,397 [main] INFO  rpc.RpcClient (RpcClient.java:createVolume(272)) - Creating Volume: watchforcommithandlingtest, with jenkins1000 as owner.
2019-10-14 10:24:29,396 [pool-433-thread-1] INFO  server.RaftServerConfigKeys (ConfUtils.java:logGet(43)) - raft.server.log.queue.byte-limit = 2147483647 (custom)
2019-10-14 10:24:29,397 [pool-413-thread-1] INFO  server.RaftServerConfigKeys (ConfUtils.java:logGet(43)) - raft.server.log.statemachine.data.caching.enabled = true (custom)
2019-10-14 10:24:29,397 [pool-423-thread-1] INFO  server.RaftServerConfigKeys (ConfUtils.java:logGet(43)) - raft.server.log.queue.byte-limit = 2147483647 (custom)
2019-10-14 10:24:29,397 [pool-433-thread-1] INFO  server.RaftServerConfigKeys (ConfUtils.java:logGet(43)) - raft.server.log.queue.element-limit = 1024 (custom)
2019-10-14 10:24:29,397 [pool-423-thread-1] INFO  server.RaftServerConfigKeys (ConfUtils.java:logGet(43)) - raft.server.log.queue.element-limit = 1024 (custom)
2019-10-14 10:24:29,397 [pool-413-thread-1] INFO  segmented.SegmentedRaftLogWorker (SegmentedRaftLogWorker.java:lambda$new$0(128)) - dd0835a3-7624-420b-b1a2-09507611bbb7@group-665FE55C8538-SegmentedRaftLogWorker: flushIndex: setUnconditionally 0 -> -1
2019-10-14 10:24:29,398 [pool-423-thread-1] INFO  server.RaftServerConfigKeys (ConfUtils.java:logGet(43)) - raft.server.log.segment.size.max = 1048576 (custom)
2019-10-14 10:24:29,397 [pool-433-thread-1] INFO  server.RaftServerConfigKeys (ConfUtils.java:logGet(43)) - raft.server.log.segment.size.max = 1048576 (custom)
2019-10-14 10:24:29,398 [pool-423-thread-1] INFO  server.RaftServerConfigKeys (ConfUtils.java:logGet(43)) - raft.server.log.preallocated.size = 16384 (custom)
2019-10-14 10:24:29,398 [pool-413-thread-1] INFO  server.RaftServerConfigKeys (ConfUtils.java:logGet(43)) - raft.server.snapshot.auto.trigger.enabled = true (custom)
2019-10-14 10:24:29,398 [pool-423-thread-1] INFO  server.RaftServerConfigKeys (ConfUtils.java:logGet(43)) - raft.server.log.write.buffer.size = 33554432 (custom)
2019-10-14 10:24:29,398 [pool-433-thread-1] INFO  server.RaftServerConfigKeys (ConfUtils.java:logGet(43)) - raft.server.log.preallocated.size = 16384 (custom)
2019-10-14 10:24:29,398 [pool-423-thread-1] INFO  server.RaftServerConfigKeys (ConfUtils.java:logGet(43)) - raft.server.log.force.sync.num = 128 (default)
2019-10-14 10:24:29,398 [pool-413-thread-1] INFO  server.RaftServerConfigKeys (ConfUtils.java:logGet(43)) - raft.server.snapshot.auto.trigger.threshold = 10000 (custom)
2019-10-14 10:24:29,398 [pool-423-thread-1] INFO  server.RaftServerConfigKeys (ConfUtils.java:logGet(43)) - raft.server.log.statemachine.data.sync = true (default)
2019-10-14 10:24:29,398 [pool-433-thread-1] INFO  server.RaftServerConfigKeys (ConfUtils.java:logGet(43)) - raft.server.log.write.buffer.size = 33554432 (custom)
2019-10-14 10:24:29,398 [pool-423-thread-1] INFO  server.RaftServerConfigKeys (ConfUtils.java:logGet(43)) - raft.server.log.statemachine.data.sync.timeout = 10s (default)
2019-10-14 10:24:29,398 [pool-413-thread-1] INFO  server.RaftServerConfigKeys (ConfUtils.java:logGet(43)) - raft.server.snapshot.retention.file.num = 5 (custom)
2019-10-14 10:24:29,399 [pool-423-thread-1] INFO  server.RaftServerConfigKeys (ConfUtils.java:logGet(43)) - raft.server.log.statemachine.data.sync.timeout.retry = -1 (default)
2019-10-14 10:24:29,399 [pool-433-thread-1] INFO  server.RaftServerConfigKeys (ConfUtils.java:logGet(43)) - raft.server.log.force.sync.num = 128 (default)
2019-10-14 10:24:29,399 [pool-423-thread-1] INFO  server.RaftServerConfigKeys (ConfUtils.java:logGet(43)) - raft.server.log.statemachine.data.caching.enabled = true (custom)
2019-10-14 10:24:29,399 [pool-413-thread-1] INFO  server.RaftServerConfigKeys (ConfUtils.java:logGet(43)) - raft.server.retrycache.expirytime = 600000ms (custom)
2019-10-14 10:24:29,399 [IPC Server handler 1 on 44134] INFO  volume.OMVolumeCreateRequest (OMVolumeCreateRequest.java:validateAndUpdateCache(193)) - created volume:watchforcommithandlingtest for user:jenkins1000
2019-10-14 10:24:29,399 [pool-433-thread-1] INFO  server.RaftServerConfigKeys (ConfUtils.java:logGet(43)) - raft.server.log.statemachine.data.sync = true (default)
2019-10-14 10:24:29,399 [pool-423-thread-1] INFO  segmented.SegmentedRaftLogWorker (SegmentedRaftLogWorker.java:lambda$new$0(128)) - 9f64abef-eab3-4b53-8936-bc0621b49398@group-665FE55C8538-SegmentedRaftLogWorker: flushIndex: setUnconditionally 0 -> -1
2019-10-14 10:24:29,399 [pool-433-thread-1] INFO  server.RaftServerConfigKeys (ConfUtils.java:logGet(43)) - raft.server.log.statemachine.data.sync.timeout = 10s (default)
2019-10-14 10:24:29,400 [pool-433-thread-1] INFO  server.RaftServerConfigKeys (ConfUtils.java:logGet(43)) - raft.server.log.statemachine.data.sync.timeout.retry = -1 (default)
2019-10-14 10:24:29,400 [pool-423-thread-1] INFO  server.RaftServerConfigKeys (ConfUtils.java:logGet(43)) - raft.server.snapshot.auto.trigger.enabled = true (custom)
2019-10-14 10:24:29,400 [pool-433-thread-1] INFO  server.RaftServerConfigKeys (ConfUtils.java:logGet(43)) - raft.server.log.statemachine.data.caching.enabled = true (custom)
2019-10-14 10:24:29,400 [pool-423-thread-1] INFO  server.RaftServerConfigKeys (ConfUtils.java:logGet(43)) - raft.server.snapshot.auto.trigger.threshold = 10000 (custom)
2019-10-14 10:24:29,400 [pool-423-thread-1] INFO  server.RaftServerConfigKeys (ConfUtils.java:logGet(43)) - raft.server.snapshot.retention.file.num = 5 (custom)
2019-10-14 10:24:29,400 [pool-433-thread-1] INFO  segmented.SegmentedRaftLogWorker (SegmentedRaftLogWorker.java:lambda$new$0(128)) - 3022df09-a630-41b4-8e27-d594d2eb25b1@group-665FE55C8538-SegmentedRaftLogWorker: flushIndex: setUnconditionally 0 -> -1
2019-10-14 10:24:29,400 [pool-423-thread-1] INFO  server.RaftServerConfigKeys (ConfUtils.java:logGet(43)) - raft.server.retrycache.expirytime = 600000ms (custom)
2019-10-14 10:24:29,401 [pool-433-thread-1] INFO  server.RaftServerConfigKeys (ConfUtils.java:logGet(43)) - raft.server.snapshot.auto.trigger.enabled = true (custom)
2019-10-14 10:24:29,401 [pool-433-thread-1] INFO  server.RaftServerConfigKeys (ConfUtils.java:logGet(43)) - raft.server.snapshot.auto.trigger.threshold = 10000 (custom)
2019-10-14 10:24:29,404 [pool-433-thread-1] INFO  server.RaftServerConfigKeys (ConfUtils.java:logGet(43)) - raft.server.snapshot.retention.file.num = 5 (custom)
2019-10-14 10:24:29,404 [pool-413-thread-1] INFO  impl.RaftServerImpl (RaftServerImpl.java:start(181)) - dd0835a3-7624-420b-b1a2-09507611bbb7@group-665FE55C8538: start as a follower, conf=-1: [dd0835a3-7624-420b-b1a2-09507611bbb7:192.168.151.98:35770, 3022df09-a630-41b4-8e27-d594d2eb25b1:192.168.151.98:40040, 9f64abef-eab3-4b53-8936-bc0621b49398:192.168.151.98:34938], old=null
2019-10-14 10:24:29,404 [pool-433-thread-1] INFO  server.RaftServerConfigKeys (ConfUtils.java:logGet(43)) - raft.server.retrycache.expirytime = 600000ms (custom)
2019-10-14 10:24:29,404 [pool-413-thread-1] INFO  impl.RaftServerImpl (RaftServerImpl.java:setRole(170)) - dd0835a3-7624-420b-b1a2-09507611bbb7@group-665FE55C8538: changes role from      null to FOLLOWER at term 0 for startAsFollower
2019-10-14 10:24:29,404 [pool-413-thread-1] INFO  impl.RoleInfo (RoleInfo.java:updateAndGet(143)) - dd0835a3-7624-420b-b1a2-09507611bbb7: start FollowerState
2019-10-14 10:24:29,414 [pool-413-thread-1] INFO  util.JmxRegister (JmxRegister.java:tryRegister(44)) - Successfully registered JMX Bean with object name Ratis:service=RaftServer,group=group-665FE55C8538,id=dd0835a3-7624-420b-b1a2-09507611bbb7
2019-10-14 10:24:29,414 [main] INFO  rpc.RpcClient (RpcClient.java:createBucket(411)) - Creating Bucket: watchforcommithandlingtest/watchforcommithandlingtest, with Versioning false and Storage Type set to DISK and Encryption set to false 
2019-10-14 10:24:29,418 [pool-423-thread-1] INFO  impl.RaftServerImpl (RaftServerImpl.java:start(181)) - 9f64abef-eab3-4b53-8936-bc0621b49398@group-665FE55C8538: start as a follower, conf=-1: [dd0835a3-7624-420b-b1a2-09507611bbb7:192.168.151.98:35770, 3022df09-a630-41b4-8e27-d594d2eb25b1:192.168.151.98:40040, 9f64abef-eab3-4b53-8936-bc0621b49398:192.168.151.98:34938], old=null
2019-10-14 10:24:29,418 [pool-423-thread-1] INFO  impl.RaftServerImpl (RaftServerImpl.java:setRole(170)) - 9f64abef-eab3-4b53-8936-bc0621b49398@group-665FE55C8538: changes role from      null to FOLLOWER at term 0 for startAsFollower
2019-10-14 10:24:29,418 [pool-423-thread-1] INFO  impl.RoleInfo (RoleInfo.java:updateAndGet(143)) - 9f64abef-eab3-4b53-8936-bc0621b49398: start FollowerState
2019-10-14 10:24:29,418 [pool-423-thread-1] INFO  util.JmxRegister (JmxRegister.java:tryRegister(44)) - Successfully registered JMX Bean with object name Ratis:service=RaftServer,group=group-665FE55C8538,id=9f64abef-eab3-4b53-8936-bc0621b49398
2019-10-14 10:24:29,418 [pool-433-thread-1] INFO  impl.RaftServerImpl (RaftServerImpl.java:start(181)) - 3022df09-a630-41b4-8e27-d594d2eb25b1@group-665FE55C8538: start as a follower, conf=-1: [dd0835a3-7624-420b-b1a2-09507611bbb7:192.168.151.98:35770, 3022df09-a630-41b4-8e27-d594d2eb25b1:192.168.151.98:40040, 9f64abef-eab3-4b53-8936-bc0621b49398:192.168.151.98:34938], old=null
2019-10-14 10:24:29,419 [main] INFO  ozone.MiniOzoneClusterImpl (MiniOzoneClusterImpl.java:getStorageContainerLocationClient(234)) - Creating StorageContainerLocationProtocol RPC client with address /0.0.0.0:40146
2019-10-14 10:24:29,419 [pool-433-thread-1] INFO  impl.RaftServerImpl (RaftServerImpl.java:setRole(170)) - 3022df09-a630-41b4-8e27-d594d2eb25b1@group-665FE55C8538: changes role from      null to FOLLOWER at term 0 for startAsFollower
2019-10-14 10:24:29,419 [pool-433-thread-1] INFO  impl.RoleInfo (RoleInfo.java:updateAndGet(143)) - 3022df09-a630-41b4-8e27-d594d2eb25b1: start FollowerState
2019-10-14 10:24:29,419 [pool-433-thread-1] INFO  util.JmxRegister (JmxRegister.java:tryRegister(44)) - Successfully registered JMX Bean with object name Ratis:service=RaftServer,group=group-665FE55C8538,id=3022df09-a630-41b4-8e27-d594d2eb25b1
2019-10-14 10:24:29,422 [RatisPipelineUtilsThread] INFO  pipeline.PipelineStateManager (PipelineStateManager.java:addPipeline(56)) - Created pipeline Pipeline[ Id: dcd24098-55d9-4a1c-bc12-665fe55c8538, Nodes: dd0835a3-7624-420b-b1a2-09507611bbb7{ip: 192.168.151.98, host: pr-hdds-2295-pn7hw-3586430783, networkLocation: /default-rack, certSerialId: null}3022df09-a630-41b4-8e27-d594d2eb25b1{ip: 192.168.151.98, host: pr-hdds-2295-pn7hw-3586430783, networkLocation: /default-rack, certSerialId: null}9f64abef-eab3-4b53-8936-bc0621b49398{ip: 192.168.151.98, host: pr-hdds-2295-pn7hw-3586430783, networkLocation: /default-rack, certSerialId: null}, Type:RATIS, Factor:THREE, State:OPEN]
2019-10-14 10:24:30,709 [grpc-default-executor-2] WARN  server.GrpcLogAppender (LogUtils.java:warn(134)) - 514d7619-ced6-4f91-abef-7c941b49b03a@group-A2D2F2F5653F->9a7cd4fb-2149-444e-852a-606827ec4daf-AppendLogResponseHandler: Failed appendEntries: org.apache.ratis.thirdparty.io.grpc.StatusRuntimeException: UNAVAILABLE: io exception
2019-10-14 10:24:30,709 [grpc-default-executor-7] WARN  server.GrpcLogAppender (LogUtils.java:warn(134)) - 514d7619-ced6-4f91-abef-7c941b49b03a@group-A2D2F2F5653F->71a3fedc-d6c8-4ada-8021-3efcd81af050-AppendLogResponseHandler: Failed appendEntries: org.apache.ratis.thirdparty.io.grpc.StatusRuntimeException: UNAVAILABLE: io exception
2019-10-14 10:24:30,709 [grpc-default-executor-2] INFO  impl.FollowerInfo (FollowerInfo.java:lambda$new$0(51)) - 514d7619-ced6-4f91-abef-7c941b49b03a@group-A2D2F2F5653F->9a7cd4fb-2149-444e-852a-606827ec4daf: nextIndex: updateUnconditionally 0 -> 0
2019-10-14 10:24:30,709 [grpc-default-executor-7] INFO  impl.FollowerInfo (FollowerInfo.java:lambda$new$0(51)) - 514d7619-ced6-4f91-abef-7c941b49b03a@group-A2D2F2F5653F->71a3fedc-d6c8-4ada-8021-3efcd81af050: nextIndex: updateUnconditionally 0 -> 0
2019-10-14 10:24:31,855 [Thread-2357] INFO  container.ReplicationManager (ReplicationManager.java:start(162)) - Starting Replication Monitor Thread.
2019-10-14 10:24:31,860 [ReplicationMonitor] INFO  container.ReplicationManager (ReplicationManager.java:run(225)) - Replication Monitor Thread took 1 milliseconds for processing 1 containers.
2019-10-14 10:24:32,056 [Thread-2410] INFO  client.GrpcClientProtocolService (GrpcClientProtocolService.java:lambda$processClientRequest$0(278)) - Failed RaftClientRequest:client-8882E7FEB1E1->514d7619-ced6-4f91-abef-7c941b49b03a@group-A2D2F2F5653F, cid=67, seq=0, Watch-ALL_COMMITTED(76), Message:<EMPTY>, reply=RaftClientReply:client-8882E7FEB1E1->514d7619-ced6-4f91-abef-7c941b49b03a@group-A2D2F2F5653F, cid=67, FAILED org.apache.ratis.protocol.NotReplicatedException: Request with call Id 67 and log index 76 is not yet replicated to ALL_COMMITTED, logIndex=76, commits[514d7619-ced6-4f91-abef-7c941b49b03a:c2, 71a3fedc-d6c8-4ada-8021-3efcd81af050:c2, 9a7cd4fb-2149-444e-852a-606827ec4daf:c2]
2019-10-14 10:24:32,061 [Thread-2411] INFO  client.GrpcClientProtocolService (GrpcClientProtocolService.java:lambda$processClientRequest$0(278)) - Failed RaftClientRequest:client-8882E7FEB1E1->514d7619-ced6-4f91-abef-7c941b49b03a@group-A2D2F2F5653F, cid=68, seq=0, Watch-MAJORITY_COMMITTED(76), Message:<EMPTY>, reply=RaftClientReply:client-8882E7FEB1E1->514d7619-ced6-4f91-abef-7c941b49b03a@group-A2D2F2F5653F, cid=68, FAILED org.apache.ratis.protocol.NotReplicatedException: Request with call Id 68 and log index 76 is not yet replicated to MAJORITY_COMMITTED, logIndex=76, commits[514d7619-ced6-4f91-abef-7c941b49b03a:c2, 71a3fedc-d6c8-4ada-8021-3efcd81af050:c2, 9a7cd4fb-2149-444e-852a-606827ec4daf:c2]
2019-10-14 10:24:33,210 [grpc-default-executor-2] WARN  server.GrpcLogAppender (LogUtils.java:warn(134)) - 514d7619-ced6-4f91-abef-7c941b49b03a@group-A2D2F2F5653F->71a3fedc-d6c8-4ada-8021-3efcd81af050-AppendLogResponseHandler: Failed appendEntries: org.apache.ratis.thirdparty.io.grpc.StatusRuntimeException: UNAVAILABLE: io exception
2019-10-14 10:24:33,210 [grpc-default-executor-3] WARN  server.GrpcLogAppender (LogUtils.java:warn(134)) - 514d7619-ced6-4f91-abef-7c941b49b03a@group-A2D2F2F5653F->9a7cd4fb-2149-444e-852a-606827ec4daf-AppendLogResponseHandler: Failed appendEntries: org.apache.ratis.thirdparty.io.grpc.StatusRuntimeException: UNAVAILABLE: io exception
2019-10-14 10:24:33,210 [grpc-default-executor-2] INFO  impl.FollowerInfo (FollowerInfo.java:lambda$new$0(51)) - 514d7619-ced6-4f91-abef-7c941b49b03a@group-A2D2F2F5653F->71a3fedc-d6c8-4ada-8021-3efcd81af050: nextIndex: updateUnconditionally 0 -> 0
2019-10-14 10:24:33,210 [grpc-default-executor-3] INFO  impl.FollowerInfo (FollowerInfo.java:lambda$new$0(51)) - 514d7619-ced6-4f91-abef-7c941b49b03a@group-A2D2F2F5653F->9a7cd4fb-2149-444e-852a-606827ec4daf: nextIndex: updateUnconditionally 0 -> 0
2019-10-14 10:24:33,987 [Thread-2359] INFO  impl.FollowerState (FollowerState.java:run(108)) - 00992991-c583-4119-98d8-1ee4a96d1469@group-720D37922FDB-FollowerState: change to CANDIDATE, lastRpcTime:5053ms, electionTimeout:5053ms
2019-10-14 10:24:33,987 [Thread-2359] INFO  impl.RoleInfo (RoleInfo.java:shutdownFollowerState(121)) - 00992991-c583-4119-98d8-1ee4a96d1469: shutdown FollowerState
2019-10-14 10:24:33,987 [Thread-2359] INFO  impl.RaftServerImpl (RaftServerImpl.java:setRole(170)) - 00992991-c583-4119-98d8-1ee4a96d1469@group-720D37922FDB: changes role from  FOLLOWER to CANDIDATE at term 0 for changeToCandidate
2019-10-14 10:24:33,987 [Thread-2359] INFO  impl.RoleInfo (RoleInfo.java:updateAndGet(143)) - 00992991-c583-4119-98d8-1ee4a96d1469: start LeaderElection
2019-10-14 10:24:34,011 [00992991-c583-4119-98d8-1ee4a96d1469@group-720D37922FDB-LeaderElection62] INFO  impl.LeaderElection (LeaderElection.java:askForVotes(178)) - 00992991-c583-4119-98d8-1ee4a96d1469@group-720D37922FDB-LeaderElection62: begin an election at term 1 for -1: [00992991-c583-4119-98d8-1ee4a96d1469:192.168.151.98:41664], old=null
2019-10-14 10:24:34,012 [00992991-c583-4119-98d8-1ee4a96d1469@group-720D37922FDB-LeaderElection62] INFO  impl.RoleInfo (RoleInfo.java:shutdownLeaderElection(134)) - 00992991-c583-4119-98d8-1ee4a96d1469: shutdown LeaderElection
2019-10-14 10:24:34,012 [00992991-c583-4119-98d8-1ee4a96d1469@group-720D37922FDB-LeaderElection62] INFO  impl.RaftServerImpl (RaftServerImpl.java:setRole(170)) - 00992991-c583-4119-98d8-1ee4a96d1469@group-720D37922FDB: changes role from CANDIDATE to LEADER at term 1 for changeToLeader
2019-10-14 10:24:34,012 [00992991-c583-4119-98d8-1ee4a96d1469@group-720D37922FDB-LeaderElection62] INFO  impl.RaftServerImpl (ServerState.java:setLeader(255)) - 00992991-c583-4119-98d8-1ee4a96d1469@group-720D37922FDB: change Leader from null to 00992991-c583-4119-98d8-1ee4a96d1469 at term 1 for becomeLeader, leader elected after 5085ms
2019-10-14 10:24:34,012 [00992991-c583-4119-98d8-1ee4a96d1469@group-720D37922FDB-LeaderElection62] INFO  server.RaftServerConfigKeys (ConfUtils.java:logGet(43)) - raft.server.staging.catchup.gap = 1000 (default)
2019-10-14 10:24:34,012 [00992991-c583-4119-98d8-1ee4a96d1469@group-720D37922FDB-LeaderElection62] INFO  server.RaftServerConfigKeys (ConfUtils.java:logGet(43)) - raft.server.rpc.sleep.time = 25ms (default)
2019-10-14 10:24:34,012 [00992991-c583-4119-98d8-1ee4a96d1469@group-720D37922FDB-LeaderElection62] INFO  server.RaftServerConfigKeys (ConfUtils.java:logGet(43)) - raft.server.write.element-limit = 4096 (default)
2019-10-14 10:24:34,012 [00992991-c583-4119-98d8-1ee4a96d1469@group-720D37922FDB-LeaderElection62] INFO  server.RaftServerConfigKeys (ConfUtils.java:logGet(43)) - raft.server.watch.timeout = 10s (default)
2019-10-14 10:24:34,013 [00992991-c583-4119-98d8-1ee4a96d1469@group-720D37922FDB-LeaderElection62] INFO  server.RaftServerConfigKeys (ConfUtils.java:logGet(43)) - raft.server.watch.timeout.denomination = 1s (default)
2019-10-14 10:24:34,013 [00992991-c583-4119-98d8-1ee4a96d1469@group-720D37922FDB-LeaderElection62] INFO  server.RaftServerConfigKeys (ConfUtils.java:logGet(43)) - raft.server.watch.element-limit = 65536 (default)
2019-10-14 10:24:34,014 [00992991-c583-4119-98d8-1ee4a96d1469@group-720D37922FDB-LeaderElection62] INFO  impl.RoleInfo (RoleInfo.java:updateAndGet(143)) - 00992991-c583-4119-98d8-1ee4a96d1469: start LeaderState
2019-10-14 10:24:34,015 [00992991-c583-4119-98d8-1ee4a96d1469@group-720D37922FDB-LeaderElection62] INFO  segmented.SegmentedRaftLogWorker (SegmentedRaftLogWorker.java:startLogSegment(385)) - 00992991-c583-4119-98d8-1ee4a96d1469@group-720D37922FDB-SegmentedRaftLogWorker: Starting segment from index:0
2019-10-14 10:24:34,015 [00992991-c583-4119-98d8-1ee4a96d1469@group-720D37922FDB-LeaderElection62] INFO  impl.RaftServerImpl (ServerState.java:setRaftConf(356)) - 00992991-c583-4119-98d8-1ee4a96d1469@group-720D37922FDB: set configuration 0: [00992991-c583-4119-98d8-1ee4a96d1469:192.168.151.98:41664], old=null at 0
2019-10-14 10:24:34,025 [Thread-2362] INFO  impl.FollowerState (FollowerState.java:run(108)) - 24b422b5-1a0c-4d00-9bb9-3f31def6177b@group-253EDF4169C5-FollowerState: change to CANDIDATE, lastRpcTime:5050ms, electionTimeout:5050ms
2019-10-14 10:24:34,025 [Thread-2362] INFO  impl.RoleInfo (RoleInfo.java:shutdownFollowerState(121)) - 24b422b5-1a0c-4d00-9bb9-3f31def6177b: shutdown FollowerState
2019-10-14 10:24:34,025 [Thread-2362] INFO  impl.RaftServerImpl (RaftServerImpl.java:setRole(170)) - 24b422b5-1a0c-4d00-9bb9-3f31def6177b@group-253EDF4169C5: changes role from  FOLLOWER to CANDIDATE at term 0 for changeToCandidate
2019-10-14 10:24:34,025 [Thread-2362] INFO  impl.RoleInfo (RoleInfo.java:updateAndGet(143)) - 24b422b5-1a0c-4d00-9bb9-3f31def6177b: start LeaderElection
2019-10-14 10:24:34,072 [00992991-c583-4119-98d8-1ee4a96d1469@group-720D37922FDB-SegmentedRaftLogWorker] INFO  segmented.SegmentedRaftLogWorker (SegmentedRaftLogWorker.java:execute(574)) - 00992991-c583-4119-98d8-1ee4a96d1469@group-720D37922FDB-SegmentedRaftLogWorker: created new log segment /workdir/hadoop-ozone/integration-test/target/test-dir/MiniOzoneClusterImpl-f30111d8-2c27-4339-bd0d-42f9ef7787c8/datanode-0/data/ratis/8251ecbc-7f0d-469e-bff1-720d37922fdb/current/log_inprogress_0
2019-10-14 10:24:34,072 [24b422b5-1a0c-4d00-9bb9-3f31def6177b@group-253EDF4169C5-LeaderElection63] INFO  impl.LeaderElection (LeaderElection.java:askForVotes(178)) - 24b422b5-1a0c-4d00-9bb9-3f31def6177b@group-253EDF4169C5-LeaderElection63: begin an election at term 1 for -1: [24b422b5-1a0c-4d00-9bb9-3f31def6177b:192.168.151.98:34108], old=null
2019-10-14 10:24:34,073 [24b422b5-1a0c-4d00-9bb9-3f31def6177b@group-253EDF4169C5-LeaderElection63] INFO  impl.RoleInfo (RoleInfo.java:shutdownLeaderElection(134)) - 24b422b5-1a0c-4d00-9bb9-3f31def6177b: shutdown LeaderElection
2019-10-14 10:24:34,073 [24b422b5-1a0c-4d00-9bb9-3f31def6177b@group-253EDF4169C5-LeaderElection63] INFO  impl.RaftServerImpl (RaftServerImpl.java:setRole(170)) - 24b422b5-1a0c-4d00-9bb9-3f31def6177b@group-253EDF4169C5: changes role from CANDIDATE to LEADER at term 1 for changeToLeader
2019-10-14 10:24:34,073 [24b422b5-1a0c-4d00-9bb9-3f31def6177b@group-253EDF4169C5-LeaderElection63] INFO  impl.RaftServerImpl (ServerState.java:setLeader(255)) - 24b422b5-1a0c-4d00-9bb9-3f31def6177b@group-253EDF4169C5: change Leader from null to 24b422b5-1a0c-4d00-9bb9-3f31def6177b at term 1 for becomeLeader, leader elected after 5103ms
2019-10-14 10:24:34,073 [24b422b5-1a0c-4d00-9bb9-3f31def6177b@group-253EDF4169C5-LeaderElection63] INFO  server.RaftServerConfigKeys (ConfUtils.java:logGet(43)) - raft.server.staging.catchup.gap = 1000 (default)
2019-10-14 10:24:34,073 [24b422b5-1a0c-4d00-9bb9-3f31def6177b@group-253EDF4169C5-LeaderElection63] INFO  server.RaftServerConfigKeys (ConfUtils.java:logGet(43)) - raft.server.rpc.sleep.time = 25ms (default)
2019-10-14 10:24:34,073 [24b422b5-1a0c-4d00-9bb9-3f31def6177b@group-253EDF4169C5-LeaderElection63] INFO  server.RaftServerConfigKeys (ConfUtils.java:logGet(43)) - raft.server.write.element-limit = 4096 (default)
2019-10-14 10:24:34,073 [24b422b5-1a0c-4d00-9bb9-3f31def6177b@group-253EDF4169C5-LeaderElection63] INFO  server.RaftServerConfigKeys (ConfUtils.java:logGet(43)) - raft.server.watch.timeout = 10s (default)
2019-10-14 10:24:34,073 [24b422b5-1a0c-4d00-9bb9-3f31def6177b@group-253EDF4169C5-LeaderElection63] INFO  server.RaftServerConfigKeys (ConfUtils.java:logGet(43)) - raft.server.watch.timeout.denomination = 1s (default)
2019-10-14 10:24:34,074 [24b422b5-1a0c-4d00-9bb9-3f31def6177b@group-253EDF4169C5-LeaderElection63] INFO  server.RaftServerConfigKeys (ConfUtils.java:logGet(43)) - raft.server.watch.element-limit = 65536 (default)
2019-10-14 10:24:34,075 [24b422b5-1a0c-4d00-9bb9-3f31def6177b@group-253EDF4169C5-LeaderElection63] INFO  impl.RoleInfo (RoleInfo.java:updateAndGet(143)) - 24b422b5-1a0c-4d00-9bb9-3f31def6177b: start LeaderState
2019-10-14 10:24:34,075 [24b422b5-1a0c-4d00-9bb9-3f31def6177b@group-253EDF4169C5-LeaderElection63] INFO  segmented.SegmentedRaftLogWorker (SegmentedRaftLogWorker.java:startLogSegment(385)) - 24b422b5-1a0c-4d00-9bb9-3f31def6177b@group-253EDF4169C5-SegmentedRaftLogWorker: Starting segment from index:0
2019-10-14 10:24:34,076 [24b422b5-1a0c-4d00-9bb9-3f31def6177b@group-253EDF4169C5-LeaderElection63] INFO  impl.RaftServerImpl (ServerState.java:setRaftConf(356)) - 24b422b5-1a0c-4d00-9bb9-3f31def6177b@group-253EDF4169C5: set configuration 0: [24b422b5-1a0c-4d00-9bb9-3f31def6177b:192.168.151.98:34108], old=null at 0
2019-10-14 10:24:34,121 [24b422b5-1a0c-4d00-9bb9-3f31def6177b@group-253EDF4169C5-SegmentedRaftLogWorker] INFO  segmented.SegmentedRaftLogWorker (SegmentedRaftLogWorker.java:execute(574)) - 24b422b5-1a0c-4d00-9bb9-3f31def6177b@group-253EDF4169C5-SegmentedRaftLogWorker: created new log segment /workdir/hadoop-ozone/integration-test/target/test-dir/MiniOzoneClusterImpl-f30111d8-2c27-4339-bd0d-42f9ef7787c8/datanode-1/data/ratis/60d74d42-f125-4ee7-91f6-253edf4169c5/current/log_inprogress_0
2019-10-14 10:24:34,128 [Thread-2365] INFO  impl.FollowerState (FollowerState.java:run(108)) - 30efaf05-81ad-4a24-af9a-979d1ccf6f08@group-194340685AC6-FollowerState: change to CANDIDATE, lastRpcTime:5074ms, electionTimeout:5074ms
2019-10-14 10:24:34,128 [Thread-2365] INFO  impl.RoleInfo (RoleInfo.java:shutdownFollowerState(121)) - 30efaf05-81ad-4a24-af9a-979d1ccf6f08: shutdown FollowerState
2019-10-14 10:24:34,128 [Thread-2365] INFO  impl.RaftServerImpl (RaftServerImpl.java:setRole(170)) - 30efaf05-81ad-4a24-af9a-979d1ccf6f08@group-194340685AC6: changes role from  FOLLOWER to CANDIDATE at term 0 for changeToCandidate
2019-10-14 10:24:34,129 [Thread-2365] INFO  impl.RoleInfo (RoleInfo.java:updateAndGet(143)) - 30efaf05-81ad-4a24-af9a-979d1ccf6f08: start LeaderElection
2019-10-14 10:24:34,154 [30efaf05-81ad-4a24-af9a-979d1ccf6f08@group-194340685AC6-LeaderElection64] INFO  impl.LeaderElection (LeaderElection.java:askForVotes(178)) - 30efaf05-81ad-4a24-af9a-979d1ccf6f08@group-194340685AC6-LeaderElection64: begin an election at term 1 for -1: [30efaf05-81ad-4a24-af9a-979d1ccf6f08:192.168.151.98:42713], old=null
2019-10-14 10:24:34,155 [30efaf05-81ad-4a24-af9a-979d1ccf6f08@group-194340685AC6-LeaderElection64] INFO  impl.RoleInfo (RoleInfo.java:shutdownLeaderElection(134)) - 30efaf05-81ad-4a24-af9a-979d1ccf6f08: shutdown LeaderElection
2019-10-14 10:24:34,155 [30efaf05-81ad-4a24-af9a-979d1ccf6f08@group-194340685AC6-LeaderElection64] INFO  impl.RaftServerImpl (RaftServerImpl.java:setRole(170)) - 30efaf05-81ad-4a24-af9a-979d1ccf6f08@group-194340685AC6: changes role from CANDIDATE to LEADER at term 1 for changeToLeader
2019-10-14 10:24:34,155 [30efaf05-81ad-4a24-af9a-979d1ccf6f08@group-194340685AC6-LeaderElection64] INFO  impl.RaftServerImpl (ServerState.java:setLeader(255)) - 30efaf05-81ad-4a24-af9a-979d1ccf6f08@group-194340685AC6: change Leader from null to 30efaf05-81ad-4a24-af9a-979d1ccf6f08 at term 1 for becomeLeader, leader elected after 5108ms
2019-10-14 10:24:34,155 [30efaf05-81ad-4a24-af9a-979d1ccf6f08@group-194340685AC6-LeaderElection64] INFO  server.RaftServerConfigKeys (ConfUtils.java:logGet(43)) - raft.server.staging.catchup.gap = 1000 (default)
2019-10-14 10:24:34,155 [30efaf05-81ad-4a24-af9a-979d1ccf6f08@group-194340685AC6-LeaderElection64] INFO  server.RaftServerConfigKeys (ConfUtils.java:logGet(43)) - raft.server.rpc.sleep.time = 25ms (default)
2019-10-14 10:24:34,155 [30efaf05-81ad-4a24-af9a-979d1ccf6f08@group-194340685AC6-LeaderElection64] INFO  server.RaftServerConfigKeys (ConfUtils.java:logGet(43)) - raft.server.write.element-limit = 4096 (default)
2019-10-14 10:24:34,155 [30efaf05-81ad-4a24-af9a-979d1ccf6f08@group-194340685AC6-LeaderElection64] INFO  server.RaftServerConfigKeys (ConfUtils.java:logGet(43)) - raft.server.watch.timeout = 10s (default)
2019-10-14 10:24:34,156 [30efaf05-81ad-4a24-af9a-979d1ccf6f08@group-194340685AC6-LeaderElection64] INFO  server.RaftServerConfigKeys (ConfUtils.java:logGet(43)) - raft.server.watch.timeout.denomination = 1s (default)
2019-10-14 10:24:34,156 [30efaf05-81ad-4a24-af9a-979d1ccf6f08@group-194340685AC6-LeaderElection64] INFO  server.RaftServerConfigKeys (ConfUtils.java:logGet(43)) - raft.server.watch.element-limit = 65536 (default)
2019-10-14 10:24:34,157 [30efaf05-81ad-4a24-af9a-979d1ccf6f08@group-194340685AC6-LeaderElection64] INFO  impl.RoleInfo (RoleInfo.java:updateAndGet(143)) - 30efaf05-81ad-4a24-af9a-979d1ccf6f08: start LeaderState
2019-10-14 10:24:34,158 [30efaf05-81ad-4a24-af9a-979d1ccf6f08@group-194340685AC6-LeaderElection64] INFO  segmented.SegmentedRaftLogWorker (SegmentedRaftLogWorker.java:startLogSegment(385)) - 30efaf05-81ad-4a24-af9a-979d1ccf6f08@group-194340685AC6-SegmentedRaftLogWorker: Starting segment from index:0
2019-10-14 10:24:34,158 [30efaf05-81ad-4a24-af9a-979d1ccf6f08@group-194340685AC6-LeaderElection64] INFO  impl.RaftServerImpl (ServerState.java:setRaftConf(356)) - 30efaf05-81ad-4a24-af9a-979d1ccf6f08@group-194340685AC6: set configuration 0: [30efaf05-81ad-4a24-af9a-979d1ccf6f08:192.168.151.98:42713], old=null at 0
2019-10-14 10:24:34,191 [30efaf05-81ad-4a24-af9a-979d1ccf6f08@group-194340685AC6-SegmentedRaftLogWorker] INFO  segmented.SegmentedRaftLogWorker (SegmentedRaftLogWorker.java:execute(574)) - 30efaf05-81ad-4a24-af9a-979d1ccf6f08@group-194340685AC6-SegmentedRaftLogWorker: created new log segment /workdir/hadoop-ozone/integration-test/target/test-dir/MiniOzoneClusterImpl-f30111d8-2c27-4339-bd0d-42f9ef7787c8/datanode-2/data/ratis/5322c868-bbee-4e9a-b3dc-194340685ac6/current/log_inprogress_0
2019-10-14 10:24:34,212 [Thread-2371] INFO  impl.FollowerState (FollowerState.java:run(108)) - 00992991-c583-4119-98d8-1ee4a96d1469@group-FD0B8F39A534-FollowerState: change to CANDIDATE, lastRpcTime:5073ms, electionTimeout:5073ms
2019-10-14 10:24:34,212 [Thread-2371] INFO  impl.RoleInfo (RoleInfo.java:shutdownFollowerState(121)) - 00992991-c583-4119-98d8-1ee4a96d1469: shutdown FollowerState
2019-10-14 10:24:34,212 [Thread-2371] INFO  impl.RaftServerImpl (RaftServerImpl.java:setRole(170)) - 00992991-c583-4119-98d8-1ee4a96d1469@group-FD0B8F39A534: changes role from  FOLLOWER to CANDIDATE at term 0 for changeToCandidate
2019-10-14 10:24:34,212 [Thread-2371] INFO  impl.RoleInfo (RoleInfo.java:updateAndGet(143)) - 00992991-c583-4119-98d8-1ee4a96d1469: start LeaderElection
2019-10-14 10:24:34,236 [00992991-c583-4119-98d8-1ee4a96d1469@group-FD0B8F39A534-LeaderElection65] INFO  impl.LeaderElection (LeaderElection.java:askForVotes(178)) - 00992991-c583-4119-98d8-1ee4a96d1469@group-FD0B8F39A534-LeaderElection65: begin an election at term 1 for -1: [00992991-c583-4119-98d8-1ee4a96d1469:192.168.151.98:41664, 30efaf05-81ad-4a24-af9a-979d1ccf6f08:192.168.151.98:42713, 24b422b5-1a0c-4d00-9bb9-3f31def6177b:192.168.151.98:34108], old=null
2019-10-14 10:24:34,239 [grpc-default-executor-2] INFO  impl.RaftServerImpl (RaftServerImpl.java:setRole(170)) - 24b422b5-1a0c-4d00-9bb9-3f31def6177b@group-FD0B8F39A534: changes role from  FOLLOWER to FOLLOWER at term 1 for recognizeCandidate:00992991-c583-4119-98d8-1ee4a96d1469
2019-10-14 10:24:34,239 [grpc-default-executor-2] INFO  impl.RoleInfo (RoleInfo.java:shutdownFollowerState(121)) - 24b422b5-1a0c-4d00-9bb9-3f31def6177b: shutdown FollowerState
2019-10-14 10:24:34,240 [grpc-default-executor-2] INFO  impl.RoleInfo (RoleInfo.java:updateAndGet(143)) - 24b422b5-1a0c-4d00-9bb9-3f31def6177b: start FollowerState
2019-10-14 10:24:34,240 [Thread-2369] INFO  impl.FollowerState (FollowerState.java:run(117)) - 24b422b5-1a0c-4d00-9bb9-3f31def6177b@group-FD0B8F39A534-FollowerState was interrupted: java.lang.InterruptedException: sleep interrupted
2019-10-14 10:24:34,240 [grpc-default-executor-3] INFO  impl.RaftServerImpl (RaftServerImpl.java:setRole(170)) - 30efaf05-81ad-4a24-af9a-979d1ccf6f08@group-FD0B8F39A534: changes role from  FOLLOWER to FOLLOWER at term 1 for recognizeCandidate:00992991-c583-4119-98d8-1ee4a96d1469
2019-10-14 10:24:34,243 [grpc-default-executor-3] INFO  impl.RoleInfo (RoleInfo.java:shutdownFollowerState(121)) - 30efaf05-81ad-4a24-af9a-979d1ccf6f08: shutdown FollowerState
2019-10-14 10:24:34,243 [grpc-default-executor-3] INFO  impl.RoleInfo (RoleInfo.java:updateAndGet(143)) - 30efaf05-81ad-4a24-af9a-979d1ccf6f08: start FollowerState
2019-10-14 10:24:34,243 [Thread-2373] INFO  impl.FollowerState (FollowerState.java:run(117)) - 30efaf05-81ad-4a24-af9a-979d1ccf6f08@group-FD0B8F39A534-FollowerState was interrupted: java.lang.InterruptedException: sleep interrupted
2019-10-14 10:24:34,259 [00992991-c583-4119-98d8-1ee4a96d1469@group-FD0B8F39A534-LeaderElection65] INFO  impl.LeaderElection (LeaderElection.java:logAndReturn(56)) - 00992991-c583-4119-98d8-1ee4a96d1469@group-FD0B8F39A534-LeaderElection65: Election PASSED; received 1 response(s) [00992991-c583-4119-98d8-1ee4a96d1469<-24b422b5-1a0c-4d00-9bb9-3f31def6177b#0:OK-t1] and 0 exception(s); 00992991-c583-4119-98d8-1ee4a96d1469@group-FD0B8F39A534:t1, leader=null, voted=00992991-c583-4119-98d8-1ee4a96d1469, raftlog=00992991-c583-4119-98d8-1ee4a96d1469@group-FD0B8F39A534-SegmentedRaftLog:OPENED:c-1,f-1,i0, conf=-1: [00992991-c583-4119-98d8-1ee4a96d1469:192.168.151.98:41664, 30efaf05-81ad-4a24-af9a-979d1ccf6f08:192.168.151.98:42713, 24b422b5-1a0c-4d00-9bb9-3f31def6177b:192.168.151.98:34108], old=null
2019-10-14 10:24:34,259 [00992991-c583-4119-98d8-1ee4a96d1469@group-FD0B8F39A534-LeaderElection65] INFO  impl.RoleInfo (RoleInfo.java:shutdownLeaderElection(134)) - 00992991-c583-4119-98d8-1ee4a96d1469: shutdown LeaderElection
2019-10-14 10:24:34,259 [00992991-c583-4119-98d8-1ee4a96d1469@group-FD0B8F39A534-LeaderElection65] INFO  impl.RaftServerImpl (RaftServerImpl.java:setRole(170)) - 00992991-c583-4119-98d8-1ee4a96d1469@group-FD0B8F39A534: changes role from CANDIDATE to LEADER at term 1 for changeToLeader
2019-10-14 10:24:34,259 [00992991-c583-4119-98d8-1ee4a96d1469@group-FD0B8F39A534-LeaderElection65] INFO  impl.RaftServerImpl (ServerState.java:setLeader(255)) - 00992991-c583-4119-98d8-1ee4a96d1469@group-FD0B8F39A534: change Leader from null to 00992991-c583-4119-98d8-1ee4a96d1469 at term 1 for becomeLeader, leader elected after 5129ms
2019-10-14 10:24:34,259 [00992991-c583-4119-98d8-1ee4a96d1469@group-FD0B8F39A534-LeaderElection65] INFO  server.RaftServerConfigKeys (ConfUtils.java:logGet(43)) - raft.server.staging.catchup.gap = 1000 (default)
2019-10-14 10:24:34,259 [00992991-c583-4119-98d8-1ee4a96d1469@group-FD0B8F39A534-LeaderElection65] INFO  server.RaftServerConfigKeys (ConfUtils.java:logGet(43)) - raft.server.rpc.sleep.time = 25ms (default)
2019-10-14 10:24:34,260 [00992991-c583-4119-98d8-1ee4a96d1469@group-FD0B8F39A534-LeaderElection65] INFO  server.RaftServerConfigKeys (ConfUtils.java:logGet(43)) - raft.server.write.element-limit = 4096 (default)
2019-10-14 10:24:34,260 [00992991-c583-4119-98d8-1ee4a96d1469@group-FD0B8F39A534-LeaderElection65] INFO  server.RaftServerConfigKeys (ConfUtils.java:logGet(43)) - raft.server.watch.timeout = 10s (default)
2019-10-14 10:24:34,260 [00992991-c583-4119-98d8-1ee4a96d1469@group-FD0B8F39A534-LeaderElection65] INFO  server.RaftServerConfigKeys (ConfUtils.java:logGet(43)) - raft.server.watch.timeout.denomination = 1s (default)
2019-10-14 10:24:34,260 [00992991-c583-4119-98d8-1ee4a96d1469@group-FD0B8F39A534-LeaderElection65] INFO  server.RaftServerConfigKeys (ConfUtils.java:logGet(43)) - raft.server.watch.element-limit = 65536 (default)
2019-10-14 10:24:34,261 [00992991-c583-4119-98d8-1ee4a96d1469@group-FD0B8F39A534-LeaderElection65] INFO  server.RaftServerConfigKeys (ConfUtils.java:logGet(43)) - raft.server.log.appender.snapshot.chunk.size.max = 16MB (=16777216) (default)
2019-10-14 10:24:34,261 [00992991-c583-4119-98d8-1ee4a96d1469@group-FD0B8F39A534-LeaderElection65] INFO  server.RaftServerConfigKeys (ConfUtils.java:logGet(43)) - raft.server.log.appender.buffer.byte-limit = 33554432 (custom)
2019-10-14 10:24:34,261 [00992991-c583-4119-98d8-1ee4a96d1469@group-FD0B8F39A534-LeaderElection65] INFO  server.RaftServerConfigKeys (ConfUtils.java:logGet(43)) - raft.server.log.appender.buffer.element-limit = 1 (custom)
2019-10-14 10:24:34,261 [00992991-c583-4119-98d8-1ee4a96d1469@group-FD0B8F39A534-LeaderElection65] INFO  grpc.GrpcConfigKeys$Server (ConfUtils.java:logGet(43)) - raft.grpc.server.leader.outstanding.appends.max = 128 (default)
2019-10-14 10:24:34,262 [00992991-c583-4119-98d8-1ee4a96d1469@group-FD0B8F39A534-LeaderElection65] INFO  server.RaftServerConfigKeys (ConfUtils.java:logGet(43)) - raft.server.rpc.request.timeout = 3000ms (default)
2019-10-14 10:24:34,262 [00992991-c583-4119-98d8-1ee4a96d1469@group-FD0B8F39A534-LeaderElection65] INFO  server.RaftServerConfigKeys (ConfUtils.java:logGet(43)) - raft.server.log.appender.install.snapshot.enabled = false (custom)
2019-10-14 10:24:34,262 [00992991-c583-4119-98d8-1ee4a96d1469@group-FD0B8F39A534-LeaderElection65] INFO  server.RaftServerConfigKeys (ConfUtils.java:logGet(43)) - raft.server.log.appender.snapshot.chunk.size.max = 16MB (=16777216) (default)
2019-10-14 10:24:34,262 [00992991-c583-4119-98d8-1ee4a96d1469@group-FD0B8F39A534-LeaderElection65] INFO  server.RaftServerConfigKeys (ConfUtils.java:logGet(43)) - raft.server.log.appender.buffer.byte-limit = 33554432 (custom)
2019-10-14 10:24:34,262 [00992991-c583-4119-98d8-1ee4a96d1469@group-FD0B8F39A534-LeaderElection65] INFO  server.RaftServerConfigKeys (ConfUtils.java:logGet(43)) - raft.server.log.appender.buffer.element-limit = 1 (custom)
2019-10-14 10:24:34,262 [00992991-c583-4119-98d8-1ee4a96d1469@group-FD0B8F39A534-LeaderElection65] INFO  grpc.GrpcConfigKeys$Server (ConfUtils.java:logGet(43)) - raft.grpc.server.leader.outstanding.appends.max = 128 (default)
2019-10-14 10:24:34,262 [00992991-c583-4119-98d8-1ee4a96d1469@group-FD0B8F39A534-LeaderElection65] INFO  server.RaftServerConfigKeys (ConfUtils.java:logGet(43)) - raft.server.rpc.request.timeout = 3000ms (default)
2019-10-14 10:24:34,262 [00992991-c583-4119-98d8-1ee4a96d1469@group-FD0B8F39A534-LeaderElection65] INFO  server.RaftServerConfigKeys (ConfUtils.java:logGet(43)) - raft.server.log.appender.install.snapshot.enabled = false (custom)
2019-10-14 10:24:34,263 [00992991-c583-4119-98d8-1ee4a96d1469@group-FD0B8F39A534-LeaderElection65] INFO  impl.RoleInfo (RoleInfo.java:updateAndGet(143)) - 00992991-c583-4119-98d8-1ee4a96d1469: start LeaderState
2019-10-14 10:24:34,263 [00992991-c583-4119-98d8-1ee4a96d1469@group-FD0B8F39A534-LeaderElection65] INFO  segmented.SegmentedRaftLogWorker (SegmentedRaftLogWorker.java:startLogSegment(385)) - 00992991-c583-4119-98d8-1ee4a96d1469@group-FD0B8F39A534-SegmentedRaftLogWorker: Starting segment from index:0
2019-10-14 10:24:34,263 [00992991-c583-4119-98d8-1ee4a96d1469@group-FD0B8F39A534-LeaderElection65] INFO  impl.RaftServerImpl (ServerState.java:setRaftConf(356)) - 00992991-c583-4119-98d8-1ee4a96d1469@group-FD0B8F39A534: set configuration 0: [00992991-c583-4119-98d8-1ee4a96d1469:192.168.151.98:41664, 30efaf05-81ad-4a24-af9a-979d1ccf6f08:192.168.151.98:42713, 24b422b5-1a0c-4d00-9bb9-3f31def6177b:192.168.151.98:34108], old=null at 0
2019-10-14 10:24:34,287 [grpc-default-executor-2] INFO  impl.RaftServerImpl (ServerState.java:setLeader(255)) - 30efaf05-81ad-4a24-af9a-979d1ccf6f08@group-FD0B8F39A534: change Leader from null to 00992991-c583-4119-98d8-1ee4a96d1469 at term 1 for appendEntries, leader elected after 5157ms
2019-10-14 10:24:34,288 [grpc-default-executor-2] INFO  impl.RaftServerImpl (ServerState.java:setLeader(255)) - 24b422b5-1a0c-4d00-9bb9-3f31def6177b@group-FD0B8F39A534: change Leader from null to 00992991-c583-4119-98d8-1ee4a96d1469 at term 1 for appendEntries, leader elected after 5158ms
2019-10-14 10:24:34,293 [00992991-c583-4119-98d8-1ee4a96d1469@group-FD0B8F39A534-SegmentedRaftLogWorker] INFO  segmented.SegmentedRaftLogWorker (SegmentedRaftLogWorker.java:execute(574)) - 00992991-c583-4119-98d8-1ee4a96d1469@group-FD0B8F39A534-SegmentedRaftLogWorker: created new log segment /workdir/hadoop-ozone/integration-test/target/test-dir/MiniOzoneClusterImpl-f30111d8-2c27-4339-bd0d-42f9ef7787c8/datanode-0/data/ratis/863d6b1d-5b7f-429a-9e13-fd0b8f39a534/current/log_inprogress_0
2019-10-14 10:24:34,294 [grpc-default-executor-2] INFO  impl.RaftServerImpl (ServerState.java:setRaftConf(356)) - 30efaf05-81ad-4a24-af9a-979d1ccf6f08@group-FD0B8F39A534: set configuration 0: [00992991-c583-4119-98d8-1ee4a96d1469:192.168.151.98:41664, 30efaf05-81ad-4a24-af9a-979d1ccf6f08:192.168.151.98:42713, 24b422b5-1a0c-4d00-9bb9-3f31def6177b:192.168.151.98:34108], old=null at 0
2019-10-14 10:24:34,294 [grpc-default-executor-2] INFO  segmented.SegmentedRaftLogWorker (SegmentedRaftLogWorker.java:startLogSegment(385)) - 30efaf05-81ad-4a24-af9a-979d1ccf6f08@group-FD0B8F39A534-SegmentedRaftLogWorker: Starting segment from index:0
2019-10-14 10:24:34,294 [grpc-default-executor-3] INFO  impl.RaftServerImpl (ServerState.java:setRaftConf(356)) - 24b422b5-1a0c-4d00-9bb9-3f31def6177b@group-FD0B8F39A534: set configuration 0: [00992991-c583-4119-98d8-1ee4a96d1469:192.168.151.98:41664, 30efaf05-81ad-4a24-af9a-979d1ccf6f08:192.168.151.98:42713, 24b422b5-1a0c-4d00-9bb9-3f31def6177b:192.168.151.98:34108], old=null at 0
2019-10-14 10:24:34,294 [grpc-default-executor-3] INFO  segmented.SegmentedRaftLogWorker (SegmentedRaftLogWorker.java:startLogSegment(385)) - 24b422b5-1a0c-4d00-9bb9-3f31def6177b@group-FD0B8F39A534-SegmentedRaftLogWorker: Starting segment from index:0
2019-10-14 10:24:34,319 [24b422b5-1a0c-4d00-9bb9-3f31def6177b@group-FD0B8F39A534-SegmentedRaftLogWorker] INFO  segmented.SegmentedRaftLogWorker (SegmentedRaftLogWorker.java:execute(574)) - 24b422b5-1a0c-4d00-9bb9-3f31def6177b@group-FD0B8F39A534-SegmentedRaftLogWorker: created new log segment /workdir/hadoop-ozone/integration-test/target/test-dir/MiniOzoneClusterImpl-f30111d8-2c27-4339-bd0d-42f9ef7787c8/datanode-1/data/ratis/863d6b1d-5b7f-429a-9e13-fd0b8f39a534/current/log_inprogress_0
2019-10-14 10:24:34,378 [30efaf05-81ad-4a24-af9a-979d1ccf6f08@group-FD0B8F39A534-SegmentedRaftLogWorker] INFO  segmented.SegmentedRaftLogWorker (SegmentedRaftLogWorker.java:execute(574)) - 30efaf05-81ad-4a24-af9a-979d1ccf6f08@group-FD0B8F39A534-SegmentedRaftLogWorker: created new log segment /workdir/hadoop-ozone/integration-test/target/test-dir/MiniOzoneClusterImpl-f30111d8-2c27-4339-bd0d-42f9ef7787c8/datanode-2/data/ratis/863d6b1d-5b7f-429a-9e13-fd0b8f39a534/current/log_inprogress_0
2019-10-14 10:24:34,389 [Thread-2377] INFO  impl.FollowerState (FollowerState.java:run(108)) - dd0835a3-7624-420b-b1a2-09507611bbb7@group-0D7ECCF9DD74-FollowerState: change to CANDIDATE, lastRpcTime:5160ms, electionTimeout:5160ms
2019-10-14 10:24:34,389 [Thread-2377] INFO  impl.RoleInfo (RoleInfo.java:shutdownFollowerState(121)) - dd0835a3-7624-420b-b1a2-09507611bbb7: shutdown FollowerState
2019-10-14 10:24:34,389 [Thread-2377] INFO  impl.RaftServerImpl (RaftServerImpl.java:setRole(170)) - dd0835a3-7624-420b-b1a2-09507611bbb7@group-0D7ECCF9DD74: changes role from  FOLLOWER to CANDIDATE at term 0 for changeToCandidate
2019-10-14 10:24:34,389 [Thread-2377] INFO  impl.RoleInfo (RoleInfo.java:updateAndGet(143)) - dd0835a3-7624-420b-b1a2-09507611bbb7: start LeaderElection
2019-10-14 10:24:34,422 [dd0835a3-7624-420b-b1a2-09507611bbb7@group-0D7ECCF9DD74-LeaderElection66] INFO  impl.LeaderElection (LeaderElection.java:askForVotes(178)) - dd0835a3-7624-420b-b1a2-09507611bbb7@group-0D7ECCF9DD74-LeaderElection66: begin an election at term 1 for -1: [dd0835a3-7624-420b-b1a2-09507611bbb7:192.168.151.98:35770], old=null
2019-10-14 10:24:34,422 [dd0835a3-7624-420b-b1a2-09507611bbb7@group-0D7ECCF9DD74-LeaderElection66] INFO  impl.RoleInfo (RoleInfo.java:shutdownLeaderElection(134)) - dd0835a3-7624-420b-b1a2-09507611bbb7: shutdown LeaderElection
2019-10-14 10:24:34,422 [dd0835a3-7624-420b-b1a2-09507611bbb7@group-0D7ECCF9DD74-LeaderElection66] INFO  impl.RaftServerImpl (RaftServerImpl.java:setRole(170)) - dd0835a3-7624-420b-b1a2-09507611bbb7@group-0D7ECCF9DD74: changes role from CANDIDATE to LEADER at term 1 for changeToLeader
2019-10-14 10:24:34,422 [dd0835a3-7624-420b-b1a2-09507611bbb7@group-0D7ECCF9DD74-LeaderElection66] INFO  impl.RaftServerImpl (ServerState.java:setLeader(255)) - dd0835a3-7624-420b-b1a2-09507611bbb7@group-0D7ECCF9DD74: change Leader from null to dd0835a3-7624-420b-b1a2-09507611bbb7 at term 1 for becomeLeader, leader elected after 5198ms
2019-10-14 10:24:34,422 [dd0835a3-7624-420b-b1a2-09507611bbb7@group-0D7ECCF9DD74-LeaderElection66] INFO  server.RaftServerConfigKeys (ConfUtils.java:logGet(43)) - raft.server.staging.catchup.gap = 1000 (default)
2019-10-14 10:24:34,422 [dd0835a3-7624-420b-b1a2-09507611bbb7@group-0D7ECCF9DD74-LeaderElection66] INFO  server.RaftServerConfigKeys (ConfUtils.java:logGet(43)) - raft.server.rpc.sleep.time = 25ms (default)
2019-10-14 10:24:34,423 [dd0835a3-7624-420b-b1a2-09507611bbb7@group-0D7ECCF9DD74-LeaderElection66] INFO  server.RaftServerConfigKeys (ConfUtils.java:logGet(43)) - raft.server.write.element-limit = 4096 (default)
2019-10-14 10:24:34,423 [dd0835a3-7624-420b-b1a2-09507611bbb7@group-0D7ECCF9DD74-LeaderElection66] INFO  server.RaftServerConfigKeys (ConfUtils.java:logGet(43)) - raft.server.watch.timeout = 10s (default)
2019-10-14 10:24:34,423 [dd0835a3-7624-420b-b1a2-09507611bbb7@group-0D7ECCF9DD74-LeaderElection66] INFO  server.RaftServerConfigKeys (ConfUtils.java:logGet(43)) - raft.server.watch.timeout.denomination = 1s (default)
2019-10-14 10:24:34,423 [dd0835a3-7624-420b-b1a2-09507611bbb7@group-0D7ECCF9DD74-LeaderElection66] INFO  server.RaftServerConfigKeys (ConfUtils.java:logGet(43)) - raft.server.watch.element-limit = 65536 (default)
2019-10-14 10:24:34,424 [dd0835a3-7624-420b-b1a2-09507611bbb7@group-0D7ECCF9DD74-LeaderElection66] INFO  impl.RoleInfo (RoleInfo.java:updateAndGet(143)) - dd0835a3-7624-420b-b1a2-09507611bbb7: start LeaderState
2019-10-14 10:24:34,424 [dd0835a3-7624-420b-b1a2-09507611bbb7@group-0D7ECCF9DD74-LeaderElection66] INFO  segmented.SegmentedRaftLogWorker (SegmentedRaftLogWorker.java:startLogSegment(385)) - dd0835a3-7624-420b-b1a2-09507611bbb7@group-0D7ECCF9DD74-SegmentedRaftLogWorker: Starting segment from index:0
2019-10-14 10:24:34,424 [dd0835a3-7624-420b-b1a2-09507611bbb7@group-0D7ECCF9DD74-LeaderElection66] INFO  impl.RaftServerImpl (ServerState.java:setRaftConf(356)) - dd0835a3-7624-420b-b1a2-09507611bbb7@group-0D7ECCF9DD74: set configuration 0: [dd0835a3-7624-420b-b1a2-09507611bbb7:192.168.151.98:35770], old=null at 0
2019-10-14 10:24:34,446 [Thread-2380] INFO  impl.FollowerState (FollowerState.java:run(108)) - 9f64abef-eab3-4b53-8936-bc0621b49398@group-65A8D41B0640-FollowerState: change to CANDIDATE, lastRpcTime:5168ms, electionTimeout:5168ms
2019-10-14 10:24:34,446 [Thread-2380] INFO  impl.RoleInfo (RoleInfo.java:shutdownFollowerState(121)) - 9f64abef-eab3-4b53-8936-bc0621b49398: shutdown FollowerState
2019-10-14 10:24:34,446 [Thread-2380] INFO  impl.RaftServerImpl (RaftServerImpl.java:setRole(170)) - 9f64abef-eab3-4b53-8936-bc0621b49398@group-65A8D41B0640: changes role from  FOLLOWER to CANDIDATE at term 0 for changeToCandidate
2019-10-14 10:24:34,447 [Thread-2380] INFO  impl.RoleInfo (RoleInfo.java:updateAndGet(143)) - 9f64abef-eab3-4b53-8936-bc0621b49398: start LeaderElection
2019-10-14 10:24:34,463 [dd0835a3-7624-420b-b1a2-09507611bbb7@group-0D7ECCF9DD74-SegmentedRaftLogWorker] INFO  segmented.SegmentedRaftLogWorker (SegmentedRaftLogWorker.java:execute(574)) - dd0835a3-7624-420b-b1a2-09507611bbb7@group-0D7ECCF9DD74-SegmentedRaftLogWorker: created new log segment /workdir/hadoop-ozone/integration-test/target/test-dir/MiniOzoneClusterImpl-f30111d8-2c27-4339-bd0d-42f9ef7787c8/datanode-3/data/ratis/4c312a79-c020-4b9a-a3ab-0d7eccf9dd74/current/log_inprogress_0
2019-10-14 10:24:34,463 [9f64abef-eab3-4b53-8936-bc0621b49398@group-65A8D41B0640-LeaderElection67] INFO  impl.LeaderElection (LeaderElection.java:askForVotes(178)) - 9f64abef-eab3-4b53-8936-bc0621b49398@group-65A8D41B0640-LeaderElection67: begin an election at term 1 for -1: [9f64abef-eab3-4b53-8936-bc0621b49398:192.168.151.98:34938], old=null
2019-10-14 10:24:34,463 [9f64abef-eab3-4b53-8936-bc0621b49398@group-65A8D41B0640-LeaderElection67] INFO  impl.RoleInfo (RoleInfo.java:shutdownLeaderElection(134)) - 9f64abef-eab3-4b53-8936-bc0621b49398: shutdown LeaderElection
2019-10-14 10:24:34,463 [9f64abef-eab3-4b53-8936-bc0621b49398@group-65A8D41B0640-LeaderElection67] INFO  impl.RaftServerImpl (RaftServerImpl.java:setRole(170)) - 9f64abef-eab3-4b53-8936-bc0621b49398@group-65A8D41B0640: changes role from CANDIDATE to LEADER at term 1 for changeToLeader
2019-10-14 10:24:34,464 [9f64abef-eab3-4b53-8936-bc0621b49398@group-65A8D41B0640-LeaderElection67] INFO  impl.RaftServerImpl (ServerState.java:setLeader(255)) - 9f64abef-eab3-4b53-8936-bc0621b49398@group-65A8D41B0640: change Leader from null to 9f64abef-eab3-4b53-8936-bc0621b49398 at term 1 for becomeLeader, leader elected after 5193ms
2019-10-14 10:24:34,464 [9f64abef-eab3-4b53-8936-bc0621b49398@group-65A8D41B0640-LeaderElection67] INFO  server.RaftServerConfigKeys (ConfUtils.java:logGet(43)) - raft.server.staging.catchup.gap = 1000 (default)
2019-10-14 10:24:34,464 [9f64abef-eab3-4b53-8936-bc0621b49398@group-65A8D41B0640-LeaderElection67] INFO  server.RaftServerConfigKeys (ConfUtils.java:logGet(43)) - raft.server.rpc.sleep.time = 25ms (default)
2019-10-14 10:24:34,464 [9f64abef-eab3-4b53-8936-bc0621b49398@group-65A8D41B0640-LeaderElection67] INFO  server.RaftServerConfigKeys (ConfUtils.java:logGet(43)) - raft.server.write.element-limit = 4096 (default)
2019-10-14 10:24:34,464 [9f64abef-eab3-4b53-8936-bc0621b49398@group-65A8D41B0640-LeaderElection67] INFO  server.RaftServerConfigKeys (ConfUtils.java:logGet(43)) - raft.server.watch.timeout = 10s (default)
2019-10-14 10:24:34,464 [9f64abef-eab3-4b53-8936-bc0621b49398@group-65A8D41B0640-LeaderElection67] INFO  server.RaftServerConfigKeys (ConfUtils.java:logGet(43)) - raft.server.watch.timeout.denomination = 1s (default)
2019-10-14 10:24:34,464 [9f64abef-eab3-4b53-8936-bc0621b49398@group-65A8D41B0640-LeaderElection67] INFO  server.RaftServerConfigKeys (ConfUtils.java:logGet(43)) - raft.server.watch.element-limit = 65536 (default)
2019-10-14 10:24:34,465 [Thread-2390] INFO  impl.FollowerState (FollowerState.java:run(108)) - dd0835a3-7624-420b-b1a2-09507611bbb7@group-665FE55C8538-FollowerState: change to CANDIDATE, lastRpcTime:5060ms, electionTimeout:5051ms
2019-10-14 10:24:34,465 [Thread-2390] INFO  impl.RoleInfo (RoleInfo.java:shutdownFollowerState(121)) - dd0835a3-7624-420b-b1a2-09507611bbb7: shutdown FollowerState
2019-10-14 10:24:34,465 [Thread-2390] INFO  impl.RaftServerImpl (RaftServerImpl.java:setRole(170)) - dd0835a3-7624-420b-b1a2-09507611bbb7@group-665FE55C8538: changes role from  FOLLOWER to CANDIDATE at term 0 for changeToCandidate
2019-10-14 10:24:34,465 [Thread-2390] INFO  impl.RoleInfo (RoleInfo.java:updateAndGet(143)) - dd0835a3-7624-420b-b1a2-09507611bbb7: start LeaderElection
2019-10-14 10:24:34,472 [9f64abef-eab3-4b53-8936-bc0621b49398@group-65A8D41B0640-LeaderElection67] INFO  impl.RoleInfo (RoleInfo.java:updateAndGet(143)) - 9f64abef-eab3-4b53-8936-bc0621b49398: start LeaderState
2019-10-14 10:24:34,473 [9f64abef-eab3-4b53-8936-bc0621b49398@group-65A8D41B0640-LeaderElection67] INFO  segmented.SegmentedRaftLogWorker (SegmentedRaftLogWorker.java:startLogSegment(385)) - 9f64abef-eab3-4b53-8936-bc0621b49398@group-65A8D41B0640-SegmentedRaftLogWorker: Starting segment from index:0
2019-10-14 10:24:34,473 [9f64abef-eab3-4b53-8936-bc0621b49398@group-65A8D41B0640-LeaderElection67] INFO  impl.RaftServerImpl (ServerState.java:setRaftConf(356)) - 9f64abef-eab3-4b53-8936-bc0621b49398@group-65A8D41B0640: set configuration 0: [9f64abef-eab3-4b53-8936-bc0621b49398:192.168.151.98:34938], old=null at 0
2019-10-14 10:24:34,479 [Thread-2383] INFO  impl.FollowerState (FollowerState.java:run(108)) - 3022df09-a630-41b4-8e27-d594d2eb25b1@group-37D6B1BAC934-FollowerState: change to CANDIDATE, lastRpcTime:5158ms, electionTimeout:5158ms
2019-10-14 10:24:34,479 [Thread-2383] INFO  impl.RoleInfo (RoleInfo.java:shutdownFollowerState(121)) - 3022df09-a630-41b4-8e27-d594d2eb25b1: shutdown FollowerState
2019-10-14 10:24:34,480 [Thread-2383] INFO  impl.RaftServerImpl (RaftServerImpl.java:setRole(170)) - 3022df09-a630-41b4-8e27-d594d2eb25b1@group-37D6B1BAC934: changes role from  FOLLOWER to CANDIDATE at term 0 for changeToCandidate
2019-10-14 10:24:34,480 [dd0835a3-7624-420b-b1a2-09507611bbb7@group-665FE55C8538-LeaderElection68] INFO  impl.LeaderElection (LeaderElection.java:askForVotes(178)) - dd0835a3-7624-420b-b1a2-09507611bbb7@group-665FE55C8538-LeaderElection68: begin an election at term 1 for -1: [dd0835a3-7624-420b-b1a2-09507611bbb7:192.168.151.98:35770, 3022df09-a630-41b4-8e27-d594d2eb25b1:192.168.151.98:40040, 9f64abef-eab3-4b53-8936-bc0621b49398:192.168.151.98:34938], old=null
2019-10-14 10:24:34,480 [Thread-2383] INFO  impl.RoleInfo (RoleInfo.java:updateAndGet(143)) - 3022df09-a630-41b4-8e27-d594d2eb25b1: start LeaderElection
2019-10-14 10:24:34,504 [9f64abef-eab3-4b53-8936-bc0621b49398@group-65A8D41B0640-SegmentedRaftLogWorker] INFO  segmented.SegmentedRaftLogWorker (SegmentedRaftLogWorker.java:execute(574)) - 9f64abef-eab3-4b53-8936-bc0621b49398@group-65A8D41B0640-SegmentedRaftLogWorker: created new log segment /workdir/hadoop-ozone/integration-test/target/test-dir/MiniOzoneClusterImpl-f30111d8-2c27-4339-bd0d-42f9ef7787c8/datanode-4/data/ratis/b34688ff-d7d7-4196-a443-65a8d41b0640/current/log_inprogress_0
2019-10-14 10:24:34,508 [grpc-default-executor-2] INFO  impl.RaftServerImpl (RaftServerImpl.java:setRole(170)) - 9f64abef-eab3-4b53-8936-bc0621b49398@group-665FE55C8538: changes role from  FOLLOWER to FOLLOWER at term 1 for recognizeCandidate:dd0835a3-7624-420b-b1a2-09507611bbb7
2019-10-14 10:24:34,508 [grpc-default-executor-3] INFO  impl.RaftServerImpl (RaftServerImpl.java:setRole(170)) - 3022df09-a630-41b4-8e27-d594d2eb25b1@group-665FE55C8538: changes role from  FOLLOWER to FOLLOWER at term 1 for recognizeCandidate:dd0835a3-7624-420b-b1a2-09507611bbb7
2019-10-14 10:24:34,508 [grpc-default-executor-2] INFO  impl.RoleInfo (RoleInfo.java:shutdownFollowerState(121)) - 9f64abef-eab3-4b53-8936-bc0621b49398: shutdown FollowerState
2019-10-14 10:24:34,509 [grpc-default-executor-3] INFO  impl.RoleInfo (RoleInfo.java:shutdownFollowerState(121)) - 3022df09-a630-41b4-8e27-d594d2eb25b1: shutdown FollowerState
2019-10-14 10:24:34,509 [Thread-2391] INFO  impl.FollowerState (FollowerState.java:run(117)) - 9f64abef-eab3-4b53-8936-bc0621b49398@group-665FE55C8538-FollowerState was interrupted: java.lang.InterruptedException: sleep interrupted
2019-10-14 10:24:34,509 [grpc-default-executor-2] INFO  impl.RoleInfo (RoleInfo.java:updateAndGet(143)) - 9f64abef-eab3-4b53-8936-bc0621b49398: start FollowerState
2019-10-14 10:24:34,509 [Thread-2392] INFO  impl.FollowerState (FollowerState.java:run(117)) - 3022df09-a630-41b4-8e27-d594d2eb25b1@group-665FE55C8538-FollowerState was interrupted: java.lang.InterruptedException: sleep interrupted
2019-10-14 10:24:34,509 [grpc-default-executor-3] INFO  impl.RoleInfo (RoleInfo.java:updateAndGet(143)) - 3022df09-a630-41b4-8e27-d594d2eb25b1: start FollowerState
2019-10-14 10:24:34,515 [3022df09-a630-41b4-8e27-d594d2eb25b1@group-37D6B1BAC934-LeaderElection69] INFO  impl.LeaderElection (LeaderElection.java:askForVotes(178)) - 3022df09-a630-41b4-8e27-d594d2eb25b1@group-37D6B1BAC934-LeaderElection69: begin an election at term 1 for -1: [3022df09-a630-41b4-8e27-d594d2eb25b1:192.168.151.98:40040], old=null
2019-10-14 10:24:34,515 [3022df09-a630-41b4-8e27-d594d2eb25b1@group-37D6B1BAC934-LeaderElection69] INFO  impl.RoleInfo (RoleInfo.java:shutdownLeaderElection(134)) - 3022df09-a630-41b4-8e27-d594d2eb25b1: shutdown LeaderElection
2019-10-14 10:24:34,515 [3022df09-a630-41b4-8e27-d594d2eb25b1@group-37D6B1BAC934-LeaderElection69] INFO  impl.RaftServerImpl (RaftServerImpl.java:setRole(170)) - 3022df09-a630-41b4-8e27-d594d2eb25b1@group-37D6B1BAC934: changes role from CANDIDATE to LEADER at term 1 for changeToLeader
2019-10-14 10:24:34,515 [3022df09-a630-41b4-8e27-d594d2eb25b1@group-37D6B1BAC934-LeaderElection69] INFO  impl.RaftServerImpl (ServerState.java:setLeader(255)) - 3022df09-a630-41b4-8e27-d594d2eb25b1@group-37D6B1BAC934: change Leader from null to 3022df09-a630-41b4-8e27-d594d2eb25b1 at term 1 for becomeLeader, leader elected after 5199ms
2019-10-14 10:24:34,516 [3022df09-a630-41b4-8e27-d594d2eb25b1@group-37D6B1BAC934-LeaderElection69] INFO  server.RaftServerConfigKeys (ConfUtils.java:logGet(43)) - raft.server.staging.catchup.gap = 1000 (default)
2019-10-14 10:24:34,516 [3022df09-a630-41b4-8e27-d594d2eb25b1@group-37D6B1BAC934-LeaderElection69] INFO  server.RaftServerConfigKeys (ConfUtils.java:logGet(43)) - raft.server.rpc.sleep.time = 25ms (default)
2019-10-14 10:24:34,516 [3022df09-a630-41b4-8e27-d594d2eb25b1@group-37D6B1BAC934-LeaderElection69] INFO  server.RaftServerConfigKeys (ConfUtils.java:logGet(43)) - raft.server.write.element-limit = 4096 (default)
2019-10-14 10:24:34,516 [3022df09-a630-41b4-8e27-d594d2eb25b1@group-37D6B1BAC934-LeaderElection69] INFO  server.RaftServerConfigKeys (ConfUtils.java:logGet(43)) - raft.server.watch.timeout = 10s (default)
2019-10-14 10:24:34,516 [3022df09-a630-41b4-8e27-d594d2eb25b1@group-37D6B1BAC934-LeaderElection69] INFO  server.RaftServerConfigKeys (ConfUtils.java:logGet(43)) - raft.server.watch.timeout.denomination = 1s (default)
2019-10-14 10:24:34,516 [3022df09-a630-41b4-8e27-d594d2eb25b1@group-37D6B1BAC934-LeaderElection69] INFO  server.RaftServerConfigKeys (ConfUtils.java:logGet(43)) - raft.server.watch.element-limit = 65536 (default)
2019-10-14 10:24:34,517 [3022df09-a630-41b4-8e27-d594d2eb25b1@group-37D6B1BAC934-LeaderElection69] INFO  impl.RoleInfo (RoleInfo.java:updateAndGet(143)) - 3022df09-a630-41b4-8e27-d594d2eb25b1: start LeaderState
2019-10-14 10:24:34,518 [3022df09-a630-41b4-8e27-d594d2eb25b1@group-37D6B1BAC934-LeaderElection69] INFO  segmented.SegmentedRaftLogWorker (SegmentedRaftLogWorker.java:startLogSegment(385)) - 3022df09-a630-41b4-8e27-d594d2eb25b1@group-37D6B1BAC934-SegmentedRaftLogWorker: Starting segment from index:0
2019-10-14 10:24:34,518 [3022df09-a630-41b4-8e27-d594d2eb25b1@group-37D6B1BAC934-LeaderElection69] INFO  impl.RaftServerImpl (ServerState.java:setRaftConf(356)) - 3022df09-a630-41b4-8e27-d594d2eb25b1@group-37D6B1BAC934: set configuration 0: [3022df09-a630-41b4-8e27-d594d2eb25b1:192.168.151.98:40040], old=null at 0
2019-10-14 10:24:34,532 [dd0835a3-7624-420b-b1a2-09507611bbb7@group-665FE55C8538-LeaderElection68] INFO  impl.LeaderElection (LeaderElection.java:logAndReturn(56)) - dd0835a3-7624-420b-b1a2-09507611bbb7@group-665FE55C8538-LeaderElection68: Election PASSED; received 1 response(s) [dd0835a3-7624-420b-b1a2-09507611bbb7<-9f64abef-eab3-4b53-8936-bc0621b49398#0:OK-t1] and 0 exception(s); dd0835a3-7624-420b-b1a2-09507611bbb7@group-665FE55C8538:t1, leader=null, voted=dd0835a3-7624-420b-b1a2-09507611bbb7, raftlog=dd0835a3-7624-420b-b1a2-09507611bbb7@group-665FE55C8538-SegmentedRaftLog:OPENED:c-1,f-1,i0, conf=-1: [dd0835a3-7624-420b-b1a2-09507611bbb7:192.168.151.98:35770, 3022df09-a630-41b4-8e27-d594d2eb25b1:192.168.151.98:40040, 9f64abef-eab3-4b53-8936-bc0621b49398:192.168.151.98:34938], old=null
2019-10-14 10:24:34,532 [dd0835a3-7624-420b-b1a2-09507611bbb7@group-665FE55C8538-LeaderElection68] INFO  impl.RoleInfo (RoleInfo.java:shutdownLeaderElection(134)) - dd0835a3-7624-420b-b1a2-09507611bbb7: shutdown LeaderElection
2019-10-14 10:24:34,533 [dd0835a3-7624-420b-b1a2-09507611bbb7@group-665FE55C8538-LeaderElection68] INFO  impl.RaftServerImpl (RaftServerImpl.java:setRole(170)) - dd0835a3-7624-420b-b1a2-09507611bbb7@group-665FE55C8538: changes role from CANDIDATE to LEADER at term 1 for changeToLeader
2019-10-14 10:24:34,533 [dd0835a3-7624-420b-b1a2-09507611bbb7@group-665FE55C8538-LeaderElection68] INFO  impl.RaftServerImpl (ServerState.java:setLeader(255)) - dd0835a3-7624-420b-b1a2-09507611bbb7@group-665FE55C8538: change Leader from null to dd0835a3-7624-420b-b1a2-09507611bbb7 at term 1 for becomeLeader, leader elected after 5145ms
2019-10-14 10:24:34,533 [dd0835a3-7624-420b-b1a2-09507611bbb7@group-665FE55C8538-LeaderElection68] INFO  server.RaftServerConfigKeys (ConfUtils.java:logGet(43)) - raft.server.staging.catchup.gap = 1000 (default)
2019-10-14 10:24:34,533 [dd0835a3-7624-420b-b1a2-09507611bbb7@group-665FE55C8538-LeaderElection68] INFO  server.RaftServerConfigKeys (ConfUtils.java:logGet(43)) - raft.server.rpc.sleep.time = 25ms (default)
2019-10-14 10:24:34,533 [dd0835a3-7624-420b-b1a2-09507611bbb7@group-665FE55C8538-LeaderElection68] INFO  server.RaftServerConfigKeys (ConfUtils.java:logGet(43)) - raft.server.write.element-limit = 4096 (default)
2019-10-14 10:24:34,533 [dd0835a3-7624-420b-b1a2-09507611bbb7@group-665FE55C8538-LeaderElection68] INFO  server.RaftServerConfigKeys (ConfUtils.java:logGet(43)) - raft.server.watch.timeout = 10s (default)
2019-10-14 10:24:34,533 [dd0835a3-7624-420b-b1a2-09507611bbb7@group-665FE55C8538-LeaderElection68] INFO  server.RaftServerConfigKeys (ConfUtils.java:logGet(43)) - raft.server.watch.timeout.denomination = 1s (default)
2019-10-14 10:24:34,533 [dd0835a3-7624-420b-b1a2-09507611bbb7@group-665FE55C8538-LeaderElection68] INFO  server.RaftServerConfigKeys (ConfUtils.java:logGet(43)) - raft.server.watch.element-limit = 65536 (default)
2019-10-14 10:24:34,535 [dd0835a3-7624-420b-b1a2-09507611bbb7@group-665FE55C8538-LeaderElection68] INFO  server.RaftServerConfigKeys (ConfUtils.java:logGet(43)) - raft.server.log.appender.snapshot.chunk.size.max = 16MB (=16777216) (default)
2019-10-14 10:24:34,535 [dd0835a3-7624-420b-b1a2-09507611bbb7@group-665FE55C8538-LeaderElection68] INFO  server.RaftServerConfigKeys (ConfUtils.java:logGet(43)) - raft.server.log.appender.buffer.byte-limit = 33554432 (custom)
2019-10-14 10:24:34,535 [dd0835a3-7624-420b-b1a2-09507611bbb7@group-665FE55C8538-LeaderElection68] INFO  server.RaftServerConfigKeys (ConfUtils.java:logGet(43)) - raft.server.log.appender.buffer.element-limit = 1 (custom)
2019-10-14 10:24:34,535 [dd0835a3-7624-420b-b1a2-09507611bbb7@group-665FE55C8538-LeaderElection68] INFO  grpc.GrpcConfigKeys$Server (ConfUtils.java:logGet(43)) - raft.grpc.server.leader.outstanding.appends.max = 128 (default)
2019-10-14 10:24:34,535 [dd0835a3-7624-420b-b1a2-09507611bbb7@group-665FE55C8538-LeaderElection68] INFO  server.RaftServerConfigKeys (ConfUtils.java:logGet(43)) - raft.server.rpc.request.timeout = 3000ms (default)
2019-10-14 10:24:34,536 [dd0835a3-7624-420b-b1a2-09507611bbb7@group-665FE55C8538-LeaderElection68] INFO  server.RaftServerConfigKeys (ConfUtils.java:logGet(43)) - raft.server.log.appender.install.snapshot.enabled = false (custom)
2019-10-14 10:24:34,536 [dd0835a3-7624-420b-b1a2-09507611bbb7@group-665FE55C8538-LeaderElection68] INFO  server.RaftServerConfigKeys (ConfUtils.java:logGet(43)) - raft.server.log.appender.snapshot.chunk.size.max = 16MB (=16777216) (default)
2019-10-14 10:24:34,536 [dd0835a3-7624-420b-b1a2-09507611bbb7@group-665FE55C8538-LeaderElection68] INFO  server.RaftServerConfigKeys (ConfUtils.java:logGet(43)) - raft.server.log.appender.buffer.byte-limit = 33554432 (custom)
2019-10-14 10:24:34,536 [dd0835a3-7624-420b-b1a2-09507611bbb7@group-665FE55C8538-LeaderElection68] INFO  server.RaftServerConfigKeys (ConfUtils.java:logGet(43)) - raft.server.log.appender.buffer.element-limit = 1 (custom)
2019-10-14 10:24:34,536 [dd0835a3-7624-420b-b1a2-09507611bbb7@group-665FE55C8538-LeaderElection68] INFO  grpc.GrpcConfigKeys$Server (ConfUtils.java:logGet(43)) - raft.grpc.server.leader.outstanding.appends.max = 128 (default)
2019-10-14 10:24:34,536 [dd0835a3-7624-420b-b1a2-09507611bbb7@group-665FE55C8538-LeaderElection68] INFO  server.RaftServerConfigKeys (ConfUtils.java:logGet(43)) - raft.server.rpc.request.timeout = 3000ms (default)
2019-10-14 10:24:34,536 [dd0835a3-7624-420b-b1a2-09507611bbb7@group-665FE55C8538-LeaderElection68] INFO  server.RaftServerConfigKeys (ConfUtils.java:logGet(43)) - raft.server.log.appender.install.snapshot.enabled = false (custom)
2019-10-14 10:24:34,537 [dd0835a3-7624-420b-b1a2-09507611bbb7@group-665FE55C8538-LeaderElection68] INFO  impl.RoleInfo (RoleInfo.java:updateAndGet(143)) - dd0835a3-7624-420b-b1a2-09507611bbb7: start LeaderState
2019-10-14 10:24:34,537 [dd0835a3-7624-420b-b1a2-09507611bbb7@group-665FE55C8538-LeaderElection68] INFO  segmented.SegmentedRaftLogWorker (SegmentedRaftLogWorker.java:startLogSegment(385)) - dd0835a3-7624-420b-b1a2-09507611bbb7@group-665FE55C8538-SegmentedRaftLogWorker: Starting segment from index:0
2019-10-14 10:24:34,537 [dd0835a3-7624-420b-b1a2-09507611bbb7@group-665FE55C8538-LeaderElection68] INFO  impl.RaftServerImpl (ServerState.java:setRaftConf(356)) - dd0835a3-7624-420b-b1a2-09507611bbb7@group-665FE55C8538: set configuration 0: [dd0835a3-7624-420b-b1a2-09507611bbb7:192.168.151.98:35770, 3022df09-a630-41b4-8e27-d594d2eb25b1:192.168.151.98:40040, 9f64abef-eab3-4b53-8936-bc0621b49398:192.168.151.98:34938], old=null at 0
2019-10-14 10:24:34,566 [grpc-default-executor-3] INFO  impl.RaftServerImpl (ServerState.java:setLeader(255)) - 9f64abef-eab3-4b53-8936-bc0621b49398@group-665FE55C8538: change Leader from null to dd0835a3-7624-420b-b1a2-09507611bbb7 at term 1 for appendEntries, leader elected after 5178ms
2019-10-14 10:24:34,587 [grpc-default-executor-2] INFO  impl.RaftServerImpl (ServerState.java:setLeader(255)) - 3022df09-a630-41b4-8e27-d594d2eb25b1@group-665FE55C8538: change Leader from null to dd0835a3-7624-420b-b1a2-09507611bbb7 at term 1 for appendEntries, leader elected after 5200ms
2019-10-14 10:24:34,587 [3022df09-a630-41b4-8e27-d594d2eb25b1@group-37D6B1BAC934-SegmentedRaftLogWorker] INFO  segmented.SegmentedRaftLogWorker (SegmentedRaftLogWorker.java:execute(574)) - 3022df09-a630-41b4-8e27-d594d2eb25b1@group-37D6B1BAC934-SegmentedRaftLogWorker: created new log segment /workdir/hadoop-ozone/integration-test/target/test-dir/MiniOzoneClusterImpl-f30111d8-2c27-4339-bd0d-42f9ef7787c8/datanode-5/data/ratis/de73fe67-397c-4406-8e99-37d6b1bac934/current/log_inprogress_0
2019-10-14 10:24:34,587 [dd0835a3-7624-420b-b1a2-09507611bbb7@group-665FE55C8538-SegmentedRaftLogWorker] INFO  segmented.SegmentedRaftLogWorker (SegmentedRaftLogWorker.java:execute(574)) - dd0835a3-7624-420b-b1a2-09507611bbb7@group-665FE55C8538-SegmentedRaftLogWorker: created new log segment /workdir/hadoop-ozone/integration-test/target/test-dir/MiniOzoneClusterImpl-f30111d8-2c27-4339-bd0d-42f9ef7787c8/datanode-3/data/ratis/dcd24098-55d9-4a1c-bc12-665fe55c8538/current/log_inprogress_0
2019-10-14 10:24:34,594 [grpc-default-executor-3] INFO  impl.RaftServerImpl (ServerState.java:setRaftConf(356)) - 3022df09-a630-41b4-8e27-d594d2eb25b1@group-665FE55C8538: set configuration 0: [dd0835a3-7624-420b-b1a2-09507611bbb7:192.168.151.98:35770, 3022df09-a630-41b4-8e27-d594d2eb25b1:192.168.151.98:40040, 9f64abef-eab3-4b53-8936-bc0621b49398:192.168.151.98:34938], old=null at 0
2019-10-14 10:24:34,594 [grpc-default-executor-2] INFO  impl.RaftServerImpl (ServerState.java:setRaftConf(356)) - 9f64abef-eab3-4b53-8936-bc0621b49398@group-665FE55C8538: set configuration 0: [dd0835a3-7624-420b-b1a2-09507611bbb7:192.168.151.98:35770, 3022df09-a630-41b4-8e27-d594d2eb25b1:192.168.151.98:40040, 9f64abef-eab3-4b53-8936-bc0621b49398:192.168.151.98:34938], old=null at 0
2019-10-14 10:24:34,594 [grpc-default-executor-3] INFO  segmented.SegmentedRaftLogWorker (SegmentedRaftLogWorker.java:startLogSegment(385)) - 3022df09-a630-41b4-8e27-d594d2eb25b1@group-665FE55C8538-SegmentedRaftLogWorker: Starting segment from index:0
2019-10-14 10:24:34,594 [grpc-default-executor-2] INFO  segmented.SegmentedRaftLogWorker (SegmentedRaftLogWorker.java:startLogSegment(385)) - 9f64abef-eab3-4b53-8936-bc0621b49398@group-665FE55C8538-SegmentedRaftLogWorker: Starting segment from index:0
2019-10-14 10:24:34,653 [9f64abef-eab3-4b53-8936-bc0621b49398@group-665FE55C8538-SegmentedRaftLogWorker] INFO  segmented.SegmentedRaftLogWorker (SegmentedRaftLogWorker.java:execute(574)) - 9f64abef-eab3-4b53-8936-bc0621b49398@group-665FE55C8538-SegmentedRaftLogWorker: created new log segment /workdir/hadoop-ozone/integration-test/target/test-dir/MiniOzoneClusterImpl-f30111d8-2c27-4339-bd0d-42f9ef7787c8/datanode-4/data/ratis/dcd24098-55d9-4a1c-bc12-665fe55c8538/current/log_inprogress_0
2019-10-14 10:24:34,653 [3022df09-a630-41b4-8e27-d594d2eb25b1@group-665FE55C8538-SegmentedRaftLogWorker] INFO  segmented.SegmentedRaftLogWorker (SegmentedRaftLogWorker.java:execute(574)) - 3022df09-a630-41b4-8e27-d594d2eb25b1@group-665FE55C8538-SegmentedRaftLogWorker: created new log segment /workdir/hadoop-ozone/integration-test/target/test-dir/MiniOzoneClusterImpl-f30111d8-2c27-4339-bd0d-42f9ef7787c8/datanode-5/data/ratis/dcd24098-55d9-4a1c-bc12-665fe55c8538/current/log_inprogress_0
2019-10-14 10:24:35,710 [grpc-default-executor-2] WARN  server.GrpcLogAppender (LogUtils.java:warn(134)) - 514d7619-ced6-4f91-abef-7c941b49b03a@group-A2D2F2F5653F->71a3fedc-d6c8-4ada-8021-3efcd81af050-AppendLogResponseHandler: Failed appendEntries: org.apache.ratis.thirdparty.io.grpc.StatusRuntimeException: UNAVAILABLE: io exception
2019-10-14 10:24:35,710 [grpc-default-executor-2] INFO  impl.FollowerInfo (FollowerInfo.java:lambda$new$0(51)) - 514d7619-ced6-4f91-abef-7c941b49b03a@group-A2D2F2F5653F->71a3fedc-d6c8-4ada-8021-3efcd81af050: nextIndex: updateUnconditionally 0 -> 0
2019-10-14 10:24:35,711 [grpc-default-executor-2] WARN  server.GrpcLogAppender (LogUtils.java:warn(134)) - 514d7619-ced6-4f91-abef-7c941b49b03a@group-A2D2F2F5653F->9a7cd4fb-2149-444e-852a-606827ec4daf-AppendLogResponseHandler: Failed appendEntries: org.apache.ratis.thirdparty.io.grpc.StatusRuntimeException: UNAVAILABLE: io exception
2019-10-14 10:24:35,711 [grpc-default-executor-2] INFO  impl.FollowerInfo (FollowerInfo.java:lambda$new$0(51)) - 514d7619-ced6-4f91-abef-7c941b49b03a@group-A2D2F2F5653F->9a7cd4fb-2149-444e-852a-606827ec4daf: nextIndex: updateUnconditionally 0 -> 0
2019-10-14 10:24:35,771 [Datanode State Machine Thread - 0] INFO  statemachine.DatanodeStateMachine (DatanodeStateMachine.java:lambda$startDaemon$0(350)) - Ozone container server started.
2019-10-14 10:24:38,211 [grpc-default-executor-2] WARN  server.GrpcLogAppender (LogUtils.java:warn(134)) - 514d7619-ced6-4f91-abef-7c941b49b03a@group-A2D2F2F5653F->71a3fedc-d6c8-4ada-8021-3efcd81af050-AppendLogResponseHandler: Failed appendEntries: org.apache.ratis.thirdparty.io.grpc.StatusRuntimeException: UNAVAILABLE: io exception
2019-10-14 10:24:38,211 [grpc-default-executor-3] WARN  server.GrpcLogAppender (LogUtils.java:warn(134)) - 514d7619-ced6-4f91-abef-7c941b49b03a@group-A2D2F2F5653F->9a7cd4fb-2149-444e-852a-606827ec4daf-AppendLogResponseHandler: Failed appendEntries: org.apache.ratis.thirdparty.io.grpc.StatusRuntimeException: UNAVAILABLE: io exception
2019-10-14 10:24:38,212 [grpc-default-executor-3] INFO  impl.FollowerInfo (FollowerInfo.java:lambda$new$0(51)) - 514d7619-ced6-4f91-abef-7c941b49b03a@group-A2D2F2F5653F->9a7cd4fb-2149-444e-852a-606827ec4daf: nextIndex: updateUnconditionally 0 -> 0
2019-10-14 10:24:38,212 [grpc-default-executor-2] INFO  impl.FollowerInfo (FollowerInfo.java:lambda$new$0(51)) - 514d7619-ced6-4f91-abef-7c941b49b03a@group-A2D2F2F5653F->71a3fedc-d6c8-4ada-8021-3efcd81af050: nextIndex: updateUnconditionally 0 -> 0
2019-10-14 10:24:38,372 [EventQueue-StaleNodeForStaleNodeHandler] INFO  node.StaleNodeHandler (StaleNodeHandler.java:onMessage(58)) - Datanode 9a7cd4fb-2149-444e-852a-606827ec4daf{ip: 192.168.151.98, host: pr-hdds-2295-pn7hw-3586430783, networkLocation: /default-rack, certSerialId: null} moved to stale state. Finalizing its pipelines [PipelineID=1955f966-5681-4012-b7a5-0ae4518e40d8, PipelineID=f698243b-a917-4351-ae51-a2d2f2f5653f]
2019-10-14 10:24:38,373 [EventQueue-StaleNodeForStaleNodeHandler] INFO  pipeline.SCMPipelineManager (SCMPipelineManager.java:finalizeAndDestroyPipeline(315)) - destroying pipeline:Pipeline[ Id: 1955f966-5681-4012-b7a5-0ae4518e40d8, Nodes: 9a7cd4fb-2149-444e-852a-606827ec4daf{ip: 192.168.151.98, host: pr-hdds-2295-pn7hw-3586430783, networkLocation: /default-rack, certSerialId: null}, Type:RATIS, Factor:ONE, State:OPEN]
2019-10-14 10:24:38,374 [EventQueue-StaleNodeForStaleNodeHandler] INFO  pipeline.PipelineStateManager (PipelineStateManager.java:finalizePipeline(123)) - Pipeline Pipeline[ Id: 1955f966-5681-4012-b7a5-0ae4518e40d8, Nodes: 9a7cd4fb-2149-444e-852a-606827ec4daf{ip: 192.168.151.98, host: pr-hdds-2295-pn7hw-3586430783, networkLocation: /default-rack, certSerialId: null}, Type:RATIS, Factor:ONE, State:CLOSED] moved to CLOSED state
2019-10-14 10:24:38,374 [EventQueue-StaleNodeForStaleNodeHandler] INFO  pipeline.SCMPipelineManager (SCMPipelineManager.java:finalizeAndDestroyPipeline(315)) - destroying pipeline:Pipeline[ Id: f698243b-a917-4351-ae51-a2d2f2f5653f, Nodes: 9a7cd4fb-2149-444e-852a-606827ec4daf{ip: 192.168.151.98, host: pr-hdds-2295-pn7hw-3586430783, networkLocation: /default-rack, certSerialId: null}71a3fedc-d6c8-4ada-8021-3efcd81af050{ip: 192.168.151.98, host: pr-hdds-2295-pn7hw-3586430783, networkLocation: /default-rack, certSerialId: null}514d7619-ced6-4f91-abef-7c941b49b03a{ip: 192.168.151.98, host: pr-hdds-2295-pn7hw-3586430783, networkLocation: /default-rack, certSerialId: null}, Type:RATIS, Factor:THREE, State:OPEN]
2019-10-14 10:24:38,375 [EventQueue-StaleNodeForStaleNodeHandler] INFO  pipeline.PipelineStateManager (PipelineStateManager.java:finalizePipeline(123)) - Pipeline Pipeline[ Id: f698243b-a917-4351-ae51-a2d2f2f5653f, Nodes: 9a7cd4fb-2149-444e-852a-606827ec4daf{ip: 192.168.151.98, host: pr-hdds-2295-pn7hw-3586430783, networkLocation: /default-rack, certSerialId: null}71a3fedc-d6c8-4ada-8021-3efcd81af050{ip: 192.168.151.98, host: pr-hdds-2295-pn7hw-3586430783, networkLocation: /default-rack, certSerialId: null}514d7619-ced6-4f91-abef-7c941b49b03a{ip: 192.168.151.98, host: pr-hdds-2295-pn7hw-3586430783, networkLocation: /default-rack, certSerialId: null}, Type:RATIS, Factor:THREE, State:CLOSED] moved to CLOSED state
2019-10-14 10:24:38,375 [EventQueue-CloseContainerForCloseContainerEventHandler] INFO  container.CloseContainerEventHandler (CloseContainerEventHandler.java:onMessage(61)) - Close container Event triggered for container : #1
2019-10-14 10:24:39,779 [main] INFO  ozoneimpl.OzoneContainer (OzoneContainer.java:stop(227)) - Attempting to stop container services.
2019-10-14 10:24:39,780 [main] INFO  impl.RaftServerProxy (RaftServerProxy.java:lambda$close$4(314)) - 30efaf05-81ad-4a24-af9a-979d1ccf6f08: close
2019-10-14 10:24:39,781 [main] INFO  impl.RaftServerImpl (RaftServerImpl.java:lambda$shutdown$3(247)) - 30efaf05-81ad-4a24-af9a-979d1ccf6f08@group-FD0B8F39A534: shutdown
2019-10-14 10:24:39,781 [ForkJoinPool.commonPool-worker-0] INFO  impl.RaftServerImpl (RaftServerImpl.java:lambda$shutdown$3(247)) - 30efaf05-81ad-4a24-af9a-979d1ccf6f08@group-194340685AC6: shutdown
2019-10-14 10:24:39,781 [main] INFO  util.JmxRegister (JmxRegister.java:unregister(73)) - Successfully un-registered JMX Bean with object name Ratis:service=RaftServer,group=group-FD0B8F39A534,id=30efaf05-81ad-4a24-af9a-979d1ccf6f08
2019-10-14 10:24:39,781 [ForkJoinPool.commonPool-worker-0] INFO  util.JmxRegister (JmxRegister.java:unregister(73)) - Successfully un-registered JMX Bean with object name Ratis:service=RaftServer,group=group-194340685AC6,id=30efaf05-81ad-4a24-af9a-979d1ccf6f08
2019-10-14 10:24:39,781 [main] INFO  impl.RoleInfo (RoleInfo.java:shutdownFollowerState(121)) - 30efaf05-81ad-4a24-af9a-979d1ccf6f08: shutdown FollowerState
2019-10-14 10:24:39,781 [ForkJoinPool.commonPool-worker-0] INFO  impl.RoleInfo (RoleInfo.java:shutdownLeaderState(104)) - 30efaf05-81ad-4a24-af9a-979d1ccf6f08: shutdown LeaderState
2019-10-14 10:24:39,782 [main] INFO  impl.StateMachineUpdater (StateMachineUpdater.java:stopAndJoin(136)) - 30efaf05-81ad-4a24-af9a-979d1ccf6f08@group-FD0B8F39A534-StateMachineUpdater: set stopIndex = 2
2019-10-14 10:24:39,782 [30efaf05-81ad-4a24-af9a-979d1ccf6f08@group-FD0B8F39A534-StateMachineUpdater] INFO  ratis.ContainerStateMachine (ContainerStateMachine.java:takeSnapshot(294)) - group-FD0B8F39A534: Taking a snapshot at:(t:1, i:1) file /workdir/hadoop-ozone/integration-test/target/test-dir/MiniOzoneClusterImpl-f30111d8-2c27-4339-bd0d-42f9ef7787c8/datanode-2/data/ratis/863d6b1d-5b7f-429a-9e13-fd0b8f39a534/sm/snapshot.1_1
2019-10-14 10:24:39,782 [ForkJoinPool.commonPool-worker-0] INFO  impl.PendingRequests (PendingRequests.java:sendNotLeaderResponses(202)) - 30efaf05-81ad-4a24-af9a-979d1ccf6f08@group-194340685AC6-PendingRequests: sendNotLeaderResponses
2019-10-14 10:24:39,782 [Thread-2428] INFO  impl.FollowerState (FollowerState.java:run(117)) - 30efaf05-81ad-4a24-af9a-979d1ccf6f08@group-FD0B8F39A534-FollowerState was interrupted: java.lang.InterruptedException: sleep interrupted
2019-10-14 10:24:39,783 [ForkJoinPool.commonPool-worker-0] INFO  impl.StateMachineUpdater (StateMachineUpdater.java:stopAndJoin(136)) - 30efaf05-81ad-4a24-af9a-979d1ccf6f08@group-194340685AC6-StateMachineUpdater: set stopIndex = 0
2019-10-14 10:24:39,790 [ForkJoinPool.commonPool-worker-0] INFO  impl.RaftServerImpl (ServerState.java:close(387)) - 30efaf05-81ad-4a24-af9a-979d1ccf6f08@group-194340685AC6: closes. applyIndex: 0
2019-10-14 10:24:39,790 [30efaf05-81ad-4a24-af9a-979d1ccf6f08@group-194340685AC6-SegmentedRaftLogWorker] INFO  segmented.SegmentedRaftLogWorker (SegmentedRaftLogWorker.java:run(316)) - 30efaf05-81ad-4a24-af9a-979d1ccf6f08@group-194340685AC6-SegmentedRaftLogWorker was interrupted, exiting. There are 0 tasks remaining in the queue.
2019-10-14 10:24:39,795 [ForkJoinPool.commonPool-worker-0] INFO  segmented.SegmentedRaftLogWorker (SegmentedRaftLogWorker.java:close(224)) - 30efaf05-81ad-4a24-af9a-979d1ccf6f08@group-194340685AC6-SegmentedRaftLogWorker close()
2019-10-14 10:24:39,822 [30efaf05-81ad-4a24-af9a-979d1ccf6f08@group-FD0B8F39A534-StateMachineUpdater] INFO  ratis.ContainerStateMachine (ContainerStateMachine.java:takeSnapshot(305)) - group-FD0B8F39A534: Finished taking a snapshot at:(t:1, i:1) file:/workdir/hadoop-ozone/integration-test/target/test-dir/MiniOzoneClusterImpl-f30111d8-2c27-4339-bd0d-42f9ef7787c8/datanode-2/data/ratis/863d6b1d-5b7f-429a-9e13-fd0b8f39a534/sm/snapshot.1_1 time:40
2019-10-14 10:24:39,823 [30efaf05-81ad-4a24-af9a-979d1ccf6f08@group-FD0B8F39A534-StateMachineUpdater] INFO  impl.StateMachineUpdater (StateMachineUpdater.java:takeSnapshot(269)) - 30efaf05-81ad-4a24-af9a-979d1ccf6f08@group-FD0B8F39A534-StateMachineUpdater: Took a snapshot at index 1
2019-10-14 10:24:39,823 [30efaf05-81ad-4a24-af9a-979d1ccf6f08@group-FD0B8F39A534-StateMachineUpdater] INFO  impl.StateMachineUpdater (StateMachineUpdater.java:lambda$new$0(84)) - 30efaf05-81ad-4a24-af9a-979d1ccf6f08@group-FD0B8F39A534-StateMachineUpdater: snapshotIndex: updateIncreasingly -1 -> 1
2019-10-14 10:24:39,823 [30efaf05-81ad-4a24-af9a-979d1ccf6f08@group-FD0B8F39A534-StateMachineUpdater] INFO  ratis.ContainerStateMachine (ContainerStateMachine.java:takeSnapshot(294)) - group-FD0B8F39A534: Taking a snapshot at:(t:1, i:1) file /workdir/hadoop-ozone/integration-test/target/test-dir/MiniOzoneClusterImpl-f30111d8-2c27-4339-bd0d-42f9ef7787c8/datanode-2/data/ratis/863d6b1d-5b7f-429a-9e13-fd0b8f39a534/sm/snapshot.1_1
2019-10-14 10:24:39,850 [30efaf05-81ad-4a24-af9a-979d1ccf6f08@group-FD0B8F39A534-StateMachineUpdater] INFO  ratis.ContainerStateMachine (ContainerStateMachine.java:takeSnapshot(305)) - group-FD0B8F39A534: Finished taking a snapshot at:(t:1, i:1) file:/workdir/hadoop-ozone/integration-test/target/test-dir/MiniOzoneClusterImpl-f30111d8-2c27-4339-bd0d-42f9ef7787c8/datanode-2/data/ratis/863d6b1d-5b7f-429a-9e13-fd0b8f39a534/sm/snapshot.1_1 time:26
2019-10-14 10:24:39,850 [30efaf05-81ad-4a24-af9a-979d1ccf6f08@group-FD0B8F39A534-StateMachineUpdater] INFO  impl.StateMachineUpdater (StateMachineUpdater.java:takeSnapshot(269)) - 30efaf05-81ad-4a24-af9a-979d1ccf6f08@group-FD0B8F39A534-StateMachineUpdater: Took a snapshot at index 1
2019-10-14 10:24:39,850 [30efaf05-81ad-4a24-af9a-979d1ccf6f08@group-FD0B8F39A534-StateMachineUpdater] INFO  impl.StateMachineUpdater (StateMachineUpdater.java:lambda$new$0(84)) - 30efaf05-81ad-4a24-af9a-979d1ccf6f08@group-FD0B8F39A534-StateMachineUpdater: snapshotIndex: updateIncreasingly 1 -> 1
2019-10-14 10:24:39,850 [main] INFO  impl.RaftServerImpl (ServerState.java:close(387)) - 30efaf05-81ad-4a24-af9a-979d1ccf6f08@group-FD0B8F39A534: closes. applyIndex: 2
2019-10-14 10:24:39,851 [30efaf05-81ad-4a24-af9a-979d1ccf6f08@group-FD0B8F39A534-SegmentedRaftLogWorker] INFO  segmented.SegmentedRaftLogWorker (SegmentedRaftLogWorker.java:run(316)) - 30efaf05-81ad-4a24-af9a-979d1ccf6f08@group-FD0B8F39A534-SegmentedRaftLogWorker was interrupted, exiting. There are 0 tasks remaining in the queue.
2019-10-14 10:24:39,854 [main] INFO  segmented.SegmentedRaftLogWorker (SegmentedRaftLogWorker.java:close(224)) - 30efaf05-81ad-4a24-af9a-979d1ccf6f08@group-FD0B8F39A534-SegmentedRaftLogWorker close()
2019-10-14 10:24:39,861 [main] INFO  server.GrpcService (GrpcService.java:closeImpl(164)) - 30efaf05-81ad-4a24-af9a-979d1ccf6f08: shutdown server with port 42713 now
2019-10-14 10:24:39,862 [grpc-default-executor-3] WARN  server.GrpcServerProtocolService (LogUtils.java:warn(134)) - 30efaf05-81ad-4a24-af9a-979d1ccf6f08: installSnapshot onError, lastRequest: 00992991-c583-4119-98d8-1ee4a96d1469->30efaf05-81ad-4a24-af9a-979d1ccf6f08#5-t1, previous=(t:1, i:2), leaderCommit=2, initializing? false, entries: <empty>: org.apache.ratis.thirdparty.io.grpc.StatusRuntimeException: CANCELLED: cancelled before receiving half close
2019-10-14 10:24:39,862 [main] INFO  server.GrpcService (GrpcService.java:closeImpl(172)) - 30efaf05-81ad-4a24-af9a-979d1ccf6f08: shutdown server with port 42713 successfully
2019-10-14 10:24:39,862 [grpc-default-executor-0] WARN  server.GrpcLogAppender (LogUtils.java:warn(134)) - 00992991-c583-4119-98d8-1ee4a96d1469@group-FD0B8F39A534->30efaf05-81ad-4a24-af9a-979d1ccf6f08-AppendLogResponseHandler: Failed appendEntries: org.apache.ratis.thirdparty.io.grpc.StatusRuntimeException: CANCELLED: HTTP/2 error code: CANCEL
Received Rst Stream
2019-10-14 10:24:39,863 [grpc-default-executor-0] INFO  impl.FollowerInfo (FollowerInfo.java:lambda$new$0(51)) - 00992991-c583-4119-98d8-1ee4a96d1469@group-FD0B8F39A534->30efaf05-81ad-4a24-af9a-979d1ccf6f08: nextIndex: updateUnconditionally 3 -> 2
2019-10-14 10:24:39,863 [refreshUsed-/workdir/hadoop-ozone/integration-test/target/test-dir/MiniOzoneClusterImpl-f30111d8-2c27-4339-bd0d-42f9ef7787c8/datanode-2/data/containers] WARN  fs.CachingGetSpaceUsed (CachingGetSpaceUsed.java:run(183)) - Thread Interrupted waiting to refresh disk information: sleep interrupted
2019-10-14 10:24:39,890 [main] INFO  utils.BackgroundService (BackgroundService.java:shutdown(151)) - Shutting down service BlockDeletingService
2019-10-14 10:24:39,898 [main] INFO  statemachine.DatanodeStateMachine (DatanodeStateMachine.java:stopDaemon(395)) - Ozone container server stopped.
2019-10-14 10:24:39,900 [main] INFO  handler.ContextHandler (ContextHandler.java:doStop(910)) - Stopped o.e.j.w.WebAppContext@38159384{/,null,UNAVAILABLE}{/hddsDatanode}
2019-10-14 10:24:39,901 [main] INFO  server.AbstractConnector (AbstractConnector.java:doStop(318)) - Stopped ServerConnector@55877274{HTTP/1.1,[http/1.1]}{0.0.0.0:0}
2019-10-14 10:24:39,901 [main] INFO  handler.ContextHandler (ContextHandler.java:doStop(910)) - Stopped o.e.j.s.ServletContextHandler@62a6674f{/static,jar:file:/home/user/.m2/repository/org/apache/hadoop/hadoop-hdds-container-service/0.5.0-SNAPSHOT/hadoop-hdds-container-service-0.5.0-SNAPSHOT.jar!/webapps/static,UNAVAILABLE}
2019-10-14 10:24:39,902 [main] INFO  handler.ContextHandler (ContextHandler.java:doStop(910)) - Stopped o.e.j.s.ServletContextHandler@4837f97e{/logs,file:///workdir/hadoop-ozone/integration-test/target/log,UNAVAILABLE}
2019-10-14 10:24:39,913 [grpc-default-executor-2] WARN  server.GrpcLogAppender (LogUtils.java:warn(134)) - 00992991-c583-4119-98d8-1ee4a96d1469@group-FD0B8F39A534->30efaf05-81ad-4a24-af9a-979d1ccf6f08-AppendLogResponseHandler: Failed appendEntries: org.apache.ratis.thirdparty.io.grpc.StatusRuntimeException: UNAVAILABLE: io exception
2019-10-14 10:24:39,913 [grpc-default-executor-2] INFO  impl.FollowerInfo (FollowerInfo.java:lambda$new$0(51)) - 00992991-c583-4119-98d8-1ee4a96d1469@group-FD0B8F39A534->30efaf05-81ad-4a24-af9a-979d1ccf6f08: nextIndex: updateUnconditionally 3 -> 2
2019-10-14 10:24:39,925 [grpc-default-executor-7] WARN  server.GrpcLogAppender (LogUtils.java:warn(134)) - 00992991-c583-4119-98d8-1ee4a96d1469@group-FD0B8F39A534->30efaf05-81ad-4a24-af9a-979d1ccf6f08-AppendLogResponseHandler: Failed appendEntries: org.apache.ratis.thirdparty.io.grpc.StatusRuntimeException: UNAVAILABLE: io exception
2019-10-14 10:24:39,925 [grpc-default-executor-7] INFO  impl.FollowerInfo (FollowerInfo.java:lambda$new$0(51)) - 00992991-c583-4119-98d8-1ee4a96d1469@group-FD0B8F39A534->30efaf05-81ad-4a24-af9a-979d1ccf6f08: nextIndex: updateUnconditionally 3 -> 2
2019-10-14 10:24:39,941 [grpc-default-executor-7] WARN  server.GrpcLogAppender (LogUtils.java:warn(134)) - 00992991-c583-4119-98d8-1ee4a96d1469@group-FD0B8F39A534->30efaf05-81ad-4a24-af9a-979d1ccf6f08-AppendLogResponseHandler: Failed appendEntries: org.apache.ratis.thirdparty.io.grpc.StatusRuntimeException: UNAVAILABLE: io exception
2019-10-14 10:24:39,941 [EventQueue-IncrementalContainerReportForIncrementalContainerReportHandler] WARN  container.IncrementalContainerReportHandler (AbstractContainerReportHandler.java:updateContainerState(145)) - Container #1 is in OPEN state, but the datanode 00992991-c583-4119-98d8-1ee4a96d1469{ip: 192.168.151.98, host: pr-hdds-2295-pn7hw-3586430783, networkLocation: /default-rack, certSerialId: null} reports an CLOSING replica.
2019-10-14 10:24:39,941 [grpc-default-executor-7] INFO  impl.FollowerInfo (FollowerInfo.java:lambda$new$0(51)) - 00992991-c583-4119-98d8-1ee4a96d1469@group-FD0B8F39A534->30efaf05-81ad-4a24-af9a-979d1ccf6f08: nextIndex: updateUnconditionally 3 -> 2
2019-10-14 10:24:39,955 [EventQueue-IncrementalContainerReportForIncrementalContainerReportHandler] WARN  container.IncrementalContainerReportHandler (AbstractContainerReportHandler.java:updateContainerState(145)) - Container #1 is in OPEN state, but the datanode 24b422b5-1a0c-4d00-9bb9-3f31def6177b{ip: 192.168.151.98, host: pr-hdds-2295-pn7hw-3586430783, networkLocation: /default-rack, certSerialId: null} reports an CLOSING replica.
2019-10-14 10:24:39,985 [RatisApplyTransactionExecutor 1] INFO  interfaces.Container (KeyValueContainer.java:flushAndSyncDB(386)) - Container 1 is synced with bcsId 0.
2019-10-14 10:24:40,025 [RatisApplyTransactionExecutor 1] INFO  interfaces.Container (KeyValueContainer.java:flushAndSyncDB(386)) - Container 1 is synced with bcsId 0.
2019-10-14 10:24:40,037 [RatisApplyTransactionExecutor 1] INFO  interfaces.Container (KeyValueContainer.java:flushAndSyncDB(386)) - Container 1 is synced with bcsId 0.
2019-10-14 10:24:40,037 [RatisApplyTransactionExecutor 1] INFO  interfaces.Container (KeyValueContainer.java:flushAndSyncDB(386)) - Container 1 is synced with bcsId 0.
2019-10-14 10:24:40,063 [RatisApplyTransactionExecutor 1] INFO  interfaces.Container (KeyValueContainer.java:close(335)) - Container 1 is closed with bcsId 0.
2019-10-14 10:24:40,063 [RatisApplyTransactionExecutor 1] INFO  interfaces.Container (KeyValueContainer.java:close(335)) - Container 1 is closed with bcsId 0.
2019-10-14 10:24:40,085 [EventQueue-IncrementalContainerReportForIncrementalContainerReportHandler] WARN  container.IncrementalContainerReportHandler (AbstractContainerReportHandler.java:updateContainerState(145)) - Container #1 is in OPEN state, but the datanode 24b422b5-1a0c-4d00-9bb9-3f31def6177b{ip: 192.168.151.98, host: pr-hdds-2295-pn7hw-3586430783, networkLocation: /default-rack, certSerialId: null} reports an CLOSED replica.
2019-10-14 10:24:40,085 [EventQueue-IncrementalContainerReportForIncrementalContainerReportHandler] WARN  container.IncrementalContainerReportHandler (AbstractContainerReportHandler.java:updateContainerState(145)) - Container #1 is in OPEN state, but the datanode 00992991-c583-4119-98d8-1ee4a96d1469{ip: 192.168.151.98, host: pr-hdds-2295-pn7hw-3586430783, networkLocation: /default-rack, certSerialId: null} reports an CLOSED replica.
2019-10-14 10:24:40,711 [grpc-default-executor-6] WARN  server.GrpcLogAppender (LogUtils.java:warn(134)) - 514d7619-ced6-4f91-abef-7c941b49b03a@group-A2D2F2F5653F->71a3fedc-d6c8-4ada-8021-3efcd81af050-AppendLogResponseHandler: Failed appendEntries: org.apache.ratis.thirdparty.io.grpc.StatusRuntimeException: UNAVAILABLE: io exception
2019-10-14 10:24:40,711 [grpc-default-executor-3] WARN  server.GrpcLogAppender (LogUtils.java:warn(134)) - 514d7619-ced6-4f91-abef-7c941b49b03a@group-A2D2F2F5653F->9a7cd4fb-2149-444e-852a-606827ec4daf-AppendLogResponseHandler: Failed appendEntries: org.apache.ratis.thirdparty.io.grpc.StatusRuntimeException: UNAVAILABLE: io exception
2019-10-14 10:24:40,712 [grpc-default-executor-6] INFO  impl.FollowerInfo (FollowerInfo.java:lambda$new$0(51)) - 514d7619-ced6-4f91-abef-7c941b49b03a@group-A2D2F2F5653F->71a3fedc-d6c8-4ada-8021-3efcd81af050: nextIndex: updateUnconditionally 0 -> 0
2019-10-14 10:24:40,712 [grpc-default-executor-3] INFO  impl.FollowerInfo (FollowerInfo.java:lambda$new$0(51)) - 514d7619-ced6-4f91-abef-7c941b49b03a@group-A2D2F2F5653F->9a7cd4fb-2149-444e-852a-606827ec4daf: nextIndex: updateUnconditionally 0 -> 0
2019-10-14 10:24:41,330 [grpc-default-executor-7] WARN  server.GrpcLogAppender (LogUtils.java:warn(134)) - 514d7619-ced6-4f91-abef-7c941b49b03a@group-A2D2F2F5653F->9a7cd4fb-2149-444e-852a-606827ec4daf-AppendLogResponseHandler: Failed appendEntries: org.apache.ratis.thirdparty.io.grpc.StatusRuntimeException: UNAVAILABLE: io exception
2019-10-14 10:24:41,331 [grpc-default-executor-7] INFO  impl.FollowerInfo (FollowerInfo.java:lambda$new$0(51)) - 514d7619-ced6-4f91-abef-7c941b49b03a@group-A2D2F2F5653F->9a7cd4fb-2149-444e-852a-606827ec4daf: nextIndex: updateUnconditionally 1 -> 0
2019-10-14 10:24:41,331 [grpc-default-executor-8] WARN  server.GrpcLogAppender (LogUtils.java:warn(134)) - 514d7619-ced6-4f91-abef-7c941b49b03a@group-A2D2F2F5653F->71a3fedc-d6c8-4ada-8021-3efcd81af050-AppendLogResponseHandler: Failed appendEntries: org.apache.ratis.thirdparty.io.grpc.StatusRuntimeException: UNAVAILABLE: io exception
2019-10-14 10:24:41,331 [grpc-default-executor-8] INFO  impl.FollowerInfo (FollowerInfo.java:lambda$new$0(51)) - 514d7619-ced6-4f91-abef-7c941b49b03a@group-A2D2F2F5653F->71a3fedc-d6c8-4ada-8021-3efcd81af050: nextIndex: updateUnconditionally 1 -> 0
2019-10-14 10:24:41,471 [RATISCREATEPIPELINE1] ERROR pipeline.RatisPipelineProvider (RatisPipelineProvider.java:lambda$null$5(237)) - Failed invoke Ratis rpc org.apache.hadoop.hdds.scm.pipeline.RatisPipelineProvider$$Lambda$202/1643659922@50816a16 for 71a3fedc-d6c8-4ada-8021-3efcd81af050
java.io.IOException: org.apache.ratis.thirdparty.io.grpc.StatusRuntimeException: UNAVAILABLE: io exception
	at org.apache.ratis.grpc.GrpcUtil.unwrapException(GrpcUtil.java:76)
	at org.apache.ratis.grpc.client.GrpcClientProtocolClient.blockingCall(GrpcClientProtocolClient.java:184)
	at org.apache.ratis.grpc.client.GrpcClientProtocolClient.groupAdd(GrpcClientProtocolClient.java:153)
	at org.apache.ratis.grpc.client.GrpcClientRpc.sendRequest(GrpcClientRpc.java:94)
	at org.apache.ratis.client.impl.RaftClientImpl.sendRequest(RaftClientImpl.java:278)
	at org.apache.ratis.client.impl.RaftClientImpl.groupAdd(RaftClientImpl.java:205)
	at org.apache.hadoop.hdds.scm.pipeline.RatisPipelineProvider.lambda$initializePipeline$4(RatisPipelineProvider.java:198)
	at org.apache.hadoop.hdds.scm.pipeline.RatisPipelineProvider.lambda$null$5(RatisPipelineProvider.java:233)
	at java.util.stream.ForEachOps$ForEachOp$OfRef.accept(ForEachOps.java:184)
	at java.util.ArrayList$ArrayListSpliterator.forEachRemaining(ArrayList.java:1382)
	at java.util.stream.AbstractPipeline.copyInto(AbstractPipeline.java:482)
	at java.util.stream.ForEachOps$ForEachTask.compute(ForEachOps.java:291)
	at java.util.concurrent.CountedCompleter.exec(CountedCompleter.java:731)
	at java.util.concurrent.ForkJoinTask.doExec(ForkJoinTask.java:289)
	at java.util.concurrent.ForkJoinPool$WorkQueue.runTask(ForkJoinPool.java:1056)
	at java.util.concurrent.ForkJoinPool.runWorker(ForkJoinPool.java:1692)
	at java.util.concurrent.ForkJoinWorkerThread.run(ForkJoinWorkerThread.java:157)
Caused by: org.apache.ratis.thirdparty.io.grpc.StatusRuntimeException: UNAVAILABLE: io exception
	at org.apache.ratis.thirdparty.io.grpc.stub.ClientCalls.toStatusRuntimeException(ClientCalls.java:233)
	at org.apache.ratis.thirdparty.io.grpc.stub.ClientCalls.getUnchecked(ClientCalls.java:214)
	at org.apache.ratis.thirdparty.io.grpc.stub.ClientCalls.blockingUnaryCall(ClientCalls.java:139)
	at org.apache.ratis.proto.grpc.AdminProtocolServiceGrpc$AdminProtocolServiceBlockingStub.groupManagement(AdminProtocolServiceGrpc.java:274)
	at org.apache.ratis.grpc.client.GrpcClientProtocolClient.lambda$groupAdd$3(GrpcClientProtocolClient.java:155)
	at org.apache.ratis.grpc.client.GrpcClientProtocolClient.blockingCall(GrpcClientProtocolClient.java:182)
	... 15 more
Caused by: org.apache.ratis.thirdparty.io.netty.channel.AbstractChannel$AnnotatedConnectException: Connection refused: /192.168.151.98:39539
	at sun.nio.ch.SocketChannelImpl.checkConnect(Native Method)
	at sun.nio.ch.SocketChannelImpl.finishConnect(SocketChannelImpl.java:717)
	at org.apache.ratis.thirdparty.io.netty.channel.socket.nio.NioSocketChannel.doFinishConnect(NioSocketChannel.java:327)
	at org.apache.ratis.thirdparty.io.netty.channel.nio.AbstractNioChannel$AbstractNioUnsafe.finishConnect(AbstractNioChannel.java:340)
	at org.apache.ratis.thirdparty.io.netty.channel.nio.NioEventLoop.processSelectedKey(NioEventLoop.java:632)
	at org.apache.ratis.thirdparty.io.netty.channel.nio.NioEventLoop.processSelectedKeysOptimized(NioEventLoop.java:579)
	at org.apache.ratis.thirdparty.io.netty.channel.nio.NioEventLoop.processSelectedKeys(NioEventLoop.java:496)
	at org.apache.ratis.thirdparty.io.netty.channel.nio.NioEventLoop.run(NioEventLoop.java:458)
	at org.apache.ratis.thirdparty.io.netty.util.concurrent.SingleThreadEventExecutor$5.run(SingleThreadEventExecutor.java:897)
	at org.apache.ratis.thirdparty.io.netty.util.concurrent.FastThreadLocalRunnable.run(FastThreadLocalRunnable.java:30)
	at java.lang.Thread.run(Thread.java:748)
Caused by: java.net.ConnectException: Connection refused
	... 11 more
2019-10-14 10:24:41,472 [grpc-default-executor-0] INFO  impl.RaftServerProxy (RaftServerProxy.java:addNew(89)) - c53c87ec-c046-44bb-9a56-c35705fc483e: addNew group-BD2CE9F1504F:[514d7619-ced6-4f91-abef-7c941b49b03a:192.168.151.98:33984, 71a3fedc-d6c8-4ada-8021-3efcd81af050:192.168.151.98:39539, c53c87ec-c046-44bb-9a56-c35705fc483e:192.168.151.98:38163] returns group-BD2CE9F1504F:java.util.concurrent.CompletableFuture@37ba7c5c[Not completed]
2019-10-14 10:24:41,472 [grpc-default-executor-8] INFO  impl.RaftServerProxy (RaftServerProxy.java:addNew(89)) - 514d7619-ced6-4f91-abef-7c941b49b03a: addNew group-BD2CE9F1504F:[514d7619-ced6-4f91-abef-7c941b49b03a:192.168.151.98:33984, 71a3fedc-d6c8-4ada-8021-3efcd81af050:192.168.151.98:39539, c53c87ec-c046-44bb-9a56-c35705fc483e:192.168.151.98:38163] returns group-BD2CE9F1504F:java.util.concurrent.CompletableFuture@346b50b2[Not completed]
2019-10-14 10:24:41,474 [pool-207-thread-1] INFO  impl.RaftServerImpl (RaftServerImpl.java:<init>(95)) - 514d7619-ced6-4f91-abef-7c941b49b03a: new RaftServerImpl for group-BD2CE9F1504F:[514d7619-ced6-4f91-abef-7c941b49b03a:192.168.151.98:33984, 71a3fedc-d6c8-4ada-8021-3efcd81af050:192.168.151.98:39539, c53c87ec-c046-44bb-9a56-c35705fc483e:192.168.151.98:38163] with ContainerStateMachine:uninitialized
2019-10-14 10:24:41,474 [pool-207-thread-1] INFO  server.RaftServerConfigKeys (ConfUtils.java:logGet(43)) - raft.server.rpc.timeout.min = 5s (custom)
2019-10-14 10:24:41,474 [pool-207-thread-1] INFO  server.RaftServerConfigKeys (ConfUtils.java:logGet(43)) - raft.server.rpc.timeout.max = 5200ms (custom)
2019-10-14 10:24:41,474 [pool-207-thread-1] INFO  server.RaftServerConfigKeys (ConfUtils.java:logGet(43)) - raft.server.rpcslowness.timeout = 120s (custom)
2019-10-14 10:24:41,474 [pool-247-thread-1] INFO  impl.RaftServerImpl (RaftServerImpl.java:<init>(95)) - c53c87ec-c046-44bb-9a56-c35705fc483e: new RaftServerImpl for group-BD2CE9F1504F:[514d7619-ced6-4f91-abef-7c941b49b03a:192.168.151.98:33984, 71a3fedc-d6c8-4ada-8021-3efcd81af050:192.168.151.98:39539, c53c87ec-c046-44bb-9a56-c35705fc483e:192.168.151.98:38163] with ContainerStateMachine:uninitialized
2019-10-14 10:24:41,474 [pool-207-thread-1] INFO  server.RaftServerConfigKeys (ConfUtils.java:logGet(43)) - raft.server.sleep.deviation.threshold = 300 (default)
2019-10-14 10:24:41,474 [pool-247-thread-1] INFO  server.RaftServerConfigKeys (ConfUtils.java:logGet(43)) - raft.server.rpc.timeout.min = 5s (custom)
2019-10-14 10:24:41,474 [pool-207-thread-1] INFO  server.RaftServerConfigKeys (ConfUtils.java:logGet(43)) - raft.server.log.appender.install.snapshot.enabled = false (custom)
2019-10-14 10:24:41,474 [pool-247-thread-1] INFO  server.RaftServerConfigKeys (ConfUtils.java:logGet(43)) - raft.server.rpc.timeout.max = 5200ms (custom)
2019-10-14 10:24:41,474 [pool-207-thread-1] INFO  impl.RaftServerImpl (ServerState.java:<init>(103)) - 514d7619-ced6-4f91-abef-7c941b49b03a@group-BD2CE9F1504F: ConfigurationManager, init=-1: [514d7619-ced6-4f91-abef-7c941b49b03a:192.168.151.98:33984, 71a3fedc-d6c8-4ada-8021-3efcd81af050:192.168.151.98:39539, c53c87ec-c046-44bb-9a56-c35705fc483e:192.168.151.98:38163], old=null, confs=<EMPTY_MAP>
2019-10-14 10:24:41,475 [pool-247-thread-1] INFO  server.RaftServerConfigKeys (ConfUtils.java:logGet(43)) - raft.server.rpcslowness.timeout = 120s (custom)
2019-10-14 10:24:41,475 [pool-247-thread-1] INFO  server.RaftServerConfigKeys (ConfUtils.java:logGet(43)) - raft.server.sleep.deviation.threshold = 300 (default)
2019-10-14 10:24:41,475 [pool-207-thread-1] INFO  server.RaftServerConfigKeys (ConfUtils.java:logGet(43)) - raft.server.storage.dir = [/workdir/hadoop-ozone/integration-test/target/test-dir/MiniOzoneClusterImpl-dc2b9cc2-6b0d-409d-bb5b-6a950fa1c069/datanode-0/data/ratis] (custom)
2019-10-14 10:24:41,475 [pool-247-thread-1] INFO  server.RaftServerConfigKeys (ConfUtils.java:logGet(43)) - raft.server.log.appender.install.snapshot.enabled = false (custom)
2019-10-14 10:24:41,475 [pool-247-thread-1] INFO  impl.RaftServerImpl (ServerState.java:<init>(103)) - c53c87ec-c046-44bb-9a56-c35705fc483e@group-BD2CE9F1504F: ConfigurationManager, init=-1: [514d7619-ced6-4f91-abef-7c941b49b03a:192.168.151.98:33984, 71a3fedc-d6c8-4ada-8021-3efcd81af050:192.168.151.98:39539, c53c87ec-c046-44bb-9a56-c35705fc483e:192.168.151.98:38163], old=null, confs=<EMPTY_MAP>
2019-10-14 10:24:41,475 [pool-207-thread-1] INFO  server.RaftServerConfigKeys (ConfUtils.java:logGet(43)) - raft.server.log.corruption.policy = EXCEPTION (default)
2019-10-14 10:24:41,475 [pool-247-thread-1] INFO  server.RaftServerConfigKeys (ConfUtils.java:logGet(43)) - raft.server.storage.dir = [/workdir/hadoop-ozone/integration-test/target/test-dir/MiniOzoneClusterImpl-dc2b9cc2-6b0d-409d-bb5b-6a950fa1c069/datanode-4/data/ratis] (custom)
2019-10-14 10:24:41,475 [pool-207-thread-1] INFO  storage.RaftStorageDirectory (RaftStorageDirectory.java:analyzeStorage(246)) - The storage directory /workdir/hadoop-ozone/integration-test/target/test-dir/MiniOzoneClusterImpl-dc2b9cc2-6b0d-409d-bb5b-6a950fa1c069/datanode-0/data/ratis/a7573650-7fc0-40d7-8a66-bd2ce9f1504f does not exist. Creating ...
2019-10-14 10:24:41,475 [pool-247-thread-1] INFO  server.RaftServerConfigKeys (ConfUtils.java:logGet(43)) - raft.server.log.corruption.policy = EXCEPTION (default)
2019-10-14 10:24:41,475 [pool-247-thread-1] INFO  storage.RaftStorageDirectory (RaftStorageDirectory.java:analyzeStorage(246)) - The storage directory /workdir/hadoop-ozone/integration-test/target/test-dir/MiniOzoneClusterImpl-dc2b9cc2-6b0d-409d-bb5b-6a950fa1c069/datanode-4/data/ratis/a7573650-7fc0-40d7-8a66-bd2ce9f1504f does not exist. Creating ...
2019-10-14 10:24:41,489 [pool-207-thread-1] INFO  storage.RaftStorageDirectory (RaftStorageDirectory.java:tryLock(328)) - Lock on /workdir/hadoop-ozone/integration-test/target/test-dir/MiniOzoneClusterImpl-dc2b9cc2-6b0d-409d-bb5b-6a950fa1c069/datanode-0/data/ratis/a7573650-7fc0-40d7-8a66-bd2ce9f1504f/in_use.lock acquired by nodename 15900@pr-hdds-2295-pn7hw-3586430783
2019-10-14 10:24:41,489 [pool-247-thread-1] INFO  storage.RaftStorageDirectory (RaftStorageDirectory.java:tryLock(328)) - Lock on /workdir/hadoop-ozone/integration-test/target/test-dir/MiniOzoneClusterImpl-dc2b9cc2-6b0d-409d-bb5b-6a950fa1c069/datanode-4/data/ratis/a7573650-7fc0-40d7-8a66-bd2ce9f1504f/in_use.lock acquired by nodename 15900@pr-hdds-2295-pn7hw-3586430783
2019-10-14 10:24:41,514 [pool-207-thread-1] INFO  storage.RaftStorage (RaftStorage.java:format(84)) - Storage directory /workdir/hadoop-ozone/integration-test/target/test-dir/MiniOzoneClusterImpl-dc2b9cc2-6b0d-409d-bb5b-6a950fa1c069/datanode-0/data/ratis/a7573650-7fc0-40d7-8a66-bd2ce9f1504f has been successfully formatted.
2019-10-14 10:24:41,514 [pool-247-thread-1] INFO  storage.RaftStorage (RaftStorage.java:format(84)) - Storage directory /workdir/hadoop-ozone/integration-test/target/test-dir/MiniOzoneClusterImpl-dc2b9cc2-6b0d-409d-bb5b-6a950fa1c069/datanode-4/data/ratis/a7573650-7fc0-40d7-8a66-bd2ce9f1504f has been successfully formatted.
2019-10-14 10:24:41,514 [pool-207-thread-1] INFO  ratis.ContainerStateMachine (ContainerStateMachine.java:loadSnapshot(231)) - group-BD2CE9F1504F: The snapshot info is null. Setting the last applied indexto:(t:0, i:~)
2019-10-14 10:24:41,514 [pool-247-thread-1] INFO  ratis.ContainerStateMachine (ContainerStateMachine.java:loadSnapshot(231)) - group-BD2CE9F1504F: The snapshot info is null. Setting the last applied indexto:(t:0, i:~)
2019-10-14 10:24:41,514 [pool-207-thread-1] INFO  server.RaftServerConfigKeys (ConfUtils.java:logGet(43)) - raft.server.notification.no-leader.timeout = 120s (custom)
2019-10-14 10:24:41,514 [pool-247-thread-1] INFO  server.RaftServerConfigKeys (ConfUtils.java:logGet(43)) - raft.server.notification.no-leader.timeout = 120s (custom)
2019-10-14 10:24:41,515 [pool-207-thread-1] INFO  server.RaftServerConfigKeys (ConfUtils.java:logGet(43)) - raft.server.log.use.memory = false (default)
2019-10-14 10:24:41,515 [pool-247-thread-1] INFO  server.RaftServerConfigKeys (ConfUtils.java:logGet(43)) - raft.server.log.use.memory = false (default)
2019-10-14 10:24:41,515 [pool-207-thread-1] INFO  server.RaftServerConfigKeys (ConfUtils.java:logGet(43)) - raft.server.log.purge.gap = 1000000 (custom)
2019-10-14 10:24:41,515 [pool-247-thread-1] INFO  server.RaftServerConfigKeys (ConfUtils.java:logGet(43)) - raft.server.log.purge.gap = 1000000 (custom)
2019-10-14 10:24:41,515 [pool-207-thread-1] INFO  server.RaftServerConfigKeys (ConfUtils.java:logGet(43)) - raft.server.log.appender.buffer.byte-limit = 33554432 (custom)
2019-10-14 10:24:41,515 [pool-247-thread-1] INFO  server.RaftServerConfigKeys (ConfUtils.java:logGet(43)) - raft.server.log.appender.buffer.byte-limit = 33554432 (custom)
2019-10-14 10:24:41,515 [pool-207-thread-1] INFO  server.RaftServerConfigKeys (ConfUtils.java:logGet(43)) - raft.server.log.segment.size.max = 1048576 (custom)
2019-10-14 10:24:41,515 [pool-247-thread-1] INFO  server.RaftServerConfigKeys (ConfUtils.java:logGet(43)) - raft.server.log.segment.size.max = 1048576 (custom)
2019-10-14 10:24:41,515 [pool-207-thread-1] INFO  server.RaftServerConfigKeys (ConfUtils.java:logGet(43)) - raft.server.log.segment.cache.num.max = 2 (custom)
2019-10-14 10:24:41,515 [pool-247-thread-1] INFO  server.RaftServerConfigKeys (ConfUtils.java:logGet(43)) - raft.server.log.segment.cache.num.max = 2 (custom)
2019-10-14 10:24:41,515 [pool-207-thread-1] INFO  segmented.SegmentedRaftLogWorker (SegmentedRaftLogWorker.java:<init>(173)) - new 514d7619-ced6-4f91-abef-7c941b49b03a@group-BD2CE9F1504F-SegmentedRaftLogWorker for RaftStorage:Storage Directory /workdir/hadoop-ozone/integration-test/target/test-dir/MiniOzoneClusterImpl-dc2b9cc2-6b0d-409d-bb5b-6a950fa1c069/datanode-0/data/ratis/a7573650-7fc0-40d7-8a66-bd2ce9f1504f
2019-10-14 10:24:41,515 [pool-247-thread-1] INFO  segmented.SegmentedRaftLogWorker (SegmentedRaftLogWorker.java:<init>(173)) - new c53c87ec-c046-44bb-9a56-c35705fc483e@group-BD2CE9F1504F-SegmentedRaftLogWorker for RaftStorage:Storage Directory /workdir/hadoop-ozone/integration-test/target/test-dir/MiniOzoneClusterImpl-dc2b9cc2-6b0d-409d-bb5b-6a950fa1c069/datanode-4/data/ratis/a7573650-7fc0-40d7-8a66-bd2ce9f1504f
2019-10-14 10:24:41,516 [pool-207-thread-1] INFO  server.RaftServerConfigKeys (ConfUtils.java:logGet(43)) - raft.server.log.queue.byte-limit = 2147483647 (custom)
2019-10-14 10:24:41,516 [pool-247-thread-1] INFO  server.RaftServerConfigKeys (ConfUtils.java:logGet(43)) - raft.server.log.queue.byte-limit = 2147483647 (custom)
2019-10-14 10:24:41,516 [pool-207-thread-1] INFO  server.RaftServerConfigKeys (ConfUtils.java:logGet(43)) - raft.server.log.queue.element-limit = 1024 (custom)
2019-10-14 10:24:41,516 [pool-247-thread-1] INFO  server.RaftServerConfigKeys (ConfUtils.java:logGet(43)) - raft.server.log.queue.element-limit = 1024 (custom)
2019-10-14 10:24:41,516 [pool-207-thread-1] INFO  server.RaftServerConfigKeys (ConfUtils.java:logGet(43)) - raft.server.log.segment.size.max = 1048576 (custom)
2019-10-14 10:24:41,516 [pool-247-thread-1] INFO  server.RaftServerConfigKeys (ConfUtils.java:logGet(43)) - raft.server.log.segment.size.max = 1048576 (custom)
2019-10-14 10:24:41,516 [pool-207-thread-1] INFO  server.RaftServerConfigKeys (ConfUtils.java:logGet(43)) - raft.server.log.preallocated.size = 16384 (custom)
2019-10-14 10:24:41,516 [pool-247-thread-1] INFO  server.RaftServerConfigKeys (ConfUtils.java:logGet(43)) - raft.server.log.preallocated.size = 16384 (custom)
2019-10-14 10:24:41,516 [pool-207-thread-1] INFO  server.RaftServerConfigKeys (ConfUtils.java:logGet(43)) - raft.server.log.write.buffer.size = 33554432 (custom)
2019-10-14 10:24:41,516 [pool-247-thread-1] INFO  server.RaftServerConfigKeys (ConfUtils.java:logGet(43)) - raft.server.log.write.buffer.size = 33554432 (custom)
2019-10-14 10:24:41,516 [pool-207-thread-1] INFO  server.RaftServerConfigKeys (ConfUtils.java:logGet(43)) - raft.server.log.force.sync.num = 128 (default)
2019-10-14 10:24:41,517 [pool-247-thread-1] INFO  server.RaftServerConfigKeys (ConfUtils.java:logGet(43)) - raft.server.log.force.sync.num = 128 (default)
2019-10-14 10:24:41,517 [pool-207-thread-1] INFO  server.RaftServerConfigKeys (ConfUtils.java:logGet(43)) - raft.server.log.statemachine.data.sync = true (default)
2019-10-14 10:24:41,517 [pool-247-thread-1] INFO  server.RaftServerConfigKeys (ConfUtils.java:logGet(43)) - raft.server.log.statemachine.data.sync = true (default)
2019-10-14 10:24:41,517 [pool-207-thread-1] INFO  server.RaftServerConfigKeys (ConfUtils.java:logGet(43)) - raft.server.log.statemachine.data.sync.timeout = 10s (default)
2019-10-14 10:24:41,517 [pool-247-thread-1] INFO  server.RaftServerConfigKeys (ConfUtils.java:logGet(43)) - raft.server.log.statemachine.data.sync.timeout = 10s (default)
2019-10-14 10:24:41,517 [pool-207-thread-1] INFO  server.RaftServerConfigKeys (ConfUtils.java:logGet(43)) - raft.server.log.statemachine.data.sync.timeout.retry = -1 (default)
2019-10-14 10:24:41,517 [pool-247-thread-1] INFO  server.RaftServerConfigKeys (ConfUtils.java:logGet(43)) - raft.server.log.statemachine.data.sync.timeout.retry = -1 (default)
2019-10-14 10:24:41,517 [pool-207-thread-1] INFO  server.RaftServerConfigKeys (ConfUtils.java:logGet(43)) - raft.server.log.statemachine.data.caching.enabled = true (custom)
2019-10-14 10:24:41,517 [pool-247-thread-1] INFO  server.RaftServerConfigKeys (ConfUtils.java:logGet(43)) - raft.server.log.statemachine.data.caching.enabled = true (custom)
2019-10-14 10:24:41,517 [pool-207-thread-1] INFO  segmented.SegmentedRaftLogWorker (SegmentedRaftLogWorker.java:lambda$new$0(128)) - 514d7619-ced6-4f91-abef-7c941b49b03a@group-BD2CE9F1504F-SegmentedRaftLogWorker: flushIndex: setUnconditionally 0 -> -1
2019-10-14 10:24:41,518 [pool-247-thread-1] INFO  segmented.SegmentedRaftLogWorker (SegmentedRaftLogWorker.java:lambda$new$0(128)) - c53c87ec-c046-44bb-9a56-c35705fc483e@group-BD2CE9F1504F-SegmentedRaftLogWorker: flushIndex: setUnconditionally 0 -> -1
2019-10-14 10:24:41,518 [pool-207-thread-1] INFO  server.RaftServerConfigKeys (ConfUtils.java:logGet(43)) - raft.server.snapshot.auto.trigger.enabled = true (custom)
2019-10-14 10:24:41,518 [pool-247-thread-1] INFO  server.RaftServerConfigKeys (ConfUtils.java:logGet(43)) - raft.server.snapshot.auto.trigger.enabled = true (custom)
2019-10-14 10:24:41,518 [pool-207-thread-1] INFO  server.RaftServerConfigKeys (ConfUtils.java:logGet(43)) - raft.server.snapshot.auto.trigger.threshold = 10000 (custom)
2019-10-14 10:24:41,518 [pool-247-thread-1] INFO  server.RaftServerConfigKeys (ConfUtils.java:logGet(43)) - raft.server.snapshot.auto.trigger.threshold = 10000 (custom)
2019-10-14 10:24:41,518 [pool-207-thread-1] INFO  server.RaftServerConfigKeys (ConfUtils.java:logGet(43)) - raft.server.snapshot.retention.file.num = 5 (custom)
2019-10-14 10:24:41,518 [pool-247-thread-1] INFO  server.RaftServerConfigKeys (ConfUtils.java:logGet(43)) - raft.server.snapshot.retention.file.num = 5 (custom)
2019-10-14 10:24:41,518 [pool-207-thread-1] INFO  server.RaftServerConfigKeys (ConfUtils.java:logGet(43)) - raft.server.retrycache.expirytime = 600000ms (custom)
2019-10-14 10:24:41,518 [pool-247-thread-1] INFO  server.RaftServerConfigKeys (ConfUtils.java:logGet(43)) - raft.server.retrycache.expirytime = 600000ms (custom)
2019-10-14 10:24:41,520 [pool-207-thread-1] INFO  impl.RaftServerImpl (RaftServerImpl.java:start(181)) - 514d7619-ced6-4f91-abef-7c941b49b03a@group-BD2CE9F1504F: start as a follower, conf=-1: [514d7619-ced6-4f91-abef-7c941b49b03a:192.168.151.98:33984, 71a3fedc-d6c8-4ada-8021-3efcd81af050:192.168.151.98:39539, c53c87ec-c046-44bb-9a56-c35705fc483e:192.168.151.98:38163], old=null
2019-10-14 10:24:41,520 [pool-247-thread-1] INFO  impl.RaftServerImpl (RaftServerImpl.java:start(181)) - c53c87ec-c046-44bb-9a56-c35705fc483e@group-BD2CE9F1504F: start as a follower, conf=-1: [514d7619-ced6-4f91-abef-7c941b49b03a:192.168.151.98:33984, 71a3fedc-d6c8-4ada-8021-3efcd81af050:192.168.151.98:39539, c53c87ec-c046-44bb-9a56-c35705fc483e:192.168.151.98:38163], old=null
2019-10-14 10:24:41,520 [pool-207-thread-1] INFO  impl.RaftServerImpl (RaftServerImpl.java:setRole(170)) - 514d7619-ced6-4f91-abef-7c941b49b03a@group-BD2CE9F1504F: changes role from      null to FOLLOWER at term 0 for startAsFollower
2019-10-14 10:24:41,520 [pool-247-thread-1] INFO  impl.RaftServerImpl (RaftServerImpl.java:setRole(170)) - c53c87ec-c046-44bb-9a56-c35705fc483e@group-BD2CE9F1504F: changes role from      null to FOLLOWER at term 0 for startAsFollower
2019-10-14 10:24:41,520 [pool-207-thread-1] INFO  impl.RoleInfo (RoleInfo.java:updateAndGet(143)) - 514d7619-ced6-4f91-abef-7c941b49b03a: start FollowerState
2019-10-14 10:24:41,520 [pool-247-thread-1] INFO  impl.RoleInfo (RoleInfo.java:updateAndGet(143)) - c53c87ec-c046-44bb-9a56-c35705fc483e: start FollowerState
2019-10-14 10:24:41,521 [pool-207-thread-1] INFO  util.JmxRegister (JmxRegister.java:tryRegister(44)) - Successfully registered JMX Bean with object name Ratis:service=RaftServer,group=group-BD2CE9F1504F,id=514d7619-ced6-4f91-abef-7c941b49b03a
2019-10-14 10:24:41,521 [pool-247-thread-1] INFO  util.JmxRegister (JmxRegister.java:tryRegister(44)) - Successfully registered JMX Bean with object name Ratis:service=RaftServer,group=group-BD2CE9F1504F,id=c53c87ec-c046-44bb-9a56-c35705fc483e
2019-10-14 10:24:42,056 [Thread-2506] INFO  client.GrpcClientProtocolService (GrpcClientProtocolService.java:lambda$processClientRequest$0(278)) - Failed RaftClientRequest:client-8882E7FEB1E1->514d7619-ced6-4f91-abef-7c941b49b03a@group-A2D2F2F5653F, cid=68, seq=0, Watch-MAJORITY_COMMITTED(76), Message:<EMPTY>, reply=RaftClientReply:client-8882E7FEB1E1->514d7619-ced6-4f91-abef-7c941b49b03a@group-A2D2F2F5653F, cid=68, FAILED org.apache.ratis.protocol.NotReplicatedException: Request with call Id 68 and log index 76 is not yet replicated to MAJORITY_COMMITTED, logIndex=76, commits[514d7619-ced6-4f91-abef-7c941b49b03a:c2, 71a3fedc-d6c8-4ada-8021-3efcd81af050:c2, 9a7cd4fb-2149-444e-852a-606827ec4daf:c2]
2019-10-14 10:24:42,442 [grpc-default-executor-0] WARN  server.GrpcLogAppender (LogUtils.java:warn(134)) - 00992991-c583-4119-98d8-1ee4a96d1469@group-FD0B8F39A534->30efaf05-81ad-4a24-af9a-979d1ccf6f08-AppendLogResponseHandler: Failed appendEntries: org.apache.ratis.thirdparty.io.grpc.StatusRuntimeException: UNAVAILABLE: io exception
2019-10-14 10:24:42,442 [grpc-default-executor-0] INFO  impl.FollowerInfo (FollowerInfo.java:lambda$new$0(51)) - 00992991-c583-4119-98d8-1ee4a96d1469@group-FD0B8F39A534->30efaf05-81ad-4a24-af9a-979d1ccf6f08: nextIndex: updateUnconditionally 2 -> 1
2019-10-14 10:24:43,115 [main] WARN  scm.XceiverClientRatis (XceiverClientRatis.java:watchForCommit(277)) - 3 way commit failed on pipeline Pipeline[ Id: 863d6b1d-5b7f-429a-9e13-fd0b8f39a534, Nodes: 30efaf05-81ad-4a24-af9a-979d1ccf6f08{ip: 192.168.151.98, host: pr-hdds-2295-pn7hw-3586430783, networkLocation: /default-rack, certSerialId: null}24b422b5-1a0c-4d00-9bb9-3f31def6177b{ip: 192.168.151.98, host: pr-hdds-2295-pn7hw-3586430783, networkLocation: /default-rack, certSerialId: null}00992991-c583-4119-98d8-1ee4a96d1469{ip: 192.168.151.98, host: pr-hdds-2295-pn7hw-3586430783, networkLocation: /default-rack, certSerialId: null}, Type:RATIS, Factor:THREE, State:OPEN]
java.util.concurrent.TimeoutException
	at java.util.concurrent.CompletableFuture.timedGet(CompletableFuture.java:1771)
	at java.util.concurrent.CompletableFuture.get(CompletableFuture.java:1915)
	at org.apache.hadoop.hdds.scm.XceiverClientRatis.watchForCommit(XceiverClientRatis.java:274)
	at org.apache.hadoop.ozone.client.rpc.TestWatchForCommit.test2WayCommitForTimeoutException(TestWatchForCommit.java:391)
	at sun.reflect.NativeMethodAccessorImpl.invoke0(Native Method)
	at sun.reflect.NativeMethodAccessorImpl.invoke(NativeMethodAccessorImpl.java:62)
	at sun.reflect.DelegatingMethodAccessorImpl.invoke(DelegatingMethodAccessorImpl.java:43)
	at java.lang.reflect.Method.invoke(Method.java:498)
	at org.junit.runners.model.FrameworkMethod$1.runReflectiveCall(FrameworkMethod.java:47)
	at org.junit.internal.runners.model.ReflectiveCallable.run(ReflectiveCallable.java:12)
	at org.junit.runners.model.FrameworkMethod.invokeExplosively(FrameworkMethod.java:44)
	at org.junit.internal.runners.statements.InvokeMethod.evaluate(InvokeMethod.java:17)
	at org.junit.runners.ParentRunner.runLeaf(ParentRunner.java:271)
	at org.junit.runners.BlockJUnit4ClassRunner.runChild(BlockJUnit4ClassRunner.java:70)
	at org.junit.runners.BlockJUnit4ClassRunner.runChild(BlockJUnit4ClassRunner.java:50)
	at org.junit.runners.ParentRunner$3.run(ParentRunner.java:238)
	at org.junit.runners.ParentRunner$1.schedule(ParentRunner.java:63)
	at org.junit.runners.ParentRunner.runChildren(ParentRunner.java:236)
	at org.junit.runners.ParentRunner.access$000(ParentRunner.java:53)
	at org.junit.runners.ParentRunner$2.evaluate(ParentRunner.java:229)
	at org.junit.runners.ParentRunner.run(ParentRunner.java:309)
	at org.apache.maven.surefire.junit4.JUnit4Provider.execute(JUnit4Provider.java:365)
	at org.apache.maven.surefire.junit4.JUnit4Provider.executeWithRerun(JUnit4Provider.java:273)
	at org.apache.maven.surefire.junit4.JUnit4Provider.executeTestSet(JUnit4Provider.java:238)
	at org.apache.maven.surefire.junit4.JUnit4Provider.invoke(JUnit4Provider.java:159)
	at org.apache.maven.surefire.booter.ForkedBooter.invokeProviderInSameClassLoader(ForkedBooter.java:384)
	at org.apache.maven.surefire.booter.ForkedBooter.runSuitesInProcess(ForkedBooter.java:345)
	at org.apache.maven.surefire.booter.ForkedBooter.execute(ForkedBooter.java:126)
	at org.apache.maven.surefire.booter.ForkedBooter.main(ForkedBooter.java:418)
2019-10-14 10:24:43,380 [EventQueue-StaleNodeForStaleNodeHandler] INFO  node.StaleNodeHandler (StaleNodeHandler.java:onMessage(58)) - Datanode 71a3fedc-d6c8-4ada-8021-3efcd81af050{ip: 192.168.151.98, host: pr-hdds-2295-pn7hw-3586430783, networkLocation: /default-rack, certSerialId: null} moved to stale state. Finalizing its pipelines [PipelineID=0ac1eda8-c199-4797-9d4e-4c2d410ccf9f, PipelineID=f698243b-a917-4351-ae51-a2d2f2f5653f]
2019-10-14 10:24:43,381 [EventQueue-StaleNodeForStaleNodeHandler] INFO  pipeline.SCMPipelineManager (SCMPipelineManager.java:finalizeAndDestroyPipeline(315)) - destroying pipeline:Pipeline[ Id: 0ac1eda8-c199-4797-9d4e-4c2d410ccf9f, Nodes: 71a3fedc-d6c8-4ada-8021-3efcd81af050{ip: 192.168.151.98, host: pr-hdds-2295-pn7hw-3586430783, networkLocation: /default-rack, certSerialId: null}, Type:RATIS, Factor:ONE, State:OPEN]
2019-10-14 10:24:43,381 [EventQueue-StaleNodeForStaleNodeHandler] INFO  pipeline.PipelineStateManager (PipelineStateManager.java:finalizePipeline(123)) - Pipeline Pipeline[ Id: 0ac1eda8-c199-4797-9d4e-4c2d410ccf9f, Nodes: 71a3fedc-d6c8-4ada-8021-3efcd81af050{ip: 192.168.151.98, host: pr-hdds-2295-pn7hw-3586430783, networkLocation: /default-rack, certSerialId: null}, Type:RATIS, Factor:ONE, State:CLOSED] moved to CLOSED state
2019-10-14 10:24:43,381 [EventQueue-StaleNodeForStaleNodeHandler] INFO  pipeline.SCMPipelineManager (SCMPipelineManager.java:finalizeAndDestroyPipeline(315)) - destroying pipeline:Pipeline[ Id: f698243b-a917-4351-ae51-a2d2f2f5653f, Nodes: 9a7cd4fb-2149-444e-852a-606827ec4daf{ip: 192.168.151.98, host: pr-hdds-2295-pn7hw-3586430783, networkLocation: /default-rack, certSerialId: null}71a3fedc-d6c8-4ada-8021-3efcd81af050{ip: 192.168.151.98, host: pr-hdds-2295-pn7hw-3586430783, networkLocation: /default-rack, certSerialId: null}514d7619-ced6-4f91-abef-7c941b49b03a{ip: 192.168.151.98, host: pr-hdds-2295-pn7hw-3586430783, networkLocation: /default-rack, certSerialId: null}, Type:RATIS, Factor:THREE, State:CLOSED]
2019-10-14 10:24:43,831 [grpc-default-executor-3] WARN  server.GrpcLogAppender (LogUtils.java:warn(134)) - 514d7619-ced6-4f91-abef-7c941b49b03a@group-A2D2F2F5653F->71a3fedc-d6c8-4ada-8021-3efcd81af050-AppendLogResponseHandler: Failed appendEntries: org.apache.ratis.thirdparty.io.grpc.StatusRuntimeException: UNAVAILABLE: io exception
2019-10-14 10:24:43,831 [grpc-default-executor-7] WARN  server.GrpcLogAppender (LogUtils.java:warn(134)) - 514d7619-ced6-4f91-abef-7c941b49b03a@group-A2D2F2F5653F->9a7cd4fb-2149-444e-852a-606827ec4daf-AppendLogResponseHandler: Failed appendEntries: org.apache.ratis.thirdparty.io.grpc.StatusRuntimeException: UNAVAILABLE: io exception
2019-10-14 10:24:43,832 [grpc-default-executor-3] INFO  impl.FollowerInfo (FollowerInfo.java:lambda$new$0(51)) - 514d7619-ced6-4f91-abef-7c941b49b03a@group-A2D2F2F5653F->71a3fedc-d6c8-4ada-8021-3efcd81af050: nextIndex: updateUnconditionally 0 -> 0
2019-10-14 10:24:43,832 [grpc-default-executor-7] INFO  impl.FollowerInfo (FollowerInfo.java:lambda$new$0(51)) - 514d7619-ced6-4f91-abef-7c941b49b03a@group-A2D2F2F5653F->9a7cd4fb-2149-444e-852a-606827ec4daf: nextIndex: updateUnconditionally 0 -> 0
2019-10-14 10:24:44,942 [grpc-default-executor-7] WARN  server.GrpcLogAppender (LogUtils.java:warn(134)) - 00992991-c583-4119-98d8-1ee4a96d1469@group-FD0B8F39A534->30efaf05-81ad-4a24-af9a-979d1ccf6f08-AppendLogResponseHandler: Failed appendEntries: org.apache.ratis.thirdparty.io.grpc.StatusRuntimeException: UNAVAILABLE: io exception
2019-10-14 10:24:44,943 [grpc-default-executor-7] INFO  impl.FollowerInfo (FollowerInfo.java:lambda$new$0(51)) - 00992991-c583-4119-98d8-1ee4a96d1469@group-FD0B8F39A534->30efaf05-81ad-4a24-af9a-979d1ccf6f08: nextIndex: updateUnconditionally 1 -> 0
]]></system-out>
    <system-err><![CDATA[Oct 14, 2019 10:24:39 AM org.apache.ratis.thirdparty.io.grpc.internal.SerializingExecutor run
SEVERE: Exception while executing runnable org.apache.ratis.thirdparty.io.grpc.internal.ServerImpl$JumpToApplicationThreadServerStreamListener$1Closed@180a7bbc
org.apache.ratis.thirdparty.io.grpc.StatusRuntimeException: CANCELLED: call already cancelled
	at org.apache.ratis.thirdparty.io.grpc.Status.asRuntimeException(Status.java:517)
	at org.apache.ratis.thirdparty.io.grpc.stub.ServerCalls$ServerCallStreamObserverImpl.onCompleted(ServerCalls.java:356)
	at org.apache.ratis.grpc.server.GrpcServerProtocolService$ServerRequestStreamObserver.onError(GrpcServerProtocolService.java:121)
	at org.apache.ratis.thirdparty.io.grpc.stub.ServerCalls$StreamingServerCallHandler$StreamingServerCallListener.onCancel(ServerCalls.java:269)
	at org.apache.ratis.thirdparty.io.grpc.internal.ServerCallImpl$ServerStreamListenerImpl.closed(ServerCallImpl.java:293)
	at org.apache.ratis.thirdparty.io.grpc.internal.ServerImpl$JumpToApplicationThreadServerStreamListener$1Closed.runInContext(ServerImpl.java:741)
	at org.apache.ratis.thirdparty.io.grpc.internal.ContextRunnable.run(ContextRunnable.java:37)
	at org.apache.ratis.thirdparty.io.grpc.internal.SerializingExecutor.run(SerializingExecutor.java:123)
	at java.util.concurrent.ThreadPoolExecutor.runWorker(ThreadPoolExecutor.java:1149)
	at java.util.concurrent.ThreadPoolExecutor$Worker.run(ThreadPoolExecutor.java:624)
	at java.lang.Thread.run(Thread.java:748)

]]></system-err>
  </testcase>
</testsuite>