<?xml version="1.0" encoding="UTF-8"?>
<testsuite xmlns:xsi="http://www.w3.org/2001/XMLSchema-instance" xsi:noNamespaceSchemaLocation="https://maven.apache.org/surefire/maven-surefire-plugin/xsd/surefire-test-report.xsd" name="org.apache.hadoop.ozone.container.common.statemachine.commandhandler.TestCloseContainerByPipeline" time="66.155" tests="4" errors="1" skipped="0" failures="0">
  <properties>
    <property name="awt.toolkit" value="sun.awt.X11.XToolkit"/>
    <property name="file.encoding.pkg" value="sun.io"/>
    <property name="java.specification.version" value="1.8"/>
    <property name="sun.cpu.isalist" value=""/>
    <property name="sun.jnu.encoding" value="UTF-8"/>
    <property name="java.class.path" value="/workdir/hadoop-ozone/integration-test/target/test-classes:/workdir/hadoop-ozone/integration-test/target/classes:/home/user/.m2/repository/org/apache/hadoop/hadoop-ozone-common/0.5.0-SNAPSHOT/hadoop-ozone-common-0.5.0-SNAPSHOT.jar:/home/user/.m2/repository/org/apache/commons/commons-compress/1.4.1/commons-compress-1.4.1.jar:/home/user/.m2/repository/org/tukaani/xz/1.0/xz-1.0.jar:/home/user/.m2/repository/org/apache/hadoop/hadoop-common/3.2.0/hadoop-common-3.2.0.jar:/home/user/.m2/repository/org/apache/hadoop/hadoop-hdfs/3.2.0/hadoop-hdfs-3.2.0.jar:/home/user/.m2/repository/org/apache/hadoop/hadoop-hdfs-client/3.2.0/hadoop-hdfs-client-3.2.0.jar:/home/user/.m2/repository/com/fasterxml/jackson/core/jackson-annotations/2.9.9/jackson-annotations-2.9.9.jar:/home/user/.m2/repository/org/apache/hadoop/hadoop-hdds-common/0.5.0-SNAPSHOT/hadoop-hdds-common-0.5.0-SNAPSHOT.jar:/home/user/.m2/repository/javax/annotation/javax.annotation-api/1.2/javax.annotation-api-1.2.jar:/home/user/.m2/repository/org/apache/ratis/ratis-server/0.5.0-201fc85-SNAPSHOT/ratis-server-0.5.0-201fc85-SNAPSHOT.jar:/home/user/.m2/repository/org/apache/ratis/ratis-thirdparty-misc/0.2.0/ratis-thirdparty-misc-0.2.0.jar:/home/user/.m2/repository/org/apache/ratis/ratis-proto/0.5.0-201fc85-SNAPSHOT/ratis-proto-0.5.0-201fc85-SNAPSHOT.jar:/home/user/.m2/repository/org/apache/ratis/ratis-common/0.5.0-201fc85-SNAPSHOT/ratis-common-0.5.0-201fc85-SNAPSHOT.jar:/home/user/.m2/repository/org/apache/ratis/ratis-client/0.5.0-201fc85-SNAPSHOT/ratis-client-0.5.0-201fc85-SNAPSHOT.jar:/home/user/.m2/repository/org/apache/ratis/ratis-metrics/0.5.0-201fc85-SNAPSHOT/ratis-metrics-0.5.0-201fc85-SNAPSHOT.jar:/home/user/.m2/repository/com/github/joshelser/dropwizard-metrics-hadoop-metrics2-reporter/0.1.2/dropwizard-metrics-hadoop-metrics2-reporter-0.1.2.jar:/home/user/.m2/repository/io/dropwizard/metrics/metrics-jvm/3.2.5/metrics-jvm-3.2.5.jar:/home/user/.m2/repository/io/dropwizard/metrics/metrics-ganglia/3.2.5/metrics-ganglia-3.2.5.jar:/home/user/.m2/repository/info/ganglia/gmetric4j/gmetric4j/1.0.7/gmetric4j-1.0.7.jar:/home/user/.m2/repository/org/apache/ratis/ratis-netty/0.5.0-201fc85-SNAPSHOT/ratis-netty-0.5.0-201fc85-SNAPSHOT.jar:/home/user/.m2/repository/org/apache/ratis/ratis-grpc/0.5.0-201fc85-SNAPSHOT/ratis-grpc-0.5.0-201fc85-SNAPSHOT.jar:/home/user/.m2/repository/org/rocksdb/rocksdbjni/6.0.1/rocksdbjni-6.0.1.jar:/home/user/.m2/repository/org/apache/logging/log4j/log4j-api/2.11.0/log4j-api-2.11.0.jar:/home/user/.m2/repository/org/apache/logging/log4j/log4j-core/2.11.0/log4j-core-2.11.0.jar:/home/user/.m2/repository/com/lmax/disruptor/3.4.2/disruptor-3.4.2.jar:/home/user/.m2/repository/org/apache/commons/commons-pool2/2.6.0/commons-pool2-2.6.0.jar:/home/user/.m2/repository/org/bouncycastle/bcpkix-jdk15on/1.60/bcpkix-jdk15on-1.60.jar:/home/user/.m2/repository/commons-validator/commons-validator/1.6/commons-validator-1.6.jar:/home/user/.m2/repository/commons-digester/commons-digester/1.8.1/commons-digester-1.8.1.jar:/home/user/.m2/repository/io/jaegertracing/jaeger-client/0.34.0/jaeger-client-0.34.0.jar:/home/user/.m2/repository/io/jaegertracing/jaeger-thrift/0.34.0/jaeger-thrift-0.34.0.jar:/home/user/.m2/repository/org/apache/thrift/libthrift/0.12.0/libthrift-0.12.0.jar:/home/user/.m2/repository/com/squareup/okhttp3/okhttp/3.9.0/okhttp-3.9.0.jar:/home/user/.m2/repository/com/squareup/okio/okio/1.13.0/okio-1.13.0.jar:/home/user/.m2/repository/io/jaegertracing/jaeger-core/0.34.0/jaeger-core-0.34.0.jar:/home/user/.m2/repository/io/jaegertracing/jaeger-tracerresolver/0.34.0/jaeger-tracerresolver-0.34.0.jar:/home/user/.m2/repository/io/opentracing/contrib/opentracing-tracerresolver/0.1.5/opentracing-tracerresolver-0.1.5.jar:/home/user/.m2/repository/io/opentracing/opentracing-util/0.31.0/opentracing-util-0.31.0.jar:/home/user/.m2/repository/io/opentracing/opentracing-api/0.31.0/opentracing-api-0.31.0.jar:/home/user/.m2/repository/io/opentracing/opentracing-noop/0.31.0/opentracing-noop-0.31.0.jar:/home/user/.m2/repository/org/apache/hadoop/hadoop-hdds-server-framework/0.5.0-SNAPSHOT/hadoop-hdds-server-framework-0.5.0-SNAPSHOT.jar:/home/user/.m2/repository/org/apache/hadoop/hadoop-hdds-container-service/0.5.0-SNAPSHOT/hadoop-hdds-container-service-0.5.0-SNAPSHOT.jar:/home/user/.m2/repository/org/apache/hadoop/hadoop-hdds-client/0.5.0-SNAPSHOT/hadoop-hdds-client-0.5.0-SNAPSHOT.jar:/home/user/.m2/repository/org/apache/hadoop/hadoop-hdds-tools/0.5.0-SNAPSHOT/hadoop-hdds-tools-0.5.0-SNAPSHOT.jar:/home/user/.m2/repository/org/apache/hadoop/hadoop-hdds-server-scm/0.5.0-SNAPSHOT/hadoop-hdds-server-scm-0.5.0-SNAPSHOT.jar:/home/user/.m2/repository/org/apache/hadoop/hadoop-hdds-docs/0.5.0-SNAPSHOT/hadoop-hdds-docs-0.5.0-SNAPSHOT.jar:/home/user/.m2/repository/io/dropwizard/metrics/metrics-core/3.2.4/metrics-core-3.2.4.jar:/home/user/.m2/repository/org/hamcrest/hamcrest-all/1.3/hamcrest-all-1.3.jar:/home/user/.m2/repository/org/bouncycastle/bcprov-jdk15on/1.60/bcprov-jdk15on-1.60.jar:/home/user/.m2/repository/info/picocli/picocli/3.9.6/picocli-3.9.6.jar:/home/user/.m2/repository/com/google/protobuf/protobuf-java/2.5.0/protobuf-java-2.5.0.jar:/home/user/.m2/repository/com/google/guava/guava/11.0.2/guava-11.0.2.jar:/home/user/.m2/repository/org/apache/hadoop/hadoop-ozone-ozone-manager/0.5.0-SNAPSHOT/hadoop-ozone-ozone-manager-0.5.0-SNAPSHOT.jar:/home/user/.m2/repository/org/apache/hadoop/hadoop-minikdc/3.2.0/hadoop-minikdc-3.2.0.jar:/home/user/.m2/repository/commons-io/commons-io/2.5/commons-io-2.5.jar:/home/user/.m2/repository/org/apache/kerby/kerb-simplekdc/1.0.1/kerb-simplekdc-1.0.1.jar:/home/user/.m2/repository/org/apache/kerby/kerb-client/1.0.1/kerb-client-1.0.1.jar:/home/user/.m2/repository/org/apache/kerby/kerby-config/1.0.1/kerby-config-1.0.1.jar:/home/user/.m2/repository/org/apache/kerby/kerb-core/1.0.1/kerb-core-1.0.1.jar:/home/user/.m2/repository/org/apache/kerby/kerby-pkix/1.0.1/kerby-pkix-1.0.1.jar:/home/user/.m2/repository/org/apache/kerby/kerby-asn1/1.0.1/kerby-asn1-1.0.1.jar:/home/user/.m2/repository/org/apache/kerby/kerby-util/1.0.1/kerby-util-1.0.1.jar:/home/user/.m2/repository/org/apache/kerby/kerb-common/1.0.1/kerb-common-1.0.1.jar:/home/user/.m2/repository/org/apache/kerby/kerb-crypto/1.0.1/kerb-crypto-1.0.1.jar:/home/user/.m2/repository/org/apache/kerby/kerb-util/1.0.1/kerb-util-1.0.1.jar:/home/user/.m2/repository/org/apache/kerby/token-provider/1.0.1/token-provider-1.0.1.jar:/home/user/.m2/repository/org/apache/kerby/kerb-admin/1.0.1/kerb-admin-1.0.1.jar:/home/user/.m2/repository/org/apache/kerby/kerb-server/1.0.1/kerb-server-1.0.1.jar:/home/user/.m2/repository/org/apache/kerby/kerb-identity/1.0.1/kerb-identity-1.0.1.jar:/home/user/.m2/repository/org/apache/kerby/kerby-xdr/1.0.1/kerby-xdr-1.0.1.jar:/home/user/.m2/repository/org/slf4j/slf4j-log4j12/1.7.25/slf4j-log4j12-1.7.25.jar:/home/user/.m2/repository/org/apache/hadoop/hadoop-ozone-s3gateway/0.5.0-SNAPSHOT/hadoop-ozone-s3gateway-0.5.0-SNAPSHOT.jar:/home/user/.m2/repository/org/jboss/weld/servlet/weld-servlet/2.4.7.Final/weld-servlet-2.4.7.Final.jar:/home/user/.m2/repository/org/glassfish/jersey/containers/jersey-container-servlet-core/2.27/jersey-container-servlet-core-2.27.jar:/home/user/.m2/repository/org/glassfish/hk2/external/javax.inject/2.5.0-b42/javax.inject-2.5.0-b42.jar:/home/user/.m2/repository/org/glassfish/jersey/core/jersey-common/2.27/jersey-common-2.27.jar:/home/user/.m2/repository/org/glassfish/hk2/osgi-resource-locator/1.0.1/osgi-resource-locator-1.0.1.jar:/home/user/.m2/repository/javax/ws/rs/javax.ws.rs-api/2.1/javax.ws.rs-api-2.1.jar:/home/user/.m2/repository/org/glassfish/jersey/ext/cdi/jersey-cdi1x/2.27/jersey-cdi1x-2.27.jar:/home/user/.m2/repository/org/glassfish/jersey/inject/jersey-hk2/2.27/jersey-hk2-2.27.jar:/home/user/.m2/repository/org/glassfish/hk2/hk2-locator/2.5.0-b42/hk2-locator-2.5.0-b42.jar:/home/user/.m2/repository/org/javassist/javassist/3.22.0-CR2/javassist-3.22.0-CR2.jar:/home/user/.m2/repository/org/glassfish/hk2/hk2-api/2.5.0/hk2-api-2.5.0.jar:/home/user/.m2/repository/org/glassfish/hk2/external/jakarta.inject/2.5.0/jakarta.inject-2.5.0.jar:/home/user/.m2/repository/org/glassfish/hk2/hk2-utils/2.5.0/hk2-utils-2.5.0.jar:/home/user/.m2/repository/jakarta/annotation/jakarta.annotation-api/1.3.4/jakarta.annotation-api-1.3.4.jar:/home/user/.m2/repository/org/glassfish/hk2/external/aopalliance-repackaged/2.5.0/aopalliance-repackaged-2.5.0.jar:/home/user/.m2/repository/com/fasterxml/jackson/dataformat/jackson-dataformat-xml/2.9.0/jackson-dataformat-xml-2.9.0.jar:/home/user/.m2/repository/com/fasterxml/jackson/core/jackson-core/2.9.9/jackson-core-2.9.9.jar:/home/user/.m2/repository/com/fasterxml/jackson/module/jackson-module-jaxb-annotations/2.9.9/jackson-module-jaxb-annotations-2.9.9.jar:/home/user/.m2/repository/javax/enterprise/cdi-api/1.2/cdi-api-1.2.jar:/home/user/.m2/repository/javax/el/javax.el-api/3.0.0/javax.el-api-3.0.0.jar:/home/user/.m2/repository/javax/interceptor/javax.interceptor-api/1.2/javax.interceptor-api-1.2.jar:/home/user/.m2/repository/javax/inject/javax.inject/1/javax.inject-1.jar:/home/user/.m2/repository/com/sun/xml/bind/jaxb-impl/2.3.0.1/jaxb-impl-2.3.0.1.jar:/home/user/.m2/repository/com/sun/xml/bind/jaxb-core/2.3.0.1/jaxb-core-2.3.0.1.jar:/home/user/.m2/repository/javax/xml/bind/jaxb-api/2.3.0/jaxb-api-2.3.0.jar:/home/user/.m2/repository/javax/activation/activation/1.1.1/activation-1.1.1.jar:/home/user/.m2/repository/org/apache/hadoop/hadoop-ozone-csi/0.5.0-SNAPSHOT/hadoop-ozone-csi-0.5.0-SNAPSHOT.jar:/home/user/.m2/repository/com/google/protobuf/protobuf-java-util/3.5.1/protobuf-java-util-3.5.1.jar:/home/user/.m2/repository/org/apache/hadoop/hadoop-hdds-config/0.5.0-SNAPSHOT/hadoop-hdds-config-0.5.0-SNAPSHOT.jar:/home/user/.m2/repository/io/grpc/grpc-netty/1.17.1/grpc-netty-1.17.1.jar:/home/user/.m2/repository/io/grpc/grpc-core/1.17.1/grpc-core-1.17.1.jar:/home/user/.m2/repository/io/grpc/grpc-context/1.17.1/grpc-context-1.17.1.jar:/home/user/.m2/repository/com/google/errorprone/error_prone_annotations/2.2.0/error_prone_annotations-2.2.0.jar:/home/user/.m2/repository/org/codehaus/mojo/animal-sniffer-annotations/1.17/animal-sniffer-annotations-1.17.jar:/home/user/.m2/repository/io/opencensus/opencensus-api/0.17.0/opencensus-api-0.17.0.jar:/home/user/.m2/repository/io/opencensus/opencensus-contrib-grpc-metrics/0.17.0/opencensus-contrib-grpc-metrics-0.17.0.jar:/home/user/.m2/repository/io/netty/netty-codec-http2/4.1.30.Final/netty-codec-http2-4.1.30.Final.jar:/home/user/.m2/repository/io/netty/netty-codec-http/4.1.30.Final/netty-codec-http-4.1.30.Final.jar:/home/user/.m2/repository/io/netty/netty-codec/4.1.30.Final/netty-codec-4.1.30.Final.jar:/home/user/.m2/repository/io/netty/netty-handler/4.1.30.Final/netty-handler-4.1.30.Final.jar:/home/user/.m2/repository/io/netty/netty-handler-proxy/4.1.30.Final/netty-handler-proxy-4.1.30.Final.jar:/home/user/.m2/repository/io/netty/netty-codec-socks/4.1.30.Final/netty-codec-socks-4.1.30.Final.jar:/home/user/.m2/repository/io/netty/netty-transport-native-epoll/4.1.30.Final/netty-transport-native-epoll-4.1.30.Final.jar:/home/user/.m2/repository/io/netty/netty-common/4.1.30.Final/netty-common-4.1.30.Final.jar:/home/user/.m2/repository/io/netty/netty-buffer/4.1.30.Final/netty-buffer-4.1.30.Final.jar:/home/user/.m2/repository/io/netty/netty-transport/4.1.30.Final/netty-transport-4.1.30.Final.jar:/home/user/.m2/repository/io/netty/netty-resolver/4.1.30.Final/netty-resolver-4.1.30.Final.jar:/home/user/.m2/repository/io/netty/netty-transport-native-unix-common/4.1.30.Final/netty-transport-native-unix-common-4.1.30.Final.jar:/home/user/.m2/repository/io/grpc/grpc-protobuf/1.17.1/grpc-protobuf-1.17.1.jar:/home/user/.m2/repository/com/google/api/grpc/proto-google-common-protos/1.0.0/proto-google-common-protos-1.0.0.jar:/home/user/.m2/repository/io/grpc/grpc-protobuf-lite/1.17.1/grpc-protobuf-lite-1.17.1.jar:/home/user/.m2/repository/io/grpc/grpc-stub/1.17.1/grpc-stub-1.17.1.jar:/home/user/.m2/repository/org/apache/hadoop/hadoop-ozone-recon/0.5.0-SNAPSHOT/hadoop-ozone-recon-0.5.0-SNAPSHOT.jar:/home/user/.m2/repository/org/apache/hadoop/hadoop-ozone-reconcodegen/0.5.0-SNAPSHOT/hadoop-ozone-reconcodegen-0.5.0-SNAPSHOT.jar:/home/user/.m2/repository/com/google/inject/extensions/guice-multibindings/4.0/guice-multibindings-4.0.jar:/home/user/.m2/repository/com/google/inject/guice/4.0/guice-4.0.jar:/home/user/.m2/repository/aopalliance/aopalliance/1.0/aopalliance-1.0.jar:/home/user/.m2/repository/com/google/inject/extensions/guice-servlet/4.0/guice-servlet-4.0.jar:/home/user/.m2/repository/org/glassfish/jersey/containers/jersey-container-servlet/2.27/jersey-container-servlet-2.27.jar:/home/user/.m2/repository/org/glassfish/hk2/guice-bridge/2.5.0/guice-bridge-2.5.0.jar:/home/user/.m2/repository/org/glassfish/jersey/core/jersey-server/2.27/jersey-server-2.27.jar:/home/user/.m2/repository/org/glassfish/jersey/core/jersey-client/2.27/jersey-client-2.27.jar:/home/user/.m2/repository/org/glassfish/jersey/media/jersey-media-jaxb/2.27/jersey-media-jaxb-2.27.jar:/home/user/.m2/repository/javax/validation/validation-api/1.1.0.Final/validation-api-1.1.0.Final.jar:/home/user/.m2/repository/org/glassfish/jersey/media/jersey-media-json-jackson/2.27/jersey-media-json-jackson-2.27.jar:/home/user/.m2/repository/org/glassfish/jersey/ext/jersey-entity-filtering/2.27/jersey-entity-filtering-2.27.jar:/home/user/.m2/repository/com/google/inject/extensions/guice-assistedinject/4.0/guice-assistedinject-4.0.jar:/home/user/.m2/repository/org/jooq/jooq/3.11.10/jooq-3.11.10.jar:/home/user/.m2/repository/org/jooq/jooq-meta/3.11.10/jooq-meta-3.11.10.jar:/home/user/.m2/repository/org/jooq/jooq-codegen/3.11.10/jooq-codegen-3.11.10.jar:/home/user/.m2/repository/com/jolbox/bonecp/0.8.0.RELEASE/bonecp-0.8.0.RELEASE.jar:/home/user/.m2/repository/org/xerial/sqlite-jdbc/3.25.2/sqlite-jdbc-3.25.2.jar:/home/user/.m2/repository/org/springframework/spring-jdbc/5.1.3.RELEASE/spring-jdbc-5.1.3.RELEASE.jar:/home/user/.m2/repository/org/springframework/spring-beans/5.1.3.RELEASE/spring-beans-5.1.3.RELEASE.jar:/home/user/.m2/repository/org/springframework/spring-core/5.1.3.RELEASE/spring-core-5.1.3.RELEASE.jar:/home/user/.m2/repository/org/springframework/spring-jcl/5.1.3.RELEASE/spring-jcl-5.1.3.RELEASE.jar:/home/user/.m2/repository/org/springframework/spring-tx/5.1.3.RELEASE/spring-tx-5.1.3.RELEASE.jar:/home/user/.m2/repository/org/apache/hadoop/hadoop-ozone-client/0.5.0-SNAPSHOT/hadoop-ozone-client-0.5.0-SNAPSHOT.jar:/home/user/.m2/repository/commons-lang/commons-lang/2.6/commons-lang-2.6.jar:/home/user/.m2/repository/org/apache/hadoop/hadoop-ozone-ozone-manager/0.5.0-SNAPSHOT/hadoop-ozone-ozone-manager-0.5.0-SNAPSHOT-tests.jar:/home/user/.m2/repository/junit/junit/4.11/junit-4.11.jar:/home/user/.m2/repository/org/hamcrest/hamcrest-core/1.3/hamcrest-core-1.3.jar:/home/user/.m2/repository/org/openjdk/jmh/jmh-core/1.19/jmh-core-1.19.jar:/home/user/.m2/repository/net/sf/jopt-simple/jopt-simple/4.6/jopt-simple-4.6.jar:/home/user/.m2/repository/org/apache/commons/commons-math3/3.1.1/commons-math3-3.1.1.jar:/home/user/.m2/repository/org/openjdk/jmh/jmh-generator-annprocess/1.19/jmh-generator-annprocess-1.19.jar:/home/user/.m2/repository/org/mockito/mockito-all/1.8.5/mockito-all-1.8.5.jar:/home/user/.m2/repository/org/apache/hadoop/hadoop-kms/3.2.0/hadoop-kms-3.2.0.jar:/home/user/.m2/repository/org/apache/hadoop/hadoop-auth/3.2.0/hadoop-auth-3.2.0.jar:/home/user/.m2/repository/com/nimbusds/nimbus-jose-jwt/4.41.1/nimbus-jose-jwt-4.41.1.jar:/home/user/.m2/repository/com/github/stephenc/jcip/jcip-annotations/1.0-1/jcip-annotations-1.0-1.jar:/home/user/.m2/repository/net/minidev/json-smart/2.3/json-smart-2.3.jar:/home/user/.m2/repository/net/minidev/accessors-smart/1.2/accessors-smart-1.2.jar:/home/user/.m2/repository/org/ow2/asm/asm/5.0.4/asm-5.0.4.jar:/home/user/.m2/repository/org/apache/curator/curator-framework/2.12.0/curator-framework-2.12.0.jar:/home/user/.m2/repository/com/sun/jersey/jersey-core/1.19/jersey-core-1.19.jar:/home/user/.m2/repository/javax/ws/rs/jsr311-api/1.1.1/jsr311-api-1.1.1.jar:/home/user/.m2/repository/com/sun/jersey/jersey-server/1.19/jersey-server-1.19.jar:/home/user/.m2/repository/javax/servlet/javax.servlet-api/3.1.0/javax.servlet-api-3.1.0.jar:/home/user/.m2/repository/org/eclipse/jetty/jetty-server/9.3.25.v20180904/jetty-server-9.3.25.v20180904.jar:/home/user/.m2/repository/org/eclipse/jetty/jetty-http/9.3.25.v20180904/jetty-http-9.3.25.v20180904.jar:/home/user/.m2/repository/org/eclipse/jetty/jetty-io/9.3.25.v20180904/jetty-io-9.3.25.v20180904.jar:/home/user/.m2/repository/org/eclipse/jetty/jetty-webapp/9.3.25.v20180904/jetty-webapp-9.3.25.v20180904.jar:/home/user/.m2/repository/org/eclipse/jetty/jetty-xml/9.3.25.v20180904/jetty-xml-9.3.25.v20180904.jar:/home/user/.m2/repository/log4j/log4j/1.2.17/log4j-1.2.17.jar:/home/user/.m2/repository/org/slf4j/slf4j-api/1.7.25/slf4j-api-1.7.25.jar:/home/user/.m2/repository/org/slf4j/jul-to-slf4j/1.7.25/jul-to-slf4j-1.7.25.jar:/home/user/.m2/repository/org/eclipse/jetty/jetty-util/9.3.25.v20180904/jetty-util-9.3.25.v20180904.jar:/home/user/.m2/repository/com/fasterxml/jackson/core/jackson-databind/2.9.9/jackson-databind-2.9.9.jar:/home/user/.m2/repository/org/apache/hadoop/hadoop-kms/3.2.0/hadoop-kms-3.2.0-tests.jar:/home/user/.m2/repository/org/apache/hadoop/hadoop-hdds-server-scm/0.5.0-SNAPSHOT/hadoop-hdds-server-scm-0.5.0-SNAPSHOT-tests.jar:/home/user/.m2/repository/org/apache/hadoop/hadoop-hdds-container-service/0.5.0-SNAPSHOT/hadoop-hdds-container-service-0.5.0-SNAPSHOT-tests.jar:/home/user/.m2/repository/org/yaml/snakeyaml/1.16/snakeyaml-1.16.jar:/home/user/.m2/repository/org/apache/hadoop/hadoop-common/3.2.0/hadoop-common-3.2.0-tests.jar:/home/user/.m2/repository/org/apache/hadoop/hadoop-annotations/3.2.0/hadoop-annotations-3.2.0.jar:/usr/lib/jvm/java-1.8-openjdk/jre/../lib/tools.jar:/home/user/.m2/repository/commons-cli/commons-cli/1.2/commons-cli-1.2.jar:/home/user/.m2/repository/org/apache/httpcomponents/httpclient/4.5.2/httpclient-4.5.2.jar:/home/user/.m2/repository/org/apache/httpcomponents/httpcore/4.4.4/httpcore-4.4.4.jar:/home/user/.m2/repository/commons-codec/commons-codec/1.11/commons-codec-1.11.jar:/home/user/.m2/repository/commons-net/commons-net/3.6/commons-net-3.6.jar:/home/user/.m2/repository/commons-collections/commons-collections/3.2.2/commons-collections-3.2.2.jar:/home/user/.m2/repository/org/eclipse/jetty/jetty-servlet/9.3.25.v20180904/jetty-servlet-9.3.25.v20180904.jar:/home/user/.m2/repository/org/eclipse/jetty/jetty-security/9.3.25.v20180904/jetty-security-9.3.25.v20180904.jar:/home/user/.m2/repository/javax/servlet/jsp/jsp-api/2.1/jsp-api-2.1.jar:/home/user/.m2/repository/com/sun/jersey/jersey-servlet/1.19/jersey-servlet-1.19.jar:/home/user/.m2/repository/com/sun/jersey/jersey-json/1.19/jersey-json-1.19.jar:/home/user/.m2/repository/org/codehaus/jettison/jettison/1.1/jettison-1.1.jar:/home/user/.m2/repository/org/codehaus/jackson/jackson-core-asl/1.9.13/jackson-core-asl-1.9.13.jar:/home/user/.m2/repository/org/codehaus/jackson/jackson-mapper-asl/1.9.13/jackson-mapper-asl-1.9.13.jar:/home/user/.m2/repository/org/codehaus/jackson/jackson-jaxrs/1.9.13/jackson-jaxrs-1.9.13.jar:/home/user/.m2/repository/org/codehaus/jackson/jackson-xc/1.9.13/jackson-xc-1.9.13.jar:/home/user/.m2/repository/commons-logging/commons-logging/1.1.3/commons-logging-1.1.3.jar:/home/user/.m2/repository/commons-beanutils/commons-beanutils/1.9.4/commons-beanutils-1.9.4.jar:/home/user/.m2/repository/org/apache/commons/commons-configuration2/2.1.1/commons-configuration2-2.1.1.jar:/home/user/.m2/repository/org/apache/commons/commons-lang3/3.7/commons-lang3-3.7.jar:/home/user/.m2/repository/org/apache/commons/commons-text/1.4/commons-text-1.4.jar:/home/user/.m2/repository/org/apache/avro/avro/1.7.7/avro-1.7.7.jar:/home/user/.m2/repository/com/thoughtworks/paranamer/paranamer/2.3/paranamer-2.3.jar:/home/user/.m2/repository/org/xerial/snappy/snappy-java/1.0.5/snappy-java-1.0.5.jar:/home/user/.m2/repository/com/google/re2j/re2j/1.1/re2j-1.1.jar:/home/user/.m2/repository/com/google/code/gson/gson/2.2.4/gson-2.2.4.jar:/home/user/.m2/repository/com/jcraft/jsch/0.1.54/jsch-0.1.54.jar:/home/user/.m2/repository/org/apache/curator/curator-client/2.12.0/curator-client-2.12.0.jar:/home/user/.m2/repository/org/apache/curator/curator-recipes/2.12.0/curator-recipes-2.12.0.jar:/home/user/.m2/repository/com/google/code/findbugs/jsr305/3.0.0/jsr305-3.0.0.jar:/home/user/.m2/repository/org/apache/htrace/htrace-core4/4.1.0-incubating/htrace-core4-4.1.0-incubating.jar:/home/user/.m2/repository/org/apache/zookeeper/zookeeper/3.4.13/zookeeper-3.4.13.jar:/home/user/.m2/repository/jline/jline/0.9.94/jline-0.9.94.jar:/home/user/.m2/repository/org/apache/yetus/audience-annotations/0.5.0/audience-annotations-0.5.0.jar:/home/user/.m2/repository/org/codehaus/woodstox/stax2-api/3.1.4/stax2-api-3.1.4.jar:/home/user/.m2/repository/com/fasterxml/woodstox/woodstox-core/5.0.3/woodstox-core-5.0.3.jar:/home/user/.m2/repository/dnsjava/dnsjava/2.1.7/dnsjava-2.1.7.jar:/home/user/.m2/repository/org/apache/hadoop/hadoop-hdfs/3.2.0/hadoop-hdfs-3.2.0-tests.jar:/home/user/.m2/repository/org/eclipse/jetty/jetty-util-ajax/9.3.25.v20180904/jetty-util-ajax-9.3.25.v20180904.jar:/home/user/.m2/repository/commons-daemon/commons-daemon/1.0.13/commons-daemon-1.0.13.jar:/home/user/.m2/repository/io/netty/netty/3.10.5.Final/netty-3.10.5.Final.jar:/home/user/.m2/repository/io/netty/netty-all/4.0.52.Final/netty-all-4.0.52.Final.jar:/home/user/.m2/repository/org/fusesource/leveldbjni/leveldbjni-all/1.8/leveldbjni-all-1.8.jar:"/>
    <property name="java.vm.vendor" value="IcedTea"/>
    <property name="sun.arch.data.model" value="64"/>
    <property name="test.build.dir" value="/workdir/hadoop-ozone/integration-test/target/test-dir"/>
    <property name="test.cache.data" value=""/>
    <property name="java.vendor.url" value="https://icedtea.classpath.org"/>
    <property name="user.timezone" value=""/>
    <property name="java.vm.specification.version" value="1.8"/>
    <property name="os.name" value="Linux"/>
    <property name="test.build.data" value="/workdir/hadoop-ozone/integration-test/target/test-dir"/>
    <property name="user.country" value="US"/>
    <property name="sun.java.launcher" value="SUN_STANDARD"/>
    <property name="sun.boot.library.path" value="/usr/lib/jvm/java-1.8-openjdk/jre/lib/amd64"/>
    <property name="sun.java.command" value="/workdir/hadoop-ozone/integration-test/target/surefire/surefirebooter2531846476359926256.jar /workdir/hadoop-ozone/integration-test/target/surefire 2019-10-14T09-12-41_318-jvmRun1 surefire1606531503907670332tmp surefire_48549221847162983791tmp"/>
    <property name="test" value="!TestMiniChaosOzoneCluster"/>
    <property name="surefire.test.class.path" value="/workdir/hadoop-ozone/integration-test/target/test-classes:/workdir/hadoop-ozone/integration-test/target/classes:/home/user/.m2/repository/org/apache/hadoop/hadoop-ozone-common/0.5.0-SNAPSHOT/hadoop-ozone-common-0.5.0-SNAPSHOT.jar:/home/user/.m2/repository/org/apache/commons/commons-compress/1.4.1/commons-compress-1.4.1.jar:/home/user/.m2/repository/org/tukaani/xz/1.0/xz-1.0.jar:/home/user/.m2/repository/org/apache/hadoop/hadoop-common/3.2.0/hadoop-common-3.2.0.jar:/home/user/.m2/repository/org/apache/hadoop/hadoop-hdfs/3.2.0/hadoop-hdfs-3.2.0.jar:/home/user/.m2/repository/org/apache/hadoop/hadoop-hdfs-client/3.2.0/hadoop-hdfs-client-3.2.0.jar:/home/user/.m2/repository/com/fasterxml/jackson/core/jackson-annotations/2.9.9/jackson-annotations-2.9.9.jar:/home/user/.m2/repository/org/apache/hadoop/hadoop-hdds-common/0.5.0-SNAPSHOT/hadoop-hdds-common-0.5.0-SNAPSHOT.jar:/home/user/.m2/repository/javax/annotation/javax.annotation-api/1.2/javax.annotation-api-1.2.jar:/home/user/.m2/repository/org/apache/ratis/ratis-server/0.5.0-201fc85-SNAPSHOT/ratis-server-0.5.0-201fc85-SNAPSHOT.jar:/home/user/.m2/repository/org/apache/ratis/ratis-thirdparty-misc/0.2.0/ratis-thirdparty-misc-0.2.0.jar:/home/user/.m2/repository/org/apache/ratis/ratis-proto/0.5.0-201fc85-SNAPSHOT/ratis-proto-0.5.0-201fc85-SNAPSHOT.jar:/home/user/.m2/repository/org/apache/ratis/ratis-common/0.5.0-201fc85-SNAPSHOT/ratis-common-0.5.0-201fc85-SNAPSHOT.jar:/home/user/.m2/repository/org/apache/ratis/ratis-client/0.5.0-201fc85-SNAPSHOT/ratis-client-0.5.0-201fc85-SNAPSHOT.jar:/home/user/.m2/repository/org/apache/ratis/ratis-metrics/0.5.0-201fc85-SNAPSHOT/ratis-metrics-0.5.0-201fc85-SNAPSHOT.jar:/home/user/.m2/repository/com/github/joshelser/dropwizard-metrics-hadoop-metrics2-reporter/0.1.2/dropwizard-metrics-hadoop-metrics2-reporter-0.1.2.jar:/home/user/.m2/repository/io/dropwizard/metrics/metrics-jvm/3.2.5/metrics-jvm-3.2.5.jar:/home/user/.m2/repository/io/dropwizard/metrics/metrics-ganglia/3.2.5/metrics-ganglia-3.2.5.jar:/home/user/.m2/repository/info/ganglia/gmetric4j/gmetric4j/1.0.7/gmetric4j-1.0.7.jar:/home/user/.m2/repository/org/apache/ratis/ratis-netty/0.5.0-201fc85-SNAPSHOT/ratis-netty-0.5.0-201fc85-SNAPSHOT.jar:/home/user/.m2/repository/org/apache/ratis/ratis-grpc/0.5.0-201fc85-SNAPSHOT/ratis-grpc-0.5.0-201fc85-SNAPSHOT.jar:/home/user/.m2/repository/org/rocksdb/rocksdbjni/6.0.1/rocksdbjni-6.0.1.jar:/home/user/.m2/repository/org/apache/logging/log4j/log4j-api/2.11.0/log4j-api-2.11.0.jar:/home/user/.m2/repository/org/apache/logging/log4j/log4j-core/2.11.0/log4j-core-2.11.0.jar:/home/user/.m2/repository/com/lmax/disruptor/3.4.2/disruptor-3.4.2.jar:/home/user/.m2/repository/org/apache/commons/commons-pool2/2.6.0/commons-pool2-2.6.0.jar:/home/user/.m2/repository/org/bouncycastle/bcpkix-jdk15on/1.60/bcpkix-jdk15on-1.60.jar:/home/user/.m2/repository/commons-validator/commons-validator/1.6/commons-validator-1.6.jar:/home/user/.m2/repository/commons-digester/commons-digester/1.8.1/commons-digester-1.8.1.jar:/home/user/.m2/repository/io/jaegertracing/jaeger-client/0.34.0/jaeger-client-0.34.0.jar:/home/user/.m2/repository/io/jaegertracing/jaeger-thrift/0.34.0/jaeger-thrift-0.34.0.jar:/home/user/.m2/repository/org/apache/thrift/libthrift/0.12.0/libthrift-0.12.0.jar:/home/user/.m2/repository/com/squareup/okhttp3/okhttp/3.9.0/okhttp-3.9.0.jar:/home/user/.m2/repository/com/squareup/okio/okio/1.13.0/okio-1.13.0.jar:/home/user/.m2/repository/io/jaegertracing/jaeger-core/0.34.0/jaeger-core-0.34.0.jar:/home/user/.m2/repository/io/jaegertracing/jaeger-tracerresolver/0.34.0/jaeger-tracerresolver-0.34.0.jar:/home/user/.m2/repository/io/opentracing/contrib/opentracing-tracerresolver/0.1.5/opentracing-tracerresolver-0.1.5.jar:/home/user/.m2/repository/io/opentracing/opentracing-util/0.31.0/opentracing-util-0.31.0.jar:/home/user/.m2/repository/io/opentracing/opentracing-api/0.31.0/opentracing-api-0.31.0.jar:/home/user/.m2/repository/io/opentracing/opentracing-noop/0.31.0/opentracing-noop-0.31.0.jar:/home/user/.m2/repository/org/apache/hadoop/hadoop-hdds-server-framework/0.5.0-SNAPSHOT/hadoop-hdds-server-framework-0.5.0-SNAPSHOT.jar:/home/user/.m2/repository/org/apache/hadoop/hadoop-hdds-container-service/0.5.0-SNAPSHOT/hadoop-hdds-container-service-0.5.0-SNAPSHOT.jar:/home/user/.m2/repository/org/apache/hadoop/hadoop-hdds-client/0.5.0-SNAPSHOT/hadoop-hdds-client-0.5.0-SNAPSHOT.jar:/home/user/.m2/repository/org/apache/hadoop/hadoop-hdds-tools/0.5.0-SNAPSHOT/hadoop-hdds-tools-0.5.0-SNAPSHOT.jar:/home/user/.m2/repository/org/apache/hadoop/hadoop-hdds-server-scm/0.5.0-SNAPSHOT/hadoop-hdds-server-scm-0.5.0-SNAPSHOT.jar:/home/user/.m2/repository/org/apache/hadoop/hadoop-hdds-docs/0.5.0-SNAPSHOT/hadoop-hdds-docs-0.5.0-SNAPSHOT.jar:/home/user/.m2/repository/io/dropwizard/metrics/metrics-core/3.2.4/metrics-core-3.2.4.jar:/home/user/.m2/repository/org/hamcrest/hamcrest-all/1.3/hamcrest-all-1.3.jar:/home/user/.m2/repository/org/bouncycastle/bcprov-jdk15on/1.60/bcprov-jdk15on-1.60.jar:/home/user/.m2/repository/info/picocli/picocli/3.9.6/picocli-3.9.6.jar:/home/user/.m2/repository/com/google/protobuf/protobuf-java/2.5.0/protobuf-java-2.5.0.jar:/home/user/.m2/repository/com/google/guava/guava/11.0.2/guava-11.0.2.jar:/home/user/.m2/repository/org/apache/hadoop/hadoop-ozone-ozone-manager/0.5.0-SNAPSHOT/hadoop-ozone-ozone-manager-0.5.0-SNAPSHOT.jar:/home/user/.m2/repository/org/apache/hadoop/hadoop-minikdc/3.2.0/hadoop-minikdc-3.2.0.jar:/home/user/.m2/repository/commons-io/commons-io/2.5/commons-io-2.5.jar:/home/user/.m2/repository/org/apache/kerby/kerb-simplekdc/1.0.1/kerb-simplekdc-1.0.1.jar:/home/user/.m2/repository/org/apache/kerby/kerb-client/1.0.1/kerb-client-1.0.1.jar:/home/user/.m2/repository/org/apache/kerby/kerby-config/1.0.1/kerby-config-1.0.1.jar:/home/user/.m2/repository/org/apache/kerby/kerb-core/1.0.1/kerb-core-1.0.1.jar:/home/user/.m2/repository/org/apache/kerby/kerby-pkix/1.0.1/kerby-pkix-1.0.1.jar:/home/user/.m2/repository/org/apache/kerby/kerby-asn1/1.0.1/kerby-asn1-1.0.1.jar:/home/user/.m2/repository/org/apache/kerby/kerby-util/1.0.1/kerby-util-1.0.1.jar:/home/user/.m2/repository/org/apache/kerby/kerb-common/1.0.1/kerb-common-1.0.1.jar:/home/user/.m2/repository/org/apache/kerby/kerb-crypto/1.0.1/kerb-crypto-1.0.1.jar:/home/user/.m2/repository/org/apache/kerby/kerb-util/1.0.1/kerb-util-1.0.1.jar:/home/user/.m2/repository/org/apache/kerby/token-provider/1.0.1/token-provider-1.0.1.jar:/home/user/.m2/repository/org/apache/kerby/kerb-admin/1.0.1/kerb-admin-1.0.1.jar:/home/user/.m2/repository/org/apache/kerby/kerb-server/1.0.1/kerb-server-1.0.1.jar:/home/user/.m2/repository/org/apache/kerby/kerb-identity/1.0.1/kerb-identity-1.0.1.jar:/home/user/.m2/repository/org/apache/kerby/kerby-xdr/1.0.1/kerby-xdr-1.0.1.jar:/home/user/.m2/repository/org/slf4j/slf4j-log4j12/1.7.25/slf4j-log4j12-1.7.25.jar:/home/user/.m2/repository/org/apache/hadoop/hadoop-ozone-s3gateway/0.5.0-SNAPSHOT/hadoop-ozone-s3gateway-0.5.0-SNAPSHOT.jar:/home/user/.m2/repository/org/jboss/weld/servlet/weld-servlet/2.4.7.Final/weld-servlet-2.4.7.Final.jar:/home/user/.m2/repository/org/glassfish/jersey/containers/jersey-container-servlet-core/2.27/jersey-container-servlet-core-2.27.jar:/home/user/.m2/repository/org/glassfish/hk2/external/javax.inject/2.5.0-b42/javax.inject-2.5.0-b42.jar:/home/user/.m2/repository/org/glassfish/jersey/core/jersey-common/2.27/jersey-common-2.27.jar:/home/user/.m2/repository/org/glassfish/hk2/osgi-resource-locator/1.0.1/osgi-resource-locator-1.0.1.jar:/home/user/.m2/repository/javax/ws/rs/javax.ws.rs-api/2.1/javax.ws.rs-api-2.1.jar:/home/user/.m2/repository/org/glassfish/jersey/ext/cdi/jersey-cdi1x/2.27/jersey-cdi1x-2.27.jar:/home/user/.m2/repository/org/glassfish/jersey/inject/jersey-hk2/2.27/jersey-hk2-2.27.jar:/home/user/.m2/repository/org/glassfish/hk2/hk2-locator/2.5.0-b42/hk2-locator-2.5.0-b42.jar:/home/user/.m2/repository/org/javassist/javassist/3.22.0-CR2/javassist-3.22.0-CR2.jar:/home/user/.m2/repository/org/glassfish/hk2/hk2-api/2.5.0/hk2-api-2.5.0.jar:/home/user/.m2/repository/org/glassfish/hk2/external/jakarta.inject/2.5.0/jakarta.inject-2.5.0.jar:/home/user/.m2/repository/org/glassfish/hk2/hk2-utils/2.5.0/hk2-utils-2.5.0.jar:/home/user/.m2/repository/jakarta/annotation/jakarta.annotation-api/1.3.4/jakarta.annotation-api-1.3.4.jar:/home/user/.m2/repository/org/glassfish/hk2/external/aopalliance-repackaged/2.5.0/aopalliance-repackaged-2.5.0.jar:/home/user/.m2/repository/com/fasterxml/jackson/dataformat/jackson-dataformat-xml/2.9.0/jackson-dataformat-xml-2.9.0.jar:/home/user/.m2/repository/com/fasterxml/jackson/core/jackson-core/2.9.9/jackson-core-2.9.9.jar:/home/user/.m2/repository/com/fasterxml/jackson/module/jackson-module-jaxb-annotations/2.9.9/jackson-module-jaxb-annotations-2.9.9.jar:/home/user/.m2/repository/javax/enterprise/cdi-api/1.2/cdi-api-1.2.jar:/home/user/.m2/repository/javax/el/javax.el-api/3.0.0/javax.el-api-3.0.0.jar:/home/user/.m2/repository/javax/interceptor/javax.interceptor-api/1.2/javax.interceptor-api-1.2.jar:/home/user/.m2/repository/javax/inject/javax.inject/1/javax.inject-1.jar:/home/user/.m2/repository/com/sun/xml/bind/jaxb-impl/2.3.0.1/jaxb-impl-2.3.0.1.jar:/home/user/.m2/repository/com/sun/xml/bind/jaxb-core/2.3.0.1/jaxb-core-2.3.0.1.jar:/home/user/.m2/repository/javax/xml/bind/jaxb-api/2.3.0/jaxb-api-2.3.0.jar:/home/user/.m2/repository/javax/activation/activation/1.1.1/activation-1.1.1.jar:/home/user/.m2/repository/org/apache/hadoop/hadoop-ozone-csi/0.5.0-SNAPSHOT/hadoop-ozone-csi-0.5.0-SNAPSHOT.jar:/home/user/.m2/repository/com/google/protobuf/protobuf-java-util/3.5.1/protobuf-java-util-3.5.1.jar:/home/user/.m2/repository/org/apache/hadoop/hadoop-hdds-config/0.5.0-SNAPSHOT/hadoop-hdds-config-0.5.0-SNAPSHOT.jar:/home/user/.m2/repository/io/grpc/grpc-netty/1.17.1/grpc-netty-1.17.1.jar:/home/user/.m2/repository/io/grpc/grpc-core/1.17.1/grpc-core-1.17.1.jar:/home/user/.m2/repository/io/grpc/grpc-context/1.17.1/grpc-context-1.17.1.jar:/home/user/.m2/repository/com/google/errorprone/error_prone_annotations/2.2.0/error_prone_annotations-2.2.0.jar:/home/user/.m2/repository/org/codehaus/mojo/animal-sniffer-annotations/1.17/animal-sniffer-annotations-1.17.jar:/home/user/.m2/repository/io/opencensus/opencensus-api/0.17.0/opencensus-api-0.17.0.jar:/home/user/.m2/repository/io/opencensus/opencensus-contrib-grpc-metrics/0.17.0/opencensus-contrib-grpc-metrics-0.17.0.jar:/home/user/.m2/repository/io/netty/netty-codec-http2/4.1.30.Final/netty-codec-http2-4.1.30.Final.jar:/home/user/.m2/repository/io/netty/netty-codec-http/4.1.30.Final/netty-codec-http-4.1.30.Final.jar:/home/user/.m2/repository/io/netty/netty-codec/4.1.30.Final/netty-codec-4.1.30.Final.jar:/home/user/.m2/repository/io/netty/netty-handler/4.1.30.Final/netty-handler-4.1.30.Final.jar:/home/user/.m2/repository/io/netty/netty-handler-proxy/4.1.30.Final/netty-handler-proxy-4.1.30.Final.jar:/home/user/.m2/repository/io/netty/netty-codec-socks/4.1.30.Final/netty-codec-socks-4.1.30.Final.jar:/home/user/.m2/repository/io/netty/netty-transport-native-epoll/4.1.30.Final/netty-transport-native-epoll-4.1.30.Final.jar:/home/user/.m2/repository/io/netty/netty-common/4.1.30.Final/netty-common-4.1.30.Final.jar:/home/user/.m2/repository/io/netty/netty-buffer/4.1.30.Final/netty-buffer-4.1.30.Final.jar:/home/user/.m2/repository/io/netty/netty-transport/4.1.30.Final/netty-transport-4.1.30.Final.jar:/home/user/.m2/repository/io/netty/netty-resolver/4.1.30.Final/netty-resolver-4.1.30.Final.jar:/home/user/.m2/repository/io/netty/netty-transport-native-unix-common/4.1.30.Final/netty-transport-native-unix-common-4.1.30.Final.jar:/home/user/.m2/repository/io/grpc/grpc-protobuf/1.17.1/grpc-protobuf-1.17.1.jar:/home/user/.m2/repository/com/google/api/grpc/proto-google-common-protos/1.0.0/proto-google-common-protos-1.0.0.jar:/home/user/.m2/repository/io/grpc/grpc-protobuf-lite/1.17.1/grpc-protobuf-lite-1.17.1.jar:/home/user/.m2/repository/io/grpc/grpc-stub/1.17.1/grpc-stub-1.17.1.jar:/home/user/.m2/repository/org/apache/hadoop/hadoop-ozone-recon/0.5.0-SNAPSHOT/hadoop-ozone-recon-0.5.0-SNAPSHOT.jar:/home/user/.m2/repository/org/apache/hadoop/hadoop-ozone-reconcodegen/0.5.0-SNAPSHOT/hadoop-ozone-reconcodegen-0.5.0-SNAPSHOT.jar:/home/user/.m2/repository/com/google/inject/extensions/guice-multibindings/4.0/guice-multibindings-4.0.jar:/home/user/.m2/repository/com/google/inject/guice/4.0/guice-4.0.jar:/home/user/.m2/repository/aopalliance/aopalliance/1.0/aopalliance-1.0.jar:/home/user/.m2/repository/com/google/inject/extensions/guice-servlet/4.0/guice-servlet-4.0.jar:/home/user/.m2/repository/org/glassfish/jersey/containers/jersey-container-servlet/2.27/jersey-container-servlet-2.27.jar:/home/user/.m2/repository/org/glassfish/hk2/guice-bridge/2.5.0/guice-bridge-2.5.0.jar:/home/user/.m2/repository/org/glassfish/jersey/core/jersey-server/2.27/jersey-server-2.27.jar:/home/user/.m2/repository/org/glassfish/jersey/core/jersey-client/2.27/jersey-client-2.27.jar:/home/user/.m2/repository/org/glassfish/jersey/media/jersey-media-jaxb/2.27/jersey-media-jaxb-2.27.jar:/home/user/.m2/repository/javax/validation/validation-api/1.1.0.Final/validation-api-1.1.0.Final.jar:/home/user/.m2/repository/org/glassfish/jersey/media/jersey-media-json-jackson/2.27/jersey-media-json-jackson-2.27.jar:/home/user/.m2/repository/org/glassfish/jersey/ext/jersey-entity-filtering/2.27/jersey-entity-filtering-2.27.jar:/home/user/.m2/repository/com/google/inject/extensions/guice-assistedinject/4.0/guice-assistedinject-4.0.jar:/home/user/.m2/repository/org/jooq/jooq/3.11.10/jooq-3.11.10.jar:/home/user/.m2/repository/org/jooq/jooq-meta/3.11.10/jooq-meta-3.11.10.jar:/home/user/.m2/repository/org/jooq/jooq-codegen/3.11.10/jooq-codegen-3.11.10.jar:/home/user/.m2/repository/com/jolbox/bonecp/0.8.0.RELEASE/bonecp-0.8.0.RELEASE.jar:/home/user/.m2/repository/org/xerial/sqlite-jdbc/3.25.2/sqlite-jdbc-3.25.2.jar:/home/user/.m2/repository/org/springframework/spring-jdbc/5.1.3.RELEASE/spring-jdbc-5.1.3.RELEASE.jar:/home/user/.m2/repository/org/springframework/spring-beans/5.1.3.RELEASE/spring-beans-5.1.3.RELEASE.jar:/home/user/.m2/repository/org/springframework/spring-core/5.1.3.RELEASE/spring-core-5.1.3.RELEASE.jar:/home/user/.m2/repository/org/springframework/spring-jcl/5.1.3.RELEASE/spring-jcl-5.1.3.RELEASE.jar:/home/user/.m2/repository/org/springframework/spring-tx/5.1.3.RELEASE/spring-tx-5.1.3.RELEASE.jar:/home/user/.m2/repository/org/apache/hadoop/hadoop-ozone-client/0.5.0-SNAPSHOT/hadoop-ozone-client-0.5.0-SNAPSHOT.jar:/home/user/.m2/repository/commons-lang/commons-lang/2.6/commons-lang-2.6.jar:/home/user/.m2/repository/org/apache/hadoop/hadoop-ozone-ozone-manager/0.5.0-SNAPSHOT/hadoop-ozone-ozone-manager-0.5.0-SNAPSHOT-tests.jar:/home/user/.m2/repository/junit/junit/4.11/junit-4.11.jar:/home/user/.m2/repository/org/hamcrest/hamcrest-core/1.3/hamcrest-core-1.3.jar:/home/user/.m2/repository/org/openjdk/jmh/jmh-core/1.19/jmh-core-1.19.jar:/home/user/.m2/repository/net/sf/jopt-simple/jopt-simple/4.6/jopt-simple-4.6.jar:/home/user/.m2/repository/org/apache/commons/commons-math3/3.1.1/commons-math3-3.1.1.jar:/home/user/.m2/repository/org/openjdk/jmh/jmh-generator-annprocess/1.19/jmh-generator-annprocess-1.19.jar:/home/user/.m2/repository/org/mockito/mockito-all/1.8.5/mockito-all-1.8.5.jar:/home/user/.m2/repository/org/apache/hadoop/hadoop-kms/3.2.0/hadoop-kms-3.2.0.jar:/home/user/.m2/repository/org/apache/hadoop/hadoop-auth/3.2.0/hadoop-auth-3.2.0.jar:/home/user/.m2/repository/com/nimbusds/nimbus-jose-jwt/4.41.1/nimbus-jose-jwt-4.41.1.jar:/home/user/.m2/repository/com/github/stephenc/jcip/jcip-annotations/1.0-1/jcip-annotations-1.0-1.jar:/home/user/.m2/repository/net/minidev/json-smart/2.3/json-smart-2.3.jar:/home/user/.m2/repository/net/minidev/accessors-smart/1.2/accessors-smart-1.2.jar:/home/user/.m2/repository/org/ow2/asm/asm/5.0.4/asm-5.0.4.jar:/home/user/.m2/repository/org/apache/curator/curator-framework/2.12.0/curator-framework-2.12.0.jar:/home/user/.m2/repository/com/sun/jersey/jersey-core/1.19/jersey-core-1.19.jar:/home/user/.m2/repository/javax/ws/rs/jsr311-api/1.1.1/jsr311-api-1.1.1.jar:/home/user/.m2/repository/com/sun/jersey/jersey-server/1.19/jersey-server-1.19.jar:/home/user/.m2/repository/javax/servlet/javax.servlet-api/3.1.0/javax.servlet-api-3.1.0.jar:/home/user/.m2/repository/org/eclipse/jetty/jetty-server/9.3.25.v20180904/jetty-server-9.3.25.v20180904.jar:/home/user/.m2/repository/org/eclipse/jetty/jetty-http/9.3.25.v20180904/jetty-http-9.3.25.v20180904.jar:/home/user/.m2/repository/org/eclipse/jetty/jetty-io/9.3.25.v20180904/jetty-io-9.3.25.v20180904.jar:/home/user/.m2/repository/org/eclipse/jetty/jetty-webapp/9.3.25.v20180904/jetty-webapp-9.3.25.v20180904.jar:/home/user/.m2/repository/org/eclipse/jetty/jetty-xml/9.3.25.v20180904/jetty-xml-9.3.25.v20180904.jar:/home/user/.m2/repository/log4j/log4j/1.2.17/log4j-1.2.17.jar:/home/user/.m2/repository/org/slf4j/slf4j-api/1.7.25/slf4j-api-1.7.25.jar:/home/user/.m2/repository/org/slf4j/jul-to-slf4j/1.7.25/jul-to-slf4j-1.7.25.jar:/home/user/.m2/repository/org/eclipse/jetty/jetty-util/9.3.25.v20180904/jetty-util-9.3.25.v20180904.jar:/home/user/.m2/repository/com/fasterxml/jackson/core/jackson-databind/2.9.9/jackson-databind-2.9.9.jar:/home/user/.m2/repository/org/apache/hadoop/hadoop-kms/3.2.0/hadoop-kms-3.2.0-tests.jar:/home/user/.m2/repository/org/apache/hadoop/hadoop-hdds-server-scm/0.5.0-SNAPSHOT/hadoop-hdds-server-scm-0.5.0-SNAPSHOT-tests.jar:/home/user/.m2/repository/org/apache/hadoop/hadoop-hdds-container-service/0.5.0-SNAPSHOT/hadoop-hdds-container-service-0.5.0-SNAPSHOT-tests.jar:/home/user/.m2/repository/org/yaml/snakeyaml/1.16/snakeyaml-1.16.jar:/home/user/.m2/repository/org/apache/hadoop/hadoop-common/3.2.0/hadoop-common-3.2.0-tests.jar:/home/user/.m2/repository/org/apache/hadoop/hadoop-annotations/3.2.0/hadoop-annotations-3.2.0.jar:/usr/lib/jvm/java-1.8-openjdk/jre/../lib/tools.jar:/home/user/.m2/repository/commons-cli/commons-cli/1.2/commons-cli-1.2.jar:/home/user/.m2/repository/org/apache/httpcomponents/httpclient/4.5.2/httpclient-4.5.2.jar:/home/user/.m2/repository/org/apache/httpcomponents/httpcore/4.4.4/httpcore-4.4.4.jar:/home/user/.m2/repository/commons-codec/commons-codec/1.11/commons-codec-1.11.jar:/home/user/.m2/repository/commons-net/commons-net/3.6/commons-net-3.6.jar:/home/user/.m2/repository/commons-collections/commons-collections/3.2.2/commons-collections-3.2.2.jar:/home/user/.m2/repository/org/eclipse/jetty/jetty-servlet/9.3.25.v20180904/jetty-servlet-9.3.25.v20180904.jar:/home/user/.m2/repository/org/eclipse/jetty/jetty-security/9.3.25.v20180904/jetty-security-9.3.25.v20180904.jar:/home/user/.m2/repository/javax/servlet/jsp/jsp-api/2.1/jsp-api-2.1.jar:/home/user/.m2/repository/com/sun/jersey/jersey-servlet/1.19/jersey-servlet-1.19.jar:/home/user/.m2/repository/com/sun/jersey/jersey-json/1.19/jersey-json-1.19.jar:/home/user/.m2/repository/org/codehaus/jettison/jettison/1.1/jettison-1.1.jar:/home/user/.m2/repository/org/codehaus/jackson/jackson-core-asl/1.9.13/jackson-core-asl-1.9.13.jar:/home/user/.m2/repository/org/codehaus/jackson/jackson-mapper-asl/1.9.13/jackson-mapper-asl-1.9.13.jar:/home/user/.m2/repository/org/codehaus/jackson/jackson-jaxrs/1.9.13/jackson-jaxrs-1.9.13.jar:/home/user/.m2/repository/org/codehaus/jackson/jackson-xc/1.9.13/jackson-xc-1.9.13.jar:/home/user/.m2/repository/commons-logging/commons-logging/1.1.3/commons-logging-1.1.3.jar:/home/user/.m2/repository/commons-beanutils/commons-beanutils/1.9.4/commons-beanutils-1.9.4.jar:/home/user/.m2/repository/org/apache/commons/commons-configuration2/2.1.1/commons-configuration2-2.1.1.jar:/home/user/.m2/repository/org/apache/commons/commons-lang3/3.7/commons-lang3-3.7.jar:/home/user/.m2/repository/org/apache/commons/commons-text/1.4/commons-text-1.4.jar:/home/user/.m2/repository/org/apache/avro/avro/1.7.7/avro-1.7.7.jar:/home/user/.m2/repository/com/thoughtworks/paranamer/paranamer/2.3/paranamer-2.3.jar:/home/user/.m2/repository/org/xerial/snappy/snappy-java/1.0.5/snappy-java-1.0.5.jar:/home/user/.m2/repository/com/google/re2j/re2j/1.1/re2j-1.1.jar:/home/user/.m2/repository/com/google/code/gson/gson/2.2.4/gson-2.2.4.jar:/home/user/.m2/repository/com/jcraft/jsch/0.1.54/jsch-0.1.54.jar:/home/user/.m2/repository/org/apache/curator/curator-client/2.12.0/curator-client-2.12.0.jar:/home/user/.m2/repository/org/apache/curator/curator-recipes/2.12.0/curator-recipes-2.12.0.jar:/home/user/.m2/repository/com/google/code/findbugs/jsr305/3.0.0/jsr305-3.0.0.jar:/home/user/.m2/repository/org/apache/htrace/htrace-core4/4.1.0-incubating/htrace-core4-4.1.0-incubating.jar:/home/user/.m2/repository/org/apache/zookeeper/zookeeper/3.4.13/zookeeper-3.4.13.jar:/home/user/.m2/repository/jline/jline/0.9.94/jline-0.9.94.jar:/home/user/.m2/repository/org/apache/yetus/audience-annotations/0.5.0/audience-annotations-0.5.0.jar:/home/user/.m2/repository/org/codehaus/woodstox/stax2-api/3.1.4/stax2-api-3.1.4.jar:/home/user/.m2/repository/com/fasterxml/woodstox/woodstox-core/5.0.3/woodstox-core-5.0.3.jar:/home/user/.m2/repository/dnsjava/dnsjava/2.1.7/dnsjava-2.1.7.jar:/home/user/.m2/repository/org/apache/hadoop/hadoop-hdfs/3.2.0/hadoop-hdfs-3.2.0-tests.jar:/home/user/.m2/repository/org/eclipse/jetty/jetty-util-ajax/9.3.25.v20180904/jetty-util-ajax-9.3.25.v20180904.jar:/home/user/.m2/repository/commons-daemon/commons-daemon/1.0.13/commons-daemon-1.0.13.jar:/home/user/.m2/repository/io/netty/netty/3.10.5.Final/netty-3.10.5.Final.jar:/home/user/.m2/repository/io/netty/netty-all/4.0.52.Final/netty-all-4.0.52.Final.jar:/home/user/.m2/repository/org/fusesource/leveldbjni/leveldbjni-all/1.8/leveldbjni-all-1.8.jar:"/>
    <property name="sun.cpu.endian" value="little"/>
    <property name="user.home" value="/home/user"/>
    <property name="user.language" value="en"/>
    <property name="java.specification.vendor" value="Oracle Corporation"/>
    <property name="java.home" value="/usr/lib/jvm/java-1.8-openjdk/jre"/>
    <property name="surefire.excludesFile" value="/tools/ozone-bad-unit-tests"/>
    <property name="java.security.krb5.conf" value="/workdir/hadoop-ozone/integration-test/target/test-classes/krb5.conf"/>
    <property name="basedir" value="/workdir/hadoop-ozone/integration-test"/>
    <property name="file.separator" value="/"/>
    <property name="line.separator" value="&#10;"/>
    <property name="java.vm.specification.vendor" value="Oracle Corporation"/>
    <property name="java.specification.name" value="Java Platform API Specification"/>
    <property name="java.awt.graphicsenv" value="sun.awt.X11GraphicsEnvironment"/>
    <property name="surefire.real.class.path" value="/workdir/hadoop-ozone/integration-test/target/surefire/surefirebooter2531846476359926256.jar"/>
    <property name="hadoop.log.dir" value="/workdir/hadoop-ozone/integration-test/target/log"/>
    <property name="sun.boot.class.path" value="/usr/lib/jvm/java-1.8-openjdk/jre/lib/resources.jar:/usr/lib/jvm/java-1.8-openjdk/jre/lib/rt.jar:/usr/lib/jvm/java-1.8-openjdk/jre/lib/sunrsasign.jar:/usr/lib/jvm/java-1.8-openjdk/jre/lib/jsse.jar:/usr/lib/jvm/java-1.8-openjdk/jre/lib/jce.jar:/usr/lib/jvm/java-1.8-openjdk/jre/lib/charsets.jar:/usr/lib/jvm/java-1.8-openjdk/jre/lib/jfr.jar:/usr/lib/jvm/java-1.8-openjdk/jre/classes"/>
    <property name="sun.management.compiler" value="HotSpot 64-Bit Tiered Compilers"/>
    <property name="java.runtime.version" value="1.8.0_212-b04"/>
    <property name="java.net.preferIPv4Stack" value="true"/>
    <property name="user.name" value="jenkins1000"/>
    <property name="path.separator" value=":"/>
    <property name="java.security.egd" value="file:///dev/urandom"/>
    <property name="os.version" value="3.10.0-957.12.2.el7.x86_64"/>
    <property name="java.endorsed.dirs" value="/usr/lib/jvm/java-1.8-openjdk/jre/lib/endorsed"/>
    <property name="java.runtime.name" value="OpenJDK Runtime Environment"/>
    <property name="file.encoding" value="UTF-8"/>
    <property name="java.vm.name" value="OpenJDK 64-Bit Server VM"/>
    <property name="test.build.webapps" value=""/>
    <property name="localRepository" value="/home/user/.m2/repository"/>
    <property name="java.vendor.url.bug" value="https://icedtea.classpath.org/bugzilla"/>
    <property name="java.io.tmpdir" value="/tmp"/>
    <property name="require.test.libhadoop" value=""/>
    <property name="java.version" value="1.8.0_212"/>
    <property name="user.dir" value="/workdir/hadoop-ozone/integration-test"/>
    <property name="os.arch" value="amd64"/>
    <property name="java.vm.specification.name" value="Java Virtual Machine Specification"/>
    <property name="test.build.classes" value="/workdir/hadoop-ozone/integration-test/target/test-classes"/>
    <property name="java.awt.printerjob" value="sun.print.PSPrinterJob"/>
    <property name="sun.os.patch.level" value="unknown"/>
    <property name="hadoop.tmp.dir" value="/workdir/hadoop-ozone/integration-test/target/tmp"/>
    <property name="java.library.path" value="/usr/lib/jvm/java-1.8-openjdk/jre/lib/amd64/server:/usr/lib/jvm/java-1.8-openjdk/jre/lib/amd64:/usr/lib/jvm/java-1.8-openjdk/jre/../lib/amd64:/workdir/hadoop-ozone/integration-test/target/native/target/usr/local/lib:/workdir/hadoop-ozone/integration-test/../../hadoop-common-project/hadoop-common/target/native/target/usr/local/lib:/usr/java/packages/lib/amd64:/usr/lib64:/lib64:/lib:/usr/lib"/>
    <property name="java.vm.info" value="mixed mode"/>
    <property name="java.vendor" value="IcedTea"/>
    <property name="java.vm.version" value="25.212-b04"/>
    <property name="java.ext.dirs" value="/usr/lib/jvm/java-1.8-openjdk/jre/lib/ext:/usr/java/packages/lib/ext"/>
    <property name="sun.io.unicode.encoding" value="UnicodeLittle"/>
    <property name="java.class.version" value="52.0"/>
  </properties>
  <testcase name="testCloseContainerViaRatis" classname="org.apache.hadoop.ozone.container.common.statemachine.commandhandler.TestCloseContainerByPipeline" time="3.903"/>
  <testcase name="testCloseContainerViaStandAlone" classname="org.apache.hadoop.ozone.container.common.statemachine.commandhandler.TestCloseContainerByPipeline" time="6.965"/>
  <testcase name="testQuasiCloseTransitionViaRatis" classname="org.apache.hadoop.ozone.container.common.statemachine.commandhandler.TestCloseContainerByPipeline" time="3.612"/>
  <testcase name="testIfCloseContainerCommandHandlerIsInvoked" classname="org.apache.hadoop.ozone.container.common.statemachine.commandhandler.TestCloseContainerByPipeline" time="9.594">
    <error message="Timed out waiting for condition. Thread diagnostics:&#10;Timestamp: 2019-10-14 09:15:19,503&#10;&#10;&quot;qtp747378368-718&quot; daemon prio=5 tid=718 timed_waiting&#10;java.lang.Thread.State: TIMED_WAITING&#10;        at sun.misc.Unsafe.park(Native Method)&#10;        at java.util.concurrent.locks.LockSupport.parkNanos(LockSupport.java:215)&#10;        at java.util.concurrent.locks.AbstractQueuedSynchronizer$ConditionObject.awaitNanos(AbstractQueuedSynchronizer.java:2078)&#10;        at org.eclipse.jetty.util.BlockingArrayQueue.poll(BlockingArrayQueue.java:392)&#10;        at org.eclipse.jetty.util.thread.QueuedThreadPool.idleJobPoll(QueuedThreadPool.java:563)&#10;        at org.eclipse.jetty.util.thread.QueuedThreadPool.access$800(QueuedThreadPool.java:48)&#10;        at org.eclipse.jetty.util.thread.QueuedThreadPool$2.run(QueuedThreadPool.java:626)&#10;        at java.lang.Thread.run(Thread.java:748)&#10;&quot;IPC Server handler 4 on 37838&quot; daemon prio=5 tid=73 timed_waiting&#10;java.lang.Thread.State: TIMED_WAITING&#10;        at sun.misc.Unsafe.park(Native Method)&#10;        at java.util.concurrent.locks.LockSupport.parkNanos(LockSupport.java:215)&#10;        at java.util.concurrent.locks.AbstractQueuedSynchronizer$ConditionObject.awaitNanos(AbstractQueuedSynchronizer.java:2078)&#10;        at java.util.concurrent.LinkedBlockingQueue.poll(LinkedBlockingQueue.java:467)&#10;        at org.apache.hadoop.ipc.CallQueueManager.take(CallQueueManager.java:288)&#10;        at org.apache.hadoop.ipc.Server$Handler.run(Server.java:2668)&#10;&quot;pool-117-thread-22&quot;  prio=5 tid=1081 in Object.wait()&#10;java.lang.Thread.State: WAITING (on object monitor)&#10;        at sun.misc.Unsafe.park(Native Method)&#10;        at java.util.concurrent.locks.LockSupport.park(LockSupport.java:175)&#10;        at java.util.concurrent.locks.AbstractQueuedSynchronizer$ConditionObject.await(AbstractQueuedSynchronizer.java:2039)&#10;        at java.util.concurrent.ArrayBlockingQueue.take(ArrayBlockingQueue.java:403)&#10;        at java.util.concurrent.ThreadPoolExecutor.getTask(ThreadPoolExecutor.java:1074)&#10;        at java.util.concurrent.ThreadPoolExecutor.runWorker(ThreadPoolExecutor.java:1134)&#10;        at java.util.concurrent.ThreadPoolExecutor$Worker.run(ThreadPoolExecutor.java:624)&#10;        at java.lang.Thread.run(Thread.java:748)&#10;&quot;pool-86-thread-14&quot;  prio=5 tid=832 in Object.wait()&#10;java.lang.Thread.State: WAITING (on object monitor)&#10;        at sun.misc.Unsafe.park(Native Method)&#10;        at java.util.concurrent.locks.LockSupport.park(LockSupport.java:175)&#10;        at java.util.concurrent.locks.AbstractQueuedSynchronizer$ConditionObject.await(AbstractQueuedSynchronizer.java:2039)&#10;        at java.util.concurrent.ArrayBlockingQueue.take(ArrayBlockingQueue.java:403)&#10;        at java.util.concurrent.ThreadPoolExecutor.getTask(ThreadPoolExecutor.java:1074)&#10;        at java.util.concurrent.ThreadPoolExecutor.runWorker(ThreadPoolExecutor.java:1134)&#10;        at java.util.concurrent.ThreadPoolExecutor$Worker.run(ThreadPoolExecutor.java:624)&#10;        at java.lang.Thread.run(Thread.java:748)&#10;&quot;qtp303805531-213&quot; daemon prio=5 tid=213 runnable&#10;java.lang.Thread.State: RUNNABLE&#10;        at sun.nio.ch.EPollArrayWrapper.epollWait(Native Method)&#10;        at sun.nio.ch.EPollArrayWrapper.poll(EPollArrayWrapper.java:269)&#10;        at sun.nio.ch.EPollSelectorImpl.doSelect(EPollSelectorImpl.java:93)&#10;        at sun.nio.ch.SelectorImpl.lockAndDoSelect(SelectorImpl.java:86)&#10;        at sun.nio.ch.SelectorImpl.select(SelectorImpl.java:97)&#10;        at sun.nio.ch.SelectorImpl.select(SelectorImpl.java:101)&#10;        at org.eclipse.jetty.io.ManagedSelector$SelectorProducer.select(ManagedSelector.java:243)&#10;        at org.eclipse.jetty.io.ManagedSelector$SelectorProducer.produce(ManagedSelector.java:191)&#10;        at org.eclipse.jetty.util.thread.strategy.ExecuteProduceConsume.executeProduceConsume(ExecuteProduceConsume.java:249)&#10;        at org.eclipse.jetty.util.thread.strategy.ExecuteProduceConsume.produceConsume(ExecuteProduceConsume.java:148)&#10;        at org.eclipse.jetty.util.thread.strategy.ExecuteProduceConsume.execute(ExecuteProduceConsume.java:100)&#10;        at org.eclipse.jetty.io.ManagedSelector.run(ManagedSelector.java:147)&#10;        at org.eclipse.jetty.util.thread.QueuedThreadPool.runJob(QueuedThreadPool.java:671)&#10;        at org.eclipse.jetty.util.thread.QueuedThreadPool$2.run(QueuedThreadPool.java:589)&#10;        at java.lang.Thread.run(Thread.java:748)&#10;&quot;pool-76-thread-11&quot;  prio=5 tid=757 in Object.wait()&#10;java.lang.Thread.State: WAITING (on object monitor)&#10;        at sun.misc.Unsafe.park(Native Method)&#10;        at java.util.concurrent.locks.LockSupport.park(LockSupport.java:175)&#10;        at java.util.concurrent.locks.AbstractQueuedSynchronizer$ConditionObject.await(AbstractQueuedSynchronizer.java:2039)&#10;        at java.util.concurrent.ArrayBlockingQueue.take(ArrayBlockingQueue.java:403)&#10;        at java.util.concurrent.ThreadPoolExecutor.getTask(ThreadPoolExecutor.java:1074)&#10;        at java.util.concurrent.ThreadPoolExecutor.runWorker(ThreadPoolExecutor.java:1134)&#10;        at java.util.concurrent.ThreadPoolExecutor$Worker.run(ThreadPoolExecutor.java:624)&#10;        at java.lang.Thread.run(Thread.java:748)&#10;&quot;pool-56-thread-6&quot;  prio=5 tid=360 in Object.wait()&#10;java.lang.Thread.State: WAITING (on object monitor)&#10;        at sun.misc.Unsafe.park(Native Method)&#10;        at java.util.concurrent.locks.LockSupport.park(LockSupport.java:175)&#10;        at java.util.concurrent.locks.AbstractQueuedSynchronizer$ConditionObject.await(AbstractQueuedSynchronizer.java:2039)&#10;        at java.util.concurrent.ArrayBlockingQueue.take(ArrayBlockingQueue.java:403)&#10;        at java.util.concurrent.ThreadPoolExecutor.getTask(ThreadPoolExecutor.java:1074)&#10;        at java.util.concurrent.ThreadPoolExecutor.runWorker(ThreadPoolExecutor.java:1134)&#10;        at java.util.concurrent.ThreadPoolExecutor$Worker.run(ThreadPoolExecutor.java:624)&#10;        at java.lang.Thread.run(Thread.java:748)&#10;&quot;Finalizer&quot; daemon prio=8 tid=3 in Object.wait()&#10;java.lang.Thread.State: WAITING (on object monitor)&#10;        at java.lang.Object.wait(Native Method)&#10;        at java.lang.ref.ReferenceQueue.remove(ReferenceQueue.java:144)&#10;        at java.lang.ref.ReferenceQueue.remove(ReferenceQueue.java:165)&#10;        at java.lang.ref.Finalizer$FinalizerThread.run(Finalizer.java:216)&#10;&quot;metrics-hadoop-metrics2-reporter-62-thread-1&quot; daemon prio=5 tid=1328 timed_waiting&#10;java.lang.Thread.State: TIMED_WAITING&#10;        at sun.misc.Unsafe.park(Native Method)&#10;        at java.util.concurrent.locks.LockSupport.parkNanos(LockSupport.java:215)&#10;        at java.util.concurrent.locks.AbstractQueuedSynchronizer$ConditionObject.awaitNanos(AbstractQueuedSynchronizer.java:2078)&#10;        at java.util.concurrent.ScheduledThreadPoolExecutor$DelayedWorkQueue.take(ScheduledThreadPoolExecutor.java:1093)&#10;        at java.util.concurrent.ScheduledThreadPoolExecutor$DelayedWorkQueue.take(ScheduledThreadPoolExecutor.java:809)&#10;        at java.util.concurrent.ThreadPoolExecutor.getTask(ThreadPoolExecutor.java:1074)&#10;        at java.util.concurrent.ThreadPoolExecutor.runWorker(ThreadPoolExecutor.java:1134)&#10;        at java.util.concurrent.ThreadPoolExecutor$Worker.run(ThreadPoolExecutor.java:624)&#10;        at java.lang.Thread.run(Thread.java:748)&#10;&quot;metrics-hadoop-metrics2-reporter-44-thread-1&quot; daemon prio=5 tid=1187 timed_waiting&#10;java.lang.Thread.State: TIMED_WAITING&#10;        at sun.misc.Unsafe.park(Native Method)&#10;        at java.util.concurrent.locks.LockSupport.parkNanos(LockSupport.java:215)&#10;        at java.util.concurrent.locks.AbstractQueuedSynchronizer$ConditionObject.awaitNanos(AbstractQueuedSynchronizer.java:2078)&#10;        at java.util.concurrent.ScheduledThreadPoolExecutor$DelayedWorkQueue.take(ScheduledThreadPoolExecutor.java:1093)&#10;        at java.util.concurrent.ScheduledThreadPoolExecutor$DelayedWorkQueue.take(ScheduledThreadPoolExecutor.java:809)&#10;        at java.util.concurrent.ThreadPoolExecutor.getTask(ThreadPoolExecutor.java:1074)&#10;        at java.util.concurrent.ThreadPoolExecutor.runWorker(ThreadPoolExecutor.java:1134)&#10;        at java.util.concurrent.ThreadPoolExecutor$Worker.run(ThreadPoolExecutor.java:624)&#10;        at java.lang.Thread.run(Thread.java:748)&#10;&quot;pool-76-thread-44&quot;  prio=5 tid=790 in Object.wait()&#10;java.lang.Thread.State: WAITING (on object monitor)&#10;        at sun.misc.Unsafe.park(Native Method)&#10;        at java.util.concurrent.locks.LockSupport.park(LockSupport.java:175)&#10;        at java.util.concurrent.locks.AbstractQueuedSynchronizer$ConditionObject.await(AbstractQueuedSynchronizer.java:2039)&#10;        at java.util.concurrent.ArrayBlockingQueue.take(ArrayBlockingQueue.java:403)&#10;        at java.util.concurrent.ThreadPoolExecutor.getTask(ThreadPoolExecutor.java:1074)&#10;        at java.util.concurrent.ThreadPoolExecutor.runWorker(ThreadPoolExecutor.java:1134)&#10;        at java.util.concurrent.ThreadPoolExecutor$Worker.run(ThreadPoolExecutor.java:624)&#10;        at java.lang.Thread.run(Thread.java:748)&#10;&quot;org.apache.hadoop.util.JvmPauseMonitor$Monitor@790174f2&quot; daemon prio=5 tid=102 timed_waiting&#10;java.lang.Thread.State: TIMED_WAITING&#10;        at java.lang.Thread.sleep(Native Method)&#10;        at org.apache.hadoop.util.JvmPauseMonitor$Monitor.run(JvmPauseMonitor.java:192)&#10;        at java.lang.Thread.run(Thread.java:748)&#10;&quot;pool-36-thread-41&quot;  prio=5 tid=521 in Object.wait()&#10;java.lang.Thread.State: WAITING (on object monitor)&#10;        at sun.misc.Unsafe.park(Native Method)&#10;        at java.util.concurrent.locks.LockSupport.park(LockSupport.java:175)&#10;        at java.util.concurrent.locks.AbstractQueuedSynchronizer$ConditionObject.await(AbstractQueuedSynchronizer.java:2039)&#10;        at java.util.concurrent.ArrayBlockingQueue.take(ArrayBlockingQueue.java:403)&#10;        at java.util.concurrent.ThreadPoolExecutor.getTask(ThreadPoolExecutor.java:1074)&#10;        at java.util.concurrent.ThreadPoolExecutor.runWorker(ThreadPoolExecutor.java:1134)&#10;        at java.util.concurrent.ThreadPoolExecutor$Worker.run(ThreadPoolExecutor.java:624)&#10;        at java.lang.Thread.run(Thread.java:748)&#10;&quot;pool-86-thread-41&quot;  prio=5 tid=859 in Object.wait()&#10;java.lang.Thread.State: WAITING (on object monitor)&#10;        at sun.misc.Unsafe.park(Native Method)&#10;        at java.util.concurrent.locks.LockSupport.park(LockSupport.java:175)&#10;        at java.util.concurrent.locks.AbstractQueuedSynchronizer$ConditionObject.await(AbstractQueuedSynchronizer.java:2039)&#10;        at java.util.concurrent.ArrayBlockingQueue.take(ArrayBlockingQueue.java:403)&#10;        at java.util.concurrent.ThreadPoolExecutor.getTask(ThreadPoolExecutor.java:1074)&#10;        at java.util.concurrent.ThreadPoolExecutor.runWorker(ThreadPoolExecutor.java:1134)&#10;        at java.util.concurrent.ThreadPoolExecutor$Worker.run(ThreadPoolExecutor.java:624)&#10;        at java.lang.Thread.run(Thread.java:748)&#10;&quot;pool-66-thread-31&quot;  prio=5 tid=669 in Object.wait()&#10;java.lang.Thread.State: WAITING (on object monitor)&#10;        at sun.misc.Unsafe.park(Native Method)&#10;        at java.util.concurrent.locks.LockSupport.park(LockSupport.java:175)&#10;        at java.util.concurrent.locks.AbstractQueuedSynchronizer$ConditionObject.await(AbstractQueuedSynchronizer.java:2039)&#10;        at java.util.concurrent.ArrayBlockingQueue.take(ArrayBlockingQueue.java:403)&#10;        at java.util.concurrent.ThreadPoolExecutor.getTask(ThreadPoolExecutor.java:1074)&#10;        at java.util.concurrent.ThreadPoolExecutor.runWorker(ThreadPoolExecutor.java:1134)&#10;        at java.util.concurrent.ThreadPoolExecutor$Worker.run(ThreadPoolExecutor.java:624)&#10;        at java.lang.Thread.run(Thread.java:748)&#10;&quot;BlockDeletingService#1&quot; daemon prio=5 tid=711 in Object.wait()&#10;java.lang.Thread.State: WAITING (on object monitor)&#10;        at sun.misc.Unsafe.park(Native Method)&#10;        at java.util.concurrent.locks.LockSupport.park(LockSupport.java:175)&#10;        at java.util.concurrent.locks.AbstractQueuedSynchronizer$ConditionObject.await(AbstractQueuedSynchronizer.java:2039)&#10;        at java.util.concurrent.ScheduledThreadPoolExecutor$DelayedWorkQueue.take(ScheduledThreadPoolExecutor.java:1088)&#10;        at java.util.concurrent.ScheduledThreadPoolExecutor$DelayedWorkQueue.take(ScheduledThreadPoolExecutor.java:809)&#10;        at java.util.concurrent.ThreadPoolExecutor.getTask(ThreadPoolExecutor.java:1074)&#10;        at java.util.concurrent.ThreadPoolExecutor.runWorker(ThreadPoolExecutor.java:1134)&#10;        at java.util.concurrent.ThreadPoolExecutor$Worker.run(ThreadPoolExecutor.java:624)&#10;        at java.lang.Thread.run(Thread.java:748)&#10;&quot;Datanode ReportManager Thread - 1&quot; daemon prio=5 tid=604 timed_waiting&#10;java.lang.Thread.State: TIMED_WAITING&#10;        at sun.misc.Unsafe.park(Native Method)&#10;        at java.util.concurrent.locks.LockSupport.parkNanos(LockSupport.java:215)&#10;        at java.util.concurrent.locks.AbstractQueuedSynchronizer$ConditionObject.awaitNanos(AbstractQueuedSynchronizer.java:2078)&#10;        at java.util.concurrent.ScheduledThreadPoolExecutor$DelayedWorkQueue.take(ScheduledThreadPoolExecutor.java:1093)&#10;        at java.util.concurrent.ScheduledThreadPoolExecutor$DelayedWorkQueue.take(ScheduledThreadPoolExecutor.java:809)&#10;        at java.util.concurrent.ThreadPoolExecutor.getTask(ThreadPoolExecutor.java:1074)&#10;        at java.util.concurrent.ThreadPoolExecutor.runWorker(ThreadPoolExecutor.java:1134)&#10;        at java.util.concurrent.ThreadPoolExecutor$Worker.run(ThreadPoolExecutor.java:624)&#10;        at java.lang.Thread.run(Thread.java:748)&#10;&quot;metrics-hadoop-metrics2-reporter-35-thread-1&quot; daemon prio=5 tid=1159 timed_waiting&#10;java.lang.Thread.State: TIMED_WAITING&#10;        at sun.misc.Unsafe.park(Native Method)&#10;        at java.util.concurrent.locks.LockSupport.parkNanos(LockSupport.java:215)&#10;        at java.util.concurrent.locks.AbstractQueuedSynchronizer$ConditionObject.awaitNanos(AbstractQueuedSynchronizer.java:2078)&#10;        at java.util.concurrent.ScheduledThreadPoolExecutor$DelayedWorkQueue.take(ScheduledThreadPoolExecutor.java:1093)&#10;        at java.util.concurrent.ScheduledThreadPoolExecutor$DelayedWorkQueue.take(ScheduledThreadPoolExecutor.java:809)&#10;        at java.util.concurrent.ThreadPoolExecutor.getTask(ThreadPoolExecutor.java:1074)&#10;        at java.util.concurrent.ThreadPoolExecutor.runWorker(ThreadPoolExecutor.java:1134)&#10;        at java.util.concurrent.ThreadPoolExecutor$Worker.run(ThreadPoolExecutor.java:624)&#10;        at java.lang.Thread.run(Thread.java:748)&#10;&quot;qtp934617920-591&quot; daemon prio=5 tid=591 runnable&#10;java.lang.Thread.State: RUNNABLE&#10;        at sun.nio.ch.EPollArrayWrapper.epollWait(Native Method)&#10;        at sun.nio.ch.EPollArrayWrapper.poll(EPollArrayWrapper.java:269)&#10;        at sun.nio.ch.EPollSelectorImpl.doSelect(EPollSelectorImpl.java:93)&#10;        at sun.nio.ch.SelectorImpl.lockAndDoSelect(SelectorImpl.java:86)&#10;        at sun.nio.ch.SelectorImpl.select(SelectorImpl.java:97)&#10;        at sun.nio.ch.SelectorImpl.select(SelectorImpl.java:101)&#10;        at org.eclipse.jetty.io.ManagedSelector$SelectorProducer.select(ManagedSelector.java:243)&#10;        at org.eclipse.jetty.io.ManagedSelector$SelectorProducer.produce(ManagedSelector.java:191)&#10;        at org.eclipse.jetty.util.thread.strategy.ExecuteProduceConsume.executeProduceConsume(ExecuteProduceConsume.java:249)&#10;        at org.eclipse.jetty.util.thread.strategy.ExecuteProduceConsume.produceConsume(ExecuteProduceConsume.java:148)&#10;        at org.eclipse.jetty.util.thread.strategy.ExecuteProduceConsume.execute(ExecuteProduceConsume.java:100)&#10;        at org.eclipse.jetty.io.ManagedSelector.run(ManagedSelector.java:147)&#10;        at org.eclipse.jetty.util.thread.QueuedThreadPool.runJob(QueuedThreadPool.java:671)&#10;        at org.eclipse.jetty.util.thread.QueuedThreadPool$2.run(QueuedThreadPool.java:589)&#10;        at java.lang.Thread.run(Thread.java:748)&#10;&quot;IPC Server handler 19 on 39235&quot; daemon prio=5 tid=48 timed_waiting&#10;java.lang.Thread.State: TIMED_WAITING&#10;        at sun.misc.Unsafe.park(Native Method)&#10;        at java.util.concurrent.locks.LockSupport.parkNanos(LockSupport.java:215)&#10;        at java.util.concurrent.locks.AbstractQueuedSynchronizer$ConditionObject.awaitNanos(AbstractQueuedSynchronizer.java:2078)&#10;        at java.util.concurrent.LinkedBlockingQueue.poll(LinkedBlockingQueue.java:467)&#10;        at org.apache.hadoop.ipc.CallQueueManager.take(CallQueueManager.java:288)&#10;        at org.apache.hadoop.ipc.Server$Handler.run(Server.java:2668)&#10;&quot;IPC Server handler 18 on 39235&quot; daemon prio=5 tid=47 timed_waiting&#10;java.lang.Thread.State: TIMED_WAITING&#10;        at sun.misc.Unsafe.park(Native Method)&#10;        at java.util.concurrent.locks.LockSupport.parkNanos(LockSupport.java:215)&#10;        at java.util.concurrent.locks.AbstractQueuedSynchronizer$ConditionObject.awaitNanos(AbstractQueuedSynchronizer.java:2078)&#10;        at java.util.concurrent.LinkedBlockingQueue.poll(LinkedBlockingQueue.java:467)&#10;        at org.apache.hadoop.ipc.CallQueueManager.take(CallQueueManager.java:288)&#10;        at org.apache.hadoop.ipc.Server$Handler.run(Server.java:2668)&#10;&quot;org.eclipse.jetty.server.session.HashSessionManager@52d97ab6Timer&quot; daemon prio=5 tid=194 timed_waiting&#10;java.lang.Thread.State: TIMED_WAITING&#10;        at sun.misc.Unsafe.park(Native Method)&#10;        at java.util.concurrent.locks.LockSupport.parkNanos(LockSupport.java:215)&#10;        at java.util.concurrent.locks.AbstractQueuedSynchronizer$ConditionObject.awaitNanos(AbstractQueuedSynchronizer.java:2078)&#10;        at java.util.concurrent.ScheduledThreadPoolExecutor$DelayedWorkQueue.take(ScheduledThreadPoolExecutor.java:1093)&#10;        at java.util.concurrent.ScheduledThreadPoolExecutor$DelayedWorkQueue.take(ScheduledThreadPoolExecutor.java:809)&#10;        at java.util.concurrent.ThreadPoolExecutor.getTask(ThreadPoolExecutor.java:1074)&#10;        at java.util.concurrent.ThreadPoolExecutor.runWorker(ThreadPoolExecutor.java:1134)&#10;        at java.util.concurrent.ThreadPoolExecutor$Worker.run(ThreadPoolExecutor.java:624)&#10;        at java.lang.Thread.run(Thread.java:748)&#10;&quot;pool-56-thread-31&quot;  prio=5 tid=466 in Object.wait()&#10;java.lang.Thread.State: WAITING (on object monitor)&#10;        at sun.misc.Unsafe.park(Native Method)&#10;        at java.util.concurrent.locks.LockSupport.park(LockSupport.java:175)&#10;        at java.util.concurrent.locks.AbstractQueuedSynchronizer$ConditionObject.await(AbstractQueuedSynchronizer.java:2039)&#10;        at java.util.concurrent.ArrayBlockingQueue.take(ArrayBlockingQueue.java:403)&#10;        at java.util.concurrent.ThreadPoolExecutor.getTask(ThreadPoolExecutor.java:1074)&#10;        at java.util.concurrent.ThreadPoolExecutor.runWorker(ThreadPoolExecutor.java:1134)&#10;        at java.util.concurrent.ThreadPoolExecutor$Worker.run(ThreadPoolExecutor.java:624)&#10;        at java.lang.Thread.run(Thread.java:748)&#10;&quot;org.eclipse.jetty.server.session.HashSessionManager@2dbd803fTimer&quot; daemon prio=5 tid=145 timed_waiting&#10;java.lang.Thread.State: TIMED_WAITING&#10;        at sun.misc.Unsafe.park(Native Method)&#10;        at java.util.concurrent.locks.LockSupport.parkNanos(LockSupport.java:215)&#10;        at java.util.concurrent.locks.AbstractQueuedSynchronizer$ConditionObject.awaitNanos(AbstractQueuedSynchronizer.java:2078)&#10;        at java.util.concurrent.ScheduledThreadPoolExecutor$DelayedWorkQueue.take(ScheduledThreadPoolExecutor.java:1093)&#10;        at java.util.concurrent.ScheduledThreadPoolExecutor$DelayedWorkQueue.take(ScheduledThreadPoolExecutor.java:809)&#10;        at java.util.concurrent.ThreadPoolExecutor.getTask(ThreadPoolExecutor.java:1074)&#10;        at java.util.concurrent.ThreadPoolExecutor.runWorker(ThreadPoolExecutor.java:1134)&#10;        at java.util.concurrent.ThreadPoolExecutor$Worker.run(ThreadPoolExecutor.java:624)&#10;        at java.lang.Thread.run(Thread.java:748)&#10;&quot;org.eclipse.jetty.server.session.HashSessionManager@10f7918fTimer&quot; daemon prio=5 tid=302 timed_waiting&#10;java.lang.Thread.State: TIMED_WAITING&#10;        at sun.misc.Unsafe.park(Native Method)&#10;        at java.util.concurrent.locks.LockSupport.parkNanos(LockSupport.java:215)&#10;        at java.util.concurrent.locks.AbstractQueuedSynchronizer$ConditionObject.awaitNanos(AbstractQueuedSynchronizer.java:2078)&#10;        at java.util.concurrent.ScheduledThreadPoolExecutor$DelayedWorkQueue.take(ScheduledThreadPoolExecutor.java:1093)&#10;        at java.util.concurrent.ScheduledThreadPoolExecutor$DelayedWorkQueue.take(ScheduledThreadPoolExecutor.java:809)&#10;        at java.util.concurrent.ThreadPoolExecutor.getTask(ThreadPoolExecutor.java:1074)&#10;        at java.util.concurrent.ThreadPoolExecutor.runWorker(ThreadPoolExecutor.java:1134)&#10;        at java.util.concurrent.ThreadPoolExecutor$Worker.run(ThreadPoolExecutor.java:624)&#10;        at java.lang.Thread.run(Thread.java:748)&#10;&quot;pool-96-thread-17&quot;  prio=5 tid=899 in Object.wait()&#10;java.lang.Thread.State: WAITING (on object monitor)&#10;        at sun.misc.Unsafe.park(Native Method)&#10;        at java.util.concurrent.locks.LockSupport.park(LockSupport.java:175)&#10;        at java.util.concurrent.locks.AbstractQueuedSynchronizer$ConditionObject.await(AbstractQueuedSynchronizer.java:2039)&#10;        at java.util.concurrent.ArrayBlockingQueue.take(ArrayBlockingQueue.java:403)&#10;        at java.util.concurrent.ThreadPoolExecutor.getTask(ThreadPoolExecutor.java:1074)&#10;        at java.util.concurrent.ThreadPoolExecutor.runWorker(ThreadPoolExecutor.java:1134)&#10;        at java.util.concurrent.ThreadPoolExecutor$Worker.run(ThreadPoolExecutor.java:624)&#10;        at java.lang.Thread.run(Thread.java:748)&#10;&quot;IPC Server handler 1 on 39235&quot; daemon prio=5 tid=30 timed_waiting&#10;java.lang.Thread.State: TIMED_WAITING&#10;        at sun.misc.Unsafe.park(Native Method)&#10;        at java.util.concurrent.locks.LockSupport.parkNanos(LockSupport.java:215)&#10;        at java.util.concurrent.locks.AbstractQueuedSynchronizer$ConditionObject.awaitNanos(AbstractQueuedSynchronizer.java:2078)&#10;        at java.util.concurrent.LinkedBlockingQueue.poll(LinkedBlockingQueue.java:467)&#10;        at org.apache.hadoop.ipc.CallQueueManager.take(CallQueueManager.java:288)&#10;        at org.apache.hadoop.ipc.Server$Handler.run(Server.java:2668)&#10;&quot;pool-106-thread-26&quot;  prio=5 tid=1005 in Object.wait()&#10;java.lang.Thread.State: WAITING (on object monitor)&#10;        at sun.misc.Unsafe.park(Native Method)&#10;        at java.util.concurrent.locks.LockSupport.park(LockSupport.java:175)&#10;        at java.util.concurrent.locks.AbstractQueuedSynchronizer$ConditionObject.await(AbstractQueuedSynchronizer.java:2039)&#10;        at java.util.concurrent.ArrayBlockingQueue.take(ArrayBlockingQueue.java:403)&#10;        at java.util.concurrent.ThreadPoolExecutor.getTask(ThreadPoolExecutor.java:1074)&#10;        at java.util.concurrent.ThreadPoolExecutor.runWorker(ThreadPoolExecutor.java:1134)&#10;        at java.util.concurrent.ThreadPoolExecutor$Worker.run(ThreadPoolExecutor.java:624)&#10;        at java.lang.Thread.run(Thread.java:748)&#10;&quot;pool-56-thread-18&quot;  prio=5 tid=413 in Object.wait()&#10;java.lang.Thread.State: WAITING (on object monitor)&#10;        at sun.misc.Unsafe.park(Native Method)&#10;        at java.util.concurrent.locks.LockSupport.park(LockSupport.java:175)&#10;        at java.util.concurrent.locks.AbstractQueuedSynchronizer$ConditionObject.await(AbstractQueuedSynchronizer.java:2039)&#10;        at java.util.concurrent.ArrayBlockingQueue.take(ArrayBlockingQueue.java:403)&#10;        at java.util.concurrent.ThreadPoolExecutor.getTask(ThreadPoolExecutor.java:1074)&#10;        at java.util.concurrent.ThreadPoolExecutor.runWorker(ThreadPoolExecutor.java:1134)&#10;        at java.util.concurrent.ThreadPoolExecutor$Worker.run(ThreadPoolExecutor.java:624)&#10;        at java.lang.Thread.run(Thread.java:748)&#10;&quot;pool-106-thread-28&quot;  prio=5 tid=1007 in Object.wait()&#10;java.lang.Thread.State: WAITING (on object monitor)&#10;        at sun.misc.Unsafe.park(Native Method)&#10;        at java.util.concurrent.locks.LockSupport.park(LockSupport.java:175)&#10;        at java.util.concurrent.locks.AbstractQueuedSynchronizer$ConditionObject.await(AbstractQueuedSynchronizer.java:2039)&#10;        at java.util.concurrent.ArrayBlockingQueue.take(ArrayBlockingQueue.java:403)&#10;        at java.util.concurrent.ThreadPoolExecutor.getTask(ThreadPoolExecutor.java:1074)&#10;        at java.util.concurrent.ThreadPoolExecutor.runWorker(ThreadPoolExecutor.java:1134)&#10;        at java.util.concurrent.ThreadPoolExecutor$Worker.run(ThreadPoolExecutor.java:624)&#10;        at java.lang.Thread.run(Thread.java:748)&#10;&quot;qtp303805531-220&quot; daemon prio=5 tid=220 timed_waiting&#10;java.lang.Thread.State: TIMED_WAITING&#10;        at sun.misc.Unsafe.park(Native Method)&#10;        at java.util.concurrent.locks.LockSupport.parkNanos(LockSupport.java:215)&#10;        at java.util.concurrent.locks.AbstractQueuedSynchronizer$ConditionObject.awaitNanos(AbstractQueuedSynchronizer.java:2078)&#10;        at org.eclipse.jetty.util.BlockingArrayQueue.poll(BlockingArrayQueue.java:392)&#10;        at org.eclipse.jetty.util.thread.QueuedThreadPool.idleJobPoll(QueuedThreadPool.java:563)&#10;        at org.eclipse.jetty.util.thread.QueuedThreadPool.access$800(QueuedThreadPool.java:48)&#10;        at org.eclipse.jetty.util.thread.QueuedThreadPool$2.run(QueuedThreadPool.java:626)&#10;        at java.lang.Thread.run(Thread.java:748)&#10;&quot;pool-26-thread-44&quot;  prio=5 tid=480 in Object.wait()&#10;java.lang.Thread.State: WAITING (on object monitor)&#10;        at sun.misc.Unsafe.park(Native Method)&#10;        at java.util.concurrent.locks.LockSupport.park(LockSupport.java:175)&#10;        at java.util.concurrent.locks.AbstractQueuedSynchronizer$ConditionObject.await(AbstractQueuedSynchronizer.java:2039)&#10;        at java.util.concurrent.ArrayBlockingQueue.take(ArrayBlockingQueue.java:403)&#10;        at java.util.concurrent.ThreadPoolExecutor.getTask(ThreadPoolExecutor.java:1074)&#10;        at java.util.concurrent.ThreadPoolExecutor.runWorker(ThreadPoolExecutor.java:1134)&#10;        at java.util.concurrent.ThreadPoolExecutor$Worker.run(ThreadPoolExecutor.java:624)&#10;        at java.lang.Thread.run(Thread.java:748)&#10;&quot;pool-96-thread-52&quot;  prio=5 tid=934 in Object.wait()&#10;java.lang.Thread.State: WAITING (on object monitor)&#10;        at sun.misc.Unsafe.park(Native Method)&#10;        at java.util.concurrent.locks.LockSupport.park(LockSupport.java:175)&#10;        at java.util.concurrent.locks.AbstractQueuedSynchronizer$ConditionObject.await(AbstractQueuedSynchronizer.java:2039)&#10;        at java.util.concurrent.ArrayBlockingQueue.take(ArrayBlockingQueue.java:403)&#10;        at java.util.concurrent.ThreadPoolExecutor.getTask(ThreadPoolExecutor.java:1074)&#10;        at java.util.concurrent.ThreadPoolExecutor.runWorker(ThreadPoolExecutor.java:1134)&#10;        at java.util.concurrent.ThreadPoolExecutor$Worker.run(ThreadPoolExecutor.java:624)&#10;        at java.lang.Thread.run(Thread.java:748)&#10;&quot;pool-44-thread-1&quot; daemon prio=5 tid=210 timed_waiting&#10;java.lang.Thread.State: TIMED_WAITING&#10;        at sun.misc.Unsafe.park(Native Method)&#10;        at java.util.concurrent.locks.LockSupport.parkNanos(LockSupport.java:215)&#10;        at java.util.concurrent.locks.AbstractQueuedSynchronizer$ConditionObject.awaitNanos(AbstractQueuedSynchronizer.java:2078)&#10;        at java.util.concurrent.ScheduledThreadPoolExecutor$DelayedWorkQueue.take(ScheduledThreadPoolExecutor.java:1093)&#10;        at java.util.concurrent.ScheduledThreadPoolExecutor$DelayedWorkQueue.take(ScheduledThreadPoolExecutor.java:809)&#10;        at java.util.concurrent.ThreadPoolExecutor.getTask(ThreadPoolExecutor.java:1074)&#10;        at java.util.concurrent.ThreadPoolExecutor.runWorker(ThreadPoolExecutor.java:1134)&#10;        at java.util.concurrent.ThreadPoolExecutor$Worker.run(ThreadPoolExecutor.java:624)&#10;        at java.lang.Thread.run(Thread.java:748)&#10;&quot;pool-106-thread-35&quot;  prio=5 tid=1014 in Object.wait()&#10;java.lang.Thread.State: WAITING (on object monitor)&#10;        at sun.misc.Unsafe.park(Native Method)&#10;        at java.util.concurrent.locks.LockSupport.park(LockSupport.java:175)&#10;        at java.util.concurrent.locks.AbstractQueuedSynchronizer$ConditionObject.await(AbstractQueuedSynchronizer.java:2039)&#10;        at java.util.concurrent.ArrayBlockingQueue.take(ArrayBlockingQueue.java:403)&#10;        at java.util.concurrent.ThreadPoolExecutor.getTask(ThreadPoolExecutor.java:1074)&#10;        at java.util.concurrent.ThreadPoolExecutor.runWorker(ThreadPoolExecutor.java:1134)&#10;        at java.util.concurrent.ThreadPoolExecutor$Worker.run(ThreadPoolExecutor.java:624)&#10;        at java.lang.Thread.run(Thread.java:748)&#10;&quot;pool-76-thread-55&quot;  prio=5 tid=801 in Object.wait()&#10;java.lang.Thread.State: WAITING (on object monitor)&#10;        at sun.misc.Unsafe.park(Native Method)&#10;        at java.util.concurrent.locks.LockSupport.park(LockSupport.java:175)&#10;        at java.util.concurrent.locks.AbstractQueuedSynchronizer$ConditionObject.await(AbstractQueuedSynchronizer.java:2039)&#10;        at java.util.concurrent.ArrayBlockingQueue.take(ArrayBlockingQueue.java:403)&#10;        at java.util.concurrent.ThreadPoolExecutor.getTask(ThreadPoolExecutor.java:1074)&#10;        at java.util.concurrent.ThreadPoolExecutor.runWorker(ThreadPoolExecutor.java:1134)&#10;        at java.util.concurrent.ThreadPoolExecutor$Worker.run(ThreadPoolExecutor.java:624)&#10;        at java.lang.Thread.run(Thread.java:748)&#10;&quot;IPC Server handler 2 on 37221&quot; daemon prio=5 tid=117 timed_waiting&#10;java.lang.Thread.State: TIMED_WAITING&#10;        at sun.misc.Unsafe.park(Native Method)&#10;        at java.util.concurrent.locks.LockSupport.parkNanos(LockSupport.java:215)&#10;        at java.util.concurrent.locks.AbstractQueuedSynchronizer$ConditionObject.awaitNanos(AbstractQueuedSynchronizer.java:2078)&#10;        at java.util.concurrent.LinkedBlockingQueue.poll(LinkedBlockingQueue.java:467)&#10;        at org.apache.hadoop.ipc.CallQueueManager.take(CallQueueManager.java:288)&#10;        at org.apache.hadoop.ipc.Server$Handler.run(Server.java:2668)&#10;&quot;IPC Server handler 15 on 40878&quot; daemon prio=5 tid=64 timed_waiting&#10;java.lang.Thread.State: TIMED_WAITING&#10;        at sun.misc.Unsafe.park(Native Method)&#10;        at java.util.concurrent.locks.LockSupport.parkNanos(LockSupport.java:215)&#10;        at java.util.concurrent.locks.AbstractQueuedSynchronizer$ConditionObject.awaitNanos(AbstractQueuedSynchronizer.java:2078)&#10;        at java.util.concurrent.LinkedBlockingQueue.poll(LinkedBlockingQueue.java:467)&#10;        at org.apache.hadoop.ipc.CallQueueManager.take(CallQueueManager.java:288)&#10;        at org.apache.hadoop.ipc.Server$Handler.run(Server.java:2668)&#10;&quot;pool-56-thread-11&quot;  prio=5 tid=378 in Object.wait()&#10;java.lang.Thread.State: WAITING (on object monitor)&#10;        at sun.misc.Unsafe.park(Native Method)&#10;        at java.util.concurrent.locks.LockSupport.park(LockSupport.java:175)&#10;        at java.util.concurrent.locks.AbstractQueuedSynchronizer$ConditionObject.await(AbstractQueuedSynchronizer.java:2039)&#10;        at java.util.concurrent.ArrayBlockingQueue.take(ArrayBlockingQueue.java:403)&#10;        at java.util.concurrent.ThreadPoolExecutor.getTask(ThreadPoolExecutor.java:1074)&#10;        at java.util.concurrent.ThreadPoolExecutor.runWorker(ThreadPoolExecutor.java:1134)&#10;        at java.util.concurrent.ThreadPoolExecutor$Worker.run(ThreadPoolExecutor.java:624)&#10;        at java.lang.Thread.run(Thread.java:748)&#10;&quot;d3056189-9fd1-4309-9520-f49ad506b671@group-7807C7E9218E-StateMachineUpdater&quot; daemon prio=5 tid=1158 in Object.wait()&#10;java.lang.Thread.State: WAITING (on object monitor)&#10;        at java.lang.Object.wait(Native Method)&#10;        at java.lang.Object.wait(Object.java:502)&#10;        at org.apache.ratis.server.impl.StateMachineUpdater.waitForCommit(StateMachineUpdater.java:194)&#10;        at org.apache.ratis.server.impl.StateMachineUpdater.run(StateMachineUpdater.java:159)&#10;        at java.lang.Thread.run(Thread.java:748)&#10;&quot;IPC Server handler 14 on 37221&quot; daemon prio=5 tid=129 timed_waiting&#10;java.lang.Thread.State: TIMED_WAITING&#10;        at sun.misc.Unsafe.park(Native Method)&#10;        at java.util.concurrent.locks.LockSupport.parkNanos(LockSupport.java:215)&#10;        at java.util.concurrent.locks.AbstractQueuedSynchronizer$ConditionObject.awaitNanos(AbstractQueuedSynchronizer.java:2078)&#10;        at java.util.concurrent.LinkedBlockingQueue.poll(LinkedBlockingQueue.java:467)&#10;        at org.apache.hadoop.ipc.CallQueueManager.take(CallQueueManager.java:288)&#10;        at org.apache.hadoop.ipc.Server$Handler.run(Server.java:2668)&#10;&quot;pool-106-thread-58&quot;  prio=5 tid=1038 in Object.wait()&#10;java.lang.Thread.State: WAITING (on object monitor)&#10;        at sun.misc.Unsafe.park(Native Method)&#10;        at java.util.concurrent.locks.LockSupport.park(LockSupport.java:175)&#10;        at java.util.concurrent.locks.AbstractQueuedSynchronizer$ConditionObject.await(AbstractQueuedSynchronizer.java:2039)&#10;        at java.util.concurrent.ArrayBlockingQueue.take(ArrayBlockingQueue.java:403)&#10;        at java.util.concurrent.ThreadPoolExecutor.getTask(ThreadPoolExecutor.java:1074)&#10;        at java.util.concurrent.ThreadPoolExecutor.runWorker(ThreadPoolExecutor.java:1134)&#10;        at java.util.concurrent.ThreadPoolExecutor$Worker.run(ThreadPoolExecutor.java:624)&#10;        at java.lang.Thread.run(Thread.java:748)&#10;&quot;qtp934617920-598&quot; daemon prio=5 tid=598 timed_waiting&#10;java.lang.Thread.State: TIMED_WAITING&#10;        at sun.misc.Unsafe.park(Native Method)&#10;        at java.util.concurrent.locks.LockSupport.parkNanos(LockSupport.java:215)&#10;        at java.util.concurrent.locks.AbstractQueuedSynchronizer$ConditionObject.awaitNanos(AbstractQueuedSynchronizer.java:2078)&#10;        at org.eclipse.jetty.util.BlockingArrayQueue.poll(BlockingArrayQueue.java:392)&#10;        at org.eclipse.jetty.util.thread.QueuedThreadPool.idleJobPoll(QueuedThreadPool.java:563)&#10;        at org.eclipse.jetty.util.thread.QueuedThreadPool.access$800(QueuedThreadPool.java:48)&#10;        at org.eclipse.jetty.util.thread.QueuedThreadPool$2.run(QueuedThreadPool.java:626)&#10;        at java.lang.Thread.run(Thread.java:748)&#10;&quot;pool-86-thread-38&quot;  prio=5 tid=856 in Object.wait()&#10;java.lang.Thread.State: WAITING (on object monitor)&#10;        at sun.misc.Unsafe.park(Native Method)&#10;        at java.util.concurrent.locks.LockSupport.park(LockSupport.java:175)&#10;        at java.util.concurrent.locks.AbstractQueuedSynchronizer$ConditionObject.await(AbstractQueuedSynchronizer.java:2039)&#10;        at java.util.concurrent.ArrayBlockingQueue.take(ArrayBlockingQueue.java:403)&#10;        at java.util.concurrent.ThreadPoolExecutor.getTask(ThreadPoolExecutor.java:1074)&#10;        at java.util.concurrent.ThreadPoolExecutor.runWorker(ThreadPoolExecutor.java:1134)&#10;        at java.util.concurrent.ThreadPoolExecutor$Worker.run(ThreadPoolExecutor.java:624)&#10;        at java.lang.Thread.run(Thread.java:748)&#10;&quot;pool-86-thread-5&quot;  prio=5 tid=823 in Object.wait()&#10;java.lang.Thread.State: WAITING (on object monitor)&#10;        at sun.misc.Unsafe.park(Native Method)&#10;        at java.util.concurrent.locks.LockSupport.park(LockSupport.java:175)&#10;        at java.util.concurrent.locks.AbstractQueuedSynchronizer$ConditionObject.await(AbstractQueuedSynchronizer.java:2039)&#10;        at java.util.concurrent.ArrayBlockingQueue.take(ArrayBlockingQueue.java:403)&#10;        at java.util.concurrent.ThreadPoolExecutor.getTask(ThreadPoolExecutor.java:1074)&#10;        at java.util.concurrent.ThreadPoolExecutor.runWorker(ThreadPoolExecutor.java:1134)&#10;        at java.util.concurrent.ThreadPoolExecutor$Worker.run(ThreadPoolExecutor.java:624)&#10;        at java.lang.Thread.run(Thread.java:748)&#10;&quot;pool-76-thread-22&quot;  prio=5 tid=768 in Object.wait()&#10;java.lang.Thread.State: WAITING (on object monitor)&#10;        at sun.misc.Unsafe.park(Native Method)&#10;        at java.util.concurrent.locks.LockSupport.park(LockSupport.java:175)&#10;        at java.util.concurrent.locks.AbstractQueuedSynchronizer$ConditionObject.await(AbstractQueuedSynchronizer.java:2039)&#10;        at java.util.concurrent.ArrayBlockingQueue.take(ArrayBlockingQueue.java:403)&#10;        at java.util.concurrent.ThreadPoolExecutor.getTask(ThreadPoolExecutor.java:1074)&#10;        at java.util.concurrent.ThreadPoolExecutor.runWorker(ThreadPoolExecutor.java:1134)&#10;        at java.util.concurrent.ThreadPoolExecutor$Worker.run(ThreadPoolExecutor.java:624)&#10;        at java.lang.Thread.run(Thread.java:748)&#10;&quot;IPC Server handler 16 on 37838&quot; daemon prio=5 tid=85 timed_waiting&#10;java.lang.Thread.State: TIMED_WAITING&#10;        at sun.misc.Unsafe.park(Native Method)&#10;        at java.util.concurrent.locks.LockSupport.parkNanos(LockSupport.java:215)&#10;        at java.util.concurrent.locks.AbstractQueuedSynchronizer$ConditionObject.awaitNanos(AbstractQueuedSynchronizer.java:2078)&#10;        at java.util.concurrent.LinkedBlockingQueue.poll(LinkedBlockingQueue.java:467)&#10;        at org.apache.hadoop.ipc.CallQueueManager.take(CallQueueManager.java:288)&#10;        at org.apache.hadoop.ipc.Server$Handler.run(Server.java:2668)&#10;&quot;Thread-395&quot; daemon prio=5 tid=1267 timed_waiting&#10;java.lang.Thread.State: TIMED_WAITING&#10;        at sun.misc.Unsafe.park(Native Method)&#10;        at java.util.concurrent.locks.LockSupport.parkNanos(LockSupport.java:215)&#10;        at java.util.concurrent.locks.AbstractQueuedSynchronizer$ConditionObject.awaitNanos(AbstractQueuedSynchronizer.java:2078)&#10;        at java.util.concurrent.ArrayBlockingQueue.poll(ArrayBlockingQueue.java:418)&#10;        at org.apache.ratis.server.impl.LeaderState$EventQueue.poll(LeaderState.java:116)&#10;        at org.apache.ratis.server.impl.LeaderState$EventProcessor.run(LeaderState.java:468)&#10;&quot;pool-76-thread-13&quot;  prio=5 tid=759 in Object.wait()&#10;java.lang.Thread.State: WAITING (on object monitor)&#10;        at sun.misc.Unsafe.park(Native Method)&#10;        at java.util.concurrent.locks.LockSupport.park(LockSupport.java:175)&#10;        at java.util.concurrent.locks.AbstractQueuedSynchronizer$ConditionObject.await(AbstractQueuedSynchronizer.java:2039)&#10;        at java.util.concurrent.ArrayBlockingQueue.take(ArrayBlockingQueue.java:403)&#10;        at java.util.concurrent.ThreadPoolExecutor.getTask(ThreadPoolExecutor.java:1074)&#10;        at java.util.concurrent.ThreadPoolExecutor.runWorker(ThreadPoolExecutor.java:1134)&#10;        at java.util.concurrent.ThreadPoolExecutor$Worker.run(ThreadPoolExecutor.java:624)&#10;        at java.lang.Thread.run(Thread.java:748)&#10;&quot;qtp318555935-186&quot; daemon prio=5 tid=186 runnable&#10;java.lang.Thread.State: RUNNABLE&#10;        at sun.nio.ch.EPollArrayWrapper.epollWait(Native Method)&#10;        at sun.nio.ch.EPollArrayWrapper.poll(EPollArrayWrapper.java:269)&#10;        at sun.nio.ch.EPollSelectorImpl.doSelect(EPollSelectorImpl.java:93)&#10;        at sun.nio.ch.SelectorImpl.lockAndDoSelect(SelectorImpl.java:86)&#10;        at sun.nio.ch.SelectorImpl.select(SelectorImpl.java:97)&#10;        at sun.nio.ch.SelectorImpl.select(SelectorImpl.java:101)&#10;        at org.eclipse.jetty.io.ManagedSelector$SelectorProducer.select(ManagedSelector.java:243)&#10;        at org.eclipse.jetty.io.ManagedSelector$SelectorProducer.produce(ManagedSelector.java:191)&#10;        at org.eclipse.jetty.util.thread.strategy.ExecuteProduceConsume.executeProduceConsume(ExecuteProduceConsume.java:249)&#10;        at org.eclipse.jetty.util.thread.strategy.ExecuteProduceConsume.produceConsume(ExecuteProduceConsume.java:148)&#10;        at org.eclipse.jetty.util.thread.strategy.ExecuteProduceConsume.execute(ExecuteProduceConsume.java:100)&#10;        at org.eclipse.jetty.io.ManagedSelector.run(ManagedSelector.java:147)&#10;        at org.eclipse.jetty.util.thread.QueuedThreadPool.runJob(QueuedThreadPool.java:671)&#10;        at org.eclipse.jetty.util.thread.QueuedThreadPool$2.run(QueuedThreadPool.java:589)&#10;        at java.lang.Thread.run(Thread.java:748)&#10;&quot;pool-46-thread-22&quot;  prio=5 tid=412 in Object.wait()&#10;java.lang.Thread.State: WAITING (on object monitor)&#10;        at sun.misc.Unsafe.park(Native Method)&#10;        at java.util.concurrent.locks.LockSupport.park(LockSupport.java:175)&#10;        at java.util.concurrent.locks.AbstractQueuedSynchronizer$ConditionObject.await(AbstractQueuedSynchronizer.java:2039)&#10;        at java.util.concurrent.ArrayBlockingQueue.take(ArrayBlockingQueue.java:403)&#10;        at java.util.concurrent.ThreadPoolExecutor.getTask(ThreadPoolExecutor.java:1074)&#10;        at java.util.concurrent.ThreadPoolExecutor.runWorker(ThreadPoolExecutor.java:1134)&#10;        at java.util.concurrent.ThreadPoolExecutor$Worker.run(ThreadPoolExecutor.java:624)&#10;        at java.lang.Thread.run(Thread.java:748)&#10;&quot;qtp142993407-386&quot; daemon prio=5 tid=386 timed_waiting&#10;java.lang.Thread.State: TIMED_WAITING&#10;        at sun.misc.Unsafe.park(Native Method)&#10;        at java.util.concurrent.locks.LockSupport.parkNanos(LockSupport.java:215)&#10;        at java.util.concurrent.locks.AbstractQueuedSynchronizer$ConditionObject.awaitNanos(AbstractQueuedSynchronizer.java:2078)&#10;        at org.eclipse.jetty.util.BlockingArrayQueue.poll(BlockingArrayQueue.java:392)&#10;        at org.eclipse.jetty.util.thread.QueuedThreadPool.idleJobPoll(QueuedThreadPool.java:563)&#10;        at org.eclipse.jetty.util.thread.QueuedThreadPool.access$800(QueuedThreadPool.java:48)&#10;        at org.eclipse.jetty.util.thread.QueuedThreadPool$2.run(QueuedThreadPool.java:626)&#10;        at java.lang.Thread.run(Thread.java:748)&#10;&quot;qtp142993407-376&quot; daemon prio=5 tid=376 timed_waiting&#10;java.lang.Thread.State: TIMED_WAITING&#10;        at sun.misc.Unsafe.park(Native Method)&#10;        at java.util.concurrent.locks.LockSupport.parkNanos(LockSupport.java:215)&#10;        at java.util.concurrent.locks.AbstractQueuedSynchronizer$ConditionObject.awaitNanos(AbstractQueuedSynchronizer.java:2078)&#10;        at org.eclipse.jetty.util.BlockingArrayQueue.poll(BlockingArrayQueue.java:392)&#10;        at org.eclipse.jetty.util.thread.QueuedThreadPool.idleJobPoll(QueuedThreadPool.java:563)&#10;        at org.eclipse.jetty.util.thread.QueuedThreadPool.access$800(QueuedThreadPool.java:48)&#10;        at org.eclipse.jetty.util.thread.QueuedThreadPool$2.run(QueuedThreadPool.java:626)&#10;        at java.lang.Thread.run(Thread.java:748)&#10;&quot;pool-46-thread-41&quot;  prio=5 tid=503 in Object.wait()&#10;java.lang.Thread.State: WAITING (on object monitor)&#10;        at sun.misc.Unsafe.park(Native Method)&#10;        at java.util.concurrent.locks.LockSupport.park(LockSupport.java:175)&#10;        at java.util.concurrent.locks.AbstractQueuedSynchronizer$ConditionObject.await(AbstractQueuedSynchronizer.java:2039)&#10;        at java.util.concurrent.ArrayBlockingQueue.take(ArrayBlockingQueue.java:403)&#10;        at java.util.concurrent.ThreadPoolExecutor.getTask(ThreadPoolExecutor.java:1074)&#10;        at java.util.concurrent.ThreadPoolExecutor.runWorker(ThreadPoolExecutor.java:1134)&#10;        at java.util.concurrent.ThreadPoolExecutor$Worker.run(ThreadPoolExecutor.java:624)&#10;        at java.lang.Thread.run(Thread.java:748)&#10;&quot;pool-26-thread-12&quot;  prio=5 tid=372 in Object.wait()&#10;java.lang.Thread.State: WAITING (on object monitor)&#10;        at sun.misc.Unsafe.park(Native Method)&#10;        at java.util.concurrent.locks.LockSupport.park(LockSupport.java:175)&#10;        at java.util.concurrent.locks.AbstractQueuedSynchronizer$ConditionObject.await(AbstractQueuedSynchronizer.java:2039)&#10;        at java.util.concurrent.ArrayBlockingQueue.take(ArrayBlockingQueue.java:403)&#10;        at java.util.concurrent.ThreadPoolExecutor.getTask(ThreadPoolExecutor.java:1074)&#10;        at java.util.concurrent.ThreadPoolExecutor.runWorker(ThreadPoolExecutor.java:1134)&#10;        at java.util.concurrent.ThreadPoolExecutor$Worker.run(ThreadPoolExecutor.java:624)&#10;        at java.lang.Thread.run(Thread.java:748)&#10;&quot;pool-56-thread-5&quot;  prio=5 tid=355 in Object.wait()&#10;java.lang.Thread.State: WAITING (on object monitor)&#10;        at sun.misc.Unsafe.park(Native Method)&#10;        at java.util.concurrent.locks.LockSupport.park(LockSupport.java:175)&#10;        at java.util.concurrent.locks.AbstractQueuedSynchronizer$ConditionObject.await(AbstractQueuedSynchronizer.java:2039)&#10;        at java.util.concurrent.ArrayBlockingQueue.take(ArrayBlockingQueue.java:403)&#10;        at java.util.concurrent.ThreadPoolExecutor.getTask(ThreadPoolExecutor.java:1074)&#10;        at java.util.concurrent.ThreadPoolExecutor.runWorker(ThreadPoolExecutor.java:1134)&#10;        at java.util.concurrent.ThreadPoolExecutor$Worker.run(ThreadPoolExecutor.java:624)&#10;        at java.lang.Thread.run(Thread.java:748)&#10;&quot;pool-117-thread-21&quot;  prio=5 tid=1080 in Object.wait()&#10;java.lang.Thread.State: WAITING (on object monitor)&#10;        at sun.misc.Unsafe.park(Native Method)&#10;        at java.util.concurrent.locks.LockSupport.park(LockSupport.java:175)&#10;        at java.util.concurrent.locks.AbstractQueuedSynchronizer$ConditionObject.await(AbstractQueuedSynchronizer.java:2039)&#10;        at java.util.concurrent.ArrayBlockingQueue.take(ArrayBlockingQueue.java:403)&#10;        at java.util.concurrent.ThreadPoolExecutor.getTask(ThreadPoolExecutor.java:1074)&#10;        at java.util.concurrent.ThreadPoolExecutor.runWorker(ThreadPoolExecutor.java:1134)&#10;        at java.util.concurrent.ThreadPoolExecutor$Worker.run(ThreadPoolExecutor.java:624)&#10;        at java.lang.Thread.run(Thread.java:748)&#10;&quot;Command processor thread&quot; daemon prio=5 tid=520 timed_waiting&#10;java.lang.Thread.State: TIMED_WAITING&#10;        at java.lang.Thread.sleep(Native Method)&#10;        at org.apache.hadoop.ozone.container.common.statemachine.DatanodeStateMachine.lambda$initCommandHandlerThread$1(DatanodeStateMachine.java:439)&#10;        at org.apache.hadoop.ozone.container.common.statemachine.DatanodeStateMachine$$Lambda$141/1487479796.run(Unknown Source)&#10;        at java.lang.Thread.run(Thread.java:748)&#10;&quot;pool-46-thread-16&quot;  prio=5 tid=377 in Object.wait()&#10;java.lang.Thread.State: WAITING (on object monitor)&#10;        at sun.misc.Unsafe.park(Native Method)&#10;        at java.util.concurrent.locks.LockSupport.park(LockSupport.java:175)&#10;        at java.util.concurrent.locks.AbstractQueuedSynchronizer$ConditionObject.await(AbstractQueuedSynchronizer.java:2039)&#10;        at java.util.concurrent.ArrayBlockingQueue.take(ArrayBlockingQueue.java:403)&#10;        at java.util.concurrent.ThreadPoolExecutor.getTask(ThreadPoolExecutor.java:1074)&#10;        at java.util.concurrent.ThreadPoolExecutor.runWorker(ThreadPoolExecutor.java:1134)&#10;        at java.util.concurrent.ThreadPoolExecutor$Worker.run(ThreadPoolExecutor.java:624)&#10;        at java.lang.Thread.run(Thread.java:748)&#10;&quot;pool-76-thread-42&quot;  prio=5 tid=788 in Object.wait()&#10;java.lang.Thread.State: WAITING (on object monitor)&#10;        at sun.misc.Unsafe.park(Native Method)&#10;        at java.util.concurrent.locks.LockSupport.park(LockSupport.java:175)&#10;        at java.util.concurrent.locks.AbstractQueuedSynchronizer$ConditionObject.await(AbstractQueuedSynchronizer.java:2039)&#10;        at java.util.concurrent.ArrayBlockingQueue.take(ArrayBlockingQueue.java:403)&#10;        at java.util.concurrent.ThreadPoolExecutor.getTask(ThreadPoolExecutor.java:1074)&#10;        at java.util.concurrent.ThreadPoolExecutor.runWorker(ThreadPoolExecutor.java:1134)&#10;        at java.util.concurrent.ThreadPoolExecutor$Worker.run(ThreadPoolExecutor.java:624)&#10;        at java.lang.Thread.run(Thread.java:748)&#10;&quot;4ff74892-3196-4f54-95eb-cd6f2bc728e2@group-24F9B359B75D-StateMachineUpdater&quot; daemon prio=5 tid=1041 in Object.wait()&#10;java.lang.Thread.State: WAITING (on object monitor)&#10;        at java.lang.Object.wait(Native Method)&#10;        at java.lang.Object.wait(Object.java:502)&#10;        at org.apache.ratis.server.impl.StateMachineUpdater.waitForCommit(StateMachineUpdater.java:194)&#10;        at org.apache.ratis.server.impl.StateMachineUpdater.run(StateMachineUpdater.java:159)&#10;        at java.lang.Thread.run(Thread.java:748)&#10;&quot;pool-117-thread-14&quot;  prio=5 tid=1073 in Object.wait()&#10;java.lang.Thread.State: WAITING (on object monitor)&#10;        at sun.misc.Unsafe.park(Native Method)&#10;        at java.util.concurrent.locks.LockSupport.park(LockSupport.java:175)&#10;        at java.util.concurrent.locks.AbstractQueuedSynchronizer$ConditionObject.await(AbstractQueuedSynchronizer.java:2039)&#10;        at java.util.concurrent.ArrayBlockingQueue.take(ArrayBlockingQueue.java:403)&#10;        at java.util.concurrent.ThreadPoolExecutor.getTask(ThreadPoolExecutor.java:1074)&#10;        at java.util.concurrent.ThreadPoolExecutor.runWorker(ThreadPoolExecutor.java:1134)&#10;        at java.util.concurrent.ThreadPoolExecutor$Worker.run(ThreadPoolExecutor.java:624)&#10;        at java.lang.Thread.run(Thread.java:748)&#10;&quot;pool-96-thread-42&quot;  prio=5 tid=924 in Object.wait()&#10;java.lang.Thread.State: WAITING (on object monitor)&#10;        at sun.misc.Unsafe.park(Native Method)&#10;        at java.util.concurrent.locks.LockSupport.park(LockSupport.java:175)&#10;        at java.util.concurrent.locks.AbstractQueuedSynchronizer$ConditionObject.await(AbstractQueuedSynchronizer.java:2039)&#10;        at java.util.concurrent.ArrayBlockingQueue.take(ArrayBlockingQueue.java:403)&#10;        at java.util.concurrent.ThreadPoolExecutor.getTask(ThreadPoolExecutor.java:1074)&#10;        at java.util.concurrent.ThreadPoolExecutor.runWorker(ThreadPoolExecutor.java:1134)&#10;        at java.util.concurrent.ThreadPoolExecutor$Worker.run(ThreadPoolExecutor.java:624)&#10;        at java.lang.Thread.run(Thread.java:748)&#10;&quot;pool-66-thread-46&quot;  prio=5 tid=691 in Object.wait()&#10;java.lang.Thread.State: WAITING (on object monitor)&#10;        at sun.misc.Unsafe.park(Native Method)&#10;        at java.util.concurrent.locks.LockSupport.park(LockSupport.java:175)&#10;        at java.util.concurrent.locks.AbstractQueuedSynchronizer$ConditionObject.await(AbstractQueuedSynchronizer.java:2039)&#10;        at java.util.concurrent.ArrayBlockingQueue.take(ArrayBlockingQueue.java:403)&#10;        at java.util.concurrent.ThreadPoolExecutor.getTask(ThreadPoolExecutor.java:1074)&#10;        at java.util.concurrent.ThreadPoolExecutor.runWorker(ThreadPoolExecutor.java:1134)&#10;        at java.util.concurrent.ThreadPoolExecutor$Worker.run(ThreadPoolExecutor.java:624)&#10;        at java.lang.Thread.run(Thread.java:748)&#10;&quot;pool-86-thread-1&quot;  prio=5 tid=819 in Object.wait()&#10;java.lang.Thread.State: WAITING (on object monitor)&#10;        at sun.misc.Unsafe.park(Native Method)&#10;        at java.util.concurrent.locks.LockSupport.park(LockSupport.java:175)&#10;        at java.util.concurrent.locks.AbstractQueuedSynchronizer$ConditionObject.await(AbstractQueuedSynchronizer.java:2039)&#10;        at java.util.concurrent.ArrayBlockingQueue.take(ArrayBlockingQueue.java:403)&#10;        at java.util.concurrent.ThreadPoolExecutor.getTask(ThreadPoolExecutor.java:1074)&#10;        at java.util.concurrent.ThreadPoolExecutor.runWorker(ThreadPoolExecutor.java:1134)&#10;        at java.util.concurrent.ThreadPoolExecutor$Worker.run(ThreadPoolExecutor.java:624)&#10;        at java.lang.Thread.run(Thread.java:748)&#10;&quot;IPC Client (981159997) connection to /0.0.0.0:37838 from jenkins1000&quot; daemon prio=5 tid=304 timed_waiting&#10;java.lang.Thread.State: TIMED_WAITING&#10;        at java.lang.Object.wait(Native Method)&#10;        at org.apache.hadoop.ipc.Client$Connection.waitForWork(Client.java:1024)&#10;        at org.apache.hadoop.ipc.Client$Connection.run(Client.java:1068)&#10;&quot;Thread-399&quot; daemon prio=5 tid=1273 timed_waiting&#10;java.lang.Thread.State: TIMED_WAITING&#10;        at sun.misc.Unsafe.park(Native Method)&#10;        at java.util.concurrent.locks.LockSupport.parkNanos(LockSupport.java:215)&#10;        at java.util.concurrent.locks.AbstractQueuedSynchronizer$ConditionObject.awaitNanos(AbstractQueuedSynchronizer.java:2078)&#10;        at java.util.concurrent.ArrayBlockingQueue.poll(ArrayBlockingQueue.java:418)&#10;        at org.apache.ratis.server.impl.LeaderState$EventQueue.poll(LeaderState.java:116)&#10;        at org.apache.ratis.server.impl.LeaderState$EventProcessor.run(LeaderState.java:468)&#10;&quot;metrics-hadoop-metrics2-reporter-42-thread-1&quot; daemon prio=5 tid=1177 timed_waiting&#10;java.lang.Thread.State: TIMED_WAITING&#10;        at sun.misc.Unsafe.park(Native Method)&#10;        at java.util.concurrent.locks.LockSupport.parkNanos(LockSupport.java:215)&#10;        at java.util.concurrent.locks.AbstractQueuedSynchronizer$ConditionObject.awaitNanos(AbstractQueuedSynchronizer.java:2078)&#10;        at java.util.concurrent.ScheduledThreadPoolExecutor$DelayedWorkQueue.take(ScheduledThreadPoolExecutor.java:1093)&#10;        at java.util.concurrent.ScheduledThreadPoolExecutor$DelayedWorkQueue.take(ScheduledThreadPoolExecutor.java:809)&#10;        at java.util.concurrent.ThreadPoolExecutor.getTask(ThreadPoolExecutor.java:1074)&#10;        at java.util.concurrent.ThreadPoolExecutor.runWorker(ThreadPoolExecutor.java:1134)&#10;        at java.util.concurrent.ThreadPoolExecutor$Worker.run(ThreadPoolExecutor.java:624)&#10;        at java.lang.Thread.run(Thread.java:748)&#10;&quot;pool-36-thread-20&quot;  prio=5 tid=415 in Object.wait()&#10;java.lang.Thread.State: WAITING (on object monitor)&#10;        at sun.misc.Unsafe.park(Native Method)&#10;        at java.util.concurrent.locks.LockSupport.park(LockSupport.java:175)&#10;        at java.util.concurrent.locks.AbstractQueuedSynchronizer$ConditionObject.await(AbstractQueuedSynchronizer.java:2039)&#10;        at java.util.concurrent.ArrayBlockingQueue.take(ArrayBlockingQueue.java:403)&#10;        at java.util.concurrent.ThreadPoolExecutor.getTask(ThreadPoolExecutor.java:1074)&#10;        at java.util.concurrent.ThreadPoolExecutor.runWorker(ThreadPoolExecutor.java:1134)&#10;        at java.util.concurrent.ThreadPoolExecutor$Worker.run(ThreadPoolExecutor.java:624)&#10;        at java.lang.Thread.run(Thread.java:748)&#10;&quot;IPC Server handler 5 on 37838&quot; daemon prio=5 tid=74 timed_waiting&#10;java.lang.Thread.State: TIMED_WAITING&#10;        at sun.misc.Unsafe.park(Native Method)&#10;        at java.util.concurrent.locks.LockSupport.parkNanos(LockSupport.java:215)&#10;        at java.util.concurrent.locks.AbstractQueuedSynchronizer$ConditionObject.awaitNanos(AbstractQueuedSynchronizer.java:2078)&#10;        at java.util.concurrent.LinkedBlockingQueue.poll(LinkedBlockingQueue.java:467)&#10;        at org.apache.hadoop.ipc.CallQueueManager.take(CallQueueManager.java:288)&#10;        at org.apache.hadoop.ipc.Server$Handler.run(Server.java:2668)&#10;&quot;pool-46-thread-47&quot;  prio=5 tid=548 in Object.wait()&#10;java.lang.Thread.State: WAITING (on object monitor)&#10;        at sun.misc.Unsafe.park(Native Method)&#10;        at java.util.concurrent.locks.LockSupport.park(LockSupport.java:175)&#10;        at java.util.concurrent.locks.AbstractQueuedSynchronizer$ConditionObject.await(AbstractQueuedSynchronizer.java:2039)&#10;        at java.util.concurrent.ArrayBlockingQueue.take(ArrayBlockingQueue.java:403)&#10;        at java.util.concurrent.ThreadPoolExecutor.getTask(ThreadPoolExecutor.java:1074)&#10;        at java.util.concurrent.ThreadPoolExecutor.runWorker(ThreadPoolExecutor.java:1134)&#10;        at java.util.concurrent.ThreadPoolExecutor$Worker.run(ThreadPoolExecutor.java:624)&#10;        at java.lang.Thread.run(Thread.java:748)&#10;&quot;pool-26-thread-28&quot;  prio=5 tid=432 in Object.wait()&#10;java.lang.Thread.State: WAITING (on object monitor)&#10;        at sun.misc.Unsafe.park(Native Method)&#10;        at java.util.concurrent.locks.LockSupport.park(LockSupport.java:175)&#10;        at java.util.concurrent.locks.AbstractQueuedSynchronizer$ConditionObject.await(AbstractQueuedSynchronizer.java:2039)&#10;        at java.util.concurrent.ArrayBlockingQueue.take(ArrayBlockingQueue.java:403)&#10;        at java.util.concurrent.ThreadPoolExecutor.getTask(ThreadPoolExecutor.java:1074)&#10;        at java.util.concurrent.ThreadPoolExecutor.runWorker(ThreadPoolExecutor.java:1134)&#10;        at java.util.concurrent.ThreadPoolExecutor$Worker.run(ThreadPoolExecutor.java:624)&#10;        at java.lang.Thread.run(Thread.java:748)&#10;&quot;metrics-hadoop-metrics2-reporter-14-thread-1&quot; daemon prio=5 tid=972 timed_waiting&#10;java.lang.Thread.State: TIMED_WAITING&#10;        at sun.misc.Unsafe.park(Native Method)&#10;        at java.util.concurrent.locks.LockSupport.parkNanos(LockSupport.java:215)&#10;        at java.util.concurrent.locks.AbstractQueuedSynchronizer$ConditionObject.awaitNanos(AbstractQueuedSynchronizer.java:2078)&#10;        at java.util.concurrent.ScheduledThreadPoolExecutor$DelayedWorkQueue.take(ScheduledThreadPoolExecutor.java:1093)&#10;        at java.util.concurrent.ScheduledThreadPoolExecutor$DelayedWorkQueue.take(ScheduledThreadPoolExecutor.java:809)&#10;        at java.util.concurrent.ThreadPoolExecutor.getTask(ThreadPoolExecutor.java:1074)&#10;        at java.util.concurrent.ThreadPoolExecutor.runWorker(ThreadPoolExecutor.java:1134)&#10;        at java.util.concurrent.ThreadPoolExecutor$Worker.run(ThreadPoolExecutor.java:624)&#10;        at java.lang.Thread.run(Thread.java:748)&#10;&quot;IPC Server handler 2 on 39235&quot; daemon prio=5 tid=31 timed_waiting&#10;java.lang.Thread.State: TIMED_WAITING&#10;        at sun.misc.Unsafe.park(Native Method)&#10;        at java.util.concurrent.locks.LockSupport.parkNanos(LockSupport.java:215)&#10;        at java.util.concurrent.locks.AbstractQueuedSynchronizer$ConditionObject.awaitNanos(AbstractQueuedSynchronizer.java:2078)&#10;        at java.util.concurrent.LinkedBlockingQueue.poll(LinkedBlockingQueue.java:467)&#10;        at org.apache.hadoop.ipc.CallQueueManager.take(CallQueueManager.java:288)&#10;        at org.apache.hadoop.ipc.Server$Handler.run(Server.java:2668)&#10;&quot;pool-117-thread-33&quot;  prio=5 tid=1092 in Object.wait()&#10;java.lang.Thread.State: WAITING (on object monitor)&#10;        at sun.misc.Unsafe.park(Native Method)&#10;        at java.util.concurrent.locks.LockSupport.park(LockSupport.java:175)&#10;        at java.util.concurrent.locks.AbstractQueuedSynchronizer$ConditionObject.await(AbstractQueuedSynchronizer.java:2039)&#10;        at java.util.concurrent.ArrayBlockingQueue.take(ArrayBlockingQueue.java:403)&#10;        at java.util.concurrent.ThreadPoolExecutor.getTask(ThreadPoolExecutor.java:1074)&#10;        at java.util.concurrent.ThreadPoolExecutor.runWorker(ThreadPoolExecutor.java:1134)&#10;        at java.util.concurrent.ThreadPoolExecutor$Worker.run(ThreadPoolExecutor.java:624)&#10;        at java.lang.Thread.run(Thread.java:748)&#10;&quot;pool-96-thread-19&quot;  prio=5 tid=901 in Object.wait()&#10;java.lang.Thread.State: WAITING (on object monitor)&#10;        at sun.misc.Unsafe.park(Native Method)&#10;        at java.util.concurrent.locks.LockSupport.park(LockSupport.java:175)&#10;        at java.util.concurrent.locks.AbstractQueuedSynchronizer$ConditionObject.await(AbstractQueuedSynchronizer.java:2039)&#10;        at java.util.concurrent.ArrayBlockingQueue.take(ArrayBlockingQueue.java:403)&#10;        at java.util.concurrent.ThreadPoolExecutor.getTask(ThreadPoolExecutor.java:1074)&#10;        at java.util.concurrent.ThreadPoolExecutor.runWorker(ThreadPoolExecutor.java:1134)&#10;        at java.util.concurrent.ThreadPoolExecutor$Worker.run(ThreadPoolExecutor.java:624)&#10;        at java.lang.Thread.run(Thread.java:748)&#10;&quot;IPC Server handler 4 on 39235&quot; daemon prio=5 tid=33 timed_waiting&#10;java.lang.Thread.State: TIMED_WAITING&#10;        at sun.misc.Unsafe.park(Native Method)&#10;        at java.util.concurrent.locks.LockSupport.parkNanos(LockSupport.java:215)&#10;        at java.util.concurrent.locks.AbstractQueuedSynchronizer$ConditionObject.awaitNanos(AbstractQueuedSynchronizer.java:2078)&#10;        at java.util.concurrent.LinkedBlockingQueue.poll(LinkedBlockingQueue.java:467)&#10;        at org.apache.hadoop.ipc.CallQueueManager.take(CallQueueManager.java:288)&#10;        at org.apache.hadoop.ipc.Server$Handler.run(Server.java:2668)&#10;&quot;qtp1680841335-240&quot; daemon prio=5 tid=240 runnable&#10;java.lang.Thread.State: RUNNABLE&#10;        at sun.nio.ch.EPollArrayWrapper.epollWait(Native Method)&#10;        at sun.nio.ch.EPollArrayWrapper.poll(EPollArrayWrapper.java:269)&#10;        at sun.nio.ch.EPollSelectorImpl.doSelect(EPollSelectorImpl.java:93)&#10;        at sun.nio.ch.SelectorImpl.lockAndDoSelect(SelectorImpl.java:86)&#10;        at sun.nio.ch.SelectorImpl.select(SelectorImpl.java:97)&#10;        at sun.nio.ch.SelectorImpl.select(SelectorImpl.java:101)&#10;        at org.eclipse.jetty.io.ManagedSelector$SelectorProducer.select(ManagedSelector.java:243)&#10;        at org.eclipse.jetty.io.ManagedSelector$SelectorProducer.produce(ManagedSelector.java:191)&#10;        at org.eclipse.jetty.util.thread.strategy.ExecuteProduceConsume.executeProduceConsume(ExecuteProduceConsume.java:249)&#10;        at org.eclipse.jetty.util.thread.strategy.ExecuteProduceConsume.produceConsume(ExecuteProduceConsume.java:148)&#10;        at org.eclipse.jetty.util.thread.strategy.ExecuteProduceConsume.execute(ExecuteProduceConsume.java:100)&#10;        at org.eclipse.jetty.io.ManagedSelector.run(ManagedSelector.java:147)&#10;        at org.eclipse.jetty.util.thread.QueuedThreadPool.runJob(QueuedThreadPool.java:671)&#10;        at org.eclipse.jetty.util.thread.QueuedThreadPool$2.run(QueuedThreadPool.java:589)&#10;        at java.lang.Thread.run(Thread.java:748)&#10;&quot;pool-106-thread-47&quot;  prio=5 tid=1026 in Object.wait()&#10;java.lang.Thread.State: WAITING (on object monitor)&#10;        at sun.misc.Unsafe.park(Native Method)&#10;        at java.util.concurrent.locks.LockSupport.park(LockSupport.java:175)&#10;        at java.util.concurrent.locks.AbstractQueuedSynchronizer$ConditionObject.await(AbstractQueuedSynchronizer.java:2039)&#10;        at java.util.concurrent.ArrayBlockingQueue.take(ArrayBlockingQueue.java:403)&#10;        at java.util.concurrent.ThreadPoolExecutor.getTask(ThreadPoolExecutor.java:1074)&#10;        at java.util.concurrent.ThreadPoolExecutor.runWorker(ThreadPoolExecutor.java:1134)&#10;        at java.util.concurrent.ThreadPoolExecutor$Worker.run(ThreadPoolExecutor.java:624)&#10;        at java.lang.Thread.run(Thread.java:748)&#10;&quot;KeyDeletingService#1&quot; daemon prio=5 tid=115 in Object.wait()&#10;java.lang.Thread.State: WAITING (on object monitor)&#10;        at sun.misc.Unsafe.park(Native Method)&#10;        at java.util.concurrent.locks.LockSupport.park(LockSupport.java:175)&#10;        at java.util.concurrent.locks.AbstractQueuedSynchronizer$ConditionObject.await(AbstractQueuedSynchronizer.java:2039)&#10;        at java.util.concurrent.ScheduledThreadPoolExecutor$DelayedWorkQueue.take(ScheduledThreadPoolExecutor.java:1088)&#10;        at java.util.concurrent.ScheduledThreadPoolExecutor$DelayedWorkQueue.take(ScheduledThreadPoolExecutor.java:809)&#10;        at java.util.concurrent.ThreadPoolExecutor.getTask(ThreadPoolExecutor.java:1074)&#10;        at java.util.concurrent.ThreadPoolExecutor.runWorker(ThreadPoolExecutor.java:1134)&#10;        at java.util.concurrent.ThreadPoolExecutor$Worker.run(ThreadPoolExecutor.java:624)&#10;        at java.lang.Thread.run(Thread.java:748)&#10;&quot;EventQueue-DatanodeCommandForSCMNodeManager&quot;  prio=5 tid=1321 in Object.wait()&#10;java.lang.Thread.State: WAITING (on object monitor)&#10;        at sun.misc.Unsafe.park(Native Method)&#10;        at java.util.concurrent.locks.LockSupport.park(LockSupport.java:175)&#10;        at java.util.concurrent.locks.AbstractQueuedSynchronizer$ConditionObject.await(AbstractQueuedSynchronizer.java:2039)&#10;        at java.util.concurrent.LinkedBlockingQueue.take(LinkedBlockingQueue.java:442)&#10;        at java.util.concurrent.ThreadPoolExecutor.getTask(ThreadPoolExecutor.java:1074)&#10;        at java.util.concurrent.ThreadPoolExecutor.runWorker(ThreadPoolExecutor.java:1134)&#10;        at java.util.concurrent.ThreadPoolExecutor$Worker.run(ThreadPoolExecutor.java:624)&#10;        at java.lang.Thread.run(Thread.java:748)&#10;&quot;pool-76-thread-51&quot;  prio=5 tid=797 in Object.wait()&#10;java.lang.Thread.State: WAITING (on object monitor)&#10;        at sun.misc.Unsafe.park(Native Method)&#10;        at java.util.concurrent.locks.LockSupport.park(LockSupport.java:175)&#10;        at java.util.concurrent.locks.AbstractQueuedSynchronizer$ConditionObject.await(AbstractQueuedSynchronizer.java:2039)&#10;        at java.util.concurrent.ArrayBlockingQueue.take(ArrayBlockingQueue.java:403)&#10;        at java.util.concurrent.ThreadPoolExecutor.getTask(ThreadPoolExecutor.java:1074)&#10;        at java.util.concurrent.ThreadPoolExecutor.runWorker(ThreadPoolExecutor.java:1134)&#10;        at java.util.concurrent.ThreadPoolExecutor$Worker.run(ThreadPoolExecutor.java:624)&#10;        at java.lang.Thread.run(Thread.java:748)&#10;&quot;a4ef6c21-3a88-4e13-8c9a-5d7afe7d887e@group-FCAD4F7AE735-StateMachineUpdater&quot; daemon prio=5 tid=1360 in Object.wait()&#10;java.lang.Thread.State: WAITING (on object monitor)&#10;        at java.lang.Object.wait(Native Method)&#10;        at java.lang.Object.wait(Object.java:502)&#10;        at org.apache.ratis.server.impl.StateMachineUpdater.waitForCommit(StateMachineUpdater.java:194)&#10;        at org.apache.ratis.server.impl.StateMachineUpdater.run(StateMachineUpdater.java:159)&#10;        at java.lang.Thread.run(Thread.java:748)&#10;&quot;DataNode DiskChecker thread 0&quot; daemon prio=5 tid=182 timed_waiting&#10;java.lang.Thread.State: TIMED_WAITING&#10;        at sun.misc.Unsafe.park(Native Method)&#10;        at java.util.concurrent.locks.LockSupport.parkNanos(LockSupport.java:215)&#10;        at java.util.concurrent.SynchronousQueue$TransferStack.awaitFulfill(SynchronousQueue.java:460)&#10;        at java.util.concurrent.SynchronousQueue$TransferStack.transfer(SynchronousQueue.java:362)&#10;        at java.util.concurrent.SynchronousQueue.poll(SynchronousQueue.java:941)&#10;        at java.util.concurrent.ThreadPoolExecutor.getTask(ThreadPoolExecutor.java:1073)&#10;        at java.util.concurrent.ThreadPoolExecutor.runWorker(ThreadPoolExecutor.java:1134)&#10;        at java.util.concurrent.ThreadPoolExecutor$Worker.run(ThreadPoolExecutor.java:624)&#10;        at java.lang.Thread.run(Thread.java:748)&#10;&quot;java.util.concurrent.ThreadPoolExecutor$Worker@75babb67[State = -1, empty queue]&quot; daemon prio=5 tid=1343 runnable&#10;java.lang.Thread.State: RUNNABLE&#10;        at java.util.concurrent.ScheduledThreadPoolExecutor$DelayedWorkQueue.poll(ScheduledThreadPoolExecutor.java:809)&#10;        at java.util.concurrent.ThreadPoolExecutor.getTask(ThreadPoolExecutor.java:1073)&#10;        at java.util.concurrent.ThreadPoolExecutor.runWorker(ThreadPoolExecutor.java:1134)&#10;        at java.util.concurrent.ThreadPoolExecutor$Worker.run(ThreadPoolExecutor.java:624)&#10;        at java.lang.Thread.run(Thread.java:748)&#10;&quot;pool-36-thread-27&quot;  prio=5 tid=458 in Object.wait()&#10;java.lang.Thread.State: WAITING (on object monitor)&#10;        at sun.misc.Unsafe.park(Native Method)&#10;        at java.util.concurrent.locks.LockSupport.park(LockSupport.java:175)&#10;        at java.util.concurrent.locks.AbstractQueuedSynchronizer$ConditionObject.await(AbstractQueuedSynchronizer.java:2039)&#10;        at java.util.concurrent.ArrayBlockingQueue.take(ArrayBlockingQueue.java:403)&#10;        at java.util.concurrent.ThreadPoolExecutor.getTask(ThreadPoolExecutor.java:1074)&#10;        at java.util.concurrent.ThreadPoolExecutor.runWorker(ThreadPoolExecutor.java:1134)&#10;        at java.util.concurrent.ThreadPoolExecutor$Worker.run(ThreadPoolExecutor.java:624)&#10;        at java.lang.Thread.run(Thread.java:748)&#10;&quot;pool-36-thread-12&quot;  prio=5 tid=374 in Object.wait()&#10;java.lang.Thread.State: WAITING (on object monitor)&#10;        at sun.misc.Unsafe.park(Native Method)&#10;        at java.util.concurrent.locks.LockSupport.park(LockSupport.java:175)&#10;        at java.util.concurrent.locks.AbstractQueuedSynchronizer$ConditionObject.await(AbstractQueuedSynchronizer.java:2039)&#10;        at java.util.concurrent.ArrayBlockingQueue.take(ArrayBlockingQueue.java:403)&#10;        at java.util.concurrent.ThreadPoolExecutor.getTask(ThreadPoolExecutor.java:1074)&#10;        at java.util.concurrent.ThreadPoolExecutor.runWorker(ThreadPoolExecutor.java:1134)&#10;        at java.util.concurrent.ThreadPoolExecutor$Worker.run(ThreadPoolExecutor.java:624)&#10;        at java.lang.Thread.run(Thread.java:748)&#10;&quot;pool-36-thread-3&quot;  prio=5 tid=338 in Object.wait()&#10;java.lang.Thread.State: WAITING (on object monitor)&#10;        at sun.misc.Unsafe.park(Native Method)&#10;        at java.util.concurrent.locks.LockSupport.park(LockSupport.java:175)&#10;        at java.util.concurrent.locks.AbstractQueuedSynchronizer$ConditionObject.await(AbstractQueuedSynchronizer.java:2039)&#10;        at java.util.concurrent.ArrayBlockingQueue.take(ArrayBlockingQueue.java:403)&#10;        at java.util.concurrent.ThreadPoolExecutor.getTask(ThreadPoolExecutor.java:1074)&#10;        at java.util.concurrent.ThreadPoolExecutor.runWorker(ThreadPoolExecutor.java:1134)&#10;        at java.util.concurrent.ThreadPoolExecutor$Worker.run(ThreadPoolExecutor.java:624)&#10;        at java.lang.Thread.run(Thread.java:748)&#10;&quot;BlockDeletingService#0&quot; daemon prio=5 tid=631 timed_waiting&#10;java.lang.Thread.State: TIMED_WAITING&#10;        at sun.misc.Unsafe.park(Native Method)&#10;        at java.util.concurrent.locks.LockSupport.parkNanos(LockSupport.java:215)&#10;        at java.util.concurrent.locks.AbstractQueuedSynchronizer$ConditionObject.awaitNanos(AbstractQueuedSynchronizer.java:2078)&#10;        at java.util.concurrent.ScheduledThreadPoolExecutor$DelayedWorkQueue.take(ScheduledThreadPoolExecutor.java:1093)&#10;        at java.util.concurrent.ScheduledThreadPoolExecutor$DelayedWorkQueue.take(ScheduledThreadPoolExecutor.java:809)&#10;        at java.util.concurrent.ThreadPoolExecutor.getTask(ThreadPoolExecutor.java:1074)&#10;        at java.util.concurrent.ThreadPoolExecutor.runWorker(ThreadPoolExecutor.java:1134)&#10;        at java.util.concurrent.ThreadPoolExecutor$Worker.run(ThreadPoolExecutor.java:624)&#10;        at java.lang.Thread.run(Thread.java:748)&#10;&quot;pool-76-thread-56&quot;  prio=5 tid=802 in Object.wait()&#10;java.lang.Thread.State: WAITING (on object monitor)&#10;        at sun.misc.Unsafe.park(Native Method)&#10;        at java.util.concurrent.locks.LockSupport.park(LockSupport.java:175)&#10;        at java.util.concurrent.locks.AbstractQueuedSynchronizer$ConditionObject.await(AbstractQueuedSynchronizer.java:2039)&#10;        at java.util.concurrent.ArrayBlockingQueue.take(ArrayBlockingQueue.java:403)&#10;        at java.util.concurrent.ThreadPoolExecutor.getTask(ThreadPoolExecutor.java:1074)&#10;        at java.util.concurrent.ThreadPoolExecutor.runWorker(ThreadPoolExecutor.java:1134)&#10;        at java.util.concurrent.ThreadPoolExecutor$Worker.run(ThreadPoolExecutor.java:624)&#10;        at java.lang.Thread.run(Thread.java:748)&#10;&quot;qtp303805531-215&quot; daemon prio=5 tid=215 timed_waiting&#10;java.lang.Thread.State: TIMED_WAITING&#10;        at sun.misc.Unsafe.park(Native Method)&#10;        at java.util.concurrent.locks.LockSupport.parkNanos(LockSupport.java:215)&#10;        at java.util.concurrent.locks.AbstractQueuedSynchronizer$ConditionObject.awaitNanos(AbstractQueuedSynchronizer.java:2078)&#10;        at org.eclipse.jetty.util.BlockingArrayQueue.poll(BlockingArrayQueue.java:392)&#10;        at org.eclipse.jetty.util.thread.QueuedThreadPool.idleJobPoll(QueuedThreadPool.java:563)&#10;        at org.eclipse.jetty.util.thread.QueuedThreadPool.access$800(QueuedThreadPool.java:48)&#10;        at org.eclipse.jetty.util.thread.QueuedThreadPool$2.run(QueuedThreadPool.java:626)&#10;        at java.lang.Thread.run(Thread.java:748)&#10;&quot;pool-26-thread-27&quot;  prio=5 tid=428 in Object.wait()&#10;java.lang.Thread.State: WAITING (on object monitor)&#10;        at sun.misc.Unsafe.park(Native Method)&#10;        at java.util.concurrent.locks.LockSupport.park(LockSupport.java:175)&#10;        at java.util.concurrent.locks.AbstractQueuedSynchronizer$ConditionObject.await(AbstractQueuedSynchronizer.java:2039)&#10;        at java.util.concurrent.ArrayBlockingQueue.take(ArrayBlockingQueue.java:403)&#10;        at java.util.concurrent.ThreadPoolExecutor.getTask(ThreadPoolExecutor.java:1074)&#10;        at java.util.concurrent.ThreadPoolExecutor.runWorker(ThreadPoolExecutor.java:1134)&#10;        at java.util.concurrent.ThreadPoolExecutor$Worker.run(ThreadPoolExecutor.java:624)&#10;        at java.lang.Thread.run(Thread.java:748)&#10;&quot;pool-86-thread-11&quot;  prio=5 tid=829 in Object.wait()&#10;java.lang.Thread.State: WAITING (on object monitor)&#10;        at sun.misc.Unsafe.park(Native Method)&#10;        at java.util.concurrent.locks.LockSupport.park(LockSupport.java:175)&#10;        at java.util.concurrent.locks.AbstractQueuedSynchronizer$ConditionObject.await(AbstractQueuedSynchronizer.java:2039)&#10;        at java.util.concurrent.ArrayBlockingQueue.take(ArrayBlockingQueue.java:403)&#10;        at java.util.concurrent.ThreadPoolExecutor.getTask(ThreadPoolExecutor.java:1074)&#10;        at java.util.concurrent.ThreadPoolExecutor.runWorker(ThreadPoolExecutor.java:1134)&#10;        at java.util.concurrent.ThreadPoolExecutor$Worker.run(ThreadPoolExecutor.java:624)&#10;        at java.lang.Thread.run(Thread.java:748)&#10;&quot;Datanode ReportManager Thread - 3&quot; daemon prio=5 tid=282 in Object.wait()&#10;java.lang.Thread.State: WAITING (on object monitor)&#10;        at sun.misc.Unsafe.park(Native Method)&#10;        at java.util.concurrent.locks.LockSupport.park(LockSupport.java:175)&#10;        at java.util.concurrent.locks.AbstractQueuedSynchronizer$ConditionObject.await(AbstractQueuedSynchronizer.java:2039)&#10;        at java.util.concurrent.ScheduledThreadPoolExecutor$DelayedWorkQueue.take(ScheduledThreadPoolExecutor.java:1088)&#10;        at java.util.concurrent.ScheduledThreadPoolExecutor$DelayedWorkQueue.take(ScheduledThreadPoolExecutor.java:809)&#10;        at java.util.concurrent.ThreadPoolExecutor.getTask(ThreadPoolExecutor.java:1074)&#10;        at java.util.concurrent.ThreadPoolExecutor.runWorker(ThreadPoolExecutor.java:1134)&#10;        at java.util.concurrent.ThreadPoolExecutor$Worker.run(ThreadPoolExecutor.java:624)&#10;        at java.lang.Thread.run(Thread.java:748)&#10;&quot;pool-56-thread-23&quot;  prio=5 tid=433 in Object.wait()&#10;java.lang.Thread.State: WAITING (on object monitor)&#10;        at sun.misc.Unsafe.park(Native Method)&#10;        at java.util.concurrent.locks.LockSupport.park(LockSupport.java:175)&#10;        at java.util.concurrent.locks.AbstractQueuedSynchronizer$ConditionObject.await(AbstractQueuedSynchronizer.java:2039)&#10;        at java.util.concurrent.ArrayBlockingQueue.take(ArrayBlockingQueue.java:403)&#10;        at java.util.concurrent.ThreadPoolExecutor.getTask(ThreadPoolExecutor.java:1074)&#10;        at java.util.concurrent.ThreadPoolExecutor.runWorker(ThreadPoolExecutor.java:1134)&#10;        at java.util.concurrent.ThreadPoolExecutor$Worker.run(ThreadPoolExecutor.java:624)&#10;        at java.lang.Thread.run(Thread.java:748)&#10;&quot;qtp549049813-273&quot; daemon prio=5 tid=273 timed_waiting&#10;java.lang.Thread.State: TIMED_WAITING&#10;        at sun.misc.Unsafe.park(Native Method)&#10;        at java.util.concurrent.locks.LockSupport.parkNanos(LockSupport.java:215)&#10;        at java.util.concurrent.locks.AbstractQueuedSynchronizer$ConditionObject.awaitNanos(AbstractQueuedSynchronizer.java:2078)&#10;        at org.eclipse.jetty.util.BlockingArrayQueue.poll(BlockingArrayQueue.java:392)&#10;        at org.eclipse.jetty.util.thread.QueuedThreadPool.idleJobPoll(QueuedThreadPool.java:563)&#10;        at org.eclipse.jetty.util.thread.QueuedThreadPool.access$800(QueuedThreadPool.java:48)&#10;        at org.eclipse.jetty.util.thread.QueuedThreadPool$2.run(QueuedThreadPool.java:626)&#10;        at java.lang.Thread.run(Thread.java:748)&#10;&quot;pool-106-thread-2&quot;  prio=5 tid=981 in Object.wait()&#10;java.lang.Thread.State: WAITING (on object monitor)&#10;        at sun.misc.Unsafe.park(Native Method)&#10;        at java.util.concurrent.locks.LockSupport.park(LockSupport.java:175)&#10;        at java.util.concurrent.locks.AbstractQueuedSynchronizer$ConditionObject.await(AbstractQueuedSynchronizer.java:2039)&#10;        at java.util.concurrent.ArrayBlockingQueue.take(ArrayBlockingQueue.java:403)&#10;        at java.util.concurrent.ThreadPoolExecutor.getTask(ThreadPoolExecutor.java:1074)&#10;        at java.util.concurrent.ThreadPoolExecutor.runWorker(ThreadPoolExecutor.java:1134)&#10;        at java.util.concurrent.ThreadPoolExecutor$Worker.run(ThreadPoolExecutor.java:624)&#10;        at java.lang.Thread.run(Thread.java:748)&#10;&quot;pool-64-thread-1&quot; daemon prio=5 tid=264 timed_waiting&#10;java.lang.Thread.State: TIMED_WAITING&#10;        at sun.misc.Unsafe.park(Native Method)&#10;        at java.util.concurrent.locks.LockSupport.parkNanos(LockSupport.java:215)&#10;        at java.util.concurrent.locks.AbstractQueuedSynchronizer$ConditionObject.awaitNanos(AbstractQueuedSynchronizer.java:2078)&#10;        at java.util.concurrent.ScheduledThreadPoolExecutor$DelayedWorkQueue.take(ScheduledThreadPoolExecutor.java:1093)&#10;        at java.util.concurrent.ScheduledThreadPoolExecutor$DelayedWorkQueue.take(ScheduledThreadPoolExecutor.java:809)&#10;        at java.util.concurrent.ThreadPoolExecutor.getTask(ThreadPoolExecutor.java:1074)&#10;        at java.util.concurrent.ThreadPoolExecutor.runWorker(ThreadPoolExecutor.java:1134)&#10;        at java.util.concurrent.ThreadPoolExecutor$Worker.run(ThreadPoolExecutor.java:624)&#10;        at java.lang.Thread.run(Thread.java:748)&#10;&quot;pool-36-thread-49&quot;  prio=5 tid=553 in Object.wait()&#10;java.lang.Thread.State: WAITING (on object monitor)&#10;        at sun.misc.Unsafe.park(Native Method)&#10;        at java.util.concurrent.locks.LockSupport.park(LockSupport.java:175)&#10;        at java.util.concurrent.locks.AbstractQueuedSynchronizer$ConditionObject.await(AbstractQueuedSynchronizer.java:2039)&#10;        at java.util.concurrent.ArrayBlockingQueue.take(ArrayBlockingQueue.java:403)&#10;        at java.util.concurrent.ThreadPoolExecutor.getTask(ThreadPoolExecutor.java:1074)&#10;        at java.util.concurrent.ThreadPoolExecutor.runWorker(ThreadPoolExecutor.java:1134)&#10;        at java.util.concurrent.ThreadPoolExecutor$Worker.run(ThreadPoolExecutor.java:624)&#10;        at java.lang.Thread.run(Thread.java:748)&#10;&quot;pool-56-thread-41&quot;  prio=5 tid=494 in Object.wait()&#10;java.lang.Thread.State: WAITING (on object monitor)&#10;        at sun.misc.Unsafe.park(Native Method)&#10;        at java.util.concurrent.locks.LockSupport.park(LockSupport.java:175)&#10;        at java.util.concurrent.locks.AbstractQueuedSynchronizer$ConditionObject.await(AbstractQueuedSynchronizer.java:2039)&#10;        at java.util.concurrent.ArrayBlockingQueue.take(ArrayBlockingQueue.java:403)&#10;        at java.util.concurrent.ThreadPoolExecutor.getTask(ThreadPoolExecutor.java:1074)&#10;        at java.util.concurrent.ThreadPoolExecutor.runWorker(ThreadPoolExecutor.java:1134)&#10;        at java.util.concurrent.ThreadPoolExecutor$Worker.run(ThreadPoolExecutor.java:624)&#10;        at java.lang.Thread.run(Thread.java:748)&#10;&quot;IPC Server handler 1 on 37221&quot; daemon prio=5 tid=116 timed_waiting&#10;java.lang.Thread.State: TIMED_WAITING&#10;        at sun.misc.Unsafe.park(Native Method)&#10;        at java.util.concurrent.locks.LockSupport.parkNanos(LockSupport.java:215)&#10;        at java.util.concurrent.locks.AbstractQueuedSynchronizer$ConditionObject.awaitNanos(AbstractQueuedSynchronizer.java:2078)&#10;        at java.util.concurrent.LinkedBlockingQueue.poll(LinkedBlockingQueue.java:467)&#10;        at org.apache.hadoop.ipc.CallQueueManager.take(CallQueueManager.java:288)&#10;        at org.apache.hadoop.ipc.Server$Handler.run(Server.java:2668)&#10;&quot;pool-86-thread-42&quot;  prio=5 tid=860 in Object.wait()&#10;java.lang.Thread.State: WAITING (on object monitor)&#10;        at sun.misc.Unsafe.park(Native Method)&#10;        at java.util.concurrent.locks.LockSupport.park(LockSupport.java:175)&#10;        at java.util.concurrent.locks.AbstractQueuedSynchronizer$ConditionObject.await(AbstractQueuedSynchronizer.java:2039)&#10;        at java.util.concurrent.ArrayBlockingQueue.take(ArrayBlockingQueue.java:403)&#10;        at java.util.concurrent.ThreadPoolExecutor.getTask(ThreadPoolExecutor.java:1074)&#10;        at java.util.concurrent.ThreadPoolExecutor.runWorker(ThreadPoolExecutor.java:1134)&#10;        at java.util.concurrent.ThreadPoolExecutor$Worker.run(ThreadPoolExecutor.java:624)&#10;        at java.lang.Thread.run(Thread.java:748)&#10;&quot;pool-76-thread-16&quot;  prio=5 tid=762 in Object.wait()&#10;java.lang.Thread.State: WAITING (on object monitor)&#10;        at sun.misc.Unsafe.park(Native Method)&#10;        at java.util.concurrent.locks.LockSupport.park(LockSupport.java:175)&#10;        at java.util.concurrent.locks.AbstractQueuedSynchronizer$ConditionObject.await(AbstractQueuedSynchronizer.java:2039)&#10;        at java.util.concurrent.ArrayBlockingQueue.take(ArrayBlockingQueue.java:403)&#10;        at java.util.concurrent.ThreadPoolExecutor.getTask(ThreadPoolExecutor.java:1074)&#10;        at java.util.concurrent.ThreadPoolExecutor.runWorker(ThreadPoolExecutor.java:1134)&#10;        at java.util.concurrent.ThreadPoolExecutor$Worker.run(ThreadPoolExecutor.java:624)&#10;        at java.lang.Thread.run(Thread.java:748)&#10;&quot;DataNode DiskChecker thread 0&quot; daemon prio=5 tid=712 timed_waiting&#10;java.lang.Thread.State: TIMED_WAITING&#10;        at sun.misc.Unsafe.park(Native Method)&#10;        at java.util.concurrent.locks.LockSupport.parkNanos(LockSupport.java:215)&#10;        at java.util.concurrent.SynchronousQueue$TransferStack.awaitFulfill(SynchronousQueue.java:460)&#10;        at java.util.concurrent.SynchronousQueue$TransferStack.transfer(SynchronousQueue.java:362)&#10;        at java.util.concurrent.SynchronousQueue.poll(SynchronousQueue.java:941)&#10;        at java.util.concurrent.ThreadPoolExecutor.getTask(ThreadPoolExecutor.java:1073)&#10;        at java.util.concurrent.ThreadPoolExecutor.runWorker(ThreadPoolExecutor.java:1134)&#10;        at java.util.concurrent.ThreadPoolExecutor$Worker.run(ThreadPoolExecutor.java:624)&#10;        at java.lang.Thread.run(Thread.java:748)&#10;&quot;pool-66-thread-17&quot;  prio=5 tid=654 in Object.wait()&#10;java.lang.Thread.State: WAITING (on object monitor)&#10;        at sun.misc.Unsafe.park(Native Method)&#10;        at java.util.concurrent.locks.LockSupport.park(LockSupport.java:175)&#10;        at java.util.concurrent.locks.AbstractQueuedSynchronizer$ConditionObject.await(AbstractQueuedSynchronizer.java:2039)&#10;        at java.util.concurrent.ArrayBlockingQueue.take(ArrayBlockingQueue.java:403)&#10;        at java.util.concurrent.ThreadPoolExecutor.getTask(ThreadPoolExecutor.java:1074)&#10;        at java.util.concurrent.ThreadPoolExecutor.runWorker(ThreadPoolExecutor.java:1134)&#10;        at java.util.concurrent.ThreadPoolExecutor$Worker.run(ThreadPoolExecutor.java:624)&#10;        at java.lang.Thread.run(Thread.java:748)&#10;&quot;pool-86-thread-39&quot;  prio=5 tid=857 in Object.wait()&#10;java.lang.Thread.State: WAITING (on object monitor)&#10;        at sun.misc.Unsafe.park(Native Method)&#10;        at java.util.concurrent.locks.LockSupport.park(LockSupport.java:175)&#10;        at java.util.concurrent.locks.AbstractQueuedSynchronizer$ConditionObject.await(AbstractQueuedSynchronizer.java:2039)&#10;        at java.util.concurrent.ArrayBlockingQueue.take(ArrayBlockingQueue.java:403)&#10;        at java.util.concurrent.ThreadPoolExecutor.getTask(ThreadPoolExecutor.java:1074)&#10;        at java.util.concurrent.ThreadPoolExecutor.runWorker(ThreadPoolExecutor.java:1134)&#10;        at java.util.concurrent.ThreadPoolExecutor$Worker.run(ThreadPoolExecutor.java:624)&#10;        at java.lang.Thread.run(Thread.java:748)&#10;&quot;IPC Server handler 0 on 37838&quot; daemon prio=5 tid=69 timed_waiting&#10;java.lang.Thread.State: TIMED_WAITING&#10;        at sun.misc.Unsafe.park(Native Method)&#10;        at java.util.concurrent.locks.LockSupport.parkNanos(LockSupport.java:215)&#10;        at java.util.concurrent.locks.AbstractQueuedSynchronizer$ConditionObject.awaitNanos(AbstractQueuedSynchronizer.java:2078)&#10;        at java.util.concurrent.LinkedBlockingQueue.poll(LinkedBlockingQueue.java:467)&#10;        at org.apache.hadoop.ipc.CallQueueManager.take(CallQueueManager.java:288)&#10;        at org.apache.hadoop.ipc.Server$Handler.run(Server.java:2668)&#10;&quot;grpc-default-executor-2&quot; daemon prio=5 tid=979 timed_waiting&#10;java.lang.Thread.State: TIMED_WAITING&#10;        at sun.misc.Unsafe.park(Native Method)&#10;        at java.util.concurrent.locks.LockSupport.parkNanos(LockSupport.java:215)&#10;        at java.util.concurrent.SynchronousQueue$TransferStack.awaitFulfill(SynchronousQueue.java:460)&#10;        at java.util.concurrent.SynchronousQueue$TransferStack.transfer(SynchronousQueue.java:362)&#10;        at java.util.concurrent.SynchronousQueue.poll(SynchronousQueue.java:941)&#10;        at java.util.concurrent.ThreadPoolExecutor.getTask(ThreadPoolExecutor.java:1073)&#10;        at java.util.concurrent.ThreadPoolExecutor.runWorker(ThreadPoolExecutor.java:1134)&#10;        at java.util.concurrent.ThreadPoolExecutor$Worker.run(ThreadPoolExecutor.java:624)&#10;        at java.lang.Thread.run(Thread.java:748)&#10;&quot;Datanode ReportManager Thread - 2&quot; daemon prio=5 tid=730 in Object.wait()&#10;java.lang.Thread.State: WAITING (on object monitor)&#10;        at sun.misc.Unsafe.park(Native Method)&#10;        at java.util.concurrent.locks.LockSupport.park(LockSupport.java:175)&#10;        at java.util.concurrent.locks.AbstractQueuedSynchronizer$ConditionObject.await(AbstractQueuedSynchronizer.java:2039)&#10;        at java.util.concurrent.ScheduledThreadPoolExecutor$DelayedWorkQueue.take(ScheduledThreadPoolExecutor.java:1088)&#10;        at java.util.concurrent.ScheduledThreadPoolExecutor$DelayedWorkQueue.take(ScheduledThreadPoolExecutor.java:809)&#10;        at java.util.concurrent.ThreadPoolExecutor.getTask(ThreadPoolExecutor.java:1074)&#10;        at java.util.concurrent.ThreadPoolExecutor.runWorker(ThreadPoolExecutor.java:1134)&#10;        at java.util.concurrent.ThreadPoolExecutor$Worker.run(ThreadPoolExecutor.java:624)&#10;        at java.lang.Thread.run(Thread.java:748)&#10;&quot;pool-96-thread-37&quot;  prio=5 tid=919 in Object.wait()&#10;java.lang.Thread.State: WAITING (on object monitor)&#10;        at sun.misc.Unsafe.park(Native Method)&#10;        at java.util.concurrent.locks.LockSupport.park(LockSupport.java:175)&#10;        at java.util.concurrent.locks.AbstractQueuedSynchronizer$ConditionObject.await(AbstractQueuedSynchronizer.java:2039)&#10;        at java.util.concurrent.ArrayBlockingQueue.take(ArrayBlockingQueue.java:403)&#10;        at java.util.concurrent.ThreadPoolExecutor.getTask(ThreadPoolExecutor.java:1074)&#10;        at java.util.concurrent.ThreadPoolExecutor.runWorker(ThreadPoolExecutor.java:1134)&#10;        at java.util.concurrent.ThreadPoolExecutor$Worker.run(ThreadPoolExecutor.java:624)&#10;        at java.lang.Thread.run(Thread.java:748)&#10;&quot;pool-76-thread-57&quot;  prio=5 tid=803 in Object.wait()&#10;java.lang.Thread.State: WAITING (on object monitor)&#10;        at sun.misc.Unsafe.park(Native Method)&#10;        at java.util.concurrent.locks.LockSupport.park(LockSupport.java:175)&#10;        at java.util.concurrent.locks.AbstractQueuedSynchronizer$ConditionObject.await(AbstractQueuedSynchronizer.java:2039)&#10;        at java.util.concurrent.ArrayBlockingQueue.take(ArrayBlockingQueue.java:403)&#10;        at java.util.concurrent.ThreadPoolExecutor.getTask(ThreadPoolExecutor.java:1074)&#10;        at java.util.concurrent.ThreadPoolExecutor.runWorker(ThreadPoolExecutor.java:1134)&#10;        at java.util.concurrent.ThreadPoolExecutor$Worker.run(ThreadPoolExecutor.java:624)&#10;        at java.lang.Thread.run(Thread.java:748)&#10;&quot;pool-46-thread-54&quot;  prio=5 tid=569 in Object.wait()&#10;java.lang.Thread.State: WAITING (on object monitor)&#10;        at sun.misc.Unsafe.park(Native Method)&#10;        at java.util.concurrent.locks.LockSupport.park(LockSupport.java:175)&#10;        at java.util.concurrent.locks.AbstractQueuedSynchronizer$ConditionObject.await(AbstractQueuedSynchronizer.java:2039)&#10;        at java.util.concurrent.ArrayBlockingQueue.take(ArrayBlockingQueue.java:403)&#10;        at java.util.concurrent.ThreadPoolExecutor.getTask(ThreadPoolExecutor.java:1074)&#10;        at java.util.concurrent.ThreadPoolExecutor.runWorker(ThreadPoolExecutor.java:1134)&#10;        at java.util.concurrent.ThreadPoolExecutor$Worker.run(ThreadPoolExecutor.java:624)&#10;        at java.lang.Thread.run(Thread.java:748)&#10;&quot;Command processor thread&quot; daemon prio=5 tid=681 timed_waiting&#10;java.lang.Thread.State: TIMED_WAITING&#10;        at java.lang.Thread.sleep(Native Method)&#10;        at org.apache.hadoop.ozone.container.common.statemachine.DatanodeStateMachine.lambda$initCommandHandlerThread$1(DatanodeStateMachine.java:439)&#10;        at org.apache.hadoop.ozone.container.common.statemachine.DatanodeStateMachine$$Lambda$141/1487479796.run(Unknown Source)&#10;        at java.lang.Thread.run(Thread.java:748)&#10;&quot;qtp1987707214-164&quot; daemon prio=5 tid=164 timed_waiting&#10;java.lang.Thread.State: TIMED_WAITING&#10;        at sun.misc.Unsafe.park(Native Method)&#10;        at java.util.concurrent.locks.LockSupport.parkNanos(LockSupport.java:215)&#10;        at java.util.concurrent.locks.AbstractQueuedSynchronizer$ConditionObject.awaitNanos(AbstractQueuedSynchronizer.java:2078)&#10;        at org.eclipse.jetty.util.BlockingArrayQueue.poll(BlockingArrayQueue.java:392)&#10;        at org.eclipse.jetty.util.thread.QueuedThreadPool.idleJobPoll(QueuedThreadPool.java:563)&#10;        at org.eclipse.jetty.util.thread.QueuedThreadPool.access$800(QueuedThreadPool.java:48)&#10;        at org.eclipse.jetty.util.thread.QueuedThreadPool$2.run(QueuedThreadPool.java:626)&#10;        at java.lang.Thread.run(Thread.java:748)&#10;&quot;metrics-hadoop-metrics2-reporter-64-thread-1&quot; daemon prio=5 tid=1354 timed_waiting&#10;java.lang.Thread.State: TIMED_WAITING&#10;        at sun.misc.Unsafe.park(Native Method)&#10;        at java.util.concurrent.locks.LockSupport.parkNanos(LockSupport.java:215)&#10;        at java.util.concurrent.locks.AbstractQueuedSynchronizer$ConditionObject.awaitNanos(AbstractQueuedSynchronizer.java:2078)&#10;        at java.util.concurrent.ScheduledThreadPoolExecutor$DelayedWorkQueue.take(ScheduledThreadPoolExecutor.java:1093)&#10;        at java.util.concurrent.ScheduledThreadPoolExecutor$DelayedWorkQueue.take(ScheduledThreadPoolExecutor.java:809)&#10;        at java.util.concurrent.ThreadPoolExecutor.getTask(ThreadPoolExecutor.java:1074)&#10;        at java.util.concurrent.ThreadPoolExecutor.runWorker(ThreadPoolExecutor.java:1134)&#10;        at java.util.concurrent.ThreadPoolExecutor$Worker.run(ThreadPoolExecutor.java:624)&#10;        at java.lang.Thread.run(Thread.java:748)&#10;&quot;PartialTableCache Cleanup Thread - 0&quot; daemon prio=5 tid=1207 in Object.wait()&#10;java.lang.Thread.State: WAITING (on object monitor)&#10;        at sun.misc.Unsafe.park(Native Method)&#10;        at java.util.concurrent.locks.LockSupport.park(LockSupport.java:175)&#10;        at java.util.concurrent.locks.AbstractQueuedSynchronizer$ConditionObject.await(AbstractQueuedSynchronizer.java:2039)&#10;        at java.util.concurrent.LinkedBlockingQueue.take(LinkedBlockingQueue.java:442)&#10;        at java.util.concurrent.ThreadPoolExecutor.getTask(ThreadPoolExecutor.java:1074)&#10;        at java.util.concurrent.ThreadPoolExecutor.runWorker(ThreadPoolExecutor.java:1134)&#10;        at java.util.concurrent.ThreadPoolExecutor$Worker.run(ThreadPoolExecutor.java:624)&#10;        at java.lang.Thread.run(Thread.java:748)&#10;&quot;org.eclipse.jetty.server.session.HashSessionManager@7d3c09ecTimer&quot; daemon prio=5 tid=599 timed_waiting&#10;java.lang.Thread.State: TIMED_WAITING&#10;        at sun.misc.Unsafe.park(Native Method)&#10;        at java.util.concurrent.locks.LockSupport.parkNanos(LockSupport.java:215)&#10;        at java.util.concurrent.locks.AbstractQueuedSynchronizer$ConditionObject.awaitNanos(AbstractQueuedSynchronizer.java:2078)&#10;        at java.util.concurrent.ScheduledThreadPoolExecutor$DelayedWorkQueue.take(ScheduledThreadPoolExecutor.java:1093)&#10;        at java.util.concurrent.ScheduledThreadPoolExecutor$DelayedWorkQueue.take(ScheduledThreadPoolExecutor.java:809)&#10;        at java.util.concurrent.ThreadPoolExecutor.getTask(ThreadPoolExecutor.java:1074)&#10;        at java.util.concurrent.ThreadPoolExecutor.runWorker(ThreadPoolExecutor.java:1134)&#10;        at java.util.concurrent.ThreadPoolExecutor$Worker.run(ThreadPoolExecutor.java:624)&#10;        at java.lang.Thread.run(Thread.java:748)&#10;&quot;qtp2035381640-96&quot; daemon prio=5 tid=96 timed_waiting&#10;java.lang.Thread.State: TIMED_WAITING&#10;        at sun.misc.Unsafe.park(Native Method)&#10;        at java.util.concurrent.locks.LockSupport.parkNanos(LockSupport.java:215)&#10;        at java.util.concurrent.locks.AbstractQueuedSynchronizer$ConditionObject.awaitNanos(AbstractQueuedSynchronizer.java:2078)&#10;        at org.eclipse.jetty.util.BlockingArrayQueue.poll(BlockingArrayQueue.java:392)&#10;        at org.eclipse.jetty.util.thread.QueuedThreadPool.idleJobPoll(QueuedThreadPool.java:563)&#10;        at org.eclipse.jetty.util.thread.QueuedThreadPool.access$800(QueuedThreadPool.java:48)&#10;        at org.eclipse.jetty.util.thread.QueuedThreadPool$2.run(QueuedThreadPool.java:626)&#10;        at java.lang.Thread.run(Thread.java:748)&#10;&quot;qtp318555935-190&quot; daemon prio=5 tid=190 timed_waiting&#10;java.lang.Thread.State: TIMED_WAITING&#10;        at sun.misc.Unsafe.park(Native Method)&#10;        at java.util.concurrent.locks.LockSupport.parkNanos(LockSupport.java:215)&#10;        at java.util.concurrent.locks.AbstractQueuedSynchronizer$ConditionObject.awaitNanos(AbstractQueuedSynchronizer.java:2078)&#10;        at org.eclipse.jetty.util.BlockingArrayQueue.poll(BlockingArrayQueue.java:392)&#10;        at org.eclipse.jetty.util.thread.QueuedThreadPool.idleJobPoll(QueuedThreadPool.java:563)&#10;        at org.eclipse.jetty.util.thread.QueuedThreadPool.access$800(QueuedThreadPool.java:48)&#10;        at org.eclipse.jetty.util.thread.QueuedThreadPool$2.run(QueuedThreadPool.java:626)&#10;        at java.lang.Thread.run(Thread.java:748)&#10;&quot;pool-117-thread-36&quot;  prio=5 tid=1095 in Object.wait()&#10;java.lang.Thread.State: WAITING (on object monitor)&#10;        at sun.misc.Unsafe.park(Native Method)&#10;        at java.util.concurrent.locks.LockSupport.park(LockSupport.java:175)&#10;        at java.util.concurrent.locks.AbstractQueuedSynchronizer$ConditionObject.await(AbstractQueuedSynchronizer.java:2039)&#10;        at java.util.concurrent.ArrayBlockingQueue.take(ArrayBlockingQueue.java:403)&#10;        at java.util.concurrent.ThreadPoolExecutor.getTask(ThreadPoolExecutor.java:1074)&#10;        at java.util.concurrent.ThreadPoolExecutor.runWorker(ThreadPoolExecutor.java:1134)&#10;        at java.util.concurrent.ThreadPoolExecutor$Worker.run(ThreadPoolExecutor.java:624)&#10;        at java.lang.Thread.run(Thread.java:748)&#10;&quot;pool-106-thread-6&quot;  prio=5 tid=985 in Object.wait()&#10;java.lang.Thread.State: WAITING (on object monitor)&#10;        at sun.misc.Unsafe.park(Native Method)&#10;        at java.util.concurrent.locks.LockSupport.park(LockSupport.java:175)&#10;        at java.util.concurrent.locks.AbstractQueuedSynchronizer$ConditionObject.await(AbstractQueuedSynchronizer.java:2039)&#10;        at java.util.concurrent.ArrayBlockingQueue.take(ArrayBlockingQueue.java:403)&#10;        at java.util.concurrent.ThreadPoolExecutor.getTask(ThreadPoolExecutor.java:1074)&#10;        at java.util.concurrent.ThreadPoolExecutor.runWorker(ThreadPoolExecutor.java:1134)&#10;        at java.util.concurrent.ThreadPoolExecutor$Worker.run(ThreadPoolExecutor.java:624)&#10;        at java.lang.Thread.run(Thread.java:748)&#10;&quot;pool-66-thread-25&quot;  prio=5 tid=662 in Object.wait()&#10;java.lang.Thread.State: WAITING (on object monitor)&#10;        at sun.misc.Unsafe.park(Native Method)&#10;        at java.util.concurrent.locks.LockSupport.park(LockSupport.java:175)&#10;        at java.util.concurrent.locks.AbstractQueuedSynchronizer$ConditionObject.await(AbstractQueuedSynchronizer.java:2039)&#10;        at java.util.concurrent.ArrayBlockingQueue.take(ArrayBlockingQueue.java:403)&#10;        at java.util.concurrent.ThreadPoolExecutor.getTask(ThreadPoolExecutor.java:1074)&#10;        at java.util.concurrent.ThreadPoolExecutor.runWorker(ThreadPoolExecutor.java:1134)&#10;        at java.util.concurrent.ThreadPoolExecutor$Worker.run(ThreadPoolExecutor.java:624)&#10;        at java.lang.Thread.run(Thread.java:748)&#10;&quot;pool-106-thread-16&quot;  prio=5 tid=995 in Object.wait()&#10;java.lang.Thread.State: WAITING (on object monitor)&#10;        at sun.misc.Unsafe.park(Native Method)&#10;        at java.util.concurrent.locks.LockSupport.park(LockSupport.java:175)&#10;        at java.util.concurrent.locks.AbstractQueuedSynchronizer$ConditionObject.await(AbstractQueuedSynchronizer.java:2039)&#10;        at java.util.concurrent.ArrayBlockingQueue.take(ArrayBlockingQueue.java:403)&#10;        at java.util.concurrent.ThreadPoolExecutor.getTask(ThreadPoolExecutor.java:1074)&#10;        at java.util.concurrent.ThreadPoolExecutor.runWorker(ThreadPoolExecutor.java:1134)&#10;        at java.util.concurrent.ThreadPoolExecutor$Worker.run(ThreadPoolExecutor.java:624)&#10;        at java.lang.Thread.run(Thread.java:748)&#10;&quot;pool-56-thread-22&quot;  prio=5 tid=431 in Object.wait()&#10;java.lang.Thread.State: WAITING (on object monitor)&#10;        at sun.misc.Unsafe.park(Native Method)&#10;        at java.util.concurrent.locks.LockSupport.park(LockSupport.java:175)&#10;        at java.util.concurrent.locks.AbstractQueuedSynchronizer$ConditionObject.await(AbstractQueuedSynchronizer.java:2039)&#10;        at java.util.concurrent.ArrayBlockingQueue.take(ArrayBlockingQueue.java:403)&#10;        at java.util.concurrent.ThreadPoolExecutor.getTask(ThreadPoolExecutor.java:1074)&#10;        at java.util.concurrent.ThreadPoolExecutor.runWorker(ThreadPoolExecutor.java:1134)&#10;        at java.util.concurrent.ThreadPoolExecutor$Worker.run(ThreadPoolExecutor.java:624)&#10;        at java.lang.Thread.run(Thread.java:748)&#10;&quot;IPC Server handler 7 on 40878&quot; daemon prio=5 tid=56 timed_waiting&#10;java.lang.Thread.State: TIMED_WAITING&#10;        at sun.misc.Unsafe.park(Native Method)&#10;        at java.util.concurrent.locks.LockSupport.parkNanos(LockSupport.java:215)&#10;        at java.util.concurrent.locks.AbstractQueuedSynchronizer$ConditionObject.awaitNanos(AbstractQueuedSynchronizer.java:2078)&#10;        at java.util.concurrent.LinkedBlockingQueue.poll(LinkedBlockingQueue.java:467)&#10;        at org.apache.hadoop.ipc.CallQueueManager.take(CallQueueManager.java:288)&#10;        at org.apache.hadoop.ipc.Server$Handler.run(Server.java:2668)&#10;&quot;e7ac4943-672a-4499-9513-fbcaa3bf45d6@group-4D6EB5B93F80-StateMachineUpdater&quot; daemon prio=5 tid=1150 in Object.wait()&#10;java.lang.Thread.State: WAITING (on object monitor)&#10;        at java.lang.Object.wait(Native Method)&#10;        at java.lang.Object.wait(Object.java:502)&#10;        at org.apache.ratis.server.impl.StateMachineUpdater.waitForCommit(StateMachineUpdater.java:194)&#10;        at org.apache.ratis.server.impl.StateMachineUpdater.run(StateMachineUpdater.java:159)&#10;        at java.lang.Thread.run(Thread.java:748)&#10;&quot;Periodic HDDS volume checker&quot;  prio=5 tid=233 timed_waiting&#10;java.lang.Thread.State: TIMED_WAITING&#10;        at sun.misc.Unsafe.park(Native Method)&#10;        at java.util.concurrent.locks.LockSupport.parkNanos(LockSupport.java:215)&#10;        at java.util.concurrent.locks.AbstractQueuedSynchronizer$ConditionObject.awaitNanos(AbstractQueuedSynchronizer.java:2078)&#10;        at java.util.concurrent.ScheduledThreadPoolExecutor$DelayedWorkQueue.take(ScheduledThreadPoolExecutor.java:1093)&#10;        at java.util.concurrent.ScheduledThreadPoolExecutor$DelayedWorkQueue.take(ScheduledThreadPoolExecutor.java:809)&#10;        at java.util.concurrent.ThreadPoolExecutor.getTask(ThreadPoolExecutor.java:1074)&#10;        at java.util.concurrent.ThreadPoolExecutor.runWorker(ThreadPoolExecutor.java:1134)&#10;        at java.util.concurrent.ThreadPoolExecutor$Worker.run(ThreadPoolExecutor.java:624)&#10;        at java.lang.Thread.run(Thread.java:748)&#10;&quot;RatisApplyTransactionExecutor 1&quot; daemon prio=5 tid=1250 in Object.wait()&#10;java.lang.Thread.State: WAITING (on object monitor)&#10;        at sun.misc.Unsafe.park(Native Method)&#10;        at java.util.concurrent.locks.LockSupport.park(LockSupport.java:175)&#10;        at java.util.concurrent.locks.AbstractQueuedSynchronizer$ConditionObject.await(AbstractQueuedSynchronizer.java:2039)&#10;        at java.util.concurrent.LinkedBlockingQueue.take(LinkedBlockingQueue.java:442)&#10;        at java.util.concurrent.ThreadPoolExecutor.getTask(ThreadPoolExecutor.java:1074)&#10;        at java.util.concurrent.ThreadPoolExecutor.runWorker(ThreadPoolExecutor.java:1134)&#10;        at java.util.concurrent.ThreadPoolExecutor$Worker.run(ThreadPoolExecutor.java:624)&#10;        at java.lang.Thread.run(Thread.java:748)&#10;&quot;pool-106-thread-21&quot;  prio=5 tid=1000 in Object.wait()&#10;java.lang.Thread.State: WAITING (on object monitor)&#10;        at sun.misc.Unsafe.park(Native Method)&#10;        at java.util.concurrent.locks.LockSupport.park(LockSupport.java:175)&#10;        at java.util.concurrent.locks.AbstractQueuedSynchronizer$ConditionObject.await(AbstractQueuedSynchronizer.java:2039)&#10;        at java.util.concurrent.ArrayBlockingQueue.take(ArrayBlockingQueue.java:403)&#10;        at java.util.concurrent.ThreadPoolExecutor.getTask(ThreadPoolExecutor.java:1074)&#10;        at java.util.concurrent.ThreadPoolExecutor.runWorker(ThreadPoolExecutor.java:1134)&#10;        at java.util.concurrent.ThreadPoolExecutor$Worker.run(ThreadPoolExecutor.java:624)&#10;        at java.lang.Thread.run(Thread.java:748)&#10;&quot;pool-46-thread-14&quot;  prio=5 tid=366 in Object.wait()&#10;java.lang.Thread.State: WAITING (on object monitor)&#10;        at sun.misc.Unsafe.park(Native Method)&#10;        at java.util.concurrent.locks.LockSupport.park(LockSupport.java:175)&#10;        at java.util.concurrent.locks.AbstractQueuedSynchronizer$ConditionObject.await(AbstractQueuedSynchronizer.java:2039)&#10;        at java.util.concurrent.ArrayBlockingQueue.take(ArrayBlockingQueue.java:403)&#10;        at java.util.concurrent.ThreadPoolExecutor.getTask(ThreadPoolExecutor.java:1074)&#10;        at java.util.concurrent.ThreadPoolExecutor.runWorker(ThreadPoolExecutor.java:1134)&#10;        at java.util.concurrent.ThreadPoolExecutor$Worker.run(ThreadPoolExecutor.java:624)&#10;        at java.lang.Thread.run(Thread.java:748)&#10;&quot;pool-84-thread-1&quot; daemon prio=5 tid=321 timed_waiting&#10;java.lang.Thread.State: TIMED_WAITING&#10;        at sun.misc.Unsafe.park(Native Method)&#10;        at java.util.concurrent.locks.LockSupport.parkNanos(LockSupport.java:215)&#10;        at java.util.concurrent.locks.AbstractQueuedSynchronizer$ConditionObject.awaitNanos(AbstractQueuedSynchronizer.java:2078)&#10;        at java.util.concurrent.ScheduledThreadPoolExecutor$DelayedWorkQueue.take(ScheduledThreadPoolExecutor.java:1093)&#10;        at java.util.concurrent.ScheduledThreadPoolExecutor$DelayedWorkQueue.take(ScheduledThreadPoolExecutor.java:809)&#10;        at java.util.concurrent.ThreadPoolExecutor.getTask(ThreadPoolExecutor.java:1074)&#10;        at java.util.concurrent.ThreadPoolExecutor.runWorker(ThreadPoolExecutor.java:1134)&#10;        at java.util.concurrent.ThreadPoolExecutor$Worker.run(ThreadPoolExecutor.java:624)&#10;        at java.lang.Thread.run(Thread.java:748)&#10;&quot;pool-97-thread-1&quot;  prio=5 tid=1139 in Object.wait()&#10;java.lang.Thread.State: WAITING (on object monitor)&#10;        at sun.misc.Unsafe.park(Native Method)&#10;        at java.util.concurrent.locks.LockSupport.park(LockSupport.java:175)&#10;        at java.util.concurrent.locks.AbstractQueuedSynchronizer$ConditionObject.await(AbstractQueuedSynchronizer.java:2039)&#10;        at java.util.concurrent.LinkedBlockingQueue.take(LinkedBlockingQueue.java:442)&#10;        at java.util.concurrent.ThreadPoolExecutor.getTask(ThreadPoolExecutor.java:1074)&#10;        at java.util.concurrent.ThreadPoolExecutor.runWorker(ThreadPoolExecutor.java:1134)&#10;        at java.util.concurrent.ThreadPoolExecutor$Worker.run(ThreadPoolExecutor.java:624)&#10;        at java.lang.Thread.run(Thread.java:748)&#10;&quot;pool-117-thread-35&quot;  prio=5 tid=1094 in Object.wait()&#10;java.lang.Thread.State: WAITING (on object monitor)&#10;        at sun.misc.Unsafe.park(Native Method)&#10;        at java.util.concurrent.locks.LockSupport.park(LockSupport.java:175)&#10;        at java.util.concurrent.locks.AbstractQueuedSynchronizer$ConditionObject.await(AbstractQueuedSynchronizer.java:2039)&#10;        at java.util.concurrent.ArrayBlockingQueue.take(ArrayBlockingQueue.java:403)&#10;        at java.util.concurrent.ThreadPoolExecutor.getTask(ThreadPoolExecutor.java:1074)&#10;        at java.util.concurrent.ThreadPoolExecutor.runWorker(ThreadPoolExecutor.java:1134)&#10;        at java.util.concurrent.ThreadPoolExecutor$Worker.run(ThreadPoolExecutor.java:624)&#10;        at java.lang.Thread.run(Thread.java:748)&#10;&quot;BlockDeletingService#1&quot; daemon prio=5 tid=880 in Object.wait()&#10;java.lang.Thread.State: WAITING (on object monitor)&#10;        at sun.misc.Unsafe.park(Native Method)&#10;        at java.util.concurrent.locks.LockSupport.park(LockSupport.java:175)&#10;        at java.util.concurrent.locks.AbstractQueuedSynchronizer$ConditionObject.await(AbstractQueuedSynchronizer.java:2039)&#10;        at java.util.concurrent.ScheduledThreadPoolExecutor$DelayedWorkQueue.take(ScheduledThreadPoolExecutor.java:1088)&#10;        at java.util.concurrent.ScheduledThreadPoolExecutor$DelayedWorkQueue.take(ScheduledThreadPoolExecutor.java:809)&#10;        at java.util.concurrent.ThreadPoolExecutor.getTask(ThreadPoolExecutor.java:1074)&#10;        at java.util.concurrent.ThreadPoolExecutor.runWorker(ThreadPoolExecutor.java:1134)&#10;        at java.util.concurrent.ThreadPoolExecutor$Worker.run(ThreadPoolExecutor.java:624)&#10;        at java.lang.Thread.run(Thread.java:748)&#10;&quot;metrics-hadoop-metrics2-reporter-33-thread-1&quot; daemon prio=5 tid=1153 timed_waiting&#10;java.lang.Thread.State: TIMED_WAITING&#10;        at sun.misc.Unsafe.park(Native Method)&#10;        at java.util.concurrent.locks.LockSupport.parkNanos(LockSupport.java:215)&#10;        at java.util.concurrent.locks.AbstractQueuedSynchronizer$ConditionObject.awaitNanos(AbstractQueuedSynchronizer.java:2078)&#10;        at java.util.concurrent.ScheduledThreadPoolExecutor$DelayedWorkQueue.take(ScheduledThreadPoolExecutor.java:1093)&#10;        at java.util.concurrent.ScheduledThreadPoolExecutor$DelayedWorkQueue.take(ScheduledThreadPoolExecutor.java:809)&#10;        at java.util.concurrent.ThreadPoolExecutor.getTask(ThreadPoolExecutor.java:1074)&#10;        at java.util.concurrent.ThreadPoolExecutor.runWorker(ThreadPoolExecutor.java:1134)&#10;        at java.util.concurrent.ThreadPoolExecutor$Worker.run(ThreadPoolExecutor.java:624)&#10;        at java.lang.Thread.run(Thread.java:748)&#10;&quot;refreshUsed-/workdir/hadoop-ozone/integration-test/target/test-dir/MiniOzoneClusterImpl-fc727f2e-e877-4159-90ff-4473a18561dc/datanode-8/data/containers&quot; daemon prio=5 tid=613 timed_waiting&#10;java.lang.Thread.State: TIMED_WAITING&#10;        at java.lang.Thread.sleep(Native Method)&#10;        at org.apache.hadoop.fs.CachingGetSpaceUsed$RefreshThread.run(CachingGetSpaceUsed.java:179)&#10;        at java.lang.Thread.run(Thread.java:748)&#10;&quot;pool-56-thread-44&quot;  prio=5 tid=516 in Object.wait()&#10;java.lang.Thread.State: WAITING (on object monitor)&#10;        at sun.misc.Unsafe.park(Native Method)&#10;        at java.util.concurrent.locks.LockSupport.park(LockSupport.java:175)&#10;        at java.util.concurrent.locks.AbstractQueuedSynchronizer$ConditionObject.await(AbstractQueuedSynchronizer.java:2039)&#10;        at java.util.concurrent.ArrayBlockingQueue.take(ArrayBlockingQueue.java:403)&#10;        at java.util.concurrent.ThreadPoolExecutor.getTask(ThreadPoolExecutor.java:1074)&#10;        at java.util.concurrent.ThreadPoolExecutor.runWorker(ThreadPoolExecutor.java:1134)&#10;        at java.util.concurrent.ThreadPoolExecutor$Worker.run(ThreadPoolExecutor.java:624)&#10;        at java.lang.Thread.run(Thread.java:748)&#10;&quot;qtp1680841335-246&quot; daemon prio=5 tid=246 timed_waiting&#10;java.lang.Thread.State: TIMED_WAITING&#10;        at sun.misc.Unsafe.park(Native Method)&#10;        at java.util.concurrent.locks.LockSupport.parkNanos(LockSupport.java:215)&#10;        at java.util.concurrent.locks.AbstractQueuedSynchronizer$ConditionObject.awaitNanos(AbstractQueuedSynchronizer.java:2078)&#10;        at org.eclipse.jetty.util.BlockingArrayQueue.poll(BlockingArrayQueue.java:392)&#10;        at org.eclipse.jetty.util.thread.QueuedThreadPool.idleJobPoll(QueuedThreadPool.java:563)&#10;        at org.eclipse.jetty.util.thread.QueuedThreadPool.access$800(QueuedThreadPool.java:48)&#10;        at org.eclipse.jetty.util.thread.QueuedThreadPool$2.run(QueuedThreadPool.java:626)&#10;        at java.lang.Thread.run(Thread.java:748)&#10;&quot;Datanode ReportManager Thread - 1&quot; daemon prio=5 tid=172 in Object.wait()&#10;java.lang.Thread.State: WAITING (on object monitor)&#10;        at sun.misc.Unsafe.park(Native Method)&#10;        at java.util.concurrent.locks.LockSupport.park(LockSupport.java:175)&#10;        at java.util.concurrent.locks.AbstractQueuedSynchronizer$ConditionObject.await(AbstractQueuedSynchronizer.java:2039)&#10;        at java.util.concurrent.ScheduledThreadPoolExecutor$DelayedWorkQueue.take(ScheduledThreadPoolExecutor.java:1088)&#10;        at java.util.concurrent.ScheduledThreadPoolExecutor$DelayedWorkQueue.take(ScheduledThreadPoolExecutor.java:809)&#10;        at java.util.concurrent.ThreadPoolExecutor.getTask(ThreadPoolExecutor.java:1074)&#10;        at java.util.concurrent.ThreadPoolExecutor.runWorker(ThreadPoolExecutor.java:1134)&#10;        at java.util.concurrent.ThreadPoolExecutor$Worker.run(ThreadPoolExecutor.java:624)&#10;        at java.lang.Thread.run(Thread.java:748)&#10;&quot;Datanode ReportManager Thread - 2&quot; daemon prio=5 tid=227 in Object.wait()&#10;java.lang.Thread.State: WAITING (on object monitor)&#10;        at sun.misc.Unsafe.park(Native Method)&#10;        at java.util.concurrent.locks.LockSupport.park(LockSupport.java:175)&#10;        at java.util.concurrent.locks.AbstractQueuedSynchronizer$ConditionObject.await(AbstractQueuedSynchronizer.java:2039)&#10;        at java.util.concurrent.ScheduledThreadPoolExecutor$DelayedWorkQueue.take(ScheduledThreadPoolExecutor.java:1088)&#10;        at java.util.concurrent.ScheduledThreadPoolExecutor$DelayedWorkQueue.take(ScheduledThreadPoolExecutor.java:809)&#10;        at java.util.concurrent.ThreadPoolExecutor.getTask(ThreadPoolExecutor.java:1074)&#10;        at java.util.concurrent.ThreadPoolExecutor.runWorker(ThreadPoolExecutor.java:1134)&#10;        at java.util.concurrent.ThreadPoolExecutor$Worker.run(ThreadPoolExecutor.java:624)&#10;        at java.lang.Thread.run(Thread.java:748)&#10;&quot;d3056189-9fd1-4309-9520-f49ad506b671@group-01AE132E748A-StateMachineUpdater&quot; daemon prio=5 tid=1188 in Object.wait()&#10;java.lang.Thread.State: WAITING (on object monitor)&#10;        at java.lang.Object.wait(Native Method)&#10;        at java.lang.Object.wait(Object.java:502)&#10;        at org.apache.ratis.server.impl.StateMachineUpdater.waitForCommit(StateMachineUpdater.java:194)&#10;        at org.apache.ratis.server.impl.StateMachineUpdater.run(StateMachineUpdater.java:159)&#10;        at java.lang.Thread.run(Thread.java:748)&#10;&quot;Datanode State Machine Thread - 0&quot; daemon prio=5 tid=609 timed_waiting&#10;java.lang.Thread.State: TIMED_WAITING&#10;        at sun.misc.Unsafe.park(Native Method)&#10;        at java.util.concurrent.locks.LockSupport.parkNanos(LockSupport.java:215)&#10;        at java.util.concurrent.SynchronousQueue$TransferStack.awaitFulfill(SynchronousQueue.java:460)&#10;        at java.util.concurrent.SynchronousQueue$TransferStack.transfer(SynchronousQueue.java:362)&#10;        at java.util.concurrent.SynchronousQueue.poll(SynchronousQueue.java:941)&#10;        at java.util.concurrent.ThreadPoolExecutor.getTask(ThreadPoolExecutor.java:1073)&#10;        at java.util.concurrent.ThreadPoolExecutor.runWorker(ThreadPoolExecutor.java:1134)&#10;        at java.util.concurrent.ThreadPoolExecutor$Worker.run(ThreadPoolExecutor.java:624)&#10;        at java.lang.Thread.run(Thread.java:748)&#10;&quot;org.apache.hadoop.util.JvmPauseMonitor$Monitor@76d94205&quot; daemon prio=5 tid=203 timed_waiting&#10;java.lang.Thread.State: TIMED_WAITING&#10;        at java.lang.Thread.sleep(Native Method)&#10;        at org.apache.hadoop.util.JvmPauseMonitor$Monitor.run(JvmPauseMonitor.java:192)&#10;        at java.lang.Thread.run(Thread.java:748)&#10;&quot;pool-117-thread-17&quot;  prio=5 tid=1076 in Object.wait()&#10;java.lang.Thread.State: WAITING (on object monitor)&#10;        at sun.misc.Unsafe.park(Native Method)&#10;        at java.util.concurrent.locks.LockSupport.park(LockSupport.java:175)&#10;        at java.util.concurrent.locks.AbstractQueuedSynchronizer$ConditionObject.await(AbstractQueuedSynchronizer.java:2039)&#10;        at java.util.concurrent.ArrayBlockingQueue.take(ArrayBlockingQueue.java:403)&#10;        at java.util.concurrent.ThreadPoolExecutor.getTask(ThreadPoolExecutor.java:1074)&#10;        at java.util.concurrent.ThreadPoolExecutor.runWorker(ThreadPoolExecutor.java:1134)&#10;        at java.util.concurrent.ThreadPoolExecutor$Worker.run(ThreadPoolExecutor.java:624)&#10;        at java.lang.Thread.run(Thread.java:748)&#10;&quot;metrics-hadoop-metrics2-reporter-1-thread-1&quot; daemon prio=5 tid=812 timed_waiting&#10;java.lang.Thread.State: TIMED_WAITING&#10;        at sun.misc.Unsafe.park(Native Method)&#10;        at java.util.concurrent.locks.LockSupport.parkNanos(LockSupport.java:215)&#10;        at java.util.concurrent.locks.AbstractQueuedSynchronizer$ConditionObject.awaitNanos(AbstractQueuedSynchronizer.java:2078)&#10;        at java.util.concurrent.ScheduledThreadPoolExecutor$DelayedWorkQueue.take(ScheduledThreadPoolExecutor.java:1093)&#10;        at java.util.concurrent.ScheduledThreadPoolExecutor$DelayedWorkQueue.take(ScheduledThreadPoolExecutor.java:809)&#10;        at java.util.concurrent.ThreadPoolExecutor.getTask(ThreadPoolExecutor.java:1074)&#10;        at java.util.concurrent.ThreadPoolExecutor.runWorker(ThreadPoolExecutor.java:1134)&#10;        at java.util.concurrent.ThreadPoolExecutor$Worker.run(ThreadPoolExecutor.java:624)&#10;        at java.lang.Thread.run(Thread.java:748)&#10;&quot;pool-46-thread-51&quot;  prio=5 tid=563 in Object.wait()&#10;java.lang.Thread.State: WAITING (on object monitor)&#10;        at sun.misc.Unsafe.park(Native Method)&#10;        at java.util.concurrent.locks.LockSupport.park(LockSupport.java:175)&#10;        at java.util.concurrent.locks.AbstractQueuedSynchronizer$ConditionObject.await(AbstractQueuedSynchronizer.java:2039)&#10;        at java.util.concurrent.ArrayBlockingQueue.take(ArrayBlockingQueue.java:403)&#10;        at java.util.concurrent.ThreadPoolExecutor.getTask(ThreadPoolExecutor.java:1074)&#10;        at java.util.concurrent.ThreadPoolExecutor.runWorker(ThreadPoolExecutor.java:1134)&#10;        at java.util.concurrent.ThreadPoolExecutor$Worker.run(ThreadPoolExecutor.java:624)&#10;        at java.lang.Thread.run(Thread.java:748)&#10;&quot;IPC Server handler 9 on 37838&quot; daemon prio=5 tid=78 timed_waiting&#10;java.lang.Thread.State: TIMED_WAITING&#10;        at sun.misc.Unsafe.park(Native Method)&#10;        at java.util.concurrent.locks.LockSupport.parkNanos(LockSupport.java:215)&#10;        at java.util.concurrent.locks.AbstractQueuedSynchronizer$ConditionObject.awaitNanos(AbstractQueuedSynchronizer.java:2078)&#10;        at java.util.concurrent.LinkedBlockingQueue.poll(LinkedBlockingQueue.java:467)&#10;        at org.apache.hadoop.ipc.CallQueueManager.take(CallQueueManager.java:288)&#10;        at org.apache.hadoop.ipc.Server$Handler.run(Server.java:2668)&#10;&quot;qtp1089341986-142&quot; daemon prio=5 tid=142 timed_waiting&#10;java.lang.Thread.State: TIMED_WAITING&#10;        at sun.misc.Unsafe.park(Native Method)&#10;        at java.util.concurrent.locks.LockSupport.parkNanos(LockSupport.java:215)&#10;        at java.util.concurrent.locks.AbstractQueuedSynchronizer$ConditionObject.awaitNanos(AbstractQueuedSynchronizer.java:2078)&#10;        at org.eclipse.jetty.util.BlockingArrayQueue.poll(BlockingArrayQueue.java:392)&#10;        at org.eclipse.jetty.util.thread.QueuedThreadPool.idleJobPoll(QueuedThreadPool.java:563)&#10;        at org.eclipse.jetty.util.thread.QueuedThreadPool.access$800(QueuedThreadPool.java:48)&#10;        at org.eclipse.jetty.util.thread.QueuedThreadPool$2.run(QueuedThreadPool.java:626)&#10;        at java.lang.Thread.run(Thread.java:748)&#10;&quot;pool-46-thread-45&quot;  prio=5 tid=533 in Object.wait()&#10;java.lang.Thread.State: WAITING (on object monitor)&#10;        at sun.misc.Unsafe.park(Native Method)&#10;        at java.util.concurrent.locks.LockSupport.park(LockSupport.java:175)&#10;        at java.util.concurrent.locks.AbstractQueuedSynchronizer$ConditionObject.await(AbstractQueuedSynchronizer.java:2039)&#10;        at java.util.concurrent.ArrayBlockingQueue.take(ArrayBlockingQueue.java:403)&#10;        at java.util.concurrent.ThreadPoolExecutor.getTask(ThreadPoolExecutor.java:1074)&#10;        at java.util.concurrent.ThreadPoolExecutor.runWorker(ThreadPoolExecutor.java:1134)&#10;        at java.util.concurrent.ThreadPoolExecutor$Worker.run(ThreadPoolExecutor.java:624)&#10;        at java.lang.Thread.run(Thread.java:748)&#10;&quot;pool-36-thread-22&quot;  prio=5 tid=424 in Object.wait()&#10;java.lang.Thread.State: WAITING (on object monitor)&#10;        at sun.misc.Unsafe.park(Native Method)&#10;        at java.util.concurrent.locks.LockSupport.park(LockSupport.java:175)&#10;        at java.util.concurrent.locks.AbstractQueuedSynchronizer$ConditionObject.await(AbstractQueuedSynchronizer.java:2039)&#10;        at java.util.concurrent.ArrayBlockingQueue.take(ArrayBlockingQueue.java:403)&#10;        at java.util.concurrent.ThreadPoolExecutor.getTask(ThreadPoolExecutor.java:1074)&#10;        at java.util.concurrent.ThreadPoolExecutor.runWorker(ThreadPoolExecutor.java:1134)&#10;        at java.util.concurrent.ThreadPoolExecutor$Worker.run(ThreadPoolExecutor.java:624)&#10;        at java.lang.Thread.run(Thread.java:748)&#10;&quot;qtp747378368-722&quot; daemon prio=5 tid=722 timed_waiting&#10;java.lang.Thread.State: TIMED_WAITING&#10;        at sun.misc.Unsafe.park(Native Method)&#10;        at java.util.concurrent.locks.LockSupport.parkNanos(LockSupport.java:215)&#10;        at java.util.concurrent.locks.AbstractQueuedSynchronizer$ConditionObject.awaitNanos(AbstractQueuedSynchronizer.java:2078)&#10;        at org.eclipse.jetty.util.BlockingArrayQueue.poll(BlockingArrayQueue.java:392)&#10;        at org.eclipse.jetty.util.thread.QueuedThreadPool.idleJobPoll(QueuedThreadPool.java:563)&#10;        at org.eclipse.jetty.util.thread.QueuedThreadPool.access$800(QueuedThreadPool.java:48)&#10;        at org.eclipse.jetty.util.thread.QueuedThreadPool$2.run(QueuedThreadPool.java:626)&#10;        at java.lang.Thread.run(Thread.java:748)&#10;&quot;pool-36-thread-45&quot;  prio=5 tid=540 in Object.wait()&#10;java.lang.Thread.State: WAITING (on object monitor)&#10;        at sun.misc.Unsafe.park(Native Method)&#10;        at java.util.concurrent.locks.LockSupport.park(LockSupport.java:175)&#10;        at java.util.concurrent.locks.AbstractQueuedSynchronizer$ConditionObject.await(AbstractQueuedSynchronizer.java:2039)&#10;        at java.util.concurrent.ArrayBlockingQueue.take(ArrayBlockingQueue.java:403)&#10;        at java.util.concurrent.ThreadPoolExecutor.getTask(ThreadPoolExecutor.java:1074)&#10;        at java.util.concurrent.ThreadPoolExecutor.runWorker(ThreadPoolExecutor.java:1134)&#10;        at java.util.concurrent.ThreadPoolExecutor$Worker.run(ThreadPoolExecutor.java:624)&#10;        at java.lang.Thread.run(Thread.java:748)&#10;&quot;pool-117-thread-43&quot;  prio=5 tid=1102 in Object.wait()&#10;java.lang.Thread.State: WAITING (on object monitor)&#10;        at sun.misc.Unsafe.park(Native Method)&#10;        at java.util.concurrent.locks.LockSupport.park(LockSupport.java:175)&#10;        at java.util.concurrent.locks.AbstractQueuedSynchronizer$ConditionObject.await(AbstractQueuedSynchronizer.java:2039)&#10;        at java.util.concurrent.ArrayBlockingQueue.take(ArrayBlockingQueue.java:403)&#10;        at java.util.concurrent.ThreadPoolExecutor.getTask(ThreadPoolExecutor.java:1074)&#10;        at java.util.concurrent.ThreadPoolExecutor.runWorker(ThreadPoolExecutor.java:1134)&#10;        at java.util.concurrent.ThreadPoolExecutor$Worker.run(ThreadPoolExecutor.java:624)&#10;        at java.lang.Thread.run(Thread.java:748)&#10;&quot;metrics-hadoop-metrics2-reporter-18-thread-1&quot; daemon prio=5 tid=1051 timed_waiting&#10;java.lang.Thread.State: TIMED_WAITING&#10;        at sun.misc.Unsafe.park(Native Method)&#10;        at java.util.concurrent.locks.LockSupport.parkNanos(LockSupport.java:215)&#10;        at java.util.concurrent.locks.AbstractQueuedSynchronizer$ConditionObject.awaitNanos(AbstractQueuedSynchronizer.java:2078)&#10;        at java.util.concurrent.ScheduledThreadPoolExecutor$DelayedWorkQueue.take(ScheduledThreadPoolExecutor.java:1093)&#10;        at java.util.concurrent.ScheduledThreadPoolExecutor$DelayedWorkQueue.take(ScheduledThreadPoolExecutor.java:809)&#10;        at java.util.concurrent.ThreadPoolExecutor.getTask(ThreadPoolExecutor.java:1074)&#10;        at java.util.concurrent.ThreadPoolExecutor.runWorker(ThreadPoolExecutor.java:1134)&#10;        at java.util.concurrent.ThreadPoolExecutor$Worker.run(ThreadPoolExecutor.java:624)&#10;        at java.lang.Thread.run(Thread.java:748)&#10;&quot;pool-96-thread-32&quot;  prio=5 tid=914 in Object.wait()&#10;java.lang.Thread.State: WAITING (on object monitor)&#10;        at sun.misc.Unsafe.park(Native Method)&#10;        at java.util.concurrent.locks.LockSupport.park(LockSupport.java:175)&#10;        at java.util.concurrent.locks.AbstractQueuedSynchronizer$ConditionObject.await(AbstractQueuedSynchronizer.java:2039)&#10;        at java.util.concurrent.ArrayBlockingQueue.take(ArrayBlockingQueue.java:403)&#10;        at java.util.concurrent.ThreadPoolExecutor.getTask(ThreadPoolExecutor.java:1074)&#10;        at java.util.concurrent.ThreadPoolExecutor.runWorker(ThreadPoolExecutor.java:1134)&#10;        at java.util.concurrent.ThreadPoolExecutor$Worker.run(ThreadPoolExecutor.java:624)&#10;        at java.lang.Thread.run(Thread.java:748)&#10;&quot;BlockDeletingService#0&quot; daemon prio=5 tid=807 timed_waiting&#10;java.lang.Thread.State: TIMED_WAITING&#10;        at sun.misc.Unsafe.park(Native Method)&#10;        at java.util.concurrent.locks.LockSupport.parkNanos(LockSupport.java:215)&#10;        at java.util.concurrent.locks.AbstractQueuedSynchronizer$ConditionObject.awaitNanos(AbstractQueuedSynchronizer.java:2078)&#10;        at java.util.concurrent.ScheduledThreadPoolExecutor$DelayedWorkQueue.take(ScheduledThreadPoolExecutor.java:1093)&#10;        at java.util.concurrent.ScheduledThreadPoolExecutor$DelayedWorkQueue.take(ScheduledThreadPoolExecutor.java:809)&#10;        at java.util.concurrent.ThreadPoolExecutor.getTask(ThreadPoolExecutor.java:1074)&#10;        at java.util.concurrent.ThreadPoolExecutor.runWorker(ThreadPoolExecutor.java:1134)&#10;        at java.util.concurrent.ThreadPoolExecutor$Worker.run(ThreadPoolExecutor.java:624)&#10;        at java.lang.Thread.run(Thread.java:748)&#10;&quot;pool-66-thread-44&quot;  prio=5 tid=689 in Object.wait()&#10;java.lang.Thread.State: WAITING (on object monitor)&#10;        at sun.misc.Unsafe.park(Native Method)&#10;        at java.util.concurrent.locks.LockSupport.park(LockSupport.java:175)&#10;        at java.util.concurrent.locks.AbstractQueuedSynchronizer$ConditionObject.await(AbstractQueuedSynchronizer.java:2039)&#10;        at java.util.concurrent.ArrayBlockingQueue.take(ArrayBlockingQueue.java:403)&#10;        at java.util.concurrent.ThreadPoolExecutor.getTask(ThreadPoolExecutor.java:1074)&#10;        at java.util.concurrent.ThreadPoolExecutor.runWorker(ThreadPoolExecutor.java:1134)&#10;        at java.util.concurrent.ThreadPoolExecutor$Worker.run(ThreadPoolExecutor.java:624)&#10;        at java.lang.Thread.run(Thread.java:748)&#10;&quot;pool-66-thread-37&quot;  prio=5 tid=678 in Object.wait()&#10;java.lang.Thread.State: WAITING (on object monitor)&#10;        at sun.misc.Unsafe.park(Native Method)&#10;        at java.util.concurrent.locks.LockSupport.park(LockSupport.java:175)&#10;        at java.util.concurrent.locks.AbstractQueuedSynchronizer$ConditionObject.await(AbstractQueuedSynchronizer.java:2039)&#10;        at java.util.concurrent.ArrayBlockingQueue.take(ArrayBlockingQueue.java:403)&#10;        at java.util.concurrent.ThreadPoolExecutor.getTask(ThreadPoolExecutor.java:1074)&#10;        at java.util.concurrent.ThreadPoolExecutor.runWorker(ThreadPoolExecutor.java:1134)&#10;        at java.util.concurrent.ThreadPoolExecutor$Worker.run(ThreadPoolExecutor.java:624)&#10;        at java.lang.Thread.run(Thread.java:748)&#10;&quot;pool-30-thread-1&quot;  prio=5 tid=158 timed_waiting&#10;java.lang.Thread.State: TIMED_WAITING&#10;        at sun.misc.Unsafe.park(Native Method)&#10;        at java.util.concurrent.locks.LockSupport.parkNanos(LockSupport.java:215)&#10;        at java.util.concurrent.locks.AbstractQueuedSynchronizer$ConditionObject.awaitNanos(AbstractQueuedSynchronizer.java:2078)&#10;        at java.util.concurrent.ScheduledThreadPoolExecutor$DelayedWorkQueue.take(ScheduledThreadPoolExecutor.java:1093)&#10;        at java.util.concurrent.ScheduledThreadPoolExecutor$DelayedWorkQueue.take(ScheduledThreadPoolExecutor.java:809)&#10;        at java.util.concurrent.ThreadPoolExecutor.getTask(ThreadPoolExecutor.java:1074)&#10;        at java.util.concurrent.ThreadPoolExecutor.runWorker(ThreadPoolExecutor.java:1134)&#10;        at java.util.concurrent.ThreadPoolExecutor$Worker.run(ThreadPoolExecutor.java:624)&#10;        at java.lang.Thread.run(Thread.java:748)&#10;&quot;Thread-397&quot; daemon prio=5 tid=1270 timed_waiting&#10;java.lang.Thread.State: TIMED_WAITING&#10;        at sun.misc.Unsafe.park(Native Method)&#10;        at java.util.concurrent.locks.LockSupport.parkNanos(LockSupport.java:215)&#10;        at java.util.concurrent.locks.AbstractQueuedSynchronizer$ConditionObject.awaitNanos(AbstractQueuedSynchronizer.java:2078)&#10;        at java.util.concurrent.ArrayBlockingQueue.poll(ArrayBlockingQueue.java:418)&#10;        at org.apache.ratis.server.impl.LeaderState$EventQueue.poll(LeaderState.java:116)&#10;        at org.apache.ratis.server.impl.LeaderState$EventProcessor.run(LeaderState.java:468)&#10;&quot;pool-26-thread-50&quot;  prio=5 tid=508 in Object.wait()&#10;java.lang.Thread.State: WAITING (on object monitor)&#10;        at sun.misc.Unsafe.park(Native Method)&#10;        at java.util.concurrent.locks.LockSupport.park(LockSupport.java:175)&#10;        at java.util.concurrent.locks.AbstractQueuedSynchronizer$ConditionObject.await(AbstractQueuedSynchronizer.java:2039)&#10;        at java.util.concurrent.ArrayBlockingQueue.take(ArrayBlockingQueue.java:403)&#10;        at java.util.concurrent.ThreadPoolExecutor.getTask(ThreadPoolExecutor.java:1074)&#10;        at java.util.concurrent.ThreadPoolExecutor.runWorker(ThreadPoolExecutor.java:1134)&#10;        at java.util.concurrent.ThreadPoolExecutor$Worker.run(ThreadPoolExecutor.java:624)&#10;        at java.lang.Thread.run(Thread.java:748)&#10;&quot;IPC Server handler 0 on 40878&quot; daemon prio=5 tid=49 timed_waiting&#10;java.lang.Thread.State: TIMED_WAITING&#10;        at sun.misc.Unsafe.park(Native Method)&#10;        at java.util.concurrent.locks.LockSupport.parkNanos(LockSupport.java:215)&#10;        at java.util.concurrent.locks.AbstractQueuedSynchronizer$ConditionObject.awaitNanos(AbstractQueuedSynchronizer.java:2078)&#10;        at java.util.concurrent.LinkedBlockingQueue.poll(LinkedBlockingQueue.java:467)&#10;        at org.apache.hadoop.ipc.CallQueueManager.take(CallQueueManager.java:288)&#10;        at org.apache.hadoop.ipc.Server$Handler.run(Server.java:2668)&#10;&quot;pool-86-thread-8&quot;  prio=5 tid=826 in Object.wait()&#10;java.lang.Thread.State: WAITING (on object monitor)&#10;        at sun.misc.Unsafe.park(Native Method)&#10;        at java.util.concurrent.locks.LockSupport.park(LockSupport.java:175)&#10;        at java.util.concurrent.locks.AbstractQueuedSynchronizer$ConditionObject.await(AbstractQueuedSynchronizer.java:2039)&#10;        at java.util.concurrent.ArrayBlockingQueue.take(ArrayBlockingQueue.java:403)&#10;        at java.util.concurrent.ThreadPoolExecutor.getTask(ThreadPoolExecutor.java:1074)&#10;        at java.util.concurrent.ThreadPoolExecutor.runWorker(ThreadPoolExecutor.java:1134)&#10;        at java.util.concurrent.ThreadPoolExecutor$Worker.run(ThreadPoolExecutor.java:624)&#10;        at java.lang.Thread.run(Thread.java:748)&#10;&quot;pool-54-thread-1&quot; daemon prio=5 tid=237 timed_waiting&#10;java.lang.Thread.State: TIMED_WAITING&#10;        at sun.misc.Unsafe.park(Native Method)&#10;        at java.util.concurrent.locks.LockSupport.parkNanos(LockSupport.java:215)&#10;        at java.util.concurrent.locks.AbstractQueuedSynchronizer$ConditionObject.awaitNanos(AbstractQueuedSynchronizer.java:2078)&#10;        at java.util.concurrent.ScheduledThreadPoolExecutor$DelayedWorkQueue.take(ScheduledThreadPoolExecutor.java:1093)&#10;        at java.util.concurrent.ScheduledThreadPoolExecutor$DelayedWorkQueue.take(ScheduledThreadPoolExecutor.java:809)&#10;        at java.util.concurrent.ThreadPoolExecutor.getTask(ThreadPoolExecutor.java:1074)&#10;        at java.util.concurrent.ThreadPoolExecutor.runWorker(ThreadPoolExecutor.java:1134)&#10;        at java.util.concurrent.ThreadPoolExecutor$Worker.run(ThreadPoolExecutor.java:624)&#10;        at java.lang.Thread.run(Thread.java:748)&#10;&quot;pool-36-thread-19&quot;  prio=5 tid=407 in Object.wait()&#10;java.lang.Thread.State: WAITING (on object monitor)&#10;        at sun.misc.Unsafe.park(Native Method)&#10;        at java.util.concurrent.locks.LockSupport.park(LockSupport.java:175)&#10;        at java.util.concurrent.locks.AbstractQueuedSynchronizer$ConditionObject.await(AbstractQueuedSynchronizer.java:2039)&#10;        at java.util.concurrent.ArrayBlockingQueue.take(ArrayBlockingQueue.java:403)&#10;        at java.util.concurrent.ThreadPoolExecutor.getTask(ThreadPoolExecutor.java:1074)&#10;        at java.util.concurrent.ThreadPoolExecutor.runWorker(ThreadPoolExecutor.java:1134)&#10;        at java.util.concurrent.ThreadPoolExecutor$Worker.run(ThreadPoolExecutor.java:624)&#10;        at java.lang.Thread.run(Thread.java:748)&#10;&quot;IPC Server handler 17 on 40878&quot; daemon prio=5 tid=66 timed_waiting&#10;java.lang.Thread.State: TIMED_WAITING&#10;        at sun.misc.Unsafe.park(Native Method)&#10;        at java.util.concurrent.locks.LockSupport.parkNanos(LockSupport.java:215)&#10;        at java.util.concurrent.locks.AbstractQueuedSynchronizer$ConditionObject.awaitNanos(AbstractQueuedSynchronizer.java:2078)&#10;        at java.util.concurrent.LinkedBlockingQueue.poll(LinkedBlockingQueue.java:467)&#10;        at org.apache.hadoop.ipc.CallQueueManager.take(CallQueueManager.java:288)&#10;        at org.apache.hadoop.ipc.Server$Handler.run(Server.java:2668)&#10;&quot;pool-96-thread-59&quot;  prio=5 tid=941 in Object.wait()&#10;java.lang.Thread.State: WAITING (on object monitor)&#10;        at sun.misc.Unsafe.park(Native Method)&#10;        at java.util.concurrent.locks.LockSupport.park(LockSupport.java:175)&#10;        at java.util.concurrent.locks.AbstractQueuedSynchronizer$ConditionObject.await(AbstractQueuedSynchronizer.java:2039)&#10;        at java.util.concurrent.ArrayBlockingQueue.take(ArrayBlockingQueue.java:403)&#10;        at java.util.concurrent.ThreadPoolExecutor.getTask(ThreadPoolExecutor.java:1074)&#10;        at java.util.concurrent.ThreadPoolExecutor.runWorker(ThreadPoolExecutor.java:1134)&#10;        at java.util.concurrent.ThreadPoolExecutor$Worker.run(ThreadPoolExecutor.java:624)&#10;        at java.lang.Thread.run(Thread.java:748)&#10;&quot;pool-47-thread-1&quot;  prio=5 tid=882 in Object.wait()&#10;java.lang.Thread.State: WAITING (on object monitor)&#10;        at sun.misc.Unsafe.park(Native Method)&#10;        at java.util.concurrent.locks.LockSupport.park(LockSupport.java:175)&#10;        at java.util.concurrent.locks.AbstractQueuedSynchronizer$ConditionObject.await(AbstractQueuedSynchronizer.java:2039)&#10;        at java.util.concurrent.LinkedBlockingQueue.take(LinkedBlockingQueue.java:442)&#10;        at java.util.concurrent.ThreadPoolExecutor.getTask(ThreadPoolExecutor.java:1074)&#10;        at java.util.concurrent.ThreadPoolExecutor.runWorker(ThreadPoolExecutor.java:1134)&#10;        at java.util.concurrent.ThreadPoolExecutor$Worker.run(ThreadPoolExecutor.java:624)&#10;        at java.lang.Thread.run(Thread.java:748)&#10;&quot;org.eclipse.jetty.server.session.HashSessionManager@17f3eefbTimer&quot; daemon prio=5 tid=303 timed_waiting&#10;java.lang.Thread.State: TIMED_WAITING&#10;        at sun.misc.Unsafe.park(Native Method)&#10;        at java.util.concurrent.locks.LockSupport.parkNanos(LockSupport.java:215)&#10;        at java.util.concurrent.locks.AbstractQueuedSynchronizer$ConditionObject.awaitNanos(AbstractQueuedSynchronizer.java:2078)&#10;        at java.util.concurrent.ScheduledThreadPoolExecutor$DelayedWorkQueue.take(ScheduledThreadPoolExecutor.java:1093)&#10;        at java.util.concurrent.ScheduledThreadPoolExecutor$DelayedWorkQueue.take(ScheduledThreadPoolExecutor.java:809)&#10;        at java.util.concurrent.ThreadPoolExecutor.getTask(ThreadPoolExecutor.java:1074)&#10;        at java.util.concurrent.ThreadPoolExecutor.runWorker(ThreadPoolExecutor.java:1134)&#10;        at java.util.concurrent.ThreadPoolExecutor$Worker.run(ThreadPoolExecutor.java:624)&#10;        at java.lang.Thread.run(Thread.java:748)&#10;&quot;pool-96-thread-25&quot;  prio=5 tid=907 in Object.wait()&#10;java.lang.Thread.State: WAITING (on object monitor)&#10;        at sun.misc.Unsafe.park(Native Method)&#10;        at java.util.concurrent.locks.LockSupport.park(LockSupport.java:175)&#10;        at java.util.concurrent.locks.AbstractQueuedSynchronizer$ConditionObject.await(AbstractQueuedSynchronizer.java:2039)&#10;        at java.util.concurrent.ArrayBlockingQueue.take(ArrayBlockingQueue.java:403)&#10;        at java.util.concurrent.ThreadPoolExecutor.getTask(ThreadPoolExecutor.java:1074)&#10;        at java.util.concurrent.ThreadPoolExecutor.runWorker(ThreadPoolExecutor.java:1134)&#10;        at java.util.concurrent.ThreadPoolExecutor$Worker.run(ThreadPoolExecutor.java:624)&#10;        at java.lang.Thread.run(Thread.java:748)&#10;&quot;BlockDeletingService#1&quot; daemon prio=5 tid=635 in Object.wait()&#10;java.lang.Thread.State: WAITING (on object monitor)&#10;        at sun.misc.Unsafe.park(Native Method)&#10;        at java.util.concurrent.locks.LockSupport.park(LockSupport.java:175)&#10;        at java.util.concurrent.locks.AbstractQueuedSynchronizer$ConditionObject.await(AbstractQueuedSynchronizer.java:2039)&#10;        at java.util.concurrent.ScheduledThreadPoolExecutor$DelayedWorkQueue.take(ScheduledThreadPoolExecutor.java:1088)&#10;        at java.util.concurrent.ScheduledThreadPoolExecutor$DelayedWorkQueue.take(ScheduledThreadPoolExecutor.java:809)&#10;        at java.util.concurrent.ThreadPoolExecutor.getTask(ThreadPoolExecutor.java:1074)&#10;        at java.util.concurrent.ThreadPoolExecutor.runWorker(ThreadPoolExecutor.java:1134)&#10;        at java.util.concurrent.ThreadPoolExecutor$Worker.run(ThreadPoolExecutor.java:624)&#10;        at java.lang.Thread.run(Thread.java:748)&#10;&quot;pool-46-thread-23&quot;  prio=5 tid=418 in Object.wait()&#10;java.lang.Thread.State: WAITING (on object monitor)&#10;        at sun.misc.Unsafe.park(Native Method)&#10;        at java.util.concurrent.locks.LockSupport.park(LockSupport.java:175)&#10;        at java.util.concurrent.locks.AbstractQueuedSynchronizer$ConditionObject.await(AbstractQueuedSynchronizer.java:2039)&#10;        at java.util.concurrent.ArrayBlockingQueue.take(ArrayBlockingQueue.java:403)&#10;        at java.util.concurrent.ThreadPoolExecutor.getTask(ThreadPoolExecutor.java:1074)&#10;        at java.util.concurrent.ThreadPoolExecutor.runWorker(ThreadPoolExecutor.java:1134)&#10;        at java.util.concurrent.ThreadPoolExecutor$Worker.run(ThreadPoolExecutor.java:624)&#10;        at java.lang.Thread.run(Thread.java:748)&#10;&quot;pool-46-thread-15&quot;  prio=5 tid=370 in Object.wait()&#10;java.lang.Thread.State: WAITING (on object monitor)&#10;        at sun.misc.Unsafe.park(Native Method)&#10;        at java.util.concurrent.locks.LockSupport.park(LockSupport.java:175)&#10;        at java.util.concurrent.locks.AbstractQueuedSynchronizer$ConditionObject.await(AbstractQueuedSynchronizer.java:2039)&#10;        at java.util.concurrent.ArrayBlockingQueue.take(ArrayBlockingQueue.java:403)&#10;        at java.util.concurrent.ThreadPoolExecutor.getTask(ThreadPoolExecutor.java:1074)&#10;        at java.util.concurrent.ThreadPoolExecutor.runWorker(ThreadPoolExecutor.java:1134)&#10;        at java.util.concurrent.ThreadPoolExecutor$Worker.run(ThreadPoolExecutor.java:624)&#10;        at java.lang.Thread.run(Thread.java:748)&#10;&quot;4b7a3050-62f1-41a0-b275-38638fa6aa33@group-C458FCA03E22-StateMachineUpdater&quot; daemon prio=5 tid=1168 in Object.wait()&#10;java.lang.Thread.State: WAITING (on object monitor)&#10;        at java.lang.Object.wait(Native Method)&#10;        at java.lang.Object.wait(Object.java:502)&#10;        at org.apache.ratis.server.impl.StateMachineUpdater.waitForCommit(StateMachineUpdater.java:194)&#10;        at org.apache.ratis.server.impl.StateMachineUpdater.run(StateMachineUpdater.java:159)&#10;        at java.lang.Thread.run(Thread.java:748)&#10;&quot;pool-96-thread-24&quot;  prio=5 tid=906 in Object.wait()&#10;java.lang.Thread.State: WAITING (on object monitor)&#10;        at sun.misc.Unsafe.park(Native Method)&#10;        at java.util.concurrent.locks.LockSupport.park(LockSupport.java:175)&#10;        at java.util.concurrent.locks.AbstractQueuedSynchronizer$ConditionObject.await(AbstractQueuedSynchronizer.java:2039)&#10;        at java.util.concurrent.ArrayBlockingQueue.take(ArrayBlockingQueue.java:403)&#10;        at java.util.concurrent.ThreadPoolExecutor.getTask(ThreadPoolExecutor.java:1074)&#10;        at java.util.concurrent.ThreadPoolExecutor.runWorker(ThreadPoolExecutor.java:1134)&#10;        at java.util.concurrent.ThreadPoolExecutor$Worker.run(ThreadPoolExecutor.java:624)&#10;        at java.lang.Thread.run(Thread.java:748)&#10;&quot;IPC Server handler 18 on 37221&quot; daemon prio=5 tid=133 timed_waiting&#10;java.lang.Thread.State: TIMED_WAITING&#10;        at sun.misc.Unsafe.park(Native Method)&#10;        at java.util.concurrent.locks.LockSupport.parkNanos(LockSupport.java:215)&#10;        at java.util.concurrent.locks.AbstractQueuedSynchronizer$ConditionObject.awaitNanos(AbstractQueuedSynchronizer.java:2078)&#10;        at java.util.concurrent.LinkedBlockingQueue.poll(LinkedBlockingQueue.java:467)&#10;        at org.apache.hadoop.ipc.CallQueueManager.take(CallQueueManager.java:288)&#10;        at org.apache.hadoop.ipc.Server$Handler.run(Server.java:2668)&#10;&quot;Periodic HDDS volume checker&quot;  prio=5 tid=177 timed_waiting&#10;java.lang.Thread.State: TIMED_WAITING&#10;        at sun.misc.Unsafe.park(Native Method)&#10;        at java.util.concurrent.locks.LockSupport.parkNanos(LockSupport.java:215)&#10;        at java.util.concurrent.locks.AbstractQueuedSynchronizer$ConditionObject.awaitNanos(AbstractQueuedSynchronizer.java:2078)&#10;        at java.util.concurrent.ScheduledThreadPoolExecutor$DelayedWorkQueue.take(ScheduledThreadPoolExecutor.java:1093)&#10;        at java.util.concurrent.ScheduledThreadPoolExecutor$DelayedWorkQueue.take(ScheduledThreadPoolExecutor.java:809)&#10;        at java.util.concurrent.ThreadPoolExecutor.getTask(ThreadPoolExecutor.java:1074)&#10;        at java.util.concurrent.ThreadPoolExecutor.runWorker(ThreadPoolExecutor.java:1134)&#10;        at java.util.concurrent.ThreadPoolExecutor$Worker.run(ThreadPoolExecutor.java:624)&#10;        at java.lang.Thread.run(Thread.java:748)&#10;&quot;d4e5ac39-62a0-42b5-ac75-503c3fe19161@group-8544F28F6995-SegmentedRaftLogWorker&quot;  prio=5 tid=1326 timed_waiting&#10;java.lang.Thread.State: TIMED_WAITING&#10;        at sun.misc.Unsafe.park(Native Method)&#10;        at java.util.concurrent.locks.LockSupport.parkNanos(LockSupport.java:215)&#10;        at java.util.concurrent.locks.AbstractQueuedSynchronizer$ConditionObject.awaitNanos(AbstractQueuedSynchronizer.java:2078)&#10;        at org.apache.ratis.util.DataBlockingQueue.poll(DataBlockingQueue.java:137)&#10;        at org.apache.ratis.server.raftlog.segmented.SegmentedRaftLogWorker.run(SegmentedRaftLogWorker.java:282)&#10;        at java.lang.Thread.run(Thread.java:748)&#10;&quot;pool-56-thread-27&quot;  prio=5 tid=447 in Object.wait()&#10;java.lang.Thread.State: WAITING (on object monitor)&#10;        at sun.misc.Unsafe.park(Native Method)&#10;        at java.util.concurrent.locks.LockSupport.park(LockSupport.java:175)&#10;        at java.util.concurrent.locks.AbstractQueuedSynchronizer$ConditionObject.await(AbstractQueuedSynchronizer.java:2039)&#10;        at java.util.concurrent.ArrayBlockingQueue.take(ArrayBlockingQueue.java:403)&#10;        at java.util.concurrent.ThreadPoolExecutor.getTask(ThreadPoolExecutor.java:1074)&#10;        at java.util.concurrent.ThreadPoolExecutor.runWorker(ThreadPoolExecutor.java:1134)&#10;        at java.util.concurrent.ThreadPoolExecutor$Worker.run(ThreadPoolExecutor.java:624)&#10;        at java.lang.Thread.run(Thread.java:748)&#10;&quot;org.eclipse.jetty.server.session.HashSessionManager@6342d610Timer&quot; daemon prio=5 tid=223 timed_waiting&#10;java.lang.Thread.State: TIMED_WAITING&#10;        at sun.misc.Unsafe.park(Native Method)&#10;        at java.util.concurrent.locks.LockSupport.parkNanos(LockSupport.java:215)&#10;        at java.util.concurrent.locks.AbstractQueuedSynchronizer$ConditionObject.awaitNanos(AbstractQueuedSynchronizer.java:2078)&#10;        at java.util.concurrent.ScheduledThreadPoolExecutor$DelayedWorkQueue.take(ScheduledThreadPoolExecutor.java:1093)&#10;        at java.util.concurrent.ScheduledThreadPoolExecutor$DelayedWorkQueue.take(ScheduledThreadPoolExecutor.java:809)&#10;        at java.util.concurrent.ThreadPoolExecutor.getTask(ThreadPoolExecutor.java:1074)&#10;        at java.util.concurrent.ThreadPoolExecutor.runWorker(ThreadPoolExecutor.java:1134)&#10;        at java.util.concurrent.ThreadPoolExecutor$Worker.run(ThreadPoolExecutor.java:624)&#10;        at java.lang.Thread.run(Thread.java:748)&#10;&quot;pool-86-thread-12&quot;  prio=5 tid=830 in Object.wait()&#10;java.lang.Thread.State: WAITING (on object monitor)&#10;        at sun.misc.Unsafe.park(Native Method)&#10;        at java.util.concurrent.locks.LockSupport.park(LockSupport.java:175)&#10;        at java.util.concurrent.locks.AbstractQueuedSynchronizer$ConditionObject.await(AbstractQueuedSynchronizer.java:2039)&#10;        at java.util.concurrent.ArrayBlockingQueue.take(ArrayBlockingQueue.java:403)&#10;        at java.util.concurrent.ThreadPoolExecutor.getTask(ThreadPoolExecutor.java:1074)&#10;        at java.util.concurrent.ThreadPoolExecutor.runWorker(ThreadPoolExecutor.java:1134)&#10;        at java.util.concurrent.ThreadPoolExecutor$Worker.run(ThreadPoolExecutor.java:624)&#10;        at java.lang.Thread.run(Thread.java:748)&#10;&quot;org.eclipse.jetty.server.session.HashSessionManager@2f5ac102Timer&quot; daemon prio=5 tid=167 timed_waiting&#10;java.lang.Thread.State: TIMED_WAITING&#10;        at sun.misc.Unsafe.park(Native Method)&#10;        at java.util.concurrent.locks.LockSupport.parkNanos(LockSupport.java:215)&#10;        at java.util.concurrent.locks.AbstractQueuedSynchronizer$ConditionObject.awaitNanos(AbstractQueuedSynchronizer.java:2078)&#10;        at java.util.concurrent.ScheduledThreadPoolExecutor$DelayedWorkQueue.take(ScheduledThreadPoolExecutor.java:1093)&#10;        at java.util.concurrent.ScheduledThreadPoolExecutor$DelayedWorkQueue.take(ScheduledThreadPoolExecutor.java:809)&#10;        at java.util.concurrent.ThreadPoolExecutor.getTask(ThreadPoolExecutor.java:1074)&#10;        at java.util.concurrent.ThreadPoolExecutor.runWorker(ThreadPoolExecutor.java:1134)&#10;        at java.util.concurrent.ThreadPoolExecutor$Worker.run(ThreadPoolExecutor.java:624)&#10;        at java.lang.Thread.run(Thread.java:748)&#10;&quot;pool-106-thread-32&quot;  prio=5 tid=1011 in Object.wait()&#10;java.lang.Thread.State: WAITING (on object monitor)&#10;        at sun.misc.Unsafe.park(Native Method)&#10;        at java.util.concurrent.locks.LockSupport.park(LockSupport.java:175)&#10;        at java.util.concurrent.locks.AbstractQueuedSynchronizer$ConditionObject.await(AbstractQueuedSynchronizer.java:2039)&#10;        at java.util.concurrent.ArrayBlockingQueue.take(ArrayBlockingQueue.java:403)&#10;        at java.util.concurrent.ThreadPoolExecutor.getTask(ThreadPoolExecutor.java:1074)&#10;        at java.util.concurrent.ThreadPoolExecutor.runWorker(ThreadPoolExecutor.java:1134)&#10;        at java.util.concurrent.ThreadPoolExecutor$Worker.run(ThreadPoolExecutor.java:624)&#10;        at java.lang.Thread.run(Thread.java:748)&#10;&quot;pool-106-thread-14&quot;  prio=5 tid=993 in Object.wait()&#10;java.lang.Thread.State: WAITING (on object monitor)&#10;        at sun.misc.Unsafe.park(Native Method)&#10;        at java.util.concurrent.locks.LockSupport.park(LockSupport.java:175)&#10;        at java.util.concurrent.locks.AbstractQueuedSynchronizer$ConditionObject.await(AbstractQueuedSynchronizer.java:2039)&#10;        at java.util.concurrent.ArrayBlockingQueue.take(ArrayBlockingQueue.java:403)&#10;        at java.util.concurrent.ThreadPoolExecutor.getTask(ThreadPoolExecutor.java:1074)&#10;        at java.util.concurrent.ThreadPoolExecutor.runWorker(ThreadPoolExecutor.java:1134)&#10;        at java.util.concurrent.ThreadPoolExecutor$Worker.run(ThreadPoolExecutor.java:624)&#10;        at java.lang.Thread.run(Thread.java:748)&#10;&quot;pool-76-thread-32&quot;  prio=5 tid=778 in Object.wait()&#10;java.lang.Thread.State: WAITING (on object monitor)&#10;        at sun.misc.Unsafe.park(Native Method)&#10;        at java.util.concurrent.locks.LockSupport.park(LockSupport.java:175)&#10;        at java.util.concurrent.locks.AbstractQueuedSynchronizer$ConditionObject.await(AbstractQueuedSynchronizer.java:2039)&#10;        at java.util.concurrent.ArrayBlockingQueue.take(ArrayBlockingQueue.java:403)&#10;        at java.util.concurrent.ThreadPoolExecutor.getTask(ThreadPoolExecutor.java:1074)&#10;        at java.util.concurrent.ThreadPoolExecutor.runWorker(ThreadPoolExecutor.java:1134)&#10;        at java.util.concurrent.ThreadPoolExecutor$Worker.run(ThreadPoolExecutor.java:624)&#10;        at java.lang.Thread.run(Thread.java:748)&#10;&quot;96fc05bb-33c2-44fe-bb42-67c5c3eec278@group-D9EEF9BF2E95-SegmentedRaftLogWorker&quot;  prio=5 tid=962 timed_waiting&#10;java.lang.Thread.State: TIMED_WAITING&#10;        at sun.misc.Unsafe.park(Native Method)&#10;        at java.util.concurrent.locks.LockSupport.parkNanos(LockSupport.java:215)&#10;        at java.util.concurrent.locks.AbstractQueuedSynchronizer$ConditionObject.awaitNanos(AbstractQueuedSynchronizer.java:2078)&#10;        at org.apache.ratis.util.DataBlockingQueue.poll(DataBlockingQueue.java:137)&#10;        at org.apache.ratis.server.raftlog.segmented.SegmentedRaftLogWorker.run(SegmentedRaftLogWorker.java:282)&#10;        at java.lang.Thread.run(Thread.java:748)&#10;&quot;qtp549049813-268-acceptor-0@4cccc16a-ServerConnector@2b7962a2{HTTP/1.1,[http/1.1]}{0.0.0.0:36489}&quot; daemon prio=3 tid=268 runnable&#10;java.lang.Thread.State: RUNNABLE&#10;        at sun.nio.ch.ServerSocketChannelImpl.accept0(Native Method)&#10;        at sun.nio.ch.ServerSocketChannelImpl.accept(ServerSocketChannelImpl.java:422)&#10;        at sun.nio.ch.ServerSocketChannelImpl.accept(ServerSocketChannelImpl.java:250)&#10;        at org.eclipse.jetty.server.ServerConnector.accept(ServerConnector.java:397)&#10;        at org.eclipse.jetty.server.AbstractConnector$Acceptor.run(AbstractConnector.java:601)&#10;        at org.eclipse.jetty.util.thread.QueuedThreadPool.runJob(QueuedThreadPool.java:671)&#10;        at org.eclipse.jetty.util.thread.QueuedThreadPool$2.run(QueuedThreadPool.java:589)&#10;        at java.lang.Thread.run(Thread.java:748)&#10;&quot;pool-76-thread-9&quot;  prio=5 tid=755 in Object.wait()&#10;java.lang.Thread.State: WAITING (on object monitor)&#10;        at sun.misc.Unsafe.park(Native Method)&#10;        at java.util.concurrent.locks.LockSupport.park(LockSupport.java:175)&#10;        at java.util.concurrent.locks.AbstractQueuedSynchronizer$ConditionObject.await(AbstractQueuedSynchronizer.java:2039)&#10;        at java.util.concurrent.ArrayBlockingQueue.take(ArrayBlockingQueue.java:403)&#10;        at java.util.concurrent.ThreadPoolExecutor.getTask(ThreadPoolExecutor.java:1074)&#10;        at java.util.concurrent.ThreadPoolExecutor.runWorker(ThreadPoolExecutor.java:1134)&#10;        at java.util.concurrent.ThreadPoolExecutor$Worker.run(ThreadPoolExecutor.java:624)&#10;        at java.lang.Thread.run(Thread.java:748)&#10;&quot;595afd9b-8d20-4100-8f7e-109b072917a4@group-1B665A8A35DD-StateMachineUpdater&quot; daemon prio=5 tid=1142 in Object.wait()&#10;java.lang.Thread.State: WAITING (on object monitor)&#10;        at java.lang.Object.wait(Native Method)&#10;        at java.lang.Object.wait(Object.java:502)&#10;        at org.apache.ratis.server.impl.StateMachineUpdater.waitForCommit(StateMachineUpdater.java:194)&#10;        at org.apache.ratis.server.impl.StateMachineUpdater.run(StateMachineUpdater.java:159)&#10;        at java.lang.Thread.run(Thread.java:748)&#10;&quot;Periodic HDDS volume checker&quot;  prio=5 tid=560 timed_waiting&#10;java.lang.Thread.State: TIMED_WAITING&#10;        at sun.misc.Unsafe.park(Native Method)&#10;        at java.util.concurrent.locks.LockSupport.parkNanos(LockSupport.java:215)&#10;        at java.util.concurrent.locks.AbstractQueuedSynchronizer$ConditionObject.awaitNanos(AbstractQueuedSynchronizer.java:2078)&#10;        at java.util.concurrent.ScheduledThreadPoolExecutor$DelayedWorkQueue.take(ScheduledThreadPoolExecutor.java:1093)&#10;        at java.util.concurrent.ScheduledThreadPoolExecutor$DelayedWorkQueue.take(ScheduledThreadPoolExecutor.java:809)&#10;        at java.util.concurrent.ThreadPoolExecutor.getTask(ThreadPoolExecutor.java:1074)&#10;        at java.util.concurrent.ThreadPoolExecutor.runWorker(ThreadPoolExecutor.java:1134)&#10;        at java.util.concurrent.ThreadPoolExecutor$Worker.run(ThreadPoolExecutor.java:624)&#10;        at java.lang.Thread.run(Thread.java:748)&#10;&quot;qtp1089341986-136&quot; daemon prio=5 tid=136 runnable&#10;java.lang.Thread.State: RUNNABLE&#10;        at sun.nio.ch.EPollArrayWrapper.epollWait(Native Method)&#10;        at sun.nio.ch.EPollArrayWrapper.poll(EPollArrayWrapper.java:269)&#10;        at sun.nio.ch.EPollSelectorImpl.doSelect(EPollSelectorImpl.java:93)&#10;        at sun.nio.ch.SelectorImpl.lockAndDoSelect(SelectorImpl.java:86)&#10;        at sun.nio.ch.SelectorImpl.select(SelectorImpl.java:97)&#10;        at sun.nio.ch.SelectorImpl.select(SelectorImpl.java:101)&#10;        at org.eclipse.jetty.io.ManagedSelector$SelectorProducer.select(ManagedSelector.java:243)&#10;        at org.eclipse.jetty.io.ManagedSelector$SelectorProducer.produce(ManagedSelector.java:191)&#10;        at org.eclipse.jetty.util.thread.strategy.ExecuteProduceConsume.executeProduceConsume(ExecuteProduceConsume.java:249)&#10;        at org.eclipse.jetty.util.thread.strategy.ExecuteProduceConsume.produceConsume(ExecuteProduceConsume.java:148)&#10;        at org.eclipse.jetty.util.thread.strategy.ExecuteProduceConsume.execute(ExecuteProduceConsume.java:100)&#10;        at org.eclipse.jetty.io.ManagedSelector.run(ManagedSelector.java:147)&#10;        at org.eclipse.jetty.util.thread.QueuedThreadPool.runJob(QueuedThreadPool.java:671)&#10;        at org.eclipse.jetty.util.thread.QueuedThreadPool$2.run(QueuedThreadPool.java:589)&#10;        at java.lang.Thread.run(Thread.java:748)&#10;&quot;qtp1987707214-165&quot; daemon prio=5 tid=165 timed_waiting&#10;java.lang.Thread.State: TIMED_WAITING&#10;        at sun.misc.Unsafe.park(Native Method)&#10;        at java.util.concurrent.locks.LockSupport.parkNanos(LockSupport.java:215)&#10;        at java.util.concurrent.locks.AbstractQueuedSynchronizer$ConditionObject.awaitNanos(AbstractQueuedSynchronizer.java:2078)&#10;        at org.eclipse.jetty.util.BlockingArrayQueue.poll(BlockingArrayQueue.java:392)&#10;        at org.eclipse.jetty.util.thread.QueuedThreadPool.idleJobPoll(QueuedThreadPool.java:563)&#10;        at org.eclipse.jetty.util.thread.QueuedThreadPool.access$800(QueuedThreadPool.java:48)&#10;        at org.eclipse.jetty.util.thread.QueuedThreadPool$2.run(QueuedThreadPool.java:626)&#10;        at java.lang.Thread.run(Thread.java:748)&#10;&quot;DataNode DiskChecker thread 0&quot; daemon prio=5 tid=209 timed_waiting&#10;java.lang.Thread.State: TIMED_WAITING&#10;        at sun.misc.Unsafe.park(Native Method)&#10;        at java.util.concurrent.locks.LockSupport.parkNanos(LockSupport.java:215)&#10;        at java.util.concurrent.SynchronousQueue$TransferStack.awaitFulfill(SynchronousQueue.java:460)&#10;        at java.util.concurrent.SynchronousQueue$TransferStack.transfer(SynchronousQueue.java:362)&#10;        at java.util.concurrent.SynchronousQueue.poll(SynchronousQueue.java:941)&#10;        at java.util.concurrent.ThreadPoolExecutor.getTask(ThreadPoolExecutor.java:1073)&#10;        at java.util.concurrent.ThreadPoolExecutor.runWorker(ThreadPoolExecutor.java:1134)&#10;        at java.util.concurrent.ThreadPoolExecutor$Worker.run(ThreadPoolExecutor.java:624)&#10;        at java.lang.Thread.run(Thread.java:748)&#10;&quot;ReplicationMonitor&quot; daemon prio=5 tid=1123 timed_waiting&#10;java.lang.Thread.State: TIMED_WAITING&#10;        at java.lang.Object.wait(Native Method)&#10;        at org.apache.hadoop.hdds.scm.container.ReplicationManager.run(ReplicationManager.java:229)&#10;        at org.apache.hadoop.hdds.scm.container.ReplicationManager$$Lambda$349/926778959.run(Unknown Source)&#10;        at java.lang.Thread.run(Thread.java:748)&#10;&quot;DataNode DiskChecker thread 0&quot; daemon prio=5 tid=614 timed_waiting&#10;java.lang.Thread.State: TIMED_WAITING&#10;        at sun.misc.Unsafe.park(Native Method)&#10;        at java.util.concurrent.locks.LockSupport.parkNanos(LockSupport.java:215)&#10;        at java.util.concurrent.SynchronousQueue$TransferStack.awaitFulfill(SynchronousQueue.java:460)&#10;        at java.util.concurrent.SynchronousQueue$TransferStack.transfer(SynchronousQueue.java:362)&#10;        at java.util.concurrent.SynchronousQueue.poll(SynchronousQueue.java:941)&#10;        at java.util.concurrent.ThreadPoolExecutor.getTask(ThreadPoolExecutor.java:1073)&#10;        at java.util.concurrent.ThreadPoolExecutor.runWorker(ThreadPoolExecutor.java:1134)&#10;        at java.util.concurrent.ThreadPoolExecutor$Worker.run(ThreadPoolExecutor.java:624)&#10;        at java.lang.Thread.run(Thread.java:748)&#10;&quot;pool-46-thread-37&quot;  prio=5 tid=490 in Object.wait()&#10;java.lang.Thread.State: WAITING (on object monitor)&#10;        at sun.misc.Unsafe.park(Native Method)&#10;        at java.util.concurrent.locks.LockSupport.park(LockSupport.java:175)&#10;        at java.util.concurrent.locks.AbstractQueuedSynchronizer$ConditionObject.await(AbstractQueuedSynchronizer.java:2039)&#10;        at java.util.concurrent.ArrayBlockingQueue.take(ArrayBlockingQueue.java:403)&#10;        at java.util.concurrent.ThreadPoolExecutor.getTask(ThreadPoolExecutor.java:1074)&#10;        at java.util.concurrent.ThreadPoolExecutor.runWorker(ThreadPoolExecutor.java:1134)&#10;        at java.util.concurrent.ThreadPoolExecutor$Worker.run(ThreadPoolExecutor.java:624)&#10;        at java.lang.Thread.run(Thread.java:748)&#10;&quot;pool-76-thread-12&quot;  prio=5 tid=758 in Object.wait()&#10;java.lang.Thread.State: WAITING (on object monitor)&#10;        at sun.misc.Unsafe.park(Native Method)&#10;        at java.util.concurrent.locks.LockSupport.park(LockSupport.java:175)&#10;        at java.util.concurrent.locks.AbstractQueuedSynchronizer$ConditionObject.await(AbstractQueuedSynchronizer.java:2039)&#10;        at java.util.concurrent.ArrayBlockingQueue.take(ArrayBlockingQueue.java:403)&#10;        at java.util.concurrent.ThreadPoolExecutor.getTask(ThreadPoolExecutor.java:1074)&#10;        at java.util.concurrent.ThreadPoolExecutor.runWorker(ThreadPoolExecutor.java:1134)&#10;        at java.util.concurrent.ThreadPoolExecutor$Worker.run(ThreadPoolExecutor.java:624)&#10;        at java.lang.Thread.run(Thread.java:748)&#10;&quot;pool-36-thread-11&quot;  prio=5 tid=371 in Object.wait()&#10;java.lang.Thread.State: WAITING (on object monitor)&#10;        at sun.misc.Unsafe.park(Native Method)&#10;        at java.util.concurrent.locks.LockSupport.park(LockSupport.java:175)&#10;        at java.util.concurrent.locks.AbstractQueuedSynchronizer$ConditionObject.await(AbstractQueuedSynchronizer.java:2039)&#10;        at java.util.concurrent.ArrayBlockingQueue.take(ArrayBlockingQueue.java:403)&#10;        at java.util.concurrent.ThreadPoolExecutor.getTask(ThreadPoolExecutor.java:1074)&#10;        at java.util.concurrent.ThreadPoolExecutor.runWorker(ThreadPoolExecutor.java:1134)&#10;        at java.util.concurrent.ThreadPoolExecutor$Worker.run(ThreadPoolExecutor.java:624)&#10;        at java.lang.Thread.run(Thread.java:748)&#10;&quot;org.eclipse.jetty.server.session.HashSessionManager@14a049f9Timer&quot; daemon prio=5 tid=600 timed_waiting&#10;java.lang.Thread.State: TIMED_WAITING&#10;        at sun.misc.Unsafe.park(Native Method)&#10;        at java.util.concurrent.locks.LockSupport.parkNanos(LockSupport.java:215)&#10;        at java.util.concurrent.locks.AbstractQueuedSynchronizer$ConditionObject.awaitNanos(AbstractQueuedSynchronizer.java:2078)&#10;        at java.util.concurrent.ScheduledThreadPoolExecutor$DelayedWorkQueue.take(ScheduledThreadPoolExecutor.java:1093)&#10;        at java.util.concurrent.ScheduledThreadPoolExecutor$DelayedWorkQueue.take(ScheduledThreadPoolExecutor.java:809)&#10;        at java.util.concurrent.ThreadPoolExecutor.getTask(ThreadPoolExecutor.java:1074)&#10;        at java.util.concurrent.ThreadPoolExecutor.runWorker(ThreadPoolExecutor.java:1134)&#10;        at java.util.concurrent.ThreadPoolExecutor$Worker.run(ThreadPoolExecutor.java:624)&#10;        at java.lang.Thread.run(Thread.java:748)&#10;&quot;pool-36-thread-5&quot;  prio=5 tid=342 in Object.wait()&#10;java.lang.Thread.State: WAITING (on object monitor)&#10;        at sun.misc.Unsafe.park(Native Method)&#10;        at java.util.concurrent.locks.LockSupport.park(LockSupport.java:175)&#10;        at java.util.concurrent.locks.AbstractQueuedSynchronizer$ConditionObject.await(AbstractQueuedSynchronizer.java:2039)&#10;        at java.util.concurrent.ArrayBlockingQueue.take(ArrayBlockingQueue.java:403)&#10;        at java.util.concurrent.ThreadPoolExecutor.getTask(ThreadPoolExecutor.java:1074)&#10;        at java.util.concurrent.ThreadPoolExecutor.runWorker(ThreadPoolExecutor.java:1134)&#10;        at java.util.concurrent.ThreadPoolExecutor$Worker.run(ThreadPoolExecutor.java:624)&#10;        at java.lang.Thread.run(Thread.java:748)&#10;&quot;pool-46-thread-32&quot;  prio=5 tid=468 in Object.wait()&#10;java.lang.Thread.State: WAITING (on object monitor)&#10;        at sun.misc.Unsafe.park(Native Method)&#10;        at java.util.concurrent.locks.LockSupport.park(LockSupport.java:175)&#10;        at java.util.concurrent.locks.AbstractQueuedSynchronizer$ConditionObject.await(AbstractQueuedSynchronizer.java:2039)&#10;        at java.util.concurrent.ArrayBlockingQueue.take(ArrayBlockingQueue.java:403)&#10;        at java.util.concurrent.ThreadPoolExecutor.getTask(ThreadPoolExecutor.java:1074)&#10;        at java.util.concurrent.ThreadPoolExecutor.runWorker(ThreadPoolExecutor.java:1134)&#10;        at java.util.concurrent.ThreadPoolExecutor$Worker.run(ThreadPoolExecutor.java:624)&#10;        at java.lang.Thread.run(Thread.java:748)&#10;&quot;pool-56-thread-20&quot;  prio=5 tid=425 in Object.wait()&#10;java.lang.Thread.State: WAITING (on object monitor)&#10;        at sun.misc.Unsafe.park(Native Method)&#10;        at java.util.concurrent.locks.LockSupport.park(LockSupport.java:175)&#10;        at java.util.concurrent.locks.AbstractQueuedSynchronizer$ConditionObject.await(AbstractQueuedSynchronizer.java:2039)&#10;        at java.util.concurrent.ArrayBlockingQueue.take(ArrayBlockingQueue.java:403)&#10;        at java.util.concurrent.ThreadPoolExecutor.getTask(ThreadPoolExecutor.java:1074)&#10;        at java.util.concurrent.ThreadPoolExecutor.runWorker(ThreadPoolExecutor.java:1134)&#10;        at java.util.concurrent.ThreadPoolExecutor$Worker.run(ThreadPoolExecutor.java:624)&#10;        at java.lang.Thread.run(Thread.java:748)&#10;&quot;pool-96-thread-43&quot;  prio=5 tid=925 in Object.wait()&#10;java.lang.Thread.State: WAITING (on object monitor)&#10;        at sun.misc.Unsafe.park(Native Method)&#10;        at java.util.concurrent.locks.LockSupport.park(LockSupport.java:175)&#10;        at java.util.concurrent.locks.AbstractQueuedSynchronizer$ConditionObject.await(AbstractQueuedSynchronizer.java:2039)&#10;        at java.util.concurrent.ArrayBlockingQueue.take(ArrayBlockingQueue.java:403)&#10;        at java.util.concurrent.ThreadPoolExecutor.getTask(ThreadPoolExecutor.java:1074)&#10;        at java.util.concurrent.ThreadPoolExecutor.runWorker(ThreadPoolExecutor.java:1134)&#10;        at java.util.concurrent.ThreadPoolExecutor$Worker.run(ThreadPoolExecutor.java:624)&#10;        at java.lang.Thread.run(Thread.java:748)&#10;&quot;pool-56-thread-52&quot;  prio=5 tid=546 in Object.wait()&#10;java.lang.Thread.State: WAITING (on object monitor)&#10;        at sun.misc.Unsafe.park(Native Method)&#10;        at java.util.concurrent.locks.LockSupport.park(LockSupport.java:175)&#10;        at java.util.concurrent.locks.AbstractQueuedSynchronizer$ConditionObject.await(AbstractQueuedSynchronizer.java:2039)&#10;        at java.util.concurrent.ArrayBlockingQueue.take(ArrayBlockingQueue.java:403)&#10;        at java.util.concurrent.ThreadPoolExecutor.getTask(ThreadPoolExecutor.java:1074)&#10;        at java.util.concurrent.ThreadPoolExecutor.runWorker(ThreadPoolExecutor.java:1134)&#10;        at java.util.concurrent.ThreadPoolExecutor$Worker.run(ThreadPoolExecutor.java:624)&#10;        at java.lang.Thread.run(Thread.java:748)&#10;&quot;pool-46-thread-33&quot;  prio=5 tid=472 in Object.wait()&#10;java.lang.Thread.State: WAITING (on object monitor)&#10;        at sun.misc.Unsafe.park(Native Method)&#10;        at java.util.concurrent.locks.LockSupport.park(LockSupport.java:175)&#10;        at java.util.concurrent.locks.AbstractQueuedSynchronizer$ConditionObject.await(AbstractQueuedSynchronizer.java:2039)&#10;        at java.util.concurrent.ArrayBlockingQueue.take(ArrayBlockingQueue.java:403)&#10;        at java.util.concurrent.ThreadPoolExecutor.getTask(ThreadPoolExecutor.java:1074)&#10;        at java.util.concurrent.ThreadPoolExecutor.runWorker(ThreadPoolExecutor.java:1134)&#10;        at java.util.concurrent.ThreadPoolExecutor$Worker.run(ThreadPoolExecutor.java:624)&#10;        at java.lang.Thread.run(Thread.java:748)&#10;&quot;IPC Server handler 10 on 39235&quot; daemon prio=5 tid=39 timed_waiting&#10;java.lang.Thread.State: TIMED_WAITING&#10;        at sun.misc.Unsafe.park(Native Method)&#10;        at java.util.concurrent.locks.LockSupport.parkNanos(LockSupport.java:215)&#10;        at java.util.concurrent.locks.AbstractQueuedSynchronizer$ConditionObject.awaitNanos(AbstractQueuedSynchronizer.java:2078)&#10;        at java.util.concurrent.LinkedBlockingQueue.poll(LinkedBlockingQueue.java:467)&#10;        at org.apache.hadoop.ipc.CallQueueManager.take(CallQueueManager.java:288)&#10;        at org.apache.hadoop.ipc.Server$Handler.run(Server.java:2668)&#10;&quot;org.eclipse.jetty.server.session.HashSessionManager@6a818392Timer&quot; daemon prio=5 tid=423 timed_waiting&#10;java.lang.Thread.State: TIMED_WAITING&#10;        at sun.misc.Unsafe.park(Native Method)&#10;        at java.util.concurrent.locks.LockSupport.parkNanos(LockSupport.java:215)&#10;        at java.util.concurrent.locks.AbstractQueuedSynchronizer$ConditionObject.awaitNanos(AbstractQueuedSynchronizer.java:2078)&#10;        at java.util.concurrent.ScheduledThreadPoolExecutor$DelayedWorkQueue.take(ScheduledThreadPoolExecutor.java:1093)&#10;        at java.util.concurrent.ScheduledThreadPoolExecutor$DelayedWorkQueue.take(ScheduledThreadPoolExecutor.java:809)&#10;        at java.util.concurrent.ThreadPoolExecutor.getTask(ThreadPoolExecutor.java:1074)&#10;        at java.util.concurrent.ThreadPoolExecutor.runWorker(ThreadPoolExecutor.java:1134)&#10;        at java.util.concurrent.ThreadPoolExecutor$Worker.run(ThreadPoolExecutor.java:624)&#10;        at java.lang.Thread.run(Thread.java:748)&#10;&quot;pool-86-thread-44&quot;  prio=5 tid=862 in Object.wait()&#10;java.lang.Thread.State: WAITING (on object monitor)&#10;        at sun.misc.Unsafe.park(Native Method)&#10;        at java.util.concurrent.locks.LockSupport.park(LockSupport.java:175)&#10;        at java.util.concurrent.locks.AbstractQueuedSynchronizer$ConditionObject.await(AbstractQueuedSynchronizer.java:2039)&#10;        at java.util.concurrent.ArrayBlockingQueue.take(ArrayBlockingQueue.java:403)&#10;        at java.util.concurrent.ThreadPoolExecutor.getTask(ThreadPoolExecutor.java:1074)&#10;        at java.util.concurrent.ThreadPoolExecutor.runWorker(ThreadPoolExecutor.java:1134)&#10;        at java.util.concurrent.ThreadPoolExecutor$Worker.run(ThreadPoolExecutor.java:624)&#10;        at java.lang.Thread.run(Thread.java:748)&#10;&quot;pool-46-thread-4&quot;  prio=5 tid=327 in Object.wait()&#10;java.lang.Thread.State: WAITING (on object monitor)&#10;        at sun.misc.Unsafe.park(Native Method)&#10;        at java.util.concurrent.locks.LockSupport.park(LockSupport.java:175)&#10;        at java.util.concurrent.locks.AbstractQueuedSynchronizer$ConditionObject.await(AbstractQueuedSynchronizer.java:2039)&#10;        at java.util.concurrent.ArrayBlockingQueue.take(ArrayBlockingQueue.java:403)&#10;        at java.util.concurrent.ThreadPoolExecutor.getTask(ThreadPoolExecutor.java:1074)&#10;        at java.util.concurrent.ThreadPoolExecutor.runWorker(ThreadPoolExecutor.java:1134)&#10;        at java.util.concurrent.ThreadPoolExecutor$Worker.run(ThreadPoolExecutor.java:624)&#10;        at java.lang.Thread.run(Thread.java:748)&#10;&quot;Periodic HDDS volume checker&quot;  prio=5 tid=152 timed_waiting&#10;java.lang.Thread.State: TIMED_WAITING&#10;        at sun.misc.Unsafe.park(Native Method)&#10;        at java.util.concurrent.locks.LockSupport.parkNanos(LockSupport.java:215)&#10;        at java.util.concurrent.locks.AbstractQueuedSynchronizer$ConditionObject.awaitNanos(AbstractQueuedSynchronizer.java:2078)&#10;        at java.util.concurrent.ScheduledThreadPoolExecutor$DelayedWorkQueue.take(ScheduledThreadPoolExecutor.java:1093)&#10;        at java.util.concurrent.ScheduledThreadPoolExecutor$DelayedWorkQueue.take(ScheduledThreadPoolExecutor.java:809)&#10;        at java.util.concurrent.ThreadPoolExecutor.getTask(ThreadPoolExecutor.java:1074)&#10;        at java.util.concurrent.ThreadPoolExecutor.runWorker(ThreadPoolExecutor.java:1134)&#10;        at java.util.concurrent.ThreadPoolExecutor$Worker.run(ThreadPoolExecutor.java:624)&#10;        at java.lang.Thread.run(Thread.java:748)&#10;&quot;IPC Server handler 10 on 37838&quot; daemon prio=5 tid=79 timed_waiting&#10;java.lang.Thread.State: TIMED_WAITING&#10;        at sun.misc.Unsafe.park(Native Method)&#10;        at java.util.concurrent.locks.LockSupport.parkNanos(LockSupport.java:215)&#10;        at java.util.concurrent.locks.AbstractQueuedSynchronizer$ConditionObject.awaitNanos(AbstractQueuedSynchronizer.java:2078)&#10;        at java.util.concurrent.LinkedBlockingQueue.poll(LinkedBlockingQueue.java:467)&#10;        at org.apache.hadoop.ipc.CallQueueManager.take(CallQueueManager.java:288)&#10;        at org.apache.hadoop.ipc.Server$Handler.run(Server.java:2668)&#10;&quot;Datanode ReportManager Thread - 2&quot; daemon prio=5 tid=311 in Object.wait()&#10;java.lang.Thread.State: WAITING (on object monitor)&#10;        at sun.misc.Unsafe.park(Native Method)&#10;        at java.util.concurrent.locks.LockSupport.park(LockSupport.java:175)&#10;        at java.util.concurrent.locks.AbstractQueuedSynchronizer$ConditionObject.await(AbstractQueuedSynchronizer.java:2039)&#10;        at java.util.concurrent.ScheduledThreadPoolExecutor$DelayedWorkQueue.take(ScheduledThreadPoolExecutor.java:1088)&#10;        at java.util.concurrent.ScheduledThreadPoolExecutor$DelayedWorkQueue.take(ScheduledThreadPoolExecutor.java:809)&#10;        at java.util.concurrent.ThreadPoolExecutor.getTask(ThreadPoolExecutor.java:1074)&#10;        at java.util.concurrent.ThreadPoolExecutor.runWorker(ThreadPoolExecutor.java:1134)&#10;        at java.util.concurrent.ThreadPoolExecutor$Worker.run(ThreadPoolExecutor.java:624)&#10;        at java.lang.Thread.run(Thread.java:748)&#10;&quot;metrics-hadoop-metrics2-reporter-58-thread-1&quot; daemon prio=5 tid=1274 timed_waiting&#10;java.lang.Thread.State: TIMED_WAITING&#10;        at sun.misc.Unsafe.park(Native Method)&#10;        at java.util.concurrent.locks.LockSupport.parkNanos(LockSupport.java:215)&#10;        at java.util.concurrent.locks.AbstractQueuedSynchronizer$ConditionObject.awaitNanos(AbstractQueuedSynchronizer.java:2078)&#10;        at java.util.concurrent.ScheduledThreadPoolExecutor$DelayedWorkQueue.take(ScheduledThreadPoolExecutor.java:1093)&#10;        at java.util.concurrent.ScheduledThreadPoolExecutor$DelayedWorkQueue.take(ScheduledThreadPoolExecutor.java:809)&#10;        at java.util.concurrent.ThreadPoolExecutor.getTask(ThreadPoolExecutor.java:1074)&#10;        at java.util.concurrent.ThreadPoolExecutor.runWorker(ThreadPoolExecutor.java:1134)&#10;        at java.util.concurrent.ThreadPoolExecutor$Worker.run(ThreadPoolExecutor.java:624)&#10;        at java.lang.Thread.run(Thread.java:748)&#10;&quot;pool-106-thread-19&quot;  prio=5 tid=998 in Object.wait()&#10;java.lang.Thread.State: WAITING (on object monitor)&#10;        at sun.misc.Unsafe.park(Native Method)&#10;        at java.util.concurrent.locks.LockSupport.park(LockSupport.java:175)&#10;        at java.util.concurrent.locks.AbstractQueuedSynchronizer$ConditionObject.await(AbstractQueuedSynchronizer.java:2039)&#10;        at java.util.concurrent.ArrayBlockingQueue.take(ArrayBlockingQueue.java:403)&#10;        at java.util.concurrent.ThreadPoolExecutor.getTask(ThreadPoolExecutor.java:1074)&#10;        at java.util.concurrent.ThreadPoolExecutor.runWorker(ThreadPoolExecutor.java:1134)&#10;        at java.util.concurrent.ThreadPoolExecutor$Worker.run(ThreadPoolExecutor.java:624)&#10;        at java.lang.Thread.run(Thread.java:748)&#10;&quot;pool-26-thread-51&quot;  prio=5 tid=509 in Object.wait()&#10;java.lang.Thread.State: WAITING (on object monitor)&#10;        at sun.misc.Unsafe.park(Native Method)&#10;        at java.util.concurrent.locks.LockSupport.park(LockSupport.java:175)&#10;        at java.util.concurrent.locks.AbstractQueuedSynchronizer$ConditionObject.await(AbstractQueuedSynchronizer.java:2039)&#10;        at java.util.concurrent.ArrayBlockingQueue.take(ArrayBlockingQueue.java:403)&#10;        at java.util.concurrent.ThreadPoolExecutor.getTask(ThreadPoolExecutor.java:1074)&#10;        at java.util.concurrent.ThreadPoolExecutor.runWorker(ThreadPoolExecutor.java:1134)&#10;        at java.util.concurrent.ThreadPoolExecutor$Worker.run(ThreadPoolExecutor.java:624)&#10;        at java.lang.Thread.run(Thread.java:748)&#10;&quot;qtp856047451-620-acceptor-0@cbc6418-ServerConnector@5578be42{HTTP/1.1,[http/1.1]}{0.0.0.0:40897}&quot; daemon prio=3 tid=620 runnable&#10;java.lang.Thread.State: RUNNABLE&#10;        at sun.nio.ch.ServerSocketChannelImpl.accept0(Native Method)&#10;        at sun.nio.ch.ServerSocketChannelImpl.accept(ServerSocketChannelImpl.java:422)&#10;        at sun.nio.ch.ServerSocketChannelImpl.accept(ServerSocketChannelImpl.java:250)&#10;        at org.eclipse.jetty.server.ServerConnector.accept(ServerConnector.java:397)&#10;        at org.eclipse.jetty.server.AbstractConnector$Acceptor.run(AbstractConnector.java:601)&#10;        at org.eclipse.jetty.util.thread.QueuedThreadPool.runJob(QueuedThreadPool.java:671)&#10;        at org.eclipse.jetty.util.thread.QueuedThreadPool$2.run(QueuedThreadPool.java:589)&#10;        at java.lang.Thread.run(Thread.java:748)&#10;&quot;Datanode State Machine Thread - 0&quot; daemon prio=5 tid=285 timed_waiting&#10;java.lang.Thread.State: TIMED_WAITING&#10;        at sun.misc.Unsafe.park(Native Method)&#10;        at java.util.concurrent.locks.LockSupport.parkNanos(LockSupport.java:215)&#10;        at java.util.concurrent.SynchronousQueue$TransferStack.awaitFulfill(SynchronousQueue.java:460)&#10;        at java.util.concurrent.SynchronousQueue$TransferStack.transfer(SynchronousQueue.java:362)&#10;        at java.util.concurrent.SynchronousQueue.poll(SynchronousQueue.java:941)&#10;        at java.util.concurrent.ThreadPoolExecutor.getTask(ThreadPoolExecutor.java:1073)&#10;        at java.util.concurrent.ThreadPoolExecutor.runWorker(ThreadPoolExecutor.java:1134)&#10;        at java.util.concurrent.ThreadPoolExecutor$Worker.run(ThreadPoolExecutor.java:624)&#10;        at java.lang.Thread.run(Thread.java:748)&#10;&quot;pool-96-thread-35&quot;  prio=5 tid=917 in Object.wait()&#10;java.lang.Thread.State: WAITING (on object monitor)&#10;        at sun.misc.Unsafe.park(Native Method)&#10;        at java.util.concurrent.locks.LockSupport.park(LockSupport.java:175)&#10;        at java.util.concurrent.locks.AbstractQueuedSynchronizer$ConditionObject.await(AbstractQueuedSynchronizer.java:2039)&#10;        at java.util.concurrent.ArrayBlockingQueue.take(ArrayBlockingQueue.java:403)&#10;        at java.util.concurrent.ThreadPoolExecutor.getTask(ThreadPoolExecutor.java:1074)&#10;        at java.util.concurrent.ThreadPoolExecutor.runWorker(ThreadPoolExecutor.java:1134)&#10;        at java.util.concurrent.ThreadPoolExecutor$Worker.run(ThreadPoolExecutor.java:624)&#10;        at java.lang.Thread.run(Thread.java:748)&#10;&quot;pool-46-thread-36&quot;  prio=5 tid=485 in Object.wait()&#10;java.lang.Thread.State: WAITING (on object monitor)&#10;        at sun.misc.Unsafe.park(Native Method)&#10;        at java.util.concurrent.locks.LockSupport.park(LockSupport.java:175)&#10;        at java.util.concurrent.locks.AbstractQueuedSynchronizer$ConditionObject.await(AbstractQueuedSynchronizer.java:2039)&#10;        at java.util.concurrent.ArrayBlockingQueue.take(ArrayBlockingQueue.java:403)&#10;        at java.util.concurrent.ThreadPoolExecutor.getTask(ThreadPoolExecutor.java:1074)&#10;        at java.util.concurrent.ThreadPoolExecutor.runWorker(ThreadPoolExecutor.java:1134)&#10;        at java.util.concurrent.ThreadPoolExecutor$Worker.run(ThreadPoolExecutor.java:624)&#10;        at java.lang.Thread.run(Thread.java:748)&#10;&quot;qtp303805531-214-acceptor-0@363f24d7-ServerConnector@36c2b646{HTTP/1.1,[http/1.1]}{0.0.0.0:46764}&quot; daemon prio=3 tid=214 runnable&#10;java.lang.Thread.State: RUNNABLE&#10;        at sun.nio.ch.ServerSocketChannelImpl.accept0(Native Method)&#10;        at sun.nio.ch.ServerSocketChannelImpl.accept(ServerSocketChannelImpl.java:422)&#10;        at sun.nio.ch.ServerSocketChannelImpl.accept(ServerSocketChannelImpl.java:250)&#10;        at org.eclipse.jetty.server.ServerConnector.accept(ServerConnector.java:397)&#10;        at org.eclipse.jetty.server.AbstractConnector$Acceptor.run(AbstractConnector.java:601)&#10;        at org.eclipse.jetty.util.thread.QueuedThreadPool.runJob(QueuedThreadPool.java:671)&#10;        at org.eclipse.jetty.util.thread.QueuedThreadPool$2.run(QueuedThreadPool.java:589)&#10;        at java.lang.Thread.run(Thread.java:748)&#10;&quot;BlockDeletingService#0&quot; daemon prio=5 tid=1121 timed_waiting&#10;java.lang.Thread.State: TIMED_WAITING&#10;        at sun.misc.Unsafe.park(Native Method)&#10;        at java.util.concurrent.locks.LockSupport.parkNanos(LockSupport.java:215)&#10;        at java.util.concurrent.locks.AbstractQueuedSynchronizer$ConditionObject.awaitNanos(AbstractQueuedSynchronizer.java:2078)&#10;        at java.util.concurrent.ScheduledThreadPoolExecutor$DelayedWorkQueue.take(ScheduledThreadPoolExecutor.java:1093)&#10;        at java.util.concurrent.ScheduledThreadPoolExecutor$DelayedWorkQueue.take(ScheduledThreadPoolExecutor.java:809)&#10;        at java.util.concurrent.ThreadPoolExecutor.getTask(ThreadPoolExecutor.java:1074)&#10;        at java.util.concurrent.ThreadPoolExecutor.runWorker(ThreadPoolExecutor.java:1134)&#10;        at java.util.concurrent.ThreadPoolExecutor$Worker.run(ThreadPoolExecutor.java:624)&#10;        at java.lang.Thread.run(Thread.java:748)&#10;&quot;pool-26-thread-6&quot;  prio=5 tid=345 in Object.wait()&#10;java.lang.Thread.State: WAITING (on object monitor)&#10;        at sun.misc.Unsafe.park(Native Method)&#10;        at java.util.concurrent.locks.LockSupport.park(LockSupport.java:175)&#10;        at java.util.concurrent.locks.AbstractQueuedSynchronizer$ConditionObject.await(AbstractQueuedSynchronizer.java:2039)&#10;        at java.util.concurrent.ArrayBlockingQueue.take(ArrayBlockingQueue.java:403)&#10;        at java.util.concurrent.ThreadPoolExecutor.getTask(ThreadPoolExecutor.java:1074)&#10;        at java.util.concurrent.ThreadPoolExecutor.runWorker(ThreadPoolExecutor.java:1134)&#10;        at java.util.concurrent.ThreadPoolExecutor$Worker.run(ThreadPoolExecutor.java:624)&#10;        at java.lang.Thread.run(Thread.java:748)&#10;&quot;pool-76-thread-49&quot;  prio=5 tid=795 in Object.wait()&#10;java.lang.Thread.State: WAITING (on object monitor)&#10;        at sun.misc.Unsafe.park(Native Method)&#10;        at java.util.concurrent.locks.LockSupport.park(LockSupport.java:175)&#10;        at java.util.concurrent.locks.AbstractQueuedSynchronizer$ConditionObject.await(AbstractQueuedSynchronizer.java:2039)&#10;        at java.util.concurrent.ArrayBlockingQueue.take(ArrayBlockingQueue.java:403)&#10;        at java.util.concurrent.ThreadPoolExecutor.getTask(ThreadPoolExecutor.java:1074)&#10;        at java.util.concurrent.ThreadPoolExecutor.runWorker(ThreadPoolExecutor.java:1134)&#10;        at java.util.concurrent.ThreadPoolExecutor$Worker.run(ThreadPoolExecutor.java:624)&#10;        at java.lang.Thread.run(Thread.java:748)&#10;&quot;pool-26-thread-32&quot;  prio=5 tid=445 in Object.wait()&#10;java.lang.Thread.State: WAITING (on object monitor)&#10;        at sun.misc.Unsafe.park(Native Method)&#10;        at java.util.concurrent.locks.LockSupport.park(LockSupport.java:175)&#10;        at java.util.concurrent.locks.AbstractQueuedSynchronizer$ConditionObject.await(AbstractQueuedSynchronizer.java:2039)&#10;        at java.util.concurrent.ArrayBlockingQueue.take(ArrayBlockingQueue.java:403)&#10;        at java.util.concurrent.ThreadPoolExecutor.getTask(ThreadPoolExecutor.java:1074)&#10;        at java.util.concurrent.ThreadPoolExecutor.runWorker(ThreadPoolExecutor.java:1134)&#10;        at java.util.concurrent.ThreadPoolExecutor$Worker.run(ThreadPoolExecutor.java:624)&#10;        at java.lang.Thread.run(Thread.java:748)&#10;&quot;pool-86-thread-56&quot;  prio=5 tid=874 in Object.wait()&#10;java.lang.Thread.State: WAITING (on object monitor)&#10;        at sun.misc.Unsafe.park(Native Method)&#10;        at java.util.concurrent.locks.LockSupport.park(LockSupport.java:175)&#10;        at java.util.concurrent.locks.AbstractQueuedSynchronizer$ConditionObject.await(AbstractQueuedSynchronizer.java:2039)&#10;        at java.util.concurrent.ArrayBlockingQueue.take(ArrayBlockingQueue.java:403)&#10;        at java.util.concurrent.ThreadPoolExecutor.getTask(ThreadPoolExecutor.java:1074)&#10;        at java.util.concurrent.ThreadPoolExecutor.runWorker(ThreadPoolExecutor.java:1134)&#10;        at java.util.concurrent.ThreadPoolExecutor$Worker.run(ThreadPoolExecutor.java:624)&#10;        at java.lang.Thread.run(Thread.java:748)&#10;&quot;pool-36-thread-7&quot;  prio=5 tid=350 in Object.wait()&#10;java.lang.Thread.State: WAITING (on object monitor)&#10;        at sun.misc.Unsafe.park(Native Method)&#10;        at java.util.concurrent.locks.LockSupport.park(LockSupport.java:175)&#10;        at java.util.concurrent.locks.AbstractQueuedSynchronizer$ConditionObject.await(AbstractQueuedSynchronizer.java:2039)&#10;        at java.util.concurrent.ArrayBlockingQueue.take(ArrayBlockingQueue.java:403)&#10;        at java.util.concurrent.ThreadPoolExecutor.getTask(ThreadPoolExecutor.java:1074)&#10;        at java.util.concurrent.ThreadPoolExecutor.runWorker(ThreadPoolExecutor.java:1134)&#10;        at java.util.concurrent.ThreadPoolExecutor$Worker.run(ThreadPoolExecutor.java:624)&#10;        at java.lang.Thread.run(Thread.java:748)&#10;&quot;Datanode ReportManager Thread - 3&quot; daemon prio=5 tid=679 in Object.wait()&#10;java.lang.Thread.State: WAITING (on object monitor)&#10;        at sun.misc.Unsafe.park(Native Method)&#10;        at java.util.concurrent.locks.LockSupport.park(LockSupport.java:175)&#10;        at java.util.concurrent.locks.AbstractQueuedSynchronizer$ConditionObject.await(AbstractQueuedSynchronizer.java:2039)&#10;        at java.util.concurrent.ScheduledThreadPoolExecutor$DelayedWorkQueue.take(ScheduledThreadPoolExecutor.java:1088)&#10;        at java.util.concurrent.ScheduledThreadPoolExecutor$DelayedWorkQueue.take(ScheduledThreadPoolExecutor.java:809)&#10;        at java.util.concurrent.ThreadPoolExecutor.getTask(ThreadPoolExecutor.java:1074)&#10;        at java.util.concurrent.ThreadPoolExecutor.runWorker(ThreadPoolExecutor.java:1134)&#10;        at java.util.concurrent.ThreadPoolExecutor$Worker.run(ThreadPoolExecutor.java:624)&#10;        at java.lang.Thread.run(Thread.java:748)&#10;&quot;Datanode ReportManager Thread - 3&quot; daemon prio=5 tid=255 in Object.wait()&#10;java.lang.Thread.State: WAITING (on object monitor)&#10;        at sun.misc.Unsafe.park(Native Method)&#10;        at java.util.concurrent.locks.LockSupport.park(LockSupport.java:175)&#10;        at java.util.concurrent.locks.AbstractQueuedSynchronizer$ConditionObject.await(AbstractQueuedSynchronizer.java:2039)&#10;        at java.util.concurrent.ScheduledThreadPoolExecutor$DelayedWorkQueue.take(ScheduledThreadPoolExecutor.java:1088)&#10;        at java.util.concurrent.ScheduledThreadPoolExecutor$DelayedWorkQueue.take(ScheduledThreadPoolExecutor.java:809)&#10;        at java.util.concurrent.ThreadPoolExecutor.getTask(ThreadPoolExecutor.java:1074)&#10;        at java.util.concurrent.ThreadPoolExecutor.runWorker(ThreadPoolExecutor.java:1134)&#10;        at java.util.concurrent.ThreadPoolExecutor$Worker.run(ThreadPoolExecutor.java:624)&#10;        at java.lang.Thread.run(Thread.java:748)&#10;&quot;qtp1987707214-161&quot; daemon prio=5 tid=161 timed_waiting&#10;java.lang.Thread.State: TIMED_WAITING&#10;        at sun.misc.Unsafe.park(Native Method)&#10;        at java.util.concurrent.locks.LockSupport.parkNanos(LockSupport.java:215)&#10;        at java.util.concurrent.locks.AbstractQueuedSynchronizer$ConditionObject.awaitNanos(AbstractQueuedSynchronizer.java:2078)&#10;        at org.eclipse.jetty.util.BlockingArrayQueue.poll(BlockingArrayQueue.java:392)&#10;        at org.eclipse.jetty.util.thread.QueuedThreadPool.idleJobPoll(QueuedThreadPool.java:563)&#10;        at org.eclipse.jetty.util.thread.QueuedThreadPool.access$800(QueuedThreadPool.java:48)&#10;        at org.eclipse.jetty.util.thread.QueuedThreadPool$2.run(QueuedThreadPool.java:626)&#10;        at java.lang.Thread.run(Thread.java:748)&#10;&quot;pool-76-thread-19&quot;  prio=5 tid=765 in Object.wait()&#10;java.lang.Thread.State: WAITING (on object monitor)&#10;        at sun.misc.Unsafe.park(Native Method)&#10;        at java.util.concurrent.locks.LockSupport.park(LockSupport.java:175)&#10;        at java.util.concurrent.locks.AbstractQueuedSynchronizer$ConditionObject.await(AbstractQueuedSynchronizer.java:2039)&#10;        at java.util.concurrent.ArrayBlockingQueue.take(ArrayBlockingQueue.java:403)&#10;        at java.util.concurrent.ThreadPoolExecutor.getTask(ThreadPoolExecutor.java:1074)&#10;        at java.util.concurrent.ThreadPoolExecutor.runWorker(ThreadPoolExecutor.java:1134)&#10;        at java.util.concurrent.ThreadPoolExecutor$Worker.run(ThreadPoolExecutor.java:624)&#10;        at java.lang.Thread.run(Thread.java:748)&#10;&quot;org.eclipse.jetty.server.session.HashSessionManager@480ad82cTimer&quot; daemon prio=5 tid=628 timed_waiting&#10;java.lang.Thread.State: TIMED_WAITING&#10;        at sun.misc.Unsafe.park(Native Method)&#10;        at java.util.concurrent.locks.LockSupport.parkNanos(LockSupport.java:215)&#10;        at java.util.concurrent.locks.AbstractQueuedSynchronizer$ConditionObject.awaitNanos(AbstractQueuedSynchronizer.java:2078)&#10;        at java.util.concurrent.ScheduledThreadPoolExecutor$DelayedWorkQueue.take(ScheduledThreadPoolExecutor.java:1093)&#10;        at java.util.concurrent.ScheduledThreadPoolExecutor$DelayedWorkQueue.take(ScheduledThreadPoolExecutor.java:809)&#10;        at java.util.concurrent.ThreadPoolExecutor.getTask(ThreadPoolExecutor.java:1074)&#10;        at java.util.concurrent.ThreadPoolExecutor.runWorker(ThreadPoolExecutor.java:1134)&#10;        at java.util.concurrent.ThreadPoolExecutor$Worker.run(ThreadPoolExecutor.java:624)&#10;        at java.lang.Thread.run(Thread.java:748)&#10;&quot;pool-46-thread-1&quot;  prio=5 tid=324 in Object.wait()&#10;java.lang.Thread.State: WAITING (on object monitor)&#10;        at sun.misc.Unsafe.park(Native Method)&#10;        at java.util.concurrent.locks.LockSupport.park(LockSupport.java:175)&#10;        at java.util.concurrent.locks.AbstractQueuedSynchronizer$ConditionObject.await(AbstractQueuedSynchronizer.java:2039)&#10;        at java.util.concurrent.ArrayBlockingQueue.take(ArrayBlockingQueue.java:403)&#10;        at java.util.concurrent.ThreadPoolExecutor.getTask(ThreadPoolExecutor.java:1074)&#10;        at java.util.concurrent.ThreadPoolExecutor.runWorker(ThreadPoolExecutor.java:1134)&#10;        at java.util.concurrent.ThreadPoolExecutor$Worker.run(ThreadPoolExecutor.java:624)&#10;        at java.lang.Thread.run(Thread.java:748)&#10;&quot;pool-106-thread-51&quot;  prio=5 tid=1030 in Object.wait()&#10;java.lang.Thread.State: WAITING (on object monitor)&#10;        at sun.misc.Unsafe.park(Native Method)&#10;        at java.util.concurrent.locks.LockSupport.park(LockSupport.java:175)&#10;        at java.util.concurrent.locks.AbstractQueuedSynchronizer$ConditionObject.await(AbstractQueuedSynchronizer.java:2039)&#10;        at java.util.concurrent.ArrayBlockingQueue.take(ArrayBlockingQueue.java:403)&#10;        at java.util.concurrent.ThreadPoolExecutor.getTask(ThreadPoolExecutor.java:1074)&#10;        at java.util.concurrent.ThreadPoolExecutor.runWorker(ThreadPoolExecutor.java:1134)&#10;        at java.util.concurrent.ThreadPoolExecutor$Worker.run(ThreadPoolExecutor.java:624)&#10;        at java.lang.Thread.run(Thread.java:748)&#10;&quot;IPC Server handler 3 on 40878&quot; daemon prio=5 tid=52 timed_waiting&#10;java.lang.Thread.State: TIMED_WAITING&#10;        at sun.misc.Unsafe.park(Native Method)&#10;        at java.util.concurrent.locks.LockSupport.parkNanos(LockSupport.java:215)&#10;        at java.util.concurrent.locks.AbstractQueuedSynchronizer$ConditionObject.awaitNanos(AbstractQueuedSynchronizer.java:2078)&#10;        at java.util.concurrent.LinkedBlockingQueue.poll(LinkedBlockingQueue.java:467)&#10;        at org.apache.hadoop.ipc.CallQueueManager.take(CallQueueManager.java:288)&#10;        at org.apache.hadoop.ipc.Server$Handler.run(Server.java:2668)&#10;&quot;IPC Server handler 9 on 37221&quot; daemon prio=5 tid=124 timed_waiting&#10;java.lang.Thread.State: TIMED_WAITING&#10;        at sun.misc.Unsafe.park(Native Method)&#10;        at java.util.concurrent.locks.LockSupport.parkNanos(LockSupport.java:215)&#10;        at java.util.concurrent.locks.AbstractQueuedSynchronizer$ConditionObject.awaitNanos(AbstractQueuedSynchronizer.java:2078)&#10;        at java.util.concurrent.LinkedBlockingQueue.poll(LinkedBlockingQueue.java:467)&#10;        at org.apache.hadoop.ipc.CallQueueManager.take(CallQueueManager.java:288)&#10;        at org.apache.hadoop.ipc.Server$Handler.run(Server.java:2668)&#10;&quot;pool-96-thread-11&quot;  prio=5 tid=893 in Object.wait()&#10;java.lang.Thread.State: WAITING (on object monitor)&#10;        at sun.misc.Unsafe.park(Native Method)&#10;        at java.util.concurrent.locks.LockSupport.park(LockSupport.java:175)&#10;        at java.util.concurrent.locks.AbstractQueuedSynchronizer$ConditionObject.await(AbstractQueuedSynchronizer.java:2039)&#10;        at java.util.concurrent.ArrayBlockingQueue.take(ArrayBlockingQueue.java:403)&#10;        at java.util.concurrent.ThreadPoolExecutor.getTask(ThreadPoolExecutor.java:1074)&#10;        at java.util.concurrent.ThreadPoolExecutor.runWorker(ThreadPoolExecutor.java:1134)&#10;        at java.util.concurrent.ThreadPoolExecutor$Worker.run(ThreadPoolExecutor.java:624)&#10;        at java.lang.Thread.run(Thread.java:748)&#10;&quot;pool-106-thread-36&quot;  prio=5 tid=1015 in Object.wait()&#10;java.lang.Thread.State: WAITING (on object monitor)&#10;        at sun.misc.Unsafe.park(Native Method)&#10;        at java.util.concurrent.locks.LockSupport.park(LockSupport.java:175)&#10;        at java.util.concurrent.locks.AbstractQueuedSynchronizer$ConditionObject.await(AbstractQueuedSynchronizer.java:2039)&#10;        at java.util.concurrent.ArrayBlockingQueue.take(ArrayBlockingQueue.java:403)&#10;        at java.util.concurrent.ThreadPoolExecutor.getTask(ThreadPoolExecutor.java:1074)&#10;        at java.util.concurrent.ThreadPoolExecutor.runWorker(ThreadPoolExecutor.java:1134)&#10;        at java.util.concurrent.ThreadPoolExecutor$Worker.run(ThreadPoolExecutor.java:624)&#10;        at java.lang.Thread.run(Thread.java:748)&#10;&quot;Thread-409&quot; daemon prio=5 tid=1285 timed_waiting&#10;java.lang.Thread.State: TIMED_WAITING&#10;        at sun.misc.Unsafe.park(Native Method)&#10;        at java.util.concurrent.locks.LockSupport.parkNanos(LockSupport.java:215)&#10;        at java.util.concurrent.locks.AbstractQueuedSynchronizer$ConditionObject.awaitNanos(AbstractQueuedSynchronizer.java:2078)&#10;        at java.util.concurrent.ArrayBlockingQueue.poll(ArrayBlockingQueue.java:418)&#10;        at org.apache.ratis.server.impl.LeaderState$EventQueue.poll(LeaderState.java:116)&#10;        at org.apache.ratis.server.impl.LeaderState$EventProcessor.run(LeaderState.java:468)&#10;&quot;pool-56-thread-36&quot;  prio=5 tid=475 in Object.wait()&#10;java.lang.Thread.State: WAITING (on object monitor)&#10;        at sun.misc.Unsafe.park(Native Method)&#10;        at java.util.concurrent.locks.LockSupport.park(LockSupport.java:175)&#10;        at java.util.concurrent.locks.AbstractQueuedSynchronizer$ConditionObject.await(AbstractQueuedSynchronizer.java:2039)&#10;        at java.util.concurrent.ArrayBlockingQueue.take(ArrayBlockingQueue.java:403)&#10;        at java.util.concurrent.ThreadPoolExecutor.getTask(ThreadPoolExecutor.java:1074)&#10;        at java.util.concurrent.ThreadPoolExecutor.runWorker(ThreadPoolExecutor.java:1134)&#10;        at java.util.concurrent.ThreadPoolExecutor$Worker.run(ThreadPoolExecutor.java:624)&#10;        at java.lang.Thread.run(Thread.java:748)&#10;&quot;pool-96-thread-12&quot;  prio=5 tid=894 in Object.wait()&#10;java.lang.Thread.State: WAITING (on object monitor)&#10;        at sun.misc.Unsafe.park(Native Method)&#10;        at java.util.concurrent.locks.LockSupport.park(LockSupport.java:175)&#10;        at java.util.concurrent.locks.AbstractQueuedSynchronizer$ConditionObject.await(AbstractQueuedSynchronizer.java:2039)&#10;        at java.util.concurrent.ArrayBlockingQueue.take(ArrayBlockingQueue.java:403)&#10;        at java.util.concurrent.ThreadPoolExecutor.getTask(ThreadPoolExecutor.java:1074)&#10;        at java.util.concurrent.ThreadPoolExecutor.runWorker(ThreadPoolExecutor.java:1134)&#10;        at java.util.concurrent.ThreadPoolExecutor$Worker.run(ThreadPoolExecutor.java:624)&#10;        at java.lang.Thread.run(Thread.java:748)&#10;&quot;surefire-forkedjvm-ping-30s&quot; daemon prio=5 tid=9 timed_waiting&#10;java.lang.Thread.State: TIMED_WAITING&#10;        at sun.misc.Unsafe.park(Native Method)&#10;        at java.util.concurrent.locks.LockSupport.parkNanos(LockSupport.java:215)&#10;        at java.util.concurrent.locks.AbstractQueuedSynchronizer$ConditionObject.awaitNanos(AbstractQueuedSynchronizer.java:2078)&#10;        at java.util.concurrent.ScheduledThreadPoolExecutor$DelayedWorkQueue.take(ScheduledThreadPoolExecutor.java:1093)&#10;        at java.util.concurrent.ScheduledThreadPoolExecutor$DelayedWorkQueue.take(ScheduledThreadPoolExecutor.java:809)&#10;        at java.util.concurrent.ThreadPoolExecutor.getTask(ThreadPoolExecutor.java:1074)&#10;        at java.util.concurrent.ThreadPoolExecutor.runWorker(ThreadPoolExecutor.java:1134)&#10;        at java.util.concurrent.ThreadPoolExecutor$Worker.run(ThreadPoolExecutor.java:624)&#10;        at java.lang.Thread.run(Thread.java:748)&#10;&quot;pool-86-thread-50&quot;  prio=5 tid=868 in Object.wait()&#10;java.lang.Thread.State: WAITING (on object monitor)&#10;        at sun.misc.Unsafe.park(Native Method)&#10;        at java.util.concurrent.locks.LockSupport.park(LockSupport.java:175)&#10;        at java.util.concurrent.locks.AbstractQueuedSynchronizer$ConditionObject.await(AbstractQueuedSynchronizer.java:2039)&#10;        at java.util.concurrent.ArrayBlockingQueue.take(ArrayBlockingQueue.java:403)&#10;        at java.util.concurrent.ThreadPoolExecutor.getTask(ThreadPoolExecutor.java:1074)&#10;        at java.util.concurrent.ThreadPoolExecutor.runWorker(ThreadPoolExecutor.java:1134)&#10;        at java.util.concurrent.ThreadPoolExecutor$Worker.run(ThreadPoolExecutor.java:624)&#10;        at java.lang.Thread.run(Thread.java:748)&#10;&quot;IPC Server handler 14 on 37838&quot; daemon prio=5 tid=83 timed_waiting&#10;java.lang.Thread.State: TIMED_WAITING&#10;        at sun.misc.Unsafe.park(Native Method)&#10;        at java.util.concurrent.locks.LockSupport.parkNanos(LockSupport.java:215)&#10;        at java.util.concurrent.locks.AbstractQueuedSynchronizer$ConditionObject.awaitNanos(AbstractQueuedSynchronizer.java:2078)&#10;        at java.util.concurrent.LinkedBlockingQueue.poll(LinkedBlockingQueue.java:467)&#10;        at org.apache.hadoop.ipc.CallQueueManager.take(CallQueueManager.java:288)&#10;        at org.apache.hadoop.ipc.Server$Handler.run(Server.java:2668)&#10;&quot;pool-36-thread-51&quot;  prio=5 tid=556 in Object.wait()&#10;java.lang.Thread.State: WAITING (on object monitor)&#10;        at sun.misc.Unsafe.park(Native Method)&#10;        at java.util.concurrent.locks.LockSupport.park(LockSupport.java:175)&#10;        at java.util.concurrent.locks.AbstractQueuedSynchronizer$ConditionObject.await(AbstractQueuedSynchronizer.java:2039)&#10;        at java.util.concurrent.ArrayBlockingQueue.take(ArrayBlockingQueue.java:403)&#10;        at java.util.concurrent.ThreadPoolExecutor.getTask(ThreadPoolExecutor.java:1074)&#10;        at java.util.concurrent.ThreadPoolExecutor.runWorker(ThreadPoolExecutor.java:1134)&#10;        at java.util.concurrent.ThreadPoolExecutor$Worker.run(ThreadPoolExecutor.java:624)&#10;        at java.lang.Thread.run(Thread.java:748)&#10;&quot;c30de686-1f6e-4ce7-9435-b57c4f7968b1@group-0E49D02C1954-StateMachineUpdater&quot; daemon prio=5 tid=1134 in Object.wait()&#10;java.lang.Thread.State: WAITING (on object monitor)&#10;        at java.lang.Object.wait(Native Method)&#10;        at java.lang.Object.wait(Object.java:502)&#10;        at org.apache.ratis.server.impl.StateMachineUpdater.waitForCommit(StateMachineUpdater.java:194)&#10;        at org.apache.ratis.server.impl.StateMachineUpdater.run(StateMachineUpdater.java:159)&#10;        at java.lang.Thread.run(Thread.java:748)&#10;&quot;pool-117-thread-8&quot;  prio=5 tid=1067 in Object.wait()&#10;java.lang.Thread.State: WAITING (on object monitor)&#10;        at sun.misc.Unsafe.park(Native Method)&#10;        at java.util.concurrent.locks.LockSupport.park(LockSupport.java:175)&#10;        at java.util.concurrent.locks.AbstractQueuedSynchronizer$ConditionObject.await(AbstractQueuedSynchronizer.java:2039)&#10;        at java.util.concurrent.ArrayBlockingQueue.take(ArrayBlockingQueue.java:403)&#10;        at java.util.concurrent.ThreadPoolExecutor.getTask(ThreadPoolExecutor.java:1074)&#10;        at java.util.concurrent.ThreadPoolExecutor.runWorker(ThreadPoolExecutor.java:1134)&#10;        at java.util.concurrent.ThreadPoolExecutor$Worker.run(ThreadPoolExecutor.java:624)&#10;        at java.lang.Thread.run(Thread.java:748)&#10;&quot;pool-117-thread-1&quot;  prio=5 tid=1060 in Object.wait()&#10;java.lang.Thread.State: WAITING (on object monitor)&#10;        at sun.misc.Unsafe.park(Native Method)&#10;        at java.util.concurrent.locks.LockSupport.park(LockSupport.java:175)&#10;        at java.util.concurrent.locks.AbstractQueuedSynchronizer$ConditionObject.await(AbstractQueuedSynchronizer.java:2039)&#10;        at java.util.concurrent.ArrayBlockingQueue.take(ArrayBlockingQueue.java:403)&#10;        at java.util.concurrent.ThreadPoolExecutor.getTask(ThreadPoolExecutor.java:1074)&#10;        at java.util.concurrent.ThreadPoolExecutor.runWorker(ThreadPoolExecutor.java:1134)&#10;        at java.util.concurrent.ThreadPoolExecutor$Worker.run(ThreadPoolExecutor.java:624)&#10;        at java.lang.Thread.run(Thread.java:748)&#10;&quot;qtp1987707214-160-acceptor-0@7ccf6048-ServerConnector@68a4dcc6{HTTP/1.1,[http/1.1]}{0.0.0.0:46503}&quot; daemon prio=3 tid=160 runnable&#10;java.lang.Thread.State: RUNNABLE&#10;        at sun.nio.ch.ServerSocketChannelImpl.accept0(Native Method)&#10;        at sun.nio.ch.ServerSocketChannelImpl.accept(ServerSocketChannelImpl.java:422)&#10;        at sun.nio.ch.ServerSocketChannelImpl.accept(ServerSocketChannelImpl.java:250)&#10;        at org.eclipse.jetty.server.ServerConnector.accept(ServerConnector.java:397)&#10;        at org.eclipse.jetty.server.AbstractConnector$Acceptor.run(AbstractConnector.java:601)&#10;        at org.eclipse.jetty.util.thread.QueuedThreadPool.runJob(QueuedThreadPool.java:671)&#10;        at org.eclipse.jetty.util.thread.QueuedThreadPool$2.run(QueuedThreadPool.java:589)&#10;        at java.lang.Thread.run(Thread.java:748)&#10;&quot;IPC Server handler 17 on 37221&quot; daemon prio=5 tid=132 timed_waiting&#10;java.lang.Thread.State: TIMED_WAITING&#10;        at sun.misc.Unsafe.park(Native Method)&#10;        at java.util.concurrent.locks.LockSupport.parkNanos(LockSupport.java:215)&#10;        at java.util.concurrent.locks.AbstractQueuedSynchronizer$ConditionObject.awaitNanos(AbstractQueuedSynchronizer.java:2078)&#10;        at java.util.concurrent.LinkedBlockingQueue.poll(LinkedBlockingQueue.java:467)&#10;        at org.apache.hadoop.ipc.CallQueueManager.take(CallQueueManager.java:288)&#10;        at org.apache.hadoop.ipc.Server$Handler.run(Server.java:2668)&#10;&quot;pool-66-thread-57&quot;  prio=5 tid=702 in Object.wait()&#10;java.lang.Thread.State: WAITING (on object monitor)&#10;        at sun.misc.Unsafe.park(Native Method)&#10;        at java.util.concurrent.locks.LockSupport.park(LockSupport.java:175)&#10;        at java.util.concurrent.locks.AbstractQueuedSynchronizer$ConditionObject.await(AbstractQueuedSynchronizer.java:2039)&#10;        at java.util.concurrent.ArrayBlockingQueue.take(ArrayBlockingQueue.java:403)&#10;        at java.util.concurrent.ThreadPoolExecutor.getTask(ThreadPoolExecutor.java:1074)&#10;        at java.util.concurrent.ThreadPoolExecutor.runWorker(ThreadPoolExecutor.java:1134)&#10;        at java.util.concurrent.ThreadPoolExecutor$Worker.run(ThreadPoolExecutor.java:624)&#10;        at java.lang.Thread.run(Thread.java:748)&#10;&quot;qtp747378368-717-acceptor-0@4c5e010f-ServerConnector@f4a3a8d{HTTP/1.1,[http/1.1]}{0.0.0.0:41938}&quot; daemon prio=3 tid=717 runnable&#10;java.lang.Thread.State: RUNNABLE&#10;        at sun.nio.ch.ServerSocketChannelImpl.accept0(Native Method)&#10;        at sun.nio.ch.ServerSocketChannelImpl.accept(ServerSocketChannelImpl.java:422)&#10;        at sun.nio.ch.ServerSocketChannelImpl.accept(ServerSocketChannelImpl.java:250)&#10;        at org.eclipse.jetty.server.ServerConnector.accept(ServerConnector.java:397)&#10;        at org.eclipse.jetty.server.AbstractConnector$Acceptor.run(AbstractConnector.java:601)&#10;        at org.eclipse.jetty.util.thread.QueuedThreadPool.runJob(QueuedThreadPool.java:671)&#10;        at org.eclipse.jetty.util.thread.QueuedThreadPool$2.run(QueuedThreadPool.java:589)&#10;        at java.lang.Thread.run(Thread.java:748)&#10;&quot;IPC Server handler 0 on 37221&quot; daemon prio=5 tid=114 timed_waiting&#10;java.lang.Thread.State: TIMED_WAITING&#10;        at sun.misc.Unsafe.park(Native Method)&#10;        at java.util.concurrent.locks.LockSupport.parkNanos(LockSupport.java:215)&#10;        at java.util.concurrent.locks.AbstractQueuedSynchronizer$ConditionObject.awaitNanos(AbstractQueuedSynchronizer.java:2078)&#10;        at java.util.concurrent.LinkedBlockingQueue.poll(LinkedBlockingQueue.java:467)&#10;        at org.apache.hadoop.ipc.CallQueueManager.take(CallQueueManager.java:288)&#10;        at org.apache.hadoop.ipc.Server$Handler.run(Server.java:2668)&#10;&quot;pool-46-thread-30&quot;  prio=5 tid=454 in Object.wait()&#10;java.lang.Thread.State: WAITING (on object monitor)&#10;        at sun.misc.Unsafe.park(Native Method)&#10;        at java.util.concurrent.locks.LockSupport.park(LockSupport.java:175)&#10;        at java.util.concurrent.locks.AbstractQueuedSynchronizer$ConditionObject.await(AbstractQueuedSynchronizer.java:2039)&#10;        at java.util.concurrent.ArrayBlockingQueue.take(ArrayBlockingQueue.java:403)&#10;        at java.util.concurrent.ThreadPoolExecutor.getTask(ThreadPoolExecutor.java:1074)&#10;        at java.util.concurrent.ThreadPoolExecutor.runWorker(ThreadPoolExecutor.java:1134)&#10;        at java.util.concurrent.ThreadPoolExecutor$Worker.run(ThreadPoolExecutor.java:624)&#10;        at java.lang.Thread.run(Thread.java:748)&#10;&quot;pool-56-thread-2&quot;  prio=5 tid=339 in Object.wait()&#10;java.lang.Thread.State: WAITING (on object monitor)&#10;        at sun.misc.Unsafe.park(Native Method)&#10;        at java.util.concurrent.locks.LockSupport.park(LockSupport.java:175)&#10;        at java.util.concurrent.locks.AbstractQueuedSynchronizer$ConditionObject.await(AbstractQueuedSynchronizer.java:2039)&#10;        at java.util.concurrent.ArrayBlockingQueue.take(ArrayBlockingQueue.java:403)&#10;        at java.util.concurrent.ThreadPoolExecutor.getTask(ThreadPoolExecutor.java:1074)&#10;        at java.util.concurrent.ThreadPoolExecutor.runWorker(ThreadPoolExecutor.java:1134)&#10;        at java.util.concurrent.ThreadPoolExecutor$Worker.run(ThreadPoolExecutor.java:624)&#10;        at java.lang.Thread.run(Thread.java:748)&#10;&quot;pool-76-thread-10&quot;  prio=5 tid=756 in Object.wait()&#10;java.lang.Thread.State: WAITING (on object monitor)&#10;        at sun.misc.Unsafe.park(Native Method)&#10;        at java.util.concurrent.locks.LockSupport.park(LockSupport.java:175)&#10;        at java.util.concurrent.locks.AbstractQueuedSynchronizer$ConditionObject.await(AbstractQueuedSynchronizer.java:2039)&#10;        at java.util.concurrent.ArrayBlockingQueue.take(ArrayBlockingQueue.java:403)&#10;        at java.util.concurrent.ThreadPoolExecutor.getTask(ThreadPoolExecutor.java:1074)&#10;        at java.util.concurrent.ThreadPoolExecutor.runWorker(ThreadPoolExecutor.java:1134)&#10;        at java.util.concurrent.ThreadPoolExecutor$Worker.run(ThreadPoolExecutor.java:624)&#10;        at java.lang.Thread.run(Thread.java:748)&#10;&quot;pool-115-thread-1&quot; daemon prio=5 tid=713 timed_waiting&#10;java.lang.Thread.State: TIMED_WAITING&#10;        at sun.misc.Unsafe.park(Native Method)&#10;        at java.util.concurrent.locks.LockSupport.parkNanos(LockSupport.java:215)&#10;        at java.util.concurrent.locks.AbstractQueuedSynchronizer$ConditionObject.awaitNanos(AbstractQueuedSynchronizer.java:2078)&#10;        at java.util.concurrent.ScheduledThreadPoolExecutor$DelayedWorkQueue.take(ScheduledThreadPoolExecutor.java:1093)&#10;        at java.util.concurrent.ScheduledThreadPoolExecutor$DelayedWorkQueue.take(ScheduledThreadPoolExecutor.java:809)&#10;        at java.util.concurrent.ThreadPoolExecutor.getTask(ThreadPoolExecutor.java:1074)&#10;        at java.util.concurrent.ThreadPoolExecutor.runWorker(ThreadPoolExecutor.java:1134)&#10;        at java.util.concurrent.ThreadPoolExecutor$Worker.run(ThreadPoolExecutor.java:624)&#10;        at java.lang.Thread.run(Thread.java:748)&#10;&quot;pool-66-thread-26&quot;  prio=5 tid=663 in Object.wait()&#10;java.lang.Thread.State: WAITING (on object monitor)&#10;        at sun.misc.Unsafe.park(Native Method)&#10;        at java.util.concurrent.locks.LockSupport.park(LockSupport.java:175)&#10;        at java.util.concurrent.locks.AbstractQueuedSynchronizer$ConditionObject.await(AbstractQueuedSynchronizer.java:2039)&#10;        at java.util.concurrent.ArrayBlockingQueue.take(ArrayBlockingQueue.java:403)&#10;        at java.util.concurrent.ThreadPoolExecutor.getTask(ThreadPoolExecutor.java:1074)&#10;        at java.util.concurrent.ThreadPoolExecutor.runWorker(ThreadPoolExecutor.java:1134)&#10;        at java.util.concurrent.ThreadPoolExecutor$Worker.run(ThreadPoolExecutor.java:624)&#10;        at java.lang.Thread.run(Thread.java:748)&#10;&quot;pool-46-thread-59&quot;  prio=5 tid=583 in Object.wait()&#10;java.lang.Thread.State: WAITING (on object monitor)&#10;        at sun.misc.Unsafe.park(Native Method)&#10;        at java.util.concurrent.locks.LockSupport.park(LockSupport.java:175)&#10;        at java.util.concurrent.locks.AbstractQueuedSynchronizer$ConditionObject.await(AbstractQueuedSynchronizer.java:2039)&#10;        at java.util.concurrent.ArrayBlockingQueue.take(ArrayBlockingQueue.java:403)&#10;        at java.util.concurrent.ThreadPoolExecutor.getTask(ThreadPoolExecutor.java:1074)&#10;        at java.util.concurrent.ThreadPoolExecutor.runWorker(ThreadPoolExecutor.java:1134)&#10;        at java.util.concurrent.ThreadPoolExecutor$Worker.run(ThreadPoolExecutor.java:624)&#10;        at java.lang.Thread.run(Thread.java:748)&#10;&quot;pool-36-thread-24&quot;  prio=5 tid=436 in Object.wait()&#10;java.lang.Thread.State: WAITING (on object monitor)&#10;        at sun.misc.Unsafe.park(Native Method)&#10;        at java.util.concurrent.locks.LockSupport.park(LockSupport.java:175)&#10;        at java.util.concurrent.locks.AbstractQueuedSynchronizer$ConditionObject.await(AbstractQueuedSynchronizer.java:2039)&#10;        at java.util.concurrent.ArrayBlockingQueue.take(ArrayBlockingQueue.java:403)&#10;        at java.util.concurrent.ThreadPoolExecutor.getTask(ThreadPoolExecutor.java:1074)&#10;        at java.util.concurrent.ThreadPoolExecutor.runWorker(ThreadPoolExecutor.java:1134)&#10;        at java.util.concurrent.ThreadPoolExecutor$Worker.run(ThreadPoolExecutor.java:624)&#10;        at java.lang.Thread.run(Thread.java:748)&#10;&quot;Datanode ReportManager Thread - 2&quot; daemon prio=5 tid=281 in Object.wait()&#10;java.lang.Thread.State: WAITING (on object monitor)&#10;        at sun.misc.Unsafe.park(Native Method)&#10;        at java.util.concurrent.locks.LockSupport.park(LockSupport.java:175)&#10;        at java.util.concurrent.locks.AbstractQueuedSynchronizer$ConditionObject.await(AbstractQueuedSynchronizer.java:2039)&#10;        at java.util.concurrent.ScheduledThreadPoolExecutor$DelayedWorkQueue.take(ScheduledThreadPoolExecutor.java:1088)&#10;        at java.util.concurrent.ScheduledThreadPoolExecutor$DelayedWorkQueue.take(ScheduledThreadPoolExecutor.java:809)&#10;        at java.util.concurrent.ThreadPoolExecutor.getTask(ThreadPoolExecutor.java:1074)&#10;        at java.util.concurrent.ThreadPoolExecutor.runWorker(ThreadPoolExecutor.java:1134)&#10;        at java.util.concurrent.ThreadPoolExecutor$Worker.run(ThreadPoolExecutor.java:624)&#10;        at java.lang.Thread.run(Thread.java:748)&#10;&quot;pool-66-thread-8&quot;  prio=5 tid=645 in Object.wait()&#10;java.lang.Thread.State: WAITING (on object monitor)&#10;        at sun.misc.Unsafe.park(Native Method)&#10;        at java.util.concurrent.locks.LockSupport.park(LockSupport.java:175)&#10;        at java.util.concurrent.locks.AbstractQueuedSynchronizer$ConditionObject.await(AbstractQueuedSynchronizer.java:2039)&#10;        at java.util.concurrent.ArrayBlockingQueue.take(ArrayBlockingQueue.java:403)&#10;        at java.util.concurrent.ThreadPoolExecutor.getTask(ThreadPoolExecutor.java:1074)&#10;        at java.util.concurrent.ThreadPoolExecutor.runWorker(ThreadPoolExecutor.java:1134)&#10;        at java.util.concurrent.ThreadPoolExecutor$Worker.run(ThreadPoolExecutor.java:624)&#10;        at java.lang.Thread.run(Thread.java:748)&#10;&quot;Datanode ReportManager Thread - 1&quot; daemon prio=5 tid=226 timed_waiting&#10;java.lang.Thread.State: TIMED_WAITING&#10;        at sun.misc.Unsafe.park(Native Method)&#10;        at java.util.concurrent.locks.LockSupport.parkNanos(LockSupport.java:215)&#10;        at java.util.concurrent.locks.AbstractQueuedSynchronizer$ConditionObject.awaitNanos(AbstractQueuedSynchronizer.java:2078)&#10;        at java.util.concurrent.ScheduledThreadPoolExecutor$DelayedWorkQueue.take(ScheduledThreadPoolExecutor.java:1093)&#10;        at java.util.concurrent.ScheduledThreadPoolExecutor$DelayedWorkQueue.take(ScheduledThreadPoolExecutor.java:809)&#10;        at java.util.concurrent.ThreadPoolExecutor.getTask(ThreadPoolExecutor.java:1074)&#10;        at java.util.concurrent.ThreadPoolExecutor.runWorker(ThreadPoolExecutor.java:1134)&#10;        at java.util.concurrent.ThreadPoolExecutor$Worker.run(ThreadPoolExecutor.java:624)&#10;        at java.lang.Thread.run(Thread.java:748)&#10;&quot;metrics-hadoop-metrics2-reporter-2-thread-1&quot; daemon prio=5 tid=815 timed_waiting&#10;java.lang.Thread.State: TIMED_WAITING&#10;        at sun.misc.Unsafe.park(Native Method)&#10;        at java.util.concurrent.locks.LockSupport.parkNanos(LockSupport.java:215)&#10;        at java.util.concurrent.locks.AbstractQueuedSynchronizer$ConditionObject.awaitNanos(AbstractQueuedSynchronizer.java:2078)&#10;        at java.util.concurrent.ScheduledThreadPoolExecutor$DelayedWorkQueue.take(ScheduledThreadPoolExecutor.java:1093)&#10;        at java.util.concurrent.ScheduledThreadPoolExecutor$DelayedWorkQueue.take(ScheduledThreadPoolExecutor.java:809)&#10;        at java.util.concurrent.ThreadPoolExecutor.getTask(ThreadPoolExecutor.java:1074)&#10;        at java.util.concurrent.ThreadPoolExecutor.runWorker(ThreadPoolExecutor.java:1134)&#10;        at java.util.concurrent.ThreadPoolExecutor$Worker.run(ThreadPoolExecutor.java:624)&#10;        at java.lang.Thread.run(Thread.java:748)&#10;&quot;DataNode DiskChecker thread 0&quot; daemon prio=5 tid=587 timed_waiting&#10;java.lang.Thread.State: TIMED_WAITING&#10;        at sun.misc.Unsafe.park(Native Method)&#10;        at java.util.concurrent.locks.LockSupport.parkNanos(LockSupport.java:215)&#10;        at java.util.concurrent.SynchronousQueue$TransferStack.awaitFulfill(SynchronousQueue.java:460)&#10;        at java.util.concurrent.SynchronousQueue$TransferStack.transfer(SynchronousQueue.java:362)&#10;        at java.util.concurrent.SynchronousQueue.poll(SynchronousQueue.java:941)&#10;        at java.util.concurrent.ThreadPoolExecutor.getTask(ThreadPoolExecutor.java:1073)&#10;        at java.util.concurrent.ThreadPoolExecutor.runWorker(ThreadPoolExecutor.java:1134)&#10;        at java.util.concurrent.ThreadPoolExecutor$Worker.run(ThreadPoolExecutor.java:624)&#10;        at java.lang.Thread.run(Thread.java:748)&#10;&quot;pool-26-thread-20&quot;  prio=5 tid=402 in Object.wait()&#10;java.lang.Thread.State: WAITING (on object monitor)&#10;        at sun.misc.Unsafe.park(Native Method)&#10;        at java.util.concurrent.locks.LockSupport.park(LockSupport.java:175)&#10;        at java.util.concurrent.locks.AbstractQueuedSynchronizer$ConditionObject.await(AbstractQueuedSynchronizer.java:2039)&#10;        at java.util.concurrent.ArrayBlockingQueue.take(ArrayBlockingQueue.java:403)&#10;        at java.util.concurrent.ThreadPoolExecutor.getTask(ThreadPoolExecutor.java:1074)&#10;        at java.util.concurrent.ThreadPoolExecutor.runWorker(ThreadPoolExecutor.java:1134)&#10;        at java.util.concurrent.ThreadPoolExecutor$Worker.run(ThreadPoolExecutor.java:624)&#10;        at java.lang.Thread.run(Thread.java:748)&#10;&quot;IPC Server idle connection scanner for port 40878&quot; daemon prio=5 tid=20 timed_waiting&#10;java.lang.Thread.State: TIMED_WAITING&#10;        at java.lang.Object.wait(Native Method)&#10;        at java.util.TimerThread.mainLoop(Timer.java:552)&#10;        at java.util.TimerThread.run(Timer.java:505)&#10;&quot;metrics-hadoop-metrics2-reporter-15-thread-1&quot; daemon prio=5 tid=974 timed_waiting&#10;java.lang.Thread.State: TIMED_WAITING&#10;        at sun.misc.Unsafe.park(Native Method)&#10;        at java.util.concurrent.locks.LockSupport.parkNanos(LockSupport.java:215)&#10;        at java.util.concurrent.locks.AbstractQueuedSynchronizer$ConditionObject.awaitNanos(AbstractQueuedSynchronizer.java:2078)&#10;        at java.util.concurrent.ScheduledThreadPoolExecutor$DelayedWorkQueue.take(ScheduledThreadPoolExecutor.java:1093)&#10;        at java.util.concurrent.ScheduledThreadPoolExecutor$DelayedWorkQueue.take(ScheduledThreadPoolExecutor.java:809)&#10;        at java.util.concurrent.ThreadPoolExecutor.getTask(ThreadPoolExecutor.java:1074)&#10;        at java.util.concurrent.ThreadPoolExecutor.runWorker(ThreadPoolExecutor.java:1134)&#10;        at java.util.concurrent.ThreadPoolExecutor$Worker.run(ThreadPoolExecutor.java:624)&#10;        at java.lang.Thread.run(Thread.java:748)&#10;&quot;pool-66-thread-3&quot;  prio=5 tid=639 in Object.wait()&#10;java.lang.Thread.State: WAITING (on object monitor)&#10;        at sun.misc.Unsafe.park(Native Method)&#10;        at java.util.concurrent.locks.LockSupport.park(LockSupport.java:175)&#10;        at java.util.concurrent.locks.AbstractQueuedSynchronizer$ConditionObject.await(AbstractQueuedSynchronizer.java:2039)&#10;        at java.util.concurrent.ArrayBlockingQueue.take(ArrayBlockingQueue.java:403)&#10;        at java.util.concurrent.ThreadPoolExecutor.getTask(ThreadPoolExecutor.java:1074)&#10;        at java.util.concurrent.ThreadPoolExecutor.runWorker(ThreadPoolExecutor.java:1134)&#10;        at java.util.concurrent.ThreadPoolExecutor$Worker.run(ThreadPoolExecutor.java:624)&#10;        at java.lang.Thread.run(Thread.java:748)&#10;&quot;qtp142993407-394&quot; daemon prio=5 tid=394 timed_waiting&#10;java.lang.Thread.State: TIMED_WAITING&#10;        at sun.misc.Unsafe.park(Native Method)&#10;        at java.util.concurrent.locks.LockSupport.parkNanos(LockSupport.java:215)&#10;        at java.util.concurrent.locks.AbstractQueuedSynchronizer$ConditionObject.awaitNanos(AbstractQueuedSynchronizer.java:2078)&#10;        at org.eclipse.jetty.util.BlockingArrayQueue.poll(BlockingArrayQueue.java:392)&#10;        at org.eclipse.jetty.util.thread.QueuedThreadPool.idleJobPoll(QueuedThreadPool.java:563)&#10;        at org.eclipse.jetty.util.thread.QueuedThreadPool.access$800(QueuedThreadPool.java:48)&#10;        at org.eclipse.jetty.util.thread.QueuedThreadPool$2.run(QueuedThreadPool.java:626)&#10;        at java.lang.Thread.run(Thread.java:748)&#10;&quot;IPC Server handler 3 on 37838&quot; daemon prio=5 tid=72 timed_waiting&#10;java.lang.Thread.State: TIMED_WAITING&#10;        at sun.misc.Unsafe.park(Native Method)&#10;        at java.util.concurrent.locks.LockSupport.parkNanos(LockSupport.java:215)&#10;        at java.util.concurrent.locks.AbstractQueuedSynchronizer$ConditionObject.awaitNanos(AbstractQueuedSynchronizer.java:2078)&#10;        at java.util.concurrent.LinkedBlockingQueue.poll(LinkedBlockingQueue.java:467)&#10;        at org.apache.hadoop.ipc.CallQueueManager.take(CallQueueManager.java:288)&#10;        at org.apache.hadoop.ipc.Server$Handler.run(Server.java:2668)&#10;&quot;pool-46-thread-24&quot;  prio=5 tid=420 in Object.wait()&#10;java.lang.Thread.State: WAITING (on object monitor)&#10;        at sun.misc.Unsafe.park(Native Method)&#10;        at java.util.concurrent.locks.LockSupport.park(LockSupport.java:175)&#10;        at java.util.concurrent.locks.AbstractQueuedSynchronizer$ConditionObject.await(AbstractQueuedSynchronizer.java:2039)&#10;        at java.util.concurrent.ArrayBlockingQueue.take(ArrayBlockingQueue.java:403)&#10;        at java.util.concurrent.ThreadPoolExecutor.getTask(ThreadPoolExecutor.java:1074)&#10;        at java.util.concurrent.ThreadPoolExecutor.runWorker(ThreadPoolExecutor.java:1134)&#10;        at java.util.concurrent.ThreadPoolExecutor$Worker.run(ThreadPoolExecutor.java:624)&#10;        at java.lang.Thread.run(Thread.java:748)&#10;&quot;Thread-421&quot; daemon prio=5 tid=1298 timed_waiting&#10;java.lang.Thread.State: TIMED_WAITING&#10;        at java.lang.Thread.sleep(Native Method)&#10;        at org.apache.ratis.util.JavaUtils.sleep(JavaUtils.java:247)&#10;        at org.apache.ratis.server.impl.FollowerState.run(FollowerState.java:97)&#10;&quot;org.apache.ratis.server.impl.LogAppender$AppenderDaemon$$Lambda$565/1288450225@648a24f4&quot; daemon prio=5 tid=1287 timed_waiting&#10;java.lang.Thread.State: TIMED_WAITING&#10;        at java.lang.Object.wait(Native Method)&#10;        at org.apache.ratis.grpc.server.GrpcLogAppender.mayWait(GrpcLogAppender.java:141)&#10;        at org.apache.ratis.grpc.server.GrpcLogAppender.runAppenderImpl(GrpcLogAppender.java:95)&#10;        at org.apache.ratis.server.impl.LogAppender$AppenderDaemon.run(LogAppender.java:76)&#10;        at org.apache.ratis.server.impl.LogAppender$AppenderDaemon$$Lambda$565/1288450225.run(Unknown Source)&#10;        at java.lang.Thread.run(Thread.java:748)&#10;&quot;pool-46-thread-52&quot;  prio=5 tid=565 in Object.wait()&#10;java.lang.Thread.State: WAITING (on object monitor)&#10;        at sun.misc.Unsafe.park(Native Method)&#10;        at java.util.concurrent.locks.LockSupport.park(LockSupport.java:175)&#10;        at java.util.concurrent.locks.AbstractQueuedSynchronizer$ConditionObject.await(AbstractQueuedSynchronizer.java:2039)&#10;        at java.util.concurrent.ArrayBlockingQueue.take(ArrayBlockingQueue.java:403)&#10;        at java.util.concurrent.ThreadPoolExecutor.getTask(ThreadPoolExecutor.java:1074)&#10;        at java.util.concurrent.ThreadPoolExecutor.runWorker(ThreadPoolExecutor.java:1134)&#10;        at java.util.concurrent.ThreadPoolExecutor$Worker.run(ThreadPoolExecutor.java:624)&#10;        at java.lang.Thread.run(Thread.java:748)&#10;&quot;pool-66-thread-50&quot;  prio=5 tid=695 in Object.wait()&#10;java.lang.Thread.State: WAITING (on object monitor)&#10;        at sun.misc.Unsafe.park(Native Method)&#10;        at java.util.concurrent.locks.LockSupport.park(LockSupport.java:175)&#10;        at java.util.concurrent.locks.AbstractQueuedSynchronizer$ConditionObject.await(AbstractQueuedSynchronizer.java:2039)&#10;        at java.util.concurrent.ArrayBlockingQueue.take(ArrayBlockingQueue.java:403)&#10;        at java.util.concurrent.ThreadPoolExecutor.getTask(ThreadPoolExecutor.java:1074)&#10;        at java.util.concurrent.ThreadPoolExecutor.runWorker(ThreadPoolExecutor.java:1134)&#10;        at java.util.concurrent.ThreadPoolExecutor$Worker.run(ThreadPoolExecutor.java:624)&#10;        at java.lang.Thread.run(Thread.java:748)&#10;&quot;Datanode ReportManager Thread - 1&quot; daemon prio=5 tid=199 timed_waiting&#10;java.lang.Thread.State: TIMED_WAITING&#10;        at sun.misc.Unsafe.park(Native Method)&#10;        at java.util.concurrent.locks.LockSupport.parkNanos(LockSupport.java:215)&#10;        at java.util.concurrent.locks.AbstractQueuedSynchronizer$ConditionObject.awaitNanos(AbstractQueuedSynchronizer.java:2078)&#10;        at java.util.concurrent.ScheduledThreadPoolExecutor$DelayedWorkQueue.take(ScheduledThreadPoolExecutor.java:1093)&#10;        at java.util.concurrent.ScheduledThreadPoolExecutor$DelayedWorkQueue.take(ScheduledThreadPoolExecutor.java:809)&#10;        at java.util.concurrent.ThreadPoolExecutor.getTask(ThreadPoolExecutor.java:1074)&#10;        at java.util.concurrent.ThreadPoolExecutor.runWorker(ThreadPoolExecutor.java:1134)&#10;        at java.util.concurrent.ThreadPoolExecutor$Worker.run(ThreadPoolExecutor.java:624)&#10;        at java.lang.Thread.run(Thread.java:748)&#10;&quot;pool-26-thread-31&quot;  prio=5 tid=442 in Object.wait()&#10;java.lang.Thread.State: WAITING (on object monitor)&#10;        at sun.misc.Unsafe.park(Native Method)&#10;        at java.util.concurrent.locks.LockSupport.park(LockSupport.java:175)&#10;        at java.util.concurrent.locks.AbstractQueuedSynchronizer$ConditionObject.await(AbstractQueuedSynchronizer.java:2039)&#10;        at java.util.concurrent.ArrayBlockingQueue.take(ArrayBlockingQueue.java:403)&#10;        at java.util.concurrent.ThreadPoolExecutor.getTask(ThreadPoolExecutor.java:1074)&#10;        at java.util.concurrent.ThreadPoolExecutor.runWorker(ThreadPoolExecutor.java:1134)&#10;        at java.util.concurrent.ThreadPoolExecutor$Worker.run(ThreadPoolExecutor.java:624)&#10;        at java.lang.Thread.run(Thread.java:748)&#10;&quot;org.eclipse.jetty.server.session.HashSessionManager@1859e2a4Timer&quot; daemon prio=5 tid=250 timed_waiting&#10;java.lang.Thread.State: TIMED_WAITING&#10;        at sun.misc.Unsafe.park(Native Method)&#10;        at java.util.concurrent.locks.LockSupport.parkNanos(LockSupport.java:215)&#10;        at java.util.concurrent.locks.AbstractQueuedSynchronizer$ConditionObject.awaitNanos(AbstractQueuedSynchronizer.java:2078)&#10;        at java.util.concurrent.ScheduledThreadPoolExecutor$DelayedWorkQueue.take(ScheduledThreadPoolExecutor.java:1093)&#10;        at java.util.concurrent.ScheduledThreadPoolExecutor$DelayedWorkQueue.take(ScheduledThreadPoolExecutor.java:809)&#10;        at java.util.concurrent.ThreadPoolExecutor.getTask(ThreadPoolExecutor.java:1074)&#10;        at java.util.concurrent.ThreadPoolExecutor.runWorker(ThreadPoolExecutor.java:1134)&#10;        at java.util.concurrent.ThreadPoolExecutor$Worker.run(ThreadPoolExecutor.java:624)&#10;        at java.lang.Thread.run(Thread.java:748)&#10;&quot;d3056189-9fd1-4309-9520-f49ad506b671@group-01AE132E748A-SegmentedRaftLogWorker&quot;  prio=5 tid=1185 timed_waiting&#10;java.lang.Thread.State: TIMED_WAITING&#10;        at sun.misc.Unsafe.park(Native Method)&#10;        at java.util.concurrent.locks.LockSupport.parkNanos(LockSupport.java:215)&#10;        at java.util.concurrent.locks.AbstractQueuedSynchronizer$ConditionObject.awaitNanos(AbstractQueuedSynchronizer.java:2078)&#10;        at org.apache.ratis.util.DataBlockingQueue.poll(DataBlockingQueue.java:137)&#10;        at org.apache.ratis.server.raftlog.segmented.SegmentedRaftLogWorker.run(SegmentedRaftLogWorker.java:282)&#10;        at java.lang.Thread.run(Thread.java:748)&#10;&quot;pool-46-thread-11&quot;  prio=5 tid=353 in Object.wait()&#10;java.lang.Thread.State: WAITING (on object monitor)&#10;        at sun.misc.Unsafe.park(Native Method)&#10;        at java.util.concurrent.locks.LockSupport.park(LockSupport.java:175)&#10;        at java.util.concurrent.locks.AbstractQueuedSynchronizer$ConditionObject.await(AbstractQueuedSynchronizer.java:2039)&#10;        at java.util.concurrent.ArrayBlockingQueue.take(ArrayBlockingQueue.java:403)&#10;        at java.util.concurrent.ThreadPoolExecutor.getTask(ThreadPoolExecutor.java:1074)&#10;        at java.util.concurrent.ThreadPoolExecutor.runWorker(ThreadPoolExecutor.java:1134)&#10;        at java.util.concurrent.ThreadPoolExecutor$Worker.run(ThreadPoolExecutor.java:624)&#10;        at java.lang.Thread.run(Thread.java:748)&#10;&quot;pool-86-thread-60&quot;  prio=5 tid=878 in Object.wait()&#10;java.lang.Thread.State: WAITING (on object monitor)&#10;        at sun.misc.Unsafe.park(Native Method)&#10;        at java.util.concurrent.locks.LockSupport.park(LockSupport.java:175)&#10;        at java.util.concurrent.locks.AbstractQueuedSynchronizer$ConditionObject.await(AbstractQueuedSynchronizer.java:2039)&#10;        at java.util.concurrent.ArrayBlockingQueue.take(ArrayBlockingQueue.java:403)&#10;        at java.util.concurrent.ThreadPoolExecutor.getTask(ThreadPoolExecutor.java:1074)&#10;        at java.util.concurrent.ThreadPoolExecutor.runWorker(ThreadPoolExecutor.java:1134)&#10;        at java.util.concurrent.ThreadPoolExecutor$Worker.run(ThreadPoolExecutor.java:624)&#10;        at java.lang.Thread.run(Thread.java:748)&#10;&quot;metrics-hadoop-metrics2-reporter-61-thread-1&quot; daemon prio=5 tid=1302 timed_waiting&#10;java.lang.Thread.State: TIMED_WAITING&#10;        at sun.misc.Unsafe.park(Native Method)&#10;        at java.util.concurrent.locks.LockSupport.parkNanos(LockSupport.java:215)&#10;        at java.util.concurrent.locks.AbstractQueuedSynchronizer$ConditionObject.awaitNanos(AbstractQueuedSynchronizer.java:2078)&#10;        at java.util.concurrent.ScheduledThreadPoolExecutor$DelayedWorkQueue.take(ScheduledThreadPoolExecutor.java:1093)&#10;        at java.util.concurrent.ScheduledThreadPoolExecutor$DelayedWorkQueue.take(ScheduledThreadPoolExecutor.java:809)&#10;        at java.util.concurrent.ThreadPoolExecutor.getTask(ThreadPoolExecutor.java:1074)&#10;        at java.util.concurrent.ThreadPoolExecutor.runWorker(ThreadPoolExecutor.java:1134)&#10;        at java.util.concurrent.ThreadPoolExecutor$Worker.run(ThreadPoolExecutor.java:624)&#10;        at java.lang.Thread.run(Thread.java:748)&#10;&quot;pool-36-thread-18&quot;  prio=5 tid=405 in Object.wait()&#10;java.lang.Thread.State: WAITING (on object monitor)&#10;        at sun.misc.Unsafe.park(Native Method)&#10;        at java.util.concurrent.locks.LockSupport.park(LockSupport.java:175)&#10;        at java.util.concurrent.locks.AbstractQueuedSynchronizer$ConditionObject.await(AbstractQueuedSynchronizer.java:2039)&#10;        at java.util.concurrent.ArrayBlockingQueue.take(ArrayBlockingQueue.java:403)&#10;        at java.util.concurrent.ThreadPoolExecutor.getTask(ThreadPoolExecutor.java:1074)&#10;        at java.util.concurrent.ThreadPoolExecutor.runWorker(ThreadPoolExecutor.java:1134)&#10;        at java.util.concurrent.ThreadPoolExecutor$Worker.run(ThreadPoolExecutor.java:624)&#10;        at java.lang.Thread.run(Thread.java:748)&#10;&quot;IPC Server handler 17 on 39235&quot; daemon prio=5 tid=46 timed_waiting&#10;java.lang.Thread.State: TIMED_WAITING&#10;        at sun.misc.Unsafe.park(Native Method)&#10;        at java.util.concurrent.locks.LockSupport.parkNanos(LockSupport.java:215)&#10;        at java.util.concurrent.locks.AbstractQueuedSynchronizer$ConditionObject.awaitNanos(AbstractQueuedSynchronizer.java:2078)&#10;        at java.util.concurrent.LinkedBlockingQueue.poll(LinkedBlockingQueue.java:467)&#10;        at org.apache.hadoop.ipc.CallQueueManager.take(CallQueueManager.java:288)&#10;        at org.apache.hadoop.ipc.Server$Handler.run(Server.java:2668)&#10;&quot;metrics-hadoop-metrics2-reporter-30-thread-1&quot; daemon prio=5 tid=1145 timed_waiting&#10;java.lang.Thread.State: TIMED_WAITING&#10;        at sun.misc.Unsafe.park(Native Method)&#10;        at java.util.concurrent.locks.LockSupport.parkNanos(LockSupport.java:215)&#10;        at java.util.concurrent.locks.AbstractQueuedSynchronizer$ConditionObject.awaitNanos(AbstractQueuedSynchronizer.java:2078)&#10;        at java.util.concurrent.ScheduledThreadPoolExecutor$DelayedWorkQueue.take(ScheduledThreadPoolExecutor.java:1093)&#10;        at java.util.concurrent.ScheduledThreadPoolExecutor$DelayedWorkQueue.take(ScheduledThreadPoolExecutor.java:809)&#10;        at java.util.concurrent.ThreadPoolExecutor.getTask(ThreadPoolExecutor.java:1074)&#10;        at java.util.concurrent.ThreadPoolExecutor.runWorker(ThreadPoolExecutor.java:1134)&#10;        at java.util.concurrent.ThreadPoolExecutor$Worker.run(ThreadPoolExecutor.java:624)&#10;        at java.lang.Thread.run(Thread.java:748)&#10;&quot;refreshUsed-/workdir/hadoop-ozone/integration-test/target/test-dir/MiniOzoneClusterImpl-fc727f2e-e877-4159-90ff-4473a18561dc/datanode-4/data/containers&quot; daemon prio=5 tid=262 timed_waiting&#10;java.lang.Thread.State: TIMED_WAITING&#10;        at java.lang.Thread.sleep(Native Method)&#10;        at org.apache.hadoop.fs.CachingGetSpaceUsed$RefreshThread.run(CachingGetSpaceUsed.java:179)&#10;        at java.lang.Thread.run(Thread.java:748)&#10;&quot;IPC Server handler 8 on 37221&quot; daemon prio=5 tid=123 timed_waiting&#10;java.lang.Thread.State: TIMED_WAITING&#10;        at sun.misc.Unsafe.park(Native Method)&#10;        at java.util.concurrent.locks.LockSupport.parkNanos(LockSupport.java:215)&#10;        at java.util.concurrent.locks.AbstractQueuedSynchronizer$ConditionObject.awaitNanos(AbstractQueuedSynchronizer.java:2078)&#10;        at java.util.concurrent.LinkedBlockingQueue.poll(LinkedBlockingQueue.java:467)&#10;        at org.apache.hadoop.ipc.CallQueueManager.take(CallQueueManager.java:288)&#10;        at org.apache.hadoop.ipc.Server$Handler.run(Server.java:2668)&#10;&quot;pool-117-thread-25&quot;  prio=5 tid=1084 in Object.wait()&#10;java.lang.Thread.State: WAITING (on object monitor)&#10;        at sun.misc.Unsafe.park(Native Method)&#10;        at java.util.concurrent.locks.LockSupport.park(LockSupport.java:175)&#10;        at java.util.concurrent.locks.AbstractQueuedSynchronizer$ConditionObject.await(AbstractQueuedSynchronizer.java:2039)&#10;        at java.util.concurrent.ArrayBlockingQueue.take(ArrayBlockingQueue.java:403)&#10;        at java.util.concurrent.ThreadPoolExecutor.getTask(ThreadPoolExecutor.java:1074)&#10;        at java.util.concurrent.ThreadPoolExecutor.runWorker(ThreadPoolExecutor.java:1134)&#10;        at java.util.concurrent.ThreadPoolExecutor$Worker.run(ThreadPoolExecutor.java:624)&#10;        at java.lang.Thread.run(Thread.java:748)&#10;&quot;Command processor thread&quot; daemon prio=5 tid=256 timed_waiting&#10;java.lang.Thread.State: TIMED_WAITING&#10;        at java.lang.Thread.sleep(Native Method)&#10;        at org.apache.hadoop.ozone.container.common.statemachine.DatanodeStateMachine.lambda$initCommandHandlerThread$1(DatanodeStateMachine.java:439)&#10;        at org.apache.hadoop.ozone.container.common.statemachine.DatanodeStateMachine$$Lambda$141/1487479796.run(Unknown Source)&#10;        at java.lang.Thread.run(Thread.java:748)&#10;&quot;PartialTableCache Cleanup Thread - 0&quot; daemon prio=5 tid=1209 in Object.wait()&#10;java.lang.Thread.State: WAITING (on object monitor)&#10;        at sun.misc.Unsafe.park(Native Method)&#10;        at java.util.concurrent.locks.LockSupport.park(LockSupport.java:175)&#10;        at java.util.concurrent.locks.AbstractQueuedSynchronizer$ConditionObject.await(AbstractQueuedSynchronizer.java:2039)&#10;        at java.util.concurrent.LinkedBlockingQueue.take(LinkedBlockingQueue.java:442)&#10;        at java.util.concurrent.ThreadPoolExecutor.getTask(ThreadPoolExecutor.java:1074)&#10;        at java.util.concurrent.ThreadPoolExecutor.runWorker(ThreadPoolExecutor.java:1134)&#10;        at java.util.concurrent.ThreadPoolExecutor$Worker.run(ThreadPoolExecutor.java:624)&#10;        at java.lang.Thread.run(Thread.java:748)&#10;&quot;pool-46-thread-55&quot;  prio=5 tid=572 in Object.wait()&#10;java.lang.Thread.State: WAITING (on object monitor)&#10;        at sun.misc.Unsafe.park(Native Method)&#10;        at java.util.concurrent.locks.LockSupport.park(LockSupport.java:175)&#10;        at java.util.concurrent.locks.AbstractQueuedSynchronizer$ConditionObject.await(AbstractQueuedSynchronizer.java:2039)&#10;        at java.util.concurrent.ArrayBlockingQueue.take(ArrayBlockingQueue.java:403)&#10;        at java.util.concurrent.ThreadPoolExecutor.getTask(ThreadPoolExecutor.java:1074)&#10;        at java.util.concurrent.ThreadPoolExecutor.runWorker(ThreadPoolExecutor.java:1134)&#10;        at java.util.concurrent.ThreadPoolExecutor$Worker.run(ThreadPoolExecutor.java:624)&#10;        at java.lang.Thread.run(Thread.java:748)&#10;&quot;org.apache.hadoop.util.JvmPauseMonitor$Monitor@7d187923&quot; daemon prio=5 tid=314 timed_waiting&#10;java.lang.Thread.State: TIMED_WAITING&#10;        at java.lang.Thread.sleep(Native Method)&#10;        at org.apache.hadoop.util.JvmPauseMonitor$Monitor.run(JvmPauseMonitor.java:192)&#10;        at java.lang.Thread.run(Thread.java:748)&#10;&quot;96fc05bb-33c2-44fe-bb42-67c5c3eec278@group-01AE132E748A-StateMachineUpdater&quot; daemon prio=5 tid=1184 in Object.wait()&#10;java.lang.Thread.State: WAITING (on object monitor)&#10;        at java.lang.Object.wait(Native Method)&#10;        at java.lang.Object.wait(Object.java:502)&#10;        at org.apache.ratis.server.impl.StateMachineUpdater.waitForCommit(StateMachineUpdater.java:194)&#10;        at org.apache.ratis.server.impl.StateMachineUpdater.run(StateMachineUpdater.java:159)&#10;        at java.lang.Thread.run(Thread.java:748)&#10;&quot;pool-107-thread-1&quot;  prio=5 tid=1147 in Object.wait()&#10;java.lang.Thread.State: WAITING (on object monitor)&#10;        at sun.misc.Unsafe.park(Native Method)&#10;        at java.util.concurrent.locks.LockSupport.park(LockSupport.java:175)&#10;        at java.util.concurrent.locks.AbstractQueuedSynchronizer$ConditionObject.await(AbstractQueuedSynchronizer.java:2039)&#10;        at java.util.concurrent.LinkedBlockingQueue.take(LinkedBlockingQueue.java:442)&#10;        at java.util.concurrent.ThreadPoolExecutor.getTask(ThreadPoolExecutor.java:1074)&#10;        at java.util.concurrent.ThreadPoolExecutor.runWorker(ThreadPoolExecutor.java:1134)&#10;        at java.util.concurrent.ThreadPoolExecutor$Worker.run(ThreadPoolExecutor.java:624)&#10;        at java.lang.Thread.run(Thread.java:748)&#10;&quot;Datanode ReportManager Thread - 0&quot; daemon prio=5 tid=309 timed_waiting&#10;java.lang.Thread.State: TIMED_WAITING&#10;        at sun.misc.Unsafe.park(Native Method)&#10;        at java.util.concurrent.locks.LockSupport.parkNanos(LockSupport.java:215)&#10;        at java.util.concurrent.locks.AbstractQueuedSynchronizer$ConditionObject.awaitNanos(AbstractQueuedSynchronizer.java:2078)&#10;        at java.util.concurrent.ScheduledThreadPoolExecutor$DelayedWorkQueue.take(ScheduledThreadPoolExecutor.java:1093)&#10;        at java.util.concurrent.ScheduledThreadPoolExecutor$DelayedWorkQueue.take(ScheduledThreadPoolExecutor.java:809)&#10;        at java.util.concurrent.ThreadPoolExecutor.getTask(ThreadPoolExecutor.java:1074)&#10;        at java.util.concurrent.ThreadPoolExecutor.runWorker(ThreadPoolExecutor.java:1134)&#10;        at java.util.concurrent.ThreadPoolExecutor$Worker.run(ThreadPoolExecutor.java:624)&#10;        at java.lang.Thread.run(Thread.java:748)&#10;&quot;Periodic HDDS volume checker&quot;  prio=5 tid=206 timed_waiting&#10;java.lang.Thread.State: TIMED_WAITING&#10;        at sun.misc.Unsafe.park(Native Method)&#10;        at java.util.concurrent.locks.LockSupport.parkNanos(LockSupport.java:215)&#10;        at java.util.concurrent.locks.AbstractQueuedSynchronizer$ConditionObject.awaitNanos(AbstractQueuedSynchronizer.java:2078)&#10;        at java.util.concurrent.ScheduledThreadPoolExecutor$DelayedWorkQueue.take(ScheduledThreadPoolExecutor.java:1093)&#10;        at java.util.concurrent.ScheduledThreadPoolExecutor$DelayedWorkQueue.take(ScheduledThreadPoolExecutor.java:809)&#10;        at java.util.concurrent.ThreadPoolExecutor.getTask(ThreadPoolExecutor.java:1074)&#10;        at java.util.concurrent.ThreadPoolExecutor.runWorker(ThreadPoolExecutor.java:1134)&#10;        at java.util.concurrent.ThreadPoolExecutor$Worker.run(ThreadPoolExecutor.java:624)&#10;        at java.lang.Thread.run(Thread.java:748)&#10;&quot;BlockDeletingService#0&quot; daemon prio=5 tid=710 timed_waiting&#10;java.lang.Thread.State: TIMED_WAITING&#10;        at sun.misc.Unsafe.park(Native Method)&#10;        at java.util.concurrent.locks.LockSupport.parkNanos(LockSupport.java:215)&#10;        at java.util.concurrent.locks.AbstractQueuedSynchronizer$ConditionObject.awaitNanos(AbstractQueuedSynchronizer.java:2078)&#10;        at java.util.concurrent.ScheduledThreadPoolExecutor$DelayedWorkQueue.take(ScheduledThreadPoolExecutor.java:1093)&#10;        at java.util.concurrent.ScheduledThreadPoolExecutor$DelayedWorkQueue.take(ScheduledThreadPoolExecutor.java:809)&#10;        at java.util.concurrent.ThreadPoolExecutor.getTask(ThreadPoolExecutor.java:1074)&#10;        at java.util.concurrent.ThreadPoolExecutor.runWorker(ThreadPoolExecutor.java:1134)&#10;        at java.util.concurrent.ThreadPoolExecutor$Worker.run(ThreadPoolExecutor.java:624)&#10;        at java.lang.Thread.run(Thread.java:748)&#10;&quot;pool-56-thread-43&quot;  prio=5 tid=515 in Object.wait()&#10;java.lang.Thread.State: WAITING (on object monitor)&#10;        at sun.misc.Unsafe.park(Native Method)&#10;        at java.util.concurrent.locks.LockSupport.park(LockSupport.java:175)&#10;        at java.util.concurrent.locks.AbstractQueuedSynchronizer$ConditionObject.await(AbstractQueuedSynchronizer.java:2039)&#10;        at java.util.concurrent.ArrayBlockingQueue.take(ArrayBlockingQueue.java:403)&#10;        at java.util.concurrent.ThreadPoolExecutor.getTask(ThreadPoolExecutor.java:1074)&#10;        at java.util.concurrent.ThreadPoolExecutor.runWorker(ThreadPoolExecutor.java:1134)&#10;        at java.util.concurrent.ThreadPoolExecutor$Worker.run(ThreadPoolExecutor.java:624)&#10;        at java.lang.Thread.run(Thread.java:748)&#10;&quot;qtp934617920-594&quot; daemon prio=5 tid=594 timed_waiting&#10;java.lang.Thread.State: TIMED_WAITING&#10;        at sun.misc.Unsafe.park(Native Method)&#10;        at java.util.concurrent.locks.LockSupport.parkNanos(LockSupport.java:215)&#10;        at java.util.concurrent.locks.AbstractQueuedSynchronizer$ConditionObject.awaitNanos(AbstractQueuedSynchronizer.java:2078)&#10;        at org.eclipse.jetty.util.BlockingArrayQueue.poll(BlockingArrayQueue.java:392)&#10;        at org.eclipse.jetty.util.thread.QueuedThreadPool.idleJobPoll(QueuedThreadPool.java:563)&#10;        at org.eclipse.jetty.util.thread.QueuedThreadPool.access$800(QueuedThreadPool.java:48)&#10;        at org.eclipse.jetty.util.thread.QueuedThreadPool$2.run(QueuedThreadPool.java:626)&#10;        at java.lang.Thread.run(Thread.java:748)&#10;&quot;pool-106-thread-38&quot;  prio=5 tid=1017 in Object.wait()&#10;java.lang.Thread.State: WAITING (on object monitor)&#10;        at sun.misc.Unsafe.park(Native Method)&#10;        at java.util.concurrent.locks.LockSupport.park(LockSupport.java:175)&#10;        at java.util.concurrent.locks.AbstractQueuedSynchronizer$ConditionObject.await(AbstractQueuedSynchronizer.java:2039)&#10;        at java.util.concurrent.ArrayBlockingQueue.take(ArrayBlockingQueue.java:403)&#10;        at java.util.concurrent.ThreadPoolExecutor.getTask(ThreadPoolExecutor.java:1074)&#10;        at java.util.concurrent.ThreadPoolExecutor.runWorker(ThreadPoolExecutor.java:1134)&#10;        at java.util.concurrent.ThreadPoolExecutor$Worker.run(ThreadPoolExecutor.java:624)&#10;        at java.lang.Thread.run(Thread.java:748)&#10;&quot;pool-86-thread-9&quot;  prio=5 tid=827 in Object.wait()&#10;java.lang.Thread.State: WAITING (on object monitor)&#10;        at sun.misc.Unsafe.park(Native Method)&#10;        at java.util.concurrent.locks.LockSupport.park(LockSupport.java:175)&#10;        at java.util.concurrent.locks.AbstractQueuedSynchronizer$ConditionObject.await(AbstractQueuedSynchronizer.java:2039)&#10;        at java.util.concurrent.ArrayBlockingQueue.take(ArrayBlockingQueue.java:403)&#10;        at java.util.concurrent.ThreadPoolExecutor.getTask(ThreadPoolExecutor.java:1074)&#10;        at java.util.concurrent.ThreadPoolExecutor.runWorker(ThreadPoolExecutor.java:1134)&#10;        at java.util.concurrent.ThreadPoolExecutor$Worker.run(ThreadPoolExecutor.java:624)&#10;        at java.lang.Thread.run(Thread.java:748)&#10;&quot;pool-36-thread-52&quot;  prio=5 tid=558 in Object.wait()&#10;java.lang.Thread.State: WAITING (on object monitor)&#10;        at sun.misc.Unsafe.park(Native Method)&#10;        at java.util.concurrent.locks.LockSupport.park(LockSupport.java:175)&#10;        at java.util.concurrent.locks.AbstractQueuedSynchronizer$ConditionObject.await(AbstractQueuedSynchronizer.java:2039)&#10;        at java.util.concurrent.ArrayBlockingQueue.take(ArrayBlockingQueue.java:403)&#10;        at java.util.concurrent.ThreadPoolExecutor.getTask(ThreadPoolExecutor.java:1074)&#10;        at java.util.concurrent.ThreadPoolExecutor.runWorker(ThreadPoolExecutor.java:1134)&#10;        at java.util.concurrent.ThreadPoolExecutor$Worker.run(ThreadPoolExecutor.java:624)&#10;        at java.lang.Thread.run(Thread.java:748)&#10;&quot;pool-117-thread-60&quot;  prio=5 tid=1119 in Object.wait()&#10;java.lang.Thread.State: WAITING (on object monitor)&#10;        at sun.misc.Unsafe.park(Native Method)&#10;        at java.util.concurrent.locks.LockSupport.park(LockSupport.java:175)&#10;        at java.util.concurrent.locks.AbstractQueuedSynchronizer$ConditionObject.await(AbstractQueuedSynchronizer.java:2039)&#10;        at java.util.concurrent.ArrayBlockingQueue.take(ArrayBlockingQueue.java:403)&#10;        at java.util.concurrent.ThreadPoolExecutor.getTask(ThreadPoolExecutor.java:1074)&#10;        at java.util.concurrent.ThreadPoolExecutor.runWorker(ThreadPoolExecutor.java:1134)&#10;        at java.util.concurrent.ThreadPoolExecutor$Worker.run(ThreadPoolExecutor.java:624)&#10;        at java.lang.Thread.run(Thread.java:748)&#10;&quot;IPC Server listener on 37838&quot; daemon prio=5 tid=14 runnable&#10;java.lang.Thread.State: RUNNABLE&#10;        at sun.nio.ch.EPollArrayWrapper.epollWait(Native Method)&#10;        at sun.nio.ch.EPollArrayWrapper.poll(EPollArrayWrapper.java:269)&#10;        at sun.nio.ch.EPollSelectorImpl.doSelect(EPollSelectorImpl.java:93)&#10;        at sun.nio.ch.SelectorImpl.lockAndDoSelect(SelectorImpl.java:86)&#10;        at sun.nio.ch.SelectorImpl.select(SelectorImpl.java:97)&#10;        at sun.nio.ch.SelectorImpl.select(SelectorImpl.java:101)&#10;        at org.apache.hadoop.ipc.Server$Listener.run(Server.java:1159)&#10;&quot;pool-100-thread-1&quot;  prio=5 tid=590 timed_waiting&#10;java.lang.Thread.State: TIMED_WAITING&#10;        at sun.misc.Unsafe.park(Native Method)&#10;        at java.util.concurrent.locks.LockSupport.parkNanos(LockSupport.java:215)&#10;        at java.util.concurrent.locks.AbstractQueuedSynchronizer$ConditionObject.awaitNanos(AbstractQueuedSynchronizer.java:2078)&#10;        at java.util.concurrent.ScheduledThreadPoolExecutor$DelayedWorkQueue.take(ScheduledThreadPoolExecutor.java:1093)&#10;        at java.util.concurrent.ScheduledThreadPoolExecutor$DelayedWorkQueue.take(ScheduledThreadPoolExecutor.java:809)&#10;        at java.util.concurrent.ThreadPoolExecutor.getTask(ThreadPoolExecutor.java:1074)&#10;        at java.util.concurrent.ThreadPoolExecutor.runWorker(ThreadPoolExecutor.java:1134)&#10;        at java.util.concurrent.ThreadPoolExecutor$Worker.run(ThreadPoolExecutor.java:624)&#10;        at java.lang.Thread.run(Thread.java:748)&#10;&quot;pool-46-thread-35&quot;  prio=5 tid=484 in Object.wait()&#10;java.lang.Thread.State: WAITING (on object monitor)&#10;        at sun.misc.Unsafe.park(Native Method)&#10;        at java.util.concurrent.locks.LockSupport.park(LockSupport.java:175)&#10;        at java.util.concurrent.locks.AbstractQueuedSynchronizer$ConditionObject.await(AbstractQueuedSynchronizer.java:2039)&#10;        at java.util.concurrent.ArrayBlockingQueue.take(ArrayBlockingQueue.java:403)&#10;        at java.util.concurrent.ThreadPoolExecutor.getTask(ThreadPoolExecutor.java:1074)&#10;        at java.util.concurrent.ThreadPoolExecutor.runWorker(ThreadPoolExecutor.java:1134)&#10;        at java.util.concurrent.ThreadPoolExecutor$Worker.run(ThreadPoolExecutor.java:624)&#10;        at java.lang.Thread.run(Thread.java:748)&#10;&quot;pool-26-thread-37&quot;  prio=5 tid=455 in Object.wait()&#10;java.lang.Thread.State: WAITING (on object monitor)&#10;        at sun.misc.Unsafe.park(Native Method)&#10;        at java.util.concurrent.locks.LockSupport.park(LockSupport.java:175)&#10;        at java.util.concurrent.locks.AbstractQueuedSynchronizer$ConditionObject.await(AbstractQueuedSynchronizer.java:2039)&#10;        at java.util.concurrent.ArrayBlockingQueue.take(ArrayBlockingQueue.java:403)&#10;        at java.util.concurrent.ThreadPoolExecutor.getTask(ThreadPoolExecutor.java:1074)&#10;        at java.util.concurrent.ThreadPoolExecutor.runWorker(ThreadPoolExecutor.java:1134)&#10;        at java.util.concurrent.ThreadPoolExecutor$Worker.run(ThreadPoolExecutor.java:624)&#10;        at java.lang.Thread.run(Thread.java:748)&#10;&quot;pool-66-thread-53&quot;  prio=5 tid=698 in Object.wait()&#10;java.lang.Thread.State: WAITING (on object monitor)&#10;        at sun.misc.Unsafe.park(Native Method)&#10;        at java.util.concurrent.locks.LockSupport.park(LockSupport.java:175)&#10;        at java.util.concurrent.locks.AbstractQueuedSynchronizer$ConditionObject.await(AbstractQueuedSynchronizer.java:2039)&#10;        at java.util.concurrent.ArrayBlockingQueue.take(ArrayBlockingQueue.java:403)&#10;        at java.util.concurrent.ThreadPoolExecutor.getTask(ThreadPoolExecutor.java:1074)&#10;        at java.util.concurrent.ThreadPoolExecutor.runWorker(ThreadPoolExecutor.java:1134)&#10;        at java.util.concurrent.ThreadPoolExecutor$Worker.run(ThreadPoolExecutor.java:624)&#10;        at java.lang.Thread.run(Thread.java:748)&#10;&quot;IPC Server handler 13 on 39235&quot; daemon prio=5 tid=42 timed_waiting&#10;java.lang.Thread.State: TIMED_WAITING&#10;        at sun.misc.Unsafe.park(Native Method)&#10;        at java.util.concurrent.locks.LockSupport.parkNanos(LockSupport.java:215)&#10;        at java.util.concurrent.locks.AbstractQueuedSynchronizer$ConditionObject.awaitNanos(AbstractQueuedSynchronizer.java:2078)&#10;        at java.util.concurrent.LinkedBlockingQueue.poll(LinkedBlockingQueue.java:467)&#10;        at org.apache.hadoop.ipc.CallQueueManager.take(CallQueueManager.java:288)&#10;        at org.apache.hadoop.ipc.Server$Handler.run(Server.java:2668)&#10;&quot;pool-56-thread-40&quot;  prio=5 tid=492 in Object.wait()&#10;java.lang.Thread.State: WAITING (on object monitor)&#10;        at sun.misc.Unsafe.park(Native Method)&#10;        at java.util.concurrent.locks.LockSupport.park(LockSupport.java:175)&#10;        at java.util.concurrent.locks.AbstractQueuedSynchronizer$ConditionObject.await(AbstractQueuedSynchronizer.java:2039)&#10;        at java.util.concurrent.ArrayBlockingQueue.take(ArrayBlockingQueue.java:403)&#10;        at java.util.concurrent.ThreadPoolExecutor.getTask(ThreadPoolExecutor.java:1074)&#10;        at java.util.concurrent.ThreadPoolExecutor.runWorker(ThreadPoolExecutor.java:1134)&#10;        at java.util.concurrent.ThreadPoolExecutor$Worker.run(ThreadPoolExecutor.java:624)&#10;        at java.lang.Thread.run(Thread.java:748)&#10;&quot;org.eclipse.jetty.server.session.HashSessionManager@5b22b970Timer&quot; daemon prio=5 tid=146 timed_waiting&#10;java.lang.Thread.State: TIMED_WAITING&#10;        at sun.misc.Unsafe.park(Native Method)&#10;        at java.util.concurrent.locks.LockSupport.parkNanos(LockSupport.java:215)&#10;        at java.util.concurrent.locks.AbstractQueuedSynchronizer$ConditionObject.awaitNanos(AbstractQueuedSynchronizer.java:2078)&#10;        at java.util.concurrent.ScheduledThreadPoolExecutor$DelayedWorkQueue.take(ScheduledThreadPoolExecutor.java:1093)&#10;        at java.util.concurrent.ScheduledThreadPoolExecutor$DelayedWorkQueue.take(ScheduledThreadPoolExecutor.java:809)&#10;        at java.util.concurrent.ThreadPoolExecutor.getTask(ThreadPoolExecutor.java:1074)&#10;        at java.util.concurrent.ThreadPoolExecutor.runWorker(ThreadPoolExecutor.java:1134)&#10;        at java.util.concurrent.ThreadPoolExecutor$Worker.run(ThreadPoolExecutor.java:624)&#10;        at java.lang.Thread.run(Thread.java:748)&#10;&quot;Datanode State Machine Thread - 0&quot; daemon prio=5 tid=278 timed_waiting&#10;java.lang.Thread.State: TIMED_WAITING&#10;        at java.lang.Thread.sleep(Native Method)&#10;        at org.apache.hadoop.ozone.container.common.statemachine.DatanodeStateMachine.start(DatanodeStateMachine.java:191)&#10;        at org.apache.hadoop.ozone.container.common.statemachine.DatanodeStateMachine.lambda$startDaemon$0(DatanodeStateMachine.java:349)&#10;        at org.apache.hadoop.ozone.container.common.statemachine.DatanodeStateMachine$$Lambda$140/939829672.run(Unknown Source)&#10;        at java.lang.Thread.run(Thread.java:748)&#10;&quot;96fc05bb-33c2-44fe-bb42-67c5c3eec278@group-01AE132E748A-SegmentedRaftLogWorker&quot;  prio=5 tid=1181 timed_waiting&#10;java.lang.Thread.State: TIMED_WAITING&#10;        at sun.misc.Unsafe.park(Native Method)&#10;        at java.util.concurrent.locks.LockSupport.parkNanos(LockSupport.java:215)&#10;        at java.util.concurrent.locks.AbstractQueuedSynchronizer$ConditionObject.awaitNanos(AbstractQueuedSynchronizer.java:2078)&#10;        at org.apache.ratis.util.DataBlockingQueue.poll(DataBlockingQueue.java:137)&#10;        at org.apache.ratis.server.raftlog.segmented.SegmentedRaftLogWorker.run(SegmentedRaftLogWorker.java:282)&#10;        at java.lang.Thread.run(Thread.java:748)&#10;&quot;Datanode State Machine Thread - 0&quot; daemon prio=5 tid=224 timed_waiting&#10;java.lang.Thread.State: TIMED_WAITING&#10;        at java.lang.Thread.sleep(Native Method)&#10;        at org.apache.hadoop.ozone.container.common.statemachine.DatanodeStateMachine.start(DatanodeStateMachine.java:191)&#10;        at org.apache.hadoop.ozone.container.common.statemachine.DatanodeStateMachine.lambda$startDaemon$0(DatanodeStateMachine.java:349)&#10;        at org.apache.hadoop.ozone.container.common.statemachine.DatanodeStateMachine$$Lambda$140/939829672.run(Unknown Source)&#10;        at java.lang.Thread.run(Thread.java:748)&#10;&quot;pool-77-thread-1&quot;  prio=5 tid=1120 in Object.wait()&#10;java.lang.Thread.State: WAITING (on object monitor)&#10;        at sun.misc.Unsafe.park(Native Method)&#10;        at java.util.concurrent.locks.LockSupport.park(LockSupport.java:175)&#10;        at java.util.concurrent.locks.AbstractQueuedSynchronizer$ConditionObject.await(AbstractQueuedSynchronizer.java:2039)&#10;        at java.util.concurrent.LinkedBlockingQueue.take(LinkedBlockingQueue.java:442)&#10;        at java.util.concurrent.ThreadPoolExecutor.getTask(ThreadPoolExecutor.java:1074)&#10;        at java.util.concurrent.ThreadPoolExecutor.runWorker(ThreadPoolExecutor.java:1134)&#10;        at java.util.concurrent.ThreadPoolExecutor$Worker.run(ThreadPoolExecutor.java:624)&#10;        at java.lang.Thread.run(Thread.java:748)&#10;&quot;96fc05bb-33c2-44fe-bb42-67c5c3eec278@group-D9EEF9BF2E95-StateMachineUpdater&quot; daemon prio=5 tid=963 in Object.wait()&#10;java.lang.Thread.State: WAITING (on object monitor)&#10;        at java.lang.Object.wait(Native Method)&#10;        at java.lang.Object.wait(Object.java:502)&#10;        at org.apache.ratis.server.impl.StateMachineUpdater.waitForCommit(StateMachineUpdater.java:194)&#10;        at org.apache.ratis.server.impl.StateMachineUpdater.run(StateMachineUpdater.java:159)&#10;        at java.lang.Thread.run(Thread.java:748)&#10;&quot;java.util.concurrent.ThreadPoolExecutor$Worker@143b28d1[State = -1, empty queue]&quot; daemon prio=5 tid=1290 timed_waiting&#10;java.lang.Thread.State: TIMED_WAITING&#10;        at sun.misc.Unsafe.park(Native Method)&#10;        at java.util.concurrent.locks.LockSupport.parkNanos(LockSupport.java:215)&#10;        at java.util.concurrent.locks.AbstractQueuedSynchronizer$ConditionObject.awaitNanos(AbstractQueuedSynchronizer.java:2078)&#10;        at java.util.concurrent.ScheduledThreadPoolExecutor$DelayedWorkQueue.take(ScheduledThreadPoolExecutor.java:1093)&#10;        at java.util.concurrent.ScheduledThreadPoolExecutor$DelayedWorkQueue.take(ScheduledThreadPoolExecutor.java:809)&#10;        at java.util.concurrent.ThreadPoolExecutor.getTask(ThreadPoolExecutor.java:1074)&#10;        at java.util.concurrent.ThreadPoolExecutor.runWorker(ThreadPoolExecutor.java:1134)&#10;        at java.util.concurrent.ThreadPoolExecutor$Worker.run(ThreadPoolExecutor.java:624)&#10;        at java.lang.Thread.run(Thread.java:748)&#10;&quot;pool-66-thread-33&quot;  prio=5 tid=672 in Object.wait()&#10;java.lang.Thread.State: WAITING (on object monitor)&#10;        at sun.misc.Unsafe.park(Native Method)&#10;        at java.util.concurrent.locks.LockSupport.park(LockSupport.java:175)&#10;        at java.util.concurrent.locks.AbstractQueuedSynchronizer$ConditionObject.await(AbstractQueuedSynchronizer.java:2039)&#10;        at java.util.concurrent.ArrayBlockingQueue.take(ArrayBlockingQueue.java:403)&#10;        at java.util.concurrent.ThreadPoolExecutor.getTask(ThreadPoolExecutor.java:1074)&#10;        at java.util.concurrent.ThreadPoolExecutor.runWorker(ThreadPoolExecutor.java:1134)&#10;        at java.util.concurrent.ThreadPoolExecutor$Worker.run(ThreadPoolExecutor.java:624)&#10;        at java.lang.Thread.run(Thread.java:748)&#10;&quot;pool-66-thread-30&quot;  prio=5 tid=668 in Object.wait()&#10;java.lang.Thread.State: WAITING (on object monitor)&#10;        at sun.misc.Unsafe.park(Native Method)&#10;        at java.util.concurrent.locks.LockSupport.park(LockSupport.java:175)&#10;        at java.util.concurrent.locks.AbstractQueuedSynchronizer$ConditionObject.await(AbstractQueuedSynchronizer.java:2039)&#10;        at java.util.concurrent.ArrayBlockingQueue.take(ArrayBlockingQueue.java:403)&#10;        at java.util.concurrent.ThreadPoolExecutor.getTask(ThreadPoolExecutor.java:1074)&#10;        at java.util.concurrent.ThreadPoolExecutor.runWorker(ThreadPoolExecutor.java:1134)&#10;        at java.util.concurrent.ThreadPoolExecutor$Worker.run(ThreadPoolExecutor.java:624)&#10;        at java.lang.Thread.run(Thread.java:748)&#10;&quot;IPC Server handler 17 on 37838&quot; daemon prio=5 tid=86 timed_waiting&#10;java.lang.Thread.State: TIMED_WAITING&#10;        at sun.misc.Unsafe.park(Native Method)&#10;        at java.util.concurrent.locks.LockSupport.parkNanos(LockSupport.java:215)&#10;        at java.util.concurrent.locks.AbstractQueuedSynchronizer$ConditionObject.awaitNanos(AbstractQueuedSynchronizer.java:2078)&#10;        at java.util.concurrent.LinkedBlockingQueue.poll(LinkedBlockingQueue.java:467)&#10;        at org.apache.hadoop.ipc.CallQueueManager.take(CallQueueManager.java:288)&#10;        at org.apache.hadoop.ipc.Server$Handler.run(Server.java:2668)&#10;&quot;IPC Server Responder&quot; daemon prio=5 tid=110 runnable&#10;java.lang.Thread.State: RUNNABLE&#10;        at sun.nio.ch.EPollArrayWrapper.epollWait(Native Method)&#10;        at sun.nio.ch.EPollArrayWrapper.poll(EPollArrayWrapper.java:269)&#10;        at sun.nio.ch.EPollSelectorImpl.doSelect(EPollSelectorImpl.java:93)&#10;        at sun.nio.ch.SelectorImpl.lockAndDoSelect(SelectorImpl.java:86)&#10;        at sun.nio.ch.SelectorImpl.select(SelectorImpl.java:97)&#10;        at org.apache.hadoop.ipc.Server$Responder.doRunLoop(Server.java:1334)&#10;        at org.apache.hadoop.ipc.Server$Responder.run(Server.java:1317)&#10;&quot;pool-76-thread-58&quot;  prio=5 tid=804 in Object.wait()&#10;java.lang.Thread.State: WAITING (on object monitor)&#10;        at sun.misc.Unsafe.park(Native Method)&#10;        at java.util.concurrent.locks.LockSupport.park(LockSupport.java:175)&#10;        at java.util.concurrent.locks.AbstractQueuedSynchronizer$ConditionObject.await(AbstractQueuedSynchronizer.java:2039)&#10;        at java.util.concurrent.ArrayBlockingQueue.take(ArrayBlockingQueue.java:403)&#10;        at java.util.concurrent.ThreadPoolExecutor.getTask(ThreadPoolExecutor.java:1074)&#10;        at java.util.concurrent.ThreadPoolExecutor.runWorker(ThreadPoolExecutor.java:1134)&#10;        at java.util.concurrent.ThreadPoolExecutor$Worker.run(ThreadPoolExecutor.java:624)&#10;        at java.lang.Thread.run(Thread.java:748)&#10;&quot;pool-117-thread-3&quot;  prio=5 tid=1062 in Object.wait()&#10;java.lang.Thread.State: WAITING (on object monitor)&#10;        at sun.misc.Unsafe.park(Native Method)&#10;        at java.util.concurrent.locks.LockSupport.park(LockSupport.java:175)&#10;        at java.util.concurrent.locks.AbstractQueuedSynchronizer$ConditionObject.await(AbstractQueuedSynchronizer.java:2039)&#10;        at java.util.concurrent.ArrayBlockingQueue.take(ArrayBlockingQueue.java:403)&#10;        at java.util.concurrent.ThreadPoolExecutor.getTask(ThreadPoolExecutor.java:1074)&#10;        at java.util.concurrent.ThreadPoolExecutor.runWorker(ThreadPoolExecutor.java:1134)&#10;        at java.util.concurrent.ThreadPoolExecutor$Worker.run(ThreadPoolExecutor.java:624)&#10;        at java.lang.Thread.run(Thread.java:748)&#10;&quot;Periodic HDDS volume checker&quot;  prio=5 tid=611 timed_waiting&#10;java.lang.Thread.State: TIMED_WAITING&#10;        at sun.misc.Unsafe.park(Native Method)&#10;        at java.util.concurrent.locks.LockSupport.parkNanos(LockSupport.java:215)&#10;        at java.util.concurrent.locks.AbstractQueuedSynchronizer$ConditionObject.awaitNanos(AbstractQueuedSynchronizer.java:2078)&#10;        at java.util.concurrent.ScheduledThreadPoolExecutor$DelayedWorkQueue.take(ScheduledThreadPoolExecutor.java:1093)&#10;        at java.util.concurrent.ScheduledThreadPoolExecutor$DelayedWorkQueue.take(ScheduledThreadPoolExecutor.java:809)&#10;        at java.util.concurrent.ThreadPoolExecutor.getTask(ThreadPoolExecutor.java:1074)&#10;        at java.util.concurrent.ThreadPoolExecutor.runWorker(ThreadPoolExecutor.java:1134)&#10;        at java.util.concurrent.ThreadPoolExecutor$Worker.run(ThreadPoolExecutor.java:624)&#10;        at java.lang.Thread.run(Thread.java:748)&#10;&quot;EventQueue-NewNodeForNewNodeHandler&quot; daemon prio=5 tid=735 in Object.wait()&#10;java.lang.Thread.State: WAITING (on object monitor)&#10;        at sun.misc.Unsafe.park(Native Method)&#10;        at java.util.concurrent.locks.LockSupport.park(LockSupport.java:175)&#10;        at java.util.concurrent.locks.AbstractQueuedSynchronizer$ConditionObject.await(AbstractQueuedSynchronizer.java:2039)&#10;        at java.util.concurrent.LinkedBlockingQueue.take(LinkedBlockingQueue.java:442)&#10;        at java.util.concurrent.ThreadPoolExecutor.getTask(ThreadPoolExecutor.java:1074)&#10;        at java.util.concurrent.ThreadPoolExecutor.runWorker(ThreadPoolExecutor.java:1134)&#10;        at java.util.concurrent.ThreadPoolExecutor$Worker.run(ThreadPoolExecutor.java:624)&#10;        at java.lang.Thread.run(Thread.java:748)&#10;&quot;pool-36-thread-47&quot;  prio=5 tid=544 in Object.wait()&#10;java.lang.Thread.State: WAITING (on object monitor)&#10;        at sun.misc.Unsafe.park(Native Method)&#10;        at java.util.concurrent.locks.LockSupport.park(LockSupport.java:175)&#10;        at java.util.concurrent.locks.AbstractQueuedSynchronizer$ConditionObject.await(AbstractQueuedSynchronizer.java:2039)&#10;        at java.util.concurrent.ArrayBlockingQueue.take(ArrayBlockingQueue.java:403)&#10;        at java.util.concurrent.ThreadPoolExecutor.getTask(ThreadPoolExecutor.java:1074)&#10;        at java.util.concurrent.ThreadPoolExecutor.runWorker(ThreadPoolExecutor.java:1134)&#10;        at java.util.concurrent.ThreadPoolExecutor$Worker.run(ThreadPoolExecutor.java:624)&#10;        at java.lang.Thread.run(Thread.java:748)&#10;&quot;IPC Server handler 7 on 37221&quot; daemon prio=5 tid=122 timed_waiting&#10;java.lang.Thread.State: TIMED_WAITING&#10;        at sun.misc.Unsafe.park(Native Method)&#10;        at java.util.concurrent.locks.LockSupport.parkNanos(LockSupport.java:215)&#10;        at java.util.concurrent.locks.AbstractQueuedSynchronizer$ConditionObject.awaitNanos(AbstractQueuedSynchronizer.java:2078)&#10;        at java.util.concurrent.LinkedBlockingQueue.poll(LinkedBlockingQueue.java:467)&#10;        at org.apache.hadoop.ipc.CallQueueManager.take(CallQueueManager.java:288)&#10;        at org.apache.hadoop.ipc.Server$Handler.run(Server.java:2668)&#10;&quot;qtp1987707214-162&quot; daemon prio=5 tid=162 timed_waiting&#10;java.lang.Thread.State: TIMED_WAITING&#10;        at sun.misc.Unsafe.park(Native Method)&#10;        at java.util.concurrent.locks.LockSupport.parkNanos(LockSupport.java:215)&#10;        at java.util.concurrent.locks.AbstractQueuedSynchronizer$ConditionObject.awaitNanos(AbstractQueuedSynchronizer.java:2078)&#10;        at org.eclipse.jetty.util.BlockingArrayQueue.poll(BlockingArrayQueue.java:392)&#10;        at org.eclipse.jetty.util.thread.QueuedThreadPool.idleJobPoll(QueuedThreadPool.java:563)&#10;        at org.eclipse.jetty.util.thread.QueuedThreadPool.access$800(QueuedThreadPool.java:48)&#10;        at org.eclipse.jetty.util.thread.QueuedThreadPool$2.run(QueuedThreadPool.java:626)&#10;        at java.lang.Thread.run(Thread.java:748)&#10;&quot;pool-86-thread-47&quot;  prio=5 tid=865 in Object.wait()&#10;java.lang.Thread.State: WAITING (on object monitor)&#10;        at sun.misc.Unsafe.park(Native Method)&#10;        at java.util.concurrent.locks.LockSupport.park(LockSupport.java:175)&#10;        at java.util.concurrent.locks.AbstractQueuedSynchronizer$ConditionObject.await(AbstractQueuedSynchronizer.java:2039)&#10;        at java.util.concurrent.ArrayBlockingQueue.take(ArrayBlockingQueue.java:403)&#10;        at java.util.concurrent.ThreadPoolExecutor.getTask(ThreadPoolExecutor.java:1074)&#10;        at java.util.concurrent.ThreadPoolExecutor.runWorker(ThreadPoolExecutor.java:1134)&#10;        at java.util.concurrent.ThreadPoolExecutor$Worker.run(ThreadPoolExecutor.java:624)&#10;        at java.lang.Thread.run(Thread.java:748)&#10;&quot;pool-26-thread-56&quot;  prio=5 tid=531 in Object.wait()&#10;java.lang.Thread.State: WAITING (on object monitor)&#10;        at sun.misc.Unsafe.park(Native Method)&#10;        at java.util.concurrent.locks.LockSupport.park(LockSupport.java:175)&#10;        at java.util.concurrent.locks.AbstractQueuedSynchronizer$ConditionObject.await(AbstractQueuedSynchronizer.java:2039)&#10;        at java.util.concurrent.ArrayBlockingQueue.take(ArrayBlockingQueue.java:403)&#10;        at java.util.concurrent.ThreadPoolExecutor.getTask(ThreadPoolExecutor.java:1074)&#10;        at java.util.concurrent.ThreadPoolExecutor.runWorker(ThreadPoolExecutor.java:1134)&#10;        at java.util.concurrent.ThreadPoolExecutor$Worker.run(ThreadPoolExecutor.java:624)&#10;        at java.lang.Thread.run(Thread.java:748)&#10;&quot;pool-117-thread-52&quot;  prio=5 tid=1111 in Object.wait()&#10;java.lang.Thread.State: WAITING (on object monitor)&#10;        at sun.misc.Unsafe.park(Native Method)&#10;        at java.util.concurrent.locks.LockSupport.park(LockSupport.java:175)&#10;        at java.util.concurrent.locks.AbstractQueuedSynchronizer$ConditionObject.await(AbstractQueuedSynchronizer.java:2039)&#10;        at java.util.concurrent.ArrayBlockingQueue.take(ArrayBlockingQueue.java:403)&#10;        at java.util.concurrent.ThreadPoolExecutor.getTask(ThreadPoolExecutor.java:1074)&#10;        at java.util.concurrent.ThreadPoolExecutor.runWorker(ThreadPoolExecutor.java:1134)&#10;        at java.util.concurrent.ThreadPoolExecutor$Worker.run(ThreadPoolExecutor.java:624)&#10;        at java.lang.Thread.run(Thread.java:748)&#10;&quot;pool-66-thread-11&quot;  prio=5 tid=648 in Object.wait()&#10;java.lang.Thread.State: WAITING (on object monitor)&#10;        at sun.misc.Unsafe.park(Native Method)&#10;        at java.util.concurrent.locks.LockSupport.park(LockSupport.java:175)&#10;        at java.util.concurrent.locks.AbstractQueuedSynchronizer$ConditionObject.await(AbstractQueuedSynchronizer.java:2039)&#10;        at java.util.concurrent.ArrayBlockingQueue.take(ArrayBlockingQueue.java:403)&#10;        at java.util.concurrent.ThreadPoolExecutor.getTask(ThreadPoolExecutor.java:1074)&#10;        at java.util.concurrent.ThreadPoolExecutor.runWorker(ThreadPoolExecutor.java:1134)&#10;        at java.util.concurrent.ThreadPoolExecutor$Worker.run(ThreadPoolExecutor.java:624)&#10;        at java.lang.Thread.run(Thread.java:748)&#10;&quot;pool-96-thread-55&quot;  prio=5 tid=937 in Object.wait()&#10;java.lang.Thread.State: WAITING (on object monitor)&#10;        at sun.misc.Unsafe.park(Native Method)&#10;        at java.util.concurrent.locks.LockSupport.park(LockSupport.java:175)&#10;        at java.util.concurrent.locks.AbstractQueuedSynchronizer$ConditionObject.await(AbstractQueuedSynchronizer.java:2039)&#10;        at java.util.concurrent.ArrayBlockingQueue.take(ArrayBlockingQueue.java:403)&#10;        at java.util.concurrent.ThreadPoolExecutor.getTask(ThreadPoolExecutor.java:1074)&#10;        at java.util.concurrent.ThreadPoolExecutor.runWorker(ThreadPoolExecutor.java:1134)&#10;        at java.util.concurrent.ThreadPoolExecutor$Worker.run(ThreadPoolExecutor.java:624)&#10;        at java.lang.Thread.run(Thread.java:748)&#10;&quot;pool-106-thread-59&quot;  prio=5 tid=1039 in Object.wait()&#10;java.lang.Thread.State: WAITING (on object monitor)&#10;        at sun.misc.Unsafe.park(Native Method)&#10;        at java.util.concurrent.locks.LockSupport.park(LockSupport.java:175)&#10;        at java.util.concurrent.locks.AbstractQueuedSynchronizer$ConditionObject.await(AbstractQueuedSynchronizer.java:2039)&#10;        at java.util.concurrent.ArrayBlockingQueue.take(ArrayBlockingQueue.java:403)&#10;        at java.util.concurrent.ThreadPoolExecutor.getTask(ThreadPoolExecutor.java:1074)&#10;        at java.util.concurrent.ThreadPoolExecutor.runWorker(ThreadPoolExecutor.java:1134)&#10;        at java.util.concurrent.ThreadPoolExecutor$Worker.run(ThreadPoolExecutor.java:624)&#10;        at java.lang.Thread.run(Thread.java:748)&#10;&quot;pool-66-thread-21&quot;  prio=5 tid=658 in Object.wait()&#10;java.lang.Thread.State: WAITING (on object monitor)&#10;        at sun.misc.Unsafe.park(Native Method)&#10;        at java.util.concurrent.locks.LockSupport.park(LockSupport.java:175)&#10;        at java.util.concurrent.locks.AbstractQueuedSynchronizer$ConditionObject.await(AbstractQueuedSynchronizer.java:2039)&#10;        at java.util.concurrent.ArrayBlockingQueue.take(ArrayBlockingQueue.java:403)&#10;        at java.util.concurrent.ThreadPoolExecutor.getTask(ThreadPoolExecutor.java:1074)&#10;        at java.util.concurrent.ThreadPoolExecutor.runWorker(ThreadPoolExecutor.java:1134)&#10;        at java.util.concurrent.ThreadPoolExecutor$Worker.run(ThreadPoolExecutor.java:624)&#10;        at java.lang.Thread.run(Thread.java:748)&#10;&quot;IPC Server handler 12 on 40878&quot; daemon prio=5 tid=61 timed_waiting&#10;java.lang.Thread.State: TIMED_WAITING&#10;        at sun.misc.Unsafe.park(Native Method)&#10;        at java.util.concurrent.locks.LockSupport.parkNanos(LockSupport.java:215)&#10;        at java.util.concurrent.locks.AbstractQueuedSynchronizer$ConditionObject.awaitNanos(AbstractQueuedSynchronizer.java:2078)&#10;        at java.util.concurrent.LinkedBlockingQueue.poll(LinkedBlockingQueue.java:467)&#10;        at org.apache.hadoop.ipc.CallQueueManager.take(CallQueueManager.java:288)&#10;        at org.apache.hadoop.ipc.Server$Handler.run(Server.java:2668)&#10;&quot;pool-66-thread-10&quot;  prio=5 tid=647 in Object.wait()&#10;java.lang.Thread.State: WAITING (on object monitor)&#10;        at sun.misc.Unsafe.park(Native Method)&#10;        at java.util.concurrent.locks.LockSupport.park(LockSupport.java:175)&#10;        at java.util.concurrent.locks.AbstractQueuedSynchronizer$ConditionObject.await(AbstractQueuedSynchronizer.java:2039)&#10;        at java.util.concurrent.ArrayBlockingQueue.take(ArrayBlockingQueue.java:403)&#10;        at java.util.concurrent.ThreadPoolExecutor.getTask(ThreadPoolExecutor.java:1074)&#10;        at java.util.concurrent.ThreadPoolExecutor.runWorker(ThreadPoolExecutor.java:1134)&#10;        at java.util.concurrent.ThreadPoolExecutor$Worker.run(ThreadPoolExecutor.java:624)&#10;        at java.lang.Thread.run(Thread.java:748)&#10;&quot;595afd9b-8d20-4100-8f7e-109b072917a4@group-C458FCA03E22-StateMachineUpdater&quot; daemon prio=5 tid=1164 in Object.wait()&#10;java.lang.Thread.State: WAITING (on object monitor)&#10;        at java.lang.Object.wait(Native Method)&#10;        at java.lang.Object.wait(Object.java:502)&#10;        at org.apache.ratis.server.impl.StateMachineUpdater.waitForCommit(StateMachineUpdater.java:194)&#10;        at org.apache.ratis.server.impl.StateMachineUpdater.run(StateMachineUpdater.java:159)&#10;        at java.lang.Thread.run(Thread.java:748)&#10;&quot;pool-56-thread-19&quot;  prio=5 tid=417 in Object.wait()&#10;java.lang.Thread.State: WAITING (on object monitor)&#10;        at sun.misc.Unsafe.park(Native Method)&#10;        at java.util.concurrent.locks.LockSupport.park(LockSupport.java:175)&#10;        at java.util.concurrent.locks.AbstractQueuedSynchronizer$ConditionObject.await(AbstractQueuedSynchronizer.java:2039)&#10;        at java.util.concurrent.ArrayBlockingQueue.take(ArrayBlockingQueue.java:403)&#10;        at java.util.concurrent.ThreadPoolExecutor.getTask(ThreadPoolExecutor.java:1074)&#10;        at java.util.concurrent.ThreadPoolExecutor.runWorker(ThreadPoolExecutor.java:1134)&#10;        at java.util.concurrent.ThreadPoolExecutor$Worker.run(ThreadPoolExecutor.java:624)&#10;        at java.lang.Thread.run(Thread.java:748)&#10;&quot;pool-76-thread-26&quot;  prio=5 tid=772 in Object.wait()&#10;java.lang.Thread.State: WAITING (on object monitor)&#10;        at sun.misc.Unsafe.park(Native Method)&#10;        at java.util.concurrent.locks.LockSupport.park(LockSupport.java:175)&#10;        at java.util.concurrent.locks.AbstractQueuedSynchronizer$ConditionObject.await(AbstractQueuedSynchronizer.java:2039)&#10;        at java.util.concurrent.ArrayBlockingQueue.take(ArrayBlockingQueue.java:403)&#10;        at java.util.concurrent.ThreadPoolExecutor.getTask(ThreadPoolExecutor.java:1074)&#10;        at java.util.concurrent.ThreadPoolExecutor.runWorker(ThreadPoolExecutor.java:1134)&#10;        at java.util.concurrent.ThreadPoolExecutor$Worker.run(ThreadPoolExecutor.java:624)&#10;        at java.lang.Thread.run(Thread.java:748)&#10;&quot;a4ef6c21-3a88-4e13-8c9a-5d7afe7d887e@group-FCAD4F7AE735-SegmentedRaftLogWorker&quot;  prio=5 tid=1359 timed_waiting&#10;java.lang.Thread.State: TIMED_WAITING&#10;        at sun.misc.Unsafe.park(Native Method)&#10;        at java.util.concurrent.locks.LockSupport.parkNanos(LockSupport.java:215)&#10;        at java.util.concurrent.locks.AbstractQueuedSynchronizer$ConditionObject.awaitNanos(AbstractQueuedSynchronizer.java:2078)&#10;        at org.apache.ratis.util.DataBlockingQueue.poll(DataBlockingQueue.java:137)&#10;        at org.apache.ratis.server.raftlog.segmented.SegmentedRaftLogWorker.run(SegmentedRaftLogWorker.java:282)&#10;        at java.lang.Thread.run(Thread.java:748)&#10;&quot;pool-106-thread-12&quot;  prio=5 tid=991 in Object.wait()&#10;java.lang.Thread.State: WAITING (on object monitor)&#10;        at sun.misc.Unsafe.park(Native Method)&#10;        at java.util.concurrent.locks.LockSupport.park(LockSupport.java:175)&#10;        at java.util.concurrent.locks.AbstractQueuedSynchronizer$ConditionObject.await(AbstractQueuedSynchronizer.java:2039)&#10;        at java.util.concurrent.ArrayBlockingQueue.take(ArrayBlockingQueue.java:403)&#10;        at java.util.concurrent.ThreadPoolExecutor.getTask(ThreadPoolExecutor.java:1074)&#10;        at java.util.concurrent.ThreadPoolExecutor.runWorker(ThreadPoolExecutor.java:1134)&#10;        at java.util.concurrent.ThreadPoolExecutor$Worker.run(ThreadPoolExecutor.java:624)&#10;        at java.lang.Thread.run(Thread.java:748)&#10;&quot;pool-36-thread-2&quot;  prio=5 tid=336 in Object.wait()&#10;java.lang.Thread.State: WAITING (on object monitor)&#10;        at sun.misc.Unsafe.park(Native Method)&#10;        at java.util.concurrent.locks.LockSupport.park(LockSupport.java:175)&#10;        at java.util.concurrent.locks.AbstractQueuedSynchronizer$ConditionObject.await(AbstractQueuedSynchronizer.java:2039)&#10;        at java.util.concurrent.ArrayBlockingQueue.take(ArrayBlockingQueue.java:403)&#10;        at java.util.concurrent.ThreadPoolExecutor.getTask(ThreadPoolExecutor.java:1074)&#10;        at java.util.concurrent.ThreadPoolExecutor.runWorker(ThreadPoolExecutor.java:1134)&#10;        at java.util.concurrent.ThreadPoolExecutor$Worker.run(ThreadPoolExecutor.java:624)&#10;        at java.lang.Thread.run(Thread.java:748)&#10;&quot;qtp856047451-622&quot; daemon prio=5 tid=622 timed_waiting&#10;java.lang.Thread.State: TIMED_WAITING&#10;        at sun.misc.Unsafe.park(Native Method)&#10;        at java.util.concurrent.locks.LockSupport.parkNanos(LockSupport.java:215)&#10;        at java.util.concurrent.locks.AbstractQueuedSynchronizer$ConditionObject.awaitNanos(AbstractQueuedSynchronizer.java:2078)&#10;        at org.eclipse.jetty.util.BlockingArrayQueue.poll(BlockingArrayQueue.java:392)&#10;        at org.eclipse.jetty.util.thread.QueuedThreadPool.idleJobPoll(QueuedThreadPool.java:563)&#10;        at org.eclipse.jetty.util.thread.QueuedThreadPool.access$800(QueuedThreadPool.java:48)&#10;        at org.eclipse.jetty.util.thread.QueuedThreadPool$2.run(QueuedThreadPool.java:626)&#10;        at java.lang.Thread.run(Thread.java:748)&#10;&quot;pool-86-thread-29&quot;  prio=5 tid=847 in Object.wait()&#10;java.lang.Thread.State: WAITING (on object monitor)&#10;        at sun.misc.Unsafe.park(Native Method)&#10;        at java.util.concurrent.locks.LockSupport.park(LockSupport.java:175)&#10;        at java.util.concurrent.locks.AbstractQueuedSynchronizer$ConditionObject.await(AbstractQueuedSynchronizer.java:2039)&#10;        at java.util.concurrent.ArrayBlockingQueue.take(ArrayBlockingQueue.java:403)&#10;        at java.util.concurrent.ThreadPoolExecutor.getTask(ThreadPoolExecutor.java:1074)&#10;        at java.util.concurrent.ThreadPoolExecutor.runWorker(ThreadPoolExecutor.java:1134)&#10;        at java.util.concurrent.ThreadPoolExecutor$Worker.run(ThreadPoolExecutor.java:624)&#10;        at java.lang.Thread.run(Thread.java:748)&#10;&quot;pool-36-thread-21&quot;  prio=5 tid=421 in Object.wait()&#10;java.lang.Thread.State: WAITING (on object monitor)&#10;        at sun.misc.Unsafe.park(Native Method)&#10;        at java.util.concurrent.locks.LockSupport.park(LockSupport.java:175)&#10;        at java.util.concurrent.locks.AbstractQueuedSynchronizer$ConditionObject.await(AbstractQueuedSynchronizer.java:2039)&#10;        at java.util.concurrent.ArrayBlockingQueue.take(ArrayBlockingQueue.java:403)&#10;        at java.util.concurrent.ThreadPoolExecutor.getTask(ThreadPoolExecutor.java:1074)&#10;        at java.util.concurrent.ThreadPoolExecutor.runWorker(ThreadPoolExecutor.java:1134)&#10;        at java.util.concurrent.ThreadPoolExecutor$Worker.run(ThreadPoolExecutor.java:624)&#10;        at java.lang.Thread.run(Thread.java:748)&#10;&quot;pool-76-thread-31&quot;  prio=5 tid=777 in Object.wait()&#10;java.lang.Thread.State: WAITING (on object monitor)&#10;        at sun.misc.Unsafe.park(Native Method)&#10;        at java.util.concurrent.locks.LockSupport.park(LockSupport.java:175)&#10;        at java.util.concurrent.locks.AbstractQueuedSynchronizer$ConditionObject.await(AbstractQueuedSynchronizer.java:2039)&#10;        at java.util.concurrent.ArrayBlockingQueue.take(ArrayBlockingQueue.java:403)&#10;        at java.util.concurrent.ThreadPoolExecutor.getTask(ThreadPoolExecutor.java:1074)&#10;        at java.util.concurrent.ThreadPoolExecutor.runWorker(ThreadPoolExecutor.java:1134)&#10;        at java.util.concurrent.ThreadPoolExecutor$Worker.run(ThreadPoolExecutor.java:624)&#10;        at java.lang.Thread.run(Thread.java:748)&#10;&quot;pool-50-thread-1&quot;  prio=5 tid=212 timed_waiting&#10;java.lang.Thread.State: TIMED_WAITING&#10;        at sun.misc.Unsafe.park(Native Method)&#10;        at java.util.concurrent.locks.LockSupport.parkNanos(LockSupport.java:215)&#10;        at java.util.concurrent.locks.AbstractQueuedSynchronizer$ConditionObject.awaitNanos(AbstractQueuedSynchronizer.java:2078)&#10;        at java.util.concurrent.ScheduledThreadPoolExecutor$DelayedWorkQueue.take(ScheduledThreadPoolExecutor.java:1093)&#10;        at java.util.concurrent.ScheduledThreadPoolExecutor$DelayedWorkQueue.take(ScheduledThreadPoolExecutor.java:809)&#10;        at java.util.concurrent.ThreadPoolExecutor.getTask(ThreadPoolExecutor.java:1074)&#10;        at java.util.concurrent.ThreadPoolExecutor.runWorker(ThreadPoolExecutor.java:1134)&#10;        at java.util.concurrent.ThreadPoolExecutor$Worker.run(ThreadPoolExecutor.java:624)&#10;        at java.lang.Thread.run(Thread.java:748)&#10;&quot;pool-66-thread-20&quot;  prio=5 tid=657 in Object.wait()&#10;java.lang.Thread.State: WAITING (on object monitor)&#10;        at sun.misc.Unsafe.park(Native Method)&#10;        at java.util.concurrent.locks.LockSupport.park(LockSupport.java:175)&#10;        at java.util.concurrent.locks.AbstractQueuedSynchronizer$ConditionObject.await(AbstractQueuedSynchronizer.java:2039)&#10;        at java.util.concurrent.ArrayBlockingQueue.take(ArrayBlockingQueue.java:403)&#10;        at java.util.concurrent.ThreadPoolExecutor.getTask(ThreadPoolExecutor.java:1074)&#10;        at java.util.concurrent.ThreadPoolExecutor.runWorker(ThreadPoolExecutor.java:1134)&#10;        at java.util.concurrent.ThreadPoolExecutor$Worker.run(ThreadPoolExecutor.java:624)&#10;        at java.lang.Thread.run(Thread.java:748)&#10;&quot;pool-46-thread-56&quot;  prio=5 tid=575 in Object.wait()&#10;java.lang.Thread.State: WAITING (on object monitor)&#10;        at sun.misc.Unsafe.park(Native Method)&#10;        at java.util.concurrent.locks.LockSupport.park(LockSupport.java:175)&#10;        at java.util.concurrent.locks.AbstractQueuedSynchronizer$ConditionObject.await(AbstractQueuedSynchronizer.java:2039)&#10;        at java.util.concurrent.ArrayBlockingQueue.take(ArrayBlockingQueue.java:403)&#10;        at java.util.concurrent.ThreadPoolExecutor.getTask(ThreadPoolExecutor.java:1074)&#10;        at java.util.concurrent.ThreadPoolExecutor.runWorker(ThreadPoolExecutor.java:1134)&#10;        at java.util.concurrent.ThreadPoolExecutor$Worker.run(ThreadPoolExecutor.java:624)&#10;        at java.lang.Thread.run(Thread.java:748)&#10;&quot;IPC Server handler 1 on 37838&quot; daemon prio=5 tid=70 timed_waiting&#10;java.lang.Thread.State: TIMED_WAITING&#10;        at sun.misc.Unsafe.park(Native Method)&#10;        at java.util.concurrent.locks.LockSupport.parkNanos(LockSupport.java:215)&#10;        at java.util.concurrent.locks.AbstractQueuedSynchronizer$ConditionObject.awaitNanos(AbstractQueuedSynchronizer.java:2078)&#10;        at java.util.concurrent.LinkedBlockingQueue.poll(LinkedBlockingQueue.java:467)&#10;        at org.apache.hadoop.ipc.CallQueueManager.take(CallQueueManager.java:288)&#10;        at org.apache.hadoop.ipc.Server$Handler.run(Server.java:2668)&#10;&quot;java.util.concurrent.ThreadPoolExecutor$Worker@6074f3fd[State = -1, empty queue]&quot; daemon prio=5 tid=1239 timed_waiting&#10;java.lang.Thread.State: TIMED_WAITING&#10;        at sun.misc.Unsafe.park(Native Method)&#10;        at java.util.concurrent.locks.LockSupport.parkNanos(LockSupport.java:215)&#10;        at java.util.concurrent.locks.AbstractQueuedSynchronizer$ConditionObject.awaitNanos(AbstractQueuedSynchronizer.java:2078)&#10;        at java.util.concurrent.ScheduledThreadPoolExecutor$DelayedWorkQueue.take(ScheduledThreadPoolExecutor.java:1093)&#10;        at java.util.concurrent.ScheduledThreadPoolExecutor$DelayedWorkQueue.take(ScheduledThreadPoolExecutor.java:809)&#10;        at java.util.concurrent.ThreadPoolExecutor.getTask(ThreadPoolExecutor.java:1074)&#10;        at java.util.concurrent.ThreadPoolExecutor.runWorker(ThreadPoolExecutor.java:1134)&#10;        at java.util.concurrent.ThreadPoolExecutor$Worker.run(ThreadPoolExecutor.java:624)&#10;        at java.lang.Thread.run(Thread.java:748)&#10;&quot;pool-36-thread-54&quot;  prio=5 tid=566 in Object.wait()&#10;java.lang.Thread.State: WAITING (on object monitor)&#10;        at sun.misc.Unsafe.park(Native Method)&#10;        at java.util.concurrent.locks.LockSupport.park(LockSupport.java:175)&#10;        at java.util.concurrent.locks.AbstractQueuedSynchronizer$ConditionObject.await(AbstractQueuedSynchronizer.java:2039)&#10;        at java.util.concurrent.ArrayBlockingQueue.take(ArrayBlockingQueue.java:403)&#10;        at java.util.concurrent.ThreadPoolExecutor.getTask(ThreadPoolExecutor.java:1074)&#10;        at java.util.concurrent.ThreadPoolExecutor.runWorker(ThreadPoolExecutor.java:1134)&#10;        at java.util.concurrent.ThreadPoolExecutor$Worker.run(ThreadPoolExecutor.java:624)&#10;        at java.lang.Thread.run(Thread.java:748)&#10;&quot;pool-106-thread-1&quot;  prio=5 tid=980 in Object.wait()&#10;java.lang.Thread.State: WAITING (on object monitor)&#10;        at sun.misc.Unsafe.park(Native Method)&#10;        at java.util.concurrent.locks.LockSupport.park(LockSupport.java:175)&#10;        at java.util.concurrent.locks.AbstractQueuedSynchronizer$ConditionObject.await(AbstractQueuedSynchronizer.java:2039)&#10;        at java.util.concurrent.ArrayBlockingQueue.take(ArrayBlockingQueue.java:403)&#10;        at java.util.concurrent.ThreadPoolExecutor.getTask(ThreadPoolExecutor.java:1074)&#10;        at java.util.concurrent.ThreadPoolExecutor.runWorker(ThreadPoolExecutor.java:1134)&#10;        at java.util.concurrent.ThreadPoolExecutor$Worker.run(ThreadPoolExecutor.java:624)&#10;        at java.lang.Thread.run(Thread.java:748)&#10;&quot;Datanode ReportManager Thread - 1&quot; daemon prio=5 tid=673 in Object.wait()&#10;java.lang.Thread.State: WAITING (on object monitor)&#10;        at sun.misc.Unsafe.park(Native Method)&#10;        at java.util.concurrent.locks.LockSupport.park(LockSupport.java:175)&#10;        at java.util.concurrent.locks.AbstractQueuedSynchronizer$ConditionObject.await(AbstractQueuedSynchronizer.java:2039)&#10;        at java.util.concurrent.ScheduledThreadPoolExecutor$DelayedWorkQueue.take(ScheduledThreadPoolExecutor.java:1088)&#10;        at java.util.concurrent.ScheduledThreadPoolExecutor$DelayedWorkQueue.take(ScheduledThreadPoolExecutor.java:809)&#10;        at java.util.concurrent.ThreadPoolExecutor.getTask(ThreadPoolExecutor.java:1074)&#10;        at java.util.concurrent.ThreadPoolExecutor.runWorker(ThreadPoolExecutor.java:1134)&#10;        at java.util.concurrent.ThreadPoolExecutor$Worker.run(ThreadPoolExecutor.java:624)&#10;        at java.lang.Thread.run(Thread.java:748)&#10;&quot;4ff74892-3196-4f54-95eb-cd6f2bc728e2@group-759C21E9D490-SegmentedRaftLogWorker&quot;  prio=5 tid=946 timed_waiting&#10;java.lang.Thread.State: TIMED_WAITING&#10;        at sun.misc.Unsafe.park(Native Method)&#10;        at java.util.concurrent.locks.LockSupport.parkNanos(LockSupport.java:215)&#10;        at java.util.concurrent.locks.AbstractQueuedSynchronizer$ConditionObject.awaitNanos(AbstractQueuedSynchronizer.java:2078)&#10;        at org.apache.ratis.util.DataBlockingQueue.poll(DataBlockingQueue.java:137)&#10;        at org.apache.ratis.server.raftlog.segmented.SegmentedRaftLogWorker.run(SegmentedRaftLogWorker.java:282)&#10;        at java.lang.Thread.run(Thread.java:748)&#10;&quot;pool-66-thread-23&quot;  prio=5 tid=660 in Object.wait()&#10;java.lang.Thread.State: WAITING (on object monitor)&#10;        at sun.misc.Unsafe.park(Native Method)&#10;        at java.util.concurrent.locks.LockSupport.park(LockSupport.java:175)&#10;        at java.util.concurrent.locks.AbstractQueuedSynchronizer$ConditionObject.await(AbstractQueuedSynchronizer.java:2039)&#10;        at java.util.concurrent.ArrayBlockingQueue.take(ArrayBlockingQueue.java:403)&#10;        at java.util.concurrent.ThreadPoolExecutor.getTask(ThreadPoolExecutor.java:1074)&#10;        at java.util.concurrent.ThreadPoolExecutor.runWorker(ThreadPoolExecutor.java:1134)&#10;        at java.util.concurrent.ThreadPoolExecutor$Worker.run(ThreadPoolExecutor.java:624)&#10;        at java.lang.Thread.run(Thread.java:748)&#10;&quot;6c42b2c0-be2d-45a9-9e22-a67f6ac9562e@group-B1DA5B12FD43-SegmentedRaftLogWorker&quot;  prio=5 tid=970 timed_waiting&#10;java.lang.Thread.State: TIMED_WAITING&#10;        at sun.misc.Unsafe.park(Native Method)&#10;        at java.util.concurrent.locks.LockSupport.parkNanos(LockSupport.java:215)&#10;        at java.util.concurrent.locks.AbstractQueuedSynchronizer$ConditionObject.awaitNanos(AbstractQueuedSynchronizer.java:2078)&#10;        at org.apache.ratis.util.DataBlockingQueue.poll(DataBlockingQueue.java:137)&#10;        at org.apache.ratis.server.raftlog.segmented.SegmentedRaftLogWorker.run(SegmentedRaftLogWorker.java:282)&#10;        at java.lang.Thread.run(Thread.java:748)&#10;&quot;pool-66-thread-42&quot;  prio=5 tid=687 in Object.wait()&#10;java.lang.Thread.State: WAITING (on object monitor)&#10;        at sun.misc.Unsafe.park(Native Method)&#10;        at java.util.concurrent.locks.LockSupport.park(LockSupport.java:175)&#10;        at java.util.concurrent.locks.AbstractQueuedSynchronizer$ConditionObject.await(AbstractQueuedSynchronizer.java:2039)&#10;        at java.util.concurrent.ArrayBlockingQueue.take(ArrayBlockingQueue.java:403)&#10;        at java.util.concurrent.ThreadPoolExecutor.getTask(ThreadPoolExecutor.java:1074)&#10;        at java.util.concurrent.ThreadPoolExecutor.runWorker(ThreadPoolExecutor.java:1134)&#10;        at java.util.concurrent.ThreadPoolExecutor$Worker.run(ThreadPoolExecutor.java:624)&#10;        at java.lang.Thread.run(Thread.java:748)&#10;&quot;4ff74892-3196-4f54-95eb-cd6f2bc728e2@group-24F9B359B75D-SegmentedRaftLogWorker&quot;  prio=5 tid=1036 timed_waiting&#10;java.lang.Thread.State: TIMED_WAITING&#10;        at sun.misc.Unsafe.park(Native Method)&#10;        at java.util.concurrent.locks.LockSupport.parkNanos(LockSupport.java:215)&#10;        at java.util.concurrent.locks.AbstractQueuedSynchronizer$ConditionObject.awaitNanos(AbstractQueuedSynchronizer.java:2078)&#10;        at org.apache.ratis.util.DataBlockingQueue.poll(DataBlockingQueue.java:137)&#10;        at org.apache.ratis.server.raftlog.segmented.SegmentedRaftLogWorker.run(SegmentedRaftLogWorker.java:282)&#10;        at java.lang.Thread.run(Thread.java:748)&#10;&quot;pool-46-thread-39&quot;  prio=5 tid=497 in Object.wait()&#10;java.lang.Thread.State: WAITING (on object monitor)&#10;        at sun.misc.Unsafe.park(Native Method)&#10;        at java.util.concurrent.locks.LockSupport.park(LockSupport.java:175)&#10;        at java.util.concurrent.locks.AbstractQueuedSynchronizer$ConditionObject.await(AbstractQueuedSynchronizer.java:2039)&#10;        at java.util.concurrent.ArrayBlockingQueue.take(ArrayBlockingQueue.java:403)&#10;        at java.util.concurrent.ThreadPoolExecutor.getTask(ThreadPoolExecutor.java:1074)&#10;        at java.util.concurrent.ThreadPoolExecutor.runWorker(ThreadPoolExecutor.java:1134)&#10;        at java.util.concurrent.ThreadPoolExecutor$Worker.run(ThreadPoolExecutor.java:624)&#10;        at java.lang.Thread.run(Thread.java:748)&#10;&quot;IPC Server handler 7 on 37838&quot; daemon prio=5 tid=76 timed_waiting&#10;java.lang.Thread.State: TIMED_WAITING&#10;        at sun.misc.Unsafe.park(Native Method)&#10;        at java.util.concurrent.locks.LockSupport.parkNanos(LockSupport.java:215)&#10;        at java.util.concurrent.locks.AbstractQueuedSynchronizer$ConditionObject.awaitNanos(AbstractQueuedSynchronizer.java:2078)&#10;        at java.util.concurrent.LinkedBlockingQueue.poll(LinkedBlockingQueue.java:467)&#10;        at org.apache.hadoop.ipc.CallQueueManager.take(CallQueueManager.java:288)&#10;        at org.apache.hadoop.ipc.Server$Handler.run(Server.java:2668)&#10;&quot;SCM Heartbeat Processing Thread - 0&quot; daemon prio=5 tid=13 timed_waiting&#10;java.lang.Thread.State: TIMED_WAITING&#10;        at sun.misc.Unsafe.park(Native Method)&#10;        at java.util.concurrent.locks.LockSupport.parkNanos(LockSupport.java:215)&#10;        at java.util.concurrent.locks.AbstractQueuedSynchronizer$ConditionObject.awaitNanos(AbstractQueuedSynchronizer.java:2078)&#10;        at java.util.concurrent.ScheduledThreadPoolExecutor$DelayedWorkQueue.take(ScheduledThreadPoolExecutor.java:1093)&#10;        at java.util.concurrent.ScheduledThreadPoolExecutor$DelayedWorkQueue.take(ScheduledThreadPoolExecutor.java:809)&#10;        at java.util.concurrent.ThreadPoolExecutor.getTask(ThreadPoolExecutor.java:1074)&#10;        at java.util.concurrent.ThreadPoolExecutor.runWorker(ThreadPoolExecutor.java:1134)&#10;        at java.util.concurrent.ThreadPoolExecutor$Worker.run(ThreadPoolExecutor.java:624)&#10;        at java.lang.Thread.run(Thread.java:748)&#10;&quot;metrics-hadoop-metrics2-reporter-31-thread-1&quot; daemon prio=5 tid=1148 timed_waiting&#10;java.lang.Thread.State: TIMED_WAITING&#10;        at sun.misc.Unsafe.park(Native Method)&#10;        at java.util.concurrent.locks.LockSupport.parkNanos(LockSupport.java:215)&#10;        at java.util.concurrent.locks.AbstractQueuedSynchronizer$ConditionObject.awaitNanos(AbstractQueuedSynchronizer.java:2078)&#10;        at java.util.concurrent.ScheduledThreadPoolExecutor$DelayedWorkQueue.take(ScheduledThreadPoolExecutor.java:1093)&#10;        at java.util.concurrent.ScheduledThreadPoolExecutor$DelayedWorkQueue.take(ScheduledThreadPoolExecutor.java:809)&#10;        at java.util.concurrent.ThreadPoolExecutor.getTask(ThreadPoolExecutor.java:1074)&#10;        at java.util.concurrent.ThreadPoolExecutor.runWorker(ThreadPoolExecutor.java:1134)&#10;        at java.util.concurrent.ThreadPoolExecutor$Worker.run(ThreadPoolExecutor.java:624)&#10;        at java.lang.Thread.run(Thread.java:748)&#10;&quot;pool-26-thread-7&quot;  prio=5 tid=347 in Object.wait()&#10;java.lang.Thread.State: WAITING (on object monitor)&#10;        at sun.misc.Unsafe.park(Native Method)&#10;        at java.util.concurrent.locks.LockSupport.park(LockSupport.java:175)&#10;        at java.util.concurrent.locks.AbstractQueuedSynchronizer$ConditionObject.await(AbstractQueuedSynchronizer.java:2039)&#10;        at java.util.concurrent.ArrayBlockingQueue.take(ArrayBlockingQueue.java:403)&#10;        at java.util.concurrent.ThreadPoolExecutor.getTask(ThreadPoolExecutor.java:1074)&#10;        at java.util.concurrent.ThreadPoolExecutor.runWorker(ThreadPoolExecutor.java:1134)&#10;        at java.util.concurrent.ThreadPoolExecutor$Worker.run(ThreadPoolExecutor.java:624)&#10;        at java.lang.Thread.run(Thread.java:748)&#10;&quot;SCMBlockDeletingService#0&quot; daemon prio=5 tid=101 timed_waiting&#10;java.lang.Thread.State: TIMED_WAITING&#10;        at sun.misc.Unsafe.park(Native Method)&#10;        at java.util.concurrent.locks.LockSupport.parkNanos(LockSupport.java:215)&#10;        at java.util.concurrent.locks.AbstractQueuedSynchronizer$ConditionObject.awaitNanos(AbstractQueuedSynchronizer.java:2078)&#10;        at java.util.concurrent.ScheduledThreadPoolExecutor$DelayedWorkQueue.take(ScheduledThreadPoolExecutor.java:1093)&#10;        at java.util.concurrent.ScheduledThreadPoolExecutor$DelayedWorkQueue.take(ScheduledThreadPoolExecutor.java:809)&#10;        at java.util.concurrent.ThreadPoolExecutor.getTask(ThreadPoolExecutor.java:1074)&#10;        at java.util.concurrent.ThreadPoolExecutor.runWorker(ThreadPoolExecutor.java:1134)&#10;        at java.util.concurrent.ThreadPoolExecutor$Worker.run(ThreadPoolExecutor.java:624)&#10;        at java.lang.Thread.run(Thread.java:748)&#10;&quot;pool-66-thread-49&quot;  prio=5 tid=694 in Object.wait()&#10;java.lang.Thread.State: WAITING (on object monitor)&#10;        at sun.misc.Unsafe.park(Native Method)&#10;        at java.util.concurrent.locks.LockSupport.park(LockSupport.java:175)&#10;        at java.util.concurrent.locks.AbstractQueuedSynchronizer$ConditionObject.await(AbstractQueuedSynchronizer.java:2039)&#10;        at java.util.concurrent.ArrayBlockingQueue.take(ArrayBlockingQueue.java:403)&#10;        at java.util.concurrent.ThreadPoolExecutor.getTask(ThreadPoolExecutor.java:1074)&#10;        at java.util.concurrent.ThreadPoolExecutor.runWorker(ThreadPoolExecutor.java:1134)&#10;        at java.util.concurrent.ThreadPoolExecutor$Worker.run(ThreadPoolExecutor.java:624)&#10;        at java.lang.Thread.run(Thread.java:748)&#10;&quot;pool-46-thread-18&quot;  prio=5 tid=390 in Object.wait()&#10;java.lang.Thread.State: WAITING (on object monitor)&#10;        at sun.misc.Unsafe.park(Native Method)&#10;        at java.util.concurrent.locks.LockSupport.park(LockSupport.java:175)&#10;        at java.util.concurrent.locks.AbstractQueuedSynchronizer$ConditionObject.await(AbstractQueuedSynchronizer.java:2039)&#10;        at java.util.concurrent.ArrayBlockingQueue.take(ArrayBlockingQueue.java:403)&#10;        at java.util.concurrent.ThreadPoolExecutor.getTask(ThreadPoolExecutor.java:1074)&#10;        at java.util.concurrent.ThreadPoolExecutor.runWorker(ThreadPoolExecutor.java:1134)&#10;        at java.util.concurrent.ThreadPoolExecutor$Worker.run(ThreadPoolExecutor.java:624)&#10;        at java.lang.Thread.run(Thread.java:748)&#10;&quot;pool-26-thread-29&quot;  prio=5 tid=438 in Object.wait()&#10;java.lang.Thread.State: WAITING (on object monitor)&#10;        at sun.misc.Unsafe.park(Native Method)&#10;        at java.util.concurrent.locks.LockSupport.park(LockSupport.java:175)&#10;        at java.util.concurrent.locks.AbstractQueuedSynchronizer$ConditionObject.await(AbstractQueuedSynchronizer.java:2039)&#10;        at java.util.concurrent.ArrayBlockingQueue.take(ArrayBlockingQueue.java:403)&#10;        at java.util.concurrent.ThreadPoolExecutor.getTask(ThreadPoolExecutor.java:1074)&#10;        at java.util.concurrent.ThreadPoolExecutor.runWorker(ThreadPoolExecutor.java:1134)&#10;        at java.util.concurrent.ThreadPoolExecutor$Worker.run(ThreadPoolExecutor.java:624)&#10;        at java.lang.Thread.run(Thread.java:748)&#10;&quot;pool-36-thread-25&quot;  prio=5 tid=441 in Object.wait()&#10;java.lang.Thread.State: WAITING (on object monitor)&#10;        at sun.misc.Unsafe.park(Native Method)&#10;        at java.util.concurrent.locks.LockSupport.park(LockSupport.java:175)&#10;        at java.util.concurrent.locks.AbstractQueuedSynchronizer$ConditionObject.await(AbstractQueuedSynchronizer.java:2039)&#10;        at java.util.concurrent.ArrayBlockingQueue.take(ArrayBlockingQueue.java:403)&#10;        at java.util.concurrent.ThreadPoolExecutor.getTask(ThreadPoolExecutor.java:1074)&#10;        at java.util.concurrent.ThreadPoolExecutor.runWorker(ThreadPoolExecutor.java:1134)&#10;        at java.util.concurrent.ThreadPoolExecutor$Worker.run(ThreadPoolExecutor.java:624)&#10;        at java.lang.Thread.run(Thread.java:748)&#10;&quot;metrics-hadoop-metrics2-reporter-12-thread-1&quot; daemon prio=5 tid=966 timed_waiting&#10;java.lang.Thread.State: TIMED_WAITING&#10;        at sun.misc.Unsafe.park(Native Method)&#10;        at java.util.concurrent.locks.LockSupport.parkNanos(LockSupport.java:215)&#10;        at java.util.concurrent.locks.AbstractQueuedSynchronizer$ConditionObject.awaitNanos(AbstractQueuedSynchronizer.java:2078)&#10;        at java.util.concurrent.ScheduledThreadPoolExecutor$DelayedWorkQueue.take(ScheduledThreadPoolExecutor.java:1093)&#10;        at java.util.concurrent.ScheduledThreadPoolExecutor$DelayedWorkQueue.take(ScheduledThreadPoolExecutor.java:809)&#10;        at java.util.concurrent.ThreadPoolExecutor.getTask(ThreadPoolExecutor.java:1074)&#10;        at java.util.concurrent.ThreadPoolExecutor.runWorker(ThreadPoolExecutor.java:1134)&#10;        at java.util.concurrent.ThreadPoolExecutor$Worker.run(ThreadPoolExecutor.java:624)&#10;        at java.lang.Thread.run(Thread.java:748)&#10;&quot;pool-86-thread-37&quot;  prio=5 tid=855 in Object.wait()&#10;java.lang.Thread.State: WAITING (on object monitor)&#10;        at sun.misc.Unsafe.park(Native Method)&#10;        at java.util.concurrent.locks.LockSupport.park(LockSupport.java:175)&#10;        at java.util.concurrent.locks.AbstractQueuedSynchronizer$ConditionObject.await(AbstractQueuedSynchronizer.java:2039)&#10;        at java.util.concurrent.ArrayBlockingQueue.take(ArrayBlockingQueue.java:403)&#10;        at java.util.concurrent.ThreadPoolExecutor.getTask(ThreadPoolExecutor.java:1074)&#10;        at java.util.concurrent.ThreadPoolExecutor.runWorker(ThreadPoolExecutor.java:1134)&#10;        at java.util.concurrent.ThreadPoolExecutor$Worker.run(ThreadPoolExecutor.java:624)&#10;        at java.lang.Thread.run(Thread.java:748)&#10;&quot;qtp934617920-596&quot; daemon prio=5 tid=596 timed_waiting&#10;java.lang.Thread.State: TIMED_WAITING&#10;        at sun.misc.Unsafe.park(Native Method)&#10;        at java.util.concurrent.locks.LockSupport.parkNanos(LockSupport.java:215)&#10;        at java.util.concurrent.locks.AbstractQueuedSynchronizer$ConditionObject.awaitNanos(AbstractQueuedSynchronizer.java:2078)&#10;        at org.eclipse.jetty.util.BlockingArrayQueue.poll(BlockingArrayQueue.java:392)&#10;        at org.eclipse.jetty.util.thread.QueuedThreadPool.idleJobPoll(QueuedThreadPool.java:563)&#10;        at org.eclipse.jetty.util.thread.QueuedThreadPool.access$800(QueuedThreadPool.java:48)&#10;        at org.eclipse.jetty.util.thread.QueuedThreadPool$2.run(QueuedThreadPool.java:626)&#10;        at java.lang.Thread.run(Thread.java:748)&#10;&quot;pool-46-thread-44&quot;  prio=5 tid=525 in Object.wait()&#10;java.lang.Thread.State: WAITING (on object monitor)&#10;        at sun.misc.Unsafe.park(Native Method)&#10;        at java.util.concurrent.locks.LockSupport.park(LockSupport.java:175)&#10;        at java.util.concurrent.locks.AbstractQueuedSynchronizer$ConditionObject.await(AbstractQueuedSynchronizer.java:2039)&#10;        at java.util.concurrent.ArrayBlockingQueue.take(ArrayBlockingQueue.java:403)&#10;        at java.util.concurrent.ThreadPoolExecutor.getTask(ThreadPoolExecutor.java:1074)&#10;        at java.util.concurrent.ThreadPoolExecutor.runWorker(ThreadPoolExecutor.java:1134)&#10;        at java.util.concurrent.ThreadPoolExecutor$Worker.run(ThreadPoolExecutor.java:624)&#10;        at java.lang.Thread.run(Thread.java:748)&#10;&quot;KeyDeletingService#0&quot; daemon prio=5 tid=113 timed_waiting&#10;java.lang.Thread.State: TIMED_WAITING&#10;        at sun.misc.Unsafe.park(Native Method)&#10;        at java.util.concurrent.locks.LockSupport.parkNanos(LockSupport.java:215)&#10;        at java.util.concurrent.locks.AbstractQueuedSynchronizer$ConditionObject.awaitNanos(AbstractQueuedSynchronizer.java:2078)&#10;        at java.util.concurrent.ScheduledThreadPoolExecutor$DelayedWorkQueue.take(ScheduledThreadPoolExecutor.java:1093)&#10;        at java.util.concurrent.ScheduledThreadPoolExecutor$DelayedWorkQueue.take(ScheduledThreadPoolExecutor.java:809)&#10;        at java.util.concurrent.ThreadPoolExecutor.getTask(ThreadPoolExecutor.java:1074)&#10;        at java.util.concurrent.ThreadPoolExecutor.runWorker(ThreadPoolExecutor.java:1134)&#10;        at java.util.concurrent.ThreadPoolExecutor$Worker.run(ThreadPoolExecutor.java:624)&#10;        at java.lang.Thread.run(Thread.java:748)&#10;&quot;metrics-hadoop-metrics2-reporter-8-thread-1&quot; daemon prio=5 tid=956 timed_waiting&#10;java.lang.Thread.State: TIMED_WAITING&#10;        at sun.misc.Unsafe.park(Native Method)&#10;        at java.util.concurrent.locks.LockSupport.parkNanos(LockSupport.java:215)&#10;        at java.util.concurrent.locks.AbstractQueuedSynchronizer$ConditionObject.awaitNanos(AbstractQueuedSynchronizer.java:2078)&#10;        at java.util.concurrent.ScheduledThreadPoolExecutor$DelayedWorkQueue.take(ScheduledThreadPoolExecutor.java:1093)&#10;        at java.util.concurrent.ScheduledThreadPoolExecutor$DelayedWorkQueue.take(ScheduledThreadPoolExecutor.java:809)&#10;        at java.util.concurrent.ThreadPoolExecutor.getTask(ThreadPoolExecutor.java:1074)&#10;        at java.util.concurrent.ThreadPoolExecutor.runWorker(ThreadPoolExecutor.java:1134)&#10;        at java.util.concurrent.ThreadPoolExecutor$Worker.run(ThreadPoolExecutor.java:624)&#10;        at java.lang.Thread.run(Thread.java:748)&#10;&quot;pool-36-thread-50&quot;  prio=5 tid=554 in Object.wait()&#10;java.lang.Thread.State: WAITING (on object monitor)&#10;        at sun.misc.Unsafe.park(Native Method)&#10;        at java.util.concurrent.locks.LockSupport.park(LockSupport.java:175)&#10;        at java.util.concurrent.locks.AbstractQueuedSynchronizer$ConditionObject.await(AbstractQueuedSynchronizer.java:2039)&#10;        at java.util.concurrent.ArrayBlockingQueue.take(ArrayBlockingQueue.java:403)&#10;        at java.util.concurrent.ThreadPoolExecutor.getTask(ThreadPoolExecutor.java:1074)&#10;        at java.util.concurrent.ThreadPoolExecutor.runWorker(ThreadPoolExecutor.java:1134)&#10;        at java.util.concurrent.ThreadPoolExecutor$Worker.run(ThreadPoolExecutor.java:624)&#10;        at java.lang.Thread.run(Thread.java:748)&#10;&quot;4b7a3050-62f1-41a0-b275-38638fa6aa33@group-575707D9BA83-StateMachineUpdater&quot; daemon prio=5 tid=1126 in Object.wait()&#10;java.lang.Thread.State: WAITING (on object monitor)&#10;        at java.lang.Object.wait(Native Method)&#10;        at java.lang.Object.wait(Object.java:502)&#10;        at org.apache.ratis.server.impl.StateMachineUpdater.waitForCommit(StateMachineUpdater.java:194)&#10;        at org.apache.ratis.server.impl.StateMachineUpdater.run(StateMachineUpdater.java:159)&#10;        at java.lang.Thread.run(Thread.java:748)&#10;&quot;pool-117-thread-11&quot;  prio=5 tid=1070 in Object.wait()&#10;java.lang.Thread.State: WAITING (on object monitor)&#10;        at sun.misc.Unsafe.park(Native Method)&#10;        at java.util.concurrent.locks.LockSupport.park(LockSupport.java:175)&#10;        at java.util.concurrent.locks.AbstractQueuedSynchronizer$ConditionObject.await(AbstractQueuedSynchronizer.java:2039)&#10;        at java.util.concurrent.ArrayBlockingQueue.take(ArrayBlockingQueue.java:403)&#10;        at java.util.concurrent.ThreadPoolExecutor.getTask(ThreadPoolExecutor.java:1074)&#10;        at java.util.concurrent.ThreadPoolExecutor.runWorker(ThreadPoolExecutor.java:1134)&#10;        at java.util.concurrent.ThreadPoolExecutor$Worker.run(ThreadPoolExecutor.java:624)&#10;        at java.lang.Thread.run(Thread.java:748)&#10;&quot;qtp549049813-267&quot; daemon prio=5 tid=267 runnable&#10;java.lang.Thread.State: RUNNABLE&#10;        at sun.nio.ch.EPollArrayWrapper.epollWait(Native Method)&#10;        at sun.nio.ch.EPollArrayWrapper.poll(EPollArrayWrapper.java:269)&#10;        at sun.nio.ch.EPollSelectorImpl.doSelect(EPollSelectorImpl.java:93)&#10;        at sun.nio.ch.SelectorImpl.lockAndDoSelect(SelectorImpl.java:86)&#10;        at sun.nio.ch.SelectorImpl.select(SelectorImpl.java:97)&#10;        at sun.nio.ch.SelectorImpl.select(SelectorImpl.java:101)&#10;        at org.eclipse.jetty.io.ManagedSelector$SelectorProducer.select(ManagedSelector.java:243)&#10;        at org.eclipse.jetty.io.ManagedSelector$SelectorProducer.produce(ManagedSelector.java:191)&#10;        at org.eclipse.jetty.util.thread.strategy.ExecuteProduceConsume.executeProduceConsume(ExecuteProduceConsume.java:249)&#10;        at org.eclipse.jetty.util.thread.strategy.ExecuteProduceConsume.produceConsume(ExecuteProduceConsume.java:148)&#10;        at org.eclipse.jetty.util.thread.strategy.ExecuteProduceConsume.execute(ExecuteProduceConsume.java:100)&#10;        at org.eclipse.jetty.io.ManagedSelector.run(ManagedSelector.java:147)&#10;        at org.eclipse.jetty.util.thread.QueuedThreadPool.runJob(QueuedThreadPool.java:671)&#10;        at org.eclipse.jetty.util.thread.QueuedThreadPool$2.run(QueuedThreadPool.java:589)&#10;        at java.lang.Thread.run(Thread.java:748)&#10;&quot;IPC Server handler 1 on 40878&quot; daemon prio=5 tid=50 timed_waiting&#10;java.lang.Thread.State: TIMED_WAITING&#10;        at sun.misc.Unsafe.park(Native Method)&#10;        at java.util.concurrent.locks.LockSupport.parkNanos(LockSupport.java:215)&#10;        at java.util.concurrent.locks.AbstractQueuedSynchronizer$ConditionObject.awaitNanos(AbstractQueuedSynchronizer.java:2078)&#10;        at java.util.concurrent.LinkedBlockingQueue.poll(LinkedBlockingQueue.java:467)&#10;        at org.apache.hadoop.ipc.CallQueueManager.take(CallQueueManager.java:288)&#10;        at org.apache.hadoop.ipc.Server$Handler.run(Server.java:2668)&#10;&quot;IPC Server idle connection scanner for port 37838&quot; daemon prio=5 tid=16 timed_waiting&#10;java.lang.Thread.State: TIMED_WAITING&#10;        at java.lang.Object.wait(Native Method)&#10;        at java.util.TimerThread.mainLoop(Timer.java:552)&#10;        at java.util.TimerThread.run(Timer.java:505)&#10;&quot;pool-76-thread-59&quot;  prio=5 tid=805 in Object.wait()&#10;java.lang.Thread.State: WAITING (on object monitor)&#10;        at sun.misc.Unsafe.park(Native Method)&#10;        at java.util.concurrent.locks.LockSupport.park(LockSupport.java:175)&#10;        at java.util.concurrent.locks.AbstractQueuedSynchronizer$ConditionObject.await(AbstractQueuedSynchronizer.java:2039)&#10;        at java.util.concurrent.ArrayBlockingQueue.take(ArrayBlockingQueue.java:403)&#10;        at java.util.concurrent.ThreadPoolExecutor.getTask(ThreadPoolExecutor.java:1074)&#10;        at java.util.concurrent.ThreadPoolExecutor.runWorker(ThreadPoolExecutor.java:1134)&#10;        at java.util.concurrent.ThreadPoolExecutor$Worker.run(ThreadPoolExecutor.java:624)&#10;        at java.lang.Thread.run(Thread.java:748)&#10;&quot;pool-66-thread-19&quot;  prio=5 tid=656 in Object.wait()&#10;java.lang.Thread.State: WAITING (on object monitor)&#10;        at sun.misc.Unsafe.park(Native Method)&#10;        at java.util.concurrent.locks.LockSupport.park(LockSupport.java:175)&#10;        at java.util.concurrent.locks.AbstractQueuedSynchronizer$ConditionObject.await(AbstractQueuedSynchronizer.java:2039)&#10;        at java.util.concurrent.ArrayBlockingQueue.take(ArrayBlockingQueue.java:403)&#10;        at java.util.concurrent.ThreadPoolExecutor.getTask(ThreadPoolExecutor.java:1074)&#10;        at java.util.concurrent.ThreadPoolExecutor.runWorker(ThreadPoolExecutor.java:1134)&#10;        at java.util.concurrent.ThreadPoolExecutor$Worker.run(ThreadPoolExecutor.java:624)&#10;        at java.lang.Thread.run(Thread.java:748)&#10;&quot;pool-86-thread-24&quot;  prio=5 tid=842 in Object.wait()&#10;java.lang.Thread.State: WAITING (on object monitor)&#10;        at sun.misc.Unsafe.park(Native Method)&#10;        at java.util.concurrent.locks.LockSupport.park(LockSupport.java:175)&#10;        at java.util.concurrent.locks.AbstractQueuedSynchronizer$ConditionObject.await(AbstractQueuedSynchronizer.java:2039)&#10;        at java.util.concurrent.ArrayBlockingQueue.take(ArrayBlockingQueue.java:403)&#10;        at java.util.concurrent.ThreadPoolExecutor.getTask(ThreadPoolExecutor.java:1074)&#10;        at java.util.concurrent.ThreadPoolExecutor.runWorker(ThreadPoolExecutor.java:1134)&#10;        at java.util.concurrent.ThreadPoolExecutor$Worker.run(ThreadPoolExecutor.java:624)&#10;        at java.lang.Thread.run(Thread.java:748)&#10;&quot;Datanode State Machine Thread - 0&quot; daemon prio=5 tid=734 timed_waiting&#10;java.lang.Thread.State: TIMED_WAITING&#10;        at sun.misc.Unsafe.park(Native Method)&#10;        at java.util.concurrent.locks.LockSupport.parkNanos(LockSupport.java:215)&#10;        at java.util.concurrent.SynchronousQueue$TransferStack.awaitFulfill(SynchronousQueue.java:460)&#10;        at java.util.concurrent.SynchronousQueue$TransferStack.transfer(SynchronousQueue.java:362)&#10;        at java.util.concurrent.SynchronousQueue.poll(SynchronousQueue.java:941)&#10;        at java.util.concurrent.ThreadPoolExecutor.getTask(ThreadPoolExecutor.java:1073)&#10;        at java.util.concurrent.ThreadPoolExecutor.runWorker(ThreadPoolExecutor.java:1134)&#10;        at java.util.concurrent.ThreadPoolExecutor$Worker.run(ThreadPoolExecutor.java:624)&#10;        at java.lang.Thread.run(Thread.java:748)&#10;&quot;pool-26-thread-19&quot;  prio=5 tid=399 in Object.wait()&#10;java.lang.Thread.State: WAITING (on object monitor)&#10;        at sun.misc.Unsafe.park(Native Method)&#10;        at java.util.concurrent.locks.LockSupport.park(LockSupport.java:175)&#10;        at java.util.concurrent.locks.AbstractQueuedSynchronizer$ConditionObject.await(AbstractQueuedSynchronizer.java:2039)&#10;        at java.util.concurrent.ArrayBlockingQueue.take(ArrayBlockingQueue.java:403)&#10;        at java.util.concurrent.ThreadPoolExecutor.getTask(ThreadPoolExecutor.java:1074)&#10;        at java.util.concurrent.ThreadPoolExecutor.runWorker(ThreadPoolExecutor.java:1134)&#10;        at java.util.concurrent.ThreadPoolExecutor$Worker.run(ThreadPoolExecutor.java:624)&#10;        at java.lang.Thread.run(Thread.java:748)&#10;&quot;pool-117-thread-27&quot;  prio=5 tid=1086 in Object.wait()&#10;java.lang.Thread.State: WAITING (on object monitor)&#10;        at sun.misc.Unsafe.park(Native Method)&#10;        at java.util.concurrent.locks.LockSupport.park(LockSupport.java:175)&#10;        at java.util.concurrent.locks.AbstractQueuedSynchronizer$ConditionObject.await(AbstractQueuedSynchronizer.java:2039)&#10;        at java.util.concurrent.ArrayBlockingQueue.take(ArrayBlockingQueue.java:403)&#10;        at java.util.concurrent.ThreadPoolExecutor.getTask(ThreadPoolExecutor.java:1074)&#10;        at java.util.concurrent.ThreadPoolExecutor.runWorker(ThreadPoolExecutor.java:1134)&#10;        at java.util.concurrent.ThreadPoolExecutor$Worker.run(ThreadPoolExecutor.java:624)&#10;        at java.lang.Thread.run(Thread.java:748)&#10;&quot;pool-96-thread-3&quot;  prio=5 tid=885 in Object.wait()&#10;java.lang.Thread.State: WAITING (on object monitor)&#10;        at sun.misc.Unsafe.park(Native Method)&#10;        at java.util.concurrent.locks.LockSupport.park(LockSupport.java:175)&#10;        at java.util.concurrent.locks.AbstractQueuedSynchronizer$ConditionObject.await(AbstractQueuedSynchronizer.java:2039)&#10;        at java.util.concurrent.ArrayBlockingQueue.take(ArrayBlockingQueue.java:403)&#10;        at java.util.concurrent.ThreadPoolExecutor.getTask(ThreadPoolExecutor.java:1074)&#10;        at java.util.concurrent.ThreadPoolExecutor.runWorker(ThreadPoolExecutor.java:1134)&#10;        at java.util.concurrent.ThreadPoolExecutor$Worker.run(ThreadPoolExecutor.java:624)&#10;        at java.lang.Thread.run(Thread.java:748)&#10;&quot;qtp2035381640-92&quot; daemon prio=5 tid=92 timed_waiting&#10;java.lang.Thread.State: TIMED_WAITING&#10;        at sun.misc.Unsafe.park(Native Method)&#10;        at java.util.concurrent.locks.LockSupport.parkNanos(LockSupport.java:215)&#10;        at java.util.concurrent.locks.AbstractQueuedSynchronizer$ConditionObject.awaitNanos(AbstractQueuedSynchronizer.java:2078)&#10;        at org.eclipse.jetty.util.BlockingArrayQueue.poll(BlockingArrayQueue.java:392)&#10;        at org.eclipse.jetty.util.thread.QueuedThreadPool.idleJobPoll(QueuedThreadPool.java:563)&#10;        at org.eclipse.jetty.util.thread.QueuedThreadPool.access$800(QueuedThreadPool.java:48)&#10;        at org.eclipse.jetty.util.thread.QueuedThreadPool$2.run(QueuedThreadPool.java:626)&#10;        at java.lang.Thread.run(Thread.java:748)&#10;&quot;Thread-366&quot; daemon prio=5 tid=1234 timed_waiting&#10;java.lang.Thread.State: TIMED_WAITING&#10;        at sun.misc.Unsafe.park(Native Method)&#10;        at java.util.concurrent.locks.LockSupport.parkNanos(LockSupport.java:215)&#10;        at java.util.concurrent.locks.AbstractQueuedSynchronizer$ConditionObject.awaitNanos(AbstractQueuedSynchronizer.java:2078)&#10;        at java.util.concurrent.ArrayBlockingQueue.poll(ArrayBlockingQueue.java:418)&#10;        at org.apache.ratis.server.impl.LeaderState$EventQueue.poll(LeaderState.java:116)&#10;        at org.apache.ratis.server.impl.LeaderState$EventProcessor.run(LeaderState.java:468)&#10;&quot;pool-76-thread-2&quot;  prio=5 tid=748 in Object.wait()&#10;java.lang.Thread.State: WAITING (on object monitor)&#10;        at sun.misc.Unsafe.park(Native Method)&#10;        at java.util.concurrent.locks.LockSupport.park(LockSupport.java:175)&#10;        at java.util.concurrent.locks.AbstractQueuedSynchronizer$ConditionObject.await(AbstractQueuedSynchronizer.java:2039)&#10;        at java.util.concurrent.ArrayBlockingQueue.take(ArrayBlockingQueue.java:403)&#10;        at java.util.concurrent.ThreadPoolExecutor.getTask(ThreadPoolExecutor.java:1074)&#10;        at java.util.concurrent.ThreadPoolExecutor.runWorker(ThreadPoolExecutor.java:1134)&#10;        at java.util.concurrent.ThreadPoolExecutor$Worker.run(ThreadPoolExecutor.java:624)&#10;        at java.lang.Thread.run(Thread.java:748)&#10;&quot;pool-117-thread-16&quot;  prio=5 tid=1075 in Object.wait()&#10;java.lang.Thread.State: WAITING (on object monitor)&#10;        at sun.misc.Unsafe.park(Native Method)&#10;        at java.util.concurrent.locks.LockSupport.park(LockSupport.java:175)&#10;        at java.util.concurrent.locks.AbstractQueuedSynchronizer$ConditionObject.await(AbstractQueuedSynchronizer.java:2039)&#10;        at java.util.concurrent.ArrayBlockingQueue.take(ArrayBlockingQueue.java:403)&#10;        at java.util.concurrent.ThreadPoolExecutor.getTask(ThreadPoolExecutor.java:1074)&#10;        at java.util.concurrent.ThreadPoolExecutor.runWorker(ThreadPoolExecutor.java:1134)&#10;        at java.util.concurrent.ThreadPoolExecutor$Worker.run(ThreadPoolExecutor.java:624)&#10;        at java.lang.Thread.run(Thread.java:748)&#10;&quot;pool-26-thread-58&quot;  prio=5 tid=539 in Object.wait()&#10;java.lang.Thread.State: WAITING (on object monitor)&#10;        at sun.misc.Unsafe.park(Native Method)&#10;        at java.util.concurrent.locks.LockSupport.park(LockSupport.java:175)&#10;        at java.util.concurrent.locks.AbstractQueuedSynchronizer$ConditionObject.await(AbstractQueuedSynchronizer.java:2039)&#10;        at java.util.concurrent.ArrayBlockingQueue.take(ArrayBlockingQueue.java:403)&#10;        at java.util.concurrent.ThreadPoolExecutor.getTask(ThreadPoolExecutor.java:1074)&#10;        at java.util.concurrent.ThreadPoolExecutor.runWorker(ThreadPoolExecutor.java:1134)&#10;        at java.util.concurrent.ThreadPoolExecutor$Worker.run(ThreadPoolExecutor.java:624)&#10;        at java.lang.Thread.run(Thread.java:748)&#10;&quot;6c42b2c0-be2d-45a9-9e22-a67f6ac9562e@group-B1DA5B12FD43-StateMachineUpdater&quot; daemon prio=5 tid=971 in Object.wait()&#10;java.lang.Thread.State: WAITING (on object monitor)&#10;        at java.lang.Object.wait(Native Method)&#10;        at java.lang.Object.wait(Object.java:502)&#10;        at org.apache.ratis.server.impl.StateMachineUpdater.waitForCommit(StateMachineUpdater.java:194)&#10;        at org.apache.ratis.server.impl.StateMachineUpdater.run(StateMachineUpdater.java:159)&#10;        at java.lang.Thread.run(Thread.java:748)&#10;&quot;pool-36-thread-40&quot;  prio=5 tid=519 in Object.wait()&#10;java.lang.Thread.State: WAITING (on object monitor)&#10;        at sun.misc.Unsafe.park(Native Method)&#10;        at java.util.concurrent.locks.LockSupport.park(LockSupport.java:175)&#10;        at java.util.concurrent.locks.AbstractQueuedSynchronizer$ConditionObject.await(AbstractQueuedSynchronizer.java:2039)&#10;        at java.util.concurrent.ArrayBlockingQueue.take(ArrayBlockingQueue.java:403)&#10;        at java.util.concurrent.ThreadPoolExecutor.getTask(ThreadPoolExecutor.java:1074)&#10;        at java.util.concurrent.ThreadPoolExecutor.runWorker(ThreadPoolExecutor.java:1134)&#10;        at java.util.concurrent.ThreadPoolExecutor$Worker.run(ThreadPoolExecutor.java:624)&#10;        at java.lang.Thread.run(Thread.java:748)&#10;&quot;d4e5ac39-62a0-42b5-ac75-503c3fe19161@group-24F9B359B75D-SegmentedRaftLogWorker&quot;  prio=5 tid=1042 timed_waiting&#10;java.lang.Thread.State: TIMED_WAITING&#10;        at sun.misc.Unsafe.park(Native Method)&#10;        at java.util.concurrent.locks.LockSupport.parkNanos(LockSupport.java:215)&#10;        at java.util.concurrent.locks.AbstractQueuedSynchronizer$ConditionObject.awaitNanos(AbstractQueuedSynchronizer.java:2078)&#10;        at org.apache.ratis.util.DataBlockingQueue.poll(DataBlockingQueue.java:137)&#10;        at org.apache.ratis.server.raftlog.segmented.SegmentedRaftLogWorker.run(SegmentedRaftLogWorker.java:282)&#10;        at java.lang.Thread.run(Thread.java:748)&#10;&quot;pool-106-thread-11&quot;  prio=5 tid=990 in Object.wait()&#10;java.lang.Thread.State: WAITING (on object monitor)&#10;        at sun.misc.Unsafe.park(Native Method)&#10;        at java.util.concurrent.locks.LockSupport.park(LockSupport.java:175)&#10;        at java.util.concurrent.locks.AbstractQueuedSynchronizer$ConditionObject.await(AbstractQueuedSynchronizer.java:2039)&#10;        at java.util.concurrent.ArrayBlockingQueue.take(ArrayBlockingQueue.java:403)&#10;        at java.util.concurrent.ThreadPoolExecutor.getTask(ThreadPoolExecutor.java:1074)&#10;        at java.util.concurrent.ThreadPoolExecutor.runWorker(ThreadPoolExecutor.java:1134)&#10;        at java.util.concurrent.ThreadPoolExecutor$Worker.run(ThreadPoolExecutor.java:624)&#10;        at java.lang.Thread.run(Thread.java:748)&#10;&quot;metrics-hadoop-metrics2-reporter-6-thread-1&quot; daemon prio=5 tid=950 timed_waiting&#10;java.lang.Thread.State: TIMED_WAITING&#10;        at sun.misc.Unsafe.park(Native Method)&#10;        at java.util.concurrent.locks.LockSupport.parkNanos(LockSupport.java:215)&#10;        at java.util.concurrent.locks.AbstractQueuedSynchronizer$ConditionObject.awaitNanos(AbstractQueuedSynchronizer.java:2078)&#10;        at java.util.concurrent.ScheduledThreadPoolExecutor$DelayedWorkQueue.take(ScheduledThreadPoolExecutor.java:1093)&#10;        at java.util.concurrent.ScheduledThreadPoolExecutor$DelayedWorkQueue.take(ScheduledThreadPoolExecutor.java:809)&#10;        at java.util.concurrent.ThreadPoolExecutor.getTask(ThreadPoolExecutor.java:1074)&#10;        at java.util.concurrent.ThreadPoolExecutor.runWorker(ThreadPoolExecutor.java:1134)&#10;        at java.util.concurrent.ThreadPoolExecutor$Worker.run(ThreadPoolExecutor.java:624)&#10;        at java.lang.Thread.run(Thread.java:748)&#10;&quot;qtp747378368-719&quot; daemon prio=5 tid=719 timed_waiting&#10;java.lang.Thread.State: TIMED_WAITING&#10;        at sun.misc.Unsafe.park(Native Method)&#10;        at java.util.concurrent.locks.LockSupport.parkNanos(LockSupport.java:215)&#10;        at java.util.concurrent.locks.AbstractQueuedSynchronizer$ConditionObject.awaitNanos(AbstractQueuedSynchronizer.java:2078)&#10;        at org.eclipse.jetty.util.BlockingArrayQueue.poll(BlockingArrayQueue.java:392)&#10;        at org.eclipse.jetty.util.thread.QueuedThreadPool.idleJobPoll(QueuedThreadPool.java:563)&#10;        at org.eclipse.jetty.util.thread.QueuedThreadPool.access$800(QueuedThreadPool.java:48)&#10;        at org.eclipse.jetty.util.thread.QueuedThreadPool$2.run(QueuedThreadPool.java:626)&#10;        at java.lang.Thread.run(Thread.java:748)&#10;&quot;pool-76-thread-3&quot;  prio=5 tid=749 in Object.wait()&#10;java.lang.Thread.State: WAITING (on object monitor)&#10;        at sun.misc.Unsafe.park(Native Method)&#10;        at java.util.concurrent.locks.LockSupport.park(LockSupport.java:175)&#10;        at java.util.concurrent.locks.AbstractQueuedSynchronizer$ConditionObject.await(AbstractQueuedSynchronizer.java:2039)&#10;        at java.util.concurrent.ArrayBlockingQueue.take(ArrayBlockingQueue.java:403)&#10;        at java.util.concurrent.ThreadPoolExecutor.getTask(ThreadPoolExecutor.java:1074)&#10;        at java.util.concurrent.ThreadPoolExecutor.runWorker(ThreadPoolExecutor.java:1134)&#10;        at java.util.concurrent.ThreadPoolExecutor$Worker.run(ThreadPoolExecutor.java:624)&#10;        at java.lang.Thread.run(Thread.java:748)&#10;&quot;metrics-hadoop-metrics2-reporter-48-thread-1&quot; daemon prio=5 tid=1197 timed_waiting&#10;java.lang.Thread.State: TIMED_WAITING&#10;        at sun.misc.Unsafe.park(Native Method)&#10;        at java.util.concurrent.locks.LockSupport.parkNanos(LockSupport.java:215)&#10;        at java.util.concurrent.locks.AbstractQueuedSynchronizer$ConditionObject.awaitNanos(AbstractQueuedSynchronizer.java:2078)&#10;        at java.util.concurrent.ScheduledThreadPoolExecutor$DelayedWorkQueue.take(ScheduledThreadPoolExecutor.java:1093)&#10;        at java.util.concurrent.ScheduledThreadPoolExecutor$DelayedWorkQueue.take(ScheduledThreadPoolExecutor.java:809)&#10;        at java.util.concurrent.ThreadPoolExecutor.getTask(ThreadPoolExecutor.java:1074)&#10;        at java.util.concurrent.ThreadPoolExecutor.runWorker(ThreadPoolExecutor.java:1134)&#10;        at java.util.concurrent.ThreadPoolExecutor$Worker.run(ThreadPoolExecutor.java:624)&#10;        at java.lang.Thread.run(Thread.java:748)&#10;&quot;grpc-default-worker-ELG-3-4&quot; daemon prio=5 tid=810 runnable&#10;java.lang.Thread.State: RUNNABLE&#10;        at sun.nio.ch.EPollArrayWrapper.epollWait(Native Method)&#10;        at sun.nio.ch.EPollArrayWrapper.poll(EPollArrayWrapper.java:269)&#10;        at sun.nio.ch.EPollSelectorImpl.doSelect(EPollSelectorImpl.java:93)&#10;        at sun.nio.ch.SelectorImpl.lockAndDoSelect(SelectorImpl.java:86)&#10;        at sun.nio.ch.SelectorImpl.select(SelectorImpl.java:97)&#10;        at org.apache.ratis.thirdparty.io.netty.channel.nio.SelectedSelectionKeySetSelector.select(SelectedSelectionKeySetSelector.java:62)&#10;        at org.apache.ratis.thirdparty.io.netty.channel.nio.NioEventLoop.select(NioEventLoop.java:753)&#10;        at org.apache.ratis.thirdparty.io.netty.channel.nio.NioEventLoop.run(NioEventLoop.java:408)&#10;        at org.apache.ratis.thirdparty.io.netty.util.concurrent.SingleThreadEventExecutor$5.run(SingleThreadEventExecutor.java:897)&#10;        at org.apache.ratis.thirdparty.io.netty.util.concurrent.FastThreadLocalRunnable.run(FastThreadLocalRunnable.java:30)&#10;        at java.lang.Thread.run(Thread.java:748)&#10;&quot;jaeger.RemoteReporter-QueueProcessor&quot; daemon prio=5 tid=147 in Object.wait()&#10;java.lang.Thread.State: WAITING (on object monitor)&#10;        at sun.misc.Unsafe.park(Native Method)&#10;        at java.util.concurrent.locks.LockSupport.park(LockSupport.java:175)&#10;        at java.util.concurrent.locks.AbstractQueuedSynchronizer$ConditionObject.await(AbstractQueuedSynchronizer.java:2039)&#10;        at java.util.concurrent.ArrayBlockingQueue.take(ArrayBlockingQueue.java:403)&#10;        at io.jaegertracing.internal.reporters.RemoteReporter$QueueProcessor.run(RemoteReporter.java:173)&#10;        at java.lang.Thread.run(Thread.java:748)&#10;&quot;pool-117-thread-53&quot;  prio=5 tid=1112 in Object.wait()&#10;java.lang.Thread.State: WAITING (on object monitor)&#10;        at sun.misc.Unsafe.park(Native Method)&#10;        at java.util.concurrent.locks.LockSupport.park(LockSupport.java:175)&#10;        at java.util.concurrent.locks.AbstractQueuedSynchronizer$ConditionObject.await(AbstractQueuedSynchronizer.java:2039)&#10;        at java.util.concurrent.ArrayBlockingQueue.take(ArrayBlockingQueue.java:403)&#10;        at java.util.concurrent.ThreadPoolExecutor.getTask(ThreadPoolExecutor.java:1074)&#10;        at java.util.concurrent.ThreadPoolExecutor.runWorker(ThreadPoolExecutor.java:1134)&#10;        at java.util.concurrent.ThreadPoolExecutor$Worker.run(ThreadPoolExecutor.java:624)&#10;        at java.lang.Thread.run(Thread.java:748)&#10;&quot;qtp856047451-624&quot; daemon prio=5 tid=624 timed_waiting&#10;java.lang.Thread.State: TIMED_WAITING&#10;        at sun.misc.Unsafe.park(Native Method)&#10;        at java.util.concurrent.locks.LockSupport.parkNanos(LockSupport.java:215)&#10;        at java.util.concurrent.locks.AbstractQueuedSynchronizer$ConditionObject.awaitNanos(AbstractQueuedSynchronizer.java:2078)&#10;        at org.eclipse.jetty.util.BlockingArrayQueue.poll(BlockingArrayQueue.java:392)&#10;        at org.eclipse.jetty.util.thread.QueuedThreadPool.idleJobPoll(QueuedThreadPool.java:563)&#10;        at org.eclipse.jetty.util.thread.QueuedThreadPool.access$800(QueuedThreadPool.java:48)&#10;        at org.eclipse.jetty.util.thread.QueuedThreadPool$2.run(QueuedThreadPool.java:626)&#10;        at java.lang.Thread.run(Thread.java:748)&#10;&quot;grpc-default-boss-ELG-1-1&quot; daemon prio=5 tid=617 runnable&#10;java.lang.Thread.State: RUNNABLE&#10;        at sun.nio.ch.EPollArrayWrapper.epollWait(Native Method)&#10;        at sun.nio.ch.EPollArrayWrapper.poll(EPollArrayWrapper.java:269)&#10;        at sun.nio.ch.EPollSelectorImpl.doSelect(EPollSelectorImpl.java:93)&#10;        at sun.nio.ch.SelectorImpl.lockAndDoSelect(SelectorImpl.java:86)&#10;        at sun.nio.ch.SelectorImpl.select(SelectorImpl.java:97)&#10;        at org.apache.ratis.thirdparty.io.netty.channel.nio.SelectedSelectionKeySetSelector.select(SelectedSelectionKeySetSelector.java:62)&#10;        at org.apache.ratis.thirdparty.io.netty.channel.nio.NioEventLoop.select(NioEventLoop.java:753)&#10;        at org.apache.ratis.thirdparty.io.netty.channel.nio.NioEventLoop.run(NioEventLoop.java:408)&#10;        at org.apache.ratis.thirdparty.io.netty.util.concurrent.SingleThreadEventExecutor$5.run(SingleThreadEventExecutor.java:897)&#10;        at org.apache.ratis.thirdparty.io.netty.util.concurrent.FastThreadLocalRunnable.run(FastThreadLocalRunnable.java:30)&#10;        at java.lang.Thread.run(Thread.java:748)&#10;&quot;pool-106-thread-37&quot;  prio=5 tid=1016 in Object.wait()&#10;java.lang.Thread.State: WAITING (on object monitor)&#10;        at sun.misc.Unsafe.park(Native Method)&#10;        at java.util.concurrent.locks.LockSupport.park(LockSupport.java:175)&#10;        at java.util.concurrent.locks.AbstractQueuedSynchronizer$ConditionObject.await(AbstractQueuedSynchronizer.java:2039)&#10;        at java.util.concurrent.ArrayBlockingQueue.take(ArrayBlockingQueue.java:403)&#10;        at java.util.concurrent.ThreadPoolExecutor.getTask(ThreadPoolExecutor.java:1074)&#10;        at java.util.concurrent.ThreadPoolExecutor.runWorker(ThreadPoolExecutor.java:1134)&#10;        at java.util.concurrent.ThreadPoolExecutor$Worker.run(ThreadPoolExecutor.java:624)&#10;        at java.lang.Thread.run(Thread.java:748)&#10;&quot;pool-96-thread-56&quot;  prio=5 tid=938 in Object.wait()&#10;java.lang.Thread.State: WAITING (on object monitor)&#10;        at sun.misc.Unsafe.park(Native Method)&#10;        at java.util.concurrent.locks.LockSupport.park(LockSupport.java:175)&#10;        at java.util.concurrent.locks.AbstractQueuedSynchronizer$ConditionObject.await(AbstractQueuedSynchronizer.java:2039)&#10;        at java.util.concurrent.ArrayBlockingQueue.take(ArrayBlockingQueue.java:403)&#10;        at java.util.concurrent.ThreadPoolExecutor.getTask(ThreadPoolExecutor.java:1074)&#10;        at java.util.concurrent.ThreadPoolExecutor.runWorker(ThreadPoolExecutor.java:1134)&#10;        at java.util.concurrent.ThreadPoolExecutor$Worker.run(ThreadPoolExecutor.java:624)&#10;        at java.lang.Thread.run(Thread.java:748)&#10;&quot;pool-117-thread-57&quot;  prio=5 tid=1116 in Object.wait()&#10;java.lang.Thread.State: WAITING (on object monitor)&#10;        at sun.misc.Unsafe.park(Native Method)&#10;        at java.util.concurrent.locks.LockSupport.park(LockSupport.java:175)&#10;        at java.util.concurrent.locks.AbstractQueuedSynchronizer$ConditionObject.await(AbstractQueuedSynchronizer.java:2039)&#10;        at java.util.concurrent.ArrayBlockingQueue.take(ArrayBlockingQueue.java:403)&#10;        at java.util.concurrent.ThreadPoolExecutor.getTask(ThreadPoolExecutor.java:1074)&#10;        at java.util.concurrent.ThreadPoolExecutor.runWorker(ThreadPoolExecutor.java:1134)&#10;        at java.util.concurrent.ThreadPoolExecutor$Worker.run(ThreadPoolExecutor.java:624)&#10;        at java.lang.Thread.run(Thread.java:748)&#10;&quot;pool-106-thread-55&quot;  prio=5 tid=1034 in Object.wait()&#10;java.lang.Thread.State: WAITING (on object monitor)&#10;        at sun.misc.Unsafe.park(Native Method)&#10;        at java.util.concurrent.locks.LockSupport.park(LockSupport.java:175)&#10;        at java.util.concurrent.locks.AbstractQueuedSynchronizer$ConditionObject.await(AbstractQueuedSynchronizer.java:2039)&#10;        at java.util.concurrent.ArrayBlockingQueue.take(ArrayBlockingQueue.java:403)&#10;        at java.util.concurrent.ThreadPoolExecutor.getTask(ThreadPoolExecutor.java:1074)&#10;        at java.util.concurrent.ThreadPoolExecutor.runWorker(ThreadPoolExecutor.java:1134)&#10;        at java.util.concurrent.ThreadPoolExecutor$Worker.run(ThreadPoolExecutor.java:624)&#10;        at java.lang.Thread.run(Thread.java:748)&#10;&quot;pool-46-thread-60&quot;  prio=5 tid=585 in Object.wait()&#10;java.lang.Thread.State: WAITING (on object monitor)&#10;        at sun.misc.Unsafe.park(Native Method)&#10;        at java.util.concurrent.locks.LockSupport.park(LockSupport.java:175)&#10;        at java.util.concurrent.locks.AbstractQueuedSynchronizer$ConditionObject.await(AbstractQueuedSynchronizer.java:2039)&#10;        at java.util.concurrent.ArrayBlockingQueue.take(ArrayBlockingQueue.java:403)&#10;        at java.util.concurrent.ThreadPoolExecutor.getTask(ThreadPoolExecutor.java:1074)&#10;        at java.util.concurrent.ThreadPoolExecutor.runWorker(ThreadPoolExecutor.java:1134)&#10;        at java.util.concurrent.ThreadPoolExecutor$Worker.run(ThreadPoolExecutor.java:624)&#10;        at java.lang.Thread.run(Thread.java:748)&#10;&quot;pool-36-thread-30&quot;  prio=5 tid=473 in Object.wait()&#10;java.lang.Thread.State: WAITING (on object monitor)&#10;        at sun.misc.Unsafe.park(Native Method)&#10;        at java.util.concurrent.locks.LockSupport.park(LockSupport.java:175)&#10;        at java.util.concurrent.locks.AbstractQueuedSynchronizer$ConditionObject.await(AbstractQueuedSynchronizer.java:2039)&#10;        at java.util.concurrent.ArrayBlockingQueue.take(ArrayBlockingQueue.java:403)&#10;        at java.util.concurrent.ThreadPoolExecutor.getTask(ThreadPoolExecutor.java:1074)&#10;        at java.util.concurrent.ThreadPoolExecutor.runWorker(ThreadPoolExecutor.java:1134)&#10;        at java.util.concurrent.ThreadPoolExecutor$Worker.run(ThreadPoolExecutor.java:624)&#10;        at java.lang.Thread.run(Thread.java:748)&#10;&quot;pool-86-thread-20&quot;  prio=5 tid=838 in Object.wait()&#10;java.lang.Thread.State: WAITING (on object monitor)&#10;        at sun.misc.Unsafe.park(Native Method)&#10;        at java.util.concurrent.locks.LockSupport.park(LockSupport.java:175)&#10;        at java.util.concurrent.locks.AbstractQueuedSynchronizer$ConditionObject.await(AbstractQueuedSynchronizer.java:2039)&#10;        at java.util.concurrent.ArrayBlockingQueue.take(ArrayBlockingQueue.java:403)&#10;        at java.util.concurrent.ThreadPoolExecutor.getTask(ThreadPoolExecutor.java:1074)&#10;        at java.util.concurrent.ThreadPoolExecutor.runWorker(ThreadPoolExecutor.java:1134)&#10;        at java.util.concurrent.ThreadPoolExecutor$Worker.run(ThreadPoolExecutor.java:624)&#10;        at java.lang.Thread.run(Thread.java:748)&#10;&quot;pool-117-thread-7&quot;  prio=5 tid=1066 in Object.wait()&#10;java.lang.Thread.State: WAITING (on object monitor)&#10;        at sun.misc.Unsafe.park(Native Method)&#10;        at java.util.concurrent.locks.LockSupport.park(LockSupport.java:175)&#10;        at java.util.concurrent.locks.AbstractQueuedSynchronizer$ConditionObject.await(AbstractQueuedSynchronizer.java:2039)&#10;        at java.util.concurrent.ArrayBlockingQueue.take(ArrayBlockingQueue.java:403)&#10;        at java.util.concurrent.ThreadPoolExecutor.getTask(ThreadPoolExecutor.java:1074)&#10;        at java.util.concurrent.ThreadPoolExecutor.runWorker(ThreadPoolExecutor.java:1134)&#10;        at java.util.concurrent.ThreadPoolExecutor$Worker.run(ThreadPoolExecutor.java:624)&#10;        at java.lang.Thread.run(Thread.java:748)&#10;&quot;pool-66-thread-40&quot;  prio=5 tid=684 in Object.wait()&#10;java.lang.Thread.State: WAITING (on object monitor)&#10;        at sun.misc.Unsafe.park(Native Method)&#10;        at java.util.concurrent.locks.LockSupport.park(LockSupport.java:175)&#10;        at java.util.concurrent.locks.AbstractQueuedSynchronizer$ConditionObject.await(AbstractQueuedSynchronizer.java:2039)&#10;        at java.util.concurrent.ArrayBlockingQueue.take(ArrayBlockingQueue.java:403)&#10;        at java.util.concurrent.ThreadPoolExecutor.getTask(ThreadPoolExecutor.java:1074)&#10;        at java.util.concurrent.ThreadPoolExecutor.runWorker(ThreadPoolExecutor.java:1134)&#10;        at java.util.concurrent.ThreadPoolExecutor$Worker.run(ThreadPoolExecutor.java:624)&#10;        at java.lang.Thread.run(Thread.java:748)&#10;&quot;qtp2035381640-94&quot; daemon prio=5 tid=94 timed_waiting&#10;java.lang.Thread.State: TIMED_WAITING&#10;        at sun.misc.Unsafe.park(Native Method)&#10;        at java.util.concurrent.locks.LockSupport.parkNanos(LockSupport.java:215)&#10;        at java.util.concurrent.locks.AbstractQueuedSynchronizer$ConditionObject.awaitNanos(AbstractQueuedSynchronizer.java:2078)&#10;        at org.eclipse.jetty.util.BlockingArrayQueue.poll(BlockingArrayQueue.java:392)&#10;        at org.eclipse.jetty.util.thread.QueuedThreadPool.idleJobPoll(QueuedThreadPool.java:563)&#10;        at org.eclipse.jetty.util.thread.QueuedThreadPool.access$800(QueuedThreadPool.java:48)&#10;        at org.eclipse.jetty.util.thread.QueuedThreadPool$2.run(QueuedThreadPool.java:626)&#10;        at java.lang.Thread.run(Thread.java:748)&#10;&quot;org.apache.hadoop.util.JvmPauseMonitor$Monitor@520a1763&quot; daemon prio=5 tid=178 timed_waiting&#10;java.lang.Thread.State: TIMED_WAITING&#10;        at java.lang.Thread.sleep(Native Method)&#10;        at org.apache.hadoop.util.JvmPauseMonitor$Monitor.run(JvmPauseMonitor.java:192)&#10;        at java.lang.Thread.run(Thread.java:748)&#10;&quot;pool-76-thread-24&quot;  prio=5 tid=770 in Object.wait()&#10;java.lang.Thread.State: WAITING (on object monitor)&#10;        at sun.misc.Unsafe.park(Native Method)&#10;        at java.util.concurrent.locks.LockSupport.park(LockSupport.java:175)&#10;        at java.util.concurrent.locks.AbstractQueuedSynchronizer$ConditionObject.await(AbstractQueuedSynchronizer.java:2039)&#10;        at java.util.concurrent.ArrayBlockingQueue.take(ArrayBlockingQueue.java:403)&#10;        at java.util.concurrent.ThreadPoolExecutor.getTask(ThreadPoolExecutor.java:1074)&#10;        at java.util.concurrent.ThreadPoolExecutor.runWorker(ThreadPoolExecutor.java:1134)&#10;        at java.util.concurrent.ThreadPoolExecutor$Worker.run(ThreadPoolExecutor.java:624)&#10;        at java.lang.Thread.run(Thread.java:748)&#10;&quot;metrics-hadoop-metrics2-reporter-50-thread-1&quot; daemon prio=5 tid=1219 timed_waiting&#10;java.lang.Thread.State: TIMED_WAITING&#10;        at sun.misc.Unsafe.park(Native Method)&#10;        at java.util.concurrent.locks.LockSupport.parkNanos(LockSupport.java:215)&#10;        at java.util.concurrent.locks.AbstractQueuedSynchronizer$ConditionObject.awaitNanos(AbstractQueuedSynchronizer.java:2078)&#10;        at java.util.concurrent.ScheduledThreadPoolExecutor$DelayedWorkQueue.take(ScheduledThreadPoolExecutor.java:1093)&#10;        at java.util.concurrent.ScheduledThreadPoolExecutor$DelayedWorkQueue.take(ScheduledThreadPoolExecutor.java:809)&#10;        at java.util.concurrent.ThreadPoolExecutor.getTask(ThreadPoolExecutor.java:1074)&#10;        at java.util.concurrent.ThreadPoolExecutor.runWorker(ThreadPoolExecutor.java:1134)&#10;        at java.util.concurrent.ThreadPoolExecutor$Worker.run(ThreadPoolExecutor.java:624)&#10;        at java.lang.Thread.run(Thread.java:748)&#10;&quot;BlockDeletingService#1&quot; daemon prio=5 tid=633 in Object.wait()&#10;java.lang.Thread.State: WAITING (on object monitor)&#10;        at sun.misc.Unsafe.park(Native Method)&#10;        at java.util.concurrent.locks.LockSupport.park(LockSupport.java:175)&#10;        at java.util.concurrent.locks.AbstractQueuedSynchronizer$ConditionObject.await(AbstractQueuedSynchronizer.java:2039)&#10;        at java.util.concurrent.ScheduledThreadPoolExecutor$DelayedWorkQueue.take(ScheduledThreadPoolExecutor.java:1088)&#10;        at java.util.concurrent.ScheduledThreadPoolExecutor$DelayedWorkQueue.take(ScheduledThreadPoolExecutor.java:809)&#10;        at java.util.concurrent.ThreadPoolExecutor.getTask(ThreadPoolExecutor.java:1074)&#10;        at java.util.concurrent.ThreadPoolExecutor.runWorker(ThreadPoolExecutor.java:1134)&#10;        at java.util.concurrent.ThreadPoolExecutor$Worker.run(ThreadPoolExecutor.java:624)&#10;        at java.lang.Thread.run(Thread.java:748)&#10;&quot;pool-36-thread-31&quot;  prio=5 tid=481 in Object.wait()&#10;java.lang.Thread.State: WAITING (on object monitor)&#10;        at sun.misc.Unsafe.park(Native Method)&#10;        at java.util.concurrent.locks.LockSupport.park(LockSupport.java:175)&#10;        at java.util.concurrent.locks.AbstractQueuedSynchronizer$ConditionObject.await(AbstractQueuedSynchronizer.java:2039)&#10;        at java.util.concurrent.ArrayBlockingQueue.take(ArrayBlockingQueue.java:403)&#10;        at java.util.concurrent.ThreadPoolExecutor.getTask(ThreadPoolExecutor.java:1074)&#10;        at java.util.concurrent.ThreadPoolExecutor.runWorker(ThreadPoolExecutor.java:1134)&#10;        at java.util.concurrent.ThreadPoolExecutor$Worker.run(ThreadPoolExecutor.java:624)&#10;        at java.lang.Thread.run(Thread.java:748)&#10;&quot;pool-36-thread-10&quot;  prio=5 tid=368 in Object.wait()&#10;java.lang.Thread.State: WAITING (on object monitor)&#10;        at sun.misc.Unsafe.park(Native Method)&#10;        at java.util.concurrent.locks.LockSupport.park(LockSupport.java:175)&#10;        at java.util.concurrent.locks.AbstractQueuedSynchronizer$ConditionObject.await(AbstractQueuedSynchronizer.java:2039)&#10;        at java.util.concurrent.ArrayBlockingQueue.take(ArrayBlockingQueue.java:403)&#10;        at java.util.concurrent.ThreadPoolExecutor.getTask(ThreadPoolExecutor.java:1074)&#10;        at java.util.concurrent.ThreadPoolExecutor.runWorker(ThreadPoolExecutor.java:1134)&#10;        at java.util.concurrent.ThreadPoolExecutor$Worker.run(ThreadPoolExecutor.java:624)&#10;        at java.lang.Thread.run(Thread.java:748)&#10;&quot;Thread-364&quot; daemon prio=5 tid=1232 timed_waiting&#10;java.lang.Thread.State: TIMED_WAITING&#10;        at java.lang.Thread.sleep(Native Method)&#10;        at org.apache.ratis.util.JavaUtils.sleep(JavaUtils.java:247)&#10;        at org.apache.ratis.server.impl.FollowerState.run(FollowerState.java:97)&#10;&quot;Datanode State Machine Thread - 0&quot; daemon prio=5 tid=251 timed_waiting&#10;java.lang.Thread.State: TIMED_WAITING&#10;        at java.lang.Thread.sleep(Native Method)&#10;        at org.apache.hadoop.ozone.container.common.statemachine.DatanodeStateMachine.start(DatanodeStateMachine.java:191)&#10;        at org.apache.hadoop.ozone.container.common.statemachine.DatanodeStateMachine.lambda$startDaemon$0(DatanodeStateMachine.java:349)&#10;        at org.apache.hadoop.ozone.container.common.statemachine.DatanodeStateMachine$$Lambda$140/939829672.run(Unknown Source)&#10;        at java.lang.Thread.run(Thread.java:748)&#10;&quot;qtp934617920-593&quot; daemon prio=5 tid=593 timed_waiting&#10;java.lang.Thread.State: TIMED_WAITING&#10;        at sun.misc.Unsafe.park(Native Method)&#10;        at java.util.concurrent.locks.LockSupport.parkNanos(LockSupport.java:215)&#10;        at java.util.concurrent.locks.AbstractQueuedSynchronizer$ConditionObject.awaitNanos(AbstractQueuedSynchronizer.java:2078)&#10;        at org.eclipse.jetty.util.BlockingArrayQueue.poll(BlockingArrayQueue.java:392)&#10;        at org.eclipse.jetty.util.thread.QueuedThreadPool.idleJobPoll(QueuedThreadPool.java:563)&#10;        at org.eclipse.jetty.util.thread.QueuedThreadPool.access$800(QueuedThreadPool.java:48)&#10;        at org.eclipse.jetty.util.thread.QueuedThreadPool$2.run(QueuedThreadPool.java:626)&#10;        at java.lang.Thread.run(Thread.java:748)&#10;&quot;pool-46-thread-42&quot;  prio=5 tid=518 in Object.wait()&#10;java.lang.Thread.State: WAITING (on object monitor)&#10;        at sun.misc.Unsafe.park(Native Method)&#10;        at java.util.concurrent.locks.LockSupport.park(LockSupport.java:175)&#10;        at java.util.concurrent.locks.AbstractQueuedSynchronizer$ConditionObject.await(AbstractQueuedSynchronizer.java:2039)&#10;        at java.util.concurrent.ArrayBlockingQueue.take(ArrayBlockingQueue.java:403)&#10;        at java.util.concurrent.ThreadPoolExecutor.getTask(ThreadPoolExecutor.java:1074)&#10;        at java.util.concurrent.ThreadPoolExecutor.runWorker(ThreadPoolExecutor.java:1134)&#10;        at java.util.concurrent.ThreadPoolExecutor$Worker.run(ThreadPoolExecutor.java:624)&#10;        at java.lang.Thread.run(Thread.java:748)&#10;&quot;pool-76-thread-39&quot;  prio=5 tid=785 in Object.wait()&#10;java.lang.Thread.State: WAITING (on object monitor)&#10;        at sun.misc.Unsafe.park(Native Method)&#10;        at java.util.concurrent.locks.LockSupport.park(LockSupport.java:175)&#10;        at java.util.concurrent.locks.AbstractQueuedSynchronizer$ConditionObject.await(AbstractQueuedSynchronizer.java:2039)&#10;        at java.util.concurrent.ArrayBlockingQueue.take(ArrayBlockingQueue.java:403)&#10;        at java.util.concurrent.ThreadPoolExecutor.getTask(ThreadPoolExecutor.java:1074)&#10;        at java.util.concurrent.ThreadPoolExecutor.runWorker(ThreadPoolExecutor.java:1134)&#10;        at java.util.concurrent.ThreadPoolExecutor$Worker.run(ThreadPoolExecutor.java:624)&#10;        at java.lang.Thread.run(Thread.java:748)&#10;&quot;pool-118-thread-1&quot;  prio=5 tid=1155 in Object.wait()&#10;java.lang.Thread.State: WAITING (on object monitor)&#10;        at sun.misc.Unsafe.park(Native Method)&#10;        at java.util.concurrent.locks.LockSupport.park(LockSupport.java:175)&#10;        at java.util.concurrent.locks.AbstractQueuedSynchronizer$ConditionObject.await(AbstractQueuedSynchronizer.java:2039)&#10;        at java.util.concurrent.LinkedBlockingQueue.take(LinkedBlockingQueue.java:442)&#10;        at java.util.concurrent.ThreadPoolExecutor.getTask(ThreadPoolExecutor.java:1074)&#10;        at java.util.concurrent.ThreadPoolExecutor.runWorker(ThreadPoolExecutor.java:1134)&#10;        at java.util.concurrent.ThreadPoolExecutor$Worker.run(ThreadPoolExecutor.java:624)&#10;        at java.lang.Thread.run(Thread.java:748)&#10;&quot;pool-106-thread-23&quot;  prio=5 tid=1002 in Object.wait()&#10;java.lang.Thread.State: WAITING (on object monitor)&#10;        at sun.misc.Unsafe.park(Native Method)&#10;        at java.util.concurrent.locks.LockSupport.park(LockSupport.java:175)&#10;        at java.util.concurrent.locks.AbstractQueuedSynchronizer$ConditionObject.await(AbstractQueuedSynchronizer.java:2039)&#10;        at java.util.concurrent.ArrayBlockingQueue.take(ArrayBlockingQueue.java:403)&#10;        at java.util.concurrent.ThreadPoolExecutor.getTask(ThreadPoolExecutor.java:1074)&#10;        at java.util.concurrent.ThreadPoolExecutor.runWorker(ThreadPoolExecutor.java:1134)&#10;        at java.util.concurrent.ThreadPoolExecutor$Worker.run(ThreadPoolExecutor.java:624)&#10;        at java.lang.Thread.run(Thread.java:748)&#10;&quot;pool-26-thread-52&quot;  prio=5 tid=510 in Object.wait()&#10;java.lang.Thread.State: WAITING (on object monitor)&#10;        at sun.misc.Unsafe.park(Native Method)&#10;        at java.util.concurrent.locks.LockSupport.park(LockSupport.java:175)&#10;        at java.util.concurrent.locks.AbstractQueuedSynchronizer$ConditionObject.await(AbstractQueuedSynchronizer.java:2039)&#10;        at java.util.concurrent.ArrayBlockingQueue.take(ArrayBlockingQueue.java:403)&#10;        at java.util.concurrent.ThreadPoolExecutor.getTask(ThreadPoolExecutor.java:1074)&#10;        at java.util.concurrent.ThreadPoolExecutor.runWorker(ThreadPoolExecutor.java:1134)&#10;        at java.util.concurrent.ThreadPoolExecutor$Worker.run(ThreadPoolExecutor.java:624)&#10;        at java.lang.Thread.run(Thread.java:748)&#10;&quot;qtp2035381640-89&quot; daemon prio=5 tid=89 runnable&#10;java.lang.Thread.State: RUNNABLE&#10;        at sun.nio.ch.EPollArrayWrapper.epollWait(Native Method)&#10;        at sun.nio.ch.EPollArrayWrapper.poll(EPollArrayWrapper.java:269)&#10;        at sun.nio.ch.EPollSelectorImpl.doSelect(EPollSelectorImpl.java:93)&#10;        at sun.nio.ch.SelectorImpl.lockAndDoSelect(SelectorImpl.java:86)&#10;        at sun.nio.ch.SelectorImpl.select(SelectorImpl.java:97)&#10;        at sun.nio.ch.SelectorImpl.select(SelectorImpl.java:101)&#10;        at org.eclipse.jetty.io.ManagedSelector$SelectorProducer.select(ManagedSelector.java:243)&#10;        at org.eclipse.jetty.io.ManagedSelector$SelectorProducer.produce(ManagedSelector.java:191)&#10;        at org.eclipse.jetty.util.thread.strategy.ExecuteProduceConsume.executeProduceConsume(ExecuteProduceConsume.java:249)&#10;        at org.eclipse.jetty.util.thread.strategy.ExecuteProduceConsume.produceConsume(ExecuteProduceConsume.java:148)&#10;        at org.eclipse.jetty.util.thread.strategy.ExecuteProduceConsume.execute(ExecuteProduceConsume.java:100)&#10;        at org.eclipse.jetty.io.ManagedSelector.run(ManagedSelector.java:147)&#10;        at org.eclipse.jetty.util.thread.QueuedThreadPool.runJob(QueuedThreadPool.java:671)&#10;        at org.eclipse.jetty.util.thread.QueuedThreadPool$2.run(QueuedThreadPool.java:589)&#10;        at java.lang.Thread.run(Thread.java:748)&#10;&quot;pool-106-thread-17&quot;  prio=5 tid=996 in Object.wait()&#10;java.lang.Thread.State: WAITING (on object monitor)&#10;        at sun.misc.Unsafe.park(Native Method)&#10;        at java.util.concurrent.locks.LockSupport.park(LockSupport.java:175)&#10;        at java.util.concurrent.locks.AbstractQueuedSynchronizer$ConditionObject.await(AbstractQueuedSynchronizer.java:2039)&#10;        at java.util.concurrent.ArrayBlockingQueue.take(ArrayBlockingQueue.java:403)&#10;        at java.util.concurrent.ThreadPoolExecutor.getTask(ThreadPoolExecutor.java:1074)&#10;        at java.util.concurrent.ThreadPoolExecutor.runWorker(ThreadPoolExecutor.java:1134)&#10;        at java.util.concurrent.ThreadPoolExecutor$Worker.run(ThreadPoolExecutor.java:624)&#10;        at java.lang.Thread.run(Thread.java:748)&#10;&quot;pool-117-thread-15&quot;  prio=5 tid=1074 in Object.wait()&#10;java.lang.Thread.State: WAITING (on object monitor)&#10;        at sun.misc.Unsafe.park(Native Method)&#10;        at java.util.concurrent.locks.LockSupport.park(LockSupport.java:175)&#10;        at java.util.concurrent.locks.AbstractQueuedSynchronizer$ConditionObject.await(AbstractQueuedSynchronizer.java:2039)&#10;        at java.util.concurrent.ArrayBlockingQueue.take(ArrayBlockingQueue.java:403)&#10;        at java.util.concurrent.ThreadPoolExecutor.getTask(ThreadPoolExecutor.java:1074)&#10;        at java.util.concurrent.ThreadPoolExecutor.runWorker(ThreadPoolExecutor.java:1134)&#10;        at java.util.concurrent.ThreadPoolExecutor$Worker.run(ThreadPoolExecutor.java:624)&#10;        at java.lang.Thread.run(Thread.java:748)&#10;&quot;IPC Server listener on 39235&quot; daemon prio=5 tid=22 runnable&#10;java.lang.Thread.State: RUNNABLE&#10;        at sun.nio.ch.EPollArrayWrapper.epollWait(Native Method)&#10;        at sun.nio.ch.EPollArrayWrapper.poll(EPollArrayWrapper.java:269)&#10;        at sun.nio.ch.EPollSelectorImpl.doSelect(EPollSelectorImpl.java:93)&#10;        at sun.nio.ch.SelectorImpl.lockAndDoSelect(SelectorImpl.java:86)&#10;        at sun.nio.ch.SelectorImpl.select(SelectorImpl.java:97)&#10;        at sun.nio.ch.SelectorImpl.select(SelectorImpl.java:101)&#10;        at org.apache.hadoop.ipc.Server$Listener.run(Server.java:1159)&#10;&quot;pool-36-thread-60&quot;  prio=5 tid=582 in Object.wait()&#10;java.lang.Thread.State: WAITING (on object monitor)&#10;        at sun.misc.Unsafe.park(Native Method)&#10;        at java.util.concurrent.locks.LockSupport.park(LockSupport.java:175)&#10;        at java.util.concurrent.locks.AbstractQueuedSynchronizer$ConditionObject.await(AbstractQueuedSynchronizer.java:2039)&#10;        at java.util.concurrent.ArrayBlockingQueue.take(ArrayBlockingQueue.java:403)&#10;        at java.util.concurrent.ThreadPoolExecutor.getTask(ThreadPoolExecutor.java:1074)&#10;        at java.util.concurrent.ThreadPoolExecutor.runWorker(ThreadPoolExecutor.java:1134)&#10;        at java.util.concurrent.ThreadPoolExecutor$Worker.run(ThreadPoolExecutor.java:624)&#10;        at java.lang.Thread.run(Thread.java:748)&#10;&quot;pool-26-thread-34&quot;  prio=5 tid=450 in Object.wait()&#10;java.lang.Thread.State: WAITING (on object monitor)&#10;        at sun.misc.Unsafe.park(Native Method)&#10;        at java.util.concurrent.locks.LockSupport.park(LockSupport.java:175)&#10;        at java.util.concurrent.locks.AbstractQueuedSynchronizer$ConditionObject.await(AbstractQueuedSynchronizer.java:2039)&#10;        at java.util.concurrent.ArrayBlockingQueue.take(ArrayBlockingQueue.java:403)&#10;        at java.util.concurrent.ThreadPoolExecutor.getTask(ThreadPoolExecutor.java:1074)&#10;        at java.util.concurrent.ThreadPoolExecutor.runWorker(ThreadPoolExecutor.java:1134)&#10;        at java.util.concurrent.ThreadPoolExecutor$Worker.run(ThreadPoolExecutor.java:624)&#10;        at java.lang.Thread.run(Thread.java:748)&#10;&quot;pool-86-thread-35&quot;  prio=5 tid=853 in Object.wait()&#10;java.lang.Thread.State: WAITING (on object monitor)&#10;        at sun.misc.Unsafe.park(Native Method)&#10;        at java.util.concurrent.locks.LockSupport.park(LockSupport.java:175)&#10;        at java.util.concurrent.locks.AbstractQueuedSynchronizer$ConditionObject.await(AbstractQueuedSynchronizer.java:2039)&#10;        at java.util.concurrent.ArrayBlockingQueue.take(ArrayBlockingQueue.java:403)&#10;        at java.util.concurrent.ThreadPoolExecutor.getTask(ThreadPoolExecutor.java:1074)&#10;        at java.util.concurrent.ThreadPoolExecutor.runWorker(ThreadPoolExecutor.java:1134)&#10;        at java.util.concurrent.ThreadPoolExecutor$Worker.run(ThreadPoolExecutor.java:624)&#10;        at java.lang.Thread.run(Thread.java:748)&#10;&quot;metrics-hadoop-metrics2-reporter-51-thread-1&quot; daemon prio=5 tid=1222 timed_waiting&#10;java.lang.Thread.State: TIMED_WAITING&#10;        at sun.misc.Unsafe.park(Native Method)&#10;        at java.util.concurrent.locks.LockSupport.parkNanos(LockSupport.java:215)&#10;        at java.util.concurrent.locks.AbstractQueuedSynchronizer$ConditionObject.awaitNanos(AbstractQueuedSynchronizer.java:2078)&#10;        at java.util.concurrent.ScheduledThreadPoolExecutor$DelayedWorkQueue.take(ScheduledThreadPoolExecutor.java:1093)&#10;        at java.util.concurrent.ScheduledThreadPoolExecutor$DelayedWorkQueue.take(ScheduledThreadPoolExecutor.java:809)&#10;        at java.util.concurrent.ThreadPoolExecutor.getTask(ThreadPoolExecutor.java:1074)&#10;        at java.util.concurrent.ThreadPoolExecutor.runWorker(ThreadPoolExecutor.java:1134)&#10;        at java.util.concurrent.ThreadPoolExecutor$Worker.run(ThreadPoolExecutor.java:624)&#10;        at java.lang.Thread.run(Thread.java:748)&#10;&quot;pool-86-thread-18&quot;  prio=5 tid=836 in Object.wait()&#10;java.lang.Thread.State: WAITING (on object monitor)&#10;        at sun.misc.Unsafe.park(Native Method)&#10;        at java.util.concurrent.locks.LockSupport.park(LockSupport.java:175)&#10;        at java.util.concurrent.locks.AbstractQueuedSynchronizer$ConditionObject.await(AbstractQueuedSynchronizer.java:2039)&#10;        at java.util.concurrent.ArrayBlockingQueue.take(ArrayBlockingQueue.java:403)&#10;        at java.util.concurrent.ThreadPoolExecutor.getTask(ThreadPoolExecutor.java:1074)&#10;        at java.util.concurrent.ThreadPoolExecutor.runWorker(ThreadPoolExecutor.java:1134)&#10;        at java.util.concurrent.ThreadPoolExecutor$Worker.run(ThreadPoolExecutor.java:624)&#10;        at java.lang.Thread.run(Thread.java:748)&#10;&quot;pool-76-thread-54&quot;  prio=5 tid=800 in Object.wait()&#10;java.lang.Thread.State: WAITING (on object monitor)&#10;        at sun.misc.Unsafe.park(Native Method)&#10;        at java.util.concurrent.locks.LockSupport.park(LockSupport.java:175)&#10;        at java.util.concurrent.locks.AbstractQueuedSynchronizer$ConditionObject.await(AbstractQueuedSynchronizer.java:2039)&#10;        at java.util.concurrent.ArrayBlockingQueue.take(ArrayBlockingQueue.java:403)&#10;        at java.util.concurrent.ThreadPoolExecutor.getTask(ThreadPoolExecutor.java:1074)&#10;        at java.util.concurrent.ThreadPoolExecutor.runWorker(ThreadPoolExecutor.java:1134)&#10;        at java.util.concurrent.ThreadPoolExecutor$Worker.run(ThreadPoolExecutor.java:624)&#10;        at java.lang.Thread.run(Thread.java:748)&#10;&quot;IPC Server handler 4 on 37221&quot; daemon prio=5 tid=119 timed_waiting&#10;java.lang.Thread.State: TIMED_WAITING&#10;        at sun.misc.Unsafe.park(Native Method)&#10;        at java.util.concurrent.locks.LockSupport.parkNanos(LockSupport.java:215)&#10;        at java.util.concurrent.locks.AbstractQueuedSynchronizer$ConditionObject.awaitNanos(AbstractQueuedSynchronizer.java:2078)&#10;        at java.util.concurrent.LinkedBlockingQueue.poll(LinkedBlockingQueue.java:467)&#10;        at org.apache.hadoop.ipc.CallQueueManager.take(CallQueueManager.java:288)&#10;        at org.apache.hadoop.ipc.Server$Handler.run(Server.java:2668)&#10;&quot;IPC Server Responder&quot; daemon prio=5 tid=21 runnable&#10;java.lang.Thread.State: RUNNABLE&#10;        at sun.nio.ch.EPollArrayWrapper.epollWait(Native Method)&#10;        at sun.nio.ch.EPollArrayWrapper.poll(EPollArrayWrapper.java:269)&#10;        at sun.nio.ch.EPollSelectorImpl.doSelect(EPollSelectorImpl.java:93)&#10;        at sun.nio.ch.SelectorImpl.lockAndDoSelect(SelectorImpl.java:86)&#10;        at sun.nio.ch.SelectorImpl.select(SelectorImpl.java:97)&#10;        at org.apache.hadoop.ipc.Server$Responder.doRunLoop(Server.java:1334)&#10;        at org.apache.hadoop.ipc.Server$Responder.run(Server.java:1317)&#10;&quot;qtp318555935-192&quot; daemon prio=5 tid=192 timed_waiting&#10;java.lang.Thread.State: TIMED_WAITING&#10;        at sun.misc.Unsafe.park(Native Method)&#10;        at java.util.concurrent.locks.LockSupport.parkNanos(LockSupport.java:215)&#10;        at java.util.concurrent.locks.AbstractQueuedSynchronizer$ConditionObject.awaitNanos(AbstractQueuedSynchronizer.java:2078)&#10;        at org.eclipse.jetty.util.BlockingArrayQueue.poll(BlockingArrayQueue.java:392)&#10;        at org.eclipse.jetty.util.thread.QueuedThreadPool.idleJobPoll(QueuedThreadPool.java:563)&#10;        at org.eclipse.jetty.util.thread.QueuedThreadPool.access$800(QueuedThreadPool.java:48)&#10;        at org.eclipse.jetty.util.thread.QueuedThreadPool$2.run(QueuedThreadPool.java:626)&#10;        at java.lang.Thread.run(Thread.java:748)&#10;&quot;pool-56-thread-26&quot;  prio=5 tid=443 in Object.wait()&#10;java.lang.Thread.State: WAITING (on object monitor)&#10;        at sun.misc.Unsafe.park(Native Method)&#10;        at java.util.concurrent.locks.LockSupport.park(LockSupport.java:175)&#10;        at java.util.concurrent.locks.AbstractQueuedSynchronizer$ConditionObject.await(AbstractQueuedSynchronizer.java:2039)&#10;        at java.util.concurrent.ArrayBlockingQueue.take(ArrayBlockingQueue.java:403)&#10;        at java.util.concurrent.ThreadPoolExecutor.getTask(ThreadPoolExecutor.java:1074)&#10;        at java.util.concurrent.ThreadPoolExecutor.runWorker(ThreadPoolExecutor.java:1134)&#10;        at java.util.concurrent.ThreadPoolExecutor$Worker.run(ThreadPoolExecutor.java:624)&#10;        at java.lang.Thread.run(Thread.java:748)&#10;&quot;pool-36-thread-56&quot;  prio=5 tid=571 in Object.wait()&#10;java.lang.Thread.State: WAITING (on object monitor)&#10;        at sun.misc.Unsafe.park(Native Method)&#10;        at java.util.concurrent.locks.LockSupport.park(LockSupport.java:175)&#10;        at java.util.concurrent.locks.AbstractQueuedSynchronizer$ConditionObject.await(AbstractQueuedSynchronizer.java:2039)&#10;        at java.util.concurrent.ArrayBlockingQueue.take(ArrayBlockingQueue.java:403)&#10;        at java.util.concurrent.ThreadPoolExecutor.getTask(ThreadPoolExecutor.java:1074)&#10;        at java.util.concurrent.ThreadPoolExecutor.runWorker(ThreadPoolExecutor.java:1134)&#10;        at java.util.concurrent.ThreadPoolExecutor$Worker.run(ThreadPoolExecutor.java:624)&#10;        at java.lang.Thread.run(Thread.java:748)&#10;&quot;pool-106-thread-13&quot;  prio=5 tid=992 in Object.wait()&#10;java.lang.Thread.State: WAITING (on object monitor)&#10;        at sun.misc.Unsafe.park(Native Method)&#10;        at java.util.concurrent.locks.LockSupport.park(LockSupport.java:175)&#10;        at java.util.concurrent.locks.AbstractQueuedSynchronizer$ConditionObject.await(AbstractQueuedSynchronizer.java:2039)&#10;        at java.util.concurrent.ArrayBlockingQueue.take(ArrayBlockingQueue.java:403)&#10;        at java.util.concurrent.ThreadPoolExecutor.getTask(ThreadPoolExecutor.java:1074)&#10;        at java.util.concurrent.ThreadPoolExecutor.runWorker(ThreadPoolExecutor.java:1134)&#10;        at java.util.concurrent.ThreadPoolExecutor$Worker.run(ThreadPoolExecutor.java:624)&#10;        at java.lang.Thread.run(Thread.java:748)&#10;&quot;qtp1977508673-294&quot; daemon prio=5 tid=294 runnable&#10;java.lang.Thread.State: RUNNABLE&#10;        at sun.nio.ch.EPollArrayWrapper.epollWait(Native Method)&#10;        at sun.nio.ch.EPollArrayWrapper.poll(EPollArrayWrapper.java:269)&#10;        at sun.nio.ch.EPollSelectorImpl.doSelect(EPollSelectorImpl.java:93)&#10;        at sun.nio.ch.SelectorImpl.lockAndDoSelect(SelectorImpl.java:86)&#10;        at sun.nio.ch.SelectorImpl.select(SelectorImpl.java:97)&#10;        at sun.nio.ch.SelectorImpl.select(SelectorImpl.java:101)&#10;        at org.eclipse.jetty.io.ManagedSelector$SelectorProducer.select(ManagedSelector.java:243)&#10;        at org.eclipse.jetty.io.ManagedSelector$SelectorProducer.produce(ManagedSelector.java:191)&#10;        at org.eclipse.jetty.util.thread.strategy.ExecuteProduceConsume.executeProduceConsume(ExecuteProduceConsume.java:249)&#10;        at org.eclipse.jetty.util.thread.strategy.ExecuteProduceConsume.produceConsume(ExecuteProduceConsume.java:148)&#10;        at org.eclipse.jetty.util.thread.strategy.ExecuteProduceConsume.execute(ExecuteProduceConsume.java:100)&#10;        at org.eclipse.jetty.io.ManagedSelector.run(ManagedSelector.java:147)&#10;        at org.eclipse.jetty.util.thread.QueuedThreadPool.runJob(QueuedThreadPool.java:671)&#10;        at org.eclipse.jetty.util.thread.QueuedThreadPool$2.run(QueuedThreadPool.java:589)&#10;        at java.lang.Thread.run(Thread.java:748)&#10;&quot;refreshUsed-/workdir/hadoop-ozone/integration-test/target/test-dir/MiniOzoneClusterImpl-fc727f2e-e877-4159-90ff-4473a18561dc/datanode-7/data/containers&quot; daemon prio=5 tid=586 timed_waiting&#10;java.lang.Thread.State: TIMED_WAITING&#10;        at java.lang.Thread.sleep(Native Method)&#10;        at org.apache.hadoop.fs.CachingGetSpaceUsed$RefreshThread.run(CachingGetSpaceUsed.java:179)&#10;        at java.lang.Thread.run(Thread.java:748)&#10;&quot;pool-56-thread-49&quot;  prio=5 tid=535 in Object.wait()&#10;java.lang.Thread.State: WAITING (on object monitor)&#10;        at sun.misc.Unsafe.park(Native Method)&#10;        at java.util.concurrent.locks.LockSupport.park(LockSupport.java:175)&#10;        at java.util.concurrent.locks.AbstractQueuedSynchronizer$ConditionObject.await(AbstractQueuedSynchronizer.java:2039)&#10;        at java.util.concurrent.ArrayBlockingQueue.take(ArrayBlockingQueue.java:403)&#10;        at java.util.concurrent.ThreadPoolExecutor.getTask(ThreadPoolExecutor.java:1074)&#10;        at java.util.concurrent.ThreadPoolExecutor.runWorker(ThreadPoolExecutor.java:1134)&#10;        at java.util.concurrent.ThreadPoolExecutor$Worker.run(ThreadPoolExecutor.java:624)&#10;        at java.lang.Thread.run(Thread.java:748)&#10;&quot;pool-86-thread-17&quot;  prio=5 tid=835 in Object.wait()&#10;java.lang.Thread.State: WAITING (on object monitor)&#10;        at sun.misc.Unsafe.park(Native Method)&#10;        at java.util.concurrent.locks.LockSupport.park(LockSupport.java:175)&#10;        at java.util.concurrent.locks.AbstractQueuedSynchronizer$ConditionObject.await(AbstractQueuedSynchronizer.java:2039)&#10;        at java.util.concurrent.ArrayBlockingQueue.take(ArrayBlockingQueue.java:403)&#10;        at java.util.concurrent.ThreadPoolExecutor.getTask(ThreadPoolExecutor.java:1074)&#10;        at java.util.concurrent.ThreadPoolExecutor.runWorker(ThreadPoolExecutor.java:1134)&#10;        at java.util.concurrent.ThreadPoolExecutor$Worker.run(ThreadPoolExecutor.java:624)&#10;        at java.lang.Thread.run(Thread.java:748)&#10;&quot;IPC Server handler 11 on 37221&quot; daemon prio=5 tid=126 timed_waiting&#10;java.lang.Thread.State: TIMED_WAITING&#10;        at sun.misc.Unsafe.park(Native Method)&#10;        at java.util.concurrent.locks.LockSupport.parkNanos(LockSupport.java:215)&#10;        at java.util.concurrent.locks.AbstractQueuedSynchronizer$ConditionObject.awaitNanos(AbstractQueuedSynchronizer.java:2078)&#10;        at java.util.concurrent.LinkedBlockingQueue.poll(LinkedBlockingQueue.java:467)&#10;        at org.apache.hadoop.ipc.CallQueueManager.take(CallQueueManager.java:288)&#10;        at org.apache.hadoop.ipc.Server$Handler.run(Server.java:2668)&#10;&quot;BlockDeletingService#1&quot; daemon prio=5 tid=808 in Object.wait()&#10;java.lang.Thread.State: WAITING (on object monitor)&#10;        at sun.misc.Unsafe.park(Native Method)&#10;        at java.util.concurrent.locks.LockSupport.park(LockSupport.java:175)&#10;        at java.util.concurrent.locks.AbstractQueuedSynchronizer$ConditionObject.await(AbstractQueuedSynchronizer.java:2039)&#10;        at java.util.concurrent.ScheduledThreadPoolExecutor$DelayedWorkQueue.take(ScheduledThreadPoolExecutor.java:1088)&#10;        at java.util.concurrent.ScheduledThreadPoolExecutor$DelayedWorkQueue.take(ScheduledThreadPoolExecutor.java:809)&#10;        at java.util.concurrent.ThreadPoolExecutor.getTask(ThreadPoolExecutor.java:1074)&#10;        at java.util.concurrent.ThreadPoolExecutor.runWorker(ThreadPoolExecutor.java:1134)&#10;        at java.util.concurrent.ThreadPoolExecutor$Worker.run(ThreadPoolExecutor.java:624)&#10;        at java.lang.Thread.run(Thread.java:748)&#10;&quot;metrics-hadoop-metrics2-reporter-65-thread-1&quot; daemon prio=5 tid=1361 timed_waiting&#10;java.lang.Thread.State: TIMED_WAITING&#10;        at sun.misc.Unsafe.park(Native Method)&#10;        at java.util.concurrent.locks.LockSupport.parkNanos(LockSupport.java:215)&#10;        at java.util.concurrent.locks.AbstractQueuedSynchronizer$ConditionObject.awaitNanos(AbstractQueuedSynchronizer.java:2078)&#10;        at java.util.concurrent.ScheduledThreadPoolExecutor$DelayedWorkQueue.take(ScheduledThreadPoolExecutor.java:1093)&#10;        at java.util.concurrent.ScheduledThreadPoolExecutor$DelayedWorkQueue.take(ScheduledThreadPoolExecutor.java:809)&#10;        at java.util.concurrent.ThreadPoolExecutor.getTask(ThreadPoolExecutor.java:1074)&#10;        at java.util.concurrent.ThreadPoolExecutor.runWorker(ThreadPoolExecutor.java:1134)&#10;        at java.util.concurrent.ThreadPoolExecutor$Worker.run(ThreadPoolExecutor.java:624)&#10;        at java.lang.Thread.run(Thread.java:748)&#10;&quot;IPC Server handler 18 on 40878&quot; daemon prio=5 tid=67 timed_waiting&#10;java.lang.Thread.State: TIMED_WAITING&#10;        at sun.misc.Unsafe.park(Native Method)&#10;        at java.util.concurrent.locks.LockSupport.parkNanos(LockSupport.java:215)&#10;        at java.util.concurrent.locks.AbstractQueuedSynchronizer$ConditionObject.awaitNanos(AbstractQueuedSynchronizer.java:2078)&#10;        at java.util.concurrent.LinkedBlockingQueue.poll(LinkedBlockingQueue.java:467)&#10;        at org.apache.hadoop.ipc.CallQueueManager.take(CallQueueManager.java:288)&#10;        at org.apache.hadoop.ipc.Server$Handler.run(Server.java:2668)&#10;&quot;pool-26-thread-49&quot;  prio=5 tid=502 in Object.wait()&#10;java.lang.Thread.State: WAITING (on object monitor)&#10;        at sun.misc.Unsafe.park(Native Method)&#10;        at java.util.concurrent.locks.LockSupport.park(LockSupport.java:175)&#10;        at java.util.concurrent.locks.AbstractQueuedSynchronizer$ConditionObject.await(AbstractQueuedSynchronizer.java:2039)&#10;        at java.util.concurrent.ArrayBlockingQueue.take(ArrayBlockingQueue.java:403)&#10;        at java.util.concurrent.ThreadPoolExecutor.getTask(ThreadPoolExecutor.java:1074)&#10;        at java.util.concurrent.ThreadPoolExecutor.runWorker(ThreadPoolExecutor.java:1134)&#10;        at java.util.concurrent.ThreadPoolExecutor$Worker.run(ThreadPoolExecutor.java:624)&#10;        at java.lang.Thread.run(Thread.java:748)&#10;&quot;pool-56-thread-46&quot;  prio=5 tid=527 in Object.wait()&#10;java.lang.Thread.State: WAITING (on object monitor)&#10;        at sun.misc.Unsafe.park(Native Method)&#10;        at java.util.concurrent.locks.LockSupport.park(LockSupport.java:175)&#10;        at java.util.concurrent.locks.AbstractQueuedSynchronizer$ConditionObject.await(AbstractQueuedSynchronizer.java:2039)&#10;        at java.util.concurrent.ArrayBlockingQueue.take(ArrayBlockingQueue.java:403)&#10;        at java.util.concurrent.ThreadPoolExecutor.getTask(ThreadPoolExecutor.java:1074)&#10;        at java.util.concurrent.ThreadPoolExecutor.runWorker(ThreadPoolExecutor.java:1134)&#10;        at java.util.concurrent.ThreadPoolExecutor$Worker.run(ThreadPoolExecutor.java:624)&#10;        at java.lang.Thread.run(Thread.java:748)&#10;&quot;qtp303805531-217&quot; daemon prio=5 tid=217 timed_waiting&#10;java.lang.Thread.State: TIMED_WAITING&#10;        at sun.misc.Unsafe.park(Native Method)&#10;        at java.util.concurrent.locks.LockSupport.parkNanos(LockSupport.java:215)&#10;        at java.util.concurrent.locks.AbstractQueuedSynchronizer$ConditionObject.awaitNanos(AbstractQueuedSynchronizer.java:2078)&#10;        at org.eclipse.jetty.util.BlockingArrayQueue.poll(BlockingArrayQueue.java:392)&#10;        at org.eclipse.jetty.util.thread.QueuedThreadPool.idleJobPoll(QueuedThreadPool.java:563)&#10;        at org.eclipse.jetty.util.thread.QueuedThreadPool.access$800(QueuedThreadPool.java:48)&#10;        at org.eclipse.jetty.util.thread.QueuedThreadPool$2.run(QueuedThreadPool.java:626)&#10;        at java.lang.Thread.run(Thread.java:748)&#10;&quot;pool-66-thread-7&quot;  prio=5 tid=644 in Object.wait()&#10;java.lang.Thread.State: WAITING (on object monitor)&#10;        at sun.misc.Unsafe.park(Native Method)&#10;        at java.util.concurrent.locks.LockSupport.park(LockSupport.java:175)&#10;        at java.util.concurrent.locks.AbstractQueuedSynchronizer$ConditionObject.await(AbstractQueuedSynchronizer.java:2039)&#10;        at java.util.concurrent.ArrayBlockingQueue.take(ArrayBlockingQueue.java:403)&#10;        at java.util.concurrent.ThreadPoolExecutor.getTask(ThreadPoolExecutor.java:1074)&#10;        at java.util.concurrent.ThreadPoolExecutor.runWorker(ThreadPoolExecutor.java:1134)&#10;        at java.util.concurrent.ThreadPoolExecutor$Worker.run(ThreadPoolExecutor.java:624)&#10;        at java.lang.Thread.run(Thread.java:748)&#10;&quot;BlockDeletingService#0&quot; daemon prio=5 tid=630 timed_waiting&#10;java.lang.Thread.State: TIMED_WAITING&#10;        at sun.misc.Unsafe.park(Native Method)&#10;        at java.util.concurrent.locks.LockSupport.parkNanos(LockSupport.java:215)&#10;        at java.util.concurrent.locks.AbstractQueuedSynchronizer$ConditionObject.awaitNanos(AbstractQueuedSynchronizer.java:2078)&#10;        at java.util.concurrent.ScheduledThreadPoolExecutor$DelayedWorkQueue.take(ScheduledThreadPoolExecutor.java:1093)&#10;        at java.util.concurrent.ScheduledThreadPoolExecutor$DelayedWorkQueue.take(ScheduledThreadPoolExecutor.java:809)&#10;        at java.util.concurrent.ThreadPoolExecutor.getTask(ThreadPoolExecutor.java:1074)&#10;        at java.util.concurrent.ThreadPoolExecutor.runWorker(ThreadPoolExecutor.java:1134)&#10;        at java.util.concurrent.ThreadPoolExecutor$Worker.run(ThreadPoolExecutor.java:624)&#10;        at java.lang.Thread.run(Thread.java:748)&#10;&quot;org.apache.ratis.server.impl.LogAppender$AppenderDaemon$$Lambda$565/1288450225@49f93bf9&quot; daemon prio=5 tid=1288 timed_waiting&#10;java.lang.Thread.State: TIMED_WAITING&#10;        at java.lang.Object.wait(Native Method)&#10;        at org.apache.ratis.grpc.server.GrpcLogAppender.mayWait(GrpcLogAppender.java:141)&#10;        at org.apache.ratis.grpc.server.GrpcLogAppender.runAppenderImpl(GrpcLogAppender.java:95)&#10;        at org.apache.ratis.server.impl.LogAppender$AppenderDaemon.run(LogAppender.java:76)&#10;        at org.apache.ratis.server.impl.LogAppender$AppenderDaemon$$Lambda$565/1288450225.run(Unknown Source)&#10;        at java.lang.Thread.run(Thread.java:748)&#10;&quot;pool-86-thread-58&quot;  prio=5 tid=876 in Object.wait()&#10;java.lang.Thread.State: WAITING (on object monitor)&#10;        at sun.misc.Unsafe.park(Native Method)&#10;        at java.util.concurrent.locks.LockSupport.park(LockSupport.java:175)&#10;        at java.util.concurrent.locks.AbstractQueuedSynchronizer$ConditionObject.await(AbstractQueuedSynchronizer.java:2039)&#10;        at java.util.concurrent.ArrayBlockingQueue.take(ArrayBlockingQueue.java:403)&#10;        at java.util.concurrent.ThreadPoolExecutor.getTask(ThreadPoolExecutor.java:1074)&#10;        at java.util.concurrent.ThreadPoolExecutor.runWorker(ThreadPoolExecutor.java:1134)&#10;        at java.util.concurrent.ThreadPoolExecutor$Worker.run(ThreadPoolExecutor.java:624)&#10;        at java.lang.Thread.run(Thread.java:748)&#10;&quot;qtp1977508673-300&quot; daemon prio=5 tid=300 timed_waiting&#10;java.lang.Thread.State: TIMED_WAITING&#10;        at sun.misc.Unsafe.park(Native Method)&#10;        at java.util.concurrent.locks.LockSupport.parkNanos(LockSupport.java:215)&#10;        at java.util.concurrent.locks.AbstractQueuedSynchronizer$ConditionObject.awaitNanos(AbstractQueuedSynchronizer.java:2078)&#10;        at org.eclipse.jetty.util.BlockingArrayQueue.poll(BlockingArrayQueue.java:392)&#10;        at org.eclipse.jetty.util.thread.QueuedThreadPool.idleJobPoll(QueuedThreadPool.java:563)&#10;        at org.eclipse.jetty.util.thread.QueuedThreadPool.access$800(QueuedThreadPool.java:48)&#10;        at org.eclipse.jetty.util.thread.QueuedThreadPool$2.run(QueuedThreadPool.java:626)&#10;        at java.lang.Thread.run(Thread.java:748)&#10;&quot;pool-56-thread-42&quot;  prio=5 tid=501 in Object.wait()&#10;java.lang.Thread.State: WAITING (on object monitor)&#10;        at sun.misc.Unsafe.park(Native Method)&#10;        at java.util.concurrent.locks.LockSupport.park(LockSupport.java:175)&#10;        at java.util.concurrent.locks.AbstractQueuedSynchronizer$ConditionObject.await(AbstractQueuedSynchronizer.java:2039)&#10;        at java.util.concurrent.ArrayBlockingQueue.take(ArrayBlockingQueue.java:403)&#10;        at java.util.concurrent.ThreadPoolExecutor.getTask(ThreadPoolExecutor.java:1074)&#10;        at java.util.concurrent.ThreadPoolExecutor.runWorker(ThreadPoolExecutor.java:1134)&#10;        at java.util.concurrent.ThreadPoolExecutor$Worker.run(ThreadPoolExecutor.java:624)&#10;        at java.lang.Thread.run(Thread.java:748)&#10;&quot;org.eclipse.jetty.server.session.HashSessionManager@5a1c3cb4Timer&quot; daemon prio=5 tid=276 timed_waiting&#10;java.lang.Thread.State: TIMED_WAITING&#10;        at sun.misc.Unsafe.park(Native Method)&#10;        at java.util.concurrent.locks.LockSupport.parkNanos(LockSupport.java:215)&#10;        at java.util.concurrent.locks.AbstractQueuedSynchronizer$ConditionObject.awaitNanos(AbstractQueuedSynchronizer.java:2078)&#10;        at java.util.concurrent.ScheduledThreadPoolExecutor$DelayedWorkQueue.take(ScheduledThreadPoolExecutor.java:1093)&#10;        at java.util.concurrent.ScheduledThreadPoolExecutor$DelayedWorkQueue.take(ScheduledThreadPoolExecutor.java:809)&#10;        at java.util.concurrent.ThreadPoolExecutor.getTask(ThreadPoolExecutor.java:1074)&#10;        at java.util.concurrent.ThreadPoolExecutor.runWorker(ThreadPoolExecutor.java:1134)&#10;        at java.util.concurrent.ThreadPoolExecutor$Worker.run(ThreadPoolExecutor.java:624)&#10;        at java.lang.Thread.run(Thread.java:748)&#10;&quot;pool-117-thread-5&quot;  prio=5 tid=1064 in Object.wait()&#10;java.lang.Thread.State: WAITING (on object monitor)&#10;        at sun.misc.Unsafe.park(Native Method)&#10;        at java.util.concurrent.locks.LockSupport.park(LockSupport.java:175)&#10;        at java.util.concurrent.locks.AbstractQueuedSynchronizer$ConditionObject.await(AbstractQueuedSynchronizer.java:2039)&#10;        at java.util.concurrent.ArrayBlockingQueue.take(ArrayBlockingQueue.java:403)&#10;        at java.util.concurrent.ThreadPoolExecutor.getTask(ThreadPoolExecutor.java:1074)&#10;        at java.util.concurrent.ThreadPoolExecutor.runWorker(ThreadPoolExecutor.java:1134)&#10;        at java.util.concurrent.ThreadPoolExecutor$Worker.run(ThreadPoolExecutor.java:624)&#10;        at java.lang.Thread.run(Thread.java:748)&#10;&quot;pool-70-thread-1&quot;  prio=5 tid=266 timed_waiting&#10;java.lang.Thread.State: TIMED_WAITING&#10;        at sun.misc.Unsafe.park(Native Method)&#10;        at java.util.concurrent.locks.LockSupport.parkNanos(LockSupport.java:215)&#10;        at java.util.concurrent.locks.AbstractQueuedSynchronizer$ConditionObject.awaitNanos(AbstractQueuedSynchronizer.java:2078)&#10;        at java.util.concurrent.ScheduledThreadPoolExecutor$DelayedWorkQueue.take(ScheduledThreadPoolExecutor.java:1093)&#10;        at java.util.concurrent.ScheduledThreadPoolExecutor$DelayedWorkQueue.take(ScheduledThreadPoolExecutor.java:809)&#10;        at java.util.concurrent.ThreadPoolExecutor.getTask(ThreadPoolExecutor.java:1074)&#10;        at java.util.concurrent.ThreadPoolExecutor.runWorker(ThreadPoolExecutor.java:1134)&#10;        at java.util.concurrent.ThreadPoolExecutor$Worker.run(ThreadPoolExecutor.java:624)&#10;        at java.lang.Thread.run(Thread.java:748)&#10;&quot;Datanode State Machine Thread - 0&quot; daemon prio=5 tid=197 timed_waiting&#10;java.lang.Thread.State: TIMED_WAITING&#10;        at java.lang.Thread.sleep(Native Method)&#10;        at org.apache.hadoop.ozone.container.common.statemachine.DatanodeStateMachine.start(DatanodeStateMachine.java:191)&#10;        at org.apache.hadoop.ozone.container.common.statemachine.DatanodeStateMachine.lambda$startDaemon$0(DatanodeStateMachine.java:349)&#10;        at org.apache.hadoop.ozone.container.common.statemachine.DatanodeStateMachine$$Lambda$140/939829672.run(Unknown Source)&#10;        at java.lang.Thread.run(Thread.java:748)&#10;&quot;pool-26-thread-17&quot;  prio=5 tid=391 in Object.wait()&#10;java.lang.Thread.State: WAITING (on object monitor)&#10;        at sun.misc.Unsafe.park(Native Method)&#10;        at java.util.concurrent.locks.LockSupport.park(LockSupport.java:175)&#10;        at java.util.concurrent.locks.AbstractQueuedSynchronizer$ConditionObject.await(AbstractQueuedSynchronizer.java:2039)&#10;        at java.util.concurrent.ArrayBlockingQueue.take(ArrayBlockingQueue.java:403)&#10;        at java.util.concurrent.ThreadPoolExecutor.getTask(ThreadPoolExecutor.java:1074)&#10;        at java.util.concurrent.ThreadPoolExecutor.runWorker(ThreadPoolExecutor.java:1134)&#10;        at java.util.concurrent.ThreadPoolExecutor$Worker.run(ThreadPoolExecutor.java:624)&#10;        at java.lang.Thread.run(Thread.java:748)&#10;&quot;IPC Server handler 16 on 39235&quot; daemon prio=5 tid=45 timed_waiting&#10;java.lang.Thread.State: TIMED_WAITING&#10;        at sun.misc.Unsafe.park(Native Method)&#10;        at java.util.concurrent.locks.LockSupport.parkNanos(LockSupport.java:215)&#10;        at java.util.concurrent.locks.AbstractQueuedSynchronizer$ConditionObject.awaitNanos(AbstractQueuedSynchronizer.java:2078)&#10;        at java.util.concurrent.LinkedBlockingQueue.poll(LinkedBlockingQueue.java:467)&#10;        at org.apache.hadoop.ipc.CallQueueManager.take(CallQueueManager.java:288)&#10;        at org.apache.hadoop.ipc.Server$Handler.run(Server.java:2668)&#10;&quot;Socket Reader #1 for port 37838&quot;  prio=5 tid=15 runnable&#10;java.lang.Thread.State: RUNNABLE&#10;        at sun.nio.ch.EPollArrayWrapper.epollWait(Native Method)&#10;        at sun.nio.ch.EPollArrayWrapper.poll(EPollArrayWrapper.java:269)&#10;        at sun.nio.ch.EPollSelectorImpl.doSelect(EPollSelectorImpl.java:93)&#10;        at sun.nio.ch.SelectorImpl.lockAndDoSelect(SelectorImpl.java:86)&#10;        at sun.nio.ch.SelectorImpl.select(SelectorImpl.java:97)&#10;        at sun.nio.ch.SelectorImpl.select(SelectorImpl.java:101)&#10;        at org.apache.hadoop.ipc.Server$Listener$Reader.doRunLoop(Server.java:1097)&#10;        at org.apache.hadoop.ipc.Server$Listener$Reader.run(Server.java:1076)&#10;&quot;pool-117-thread-58&quot;  prio=5 tid=1117 in Object.wait()&#10;java.lang.Thread.State: WAITING (on object monitor)&#10;        at sun.misc.Unsafe.park(Native Method)&#10;        at java.util.concurrent.locks.LockSupport.park(LockSupport.java:175)&#10;        at java.util.concurrent.locks.AbstractQueuedSynchronizer$ConditionObject.await(AbstractQueuedSynchronizer.java:2039)&#10;        at java.util.concurrent.ArrayBlockingQueue.take(ArrayBlockingQueue.java:403)&#10;        at java.util.concurrent.ThreadPoolExecutor.getTask(ThreadPoolExecutor.java:1074)&#10;        at java.util.concurrent.ThreadPoolExecutor.runWorker(ThreadPoolExecutor.java:1134)&#10;        at java.util.concurrent.ThreadPoolExecutor$Worker.run(ThreadPoolExecutor.java:624)&#10;        at java.lang.Thread.run(Thread.java:748)&#10;&quot;pool-117-thread-47&quot;  prio=5 tid=1106 in Object.wait()&#10;java.lang.Thread.State: WAITING (on object monitor)&#10;        at sun.misc.Unsafe.park(Native Method)&#10;        at java.util.concurrent.locks.LockSupport.park(LockSupport.java:175)&#10;        at java.util.concurrent.locks.AbstractQueuedSynchronizer$ConditionObject.await(AbstractQueuedSynchronizer.java:2039)&#10;        at java.util.concurrent.ArrayBlockingQueue.take(ArrayBlockingQueue.java:403)&#10;        at java.util.concurrent.ThreadPoolExecutor.getTask(ThreadPoolExecutor.java:1074)&#10;        at java.util.concurrent.ThreadPoolExecutor.runWorker(ThreadPoolExecutor.java:1134)&#10;        at java.util.concurrent.ThreadPoolExecutor$Worker.run(ThreadPoolExecutor.java:624)&#10;        at java.lang.Thread.run(Thread.java:748)&#10;&quot;pool-96-thread-40&quot;  prio=5 tid=922 in Object.wait()&#10;java.lang.Thread.State: WAITING (on object monitor)&#10;        at sun.misc.Unsafe.park(Native Method)&#10;        at java.util.concurrent.locks.LockSupport.park(LockSupport.java:175)&#10;        at java.util.concurrent.locks.AbstractQueuedSynchronizer$ConditionObject.await(AbstractQueuedSynchronizer.java:2039)&#10;        at java.util.concurrent.ArrayBlockingQueue.take(ArrayBlockingQueue.java:403)&#10;        at java.util.concurrent.ThreadPoolExecutor.getTask(ThreadPoolExecutor.java:1074)&#10;        at java.util.concurrent.ThreadPoolExecutor.runWorker(ThreadPoolExecutor.java:1134)&#10;        at java.util.concurrent.ThreadPoolExecutor$Worker.run(ThreadPoolExecutor.java:624)&#10;        at java.lang.Thread.run(Thread.java:748)&#10;&quot;pool-46-thread-19&quot;  prio=5 tid=395 in Object.wait()&#10;java.lang.Thread.State: WAITING (on object monitor)&#10;        at sun.misc.Unsafe.park(Native Method)&#10;        at java.util.concurrent.locks.LockSupport.park(LockSupport.java:175)&#10;        at java.util.concurrent.locks.AbstractQueuedSynchronizer$ConditionObject.await(AbstractQueuedSynchronizer.java:2039)&#10;        at java.util.concurrent.ArrayBlockingQueue.take(ArrayBlockingQueue.java:403)&#10;        at java.util.concurrent.ThreadPoolExecutor.getTask(ThreadPoolExecutor.java:1074)&#10;        at java.util.concurrent.ThreadPoolExecutor.runWorker(ThreadPoolExecutor.java:1134)&#10;        at java.util.concurrent.ThreadPoolExecutor$Worker.run(ThreadPoolExecutor.java:624)&#10;        at java.lang.Thread.run(Thread.java:748)&#10;&quot;DataNode DiskChecker thread 0&quot; daemon prio=5 tid=155 timed_waiting&#10;java.lang.Thread.State: TIMED_WAITING&#10;        at sun.misc.Unsafe.park(Native Method)&#10;        at java.util.concurrent.locks.LockSupport.parkNanos(LockSupport.java:215)&#10;        at java.util.concurrent.SynchronousQueue$TransferStack.awaitFulfill(SynchronousQueue.java:460)&#10;        at java.util.concurrent.SynchronousQueue$TransferStack.transfer(SynchronousQueue.java:362)&#10;        at java.util.concurrent.SynchronousQueue.poll(SynchronousQueue.java:941)&#10;        at java.util.concurrent.ThreadPoolExecutor.getTask(ThreadPoolExecutor.java:1073)&#10;        at java.util.concurrent.ThreadPoolExecutor.runWorker(ThreadPoolExecutor.java:1134)&#10;        at java.util.concurrent.ThreadPoolExecutor$Worker.run(ThreadPoolExecutor.java:624)&#10;        at java.lang.Thread.run(Thread.java:748)&#10;&quot;RatisApplyTransactionExecutor 1&quot; daemon prio=5 tid=1255 in Object.wait()&#10;java.lang.Thread.State: WAITING (on object monitor)&#10;        at sun.misc.Unsafe.park(Native Method)&#10;        at java.util.concurrent.locks.LockSupport.park(LockSupport.java:175)&#10;        at java.util.concurrent.locks.AbstractQueuedSynchronizer$ConditionObject.await(AbstractQueuedSynchronizer.java:2039)&#10;        at java.util.concurrent.LinkedBlockingQueue.take(LinkedBlockingQueue.java:442)&#10;        at java.util.concurrent.ThreadPoolExecutor.getTask(ThreadPoolExecutor.java:1074)&#10;        at java.util.concurrent.ThreadPoolExecutor.runWorker(ThreadPoolExecutor.java:1134)&#10;        at java.util.concurrent.ThreadPoolExecutor$Worker.run(ThreadPoolExecutor.java:624)&#10;        at java.lang.Thread.run(Thread.java:748)&#10;&quot;Datanode ReportManager Thread - 1&quot; daemon prio=5 tid=253 timed_waiting&#10;java.lang.Thread.State: TIMED_WAITING&#10;        at sun.misc.Unsafe.park(Native Method)&#10;        at java.util.concurrent.locks.LockSupport.parkNanos(LockSupport.java:215)&#10;        at java.util.concurrent.locks.AbstractQueuedSynchronizer$ConditionObject.awaitNanos(AbstractQueuedSynchronizer.java:2078)&#10;        at java.util.concurrent.ScheduledThreadPoolExecutor$DelayedWorkQueue.take(ScheduledThreadPoolExecutor.java:1093)&#10;        at java.util.concurrent.ScheduledThreadPoolExecutor$DelayedWorkQueue.take(ScheduledThreadPoolExecutor.java:809)&#10;        at java.util.concurrent.ThreadPoolExecutor.getTask(ThreadPoolExecutor.java:1074)&#10;        at java.util.concurrent.ThreadPoolExecutor.runWorker(ThreadPoolExecutor.java:1134)&#10;        at java.util.concurrent.ThreadPoolExecutor$Worker.run(ThreadPoolExecutor.java:624)&#10;        at java.lang.Thread.run(Thread.java:748)&#10;&quot;pool-106-thread-20&quot;  prio=5 tid=999 in Object.wait()&#10;java.lang.Thread.State: WAITING (on object monitor)&#10;        at sun.misc.Unsafe.park(Native Method)&#10;        at java.util.concurrent.locks.LockSupport.park(LockSupport.java:175)&#10;        at java.util.concurrent.locks.AbstractQueuedSynchronizer$ConditionObject.await(AbstractQueuedSynchronizer.java:2039)&#10;        at java.util.concurrent.ArrayBlockingQueue.take(ArrayBlockingQueue.java:403)&#10;        at java.util.concurrent.ThreadPoolExecutor.getTask(ThreadPoolExecutor.java:1074)&#10;        at java.util.concurrent.ThreadPoolExecutor.runWorker(ThreadPoolExecutor.java:1134)&#10;        at java.util.concurrent.ThreadPoolExecutor$Worker.run(ThreadPoolExecutor.java:624)&#10;        at java.lang.Thread.run(Thread.java:748)&#10;&quot;IPC Server handler 11 on 40878&quot; daemon prio=5 tid=60 timed_waiting&#10;java.lang.Thread.State: TIMED_WAITING&#10;        at sun.misc.Unsafe.park(Native Method)&#10;        at java.util.concurrent.locks.LockSupport.parkNanos(LockSupport.java:215)&#10;        at java.util.concurrent.locks.AbstractQueuedSynchronizer$ConditionObject.awaitNanos(AbstractQueuedSynchronizer.java:2078)&#10;        at java.util.concurrent.LinkedBlockingQueue.poll(LinkedBlockingQueue.java:467)&#10;        at org.apache.hadoop.ipc.CallQueueManager.take(CallQueueManager.java:288)&#10;        at org.apache.hadoop.ipc.Server$Handler.run(Server.java:2668)&#10;&quot;Thread-420&quot; daemon prio=5 tid=1297 timed_waiting&#10;java.lang.Thread.State: TIMED_WAITING&#10;        at java.lang.Thread.sleep(Native Method)&#10;        at org.apache.ratis.util.JavaUtils.sleep(JavaUtils.java:247)&#10;        at org.apache.ratis.server.impl.FollowerState.run(FollowerState.java:97)&#10;&quot;pool-96-thread-26&quot;  prio=5 tid=908 in Object.wait()&#10;java.lang.Thread.State: WAITING (on object monitor)&#10;        at sun.misc.Unsafe.park(Native Method)&#10;        at java.util.concurrent.locks.LockSupport.park(LockSupport.java:175)&#10;        at java.util.concurrent.locks.AbstractQueuedSynchronizer$ConditionObject.await(AbstractQueuedSynchronizer.java:2039)&#10;        at java.util.concurrent.ArrayBlockingQueue.take(ArrayBlockingQueue.java:403)&#10;        at java.util.concurrent.ThreadPoolExecutor.getTask(ThreadPoolExecutor.java:1074)&#10;        at java.util.concurrent.ThreadPoolExecutor.runWorker(ThreadPoolExecutor.java:1134)&#10;        at java.util.concurrent.ThreadPoolExecutor$Worker.run(ThreadPoolExecutor.java:624)&#10;        at java.lang.Thread.run(Thread.java:748)&#10;&quot;BlockDeletingService#0&quot; daemon prio=5 tid=632 timed_waiting&#10;java.lang.Thread.State: TIMED_WAITING&#10;        at sun.misc.Unsafe.park(Native Method)&#10;        at java.util.concurrent.locks.LockSupport.parkNanos(LockSupport.java:215)&#10;        at java.util.concurrent.locks.AbstractQueuedSynchronizer$ConditionObject.awaitNanos(AbstractQueuedSynchronizer.java:2078)&#10;        at java.util.concurrent.ScheduledThreadPoolExecutor$DelayedWorkQueue.take(ScheduledThreadPoolExecutor.java:1093)&#10;        at java.util.concurrent.ScheduledThreadPoolExecutor$DelayedWorkQueue.take(ScheduledThreadPoolExecutor.java:809)&#10;        at java.util.concurrent.ThreadPoolExecutor.getTask(ThreadPoolExecutor.java:1074)&#10;        at java.util.concurrent.ThreadPoolExecutor.runWorker(ThreadPoolExecutor.java:1134)&#10;        at java.util.concurrent.ThreadPoolExecutor$Worker.run(ThreadPoolExecutor.java:624)&#10;        at java.lang.Thread.run(Thread.java:748)&#10;&quot;pool-117-thread-55&quot;  prio=5 tid=1114 in Object.wait()&#10;java.lang.Thread.State: WAITING (on object monitor)&#10;        at sun.misc.Unsafe.park(Native Method)&#10;        at java.util.concurrent.locks.LockSupport.park(LockSupport.java:175)&#10;        at java.util.concurrent.locks.AbstractQueuedSynchronizer$ConditionObject.await(AbstractQueuedSynchronizer.java:2039)&#10;        at java.util.concurrent.ArrayBlockingQueue.take(ArrayBlockingQueue.java:403)&#10;        at java.util.concurrent.ThreadPoolExecutor.getTask(ThreadPoolExecutor.java:1074)&#10;        at java.util.concurrent.ThreadPoolExecutor.runWorker(ThreadPoolExecutor.java:1134)&#10;        at java.util.concurrent.ThreadPoolExecutor$Worker.run(ThreadPoolExecutor.java:624)&#10;        at java.lang.Thread.run(Thread.java:748)&#10;&quot;IPC Server idle connection scanner for port 39235&quot; daemon prio=5 tid=24 timed_waiting&#10;java.lang.Thread.State: TIMED_WAITING&#10;        at java.lang.Object.wait(Native Method)&#10;        at java.util.TimerThread.mainLoop(Timer.java:552)&#10;        at java.util.TimerThread.run(Timer.java:505)&#10;&quot;pool-46-thread-31&quot;  prio=5 tid=461 in Object.wait()&#10;java.lang.Thread.State: WAITING (on object monitor)&#10;        at sun.misc.Unsafe.park(Native Method)&#10;        at java.util.concurrent.locks.LockSupport.park(LockSupport.java:175)&#10;        at java.util.concurrent.locks.AbstractQueuedSynchronizer$ConditionObject.await(AbstractQueuedSynchronizer.java:2039)&#10;        at java.util.concurrent.ArrayBlockingQueue.take(ArrayBlockingQueue.java:403)&#10;        at java.util.concurrent.ThreadPoolExecutor.getTask(ThreadPoolExecutor.java:1074)&#10;        at java.util.concurrent.ThreadPoolExecutor.runWorker(ThreadPoolExecutor.java:1134)&#10;        at java.util.concurrent.ThreadPoolExecutor$Worker.run(ThreadPoolExecutor.java:624)&#10;        at java.lang.Thread.run(Thread.java:748)&#10;&quot;org.apache.ratis.server.impl.LogAppender$AppenderDaemon$$Lambda$565/1288450225@436a861a&quot; daemon prio=5 tid=1236 timed_waiting&#10;java.lang.Thread.State: TIMED_WAITING&#10;        at java.lang.Object.wait(Native Method)&#10;        at org.apache.ratis.grpc.server.GrpcLogAppender.mayWait(GrpcLogAppender.java:141)&#10;        at org.apache.ratis.grpc.server.GrpcLogAppender.runAppenderImpl(GrpcLogAppender.java:95)&#10;        at org.apache.ratis.server.impl.LogAppender$AppenderDaemon.run(LogAppender.java:76)&#10;        at org.apache.ratis.server.impl.LogAppender$AppenderDaemon$$Lambda$565/1288450225.run(Unknown Source)&#10;        at java.lang.Thread.run(Thread.java:748)&#10;&quot;pool-117-thread-45&quot;  prio=5 tid=1104 in Object.wait()&#10;java.lang.Thread.State: WAITING (on object monitor)&#10;        at sun.misc.Unsafe.park(Native Method)&#10;        at java.util.concurrent.locks.LockSupport.park(LockSupport.java:175)&#10;        at java.util.concurrent.locks.AbstractQueuedSynchronizer$ConditionObject.await(AbstractQueuedSynchronizer.java:2039)&#10;        at java.util.concurrent.ArrayBlockingQueue.take(ArrayBlockingQueue.java:403)&#10;        at java.util.concurrent.ThreadPoolExecutor.getTask(ThreadPoolExecutor.java:1074)&#10;        at java.util.concurrent.ThreadPoolExecutor.runWorker(ThreadPoolExecutor.java:1134)&#10;        at java.util.concurrent.ThreadPoolExecutor$Worker.run(ThreadPoolExecutor.java:624)&#10;        at java.lang.Thread.run(Thread.java:748)&#10;&quot;pool-46-thread-49&quot;  prio=5 tid=552 in Object.wait()&#10;java.lang.Thread.State: WAITING (on object monitor)&#10;        at sun.misc.Unsafe.park(Native Method)&#10;        at java.util.concurrent.locks.LockSupport.park(LockSupport.java:175)&#10;        at java.util.concurrent.locks.AbstractQueuedSynchronizer$ConditionObject.await(AbstractQueuedSynchronizer.java:2039)&#10;        at java.util.concurrent.ArrayBlockingQueue.take(ArrayBlockingQueue.java:403)&#10;        at java.util.concurrent.ThreadPoolExecutor.getTask(ThreadPoolExecutor.java:1074)&#10;        at java.util.concurrent.ThreadPoolExecutor.runWorker(ThreadPoolExecutor.java:1134)&#10;        at java.util.concurrent.ThreadPoolExecutor$Worker.run(ThreadPoolExecutor.java:624)&#10;        at java.lang.Thread.run(Thread.java:748)&#10;&quot;pool-56-thread-47&quot;  prio=5 tid=529 in Object.wait()&#10;java.lang.Thread.State: WAITING (on object monitor)&#10;        at sun.misc.Unsafe.park(Native Method)&#10;        at java.util.concurrent.locks.LockSupport.park(LockSupport.java:175)&#10;        at java.util.concurrent.locks.AbstractQueuedSynchronizer$ConditionObject.await(AbstractQueuedSynchronizer.java:2039)&#10;        at java.util.concurrent.ArrayBlockingQueue.take(ArrayBlockingQueue.java:403)&#10;        at java.util.concurrent.ThreadPoolExecutor.getTask(ThreadPoolExecutor.java:1074)&#10;        at java.util.concurrent.ThreadPoolExecutor.runWorker(ThreadPoolExecutor.java:1134)&#10;        at java.util.concurrent.ThreadPoolExecutor$Worker.run(ThreadPoolExecutor.java:624)&#10;        at java.lang.Thread.run(Thread.java:748)&#10;&quot;IPC Server handler 6 on 39235&quot; daemon prio=5 tid=35 timed_waiting&#10;java.lang.Thread.State: TIMED_WAITING&#10;        at sun.misc.Unsafe.park(Native Method)&#10;        at java.util.concurrent.locks.LockSupport.parkNanos(LockSupport.java:215)&#10;        at java.util.concurrent.locks.AbstractQueuedSynchronizer$ConditionObject.awaitNanos(AbstractQueuedSynchronizer.java:2078)&#10;        at java.util.concurrent.LinkedBlockingQueue.poll(LinkedBlockingQueue.java:467)&#10;        at org.apache.hadoop.ipc.CallQueueManager.take(CallQueueManager.java:288)&#10;        at org.apache.hadoop.ipc.Server$Handler.run(Server.java:2668)&#10;&quot;pool-117-thread-31&quot;  prio=5 tid=1090 in Object.wait()&#10;java.lang.Thread.State: WAITING (on object monitor)&#10;        at sun.misc.Unsafe.park(Native Method)&#10;        at java.util.concurrent.locks.LockSupport.park(LockSupport.java:175)&#10;        at java.util.concurrent.locks.AbstractQueuedSynchronizer$ConditionObject.await(AbstractQueuedSynchronizer.java:2039)&#10;        at java.util.concurrent.ArrayBlockingQueue.take(ArrayBlockingQueue.java:403)&#10;        at java.util.concurrent.ThreadPoolExecutor.getTask(ThreadPoolExecutor.java:1074)&#10;        at java.util.concurrent.ThreadPoolExecutor.runWorker(ThreadPoolExecutor.java:1134)&#10;        at java.util.concurrent.ThreadPoolExecutor$Worker.run(ThreadPoolExecutor.java:624)&#10;        at java.lang.Thread.run(Thread.java:748)&#10;&quot;pool-46-thread-50&quot;  prio=5 tid=557 in Object.wait()&#10;java.lang.Thread.State: WAITING (on object monitor)&#10;        at sun.misc.Unsafe.park(Native Method)&#10;        at java.util.concurrent.locks.LockSupport.park(LockSupport.java:175)&#10;        at java.util.concurrent.locks.AbstractQueuedSynchronizer$ConditionObject.await(AbstractQueuedSynchronizer.java:2039)&#10;        at java.util.concurrent.ArrayBlockingQueue.take(ArrayBlockingQueue.java:403)&#10;        at java.util.concurrent.ThreadPoolExecutor.getTask(ThreadPoolExecutor.java:1074)&#10;        at java.util.concurrent.ThreadPoolExecutor.runWorker(ThreadPoolExecutor.java:1134)&#10;        at java.util.concurrent.ThreadPoolExecutor$Worker.run(ThreadPoolExecutor.java:624)&#10;        at java.lang.Thread.run(Thread.java:748)&#10;&quot;pool-106-thread-54&quot;  prio=5 tid=1033 in Object.wait()&#10;java.lang.Thread.State: WAITING (on object monitor)&#10;        at sun.misc.Unsafe.park(Native Method)&#10;        at java.util.concurrent.locks.LockSupport.park(LockSupport.java:175)&#10;        at java.util.concurrent.locks.AbstractQueuedSynchronizer$ConditionObject.await(AbstractQueuedSynchronizer.java:2039)&#10;        at java.util.concurrent.ArrayBlockingQueue.take(ArrayBlockingQueue.java:403)&#10;        at java.util.concurrent.ThreadPoolExecutor.getTask(ThreadPoolExecutor.java:1074)&#10;        at java.util.concurrent.ThreadPoolExecutor.runWorker(ThreadPoolExecutor.java:1134)&#10;        at java.util.concurrent.ThreadPoolExecutor$Worker.run(ThreadPoolExecutor.java:624)&#10;        at java.lang.Thread.run(Thread.java:748)&#10;&quot;pool-66-thread-28&quot;  prio=5 tid=665 in Object.wait()&#10;java.lang.Thread.State: WAITING (on object monitor)&#10;        at sun.misc.Unsafe.park(Native Method)&#10;        at java.util.concurrent.locks.LockSupport.park(LockSupport.java:175)&#10;        at java.util.concurrent.locks.AbstractQueuedSynchronizer$ConditionObject.await(AbstractQueuedSynchronizer.java:2039)&#10;        at java.util.concurrent.ArrayBlockingQueue.take(ArrayBlockingQueue.java:403)&#10;        at java.util.concurrent.ThreadPoolExecutor.getTask(ThreadPoolExecutor.java:1074)&#10;        at java.util.concurrent.ThreadPoolExecutor.runWorker(ThreadPoolExecutor.java:1134)&#10;        at java.util.concurrent.ThreadPoolExecutor$Worker.run(ThreadPoolExecutor.java:624)&#10;        at java.lang.Thread.run(Thread.java:748)&#10;&quot;qtp1977508673-299&quot; daemon prio=5 tid=299 timed_waiting&#10;java.lang.Thread.State: TIMED_WAITING&#10;        at sun.misc.Unsafe.park(Native Method)&#10;        at java.util.concurrent.locks.LockSupport.parkNanos(LockSupport.java:215)&#10;        at java.util.concurrent.locks.AbstractQueuedSynchronizer$ConditionObject.awaitNanos(AbstractQueuedSynchronizer.java:2078)&#10;        at org.eclipse.jetty.util.BlockingArrayQueue.poll(BlockingArrayQueue.java:392)&#10;        at org.eclipse.jetty.util.thread.QueuedThreadPool.idleJobPoll(QueuedThreadPool.java:563)&#10;        at org.eclipse.jetty.util.thread.QueuedThreadPool.access$800(QueuedThreadPool.java:48)&#10;        at org.eclipse.jetty.util.thread.QueuedThreadPool$2.run(QueuedThreadPool.java:626)&#10;        at java.lang.Thread.run(Thread.java:748)&#10;&quot;pool-26-thread-55&quot;  prio=5 tid=523 in Object.wait()&#10;java.lang.Thread.State: WAITING (on object monitor)&#10;        at sun.misc.Unsafe.park(Native Method)&#10;        at java.util.concurrent.locks.LockSupport.park(LockSupport.java:175)&#10;        at java.util.concurrent.locks.AbstractQueuedSynchronizer$ConditionObject.await(AbstractQueuedSynchronizer.java:2039)&#10;        at java.util.concurrent.ArrayBlockingQueue.take(ArrayBlockingQueue.java:403)&#10;        at java.util.concurrent.ThreadPoolExecutor.getTask(ThreadPoolExecutor.java:1074)&#10;        at java.util.concurrent.ThreadPoolExecutor.runWorker(ThreadPoolExecutor.java:1134)&#10;        at java.util.concurrent.ThreadPoolExecutor$Worker.run(ThreadPoolExecutor.java:624)&#10;        at java.lang.Thread.run(Thread.java:748)&#10;&quot;pool-66-thread-18&quot;  prio=5 tid=655 in Object.wait()&#10;java.lang.Thread.State: WAITING (on object monitor)&#10;        at sun.misc.Unsafe.park(Native Method)&#10;        at java.util.concurrent.locks.LockSupport.park(LockSupport.java:175)&#10;        at java.util.concurrent.locks.AbstractQueuedSynchronizer$ConditionObject.await(AbstractQueuedSynchronizer.java:2039)&#10;        at java.util.concurrent.ArrayBlockingQueue.take(ArrayBlockingQueue.java:403)&#10;        at java.util.concurrent.ThreadPoolExecutor.getTask(ThreadPoolExecutor.java:1074)&#10;        at java.util.concurrent.ThreadPoolExecutor.runWorker(ThreadPoolExecutor.java:1134)&#10;        at java.util.concurrent.ThreadPoolExecutor$Worker.run(ThreadPoolExecutor.java:624)&#10;        at java.lang.Thread.run(Thread.java:748)&#10;&quot;metrics-hadoop-metrics2-reporter-41-thread-1&quot; daemon prio=5 tid=1175 timed_waiting&#10;java.lang.Thread.State: TIMED_WAITING&#10;        at sun.misc.Unsafe.park(Native Method)&#10;        at java.util.concurrent.locks.LockSupport.parkNanos(LockSupport.java:215)&#10;        at java.util.concurrent.locks.AbstractQueuedSynchronizer$ConditionObject.awaitNanos(AbstractQueuedSynchronizer.java:2078)&#10;        at java.util.concurrent.ScheduledThreadPoolExecutor$DelayedWorkQueue.take(ScheduledThreadPoolExecutor.java:1093)&#10;        at java.util.concurrent.ScheduledThreadPoolExecutor$DelayedWorkQueue.take(ScheduledThreadPoolExecutor.java:809)&#10;        at java.util.concurrent.ThreadPoolExecutor.getTask(ThreadPoolExecutor.java:1074)&#10;        at java.util.concurrent.ThreadPoolExecutor.runWorker(ThreadPoolExecutor.java:1134)&#10;        at java.util.concurrent.ThreadPoolExecutor$Worker.run(ThreadPoolExecutor.java:624)&#10;        at java.lang.Thread.run(Thread.java:748)&#10;&quot;Datanode ReportManager Thread - 2&quot; daemon prio=5 tid=200 in Object.wait()&#10;java.lang.Thread.State: WAITING (on object monitor)&#10;        at sun.misc.Unsafe.park(Native Method)&#10;        at java.util.concurrent.locks.LockSupport.park(LockSupport.java:175)&#10;        at java.util.concurrent.locks.AbstractQueuedSynchronizer$ConditionObject.await(AbstractQueuedSynchronizer.java:2039)&#10;        at java.util.concurrent.ScheduledThreadPoolExecutor$DelayedWorkQueue.take(ScheduledThreadPoolExecutor.java:1088)&#10;        at java.util.concurrent.ScheduledThreadPoolExecutor$DelayedWorkQueue.take(ScheduledThreadPoolExecutor.java:809)&#10;        at java.util.concurrent.ThreadPoolExecutor.getTask(ThreadPoolExecutor.java:1074)&#10;        at java.util.concurrent.ThreadPoolExecutor.runWorker(ThreadPoolExecutor.java:1134)&#10;        at java.util.concurrent.ThreadPoolExecutor$Worker.run(ThreadPoolExecutor.java:624)&#10;        at java.lang.Thread.run(Thread.java:748)&#10;&quot;pool-56-thread-56&quot;  prio=5 tid=564 in Object.wait()&#10;java.lang.Thread.State: WAITING (on object monitor)&#10;        at sun.misc.Unsafe.park(Native Method)&#10;        at java.util.concurrent.locks.LockSupport.park(LockSupport.java:175)&#10;        at java.util.concurrent.locks.AbstractQueuedSynchronizer$ConditionObject.await(AbstractQueuedSynchronizer.java:2039)&#10;        at java.util.concurrent.ArrayBlockingQueue.take(ArrayBlockingQueue.java:403)&#10;        at java.util.concurrent.ThreadPoolExecutor.getTask(ThreadPoolExecutor.java:1074)&#10;        at java.util.concurrent.ThreadPoolExecutor.runWorker(ThreadPoolExecutor.java:1134)&#10;        at java.util.concurrent.ThreadPoolExecutor$Worker.run(ThreadPoolExecutor.java:624)&#10;        at java.lang.Thread.run(Thread.java:748)&#10;&quot;pool-26-thread-1&quot;  prio=5 tid=328 in Object.wait()&#10;java.lang.Thread.State: WAITING (on object monitor)&#10;        at sun.misc.Unsafe.park(Native Method)&#10;        at java.util.concurrent.locks.LockSupport.park(LockSupport.java:175)&#10;        at java.util.concurrent.locks.AbstractQueuedSynchronizer$ConditionObject.await(AbstractQueuedSynchronizer.java:2039)&#10;        at java.util.concurrent.ArrayBlockingQueue.take(ArrayBlockingQueue.java:403)&#10;        at java.util.concurrent.ThreadPoolExecutor.getTask(ThreadPoolExecutor.java:1074)&#10;        at java.util.concurrent.ThreadPoolExecutor.runWorker(ThreadPoolExecutor.java:1134)&#10;        at java.util.concurrent.ThreadPoolExecutor$Worker.run(ThreadPoolExecutor.java:624)&#10;        at java.lang.Thread.run(Thread.java:748)&#10;&quot;pool-96-thread-18&quot;  prio=5 tid=900 in Object.wait()&#10;java.lang.Thread.State: WAITING (on object monitor)&#10;        at sun.misc.Unsafe.park(Native Method)&#10;        at java.util.concurrent.locks.LockSupport.park(LockSupport.java:175)&#10;        at java.util.concurrent.locks.AbstractQueuedSynchronizer$ConditionObject.await(AbstractQueuedSynchronizer.java:2039)&#10;        at java.util.concurrent.ArrayBlockingQueue.take(ArrayBlockingQueue.java:403)&#10;        at java.util.concurrent.ThreadPoolExecutor.getTask(ThreadPoolExecutor.java:1074)&#10;        at java.util.concurrent.ThreadPoolExecutor.runWorker(ThreadPoolExecutor.java:1134)&#10;        at java.util.concurrent.ThreadPoolExecutor$Worker.run(ThreadPoolExecutor.java:624)&#10;        at java.lang.Thread.run(Thread.java:748)&#10;&quot;pool-36-thread-37&quot;  prio=5 tid=504 in Object.wait()&#10;java.lang.Thread.State: WAITING (on object monitor)&#10;        at sun.misc.Unsafe.park(Native Method)&#10;        at java.util.concurrent.locks.LockSupport.park(LockSupport.java:175)&#10;        at java.util.concurrent.locks.AbstractQueuedSynchronizer$ConditionObject.await(AbstractQueuedSynchronizer.java:2039)&#10;        at java.util.concurrent.ArrayBlockingQueue.take(ArrayBlockingQueue.java:403)&#10;        at java.util.concurrent.ThreadPoolExecutor.getTask(ThreadPoolExecutor.java:1074)&#10;        at java.util.concurrent.ThreadPoolExecutor.runWorker(ThreadPoolExecutor.java:1134)&#10;        at java.util.concurrent.ThreadPoolExecutor$Worker.run(ThreadPoolExecutor.java:624)&#10;        at java.lang.Thread.run(Thread.java:748)&#10;&quot;pool-117-thread-10&quot;  prio=5 tid=1069 in Object.wait()&#10;java.lang.Thread.State: WAITING (on object monitor)&#10;        at sun.misc.Unsafe.park(Native Method)&#10;        at java.util.concurrent.locks.LockSupport.park(LockSupport.java:175)&#10;        at java.util.concurrent.locks.AbstractQueuedSynchronizer$ConditionObject.await(AbstractQueuedSynchronizer.java:2039)&#10;        at java.util.concurrent.ArrayBlockingQueue.take(ArrayBlockingQueue.java:403)&#10;        at java.util.concurrent.ThreadPoolExecutor.getTask(ThreadPoolExecutor.java:1074)&#10;        at java.util.concurrent.ThreadPoolExecutor.runWorker(ThreadPoolExecutor.java:1134)&#10;        at java.util.concurrent.ThreadPoolExecutor$Worker.run(ThreadPoolExecutor.java:624)&#10;        at java.lang.Thread.run(Thread.java:748)&#10;&quot;Command processor thread&quot; daemon prio=5 tid=283 timed_waiting&#10;java.lang.Thread.State: TIMED_WAITING&#10;        at java.lang.Thread.sleep(Native Method)&#10;        at org.apache.hadoop.ozone.container.common.statemachine.DatanodeStateMachine.lambda$initCommandHandlerThread$1(DatanodeStateMachine.java:439)&#10;        at org.apache.hadoop.ozone.container.common.statemachine.DatanodeStateMachine$$Lambda$141/1487479796.run(Unknown Source)&#10;        at java.lang.Thread.run(Thread.java:748)&#10;&quot;pool-94-thread-1&quot; daemon prio=5 tid=588 timed_waiting&#10;java.lang.Thread.State: TIMED_WAITING&#10;        at sun.misc.Unsafe.park(Native Method)&#10;        at java.util.concurrent.locks.LockSupport.parkNanos(LockSupport.java:215)&#10;        at java.util.concurrent.locks.AbstractQueuedSynchronizer$ConditionObject.awaitNanos(AbstractQueuedSynchronizer.java:2078)&#10;        at java.util.concurrent.ScheduledThreadPoolExecutor$DelayedWorkQueue.take(ScheduledThreadPoolExecutor.java:1093)&#10;        at java.util.concurrent.ScheduledThreadPoolExecutor$DelayedWorkQueue.take(ScheduledThreadPoolExecutor.java:809)&#10;        at java.util.concurrent.ThreadPoolExecutor.getTask(ThreadPoolExecutor.java:1074)&#10;        at java.util.concurrent.ThreadPoolExecutor.runWorker(ThreadPoolExecutor.java:1134)&#10;        at java.util.concurrent.ThreadPoolExecutor$Worker.run(ThreadPoolExecutor.java:624)&#10;        at java.lang.Thread.run(Thread.java:748)&#10;&quot;IPC Server handler 19 on 37221&quot; daemon prio=5 tid=134 timed_waiting&#10;java.lang.Thread.State: TIMED_WAITING&#10;        at sun.misc.Unsafe.park(Native Method)&#10;        at java.util.concurrent.locks.LockSupport.parkNanos(LockSupport.java:215)&#10;        at java.util.concurrent.locks.AbstractQueuedSynchronizer$ConditionObject.awaitNanos(AbstractQueuedSynchronizer.java:2078)&#10;        at java.util.concurrent.LinkedBlockingQueue.poll(LinkedBlockingQueue.java:467)&#10;        at org.apache.hadoop.ipc.CallQueueManager.take(CallQueueManager.java:288)&#10;        at org.apache.hadoop.ipc.Server$Handler.run(Server.java:2668)&#10;&quot;IPC Server handler 15 on 39235&quot; daemon prio=5 tid=44 timed_waiting&#10;java.lang.Thread.State: TIMED_WAITING&#10;        at sun.misc.Unsafe.park(Native Method)&#10;        at java.util.concurrent.locks.LockSupport.parkNanos(LockSupport.java:215)&#10;        at java.util.concurrent.locks.AbstractQueuedSynchronizer$ConditionObject.awaitNanos(AbstractQueuedSynchronizer.java:2078)&#10;        at java.util.concurrent.LinkedBlockingQueue.poll(LinkedBlockingQueue.java:467)&#10;        at org.apache.hadoop.ipc.CallQueueManager.take(CallQueueManager.java:288)&#10;        at org.apache.hadoop.ipc.Server$Handler.run(Server.java:2668)&#10;&quot;DataNode DiskChecker thread 0&quot; daemon prio=5 tid=263 timed_waiting&#10;java.lang.Thread.State: TIMED_WAITING&#10;        at sun.misc.Unsafe.park(Native Method)&#10;        at java.util.concurrent.locks.LockSupport.parkNanos(LockSupport.java:215)&#10;        at java.util.concurrent.SynchronousQueue$TransferStack.awaitFulfill(SynchronousQueue.java:460)&#10;        at java.util.concurrent.SynchronousQueue$TransferStack.transfer(SynchronousQueue.java:362)&#10;        at java.util.concurrent.SynchronousQueue.poll(SynchronousQueue.java:941)&#10;        at java.util.concurrent.ThreadPoolExecutor.getTask(ThreadPoolExecutor.java:1073)&#10;        at java.util.concurrent.ThreadPoolExecutor.runWorker(ThreadPoolExecutor.java:1134)&#10;        at java.util.concurrent.ThreadPoolExecutor$Worker.run(ThreadPoolExecutor.java:624)&#10;        at java.lang.Thread.run(Thread.java:748)&#10;&quot;pool-117-thread-50&quot;  prio=5 tid=1109 in Object.wait()&#10;java.lang.Thread.State: WAITING (on object monitor)&#10;        at sun.misc.Unsafe.park(Native Method)&#10;        at java.util.concurrent.locks.LockSupport.park(LockSupport.java:175)&#10;        at java.util.concurrent.locks.AbstractQueuedSynchronizer$ConditionObject.await(AbstractQueuedSynchronizer.java:2039)&#10;        at java.util.concurrent.ArrayBlockingQueue.take(ArrayBlockingQueue.java:403)&#10;        at java.util.concurrent.ThreadPoolExecutor.getTask(ThreadPoolExecutor.java:1074)&#10;        at java.util.concurrent.ThreadPoolExecutor.runWorker(ThreadPoolExecutor.java:1134)&#10;        at java.util.concurrent.ThreadPoolExecutor$Worker.run(ThreadPoolExecutor.java:624)&#10;        at java.lang.Thread.run(Thread.java:748)&#10;&quot;pool-76-thread-8&quot;  prio=5 tid=754 in Object.wait()&#10;java.lang.Thread.State: WAITING (on object monitor)&#10;        at sun.misc.Unsafe.park(Native Method)&#10;        at java.util.concurrent.locks.LockSupport.park(LockSupport.java:175)&#10;        at java.util.concurrent.locks.AbstractQueuedSynchronizer$ConditionObject.await(AbstractQueuedSynchronizer.java:2039)&#10;        at java.util.concurrent.ArrayBlockingQueue.take(ArrayBlockingQueue.java:403)&#10;        at java.util.concurrent.ThreadPoolExecutor.getTask(ThreadPoolExecutor.java:1074)&#10;        at java.util.concurrent.ThreadPoolExecutor.runWorker(ThreadPoolExecutor.java:1134)&#10;        at java.util.concurrent.ThreadPoolExecutor$Worker.run(ThreadPoolExecutor.java:624)&#10;        at java.lang.Thread.run(Thread.java:748)&#10;&quot;pool-36-thread-36&quot;  prio=5 tid=499 in Object.wait()&#10;java.lang.Thread.State: WAITING (on object monitor)&#10;        at sun.misc.Unsafe.park(Native Method)&#10;        at java.util.concurrent.locks.LockSupport.park(LockSupport.java:175)&#10;        at java.util.concurrent.locks.AbstractQueuedSynchronizer$ConditionObject.await(AbstractQueuedSynchronizer.java:2039)&#10;        at java.util.concurrent.ArrayBlockingQueue.take(ArrayBlockingQueue.java:403)&#10;        at java.util.concurrent.ThreadPoolExecutor.getTask(ThreadPoolExecutor.java:1074)&#10;        at java.util.concurrent.ThreadPoolExecutor.runWorker(ThreadPoolExecutor.java:1134)&#10;        at java.util.concurrent.ThreadPoolExecutor$Worker.run(ThreadPoolExecutor.java:624)&#10;        at java.lang.Thread.run(Thread.java:748)&#10;&quot;Datanode ReportManager Thread - 3&quot; daemon prio=5 tid=312 in Object.wait()&#10;java.lang.Thread.State: WAITING (on object monitor)&#10;        at sun.misc.Unsafe.park(Native Method)&#10;        at java.util.concurrent.locks.LockSupport.park(LockSupport.java:175)&#10;        at java.util.concurrent.locks.AbstractQueuedSynchronizer$ConditionObject.await(AbstractQueuedSynchronizer.java:2039)&#10;        at java.util.concurrent.ScheduledThreadPoolExecutor$DelayedWorkQueue.take(ScheduledThreadPoolExecutor.java:1088)&#10;        at java.util.concurrent.ScheduledThreadPoolExecutor$DelayedWorkQueue.take(ScheduledThreadPoolExecutor.java:809)&#10;        at java.util.concurrent.ThreadPoolExecutor.getTask(ThreadPoolExecutor.java:1074)&#10;        at java.util.concurrent.ThreadPoolExecutor.runWorker(ThreadPoolExecutor.java:1134)&#10;        at java.util.concurrent.ThreadPoolExecutor$Worker.run(ThreadPoolExecutor.java:624)&#10;        at java.lang.Thread.run(Thread.java:748)&#10;&quot;pool-96-thread-13&quot;  prio=5 tid=895 in Object.wait()&#10;java.lang.Thread.State: WAITING (on object monitor)&#10;        at sun.misc.Unsafe.park(Native Method)&#10;        at java.util.concurrent.locks.LockSupport.park(LockSupport.java:175)&#10;        at java.util.concurrent.locks.AbstractQueuedSynchronizer$ConditionObject.await(AbstractQueuedSynchronizer.java:2039)&#10;        at java.util.concurrent.ArrayBlockingQueue.take(ArrayBlockingQueue.java:403)&#10;        at java.util.concurrent.ThreadPoolExecutor.getTask(ThreadPoolExecutor.java:1074)&#10;        at java.util.concurrent.ThreadPoolExecutor.runWorker(ThreadPoolExecutor.java:1134)&#10;        at java.util.concurrent.ThreadPoolExecutor$Worker.run(ThreadPoolExecutor.java:624)&#10;        at java.lang.Thread.run(Thread.java:748)&#10;&quot;metrics-hadoop-metrics2-reporter-63-thread-1&quot; daemon prio=5 tid=1330 timed_waiting&#10;java.lang.Thread.State: TIMED_WAITING&#10;        at sun.misc.Unsafe.park(Native Method)&#10;        at java.util.concurrent.locks.LockSupport.parkNanos(LockSupport.java:215)&#10;        at java.util.concurrent.locks.AbstractQueuedSynchronizer$ConditionObject.awaitNanos(AbstractQueuedSynchronizer.java:2078)&#10;        at java.util.concurrent.ScheduledThreadPoolExecutor$DelayedWorkQueue.take(ScheduledThreadPoolExecutor.java:1093)&#10;        at java.util.concurrent.ScheduledThreadPoolExecutor$DelayedWorkQueue.take(ScheduledThreadPoolExecutor.java:809)&#10;        at java.util.concurrent.ThreadPoolExecutor.getTask(ThreadPoolExecutor.java:1074)&#10;        at java.util.concurrent.ThreadPoolExecutor.runWorker(ThreadPoolExecutor.java:1134)&#10;        at java.util.concurrent.ThreadPoolExecutor$Worker.run(ThreadPoolExecutor.java:624)&#10;        at java.lang.Thread.run(Thread.java:748)&#10;&quot;pool-117-thread-34&quot;  prio=5 tid=1093 in Object.wait()&#10;java.lang.Thread.State: WAITING (on object monitor)&#10;        at sun.misc.Unsafe.park(Native Method)&#10;        at java.util.concurrent.locks.LockSupport.park(LockSupport.java:175)&#10;        at java.util.concurrent.locks.AbstractQueuedSynchronizer$ConditionObject.await(AbstractQueuedSynchronizer.java:2039)&#10;        at java.util.concurrent.ArrayBlockingQueue.take(ArrayBlockingQueue.java:403)&#10;        at java.util.concurrent.ThreadPoolExecutor.getTask(ThreadPoolExecutor.java:1074)&#10;        at java.util.concurrent.ThreadPoolExecutor.runWorker(ThreadPoolExecutor.java:1134)&#10;        at java.util.concurrent.ThreadPoolExecutor$Worker.run(ThreadPoolExecutor.java:624)&#10;        at java.lang.Thread.run(Thread.java:748)&#10;&quot;pool-76-thread-52&quot;  prio=5 tid=798 in Object.wait()&#10;java.lang.Thread.State: WAITING (on object monitor)&#10;        at sun.misc.Unsafe.park(Native Method)&#10;        at java.util.concurrent.locks.LockSupport.park(LockSupport.java:175)&#10;        at java.util.concurrent.locks.AbstractQueuedSynchronizer$ConditionObject.await(AbstractQueuedSynchronizer.java:2039)&#10;        at java.util.concurrent.ArrayBlockingQueue.take(ArrayBlockingQueue.java:403)&#10;        at java.util.concurrent.ThreadPoolExecutor.getTask(ThreadPoolExecutor.java:1074)&#10;        at java.util.concurrent.ThreadPoolExecutor.runWorker(ThreadPoolExecutor.java:1134)&#10;        at java.util.concurrent.ThreadPoolExecutor$Worker.run(ThreadPoolExecutor.java:624)&#10;        at java.lang.Thread.run(Thread.java:748)&#10;&quot;pool-86-thread-54&quot;  prio=5 tid=872 in Object.wait()&#10;java.lang.Thread.State: WAITING (on object monitor)&#10;        at sun.misc.Unsafe.park(Native Method)&#10;        at java.util.concurrent.locks.LockSupport.park(LockSupport.java:175)&#10;        at java.util.concurrent.locks.AbstractQueuedSynchronizer$ConditionObject.await(AbstractQueuedSynchronizer.java:2039)&#10;        at java.util.concurrent.ArrayBlockingQueue.take(ArrayBlockingQueue.java:403)&#10;        at java.util.concurrent.ThreadPoolExecutor.getTask(ThreadPoolExecutor.java:1074)&#10;        at java.util.concurrent.ThreadPoolExecutor.runWorker(ThreadPoolExecutor.java:1134)&#10;        at java.util.concurrent.ThreadPoolExecutor$Worker.run(ThreadPoolExecutor.java:624)&#10;        at java.lang.Thread.run(Thread.java:748)&#10;&quot;pool-117-thread-42&quot;  prio=5 tid=1101 in Object.wait()&#10;java.lang.Thread.State: WAITING (on object monitor)&#10;        at sun.misc.Unsafe.park(Native Method)&#10;        at java.util.concurrent.locks.LockSupport.park(LockSupport.java:175)&#10;        at java.util.concurrent.locks.AbstractQueuedSynchronizer$ConditionObject.await(AbstractQueuedSynchronizer.java:2039)&#10;        at java.util.concurrent.ArrayBlockingQueue.take(ArrayBlockingQueue.java:403)&#10;        at java.util.concurrent.ThreadPoolExecutor.getTask(ThreadPoolExecutor.java:1074)&#10;        at java.util.concurrent.ThreadPoolExecutor.runWorker(ThreadPoolExecutor.java:1134)&#10;        at java.util.concurrent.ThreadPoolExecutor$Worker.run(ThreadPoolExecutor.java:624)&#10;        at java.lang.Thread.run(Thread.java:748)&#10;&quot;java.util.concurrent.ThreadPoolExecutor$Worker@4227885c[State = -1, empty queue]&quot; daemon prio=5 tid=1289 timed_waiting&#10;java.lang.Thread.State: TIMED_WAITING&#10;        at sun.misc.Unsafe.park(Native Method)&#10;        at java.util.concurrent.locks.LockSupport.parkNanos(LockSupport.java:215)&#10;        at java.util.concurrent.locks.AbstractQueuedSynchronizer$ConditionObject.awaitNanos(AbstractQueuedSynchronizer.java:2078)&#10;        at java.util.concurrent.ScheduledThreadPoolExecutor$DelayedWorkQueue.take(ScheduledThreadPoolExecutor.java:1093)&#10;        at java.util.concurrent.ScheduledThreadPoolExecutor$DelayedWorkQueue.take(ScheduledThreadPoolExecutor.java:809)&#10;        at java.util.concurrent.ThreadPoolExecutor.getTask(ThreadPoolExecutor.java:1074)&#10;        at java.util.concurrent.ThreadPoolExecutor.runWorker(ThreadPoolExecutor.java:1134)&#10;        at java.util.concurrent.ThreadPoolExecutor$Worker.run(ThreadPoolExecutor.java:624)&#10;        at java.lang.Thread.run(Thread.java:748)&#10;&quot;org.eclipse.jetty.server.session.HashSessionManager@623dcf2aTimer&quot; daemon prio=5 tid=169 timed_waiting&#10;java.lang.Thread.State: TIMED_WAITING&#10;        at sun.misc.Unsafe.park(Native Method)&#10;        at java.util.concurrent.locks.LockSupport.parkNanos(LockSupport.java:215)&#10;        at java.util.concurrent.locks.AbstractQueuedSynchronizer$ConditionObject.awaitNanos(AbstractQueuedSynchronizer.java:2078)&#10;        at java.util.concurrent.ScheduledThreadPoolExecutor$DelayedWorkQueue.take(ScheduledThreadPoolExecutor.java:1093)&#10;        at java.util.concurrent.ScheduledThreadPoolExecutor$DelayedWorkQueue.take(ScheduledThreadPoolExecutor.java:809)&#10;        at java.util.concurrent.ThreadPoolExecutor.getTask(ThreadPoolExecutor.java:1074)&#10;        at java.util.concurrent.ThreadPoolExecutor.runWorker(ThreadPoolExecutor.java:1134)&#10;        at java.util.concurrent.ThreadPoolExecutor$Worker.run(ThreadPoolExecutor.java:624)&#10;        at java.lang.Thread.run(Thread.java:748)&#10;&quot;pool-86-thread-59&quot;  prio=5 tid=877 in Object.wait()&#10;java.lang.Thread.State: WAITING (on object monitor)&#10;        at sun.misc.Unsafe.park(Native Method)&#10;        at java.util.concurrent.locks.LockSupport.park(LockSupport.java:175)&#10;        at java.util.concurrent.locks.AbstractQueuedSynchronizer$ConditionObject.await(AbstractQueuedSynchronizer.java:2039)&#10;        at java.util.concurrent.ArrayBlockingQueue.take(ArrayBlockingQueue.java:403)&#10;        at java.util.concurrent.ThreadPoolExecutor.getTask(ThreadPoolExecutor.java:1074)&#10;        at java.util.concurrent.ThreadPoolExecutor.runWorker(ThreadPoolExecutor.java:1134)&#10;        at java.util.concurrent.ThreadPoolExecutor$Worker.run(ThreadPoolExecutor.java:624)&#10;        at java.lang.Thread.run(Thread.java:748)&#10;&quot;pool-46-thread-20&quot;  prio=5 tid=400 in Object.wait()&#10;java.lang.Thread.State: WAITING (on object monitor)&#10;        at sun.misc.Unsafe.park(Native Method)&#10;        at java.util.concurrent.locks.LockSupport.park(LockSupport.java:175)&#10;        at java.util.concurrent.locks.AbstractQueuedSynchronizer$ConditionObject.await(AbstractQueuedSynchronizer.java:2039)&#10;        at java.util.concurrent.ArrayBlockingQueue.take(ArrayBlockingQueue.java:403)&#10;        at java.util.concurrent.ThreadPoolExecutor.getTask(ThreadPoolExecutor.java:1074)&#10;        at java.util.concurrent.ThreadPoolExecutor.runWorker(ThreadPoolExecutor.java:1134)&#10;        at java.util.concurrent.ThreadPoolExecutor$Worker.run(ThreadPoolExecutor.java:624)&#10;        at java.lang.Thread.run(Thread.java:748)&#10;&quot;metrics-hadoop-metrics2-reporter-59-thread-1&quot; daemon prio=5 tid=1280 timed_waiting&#10;java.lang.Thread.State: TIMED_WAITING&#10;        at sun.misc.Unsafe.park(Native Method)&#10;        at java.util.concurrent.locks.LockSupport.parkNanos(LockSupport.java:215)&#10;        at java.util.concurrent.locks.AbstractQueuedSynchronizer$ConditionObject.awaitNanos(AbstractQueuedSynchronizer.java:2078)&#10;        at java.util.concurrent.ScheduledThreadPoolExecutor$DelayedWorkQueue.take(ScheduledThreadPoolExecutor.java:1093)&#10;        at java.util.concurrent.ScheduledThreadPoolExecutor$DelayedWorkQueue.take(ScheduledThreadPoolExecutor.java:809)&#10;        at java.util.concurrent.ThreadPoolExecutor.getTask(ThreadPoolExecutor.java:1074)&#10;        at java.util.concurrent.ThreadPoolExecutor.runWorker(ThreadPoolExecutor.java:1134)&#10;        at java.util.concurrent.ThreadPoolExecutor$Worker.run(ThreadPoolExecutor.java:624)&#10;        at java.lang.Thread.run(Thread.java:748)&#10;&quot;pool-110-thread-1&quot;  prio=5 tid=618 timed_waiting&#10;java.lang.Thread.State: TIMED_WAITING&#10;        at sun.misc.Unsafe.park(Native Method)&#10;        at java.util.concurrent.locks.LockSupport.parkNanos(LockSupport.java:215)&#10;        at java.util.concurrent.locks.AbstractQueuedSynchronizer$ConditionObject.awaitNanos(AbstractQueuedSynchronizer.java:2078)&#10;        at java.util.concurrent.ScheduledThreadPoolExecutor$DelayedWorkQueue.take(ScheduledThreadPoolExecutor.java:1093)&#10;        at java.util.concurrent.ScheduledThreadPoolExecutor$DelayedWorkQueue.take(ScheduledThreadPoolExecutor.java:809)&#10;        at java.util.concurrent.ThreadPoolExecutor.getTask(ThreadPoolExecutor.java:1074)&#10;        at java.util.concurrent.ThreadPoolExecutor.runWorker(ThreadPoolExecutor.java:1134)&#10;        at java.util.concurrent.ThreadPoolExecutor$Worker.run(ThreadPoolExecutor.java:624)&#10;        at java.lang.Thread.run(Thread.java:748)&#10;&quot;metrics-hadoop-metrics2-reporter-27-thread-1&quot; daemon prio=5 tid=1137 timed_waiting&#10;java.lang.Thread.State: TIMED_WAITING&#10;        at sun.misc.Unsafe.park(Native Method)&#10;        at java.util.concurrent.locks.LockSupport.parkNanos(LockSupport.java:215)&#10;        at java.util.concurrent.locks.AbstractQueuedSynchronizer$ConditionObject.awaitNanos(AbstractQueuedSynchronizer.java:2078)&#10;        at java.util.concurrent.ScheduledThreadPoolExecutor$DelayedWorkQueue.take(ScheduledThreadPoolExecutor.java:1093)&#10;        at java.util.concurrent.ScheduledThreadPoolExecutor$DelayedWorkQueue.take(ScheduledThreadPoolExecutor.java:809)&#10;        at java.util.concurrent.ThreadPoolExecutor.getTask(ThreadPoolExecutor.java:1074)&#10;        at java.util.concurrent.ThreadPoolExecutor.runWorker(ThreadPoolExecutor.java:1134)&#10;        at java.util.concurrent.ThreadPoolExecutor$Worker.run(ThreadPoolExecutor.java:624)&#10;        at java.lang.Thread.run(Thread.java:748)&#10;&quot;pool-60-thread-1&quot;  prio=5 tid=239 timed_waiting&#10;java.lang.Thread.State: TIMED_WAITING&#10;        at sun.misc.Unsafe.park(Native Method)&#10;        at java.util.concurrent.locks.LockSupport.parkNanos(LockSupport.java:215)&#10;        at java.util.concurrent.locks.AbstractQueuedSynchronizer$ConditionObject.awaitNanos(AbstractQueuedSynchronizer.java:2078)&#10;        at java.util.concurrent.ScheduledThreadPoolExecutor$DelayedWorkQueue.take(ScheduledThreadPoolExecutor.java:1093)&#10;        at java.util.concurrent.ScheduledThreadPoolExecutor$DelayedWorkQueue.take(ScheduledThreadPoolExecutor.java:809)&#10;        at java.util.concurrent.ThreadPoolExecutor.getTask(ThreadPoolExecutor.java:1074)&#10;        at java.util.concurrent.ThreadPoolExecutor.runWorker(ThreadPoolExecutor.java:1134)&#10;        at java.util.concurrent.ThreadPoolExecutor$Worker.run(ThreadPoolExecutor.java:624)&#10;        at java.lang.Thread.run(Thread.java:748)&#10;&quot;c30de686-1f6e-4ce7-9435-b57c4f7968b1@group-C458FCA03E22-StateMachineUpdater&quot; daemon prio=5 tid=1171 in Object.wait()&#10;java.lang.Thread.State: WAITING (on object monitor)&#10;        at java.lang.Object.wait(Native Method)&#10;        at java.lang.Object.wait(Object.java:502)&#10;        at org.apache.ratis.server.impl.StateMachineUpdater.waitForCommit(StateMachineUpdater.java:194)&#10;        at org.apache.ratis.server.impl.StateMachineUpdater.run(StateMachineUpdater.java:159)&#10;        at java.lang.Thread.run(Thread.java:748)&#10;&quot;BlockDeletingService#0&quot; daemon prio=5 tid=943 timed_waiting&#10;java.lang.Thread.State: TIMED_WAITING&#10;        at sun.misc.Unsafe.park(Native Method)&#10;        at java.util.concurrent.locks.LockSupport.parkNanos(LockSupport.java:215)&#10;        at java.util.concurrent.locks.AbstractQueuedSynchronizer$ConditionObject.awaitNanos(AbstractQueuedSynchronizer.java:2078)&#10;        at java.util.concurrent.ScheduledThreadPoolExecutor$DelayedWorkQueue.take(ScheduledThreadPoolExecutor.java:1093)&#10;        at java.util.concurrent.ScheduledThreadPoolExecutor$DelayedWorkQueue.take(ScheduledThreadPoolExecutor.java:809)&#10;        at java.util.concurrent.ThreadPoolExecutor.getTask(ThreadPoolExecutor.java:1074)&#10;        at java.util.concurrent.ThreadPoolExecutor.runWorker(ThreadPoolExecutor.java:1134)&#10;        at java.util.concurrent.ThreadPoolExecutor$Worker.run(ThreadPoolExecutor.java:624)&#10;        at java.lang.Thread.run(Thread.java:748)&#10;&quot;org.eclipse.jetty.server.session.HashSessionManager@780ec4a5Timer&quot; daemon prio=5 tid=99 timed_waiting&#10;java.lang.Thread.State: TIMED_WAITING&#10;        at sun.misc.Unsafe.park(Native Method)&#10;        at java.util.concurrent.locks.LockSupport.parkNanos(LockSupport.java:215)&#10;        at java.util.concurrent.locks.AbstractQueuedSynchronizer$ConditionObject.awaitNanos(AbstractQueuedSynchronizer.java:2078)&#10;        at java.util.concurrent.ScheduledThreadPoolExecutor$DelayedWorkQueue.take(ScheduledThreadPoolExecutor.java:1093)&#10;        at java.util.concurrent.ScheduledThreadPoolExecutor$DelayedWorkQueue.take(ScheduledThreadPoolExecutor.java:809)&#10;        at java.util.concurrent.ThreadPoolExecutor.getTask(ThreadPoolExecutor.java:1074)&#10;        at java.util.concurrent.ThreadPoolExecutor.runWorker(ThreadPoolExecutor.java:1134)&#10;        at java.util.concurrent.ThreadPoolExecutor$Worker.run(ThreadPoolExecutor.java:624)&#10;        at java.lang.Thread.run(Thread.java:748)&#10;&quot;e7ac4943-672a-4499-9513-fbcaa3bf45d6@group-4D6EB5B93F80-SegmentedRaftLogWorker&quot;  prio=5 tid=1149 timed_waiting&#10;java.lang.Thread.State: TIMED_WAITING&#10;        at sun.misc.Unsafe.park(Native Method)&#10;        at java.util.concurrent.locks.LockSupport.parkNanos(LockSupport.java:215)&#10;        at java.util.concurrent.locks.AbstractQueuedSynchronizer$ConditionObject.awaitNanos(AbstractQueuedSynchronizer.java:2078)&#10;        at org.apache.ratis.util.DataBlockingQueue.poll(DataBlockingQueue.java:137)&#10;        at org.apache.ratis.server.raftlog.segmented.SegmentedRaftLogWorker.run(SegmentedRaftLogWorker.java:282)&#10;        at java.lang.Thread.run(Thread.java:748)&#10;&quot;pool-76-thread-38&quot;  prio=5 tid=784 in Object.wait()&#10;java.lang.Thread.State: WAITING (on object monitor)&#10;        at sun.misc.Unsafe.park(Native Method)&#10;        at java.util.concurrent.locks.LockSupport.park(LockSupport.java:175)&#10;        at java.util.concurrent.locks.AbstractQueuedSynchronizer$ConditionObject.await(AbstractQueuedSynchronizer.java:2039)&#10;        at java.util.concurrent.ArrayBlockingQueue.take(ArrayBlockingQueue.java:403)&#10;        at java.util.concurrent.ThreadPoolExecutor.getTask(ThreadPoolExecutor.java:1074)&#10;        at java.util.concurrent.ThreadPoolExecutor.runWorker(ThreadPoolExecutor.java:1134)&#10;        at java.util.concurrent.ThreadPoolExecutor$Worker.run(ThreadPoolExecutor.java:624)&#10;        at java.lang.Thread.run(Thread.java:748)&#10;&quot;Thread-360&quot; daemon prio=5 tid=1226 timed_waiting&#10;java.lang.Thread.State: TIMED_WAITING&#10;        at sun.misc.Unsafe.park(Native Method)&#10;        at java.util.concurrent.locks.LockSupport.parkNanos(LockSupport.java:215)&#10;        at java.util.concurrent.locks.AbstractQueuedSynchronizer$ConditionObject.awaitNanos(AbstractQueuedSynchronizer.java:2078)&#10;        at java.util.concurrent.ArrayBlockingQueue.poll(ArrayBlockingQueue.java:418)&#10;        at org.apache.ratis.server.impl.LeaderState$EventQueue.poll(LeaderState.java:116)&#10;        at org.apache.ratis.server.impl.LeaderState$EventProcessor.run(LeaderState.java:468)&#10;&quot;pool-36-thread-6&quot;  prio=5 tid=348 in Object.wait()&#10;java.lang.Thread.State: WAITING (on object monitor)&#10;        at sun.misc.Unsafe.park(Native Method)&#10;        at java.util.concurrent.locks.LockSupport.park(LockSupport.java:175)&#10;        at java.util.concurrent.locks.AbstractQueuedSynchronizer$ConditionObject.await(AbstractQueuedSynchronizer.java:2039)&#10;        at java.util.concurrent.ArrayBlockingQueue.take(ArrayBlockingQueue.java:403)&#10;        at java.util.concurrent.ThreadPoolExecutor.getTask(ThreadPoolExecutor.java:1074)&#10;        at java.util.concurrent.ThreadPoolExecutor.runWorker(ThreadPoolExecutor.java:1134)&#10;        at java.util.concurrent.ThreadPoolExecutor$Worker.run(ThreadPoolExecutor.java:624)&#10;        at java.lang.Thread.run(Thread.java:748)&#10;&quot;org.apache.ratis.server.impl.LogAppender$AppenderDaemon$$Lambda$565/1288450225@1cd332e7&quot; daemon prio=5 tid=1237 timed_waiting&#10;java.lang.Thread.State: TIMED_WAITING&#10;        at java.lang.Object.wait(Native Method)&#10;        at org.apache.ratis.grpc.server.GrpcLogAppender.mayWait(GrpcLogAppender.java:141)&#10;        at org.apache.ratis.grpc.server.GrpcLogAppender.runAppenderImpl(GrpcLogAppender.java:95)&#10;        at org.apache.ratis.server.impl.LogAppender$AppenderDaemon.run(LogAppender.java:76)&#10;        at org.apache.ratis.server.impl.LogAppender$AppenderDaemon$$Lambda$565/1288450225.run(Unknown Source)&#10;        at java.lang.Thread.run(Thread.java:748)&#10;&quot;pool-26-thread-14&quot;  prio=5 tid=381 in Object.wait()&#10;java.lang.Thread.State: WAITING (on object monitor)&#10;        at sun.misc.Unsafe.park(Native Method)&#10;        at java.util.concurrent.locks.LockSupport.park(LockSupport.java:175)&#10;        at java.util.concurrent.locks.AbstractQueuedSynchronizer$ConditionObject.await(AbstractQueuedSynchronizer.java:2039)&#10;        at java.util.concurrent.ArrayBlockingQueue.take(ArrayBlockingQueue.java:403)&#10;        at java.util.concurrent.ThreadPoolExecutor.getTask(ThreadPoolExecutor.java:1074)&#10;        at java.util.concurrent.ThreadPoolExecutor.runWorker(ThreadPoolExecutor.java:1134)&#10;        at java.util.concurrent.ThreadPoolExecutor$Worker.run(ThreadPoolExecutor.java:624)&#10;        at java.lang.Thread.run(Thread.java:748)&#10;&quot;Datanode ReportManager Thread - 3&quot; daemon prio=5 tid=228 in Object.wait()&#10;java.lang.Thread.State: WAITING (on object monitor)&#10;        at sun.misc.Unsafe.park(Native Method)&#10;        at java.util.concurrent.locks.LockSupport.park(LockSupport.java:175)&#10;        at java.util.concurrent.locks.AbstractQueuedSynchronizer$ConditionObject.await(AbstractQueuedSynchronizer.java:2039)&#10;        at java.util.concurrent.ScheduledThreadPoolExecutor$DelayedWorkQueue.take(ScheduledThreadPoolExecutor.java:1088)&#10;        at java.util.concurrent.ScheduledThreadPoolExecutor$DelayedWorkQueue.take(ScheduledThreadPoolExecutor.java:809)&#10;        at java.util.concurrent.ThreadPoolExecutor.getTask(ThreadPoolExecutor.java:1074)&#10;        at java.util.concurrent.ThreadPoolExecutor.runWorker(ThreadPoolExecutor.java:1134)&#10;        at java.util.concurrent.ThreadPoolExecutor$Worker.run(ThreadPoolExecutor.java:624)&#10;        at java.lang.Thread.run(Thread.java:748)&#10;&quot;pool-117-thread-39&quot;  prio=5 tid=1098 in Object.wait()&#10;java.lang.Thread.State: WAITING (on object monitor)&#10;        at sun.misc.Unsafe.park(Native Method)&#10;        at java.util.concurrent.locks.LockSupport.park(LockSupport.java:175)&#10;        at java.util.concurrent.locks.AbstractQueuedSynchronizer$ConditionObject.await(AbstractQueuedSynchronizer.java:2039)&#10;        at java.util.concurrent.ArrayBlockingQueue.take(ArrayBlockingQueue.java:403)&#10;        at java.util.concurrent.ThreadPoolExecutor.getTask(ThreadPoolExecutor.java:1074)&#10;        at java.util.concurrent.ThreadPoolExecutor.runWorker(ThreadPoolExecutor.java:1134)&#10;        at java.util.concurrent.ThreadPoolExecutor$Worker.run(ThreadPoolExecutor.java:624)&#10;        at java.lang.Thread.run(Thread.java:748)&#10;&quot;org.eclipse.jetty.server.session.HashSessionManager@7a56812eTimer&quot; daemon prio=5 tid=98 timed_waiting&#10;java.lang.Thread.State: TIMED_WAITING&#10;        at sun.misc.Unsafe.park(Native Method)&#10;        at java.util.concurrent.locks.LockSupport.parkNanos(LockSupport.java:215)&#10;        at java.util.concurrent.locks.AbstractQueuedSynchronizer$ConditionObject.awaitNanos(AbstractQueuedSynchronizer.java:2078)&#10;        at java.util.concurrent.ScheduledThreadPoolExecutor$DelayedWorkQueue.take(ScheduledThreadPoolExecutor.java:1093)&#10;        at java.util.concurrent.ScheduledThreadPoolExecutor$DelayedWorkQueue.take(ScheduledThreadPoolExecutor.java:809)&#10;        at java.util.concurrent.ThreadPoolExecutor.getTask(ThreadPoolExecutor.java:1074)&#10;        at java.util.concurrent.ThreadPoolExecutor.runWorker(ThreadPoolExecutor.java:1134)&#10;        at java.util.concurrent.ThreadPoolExecutor$Worker.run(ThreadPoolExecutor.java:624)&#10;        at java.lang.Thread.run(Thread.java:748)&#10;&quot;pool-96-thread-36&quot;  prio=5 tid=918 in Object.wait()&#10;java.lang.Thread.State: WAITING (on object monitor)&#10;        at sun.misc.Unsafe.park(Native Method)&#10;        at java.util.concurrent.locks.LockSupport.park(LockSupport.java:175)&#10;        at java.util.concurrent.locks.AbstractQueuedSynchronizer$ConditionObject.await(AbstractQueuedSynchronizer.java:2039)&#10;        at java.util.concurrent.ArrayBlockingQueue.take(ArrayBlockingQueue.java:403)&#10;        at java.util.concurrent.ThreadPoolExecutor.getTask(ThreadPoolExecutor.java:1074)&#10;        at java.util.concurrent.ThreadPoolExecutor.runWorker(ThreadPoolExecutor.java:1134)&#10;        at java.util.concurrent.ThreadPoolExecutor$Worker.run(ThreadPoolExecutor.java:624)&#10;        at java.lang.Thread.run(Thread.java:748)&#10;&quot;Datanode ReportManager Thread - 3&quot; daemon prio=5 tid=514 in Object.wait()&#10;java.lang.Thread.State: WAITING (on object monitor)&#10;        at sun.misc.Unsafe.park(Native Method)&#10;        at java.util.concurrent.locks.LockSupport.park(LockSupport.java:175)&#10;        at java.util.concurrent.locks.AbstractQueuedSynchronizer$ConditionObject.await(AbstractQueuedSynchronizer.java:2039)&#10;        at java.util.concurrent.ScheduledThreadPoolExecutor$DelayedWorkQueue.take(ScheduledThreadPoolExecutor.java:1088)&#10;        at java.util.concurrent.ScheduledThreadPoolExecutor$DelayedWorkQueue.take(ScheduledThreadPoolExecutor.java:809)&#10;        at java.util.concurrent.ThreadPoolExecutor.getTask(ThreadPoolExecutor.java:1074)&#10;        at java.util.concurrent.ThreadPoolExecutor.runWorker(ThreadPoolExecutor.java:1134)&#10;        at java.util.concurrent.ThreadPoolExecutor$Worker.run(ThreadPoolExecutor.java:624)&#10;        at java.lang.Thread.run(Thread.java:748)&#10;&quot;Thread-404&quot; daemon prio=5 tid=1279 timed_waiting&#10;java.lang.Thread.State: TIMED_WAITING&#10;        at sun.misc.Unsafe.park(Native Method)&#10;        at java.util.concurrent.locks.LockSupport.parkNanos(LockSupport.java:215)&#10;        at java.util.concurrent.locks.AbstractQueuedSynchronizer$ConditionObject.awaitNanos(AbstractQueuedSynchronizer.java:2078)&#10;        at java.util.concurrent.ArrayBlockingQueue.poll(ArrayBlockingQueue.java:418)&#10;        at org.apache.ratis.server.impl.LeaderState$EventQueue.poll(LeaderState.java:116)&#10;        at org.apache.ratis.server.impl.LeaderState$EventProcessor.run(LeaderState.java:468)&#10;&quot;pool-66-thread-12&quot;  prio=5 tid=649 in Object.wait()&#10;java.lang.Thread.State: WAITING (on object monitor)&#10;        at sun.misc.Unsafe.park(Native Method)&#10;        at java.util.concurrent.locks.LockSupport.park(LockSupport.java:175)&#10;        at java.util.concurrent.locks.AbstractQueuedSynchronizer$ConditionObject.await(AbstractQueuedSynchronizer.java:2039)&#10;        at java.util.concurrent.ArrayBlockingQueue.take(ArrayBlockingQueue.java:403)&#10;        at java.util.concurrent.ThreadPoolExecutor.getTask(ThreadPoolExecutor.java:1074)&#10;        at java.util.concurrent.ThreadPoolExecutor.runWorker(ThreadPoolExecutor.java:1134)&#10;        at java.util.concurrent.ThreadPoolExecutor$Worker.run(ThreadPoolExecutor.java:624)&#10;        at java.lang.Thread.run(Thread.java:748)&#10;&quot;pool-26-thread-43&quot;  prio=5 tid=476 in Object.wait()&#10;java.lang.Thread.State: WAITING (on object monitor)&#10;        at sun.misc.Unsafe.park(Native Method)&#10;        at java.util.concurrent.locks.LockSupport.park(LockSupport.java:175)&#10;        at java.util.concurrent.locks.AbstractQueuedSynchronizer$ConditionObject.await(AbstractQueuedSynchronizer.java:2039)&#10;        at java.util.concurrent.ArrayBlockingQueue.take(ArrayBlockingQueue.java:403)&#10;        at java.util.concurrent.ThreadPoolExecutor.getTask(ThreadPoolExecutor.java:1074)&#10;        at java.util.concurrent.ThreadPoolExecutor.runWorker(ThreadPoolExecutor.java:1134)&#10;        at java.util.concurrent.ThreadPoolExecutor$Worker.run(ThreadPoolExecutor.java:624)&#10;        at java.lang.Thread.run(Thread.java:748)&#10;&quot;IPC Server handler 6 on 37838&quot; daemon prio=5 tid=75 timed_waiting&#10;java.lang.Thread.State: TIMED_WAITING&#10;        at sun.misc.Unsafe.park(Native Method)&#10;        at java.util.concurrent.locks.LockSupport.parkNanos(LockSupport.java:215)&#10;        at java.util.concurrent.locks.AbstractQueuedSynchronizer$ConditionObject.awaitNanos(AbstractQueuedSynchronizer.java:2078)&#10;        at java.util.concurrent.LinkedBlockingQueue.poll(LinkedBlockingQueue.java:467)&#10;        at org.apache.hadoop.ipc.CallQueueManager.take(CallQueueManager.java:288)&#10;        at org.apache.hadoop.ipc.Server$Handler.run(Server.java:2668)&#10;&quot;pool-36-thread-42&quot;  prio=5 tid=528 in Object.wait()&#10;java.lang.Thread.State: WAITING (on object monitor)&#10;        at sun.misc.Unsafe.park(Native Method)&#10;        at java.util.concurrent.locks.LockSupport.park(LockSupport.java:175)&#10;        at java.util.concurrent.locks.AbstractQueuedSynchronizer$ConditionObject.await(AbstractQueuedSynchronizer.java:2039)&#10;        at java.util.concurrent.ArrayBlockingQueue.take(ArrayBlockingQueue.java:403)&#10;        at java.util.concurrent.ThreadPoolExecutor.getTask(ThreadPoolExecutor.java:1074)&#10;        at java.util.concurrent.ThreadPoolExecutor.runWorker(ThreadPoolExecutor.java:1134)&#10;        at java.util.concurrent.ThreadPoolExecutor$Worker.run(ThreadPoolExecutor.java:624)&#10;        at java.lang.Thread.run(Thread.java:748)&#10;&quot;pool-36-thread-35&quot;  prio=5 tid=493 in Object.wait()&#10;java.lang.Thread.State: WAITING (on object monitor)&#10;        at sun.misc.Unsafe.park(Native Method)&#10;        at java.util.concurrent.locks.LockSupport.park(LockSupport.java:175)&#10;        at java.util.concurrent.locks.AbstractQueuedSynchronizer$ConditionObject.await(AbstractQueuedSynchronizer.java:2039)&#10;        at java.util.concurrent.ArrayBlockingQueue.take(ArrayBlockingQueue.java:403)&#10;        at java.util.concurrent.ThreadPoolExecutor.getTask(ThreadPoolExecutor.java:1074)&#10;        at java.util.concurrent.ThreadPoolExecutor.runWorker(ThreadPoolExecutor.java:1134)&#10;        at java.util.concurrent.ThreadPoolExecutor$Worker.run(ThreadPoolExecutor.java:624)&#10;        at java.lang.Thread.run(Thread.java:748)&#10;&quot;pool-96-thread-57&quot;  prio=5 tid=939 in Object.wait()&#10;java.lang.Thread.State: WAITING (on object monitor)&#10;        at sun.misc.Unsafe.park(Native Method)&#10;        at java.util.concurrent.locks.LockSupport.park(LockSupport.java:175)&#10;        at java.util.concurrent.locks.AbstractQueuedSynchronizer$ConditionObject.await(AbstractQueuedSynchronizer.java:2039)&#10;        at java.util.concurrent.ArrayBlockingQueue.take(ArrayBlockingQueue.java:403)&#10;        at java.util.concurrent.ThreadPoolExecutor.getTask(ThreadPoolExecutor.java:1074)&#10;        at java.util.concurrent.ThreadPoolExecutor.runWorker(ThreadPoolExecutor.java:1134)&#10;        at java.util.concurrent.ThreadPoolExecutor$Worker.run(ThreadPoolExecutor.java:624)&#10;        at java.lang.Thread.run(Thread.java:748)&#10;&quot;PartialTableCache Cleanup Thread - 0&quot; daemon prio=5 tid=1202 in Object.wait()&#10;java.lang.Thread.State: WAITING (on object monitor)&#10;        at sun.misc.Unsafe.park(Native Method)&#10;        at java.util.concurrent.locks.LockSupport.park(LockSupport.java:175)&#10;        at java.util.concurrent.locks.AbstractQueuedSynchronizer$ConditionObject.await(AbstractQueuedSynchronizer.java:2039)&#10;        at java.util.concurrent.LinkedBlockingQueue.take(LinkedBlockingQueue.java:442)&#10;        at java.util.concurrent.ThreadPoolExecutor.getTask(ThreadPoolExecutor.java:1074)&#10;        at java.util.concurrent.ThreadPoolExecutor.runWorker(ThreadPoolExecutor.java:1134)&#10;        at java.util.concurrent.ThreadPoolExecutor$Worker.run(ThreadPoolExecutor.java:624)&#10;        at java.lang.Thread.run(Thread.java:748)&#10;&quot;pool-117-thread-41&quot;  prio=5 tid=1100 in Object.wait()&#10;java.lang.Thread.State: WAITING (on object monitor)&#10;        at sun.misc.Unsafe.park(Native Method)&#10;        at java.util.concurrent.locks.LockSupport.park(LockSupport.java:175)&#10;        at java.util.concurrent.locks.AbstractQueuedSynchronizer$ConditionObject.await(AbstractQueuedSynchronizer.java:2039)&#10;        at java.util.concurrent.ArrayBlockingQueue.take(ArrayBlockingQueue.java:403)&#10;        at java.util.concurrent.ThreadPoolExecutor.getTask(ThreadPoolExecutor.java:1074)&#10;        at java.util.concurrent.ThreadPoolExecutor.runWorker(ThreadPoolExecutor.java:1134)&#10;        at java.util.concurrent.ThreadPoolExecutor$Worker.run(ThreadPoolExecutor.java:624)&#10;        at java.lang.Thread.run(Thread.java:748)&#10;&quot;pool-46-thread-6&quot;  prio=5 tid=331 in Object.wait()&#10;java.lang.Thread.State: WAITING (on object monitor)&#10;        at sun.misc.Unsafe.park(Native Method)&#10;        at java.util.concurrent.locks.LockSupport.park(LockSupport.java:175)&#10;        at java.util.concurrent.locks.AbstractQueuedSynchronizer$ConditionObject.await(AbstractQueuedSynchronizer.java:2039)&#10;        at java.util.concurrent.ArrayBlockingQueue.take(ArrayBlockingQueue.java:403)&#10;        at java.util.concurrent.ThreadPoolExecutor.getTask(ThreadPoolExecutor.java:1074)&#10;        at java.util.concurrent.ThreadPoolExecutor.runWorker(ThreadPoolExecutor.java:1134)&#10;        at java.util.concurrent.ThreadPoolExecutor$Worker.run(ThreadPoolExecutor.java:624)&#10;        at java.lang.Thread.run(Thread.java:748)&#10;&quot;refreshUsed-/workdir/hadoop-ozone/integration-test/target/test-dir/MiniOzoneClusterImpl-fc727f2e-e877-4159-90ff-4473a18561dc/datanode-3/data/containers&quot; daemon prio=5 tid=235 timed_waiting&#10;java.lang.Thread.State: TIMED_WAITING&#10;        at java.lang.Thread.sleep(Native Method)&#10;        at org.apache.hadoop.fs.CachingGetSpaceUsed$RefreshThread.run(CachingGetSpaceUsed.java:179)&#10;        at java.lang.Thread.run(Thread.java:748)&#10;&quot;qtp2035381640-95&quot; daemon prio=5 tid=95 timed_waiting&#10;java.lang.Thread.State: TIMED_WAITING&#10;        at sun.misc.Unsafe.park(Native Method)&#10;        at java.util.concurrent.locks.LockSupport.parkNanos(LockSupport.java:215)&#10;        at java.util.concurrent.locks.AbstractQueuedSynchronizer$ConditionObject.awaitNanos(AbstractQueuedSynchronizer.java:2078)&#10;        at org.eclipse.jetty.util.BlockingArrayQueue.poll(BlockingArrayQueue.java:392)&#10;        at org.eclipse.jetty.util.thread.QueuedThreadPool.idleJobPoll(QueuedThreadPool.java:563)&#10;        at org.eclipse.jetty.util.thread.QueuedThreadPool.access$800(QueuedThreadPool.java:48)&#10;        at org.eclipse.jetty.util.thread.QueuedThreadPool$2.run(QueuedThreadPool.java:626)&#10;        at java.lang.Thread.run(Thread.java:748)&#10;&quot;pool-96-thread-33&quot;  prio=5 tid=915 in Object.wait()&#10;java.lang.Thread.State: WAITING (on object monitor)&#10;        at sun.misc.Unsafe.park(Native Method)&#10;        at java.util.concurrent.locks.LockSupport.park(LockSupport.java:175)&#10;        at java.util.concurrent.locks.AbstractQueuedSynchronizer$ConditionObject.await(AbstractQueuedSynchronizer.java:2039)&#10;        at java.util.concurrent.ArrayBlockingQueue.take(ArrayBlockingQueue.java:403)&#10;        at java.util.concurrent.ThreadPoolExecutor.getTask(ThreadPoolExecutor.java:1074)&#10;        at java.util.concurrent.ThreadPoolExecutor.runWorker(ThreadPoolExecutor.java:1134)&#10;        at java.util.concurrent.ThreadPoolExecutor$Worker.run(ThreadPoolExecutor.java:624)&#10;        at java.lang.Thread.run(Thread.java:748)&#10;&quot;pool-76-thread-21&quot;  prio=5 tid=767 in Object.wait()&#10;java.lang.Thread.State: WAITING (on object monitor)&#10;        at sun.misc.Unsafe.park(Native Method)&#10;        at java.util.concurrent.locks.LockSupport.park(LockSupport.java:175)&#10;        at java.util.concurrent.locks.AbstractQueuedSynchronizer$ConditionObject.await(AbstractQueuedSynchronizer.java:2039)&#10;        at java.util.concurrent.ArrayBlockingQueue.take(ArrayBlockingQueue.java:403)&#10;        at java.util.concurrent.ThreadPoolExecutor.getTask(ThreadPoolExecutor.java:1074)&#10;        at java.util.concurrent.ThreadPoolExecutor.runWorker(ThreadPoolExecutor.java:1134)&#10;        at java.util.concurrent.ThreadPoolExecutor$Worker.run(ThreadPoolExecutor.java:624)&#10;        at java.lang.Thread.run(Thread.java:748)&#10;&quot;pool-36-thread-28&quot;  prio=5 tid=462 in Object.wait()&#10;java.lang.Thread.State: WAITING (on object monitor)&#10;        at sun.misc.Unsafe.park(Native Method)&#10;        at java.util.concurrent.locks.LockSupport.park(LockSupport.java:175)&#10;        at java.util.concurrent.locks.AbstractQueuedSynchronizer$ConditionObject.await(AbstractQueuedSynchronizer.java:2039)&#10;        at java.util.concurrent.ArrayBlockingQueue.take(ArrayBlockingQueue.java:403)&#10;        at java.util.concurrent.ThreadPoolExecutor.getTask(ThreadPoolExecutor.java:1074)&#10;        at java.util.concurrent.ThreadPoolExecutor.runWorker(ThreadPoolExecutor.java:1134)&#10;        at java.util.concurrent.ThreadPoolExecutor$Worker.run(ThreadPoolExecutor.java:624)&#10;        at java.lang.Thread.run(Thread.java:748)&#10;&quot;pool-46-thread-48&quot;  prio=5 tid=550 in Object.wait()&#10;java.lang.Thread.State: WAITING (on object monitor)&#10;        at sun.misc.Unsafe.park(Native Method)&#10;        at java.util.concurrent.locks.LockSupport.park(LockSupport.java:175)&#10;        at java.util.concurrent.locks.AbstractQueuedSynchronizer$ConditionObject.await(AbstractQueuedSynchronizer.java:2039)&#10;        at java.util.concurrent.ArrayBlockingQueue.take(ArrayBlockingQueue.java:403)&#10;        at java.util.concurrent.ThreadPoolExecutor.getTask(ThreadPoolExecutor.java:1074)&#10;        at java.util.concurrent.ThreadPoolExecutor.runWorker(ThreadPoolExecutor.java:1134)&#10;        at java.util.concurrent.ThreadPoolExecutor$Worker.run(ThreadPoolExecutor.java:624)&#10;        at java.lang.Thread.run(Thread.java:748)&#10;&quot;EventQueue-SafemodestatusForSafeModeHandler&quot; daemon prio=5 tid=741 in Object.wait()&#10;java.lang.Thread.State: WAITING (on object monitor)&#10;        at sun.misc.Unsafe.park(Native Method)&#10;        at java.util.concurrent.locks.LockSupport.park(LockSupport.java:175)&#10;        at java.util.concurrent.locks.AbstractQueuedSynchronizer$ConditionObject.await(AbstractQueuedSynchronizer.java:2039)&#10;        at java.util.concurrent.LinkedBlockingQueue.take(LinkedBlockingQueue.java:442)&#10;        at java.util.concurrent.ThreadPoolExecutor.getTask(ThreadPoolExecutor.java:1074)&#10;        at java.util.concurrent.ThreadPoolExecutor.runWorker(ThreadPoolExecutor.java:1134)&#10;        at java.util.concurrent.ThreadPoolExecutor$Worker.run(ThreadPoolExecutor.java:624)&#10;        at java.lang.Thread.run(Thread.java:748)&#10;&quot;pool-117-thread-37&quot;  prio=5 tid=1096 in Object.wait()&#10;java.lang.Thread.State: WAITING (on object monitor)&#10;        at sun.misc.Unsafe.park(Native Method)&#10;        at java.util.concurrent.locks.LockSupport.park(LockSupport.java:175)&#10;        at java.util.concurrent.locks.AbstractQueuedSynchronizer$ConditionObject.await(AbstractQueuedSynchronizer.java:2039)&#10;        at java.util.concurrent.ArrayBlockingQueue.take(ArrayBlockingQueue.java:403)&#10;        at java.util.concurrent.ThreadPoolExecutor.getTask(ThreadPoolExecutor.java:1074)&#10;        at java.util.concurrent.ThreadPoolExecutor.runWorker(ThreadPoolExecutor.java:1134)&#10;        at java.util.concurrent.ThreadPoolExecutor$Worker.run(ThreadPoolExecutor.java:624)&#10;        at java.lang.Thread.run(Thread.java:748)&#10;&quot;qtp142993407-364-acceptor-0@3f80ba56-ServerConnector@314743d6{HTTP/1.1,[http/1.1]}{0.0.0.0:39025}&quot; daemon prio=3 tid=364 runnable&#10;java.lang.Thread.State: RUNNABLE&#10;        at sun.nio.ch.ServerSocketChannelImpl.accept0(Native Method)&#10;        at sun.nio.ch.ServerSocketChannelImpl.accept(ServerSocketChannelImpl.java:422)&#10;        at sun.nio.ch.ServerSocketChannelImpl.accept(ServerSocketChannelImpl.java:250)&#10;        at org.eclipse.jetty.server.ServerConnector.accept(ServerConnector.java:397)&#10;        at org.eclipse.jetty.server.AbstractConnector$Acceptor.run(AbstractConnector.java:601)&#10;        at org.eclipse.jetty.util.thread.QueuedThreadPool.runJob(QueuedThreadPool.java:671)&#10;        at org.eclipse.jetty.util.thread.QueuedThreadPool$2.run(QueuedThreadPool.java:589)&#10;        at java.lang.Thread.run(Thread.java:748)&#10;&quot;c30de686-1f6e-4ce7-9435-b57c4f7968b1@group-C458FCA03E22-SegmentedRaftLogWorker&quot;  prio=5 tid=1167 timed_waiting&#10;java.lang.Thread.State: TIMED_WAITING&#10;        at sun.misc.Unsafe.park(Native Method)&#10;        at java.util.concurrent.locks.LockSupport.parkNanos(LockSupport.java:215)&#10;        at java.util.concurrent.locks.AbstractQueuedSynchronizer$ConditionObject.awaitNanos(AbstractQueuedSynchronizer.java:2078)&#10;        at org.apache.ratis.util.DataBlockingQueue.poll(DataBlockingQueue.java:137)&#10;        at org.apache.ratis.server.raftlog.segmented.SegmentedRaftLogWorker.run(SegmentedRaftLogWorker.java:282)&#10;        at java.lang.Thread.run(Thread.java:748)&#10;&quot;pool-76-thread-5&quot;  prio=5 tid=751 in Object.wait()&#10;java.lang.Thread.State: WAITING (on object monitor)&#10;        at sun.misc.Unsafe.park(Native Method)&#10;        at java.util.concurrent.locks.LockSupport.park(LockSupport.java:175)&#10;        at java.util.concurrent.locks.AbstractQueuedSynchronizer$ConditionObject.await(AbstractQueuedSynchronizer.java:2039)&#10;        at java.util.concurrent.ArrayBlockingQueue.take(ArrayBlockingQueue.java:403)&#10;        at java.util.concurrent.ThreadPoolExecutor.getTask(ThreadPoolExecutor.java:1074)&#10;        at java.util.concurrent.ThreadPoolExecutor.runWorker(ThreadPoolExecutor.java:1134)&#10;        at java.util.concurrent.ThreadPoolExecutor$Worker.run(ThreadPoolExecutor.java:624)&#10;        at java.lang.Thread.run(Thread.java:748)&#10;&quot;pool-86-thread-31&quot;  prio=5 tid=849 in Object.wait()&#10;java.lang.Thread.State: WAITING (on object monitor)&#10;        at sun.misc.Unsafe.park(Native Method)&#10;        at java.util.concurrent.locks.LockSupport.park(LockSupport.java:175)&#10;        at java.util.concurrent.locks.AbstractQueuedSynchronizer$ConditionObject.await(AbstractQueuedSynchronizer.java:2039)&#10;        at java.util.concurrent.ArrayBlockingQueue.take(ArrayBlockingQueue.java:403)&#10;        at java.util.concurrent.ThreadPoolExecutor.getTask(ThreadPoolExecutor.java:1074)&#10;        at java.util.concurrent.ThreadPoolExecutor.runWorker(ThreadPoolExecutor.java:1134)&#10;        at java.util.concurrent.ThreadPoolExecutor$Worker.run(ThreadPoolExecutor.java:624)&#10;        at java.lang.Thread.run(Thread.java:748)&#10;&quot;metrics-hadoop-metrics2-reporter-55-thread-1&quot; daemon prio=5 tid=1265 timed_waiting&#10;java.lang.Thread.State: TIMED_WAITING&#10;        at sun.misc.Unsafe.park(Native Method)&#10;        at java.util.concurrent.locks.LockSupport.parkNanos(LockSupport.java:215)&#10;        at java.util.concurrent.locks.AbstractQueuedSynchronizer$ConditionObject.awaitNanos(AbstractQueuedSynchronizer.java:2078)&#10;        at java.util.concurrent.ScheduledThreadPoolExecutor$DelayedWorkQueue.take(ScheduledThreadPoolExecutor.java:1093)&#10;        at java.util.concurrent.ScheduledThreadPoolExecutor$DelayedWorkQueue.take(ScheduledThreadPoolExecutor.java:809)&#10;        at java.util.concurrent.ThreadPoolExecutor.getTask(ThreadPoolExecutor.java:1074)&#10;        at java.util.concurrent.ThreadPoolExecutor.runWorker(ThreadPoolExecutor.java:1134)&#10;        at java.util.concurrent.ThreadPoolExecutor$Worker.run(ThreadPoolExecutor.java:624)&#10;        at java.lang.Thread.run(Thread.java:748)&#10;&quot;pool-56-thread-34&quot;  prio=5 tid=471 in Object.wait()&#10;java.lang.Thread.State: WAITING (on object monitor)&#10;        at sun.misc.Unsafe.park(Native Method)&#10;        at java.util.concurrent.locks.LockSupport.park(LockSupport.java:175)&#10;        at java.util.concurrent.locks.AbstractQueuedSynchronizer$ConditionObject.await(AbstractQueuedSynchronizer.java:2039)&#10;        at java.util.concurrent.ArrayBlockingQueue.take(ArrayBlockingQueue.java:403)&#10;        at java.util.concurrent.ThreadPoolExecutor.getTask(ThreadPoolExecutor.java:1074)&#10;        at java.util.concurrent.ThreadPoolExecutor.runWorker(ThreadPoolExecutor.java:1134)&#10;        at java.util.concurrent.ThreadPoolExecutor$Worker.run(ThreadPoolExecutor.java:624)&#10;        at java.lang.Thread.run(Thread.java:748)&#10;&quot;pool-67-thread-1&quot;  prio=5 tid=952 in Object.wait()&#10;java.lang.Thread.State: WAITING (on object monitor)&#10;        at sun.misc.Unsafe.park(Native Method)&#10;        at java.util.concurrent.locks.LockSupport.park(LockSupport.java:175)&#10;        at java.util.concurrent.locks.AbstractQueuedSynchronizer$ConditionObject.await(AbstractQueuedSynchronizer.java:2039)&#10;        at java.util.concurrent.LinkedBlockingQueue.take(LinkedBlockingQueue.java:442)&#10;        at java.util.concurrent.ThreadPoolExecutor.getTask(ThreadPoolExecutor.java:1074)&#10;        at java.util.concurrent.ThreadPoolExecutor.runWorker(ThreadPoolExecutor.java:1134)&#10;        at java.util.concurrent.ThreadPoolExecutor$Worker.run(ThreadPoolExecutor.java:624)&#10;        at java.lang.Thread.run(Thread.java:748)&#10;&quot;pool-46-thread-17&quot;  prio=5 tid=382 in Object.wait()&#10;java.lang.Thread.State: WAITING (on object monitor)&#10;        at sun.misc.Unsafe.park(Native Method)&#10;        at java.util.concurrent.locks.LockSupport.park(LockSupport.java:175)&#10;        at java.util.concurrent.locks.AbstractQueuedSynchronizer$ConditionObject.await(AbstractQueuedSynchronizer.java:2039)&#10;        at java.util.concurrent.ArrayBlockingQueue.take(ArrayBlockingQueue.java:403)&#10;        at java.util.concurrent.ThreadPoolExecutor.getTask(ThreadPoolExecutor.java:1074)&#10;        at java.util.concurrent.ThreadPoolExecutor.runWorker(ThreadPoolExecutor.java:1134)&#10;        at java.util.concurrent.ThreadPoolExecutor$Worker.run(ThreadPoolExecutor.java:624)&#10;        at java.lang.Thread.run(Thread.java:748)&#10;&quot;pool-66-thread-48&quot;  prio=5 tid=693 in Object.wait()&#10;java.lang.Thread.State: WAITING (on object monitor)&#10;        at sun.misc.Unsafe.park(Native Method)&#10;        at java.util.concurrent.locks.LockSupport.park(LockSupport.java:175)&#10;        at java.util.concurrent.locks.AbstractQueuedSynchronizer$ConditionObject.await(AbstractQueuedSynchronizer.java:2039)&#10;        at java.util.concurrent.ArrayBlockingQueue.take(ArrayBlockingQueue.java:403)&#10;        at java.util.concurrent.ThreadPoolExecutor.getTask(ThreadPoolExecutor.java:1074)&#10;        at java.util.concurrent.ThreadPoolExecutor.runWorker(ThreadPoolExecutor.java:1134)&#10;        at java.util.concurrent.ThreadPoolExecutor$Worker.run(ThreadPoolExecutor.java:624)&#10;        at java.lang.Thread.run(Thread.java:748)&#10;&quot;595afd9b-8d20-4100-8f7e-109b072917a4@group-1B665A8A35DD-SegmentedRaftLogWorker&quot;  prio=5 tid=1141 timed_waiting&#10;java.lang.Thread.State: TIMED_WAITING&#10;        at sun.misc.Unsafe.park(Native Method)&#10;        at java.util.concurrent.locks.LockSupport.parkNanos(LockSupport.java:215)&#10;        at java.util.concurrent.locks.AbstractQueuedSynchronizer$ConditionObject.awaitNanos(AbstractQueuedSynchronizer.java:2078)&#10;        at org.apache.ratis.util.DataBlockingQueue.poll(DataBlockingQueue.java:137)&#10;        at org.apache.ratis.server.raftlog.segmented.SegmentedRaftLogWorker.run(SegmentedRaftLogWorker.java:282)&#10;        at java.lang.Thread.run(Thread.java:748)&#10;&quot;Datanode ReportManager Thread - 2&quot; daemon prio=5 tid=507 in Object.wait()&#10;java.lang.Thread.State: WAITING (on object monitor)&#10;        at sun.misc.Unsafe.park(Native Method)&#10;        at java.util.concurrent.locks.LockSupport.park(LockSupport.java:175)&#10;        at java.util.concurrent.locks.AbstractQueuedSynchronizer$ConditionObject.await(AbstractQueuedSynchronizer.java:2039)&#10;        at java.util.concurrent.ScheduledThreadPoolExecutor$DelayedWorkQueue.take(ScheduledThreadPoolExecutor.java:1088)&#10;        at java.util.concurrent.ScheduledThreadPoolExecutor$DelayedWorkQueue.take(ScheduledThreadPoolExecutor.java:809)&#10;        at java.util.concurrent.ThreadPoolExecutor.getTask(ThreadPoolExecutor.java:1074)&#10;        at java.util.concurrent.ThreadPoolExecutor.runWorker(ThreadPoolExecutor.java:1134)&#10;        at java.util.concurrent.ThreadPoolExecutor$Worker.run(ThreadPoolExecutor.java:624)&#10;        at java.lang.Thread.run(Thread.java:748)&#10;&quot;pool-46-thread-53&quot;  prio=5 tid=567 in Object.wait()&#10;java.lang.Thread.State: WAITING (on object monitor)&#10;        at sun.misc.Unsafe.park(Native Method)&#10;        at java.util.concurrent.locks.LockSupport.park(LockSupport.java:175)&#10;        at java.util.concurrent.locks.AbstractQueuedSynchronizer$ConditionObject.await(AbstractQueuedSynchronizer.java:2039)&#10;        at java.util.concurrent.ArrayBlockingQueue.take(ArrayBlockingQueue.java:403)&#10;        at java.util.concurrent.ThreadPoolExecutor.getTask(ThreadPoolExecutor.java:1074)&#10;        at java.util.concurrent.ThreadPoolExecutor.runWorker(ThreadPoolExecutor.java:1134)&#10;        at java.util.concurrent.ThreadPoolExecutor$Worker.run(ThreadPoolExecutor.java:624)&#10;        at java.lang.Thread.run(Thread.java:748)&#10;&quot;pool-96-thread-27&quot;  prio=5 tid=909 in Object.wait()&#10;java.lang.Thread.State: WAITING (on object monitor)&#10;        at sun.misc.Unsafe.park(Native Method)&#10;        at java.util.concurrent.locks.LockSupport.park(LockSupport.java:175)&#10;        at java.util.concurrent.locks.AbstractQueuedSynchronizer$ConditionObject.await(AbstractQueuedSynchronizer.java:2039)&#10;        at java.util.concurrent.ArrayBlockingQueue.take(ArrayBlockingQueue.java:403)&#10;        at java.util.concurrent.ThreadPoolExecutor.getTask(ThreadPoolExecutor.java:1074)&#10;        at java.util.concurrent.ThreadPoolExecutor.runWorker(ThreadPoolExecutor.java:1134)&#10;        at java.util.concurrent.ThreadPoolExecutor$Worker.run(ThreadPoolExecutor.java:624)&#10;        at java.lang.Thread.run(Thread.java:748)&#10;&quot;pool-96-thread-16&quot;  prio=5 tid=898 in Object.wait()&#10;java.lang.Thread.State: WAITING (on object monitor)&#10;        at sun.misc.Unsafe.park(Native Method)&#10;        at java.util.concurrent.locks.LockSupport.park(LockSupport.java:175)&#10;        at java.util.concurrent.locks.AbstractQueuedSynchronizer$ConditionObject.await(AbstractQueuedSynchronizer.java:2039)&#10;        at java.util.concurrent.ArrayBlockingQueue.take(ArrayBlockingQueue.java:403)&#10;        at java.util.concurrent.ThreadPoolExecutor.getTask(ThreadPoolExecutor.java:1074)&#10;        at java.util.concurrent.ThreadPoolExecutor.runWorker(ThreadPoolExecutor.java:1134)&#10;        at java.util.concurrent.ThreadPoolExecutor$Worker.run(ThreadPoolExecutor.java:624)&#10;        at java.lang.Thread.run(Thread.java:748)&#10;&quot;PartialTableCache Cleanup Thread - 0&quot; daemon prio=5 tid=1205 in Object.wait()&#10;java.lang.Thread.State: WAITING (on object monitor)&#10;        at sun.misc.Unsafe.park(Native Method)&#10;        at java.util.concurrent.locks.LockSupport.park(LockSupport.java:175)&#10;        at java.util.concurrent.locks.AbstractQueuedSynchronizer$ConditionObject.await(AbstractQueuedSynchronizer.java:2039)&#10;        at java.util.concurrent.LinkedBlockingQueue.take(LinkedBlockingQueue.java:442)&#10;        at java.util.concurrent.ThreadPoolExecutor.getTask(ThreadPoolExecutor.java:1074)&#10;        at java.util.concurrent.ThreadPoolExecutor.runWorker(ThreadPoolExecutor.java:1134)&#10;        at java.util.concurrent.ThreadPoolExecutor$Worker.run(ThreadPoolExecutor.java:624)&#10;        at java.lang.Thread.run(Thread.java:748)&#10;&quot;pool-46-thread-25&quot;  prio=5 tid=422 in Object.wait()&#10;java.lang.Thread.State: WAITING (on object monitor)&#10;        at sun.misc.Unsafe.park(Native Method)&#10;        at java.util.concurrent.locks.LockSupport.park(LockSupport.java:175)&#10;        at java.util.concurrent.locks.AbstractQueuedSynchronizer$ConditionObject.await(AbstractQueuedSynchronizer.java:2039)&#10;        at java.util.concurrent.ArrayBlockingQueue.take(ArrayBlockingQueue.java:403)&#10;        at java.util.concurrent.ThreadPoolExecutor.getTask(ThreadPoolExecutor.java:1074)&#10;        at java.util.concurrent.ThreadPoolExecutor.runWorker(ThreadPoolExecutor.java:1134)&#10;        at java.util.concurrent.ThreadPoolExecutor$Worker.run(ThreadPoolExecutor.java:624)&#10;        at java.lang.Thread.run(Thread.java:748)&#10;&quot;IPC Server handler 14 on 39235&quot; daemon prio=5 tid=43 timed_waiting&#10;java.lang.Thread.State: TIMED_WAITING&#10;        at sun.misc.Unsafe.park(Native Method)&#10;        at java.util.concurrent.locks.LockSupport.parkNanos(LockSupport.java:215)&#10;        at java.util.concurrent.locks.AbstractQueuedSynchronizer$ConditionObject.awaitNanos(AbstractQueuedSynchronizer.java:2078)&#10;        at java.util.concurrent.LinkedBlockingQueue.poll(LinkedBlockingQueue.java:467)&#10;        at org.apache.hadoop.ipc.CallQueueManager.take(CallQueueManager.java:288)&#10;        at org.apache.hadoop.ipc.Server$Handler.run(Server.java:2668)&#10;&quot;pool-66-thread-4&quot;  prio=5 tid=640 in Object.wait()&#10;java.lang.Thread.State: WAITING (on object monitor)&#10;        at sun.misc.Unsafe.park(Native Method)&#10;        at java.util.concurrent.locks.LockSupport.park(LockSupport.java:175)&#10;        at java.util.concurrent.locks.AbstractQueuedSynchronizer$ConditionObject.await(AbstractQueuedSynchronizer.java:2039)&#10;        at java.util.concurrent.ArrayBlockingQueue.take(ArrayBlockingQueue.java:403)&#10;        at java.util.concurrent.ThreadPoolExecutor.getTask(ThreadPoolExecutor.java:1074)&#10;        at java.util.concurrent.ThreadPoolExecutor.runWorker(ThreadPoolExecutor.java:1134)&#10;        at java.util.concurrent.ThreadPoolExecutor$Worker.run(ThreadPoolExecutor.java:624)&#10;        at java.lang.Thread.run(Thread.java:748)&#10;&quot;metrics-hadoop-metrics2-reporter-66-thread-1&quot; daemon prio=5 tid=1363 timed_waiting&#10;java.lang.Thread.State: TIMED_WAITING&#10;        at sun.misc.Unsafe.park(Native Method)&#10;        at java.util.concurrent.locks.LockSupport.parkNanos(LockSupport.java:215)&#10;        at java.util.concurrent.locks.AbstractQueuedSynchronizer$ConditionObject.awaitNanos(AbstractQueuedSynchronizer.java:2078)&#10;        at java.util.concurrent.ScheduledThreadPoolExecutor$DelayedWorkQueue.take(ScheduledThreadPoolExecutor.java:1093)&#10;        at java.util.concurrent.ScheduledThreadPoolExecutor$DelayedWorkQueue.take(ScheduledThreadPoolExecutor.java:809)&#10;        at java.util.concurrent.ThreadPoolExecutor.getTask(ThreadPoolExecutor.java:1074)&#10;        at java.util.concurrent.ThreadPoolExecutor.runWorker(ThreadPoolExecutor.java:1134)&#10;        at java.util.concurrent.ThreadPoolExecutor$Worker.run(ThreadPoolExecutor.java:624)&#10;        at java.lang.Thread.run(Thread.java:748)&#10;&quot;Datanode ReportManager Thread - 0&quot; daemon prio=5 tid=171 timed_waiting&#10;java.lang.Thread.State: TIMED_WAITING&#10;        at sun.misc.Unsafe.park(Native Method)&#10;        at java.util.concurrent.locks.LockSupport.parkNanos(LockSupport.java:215)&#10;        at java.util.concurrent.locks.AbstractQueuedSynchronizer$ConditionObject.awaitNanos(AbstractQueuedSynchronizer.java:2078)&#10;        at java.util.concurrent.ScheduledThreadPoolExecutor$DelayedWorkQueue.take(ScheduledThreadPoolExecutor.java:1093)&#10;        at java.util.concurrent.ScheduledThreadPoolExecutor$DelayedWorkQueue.take(ScheduledThreadPoolExecutor.java:809)&#10;        at java.util.concurrent.ThreadPoolExecutor.getTask(ThreadPoolExecutor.java:1074)&#10;        at java.util.concurrent.ThreadPoolExecutor.runWorker(ThreadPoolExecutor.java:1134)&#10;        at java.util.concurrent.ThreadPoolExecutor$Worker.run(ThreadPoolExecutor.java:624)&#10;        at java.lang.Thread.run(Thread.java:748)&#10;&quot;pool-56-thread-4&quot;  prio=5 tid=349 in Object.wait()&#10;java.lang.Thread.State: WAITING (on object monitor)&#10;        at sun.misc.Unsafe.park(Native Method)&#10;        at java.util.concurrent.locks.LockSupport.park(LockSupport.java:175)&#10;        at java.util.concurrent.locks.AbstractQueuedSynchronizer$ConditionObject.await(AbstractQueuedSynchronizer.java:2039)&#10;        at java.util.concurrent.ArrayBlockingQueue.take(ArrayBlockingQueue.java:403)&#10;        at java.util.concurrent.ThreadPoolExecutor.getTask(ThreadPoolExecutor.java:1074)&#10;        at java.util.concurrent.ThreadPoolExecutor.runWorker(ThreadPoolExecutor.java:1134)&#10;        at java.util.concurrent.ThreadPoolExecutor$Worker.run(ThreadPoolExecutor.java:624)&#10;        at java.lang.Thread.run(Thread.java:748)&#10;&quot;metrics-hadoop-metrics2-reporter-25-thread-1&quot; daemon prio=5 tid=1132 timed_waiting&#10;java.lang.Thread.State: TIMED_WAITING&#10;        at sun.misc.Unsafe.park(Native Method)&#10;        at java.util.concurrent.locks.LockSupport.parkNanos(LockSupport.java:215)&#10;        at java.util.concurrent.locks.AbstractQueuedSynchronizer$ConditionObject.awaitNanos(AbstractQueuedSynchronizer.java:2078)&#10;        at java.util.concurrent.ScheduledThreadPoolExecutor$DelayedWorkQueue.take(ScheduledThreadPoolExecutor.java:1093)&#10;        at java.util.concurrent.ScheduledThreadPoolExecutor$DelayedWorkQueue.take(ScheduledThreadPoolExecutor.java:809)&#10;        at java.util.concurrent.ThreadPoolExecutor.getTask(ThreadPoolExecutor.java:1074)&#10;        at java.util.concurrent.ThreadPoolExecutor.runWorker(ThreadPoolExecutor.java:1134)&#10;        at java.util.concurrent.ThreadPoolExecutor$Worker.run(ThreadPoolExecutor.java:624)&#10;        at java.lang.Thread.run(Thread.java:748)&#10;&quot;pool-26-thread-5&quot;  prio=5 tid=343 in Object.wait()&#10;java.lang.Thread.State: WAITING (on object monitor)&#10;        at sun.misc.Unsafe.park(Native Method)&#10;        at java.util.concurrent.locks.LockSupport.park(LockSupport.java:175)&#10;        at java.util.concurrent.locks.AbstractQueuedSynchronizer$ConditionObject.await(AbstractQueuedSynchronizer.java:2039)&#10;        at java.util.concurrent.ArrayBlockingQueue.take(ArrayBlockingQueue.java:403)&#10;        at java.util.concurrent.ThreadPoolExecutor.getTask(ThreadPoolExecutor.java:1074)&#10;        at java.util.concurrent.ThreadPoolExecutor.runWorker(ThreadPoolExecutor.java:1134)&#10;        at java.util.concurrent.ThreadPoolExecutor$Worker.run(ThreadPoolExecutor.java:624)&#10;        at java.lang.Thread.run(Thread.java:748)&#10;&quot;pool-76-thread-46&quot;  prio=5 tid=792 in Object.wait()&#10;java.lang.Thread.State: WAITING (on object monitor)&#10;        at sun.misc.Unsafe.park(Native Method)&#10;        at java.util.concurrent.locks.LockSupport.park(LockSupport.java:175)&#10;        at java.util.concurrent.locks.AbstractQueuedSynchronizer$ConditionObject.await(AbstractQueuedSynchronizer.java:2039)&#10;        at java.util.concurrent.ArrayBlockingQueue.take(ArrayBlockingQueue.java:403)&#10;        at java.util.concurrent.ThreadPoolExecutor.getTask(ThreadPoolExecutor.java:1074)&#10;        at java.util.concurrent.ThreadPoolExecutor.runWorker(ThreadPoolExecutor.java:1134)&#10;        at java.util.concurrent.ThreadPoolExecutor$Worker.run(ThreadPoolExecutor.java:624)&#10;        at java.lang.Thread.run(Thread.java:748)&#10;&quot;qtp1680841335-245&quot; daemon prio=5 tid=245 timed_waiting&#10;java.lang.Thread.State: TIMED_WAITING&#10;        at sun.misc.Unsafe.park(Native Method)&#10;        at java.util.concurrent.locks.LockSupport.parkNanos(LockSupport.java:215)&#10;        at java.util.concurrent.locks.AbstractQueuedSynchronizer$ConditionObject.awaitNanos(AbstractQueuedSynchronizer.java:2078)&#10;        at org.eclipse.jetty.util.BlockingArrayQueue.poll(BlockingArrayQueue.java:392)&#10;        at org.eclipse.jetty.util.thread.QueuedThreadPool.idleJobPoll(QueuedThreadPool.java:563)&#10;        at org.eclipse.jetty.util.thread.QueuedThreadPool.access$800(QueuedThreadPool.java:48)&#10;        at org.eclipse.jetty.util.thread.QueuedThreadPool$2.run(QueuedThreadPool.java:626)&#10;        at java.lang.Thread.run(Thread.java:748)&#10;&quot;metrics-hadoop-metrics2-reporter-20-thread-1&quot; daemon prio=5 tid=1056 timed_waiting&#10;java.lang.Thread.State: TIMED_WAITING&#10;        at sun.misc.Unsafe.park(Native Method)&#10;        at java.util.concurrent.locks.LockSupport.parkNanos(LockSupport.java:215)&#10;        at java.util.concurrent.locks.AbstractQueuedSynchronizer$ConditionObject.awaitNanos(AbstractQueuedSynchronizer.java:2078)&#10;        at java.util.concurrent.ScheduledThreadPoolExecutor$DelayedWorkQueue.take(ScheduledThreadPoolExecutor.java:1093)&#10;        at java.util.concurrent.ScheduledThreadPoolExecutor$DelayedWorkQueue.take(ScheduledThreadPoolExecutor.java:809)&#10;        at java.util.concurrent.ThreadPoolExecutor.getTask(ThreadPoolExecutor.java:1074)&#10;        at java.util.concurrent.ThreadPoolExecutor.runWorker(ThreadPoolExecutor.java:1134)&#10;        at java.util.concurrent.ThreadPoolExecutor$Worker.run(ThreadPoolExecutor.java:624)&#10;        at java.lang.Thread.run(Thread.java:748)&#10;&quot;RatisPipelineUtilsThread&quot;  prio=5 tid=736 timed_waiting&#10;java.lang.Thread.State: TIMED_WAITING&#10;        at sun.misc.Unsafe.park(Native Method)&#10;        at java.util.concurrent.locks.LockSupport.parkNanos(LockSupport.java:215)&#10;        at java.util.concurrent.locks.AbstractQueuedSynchronizer$ConditionObject.awaitNanos(AbstractQueuedSynchronizer.java:2078)&#10;        at java.util.concurrent.ScheduledThreadPoolExecutor$DelayedWorkQueue.take(ScheduledThreadPoolExecutor.java:1093)&#10;        at java.util.concurrent.ScheduledThreadPoolExecutor$DelayedWorkQueue.take(ScheduledThreadPoolExecutor.java:809)&#10;        at java.util.concurrent.ThreadPoolExecutor.getTask(ThreadPoolExecutor.java:1074)&#10;        at java.util.concurrent.ThreadPoolExecutor.runWorker(ThreadPoolExecutor.java:1134)&#10;        at java.util.concurrent.ThreadPoolExecutor$Worker.run(ThreadPoolExecutor.java:624)&#10;        at java.lang.Thread.run(Thread.java:748)&#10;&quot;IPC Server Responder&quot; daemon prio=5 tid=17 runnable&#10;java.lang.Thread.State: RUNNABLE&#10;        at sun.nio.ch.EPollArrayWrapper.epollWait(Native Method)&#10;        at sun.nio.ch.EPollArrayWrapper.poll(EPollArrayWrapper.java:269)&#10;        at sun.nio.ch.EPollSelectorImpl.doSelect(EPollSelectorImpl.java:93)&#10;        at sun.nio.ch.SelectorImpl.lockAndDoSelect(SelectorImpl.java:86)&#10;        at sun.nio.ch.SelectorImpl.select(SelectorImpl.java:97)&#10;        at org.apache.hadoop.ipc.Server$Responder.doRunLoop(Server.java:1334)&#10;        at org.apache.hadoop.ipc.Server$Responder.run(Server.java:1317)&#10;&quot;a4ef6c21-3a88-4e13-8c9a-5d7afe7d887e@group-24F9B359B75D-StateMachineUpdater&quot; daemon prio=5 tid=1049 in Object.wait()&#10;java.lang.Thread.State: WAITING (on object monitor)&#10;        at java.lang.Object.wait(Native Method)&#10;        at java.lang.Object.wait(Object.java:502)&#10;        at org.apache.ratis.server.impl.StateMachineUpdater.waitForCommit(StateMachineUpdater.java:194)&#10;        at org.apache.ratis.server.impl.StateMachineUpdater.run(StateMachineUpdater.java:159)&#10;        at java.lang.Thread.run(Thread.java:748)&#10;&quot;pool-76-thread-34&quot;  prio=5 tid=780 in Object.wait()&#10;java.lang.Thread.State: WAITING (on object monitor)&#10;        at sun.misc.Unsafe.park(Native Method)&#10;        at java.util.concurrent.locks.LockSupport.park(LockSupport.java:175)&#10;        at java.util.concurrent.locks.AbstractQueuedSynchronizer$ConditionObject.await(AbstractQueuedSynchronizer.java:2039)&#10;        at java.util.concurrent.ArrayBlockingQueue.take(ArrayBlockingQueue.java:403)&#10;        at java.util.concurrent.ThreadPoolExecutor.getTask(ThreadPoolExecutor.java:1074)&#10;        at java.util.concurrent.ThreadPoolExecutor.runWorker(ThreadPoolExecutor.java:1134)&#10;        at java.util.concurrent.ThreadPoolExecutor$Worker.run(ThreadPoolExecutor.java:624)&#10;        at java.lang.Thread.run(Thread.java:748)&#10;&quot;pool-66-thread-22&quot;  prio=5 tid=659 in Object.wait()&#10;java.lang.Thread.State: WAITING (on object monitor)&#10;        at sun.misc.Unsafe.park(Native Method)&#10;        at java.util.concurrent.locks.LockSupport.park(LockSupport.java:175)&#10;        at java.util.concurrent.locks.AbstractQueuedSynchronizer$ConditionObject.await(AbstractQueuedSynchronizer.java:2039)&#10;        at java.util.concurrent.ArrayBlockingQueue.take(ArrayBlockingQueue.java:403)&#10;        at java.util.concurrent.ThreadPoolExecutor.getTask(ThreadPoolExecutor.java:1074)&#10;        at java.util.concurrent.ThreadPoolExecutor.runWorker(ThreadPoolExecutor.java:1134)&#10;        at java.util.concurrent.ThreadPoolExecutor$Worker.run(ThreadPoolExecutor.java:624)&#10;        at java.lang.Thread.run(Thread.java:748)&#10;&quot;pool-26-thread-2&quot;  prio=5 tid=330 in Object.wait()&#10;java.lang.Thread.State: WAITING (on object monitor)&#10;        at sun.misc.Unsafe.park(Native Method)&#10;        at java.util.concurrent.locks.LockSupport.park(LockSupport.java:175)&#10;        at java.util.concurrent.locks.AbstractQueuedSynchronizer$ConditionObject.await(AbstractQueuedSynchronizer.java:2039)&#10;        at java.util.concurrent.ArrayBlockingQueue.take(ArrayBlockingQueue.java:403)&#10;        at java.util.concurrent.ThreadPoolExecutor.getTask(ThreadPoolExecutor.java:1074)&#10;        at java.util.concurrent.ThreadPoolExecutor.runWorker(ThreadPoolExecutor.java:1134)&#10;        at java.util.concurrent.ThreadPoolExecutor$Worker.run(ThreadPoolExecutor.java:624)&#10;        at java.lang.Thread.run(Thread.java:748)&#10;&quot;Datanode ReportManager Thread - 3&quot; daemon prio=5 tid=174 in Object.wait()&#10;java.lang.Thread.State: WAITING (on object monitor)&#10;        at sun.misc.Unsafe.park(Native Method)&#10;        at java.util.concurrent.locks.LockSupport.park(LockSupport.java:175)&#10;        at java.util.concurrent.locks.AbstractQueuedSynchronizer$ConditionObject.await(AbstractQueuedSynchronizer.java:2039)&#10;        at java.util.concurrent.ScheduledThreadPoolExecutor$DelayedWorkQueue.take(ScheduledThreadPoolExecutor.java:1088)&#10;        at java.util.concurrent.ScheduledThreadPoolExecutor$DelayedWorkQueue.take(ScheduledThreadPoolExecutor.java:809)&#10;        at java.util.concurrent.ThreadPoolExecutor.getTask(ThreadPoolExecutor.java:1074)&#10;        at java.util.concurrent.ThreadPoolExecutor.runWorker(ThreadPoolExecutor.java:1134)&#10;        at java.util.concurrent.ThreadPoolExecutor$Worker.run(ThreadPoolExecutor.java:624)&#10;        at java.lang.Thread.run(Thread.java:748)&#10;&quot;pool-106-thread-45&quot;  prio=5 tid=1024 in Object.wait()&#10;java.lang.Thread.State: WAITING (on object monitor)&#10;        at sun.misc.Unsafe.park(Native Method)&#10;        at java.util.concurrent.locks.LockSupport.park(LockSupport.java:175)&#10;        at java.util.concurrent.locks.AbstractQueuedSynchronizer$ConditionObject.await(AbstractQueuedSynchronizer.java:2039)&#10;        at java.util.concurrent.ArrayBlockingQueue.take(ArrayBlockingQueue.java:403)&#10;        at java.util.concurrent.ThreadPoolExecutor.getTask(ThreadPoolExecutor.java:1074)&#10;        at java.util.concurrent.ThreadPoolExecutor.runWorker(ThreadPoolExecutor.java:1134)&#10;        at java.util.concurrent.ThreadPoolExecutor$Worker.run(ThreadPoolExecutor.java:624)&#10;        at java.lang.Thread.run(Thread.java:748)&#10;&quot;process reaper&quot; daemon prio=10 tid=10 timed_waiting&#10;java.lang.Thread.State: TIMED_WAITING&#10;        at sun.misc.Unsafe.park(Native Method)&#10;        at java.util.concurrent.locks.LockSupport.parkNanos(LockSupport.java:215)&#10;        at java.util.concurrent.SynchronousQueue$TransferStack.awaitFulfill(SynchronousQueue.java:460)&#10;        at java.util.concurrent.SynchronousQueue$TransferStack.transfer(SynchronousQueue.java:362)&#10;        at java.util.concurrent.SynchronousQueue.poll(SynchronousQueue.java:941)&#10;        at java.util.concurrent.ThreadPoolExecutor.getTask(ThreadPoolExecutor.java:1073)&#10;        at java.util.concurrent.ThreadPoolExecutor.runWorker(ThreadPoolExecutor.java:1134)&#10;        at java.util.concurrent.ThreadPoolExecutor$Worker.run(ThreadPoolExecutor.java:624)&#10;        at java.lang.Thread.run(Thread.java:748)&#10;&quot;qtp1977508673-298&quot; daemon prio=5 tid=298 timed_waiting&#10;java.lang.Thread.State: TIMED_WAITING&#10;        at sun.misc.Unsafe.park(Native Method)&#10;        at java.util.concurrent.locks.LockSupport.parkNanos(LockSupport.java:215)&#10;        at java.util.concurrent.locks.AbstractQueuedSynchronizer$ConditionObject.awaitNanos(AbstractQueuedSynchronizer.java:2078)&#10;        at org.eclipse.jetty.util.BlockingArrayQueue.poll(BlockingArrayQueue.java:392)&#10;        at org.eclipse.jetty.util.thread.QueuedThreadPool.idleJobPoll(QueuedThreadPool.java:563)&#10;        at org.eclipse.jetty.util.thread.QueuedThreadPool.access$800(QueuedThreadPool.java:48)&#10;        at org.eclipse.jetty.util.thread.QueuedThreadPool$2.run(QueuedThreadPool.java:626)&#10;        at java.lang.Thread.run(Thread.java:748)&#10;&quot;pool-96-thread-20&quot;  prio=5 tid=902 in Object.wait()&#10;java.lang.Thread.State: WAITING (on object monitor)&#10;        at sun.misc.Unsafe.park(Native Method)&#10;        at java.util.concurrent.locks.LockSupport.park(LockSupport.java:175)&#10;        at java.util.concurrent.locks.AbstractQueuedSynchronizer$ConditionObject.await(AbstractQueuedSynchronizer.java:2039)&#10;        at java.util.concurrent.ArrayBlockingQueue.take(ArrayBlockingQueue.java:403)&#10;        at java.util.concurrent.ThreadPoolExecutor.getTask(ThreadPoolExecutor.java:1074)&#10;        at java.util.concurrent.ThreadPoolExecutor.runWorker(ThreadPoolExecutor.java:1134)&#10;        at java.util.concurrent.ThreadPoolExecutor$Worker.run(ThreadPoolExecutor.java:624)&#10;        at java.lang.Thread.run(Thread.java:748)&#10;&quot;pool-66-thread-51&quot;  prio=5 tid=696 in Object.wait()&#10;java.lang.Thread.State: WAITING (on object monitor)&#10;        at sun.misc.Unsafe.park(Native Method)&#10;        at java.util.concurrent.locks.LockSupport.park(LockSupport.java:175)&#10;        at java.util.concurrent.locks.AbstractQueuedSynchronizer$ConditionObject.await(AbstractQueuedSynchronizer.java:2039)&#10;        at java.util.concurrent.ArrayBlockingQueue.take(ArrayBlockingQueue.java:403)&#10;        at java.util.concurrent.ThreadPoolExecutor.getTask(ThreadPoolExecutor.java:1074)&#10;        at java.util.concurrent.ThreadPoolExecutor.runWorker(ThreadPoolExecutor.java:1134)&#10;        at java.util.concurrent.ThreadPoolExecutor$Worker.run(ThreadPoolExecutor.java:624)&#10;        at java.lang.Thread.run(Thread.java:748)&#10;&quot;refreshUsed-/workdir/hadoop-ozone/integration-test/target/test-dir/MiniOzoneClusterImpl-fc727f2e-e877-4159-90ff-4473a18561dc/datanode-1/data/containers&quot; daemon prio=5 tid=181 timed_waiting&#10;java.lang.Thread.State: TIMED_WAITING&#10;        at java.lang.Thread.sleep(Native Method)&#10;        at org.apache.hadoop.fs.CachingGetSpaceUsed$RefreshThread.run(CachingGetSpaceUsed.java:179)&#10;        at java.lang.Thread.run(Thread.java:748)&#10;&quot;pool-96-thread-53&quot;  prio=5 tid=935 in Object.wait()&#10;java.lang.Thread.State: WAITING (on object monitor)&#10;        at sun.misc.Unsafe.park(Native Method)&#10;        at java.util.concurrent.locks.LockSupport.park(LockSupport.java:175)&#10;        at java.util.concurrent.locks.AbstractQueuedSynchronizer$ConditionObject.await(AbstractQueuedSynchronizer.java:2039)&#10;        at java.util.concurrent.ArrayBlockingQueue.take(ArrayBlockingQueue.java:403)&#10;        at java.util.concurrent.ThreadPoolExecutor.getTask(ThreadPoolExecutor.java:1074)&#10;        at java.util.concurrent.ThreadPoolExecutor.runWorker(ThreadPoolExecutor.java:1134)&#10;        at java.util.concurrent.ThreadPoolExecutor$Worker.run(ThreadPoolExecutor.java:624)&#10;        at java.lang.Thread.run(Thread.java:748)&#10;&quot;pool-74-thread-1&quot; daemon prio=5 tid=291 timed_waiting&#10;java.lang.Thread.State: TIMED_WAITING&#10;        at sun.misc.Unsafe.park(Native Method)&#10;        at java.util.concurrent.locks.LockSupport.parkNanos(LockSupport.java:215)&#10;        at java.util.concurrent.locks.AbstractQueuedSynchronizer$ConditionObject.awaitNanos(AbstractQueuedSynchronizer.java:2078)&#10;        at java.util.concurrent.ScheduledThreadPoolExecutor$DelayedWorkQueue.take(ScheduledThreadPoolExecutor.java:1093)&#10;        at java.util.concurrent.ScheduledThreadPoolExecutor$DelayedWorkQueue.take(ScheduledThreadPoolExecutor.java:809)&#10;        at java.util.concurrent.ThreadPoolExecutor.getTask(ThreadPoolExecutor.java:1074)&#10;        at java.util.concurrent.ThreadPoolExecutor.runWorker(ThreadPoolExecutor.java:1134)&#10;        at java.util.concurrent.ThreadPoolExecutor$Worker.run(ThreadPoolExecutor.java:624)&#10;        at java.lang.Thread.run(Thread.java:748)&#10;&quot;Datanode State Machine Thread - 0&quot; daemon prio=5 tid=315 timed_waiting&#10;java.lang.Thread.State: TIMED_WAITING&#10;        at sun.misc.Unsafe.park(Native Method)&#10;        at java.util.concurrent.locks.LockSupport.parkNanos(LockSupport.java:215)&#10;        at java.util.concurrent.SynchronousQueue$TransferStack.awaitFulfill(SynchronousQueue.java:460)&#10;        at java.util.concurrent.SynchronousQueue$TransferStack.transfer(SynchronousQueue.java:362)&#10;        at java.util.concurrent.SynchronousQueue.poll(SynchronousQueue.java:941)&#10;        at java.util.concurrent.ThreadPoolExecutor.getTask(ThreadPoolExecutor.java:1073)&#10;        at java.util.concurrent.ThreadPoolExecutor.runWorker(ThreadPoolExecutor.java:1134)&#10;        at java.util.concurrent.ThreadPoolExecutor$Worker.run(ThreadPoolExecutor.java:624)&#10;        at java.lang.Thread.run(Thread.java:748)&#10;&quot;Thread-469&quot; daemon prio=5 tid=1353 timed_waiting&#10;java.lang.Thread.State: TIMED_WAITING&#10;        at sun.misc.Unsafe.park(Native Method)&#10;        at java.util.concurrent.locks.LockSupport.parkNanos(LockSupport.java:215)&#10;        at java.util.concurrent.locks.AbstractQueuedSynchronizer$ConditionObject.awaitNanos(AbstractQueuedSynchronizer.java:2078)&#10;        at java.util.concurrent.ArrayBlockingQueue.poll(ArrayBlockingQueue.java:418)&#10;        at org.apache.ratis.server.impl.LeaderState$EventQueue.poll(LeaderState.java:116)&#10;        at org.apache.ratis.server.impl.LeaderState$EventProcessor.run(LeaderState.java:468)&#10;&quot;pool-46-thread-10&quot;  prio=5 tid=351 in Object.wait()&#10;java.lang.Thread.State: WAITING (on object monitor)&#10;        at sun.misc.Unsafe.park(Native Method)&#10;        at java.util.concurrent.locks.LockSupport.park(LockSupport.java:175)&#10;        at java.util.concurrent.locks.AbstractQueuedSynchronizer$ConditionObject.await(AbstractQueuedSynchronizer.java:2039)&#10;        at java.util.concurrent.ArrayBlockingQueue.take(ArrayBlockingQueue.java:403)&#10;        at java.util.concurrent.ThreadPoolExecutor.getTask(ThreadPoolExecutor.java:1074)&#10;        at java.util.concurrent.ThreadPoolExecutor.runWorker(ThreadPoolExecutor.java:1134)&#10;        at java.util.concurrent.ThreadPoolExecutor$Worker.run(ThreadPoolExecutor.java:624)&#10;        at java.lang.Thread.run(Thread.java:748)&#10;&quot;a4ef6c21-3a88-4e13-8c9a-5d7afe7d887e@group-24F9B359B75D-SegmentedRaftLogWorker&quot;  prio=5 tid=1046 timed_waiting&#10;java.lang.Thread.State: TIMED_WAITING&#10;        at sun.misc.Unsafe.park(Native Method)&#10;        at java.util.concurrent.locks.LockSupport.parkNanos(LockSupport.java:215)&#10;        at java.util.concurrent.locks.AbstractQueuedSynchronizer$ConditionObject.awaitNanos(AbstractQueuedSynchronizer.java:2078)&#10;        at org.apache.ratis.util.DataBlockingQueue.poll(DataBlockingQueue.java:137)&#10;        at org.apache.ratis.server.raftlog.segmented.SegmentedRaftLogWorker.run(SegmentedRaftLogWorker.java:282)&#10;        at java.lang.Thread.run(Thread.java:748)&#10;&quot;pool-86-thread-51&quot;  prio=5 tid=869 in Object.wait()&#10;java.lang.Thread.State: WAITING (on object monitor)&#10;        at sun.misc.Unsafe.park(Native Method)&#10;        at java.util.concurrent.locks.LockSupport.park(LockSupport.java:175)&#10;        at java.util.concurrent.locks.AbstractQueuedSynchronizer$ConditionObject.await(AbstractQueuedSynchronizer.java:2039)&#10;        at java.util.concurrent.ArrayBlockingQueue.take(ArrayBlockingQueue.java:403)&#10;        at java.util.concurrent.ThreadPoolExecutor.getTask(ThreadPoolExecutor.java:1074)&#10;        at java.util.concurrent.ThreadPoolExecutor.runWorker(ThreadPoolExecutor.java:1134)&#10;        at java.util.concurrent.ThreadPoolExecutor$Worker.run(ThreadPoolExecutor.java:624)&#10;        at java.lang.Thread.run(Thread.java:748)&#10;&quot;d3056189-9fd1-4309-9520-f49ad506b671@group-7807C7E9218E-SegmentedRaftLogWorker&quot;  prio=5 tid=1157 timed_waiting&#10;java.lang.Thread.State: TIMED_WAITING&#10;        at sun.misc.Unsafe.park(Native Method)&#10;        at java.util.concurrent.locks.LockSupport.parkNanos(LockSupport.java:215)&#10;        at java.util.concurrent.locks.AbstractQueuedSynchronizer$ConditionObject.awaitNanos(AbstractQueuedSynchronizer.java:2078)&#10;        at org.apache.ratis.util.DataBlockingQueue.poll(DataBlockingQueue.java:137)&#10;        at org.apache.ratis.server.raftlog.segmented.SegmentedRaftLogWorker.run(SegmentedRaftLogWorker.java:282)&#10;        at java.lang.Thread.run(Thread.java:748)&#10;&quot;IPC Server handler 12 on 39235&quot; daemon prio=5 tid=41 timed_waiting&#10;java.lang.Thread.State: TIMED_WAITING&#10;        at sun.misc.Unsafe.park(Native Method)&#10;        at java.util.concurrent.locks.LockSupport.parkNanos(LockSupport.java:215)&#10;        at java.util.concurrent.locks.AbstractQueuedSynchronizer$ConditionObject.awaitNanos(AbstractQueuedSynchronizer.java:2078)&#10;        at java.util.concurrent.LinkedBlockingQueue.poll(LinkedBlockingQueue.java:467)&#10;        at org.apache.hadoop.ipc.CallQueueManager.take(CallQueueManager.java:288)&#10;        at org.apache.hadoop.ipc.Server$Handler.run(Server.java:2668)&#10;&quot;Datanode ReportManager Thread - 3&quot; daemon prio=5 tid=606 in Object.wait()&#10;java.lang.Thread.State: WAITING (on object monitor)&#10;        at sun.misc.Unsafe.park(Native Method)&#10;        at java.util.concurrent.locks.LockSupport.park(LockSupport.java:175)&#10;        at java.util.concurrent.locks.AbstractQueuedSynchronizer$ConditionObject.await(AbstractQueuedSynchronizer.java:2039)&#10;        at java.util.concurrent.ScheduledThreadPoolExecutor$DelayedWorkQueue.take(ScheduledThreadPoolExecutor.java:1088)&#10;        at java.util.concurrent.ScheduledThreadPoolExecutor$DelayedWorkQueue.take(ScheduledThreadPoolExecutor.java:809)&#10;        at java.util.concurrent.ThreadPoolExecutor.getTask(ThreadPoolExecutor.java:1074)&#10;        at java.util.concurrent.ThreadPoolExecutor.runWorker(ThreadPoolExecutor.java:1134)&#10;        at java.util.concurrent.ThreadPoolExecutor$Worker.run(ThreadPoolExecutor.java:624)&#10;        at java.lang.Thread.run(Thread.java:748)&#10;&quot;pool-26-thread-33&quot;  prio=5 tid=448 in Object.wait()&#10;java.lang.Thread.State: WAITING (on object monitor)&#10;        at sun.misc.Unsafe.park(Native Method)&#10;        at java.util.concurrent.locks.LockSupport.park(LockSupport.java:175)&#10;        at java.util.concurrent.locks.AbstractQueuedSynchronizer$ConditionObject.await(AbstractQueuedSynchronizer.java:2039)&#10;        at java.util.concurrent.ArrayBlockingQueue.take(ArrayBlockingQueue.java:403)&#10;        at java.util.concurrent.ThreadPoolExecutor.getTask(ThreadPoolExecutor.java:1074)&#10;        at java.util.concurrent.ThreadPoolExecutor.runWorker(ThreadPoolExecutor.java:1134)&#10;        at java.util.concurrent.ThreadPoolExecutor$Worker.run(ThreadPoolExecutor.java:624)&#10;        at java.lang.Thread.run(Thread.java:748)&#10;&quot;Datanode State Machine Thread - 0&quot; daemon prio=5 tid=498 timed_waiting&#10;java.lang.Thread.State: TIMED_WAITING&#10;        at java.lang.Thread.sleep(Native Method)&#10;        at org.apache.hadoop.ozone.container.common.statemachine.DatanodeStateMachine.start(DatanodeStateMachine.java:191)&#10;        at org.apache.hadoop.ozone.container.common.statemachine.DatanodeStateMachine.lambda$startDaemon$0(DatanodeStateMachine.java:349)&#10;        at org.apache.hadoop.ozone.container.common.statemachine.DatanodeStateMachine$$Lambda$140/939829672.run(Unknown Source)&#10;        at java.lang.Thread.run(Thread.java:748)&#10;&quot;pool-86-thread-53&quot;  prio=5 tid=871 in Object.wait()&#10;java.lang.Thread.State: WAITING (on object monitor)&#10;        at sun.misc.Unsafe.park(Native Method)&#10;        at java.util.concurrent.locks.LockSupport.park(LockSupport.java:175)&#10;        at java.util.concurrent.locks.AbstractQueuedSynchronizer$ConditionObject.await(AbstractQueuedSynchronizer.java:2039)&#10;        at java.util.concurrent.ArrayBlockingQueue.take(ArrayBlockingQueue.java:403)&#10;        at java.util.concurrent.ThreadPoolExecutor.getTask(ThreadPoolExecutor.java:1074)&#10;        at java.util.concurrent.ThreadPoolExecutor.runWorker(ThreadPoolExecutor.java:1134)&#10;        at java.util.concurrent.ThreadPoolExecutor$Worker.run(ThreadPoolExecutor.java:624)&#10;        at java.lang.Thread.run(Thread.java:748)&#10;&quot;qtp1680841335-241-acceptor-0@39b1706d-ServerConnector@411c6d44{HTTP/1.1,[http/1.1]}{0.0.0.0:33154}&quot; daemon prio=3 tid=241 runnable&#10;java.lang.Thread.State: RUNNABLE&#10;        at sun.nio.ch.ServerSocketChannelImpl.accept0(Native Method)&#10;        at sun.nio.ch.ServerSocketChannelImpl.accept(ServerSocketChannelImpl.java:422)&#10;        at sun.nio.ch.ServerSocketChannelImpl.accept(ServerSocketChannelImpl.java:250)&#10;        at org.eclipse.jetty.server.ServerConnector.accept(ServerConnector.java:397)&#10;        at org.eclipse.jetty.server.AbstractConnector$Acceptor.run(AbstractConnector.java:601)&#10;        at org.eclipse.jetty.util.thread.QueuedThreadPool.runJob(QueuedThreadPool.java:671)&#10;        at org.eclipse.jetty.util.thread.QueuedThreadPool$2.run(QueuedThreadPool.java:589)&#10;        at java.lang.Thread.run(Thread.java:748)&#10;&quot;IPC Server handler 2 on 37838&quot; daemon prio=5 tid=71 timed_waiting&#10;java.lang.Thread.State: TIMED_WAITING&#10;        at sun.misc.Unsafe.park(Native Method)&#10;        at java.util.concurrent.locks.LockSupport.parkNanos(LockSupport.java:215)&#10;        at java.util.concurrent.locks.AbstractQueuedSynchronizer$ConditionObject.awaitNanos(AbstractQueuedSynchronizer.java:2078)&#10;        at java.util.concurrent.LinkedBlockingQueue.poll(LinkedBlockingQueue.java:467)&#10;        at org.apache.hadoop.ipc.CallQueueManager.take(CallQueueManager.java:288)&#10;        at org.apache.hadoop.ipc.Server$Handler.run(Server.java:2668)&#10;&quot;metrics-hadoop-metrics2-reporter-37-thread-1&quot; daemon prio=5 tid=1165 timed_waiting&#10;java.lang.Thread.State: TIMED_WAITING&#10;        at sun.misc.Unsafe.park(Native Method)&#10;        at java.util.concurrent.locks.LockSupport.parkNanos(LockSupport.java:215)&#10;        at java.util.concurrent.locks.AbstractQueuedSynchronizer$ConditionObject.awaitNanos(AbstractQueuedSynchronizer.java:2078)&#10;        at java.util.concurrent.ScheduledThreadPoolExecutor$DelayedWorkQueue.take(ScheduledThreadPoolExecutor.java:1093)&#10;        at java.util.concurrent.ScheduledThreadPoolExecutor$DelayedWorkQueue.take(ScheduledThreadPoolExecutor.java:809)&#10;        at java.util.concurrent.ThreadPoolExecutor.getTask(ThreadPoolExecutor.java:1074)&#10;        at java.util.concurrent.ThreadPoolExecutor.runWorker(ThreadPoolExecutor.java:1134)&#10;        at java.util.concurrent.ThreadPoolExecutor$Worker.run(ThreadPoolExecutor.java:624)&#10;        at java.lang.Thread.run(Thread.java:748)&#10;&quot;pool-96-thread-30&quot;  prio=5 tid=912 in Object.wait()&#10;java.lang.Thread.State: WAITING (on object monitor)&#10;        at sun.misc.Unsafe.park(Native Method)&#10;        at java.util.concurrent.locks.LockSupport.park(LockSupport.java:175)&#10;        at java.util.concurrent.locks.AbstractQueuedSynchronizer$ConditionObject.await(AbstractQueuedSynchronizer.java:2039)&#10;        at java.util.concurrent.ArrayBlockingQueue.take(ArrayBlockingQueue.java:403)&#10;        at java.util.concurrent.ThreadPoolExecutor.getTask(ThreadPoolExecutor.java:1074)&#10;        at java.util.concurrent.ThreadPoolExecutor.runWorker(ThreadPoolExecutor.java:1134)&#10;        at java.util.concurrent.ThreadPoolExecutor$Worker.run(ThreadPoolExecutor.java:624)&#10;        at java.lang.Thread.run(Thread.java:748)&#10;&quot;IPC Server handler 10 on 37221&quot; daemon prio=5 tid=125 timed_waiting&#10;java.lang.Thread.State: TIMED_WAITING&#10;        at sun.misc.Unsafe.park(Native Method)&#10;        at java.util.concurrent.locks.LockSupport.parkNanos(LockSupport.java:215)&#10;        at java.util.concurrent.locks.AbstractQueuedSynchronizer$ConditionObject.awaitNanos(AbstractQueuedSynchronizer.java:2078)&#10;        at java.util.concurrent.LinkedBlockingQueue.poll(LinkedBlockingQueue.java:467)&#10;        at org.apache.hadoop.ipc.CallQueueManager.take(CallQueueManager.java:288)&#10;        at org.apache.hadoop.ipc.Server$Handler.run(Server.java:2668)&#10;&quot;IPC Server handler 10 on 40878&quot; daemon prio=5 tid=59 timed_waiting&#10;java.lang.Thread.State: TIMED_WAITING&#10;        at sun.misc.Unsafe.park(Native Method)&#10;        at java.util.concurrent.locks.LockSupport.parkNanos(LockSupport.java:215)&#10;        at java.util.concurrent.locks.AbstractQueuedSynchronizer$ConditionObject.awaitNanos(AbstractQueuedSynchronizer.java:2078)&#10;        at java.util.concurrent.LinkedBlockingQueue.poll(LinkedBlockingQueue.java:467)&#10;        at org.apache.hadoop.ipc.CallQueueManager.take(CallQueueManager.java:288)&#10;        at org.apache.hadoop.ipc.Server$Handler.run(Server.java:2668)&#10;&quot;org.eclipse.jetty.server.session.HashSessionManager@b1534d3Timer&quot; daemon prio=5 tid=409 timed_waiting&#10;java.lang.Thread.State: TIMED_WAITING&#10;        at sun.misc.Unsafe.park(Native Method)&#10;        at java.util.concurrent.locks.LockSupport.parkNanos(LockSupport.java:215)&#10;        at java.util.concurrent.locks.AbstractQueuedSynchronizer$ConditionObject.awaitNanos(AbstractQueuedSynchronizer.java:2078)&#10;        at java.util.concurrent.ScheduledThreadPoolExecutor$DelayedWorkQueue.take(ScheduledThreadPoolExecutor.java:1093)&#10;        at java.util.concurrent.ScheduledThreadPoolExecutor$DelayedWorkQueue.take(ScheduledThreadPoolExecutor.java:809)&#10;        at java.util.concurrent.ThreadPoolExecutor.getTask(ThreadPoolExecutor.java:1074)&#10;        at java.util.concurrent.ThreadPoolExecutor.runWorker(ThreadPoolExecutor.java:1134)&#10;        at java.util.concurrent.ThreadPoolExecutor$Worker.run(ThreadPoolExecutor.java:624)&#10;        at java.lang.Thread.run(Thread.java:748)&#10;&quot;Command processor thread&quot; daemon prio=5 tid=732 timed_waiting&#10;java.lang.Thread.State: TIMED_WAITING&#10;        at java.lang.Thread.sleep(Native Method)&#10;        at org.apache.hadoop.ozone.container.common.statemachine.DatanodeStateMachine.lambda$initCommandHandlerThread$1(DatanodeStateMachine.java:439)&#10;        at org.apache.hadoop.ozone.container.common.statemachine.DatanodeStateMachine$$Lambda$141/1487479796.run(Unknown Source)&#10;        at java.lang.Thread.run(Thread.java:748)&#10;&quot;metrics-hadoop-metrics2-reporter-16-thread-1&quot; daemon prio=5 tid=1043 timed_waiting&#10;java.lang.Thread.State: TIMED_WAITING&#10;        at sun.misc.Unsafe.park(Native Method)&#10;        at java.util.concurrent.locks.LockSupport.parkNanos(LockSupport.java:215)&#10;        at java.util.concurrent.locks.AbstractQueuedSynchronizer$ConditionObject.awaitNanos(AbstractQueuedSynchronizer.java:2078)&#10;        at java.util.concurrent.ScheduledThreadPoolExecutor$DelayedWorkQueue.take(ScheduledThreadPoolExecutor.java:1093)&#10;        at java.util.concurrent.ScheduledThreadPoolExecutor$DelayedWorkQueue.take(ScheduledThreadPoolExecutor.java:809)&#10;        at java.util.concurrent.ThreadPoolExecutor.getTask(ThreadPoolExecutor.java:1074)&#10;        at java.util.concurrent.ThreadPoolExecutor.runWorker(ThreadPoolExecutor.java:1134)&#10;        at java.util.concurrent.ThreadPoolExecutor$Worker.run(ThreadPoolExecutor.java:624)&#10;        at java.lang.Thread.run(Thread.java:748)&#10;&quot;OMDoubleBufferFlushThread&quot; daemon prio=5 tid=106 timed_waiting&#10;java.lang.Thread.State: TIMED_WAITING&#10;        at java.lang.Object.wait(Native Method)&#10;        at org.apache.hadoop.ozone.om.ratis.OzoneManagerDoubleBuffer.canFlush(OzoneManagerDoubleBuffer.java:322)&#10;        at org.apache.hadoop.ozone.om.ratis.OzoneManagerDoubleBuffer.flushTransactions(OzoneManagerDoubleBuffer.java:130)&#10;        at org.apache.hadoop.ozone.om.ratis.OzoneManagerDoubleBuffer$$Lambda$49/1553077867.run(Unknown Source)&#10;        at java.lang.Thread.run(Thread.java:748)&#10;&quot;pool-106-thread-4&quot;  prio=5 tid=983 in Object.wait()&#10;java.lang.Thread.State: WAITING (on object monitor)&#10;        at sun.misc.Unsafe.park(Native Method)&#10;        at java.util.concurrent.locks.LockSupport.park(LockSupport.java:175)&#10;        at java.util.concurrent.locks.AbstractQueuedSynchronizer$ConditionObject.await(AbstractQueuedSynchronizer.java:2039)&#10;        at java.util.concurrent.ArrayBlockingQueue.take(ArrayBlockingQueue.java:403)&#10;        at java.util.concurrent.ThreadPoolExecutor.getTask(ThreadPoolExecutor.java:1074)&#10;        at java.util.concurrent.ThreadPoolExecutor.runWorker(ThreadPoolExecutor.java:1134)&#10;        at java.util.concurrent.ThreadPoolExecutor$Worker.run(ThreadPoolExecutor.java:624)&#10;        at java.lang.Thread.run(Thread.java:748)&#10;&quot;pool-36-thread-26&quot;  prio=5 tid=449 in Object.wait()&#10;java.lang.Thread.State: WAITING (on object monitor)&#10;        at sun.misc.Unsafe.park(Native Method)&#10;        at java.util.concurrent.locks.LockSupport.park(LockSupport.java:175)&#10;        at java.util.concurrent.locks.AbstractQueuedSynchronizer$ConditionObject.await(AbstractQueuedSynchronizer.java:2039)&#10;        at java.util.concurrent.ArrayBlockingQueue.take(ArrayBlockingQueue.java:403)&#10;        at java.util.concurrent.ThreadPoolExecutor.getTask(ThreadPoolExecutor.java:1074)&#10;        at java.util.concurrent.ThreadPoolExecutor.runWorker(ThreadPoolExecutor.java:1134)&#10;        at java.util.concurrent.ThreadPoolExecutor$Worker.run(ThreadPoolExecutor.java:624)&#10;        at java.lang.Thread.run(Thread.java:748)&#10;&quot;pool-26-thread-8&quot;  prio=5 tid=352 in Object.wait()&#10;java.lang.Thread.State: WAITING (on object monitor)&#10;        at sun.misc.Unsafe.park(Native Method)&#10;        at java.util.concurrent.locks.LockSupport.park(LockSupport.java:175)&#10;        at java.util.concurrent.locks.AbstractQueuedSynchronizer$ConditionObject.await(AbstractQueuedSynchronizer.java:2039)&#10;        at java.util.concurrent.ArrayBlockingQueue.take(ArrayBlockingQueue.java:403)&#10;        at java.util.concurrent.ThreadPoolExecutor.getTask(ThreadPoolExecutor.java:1074)&#10;        at java.util.concurrent.ThreadPoolExecutor.runWorker(ThreadPoolExecutor.java:1134)&#10;        at java.util.concurrent.ThreadPoolExecutor$Worker.run(ThreadPoolExecutor.java:624)&#10;        at java.lang.Thread.run(Thread.java:748)&#10;&quot;Timer for &apos;StorageContainerManager&apos; metrics system&quot; daemon prio=5 tid=27 timed_waiting&#10;java.lang.Thread.State: TIMED_WAITING&#10;        at java.lang.Object.wait(Native Method)&#10;        at java.util.TimerThread.mainLoop(Timer.java:552)&#10;        at java.util.TimerThread.run(Timer.java:505)&#10;&quot;pool-26-thread-46&quot;  prio=5 tid=489 in Object.wait()&#10;java.lang.Thread.State: WAITING (on object monitor)&#10;        at sun.misc.Unsafe.park(Native Method)&#10;        at java.util.concurrent.locks.LockSupport.park(LockSupport.java:175)&#10;        at java.util.concurrent.locks.AbstractQueuedSynchronizer$ConditionObject.await(AbstractQueuedSynchronizer.java:2039)&#10;        at java.util.concurrent.ArrayBlockingQueue.take(ArrayBlockingQueue.java:403)&#10;        at java.util.concurrent.ThreadPoolExecutor.getTask(ThreadPoolExecutor.java:1074)&#10;        at java.util.concurrent.ThreadPoolExecutor.runWorker(ThreadPoolExecutor.java:1134)&#10;        at java.util.concurrent.ThreadPoolExecutor$Worker.run(ThreadPoolExecutor.java:624)&#10;        at java.lang.Thread.run(Thread.java:748)&#10;&quot;grpc-default-worker-ELG-3-3&quot; daemon prio=5 tid=809 runnable&#10;java.lang.Thread.State: RUNNABLE&#10;        at sun.nio.ch.EPollArrayWrapper.epollWait(Native Method)&#10;        at sun.nio.ch.EPollArrayWrapper.poll(EPollArrayWrapper.java:269)&#10;        at sun.nio.ch.EPollSelectorImpl.doSelect(EPollSelectorImpl.java:93)&#10;        at sun.nio.ch.SelectorImpl.lockAndDoSelect(SelectorImpl.java:86)&#10;        at sun.nio.ch.SelectorImpl.select(SelectorImpl.java:97)&#10;        at org.apache.ratis.thirdparty.io.netty.channel.nio.SelectedSelectionKeySetSelector.select(SelectedSelectionKeySetSelector.java:62)&#10;        at org.apache.ratis.thirdparty.io.netty.channel.nio.NioEventLoop.select(NioEventLoop.java:753)&#10;        at org.apache.ratis.thirdparty.io.netty.channel.nio.NioEventLoop.run(NioEventLoop.java:408)&#10;        at org.apache.ratis.thirdparty.io.netty.util.concurrent.SingleThreadEventExecutor$5.run(SingleThreadEventExecutor.java:897)&#10;        at org.apache.ratis.thirdparty.io.netty.util.concurrent.FastThreadLocalRunnable.run(FastThreadLocalRunnable.java:30)&#10;        at java.lang.Thread.run(Thread.java:748)&#10;&quot;qtp747378368-721&quot; daemon prio=5 tid=721 timed_waiting&#10;java.lang.Thread.State: TIMED_WAITING&#10;        at sun.misc.Unsafe.park(Native Method)&#10;        at java.util.concurrent.locks.LockSupport.parkNanos(LockSupport.java:215)&#10;        at java.util.concurrent.locks.AbstractQueuedSynchronizer$ConditionObject.awaitNanos(AbstractQueuedSynchronizer.java:2078)&#10;        at org.eclipse.jetty.util.BlockingArrayQueue.poll(BlockingArrayQueue.java:392)&#10;        at org.eclipse.jetty.util.thread.QueuedThreadPool.idleJobPoll(QueuedThreadPool.java:563)&#10;        at org.eclipse.jetty.util.thread.QueuedThreadPool.access$800(QueuedThreadPool.java:48)&#10;        at org.eclipse.jetty.util.thread.QueuedThreadPool$2.run(QueuedThreadPool.java:626)&#10;        at java.lang.Thread.run(Thread.java:748)&#10;&quot;pool-106-thread-52&quot;  prio=5 tid=1031 in Object.wait()&#10;java.lang.Thread.State: WAITING (on object monitor)&#10;        at sun.misc.Unsafe.park(Native Method)&#10;        at java.util.concurrent.locks.LockSupport.park(LockSupport.java:175)&#10;        at java.util.concurrent.locks.AbstractQueuedSynchronizer$ConditionObject.await(AbstractQueuedSynchronizer.java:2039)&#10;        at java.util.concurrent.ArrayBlockingQueue.take(ArrayBlockingQueue.java:403)&#10;        at java.util.concurrent.ThreadPoolExecutor.getTask(ThreadPoolExecutor.java:1074)&#10;        at java.util.concurrent.ThreadPoolExecutor.runWorker(ThreadPoolExecutor.java:1134)&#10;        at java.util.concurrent.ThreadPoolExecutor$Worker.run(ThreadPoolExecutor.java:624)&#10;        at java.lang.Thread.run(Thread.java:748)&#10;&quot;pool-96-thread-39&quot;  prio=5 tid=921 in Object.wait()&#10;java.lang.Thread.State: WAITING (on object monitor)&#10;        at sun.misc.Unsafe.park(Native Method)&#10;        at java.util.concurrent.locks.LockSupport.park(LockSupport.java:175)&#10;        at java.util.concurrent.locks.AbstractQueuedSynchronizer$ConditionObject.await(AbstractQueuedSynchronizer.java:2039)&#10;        at java.util.concurrent.ArrayBlockingQueue.take(ArrayBlockingQueue.java:403)&#10;        at java.util.concurrent.ThreadPoolExecutor.getTask(ThreadPoolExecutor.java:1074)&#10;        at java.util.concurrent.ThreadPoolExecutor.runWorker(ThreadPoolExecutor.java:1134)&#10;        at java.util.concurrent.ThreadPoolExecutor$Worker.run(ThreadPoolExecutor.java:624)&#10;        at java.lang.Thread.run(Thread.java:748)&#10;&quot;pool-96-thread-46&quot;  prio=5 tid=928 in Object.wait()&#10;java.lang.Thread.State: WAITING (on object monitor)&#10;        at sun.misc.Unsafe.park(Native Method)&#10;        at java.util.concurrent.locks.LockSupport.park(LockSupport.java:175)&#10;        at java.util.concurrent.locks.AbstractQueuedSynchronizer$ConditionObject.await(AbstractQueuedSynchronizer.java:2039)&#10;        at java.util.concurrent.ArrayBlockingQueue.take(ArrayBlockingQueue.java:403)&#10;        at java.util.concurrent.ThreadPoolExecutor.getTask(ThreadPoolExecutor.java:1074)&#10;        at java.util.concurrent.ThreadPoolExecutor.runWorker(ThreadPoolExecutor.java:1134)&#10;        at java.util.concurrent.ThreadPoolExecutor$Worker.run(ThreadPoolExecutor.java:624)&#10;        at java.lang.Thread.run(Thread.java:748)&#10;&quot;pool-66-thread-58&quot;  prio=5 tid=703 in Object.wait()&#10;java.lang.Thread.State: WAITING (on object monitor)&#10;        at sun.misc.Unsafe.park(Native Method)&#10;        at java.util.concurrent.locks.LockSupport.park(LockSupport.java:175)&#10;        at java.util.concurrent.locks.AbstractQueuedSynchronizer$ConditionObject.await(AbstractQueuedSynchronizer.java:2039)&#10;        at java.util.concurrent.ArrayBlockingQueue.take(ArrayBlockingQueue.java:403)&#10;        at java.util.concurrent.ThreadPoolExecutor.getTask(ThreadPoolExecutor.java:1074)&#10;        at java.util.concurrent.ThreadPoolExecutor.runWorker(ThreadPoolExecutor.java:1134)&#10;        at java.util.concurrent.ThreadPoolExecutor$Worker.run(ThreadPoolExecutor.java:624)&#10;        at java.lang.Thread.run(Thread.java:748)&#10;&quot;org.eclipse.jetty.server.session.HashSessionManager@55b8dbdaTimer&quot; daemon prio=5 tid=144 timed_waiting&#10;java.lang.Thread.State: TIMED_WAITING&#10;        at sun.misc.Unsafe.park(Native Method)&#10;        at java.util.concurrent.locks.LockSupport.parkNanos(LockSupport.java:215)&#10;        at java.util.concurrent.locks.AbstractQueuedSynchronizer$ConditionObject.awaitNanos(AbstractQueuedSynchronizer.java:2078)&#10;        at java.util.concurrent.ScheduledThreadPoolExecutor$DelayedWorkQueue.take(ScheduledThreadPoolExecutor.java:1093)&#10;        at java.util.concurrent.ScheduledThreadPoolExecutor$DelayedWorkQueue.take(ScheduledThreadPoolExecutor.java:809)&#10;        at java.util.concurrent.ThreadPoolExecutor.getTask(ThreadPoolExecutor.java:1074)&#10;        at java.util.concurrent.ThreadPoolExecutor.runWorker(ThreadPoolExecutor.java:1134)&#10;        at java.util.concurrent.ThreadPoolExecutor$Worker.run(ThreadPoolExecutor.java:624)&#10;        at java.lang.Thread.run(Thread.java:748)&#10;&quot;org.eclipse.jetty.server.session.HashSessionManager@127a7272Timer&quot; daemon prio=5 tid=277 timed_waiting&#10;java.lang.Thread.State: TIMED_WAITING&#10;        at sun.misc.Unsafe.park(Native Method)&#10;        at java.util.concurrent.locks.LockSupport.parkNanos(LockSupport.java:215)&#10;        at java.util.concurrent.locks.AbstractQueuedSynchronizer$ConditionObject.awaitNanos(AbstractQueuedSynchronizer.java:2078)&#10;        at java.util.concurrent.ScheduledThreadPoolExecutor$DelayedWorkQueue.take(ScheduledThreadPoolExecutor.java:1093)&#10;        at java.util.concurrent.ScheduledThreadPoolExecutor$DelayedWorkQueue.take(ScheduledThreadPoolExecutor.java:809)&#10;        at java.util.concurrent.ThreadPoolExecutor.getTask(ThreadPoolExecutor.java:1074)&#10;        at java.util.concurrent.ThreadPoolExecutor.runWorker(ThreadPoolExecutor.java:1134)&#10;        at java.util.concurrent.ThreadPoolExecutor$Worker.run(ThreadPoolExecutor.java:624)&#10;        at java.lang.Thread.run(Thread.java:748)&#10;&quot;metrics-hadoop-metrics2-reporter-24-thread-1&quot; daemon prio=5 tid=1129 timed_waiting&#10;java.lang.Thread.State: TIMED_WAITING&#10;        at sun.misc.Unsafe.park(Native Method)&#10;        at java.util.concurrent.locks.LockSupport.parkNanos(LockSupport.java:215)&#10;        at java.util.concurrent.locks.AbstractQueuedSynchronizer$ConditionObject.awaitNanos(AbstractQueuedSynchronizer.java:2078)&#10;        at java.util.concurrent.ScheduledThreadPoolExecutor$DelayedWorkQueue.take(ScheduledThreadPoolExecutor.java:1093)&#10;        at java.util.concurrent.ScheduledThreadPoolExecutor$DelayedWorkQueue.take(ScheduledThreadPoolExecutor.java:809)&#10;        at java.util.concurrent.ThreadPoolExecutor.getTask(ThreadPoolExecutor.java:1074)&#10;        at java.util.concurrent.ThreadPoolExecutor.runWorker(ThreadPoolExecutor.java:1134)&#10;        at java.util.concurrent.ThreadPoolExecutor$Worker.run(ThreadPoolExecutor.java:624)&#10;        at java.lang.Thread.run(Thread.java:748)&#10;&quot;pool-26-thread-24&quot;  prio=5 tid=416 in Object.wait()&#10;java.lang.Thread.State: WAITING (on object monitor)&#10;        at sun.misc.Unsafe.park(Native Method)&#10;        at java.util.concurrent.locks.LockSupport.park(LockSupport.java:175)&#10;        at java.util.concurrent.locks.AbstractQueuedSynchronizer$ConditionObject.await(AbstractQueuedSynchronizer.java:2039)&#10;        at java.util.concurrent.ArrayBlockingQueue.take(ArrayBlockingQueue.java:403)&#10;        at java.util.concurrent.ThreadPoolExecutor.getTask(ThreadPoolExecutor.java:1074)&#10;        at java.util.concurrent.ThreadPoolExecutor.runWorker(ThreadPoolExecutor.java:1134)&#10;        at java.util.concurrent.ThreadPoolExecutor$Worker.run(ThreadPoolExecutor.java:624)&#10;        at java.lang.Thread.run(Thread.java:748)&#10;&quot;pool-106-thread-27&quot;  prio=5 tid=1006 in Object.wait()&#10;java.lang.Thread.State: WAITING (on object monitor)&#10;        at sun.misc.Unsafe.park(Native Method)&#10;        at java.util.concurrent.locks.LockSupport.park(LockSupport.java:175)&#10;        at java.util.concurrent.locks.AbstractQueuedSynchronizer$ConditionObject.await(AbstractQueuedSynchronizer.java:2039)&#10;        at java.util.concurrent.ArrayBlockingQueue.take(ArrayBlockingQueue.java:403)&#10;        at java.util.concurrent.ThreadPoolExecutor.getTask(ThreadPoolExecutor.java:1074)&#10;        at java.util.concurrent.ThreadPoolExecutor.runWorker(ThreadPoolExecutor.java:1134)&#10;        at java.util.concurrent.ThreadPoolExecutor$Worker.run(ThreadPoolExecutor.java:624)&#10;        at java.lang.Thread.run(Thread.java:748)&#10;&quot;pool-86-thread-2&quot;  prio=5 tid=820 in Object.wait()&#10;java.lang.Thread.State: WAITING (on object monitor)&#10;        at sun.misc.Unsafe.park(Native Method)&#10;        at java.util.concurrent.locks.LockSupport.park(LockSupport.java:175)&#10;        at java.util.concurrent.locks.AbstractQueuedSynchronizer$ConditionObject.await(AbstractQueuedSynchronizer.java:2039)&#10;        at java.util.concurrent.ArrayBlockingQueue.take(ArrayBlockingQueue.java:403)&#10;        at java.util.concurrent.ThreadPoolExecutor.getTask(ThreadPoolExecutor.java:1074)&#10;        at java.util.concurrent.ThreadPoolExecutor.runWorker(ThreadPoolExecutor.java:1134)&#10;        at java.util.concurrent.ThreadPoolExecutor$Worker.run(ThreadPoolExecutor.java:624)&#10;        at java.lang.Thread.run(Thread.java:748)&#10;&quot;qtp318555935-187-acceptor-0@460aa329-ServerConnector@467b684d{HTTP/1.1,[http/1.1]}{0.0.0.0:41382}&quot; daemon prio=3 tid=187 runnable&#10;java.lang.Thread.State: RUNNABLE&#10;        at sun.nio.ch.ServerSocketChannelImpl.accept0(Native Method)&#10;        at sun.nio.ch.ServerSocketChannelImpl.accept(ServerSocketChannelImpl.java:422)&#10;        at sun.nio.ch.ServerSocketChannelImpl.accept(ServerSocketChannelImpl.java:250)&#10;        at org.eclipse.jetty.server.ServerConnector.accept(ServerConnector.java:397)&#10;        at org.eclipse.jetty.server.AbstractConnector$Acceptor.run(AbstractConnector.java:601)&#10;        at org.eclipse.jetty.util.thread.QueuedThreadPool.runJob(QueuedThreadPool.java:671)&#10;        at org.eclipse.jetty.util.thread.QueuedThreadPool$2.run(QueuedThreadPool.java:589)&#10;        at java.lang.Thread.run(Thread.java:748)&#10;&quot;pool-96-thread-45&quot;  prio=5 tid=927 in Object.wait()&#10;java.lang.Thread.State: WAITING (on object monitor)&#10;        at sun.misc.Unsafe.park(Native Method)&#10;        at java.util.concurrent.locks.LockSupport.park(LockSupport.java:175)&#10;        at java.util.concurrent.locks.AbstractQueuedSynchronizer$ConditionObject.await(AbstractQueuedSynchronizer.java:2039)&#10;        at java.util.concurrent.ArrayBlockingQueue.take(ArrayBlockingQueue.java:403)&#10;        at java.util.concurrent.ThreadPoolExecutor.getTask(ThreadPoolExecutor.java:1074)&#10;        at java.util.concurrent.ThreadPoolExecutor.runWorker(ThreadPoolExecutor.java:1134)&#10;        at java.util.concurrent.ThreadPoolExecutor$Worker.run(ThreadPoolExecutor.java:624)&#10;        at java.lang.Thread.run(Thread.java:748)&#10;&quot;IPC Parameter Sending Thread #0&quot; daemon prio=5 tid=105 timed_waiting&#10;java.lang.Thread.State: TIMED_WAITING&#10;        at sun.misc.Unsafe.park(Native Method)&#10;        at java.util.concurrent.locks.LockSupport.parkNanos(LockSupport.java:215)&#10;        at java.util.concurrent.SynchronousQueue$TransferStack.awaitFulfill(SynchronousQueue.java:460)&#10;        at java.util.concurrent.SynchronousQueue$TransferStack.transfer(SynchronousQueue.java:362)&#10;        at java.util.concurrent.SynchronousQueue.poll(SynchronousQueue.java:941)&#10;        at java.util.concurrent.ThreadPoolExecutor.getTask(ThreadPoolExecutor.java:1073)&#10;        at java.util.concurrent.ThreadPoolExecutor.runWorker(ThreadPoolExecutor.java:1134)&#10;        at java.util.concurrent.ThreadPoolExecutor$Worker.run(ThreadPoolExecutor.java:624)&#10;        at java.lang.Thread.run(Thread.java:748)&#10;&quot;pool-76-thread-23&quot;  prio=5 tid=769 in Object.wait()&#10;java.lang.Thread.State: WAITING (on object monitor)&#10;        at sun.misc.Unsafe.park(Native Method)&#10;        at java.util.concurrent.locks.LockSupport.park(LockSupport.java:175)&#10;        at java.util.concurrent.locks.AbstractQueuedSynchronizer$ConditionObject.await(AbstractQueuedSynchronizer.java:2039)&#10;        at java.util.concurrent.ArrayBlockingQueue.take(ArrayBlockingQueue.java:403)&#10;        at java.util.concurrent.ThreadPoolExecutor.getTask(ThreadPoolExecutor.java:1074)&#10;        at java.util.concurrent.ThreadPoolExecutor.runWorker(ThreadPoolExecutor.java:1134)&#10;        at java.util.concurrent.ThreadPoolExecutor$Worker.run(ThreadPoolExecutor.java:624)&#10;        at java.lang.Thread.run(Thread.java:748)&#10;&quot;qtp549049813-270&quot; daemon prio=5 tid=270 timed_waiting&#10;java.lang.Thread.State: TIMED_WAITING&#10;        at sun.misc.Unsafe.park(Native Method)&#10;        at java.util.concurrent.locks.LockSupport.parkNanos(LockSupport.java:215)&#10;        at java.util.concurrent.locks.AbstractQueuedSynchronizer$ConditionObject.awaitNanos(AbstractQueuedSynchronizer.java:2078)&#10;        at org.eclipse.jetty.util.BlockingArrayQueue.poll(BlockingArrayQueue.java:392)&#10;        at org.eclipse.jetty.util.thread.QueuedThreadPool.idleJobPoll(QueuedThreadPool.java:563)&#10;        at org.eclipse.jetty.util.thread.QueuedThreadPool.access$800(QueuedThreadPool.java:48)&#10;        at org.eclipse.jetty.util.thread.QueuedThreadPool$2.run(QueuedThreadPool.java:626)&#10;        at java.lang.Thread.run(Thread.java:748)&#10;&quot;pool-36-thread-1&quot;  prio=5 tid=332 in Object.wait()&#10;java.lang.Thread.State: WAITING (on object monitor)&#10;        at sun.misc.Unsafe.park(Native Method)&#10;        at java.util.concurrent.locks.LockSupport.park(LockSupport.java:175)&#10;        at java.util.concurrent.locks.AbstractQueuedSynchronizer$ConditionObject.await(AbstractQueuedSynchronizer.java:2039)&#10;        at java.util.concurrent.ArrayBlockingQueue.take(ArrayBlockingQueue.java:403)&#10;        at java.util.concurrent.ThreadPoolExecutor.getTask(ThreadPoolExecutor.java:1074)&#10;        at java.util.concurrent.ThreadPoolExecutor.runWorker(ThreadPoolExecutor.java:1134)&#10;        at java.util.concurrent.ThreadPoolExecutor$Worker.run(ThreadPoolExecutor.java:624)&#10;        at java.lang.Thread.run(Thread.java:748)&#10;&quot;Datanode State Machine Thread - 0&quot; daemon prio=5 tid=727 timed_waiting&#10;java.lang.Thread.State: TIMED_WAITING&#10;        at java.lang.Thread.sleep(Native Method)&#10;        at org.apache.hadoop.ozone.container.common.statemachine.DatanodeStateMachine.start(DatanodeStateMachine.java:191)&#10;        at org.apache.hadoop.ozone.container.common.statemachine.DatanodeStateMachine.lambda$startDaemon$0(DatanodeStateMachine.java:349)&#10;        at org.apache.hadoop.ozone.container.common.statemachine.DatanodeStateMachine$$Lambda$140/939829672.run(Unknown Source)&#10;        at java.lang.Thread.run(Thread.java:748)&#10;&quot;pool-36-thread-32&quot;  prio=5 tid=482 in Object.wait()&#10;java.lang.Thread.State: WAITING (on object monitor)&#10;        at sun.misc.Unsafe.park(Native Method)&#10;        at java.util.concurrent.locks.LockSupport.park(LockSupport.java:175)&#10;        at java.util.concurrent.locks.AbstractQueuedSynchronizer$ConditionObject.await(AbstractQueuedSynchronizer.java:2039)&#10;        at java.util.concurrent.ArrayBlockingQueue.take(ArrayBlockingQueue.java:403)&#10;        at java.util.concurrent.ThreadPoolExecutor.getTask(ThreadPoolExecutor.java:1074)&#10;        at java.util.concurrent.ThreadPoolExecutor.runWorker(ThreadPoolExecutor.java:1134)&#10;        at java.util.concurrent.ThreadPoolExecutor$Worker.run(ThreadPoolExecutor.java:624)&#10;        at java.lang.Thread.run(Thread.java:748)&#10;&quot;pool-121-thread-1&quot;  prio=5 tid=715 timed_waiting&#10;java.lang.Thread.State: TIMED_WAITING&#10;        at sun.misc.Unsafe.park(Native Method)&#10;        at java.util.concurrent.locks.LockSupport.parkNanos(LockSupport.java:215)&#10;        at java.util.concurrent.locks.AbstractQueuedSynchronizer$ConditionObject.awaitNanos(AbstractQueuedSynchronizer.java:2078)&#10;        at java.util.concurrent.ScheduledThreadPoolExecutor$DelayedWorkQueue.take(ScheduledThreadPoolExecutor.java:1093)&#10;        at java.util.concurrent.ScheduledThreadPoolExecutor$DelayedWorkQueue.take(ScheduledThreadPoolExecutor.java:809)&#10;        at java.util.concurrent.ThreadPoolExecutor.getTask(ThreadPoolExecutor.java:1074)&#10;        at java.util.concurrent.ThreadPoolExecutor.runWorker(ThreadPoolExecutor.java:1134)&#10;        at java.util.concurrent.ThreadPoolExecutor$Worker.run(ThreadPoolExecutor.java:624)&#10;        at java.lang.Thread.run(Thread.java:748)&#10;&quot;pool-36-thread-46&quot;  prio=5 tid=542 in Object.wait()&#10;java.lang.Thread.State: WAITING (on object monitor)&#10;        at sun.misc.Unsafe.park(Native Method)&#10;        at java.util.concurrent.locks.LockSupport.park(LockSupport.java:175)&#10;        at java.util.concurrent.locks.AbstractQueuedSynchronizer$ConditionObject.await(AbstractQueuedSynchronizer.java:2039)&#10;        at java.util.concurrent.ArrayBlockingQueue.take(ArrayBlockingQueue.java:403)&#10;        at java.util.concurrent.ThreadPoolExecutor.getTask(ThreadPoolExecutor.java:1074)&#10;        at java.util.concurrent.ThreadPoolExecutor.runWorker(ThreadPoolExecutor.java:1134)&#10;        at java.util.concurrent.ThreadPoolExecutor$Worker.run(ThreadPoolExecutor.java:624)&#10;        at java.lang.Thread.run(Thread.java:748)&#10;&quot;pool-106-thread-48&quot;  prio=5 tid=1027 in Object.wait()&#10;java.lang.Thread.State: WAITING (on object monitor)&#10;        at sun.misc.Unsafe.park(Native Method)&#10;        at java.util.concurrent.locks.LockSupport.park(LockSupport.java:175)&#10;        at java.util.concurrent.locks.AbstractQueuedSynchronizer$ConditionObject.await(AbstractQueuedSynchronizer.java:2039)&#10;        at java.util.concurrent.ArrayBlockingQueue.take(ArrayBlockingQueue.java:403)&#10;        at java.util.concurrent.ThreadPoolExecutor.getTask(ThreadPoolExecutor.java:1074)&#10;        at java.util.concurrent.ThreadPoolExecutor.runWorker(ThreadPoolExecutor.java:1134)&#10;        at java.util.concurrent.ThreadPoolExecutor$Worker.run(ThreadPoolExecutor.java:624)&#10;        at java.lang.Thread.run(Thread.java:748)&#10;&quot;pool-106-thread-8&quot;  prio=5 tid=987 in Object.wait()&#10;java.lang.Thread.State: WAITING (on object monitor)&#10;        at sun.misc.Unsafe.park(Native Method)&#10;        at java.util.concurrent.locks.LockSupport.park(LockSupport.java:175)&#10;        at java.util.concurrent.locks.AbstractQueuedSynchronizer$ConditionObject.await(AbstractQueuedSynchronizer.java:2039)&#10;        at java.util.concurrent.ArrayBlockingQueue.take(ArrayBlockingQueue.java:403)&#10;        at java.util.concurrent.ThreadPoolExecutor.getTask(ThreadPoolExecutor.java:1074)&#10;        at java.util.concurrent.ThreadPoolExecutor.runWorker(ThreadPoolExecutor.java:1134)&#10;        at java.util.concurrent.ThreadPoolExecutor$Worker.run(ThreadPoolExecutor.java:624)&#10;        at java.lang.Thread.run(Thread.java:748)&#10;&quot;IPC Server handler 8 on 39235&quot; daemon prio=5 tid=37 timed_waiting&#10;java.lang.Thread.State: TIMED_WAITING&#10;        at sun.misc.Unsafe.park(Native Method)&#10;        at java.util.concurrent.locks.LockSupport.parkNanos(LockSupport.java:215)&#10;        at java.util.concurrent.locks.AbstractQueuedSynchronizer$ConditionObject.awaitNanos(AbstractQueuedSynchronizer.java:2078)&#10;        at java.util.concurrent.LinkedBlockingQueue.poll(LinkedBlockingQueue.java:467)&#10;        at org.apache.hadoop.ipc.CallQueueManager.take(CallQueueManager.java:288)&#10;        at org.apache.hadoop.ipc.Server$Handler.run(Server.java:2668)&#10;&quot;pool-76-thread-53&quot;  prio=5 tid=799 in Object.wait()&#10;java.lang.Thread.State: WAITING (on object monitor)&#10;        at sun.misc.Unsafe.park(Native Method)&#10;        at java.util.concurrent.locks.LockSupport.park(LockSupport.java:175)&#10;        at java.util.concurrent.locks.AbstractQueuedSynchronizer$ConditionObject.await(AbstractQueuedSynchronizer.java:2039)&#10;        at java.util.concurrent.ArrayBlockingQueue.take(ArrayBlockingQueue.java:403)&#10;        at java.util.concurrent.ThreadPoolExecutor.getTask(ThreadPoolExecutor.java:1074)&#10;        at java.util.concurrent.ThreadPoolExecutor.runWorker(ThreadPoolExecutor.java:1134)&#10;        at java.util.concurrent.ThreadPoolExecutor$Worker.run(ThreadPoolExecutor.java:624)&#10;        at java.lang.Thread.run(Thread.java:748)&#10;&quot;pool-76-thread-7&quot;  prio=5 tid=753 in Object.wait()&#10;java.lang.Thread.State: WAITING (on object monitor)&#10;        at sun.misc.Unsafe.park(Native Method)&#10;        at java.util.concurrent.locks.LockSupport.park(LockSupport.java:175)&#10;        at java.util.concurrent.locks.AbstractQueuedSynchronizer$ConditionObject.await(AbstractQueuedSynchronizer.java:2039)&#10;        at java.util.concurrent.ArrayBlockingQueue.take(ArrayBlockingQueue.java:403)&#10;        at java.util.concurrent.ThreadPoolExecutor.getTask(ThreadPoolExecutor.java:1074)&#10;        at java.util.concurrent.ThreadPoolExecutor.runWorker(ThreadPoolExecutor.java:1134)&#10;        at java.util.concurrent.ThreadPoolExecutor$Worker.run(ThreadPoolExecutor.java:624)&#10;        at java.lang.Thread.run(Thread.java:748)&#10;&quot;metrics-hadoop-metrics2-reporter-49-thread-1&quot; daemon prio=5 tid=1216 timed_waiting&#10;java.lang.Thread.State: TIMED_WAITING&#10;        at sun.misc.Unsafe.park(Native Method)&#10;        at java.util.concurrent.locks.LockSupport.parkNanos(LockSupport.java:215)&#10;        at java.util.concurrent.locks.AbstractQueuedSynchronizer$ConditionObject.awaitNanos(AbstractQueuedSynchronizer.java:2078)&#10;        at java.util.concurrent.ScheduledThreadPoolExecutor$DelayedWorkQueue.take(ScheduledThreadPoolExecutor.java:1093)&#10;        at java.util.concurrent.ScheduledThreadPoolExecutor$DelayedWorkQueue.take(ScheduledThreadPoolExecutor.java:809)&#10;        at java.util.concurrent.ThreadPoolExecutor.getTask(ThreadPoolExecutor.java:1074)&#10;        at java.util.concurrent.ThreadPoolExecutor.runWorker(ThreadPoolExecutor.java:1134)&#10;        at java.util.concurrent.ThreadPoolExecutor$Worker.run(ThreadPoolExecutor.java:624)&#10;        at java.lang.Thread.run(Thread.java:748)&#10;&quot;BlockDeletingService#1&quot; daemon prio=5 tid=1122 in Object.wait()&#10;java.lang.Thread.State: WAITING (on object monitor)&#10;        at sun.misc.Unsafe.park(Native Method)&#10;        at java.util.concurrent.locks.LockSupport.park(LockSupport.java:175)&#10;        at java.util.concurrent.locks.AbstractQueuedSynchronizer$ConditionObject.await(AbstractQueuedSynchronizer.java:2039)&#10;        at java.util.concurrent.ScheduledThreadPoolExecutor$DelayedWorkQueue.take(ScheduledThreadPoolExecutor.java:1088)&#10;        at java.util.concurrent.ScheduledThreadPoolExecutor$DelayedWorkQueue.take(ScheduledThreadPoolExecutor.java:809)&#10;        at java.util.concurrent.ThreadPoolExecutor.getTask(ThreadPoolExecutor.java:1074)&#10;        at java.util.concurrent.ThreadPoolExecutor.runWorker(ThreadPoolExecutor.java:1134)&#10;        at java.util.concurrent.ThreadPoolExecutor$Worker.run(ThreadPoolExecutor.java:624)&#10;        at java.lang.Thread.run(Thread.java:748)&#10;&quot;pool-76-thread-4&quot;  prio=5 tid=750 in Object.wait()&#10;java.lang.Thread.State: WAITING (on object monitor)&#10;        at sun.misc.Unsafe.park(Native Method)&#10;        at java.util.concurrent.locks.LockSupport.park(LockSupport.java:175)&#10;        at java.util.concurrent.locks.AbstractQueuedSynchronizer$ConditionObject.await(AbstractQueuedSynchronizer.java:2039)&#10;        at java.util.concurrent.ArrayBlockingQueue.take(ArrayBlockingQueue.java:403)&#10;        at java.util.concurrent.ThreadPoolExecutor.getTask(ThreadPoolExecutor.java:1074)&#10;        at java.util.concurrent.ThreadPoolExecutor.runWorker(ThreadPoolExecutor.java:1134)&#10;        at java.util.concurrent.ThreadPoolExecutor$Worker.run(ThreadPoolExecutor.java:624)&#10;        at java.lang.Thread.run(Thread.java:748)&#10;&quot;pool-66-thread-36&quot;  prio=5 tid=677 in Object.wait()&#10;java.lang.Thread.State: WAITING (on object monitor)&#10;        at sun.misc.Unsafe.park(Native Method)&#10;        at java.util.concurrent.locks.LockSupport.park(LockSupport.java:175)&#10;        at java.util.concurrent.locks.AbstractQueuedSynchronizer$ConditionObject.await(AbstractQueuedSynchronizer.java:2039)&#10;        at java.util.concurrent.ArrayBlockingQueue.take(ArrayBlockingQueue.java:403)&#10;        at java.util.concurrent.ThreadPoolExecutor.getTask(ThreadPoolExecutor.java:1074)&#10;        at java.util.concurrent.ThreadPoolExecutor.runWorker(ThreadPoolExecutor.java:1134)&#10;        at java.util.concurrent.ThreadPoolExecutor$Worker.run(ThreadPoolExecutor.java:624)&#10;        at java.lang.Thread.run(Thread.java:748)&#10;&quot;qtp318555935-193&quot; daemon prio=5 tid=193 timed_waiting&#10;java.lang.Thread.State: TIMED_WAITING&#10;        at sun.misc.Unsafe.park(Native Method)&#10;        at java.util.concurrent.locks.LockSupport.parkNanos(LockSupport.java:215)&#10;        at java.util.concurrent.locks.AbstractQueuedSynchronizer$ConditionObject.awaitNanos(AbstractQueuedSynchronizer.java:2078)&#10;        at org.eclipse.jetty.util.BlockingArrayQueue.poll(BlockingArrayQueue.java:392)&#10;        at org.eclipse.jetty.util.thread.QueuedThreadPool.idleJobPoll(QueuedThreadPool.java:563)&#10;        at org.eclipse.jetty.util.thread.QueuedThreadPool.access$800(QueuedThreadPool.java:48)&#10;        at org.eclipse.jetty.util.thread.QueuedThreadPool$2.run(QueuedThreadPool.java:626)&#10;        at java.lang.Thread.run(Thread.java:748)&#10;&quot;pool-76-thread-6&quot;  prio=5 tid=752 in Object.wait()&#10;java.lang.Thread.State: WAITING (on object monitor)&#10;        at sun.misc.Unsafe.park(Native Method)&#10;        at java.util.concurrent.locks.LockSupport.park(LockSupport.java:175)&#10;        at java.util.concurrent.locks.AbstractQueuedSynchronizer$ConditionObject.await(AbstractQueuedSynchronizer.java:2039)&#10;        at java.util.concurrent.ArrayBlockingQueue.take(ArrayBlockingQueue.java:403)&#10;        at java.util.concurrent.ThreadPoolExecutor.getTask(ThreadPoolExecutor.java:1074)&#10;        at java.util.concurrent.ThreadPoolExecutor.runWorker(ThreadPoolExecutor.java:1134)&#10;        at java.util.concurrent.ThreadPoolExecutor$Worker.run(ThreadPoolExecutor.java:624)&#10;        at java.lang.Thread.run(Thread.java:748)&#10;&quot;metrics-hadoop-metrics2-reporter-10-thread-1&quot; daemon prio=5 tid=961 timed_waiting&#10;java.lang.Thread.State: TIMED_WAITING&#10;        at sun.misc.Unsafe.park(Native Method)&#10;        at java.util.concurrent.locks.LockSupport.parkNanos(LockSupport.java:215)&#10;        at java.util.concurrent.locks.AbstractQueuedSynchronizer$ConditionObject.awaitNanos(AbstractQueuedSynchronizer.java:2078)&#10;        at java.util.concurrent.ScheduledThreadPoolExecutor$DelayedWorkQueue.take(ScheduledThreadPoolExecutor.java:1093)&#10;        at java.util.concurrent.ScheduledThreadPoolExecutor$DelayedWorkQueue.take(ScheduledThreadPoolExecutor.java:809)&#10;        at java.util.concurrent.ThreadPoolExecutor.getTask(ThreadPoolExecutor.java:1074)&#10;        at java.util.concurrent.ThreadPoolExecutor.runWorker(ThreadPoolExecutor.java:1134)&#10;        at java.util.concurrent.ThreadPoolExecutor$Worker.run(ThreadPoolExecutor.java:624)&#10;        at java.lang.Thread.run(Thread.java:748)&#10;&quot;grpc-default-worker-ELG-3-2&quot; daemon prio=5 tid=746 runnable&#10;java.lang.Thread.State: RUNNABLE&#10;        at sun.nio.ch.EPollArrayWrapper.epollWait(Native Method)&#10;        at sun.nio.ch.EPollArrayWrapper.poll(EPollArrayWrapper.java:269)&#10;        at sun.nio.ch.EPollSelectorImpl.doSelect(EPollSelectorImpl.java:93)&#10;        at sun.nio.ch.SelectorImpl.lockAndDoSelect(SelectorImpl.java:86)&#10;        at sun.nio.ch.SelectorImpl.select(SelectorImpl.java:97)&#10;        at org.apache.ratis.thirdparty.io.netty.channel.nio.SelectedSelectionKeySetSelector.select(SelectedSelectionKeySetSelector.java:62)&#10;        at org.apache.ratis.thirdparty.io.netty.channel.nio.NioEventLoop.select(NioEventLoop.java:753)&#10;        at org.apache.ratis.thirdparty.io.netty.channel.nio.NioEventLoop.run(NioEventLoop.java:408)&#10;        at org.apache.ratis.thirdparty.io.netty.util.concurrent.SingleThreadEventExecutor$5.run(SingleThreadEventExecutor.java:897)&#10;        at org.apache.ratis.thirdparty.io.netty.util.concurrent.FastThreadLocalRunnable.run(FastThreadLocalRunnable.java:30)&#10;        at java.lang.Thread.run(Thread.java:748)&#10;&quot;pool-26-thread-30&quot;  prio=5 tid=440 in Object.wait()&#10;java.lang.Thread.State: WAITING (on object monitor)&#10;        at sun.misc.Unsafe.park(Native Method)&#10;        at java.util.concurrent.locks.LockSupport.park(LockSupport.java:175)&#10;        at java.util.concurrent.locks.AbstractQueuedSynchronizer$ConditionObject.await(AbstractQueuedSynchronizer.java:2039)&#10;        at java.util.concurrent.ArrayBlockingQueue.take(ArrayBlockingQueue.java:403)&#10;        at java.util.concurrent.ThreadPoolExecutor.getTask(ThreadPoolExecutor.java:1074)&#10;        at java.util.concurrent.ThreadPoolExecutor.runWorker(ThreadPoolExecutor.java:1134)&#10;        at java.util.concurrent.ThreadPoolExecutor$Worker.run(ThreadPoolExecutor.java:624)&#10;        at java.lang.Thread.run(Thread.java:748)&#10;&quot;6c42b2c0-be2d-45a9-9e22-a67f6ac9562e@group-01AE132E748A-StateMachineUpdater&quot; daemon prio=5 tid=1183 in Object.wait()&#10;java.lang.Thread.State: WAITING (on object monitor)&#10;        at java.lang.Object.wait(Native Method)&#10;        at java.lang.Object.wait(Object.java:502)&#10;        at org.apache.ratis.server.impl.StateMachineUpdater.waitForCommit(StateMachineUpdater.java:194)&#10;        at org.apache.ratis.server.impl.StateMachineUpdater.run(StateMachineUpdater.java:159)&#10;        at java.lang.Thread.run(Thread.java:748)&#10;&quot;pool-86-thread-45&quot;  prio=5 tid=863 in Object.wait()&#10;java.lang.Thread.State: WAITING (on object monitor)&#10;        at sun.misc.Unsafe.park(Native Method)&#10;        at java.util.concurrent.locks.LockSupport.park(LockSupport.java:175)&#10;        at java.util.concurrent.locks.AbstractQueuedSynchronizer$ConditionObject.await(AbstractQueuedSynchronizer.java:2039)&#10;        at java.util.concurrent.ArrayBlockingQueue.take(ArrayBlockingQueue.java:403)&#10;        at java.util.concurrent.ThreadPoolExecutor.getTask(ThreadPoolExecutor.java:1074)&#10;        at java.util.concurrent.ThreadPoolExecutor.runWorker(ThreadPoolExecutor.java:1134)&#10;        at java.util.concurrent.ThreadPoolExecutor$Worker.run(ThreadPoolExecutor.java:624)&#10;        at java.lang.Thread.run(Thread.java:748)&#10;&quot;Socket Reader #1 for port 40878&quot;  prio=5 tid=19 runnable&#10;java.lang.Thread.State: RUNNABLE&#10;        at sun.nio.ch.EPollArrayWrapper.epollWait(Native Method)&#10;        at sun.nio.ch.EPollArrayWrapper.poll(EPollArrayWrapper.java:269)&#10;        at sun.nio.ch.EPollSelectorImpl.doSelect(EPollSelectorImpl.java:93)&#10;        at sun.nio.ch.SelectorImpl.lockAndDoSelect(SelectorImpl.java:86)&#10;        at sun.nio.ch.SelectorImpl.select(SelectorImpl.java:97)&#10;        at sun.nio.ch.SelectorImpl.select(SelectorImpl.java:101)&#10;        at org.apache.hadoop.ipc.Server$Listener$Reader.doRunLoop(Server.java:1097)&#10;        at org.apache.hadoop.ipc.Server$Listener$Reader.run(Server.java:1076)&#10;&quot;pool-66-thread-16&quot;  prio=5 tid=653 in Object.wait()&#10;java.lang.Thread.State: WAITING (on object monitor)&#10;        at sun.misc.Unsafe.park(Native Method)&#10;        at java.util.concurrent.locks.LockSupport.park(LockSupport.java:175)&#10;        at java.util.concurrent.locks.AbstractQueuedSynchronizer$ConditionObject.await(AbstractQueuedSynchronizer.java:2039)&#10;        at java.util.concurrent.ArrayBlockingQueue.take(ArrayBlockingQueue.java:403)&#10;        at java.util.concurrent.ThreadPoolExecutor.getTask(ThreadPoolExecutor.java:1074)&#10;        at java.util.concurrent.ThreadPoolExecutor.runWorker(ThreadPoolExecutor.java:1134)&#10;        at java.util.concurrent.ThreadPoolExecutor$Worker.run(ThreadPoolExecutor.java:624)&#10;        at java.lang.Thread.run(Thread.java:748)&#10;&quot;org.apache.hadoop.util.JvmPauseMonitor$Monitor@13ad032b&quot; daemon prio=5 tid=284 timed_waiting&#10;java.lang.Thread.State: TIMED_WAITING&#10;        at java.lang.Thread.sleep(Native Method)&#10;        at org.apache.hadoop.util.JvmPauseMonitor$Monitor.run(JvmPauseMonitor.java:192)&#10;        at java.lang.Thread.run(Thread.java:748)&#10;&quot;metrics-hadoop-metrics2-reporter-56-thread-1&quot; daemon prio=5 tid=1268 timed_waiting&#10;java.lang.Thread.State: TIMED_WAITING&#10;        at sun.misc.Unsafe.park(Native Method)&#10;        at java.util.concurrent.locks.LockSupport.parkNanos(LockSupport.java:215)&#10;        at java.util.concurrent.locks.AbstractQueuedSynchronizer$ConditionObject.awaitNanos(AbstractQueuedSynchronizer.java:2078)&#10;        at java.util.concurrent.ScheduledThreadPoolExecutor$DelayedWorkQueue.take(ScheduledThreadPoolExecutor.java:1093)&#10;        at java.util.concurrent.ScheduledThreadPoolExecutor$DelayedWorkQueue.take(ScheduledThreadPoolExecutor.java:809)&#10;        at java.util.concurrent.ThreadPoolExecutor.getTask(ThreadPoolExecutor.java:1074)&#10;        at java.util.concurrent.ThreadPoolExecutor.runWorker(ThreadPoolExecutor.java:1134)&#10;        at java.util.concurrent.ThreadPoolExecutor$Worker.run(ThreadPoolExecutor.java:624)&#10;        at java.lang.Thread.run(Thread.java:748)&#10;&quot;pool-96-thread-10&quot;  prio=5 tid=892 in Object.wait()&#10;java.lang.Thread.State: WAITING (on object monitor)&#10;        at sun.misc.Unsafe.park(Native Method)&#10;        at java.util.concurrent.locks.LockSupport.park(LockSupport.java:175)&#10;        at java.util.concurrent.locks.AbstractQueuedSynchronizer$ConditionObject.await(AbstractQueuedSynchronizer.java:2039)&#10;        at java.util.concurrent.ArrayBlockingQueue.take(ArrayBlockingQueue.java:403)&#10;        at java.util.concurrent.ThreadPoolExecutor.getTask(ThreadPoolExecutor.java:1074)&#10;        at java.util.concurrent.ThreadPoolExecutor.runWorker(ThreadPoolExecutor.java:1134)&#10;        at java.util.concurrent.ThreadPoolExecutor$Worker.run(ThreadPoolExecutor.java:624)&#10;        at java.lang.Thread.run(Thread.java:748)&#10;&quot;qtp1987707214-159&quot; daemon prio=5 tid=159 runnable&#10;java.lang.Thread.State: RUNNABLE&#10;        at sun.nio.ch.EPollArrayWrapper.epollWait(Native Method)&#10;        at sun.nio.ch.EPollArrayWrapper.poll(EPollArrayWrapper.java:269)&#10;        at sun.nio.ch.EPollSelectorImpl.doSelect(EPollSelectorImpl.java:93)&#10;        at sun.nio.ch.SelectorImpl.lockAndDoSelect(SelectorImpl.java:86)&#10;        at sun.nio.ch.SelectorImpl.select(SelectorImpl.java:97)&#10;        at sun.nio.ch.SelectorImpl.select(SelectorImpl.java:101)&#10;        at org.eclipse.jetty.io.ManagedSelector$SelectorProducer.select(ManagedSelector.java:243)&#10;        at org.eclipse.jetty.io.ManagedSelector$SelectorProducer.produce(ManagedSelector.java:191)&#10;        at org.eclipse.jetty.util.thread.strategy.ExecuteProduceConsume.executeProduceConsume(ExecuteProduceConsume.java:249)&#10;        at org.eclipse.jetty.util.thread.strategy.ExecuteProduceConsume.produceConsume(ExecuteProduceConsume.java:148)&#10;        at org.eclipse.jetty.util.thread.strategy.ExecuteProduceConsume.execute(ExecuteProduceConsume.java:100)&#10;        at org.eclipse.jetty.io.ManagedSelector.run(ManagedSelector.java:147)&#10;        at org.eclipse.jetty.util.thread.QueuedThreadPool.runJob(QueuedThreadPool.java:671)&#10;        at org.eclipse.jetty.util.thread.QueuedThreadPool$2.run(QueuedThreadPool.java:589)&#10;        at java.lang.Thread.run(Thread.java:748)&#10;&quot;refreshUsed-/workdir/hadoop-ozone/integration-test/target/test-dir/MiniOzoneClusterImpl-fc727f2e-e877-4159-90ff-4473a18561dc/datanode-2/data/containers&quot; daemon prio=5 tid=208 timed_waiting&#10;java.lang.Thread.State: TIMED_WAITING&#10;        at java.lang.Thread.sleep(Native Method)&#10;        at org.apache.hadoop.fs.CachingGetSpaceUsed$RefreshThread.run(CachingGetSpaceUsed.java:179)&#10;        at java.lang.Thread.run(Thread.java:748)&#10;&quot;pool-66-thread-55&quot;  prio=5 tid=700 in Object.wait()&#10;java.lang.Thread.State: WAITING (on object monitor)&#10;        at sun.misc.Unsafe.park(Native Method)&#10;        at java.util.concurrent.locks.LockSupport.park(LockSupport.java:175)&#10;        at java.util.concurrent.locks.AbstractQueuedSynchronizer$ConditionObject.await(AbstractQueuedSynchronizer.java:2039)&#10;        at java.util.concurrent.ArrayBlockingQueue.take(ArrayBlockingQueue.java:403)&#10;        at java.util.concurrent.ThreadPoolExecutor.getTask(ThreadPoolExecutor.java:1074)&#10;        at java.util.concurrent.ThreadPoolExecutor.runWorker(ThreadPoolExecutor.java:1134)&#10;        at java.util.concurrent.ThreadPoolExecutor$Worker.run(ThreadPoolExecutor.java:624)&#10;        at java.lang.Thread.run(Thread.java:748)&#10;&quot;pool-117-thread-18&quot;  prio=5 tid=1077 in Object.wait()&#10;java.lang.Thread.State: WAITING (on object monitor)&#10;        at sun.misc.Unsafe.park(Native Method)&#10;        at java.util.concurrent.locks.LockSupport.park(LockSupport.java:175)&#10;        at java.util.concurrent.locks.AbstractQueuedSynchronizer$ConditionObject.await(AbstractQueuedSynchronizer.java:2039)&#10;        at java.util.concurrent.ArrayBlockingQueue.take(ArrayBlockingQueue.java:403)&#10;        at java.util.concurrent.ThreadPoolExecutor.getTask(ThreadPoolExecutor.java:1074)&#10;        at java.util.concurrent.ThreadPoolExecutor.runWorker(ThreadPoolExecutor.java:1134)&#10;        at java.util.concurrent.ThreadPoolExecutor$Worker.run(ThreadPoolExecutor.java:624)&#10;        at java.lang.Thread.run(Thread.java:748)&#10;&quot;RatisApplyTransactionExecutor 1&quot; daemon prio=5 tid=1254 in Object.wait()&#10;java.lang.Thread.State: WAITING (on object monitor)&#10;        at sun.misc.Unsafe.park(Native Method)&#10;        at java.util.concurrent.locks.LockSupport.park(LockSupport.java:175)&#10;        at java.util.concurrent.locks.AbstractQueuedSynchronizer$ConditionObject.await(AbstractQueuedSynchronizer.java:2039)&#10;        at java.util.concurrent.LinkedBlockingQueue.take(LinkedBlockingQueue.java:442)&#10;        at java.util.concurrent.ThreadPoolExecutor.getTask(ThreadPoolExecutor.java:1074)&#10;        at java.util.concurrent.ThreadPoolExecutor.runWorker(ThreadPoolExecutor.java:1134)&#10;        at java.util.concurrent.ThreadPoolExecutor$Worker.run(ThreadPoolExecutor.java:624)&#10;        at java.lang.Thread.run(Thread.java:748)&#10;&quot;pool-46-thread-46&quot;  prio=5 tid=541 in Object.wait()&#10;java.lang.Thread.State: WAITING (on object monitor)&#10;        at sun.misc.Unsafe.park(Native Method)&#10;        at java.util.concurrent.locks.LockSupport.park(LockSupport.java:175)&#10;        at java.util.concurrent.locks.AbstractQueuedSynchronizer$ConditionObject.await(AbstractQueuedSynchronizer.java:2039)&#10;        at java.util.concurrent.ArrayBlockingQueue.take(ArrayBlockingQueue.java:403)&#10;        at java.util.concurrent.ThreadPoolExecutor.getTask(ThreadPoolExecutor.java:1074)&#10;        at java.util.concurrent.ThreadPoolExecutor.runWorker(ThreadPoolExecutor.java:1134)&#10;        at java.util.concurrent.ThreadPoolExecutor$Worker.run(ThreadPoolExecutor.java:624)&#10;        at java.lang.Thread.run(Thread.java:748)&#10;&quot;surefire-forkedjvm-command-thread&quot; daemon prio=5 tid=8 runnable&#10;java.lang.Thread.State: RUNNABLE&#10;        at java.io.FileInputStream.readBytes(Native Method)&#10;        at java.io.FileInputStream.read(FileInputStream.java:255)&#10;        at java.io.BufferedInputStream.fill(BufferedInputStream.java:246)&#10;        at java.io.BufferedInputStream.read(BufferedInputStream.java:265)&#10;        at java.io.DataInputStream.readInt(DataInputStream.java:387)&#10;        at org.apache.maven.surefire.booter.MasterProcessCommand.decode(MasterProcessCommand.java:115)&#10;        at org.apache.maven.surefire.booter.CommandReader$CommandRunnable.run(CommandReader.java:390)&#10;        at java.lang.Thread.run(Thread.java:748)&#10;&quot;metrics-hadoop-metrics2-reporter-40-thread-1&quot; daemon prio=5 tid=1173 timed_waiting&#10;java.lang.Thread.State: TIMED_WAITING&#10;        at sun.misc.Unsafe.park(Native Method)&#10;        at java.util.concurrent.locks.LockSupport.parkNanos(LockSupport.java:215)&#10;        at java.util.concurrent.locks.AbstractQueuedSynchronizer$ConditionObject.awaitNanos(AbstractQueuedSynchronizer.java:2078)&#10;        at java.util.concurrent.ScheduledThreadPoolExecutor$DelayedWorkQueue.take(ScheduledThreadPoolExecutor.java:1093)&#10;        at java.util.concurrent.ScheduledThreadPoolExecutor$DelayedWorkQueue.take(ScheduledThreadPoolExecutor.java:809)&#10;        at java.util.concurrent.ThreadPoolExecutor.getTask(ThreadPoolExecutor.java:1074)&#10;        at java.util.concurrent.ThreadPoolExecutor.runWorker(ThreadPoolExecutor.java:1134)&#10;        at java.util.concurrent.ThreadPoolExecutor$Worker.run(ThreadPoolExecutor.java:624)&#10;        at java.lang.Thread.run(Thread.java:748)&#10;&quot;IPC Server handler 14 on 40878&quot; daemon prio=5 tid=63 timed_waiting&#10;java.lang.Thread.State: TIMED_WAITING&#10;        at sun.misc.Unsafe.park(Native Method)&#10;        at java.util.concurrent.locks.LockSupport.parkNanos(LockSupport.java:215)&#10;        at java.util.concurrent.locks.AbstractQueuedSynchronizer$ConditionObject.awaitNanos(AbstractQueuedSynchronizer.java:2078)&#10;        at java.util.concurrent.LinkedBlockingQueue.poll(LinkedBlockingQueue.java:467)&#10;        at org.apache.hadoop.ipc.CallQueueManager.take(CallQueueManager.java:288)&#10;        at org.apache.hadoop.ipc.Server$Handler.run(Server.java:2668)&#10;&quot;qtp856047451-625&quot; daemon prio=5 tid=625 timed_waiting&#10;java.lang.Thread.State: TIMED_WAITING&#10;        at sun.misc.Unsafe.park(Native Method)&#10;        at java.util.concurrent.locks.LockSupport.parkNanos(LockSupport.java:215)&#10;        at java.util.concurrent.locks.AbstractQueuedSynchronizer$ConditionObject.awaitNanos(AbstractQueuedSynchronizer.java:2078)&#10;        at org.eclipse.jetty.util.BlockingArrayQueue.poll(BlockingArrayQueue.java:392)&#10;        at org.eclipse.jetty.util.thread.QueuedThreadPool.idleJobPoll(QueuedThreadPool.java:563)&#10;        at org.eclipse.jetty.util.thread.QueuedThreadPool.access$800(QueuedThreadPool.java:48)&#10;        at org.eclipse.jetty.util.thread.QueuedThreadPool$2.run(QueuedThreadPool.java:626)&#10;        at java.lang.Thread.run(Thread.java:748)&#10;&quot;pool-96-thread-15&quot;  prio=5 tid=897 in Object.wait()&#10;java.lang.Thread.State: WAITING (on object monitor)&#10;        at sun.misc.Unsafe.park(Native Method)&#10;        at java.util.concurrent.locks.LockSupport.park(LockSupport.java:175)&#10;        at java.util.concurrent.locks.AbstractQueuedSynchronizer$ConditionObject.await(AbstractQueuedSynchronizer.java:2039)&#10;        at java.util.concurrent.ArrayBlockingQueue.take(ArrayBlockingQueue.java:403)&#10;        at java.util.concurrent.ThreadPoolExecutor.getTask(ThreadPoolExecutor.java:1074)&#10;        at java.util.concurrent.ThreadPoolExecutor.runWorker(ThreadPoolExecutor.java:1134)&#10;        at java.util.concurrent.ThreadPoolExecutor$Worker.run(ThreadPoolExecutor.java:624)&#10;        at java.lang.Thread.run(Thread.java:748)&#10;&quot;pool-86-thread-55&quot;  prio=5 tid=873 in Object.wait()&#10;java.lang.Thread.State: WAITING (on object monitor)&#10;        at sun.misc.Unsafe.park(Native Method)&#10;        at java.util.concurrent.locks.LockSupport.park(LockSupport.java:175)&#10;        at java.util.concurrent.locks.AbstractQueuedSynchronizer$ConditionObject.await(AbstractQueuedSynchronizer.java:2039)&#10;        at java.util.concurrent.ArrayBlockingQueue.take(ArrayBlockingQueue.java:403)&#10;        at java.util.concurrent.ThreadPoolExecutor.getTask(ThreadPoolExecutor.java:1074)&#10;        at java.util.concurrent.ThreadPoolExecutor.runWorker(ThreadPoolExecutor.java:1134)&#10;        at java.util.concurrent.ThreadPoolExecutor$Worker.run(ThreadPoolExecutor.java:624)&#10;        at java.lang.Thread.run(Thread.java:748)&#10;&quot;java.util.concurrent.ThreadPoolExecutor$Worker@34c70b5e[State = -1, empty queue]&quot; daemon prio=5 tid=1371 runnable&#10;java.lang.Thread.State: RUNNABLE&#10;        at java.util.concurrent.ScheduledThreadPoolExecutor$DelayedWorkQueue.poll(ScheduledThreadPoolExecutor.java:809)&#10;        at java.util.concurrent.ThreadPoolExecutor.getTask(ThreadPoolExecutor.java:1073)&#10;        at java.util.concurrent.ThreadPoolExecutor.runWorker(ThreadPoolExecutor.java:1134)&#10;        at java.util.concurrent.ThreadPoolExecutor$Worker.run(ThreadPoolExecutor.java:624)&#10;        at java.lang.Thread.run(Thread.java:748)&#10;&quot;pool-86-thread-23&quot;  prio=5 tid=841 in Object.wait()&#10;java.lang.Thread.State: WAITING (on object monitor)&#10;        at sun.misc.Unsafe.park(Native Method)&#10;        at java.util.concurrent.locks.LockSupport.park(LockSupport.java:175)&#10;        at java.util.concurrent.locks.AbstractQueuedSynchronizer$ConditionObject.await(AbstractQueuedSynchronizer.java:2039)&#10;        at java.util.concurrent.ArrayBlockingQueue.take(ArrayBlockingQueue.java:403)&#10;        at java.util.concurrent.ThreadPoolExecutor.getTask(ThreadPoolExecutor.java:1074)&#10;        at java.util.concurrent.ThreadPoolExecutor.runWorker(ThreadPoolExecutor.java:1134)&#10;        at java.util.concurrent.ThreadPoolExecutor$Worker.run(ThreadPoolExecutor.java:624)&#10;        at java.lang.Thread.run(Thread.java:748)&#10;&quot;pool-106-thread-18&quot;  prio=5 tid=997 in Object.wait()&#10;java.lang.Thread.State: WAITING (on object monitor)&#10;        at sun.misc.Unsafe.park(Native Method)&#10;        at java.util.concurrent.locks.LockSupport.park(LockSupport.java:175)&#10;        at java.util.concurrent.locks.AbstractQueuedSynchronizer$ConditionObject.await(AbstractQueuedSynchronizer.java:2039)&#10;        at java.util.concurrent.ArrayBlockingQueue.take(ArrayBlockingQueue.java:403)&#10;        at java.util.concurrent.ThreadPoolExecutor.getTask(ThreadPoolExecutor.java:1074)&#10;        at java.util.concurrent.ThreadPoolExecutor.runWorker(ThreadPoolExecutor.java:1134)&#10;        at java.util.concurrent.ThreadPoolExecutor$Worker.run(ThreadPoolExecutor.java:624)&#10;        at java.lang.Thread.run(Thread.java:748)&#10;&quot;pool-106-thread-29&quot;  prio=5 tid=1008 in Object.wait()&#10;java.lang.Thread.State: WAITING (on object monitor)&#10;        at sun.misc.Unsafe.park(Native Method)&#10;        at java.util.concurrent.locks.LockSupport.park(LockSupport.java:175)&#10;        at java.util.concurrent.locks.AbstractQueuedSynchronizer$ConditionObject.await(AbstractQueuedSynchronizer.java:2039)&#10;        at java.util.concurrent.ArrayBlockingQueue.take(ArrayBlockingQueue.java:403)&#10;        at java.util.concurrent.ThreadPoolExecutor.getTask(ThreadPoolExecutor.java:1074)&#10;        at java.util.concurrent.ThreadPoolExecutor.runWorker(ThreadPoolExecutor.java:1134)&#10;        at java.util.concurrent.ThreadPoolExecutor$Worker.run(ThreadPoolExecutor.java:624)&#10;        at java.lang.Thread.run(Thread.java:748)&#10;&quot;RatisApplyTransactionExecutor 4&quot; daemon prio=5 tid=1372 runnable&#10;java.lang.Thread.State: RUNNABLE&#10;        at org.rocksdb.RocksDB.flushWal(Native Method)&#10;        at org.rocksdb.RocksDB.flushWal(RocksDB.java:3412)&#10;        at org.apache.hadoop.hdds.utils.RocksDBStore.flushDB(RocksDBStore.java:288)&#10;        at org.apache.hadoop.ozone.container.keyvalue.KeyValueContainer.flushAndSyncDB(KeyValueContainer.java:385)&#10;        at org.apache.hadoop.ozone.container.keyvalue.KeyValueContainer.close(KeyValueContainer.java:324)&#10;        at org.apache.hadoop.ozone.container.keyvalue.KeyValueHandler.closeContainer(KeyValueHandler.java:1009)&#10;        at org.apache.hadoop.ozone.container.keyvalue.KeyValueHandler.handleCloseContainer(KeyValueHandler.java:371)&#10;        at org.apache.hadoop.ozone.container.keyvalue.KeyValueHandler.handle(KeyValueHandler.java:162)&#10;        at org.apache.hadoop.ozone.container.common.impl.HddsDispatcher.dispatchRequest(HddsDispatcher.java:277)&#10;        at org.apache.hadoop.ozone.container.common.impl.HddsDispatcher.dispatch(HddsDispatcher.java:150)&#10;        at org.apache.hadoop.ozone.container.common.transport.server.ratis.ContainerStateMachine.dispatchCommand(ContainerStateMachine.java:413)&#10;        at org.apache.hadoop.ozone.container.common.transport.server.ratis.ContainerStateMachine.runCommand(ContainerStateMachine.java:423)&#10;        at org.apache.hadoop.ozone.container.common.transport.server.ratis.ContainerStateMachine.lambda$applyTransaction$6(ContainerStateMachine.java:737)&#10;        at org.apache.hadoop.ozone.container.common.transport.server.ratis.ContainerStateMachine$$Lambda$663/324074021.get(Unknown Source)&#10;        at java.util.concurrent.CompletableFuture$AsyncSupply.run(CompletableFuture.java:1590)&#10;        at java.util.concurrent.ThreadPoolExecutor.runWorker(ThreadPoolExecutor.java:1149)&#10;        at java.util.concurrent.ThreadPoolExecutor$Worker.run(ThreadPoolExecutor.java:624)&#10;        at java.lang.Thread.run(Thread.java:748)&#10;&quot;pool-106-thread-5&quot;  prio=5 tid=984 in Object.wait()&#10;java.lang.Thread.State: WAITING (on object monitor)&#10;        at sun.misc.Unsafe.park(Native Method)&#10;        at java.util.concurrent.locks.LockSupport.park(LockSupport.java:175)&#10;        at java.util.concurrent.locks.AbstractQueuedSynchronizer$ConditionObject.await(AbstractQueuedSynchronizer.java:2039)&#10;        at java.util.concurrent.ArrayBlockingQueue.take(ArrayBlockingQueue.java:403)&#10;        at java.util.concurrent.ThreadPoolExecutor.getTask(ThreadPoolExecutor.java:1074)&#10;        at java.util.concurrent.ThreadPoolExecutor.runWorker(ThreadPoolExecutor.java:1134)&#10;        at java.util.concurrent.ThreadPoolExecutor$Worker.run(ThreadPoolExecutor.java:624)&#10;        at java.lang.Thread.run(Thread.java:748)&#10;&quot;qtp856047451-623&quot; daemon prio=5 tid=623 timed_waiting&#10;java.lang.Thread.State: TIMED_WAITING&#10;        at sun.misc.Unsafe.park(Native Method)&#10;        at java.util.concurrent.locks.LockSupport.parkNanos(LockSupport.java:215)&#10;        at java.util.concurrent.locks.AbstractQueuedSynchronizer$ConditionObject.awaitNanos(AbstractQueuedSynchronizer.java:2078)&#10;        at org.eclipse.jetty.util.BlockingArrayQueue.poll(BlockingArrayQueue.java:392)&#10;        at org.eclipse.jetty.util.thread.QueuedThreadPool.idleJobPoll(QueuedThreadPool.java:563)&#10;        at org.eclipse.jetty.util.thread.QueuedThreadPool.access$800(QueuedThreadPool.java:48)&#10;        at org.eclipse.jetty.util.thread.QueuedThreadPool$2.run(QueuedThreadPool.java:626)&#10;        at java.lang.Thread.run(Thread.java:748)&#10;&quot;pool-26-thread-47&quot;  prio=5 tid=491 in Object.wait()&#10;java.lang.Thread.State: WAITING (on object monitor)&#10;        at sun.misc.Unsafe.park(Native Method)&#10;        at java.util.concurrent.locks.LockSupport.park(LockSupport.java:175)&#10;        at java.util.concurrent.locks.AbstractQueuedSynchronizer$ConditionObject.await(AbstractQueuedSynchronizer.java:2039)&#10;        at java.util.concurrent.ArrayBlockingQueue.take(ArrayBlockingQueue.java:403)&#10;        at java.util.concurrent.ThreadPoolExecutor.getTask(ThreadPoolExecutor.java:1074)&#10;        at java.util.concurrent.ThreadPoolExecutor.runWorker(ThreadPoolExecutor.java:1134)&#10;        at java.util.concurrent.ThreadPoolExecutor$Worker.run(ThreadPoolExecutor.java:624)&#10;        at java.lang.Thread.run(Thread.java:748)&#10;&quot;pool-46-thread-29&quot;  prio=5 tid=444 in Object.wait()&#10;java.lang.Thread.State: WAITING (on object monitor)&#10;        at sun.misc.Unsafe.park(Native Method)&#10;        at java.util.concurrent.locks.LockSupport.park(LockSupport.java:175)&#10;        at java.util.concurrent.locks.AbstractQueuedSynchronizer$ConditionObject.await(AbstractQueuedSynchronizer.java:2039)&#10;        at java.util.concurrent.ArrayBlockingQueue.take(ArrayBlockingQueue.java:403)&#10;        at java.util.concurrent.ThreadPoolExecutor.getTask(ThreadPoolExecutor.java:1074)&#10;        at java.util.concurrent.ThreadPoolExecutor.runWorker(ThreadPoolExecutor.java:1134)&#10;        at java.util.concurrent.ThreadPoolExecutor$Worker.run(ThreadPoolExecutor.java:624)&#10;        at java.lang.Thread.run(Thread.java:748)&#10;&quot;qtp318555935-191&quot; daemon prio=5 tid=191 timed_waiting&#10;java.lang.Thread.State: TIMED_WAITING&#10;        at sun.misc.Unsafe.park(Native Method)&#10;        at java.util.concurrent.locks.LockSupport.parkNanos(LockSupport.java:215)&#10;        at java.util.concurrent.locks.AbstractQueuedSynchronizer$ConditionObject.awaitNanos(AbstractQueuedSynchronizer.java:2078)&#10;        at org.eclipse.jetty.util.BlockingArrayQueue.poll(BlockingArrayQueue.java:392)&#10;        at org.eclipse.jetty.util.thread.QueuedThreadPool.idleJobPoll(QueuedThreadPool.java:563)&#10;        at org.eclipse.jetty.util.thread.QueuedThreadPool.access$800(QueuedThreadPool.java:48)&#10;        at org.eclipse.jetty.util.thread.QueuedThreadPool$2.run(QueuedThreadPool.java:626)&#10;        at java.lang.Thread.run(Thread.java:748)&#10;&quot;pool-46-thread-8&quot;  prio=5 tid=341 in Object.wait()&#10;java.lang.Thread.State: WAITING (on object monitor)&#10;        at sun.misc.Unsafe.park(Native Method)&#10;        at java.util.concurrent.locks.LockSupport.park(LockSupport.java:175)&#10;        at java.util.concurrent.locks.AbstractQueuedSynchronizer$ConditionObject.await(AbstractQueuedSynchronizer.java:2039)&#10;        at java.util.concurrent.ArrayBlockingQueue.take(ArrayBlockingQueue.java:403)&#10;        at java.util.concurrent.ThreadPoolExecutor.getTask(ThreadPoolExecutor.java:1074)&#10;        at java.util.concurrent.ThreadPoolExecutor.runWorker(ThreadPoolExecutor.java:1134)&#10;        at java.util.concurrent.ThreadPoolExecutor$Worker.run(ThreadPoolExecutor.java:624)&#10;        at java.lang.Thread.run(Thread.java:748)&#10;&quot;pool-36-thread-34&quot;  prio=5 tid=488 in Object.wait()&#10;java.lang.Thread.State: WAITING (on object monitor)&#10;        at sun.misc.Unsafe.park(Native Method)&#10;        at java.util.concurrent.locks.LockSupport.park(LockSupport.java:175)&#10;        at java.util.concurrent.locks.AbstractQueuedSynchronizer$ConditionObject.await(AbstractQueuedSynchronizer.java:2039)&#10;        at java.util.concurrent.ArrayBlockingQueue.take(ArrayBlockingQueue.java:403)&#10;        at java.util.concurrent.ThreadPoolExecutor.getTask(ThreadPoolExecutor.java:1074)&#10;        at java.util.concurrent.ThreadPoolExecutor.runWorker(ThreadPoolExecutor.java:1134)&#10;        at java.util.concurrent.ThreadPoolExecutor$Worker.run(ThreadPoolExecutor.java:624)&#10;        at java.lang.Thread.run(Thread.java:748)&#10;&quot;org.eclipse.jetty.server.session.HashSessionManager@30b131b2Timer&quot; daemon prio=5 tid=195 timed_waiting&#10;java.lang.Thread.State: TIMED_WAITING&#10;        at sun.misc.Unsafe.park(Native Method)&#10;        at java.util.concurrent.locks.LockSupport.parkNanos(LockSupport.java:215)&#10;        at java.util.concurrent.locks.AbstractQueuedSynchronizer$ConditionObject.awaitNanos(AbstractQueuedSynchronizer.java:2078)&#10;        at java.util.concurrent.ScheduledThreadPoolExecutor$DelayedWorkQueue.take(ScheduledThreadPoolExecutor.java:1093)&#10;        at java.util.concurrent.ScheduledThreadPoolExecutor$DelayedWorkQueue.take(ScheduledThreadPoolExecutor.java:809)&#10;        at java.util.concurrent.ThreadPoolExecutor.getTask(ThreadPoolExecutor.java:1074)&#10;        at java.util.concurrent.ThreadPoolExecutor.runWorker(ThreadPoolExecutor.java:1134)&#10;        at java.util.concurrent.ThreadPoolExecutor$Worker.run(ThreadPoolExecutor.java:624)&#10;        at java.lang.Thread.run(Thread.java:748)&#10;&quot;qtp856047451-621&quot; daemon prio=5 tid=621 timed_waiting&#10;java.lang.Thread.State: TIMED_WAITING&#10;        at sun.misc.Unsafe.park(Native Method)&#10;        at java.util.concurrent.locks.LockSupport.parkNanos(LockSupport.java:215)&#10;        at java.util.concurrent.locks.AbstractQueuedSynchronizer$ConditionObject.awaitNanos(AbstractQueuedSynchronizer.java:2078)&#10;        at org.eclipse.jetty.util.BlockingArrayQueue.poll(BlockingArrayQueue.java:392)&#10;        at org.eclipse.jetty.util.thread.QueuedThreadPool.idleJobPoll(QueuedThreadPool.java:563)&#10;        at org.eclipse.jetty.util.thread.QueuedThreadPool.access$800(QueuedThreadPool.java:48)&#10;        at org.eclipse.jetty.util.thread.QueuedThreadPool$2.run(QueuedThreadPool.java:626)&#10;        at java.lang.Thread.run(Thread.java:748)&#10;&quot;Datanode ReportManager Thread - 1&quot; daemon prio=5 tid=280 timed_waiting&#10;java.lang.Thread.State: TIMED_WAITING&#10;        at sun.misc.Unsafe.park(Native Method)&#10;        at java.util.concurrent.locks.LockSupport.parkNanos(LockSupport.java:215)&#10;        at java.util.concurrent.locks.AbstractQueuedSynchronizer$ConditionObject.awaitNanos(AbstractQueuedSynchronizer.java:2078)&#10;        at java.util.concurrent.ScheduledThreadPoolExecutor$DelayedWorkQueue.take(ScheduledThreadPoolExecutor.java:1093)&#10;        at java.util.concurrent.ScheduledThreadPoolExecutor$DelayedWorkQueue.take(ScheduledThreadPoolExecutor.java:809)&#10;        at java.util.concurrent.ThreadPoolExecutor.getTask(ThreadPoolExecutor.java:1074)&#10;        at java.util.concurrent.ThreadPoolExecutor.runWorker(ThreadPoolExecutor.java:1134)&#10;        at java.util.concurrent.ThreadPoolExecutor$Worker.run(ThreadPoolExecutor.java:624)&#10;        at java.lang.Thread.run(Thread.java:748)&#10;&quot;qtp1089341986-141&quot; daemon prio=5 tid=141 timed_waiting&#10;java.lang.Thread.State: TIMED_WAITING&#10;        at sun.misc.Unsafe.park(Native Method)&#10;        at java.util.concurrent.locks.LockSupport.parkNanos(LockSupport.java:215)&#10;        at java.util.concurrent.locks.AbstractQueuedSynchronizer$ConditionObject.awaitNanos(AbstractQueuedSynchronizer.java:2078)&#10;        at org.eclipse.jetty.util.BlockingArrayQueue.poll(BlockingArrayQueue.java:392)&#10;        at org.eclipse.jetty.util.thread.QueuedThreadPool.idleJobPoll(QueuedThreadPool.java:563)&#10;        at org.eclipse.jetty.util.thread.QueuedThreadPool.access$800(QueuedThreadPool.java:48)&#10;        at org.eclipse.jetty.util.thread.QueuedThreadPool$2.run(QueuedThreadPool.java:626)&#10;        at java.lang.Thread.run(Thread.java:748)&#10;&quot;pool-117-thread-46&quot;  prio=5 tid=1105 in Object.wait()&#10;java.lang.Thread.State: WAITING (on object monitor)&#10;        at sun.misc.Unsafe.park(Native Method)&#10;        at java.util.concurrent.locks.LockSupport.park(LockSupport.java:175)&#10;        at java.util.concurrent.locks.AbstractQueuedSynchronizer$ConditionObject.await(AbstractQueuedSynchronizer.java:2039)&#10;        at java.util.concurrent.ArrayBlockingQueue.take(ArrayBlockingQueue.java:403)&#10;        at java.util.concurrent.ThreadPoolExecutor.getTask(ThreadPoolExecutor.java:1074)&#10;        at java.util.concurrent.ThreadPoolExecutor.runWorker(ThreadPoolExecutor.java:1134)&#10;        at java.util.concurrent.ThreadPoolExecutor$Worker.run(ThreadPoolExecutor.java:624)&#10;        at java.lang.Thread.run(Thread.java:748)&#10;&quot;IPC Server handler 3 on 39235&quot; daemon prio=5 tid=32 timed_waiting&#10;java.lang.Thread.State: TIMED_WAITING&#10;        at sun.misc.Unsafe.park(Native Method)&#10;        at java.util.concurrent.locks.LockSupport.parkNanos(LockSupport.java:215)&#10;        at java.util.concurrent.locks.AbstractQueuedSynchronizer$ConditionObject.awaitNanos(AbstractQueuedSynchronizer.java:2078)&#10;        at java.util.concurrent.LinkedBlockingQueue.poll(LinkedBlockingQueue.java:467)&#10;        at org.apache.hadoop.ipc.CallQueueManager.take(CallQueueManager.java:288)&#10;        at org.apache.hadoop.ipc.Server$Handler.run(Server.java:2668)&#10;&quot;pool-36-thread-23&quot;  prio=5 tid=430 in Object.wait()&#10;java.lang.Thread.State: WAITING (on object monitor)&#10;        at sun.misc.Unsafe.park(Native Method)&#10;        at java.util.concurrent.locks.LockSupport.park(LockSupport.java:175)&#10;        at java.util.concurrent.locks.AbstractQueuedSynchronizer$ConditionObject.await(AbstractQueuedSynchronizer.java:2039)&#10;        at java.util.concurrent.ArrayBlockingQueue.take(ArrayBlockingQueue.java:403)&#10;        at java.util.concurrent.ThreadPoolExecutor.getTask(ThreadPoolExecutor.java:1074)&#10;        at java.util.concurrent.ThreadPoolExecutor.runWorker(ThreadPoolExecutor.java:1134)&#10;        at java.util.concurrent.ThreadPoolExecutor$Worker.run(ThreadPoolExecutor.java:624)&#10;        at java.lang.Thread.run(Thread.java:748)&#10;&quot;pool-46-thread-9&quot;  prio=5 tid=346 in Object.wait()&#10;java.lang.Thread.State: WAITING (on object monitor)&#10;        at sun.misc.Unsafe.park(Native Method)&#10;        at java.util.concurrent.locks.LockSupport.park(LockSupport.java:175)&#10;        at java.util.concurrent.locks.AbstractQueuedSynchronizer$ConditionObject.await(AbstractQueuedSynchronizer.java:2039)&#10;        at java.util.concurrent.ArrayBlockingQueue.take(ArrayBlockingQueue.java:403)&#10;        at java.util.concurrent.ThreadPoolExecutor.getTask(ThreadPoolExecutor.java:1074)&#10;        at java.util.concurrent.ThreadPoolExecutor.runWorker(ThreadPoolExecutor.java:1134)&#10;        at java.util.concurrent.ThreadPoolExecutor$Worker.run(ThreadPoolExecutor.java:624)&#10;        at java.lang.Thread.run(Thread.java:748)&#10;&quot;c30de686-1f6e-4ce7-9435-b57c4f7968b1@group-0E49D02C1954-SegmentedRaftLogWorker&quot;  prio=5 tid=1133 timed_waiting&#10;java.lang.Thread.State: TIMED_WAITING&#10;        at sun.misc.Unsafe.park(Native Method)&#10;        at java.util.concurrent.locks.LockSupport.parkNanos(LockSupport.java:215)&#10;        at java.util.concurrent.locks.AbstractQueuedSynchronizer$ConditionObject.awaitNanos(AbstractQueuedSynchronizer.java:2078)&#10;        at org.apache.ratis.util.DataBlockingQueue.poll(DataBlockingQueue.java:137)&#10;        at org.apache.ratis.server.raftlog.segmented.SegmentedRaftLogWorker.run(SegmentedRaftLogWorker.java:282)&#10;        at java.lang.Thread.run(Thread.java:748)&#10;&quot;IPC Server handler 6 on 40878&quot; daemon prio=5 tid=55 timed_waiting&#10;java.lang.Thread.State: TIMED_WAITING&#10;        at sun.misc.Unsafe.park(Native Method)&#10;        at java.util.concurrent.locks.LockSupport.parkNanos(LockSupport.java:215)&#10;        at java.util.concurrent.locks.AbstractQueuedSynchronizer$ConditionObject.awaitNanos(AbstractQueuedSynchronizer.java:2078)&#10;        at java.util.concurrent.LinkedBlockingQueue.poll(LinkedBlockingQueue.java:467)&#10;        at org.apache.hadoop.ipc.CallQueueManager.take(CallQueueManager.java:288)&#10;        at org.apache.hadoop.ipc.Server$Handler.run(Server.java:2668)&#10;&quot;pool-56-thread-28&quot;  prio=5 tid=453 in Object.wait()&#10;java.lang.Thread.State: WAITING (on object monitor)&#10;        at sun.misc.Unsafe.park(Native Method)&#10;        at java.util.concurrent.locks.LockSupport.park(LockSupport.java:175)&#10;        at java.util.concurrent.locks.AbstractQueuedSynchronizer$ConditionObject.await(AbstractQueuedSynchronizer.java:2039)&#10;        at java.util.concurrent.ArrayBlockingQueue.take(ArrayBlockingQueue.java:403)&#10;        at java.util.concurrent.ThreadPoolExecutor.getTask(ThreadPoolExecutor.java:1074)&#10;        at java.util.concurrent.ThreadPoolExecutor.runWorker(ThreadPoolExecutor.java:1134)&#10;        at java.util.concurrent.ThreadPoolExecutor$Worker.run(ThreadPoolExecutor.java:624)&#10;        at java.lang.Thread.run(Thread.java:748)&#10;&quot;pool-96-thread-44&quot;  prio=5 tid=926 in Object.wait()&#10;java.lang.Thread.State: WAITING (on object monitor)&#10;        at sun.misc.Unsafe.park(Native Method)&#10;        at java.util.concurrent.locks.LockSupport.park(LockSupport.java:175)&#10;        at java.util.concurrent.locks.AbstractQueuedSynchronizer$ConditionObject.await(AbstractQueuedSynchronizer.java:2039)&#10;        at java.util.concurrent.ArrayBlockingQueue.take(ArrayBlockingQueue.java:403)&#10;        at java.util.concurrent.ThreadPoolExecutor.getTask(ThreadPoolExecutor.java:1074)&#10;        at java.util.concurrent.ThreadPoolExecutor.runWorker(ThreadPoolExecutor.java:1134)&#10;        at java.util.concurrent.ThreadPoolExecutor$Worker.run(ThreadPoolExecutor.java:624)&#10;        at java.lang.Thread.run(Thread.java:748)&#10;&quot;pool-66-thread-24&quot;  prio=5 tid=661 in Object.wait()&#10;java.lang.Thread.State: WAITING (on object monitor)&#10;        at sun.misc.Unsafe.park(Native Method)&#10;        at java.util.concurrent.locks.LockSupport.park(LockSupport.java:175)&#10;        at java.util.concurrent.locks.AbstractQueuedSynchronizer$ConditionObject.await(AbstractQueuedSynchronizer.java:2039)&#10;        at java.util.concurrent.ArrayBlockingQueue.take(ArrayBlockingQueue.java:403)&#10;        at java.util.concurrent.ThreadPoolExecutor.getTask(ThreadPoolExecutor.java:1074)&#10;        at java.util.concurrent.ThreadPoolExecutor.runWorker(ThreadPoolExecutor.java:1134)&#10;        at java.util.concurrent.ThreadPoolExecutor$Worker.run(ThreadPoolExecutor.java:624)&#10;        at java.lang.Thread.run(Thread.java:748)&#10;&quot;qtp934617920-595&quot; daemon prio=5 tid=595 timed_waiting&#10;java.lang.Thread.State: TIMED_WAITING&#10;        at sun.misc.Unsafe.park(Native Method)&#10;        at java.util.concurrent.locks.LockSupport.parkNanos(LockSupport.java:215)&#10;        at java.util.concurrent.locks.AbstractQueuedSynchronizer$ConditionObject.awaitNanos(AbstractQueuedSynchronizer.java:2078)&#10;        at org.eclipse.jetty.util.BlockingArrayQueue.poll(BlockingArrayQueue.java:392)&#10;        at org.eclipse.jetty.util.thread.QueuedThreadPool.idleJobPoll(QueuedThreadPool.java:563)&#10;        at org.eclipse.jetty.util.thread.QueuedThreadPool.access$800(QueuedThreadPool.java:48)&#10;        at org.eclipse.jetty.util.thread.QueuedThreadPool$2.run(QueuedThreadPool.java:626)&#10;        at java.lang.Thread.run(Thread.java:748)&#10;&quot;pool-106-thread-33&quot;  prio=5 tid=1012 in Object.wait()&#10;java.lang.Thread.State: WAITING (on object monitor)&#10;        at sun.misc.Unsafe.park(Native Method)&#10;        at java.util.concurrent.locks.LockSupport.park(LockSupport.java:175)&#10;        at java.util.concurrent.locks.AbstractQueuedSynchronizer$ConditionObject.await(AbstractQueuedSynchronizer.java:2039)&#10;        at java.util.concurrent.ArrayBlockingQueue.take(ArrayBlockingQueue.java:403)&#10;        at java.util.concurrent.ThreadPoolExecutor.getTask(ThreadPoolExecutor.java:1074)&#10;        at java.util.concurrent.ThreadPoolExecutor.runWorker(ThreadPoolExecutor.java:1134)&#10;        at java.util.concurrent.ThreadPoolExecutor$Worker.run(ThreadPoolExecutor.java:624)&#10;        at java.lang.Thread.run(Thread.java:748)&#10;&quot;IPC Server handler 2 on 40878&quot; daemon prio=5 tid=51 timed_waiting&#10;java.lang.Thread.State: TIMED_WAITING&#10;        at sun.misc.Unsafe.park(Native Method)&#10;        at java.util.concurrent.locks.LockSupport.parkNanos(LockSupport.java:215)&#10;        at java.util.concurrent.locks.AbstractQueuedSynchronizer$ConditionObject.awaitNanos(AbstractQueuedSynchronizer.java:2078)&#10;        at java.util.concurrent.LinkedBlockingQueue.poll(LinkedBlockingQueue.java:467)&#10;        at org.apache.hadoop.ipc.CallQueueManager.take(CallQueueManager.java:288)&#10;        at org.apache.hadoop.ipc.Server$Handler.run(Server.java:2668)&#10;&quot;pool-66-thread-27&quot;  prio=5 tid=664 in Object.wait()&#10;java.lang.Thread.State: WAITING (on object monitor)&#10;        at sun.misc.Unsafe.park(Native Method)&#10;        at java.util.concurrent.locks.LockSupport.park(LockSupport.java:175)&#10;        at java.util.concurrent.locks.AbstractQueuedSynchronizer$ConditionObject.await(AbstractQueuedSynchronizer.java:2039)&#10;        at java.util.concurrent.ArrayBlockingQueue.take(ArrayBlockingQueue.java:403)&#10;        at java.util.concurrent.ThreadPoolExecutor.getTask(ThreadPoolExecutor.java:1074)&#10;        at java.util.concurrent.ThreadPoolExecutor.runWorker(ThreadPoolExecutor.java:1134)&#10;        at java.util.concurrent.ThreadPoolExecutor$Worker.run(ThreadPoolExecutor.java:624)&#10;        at java.lang.Thread.run(Thread.java:748)&#10;&quot;Datanode State Machine Thread - 0&quot; daemon prio=5 tid=258 timed_waiting&#10;java.lang.Thread.State: TIMED_WAITING&#10;        at sun.misc.Unsafe.park(Native Method)&#10;        at java.util.concurrent.locks.LockSupport.parkNanos(LockSupport.java:215)&#10;        at java.util.concurrent.SynchronousQueue$TransferStack.awaitFulfill(SynchronousQueue.java:460)&#10;        at java.util.concurrent.SynchronousQueue$TransferStack.transfer(SynchronousQueue.java:362)&#10;        at java.util.concurrent.SynchronousQueue.poll(SynchronousQueue.java:941)&#10;        at java.util.concurrent.ThreadPoolExecutor.getTask(ThreadPoolExecutor.java:1073)&#10;        at java.util.concurrent.ThreadPoolExecutor.runWorker(ThreadPoolExecutor.java:1134)&#10;        at java.util.concurrent.ThreadPoolExecutor$Worker.run(ThreadPoolExecutor.java:624)&#10;        at java.lang.Thread.run(Thread.java:748)&#10;&quot;IPC Server handler 7 on 39235&quot; daemon prio=5 tid=36 timed_waiting&#10;java.lang.Thread.State: TIMED_WAITING&#10;        at sun.misc.Unsafe.park(Native Method)&#10;        at java.util.concurrent.locks.LockSupport.parkNanos(LockSupport.java:215)&#10;        at java.util.concurrent.locks.AbstractQueuedSynchronizer$ConditionObject.awaitNanos(AbstractQueuedSynchronizer.java:2078)&#10;        at java.util.concurrent.LinkedBlockingQueue.poll(LinkedBlockingQueue.java:467)&#10;        at org.apache.hadoop.ipc.CallQueueManager.take(CallQueueManager.java:288)&#10;        at org.apache.hadoop.ipc.Server$Handler.run(Server.java:2668)&#10;&quot;pool-117-thread-24&quot;  prio=5 tid=1083 in Object.wait()&#10;java.lang.Thread.State: WAITING (on object monitor)&#10;        at sun.misc.Unsafe.park(Native Method)&#10;        at java.util.concurrent.locks.LockSupport.park(LockSupport.java:175)&#10;        at java.util.concurrent.locks.AbstractQueuedSynchronizer$ConditionObject.await(AbstractQueuedSynchronizer.java:2039)&#10;        at java.util.concurrent.ArrayBlockingQueue.take(ArrayBlockingQueue.java:403)&#10;        at java.util.concurrent.ThreadPoolExecutor.getTask(ThreadPoolExecutor.java:1074)&#10;        at java.util.concurrent.ThreadPoolExecutor.runWorker(ThreadPoolExecutor.java:1134)&#10;        at java.util.concurrent.ThreadPoolExecutor$Worker.run(ThreadPoolExecutor.java:624)&#10;        at java.lang.Thread.run(Thread.java:748)&#10;&quot;IPC Server listener on 37221&quot; daemon prio=5 tid=107 runnable&#10;java.lang.Thread.State: RUNNABLE&#10;        at sun.nio.ch.EPollArrayWrapper.epollWait(Native Method)&#10;        at sun.nio.ch.EPollArrayWrapper.poll(EPollArrayWrapper.java:269)&#10;        at sun.nio.ch.EPollSelectorImpl.doSelect(EPollSelectorImpl.java:93)&#10;        at sun.nio.ch.SelectorImpl.lockAndDoSelect(SelectorImpl.java:86)&#10;        at sun.nio.ch.SelectorImpl.select(SelectorImpl.java:97)&#10;        at sun.nio.ch.SelectorImpl.select(SelectorImpl.java:101)&#10;        at org.apache.hadoop.ipc.Server$Listener.run(Server.java:1159)&#10;&quot;pool-46-thread-7&quot;  prio=5 tid=335 in Object.wait()&#10;java.lang.Thread.State: WAITING (on object monitor)&#10;        at sun.misc.Unsafe.park(Native Method)&#10;        at java.util.concurrent.locks.LockSupport.park(LockSupport.java:175)&#10;        at java.util.concurrent.locks.AbstractQueuedSynchronizer$ConditionObject.await(AbstractQueuedSynchronizer.java:2039)&#10;        at java.util.concurrent.ArrayBlockingQueue.take(ArrayBlockingQueue.java:403)&#10;        at java.util.concurrent.ThreadPoolExecutor.getTask(ThreadPoolExecutor.java:1074)&#10;        at java.util.concurrent.ThreadPoolExecutor.runWorker(ThreadPoolExecutor.java:1134)&#10;        at java.util.concurrent.ThreadPoolExecutor$Worker.run(ThreadPoolExecutor.java:624)&#10;        at java.lang.Thread.run(Thread.java:748)&#10;&quot;qtp2035381640-91-acceptor-0@5f11e279-ServerConnector@514eedd8{HTTP/1.1,[http/1.1]}{0.0.0.0:34607}&quot; daemon prio=3 tid=91 runnable&#10;java.lang.Thread.State: RUNNABLE&#10;        at sun.nio.ch.ServerSocketChannelImpl.accept0(Native Method)&#10;        at sun.nio.ch.ServerSocketChannelImpl.accept(ServerSocketChannelImpl.java:422)&#10;        at sun.nio.ch.ServerSocketChannelImpl.accept(ServerSocketChannelImpl.java:250)&#10;        at org.eclipse.jetty.server.ServerConnector.accept(ServerConnector.java:397)&#10;        at org.eclipse.jetty.server.AbstractConnector$Acceptor.run(AbstractConnector.java:601)&#10;        at org.eclipse.jetty.util.thread.QueuedThreadPool.runJob(QueuedThreadPool.java:671)&#10;        at org.eclipse.jetty.util.thread.QueuedThreadPool$2.run(QueuedThreadPool.java:589)&#10;        at java.lang.Thread.run(Thread.java:748)&#10;&quot;pool-26-thread-38&quot;  prio=5 tid=457 in Object.wait()&#10;java.lang.Thread.State: WAITING (on object monitor)&#10;        at sun.misc.Unsafe.park(Native Method)&#10;        at java.util.concurrent.locks.LockSupport.park(LockSupport.java:175)&#10;        at java.util.concurrent.locks.AbstractQueuedSynchronizer$ConditionObject.await(AbstractQueuedSynchronizer.java:2039)&#10;        at java.util.concurrent.ArrayBlockingQueue.take(ArrayBlockingQueue.java:403)&#10;        at java.util.concurrent.ThreadPoolExecutor.getTask(ThreadPoolExecutor.java:1074)&#10;        at java.util.concurrent.ThreadPoolExecutor.runWorker(ThreadPoolExecutor.java:1134)&#10;        at java.util.concurrent.ThreadPoolExecutor$Worker.run(ThreadPoolExecutor.java:624)&#10;        at java.lang.Thread.run(Thread.java:748)&#10;&quot;pool-86-thread-6&quot;  prio=5 tid=824 in Object.wait()&#10;java.lang.Thread.State: WAITING (on object monitor)&#10;        at sun.misc.Unsafe.park(Native Method)&#10;        at java.util.concurrent.locks.LockSupport.park(LockSupport.java:175)&#10;        at java.util.concurrent.locks.AbstractQueuedSynchronizer$ConditionObject.await(AbstractQueuedSynchronizer.java:2039)&#10;        at java.util.concurrent.ArrayBlockingQueue.take(ArrayBlockingQueue.java:403)&#10;        at java.util.concurrent.ThreadPoolExecutor.getTask(ThreadPoolExecutor.java:1074)&#10;        at java.util.concurrent.ThreadPoolExecutor.runWorker(ThreadPoolExecutor.java:1134)&#10;        at java.util.concurrent.ThreadPoolExecutor$Worker.run(ThreadPoolExecutor.java:624)&#10;        at java.lang.Thread.run(Thread.java:748)&#10;&quot;Datanode State Machine Thread - 0&quot; daemon prio=5 tid=180 timed_waiting&#10;java.lang.Thread.State: TIMED_WAITING&#10;        at sun.misc.Unsafe.park(Native Method)&#10;        at java.util.concurrent.locks.LockSupport.parkNanos(LockSupport.java:215)&#10;        at java.util.concurrent.SynchronousQueue$TransferStack.awaitFulfill(SynchronousQueue.java:460)&#10;        at java.util.concurrent.SynchronousQueue$TransferStack.transfer(SynchronousQueue.java:362)&#10;        at java.util.concurrent.SynchronousQueue.poll(SynchronousQueue.java:941)&#10;        at java.util.concurrent.ThreadPoolExecutor.getTask(ThreadPoolExecutor.java:1073)&#10;        at java.util.concurrent.ThreadPoolExecutor.runWorker(ThreadPoolExecutor.java:1134)&#10;        at java.util.concurrent.ThreadPoolExecutor$Worker.run(ThreadPoolExecutor.java:624)&#10;        at java.lang.Thread.run(Thread.java:748)&#10;&quot;pool-26-thread-25&quot;  prio=5 tid=419 in Object.wait()&#10;java.lang.Thread.State: WAITING (on object monitor)&#10;        at sun.misc.Unsafe.park(Native Method)&#10;        at java.util.concurrent.locks.LockSupport.park(LockSupport.java:175)&#10;        at java.util.concurrent.locks.AbstractQueuedSynchronizer$ConditionObject.await(AbstractQueuedSynchronizer.java:2039)&#10;        at java.util.concurrent.ArrayBlockingQueue.take(ArrayBlockingQueue.java:403)&#10;        at java.util.concurrent.ThreadPoolExecutor.getTask(ThreadPoolExecutor.java:1074)&#10;        at java.util.concurrent.ThreadPoolExecutor.runWorker(ThreadPoolExecutor.java:1134)&#10;        at java.util.concurrent.ThreadPoolExecutor$Worker.run(ThreadPoolExecutor.java:624)&#10;        at java.lang.Thread.run(Thread.java:748)&#10;&quot;qtp1977508673-301&quot; daemon prio=5 tid=301 timed_waiting&#10;java.lang.Thread.State: TIMED_WAITING&#10;        at sun.misc.Unsafe.park(Native Method)&#10;        at java.util.concurrent.locks.LockSupport.parkNanos(LockSupport.java:215)&#10;        at java.util.concurrent.locks.AbstractQueuedSynchronizer$ConditionObject.awaitNanos(AbstractQueuedSynchronizer.java:2078)&#10;        at org.eclipse.jetty.util.BlockingArrayQueue.poll(BlockingArrayQueue.java:392)&#10;        at org.eclipse.jetty.util.thread.QueuedThreadPool.idleJobPoll(QueuedThreadPool.java:563)&#10;        at org.eclipse.jetty.util.thread.QueuedThreadPool.access$800(QueuedThreadPool.java:48)&#10;        at org.eclipse.jetty.util.thread.QueuedThreadPool$2.run(QueuedThreadPool.java:626)&#10;        at java.lang.Thread.run(Thread.java:748)&#10;&quot;pool-46-thread-40&quot;  prio=5 tid=500 in Object.wait()&#10;java.lang.Thread.State: WAITING (on object monitor)&#10;        at sun.misc.Unsafe.park(Native Method)&#10;        at java.util.concurrent.locks.LockSupport.park(LockSupport.java:175)&#10;        at java.util.concurrent.locks.AbstractQueuedSynchronizer$ConditionObject.await(AbstractQueuedSynchronizer.java:2039)&#10;        at java.util.concurrent.ArrayBlockingQueue.take(ArrayBlockingQueue.java:403)&#10;        at java.util.concurrent.ThreadPoolExecutor.getTask(ThreadPoolExecutor.java:1074)&#10;        at java.util.concurrent.ThreadPoolExecutor.runWorker(ThreadPoolExecutor.java:1134)&#10;        at java.util.concurrent.ThreadPoolExecutor$Worker.run(ThreadPoolExecutor.java:624)&#10;        at java.lang.Thread.run(Thread.java:748)&#10;&quot;pool-86-thread-30&quot;  prio=5 tid=848 in Object.wait()&#10;java.lang.Thread.State: WAITING (on object monitor)&#10;        at sun.misc.Unsafe.park(Native Method)&#10;        at java.util.concurrent.locks.LockSupport.park(LockSupport.java:175)&#10;        at java.util.concurrent.locks.AbstractQueuedSynchronizer$ConditionObject.await(AbstractQueuedSynchronizer.java:2039)&#10;        at java.util.concurrent.ArrayBlockingQueue.take(ArrayBlockingQueue.java:403)&#10;        at java.util.concurrent.ThreadPoolExecutor.getTask(ThreadPoolExecutor.java:1074)&#10;        at java.util.concurrent.ThreadPoolExecutor.runWorker(ThreadPoolExecutor.java:1134)&#10;        at java.util.concurrent.ThreadPoolExecutor$Worker.run(ThreadPoolExecutor.java:624)&#10;        at java.lang.Thread.run(Thread.java:748)&#10;&quot;DataNode DiskChecker thread 0&quot; daemon prio=5 tid=290 timed_waiting&#10;java.lang.Thread.State: TIMED_WAITING&#10;        at sun.misc.Unsafe.park(Native Method)&#10;        at java.util.concurrent.locks.LockSupport.parkNanos(LockSupport.java:215)&#10;        at java.util.concurrent.SynchronousQueue$TransferStack.awaitFulfill(SynchronousQueue.java:460)&#10;        at java.util.concurrent.SynchronousQueue$TransferStack.transfer(SynchronousQueue.java:362)&#10;        at java.util.concurrent.SynchronousQueue.poll(SynchronousQueue.java:941)&#10;        at java.util.concurrent.ThreadPoolExecutor.getTask(ThreadPoolExecutor.java:1073)&#10;        at java.util.concurrent.ThreadPoolExecutor.runWorker(ThreadPoolExecutor.java:1134)&#10;        at java.util.concurrent.ThreadPoolExecutor$Worker.run(ThreadPoolExecutor.java:624)&#10;        at java.lang.Thread.run(Thread.java:748)&#10;&quot;pool-36-thread-13&quot;  prio=5 tid=380 in Object.wait()&#10;java.lang.Thread.State: WAITING (on object monitor)&#10;        at sun.misc.Unsafe.park(Native Method)&#10;        at java.util.concurrent.locks.LockSupport.park(LockSupport.java:175)&#10;        at java.util.concurrent.locks.AbstractQueuedSynchronizer$ConditionObject.await(AbstractQueuedSynchronizer.java:2039)&#10;        at java.util.concurrent.ArrayBlockingQueue.take(ArrayBlockingQueue.java:403)&#10;        at java.util.concurrent.ThreadPoolExecutor.getTask(ThreadPoolExecutor.java:1074)&#10;        at java.util.concurrent.ThreadPoolExecutor.runWorker(ThreadPoolExecutor.java:1134)&#10;        at java.util.concurrent.ThreadPoolExecutor$Worker.run(ThreadPoolExecutor.java:624)&#10;        at java.lang.Thread.run(Thread.java:748)&#10;&quot;Datanode ReportManager Thread - 0&quot; daemon prio=5 tid=505 in Object.wait()&#10;java.lang.Thread.State: WAITING (on object monitor)&#10;        at sun.misc.Unsafe.park(Native Method)&#10;        at java.util.concurrent.locks.LockSupport.park(LockSupport.java:175)&#10;        at java.util.concurrent.locks.AbstractQueuedSynchronizer$ConditionObject.await(AbstractQueuedSynchronizer.java:2039)&#10;        at java.util.concurrent.ScheduledThreadPoolExecutor$DelayedWorkQueue.take(ScheduledThreadPoolExecutor.java:1088)&#10;        at java.util.concurrent.ScheduledThreadPoolExecutor$DelayedWorkQueue.take(ScheduledThreadPoolExecutor.java:809)&#10;        at java.util.concurrent.ThreadPoolExecutor.getTask(ThreadPoolExecutor.java:1074)&#10;        at java.util.concurrent.ThreadPoolExecutor.runWorker(ThreadPoolExecutor.java:1134)&#10;        at java.util.concurrent.ThreadPoolExecutor$Worker.run(ThreadPoolExecutor.java:624)&#10;        at java.lang.Thread.run(Thread.java:748)&#10;&quot;pool-117-thread-2&quot;  prio=5 tid=1061 in Object.wait()&#10;java.lang.Thread.State: WAITING (on object monitor)&#10;        at sun.misc.Unsafe.park(Native Method)&#10;        at java.util.concurrent.locks.LockSupport.park(LockSupport.java:175)&#10;        at java.util.concurrent.locks.AbstractQueuedSynchronizer$ConditionObject.await(AbstractQueuedSynchronizer.java:2039)&#10;        at java.util.concurrent.ArrayBlockingQueue.take(ArrayBlockingQueue.java:403)&#10;        at java.util.concurrent.ThreadPoolExecutor.getTask(ThreadPoolExecutor.java:1074)&#10;        at java.util.concurrent.ThreadPoolExecutor.runWorker(ThreadPoolExecutor.java:1134)&#10;        at java.util.concurrent.ThreadPoolExecutor$Worker.run(ThreadPoolExecutor.java:624)&#10;        at java.lang.Thread.run(Thread.java:748)&#10;&quot;pool-76-thread-17&quot;  prio=5 tid=763 in Object.wait()&#10;java.lang.Thread.State: WAITING (on object monitor)&#10;        at sun.misc.Unsafe.park(Native Method)&#10;        at java.util.concurrent.locks.LockSupport.park(LockSupport.java:175)&#10;        at java.util.concurrent.locks.AbstractQueuedSynchronizer$ConditionObject.await(AbstractQueuedSynchronizer.java:2039)&#10;        at java.util.concurrent.ArrayBlockingQueue.take(ArrayBlockingQueue.java:403)&#10;        at java.util.concurrent.ThreadPoolExecutor.getTask(ThreadPoolExecutor.java:1074)&#10;        at java.util.concurrent.ThreadPoolExecutor.runWorker(ThreadPoolExecutor.java:1134)&#10;        at java.util.concurrent.ThreadPoolExecutor$Worker.run(ThreadPoolExecutor.java:624)&#10;        at java.lang.Thread.run(Thread.java:748)&#10;&quot;Datanode ReportManager Thread - 3&quot; daemon prio=5 tid=201 in Object.wait()&#10;java.lang.Thread.State: WAITING (on object monitor)&#10;        at sun.misc.Unsafe.park(Native Method)&#10;        at java.util.concurrent.locks.LockSupport.park(LockSupport.java:175)&#10;        at java.util.concurrent.locks.AbstractQueuedSynchronizer$ConditionObject.await(AbstractQueuedSynchronizer.java:2039)&#10;        at java.util.concurrent.ScheduledThreadPoolExecutor$DelayedWorkQueue.take(ScheduledThreadPoolExecutor.java:1088)&#10;        at java.util.concurrent.ScheduledThreadPoolExecutor$DelayedWorkQueue.take(ScheduledThreadPoolExecutor.java:809)&#10;        at java.util.concurrent.ThreadPoolExecutor.getTask(ThreadPoolExecutor.java:1074)&#10;        at java.util.concurrent.ThreadPoolExecutor.runWorker(ThreadPoolExecutor.java:1134)&#10;        at java.util.concurrent.ThreadPoolExecutor$Worker.run(ThreadPoolExecutor.java:624)&#10;        at java.lang.Thread.run(Thread.java:748)&#10;&quot;pool-56-thread-39&quot;  prio=5 tid=486 in Object.wait()&#10;java.lang.Thread.State: WAITING (on object monitor)&#10;        at sun.misc.Unsafe.park(Native Method)&#10;        at java.util.concurrent.locks.LockSupport.park(LockSupport.java:175)&#10;        at java.util.concurrent.locks.AbstractQueuedSynchronizer$ConditionObject.await(AbstractQueuedSynchronizer.java:2039)&#10;        at java.util.concurrent.ArrayBlockingQueue.take(ArrayBlockingQueue.java:403)&#10;        at java.util.concurrent.ThreadPoolExecutor.getTask(ThreadPoolExecutor.java:1074)&#10;        at java.util.concurrent.ThreadPoolExecutor.runWorker(ThreadPoolExecutor.java:1134)&#10;        at java.util.concurrent.ThreadPoolExecutor$Worker.run(ThreadPoolExecutor.java:624)&#10;        at java.lang.Thread.run(Thread.java:748)&#10;&quot;IPC Server handler 16 on 40878&quot; daemon prio=5 tid=65 timed_waiting&#10;java.lang.Thread.State: TIMED_WAITING&#10;        at sun.misc.Unsafe.park(Native Method)&#10;        at java.util.concurrent.locks.LockSupport.parkNanos(LockSupport.java:215)&#10;        at java.util.concurrent.locks.AbstractQueuedSynchronizer$ConditionObject.awaitNanos(AbstractQueuedSynchronizer.java:2078)&#10;        at java.util.concurrent.LinkedBlockingQueue.poll(LinkedBlockingQueue.java:467)&#10;        at org.apache.hadoop.ipc.CallQueueManager.take(CallQueueManager.java:288)&#10;        at org.apache.hadoop.ipc.Server$Handler.run(Server.java:2668)&#10;&quot;pool-117-thread-44&quot;  prio=5 tid=1103 in Object.wait()&#10;java.lang.Thread.State: WAITING (on object monitor)&#10;        at sun.misc.Unsafe.park(Native Method)&#10;        at java.util.concurrent.locks.LockSupport.park(LockSupport.java:175)&#10;        at java.util.concurrent.locks.AbstractQueuedSynchronizer$ConditionObject.await(AbstractQueuedSynchronizer.java:2039)&#10;        at java.util.concurrent.ArrayBlockingQueue.take(ArrayBlockingQueue.java:403)&#10;        at java.util.concurrent.ThreadPoolExecutor.getTask(ThreadPoolExecutor.java:1074)&#10;        at java.util.concurrent.ThreadPoolExecutor.runWorker(ThreadPoolExecutor.java:1134)&#10;        at java.util.concurrent.ThreadPoolExecutor$Worker.run(ThreadPoolExecutor.java:624)&#10;        at java.lang.Thread.run(Thread.java:748)&#10;&quot;pool-26-thread-40&quot;  prio=5 tid=460 in Object.wait()&#10;java.lang.Thread.State: WAITING (on object monitor)&#10;        at sun.misc.Unsafe.park(Native Method)&#10;        at java.util.concurrent.locks.LockSupport.park(LockSupport.java:175)&#10;        at java.util.concurrent.locks.AbstractQueuedSynchronizer$ConditionObject.await(AbstractQueuedSynchronizer.java:2039)&#10;        at java.util.concurrent.ArrayBlockingQueue.take(ArrayBlockingQueue.java:403)&#10;        at java.util.concurrent.ThreadPoolExecutor.getTask(ThreadPoolExecutor.java:1074)&#10;        at java.util.concurrent.ThreadPoolExecutor.runWorker(ThreadPoolExecutor.java:1134)&#10;        at java.util.concurrent.ThreadPoolExecutor$Worker.run(ThreadPoolExecutor.java:624)&#10;        at java.lang.Thread.run(Thread.java:748)&#10;&quot;pool-106-thread-53&quot;  prio=5 tid=1032 in Object.wait()&#10;java.lang.Thread.State: WAITING (on object monitor)&#10;        at sun.misc.Unsafe.park(Native Method)&#10;        at java.util.concurrent.locks.LockSupport.park(LockSupport.java:175)&#10;        at java.util.concurrent.locks.AbstractQueuedSynchronizer$ConditionObject.await(AbstractQueuedSynchronizer.java:2039)&#10;        at java.util.concurrent.ArrayBlockingQueue.take(ArrayBlockingQueue.java:403)&#10;        at java.util.concurrent.ThreadPoolExecutor.getTask(ThreadPoolExecutor.java:1074)&#10;        at java.util.concurrent.ThreadPoolExecutor.runWorker(ThreadPoolExecutor.java:1134)&#10;        at java.util.concurrent.ThreadPoolExecutor$Worker.run(ThreadPoolExecutor.java:624)&#10;        at java.lang.Thread.run(Thread.java:748)&#10;&quot;pool-56-thread-55&quot;  prio=5 tid=561 in Object.wait()&#10;java.lang.Thread.State: WAITING (on object monitor)&#10;        at sun.misc.Unsafe.park(Native Method)&#10;        at java.util.concurrent.locks.LockSupport.park(LockSupport.java:175)&#10;        at java.util.concurrent.locks.AbstractQueuedSynchronizer$ConditionObject.await(AbstractQueuedSynchronizer.java:2039)&#10;        at java.util.concurrent.ArrayBlockingQueue.take(ArrayBlockingQueue.java:403)&#10;        at java.util.concurrent.ThreadPoolExecutor.getTask(ThreadPoolExecutor.java:1074)&#10;        at java.util.concurrent.ThreadPoolExecutor.runWorker(ThreadPoolExecutor.java:1134)&#10;        at java.util.concurrent.ThreadPoolExecutor$Worker.run(ThreadPoolExecutor.java:624)&#10;        at java.lang.Thread.run(Thread.java:748)&#10;&quot;pool-36-thread-57&quot;  prio=5 tid=574 in Object.wait()&#10;java.lang.Thread.State: WAITING (on object monitor)&#10;        at sun.misc.Unsafe.park(Native Method)&#10;        at java.util.concurrent.locks.LockSupport.park(LockSupport.java:175)&#10;        at java.util.concurrent.locks.AbstractQueuedSynchronizer$ConditionObject.await(AbstractQueuedSynchronizer.java:2039)&#10;        at java.util.concurrent.ArrayBlockingQueue.take(ArrayBlockingQueue.java:403)&#10;        at java.util.concurrent.ThreadPoolExecutor.getTask(ThreadPoolExecutor.java:1074)&#10;        at java.util.concurrent.ThreadPoolExecutor.runWorker(ThreadPoolExecutor.java:1134)&#10;        at java.util.concurrent.ThreadPoolExecutor$Worker.run(ThreadPoolExecutor.java:624)&#10;        at java.lang.Thread.run(Thread.java:748)&#10;&quot;pool-6-thread-1&quot;  prio=5 tid=26 timed_waiting&#10;java.lang.Thread.State: TIMED_WAITING&#10;        at sun.misc.Unsafe.park(Native Method)&#10;        at java.util.concurrent.locks.LockSupport.parkNanos(LockSupport.java:215)&#10;        at java.util.concurrent.locks.AbstractQueuedSynchronizer$ConditionObject.awaitNanos(AbstractQueuedSynchronizer.java:2078)&#10;        at java.util.concurrent.ScheduledThreadPoolExecutor$DelayedWorkQueue.take(ScheduledThreadPoolExecutor.java:1093)&#10;        at java.util.concurrent.ScheduledThreadPoolExecutor$DelayedWorkQueue.take(ScheduledThreadPoolExecutor.java:809)&#10;        at java.util.concurrent.ThreadPoolExecutor.getTask(ThreadPoolExecutor.java:1074)&#10;        at java.util.concurrent.ThreadPoolExecutor.runWorker(ThreadPoolExecutor.java:1134)&#10;        at java.util.concurrent.ThreadPoolExecutor$Worker.run(ThreadPoolExecutor.java:624)&#10;        at java.lang.Thread.run(Thread.java:748)&#10;&quot;qtp142993407-389&quot; daemon prio=5 tid=389 timed_waiting&#10;java.lang.Thread.State: TIMED_WAITING&#10;        at sun.misc.Unsafe.park(Native Method)&#10;        at java.util.concurrent.locks.LockSupport.parkNanos(LockSupport.java:215)&#10;        at java.util.concurrent.locks.AbstractQueuedSynchronizer$ConditionObject.awaitNanos(AbstractQueuedSynchronizer.java:2078)&#10;        at org.eclipse.jetty.util.BlockingArrayQueue.poll(BlockingArrayQueue.java:392)&#10;        at org.eclipse.jetty.util.thread.QueuedThreadPool.idleJobPoll(QueuedThreadPool.java:563)&#10;        at org.eclipse.jetty.util.thread.QueuedThreadPool.access$800(QueuedThreadPool.java:48)&#10;        at org.eclipse.jetty.util.thread.QueuedThreadPool$2.run(QueuedThreadPool.java:626)&#10;        at java.lang.Thread.run(Thread.java:748)&#10;&quot;pool-117-thread-13&quot;  prio=5 tid=1072 in Object.wait()&#10;java.lang.Thread.State: WAITING (on object monitor)&#10;        at sun.misc.Unsafe.park(Native Method)&#10;        at java.util.concurrent.locks.LockSupport.park(LockSupport.java:175)&#10;        at java.util.concurrent.locks.AbstractQueuedSynchronizer$ConditionObject.await(AbstractQueuedSynchronizer.java:2039)&#10;        at java.util.concurrent.ArrayBlockingQueue.take(ArrayBlockingQueue.java:403)&#10;        at java.util.concurrent.ThreadPoolExecutor.getTask(ThreadPoolExecutor.java:1074)&#10;        at java.util.concurrent.ThreadPoolExecutor.runWorker(ThreadPoolExecutor.java:1134)&#10;        at java.util.concurrent.ThreadPoolExecutor$Worker.run(ThreadPoolExecutor.java:624)&#10;        at java.lang.Thread.run(Thread.java:748)&#10;&quot;Datanode ReportManager Thread - 0&quot; daemon prio=5 tid=728 timed_waiting&#10;java.lang.Thread.State: TIMED_WAITING&#10;        at sun.misc.Unsafe.park(Native Method)&#10;        at java.util.concurrent.locks.LockSupport.parkNanos(LockSupport.java:215)&#10;        at java.util.concurrent.locks.AbstractQueuedSynchronizer$ConditionObject.awaitNanos(AbstractQueuedSynchronizer.java:2078)&#10;        at java.util.concurrent.ScheduledThreadPoolExecutor$DelayedWorkQueue.take(ScheduledThreadPoolExecutor.java:1093)&#10;        at java.util.concurrent.ScheduledThreadPoolExecutor$DelayedWorkQueue.take(ScheduledThreadPoolExecutor.java:809)&#10;        at java.util.concurrent.ThreadPoolExecutor.getTask(ThreadPoolExecutor.java:1074)&#10;        at java.util.concurrent.ThreadPoolExecutor.runWorker(ThreadPoolExecutor.java:1134)&#10;        at java.util.concurrent.ThreadPoolExecutor$Worker.run(ThreadPoolExecutor.java:624)&#10;        at java.lang.Thread.run(Thread.java:748)&#10;&quot;pool-96-thread-58&quot;  prio=5 tid=940 in Object.wait()&#10;java.lang.Thread.State: WAITING (on object monitor)&#10;        at sun.misc.Unsafe.park(Native Method)&#10;        at java.util.concurrent.locks.LockSupport.park(LockSupport.java:175)&#10;        at java.util.concurrent.locks.AbstractQueuedSynchronizer$ConditionObject.await(AbstractQueuedSynchronizer.java:2039)&#10;        at java.util.concurrent.ArrayBlockingQueue.take(ArrayBlockingQueue.java:403)&#10;        at java.util.concurrent.ThreadPoolExecutor.getTask(ThreadPoolExecutor.java:1074)&#10;        at java.util.concurrent.ThreadPoolExecutor.runWorker(ThreadPoolExecutor.java:1134)&#10;        at java.util.concurrent.ThreadPoolExecutor$Worker.run(ThreadPoolExecutor.java:624)&#10;        at java.lang.Thread.run(Thread.java:748)&#10;&quot;pool-56-thread-59&quot;  prio=5 tid=576 in Object.wait()&#10;java.lang.Thread.State: WAITING (on object monitor)&#10;        at sun.misc.Unsafe.park(Native Method)&#10;        at java.util.concurrent.locks.LockSupport.park(LockSupport.java:175)&#10;        at java.util.concurrent.locks.AbstractQueuedSynchronizer$ConditionObject.await(AbstractQueuedSynchronizer.java:2039)&#10;        at java.util.concurrent.ArrayBlockingQueue.take(ArrayBlockingQueue.java:403)&#10;        at java.util.concurrent.ThreadPoolExecutor.getTask(ThreadPoolExecutor.java:1074)&#10;        at java.util.concurrent.ThreadPoolExecutor.runWorker(ThreadPoolExecutor.java:1134)&#10;        at java.util.concurrent.ThreadPoolExecutor$Worker.run(ThreadPoolExecutor.java:624)&#10;        at java.lang.Thread.run(Thread.java:748)&#10;&quot;pool-66-thread-54&quot;  prio=5 tid=699 in Object.wait()&#10;java.lang.Thread.State: WAITING (on object monitor)&#10;        at sun.misc.Unsafe.park(Native Method)&#10;        at java.util.concurrent.locks.LockSupport.park(LockSupport.java:175)&#10;        at java.util.concurrent.locks.AbstractQueuedSynchronizer$ConditionObject.await(AbstractQueuedSynchronizer.java:2039)&#10;        at java.util.concurrent.ArrayBlockingQueue.take(ArrayBlockingQueue.java:403)&#10;        at java.util.concurrent.ThreadPoolExecutor.getTask(ThreadPoolExecutor.java:1074)&#10;        at java.util.concurrent.ThreadPoolExecutor.runWorker(ThreadPoolExecutor.java:1134)&#10;        at java.util.concurrent.ThreadPoolExecutor$Worker.run(ThreadPoolExecutor.java:624)&#10;        at java.lang.Thread.run(Thread.java:748)&#10;&quot;IPC Server handler 5 on 40878&quot; daemon prio=5 tid=54 timed_waiting&#10;java.lang.Thread.State: TIMED_WAITING&#10;        at sun.misc.Unsafe.park(Native Method)&#10;        at java.util.concurrent.locks.LockSupport.parkNanos(LockSupport.java:215)&#10;        at java.util.concurrent.locks.AbstractQueuedSynchronizer$ConditionObject.awaitNanos(AbstractQueuedSynchronizer.java:2078)&#10;        at java.util.concurrent.LinkedBlockingQueue.poll(LinkedBlockingQueue.java:467)&#10;        at org.apache.hadoop.ipc.CallQueueManager.take(CallQueueManager.java:288)&#10;        at org.apache.hadoop.ipc.Server$Handler.run(Server.java:2668)&#10;&quot;pool-96-thread-21&quot;  prio=5 tid=903 in Object.wait()&#10;java.lang.Thread.State: WAITING (on object monitor)&#10;        at sun.misc.Unsafe.park(Native Method)&#10;        at java.util.concurrent.locks.LockSupport.park(LockSupport.java:175)&#10;        at java.util.concurrent.locks.AbstractQueuedSynchronizer$ConditionObject.await(AbstractQueuedSynchronizer.java:2039)&#10;        at java.util.concurrent.ArrayBlockingQueue.take(ArrayBlockingQueue.java:403)&#10;        at java.util.concurrent.ThreadPoolExecutor.getTask(ThreadPoolExecutor.java:1074)&#10;        at java.util.concurrent.ThreadPoolExecutor.runWorker(ThreadPoolExecutor.java:1134)&#10;        at java.util.concurrent.ThreadPoolExecutor$Worker.run(ThreadPoolExecutor.java:624)&#10;        at java.lang.Thread.run(Thread.java:748)&#10;&quot;metrics-hadoop-metrics2-reporter-52-thread-1&quot; daemon prio=5 tid=1227 timed_waiting&#10;java.lang.Thread.State: TIMED_WAITING&#10;        at sun.misc.Unsafe.park(Native Method)&#10;        at java.util.concurrent.locks.LockSupport.parkNanos(LockSupport.java:215)&#10;        at java.util.concurrent.locks.AbstractQueuedSynchronizer$ConditionObject.awaitNanos(AbstractQueuedSynchronizer.java:2078)&#10;        at java.util.concurrent.ScheduledThreadPoolExecutor$DelayedWorkQueue.take(ScheduledThreadPoolExecutor.java:1093)&#10;        at java.util.concurrent.ScheduledThreadPoolExecutor$DelayedWorkQueue.take(ScheduledThreadPoolExecutor.java:809)&#10;        at java.util.concurrent.ThreadPoolExecutor.getTask(ThreadPoolExecutor.java:1074)&#10;        at java.util.concurrent.ThreadPoolExecutor.runWorker(ThreadPoolExecutor.java:1134)&#10;        at java.util.concurrent.ThreadPoolExecutor$Worker.run(ThreadPoolExecutor.java:624)&#10;        at java.lang.Thread.run(Thread.java:748)&#10;&quot;Periodic HDDS volume checker&quot;  prio=5 tid=707 timed_waiting&#10;java.lang.Thread.State: TIMED_WAITING&#10;        at sun.misc.Unsafe.park(Native Method)&#10;        at java.util.concurrent.locks.LockSupport.parkNanos(LockSupport.java:215)&#10;        at java.util.concurrent.locks.AbstractQueuedSynchronizer$ConditionObject.awaitNanos(AbstractQueuedSynchronizer.java:2078)&#10;        at java.util.concurrent.ScheduledThreadPoolExecutor$DelayedWorkQueue.take(ScheduledThreadPoolExecutor.java:1093)&#10;        at java.util.concurrent.ScheduledThreadPoolExecutor$DelayedWorkQueue.take(ScheduledThreadPoolExecutor.java:809)&#10;        at java.util.concurrent.ThreadPoolExecutor.getTask(ThreadPoolExecutor.java:1074)&#10;        at java.util.concurrent.ThreadPoolExecutor.runWorker(ThreadPoolExecutor.java:1134)&#10;        at java.util.concurrent.ThreadPoolExecutor$Worker.run(ThreadPoolExecutor.java:624)&#10;        at java.lang.Thread.run(Thread.java:748)&#10;&quot;pool-106-thread-31&quot;  prio=5 tid=1010 in Object.wait()&#10;java.lang.Thread.State: WAITING (on object monitor)&#10;        at sun.misc.Unsafe.park(Native Method)&#10;        at java.util.concurrent.locks.LockSupport.park(LockSupport.java:175)&#10;        at java.util.concurrent.locks.AbstractQueuedSynchronizer$ConditionObject.await(AbstractQueuedSynchronizer.java:2039)&#10;        at java.util.concurrent.ArrayBlockingQueue.take(ArrayBlockingQueue.java:403)&#10;        at java.util.concurrent.ThreadPoolExecutor.getTask(ThreadPoolExecutor.java:1074)&#10;        at java.util.concurrent.ThreadPoolExecutor.runWorker(ThreadPoolExecutor.java:1134)&#10;        at java.util.concurrent.ThreadPoolExecutor$Worker.run(ThreadPoolExecutor.java:624)&#10;        at java.lang.Thread.run(Thread.java:748)&#10;&quot;IPC Server handler 18 on 37838&quot; daemon prio=5 tid=87 timed_waiting&#10;java.lang.Thread.State: TIMED_WAITING&#10;        at sun.misc.Unsafe.park(Native Method)&#10;        at java.util.concurrent.locks.LockSupport.parkNanos(LockSupport.java:215)&#10;        at java.util.concurrent.locks.AbstractQueuedSynchronizer$ConditionObject.awaitNanos(AbstractQueuedSynchronizer.java:2078)&#10;        at java.util.concurrent.LinkedBlockingQueue.poll(LinkedBlockingQueue.java:467)&#10;        at org.apache.hadoop.ipc.CallQueueManager.take(CallQueueManager.java:288)&#10;        at org.apache.hadoop.ipc.Server$Handler.run(Server.java:2668)&#10;&quot;prometheus&quot; daemon prio=5 tid=100 in Object.wait()&#10;java.lang.Thread.State: WAITING (on object monitor)&#10;        at java.lang.Object.wait(Native Method)&#10;        at java.lang.Object.wait(Object.java:502)&#10;        at org.apache.hadoop.metrics2.impl.SinkQueue.waitForData(SinkQueue.java:114)&#10;        at org.apache.hadoop.metrics2.impl.SinkQueue.consumeAll(SinkQueue.java:83)&#10;        at org.apache.hadoop.metrics2.impl.MetricsSinkAdapter.publishMetricsFromQueue(MetricsSinkAdapter.java:135)&#10;        at org.apache.hadoop.metrics2.impl.MetricsSinkAdapter$1.run(MetricsSinkAdapter.java:89)&#10;&quot;Thread-424&quot; daemon prio=5 tid=1301 timed_waiting&#10;java.lang.Thread.State: TIMED_WAITING&#10;        at sun.misc.Unsafe.park(Native Method)&#10;        at java.util.concurrent.locks.LockSupport.parkNanos(LockSupport.java:215)&#10;        at java.util.concurrent.locks.AbstractQueuedSynchronizer$ConditionObject.awaitNanos(AbstractQueuedSynchronizer.java:2078)&#10;        at java.util.concurrent.ArrayBlockingQueue.poll(ArrayBlockingQueue.java:418)&#10;        at org.apache.ratis.server.impl.LeaderState$EventQueue.poll(LeaderState.java:116)&#10;        at org.apache.ratis.server.impl.LeaderState$EventProcessor.run(LeaderState.java:468)&#10;&quot;pool-26-thread-16&quot;  prio=5 tid=388 in Object.wait()&#10;java.lang.Thread.State: WAITING (on object monitor)&#10;        at sun.misc.Unsafe.park(Native Method)&#10;        at java.util.concurrent.locks.LockSupport.park(LockSupport.java:175)&#10;        at java.util.concurrent.locks.AbstractQueuedSynchronizer$ConditionObject.await(AbstractQueuedSynchronizer.java:2039)&#10;        at java.util.concurrent.ArrayBlockingQueue.take(ArrayBlockingQueue.java:403)&#10;        at java.util.concurrent.ThreadPoolExecutor.getTask(ThreadPoolExecutor.java:1074)&#10;        at java.util.concurrent.ThreadPoolExecutor.runWorker(ThreadPoolExecutor.java:1134)&#10;        at java.util.concurrent.ThreadPoolExecutor$Worker.run(ThreadPoolExecutor.java:624)&#10;        at java.lang.Thread.run(Thread.java:748)&#10;&quot;pool-46-thread-27&quot;  prio=5 tid=434 in Object.wait()&#10;java.lang.Thread.State: WAITING (on object monitor)&#10;        at sun.misc.Unsafe.park(Native Method)&#10;        at java.util.concurrent.locks.LockSupport.park(LockSupport.java:175)&#10;        at java.util.concurrent.locks.AbstractQueuedSynchronizer$ConditionObject.await(AbstractQueuedSynchronizer.java:2039)&#10;        at java.util.concurrent.ArrayBlockingQueue.take(ArrayBlockingQueue.java:403)&#10;        at java.util.concurrent.ThreadPoolExecutor.getTask(ThreadPoolExecutor.java:1074)&#10;        at java.util.concurrent.ThreadPoolExecutor.runWorker(ThreadPoolExecutor.java:1134)&#10;        at java.util.concurrent.ThreadPoolExecutor$Worker.run(ThreadPoolExecutor.java:624)&#10;        at java.lang.Thread.run(Thread.java:748)&#10;&quot;pool-117-thread-12&quot;  prio=5 tid=1071 in Object.wait()&#10;java.lang.Thread.State: WAITING (on object monitor)&#10;        at sun.misc.Unsafe.park(Native Method)&#10;        at java.util.concurrent.locks.LockSupport.park(LockSupport.java:175)&#10;        at java.util.concurrent.locks.AbstractQueuedSynchronizer$ConditionObject.await(AbstractQueuedSynchronizer.java:2039)&#10;        at java.util.concurrent.ArrayBlockingQueue.take(ArrayBlockingQueue.java:403)&#10;        at java.util.concurrent.ThreadPoolExecutor.getTask(ThreadPoolExecutor.java:1074)&#10;        at java.util.concurrent.ThreadPoolExecutor.runWorker(ThreadPoolExecutor.java:1134)&#10;        at java.util.concurrent.ThreadPoolExecutor$Worker.run(ThreadPoolExecutor.java:624)&#10;        at java.lang.Thread.run(Thread.java:748)&#10;&quot;pool-117-thread-56&quot;  prio=5 tid=1115 in Object.wait()&#10;java.lang.Thread.State: WAITING (on object monitor)&#10;        at sun.misc.Unsafe.park(Native Method)&#10;        at java.util.concurrent.locks.LockSupport.park(LockSupport.java:175)&#10;        at java.util.concurrent.locks.AbstractQueuedSynchronizer$ConditionObject.await(AbstractQueuedSynchronizer.java:2039)&#10;        at java.util.concurrent.ArrayBlockingQueue.take(ArrayBlockingQueue.java:403)&#10;        at java.util.concurrent.ThreadPoolExecutor.getTask(ThreadPoolExecutor.java:1074)&#10;        at java.util.concurrent.ThreadPoolExecutor.runWorker(ThreadPoolExecutor.java:1134)&#10;        at java.util.concurrent.ThreadPoolExecutor$Worker.run(ThreadPoolExecutor.java:624)&#10;        at java.lang.Thread.run(Thread.java:748)&#10;&quot;pool-37-thread-1&quot;  prio=5 tid=968 in Object.wait()&#10;java.lang.Thread.State: WAITING (on object monitor)&#10;        at sun.misc.Unsafe.park(Native Method)&#10;        at java.util.concurrent.locks.LockSupport.park(LockSupport.java:175)&#10;        at java.util.concurrent.locks.AbstractQueuedSynchronizer$ConditionObject.await(AbstractQueuedSynchronizer.java:2039)&#10;        at java.util.concurrent.LinkedBlockingQueue.take(LinkedBlockingQueue.java:442)&#10;        at java.util.concurrent.ThreadPoolExecutor.getTask(ThreadPoolExecutor.java:1074)&#10;        at java.util.concurrent.ThreadPoolExecutor.runWorker(ThreadPoolExecutor.java:1134)&#10;        at java.util.concurrent.ThreadPoolExecutor$Worker.run(ThreadPoolExecutor.java:624)&#10;        at java.lang.Thread.run(Thread.java:748)&#10;&quot;pool-26-thread-13&quot;  prio=5 tid=379 in Object.wait()&#10;java.lang.Thread.State: WAITING (on object monitor)&#10;        at sun.misc.Unsafe.park(Native Method)&#10;        at java.util.concurrent.locks.LockSupport.park(LockSupport.java:175)&#10;        at java.util.concurrent.locks.AbstractQueuedSynchronizer$ConditionObject.await(AbstractQueuedSynchronizer.java:2039)&#10;        at java.util.concurrent.ArrayBlockingQueue.take(ArrayBlockingQueue.java:403)&#10;        at java.util.concurrent.ThreadPoolExecutor.getTask(ThreadPoolExecutor.java:1074)&#10;        at java.util.concurrent.ThreadPoolExecutor.runWorker(ThreadPoolExecutor.java:1134)&#10;        at java.util.concurrent.ThreadPoolExecutor$Worker.run(ThreadPoolExecutor.java:624)&#10;        at java.lang.Thread.run(Thread.java:748)&#10;&quot;pool-117-thread-9&quot;  prio=5 tid=1068 in Object.wait()&#10;java.lang.Thread.State: WAITING (on object monitor)&#10;        at sun.misc.Unsafe.park(Native Method)&#10;        at java.util.concurrent.locks.LockSupport.park(LockSupport.java:175)&#10;        at java.util.concurrent.locks.AbstractQueuedSynchronizer$ConditionObject.await(AbstractQueuedSynchronizer.java:2039)&#10;        at java.util.concurrent.ArrayBlockingQueue.take(ArrayBlockingQueue.java:403)&#10;        at java.util.concurrent.ThreadPoolExecutor.getTask(ThreadPoolExecutor.java:1074)&#10;        at java.util.concurrent.ThreadPoolExecutor.runWorker(ThreadPoolExecutor.java:1134)&#10;        at java.util.concurrent.ThreadPoolExecutor$Worker.run(ThreadPoolExecutor.java:624)&#10;        at java.lang.Thread.run(Thread.java:748)&#10;&quot;qtp142993407-354&quot; daemon prio=5 tid=354 runnable&#10;java.lang.Thread.State: RUNNABLE&#10;        at sun.nio.ch.EPollArrayWrapper.epollWait(Native Method)&#10;        at sun.nio.ch.EPollArrayWrapper.poll(EPollArrayWrapper.java:269)&#10;        at sun.nio.ch.EPollSelectorImpl.doSelect(EPollSelectorImpl.java:93)&#10;        at sun.nio.ch.SelectorImpl.lockAndDoSelect(SelectorImpl.java:86)&#10;        at sun.nio.ch.SelectorImpl.select(SelectorImpl.java:97)&#10;        at sun.nio.ch.SelectorImpl.select(SelectorImpl.java:101)&#10;        at org.eclipse.jetty.io.ManagedSelector$SelectorProducer.select(ManagedSelector.java:243)&#10;        at org.eclipse.jetty.io.ManagedSelector$SelectorProducer.produce(ManagedSelector.java:191)&#10;        at org.eclipse.jetty.util.thread.strategy.ExecuteProduceConsume.executeProduceConsume(ExecuteProduceConsume.java:249)&#10;        at org.eclipse.jetty.util.thread.strategy.ExecuteProduceConsume.produceConsume(ExecuteProduceConsume.java:148)&#10;        at org.eclipse.jetty.util.thread.strategy.ExecuteProduceConsume.execute(ExecuteProduceConsume.java:100)&#10;        at org.eclipse.jetty.io.ManagedSelector.run(ManagedSelector.java:147)&#10;        at org.eclipse.jetty.util.thread.QueuedThreadPool.runJob(QueuedThreadPool.java:671)&#10;        at org.eclipse.jetty.util.thread.QueuedThreadPool$2.run(QueuedThreadPool.java:589)&#10;        at java.lang.Thread.run(Thread.java:748)&#10;&quot;pool-86-thread-34&quot;  prio=5 tid=852 in Object.wait()&#10;java.lang.Thread.State: WAITING (on object monitor)&#10;        at sun.misc.Unsafe.park(Native Method)&#10;        at java.util.concurrent.locks.LockSupport.park(LockSupport.java:175)&#10;        at java.util.concurrent.locks.AbstractQueuedSynchronizer$ConditionObject.await(AbstractQueuedSynchronizer.java:2039)&#10;        at java.util.concurrent.ArrayBlockingQueue.take(ArrayBlockingQueue.java:403)&#10;        at java.util.concurrent.ThreadPoolExecutor.getTask(ThreadPoolExecutor.java:1074)&#10;        at java.util.concurrent.ThreadPoolExecutor.runWorker(ThreadPoolExecutor.java:1134)&#10;        at java.util.concurrent.ThreadPoolExecutor$Worker.run(ThreadPoolExecutor.java:624)&#10;        at java.lang.Thread.run(Thread.java:748)&#10;&quot;qtp1680841335-247&quot; daemon prio=5 tid=247 timed_waiting&#10;java.lang.Thread.State: TIMED_WAITING&#10;        at sun.misc.Unsafe.park(Native Method)&#10;        at java.util.concurrent.locks.LockSupport.parkNanos(LockSupport.java:215)&#10;        at java.util.concurrent.locks.AbstractQueuedSynchronizer$ConditionObject.awaitNanos(AbstractQueuedSynchronizer.java:2078)&#10;        at org.eclipse.jetty.util.BlockingArrayQueue.poll(BlockingArrayQueue.java:392)&#10;        at org.eclipse.jetty.util.thread.QueuedThreadPool.idleJobPoll(QueuedThreadPool.java:563)&#10;        at org.eclipse.jetty.util.thread.QueuedThreadPool.access$800(QueuedThreadPool.java:48)&#10;        at org.eclipse.jetty.util.thread.QueuedThreadPool$2.run(QueuedThreadPool.java:626)&#10;        at java.lang.Thread.run(Thread.java:748)&#10;&quot;pool-66-thread-6&quot;  prio=5 tid=643 in Object.wait()&#10;java.lang.Thread.State: WAITING (on object monitor)&#10;        at sun.misc.Unsafe.park(Native Method)&#10;        at java.util.concurrent.locks.LockSupport.park(LockSupport.java:175)&#10;        at java.util.concurrent.locks.AbstractQueuedSynchronizer$ConditionObject.await(AbstractQueuedSynchronizer.java:2039)&#10;        at java.util.concurrent.ArrayBlockingQueue.take(ArrayBlockingQueue.java:403)&#10;        at java.util.concurrent.ThreadPoolExecutor.getTask(ThreadPoolExecutor.java:1074)&#10;        at java.util.concurrent.ThreadPoolExecutor.runWorker(ThreadPoolExecutor.java:1134)&#10;        at java.util.concurrent.ThreadPoolExecutor$Worker.run(ThreadPoolExecutor.java:624)&#10;        at java.lang.Thread.run(Thread.java:748)&#10;&quot;pool-106-thread-46&quot;  prio=5 tid=1025 in Object.wait()&#10;java.lang.Thread.State: WAITING (on object monitor)&#10;        at sun.misc.Unsafe.park(Native Method)&#10;        at java.util.concurrent.locks.LockSupport.park(LockSupport.java:175)&#10;        at java.util.concurrent.locks.AbstractQueuedSynchronizer$ConditionObject.await(AbstractQueuedSynchronizer.java:2039)&#10;        at java.util.concurrent.ArrayBlockingQueue.take(ArrayBlockingQueue.java:403)&#10;        at java.util.concurrent.ThreadPoolExecutor.getTask(ThreadPoolExecutor.java:1074)&#10;        at java.util.concurrent.ThreadPoolExecutor.runWorker(ThreadPoolExecutor.java:1134)&#10;        at java.util.concurrent.ThreadPoolExecutor$Worker.run(ThreadPoolExecutor.java:624)&#10;        at java.lang.Thread.run(Thread.java:748)&#10;&quot;pool-86-thread-46&quot;  prio=5 tid=864 in Object.wait()&#10;java.lang.Thread.State: WAITING (on object monitor)&#10;        at sun.misc.Unsafe.park(Native Method)&#10;        at java.util.concurrent.locks.LockSupport.park(LockSupport.java:175)&#10;        at java.util.concurrent.locks.AbstractQueuedSynchronizer$ConditionObject.await(AbstractQueuedSynchronizer.java:2039)&#10;        at java.util.concurrent.ArrayBlockingQueue.take(ArrayBlockingQueue.java:403)&#10;        at java.util.concurrent.ThreadPoolExecutor.getTask(ThreadPoolExecutor.java:1074)&#10;        at java.util.concurrent.ThreadPoolExecutor.runWorker(ThreadPoolExecutor.java:1134)&#10;        at java.util.concurrent.ThreadPoolExecutor$Worker.run(ThreadPoolExecutor.java:624)&#10;        at java.lang.Thread.run(Thread.java:748)&#10;&quot;IPC Server handler 13 on 40878&quot; daemon prio=5 tid=62 timed_waiting&#10;java.lang.Thread.State: TIMED_WAITING&#10;        at sun.misc.Unsafe.park(Native Method)&#10;        at java.util.concurrent.locks.LockSupport.parkNanos(LockSupport.java:215)&#10;        at java.util.concurrent.locks.AbstractQueuedSynchronizer$ConditionObject.awaitNanos(AbstractQueuedSynchronizer.java:2078)&#10;        at java.util.concurrent.LinkedBlockingQueue.poll(LinkedBlockingQueue.java:467)&#10;        at org.apache.hadoop.ipc.CallQueueManager.take(CallQueueManager.java:288)&#10;        at org.apache.hadoop.ipc.Server$Handler.run(Server.java:2668)&#10;&quot;pool-87-thread-1&quot;  prio=5 tid=1131 in Object.wait()&#10;java.lang.Thread.State: WAITING (on object monitor)&#10;        at sun.misc.Unsafe.park(Native Method)&#10;        at java.util.concurrent.locks.LockSupport.park(LockSupport.java:175)&#10;        at java.util.concurrent.locks.AbstractQueuedSynchronizer$ConditionObject.await(AbstractQueuedSynchronizer.java:2039)&#10;        at java.util.concurrent.LinkedBlockingQueue.take(LinkedBlockingQueue.java:442)&#10;        at java.util.concurrent.ThreadPoolExecutor.getTask(ThreadPoolExecutor.java:1074)&#10;        at java.util.concurrent.ThreadPoolExecutor.runWorker(ThreadPoolExecutor.java:1134)&#10;        at java.util.concurrent.ThreadPoolExecutor$Worker.run(ThreadPoolExecutor.java:624)&#10;        at java.lang.Thread.run(Thread.java:748)&#10;&quot;pool-96-thread-34&quot;  prio=5 tid=916 in Object.wait()&#10;java.lang.Thread.State: WAITING (on object monitor)&#10;        at sun.misc.Unsafe.park(Native Method)&#10;        at java.util.concurrent.locks.LockSupport.park(LockSupport.java:175)&#10;        at java.util.concurrent.locks.AbstractQueuedSynchronizer$ConditionObject.await(AbstractQueuedSynchronizer.java:2039)&#10;        at java.util.concurrent.ArrayBlockingQueue.take(ArrayBlockingQueue.java:403)&#10;        at java.util.concurrent.ThreadPoolExecutor.getTask(ThreadPoolExecutor.java:1074)&#10;        at java.util.concurrent.ThreadPoolExecutor.runWorker(ThreadPoolExecutor.java:1134)&#10;        at java.util.concurrent.ThreadPoolExecutor$Worker.run(ThreadPoolExecutor.java:624)&#10;        at java.lang.Thread.run(Thread.java:748)&#10;&quot;pool-76-thread-30&quot;  prio=5 tid=776 in Object.wait()&#10;java.lang.Thread.State: WAITING (on object monitor)&#10;        at sun.misc.Unsafe.park(Native Method)&#10;        at java.util.concurrent.locks.LockSupport.park(LockSupport.java:175)&#10;        at java.util.concurrent.locks.AbstractQueuedSynchronizer$ConditionObject.await(AbstractQueuedSynchronizer.java:2039)&#10;        at java.util.concurrent.ArrayBlockingQueue.take(ArrayBlockingQueue.java:403)&#10;        at java.util.concurrent.ThreadPoolExecutor.getTask(ThreadPoolExecutor.java:1074)&#10;        at java.util.concurrent.ThreadPoolExecutor.runWorker(ThreadPoolExecutor.java:1134)&#10;        at java.util.concurrent.ThreadPoolExecutor$Worker.run(ThreadPoolExecutor.java:624)&#10;        at java.lang.Thread.run(Thread.java:748)&#10;&quot;pool-26-thread-4&quot;  prio=5 tid=337 in Object.wait()&#10;java.lang.Thread.State: WAITING (on object monitor)&#10;        at sun.misc.Unsafe.park(Native Method)&#10;        at java.util.concurrent.locks.LockSupport.park(LockSupport.java:175)&#10;        at java.util.concurrent.locks.AbstractQueuedSynchronizer$ConditionObject.await(AbstractQueuedSynchronizer.java:2039)&#10;        at java.util.concurrent.ArrayBlockingQueue.take(ArrayBlockingQueue.java:403)&#10;        at java.util.concurrent.ThreadPoolExecutor.getTask(ThreadPoolExecutor.java:1074)&#10;        at java.util.concurrent.ThreadPoolExecutor.runWorker(ThreadPoolExecutor.java:1134)&#10;        at java.util.concurrent.ThreadPoolExecutor$Worker.run(ThreadPoolExecutor.java:624)&#10;        at java.lang.Thread.run(Thread.java:748)&#10;&quot;pool-46-thread-28&quot;  prio=5 tid=439 in Object.wait()&#10;java.lang.Thread.State: WAITING (on object monitor)&#10;        at sun.misc.Unsafe.park(Native Method)&#10;        at java.util.concurrent.locks.LockSupport.park(LockSupport.java:175)&#10;        at java.util.concurrent.locks.AbstractQueuedSynchronizer$ConditionObject.await(AbstractQueuedSynchronizer.java:2039)&#10;        at java.util.concurrent.ArrayBlockingQueue.take(ArrayBlockingQueue.java:403)&#10;        at java.util.concurrent.ThreadPoolExecutor.getTask(ThreadPoolExecutor.java:1074)&#10;        at java.util.concurrent.ThreadPoolExecutor.runWorker(ThreadPoolExecutor.java:1134)&#10;        at java.util.concurrent.ThreadPoolExecutor$Worker.run(ThreadPoolExecutor.java:624)&#10;        at java.lang.Thread.run(Thread.java:748)&#10;&quot;metrics-hadoop-metrics2-reporter-45-thread-1&quot; daemon prio=5 tid=1190 timed_waiting&#10;java.lang.Thread.State: TIMED_WAITING&#10;        at sun.misc.Unsafe.park(Native Method)&#10;        at java.util.concurrent.locks.LockSupport.parkNanos(LockSupport.java:215)&#10;        at java.util.concurrent.locks.AbstractQueuedSynchronizer$ConditionObject.awaitNanos(AbstractQueuedSynchronizer.java:2078)&#10;        at java.util.concurrent.ScheduledThreadPoolExecutor$DelayedWorkQueue.take(ScheduledThreadPoolExecutor.java:1093)&#10;        at java.util.concurrent.ScheduledThreadPoolExecutor$DelayedWorkQueue.take(ScheduledThreadPoolExecutor.java:809)&#10;        at java.util.concurrent.ThreadPoolExecutor.getTask(ThreadPoolExecutor.java:1074)&#10;        at java.util.concurrent.ThreadPoolExecutor.runWorker(ThreadPoolExecutor.java:1134)&#10;        at java.util.concurrent.ThreadPoolExecutor$Worker.run(ThreadPoolExecutor.java:624)&#10;        at java.lang.Thread.run(Thread.java:748)&#10;&quot;org.apache.hadoop.util.JvmPauseMonitor$Monitor@23b74043&quot; daemon prio=5 tid=683 timed_waiting&#10;java.lang.Thread.State: TIMED_WAITING&#10;        at java.lang.Thread.sleep(Native Method)&#10;        at org.apache.hadoop.util.JvmPauseMonitor$Monitor.run(JvmPauseMonitor.java:192)&#10;        at java.lang.Thread.run(Thread.java:748)&#10;&quot;pool-96-thread-4&quot;  prio=5 tid=886 in Object.wait()&#10;java.lang.Thread.State: WAITING (on object monitor)&#10;        at sun.misc.Unsafe.park(Native Method)&#10;        at java.util.concurrent.locks.LockSupport.park(LockSupport.java:175)&#10;        at java.util.concurrent.locks.AbstractQueuedSynchronizer$ConditionObject.await(AbstractQueuedSynchronizer.java:2039)&#10;        at java.util.concurrent.ArrayBlockingQueue.take(ArrayBlockingQueue.java:403)&#10;        at java.util.concurrent.ThreadPoolExecutor.getTask(ThreadPoolExecutor.java:1074)&#10;        at java.util.concurrent.ThreadPoolExecutor.runWorker(ThreadPoolExecutor.java:1134)&#10;        at java.util.concurrent.ThreadPoolExecutor$Worker.run(ThreadPoolExecutor.java:624)&#10;        at java.lang.Thread.run(Thread.java:748)&#10;&quot;pool-96-thread-38&quot;  prio=5 tid=920 in Object.wait()&#10;java.lang.Thread.State: WAITING (on object monitor)&#10;        at sun.misc.Unsafe.park(Native Method)&#10;        at java.util.concurrent.locks.LockSupport.park(LockSupport.java:175)&#10;        at java.util.concurrent.locks.AbstractQueuedSynchronizer$ConditionObject.await(AbstractQueuedSynchronizer.java:2039)&#10;        at java.util.concurrent.ArrayBlockingQueue.take(ArrayBlockingQueue.java:403)&#10;        at java.util.concurrent.ThreadPoolExecutor.getTask(ThreadPoolExecutor.java:1074)&#10;        at java.util.concurrent.ThreadPoolExecutor.runWorker(ThreadPoolExecutor.java:1134)&#10;        at java.util.concurrent.ThreadPoolExecutor$Worker.run(ThreadPoolExecutor.java:624)&#10;        at java.lang.Thread.run(Thread.java:748)&#10;&quot;org.apache.hadoop.util.JvmPauseMonitor$Monitor@9899a3&quot; daemon prio=5 tid=733 timed_waiting&#10;java.lang.Thread.State: TIMED_WAITING&#10;        at java.lang.Thread.sleep(Native Method)&#10;        at org.apache.hadoop.util.JvmPauseMonitor$Monitor.run(JvmPauseMonitor.java:192)&#10;        at java.lang.Thread.run(Thread.java:748)&#10;&quot;pool-96-thread-49&quot;  prio=5 tid=931 in Object.wait()&#10;java.lang.Thread.State: WAITING (on object monitor)&#10;        at sun.misc.Unsafe.park(Native Method)&#10;        at java.util.concurrent.locks.LockSupport.park(LockSupport.java:175)&#10;        at java.util.concurrent.locks.AbstractQueuedSynchronizer$ConditionObject.await(AbstractQueuedSynchronizer.java:2039)&#10;        at java.util.concurrent.ArrayBlockingQueue.take(ArrayBlockingQueue.java:403)&#10;        at java.util.concurrent.ThreadPoolExecutor.getTask(ThreadPoolExecutor.java:1074)&#10;        at java.util.concurrent.ThreadPoolExecutor.runWorker(ThreadPoolExecutor.java:1134)&#10;        at java.util.concurrent.ThreadPoolExecutor$Worker.run(ThreadPoolExecutor.java:624)&#10;        at java.lang.Thread.run(Thread.java:748)&#10;&quot;PartialTableCache Cleanup Thread - 0&quot; daemon prio=5 tid=1206 in Object.wait()&#10;java.lang.Thread.State: WAITING (on object monitor)&#10;        at sun.misc.Unsafe.park(Native Method)&#10;        at java.util.concurrent.locks.LockSupport.park(LockSupport.java:175)&#10;        at java.util.concurrent.locks.AbstractQueuedSynchronizer$ConditionObject.await(AbstractQueuedSynchronizer.java:2039)&#10;        at java.util.concurrent.LinkedBlockingQueue.take(LinkedBlockingQueue.java:442)&#10;        at java.util.concurrent.ThreadPoolExecutor.getTask(ThreadPoolExecutor.java:1074)&#10;        at java.util.concurrent.ThreadPoolExecutor.runWorker(ThreadPoolExecutor.java:1134)&#10;        at java.util.concurrent.ThreadPoolExecutor$Worker.run(ThreadPoolExecutor.java:624)&#10;        at java.lang.Thread.run(Thread.java:748)&#10;&quot;pool-36-thread-59&quot;  prio=5 tid=580 in Object.wait()&#10;java.lang.Thread.State: WAITING (on object monitor)&#10;        at sun.misc.Unsafe.park(Native Method)&#10;        at java.util.concurrent.locks.LockSupport.park(LockSupport.java:175)&#10;        at java.util.concurrent.locks.AbstractQueuedSynchronizer$ConditionObject.await(AbstractQueuedSynchronizer.java:2039)&#10;        at java.util.concurrent.ArrayBlockingQueue.take(ArrayBlockingQueue.java:403)&#10;        at java.util.concurrent.ThreadPoolExecutor.getTask(ThreadPoolExecutor.java:1074)&#10;        at java.util.concurrent.ThreadPoolExecutor.runWorker(ThreadPoolExecutor.java:1134)&#10;        at java.util.concurrent.ThreadPoolExecutor$Worker.run(ThreadPoolExecutor.java:624)&#10;        at java.lang.Thread.run(Thread.java:748)&#10;&quot;pool-117-thread-28&quot;  prio=5 tid=1087 in Object.wait()&#10;java.lang.Thread.State: WAITING (on object monitor)&#10;        at sun.misc.Unsafe.park(Native Method)&#10;        at java.util.concurrent.locks.LockSupport.park(LockSupport.java:175)&#10;        at java.util.concurrent.locks.AbstractQueuedSynchronizer$ConditionObject.await(AbstractQueuedSynchronizer.java:2039)&#10;        at java.util.concurrent.ArrayBlockingQueue.take(ArrayBlockingQueue.java:403)&#10;        at java.util.concurrent.ThreadPoolExecutor.getTask(ThreadPoolExecutor.java:1074)&#10;        at java.util.concurrent.ThreadPoolExecutor.runWorker(ThreadPoolExecutor.java:1134)&#10;        at java.util.concurrent.ThreadPoolExecutor$Worker.run(ThreadPoolExecutor.java:624)&#10;        at java.lang.Thread.run(Thread.java:748)&#10;&quot;d4e5ac39-62a0-42b5-ac75-503c3fe19161@group-8544F28F6995-StateMachineUpdater&quot; daemon prio=5 tid=1327 in Object.wait()&#10;java.lang.Thread.State: WAITING (on object monitor)&#10;        at java.lang.Object.wait(Native Method)&#10;        at java.lang.Object.wait(Object.java:502)&#10;        at org.apache.ratis.server.impl.StateMachineUpdater.waitForCommit(StateMachineUpdater.java:194)&#10;        at org.apache.ratis.server.impl.StateMachineUpdater.run(StateMachineUpdater.java:159)&#10;        at java.lang.Thread.run(Thread.java:748)&#10;&quot;main&quot;  prio=5 tid=1 runnable&#10;java.lang.Thread.State: RUNNABLE&#10;        at java.lang.Thread.dumpThreads(Native Method)&#10;        at java.lang.Thread.getAllStackTraces(Thread.java:1610)&#10;        at org.apache.hadoop.test.TimedOutTestsListener.buildThreadDump(TimedOutTestsListener.java:87)&#10;        at org.apache.hadoop.test.TimedOutTestsListener.buildThreadDiagnosticString(TimedOutTestsListener.java:73)&#10;        at org.apache.hadoop.test.GenericTestUtils.waitFor(GenericTestUtils.java:389)&#10;        at org.apache.hadoop.ozone.container.common.statemachine.commandhandler.TestCloseContainerByPipeline.testIfCloseContainerCommandHandlerIsInvoked(TestCloseContainerByPipeline.java:143)&#10;        at sun.reflect.NativeMethodAccessorImpl.invoke0(Native Method)&#10;        at sun.reflect.NativeMethodAccessorImpl.invoke(NativeMethodAccessorImpl.java:62)&#10;        at sun.reflect.DelegatingMethodAccessorImpl.invoke(DelegatingMethodAccessorImpl.java:43)&#10;        at java.lang.reflect.Method.invoke(Method.java:498)&#10;        at org.junit.runners.model.FrameworkMethod$1.runReflectiveCall(FrameworkMethod.java:47)&#10;        at org.junit.internal.runners.model.ReflectiveCallable.run(ReflectiveCallable.java:12)&#10;        at org.junit.runners.model.FrameworkMethod.invokeExplosively(FrameworkMethod.java:44)&#10;        at org.junit.internal.runners.statements.InvokeMethod.evaluate(InvokeMethod.java:17)&#10;        at org.junit.runners.ParentRunner.runLeaf(ParentRunner.java:271)&#10;        at org.junit.runners.BlockJUnit4ClassRunner.runChild(BlockJUnit4ClassRunner.java:70)&#10;        at org.junit.runners.BlockJUnit4ClassRunner.runChild(BlockJUnit4ClassRunner.java:50)&#10;        at org.junit.runners.ParentRunner$3.run(ParentRunner.java:238)&#10;        at org.junit.runners.ParentRunner$1.schedule(ParentRunner.java:63)&#10;        at org.junit.runners.ParentRunner.runChildren(ParentRunner.java:236)&#10;        at org.junit.runners.ParentRunner.access$000(ParentRunner.java:53)&#10;        at org.junit.runners.ParentRunner$2.evaluate(ParentRunner.java:229)&#10;        at org.junit.internal.runners.statements.RunBefores.evaluate(RunBefores.java:26)&#10;        at org.junit.internal.runners.statements.RunAfters.evaluate(RunAfters.java:27)&#10;        at org.junit.runners.ParentRunner.run(ParentRunner.java:309)&#10;        at org.apache.maven.surefire.junit4.JUnit4Provider.execute(JUnit4Provider.java:365)&#10;        at org.apache.maven.surefire.junit4.JUnit4Provider.executeWithRerun(JUnit4Provider.java:273)&#10;        at org.apache.maven.surefire.junit4.JUnit4Provider.executeTestSet(JUnit4Provider.java:238)&#10;        at org.apache.maven.surefire.junit4.JUnit4Provider.invoke(JUnit4Provider.java:159)&#10;        at org.apache.maven.surefire.booter.ForkedBooter.invokeProviderInSameClassLoader(ForkedBooter.java:384)&#10;        at org.apache.maven.surefire.booter.ForkedBooter.runSuitesInProcess(ForkedBooter.java:345)&#10;        at org.apache.maven.surefire.booter.ForkedBooter.execute(ForkedBooter.java:126)&#10;        at org.apache.maven.surefire.booter.ForkedBooter.main(ForkedBooter.java:418)&#10;&quot;pool-117-thread-20&quot;  prio=5 tid=1079 in Object.wait()&#10;java.lang.Thread.State: WAITING (on object monitor)&#10;        at sun.misc.Unsafe.park(Native Method)&#10;        at java.util.concurrent.locks.LockSupport.park(LockSupport.java:175)&#10;        at java.util.concurrent.locks.AbstractQueuedSynchronizer$ConditionObject.await(AbstractQueuedSynchronizer.java:2039)&#10;        at java.util.concurrent.ArrayBlockingQueue.take(ArrayBlockingQueue.java:403)&#10;        at java.util.concurrent.ThreadPoolExecutor.getTask(ThreadPoolExecutor.java:1074)&#10;        at java.util.concurrent.ThreadPoolExecutor.runWorker(ThreadPoolExecutor.java:1134)&#10;        at java.util.concurrent.ThreadPoolExecutor$Worker.run(ThreadPoolExecutor.java:624)&#10;        at java.lang.Thread.run(Thread.java:748)&#10;&quot;pool-117-thread-59&quot;  prio=5 tid=1118 in Object.wait()&#10;java.lang.Thread.State: WAITING (on object monitor)&#10;        at sun.misc.Unsafe.park(Native Method)&#10;        at java.util.concurrent.locks.LockSupport.park(LockSupport.java:175)&#10;        at java.util.concurrent.locks.AbstractQueuedSynchronizer$ConditionObject.await(AbstractQueuedSynchronizer.java:2039)&#10;        at java.util.concurrent.ArrayBlockingQueue.take(ArrayBlockingQueue.java:403)&#10;        at java.util.concurrent.ThreadPoolExecutor.getTask(ThreadPoolExecutor.java:1074)&#10;        at java.util.concurrent.ThreadPoolExecutor.runWorker(ThreadPoolExecutor.java:1134)&#10;        at java.util.concurrent.ThreadPoolExecutor$Worker.run(ThreadPoolExecutor.java:624)&#10;        at java.lang.Thread.run(Thread.java:748)&#10;&quot;pool-34-thread-1&quot; daemon prio=5 tid=183 timed_waiting&#10;java.lang.Thread.State: TIMED_WAITING&#10;        at sun.misc.Unsafe.park(Native Method)&#10;        at java.util.concurrent.locks.LockSupport.parkNanos(LockSupport.java:215)&#10;        at java.util.concurrent.locks.AbstractQueuedSynchronizer$ConditionObject.awaitNanos(AbstractQueuedSynchronizer.java:2078)&#10;        at java.util.concurrent.ScheduledThreadPoolExecutor$DelayedWorkQueue.take(ScheduledThreadPoolExecutor.java:1093)&#10;        at java.util.concurrent.ScheduledThreadPoolExecutor$DelayedWorkQueue.take(ScheduledThreadPoolExecutor.java:809)&#10;        at java.util.concurrent.ThreadPoolExecutor.getTask(ThreadPoolExecutor.java:1074)&#10;        at java.util.concurrent.ThreadPoolExecutor.runWorker(ThreadPoolExecutor.java:1134)&#10;        at java.util.concurrent.ThreadPoolExecutor$Worker.run(ThreadPoolExecutor.java:624)&#10;        at java.lang.Thread.run(Thread.java:748)&#10;&quot;pool-56-thread-1&quot;  prio=5 tid=334 in Object.wait()&#10;java.lang.Thread.State: WAITING (on object monitor)&#10;        at sun.misc.Unsafe.park(Native Method)&#10;        at java.util.concurrent.locks.LockSupport.park(LockSupport.java:175)&#10;        at java.util.concurrent.locks.AbstractQueuedSynchronizer$ConditionObject.await(AbstractQueuedSynchronizer.java:2039)&#10;        at java.util.concurrent.ArrayBlockingQueue.take(ArrayBlockingQueue.java:403)&#10;        at java.util.concurrent.ThreadPoolExecutor.getTask(ThreadPoolExecutor.java:1074)&#10;        at java.util.concurrent.ThreadPoolExecutor.runWorker(ThreadPoolExecutor.java:1134)&#10;        at java.util.concurrent.ThreadPoolExecutor$Worker.run(ThreadPoolExecutor.java:624)&#10;        at java.lang.Thread.run(Thread.java:748)&#10;&quot;pool-76-thread-14&quot;  prio=5 tid=760 in Object.wait()&#10;java.lang.Thread.State: WAITING (on object monitor)&#10;        at sun.misc.Unsafe.park(Native Method)&#10;        at java.util.concurrent.locks.LockSupport.park(LockSupport.java:175)&#10;        at java.util.concurrent.locks.AbstractQueuedSynchronizer$ConditionObject.await(AbstractQueuedSynchronizer.java:2039)&#10;        at java.util.concurrent.ArrayBlockingQueue.take(ArrayBlockingQueue.java:403)&#10;        at java.util.concurrent.ThreadPoolExecutor.getTask(ThreadPoolExecutor.java:1074)&#10;        at java.util.concurrent.ThreadPoolExecutor.runWorker(ThreadPoolExecutor.java:1134)&#10;        at java.util.concurrent.ThreadPoolExecutor$Worker.run(ThreadPoolExecutor.java:624)&#10;        at java.lang.Thread.run(Thread.java:748)&#10;&quot;pool-26-thread-10&quot;  prio=5 tid=361 in Object.wait()&#10;java.lang.Thread.State: WAITING (on object monitor)&#10;        at sun.misc.Unsafe.park(Native Method)&#10;        at java.util.concurrent.locks.LockSupport.park(LockSupport.java:175)&#10;        at java.util.concurrent.locks.AbstractQueuedSynchronizer$ConditionObject.await(AbstractQueuedSynchronizer.java:2039)&#10;        at java.util.concurrent.ArrayBlockingQueue.take(ArrayBlockingQueue.java:403)&#10;        at java.util.concurrent.ThreadPoolExecutor.getTask(ThreadPoolExecutor.java:1074)&#10;        at java.util.concurrent.ThreadPoolExecutor.runWorker(ThreadPoolExecutor.java:1134)&#10;        at java.util.concurrent.ThreadPoolExecutor$Worker.run(ThreadPoolExecutor.java:624)&#10;        at java.lang.Thread.run(Thread.java:748)&#10;&quot;Datanode ReportManager Thread - 0&quot; daemon prio=5 tid=252 in Object.wait()&#10;java.lang.Thread.State: WAITING (on object monitor)&#10;        at sun.misc.Unsafe.park(Native Method)&#10;        at java.util.concurrent.locks.LockSupport.park(LockSupport.java:175)&#10;        at java.util.concurrent.locks.AbstractQueuedSynchronizer$ConditionObject.await(AbstractQueuedSynchronizer.java:2039)&#10;        at java.util.concurrent.ScheduledThreadPoolExecutor$DelayedWorkQueue.take(ScheduledThreadPoolExecutor.java:1088)&#10;        at java.util.concurrent.ScheduledThreadPoolExecutor$DelayedWorkQueue.take(ScheduledThreadPoolExecutor.java:809)&#10;        at java.util.concurrent.ThreadPoolExecutor.getTask(ThreadPoolExecutor.java:1074)&#10;        at java.util.concurrent.ThreadPoolExecutor.runWorker(ThreadPoolExecutor.java:1134)&#10;        at java.util.concurrent.ThreadPoolExecutor$Worker.run(ThreadPoolExecutor.java:624)&#10;        at java.lang.Thread.run(Thread.java:748)&#10;&quot;pool-86-thread-7&quot;  prio=5 tid=825 in Object.wait()&#10;java.lang.Thread.State: WAITING (on object monitor)&#10;        at sun.misc.Unsafe.park(Native Method)&#10;        at java.util.concurrent.locks.LockSupport.park(LockSupport.java:175)&#10;        at java.util.concurrent.locks.AbstractQueuedSynchronizer$ConditionObject.await(AbstractQueuedSynchronizer.java:2039)&#10;        at java.util.concurrent.ArrayBlockingQueue.take(ArrayBlockingQueue.java:403)&#10;        at java.util.concurrent.ThreadPoolExecutor.getTask(ThreadPoolExecutor.java:1074)&#10;        at java.util.concurrent.ThreadPoolExecutor.runWorker(ThreadPoolExecutor.java:1134)&#10;        at java.util.concurrent.ThreadPoolExecutor$Worker.run(ThreadPoolExecutor.java:624)&#10;        at java.lang.Thread.run(Thread.java:748)&#10;&quot;pool-86-thread-36&quot;  prio=5 tid=854 in Object.wait()&#10;java.lang.Thread.State: WAITING (on object monitor)&#10;        at sun.misc.Unsafe.park(Native Method)&#10;        at java.util.concurrent.locks.LockSupport.park(LockSupport.java:175)&#10;        at java.util.concurrent.locks.AbstractQueuedSynchronizer$ConditionObject.await(AbstractQueuedSynchronizer.java:2039)&#10;        at java.util.concurrent.ArrayBlockingQueue.take(ArrayBlockingQueue.java:403)&#10;        at java.util.concurrent.ThreadPoolExecutor.getTask(ThreadPoolExecutor.java:1074)&#10;        at java.util.concurrent.ThreadPoolExecutor.runWorker(ThreadPoolExecutor.java:1134)&#10;        at java.util.concurrent.ThreadPoolExecutor$Worker.run(ThreadPoolExecutor.java:624)&#10;        at java.lang.Thread.run(Thread.java:748)&#10;&quot;pool-76-thread-60&quot;  prio=5 tid=806 in Object.wait()&#10;java.lang.Thread.State: WAITING (on object monitor)&#10;        at sun.misc.Unsafe.park(Native Method)&#10;        at java.util.concurrent.locks.LockSupport.park(LockSupport.java:175)&#10;        at java.util.concurrent.locks.AbstractQueuedSynchronizer$ConditionObject.await(AbstractQueuedSynchronizer.java:2039)&#10;        at java.util.concurrent.ArrayBlockingQueue.take(ArrayBlockingQueue.java:403)&#10;        at java.util.concurrent.ThreadPoolExecutor.getTask(ThreadPoolExecutor.java:1074)&#10;        at java.util.concurrent.ThreadPoolExecutor.runWorker(ThreadPoolExecutor.java:1134)&#10;        at java.util.concurrent.ThreadPoolExecutor$Worker.run(ThreadPoolExecutor.java:624)&#10;        at java.lang.Thread.run(Thread.java:748)&#10;&quot;pool-56-thread-53&quot;  prio=5 tid=551 in Object.wait()&#10;java.lang.Thread.State: WAITING (on object monitor)&#10;        at sun.misc.Unsafe.park(Native Method)&#10;        at java.util.concurrent.locks.LockSupport.park(LockSupport.java:175)&#10;        at java.util.concurrent.locks.AbstractQueuedSynchronizer$ConditionObject.await(AbstractQueuedSynchronizer.java:2039)&#10;        at java.util.concurrent.ArrayBlockingQueue.take(ArrayBlockingQueue.java:403)&#10;        at java.util.concurrent.ThreadPoolExecutor.getTask(ThreadPoolExecutor.java:1074)&#10;        at java.util.concurrent.ThreadPoolExecutor.runWorker(ThreadPoolExecutor.java:1134)&#10;        at java.util.concurrent.ThreadPoolExecutor$Worker.run(ThreadPoolExecutor.java:624)&#10;        at java.lang.Thread.run(Thread.java:748)&#10;&quot;pool-56-thread-16&quot;  prio=5 tid=404 in Object.wait()&#10;java.lang.Thread.State: WAITING (on object monitor)&#10;        at sun.misc.Unsafe.park(Native Method)&#10;        at java.util.concurrent.locks.LockSupport.park(LockSupport.java:175)&#10;        at java.util.concurrent.locks.AbstractQueuedSynchronizer$ConditionObject.await(AbstractQueuedSynchronizer.java:2039)&#10;        at java.util.concurrent.ArrayBlockingQueue.take(ArrayBlockingQueue.java:403)&#10;        at java.util.concurrent.ThreadPoolExecutor.getTask(ThreadPoolExecutor.java:1074)&#10;        at java.util.concurrent.ThreadPoolExecutor.runWorker(ThreadPoolExecutor.java:1134)&#10;        at java.util.concurrent.ThreadPoolExecutor$Worker.run(ThreadPoolExecutor.java:624)&#10;        at java.lang.Thread.run(Thread.java:748)&#10;&quot;Datanode State Machine Thread - 0&quot; daemon prio=5 tid=204 timed_waiting&#10;java.lang.Thread.State: TIMED_WAITING&#10;        at sun.misc.Unsafe.park(Native Method)&#10;        at java.util.concurrent.locks.LockSupport.parkNanos(LockSupport.java:215)&#10;        at java.util.concurrent.SynchronousQueue$TransferStack.awaitFulfill(SynchronousQueue.java:460)&#10;        at java.util.concurrent.SynchronousQueue$TransferStack.transfer(SynchronousQueue.java:362)&#10;        at java.util.concurrent.SynchronousQueue.poll(SynchronousQueue.java:941)&#10;        at java.util.concurrent.ThreadPoolExecutor.getTask(ThreadPoolExecutor.java:1073)&#10;        at java.util.concurrent.ThreadPoolExecutor.runWorker(ThreadPoolExecutor.java:1134)&#10;        at java.util.concurrent.ThreadPoolExecutor$Worker.run(ThreadPoolExecutor.java:624)&#10;        at java.lang.Thread.run(Thread.java:748)&#10;&quot;Datanode ReportManager Thread - 2&quot; daemon prio=5 tid=605 in Object.wait()&#10;java.lang.Thread.State: WAITING (on object monitor)&#10;        at sun.misc.Unsafe.park(Native Method)&#10;        at java.util.concurrent.locks.LockSupport.park(LockSupport.java:175)&#10;        at java.util.concurrent.locks.AbstractQueuedSynchronizer$ConditionObject.await(AbstractQueuedSynchronizer.java:2039)&#10;        at java.util.concurrent.ScheduledThreadPoolExecutor$DelayedWorkQueue.take(ScheduledThreadPoolExecutor.java:1088)&#10;        at java.util.concurrent.ScheduledThreadPoolExecutor$DelayedWorkQueue.take(ScheduledThreadPoolExecutor.java:809)&#10;        at java.util.concurrent.ThreadPoolExecutor.getTask(ThreadPoolExecutor.java:1074)&#10;        at java.util.concurrent.ThreadPoolExecutor.runWorker(ThreadPoolExecutor.java:1134)&#10;        at java.util.concurrent.ThreadPoolExecutor$Worker.run(ThreadPoolExecutor.java:624)&#10;        at java.lang.Thread.run(Thread.java:748)&#10;&quot;pool-26-thread-18&quot;  prio=5 tid=398 in Object.wait()&#10;java.lang.Thread.State: WAITING (on object monitor)&#10;        at sun.misc.Unsafe.park(Native Method)&#10;        at java.util.concurrent.locks.LockSupport.park(LockSupport.java:175)&#10;        at java.util.concurrent.locks.AbstractQueuedSynchronizer$ConditionObject.await(AbstractQueuedSynchronizer.java:2039)&#10;        at java.util.concurrent.ArrayBlockingQueue.take(ArrayBlockingQueue.java:403)&#10;        at java.util.concurrent.ThreadPoolExecutor.getTask(ThreadPoolExecutor.java:1074)&#10;        at java.util.concurrent.ThreadPoolExecutor.runWorker(ThreadPoolExecutor.java:1134)&#10;        at java.util.concurrent.ThreadPoolExecutor$Worker.run(ThreadPoolExecutor.java:624)&#10;        at java.lang.Thread.run(Thread.java:748)&#10;&quot;pool-56-thread-60&quot;  prio=5 tid=579 in Object.wait()&#10;java.lang.Thread.State: WAITING (on object monitor)&#10;        at sun.misc.Unsafe.park(Native Method)&#10;        at java.util.concurrent.locks.LockSupport.park(LockSupport.java:175)&#10;        at java.util.concurrent.locks.AbstractQueuedSynchronizer$ConditionObject.await(AbstractQueuedSynchronizer.java:2039)&#10;        at java.util.concurrent.ArrayBlockingQueue.take(ArrayBlockingQueue.java:403)&#10;        at java.util.concurrent.ThreadPoolExecutor.getTask(ThreadPoolExecutor.java:1074)&#10;        at java.util.concurrent.ThreadPoolExecutor.runWorker(ThreadPoolExecutor.java:1134)&#10;        at java.util.concurrent.ThreadPoolExecutor$Worker.run(ThreadPoolExecutor.java:624)&#10;        at java.lang.Thread.run(Thread.java:748)&#10;&quot;pool-56-thread-35&quot;  prio=5 tid=474 in Object.wait()&#10;java.lang.Thread.State: WAITING (on object monitor)&#10;        at sun.misc.Unsafe.park(Native Method)&#10;        at java.util.concurrent.locks.LockSupport.park(LockSupport.java:175)&#10;        at java.util.concurrent.locks.AbstractQueuedSynchronizer$ConditionObject.await(AbstractQueuedSynchronizer.java:2039)&#10;        at java.util.concurrent.ArrayBlockingQueue.take(ArrayBlockingQueue.java:403)&#10;        at java.util.concurrent.ThreadPoolExecutor.getTask(ThreadPoolExecutor.java:1074)&#10;        at java.util.concurrent.ThreadPoolExecutor.runWorker(ThreadPoolExecutor.java:1134)&#10;        at java.util.concurrent.ThreadPoolExecutor$Worker.run(ThreadPoolExecutor.java:624)&#10;        at java.lang.Thread.run(Thread.java:748)&#10;&quot;pool-96-thread-23&quot;  prio=5 tid=905 in Object.wait()&#10;java.lang.Thread.State: WAITING (on object monitor)&#10;        at sun.misc.Unsafe.park(Native Method)&#10;        at java.util.concurrent.locks.LockSupport.park(LockSupport.java:175)&#10;        at java.util.concurrent.locks.AbstractQueuedSynchronizer$ConditionObject.await(AbstractQueuedSynchronizer.java:2039)&#10;        at java.util.concurrent.ArrayBlockingQueue.take(ArrayBlockingQueue.java:403)&#10;        at java.util.concurrent.ThreadPoolExecutor.getTask(ThreadPoolExecutor.java:1074)&#10;        at java.util.concurrent.ThreadPoolExecutor.runWorker(ThreadPoolExecutor.java:1134)&#10;        at java.util.concurrent.ThreadPoolExecutor$Worker.run(ThreadPoolExecutor.java:624)&#10;        at java.lang.Thread.run(Thread.java:748)&#10;&quot;pool-26-thread-9&quot;  prio=5 tid=358 in Object.wait()&#10;java.lang.Thread.State: WAITING (on object monitor)&#10;        at sun.misc.Unsafe.park(Native Method)&#10;        at java.util.concurrent.locks.LockSupport.park(LockSupport.java:175)&#10;        at java.util.concurrent.locks.AbstractQueuedSynchronizer$ConditionObject.await(AbstractQueuedSynchronizer.java:2039)&#10;        at java.util.concurrent.ArrayBlockingQueue.take(ArrayBlockingQueue.java:403)&#10;        at java.util.concurrent.ThreadPoolExecutor.getTask(ThreadPoolExecutor.java:1074)&#10;        at java.util.concurrent.ThreadPoolExecutor.runWorker(ThreadPoolExecutor.java:1134)&#10;        at java.util.concurrent.ThreadPoolExecutor$Worker.run(ThreadPoolExecutor.java:624)&#10;        at java.lang.Thread.run(Thread.java:748)&#10;&quot;metrics-hadoop-metrics2-reporter-23-thread-1&quot; daemon prio=5 tid=1127 timed_waiting&#10;java.lang.Thread.State: TIMED_WAITING&#10;        at sun.misc.Unsafe.park(Native Method)&#10;        at java.util.concurrent.locks.LockSupport.parkNanos(LockSupport.java:215)&#10;        at java.util.concurrent.locks.AbstractQueuedSynchronizer$ConditionObject.awaitNanos(AbstractQueuedSynchronizer.java:2078)&#10;        at java.util.concurrent.ScheduledThreadPoolExecutor$DelayedWorkQueue.take(ScheduledThreadPoolExecutor.java:1093)&#10;        at java.util.concurrent.ScheduledThreadPoolExecutor$DelayedWorkQueue.take(ScheduledThreadPoolExecutor.java:809)&#10;        at java.util.concurrent.ThreadPoolExecutor.getTask(ThreadPoolExecutor.java:1074)&#10;        at java.util.concurrent.ThreadPoolExecutor.runWorker(ThreadPoolExecutor.java:1134)&#10;        at java.util.concurrent.ThreadPoolExecutor$Worker.run(ThreadPoolExecutor.java:624)&#10;        at java.lang.Thread.run(Thread.java:748)&#10;&quot;BlockDeletingService#0&quot; daemon prio=5 tid=879 timed_waiting&#10;java.lang.Thread.State: TIMED_WAITING&#10;        at sun.misc.Unsafe.park(Native Method)&#10;        at java.util.concurrent.locks.LockSupport.parkNanos(LockSupport.java:215)&#10;        at java.util.concurrent.locks.AbstractQueuedSynchronizer$ConditionObject.awaitNanos(AbstractQueuedSynchronizer.java:2078)&#10;        at java.util.concurrent.ScheduledThreadPoolExecutor$DelayedWorkQueue.take(ScheduledThreadPoolExecutor.java:1093)&#10;        at java.util.concurrent.ScheduledThreadPoolExecutor$DelayedWorkQueue.take(ScheduledThreadPoolExecutor.java:809)&#10;        at java.util.concurrent.ThreadPoolExecutor.getTask(ThreadPoolExecutor.java:1074)&#10;        at java.util.concurrent.ThreadPoolExecutor.runWorker(ThreadPoolExecutor.java:1134)&#10;        at java.util.concurrent.ThreadPoolExecutor$Worker.run(ThreadPoolExecutor.java:624)&#10;        at java.lang.Thread.run(Thread.java:748)&#10;&quot;pool-36-thread-14&quot;  prio=5 tid=383 in Object.wait()&#10;java.lang.Thread.State: WAITING (on object monitor)&#10;        at sun.misc.Unsafe.park(Native Method)&#10;        at java.util.concurrent.locks.LockSupport.park(LockSupport.java:175)&#10;        at java.util.concurrent.locks.AbstractQueuedSynchronizer$ConditionObject.await(AbstractQueuedSynchronizer.java:2039)&#10;        at java.util.concurrent.ArrayBlockingQueue.take(ArrayBlockingQueue.java:403)&#10;        at java.util.concurrent.ThreadPoolExecutor.getTask(ThreadPoolExecutor.java:1074)&#10;        at java.util.concurrent.ThreadPoolExecutor.runWorker(ThreadPoolExecutor.java:1134)&#10;        at java.util.concurrent.ThreadPoolExecutor$Worker.run(ThreadPoolExecutor.java:624)&#10;        at java.lang.Thread.run(Thread.java:748)&#10;&quot;Thread-359&quot; daemon prio=5 tid=1225 timed_waiting&#10;java.lang.Thread.State: TIMED_WAITING&#10;        at sun.misc.Unsafe.park(Native Method)&#10;        at java.util.concurrent.locks.LockSupport.parkNanos(LockSupport.java:215)&#10;        at java.util.concurrent.locks.AbstractQueuedSynchronizer$ConditionObject.awaitNanos(AbstractQueuedSynchronizer.java:2078)&#10;        at java.util.concurrent.ArrayBlockingQueue.poll(ArrayBlockingQueue.java:418)&#10;        at org.apache.ratis.server.impl.LeaderState$EventQueue.poll(LeaderState.java:116)&#10;        at org.apache.ratis.server.impl.LeaderState$EventProcessor.run(LeaderState.java:468)&#10;&quot;pool-96-thread-29&quot;  prio=5 tid=911 in Object.wait()&#10;java.lang.Thread.State: WAITING (on object monitor)&#10;        at sun.misc.Unsafe.park(Native Method)&#10;        at java.util.concurrent.locks.LockSupport.park(LockSupport.java:175)&#10;        at java.util.concurrent.locks.AbstractQueuedSynchronizer$ConditionObject.await(AbstractQueuedSynchronizer.java:2039)&#10;        at java.util.concurrent.ArrayBlockingQueue.take(ArrayBlockingQueue.java:403)&#10;        at java.util.concurrent.ThreadPoolExecutor.getTask(ThreadPoolExecutor.java:1074)&#10;        at java.util.concurrent.ThreadPoolExecutor.runWorker(ThreadPoolExecutor.java:1134)&#10;        at java.util.concurrent.ThreadPoolExecutor$Worker.run(ThreadPoolExecutor.java:624)&#10;        at java.lang.Thread.run(Thread.java:748)&#10;&quot;pool-46-thread-13&quot;  prio=5 tid=362 in Object.wait()&#10;java.lang.Thread.State: WAITING (on object monitor)&#10;        at sun.misc.Unsafe.park(Native Method)&#10;        at java.util.concurrent.locks.LockSupport.park(LockSupport.java:175)&#10;        at java.util.concurrent.locks.AbstractQueuedSynchronizer$ConditionObject.await(AbstractQueuedSynchronizer.java:2039)&#10;        at java.util.concurrent.ArrayBlockingQueue.take(ArrayBlockingQueue.java:403)&#10;        at java.util.concurrent.ThreadPoolExecutor.getTask(ThreadPoolExecutor.java:1074)&#10;        at java.util.concurrent.ThreadPoolExecutor.runWorker(ThreadPoolExecutor.java:1134)&#10;        at java.util.concurrent.ThreadPoolExecutor$Worker.run(ThreadPoolExecutor.java:624)&#10;        at java.lang.Thread.run(Thread.java:748)&#10;&quot;pool-96-thread-2&quot;  prio=5 tid=884 in Object.wait()&#10;java.lang.Thread.State: WAITING (on object monitor)&#10;        at sun.misc.Unsafe.park(Native Method)&#10;        at java.util.concurrent.locks.LockSupport.park(LockSupport.java:175)&#10;        at java.util.concurrent.locks.AbstractQueuedSynchronizer$ConditionObject.await(AbstractQueuedSynchronizer.java:2039)&#10;        at java.util.concurrent.ArrayBlockingQueue.take(ArrayBlockingQueue.java:403)&#10;        at java.util.concurrent.ThreadPoolExecutor.getTask(ThreadPoolExecutor.java:1074)&#10;        at java.util.concurrent.ThreadPoolExecutor.runWorker(ThreadPoolExecutor.java:1134)&#10;        at java.util.concurrent.ThreadPoolExecutor$Worker.run(ThreadPoolExecutor.java:624)&#10;        at java.lang.Thread.run(Thread.java:748)&#10;&quot;pool-66-thread-39&quot;  prio=5 tid=682 in Object.wait()&#10;java.lang.Thread.State: WAITING (on object monitor)&#10;        at sun.misc.Unsafe.park(Native Method)&#10;        at java.util.concurrent.locks.LockSupport.park(LockSupport.java:175)&#10;        at java.util.concurrent.locks.AbstractQueuedSynchronizer$ConditionObject.await(AbstractQueuedSynchronizer.java:2039)&#10;        at java.util.concurrent.ArrayBlockingQueue.take(ArrayBlockingQueue.java:403)&#10;        at java.util.concurrent.ThreadPoolExecutor.getTask(ThreadPoolExecutor.java:1074)&#10;        at java.util.concurrent.ThreadPoolExecutor.runWorker(ThreadPoolExecutor.java:1134)&#10;        at java.util.concurrent.ThreadPoolExecutor$Worker.run(ThreadPoolExecutor.java:624)&#10;        at java.lang.Thread.run(Thread.java:748)&#10;&quot;Datanode ReportManager Thread - 1&quot; daemon prio=5 tid=310 in Object.wait()&#10;java.lang.Thread.State: WAITING (on object monitor)&#10;        at sun.misc.Unsafe.park(Native Method)&#10;        at java.util.concurrent.locks.LockSupport.park(LockSupport.java:175)&#10;        at java.util.concurrent.locks.AbstractQueuedSynchronizer$ConditionObject.await(AbstractQueuedSynchronizer.java:2039)&#10;        at java.util.concurrent.ScheduledThreadPoolExecutor$DelayedWorkQueue.take(ScheduledThreadPoolExecutor.java:1088)&#10;        at java.util.concurrent.ScheduledThreadPoolExecutor$DelayedWorkQueue.take(ScheduledThreadPoolExecutor.java:809)&#10;        at java.util.concurrent.ThreadPoolExecutor.getTask(ThreadPoolExecutor.java:1074)&#10;        at java.util.concurrent.ThreadPoolExecutor.runWorker(ThreadPoolExecutor.java:1134)&#10;        at java.util.concurrent.ThreadPoolExecutor$Worker.run(ThreadPoolExecutor.java:624)&#10;        at java.lang.Thread.run(Thread.java:748)&#10;&quot;pool-96-thread-31&quot;  prio=5 tid=913 in Object.wait()&#10;java.lang.Thread.State: WAITING (on object monitor)&#10;        at sun.misc.Unsafe.park(Native Method)&#10;        at java.util.concurrent.locks.LockSupport.park(LockSupport.java:175)&#10;        at java.util.concurrent.locks.AbstractQueuedSynchronizer$ConditionObject.await(AbstractQueuedSynchronizer.java:2039)&#10;        at java.util.concurrent.ArrayBlockingQueue.take(ArrayBlockingQueue.java:403)&#10;        at java.util.concurrent.ThreadPoolExecutor.getTask(ThreadPoolExecutor.java:1074)&#10;        at java.util.concurrent.ThreadPoolExecutor.runWorker(ThreadPoolExecutor.java:1134)&#10;        at java.util.concurrent.ThreadPoolExecutor$Worker.run(ThreadPoolExecutor.java:624)&#10;        at java.lang.Thread.run(Thread.java:748)&#10;&quot;metrics-hadoop-metrics2-reporter-21-thread-1&quot; daemon prio=5 tid=1057 timed_waiting&#10;java.lang.Thread.State: TIMED_WAITING&#10;        at sun.misc.Unsafe.park(Native Method)&#10;        at java.util.concurrent.locks.LockSupport.parkNanos(LockSupport.java:215)&#10;        at java.util.concurrent.locks.AbstractQueuedSynchronizer$ConditionObject.awaitNanos(AbstractQueuedSynchronizer.java:2078)&#10;        at java.util.concurrent.ScheduledThreadPoolExecutor$DelayedWorkQueue.take(ScheduledThreadPoolExecutor.java:1093)&#10;        at java.util.concurrent.ScheduledThreadPoolExecutor$DelayedWorkQueue.take(ScheduledThreadPoolExecutor.java:809)&#10;        at java.util.concurrent.ThreadPoolExecutor.getTask(ThreadPoolExecutor.java:1074)&#10;        at java.util.concurrent.ThreadPoolExecutor.runWorker(ThreadPoolExecutor.java:1134)&#10;        at java.util.concurrent.ThreadPoolExecutor$Worker.run(ThreadPoolExecutor.java:624)&#10;        at java.lang.Thread.run(Thread.java:748)&#10;&quot;jaeger.RemoteReporter-FlushTimer&quot; daemon prio=5 tid=148 timed_waiting&#10;java.lang.Thread.State: TIMED_WAITING&#10;        at java.lang.Object.wait(Native Method)&#10;        at java.util.TimerThread.mainLoop(Timer.java:552)&#10;        at java.util.TimerThread.run(Timer.java:505)&#10;&quot;qtp1089341986-138&quot; daemon prio=5 tid=138 timed_waiting&#10;java.lang.Thread.State: TIMED_WAITING&#10;        at sun.misc.Unsafe.park(Native Method)&#10;        at java.util.concurrent.locks.LockSupport.parkNanos(LockSupport.java:215)&#10;        at java.util.concurrent.locks.AbstractQueuedSynchronizer$ConditionObject.awaitNanos(AbstractQueuedSynchronizer.java:2078)&#10;        at org.eclipse.jetty.util.BlockingArrayQueue.poll(BlockingArrayQueue.java:392)&#10;        at org.eclipse.jetty.util.thread.QueuedThreadPool.idleJobPoll(QueuedThreadPool.java:563)&#10;        at org.eclipse.jetty.util.thread.QueuedThreadPool.access$800(QueuedThreadPool.java:48)&#10;        at org.eclipse.jetty.util.thread.QueuedThreadPool$2.run(QueuedThreadPool.java:626)&#10;        at java.lang.Thread.run(Thread.java:748)&#10;&quot;metrics-hadoop-metrics2-reporter-11-thread-1&quot; daemon prio=5 tid=964 timed_waiting&#10;java.lang.Thread.State: TIMED_WAITING&#10;        at sun.misc.Unsafe.park(Native Method)&#10;        at java.util.concurrent.locks.LockSupport.parkNanos(LockSupport.java:215)&#10;        at java.util.concurrent.locks.AbstractQueuedSynchronizer$ConditionObject.awaitNanos(AbstractQueuedSynchronizer.java:2078)&#10;        at java.util.concurrent.ScheduledThreadPoolExecutor$DelayedWorkQueue.take(ScheduledThreadPoolExecutor.java:1093)&#10;        at java.util.concurrent.ScheduledThreadPoolExecutor$DelayedWorkQueue.take(ScheduledThreadPoolExecutor.java:809)&#10;        at java.util.concurrent.ThreadPoolExecutor.getTask(ThreadPoolExecutor.java:1074)&#10;        at java.util.concurrent.ThreadPoolExecutor.runWorker(ThreadPoolExecutor.java:1134)&#10;        at java.util.concurrent.ThreadPoolExecutor$Worker.run(ThreadPoolExecutor.java:624)&#10;        at java.lang.Thread.run(Thread.java:748)&#10;&quot;pool-76-thread-18&quot;  prio=5 tid=764 in Object.wait()&#10;java.lang.Thread.State: WAITING (on object monitor)&#10;        at sun.misc.Unsafe.park(Native Method)&#10;        at java.util.concurrent.locks.LockSupport.park(LockSupport.java:175)&#10;        at java.util.concurrent.locks.AbstractQueuedSynchronizer$ConditionObject.await(AbstractQueuedSynchronizer.java:2039)&#10;        at java.util.concurrent.ArrayBlockingQueue.take(ArrayBlockingQueue.java:403)&#10;        at java.util.concurrent.ThreadPoolExecutor.getTask(ThreadPoolExecutor.java:1074)&#10;        at java.util.concurrent.ThreadPoolExecutor.runWorker(ThreadPoolExecutor.java:1134)&#10;        at java.util.concurrent.ThreadPoolExecutor$Worker.run(ThreadPoolExecutor.java:624)&#10;        at java.lang.Thread.run(Thread.java:748)&#10;&quot;d4e5ac39-62a0-42b5-ac75-503c3fe19161@group-24F9B359B75D-StateMachineUpdater&quot; daemon prio=5 tid=1047 in Object.wait()&#10;java.lang.Thread.State: WAITING (on object monitor)&#10;        at java.lang.Object.wait(Native Method)&#10;        at java.lang.Object.wait(Object.java:502)&#10;        at org.apache.ratis.server.impl.StateMachineUpdater.waitForCommit(StateMachineUpdater.java:194)&#10;        at org.apache.ratis.server.impl.StateMachineUpdater.run(StateMachineUpdater.java:159)&#10;        at java.lang.Thread.run(Thread.java:748)&#10;&quot;qtp1089341986-143&quot; daemon prio=5 tid=143 timed_waiting&#10;java.lang.Thread.State: TIMED_WAITING&#10;        at sun.misc.Unsafe.park(Native Method)&#10;        at java.util.concurrent.locks.LockSupport.parkNanos(LockSupport.java:215)&#10;        at java.util.concurrent.locks.AbstractQueuedSynchronizer$ConditionObject.awaitNanos(AbstractQueuedSynchronizer.java:2078)&#10;        at org.eclipse.jetty.util.BlockingArrayQueue.poll(BlockingArrayQueue.java:392)&#10;        at org.eclipse.jetty.util.thread.QueuedThreadPool.idleJobPoll(QueuedThreadPool.java:563)&#10;        at org.eclipse.jetty.util.thread.QueuedThreadPool.access$800(QueuedThreadPool.java:48)&#10;        at org.eclipse.jetty.util.thread.QueuedThreadPool$2.run(QueuedThreadPool.java:626)&#10;        at java.lang.Thread.run(Thread.java:748)&#10;&quot;metrics-hadoop-metrics2-reporter-29-thread-1&quot; daemon prio=5 tid=1143 timed_waiting&#10;java.lang.Thread.State: TIMED_WAITING&#10;        at sun.misc.Unsafe.park(Native Method)&#10;        at java.util.concurrent.locks.LockSupport.parkNanos(LockSupport.java:215)&#10;        at java.util.concurrent.locks.AbstractQueuedSynchronizer$ConditionObject.awaitNanos(AbstractQueuedSynchronizer.java:2078)&#10;        at java.util.concurrent.ScheduledThreadPoolExecutor$DelayedWorkQueue.take(ScheduledThreadPoolExecutor.java:1093)&#10;        at java.util.concurrent.ScheduledThreadPoolExecutor$DelayedWorkQueue.take(ScheduledThreadPoolExecutor.java:809)&#10;        at java.util.concurrent.ThreadPoolExecutor.getTask(ThreadPoolExecutor.java:1074)&#10;        at java.util.concurrent.ThreadPoolExecutor.runWorker(ThreadPoolExecutor.java:1134)&#10;        at java.util.concurrent.ThreadPoolExecutor$Worker.run(ThreadPoolExecutor.java:624)&#10;        at java.lang.Thread.run(Thread.java:748)&#10;&quot;pool-117-thread-26&quot;  prio=5 tid=1085 in Object.wait()&#10;java.lang.Thread.State: WAITING (on object monitor)&#10;        at sun.misc.Unsafe.park(Native Method)&#10;        at java.util.concurrent.locks.LockSupport.park(LockSupport.java:175)&#10;        at java.util.concurrent.locks.AbstractQueuedSynchronizer$ConditionObject.await(AbstractQueuedSynchronizer.java:2039)&#10;        at java.util.concurrent.ArrayBlockingQueue.take(ArrayBlockingQueue.java:403)&#10;        at java.util.concurrent.ThreadPoolExecutor.getTask(ThreadPoolExecutor.java:1074)&#10;        at java.util.concurrent.ThreadPoolExecutor.runWorker(ThreadPoolExecutor.java:1134)&#10;        at java.util.concurrent.ThreadPoolExecutor$Worker.run(ThreadPoolExecutor.java:624)&#10;        at java.lang.Thread.run(Thread.java:748)&#10;&quot;pool-76-thread-28&quot;  prio=5 tid=774 in Object.wait()&#10;java.lang.Thread.State: WAITING (on object monitor)&#10;        at sun.misc.Unsafe.park(Native Method)&#10;        at java.util.concurrent.locks.LockSupport.park(LockSupport.java:175)&#10;        at java.util.concurrent.locks.AbstractQueuedSynchronizer$ConditionObject.await(AbstractQueuedSynchronizer.java:2039)&#10;        at java.util.concurrent.ArrayBlockingQueue.take(ArrayBlockingQueue.java:403)&#10;        at java.util.concurrent.ThreadPoolExecutor.getTask(ThreadPoolExecutor.java:1074)&#10;        at java.util.concurrent.ThreadPoolExecutor.runWorker(ThreadPoolExecutor.java:1134)&#10;        at java.util.concurrent.ThreadPoolExecutor$Worker.run(ThreadPoolExecutor.java:624)&#10;        at java.lang.Thread.run(Thread.java:748)&#10;&quot;pool-96-thread-28&quot;  prio=5 tid=910 in Object.wait()&#10;java.lang.Thread.State: WAITING (on object monitor)&#10;        at sun.misc.Unsafe.park(Native Method)&#10;        at java.util.concurrent.locks.LockSupport.park(LockSupport.java:175)&#10;        at java.util.concurrent.locks.AbstractQueuedSynchronizer$ConditionObject.await(AbstractQueuedSynchronizer.java:2039)&#10;        at java.util.concurrent.ArrayBlockingQueue.take(ArrayBlockingQueue.java:403)&#10;        at java.util.concurrent.ThreadPoolExecutor.getTask(ThreadPoolExecutor.java:1074)&#10;        at java.util.concurrent.ThreadPoolExecutor.runWorker(ThreadPoolExecutor.java:1134)&#10;        at java.util.concurrent.ThreadPoolExecutor$Worker.run(ThreadPoolExecutor.java:624)&#10;        at java.lang.Thread.run(Thread.java:748)&#10;&quot;IPC Server handler 6 on 37221&quot; daemon prio=5 tid=121 timed_waiting&#10;java.lang.Thread.State: TIMED_WAITING&#10;        at sun.misc.Unsafe.park(Native Method)&#10;        at java.util.concurrent.locks.LockSupport.parkNanos(LockSupport.java:215)&#10;        at java.util.concurrent.locks.AbstractQueuedSynchronizer$ConditionObject.awaitNanos(AbstractQueuedSynchronizer.java:2078)&#10;        at java.util.concurrent.LinkedBlockingQueue.poll(LinkedBlockingQueue.java:467)&#10;        at org.apache.hadoop.ipc.CallQueueManager.take(CallQueueManager.java:288)&#10;        at org.apache.hadoop.ipc.Server$Handler.run(Server.java:2668)&#10;&quot;qtp1680841335-243&quot; daemon prio=5 tid=243 timed_waiting&#10;java.lang.Thread.State: TIMED_WAITING&#10;        at sun.misc.Unsafe.park(Native Method)&#10;        at java.util.concurrent.locks.LockSupport.parkNanos(LockSupport.java:215)&#10;        at java.util.concurrent.locks.AbstractQueuedSynchronizer$ConditionObject.awaitNanos(AbstractQueuedSynchronizer.java:2078)&#10;        at org.eclipse.jetty.util.BlockingArrayQueue.poll(BlockingArrayQueue.java:392)&#10;        at org.eclipse.jetty.util.thread.QueuedThreadPool.idleJobPoll(QueuedThreadPool.java:563)&#10;        at org.eclipse.jetty.util.thread.QueuedThreadPool.access$800(QueuedThreadPool.java:48)&#10;        at org.eclipse.jetty.util.thread.QueuedThreadPool$2.run(QueuedThreadPool.java:626)&#10;        at java.lang.Thread.run(Thread.java:748)&#10;&quot;IPC Server handler 12 on 37838&quot; daemon prio=5 tid=81 timed_waiting&#10;java.lang.Thread.State: TIMED_WAITING&#10;        at sun.misc.Unsafe.park(Native Method)&#10;        at java.util.concurrent.locks.LockSupport.parkNanos(LockSupport.java:215)&#10;        at java.util.concurrent.locks.AbstractQueuedSynchronizer$ConditionObject.awaitNanos(AbstractQueuedSynchronizer.java:2078)&#10;        at java.util.concurrent.LinkedBlockingQueue.poll(LinkedBlockingQueue.java:467)&#10;        at org.apache.hadoop.ipc.CallQueueManager.take(CallQueueManager.java:288)&#10;        at org.apache.hadoop.ipc.Server$Handler.run(Server.java:2668)&#10;&quot;org.apache.ratis.server.impl.LogAppender$AppenderDaemon$$Lambda$565/1288450225@1d6f9094&quot; daemon prio=5 tid=1303 timed_waiting&#10;java.lang.Thread.State: TIMED_WAITING&#10;        at java.lang.Object.wait(Native Method)&#10;        at org.apache.ratis.grpc.server.GrpcLogAppender.mayWait(GrpcLogAppender.java:141)&#10;        at org.apache.ratis.grpc.server.GrpcLogAppender.runAppenderImpl(GrpcLogAppender.java:95)&#10;        at org.apache.ratis.server.impl.LogAppender$AppenderDaemon.run(LogAppender.java:76)&#10;        at org.apache.ratis.server.impl.LogAppender$AppenderDaemon$$Lambda$565/1288450225.run(Unknown Source)&#10;        at java.lang.Thread.run(Thread.java:748)&#10;&quot;pool-106-thread-25&quot;  prio=5 tid=1004 in Object.wait()&#10;java.lang.Thread.State: WAITING (on object monitor)&#10;        at sun.misc.Unsafe.park(Native Method)&#10;        at java.util.concurrent.locks.LockSupport.park(LockSupport.java:175)&#10;        at java.util.concurrent.locks.AbstractQueuedSynchronizer$ConditionObject.await(AbstractQueuedSynchronizer.java:2039)&#10;        at java.util.concurrent.ArrayBlockingQueue.take(ArrayBlockingQueue.java:403)&#10;        at java.util.concurrent.ThreadPoolExecutor.getTask(ThreadPoolExecutor.java:1074)&#10;        at java.util.concurrent.ThreadPoolExecutor.runWorker(ThreadPoolExecutor.java:1134)&#10;        at java.util.concurrent.ThreadPoolExecutor$Worker.run(ThreadPoolExecutor.java:624)&#10;        at java.lang.Thread.run(Thread.java:748)&#10;&quot;metrics-hadoop-metrics2-reporter-43-thread-1&quot; daemon prio=5 tid=1186 timed_waiting&#10;java.lang.Thread.State: TIMED_WAITING&#10;        at sun.misc.Unsafe.park(Native Method)&#10;        at java.util.concurrent.locks.LockSupport.parkNanos(LockSupport.java:215)&#10;        at java.util.concurrent.locks.AbstractQueuedSynchronizer$ConditionObject.awaitNanos(AbstractQueuedSynchronizer.java:2078)&#10;        at java.util.concurrent.ScheduledThreadPoolExecutor$DelayedWorkQueue.take(ScheduledThreadPoolExecutor.java:1093)&#10;        at java.util.concurrent.ScheduledThreadPoolExecutor$DelayedWorkQueue.take(ScheduledThreadPoolExecutor.java:809)&#10;        at java.util.concurrent.ThreadPoolExecutor.getTask(ThreadPoolExecutor.java:1074)&#10;        at java.util.concurrent.ThreadPoolExecutor.runWorker(ThreadPoolExecutor.java:1134)&#10;        at java.util.concurrent.ThreadPoolExecutor$Worker.run(ThreadPoolExecutor.java:624)&#10;        at java.lang.Thread.run(Thread.java:748)&#10;&quot;Datanode ReportManager Thread - 2&quot; daemon prio=5 tid=676 in Object.wait()&#10;java.lang.Thread.State: WAITING (on object monitor)&#10;        at sun.misc.Unsafe.park(Native Method)&#10;        at java.util.concurrent.locks.LockSupport.park(LockSupport.java:175)&#10;        at java.util.concurrent.locks.AbstractQueuedSynchronizer$ConditionObject.await(AbstractQueuedSynchronizer.java:2039)&#10;        at java.util.concurrent.ScheduledThreadPoolExecutor$DelayedWorkQueue.take(ScheduledThreadPoolExecutor.java:1088)&#10;        at java.util.concurrent.ScheduledThreadPoolExecutor$DelayedWorkQueue.take(ScheduledThreadPoolExecutor.java:809)&#10;        at java.util.concurrent.ThreadPoolExecutor.getTask(ThreadPoolExecutor.java:1074)&#10;        at java.util.concurrent.ThreadPoolExecutor.runWorker(ThreadPoolExecutor.java:1134)&#10;        at java.util.concurrent.ThreadPoolExecutor$Worker.run(ThreadPoolExecutor.java:624)&#10;        at java.lang.Thread.run(Thread.java:748)&#10;&quot;pool-46-thread-34&quot;  prio=5 tid=478 in Object.wait()&#10;java.lang.Thread.State: WAITING (on object monitor)&#10;        at sun.misc.Unsafe.park(Native Method)&#10;        at java.util.concurrent.locks.LockSupport.park(LockSupport.java:175)&#10;        at java.util.concurrent.locks.AbstractQueuedSynchronizer$ConditionObject.await(AbstractQueuedSynchronizer.java:2039)&#10;        at java.util.concurrent.ArrayBlockingQueue.take(ArrayBlockingQueue.java:403)&#10;        at java.util.concurrent.ThreadPoolExecutor.getTask(ThreadPoolExecutor.java:1074)&#10;        at java.util.concurrent.ThreadPoolExecutor.runWorker(ThreadPoolExecutor.java:1134)&#10;        at java.util.concurrent.ThreadPoolExecutor$Worker.run(ThreadPoolExecutor.java:624)&#10;        at java.lang.Thread.run(Thread.java:748)&#10;&quot;pool-76-thread-1&quot;  prio=5 tid=747 in Object.wait()&#10;java.lang.Thread.State: WAITING (on object monitor)&#10;        at sun.misc.Unsafe.park(Native Method)&#10;        at java.util.concurrent.locks.LockSupport.park(LockSupport.java:175)&#10;        at java.util.concurrent.locks.AbstractQueuedSynchronizer$ConditionObject.await(AbstractQueuedSynchronizer.java:2039)&#10;        at java.util.concurrent.ArrayBlockingQueue.take(ArrayBlockingQueue.java:403)&#10;        at java.util.concurrent.ThreadPoolExecutor.getTask(ThreadPoolExecutor.java:1074)&#10;        at java.util.concurrent.ThreadPoolExecutor.runWorker(ThreadPoolExecutor.java:1134)&#10;        at java.util.concurrent.ThreadPoolExecutor$Worker.run(ThreadPoolExecutor.java:624)&#10;        at java.lang.Thread.run(Thread.java:748)&#10;&quot;Thread-406&quot; daemon prio=5 tid=1282 timed_waiting&#10;java.lang.Thread.State: TIMED_WAITING&#10;        at java.lang.Thread.sleep(Native Method)&#10;        at org.apache.ratis.util.JavaUtils.sleep(JavaUtils.java:247)&#10;        at org.apache.ratis.server.impl.FollowerState.run(FollowerState.java:97)&#10;&quot;pool-106-thread-22&quot;  prio=5 tid=1001 in Object.wait()&#10;java.lang.Thread.State: WAITING (on object monitor)&#10;        at sun.misc.Unsafe.park(Native Method)&#10;        at java.util.concurrent.locks.LockSupport.park(LockSupport.java:175)&#10;        at java.util.concurrent.locks.AbstractQueuedSynchronizer$ConditionObject.await(AbstractQueuedSynchronizer.java:2039)&#10;        at java.util.concurrent.ArrayBlockingQueue.take(ArrayBlockingQueue.java:403)&#10;        at java.util.concurrent.ThreadPoolExecutor.getTask(ThreadPoolExecutor.java:1074)&#10;        at java.util.concurrent.ThreadPoolExecutor.runWorker(ThreadPoolExecutor.java:1134)&#10;        at java.util.concurrent.ThreadPoolExecutor$Worker.run(ThreadPoolExecutor.java:624)&#10;        at java.lang.Thread.run(Thread.java:748)&#10;&quot;pool-66-thread-15&quot;  prio=5 tid=652 in Object.wait()&#10;java.lang.Thread.State: WAITING (on object monitor)&#10;        at sun.misc.Unsafe.park(Native Method)&#10;        at java.util.concurrent.locks.LockSupport.park(LockSupport.java:175)&#10;        at java.util.concurrent.locks.AbstractQueuedSynchronizer$ConditionObject.await(AbstractQueuedSynchronizer.java:2039)&#10;        at java.util.concurrent.ArrayBlockingQueue.take(ArrayBlockingQueue.java:403)&#10;        at java.util.concurrent.ThreadPoolExecutor.getTask(ThreadPoolExecutor.java:1074)&#10;        at java.util.concurrent.ThreadPoolExecutor.runWorker(ThreadPoolExecutor.java:1134)&#10;        at java.util.concurrent.ThreadPoolExecutor$Worker.run(ThreadPoolExecutor.java:624)&#10;        at java.lang.Thread.run(Thread.java:748)&#10;&quot;pool-56-thread-15&quot;  prio=5 tid=401 in Object.wait()&#10;java.lang.Thread.State: WAITING (on object monitor)&#10;        at sun.misc.Unsafe.park(Native Method)&#10;        at java.util.concurrent.locks.LockSupport.park(LockSupport.java:175)&#10;        at java.util.concurrent.locks.AbstractQueuedSynchronizer$ConditionObject.await(AbstractQueuedSynchronizer.java:2039)&#10;        at java.util.concurrent.ArrayBlockingQueue.take(ArrayBlockingQueue.java:403)&#10;        at java.util.concurrent.ThreadPoolExecutor.getTask(ThreadPoolExecutor.java:1074)&#10;        at java.util.concurrent.ThreadPoolExecutor.runWorker(ThreadPoolExecutor.java:1134)&#10;        at java.util.concurrent.ThreadPoolExecutor$Worker.run(ThreadPoolExecutor.java:624)&#10;        at java.lang.Thread.run(Thread.java:748)&#10;&quot;pool-96-thread-14&quot;  prio=5 tid=896 in Object.wait()&#10;java.lang.Thread.State: WAITING (on object monitor)&#10;        at sun.misc.Unsafe.park(Native Method)&#10;        at java.util.concurrent.locks.LockSupport.park(LockSupport.java:175)&#10;        at java.util.concurrent.locks.AbstractQueuedSynchronizer$ConditionObject.await(AbstractQueuedSynchronizer.java:2039)&#10;        at java.util.concurrent.ArrayBlockingQueue.take(ArrayBlockingQueue.java:403)&#10;        at java.util.concurrent.ThreadPoolExecutor.getTask(ThreadPoolExecutor.java:1074)&#10;        at java.util.concurrent.ThreadPoolExecutor.runWorker(ThreadPoolExecutor.java:1134)&#10;        at java.util.concurrent.ThreadPoolExecutor$Worker.run(ThreadPoolExecutor.java:624)&#10;        at java.lang.Thread.run(Thread.java:748)&#10;&quot;Periodic HDDS volume checker&quot;  prio=5 tid=287 timed_waiting&#10;java.lang.Thread.State: TIMED_WAITING&#10;        at sun.misc.Unsafe.park(Native Method)&#10;        at java.util.concurrent.locks.LockSupport.parkNanos(LockSupport.java:215)&#10;        at java.util.concurrent.locks.AbstractQueuedSynchronizer$ConditionObject.awaitNanos(AbstractQueuedSynchronizer.java:2078)&#10;        at java.util.concurrent.ScheduledThreadPoolExecutor$DelayedWorkQueue.take(ScheduledThreadPoolExecutor.java:1093)&#10;        at java.util.concurrent.ScheduledThreadPoolExecutor$DelayedWorkQueue.take(ScheduledThreadPoolExecutor.java:809)&#10;        at java.util.concurrent.ThreadPoolExecutor.getTask(ThreadPoolExecutor.java:1074)&#10;        at java.util.concurrent.ThreadPoolExecutor.runWorker(ThreadPoolExecutor.java:1134)&#10;        at java.util.concurrent.ThreadPoolExecutor$Worker.run(ThreadPoolExecutor.java:624)&#10;        at java.lang.Thread.run(Thread.java:748)&#10;&quot;pool-56-thread-12&quot;  prio=5 tid=384 in Object.wait()&#10;java.lang.Thread.State: WAITING (on object monitor)&#10;        at sun.misc.Unsafe.park(Native Method)&#10;        at java.util.concurrent.locks.LockSupport.park(LockSupport.java:175)&#10;        at java.util.concurrent.locks.AbstractQueuedSynchronizer$ConditionObject.await(AbstractQueuedSynchronizer.java:2039)&#10;        at java.util.concurrent.ArrayBlockingQueue.take(ArrayBlockingQueue.java:403)&#10;        at java.util.concurrent.ThreadPoolExecutor.getTask(ThreadPoolExecutor.java:1074)&#10;        at java.util.concurrent.ThreadPoolExecutor.runWorker(ThreadPoolExecutor.java:1134)&#10;        at java.util.concurrent.ThreadPoolExecutor$Worker.run(ThreadPoolExecutor.java:624)&#10;        at java.lang.Thread.run(Thread.java:748)&#10;&quot;pool-56-thread-17&quot;  prio=5 tid=410 in Object.wait()&#10;java.lang.Thread.State: WAITING (on object monitor)&#10;        at sun.misc.Unsafe.park(Native Method)&#10;        at java.util.concurrent.locks.LockSupport.park(LockSupport.java:175)&#10;        at java.util.concurrent.locks.AbstractQueuedSynchronizer$ConditionObject.await(AbstractQueuedSynchronizer.java:2039)&#10;        at java.util.concurrent.ArrayBlockingQueue.take(ArrayBlockingQueue.java:403)&#10;        at java.util.concurrent.ThreadPoolExecutor.getTask(ThreadPoolExecutor.java:1074)&#10;        at java.util.concurrent.ThreadPoolExecutor.runWorker(ThreadPoolExecutor.java:1134)&#10;        at java.util.concurrent.ThreadPoolExecutor$Worker.run(ThreadPoolExecutor.java:624)&#10;        at java.lang.Thread.run(Thread.java:748)&#10;&quot;pool-36-thread-33&quot;  prio=5 tid=483 in Object.wait()&#10;java.lang.Thread.State: WAITING (on object monitor)&#10;        at sun.misc.Unsafe.park(Native Method)&#10;        at java.util.concurrent.locks.LockSupport.park(LockSupport.java:175)&#10;        at java.util.concurrent.locks.AbstractQueuedSynchronizer$ConditionObject.await(AbstractQueuedSynchronizer.java:2039)&#10;        at java.util.concurrent.ArrayBlockingQueue.take(ArrayBlockingQueue.java:403)&#10;        at java.util.concurrent.ThreadPoolExecutor.getTask(ThreadPoolExecutor.java:1074)&#10;        at java.util.concurrent.ThreadPoolExecutor.runWorker(ThreadPoolExecutor.java:1134)&#10;        at java.util.concurrent.ThreadPoolExecutor$Worker.run(ThreadPoolExecutor.java:624)&#10;        at java.lang.Thread.run(Thread.java:748)&#10;&quot;pool-66-thread-52&quot;  prio=5 tid=697 in Object.wait()&#10;java.lang.Thread.State: WAITING (on object monitor)&#10;        at sun.misc.Unsafe.park(Native Method)&#10;        at java.util.concurrent.locks.LockSupport.park(LockSupport.java:175)&#10;        at java.util.concurrent.locks.AbstractQueuedSynchronizer$ConditionObject.await(AbstractQueuedSynchronizer.java:2039)&#10;        at java.util.concurrent.ArrayBlockingQueue.take(ArrayBlockingQueue.java:403)&#10;        at java.util.concurrent.ThreadPoolExecutor.getTask(ThreadPoolExecutor.java:1074)&#10;        at java.util.concurrent.ThreadPoolExecutor.runWorker(ThreadPoolExecutor.java:1134)&#10;        at java.util.concurrent.ThreadPoolExecutor$Worker.run(ThreadPoolExecutor.java:624)&#10;        at java.lang.Thread.run(Thread.java:748)&#10;&quot;pool-56-thread-24&quot;  prio=5 tid=435 in Object.wait()&#10;java.lang.Thread.State: WAITING (on object monitor)&#10;        at sun.misc.Unsafe.park(Native Method)&#10;        at java.util.concurrent.locks.LockSupport.park(LockSupport.java:175)&#10;        at java.util.concurrent.locks.AbstractQueuedSynchronizer$ConditionObject.await(AbstractQueuedSynchronizer.java:2039)&#10;        at java.util.concurrent.ArrayBlockingQueue.take(ArrayBlockingQueue.java:403)&#10;        at java.util.concurrent.ThreadPoolExecutor.getTask(ThreadPoolExecutor.java:1074)&#10;        at java.util.concurrent.ThreadPoolExecutor.runWorker(ThreadPoolExecutor.java:1134)&#10;        at java.util.concurrent.ThreadPoolExecutor$Worker.run(ThreadPoolExecutor.java:624)&#10;        at java.lang.Thread.run(Thread.java:748)&#10;&quot;IPC Server handler 11 on 37838&quot; daemon prio=5 tid=80 timed_waiting&#10;java.lang.Thread.State: TIMED_WAITING&#10;        at sun.misc.Unsafe.park(Native Method)&#10;        at java.util.concurrent.locks.LockSupport.parkNanos(LockSupport.java:215)&#10;        at java.util.concurrent.locks.AbstractQueuedSynchronizer$ConditionObject.awaitNanos(AbstractQueuedSynchronizer.java:2078)&#10;        at java.util.concurrent.LinkedBlockingQueue.poll(LinkedBlockingQueue.java:467)&#10;        at org.apache.hadoop.ipc.CallQueueManager.take(CallQueueManager.java:288)&#10;        at org.apache.hadoop.ipc.Server$Handler.run(Server.java:2668)&#10;&quot;pool-117-thread-4&quot;  prio=5 tid=1063 in Object.wait()&#10;java.lang.Thread.State: WAITING (on object monitor)&#10;        at sun.misc.Unsafe.park(Native Method)&#10;        at java.util.concurrent.locks.LockSupport.park(LockSupport.java:175)&#10;        at java.util.concurrent.locks.AbstractQueuedSynchronizer$ConditionObject.await(AbstractQueuedSynchronizer.java:2039)&#10;        at java.util.concurrent.ArrayBlockingQueue.take(ArrayBlockingQueue.java:403)&#10;        at java.util.concurrent.ThreadPoolExecutor.getTask(ThreadPoolExecutor.java:1074)&#10;        at java.util.concurrent.ThreadPoolExecutor.runWorker(ThreadPoolExecutor.java:1134)&#10;        at java.util.concurrent.ThreadPoolExecutor$Worker.run(ThreadPoolExecutor.java:624)&#10;        at java.lang.Thread.run(Thread.java:748)&#10;&quot;pool-46-thread-21&quot;  prio=5 tid=406 in Object.wait()&#10;java.lang.Thread.State: WAITING (on object monitor)&#10;        at sun.misc.Unsafe.park(Native Method)&#10;        at java.util.concurrent.locks.LockSupport.park(LockSupport.java:175)&#10;        at java.util.concurrent.locks.AbstractQueuedSynchronizer$ConditionObject.await(AbstractQueuedSynchronizer.java:2039)&#10;        at java.util.concurrent.ArrayBlockingQueue.take(ArrayBlockingQueue.java:403)&#10;        at java.util.concurrent.ThreadPoolExecutor.getTask(ThreadPoolExecutor.java:1074)&#10;        at java.util.concurrent.ThreadPoolExecutor.runWorker(ThreadPoolExecutor.java:1134)&#10;        at java.util.concurrent.ThreadPoolExecutor$Worker.run(ThreadPoolExecutor.java:624)&#10;        at java.lang.Thread.run(Thread.java:748)&#10;&quot;IPC Server handler 19 on 40878&quot; daemon prio=5 tid=68 timed_waiting&#10;java.lang.Thread.State: TIMED_WAITING&#10;        at sun.misc.Unsafe.park(Native Method)&#10;        at java.util.concurrent.locks.LockSupport.parkNanos(LockSupport.java:215)&#10;        at java.util.concurrent.locks.AbstractQueuedSynchronizer$ConditionObject.awaitNanos(AbstractQueuedSynchronizer.java:2078)&#10;        at java.util.concurrent.LinkedBlockingQueue.poll(LinkedBlockingQueue.java:467)&#10;        at org.apache.hadoop.ipc.CallQueueManager.take(CallQueueManager.java:288)&#10;        at org.apache.hadoop.ipc.Server$Handler.run(Server.java:2668)&#10;&quot;EventQueue-CloseContainerForCloseContainerEventHandler&quot;  prio=5 tid=1320 in Object.wait()&#10;java.lang.Thread.State: WAITING (on object monitor)&#10;        at sun.misc.Unsafe.park(Native Method)&#10;        at java.util.concurrent.locks.LockSupport.park(LockSupport.java:175)&#10;        at java.util.concurrent.locks.AbstractQueuedSynchronizer$ConditionObject.await(AbstractQueuedSynchronizer.java:2039)&#10;        at java.util.concurrent.LinkedBlockingQueue.take(LinkedBlockingQueue.java:442)&#10;        at java.util.concurrent.ThreadPoolExecutor.getTask(ThreadPoolExecutor.java:1074)&#10;        at java.util.concurrent.ThreadPoolExecutor.runWorker(ThreadPoolExecutor.java:1134)&#10;        at java.util.concurrent.ThreadPoolExecutor$Worker.run(ThreadPoolExecutor.java:624)&#10;        at java.lang.Thread.run(Thread.java:748)&#10;&quot;metrics-hadoop-metrics2-reporter-32-thread-1&quot; daemon prio=5 tid=1151 timed_waiting&#10;java.lang.Thread.State: TIMED_WAITING&#10;        at sun.misc.Unsafe.park(Native Method)&#10;        at java.util.concurrent.locks.LockSupport.parkNanos(LockSupport.java:215)&#10;        at java.util.concurrent.locks.AbstractQueuedSynchronizer$ConditionObject.awaitNanos(AbstractQueuedSynchronizer.java:2078)&#10;        at java.util.concurrent.ScheduledThreadPoolExecutor$DelayedWorkQueue.take(ScheduledThreadPoolExecutor.java:1093)&#10;        at java.util.concurrent.ScheduledThreadPoolExecutor$DelayedWorkQueue.take(ScheduledThreadPoolExecutor.java:809)&#10;        at java.util.concurrent.ThreadPoolExecutor.getTask(ThreadPoolExecutor.java:1074)&#10;        at java.util.concurrent.ThreadPoolExecutor.runWorker(ThreadPoolExecutor.java:1134)&#10;        at java.util.concurrent.ThreadPoolExecutor$Worker.run(ThreadPoolExecutor.java:624)&#10;        at java.lang.Thread.run(Thread.java:748)&#10;&quot;pool-86-thread-15&quot;  prio=5 tid=833 in Object.wait()&#10;java.lang.Thread.State: WAITING (on object monitor)&#10;        at sun.misc.Unsafe.park(Native Method)&#10;        at java.util.concurrent.locks.LockSupport.park(LockSupport.java:175)&#10;        at java.util.concurrent.locks.AbstractQueuedSynchronizer$ConditionObject.await(AbstractQueuedSynchronizer.java:2039)&#10;        at java.util.concurrent.ArrayBlockingQueue.take(ArrayBlockingQueue.java:403)&#10;        at java.util.concurrent.ThreadPoolExecutor.getTask(ThreadPoolExecutor.java:1074)&#10;        at java.util.concurrent.ThreadPoolExecutor.runWorker(ThreadPoolExecutor.java:1134)&#10;        at java.util.concurrent.ThreadPoolExecutor$Worker.run(ThreadPoolExecutor.java:624)&#10;        at java.lang.Thread.run(Thread.java:748)&#10;&quot;qtp303805531-219&quot; daemon prio=5 tid=219 timed_waiting&#10;java.lang.Thread.State: TIMED_WAITING&#10;        at sun.misc.Unsafe.park(Native Method)&#10;        at java.util.concurrent.locks.LockSupport.parkNanos(LockSupport.java:215)&#10;        at java.util.concurrent.locks.AbstractQueuedSynchronizer$ConditionObject.awaitNanos(AbstractQueuedSynchronizer.java:2078)&#10;        at org.eclipse.jetty.util.BlockingArrayQueue.poll(BlockingArrayQueue.java:392)&#10;        at org.eclipse.jetty.util.thread.QueuedThreadPool.idleJobPoll(QueuedThreadPool.java:563)&#10;        at org.eclipse.jetty.util.thread.QueuedThreadPool.access$800(QueuedThreadPool.java:48)&#10;        at org.eclipse.jetty.util.thread.QueuedThreadPool$2.run(QueuedThreadPool.java:626)&#10;        at java.lang.Thread.run(Thread.java:748)&#10;&quot;Thread-354&quot; daemon prio=5 tid=1218 timed_waiting&#10;java.lang.Thread.State: TIMED_WAITING&#10;        at sun.misc.Unsafe.park(Native Method)&#10;        at java.util.concurrent.locks.LockSupport.parkNanos(LockSupport.java:215)&#10;        at java.util.concurrent.locks.AbstractQueuedSynchronizer$ConditionObject.awaitNanos(AbstractQueuedSynchronizer.java:2078)&#10;        at java.util.concurrent.ArrayBlockingQueue.poll(ArrayBlockingQueue.java:418)&#10;        at org.apache.ratis.server.impl.LeaderState$EventQueue.poll(LeaderState.java:116)&#10;        at org.apache.ratis.server.impl.LeaderState$EventProcessor.run(LeaderState.java:468)&#10;&quot;IPC Server handler 3 on 37221&quot; daemon prio=5 tid=118 timed_waiting&#10;java.lang.Thread.State: TIMED_WAITING&#10;        at sun.misc.Unsafe.park(Native Method)&#10;        at java.util.concurrent.locks.LockSupport.parkNanos(LockSupport.java:215)&#10;        at java.util.concurrent.locks.AbstractQueuedSynchronizer$ConditionObject.awaitNanos(AbstractQueuedSynchronizer.java:2078)&#10;        at java.util.concurrent.LinkedBlockingQueue.poll(LinkedBlockingQueue.java:467)&#10;        at org.apache.hadoop.ipc.CallQueueManager.take(CallQueueManager.java:288)&#10;        at org.apache.hadoop.ipc.Server$Handler.run(Server.java:2668)&#10;&quot;IPC Server handler 9 on 40878&quot; daemon prio=5 tid=58 timed_waiting&#10;java.lang.Thread.State: TIMED_WAITING&#10;        at sun.misc.Unsafe.park(Native Method)&#10;        at java.util.concurrent.locks.LockSupport.parkNanos(LockSupport.java:215)&#10;        at java.util.concurrent.locks.AbstractQueuedSynchronizer$ConditionObject.awaitNanos(AbstractQueuedSynchronizer.java:2078)&#10;        at java.util.concurrent.LinkedBlockingQueue.poll(LinkedBlockingQueue.java:467)&#10;        at org.apache.hadoop.ipc.CallQueueManager.take(CallQueueManager.java:288)&#10;        at org.apache.hadoop.ipc.Server$Handler.run(Server.java:2668)&#10;&quot;pool-106-thread-56&quot;  prio=5 tid=1035 in Object.wait()&#10;java.lang.Thread.State: WAITING (on object monitor)&#10;        at sun.misc.Unsafe.park(Native Method)&#10;        at java.util.concurrent.locks.LockSupport.park(LockSupport.java:175)&#10;        at java.util.concurrent.locks.AbstractQueuedSynchronizer$ConditionObject.await(AbstractQueuedSynchronizer.java:2039)&#10;        at java.util.concurrent.ArrayBlockingQueue.take(ArrayBlockingQueue.java:403)&#10;        at java.util.concurrent.ThreadPoolExecutor.getTask(ThreadPoolExecutor.java:1074)&#10;        at java.util.concurrent.ThreadPoolExecutor.runWorker(ThreadPoolExecutor.java:1134)&#10;        at java.util.concurrent.ThreadPoolExecutor$Worker.run(ThreadPoolExecutor.java:624)&#10;        at java.lang.Thread.run(Thread.java:748)&#10;&quot;pool-36-thread-48&quot;  prio=5 tid=549 in Object.wait()&#10;java.lang.Thread.State: WAITING (on object monitor)&#10;        at sun.misc.Unsafe.park(Native Method)&#10;        at java.util.concurrent.locks.LockSupport.park(LockSupport.java:175)&#10;        at java.util.concurrent.locks.AbstractQueuedSynchronizer$ConditionObject.await(AbstractQueuedSynchronizer.java:2039)&#10;        at java.util.concurrent.ArrayBlockingQueue.take(ArrayBlockingQueue.java:403)&#10;        at java.util.concurrent.ThreadPoolExecutor.getTask(ThreadPoolExecutor.java:1074)&#10;        at java.util.concurrent.ThreadPoolExecutor.runWorker(ThreadPoolExecutor.java:1134)&#10;        at java.util.concurrent.ThreadPoolExecutor$Worker.run(ThreadPoolExecutor.java:624)&#10;        at java.lang.Thread.run(Thread.java:748)&#10;&quot;metrics-hadoop-metrics2-reporter-57-thread-1&quot; daemon prio=5 tid=1272 timed_waiting&#10;java.lang.Thread.State: TIMED_WAITING&#10;        at sun.misc.Unsafe.park(Native Method)&#10;        at java.util.concurrent.locks.LockSupport.parkNanos(LockSupport.java:215)&#10;        at java.util.concurrent.locks.AbstractQueuedSynchronizer$ConditionObject.awaitNanos(AbstractQueuedSynchronizer.java:2078)&#10;        at java.util.concurrent.ScheduledThreadPoolExecutor$DelayedWorkQueue.take(ScheduledThreadPoolExecutor.java:1093)&#10;        at java.util.concurrent.ScheduledThreadPoolExecutor$DelayedWorkQueue.take(ScheduledThreadPoolExecutor.java:809)&#10;        at java.util.concurrent.ThreadPoolExecutor.getTask(ThreadPoolExecutor.java:1074)&#10;        at java.util.concurrent.ThreadPoolExecutor.runWorker(ThreadPoolExecutor.java:1134)&#10;        at java.util.concurrent.ThreadPoolExecutor$Worker.run(ThreadPoolExecutor.java:624)&#10;        at java.lang.Thread.run(Thread.java:748)&#10;&quot;IPC Server handler 8 on 40878&quot; daemon prio=5 tid=57 timed_waiting&#10;java.lang.Thread.State: TIMED_WAITING&#10;        at sun.misc.Unsafe.park(Native Method)&#10;        at java.util.concurrent.locks.LockSupport.parkNanos(LockSupport.java:215)&#10;        at java.util.concurrent.locks.AbstractQueuedSynchronizer$ConditionObject.awaitNanos(AbstractQueuedSynchronizer.java:2078)&#10;        at java.util.concurrent.LinkedBlockingQueue.poll(LinkedBlockingQueue.java:467)&#10;        at org.apache.hadoop.ipc.CallQueueManager.take(CallQueueManager.java:288)&#10;        at org.apache.hadoop.ipc.Server$Handler.run(Server.java:2668)&#10;&quot;IPC Client (981159997) connection to /0.0.0.0:39235 from jenkins1000&quot; daemon prio=5 tid=1200 timed_waiting&#10;java.lang.Thread.State: TIMED_WAITING&#10;        at java.lang.Object.wait(Native Method)&#10;        at org.apache.hadoop.ipc.Client$Connection.waitForWork(Client.java:1024)&#10;        at org.apache.hadoop.ipc.Client$Connection.run(Client.java:1068)&#10;&quot;pool-106-thread-34&quot;  prio=5 tid=1013 in Object.wait()&#10;java.lang.Thread.State: WAITING (on object monitor)&#10;        at sun.misc.Unsafe.park(Native Method)&#10;        at java.util.concurrent.locks.LockSupport.park(LockSupport.java:175)&#10;        at java.util.concurrent.locks.AbstractQueuedSynchronizer$ConditionObject.await(AbstractQueuedSynchronizer.java:2039)&#10;        at java.util.concurrent.ArrayBlockingQueue.take(ArrayBlockingQueue.java:403)&#10;        at java.util.concurrent.ThreadPoolExecutor.getTask(ThreadPoolExecutor.java:1074)&#10;        at java.util.concurrent.ThreadPoolExecutor.runWorker(ThreadPoolExecutor.java:1134)&#10;        at java.util.concurrent.ThreadPoolExecutor$Worker.run(ThreadPoolExecutor.java:624)&#10;        at java.lang.Thread.run(Thread.java:748)&#10;&quot;pool-96-thread-22&quot;  prio=5 tid=904 in Object.wait()&#10;java.lang.Thread.State: WAITING (on object monitor)&#10;        at sun.misc.Unsafe.park(Native Method)&#10;        at java.util.concurrent.locks.LockSupport.park(LockSupport.java:175)&#10;        at java.util.concurrent.locks.AbstractQueuedSynchronizer$ConditionObject.await(AbstractQueuedSynchronizer.java:2039)&#10;        at java.util.concurrent.ArrayBlockingQueue.take(ArrayBlockingQueue.java:403)&#10;        at java.util.concurrent.ThreadPoolExecutor.getTask(ThreadPoolExecutor.java:1074)&#10;        at java.util.concurrent.ThreadPoolExecutor.runWorker(ThreadPoolExecutor.java:1134)&#10;        at java.util.concurrent.ThreadPoolExecutor$Worker.run(ThreadPoolExecutor.java:624)&#10;        at java.lang.Thread.run(Thread.java:748)&#10;&quot;pool-26-thread-3&quot;  prio=5 tid=333 in Object.wait()&#10;java.lang.Thread.State: WAITING (on object monitor)&#10;        at sun.misc.Unsafe.park(Native Method)&#10;        at java.util.concurrent.locks.LockSupport.park(LockSupport.java:175)&#10;        at java.util.concurrent.locks.AbstractQueuedSynchronizer$ConditionObject.await(AbstractQueuedSynchronizer.java:2039)&#10;        at java.util.concurrent.ArrayBlockingQueue.take(ArrayBlockingQueue.java:403)&#10;        at java.util.concurrent.ThreadPoolExecutor.getTask(ThreadPoolExecutor.java:1074)&#10;        at java.util.concurrent.ThreadPoolExecutor.runWorker(ThreadPoolExecutor.java:1134)&#10;        at java.util.concurrent.ThreadPoolExecutor$Worker.run(ThreadPoolExecutor.java:624)&#10;        at java.lang.Thread.run(Thread.java:748)&#10;&quot;pool-56-thread-33&quot;  prio=5 tid=470 in Object.wait()&#10;java.lang.Thread.State: WAITING (on object monitor)&#10;        at sun.misc.Unsafe.park(Native Method)&#10;        at java.util.concurrent.locks.LockSupport.park(LockSupport.java:175)&#10;        at java.util.concurrent.locks.AbstractQueuedSynchronizer$ConditionObject.await(AbstractQueuedSynchronizer.java:2039)&#10;        at java.util.concurrent.ArrayBlockingQueue.take(ArrayBlockingQueue.java:403)&#10;        at java.util.concurrent.ThreadPoolExecutor.getTask(ThreadPoolExecutor.java:1074)&#10;        at java.util.concurrent.ThreadPoolExecutor.runWorker(ThreadPoolExecutor.java:1134)&#10;        at java.util.concurrent.ThreadPoolExecutor$Worker.run(ThreadPoolExecutor.java:624)&#10;        at java.lang.Thread.run(Thread.java:748)&#10;&quot;pool-26-thread-26&quot;  prio=5 tid=426 in Object.wait()&#10;java.lang.Thread.State: WAITING (on object monitor)&#10;        at sun.misc.Unsafe.park(Native Method)&#10;        at java.util.concurrent.locks.LockSupport.park(LockSupport.java:175)&#10;        at java.util.concurrent.locks.AbstractQueuedSynchronizer$ConditionObject.await(AbstractQueuedSynchronizer.java:2039)&#10;        at java.util.concurrent.ArrayBlockingQueue.take(ArrayBlockingQueue.java:403)&#10;        at java.util.concurrent.ThreadPoolExecutor.getTask(ThreadPoolExecutor.java:1074)&#10;        at java.util.concurrent.ThreadPoolExecutor.runWorker(ThreadPoolExecutor.java:1134)&#10;        at java.util.concurrent.ThreadPoolExecutor$Worker.run(ThreadPoolExecutor.java:624)&#10;        at java.lang.Thread.run(Thread.java:748)&#10;&quot;refreshUsed-/workdir/hadoop-ozone/integration-test/target/test-dir/MiniOzoneClusterImpl-fc727f2e-e877-4159-90ff-4473a18561dc/datanode-5/data/containers&quot; daemon prio=5 tid=289 timed_waiting&#10;java.lang.Thread.State: TIMED_WAITING&#10;        at java.lang.Thread.sleep(Native Method)&#10;        at org.apache.hadoop.fs.CachingGetSpaceUsed$RefreshThread.run(CachingGetSpaceUsed.java:179)&#10;        at java.lang.Thread.run(Thread.java:748)&#10;&quot;pool-36-thread-53&quot;  prio=5 tid=562 in Object.wait()&#10;java.lang.Thread.State: WAITING (on object monitor)&#10;        at sun.misc.Unsafe.park(Native Method)&#10;        at java.util.concurrent.locks.LockSupport.park(LockSupport.java:175)&#10;        at java.util.concurrent.locks.AbstractQueuedSynchronizer$ConditionObject.await(AbstractQueuedSynchronizer.java:2039)&#10;        at java.util.concurrent.ArrayBlockingQueue.take(ArrayBlockingQueue.java:403)&#10;        at java.util.concurrent.ThreadPoolExecutor.getTask(ThreadPoolExecutor.java:1074)&#10;        at java.util.concurrent.ThreadPoolExecutor.runWorker(ThreadPoolExecutor.java:1134)&#10;        at java.util.concurrent.ThreadPoolExecutor$Worker.run(ThreadPoolExecutor.java:624)&#10;        at java.lang.Thread.run(Thread.java:748)&#10;&quot;pool-56-thread-51&quot;  prio=5 tid=543 in Object.wait()&#10;java.lang.Thread.State: WAITING (on object monitor)&#10;        at sun.misc.Unsafe.park(Native Method)&#10;        at java.util.concurrent.locks.LockSupport.park(LockSupport.java:175)&#10;        at java.util.concurrent.locks.AbstractQueuedSynchronizer$ConditionObject.await(AbstractQueuedSynchronizer.java:2039)&#10;        at java.util.concurrent.ArrayBlockingQueue.take(ArrayBlockingQueue.java:403)&#10;        at java.util.concurrent.ThreadPoolExecutor.getTask(ThreadPoolExecutor.java:1074)&#10;        at java.util.concurrent.ThreadPoolExecutor.runWorker(ThreadPoolExecutor.java:1134)&#10;        at java.util.concurrent.ThreadPoolExecutor$Worker.run(ThreadPoolExecutor.java:624)&#10;        at java.lang.Thread.run(Thread.java:748)&#10;&quot;pool-66-thread-2&quot;  prio=5 tid=638 in Object.wait()&#10;java.lang.Thread.State: WAITING (on object monitor)&#10;        at sun.misc.Unsafe.park(Native Method)&#10;        at java.util.concurrent.locks.LockSupport.park(LockSupport.java:175)&#10;        at java.util.concurrent.locks.AbstractQueuedSynchronizer$ConditionObject.await(AbstractQueuedSynchronizer.java:2039)&#10;        at java.util.concurrent.ArrayBlockingQueue.take(ArrayBlockingQueue.java:403)&#10;        at java.util.concurrent.ThreadPoolExecutor.getTask(ThreadPoolExecutor.java:1074)&#10;        at java.util.concurrent.ThreadPoolExecutor.runWorker(ThreadPoolExecutor.java:1134)&#10;        at java.util.concurrent.ThreadPoolExecutor$Worker.run(ThreadPoolExecutor.java:624)&#10;        at java.lang.Thread.run(Thread.java:748)&#10;&quot;metrics-hadoop-metrics2-reporter-26-thread-1&quot; daemon prio=5 tid=1135 timed_waiting&#10;java.lang.Thread.State: TIMED_WAITING&#10;        at sun.misc.Unsafe.park(Native Method)&#10;        at java.util.concurrent.locks.LockSupport.parkNanos(LockSupport.java:215)&#10;        at java.util.concurrent.locks.AbstractQueuedSynchronizer$ConditionObject.awaitNanos(AbstractQueuedSynchronizer.java:2078)&#10;        at java.util.concurrent.ScheduledThreadPoolExecutor$DelayedWorkQueue.take(ScheduledThreadPoolExecutor.java:1093)&#10;        at java.util.concurrent.ScheduledThreadPoolExecutor$DelayedWorkQueue.take(ScheduledThreadPoolExecutor.java:809)&#10;        at java.util.concurrent.ThreadPoolExecutor.getTask(ThreadPoolExecutor.java:1074)&#10;        at java.util.concurrent.ThreadPoolExecutor.runWorker(ThreadPoolExecutor.java:1134)&#10;        at java.util.concurrent.ThreadPoolExecutor$Worker.run(ThreadPoolExecutor.java:624)&#10;        at java.lang.Thread.run(Thread.java:748)&#10;&quot;org.eclipse.jetty.server.session.HashSessionManager@934b52fTimer&quot; daemon prio=5 tid=275 timed_waiting&#10;java.lang.Thread.State: TIMED_WAITING&#10;        at sun.misc.Unsafe.park(Native Method)&#10;        at java.util.concurrent.locks.LockSupport.parkNanos(LockSupport.java:215)&#10;        at java.util.concurrent.locks.AbstractQueuedSynchronizer$ConditionObject.awaitNanos(AbstractQueuedSynchronizer.java:2078)&#10;        at java.util.concurrent.ScheduledThreadPoolExecutor$DelayedWorkQueue.take(ScheduledThreadPoolExecutor.java:1093)&#10;        at java.util.concurrent.ScheduledThreadPoolExecutor$DelayedWorkQueue.take(ScheduledThreadPoolExecutor.java:809)&#10;        at java.util.concurrent.ThreadPoolExecutor.getTask(ThreadPoolExecutor.java:1074)&#10;        at java.util.concurrent.ThreadPoolExecutor.runWorker(ThreadPoolExecutor.java:1134)&#10;        at java.util.concurrent.ThreadPoolExecutor$Worker.run(ThreadPoolExecutor.java:624)&#10;        at java.lang.Thread.run(Thread.java:748)&#10;&quot;pool-117-thread-40&quot;  prio=5 tid=1099 in Object.wait()&#10;java.lang.Thread.State: WAITING (on object monitor)&#10;        at sun.misc.Unsafe.park(Native Method)&#10;        at java.util.concurrent.locks.LockSupport.park(LockSupport.java:175)&#10;        at java.util.concurrent.locks.AbstractQueuedSynchronizer$ConditionObject.await(AbstractQueuedSynchronizer.java:2039)&#10;        at java.util.concurrent.ArrayBlockingQueue.take(ArrayBlockingQueue.java:403)&#10;        at java.util.concurrent.ThreadPoolExecutor.getTask(ThreadPoolExecutor.java:1074)&#10;        at java.util.concurrent.ThreadPoolExecutor.runWorker(ThreadPoolExecutor.java:1134)&#10;        at java.util.concurrent.ThreadPoolExecutor$Worker.run(ThreadPoolExecutor.java:624)&#10;        at java.lang.Thread.run(Thread.java:748)&#10;&quot;qtp1987707214-166&quot; daemon prio=5 tid=166 timed_waiting&#10;java.lang.Thread.State: TIMED_WAITING&#10;        at sun.misc.Unsafe.park(Native Method)&#10;        at java.util.concurrent.locks.LockSupport.parkNanos(LockSupport.java:215)&#10;        at java.util.concurrent.locks.AbstractQueuedSynchronizer$ConditionObject.awaitNanos(AbstractQueuedSynchronizer.java:2078)&#10;        at org.eclipse.jetty.util.BlockingArrayQueue.poll(BlockingArrayQueue.java:392)&#10;        at org.eclipse.jetty.util.thread.QueuedThreadPool.idleJobPoll(QueuedThreadPool.java:563)&#10;        at org.eclipse.jetty.util.thread.QueuedThreadPool.access$800(QueuedThreadPool.java:48)&#10;        at org.eclipse.jetty.util.thread.QueuedThreadPool$2.run(QueuedThreadPool.java:626)&#10;        at java.lang.Thread.run(Thread.java:748)&#10;&quot;pool-36-thread-44&quot;  prio=5 tid=537 in Object.wait()&#10;java.lang.Thread.State: WAITING (on object monitor)&#10;        at sun.misc.Unsafe.park(Native Method)&#10;        at java.util.concurrent.locks.LockSupport.park(LockSupport.java:175)&#10;        at java.util.concurrent.locks.AbstractQueuedSynchronizer$ConditionObject.await(AbstractQueuedSynchronizer.java:2039)&#10;        at java.util.concurrent.ArrayBlockingQueue.take(ArrayBlockingQueue.java:403)&#10;        at java.util.concurrent.ThreadPoolExecutor.getTask(ThreadPoolExecutor.java:1074)&#10;        at java.util.concurrent.ThreadPoolExecutor.runWorker(ThreadPoolExecutor.java:1134)&#10;        at java.util.concurrent.ThreadPoolExecutor$Worker.run(ThreadPoolExecutor.java:624)&#10;        at java.lang.Thread.run(Thread.java:748)&#10;&quot;pool-26-thread-11&quot;  prio=5 tid=369 in Object.wait()&#10;java.lang.Thread.State: WAITING (on object monitor)&#10;        at sun.misc.Unsafe.park(Native Method)&#10;        at java.util.concurrent.locks.LockSupport.park(LockSupport.java:175)&#10;        at java.util.concurrent.locks.AbstractQueuedSynchronizer$ConditionObject.await(AbstractQueuedSynchronizer.java:2039)&#10;        at java.util.concurrent.ArrayBlockingQueue.take(ArrayBlockingQueue.java:403)&#10;        at java.util.concurrent.ThreadPoolExecutor.getTask(ThreadPoolExecutor.java:1074)&#10;        at java.util.concurrent.ThreadPoolExecutor.runWorker(ThreadPoolExecutor.java:1134)&#10;        at java.util.concurrent.ThreadPoolExecutor$Worker.run(ThreadPoolExecutor.java:624)&#10;        at java.lang.Thread.run(Thread.java:748)&#10;&quot;Datanode State Machine Thread - 0&quot; daemon prio=5 tid=666 timed_waiting&#10;java.lang.Thread.State: TIMED_WAITING&#10;        at java.lang.Thread.sleep(Native Method)&#10;        at org.apache.hadoop.ozone.container.common.statemachine.DatanodeStateMachine.start(DatanodeStateMachine.java:191)&#10;        at org.apache.hadoop.ozone.container.common.statemachine.DatanodeStateMachine.lambda$startDaemon$0(DatanodeStateMachine.java:349)&#10;        at org.apache.hadoop.ozone.container.common.statemachine.DatanodeStateMachine$$Lambda$140/939829672.run(Unknown Source)&#10;        at java.lang.Thread.run(Thread.java:748)&#10;&quot;org.eclipse.jetty.server.session.HashSessionManager@7ecec90dTimer&quot; daemon prio=5 tid=221 timed_waiting&#10;java.lang.Thread.State: TIMED_WAITING&#10;        at sun.misc.Unsafe.park(Native Method)&#10;        at java.util.concurrent.locks.LockSupport.parkNanos(LockSupport.java:215)&#10;        at java.util.concurrent.locks.AbstractQueuedSynchronizer$ConditionObject.awaitNanos(AbstractQueuedSynchronizer.java:2078)&#10;        at java.util.concurrent.ScheduledThreadPoolExecutor$DelayedWorkQueue.take(ScheduledThreadPoolExecutor.java:1093)&#10;        at java.util.concurrent.ScheduledThreadPoolExecutor$DelayedWorkQueue.take(ScheduledThreadPoolExecutor.java:809)&#10;        at java.util.concurrent.ThreadPoolExecutor.getTask(ThreadPoolExecutor.java:1074)&#10;        at java.util.concurrent.ThreadPoolExecutor.runWorker(ThreadPoolExecutor.java:1134)&#10;        at java.util.concurrent.ThreadPoolExecutor$Worker.run(ThreadPoolExecutor.java:624)&#10;        at java.lang.Thread.run(Thread.java:748)&#10;&quot;IPC Server handler 15 on 37221&quot; daemon prio=5 tid=130 timed_waiting&#10;java.lang.Thread.State: TIMED_WAITING&#10;        at sun.misc.Unsafe.park(Native Method)&#10;        at java.util.concurrent.locks.LockSupport.parkNanos(LockSupport.java:215)&#10;        at java.util.concurrent.locks.AbstractQueuedSynchronizer$ConditionObject.awaitNanos(AbstractQueuedSynchronizer.java:2078)&#10;        at java.util.concurrent.LinkedBlockingQueue.poll(LinkedBlockingQueue.java:467)&#10;        at org.apache.hadoop.ipc.CallQueueManager.take(CallQueueManager.java:288)&#10;        at org.apache.hadoop.ipc.Server$Handler.run(Server.java:2668)&#10;&quot;DataNode DiskChecker thread 0&quot; daemon prio=5 tid=320 timed_waiting&#10;java.lang.Thread.State: TIMED_WAITING&#10;        at sun.misc.Unsafe.park(Native Method)&#10;        at java.util.concurrent.locks.LockSupport.parkNanos(LockSupport.java:215)&#10;        at java.util.concurrent.SynchronousQueue$TransferStack.awaitFulfill(SynchronousQueue.java:460)&#10;        at java.util.concurrent.SynchronousQueue$TransferStack.transfer(SynchronousQueue.java:362)&#10;        at java.util.concurrent.SynchronousQueue.poll(SynchronousQueue.java:941)&#10;        at java.util.concurrent.ThreadPoolExecutor.getTask(ThreadPoolExecutor.java:1073)&#10;        at java.util.concurrent.ThreadPoolExecutor.runWorker(ThreadPoolExecutor.java:1134)&#10;        at java.util.concurrent.ThreadPoolExecutor$Worker.run(ThreadPoolExecutor.java:624)&#10;        at java.lang.Thread.run(Thread.java:748)&#10;&quot;qtp1089341986-139&quot; daemon prio=5 tid=139 timed_waiting&#10;java.lang.Thread.State: TIMED_WAITING&#10;        at sun.misc.Unsafe.park(Native Method)&#10;        at java.util.concurrent.locks.LockSupport.parkNanos(LockSupport.java:215)&#10;        at java.util.concurrent.locks.AbstractQueuedSynchronizer$ConditionObject.awaitNanos(AbstractQueuedSynchronizer.java:2078)&#10;        at org.eclipse.jetty.util.BlockingArrayQueue.poll(BlockingArrayQueue.java:392)&#10;        at org.eclipse.jetty.util.thread.QueuedThreadPool.idleJobPoll(QueuedThreadPool.java:563)&#10;        at org.eclipse.jetty.util.thread.QueuedThreadPool.access$800(QueuedThreadPool.java:48)&#10;        at org.eclipse.jetty.util.thread.QueuedThreadPool$2.run(QueuedThreadPool.java:626)&#10;        at java.lang.Thread.run(Thread.java:748)&#10;&quot;pool-56-thread-45&quot;  prio=5 tid=524 in Object.wait()&#10;java.lang.Thread.State: WAITING (on object monitor)&#10;        at sun.misc.Unsafe.park(Native Method)&#10;        at java.util.concurrent.locks.LockSupport.park(LockSupport.java:175)&#10;        at java.util.concurrent.locks.AbstractQueuedSynchronizer$ConditionObject.await(AbstractQueuedSynchronizer.java:2039)&#10;        at java.util.concurrent.ArrayBlockingQueue.take(ArrayBlockingQueue.java:403)&#10;        at java.util.concurrent.ThreadPoolExecutor.getTask(ThreadPoolExecutor.java:1074)&#10;        at java.util.concurrent.ThreadPoolExecutor.runWorker(ThreadPoolExecutor.java:1134)&#10;        at java.util.concurrent.ThreadPoolExecutor$Worker.run(ThreadPoolExecutor.java:624)&#10;        at java.lang.Thread.run(Thread.java:748)&#10;&quot;pool-56-thread-58&quot;  prio=5 tid=573 in Object.wait()&#10;java.lang.Thread.State: WAITING (on object monitor)&#10;        at sun.misc.Unsafe.park(Native Method)&#10;        at java.util.concurrent.locks.LockSupport.park(LockSupport.java:175)&#10;        at java.util.concurrent.locks.AbstractQueuedSynchronizer$ConditionObject.await(AbstractQueuedSynchronizer.java:2039)&#10;        at java.util.concurrent.ArrayBlockingQueue.take(ArrayBlockingQueue.java:403)&#10;        at java.util.concurrent.ThreadPoolExecutor.getTask(ThreadPoolExecutor.java:1074)&#10;        at java.util.concurrent.ThreadPoolExecutor.runWorker(ThreadPoolExecutor.java:1134)&#10;        at java.util.concurrent.ThreadPoolExecutor$Worker.run(ThreadPoolExecutor.java:624)&#10;        at java.lang.Thread.run(Thread.java:748)&#10;&quot;IPC Server handler 0 on 39235&quot; daemon prio=5 tid=29 timed_waiting&#10;java.lang.Thread.State: TIMED_WAITING&#10;        at sun.misc.Unsafe.park(Native Method)&#10;        at java.util.concurrent.locks.LockSupport.parkNanos(LockSupport.java:215)&#10;        at java.util.concurrent.locks.AbstractQueuedSynchronizer$ConditionObject.awaitNanos(AbstractQueuedSynchronizer.java:2078)&#10;        at java.util.concurrent.LinkedBlockingQueue.poll(LinkedBlockingQueue.java:467)&#10;        at org.apache.hadoop.ipc.CallQueueManager.take(CallQueueManager.java:288)&#10;        at org.apache.hadoop.ipc.Server$Handler.run(Server.java:2668)&#10;&quot;pool-26-thread-53&quot;  prio=5 tid=511 in Object.wait()&#10;java.lang.Thread.State: WAITING (on object monitor)&#10;        at sun.misc.Unsafe.park(Native Method)&#10;        at java.util.concurrent.locks.LockSupport.park(LockSupport.java:175)&#10;        at java.util.concurrent.locks.AbstractQueuedSynchronizer$ConditionObject.await(AbstractQueuedSynchronizer.java:2039)&#10;        at java.util.concurrent.ArrayBlockingQueue.take(ArrayBlockingQueue.java:403)&#10;        at java.util.concurrent.ThreadPoolExecutor.getTask(ThreadPoolExecutor.java:1074)&#10;        at java.util.concurrent.ThreadPoolExecutor.runWorker(ThreadPoolExecutor.java:1134)&#10;        at java.util.concurrent.ThreadPoolExecutor$Worker.run(ThreadPoolExecutor.java:624)&#10;        at java.lang.Thread.run(Thread.java:748)&#10;&quot;pool-36-thread-4&quot;  prio=5 tid=340 in Object.wait()&#10;java.lang.Thread.State: WAITING (on object monitor)&#10;        at sun.misc.Unsafe.park(Native Method)&#10;        at java.util.concurrent.locks.LockSupport.park(LockSupport.java:175)&#10;        at java.util.concurrent.locks.AbstractQueuedSynchronizer$ConditionObject.await(AbstractQueuedSynchronizer.java:2039)&#10;        at java.util.concurrent.ArrayBlockingQueue.take(ArrayBlockingQueue.java:403)&#10;        at java.util.concurrent.ThreadPoolExecutor.getTask(ThreadPoolExecutor.java:1074)&#10;        at java.util.concurrent.ThreadPoolExecutor.runWorker(ThreadPoolExecutor.java:1134)&#10;        at java.util.concurrent.ThreadPoolExecutor$Worker.run(ThreadPoolExecutor.java:624)&#10;        at java.lang.Thread.run(Thread.java:748)&#10;&quot;6c42b2c0-be2d-45a9-9e22-a67f6ac9562e@group-01AE132E748A-SegmentedRaftLogWorker&quot;  prio=5 tid=1182 timed_waiting&#10;java.lang.Thread.State: TIMED_WAITING&#10;        at sun.misc.Unsafe.park(Native Method)&#10;        at java.util.concurrent.locks.LockSupport.parkNanos(LockSupport.java:215)&#10;        at java.util.concurrent.locks.AbstractQueuedSynchronizer$ConditionObject.awaitNanos(AbstractQueuedSynchronizer.java:2078)&#10;        at org.apache.ratis.util.DataBlockingQueue.poll(DataBlockingQueue.java:137)&#10;        at org.apache.ratis.server.raftlog.segmented.SegmentedRaftLogWorker.run(SegmentedRaftLogWorker.java:282)&#10;        at java.lang.Thread.run(Thread.java:748)&#10;&quot;pool-66-thread-29&quot;  prio=5 tid=667 in Object.wait()&#10;java.lang.Thread.State: WAITING (on object monitor)&#10;        at sun.misc.Unsafe.park(Native Method)&#10;        at java.util.concurrent.locks.LockSupport.park(LockSupport.java:175)&#10;        at java.util.concurrent.locks.AbstractQueuedSynchronizer$ConditionObject.await(AbstractQueuedSynchronizer.java:2039)&#10;        at java.util.concurrent.ArrayBlockingQueue.take(ArrayBlockingQueue.java:403)&#10;        at java.util.concurrent.ThreadPoolExecutor.getTask(ThreadPoolExecutor.java:1074)&#10;        at java.util.concurrent.ThreadPoolExecutor.runWorker(ThreadPoolExecutor.java:1134)&#10;        at java.util.concurrent.ThreadPoolExecutor$Worker.run(ThreadPoolExecutor.java:624)&#10;        at java.lang.Thread.run(Thread.java:748)&#10;&quot;metrics-hadoop-metrics2-reporter-53-thread-1&quot; daemon prio=5 tid=1228 timed_waiting&#10;java.lang.Thread.State: TIMED_WAITING&#10;        at sun.misc.Unsafe.park(Native Method)&#10;        at java.util.concurrent.locks.LockSupport.parkNanos(LockSupport.java:215)&#10;        at java.util.concurrent.locks.AbstractQueuedSynchronizer$ConditionObject.awaitNanos(AbstractQueuedSynchronizer.java:2078)&#10;        at java.util.concurrent.ScheduledThreadPoolExecutor$DelayedWorkQueue.take(ScheduledThreadPoolExecutor.java:1093)&#10;        at java.util.concurrent.ScheduledThreadPoolExecutor$DelayedWorkQueue.take(ScheduledThreadPoolExecutor.java:809)&#10;        at java.util.concurrent.ThreadPoolExecutor.getTask(ThreadPoolExecutor.java:1074)&#10;        at java.util.concurrent.ThreadPoolExecutor.runWorker(ThreadPoolExecutor.java:1134)&#10;        at java.util.concurrent.ThreadPoolExecutor$Worker.run(ThreadPoolExecutor.java:624)&#10;        at java.lang.Thread.run(Thread.java:748)&#10;&quot;metrics-hadoop-metrics2-reporter-34-thread-1&quot; daemon prio=5 tid=1156 timed_waiting&#10;java.lang.Thread.State: TIMED_WAITING&#10;        at sun.misc.Unsafe.park(Native Method)&#10;        at java.util.concurrent.locks.LockSupport.parkNanos(LockSupport.java:215)&#10;        at java.util.concurrent.locks.AbstractQueuedSynchronizer$ConditionObject.awaitNanos(AbstractQueuedSynchronizer.java:2078)&#10;        at java.util.concurrent.ScheduledThreadPoolExecutor$DelayedWorkQueue.take(ScheduledThreadPoolExecutor.java:1093)&#10;        at java.util.concurrent.ScheduledThreadPoolExecutor$DelayedWorkQueue.take(ScheduledThreadPoolExecutor.java:809)&#10;        at java.util.concurrent.ThreadPoolExecutor.getTask(ThreadPoolExecutor.java:1074)&#10;        at java.util.concurrent.ThreadPoolExecutor.runWorker(ThreadPoolExecutor.java:1134)&#10;        at java.util.concurrent.ThreadPoolExecutor$Worker.run(ThreadPoolExecutor.java:624)&#10;        at java.lang.Thread.run(Thread.java:748)&#10;&quot;pool-76-thread-41&quot;  prio=5 tid=787 in Object.wait()&#10;java.lang.Thread.State: WAITING (on object monitor)&#10;        at sun.misc.Unsafe.park(Native Method)&#10;        at java.util.concurrent.locks.LockSupport.park(LockSupport.java:175)&#10;        at java.util.concurrent.locks.AbstractQueuedSynchronizer$ConditionObject.await(AbstractQueuedSynchronizer.java:2039)&#10;        at java.util.concurrent.ArrayBlockingQueue.take(ArrayBlockingQueue.java:403)&#10;        at java.util.concurrent.ThreadPoolExecutor.getTask(ThreadPoolExecutor.java:1074)&#10;        at java.util.concurrent.ThreadPoolExecutor.runWorker(ThreadPoolExecutor.java:1134)&#10;        at java.util.concurrent.ThreadPoolExecutor$Worker.run(ThreadPoolExecutor.java:624)&#10;        at java.lang.Thread.run(Thread.java:748)&#10;&quot;Datanode State Machine Thread - 0&quot; daemon prio=5 tid=602 timed_waiting&#10;java.lang.Thread.State: TIMED_WAITING&#10;        at java.lang.Thread.sleep(Native Method)&#10;        at org.apache.hadoop.ozone.container.common.statemachine.DatanodeStateMachine.start(DatanodeStateMachine.java:191)&#10;        at org.apache.hadoop.ozone.container.common.statemachine.DatanodeStateMachine.lambda$startDaemon$0(DatanodeStateMachine.java:349)&#10;        at org.apache.hadoop.ozone.container.common.statemachine.DatanodeStateMachine$$Lambda$140/939829672.run(Unknown Source)&#10;        at java.lang.Thread.run(Thread.java:748)&#10;&quot;pool-56-thread-3&quot;  prio=5 tid=344 in Object.wait()&#10;java.lang.Thread.State: WAITING (on object monitor)&#10;        at sun.misc.Unsafe.park(Native Method)&#10;        at java.util.concurrent.locks.LockSupport.park(LockSupport.java:175)&#10;        at java.util.concurrent.locks.AbstractQueuedSynchronizer$ConditionObject.await(AbstractQueuedSynchronizer.java:2039)&#10;        at java.util.concurrent.ArrayBlockingQueue.take(ArrayBlockingQueue.java:403)&#10;        at java.util.concurrent.ThreadPoolExecutor.getTask(ThreadPoolExecutor.java:1074)&#10;        at java.util.concurrent.ThreadPoolExecutor.runWorker(ThreadPoolExecutor.java:1134)&#10;        at java.util.concurrent.ThreadPoolExecutor$Worker.run(ThreadPoolExecutor.java:624)&#10;        at java.lang.Thread.run(Thread.java:748)&#10;&quot;Thread-493&quot; daemon prio=5 tid=1384 timed_waiting&#10;java.lang.Thread.State: TIMED_WAITING&#10;        at sun.misc.Unsafe.park(Native Method)&#10;        at java.util.concurrent.locks.LockSupport.parkNanos(LockSupport.java:215)&#10;        at java.util.concurrent.locks.AbstractQueuedSynchronizer$ConditionObject.awaitNanos(AbstractQueuedSynchronizer.java:2078)&#10;        at java.util.concurrent.ArrayBlockingQueue.poll(ArrayBlockingQueue.java:418)&#10;        at org.apache.ratis.server.impl.LeaderState$EventQueue.poll(LeaderState.java:116)&#10;        at org.apache.ratis.server.impl.LeaderState$EventProcessor.run(LeaderState.java:468)&#10;&quot;pool-117-thread-30&quot;  prio=5 tid=1089 in Object.wait()&#10;java.lang.Thread.State: WAITING (on object monitor)&#10;        at sun.misc.Unsafe.park(Native Method)&#10;        at java.util.concurrent.locks.LockSupport.park(LockSupport.java:175)&#10;        at java.util.concurrent.locks.AbstractQueuedSynchronizer$ConditionObject.await(AbstractQueuedSynchronizer.java:2039)&#10;        at java.util.concurrent.ArrayBlockingQueue.take(ArrayBlockingQueue.java:403)&#10;        at java.util.concurrent.ThreadPoolExecutor.getTask(ThreadPoolExecutor.java:1074)&#10;        at java.util.concurrent.ThreadPoolExecutor.runWorker(ThreadPoolExecutor.java:1134)&#10;        at java.util.concurrent.ThreadPoolExecutor$Worker.run(ThreadPoolExecutor.java:624)&#10;        at java.lang.Thread.run(Thread.java:748)&#10;&quot;Thread-365&quot; daemon prio=5 tid=1233 timed_waiting&#10;java.lang.Thread.State: TIMED_WAITING&#10;        at java.lang.Thread.sleep(Native Method)&#10;        at org.apache.ratis.util.JavaUtils.sleep(JavaUtils.java:247)&#10;        at org.apache.ratis.server.impl.FollowerState.run(FollowerState.java:97)&#10;&quot;pool-117-thread-51&quot;  prio=5 tid=1110 in Object.wait()&#10;java.lang.Thread.State: WAITING (on object monitor)&#10;        at sun.misc.Unsafe.park(Native Method)&#10;        at java.util.concurrent.locks.LockSupport.park(LockSupport.java:175)&#10;        at java.util.concurrent.locks.AbstractQueuedSynchronizer$ConditionObject.await(AbstractQueuedSynchronizer.java:2039)&#10;        at java.util.concurrent.ArrayBlockingQueue.take(ArrayBlockingQueue.java:403)&#10;        at java.util.concurrent.ThreadPoolExecutor.getTask(ThreadPoolExecutor.java:1074)&#10;        at java.util.concurrent.ThreadPoolExecutor.runWorker(ThreadPoolExecutor.java:1134)&#10;        at java.util.concurrent.ThreadPoolExecutor$Worker.run(ThreadPoolExecutor.java:624)&#10;        at java.lang.Thread.run(Thread.java:748)&#10;&quot;pool-106-thread-57&quot;  prio=5 tid=1037 in Object.wait()&#10;java.lang.Thread.State: WAITING (on object monitor)&#10;        at sun.misc.Unsafe.park(Native Method)&#10;        at java.util.concurrent.locks.LockSupport.park(LockSupport.java:175)&#10;        at java.util.concurrent.locks.AbstractQueuedSynchronizer$ConditionObject.await(AbstractQueuedSynchronizer.java:2039)&#10;        at java.util.concurrent.ArrayBlockingQueue.take(ArrayBlockingQueue.java:403)&#10;        at java.util.concurrent.ThreadPoolExecutor.getTask(ThreadPoolExecutor.java:1074)&#10;        at java.util.concurrent.ThreadPoolExecutor.runWorker(ThreadPoolExecutor.java:1134)&#10;        at java.util.concurrent.ThreadPoolExecutor$Worker.run(ThreadPoolExecutor.java:624)&#10;        at java.lang.Thread.run(Thread.java:748)&#10;&quot;metrics-hadoop-metrics2-reporter-54-thread-1&quot; daemon prio=5 tid=1235 timed_waiting&#10;java.lang.Thread.State: TIMED_WAITING&#10;        at sun.misc.Unsafe.park(Native Method)&#10;        at java.util.concurrent.locks.LockSupport.parkNanos(LockSupport.java:215)&#10;        at java.util.concurrent.locks.AbstractQueuedSynchronizer$ConditionObject.awaitNanos(AbstractQueuedSynchronizer.java:2078)&#10;        at java.util.concurrent.ScheduledThreadPoolExecutor$DelayedWorkQueue.take(ScheduledThreadPoolExecutor.java:1093)&#10;        at java.util.concurrent.ScheduledThreadPoolExecutor$DelayedWorkQueue.take(ScheduledThreadPoolExecutor.java:809)&#10;        at java.util.concurrent.ThreadPoolExecutor.getTask(ThreadPoolExecutor.java:1074)&#10;        at java.util.concurrent.ThreadPoolExecutor.runWorker(ThreadPoolExecutor.java:1134)&#10;        at java.util.concurrent.ThreadPoolExecutor$Worker.run(ThreadPoolExecutor.java:624)&#10;        at java.lang.Thread.run(Thread.java:748)&#10;&quot;pool-36-thread-55&quot;  prio=5 tid=570 in Object.wait()&#10;java.lang.Thread.State: WAITING (on object monitor)&#10;        at sun.misc.Unsafe.park(Native Method)&#10;        at java.util.concurrent.locks.LockSupport.park(LockSupport.java:175)&#10;        at java.util.concurrent.locks.AbstractQueuedSynchronizer$ConditionObject.await(AbstractQueuedSynchronizer.java:2039)&#10;        at java.util.concurrent.ArrayBlockingQueue.take(ArrayBlockingQueue.java:403)&#10;        at java.util.concurrent.ThreadPoolExecutor.getTask(ThreadPoolExecutor.java:1074)&#10;        at java.util.concurrent.ThreadPoolExecutor.runWorker(ThreadPoolExecutor.java:1134)&#10;        at java.util.concurrent.ThreadPoolExecutor$Worker.run(ThreadPoolExecutor.java:624)&#10;        at java.lang.Thread.run(Thread.java:748)&#10;&quot;IPC Server Responder&quot; daemon prio=5 tid=25 runnable&#10;java.lang.Thread.State: RUNNABLE&#10;        at sun.nio.ch.EPollArrayWrapper.epollWait(Native Method)&#10;        at sun.nio.ch.EPollArrayWrapper.poll(EPollArrayWrapper.java:269)&#10;        at sun.nio.ch.EPollSelectorImpl.doSelect(EPollSelectorImpl.java:93)&#10;        at sun.nio.ch.SelectorImpl.lockAndDoSelect(SelectorImpl.java:86)&#10;        at sun.nio.ch.SelectorImpl.select(SelectorImpl.java:97)&#10;        at org.apache.hadoop.ipc.Server$Responder.doRunLoop(Server.java:1334)&#10;        at org.apache.hadoop.ipc.Server$Responder.run(Server.java:1317)&#10;&quot;org.apache.hadoop.util.JvmPauseMonitor$Monitor@56585904&quot; daemon prio=5 tid=257 timed_waiting&#10;java.lang.Thread.State: TIMED_WAITING&#10;        at java.lang.Thread.sleep(Native Method)&#10;        at org.apache.hadoop.util.JvmPauseMonitor$Monitor.run(JvmPauseMonitor.java:192)&#10;        at java.lang.Thread.run(Thread.java:748)&#10;&quot;595afd9b-8d20-4100-8f7e-109b072917a4@group-C458FCA03E22-SegmentedRaftLogWorker&quot;  prio=5 tid=1163 timed_waiting&#10;java.lang.Thread.State: TIMED_WAITING&#10;        at sun.misc.Unsafe.park(Native Method)&#10;        at java.util.concurrent.locks.LockSupport.parkNanos(LockSupport.java:215)&#10;        at java.util.concurrent.locks.AbstractQueuedSynchronizer$ConditionObject.awaitNanos(AbstractQueuedSynchronizer.java:2078)&#10;        at org.apache.ratis.util.DataBlockingQueue.poll(DataBlockingQueue.java:137)&#10;        at org.apache.ratis.server.raftlog.segmented.SegmentedRaftLogWorker.run(SegmentedRaftLogWorker.java:282)&#10;        at java.lang.Thread.run(Thread.java:748)&#10;&quot;pool-76-thread-50&quot;  prio=5 tid=796 in Object.wait()&#10;java.lang.Thread.State: WAITING (on object monitor)&#10;        at sun.misc.Unsafe.park(Native Method)&#10;        at java.util.concurrent.locks.LockSupport.park(LockSupport.java:175)&#10;        at java.util.concurrent.locks.AbstractQueuedSynchronizer$ConditionObject.await(AbstractQueuedSynchronizer.java:2039)&#10;        at java.util.concurrent.ArrayBlockingQueue.take(ArrayBlockingQueue.java:403)&#10;        at java.util.concurrent.ThreadPoolExecutor.getTask(ThreadPoolExecutor.java:1074)&#10;        at java.util.concurrent.ThreadPoolExecutor.runWorker(ThreadPoolExecutor.java:1134)&#10;        at java.util.concurrent.ThreadPoolExecutor$Worker.run(ThreadPoolExecutor.java:624)&#10;        at java.lang.Thread.run(Thread.java:748)&#10;&quot;4ff74892-3196-4f54-95eb-cd6f2bc728e2@group-759C21E9D490-StateMachineUpdater&quot; daemon prio=5 tid=947 in Object.wait()&#10;java.lang.Thread.State: WAITING (on object monitor)&#10;        at java.lang.Object.wait(Native Method)&#10;        at java.lang.Object.wait(Object.java:502)&#10;        at org.apache.ratis.server.impl.StateMachineUpdater.waitForCommit(StateMachineUpdater.java:194)&#10;        at org.apache.ratis.server.impl.StateMachineUpdater.run(StateMachineUpdater.java:159)&#10;        at java.lang.Thread.run(Thread.java:748)&#10;&quot;pool-96-thread-47&quot;  prio=5 tid=929 in Object.wait()&#10;java.lang.Thread.State: WAITING (on object monitor)&#10;        at sun.misc.Unsafe.park(Native Method)&#10;        at java.util.concurrent.locks.LockSupport.park(LockSupport.java:175)&#10;        at java.util.concurrent.locks.AbstractQueuedSynchronizer$ConditionObject.await(AbstractQueuedSynchronizer.java:2039)&#10;        at java.util.concurrent.ArrayBlockingQueue.take(ArrayBlockingQueue.java:403)&#10;        at java.util.concurrent.ThreadPoolExecutor.getTask(ThreadPoolExecutor.java:1074)&#10;        at java.util.concurrent.ThreadPoolExecutor.runWorker(ThreadPoolExecutor.java:1134)&#10;        at java.util.concurrent.ThreadPoolExecutor$Worker.run(ThreadPoolExecutor.java:624)&#10;        at java.lang.Thread.run(Thread.java:748)&#10;&quot;Datanode State Machine Thread - 0&quot; daemon prio=5 tid=308 timed_waiting&#10;java.lang.Thread.State: TIMED_WAITING&#10;        at java.lang.Thread.sleep(Native Method)&#10;        at org.apache.hadoop.ozone.container.common.statemachine.DatanodeStateMachine.start(DatanodeStateMachine.java:191)&#10;        at org.apache.hadoop.ozone.container.common.statemachine.DatanodeStateMachine.lambda$startDaemon$0(DatanodeStateMachine.java:349)&#10;        at org.apache.hadoop.ozone.container.common.statemachine.DatanodeStateMachine$$Lambda$140/939829672.run(Unknown Source)&#10;        at java.lang.Thread.run(Thread.java:748)&#10;&quot;pool-96-thread-41&quot;  prio=5 tid=923 in Object.wait()&#10;java.lang.Thread.State: WAITING (on object monitor)&#10;        at sun.misc.Unsafe.park(Native Method)&#10;        at java.util.concurrent.locks.LockSupport.park(LockSupport.java:175)&#10;        at java.util.concurrent.locks.AbstractQueuedSynchronizer$ConditionObject.await(AbstractQueuedSynchronizer.java:2039)&#10;        at java.util.concurrent.ArrayBlockingQueue.take(ArrayBlockingQueue.java:403)&#10;        at java.util.concurrent.ThreadPoolExecutor.getTask(ThreadPoolExecutor.java:1074)&#10;        at java.util.concurrent.ThreadPoolExecutor.runWorker(ThreadPoolExecutor.java:1134)&#10;        at java.util.concurrent.ThreadPoolExecutor$Worker.run(ThreadPoolExecutor.java:624)&#10;        at java.lang.Thread.run(Thread.java:748)&#10;&quot;pool-66-thread-47&quot;  prio=5 tid=692 in Object.wait()&#10;java.lang.Thread.State: WAITING (on object monitor)&#10;        at sun.misc.Unsafe.park(Native Method)&#10;        at java.util.concurrent.locks.LockSupport.park(LockSupport.java:175)&#10;        at java.util.concurrent.locks.AbstractQueuedSynchronizer$ConditionObject.await(AbstractQueuedSynchronizer.java:2039)&#10;        at java.util.concurrent.ArrayBlockingQueue.take(ArrayBlockingQueue.java:403)&#10;        at java.util.concurrent.ThreadPoolExecutor.getTask(ThreadPoolExecutor.java:1074)&#10;        at java.util.concurrent.ThreadPoolExecutor.runWorker(ThreadPoolExecutor.java:1134)&#10;        at java.util.concurrent.ThreadPoolExecutor$Worker.run(ThreadPoolExecutor.java:624)&#10;        at java.lang.Thread.run(Thread.java:748)&#10;&quot;IPC Client (981159997) connection to localhost/127.0.0.1:37221 from jenkins1000&quot; daemon prio=5 tid=1199 timed_waiting&#10;java.lang.Thread.State: TIMED_WAITING&#10;        at java.lang.Object.wait(Native Method)&#10;        at org.apache.hadoop.ipc.Client$Connection.waitForWork(Client.java:1024)&#10;        at org.apache.hadoop.ipc.Client$Connection.run(Client.java:1068)&#10;&quot;pool-36-thread-16&quot;  prio=5 tid=393 in Object.wait()&#10;java.lang.Thread.State: WAITING (on object monitor)&#10;        at sun.misc.Unsafe.park(Native Method)&#10;        at java.util.concurrent.locks.LockSupport.park(LockSupport.java:175)&#10;        at java.util.concurrent.locks.AbstractQueuedSynchronizer$ConditionObject.await(AbstractQueuedSynchronizer.java:2039)&#10;        at java.util.concurrent.ArrayBlockingQueue.take(ArrayBlockingQueue.java:403)&#10;        at java.util.concurrent.ThreadPoolExecutor.getTask(ThreadPoolExecutor.java:1074)&#10;        at java.util.concurrent.ThreadPoolExecutor.runWorker(ThreadPoolExecutor.java:1134)&#10;        at java.util.concurrent.ThreadPoolExecutor$Worker.run(ThreadPoolExecutor.java:624)&#10;        at java.lang.Thread.run(Thread.java:748)&#10;&quot;pool-96-thread-8&quot;  prio=5 tid=890 in Object.wait()&#10;java.lang.Thread.State: WAITING (on object monitor)&#10;        at sun.misc.Unsafe.park(Native Method)&#10;        at java.util.concurrent.locks.LockSupport.park(LockSupport.java:175)&#10;        at java.util.concurrent.locks.AbstractQueuedSynchronizer$ConditionObject.await(AbstractQueuedSynchronizer.java:2039)&#10;        at java.util.concurrent.ArrayBlockingQueue.take(ArrayBlockingQueue.java:403)&#10;        at java.util.concurrent.ThreadPoolExecutor.getTask(ThreadPoolExecutor.java:1074)&#10;        at java.util.concurrent.ThreadPoolExecutor.runWorker(ThreadPoolExecutor.java:1134)&#10;        at java.util.concurrent.ThreadPoolExecutor$Worker.run(ThreadPoolExecutor.java:624)&#10;        at java.lang.Thread.run(Thread.java:748)&#10;&quot;Signal Dispatcher&quot; daemon prio=9 tid=4 runnable&#10;java.lang.Thread.State: RUNNABLE&#10;&quot;pool-117-thread-32&quot;  prio=5 tid=1091 in Object.wait()&#10;java.lang.Thread.State: WAITING (on object monitor)&#10;        at sun.misc.Unsafe.park(Native Method)&#10;        at java.util.concurrent.locks.LockSupport.park(LockSupport.java:175)&#10;        at java.util.concurrent.locks.AbstractQueuedSynchronizer$ConditionObject.await(AbstractQueuedSynchronizer.java:2039)&#10;        at java.util.concurrent.ArrayBlockingQueue.take(ArrayBlockingQueue.java:403)&#10;        at java.util.concurrent.ThreadPoolExecutor.getTask(ThreadPoolExecutor.java:1074)&#10;        at java.util.concurrent.ThreadPoolExecutor.runWorker(ThreadPoolExecutor.java:1134)&#10;        at java.util.concurrent.ThreadPoolExecutor$Worker.run(ThreadPoolExecutor.java:624)&#10;        at java.lang.Thread.run(Thread.java:748)&#10;&quot;pool-56-thread-14&quot;  prio=5 tid=397 in Object.wait()&#10;java.lang.Thread.State: WAITING (on object monitor)&#10;        at sun.misc.Unsafe.park(Native Method)&#10;        at java.util.concurrent.locks.LockSupport.park(LockSupport.java:175)&#10;        at java.util.concurrent.locks.AbstractQueuedSynchronizer$ConditionObject.await(AbstractQueuedSynchronizer.java:2039)&#10;        at java.util.concurrent.ArrayBlockingQueue.take(ArrayBlockingQueue.java:403)&#10;        at java.util.concurrent.ThreadPoolExecutor.getTask(ThreadPoolExecutor.java:1074)&#10;        at java.util.concurrent.ThreadPoolExecutor.runWorker(ThreadPoolExecutor.java:1134)&#10;        at java.util.concurrent.ThreadPoolExecutor$Worker.run(ThreadPoolExecutor.java:624)&#10;        at java.lang.Thread.run(Thread.java:748)&#10;&quot;Command processor thread&quot; daemon prio=5 tid=202 timed_waiting&#10;java.lang.Thread.State: TIMED_WAITING&#10;        at java.lang.Thread.sleep(Native Method)&#10;        at org.apache.hadoop.ozone.container.common.statemachine.DatanodeStateMachine.lambda$initCommandHandlerThread$1(DatanodeStateMachine.java:439)&#10;        at org.apache.hadoop.ozone.container.common.statemachine.DatanodeStateMachine$$Lambda$141/1487479796.run(Unknown Source)&#10;        at java.lang.Thread.run(Thread.java:748)&#10;&quot;pool-96-thread-7&quot;  prio=5 tid=889 in Object.wait()&#10;java.lang.Thread.State: WAITING (on object monitor)&#10;        at sun.misc.Unsafe.park(Native Method)&#10;        at java.util.concurrent.locks.LockSupport.park(LockSupport.java:175)&#10;        at java.util.concurrent.locks.AbstractQueuedSynchronizer$ConditionObject.await(AbstractQueuedSynchronizer.java:2039)&#10;        at java.util.concurrent.ArrayBlockingQueue.take(ArrayBlockingQueue.java:403)&#10;        at java.util.concurrent.ThreadPoolExecutor.getTask(ThreadPoolExecutor.java:1074)&#10;        at java.util.concurrent.ThreadPoolExecutor.runWorker(ThreadPoolExecutor.java:1134)&#10;        at java.util.concurrent.ThreadPoolExecutor$Worker.run(ThreadPoolExecutor.java:624)&#10;        at java.lang.Thread.run(Thread.java:748)&#10;&quot;BlockDeletingService#1&quot; daemon prio=5 tid=634 in Object.wait()&#10;java.lang.Thread.State: WAITING (on object monitor)&#10;        at sun.misc.Unsafe.park(Native Method)&#10;        at java.util.concurrent.locks.LockSupport.park(LockSupport.java:175)&#10;        at java.util.concurrent.locks.AbstractQueuedSynchronizer$ConditionObject.await(AbstractQueuedSynchronizer.java:2039)&#10;        at java.util.concurrent.ScheduledThreadPoolExecutor$DelayedWorkQueue.take(ScheduledThreadPoolExecutor.java:1088)&#10;        at java.util.concurrent.ScheduledThreadPoolExecutor$DelayedWorkQueue.take(ScheduledThreadPoolExecutor.java:809)&#10;        at java.util.concurrent.ThreadPoolExecutor.getTask(ThreadPoolExecutor.java:1074)&#10;        at java.util.concurrent.ThreadPoolExecutor.runWorker(ThreadPoolExecutor.java:1134)&#10;        at java.util.concurrent.ThreadPoolExecutor$Worker.run(ThreadPoolExecutor.java:624)&#10;        at java.lang.Thread.run(Thread.java:748)&#10;&quot;pool-80-thread-1&quot;  prio=5 tid=293 timed_waiting&#10;java.lang.Thread.State: TIMED_WAITING&#10;        at sun.misc.Unsafe.park(Native Method)&#10;        at java.util.concurrent.locks.LockSupport.parkNanos(LockSupport.java:215)&#10;        at java.util.concurrent.locks.AbstractQueuedSynchronizer$ConditionObject.awaitNanos(AbstractQueuedSynchronizer.java:2078)&#10;        at java.util.concurrent.ScheduledThreadPoolExecutor$DelayedWorkQueue.take(ScheduledThreadPoolExecutor.java:1093)&#10;        at java.util.concurrent.ScheduledThreadPoolExecutor$DelayedWorkQueue.take(ScheduledThreadPoolExecutor.java:809)&#10;        at java.util.concurrent.ThreadPoolExecutor.getTask(ThreadPoolExecutor.java:1074)&#10;        at java.util.concurrent.ThreadPoolExecutor.runWorker(ThreadPoolExecutor.java:1134)&#10;        at java.util.concurrent.ThreadPoolExecutor$Worker.run(ThreadPoolExecutor.java:624)&#10;        at java.lang.Thread.run(Thread.java:748)&#10;&quot;pool-56-thread-50&quot;  prio=5 tid=538 in Object.wait()&#10;java.lang.Thread.State: WAITING (on object monitor)&#10;        at sun.misc.Unsafe.park(Native Method)&#10;        at java.util.concurrent.locks.LockSupport.park(LockSupport.java:175)&#10;        at java.util.concurrent.locks.AbstractQueuedSynchronizer$ConditionObject.await(AbstractQueuedSynchronizer.java:2039)&#10;        at java.util.concurrent.ArrayBlockingQueue.take(ArrayBlockingQueue.java:403)&#10;        at java.util.concurrent.ThreadPoolExecutor.getTask(ThreadPoolExecutor.java:1074)&#10;        at java.util.concurrent.ThreadPoolExecutor.runWorker(ThreadPoolExecutor.java:1134)&#10;        at java.util.concurrent.ThreadPoolExecutor$Worker.run(ThreadPoolExecutor.java:624)&#10;        at java.lang.Thread.run(Thread.java:748)&#10;&quot;pool-46-thread-26&quot;  prio=5 tid=429 in Object.wait()&#10;java.lang.Thread.State: WAITING (on object monitor)&#10;        at sun.misc.Unsafe.park(Native Method)&#10;        at java.util.concurrent.locks.LockSupport.park(LockSupport.java:175)&#10;        at java.util.concurrent.locks.AbstractQueuedSynchronizer$ConditionObject.await(AbstractQueuedSynchronizer.java:2039)&#10;        at java.util.concurrent.ArrayBlockingQueue.take(ArrayBlockingQueue.java:403)&#10;        at java.util.concurrent.ThreadPoolExecutor.getTask(ThreadPoolExecutor.java:1074)&#10;        at java.util.concurrent.ThreadPoolExecutor.runWorker(ThreadPoolExecutor.java:1134)&#10;        at java.util.concurrent.ThreadPoolExecutor$Worker.run(ThreadPoolExecutor.java:624)&#10;        at java.lang.Thread.run(Thread.java:748)&#10;&quot;org.apache.ratis.server.impl.LogAppender$AppenderDaemon$$Lambda$565/1288450225@6477e4a2&quot; daemon prio=5 tid=1304 timed_waiting&#10;java.lang.Thread.State: TIMED_WAITING&#10;        at java.lang.Object.wait(Native Method)&#10;        at org.apache.ratis.grpc.server.GrpcLogAppender.mayWait(GrpcLogAppender.java:141)&#10;        at org.apache.ratis.grpc.server.GrpcLogAppender.runAppenderImpl(GrpcLogAppender.java:95)&#10;        at org.apache.ratis.server.impl.LogAppender$AppenderDaemon.run(LogAppender.java:76)&#10;        at org.apache.ratis.server.impl.LogAppender$AppenderDaemon$$Lambda$565/1288450225.run(Unknown Source)&#10;        at java.lang.Thread.run(Thread.java:748)&#10;&quot;pool-46-thread-58&quot;  prio=5 tid=581 in Object.wait()&#10;java.lang.Thread.State: WAITING (on object monitor)&#10;        at sun.misc.Unsafe.park(Native Method)&#10;        at java.util.concurrent.locks.LockSupport.park(LockSupport.java:175)&#10;        at java.util.concurrent.locks.AbstractQueuedSynchronizer$ConditionObject.await(AbstractQueuedSynchronizer.java:2039)&#10;        at java.util.concurrent.ArrayBlockingQueue.take(ArrayBlockingQueue.java:403)&#10;        at java.util.concurrent.ThreadPoolExecutor.getTask(ThreadPoolExecutor.java:1074)&#10;        at java.util.concurrent.ThreadPoolExecutor.runWorker(ThreadPoolExecutor.java:1134)&#10;        at java.util.concurrent.ThreadPoolExecutor$Worker.run(ThreadPoolExecutor.java:624)&#10;        at java.lang.Thread.run(Thread.java:748)&#10;&quot;Socket Reader #1 for port 37221&quot;  prio=5 tid=108 runnable&#10;java.lang.Thread.State: RUNNABLE&#10;        at sun.nio.ch.EPollArrayWrapper.epollWait(Native Method)&#10;        at sun.nio.ch.EPollArrayWrapper.poll(EPollArrayWrapper.java:269)&#10;        at sun.nio.ch.EPollSelectorImpl.doSelect(EPollSelectorImpl.java:93)&#10;        at sun.nio.ch.SelectorImpl.lockAndDoSelect(SelectorImpl.java:86)&#10;        at sun.nio.ch.SelectorImpl.select(SelectorImpl.java:97)&#10;        at sun.nio.ch.SelectorImpl.select(SelectorImpl.java:101)&#10;        at org.apache.hadoop.ipc.Server$Listener$Reader.doRunLoop(Server.java:1097)&#10;        at org.apache.hadoop.ipc.Server$Listener$Reader.run(Server.java:1076)&#10;&quot;pool-86-thread-28&quot;  prio=5 tid=846 in Object.wait()&#10;java.lang.Thread.State: WAITING (on object monitor)&#10;        at sun.misc.Unsafe.park(Native Method)&#10;        at java.util.concurrent.locks.LockSupport.park(LockSupport.java:175)&#10;        at java.util.concurrent.locks.AbstractQueuedSynchronizer$ConditionObject.await(AbstractQueuedSynchronizer.java:2039)&#10;        at java.util.concurrent.ArrayBlockingQueue.take(ArrayBlockingQueue.java:403)&#10;        at java.util.concurrent.ThreadPoolExecutor.getTask(ThreadPoolExecutor.java:1074)&#10;        at java.util.concurrent.ThreadPoolExecutor.runWorker(ThreadPoolExecutor.java:1134)&#10;        at java.util.concurrent.ThreadPoolExecutor$Worker.run(ThreadPoolExecutor.java:624)&#10;        at java.lang.Thread.run(Thread.java:748)&#10;&quot;org.eclipse.jetty.server.session.HashSessionManager@4c2af006Timer&quot; daemon prio=5 tid=642 timed_waiting&#10;java.lang.Thread.State: TIMED_WAITING&#10;        at sun.misc.Unsafe.park(Native Method)&#10;        at java.util.concurrent.locks.LockSupport.parkNanos(LockSupport.java:215)&#10;        at java.util.concurrent.locks.AbstractQueuedSynchronizer$ConditionObject.awaitNanos(AbstractQueuedSynchronizer.java:2078)&#10;        at java.util.concurrent.ScheduledThreadPoolExecutor$DelayedWorkQueue.take(ScheduledThreadPoolExecutor.java:1093)&#10;        at java.util.concurrent.ScheduledThreadPoolExecutor$DelayedWorkQueue.take(ScheduledThreadPoolExecutor.java:809)&#10;        at java.util.concurrent.ThreadPoolExecutor.getTask(ThreadPoolExecutor.java:1074)&#10;        at java.util.concurrent.ThreadPoolExecutor.runWorker(ThreadPoolExecutor.java:1134)&#10;        at java.util.concurrent.ThreadPoolExecutor$Worker.run(ThreadPoolExecutor.java:624)&#10;        at java.lang.Thread.run(Thread.java:748)&#10;&quot;pool-26-thread-36&quot;  prio=5 tid=452 in Object.wait()&#10;java.lang.Thread.State: WAITING (on object monitor)&#10;        at sun.misc.Unsafe.park(Native Method)&#10;        at java.util.concurrent.locks.LockSupport.park(LockSupport.java:175)&#10;        at java.util.concurrent.locks.AbstractQueuedSynchronizer$ConditionObject.await(AbstractQueuedSynchronizer.java:2039)&#10;        at java.util.concurrent.ArrayBlockingQueue.take(ArrayBlockingQueue.java:403)&#10;        at java.util.concurrent.ThreadPoolExecutor.getTask(ThreadPoolExecutor.java:1074)&#10;        at java.util.concurrent.ThreadPoolExecutor.runWorker(ThreadPoolExecutor.java:1134)&#10;        at java.util.concurrent.ThreadPoolExecutor$Worker.run(ThreadPoolExecutor.java:624)&#10;        at java.lang.Thread.run(Thread.java:748)&#10;&quot;IPC Server handler 19 on 37838&quot; daemon prio=5 tid=88 timed_waiting&#10;java.lang.Thread.State: TIMED_WAITING&#10;        at sun.misc.Unsafe.park(Native Method)&#10;        at java.util.concurrent.locks.LockSupport.parkNanos(LockSupport.java:215)&#10;        at java.util.concurrent.locks.AbstractQueuedSynchronizer$ConditionObject.awaitNanos(AbstractQueuedSynchronizer.java:2078)&#10;        at java.util.concurrent.LinkedBlockingQueue.poll(LinkedBlockingQueue.java:467)&#10;        at org.apache.hadoop.ipc.CallQueueManager.take(CallQueueManager.java:288)&#10;        at org.apache.hadoop.ipc.Server$Handler.run(Server.java:2668)&#10;&quot;org.eclipse.jetty.server.session.HashSessionManager@671c4166Timer&quot; daemon prio=5 tid=627 timed_waiting&#10;java.lang.Thread.State: TIMED_WAITING&#10;        at sun.misc.Unsafe.park(Native Method)&#10;        at java.util.concurrent.locks.LockSupport.parkNanos(LockSupport.java:215)&#10;        at java.util.concurrent.locks.AbstractQueuedSynchronizer$ConditionObject.awaitNanos(AbstractQueuedSynchronizer.java:2078)&#10;        at java.util.concurrent.ScheduledThreadPoolExecutor$DelayedWorkQueue.take(ScheduledThreadPoolExecutor.java:1093)&#10;        at java.util.concurrent.ScheduledThreadPoolExecutor$DelayedWorkQueue.take(ScheduledThreadPoolExecutor.java:809)&#10;        at java.util.concurrent.ThreadPoolExecutor.getTask(ThreadPoolExecutor.java:1074)&#10;        at java.util.concurrent.ThreadPoolExecutor.runWorker(ThreadPoolExecutor.java:1134)&#10;        at java.util.concurrent.ThreadPoolExecutor$Worker.run(ThreadPoolExecutor.java:624)&#10;        at java.lang.Thread.run(Thread.java:748)&#10;&quot;pool-86-thread-40&quot;  prio=5 tid=858 in Object.wait()&#10;java.lang.Thread.State: WAITING (on object monitor)&#10;        at sun.misc.Unsafe.park(Native Method)&#10;        at java.util.concurrent.locks.LockSupport.park(LockSupport.java:175)&#10;        at java.util.concurrent.locks.AbstractQueuedSynchronizer$ConditionObject.await(AbstractQueuedSynchronizer.java:2039)&#10;        at java.util.concurrent.ArrayBlockingQueue.take(ArrayBlockingQueue.java:403)&#10;        at java.util.concurrent.ThreadPoolExecutor.getTask(ThreadPoolExecutor.java:1074)&#10;        at java.util.concurrent.ThreadPoolExecutor.runWorker(ThreadPoolExecutor.java:1134)&#10;        at java.util.concurrent.ThreadPoolExecutor$Worker.run(ThreadPoolExecutor.java:624)&#10;        at java.lang.Thread.run(Thread.java:748)&#10;&quot;refreshUsed-/workdir/hadoop-ozone/integration-test/target/test-dir/MiniOzoneClusterImpl-fc727f2e-e877-4159-90ff-4473a18561dc/datanode-9/data/containers&quot; daemon prio=5 tid=709 timed_waiting&#10;java.lang.Thread.State: TIMED_WAITING&#10;        at java.lang.Thread.sleep(Native Method)&#10;        at org.apache.hadoop.fs.CachingGetSpaceUsed$RefreshThread.run(CachingGetSpaceUsed.java:179)&#10;        at java.lang.Thread.run(Thread.java:748)&#10;&quot;pool-66-thread-35&quot;  prio=5 tid=675 in Object.wait()&#10;java.lang.Thread.State: WAITING (on object monitor)&#10;        at sun.misc.Unsafe.park(Native Method)&#10;        at java.util.concurrent.locks.LockSupport.park(LockSupport.java:175)&#10;        at java.util.concurrent.locks.AbstractQueuedSynchronizer$ConditionObject.await(AbstractQueuedSynchronizer.java:2039)&#10;        at java.util.concurrent.ArrayBlockingQueue.take(ArrayBlockingQueue.java:403)&#10;        at java.util.concurrent.ThreadPoolExecutor.getTask(ThreadPoolExecutor.java:1074)&#10;        at java.util.concurrent.ThreadPoolExecutor.runWorker(ThreadPoolExecutor.java:1134)&#10;        at java.util.concurrent.ThreadPoolExecutor$Worker.run(ThreadPoolExecutor.java:624)&#10;        at java.lang.Thread.run(Thread.java:748)&#10;&quot;pool-66-thread-34&quot;  prio=5 tid=674 in Object.wait()&#10;java.lang.Thread.State: WAITING (on object monitor)&#10;        at sun.misc.Unsafe.park(Native Method)&#10;        at java.util.concurrent.locks.LockSupport.park(LockSupport.java:175)&#10;        at java.util.concurrent.locks.AbstractQueuedSynchronizer$ConditionObject.await(AbstractQueuedSynchronizer.java:2039)&#10;        at java.util.concurrent.ArrayBlockingQueue.take(ArrayBlockingQueue.java:403)&#10;        at java.util.concurrent.ThreadPoolExecutor.getTask(ThreadPoolExecutor.java:1074)&#10;        at java.util.concurrent.ThreadPoolExecutor.runWorker(ThreadPoolExecutor.java:1134)&#10;        at java.util.concurrent.ThreadPoolExecutor$Worker.run(ThreadPoolExecutor.java:624)&#10;        at java.lang.Thread.run(Thread.java:748)&#10;&quot;metrics-hadoop-metrics2-reporter-47-thread-1&quot; daemon prio=5 tid=1193 timed_waiting&#10;java.lang.Thread.State: TIMED_WAITING&#10;        at sun.misc.Unsafe.park(Native Method)&#10;        at java.util.concurrent.locks.LockSupport.parkNanos(LockSupport.java:215)&#10;        at java.util.concurrent.locks.AbstractQueuedSynchronizer$ConditionObject.awaitNanos(AbstractQueuedSynchronizer.java:2078)&#10;        at java.util.concurrent.ScheduledThreadPoolExecutor$DelayedWorkQueue.take(ScheduledThreadPoolExecutor.java:1093)&#10;        at java.util.concurrent.ScheduledThreadPoolExecutor$DelayedWorkQueue.take(ScheduledThreadPoolExecutor.java:809)&#10;        at java.util.concurrent.ThreadPoolExecutor.getTask(ThreadPoolExecutor.java:1074)&#10;        at java.util.concurrent.ThreadPoolExecutor.runWorker(ThreadPoolExecutor.java:1134)&#10;        at java.util.concurrent.ThreadPoolExecutor$Worker.run(ThreadPoolExecutor.java:624)&#10;        at java.lang.Thread.run(Thread.java:748)&#10;&quot;metrics-hadoop-metrics2-reporter-17-thread-1&quot; daemon prio=5 tid=1050 timed_waiting&#10;java.lang.Thread.State: TIMED_WAITING&#10;        at sun.misc.Unsafe.park(Native Method)&#10;        at java.util.concurrent.locks.LockSupport.parkNanos(LockSupport.java:215)&#10;        at java.util.concurrent.locks.AbstractQueuedSynchronizer$ConditionObject.awaitNanos(AbstractQueuedSynchronizer.java:2078)&#10;        at java.util.concurrent.ScheduledThreadPoolExecutor$DelayedWorkQueue.take(ScheduledThreadPoolExecutor.java:1093)&#10;        at java.util.concurrent.ScheduledThreadPoolExecutor$DelayedWorkQueue.take(ScheduledThreadPoolExecutor.java:809)&#10;        at java.util.concurrent.ThreadPoolExecutor.getTask(ThreadPoolExecutor.java:1074)&#10;        at java.util.concurrent.ThreadPoolExecutor.runWorker(ThreadPoolExecutor.java:1134)&#10;        at java.util.concurrent.ThreadPoolExecutor$Worker.run(ThreadPoolExecutor.java:624)&#10;        at java.lang.Thread.run(Thread.java:748)&#10;&quot;pool-46-thread-5&quot;  prio=5 tid=329 in Object.wait()&#10;java.lang.Thread.State: WAITING (on object monitor)&#10;        at sun.misc.Unsafe.park(Native Method)&#10;        at java.util.concurrent.locks.LockSupport.park(LockSupport.java:175)&#10;        at java.util.concurrent.locks.AbstractQueuedSynchronizer$ConditionObject.await(AbstractQueuedSynchronizer.java:2039)&#10;        at java.util.concurrent.ArrayBlockingQueue.take(ArrayBlockingQueue.java:403)&#10;        at java.util.concurrent.ThreadPoolExecutor.getTask(ThreadPoolExecutor.java:1074)&#10;        at java.util.concurrent.ThreadPoolExecutor.runWorker(ThreadPoolExecutor.java:1134)&#10;        at java.util.concurrent.ThreadPoolExecutor$Worker.run(ThreadPoolExecutor.java:624)&#10;        at java.lang.Thread.run(Thread.java:748)&#10;&quot;qtp303805531-216&quot; daemon prio=5 tid=216 timed_waiting&#10;java.lang.Thread.State: TIMED_WAITING&#10;        at sun.misc.Unsafe.park(Native Method)&#10;        at java.util.concurrent.locks.LockSupport.parkNanos(LockSupport.java:215)&#10;        at java.util.concurrent.locks.AbstractQueuedSynchronizer$ConditionObject.awaitNanos(AbstractQueuedSynchronizer.java:2078)&#10;        at org.eclipse.jetty.util.BlockingArrayQueue.poll(BlockingArrayQueue.java:392)&#10;        at org.eclipse.jetty.util.thread.QueuedThreadPool.idleJobPoll(QueuedThreadPool.java:563)&#10;        at org.eclipse.jetty.util.thread.QueuedThreadPool.access$800(QueuedThreadPool.java:48)&#10;        at org.eclipse.jetty.util.thread.QueuedThreadPool$2.run(QueuedThreadPool.java:626)&#10;        at java.lang.Thread.run(Thread.java:748)&#10;&quot;Timer-0&quot;  prio=5 tid=112 timed_waiting&#10;java.lang.Thread.State: TIMED_WAITING&#10;        at java.lang.Object.wait(Native Method)&#10;        at java.util.TimerThread.mainLoop(Timer.java:552)&#10;        at java.util.TimerThread.run(Timer.java:505)&#10;&quot;pool-66-thread-59&quot;  prio=5 tid=704 in Object.wait()&#10;java.lang.Thread.State: WAITING (on object monitor)&#10;        at sun.misc.Unsafe.park(Native Method)&#10;        at java.util.concurrent.locks.LockSupport.park(LockSupport.java:175)&#10;        at java.util.concurrent.locks.AbstractQueuedSynchronizer$ConditionObject.await(AbstractQueuedSynchronizer.java:2039)&#10;        at java.util.concurrent.ArrayBlockingQueue.take(ArrayBlockingQueue.java:403)&#10;        at java.util.concurrent.ThreadPoolExecutor.getTask(ThreadPoolExecutor.java:1074)&#10;        at java.util.concurrent.ThreadPoolExecutor.runWorker(ThreadPoolExecutor.java:1134)&#10;        at java.util.concurrent.ThreadPoolExecutor$Worker.run(ThreadPoolExecutor.java:624)&#10;        at java.lang.Thread.run(Thread.java:748)&#10;&quot;IPC Server handler 15 on 37838&quot; daemon prio=5 tid=84 timed_waiting&#10;java.lang.Thread.State: TIMED_WAITING&#10;        at sun.misc.Unsafe.park(Native Method)&#10;        at java.util.concurrent.locks.LockSupport.parkNanos(LockSupport.java:215)&#10;        at java.util.concurrent.locks.AbstractQueuedSynchronizer$ConditionObject.awaitNanos(AbstractQueuedSynchronizer.java:2078)&#10;        at java.util.concurrent.LinkedBlockingQueue.poll(LinkedBlockingQueue.java:467)&#10;        at org.apache.hadoop.ipc.CallQueueManager.take(CallQueueManager.java:288)&#10;        at org.apache.hadoop.ipc.Server$Handler.run(Server.java:2668)&#10;&quot;pool-66-thread-9&quot;  prio=5 tid=646 in Object.wait()&#10;java.lang.Thread.State: WAITING (on object monitor)&#10;        at sun.misc.Unsafe.park(Native Method)&#10;        at java.util.concurrent.locks.LockSupport.park(LockSupport.java:175)&#10;        at java.util.concurrent.locks.AbstractQueuedSynchronizer$ConditionObject.await(AbstractQueuedSynchronizer.java:2039)&#10;        at java.util.concurrent.ArrayBlockingQueue.take(ArrayBlockingQueue.java:403)&#10;        at java.util.concurrent.ThreadPoolExecutor.getTask(ThreadPoolExecutor.java:1074)&#10;        at java.util.concurrent.ThreadPoolExecutor.runWorker(ThreadPoolExecutor.java:1134)&#10;        at java.util.concurrent.ThreadPoolExecutor$Worker.run(ThreadPoolExecutor.java:624)&#10;        at java.lang.Thread.run(Thread.java:748)&#10;&quot;pool-66-thread-56&quot;  prio=5 tid=701 in Object.wait()&#10;java.lang.Thread.State: WAITING (on object monitor)&#10;        at sun.misc.Unsafe.park(Native Method)&#10;        at java.util.concurrent.locks.LockSupport.park(LockSupport.java:175)&#10;        at java.util.concurrent.locks.AbstractQueuedSynchronizer$ConditionObject.await(AbstractQueuedSynchronizer.java:2039)&#10;        at java.util.concurrent.ArrayBlockingQueue.take(ArrayBlockingQueue.java:403)&#10;        at java.util.concurrent.ThreadPoolExecutor.getTask(ThreadPoolExecutor.java:1074)&#10;        at java.util.concurrent.ThreadPoolExecutor.runWorker(ThreadPoolExecutor.java:1134)&#10;        at java.util.concurrent.ThreadPoolExecutor$Worker.run(ThreadPoolExecutor.java:624)&#10;        at java.lang.Thread.run(Thread.java:748)&#10;&quot;qtp934617920-597&quot; daemon prio=5 tid=597 timed_waiting&#10;java.lang.Thread.State: TIMED_WAITING&#10;        at sun.misc.Unsafe.park(Native Method)&#10;        at java.util.concurrent.locks.LockSupport.parkNanos(LockSupport.java:215)&#10;        at java.util.concurrent.locks.AbstractQueuedSynchronizer$ConditionObject.awaitNanos(AbstractQueuedSynchronizer.java:2078)&#10;        at org.eclipse.jetty.util.BlockingArrayQueue.poll(BlockingArrayQueue.java:392)&#10;        at org.eclipse.jetty.util.thread.QueuedThreadPool.idleJobPoll(QueuedThreadPool.java:563)&#10;        at org.eclipse.jetty.util.thread.QueuedThreadPool.access$800(QueuedThreadPool.java:48)&#10;        at org.eclipse.jetty.util.thread.QueuedThreadPool$2.run(QueuedThreadPool.java:626)&#10;        at java.lang.Thread.run(Thread.java:748)&#10;&quot;pool-36-thread-15&quot;  prio=5 tid=387 in Object.wait()&#10;java.lang.Thread.State: WAITING (on object monitor)&#10;        at sun.misc.Unsafe.park(Native Method)&#10;        at java.util.concurrent.locks.LockSupport.park(LockSupport.java:175)&#10;        at java.util.concurrent.locks.AbstractQueuedSynchronizer$ConditionObject.await(AbstractQueuedSynchronizer.java:2039)&#10;        at java.util.concurrent.ArrayBlockingQueue.take(ArrayBlockingQueue.java:403)&#10;        at java.util.concurrent.ThreadPoolExecutor.getTask(ThreadPoolExecutor.java:1074)&#10;        at java.util.concurrent.ThreadPoolExecutor.runWorker(ThreadPoolExecutor.java:1134)&#10;        at java.util.concurrent.ThreadPoolExecutor$Worker.run(ThreadPoolExecutor.java:624)&#10;        at java.lang.Thread.run(Thread.java:748)&#10;&quot;metrics-hadoop-metrics2-reporter-46-thread-1&quot; daemon prio=5 tid=1192 timed_waiting&#10;java.lang.Thread.State: TIMED_WAITING&#10;        at sun.misc.Unsafe.park(Native Method)&#10;        at java.util.concurrent.locks.LockSupport.parkNanos(LockSupport.java:215)&#10;        at java.util.concurrent.locks.AbstractQueuedSynchronizer$ConditionObject.awaitNanos(AbstractQueuedSynchronizer.java:2078)&#10;        at java.util.concurrent.ScheduledThreadPoolExecutor$DelayedWorkQueue.take(ScheduledThreadPoolExecutor.java:1093)&#10;        at java.util.concurrent.ScheduledThreadPoolExecutor$DelayedWorkQueue.take(ScheduledThreadPoolExecutor.java:809)&#10;        at java.util.concurrent.ThreadPoolExecutor.getTask(ThreadPoolExecutor.java:1074)&#10;        at java.util.concurrent.ThreadPoolExecutor.runWorker(ThreadPoolExecutor.java:1134)&#10;        at java.util.concurrent.ThreadPoolExecutor$Worker.run(ThreadPoolExecutor.java:624)&#10;        at java.lang.Thread.run(Thread.java:748)&#10;&quot;pool-106-thread-24&quot;  prio=5 tid=1003 in Object.wait()&#10;java.lang.Thread.State: WAITING (on object monitor)&#10;        at sun.misc.Unsafe.park(Native Method)&#10;        at java.util.concurrent.locks.LockSupport.park(LockSupport.java:175)&#10;        at java.util.concurrent.locks.AbstractQueuedSynchronizer$ConditionObject.await(AbstractQueuedSynchronizer.java:2039)&#10;        at java.util.concurrent.ArrayBlockingQueue.take(ArrayBlockingQueue.java:403)&#10;        at java.util.concurrent.ThreadPoolExecutor.getTask(ThreadPoolExecutor.java:1074)&#10;        at java.util.concurrent.ThreadPoolExecutor.runWorker(ThreadPoolExecutor.java:1134)&#10;        at java.util.concurrent.ThreadPoolExecutor$Worker.run(ThreadPoolExecutor.java:624)&#10;        at java.lang.Thread.run(Thread.java:748)&#10;&quot;qtp2035381640-90&quot; daemon prio=5 tid=90 timed_waiting&#10;java.lang.Thread.State: TIMED_WAITING&#10;        at sun.misc.Unsafe.park(Native Method)&#10;        at java.util.concurrent.locks.LockSupport.parkNanos(LockSupport.java:215)&#10;        at java.util.concurrent.locks.AbstractQueuedSynchronizer$ConditionObject.awaitNanos(AbstractQueuedSynchronizer.java:2078)&#10;        at org.eclipse.jetty.util.BlockingArrayQueue.poll(BlockingArrayQueue.java:392)&#10;        at org.eclipse.jetty.util.thread.QueuedThreadPool.idleJobPoll(QueuedThreadPool.java:563)&#10;        at org.eclipse.jetty.util.thread.QueuedThreadPool.access$800(QueuedThreadPool.java:48)&#10;        at org.eclipse.jetty.util.thread.QueuedThreadPool$2.run(QueuedThreadPool.java:626)&#10;        at java.lang.Thread.run(Thread.java:748)&#10;&quot;pool-96-thread-1&quot;  prio=5 tid=883 in Object.wait()&#10;java.lang.Thread.State: WAITING (on object monitor)&#10;        at sun.misc.Unsafe.park(Native Method)&#10;        at java.util.concurrent.locks.LockSupport.park(LockSupport.java:175)&#10;        at java.util.concurrent.locks.AbstractQueuedSynchronizer$ConditionObject.await(AbstractQueuedSynchronizer.java:2039)&#10;        at java.util.concurrent.ArrayBlockingQueue.take(ArrayBlockingQueue.java:403)&#10;        at java.util.concurrent.ThreadPoolExecutor.getTask(ThreadPoolExecutor.java:1074)&#10;        at java.util.concurrent.ThreadPoolExecutor.runWorker(ThreadPoolExecutor.java:1134)&#10;        at java.util.concurrent.ThreadPoolExecutor$Worker.run(ThreadPoolExecutor.java:624)&#10;        at java.lang.Thread.run(Thread.java:748)&#10;&quot;metrics-hadoop-metrics2-reporter-67-thread-1&quot; daemon prio=5 tid=1385 timed_waiting&#10;java.lang.Thread.State: TIMED_WAITING&#10;        at sun.misc.Unsafe.park(Native Method)&#10;        at java.util.concurrent.locks.LockSupport.parkNanos(LockSupport.java:215)&#10;        at java.util.concurrent.locks.AbstractQueuedSynchronizer$ConditionObject.awaitNanos(AbstractQueuedSynchronizer.java:2078)&#10;        at java.util.concurrent.ScheduledThreadPoolExecutor$DelayedWorkQueue.take(ScheduledThreadPoolExecutor.java:1093)&#10;        at java.util.concurrent.ScheduledThreadPoolExecutor$DelayedWorkQueue.take(ScheduledThreadPoolExecutor.java:809)&#10;        at java.util.concurrent.ThreadPoolExecutor.getTask(ThreadPoolExecutor.java:1074)&#10;        at java.util.concurrent.ThreadPoolExecutor.runWorker(ThreadPoolExecutor.java:1134)&#10;        at java.util.concurrent.ThreadPoolExecutor$Worker.run(ThreadPoolExecutor.java:624)&#10;        at java.lang.Thread.run(Thread.java:748)&#10;&quot;Thread-393&quot; daemon prio=5 tid=1264 timed_waiting&#10;java.lang.Thread.State: TIMED_WAITING&#10;        at sun.misc.Unsafe.park(Native Method)&#10;        at java.util.concurrent.locks.LockSupport.parkNanos(LockSupport.java:215)&#10;        at java.util.concurrent.locks.AbstractQueuedSynchronizer$ConditionObject.awaitNanos(AbstractQueuedSynchronizer.java:2078)&#10;        at java.util.concurrent.ArrayBlockingQueue.poll(ArrayBlockingQueue.java:418)&#10;        at org.apache.ratis.server.impl.LeaderState$EventQueue.poll(LeaderState.java:116)&#10;        at org.apache.ratis.server.impl.LeaderState$EventProcessor.run(LeaderState.java:468)&#10;&quot;pool-26-thread-35&quot;  prio=5 tid=451 in Object.wait()&#10;java.lang.Thread.State: WAITING (on object monitor)&#10;        at sun.misc.Unsafe.park(Native Method)&#10;        at java.util.concurrent.locks.LockSupport.park(LockSupport.java:175)&#10;        at java.util.concurrent.locks.AbstractQueuedSynchronizer$ConditionObject.await(AbstractQueuedSynchronizer.java:2039)&#10;        at java.util.concurrent.ArrayBlockingQueue.take(ArrayBlockingQueue.java:403)&#10;        at java.util.concurrent.ThreadPoolExecutor.getTask(ThreadPoolExecutor.java:1074)&#10;        at java.util.concurrent.ThreadPoolExecutor.runWorker(ThreadPoolExecutor.java:1134)&#10;        at java.util.concurrent.ThreadPoolExecutor$Worker.run(ThreadPoolExecutor.java:624)&#10;        at java.lang.Thread.run(Thread.java:748)&#10;&quot;pool-96-thread-51&quot;  prio=5 tid=933 in Object.wait()&#10;java.lang.Thread.State: WAITING (on object monitor)&#10;        at sun.misc.Unsafe.park(Native Method)&#10;        at java.util.concurrent.locks.LockSupport.park(LockSupport.java:175)&#10;        at java.util.concurrent.locks.AbstractQueuedSynchronizer$ConditionObject.await(AbstractQueuedSynchronizer.java:2039)&#10;        at java.util.concurrent.ArrayBlockingQueue.take(ArrayBlockingQueue.java:403)&#10;        at java.util.concurrent.ThreadPoolExecutor.getTask(ThreadPoolExecutor.java:1074)&#10;        at java.util.concurrent.ThreadPoolExecutor.runWorker(ThreadPoolExecutor.java:1134)&#10;        at java.util.concurrent.ThreadPoolExecutor$Worker.run(ThreadPoolExecutor.java:624)&#10;        at java.lang.Thread.run(Thread.java:748)&#10;&quot;4b7a3050-62f1-41a0-b275-38638fa6aa33@group-C458FCA03E22-SegmentedRaftLogWorker&quot;  prio=5 tid=1166 timed_waiting&#10;java.lang.Thread.State: TIMED_WAITING&#10;        at sun.misc.Unsafe.park(Native Method)&#10;        at java.util.concurrent.locks.LockSupport.parkNanos(LockSupport.java:215)&#10;        at java.util.concurrent.locks.AbstractQueuedSynchronizer$ConditionObject.awaitNanos(AbstractQueuedSynchronizer.java:2078)&#10;        at org.apache.ratis.util.DataBlockingQueue.poll(DataBlockingQueue.java:137)&#10;        at org.apache.ratis.server.raftlog.segmented.SegmentedRaftLogWorker.run(SegmentedRaftLogWorker.java:282)&#10;        at java.lang.Thread.run(Thread.java:748)&#10;&quot;pool-56-thread-9&quot;  prio=5 tid=367 in Object.wait()&#10;java.lang.Thread.State: WAITING (on object monitor)&#10;        at sun.misc.Unsafe.park(Native Method)&#10;        at java.util.concurrent.locks.LockSupport.park(LockSupport.java:175)&#10;        at java.util.concurrent.locks.AbstractQueuedSynchronizer$ConditionObject.await(AbstractQueuedSynchronizer.java:2039)&#10;        at java.util.concurrent.ArrayBlockingQueue.take(ArrayBlockingQueue.java:403)&#10;        at java.util.concurrent.ThreadPoolExecutor.getTask(ThreadPoolExecutor.java:1074)&#10;        at java.util.concurrent.ThreadPoolExecutor.runWorker(ThreadPoolExecutor.java:1134)&#10;        at java.util.concurrent.ThreadPoolExecutor$Worker.run(ThreadPoolExecutor.java:624)&#10;        at java.lang.Thread.run(Thread.java:748)&#10;&quot;Datanode State Machine Thread - 0&quot; daemon prio=5 tid=686 timed_waiting&#10;java.lang.Thread.State: TIMED_WAITING&#10;        at sun.misc.Unsafe.park(Native Method)&#10;        at java.util.concurrent.locks.LockSupport.parkNanos(LockSupport.java:215)&#10;        at java.util.concurrent.SynchronousQueue$TransferStack.awaitFulfill(SynchronousQueue.java:460)&#10;        at java.util.concurrent.SynchronousQueue$TransferStack.transfer(SynchronousQueue.java:362)&#10;        at java.util.concurrent.SynchronousQueue.poll(SynchronousQueue.java:941)&#10;        at java.util.concurrent.ThreadPoolExecutor.getTask(ThreadPoolExecutor.java:1073)&#10;        at java.util.concurrent.ThreadPoolExecutor.runWorker(ThreadPoolExecutor.java:1134)&#10;        at java.util.concurrent.ThreadPoolExecutor$Worker.run(ThreadPoolExecutor.java:624)&#10;        at java.lang.Thread.run(Thread.java:748)&#10;&quot;qtp1089341986-137-acceptor-0@48bfc111-ServerConnector@1cbb3d3b{HTTP/1.1,[http/1.1]}{0.0.0.0:40002}&quot; daemon prio=3 tid=137 runnable&#10;java.lang.Thread.State: RUNNABLE&#10;        at sun.nio.ch.ServerSocketChannelImpl.accept0(Native Method)&#10;        at sun.nio.ch.ServerSocketChannelImpl.accept(ServerSocketChannelImpl.java:422)&#10;        at sun.nio.ch.ServerSocketChannelImpl.accept(ServerSocketChannelImpl.java:250)&#10;        at org.eclipse.jetty.server.ServerConnector.accept(ServerConnector.java:397)&#10;        at org.eclipse.jetty.server.AbstractConnector$Acceptor.run(AbstractConnector.java:601)&#10;        at org.eclipse.jetty.util.thread.QueuedThreadPool.runJob(QueuedThreadPool.java:671)&#10;        at org.eclipse.jetty.util.thread.QueuedThreadPool$2.run(QueuedThreadPool.java:589)&#10;        at java.lang.Thread.run(Thread.java:748)&#10;&quot;pool-56-thread-21&quot;  prio=5 tid=427 in Object.wait()&#10;java.lang.Thread.State: WAITING (on object monitor)&#10;        at sun.misc.Unsafe.park(Native Method)&#10;        at java.util.concurrent.locks.LockSupport.park(LockSupport.java:175)&#10;        at java.util.concurrent.locks.AbstractQueuedSynchronizer$ConditionObject.await(AbstractQueuedSynchronizer.java:2039)&#10;        at java.util.concurrent.ArrayBlockingQueue.take(ArrayBlockingQueue.java:403)&#10;        at java.util.concurrent.ThreadPoolExecutor.getTask(ThreadPoolExecutor.java:1074)&#10;        at java.util.concurrent.ThreadPoolExecutor.runWorker(ThreadPoolExecutor.java:1134)&#10;        at java.util.concurrent.ThreadPoolExecutor$Worker.run(ThreadPoolExecutor.java:624)&#10;        at java.lang.Thread.run(Thread.java:748)&#10;&quot;qtp747378368-723&quot; daemon prio=5 tid=723 timed_waiting&#10;java.lang.Thread.State: TIMED_WAITING&#10;        at sun.misc.Unsafe.park(Native Method)&#10;        at java.util.concurrent.locks.LockSupport.parkNanos(LockSupport.java:215)&#10;        at java.util.concurrent.locks.AbstractQueuedSynchronizer$ConditionObject.awaitNanos(AbstractQueuedSynchronizer.java:2078)&#10;        at org.eclipse.jetty.util.BlockingArrayQueue.poll(BlockingArrayQueue.java:392)&#10;        at org.eclipse.jetty.util.thread.QueuedThreadPool.idleJobPoll(QueuedThreadPool.java:563)&#10;        at org.eclipse.jetty.util.thread.QueuedThreadPool.access$800(QueuedThreadPool.java:48)&#10;        at org.eclipse.jetty.util.thread.QueuedThreadPool$2.run(QueuedThreadPool.java:626)&#10;        at java.lang.Thread.run(Thread.java:748)&#10;&quot;Socket Reader #1 for port 39235&quot;  prio=5 tid=23 runnable&#10;java.lang.Thread.State: RUNNABLE&#10;        at sun.nio.ch.EPollArrayWrapper.epollWait(Native Method)&#10;        at sun.nio.ch.EPollArrayWrapper.poll(EPollArrayWrapper.java:269)&#10;        at sun.nio.ch.EPollSelectorImpl.doSelect(EPollSelectorImpl.java:93)&#10;        at sun.nio.ch.SelectorImpl.lockAndDoSelect(SelectorImpl.java:86)&#10;        at sun.nio.ch.SelectorImpl.select(SelectorImpl.java:97)&#10;        at sun.nio.ch.SelectorImpl.select(SelectorImpl.java:101)&#10;        at org.apache.hadoop.ipc.Server$Listener$Reader.doRunLoop(Server.java:1097)&#10;        at org.apache.hadoop.ipc.Server$Listener$Reader.run(Server.java:1076)&#10;&quot;pool-117-thread-19&quot;  prio=5 tid=1078 in Object.wait()&#10;java.lang.Thread.State: WAITING (on object monitor)&#10;        at sun.misc.Unsafe.park(Native Method)&#10;        at java.util.concurrent.locks.LockSupport.park(LockSupport.java:175)&#10;        at java.util.concurrent.locks.AbstractQueuedSynchronizer$ConditionObject.await(AbstractQueuedSynchronizer.java:2039)&#10;        at java.util.concurrent.ArrayBlockingQueue.take(ArrayBlockingQueue.java:403)&#10;        at java.util.concurrent.ThreadPoolExecutor.getTask(ThreadPoolExecutor.java:1074)&#10;        at java.util.concurrent.ThreadPoolExecutor.runWorker(ThreadPoolExecutor.java:1134)&#10;        at java.util.concurrent.ThreadPoolExecutor$Worker.run(ThreadPoolExecutor.java:624)&#10;        at java.lang.Thread.run(Thread.java:748)&#10;&quot;org.eclipse.jetty.server.session.HashSessionManager@571a01f9Timer&quot; daemon prio=5 tid=726 timed_waiting&#10;java.lang.Thread.State: TIMED_WAITING&#10;        at sun.misc.Unsafe.park(Native Method)&#10;        at java.util.concurrent.locks.LockSupport.parkNanos(LockSupport.java:215)&#10;        at java.util.concurrent.locks.AbstractQueuedSynchronizer$ConditionObject.awaitNanos(AbstractQueuedSynchronizer.java:2078)&#10;        at java.util.concurrent.ScheduledThreadPoolExecutor$DelayedWorkQueue.take(ScheduledThreadPoolExecutor.java:1093)&#10;        at java.util.concurrent.ScheduledThreadPoolExecutor$DelayedWorkQueue.take(ScheduledThreadPoolExecutor.java:809)&#10;        at java.util.concurrent.ThreadPoolExecutor.getTask(ThreadPoolExecutor.java:1074)&#10;        at java.util.concurrent.ThreadPoolExecutor.runWorker(ThreadPoolExecutor.java:1134)&#10;        at java.util.concurrent.ThreadPoolExecutor$Worker.run(ThreadPoolExecutor.java:624)&#10;        at java.lang.Thread.run(Thread.java:748)&#10;&quot;metrics-hadoop-metrics2-reporter-39-thread-1&quot; daemon prio=5 tid=1172 timed_waiting&#10;java.lang.Thread.State: TIMED_WAITING&#10;        at sun.misc.Unsafe.park(Native Method)&#10;        at java.util.concurrent.locks.LockSupport.parkNanos(LockSupport.java:215)&#10;        at java.util.concurrent.locks.AbstractQueuedSynchronizer$ConditionObject.awaitNanos(AbstractQueuedSynchronizer.java:2078)&#10;        at java.util.concurrent.ScheduledThreadPoolExecutor$DelayedWorkQueue.take(ScheduledThreadPoolExecutor.java:1093)&#10;        at java.util.concurrent.ScheduledThreadPoolExecutor$DelayedWorkQueue.take(ScheduledThreadPoolExecutor.java:809)&#10;        at java.util.concurrent.ThreadPoolExecutor.getTask(ThreadPoolExecutor.java:1074)&#10;        at java.util.concurrent.ThreadPoolExecutor.runWorker(ThreadPoolExecutor.java:1134)&#10;        at java.util.concurrent.ThreadPoolExecutor$Worker.run(ThreadPoolExecutor.java:624)&#10;        at java.lang.Thread.run(Thread.java:748)&#10;&quot;pool-86-thread-49&quot;  prio=5 tid=867 in Object.wait()&#10;java.lang.Thread.State: WAITING (on object monitor)&#10;        at sun.misc.Unsafe.park(Native Method)&#10;        at java.util.concurrent.locks.LockSupport.park(LockSupport.java:175)&#10;        at java.util.concurrent.locks.AbstractQueuedSynchronizer$ConditionObject.await(AbstractQueuedSynchronizer.java:2039)&#10;        at java.util.concurrent.ArrayBlockingQueue.take(ArrayBlockingQueue.java:403)&#10;        at java.util.concurrent.ThreadPoolExecutor.getTask(ThreadPoolExecutor.java:1074)&#10;        at java.util.concurrent.ThreadPoolExecutor.runWorker(ThreadPoolExecutor.java:1134)&#10;        at java.util.concurrent.ThreadPoolExecutor$Worker.run(ThreadPoolExecutor.java:624)&#10;        at java.lang.Thread.run(Thread.java:748)&#10;&quot;pool-66-thread-1&quot;  prio=5 tid=637 in Object.wait()&#10;java.lang.Thread.State: WAITING (on object monitor)&#10;        at sun.misc.Unsafe.park(Native Method)&#10;        at java.util.concurrent.locks.LockSupport.park(LockSupport.java:175)&#10;        at java.util.concurrent.locks.AbstractQueuedSynchronizer$ConditionObject.await(AbstractQueuedSynchronizer.java:2039)&#10;        at java.util.concurrent.ArrayBlockingQueue.take(ArrayBlockingQueue.java:403)&#10;        at java.util.concurrent.ThreadPoolExecutor.getTask(ThreadPoolExecutor.java:1074)&#10;        at java.util.concurrent.ThreadPoolExecutor.runWorker(ThreadPoolExecutor.java:1134)&#10;        at java.util.concurrent.ThreadPoolExecutor$Worker.run(ThreadPoolExecutor.java:624)&#10;        at java.lang.Thread.run(Thread.java:748)&#10;&quot;metrics-hadoop-metrics2-reporter-5-thread-1&quot; daemon prio=5 tid=948 timed_waiting&#10;java.lang.Thread.State: TIMED_WAITING&#10;        at sun.misc.Unsafe.park(Native Method)&#10;        at java.util.concurrent.locks.LockSupport.parkNanos(LockSupport.java:215)&#10;        at java.util.concurrent.locks.AbstractQueuedSynchronizer$ConditionObject.awaitNanos(AbstractQueuedSynchronizer.java:2078)&#10;        at java.util.concurrent.ScheduledThreadPoolExecutor$DelayedWorkQueue.take(ScheduledThreadPoolExecutor.java:1093)&#10;        at java.util.concurrent.ScheduledThreadPoolExecutor$DelayedWorkQueue.take(ScheduledThreadPoolExecutor.java:809)&#10;        at java.util.concurrent.ThreadPoolExecutor.getTask(ThreadPoolExecutor.java:1074)&#10;        at java.util.concurrent.ThreadPoolExecutor.runWorker(ThreadPoolExecutor.java:1134)&#10;        at java.util.concurrent.ThreadPoolExecutor$Worker.run(ThreadPoolExecutor.java:624)&#10;        at java.lang.Thread.run(Thread.java:748)&#10;&quot;pool-76-thread-20&quot;  prio=5 tid=766 in Object.wait()&#10;java.lang.Thread.State: WAITING (on object monitor)&#10;        at sun.misc.Unsafe.park(Native Method)&#10;        at java.util.concurrent.locks.LockSupport.park(LockSupport.java:175)&#10;        at java.util.concurrent.locks.AbstractQueuedSynchronizer$ConditionObject.await(AbstractQueuedSynchronizer.java:2039)&#10;        at java.util.concurrent.ArrayBlockingQueue.take(ArrayBlockingQueue.java:403)&#10;        at java.util.concurrent.ThreadPoolExecutor.getTask(ThreadPoolExecutor.java:1074)&#10;        at java.util.concurrent.ThreadPoolExecutor.runWorker(ThreadPoolExecutor.java:1134)&#10;        at java.util.concurrent.ThreadPoolExecutor$Worker.run(ThreadPoolExecutor.java:624)&#10;        at java.lang.Thread.run(Thread.java:748)&#10;&quot;qtp549049813-269&quot; daemon prio=5 tid=269 timed_waiting&#10;java.lang.Thread.State: TIMED_WAITING&#10;        at sun.misc.Unsafe.park(Native Method)&#10;        at java.util.concurrent.locks.LockSupport.parkNanos(LockSupport.java:215)&#10;        at java.util.concurrent.locks.AbstractQueuedSynchronizer$ConditionObject.awaitNanos(AbstractQueuedSynchronizer.java:2078)&#10;        at org.eclipse.jetty.util.BlockingArrayQueue.poll(BlockingArrayQueue.java:392)&#10;        at org.eclipse.jetty.util.thread.QueuedThreadPool.idleJobPoll(QueuedThreadPool.java:563)&#10;        at org.eclipse.jetty.util.thread.QueuedThreadPool.access$800(QueuedThreadPool.java:48)&#10;        at org.eclipse.jetty.util.thread.QueuedThreadPool$2.run(QueuedThreadPool.java:626)&#10;        at java.lang.Thread.run(Thread.java:748)&#10;&quot;pool-57-thread-1&quot;  prio=5 tid=960 in Object.wait()&#10;java.lang.Thread.State: WAITING (on object monitor)&#10;        at sun.misc.Unsafe.park(Native Method)&#10;        at java.util.concurrent.locks.LockSupport.park(LockSupport.java:175)&#10;        at java.util.concurrent.locks.AbstractQueuedSynchronizer$ConditionObject.await(AbstractQueuedSynchronizer.java:2039)&#10;        at java.util.concurrent.LinkedBlockingQueue.take(LinkedBlockingQueue.java:442)&#10;        at java.util.concurrent.ThreadPoolExecutor.getTask(ThreadPoolExecutor.java:1074)&#10;        at java.util.concurrent.ThreadPoolExecutor.runWorker(ThreadPoolExecutor.java:1134)&#10;        at java.util.concurrent.ThreadPoolExecutor$Worker.run(ThreadPoolExecutor.java:624)&#10;        at java.lang.Thread.run(Thread.java:748)&#10;&quot;org.eclipse.jetty.server.session.HashSessionManager@7b122839Timer&quot; daemon prio=5 tid=446 timed_waiting&#10;java.lang.Thread.State: TIMED_WAITING&#10;        at sun.misc.Unsafe.park(Native Method)&#10;        at java.util.concurrent.locks.LockSupport.parkNanos(LockSupport.java:215)&#10;        at java.util.concurrent.locks.AbstractQueuedSynchronizer$ConditionObject.awaitNanos(AbstractQueuedSynchronizer.java:2078)&#10;        at java.util.concurrent.ScheduledThreadPoolExecutor$DelayedWorkQueue.take(ScheduledThreadPoolExecutor.java:1093)&#10;        at java.util.concurrent.ScheduledThreadPoolExecutor$DelayedWorkQueue.take(ScheduledThreadPoolExecutor.java:809)&#10;        at java.util.concurrent.ThreadPoolExecutor.getTask(ThreadPoolExecutor.java:1074)&#10;        at java.util.concurrent.ThreadPoolExecutor.runWorker(ThreadPoolExecutor.java:1134)&#10;        at java.util.concurrent.ThreadPoolExecutor$Worker.run(ThreadPoolExecutor.java:624)&#10;        at java.lang.Thread.run(Thread.java:748)&#10;&quot;EventQueue-NodeRegistrationContainerReportForContainerSafeModeRule&quot; daemon prio=5 tid=738 in Object.wait()&#10;java.lang.Thread.State: WAITING (on object monitor)&#10;        at sun.misc.Unsafe.park(Native Method)&#10;        at java.util.concurrent.locks.LockSupport.park(LockSupport.java:175)&#10;        at java.util.concurrent.locks.AbstractQueuedSynchronizer$ConditionObject.await(AbstractQueuedSynchronizer.java:2039)&#10;        at java.util.concurrent.LinkedBlockingQueue.take(LinkedBlockingQueue.java:442)&#10;        at java.util.concurrent.ThreadPoolExecutor.getTask(ThreadPoolExecutor.java:1074)&#10;        at java.util.concurrent.ThreadPoolExecutor.runWorker(ThreadPoolExecutor.java:1134)&#10;        at java.util.concurrent.ThreadPoolExecutor$Worker.run(ThreadPoolExecutor.java:624)&#10;        at java.lang.Thread.run(Thread.java:748)&#10;&quot;pool-26-thread-23&quot;  prio=5 tid=414 in Object.wait()&#10;java.lang.Thread.State: WAITING (on object monitor)&#10;        at sun.misc.Unsafe.park(Native Method)&#10;        at java.util.concurrent.locks.LockSupport.park(LockSupport.java:175)&#10;        at java.util.concurrent.locks.AbstractQueuedSynchronizer$ConditionObject.await(AbstractQueuedSynchronizer.java:2039)&#10;        at java.util.concurrent.ArrayBlockingQueue.take(ArrayBlockingQueue.java:403)&#10;        at java.util.concurrent.ThreadPoolExecutor.getTask(ThreadPoolExecutor.java:1074)&#10;        at java.util.concurrent.ThreadPoolExecutor.runWorker(ThreadPoolExecutor.java:1134)&#10;        at java.util.concurrent.ThreadPoolExecutor$Worker.run(ThreadPoolExecutor.java:624)&#10;        at java.lang.Thread.run(Thread.java:748)&#10;&quot;pool-56-thread-7&quot;  prio=5 tid=363 in Object.wait()&#10;java.lang.Thread.State: WAITING (on object monitor)&#10;        at sun.misc.Unsafe.park(Native Method)&#10;        at java.util.concurrent.locks.LockSupport.park(LockSupport.java:175)&#10;        at java.util.concurrent.locks.AbstractQueuedSynchronizer$ConditionObject.await(AbstractQueuedSynchronizer.java:2039)&#10;        at java.util.concurrent.ArrayBlockingQueue.take(ArrayBlockingQueue.java:403)&#10;        at java.util.concurrent.ThreadPoolExecutor.getTask(ThreadPoolExecutor.java:1074)&#10;        at java.util.concurrent.ThreadPoolExecutor.runWorker(ThreadPoolExecutor.java:1134)&#10;        at java.util.concurrent.ThreadPoolExecutor$Worker.run(ThreadPoolExecutor.java:624)&#10;        at java.lang.Thread.run(Thread.java:748)&#10;&quot;metrics-hadoop-metrics2-reporter-4-thread-1&quot; daemon prio=5 tid=945 timed_waiting&#10;java.lang.Thread.State: TIMED_WAITING&#10;        at sun.misc.Unsafe.park(Native Method)&#10;        at java.util.concurrent.locks.LockSupport.parkNanos(LockSupport.java:215)&#10;        at java.util.concurrent.locks.AbstractQueuedSynchronizer$ConditionObject.awaitNanos(AbstractQueuedSynchronizer.java:2078)&#10;        at java.util.concurrent.ScheduledThreadPoolExecutor$DelayedWorkQueue.take(ScheduledThreadPoolExecutor.java:1093)&#10;        at java.util.concurrent.ScheduledThreadPoolExecutor$DelayedWorkQueue.take(ScheduledThreadPoolExecutor.java:809)&#10;        at java.util.concurrent.ThreadPoolExecutor.getTask(ThreadPoolExecutor.java:1074)&#10;        at java.util.concurrent.ThreadPoolExecutor.runWorker(ThreadPoolExecutor.java:1134)&#10;        at java.util.concurrent.ThreadPoolExecutor$Worker.run(ThreadPoolExecutor.java:624)&#10;        at java.lang.Thread.run(Thread.java:748)&#10;&quot;IPC Server handler 8 on 37838&quot; daemon prio=5 tid=77 timed_waiting&#10;java.lang.Thread.State: TIMED_WAITING&#10;        at sun.misc.Unsafe.park(Native Method)&#10;        at java.util.concurrent.locks.LockSupport.parkNanos(LockSupport.java:215)&#10;        at java.util.concurrent.locks.AbstractQueuedSynchronizer$ConditionObject.awaitNanos(AbstractQueuedSynchronizer.java:2078)&#10;        at java.util.concurrent.LinkedBlockingQueue.poll(LinkedBlockingQueue.java:467)&#10;        at org.apache.hadoop.ipc.CallQueueManager.take(CallQueueManager.java:288)&#10;        at org.apache.hadoop.ipc.Server$Handler.run(Server.java:2668)&#10;&quot;pool-76-thread-40&quot;  prio=5 tid=786 in Object.wait()&#10;java.lang.Thread.State: WAITING (on object monitor)&#10;        at sun.misc.Unsafe.park(Native Method)&#10;        at java.util.concurrent.locks.LockSupport.park(LockSupport.java:175)&#10;        at java.util.concurrent.locks.AbstractQueuedSynchronizer$ConditionObject.await(AbstractQueuedSynchronizer.java:2039)&#10;        at java.util.concurrent.ArrayBlockingQueue.take(ArrayBlockingQueue.java:403)&#10;        at java.util.concurrent.ThreadPoolExecutor.getTask(ThreadPoolExecutor.java:1074)&#10;        at java.util.concurrent.ThreadPoolExecutor.runWorker(ThreadPoolExecutor.java:1134)&#10;        at java.util.concurrent.ThreadPoolExecutor$Worker.run(ThreadPoolExecutor.java:624)&#10;        at java.lang.Thread.run(Thread.java:748)&#10;&quot;qtp1977508673-297&quot; daemon prio=5 tid=297 timed_waiting&#10;java.lang.Thread.State: TIMED_WAITING&#10;        at sun.misc.Unsafe.park(Native Method)&#10;        at java.util.concurrent.locks.LockSupport.parkNanos(LockSupport.java:215)&#10;        at java.util.concurrent.locks.AbstractQueuedSynchronizer$ConditionObject.awaitNanos(AbstractQueuedSynchronizer.java:2078)&#10;        at org.eclipse.jetty.util.BlockingArrayQueue.poll(BlockingArrayQueue.java:392)&#10;        at org.eclipse.jetty.util.thread.QueuedThreadPool.idleJobPoll(QueuedThreadPool.java:563)&#10;        at org.eclipse.jetty.util.thread.QueuedThreadPool.access$800(QueuedThreadPool.java:48)&#10;        at org.eclipse.jetty.util.thread.QueuedThreadPool$2.run(QueuedThreadPool.java:626)&#10;        at java.lang.Thread.run(Thread.java:748)&#10;&quot;metrics-hadoop-metrics2-reporter-28-thread-1&quot; daemon prio=5 tid=1140 timed_waiting&#10;java.lang.Thread.State: TIMED_WAITING&#10;        at sun.misc.Unsafe.park(Native Method)&#10;        at java.util.concurrent.locks.LockSupport.parkNanos(LockSupport.java:215)&#10;        at java.util.concurrent.locks.AbstractQueuedSynchronizer$ConditionObject.awaitNanos(AbstractQueuedSynchronizer.java:2078)&#10;        at java.util.concurrent.ScheduledThreadPoolExecutor$DelayedWorkQueue.take(ScheduledThreadPoolExecutor.java:1093)&#10;        at java.util.concurrent.ScheduledThreadPoolExecutor$DelayedWorkQueue.take(ScheduledThreadPoolExecutor.java:809)&#10;        at java.util.concurrent.ThreadPoolExecutor.getTask(ThreadPoolExecutor.java:1074)&#10;        at java.util.concurrent.ThreadPoolExecutor.runWorker(ThreadPoolExecutor.java:1134)&#10;        at java.util.concurrent.ThreadPoolExecutor$Worker.run(ThreadPoolExecutor.java:624)&#10;        at java.lang.Thread.run(Thread.java:748)&#10;&quot;grpc-default-executor-0&quot; daemon prio=5 tid=745 timed_waiting&#10;java.lang.Thread.State: TIMED_WAITING&#10;        at sun.misc.Unsafe.park(Native Method)&#10;        at java.util.concurrent.locks.LockSupport.parkNanos(LockSupport.java:215)&#10;        at java.util.concurrent.SynchronousQueue$TransferStack.awaitFulfill(SynchronousQueue.java:460)&#10;        at java.util.concurrent.SynchronousQueue$TransferStack.transfer(SynchronousQueue.java:362)&#10;        at java.util.concurrent.SynchronousQueue.poll(SynchronousQueue.java:941)&#10;        at java.util.concurrent.ThreadPoolExecutor.getTask(ThreadPoolExecutor.java:1073)&#10;        at java.util.concurrent.ThreadPoolExecutor.runWorker(ThreadPoolExecutor.java:1134)&#10;        at java.util.concurrent.ThreadPoolExecutor$Worker.run(ThreadPoolExecutor.java:624)&#10;        at java.lang.Thread.run(Thread.java:748)&#10;&quot;EventQueue-PipelineReportForPipelineReportHandler&quot; daemon prio=5 tid=740 in Object.wait()&#10;java.lang.Thread.State: WAITING (on object monitor)&#10;        at sun.misc.Unsafe.park(Native Method)&#10;        at java.util.concurrent.locks.LockSupport.park(LockSupport.java:175)&#10;        at java.util.concurrent.locks.AbstractQueuedSynchronizer$ConditionObject.await(AbstractQueuedSynchronizer.java:2039)&#10;        at java.util.concurrent.LinkedBlockingQueue.take(LinkedBlockingQueue.java:442)&#10;        at java.util.concurrent.ThreadPoolExecutor.getTask(ThreadPoolExecutor.java:1074)&#10;        at java.util.concurrent.ThreadPoolExecutor.runWorker(ThreadPoolExecutor.java:1134)&#10;        at java.util.concurrent.ThreadPoolExecutor$Worker.run(ThreadPoolExecutor.java:624)&#10;        at java.lang.Thread.run(Thread.java:748)&#10;&quot;pool-86-thread-13&quot;  prio=5 tid=831 in Object.wait()&#10;java.lang.Thread.State: WAITING (on object monitor)&#10;        at sun.misc.Unsafe.park(Native Method)&#10;        at java.util.concurrent.locks.LockSupport.park(LockSupport.java:175)&#10;        at java.util.concurrent.locks.AbstractQueuedSynchronizer$ConditionObject.await(AbstractQueuedSynchronizer.java:2039)&#10;        at java.util.concurrent.ArrayBlockingQueue.take(ArrayBlockingQueue.java:403)&#10;        at java.util.concurrent.ThreadPoolExecutor.getTask(ThreadPoolExecutor.java:1074)&#10;        at java.util.concurrent.ThreadPoolExecutor.runWorker(ThreadPoolExecutor.java:1134)&#10;        at java.util.concurrent.ThreadPoolExecutor$Worker.run(ThreadPoolExecutor.java:624)&#10;        at java.lang.Thread.run(Thread.java:748)&#10;&quot;pool-86-thread-52&quot;  prio=5 tid=870 in Object.wait()&#10;java.lang.Thread.State: WAITING (on object monitor)&#10;        at sun.misc.Unsafe.park(Native Method)&#10;        at java.util.concurrent.locks.LockSupport.park(LockSupport.java:175)&#10;        at java.util.concurrent.locks.AbstractQueuedSynchronizer$ConditionObject.await(AbstractQueuedSynchronizer.java:2039)&#10;        at java.util.concurrent.ArrayBlockingQueue.take(ArrayBlockingQueue.java:403)&#10;        at java.util.concurrent.ThreadPoolExecutor.getTask(ThreadPoolExecutor.java:1074)&#10;        at java.util.concurrent.ThreadPoolExecutor.runWorker(ThreadPoolExecutor.java:1134)&#10;        at java.util.concurrent.ThreadPoolExecutor$Worker.run(ThreadPoolExecutor.java:624)&#10;        at java.lang.Thread.run(Thread.java:748)&#10;&quot;pool-26-thread-48&quot;  prio=5 tid=496 in Object.wait()&#10;java.lang.Thread.State: WAITING (on object monitor)&#10;        at sun.misc.Unsafe.park(Native Method)&#10;        at java.util.concurrent.locks.LockSupport.park(LockSupport.java:175)&#10;        at java.util.concurrent.locks.AbstractQueuedSynchronizer$ConditionObject.await(AbstractQueuedSynchronizer.java:2039)&#10;        at java.util.concurrent.ArrayBlockingQueue.take(ArrayBlockingQueue.java:403)&#10;        at java.util.concurrent.ThreadPoolExecutor.getTask(ThreadPoolExecutor.java:1074)&#10;        at java.util.concurrent.ThreadPoolExecutor.runWorker(ThreadPoolExecutor.java:1134)&#10;        at java.util.concurrent.ThreadPoolExecutor$Worker.run(ThreadPoolExecutor.java:624)&#10;        at java.lang.Thread.run(Thread.java:748)&#10;&quot;DataNode DiskChecker thread 0&quot; daemon prio=5 tid=236 timed_waiting&#10;java.lang.Thread.State: TIMED_WAITING&#10;        at sun.misc.Unsafe.park(Native Method)&#10;        at java.util.concurrent.locks.LockSupport.parkNanos(LockSupport.java:215)&#10;        at java.util.concurrent.SynchronousQueue$TransferStack.awaitFulfill(SynchronousQueue.java:460)&#10;        at java.util.concurrent.SynchronousQueue$TransferStack.transfer(SynchronousQueue.java:362)&#10;        at java.util.concurrent.SynchronousQueue.poll(SynchronousQueue.java:941)&#10;        at java.util.concurrent.ThreadPoolExecutor.getTask(ThreadPoolExecutor.java:1073)&#10;        at java.util.concurrent.ThreadPoolExecutor.runWorker(ThreadPoolExecutor.java:1134)&#10;        at java.util.concurrent.ThreadPoolExecutor$Worker.run(ThreadPoolExecutor.java:624)&#10;        at java.lang.Thread.run(Thread.java:748)&#10;&quot;Timer-1&quot; daemon prio=5 tid=149 timed_waiting&#10;java.lang.Thread.State: TIMED_WAITING&#10;        at java.lang.Object.wait(Native Method)&#10;        at java.util.TimerThread.mainLoop(Timer.java:552)&#10;        at java.util.TimerThread.run(Timer.java:505)&#10;&quot;IPC Server handler 5 on 37221&quot; daemon prio=5 tid=120 timed_waiting&#10;java.lang.Thread.State: TIMED_WAITING&#10;        at sun.misc.Unsafe.park(Native Method)&#10;        at java.util.concurrent.locks.LockSupport.parkNanos(LockSupport.java:215)&#10;        at java.util.concurrent.locks.AbstractQueuedSynchronizer$ConditionObject.awaitNanos(AbstractQueuedSynchronizer.java:2078)&#10;        at java.util.concurrent.LinkedBlockingQueue.poll(LinkedBlockingQueue.java:467)&#10;        at org.apache.hadoop.ipc.CallQueueManager.take(CallQueueManager.java:288)&#10;        at org.apache.hadoop.ipc.Server$Handler.run(Server.java:2668)&#10;&quot;pool-26-thread-21&quot;  prio=5 tid=408 in Object.wait()&#10;java.lang.Thread.State: WAITING (on object monitor)&#10;        at sun.misc.Unsafe.park(Native Method)&#10;        at java.util.concurrent.locks.LockSupport.park(LockSupport.java:175)&#10;        at java.util.concurrent.locks.AbstractQueuedSynchronizer$ConditionObject.await(AbstractQueuedSynchronizer.java:2039)&#10;        at java.util.concurrent.ArrayBlockingQueue.take(ArrayBlockingQueue.java:403)&#10;        at java.util.concurrent.ThreadPoolExecutor.getTask(ThreadPoolExecutor.java:1074)&#10;        at java.util.concurrent.ThreadPoolExecutor.runWorker(ThreadPoolExecutor.java:1134)&#10;        at java.util.concurrent.ThreadPoolExecutor$Worker.run(ThreadPoolExecutor.java:624)&#10;        at java.lang.Thread.run(Thread.java:748)&#10;&quot;grpc-default-worker-ELG-3-1&quot; daemon prio=5 tid=744 runnable&#10;java.lang.Thread.State: RUNNABLE&#10;        at sun.nio.ch.EPollArrayWrapper.epollWait(Native Method)&#10;        at sun.nio.ch.EPollArrayWrapper.poll(EPollArrayWrapper.java:269)&#10;        at sun.nio.ch.EPollSelectorImpl.doSelect(EPollSelectorImpl.java:93)&#10;        at sun.nio.ch.SelectorImpl.lockAndDoSelect(SelectorImpl.java:86)&#10;        at sun.nio.ch.SelectorImpl.select(SelectorImpl.java:97)&#10;        at org.apache.ratis.thirdparty.io.netty.channel.nio.SelectedSelectionKeySetSelector.select(SelectedSelectionKeySetSelector.java:62)&#10;        at org.apache.ratis.thirdparty.io.netty.channel.nio.NioEventLoop.select(NioEventLoop.java:753)&#10;        at org.apache.ratis.thirdparty.io.netty.channel.nio.NioEventLoop.run(NioEventLoop.java:408)&#10;        at org.apache.ratis.thirdparty.io.netty.util.concurrent.SingleThreadEventExecutor$5.run(SingleThreadEventExecutor.java:897)&#10;        at org.apache.ratis.thirdparty.io.netty.util.concurrent.FastThreadLocalRunnable.run(FastThreadLocalRunnable.java:30)&#10;        at java.lang.Thread.run(Thread.java:748)&#10;&quot;pool-86-thread-27&quot;  prio=5 tid=845 in Object.wait()&#10;java.lang.Thread.State: WAITING (on object monitor)&#10;        at sun.misc.Unsafe.park(Native Method)&#10;        at java.util.concurrent.locks.LockSupport.park(LockSupport.java:175)&#10;        at java.util.concurrent.locks.AbstractQueuedSynchronizer$ConditionObject.await(AbstractQueuedSynchronizer.java:2039)&#10;        at java.util.concurrent.ArrayBlockingQueue.take(ArrayBlockingQueue.java:403)&#10;        at java.util.concurrent.ThreadPoolExecutor.getTask(ThreadPoolExecutor.java:1074)&#10;        at java.util.concurrent.ThreadPoolExecutor.runWorker(ThreadPoolExecutor.java:1134)&#10;        at java.util.concurrent.ThreadPoolExecutor$Worker.run(ThreadPoolExecutor.java:624)&#10;        at java.lang.Thread.run(Thread.java:748)&#10;&quot;pool-46-thread-12&quot;  prio=5 tid=356 in Object.wait()&#10;java.lang.Thread.State: WAITING (on object monitor)&#10;        at sun.misc.Unsafe.park(Native Method)&#10;        at java.util.concurrent.locks.LockSupport.park(LockSupport.java:175)&#10;        at java.util.concurrent.locks.AbstractQueuedSynchronizer$ConditionObject.await(AbstractQueuedSynchronizer.java:2039)&#10;        at java.util.concurrent.ArrayBlockingQueue.take(ArrayBlockingQueue.java:403)&#10;        at java.util.concurrent.ThreadPoolExecutor.getTask(ThreadPoolExecutor.java:1074)&#10;        at java.util.concurrent.ThreadPoolExecutor.runWorker(ThreadPoolExecutor.java:1134)&#10;        at java.util.concurrent.ThreadPoolExecutor$Worker.run(ThreadPoolExecutor.java:624)&#10;        at java.lang.Thread.run(Thread.java:748)&#10;&quot;IPC Server listener on 40878&quot; daemon prio=5 tid=18 runnable&#10;java.lang.Thread.State: RUNNABLE&#10;        at sun.nio.ch.EPollArrayWrapper.epollWait(Native Method)&#10;        at sun.nio.ch.EPollArrayWrapper.poll(EPollArrayWrapper.java:269)&#10;        at sun.nio.ch.EPollSelectorImpl.doSelect(EPollSelectorImpl.java:93)&#10;        at sun.nio.ch.SelectorImpl.lockAndDoSelect(SelectorImpl.java:86)&#10;        at sun.nio.ch.SelectorImpl.select(SelectorImpl.java:97)&#10;        at sun.nio.ch.SelectorImpl.select(SelectorImpl.java:101)&#10;        at org.apache.hadoop.ipc.Server$Listener.run(Server.java:1159)&#10;&quot;pool-106-thread-15&quot;  prio=5 tid=994 in Object.wait()&#10;java.lang.Thread.State: WAITING (on object monitor)&#10;        at sun.misc.Unsafe.park(Native Method)&#10;        at java.util.concurrent.locks.LockSupport.park(LockSupport.java:175)&#10;        at java.util.concurrent.locks.AbstractQueuedSynchronizer$ConditionObject.await(AbstractQueuedSynchronizer.java:2039)&#10;        at java.util.concurrent.ArrayBlockingQueue.take(ArrayBlockingQueue.java:403)&#10;        at java.util.concurrent.ThreadPoolExecutor.getTask(ThreadPoolExecutor.java:1074)&#10;        at java.util.concurrent.ThreadPoolExecutor.runWorker(ThreadPoolExecutor.java:1134)&#10;        at java.util.concurrent.ThreadPoolExecutor$Worker.run(ThreadPoolExecutor.java:624)&#10;        at java.lang.Thread.run(Thread.java:748)&#10;&quot;PartialTableCache Cleanup Thread - 0&quot; daemon prio=5 tid=1208 in Object.wait()&#10;java.lang.Thread.State: WAITING (on object monitor)&#10;        at sun.misc.Unsafe.park(Native Method)&#10;        at java.util.concurrent.locks.LockSupport.park(LockSupport.java:175)&#10;        at java.util.concurrent.locks.AbstractQueuedSynchronizer$ConditionObject.await(AbstractQueuedSynchronizer.java:2039)&#10;        at java.util.concurrent.LinkedBlockingQueue.take(LinkedBlockingQueue.java:442)&#10;        at java.util.concurrent.ThreadPoolExecutor.getTask(ThreadPoolExecutor.java:1074)&#10;        at java.util.concurrent.ThreadPoolExecutor.runWorker(ThreadPoolExecutor.java:1134)&#10;        at java.util.concurrent.ThreadPoolExecutor$Worker.run(ThreadPoolExecutor.java:624)&#10;        at java.lang.Thread.run(Thread.java:748)&#10;&quot;pool-117-thread-49&quot;  prio=5 tid=1108 in Object.wait()&#10;java.lang.Thread.State: WAITING (on object monitor)&#10;        at sun.misc.Unsafe.park(Native Method)&#10;        at java.util.concurrent.locks.LockSupport.park(LockSupport.java:175)&#10;        at java.util.concurrent.locks.AbstractQueuedSynchronizer$ConditionObject.await(AbstractQueuedSynchronizer.java:2039)&#10;        at java.util.concurrent.ArrayBlockingQueue.take(ArrayBlockingQueue.java:403)&#10;        at java.util.concurrent.ThreadPoolExecutor.getTask(ThreadPoolExecutor.java:1074)&#10;        at java.util.concurrent.ThreadPoolExecutor.runWorker(ThreadPoolExecutor.java:1134)&#10;        at java.util.concurrent.ThreadPoolExecutor$Worker.run(ThreadPoolExecutor.java:624)&#10;        at java.lang.Thread.run(Thread.java:748)&#10;&quot;pool-66-thread-43&quot;  prio=5 tid=688 in Object.wait()&#10;java.lang.Thread.State: WAITING (on object monitor)&#10;        at sun.misc.Unsafe.park(Native Method)&#10;        at java.util.concurrent.locks.LockSupport.park(LockSupport.java:175)&#10;        at java.util.concurrent.locks.AbstractQueuedSynchronizer$ConditionObject.await(AbstractQueuedSynchronizer.java:2039)&#10;        at java.util.concurrent.ArrayBlockingQueue.take(ArrayBlockingQueue.java:403)&#10;        at java.util.concurrent.ThreadPoolExecutor.getTask(ThreadPoolExecutor.java:1074)&#10;        at java.util.concurrent.ThreadPoolExecutor.runWorker(ThreadPoolExecutor.java:1134)&#10;        at java.util.concurrent.ThreadPoolExecutor$Worker.run(ThreadPoolExecutor.java:624)&#10;        at java.lang.Thread.run(Thread.java:748)&#10;&quot;Datanode ReportManager Thread - 0&quot; daemon prio=5 tid=603 in Object.wait()&#10;java.lang.Thread.State: WAITING (on object monitor)&#10;        at sun.misc.Unsafe.park(Native Method)&#10;        at java.util.concurrent.locks.LockSupport.park(LockSupport.java:175)&#10;        at java.util.concurrent.locks.AbstractQueuedSynchronizer$ConditionObject.await(AbstractQueuedSynchronizer.java:2039)&#10;        at java.util.concurrent.ScheduledThreadPoolExecutor$DelayedWorkQueue.take(ScheduledThreadPoolExecutor.java:1088)&#10;        at java.util.concurrent.ScheduledThreadPoolExecutor$DelayedWorkQueue.take(ScheduledThreadPoolExecutor.java:809)&#10;        at java.util.concurrent.ThreadPoolExecutor.getTask(ThreadPoolExecutor.java:1074)&#10;        at java.util.concurrent.ThreadPoolExecutor.runWorker(ThreadPoolExecutor.java:1134)&#10;        at java.util.concurrent.ThreadPoolExecutor$Worker.run(ThreadPoolExecutor.java:624)&#10;        at java.lang.Thread.run(Thread.java:748)&#10;&quot;pool-96-thread-60&quot;  prio=5 tid=942 in Object.wait()&#10;java.lang.Thread.State: WAITING (on object monitor)&#10;        at sun.misc.Unsafe.park(Native Method)&#10;        at java.util.concurrent.locks.LockSupport.park(LockSupport.java:175)&#10;        at java.util.concurrent.locks.AbstractQueuedSynchronizer$ConditionObject.await(AbstractQueuedSynchronizer.java:2039)&#10;        at java.util.concurrent.ArrayBlockingQueue.take(ArrayBlockingQueue.java:403)&#10;        at java.util.concurrent.ThreadPoolExecutor.getTask(ThreadPoolExecutor.java:1074)&#10;        at java.util.concurrent.ThreadPoolExecutor.runWorker(ThreadPoolExecutor.java:1134)&#10;        at java.util.concurrent.ThreadPoolExecutor$Worker.run(ThreadPoolExecutor.java:624)&#10;        at java.lang.Thread.run(Thread.java:748)&#10;&quot;Thread-414&quot; daemon prio=5 tid=1291 timed_waiting&#10;java.lang.Thread.State: TIMED_WAITING&#10;        at java.lang.Thread.sleep(Native Method)&#10;        at org.apache.ratis.util.JavaUtils.sleep(JavaUtils.java:247)&#10;        at org.apache.ratis.server.impl.FollowerState.run(FollowerState.java:97)&#10;&quot;pool-66-thread-5&quot;  prio=5 tid=641 in Object.wait()&#10;java.lang.Thread.State: WAITING (on object monitor)&#10;        at sun.misc.Unsafe.park(Native Method)&#10;        at java.util.concurrent.locks.LockSupport.park(LockSupport.java:175)&#10;        at java.util.concurrent.locks.AbstractQueuedSynchronizer$ConditionObject.await(AbstractQueuedSynchronizer.java:2039)&#10;        at java.util.concurrent.ArrayBlockingQueue.take(ArrayBlockingQueue.java:403)&#10;        at java.util.concurrent.ThreadPoolExecutor.getTask(ThreadPoolExecutor.java:1074)&#10;        at java.util.concurrent.ThreadPoolExecutor.runWorker(ThreadPoolExecutor.java:1134)&#10;        at java.util.concurrent.ThreadPoolExecutor$Worker.run(ThreadPoolExecutor.java:624)&#10;        at java.lang.Thread.run(Thread.java:748)&#10;&quot;Command processor thread&quot; daemon prio=5 tid=313 timed_waiting&#10;java.lang.Thread.State: TIMED_WAITING&#10;        at java.lang.Thread.sleep(Native Method)&#10;        at org.apache.hadoop.ozone.container.common.statemachine.DatanodeStateMachine.lambda$initCommandHandlerThread$1(DatanodeStateMachine.java:439)&#10;        at org.apache.hadoop.ozone.container.common.statemachine.DatanodeStateMachine$$Lambda$141/1487479796.run(Unknown Source)&#10;        at java.lang.Thread.run(Thread.java:748)&#10;&quot;metrics-hadoop-metrics2-reporter-3-thread-1&quot; daemon prio=5 tid=817 timed_waiting&#10;java.lang.Thread.State: TIMED_WAITING&#10;        at sun.misc.Unsafe.park(Native Method)&#10;        at java.util.concurrent.locks.LockSupport.parkNanos(LockSupport.java:215)&#10;        at java.util.concurrent.locks.AbstractQueuedSynchronizer$ConditionObject.awaitNanos(AbstractQueuedSynchronizer.java:2078)&#10;        at java.util.concurrent.ScheduledThreadPoolExecutor$DelayedWorkQueue.take(ScheduledThreadPoolExecutor.java:1093)&#10;        at java.util.concurrent.ScheduledThreadPoolExecutor$DelayedWorkQueue.take(ScheduledThreadPoolExecutor.java:809)&#10;        at java.util.concurrent.ThreadPoolExecutor.getTask(ThreadPoolExecutor.java:1074)&#10;        at java.util.concurrent.ThreadPoolExecutor.runWorker(ThreadPoolExecutor.java:1134)&#10;        at java.util.concurrent.ThreadPoolExecutor$Worker.run(ThreadPoolExecutor.java:624)&#10;        at java.lang.Thread.run(Thread.java:748)&#10;&quot;pool-26-thread-59&quot;  prio=5 tid=545 in Object.wait()&#10;java.lang.Thread.State: WAITING (on object monitor)&#10;        at sun.misc.Unsafe.park(Native Method)&#10;        at java.util.concurrent.locks.LockSupport.park(LockSupport.java:175)&#10;        at java.util.concurrent.locks.AbstractQueuedSynchronizer$ConditionObject.await(AbstractQueuedSynchronizer.java:2039)&#10;        at java.util.concurrent.ArrayBlockingQueue.take(ArrayBlockingQueue.java:403)&#10;        at java.util.concurrent.ThreadPoolExecutor.getTask(ThreadPoolExecutor.java:1074)&#10;        at java.util.concurrent.ThreadPoolExecutor.runWorker(ThreadPoolExecutor.java:1134)&#10;        at java.util.concurrent.ThreadPoolExecutor$Worker.run(ThreadPoolExecutor.java:624)&#10;        at java.lang.Thread.run(Thread.java:748)&#10;&quot;pool-86-thread-3&quot;  prio=5 tid=821 in Object.wait()&#10;java.lang.Thread.State: WAITING (on object monitor)&#10;        at sun.misc.Unsafe.park(Native Method)&#10;        at java.util.concurrent.locks.LockSupport.park(LockSupport.java:175)&#10;        at java.util.concurrent.locks.AbstractQueuedSynchronizer$ConditionObject.await(AbstractQueuedSynchronizer.java:2039)&#10;        at java.util.concurrent.ArrayBlockingQueue.take(ArrayBlockingQueue.java:403)&#10;        at java.util.concurrent.ThreadPoolExecutor.getTask(ThreadPoolExecutor.java:1074)&#10;        at java.util.concurrent.ThreadPoolExecutor.runWorker(ThreadPoolExecutor.java:1134)&#10;        at java.util.concurrent.ThreadPoolExecutor$Worker.run(ThreadPoolExecutor.java:624)&#10;        at java.lang.Thread.run(Thread.java:748)&#10;&quot;Datanode ReportManager Thread - 3&quot; daemon prio=5 tid=731 in Object.wait()&#10;java.lang.Thread.State: WAITING (on object monitor)&#10;        at sun.misc.Unsafe.park(Native Method)&#10;        at java.util.concurrent.locks.LockSupport.park(LockSupport.java:175)&#10;        at java.util.concurrent.locks.AbstractQueuedSynchronizer$ConditionObject.await(AbstractQueuedSynchronizer.java:2039)&#10;        at java.util.concurrent.ScheduledThreadPoolExecutor$DelayedWorkQueue.take(ScheduledThreadPoolExecutor.java:1088)&#10;        at java.util.concurrent.ScheduledThreadPoolExecutor$DelayedWorkQueue.take(ScheduledThreadPoolExecutor.java:809)&#10;        at java.util.concurrent.ThreadPoolExecutor.getTask(ThreadPoolExecutor.java:1074)&#10;        at java.util.concurrent.ThreadPoolExecutor.runWorker(ThreadPoolExecutor.java:1134)&#10;        at java.util.concurrent.ThreadPoolExecutor$Worker.run(ThreadPoolExecutor.java:624)&#10;        at java.lang.Thread.run(Thread.java:748)&#10;&quot;qtp856047451-626&quot; daemon prio=5 tid=626 timed_waiting&#10;java.lang.Thread.State: TIMED_WAITING&#10;        at sun.misc.Unsafe.park(Native Method)&#10;        at java.util.concurrent.locks.LockSupport.parkNanos(LockSupport.java:215)&#10;        at java.util.concurrent.locks.AbstractQueuedSynchronizer$ConditionObject.awaitNanos(AbstractQueuedSynchronizer.java:2078)&#10;        at org.eclipse.jetty.util.BlockingArrayQueue.poll(BlockingArrayQueue.java:392)&#10;        at org.eclipse.jetty.util.thread.QueuedThreadPool.idleJobPoll(QueuedThreadPool.java:563)&#10;        at org.eclipse.jetty.util.thread.QueuedThreadPool.access$800(QueuedThreadPool.java:48)&#10;        at org.eclipse.jetty.util.thread.QueuedThreadPool$2.run(QueuedThreadPool.java:626)&#10;        at java.lang.Thread.run(Thread.java:748)&#10;&quot;pool-36-thread-58&quot;  prio=5 tid=577 in Object.wait()&#10;java.lang.Thread.State: WAITING (on object monitor)&#10;        at sun.misc.Unsafe.park(Native Method)&#10;        at java.util.concurrent.locks.LockSupport.park(LockSupport.java:175)&#10;        at java.util.concurrent.locks.AbstractQueuedSynchronizer$ConditionObject.await(AbstractQueuedSynchronizer.java:2039)&#10;        at java.util.concurrent.ArrayBlockingQueue.take(ArrayBlockingQueue.java:403)&#10;        at java.util.concurrent.ThreadPoolExecutor.getTask(ThreadPoolExecutor.java:1074)&#10;        at java.util.concurrent.ThreadPoolExecutor.runWorker(ThreadPoolExecutor.java:1134)&#10;        at java.util.concurrent.ThreadPoolExecutor$Worker.run(ThreadPoolExecutor.java:624)&#10;        at java.lang.Thread.run(Thread.java:748)&#10;&quot;Datanode ReportManager Thread - 0&quot; daemon prio=5 tid=225 in Object.wait()&#10;java.lang.Thread.State: WAITING (on object monitor)&#10;        at sun.misc.Unsafe.park(Native Method)&#10;        at java.util.concurrent.locks.LockSupport.park(LockSupport.java:175)&#10;        at java.util.concurrent.locks.AbstractQueuedSynchronizer$ConditionObject.await(AbstractQueuedSynchronizer.java:2039)&#10;        at java.util.concurrent.ScheduledThreadPoolExecutor$DelayedWorkQueue.take(ScheduledThreadPoolExecutor.java:1088)&#10;        at java.util.concurrent.ScheduledThreadPoolExecutor$DelayedWorkQueue.take(ScheduledThreadPoolExecutor.java:809)&#10;        at java.util.concurrent.ThreadPoolExecutor.getTask(ThreadPoolExecutor.java:1074)&#10;        at java.util.concurrent.ThreadPoolExecutor.runWorker(ThreadPoolExecutor.java:1134)&#10;        at java.util.concurrent.ThreadPoolExecutor$Worker.run(ThreadPoolExecutor.java:624)&#10;        at java.lang.Thread.run(Thread.java:748)&#10;&quot;pool-117-thread-29&quot;  prio=5 tid=1088 in Object.wait()&#10;java.lang.Thread.State: WAITING (on object monitor)&#10;        at sun.misc.Unsafe.park(Native Method)&#10;        at java.util.concurrent.locks.LockSupport.park(LockSupport.java:175)&#10;        at java.util.concurrent.locks.AbstractQueuedSynchronizer$ConditionObject.await(AbstractQueuedSynchronizer.java:2039)&#10;        at java.util.concurrent.ArrayBlockingQueue.take(ArrayBlockingQueue.java:403)&#10;        at java.util.concurrent.ThreadPoolExecutor.getTask(ThreadPoolExecutor.java:1074)&#10;        at java.util.concurrent.ThreadPoolExecutor.runWorker(ThreadPoolExecutor.java:1134)&#10;        at java.util.concurrent.ThreadPoolExecutor$Worker.run(ThreadPoolExecutor.java:624)&#10;        at java.lang.Thread.run(Thread.java:748)&#10;&quot;pool-86-thread-10&quot;  prio=5 tid=828 in Object.wait()&#10;java.lang.Thread.State: WAITING (on object monitor)&#10;        at sun.misc.Unsafe.park(Native Method)&#10;        at java.util.concurrent.locks.LockSupport.park(LockSupport.java:175)&#10;        at java.util.concurrent.locks.AbstractQueuedSynchronizer$ConditionObject.await(AbstractQueuedSynchronizer.java:2039)&#10;        at java.util.concurrent.ArrayBlockingQueue.take(ArrayBlockingQueue.java:403)&#10;        at java.util.concurrent.ThreadPoolExecutor.getTask(ThreadPoolExecutor.java:1074)&#10;        at java.util.concurrent.ThreadPoolExecutor.runWorker(ThreadPoolExecutor.java:1134)&#10;        at java.util.concurrent.ThreadPoolExecutor$Worker.run(ThreadPoolExecutor.java:624)&#10;        at java.lang.Thread.run(Thread.java:748)&#10;&quot;pool-66-thread-41&quot;  prio=5 tid=685 in Object.wait()&#10;java.lang.Thread.State: WAITING (on object monitor)&#10;        at sun.misc.Unsafe.park(Native Method)&#10;        at java.util.concurrent.locks.LockSupport.park(LockSupport.java:175)&#10;        at java.util.concurrent.locks.AbstractQueuedSynchronizer$ConditionObject.await(AbstractQueuedSynchronizer.java:2039)&#10;        at java.util.concurrent.ArrayBlockingQueue.take(ArrayBlockingQueue.java:403)&#10;        at java.util.concurrent.ThreadPoolExecutor.getTask(ThreadPoolExecutor.java:1074)&#10;        at java.util.concurrent.ThreadPoolExecutor.runWorker(ThreadPoolExecutor.java:1134)&#10;        at java.util.concurrent.ThreadPoolExecutor$Worker.run(ThreadPoolExecutor.java:624)&#10;        at java.lang.Thread.run(Thread.java:748)&#10;&quot;BlockDeletingService#1&quot; daemon prio=5 tid=1045 in Object.wait()&#10;java.lang.Thread.State: WAITING (on object monitor)&#10;        at sun.misc.Unsafe.park(Native Method)&#10;        at java.util.concurrent.locks.LockSupport.park(LockSupport.java:175)&#10;        at java.util.concurrent.locks.AbstractQueuedSynchronizer$ConditionObject.await(AbstractQueuedSynchronizer.java:2039)&#10;        at java.util.concurrent.ScheduledThreadPoolExecutor$DelayedWorkQueue.take(ScheduledThreadPoolExecutor.java:1088)&#10;        at java.util.concurrent.ScheduledThreadPoolExecutor$DelayedWorkQueue.take(ScheduledThreadPoolExecutor.java:809)&#10;        at java.util.concurrent.ThreadPoolExecutor.getTask(ThreadPoolExecutor.java:1074)&#10;        at java.util.concurrent.ThreadPoolExecutor.runWorker(ThreadPoolExecutor.java:1134)&#10;        at java.util.concurrent.ThreadPoolExecutor$Worker.run(ThreadPoolExecutor.java:624)&#10;        at java.lang.Thread.run(Thread.java:748)&#10;&quot;Command processor thread&quot; daemon prio=5 tid=229 timed_waiting&#10;java.lang.Thread.State: TIMED_WAITING&#10;        at java.lang.Thread.sleep(Native Method)&#10;        at org.apache.hadoop.ozone.container.common.statemachine.DatanodeStateMachine.lambda$initCommandHandlerThread$1(DatanodeStateMachine.java:439)&#10;        at org.apache.hadoop.ozone.container.common.statemachine.DatanodeStateMachine$$Lambda$141/1487479796.run(Unknown Source)&#10;        at java.lang.Thread.run(Thread.java:748)&#10;&quot;Datanode ReportManager Thread - 2&quot; daemon prio=5 tid=254 in Object.wait()&#10;java.lang.Thread.State: WAITING (on object monitor)&#10;        at sun.misc.Unsafe.park(Native Method)&#10;        at java.util.concurrent.locks.LockSupport.park(LockSupport.java:175)&#10;        at java.util.concurrent.locks.AbstractQueuedSynchronizer$ConditionObject.await(AbstractQueuedSynchronizer.java:2039)&#10;        at java.util.concurrent.ScheduledThreadPoolExecutor$DelayedWorkQueue.take(ScheduledThreadPoolExecutor.java:1088)&#10;        at java.util.concurrent.ScheduledThreadPoolExecutor$DelayedWorkQueue.take(ScheduledThreadPoolExecutor.java:809)&#10;        at java.util.concurrent.ThreadPoolExecutor.getTask(ThreadPoolExecutor.java:1074)&#10;        at java.util.concurrent.ThreadPoolExecutor.runWorker(ThreadPoolExecutor.java:1134)&#10;        at java.util.concurrent.ThreadPoolExecutor$Worker.run(ThreadPoolExecutor.java:624)&#10;        at java.lang.Thread.run(Thread.java:748)&#10;&quot;EventQueue-IncrementalContainerReportForIncrementalContainerReportHandler&quot; daemon prio=5 tid=1247 in Object.wait()&#10;java.lang.Thread.State: WAITING (on object monitor)&#10;        at sun.misc.Unsafe.park(Native Method)&#10;        at java.util.concurrent.locks.LockSupport.park(LockSupport.java:175)&#10;        at java.util.concurrent.locks.AbstractQueuedSynchronizer$ConditionObject.await(AbstractQueuedSynchronizer.java:2039)&#10;        at java.util.concurrent.LinkedBlockingQueue.take(LinkedBlockingQueue.java:442)&#10;        at java.util.concurrent.ThreadPoolExecutor.getTask(ThreadPoolExecutor.java:1074)&#10;        at java.util.concurrent.ThreadPoolExecutor.runWorker(ThreadPoolExecutor.java:1134)&#10;        at java.util.concurrent.ThreadPoolExecutor$Worker.run(ThreadPoolExecutor.java:624)&#10;        at java.lang.Thread.run(Thread.java:748)&#10;&quot;IPC Client (981159997) connection to /0.0.0.0:40878 from jenkins1000&quot; daemon prio=5 tid=1210 timed_waiting&#10;java.lang.Thread.State: TIMED_WAITING&#10;        at java.lang.Object.wait(Native Method)&#10;        at org.apache.hadoop.ipc.Client$Connection.waitForWork(Client.java:1024)&#10;        at org.apache.hadoop.ipc.Client$Connection.run(Client.java:1068)&#10;&quot;pool-46-thread-43&quot;  prio=5 tid=522 in Object.wait()&#10;java.lang.Thread.State: WAITING (on object monitor)&#10;        at sun.misc.Unsafe.park(Native Method)&#10;        at java.util.concurrent.locks.LockSupport.park(LockSupport.java:175)&#10;        at java.util.concurrent.locks.AbstractQueuedSynchronizer$ConditionObject.await(AbstractQueuedSynchronizer.java:2039)&#10;        at java.util.concurrent.ArrayBlockingQueue.take(ArrayBlockingQueue.java:403)&#10;        at java.util.concurrent.ThreadPoolExecutor.getTask(ThreadPoolExecutor.java:1074)&#10;        at java.util.concurrent.ThreadPoolExecutor.runWorker(ThreadPoolExecutor.java:1134)&#10;        at java.util.concurrent.ThreadPoolExecutor$Worker.run(ThreadPoolExecutor.java:624)&#10;        at java.lang.Thread.run(Thread.java:748)&#10;&quot;org.eclipse.jetty.server.session.HashSessionManager@62dbe64eTimer&quot; daemon prio=5 tid=196 timed_waiting&#10;java.lang.Thread.State: TIMED_WAITING&#10;        at sun.misc.Unsafe.park(Native Method)&#10;        at java.util.concurrent.locks.LockSupport.parkNanos(LockSupport.java:215)&#10;        at java.util.concurrent.locks.AbstractQueuedSynchronizer$ConditionObject.awaitNanos(AbstractQueuedSynchronizer.java:2078)&#10;        at java.util.concurrent.ScheduledThreadPoolExecutor$DelayedWorkQueue.take(ScheduledThreadPoolExecutor.java:1093)&#10;        at java.util.concurrent.ScheduledThreadPoolExecutor$DelayedWorkQueue.take(ScheduledThreadPoolExecutor.java:809)&#10;        at java.util.concurrent.ThreadPoolExecutor.getTask(ThreadPoolExecutor.java:1074)&#10;        at java.util.concurrent.ThreadPoolExecutor.runWorker(ThreadPoolExecutor.java:1134)&#10;        at java.util.concurrent.ThreadPoolExecutor$Worker.run(ThreadPoolExecutor.java:624)&#10;        at java.lang.Thread.run(Thread.java:748)&#10;&quot;pool-76-thread-48&quot;  prio=5 tid=794 in Object.wait()&#10;java.lang.Thread.State: WAITING (on object monitor)&#10;        at sun.misc.Unsafe.park(Native Method)&#10;        at java.util.concurrent.locks.LockSupport.park(LockSupport.java:175)&#10;        at java.util.concurrent.locks.AbstractQueuedSynchronizer$ConditionObject.await(AbstractQueuedSynchronizer.java:2039)&#10;        at java.util.concurrent.ArrayBlockingQueue.take(ArrayBlockingQueue.java:403)&#10;        at java.util.concurrent.ThreadPoolExecutor.getTask(ThreadPoolExecutor.java:1074)&#10;        at java.util.concurrent.ThreadPoolExecutor.runWorker(ThreadPoolExecutor.java:1134)&#10;        at java.util.concurrent.ThreadPoolExecutor$Worker.run(ThreadPoolExecutor.java:624)&#10;        at java.lang.Thread.run(Thread.java:748)&#10;&quot;Datanode ReportManager Thread - 0&quot; daemon prio=5 tid=198 in Object.wait()&#10;java.lang.Thread.State: WAITING (on object monitor)&#10;        at sun.misc.Unsafe.park(Native Method)&#10;        at java.util.concurrent.locks.LockSupport.park(LockSupport.java:175)&#10;        at java.util.concurrent.locks.AbstractQueuedSynchronizer$ConditionObject.await(AbstractQueuedSynchronizer.java:2039)&#10;        at java.util.concurrent.ScheduledThreadPoolExecutor$DelayedWorkQueue.take(ScheduledThreadPoolExecutor.java:1088)&#10;        at java.util.concurrent.ScheduledThreadPoolExecutor$DelayedWorkQueue.take(ScheduledThreadPoolExecutor.java:809)&#10;        at java.util.concurrent.ThreadPoolExecutor.getTask(ThreadPoolExecutor.java:1074)&#10;        at java.util.concurrent.ThreadPoolExecutor.runWorker(ThreadPoolExecutor.java:1134)&#10;        at java.util.concurrent.ThreadPoolExecutor$Worker.run(ThreadPoolExecutor.java:624)&#10;        at java.lang.Thread.run(Thread.java:748)&#10;&quot;pool-56-thread-30&quot;  prio=5 tid=464 in Object.wait()&#10;java.lang.Thread.State: WAITING (on object monitor)&#10;        at sun.misc.Unsafe.park(Native Method)&#10;        at java.util.concurrent.locks.LockSupport.park(LockSupport.java:175)&#10;        at java.util.concurrent.locks.AbstractQueuedSynchronizer$ConditionObject.await(AbstractQueuedSynchronizer.java:2039)&#10;        at java.util.concurrent.ArrayBlockingQueue.take(ArrayBlockingQueue.java:403)&#10;        at java.util.concurrent.ThreadPoolExecutor.getTask(ThreadPoolExecutor.java:1074)&#10;        at java.util.concurrent.ThreadPoolExecutor.runWorker(ThreadPoolExecutor.java:1134)&#10;        at java.util.concurrent.ThreadPoolExecutor$Worker.run(ThreadPoolExecutor.java:624)&#10;        at java.lang.Thread.run(Thread.java:748)&#10;&quot;pool-56-thread-48&quot;  prio=5 tid=532 in Object.wait()&#10;java.lang.Thread.State: WAITING (on object monitor)&#10;        at sun.misc.Unsafe.park(Native Method)&#10;        at java.util.concurrent.locks.LockSupport.park(LockSupport.java:175)&#10;        at java.util.concurrent.locks.AbstractQueuedSynchronizer$ConditionObject.await(AbstractQueuedSynchronizer.java:2039)&#10;        at java.util.concurrent.ArrayBlockingQueue.take(ArrayBlockingQueue.java:403)&#10;        at java.util.concurrent.ThreadPoolExecutor.getTask(ThreadPoolExecutor.java:1074)&#10;        at java.util.concurrent.ThreadPoolExecutor.runWorker(ThreadPoolExecutor.java:1134)&#10;        at java.util.concurrent.ThreadPoolExecutor$Worker.run(ThreadPoolExecutor.java:624)&#10;        at java.lang.Thread.run(Thread.java:748)&#10;&quot;pool-117-thread-23&quot;  prio=5 tid=1082 in Object.wait()&#10;java.lang.Thread.State: WAITING (on object monitor)&#10;        at sun.misc.Unsafe.park(Native Method)&#10;        at java.util.concurrent.locks.LockSupport.park(LockSupport.java:175)&#10;        at java.util.concurrent.locks.AbstractQueuedSynchronizer$ConditionObject.await(AbstractQueuedSynchronizer.java:2039)&#10;        at java.util.concurrent.ArrayBlockingQueue.take(ArrayBlockingQueue.java:403)&#10;        at java.util.concurrent.ThreadPoolExecutor.getTask(ThreadPoolExecutor.java:1074)&#10;        at java.util.concurrent.ThreadPoolExecutor.runWorker(ThreadPoolExecutor.java:1134)&#10;        at java.util.concurrent.ThreadPoolExecutor$Worker.run(ThreadPoolExecutor.java:624)&#10;        at java.lang.Thread.run(Thread.java:748)&#10;&quot;metrics-hadoop-metrics2-reporter-60-thread-1&quot; daemon prio=5 tid=1286 timed_waiting&#10;java.lang.Thread.State: TIMED_WAITING&#10;        at sun.misc.Unsafe.park(Native Method)&#10;        at java.util.concurrent.locks.LockSupport.parkNanos(LockSupport.java:215)&#10;        at java.util.concurrent.locks.AbstractQueuedSynchronizer$ConditionObject.awaitNanos(AbstractQueuedSynchronizer.java:2078)&#10;        at java.util.concurrent.ScheduledThreadPoolExecutor$DelayedWorkQueue.take(ScheduledThreadPoolExecutor.java:1093)&#10;        at java.util.concurrent.ScheduledThreadPoolExecutor$DelayedWorkQueue.take(ScheduledThreadPoolExecutor.java:809)&#10;        at java.util.concurrent.ThreadPoolExecutor.getTask(ThreadPoolExecutor.java:1074)&#10;        at java.util.concurrent.ThreadPoolExecutor.runWorker(ThreadPoolExecutor.java:1134)&#10;        at java.util.concurrent.ThreadPoolExecutor$Worker.run(ThreadPoolExecutor.java:624)&#10;        at java.lang.Thread.run(Thread.java:748)&#10;&quot;pool-36-thread-29&quot;  prio=5 tid=465 in Object.wait()&#10;java.lang.Thread.State: WAITING (on object monitor)&#10;        at sun.misc.Unsafe.park(Native Method)&#10;        at java.util.concurrent.locks.LockSupport.park(LockSupport.java:175)&#10;        at java.util.concurrent.locks.AbstractQueuedSynchronizer$ConditionObject.await(AbstractQueuedSynchronizer.java:2039)&#10;        at java.util.concurrent.ArrayBlockingQueue.take(ArrayBlockingQueue.java:403)&#10;        at java.util.concurrent.ThreadPoolExecutor.getTask(ThreadPoolExecutor.java:1074)&#10;        at java.util.concurrent.ThreadPoolExecutor.runWorker(ThreadPoolExecutor.java:1134)&#10;        at java.util.concurrent.ThreadPoolExecutor$Worker.run(ThreadPoolExecutor.java:624)&#10;        at java.lang.Thread.run(Thread.java:748)&#10;&quot;IPC Server handler 13 on 37221&quot; daemon prio=5 tid=128 timed_waiting&#10;java.lang.Thread.State: TIMED_WAITING&#10;        at sun.misc.Unsafe.park(Native Method)&#10;        at java.util.concurrent.locks.LockSupport.parkNanos(LockSupport.java:215)&#10;        at java.util.concurrent.locks.AbstractQueuedSynchronizer$ConditionObject.awaitNanos(AbstractQueuedSynchronizer.java:2078)&#10;        at java.util.concurrent.LinkedBlockingQueue.poll(LinkedBlockingQueue.java:467)&#10;        at org.apache.hadoop.ipc.CallQueueManager.take(CallQueueManager.java:288)&#10;        at org.apache.hadoop.ipc.Server$Handler.run(Server.java:2668)&#10;&quot;BlockDeletingService#1&quot; daemon prio=5 tid=944 in Object.wait()&#10;java.lang.Thread.State: WAITING (on object monitor)&#10;        at sun.misc.Unsafe.park(Native Method)&#10;        at java.util.concurrent.locks.LockSupport.park(LockSupport.java:175)&#10;        at java.util.concurrent.locks.AbstractQueuedSynchronizer$ConditionObject.await(AbstractQueuedSynchronizer.java:2039)&#10;        at java.util.concurrent.ScheduledThreadPoolExecutor$DelayedWorkQueue.take(ScheduledThreadPoolExecutor.java:1088)&#10;        at java.util.concurrent.ScheduledThreadPoolExecutor$DelayedWorkQueue.take(ScheduledThreadPoolExecutor.java:809)&#10;        at java.util.concurrent.ThreadPoolExecutor.getTask(ThreadPoolExecutor.java:1074)&#10;        at java.util.concurrent.ThreadPoolExecutor.runWorker(ThreadPoolExecutor.java:1134)&#10;        at java.util.concurrent.ThreadPoolExecutor$Worker.run(ThreadPoolExecutor.java:624)&#10;        at java.lang.Thread.run(Thread.java:748)&#10;&quot;CommandWatcher-LeaseManager#LeaseMonitor&quot; daemon prio=5 tid=28 timed_waiting&#10;java.lang.Thread.State: TIMED_WAITING&#10;        at java.lang.Thread.sleep(Native Method)&#10;        at org.apache.hadoop.ozone.lease.LeaseManager$LeaseMonitor.run(LeaseManager.java:234)&#10;        at java.lang.Thread.run(Thread.java:748)&#10;&quot;IPC Server handler 16 on 37221&quot; daemon prio=5 tid=131 timed_waiting&#10;java.lang.Thread.State: TIMED_WAITING&#10;        at sun.misc.Unsafe.park(Native Method)&#10;        at java.util.concurrent.locks.LockSupport.parkNanos(LockSupport.java:215)&#10;        at java.util.concurrent.locks.AbstractQueuedSynchronizer$ConditionObject.awaitNanos(AbstractQueuedSynchronizer.java:2078)&#10;        at java.util.concurrent.LinkedBlockingQueue.poll(LinkedBlockingQueue.java:467)&#10;        at org.apache.hadoop.ipc.CallQueueManager.take(CallQueueManager.java:288)&#10;        at org.apache.hadoop.ipc.Server$Handler.run(Server.java:2668)&#10;&quot;pool-56-thread-37&quot;  prio=5 tid=477 in Object.wait()&#10;java.lang.Thread.State: WAITING (on object monitor)&#10;        at sun.misc.Unsafe.park(Native Method)&#10;        at java.util.concurrent.locks.LockSupport.park(LockSupport.java:175)&#10;        at java.util.concurrent.locks.AbstractQueuedSynchronizer$ConditionObject.await(AbstractQueuedSynchronizer.java:2039)&#10;        at java.util.concurrent.ArrayBlockingQueue.take(ArrayBlockingQueue.java:403)&#10;        at java.util.concurrent.ThreadPoolExecutor.getTask(ThreadPoolExecutor.java:1074)&#10;        at java.util.concurrent.ThreadPoolExecutor.runWorker(ThreadPoolExecutor.java:1134)&#10;        at java.util.concurrent.ThreadPoolExecutor$Worker.run(ThreadPoolExecutor.java:624)&#10;        at java.lang.Thread.run(Thread.java:748)&#10;&quot;pool-86-thread-21&quot;  prio=5 tid=839 in Object.wait()&#10;java.lang.Thread.State: WAITING (on object monitor)&#10;        at sun.misc.Unsafe.park(Native Method)&#10;        at java.util.concurrent.locks.LockSupport.park(LockSupport.java:175)&#10;        at java.util.concurrent.locks.AbstractQueuedSynchronizer$ConditionObject.await(AbstractQueuedSynchronizer.java:2039)&#10;        at java.util.concurrent.ArrayBlockingQueue.take(ArrayBlockingQueue.java:403)&#10;        at java.util.concurrent.ThreadPoolExecutor.getTask(ThreadPoolExecutor.java:1074)&#10;        at java.util.concurrent.ThreadPoolExecutor.runWorker(ThreadPoolExecutor.java:1134)&#10;        at java.util.concurrent.ThreadPoolExecutor$Worker.run(ThreadPoolExecutor.java:624)&#10;        at java.lang.Thread.run(Thread.java:748)&#10;&quot;qtp1680841335-244&quot; daemon prio=5 tid=244 timed_waiting&#10;java.lang.Thread.State: TIMED_WAITING&#10;        at sun.misc.Unsafe.park(Native Method)&#10;        at java.util.concurrent.locks.LockSupport.parkNanos(LockSupport.java:215)&#10;        at java.util.concurrent.locks.AbstractQueuedSynchronizer$ConditionObject.awaitNanos(AbstractQueuedSynchronizer.java:2078)&#10;        at org.eclipse.jetty.util.BlockingArrayQueue.poll(BlockingArrayQueue.java:392)&#10;        at org.eclipse.jetty.util.thread.QueuedThreadPool.idleJobPoll(QueuedThreadPool.java:563)&#10;        at org.eclipse.jetty.util.thread.QueuedThreadPool.access$800(QueuedThreadPool.java:48)&#10;        at org.eclipse.jetty.util.thread.QueuedThreadPool$2.run(QueuedThreadPool.java:626)&#10;        at java.lang.Thread.run(Thread.java:748)&#10;&quot;IPC Server handler 9 on 39235&quot; daemon prio=5 tid=38 timed_waiting&#10;java.lang.Thread.State: TIMED_WAITING&#10;        at sun.misc.Unsafe.park(Native Method)&#10;        at java.util.concurrent.locks.LockSupport.parkNanos(LockSupport.java:215)&#10;        at java.util.concurrent.locks.AbstractQueuedSynchronizer$ConditionObject.awaitNanos(AbstractQueuedSynchronizer.java:2078)&#10;        at java.util.concurrent.LinkedBlockingQueue.poll(LinkedBlockingQueue.java:467)&#10;        at org.apache.hadoop.ipc.CallQueueManager.take(CallQueueManager.java:288)&#10;        at org.apache.hadoop.ipc.Server$Handler.run(Server.java:2668)&#10;&quot;pool-36-thread-9&quot;  prio=5 tid=359 in Object.wait()&#10;java.lang.Thread.State: WAITING (on object monitor)&#10;        at sun.misc.Unsafe.park(Native Method)&#10;        at java.util.concurrent.locks.LockSupport.park(LockSupport.java:175)&#10;        at java.util.concurrent.locks.AbstractQueuedSynchronizer$ConditionObject.await(AbstractQueuedSynchronizer.java:2039)&#10;        at java.util.concurrent.ArrayBlockingQueue.take(ArrayBlockingQueue.java:403)&#10;        at java.util.concurrent.ThreadPoolExecutor.getTask(ThreadPoolExecutor.java:1074)&#10;        at java.util.concurrent.ThreadPoolExecutor.runWorker(ThreadPoolExecutor.java:1134)&#10;        at java.util.concurrent.ThreadPoolExecutor$Worker.run(ThreadPoolExecutor.java:624)&#10;        at java.lang.Thread.run(Thread.java:748)&#10;&quot;pool-96-thread-5&quot;  prio=5 tid=887 in Object.wait()&#10;java.lang.Thread.State: WAITING (on object monitor)&#10;        at sun.misc.Unsafe.park(Native Method)&#10;        at java.util.concurrent.locks.LockSupport.park(LockSupport.java:175)&#10;        at java.util.concurrent.locks.AbstractQueuedSynchronizer$ConditionObject.await(AbstractQueuedSynchronizer.java:2039)&#10;        at java.util.concurrent.ArrayBlockingQueue.take(ArrayBlockingQueue.java:403)&#10;        at java.util.concurrent.ThreadPoolExecutor.getTask(ThreadPoolExecutor.java:1074)&#10;        at java.util.concurrent.ThreadPoolExecutor.runWorker(ThreadPoolExecutor.java:1134)&#10;        at java.util.concurrent.ThreadPoolExecutor$Worker.run(ThreadPoolExecutor.java:624)&#10;        at java.lang.Thread.run(Thread.java:748)&#10;&quot;pool-106-thread-39&quot;  prio=5 tid=1018 in Object.wait()&#10;java.lang.Thread.State: WAITING (on object monitor)&#10;        at sun.misc.Unsafe.park(Native Method)&#10;        at java.util.concurrent.locks.LockSupport.park(LockSupport.java:175)&#10;        at java.util.concurrent.locks.AbstractQueuedSynchronizer$ConditionObject.await(AbstractQueuedSynchronizer.java:2039)&#10;        at java.util.concurrent.ArrayBlockingQueue.take(ArrayBlockingQueue.java:403)&#10;        at java.util.concurrent.ThreadPoolExecutor.getTask(ThreadPoolExecutor.java:1074)&#10;        at java.util.concurrent.ThreadPoolExecutor.runWorker(ThreadPoolExecutor.java:1134)&#10;        at java.util.concurrent.ThreadPoolExecutor$Worker.run(ThreadPoolExecutor.java:624)&#10;        at java.lang.Thread.run(Thread.java:748)&#10;&quot;qtp142993407-373&quot; daemon prio=5 tid=373 timed_waiting&#10;java.lang.Thread.State: TIMED_WAITING&#10;        at sun.misc.Unsafe.park(Native Method)&#10;        at java.util.concurrent.locks.LockSupport.parkNanos(LockSupport.java:215)&#10;        at java.util.concurrent.locks.AbstractQueuedSynchronizer$ConditionObject.awaitNanos(AbstractQueuedSynchronizer.java:2078)&#10;        at org.eclipse.jetty.util.BlockingArrayQueue.poll(BlockingArrayQueue.java:392)&#10;        at org.eclipse.jetty.util.thread.QueuedThreadPool.idleJobPoll(QueuedThreadPool.java:563)&#10;        at org.eclipse.jetty.util.thread.QueuedThreadPool.access$800(QueuedThreadPool.java:48)&#10;        at org.eclipse.jetty.util.thread.QueuedThreadPool$2.run(QueuedThreadPool.java:626)&#10;        at java.lang.Thread.run(Thread.java:748)&#10;&quot;org.eclipse.jetty.server.session.HashSessionManager@254f906eTimer&quot; daemon prio=5 tid=307 timed_waiting&#10;java.lang.Thread.State: TIMED_WAITING&#10;        at sun.misc.Unsafe.park(Native Method)&#10;        at java.util.concurrent.locks.LockSupport.parkNanos(LockSupport.java:215)&#10;        at java.util.concurrent.locks.AbstractQueuedSynchronizer$ConditionObject.awaitNanos(AbstractQueuedSynchronizer.java:2078)&#10;        at java.util.concurrent.ScheduledThreadPoolExecutor$DelayedWorkQueue.take(ScheduledThreadPoolExecutor.java:1093)&#10;        at java.util.concurrent.ScheduledThreadPoolExecutor$DelayedWorkQueue.take(ScheduledThreadPoolExecutor.java:809)&#10;        at java.util.concurrent.ThreadPoolExecutor.getTask(ThreadPoolExecutor.java:1074)&#10;        at java.util.concurrent.ThreadPoolExecutor.runWorker(ThreadPoolExecutor.java:1134)&#10;        at java.util.concurrent.ThreadPoolExecutor$Worker.run(ThreadPoolExecutor.java:624)&#10;        at java.lang.Thread.run(Thread.java:748)&#10;&quot;Datanode ReportManager Thread - 2&quot; daemon prio=5 tid=173 in Object.wait()&#10;java.lang.Thread.State: WAITING (on object monitor)&#10;        at sun.misc.Unsafe.park(Native Method)&#10;        at java.util.concurrent.locks.LockSupport.park(LockSupport.java:175)&#10;        at java.util.concurrent.locks.AbstractQueuedSynchronizer$ConditionObject.await(AbstractQueuedSynchronizer.java:2039)&#10;        at java.util.concurrent.ScheduledThreadPoolExecutor$DelayedWorkQueue.take(ScheduledThreadPoolExecutor.java:1088)&#10;        at java.util.concurrent.ScheduledThreadPoolExecutor$DelayedWorkQueue.take(ScheduledThreadPoolExecutor.java:809)&#10;        at java.util.concurrent.ThreadPoolExecutor.getTask(ThreadPoolExecutor.java:1074)&#10;        at java.util.concurrent.ThreadPoolExecutor.runWorker(ThreadPoolExecutor.java:1134)&#10;        at java.util.concurrent.ThreadPoolExecutor$Worker.run(ThreadPoolExecutor.java:624)&#10;        at java.lang.Thread.run(Thread.java:748)&#10;&quot;IPC Server handler 12 on 37221&quot; daemon prio=5 tid=127 timed_waiting&#10;java.lang.Thread.State: TIMED_WAITING&#10;        at sun.misc.Unsafe.park(Native Method)&#10;        at java.util.concurrent.locks.LockSupport.parkNanos(LockSupport.java:215)&#10;        at java.util.concurrent.locks.AbstractQueuedSynchronizer$ConditionObject.awaitNanos(AbstractQueuedSynchronizer.java:2078)&#10;        at java.util.concurrent.LinkedBlockingQueue.poll(LinkedBlockingQueue.java:467)&#10;        at org.apache.hadoop.ipc.CallQueueManager.take(CallQueueManager.java:288)&#10;        at org.apache.hadoop.ipc.Server$Handler.run(Server.java:2668)&#10;&quot;pool-66-thread-13&quot;  prio=5 tid=650 in Object.wait()&#10;java.lang.Thread.State: WAITING (on object monitor)&#10;        at sun.misc.Unsafe.park(Native Method)&#10;        at java.util.concurrent.locks.LockSupport.park(LockSupport.java:175)&#10;        at java.util.concurrent.locks.AbstractQueuedSynchronizer$ConditionObject.await(AbstractQueuedSynchronizer.java:2039)&#10;        at java.util.concurrent.ArrayBlockingQueue.take(ArrayBlockingQueue.java:403)&#10;        at java.util.concurrent.ThreadPoolExecutor.getTask(ThreadPoolExecutor.java:1074)&#10;        at java.util.concurrent.ThreadPoolExecutor.runWorker(ThreadPoolExecutor.java:1134)&#10;        at java.util.concurrent.ThreadPoolExecutor$Worker.run(ThreadPoolExecutor.java:624)&#10;        at java.lang.Thread.run(Thread.java:748)&#10;&quot;BlockDeletingService#0&quot; daemon prio=5 tid=629 timed_waiting&#10;java.lang.Thread.State: TIMED_WAITING&#10;        at sun.misc.Unsafe.park(Native Method)&#10;        at java.util.concurrent.locks.LockSupport.parkNanos(LockSupport.java:215)&#10;        at java.util.concurrent.locks.AbstractQueuedSynchronizer$ConditionObject.awaitNanos(AbstractQueuedSynchronizer.java:2078)&#10;        at java.util.concurrent.ScheduledThreadPoolExecutor$DelayedWorkQueue.take(ScheduledThreadPoolExecutor.java:1093)&#10;        at java.util.concurrent.ScheduledThreadPoolExecutor$DelayedWorkQueue.take(ScheduledThreadPoolExecutor.java:809)&#10;        at java.util.concurrent.ThreadPoolExecutor.getTask(ThreadPoolExecutor.java:1074)&#10;        at java.util.concurrent.ThreadPoolExecutor.runWorker(ThreadPoolExecutor.java:1134)&#10;        at java.util.concurrent.ThreadPoolExecutor$Worker.run(ThreadPoolExecutor.java:624)&#10;        at java.lang.Thread.run(Thread.java:748)&#10;&quot;Datanode State Machine Thread - 0&quot; daemon prio=5 tid=170 timed_waiting&#10;java.lang.Thread.State: TIMED_WAITING&#10;        at java.lang.Thread.sleep(Native Method)&#10;        at org.apache.hadoop.ozone.container.common.statemachine.DatanodeStateMachine.start(DatanodeStateMachine.java:191)&#10;        at org.apache.hadoop.ozone.container.common.statemachine.DatanodeStateMachine.lambda$startDaemon$0(DatanodeStateMachine.java:349)&#10;        at org.apache.hadoop.ozone.container.common.statemachine.DatanodeStateMachine$$Lambda$140/939829672.run(Unknown Source)&#10;        at java.lang.Thread.run(Thread.java:748)&#10;&quot;Datanode ReportManager Thread - 1&quot; daemon prio=5 tid=506 timed_waiting&#10;java.lang.Thread.State: TIMED_WAITING&#10;        at sun.misc.Unsafe.park(Native Method)&#10;        at java.util.concurrent.locks.LockSupport.parkNanos(LockSupport.java:215)&#10;        at java.util.concurrent.locks.AbstractQueuedSynchronizer$ConditionObject.awaitNanos(AbstractQueuedSynchronizer.java:2078)&#10;        at java.util.concurrent.ScheduledThreadPoolExecutor$DelayedWorkQueue.take(ScheduledThreadPoolExecutor.java:1093)&#10;        at java.util.concurrent.ScheduledThreadPoolExecutor$DelayedWorkQueue.take(ScheduledThreadPoolExecutor.java:809)&#10;        at java.util.concurrent.ThreadPoolExecutor.getTask(ThreadPoolExecutor.java:1074)&#10;        at java.util.concurrent.ThreadPoolExecutor.runWorker(ThreadPoolExecutor.java:1134)&#10;        at java.util.concurrent.ThreadPoolExecutor$Worker.run(ThreadPoolExecutor.java:624)&#10;        at java.lang.Thread.run(Thread.java:748)&#10;&quot;org.eclipse.jetty.server.session.HashSessionManager@7bab5898Timer&quot; daemon prio=5 tid=725 timed_waiting&#10;java.lang.Thread.State: TIMED_WAITING&#10;        at sun.misc.Unsafe.park(Native Method)&#10;        at java.util.concurrent.locks.LockSupport.parkNanos(LockSupport.java:215)&#10;        at java.util.concurrent.locks.AbstractQueuedSynchronizer$ConditionObject.awaitNanos(AbstractQueuedSynchronizer.java:2078)&#10;        at java.util.concurrent.ScheduledThreadPoolExecutor$DelayedWorkQueue.take(ScheduledThreadPoolExecutor.java:1093)&#10;        at java.util.concurrent.ScheduledThreadPoolExecutor$DelayedWorkQueue.take(ScheduledThreadPoolExecutor.java:809)&#10;        at java.util.concurrent.ThreadPoolExecutor.getTask(ThreadPoolExecutor.java:1074)&#10;        at java.util.concurrent.ThreadPoolExecutor.runWorker(ThreadPoolExecutor.java:1134)&#10;        at java.util.concurrent.ThreadPoolExecutor$Worker.run(ThreadPoolExecutor.java:624)&#10;        at java.lang.Thread.run(Thread.java:748)&#10;&quot;org.eclipse.jetty.server.session.HashSessionManager@5a3a1bf9Timer&quot; daemon prio=5 tid=601 timed_waiting&#10;java.lang.Thread.State: TIMED_WAITING&#10;        at sun.misc.Unsafe.park(Native Method)&#10;        at java.util.concurrent.locks.LockSupport.parkNanos(LockSupport.java:215)&#10;        at java.util.concurrent.locks.AbstractQueuedSynchronizer$ConditionObject.awaitNanos(AbstractQueuedSynchronizer.java:2078)&#10;        at java.util.concurrent.ScheduledThreadPoolExecutor$DelayedWorkQueue.take(ScheduledThreadPoolExecutor.java:1093)&#10;        at java.util.concurrent.ScheduledThreadPoolExecutor$DelayedWorkQueue.take(ScheduledThreadPoolExecutor.java:809)&#10;        at java.util.concurrent.ThreadPoolExecutor.getTask(ThreadPoolExecutor.java:1074)&#10;        at java.util.concurrent.ThreadPoolExecutor.runWorker(ThreadPoolExecutor.java:1134)&#10;        at java.util.concurrent.ThreadPoolExecutor$Worker.run(ThreadPoolExecutor.java:624)&#10;        at java.lang.Thread.run(Thread.java:748)&#10;&quot;org.eclipse.jetty.server.session.HashSessionManager@302fec27Timer&quot; daemon prio=5 tid=97 timed_waiting&#10;java.lang.Thread.State: TIMED_WAITING&#10;        at sun.misc.Unsafe.park(Native Method)&#10;        at java.util.concurrent.locks.LockSupport.parkNanos(LockSupport.java:215)&#10;        at java.util.concurrent.locks.AbstractQueuedSynchronizer$ConditionObject.awaitNanos(AbstractQueuedSynchronizer.java:2078)&#10;        at java.util.concurrent.ScheduledThreadPoolExecutor$DelayedWorkQueue.take(ScheduledThreadPoolExecutor.java:1093)&#10;        at java.util.concurrent.ScheduledThreadPoolExecutor$DelayedWorkQueue.take(ScheduledThreadPoolExecutor.java:809)&#10;        at java.util.concurrent.ThreadPoolExecutor.getTask(ThreadPoolExecutor.java:1074)&#10;        at java.util.concurrent.ThreadPoolExecutor.runWorker(ThreadPoolExecutor.java:1134)&#10;        at java.util.concurrent.ThreadPoolExecutor$Worker.run(ThreadPoolExecutor.java:624)&#10;        at java.lang.Thread.run(Thread.java:748)&#10;&quot;pool-96-thread-54&quot;  prio=5 tid=936 in Object.wait()&#10;java.lang.Thread.State: WAITING (on object monitor)&#10;        at sun.misc.Unsafe.park(Native Method)&#10;        at java.util.concurrent.locks.LockSupport.park(LockSupport.java:175)&#10;        at java.util.concurrent.locks.AbstractQueuedSynchronizer$ConditionObject.await(AbstractQueuedSynchronizer.java:2039)&#10;        at java.util.concurrent.ArrayBlockingQueue.take(ArrayBlockingQueue.java:403)&#10;        at java.util.concurrent.ThreadPoolExecutor.getTask(ThreadPoolExecutor.java:1074)&#10;        at java.util.concurrent.ThreadPoolExecutor.runWorker(ThreadPoolExecutor.java:1134)&#10;        at java.util.concurrent.ThreadPoolExecutor$Worker.run(ThreadPoolExecutor.java:624)&#10;        at java.lang.Thread.run(Thread.java:748)&#10;&quot;org.eclipse.jetty.server.session.HashSessionManager@80bfdc6Timer&quot; daemon prio=5 tid=168 timed_waiting&#10;java.lang.Thread.State: TIMED_WAITING&#10;        at sun.misc.Unsafe.park(Native Method)&#10;        at java.util.concurrent.locks.LockSupport.parkNanos(LockSupport.java:215)&#10;        at java.util.concurrent.locks.AbstractQueuedSynchronizer$ConditionObject.awaitNanos(AbstractQueuedSynchronizer.java:2078)&#10;        at java.util.concurrent.ScheduledThreadPoolExecutor$DelayedWorkQueue.take(ScheduledThreadPoolExecutor.java:1093)&#10;        at java.util.concurrent.ScheduledThreadPoolExecutor$DelayedWorkQueue.take(ScheduledThreadPoolExecutor.java:809)&#10;        at java.util.concurrent.ThreadPoolExecutor.getTask(ThreadPoolExecutor.java:1074)&#10;        at java.util.concurrent.ThreadPoolExecutor.runWorker(ThreadPoolExecutor.java:1134)&#10;        at java.util.concurrent.ThreadPoolExecutor$Worker.run(ThreadPoolExecutor.java:624)&#10;        at java.lang.Thread.run(Thread.java:748)&#10;&quot;Datanode State Machine Thread - 0&quot; daemon prio=5 tid=231 timed_waiting&#10;java.lang.Thread.State: TIMED_WAITING&#10;        at sun.misc.Unsafe.park(Native Method)&#10;        at java.util.concurrent.locks.LockSupport.parkNanos(LockSupport.java:215)&#10;        at java.util.concurrent.SynchronousQueue$TransferStack.awaitFulfill(SynchronousQueue.java:460)&#10;        at java.util.concurrent.SynchronousQueue$TransferStack.transfer(SynchronousQueue.java:362)&#10;        at java.util.concurrent.SynchronousQueue.poll(SynchronousQueue.java:941)&#10;        at java.util.concurrent.ThreadPoolExecutor.getTask(ThreadPoolExecutor.java:1073)&#10;        at java.util.concurrent.ThreadPoolExecutor.runWorker(ThreadPoolExecutor.java:1134)&#10;        at java.util.concurrent.ThreadPoolExecutor$Worker.run(ThreadPoolExecutor.java:624)&#10;        at java.lang.Thread.run(Thread.java:748)&#10;&quot;qtp318555935-188&quot; daemon prio=5 tid=188 timed_waiting&#10;java.lang.Thread.State: TIMED_WAITING&#10;        at sun.misc.Unsafe.park(Native Method)&#10;        at java.util.concurrent.locks.LockSupport.parkNanos(LockSupport.java:215)&#10;        at java.util.concurrent.locks.AbstractQueuedSynchronizer$ConditionObject.awaitNanos(AbstractQueuedSynchronizer.java:2078)&#10;        at org.eclipse.jetty.util.BlockingArrayQueue.poll(BlockingArrayQueue.java:392)&#10;        at org.eclipse.jetty.util.thread.QueuedThreadPool.idleJobPoll(QueuedThreadPool.java:563)&#10;        at org.eclipse.jetty.util.thread.QueuedThreadPool.access$800(QueuedThreadPool.java:48)&#10;        at org.eclipse.jetty.util.thread.QueuedThreadPool$2.run(QueuedThreadPool.java:626)&#10;        at java.lang.Thread.run(Thread.java:748)&#10;&quot;IPC Server handler 5 on 39235&quot; daemon prio=5 tid=34 timed_waiting&#10;java.lang.Thread.State: TIMED_WAITING&#10;        at sun.misc.Unsafe.park(Native Method)&#10;        at java.util.concurrent.locks.LockSupport.parkNanos(LockSupport.java:215)&#10;        at java.util.concurrent.locks.AbstractQueuedSynchronizer$ConditionObject.awaitNanos(AbstractQueuedSynchronizer.java:2078)&#10;        at java.util.concurrent.LinkedBlockingQueue.poll(LinkedBlockingQueue.java:467)&#10;        at org.apache.hadoop.ipc.CallQueueManager.take(CallQueueManager.java:288)&#10;        at org.apache.hadoop.ipc.Server$Handler.run(Server.java:2668)&#10;&quot;pool-26-thread-15&quot;  prio=5 tid=385 in Object.wait()&#10;java.lang.Thread.State: WAITING (on object monitor)&#10;        at sun.misc.Unsafe.park(Native Method)&#10;        at java.util.concurrent.locks.LockSupport.park(LockSupport.java:175)&#10;        at java.util.concurrent.locks.AbstractQueuedSynchronizer$ConditionObject.await(AbstractQueuedSynchronizer.java:2039)&#10;        at java.util.concurrent.ArrayBlockingQueue.take(ArrayBlockingQueue.java:403)&#10;        at java.util.concurrent.ThreadPoolExecutor.getTask(ThreadPoolExecutor.java:1074)&#10;        at java.util.concurrent.ThreadPoolExecutor.runWorker(ThreadPoolExecutor.java:1134)&#10;        at java.util.concurrent.ThreadPoolExecutor$Worker.run(ThreadPoolExecutor.java:624)&#10;        at java.lang.Thread.run(Thread.java:748)&#10;&quot;pool-76-thread-35&quot;  prio=5 tid=781 in Object.wait()&#10;java.lang.Thread.State: WAITING (on object monitor)&#10;        at sun.misc.Unsafe.park(Native Method)&#10;        at java.util.concurrent.locks.LockSupport.park(LockSupport.java:175)&#10;        at java.util.concurrent.locks.AbstractQueuedSynchronizer$ConditionObject.await(AbstractQueuedSynchronizer.java:2039)&#10;        at java.util.concurrent.ArrayBlockingQueue.take(ArrayBlockingQueue.java:403)&#10;        at java.util.concurrent.ThreadPoolExecutor.getTask(ThreadPoolExecutor.java:1074)&#10;        at java.util.concurrent.ThreadPoolExecutor.runWorker(ThreadPoolExecutor.java:1134)&#10;        at java.util.concurrent.ThreadPoolExecutor$Worker.run(ThreadPoolExecutor.java:624)&#10;        at java.lang.Thread.run(Thread.java:748)&#10;&quot;pool-26-thread-42&quot;  prio=5 tid=467 in Object.wait()&#10;java.lang.Thread.State: WAITING (on object monitor)&#10;        at sun.misc.Unsafe.park(Native Method)&#10;        at java.util.concurrent.locks.LockSupport.park(LockSupport.java:175)&#10;        at java.util.concurrent.locks.AbstractQueuedSynchronizer$ConditionObject.await(AbstractQueuedSynchronizer.java:2039)&#10;        at java.util.concurrent.ArrayBlockingQueue.take(ArrayBlockingQueue.java:403)&#10;        at java.util.concurrent.ThreadPoolExecutor.getTask(ThreadPoolExecutor.java:1074)&#10;        at java.util.concurrent.ThreadPoolExecutor.runWorker(ThreadPoolExecutor.java:1134)&#10;        at java.util.concurrent.ThreadPoolExecutor$Worker.run(ThreadPoolExecutor.java:624)&#10;        at java.lang.Thread.run(Thread.java:748)&#10;&quot;pool-76-thread-15&quot;  prio=5 tid=761 in Object.wait()&#10;java.lang.Thread.State: WAITING (on object monitor)&#10;        at sun.misc.Unsafe.park(Native Method)&#10;        at java.util.concurrent.locks.LockSupport.park(LockSupport.java:175)&#10;        at java.util.concurrent.locks.AbstractQueuedSynchronizer$ConditionObject.await(AbstractQueuedSynchronizer.java:2039)&#10;        at java.util.concurrent.ArrayBlockingQueue.take(ArrayBlockingQueue.java:403)&#10;        at java.util.concurrent.ThreadPoolExecutor.getTask(ThreadPoolExecutor.java:1074)&#10;        at java.util.concurrent.ThreadPoolExecutor.runWorker(ThreadPoolExecutor.java:1134)&#10;        at java.util.concurrent.ThreadPoolExecutor$Worker.run(ThreadPoolExecutor.java:624)&#10;        at java.lang.Thread.run(Thread.java:748)&#10;&quot;pool-86-thread-48&quot;  prio=5 tid=866 in Object.wait()&#10;java.lang.Thread.State: WAITING (on object monitor)&#10;        at sun.misc.Unsafe.park(Native Method)&#10;        at java.util.concurrent.locks.LockSupport.park(LockSupport.java:175)&#10;        at java.util.concurrent.locks.AbstractQueuedSynchronizer$ConditionObject.await(AbstractQueuedSynchronizer.java:2039)&#10;        at java.util.concurrent.ArrayBlockingQueue.take(ArrayBlockingQueue.java:403)&#10;        at java.util.concurrent.ThreadPoolExecutor.getTask(ThreadPoolExecutor.java:1074)&#10;        at java.util.concurrent.ThreadPoolExecutor.runWorker(ThreadPoolExecutor.java:1134)&#10;        at java.util.concurrent.ThreadPoolExecutor$Worker.run(ThreadPoolExecutor.java:624)&#10;        at java.lang.Thread.run(Thread.java:748)&#10;&quot;pool-106-thread-3&quot;  prio=5 tid=982 in Object.wait()&#10;java.lang.Thread.State: WAITING (on object monitor)&#10;        at sun.misc.Unsafe.park(Native Method)&#10;        at java.util.concurrent.locks.LockSupport.park(LockSupport.java:175)&#10;        at java.util.concurrent.locks.AbstractQueuedSynchronizer$ConditionObject.await(AbstractQueuedSynchronizer.java:2039)&#10;        at java.util.concurrent.ArrayBlockingQueue.take(ArrayBlockingQueue.java:403)&#10;        at java.util.concurrent.ThreadPoolExecutor.getTask(ThreadPoolExecutor.java:1074)&#10;        at java.util.concurrent.ThreadPoolExecutor.runWorker(ThreadPoolExecutor.java:1134)&#10;        at java.util.concurrent.ThreadPoolExecutor$Worker.run(ThreadPoolExecutor.java:624)&#10;        at java.lang.Thread.run(Thread.java:748)&#10;&quot;qtp1977508673-295-acceptor-0@5aaa710f-ServerConnector@46a145ba{HTTP/1.1,[http/1.1]}{0.0.0.0:45958}&quot; daemon prio=3 tid=295 runnable&#10;java.lang.Thread.State: RUNNABLE&#10;        at sun.nio.ch.ServerSocketChannelImpl.accept0(Native Method)&#10;        at sun.nio.ch.ServerSocketChannelImpl.accept(ServerSocketChannelImpl.java:422)&#10;        at sun.nio.ch.ServerSocketChannelImpl.accept(ServerSocketChannelImpl.java:250)&#10;        at org.eclipse.jetty.server.ServerConnector.accept(ServerConnector.java:397)&#10;        at org.eclipse.jetty.server.AbstractConnector$Acceptor.run(AbstractConnector.java:601)&#10;        at org.eclipse.jetty.util.thread.QueuedThreadPool.runJob(QueuedThreadPool.java:671)&#10;        at org.eclipse.jetty.util.thread.QueuedThreadPool$2.run(QueuedThreadPool.java:589)&#10;        at java.lang.Thread.run(Thread.java:748)&#10;&quot;pool-46-thread-3&quot;  prio=5 tid=326 in Object.wait()&#10;java.lang.Thread.State: WAITING (on object monitor)&#10;        at sun.misc.Unsafe.park(Native Method)&#10;        at java.util.concurrent.locks.LockSupport.park(LockSupport.java:175)&#10;        at java.util.concurrent.locks.AbstractQueuedSynchronizer$ConditionObject.await(AbstractQueuedSynchronizer.java:2039)&#10;        at java.util.concurrent.ArrayBlockingQueue.take(ArrayBlockingQueue.java:403)&#10;        at java.util.concurrent.ThreadPoolExecutor.getTask(ThreadPoolExecutor.java:1074)&#10;        at java.util.concurrent.ThreadPoolExecutor.runWorker(ThreadPoolExecutor.java:1134)&#10;        at java.util.concurrent.ThreadPoolExecutor$Worker.run(ThreadPoolExecutor.java:624)&#10;        at java.lang.Thread.run(Thread.java:748)&#10;&quot;qtp1089341986-140&quot; daemon prio=5 tid=140 timed_waiting&#10;java.lang.Thread.State: TIMED_WAITING&#10;        at sun.misc.Unsafe.park(Native Method)&#10;        at java.util.concurrent.locks.LockSupport.parkNanos(LockSupport.java:215)&#10;        at java.util.concurrent.locks.AbstractQueuedSynchronizer$ConditionObject.awaitNanos(AbstractQueuedSynchronizer.java:2078)&#10;        at org.eclipse.jetty.util.BlockingArrayQueue.poll(BlockingArrayQueue.java:392)&#10;        at org.eclipse.jetty.util.thread.QueuedThreadPool.idleJobPoll(QueuedThreadPool.java:563)&#10;        at org.eclipse.jetty.util.thread.QueuedThreadPool.access$800(QueuedThreadPool.java:48)&#10;        at org.eclipse.jetty.util.thread.QueuedThreadPool$2.run(QueuedThreadPool.java:626)&#10;        at java.lang.Thread.run(Thread.java:748)&#10;&quot;SCMBlockDeletingService#1&quot; daemon prio=5 tid=103 in Object.wait()&#10;java.lang.Thread.State: WAITING (on object monitor)&#10;        at sun.misc.Unsafe.park(Native Method)&#10;        at java.util.concurrent.locks.LockSupport.park(LockSupport.java:175)&#10;        at java.util.concurrent.locks.AbstractQueuedSynchronizer$ConditionObject.await(AbstractQueuedSynchronizer.java:2039)&#10;        at java.util.concurrent.ScheduledThreadPoolExecutor$DelayedWorkQueue.take(ScheduledThreadPoolExecutor.java:1088)&#10;        at java.util.concurrent.ScheduledThreadPoolExecutor$DelayedWorkQueue.take(ScheduledThreadPoolExecutor.java:809)&#10;        at java.util.concurrent.ThreadPoolExecutor.getTask(ThreadPoolExecutor.java:1074)&#10;        at java.util.concurrent.ThreadPoolExecutor.runWorker(ThreadPoolExecutor.java:1134)&#10;        at java.util.concurrent.ThreadPoolExecutor$Worker.run(ThreadPoolExecutor.java:624)&#10;        at java.lang.Thread.run(Thread.java:748)&#10;&quot;Datanode State Machine Thread - 0&quot; daemon prio=5 tid=530 timed_waiting&#10;java.lang.Thread.State: TIMED_WAITING&#10;        at sun.misc.Unsafe.park(Native Method)&#10;        at java.util.concurrent.locks.LockSupport.parkNanos(LockSupport.java:215)&#10;        at java.util.concurrent.SynchronousQueue$TransferStack.awaitFulfill(SynchronousQueue.java:460)&#10;        at java.util.concurrent.SynchronousQueue$TransferStack.transfer(SynchronousQueue.java:362)&#10;        at java.util.concurrent.SynchronousQueue.poll(SynchronousQueue.java:941)&#10;        at java.util.concurrent.ThreadPoolExecutor.getTask(ThreadPoolExecutor.java:1073)&#10;        at java.util.concurrent.ThreadPoolExecutor.runWorker(ThreadPoolExecutor.java:1134)&#10;        at java.util.concurrent.ThreadPoolExecutor$Worker.run(ThreadPoolExecutor.java:624)&#10;        at java.lang.Thread.run(Thread.java:748)&#10;&quot;qtp2035381640-93&quot; daemon prio=5 tid=93 timed_waiting&#10;java.lang.Thread.State: TIMED_WAITING&#10;        at sun.misc.Unsafe.park(Native Method)&#10;        at java.util.concurrent.locks.LockSupport.parkNanos(LockSupport.java:215)&#10;        at java.util.concurrent.locks.AbstractQueuedSynchronizer$ConditionObject.awaitNanos(AbstractQueuedSynchronizer.java:2078)&#10;        at org.eclipse.jetty.util.BlockingArrayQueue.poll(BlockingArrayQueue.java:392)&#10;        at org.eclipse.jetty.util.thread.QueuedThreadPool.idleJobPoll(QueuedThreadPool.java:563)&#10;        at org.eclipse.jetty.util.thread.QueuedThreadPool.access$800(QueuedThreadPool.java:48)&#10;        at org.eclipse.jetty.util.thread.QueuedThreadPool$2.run(QueuedThreadPool.java:626)&#10;        at java.lang.Thread.run(Thread.java:748)&#10;&quot;pool-76-thread-37&quot;  prio=5 tid=783 in Object.wait()&#10;java.lang.Thread.State: WAITING (on object monitor)&#10;        at sun.misc.Unsafe.park(Native Method)&#10;        at java.util.concurrent.locks.LockSupport.park(LockSupport.java:175)&#10;        at java.util.concurrent.locks.AbstractQueuedSynchronizer$ConditionObject.await(AbstractQueuedSynchronizer.java:2039)&#10;        at java.util.concurrent.ArrayBlockingQueue.take(ArrayBlockingQueue.java:403)&#10;        at java.util.concurrent.ThreadPoolExecutor.getTask(ThreadPoolExecutor.java:1074)&#10;        at java.util.concurrent.ThreadPoolExecutor.runWorker(ThreadPoolExecutor.java:1134)&#10;        at java.util.concurrent.ThreadPoolExecutor$Worker.run(ThreadPoolExecutor.java:624)&#10;        at java.lang.Thread.run(Thread.java:748)&#10;&quot;pool-56-thread-10&quot;  prio=5 tid=375 in Object.wait()&#10;java.lang.Thread.State: WAITING (on object monitor)&#10;        at sun.misc.Unsafe.park(Native Method)&#10;        at java.util.concurrent.locks.LockSupport.park(LockSupport.java:175)&#10;        at java.util.concurrent.locks.AbstractQueuedSynchronizer$ConditionObject.await(AbstractQueuedSynchronizer.java:2039)&#10;        at java.util.concurrent.ArrayBlockingQueue.take(ArrayBlockingQueue.java:403)&#10;        at java.util.concurrent.ThreadPoolExecutor.getTask(ThreadPoolExecutor.java:1074)&#10;        at java.util.concurrent.ThreadPoolExecutor.runWorker(ThreadPoolExecutor.java:1134)&#10;        at java.util.concurrent.ThreadPoolExecutor$Worker.run(ThreadPoolExecutor.java:624)&#10;        at java.lang.Thread.run(Thread.java:748)&#10;&quot;metrics-hadoop-metrics2-reporter-38-thread-1&quot; daemon prio=5 tid=1170 timed_waiting&#10;java.lang.Thread.State: TIMED_WAITING&#10;        at sun.misc.Unsafe.park(Native Method)&#10;        at java.util.concurrent.locks.LockSupport.parkNanos(LockSupport.java:215)&#10;        at java.util.concurrent.locks.AbstractQueuedSynchronizer$ConditionObject.awaitNanos(AbstractQueuedSynchronizer.java:2078)&#10;        at java.util.concurrent.ScheduledThreadPoolExecutor$DelayedWorkQueue.take(ScheduledThreadPoolExecutor.java:1093)&#10;        at java.util.concurrent.ScheduledThreadPoolExecutor$DelayedWorkQueue.take(ScheduledThreadPoolExecutor.java:809)&#10;        at java.util.concurrent.ThreadPoolExecutor.getTask(ThreadPoolExecutor.java:1074)&#10;        at java.util.concurrent.ThreadPoolExecutor.runWorker(ThreadPoolExecutor.java:1134)&#10;        at java.util.concurrent.ThreadPoolExecutor$Worker.run(ThreadPoolExecutor.java:624)&#10;        at java.lang.Thread.run(Thread.java:748)&#10;&quot;pool-106-thread-49&quot;  prio=5 tid=1028 in Object.wait()&#10;java.lang.Thread.State: WAITING (on object monitor)&#10;        at sun.misc.Unsafe.park(Native Method)&#10;        at java.util.concurrent.locks.LockSupport.park(LockSupport.java:175)&#10;        at java.util.concurrent.locks.AbstractQueuedSynchronizer$ConditionObject.await(AbstractQueuedSynchronizer.java:2039)&#10;        at java.util.concurrent.ArrayBlockingQueue.take(ArrayBlockingQueue.java:403)&#10;        at java.util.concurrent.ThreadPoolExecutor.getTask(ThreadPoolExecutor.java:1074)&#10;        at java.util.concurrent.ThreadPoolExecutor.runWorker(ThreadPoolExecutor.java:1134)&#10;        at java.util.concurrent.ThreadPoolExecutor$Worker.run(ThreadPoolExecutor.java:624)&#10;        at java.lang.Thread.run(Thread.java:748)&#10;&quot;org.apache.hadoop.util.JvmPauseMonitor$Monitor@667c18af&quot; daemon prio=5 tid=526 timed_waiting&#10;java.lang.Thread.State: TIMED_WAITING&#10;        at java.lang.Thread.sleep(Native Method)&#10;        at org.apache.hadoop.util.JvmPauseMonitor$Monitor.run(JvmPauseMonitor.java:192)&#10;        at java.lang.Thread.run(Thread.java:748)&#10;&quot;metrics-hadoop-metrics2-reporter-36-thread-1&quot; daemon prio=5 tid=1161 timed_waiting&#10;java.lang.Thread.State: TIMED_WAITING&#10;        at sun.misc.Unsafe.park(Native Method)&#10;        at java.util.concurrent.locks.LockSupport.parkNanos(LockSupport.java:215)&#10;        at java.util.concurrent.locks.AbstractQueuedSynchronizer$ConditionObject.awaitNanos(AbstractQueuedSynchronizer.java:2078)&#10;        at java.util.concurrent.ScheduledThreadPoolExecutor$DelayedWorkQueue.take(ScheduledThreadPoolExecutor.java:1093)&#10;        at java.util.concurrent.ScheduledThreadPoolExecutor$DelayedWorkQueue.take(ScheduledThreadPoolExecutor.java:809)&#10;        at java.util.concurrent.ThreadPoolExecutor.getTask(ThreadPoolExecutor.java:1074)&#10;        at java.util.concurrent.ThreadPoolExecutor.runWorker(ThreadPoolExecutor.java:1134)&#10;        at java.util.concurrent.ThreadPoolExecutor$Worker.run(ThreadPoolExecutor.java:624)&#10;        at java.lang.Thread.run(Thread.java:748)&#10;&quot;pool-46-thread-57&quot;  prio=5 tid=578 in Object.wait()&#10;java.lang.Thread.State: WAITING (on object monitor)&#10;        at sun.misc.Unsafe.park(Native Method)&#10;        at java.util.concurrent.locks.LockSupport.park(LockSupport.java:175)&#10;        at java.util.concurrent.locks.AbstractQueuedSynchronizer$ConditionObject.await(AbstractQueuedSynchronizer.java:2039)&#10;        at java.util.concurrent.ArrayBlockingQueue.take(ArrayBlockingQueue.java:403)&#10;        at java.util.concurrent.ThreadPoolExecutor.getTask(ThreadPoolExecutor.java:1074)&#10;        at java.util.concurrent.ThreadPoolExecutor.runWorker(ThreadPoolExecutor.java:1134)&#10;        at java.util.concurrent.ThreadPoolExecutor$Worker.run(ThreadPoolExecutor.java:624)&#10;        at java.lang.Thread.run(Thread.java:748)&#10;&quot;org.apache.hadoop.util.JvmPauseMonitor$Monitor@6a617660&quot; daemon prio=5 tid=608 timed_waiting&#10;java.lang.Thread.State: TIMED_WAITING&#10;        at java.lang.Thread.sleep(Native Method)&#10;        at org.apache.hadoop.util.JvmPauseMonitor$Monitor.run(JvmPauseMonitor.java:192)&#10;        at java.lang.Thread.run(Thread.java:748)&#10;&quot;pool-106-thread-42&quot;  prio=5 tid=1021 in Object.wait()&#10;java.lang.Thread.State: WAITING (on object monitor)&#10;        at sun.misc.Unsafe.park(Native Method)&#10;        at java.util.concurrent.locks.LockSupport.park(LockSupport.java:175)&#10;        at java.util.concurrent.locks.AbstractQueuedSynchronizer$ConditionObject.await(AbstractQueuedSynchronizer.java:2039)&#10;        at java.util.concurrent.ArrayBlockingQueue.take(ArrayBlockingQueue.java:403)&#10;        at java.util.concurrent.ThreadPoolExecutor.getTask(ThreadPoolExecutor.java:1074)&#10;        at java.util.concurrent.ThreadPoolExecutor.runWorker(ThreadPoolExecutor.java:1134)&#10;        at java.util.concurrent.ThreadPoolExecutor$Worker.run(ThreadPoolExecutor.java:624)&#10;        at java.lang.Thread.run(Thread.java:748)&#10;&quot;grpc-default-executor-1&quot; daemon prio=5 tid=978 timed_waiting&#10;java.lang.Thread.State: TIMED_WAITING&#10;        at sun.misc.Unsafe.park(Native Method)&#10;        at java.util.concurrent.locks.LockSupport.parkNanos(LockSupport.java:215)&#10;        at java.util.concurrent.SynchronousQueue$TransferStack.awaitFulfill(SynchronousQueue.java:460)&#10;        at java.util.concurrent.SynchronousQueue$TransferStack.transfer(SynchronousQueue.java:362)&#10;        at java.util.concurrent.SynchronousQueue.poll(SynchronousQueue.java:941)&#10;        at java.util.concurrent.ThreadPoolExecutor.getTask(ThreadPoolExecutor.java:1073)&#10;        at java.util.concurrent.ThreadPoolExecutor.runWorker(ThreadPoolExecutor.java:1134)&#10;        at java.util.concurrent.ThreadPoolExecutor$Worker.run(ThreadPoolExecutor.java:624)&#10;        at java.lang.Thread.run(Thread.java:748)&#10;&quot;pool-76-thread-25&quot;  prio=5 tid=771 in Object.wait()&#10;java.lang.Thread.State: WAITING (on object monitor)&#10;        at sun.misc.Unsafe.park(Native Method)&#10;        at java.util.concurrent.locks.LockSupport.park(LockSupport.java:175)&#10;        at java.util.concurrent.locks.AbstractQueuedSynchronizer$ConditionObject.await(AbstractQueuedSynchronizer.java:2039)&#10;        at java.util.concurrent.ArrayBlockingQueue.take(ArrayBlockingQueue.java:403)&#10;        at java.util.concurrent.ThreadPoolExecutor.getTask(ThreadPoolExecutor.java:1074)&#10;        at java.util.concurrent.ThreadPoolExecutor.runWorker(ThreadPoolExecutor.java:1134)&#10;        at java.util.concurrent.ThreadPoolExecutor$Worker.run(ThreadPoolExecutor.java:624)&#10;        at java.lang.Thread.run(Thread.java:748)&#10;&quot;PartialTableCache Cleanup Thread - 0&quot; daemon prio=5 tid=1203 in Object.wait()&#10;java.lang.Thread.State: WAITING (on object monitor)&#10;        at sun.misc.Unsafe.park(Native Method)&#10;        at java.util.concurrent.locks.LockSupport.park(LockSupport.java:175)&#10;        at java.util.concurrent.locks.AbstractQueuedSynchronizer$ConditionObject.await(AbstractQueuedSynchronizer.java:2039)&#10;        at java.util.concurrent.LinkedBlockingQueue.take(LinkedBlockingQueue.java:442)&#10;        at java.util.concurrent.ThreadPoolExecutor.getTask(ThreadPoolExecutor.java:1074)&#10;        at java.util.concurrent.ThreadPoolExecutor.runWorker(ThreadPoolExecutor.java:1134)&#10;        at java.util.concurrent.ThreadPoolExecutor$Worker.run(ThreadPoolExecutor.java:624)&#10;        at java.lang.Thread.run(Thread.java:748)&#10;&quot;pool-104-thread-1&quot; daemon prio=5 tid=615 timed_waiting&#10;java.lang.Thread.State: TIMED_WAITING&#10;        at sun.misc.Unsafe.park(Native Method)&#10;        at java.util.concurrent.locks.LockSupport.parkNanos(LockSupport.java:215)&#10;        at java.util.concurrent.locks.AbstractQueuedSynchronizer$ConditionObject.awaitNanos(AbstractQueuedSynchronizer.java:2078)&#10;        at java.util.concurrent.ScheduledThreadPoolExecutor$DelayedWorkQueue.take(ScheduledThreadPoolExecutor.java:1093)&#10;        at java.util.concurrent.ScheduledThreadPoolExecutor$DelayedWorkQueue.take(ScheduledThreadPoolExecutor.java:809)&#10;        at java.util.concurrent.ThreadPoolExecutor.getTask(ThreadPoolExecutor.java:1074)&#10;        at java.util.concurrent.ThreadPoolExecutor.runWorker(ThreadPoolExecutor.java:1134)&#10;        at java.util.concurrent.ThreadPoolExecutor$Worker.run(ThreadPoolExecutor.java:624)&#10;        at java.lang.Thread.run(Thread.java:748)&#10;&quot;org.eclipse.jetty.server.session.HashSessionManager@715b886fTimer&quot; daemon prio=5 tid=248 timed_waiting&#10;java.lang.Thread.State: TIMED_WAITING&#10;        at sun.misc.Unsafe.park(Native Method)&#10;        at java.util.concurrent.locks.LockSupport.parkNanos(LockSupport.java:215)&#10;        at java.util.concurrent.locks.AbstractQueuedSynchronizer$ConditionObject.awaitNanos(AbstractQueuedSynchronizer.java:2078)&#10;        at java.util.concurrent.ScheduledThreadPoolExecutor$DelayedWorkQueue.take(ScheduledThreadPoolExecutor.java:1093)&#10;        at java.util.concurrent.ScheduledThreadPoolExecutor$DelayedWorkQueue.take(ScheduledThreadPoolExecutor.java:809)&#10;        at java.util.concurrent.ThreadPoolExecutor.getTask(ThreadPoolExecutor.java:1074)&#10;        at java.util.concurrent.ThreadPoolExecutor.runWorker(ThreadPoolExecutor.java:1134)&#10;        at java.util.concurrent.ThreadPoolExecutor$Worker.run(ThreadPoolExecutor.java:624)&#10;        at java.lang.Thread.run(Thread.java:748)&#10;&quot;pool-96-thread-9&quot;  prio=5 tid=891 in Object.wait()&#10;java.lang.Thread.State: WAITING (on object monitor)&#10;        at sun.misc.Unsafe.park(Native Method)&#10;        at java.util.concurrent.locks.LockSupport.park(LockSupport.java:175)&#10;        at java.util.concurrent.locks.AbstractQueuedSynchronizer$ConditionObject.await(AbstractQueuedSynchronizer.java:2039)&#10;        at java.util.concurrent.ArrayBlockingQueue.take(ArrayBlockingQueue.java:403)&#10;        at java.util.concurrent.ThreadPoolExecutor.getTask(ThreadPoolExecutor.java:1074)&#10;        at java.util.concurrent.ThreadPoolExecutor.runWorker(ThreadPoolExecutor.java:1134)&#10;        at java.util.concurrent.ThreadPoolExecutor$Worker.run(ThreadPoolExecutor.java:624)&#10;        at java.lang.Thread.run(Thread.java:748)&#10;&quot;pool-86-thread-43&quot;  prio=5 tid=861 in Object.wait()&#10;java.lang.Thread.State: WAITING (on object monitor)&#10;        at sun.misc.Unsafe.park(Native Method)&#10;        at java.util.concurrent.locks.LockSupport.park(LockSupport.java:175)&#10;        at java.util.concurrent.locks.AbstractQueuedSynchronizer$ConditionObject.await(AbstractQueuedSynchronizer.java:2039)&#10;        at java.util.concurrent.ArrayBlockingQueue.take(ArrayBlockingQueue.java:403)&#10;        at java.util.concurrent.ThreadPoolExecutor.getTask(ThreadPoolExecutor.java:1074)&#10;        at java.util.concurrent.ThreadPoolExecutor.runWorker(ThreadPoolExecutor.java:1134)&#10;        at java.util.concurrent.ThreadPoolExecutor$Worker.run(ThreadPoolExecutor.java:624)&#10;        at java.lang.Thread.run(Thread.java:748)&#10;&quot;org.eclipse.jetty.server.session.HashSessionManager@1981d861Timer&quot; daemon prio=5 tid=222 timed_waiting&#10;java.lang.Thread.State: TIMED_WAITING&#10;        at sun.misc.Unsafe.park(Native Method)&#10;        at java.util.concurrent.locks.LockSupport.parkNanos(LockSupport.java:215)&#10;        at java.util.concurrent.locks.AbstractQueuedSynchronizer$ConditionObject.awaitNanos(AbstractQueuedSynchronizer.java:2078)&#10;        at java.util.concurrent.ScheduledThreadPoolExecutor$DelayedWorkQueue.take(ScheduledThreadPoolExecutor.java:1093)&#10;        at java.util.concurrent.ScheduledThreadPoolExecutor$DelayedWorkQueue.take(ScheduledThreadPoolExecutor.java:809)&#10;        at java.util.concurrent.ThreadPoolExecutor.getTask(ThreadPoolExecutor.java:1074)&#10;        at java.util.concurrent.ThreadPoolExecutor.runWorker(ThreadPoolExecutor.java:1134)&#10;        at java.util.concurrent.ThreadPoolExecutor$Worker.run(ThreadPoolExecutor.java:624)&#10;        at java.lang.Thread.run(Thread.java:748)&#10;&quot;pool-36-thread-8&quot;  prio=5 tid=357 in Object.wait()&#10;java.lang.Thread.State: WAITING (on object monitor)&#10;        at sun.misc.Unsafe.park(Native Method)&#10;        at java.util.concurrent.locks.LockSupport.park(LockSupport.java:175)&#10;        at java.util.concurrent.locks.AbstractQueuedSynchronizer$ConditionObject.await(AbstractQueuedSynchronizer.java:2039)&#10;        at java.util.concurrent.ArrayBlockingQueue.take(ArrayBlockingQueue.java:403)&#10;        at java.util.concurrent.ThreadPoolExecutor.getTask(ThreadPoolExecutor.java:1074)&#10;        at java.util.concurrent.ThreadPoolExecutor.runWorker(ThreadPoolExecutor.java:1134)&#10;        at java.util.concurrent.ThreadPoolExecutor$Worker.run(ThreadPoolExecutor.java:624)&#10;        at java.lang.Thread.run(Thread.java:748)&#10;&quot;pool-117-thread-6&quot;  prio=5 tid=1065 in Object.wait()&#10;java.lang.Thread.State: WAITING (on object monitor)&#10;        at sun.misc.Unsafe.park(Native Method)&#10;        at java.util.concurrent.locks.LockSupport.park(LockSupport.java:175)&#10;        at java.util.concurrent.locks.AbstractQueuedSynchronizer$ConditionObject.await(AbstractQueuedSynchronizer.java:2039)&#10;        at java.util.concurrent.ArrayBlockingQueue.take(ArrayBlockingQueue.java:403)&#10;        at java.util.concurrent.ThreadPoolExecutor.getTask(ThreadPoolExecutor.java:1074)&#10;        at java.util.concurrent.ThreadPoolExecutor.runWorker(ThreadPoolExecutor.java:1134)&#10;        at java.util.concurrent.ThreadPoolExecutor$Worker.run(ThreadPoolExecutor.java:624)&#10;        at java.lang.Thread.run(Thread.java:748)&#10;&quot;4b7a3050-62f1-41a0-b275-38638fa6aa33@group-575707D9BA83-SegmentedRaftLogWorker&quot;  prio=5 tid=1125 timed_waiting&#10;java.lang.Thread.State: TIMED_WAITING&#10;        at sun.misc.Unsafe.park(Native Method)&#10;        at java.util.concurrent.locks.LockSupport.parkNanos(LockSupport.java:215)&#10;        at java.util.concurrent.locks.AbstractQueuedSynchronizer$ConditionObject.awaitNanos(AbstractQueuedSynchronizer.java:2078)&#10;        at org.apache.ratis.util.DataBlockingQueue.poll(DataBlockingQueue.java:137)&#10;        at org.apache.ratis.server.raftlog.segmented.SegmentedRaftLogWorker.run(SegmentedRaftLogWorker.java:282)&#10;        at java.lang.Thread.run(Thread.java:748)&#10;&quot;EventQueue-ContainerReportForContainerReportHandler&quot; daemon prio=5 tid=737 in Object.wait()&#10;java.lang.Thread.State: WAITING (on object monitor)&#10;        at sun.misc.Unsafe.park(Native Method)&#10;        at java.util.concurrent.locks.LockSupport.park(LockSupport.java:175)&#10;        at java.util.concurrent.locks.AbstractQueuedSynchronizer$ConditionObject.await(AbstractQueuedSynchronizer.java:2039)&#10;        at java.util.concurrent.LinkedBlockingQueue.take(LinkedBlockingQueue.java:442)&#10;        at java.util.concurrent.ThreadPoolExecutor.getTask(ThreadPoolExecutor.java:1074)&#10;        at java.util.concurrent.ThreadPoolExecutor.runWorker(ThreadPoolExecutor.java:1134)&#10;        at java.util.concurrent.ThreadPoolExecutor$Worker.run(ThreadPoolExecutor.java:624)&#10;        at java.lang.Thread.run(Thread.java:748)&#10;&quot;qtp549049813-272&quot; daemon prio=5 tid=272 timed_waiting&#10;java.lang.Thread.State: TIMED_WAITING&#10;        at sun.misc.Unsafe.park(Native Method)&#10;        at java.util.concurrent.locks.LockSupport.parkNanos(LockSupport.java:215)&#10;        at java.util.concurrent.locks.AbstractQueuedSynchronizer$ConditionObject.awaitNanos(AbstractQueuedSynchronizer.java:2078)&#10;        at org.eclipse.jetty.util.BlockingArrayQueue.poll(BlockingArrayQueue.java:392)&#10;        at org.eclipse.jetty.util.thread.QueuedThreadPool.idleJobPoll(QueuedThreadPool.java:563)&#10;        at org.eclipse.jetty.util.thread.QueuedThreadPool.access$800(QueuedThreadPool.java:48)&#10;        at org.eclipse.jetty.util.thread.QueuedThreadPool$2.run(QueuedThreadPool.java:626)&#10;        at java.lang.Thread.run(Thread.java:748)&#10;&quot;pool-106-thread-60&quot;  prio=5 tid=1040 in Object.wait()&#10;java.lang.Thread.State: WAITING (on object monitor)&#10;        at sun.misc.Unsafe.park(Native Method)&#10;        at java.util.concurrent.locks.LockSupport.park(LockSupport.java:175)&#10;        at java.util.concurrent.locks.AbstractQueuedSynchronizer$ConditionObject.await(AbstractQueuedSynchronizer.java:2039)&#10;        at java.util.concurrent.ArrayBlockingQueue.take(ArrayBlockingQueue.java:403)&#10;        at java.util.concurrent.ThreadPoolExecutor.getTask(ThreadPoolExecutor.java:1074)&#10;        at java.util.concurrent.ThreadPoolExecutor.runWorker(ThreadPoolExecutor.java:1134)&#10;        at java.util.concurrent.ThreadPoolExecutor$Worker.run(ThreadPoolExecutor.java:624)&#10;        at java.lang.Thread.run(Thread.java:748)&#10;&quot;Datanode ReportManager Thread - 1&quot; daemon prio=5 tid=729 in Object.wait()&#10;java.lang.Thread.State: WAITING (on object monitor)&#10;        at sun.misc.Unsafe.park(Native Method)&#10;        at java.util.concurrent.locks.LockSupport.park(LockSupport.java:175)&#10;        at java.util.concurrent.locks.AbstractQueuedSynchronizer$ConditionObject.await(AbstractQueuedSynchronizer.java:2039)&#10;        at java.util.concurrent.ScheduledThreadPoolExecutor$DelayedWorkQueue.take(ScheduledThreadPoolExecutor.java:1088)&#10;        at java.util.concurrent.ScheduledThreadPoolExecutor$DelayedWorkQueue.take(ScheduledThreadPoolExecutor.java:809)&#10;        at java.util.concurrent.ThreadPoolExecutor.getTask(ThreadPoolExecutor.java:1074)&#10;        at java.util.concurrent.ThreadPoolExecutor.runWorker(ThreadPoolExecutor.java:1134)&#10;        at java.util.concurrent.ThreadPoolExecutor$Worker.run(ThreadPoolExecutor.java:624)&#10;        at java.lang.Thread.run(Thread.java:748)&#10;&quot;pool-24-thread-1&quot; daemon prio=5 tid=156 timed_waiting&#10;java.lang.Thread.State: TIMED_WAITING&#10;        at sun.misc.Unsafe.park(Native Method)&#10;        at java.util.concurrent.locks.LockSupport.parkNanos(LockSupport.java:215)&#10;        at java.util.concurrent.locks.AbstractQueuedSynchronizer$ConditionObject.awaitNanos(AbstractQueuedSynchronizer.java:2078)&#10;        at java.util.concurrent.ScheduledThreadPoolExecutor$DelayedWorkQueue.take(ScheduledThreadPoolExecutor.java:1093)&#10;        at java.util.concurrent.ScheduledThreadPoolExecutor$DelayedWorkQueue.take(ScheduledThreadPoolExecutor.java:809)&#10;        at java.util.concurrent.ThreadPoolExecutor.getTask(ThreadPoolExecutor.java:1074)&#10;        at java.util.concurrent.ThreadPoolExecutor.runWorker(ThreadPoolExecutor.java:1134)&#10;        at java.util.concurrent.ThreadPoolExecutor$Worker.run(ThreadPoolExecutor.java:624)&#10;        at java.lang.Thread.run(Thread.java:748)&#10;&quot;pool-117-thread-48&quot;  prio=5 tid=1107 in Object.wait()&#10;java.lang.Thread.State: WAITING (on object monitor)&#10;        at sun.misc.Unsafe.park(Native Method)&#10;        at java.util.concurrent.locks.LockSupport.park(LockSupport.java:175)&#10;        at java.util.concurrent.locks.AbstractQueuedSynchronizer$ConditionObject.await(AbstractQueuedSynchronizer.java:2039)&#10;        at java.util.concurrent.ArrayBlockingQueue.take(ArrayBlockingQueue.java:403)&#10;        at java.util.concurrent.ThreadPoolExecutor.getTask(ThreadPoolExecutor.java:1074)&#10;        at java.util.concurrent.ThreadPoolExecutor.runWorker(ThreadPoolExecutor.java:1134)&#10;        at java.util.concurrent.ThreadPoolExecutor$Worker.run(ThreadPoolExecutor.java:624)&#10;        at java.lang.Thread.run(Thread.java:748)&#10;&quot;BlockDeletingService#0&quot; daemon prio=5 tid=1044 timed_waiting&#10;java.lang.Thread.State: TIMED_WAITING&#10;        at sun.misc.Unsafe.park(Native Method)&#10;        at java.util.concurrent.locks.LockSupport.parkNanos(LockSupport.java:215)&#10;        at java.util.concurrent.locks.AbstractQueuedSynchronizer$ConditionObject.awaitNanos(AbstractQueuedSynchronizer.java:2078)&#10;        at java.util.concurrent.ScheduledThreadPoolExecutor$DelayedWorkQueue.take(ScheduledThreadPoolExecutor.java:1093)&#10;        at java.util.concurrent.ScheduledThreadPoolExecutor$DelayedWorkQueue.take(ScheduledThreadPoolExecutor.java:809)&#10;        at java.util.concurrent.ThreadPoolExecutor.getTask(ThreadPoolExecutor.java:1074)&#10;        at java.util.concurrent.ThreadPoolExecutor.runWorker(ThreadPoolExecutor.java:1134)&#10;        at java.util.concurrent.ThreadPoolExecutor$Worker.run(ThreadPoolExecutor.java:624)&#10;        at java.lang.Thread.run(Thread.java:748)&#10;&quot;pool-56-thread-8&quot;  prio=5 tid=365 in Object.wait()&#10;java.lang.Thread.State: WAITING (on object monitor)&#10;        at sun.misc.Unsafe.park(Native Method)&#10;        at java.util.concurrent.locks.LockSupport.park(LockSupport.java:175)&#10;        at java.util.concurrent.locks.AbstractQueuedSynchronizer$ConditionObject.await(AbstractQueuedSynchronizer.java:2039)&#10;        at java.util.concurrent.ArrayBlockingQueue.take(ArrayBlockingQueue.java:403)&#10;        at java.util.concurrent.ThreadPoolExecutor.getTask(ThreadPoolExecutor.java:1074)&#10;        at java.util.concurrent.ThreadPoolExecutor.runWorker(ThreadPoolExecutor.java:1134)&#10;        at java.util.concurrent.ThreadPoolExecutor$Worker.run(ThreadPoolExecutor.java:624)&#10;        at java.lang.Thread.run(Thread.java:748)&#10;&quot;pool-106-thread-9&quot;  prio=5 tid=988 in Object.wait()&#10;java.lang.Thread.State: WAITING (on object monitor)&#10;        at sun.misc.Unsafe.park(Native Method)&#10;        at java.util.concurrent.locks.LockSupport.park(LockSupport.java:175)&#10;        at java.util.concurrent.locks.AbstractQueuedSynchronizer$ConditionObject.await(AbstractQueuedSynchronizer.java:2039)&#10;        at java.util.concurrent.ArrayBlockingQueue.take(ArrayBlockingQueue.java:403)&#10;        at java.util.concurrent.ThreadPoolExecutor.getTask(ThreadPoolExecutor.java:1074)&#10;        at java.util.concurrent.ThreadPoolExecutor.runWorker(ThreadPoolExecutor.java:1134)&#10;        at java.util.concurrent.ThreadPoolExecutor$Worker.run(ThreadPoolExecutor.java:624)&#10;        at java.lang.Thread.run(Thread.java:748)&#10;&quot;Periodic HDDS volume checker&quot;  prio=5 tid=260 timed_waiting&#10;java.lang.Thread.State: TIMED_WAITING&#10;        at sun.misc.Unsafe.park(Native Method)&#10;        at java.util.concurrent.locks.LockSupport.parkNanos(LockSupport.java:215)&#10;        at java.util.concurrent.locks.AbstractQueuedSynchronizer$ConditionObject.awaitNanos(AbstractQueuedSynchronizer.java:2078)&#10;        at java.util.concurrent.ScheduledThreadPoolExecutor$DelayedWorkQueue.take(ScheduledThreadPoolExecutor.java:1093)&#10;        at java.util.concurrent.ScheduledThreadPoolExecutor$DelayedWorkQueue.take(ScheduledThreadPoolExecutor.java:809)&#10;        at java.util.concurrent.ThreadPoolExecutor.getTask(ThreadPoolExecutor.java:1074)&#10;        at java.util.concurrent.ThreadPoolExecutor.runWorker(ThreadPoolExecutor.java:1134)&#10;        at java.util.concurrent.ThreadPoolExecutor$Worker.run(ThreadPoolExecutor.java:624)&#10;        at java.lang.Thread.run(Thread.java:748)&#10;&quot;pool-86-thread-57&quot;  prio=5 tid=875 in Object.wait()&#10;java.lang.Thread.State: WAITING (on object monitor)&#10;        at sun.misc.Unsafe.park(Native Method)&#10;        at java.util.concurrent.locks.LockSupport.park(LockSupport.java:175)&#10;        at java.util.concurrent.locks.AbstractQueuedSynchronizer$ConditionObject.await(AbstractQueuedSynchronizer.java:2039)&#10;        at java.util.concurrent.ArrayBlockingQueue.take(ArrayBlockingQueue.java:403)&#10;        at java.util.concurrent.ThreadPoolExecutor.getTask(ThreadPoolExecutor.java:1074)&#10;        at java.util.concurrent.ThreadPoolExecutor.runWorker(ThreadPoolExecutor.java:1134)&#10;        at java.util.concurrent.ThreadPoolExecutor$Worker.run(ThreadPoolExecutor.java:624)&#10;        at java.lang.Thread.run(Thread.java:748)&#10;&quot;pool-27-thread-1&quot;  prio=5 tid=811 in Object.wait()&#10;java.lang.Thread.State: WAITING (on object monitor)&#10;        at sun.misc.Unsafe.park(Native Method)&#10;        at java.util.concurrent.locks.LockSupport.park(LockSupport.java:175)&#10;        at java.util.concurrent.locks.AbstractQueuedSynchronizer$ConditionObject.await(AbstractQueuedSynchronizer.java:2039)&#10;        at java.util.concurrent.LinkedBlockingQueue.take(LinkedBlockingQueue.java:442)&#10;        at java.util.concurrent.ThreadPoolExecutor.getTask(ThreadPoolExecutor.java:1074)&#10;        at java.util.concurrent.ThreadPoolExecutor.runWorker(ThreadPoolExecutor.java:1134)&#10;        at java.util.concurrent.ThreadPoolExecutor$Worker.run(ThreadPoolExecutor.java:624)&#10;        at java.lang.Thread.run(Thread.java:748)&#10;&quot;qtp856047451-619&quot; daemon prio=5 tid=619 runnable&#10;java.lang.Thread.State: RUNNABLE&#10;        at sun.nio.ch.EPollArrayWrapper.epollWait(Native Method)&#10;        at sun.nio.ch.EPollArrayWrapper.poll(EPollArrayWrapper.java:269)&#10;        at sun.nio.ch.EPollSelectorImpl.doSelect(EPollSelectorImpl.java:93)&#10;        at sun.nio.ch.SelectorImpl.lockAndDoSelect(SelectorImpl.java:86)&#10;        at sun.nio.ch.SelectorImpl.select(SelectorImpl.java:97)&#10;        at sun.nio.ch.SelectorImpl.select(SelectorImpl.java:101)&#10;        at org.eclipse.jetty.io.ManagedSelector$SelectorProducer.select(ManagedSelector.java:243)&#10;        at org.eclipse.jetty.io.ManagedSelector$SelectorProducer.produce(ManagedSelector.java:191)&#10;        at org.eclipse.jetty.util.thread.strategy.ExecuteProduceConsume.executeProduceConsume(ExecuteProduceConsume.java:249)&#10;        at org.eclipse.jetty.util.thread.strategy.ExecuteProduceConsume.produceConsume(ExecuteProduceConsume.java:148)&#10;        at org.eclipse.jetty.util.thread.strategy.ExecuteProduceConsume.execute(ExecuteProduceConsume.java:100)&#10;        at org.eclipse.jetty.io.ManagedSelector.run(ManagedSelector.java:147)&#10;        at org.eclipse.jetty.util.thread.QueuedThreadPool.runJob(QueuedThreadPool.java:671)&#10;        at org.eclipse.jetty.util.thread.QueuedThreadPool$2.run(QueuedThreadPool.java:589)&#10;        at java.lang.Thread.run(Thread.java:748)&#10;&quot;qtp303805531-218&quot; daemon prio=5 tid=218 timed_waiting&#10;java.lang.Thread.State: TIMED_WAITING&#10;        at sun.misc.Unsafe.park(Native Method)&#10;        at java.util.concurrent.locks.LockSupport.parkNanos(LockSupport.java:215)&#10;        at java.util.concurrent.locks.AbstractQueuedSynchronizer$ConditionObject.awaitNanos(AbstractQueuedSynchronizer.java:2078)&#10;        at org.eclipse.jetty.util.BlockingArrayQueue.poll(BlockingArrayQueue.java:392)&#10;        at org.eclipse.jetty.util.thread.QueuedThreadPool.idleJobPoll(QueuedThreadPool.java:563)&#10;        at org.eclipse.jetty.util.thread.QueuedThreadPool.access$800(QueuedThreadPool.java:48)&#10;        at org.eclipse.jetty.util.thread.QueuedThreadPool$2.run(QueuedThreadPool.java:626)&#10;        at java.lang.Thread.run(Thread.java:748)&#10;&quot;pool-86-thread-22&quot;  prio=5 tid=840 in Object.wait()&#10;java.lang.Thread.State: WAITING (on object monitor)&#10;        at sun.misc.Unsafe.park(Native Method)&#10;        at java.util.concurrent.locks.LockSupport.park(LockSupport.java:175)&#10;        at java.util.concurrent.locks.AbstractQueuedSynchronizer$ConditionObject.await(AbstractQueuedSynchronizer.java:2039)&#10;        at java.util.concurrent.ArrayBlockingQueue.take(ArrayBlockingQueue.java:403)&#10;        at java.util.concurrent.ThreadPoolExecutor.getTask(ThreadPoolExecutor.java:1074)&#10;        at java.util.concurrent.ThreadPoolExecutor.runWorker(ThreadPoolExecutor.java:1134)&#10;        at java.util.concurrent.ThreadPoolExecutor$Worker.run(ThreadPoolExecutor.java:624)&#10;        at java.lang.Thread.run(Thread.java:748)&#10;&quot;org.eclipse.jetty.server.session.HashSessionManager@5c723f2dTimer&quot; daemon prio=5 tid=724 timed_waiting&#10;java.lang.Thread.State: TIMED_WAITING&#10;        at sun.misc.Unsafe.park(Native Method)&#10;        at java.util.concurrent.locks.LockSupport.parkNanos(LockSupport.java:215)&#10;        at java.util.concurrent.locks.AbstractQueuedSynchronizer$ConditionObject.awaitNanos(AbstractQueuedSynchronizer.java:2078)&#10;        at java.util.concurrent.ScheduledThreadPoolExecutor$DelayedWorkQueue.take(ScheduledThreadPoolExecutor.java:1093)&#10;        at java.util.concurrent.ScheduledThreadPoolExecutor$DelayedWorkQueue.take(ScheduledThreadPoolExecutor.java:809)&#10;        at java.util.concurrent.ThreadPoolExecutor.getTask(ThreadPoolExecutor.java:1074)&#10;        at java.util.concurrent.ThreadPoolExecutor.runWorker(ThreadPoolExecutor.java:1134)&#10;        at java.util.concurrent.ThreadPoolExecutor$Worker.run(ThreadPoolExecutor.java:624)&#10;        at java.lang.Thread.run(Thread.java:748)&#10;&quot;pool-26-thread-57&quot;  prio=5 tid=536 in Object.wait()&#10;java.lang.Thread.State: WAITING (on object monitor)&#10;        at sun.misc.Unsafe.park(Native Method)&#10;        at java.util.concurrent.locks.LockSupport.park(LockSupport.java:175)&#10;        at java.util.concurrent.locks.AbstractQueuedSynchronizer$ConditionObject.await(AbstractQueuedSynchronizer.java:2039)&#10;        at java.util.concurrent.ArrayBlockingQueue.take(ArrayBlockingQueue.java:403)&#10;        at java.util.concurrent.ThreadPoolExecutor.getTask(ThreadPoolExecutor.java:1074)&#10;        at java.util.concurrent.ThreadPoolExecutor.runWorker(ThreadPoolExecutor.java:1134)&#10;        at java.util.concurrent.ThreadPoolExecutor$Worker.run(ThreadPoolExecutor.java:624)&#10;        at java.lang.Thread.run(Thread.java:748)&#10;&quot;pool-26-thread-45&quot;  prio=5 tid=487 in Object.wait()&#10;java.lang.Thread.State: WAITING (on object monitor)&#10;        at sun.misc.Unsafe.park(Native Method)&#10;        at java.util.concurrent.locks.LockSupport.park(LockSupport.java:175)&#10;        at java.util.concurrent.locks.AbstractQueuedSynchronizer$ConditionObject.await(AbstractQueuedSynchronizer.java:2039)&#10;        at java.util.concurrent.ArrayBlockingQueue.take(ArrayBlockingQueue.java:403)&#10;        at java.util.concurrent.ThreadPoolExecutor.getTask(ThreadPoolExecutor.java:1074)&#10;        at java.util.concurrent.ThreadPoolExecutor.runWorker(ThreadPoolExecutor.java:1134)&#10;        at java.util.concurrent.ThreadPoolExecutor$Worker.run(ThreadPoolExecutor.java:624)&#10;        at java.lang.Thread.run(Thread.java:748)&#10;&quot;pool-40-thread-1&quot;  prio=5 tid=185 timed_waiting&#10;java.lang.Thread.State: TIMED_WAITING&#10;        at sun.misc.Unsafe.park(Native Method)&#10;        at java.util.concurrent.locks.LockSupport.parkNanos(LockSupport.java:215)&#10;        at java.util.concurrent.locks.AbstractQueuedSynchronizer$ConditionObject.awaitNanos(AbstractQueuedSynchronizer.java:2078)&#10;        at java.util.concurrent.ScheduledThreadPoolExecutor$DelayedWorkQueue.take(ScheduledThreadPoolExecutor.java:1093)&#10;        at java.util.concurrent.ScheduledThreadPoolExecutor$DelayedWorkQueue.take(ScheduledThreadPoolExecutor.java:809)&#10;        at java.util.concurrent.ThreadPoolExecutor.getTask(ThreadPoolExecutor.java:1074)&#10;        at java.util.concurrent.ThreadPoolExecutor.runWorker(ThreadPoolExecutor.java:1134)&#10;        at java.util.concurrent.ThreadPoolExecutor$Worker.run(ThreadPoolExecutor.java:624)&#10;        at java.lang.Thread.run(Thread.java:748)&#10;&quot;pool-117-thread-38&quot;  prio=5 tid=1097 in Object.wait()&#10;java.lang.Thread.State: WAITING (on object monitor)&#10;        at sun.misc.Unsafe.park(Native Method)&#10;        at java.util.concurrent.locks.LockSupport.park(LockSupport.java:175)&#10;        at java.util.concurrent.locks.AbstractQueuedSynchronizer$ConditionObject.await(AbstractQueuedSynchronizer.java:2039)&#10;        at java.util.concurrent.ArrayBlockingQueue.take(ArrayBlockingQueue.java:403)&#10;        at java.util.concurrent.ThreadPoolExecutor.getTask(ThreadPoolExecutor.java:1074)&#10;        at java.util.concurrent.ThreadPoolExecutor.runWorker(ThreadPoolExecutor.java:1134)&#10;        at java.util.concurrent.ThreadPoolExecutor$Worker.run(ThreadPoolExecutor.java:624)&#10;        at java.lang.Thread.run(Thread.java:748)&#10;&quot;PartialTableCache Cleanup Thread - 0&quot; daemon prio=5 tid=1204 in Object.wait()&#10;java.lang.Thread.State: WAITING (on object monitor)&#10;        at sun.misc.Unsafe.park(Native Method)&#10;        at java.util.concurrent.locks.LockSupport.park(LockSupport.java:175)&#10;        at java.util.concurrent.locks.AbstractQueuedSynchronizer$ConditionObject.await(AbstractQueuedSynchronizer.java:2039)&#10;        at java.util.concurrent.LinkedBlockingQueue.take(LinkedBlockingQueue.java:442)&#10;        at java.util.concurrent.ThreadPoolExecutor.getTask(ThreadPoolExecutor.java:1074)&#10;        at java.util.concurrent.ThreadPoolExecutor.runWorker(ThreadPoolExecutor.java:1134)&#10;        at java.util.concurrent.ThreadPoolExecutor$Worker.run(ThreadPoolExecutor.java:624)&#10;        at java.lang.Thread.run(Thread.java:748)&#10;&quot;java.util.concurrent.ThreadPoolExecutor$Worker@79a480e7[State = -1, empty queue]&quot; daemon prio=5 tid=1305 timed_waiting&#10;java.lang.Thread.State: TIMED_WAITING&#10;        at sun.misc.Unsafe.park(Native Method)&#10;        at java.util.concurrent.locks.LockSupport.parkNanos(LockSupport.java:215)&#10;        at java.util.concurrent.locks.AbstractQueuedSynchronizer$ConditionObject.awaitNanos(AbstractQueuedSynchronizer.java:2078)&#10;        at java.util.concurrent.ScheduledThreadPoolExecutor$DelayedWorkQueue.take(ScheduledThreadPoolExecutor.java:1093)&#10;        at java.util.concurrent.ScheduledThreadPoolExecutor$DelayedWorkQueue.take(ScheduledThreadPoolExecutor.java:809)&#10;        at java.util.concurrent.ThreadPoolExecutor.getTask(ThreadPoolExecutor.java:1074)&#10;        at java.util.concurrent.ThreadPoolExecutor.runWorker(ThreadPoolExecutor.java:1134)&#10;        at java.util.concurrent.ThreadPoolExecutor$Worker.run(ThreadPoolExecutor.java:624)&#10;        at java.lang.Thread.run(Thread.java:748)&#10;&quot;pool-106-thread-50&quot;  prio=5 tid=1029 in Object.wait()&#10;java.lang.Thread.State: WAITING (on object monitor)&#10;        at sun.misc.Unsafe.park(Native Method)&#10;        at java.util.concurrent.locks.LockSupport.park(LockSupport.java:175)&#10;        at java.util.concurrent.locks.AbstractQueuedSynchronizer$ConditionObject.await(AbstractQueuedSynchronizer.java:2039)&#10;        at java.util.concurrent.ArrayBlockingQueue.take(ArrayBlockingQueue.java:403)&#10;        at java.util.concurrent.ThreadPoolExecutor.getTask(ThreadPoolExecutor.java:1074)&#10;        at java.util.concurrent.ThreadPoolExecutor.runWorker(ThreadPoolExecutor.java:1134)&#10;        at java.util.concurrent.ThreadPoolExecutor$Worker.run(ThreadPoolExecutor.java:624)&#10;        at java.lang.Thread.run(Thread.java:748)&#10;&quot;java.util.concurrent.ThreadPoolExecutor$Worker@18d1d907[State = -1, empty queue]&quot; daemon prio=5 tid=1306 timed_waiting&#10;java.lang.Thread.State: TIMED_WAITING&#10;        at sun.misc.Unsafe.park(Native Method)&#10;        at java.util.concurrent.locks.LockSupport.parkNanos(LockSupport.java:215)&#10;        at java.util.concurrent.locks.AbstractQueuedSynchronizer$ConditionObject.awaitNanos(AbstractQueuedSynchronizer.java:2078)&#10;        at java.util.concurrent.ScheduledThreadPoolExecutor$DelayedWorkQueue.take(ScheduledThreadPoolExecutor.java:1093)&#10;        at java.util.concurrent.ScheduledThreadPoolExecutor$DelayedWorkQueue.take(ScheduledThreadPoolExecutor.java:809)&#10;        at java.util.concurrent.ThreadPoolExecutor.getTask(ThreadPoolExecutor.java:1074)&#10;        at java.util.concurrent.ThreadPoolExecutor.runWorker(ThreadPoolExecutor.java:1134)&#10;        at java.util.concurrent.ThreadPoolExecutor$Worker.run(ThreadPoolExecutor.java:624)&#10;        at java.lang.Thread.run(Thread.java:748)&#10;&quot;java.util.concurrent.ThreadPoolExecutor$Worker@1eb5d942[State = -1, empty queue]&quot; daemon prio=5 tid=1238 timed_waiting&#10;java.lang.Thread.State: TIMED_WAITING&#10;        at sun.misc.Unsafe.park(Native Method)&#10;        at java.util.concurrent.locks.LockSupport.parkNanos(LockSupport.java:215)&#10;        at java.util.concurrent.locks.AbstractQueuedSynchronizer$ConditionObject.awaitNanos(AbstractQueuedSynchronizer.java:2078)&#10;        at java.util.concurrent.ScheduledThreadPoolExecutor$DelayedWorkQueue.take(ScheduledThreadPoolExecutor.java:1093)&#10;        at java.util.concurrent.ScheduledThreadPoolExecutor$DelayedWorkQueue.take(ScheduledThreadPoolExecutor.java:809)&#10;        at java.util.concurrent.ThreadPoolExecutor.getTask(ThreadPoolExecutor.java:1074)&#10;        at java.util.concurrent.ThreadPoolExecutor.runWorker(ThreadPoolExecutor.java:1134)&#10;        at java.util.concurrent.ThreadPoolExecutor$Worker.run(ThreadPoolExecutor.java:624)&#10;        at java.lang.Thread.run(Thread.java:748)&#10;&quot;pool-76-thread-45&quot;  prio=5 tid=791 in Object.wait()&#10;java.lang.Thread.State: WAITING (on object monitor)&#10;        at sun.misc.Unsafe.park(Native Method)&#10;        at java.util.concurrent.locks.LockSupport.park(LockSupport.java:175)&#10;        at java.util.concurrent.locks.AbstractQueuedSynchronizer$ConditionObject.await(AbstractQueuedSynchronizer.java:2039)&#10;        at java.util.concurrent.ArrayBlockingQueue.take(ArrayBlockingQueue.java:403)&#10;        at java.util.concurrent.ThreadPoolExecutor.getTask(ThreadPoolExecutor.java:1074)&#10;        at java.util.concurrent.ThreadPoolExecutor.runWorker(ThreadPoolExecutor.java:1134)&#10;        at java.util.concurrent.ThreadPoolExecutor$Worker.run(ThreadPoolExecutor.java:624)&#10;        at java.lang.Thread.run(Thread.java:748)&#10;&quot;Datanode ReportManager Thread - 0&quot; daemon prio=5 tid=670 timed_waiting&#10;java.lang.Thread.State: TIMED_WAITING&#10;        at sun.misc.Unsafe.park(Native Method)&#10;        at java.util.concurrent.locks.LockSupport.parkNanos(LockSupport.java:215)&#10;        at java.util.concurrent.locks.AbstractQueuedSynchronizer$ConditionObject.awaitNanos(AbstractQueuedSynchronizer.java:2078)&#10;        at java.util.concurrent.ScheduledThreadPoolExecutor$DelayedWorkQueue.take(ScheduledThreadPoolExecutor.java:1093)&#10;        at java.util.concurrent.ScheduledThreadPoolExecutor$DelayedWorkQueue.take(ScheduledThreadPoolExecutor.java:809)&#10;        at java.util.concurrent.ThreadPoolExecutor.getTask(ThreadPoolExecutor.java:1074)&#10;        at java.util.concurrent.ThreadPoolExecutor.runWorker(ThreadPoolExecutor.java:1134)&#10;        at java.util.concurrent.ThreadPoolExecutor$Worker.run(ThreadPoolExecutor.java:624)&#10;        at java.lang.Thread.run(Thread.java:748)&#10;&quot;pool-90-thread-1&quot;  prio=5 tid=323 timed_waiting&#10;java.lang.Thread.State: TIMED_WAITING&#10;        at sun.misc.Unsafe.park(Native Method)&#10;        at java.util.concurrent.locks.LockSupport.parkNanos(LockSupport.java:215)&#10;        at java.util.concurrent.locks.AbstractQueuedSynchronizer$ConditionObject.awaitNanos(AbstractQueuedSynchronizer.java:2078)&#10;        at java.util.concurrent.ScheduledThreadPoolExecutor$DelayedWorkQueue.take(ScheduledThreadPoolExecutor.java:1093)&#10;        at java.util.concurrent.ScheduledThreadPoolExecutor$DelayedWorkQueue.take(ScheduledThreadPoolExecutor.java:809)&#10;        at java.util.concurrent.ThreadPoolExecutor.getTask(ThreadPoolExecutor.java:1074)&#10;        at java.util.concurrent.ThreadPoolExecutor.runWorker(ThreadPoolExecutor.java:1134)&#10;        at java.util.concurrent.ThreadPoolExecutor$Worker.run(ThreadPoolExecutor.java:624)&#10;        at java.lang.Thread.run(Thread.java:748)&#10;&quot;pool-106-thread-43&quot;  prio=5 tid=1022 in Object.wait()&#10;java.lang.Thread.State: WAITING (on object monitor)&#10;        at sun.misc.Unsafe.park(Native Method)&#10;        at java.util.concurrent.locks.LockSupport.park(LockSupport.java:175)&#10;        at java.util.concurrent.locks.AbstractQueuedSynchronizer$ConditionObject.await(AbstractQueuedSynchronizer.java:2039)&#10;        at java.util.concurrent.ArrayBlockingQueue.take(ArrayBlockingQueue.java:403)&#10;        at java.util.concurrent.ThreadPoolExecutor.getTask(ThreadPoolExecutor.java:1074)&#10;        at java.util.concurrent.ThreadPoolExecutor.runWorker(ThreadPoolExecutor.java:1134)&#10;        at java.util.concurrent.ThreadPoolExecutor$Worker.run(ThreadPoolExecutor.java:624)&#10;        at java.lang.Thread.run(Thread.java:748)&#10;&quot;pool-56-thread-32&quot;  prio=5 tid=469 in Object.wait()&#10;java.lang.Thread.State: WAITING (on object monitor)&#10;        at sun.misc.Unsafe.park(Native Method)&#10;        at java.util.concurrent.locks.LockSupport.park(LockSupport.java:175)&#10;        at java.util.concurrent.locks.AbstractQueuedSynchronizer$ConditionObject.await(AbstractQueuedSynchronizer.java:2039)&#10;        at java.util.concurrent.ArrayBlockingQueue.take(ArrayBlockingQueue.java:403)&#10;        at java.util.concurrent.ThreadPoolExecutor.getTask(ThreadPoolExecutor.java:1074)&#10;        at java.util.concurrent.ThreadPoolExecutor.runWorker(ThreadPoolExecutor.java:1134)&#10;        at java.util.concurrent.ThreadPoolExecutor$Worker.run(ThreadPoolExecutor.java:624)&#10;        at java.lang.Thread.run(Thread.java:748)&#10;&quot;pool-36-thread-43&quot;  prio=5 tid=534 in Object.wait()&#10;java.lang.Thread.State: WAITING (on object monitor)&#10;        at sun.misc.Unsafe.park(Native Method)&#10;        at java.util.concurrent.locks.LockSupport.park(LockSupport.java:175)&#10;        at java.util.concurrent.locks.AbstractQueuedSynchronizer$ConditionObject.await(AbstractQueuedSynchronizer.java:2039)&#10;        at java.util.concurrent.ArrayBlockingQueue.take(ArrayBlockingQueue.java:403)&#10;        at java.util.concurrent.ThreadPoolExecutor.getTask(ThreadPoolExecutor.java:1074)&#10;        at java.util.concurrent.ThreadPoolExecutor.runWorker(ThreadPoolExecutor.java:1134)&#10;        at java.util.concurrent.ThreadPoolExecutor$Worker.run(ThreadPoolExecutor.java:624)&#10;        at java.lang.Thread.run(Thread.java:748)&#10;&quot;pool-76-thread-27&quot;  prio=5 tid=773 in Object.wait()&#10;java.lang.Thread.State: WAITING (on object monitor)&#10;        at sun.misc.Unsafe.park(Native Method)&#10;        at java.util.concurrent.locks.LockSupport.park(LockSupport.java:175)&#10;        at java.util.concurrent.locks.AbstractQueuedSynchronizer$ConditionObject.await(AbstractQueuedSynchronizer.java:2039)&#10;        at java.util.concurrent.ArrayBlockingQueue.take(ArrayBlockingQueue.java:403)&#10;        at java.util.concurrent.ThreadPoolExecutor.getTask(ThreadPoolExecutor.java:1074)&#10;        at java.util.concurrent.ThreadPoolExecutor.runWorker(ThreadPoolExecutor.java:1134)&#10;        at java.util.concurrent.ThreadPoolExecutor$Worker.run(ThreadPoolExecutor.java:624)&#10;        at java.lang.Thread.run(Thread.java:748)&#10;&quot;refreshUsed-/workdir/hadoop-ozone/integration-test/target/test-dir/MiniOzoneClusterImpl-fc727f2e-e877-4159-90ff-4473a18561dc/datanode-0/data/containers&quot; daemon prio=5 tid=154 timed_waiting&#10;java.lang.Thread.State: TIMED_WAITING&#10;        at java.lang.Thread.sleep(Native Method)&#10;        at org.apache.hadoop.fs.CachingGetSpaceUsed$RefreshThread.run(CachingGetSpaceUsed.java:179)&#10;        at java.lang.Thread.run(Thread.java:748)&#10;&quot;org.apache.hadoop.util.JvmPauseMonitor$Monitor@6001a449&quot; daemon prio=5 tid=230 timed_waiting&#10;java.lang.Thread.State: TIMED_WAITING&#10;        at java.lang.Thread.sleep(Native Method)&#10;        at org.apache.hadoop.util.JvmPauseMonitor$Monitor.run(JvmPauseMonitor.java:192)&#10;        at java.lang.Thread.run(Thread.java:748)&#10;&quot;pool-56-thread-29&quot;  prio=5 tid=456 in Object.wait()&#10;java.lang.Thread.State: WAITING (on object monitor)&#10;        at sun.misc.Unsafe.park(Native Method)&#10;        at java.util.concurrent.locks.LockSupport.park(LockSupport.java:175)&#10;        at java.util.concurrent.locks.AbstractQueuedSynchronizer$ConditionObject.await(AbstractQueuedSynchronizer.java:2039)&#10;        at java.util.concurrent.ArrayBlockingQueue.take(ArrayBlockingQueue.java:403)&#10;        at java.util.concurrent.ThreadPoolExecutor.getTask(ThreadPoolExecutor.java:1074)&#10;        at java.util.concurrent.ThreadPoolExecutor.runWorker(ThreadPoolExecutor.java:1134)&#10;        at java.util.concurrent.ThreadPoolExecutor$Worker.run(ThreadPoolExecutor.java:624)&#10;        at java.lang.Thread.run(Thread.java:748)&#10;&quot;pool-21-thread-1&quot;  prio=5 tid=135 timed_waiting&#10;java.lang.Thread.State: TIMED_WAITING&#10;        at sun.misc.Unsafe.park(Native Method)&#10;        at java.util.concurrent.locks.LockSupport.parkNanos(LockSupport.java:215)&#10;        at java.util.concurrent.locks.AbstractQueuedSynchronizer$ConditionObject.awaitNanos(AbstractQueuedSynchronizer.java:2078)&#10;        at java.util.concurrent.ScheduledThreadPoolExecutor$DelayedWorkQueue.take(ScheduledThreadPoolExecutor.java:1093)&#10;        at java.util.concurrent.ScheduledThreadPoolExecutor$DelayedWorkQueue.take(ScheduledThreadPoolExecutor.java:809)&#10;        at java.util.concurrent.ThreadPoolExecutor.getTask(ThreadPoolExecutor.java:1074)&#10;        at java.util.concurrent.ThreadPoolExecutor.runWorker(ThreadPoolExecutor.java:1134)&#10;        at java.util.concurrent.ThreadPoolExecutor$Worker.run(ThreadPoolExecutor.java:624)&#10;        at java.lang.Thread.run(Thread.java:748)&#10;&quot;IPC Server handler 4 on 40878&quot; daemon prio=5 tid=53 timed_waiting&#10;java.lang.Thread.State: TIMED_WAITING&#10;        at sun.misc.Unsafe.park(Native Method)&#10;        at java.util.concurrent.locks.LockSupport.parkNanos(LockSupport.java:215)&#10;        at java.util.concurrent.locks.AbstractQueuedSynchronizer$ConditionObject.awaitNanos(AbstractQueuedSynchronizer.java:2078)&#10;        at java.util.concurrent.LinkedBlockingQueue.poll(LinkedBlockingQueue.java:467)&#10;        at org.apache.hadoop.ipc.CallQueueManager.take(CallQueueManager.java:288)&#10;        at org.apache.hadoop.ipc.Server$Handler.run(Server.java:2668)&#10;&quot;pool-26-thread-22&quot;  prio=5 tid=411 in Object.wait()&#10;java.lang.Thread.State: WAITING (on object monitor)&#10;        at sun.misc.Unsafe.park(Native Method)&#10;        at java.util.concurrent.locks.LockSupport.park(LockSupport.java:175)&#10;        at java.util.concurrent.locks.AbstractQueuedSynchronizer$ConditionObject.await(AbstractQueuedSynchronizer.java:2039)&#10;        at java.util.concurrent.ArrayBlockingQueue.take(ArrayBlockingQueue.java:403)&#10;        at java.util.concurrent.ThreadPoolExecutor.getTask(ThreadPoolExecutor.java:1074)&#10;        at java.util.concurrent.ThreadPoolExecutor.runWorker(ThreadPoolExecutor.java:1134)&#10;        at java.util.concurrent.ThreadPoolExecutor$Worker.run(ThreadPoolExecutor.java:624)&#10;        at java.lang.Thread.run(Thread.java:748)&#10;&quot;metrics-hadoop-metrics2-reporter-9-thread-1&quot; daemon prio=5 tid=958 timed_waiting&#10;java.lang.Thread.State: TIMED_WAITING&#10;        at sun.misc.Unsafe.park(Native Method)&#10;        at java.util.concurrent.locks.LockSupport.parkNanos(LockSupport.java:215)&#10;        at java.util.concurrent.locks.AbstractQueuedSynchronizer$ConditionObject.awaitNanos(AbstractQueuedSynchronizer.java:2078)&#10;        at java.util.concurrent.ScheduledThreadPoolExecutor$DelayedWorkQueue.take(ScheduledThreadPoolExecutor.java:1093)&#10;        at java.util.concurrent.ScheduledThreadPoolExecutor$DelayedWorkQueue.take(ScheduledThreadPoolExecutor.java:809)&#10;        at java.util.concurrent.ThreadPoolExecutor.getTask(ThreadPoolExecutor.java:1074)&#10;        at java.util.concurrent.ThreadPoolExecutor.runWorker(ThreadPoolExecutor.java:1134)&#10;        at java.util.concurrent.ThreadPoolExecutor$Worker.run(ThreadPoolExecutor.java:624)&#10;        at java.lang.Thread.run(Thread.java:748)&#10;&quot;qtp318555935-189&quot; daemon prio=5 tid=189 timed_waiting&#10;java.lang.Thread.State: TIMED_WAITING&#10;        at sun.misc.Unsafe.park(Native Method)&#10;        at java.util.concurrent.locks.LockSupport.parkNanos(LockSupport.java:215)&#10;        at java.util.concurrent.locks.AbstractQueuedSynchronizer$ConditionObject.awaitNanos(AbstractQueuedSynchronizer.java:2078)&#10;        at org.eclipse.jetty.util.BlockingArrayQueue.poll(BlockingArrayQueue.java:392)&#10;        at org.eclipse.jetty.util.thread.QueuedThreadPool.idleJobPoll(QueuedThreadPool.java:563)&#10;        at org.eclipse.jetty.util.thread.QueuedThreadPool.access$800(QueuedThreadPool.java:48)&#10;        at org.eclipse.jetty.util.thread.QueuedThreadPool$2.run(QueuedThreadPool.java:626)&#10;        at java.lang.Thread.run(Thread.java:748)&#10;&quot;pool-26-thread-39&quot;  prio=5 tid=459 in Object.wait()&#10;java.lang.Thread.State: WAITING (on object monitor)&#10;        at sun.misc.Unsafe.park(Native Method)&#10;        at java.util.concurrent.locks.LockSupport.park(LockSupport.java:175)&#10;        at java.util.concurrent.locks.AbstractQueuedSynchronizer$ConditionObject.await(AbstractQueuedSynchronizer.java:2039)&#10;        at java.util.concurrent.ArrayBlockingQueue.take(ArrayBlockingQueue.java:403)&#10;        at java.util.concurrent.ThreadPoolExecutor.getTask(ThreadPoolExecutor.java:1074)&#10;        at java.util.concurrent.ThreadPoolExecutor.runWorker(ThreadPoolExecutor.java:1134)&#10;        at java.util.concurrent.ThreadPoolExecutor$Worker.run(ThreadPoolExecutor.java:624)&#10;        at java.lang.Thread.run(Thread.java:748)&#10;&quot;pool-76-thread-33&quot;  prio=5 tid=779 in Object.wait()&#10;java.lang.Thread.State: WAITING (on object monitor)&#10;        at sun.misc.Unsafe.park(Native Method)&#10;        at java.util.concurrent.locks.LockSupport.park(LockSupport.java:175)&#10;        at java.util.concurrent.locks.AbstractQueuedSynchronizer$ConditionObject.await(AbstractQueuedSynchronizer.java:2039)&#10;        at java.util.concurrent.ArrayBlockingQueue.take(ArrayBlockingQueue.java:403)&#10;        at java.util.concurrent.ThreadPoolExecutor.getTask(ThreadPoolExecutor.java:1074)&#10;        at java.util.concurrent.ThreadPoolExecutor.runWorker(ThreadPoolExecutor.java:1134)&#10;        at java.util.concurrent.ThreadPoolExecutor$Worker.run(ThreadPoolExecutor.java:624)&#10;        at java.lang.Thread.run(Thread.java:748)&#10;&quot;Command processor thread&quot; daemon prio=5 tid=175 timed_waiting&#10;java.lang.Thread.State: TIMED_WAITING&#10;        at java.lang.Thread.sleep(Native Method)&#10;        at org.apache.hadoop.ozone.container.common.statemachine.DatanodeStateMachine.lambda$initCommandHandlerThread$1(DatanodeStateMachine.java:439)&#10;        at org.apache.hadoop.ozone.container.common.statemachine.DatanodeStateMachine$$Lambda$141/1487479796.run(Unknown Source)&#10;        at java.lang.Thread.run(Thread.java:748)&#10;&quot;pool-26-thread-54&quot;  prio=5 tid=513 in Object.wait()&#10;java.lang.Thread.State: WAITING (on object monitor)&#10;        at sun.misc.Unsafe.park(Native Method)&#10;        at java.util.concurrent.locks.LockSupport.park(LockSupport.java:175)&#10;        at java.util.concurrent.locks.AbstractQueuedSynchronizer$ConditionObject.await(AbstractQueuedSynchronizer.java:2039)&#10;        at java.util.concurrent.ArrayBlockingQueue.take(ArrayBlockingQueue.java:403)&#10;        at java.util.concurrent.ThreadPoolExecutor.getTask(ThreadPoolExecutor.java:1074)&#10;        at java.util.concurrent.ThreadPoolExecutor.runWorker(ThreadPoolExecutor.java:1134)&#10;        at java.util.concurrent.ThreadPoolExecutor$Worker.run(ThreadPoolExecutor.java:624)&#10;        at java.lang.Thread.run(Thread.java:748)&#10;&quot;pool-36-thread-17&quot;  prio=5 tid=396 in Object.wait()&#10;java.lang.Thread.State: WAITING (on object monitor)&#10;        at sun.misc.Unsafe.park(Native Method)&#10;        at java.util.concurrent.locks.LockSupport.park(LockSupport.java:175)&#10;        at java.util.concurrent.locks.AbstractQueuedSynchronizer$ConditionObject.await(AbstractQueuedSynchronizer.java:2039)&#10;        at java.util.concurrent.ArrayBlockingQueue.take(ArrayBlockingQueue.java:403)&#10;        at java.util.concurrent.ThreadPoolExecutor.getTask(ThreadPoolExecutor.java:1074)&#10;        at java.util.concurrent.ThreadPoolExecutor.runWorker(ThreadPoolExecutor.java:1134)&#10;        at java.util.concurrent.ThreadPoolExecutor$Worker.run(ThreadPoolExecutor.java:624)&#10;        at java.lang.Thread.run(Thread.java:748)&#10;&quot;pool-106-thread-40&quot;  prio=5 tid=1019 in Object.wait()&#10;java.lang.Thread.State: WAITING (on object monitor)&#10;        at sun.misc.Unsafe.park(Native Method)&#10;        at java.util.concurrent.locks.LockSupport.park(LockSupport.java:175)&#10;        at java.util.concurrent.locks.AbstractQueuedSynchronizer$ConditionObject.await(AbstractQueuedSynchronizer.java:2039)&#10;        at java.util.concurrent.ArrayBlockingQueue.take(ArrayBlockingQueue.java:403)&#10;        at java.util.concurrent.ThreadPoolExecutor.getTask(ThreadPoolExecutor.java:1074)&#10;        at java.util.concurrent.ThreadPoolExecutor.runWorker(ThreadPoolExecutor.java:1134)&#10;        at java.util.concurrent.ThreadPoolExecutor$Worker.run(ThreadPoolExecutor.java:624)&#10;        at java.lang.Thread.run(Thread.java:748)&#10;&quot;pool-86-thread-19&quot;  prio=5 tid=837 in Object.wait()&#10;java.lang.Thread.State: WAITING (on object monitor)&#10;        at sun.misc.Unsafe.park(Native Method)&#10;        at java.util.concurrent.locks.LockSupport.park(LockSupport.java:175)&#10;        at java.util.concurrent.locks.AbstractQueuedSynchronizer$ConditionObject.await(AbstractQueuedSynchronizer.java:2039)&#10;        at java.util.concurrent.ArrayBlockingQueue.take(ArrayBlockingQueue.java:403)&#10;        at java.util.concurrent.ThreadPoolExecutor.getTask(ThreadPoolExecutor.java:1074)&#10;        at java.util.concurrent.ThreadPoolExecutor.runWorker(ThreadPoolExecutor.java:1134)&#10;        at java.util.concurrent.ThreadPoolExecutor$Worker.run(ThreadPoolExecutor.java:624)&#10;        at java.lang.Thread.run(Thread.java:748)&#10;&quot;pool-106-thread-41&quot;  prio=5 tid=1020 in Object.wait()&#10;java.lang.Thread.State: WAITING (on object monitor)&#10;        at sun.misc.Unsafe.park(Native Method)&#10;        at java.util.concurrent.locks.LockSupport.park(LockSupport.java:175)&#10;        at java.util.concurrent.locks.AbstractQueuedSynchronizer$ConditionObject.await(AbstractQueuedSynchronizer.java:2039)&#10;        at java.util.concurrent.ArrayBlockingQueue.take(ArrayBlockingQueue.java:403)&#10;        at java.util.concurrent.ThreadPoolExecutor.getTask(ThreadPoolExecutor.java:1074)&#10;        at java.util.concurrent.ThreadPoolExecutor.runWorker(ThreadPoolExecutor.java:1134)&#10;        at java.util.concurrent.ThreadPoolExecutor$Worker.run(ThreadPoolExecutor.java:624)&#10;        at java.lang.Thread.run(Thread.java:748)&#10;&quot;qtp1680841335-242&quot; daemon prio=5 tid=242 timed_waiting&#10;java.lang.Thread.State: TIMED_WAITING&#10;        at sun.misc.Unsafe.park(Native Method)&#10;        at java.util.concurrent.locks.LockSupport.parkNanos(LockSupport.java:215)&#10;        at java.util.concurrent.locks.AbstractQueuedSynchronizer$ConditionObject.awaitNanos(AbstractQueuedSynchronizer.java:2078)&#10;        at org.eclipse.jetty.util.BlockingArrayQueue.poll(BlockingArrayQueue.java:392)&#10;        at org.eclipse.jetty.util.thread.QueuedThreadPool.idleJobPoll(QueuedThreadPool.java:563)&#10;        at org.eclipse.jetty.util.thread.QueuedThreadPool.access$800(QueuedThreadPool.java:48)&#10;        at org.eclipse.jetty.util.thread.QueuedThreadPool$2.run(QueuedThreadPool.java:626)&#10;        at java.lang.Thread.run(Thread.java:748)&#10;&quot;pool-56-thread-25&quot;  prio=5 tid=437 in Object.wait()&#10;java.lang.Thread.State: WAITING (on object monitor)&#10;        at sun.misc.Unsafe.park(Native Method)&#10;        at java.util.concurrent.locks.LockSupport.park(LockSupport.java:175)&#10;        at java.util.concurrent.locks.AbstractQueuedSynchronizer$ConditionObject.await(AbstractQueuedSynchronizer.java:2039)&#10;        at java.util.concurrent.ArrayBlockingQueue.take(ArrayBlockingQueue.java:403)&#10;        at java.util.concurrent.ThreadPoolExecutor.getTask(ThreadPoolExecutor.java:1074)&#10;        at java.util.concurrent.ThreadPoolExecutor.runWorker(ThreadPoolExecutor.java:1134)&#10;        at java.util.concurrent.ThreadPoolExecutor$Worker.run(ThreadPoolExecutor.java:624)&#10;        at java.lang.Thread.run(Thread.java:748)&#10;&quot;qtp934617920-592-acceptor-0@2390bcd-ServerConnector@1d805aa1{HTTP/1.1,[http/1.1]}{0.0.0.0:46278}&quot; daemon prio=3 tid=592 runnable&#10;java.lang.Thread.State: RUNNABLE&#10;        at sun.nio.ch.ServerSocketChannelImpl.accept0(Native Method)&#10;        at sun.nio.ch.ServerSocketChannelImpl.accept(ServerSocketChannelImpl.java:422)&#10;        at sun.nio.ch.ServerSocketChannelImpl.accept(ServerSocketChannelImpl.java:250)&#10;        at org.eclipse.jetty.server.ServerConnector.accept(ServerConnector.java:397)&#10;        at org.eclipse.jetty.server.AbstractConnector$Acceptor.run(AbstractConnector.java:601)&#10;        at org.eclipse.jetty.util.thread.QueuedThreadPool.runJob(QueuedThreadPool.java:671)&#10;        at org.eclipse.jetty.util.thread.QueuedThreadPool$2.run(QueuedThreadPool.java:589)&#10;        at java.lang.Thread.run(Thread.java:748)&#10;&quot;Reference Handler&quot; daemon prio=10 tid=2 in Object.wait()&#10;java.lang.Thread.State: WAITING (on object monitor)&#10;        at java.lang.Object.wait(Native Method)&#10;        at java.lang.Object.wait(Object.java:502)&#10;        at java.lang.ref.Reference.tryHandlePending(Reference.java:191)&#10;        at java.lang.ref.Reference$ReferenceHandler.run(Reference.java:153)&#10;&quot;pool-66-thread-32&quot;  prio=5 tid=671 in Object.wait()&#10;java.lang.Thread.State: WAITING (on object monitor)&#10;        at sun.misc.Unsafe.park(Native Method)&#10;        at java.util.concurrent.locks.LockSupport.park(LockSupport.java:175)&#10;        at java.util.concurrent.locks.AbstractQueuedSynchronizer$ConditionObject.await(AbstractQueuedSynchronizer.java:2039)&#10;        at java.util.concurrent.ArrayBlockingQueue.take(ArrayBlockingQueue.java:403)&#10;        at java.util.concurrent.ThreadPoolExecutor.getTask(ThreadPoolExecutor.java:1074)&#10;        at java.util.concurrent.ThreadPoolExecutor.runWorker(ThreadPoolExecutor.java:1134)&#10;        at java.util.concurrent.ThreadPoolExecutor$Worker.run(ThreadPoolExecutor.java:624)&#10;        at java.lang.Thread.run(Thread.java:748)&#10;&quot;pool-106-thread-30&quot;  prio=5 tid=1009 in Object.wait()&#10;java.lang.Thread.State: WAITING (on object monitor)&#10;        at sun.misc.Unsafe.park(Native Method)&#10;        at java.util.concurrent.locks.LockSupport.park(LockSupport.java:175)&#10;        at java.util.concurrent.locks.AbstractQueuedSynchronizer$ConditionObject.await(AbstractQueuedSynchronizer.java:2039)&#10;        at java.util.concurrent.ArrayBlockingQueue.take(ArrayBlockingQueue.java:403)&#10;        at java.util.concurrent.ThreadPoolExecutor.getTask(ThreadPoolExecutor.java:1074)&#10;        at java.util.concurrent.ThreadPoolExecutor.runWorker(ThreadPoolExecutor.java:1134)&#10;        at java.util.concurrent.ThreadPoolExecutor$Worker.run(ThreadPoolExecutor.java:624)&#10;        at java.lang.Thread.run(Thread.java:748)&#10;&quot;qtp142993407-403&quot; daemon prio=5 tid=403 timed_waiting&#10;java.lang.Thread.State: TIMED_WAITING&#10;        at sun.misc.Unsafe.park(Native Method)&#10;        at java.util.concurrent.locks.LockSupport.parkNanos(LockSupport.java:215)&#10;        at java.util.concurrent.locks.AbstractQueuedSynchronizer$ConditionObject.awaitNanos(AbstractQueuedSynchronizer.java:2078)&#10;        at org.eclipse.jetty.util.BlockingArrayQueue.poll(BlockingArrayQueue.java:392)&#10;        at org.eclipse.jetty.util.thread.QueuedThreadPool.idleJobPoll(QueuedThreadPool.java:563)&#10;        at org.eclipse.jetty.util.thread.QueuedThreadPool.access$800(QueuedThreadPool.java:48)&#10;        at org.eclipse.jetty.util.thread.QueuedThreadPool$2.run(QueuedThreadPool.java:626)&#10;        at java.lang.Thread.run(Thread.java:748)&#10;&quot;EventQueue-NodeRegistrationContainerReportForDataNodeSafeModeRule&quot; daemon prio=5 tid=739 in Object.wait()&#10;java.lang.Thread.State: WAITING (on object monitor)&#10;        at sun.misc.Unsafe.park(Native Method)&#10;        at java.util.concurrent.locks.LockSupport.park(LockSupport.java:175)&#10;        at java.util.concurrent.locks.AbstractQueuedSynchronizer$ConditionObject.await(AbstractQueuedSynchronizer.java:2039)&#10;        at java.util.concurrent.LinkedBlockingQueue.take(LinkedBlockingQueue.java:442)&#10;        at java.util.concurrent.ThreadPoolExecutor.getTask(ThreadPoolExecutor.java:1074)&#10;        at java.util.concurrent.ThreadPoolExecutor.runWorker(ThreadPoolExecutor.java:1134)&#10;        at java.util.concurrent.ThreadPoolExecutor$Worker.run(ThreadPoolExecutor.java:624)&#10;        at java.lang.Thread.run(Thread.java:748)&#10;&quot;pool-56-thread-57&quot;  prio=5 tid=568 in Object.wait()&#10;java.lang.Thread.State: WAITING (on object monitor)&#10;        at sun.misc.Unsafe.park(Native Method)&#10;        at java.util.concurrent.locks.LockSupport.park(LockSupport.java:175)&#10;        at java.util.concurrent.locks.AbstractQueuedSynchronizer$ConditionObject.await(AbstractQueuedSynchronizer.java:2039)&#10;        at java.util.concurrent.ArrayBlockingQueue.take(ArrayBlockingQueue.java:403)&#10;        at java.util.concurrent.ThreadPoolExecutor.getTask(ThreadPoolExecutor.java:1074)&#10;        at java.util.concurrent.ThreadPoolExecutor.runWorker(ThreadPoolExecutor.java:1134)&#10;        at java.util.concurrent.ThreadPoolExecutor$Worker.run(ThreadPoolExecutor.java:624)&#10;        at java.lang.Thread.run(Thread.java:748)&#10;&quot;pool-96-thread-50&quot;  prio=5 tid=932 in Object.wait()&#10;java.lang.Thread.State: WAITING (on object monitor)&#10;        at sun.misc.Unsafe.park(Native Method)&#10;        at java.util.concurrent.locks.LockSupport.park(LockSupport.java:175)&#10;        at java.util.concurrent.locks.AbstractQueuedSynchronizer$ConditionObject.await(AbstractQueuedSynchronizer.java:2039)&#10;        at java.util.concurrent.ArrayBlockingQueue.take(ArrayBlockingQueue.java:403)&#10;        at java.util.concurrent.ThreadPoolExecutor.getTask(ThreadPoolExecutor.java:1074)&#10;        at java.util.concurrent.ThreadPoolExecutor.runWorker(ThreadPoolExecutor.java:1134)&#10;        at java.util.concurrent.ThreadPoolExecutor$Worker.run(ThreadPoolExecutor.java:624)&#10;        at java.lang.Thread.run(Thread.java:748)&#10;&quot;pool-66-thread-38&quot;  prio=5 tid=680 in Object.wait()&#10;java.lang.Thread.State: WAITING (on object monitor)&#10;        at sun.misc.Unsafe.park(Native Method)&#10;        at java.util.concurrent.locks.LockSupport.park(LockSupport.java:175)&#10;        at java.util.concurrent.locks.AbstractQueuedSynchronizer$ConditionObject.await(AbstractQueuedSynchronizer.java:2039)&#10;        at java.util.concurrent.ArrayBlockingQueue.take(ArrayBlockingQueue.java:403)&#10;        at java.util.concurrent.ThreadPoolExecutor.getTask(ThreadPoolExecutor.java:1074)&#10;        at java.util.concurrent.ThreadPoolExecutor.runWorker(ThreadPoolExecutor.java:1134)&#10;        at java.util.concurrent.ThreadPoolExecutor$Worker.run(ThreadPoolExecutor.java:624)&#10;        at java.lang.Thread.run(Thread.java:748)&#10;&quot;pool-76-thread-47&quot;  prio=5 tid=793 in Object.wait()&#10;java.lang.Thread.State: WAITING (on object monitor)&#10;        at sun.misc.Unsafe.park(Native Method)&#10;        at java.util.concurrent.locks.LockSupport.park(LockSupport.java:175)&#10;        at java.util.concurrent.locks.AbstractQueuedSynchronizer$ConditionObject.await(AbstractQueuedSynchronizer.java:2039)&#10;        at java.util.concurrent.ArrayBlockingQueue.take(ArrayBlockingQueue.java:403)&#10;        at java.util.concurrent.ThreadPoolExecutor.getTask(ThreadPoolExecutor.java:1074)&#10;        at java.util.concurrent.ThreadPoolExecutor.runWorker(ThreadPoolExecutor.java:1134)&#10;        at java.util.concurrent.ThreadPoolExecutor$Worker.run(ThreadPoolExecutor.java:624)&#10;        at java.lang.Thread.run(Thread.java:748)&#10;&quot;pool-86-thread-4&quot;  prio=5 tid=822 in Object.wait()&#10;java.lang.Thread.State: WAITING (on object monitor)&#10;        at sun.misc.Unsafe.park(Native Method)&#10;        at java.util.concurrent.locks.LockSupport.park(LockSupport.java:175)&#10;        at java.util.concurrent.locks.AbstractQueuedSynchronizer$ConditionObject.await(AbstractQueuedSynchronizer.java:2039)&#10;        at java.util.concurrent.ArrayBlockingQueue.take(ArrayBlockingQueue.java:403)&#10;        at java.util.concurrent.ThreadPoolExecutor.getTask(ThreadPoolExecutor.java:1074)&#10;        at java.util.concurrent.ThreadPoolExecutor.runWorker(ThreadPoolExecutor.java:1134)&#10;        at java.util.concurrent.ThreadPoolExecutor$Worker.run(ThreadPoolExecutor.java:624)&#10;        at java.lang.Thread.run(Thread.java:748)&#10;&quot;pool-36-thread-39&quot;  prio=5 tid=517 in Object.wait()&#10;java.lang.Thread.State: WAITING (on object monitor)&#10;        at sun.misc.Unsafe.park(Native Method)&#10;        at java.util.concurrent.locks.LockSupport.park(LockSupport.java:175)&#10;        at java.util.concurrent.locks.AbstractQueuedSynchronizer$ConditionObject.await(AbstractQueuedSynchronizer.java:2039)&#10;        at java.util.concurrent.ArrayBlockingQueue.take(ArrayBlockingQueue.java:403)&#10;        at java.util.concurrent.ThreadPoolExecutor.getTask(ThreadPoolExecutor.java:1074)&#10;        at java.util.concurrent.ThreadPoolExecutor.runWorker(ThreadPoolExecutor.java:1134)&#10;        at java.util.concurrent.ThreadPoolExecutor$Worker.run(ThreadPoolExecutor.java:624)&#10;        at java.lang.Thread.run(Thread.java:748)&#10;&quot;pool-46-thread-38&quot;  prio=5 tid=495 in Object.wait()&#10;java.lang.Thread.State: WAITING (on object monitor)&#10;        at sun.misc.Unsafe.park(Native Method)&#10;        at java.util.concurrent.locks.LockSupport.park(LockSupport.java:175)&#10;        at java.util.concurrent.locks.AbstractQueuedSynchronizer$ConditionObject.await(AbstractQueuedSynchronizer.java:2039)&#10;        at java.util.concurrent.ArrayBlockingQueue.take(ArrayBlockingQueue.java:403)&#10;        at java.util.concurrent.ThreadPoolExecutor.getTask(ThreadPoolExecutor.java:1074)&#10;        at java.util.concurrent.ThreadPoolExecutor.runWorker(ThreadPoolExecutor.java:1134)&#10;        at java.util.concurrent.ThreadPoolExecutor$Worker.run(ThreadPoolExecutor.java:624)&#10;        at java.lang.Thread.run(Thread.java:748)&#10;&quot;pool-76-thread-43&quot;  prio=5 tid=789 in Object.wait()&#10;java.lang.Thread.State: WAITING (on object monitor)&#10;        at sun.misc.Unsafe.park(Native Method)&#10;        at java.util.concurrent.locks.LockSupport.park(LockSupport.java:175)&#10;        at java.util.concurrent.locks.AbstractQueuedSynchronizer$ConditionObject.await(AbstractQueuedSynchronizer.java:2039)&#10;        at java.util.concurrent.ArrayBlockingQueue.take(ArrayBlockingQueue.java:403)&#10;        at java.util.concurrent.ThreadPoolExecutor.getTask(ThreadPoolExecutor.java:1074)&#10;        at java.util.concurrent.ThreadPoolExecutor.runWorker(ThreadPoolExecutor.java:1134)&#10;        at java.util.concurrent.ThreadPoolExecutor$Worker.run(ThreadPoolExecutor.java:624)&#10;        at java.lang.Thread.run(Thread.java:748)&#10;&quot;Command processor thread&quot; daemon prio=5 tid=607 in Object.wait()&#10;java.lang.Thread.State: WAITING (on object monitor)&#10;        at sun.misc.Unsafe.park(Native Method)&#10;        at java.util.concurrent.locks.LockSupport.park(LockSupport.java:175)&#10;        at java.util.concurrent.CompletableFuture$Signaller.block(CompletableFuture.java:1693)&#10;        at java.util.concurrent.ForkJoinPool.managedBlock(ForkJoinPool.java:3323)&#10;        at java.util.concurrent.CompletableFuture.waitingGet(CompletableFuture.java:1729)&#10;        at java.util.concurrent.CompletableFuture.get(CompletableFuture.java:1895)&#10;        at org.apache.hadoop.ozone.container.common.transport.server.ratis.XceiverServerRatis.submitRequest(XceiverServerRatis.java:507)&#10;        at org.apache.hadoop.ozone.container.common.statemachine.commandhandler.CloseContainerCommandHandler.handle(CloseContainerCommandHandler.java:102)&#10;        at org.apache.hadoop.ozone.container.common.statemachine.commandhandler.CommandDispatcher.handle(CommandDispatcher.java:99)&#10;        at org.apache.hadoop.ozone.container.common.statemachine.DatanodeStateMachine.lambda$initCommandHandlerThread$1(DatanodeStateMachine.java:432)&#10;        at org.apache.hadoop.ozone.container.common.statemachine.DatanodeStateMachine$$Lambda$141/1487479796.run(Unknown Source)&#10;        at java.lang.Thread.run(Thread.java:748)&#10;&quot;pool-86-thread-32&quot;  prio=5 tid=850 in Object.wait()&#10;java.lang.Thread.State: WAITING (on object monitor)&#10;        at sun.misc.Unsafe.park(Native Method)&#10;        at java.util.concurrent.locks.LockSupport.park(LockSupport.java:175)&#10;        at java.util.concurrent.locks.AbstractQueuedSynchronizer$ConditionObject.await(AbstractQueuedSynchronizer.java:2039)&#10;        at java.util.concurrent.ArrayBlockingQueue.take(ArrayBlockingQueue.java:403)&#10;        at java.util.concurrent.ThreadPoolExecutor.getTask(ThreadPoolExecutor.java:1074)&#10;        at java.util.concurrent.ThreadPoolExecutor.runWorker(ThreadPoolExecutor.java:1134)&#10;        at java.util.concurrent.ThreadPoolExecutor$Worker.run(ThreadPoolExecutor.java:624)&#10;        at java.lang.Thread.run(Thread.java:748)&#10;&quot;org.eclipse.jetty.server.session.HashSessionManager@350d3f4dTimer&quot; daemon prio=5 tid=249 timed_waiting&#10;java.lang.Thread.State: TIMED_WAITING&#10;        at sun.misc.Unsafe.park(Native Method)&#10;        at java.util.concurrent.locks.LockSupport.parkNanos(LockSupport.java:215)&#10;        at java.util.concurrent.locks.AbstractQueuedSynchronizer$ConditionObject.awaitNanos(AbstractQueuedSynchronizer.java:2078)&#10;        at java.util.concurrent.ScheduledThreadPoolExecutor$DelayedWorkQueue.take(ScheduledThreadPoolExecutor.java:1093)&#10;        at java.util.concurrent.ScheduledThreadPoolExecutor$DelayedWorkQueue.take(ScheduledThreadPoolExecutor.java:809)&#10;        at java.util.concurrent.ThreadPoolExecutor.getTask(ThreadPoolExecutor.java:1074)&#10;        at java.util.concurrent.ThreadPoolExecutor.runWorker(ThreadPoolExecutor.java:1134)&#10;        at java.util.concurrent.ThreadPoolExecutor$Worker.run(ThreadPoolExecutor.java:624)&#10;        at java.lang.Thread.run(Thread.java:748)&#10;&quot;Datanode ReportManager Thread - 0&quot; daemon prio=5 tid=279 in Object.wait()&#10;java.lang.Thread.State: WAITING (on object monitor)&#10;        at sun.misc.Unsafe.park(Native Method)&#10;        at java.util.concurrent.locks.LockSupport.park(LockSupport.java:175)&#10;        at java.util.concurrent.locks.AbstractQueuedSynchronizer$ConditionObject.await(AbstractQueuedSynchronizer.java:2039)&#10;        at java.util.concurrent.ScheduledThreadPoolExecutor$DelayedWorkQueue.take(ScheduledThreadPoolExecutor.java:1088)&#10;        at java.util.concurrent.ScheduledThreadPoolExecutor$DelayedWorkQueue.take(ScheduledThreadPoolExecutor.java:809)&#10;        at java.util.concurrent.ThreadPoolExecutor.getTask(ThreadPoolExecutor.java:1074)&#10;        at java.util.concurrent.ThreadPoolExecutor.runWorker(ThreadPoolExecutor.java:1134)&#10;        at java.util.concurrent.ThreadPoolExecutor$Worker.run(ThreadPoolExecutor.java:624)&#10;        at java.lang.Thread.run(Thread.java:748)&#10;&quot;pool-86-thread-33&quot;  prio=5 tid=851 in Object.wait()&#10;java.lang.Thread.State: WAITING (on object monitor)&#10;        at sun.misc.Unsafe.park(Native Method)&#10;        at java.util.concurrent.locks.LockSupport.park(LockSupport.java:175)&#10;        at java.util.concurrent.locks.AbstractQueuedSynchronizer$ConditionObject.await(AbstractQueuedSynchronizer.java:2039)&#10;        at java.util.concurrent.ArrayBlockingQueue.take(ArrayBlockingQueue.java:403)&#10;        at java.util.concurrent.ThreadPoolExecutor.getTask(ThreadPoolExecutor.java:1074)&#10;        at java.util.concurrent.ThreadPoolExecutor.runWorker(ThreadPoolExecutor.java:1134)&#10;        at java.util.concurrent.ThreadPoolExecutor$Worker.run(ThreadPoolExecutor.java:624)&#10;        at java.lang.Thread.run(Thread.java:748)&#10;&quot;qtp747378368-720&quot; daemon prio=5 tid=720 timed_waiting&#10;java.lang.Thread.State: TIMED_WAITING&#10;        at sun.misc.Unsafe.park(Native Method)&#10;        at java.util.concurrent.locks.LockSupport.parkNanos(LockSupport.java:215)&#10;        at java.util.concurrent.locks.AbstractQueuedSynchronizer$ConditionObject.awaitNanos(AbstractQueuedSynchronizer.java:2078)&#10;        at org.eclipse.jetty.util.BlockingArrayQueue.poll(BlockingArrayQueue.java:392)&#10;        at org.eclipse.jetty.util.thread.QueuedThreadPool.idleJobPoll(QueuedThreadPool.java:563)&#10;        at org.eclipse.jetty.util.thread.QueuedThreadPool.access$800(QueuedThreadPool.java:48)&#10;        at org.eclipse.jetty.util.thread.QueuedThreadPool$2.run(QueuedThreadPool.java:626)&#10;        at java.lang.Thread.run(Thread.java:748)&#10;&quot;pool-76-thread-36&quot;  prio=5 tid=782 in Object.wait()&#10;java.lang.Thread.State: WAITING (on object monitor)&#10;        at sun.misc.Unsafe.park(Native Method)&#10;        at java.util.concurrent.locks.LockSupport.park(LockSupport.java:175)&#10;        at java.util.concurrent.locks.AbstractQueuedSynchronizer$ConditionObject.await(AbstractQueuedSynchronizer.java:2039)&#10;        at java.util.concurrent.ArrayBlockingQueue.take(ArrayBlockingQueue.java:403)&#10;        at java.util.concurrent.ThreadPoolExecutor.getTask(ThreadPoolExecutor.java:1074)&#10;        at java.util.concurrent.ThreadPoolExecutor.runWorker(ThreadPoolExecutor.java:1134)&#10;        at java.util.concurrent.ThreadPoolExecutor$Worker.run(ThreadPoolExecutor.java:624)&#10;        at java.lang.Thread.run(Thread.java:748)&#10;&quot;pool-56-thread-38&quot;  prio=5 tid=479 in Object.wait()&#10;java.lang.Thread.State: WAITING (on object monitor)&#10;        at sun.misc.Unsafe.park(Native Method)&#10;        at java.util.concurrent.locks.LockSupport.park(LockSupport.java:175)&#10;        at java.util.concurrent.locks.AbstractQueuedSynchronizer$ConditionObject.await(AbstractQueuedSynchronizer.java:2039)&#10;        at java.util.concurrent.ArrayBlockingQueue.take(ArrayBlockingQueue.java:403)&#10;        at java.util.concurrent.ThreadPoolExecutor.getTask(ThreadPoolExecutor.java:1074)&#10;        at java.util.concurrent.ThreadPoolExecutor.runWorker(ThreadPoolExecutor.java:1134)&#10;        at java.util.concurrent.ThreadPoolExecutor$Worker.run(ThreadPoolExecutor.java:624)&#10;        at java.lang.Thread.run(Thread.java:748)&#10;&quot;refreshUsed-/workdir/hadoop-ozone/integration-test/target/test-dir/MiniOzoneClusterImpl-fc727f2e-e877-4159-90ff-4473a18561dc/datanode-6/data/containers&quot; daemon prio=5 tid=319 timed_waiting&#10;java.lang.Thread.State: TIMED_WAITING&#10;        at java.lang.Thread.sleep(Native Method)&#10;        at org.apache.hadoop.fs.CachingGetSpaceUsed$RefreshThread.run(CachingGetSpaceUsed.java:179)&#10;        at java.lang.Thread.run(Thread.java:748)&#10;&quot;pool-76-thread-29&quot;  prio=5 tid=775 in Object.wait()&#10;java.lang.Thread.State: WAITING (on object monitor)&#10;        at sun.misc.Unsafe.park(Native Method)&#10;        at java.util.concurrent.locks.LockSupport.park(LockSupport.java:175)&#10;        at java.util.concurrent.locks.AbstractQueuedSynchronizer$ConditionObject.await(AbstractQueuedSynchronizer.java:2039)&#10;        at java.util.concurrent.ArrayBlockingQueue.take(ArrayBlockingQueue.java:403)&#10;        at java.util.concurrent.ThreadPoolExecutor.getTask(ThreadPoolExecutor.java:1074)&#10;        at java.util.concurrent.ThreadPoolExecutor.runWorker(ThreadPoolExecutor.java:1134)&#10;        at java.util.concurrent.ThreadPoolExecutor$Worker.run(ThreadPoolExecutor.java:624)&#10;        at java.lang.Thread.run(Thread.java:748)&#10;&quot;pool-36-thread-38&quot;  prio=5 tid=512 in Object.wait()&#10;java.lang.Thread.State: WAITING (on object monitor)&#10;        at sun.misc.Unsafe.park(Native Method)&#10;        at java.util.concurrent.locks.LockSupport.park(LockSupport.java:175)&#10;        at java.util.concurrent.locks.AbstractQueuedSynchronizer$ConditionObject.await(AbstractQueuedSynchronizer.java:2039)&#10;        at java.util.concurrent.ArrayBlockingQueue.take(ArrayBlockingQueue.java:403)&#10;        at java.util.concurrent.ThreadPoolExecutor.getTask(ThreadPoolExecutor.java:1074)&#10;        at java.util.concurrent.ThreadPoolExecutor.runWorker(ThreadPoolExecutor.java:1134)&#10;        at java.util.concurrent.ThreadPoolExecutor$Worker.run(ThreadPoolExecutor.java:624)&#10;        at java.lang.Thread.run(Thread.java:748)&#10;&quot;IPC Server idle connection scanner for port 37221&quot; daemon prio=5 tid=109 timed_waiting&#10;java.lang.Thread.State: TIMED_WAITING&#10;        at java.lang.Object.wait(Native Method)&#10;        at java.util.TimerThread.mainLoop(Timer.java:552)&#10;        at java.util.TimerThread.run(Timer.java:505)&#10;&quot;pool-86-thread-26&quot;  prio=5 tid=844 in Object.wait()&#10;java.lang.Thread.State: WAITING (on object monitor)&#10;        at sun.misc.Unsafe.park(Native Method)&#10;        at java.util.concurrent.locks.LockSupport.park(LockSupport.java:175)&#10;        at java.util.concurrent.locks.AbstractQueuedSynchronizer$ConditionObject.await(AbstractQueuedSynchronizer.java:2039)&#10;        at java.util.concurrent.ArrayBlockingQueue.take(ArrayBlockingQueue.java:403)&#10;        at java.util.concurrent.ThreadPoolExecutor.getTask(ThreadPoolExecutor.java:1074)&#10;        at java.util.concurrent.ThreadPoolExecutor.runWorker(ThreadPoolExecutor.java:1134)&#10;        at java.util.concurrent.ThreadPoolExecutor$Worker.run(ThreadPoolExecutor.java:624)&#10;        at java.lang.Thread.run(Thread.java:748)&#10;&quot;pool-86-thread-25&quot;  prio=5 tid=843 in Object.wait()&#10;java.lang.Thread.State: WAITING (on object monitor)&#10;        at sun.misc.Unsafe.park(Native Method)&#10;        at java.util.concurrent.locks.LockSupport.park(LockSupport.java:175)&#10;        at java.util.concurrent.locks.AbstractQueuedSynchronizer$ConditionObject.await(AbstractQueuedSynchronizer.java:2039)&#10;        at java.util.concurrent.ArrayBlockingQueue.take(ArrayBlockingQueue.java:403)&#10;        at java.util.concurrent.ThreadPoolExecutor.getTask(ThreadPoolExecutor.java:1074)&#10;        at java.util.concurrent.ThreadPoolExecutor.runWorker(ThreadPoolExecutor.java:1134)&#10;        at java.util.concurrent.ThreadPoolExecutor$Worker.run(ThreadPoolExecutor.java:624)&#10;        at java.lang.Thread.run(Thread.java:748)&#10;&quot;metrics-hadoop-metrics2-reporter-19-thread-1&quot; daemon prio=5 tid=1052 timed_waiting&#10;java.lang.Thread.State: TIMED_WAITING&#10;        at sun.misc.Unsafe.park(Native Method)&#10;        at java.util.concurrent.locks.LockSupport.parkNanos(LockSupport.java:215)&#10;        at java.util.concurrent.locks.AbstractQueuedSynchronizer$ConditionObject.awaitNanos(AbstractQueuedSynchronizer.java:2078)&#10;        at java.util.concurrent.ScheduledThreadPoolExecutor$DelayedWorkQueue.take(ScheduledThreadPoolExecutor.java:1093)&#10;        at java.util.concurrent.ScheduledThreadPoolExecutor$DelayedWorkQueue.take(ScheduledThreadPoolExecutor.java:809)&#10;        at java.util.concurrent.ThreadPoolExecutor.getTask(ThreadPoolExecutor.java:1074)&#10;        at java.util.concurrent.ThreadPoolExecutor.runWorker(ThreadPoolExecutor.java:1134)&#10;        at java.util.concurrent.ThreadPoolExecutor$Worker.run(ThreadPoolExecutor.java:624)&#10;        at java.lang.Thread.run(Thread.java:748)&#10;&quot;IPC Server handler 13 on 37838&quot; daemon prio=5 tid=82 timed_waiting&#10;java.lang.Thread.State: TIMED_WAITING&#10;        at sun.misc.Unsafe.park(Native Method)&#10;        at java.util.concurrent.locks.LockSupport.parkNanos(LockSupport.java:215)&#10;        at java.util.concurrent.locks.AbstractQueuedSynchronizer$ConditionObject.awaitNanos(AbstractQueuedSynchronizer.java:2078)&#10;        at java.util.concurrent.LinkedBlockingQueue.poll(LinkedBlockingQueue.java:467)&#10;        at org.apache.hadoop.ipc.CallQueueManager.take(CallQueueManager.java:288)&#10;        at org.apache.hadoop.ipc.Server$Handler.run(Server.java:2668)&#10;&quot;metrics-hadoop-metrics2-reporter-7-thread-1&quot; daemon prio=5 tid=953 timed_waiting&#10;java.lang.Thread.State: TIMED_WAITING&#10;        at sun.misc.Unsafe.park(Native Method)&#10;        at java.util.concurrent.locks.LockSupport.parkNanos(LockSupport.java:215)&#10;        at java.util.concurrent.locks.AbstractQueuedSynchronizer$ConditionObject.awaitNanos(AbstractQueuedSynchronizer.java:2078)&#10;        at java.util.concurrent.ScheduledThreadPoolExecutor$DelayedWorkQueue.take(ScheduledThreadPoolExecutor.java:1093)&#10;        at java.util.concurrent.ScheduledThreadPoolExecutor$DelayedWorkQueue.take(ScheduledThreadPoolExecutor.java:809)&#10;        at java.util.concurrent.ThreadPoolExecutor.getTask(ThreadPoolExecutor.java:1074)&#10;        at java.util.concurrent.ThreadPoolExecutor.runWorker(ThreadPoolExecutor.java:1134)&#10;        at java.util.concurrent.ThreadPoolExecutor$Worker.run(ThreadPoolExecutor.java:624)&#10;        at java.lang.Thread.run(Thread.java:748)&#10;&quot;pool-66-thread-60&quot;  prio=5 tid=705 in Object.wait()&#10;java.lang.Thread.State: WAITING (on object monitor)&#10;        at sun.misc.Unsafe.park(Native Method)&#10;        at java.util.concurrent.locks.LockSupport.park(LockSupport.java:175)&#10;        at java.util.concurrent.locks.AbstractQueuedSynchronizer$ConditionObject.await(AbstractQueuedSynchronizer.java:2039)&#10;        at java.util.concurrent.ArrayBlockingQueue.take(ArrayBlockingQueue.java:403)&#10;        at java.util.concurrent.ThreadPoolExecutor.getTask(ThreadPoolExecutor.java:1074)&#10;        at java.util.concurrent.ThreadPoolExecutor.runWorker(ThreadPoolExecutor.java:1134)&#10;        at java.util.concurrent.ThreadPoolExecutor$Worker.run(ThreadPoolExecutor.java:624)&#10;        at java.lang.Thread.run(Thread.java:748)&#10;&quot;qtp1977508673-296&quot; daemon prio=5 tid=296 timed_waiting&#10;java.lang.Thread.State: TIMED_WAITING&#10;        at sun.misc.Unsafe.park(Native Method)&#10;        at java.util.concurrent.locks.LockSupport.parkNanos(LockSupport.java:215)&#10;        at java.util.concurrent.locks.AbstractQueuedSynchronizer$ConditionObject.awaitNanos(AbstractQueuedSynchronizer.java:2078)&#10;        at org.eclipse.jetty.util.BlockingArrayQueue.poll(BlockingArrayQueue.java:392)&#10;        at org.eclipse.jetty.util.thread.QueuedThreadPool.idleJobPoll(QueuedThreadPool.java:563)&#10;        at org.eclipse.jetty.util.thread.QueuedThreadPool.access$800(QueuedThreadPool.java:48)&#10;        at org.eclipse.jetty.util.thread.QueuedThreadPool$2.run(QueuedThreadPool.java:626)&#10;        at java.lang.Thread.run(Thread.java:748)&#10;&quot;pool-56-thread-54&quot;  prio=5 tid=559 in Object.wait()&#10;java.lang.Thread.State: WAITING (on object monitor)&#10;        at sun.misc.Unsafe.park(Native Method)&#10;        at java.util.concurrent.locks.LockSupport.park(LockSupport.java:175)&#10;        at java.util.concurrent.locks.AbstractQueuedSynchronizer$ConditionObject.await(AbstractQueuedSynchronizer.java:2039)&#10;        at java.util.concurrent.ArrayBlockingQueue.take(ArrayBlockingQueue.java:403)&#10;        at java.util.concurrent.ThreadPoolExecutor.getTask(ThreadPoolExecutor.java:1074)&#10;        at java.util.concurrent.ThreadPoolExecutor.runWorker(ThreadPoolExecutor.java:1134)&#10;        at java.util.concurrent.ThreadPoolExecutor$Worker.run(ThreadPoolExecutor.java:624)&#10;        at java.lang.Thread.run(Thread.java:748)&#10;&quot;qtp549049813-271&quot; daemon prio=5 tid=271 timed_waiting&#10;java.lang.Thread.State: TIMED_WAITING&#10;        at sun.misc.Unsafe.park(Native Method)&#10;        at java.util.concurrent.locks.LockSupport.parkNanos(LockSupport.java:215)&#10;        at java.util.concurrent.locks.AbstractQueuedSynchronizer$ConditionObject.awaitNanos(AbstractQueuedSynchronizer.java:2078)&#10;        at org.eclipse.jetty.util.BlockingArrayQueue.poll(BlockingArrayQueue.java:392)&#10;        at org.eclipse.jetty.util.thread.QueuedThreadPool.idleJobPoll(QueuedThreadPool.java:563)&#10;        at org.eclipse.jetty.util.thread.QueuedThreadPool.access$800(QueuedThreadPool.java:48)&#10;        at org.eclipse.jetty.util.thread.QueuedThreadPool$2.run(QueuedThreadPool.java:626)&#10;        at java.lang.Thread.run(Thread.java:748)&#10;&quot;pool-96-thread-6&quot;  prio=5 tid=888 in Object.wait()&#10;java.lang.Thread.State: WAITING (on object monitor)&#10;        at sun.misc.Unsafe.park(Native Method)&#10;        at java.util.concurrent.locks.LockSupport.park(LockSupport.java:175)&#10;        at java.util.concurrent.locks.AbstractQueuedSynchronizer$ConditionObject.await(AbstractQueuedSynchronizer.java:2039)&#10;        at java.util.concurrent.ArrayBlockingQueue.take(ArrayBlockingQueue.java:403)&#10;        at java.util.concurrent.ThreadPoolExecutor.getTask(ThreadPoolExecutor.java:1074)&#10;        at java.util.concurrent.ThreadPoolExecutor.runWorker(ThreadPoolExecutor.java:1134)&#10;        at java.util.concurrent.ThreadPoolExecutor$Worker.run(ThreadPoolExecutor.java:624)&#10;        at java.lang.Thread.run(Thread.java:748)&#10;&quot;BlockDeletingService#1&quot; daemon prio=5 tid=636 in Object.wait()&#10;java.lang.Thread.State: WAITING (on object monitor)&#10;        at sun.misc.Unsafe.park(Native Method)&#10;        at java.util.concurrent.locks.LockSupport.park(LockSupport.java:175)&#10;        at java.util.concurrent.locks.AbstractQueuedSynchronizer$ConditionObject.await(AbstractQueuedSynchronizer.java:2039)&#10;        at java.util.concurrent.ScheduledThreadPoolExecutor$DelayedWorkQueue.take(ScheduledThreadPoolExecutor.java:1088)&#10;        at java.util.concurrent.ScheduledThreadPoolExecutor$DelayedWorkQueue.take(ScheduledThreadPoolExecutor.java:809)&#10;        at java.util.concurrent.ThreadPoolExecutor.getTask(ThreadPoolExecutor.java:1074)&#10;        at java.util.concurrent.ThreadPoolExecutor.runWorker(ThreadPoolExecutor.java:1134)&#10;        at java.util.concurrent.ThreadPoolExecutor$Worker.run(ThreadPoolExecutor.java:624)&#10;        at java.lang.Thread.run(Thread.java:748)&#10;&quot;pool-117-thread-54&quot;  prio=5 tid=1113 in Object.wait()&#10;java.lang.Thread.State: WAITING (on object monitor)&#10;        at sun.misc.Unsafe.park(Native Method)&#10;        at java.util.concurrent.locks.LockSupport.park(LockSupport.java:175)&#10;        at java.util.concurrent.locks.AbstractQueuedSynchronizer$ConditionObject.await(AbstractQueuedSynchronizer.java:2039)&#10;        at java.util.concurrent.ArrayBlockingQueue.take(ArrayBlockingQueue.java:403)&#10;        at java.util.concurrent.ThreadPoolExecutor.getTask(ThreadPoolExecutor.java:1074)&#10;        at java.util.concurrent.ThreadPoolExecutor.runWorker(ThreadPoolExecutor.java:1134)&#10;        at java.util.concurrent.ThreadPoolExecutor$Worker.run(ThreadPoolExecutor.java:624)&#10;        at java.lang.Thread.run(Thread.java:748)&#10;&quot;pool-96-thread-48&quot;  prio=5 tid=930 in Object.wait()&#10;java.lang.Thread.State: WAITING (on object monitor)&#10;        at sun.misc.Unsafe.park(Native Method)&#10;        at java.util.concurrent.locks.LockSupport.park(LockSupport.java:175)&#10;        at java.util.concurrent.locks.AbstractQueuedSynchronizer$ConditionObject.await(AbstractQueuedSynchronizer.java:2039)&#10;        at java.util.concurrent.ArrayBlockingQueue.take(ArrayBlockingQueue.java:403)&#10;        at java.util.concurrent.ThreadPoolExecutor.getTask(ThreadPoolExecutor.java:1074)&#10;        at java.util.concurrent.ThreadPoolExecutor.runWorker(ThreadPoolExecutor.java:1134)&#10;        at java.util.concurrent.ThreadPoolExecutor$Worker.run(ThreadPoolExecutor.java:624)&#10;        at java.lang.Thread.run(Thread.java:748)&#10;&quot;qtp747378368-716&quot; daemon prio=5 tid=716 runnable&#10;java.lang.Thread.State: RUNNABLE&#10;        at sun.nio.ch.EPollArrayWrapper.epollWait(Native Method)&#10;        at sun.nio.ch.EPollArrayWrapper.poll(EPollArrayWrapper.java:269)&#10;        at sun.nio.ch.EPollSelectorImpl.doSelect(EPollSelectorImpl.java:93)&#10;        at sun.nio.ch.SelectorImpl.lockAndDoSelect(SelectorImpl.java:86)&#10;        at sun.nio.ch.SelectorImpl.select(SelectorImpl.java:97)&#10;        at sun.nio.ch.SelectorImpl.select(SelectorImpl.java:101)&#10;        at org.eclipse.jetty.io.ManagedSelector$SelectorProducer.select(ManagedSelector.java:243)&#10;        at org.eclipse.jetty.io.ManagedSelector$SelectorProducer.produce(ManagedSelector.java:191)&#10;        at org.eclipse.jetty.util.thread.strategy.ExecuteProduceConsume.executeProduceConsume(ExecuteProduceConsume.java:249)&#10;        at org.eclipse.jetty.util.thread.strategy.ExecuteProduceConsume.produceConsume(ExecuteProduceConsume.java:148)&#10;        at org.eclipse.jetty.util.thread.strategy.ExecuteProduceConsume.execute(ExecuteProduceConsume.java:100)&#10;        at org.eclipse.jetty.io.ManagedSelector.run(ManagedSelector.java:147)&#10;        at org.eclipse.jetty.util.thread.QueuedThreadPool.runJob(QueuedThreadPool.java:671)&#10;        at org.eclipse.jetty.util.thread.QueuedThreadPool$2.run(QueuedThreadPool.java:589)&#10;        at java.lang.Thread.run(Thread.java:748)&#10;&quot;Periodic HDDS volume checker&quot;  prio=5 tid=317 timed_waiting&#10;java.lang.Thread.State: TIMED_WAITING&#10;        at sun.misc.Unsafe.park(Native Method)&#10;        at java.util.concurrent.locks.LockSupport.parkNanos(LockSupport.java:215)&#10;        at java.util.concurrent.locks.AbstractQueuedSynchronizer$ConditionObject.awaitNanos(AbstractQueuedSynchronizer.java:2078)&#10;        at java.util.concurrent.ScheduledThreadPoolExecutor$DelayedWorkQueue.take(ScheduledThreadPoolExecutor.java:1093)&#10;        at java.util.concurrent.ScheduledThreadPoolExecutor$DelayedWorkQueue.take(ScheduledThreadPoolExecutor.java:809)&#10;        at java.util.concurrent.ThreadPoolExecutor.getTask(ThreadPoolExecutor.java:1074)&#10;        at java.util.concurrent.ThreadPoolExecutor.runWorker(ThreadPoolExecutor.java:1134)&#10;        at java.util.concurrent.ThreadPoolExecutor$Worker.run(ThreadPoolExecutor.java:624)&#10;        at java.lang.Thread.run(Thread.java:748)&#10;&quot;IPC Server handler 11 on 39235&quot; daemon prio=5 tid=40 timed_waiting&#10;java.lang.Thread.State: TIMED_WAITING&#10;        at sun.misc.Unsafe.park(Native Method)&#10;        at java.util.concurrent.locks.LockSupport.parkNanos(LockSupport.java:215)&#10;        at java.util.concurrent.locks.AbstractQueuedSynchronizer$ConditionObject.awaitNanos(AbstractQueuedSynchronizer.java:2078)&#10;        at java.util.concurrent.LinkedBlockingQueue.poll(LinkedBlockingQueue.java:467)&#10;        at org.apache.hadoop.ipc.CallQueueManager.take(CallQueueManager.java:288)&#10;        at org.apache.hadoop.ipc.Server$Handler.run(Server.java:2668)&#10;&quot;pool-106-thread-10&quot;  prio=5 tid=989 in Object.wait()&#10;java.lang.Thread.State: WAITING (on object monitor)&#10;        at sun.misc.Unsafe.park(Native Method)&#10;        at java.util.concurrent.locks.LockSupport.park(LockSupport.java:175)&#10;        at java.util.concurrent.locks.AbstractQueuedSynchronizer$ConditionObject.await(AbstractQueuedSynchronizer.java:2039)&#10;        at java.util.concurrent.ArrayBlockingQueue.take(ArrayBlockingQueue.java:403)&#10;        at java.util.concurrent.ThreadPoolExecutor.getTask(ThreadPoolExecutor.java:1074)&#10;        at java.util.concurrent.ThreadPoolExecutor.runWorker(ThreadPoolExecutor.java:1134)&#10;        at java.util.concurrent.ThreadPoolExecutor$Worker.run(ThreadPoolExecutor.java:624)&#10;        at java.lang.Thread.run(Thread.java:748)&#10;&quot;qtp1987707214-163&quot; daemon prio=5 tid=163 timed_waiting&#10;java.lang.Thread.State: TIMED_WAITING&#10;        at sun.misc.Unsafe.park(Native Method)&#10;        at java.util.concurrent.locks.LockSupport.parkNanos(LockSupport.java:215)&#10;        at java.util.concurrent.locks.AbstractQueuedSynchronizer$ConditionObject.awaitNanos(AbstractQueuedSynchronizer.java:2078)&#10;        at org.eclipse.jetty.util.BlockingArrayQueue.poll(BlockingArrayQueue.java:392)&#10;        at org.eclipse.jetty.util.thread.QueuedThreadPool.idleJobPoll(QueuedThreadPool.java:563)&#10;        at org.eclipse.jetty.util.thread.QueuedThreadPool.access$800(QueuedThreadPool.java:48)&#10;        at org.eclipse.jetty.util.thread.QueuedThreadPool$2.run(QueuedThreadPool.java:626)&#10;        at java.lang.Thread.run(Thread.java:748)&#10;&quot;pool-86-thread-16&quot;  prio=5 tid=834 in Object.wait()&#10;java.lang.Thread.State: WAITING (on object monitor)&#10;        at sun.misc.Unsafe.park(Native Method)&#10;        at java.util.concurrent.locks.LockSupport.park(LockSupport.java:175)&#10;        at java.util.concurrent.locks.AbstractQueuedSynchronizer$ConditionObject.await(AbstractQueuedSynchronizer.java:2039)&#10;        at java.util.concurrent.ArrayBlockingQueue.take(ArrayBlockingQueue.java:403)&#10;        at java.util.concurrent.ThreadPoolExecutor.getTask(ThreadPoolExecutor.java:1074)&#10;        at java.util.concurrent.ThreadPoolExecutor.runWorker(ThreadPoolExecutor.java:1134)&#10;        at java.util.concurrent.ThreadPoolExecutor$Worker.run(ThreadPoolExecutor.java:624)&#10;        at java.lang.Thread.run(Thread.java:748)&#10;&quot;pool-46-thread-2&quot;  prio=5 tid=325 in Object.wait()&#10;java.lang.Thread.State: WAITING (on object monitor)&#10;        at sun.misc.Unsafe.park(Native Method)&#10;        at java.util.concurrent.locks.LockSupport.park(LockSupport.java:175)&#10;        at java.util.concurrent.locks.AbstractQueuedSynchronizer$ConditionObject.await(AbstractQueuedSynchronizer.java:2039)&#10;        at java.util.concurrent.ArrayBlockingQueue.take(ArrayBlockingQueue.java:403)&#10;        at java.util.concurrent.ThreadPoolExecutor.getTask(ThreadPoolExecutor.java:1074)&#10;        at java.util.concurrent.ThreadPoolExecutor.runWorker(ThreadPoolExecutor.java:1134)&#10;        at java.util.concurrent.ThreadPoolExecutor$Worker.run(ThreadPoolExecutor.java:624)&#10;        at java.lang.Thread.run(Thread.java:748)&#10;&quot;pool-66-thread-45&quot;  prio=5 tid=690 in Object.wait()&#10;java.lang.Thread.State: WAITING (on object monitor)&#10;        at sun.misc.Unsafe.park(Native Method)&#10;        at java.util.concurrent.locks.LockSupport.park(LockSupport.java:175)&#10;        at java.util.concurrent.locks.AbstractQueuedSynchronizer$ConditionObject.await(AbstractQueuedSynchronizer.java:2039)&#10;        at java.util.concurrent.ArrayBlockingQueue.take(ArrayBlockingQueue.java:403)&#10;        at java.util.concurrent.ThreadPoolExecutor.getTask(ThreadPoolExecutor.java:1074)&#10;        at java.util.concurrent.ThreadPoolExecutor.runWorker(ThreadPoolExecutor.java:1134)&#10;        at java.util.concurrent.ThreadPoolExecutor$Worker.run(ThreadPoolExecutor.java:624)&#10;        at java.lang.Thread.run(Thread.java:748)&#10;&quot;pool-26-thread-60&quot;  prio=5 tid=547 in Object.wait()&#10;java.lang.Thread.State: WAITING (on object monitor)&#10;        at sun.misc.Unsafe.park(Native Method)&#10;        at java.util.concurrent.locks.LockSupport.park(LockSupport.java:175)&#10;        at java.util.concurrent.locks.AbstractQueuedSynchronizer$ConditionObject.await(AbstractQueuedSynchronizer.java:2039)&#10;        at java.util.concurrent.ArrayBlockingQueue.take(ArrayBlockingQueue.java:403)&#10;        at java.util.concurrent.ThreadPoolExecutor.getTask(ThreadPoolExecutor.java:1074)&#10;        at java.util.concurrent.ThreadPoolExecutor.runWorker(ThreadPoolExecutor.java:1134)&#10;        at java.util.concurrent.ThreadPoolExecutor$Worker.run(ThreadPoolExecutor.java:624)&#10;        at java.lang.Thread.run(Thread.java:748)&#10;&quot;pool-26-thread-41&quot;  prio=5 tid=463 in Object.wait()&#10;java.lang.Thread.State: WAITING (on object monitor)&#10;        at sun.misc.Unsafe.park(Native Method)&#10;        at java.util.concurrent.locks.LockSupport.park(LockSupport.java:175)&#10;        at java.util.concurrent.locks.AbstractQueuedSynchronizer$ConditionObject.await(AbstractQueuedSynchronizer.java:2039)&#10;        at java.util.concurrent.ArrayBlockingQueue.take(ArrayBlockingQueue.java:403)&#10;        at java.util.concurrent.ThreadPoolExecutor.getTask(ThreadPoolExecutor.java:1074)&#10;        at java.util.concurrent.ThreadPoolExecutor.runWorker(ThreadPoolExecutor.java:1134)&#10;        at java.util.concurrent.ThreadPoolExecutor$Worker.run(ThreadPoolExecutor.java:624)&#10;        at java.lang.Thread.run(Thread.java:748)&#10;&quot;pool-106-thread-44&quot;  prio=5 tid=1023 in Object.wait()&#10;java.lang.Thread.State: WAITING (on object monitor)&#10;        at sun.misc.Unsafe.park(Native Method)&#10;        at java.util.concurrent.locks.LockSupport.park(LockSupport.java:175)&#10;        at java.util.concurrent.locks.AbstractQueuedSynchronizer$ConditionObject.await(AbstractQueuedSynchronizer.java:2039)&#10;        at java.util.concurrent.ArrayBlockingQueue.take(ArrayBlockingQueue.java:403)&#10;        at java.util.concurrent.ThreadPoolExecutor.getTask(ThreadPoolExecutor.java:1074)&#10;        at java.util.concurrent.ThreadPoolExecutor.runWorker(ThreadPoolExecutor.java:1134)&#10;        at java.util.concurrent.ThreadPoolExecutor$Worker.run(ThreadPoolExecutor.java:624)&#10;        at java.lang.Thread.run(Thread.java:748)&#10;&quot;pool-56-thread-13&quot;  prio=5 tid=392 in Object.wait()&#10;java.lang.Thread.State: WAITING (on object monitor)&#10;        at sun.misc.Unsafe.park(Native Method)&#10;        at java.util.concurrent.locks.LockSupport.park(LockSupport.java:175)&#10;        at java.util.concurrent.locks.AbstractQueuedSynchronizer$ConditionObject.await(AbstractQueuedSynchronizer.java:2039)&#10;        at java.util.concurrent.ArrayBlockingQueue.take(ArrayBlockingQueue.java:403)&#10;        at java.util.concurrent.ThreadPoolExecutor.getTask(ThreadPoolExecutor.java:1074)&#10;        at java.util.concurrent.ThreadPoolExecutor.runWorker(ThreadPoolExecutor.java:1134)&#10;        at java.util.concurrent.ThreadPoolExecutor$Worker.run(ThreadPoolExecutor.java:624)&#10;        at java.lang.Thread.run(Thread.java:748)&#10;&quot;qtp549049813-274&quot; daemon prio=5 tid=274 timed_waiting&#10;java.lang.Thread.State: TIMED_WAITING&#10;        at sun.misc.Unsafe.park(Native Method)&#10;        at java.util.concurrent.locks.LockSupport.parkNanos(LockSupport.java:215)&#10;        at java.util.concurrent.locks.AbstractQueuedSynchronizer$ConditionObject.awaitNanos(AbstractQueuedSynchronizer.java:2078)&#10;        at org.eclipse.jetty.util.BlockingArrayQueue.poll(BlockingArrayQueue.java:392)&#10;        at org.eclipse.jetty.util.thread.QueuedThreadPool.idleJobPoll(QueuedThreadPool.java:563)&#10;        at org.eclipse.jetty.util.thread.QueuedThreadPool.access$800(QueuedThreadPool.java:48)&#10;        at org.eclipse.jetty.util.thread.QueuedThreadPool$2.run(QueuedThreadPool.java:626)&#10;        at java.lang.Thread.run(Thread.java:748)&#10;&quot;metrics-hadoop-metrics2-reporter-13-thread-1&quot; daemon prio=5 tid=969 timed_waiting&#10;java.lang.Thread.State: TIMED_WAITING&#10;        at sun.misc.Unsafe.park(Native Method)&#10;        at java.util.concurrent.locks.LockSupport.parkNanos(LockSupport.java:215)&#10;        at java.util.concurrent.locks.AbstractQueuedSynchronizer$ConditionObject.awaitNanos(AbstractQueuedSynchronizer.java:2078)&#10;        at java.util.concurrent.ScheduledThreadPoolExecutor$DelayedWorkQueue.take(ScheduledThreadPoolExecutor.java:1093)&#10;        at java.util.concurrent.ScheduledThreadPoolExecutor$DelayedWorkQueue.take(ScheduledThreadPoolExecutor.java:809)&#10;        at java.util.concurrent.ThreadPoolExecutor.getTask(ThreadPoolExecutor.java:1074)&#10;        at java.util.concurrent.ThreadPoolExecutor.runWorker(ThreadPoolExecutor.java:1134)&#10;        at java.util.concurrent.ThreadPoolExecutor$Worker.run(ThreadPoolExecutor.java:624)&#10;        at java.lang.Thread.run(Thread.java:748)&#10;&quot;pool-66-thread-14&quot;  prio=5 tid=651 in Object.wait()&#10;java.lang.Thread.State: WAITING (on object monitor)&#10;        at sun.misc.Unsafe.park(Native Method)&#10;        at java.util.concurrent.locks.LockSupport.park(LockSupport.java:175)&#10;        at java.util.concurrent.locks.AbstractQueuedSynchronizer$ConditionObject.await(AbstractQueuedSynchronizer.java:2039)&#10;        at java.util.concurrent.ArrayBlockingQueue.take(ArrayBlockingQueue.java:403)&#10;        at java.util.concurrent.ThreadPoolExecutor.getTask(ThreadPoolExecutor.java:1074)&#10;        at java.util.concurrent.ThreadPoolExecutor.runWorker(ThreadPoolExecutor.java:1134)&#10;        at java.util.concurrent.ThreadPoolExecutor$Worker.run(ThreadPoolExecutor.java:624)&#10;        at java.lang.Thread.run(Thread.java:748)&#10;&quot;metrics-hadoop-metrics2-reporter-22-thread-1&quot; daemon prio=5 tid=1124 timed_waiting&#10;java.lang.Thread.State: TIMED_WAITING&#10;        at sun.misc.Unsafe.park(Native Method)&#10;        at java.util.concurrent.locks.LockSupport.parkNanos(LockSupport.java:215)&#10;        at java.util.concurrent.locks.AbstractQueuedSynchronizer$ConditionObject.awaitNanos(AbstractQueuedSynchronizer.java:2078)&#10;        at java.util.concurrent.ScheduledThreadPoolExecutor$DelayedWorkQueue.take(ScheduledThreadPoolExecutor.java:1093)&#10;        at java.util.concurrent.ScheduledThreadPoolExecutor$DelayedWorkQueue.take(ScheduledThreadPoolExecutor.java:809)&#10;        at java.util.concurrent.ThreadPoolExecutor.getTask(ThreadPoolExecutor.java:1074)&#10;        at java.util.concurrent.ThreadPoolExecutor.runWorker(ThreadPoolExecutor.java:1134)&#10;        at java.util.concurrent.ThreadPoolExecutor$Worker.run(ThreadPoolExecutor.java:624)&#10;        at java.lang.Thread.run(Thread.java:748)&#10;&quot;pool-106-thread-7&quot;  prio=5 tid=986 in Object.wait()&#10;java.lang.Thread.State: WAITING (on object monitor)&#10;        at sun.misc.Unsafe.park(Native Method)&#10;        at java.util.concurrent.locks.LockSupport.park(LockSupport.java:175)&#10;        at java.util.concurrent.locks.AbstractQueuedSynchronizer$ConditionObject.await(AbstractQueuedSynchronizer.java:2039)&#10;        at java.util.concurrent.ArrayBlockingQueue.take(ArrayBlockingQueue.java:403)&#10;        at java.util.concurrent.ThreadPoolExecutor.getTask(ThreadPoolExecutor.java:1074)&#10;        at java.util.concurrent.ThreadPoolExecutor.runWorker(ThreadPoolExecutor.java:1134)&#10;        at java.util.concurrent.ThreadPoolExecutor$Worker.run(ThreadPoolExecutor.java:624)&#10;        at java.lang.Thread.run(Thread.java:748)&#10;&#10;" type="java.util.concurrent.TimeoutException">java.util.concurrent.TimeoutException: 
Timed out waiting for condition. Thread diagnostics:
Timestamp: 2019-10-14 09:15:19,503

"qtp747378368-718" daemon prio=5 tid=718 timed_waiting
java.lang.Thread.State: TIMED_WAITING
        at sun.misc.Unsafe.park(Native Method)
        at java.util.concurrent.locks.LockSupport.parkNanos(LockSupport.java:215)
        at java.util.concurrent.locks.AbstractQueuedSynchronizer$ConditionObject.awaitNanos(AbstractQueuedSynchronizer.java:2078)
        at org.eclipse.jetty.util.BlockingArrayQueue.poll(BlockingArrayQueue.java:392)
        at org.eclipse.jetty.util.thread.QueuedThreadPool.idleJobPoll(QueuedThreadPool.java:563)
        at org.eclipse.jetty.util.thread.QueuedThreadPool.access$800(QueuedThreadPool.java:48)
        at org.eclipse.jetty.util.thread.QueuedThreadPool$2.run(QueuedThreadPool.java:626)
        at java.lang.Thread.run(Thread.java:748)
"IPC Server handler 4 on 37838" daemon prio=5 tid=73 timed_waiting
java.lang.Thread.State: TIMED_WAITING
        at sun.misc.Unsafe.park(Native Method)
        at java.util.concurrent.locks.LockSupport.parkNanos(LockSupport.java:215)
        at java.util.concurrent.locks.AbstractQueuedSynchronizer$ConditionObject.awaitNanos(AbstractQueuedSynchronizer.java:2078)
        at java.util.concurrent.LinkedBlockingQueue.poll(LinkedBlockingQueue.java:467)
        at org.apache.hadoop.ipc.CallQueueManager.take(CallQueueManager.java:288)
        at org.apache.hadoop.ipc.Server$Handler.run(Server.java:2668)
"pool-117-thread-22"  prio=5 tid=1081 in Object.wait()
java.lang.Thread.State: WAITING (on object monitor)
        at sun.misc.Unsafe.park(Native Method)
        at java.util.concurrent.locks.LockSupport.park(LockSupport.java:175)
        at java.util.concurrent.locks.AbstractQueuedSynchronizer$ConditionObject.await(AbstractQueuedSynchronizer.java:2039)
        at java.util.concurrent.ArrayBlockingQueue.take(ArrayBlockingQueue.java:403)
        at java.util.concurrent.ThreadPoolExecutor.getTask(ThreadPoolExecutor.java:1074)
        at java.util.concurrent.ThreadPoolExecutor.runWorker(ThreadPoolExecutor.java:1134)
        at java.util.concurrent.ThreadPoolExecutor$Worker.run(ThreadPoolExecutor.java:624)
        at java.lang.Thread.run(Thread.java:748)
"pool-86-thread-14"  prio=5 tid=832 in Object.wait()
java.lang.Thread.State: WAITING (on object monitor)
        at sun.misc.Unsafe.park(Native Method)
        at java.util.concurrent.locks.LockSupport.park(LockSupport.java:175)
        at java.util.concurrent.locks.AbstractQueuedSynchronizer$ConditionObject.await(AbstractQueuedSynchronizer.java:2039)
        at java.util.concurrent.ArrayBlockingQueue.take(ArrayBlockingQueue.java:403)
        at java.util.concurrent.ThreadPoolExecutor.getTask(ThreadPoolExecutor.java:1074)
        at java.util.concurrent.ThreadPoolExecutor.runWorker(ThreadPoolExecutor.java:1134)
        at java.util.concurrent.ThreadPoolExecutor$Worker.run(ThreadPoolExecutor.java:624)
        at java.lang.Thread.run(Thread.java:748)
"qtp303805531-213" daemon prio=5 tid=213 runnable
java.lang.Thread.State: RUNNABLE
        at sun.nio.ch.EPollArrayWrapper.epollWait(Native Method)
        at sun.nio.ch.EPollArrayWrapper.poll(EPollArrayWrapper.java:269)
        at sun.nio.ch.EPollSelectorImpl.doSelect(EPollSelectorImpl.java:93)
        at sun.nio.ch.SelectorImpl.lockAndDoSelect(SelectorImpl.java:86)
        at sun.nio.ch.SelectorImpl.select(SelectorImpl.java:97)
        at sun.nio.ch.SelectorImpl.select(SelectorImpl.java:101)
        at org.eclipse.jetty.io.ManagedSelector$SelectorProducer.select(ManagedSelector.java:243)
        at org.eclipse.jetty.io.ManagedSelector$SelectorProducer.produce(ManagedSelector.java:191)
        at org.eclipse.jetty.util.thread.strategy.ExecuteProduceConsume.executeProduceConsume(ExecuteProduceConsume.java:249)
        at org.eclipse.jetty.util.thread.strategy.ExecuteProduceConsume.produceConsume(ExecuteProduceConsume.java:148)
        at org.eclipse.jetty.util.thread.strategy.ExecuteProduceConsume.execute(ExecuteProduceConsume.java:100)
        at org.eclipse.jetty.io.ManagedSelector.run(ManagedSelector.java:147)
        at org.eclipse.jetty.util.thread.QueuedThreadPool.runJob(QueuedThreadPool.java:671)
        at org.eclipse.jetty.util.thread.QueuedThreadPool$2.run(QueuedThreadPool.java:589)
        at java.lang.Thread.run(Thread.java:748)
"pool-76-thread-11"  prio=5 tid=757 in Object.wait()
java.lang.Thread.State: WAITING (on object monitor)
        at sun.misc.Unsafe.park(Native Method)
        at java.util.concurrent.locks.LockSupport.park(LockSupport.java:175)
        at java.util.concurrent.locks.AbstractQueuedSynchronizer$ConditionObject.await(AbstractQueuedSynchronizer.java:2039)
        at java.util.concurrent.ArrayBlockingQueue.take(ArrayBlockingQueue.java:403)
        at java.util.concurrent.ThreadPoolExecutor.getTask(ThreadPoolExecutor.java:1074)
        at java.util.concurrent.ThreadPoolExecutor.runWorker(ThreadPoolExecutor.java:1134)
        at java.util.concurrent.ThreadPoolExecutor$Worker.run(ThreadPoolExecutor.java:624)
        at java.lang.Thread.run(Thread.java:748)
"pool-56-thread-6"  prio=5 tid=360 in Object.wait()
java.lang.Thread.State: WAITING (on object monitor)
        at sun.misc.Unsafe.park(Native Method)
        at java.util.concurrent.locks.LockSupport.park(LockSupport.java:175)
        at java.util.concurrent.locks.AbstractQueuedSynchronizer$ConditionObject.await(AbstractQueuedSynchronizer.java:2039)
        at java.util.concurrent.ArrayBlockingQueue.take(ArrayBlockingQueue.java:403)
        at java.util.concurrent.ThreadPoolExecutor.getTask(ThreadPoolExecutor.java:1074)
        at java.util.concurrent.ThreadPoolExecutor.runWorker(ThreadPoolExecutor.java:1134)
        at java.util.concurrent.ThreadPoolExecutor$Worker.run(ThreadPoolExecutor.java:624)
        at java.lang.Thread.run(Thread.java:748)
"Finalizer" daemon prio=8 tid=3 in Object.wait()
java.lang.Thread.State: WAITING (on object monitor)
        at java.lang.Object.wait(Native Method)
        at java.lang.ref.ReferenceQueue.remove(ReferenceQueue.java:144)
        at java.lang.ref.ReferenceQueue.remove(ReferenceQueue.java:165)
        at java.lang.ref.Finalizer$FinalizerThread.run(Finalizer.java:216)
"metrics-hadoop-metrics2-reporter-62-thread-1" daemon prio=5 tid=1328 timed_waiting
java.lang.Thread.State: TIMED_WAITING
        at sun.misc.Unsafe.park(Native Method)
        at java.util.concurrent.locks.LockSupport.parkNanos(LockSupport.java:215)
        at java.util.concurrent.locks.AbstractQueuedSynchronizer$ConditionObject.awaitNanos(AbstractQueuedSynchronizer.java:2078)
        at java.util.concurrent.ScheduledThreadPoolExecutor$DelayedWorkQueue.take(ScheduledThreadPoolExecutor.java:1093)
        at java.util.concurrent.ScheduledThreadPoolExecutor$DelayedWorkQueue.take(ScheduledThreadPoolExecutor.java:809)
        at java.util.concurrent.ThreadPoolExecutor.getTask(ThreadPoolExecutor.java:1074)
        at java.util.concurrent.ThreadPoolExecutor.runWorker(ThreadPoolExecutor.java:1134)
        at java.util.concurrent.ThreadPoolExecutor$Worker.run(ThreadPoolExecutor.java:624)
        at java.lang.Thread.run(Thread.java:748)
"metrics-hadoop-metrics2-reporter-44-thread-1" daemon prio=5 tid=1187 timed_waiting
java.lang.Thread.State: TIMED_WAITING
        at sun.misc.Unsafe.park(Native Method)
        at java.util.concurrent.locks.LockSupport.parkNanos(LockSupport.java:215)
        at java.util.concurrent.locks.AbstractQueuedSynchronizer$ConditionObject.awaitNanos(AbstractQueuedSynchronizer.java:2078)
        at java.util.concurrent.ScheduledThreadPoolExecutor$DelayedWorkQueue.take(ScheduledThreadPoolExecutor.java:1093)
        at java.util.concurrent.ScheduledThreadPoolExecutor$DelayedWorkQueue.take(ScheduledThreadPoolExecutor.java:809)
        at java.util.concurrent.ThreadPoolExecutor.getTask(ThreadPoolExecutor.java:1074)
        at java.util.concurrent.ThreadPoolExecutor.runWorker(ThreadPoolExecutor.java:1134)
        at java.util.concurrent.ThreadPoolExecutor$Worker.run(ThreadPoolExecutor.java:624)
        at java.lang.Thread.run(Thread.java:748)
"pool-76-thread-44"  prio=5 tid=790 in Object.wait()
java.lang.Thread.State: WAITING (on object monitor)
        at sun.misc.Unsafe.park(Native Method)
        at java.util.concurrent.locks.LockSupport.park(LockSupport.java:175)
        at java.util.concurrent.locks.AbstractQueuedSynchronizer$ConditionObject.await(AbstractQueuedSynchronizer.java:2039)
        at java.util.concurrent.ArrayBlockingQueue.take(ArrayBlockingQueue.java:403)
        at java.util.concurrent.ThreadPoolExecutor.getTask(ThreadPoolExecutor.java:1074)
        at java.util.concurrent.ThreadPoolExecutor.runWorker(ThreadPoolExecutor.java:1134)
        at java.util.concurrent.ThreadPoolExecutor$Worker.run(ThreadPoolExecutor.java:624)
        at java.lang.Thread.run(Thread.java:748)
"org.apache.hadoop.util.JvmPauseMonitor$Monitor@790174f2" daemon prio=5 tid=102 timed_waiting
java.lang.Thread.State: TIMED_WAITING
        at java.lang.Thread.sleep(Native Method)
        at org.apache.hadoop.util.JvmPauseMonitor$Monitor.run(JvmPauseMonitor.java:192)
        at java.lang.Thread.run(Thread.java:748)
"pool-36-thread-41"  prio=5 tid=521 in Object.wait()
java.lang.Thread.State: WAITING (on object monitor)
        at sun.misc.Unsafe.park(Native Method)
        at java.util.concurrent.locks.LockSupport.park(LockSupport.java:175)
        at java.util.concurrent.locks.AbstractQueuedSynchronizer$ConditionObject.await(AbstractQueuedSynchronizer.java:2039)
        at java.util.concurrent.ArrayBlockingQueue.take(ArrayBlockingQueue.java:403)
        at java.util.concurrent.ThreadPoolExecutor.getTask(ThreadPoolExecutor.java:1074)
        at java.util.concurrent.ThreadPoolExecutor.runWorker(ThreadPoolExecutor.java:1134)
        at java.util.concurrent.ThreadPoolExecutor$Worker.run(ThreadPoolExecutor.java:624)
        at java.lang.Thread.run(Thread.java:748)
"pool-86-thread-41"  prio=5 tid=859 in Object.wait()
java.lang.Thread.State: WAITING (on object monitor)
        at sun.misc.Unsafe.park(Native Method)
        at java.util.concurrent.locks.LockSupport.park(LockSupport.java:175)
        at java.util.concurrent.locks.AbstractQueuedSynchronizer$ConditionObject.await(AbstractQueuedSynchronizer.java:2039)
        at java.util.concurrent.ArrayBlockingQueue.take(ArrayBlockingQueue.java:403)
        at java.util.concurrent.ThreadPoolExecutor.getTask(ThreadPoolExecutor.java:1074)
        at java.util.concurrent.ThreadPoolExecutor.runWorker(ThreadPoolExecutor.java:1134)
        at java.util.concurrent.ThreadPoolExecutor$Worker.run(ThreadPoolExecutor.java:624)
        at java.lang.Thread.run(Thread.java:748)
"pool-66-thread-31"  prio=5 tid=669 in Object.wait()
java.lang.Thread.State: WAITING (on object monitor)
        at sun.misc.Unsafe.park(Native Method)
        at java.util.concurrent.locks.LockSupport.park(LockSupport.java:175)
        at java.util.concurrent.locks.AbstractQueuedSynchronizer$ConditionObject.await(AbstractQueuedSynchronizer.java:2039)
        at java.util.concurrent.ArrayBlockingQueue.take(ArrayBlockingQueue.java:403)
        at java.util.concurrent.ThreadPoolExecutor.getTask(ThreadPoolExecutor.java:1074)
        at java.util.concurrent.ThreadPoolExecutor.runWorker(ThreadPoolExecutor.java:1134)
        at java.util.concurrent.ThreadPoolExecutor$Worker.run(ThreadPoolExecutor.java:624)
        at java.lang.Thread.run(Thread.java:748)
"BlockDeletingService#1" daemon prio=5 tid=711 in Object.wait()
java.lang.Thread.State: WAITING (on object monitor)
        at sun.misc.Unsafe.park(Native Method)
        at java.util.concurrent.locks.LockSupport.park(LockSupport.java:175)
        at java.util.concurrent.locks.AbstractQueuedSynchronizer$ConditionObject.await(AbstractQueuedSynchronizer.java:2039)
        at java.util.concurrent.ScheduledThreadPoolExecutor$DelayedWorkQueue.take(ScheduledThreadPoolExecutor.java:1088)
        at java.util.concurrent.ScheduledThreadPoolExecutor$DelayedWorkQueue.take(ScheduledThreadPoolExecutor.java:809)
        at java.util.concurrent.ThreadPoolExecutor.getTask(ThreadPoolExecutor.java:1074)
        at java.util.concurrent.ThreadPoolExecutor.runWorker(ThreadPoolExecutor.java:1134)
        at java.util.concurrent.ThreadPoolExecutor$Worker.run(ThreadPoolExecutor.java:624)
        at java.lang.Thread.run(Thread.java:748)
"Datanode ReportManager Thread - 1" daemon prio=5 tid=604 timed_waiting
java.lang.Thread.State: TIMED_WAITING
        at sun.misc.Unsafe.park(Native Method)
        at java.util.concurrent.locks.LockSupport.parkNanos(LockSupport.java:215)
        at java.util.concurrent.locks.AbstractQueuedSynchronizer$ConditionObject.awaitNanos(AbstractQueuedSynchronizer.java:2078)
        at java.util.concurrent.ScheduledThreadPoolExecutor$DelayedWorkQueue.take(ScheduledThreadPoolExecutor.java:1093)
        at java.util.concurrent.ScheduledThreadPoolExecutor$DelayedWorkQueue.take(ScheduledThreadPoolExecutor.java:809)
        at java.util.concurrent.ThreadPoolExecutor.getTask(ThreadPoolExecutor.java:1074)
        at java.util.concurrent.ThreadPoolExecutor.runWorker(ThreadPoolExecutor.java:1134)
        at java.util.concurrent.ThreadPoolExecutor$Worker.run(ThreadPoolExecutor.java:624)
        at java.lang.Thread.run(Thread.java:748)
"metrics-hadoop-metrics2-reporter-35-thread-1" daemon prio=5 tid=1159 timed_waiting
java.lang.Thread.State: TIMED_WAITING
        at sun.misc.Unsafe.park(Native Method)
        at java.util.concurrent.locks.LockSupport.parkNanos(LockSupport.java:215)
        at java.util.concurrent.locks.AbstractQueuedSynchronizer$ConditionObject.awaitNanos(AbstractQueuedSynchronizer.java:2078)
        at java.util.concurrent.ScheduledThreadPoolExecutor$DelayedWorkQueue.take(ScheduledThreadPoolExecutor.java:1093)
        at java.util.concurrent.ScheduledThreadPoolExecutor$DelayedWorkQueue.take(ScheduledThreadPoolExecutor.java:809)
        at java.util.concurrent.ThreadPoolExecutor.getTask(ThreadPoolExecutor.java:1074)
        at java.util.concurrent.ThreadPoolExecutor.runWorker(ThreadPoolExecutor.java:1134)
        at java.util.concurrent.ThreadPoolExecutor$Worker.run(ThreadPoolExecutor.java:624)
        at java.lang.Thread.run(Thread.java:748)
"qtp934617920-591" daemon prio=5 tid=591 runnable
java.lang.Thread.State: RUNNABLE
        at sun.nio.ch.EPollArrayWrapper.epollWait(Native Method)
        at sun.nio.ch.EPollArrayWrapper.poll(EPollArrayWrapper.java:269)
        at sun.nio.ch.EPollSelectorImpl.doSelect(EPollSelectorImpl.java:93)
        at sun.nio.ch.SelectorImpl.lockAndDoSelect(SelectorImpl.java:86)
        at sun.nio.ch.SelectorImpl.select(SelectorImpl.java:97)
        at sun.nio.ch.SelectorImpl.select(SelectorImpl.java:101)
        at org.eclipse.jetty.io.ManagedSelector$SelectorProducer.select(ManagedSelector.java:243)
        at org.eclipse.jetty.io.ManagedSelector$SelectorProducer.produce(ManagedSelector.java:191)
        at org.eclipse.jetty.util.thread.strategy.ExecuteProduceConsume.executeProduceConsume(ExecuteProduceConsume.java:249)
        at org.eclipse.jetty.util.thread.strategy.ExecuteProduceConsume.produceConsume(ExecuteProduceConsume.java:148)
        at org.eclipse.jetty.util.thread.strategy.ExecuteProduceConsume.execute(ExecuteProduceConsume.java:100)
        at org.eclipse.jetty.io.ManagedSelector.run(ManagedSelector.java:147)
        at org.eclipse.jetty.util.thread.QueuedThreadPool.runJob(QueuedThreadPool.java:671)
        at org.eclipse.jetty.util.thread.QueuedThreadPool$2.run(QueuedThreadPool.java:589)
        at java.lang.Thread.run(Thread.java:748)
"IPC Server handler 19 on 39235" daemon prio=5 tid=48 timed_waiting
java.lang.Thread.State: TIMED_WAITING
        at sun.misc.Unsafe.park(Native Method)
        at java.util.concurrent.locks.LockSupport.parkNanos(LockSupport.java:215)
        at java.util.concurrent.locks.AbstractQueuedSynchronizer$ConditionObject.awaitNanos(AbstractQueuedSynchronizer.java:2078)
        at java.util.concurrent.LinkedBlockingQueue.poll(LinkedBlockingQueue.java:467)
        at org.apache.hadoop.ipc.CallQueueManager.take(CallQueueManager.java:288)
        at org.apache.hadoop.ipc.Server$Handler.run(Server.java:2668)
"IPC Server handler 18 on 39235" daemon prio=5 tid=47 timed_waiting
java.lang.Thread.State: TIMED_WAITING
        at sun.misc.Unsafe.park(Native Method)
        at java.util.concurrent.locks.LockSupport.parkNanos(LockSupport.java:215)
        at java.util.concurrent.locks.AbstractQueuedSynchronizer$ConditionObject.awaitNanos(AbstractQueuedSynchronizer.java:2078)
        at java.util.concurrent.LinkedBlockingQueue.poll(LinkedBlockingQueue.java:467)
        at org.apache.hadoop.ipc.CallQueueManager.take(CallQueueManager.java:288)
        at org.apache.hadoop.ipc.Server$Handler.run(Server.java:2668)
"org.eclipse.jetty.server.session.HashSessionManager@52d97ab6Timer" daemon prio=5 tid=194 timed_waiting
java.lang.Thread.State: TIMED_WAITING
        at sun.misc.Unsafe.park(Native Method)
        at java.util.concurrent.locks.LockSupport.parkNanos(LockSupport.java:215)
        at java.util.concurrent.locks.AbstractQueuedSynchronizer$ConditionObject.awaitNanos(AbstractQueuedSynchronizer.java:2078)
        at java.util.concurrent.ScheduledThreadPoolExecutor$DelayedWorkQueue.take(ScheduledThreadPoolExecutor.java:1093)
        at java.util.concurrent.ScheduledThreadPoolExecutor$DelayedWorkQueue.take(ScheduledThreadPoolExecutor.java:809)
        at java.util.concurrent.ThreadPoolExecutor.getTask(ThreadPoolExecutor.java:1074)
        at java.util.concurrent.ThreadPoolExecutor.runWorker(ThreadPoolExecutor.java:1134)
        at java.util.concurrent.ThreadPoolExecutor$Worker.run(ThreadPoolExecutor.java:624)
        at java.lang.Thread.run(Thread.java:748)
"pool-56-thread-31"  prio=5 tid=466 in Object.wait()
java.lang.Thread.State: WAITING (on object monitor)
        at sun.misc.Unsafe.park(Native Method)
        at java.util.concurrent.locks.LockSupport.park(LockSupport.java:175)
        at java.util.concurrent.locks.AbstractQueuedSynchronizer$ConditionObject.await(AbstractQueuedSynchronizer.java:2039)
        at java.util.concurrent.ArrayBlockingQueue.take(ArrayBlockingQueue.java:403)
        at java.util.concurrent.ThreadPoolExecutor.getTask(ThreadPoolExecutor.java:1074)
        at java.util.concurrent.ThreadPoolExecutor.runWorker(ThreadPoolExecutor.java:1134)
        at java.util.concurrent.ThreadPoolExecutor$Worker.run(ThreadPoolExecutor.java:624)
        at java.lang.Thread.run(Thread.java:748)
"org.eclipse.jetty.server.session.HashSessionManager@2dbd803fTimer" daemon prio=5 tid=145 timed_waiting
java.lang.Thread.State: TIMED_WAITING
        at sun.misc.Unsafe.park(Native Method)
        at java.util.concurrent.locks.LockSupport.parkNanos(LockSupport.java:215)
        at java.util.concurrent.locks.AbstractQueuedSynchronizer$ConditionObject.awaitNanos(AbstractQueuedSynchronizer.java:2078)
        at java.util.concurrent.ScheduledThreadPoolExecutor$DelayedWorkQueue.take(ScheduledThreadPoolExecutor.java:1093)
        at java.util.concurrent.ScheduledThreadPoolExecutor$DelayedWorkQueue.take(ScheduledThreadPoolExecutor.java:809)
        at java.util.concurrent.ThreadPoolExecutor.getTask(ThreadPoolExecutor.java:1074)
        at java.util.concurrent.ThreadPoolExecutor.runWorker(ThreadPoolExecutor.java:1134)
        at java.util.concurrent.ThreadPoolExecutor$Worker.run(ThreadPoolExecutor.java:624)
        at java.lang.Thread.run(Thread.java:748)
"org.eclipse.jetty.server.session.HashSessionManager@10f7918fTimer" daemon prio=5 tid=302 timed_waiting
java.lang.Thread.State: TIMED_WAITING
        at sun.misc.Unsafe.park(Native Method)
        at java.util.concurrent.locks.LockSupport.parkNanos(LockSupport.java:215)
        at java.util.concurrent.locks.AbstractQueuedSynchronizer$ConditionObject.awaitNanos(AbstractQueuedSynchronizer.java:2078)
        at java.util.concurrent.ScheduledThreadPoolExecutor$DelayedWorkQueue.take(ScheduledThreadPoolExecutor.java:1093)
        at java.util.concurrent.ScheduledThreadPoolExecutor$DelayedWorkQueue.take(ScheduledThreadPoolExecutor.java:809)
        at java.util.concurrent.ThreadPoolExecutor.getTask(ThreadPoolExecutor.java:1074)
        at java.util.concurrent.ThreadPoolExecutor.runWorker(ThreadPoolExecutor.java:1134)
        at java.util.concurrent.ThreadPoolExecutor$Worker.run(ThreadPoolExecutor.java:624)
        at java.lang.Thread.run(Thread.java:748)
"pool-96-thread-17"  prio=5 tid=899 in Object.wait()
java.lang.Thread.State: WAITING (on object monitor)
        at sun.misc.Unsafe.park(Native Method)
        at java.util.concurrent.locks.LockSupport.park(LockSupport.java:175)
        at java.util.concurrent.locks.AbstractQueuedSynchronizer$ConditionObject.await(AbstractQueuedSynchronizer.java:2039)
        at java.util.concurrent.ArrayBlockingQueue.take(ArrayBlockingQueue.java:403)
        at java.util.concurrent.ThreadPoolExecutor.getTask(ThreadPoolExecutor.java:1074)
        at java.util.concurrent.ThreadPoolExecutor.runWorker(ThreadPoolExecutor.java:1134)
        at java.util.concurrent.ThreadPoolExecutor$Worker.run(ThreadPoolExecutor.java:624)
        at java.lang.Thread.run(Thread.java:748)
"IPC Server handler 1 on 39235" daemon prio=5 tid=30 timed_waiting
java.lang.Thread.State: TIMED_WAITING
        at sun.misc.Unsafe.park(Native Method)
        at java.util.concurrent.locks.LockSupport.parkNanos(LockSupport.java:215)
        at java.util.concurrent.locks.AbstractQueuedSynchronizer$ConditionObject.awaitNanos(AbstractQueuedSynchronizer.java:2078)
        at java.util.concurrent.LinkedBlockingQueue.poll(LinkedBlockingQueue.java:467)
        at org.apache.hadoop.ipc.CallQueueManager.take(CallQueueManager.java:288)
        at org.apache.hadoop.ipc.Server$Handler.run(Server.java:2668)
"pool-106-thread-26"  prio=5 tid=1005 in Object.wait()
java.lang.Thread.State: WAITING (on object monitor)
        at sun.misc.Unsafe.park(Native Method)
        at java.util.concurrent.locks.LockSupport.park(LockSupport.java:175)
        at java.util.concurrent.locks.AbstractQueuedSynchronizer$ConditionObject.await(AbstractQueuedSynchronizer.java:2039)
        at java.util.concurrent.ArrayBlockingQueue.take(ArrayBlockingQueue.java:403)
        at java.util.concurrent.ThreadPoolExecutor.getTask(ThreadPoolExecutor.java:1074)
        at java.util.concurrent.ThreadPoolExecutor.runWorker(ThreadPoolExecutor.java:1134)
        at java.util.concurrent.ThreadPoolExecutor$Worker.run(ThreadPoolExecutor.java:624)
        at java.lang.Thread.run(Thread.java:748)
"pool-56-thread-18"  prio=5 tid=413 in Object.wait()
java.lang.Thread.State: WAITING (on object monitor)
        at sun.misc.Unsafe.park(Native Method)
        at java.util.concurrent.locks.LockSupport.park(LockSupport.java:175)
        at java.util.concurrent.locks.AbstractQueuedSynchronizer$ConditionObject.await(AbstractQueuedSynchronizer.java:2039)
        at java.util.concurrent.ArrayBlockingQueue.take(ArrayBlockingQueue.java:403)
        at java.util.concurrent.ThreadPoolExecutor.getTask(ThreadPoolExecutor.java:1074)
        at java.util.concurrent.ThreadPoolExecutor.runWorker(ThreadPoolExecutor.java:1134)
        at java.util.concurrent.ThreadPoolExecutor$Worker.run(ThreadPoolExecutor.java:624)
        at java.lang.Thread.run(Thread.java:748)
"pool-106-thread-28"  prio=5 tid=1007 in Object.wait()
java.lang.Thread.State: WAITING (on object monitor)
        at sun.misc.Unsafe.park(Native Method)
        at java.util.concurrent.locks.LockSupport.park(LockSupport.java:175)
        at java.util.concurrent.locks.AbstractQueuedSynchronizer$ConditionObject.await(AbstractQueuedSynchronizer.java:2039)
        at java.util.concurrent.ArrayBlockingQueue.take(ArrayBlockingQueue.java:403)
        at java.util.concurrent.ThreadPoolExecutor.getTask(ThreadPoolExecutor.java:1074)
        at java.util.concurrent.ThreadPoolExecutor.runWorker(ThreadPoolExecutor.java:1134)
        at java.util.concurrent.ThreadPoolExecutor$Worker.run(ThreadPoolExecutor.java:624)
        at java.lang.Thread.run(Thread.java:748)
"qtp303805531-220" daemon prio=5 tid=220 timed_waiting
java.lang.Thread.State: TIMED_WAITING
        at sun.misc.Unsafe.park(Native Method)
        at java.util.concurrent.locks.LockSupport.parkNanos(LockSupport.java:215)
        at java.util.concurrent.locks.AbstractQueuedSynchronizer$ConditionObject.awaitNanos(AbstractQueuedSynchronizer.java:2078)
        at org.eclipse.jetty.util.BlockingArrayQueue.poll(BlockingArrayQueue.java:392)
        at org.eclipse.jetty.util.thread.QueuedThreadPool.idleJobPoll(QueuedThreadPool.java:563)
        at org.eclipse.jetty.util.thread.QueuedThreadPool.access$800(QueuedThreadPool.java:48)
        at org.eclipse.jetty.util.thread.QueuedThreadPool$2.run(QueuedThreadPool.java:626)
        at java.lang.Thread.run(Thread.java:748)
"pool-26-thread-44"  prio=5 tid=480 in Object.wait()
java.lang.Thread.State: WAITING (on object monitor)
        at sun.misc.Unsafe.park(Native Method)
        at java.util.concurrent.locks.LockSupport.park(LockSupport.java:175)
        at java.util.concurrent.locks.AbstractQueuedSynchronizer$ConditionObject.await(AbstractQueuedSynchronizer.java:2039)
        at java.util.concurrent.ArrayBlockingQueue.take(ArrayBlockingQueue.java:403)
        at java.util.concurrent.ThreadPoolExecutor.getTask(ThreadPoolExecutor.java:1074)
        at java.util.concurrent.ThreadPoolExecutor.runWorker(ThreadPoolExecutor.java:1134)
        at java.util.concurrent.ThreadPoolExecutor$Worker.run(ThreadPoolExecutor.java:624)
        at java.lang.Thread.run(Thread.java:748)
"pool-96-thread-52"  prio=5 tid=934 in Object.wait()
java.lang.Thread.State: WAITING (on object monitor)
        at sun.misc.Unsafe.park(Native Method)
        at java.util.concurrent.locks.LockSupport.park(LockSupport.java:175)
        at java.util.concurrent.locks.AbstractQueuedSynchronizer$ConditionObject.await(AbstractQueuedSynchronizer.java:2039)
        at java.util.concurrent.ArrayBlockingQueue.take(ArrayBlockingQueue.java:403)
        at java.util.concurrent.ThreadPoolExecutor.getTask(ThreadPoolExecutor.java:1074)
        at java.util.concurrent.ThreadPoolExecutor.runWorker(ThreadPoolExecutor.java:1134)
        at java.util.concurrent.ThreadPoolExecutor$Worker.run(ThreadPoolExecutor.java:624)
        at java.lang.Thread.run(Thread.java:748)
"pool-44-thread-1" daemon prio=5 tid=210 timed_waiting
java.lang.Thread.State: TIMED_WAITING
        at sun.misc.Unsafe.park(Native Method)
        at java.util.concurrent.locks.LockSupport.parkNanos(LockSupport.java:215)
        at java.util.concurrent.locks.AbstractQueuedSynchronizer$ConditionObject.awaitNanos(AbstractQueuedSynchronizer.java:2078)
        at java.util.concurrent.ScheduledThreadPoolExecutor$DelayedWorkQueue.take(ScheduledThreadPoolExecutor.java:1093)
        at java.util.concurrent.ScheduledThreadPoolExecutor$DelayedWorkQueue.take(ScheduledThreadPoolExecutor.java:809)
        at java.util.concurrent.ThreadPoolExecutor.getTask(ThreadPoolExecutor.java:1074)
        at java.util.concurrent.ThreadPoolExecutor.runWorker(ThreadPoolExecutor.java:1134)
        at java.util.concurrent.ThreadPoolExecutor$Worker.run(ThreadPoolExecutor.java:624)
        at java.lang.Thread.run(Thread.java:748)
"pool-106-thread-35"  prio=5 tid=1014 in Object.wait()
java.lang.Thread.State: WAITING (on object monitor)
        at sun.misc.Unsafe.park(Native Method)
        at java.util.concurrent.locks.LockSupport.park(LockSupport.java:175)
        at java.util.concurrent.locks.AbstractQueuedSynchronizer$ConditionObject.await(AbstractQueuedSynchronizer.java:2039)
        at java.util.concurrent.ArrayBlockingQueue.take(ArrayBlockingQueue.java:403)
        at java.util.concurrent.ThreadPoolExecutor.getTask(ThreadPoolExecutor.java:1074)
        at java.util.concurrent.ThreadPoolExecutor.runWorker(ThreadPoolExecutor.java:1134)
        at java.util.concurrent.ThreadPoolExecutor$Worker.run(ThreadPoolExecutor.java:624)
        at java.lang.Thread.run(Thread.java:748)
"pool-76-thread-55"  prio=5 tid=801 in Object.wait()
java.lang.Thread.State: WAITING (on object monitor)
        at sun.misc.Unsafe.park(Native Method)
        at java.util.concurrent.locks.LockSupport.park(LockSupport.java:175)
        at java.util.concurrent.locks.AbstractQueuedSynchronizer$ConditionObject.await(AbstractQueuedSynchronizer.java:2039)
        at java.util.concurrent.ArrayBlockingQueue.take(ArrayBlockingQueue.java:403)
        at java.util.concurrent.ThreadPoolExecutor.getTask(ThreadPoolExecutor.java:1074)
        at java.util.concurrent.ThreadPoolExecutor.runWorker(ThreadPoolExecutor.java:1134)
        at java.util.concurrent.ThreadPoolExecutor$Worker.run(ThreadPoolExecutor.java:624)
        at java.lang.Thread.run(Thread.java:748)
"IPC Server handler 2 on 37221" daemon prio=5 tid=117 timed_waiting
java.lang.Thread.State: TIMED_WAITING
        at sun.misc.Unsafe.park(Native Method)
        at java.util.concurrent.locks.LockSupport.parkNanos(LockSupport.java:215)
        at java.util.concurrent.locks.AbstractQueuedSynchronizer$ConditionObject.awaitNanos(AbstractQueuedSynchronizer.java:2078)
        at java.util.concurrent.LinkedBlockingQueue.poll(LinkedBlockingQueue.java:467)
        at org.apache.hadoop.ipc.CallQueueManager.take(CallQueueManager.java:288)
        at org.apache.hadoop.ipc.Server$Handler.run(Server.java:2668)
"IPC Server handler 15 on 40878" daemon prio=5 tid=64 timed_waiting
java.lang.Thread.State: TIMED_WAITING
        at sun.misc.Unsafe.park(Native Method)
        at java.util.concurrent.locks.LockSupport.parkNanos(LockSupport.java:215)
        at java.util.concurrent.locks.AbstractQueuedSynchronizer$ConditionObject.awaitNanos(AbstractQueuedSynchronizer.java:2078)
        at java.util.concurrent.LinkedBlockingQueue.poll(LinkedBlockingQueue.java:467)
        at org.apache.hadoop.ipc.CallQueueManager.take(CallQueueManager.java:288)
        at org.apache.hadoop.ipc.Server$Handler.run(Server.java:2668)
"pool-56-thread-11"  prio=5 tid=378 in Object.wait()
java.lang.Thread.State: WAITING (on object monitor)
        at sun.misc.Unsafe.park(Native Method)
        at java.util.concurrent.locks.LockSupport.park(LockSupport.java:175)
        at java.util.concurrent.locks.AbstractQueuedSynchronizer$ConditionObject.await(AbstractQueuedSynchronizer.java:2039)
        at java.util.concurrent.ArrayBlockingQueue.take(ArrayBlockingQueue.java:403)
        at java.util.concurrent.ThreadPoolExecutor.getTask(ThreadPoolExecutor.java:1074)
        at java.util.concurrent.ThreadPoolExecutor.runWorker(ThreadPoolExecutor.java:1134)
        at java.util.concurrent.ThreadPoolExecutor$Worker.run(ThreadPoolExecutor.java:624)
        at java.lang.Thread.run(Thread.java:748)
"d3056189-9fd1-4309-9520-f49ad506b671@group-7807C7E9218E-StateMachineUpdater" daemon prio=5 tid=1158 in Object.wait()
java.lang.Thread.State: WAITING (on object monitor)
        at java.lang.Object.wait(Native Method)
        at java.lang.Object.wait(Object.java:502)
        at org.apache.ratis.server.impl.StateMachineUpdater.waitForCommit(StateMachineUpdater.java:194)
        at org.apache.ratis.server.impl.StateMachineUpdater.run(StateMachineUpdater.java:159)
        at java.lang.Thread.run(Thread.java:748)
"IPC Server handler 14 on 37221" daemon prio=5 tid=129 timed_waiting
java.lang.Thread.State: TIMED_WAITING
        at sun.misc.Unsafe.park(Native Method)
        at java.util.concurrent.locks.LockSupport.parkNanos(LockSupport.java:215)
        at java.util.concurrent.locks.AbstractQueuedSynchronizer$ConditionObject.awaitNanos(AbstractQueuedSynchronizer.java:2078)
        at java.util.concurrent.LinkedBlockingQueue.poll(LinkedBlockingQueue.java:467)
        at org.apache.hadoop.ipc.CallQueueManager.take(CallQueueManager.java:288)
        at org.apache.hadoop.ipc.Server$Handler.run(Server.java:2668)
"pool-106-thread-58"  prio=5 tid=1038 in Object.wait()
java.lang.Thread.State: WAITING (on object monitor)
        at sun.misc.Unsafe.park(Native Method)
        at java.util.concurrent.locks.LockSupport.park(LockSupport.java:175)
        at java.util.concurrent.locks.AbstractQueuedSynchronizer$ConditionObject.await(AbstractQueuedSynchronizer.java:2039)
        at java.util.concurrent.ArrayBlockingQueue.take(ArrayBlockingQueue.java:403)
        at java.util.concurrent.ThreadPoolExecutor.getTask(ThreadPoolExecutor.java:1074)
        at java.util.concurrent.ThreadPoolExecutor.runWorker(ThreadPoolExecutor.java:1134)
        at java.util.concurrent.ThreadPoolExecutor$Worker.run(ThreadPoolExecutor.java:624)
        at java.lang.Thread.run(Thread.java:748)
"qtp934617920-598" daemon prio=5 tid=598 timed_waiting
java.lang.Thread.State: TIMED_WAITING
        at sun.misc.Unsafe.park(Native Method)
        at java.util.concurrent.locks.LockSupport.parkNanos(LockSupport.java:215)
        at java.util.concurrent.locks.AbstractQueuedSynchronizer$ConditionObject.awaitNanos(AbstractQueuedSynchronizer.java:2078)
        at org.eclipse.jetty.util.BlockingArrayQueue.poll(BlockingArrayQueue.java:392)
        at org.eclipse.jetty.util.thread.QueuedThreadPool.idleJobPoll(QueuedThreadPool.java:563)
        at org.eclipse.jetty.util.thread.QueuedThreadPool.access$800(QueuedThreadPool.java:48)
        at org.eclipse.jetty.util.thread.QueuedThreadPool$2.run(QueuedThreadPool.java:626)
        at java.lang.Thread.run(Thread.java:748)
"pool-86-thread-38"  prio=5 tid=856 in Object.wait()
java.lang.Thread.State: WAITING (on object monitor)
        at sun.misc.Unsafe.park(Native Method)
        at java.util.concurrent.locks.LockSupport.park(LockSupport.java:175)
        at java.util.concurrent.locks.AbstractQueuedSynchronizer$ConditionObject.await(AbstractQueuedSynchronizer.java:2039)
        at java.util.concurrent.ArrayBlockingQueue.take(ArrayBlockingQueue.java:403)
        at java.util.concurrent.ThreadPoolExecutor.getTask(ThreadPoolExecutor.java:1074)
        at java.util.concurrent.ThreadPoolExecutor.runWorker(ThreadPoolExecutor.java:1134)
        at java.util.concurrent.ThreadPoolExecutor$Worker.run(ThreadPoolExecutor.java:624)
        at java.lang.Thread.run(Thread.java:748)
"pool-86-thread-5"  prio=5 tid=823 in Object.wait()
java.lang.Thread.State: WAITING (on object monitor)
        at sun.misc.Unsafe.park(Native Method)
        at java.util.concurrent.locks.LockSupport.park(LockSupport.java:175)
        at java.util.concurrent.locks.AbstractQueuedSynchronizer$ConditionObject.await(AbstractQueuedSynchronizer.java:2039)
        at java.util.concurrent.ArrayBlockingQueue.take(ArrayBlockingQueue.java:403)
        at java.util.concurrent.ThreadPoolExecutor.getTask(ThreadPoolExecutor.java:1074)
        at java.util.concurrent.ThreadPoolExecutor.runWorker(ThreadPoolExecutor.java:1134)
        at java.util.concurrent.ThreadPoolExecutor$Worker.run(ThreadPoolExecutor.java:624)
        at java.lang.Thread.run(Thread.java:748)
"pool-76-thread-22"  prio=5 tid=768 in Object.wait()
java.lang.Thread.State: WAITING (on object monitor)
        at sun.misc.Unsafe.park(Native Method)
        at java.util.concurrent.locks.LockSupport.park(LockSupport.java:175)
        at java.util.concurrent.locks.AbstractQueuedSynchronizer$ConditionObject.await(AbstractQueuedSynchronizer.java:2039)
        at java.util.concurrent.ArrayBlockingQueue.take(ArrayBlockingQueue.java:403)
        at java.util.concurrent.ThreadPoolExecutor.getTask(ThreadPoolExecutor.java:1074)
        at java.util.concurrent.ThreadPoolExecutor.runWorker(ThreadPoolExecutor.java:1134)
        at java.util.concurrent.ThreadPoolExecutor$Worker.run(ThreadPoolExecutor.java:624)
        at java.lang.Thread.run(Thread.java:748)
"IPC Server handler 16 on 37838" daemon prio=5 tid=85 timed_waiting
java.lang.Thread.State: TIMED_WAITING
        at sun.misc.Unsafe.park(Native Method)
        at java.util.concurrent.locks.LockSupport.parkNanos(LockSupport.java:215)
        at java.util.concurrent.locks.AbstractQueuedSynchronizer$ConditionObject.awaitNanos(AbstractQueuedSynchronizer.java:2078)
        at java.util.concurrent.LinkedBlockingQueue.poll(LinkedBlockingQueue.java:467)
        at org.apache.hadoop.ipc.CallQueueManager.take(CallQueueManager.java:288)
        at org.apache.hadoop.ipc.Server$Handler.run(Server.java:2668)
"Thread-395" daemon prio=5 tid=1267 timed_waiting
java.lang.Thread.State: TIMED_WAITING
        at sun.misc.Unsafe.park(Native Method)
        at java.util.concurrent.locks.LockSupport.parkNanos(LockSupport.java:215)
        at java.util.concurrent.locks.AbstractQueuedSynchronizer$ConditionObject.awaitNanos(AbstractQueuedSynchronizer.java:2078)
        at java.util.concurrent.ArrayBlockingQueue.poll(ArrayBlockingQueue.java:418)
        at org.apache.ratis.server.impl.LeaderState$EventQueue.poll(LeaderState.java:116)
        at org.apache.ratis.server.impl.LeaderState$EventProcessor.run(LeaderState.java:468)
"pool-76-thread-13"  prio=5 tid=759 in Object.wait()
java.lang.Thread.State: WAITING (on object monitor)
        at sun.misc.Unsafe.park(Native Method)
        at java.util.concurrent.locks.LockSupport.park(LockSupport.java:175)
        at java.util.concurrent.locks.AbstractQueuedSynchronizer$ConditionObject.await(AbstractQueuedSynchronizer.java:2039)
        at java.util.concurrent.ArrayBlockingQueue.take(ArrayBlockingQueue.java:403)
        at java.util.concurrent.ThreadPoolExecutor.getTask(ThreadPoolExecutor.java:1074)
        at java.util.concurrent.ThreadPoolExecutor.runWorker(ThreadPoolExecutor.java:1134)
        at java.util.concurrent.ThreadPoolExecutor$Worker.run(ThreadPoolExecutor.java:624)
        at java.lang.Thread.run(Thread.java:748)
"qtp318555935-186" daemon prio=5 tid=186 runnable
java.lang.Thread.State: RUNNABLE
        at sun.nio.ch.EPollArrayWrapper.epollWait(Native Method)
        at sun.nio.ch.EPollArrayWrapper.poll(EPollArrayWrapper.java:269)
        at sun.nio.ch.EPollSelectorImpl.doSelect(EPollSelectorImpl.java:93)
        at sun.nio.ch.SelectorImpl.lockAndDoSelect(SelectorImpl.java:86)
        at sun.nio.ch.SelectorImpl.select(SelectorImpl.java:97)
        at sun.nio.ch.SelectorImpl.select(SelectorImpl.java:101)
        at org.eclipse.jetty.io.ManagedSelector$SelectorProducer.select(ManagedSelector.java:243)
        at org.eclipse.jetty.io.ManagedSelector$SelectorProducer.produce(ManagedSelector.java:191)
        at org.eclipse.jetty.util.thread.strategy.ExecuteProduceConsume.executeProduceConsume(ExecuteProduceConsume.java:249)
        at org.eclipse.jetty.util.thread.strategy.ExecuteProduceConsume.produceConsume(ExecuteProduceConsume.java:148)
        at org.eclipse.jetty.util.thread.strategy.ExecuteProduceConsume.execute(ExecuteProduceConsume.java:100)
        at org.eclipse.jetty.io.ManagedSelector.run(ManagedSelector.java:147)
        at org.eclipse.jetty.util.thread.QueuedThreadPool.runJob(QueuedThreadPool.java:671)
        at org.eclipse.jetty.util.thread.QueuedThreadPool$2.run(QueuedThreadPool.java:589)
        at java.lang.Thread.run(Thread.java:748)
"pool-46-thread-22"  prio=5 tid=412 in Object.wait()
java.lang.Thread.State: WAITING (on object monitor)
        at sun.misc.Unsafe.park(Native Method)
        at java.util.concurrent.locks.LockSupport.park(LockSupport.java:175)
        at java.util.concurrent.locks.AbstractQueuedSynchronizer$ConditionObject.await(AbstractQueuedSynchronizer.java:2039)
        at java.util.concurrent.ArrayBlockingQueue.take(ArrayBlockingQueue.java:403)
        at java.util.concurrent.ThreadPoolExecutor.getTask(ThreadPoolExecutor.java:1074)
        at java.util.concurrent.ThreadPoolExecutor.runWorker(ThreadPoolExecutor.java:1134)
        at java.util.concurrent.ThreadPoolExecutor$Worker.run(ThreadPoolExecutor.java:624)
        at java.lang.Thread.run(Thread.java:748)
"qtp142993407-386" daemon prio=5 tid=386 timed_waiting
java.lang.Thread.State: TIMED_WAITING
        at sun.misc.Unsafe.park(Native Method)
        at java.util.concurrent.locks.LockSupport.parkNanos(LockSupport.java:215)
        at java.util.concurrent.locks.AbstractQueuedSynchronizer$ConditionObject.awaitNanos(AbstractQueuedSynchronizer.java:2078)
        at org.eclipse.jetty.util.BlockingArrayQueue.poll(BlockingArrayQueue.java:392)
        at org.eclipse.jetty.util.thread.QueuedThreadPool.idleJobPoll(QueuedThreadPool.java:563)
        at org.eclipse.jetty.util.thread.QueuedThreadPool.access$800(QueuedThreadPool.java:48)
        at org.eclipse.jetty.util.thread.QueuedThreadPool$2.run(QueuedThreadPool.java:626)
        at java.lang.Thread.run(Thread.java:748)
"qtp142993407-376" daemon prio=5 tid=376 timed_waiting
java.lang.Thread.State: TIMED_WAITING
        at sun.misc.Unsafe.park(Native Method)
        at java.util.concurrent.locks.LockSupport.parkNanos(LockSupport.java:215)
        at java.util.concurrent.locks.AbstractQueuedSynchronizer$ConditionObject.awaitNanos(AbstractQueuedSynchronizer.java:2078)
        at org.eclipse.jetty.util.BlockingArrayQueue.poll(BlockingArrayQueue.java:392)
        at org.eclipse.jetty.util.thread.QueuedThreadPool.idleJobPoll(QueuedThreadPool.java:563)
        at org.eclipse.jetty.util.thread.QueuedThreadPool.access$800(QueuedThreadPool.java:48)
        at org.eclipse.jetty.util.thread.QueuedThreadPool$2.run(QueuedThreadPool.java:626)
        at java.lang.Thread.run(Thread.java:748)
"pool-46-thread-41"  prio=5 tid=503 in Object.wait()
java.lang.Thread.State: WAITING (on object monitor)
        at sun.misc.Unsafe.park(Native Method)
        at java.util.concurrent.locks.LockSupport.park(LockSupport.java:175)
        at java.util.concurrent.locks.AbstractQueuedSynchronizer$ConditionObject.await(AbstractQueuedSynchronizer.java:2039)
        at java.util.concurrent.ArrayBlockingQueue.take(ArrayBlockingQueue.java:403)
        at java.util.concurrent.ThreadPoolExecutor.getTask(ThreadPoolExecutor.java:1074)
        at java.util.concurrent.ThreadPoolExecutor.runWorker(ThreadPoolExecutor.java:1134)
        at java.util.concurrent.ThreadPoolExecutor$Worker.run(ThreadPoolExecutor.java:624)
        at java.lang.Thread.run(Thread.java:748)
"pool-26-thread-12"  prio=5 tid=372 in Object.wait()
java.lang.Thread.State: WAITING (on object monitor)
        at sun.misc.Unsafe.park(Native Method)
        at java.util.concurrent.locks.LockSupport.park(LockSupport.java:175)
        at java.util.concurrent.locks.AbstractQueuedSynchronizer$ConditionObject.await(AbstractQueuedSynchronizer.java:2039)
        at java.util.concurrent.ArrayBlockingQueue.take(ArrayBlockingQueue.java:403)
        at java.util.concurrent.ThreadPoolExecutor.getTask(ThreadPoolExecutor.java:1074)
        at java.util.concurrent.ThreadPoolExecutor.runWorker(ThreadPoolExecutor.java:1134)
        at java.util.concurrent.ThreadPoolExecutor$Worker.run(ThreadPoolExecutor.java:624)
        at java.lang.Thread.run(Thread.java:748)
"pool-56-thread-5"  prio=5 tid=355 in Object.wait()
java.lang.Thread.State: WAITING (on object monitor)
        at sun.misc.Unsafe.park(Native Method)
        at java.util.concurrent.locks.LockSupport.park(LockSupport.java:175)
        at java.util.concurrent.locks.AbstractQueuedSynchronizer$ConditionObject.await(AbstractQueuedSynchronizer.java:2039)
        at java.util.concurrent.ArrayBlockingQueue.take(ArrayBlockingQueue.java:403)
        at java.util.concurrent.ThreadPoolExecutor.getTask(ThreadPoolExecutor.java:1074)
        at java.util.concurrent.ThreadPoolExecutor.runWorker(ThreadPoolExecutor.java:1134)
        at java.util.concurrent.ThreadPoolExecutor$Worker.run(ThreadPoolExecutor.java:624)
        at java.lang.Thread.run(Thread.java:748)
"pool-117-thread-21"  prio=5 tid=1080 in Object.wait()
java.lang.Thread.State: WAITING (on object monitor)
        at sun.misc.Unsafe.park(Native Method)
        at java.util.concurrent.locks.LockSupport.park(LockSupport.java:175)
        at java.util.concurrent.locks.AbstractQueuedSynchronizer$ConditionObject.await(AbstractQueuedSynchronizer.java:2039)
        at java.util.concurrent.ArrayBlockingQueue.take(ArrayBlockingQueue.java:403)
        at java.util.concurrent.ThreadPoolExecutor.getTask(ThreadPoolExecutor.java:1074)
        at java.util.concurrent.ThreadPoolExecutor.runWorker(ThreadPoolExecutor.java:1134)
        at java.util.concurrent.ThreadPoolExecutor$Worker.run(ThreadPoolExecutor.java:624)
        at java.lang.Thread.run(Thread.java:748)
"Command processor thread" daemon prio=5 tid=520 timed_waiting
java.lang.Thread.State: TIMED_WAITING
        at java.lang.Thread.sleep(Native Method)
        at org.apache.hadoop.ozone.container.common.statemachine.DatanodeStateMachine.lambda$initCommandHandlerThread$1(DatanodeStateMachine.java:439)
        at org.apache.hadoop.ozone.container.common.statemachine.DatanodeStateMachine$$Lambda$141/1487479796.run(Unknown Source)
        at java.lang.Thread.run(Thread.java:748)
"pool-46-thread-16"  prio=5 tid=377 in Object.wait()
java.lang.Thread.State: WAITING (on object monitor)
        at sun.misc.Unsafe.park(Native Method)
        at java.util.concurrent.locks.LockSupport.park(LockSupport.java:175)
        at java.util.concurrent.locks.AbstractQueuedSynchronizer$ConditionObject.await(AbstractQueuedSynchronizer.java:2039)
        at java.util.concurrent.ArrayBlockingQueue.take(ArrayBlockingQueue.java:403)
        at java.util.concurrent.ThreadPoolExecutor.getTask(ThreadPoolExecutor.java:1074)
        at java.util.concurrent.ThreadPoolExecutor.runWorker(ThreadPoolExecutor.java:1134)
        at java.util.concurrent.ThreadPoolExecutor$Worker.run(ThreadPoolExecutor.java:624)
        at java.lang.Thread.run(Thread.java:748)
"pool-76-thread-42"  prio=5 tid=788 in Object.wait()
java.lang.Thread.State: WAITING (on object monitor)
        at sun.misc.Unsafe.park(Native Method)
        at java.util.concurrent.locks.LockSupport.park(LockSupport.java:175)
        at java.util.concurrent.locks.AbstractQueuedSynchronizer$ConditionObject.await(AbstractQueuedSynchronizer.java:2039)
        at java.util.concurrent.ArrayBlockingQueue.take(ArrayBlockingQueue.java:403)
        at java.util.concurrent.ThreadPoolExecutor.getTask(ThreadPoolExecutor.java:1074)
        at java.util.concurrent.ThreadPoolExecutor.runWorker(ThreadPoolExecutor.java:1134)
        at java.util.concurrent.ThreadPoolExecutor$Worker.run(ThreadPoolExecutor.java:624)
        at java.lang.Thread.run(Thread.java:748)
"4ff74892-3196-4f54-95eb-cd6f2bc728e2@group-24F9B359B75D-StateMachineUpdater" daemon prio=5 tid=1041 in Object.wait()
java.lang.Thread.State: WAITING (on object monitor)
        at java.lang.Object.wait(Native Method)
        at java.lang.Object.wait(Object.java:502)
        at org.apache.ratis.server.impl.StateMachineUpdater.waitForCommit(StateMachineUpdater.java:194)
        at org.apache.ratis.server.impl.StateMachineUpdater.run(StateMachineUpdater.java:159)
        at java.lang.Thread.run(Thread.java:748)
"pool-117-thread-14"  prio=5 tid=1073 in Object.wait()
java.lang.Thread.State: WAITING (on object monitor)
        at sun.misc.Unsafe.park(Native Method)
        at java.util.concurrent.locks.LockSupport.park(LockSupport.java:175)
        at java.util.concurrent.locks.AbstractQueuedSynchronizer$ConditionObject.await(AbstractQueuedSynchronizer.java:2039)
        at java.util.concurrent.ArrayBlockingQueue.take(ArrayBlockingQueue.java:403)
        at java.util.concurrent.ThreadPoolExecutor.getTask(ThreadPoolExecutor.java:1074)
        at java.util.concurrent.ThreadPoolExecutor.runWorker(ThreadPoolExecutor.java:1134)
        at java.util.concurrent.ThreadPoolExecutor$Worker.run(ThreadPoolExecutor.java:624)
        at java.lang.Thread.run(Thread.java:748)
"pool-96-thread-42"  prio=5 tid=924 in Object.wait()
java.lang.Thread.State: WAITING (on object monitor)
        at sun.misc.Unsafe.park(Native Method)
        at java.util.concurrent.locks.LockSupport.park(LockSupport.java:175)
        at java.util.concurrent.locks.AbstractQueuedSynchronizer$ConditionObject.await(AbstractQueuedSynchronizer.java:2039)
        at java.util.concurrent.ArrayBlockingQueue.take(ArrayBlockingQueue.java:403)
        at java.util.concurrent.ThreadPoolExecutor.getTask(ThreadPoolExecutor.java:1074)
        at java.util.concurrent.ThreadPoolExecutor.runWorker(ThreadPoolExecutor.java:1134)
        at java.util.concurrent.ThreadPoolExecutor$Worker.run(ThreadPoolExecutor.java:624)
        at java.lang.Thread.run(Thread.java:748)
"pool-66-thread-46"  prio=5 tid=691 in Object.wait()
java.lang.Thread.State: WAITING (on object monitor)
        at sun.misc.Unsafe.park(Native Method)
        at java.util.concurrent.locks.LockSupport.park(LockSupport.java:175)
        at java.util.concurrent.locks.AbstractQueuedSynchronizer$ConditionObject.await(AbstractQueuedSynchronizer.java:2039)
        at java.util.concurrent.ArrayBlockingQueue.take(ArrayBlockingQueue.java:403)
        at java.util.concurrent.ThreadPoolExecutor.getTask(ThreadPoolExecutor.java:1074)
        at java.util.concurrent.ThreadPoolExecutor.runWorker(ThreadPoolExecutor.java:1134)
        at java.util.concurrent.ThreadPoolExecutor$Worker.run(ThreadPoolExecutor.java:624)
        at java.lang.Thread.run(Thread.java:748)
"pool-86-thread-1"  prio=5 tid=819 in Object.wait()
java.lang.Thread.State: WAITING (on object monitor)
        at sun.misc.Unsafe.park(Native Method)
        at java.util.concurrent.locks.LockSupport.park(LockSupport.java:175)
        at java.util.concurrent.locks.AbstractQueuedSynchronizer$ConditionObject.await(AbstractQueuedSynchronizer.java:2039)
        at java.util.concurrent.ArrayBlockingQueue.take(ArrayBlockingQueue.java:403)
        at java.util.concurrent.ThreadPoolExecutor.getTask(ThreadPoolExecutor.java:1074)
        at java.util.concurrent.ThreadPoolExecutor.runWorker(ThreadPoolExecutor.java:1134)
        at java.util.concurrent.ThreadPoolExecutor$Worker.run(ThreadPoolExecutor.java:624)
        at java.lang.Thread.run(Thread.java:748)
"IPC Client (981159997) connection to /0.0.0.0:37838 from jenkins1000" daemon prio=5 tid=304 timed_waiting
java.lang.Thread.State: TIMED_WAITING
        at java.lang.Object.wait(Native Method)
        at org.apache.hadoop.ipc.Client$Connection.waitForWork(Client.java:1024)
        at org.apache.hadoop.ipc.Client$Connection.run(Client.java:1068)
"Thread-399" daemon prio=5 tid=1273 timed_waiting
java.lang.Thread.State: TIMED_WAITING
        at sun.misc.Unsafe.park(Native Method)
        at java.util.concurrent.locks.LockSupport.parkNanos(LockSupport.java:215)
        at java.util.concurrent.locks.AbstractQueuedSynchronizer$ConditionObject.awaitNanos(AbstractQueuedSynchronizer.java:2078)
        at java.util.concurrent.ArrayBlockingQueue.poll(ArrayBlockingQueue.java:418)
        at org.apache.ratis.server.impl.LeaderState$EventQueue.poll(LeaderState.java:116)
        at org.apache.ratis.server.impl.LeaderState$EventProcessor.run(LeaderState.java:468)
"metrics-hadoop-metrics2-reporter-42-thread-1" daemon prio=5 tid=1177 timed_waiting
java.lang.Thread.State: TIMED_WAITING
        at sun.misc.Unsafe.park(Native Method)
        at java.util.concurrent.locks.LockSupport.parkNanos(LockSupport.java:215)
        at java.util.concurrent.locks.AbstractQueuedSynchronizer$ConditionObject.awaitNanos(AbstractQueuedSynchronizer.java:2078)
        at java.util.concurrent.ScheduledThreadPoolExecutor$DelayedWorkQueue.take(ScheduledThreadPoolExecutor.java:1093)
        at java.util.concurrent.ScheduledThreadPoolExecutor$DelayedWorkQueue.take(ScheduledThreadPoolExecutor.java:809)
        at java.util.concurrent.ThreadPoolExecutor.getTask(ThreadPoolExecutor.java:1074)
        at java.util.concurrent.ThreadPoolExecutor.runWorker(ThreadPoolExecutor.java:1134)
        at java.util.concurrent.ThreadPoolExecutor$Worker.run(ThreadPoolExecutor.java:624)
        at java.lang.Thread.run(Thread.java:748)
"pool-36-thread-20"  prio=5 tid=415 in Object.wait()
java.lang.Thread.State: WAITING (on object monitor)
        at sun.misc.Unsafe.park(Native Method)
        at java.util.concurrent.locks.LockSupport.park(LockSupport.java:175)
        at java.util.concurrent.locks.AbstractQueuedSynchronizer$ConditionObject.await(AbstractQueuedSynchronizer.java:2039)
        at java.util.concurrent.ArrayBlockingQueue.take(ArrayBlockingQueue.java:403)
        at java.util.concurrent.ThreadPoolExecutor.getTask(ThreadPoolExecutor.java:1074)
        at java.util.concurrent.ThreadPoolExecutor.runWorker(ThreadPoolExecutor.java:1134)
        at java.util.concurrent.ThreadPoolExecutor$Worker.run(ThreadPoolExecutor.java:624)
        at java.lang.Thread.run(Thread.java:748)
"IPC Server handler 5 on 37838" daemon prio=5 tid=74 timed_waiting
java.lang.Thread.State: TIMED_WAITING
        at sun.misc.Unsafe.park(Native Method)
        at java.util.concurrent.locks.LockSupport.parkNanos(LockSupport.java:215)
        at java.util.concurrent.locks.AbstractQueuedSynchronizer$ConditionObject.awaitNanos(AbstractQueuedSynchronizer.java:2078)
        at java.util.concurrent.LinkedBlockingQueue.poll(LinkedBlockingQueue.java:467)
        at org.apache.hadoop.ipc.CallQueueManager.take(CallQueueManager.java:288)
        at org.apache.hadoop.ipc.Server$Handler.run(Server.java:2668)
"pool-46-thread-47"  prio=5 tid=548 in Object.wait()
java.lang.Thread.State: WAITING (on object monitor)
        at sun.misc.Unsafe.park(Native Method)
        at java.util.concurrent.locks.LockSupport.park(LockSupport.java:175)
        at java.util.concurrent.locks.AbstractQueuedSynchronizer$ConditionObject.await(AbstractQueuedSynchronizer.java:2039)
        at java.util.concurrent.ArrayBlockingQueue.take(ArrayBlockingQueue.java:403)
        at java.util.concurrent.ThreadPoolExecutor.getTask(ThreadPoolExecutor.java:1074)
        at java.util.concurrent.ThreadPoolExecutor.runWorker(ThreadPoolExecutor.java:1134)
        at java.util.concurrent.ThreadPoolExecutor$Worker.run(ThreadPoolExecutor.java:624)
        at java.lang.Thread.run(Thread.java:748)
"pool-26-thread-28"  prio=5 tid=432 in Object.wait()
java.lang.Thread.State: WAITING (on object monitor)
        at sun.misc.Unsafe.park(Native Method)
        at java.util.concurrent.locks.LockSupport.park(LockSupport.java:175)
        at java.util.concurrent.locks.AbstractQueuedSynchronizer$ConditionObject.await(AbstractQueuedSynchronizer.java:2039)
        at java.util.concurrent.ArrayBlockingQueue.take(ArrayBlockingQueue.java:403)
        at java.util.concurrent.ThreadPoolExecutor.getTask(ThreadPoolExecutor.java:1074)
        at java.util.concurrent.ThreadPoolExecutor.runWorker(ThreadPoolExecutor.java:1134)
        at java.util.concurrent.ThreadPoolExecutor$Worker.run(ThreadPoolExecutor.java:624)
        at java.lang.Thread.run(Thread.java:748)
"metrics-hadoop-metrics2-reporter-14-thread-1" daemon prio=5 tid=972 timed_waiting
java.lang.Thread.State: TIMED_WAITING
        at sun.misc.Unsafe.park(Native Method)
        at java.util.concurrent.locks.LockSupport.parkNanos(LockSupport.java:215)
        at java.util.concurrent.locks.AbstractQueuedSynchronizer$ConditionObject.awaitNanos(AbstractQueuedSynchronizer.java:2078)
        at java.util.concurrent.ScheduledThreadPoolExecutor$DelayedWorkQueue.take(ScheduledThreadPoolExecutor.java:1093)
        at java.util.concurrent.ScheduledThreadPoolExecutor$DelayedWorkQueue.take(ScheduledThreadPoolExecutor.java:809)
        at java.util.concurrent.ThreadPoolExecutor.getTask(ThreadPoolExecutor.java:1074)
        at java.util.concurrent.ThreadPoolExecutor.runWorker(ThreadPoolExecutor.java:1134)
        at java.util.concurrent.ThreadPoolExecutor$Worker.run(ThreadPoolExecutor.java:624)
        at java.lang.Thread.run(Thread.java:748)
"IPC Server handler 2 on 39235" daemon prio=5 tid=31 timed_waiting
java.lang.Thread.State: TIMED_WAITING
        at sun.misc.Unsafe.park(Native Method)
        at java.util.concurrent.locks.LockSupport.parkNanos(LockSupport.java:215)
        at java.util.concurrent.locks.AbstractQueuedSynchronizer$ConditionObject.awaitNanos(AbstractQueuedSynchronizer.java:2078)
        at java.util.concurrent.LinkedBlockingQueue.poll(LinkedBlockingQueue.java:467)
        at org.apache.hadoop.ipc.CallQueueManager.take(CallQueueManager.java:288)
        at org.apache.hadoop.ipc.Server$Handler.run(Server.java:2668)
"pool-117-thread-33"  prio=5 tid=1092 in Object.wait()
java.lang.Thread.State: WAITING (on object monitor)
        at sun.misc.Unsafe.park(Native Method)
        at java.util.concurrent.locks.LockSupport.park(LockSupport.java:175)
        at java.util.concurrent.locks.AbstractQueuedSynchronizer$ConditionObject.await(AbstractQueuedSynchronizer.java:2039)
        at java.util.concurrent.ArrayBlockingQueue.take(ArrayBlockingQueue.java:403)
        at java.util.concurrent.ThreadPoolExecutor.getTask(ThreadPoolExecutor.java:1074)
        at java.util.concurrent.ThreadPoolExecutor.runWorker(ThreadPoolExecutor.java:1134)
        at java.util.concurrent.ThreadPoolExecutor$Worker.run(ThreadPoolExecutor.java:624)
        at java.lang.Thread.run(Thread.java:748)
"pool-96-thread-19"  prio=5 tid=901 in Object.wait()
java.lang.Thread.State: WAITING (on object monitor)
        at sun.misc.Unsafe.park(Native Method)
        at java.util.concurrent.locks.LockSupport.park(LockSupport.java:175)
        at java.util.concurrent.locks.AbstractQueuedSynchronizer$ConditionObject.await(AbstractQueuedSynchronizer.java:2039)
        at java.util.concurrent.ArrayBlockingQueue.take(ArrayBlockingQueue.java:403)
        at java.util.concurrent.ThreadPoolExecutor.getTask(ThreadPoolExecutor.java:1074)
        at java.util.concurrent.ThreadPoolExecutor.runWorker(ThreadPoolExecutor.java:1134)
        at java.util.concurrent.ThreadPoolExecutor$Worker.run(ThreadPoolExecutor.java:624)
        at java.lang.Thread.run(Thread.java:748)
"IPC Server handler 4 on 39235" daemon prio=5 tid=33 timed_waiting
java.lang.Thread.State: TIMED_WAITING
        at sun.misc.Unsafe.park(Native Method)
        at java.util.concurrent.locks.LockSupport.parkNanos(LockSupport.java:215)
        at java.util.concurrent.locks.AbstractQueuedSynchronizer$ConditionObject.awaitNanos(AbstractQueuedSynchronizer.java:2078)
        at java.util.concurrent.LinkedBlockingQueue.poll(LinkedBlockingQueue.java:467)
        at org.apache.hadoop.ipc.CallQueueManager.take(CallQueueManager.java:288)
        at org.apache.hadoop.ipc.Server$Handler.run(Server.java:2668)
"qtp1680841335-240" daemon prio=5 tid=240 runnable
java.lang.Thread.State: RUNNABLE
        at sun.nio.ch.EPollArrayWrapper.epollWait(Native Method)
        at sun.nio.ch.EPollArrayWrapper.poll(EPollArrayWrapper.java:269)
        at sun.nio.ch.EPollSelectorImpl.doSelect(EPollSelectorImpl.java:93)
        at sun.nio.ch.SelectorImpl.lockAndDoSelect(SelectorImpl.java:86)
        at sun.nio.ch.SelectorImpl.select(SelectorImpl.java:97)
        at sun.nio.ch.SelectorImpl.select(SelectorImpl.java:101)
        at org.eclipse.jetty.io.ManagedSelector$SelectorProducer.select(ManagedSelector.java:243)
        at org.eclipse.jetty.io.ManagedSelector$SelectorProducer.produce(ManagedSelector.java:191)
        at org.eclipse.jetty.util.thread.strategy.ExecuteProduceConsume.executeProduceConsume(ExecuteProduceConsume.java:249)
        at org.eclipse.jetty.util.thread.strategy.ExecuteProduceConsume.produceConsume(ExecuteProduceConsume.java:148)
        at org.eclipse.jetty.util.thread.strategy.ExecuteProduceConsume.execute(ExecuteProduceConsume.java:100)
        at org.eclipse.jetty.io.ManagedSelector.run(ManagedSelector.java:147)
        at org.eclipse.jetty.util.thread.QueuedThreadPool.runJob(QueuedThreadPool.java:671)
        at org.eclipse.jetty.util.thread.QueuedThreadPool$2.run(QueuedThreadPool.java:589)
        at java.lang.Thread.run(Thread.java:748)
"pool-106-thread-47"  prio=5 tid=1026 in Object.wait()
java.lang.Thread.State: WAITING (on object monitor)
        at sun.misc.Unsafe.park(Native Method)
        at java.util.concurrent.locks.LockSupport.park(LockSupport.java:175)
        at java.util.concurrent.locks.AbstractQueuedSynchronizer$ConditionObject.await(AbstractQueuedSynchronizer.java:2039)
        at java.util.concurrent.ArrayBlockingQueue.take(ArrayBlockingQueue.java:403)
        at java.util.concurrent.ThreadPoolExecutor.getTask(ThreadPoolExecutor.java:1074)
        at java.util.concurrent.ThreadPoolExecutor.runWorker(ThreadPoolExecutor.java:1134)
        at java.util.concurrent.ThreadPoolExecutor$Worker.run(ThreadPoolExecutor.java:624)
        at java.lang.Thread.run(Thread.java:748)
"KeyDeletingService#1" daemon prio=5 tid=115 in Object.wait()
java.lang.Thread.State: WAITING (on object monitor)
        at sun.misc.Unsafe.park(Native Method)
        at java.util.concurrent.locks.LockSupport.park(LockSupport.java:175)
        at java.util.concurrent.locks.AbstractQueuedSynchronizer$ConditionObject.await(AbstractQueuedSynchronizer.java:2039)
        at java.util.concurrent.ScheduledThreadPoolExecutor$DelayedWorkQueue.take(ScheduledThreadPoolExecutor.java:1088)
        at java.util.concurrent.ScheduledThreadPoolExecutor$DelayedWorkQueue.take(ScheduledThreadPoolExecutor.java:809)
        at java.util.concurrent.ThreadPoolExecutor.getTask(ThreadPoolExecutor.java:1074)
        at java.util.concurrent.ThreadPoolExecutor.runWorker(ThreadPoolExecutor.java:1134)
        at java.util.concurrent.ThreadPoolExecutor$Worker.run(ThreadPoolExecutor.java:624)
        at java.lang.Thread.run(Thread.java:748)
"EventQueue-DatanodeCommandForSCMNodeManager"  prio=5 tid=1321 in Object.wait()
java.lang.Thread.State: WAITING (on object monitor)
        at sun.misc.Unsafe.park(Native Method)
        at java.util.concurrent.locks.LockSupport.park(LockSupport.java:175)
        at java.util.concurrent.locks.AbstractQueuedSynchronizer$ConditionObject.await(AbstractQueuedSynchronizer.java:2039)
        at java.util.concurrent.LinkedBlockingQueue.take(LinkedBlockingQueue.java:442)
        at java.util.concurrent.ThreadPoolExecutor.getTask(ThreadPoolExecutor.java:1074)
        at java.util.concurrent.ThreadPoolExecutor.runWorker(ThreadPoolExecutor.java:1134)
        at java.util.concurrent.ThreadPoolExecutor$Worker.run(ThreadPoolExecutor.java:624)
        at java.lang.Thread.run(Thread.java:748)
"pool-76-thread-51"  prio=5 tid=797 in Object.wait()
java.lang.Thread.State: WAITING (on object monitor)
        at sun.misc.Unsafe.park(Native Method)
        at java.util.concurrent.locks.LockSupport.park(LockSupport.java:175)
        at java.util.concurrent.locks.AbstractQueuedSynchronizer$ConditionObject.await(AbstractQueuedSynchronizer.java:2039)
        at java.util.concurrent.ArrayBlockingQueue.take(ArrayBlockingQueue.java:403)
        at java.util.concurrent.ThreadPoolExecutor.getTask(ThreadPoolExecutor.java:1074)
        at java.util.concurrent.ThreadPoolExecutor.runWorker(ThreadPoolExecutor.java:1134)
        at java.util.concurrent.ThreadPoolExecutor$Worker.run(ThreadPoolExecutor.java:624)
        at java.lang.Thread.run(Thread.java:748)
"a4ef6c21-3a88-4e13-8c9a-5d7afe7d887e@group-FCAD4F7AE735-StateMachineUpdater" daemon prio=5 tid=1360 in Object.wait()
java.lang.Thread.State: WAITING (on object monitor)
        at java.lang.Object.wait(Native Method)
        at java.lang.Object.wait(Object.java:502)
        at org.apache.ratis.server.impl.StateMachineUpdater.waitForCommit(StateMachineUpdater.java:194)
        at org.apache.ratis.server.impl.StateMachineUpdater.run(StateMachineUpdater.java:159)
        at java.lang.Thread.run(Thread.java:748)
"DataNode DiskChecker thread 0" daemon prio=5 tid=182 timed_waiting
java.lang.Thread.State: TIMED_WAITING
        at sun.misc.Unsafe.park(Native Method)
        at java.util.concurrent.locks.LockSupport.parkNanos(LockSupport.java:215)
        at java.util.concurrent.SynchronousQueue$TransferStack.awaitFulfill(SynchronousQueue.java:460)
        at java.util.concurrent.SynchronousQueue$TransferStack.transfer(SynchronousQueue.java:362)
        at java.util.concurrent.SynchronousQueue.poll(SynchronousQueue.java:941)
        at java.util.concurrent.ThreadPoolExecutor.getTask(ThreadPoolExecutor.java:1073)
        at java.util.concurrent.ThreadPoolExecutor.runWorker(ThreadPoolExecutor.java:1134)
        at java.util.concurrent.ThreadPoolExecutor$Worker.run(ThreadPoolExecutor.java:624)
        at java.lang.Thread.run(Thread.java:748)
"java.util.concurrent.ThreadPoolExecutor$Worker@75babb67[State = -1, empty queue]" daemon prio=5 tid=1343 runnable
java.lang.Thread.State: RUNNABLE
        at java.util.concurrent.ScheduledThreadPoolExecutor$DelayedWorkQueue.poll(ScheduledThreadPoolExecutor.java:809)
        at java.util.concurrent.ThreadPoolExecutor.getTask(ThreadPoolExecutor.java:1073)
        at java.util.concurrent.ThreadPoolExecutor.runWorker(ThreadPoolExecutor.java:1134)
        at java.util.concurrent.ThreadPoolExecutor$Worker.run(ThreadPoolExecutor.java:624)
        at java.lang.Thread.run(Thread.java:748)
"pool-36-thread-27"  prio=5 tid=458 in Object.wait()
java.lang.Thread.State: WAITING (on object monitor)
        at sun.misc.Unsafe.park(Native Method)
        at java.util.concurrent.locks.LockSupport.park(LockSupport.java:175)
        at java.util.concurrent.locks.AbstractQueuedSynchronizer$ConditionObject.await(AbstractQueuedSynchronizer.java:2039)
        at java.util.concurrent.ArrayBlockingQueue.take(ArrayBlockingQueue.java:403)
        at java.util.concurrent.ThreadPoolExecutor.getTask(ThreadPoolExecutor.java:1074)
        at java.util.concurrent.ThreadPoolExecutor.runWorker(ThreadPoolExecutor.java:1134)
        at java.util.concurrent.ThreadPoolExecutor$Worker.run(ThreadPoolExecutor.java:624)
        at java.lang.Thread.run(Thread.java:748)
"pool-36-thread-12"  prio=5 tid=374 in Object.wait()
java.lang.Thread.State: WAITING (on object monitor)
        at sun.misc.Unsafe.park(Native Method)
        at java.util.concurrent.locks.LockSupport.park(LockSupport.java:175)
        at java.util.concurrent.locks.AbstractQueuedSynchronizer$ConditionObject.await(AbstractQueuedSynchronizer.java:2039)
        at java.util.concurrent.ArrayBlockingQueue.take(ArrayBlockingQueue.java:403)
        at java.util.concurrent.ThreadPoolExecutor.getTask(ThreadPoolExecutor.java:1074)
        at java.util.concurrent.ThreadPoolExecutor.runWorker(ThreadPoolExecutor.java:1134)
        at java.util.concurrent.ThreadPoolExecutor$Worker.run(ThreadPoolExecutor.java:624)
        at java.lang.Thread.run(Thread.java:748)
"pool-36-thread-3"  prio=5 tid=338 in Object.wait()
java.lang.Thread.State: WAITING (on object monitor)
        at sun.misc.Unsafe.park(Native Method)
        at java.util.concurrent.locks.LockSupport.park(LockSupport.java:175)
        at java.util.concurrent.locks.AbstractQueuedSynchronizer$ConditionObject.await(AbstractQueuedSynchronizer.java:2039)
        at java.util.concurrent.ArrayBlockingQueue.take(ArrayBlockingQueue.java:403)
        at java.util.concurrent.ThreadPoolExecutor.getTask(ThreadPoolExecutor.java:1074)
        at java.util.concurrent.ThreadPoolExecutor.runWorker(ThreadPoolExecutor.java:1134)
        at java.util.concurrent.ThreadPoolExecutor$Worker.run(ThreadPoolExecutor.java:624)
        at java.lang.Thread.run(Thread.java:748)
"BlockDeletingService#0" daemon prio=5 tid=631 timed_waiting
java.lang.Thread.State: TIMED_WAITING
        at sun.misc.Unsafe.park(Native Method)
        at java.util.concurrent.locks.LockSupport.parkNanos(LockSupport.java:215)
        at java.util.concurrent.locks.AbstractQueuedSynchronizer$ConditionObject.awaitNanos(AbstractQueuedSynchronizer.java:2078)
        at java.util.concurrent.ScheduledThreadPoolExecutor$DelayedWorkQueue.take(ScheduledThreadPoolExecutor.java:1093)
        at java.util.concurrent.ScheduledThreadPoolExecutor$DelayedWorkQueue.take(ScheduledThreadPoolExecutor.java:809)
        at java.util.concurrent.ThreadPoolExecutor.getTask(ThreadPoolExecutor.java:1074)
        at java.util.concurrent.ThreadPoolExecutor.runWorker(ThreadPoolExecutor.java:1134)
        at java.util.concurrent.ThreadPoolExecutor$Worker.run(ThreadPoolExecutor.java:624)
        at java.lang.Thread.run(Thread.java:748)
"pool-76-thread-56"  prio=5 tid=802 in Object.wait()
java.lang.Thread.State: WAITING (on object monitor)
        at sun.misc.Unsafe.park(Native Method)
        at java.util.concurrent.locks.LockSupport.park(LockSupport.java:175)
        at java.util.concurrent.locks.AbstractQueuedSynchronizer$ConditionObject.await(AbstractQueuedSynchronizer.java:2039)
        at java.util.concurrent.ArrayBlockingQueue.take(ArrayBlockingQueue.java:403)
        at java.util.concurrent.ThreadPoolExecutor.getTask(ThreadPoolExecutor.java:1074)
        at java.util.concurrent.ThreadPoolExecutor.runWorker(ThreadPoolExecutor.java:1134)
        at java.util.concurrent.ThreadPoolExecutor$Worker.run(ThreadPoolExecutor.java:624)
        at java.lang.Thread.run(Thread.java:748)
"qtp303805531-215" daemon prio=5 tid=215 timed_waiting
java.lang.Thread.State: TIMED_WAITING
        at sun.misc.Unsafe.park(Native Method)
        at java.util.concurrent.locks.LockSupport.parkNanos(LockSupport.java:215)
        at java.util.concurrent.locks.AbstractQueuedSynchronizer$ConditionObject.awaitNanos(AbstractQueuedSynchronizer.java:2078)
        at org.eclipse.jetty.util.BlockingArrayQueue.poll(BlockingArrayQueue.java:392)
        at org.eclipse.jetty.util.thread.QueuedThreadPool.idleJobPoll(QueuedThreadPool.java:563)
        at org.eclipse.jetty.util.thread.QueuedThreadPool.access$800(QueuedThreadPool.java:48)
        at org.eclipse.jetty.util.thread.QueuedThreadPool$2.run(QueuedThreadPool.java:626)
        at java.lang.Thread.run(Thread.java:748)
"pool-26-thread-27"  prio=5 tid=428 in Object.wait()
java.lang.Thread.State: WAITING (on object monitor)
        at sun.misc.Unsafe.park(Native Method)
        at java.util.concurrent.locks.LockSupport.park(LockSupport.java:175)
        at java.util.concurrent.locks.AbstractQueuedSynchronizer$ConditionObject.await(AbstractQueuedSynchronizer.java:2039)
        at java.util.concurrent.ArrayBlockingQueue.take(ArrayBlockingQueue.java:403)
        at java.util.concurrent.ThreadPoolExecutor.getTask(ThreadPoolExecutor.java:1074)
        at java.util.concurrent.ThreadPoolExecutor.runWorker(ThreadPoolExecutor.java:1134)
        at java.util.concurrent.ThreadPoolExecutor$Worker.run(ThreadPoolExecutor.java:624)
        at java.lang.Thread.run(Thread.java:748)
"pool-86-thread-11"  prio=5 tid=829 in Object.wait()
java.lang.Thread.State: WAITING (on object monitor)
        at sun.misc.Unsafe.park(Native Method)
        at java.util.concurrent.locks.LockSupport.park(LockSupport.java:175)
        at java.util.concurrent.locks.AbstractQueuedSynchronizer$ConditionObject.await(AbstractQueuedSynchronizer.java:2039)
        at java.util.concurrent.ArrayBlockingQueue.take(ArrayBlockingQueue.java:403)
        at java.util.concurrent.ThreadPoolExecutor.getTask(ThreadPoolExecutor.java:1074)
        at java.util.concurrent.ThreadPoolExecutor.runWorker(ThreadPoolExecutor.java:1134)
        at java.util.concurrent.ThreadPoolExecutor$Worker.run(ThreadPoolExecutor.java:624)
        at java.lang.Thread.run(Thread.java:748)
"Datanode ReportManager Thread - 3" daemon prio=5 tid=282 in Object.wait()
java.lang.Thread.State: WAITING (on object monitor)
        at sun.misc.Unsafe.park(Native Method)
        at java.util.concurrent.locks.LockSupport.park(LockSupport.java:175)
        at java.util.concurrent.locks.AbstractQueuedSynchronizer$ConditionObject.await(AbstractQueuedSynchronizer.java:2039)
        at java.util.concurrent.ScheduledThreadPoolExecutor$DelayedWorkQueue.take(ScheduledThreadPoolExecutor.java:1088)
        at java.util.concurrent.ScheduledThreadPoolExecutor$DelayedWorkQueue.take(ScheduledThreadPoolExecutor.java:809)
        at java.util.concurrent.ThreadPoolExecutor.getTask(ThreadPoolExecutor.java:1074)
        at java.util.concurrent.ThreadPoolExecutor.runWorker(ThreadPoolExecutor.java:1134)
        at java.util.concurrent.ThreadPoolExecutor$Worker.run(ThreadPoolExecutor.java:624)
        at java.lang.Thread.run(Thread.java:748)
"pool-56-thread-23"  prio=5 tid=433 in Object.wait()
java.lang.Thread.State: WAITING (on object monitor)
        at sun.misc.Unsafe.park(Native Method)
        at java.util.concurrent.locks.LockSupport.park(LockSupport.java:175)
        at java.util.concurrent.locks.AbstractQueuedSynchronizer$ConditionObject.await(AbstractQueuedSynchronizer.java:2039)
        at java.util.concurrent.ArrayBlockingQueue.take(ArrayBlockingQueue.java:403)
        at java.util.concurrent.ThreadPoolExecutor.getTask(ThreadPoolExecutor.java:1074)
        at java.util.concurrent.ThreadPoolExecutor.runWorker(ThreadPoolExecutor.java:1134)
        at java.util.concurrent.ThreadPoolExecutor$Worker.run(ThreadPoolExecutor.java:624)
        at java.lang.Thread.run(Thread.java:748)
"qtp549049813-273" daemon prio=5 tid=273 timed_waiting
java.lang.Thread.State: TIMED_WAITING
        at sun.misc.Unsafe.park(Native Method)
        at java.util.concurrent.locks.LockSupport.parkNanos(LockSupport.java:215)
        at java.util.concurrent.locks.AbstractQueuedSynchronizer$ConditionObject.awaitNanos(AbstractQueuedSynchronizer.java:2078)
        at org.eclipse.jetty.util.BlockingArrayQueue.poll(BlockingArrayQueue.java:392)
        at org.eclipse.jetty.util.thread.QueuedThreadPool.idleJobPoll(QueuedThreadPool.java:563)
        at org.eclipse.jetty.util.thread.QueuedThreadPool.access$800(QueuedThreadPool.java:48)
        at org.eclipse.jetty.util.thread.QueuedThreadPool$2.run(QueuedThreadPool.java:626)
        at java.lang.Thread.run(Thread.java:748)
"pool-106-thread-2"  prio=5 tid=981 in Object.wait()
java.lang.Thread.State: WAITING (on object monitor)
        at sun.misc.Unsafe.park(Native Method)
        at java.util.concurrent.locks.LockSupport.park(LockSupport.java:175)
        at java.util.concurrent.locks.AbstractQueuedSynchronizer$ConditionObject.await(AbstractQueuedSynchronizer.java:2039)
        at java.util.concurrent.ArrayBlockingQueue.take(ArrayBlockingQueue.java:403)
        at java.util.concurrent.ThreadPoolExecutor.getTask(ThreadPoolExecutor.java:1074)
        at java.util.concurrent.ThreadPoolExecutor.runWorker(ThreadPoolExecutor.java:1134)
        at java.util.concurrent.ThreadPoolExecutor$Worker.run(ThreadPoolExecutor.java:624)
        at java.lang.Thread.run(Thread.java:748)
"pool-64-thread-1" daemon prio=5 tid=264 timed_waiting
java.lang.Thread.State: TIMED_WAITING
        at sun.misc.Unsafe.park(Native Method)
        at java.util.concurrent.locks.LockSupport.parkNanos(LockSupport.java:215)
        at java.util.concurrent.locks.AbstractQueuedSynchronizer$ConditionObject.awaitNanos(AbstractQueuedSynchronizer.java:2078)
        at java.util.concurrent.ScheduledThreadPoolExecutor$DelayedWorkQueue.take(ScheduledThreadPoolExecutor.java:1093)
        at java.util.concurrent.ScheduledThreadPoolExecutor$DelayedWorkQueue.take(ScheduledThreadPoolExecutor.java:809)
        at java.util.concurrent.ThreadPoolExecutor.getTask(ThreadPoolExecutor.java:1074)
        at java.util.concurrent.ThreadPoolExecutor.runWorker(ThreadPoolExecutor.java:1134)
        at java.util.concurrent.ThreadPoolExecutor$Worker.run(ThreadPoolExecutor.java:624)
        at java.lang.Thread.run(Thread.java:748)
"pool-36-thread-49"  prio=5 tid=553 in Object.wait()
java.lang.Thread.State: WAITING (on object monitor)
        at sun.misc.Unsafe.park(Native Method)
        at java.util.concurrent.locks.LockSupport.park(LockSupport.java:175)
        at java.util.concurrent.locks.AbstractQueuedSynchronizer$ConditionObject.await(AbstractQueuedSynchronizer.java:2039)
        at java.util.concurrent.ArrayBlockingQueue.take(ArrayBlockingQueue.java:403)
        at java.util.concurrent.ThreadPoolExecutor.getTask(ThreadPoolExecutor.java:1074)
        at java.util.concurrent.ThreadPoolExecutor.runWorker(ThreadPoolExecutor.java:1134)
        at java.util.concurrent.ThreadPoolExecutor$Worker.run(ThreadPoolExecutor.java:624)
        at java.lang.Thread.run(Thread.java:748)
"pool-56-thread-41"  prio=5 tid=494 in Object.wait()
java.lang.Thread.State: WAITING (on object monitor)
        at sun.misc.Unsafe.park(Native Method)
        at java.util.concurrent.locks.LockSupport.park(LockSupport.java:175)
        at java.util.concurrent.locks.AbstractQueuedSynchronizer$ConditionObject.await(AbstractQueuedSynchronizer.java:2039)
        at java.util.concurrent.ArrayBlockingQueue.take(ArrayBlockingQueue.java:403)
        at java.util.concurrent.ThreadPoolExecutor.getTask(ThreadPoolExecutor.java:1074)
        at java.util.concurrent.ThreadPoolExecutor.runWorker(ThreadPoolExecutor.java:1134)
        at java.util.concurrent.ThreadPoolExecutor$Worker.run(ThreadPoolExecutor.java:624)
        at java.lang.Thread.run(Thread.java:748)
"IPC Server handler 1 on 37221" daemon prio=5 tid=116 timed_waiting
java.lang.Thread.State: TIMED_WAITING
        at sun.misc.Unsafe.park(Native Method)
        at java.util.concurrent.locks.LockSupport.parkNanos(LockSupport.java:215)
        at java.util.concurrent.locks.AbstractQueuedSynchronizer$ConditionObject.awaitNanos(AbstractQueuedSynchronizer.java:2078)
        at java.util.concurrent.LinkedBlockingQueue.poll(LinkedBlockingQueue.java:467)
        at org.apache.hadoop.ipc.CallQueueManager.take(CallQueueManager.java:288)
        at org.apache.hadoop.ipc.Server$Handler.run(Server.java:2668)
"pool-86-thread-42"  prio=5 tid=860 in Object.wait()
java.lang.Thread.State: WAITING (on object monitor)
        at sun.misc.Unsafe.park(Native Method)
        at java.util.concurrent.locks.LockSupport.park(LockSupport.java:175)
        at java.util.concurrent.locks.AbstractQueuedSynchronizer$ConditionObject.await(AbstractQueuedSynchronizer.java:2039)
        at java.util.concurrent.ArrayBlockingQueue.take(ArrayBlockingQueue.java:403)
        at java.util.concurrent.ThreadPoolExecutor.getTask(ThreadPoolExecutor.java:1074)
        at java.util.concurrent.ThreadPoolExecutor.runWorker(ThreadPoolExecutor.java:1134)
        at java.util.concurrent.ThreadPoolExecutor$Worker.run(ThreadPoolExecutor.java:624)
        at java.lang.Thread.run(Thread.java:748)
"pool-76-thread-16"  prio=5 tid=762 in Object.wait()
java.lang.Thread.State: WAITING (on object monitor)
        at sun.misc.Unsafe.park(Native Method)
        at java.util.concurrent.locks.LockSupport.park(LockSupport.java:175)
        at java.util.concurrent.locks.AbstractQueuedSynchronizer$ConditionObject.await(AbstractQueuedSynchronizer.java:2039)
        at java.util.concurrent.ArrayBlockingQueue.take(ArrayBlockingQueue.java:403)
        at java.util.concurrent.ThreadPoolExecutor.getTask(ThreadPoolExecutor.java:1074)
        at java.util.concurrent.ThreadPoolExecutor.runWorker(ThreadPoolExecutor.java:1134)
        at java.util.concurrent.ThreadPoolExecutor$Worker.run(ThreadPoolExecutor.java:624)
        at java.lang.Thread.run(Thread.java:748)
"DataNode DiskChecker thread 0" daemon prio=5 tid=712 timed_waiting
java.lang.Thread.State: TIMED_WAITING
        at sun.misc.Unsafe.park(Native Method)
        at java.util.concurrent.locks.LockSupport.parkNanos(LockSupport.java:215)
        at java.util.concurrent.SynchronousQueue$TransferStack.awaitFulfill(SynchronousQueue.java:460)
        at java.util.concurrent.SynchronousQueue$TransferStack.transfer(SynchronousQueue.java:362)
        at java.util.concurrent.SynchronousQueue.poll(SynchronousQueue.java:941)
        at java.util.concurrent.ThreadPoolExecutor.getTask(ThreadPoolExecutor.java:1073)
        at java.util.concurrent.ThreadPoolExecutor.runWorker(ThreadPoolExecutor.java:1134)
        at java.util.concurrent.ThreadPoolExecutor$Worker.run(ThreadPoolExecutor.java:624)
        at java.lang.Thread.run(Thread.java:748)
"pool-66-thread-17"  prio=5 tid=654 in Object.wait()
java.lang.Thread.State: WAITING (on object monitor)
        at sun.misc.Unsafe.park(Native Method)
        at java.util.concurrent.locks.LockSupport.park(LockSupport.java:175)
        at java.util.concurrent.locks.AbstractQueuedSynchronizer$ConditionObject.await(AbstractQueuedSynchronizer.java:2039)
        at java.util.concurrent.ArrayBlockingQueue.take(ArrayBlockingQueue.java:403)
        at java.util.concurrent.ThreadPoolExecutor.getTask(ThreadPoolExecutor.java:1074)
        at java.util.concurrent.ThreadPoolExecutor.runWorker(ThreadPoolExecutor.java:1134)
        at java.util.concurrent.ThreadPoolExecutor$Worker.run(ThreadPoolExecutor.java:624)
        at java.lang.Thread.run(Thread.java:748)
"pool-86-thread-39"  prio=5 tid=857 in Object.wait()
java.lang.Thread.State: WAITING (on object monitor)
        at sun.misc.Unsafe.park(Native Method)
        at java.util.concurrent.locks.LockSupport.park(LockSupport.java:175)
        at java.util.concurrent.locks.AbstractQueuedSynchronizer$ConditionObject.await(AbstractQueuedSynchronizer.java:2039)
        at java.util.concurrent.ArrayBlockingQueue.take(ArrayBlockingQueue.java:403)
        at java.util.concurrent.ThreadPoolExecutor.getTask(ThreadPoolExecutor.java:1074)
        at java.util.concurrent.ThreadPoolExecutor.runWorker(ThreadPoolExecutor.java:1134)
        at java.util.concurrent.ThreadPoolExecutor$Worker.run(ThreadPoolExecutor.java:624)
        at java.lang.Thread.run(Thread.java:748)
"IPC Server handler 0 on 37838" daemon prio=5 tid=69 timed_waiting
java.lang.Thread.State: TIMED_WAITING
        at sun.misc.Unsafe.park(Native Method)
        at java.util.concurrent.locks.LockSupport.parkNanos(LockSupport.java:215)
        at java.util.concurrent.locks.AbstractQueuedSynchronizer$ConditionObject.awaitNanos(AbstractQueuedSynchronizer.java:2078)
        at java.util.concurrent.LinkedBlockingQueue.poll(LinkedBlockingQueue.java:467)
        at org.apache.hadoop.ipc.CallQueueManager.take(CallQueueManager.java:288)
        at org.apache.hadoop.ipc.Server$Handler.run(Server.java:2668)
"grpc-default-executor-2" daemon prio=5 tid=979 timed_waiting
java.lang.Thread.State: TIMED_WAITING
        at sun.misc.Unsafe.park(Native Method)
        at java.util.concurrent.locks.LockSupport.parkNanos(LockSupport.java:215)
        at java.util.concurrent.SynchronousQueue$TransferStack.awaitFulfill(SynchronousQueue.java:460)
        at java.util.concurrent.SynchronousQueue$TransferStack.transfer(SynchronousQueue.java:362)
        at java.util.concurrent.SynchronousQueue.poll(SynchronousQueue.java:941)
        at java.util.concurrent.ThreadPoolExecutor.getTask(ThreadPoolExecutor.java:1073)
        at java.util.concurrent.ThreadPoolExecutor.runWorker(ThreadPoolExecutor.java:1134)
        at java.util.concurrent.ThreadPoolExecutor$Worker.run(ThreadPoolExecutor.java:624)
        at java.lang.Thread.run(Thread.java:748)
"Datanode ReportManager Thread - 2" daemon prio=5 tid=730 in Object.wait()
java.lang.Thread.State: WAITING (on object monitor)
        at sun.misc.Unsafe.park(Native Method)
        at java.util.concurrent.locks.LockSupport.park(LockSupport.java:175)
        at java.util.concurrent.locks.AbstractQueuedSynchronizer$ConditionObject.await(AbstractQueuedSynchronizer.java:2039)
        at java.util.concurrent.ScheduledThreadPoolExecutor$DelayedWorkQueue.take(ScheduledThreadPoolExecutor.java:1088)
        at java.util.concurrent.ScheduledThreadPoolExecutor$DelayedWorkQueue.take(ScheduledThreadPoolExecutor.java:809)
        at java.util.concurrent.ThreadPoolExecutor.getTask(ThreadPoolExecutor.java:1074)
        at java.util.concurrent.ThreadPoolExecutor.runWorker(ThreadPoolExecutor.java:1134)
        at java.util.concurrent.ThreadPoolExecutor$Worker.run(ThreadPoolExecutor.java:624)
        at java.lang.Thread.run(Thread.java:748)
"pool-96-thread-37"  prio=5 tid=919 in Object.wait()
java.lang.Thread.State: WAITING (on object monitor)
        at sun.misc.Unsafe.park(Native Method)
        at java.util.concurrent.locks.LockSupport.park(LockSupport.java:175)
        at java.util.concurrent.locks.AbstractQueuedSynchronizer$ConditionObject.await(AbstractQueuedSynchronizer.java:2039)
        at java.util.concurrent.ArrayBlockingQueue.take(ArrayBlockingQueue.java:403)
        at java.util.concurrent.ThreadPoolExecutor.getTask(ThreadPoolExecutor.java:1074)
        at java.util.concurrent.ThreadPoolExecutor.runWorker(ThreadPoolExecutor.java:1134)
        at java.util.concurrent.ThreadPoolExecutor$Worker.run(ThreadPoolExecutor.java:624)
        at java.lang.Thread.run(Thread.java:748)
"pool-76-thread-57"  prio=5 tid=803 in Object.wait()
java.lang.Thread.State: WAITING (on object monitor)
        at sun.misc.Unsafe.park(Native Method)
        at java.util.concurrent.locks.LockSupport.park(LockSupport.java:175)
        at java.util.concurrent.locks.AbstractQueuedSynchronizer$ConditionObject.await(AbstractQueuedSynchronizer.java:2039)
        at java.util.concurrent.ArrayBlockingQueue.take(ArrayBlockingQueue.java:403)
        at java.util.concurrent.ThreadPoolExecutor.getTask(ThreadPoolExecutor.java:1074)
        at java.util.concurrent.ThreadPoolExecutor.runWorker(ThreadPoolExecutor.java:1134)
        at java.util.concurrent.ThreadPoolExecutor$Worker.run(ThreadPoolExecutor.java:624)
        at java.lang.Thread.run(Thread.java:748)
"pool-46-thread-54"  prio=5 tid=569 in Object.wait()
java.lang.Thread.State: WAITING (on object monitor)
        at sun.misc.Unsafe.park(Native Method)
        at java.util.concurrent.locks.LockSupport.park(LockSupport.java:175)
        at java.util.concurrent.locks.AbstractQueuedSynchronizer$ConditionObject.await(AbstractQueuedSynchronizer.java:2039)
        at java.util.concurrent.ArrayBlockingQueue.take(ArrayBlockingQueue.java:403)
        at java.util.concurrent.ThreadPoolExecutor.getTask(ThreadPoolExecutor.java:1074)
        at java.util.concurrent.ThreadPoolExecutor.runWorker(ThreadPoolExecutor.java:1134)
        at java.util.concurrent.ThreadPoolExecutor$Worker.run(ThreadPoolExecutor.java:624)
        at java.lang.Thread.run(Thread.java:748)
"Command processor thread" daemon prio=5 tid=681 timed_waiting
java.lang.Thread.State: TIMED_WAITING
        at java.lang.Thread.sleep(Native Method)
        at org.apache.hadoop.ozone.container.common.statemachine.DatanodeStateMachine.lambda$initCommandHandlerThread$1(DatanodeStateMachine.java:439)
        at org.apache.hadoop.ozone.container.common.statemachine.DatanodeStateMachine$$Lambda$141/1487479796.run(Unknown Source)
        at java.lang.Thread.run(Thread.java:748)
"qtp1987707214-164" daemon prio=5 tid=164 timed_waiting
java.lang.Thread.State: TIMED_WAITING
        at sun.misc.Unsafe.park(Native Method)
        at java.util.concurrent.locks.LockSupport.parkNanos(LockSupport.java:215)
        at java.util.concurrent.locks.AbstractQueuedSynchronizer$ConditionObject.awaitNanos(AbstractQueuedSynchronizer.java:2078)
        at org.eclipse.jetty.util.BlockingArrayQueue.poll(BlockingArrayQueue.java:392)
        at org.eclipse.jetty.util.thread.QueuedThreadPool.idleJobPoll(QueuedThreadPool.java:563)
        at org.eclipse.jetty.util.thread.QueuedThreadPool.access$800(QueuedThreadPool.java:48)
        at org.eclipse.jetty.util.thread.QueuedThreadPool$2.run(QueuedThreadPool.java:626)
        at java.lang.Thread.run(Thread.java:748)
"metrics-hadoop-metrics2-reporter-64-thread-1" daemon prio=5 tid=1354 timed_waiting
java.lang.Thread.State: TIMED_WAITING
        at sun.misc.Unsafe.park(Native Method)
        at java.util.concurrent.locks.LockSupport.parkNanos(LockSupport.java:215)
        at java.util.concurrent.locks.AbstractQueuedSynchronizer$ConditionObject.awaitNanos(AbstractQueuedSynchronizer.java:2078)
        at java.util.concurrent.ScheduledThreadPoolExecutor$DelayedWorkQueue.take(ScheduledThreadPoolExecutor.java:1093)
        at java.util.concurrent.ScheduledThreadPoolExecutor$DelayedWorkQueue.take(ScheduledThreadPoolExecutor.java:809)
        at java.util.concurrent.ThreadPoolExecutor.getTask(ThreadPoolExecutor.java:1074)
        at java.util.concurrent.ThreadPoolExecutor.runWorker(ThreadPoolExecutor.java:1134)
        at java.util.concurrent.ThreadPoolExecutor$Worker.run(ThreadPoolExecutor.java:624)
        at java.lang.Thread.run(Thread.java:748)
"PartialTableCache Cleanup Thread - 0" daemon prio=5 tid=1207 in Object.wait()
java.lang.Thread.State: WAITING (on object monitor)
        at sun.misc.Unsafe.park(Native Method)
        at java.util.concurrent.locks.LockSupport.park(LockSupport.java:175)
        at java.util.concurrent.locks.AbstractQueuedSynchronizer$ConditionObject.await(AbstractQueuedSynchronizer.java:2039)
        at java.util.concurrent.LinkedBlockingQueue.take(LinkedBlockingQueue.java:442)
        at java.util.concurrent.ThreadPoolExecutor.getTask(ThreadPoolExecutor.java:1074)
        at java.util.concurrent.ThreadPoolExecutor.runWorker(ThreadPoolExecutor.java:1134)
        at java.util.concurrent.ThreadPoolExecutor$Worker.run(ThreadPoolExecutor.java:624)
        at java.lang.Thread.run(Thread.java:748)
"org.eclipse.jetty.server.session.HashSessionManager@7d3c09ecTimer" daemon prio=5 tid=599 timed_waiting
java.lang.Thread.State: TIMED_WAITING
        at sun.misc.Unsafe.park(Native Method)
        at java.util.concurrent.locks.LockSupport.parkNanos(LockSupport.java:215)
        at java.util.concurrent.locks.AbstractQueuedSynchronizer$ConditionObject.awaitNanos(AbstractQueuedSynchronizer.java:2078)
        at java.util.concurrent.ScheduledThreadPoolExecutor$DelayedWorkQueue.take(ScheduledThreadPoolExecutor.java:1093)
        at java.util.concurrent.ScheduledThreadPoolExecutor$DelayedWorkQueue.take(ScheduledThreadPoolExecutor.java:809)
        at java.util.concurrent.ThreadPoolExecutor.getTask(ThreadPoolExecutor.java:1074)
        at java.util.concurrent.ThreadPoolExecutor.runWorker(ThreadPoolExecutor.java:1134)
        at java.util.concurrent.ThreadPoolExecutor$Worker.run(ThreadPoolExecutor.java:624)
        at java.lang.Thread.run(Thread.java:748)
"qtp2035381640-96" daemon prio=5 tid=96 timed_waiting
java.lang.Thread.State: TIMED_WAITING
        at sun.misc.Unsafe.park(Native Method)
        at java.util.concurrent.locks.LockSupport.parkNanos(LockSupport.java:215)
        at java.util.concurrent.locks.AbstractQueuedSynchronizer$ConditionObject.awaitNanos(AbstractQueuedSynchronizer.java:2078)
        at org.eclipse.jetty.util.BlockingArrayQueue.poll(BlockingArrayQueue.java:392)
        at org.eclipse.jetty.util.thread.QueuedThreadPool.idleJobPoll(QueuedThreadPool.java:563)
        at org.eclipse.jetty.util.thread.QueuedThreadPool.access$800(QueuedThreadPool.java:48)
        at org.eclipse.jetty.util.thread.QueuedThreadPool$2.run(QueuedThreadPool.java:626)
        at java.lang.Thread.run(Thread.java:748)
"qtp318555935-190" daemon prio=5 tid=190 timed_waiting
java.lang.Thread.State: TIMED_WAITING
        at sun.misc.Unsafe.park(Native Method)
        at java.util.concurrent.locks.LockSupport.parkNanos(LockSupport.java:215)
        at java.util.concurrent.locks.AbstractQueuedSynchronizer$ConditionObject.awaitNanos(AbstractQueuedSynchronizer.java:2078)
        at org.eclipse.jetty.util.BlockingArrayQueue.poll(BlockingArrayQueue.java:392)
        at org.eclipse.jetty.util.thread.QueuedThreadPool.idleJobPoll(QueuedThreadPool.java:563)
        at org.eclipse.jetty.util.thread.QueuedThreadPool.access$800(QueuedThreadPool.java:48)
        at org.eclipse.jetty.util.thread.QueuedThreadPool$2.run(QueuedThreadPool.java:626)
        at java.lang.Thread.run(Thread.java:748)
"pool-117-thread-36"  prio=5 tid=1095 in Object.wait()
java.lang.Thread.State: WAITING (on object monitor)
        at sun.misc.Unsafe.park(Native Method)
        at java.util.concurrent.locks.LockSupport.park(LockSupport.java:175)
        at java.util.concurrent.locks.AbstractQueuedSynchronizer$ConditionObject.await(AbstractQueuedSynchronizer.java:2039)
        at java.util.concurrent.ArrayBlockingQueue.take(ArrayBlockingQueue.java:403)
        at java.util.concurrent.ThreadPoolExecutor.getTask(ThreadPoolExecutor.java:1074)
        at java.util.concurrent.ThreadPoolExecutor.runWorker(ThreadPoolExecutor.java:1134)
        at java.util.concurrent.ThreadPoolExecutor$Worker.run(ThreadPoolExecutor.java:624)
        at java.lang.Thread.run(Thread.java:748)
"pool-106-thread-6"  prio=5 tid=985 in Object.wait()
java.lang.Thread.State: WAITING (on object monitor)
        at sun.misc.Unsafe.park(Native Method)
        at java.util.concurrent.locks.LockSupport.park(LockSupport.java:175)
        at java.util.concurrent.locks.AbstractQueuedSynchronizer$ConditionObject.await(AbstractQueuedSynchronizer.java:2039)
        at java.util.concurrent.ArrayBlockingQueue.take(ArrayBlockingQueue.java:403)
        at java.util.concurrent.ThreadPoolExecutor.getTask(ThreadPoolExecutor.java:1074)
        at java.util.concurrent.ThreadPoolExecutor.runWorker(ThreadPoolExecutor.java:1134)
        at java.util.concurrent.ThreadPoolExecutor$Worker.run(ThreadPoolExecutor.java:624)
        at java.lang.Thread.run(Thread.java:748)
"pool-66-thread-25"  prio=5 tid=662 in Object.wait()
java.lang.Thread.State: WAITING (on object monitor)
        at sun.misc.Unsafe.park(Native Method)
        at java.util.concurrent.locks.LockSupport.park(LockSupport.java:175)
        at java.util.concurrent.locks.AbstractQueuedSynchronizer$ConditionObject.await(AbstractQueuedSynchronizer.java:2039)
        at java.util.concurrent.ArrayBlockingQueue.take(ArrayBlockingQueue.java:403)
        at java.util.concurrent.ThreadPoolExecutor.getTask(ThreadPoolExecutor.java:1074)
        at java.util.concurrent.ThreadPoolExecutor.runWorker(ThreadPoolExecutor.java:1134)
        at java.util.concurrent.ThreadPoolExecutor$Worker.run(ThreadPoolExecutor.java:624)
        at java.lang.Thread.run(Thread.java:748)
"pool-106-thread-16"  prio=5 tid=995 in Object.wait()
java.lang.Thread.State: WAITING (on object monitor)
        at sun.misc.Unsafe.park(Native Method)
        at java.util.concurrent.locks.LockSupport.park(LockSupport.java:175)
        at java.util.concurrent.locks.AbstractQueuedSynchronizer$ConditionObject.await(AbstractQueuedSynchronizer.java:2039)
        at java.util.concurrent.ArrayBlockingQueue.take(ArrayBlockingQueue.java:403)
        at java.util.concurrent.ThreadPoolExecutor.getTask(ThreadPoolExecutor.java:1074)
        at java.util.concurrent.ThreadPoolExecutor.runWorker(ThreadPoolExecutor.java:1134)
        at java.util.concurrent.ThreadPoolExecutor$Worker.run(ThreadPoolExecutor.java:624)
        at java.lang.Thread.run(Thread.java:748)
"pool-56-thread-22"  prio=5 tid=431 in Object.wait()
java.lang.Thread.State: WAITING (on object monitor)
        at sun.misc.Unsafe.park(Native Method)
        at java.util.concurrent.locks.LockSupport.park(LockSupport.java:175)
        at java.util.concurrent.locks.AbstractQueuedSynchronizer$ConditionObject.await(AbstractQueuedSynchronizer.java:2039)
        at java.util.concurrent.ArrayBlockingQueue.take(ArrayBlockingQueue.java:403)
        at java.util.concurrent.ThreadPoolExecutor.getTask(ThreadPoolExecutor.java:1074)
        at java.util.concurrent.ThreadPoolExecutor.runWorker(ThreadPoolExecutor.java:1134)
        at java.util.concurrent.ThreadPoolExecutor$Worker.run(ThreadPoolExecutor.java:624)
        at java.lang.Thread.run(Thread.java:748)
"IPC Server handler 7 on 40878" daemon prio=5 tid=56 timed_waiting
java.lang.Thread.State: TIMED_WAITING
        at sun.misc.Unsafe.park(Native Method)
        at java.util.concurrent.locks.LockSupport.parkNanos(LockSupport.java:215)
        at java.util.concurrent.locks.AbstractQueuedSynchronizer$ConditionObject.awaitNanos(AbstractQueuedSynchronizer.java:2078)
        at java.util.concurrent.LinkedBlockingQueue.poll(LinkedBlockingQueue.java:467)
        at org.apache.hadoop.ipc.CallQueueManager.take(CallQueueManager.java:288)
        at org.apache.hadoop.ipc.Server$Handler.run(Server.java:2668)
"e7ac4943-672a-4499-9513-fbcaa3bf45d6@group-4D6EB5B93F80-StateMachineUpdater" daemon prio=5 tid=1150 in Object.wait()
java.lang.Thread.State: WAITING (on object monitor)
        at java.lang.Object.wait(Native Method)
        at java.lang.Object.wait(Object.java:502)
        at org.apache.ratis.server.impl.StateMachineUpdater.waitForCommit(StateMachineUpdater.java:194)
        at org.apache.ratis.server.impl.StateMachineUpdater.run(StateMachineUpdater.java:159)
        at java.lang.Thread.run(Thread.java:748)
"Periodic HDDS volume checker"  prio=5 tid=233 timed_waiting
java.lang.Thread.State: TIMED_WAITING
        at sun.misc.Unsafe.park(Native Method)
        at java.util.concurrent.locks.LockSupport.parkNanos(LockSupport.java:215)
        at java.util.concurrent.locks.AbstractQueuedSynchronizer$ConditionObject.awaitNanos(AbstractQueuedSynchronizer.java:2078)
        at java.util.concurrent.ScheduledThreadPoolExecutor$DelayedWorkQueue.take(ScheduledThreadPoolExecutor.java:1093)
        at java.util.concurrent.ScheduledThreadPoolExecutor$DelayedWorkQueue.take(ScheduledThreadPoolExecutor.java:809)
        at java.util.concurrent.ThreadPoolExecutor.getTask(ThreadPoolExecutor.java:1074)
        at java.util.concurrent.ThreadPoolExecutor.runWorker(ThreadPoolExecutor.java:1134)
        at java.util.concurrent.ThreadPoolExecutor$Worker.run(ThreadPoolExecutor.java:624)
        at java.lang.Thread.run(Thread.java:748)
"RatisApplyTransactionExecutor 1" daemon prio=5 tid=1250 in Object.wait()
java.lang.Thread.State: WAITING (on object monitor)
        at sun.misc.Unsafe.park(Native Method)
        at java.util.concurrent.locks.LockSupport.park(LockSupport.java:175)
        at java.util.concurrent.locks.AbstractQueuedSynchronizer$ConditionObject.await(AbstractQueuedSynchronizer.java:2039)
        at java.util.concurrent.LinkedBlockingQueue.take(LinkedBlockingQueue.java:442)
        at java.util.concurrent.ThreadPoolExecutor.getTask(ThreadPoolExecutor.java:1074)
        at java.util.concurrent.ThreadPoolExecutor.runWorker(ThreadPoolExecutor.java:1134)
        at java.util.concurrent.ThreadPoolExecutor$Worker.run(ThreadPoolExecutor.java:624)
        at java.lang.Thread.run(Thread.java:748)
"pool-106-thread-21"  prio=5 tid=1000 in Object.wait()
java.lang.Thread.State: WAITING (on object monitor)
        at sun.misc.Unsafe.park(Native Method)
        at java.util.concurrent.locks.LockSupport.park(LockSupport.java:175)
        at java.util.concurrent.locks.AbstractQueuedSynchronizer$ConditionObject.await(AbstractQueuedSynchronizer.java:2039)
        at java.util.concurrent.ArrayBlockingQueue.take(ArrayBlockingQueue.java:403)
        at java.util.concurrent.ThreadPoolExecutor.getTask(ThreadPoolExecutor.java:1074)
        at java.util.concurrent.ThreadPoolExecutor.runWorker(ThreadPoolExecutor.java:1134)
        at java.util.concurrent.ThreadPoolExecutor$Worker.run(ThreadPoolExecutor.java:624)
        at java.lang.Thread.run(Thread.java:748)
"pool-46-thread-14"  prio=5 tid=366 in Object.wait()
java.lang.Thread.State: WAITING (on object monitor)
        at sun.misc.Unsafe.park(Native Method)
        at java.util.concurrent.locks.LockSupport.park(LockSupport.java:175)
        at java.util.concurrent.locks.AbstractQueuedSynchronizer$ConditionObject.await(AbstractQueuedSynchronizer.java:2039)
        at java.util.concurrent.ArrayBlockingQueue.take(ArrayBlockingQueue.java:403)
        at java.util.concurrent.ThreadPoolExecutor.getTask(ThreadPoolExecutor.java:1074)
        at java.util.concurrent.ThreadPoolExecutor.runWorker(ThreadPoolExecutor.java:1134)
        at java.util.concurrent.ThreadPoolExecutor$Worker.run(ThreadPoolExecutor.java:624)
        at java.lang.Thread.run(Thread.java:748)
"pool-84-thread-1" daemon prio=5 tid=321 timed_waiting
java.lang.Thread.State: TIMED_WAITING
        at sun.misc.Unsafe.park(Native Method)
        at java.util.concurrent.locks.LockSupport.parkNanos(LockSupport.java:215)
        at java.util.concurrent.locks.AbstractQueuedSynchronizer$ConditionObject.awaitNanos(AbstractQueuedSynchronizer.java:2078)
        at java.util.concurrent.ScheduledThreadPoolExecutor$DelayedWorkQueue.take(ScheduledThreadPoolExecutor.java:1093)
        at java.util.concurrent.ScheduledThreadPoolExecutor$DelayedWorkQueue.take(ScheduledThreadPoolExecutor.java:809)
        at java.util.concurrent.ThreadPoolExecutor.getTask(ThreadPoolExecutor.java:1074)
        at java.util.concurrent.ThreadPoolExecutor.runWorker(ThreadPoolExecutor.java:1134)
        at java.util.concurrent.ThreadPoolExecutor$Worker.run(ThreadPoolExecutor.java:624)
        at java.lang.Thread.run(Thread.java:748)
"pool-97-thread-1"  prio=5 tid=1139 in Object.wait()
java.lang.Thread.State: WAITING (on object monitor)
        at sun.misc.Unsafe.park(Native Method)
        at java.util.concurrent.locks.LockSupport.park(LockSupport.java:175)
        at java.util.concurrent.locks.AbstractQueuedSynchronizer$ConditionObject.await(AbstractQueuedSynchronizer.java:2039)
        at java.util.concurrent.LinkedBlockingQueue.take(LinkedBlockingQueue.java:442)
        at java.util.concurrent.ThreadPoolExecutor.getTask(ThreadPoolExecutor.java:1074)
        at java.util.concurrent.ThreadPoolExecutor.runWorker(ThreadPoolExecutor.java:1134)
        at java.util.concurrent.ThreadPoolExecutor$Worker.run(ThreadPoolExecutor.java:624)
        at java.lang.Thread.run(Thread.java:748)
"pool-117-thread-35"  prio=5 tid=1094 in Object.wait()
java.lang.Thread.State: WAITING (on object monitor)
        at sun.misc.Unsafe.park(Native Method)
        at java.util.concurrent.locks.LockSupport.park(LockSupport.java:175)
        at java.util.concurrent.locks.AbstractQueuedSynchronizer$ConditionObject.await(AbstractQueuedSynchronizer.java:2039)
        at java.util.concurrent.ArrayBlockingQueue.take(ArrayBlockingQueue.java:403)
        at java.util.concurrent.ThreadPoolExecutor.getTask(ThreadPoolExecutor.java:1074)
        at java.util.concurrent.ThreadPoolExecutor.runWorker(ThreadPoolExecutor.java:1134)
        at java.util.concurrent.ThreadPoolExecutor$Worker.run(ThreadPoolExecutor.java:624)
        at java.lang.Thread.run(Thread.java:748)
"BlockDeletingService#1" daemon prio=5 tid=880 in Object.wait()
java.lang.Thread.State: WAITING (on object monitor)
        at sun.misc.Unsafe.park(Native Method)
        at java.util.concurrent.locks.LockSupport.park(LockSupport.java:175)
        at java.util.concurrent.locks.AbstractQueuedSynchronizer$ConditionObject.await(AbstractQueuedSynchronizer.java:2039)
        at java.util.concurrent.ScheduledThreadPoolExecutor$DelayedWorkQueue.take(ScheduledThreadPoolExecutor.java:1088)
        at java.util.concurrent.ScheduledThreadPoolExecutor$DelayedWorkQueue.take(ScheduledThreadPoolExecutor.java:809)
        at java.util.concurrent.ThreadPoolExecutor.getTask(ThreadPoolExecutor.java:1074)
        at java.util.concurrent.ThreadPoolExecutor.runWorker(ThreadPoolExecutor.java:1134)
        at java.util.concurrent.ThreadPoolExecutor$Worker.run(ThreadPoolExecutor.java:624)
        at java.lang.Thread.run(Thread.java:748)
"metrics-hadoop-metrics2-reporter-33-thread-1" daemon prio=5 tid=1153 timed_waiting
java.lang.Thread.State: TIMED_WAITING
        at sun.misc.Unsafe.park(Native Method)
        at java.util.concurrent.locks.LockSupport.parkNanos(LockSupport.java:215)
        at java.util.concurrent.locks.AbstractQueuedSynchronizer$ConditionObject.awaitNanos(AbstractQueuedSynchronizer.java:2078)
        at java.util.concurrent.ScheduledThreadPoolExecutor$DelayedWorkQueue.take(ScheduledThreadPoolExecutor.java:1093)
        at java.util.concurrent.ScheduledThreadPoolExecutor$DelayedWorkQueue.take(ScheduledThreadPoolExecutor.java:809)
        at java.util.concurrent.ThreadPoolExecutor.getTask(ThreadPoolExecutor.java:1074)
        at java.util.concurrent.ThreadPoolExecutor.runWorker(ThreadPoolExecutor.java:1134)
        at java.util.concurrent.ThreadPoolExecutor$Worker.run(ThreadPoolExecutor.java:624)
        at java.lang.Thread.run(Thread.java:748)
"refreshUsed-/workdir/hadoop-ozone/integration-test/target/test-dir/MiniOzoneClusterImpl-fc727f2e-e877-4159-90ff-4473a18561dc/datanode-8/data/containers" daemon prio=5 tid=613 timed_waiting
java.lang.Thread.State: TIMED_WAITING
        at java.lang.Thread.sleep(Native Method)
        at org.apache.hadoop.fs.CachingGetSpaceUsed$RefreshThread.run(CachingGetSpaceUsed.java:179)
        at java.lang.Thread.run(Thread.java:748)
"pool-56-thread-44"  prio=5 tid=516 in Object.wait()
java.lang.Thread.State: WAITING (on object monitor)
        at sun.misc.Unsafe.park(Native Method)
        at java.util.concurrent.locks.LockSupport.park(LockSupport.java:175)
        at java.util.concurrent.locks.AbstractQueuedSynchronizer$ConditionObject.await(AbstractQueuedSynchronizer.java:2039)
        at java.util.concurrent.ArrayBlockingQueue.take(ArrayBlockingQueue.java:403)
        at java.util.concurrent.ThreadPoolExecutor.getTask(ThreadPoolExecutor.java:1074)
        at java.util.concurrent.ThreadPoolExecutor.runWorker(ThreadPoolExecutor.java:1134)
        at java.util.concurrent.ThreadPoolExecutor$Worker.run(ThreadPoolExecutor.java:624)
        at java.lang.Thread.run(Thread.java:748)
"qtp1680841335-246" daemon prio=5 tid=246 timed_waiting
java.lang.Thread.State: TIMED_WAITING
        at sun.misc.Unsafe.park(Native Method)
        at java.util.concurrent.locks.LockSupport.parkNanos(LockSupport.java:215)
        at java.util.concurrent.locks.AbstractQueuedSynchronizer$ConditionObject.awaitNanos(AbstractQueuedSynchronizer.java:2078)
        at org.eclipse.jetty.util.BlockingArrayQueue.poll(BlockingArrayQueue.java:392)
        at org.eclipse.jetty.util.thread.QueuedThreadPool.idleJobPoll(QueuedThreadPool.java:563)
        at org.eclipse.jetty.util.thread.QueuedThreadPool.access$800(QueuedThreadPool.java:48)
        at org.eclipse.jetty.util.thread.QueuedThreadPool$2.run(QueuedThreadPool.java:626)
        at java.lang.Thread.run(Thread.java:748)
"Datanode ReportManager Thread - 1" daemon prio=5 tid=172 in Object.wait()
java.lang.Thread.State: WAITING (on object monitor)
        at sun.misc.Unsafe.park(Native Method)
        at java.util.concurrent.locks.LockSupport.park(LockSupport.java:175)
        at java.util.concurrent.locks.AbstractQueuedSynchronizer$ConditionObject.await(AbstractQueuedSynchronizer.java:2039)
        at java.util.concurrent.ScheduledThreadPoolExecutor$DelayedWorkQueue.take(ScheduledThreadPoolExecutor.java:1088)
        at java.util.concurrent.ScheduledThreadPoolExecutor$DelayedWorkQueue.take(ScheduledThreadPoolExecutor.java:809)
        at java.util.concurrent.ThreadPoolExecutor.getTask(ThreadPoolExecutor.java:1074)
        at java.util.concurrent.ThreadPoolExecutor.runWorker(ThreadPoolExecutor.java:1134)
        at java.util.concurrent.ThreadPoolExecutor$Worker.run(ThreadPoolExecutor.java:624)
        at java.lang.Thread.run(Thread.java:748)
"Datanode ReportManager Thread - 2" daemon prio=5 tid=227 in Object.wait()
java.lang.Thread.State: WAITING (on object monitor)
        at sun.misc.Unsafe.park(Native Method)
        at java.util.concurrent.locks.LockSupport.park(LockSupport.java:175)
        at java.util.concurrent.locks.AbstractQueuedSynchronizer$ConditionObject.await(AbstractQueuedSynchronizer.java:2039)
        at java.util.concurrent.ScheduledThreadPoolExecutor$DelayedWorkQueue.take(ScheduledThreadPoolExecutor.java:1088)
        at java.util.concurrent.ScheduledThreadPoolExecutor$DelayedWorkQueue.take(ScheduledThreadPoolExecutor.java:809)
        at java.util.concurrent.ThreadPoolExecutor.getTask(ThreadPoolExecutor.java:1074)
        at java.util.concurrent.ThreadPoolExecutor.runWorker(ThreadPoolExecutor.java:1134)
        at java.util.concurrent.ThreadPoolExecutor$Worker.run(ThreadPoolExecutor.java:624)
        at java.lang.Thread.run(Thread.java:748)
"d3056189-9fd1-4309-9520-f49ad506b671@group-01AE132E748A-StateMachineUpdater" daemon prio=5 tid=1188 in Object.wait()
java.lang.Thread.State: WAITING (on object monitor)
        at java.lang.Object.wait(Native Method)
        at java.lang.Object.wait(Object.java:502)
        at org.apache.ratis.server.impl.StateMachineUpdater.waitForCommit(StateMachineUpdater.java:194)
        at org.apache.ratis.server.impl.StateMachineUpdater.run(StateMachineUpdater.java:159)
        at java.lang.Thread.run(Thread.java:748)
"Datanode State Machine Thread - 0" daemon prio=5 tid=609 timed_waiting
java.lang.Thread.State: TIMED_WAITING
        at sun.misc.Unsafe.park(Native Method)
        at java.util.concurrent.locks.LockSupport.parkNanos(LockSupport.java:215)
        at java.util.concurrent.SynchronousQueue$TransferStack.awaitFulfill(SynchronousQueue.java:460)
        at java.util.concurrent.SynchronousQueue$TransferStack.transfer(SynchronousQueue.java:362)
        at java.util.concurrent.SynchronousQueue.poll(SynchronousQueue.java:941)
        at java.util.concurrent.ThreadPoolExecutor.getTask(ThreadPoolExecutor.java:1073)
        at java.util.concurrent.ThreadPoolExecutor.runWorker(ThreadPoolExecutor.java:1134)
        at java.util.concurrent.ThreadPoolExecutor$Worker.run(ThreadPoolExecutor.java:624)
        at java.lang.Thread.run(Thread.java:748)
"org.apache.hadoop.util.JvmPauseMonitor$Monitor@76d94205" daemon prio=5 tid=203 timed_waiting
java.lang.Thread.State: TIMED_WAITING
        at java.lang.Thread.sleep(Native Method)
        at org.apache.hadoop.util.JvmPauseMonitor$Monitor.run(JvmPauseMonitor.java:192)
        at java.lang.Thread.run(Thread.java:748)
"pool-117-thread-17"  prio=5 tid=1076 in Object.wait()
java.lang.Thread.State: WAITING (on object monitor)
        at sun.misc.Unsafe.park(Native Method)
        at java.util.concurrent.locks.LockSupport.park(LockSupport.java:175)
        at java.util.concurrent.locks.AbstractQueuedSynchronizer$ConditionObject.await(AbstractQueuedSynchronizer.java:2039)
        at java.util.concurrent.ArrayBlockingQueue.take(ArrayBlockingQueue.java:403)
        at java.util.concurrent.ThreadPoolExecutor.getTask(ThreadPoolExecutor.java:1074)
        at java.util.concurrent.ThreadPoolExecutor.runWorker(ThreadPoolExecutor.java:1134)
        at java.util.concurrent.ThreadPoolExecutor$Worker.run(ThreadPoolExecutor.java:624)
        at java.lang.Thread.run(Thread.java:748)
"metrics-hadoop-metrics2-reporter-1-thread-1" daemon prio=5 tid=812 timed_waiting
java.lang.Thread.State: TIMED_WAITING
        at sun.misc.Unsafe.park(Native Method)
        at java.util.concurrent.locks.LockSupport.parkNanos(LockSupport.java:215)
        at java.util.concurrent.locks.AbstractQueuedSynchronizer$ConditionObject.awaitNanos(AbstractQueuedSynchronizer.java:2078)
        at java.util.concurrent.ScheduledThreadPoolExecutor$DelayedWorkQueue.take(ScheduledThreadPoolExecutor.java:1093)
        at java.util.concurrent.ScheduledThreadPoolExecutor$DelayedWorkQueue.take(ScheduledThreadPoolExecutor.java:809)
        at java.util.concurrent.ThreadPoolExecutor.getTask(ThreadPoolExecutor.java:1074)
        at java.util.concurrent.ThreadPoolExecutor.runWorker(ThreadPoolExecutor.java:1134)
        at java.util.concurrent.ThreadPoolExecutor$Worker.run(ThreadPoolExecutor.java:624)
        at java.lang.Thread.run(Thread.java:748)
"pool-46-thread-51"  prio=5 tid=563 in Object.wait()
java.lang.Thread.State: WAITING (on object monitor)
        at sun.misc.Unsafe.park(Native Method)
        at java.util.concurrent.locks.LockSupport.park(LockSupport.java:175)
        at java.util.concurrent.locks.AbstractQueuedSynchronizer$ConditionObject.await(AbstractQueuedSynchronizer.java:2039)
        at java.util.concurrent.ArrayBlockingQueue.take(ArrayBlockingQueue.java:403)
        at java.util.concurrent.ThreadPoolExecutor.getTask(ThreadPoolExecutor.java:1074)
        at java.util.concurrent.ThreadPoolExecutor.runWorker(ThreadPoolExecutor.java:1134)
        at java.util.concurrent.ThreadPoolExecutor$Worker.run(ThreadPoolExecutor.java:624)
        at java.lang.Thread.run(Thread.java:748)
"IPC Server handler 9 on 37838" daemon prio=5 tid=78 timed_waiting
java.lang.Thread.State: TIMED_WAITING
        at sun.misc.Unsafe.park(Native Method)
        at java.util.concurrent.locks.LockSupport.parkNanos(LockSupport.java:215)
        at java.util.concurrent.locks.AbstractQueuedSynchronizer$ConditionObject.awaitNanos(AbstractQueuedSynchronizer.java:2078)
        at java.util.concurrent.LinkedBlockingQueue.poll(LinkedBlockingQueue.java:467)
        at org.apache.hadoop.ipc.CallQueueManager.take(CallQueueManager.java:288)
        at org.apache.hadoop.ipc.Server$Handler.run(Server.java:2668)
"qtp1089341986-142" daemon prio=5 tid=142 timed_waiting
java.lang.Thread.State: TIMED_WAITING
        at sun.misc.Unsafe.park(Native Method)
        at java.util.concurrent.locks.LockSupport.parkNanos(LockSupport.java:215)
        at java.util.concurrent.locks.AbstractQueuedSynchronizer$ConditionObject.awaitNanos(AbstractQueuedSynchronizer.java:2078)
        at org.eclipse.jetty.util.BlockingArrayQueue.poll(BlockingArrayQueue.java:392)
        at org.eclipse.jetty.util.thread.QueuedThreadPool.idleJobPoll(QueuedThreadPool.java:563)
        at org.eclipse.jetty.util.thread.QueuedThreadPool.access$800(QueuedThreadPool.java:48)
        at org.eclipse.jetty.util.thread.QueuedThreadPool$2.run(QueuedThreadPool.java:626)
        at java.lang.Thread.run(Thread.java:748)
"pool-46-thread-45"  prio=5 tid=533 in Object.wait()
java.lang.Thread.State: WAITING (on object monitor)
        at sun.misc.Unsafe.park(Native Method)
        at java.util.concurrent.locks.LockSupport.park(LockSupport.java:175)
        at java.util.concurrent.locks.AbstractQueuedSynchronizer$ConditionObject.await(AbstractQueuedSynchronizer.java:2039)
        at java.util.concurrent.ArrayBlockingQueue.take(ArrayBlockingQueue.java:403)
        at java.util.concurrent.ThreadPoolExecutor.getTask(ThreadPoolExecutor.java:1074)
        at java.util.concurrent.ThreadPoolExecutor.runWorker(ThreadPoolExecutor.java:1134)
        at java.util.concurrent.ThreadPoolExecutor$Worker.run(ThreadPoolExecutor.java:624)
        at java.lang.Thread.run(Thread.java:748)
"pool-36-thread-22"  prio=5 tid=424 in Object.wait()
java.lang.Thread.State: WAITING (on object monitor)
        at sun.misc.Unsafe.park(Native Method)
        at java.util.concurrent.locks.LockSupport.park(LockSupport.java:175)
        at java.util.concurrent.locks.AbstractQueuedSynchronizer$ConditionObject.await(AbstractQueuedSynchronizer.java:2039)
        at java.util.concurrent.ArrayBlockingQueue.take(ArrayBlockingQueue.java:403)
        at java.util.concurrent.ThreadPoolExecutor.getTask(ThreadPoolExecutor.java:1074)
        at java.util.concurrent.ThreadPoolExecutor.runWorker(ThreadPoolExecutor.java:1134)
        at java.util.concurrent.ThreadPoolExecutor$Worker.run(ThreadPoolExecutor.java:624)
        at java.lang.Thread.run(Thread.java:748)
"qtp747378368-722" daemon prio=5 tid=722 timed_waiting
java.lang.Thread.State: TIMED_WAITING
        at sun.misc.Unsafe.park(Native Method)
        at java.util.concurrent.locks.LockSupport.parkNanos(LockSupport.java:215)
        at java.util.concurrent.locks.AbstractQueuedSynchronizer$ConditionObject.awaitNanos(AbstractQueuedSynchronizer.java:2078)
        at org.eclipse.jetty.util.BlockingArrayQueue.poll(BlockingArrayQueue.java:392)
        at org.eclipse.jetty.util.thread.QueuedThreadPool.idleJobPoll(QueuedThreadPool.java:563)
        at org.eclipse.jetty.util.thread.QueuedThreadPool.access$800(QueuedThreadPool.java:48)
        at org.eclipse.jetty.util.thread.QueuedThreadPool$2.run(QueuedThreadPool.java:626)
        at java.lang.Thread.run(Thread.java:748)
"pool-36-thread-45"  prio=5 tid=540 in Object.wait()
java.lang.Thread.State: WAITING (on object monitor)
        at sun.misc.Unsafe.park(Native Method)
        at java.util.concurrent.locks.LockSupport.park(LockSupport.java:175)
        at java.util.concurrent.locks.AbstractQueuedSynchronizer$ConditionObject.await(AbstractQueuedSynchronizer.java:2039)
        at java.util.concurrent.ArrayBlockingQueue.take(ArrayBlockingQueue.java:403)
        at java.util.concurrent.ThreadPoolExecutor.getTask(ThreadPoolExecutor.java:1074)
        at java.util.concurrent.ThreadPoolExecutor.runWorker(ThreadPoolExecutor.java:1134)
        at java.util.concurrent.ThreadPoolExecutor$Worker.run(ThreadPoolExecutor.java:624)
        at java.lang.Thread.run(Thread.java:748)
"pool-117-thread-43"  prio=5 tid=1102 in Object.wait()
java.lang.Thread.State: WAITING (on object monitor)
        at sun.misc.Unsafe.park(Native Method)
        at java.util.concurrent.locks.LockSupport.park(LockSupport.java:175)
        at java.util.concurrent.locks.AbstractQueuedSynchronizer$ConditionObject.await(AbstractQueuedSynchronizer.java:2039)
        at java.util.concurrent.ArrayBlockingQueue.take(ArrayBlockingQueue.java:403)
        at java.util.concurrent.ThreadPoolExecutor.getTask(ThreadPoolExecutor.java:1074)
        at java.util.concurrent.ThreadPoolExecutor.runWorker(ThreadPoolExecutor.java:1134)
        at java.util.concurrent.ThreadPoolExecutor$Worker.run(ThreadPoolExecutor.java:624)
        at java.lang.Thread.run(Thread.java:748)
"metrics-hadoop-metrics2-reporter-18-thread-1" daemon prio=5 tid=1051 timed_waiting
java.lang.Thread.State: TIMED_WAITING
        at sun.misc.Unsafe.park(Native Method)
        at java.util.concurrent.locks.LockSupport.parkNanos(LockSupport.java:215)
        at java.util.concurrent.locks.AbstractQueuedSynchronizer$ConditionObject.awaitNanos(AbstractQueuedSynchronizer.java:2078)
        at java.util.concurrent.ScheduledThreadPoolExecutor$DelayedWorkQueue.take(ScheduledThreadPoolExecutor.java:1093)
        at java.util.concurrent.ScheduledThreadPoolExecutor$DelayedWorkQueue.take(ScheduledThreadPoolExecutor.java:809)
        at java.util.concurrent.ThreadPoolExecutor.getTask(ThreadPoolExecutor.java:1074)
        at java.util.concurrent.ThreadPoolExecutor.runWorker(ThreadPoolExecutor.java:1134)
        at java.util.concurrent.ThreadPoolExecutor$Worker.run(ThreadPoolExecutor.java:624)
        at java.lang.Thread.run(Thread.java:748)
"pool-96-thread-32"  prio=5 tid=914 in Object.wait()
java.lang.Thread.State: WAITING (on object monitor)
        at sun.misc.Unsafe.park(Native Method)
        at java.util.concurrent.locks.LockSupport.park(LockSupport.java:175)
        at java.util.concurrent.locks.AbstractQueuedSynchronizer$ConditionObject.await(AbstractQueuedSynchronizer.java:2039)
        at java.util.concurrent.ArrayBlockingQueue.take(ArrayBlockingQueue.java:403)
        at java.util.concurrent.ThreadPoolExecutor.getTask(ThreadPoolExecutor.java:1074)
        at java.util.concurrent.ThreadPoolExecutor.runWorker(ThreadPoolExecutor.java:1134)
        at java.util.concurrent.ThreadPoolExecutor$Worker.run(ThreadPoolExecutor.java:624)
        at java.lang.Thread.run(Thread.java:748)
"BlockDeletingService#0" daemon prio=5 tid=807 timed_waiting
java.lang.Thread.State: TIMED_WAITING
        at sun.misc.Unsafe.park(Native Method)
        at java.util.concurrent.locks.LockSupport.parkNanos(LockSupport.java:215)
        at java.util.concurrent.locks.AbstractQueuedSynchronizer$ConditionObject.awaitNanos(AbstractQueuedSynchronizer.java:2078)
        at java.util.concurrent.ScheduledThreadPoolExecutor$DelayedWorkQueue.take(ScheduledThreadPoolExecutor.java:1093)
        at java.util.concurrent.ScheduledThreadPoolExecutor$DelayedWorkQueue.take(ScheduledThreadPoolExecutor.java:809)
        at java.util.concurrent.ThreadPoolExecutor.getTask(ThreadPoolExecutor.java:1074)
        at java.util.concurrent.ThreadPoolExecutor.runWorker(ThreadPoolExecutor.java:1134)
        at java.util.concurrent.ThreadPoolExecutor$Worker.run(ThreadPoolExecutor.java:624)
        at java.lang.Thread.run(Thread.java:748)
"pool-66-thread-44"  prio=5 tid=689 in Object.wait()
java.lang.Thread.State: WAITING (on object monitor)
        at sun.misc.Unsafe.park(Native Method)
        at java.util.concurrent.locks.LockSupport.park(LockSupport.java:175)
        at java.util.concurrent.locks.AbstractQueuedSynchronizer$ConditionObject.await(AbstractQueuedSynchronizer.java:2039)
        at java.util.concurrent.ArrayBlockingQueue.take(ArrayBlockingQueue.java:403)
        at java.util.concurrent.ThreadPoolExecutor.getTask(ThreadPoolExecutor.java:1074)
        at java.util.concurrent.ThreadPoolExecutor.runWorker(ThreadPoolExecutor.java:1134)
        at java.util.concurrent.ThreadPoolExecutor$Worker.run(ThreadPoolExecutor.java:624)
        at java.lang.Thread.run(Thread.java:748)
"pool-66-thread-37"  prio=5 tid=678 in Object.wait()
java.lang.Thread.State: WAITING (on object monitor)
        at sun.misc.Unsafe.park(Native Method)
        at java.util.concurrent.locks.LockSupport.park(LockSupport.java:175)
        at java.util.concurrent.locks.AbstractQueuedSynchronizer$ConditionObject.await(AbstractQueuedSynchronizer.java:2039)
        at java.util.concurrent.ArrayBlockingQueue.take(ArrayBlockingQueue.java:403)
        at java.util.concurrent.ThreadPoolExecutor.getTask(ThreadPoolExecutor.java:1074)
        at java.util.concurrent.ThreadPoolExecutor.runWorker(ThreadPoolExecutor.java:1134)
        at java.util.concurrent.ThreadPoolExecutor$Worker.run(ThreadPoolExecutor.java:624)
        at java.lang.Thread.run(Thread.java:748)
"pool-30-thread-1"  prio=5 tid=158 timed_waiting
java.lang.Thread.State: TIMED_WAITING
        at sun.misc.Unsafe.park(Native Method)
        at java.util.concurrent.locks.LockSupport.parkNanos(LockSupport.java:215)
        at java.util.concurrent.locks.AbstractQueuedSynchronizer$ConditionObject.awaitNanos(AbstractQueuedSynchronizer.java:2078)
        at java.util.concurrent.ScheduledThreadPoolExecutor$DelayedWorkQueue.take(ScheduledThreadPoolExecutor.java:1093)
        at java.util.concurrent.ScheduledThreadPoolExecutor$DelayedWorkQueue.take(ScheduledThreadPoolExecutor.java:809)
        at java.util.concurrent.ThreadPoolExecutor.getTask(ThreadPoolExecutor.java:1074)
        at java.util.concurrent.ThreadPoolExecutor.runWorker(ThreadPoolExecutor.java:1134)
        at java.util.concurrent.ThreadPoolExecutor$Worker.run(ThreadPoolExecutor.java:624)
        at java.lang.Thread.run(Thread.java:748)
"Thread-397" daemon prio=5 tid=1270 timed_waiting
java.lang.Thread.State: TIMED_WAITING
        at sun.misc.Unsafe.park(Native Method)
        at java.util.concurrent.locks.LockSupport.parkNanos(LockSupport.java:215)
        at java.util.concurrent.locks.AbstractQueuedSynchronizer$ConditionObject.awaitNanos(AbstractQueuedSynchronizer.java:2078)
        at java.util.concurrent.ArrayBlockingQueue.poll(ArrayBlockingQueue.java:418)
        at org.apache.ratis.server.impl.LeaderState$EventQueue.poll(LeaderState.java:116)
        at org.apache.ratis.server.impl.LeaderState$EventProcessor.run(LeaderState.java:468)
"pool-26-thread-50"  prio=5 tid=508 in Object.wait()
java.lang.Thread.State: WAITING (on object monitor)
        at sun.misc.Unsafe.park(Native Method)
        at java.util.concurrent.locks.LockSupport.park(LockSupport.java:175)
        at java.util.concurrent.locks.AbstractQueuedSynchronizer$ConditionObject.await(AbstractQueuedSynchronizer.java:2039)
        at java.util.concurrent.ArrayBlockingQueue.take(ArrayBlockingQueue.java:403)
        at java.util.concurrent.ThreadPoolExecutor.getTask(ThreadPoolExecutor.java:1074)
        at java.util.concurrent.ThreadPoolExecutor.runWorker(ThreadPoolExecutor.java:1134)
        at java.util.concurrent.ThreadPoolExecutor$Worker.run(ThreadPoolExecutor.java:624)
        at java.lang.Thread.run(Thread.java:748)
"IPC Server handler 0 on 40878" daemon prio=5 tid=49 timed_waiting
java.lang.Thread.State: TIMED_WAITING
        at sun.misc.Unsafe.park(Native Method)
        at java.util.concurrent.locks.LockSupport.parkNanos(LockSupport.java:215)
        at java.util.concurrent.locks.AbstractQueuedSynchronizer$ConditionObject.awaitNanos(AbstractQueuedSynchronizer.java:2078)
        at java.util.concurrent.LinkedBlockingQueue.poll(LinkedBlockingQueue.java:467)
        at org.apache.hadoop.ipc.CallQueueManager.take(CallQueueManager.java:288)
        at org.apache.hadoop.ipc.Server$Handler.run(Server.java:2668)
"pool-86-thread-8"  prio=5 tid=826 in Object.wait()
java.lang.Thread.State: WAITING (on object monitor)
        at sun.misc.Unsafe.park(Native Method)
        at java.util.concurrent.locks.LockSupport.park(LockSupport.java:175)
        at java.util.concurrent.locks.AbstractQueuedSynchronizer$ConditionObject.await(AbstractQueuedSynchronizer.java:2039)
        at java.util.concurrent.ArrayBlockingQueue.take(ArrayBlockingQueue.java:403)
        at java.util.concurrent.ThreadPoolExecutor.getTask(ThreadPoolExecutor.java:1074)
        at java.util.concurrent.ThreadPoolExecutor.runWorker(ThreadPoolExecutor.java:1134)
        at java.util.concurrent.ThreadPoolExecutor$Worker.run(ThreadPoolExecutor.java:624)
        at java.lang.Thread.run(Thread.java:748)
"pool-54-thread-1" daemon prio=5 tid=237 timed_waiting
java.lang.Thread.State: TIMED_WAITING
        at sun.misc.Unsafe.park(Native Method)
        at java.util.concurrent.locks.LockSupport.parkNanos(LockSupport.java:215)
        at java.util.concurrent.locks.AbstractQueuedSynchronizer$ConditionObject.awaitNanos(AbstractQueuedSynchronizer.java:2078)
        at java.util.concurrent.ScheduledThreadPoolExecutor$DelayedWorkQueue.take(ScheduledThreadPoolExecutor.java:1093)
        at java.util.concurrent.ScheduledThreadPoolExecutor$DelayedWorkQueue.take(ScheduledThreadPoolExecutor.java:809)
        at java.util.concurrent.ThreadPoolExecutor.getTask(ThreadPoolExecutor.java:1074)
        at java.util.concurrent.ThreadPoolExecutor.runWorker(ThreadPoolExecutor.java:1134)
        at java.util.concurrent.ThreadPoolExecutor$Worker.run(ThreadPoolExecutor.java:624)
        at java.lang.Thread.run(Thread.java:748)
"pool-36-thread-19"  prio=5 tid=407 in Object.wait()
java.lang.Thread.State: WAITING (on object monitor)
        at sun.misc.Unsafe.park(Native Method)
        at java.util.concurrent.locks.LockSupport.park(LockSupport.java:175)
        at java.util.concurrent.locks.AbstractQueuedSynchronizer$ConditionObject.await(AbstractQueuedSynchronizer.java:2039)
        at java.util.concurrent.ArrayBlockingQueue.take(ArrayBlockingQueue.java:403)
        at java.util.concurrent.ThreadPoolExecutor.getTask(ThreadPoolExecutor.java:1074)
        at java.util.concurrent.ThreadPoolExecutor.runWorker(ThreadPoolExecutor.java:1134)
        at java.util.concurrent.ThreadPoolExecutor$Worker.run(ThreadPoolExecutor.java:624)
        at java.lang.Thread.run(Thread.java:748)
"IPC Server handler 17 on 40878" daemon prio=5 tid=66 timed_waiting
java.lang.Thread.State: TIMED_WAITING
        at sun.misc.Unsafe.park(Native Method)
        at java.util.concurrent.locks.LockSupport.parkNanos(LockSupport.java:215)
        at java.util.concurrent.locks.AbstractQueuedSynchronizer$ConditionObject.awaitNanos(AbstractQueuedSynchronizer.java:2078)
        at java.util.concurrent.LinkedBlockingQueue.poll(LinkedBlockingQueue.java:467)
        at org.apache.hadoop.ipc.CallQueueManager.take(CallQueueManager.java:288)
        at org.apache.hadoop.ipc.Server$Handler.run(Server.java:2668)
"pool-96-thread-59"  prio=5 tid=941 in Object.wait()
java.lang.Thread.State: WAITING (on object monitor)
        at sun.misc.Unsafe.park(Native Method)
        at java.util.concurrent.locks.LockSupport.park(LockSupport.java:175)
        at java.util.concurrent.locks.AbstractQueuedSynchronizer$ConditionObject.await(AbstractQueuedSynchronizer.java:2039)
        at java.util.concurrent.ArrayBlockingQueue.take(ArrayBlockingQueue.java:403)
        at java.util.concurrent.ThreadPoolExecutor.getTask(ThreadPoolExecutor.java:1074)
        at java.util.concurrent.ThreadPoolExecutor.runWorker(ThreadPoolExecutor.java:1134)
        at java.util.concurrent.ThreadPoolExecutor$Worker.run(ThreadPoolExecutor.java:624)
        at java.lang.Thread.run(Thread.java:748)
"pool-47-thread-1"  prio=5 tid=882 in Object.wait()
java.lang.Thread.State: WAITING (on object monitor)
        at sun.misc.Unsafe.park(Native Method)
        at java.util.concurrent.locks.LockSupport.park(LockSupport.java:175)
        at java.util.concurrent.locks.AbstractQueuedSynchronizer$ConditionObject.await(AbstractQueuedSynchronizer.java:2039)
        at java.util.concurrent.LinkedBlockingQueue.take(LinkedBlockingQueue.java:442)
        at java.util.concurrent.ThreadPoolExecutor.getTask(ThreadPoolExecutor.java:1074)
        at java.util.concurrent.ThreadPoolExecutor.runWorker(ThreadPoolExecutor.java:1134)
        at java.util.concurrent.ThreadPoolExecutor$Worker.run(ThreadPoolExecutor.java:624)
        at java.lang.Thread.run(Thread.java:748)
"org.eclipse.jetty.server.session.HashSessionManager@17f3eefbTimer" daemon prio=5 tid=303 timed_waiting
java.lang.Thread.State: TIMED_WAITING
        at sun.misc.Unsafe.park(Native Method)
        at java.util.concurrent.locks.LockSupport.parkNanos(LockSupport.java:215)
        at java.util.concurrent.locks.AbstractQueuedSynchronizer$ConditionObject.awaitNanos(AbstractQueuedSynchronizer.java:2078)
        at java.util.concurrent.ScheduledThreadPoolExecutor$DelayedWorkQueue.take(ScheduledThreadPoolExecutor.java:1093)
        at java.util.concurrent.ScheduledThreadPoolExecutor$DelayedWorkQueue.take(ScheduledThreadPoolExecutor.java:809)
        at java.util.concurrent.ThreadPoolExecutor.getTask(ThreadPoolExecutor.java:1074)
        at java.util.concurrent.ThreadPoolExecutor.runWorker(ThreadPoolExecutor.java:1134)
        at java.util.concurrent.ThreadPoolExecutor$Worker.run(ThreadPoolExecutor.java:624)
        at java.lang.Thread.run(Thread.java:748)
"pool-96-thread-25"  prio=5 tid=907 in Object.wait()
java.lang.Thread.State: WAITING (on object monitor)
        at sun.misc.Unsafe.park(Native Method)
        at java.util.concurrent.locks.LockSupport.park(LockSupport.java:175)
        at java.util.concurrent.locks.AbstractQueuedSynchronizer$ConditionObject.await(AbstractQueuedSynchronizer.java:2039)
        at java.util.concurrent.ArrayBlockingQueue.take(ArrayBlockingQueue.java:403)
        at java.util.concurrent.ThreadPoolExecutor.getTask(ThreadPoolExecutor.java:1074)
        at java.util.concurrent.ThreadPoolExecutor.runWorker(ThreadPoolExecutor.java:1134)
        at java.util.concurrent.ThreadPoolExecutor$Worker.run(ThreadPoolExecutor.java:624)
        at java.lang.Thread.run(Thread.java:748)
"BlockDeletingService#1" daemon prio=5 tid=635 in Object.wait()
java.lang.Thread.State: WAITING (on object monitor)
        at sun.misc.Unsafe.park(Native Method)
        at java.util.concurrent.locks.LockSupport.park(LockSupport.java:175)
        at java.util.concurrent.locks.AbstractQueuedSynchronizer$ConditionObject.await(AbstractQueuedSynchronizer.java:2039)
        at java.util.concurrent.ScheduledThreadPoolExecutor$DelayedWorkQueue.take(ScheduledThreadPoolExecutor.java:1088)
        at java.util.concurrent.ScheduledThreadPoolExecutor$DelayedWorkQueue.take(ScheduledThreadPoolExecutor.java:809)
        at java.util.concurrent.ThreadPoolExecutor.getTask(ThreadPoolExecutor.java:1074)
        at java.util.concurrent.ThreadPoolExecutor.runWorker(ThreadPoolExecutor.java:1134)
        at java.util.concurrent.ThreadPoolExecutor$Worker.run(ThreadPoolExecutor.java:624)
        at java.lang.Thread.run(Thread.java:748)
"pool-46-thread-23"  prio=5 tid=418 in Object.wait()
java.lang.Thread.State: WAITING (on object monitor)
        at sun.misc.Unsafe.park(Native Method)
        at java.util.concurrent.locks.LockSupport.park(LockSupport.java:175)
        at java.util.concurrent.locks.AbstractQueuedSynchronizer$ConditionObject.await(AbstractQueuedSynchronizer.java:2039)
        at java.util.concurrent.ArrayBlockingQueue.take(ArrayBlockingQueue.java:403)
        at java.util.concurrent.ThreadPoolExecutor.getTask(ThreadPoolExecutor.java:1074)
        at java.util.concurrent.ThreadPoolExecutor.runWorker(ThreadPoolExecutor.java:1134)
        at java.util.concurrent.ThreadPoolExecutor$Worker.run(ThreadPoolExecutor.java:624)
        at java.lang.Thread.run(Thread.java:748)
"pool-46-thread-15"  prio=5 tid=370 in Object.wait()
java.lang.Thread.State: WAITING (on object monitor)
        at sun.misc.Unsafe.park(Native Method)
        at java.util.concurrent.locks.LockSupport.park(LockSupport.java:175)
        at java.util.concurrent.locks.AbstractQueuedSynchronizer$ConditionObject.await(AbstractQueuedSynchronizer.java:2039)
        at java.util.concurrent.ArrayBlockingQueue.take(ArrayBlockingQueue.java:403)
        at java.util.concurrent.ThreadPoolExecutor.getTask(ThreadPoolExecutor.java:1074)
        at java.util.concurrent.ThreadPoolExecutor.runWorker(ThreadPoolExecutor.java:1134)
        at java.util.concurrent.ThreadPoolExecutor$Worker.run(ThreadPoolExecutor.java:624)
        at java.lang.Thread.run(Thread.java:748)
"4b7a3050-62f1-41a0-b275-38638fa6aa33@group-C458FCA03E22-StateMachineUpdater" daemon prio=5 tid=1168 in Object.wait()
java.lang.Thread.State: WAITING (on object monitor)
        at java.lang.Object.wait(Native Method)
        at java.lang.Object.wait(Object.java:502)
        at org.apache.ratis.server.impl.StateMachineUpdater.waitForCommit(StateMachineUpdater.java:194)
        at org.apache.ratis.server.impl.StateMachineUpdater.run(StateMachineUpdater.java:159)
        at java.lang.Thread.run(Thread.java:748)
"pool-96-thread-24"  prio=5 tid=906 in Object.wait()
java.lang.Thread.State: WAITING (on object monitor)
        at sun.misc.Unsafe.park(Native Method)
        at java.util.concurrent.locks.LockSupport.park(LockSupport.java:175)
        at java.util.concurrent.locks.AbstractQueuedSynchronizer$ConditionObject.await(AbstractQueuedSynchronizer.java:2039)
        at java.util.concurrent.ArrayBlockingQueue.take(ArrayBlockingQueue.java:403)
        at java.util.concurrent.ThreadPoolExecutor.getTask(ThreadPoolExecutor.java:1074)
        at java.util.concurrent.ThreadPoolExecutor.runWorker(ThreadPoolExecutor.java:1134)
        at java.util.concurrent.ThreadPoolExecutor$Worker.run(ThreadPoolExecutor.java:624)
        at java.lang.Thread.run(Thread.java:748)
"IPC Server handler 18 on 37221" daemon prio=5 tid=133 timed_waiting
java.lang.Thread.State: TIMED_WAITING
        at sun.misc.Unsafe.park(Native Method)
        at java.util.concurrent.locks.LockSupport.parkNanos(LockSupport.java:215)
        at java.util.concurrent.locks.AbstractQueuedSynchronizer$ConditionObject.awaitNanos(AbstractQueuedSynchronizer.java:2078)
        at java.util.concurrent.LinkedBlockingQueue.poll(LinkedBlockingQueue.java:467)
        at org.apache.hadoop.ipc.CallQueueManager.take(CallQueueManager.java:288)
        at org.apache.hadoop.ipc.Server$Handler.run(Server.java:2668)
"Periodic HDDS volume checker"  prio=5 tid=177 timed_waiting
java.lang.Thread.State: TIMED_WAITING
        at sun.misc.Unsafe.park(Native Method)
        at java.util.concurrent.locks.LockSupport.parkNanos(LockSupport.java:215)
        at java.util.concurrent.locks.AbstractQueuedSynchronizer$ConditionObject.awaitNanos(AbstractQueuedSynchronizer.java:2078)
        at java.util.concurrent.ScheduledThreadPoolExecutor$DelayedWorkQueue.take(ScheduledThreadPoolExecutor.java:1093)
        at java.util.concurrent.ScheduledThreadPoolExecutor$DelayedWorkQueue.take(ScheduledThreadPoolExecutor.java:809)
        at java.util.concurrent.ThreadPoolExecutor.getTask(ThreadPoolExecutor.java:1074)
        at java.util.concurrent.ThreadPoolExecutor.runWorker(ThreadPoolExecutor.java:1134)
        at java.util.concurrent.ThreadPoolExecutor$Worker.run(ThreadPoolExecutor.java:624)
        at java.lang.Thread.run(Thread.java:748)
"d4e5ac39-62a0-42b5-ac75-503c3fe19161@group-8544F28F6995-SegmentedRaftLogWorker"  prio=5 tid=1326 timed_waiting
java.lang.Thread.State: TIMED_WAITING
        at sun.misc.Unsafe.park(Native Method)
        at java.util.concurrent.locks.LockSupport.parkNanos(LockSupport.java:215)
        at java.util.concurrent.locks.AbstractQueuedSynchronizer$ConditionObject.awaitNanos(AbstractQueuedSynchronizer.java:2078)
        at org.apache.ratis.util.DataBlockingQueue.poll(DataBlockingQueue.java:137)
        at org.apache.ratis.server.raftlog.segmented.SegmentedRaftLogWorker.run(SegmentedRaftLogWorker.java:282)
        at java.lang.Thread.run(Thread.java:748)
"pool-56-thread-27"  prio=5 tid=447 in Object.wait()
java.lang.Thread.State: WAITING (on object monitor)
        at sun.misc.Unsafe.park(Native Method)
        at java.util.concurrent.locks.LockSupport.park(LockSupport.java:175)
        at java.util.concurrent.locks.AbstractQueuedSynchronizer$ConditionObject.await(AbstractQueuedSynchronizer.java:2039)
        at java.util.concurrent.ArrayBlockingQueue.take(ArrayBlockingQueue.java:403)
        at java.util.concurrent.ThreadPoolExecutor.getTask(ThreadPoolExecutor.java:1074)
        at java.util.concurrent.ThreadPoolExecutor.runWorker(ThreadPoolExecutor.java:1134)
        at java.util.concurrent.ThreadPoolExecutor$Worker.run(ThreadPoolExecutor.java:624)
        at java.lang.Thread.run(Thread.java:748)
"org.eclipse.jetty.server.session.HashSessionManager@6342d610Timer" daemon prio=5 tid=223 timed_waiting
java.lang.Thread.State: TIMED_WAITING
        at sun.misc.Unsafe.park(Native Method)
        at java.util.concurrent.locks.LockSupport.parkNanos(LockSupport.java:215)
        at java.util.concurrent.locks.AbstractQueuedSynchronizer$ConditionObject.awaitNanos(AbstractQueuedSynchronizer.java:2078)
        at java.util.concurrent.ScheduledThreadPoolExecutor$DelayedWorkQueue.take(ScheduledThreadPoolExecutor.java:1093)
        at java.util.concurrent.ScheduledThreadPoolExecutor$DelayedWorkQueue.take(ScheduledThreadPoolExecutor.java:809)
        at java.util.concurrent.ThreadPoolExecutor.getTask(ThreadPoolExecutor.java:1074)
        at java.util.concurrent.ThreadPoolExecutor.runWorker(ThreadPoolExecutor.java:1134)
        at java.util.concurrent.ThreadPoolExecutor$Worker.run(ThreadPoolExecutor.java:624)
        at java.lang.Thread.run(Thread.java:748)
"pool-86-thread-12"  prio=5 tid=830 in Object.wait()
java.lang.Thread.State: WAITING (on object monitor)
        at sun.misc.Unsafe.park(Native Method)
        at java.util.concurrent.locks.LockSupport.park(LockSupport.java:175)
        at java.util.concurrent.locks.AbstractQueuedSynchronizer$ConditionObject.await(AbstractQueuedSynchronizer.java:2039)
        at java.util.concurrent.ArrayBlockingQueue.take(ArrayBlockingQueue.java:403)
        at java.util.concurrent.ThreadPoolExecutor.getTask(ThreadPoolExecutor.java:1074)
        at java.util.concurrent.ThreadPoolExecutor.runWorker(ThreadPoolExecutor.java:1134)
        at java.util.concurrent.ThreadPoolExecutor$Worker.run(ThreadPoolExecutor.java:624)
        at java.lang.Thread.run(Thread.java:748)
"org.eclipse.jetty.server.session.HashSessionManager@2f5ac102Timer" daemon prio=5 tid=167 timed_waiting
java.lang.Thread.State: TIMED_WAITING
        at sun.misc.Unsafe.park(Native Method)
        at java.util.concurrent.locks.LockSupport.parkNanos(LockSupport.java:215)
        at java.util.concurrent.locks.AbstractQueuedSynchronizer$ConditionObject.awaitNanos(AbstractQueuedSynchronizer.java:2078)
        at java.util.concurrent.ScheduledThreadPoolExecutor$DelayedWorkQueue.take(ScheduledThreadPoolExecutor.java:1093)
        at java.util.concurrent.ScheduledThreadPoolExecutor$DelayedWorkQueue.take(ScheduledThreadPoolExecutor.java:809)
        at java.util.concurrent.ThreadPoolExecutor.getTask(ThreadPoolExecutor.java:1074)
        at java.util.concurrent.ThreadPoolExecutor.runWorker(ThreadPoolExecutor.java:1134)
        at java.util.concurrent.ThreadPoolExecutor$Worker.run(ThreadPoolExecutor.java:624)
        at java.lang.Thread.run(Thread.java:748)
"pool-106-thread-32"  prio=5 tid=1011 in Object.wait()
java.lang.Thread.State: WAITING (on object monitor)
        at sun.misc.Unsafe.park(Native Method)
        at java.util.concurrent.locks.LockSupport.park(LockSupport.java:175)
        at java.util.concurrent.locks.AbstractQueuedSynchronizer$ConditionObject.await(AbstractQueuedSynchronizer.java:2039)
        at java.util.concurrent.ArrayBlockingQueue.take(ArrayBlockingQueue.java:403)
        at java.util.concurrent.ThreadPoolExecutor.getTask(ThreadPoolExecutor.java:1074)
        at java.util.concurrent.ThreadPoolExecutor.runWorker(ThreadPoolExecutor.java:1134)
        at java.util.concurrent.ThreadPoolExecutor$Worker.run(ThreadPoolExecutor.java:624)
        at java.lang.Thread.run(Thread.java:748)
"pool-106-thread-14"  prio=5 tid=993 in Object.wait()
java.lang.Thread.State: WAITING (on object monitor)
        at sun.misc.Unsafe.park(Native Method)
        at java.util.concurrent.locks.LockSupport.park(LockSupport.java:175)
        at java.util.concurrent.locks.AbstractQueuedSynchronizer$ConditionObject.await(AbstractQueuedSynchronizer.java:2039)
        at java.util.concurrent.ArrayBlockingQueue.take(ArrayBlockingQueue.java:403)
        at java.util.concurrent.ThreadPoolExecutor.getTask(ThreadPoolExecutor.java:1074)
        at java.util.concurrent.ThreadPoolExecutor.runWorker(ThreadPoolExecutor.java:1134)
        at java.util.concurrent.ThreadPoolExecutor$Worker.run(ThreadPoolExecutor.java:624)
        at java.lang.Thread.run(Thread.java:748)
"pool-76-thread-32"  prio=5 tid=778 in Object.wait()
java.lang.Thread.State: WAITING (on object monitor)
        at sun.misc.Unsafe.park(Native Method)
        at java.util.concurrent.locks.LockSupport.park(LockSupport.java:175)
        at java.util.concurrent.locks.AbstractQueuedSynchronizer$ConditionObject.await(AbstractQueuedSynchronizer.java:2039)
        at java.util.concurrent.ArrayBlockingQueue.take(ArrayBlockingQueue.java:403)
        at java.util.concurrent.ThreadPoolExecutor.getTask(ThreadPoolExecutor.java:1074)
        at java.util.concurrent.ThreadPoolExecutor.runWorker(ThreadPoolExecutor.java:1134)
        at java.util.concurrent.ThreadPoolExecutor$Worker.run(ThreadPoolExecutor.java:624)
        at java.lang.Thread.run(Thread.java:748)
"96fc05bb-33c2-44fe-bb42-67c5c3eec278@group-D9EEF9BF2E95-SegmentedRaftLogWorker"  prio=5 tid=962 timed_waiting
java.lang.Thread.State: TIMED_WAITING
        at sun.misc.Unsafe.park(Native Method)
        at java.util.concurrent.locks.LockSupport.parkNanos(LockSupport.java:215)
        at java.util.concurrent.locks.AbstractQueuedSynchronizer$ConditionObject.awaitNanos(AbstractQueuedSynchronizer.java:2078)
        at org.apache.ratis.util.DataBlockingQueue.poll(DataBlockingQueue.java:137)
        at org.apache.ratis.server.raftlog.segmented.SegmentedRaftLogWorker.run(SegmentedRaftLogWorker.java:282)
        at java.lang.Thread.run(Thread.java:748)
"qtp549049813-268-acceptor-0@4cccc16a-ServerConnector@2b7962a2{HTTP/1.1,[http/1.1]}{0.0.0.0:36489}" daemon prio=3 tid=268 runnable
java.lang.Thread.State: RUNNABLE
        at sun.nio.ch.ServerSocketChannelImpl.accept0(Native Method)
        at sun.nio.ch.ServerSocketChannelImpl.accept(ServerSocketChannelImpl.java:422)
        at sun.nio.ch.ServerSocketChannelImpl.accept(ServerSocketChannelImpl.java:250)
        at org.eclipse.jetty.server.ServerConnector.accept(ServerConnector.java:397)
        at org.eclipse.jetty.server.AbstractConnector$Acceptor.run(AbstractConnector.java:601)
        at org.eclipse.jetty.util.thread.QueuedThreadPool.runJob(QueuedThreadPool.java:671)
        at org.eclipse.jetty.util.thread.QueuedThreadPool$2.run(QueuedThreadPool.java:589)
        at java.lang.Thread.run(Thread.java:748)
"pool-76-thread-9"  prio=5 tid=755 in Object.wait()
java.lang.Thread.State: WAITING (on object monitor)
        at sun.misc.Unsafe.park(Native Method)
        at java.util.concurrent.locks.LockSupport.park(LockSupport.java:175)
        at java.util.concurrent.locks.AbstractQueuedSynchronizer$ConditionObject.await(AbstractQueuedSynchronizer.java:2039)
        at java.util.concurrent.ArrayBlockingQueue.take(ArrayBlockingQueue.java:403)
        at java.util.concurrent.ThreadPoolExecutor.getTask(ThreadPoolExecutor.java:1074)
        at java.util.concurrent.ThreadPoolExecutor.runWorker(ThreadPoolExecutor.java:1134)
        at java.util.concurrent.ThreadPoolExecutor$Worker.run(ThreadPoolExecutor.java:624)
        at java.lang.Thread.run(Thread.java:748)
"595afd9b-8d20-4100-8f7e-109b072917a4@group-1B665A8A35DD-StateMachineUpdater" daemon prio=5 tid=1142 in Object.wait()
java.lang.Thread.State: WAITING (on object monitor)
        at java.lang.Object.wait(Native Method)
        at java.lang.Object.wait(Object.java:502)
        at org.apache.ratis.server.impl.StateMachineUpdater.waitForCommit(StateMachineUpdater.java:194)
        at org.apache.ratis.server.impl.StateMachineUpdater.run(StateMachineUpdater.java:159)
        at java.lang.Thread.run(Thread.java:748)
"Periodic HDDS volume checker"  prio=5 tid=560 timed_waiting
java.lang.Thread.State: TIMED_WAITING
        at sun.misc.Unsafe.park(Native Method)
        at java.util.concurrent.locks.LockSupport.parkNanos(LockSupport.java:215)
        at java.util.concurrent.locks.AbstractQueuedSynchronizer$ConditionObject.awaitNanos(AbstractQueuedSynchronizer.java:2078)
        at java.util.concurrent.ScheduledThreadPoolExecutor$DelayedWorkQueue.take(ScheduledThreadPoolExecutor.java:1093)
        at java.util.concurrent.ScheduledThreadPoolExecutor$DelayedWorkQueue.take(ScheduledThreadPoolExecutor.java:809)
        at java.util.concurrent.ThreadPoolExecutor.getTask(ThreadPoolExecutor.java:1074)
        at java.util.concurrent.ThreadPoolExecutor.runWorker(ThreadPoolExecutor.java:1134)
        at java.util.concurrent.ThreadPoolExecutor$Worker.run(ThreadPoolExecutor.java:624)
        at java.lang.Thread.run(Thread.java:748)
"qtp1089341986-136" daemon prio=5 tid=136 runnable
java.lang.Thread.State: RUNNABLE
        at sun.nio.ch.EPollArrayWrapper.epollWait(Native Method)
        at sun.nio.ch.EPollArrayWrapper.poll(EPollArrayWrapper.java:269)
        at sun.nio.ch.EPollSelectorImpl.doSelect(EPollSelectorImpl.java:93)
        at sun.nio.ch.SelectorImpl.lockAndDoSelect(SelectorImpl.java:86)
        at sun.nio.ch.SelectorImpl.select(SelectorImpl.java:97)
        at sun.nio.ch.SelectorImpl.select(SelectorImpl.java:101)
        at org.eclipse.jetty.io.ManagedSelector$SelectorProducer.select(ManagedSelector.java:243)
        at org.eclipse.jetty.io.ManagedSelector$SelectorProducer.produce(ManagedSelector.java:191)
        at org.eclipse.jetty.util.thread.strategy.ExecuteProduceConsume.executeProduceConsume(ExecuteProduceConsume.java:249)
        at org.eclipse.jetty.util.thread.strategy.ExecuteProduceConsume.produceConsume(ExecuteProduceConsume.java:148)
        at org.eclipse.jetty.util.thread.strategy.ExecuteProduceConsume.execute(ExecuteProduceConsume.java:100)
        at org.eclipse.jetty.io.ManagedSelector.run(ManagedSelector.java:147)
        at org.eclipse.jetty.util.thread.QueuedThreadPool.runJob(QueuedThreadPool.java:671)
        at org.eclipse.jetty.util.thread.QueuedThreadPool$2.run(QueuedThreadPool.java:589)
        at java.lang.Thread.run(Thread.java:748)
"qtp1987707214-165" daemon prio=5 tid=165 timed_waiting
java.lang.Thread.State: TIMED_WAITING
        at sun.misc.Unsafe.park(Native Method)
        at java.util.concurrent.locks.LockSupport.parkNanos(LockSupport.java:215)
        at java.util.concurrent.locks.AbstractQueuedSynchronizer$ConditionObject.awaitNanos(AbstractQueuedSynchronizer.java:2078)
        at org.eclipse.jetty.util.BlockingArrayQueue.poll(BlockingArrayQueue.java:392)
        at org.eclipse.jetty.util.thread.QueuedThreadPool.idleJobPoll(QueuedThreadPool.java:563)
        at org.eclipse.jetty.util.thread.QueuedThreadPool.access$800(QueuedThreadPool.java:48)
        at org.eclipse.jetty.util.thread.QueuedThreadPool$2.run(QueuedThreadPool.java:626)
        at java.lang.Thread.run(Thread.java:748)
"DataNode DiskChecker thread 0" daemon prio=5 tid=209 timed_waiting
java.lang.Thread.State: TIMED_WAITING
        at sun.misc.Unsafe.park(Native Method)
        at java.util.concurrent.locks.LockSupport.parkNanos(LockSupport.java:215)
        at java.util.concurrent.SynchronousQueue$TransferStack.awaitFulfill(SynchronousQueue.java:460)
        at java.util.concurrent.SynchronousQueue$TransferStack.transfer(SynchronousQueue.java:362)
        at java.util.concurrent.SynchronousQueue.poll(SynchronousQueue.java:941)
        at java.util.concurrent.ThreadPoolExecutor.getTask(ThreadPoolExecutor.java:1073)
        at java.util.concurrent.ThreadPoolExecutor.runWorker(ThreadPoolExecutor.java:1134)
        at java.util.concurrent.ThreadPoolExecutor$Worker.run(ThreadPoolExecutor.java:624)
        at java.lang.Thread.run(Thread.java:748)
"ReplicationMonitor" daemon prio=5 tid=1123 timed_waiting
java.lang.Thread.State: TIMED_WAITING
        at java.lang.Object.wait(Native Method)
        at org.apache.hadoop.hdds.scm.container.ReplicationManager.run(ReplicationManager.java:229)
        at org.apache.hadoop.hdds.scm.container.ReplicationManager$$Lambda$349/926778959.run(Unknown Source)
        at java.lang.Thread.run(Thread.java:748)
"DataNode DiskChecker thread 0" daemon prio=5 tid=614 timed_waiting
java.lang.Thread.State: TIMED_WAITING
        at sun.misc.Unsafe.park(Native Method)
        at java.util.concurrent.locks.LockSupport.parkNanos(LockSupport.java:215)
        at java.util.concurrent.SynchronousQueue$TransferStack.awaitFulfill(SynchronousQueue.java:460)
        at java.util.concurrent.SynchronousQueue$TransferStack.transfer(SynchronousQueue.java:362)
        at java.util.concurrent.SynchronousQueue.poll(SynchronousQueue.java:941)
        at java.util.concurrent.ThreadPoolExecutor.getTask(ThreadPoolExecutor.java:1073)
        at java.util.concurrent.ThreadPoolExecutor.runWorker(ThreadPoolExecutor.java:1134)
        at java.util.concurrent.ThreadPoolExecutor$Worker.run(ThreadPoolExecutor.java:624)
        at java.lang.Thread.run(Thread.java:748)
"pool-46-thread-37"  prio=5 tid=490 in Object.wait()
java.lang.Thread.State: WAITING (on object monitor)
        at sun.misc.Unsafe.park(Native Method)
        at java.util.concurrent.locks.LockSupport.park(LockSupport.java:175)
        at java.util.concurrent.locks.AbstractQueuedSynchronizer$ConditionObject.await(AbstractQueuedSynchronizer.java:2039)
        at java.util.concurrent.ArrayBlockingQueue.take(ArrayBlockingQueue.java:403)
        at java.util.concurrent.ThreadPoolExecutor.getTask(ThreadPoolExecutor.java:1074)
        at java.util.concurrent.ThreadPoolExecutor.runWorker(ThreadPoolExecutor.java:1134)
        at java.util.concurrent.ThreadPoolExecutor$Worker.run(ThreadPoolExecutor.java:624)
        at java.lang.Thread.run(Thread.java:748)
"pool-76-thread-12"  prio=5 tid=758 in Object.wait()
java.lang.Thread.State: WAITING (on object monitor)
        at sun.misc.Unsafe.park(Native Method)
        at java.util.concurrent.locks.LockSupport.park(LockSupport.java:175)
        at java.util.concurrent.locks.AbstractQueuedSynchronizer$ConditionObject.await(AbstractQueuedSynchronizer.java:2039)
        at java.util.concurrent.ArrayBlockingQueue.take(ArrayBlockingQueue.java:403)
        at java.util.concurrent.ThreadPoolExecutor.getTask(ThreadPoolExecutor.java:1074)
        at java.util.concurrent.ThreadPoolExecutor.runWorker(ThreadPoolExecutor.java:1134)
        at java.util.concurrent.ThreadPoolExecutor$Worker.run(ThreadPoolExecutor.java:624)
        at java.lang.Thread.run(Thread.java:748)
"pool-36-thread-11"  prio=5 tid=371 in Object.wait()
java.lang.Thread.State: WAITING (on object monitor)
        at sun.misc.Unsafe.park(Native Method)
        at java.util.concurrent.locks.LockSupport.park(LockSupport.java:175)
        at java.util.concurrent.locks.AbstractQueuedSynchronizer$ConditionObject.await(AbstractQueuedSynchronizer.java:2039)
        at java.util.concurrent.ArrayBlockingQueue.take(ArrayBlockingQueue.java:403)
        at java.util.concurrent.ThreadPoolExecutor.getTask(ThreadPoolExecutor.java:1074)
        at java.util.concurrent.ThreadPoolExecutor.runWorker(ThreadPoolExecutor.java:1134)
        at java.util.concurrent.ThreadPoolExecutor$Worker.run(ThreadPoolExecutor.java:624)
        at java.lang.Thread.run(Thread.java:748)
"org.eclipse.jetty.server.session.HashSessionManager@14a049f9Timer" daemon prio=5 tid=600 timed_waiting
java.lang.Thread.State: TIMED_WAITING
        at sun.misc.Unsafe.park(Native Method)
        at java.util.concurrent.locks.LockSupport.parkNanos(LockSupport.java:215)
        at java.util.concurrent.locks.AbstractQueuedSynchronizer$ConditionObject.awaitNanos(AbstractQueuedSynchronizer.java:2078)
        at java.util.concurrent.ScheduledThreadPoolExecutor$DelayedWorkQueue.take(ScheduledThreadPoolExecutor.java:1093)
        at java.util.concurrent.ScheduledThreadPoolExecutor$DelayedWorkQueue.take(ScheduledThreadPoolExecutor.java:809)
        at java.util.concurrent.ThreadPoolExecutor.getTask(ThreadPoolExecutor.java:1074)
        at java.util.concurrent.ThreadPoolExecutor.runWorker(ThreadPoolExecutor.java:1134)
        at java.util.concurrent.ThreadPoolExecutor$Worker.run(ThreadPoolExecutor.java:624)
        at java.lang.Thread.run(Thread.java:748)
"pool-36-thread-5"  prio=5 tid=342 in Object.wait()
java.lang.Thread.State: WAITING (on object monitor)
        at sun.misc.Unsafe.park(Native Method)
        at java.util.concurrent.locks.LockSupport.park(LockSupport.java:175)
        at java.util.concurrent.locks.AbstractQueuedSynchronizer$ConditionObject.await(AbstractQueuedSynchronizer.java:2039)
        at java.util.concurrent.ArrayBlockingQueue.take(ArrayBlockingQueue.java:403)
        at java.util.concurrent.ThreadPoolExecutor.getTask(ThreadPoolExecutor.java:1074)
        at java.util.concurrent.ThreadPoolExecutor.runWorker(ThreadPoolExecutor.java:1134)
        at java.util.concurrent.ThreadPoolExecutor$Worker.run(ThreadPoolExecutor.java:624)
        at java.lang.Thread.run(Thread.java:748)
"pool-46-thread-32"  prio=5 tid=468 in Object.wait()
java.lang.Thread.State: WAITING (on object monitor)
        at sun.misc.Unsafe.park(Native Method)
        at java.util.concurrent.locks.LockSupport.park(LockSupport.java:175)
        at java.util.concurrent.locks.AbstractQueuedSynchronizer$ConditionObject.await(AbstractQueuedSynchronizer.java:2039)
        at java.util.concurrent.ArrayBlockingQueue.take(ArrayBlockingQueue.java:403)
        at java.util.concurrent.ThreadPoolExecutor.getTask(ThreadPoolExecutor.java:1074)
        at java.util.concurrent.ThreadPoolExecutor.runWorker(ThreadPoolExecutor.java:1134)
        at java.util.concurrent.ThreadPoolExecutor$Worker.run(ThreadPoolExecutor.java:624)
        at java.lang.Thread.run(Thread.java:748)
"pool-56-thread-20"  prio=5 tid=425 in Object.wait()
java.lang.Thread.State: WAITING (on object monitor)
        at sun.misc.Unsafe.park(Native Method)
        at java.util.concurrent.locks.LockSupport.park(LockSupport.java:175)
        at java.util.concurrent.locks.AbstractQueuedSynchronizer$ConditionObject.await(AbstractQueuedSynchronizer.java:2039)
        at java.util.concurrent.ArrayBlockingQueue.take(ArrayBlockingQueue.java:403)
        at java.util.concurrent.ThreadPoolExecutor.getTask(ThreadPoolExecutor.java:1074)
        at java.util.concurrent.ThreadPoolExecutor.runWorker(ThreadPoolExecutor.java:1134)
        at java.util.concurrent.ThreadPoolExecutor$Worker.run(ThreadPoolExecutor.java:624)
        at java.lang.Thread.run(Thread.java:748)
"pool-96-thread-43"  prio=5 tid=925 in Object.wait()
java.lang.Thread.State: WAITING (on object monitor)
        at sun.misc.Unsafe.park(Native Method)
        at java.util.concurrent.locks.LockSupport.park(LockSupport.java:175)
        at java.util.concurrent.locks.AbstractQueuedSynchronizer$ConditionObject.await(AbstractQueuedSynchronizer.java:2039)
        at java.util.concurrent.ArrayBlockingQueue.take(ArrayBlockingQueue.java:403)
        at java.util.concurrent.ThreadPoolExecutor.getTask(ThreadPoolExecutor.java:1074)
        at java.util.concurrent.ThreadPoolExecutor.runWorker(ThreadPoolExecutor.java:1134)
        at java.util.concurrent.ThreadPoolExecutor$Worker.run(ThreadPoolExecutor.java:624)
        at java.lang.Thread.run(Thread.java:748)
"pool-56-thread-52"  prio=5 tid=546 in Object.wait()
java.lang.Thread.State: WAITING (on object monitor)
        at sun.misc.Unsafe.park(Native Method)
        at java.util.concurrent.locks.LockSupport.park(LockSupport.java:175)
        at java.util.concurrent.locks.AbstractQueuedSynchronizer$ConditionObject.await(AbstractQueuedSynchronizer.java:2039)
        at java.util.concurrent.ArrayBlockingQueue.take(ArrayBlockingQueue.java:403)
        at java.util.concurrent.ThreadPoolExecutor.getTask(ThreadPoolExecutor.java:1074)
        at java.util.concurrent.ThreadPoolExecutor.runWorker(ThreadPoolExecutor.java:1134)
        at java.util.concurrent.ThreadPoolExecutor$Worker.run(ThreadPoolExecutor.java:624)
        at java.lang.Thread.run(Thread.java:748)
"pool-46-thread-33"  prio=5 tid=472 in Object.wait()
java.lang.Thread.State: WAITING (on object monitor)
        at sun.misc.Unsafe.park(Native Method)
        at java.util.concurrent.locks.LockSupport.park(LockSupport.java:175)
        at java.util.concurrent.locks.AbstractQueuedSynchronizer$ConditionObject.await(AbstractQueuedSynchronizer.java:2039)
        at java.util.concurrent.ArrayBlockingQueue.take(ArrayBlockingQueue.java:403)
        at java.util.concurrent.ThreadPoolExecutor.getTask(ThreadPoolExecutor.java:1074)
        at java.util.concurrent.ThreadPoolExecutor.runWorker(ThreadPoolExecutor.java:1134)
        at java.util.concurrent.ThreadPoolExecutor$Worker.run(ThreadPoolExecutor.java:624)
        at java.lang.Thread.run(Thread.java:748)
"IPC Server handler 10 on 39235" daemon prio=5 tid=39 timed_waiting
java.lang.Thread.State: TIMED_WAITING
        at sun.misc.Unsafe.park(Native Method)
        at java.util.concurrent.locks.LockSupport.parkNanos(LockSupport.java:215)
        at java.util.concurrent.locks.AbstractQueuedSynchronizer$ConditionObject.awaitNanos(AbstractQueuedSynchronizer.java:2078)
        at java.util.concurrent.LinkedBlockingQueue.poll(LinkedBlockingQueue.java:467)
        at org.apache.hadoop.ipc.CallQueueManager.take(CallQueueManager.java:288)
        at org.apache.hadoop.ipc.Server$Handler.run(Server.java:2668)
"org.eclipse.jetty.server.session.HashSessionManager@6a818392Timer" daemon prio=5 tid=423 timed_waiting
java.lang.Thread.State: TIMED_WAITING
        at sun.misc.Unsafe.park(Native Method)
        at java.util.concurrent.locks.LockSupport.parkNanos(LockSupport.java:215)
        at java.util.concurrent.locks.AbstractQueuedSynchronizer$ConditionObject.awaitNanos(AbstractQueuedSynchronizer.java:2078)
        at java.util.concurrent.ScheduledThreadPoolExecutor$DelayedWorkQueue.take(ScheduledThreadPoolExecutor.java:1093)
        at java.util.concurrent.ScheduledThreadPoolExecutor$DelayedWorkQueue.take(ScheduledThreadPoolExecutor.java:809)
        at java.util.concurrent.ThreadPoolExecutor.getTask(ThreadPoolExecutor.java:1074)
        at java.util.concurrent.ThreadPoolExecutor.runWorker(ThreadPoolExecutor.java:1134)
        at java.util.concurrent.ThreadPoolExecutor$Worker.run(ThreadPoolExecutor.java:624)
        at java.lang.Thread.run(Thread.java:748)
"pool-86-thread-44"  prio=5 tid=862 in Object.wait()
java.lang.Thread.State: WAITING (on object monitor)
        at sun.misc.Unsafe.park(Native Method)
        at java.util.concurrent.locks.LockSupport.park(LockSupport.java:175)
        at java.util.concurrent.locks.AbstractQueuedSynchronizer$ConditionObject.await(AbstractQueuedSynchronizer.java:2039)
        at java.util.concurrent.ArrayBlockingQueue.take(ArrayBlockingQueue.java:403)
        at java.util.concurrent.ThreadPoolExecutor.getTask(ThreadPoolExecutor.java:1074)
        at java.util.concurrent.ThreadPoolExecutor.runWorker(ThreadPoolExecutor.java:1134)
        at java.util.concurrent.ThreadPoolExecutor$Worker.run(ThreadPoolExecutor.java:624)
        at java.lang.Thread.run(Thread.java:748)
"pool-46-thread-4"  prio=5 tid=327 in Object.wait()
java.lang.Thread.State: WAITING (on object monitor)
        at sun.misc.Unsafe.park(Native Method)
        at java.util.concurrent.locks.LockSupport.park(LockSupport.java:175)
        at java.util.concurrent.locks.AbstractQueuedSynchronizer$ConditionObject.await(AbstractQueuedSynchronizer.java:2039)
        at java.util.concurrent.ArrayBlockingQueue.take(ArrayBlockingQueue.java:403)
        at java.util.concurrent.ThreadPoolExecutor.getTask(ThreadPoolExecutor.java:1074)
        at java.util.concurrent.ThreadPoolExecutor.runWorker(ThreadPoolExecutor.java:1134)
        at java.util.concurrent.ThreadPoolExecutor$Worker.run(ThreadPoolExecutor.java:624)
        at java.lang.Thread.run(Thread.java:748)
"Periodic HDDS volume checker"  prio=5 tid=152 timed_waiting
java.lang.Thread.State: TIMED_WAITING
        at sun.misc.Unsafe.park(Native Method)
        at java.util.concurrent.locks.LockSupport.parkNanos(LockSupport.java:215)
        at java.util.concurrent.locks.AbstractQueuedSynchronizer$ConditionObject.awaitNanos(AbstractQueuedSynchronizer.java:2078)
        at java.util.concurrent.ScheduledThreadPoolExecutor$DelayedWorkQueue.take(ScheduledThreadPoolExecutor.java:1093)
        at java.util.concurrent.ScheduledThreadPoolExecutor$DelayedWorkQueue.take(ScheduledThreadPoolExecutor.java:809)
        at java.util.concurrent.ThreadPoolExecutor.getTask(ThreadPoolExecutor.java:1074)
        at java.util.concurrent.ThreadPoolExecutor.runWorker(ThreadPoolExecutor.java:1134)
        at java.util.concurrent.ThreadPoolExecutor$Worker.run(ThreadPoolExecutor.java:624)
        at java.lang.Thread.run(Thread.java:748)
"IPC Server handler 10 on 37838" daemon prio=5 tid=79 timed_waiting
java.lang.Thread.State: TIMED_WAITING
        at sun.misc.Unsafe.park(Native Method)
        at java.util.concurrent.locks.LockSupport.parkNanos(LockSupport.java:215)
        at java.util.concurrent.locks.AbstractQueuedSynchronizer$ConditionObject.awaitNanos(AbstractQueuedSynchronizer.java:2078)
        at java.util.concurrent.LinkedBlockingQueue.poll(LinkedBlockingQueue.java:467)
        at org.apache.hadoop.ipc.CallQueueManager.take(CallQueueManager.java:288)
        at org.apache.hadoop.ipc.Server$Handler.run(Server.java:2668)
"Datanode ReportManager Thread - 2" daemon prio=5 tid=311 in Object.wait()
java.lang.Thread.State: WAITING (on object monitor)
        at sun.misc.Unsafe.park(Native Method)
        at java.util.concurrent.locks.LockSupport.park(LockSupport.java:175)
        at java.util.concurrent.locks.AbstractQueuedSynchronizer$ConditionObject.await(AbstractQueuedSynchronizer.java:2039)
        at java.util.concurrent.ScheduledThreadPoolExecutor$DelayedWorkQueue.take(ScheduledThreadPoolExecutor.java:1088)
        at java.util.concurrent.ScheduledThreadPoolExecutor$DelayedWorkQueue.take(ScheduledThreadPoolExecutor.java:809)
        at java.util.concurrent.ThreadPoolExecutor.getTask(ThreadPoolExecutor.java:1074)
        at java.util.concurrent.ThreadPoolExecutor.runWorker(ThreadPoolExecutor.java:1134)
        at java.util.concurrent.ThreadPoolExecutor$Worker.run(ThreadPoolExecutor.java:624)
        at java.lang.Thread.run(Thread.java:748)
"metrics-hadoop-metrics2-reporter-58-thread-1" daemon prio=5 tid=1274 timed_waiting
java.lang.Thread.State: TIMED_WAITING
        at sun.misc.Unsafe.park(Native Method)
        at java.util.concurrent.locks.LockSupport.parkNanos(LockSupport.java:215)
        at java.util.concurrent.locks.AbstractQueuedSynchronizer$ConditionObject.awaitNanos(AbstractQueuedSynchronizer.java:2078)
        at java.util.concurrent.ScheduledThreadPoolExecutor$DelayedWorkQueue.take(ScheduledThreadPoolExecutor.java:1093)
        at java.util.concurrent.ScheduledThreadPoolExecutor$DelayedWorkQueue.take(ScheduledThreadPoolExecutor.java:809)
        at java.util.concurrent.ThreadPoolExecutor.getTask(ThreadPoolExecutor.java:1074)
        at java.util.concurrent.ThreadPoolExecutor.runWorker(ThreadPoolExecutor.java:1134)
        at java.util.concurrent.ThreadPoolExecutor$Worker.run(ThreadPoolExecutor.java:624)
        at java.lang.Thread.run(Thread.java:748)
"pool-106-thread-19"  prio=5 tid=998 in Object.wait()
java.lang.Thread.State: WAITING (on object monitor)
        at sun.misc.Unsafe.park(Native Method)
        at java.util.concurrent.locks.LockSupport.park(LockSupport.java:175)
        at java.util.concurrent.locks.AbstractQueuedSynchronizer$ConditionObject.await(AbstractQueuedSynchronizer.java:2039)
        at java.util.concurrent.ArrayBlockingQueue.take(ArrayBlockingQueue.java:403)
        at java.util.concurrent.ThreadPoolExecutor.getTask(ThreadPoolExecutor.java:1074)
        at java.util.concurrent.ThreadPoolExecutor.runWorker(ThreadPoolExecutor.java:1134)
        at java.util.concurrent.ThreadPoolExecutor$Worker.run(ThreadPoolExecutor.java:624)
        at java.lang.Thread.run(Thread.java:748)
"pool-26-thread-51"  prio=5 tid=509 in Object.wait()
java.lang.Thread.State: WAITING (on object monitor)
        at sun.misc.Unsafe.park(Native Method)
        at java.util.concurrent.locks.LockSupport.park(LockSupport.java:175)
        at java.util.concurrent.locks.AbstractQueuedSynchronizer$ConditionObject.await(AbstractQueuedSynchronizer.java:2039)
        at java.util.concurrent.ArrayBlockingQueue.take(ArrayBlockingQueue.java:403)
        at java.util.concurrent.ThreadPoolExecutor.getTask(ThreadPoolExecutor.java:1074)
        at java.util.concurrent.ThreadPoolExecutor.runWorker(ThreadPoolExecutor.java:1134)
        at java.util.concurrent.ThreadPoolExecutor$Worker.run(ThreadPoolExecutor.java:624)
        at java.lang.Thread.run(Thread.java:748)
"qtp856047451-620-acceptor-0@cbc6418-ServerConnector@5578be42{HTTP/1.1,[http/1.1]}{0.0.0.0:40897}" daemon prio=3 tid=620 runnable
java.lang.Thread.State: RUNNABLE
        at sun.nio.ch.ServerSocketChannelImpl.accept0(Native Method)
        at sun.nio.ch.ServerSocketChannelImpl.accept(ServerSocketChannelImpl.java:422)
        at sun.nio.ch.ServerSocketChannelImpl.accept(ServerSocketChannelImpl.java:250)
        at org.eclipse.jetty.server.ServerConnector.accept(ServerConnector.java:397)
        at org.eclipse.jetty.server.AbstractConnector$Acceptor.run(AbstractConnector.java:601)
        at org.eclipse.jetty.util.thread.QueuedThreadPool.runJob(QueuedThreadPool.java:671)
        at org.eclipse.jetty.util.thread.QueuedThreadPool$2.run(QueuedThreadPool.java:589)
        at java.lang.Thread.run(Thread.java:748)
"Datanode State Machine Thread - 0" daemon prio=5 tid=285 timed_waiting
java.lang.Thread.State: TIMED_WAITING
        at sun.misc.Unsafe.park(Native Method)
        at java.util.concurrent.locks.LockSupport.parkNanos(LockSupport.java:215)
        at java.util.concurrent.SynchronousQueue$TransferStack.awaitFulfill(SynchronousQueue.java:460)
        at java.util.concurrent.SynchronousQueue$TransferStack.transfer(SynchronousQueue.java:362)
        at java.util.concurrent.SynchronousQueue.poll(SynchronousQueue.java:941)
        at java.util.concurrent.ThreadPoolExecutor.getTask(ThreadPoolExecutor.java:1073)
        at java.util.concurrent.ThreadPoolExecutor.runWorker(ThreadPoolExecutor.java:1134)
        at java.util.concurrent.ThreadPoolExecutor$Worker.run(ThreadPoolExecutor.java:624)
        at java.lang.Thread.run(Thread.java:748)
"pool-96-thread-35"  prio=5 tid=917 in Object.wait()
java.lang.Thread.State: WAITING (on object monitor)
        at sun.misc.Unsafe.park(Native Method)
        at java.util.concurrent.locks.LockSupport.park(LockSupport.java:175)
        at java.util.concurrent.locks.AbstractQueuedSynchronizer$ConditionObject.await(AbstractQueuedSynchronizer.java:2039)
        at java.util.concurrent.ArrayBlockingQueue.take(ArrayBlockingQueue.java:403)
        at java.util.concurrent.ThreadPoolExecutor.getTask(ThreadPoolExecutor.java:1074)
        at java.util.concurrent.ThreadPoolExecutor.runWorker(ThreadPoolExecutor.java:1134)
        at java.util.concurrent.ThreadPoolExecutor$Worker.run(ThreadPoolExecutor.java:624)
        at java.lang.Thread.run(Thread.java:748)
"pool-46-thread-36"  prio=5 tid=485 in Object.wait()
java.lang.Thread.State: WAITING (on object monitor)
        at sun.misc.Unsafe.park(Native Method)
        at java.util.concurrent.locks.LockSupport.park(LockSupport.java:175)
        at java.util.concurrent.locks.AbstractQueuedSynchronizer$ConditionObject.await(AbstractQueuedSynchronizer.java:2039)
        at java.util.concurrent.ArrayBlockingQueue.take(ArrayBlockingQueue.java:403)
        at java.util.concurrent.ThreadPoolExecutor.getTask(ThreadPoolExecutor.java:1074)
        at java.util.concurrent.ThreadPoolExecutor.runWorker(ThreadPoolExecutor.java:1134)
        at java.util.concurrent.ThreadPoolExecutor$Worker.run(ThreadPoolExecutor.java:624)
        at java.lang.Thread.run(Thread.java:748)
"qtp303805531-214-acceptor-0@363f24d7-ServerConnector@36c2b646{HTTP/1.1,[http/1.1]}{0.0.0.0:46764}" daemon prio=3 tid=214 runnable
java.lang.Thread.State: RUNNABLE
        at sun.nio.ch.ServerSocketChannelImpl.accept0(Native Method)
        at sun.nio.ch.ServerSocketChannelImpl.accept(ServerSocketChannelImpl.java:422)
        at sun.nio.ch.ServerSocketChannelImpl.accept(ServerSocketChannelImpl.java:250)
        at org.eclipse.jetty.server.ServerConnector.accept(ServerConnector.java:397)
        at org.eclipse.jetty.server.AbstractConnector$Acceptor.run(AbstractConnector.java:601)
        at org.eclipse.jetty.util.thread.QueuedThreadPool.runJob(QueuedThreadPool.java:671)
        at org.eclipse.jetty.util.thread.QueuedThreadPool$2.run(QueuedThreadPool.java:589)
        at java.lang.Thread.run(Thread.java:748)
"BlockDeletingService#0" daemon prio=5 tid=1121 timed_waiting
java.lang.Thread.State: TIMED_WAITING
        at sun.misc.Unsafe.park(Native Method)
        at java.util.concurrent.locks.LockSupport.parkNanos(LockSupport.java:215)
        at java.util.concurrent.locks.AbstractQueuedSynchronizer$ConditionObject.awaitNanos(AbstractQueuedSynchronizer.java:2078)
        at java.util.concurrent.ScheduledThreadPoolExecutor$DelayedWorkQueue.take(ScheduledThreadPoolExecutor.java:1093)
        at java.util.concurrent.ScheduledThreadPoolExecutor$DelayedWorkQueue.take(ScheduledThreadPoolExecutor.java:809)
        at java.util.concurrent.ThreadPoolExecutor.getTask(ThreadPoolExecutor.java:1074)
        at java.util.concurrent.ThreadPoolExecutor.runWorker(ThreadPoolExecutor.java:1134)
        at java.util.concurrent.ThreadPoolExecutor$Worker.run(ThreadPoolExecutor.java:624)
        at java.lang.Thread.run(Thread.java:748)
"pool-26-thread-6"  prio=5 tid=345 in Object.wait()
java.lang.Thread.State: WAITING (on object monitor)
        at sun.misc.Unsafe.park(Native Method)
        at java.util.concurrent.locks.LockSupport.park(LockSupport.java:175)
        at java.util.concurrent.locks.AbstractQueuedSynchronizer$ConditionObject.await(AbstractQueuedSynchronizer.java:2039)
        at java.util.concurrent.ArrayBlockingQueue.take(ArrayBlockingQueue.java:403)
        at java.util.concurrent.ThreadPoolExecutor.getTask(ThreadPoolExecutor.java:1074)
        at java.util.concurrent.ThreadPoolExecutor.runWorker(ThreadPoolExecutor.java:1134)
        at java.util.concurrent.ThreadPoolExecutor$Worker.run(ThreadPoolExecutor.java:624)
        at java.lang.Thread.run(Thread.java:748)
"pool-76-thread-49"  prio=5 tid=795 in Object.wait()
java.lang.Thread.State: WAITING (on object monitor)
        at sun.misc.Unsafe.park(Native Method)
        at java.util.concurrent.locks.LockSupport.park(LockSupport.java:175)
        at java.util.concurrent.locks.AbstractQueuedSynchronizer$ConditionObject.await(AbstractQueuedSynchronizer.java:2039)
        at java.util.concurrent.ArrayBlockingQueue.take(ArrayBlockingQueue.java:403)
        at java.util.concurrent.ThreadPoolExecutor.getTask(ThreadPoolExecutor.java:1074)
        at java.util.concurrent.ThreadPoolExecutor.runWorker(ThreadPoolExecutor.java:1134)
        at java.util.concurrent.ThreadPoolExecutor$Worker.run(ThreadPoolExecutor.java:624)
        at java.lang.Thread.run(Thread.java:748)
"pool-26-thread-32"  prio=5 tid=445 in Object.wait()
java.lang.Thread.State: WAITING (on object monitor)
        at sun.misc.Unsafe.park(Native Method)
        at java.util.concurrent.locks.LockSupport.park(LockSupport.java:175)
        at java.util.concurrent.locks.AbstractQueuedSynchronizer$ConditionObject.await(AbstractQueuedSynchronizer.java:2039)
        at java.util.concurrent.ArrayBlockingQueue.take(ArrayBlockingQueue.java:403)
        at java.util.concurrent.ThreadPoolExecutor.getTask(ThreadPoolExecutor.java:1074)
        at java.util.concurrent.ThreadPoolExecutor.runWorker(ThreadPoolExecutor.java:1134)
        at java.util.concurrent.ThreadPoolExecutor$Worker.run(ThreadPoolExecutor.java:624)
        at java.lang.Thread.run(Thread.java:748)
"pool-86-thread-56"  prio=5 tid=874 in Object.wait()
java.lang.Thread.State: WAITING (on object monitor)
        at sun.misc.Unsafe.park(Native Method)
        at java.util.concurrent.locks.LockSupport.park(LockSupport.java:175)
        at java.util.concurrent.locks.AbstractQueuedSynchronizer$ConditionObject.await(AbstractQueuedSynchronizer.java:2039)
        at java.util.concurrent.ArrayBlockingQueue.take(ArrayBlockingQueue.java:403)
        at java.util.concurrent.ThreadPoolExecutor.getTask(ThreadPoolExecutor.java:1074)
        at java.util.concurrent.ThreadPoolExecutor.runWorker(ThreadPoolExecutor.java:1134)
        at java.util.concurrent.ThreadPoolExecutor$Worker.run(ThreadPoolExecutor.java:624)
        at java.lang.Thread.run(Thread.java:748)
"pool-36-thread-7"  prio=5 tid=350 in Object.wait()
java.lang.Thread.State: WAITING (on object monitor)
        at sun.misc.Unsafe.park(Native Method)
        at java.util.concurrent.locks.LockSupport.park(LockSupport.java:175)
        at java.util.concurrent.locks.AbstractQueuedSynchronizer$ConditionObject.await(AbstractQueuedSynchronizer.java:2039)
        at java.util.concurrent.ArrayBlockingQueue.take(ArrayBlockingQueue.java:403)
        at java.util.concurrent.ThreadPoolExecutor.getTask(ThreadPoolExecutor.java:1074)
        at java.util.concurrent.ThreadPoolExecutor.runWorker(ThreadPoolExecutor.java:1134)
        at java.util.concurrent.ThreadPoolExecutor$Worker.run(ThreadPoolExecutor.java:624)
        at java.lang.Thread.run(Thread.java:748)
"Datanode ReportManager Thread - 3" daemon prio=5 tid=679 in Object.wait()
java.lang.Thread.State: WAITING (on object monitor)
        at sun.misc.Unsafe.park(Native Method)
        at java.util.concurrent.locks.LockSupport.park(LockSupport.java:175)
        at java.util.concurrent.locks.AbstractQueuedSynchronizer$ConditionObject.await(AbstractQueuedSynchronizer.java:2039)
        at java.util.concurrent.ScheduledThreadPoolExecutor$DelayedWorkQueue.take(ScheduledThreadPoolExecutor.java:1088)
        at java.util.concurrent.ScheduledThreadPoolExecutor$DelayedWorkQueue.take(ScheduledThreadPoolExecutor.java:809)
        at java.util.concurrent.ThreadPoolExecutor.getTask(ThreadPoolExecutor.java:1074)
        at java.util.concurrent.ThreadPoolExecutor.runWorker(ThreadPoolExecutor.java:1134)
        at java.util.concurrent.ThreadPoolExecutor$Worker.run(ThreadPoolExecutor.java:624)
        at java.lang.Thread.run(Thread.java:748)
"Datanode ReportManager Thread - 3" daemon prio=5 tid=255 in Object.wait()
java.lang.Thread.State: WAITING (on object monitor)
        at sun.misc.Unsafe.park(Native Method)
        at java.util.concurrent.locks.LockSupport.park(LockSupport.java:175)
        at java.util.concurrent.locks.AbstractQueuedSynchronizer$ConditionObject.await(AbstractQueuedSynchronizer.java:2039)
        at java.util.concurrent.ScheduledThreadPoolExecutor$DelayedWorkQueue.take(ScheduledThreadPoolExecutor.java:1088)
        at java.util.concurrent.ScheduledThreadPoolExecutor$DelayedWorkQueue.take(ScheduledThreadPoolExecutor.java:809)
        at java.util.concurrent.ThreadPoolExecutor.getTask(ThreadPoolExecutor.java:1074)
        at java.util.concurrent.ThreadPoolExecutor.runWorker(ThreadPoolExecutor.java:1134)
        at java.util.concurrent.ThreadPoolExecutor$Worker.run(ThreadPoolExecutor.java:624)
        at java.lang.Thread.run(Thread.java:748)
"qtp1987707214-161" daemon prio=5 tid=161 timed_waiting
java.lang.Thread.State: TIMED_WAITING
        at sun.misc.Unsafe.park(Native Method)
        at java.util.concurrent.locks.LockSupport.parkNanos(LockSupport.java:215)
        at java.util.concurrent.locks.AbstractQueuedSynchronizer$ConditionObject.awaitNanos(AbstractQueuedSynchronizer.java:2078)
        at org.eclipse.jetty.util.BlockingArrayQueue.poll(BlockingArrayQueue.java:392)
        at org.eclipse.jetty.util.thread.QueuedThreadPool.idleJobPoll(QueuedThreadPool.java:563)
        at org.eclipse.jetty.util.thread.QueuedThreadPool.access$800(QueuedThreadPool.java:48)
        at org.eclipse.jetty.util.thread.QueuedThreadPool$2.run(QueuedThreadPool.java:626)
        at java.lang.Thread.run(Thread.java:748)
"pool-76-thread-19"  prio=5 tid=765 in Object.wait()
java.lang.Thread.State: WAITING (on object monitor)
        at sun.misc.Unsafe.park(Native Method)
        at java.util.concurrent.locks.LockSupport.park(LockSupport.java:175)
        at java.util.concurrent.locks.AbstractQueuedSynchronizer$ConditionObject.await(AbstractQueuedSynchronizer.java:2039)
        at java.util.concurrent.ArrayBlockingQueue.take(ArrayBlockingQueue.java:403)
        at java.util.concurrent.ThreadPoolExecutor.getTask(ThreadPoolExecutor.java:1074)
        at java.util.concurrent.ThreadPoolExecutor.runWorker(ThreadPoolExecutor.java:1134)
        at java.util.concurrent.ThreadPoolExecutor$Worker.run(ThreadPoolExecutor.java:624)
        at java.lang.Thread.run(Thread.java:748)
"org.eclipse.jetty.server.session.HashSessionManager@480ad82cTimer" daemon prio=5 tid=628 timed_waiting
java.lang.Thread.State: TIMED_WAITING
        at sun.misc.Unsafe.park(Native Method)
        at java.util.concurrent.locks.LockSupport.parkNanos(LockSupport.java:215)
        at java.util.concurrent.locks.AbstractQueuedSynchronizer$ConditionObject.awaitNanos(AbstractQueuedSynchronizer.java:2078)
        at java.util.concurrent.ScheduledThreadPoolExecutor$DelayedWorkQueue.take(ScheduledThreadPoolExecutor.java:1093)
        at java.util.concurrent.ScheduledThreadPoolExecutor$DelayedWorkQueue.take(ScheduledThreadPoolExecutor.java:809)
        at java.util.concurrent.ThreadPoolExecutor.getTask(ThreadPoolExecutor.java:1074)
        at java.util.concurrent.ThreadPoolExecutor.runWorker(ThreadPoolExecutor.java:1134)
        at java.util.concurrent.ThreadPoolExecutor$Worker.run(ThreadPoolExecutor.java:624)
        at java.lang.Thread.run(Thread.java:748)
"pool-46-thread-1"  prio=5 tid=324 in Object.wait()
java.lang.Thread.State: WAITING (on object monitor)
        at sun.misc.Unsafe.park(Native Method)
        at java.util.concurrent.locks.LockSupport.park(LockSupport.java:175)
        at java.util.concurrent.locks.AbstractQueuedSynchronizer$ConditionObject.await(AbstractQueuedSynchronizer.java:2039)
        at java.util.concurrent.ArrayBlockingQueue.take(ArrayBlockingQueue.java:403)
        at java.util.concurrent.ThreadPoolExecutor.getTask(ThreadPoolExecutor.java:1074)
        at java.util.concurrent.ThreadPoolExecutor.runWorker(ThreadPoolExecutor.java:1134)
        at java.util.concurrent.ThreadPoolExecutor$Worker.run(ThreadPoolExecutor.java:624)
        at java.lang.Thread.run(Thread.java:748)
"pool-106-thread-51"  prio=5 tid=1030 in Object.wait()
java.lang.Thread.State: WAITING (on object monitor)
        at sun.misc.Unsafe.park(Native Method)
        at java.util.concurrent.locks.LockSupport.park(LockSupport.java:175)
        at java.util.concurrent.locks.AbstractQueuedSynchronizer$ConditionObject.await(AbstractQueuedSynchronizer.java:2039)
        at java.util.concurrent.ArrayBlockingQueue.take(ArrayBlockingQueue.java:403)
        at java.util.concurrent.ThreadPoolExecutor.getTask(ThreadPoolExecutor.java:1074)
        at java.util.concurrent.ThreadPoolExecutor.runWorker(ThreadPoolExecutor.java:1134)
        at java.util.concurrent.ThreadPoolExecutor$Worker.run(ThreadPoolExecutor.java:624)
        at java.lang.Thread.run(Thread.java:748)
"IPC Server handler 3 on 40878" daemon prio=5 tid=52 timed_waiting
java.lang.Thread.State: TIMED_WAITING
        at sun.misc.Unsafe.park(Native Method)
        at java.util.concurrent.locks.LockSupport.parkNanos(LockSupport.java:215)
        at java.util.concurrent.locks.AbstractQueuedSynchronizer$ConditionObject.awaitNanos(AbstractQueuedSynchronizer.java:2078)
        at java.util.concurrent.LinkedBlockingQueue.poll(LinkedBlockingQueue.java:467)
        at org.apache.hadoop.ipc.CallQueueManager.take(CallQueueManager.java:288)
        at org.apache.hadoop.ipc.Server$Handler.run(Server.java:2668)
"IPC Server handler 9 on 37221" daemon prio=5 tid=124 timed_waiting
java.lang.Thread.State: TIMED_WAITING
        at sun.misc.Unsafe.park(Native Method)
        at java.util.concurrent.locks.LockSupport.parkNanos(LockSupport.java:215)
        at java.util.concurrent.locks.AbstractQueuedSynchronizer$ConditionObject.awaitNanos(AbstractQueuedSynchronizer.java:2078)
        at java.util.concurrent.LinkedBlockingQueue.poll(LinkedBlockingQueue.java:467)
        at org.apache.hadoop.ipc.CallQueueManager.take(CallQueueManager.java:288)
        at org.apache.hadoop.ipc.Server$Handler.run(Server.java:2668)
"pool-96-thread-11"  prio=5 tid=893 in Object.wait()
java.lang.Thread.State: WAITING (on object monitor)
        at sun.misc.Unsafe.park(Native Method)
        at java.util.concurrent.locks.LockSupport.park(LockSupport.java:175)
        at java.util.concurrent.locks.AbstractQueuedSynchronizer$ConditionObject.await(AbstractQueuedSynchronizer.java:2039)
        at java.util.concurrent.ArrayBlockingQueue.take(ArrayBlockingQueue.java:403)
        at java.util.concurrent.ThreadPoolExecutor.getTask(ThreadPoolExecutor.java:1074)
        at java.util.concurrent.ThreadPoolExecutor.runWorker(ThreadPoolExecutor.java:1134)
        at java.util.concurrent.ThreadPoolExecutor$Worker.run(ThreadPoolExecutor.java:624)
        at java.lang.Thread.run(Thread.java:748)
"pool-106-thread-36"  prio=5 tid=1015 in Object.wait()
java.lang.Thread.State: WAITING (on object monitor)
        at sun.misc.Unsafe.park(Native Method)
        at java.util.concurrent.locks.LockSupport.park(LockSupport.java:175)
        at java.util.concurrent.locks.AbstractQueuedSynchronizer$ConditionObject.await(AbstractQueuedSynchronizer.java:2039)
        at java.util.concurrent.ArrayBlockingQueue.take(ArrayBlockingQueue.java:403)
        at java.util.concurrent.ThreadPoolExecutor.getTask(ThreadPoolExecutor.java:1074)
        at java.util.concurrent.ThreadPoolExecutor.runWorker(ThreadPoolExecutor.java:1134)
        at java.util.concurrent.ThreadPoolExecutor$Worker.run(ThreadPoolExecutor.java:624)
        at java.lang.Thread.run(Thread.java:748)
"Thread-409" daemon prio=5 tid=1285 timed_waiting
java.lang.Thread.State: TIMED_WAITING
        at sun.misc.Unsafe.park(Native Method)
        at java.util.concurrent.locks.LockSupport.parkNanos(LockSupport.java:215)
        at java.util.concurrent.locks.AbstractQueuedSynchronizer$ConditionObject.awaitNanos(AbstractQueuedSynchronizer.java:2078)
        at java.util.concurrent.ArrayBlockingQueue.poll(ArrayBlockingQueue.java:418)
        at org.apache.ratis.server.impl.LeaderState$EventQueue.poll(LeaderState.java:116)
        at org.apache.ratis.server.impl.LeaderState$EventProcessor.run(LeaderState.java:468)
"pool-56-thread-36"  prio=5 tid=475 in Object.wait()
java.lang.Thread.State: WAITING (on object monitor)
        at sun.misc.Unsafe.park(Native Method)
        at java.util.concurrent.locks.LockSupport.park(LockSupport.java:175)
        at java.util.concurrent.locks.AbstractQueuedSynchronizer$ConditionObject.await(AbstractQueuedSynchronizer.java:2039)
        at java.util.concurrent.ArrayBlockingQueue.take(ArrayBlockingQueue.java:403)
        at java.util.concurrent.ThreadPoolExecutor.getTask(ThreadPoolExecutor.java:1074)
        at java.util.concurrent.ThreadPoolExecutor.runWorker(ThreadPoolExecutor.java:1134)
        at java.util.concurrent.ThreadPoolExecutor$Worker.run(ThreadPoolExecutor.java:624)
        at java.lang.Thread.run(Thread.java:748)
"pool-96-thread-12"  prio=5 tid=894 in Object.wait()
java.lang.Thread.State: WAITING (on object monitor)
        at sun.misc.Unsafe.park(Native Method)
        at java.util.concurrent.locks.LockSupport.park(LockSupport.java:175)
        at java.util.concurrent.locks.AbstractQueuedSynchronizer$ConditionObject.await(AbstractQueuedSynchronizer.java:2039)
        at java.util.concurrent.ArrayBlockingQueue.take(ArrayBlockingQueue.java:403)
        at java.util.concurrent.ThreadPoolExecutor.getTask(ThreadPoolExecutor.java:1074)
        at java.util.concurrent.ThreadPoolExecutor.runWorker(ThreadPoolExecutor.java:1134)
        at java.util.concurrent.ThreadPoolExecutor$Worker.run(ThreadPoolExecutor.java:624)
        at java.lang.Thread.run(Thread.java:748)
"surefire-forkedjvm-ping-30s" daemon prio=5 tid=9 timed_waiting
java.lang.Thread.State: TIMED_WAITING
        at sun.misc.Unsafe.park(Native Method)
        at java.util.concurrent.locks.LockSupport.parkNanos(LockSupport.java:215)
        at java.util.concurrent.locks.AbstractQueuedSynchronizer$ConditionObject.awaitNanos(AbstractQueuedSynchronizer.java:2078)
        at java.util.concurrent.ScheduledThreadPoolExecutor$DelayedWorkQueue.take(ScheduledThreadPoolExecutor.java:1093)
        at java.util.concurrent.ScheduledThreadPoolExecutor$DelayedWorkQueue.take(ScheduledThreadPoolExecutor.java:809)
        at java.util.concurrent.ThreadPoolExecutor.getTask(ThreadPoolExecutor.java:1074)
        at java.util.concurrent.ThreadPoolExecutor.runWorker(ThreadPoolExecutor.java:1134)
        at java.util.concurrent.ThreadPoolExecutor$Worker.run(ThreadPoolExecutor.java:624)
        at java.lang.Thread.run(Thread.java:748)
"pool-86-thread-50"  prio=5 tid=868 in Object.wait()
java.lang.Thread.State: WAITING (on object monitor)
        at sun.misc.Unsafe.park(Native Method)
        at java.util.concurrent.locks.LockSupport.park(LockSupport.java:175)
        at java.util.concurrent.locks.AbstractQueuedSynchronizer$ConditionObject.await(AbstractQueuedSynchronizer.java:2039)
        at java.util.concurrent.ArrayBlockingQueue.take(ArrayBlockingQueue.java:403)
        at java.util.concurrent.ThreadPoolExecutor.getTask(ThreadPoolExecutor.java:1074)
        at java.util.concurrent.ThreadPoolExecutor.runWorker(ThreadPoolExecutor.java:1134)
        at java.util.concurrent.ThreadPoolExecutor$Worker.run(ThreadPoolExecutor.java:624)
        at java.lang.Thread.run(Thread.java:748)
"IPC Server handler 14 on 37838" daemon prio=5 tid=83 timed_waiting
java.lang.Thread.State: TIMED_WAITING
        at sun.misc.Unsafe.park(Native Method)
        at java.util.concurrent.locks.LockSupport.parkNanos(LockSupport.java:215)
        at java.util.concurrent.locks.AbstractQueuedSynchronizer$ConditionObject.awaitNanos(AbstractQueuedSynchronizer.java:2078)
        at java.util.concurrent.LinkedBlockingQueue.poll(LinkedBlockingQueue.java:467)
        at org.apache.hadoop.ipc.CallQueueManager.take(CallQueueManager.java:288)
        at org.apache.hadoop.ipc.Server$Handler.run(Server.java:2668)
"pool-36-thread-51"  prio=5 tid=556 in Object.wait()
java.lang.Thread.State: WAITING (on object monitor)
        at sun.misc.Unsafe.park(Native Method)
        at java.util.concurrent.locks.LockSupport.park(LockSupport.java:175)
        at java.util.concurrent.locks.AbstractQueuedSynchronizer$ConditionObject.await(AbstractQueuedSynchronizer.java:2039)
        at java.util.concurrent.ArrayBlockingQueue.take(ArrayBlockingQueue.java:403)
        at java.util.concurrent.ThreadPoolExecutor.getTask(ThreadPoolExecutor.java:1074)
        at java.util.concurrent.ThreadPoolExecutor.runWorker(ThreadPoolExecutor.java:1134)
        at java.util.concurrent.ThreadPoolExecutor$Worker.run(ThreadPoolExecutor.java:624)
        at java.lang.Thread.run(Thread.java:748)
"c30de686-1f6e-4ce7-9435-b57c4f7968b1@group-0E49D02C1954-StateMachineUpdater" daemon prio=5 tid=1134 in Object.wait()
java.lang.Thread.State: WAITING (on object monitor)
        at java.lang.Object.wait(Native Method)
        at java.lang.Object.wait(Object.java:502)
        at org.apache.ratis.server.impl.StateMachineUpdater.waitForCommit(StateMachineUpdater.java:194)
        at org.apache.ratis.server.impl.StateMachineUpdater.run(StateMachineUpdater.java:159)
        at java.lang.Thread.run(Thread.java:748)
"pool-117-thread-8"  prio=5 tid=1067 in Object.wait()
java.lang.Thread.State: WAITING (on object monitor)
        at sun.misc.Unsafe.park(Native Method)
        at java.util.concurrent.locks.LockSupport.park(LockSupport.java:175)
        at java.util.concurrent.locks.AbstractQueuedSynchronizer$ConditionObject.await(AbstractQueuedSynchronizer.java:2039)
        at java.util.concurrent.ArrayBlockingQueue.take(ArrayBlockingQueue.java:403)
        at java.util.concurrent.ThreadPoolExecutor.getTask(ThreadPoolExecutor.java:1074)
        at java.util.concurrent.ThreadPoolExecutor.runWorker(ThreadPoolExecutor.java:1134)
        at java.util.concurrent.ThreadPoolExecutor$Worker.run(ThreadPoolExecutor.java:624)
        at java.lang.Thread.run(Thread.java:748)
"pool-117-thread-1"  prio=5 tid=1060 in Object.wait()
java.lang.Thread.State: WAITING (on object monitor)
        at sun.misc.Unsafe.park(Native Method)
        at java.util.concurrent.locks.LockSupport.park(LockSupport.java:175)
        at java.util.concurrent.locks.AbstractQueuedSynchronizer$ConditionObject.await(AbstractQueuedSynchronizer.java:2039)
        at java.util.concurrent.ArrayBlockingQueue.take(ArrayBlockingQueue.java:403)
        at java.util.concurrent.ThreadPoolExecutor.getTask(ThreadPoolExecutor.java:1074)
        at java.util.concurrent.ThreadPoolExecutor.runWorker(ThreadPoolExecutor.java:1134)
        at java.util.concurrent.ThreadPoolExecutor$Worker.run(ThreadPoolExecutor.java:624)
        at java.lang.Thread.run(Thread.java:748)
"qtp1987707214-160-acceptor-0@7ccf6048-ServerConnector@68a4dcc6{HTTP/1.1,[http/1.1]}{0.0.0.0:46503}" daemon prio=3 tid=160 runnable
java.lang.Thread.State: RUNNABLE
        at sun.nio.ch.ServerSocketChannelImpl.accept0(Native Method)
        at sun.nio.ch.ServerSocketChannelImpl.accept(ServerSocketChannelImpl.java:422)
        at sun.nio.ch.ServerSocketChannelImpl.accept(ServerSocketChannelImpl.java:250)
        at org.eclipse.jetty.server.ServerConnector.accept(ServerConnector.java:397)
        at org.eclipse.jetty.server.AbstractConnector$Acceptor.run(AbstractConnector.java:601)
        at org.eclipse.jetty.util.thread.QueuedThreadPool.runJob(QueuedThreadPool.java:671)
        at org.eclipse.jetty.util.thread.QueuedThreadPool$2.run(QueuedThreadPool.java:589)
        at java.lang.Thread.run(Thread.java:748)
"IPC Server handler 17 on 37221" daemon prio=5 tid=132 timed_waiting
java.lang.Thread.State: TIMED_WAITING
        at sun.misc.Unsafe.park(Native Method)
        at java.util.concurrent.locks.LockSupport.parkNanos(LockSupport.java:215)
        at java.util.concurrent.locks.AbstractQueuedSynchronizer$ConditionObject.awaitNanos(AbstractQueuedSynchronizer.java:2078)
        at java.util.concurrent.LinkedBlockingQueue.poll(LinkedBlockingQueue.java:467)
        at org.apache.hadoop.ipc.CallQueueManager.take(CallQueueManager.java:288)
        at org.apache.hadoop.ipc.Server$Handler.run(Server.java:2668)
"pool-66-thread-57"  prio=5 tid=702 in Object.wait()
java.lang.Thread.State: WAITING (on object monitor)
        at sun.misc.Unsafe.park(Native Method)
        at java.util.concurrent.locks.LockSupport.park(LockSupport.java:175)
        at java.util.concurrent.locks.AbstractQueuedSynchronizer$ConditionObject.await(AbstractQueuedSynchronizer.java:2039)
        at java.util.concurrent.ArrayBlockingQueue.take(ArrayBlockingQueue.java:403)
        at java.util.concurrent.ThreadPoolExecutor.getTask(ThreadPoolExecutor.java:1074)
        at java.util.concurrent.ThreadPoolExecutor.runWorker(ThreadPoolExecutor.java:1134)
        at java.util.concurrent.ThreadPoolExecutor$Worker.run(ThreadPoolExecutor.java:624)
        at java.lang.Thread.run(Thread.java:748)
"qtp747378368-717-acceptor-0@4c5e010f-ServerConnector@f4a3a8d{HTTP/1.1,[http/1.1]}{0.0.0.0:41938}" daemon prio=3 tid=717 runnable
java.lang.Thread.State: RUNNABLE
        at sun.nio.ch.ServerSocketChannelImpl.accept0(Native Method)
        at sun.nio.ch.ServerSocketChannelImpl.accept(ServerSocketChannelImpl.java:422)
        at sun.nio.ch.ServerSocketChannelImpl.accept(ServerSocketChannelImpl.java:250)
        at org.eclipse.jetty.server.ServerConnector.accept(ServerConnector.java:397)
        at org.eclipse.jetty.server.AbstractConnector$Acceptor.run(AbstractConnector.java:601)
        at org.eclipse.jetty.util.thread.QueuedThreadPool.runJob(QueuedThreadPool.java:671)
        at org.eclipse.jetty.util.thread.QueuedThreadPool$2.run(QueuedThreadPool.java:589)
        at java.lang.Thread.run(Thread.java:748)
"IPC Server handler 0 on 37221" daemon prio=5 tid=114 timed_waiting
java.lang.Thread.State: TIMED_WAITING
        at sun.misc.Unsafe.park(Native Method)
        at java.util.concurrent.locks.LockSupport.parkNanos(LockSupport.java:215)
        at java.util.concurrent.locks.AbstractQueuedSynchronizer$ConditionObject.awaitNanos(AbstractQueuedSynchronizer.java:2078)
        at java.util.concurrent.LinkedBlockingQueue.poll(LinkedBlockingQueue.java:467)
        at org.apache.hadoop.ipc.CallQueueManager.take(CallQueueManager.java:288)
        at org.apache.hadoop.ipc.Server$Handler.run(Server.java:2668)
"pool-46-thread-30"  prio=5 tid=454 in Object.wait()
java.lang.Thread.State: WAITING (on object monitor)
        at sun.misc.Unsafe.park(Native Method)
        at java.util.concurrent.locks.LockSupport.park(LockSupport.java:175)
        at java.util.concurrent.locks.AbstractQueuedSynchronizer$ConditionObject.await(AbstractQueuedSynchronizer.java:2039)
        at java.util.concurrent.ArrayBlockingQueue.take(ArrayBlockingQueue.java:403)
        at java.util.concurrent.ThreadPoolExecutor.getTask(ThreadPoolExecutor.java:1074)
        at java.util.concurrent.ThreadPoolExecutor.runWorker(ThreadPoolExecutor.java:1134)
        at java.util.concurrent.ThreadPoolExecutor$Worker.run(ThreadPoolExecutor.java:624)
        at java.lang.Thread.run(Thread.java:748)
"pool-56-thread-2"  prio=5 tid=339 in Object.wait()
java.lang.Thread.State: WAITING (on object monitor)
        at sun.misc.Unsafe.park(Native Method)
        at java.util.concurrent.locks.LockSupport.park(LockSupport.java:175)
        at java.util.concurrent.locks.AbstractQueuedSynchronizer$ConditionObject.await(AbstractQueuedSynchronizer.java:2039)
        at java.util.concurrent.ArrayBlockingQueue.take(ArrayBlockingQueue.java:403)
        at java.util.concurrent.ThreadPoolExecutor.getTask(ThreadPoolExecutor.java:1074)
        at java.util.concurrent.ThreadPoolExecutor.runWorker(ThreadPoolExecutor.java:1134)
        at java.util.concurrent.ThreadPoolExecutor$Worker.run(ThreadPoolExecutor.java:624)
        at java.lang.Thread.run(Thread.java:748)
"pool-76-thread-10"  prio=5 tid=756 in Object.wait()
java.lang.Thread.State: WAITING (on object monitor)
        at sun.misc.Unsafe.park(Native Method)
        at java.util.concurrent.locks.LockSupport.park(LockSupport.java:175)
        at java.util.concurrent.locks.AbstractQueuedSynchronizer$ConditionObject.await(AbstractQueuedSynchronizer.java:2039)
        at java.util.concurrent.ArrayBlockingQueue.take(ArrayBlockingQueue.java:403)
        at java.util.concurrent.ThreadPoolExecutor.getTask(ThreadPoolExecutor.java:1074)
        at java.util.concurrent.ThreadPoolExecutor.runWorker(ThreadPoolExecutor.java:1134)
        at java.util.concurrent.ThreadPoolExecutor$Worker.run(ThreadPoolExecutor.java:624)
        at java.lang.Thread.run(Thread.java:748)
"pool-115-thread-1" daemon prio=5 tid=713 timed_waiting
java.lang.Thread.State: TIMED_WAITING
        at sun.misc.Unsafe.park(Native Method)
        at java.util.concurrent.locks.LockSupport.parkNanos(LockSupport.java:215)
        at java.util.concurrent.locks.AbstractQueuedSynchronizer$ConditionObject.awaitNanos(AbstractQueuedSynchronizer.java:2078)
        at java.util.concurrent.ScheduledThreadPoolExecutor$DelayedWorkQueue.take(ScheduledThreadPoolExecutor.java:1093)
        at java.util.concurrent.ScheduledThreadPoolExecutor$DelayedWorkQueue.take(ScheduledThreadPoolExecutor.java:809)
        at java.util.concurrent.ThreadPoolExecutor.getTask(ThreadPoolExecutor.java:1074)
        at java.util.concurrent.ThreadPoolExecutor.runWorker(ThreadPoolExecutor.java:1134)
        at java.util.concurrent.ThreadPoolExecutor$Worker.run(ThreadPoolExecutor.java:624)
        at java.lang.Thread.run(Thread.java:748)
"pool-66-thread-26"  prio=5 tid=663 in Object.wait()
java.lang.Thread.State: WAITING (on object monitor)
        at sun.misc.Unsafe.park(Native Method)
        at java.util.concurrent.locks.LockSupport.park(LockSupport.java:175)
        at java.util.concurrent.locks.AbstractQueuedSynchronizer$ConditionObject.await(AbstractQueuedSynchronizer.java:2039)
        at java.util.concurrent.ArrayBlockingQueue.take(ArrayBlockingQueue.java:403)
        at java.util.concurrent.ThreadPoolExecutor.getTask(ThreadPoolExecutor.java:1074)
        at java.util.concurrent.ThreadPoolExecutor.runWorker(ThreadPoolExecutor.java:1134)
        at java.util.concurrent.ThreadPoolExecutor$Worker.run(ThreadPoolExecutor.java:624)
        at java.lang.Thread.run(Thread.java:748)
"pool-46-thread-59"  prio=5 tid=583 in Object.wait()
java.lang.Thread.State: WAITING (on object monitor)
        at sun.misc.Unsafe.park(Native Method)
        at java.util.concurrent.locks.LockSupport.park(LockSupport.java:175)
        at java.util.concurrent.locks.AbstractQueuedSynchronizer$ConditionObject.await(AbstractQueuedSynchronizer.java:2039)
        at java.util.concurrent.ArrayBlockingQueue.take(ArrayBlockingQueue.java:403)
        at java.util.concurrent.ThreadPoolExecutor.getTask(ThreadPoolExecutor.java:1074)
        at java.util.concurrent.ThreadPoolExecutor.runWorker(ThreadPoolExecutor.java:1134)
        at java.util.concurrent.ThreadPoolExecutor$Worker.run(ThreadPoolExecutor.java:624)
        at java.lang.Thread.run(Thread.java:748)
"pool-36-thread-24"  prio=5 tid=436 in Object.wait()
java.lang.Thread.State: WAITING (on object monitor)
        at sun.misc.Unsafe.park(Native Method)
        at java.util.concurrent.locks.LockSupport.park(LockSupport.java:175)
        at java.util.concurrent.locks.AbstractQueuedSynchronizer$ConditionObject.await(AbstractQueuedSynchronizer.java:2039)
        at java.util.concurrent.ArrayBlockingQueue.take(ArrayBlockingQueue.java:403)
        at java.util.concurrent.ThreadPoolExecutor.getTask(ThreadPoolExecutor.java:1074)
        at java.util.concurrent.ThreadPoolExecutor.runWorker(ThreadPoolExecutor.java:1134)
        at java.util.concurrent.ThreadPoolExecutor$Worker.run(ThreadPoolExecutor.java:624)
        at java.lang.Thread.run(Thread.java:748)
"Datanode ReportManager Thread - 2" daemon prio=5 tid=281 in Object.wait()
java.lang.Thread.State: WAITING (on object monitor)
        at sun.misc.Unsafe.park(Native Method)
        at java.util.concurrent.locks.LockSupport.park(LockSupport.java:175)
        at java.util.concurrent.locks.AbstractQueuedSynchronizer$ConditionObject.await(AbstractQueuedSynchronizer.java:2039)
        at java.util.concurrent.ScheduledThreadPoolExecutor$DelayedWorkQueue.take(ScheduledThreadPoolExecutor.java:1088)
        at java.util.concurrent.ScheduledThreadPoolExecutor$DelayedWorkQueue.take(ScheduledThreadPoolExecutor.java:809)
        at java.util.concurrent.ThreadPoolExecutor.getTask(ThreadPoolExecutor.java:1074)
        at java.util.concurrent.ThreadPoolExecutor.runWorker(ThreadPoolExecutor.java:1134)
        at java.util.concurrent.ThreadPoolExecutor$Worker.run(ThreadPoolExecutor.java:624)
        at java.lang.Thread.run(Thread.java:748)
"pool-66-thread-8"  prio=5 tid=645 in Object.wait()
java.lang.Thread.State: WAITING (on object monitor)
        at sun.misc.Unsafe.park(Native Method)
        at java.util.concurrent.locks.LockSupport.park(LockSupport.java:175)
        at java.util.concurrent.locks.AbstractQueuedSynchronizer$ConditionObject.await(AbstractQueuedSynchronizer.java:2039)
        at java.util.concurrent.ArrayBlockingQueue.take(ArrayBlockingQueue.java:403)
        at java.util.concurrent.ThreadPoolExecutor.getTask(ThreadPoolExecutor.java:1074)
        at java.util.concurrent.ThreadPoolExecutor.runWorker(ThreadPoolExecutor.java:1134)
        at java.util.concurrent.ThreadPoolExecutor$Worker.run(ThreadPoolExecutor.java:624)
        at java.lang.Thread.run(Thread.java:748)
"Datanode ReportManager Thread - 1" daemon prio=5 tid=226 timed_waiting
java.lang.Thread.State: TIMED_WAITING
        at sun.misc.Unsafe.park(Native Method)
        at java.util.concurrent.locks.LockSupport.parkNanos(LockSupport.java:215)
        at java.util.concurrent.locks.AbstractQueuedSynchronizer$ConditionObject.awaitNanos(AbstractQueuedSynchronizer.java:2078)
        at java.util.concurrent.ScheduledThreadPoolExecutor$DelayedWorkQueue.take(ScheduledThreadPoolExecutor.java:1093)
        at java.util.concurrent.ScheduledThreadPoolExecutor$DelayedWorkQueue.take(ScheduledThreadPoolExecutor.java:809)
        at java.util.concurrent.ThreadPoolExecutor.getTask(ThreadPoolExecutor.java:1074)
        at java.util.concurrent.ThreadPoolExecutor.runWorker(ThreadPoolExecutor.java:1134)
        at java.util.concurrent.ThreadPoolExecutor$Worker.run(ThreadPoolExecutor.java:624)
        at java.lang.Thread.run(Thread.java:748)
"metrics-hadoop-metrics2-reporter-2-thread-1" daemon prio=5 tid=815 timed_waiting
java.lang.Thread.State: TIMED_WAITING
        at sun.misc.Unsafe.park(Native Method)
        at java.util.concurrent.locks.LockSupport.parkNanos(LockSupport.java:215)
        at java.util.concurrent.locks.AbstractQueuedSynchronizer$ConditionObject.awaitNanos(AbstractQueuedSynchronizer.java:2078)
        at java.util.concurrent.ScheduledThreadPoolExecutor$DelayedWorkQueue.take(ScheduledThreadPoolExecutor.java:1093)
        at java.util.concurrent.ScheduledThreadPoolExecutor$DelayedWorkQueue.take(ScheduledThreadPoolExecutor.java:809)
        at java.util.concurrent.ThreadPoolExecutor.getTask(ThreadPoolExecutor.java:1074)
        at java.util.concurrent.ThreadPoolExecutor.runWorker(ThreadPoolExecutor.java:1134)
        at java.util.concurrent.ThreadPoolExecutor$Worker.run(ThreadPoolExecutor.java:624)
        at java.lang.Thread.run(Thread.java:748)
"DataNode DiskChecker thread 0" daemon prio=5 tid=587 timed_waiting
java.lang.Thread.State: TIMED_WAITING
        at sun.misc.Unsafe.park(Native Method)
        at java.util.concurrent.locks.LockSupport.parkNanos(LockSupport.java:215)
        at java.util.concurrent.SynchronousQueue$TransferStack.awaitFulfill(SynchronousQueue.java:460)
        at java.util.concurrent.SynchronousQueue$TransferStack.transfer(SynchronousQueue.java:362)
        at java.util.concurrent.SynchronousQueue.poll(SynchronousQueue.java:941)
        at java.util.concurrent.ThreadPoolExecutor.getTask(ThreadPoolExecutor.java:1073)
        at java.util.concurrent.ThreadPoolExecutor.runWorker(ThreadPoolExecutor.java:1134)
        at java.util.concurrent.ThreadPoolExecutor$Worker.run(ThreadPoolExecutor.java:624)
        at java.lang.Thread.run(Thread.java:748)
"pool-26-thread-20"  prio=5 tid=402 in Object.wait()
java.lang.Thread.State: WAITING (on object monitor)
        at sun.misc.Unsafe.park(Native Method)
        at java.util.concurrent.locks.LockSupport.park(LockSupport.java:175)
        at java.util.concurrent.locks.AbstractQueuedSynchronizer$ConditionObject.await(AbstractQueuedSynchronizer.java:2039)
        at java.util.concurrent.ArrayBlockingQueue.take(ArrayBlockingQueue.java:403)
        at java.util.concurrent.ThreadPoolExecutor.getTask(ThreadPoolExecutor.java:1074)
        at java.util.concurrent.ThreadPoolExecutor.runWorker(ThreadPoolExecutor.java:1134)
        at java.util.concurrent.ThreadPoolExecutor$Worker.run(ThreadPoolExecutor.java:624)
        at java.lang.Thread.run(Thread.java:748)
"IPC Server idle connection scanner for port 40878" daemon prio=5 tid=20 timed_waiting
java.lang.Thread.State: TIMED_WAITING
        at java.lang.Object.wait(Native Method)
        at java.util.TimerThread.mainLoop(Timer.java:552)
        at java.util.TimerThread.run(Timer.java:505)
"metrics-hadoop-metrics2-reporter-15-thread-1" daemon prio=5 tid=974 timed_waiting
java.lang.Thread.State: TIMED_WAITING
        at sun.misc.Unsafe.park(Native Method)
        at java.util.concurrent.locks.LockSupport.parkNanos(LockSupport.java:215)
        at java.util.concurrent.locks.AbstractQueuedSynchronizer$ConditionObject.awaitNanos(AbstractQueuedSynchronizer.java:2078)
        at java.util.concurrent.ScheduledThreadPoolExecutor$DelayedWorkQueue.take(ScheduledThreadPoolExecutor.java:1093)
        at java.util.concurrent.ScheduledThreadPoolExecutor$DelayedWorkQueue.take(ScheduledThreadPoolExecutor.java:809)
        at java.util.concurrent.ThreadPoolExecutor.getTask(ThreadPoolExecutor.java:1074)
        at java.util.concurrent.ThreadPoolExecutor.runWorker(ThreadPoolExecutor.java:1134)
        at java.util.concurrent.ThreadPoolExecutor$Worker.run(ThreadPoolExecutor.java:624)
        at java.lang.Thread.run(Thread.java:748)
"pool-66-thread-3"  prio=5 tid=639 in Object.wait()
java.lang.Thread.State: WAITING (on object monitor)
        at sun.misc.Unsafe.park(Native Method)
        at java.util.concurrent.locks.LockSupport.park(LockSupport.java:175)
        at java.util.concurrent.locks.AbstractQueuedSynchronizer$ConditionObject.await(AbstractQueuedSynchronizer.java:2039)
        at java.util.concurrent.ArrayBlockingQueue.take(ArrayBlockingQueue.java:403)
        at java.util.concurrent.ThreadPoolExecutor.getTask(ThreadPoolExecutor.java:1074)
        at java.util.concurrent.ThreadPoolExecutor.runWorker(ThreadPoolExecutor.java:1134)
        at java.util.concurrent.ThreadPoolExecutor$Worker.run(ThreadPoolExecutor.java:624)
        at java.lang.Thread.run(Thread.java:748)
"qtp142993407-394" daemon prio=5 tid=394 timed_waiting
java.lang.Thread.State: TIMED_WAITING
        at sun.misc.Unsafe.park(Native Method)
        at java.util.concurrent.locks.LockSupport.parkNanos(LockSupport.java:215)
        at java.util.concurrent.locks.AbstractQueuedSynchronizer$ConditionObject.awaitNanos(AbstractQueuedSynchronizer.java:2078)
        at org.eclipse.jetty.util.BlockingArrayQueue.poll(BlockingArrayQueue.java:392)
        at org.eclipse.jetty.util.thread.QueuedThreadPool.idleJobPoll(QueuedThreadPool.java:563)
        at org.eclipse.jetty.util.thread.QueuedThreadPool.access$800(QueuedThreadPool.java:48)
        at org.eclipse.jetty.util.thread.QueuedThreadPool$2.run(QueuedThreadPool.java:626)
        at java.lang.Thread.run(Thread.java:748)
"IPC Server handler 3 on 37838" daemon prio=5 tid=72 timed_waiting
java.lang.Thread.State: TIMED_WAITING
        at sun.misc.Unsafe.park(Native Method)
        at java.util.concurrent.locks.LockSupport.parkNanos(LockSupport.java:215)
        at java.util.concurrent.locks.AbstractQueuedSynchronizer$ConditionObject.awaitNanos(AbstractQueuedSynchronizer.java:2078)
        at java.util.concurrent.LinkedBlockingQueue.poll(LinkedBlockingQueue.java:467)
        at org.apache.hadoop.ipc.CallQueueManager.take(CallQueueManager.java:288)
        at org.apache.hadoop.ipc.Server$Handler.run(Server.java:2668)
"pool-46-thread-24"  prio=5 tid=420 in Object.wait()
java.lang.Thread.State: WAITING (on object monitor)
        at sun.misc.Unsafe.park(Native Method)
        at java.util.concurrent.locks.LockSupport.park(LockSupport.java:175)
        at java.util.concurrent.locks.AbstractQueuedSynchronizer$ConditionObject.await(AbstractQueuedSynchronizer.java:2039)
        at java.util.concurrent.ArrayBlockingQueue.take(ArrayBlockingQueue.java:403)
        at java.util.concurrent.ThreadPoolExecutor.getTask(ThreadPoolExecutor.java:1074)
        at java.util.concurrent.ThreadPoolExecutor.runWorker(ThreadPoolExecutor.java:1134)
        at java.util.concurrent.ThreadPoolExecutor$Worker.run(ThreadPoolExecutor.java:624)
        at java.lang.Thread.run(Thread.java:748)
"Thread-421" daemon prio=5 tid=1298 timed_waiting
java.lang.Thread.State: TIMED_WAITING
        at java.lang.Thread.sleep(Native Method)
        at org.apache.ratis.util.JavaUtils.sleep(JavaUtils.java:247)
        at org.apache.ratis.server.impl.FollowerState.run(FollowerState.java:97)
"org.apache.ratis.server.impl.LogAppender$AppenderDaemon$$Lambda$565/1288450225@648a24f4" daemon prio=5 tid=1287 timed_waiting
java.lang.Thread.State: TIMED_WAITING
        at java.lang.Object.wait(Native Method)
        at org.apache.ratis.grpc.server.GrpcLogAppender.mayWait(GrpcLogAppender.java:141)
        at org.apache.ratis.grpc.server.GrpcLogAppender.runAppenderImpl(GrpcLogAppender.java:95)
        at org.apache.ratis.server.impl.LogAppender$AppenderDaemon.run(LogAppender.java:76)
        at org.apache.ratis.server.impl.LogAppender$AppenderDaemon$$Lambda$565/1288450225.run(Unknown Source)
        at java.lang.Thread.run(Thread.java:748)
"pool-46-thread-52"  prio=5 tid=565 in Object.wait()
java.lang.Thread.State: WAITING (on object monitor)
        at sun.misc.Unsafe.park(Native Method)
        at java.util.concurrent.locks.LockSupport.park(LockSupport.java:175)
        at java.util.concurrent.locks.AbstractQueuedSynchronizer$ConditionObject.await(AbstractQueuedSynchronizer.java:2039)
        at java.util.concurrent.ArrayBlockingQueue.take(ArrayBlockingQueue.java:403)
        at java.util.concurrent.ThreadPoolExecutor.getTask(ThreadPoolExecutor.java:1074)
        at java.util.concurrent.ThreadPoolExecutor.runWorker(ThreadPoolExecutor.java:1134)
        at java.util.concurrent.ThreadPoolExecutor$Worker.run(ThreadPoolExecutor.java:624)
        at java.lang.Thread.run(Thread.java:748)
"pool-66-thread-50"  prio=5 tid=695 in Object.wait()
java.lang.Thread.State: WAITING (on object monitor)
        at sun.misc.Unsafe.park(Native Method)
        at java.util.concurrent.locks.LockSupport.park(LockSupport.java:175)
        at java.util.concurrent.locks.AbstractQueuedSynchronizer$ConditionObject.await(AbstractQueuedSynchronizer.java:2039)
        at java.util.concurrent.ArrayBlockingQueue.take(ArrayBlockingQueue.java:403)
        at java.util.concurrent.ThreadPoolExecutor.getTask(ThreadPoolExecutor.java:1074)
        at java.util.concurrent.ThreadPoolExecutor.runWorker(ThreadPoolExecutor.java:1134)
        at java.util.concurrent.ThreadPoolExecutor$Worker.run(ThreadPoolExecutor.java:624)
        at java.lang.Thread.run(Thread.java:748)
"Datanode ReportManager Thread - 1" daemon prio=5 tid=199 timed_waiting
java.lang.Thread.State: TIMED_WAITING
        at sun.misc.Unsafe.park(Native Method)
        at java.util.concurrent.locks.LockSupport.parkNanos(LockSupport.java:215)
        at java.util.concurrent.locks.AbstractQueuedSynchronizer$ConditionObject.awaitNanos(AbstractQueuedSynchronizer.java:2078)
        at java.util.concurrent.ScheduledThreadPoolExecutor$DelayedWorkQueue.take(ScheduledThreadPoolExecutor.java:1093)
        at java.util.concurrent.ScheduledThreadPoolExecutor$DelayedWorkQueue.take(ScheduledThreadPoolExecutor.java:809)
        at java.util.concurrent.ThreadPoolExecutor.getTask(ThreadPoolExecutor.java:1074)
        at java.util.concurrent.ThreadPoolExecutor.runWorker(ThreadPoolExecutor.java:1134)
        at java.util.concurrent.ThreadPoolExecutor$Worker.run(ThreadPoolExecutor.java:624)
        at java.lang.Thread.run(Thread.java:748)
"pool-26-thread-31"  prio=5 tid=442 in Object.wait()
java.lang.Thread.State: WAITING (on object monitor)
        at sun.misc.Unsafe.park(Native Method)
        at java.util.concurrent.locks.LockSupport.park(LockSupport.java:175)
        at java.util.concurrent.locks.AbstractQueuedSynchronizer$ConditionObject.await(AbstractQueuedSynchronizer.java:2039)
        at java.util.concurrent.ArrayBlockingQueue.take(ArrayBlockingQueue.java:403)
        at java.util.concurrent.ThreadPoolExecutor.getTask(ThreadPoolExecutor.java:1074)
        at java.util.concurrent.ThreadPoolExecutor.runWorker(ThreadPoolExecutor.java:1134)
        at java.util.concurrent.ThreadPoolExecutor$Worker.run(ThreadPoolExecutor.java:624)
        at java.lang.Thread.run(Thread.java:748)
"org.eclipse.jetty.server.session.HashSessionManager@1859e2a4Timer" daemon prio=5 tid=250 timed_waiting
java.lang.Thread.State: TIMED_WAITING
        at sun.misc.Unsafe.park(Native Method)
        at java.util.concurrent.locks.LockSupport.parkNanos(LockSupport.java:215)
        at java.util.concurrent.locks.AbstractQueuedSynchronizer$ConditionObject.awaitNanos(AbstractQueuedSynchronizer.java:2078)
        at java.util.concurrent.ScheduledThreadPoolExecutor$DelayedWorkQueue.take(ScheduledThreadPoolExecutor.java:1093)
        at java.util.concurrent.ScheduledThreadPoolExecutor$DelayedWorkQueue.take(ScheduledThreadPoolExecutor.java:809)
        at java.util.concurrent.ThreadPoolExecutor.getTask(ThreadPoolExecutor.java:1074)
        at java.util.concurrent.ThreadPoolExecutor.runWorker(ThreadPoolExecutor.java:1134)
        at java.util.concurrent.ThreadPoolExecutor$Worker.run(ThreadPoolExecutor.java:624)
        at java.lang.Thread.run(Thread.java:748)
"d3056189-9fd1-4309-9520-f49ad506b671@group-01AE132E748A-SegmentedRaftLogWorker"  prio=5 tid=1185 timed_waiting
java.lang.Thread.State: TIMED_WAITING
        at sun.misc.Unsafe.park(Native Method)
        at java.util.concurrent.locks.LockSupport.parkNanos(LockSupport.java:215)
        at java.util.concurrent.locks.AbstractQueuedSynchronizer$ConditionObject.awaitNanos(AbstractQueuedSynchronizer.java:2078)
        at org.apache.ratis.util.DataBlockingQueue.poll(DataBlockingQueue.java:137)
        at org.apache.ratis.server.raftlog.segmented.SegmentedRaftLogWorker.run(SegmentedRaftLogWorker.java:282)
        at java.lang.Thread.run(Thread.java:748)
"pool-46-thread-11"  prio=5 tid=353 in Object.wait()
java.lang.Thread.State: WAITING (on object monitor)
        at sun.misc.Unsafe.park(Native Method)
        at java.util.concurrent.locks.LockSupport.park(LockSupport.java:175)
        at java.util.concurrent.locks.AbstractQueuedSynchronizer$ConditionObject.await(AbstractQueuedSynchronizer.java:2039)
        at java.util.concurrent.ArrayBlockingQueue.take(ArrayBlockingQueue.java:403)
        at java.util.concurrent.ThreadPoolExecutor.getTask(ThreadPoolExecutor.java:1074)
        at java.util.concurrent.ThreadPoolExecutor.runWorker(ThreadPoolExecutor.java:1134)
        at java.util.concurrent.ThreadPoolExecutor$Worker.run(ThreadPoolExecutor.java:624)
        at java.lang.Thread.run(Thread.java:748)
"pool-86-thread-60"  prio=5 tid=878 in Object.wait()
java.lang.Thread.State: WAITING (on object monitor)
        at sun.misc.Unsafe.park(Native Method)
        at java.util.concurrent.locks.LockSupport.park(LockSupport.java:175)
        at java.util.concurrent.locks.AbstractQueuedSynchronizer$ConditionObject.await(AbstractQueuedSynchronizer.java:2039)
        at java.util.concurrent.ArrayBlockingQueue.take(ArrayBlockingQueue.java:403)
        at java.util.concurrent.ThreadPoolExecutor.getTask(ThreadPoolExecutor.java:1074)
        at java.util.concurrent.ThreadPoolExecutor.runWorker(ThreadPoolExecutor.java:1134)
        at java.util.concurrent.ThreadPoolExecutor$Worker.run(ThreadPoolExecutor.java:624)
        at java.lang.Thread.run(Thread.java:748)
"metrics-hadoop-metrics2-reporter-61-thread-1" daemon prio=5 tid=1302 timed_waiting
java.lang.Thread.State: TIMED_WAITING
        at sun.misc.Unsafe.park(Native Method)
        at java.util.concurrent.locks.LockSupport.parkNanos(LockSupport.java:215)
        at java.util.concurrent.locks.AbstractQueuedSynchronizer$ConditionObject.awaitNanos(AbstractQueuedSynchronizer.java:2078)
        at java.util.concurrent.ScheduledThreadPoolExecutor$DelayedWorkQueue.take(ScheduledThreadPoolExecutor.java:1093)
        at java.util.concurrent.ScheduledThreadPoolExecutor$DelayedWorkQueue.take(ScheduledThreadPoolExecutor.java:809)
        at java.util.concurrent.ThreadPoolExecutor.getTask(ThreadPoolExecutor.java:1074)
        at java.util.concurrent.ThreadPoolExecutor.runWorker(ThreadPoolExecutor.java:1134)
        at java.util.concurrent.ThreadPoolExecutor$Worker.run(ThreadPoolExecutor.java:624)
        at java.lang.Thread.run(Thread.java:748)
"pool-36-thread-18"  prio=5 tid=405 in Object.wait()
java.lang.Thread.State: WAITING (on object monitor)
        at sun.misc.Unsafe.park(Native Method)
        at java.util.concurrent.locks.LockSupport.park(LockSupport.java:175)
        at java.util.concurrent.locks.AbstractQueuedSynchronizer$ConditionObject.await(AbstractQueuedSynchronizer.java:2039)
        at java.util.concurrent.ArrayBlockingQueue.take(ArrayBlockingQueue.java:403)
        at java.util.concurrent.ThreadPoolExecutor.getTask(ThreadPoolExecutor.java:1074)
        at java.util.concurrent.ThreadPoolExecutor.runWorker(ThreadPoolExecutor.java:1134)
        at java.util.concurrent.ThreadPoolExecutor$Worker.run(ThreadPoolExecutor.java:624)
        at java.lang.Thread.run(Thread.java:748)
"IPC Server handler 17 on 39235" daemon prio=5 tid=46 timed_waiting
java.lang.Thread.State: TIMED_WAITING
        at sun.misc.Unsafe.park(Native Method)
        at java.util.concurrent.locks.LockSupport.parkNanos(LockSupport.java:215)
        at java.util.concurrent.locks.AbstractQueuedSynchronizer$ConditionObject.awaitNanos(AbstractQueuedSynchronizer.java:2078)
        at java.util.concurrent.LinkedBlockingQueue.poll(LinkedBlockingQueue.java:467)
        at org.apache.hadoop.ipc.CallQueueManager.take(CallQueueManager.java:288)
        at org.apache.hadoop.ipc.Server$Handler.run(Server.java:2668)
"metrics-hadoop-metrics2-reporter-30-thread-1" daemon prio=5 tid=1145 timed_waiting
java.lang.Thread.State: TIMED_WAITING
        at sun.misc.Unsafe.park(Native Method)
        at java.util.concurrent.locks.LockSupport.parkNanos(LockSupport.java:215)
        at java.util.concurrent.locks.AbstractQueuedSynchronizer$ConditionObject.awaitNanos(AbstractQueuedSynchronizer.java:2078)
        at java.util.concurrent.ScheduledThreadPoolExecutor$DelayedWorkQueue.take(ScheduledThreadPoolExecutor.java:1093)
        at java.util.concurrent.ScheduledThreadPoolExecutor$DelayedWorkQueue.take(ScheduledThreadPoolExecutor.java:809)
        at java.util.concurrent.ThreadPoolExecutor.getTask(ThreadPoolExecutor.java:1074)
        at java.util.concurrent.ThreadPoolExecutor.runWorker(ThreadPoolExecutor.java:1134)
        at java.util.concurrent.ThreadPoolExecutor$Worker.run(ThreadPoolExecutor.java:624)
        at java.lang.Thread.run(Thread.java:748)
"refreshUsed-/workdir/hadoop-ozone/integration-test/target/test-dir/MiniOzoneClusterImpl-fc727f2e-e877-4159-90ff-4473a18561dc/datanode-4/data/containers" daemon prio=5 tid=262 timed_waiting
java.lang.Thread.State: TIMED_WAITING
        at java.lang.Thread.sleep(Native Method)
        at org.apache.hadoop.fs.CachingGetSpaceUsed$RefreshThread.run(CachingGetSpaceUsed.java:179)
        at java.lang.Thread.run(Thread.java:748)
"IPC Server handler 8 on 37221" daemon prio=5 tid=123 timed_waiting
java.lang.Thread.State: TIMED_WAITING
        at sun.misc.Unsafe.park(Native Method)
        at java.util.concurrent.locks.LockSupport.parkNanos(LockSupport.java:215)
        at java.util.concurrent.locks.AbstractQueuedSynchronizer$ConditionObject.awaitNanos(AbstractQueuedSynchronizer.java:2078)
        at java.util.concurrent.LinkedBlockingQueue.poll(LinkedBlockingQueue.java:467)
        at org.apache.hadoop.ipc.CallQueueManager.take(CallQueueManager.java:288)
        at org.apache.hadoop.ipc.Server$Handler.run(Server.java:2668)
"pool-117-thread-25"  prio=5 tid=1084 in Object.wait()
java.lang.Thread.State: WAITING (on object monitor)
        at sun.misc.Unsafe.park(Native Method)
        at java.util.concurrent.locks.LockSupport.park(LockSupport.java:175)
        at java.util.concurrent.locks.AbstractQueuedSynchronizer$ConditionObject.await(AbstractQueuedSynchronizer.java:2039)
        at java.util.concurrent.ArrayBlockingQueue.take(ArrayBlockingQueue.java:403)
        at java.util.concurrent.ThreadPoolExecutor.getTask(ThreadPoolExecutor.java:1074)
        at java.util.concurrent.ThreadPoolExecutor.runWorker(ThreadPoolExecutor.java:1134)
        at java.util.concurrent.ThreadPoolExecutor$Worker.run(ThreadPoolExecutor.java:624)
        at java.lang.Thread.run(Thread.java:748)
"Command processor thread" daemon prio=5 tid=256 timed_waiting
java.lang.Thread.State: TIMED_WAITING
        at java.lang.Thread.sleep(Native Method)
        at org.apache.hadoop.ozone.container.common.statemachine.DatanodeStateMachine.lambda$initCommandHandlerThread$1(DatanodeStateMachine.java:439)
        at org.apache.hadoop.ozone.container.common.statemachine.DatanodeStateMachine$$Lambda$141/1487479796.run(Unknown Source)
        at java.lang.Thread.run(Thread.java:748)
"PartialTableCache Cleanup Thread - 0" daemon prio=5 tid=1209 in Object.wait()
java.lang.Thread.State: WAITING (on object monitor)
        at sun.misc.Unsafe.park(Native Method)
        at java.util.concurrent.locks.LockSupport.park(LockSupport.java:175)
        at java.util.concurrent.locks.AbstractQueuedSynchronizer$ConditionObject.await(AbstractQueuedSynchronizer.java:2039)
        at java.util.concurrent.LinkedBlockingQueue.take(LinkedBlockingQueue.java:442)
        at java.util.concurrent.ThreadPoolExecutor.getTask(ThreadPoolExecutor.java:1074)
        at java.util.concurrent.ThreadPoolExecutor.runWorker(ThreadPoolExecutor.java:1134)
        at java.util.concurrent.ThreadPoolExecutor$Worker.run(ThreadPoolExecutor.java:624)
        at java.lang.Thread.run(Thread.java:748)
"pool-46-thread-55"  prio=5 tid=572 in Object.wait()
java.lang.Thread.State: WAITING (on object monitor)
        at sun.misc.Unsafe.park(Native Method)
        at java.util.concurrent.locks.LockSupport.park(LockSupport.java:175)
        at java.util.concurrent.locks.AbstractQueuedSynchronizer$ConditionObject.await(AbstractQueuedSynchronizer.java:2039)
        at java.util.concurrent.ArrayBlockingQueue.take(ArrayBlockingQueue.java:403)
        at java.util.concurrent.ThreadPoolExecutor.getTask(ThreadPoolExecutor.java:1074)
        at java.util.concurrent.ThreadPoolExecutor.runWorker(ThreadPoolExecutor.java:1134)
        at java.util.concurrent.ThreadPoolExecutor$Worker.run(ThreadPoolExecutor.java:624)
        at java.lang.Thread.run(Thread.java:748)
"org.apache.hadoop.util.JvmPauseMonitor$Monitor@7d187923" daemon prio=5 tid=314 timed_waiting
java.lang.Thread.State: TIMED_WAITING
        at java.lang.Thread.sleep(Native Method)
        at org.apache.hadoop.util.JvmPauseMonitor$Monitor.run(JvmPauseMonitor.java:192)
        at java.lang.Thread.run(Thread.java:748)
"96fc05bb-33c2-44fe-bb42-67c5c3eec278@group-01AE132E748A-StateMachineUpdater" daemon prio=5 tid=1184 in Object.wait()
java.lang.Thread.State: WAITING (on object monitor)
        at java.lang.Object.wait(Native Method)
        at java.lang.Object.wait(Object.java:502)
        at org.apache.ratis.server.impl.StateMachineUpdater.waitForCommit(StateMachineUpdater.java:194)
        at org.apache.ratis.server.impl.StateMachineUpdater.run(StateMachineUpdater.java:159)
        at java.lang.Thread.run(Thread.java:748)
"pool-107-thread-1"  prio=5 tid=1147 in Object.wait()
java.lang.Thread.State: WAITING (on object monitor)
        at sun.misc.Unsafe.park(Native Method)
        at java.util.concurrent.locks.LockSupport.park(LockSupport.java:175)
        at java.util.concurrent.locks.AbstractQueuedSynchronizer$ConditionObject.await(AbstractQueuedSynchronizer.java:2039)
        at java.util.concurrent.LinkedBlockingQueue.take(LinkedBlockingQueue.java:442)
        at java.util.concurrent.ThreadPoolExecutor.getTask(ThreadPoolExecutor.java:1074)
        at java.util.concurrent.ThreadPoolExecutor.runWorker(ThreadPoolExecutor.java:1134)
        at java.util.concurrent.ThreadPoolExecutor$Worker.run(ThreadPoolExecutor.java:624)
        at java.lang.Thread.run(Thread.java:748)
"Datanode ReportManager Thread - 0" daemon prio=5 tid=309 timed_waiting
java.lang.Thread.State: TIMED_WAITING
        at sun.misc.Unsafe.park(Native Method)
        at java.util.concurrent.locks.LockSupport.parkNanos(LockSupport.java:215)
        at java.util.concurrent.locks.AbstractQueuedSynchronizer$ConditionObject.awaitNanos(AbstractQueuedSynchronizer.java:2078)
        at java.util.concurrent.ScheduledThreadPoolExecutor$DelayedWorkQueue.take(ScheduledThreadPoolExecutor.java:1093)
        at java.util.concurrent.ScheduledThreadPoolExecutor$DelayedWorkQueue.take(ScheduledThreadPoolExecutor.java:809)
        at java.util.concurrent.ThreadPoolExecutor.getTask(ThreadPoolExecutor.java:1074)
        at java.util.concurrent.ThreadPoolExecutor.runWorker(ThreadPoolExecutor.java:1134)
        at java.util.concurrent.ThreadPoolExecutor$Worker.run(ThreadPoolExecutor.java:624)
        at java.lang.Thread.run(Thread.java:748)
"Periodic HDDS volume checker"  prio=5 tid=206 timed_waiting
java.lang.Thread.State: TIMED_WAITING
        at sun.misc.Unsafe.park(Native Method)
        at java.util.concurrent.locks.LockSupport.parkNanos(LockSupport.java:215)
        at java.util.concurrent.locks.AbstractQueuedSynchronizer$ConditionObject.awaitNanos(AbstractQueuedSynchronizer.java:2078)
        at java.util.concurrent.ScheduledThreadPoolExecutor$DelayedWorkQueue.take(ScheduledThreadPoolExecutor.java:1093)
        at java.util.concurrent.ScheduledThreadPoolExecutor$DelayedWorkQueue.take(ScheduledThreadPoolExecutor.java:809)
        at java.util.concurrent.ThreadPoolExecutor.getTask(ThreadPoolExecutor.java:1074)
        at java.util.concurrent.ThreadPoolExecutor.runWorker(ThreadPoolExecutor.java:1134)
        at java.util.concurrent.ThreadPoolExecutor$Worker.run(ThreadPoolExecutor.java:624)
        at java.lang.Thread.run(Thread.java:748)
"BlockDeletingService#0" daemon prio=5 tid=710 timed_waiting
java.lang.Thread.State: TIMED_WAITING
        at sun.misc.Unsafe.park(Native Method)
        at java.util.concurrent.locks.LockSupport.parkNanos(LockSupport.java:215)
        at java.util.concurrent.locks.AbstractQueuedSynchronizer$ConditionObject.awaitNanos(AbstractQueuedSynchronizer.java:2078)
        at java.util.concurrent.ScheduledThreadPoolExecutor$DelayedWorkQueue.take(ScheduledThreadPoolExecutor.java:1093)
        at java.util.concurrent.ScheduledThreadPoolExecutor$DelayedWorkQueue.take(ScheduledThreadPoolExecutor.java:809)
        at java.util.concurrent.ThreadPoolExecutor.getTask(ThreadPoolExecutor.java:1074)
        at java.util.concurrent.ThreadPoolExecutor.runWorker(ThreadPoolExecutor.java:1134)
        at java.util.concurrent.ThreadPoolExecutor$Worker.run(ThreadPoolExecutor.java:624)
        at java.lang.Thread.run(Thread.java:748)
"pool-56-thread-43"  prio=5 tid=515 in Object.wait()
java.lang.Thread.State: WAITING (on object monitor)
        at sun.misc.Unsafe.park(Native Method)
        at java.util.concurrent.locks.LockSupport.park(LockSupport.java:175)
        at java.util.concurrent.locks.AbstractQueuedSynchronizer$ConditionObject.await(AbstractQueuedSynchronizer.java:2039)
        at java.util.concurrent.ArrayBlockingQueue.take(ArrayBlockingQueue.java:403)
        at java.util.concurrent.ThreadPoolExecutor.getTask(ThreadPoolExecutor.java:1074)
        at java.util.concurrent.ThreadPoolExecutor.runWorker(ThreadPoolExecutor.java:1134)
        at java.util.concurrent.ThreadPoolExecutor$Worker.run(ThreadPoolExecutor.java:624)
        at java.lang.Thread.run(Thread.java:748)
"qtp934617920-594" daemon prio=5 tid=594 timed_waiting
java.lang.Thread.State: TIMED_WAITING
        at sun.misc.Unsafe.park(Native Method)
        at java.util.concurrent.locks.LockSupport.parkNanos(LockSupport.java:215)
        at java.util.concurrent.locks.AbstractQueuedSynchronizer$ConditionObject.awaitNanos(AbstractQueuedSynchronizer.java:2078)
        at org.eclipse.jetty.util.BlockingArrayQueue.poll(BlockingArrayQueue.java:392)
        at org.eclipse.jetty.util.thread.QueuedThreadPool.idleJobPoll(QueuedThreadPool.java:563)
        at org.eclipse.jetty.util.thread.QueuedThreadPool.access$800(QueuedThreadPool.java:48)
        at org.eclipse.jetty.util.thread.QueuedThreadPool$2.run(QueuedThreadPool.java:626)
        at java.lang.Thread.run(Thread.java:748)
"pool-106-thread-38"  prio=5 tid=1017 in Object.wait()
java.lang.Thread.State: WAITING (on object monitor)
        at sun.misc.Unsafe.park(Native Method)
        at java.util.concurrent.locks.LockSupport.park(LockSupport.java:175)
        at java.util.concurrent.locks.AbstractQueuedSynchronizer$ConditionObject.await(AbstractQueuedSynchronizer.java:2039)
        at java.util.concurrent.ArrayBlockingQueue.take(ArrayBlockingQueue.java:403)
        at java.util.concurrent.ThreadPoolExecutor.getTask(ThreadPoolExecutor.java:1074)
        at java.util.concurrent.ThreadPoolExecutor.runWorker(ThreadPoolExecutor.java:1134)
        at java.util.concurrent.ThreadPoolExecutor$Worker.run(ThreadPoolExecutor.java:624)
        at java.lang.Thread.run(Thread.java:748)
"pool-86-thread-9"  prio=5 tid=827 in Object.wait()
java.lang.Thread.State: WAITING (on object monitor)
        at sun.misc.Unsafe.park(Native Method)
        at java.util.concurrent.locks.LockSupport.park(LockSupport.java:175)
        at java.util.concurrent.locks.AbstractQueuedSynchronizer$ConditionObject.await(AbstractQueuedSynchronizer.java:2039)
        at java.util.concurrent.ArrayBlockingQueue.take(ArrayBlockingQueue.java:403)
        at java.util.concurrent.ThreadPoolExecutor.getTask(ThreadPoolExecutor.java:1074)
        at java.util.concurrent.ThreadPoolExecutor.runWorker(ThreadPoolExecutor.java:1134)
        at java.util.concurrent.ThreadPoolExecutor$Worker.run(ThreadPoolExecutor.java:624)
        at java.lang.Thread.run(Thread.java:748)
"pool-36-thread-52"  prio=5 tid=558 in Object.wait()
java.lang.Thread.State: WAITING (on object monitor)
        at sun.misc.Unsafe.park(Native Method)
        at java.util.concurrent.locks.LockSupport.park(LockSupport.java:175)
        at java.util.concurrent.locks.AbstractQueuedSynchronizer$ConditionObject.await(AbstractQueuedSynchronizer.java:2039)
        at java.util.concurrent.ArrayBlockingQueue.take(ArrayBlockingQueue.java:403)
        at java.util.concurrent.ThreadPoolExecutor.getTask(ThreadPoolExecutor.java:1074)
        at java.util.concurrent.ThreadPoolExecutor.runWorker(ThreadPoolExecutor.java:1134)
        at java.util.concurrent.ThreadPoolExecutor$Worker.run(ThreadPoolExecutor.java:624)
        at java.lang.Thread.run(Thread.java:748)
"pool-117-thread-60"  prio=5 tid=1119 in Object.wait()
java.lang.Thread.State: WAITING (on object monitor)
        at sun.misc.Unsafe.park(Native Method)
        at java.util.concurrent.locks.LockSupport.park(LockSupport.java:175)
        at java.util.concurrent.locks.AbstractQueuedSynchronizer$ConditionObject.await(AbstractQueuedSynchronizer.java:2039)
        at java.util.concurrent.ArrayBlockingQueue.take(ArrayBlockingQueue.java:403)
        at java.util.concurrent.ThreadPoolExecutor.getTask(ThreadPoolExecutor.java:1074)
        at java.util.concurrent.ThreadPoolExecutor.runWorker(ThreadPoolExecutor.java:1134)
        at java.util.concurrent.ThreadPoolExecutor$Worker.run(ThreadPoolExecutor.java:624)
        at java.lang.Thread.run(Thread.java:748)
"IPC Server listener on 37838" daemon prio=5 tid=14 runnable
java.lang.Thread.State: RUNNABLE
        at sun.nio.ch.EPollArrayWrapper.epollWait(Native Method)
        at sun.nio.ch.EPollArrayWrapper.poll(EPollArrayWrapper.java:269)
        at sun.nio.ch.EPollSelectorImpl.doSelect(EPollSelectorImpl.java:93)
        at sun.nio.ch.SelectorImpl.lockAndDoSelect(SelectorImpl.java:86)
        at sun.nio.ch.SelectorImpl.select(SelectorImpl.java:97)
        at sun.nio.ch.SelectorImpl.select(SelectorImpl.java:101)
        at org.apache.hadoop.ipc.Server$Listener.run(Server.java:1159)
"pool-100-thread-1"  prio=5 tid=590 timed_waiting
java.lang.Thread.State: TIMED_WAITING
        at sun.misc.Unsafe.park(Native Method)
        at java.util.concurrent.locks.LockSupport.parkNanos(LockSupport.java:215)
        at java.util.concurrent.locks.AbstractQueuedSynchronizer$ConditionObject.awaitNanos(AbstractQueuedSynchronizer.java:2078)
        at java.util.concurrent.ScheduledThreadPoolExecutor$DelayedWorkQueue.take(ScheduledThreadPoolExecutor.java:1093)
        at java.util.concurrent.ScheduledThreadPoolExecutor$DelayedWorkQueue.take(ScheduledThreadPoolExecutor.java:809)
        at java.util.concurrent.ThreadPoolExecutor.getTask(ThreadPoolExecutor.java:1074)
        at java.util.concurrent.ThreadPoolExecutor.runWorker(ThreadPoolExecutor.java:1134)
        at java.util.concurrent.ThreadPoolExecutor$Worker.run(ThreadPoolExecutor.java:624)
        at java.lang.Thread.run(Thread.java:748)
"pool-46-thread-35"  prio=5 tid=484 in Object.wait()
java.lang.Thread.State: WAITING (on object monitor)
        at sun.misc.Unsafe.park(Native Method)
        at java.util.concurrent.locks.LockSupport.park(LockSupport.java:175)
        at java.util.concurrent.locks.AbstractQueuedSynchronizer$ConditionObject.await(AbstractQueuedSynchronizer.java:2039)
        at java.util.concurrent.ArrayBlockingQueue.take(ArrayBlockingQueue.java:403)
        at java.util.concurrent.ThreadPoolExecutor.getTask(ThreadPoolExecutor.java:1074)
        at java.util.concurrent.ThreadPoolExecutor.runWorker(ThreadPoolExecutor.java:1134)
        at java.util.concurrent.ThreadPoolExecutor$Worker.run(ThreadPoolExecutor.java:624)
        at java.lang.Thread.run(Thread.java:748)
"pool-26-thread-37"  prio=5 tid=455 in Object.wait()
java.lang.Thread.State: WAITING (on object monitor)
        at sun.misc.Unsafe.park(Native Method)
        at java.util.concurrent.locks.LockSupport.park(LockSupport.java:175)
        at java.util.concurrent.locks.AbstractQueuedSynchronizer$ConditionObject.await(AbstractQueuedSynchronizer.java:2039)
        at java.util.concurrent.ArrayBlockingQueue.take(ArrayBlockingQueue.java:403)
        at java.util.concurrent.ThreadPoolExecutor.getTask(ThreadPoolExecutor.java:1074)
        at java.util.concurrent.ThreadPoolExecutor.runWorker(ThreadPoolExecutor.java:1134)
        at java.util.concurrent.ThreadPoolExecutor$Worker.run(ThreadPoolExecutor.java:624)
        at java.lang.Thread.run(Thread.java:748)
"pool-66-thread-53"  prio=5 tid=698 in Object.wait()
java.lang.Thread.State: WAITING (on object monitor)
        at sun.misc.Unsafe.park(Native Method)
        at java.util.concurrent.locks.LockSupport.park(LockSupport.java:175)
        at java.util.concurrent.locks.AbstractQueuedSynchronizer$ConditionObject.await(AbstractQueuedSynchronizer.java:2039)
        at java.util.concurrent.ArrayBlockingQueue.take(ArrayBlockingQueue.java:403)
        at java.util.concurrent.ThreadPoolExecutor.getTask(ThreadPoolExecutor.java:1074)
        at java.util.concurrent.ThreadPoolExecutor.runWorker(ThreadPoolExecutor.java:1134)
        at java.util.concurrent.ThreadPoolExecutor$Worker.run(ThreadPoolExecutor.java:624)
        at java.lang.Thread.run(Thread.java:748)
"IPC Server handler 13 on 39235" daemon prio=5 tid=42 timed_waiting
java.lang.Thread.State: TIMED_WAITING
        at sun.misc.Unsafe.park(Native Method)
        at java.util.concurrent.locks.LockSupport.parkNanos(LockSupport.java:215)
        at java.util.concurrent.locks.AbstractQueuedSynchronizer$ConditionObject.awaitNanos(AbstractQueuedSynchronizer.java:2078)
        at java.util.concurrent.LinkedBlockingQueue.poll(LinkedBlockingQueue.java:467)
        at org.apache.hadoop.ipc.CallQueueManager.take(CallQueueManager.java:288)
        at org.apache.hadoop.ipc.Server$Handler.run(Server.java:2668)
"pool-56-thread-40"  prio=5 tid=492 in Object.wait()
java.lang.Thread.State: WAITING (on object monitor)
        at sun.misc.Unsafe.park(Native Method)
        at java.util.concurrent.locks.LockSupport.park(LockSupport.java:175)
        at java.util.concurrent.locks.AbstractQueuedSynchronizer$ConditionObject.await(AbstractQueuedSynchronizer.java:2039)
        at java.util.concurrent.ArrayBlockingQueue.take(ArrayBlockingQueue.java:403)
        at java.util.concurrent.ThreadPoolExecutor.getTask(ThreadPoolExecutor.java:1074)
        at java.util.concurrent.ThreadPoolExecutor.runWorker(ThreadPoolExecutor.java:1134)
        at java.util.concurrent.ThreadPoolExecutor$Worker.run(ThreadPoolExecutor.java:624)
        at java.lang.Thread.run(Thread.java:748)
"org.eclipse.jetty.server.session.HashSessionManager@5b22b970Timer" daemon prio=5 tid=146 timed_waiting
java.lang.Thread.State: TIMED_WAITING
        at sun.misc.Unsafe.park(Native Method)
        at java.util.concurrent.locks.LockSupport.parkNanos(LockSupport.java:215)
        at java.util.concurrent.locks.AbstractQueuedSynchronizer$ConditionObject.awaitNanos(AbstractQueuedSynchronizer.java:2078)
        at java.util.concurrent.ScheduledThreadPoolExecutor$DelayedWorkQueue.take(ScheduledThreadPoolExecutor.java:1093)
        at java.util.concurrent.ScheduledThreadPoolExecutor$DelayedWorkQueue.take(ScheduledThreadPoolExecutor.java:809)
        at java.util.concurrent.ThreadPoolExecutor.getTask(ThreadPoolExecutor.java:1074)
        at java.util.concurrent.ThreadPoolExecutor.runWorker(ThreadPoolExecutor.java:1134)
        at java.util.concurrent.ThreadPoolExecutor$Worker.run(ThreadPoolExecutor.java:624)
        at java.lang.Thread.run(Thread.java:748)
"Datanode State Machine Thread - 0" daemon prio=5 tid=278 timed_waiting
java.lang.Thread.State: TIMED_WAITING
        at java.lang.Thread.sleep(Native Method)
        at org.apache.hadoop.ozone.container.common.statemachine.DatanodeStateMachine.start(DatanodeStateMachine.java:191)
        at org.apache.hadoop.ozone.container.common.statemachine.DatanodeStateMachine.lambda$startDaemon$0(DatanodeStateMachine.java:349)
        at org.apache.hadoop.ozone.container.common.statemachine.DatanodeStateMachine$$Lambda$140/939829672.run(Unknown Source)
        at java.lang.Thread.run(Thread.java:748)
"96fc05bb-33c2-44fe-bb42-67c5c3eec278@group-01AE132E748A-SegmentedRaftLogWorker"  prio=5 tid=1181 timed_waiting
java.lang.Thread.State: TIMED_WAITING
        at sun.misc.Unsafe.park(Native Method)
        at java.util.concurrent.locks.LockSupport.parkNanos(LockSupport.java:215)
        at java.util.concurrent.locks.AbstractQueuedSynchronizer$ConditionObject.awaitNanos(AbstractQueuedSynchronizer.java:2078)
        at org.apache.ratis.util.DataBlockingQueue.poll(DataBlockingQueue.java:137)
        at org.apache.ratis.server.raftlog.segmented.SegmentedRaftLogWorker.run(SegmentedRaftLogWorker.java:282)
        at java.lang.Thread.run(Thread.java:748)
"Datanode State Machine Thread - 0" daemon prio=5 tid=224 timed_waiting
java.lang.Thread.State: TIMED_WAITING
        at java.lang.Thread.sleep(Native Method)
        at org.apache.hadoop.ozone.container.common.statemachine.DatanodeStateMachine.start(DatanodeStateMachine.java:191)
        at org.apache.hadoop.ozone.container.common.statemachine.DatanodeStateMachine.lambda$startDaemon$0(DatanodeStateMachine.java:349)
        at org.apache.hadoop.ozone.container.common.statemachine.DatanodeStateMachine$$Lambda$140/939829672.run(Unknown Source)
        at java.lang.Thread.run(Thread.java:748)
"pool-77-thread-1"  prio=5 tid=1120 in Object.wait()
java.lang.Thread.State: WAITING (on object monitor)
        at sun.misc.Unsafe.park(Native Method)
        at java.util.concurrent.locks.LockSupport.park(LockSupport.java:175)
        at java.util.concurrent.locks.AbstractQueuedSynchronizer$ConditionObject.await(AbstractQueuedSynchronizer.java:2039)
        at java.util.concurrent.LinkedBlockingQueue.take(LinkedBlockingQueue.java:442)
        at java.util.concurrent.ThreadPoolExecutor.getTask(ThreadPoolExecutor.java:1074)
        at java.util.concurrent.ThreadPoolExecutor.runWorker(ThreadPoolExecutor.java:1134)
        at java.util.concurrent.ThreadPoolExecutor$Worker.run(ThreadPoolExecutor.java:624)
        at java.lang.Thread.run(Thread.java:748)
"96fc05bb-33c2-44fe-bb42-67c5c3eec278@group-D9EEF9BF2E95-StateMachineUpdater" daemon prio=5 tid=963 in Object.wait()
java.lang.Thread.State: WAITING (on object monitor)
        at java.lang.Object.wait(Native Method)
        at java.lang.Object.wait(Object.java:502)
        at org.apache.ratis.server.impl.StateMachineUpdater.waitForCommit(StateMachineUpdater.java:194)
        at org.apache.ratis.server.impl.StateMachineUpdater.run(StateMachineUpdater.java:159)
        at java.lang.Thread.run(Thread.java:748)
"java.util.concurrent.ThreadPoolExecutor$Worker@143b28d1[State = -1, empty queue]" daemon prio=5 tid=1290 timed_waiting
java.lang.Thread.State: TIMED_WAITING
        at sun.misc.Unsafe.park(Native Method)
        at java.util.concurrent.locks.LockSupport.parkNanos(LockSupport.java:215)
        at java.util.concurrent.locks.AbstractQueuedSynchronizer$ConditionObject.awaitNanos(AbstractQueuedSynchronizer.java:2078)
        at java.util.concurrent.ScheduledThreadPoolExecutor$DelayedWorkQueue.take(ScheduledThreadPoolExecutor.java:1093)
        at java.util.concurrent.ScheduledThreadPoolExecutor$DelayedWorkQueue.take(ScheduledThreadPoolExecutor.java:809)
        at java.util.concurrent.ThreadPoolExecutor.getTask(ThreadPoolExecutor.java:1074)
        at java.util.concurrent.ThreadPoolExecutor.runWorker(ThreadPoolExecutor.java:1134)
        at java.util.concurrent.ThreadPoolExecutor$Worker.run(ThreadPoolExecutor.java:624)
        at java.lang.Thread.run(Thread.java:748)
"pool-66-thread-33"  prio=5 tid=672 in Object.wait()
java.lang.Thread.State: WAITING (on object monitor)
        at sun.misc.Unsafe.park(Native Method)
        at java.util.concurrent.locks.LockSupport.park(LockSupport.java:175)
        at java.util.concurrent.locks.AbstractQueuedSynchronizer$ConditionObject.await(AbstractQueuedSynchronizer.java:2039)
        at java.util.concurrent.ArrayBlockingQueue.take(ArrayBlockingQueue.java:403)
        at java.util.concurrent.ThreadPoolExecutor.getTask(ThreadPoolExecutor.java:1074)
        at java.util.concurrent.ThreadPoolExecutor.runWorker(ThreadPoolExecutor.java:1134)
        at java.util.concurrent.ThreadPoolExecutor$Worker.run(ThreadPoolExecutor.java:624)
        at java.lang.Thread.run(Thread.java:748)
"pool-66-thread-30"  prio=5 tid=668 in Object.wait()
java.lang.Thread.State: WAITING (on object monitor)
        at sun.misc.Unsafe.park(Native Method)
        at java.util.concurrent.locks.LockSupport.park(LockSupport.java:175)
        at java.util.concurrent.locks.AbstractQueuedSynchronizer$ConditionObject.await(AbstractQueuedSynchronizer.java:2039)
        at java.util.concurrent.ArrayBlockingQueue.take(ArrayBlockingQueue.java:403)
        at java.util.concurrent.ThreadPoolExecutor.getTask(ThreadPoolExecutor.java:1074)
        at java.util.concurrent.ThreadPoolExecutor.runWorker(ThreadPoolExecutor.java:1134)
        at java.util.concurrent.ThreadPoolExecutor$Worker.run(ThreadPoolExecutor.java:624)
        at java.lang.Thread.run(Thread.java:748)
"IPC Server handler 17 on 37838" daemon prio=5 tid=86 timed_waiting
java.lang.Thread.State: TIMED_WAITING
        at sun.misc.Unsafe.park(Native Method)
        at java.util.concurrent.locks.LockSupport.parkNanos(LockSupport.java:215)
        at java.util.concurrent.locks.AbstractQueuedSynchronizer$ConditionObject.awaitNanos(AbstractQueuedSynchronizer.java:2078)
        at java.util.concurrent.LinkedBlockingQueue.poll(LinkedBlockingQueue.java:467)
        at org.apache.hadoop.ipc.CallQueueManager.take(CallQueueManager.java:288)
        at org.apache.hadoop.ipc.Server$Handler.run(Server.java:2668)
"IPC Server Responder" daemon prio=5 tid=110 runnable
java.lang.Thread.State: RUNNABLE
        at sun.nio.ch.EPollArrayWrapper.epollWait(Native Method)
        at sun.nio.ch.EPollArrayWrapper.poll(EPollArrayWrapper.java:269)
        at sun.nio.ch.EPollSelectorImpl.doSelect(EPollSelectorImpl.java:93)
        at sun.nio.ch.SelectorImpl.lockAndDoSelect(SelectorImpl.java:86)
        at sun.nio.ch.SelectorImpl.select(SelectorImpl.java:97)
        at org.apache.hadoop.ipc.Server$Responder.doRunLoop(Server.java:1334)
        at org.apache.hadoop.ipc.Server$Responder.run(Server.java:1317)
"pool-76-thread-58"  prio=5 tid=804 in Object.wait()
java.lang.Thread.State: WAITING (on object monitor)
        at sun.misc.Unsafe.park(Native Method)
        at java.util.concurrent.locks.LockSupport.park(LockSupport.java:175)
        at java.util.concurrent.locks.AbstractQueuedSynchronizer$ConditionObject.await(AbstractQueuedSynchronizer.java:2039)
        at java.util.concurrent.ArrayBlockingQueue.take(ArrayBlockingQueue.java:403)
        at java.util.concurrent.ThreadPoolExecutor.getTask(ThreadPoolExecutor.java:1074)
        at java.util.concurrent.ThreadPoolExecutor.runWorker(ThreadPoolExecutor.java:1134)
        at java.util.concurrent.ThreadPoolExecutor$Worker.run(ThreadPoolExecutor.java:624)
        at java.lang.Thread.run(Thread.java:748)
"pool-117-thread-3"  prio=5 tid=1062 in Object.wait()
java.lang.Thread.State: WAITING (on object monitor)
        at sun.misc.Unsafe.park(Native Method)
        at java.util.concurrent.locks.LockSupport.park(LockSupport.java:175)
        at java.util.concurrent.locks.AbstractQueuedSynchronizer$ConditionObject.await(AbstractQueuedSynchronizer.java:2039)
        at java.util.concurrent.ArrayBlockingQueue.take(ArrayBlockingQueue.java:403)
        at java.util.concurrent.ThreadPoolExecutor.getTask(ThreadPoolExecutor.java:1074)
        at java.util.concurrent.ThreadPoolExecutor.runWorker(ThreadPoolExecutor.java:1134)
        at java.util.concurrent.ThreadPoolExecutor$Worker.run(ThreadPoolExecutor.java:624)
        at java.lang.Thread.run(Thread.java:748)
"Periodic HDDS volume checker"  prio=5 tid=611 timed_waiting
java.lang.Thread.State: TIMED_WAITING
        at sun.misc.Unsafe.park(Native Method)
        at java.util.concurrent.locks.LockSupport.parkNanos(LockSupport.java:215)
        at java.util.concurrent.locks.AbstractQueuedSynchronizer$ConditionObject.awaitNanos(AbstractQueuedSynchronizer.java:2078)
        at java.util.concurrent.ScheduledThreadPoolExecutor$DelayedWorkQueue.take(ScheduledThreadPoolExecutor.java:1093)
        at java.util.concurrent.ScheduledThreadPoolExecutor$DelayedWorkQueue.take(ScheduledThreadPoolExecutor.java:809)
        at java.util.concurrent.ThreadPoolExecutor.getTask(ThreadPoolExecutor.java:1074)
        at java.util.concurrent.ThreadPoolExecutor.runWorker(ThreadPoolExecutor.java:1134)
        at java.util.concurrent.ThreadPoolExecutor$Worker.run(ThreadPoolExecutor.java:624)
        at java.lang.Thread.run(Thread.java:748)
"EventQueue-NewNodeForNewNodeHandler" daemon prio=5 tid=735 in Object.wait()
java.lang.Thread.State: WAITING (on object monitor)
        at sun.misc.Unsafe.park(Native Method)
        at java.util.concurrent.locks.LockSupport.park(LockSupport.java:175)
        at java.util.concurrent.locks.AbstractQueuedSynchronizer$ConditionObject.await(AbstractQueuedSynchronizer.java:2039)
        at java.util.concurrent.LinkedBlockingQueue.take(LinkedBlockingQueue.java:442)
        at java.util.concurrent.ThreadPoolExecutor.getTask(ThreadPoolExecutor.java:1074)
        at java.util.concurrent.ThreadPoolExecutor.runWorker(ThreadPoolExecutor.java:1134)
        at java.util.concurrent.ThreadPoolExecutor$Worker.run(ThreadPoolExecutor.java:624)
        at java.lang.Thread.run(Thread.java:748)
"pool-36-thread-47"  prio=5 tid=544 in Object.wait()
java.lang.Thread.State: WAITING (on object monitor)
        at sun.misc.Unsafe.park(Native Method)
        at java.util.concurrent.locks.LockSupport.park(LockSupport.java:175)
        at java.util.concurrent.locks.AbstractQueuedSynchronizer$ConditionObject.await(AbstractQueuedSynchronizer.java:2039)
        at java.util.concurrent.ArrayBlockingQueue.take(ArrayBlockingQueue.java:403)
        at java.util.concurrent.ThreadPoolExecutor.getTask(ThreadPoolExecutor.java:1074)
        at java.util.concurrent.ThreadPoolExecutor.runWorker(ThreadPoolExecutor.java:1134)
        at java.util.concurrent.ThreadPoolExecutor$Worker.run(ThreadPoolExecutor.java:624)
        at java.lang.Thread.run(Thread.java:748)
"IPC Server handler 7 on 37221" daemon prio=5 tid=122 timed_waiting
java.lang.Thread.State: TIMED_WAITING
        at sun.misc.Unsafe.park(Native Method)
        at java.util.concurrent.locks.LockSupport.parkNanos(LockSupport.java:215)
        at java.util.concurrent.locks.AbstractQueuedSynchronizer$ConditionObject.awaitNanos(AbstractQueuedSynchronizer.java:2078)
        at java.util.concurrent.LinkedBlockingQueue.poll(LinkedBlockingQueue.java:467)
        at org.apache.hadoop.ipc.CallQueueManager.take(CallQueueManager.java:288)
        at org.apache.hadoop.ipc.Server$Handler.run(Server.java:2668)
"qtp1987707214-162" daemon prio=5 tid=162 timed_waiting
java.lang.Thread.State: TIMED_WAITING
        at sun.misc.Unsafe.park(Native Method)
        at java.util.concurrent.locks.LockSupport.parkNanos(LockSupport.java:215)
        at java.util.concurrent.locks.AbstractQueuedSynchronizer$ConditionObject.awaitNanos(AbstractQueuedSynchronizer.java:2078)
        at org.eclipse.jetty.util.BlockingArrayQueue.poll(BlockingArrayQueue.java:392)
        at org.eclipse.jetty.util.thread.QueuedThreadPool.idleJobPoll(QueuedThreadPool.java:563)
        at org.eclipse.jetty.util.thread.QueuedThreadPool.access$800(QueuedThreadPool.java:48)
        at org.eclipse.jetty.util.thread.QueuedThreadPool$2.run(QueuedThreadPool.java:626)
        at java.lang.Thread.run(Thread.java:748)
"pool-86-thread-47"  prio=5 tid=865 in Object.wait()
java.lang.Thread.State: WAITING (on object monitor)
        at sun.misc.Unsafe.park(Native Method)
        at java.util.concurrent.locks.LockSupport.park(LockSupport.java:175)
        at java.util.concurrent.locks.AbstractQueuedSynchronizer$ConditionObject.await(AbstractQueuedSynchronizer.java:2039)
        at java.util.concurrent.ArrayBlockingQueue.take(ArrayBlockingQueue.java:403)
        at java.util.concurrent.ThreadPoolExecutor.getTask(ThreadPoolExecutor.java:1074)
        at java.util.concurrent.ThreadPoolExecutor.runWorker(ThreadPoolExecutor.java:1134)
        at java.util.concurrent.ThreadPoolExecutor$Worker.run(ThreadPoolExecutor.java:624)
        at java.lang.Thread.run(Thread.java:748)
"pool-26-thread-56"  prio=5 tid=531 in Object.wait()
java.lang.Thread.State: WAITING (on object monitor)
        at sun.misc.Unsafe.park(Native Method)
        at java.util.concurrent.locks.LockSupport.park(LockSupport.java:175)
        at java.util.concurrent.locks.AbstractQueuedSynchronizer$ConditionObject.await(AbstractQueuedSynchronizer.java:2039)
        at java.util.concurrent.ArrayBlockingQueue.take(ArrayBlockingQueue.java:403)
        at java.util.concurrent.ThreadPoolExecutor.getTask(ThreadPoolExecutor.java:1074)
        at java.util.concurrent.ThreadPoolExecutor.runWorker(ThreadPoolExecutor.java:1134)
        at java.util.concurrent.ThreadPoolExecutor$Worker.run(ThreadPoolExecutor.java:624)
        at java.lang.Thread.run(Thread.java:748)
"pool-117-thread-52"  prio=5 tid=1111 in Object.wait()
java.lang.Thread.State: WAITING (on object monitor)
        at sun.misc.Unsafe.park(Native Method)
        at java.util.concurrent.locks.LockSupport.park(LockSupport.java:175)
        at java.util.concurrent.locks.AbstractQueuedSynchronizer$ConditionObject.await(AbstractQueuedSynchronizer.java:2039)
        at java.util.concurrent.ArrayBlockingQueue.take(ArrayBlockingQueue.java:403)
        at java.util.concurrent.ThreadPoolExecutor.getTask(ThreadPoolExecutor.java:1074)
        at java.util.concurrent.ThreadPoolExecutor.runWorker(ThreadPoolExecutor.java:1134)
        at java.util.concurrent.ThreadPoolExecutor$Worker.run(ThreadPoolExecutor.java:624)
        at java.lang.Thread.run(Thread.java:748)
"pool-66-thread-11"  prio=5 tid=648 in Object.wait()
java.lang.Thread.State: WAITING (on object monitor)
        at sun.misc.Unsafe.park(Native Method)
        at java.util.concurrent.locks.LockSupport.park(LockSupport.java:175)
        at java.util.concurrent.locks.AbstractQueuedSynchronizer$ConditionObject.await(AbstractQueuedSynchronizer.java:2039)
        at java.util.concurrent.ArrayBlockingQueue.take(ArrayBlockingQueue.java:403)
        at java.util.concurrent.ThreadPoolExecutor.getTask(ThreadPoolExecutor.java:1074)
        at java.util.concurrent.ThreadPoolExecutor.runWorker(ThreadPoolExecutor.java:1134)
        at java.util.concurrent.ThreadPoolExecutor$Worker.run(ThreadPoolExecutor.java:624)
        at java.lang.Thread.run(Thread.java:748)
"pool-96-thread-55"  prio=5 tid=937 in Object.wait()
java.lang.Thread.State: WAITING (on object monitor)
        at sun.misc.Unsafe.park(Native Method)
        at java.util.concurrent.locks.LockSupport.park(LockSupport.java:175)
        at java.util.concurrent.locks.AbstractQueuedSynchronizer$ConditionObject.await(AbstractQueuedSynchronizer.java:2039)
        at java.util.concurrent.ArrayBlockingQueue.take(ArrayBlockingQueue.java:403)
        at java.util.concurrent.ThreadPoolExecutor.getTask(ThreadPoolExecutor.java:1074)
        at java.util.concurrent.ThreadPoolExecutor.runWorker(ThreadPoolExecutor.java:1134)
        at java.util.concurrent.ThreadPoolExecutor$Worker.run(ThreadPoolExecutor.java:624)
        at java.lang.Thread.run(Thread.java:748)
"pool-106-thread-59"  prio=5 tid=1039 in Object.wait()
java.lang.Thread.State: WAITING (on object monitor)
        at sun.misc.Unsafe.park(Native Method)
        at java.util.concurrent.locks.LockSupport.park(LockSupport.java:175)
        at java.util.concurrent.locks.AbstractQueuedSynchronizer$ConditionObject.await(AbstractQueuedSynchronizer.java:2039)
        at java.util.concurrent.ArrayBlockingQueue.take(ArrayBlockingQueue.java:403)
        at java.util.concurrent.ThreadPoolExecutor.getTask(ThreadPoolExecutor.java:1074)
        at java.util.concurrent.ThreadPoolExecutor.runWorker(ThreadPoolExecutor.java:1134)
        at java.util.concurrent.ThreadPoolExecutor$Worker.run(ThreadPoolExecutor.java:624)
        at java.lang.Thread.run(Thread.java:748)
"pool-66-thread-21"  prio=5 tid=658 in Object.wait()
java.lang.Thread.State: WAITING (on object monitor)
        at sun.misc.Unsafe.park(Native Method)
        at java.util.concurrent.locks.LockSupport.park(LockSupport.java:175)
        at java.util.concurrent.locks.AbstractQueuedSynchronizer$ConditionObject.await(AbstractQueuedSynchronizer.java:2039)
        at java.util.concurrent.ArrayBlockingQueue.take(ArrayBlockingQueue.java:403)
        at java.util.concurrent.ThreadPoolExecutor.getTask(ThreadPoolExecutor.java:1074)
        at java.util.concurrent.ThreadPoolExecutor.runWorker(ThreadPoolExecutor.java:1134)
        at java.util.concurrent.ThreadPoolExecutor$Worker.run(ThreadPoolExecutor.java:624)
        at java.lang.Thread.run(Thread.java:748)
"IPC Server handler 12 on 40878" daemon prio=5 tid=61 timed_waiting
java.lang.Thread.State: TIMED_WAITING
        at sun.misc.Unsafe.park(Native Method)
        at java.util.concurrent.locks.LockSupport.parkNanos(LockSupport.java:215)
        at java.util.concurrent.locks.AbstractQueuedSynchronizer$ConditionObject.awaitNanos(AbstractQueuedSynchronizer.java:2078)
        at java.util.concurrent.LinkedBlockingQueue.poll(LinkedBlockingQueue.java:467)
        at org.apache.hadoop.ipc.CallQueueManager.take(CallQueueManager.java:288)
        at org.apache.hadoop.ipc.Server$Handler.run(Server.java:2668)
"pool-66-thread-10"  prio=5 tid=647 in Object.wait()
java.lang.Thread.State: WAITING (on object monitor)
        at sun.misc.Unsafe.park(Native Method)
        at java.util.concurrent.locks.LockSupport.park(LockSupport.java:175)
        at java.util.concurrent.locks.AbstractQueuedSynchronizer$ConditionObject.await(AbstractQueuedSynchronizer.java:2039)
        at java.util.concurrent.ArrayBlockingQueue.take(ArrayBlockingQueue.java:403)
        at java.util.concurrent.ThreadPoolExecutor.getTask(ThreadPoolExecutor.java:1074)
        at java.util.concurrent.ThreadPoolExecutor.runWorker(ThreadPoolExecutor.java:1134)
        at java.util.concurrent.ThreadPoolExecutor$Worker.run(ThreadPoolExecutor.java:624)
        at java.lang.Thread.run(Thread.java:748)
"595afd9b-8d20-4100-8f7e-109b072917a4@group-C458FCA03E22-StateMachineUpdater" daemon prio=5 tid=1164 in Object.wait()
java.lang.Thread.State: WAITING (on object monitor)
        at java.lang.Object.wait(Native Method)
        at java.lang.Object.wait(Object.java:502)
        at org.apache.ratis.server.impl.StateMachineUpdater.waitForCommit(StateMachineUpdater.java:194)
        at org.apache.ratis.server.impl.StateMachineUpdater.run(StateMachineUpdater.java:159)
        at java.lang.Thread.run(Thread.java:748)
"pool-56-thread-19"  prio=5 tid=417 in Object.wait()
java.lang.Thread.State: WAITING (on object monitor)
        at sun.misc.Unsafe.park(Native Method)
        at java.util.concurrent.locks.LockSupport.park(LockSupport.java:175)
        at java.util.concurrent.locks.AbstractQueuedSynchronizer$ConditionObject.await(AbstractQueuedSynchronizer.java:2039)
        at java.util.concurrent.ArrayBlockingQueue.take(ArrayBlockingQueue.java:403)
        at java.util.concurrent.ThreadPoolExecutor.getTask(ThreadPoolExecutor.java:1074)
        at java.util.concurrent.ThreadPoolExecutor.runWorker(ThreadPoolExecutor.java:1134)
        at java.util.concurrent.ThreadPoolExecutor$Worker.run(ThreadPoolExecutor.java:624)
        at java.lang.Thread.run(Thread.java:748)
"pool-76-thread-26"  prio=5 tid=772 in Object.wait()
java.lang.Thread.State: WAITING (on object monitor)
        at sun.misc.Unsafe.park(Native Method)
        at java.util.concurrent.locks.LockSupport.park(LockSupport.java:175)
        at java.util.concurrent.locks.AbstractQueuedSynchronizer$ConditionObject.await(AbstractQueuedSynchronizer.java:2039)
        at java.util.concurrent.ArrayBlockingQueue.take(ArrayBlockingQueue.java:403)
        at java.util.concurrent.ThreadPoolExecutor.getTask(ThreadPoolExecutor.java:1074)
        at java.util.concurrent.ThreadPoolExecutor.runWorker(ThreadPoolExecutor.java:1134)
        at java.util.concurrent.ThreadPoolExecutor$Worker.run(ThreadPoolExecutor.java:624)
        at java.lang.Thread.run(Thread.java:748)
"a4ef6c21-3a88-4e13-8c9a-5d7afe7d887e@group-FCAD4F7AE735-SegmentedRaftLogWorker"  prio=5 tid=1359 timed_waiting
java.lang.Thread.State: TIMED_WAITING
        at sun.misc.Unsafe.park(Native Method)
        at java.util.concurrent.locks.LockSupport.parkNanos(LockSupport.java:215)
        at java.util.concurrent.locks.AbstractQueuedSynchronizer$ConditionObject.awaitNanos(AbstractQueuedSynchronizer.java:2078)
        at org.apache.ratis.util.DataBlockingQueue.poll(DataBlockingQueue.java:137)
        at org.apache.ratis.server.raftlog.segmented.SegmentedRaftLogWorker.run(SegmentedRaftLogWorker.java:282)
        at java.lang.Thread.run(Thread.java:748)
"pool-106-thread-12"  prio=5 tid=991 in Object.wait()
java.lang.Thread.State: WAITING (on object monitor)
        at sun.misc.Unsafe.park(Native Method)
        at java.util.concurrent.locks.LockSupport.park(LockSupport.java:175)
        at java.util.concurrent.locks.AbstractQueuedSynchronizer$ConditionObject.await(AbstractQueuedSynchronizer.java:2039)
        at java.util.concurrent.ArrayBlockingQueue.take(ArrayBlockingQueue.java:403)
        at java.util.concurrent.ThreadPoolExecutor.getTask(ThreadPoolExecutor.java:1074)
        at java.util.concurrent.ThreadPoolExecutor.runWorker(ThreadPoolExecutor.java:1134)
        at java.util.concurrent.ThreadPoolExecutor$Worker.run(ThreadPoolExecutor.java:624)
        at java.lang.Thread.run(Thread.java:748)
"pool-36-thread-2"  prio=5 tid=336 in Object.wait()
java.lang.Thread.State: WAITING (on object monitor)
        at sun.misc.Unsafe.park(Native Method)
        at java.util.concurrent.locks.LockSupport.park(LockSupport.java:175)
        at java.util.concurrent.locks.AbstractQueuedSynchronizer$ConditionObject.await(AbstractQueuedSynchronizer.java:2039)
        at java.util.concurrent.ArrayBlockingQueue.take(ArrayBlockingQueue.java:403)
        at java.util.concurrent.ThreadPoolExecutor.getTask(ThreadPoolExecutor.java:1074)
        at java.util.concurrent.ThreadPoolExecutor.runWorker(ThreadPoolExecutor.java:1134)
        at java.util.concurrent.ThreadPoolExecutor$Worker.run(ThreadPoolExecutor.java:624)
        at java.lang.Thread.run(Thread.java:748)
"qtp856047451-622" daemon prio=5 tid=622 timed_waiting
java.lang.Thread.State: TIMED_WAITING
        at sun.misc.Unsafe.park(Native Method)
        at java.util.concurrent.locks.LockSupport.parkNanos(LockSupport.java:215)
        at java.util.concurrent.locks.AbstractQueuedSynchronizer$ConditionObject.awaitNanos(AbstractQueuedSynchronizer.java:2078)
        at org.eclipse.jetty.util.BlockingArrayQueue.poll(BlockingArrayQueue.java:392)
        at org.eclipse.jetty.util.thread.QueuedThreadPool.idleJobPoll(QueuedThreadPool.java:563)
        at org.eclipse.jetty.util.thread.QueuedThreadPool.access$800(QueuedThreadPool.java:48)
        at org.eclipse.jetty.util.thread.QueuedThreadPool$2.run(QueuedThreadPool.java:626)
        at java.lang.Thread.run(Thread.java:748)
"pool-86-thread-29"  prio=5 tid=847 in Object.wait()
java.lang.Thread.State: WAITING (on object monitor)
        at sun.misc.Unsafe.park(Native Method)
        at java.util.concurrent.locks.LockSupport.park(LockSupport.java:175)
        at java.util.concurrent.locks.AbstractQueuedSynchronizer$ConditionObject.await(AbstractQueuedSynchronizer.java:2039)
        at java.util.concurrent.ArrayBlockingQueue.take(ArrayBlockingQueue.java:403)
        at java.util.concurrent.ThreadPoolExecutor.getTask(ThreadPoolExecutor.java:1074)
        at java.util.concurrent.ThreadPoolExecutor.runWorker(ThreadPoolExecutor.java:1134)
        at java.util.concurrent.ThreadPoolExecutor$Worker.run(ThreadPoolExecutor.java:624)
        at java.lang.Thread.run(Thread.java:748)
"pool-36-thread-21"  prio=5 tid=421 in Object.wait()
java.lang.Thread.State: WAITING (on object monitor)
        at sun.misc.Unsafe.park(Native Method)
        at java.util.concurrent.locks.LockSupport.park(LockSupport.java:175)
        at java.util.concurrent.locks.AbstractQueuedSynchronizer$ConditionObject.await(AbstractQueuedSynchronizer.java:2039)
        at java.util.concurrent.ArrayBlockingQueue.take(ArrayBlockingQueue.java:403)
        at java.util.concurrent.ThreadPoolExecutor.getTask(ThreadPoolExecutor.java:1074)
        at java.util.concurrent.ThreadPoolExecutor.runWorker(ThreadPoolExecutor.java:1134)
        at java.util.concurrent.ThreadPoolExecutor$Worker.run(ThreadPoolExecutor.java:624)
        at java.lang.Thread.run(Thread.java:748)
"pool-76-thread-31"  prio=5 tid=777 in Object.wait()
java.lang.Thread.State: WAITING (on object monitor)
        at sun.misc.Unsafe.park(Native Method)
        at java.util.concurrent.locks.LockSupport.park(LockSupport.java:175)
        at java.util.concurrent.locks.AbstractQueuedSynchronizer$ConditionObject.await(AbstractQueuedSynchronizer.java:2039)
        at java.util.concurrent.ArrayBlockingQueue.take(ArrayBlockingQueue.java:403)
        at java.util.concurrent.ThreadPoolExecutor.getTask(ThreadPoolExecutor.java:1074)
        at java.util.concurrent.ThreadPoolExecutor.runWorker(ThreadPoolExecutor.java:1134)
        at java.util.concurrent.ThreadPoolExecutor$Worker.run(ThreadPoolExecutor.java:624)
        at java.lang.Thread.run(Thread.java:748)
"pool-50-thread-1"  prio=5 tid=212 timed_waiting
java.lang.Thread.State: TIMED_WAITING
        at sun.misc.Unsafe.park(Native Method)
        at java.util.concurrent.locks.LockSupport.parkNanos(LockSupport.java:215)
        at java.util.concurrent.locks.AbstractQueuedSynchronizer$ConditionObject.awaitNanos(AbstractQueuedSynchronizer.java:2078)
        at java.util.concurrent.ScheduledThreadPoolExecutor$DelayedWorkQueue.take(ScheduledThreadPoolExecutor.java:1093)
        at java.util.concurrent.ScheduledThreadPoolExecutor$DelayedWorkQueue.take(ScheduledThreadPoolExecutor.java:809)
        at java.util.concurrent.ThreadPoolExecutor.getTask(ThreadPoolExecutor.java:1074)
        at java.util.concurrent.ThreadPoolExecutor.runWorker(ThreadPoolExecutor.java:1134)
        at java.util.concurrent.ThreadPoolExecutor$Worker.run(ThreadPoolExecutor.java:624)
        at java.lang.Thread.run(Thread.java:748)
"pool-66-thread-20"  prio=5 tid=657 in Object.wait()
java.lang.Thread.State: WAITING (on object monitor)
        at sun.misc.Unsafe.park(Native Method)
        at java.util.concurrent.locks.LockSupport.park(LockSupport.java:175)
        at java.util.concurrent.locks.AbstractQueuedSynchronizer$ConditionObject.await(AbstractQueuedSynchronizer.java:2039)
        at java.util.concurrent.ArrayBlockingQueue.take(ArrayBlockingQueue.java:403)
        at java.util.concurrent.ThreadPoolExecutor.getTask(ThreadPoolExecutor.java:1074)
        at java.util.concurrent.ThreadPoolExecutor.runWorker(ThreadPoolExecutor.java:1134)
        at java.util.concurrent.ThreadPoolExecutor$Worker.run(ThreadPoolExecutor.java:624)
        at java.lang.Thread.run(Thread.java:748)
"pool-46-thread-56"  prio=5 tid=575 in Object.wait()
java.lang.Thread.State: WAITING (on object monitor)
        at sun.misc.Unsafe.park(Native Method)
        at java.util.concurrent.locks.LockSupport.park(LockSupport.java:175)
        at java.util.concurrent.locks.AbstractQueuedSynchronizer$ConditionObject.await(AbstractQueuedSynchronizer.java:2039)
        at java.util.concurrent.ArrayBlockingQueue.take(ArrayBlockingQueue.java:403)
        at java.util.concurrent.ThreadPoolExecutor.getTask(ThreadPoolExecutor.java:1074)
        at java.util.concurrent.ThreadPoolExecutor.runWorker(ThreadPoolExecutor.java:1134)
        at java.util.concurrent.ThreadPoolExecutor$Worker.run(ThreadPoolExecutor.java:624)
        at java.lang.Thread.run(Thread.java:748)
"IPC Server handler 1 on 37838" daemon prio=5 tid=70 timed_waiting
java.lang.Thread.State: TIMED_WAITING
        at sun.misc.Unsafe.park(Native Method)
        at java.util.concurrent.locks.LockSupport.parkNanos(LockSupport.java:215)
        at java.util.concurrent.locks.AbstractQueuedSynchronizer$ConditionObject.awaitNanos(AbstractQueuedSynchronizer.java:2078)
        at java.util.concurrent.LinkedBlockingQueue.poll(LinkedBlockingQueue.java:467)
        at org.apache.hadoop.ipc.CallQueueManager.take(CallQueueManager.java:288)
        at org.apache.hadoop.ipc.Server$Handler.run(Server.java:2668)
"java.util.concurrent.ThreadPoolExecutor$Worker@6074f3fd[State = -1, empty queue]" daemon prio=5 tid=1239 timed_waiting
java.lang.Thread.State: TIMED_WAITING
        at sun.misc.Unsafe.park(Native Method)
        at java.util.concurrent.locks.LockSupport.parkNanos(LockSupport.java:215)
        at java.util.concurrent.locks.AbstractQueuedSynchronizer$ConditionObject.awaitNanos(AbstractQueuedSynchronizer.java:2078)
        at java.util.concurrent.ScheduledThreadPoolExecutor$DelayedWorkQueue.take(ScheduledThreadPoolExecutor.java:1093)
        at java.util.concurrent.ScheduledThreadPoolExecutor$DelayedWorkQueue.take(ScheduledThreadPoolExecutor.java:809)
        at java.util.concurrent.ThreadPoolExecutor.getTask(ThreadPoolExecutor.java:1074)
        at java.util.concurrent.ThreadPoolExecutor.runWorker(ThreadPoolExecutor.java:1134)
        at java.util.concurrent.ThreadPoolExecutor$Worker.run(ThreadPoolExecutor.java:624)
        at java.lang.Thread.run(Thread.java:748)
"pool-36-thread-54"  prio=5 tid=566 in Object.wait()
java.lang.Thread.State: WAITING (on object monitor)
        at sun.misc.Unsafe.park(Native Method)
        at java.util.concurrent.locks.LockSupport.park(LockSupport.java:175)
        at java.util.concurrent.locks.AbstractQueuedSynchronizer$ConditionObject.await(AbstractQueuedSynchronizer.java:2039)
        at java.util.concurrent.ArrayBlockingQueue.take(ArrayBlockingQueue.java:403)
        at java.util.concurrent.ThreadPoolExecutor.getTask(ThreadPoolExecutor.java:1074)
        at java.util.concurrent.ThreadPoolExecutor.runWorker(ThreadPoolExecutor.java:1134)
        at java.util.concurrent.ThreadPoolExecutor$Worker.run(ThreadPoolExecutor.java:624)
        at java.lang.Thread.run(Thread.java:748)
"pool-106-thread-1"  prio=5 tid=980 in Object.wait()
java.lang.Thread.State: WAITING (on object monitor)
        at sun.misc.Unsafe.park(Native Method)
        at java.util.concurrent.locks.LockSupport.park(LockSupport.java:175)
        at java.util.concurrent.locks.AbstractQueuedSynchronizer$ConditionObject.await(AbstractQueuedSynchronizer.java:2039)
        at java.util.concurrent.ArrayBlockingQueue.take(ArrayBlockingQueue.java:403)
        at java.util.concurrent.ThreadPoolExecutor.getTask(ThreadPoolExecutor.java:1074)
        at java.util.concurrent.ThreadPoolExecutor.runWorker(ThreadPoolExecutor.java:1134)
        at java.util.concurrent.ThreadPoolExecutor$Worker.run(ThreadPoolExecutor.java:624)
        at java.lang.Thread.run(Thread.java:748)
"Datanode ReportManager Thread - 1" daemon prio=5 tid=673 in Object.wait()
java.lang.Thread.State: WAITING (on object monitor)
        at sun.misc.Unsafe.park(Native Method)
        at java.util.concurrent.locks.LockSupport.park(LockSupport.java:175)
        at java.util.concurrent.locks.AbstractQueuedSynchronizer$ConditionObject.await(AbstractQueuedSynchronizer.java:2039)
        at java.util.concurrent.ScheduledThreadPoolExecutor$DelayedWorkQueue.take(ScheduledThreadPoolExecutor.java:1088)
        at java.util.concurrent.ScheduledThreadPoolExecutor$DelayedWorkQueue.take(ScheduledThreadPoolExecutor.java:809)
        at java.util.concurrent.ThreadPoolExecutor.getTask(ThreadPoolExecutor.java:1074)
        at java.util.concurrent.ThreadPoolExecutor.runWorker(ThreadPoolExecutor.java:1134)
        at java.util.concurrent.ThreadPoolExecutor$Worker.run(ThreadPoolExecutor.java:624)
        at java.lang.Thread.run(Thread.java:748)
"4ff74892-3196-4f54-95eb-cd6f2bc728e2@group-759C21E9D490-SegmentedRaftLogWorker"  prio=5 tid=946 timed_waiting
java.lang.Thread.State: TIMED_WAITING
        at sun.misc.Unsafe.park(Native Method)
        at java.util.concurrent.locks.LockSupport.parkNanos(LockSupport.java:215)
        at java.util.concurrent.locks.AbstractQueuedSynchronizer$ConditionObject.awaitNanos(AbstractQueuedSynchronizer.java:2078)
        at org.apache.ratis.util.DataBlockingQueue.poll(DataBlockingQueue.java:137)
        at org.apache.ratis.server.raftlog.segmented.SegmentedRaftLogWorker.run(SegmentedRaftLogWorker.java:282)
        at java.lang.Thread.run(Thread.java:748)
"pool-66-thread-23"  prio=5 tid=660 in Object.wait()
java.lang.Thread.State: WAITING (on object monitor)
        at sun.misc.Unsafe.park(Native Method)
        at java.util.concurrent.locks.LockSupport.park(LockSupport.java:175)
        at java.util.concurrent.locks.AbstractQueuedSynchronizer$ConditionObject.await(AbstractQueuedSynchronizer.java:2039)
        at java.util.concurrent.ArrayBlockingQueue.take(ArrayBlockingQueue.java:403)
        at java.util.concurrent.ThreadPoolExecutor.getTask(ThreadPoolExecutor.java:1074)
        at java.util.concurrent.ThreadPoolExecutor.runWorker(ThreadPoolExecutor.java:1134)
        at java.util.concurrent.ThreadPoolExecutor$Worker.run(ThreadPoolExecutor.java:624)
        at java.lang.Thread.run(Thread.java:748)
"6c42b2c0-be2d-45a9-9e22-a67f6ac9562e@group-B1DA5B12FD43-SegmentedRaftLogWorker"  prio=5 tid=970 timed_waiting
java.lang.Thread.State: TIMED_WAITING
        at sun.misc.Unsafe.park(Native Method)
        at java.util.concurrent.locks.LockSupport.parkNanos(LockSupport.java:215)
        at java.util.concurrent.locks.AbstractQueuedSynchronizer$ConditionObject.awaitNanos(AbstractQueuedSynchronizer.java:2078)
        at org.apache.ratis.util.DataBlockingQueue.poll(DataBlockingQueue.java:137)
        at org.apache.ratis.server.raftlog.segmented.SegmentedRaftLogWorker.run(SegmentedRaftLogWorker.java:282)
        at java.lang.Thread.run(Thread.java:748)
"pool-66-thread-42"  prio=5 tid=687 in Object.wait()
java.lang.Thread.State: WAITING (on object monitor)
        at sun.misc.Unsafe.park(Native Method)
        at java.util.concurrent.locks.LockSupport.park(LockSupport.java:175)
        at java.util.concurrent.locks.AbstractQueuedSynchronizer$ConditionObject.await(AbstractQueuedSynchronizer.java:2039)
        at java.util.concurrent.ArrayBlockingQueue.take(ArrayBlockingQueue.java:403)
        at java.util.concurrent.ThreadPoolExecutor.getTask(ThreadPoolExecutor.java:1074)
        at java.util.concurrent.ThreadPoolExecutor.runWorker(ThreadPoolExecutor.java:1134)
        at java.util.concurrent.ThreadPoolExecutor$Worker.run(ThreadPoolExecutor.java:624)
        at java.lang.Thread.run(Thread.java:748)
"4ff74892-3196-4f54-95eb-cd6f2bc728e2@group-24F9B359B75D-SegmentedRaftLogWorker"  prio=5 tid=1036 timed_waiting
java.lang.Thread.State: TIMED_WAITING
        at sun.misc.Unsafe.park(Native Method)
        at java.util.concurrent.locks.LockSupport.parkNanos(LockSupport.java:215)
        at java.util.concurrent.locks.AbstractQueuedSynchronizer$ConditionObject.awaitNanos(AbstractQueuedSynchronizer.java:2078)
        at org.apache.ratis.util.DataBlockingQueue.poll(DataBlockingQueue.java:137)
        at org.apache.ratis.server.raftlog.segmented.SegmentedRaftLogWorker.run(SegmentedRaftLogWorker.java:282)
        at java.lang.Thread.run(Thread.java:748)
"pool-46-thread-39"  prio=5 tid=497 in Object.wait()
java.lang.Thread.State: WAITING (on object monitor)
        at sun.misc.Unsafe.park(Native Method)
        at java.util.concurrent.locks.LockSupport.park(LockSupport.java:175)
        at java.util.concurrent.locks.AbstractQueuedSynchronizer$ConditionObject.await(AbstractQueuedSynchronizer.java:2039)
        at java.util.concurrent.ArrayBlockingQueue.take(ArrayBlockingQueue.java:403)
        at java.util.concurrent.ThreadPoolExecutor.getTask(ThreadPoolExecutor.java:1074)
        at java.util.concurrent.ThreadPoolExecutor.runWorker(ThreadPoolExecutor.java:1134)
        at java.util.concurrent.ThreadPoolExecutor$Worker.run(ThreadPoolExecutor.java:624)
        at java.lang.Thread.run(Thread.java:748)
"IPC Server handler 7 on 37838" daemon prio=5 tid=76 timed_waiting
java.lang.Thread.State: TIMED_WAITING
        at sun.misc.Unsafe.park(Native Method)
        at java.util.concurrent.locks.LockSupport.parkNanos(LockSupport.java:215)
        at java.util.concurrent.locks.AbstractQueuedSynchronizer$ConditionObject.awaitNanos(AbstractQueuedSynchronizer.java:2078)
        at java.util.concurrent.LinkedBlockingQueue.poll(LinkedBlockingQueue.java:467)
        at org.apache.hadoop.ipc.CallQueueManager.take(CallQueueManager.java:288)
        at org.apache.hadoop.ipc.Server$Handler.run(Server.java:2668)
"SCM Heartbeat Processing Thread - 0" daemon prio=5 tid=13 timed_waiting
java.lang.Thread.State: TIMED_WAITING
        at sun.misc.Unsafe.park(Native Method)
        at java.util.concurrent.locks.LockSupport.parkNanos(LockSupport.java:215)
        at java.util.concurrent.locks.AbstractQueuedSynchronizer$ConditionObject.awaitNanos(AbstractQueuedSynchronizer.java:2078)
        at java.util.concurrent.ScheduledThreadPoolExecutor$DelayedWorkQueue.take(ScheduledThreadPoolExecutor.java:1093)
        at java.util.concurrent.ScheduledThreadPoolExecutor$DelayedWorkQueue.take(ScheduledThreadPoolExecutor.java:809)
        at java.util.concurrent.ThreadPoolExecutor.getTask(ThreadPoolExecutor.java:1074)
        at java.util.concurrent.ThreadPoolExecutor.runWorker(ThreadPoolExecutor.java:1134)
        at java.util.concurrent.ThreadPoolExecutor$Worker.run(ThreadPoolExecutor.java:624)
        at java.lang.Thread.run(Thread.java:748)
"metrics-hadoop-metrics2-reporter-31-thread-1" daemon prio=5 tid=1148 timed_waiting
java.lang.Thread.State: TIMED_WAITING
        at sun.misc.Unsafe.park(Native Method)
        at java.util.concurrent.locks.LockSupport.parkNanos(LockSupport.java:215)
        at java.util.concurrent.locks.AbstractQueuedSynchronizer$ConditionObject.awaitNanos(AbstractQueuedSynchronizer.java:2078)
        at java.util.concurrent.ScheduledThreadPoolExecutor$DelayedWorkQueue.take(ScheduledThreadPoolExecutor.java:1093)
        at java.util.concurrent.ScheduledThreadPoolExecutor$DelayedWorkQueue.take(ScheduledThreadPoolExecutor.java:809)
        at java.util.concurrent.ThreadPoolExecutor.getTask(ThreadPoolExecutor.java:1074)
        at java.util.concurrent.ThreadPoolExecutor.runWorker(ThreadPoolExecutor.java:1134)
        at java.util.concurrent.ThreadPoolExecutor$Worker.run(ThreadPoolExecutor.java:624)
        at java.lang.Thread.run(Thread.java:748)
"pool-26-thread-7"  prio=5 tid=347 in Object.wait()
java.lang.Thread.State: WAITING (on object monitor)
        at sun.misc.Unsafe.park(Native Method)
        at java.util.concurrent.locks.LockSupport.park(LockSupport.java:175)
        at java.util.concurrent.locks.AbstractQueuedSynchronizer$ConditionObject.await(AbstractQueuedSynchronizer.java:2039)
        at java.util.concurrent.ArrayBlockingQueue.take(ArrayBlockingQueue.java:403)
        at java.util.concurrent.ThreadPoolExecutor.getTask(ThreadPoolExecutor.java:1074)
        at java.util.concurrent.ThreadPoolExecutor.runWorker(ThreadPoolExecutor.java:1134)
        at java.util.concurrent.ThreadPoolExecutor$Worker.run(ThreadPoolExecutor.java:624)
        at java.lang.Thread.run(Thread.java:748)
"SCMBlockDeletingService#0" daemon prio=5 tid=101 timed_waiting
java.lang.Thread.State: TIMED_WAITING
        at sun.misc.Unsafe.park(Native Method)
        at java.util.concurrent.locks.LockSupport.parkNanos(LockSupport.java:215)
        at java.util.concurrent.locks.AbstractQueuedSynchronizer$ConditionObject.awaitNanos(AbstractQueuedSynchronizer.java:2078)
        at java.util.concurrent.ScheduledThreadPoolExecutor$DelayedWorkQueue.take(ScheduledThreadPoolExecutor.java:1093)
        at java.util.concurrent.ScheduledThreadPoolExecutor$DelayedWorkQueue.take(ScheduledThreadPoolExecutor.java:809)
        at java.util.concurrent.ThreadPoolExecutor.getTask(ThreadPoolExecutor.java:1074)
        at java.util.concurrent.ThreadPoolExecutor.runWorker(ThreadPoolExecutor.java:1134)
        at java.util.concurrent.ThreadPoolExecutor$Worker.run(ThreadPoolExecutor.java:624)
        at java.lang.Thread.run(Thread.java:748)
"pool-66-thread-49"  prio=5 tid=694 in Object.wait()
java.lang.Thread.State: WAITING (on object monitor)
        at sun.misc.Unsafe.park(Native Method)
        at java.util.concurrent.locks.LockSupport.park(LockSupport.java:175)
        at java.util.concurrent.locks.AbstractQueuedSynchronizer$ConditionObject.await(AbstractQueuedSynchronizer.java:2039)
        at java.util.concurrent.ArrayBlockingQueue.take(ArrayBlockingQueue.java:403)
        at java.util.concurrent.ThreadPoolExecutor.getTask(ThreadPoolExecutor.java:1074)
        at java.util.concurrent.ThreadPoolExecutor.runWorker(ThreadPoolExecutor.java:1134)
        at java.util.concurrent.ThreadPoolExecutor$Worker.run(ThreadPoolExecutor.java:624)
        at java.lang.Thread.run(Thread.java:748)
"pool-46-thread-18"  prio=5 tid=390 in Object.wait()
java.lang.Thread.State: WAITING (on object monitor)
        at sun.misc.Unsafe.park(Native Method)
        at java.util.concurrent.locks.LockSupport.park(LockSupport.java:175)
        at java.util.concurrent.locks.AbstractQueuedSynchronizer$ConditionObject.await(AbstractQueuedSynchronizer.java:2039)
        at java.util.concurrent.ArrayBlockingQueue.take(ArrayBlockingQueue.java:403)
        at java.util.concurrent.ThreadPoolExecutor.getTask(ThreadPoolExecutor.java:1074)
        at java.util.concurrent.ThreadPoolExecutor.runWorker(ThreadPoolExecutor.java:1134)
        at java.util.concurrent.ThreadPoolExecutor$Worker.run(ThreadPoolExecutor.java:624)
        at java.lang.Thread.run(Thread.java:748)
"pool-26-thread-29"  prio=5 tid=438 in Object.wait()
java.lang.Thread.State: WAITING (on object monitor)
        at sun.misc.Unsafe.park(Native Method)
        at java.util.concurrent.locks.LockSupport.park(LockSupport.java:175)
        at java.util.concurrent.locks.AbstractQueuedSynchronizer$ConditionObject.await(AbstractQueuedSynchronizer.java:2039)
        at java.util.concurrent.ArrayBlockingQueue.take(ArrayBlockingQueue.java:403)
        at java.util.concurrent.ThreadPoolExecutor.getTask(ThreadPoolExecutor.java:1074)
        at java.util.concurrent.ThreadPoolExecutor.runWorker(ThreadPoolExecutor.java:1134)
        at java.util.concurrent.ThreadPoolExecutor$Worker.run(ThreadPoolExecutor.java:624)
        at java.lang.Thread.run(Thread.java:748)
"pool-36-thread-25"  prio=5 tid=441 in Object.wait()
java.lang.Thread.State: WAITING (on object monitor)
        at sun.misc.Unsafe.park(Native Method)
        at java.util.concurrent.locks.LockSupport.park(LockSupport.java:175)
        at java.util.concurrent.locks.AbstractQueuedSynchronizer$ConditionObject.await(AbstractQueuedSynchronizer.java:2039)
        at java.util.concurrent.ArrayBlockingQueue.take(ArrayBlockingQueue.java:403)
        at java.util.concurrent.ThreadPoolExecutor.getTask(ThreadPoolExecutor.java:1074)
        at java.util.concurrent.ThreadPoolExecutor.runWorker(ThreadPoolExecutor.java:1134)
        at java.util.concurrent.ThreadPoolExecutor$Worker.run(ThreadPoolExecutor.java:624)
        at java.lang.Thread.run(Thread.java:748)
"metrics-hadoop-metrics2-reporter-12-thread-1" daemon prio=5 tid=966 timed_waiting
java.lang.Thread.State: TIMED_WAITING
        at sun.misc.Unsafe.park(Native Method)
        at java.util.concurrent.locks.LockSupport.parkNanos(LockSupport.java:215)
        at java.util.concurrent.locks.AbstractQueuedSynchronizer$ConditionObject.awaitNanos(AbstractQueuedSynchronizer.java:2078)
        at java.util.concurrent.ScheduledThreadPoolExecutor$DelayedWorkQueue.take(ScheduledThreadPoolExecutor.java:1093)
        at java.util.concurrent.ScheduledThreadPoolExecutor$DelayedWorkQueue.take(ScheduledThreadPoolExecutor.java:809)
        at java.util.concurrent.ThreadPoolExecutor.getTask(ThreadPoolExecutor.java:1074)
        at java.util.concurrent.ThreadPoolExecutor.runWorker(ThreadPoolExecutor.java:1134)
        at java.util.concurrent.ThreadPoolExecutor$Worker.run(ThreadPoolExecutor.java:624)
        at java.lang.Thread.run(Thread.java:748)
"pool-86-thread-37"  prio=5 tid=855 in Object.wait()
java.lang.Thread.State: WAITING (on object monitor)
        at sun.misc.Unsafe.park(Native Method)
        at java.util.concurrent.locks.LockSupport.park(LockSupport.java:175)
        at java.util.concurrent.locks.AbstractQueuedSynchronizer$ConditionObject.await(AbstractQueuedSynchronizer.java:2039)
        at java.util.concurrent.ArrayBlockingQueue.take(ArrayBlockingQueue.java:403)
        at java.util.concurrent.ThreadPoolExecutor.getTask(ThreadPoolExecutor.java:1074)
        at java.util.concurrent.ThreadPoolExecutor.runWorker(ThreadPoolExecutor.java:1134)
        at java.util.concurrent.ThreadPoolExecutor$Worker.run(ThreadPoolExecutor.java:624)
        at java.lang.Thread.run(Thread.java:748)
"qtp934617920-596" daemon prio=5 tid=596 timed_waiting
java.lang.Thread.State: TIMED_WAITING
        at sun.misc.Unsafe.park(Native Method)
        at java.util.concurrent.locks.LockSupport.parkNanos(LockSupport.java:215)
        at java.util.concurrent.locks.AbstractQueuedSynchronizer$ConditionObject.awaitNanos(AbstractQueuedSynchronizer.java:2078)
        at org.eclipse.jetty.util.BlockingArrayQueue.poll(BlockingArrayQueue.java:392)
        at org.eclipse.jetty.util.thread.QueuedThreadPool.idleJobPoll(QueuedThreadPool.java:563)
        at org.eclipse.jetty.util.thread.QueuedThreadPool.access$800(QueuedThreadPool.java:48)
        at org.eclipse.jetty.util.thread.QueuedThreadPool$2.run(QueuedThreadPool.java:626)
        at java.lang.Thread.run(Thread.java:748)
"pool-46-thread-44"  prio=5 tid=525 in Object.wait()
java.lang.Thread.State: WAITING (on object monitor)
        at sun.misc.Unsafe.park(Native Method)
        at java.util.concurrent.locks.LockSupport.park(LockSupport.java:175)
        at java.util.concurrent.locks.AbstractQueuedSynchronizer$ConditionObject.await(AbstractQueuedSynchronizer.java:2039)
        at java.util.concurrent.ArrayBlockingQueue.take(ArrayBlockingQueue.java:403)
        at java.util.concurrent.ThreadPoolExecutor.getTask(ThreadPoolExecutor.java:1074)
        at java.util.concurrent.ThreadPoolExecutor.runWorker(ThreadPoolExecutor.java:1134)
        at java.util.concurrent.ThreadPoolExecutor$Worker.run(ThreadPoolExecutor.java:624)
        at java.lang.Thread.run(Thread.java:748)
"KeyDeletingService#0" daemon prio=5 tid=113 timed_waiting
java.lang.Thread.State: TIMED_WAITING
        at sun.misc.Unsafe.park(Native Method)
        at java.util.concurrent.locks.LockSupport.parkNanos(LockSupport.java:215)
        at java.util.concurrent.locks.AbstractQueuedSynchronizer$ConditionObject.awaitNanos(AbstractQueuedSynchronizer.java:2078)
        at java.util.concurrent.ScheduledThreadPoolExecutor$DelayedWorkQueue.take(ScheduledThreadPoolExecutor.java:1093)
        at java.util.concurrent.ScheduledThreadPoolExecutor$DelayedWorkQueue.take(ScheduledThreadPoolExecutor.java:809)
        at java.util.concurrent.ThreadPoolExecutor.getTask(ThreadPoolExecutor.java:1074)
        at java.util.concurrent.ThreadPoolExecutor.runWorker(ThreadPoolExecutor.java:1134)
        at java.util.concurrent.ThreadPoolExecutor$Worker.run(ThreadPoolExecutor.java:624)
        at java.lang.Thread.run(Thread.java:748)
"metrics-hadoop-metrics2-reporter-8-thread-1" daemon prio=5 tid=956 timed_waiting
java.lang.Thread.State: TIMED_WAITING
        at sun.misc.Unsafe.park(Native Method)
        at java.util.concurrent.locks.LockSupport.parkNanos(LockSupport.java:215)
        at java.util.concurrent.locks.AbstractQueuedSynchronizer$ConditionObject.awaitNanos(AbstractQueuedSynchronizer.java:2078)
        at java.util.concurrent.ScheduledThreadPoolExecutor$DelayedWorkQueue.take(ScheduledThreadPoolExecutor.java:1093)
        at java.util.concurrent.ScheduledThreadPoolExecutor$DelayedWorkQueue.take(ScheduledThreadPoolExecutor.java:809)
        at java.util.concurrent.ThreadPoolExecutor.getTask(ThreadPoolExecutor.java:1074)
        at java.util.concurrent.ThreadPoolExecutor.runWorker(ThreadPoolExecutor.java:1134)
        at java.util.concurrent.ThreadPoolExecutor$Worker.run(ThreadPoolExecutor.java:624)
        at java.lang.Thread.run(Thread.java:748)
"pool-36-thread-50"  prio=5 tid=554 in Object.wait()
java.lang.Thread.State: WAITING (on object monitor)
        at sun.misc.Unsafe.park(Native Method)
        at java.util.concurrent.locks.LockSupport.park(LockSupport.java:175)
        at java.util.concurrent.locks.AbstractQueuedSynchronizer$ConditionObject.await(AbstractQueuedSynchronizer.java:2039)
        at java.util.concurrent.ArrayBlockingQueue.take(ArrayBlockingQueue.java:403)
        at java.util.concurrent.ThreadPoolExecutor.getTask(ThreadPoolExecutor.java:1074)
        at java.util.concurrent.ThreadPoolExecutor.runWorker(ThreadPoolExecutor.java:1134)
        at java.util.concurrent.ThreadPoolExecutor$Worker.run(ThreadPoolExecutor.java:624)
        at java.lang.Thread.run(Thread.java:748)
"4b7a3050-62f1-41a0-b275-38638fa6aa33@group-575707D9BA83-StateMachineUpdater" daemon prio=5 tid=1126 in Object.wait()
java.lang.Thread.State: WAITING (on object monitor)
        at java.lang.Object.wait(Native Method)
        at java.lang.Object.wait(Object.java:502)
        at org.apache.ratis.server.impl.StateMachineUpdater.waitForCommit(StateMachineUpdater.java:194)
        at org.apache.ratis.server.impl.StateMachineUpdater.run(StateMachineUpdater.java:159)
        at java.lang.Thread.run(Thread.java:748)
"pool-117-thread-11"  prio=5 tid=1070 in Object.wait()
java.lang.Thread.State: WAITING (on object monitor)
        at sun.misc.Unsafe.park(Native Method)
        at java.util.concurrent.locks.LockSupport.park(LockSupport.java:175)
        at java.util.concurrent.locks.AbstractQueuedSynchronizer$ConditionObject.await(AbstractQueuedSynchronizer.java:2039)
        at java.util.concurrent.ArrayBlockingQueue.take(ArrayBlockingQueue.java:403)
        at java.util.concurrent.ThreadPoolExecutor.getTask(ThreadPoolExecutor.java:1074)
        at java.util.concurrent.ThreadPoolExecutor.runWorker(ThreadPoolExecutor.java:1134)
        at java.util.concurrent.ThreadPoolExecutor$Worker.run(ThreadPoolExecutor.java:624)
        at java.lang.Thread.run(Thread.java:748)
"qtp549049813-267" daemon prio=5 tid=267 runnable
java.lang.Thread.State: RUNNABLE
        at sun.nio.ch.EPollArrayWrapper.epollWait(Native Method)
        at sun.nio.ch.EPollArrayWrapper.poll(EPollArrayWrapper.java:269)
        at sun.nio.ch.EPollSelectorImpl.doSelect(EPollSelectorImpl.java:93)
        at sun.nio.ch.SelectorImpl.lockAndDoSelect(SelectorImpl.java:86)
        at sun.nio.ch.SelectorImpl.select(SelectorImpl.java:97)
        at sun.nio.ch.SelectorImpl.select(SelectorImpl.java:101)
        at org.eclipse.jetty.io.ManagedSelector$SelectorProducer.select(ManagedSelector.java:243)
        at org.eclipse.jetty.io.ManagedSelector$SelectorProducer.produce(ManagedSelector.java:191)
        at org.eclipse.jetty.util.thread.strategy.ExecuteProduceConsume.executeProduceConsume(ExecuteProduceConsume.java:249)
        at org.eclipse.jetty.util.thread.strategy.ExecuteProduceConsume.produceConsume(ExecuteProduceConsume.java:148)
        at org.eclipse.jetty.util.thread.strategy.ExecuteProduceConsume.execute(ExecuteProduceConsume.java:100)
        at org.eclipse.jetty.io.ManagedSelector.run(ManagedSelector.java:147)
        at org.eclipse.jetty.util.thread.QueuedThreadPool.runJob(QueuedThreadPool.java:671)
        at org.eclipse.jetty.util.thread.QueuedThreadPool$2.run(QueuedThreadPool.java:589)
        at java.lang.Thread.run(Thread.java:748)
"IPC Server handler 1 on 40878" daemon prio=5 tid=50 timed_waiting
java.lang.Thread.State: TIMED_WAITING
        at sun.misc.Unsafe.park(Native Method)
        at java.util.concurrent.locks.LockSupport.parkNanos(LockSupport.java:215)
        at java.util.concurrent.locks.AbstractQueuedSynchronizer$ConditionObject.awaitNanos(AbstractQueuedSynchronizer.java:2078)
        at java.util.concurrent.LinkedBlockingQueue.poll(LinkedBlockingQueue.java:467)
        at org.apache.hadoop.ipc.CallQueueManager.take(CallQueueManager.java:288)
        at org.apache.hadoop.ipc.Server$Handler.run(Server.java:2668)
"IPC Server idle connection scanner for port 37838" daemon prio=5 tid=16 timed_waiting
java.lang.Thread.State: TIMED_WAITING
        at java.lang.Object.wait(Native Method)
        at java.util.TimerThread.mainLoop(Timer.java:552)
        at java.util.TimerThread.run(Timer.java:505)
"pool-76-thread-59"  prio=5 tid=805 in Object.wait()
java.lang.Thread.State: WAITING (on object monitor)
        at sun.misc.Unsafe.park(Native Method)
        at java.util.concurrent.locks.LockSupport.park(LockSupport.java:175)
        at java.util.concurrent.locks.AbstractQueuedSynchronizer$ConditionObject.await(AbstractQueuedSynchronizer.java:2039)
        at java.util.concurrent.ArrayBlockingQueue.take(ArrayBlockingQueue.java:403)
        at java.util.concurrent.ThreadPoolExecutor.getTask(ThreadPoolExecutor.java:1074)
        at java.util.concurrent.ThreadPoolExecutor.runWorker(ThreadPoolExecutor.java:1134)
        at java.util.concurrent.ThreadPoolExecutor$Worker.run(ThreadPoolExecutor.java:624)
        at java.lang.Thread.run(Thread.java:748)
"pool-66-thread-19"  prio=5 tid=656 in Object.wait()
java.lang.Thread.State: WAITING (on object monitor)
        at sun.misc.Unsafe.park(Native Method)
        at java.util.concurrent.locks.LockSupport.park(LockSupport.java:175)
        at java.util.concurrent.locks.AbstractQueuedSynchronizer$ConditionObject.await(AbstractQueuedSynchronizer.java:2039)
        at java.util.concurrent.ArrayBlockingQueue.take(ArrayBlockingQueue.java:403)
        at java.util.concurrent.ThreadPoolExecutor.getTask(ThreadPoolExecutor.java:1074)
        at java.util.concurrent.ThreadPoolExecutor.runWorker(ThreadPoolExecutor.java:1134)
        at java.util.concurrent.ThreadPoolExecutor$Worker.run(ThreadPoolExecutor.java:624)
        at java.lang.Thread.run(Thread.java:748)
"pool-86-thread-24"  prio=5 tid=842 in Object.wait()
java.lang.Thread.State: WAITING (on object monitor)
        at sun.misc.Unsafe.park(Native Method)
        at java.util.concurrent.locks.LockSupport.park(LockSupport.java:175)
        at java.util.concurrent.locks.AbstractQueuedSynchronizer$ConditionObject.await(AbstractQueuedSynchronizer.java:2039)
        at java.util.concurrent.ArrayBlockingQueue.take(ArrayBlockingQueue.java:403)
        at java.util.concurrent.ThreadPoolExecutor.getTask(ThreadPoolExecutor.java:1074)
        at java.util.concurrent.ThreadPoolExecutor.runWorker(ThreadPoolExecutor.java:1134)
        at java.util.concurrent.ThreadPoolExecutor$Worker.run(ThreadPoolExecutor.java:624)
        at java.lang.Thread.run(Thread.java:748)
"Datanode State Machine Thread - 0" daemon prio=5 tid=734 timed_waiting
java.lang.Thread.State: TIMED_WAITING
        at sun.misc.Unsafe.park(Native Method)
        at java.util.concurrent.locks.LockSupport.parkNanos(LockSupport.java:215)
        at java.util.concurrent.SynchronousQueue$TransferStack.awaitFulfill(SynchronousQueue.java:460)
        at java.util.concurrent.SynchronousQueue$TransferStack.transfer(SynchronousQueue.java:362)
        at java.util.concurrent.SynchronousQueue.poll(SynchronousQueue.java:941)
        at java.util.concurrent.ThreadPoolExecutor.getTask(ThreadPoolExecutor.java:1073)
        at java.util.concurrent.ThreadPoolExecutor.runWorker(ThreadPoolExecutor.java:1134)
        at java.util.concurrent.ThreadPoolExecutor$Worker.run(ThreadPoolExecutor.java:624)
        at java.lang.Thread.run(Thread.java:748)
"pool-26-thread-19"  prio=5 tid=399 in Object.wait()
java.lang.Thread.State: WAITING (on object monitor)
        at sun.misc.Unsafe.park(Native Method)
        at java.util.concurrent.locks.LockSupport.park(LockSupport.java:175)
        at java.util.concurrent.locks.AbstractQueuedSynchronizer$ConditionObject.await(AbstractQueuedSynchronizer.java:2039)
        at java.util.concurrent.ArrayBlockingQueue.take(ArrayBlockingQueue.java:403)
        at java.util.concurrent.ThreadPoolExecutor.getTask(ThreadPoolExecutor.java:1074)
        at java.util.concurrent.ThreadPoolExecutor.runWorker(ThreadPoolExecutor.java:1134)
        at java.util.concurrent.ThreadPoolExecutor$Worker.run(ThreadPoolExecutor.java:624)
        at java.lang.Thread.run(Thread.java:748)
"pool-117-thread-27"  prio=5 tid=1086 in Object.wait()
java.lang.Thread.State: WAITING (on object monitor)
        at sun.misc.Unsafe.park(Native Method)
        at java.util.concurrent.locks.LockSupport.park(LockSupport.java:175)
        at java.util.concurrent.locks.AbstractQueuedSynchronizer$ConditionObject.await(AbstractQueuedSynchronizer.java:2039)
        at java.util.concurrent.ArrayBlockingQueue.take(ArrayBlockingQueue.java:403)
        at java.util.concurrent.ThreadPoolExecutor.getTask(ThreadPoolExecutor.java:1074)
        at java.util.concurrent.ThreadPoolExecutor.runWorker(ThreadPoolExecutor.java:1134)
        at java.util.concurrent.ThreadPoolExecutor$Worker.run(ThreadPoolExecutor.java:624)
        at java.lang.Thread.run(Thread.java:748)
"pool-96-thread-3"  prio=5 tid=885 in Object.wait()
java.lang.Thread.State: WAITING (on object monitor)
        at sun.misc.Unsafe.park(Native Method)
        at java.util.concurrent.locks.LockSupport.park(LockSupport.java:175)
        at java.util.concurrent.locks.AbstractQueuedSynchronizer$ConditionObject.await(AbstractQueuedSynchronizer.java:2039)
        at java.util.concurrent.ArrayBlockingQueue.take(ArrayBlockingQueue.java:403)
        at java.util.concurrent.ThreadPoolExecutor.getTask(ThreadPoolExecutor.java:1074)
        at java.util.concurrent.ThreadPoolExecutor.runWorker(ThreadPoolExecutor.java:1134)
        at java.util.concurrent.ThreadPoolExecutor$Worker.run(ThreadPoolExecutor.java:624)
        at java.lang.Thread.run(Thread.java:748)
"qtp2035381640-92" daemon prio=5 tid=92 timed_waiting
java.lang.Thread.State: TIMED_WAITING
        at sun.misc.Unsafe.park(Native Method)
        at java.util.concurrent.locks.LockSupport.parkNanos(LockSupport.java:215)
        at java.util.concurrent.locks.AbstractQueuedSynchronizer$ConditionObject.awaitNanos(AbstractQueuedSynchronizer.java:2078)
        at org.eclipse.jetty.util.BlockingArrayQueue.poll(BlockingArrayQueue.java:392)
        at org.eclipse.jetty.util.thread.QueuedThreadPool.idleJobPoll(QueuedThreadPool.java:563)
        at org.eclipse.jetty.util.thread.QueuedThreadPool.access$800(QueuedThreadPool.java:48)
        at org.eclipse.jetty.util.thread.QueuedThreadPool$2.run(QueuedThreadPool.java:626)
        at java.lang.Thread.run(Thread.java:748)
"Thread-366" daemon prio=5 tid=1234 timed_waiting
java.lang.Thread.State: TIMED_WAITING
        at sun.misc.Unsafe.park(Native Method)
        at java.util.concurrent.locks.LockSupport.parkNanos(LockSupport.java:215)
        at java.util.concurrent.locks.AbstractQueuedSynchronizer$ConditionObject.awaitNanos(AbstractQueuedSynchronizer.java:2078)
        at java.util.concurrent.ArrayBlockingQueue.poll(ArrayBlockingQueue.java:418)
        at org.apache.ratis.server.impl.LeaderState$EventQueue.poll(LeaderState.java:116)
        at org.apache.ratis.server.impl.LeaderState$EventProcessor.run(LeaderState.java:468)
"pool-76-thread-2"  prio=5 tid=748 in Object.wait()
java.lang.Thread.State: WAITING (on object monitor)
        at sun.misc.Unsafe.park(Native Method)
        at java.util.concurrent.locks.LockSupport.park(LockSupport.java:175)
        at java.util.concurrent.locks.AbstractQueuedSynchronizer$ConditionObject.await(AbstractQueuedSynchronizer.java:2039)
        at java.util.concurrent.ArrayBlockingQueue.take(ArrayBlockingQueue.java:403)
        at java.util.concurrent.ThreadPoolExecutor.getTask(ThreadPoolExecutor.java:1074)
        at java.util.concurrent.ThreadPoolExecutor.runWorker(ThreadPoolExecutor.java:1134)
        at java.util.concurrent.ThreadPoolExecutor$Worker.run(ThreadPoolExecutor.java:624)
        at java.lang.Thread.run(Thread.java:748)
"pool-117-thread-16"  prio=5 tid=1075 in Object.wait()
java.lang.Thread.State: WAITING (on object monitor)
        at sun.misc.Unsafe.park(Native Method)
        at java.util.concurrent.locks.LockSupport.park(LockSupport.java:175)
        at java.util.concurrent.locks.AbstractQueuedSynchronizer$ConditionObject.await(AbstractQueuedSynchronizer.java:2039)
        at java.util.concurrent.ArrayBlockingQueue.take(ArrayBlockingQueue.java:403)
        at java.util.concurrent.ThreadPoolExecutor.getTask(ThreadPoolExecutor.java:1074)
        at java.util.concurrent.ThreadPoolExecutor.runWorker(ThreadPoolExecutor.java:1134)
        at java.util.concurrent.ThreadPoolExecutor$Worker.run(ThreadPoolExecutor.java:624)
        at java.lang.Thread.run(Thread.java:748)
"pool-26-thread-58"  prio=5 tid=539 in Object.wait()
java.lang.Thread.State: WAITING (on object monitor)
        at sun.misc.Unsafe.park(Native Method)
        at java.util.concurrent.locks.LockSupport.park(LockSupport.java:175)
        at java.util.concurrent.locks.AbstractQueuedSynchronizer$ConditionObject.await(AbstractQueuedSynchronizer.java:2039)
        at java.util.concurrent.ArrayBlockingQueue.take(ArrayBlockingQueue.java:403)
        at java.util.concurrent.ThreadPoolExecutor.getTask(ThreadPoolExecutor.java:1074)
        at java.util.concurrent.ThreadPoolExecutor.runWorker(ThreadPoolExecutor.java:1134)
        at java.util.concurrent.ThreadPoolExecutor$Worker.run(ThreadPoolExecutor.java:624)
        at java.lang.Thread.run(Thread.java:748)
"6c42b2c0-be2d-45a9-9e22-a67f6ac9562e@group-B1DA5B12FD43-StateMachineUpdater" daemon prio=5 tid=971 in Object.wait()
java.lang.Thread.State: WAITING (on object monitor)
        at java.lang.Object.wait(Native Method)
        at java.lang.Object.wait(Object.java:502)
        at org.apache.ratis.server.impl.StateMachineUpdater.waitForCommit(StateMachineUpdater.java:194)
        at org.apache.ratis.server.impl.StateMachineUpdater.run(StateMachineUpdater.java:159)
        at java.lang.Thread.run(Thread.java:748)
"pool-36-thread-40"  prio=5 tid=519 in Object.wait()
java.lang.Thread.State: WAITING (on object monitor)
        at sun.misc.Unsafe.park(Native Method)
        at java.util.concurrent.locks.LockSupport.park(LockSupport.java:175)
        at java.util.concurrent.locks.AbstractQueuedSynchronizer$ConditionObject.await(AbstractQueuedSynchronizer.java:2039)
        at java.util.concurrent.ArrayBlockingQueue.take(ArrayBlockingQueue.java:403)
        at java.util.concurrent.ThreadPoolExecutor.getTask(ThreadPoolExecutor.java:1074)
        at java.util.concurrent.ThreadPoolExecutor.runWorker(ThreadPoolExecutor.java:1134)
        at java.util.concurrent.ThreadPoolExecutor$Worker.run(ThreadPoolExecutor.java:624)
        at java.lang.Thread.run(Thread.java:748)
"d4e5ac39-62a0-42b5-ac75-503c3fe19161@group-24F9B359B75D-SegmentedRaftLogWorker"  prio=5 tid=1042 timed_waiting
java.lang.Thread.State: TIMED_WAITING
        at sun.misc.Unsafe.park(Native Method)
        at java.util.concurrent.locks.LockSupport.parkNanos(LockSupport.java:215)
        at java.util.concurrent.locks.AbstractQueuedSynchronizer$ConditionObject.awaitNanos(AbstractQueuedSynchronizer.java:2078)
        at org.apache.ratis.util.DataBlockingQueue.poll(DataBlockingQueue.java:137)
        at org.apache.ratis.server.raftlog.segmented.SegmentedRaftLogWorker.run(SegmentedRaftLogWorker.java:282)
        at java.lang.Thread.run(Thread.java:748)
"pool-106-thread-11"  prio=5 tid=990 in Object.wait()
java.lang.Thread.State: WAITING (on object monitor)
        at sun.misc.Unsafe.park(Native Method)
        at java.util.concurrent.locks.LockSupport.park(LockSupport.java:175)
        at java.util.concurrent.locks.AbstractQueuedSynchronizer$ConditionObject.await(AbstractQueuedSynchronizer.java:2039)
        at java.util.concurrent.ArrayBlockingQueue.take(ArrayBlockingQueue.java:403)
        at java.util.concurrent.ThreadPoolExecutor.getTask(ThreadPoolExecutor.java:1074)
        at java.util.concurrent.ThreadPoolExecutor.runWorker(ThreadPoolExecutor.java:1134)
        at java.util.concurrent.ThreadPoolExecutor$Worker.run(ThreadPoolExecutor.java:624)
        at java.lang.Thread.run(Thread.java:748)
"metrics-hadoop-metrics2-reporter-6-thread-1" daemon prio=5 tid=950 timed_waiting
java.lang.Thread.State: TIMED_WAITING
        at sun.misc.Unsafe.park(Native Method)
        at java.util.concurrent.locks.LockSupport.parkNanos(LockSupport.java:215)
        at java.util.concurrent.locks.AbstractQueuedSynchronizer$ConditionObject.awaitNanos(AbstractQueuedSynchronizer.java:2078)
        at java.util.concurrent.ScheduledThreadPoolExecutor$DelayedWorkQueue.take(ScheduledThreadPoolExecutor.java:1093)
        at java.util.concurrent.ScheduledThreadPoolExecutor$DelayedWorkQueue.take(ScheduledThreadPoolExecutor.java:809)
        at java.util.concurrent.ThreadPoolExecutor.getTask(ThreadPoolExecutor.java:1074)
        at java.util.concurrent.ThreadPoolExecutor.runWorker(ThreadPoolExecutor.java:1134)
        at java.util.concurrent.ThreadPoolExecutor$Worker.run(ThreadPoolExecutor.java:624)
        at java.lang.Thread.run(Thread.java:748)
"qtp747378368-719" daemon prio=5 tid=719 timed_waiting
java.lang.Thread.State: TIMED_WAITING
        at sun.misc.Unsafe.park(Native Method)
        at java.util.concurrent.locks.LockSupport.parkNanos(LockSupport.java:215)
        at java.util.concurrent.locks.AbstractQueuedSynchronizer$ConditionObject.awaitNanos(AbstractQueuedSynchronizer.java:2078)
        at org.eclipse.jetty.util.BlockingArrayQueue.poll(BlockingArrayQueue.java:392)
        at org.eclipse.jetty.util.thread.QueuedThreadPool.idleJobPoll(QueuedThreadPool.java:563)
        at org.eclipse.jetty.util.thread.QueuedThreadPool.access$800(QueuedThreadPool.java:48)
        at org.eclipse.jetty.util.thread.QueuedThreadPool$2.run(QueuedThreadPool.java:626)
        at java.lang.Thread.run(Thread.java:748)
"pool-76-thread-3"  prio=5 tid=749 in Object.wait()
java.lang.Thread.State: WAITING (on object monitor)
        at sun.misc.Unsafe.park(Native Method)
        at java.util.concurrent.locks.LockSupport.park(LockSupport.java:175)
        at java.util.concurrent.locks.AbstractQueuedSynchronizer$ConditionObject.await(AbstractQueuedSynchronizer.java:2039)
        at java.util.concurrent.ArrayBlockingQueue.take(ArrayBlockingQueue.java:403)
        at java.util.concurrent.ThreadPoolExecutor.getTask(ThreadPoolExecutor.java:1074)
        at java.util.concurrent.ThreadPoolExecutor.runWorker(ThreadPoolExecutor.java:1134)
        at java.util.concurrent.ThreadPoolExecutor$Worker.run(ThreadPoolExecutor.java:624)
        at java.lang.Thread.run(Thread.java:748)
"metrics-hadoop-metrics2-reporter-48-thread-1" daemon prio=5 tid=1197 timed_waiting
java.lang.Thread.State: TIMED_WAITING
        at sun.misc.Unsafe.park(Native Method)
        at java.util.concurrent.locks.LockSupport.parkNanos(LockSupport.java:215)
        at java.util.concurrent.locks.AbstractQueuedSynchronizer$ConditionObject.awaitNanos(AbstractQueuedSynchronizer.java:2078)
        at java.util.concurrent.ScheduledThreadPoolExecutor$DelayedWorkQueue.take(ScheduledThreadPoolExecutor.java:1093)
        at java.util.concurrent.ScheduledThreadPoolExecutor$DelayedWorkQueue.take(ScheduledThreadPoolExecutor.java:809)
        at java.util.concurrent.ThreadPoolExecutor.getTask(ThreadPoolExecutor.java:1074)
        at java.util.concurrent.ThreadPoolExecutor.runWorker(ThreadPoolExecutor.java:1134)
        at java.util.concurrent.ThreadPoolExecutor$Worker.run(ThreadPoolExecutor.java:624)
        at java.lang.Thread.run(Thread.java:748)
"grpc-default-worker-ELG-3-4" daemon prio=5 tid=810 runnable
java.lang.Thread.State: RUNNABLE
        at sun.nio.ch.EPollArrayWrapper.epollWait(Native Method)
        at sun.nio.ch.EPollArrayWrapper.poll(EPollArrayWrapper.java:269)
        at sun.nio.ch.EPollSelectorImpl.doSelect(EPollSelectorImpl.java:93)
        at sun.nio.ch.SelectorImpl.lockAndDoSelect(SelectorImpl.java:86)
        at sun.nio.ch.SelectorImpl.select(SelectorImpl.java:97)
        at org.apache.ratis.thirdparty.io.netty.channel.nio.SelectedSelectionKeySetSelector.select(SelectedSelectionKeySetSelector.java:62)
        at org.apache.ratis.thirdparty.io.netty.channel.nio.NioEventLoop.select(NioEventLoop.java:753)
        at org.apache.ratis.thirdparty.io.netty.channel.nio.NioEventLoop.run(NioEventLoop.java:408)
        at org.apache.ratis.thirdparty.io.netty.util.concurrent.SingleThreadEventExecutor$5.run(SingleThreadEventExecutor.java:897)
        at org.apache.ratis.thirdparty.io.netty.util.concurrent.FastThreadLocalRunnable.run(FastThreadLocalRunnable.java:30)
        at java.lang.Thread.run(Thread.java:748)
"jaeger.RemoteReporter-QueueProcessor" daemon prio=5 tid=147 in Object.wait()
java.lang.Thread.State: WAITING (on object monitor)
        at sun.misc.Unsafe.park(Native Method)
        at java.util.concurrent.locks.LockSupport.park(LockSupport.java:175)
        at java.util.concurrent.locks.AbstractQueuedSynchronizer$ConditionObject.await(AbstractQueuedSynchronizer.java:2039)
        at java.util.concurrent.ArrayBlockingQueue.take(ArrayBlockingQueue.java:403)
        at io.jaegertracing.internal.reporters.RemoteReporter$QueueProcessor.run(RemoteReporter.java:173)
        at java.lang.Thread.run(Thread.java:748)
"pool-117-thread-53"  prio=5 tid=1112 in Object.wait()
java.lang.Thread.State: WAITING (on object monitor)
        at sun.misc.Unsafe.park(Native Method)
        at java.util.concurrent.locks.LockSupport.park(LockSupport.java:175)
        at java.util.concurrent.locks.AbstractQueuedSynchronizer$ConditionObject.await(AbstractQueuedSynchronizer.java:2039)
        at java.util.concurrent.ArrayBlockingQueue.take(ArrayBlockingQueue.java:403)
        at java.util.concurrent.ThreadPoolExecutor.getTask(ThreadPoolExecutor.java:1074)
        at java.util.concurrent.ThreadPoolExecutor.runWorker(ThreadPoolExecutor.java:1134)
        at java.util.concurrent.ThreadPoolExecutor$Worker.run(ThreadPoolExecutor.java:624)
        at java.lang.Thread.run(Thread.java:748)
"qtp856047451-624" daemon prio=5 tid=624 timed_waiting
java.lang.Thread.State: TIMED_WAITING
        at sun.misc.Unsafe.park(Native Method)
        at java.util.concurrent.locks.LockSupport.parkNanos(LockSupport.java:215)
        at java.util.concurrent.locks.AbstractQueuedSynchronizer$ConditionObject.awaitNanos(AbstractQueuedSynchronizer.java:2078)
        at org.eclipse.jetty.util.BlockingArrayQueue.poll(BlockingArrayQueue.java:392)
        at org.eclipse.jetty.util.thread.QueuedThreadPool.idleJobPoll(QueuedThreadPool.java:563)
        at org.eclipse.jetty.util.thread.QueuedThreadPool.access$800(QueuedThreadPool.java:48)
        at org.eclipse.jetty.util.thread.QueuedThreadPool$2.run(QueuedThreadPool.java:626)
        at java.lang.Thread.run(Thread.java:748)
"grpc-default-boss-ELG-1-1" daemon prio=5 tid=617 runnable
java.lang.Thread.State: RUNNABLE
        at sun.nio.ch.EPollArrayWrapper.epollWait(Native Method)
        at sun.nio.ch.EPollArrayWrapper.poll(EPollArrayWrapper.java:269)
        at sun.nio.ch.EPollSelectorImpl.doSelect(EPollSelectorImpl.java:93)
        at sun.nio.ch.SelectorImpl.lockAndDoSelect(SelectorImpl.java:86)
        at sun.nio.ch.SelectorImpl.select(SelectorImpl.java:97)
        at org.apache.ratis.thirdparty.io.netty.channel.nio.SelectedSelectionKeySetSelector.select(SelectedSelectionKeySetSelector.java:62)
        at org.apache.ratis.thirdparty.io.netty.channel.nio.NioEventLoop.select(NioEventLoop.java:753)
        at org.apache.ratis.thirdparty.io.netty.channel.nio.NioEventLoop.run(NioEventLoop.java:408)
        at org.apache.ratis.thirdparty.io.netty.util.concurrent.SingleThreadEventExecutor$5.run(SingleThreadEventExecutor.java:897)
        at org.apache.ratis.thirdparty.io.netty.util.concurrent.FastThreadLocalRunnable.run(FastThreadLocalRunnable.java:30)
        at java.lang.Thread.run(Thread.java:748)
"pool-106-thread-37"  prio=5 tid=1016 in Object.wait()
java.lang.Thread.State: WAITING (on object monitor)
        at sun.misc.Unsafe.park(Native Method)
        at java.util.concurrent.locks.LockSupport.park(LockSupport.java:175)
        at java.util.concurrent.locks.AbstractQueuedSynchronizer$ConditionObject.await(AbstractQueuedSynchronizer.java:2039)
        at java.util.concurrent.ArrayBlockingQueue.take(ArrayBlockingQueue.java:403)
        at java.util.concurrent.ThreadPoolExecutor.getTask(ThreadPoolExecutor.java:1074)
        at java.util.concurrent.ThreadPoolExecutor.runWorker(ThreadPoolExecutor.java:1134)
        at java.util.concurrent.ThreadPoolExecutor$Worker.run(ThreadPoolExecutor.java:624)
        at java.lang.Thread.run(Thread.java:748)
"pool-96-thread-56"  prio=5 tid=938 in Object.wait()
java.lang.Thread.State: WAITING (on object monitor)
        at sun.misc.Unsafe.park(Native Method)
        at java.util.concurrent.locks.LockSupport.park(LockSupport.java:175)
        at java.util.concurrent.locks.AbstractQueuedSynchronizer$ConditionObject.await(AbstractQueuedSynchronizer.java:2039)
        at java.util.concurrent.ArrayBlockingQueue.take(ArrayBlockingQueue.java:403)
        at java.util.concurrent.ThreadPoolExecutor.getTask(ThreadPoolExecutor.java:1074)
        at java.util.concurrent.ThreadPoolExecutor.runWorker(ThreadPoolExecutor.java:1134)
        at java.util.concurrent.ThreadPoolExecutor$Worker.run(ThreadPoolExecutor.java:624)
        at java.lang.Thread.run(Thread.java:748)
"pool-117-thread-57"  prio=5 tid=1116 in Object.wait()
java.lang.Thread.State: WAITING (on object monitor)
        at sun.misc.Unsafe.park(Native Method)
        at java.util.concurrent.locks.LockSupport.park(LockSupport.java:175)
        at java.util.concurrent.locks.AbstractQueuedSynchronizer$ConditionObject.await(AbstractQueuedSynchronizer.java:2039)
        at java.util.concurrent.ArrayBlockingQueue.take(ArrayBlockingQueue.java:403)
        at java.util.concurrent.ThreadPoolExecutor.getTask(ThreadPoolExecutor.java:1074)
        at java.util.concurrent.ThreadPoolExecutor.runWorker(ThreadPoolExecutor.java:1134)
        at java.util.concurrent.ThreadPoolExecutor$Worker.run(ThreadPoolExecutor.java:624)
        at java.lang.Thread.run(Thread.java:748)
"pool-106-thread-55"  prio=5 tid=1034 in Object.wait()
java.lang.Thread.State: WAITING (on object monitor)
        at sun.misc.Unsafe.park(Native Method)
        at java.util.concurrent.locks.LockSupport.park(LockSupport.java:175)
        at java.util.concurrent.locks.AbstractQueuedSynchronizer$ConditionObject.await(AbstractQueuedSynchronizer.java:2039)
        at java.util.concurrent.ArrayBlockingQueue.take(ArrayBlockingQueue.java:403)
        at java.util.concurrent.ThreadPoolExecutor.getTask(ThreadPoolExecutor.java:1074)
        at java.util.concurrent.ThreadPoolExecutor.runWorker(ThreadPoolExecutor.java:1134)
        at java.util.concurrent.ThreadPoolExecutor$Worker.run(ThreadPoolExecutor.java:624)
        at java.lang.Thread.run(Thread.java:748)
"pool-46-thread-60"  prio=5 tid=585 in Object.wait()
java.lang.Thread.State: WAITING (on object monitor)
        at sun.misc.Unsafe.park(Native Method)
        at java.util.concurrent.locks.LockSupport.park(LockSupport.java:175)
        at java.util.concurrent.locks.AbstractQueuedSynchronizer$ConditionObject.await(AbstractQueuedSynchronizer.java:2039)
        at java.util.concurrent.ArrayBlockingQueue.take(ArrayBlockingQueue.java:403)
        at java.util.concurrent.ThreadPoolExecutor.getTask(ThreadPoolExecutor.java:1074)
        at java.util.concurrent.ThreadPoolExecutor.runWorker(ThreadPoolExecutor.java:1134)
        at java.util.concurrent.ThreadPoolExecutor$Worker.run(ThreadPoolExecutor.java:624)
        at java.lang.Thread.run(Thread.java:748)
"pool-36-thread-30"  prio=5 tid=473 in Object.wait()
java.lang.Thread.State: WAITING (on object monitor)
        at sun.misc.Unsafe.park(Native Method)
        at java.util.concurrent.locks.LockSupport.park(LockSupport.java:175)
        at java.util.concurrent.locks.AbstractQueuedSynchronizer$ConditionObject.await(AbstractQueuedSynchronizer.java:2039)
        at java.util.concurrent.ArrayBlockingQueue.take(ArrayBlockingQueue.java:403)
        at java.util.concurrent.ThreadPoolExecutor.getTask(ThreadPoolExecutor.java:1074)
        at java.util.concurrent.ThreadPoolExecutor.runWorker(ThreadPoolExecutor.java:1134)
        at java.util.concurrent.ThreadPoolExecutor$Worker.run(ThreadPoolExecutor.java:624)
        at java.lang.Thread.run(Thread.java:748)
"pool-86-thread-20"  prio=5 tid=838 in Object.wait()
java.lang.Thread.State: WAITING (on object monitor)
        at sun.misc.Unsafe.park(Native Method)
        at java.util.concurrent.locks.LockSupport.park(LockSupport.java:175)
        at java.util.concurrent.locks.AbstractQueuedSynchronizer$ConditionObject.await(AbstractQueuedSynchronizer.java:2039)
        at java.util.concurrent.ArrayBlockingQueue.take(ArrayBlockingQueue.java:403)
        at java.util.concurrent.ThreadPoolExecutor.getTask(ThreadPoolExecutor.java:1074)
        at java.util.concurrent.ThreadPoolExecutor.runWorker(ThreadPoolExecutor.java:1134)
        at java.util.concurrent.ThreadPoolExecutor$Worker.run(ThreadPoolExecutor.java:624)
        at java.lang.Thread.run(Thread.java:748)
"pool-117-thread-7"  prio=5 tid=1066 in Object.wait()
java.lang.Thread.State: WAITING (on object monitor)
        at sun.misc.Unsafe.park(Native Method)
        at java.util.concurrent.locks.LockSupport.park(LockSupport.java:175)
        at java.util.concurrent.locks.AbstractQueuedSynchronizer$ConditionObject.await(AbstractQueuedSynchronizer.java:2039)
        at java.util.concurrent.ArrayBlockingQueue.take(ArrayBlockingQueue.java:403)
        at java.util.concurrent.ThreadPoolExecutor.getTask(ThreadPoolExecutor.java:1074)
        at java.util.concurrent.ThreadPoolExecutor.runWorker(ThreadPoolExecutor.java:1134)
        at java.util.concurrent.ThreadPoolExecutor$Worker.run(ThreadPoolExecutor.java:624)
        at java.lang.Thread.run(Thread.java:748)
"pool-66-thread-40"  prio=5 tid=684 in Object.wait()
java.lang.Thread.State: WAITING (on object monitor)
        at sun.misc.Unsafe.park(Native Method)
        at java.util.concurrent.locks.LockSupport.park(LockSupport.java:175)
        at java.util.concurrent.locks.AbstractQueuedSynchronizer$ConditionObject.await(AbstractQueuedSynchronizer.java:2039)
        at java.util.concurrent.ArrayBlockingQueue.take(ArrayBlockingQueue.java:403)
        at java.util.concurrent.ThreadPoolExecutor.getTask(ThreadPoolExecutor.java:1074)
        at java.util.concurrent.ThreadPoolExecutor.runWorker(ThreadPoolExecutor.java:1134)
        at java.util.concurrent.ThreadPoolExecutor$Worker.run(ThreadPoolExecutor.java:624)
        at java.lang.Thread.run(Thread.java:748)
"qtp2035381640-94" daemon prio=5 tid=94 timed_waiting
java.lang.Thread.State: TIMED_WAITING
        at sun.misc.Unsafe.park(Native Method)
        at java.util.concurrent.locks.LockSupport.parkNanos(LockSupport.java:215)
        at java.util.concurrent.locks.AbstractQueuedSynchronizer$ConditionObject.awaitNanos(AbstractQueuedSynchronizer.java:2078)
        at org.eclipse.jetty.util.BlockingArrayQueue.poll(BlockingArrayQueue.java:392)
        at org.eclipse.jetty.util.thread.QueuedThreadPool.idleJobPoll(QueuedThreadPool.java:563)
        at org.eclipse.jetty.util.thread.QueuedThreadPool.access$800(QueuedThreadPool.java:48)
        at org.eclipse.jetty.util.thread.QueuedThreadPool$2.run(QueuedThreadPool.java:626)
        at java.lang.Thread.run(Thread.java:748)
"org.apache.hadoop.util.JvmPauseMonitor$Monitor@520a1763" daemon prio=5 tid=178 timed_waiting
java.lang.Thread.State: TIMED_WAITING
        at java.lang.Thread.sleep(Native Method)
        at org.apache.hadoop.util.JvmPauseMonitor$Monitor.run(JvmPauseMonitor.java:192)
        at java.lang.Thread.run(Thread.java:748)
"pool-76-thread-24"  prio=5 tid=770 in Object.wait()
java.lang.Thread.State: WAITING (on object monitor)
        at sun.misc.Unsafe.park(Native Method)
        at java.util.concurrent.locks.LockSupport.park(LockSupport.java:175)
        at java.util.concurrent.locks.AbstractQueuedSynchronizer$ConditionObject.await(AbstractQueuedSynchronizer.java:2039)
        at java.util.concurrent.ArrayBlockingQueue.take(ArrayBlockingQueue.java:403)
        at java.util.concurrent.ThreadPoolExecutor.getTask(ThreadPoolExecutor.java:1074)
        at java.util.concurrent.ThreadPoolExecutor.runWorker(ThreadPoolExecutor.java:1134)
        at java.util.concurrent.ThreadPoolExecutor$Worker.run(ThreadPoolExecutor.java:624)
        at java.lang.Thread.run(Thread.java:748)
"metrics-hadoop-metrics2-reporter-50-thread-1" daemon prio=5 tid=1219 timed_waiting
java.lang.Thread.State: TIMED_WAITING
        at sun.misc.Unsafe.park(Native Method)
        at java.util.concurrent.locks.LockSupport.parkNanos(LockSupport.java:215)
        at java.util.concurrent.locks.AbstractQueuedSynchronizer$ConditionObject.awaitNanos(AbstractQueuedSynchronizer.java:2078)
        at java.util.concurrent.ScheduledThreadPoolExecutor$DelayedWorkQueue.take(ScheduledThreadPoolExecutor.java:1093)
        at java.util.concurrent.ScheduledThreadPoolExecutor$DelayedWorkQueue.take(ScheduledThreadPoolExecutor.java:809)
        at java.util.concurrent.ThreadPoolExecutor.getTask(ThreadPoolExecutor.java:1074)
        at java.util.concurrent.ThreadPoolExecutor.runWorker(ThreadPoolExecutor.java:1134)
        at java.util.concurrent.ThreadPoolExecutor$Worker.run(ThreadPoolExecutor.java:624)
        at java.lang.Thread.run(Thread.java:748)
"BlockDeletingService#1" daemon prio=5 tid=633 in Object.wait()
java.lang.Thread.State: WAITING (on object monitor)
        at sun.misc.Unsafe.park(Native Method)
        at java.util.concurrent.locks.LockSupport.park(LockSupport.java:175)
        at java.util.concurrent.locks.AbstractQueuedSynchronizer$ConditionObject.await(AbstractQueuedSynchronizer.java:2039)
        at java.util.concurrent.ScheduledThreadPoolExecutor$DelayedWorkQueue.take(ScheduledThreadPoolExecutor.java:1088)
        at java.util.concurrent.ScheduledThreadPoolExecutor$DelayedWorkQueue.take(ScheduledThreadPoolExecutor.java:809)
        at java.util.concurrent.ThreadPoolExecutor.getTask(ThreadPoolExecutor.java:1074)
        at java.util.concurrent.ThreadPoolExecutor.runWorker(ThreadPoolExecutor.java:1134)
        at java.util.concurrent.ThreadPoolExecutor$Worker.run(ThreadPoolExecutor.java:624)
        at java.lang.Thread.run(Thread.java:748)
"pool-36-thread-31"  prio=5 tid=481 in Object.wait()
java.lang.Thread.State: WAITING (on object monitor)
        at sun.misc.Unsafe.park(Native Method)
        at java.util.concurrent.locks.LockSupport.park(LockSupport.java:175)
        at java.util.concurrent.locks.AbstractQueuedSynchronizer$ConditionObject.await(AbstractQueuedSynchronizer.java:2039)
        at java.util.concurrent.ArrayBlockingQueue.take(ArrayBlockingQueue.java:403)
        at java.util.concurrent.ThreadPoolExecutor.getTask(ThreadPoolExecutor.java:1074)
        at java.util.concurrent.ThreadPoolExecutor.runWorker(ThreadPoolExecutor.java:1134)
        at java.util.concurrent.ThreadPoolExecutor$Worker.run(ThreadPoolExecutor.java:624)
        at java.lang.Thread.run(Thread.java:748)
"pool-36-thread-10"  prio=5 tid=368 in Object.wait()
java.lang.Thread.State: WAITING (on object monitor)
        at sun.misc.Unsafe.park(Native Method)
        at java.util.concurrent.locks.LockSupport.park(LockSupport.java:175)
        at java.util.concurrent.locks.AbstractQueuedSynchronizer$ConditionObject.await(AbstractQueuedSynchronizer.java:2039)
        at java.util.concurrent.ArrayBlockingQueue.take(ArrayBlockingQueue.java:403)
        at java.util.concurrent.ThreadPoolExecutor.getTask(ThreadPoolExecutor.java:1074)
        at java.util.concurrent.ThreadPoolExecutor.runWorker(ThreadPoolExecutor.java:1134)
        at java.util.concurrent.ThreadPoolExecutor$Worker.run(ThreadPoolExecutor.java:624)
        at java.lang.Thread.run(Thread.java:748)
"Thread-364" daemon prio=5 tid=1232 timed_waiting
java.lang.Thread.State: TIMED_WAITING
        at java.lang.Thread.sleep(Native Method)
        at org.apache.ratis.util.JavaUtils.sleep(JavaUtils.java:247)
        at org.apache.ratis.server.impl.FollowerState.run(FollowerState.java:97)
"Datanode State Machine Thread - 0" daemon prio=5 tid=251 timed_waiting
java.lang.Thread.State: TIMED_WAITING
        at java.lang.Thread.sleep(Native Method)
        at org.apache.hadoop.ozone.container.common.statemachine.DatanodeStateMachine.start(DatanodeStateMachine.java:191)
        at org.apache.hadoop.ozone.container.common.statemachine.DatanodeStateMachine.lambda$startDaemon$0(DatanodeStateMachine.java:349)
        at org.apache.hadoop.ozone.container.common.statemachine.DatanodeStateMachine$$Lambda$140/939829672.run(Unknown Source)
        at java.lang.Thread.run(Thread.java:748)
"qtp934617920-593" daemon prio=5 tid=593 timed_waiting
java.lang.Thread.State: TIMED_WAITING
        at sun.misc.Unsafe.park(Native Method)
        at java.util.concurrent.locks.LockSupport.parkNanos(LockSupport.java:215)
        at java.util.concurrent.locks.AbstractQueuedSynchronizer$ConditionObject.awaitNanos(AbstractQueuedSynchronizer.java:2078)
        at org.eclipse.jetty.util.BlockingArrayQueue.poll(BlockingArrayQueue.java:392)
        at org.eclipse.jetty.util.thread.QueuedThreadPool.idleJobPoll(QueuedThreadPool.java:563)
        at org.eclipse.jetty.util.thread.QueuedThreadPool.access$800(QueuedThreadPool.java:48)
        at org.eclipse.jetty.util.thread.QueuedThreadPool$2.run(QueuedThreadPool.java:626)
        at java.lang.Thread.run(Thread.java:748)
"pool-46-thread-42"  prio=5 tid=518 in Object.wait()
java.lang.Thread.State: WAITING (on object monitor)
        at sun.misc.Unsafe.park(Native Method)
        at java.util.concurrent.locks.LockSupport.park(LockSupport.java:175)
        at java.util.concurrent.locks.AbstractQueuedSynchronizer$ConditionObject.await(AbstractQueuedSynchronizer.java:2039)
        at java.util.concurrent.ArrayBlockingQueue.take(ArrayBlockingQueue.java:403)
        at java.util.concurrent.ThreadPoolExecutor.getTask(ThreadPoolExecutor.java:1074)
        at java.util.concurrent.ThreadPoolExecutor.runWorker(ThreadPoolExecutor.java:1134)
        at java.util.concurrent.ThreadPoolExecutor$Worker.run(ThreadPoolExecutor.java:624)
        at java.lang.Thread.run(Thread.java:748)
"pool-76-thread-39"  prio=5 tid=785 in Object.wait()
java.lang.Thread.State: WAITING (on object monitor)
        at sun.misc.Unsafe.park(Native Method)
        at java.util.concurrent.locks.LockSupport.park(LockSupport.java:175)
        at java.util.concurrent.locks.AbstractQueuedSynchronizer$ConditionObject.await(AbstractQueuedSynchronizer.java:2039)
        at java.util.concurrent.ArrayBlockingQueue.take(ArrayBlockingQueue.java:403)
        at java.util.concurrent.ThreadPoolExecutor.getTask(ThreadPoolExecutor.java:1074)
        at java.util.concurrent.ThreadPoolExecutor.runWorker(ThreadPoolExecutor.java:1134)
        at java.util.concurrent.ThreadPoolExecutor$Worker.run(ThreadPoolExecutor.java:624)
        at java.lang.Thread.run(Thread.java:748)
"pool-118-thread-1"  prio=5 tid=1155 in Object.wait()
java.lang.Thread.State: WAITING (on object monitor)
        at sun.misc.Unsafe.park(Native Method)
        at java.util.concurrent.locks.LockSupport.park(LockSupport.java:175)
        at java.util.concurrent.locks.AbstractQueuedSynchronizer$ConditionObject.await(AbstractQueuedSynchronizer.java:2039)
        at java.util.concurrent.LinkedBlockingQueue.take(LinkedBlockingQueue.java:442)
        at java.util.concurrent.ThreadPoolExecutor.getTask(ThreadPoolExecutor.java:1074)
        at java.util.concurrent.ThreadPoolExecutor.runWorker(ThreadPoolExecutor.java:1134)
        at java.util.concurrent.ThreadPoolExecutor$Worker.run(ThreadPoolExecutor.java:624)
        at java.lang.Thread.run(Thread.java:748)
"pool-106-thread-23"  prio=5 tid=1002 in Object.wait()
java.lang.Thread.State: WAITING (on object monitor)
        at sun.misc.Unsafe.park(Native Method)
        at java.util.concurrent.locks.LockSupport.park(LockSupport.java:175)
        at java.util.concurrent.locks.AbstractQueuedSynchronizer$ConditionObject.await(AbstractQueuedSynchronizer.java:2039)
        at java.util.concurrent.ArrayBlockingQueue.take(ArrayBlockingQueue.java:403)
        at java.util.concurrent.ThreadPoolExecutor.getTask(ThreadPoolExecutor.java:1074)
        at java.util.concurrent.ThreadPoolExecutor.runWorker(ThreadPoolExecutor.java:1134)
        at java.util.concurrent.ThreadPoolExecutor$Worker.run(ThreadPoolExecutor.java:624)
        at java.lang.Thread.run(Thread.java:748)
"pool-26-thread-52"  prio=5 tid=510 in Object.wait()
java.lang.Thread.State: WAITING (on object monitor)
        at sun.misc.Unsafe.park(Native Method)
        at java.util.concurrent.locks.LockSupport.park(LockSupport.java:175)
        at java.util.concurrent.locks.AbstractQueuedSynchronizer$ConditionObject.await(AbstractQueuedSynchronizer.java:2039)
        at java.util.concurrent.ArrayBlockingQueue.take(ArrayBlockingQueue.java:403)
        at java.util.concurrent.ThreadPoolExecutor.getTask(ThreadPoolExecutor.java:1074)
        at java.util.concurrent.ThreadPoolExecutor.runWorker(ThreadPoolExecutor.java:1134)
        at java.util.concurrent.ThreadPoolExecutor$Worker.run(ThreadPoolExecutor.java:624)
        at java.lang.Thread.run(Thread.java:748)
"qtp2035381640-89" daemon prio=5 tid=89 runnable
java.lang.Thread.State: RUNNABLE
        at sun.nio.ch.EPollArrayWrapper.epollWait(Native Method)
        at sun.nio.ch.EPollArrayWrapper.poll(EPollArrayWrapper.java:269)
        at sun.nio.ch.EPollSelectorImpl.doSelect(EPollSelectorImpl.java:93)
        at sun.nio.ch.SelectorImpl.lockAndDoSelect(SelectorImpl.java:86)
        at sun.nio.ch.SelectorImpl.select(SelectorImpl.java:97)
        at sun.nio.ch.SelectorImpl.select(SelectorImpl.java:101)
        at org.eclipse.jetty.io.ManagedSelector$SelectorProducer.select(ManagedSelector.java:243)
        at org.eclipse.jetty.io.ManagedSelector$SelectorProducer.produce(ManagedSelector.java:191)
        at org.eclipse.jetty.util.thread.strategy.ExecuteProduceConsume.executeProduceConsume(ExecuteProduceConsume.java:249)
        at org.eclipse.jetty.util.thread.strategy.ExecuteProduceConsume.produceConsume(ExecuteProduceConsume.java:148)
        at org.eclipse.jetty.util.thread.strategy.ExecuteProduceConsume.execute(ExecuteProduceConsume.java:100)
        at org.eclipse.jetty.io.ManagedSelector.run(ManagedSelector.java:147)
        at org.eclipse.jetty.util.thread.QueuedThreadPool.runJob(QueuedThreadPool.java:671)
        at org.eclipse.jetty.util.thread.QueuedThreadPool$2.run(QueuedThreadPool.java:589)
        at java.lang.Thread.run(Thread.java:748)
"pool-106-thread-17"  prio=5 tid=996 in Object.wait()
java.lang.Thread.State: WAITING (on object monitor)
        at sun.misc.Unsafe.park(Native Method)
        at java.util.concurrent.locks.LockSupport.park(LockSupport.java:175)
        at java.util.concurrent.locks.AbstractQueuedSynchronizer$ConditionObject.await(AbstractQueuedSynchronizer.java:2039)
        at java.util.concurrent.ArrayBlockingQueue.take(ArrayBlockingQueue.java:403)
        at java.util.concurrent.ThreadPoolExecutor.getTask(ThreadPoolExecutor.java:1074)
        at java.util.concurrent.ThreadPoolExecutor.runWorker(ThreadPoolExecutor.java:1134)
        at java.util.concurrent.ThreadPoolExecutor$Worker.run(ThreadPoolExecutor.java:624)
        at java.lang.Thread.run(Thread.java:748)
"pool-117-thread-15"  prio=5 tid=1074 in Object.wait()
java.lang.Thread.State: WAITING (on object monitor)
        at sun.misc.Unsafe.park(Native Method)
        at java.util.concurrent.locks.LockSupport.park(LockSupport.java:175)
        at java.util.concurrent.locks.AbstractQueuedSynchronizer$ConditionObject.await(AbstractQueuedSynchronizer.java:2039)
        at java.util.concurrent.ArrayBlockingQueue.take(ArrayBlockingQueue.java:403)
        at java.util.concurrent.ThreadPoolExecutor.getTask(ThreadPoolExecutor.java:1074)
        at java.util.concurrent.ThreadPoolExecutor.runWorker(ThreadPoolExecutor.java:1134)
        at java.util.concurrent.ThreadPoolExecutor$Worker.run(ThreadPoolExecutor.java:624)
        at java.lang.Thread.run(Thread.java:748)
"IPC Server listener on 39235" daemon prio=5 tid=22 runnable
java.lang.Thread.State: RUNNABLE
        at sun.nio.ch.EPollArrayWrapper.epollWait(Native Method)
        at sun.nio.ch.EPollArrayWrapper.poll(EPollArrayWrapper.java:269)
        at sun.nio.ch.EPollSelectorImpl.doSelect(EPollSelectorImpl.java:93)
        at sun.nio.ch.SelectorImpl.lockAndDoSelect(SelectorImpl.java:86)
        at sun.nio.ch.SelectorImpl.select(SelectorImpl.java:97)
        at sun.nio.ch.SelectorImpl.select(SelectorImpl.java:101)
        at org.apache.hadoop.ipc.Server$Listener.run(Server.java:1159)
"pool-36-thread-60"  prio=5 tid=582 in Object.wait()
java.lang.Thread.State: WAITING (on object monitor)
        at sun.misc.Unsafe.park(Native Method)
        at java.util.concurrent.locks.LockSupport.park(LockSupport.java:175)
        at java.util.concurrent.locks.AbstractQueuedSynchronizer$ConditionObject.await(AbstractQueuedSynchronizer.java:2039)
        at java.util.concurrent.ArrayBlockingQueue.take(ArrayBlockingQueue.java:403)
        at java.util.concurrent.ThreadPoolExecutor.getTask(ThreadPoolExecutor.java:1074)
        at java.util.concurrent.ThreadPoolExecutor.runWorker(ThreadPoolExecutor.java:1134)
        at java.util.concurrent.ThreadPoolExecutor$Worker.run(ThreadPoolExecutor.java:624)
        at java.lang.Thread.run(Thread.java:748)
"pool-26-thread-34"  prio=5 tid=450 in Object.wait()
java.lang.Thread.State: WAITING (on object monitor)
        at sun.misc.Unsafe.park(Native Method)
        at java.util.concurrent.locks.LockSupport.park(LockSupport.java:175)
        at java.util.concurrent.locks.AbstractQueuedSynchronizer$ConditionObject.await(AbstractQueuedSynchronizer.java:2039)
        at java.util.concurrent.ArrayBlockingQueue.take(ArrayBlockingQueue.java:403)
        at java.util.concurrent.ThreadPoolExecutor.getTask(ThreadPoolExecutor.java:1074)
        at java.util.concurrent.ThreadPoolExecutor.runWorker(ThreadPoolExecutor.java:1134)
        at java.util.concurrent.ThreadPoolExecutor$Worker.run(ThreadPoolExecutor.java:624)
        at java.lang.Thread.run(Thread.java:748)
"pool-86-thread-35"  prio=5 tid=853 in Object.wait()
java.lang.Thread.State: WAITING (on object monitor)
        at sun.misc.Unsafe.park(Native Method)
        at java.util.concurrent.locks.LockSupport.park(LockSupport.java:175)
        at java.util.concurrent.locks.AbstractQueuedSynchronizer$ConditionObject.await(AbstractQueuedSynchronizer.java:2039)
        at java.util.concurrent.ArrayBlockingQueue.take(ArrayBlockingQueue.java:403)
        at java.util.concurrent.ThreadPoolExecutor.getTask(ThreadPoolExecutor.java:1074)
        at java.util.concurrent.ThreadPoolExecutor.runWorker(ThreadPoolExecutor.java:1134)
        at java.util.concurrent.ThreadPoolExecutor$Worker.run(ThreadPoolExecutor.java:624)
        at java.lang.Thread.run(Thread.java:748)
"metrics-hadoop-metrics2-reporter-51-thread-1" daemon prio=5 tid=1222 timed_waiting
java.lang.Thread.State: TIMED_WAITING
        at sun.misc.Unsafe.park(Native Method)
        at java.util.concurrent.locks.LockSupport.parkNanos(LockSupport.java:215)
        at java.util.concurrent.locks.AbstractQueuedSynchronizer$ConditionObject.awaitNanos(AbstractQueuedSynchronizer.java:2078)
        at java.util.concurrent.ScheduledThreadPoolExecutor$DelayedWorkQueue.take(ScheduledThreadPoolExecutor.java:1093)
        at java.util.concurrent.ScheduledThreadPoolExecutor$DelayedWorkQueue.take(ScheduledThreadPoolExecutor.java:809)
        at java.util.concurrent.ThreadPoolExecutor.getTask(ThreadPoolExecutor.java:1074)
        at java.util.concurrent.ThreadPoolExecutor.runWorker(ThreadPoolExecutor.java:1134)
        at java.util.concurrent.ThreadPoolExecutor$Worker.run(ThreadPoolExecutor.java:624)
        at java.lang.Thread.run(Thread.java:748)
"pool-86-thread-18"  prio=5 tid=836 in Object.wait()
java.lang.Thread.State: WAITING (on object monitor)
        at sun.misc.Unsafe.park(Native Method)
        at java.util.concurrent.locks.LockSupport.park(LockSupport.java:175)
        at java.util.concurrent.locks.AbstractQueuedSynchronizer$ConditionObject.await(AbstractQueuedSynchronizer.java:2039)
        at java.util.concurrent.ArrayBlockingQueue.take(ArrayBlockingQueue.java:403)
        at java.util.concurrent.ThreadPoolExecutor.getTask(ThreadPoolExecutor.java:1074)
        at java.util.concurrent.ThreadPoolExecutor.runWorker(ThreadPoolExecutor.java:1134)
        at java.util.concurrent.ThreadPoolExecutor$Worker.run(ThreadPoolExecutor.java:624)
        at java.lang.Thread.run(Thread.java:748)
"pool-76-thread-54"  prio=5 tid=800 in Object.wait()
java.lang.Thread.State: WAITING (on object monitor)
        at sun.misc.Unsafe.park(Native Method)
        at java.util.concurrent.locks.LockSupport.park(LockSupport.java:175)
        at java.util.concurrent.locks.AbstractQueuedSynchronizer$ConditionObject.await(AbstractQueuedSynchronizer.java:2039)
        at java.util.concurrent.ArrayBlockingQueue.take(ArrayBlockingQueue.java:403)
        at java.util.concurrent.ThreadPoolExecutor.getTask(ThreadPoolExecutor.java:1074)
        at java.util.concurrent.ThreadPoolExecutor.runWorker(ThreadPoolExecutor.java:1134)
        at java.util.concurrent.ThreadPoolExecutor$Worker.run(ThreadPoolExecutor.java:624)
        at java.lang.Thread.run(Thread.java:748)
"IPC Server handler 4 on 37221" daemon prio=5 tid=119 timed_waiting
java.lang.Thread.State: TIMED_WAITING
        at sun.misc.Unsafe.park(Native Method)
        at java.util.concurrent.locks.LockSupport.parkNanos(LockSupport.java:215)
        at java.util.concurrent.locks.AbstractQueuedSynchronizer$ConditionObject.awaitNanos(AbstractQueuedSynchronizer.java:2078)
        at java.util.concurrent.LinkedBlockingQueue.poll(LinkedBlockingQueue.java:467)
        at org.apache.hadoop.ipc.CallQueueManager.take(CallQueueManager.java:288)
        at org.apache.hadoop.ipc.Server$Handler.run(Server.java:2668)
"IPC Server Responder" daemon prio=5 tid=21 runnable
java.lang.Thread.State: RUNNABLE
        at sun.nio.ch.EPollArrayWrapper.epollWait(Native Method)
        at sun.nio.ch.EPollArrayWrapper.poll(EPollArrayWrapper.java:269)
        at sun.nio.ch.EPollSelectorImpl.doSelect(EPollSelectorImpl.java:93)
        at sun.nio.ch.SelectorImpl.lockAndDoSelect(SelectorImpl.java:86)
        at sun.nio.ch.SelectorImpl.select(SelectorImpl.java:97)
        at org.apache.hadoop.ipc.Server$Responder.doRunLoop(Server.java:1334)
        at org.apache.hadoop.ipc.Server$Responder.run(Server.java:1317)
"qtp318555935-192" daemon prio=5 tid=192 timed_waiting
java.lang.Thread.State: TIMED_WAITING
        at sun.misc.Unsafe.park(Native Method)
        at java.util.concurrent.locks.LockSupport.parkNanos(LockSupport.java:215)
        at java.util.concurrent.locks.AbstractQueuedSynchronizer$ConditionObject.awaitNanos(AbstractQueuedSynchronizer.java:2078)
        at org.eclipse.jetty.util.BlockingArrayQueue.poll(BlockingArrayQueue.java:392)
        at org.eclipse.jetty.util.thread.QueuedThreadPool.idleJobPoll(QueuedThreadPool.java:563)
        at org.eclipse.jetty.util.thread.QueuedThreadPool.access$800(QueuedThreadPool.java:48)
        at org.eclipse.jetty.util.thread.QueuedThreadPool$2.run(QueuedThreadPool.java:626)
        at java.lang.Thread.run(Thread.java:748)
"pool-56-thread-26"  prio=5 tid=443 in Object.wait()
java.lang.Thread.State: WAITING (on object monitor)
        at sun.misc.Unsafe.park(Native Method)
        at java.util.concurrent.locks.LockSupport.park(LockSupport.java:175)
        at java.util.concurrent.locks.AbstractQueuedSynchronizer$ConditionObject.await(AbstractQueuedSynchronizer.java:2039)
        at java.util.concurrent.ArrayBlockingQueue.take(ArrayBlockingQueue.java:403)
        at java.util.concurrent.ThreadPoolExecutor.getTask(ThreadPoolExecutor.java:1074)
        at java.util.concurrent.ThreadPoolExecutor.runWorker(ThreadPoolExecutor.java:1134)
        at java.util.concurrent.ThreadPoolExecutor$Worker.run(ThreadPoolExecutor.java:624)
        at java.lang.Thread.run(Thread.java:748)
"pool-36-thread-56"  prio=5 tid=571 in Object.wait()
java.lang.Thread.State: WAITING (on object monitor)
        at sun.misc.Unsafe.park(Native Method)
        at java.util.concurrent.locks.LockSupport.park(LockSupport.java:175)
        at java.util.concurrent.locks.AbstractQueuedSynchronizer$ConditionObject.await(AbstractQueuedSynchronizer.java:2039)
        at java.util.concurrent.ArrayBlockingQueue.take(ArrayBlockingQueue.java:403)
        at java.util.concurrent.ThreadPoolExecutor.getTask(ThreadPoolExecutor.java:1074)
        at java.util.concurrent.ThreadPoolExecutor.runWorker(ThreadPoolExecutor.java:1134)
        at java.util.concurrent.ThreadPoolExecutor$Worker.run(ThreadPoolExecutor.java:624)
        at java.lang.Thread.run(Thread.java:748)
"pool-106-thread-13"  prio=5 tid=992 in Object.wait()
java.lang.Thread.State: WAITING (on object monitor)
        at sun.misc.Unsafe.park(Native Method)
        at java.util.concurrent.locks.LockSupport.park(LockSupport.java:175)
        at java.util.concurrent.locks.AbstractQueuedSynchronizer$ConditionObject.await(AbstractQueuedSynchronizer.java:2039)
        at java.util.concurrent.ArrayBlockingQueue.take(ArrayBlockingQueue.java:403)
        at java.util.concurrent.ThreadPoolExecutor.getTask(ThreadPoolExecutor.java:1074)
        at java.util.concurrent.ThreadPoolExecutor.runWorker(ThreadPoolExecutor.java:1134)
        at java.util.concurrent.ThreadPoolExecutor$Worker.run(ThreadPoolExecutor.java:624)
        at java.lang.Thread.run(Thread.java:748)
"qtp1977508673-294" daemon prio=5 tid=294 runnable
java.lang.Thread.State: RUNNABLE
        at sun.nio.ch.EPollArrayWrapper.epollWait(Native Method)
        at sun.nio.ch.EPollArrayWrapper.poll(EPollArrayWrapper.java:269)
        at sun.nio.ch.EPollSelectorImpl.doSelect(EPollSelectorImpl.java:93)
        at sun.nio.ch.SelectorImpl.lockAndDoSelect(SelectorImpl.java:86)
        at sun.nio.ch.SelectorImpl.select(SelectorImpl.java:97)
        at sun.nio.ch.SelectorImpl.select(SelectorImpl.java:101)
        at org.eclipse.jetty.io.ManagedSelector$SelectorProducer.select(ManagedSelector.java:243)
        at org.eclipse.jetty.io.ManagedSelector$SelectorProducer.produce(ManagedSelector.java:191)
        at org.eclipse.jetty.util.thread.strategy.ExecuteProduceConsume.executeProduceConsume(ExecuteProduceConsume.java:249)
        at org.eclipse.jetty.util.thread.strategy.ExecuteProduceConsume.produceConsume(ExecuteProduceConsume.java:148)
        at org.eclipse.jetty.util.thread.strategy.ExecuteProduceConsume.execute(ExecuteProduceConsume.java:100)
        at org.eclipse.jetty.io.ManagedSelector.run(ManagedSelector.java:147)
        at org.eclipse.jetty.util.thread.QueuedThreadPool.runJob(QueuedThreadPool.java:671)
        at org.eclipse.jetty.util.thread.QueuedThreadPool$2.run(QueuedThreadPool.java:589)
        at java.lang.Thread.run(Thread.java:748)
"refreshUsed-/workdir/hadoop-ozone/integration-test/target/test-dir/MiniOzoneClusterImpl-fc727f2e-e877-4159-90ff-4473a18561dc/datanode-7/data/containers" daemon prio=5 tid=586 timed_waiting
java.lang.Thread.State: TIMED_WAITING
        at java.lang.Thread.sleep(Native Method)
        at org.apache.hadoop.fs.CachingGetSpaceUsed$RefreshThread.run(CachingGetSpaceUsed.java:179)
        at java.lang.Thread.run(Thread.java:748)
"pool-56-thread-49"  prio=5 tid=535 in Object.wait()
java.lang.Thread.State: WAITING (on object monitor)
        at sun.misc.Unsafe.park(Native Method)
        at java.util.concurrent.locks.LockSupport.park(LockSupport.java:175)
        at java.util.concurrent.locks.AbstractQueuedSynchronizer$ConditionObject.await(AbstractQueuedSynchronizer.java:2039)
        at java.util.concurrent.ArrayBlockingQueue.take(ArrayBlockingQueue.java:403)
        at java.util.concurrent.ThreadPoolExecutor.getTask(ThreadPoolExecutor.java:1074)
        at java.util.concurrent.ThreadPoolExecutor.runWorker(ThreadPoolExecutor.java:1134)
        at java.util.concurrent.ThreadPoolExecutor$Worker.run(ThreadPoolExecutor.java:624)
        at java.lang.Thread.run(Thread.java:748)
"pool-86-thread-17"  prio=5 tid=835 in Object.wait()
java.lang.Thread.State: WAITING (on object monitor)
        at sun.misc.Unsafe.park(Native Method)
        at java.util.concurrent.locks.LockSupport.park(LockSupport.java:175)
        at java.util.concurrent.locks.AbstractQueuedSynchronizer$ConditionObject.await(AbstractQueuedSynchronizer.java:2039)
        at java.util.concurrent.ArrayBlockingQueue.take(ArrayBlockingQueue.java:403)
        at java.util.concurrent.ThreadPoolExecutor.getTask(ThreadPoolExecutor.java:1074)
        at java.util.concurrent.ThreadPoolExecutor.runWorker(ThreadPoolExecutor.java:1134)
        at java.util.concurrent.ThreadPoolExecutor$Worker.run(ThreadPoolExecutor.java:624)
        at java.lang.Thread.run(Thread.java:748)
"IPC Server handler 11 on 37221" daemon prio=5 tid=126 timed_waiting
java.lang.Thread.State: TIMED_WAITING
        at sun.misc.Unsafe.park(Native Method)
        at java.util.concurrent.locks.LockSupport.parkNanos(LockSupport.java:215)
        at java.util.concurrent.locks.AbstractQueuedSynchronizer$ConditionObject.awaitNanos(AbstractQueuedSynchronizer.java:2078)
        at java.util.concurrent.LinkedBlockingQueue.poll(LinkedBlockingQueue.java:467)
        at org.apache.hadoop.ipc.CallQueueManager.take(CallQueueManager.java:288)
        at org.apache.hadoop.ipc.Server$Handler.run(Server.java:2668)
"BlockDeletingService#1" daemon prio=5 tid=808 in Object.wait()
java.lang.Thread.State: WAITING (on object monitor)
        at sun.misc.Unsafe.park(Native Method)
        at java.util.concurrent.locks.LockSupport.park(LockSupport.java:175)
        at java.util.concurrent.locks.AbstractQueuedSynchronizer$ConditionObject.await(AbstractQueuedSynchronizer.java:2039)
        at java.util.concurrent.ScheduledThreadPoolExecutor$DelayedWorkQueue.take(ScheduledThreadPoolExecutor.java:1088)
        at java.util.concurrent.ScheduledThreadPoolExecutor$DelayedWorkQueue.take(ScheduledThreadPoolExecutor.java:809)
        at java.util.concurrent.ThreadPoolExecutor.getTask(ThreadPoolExecutor.java:1074)
        at java.util.concurrent.ThreadPoolExecutor.runWorker(ThreadPoolExecutor.java:1134)
        at java.util.concurrent.ThreadPoolExecutor$Worker.run(ThreadPoolExecutor.java:624)
        at java.lang.Thread.run(Thread.java:748)
"metrics-hadoop-metrics2-reporter-65-thread-1" daemon prio=5 tid=1361 timed_waiting
java.lang.Thread.State: TIMED_WAITING
        at sun.misc.Unsafe.park(Native Method)
        at java.util.concurrent.locks.LockSupport.parkNanos(LockSupport.java:215)
        at java.util.concurrent.locks.AbstractQueuedSynchronizer$ConditionObject.awaitNanos(AbstractQueuedSynchronizer.java:2078)
        at java.util.concurrent.ScheduledThreadPoolExecutor$DelayedWorkQueue.take(ScheduledThreadPoolExecutor.java:1093)
        at java.util.concurrent.ScheduledThreadPoolExecutor$DelayedWorkQueue.take(ScheduledThreadPoolExecutor.java:809)
        at java.util.concurrent.ThreadPoolExecutor.getTask(ThreadPoolExecutor.java:1074)
        at java.util.concurrent.ThreadPoolExecutor.runWorker(ThreadPoolExecutor.java:1134)
        at java.util.concurrent.ThreadPoolExecutor$Worker.run(ThreadPoolExecutor.java:624)
        at java.lang.Thread.run(Thread.java:748)
"IPC Server handler 18 on 40878" daemon prio=5 tid=67 timed_waiting
java.lang.Thread.State: TIMED_WAITING
        at sun.misc.Unsafe.park(Native Method)
        at java.util.concurrent.locks.LockSupport.parkNanos(LockSupport.java:215)
        at java.util.concurrent.locks.AbstractQueuedSynchronizer$ConditionObject.awaitNanos(AbstractQueuedSynchronizer.java:2078)
        at java.util.concurrent.LinkedBlockingQueue.poll(LinkedBlockingQueue.java:467)
        at org.apache.hadoop.ipc.CallQueueManager.take(CallQueueManager.java:288)
        at org.apache.hadoop.ipc.Server$Handler.run(Server.java:2668)
"pool-26-thread-49"  prio=5 tid=502 in Object.wait()
java.lang.Thread.State: WAITING (on object monitor)
        at sun.misc.Unsafe.park(Native Method)
        at java.util.concurrent.locks.LockSupport.park(LockSupport.java:175)
        at java.util.concurrent.locks.AbstractQueuedSynchronizer$ConditionObject.await(AbstractQueuedSynchronizer.java:2039)
        at java.util.concurrent.ArrayBlockingQueue.take(ArrayBlockingQueue.java:403)
        at java.util.concurrent.ThreadPoolExecutor.getTask(ThreadPoolExecutor.java:1074)
        at java.util.concurrent.ThreadPoolExecutor.runWorker(ThreadPoolExecutor.java:1134)
        at java.util.concurrent.ThreadPoolExecutor$Worker.run(ThreadPoolExecutor.java:624)
        at java.lang.Thread.run(Thread.java:748)
"pool-56-thread-46"  prio=5 tid=527 in Object.wait()
java.lang.Thread.State: WAITING (on object monitor)
        at sun.misc.Unsafe.park(Native Method)
        at java.util.concurrent.locks.LockSupport.park(LockSupport.java:175)
        at java.util.concurrent.locks.AbstractQueuedSynchronizer$ConditionObject.await(AbstractQueuedSynchronizer.java:2039)
        at java.util.concurrent.ArrayBlockingQueue.take(ArrayBlockingQueue.java:403)
        at java.util.concurrent.ThreadPoolExecutor.getTask(ThreadPoolExecutor.java:1074)
        at java.util.concurrent.ThreadPoolExecutor.runWorker(ThreadPoolExecutor.java:1134)
        at java.util.concurrent.ThreadPoolExecutor$Worker.run(ThreadPoolExecutor.java:624)
        at java.lang.Thread.run(Thread.java:748)
"qtp303805531-217" daemon prio=5 tid=217 timed_waiting
java.lang.Thread.State: TIMED_WAITING
        at sun.misc.Unsafe.park(Native Method)
        at java.util.concurrent.locks.LockSupport.parkNanos(LockSupport.java:215)
        at java.util.concurrent.locks.AbstractQueuedSynchronizer$ConditionObject.awaitNanos(AbstractQueuedSynchronizer.java:2078)
        at org.eclipse.jetty.util.BlockingArrayQueue.poll(BlockingArrayQueue.java:392)
        at org.eclipse.jetty.util.thread.QueuedThreadPool.idleJobPoll(QueuedThreadPool.java:563)
        at org.eclipse.jetty.util.thread.QueuedThreadPool.access$800(QueuedThreadPool.java:48)
        at org.eclipse.jetty.util.thread.QueuedThreadPool$2.run(QueuedThreadPool.java:626)
        at java.lang.Thread.run(Thread.java:748)
"pool-66-thread-7"  prio=5 tid=644 in Object.wait()
java.lang.Thread.State: WAITING (on object monitor)
        at sun.misc.Unsafe.park(Native Method)
        at java.util.concurrent.locks.LockSupport.park(LockSupport.java:175)
        at java.util.concurrent.locks.AbstractQueuedSynchronizer$ConditionObject.await(AbstractQueuedSynchronizer.java:2039)
        at java.util.concurrent.ArrayBlockingQueue.take(ArrayBlockingQueue.java:403)
        at java.util.concurrent.ThreadPoolExecutor.getTask(ThreadPoolExecutor.java:1074)
        at java.util.concurrent.ThreadPoolExecutor.runWorker(ThreadPoolExecutor.java:1134)
        at java.util.concurrent.ThreadPoolExecutor$Worker.run(ThreadPoolExecutor.java:624)
        at java.lang.Thread.run(Thread.java:748)
"BlockDeletingService#0" daemon prio=5 tid=630 timed_waiting
java.lang.Thread.State: TIMED_WAITING
        at sun.misc.Unsafe.park(Native Method)
        at java.util.concurrent.locks.LockSupport.parkNanos(LockSupport.java:215)
        at java.util.concurrent.locks.AbstractQueuedSynchronizer$ConditionObject.awaitNanos(AbstractQueuedSynchronizer.java:2078)
        at java.util.concurrent.ScheduledThreadPoolExecutor$DelayedWorkQueue.take(ScheduledThreadPoolExecutor.java:1093)
        at java.util.concurrent.ScheduledThreadPoolExecutor$DelayedWorkQueue.take(ScheduledThreadPoolExecutor.java:809)
        at java.util.concurrent.ThreadPoolExecutor.getTask(ThreadPoolExecutor.java:1074)
        at java.util.concurrent.ThreadPoolExecutor.runWorker(ThreadPoolExecutor.java:1134)
        at java.util.concurrent.ThreadPoolExecutor$Worker.run(ThreadPoolExecutor.java:624)
        at java.lang.Thread.run(Thread.java:748)
"org.apache.ratis.server.impl.LogAppender$AppenderDaemon$$Lambda$565/1288450225@49f93bf9" daemon prio=5 tid=1288 timed_waiting
java.lang.Thread.State: TIMED_WAITING
        at java.lang.Object.wait(Native Method)
        at org.apache.ratis.grpc.server.GrpcLogAppender.mayWait(GrpcLogAppender.java:141)
        at org.apache.ratis.grpc.server.GrpcLogAppender.runAppenderImpl(GrpcLogAppender.java:95)
        at org.apache.ratis.server.impl.LogAppender$AppenderDaemon.run(LogAppender.java:76)
        at org.apache.ratis.server.impl.LogAppender$AppenderDaemon$$Lambda$565/1288450225.run(Unknown Source)
        at java.lang.Thread.run(Thread.java:748)
"pool-86-thread-58"  prio=5 tid=876 in Object.wait()
java.lang.Thread.State: WAITING (on object monitor)
        at sun.misc.Unsafe.park(Native Method)
        at java.util.concurrent.locks.LockSupport.park(LockSupport.java:175)
        at java.util.concurrent.locks.AbstractQueuedSynchronizer$ConditionObject.await(AbstractQueuedSynchronizer.java:2039)
        at java.util.concurrent.ArrayBlockingQueue.take(ArrayBlockingQueue.java:403)
        at java.util.concurrent.ThreadPoolExecutor.getTask(ThreadPoolExecutor.java:1074)
        at java.util.concurrent.ThreadPoolExecutor.runWorker(ThreadPoolExecutor.java:1134)
        at java.util.concurrent.ThreadPoolExecutor$Worker.run(ThreadPoolExecutor.java:624)
        at java.lang.Thread.run(Thread.java:748)
"qtp1977508673-300" daemon prio=5 tid=300 timed_waiting
java.lang.Thread.State: TIMED_WAITING
        at sun.misc.Unsafe.park(Native Method)
        at java.util.concurrent.locks.LockSupport.parkNanos(LockSupport.java:215)
        at java.util.concurrent.locks.AbstractQueuedSynchronizer$ConditionObject.awaitNanos(AbstractQueuedSynchronizer.java:2078)
        at org.eclipse.jetty.util.BlockingArrayQueue.poll(BlockingArrayQueue.java:392)
        at org.eclipse.jetty.util.thread.QueuedThreadPool.idleJobPoll(QueuedThreadPool.java:563)
        at org.eclipse.jetty.util.thread.QueuedThreadPool.access$800(QueuedThreadPool.java:48)
        at org.eclipse.jetty.util.thread.QueuedThreadPool$2.run(QueuedThreadPool.java:626)
        at java.lang.Thread.run(Thread.java:748)
"pool-56-thread-42"  prio=5 tid=501 in Object.wait()
java.lang.Thread.State: WAITING (on object monitor)
        at sun.misc.Unsafe.park(Native Method)
        at java.util.concurrent.locks.LockSupport.park(LockSupport.java:175)
        at java.util.concurrent.locks.AbstractQueuedSynchronizer$ConditionObject.await(AbstractQueuedSynchronizer.java:2039)
        at java.util.concurrent.ArrayBlockingQueue.take(ArrayBlockingQueue.java:403)
        at java.util.concurrent.ThreadPoolExecutor.getTask(ThreadPoolExecutor.java:1074)
        at java.util.concurrent.ThreadPoolExecutor.runWorker(ThreadPoolExecutor.java:1134)
        at java.util.concurrent.ThreadPoolExecutor$Worker.run(ThreadPoolExecutor.java:624)
        at java.lang.Thread.run(Thread.java:748)
"org.eclipse.jetty.server.session.HashSessionManager@5a1c3cb4Timer" daemon prio=5 tid=276 timed_waiting
java.lang.Thread.State: TIMED_WAITING
        at sun.misc.Unsafe.park(Native Method)
        at java.util.concurrent.locks.LockSupport.parkNanos(LockSupport.java:215)
        at java.util.concurrent.locks.AbstractQueuedSynchronizer$ConditionObject.awaitNanos(AbstractQueuedSynchronizer.java:2078)
        at java.util.concurrent.ScheduledThreadPoolExecutor$DelayedWorkQueue.take(ScheduledThreadPoolExecutor.java:1093)
        at java.util.concurrent.ScheduledThreadPoolExecutor$DelayedWorkQueue.take(ScheduledThreadPoolExecutor.java:809)
        at java.util.concurrent.ThreadPoolExecutor.getTask(ThreadPoolExecutor.java:1074)
        at java.util.concurrent.ThreadPoolExecutor.runWorker(ThreadPoolExecutor.java:1134)
        at java.util.concurrent.ThreadPoolExecutor$Worker.run(ThreadPoolExecutor.java:624)
        at java.lang.Thread.run(Thread.java:748)
"pool-117-thread-5"  prio=5 tid=1064 in Object.wait()
java.lang.Thread.State: WAITING (on object monitor)
        at sun.misc.Unsafe.park(Native Method)
        at java.util.concurrent.locks.LockSupport.park(LockSupport.java:175)
        at java.util.concurrent.locks.AbstractQueuedSynchronizer$ConditionObject.await(AbstractQueuedSynchronizer.java:2039)
        at java.util.concurrent.ArrayBlockingQueue.take(ArrayBlockingQueue.java:403)
        at java.util.concurrent.ThreadPoolExecutor.getTask(ThreadPoolExecutor.java:1074)
        at java.util.concurrent.ThreadPoolExecutor.runWorker(ThreadPoolExecutor.java:1134)
        at java.util.concurrent.ThreadPoolExecutor$Worker.run(ThreadPoolExecutor.java:624)
        at java.lang.Thread.run(Thread.java:748)
"pool-70-thread-1"  prio=5 tid=266 timed_waiting
java.lang.Thread.State: TIMED_WAITING
        at sun.misc.Unsafe.park(Native Method)
        at java.util.concurrent.locks.LockSupport.parkNanos(LockSupport.java:215)
        at java.util.concurrent.locks.AbstractQueuedSynchronizer$ConditionObject.awaitNanos(AbstractQueuedSynchronizer.java:2078)
        at java.util.concurrent.ScheduledThreadPoolExecutor$DelayedWorkQueue.take(ScheduledThreadPoolExecutor.java:1093)
        at java.util.concurrent.ScheduledThreadPoolExecutor$DelayedWorkQueue.take(ScheduledThreadPoolExecutor.java:809)
        at java.util.concurrent.ThreadPoolExecutor.getTask(ThreadPoolExecutor.java:1074)
        at java.util.concurrent.ThreadPoolExecutor.runWorker(ThreadPoolExecutor.java:1134)
        at java.util.concurrent.ThreadPoolExecutor$Worker.run(ThreadPoolExecutor.java:624)
        at java.lang.Thread.run(Thread.java:748)
"Datanode State Machine Thread - 0" daemon prio=5 tid=197 timed_waiting
java.lang.Thread.State: TIMED_WAITING
        at java.lang.Thread.sleep(Native Method)
        at org.apache.hadoop.ozone.container.common.statemachine.DatanodeStateMachine.start(DatanodeStateMachine.java:191)
        at org.apache.hadoop.ozone.container.common.statemachine.DatanodeStateMachine.lambda$startDaemon$0(DatanodeStateMachine.java:349)
        at org.apache.hadoop.ozone.container.common.statemachine.DatanodeStateMachine$$Lambda$140/939829672.run(Unknown Source)
        at java.lang.Thread.run(Thread.java:748)
"pool-26-thread-17"  prio=5 tid=391 in Object.wait()
java.lang.Thread.State: WAITING (on object monitor)
        at sun.misc.Unsafe.park(Native Method)
        at java.util.concurrent.locks.LockSupport.park(LockSupport.java:175)
        at java.util.concurrent.locks.AbstractQueuedSynchronizer$ConditionObject.await(AbstractQueuedSynchronizer.java:2039)
        at java.util.concurrent.ArrayBlockingQueue.take(ArrayBlockingQueue.java:403)
        at java.util.concurrent.ThreadPoolExecutor.getTask(ThreadPoolExecutor.java:1074)
        at java.util.concurrent.ThreadPoolExecutor.runWorker(ThreadPoolExecutor.java:1134)
        at java.util.concurrent.ThreadPoolExecutor$Worker.run(ThreadPoolExecutor.java:624)
        at java.lang.Thread.run(Thread.java:748)
"IPC Server handler 16 on 39235" daemon prio=5 tid=45 timed_waiting
java.lang.Thread.State: TIMED_WAITING
        at sun.misc.Unsafe.park(Native Method)
        at java.util.concurrent.locks.LockSupport.parkNanos(LockSupport.java:215)
        at java.util.concurrent.locks.AbstractQueuedSynchronizer$ConditionObject.awaitNanos(AbstractQueuedSynchronizer.java:2078)
        at java.util.concurrent.LinkedBlockingQueue.poll(LinkedBlockingQueue.java:467)
        at org.apache.hadoop.ipc.CallQueueManager.take(CallQueueManager.java:288)
        at org.apache.hadoop.ipc.Server$Handler.run(Server.java:2668)
"Socket Reader #1 for port 37838"  prio=5 tid=15 runnable
java.lang.Thread.State: RUNNABLE
        at sun.nio.ch.EPollArrayWrapper.epollWait(Native Method)
        at sun.nio.ch.EPollArrayWrapper.poll(EPollArrayWrapper.java:269)
        at sun.nio.ch.EPollSelectorImpl.doSelect(EPollSelectorImpl.java:93)
        at sun.nio.ch.SelectorImpl.lockAndDoSelect(SelectorImpl.java:86)
        at sun.nio.ch.SelectorImpl.select(SelectorImpl.java:97)
        at sun.nio.ch.SelectorImpl.select(SelectorImpl.java:101)
        at org.apache.hadoop.ipc.Server$Listener$Reader.doRunLoop(Server.java:1097)
        at org.apache.hadoop.ipc.Server$Listener$Reader.run(Server.java:1076)
"pool-117-thread-58"  prio=5 tid=1117 in Object.wait()
java.lang.Thread.State: WAITING (on object monitor)
        at sun.misc.Unsafe.park(Native Method)
        at java.util.concurrent.locks.LockSupport.park(LockSupport.java:175)
        at java.util.concurrent.locks.AbstractQueuedSynchronizer$ConditionObject.await(AbstractQueuedSynchronizer.java:2039)
        at java.util.concurrent.ArrayBlockingQueue.take(ArrayBlockingQueue.java:403)
        at java.util.concurrent.ThreadPoolExecutor.getTask(ThreadPoolExecutor.java:1074)
        at java.util.concurrent.ThreadPoolExecutor.runWorker(ThreadPoolExecutor.java:1134)
        at java.util.concurrent.ThreadPoolExecutor$Worker.run(ThreadPoolExecutor.java:624)
        at java.lang.Thread.run(Thread.java:748)
"pool-117-thread-47"  prio=5 tid=1106 in Object.wait()
java.lang.Thread.State: WAITING (on object monitor)
        at sun.misc.Unsafe.park(Native Method)
        at java.util.concurrent.locks.LockSupport.park(LockSupport.java:175)
        at java.util.concurrent.locks.AbstractQueuedSynchronizer$ConditionObject.await(AbstractQueuedSynchronizer.java:2039)
        at java.util.concurrent.ArrayBlockingQueue.take(ArrayBlockingQueue.java:403)
        at java.util.concurrent.ThreadPoolExecutor.getTask(ThreadPoolExecutor.java:1074)
        at java.util.concurrent.ThreadPoolExecutor.runWorker(ThreadPoolExecutor.java:1134)
        at java.util.concurrent.ThreadPoolExecutor$Worker.run(ThreadPoolExecutor.java:624)
        at java.lang.Thread.run(Thread.java:748)
"pool-96-thread-40"  prio=5 tid=922 in Object.wait()
java.lang.Thread.State: WAITING (on object monitor)
        at sun.misc.Unsafe.park(Native Method)
        at java.util.concurrent.locks.LockSupport.park(LockSupport.java:175)
        at java.util.concurrent.locks.AbstractQueuedSynchronizer$ConditionObject.await(AbstractQueuedSynchronizer.java:2039)
        at java.util.concurrent.ArrayBlockingQueue.take(ArrayBlockingQueue.java:403)
        at java.util.concurrent.ThreadPoolExecutor.getTask(ThreadPoolExecutor.java:1074)
        at java.util.concurrent.ThreadPoolExecutor.runWorker(ThreadPoolExecutor.java:1134)
        at java.util.concurrent.ThreadPoolExecutor$Worker.run(ThreadPoolExecutor.java:624)
        at java.lang.Thread.run(Thread.java:748)
"pool-46-thread-19"  prio=5 tid=395 in Object.wait()
java.lang.Thread.State: WAITING (on object monitor)
        at sun.misc.Unsafe.park(Native Method)
        at java.util.concurrent.locks.LockSupport.park(LockSupport.java:175)
        at java.util.concurrent.locks.AbstractQueuedSynchronizer$ConditionObject.await(AbstractQueuedSynchronizer.java:2039)
        at java.util.concurrent.ArrayBlockingQueue.take(ArrayBlockingQueue.java:403)
        at java.util.concurrent.ThreadPoolExecutor.getTask(ThreadPoolExecutor.java:1074)
        at java.util.concurrent.ThreadPoolExecutor.runWorker(ThreadPoolExecutor.java:1134)
        at java.util.concurrent.ThreadPoolExecutor$Worker.run(ThreadPoolExecutor.java:624)
        at java.lang.Thread.run(Thread.java:748)
"DataNode DiskChecker thread 0" daemon prio=5 tid=155 timed_waiting
java.lang.Thread.State: TIMED_WAITING
        at sun.misc.Unsafe.park(Native Method)
        at java.util.concurrent.locks.LockSupport.parkNanos(LockSupport.java:215)
        at java.util.concurrent.SynchronousQueue$TransferStack.awaitFulfill(SynchronousQueue.java:460)
        at java.util.concurrent.SynchronousQueue$TransferStack.transfer(SynchronousQueue.java:362)
        at java.util.concurrent.SynchronousQueue.poll(SynchronousQueue.java:941)
        at java.util.concurrent.ThreadPoolExecutor.getTask(ThreadPoolExecutor.java:1073)
        at java.util.concurrent.ThreadPoolExecutor.runWorker(ThreadPoolExecutor.java:1134)
        at java.util.concurrent.ThreadPoolExecutor$Worker.run(ThreadPoolExecutor.java:624)
        at java.lang.Thread.run(Thread.java:748)
"RatisApplyTransactionExecutor 1" daemon prio=5 tid=1255 in Object.wait()
java.lang.Thread.State: WAITING (on object monitor)
        at sun.misc.Unsafe.park(Native Method)
        at java.util.concurrent.locks.LockSupport.park(LockSupport.java:175)
        at java.util.concurrent.locks.AbstractQueuedSynchronizer$ConditionObject.await(AbstractQueuedSynchronizer.java:2039)
        at java.util.concurrent.LinkedBlockingQueue.take(LinkedBlockingQueue.java:442)
        at java.util.concurrent.ThreadPoolExecutor.getTask(ThreadPoolExecutor.java:1074)
        at java.util.concurrent.ThreadPoolExecutor.runWorker(ThreadPoolExecutor.java:1134)
        at java.util.concurrent.ThreadPoolExecutor$Worker.run(ThreadPoolExecutor.java:624)
        at java.lang.Thread.run(Thread.java:748)
"Datanode ReportManager Thread - 1" daemon prio=5 tid=253 timed_waiting
java.lang.Thread.State: TIMED_WAITING
        at sun.misc.Unsafe.park(Native Method)
        at java.util.concurrent.locks.LockSupport.parkNanos(LockSupport.java:215)
        at java.util.concurrent.locks.AbstractQueuedSynchronizer$ConditionObject.awaitNanos(AbstractQueuedSynchronizer.java:2078)
        at java.util.concurrent.ScheduledThreadPoolExecutor$DelayedWorkQueue.take(ScheduledThreadPoolExecutor.java:1093)
        at java.util.concurrent.ScheduledThreadPoolExecutor$DelayedWorkQueue.take(ScheduledThreadPoolExecutor.java:809)
        at java.util.concurrent.ThreadPoolExecutor.getTask(ThreadPoolExecutor.java:1074)
        at java.util.concurrent.ThreadPoolExecutor.runWorker(ThreadPoolExecutor.java:1134)
        at java.util.concurrent.ThreadPoolExecutor$Worker.run(ThreadPoolExecutor.java:624)
        at java.lang.Thread.run(Thread.java:748)
"pool-106-thread-20"  prio=5 tid=999 in Object.wait()
java.lang.Thread.State: WAITING (on object monitor)
        at sun.misc.Unsafe.park(Native Method)
        at java.util.concurrent.locks.LockSupport.park(LockSupport.java:175)
        at java.util.concurrent.locks.AbstractQueuedSynchronizer$ConditionObject.await(AbstractQueuedSynchronizer.java:2039)
        at java.util.concurrent.ArrayBlockingQueue.take(ArrayBlockingQueue.java:403)
        at java.util.concurrent.ThreadPoolExecutor.getTask(ThreadPoolExecutor.java:1074)
        at java.util.concurrent.ThreadPoolExecutor.runWorker(ThreadPoolExecutor.java:1134)
        at java.util.concurrent.ThreadPoolExecutor$Worker.run(ThreadPoolExecutor.java:624)
        at java.lang.Thread.run(Thread.java:748)
"IPC Server handler 11 on 40878" daemon prio=5 tid=60 timed_waiting
java.lang.Thread.State: TIMED_WAITING
        at sun.misc.Unsafe.park(Native Method)
        at java.util.concurrent.locks.LockSupport.parkNanos(LockSupport.java:215)
        at java.util.concurrent.locks.AbstractQueuedSynchronizer$ConditionObject.awaitNanos(AbstractQueuedSynchronizer.java:2078)
        at java.util.concurrent.LinkedBlockingQueue.poll(LinkedBlockingQueue.java:467)
        at org.apache.hadoop.ipc.CallQueueManager.take(CallQueueManager.java:288)
        at org.apache.hadoop.ipc.Server$Handler.run(Server.java:2668)
"Thread-420" daemon prio=5 tid=1297 timed_waiting
java.lang.Thread.State: TIMED_WAITING
        at java.lang.Thread.sleep(Native Method)
        at org.apache.ratis.util.JavaUtils.sleep(JavaUtils.java:247)
        at org.apache.ratis.server.impl.FollowerState.run(FollowerState.java:97)
"pool-96-thread-26"  prio=5 tid=908 in Object.wait()
java.lang.Thread.State: WAITING (on object monitor)
        at sun.misc.Unsafe.park(Native Method)
        at java.util.concurrent.locks.LockSupport.park(LockSupport.java:175)
        at java.util.concurrent.locks.AbstractQueuedSynchronizer$ConditionObject.await(AbstractQueuedSynchronizer.java:2039)
        at java.util.concurrent.ArrayBlockingQueue.take(ArrayBlockingQueue.java:403)
        at java.util.concurrent.ThreadPoolExecutor.getTask(ThreadPoolExecutor.java:1074)
        at java.util.concurrent.ThreadPoolExecutor.runWorker(ThreadPoolExecutor.java:1134)
        at java.util.concurrent.ThreadPoolExecutor$Worker.run(ThreadPoolExecutor.java:624)
        at java.lang.Thread.run(Thread.java:748)
"BlockDeletingService#0" daemon prio=5 tid=632 timed_waiting
java.lang.Thread.State: TIMED_WAITING
        at sun.misc.Unsafe.park(Native Method)
        at java.util.concurrent.locks.LockSupport.parkNanos(LockSupport.java:215)
        at java.util.concurrent.locks.AbstractQueuedSynchronizer$ConditionObject.awaitNanos(AbstractQueuedSynchronizer.java:2078)
        at java.util.concurrent.ScheduledThreadPoolExecutor$DelayedWorkQueue.take(ScheduledThreadPoolExecutor.java:1093)
        at java.util.concurrent.ScheduledThreadPoolExecutor$DelayedWorkQueue.take(ScheduledThreadPoolExecutor.java:809)
        at java.util.concurrent.ThreadPoolExecutor.getTask(ThreadPoolExecutor.java:1074)
        at java.util.concurrent.ThreadPoolExecutor.runWorker(ThreadPoolExecutor.java:1134)
        at java.util.concurrent.ThreadPoolExecutor$Worker.run(ThreadPoolExecutor.java:624)
        at java.lang.Thread.run(Thread.java:748)
"pool-117-thread-55"  prio=5 tid=1114 in Object.wait()
java.lang.Thread.State: WAITING (on object monitor)
        at sun.misc.Unsafe.park(Native Method)
        at java.util.concurrent.locks.LockSupport.park(LockSupport.java:175)
        at java.util.concurrent.locks.AbstractQueuedSynchronizer$ConditionObject.await(AbstractQueuedSynchronizer.java:2039)
        at java.util.concurrent.ArrayBlockingQueue.take(ArrayBlockingQueue.java:403)
        at java.util.concurrent.ThreadPoolExecutor.getTask(ThreadPoolExecutor.java:1074)
        at java.util.concurrent.ThreadPoolExecutor.runWorker(ThreadPoolExecutor.java:1134)
        at java.util.concurrent.ThreadPoolExecutor$Worker.run(ThreadPoolExecutor.java:624)
        at java.lang.Thread.run(Thread.java:748)
"IPC Server idle connection scanner for port 39235" daemon prio=5 tid=24 timed_waiting
java.lang.Thread.State: TIMED_WAITING
        at java.lang.Object.wait(Native Method)
        at java.util.TimerThread.mainLoop(Timer.java:552)
        at java.util.TimerThread.run(Timer.java:505)
"pool-46-thread-31"  prio=5 tid=461 in Object.wait()
java.lang.Thread.State: WAITING (on object monitor)
        at sun.misc.Unsafe.park(Native Method)
        at java.util.concurrent.locks.LockSupport.park(LockSupport.java:175)
        at java.util.concurrent.locks.AbstractQueuedSynchronizer$ConditionObject.await(AbstractQueuedSynchronizer.java:2039)
        at java.util.concurrent.ArrayBlockingQueue.take(ArrayBlockingQueue.java:403)
        at java.util.concurrent.ThreadPoolExecutor.getTask(ThreadPoolExecutor.java:1074)
        at java.util.concurrent.ThreadPoolExecutor.runWorker(ThreadPoolExecutor.java:1134)
        at java.util.concurrent.ThreadPoolExecutor$Worker.run(ThreadPoolExecutor.java:624)
        at java.lang.Thread.run(Thread.java:748)
"org.apache.ratis.server.impl.LogAppender$AppenderDaemon$$Lambda$565/1288450225@436a861a" daemon prio=5 tid=1236 timed_waiting
java.lang.Thread.State: TIMED_WAITING
        at java.lang.Object.wait(Native Method)
        at org.apache.ratis.grpc.server.GrpcLogAppender.mayWait(GrpcLogAppender.java:141)
        at org.apache.ratis.grpc.server.GrpcLogAppender.runAppenderImpl(GrpcLogAppender.java:95)
        at org.apache.ratis.server.impl.LogAppender$AppenderDaemon.run(LogAppender.java:76)
        at org.apache.ratis.server.impl.LogAppender$AppenderDaemon$$Lambda$565/1288450225.run(Unknown Source)
        at java.lang.Thread.run(Thread.java:748)
"pool-117-thread-45"  prio=5 tid=1104 in Object.wait()
java.lang.Thread.State: WAITING (on object monitor)
        at sun.misc.Unsafe.park(Native Method)
        at java.util.concurrent.locks.LockSupport.park(LockSupport.java:175)
        at java.util.concurrent.locks.AbstractQueuedSynchronizer$ConditionObject.await(AbstractQueuedSynchronizer.java:2039)
        at java.util.concurrent.ArrayBlockingQueue.take(ArrayBlockingQueue.java:403)
        at java.util.concurrent.ThreadPoolExecutor.getTask(ThreadPoolExecutor.java:1074)
        at java.util.concurrent.ThreadPoolExecutor.runWorker(ThreadPoolExecutor.java:1134)
        at java.util.concurrent.ThreadPoolExecutor$Worker.run(ThreadPoolExecutor.java:624)
        at java.lang.Thread.run(Thread.java:748)
"pool-46-thread-49"  prio=5 tid=552 in Object.wait()
java.lang.Thread.State: WAITING (on object monitor)
        at sun.misc.Unsafe.park(Native Method)
        at java.util.concurrent.locks.LockSupport.park(LockSupport.java:175)
        at java.util.concurrent.locks.AbstractQueuedSynchronizer$ConditionObject.await(AbstractQueuedSynchronizer.java:2039)
        at java.util.concurrent.ArrayBlockingQueue.take(ArrayBlockingQueue.java:403)
        at java.util.concurrent.ThreadPoolExecutor.getTask(ThreadPoolExecutor.java:1074)
        at java.util.concurrent.ThreadPoolExecutor.runWorker(ThreadPoolExecutor.java:1134)
        at java.util.concurrent.ThreadPoolExecutor$Worker.run(ThreadPoolExecutor.java:624)
        at java.lang.Thread.run(Thread.java:748)
"pool-56-thread-47"  prio=5 tid=529 in Object.wait()
java.lang.Thread.State: WAITING (on object monitor)
        at sun.misc.Unsafe.park(Native Method)
        at java.util.concurrent.locks.LockSupport.park(LockSupport.java:175)
        at java.util.concurrent.locks.AbstractQueuedSynchronizer$ConditionObject.await(AbstractQueuedSynchronizer.java:2039)
        at java.util.concurrent.ArrayBlockingQueue.take(ArrayBlockingQueue.java:403)
        at java.util.concurrent.ThreadPoolExecutor.getTask(ThreadPoolExecutor.java:1074)
        at java.util.concurrent.ThreadPoolExecutor.runWorker(ThreadPoolExecutor.java:1134)
        at java.util.concurrent.ThreadPoolExecutor$Worker.run(ThreadPoolExecutor.java:624)
        at java.lang.Thread.run(Thread.java:748)
"IPC Server handler 6 on 39235" daemon prio=5 tid=35 timed_waiting
java.lang.Thread.State: TIMED_WAITING
        at sun.misc.Unsafe.park(Native Method)
        at java.util.concurrent.locks.LockSupport.parkNanos(LockSupport.java:215)
        at java.util.concurrent.locks.AbstractQueuedSynchronizer$ConditionObject.awaitNanos(AbstractQueuedSynchronizer.java:2078)
        at java.util.concurrent.LinkedBlockingQueue.poll(LinkedBlockingQueue.java:467)
        at org.apache.hadoop.ipc.CallQueueManager.take(CallQueueManager.java:288)
        at org.apache.hadoop.ipc.Server$Handler.run(Server.java:2668)
"pool-117-thread-31"  prio=5 tid=1090 in Object.wait()
java.lang.Thread.State: WAITING (on object monitor)
        at sun.misc.Unsafe.park(Native Method)
        at java.util.concurrent.locks.LockSupport.park(LockSupport.java:175)
        at java.util.concurrent.locks.AbstractQueuedSynchronizer$ConditionObject.await(AbstractQueuedSynchronizer.java:2039)
        at java.util.concurrent.ArrayBlockingQueue.take(ArrayBlockingQueue.java:403)
        at java.util.concurrent.ThreadPoolExecutor.getTask(ThreadPoolExecutor.java:1074)
        at java.util.concurrent.ThreadPoolExecutor.runWorker(ThreadPoolExecutor.java:1134)
        at java.util.concurrent.ThreadPoolExecutor$Worker.run(ThreadPoolExecutor.java:624)
        at java.lang.Thread.run(Thread.java:748)
"pool-46-thread-50"  prio=5 tid=557 in Object.wait()
java.lang.Thread.State: WAITING (on object monitor)
        at sun.misc.Unsafe.park(Native Method)
        at java.util.concurrent.locks.LockSupport.park(LockSupport.java:175)
        at java.util.concurrent.locks.AbstractQueuedSynchronizer$ConditionObject.await(AbstractQueuedSynchronizer.java:2039)
        at java.util.concurrent.ArrayBlockingQueue.take(ArrayBlockingQueue.java:403)
        at java.util.concurrent.ThreadPoolExecutor.getTask(ThreadPoolExecutor.java:1074)
        at java.util.concurrent.ThreadPoolExecutor.runWorker(ThreadPoolExecutor.java:1134)
        at java.util.concurrent.ThreadPoolExecutor$Worker.run(ThreadPoolExecutor.java:624)
        at java.lang.Thread.run(Thread.java:748)
"pool-106-thread-54"  prio=5 tid=1033 in Object.wait()
java.lang.Thread.State: WAITING (on object monitor)
        at sun.misc.Unsafe.park(Native Method)
        at java.util.concurrent.locks.LockSupport.park(LockSupport.java:175)
        at java.util.concurrent.locks.AbstractQueuedSynchronizer$ConditionObject.await(AbstractQueuedSynchronizer.java:2039)
        at java.util.concurrent.ArrayBlockingQueue.take(ArrayBlockingQueue.java:403)
        at java.util.concurrent.ThreadPoolExecutor.getTask(ThreadPoolExecutor.java:1074)
        at java.util.concurrent.ThreadPoolExecutor.runWorker(ThreadPoolExecutor.java:1134)
        at java.util.concurrent.ThreadPoolExecutor$Worker.run(ThreadPoolExecutor.java:624)
        at java.lang.Thread.run(Thread.java:748)
"pool-66-thread-28"  prio=5 tid=665 in Object.wait()
java.lang.Thread.State: WAITING (on object monitor)
        at sun.misc.Unsafe.park(Native Method)
        at java.util.concurrent.locks.LockSupport.park(LockSupport.java:175)
        at java.util.concurrent.locks.AbstractQueuedSynchronizer$ConditionObject.await(AbstractQueuedSynchronizer.java:2039)
        at java.util.concurrent.ArrayBlockingQueue.take(ArrayBlockingQueue.java:403)
        at java.util.concurrent.ThreadPoolExecutor.getTask(ThreadPoolExecutor.java:1074)
        at java.util.concurrent.ThreadPoolExecutor.runWorker(ThreadPoolExecutor.java:1134)
        at java.util.concurrent.ThreadPoolExecutor$Worker.run(ThreadPoolExecutor.java:624)
        at java.lang.Thread.run(Thread.java:748)
"qtp1977508673-299" daemon prio=5 tid=299 timed_waiting
java.lang.Thread.State: TIMED_WAITING
        at sun.misc.Unsafe.park(Native Method)
        at java.util.concurrent.locks.LockSupport.parkNanos(LockSupport.java:215)
        at java.util.concurrent.locks.AbstractQueuedSynchronizer$ConditionObject.awaitNanos(AbstractQueuedSynchronizer.java:2078)
        at org.eclipse.jetty.util.BlockingArrayQueue.poll(BlockingArrayQueue.java:392)
        at org.eclipse.jetty.util.thread.QueuedThreadPool.idleJobPoll(QueuedThreadPool.java:563)
        at org.eclipse.jetty.util.thread.QueuedThreadPool.access$800(QueuedThreadPool.java:48)
        at org.eclipse.jetty.util.thread.QueuedThreadPool$2.run(QueuedThreadPool.java:626)
        at java.lang.Thread.run(Thread.java:748)
"pool-26-thread-55"  prio=5 tid=523 in Object.wait()
java.lang.Thread.State: WAITING (on object monitor)
        at sun.misc.Unsafe.park(Native Method)
        at java.util.concurrent.locks.LockSupport.park(LockSupport.java:175)
        at java.util.concurrent.locks.AbstractQueuedSynchronizer$ConditionObject.await(AbstractQueuedSynchronizer.java:2039)
        at java.util.concurrent.ArrayBlockingQueue.take(ArrayBlockingQueue.java:403)
        at java.util.concurrent.ThreadPoolExecutor.getTask(ThreadPoolExecutor.java:1074)
        at java.util.concurrent.ThreadPoolExecutor.runWorker(ThreadPoolExecutor.java:1134)
        at java.util.concurrent.ThreadPoolExecutor$Worker.run(ThreadPoolExecutor.java:624)
        at java.lang.Thread.run(Thread.java:748)
"pool-66-thread-18"  prio=5 tid=655 in Object.wait()
java.lang.Thread.State: WAITING (on object monitor)
        at sun.misc.Unsafe.park(Native Method)
        at java.util.concurrent.locks.LockSupport.park(LockSupport.java:175)
        at java.util.concurrent.locks.AbstractQueuedSynchronizer$ConditionObject.await(AbstractQueuedSynchronizer.java:2039)
        at java.util.concurrent.ArrayBlockingQueue.take(ArrayBlockingQueue.java:403)
        at java.util.concurrent.ThreadPoolExecutor.getTask(ThreadPoolExecutor.java:1074)
        at java.util.concurrent.ThreadPoolExecutor.runWorker(ThreadPoolExecutor.java:1134)
        at java.util.concurrent.ThreadPoolExecutor$Worker.run(ThreadPoolExecutor.java:624)
        at java.lang.Thread.run(Thread.java:748)
"metrics-hadoop-metrics2-reporter-41-thread-1" daemon prio=5 tid=1175 timed_waiting
java.lang.Thread.State: TIMED_WAITING
        at sun.misc.Unsafe.park(Native Method)
        at java.util.concurrent.locks.LockSupport.parkNanos(LockSupport.java:215)
        at java.util.concurrent.locks.AbstractQueuedSynchronizer$ConditionObject.awaitNanos(AbstractQueuedSynchronizer.java:2078)
        at java.util.concurrent.ScheduledThreadPoolExecutor$DelayedWorkQueue.take(ScheduledThreadPoolExecutor.java:1093)
        at java.util.concurrent.ScheduledThreadPoolExecutor$DelayedWorkQueue.take(ScheduledThreadPoolExecutor.java:809)
        at java.util.concurrent.ThreadPoolExecutor.getTask(ThreadPoolExecutor.java:1074)
        at java.util.concurrent.ThreadPoolExecutor.runWorker(ThreadPoolExecutor.java:1134)
        at java.util.concurrent.ThreadPoolExecutor$Worker.run(ThreadPoolExecutor.java:624)
        at java.lang.Thread.run(Thread.java:748)
"Datanode ReportManager Thread - 2" daemon prio=5 tid=200 in Object.wait()
java.lang.Thread.State: WAITING (on object monitor)
        at sun.misc.Unsafe.park(Native Method)
        at java.util.concurrent.locks.LockSupport.park(LockSupport.java:175)
        at java.util.concurrent.locks.AbstractQueuedSynchronizer$ConditionObject.await(AbstractQueuedSynchronizer.java:2039)
        at java.util.concurrent.ScheduledThreadPoolExecutor$DelayedWorkQueue.take(ScheduledThreadPoolExecutor.java:1088)
        at java.util.concurrent.ScheduledThreadPoolExecutor$DelayedWorkQueue.take(ScheduledThreadPoolExecutor.java:809)
        at java.util.concurrent.ThreadPoolExecutor.getTask(ThreadPoolExecutor.java:1074)
        at java.util.concurrent.ThreadPoolExecutor.runWorker(ThreadPoolExecutor.java:1134)
        at java.util.concurrent.ThreadPoolExecutor$Worker.run(ThreadPoolExecutor.java:624)
        at java.lang.Thread.run(Thread.java:748)
"pool-56-thread-56"  prio=5 tid=564 in Object.wait()
java.lang.Thread.State: WAITING (on object monitor)
        at sun.misc.Unsafe.park(Native Method)
        at java.util.concurrent.locks.LockSupport.park(LockSupport.java:175)
        at java.util.concurrent.locks.AbstractQueuedSynchronizer$ConditionObject.await(AbstractQueuedSynchronizer.java:2039)
        at java.util.concurrent.ArrayBlockingQueue.take(ArrayBlockingQueue.java:403)
        at java.util.concurrent.ThreadPoolExecutor.getTask(ThreadPoolExecutor.java:1074)
        at java.util.concurrent.ThreadPoolExecutor.runWorker(ThreadPoolExecutor.java:1134)
        at java.util.concurrent.ThreadPoolExecutor$Worker.run(ThreadPoolExecutor.java:624)
        at java.lang.Thread.run(Thread.java:748)
"pool-26-thread-1"  prio=5 tid=328 in Object.wait()
java.lang.Thread.State: WAITING (on object monitor)
        at sun.misc.Unsafe.park(Native Method)
        at java.util.concurrent.locks.LockSupport.park(LockSupport.java:175)
        at java.util.concurrent.locks.AbstractQueuedSynchronizer$ConditionObject.await(AbstractQueuedSynchronizer.java:2039)
        at java.util.concurrent.ArrayBlockingQueue.take(ArrayBlockingQueue.java:403)
        at java.util.concurrent.ThreadPoolExecutor.getTask(ThreadPoolExecutor.java:1074)
        at java.util.concurrent.ThreadPoolExecutor.runWorker(ThreadPoolExecutor.java:1134)
        at java.util.concurrent.ThreadPoolExecutor$Worker.run(ThreadPoolExecutor.java:624)
        at java.lang.Thread.run(Thread.java:748)
"pool-96-thread-18"  prio=5 tid=900 in Object.wait()
java.lang.Thread.State: WAITING (on object monitor)
        at sun.misc.Unsafe.park(Native Method)
        at java.util.concurrent.locks.LockSupport.park(LockSupport.java:175)
        at java.util.concurrent.locks.AbstractQueuedSynchronizer$ConditionObject.await(AbstractQueuedSynchronizer.java:2039)
        at java.util.concurrent.ArrayBlockingQueue.take(ArrayBlockingQueue.java:403)
        at java.util.concurrent.ThreadPoolExecutor.getTask(ThreadPoolExecutor.java:1074)
        at java.util.concurrent.ThreadPoolExecutor.runWorker(ThreadPoolExecutor.java:1134)
        at java.util.concurrent.ThreadPoolExecutor$Worker.run(ThreadPoolExecutor.java:624)
        at java.lang.Thread.run(Thread.java:748)
"pool-36-thread-37"  prio=5 tid=504 in Object.wait()
java.lang.Thread.State: WAITING (on object monitor)
        at sun.misc.Unsafe.park(Native Method)
        at java.util.concurrent.locks.LockSupport.park(LockSupport.java:175)
        at java.util.concurrent.locks.AbstractQueuedSynchronizer$ConditionObject.await(AbstractQueuedSynchronizer.java:2039)
        at java.util.concurrent.ArrayBlockingQueue.take(ArrayBlockingQueue.java:403)
        at java.util.concurrent.ThreadPoolExecutor.getTask(ThreadPoolExecutor.java:1074)
        at java.util.concurrent.ThreadPoolExecutor.runWorker(ThreadPoolExecutor.java:1134)
        at java.util.concurrent.ThreadPoolExecutor$Worker.run(ThreadPoolExecutor.java:624)
        at java.lang.Thread.run(Thread.java:748)
"pool-117-thread-10"  prio=5 tid=1069 in Object.wait()
java.lang.Thread.State: WAITING (on object monitor)
        at sun.misc.Unsafe.park(Native Method)
        at java.util.concurrent.locks.LockSupport.park(LockSupport.java:175)
        at java.util.concurrent.locks.AbstractQueuedSynchronizer$ConditionObject.await(AbstractQueuedSynchronizer.java:2039)
        at java.util.concurrent.ArrayBlockingQueue.take(ArrayBlockingQueue.java:403)
        at java.util.concurrent.ThreadPoolExecutor.getTask(ThreadPoolExecutor.java:1074)
        at java.util.concurrent.ThreadPoolExecutor.runWorker(ThreadPoolExecutor.java:1134)
        at java.util.concurrent.ThreadPoolExecutor$Worker.run(ThreadPoolExecutor.java:624)
        at java.lang.Thread.run(Thread.java:748)
"Command processor thread" daemon prio=5 tid=283 timed_waiting
java.lang.Thread.State: TIMED_WAITING
        at java.lang.Thread.sleep(Native Method)
        at org.apache.hadoop.ozone.container.common.statemachine.DatanodeStateMachine.lambda$initCommandHandlerThread$1(DatanodeStateMachine.java:439)
        at org.apache.hadoop.ozone.container.common.statemachine.DatanodeStateMachine$$Lambda$141/1487479796.run(Unknown Source)
        at java.lang.Thread.run(Thread.java:748)
"pool-94-thread-1" daemon prio=5 tid=588 timed_waiting
java.lang.Thread.State: TIMED_WAITING
        at sun.misc.Unsafe.park(Native Method)
        at java.util.concurrent.locks.LockSupport.parkNanos(LockSupport.java:215)
        at java.util.concurrent.locks.AbstractQueuedSynchronizer$ConditionObject.awaitNanos(AbstractQueuedSynchronizer.java:2078)
        at java.util.concurrent.ScheduledThreadPoolExecutor$DelayedWorkQueue.take(ScheduledThreadPoolExecutor.java:1093)
        at java.util.concurrent.ScheduledThreadPoolExecutor$DelayedWorkQueue.take(ScheduledThreadPoolExecutor.java:809)
        at java.util.concurrent.ThreadPoolExecutor.getTask(ThreadPoolExecutor.java:1074)
        at java.util.concurrent.ThreadPoolExecutor.runWorker(ThreadPoolExecutor.java:1134)
        at java.util.concurrent.ThreadPoolExecutor$Worker.run(ThreadPoolExecutor.java:624)
        at java.lang.Thread.run(Thread.java:748)
"IPC Server handler 19 on 37221" daemon prio=5 tid=134 timed_waiting
java.lang.Thread.State: TIMED_WAITING
        at sun.misc.Unsafe.park(Native Method)
        at java.util.concurrent.locks.LockSupport.parkNanos(LockSupport.java:215)
        at java.util.concurrent.locks.AbstractQueuedSynchronizer$ConditionObject.awaitNanos(AbstractQueuedSynchronizer.java:2078)
        at java.util.concurrent.LinkedBlockingQueue.poll(LinkedBlockingQueue.java:467)
        at org.apache.hadoop.ipc.CallQueueManager.take(CallQueueManager.java:288)
        at org.apache.hadoop.ipc.Server$Handler.run(Server.java:2668)
"IPC Server handler 15 on 39235" daemon prio=5 tid=44 timed_waiting
java.lang.Thread.State: TIMED_WAITING
        at sun.misc.Unsafe.park(Native Method)
        at java.util.concurrent.locks.LockSupport.parkNanos(LockSupport.java:215)
        at java.util.concurrent.locks.AbstractQueuedSynchronizer$ConditionObject.awaitNanos(AbstractQueuedSynchronizer.java:2078)
        at java.util.concurrent.LinkedBlockingQueue.poll(LinkedBlockingQueue.java:467)
        at org.apache.hadoop.ipc.CallQueueManager.take(CallQueueManager.java:288)
        at org.apache.hadoop.ipc.Server$Handler.run(Server.java:2668)
"DataNode DiskChecker thread 0" daemon prio=5 tid=263 timed_waiting
java.lang.Thread.State: TIMED_WAITING
        at sun.misc.Unsafe.park(Native Method)
        at java.util.concurrent.locks.LockSupport.parkNanos(LockSupport.java:215)
        at java.util.concurrent.SynchronousQueue$TransferStack.awaitFulfill(SynchronousQueue.java:460)
        at java.util.concurrent.SynchronousQueue$TransferStack.transfer(SynchronousQueue.java:362)
        at java.util.concurrent.SynchronousQueue.poll(SynchronousQueue.java:941)
        at java.util.concurrent.ThreadPoolExecutor.getTask(ThreadPoolExecutor.java:1073)
        at java.util.concurrent.ThreadPoolExecutor.runWorker(ThreadPoolExecutor.java:1134)
        at java.util.concurrent.ThreadPoolExecutor$Worker.run(ThreadPoolExecutor.java:624)
        at java.lang.Thread.run(Thread.java:748)
"pool-117-thread-50"  prio=5 tid=1109 in Object.wait()
java.lang.Thread.State: WAITING (on object monitor)
        at sun.misc.Unsafe.park(Native Method)
        at java.util.concurrent.locks.LockSupport.park(LockSupport.java:175)
        at java.util.concurrent.locks.AbstractQueuedSynchronizer$ConditionObject.await(AbstractQueuedSynchronizer.java:2039)
        at java.util.concurrent.ArrayBlockingQueue.take(ArrayBlockingQueue.java:403)
        at java.util.concurrent.ThreadPoolExecutor.getTask(ThreadPoolExecutor.java:1074)
        at java.util.concurrent.ThreadPoolExecutor.runWorker(ThreadPoolExecutor.java:1134)
        at java.util.concurrent.ThreadPoolExecutor$Worker.run(ThreadPoolExecutor.java:624)
        at java.lang.Thread.run(Thread.java:748)
"pool-76-thread-8"  prio=5 tid=754 in Object.wait()
java.lang.Thread.State: WAITING (on object monitor)
        at sun.misc.Unsafe.park(Native Method)
        at java.util.concurrent.locks.LockSupport.park(LockSupport.java:175)
        at java.util.concurrent.locks.AbstractQueuedSynchronizer$ConditionObject.await(AbstractQueuedSynchronizer.java:2039)
        at java.util.concurrent.ArrayBlockingQueue.take(ArrayBlockingQueue.java:403)
        at java.util.concurrent.ThreadPoolExecutor.getTask(ThreadPoolExecutor.java:1074)
        at java.util.concurrent.ThreadPoolExecutor.runWorker(ThreadPoolExecutor.java:1134)
        at java.util.concurrent.ThreadPoolExecutor$Worker.run(ThreadPoolExecutor.java:624)
        at java.lang.Thread.run(Thread.java:748)
"pool-36-thread-36"  prio=5 tid=499 in Object.wait()
java.lang.Thread.State: WAITING (on object monitor)
        at sun.misc.Unsafe.park(Native Method)
        at java.util.concurrent.locks.LockSupport.park(LockSupport.java:175)
        at java.util.concurrent.locks.AbstractQueuedSynchronizer$ConditionObject.await(AbstractQueuedSynchronizer.java:2039)
        at java.util.concurrent.ArrayBlockingQueue.take(ArrayBlockingQueue.java:403)
        at java.util.concurrent.ThreadPoolExecutor.getTask(ThreadPoolExecutor.java:1074)
        at java.util.concurrent.ThreadPoolExecutor.runWorker(ThreadPoolExecutor.java:1134)
        at java.util.concurrent.ThreadPoolExecutor$Worker.run(ThreadPoolExecutor.java:624)
        at java.lang.Thread.run(Thread.java:748)
"Datanode ReportManager Thread - 3" daemon prio=5 tid=312 in Object.wait()
java.lang.Thread.State: WAITING (on object monitor)
        at sun.misc.Unsafe.park(Native Method)
        at java.util.concurrent.locks.LockSupport.park(LockSupport.java:175)
        at java.util.concurrent.locks.AbstractQueuedSynchronizer$ConditionObject.await(AbstractQueuedSynchronizer.java:2039)
        at java.util.concurrent.ScheduledThreadPoolExecutor$DelayedWorkQueue.take(ScheduledThreadPoolExecutor.java:1088)
        at java.util.concurrent.ScheduledThreadPoolExecutor$DelayedWorkQueue.take(ScheduledThreadPoolExecutor.java:809)
        at java.util.concurrent.ThreadPoolExecutor.getTask(ThreadPoolExecutor.java:1074)
        at java.util.concurrent.ThreadPoolExecutor.runWorker(ThreadPoolExecutor.java:1134)
        at java.util.concurrent.ThreadPoolExecutor$Worker.run(ThreadPoolExecutor.java:624)
        at java.lang.Thread.run(Thread.java:748)
"pool-96-thread-13"  prio=5 tid=895 in Object.wait()
java.lang.Thread.State: WAITING (on object monitor)
        at sun.misc.Unsafe.park(Native Method)
        at java.util.concurrent.locks.LockSupport.park(LockSupport.java:175)
        at java.util.concurrent.locks.AbstractQueuedSynchronizer$ConditionObject.await(AbstractQueuedSynchronizer.java:2039)
        at java.util.concurrent.ArrayBlockingQueue.take(ArrayBlockingQueue.java:403)
        at java.util.concurrent.ThreadPoolExecutor.getTask(ThreadPoolExecutor.java:1074)
        at java.util.concurrent.ThreadPoolExecutor.runWorker(ThreadPoolExecutor.java:1134)
        at java.util.concurrent.ThreadPoolExecutor$Worker.run(ThreadPoolExecutor.java:624)
        at java.lang.Thread.run(Thread.java:748)
"metrics-hadoop-metrics2-reporter-63-thread-1" daemon prio=5 tid=1330 timed_waiting
java.lang.Thread.State: TIMED_WAITING
        at sun.misc.Unsafe.park(Native Method)
        at java.util.concurrent.locks.LockSupport.parkNanos(LockSupport.java:215)
        at java.util.concurrent.locks.AbstractQueuedSynchronizer$ConditionObject.awaitNanos(AbstractQueuedSynchronizer.java:2078)
        at java.util.concurrent.ScheduledThreadPoolExecutor$DelayedWorkQueue.take(ScheduledThreadPoolExecutor.java:1093)
        at java.util.concurrent.ScheduledThreadPoolExecutor$DelayedWorkQueue.take(ScheduledThreadPoolExecutor.java:809)
        at java.util.concurrent.ThreadPoolExecutor.getTask(ThreadPoolExecutor.java:1074)
        at java.util.concurrent.ThreadPoolExecutor.runWorker(ThreadPoolExecutor.java:1134)
        at java.util.concurrent.ThreadPoolExecutor$Worker.run(ThreadPoolExecutor.java:624)
        at java.lang.Thread.run(Thread.java:748)
"pool-117-thread-34"  prio=5 tid=1093 in Object.wait()
java.lang.Thread.State: WAITING (on object monitor)
        at sun.misc.Unsafe.park(Native Method)
        at java.util.concurrent.locks.LockSupport.park(LockSupport.java:175)
        at java.util.concurrent.locks.AbstractQueuedSynchronizer$ConditionObject.await(AbstractQueuedSynchronizer.java:2039)
        at java.util.concurrent.ArrayBlockingQueue.take(ArrayBlockingQueue.java:403)
        at java.util.concurrent.ThreadPoolExecutor.getTask(ThreadPoolExecutor.java:1074)
        at java.util.concurrent.ThreadPoolExecutor.runWorker(ThreadPoolExecutor.java:1134)
        at java.util.concurrent.ThreadPoolExecutor$Worker.run(ThreadPoolExecutor.java:624)
        at java.lang.Thread.run(Thread.java:748)
"pool-76-thread-52"  prio=5 tid=798 in Object.wait()
java.lang.Thread.State: WAITING (on object monitor)
        at sun.misc.Unsafe.park(Native Method)
        at java.util.concurrent.locks.LockSupport.park(LockSupport.java:175)
        at java.util.concurrent.locks.AbstractQueuedSynchronizer$ConditionObject.await(AbstractQueuedSynchronizer.java:2039)
        at java.util.concurrent.ArrayBlockingQueue.take(ArrayBlockingQueue.java:403)
        at java.util.concurrent.ThreadPoolExecutor.getTask(ThreadPoolExecutor.java:1074)
        at java.util.concurrent.ThreadPoolExecutor.runWorker(ThreadPoolExecutor.java:1134)
        at java.util.concurrent.ThreadPoolExecutor$Worker.run(ThreadPoolExecutor.java:624)
        at java.lang.Thread.run(Thread.java:748)
"pool-86-thread-54"  prio=5 tid=872 in Object.wait()
java.lang.Thread.State: WAITING (on object monitor)
        at sun.misc.Unsafe.park(Native Method)
        at java.util.concurrent.locks.LockSupport.park(LockSupport.java:175)
        at java.util.concurrent.locks.AbstractQueuedSynchronizer$ConditionObject.await(AbstractQueuedSynchronizer.java:2039)
        at java.util.concurrent.ArrayBlockingQueue.take(ArrayBlockingQueue.java:403)
        at java.util.concurrent.ThreadPoolExecutor.getTask(ThreadPoolExecutor.java:1074)
        at java.util.concurrent.ThreadPoolExecutor.runWorker(ThreadPoolExecutor.java:1134)
        at java.util.concurrent.ThreadPoolExecutor$Worker.run(ThreadPoolExecutor.java:624)
        at java.lang.Thread.run(Thread.java:748)
"pool-117-thread-42"  prio=5 tid=1101 in Object.wait()
java.lang.Thread.State: WAITING (on object monitor)
        at sun.misc.Unsafe.park(Native Method)
        at java.util.concurrent.locks.LockSupport.park(LockSupport.java:175)
        at java.util.concurrent.locks.AbstractQueuedSynchronizer$ConditionObject.await(AbstractQueuedSynchronizer.java:2039)
        at java.util.concurrent.ArrayBlockingQueue.take(ArrayBlockingQueue.java:403)
        at java.util.concurrent.ThreadPoolExecutor.getTask(ThreadPoolExecutor.java:1074)
        at java.util.concurrent.ThreadPoolExecutor.runWorker(ThreadPoolExecutor.java:1134)
        at java.util.concurrent.ThreadPoolExecutor$Worker.run(ThreadPoolExecutor.java:624)
        at java.lang.Thread.run(Thread.java:748)
"java.util.concurrent.ThreadPoolExecutor$Worker@4227885c[State = -1, empty queue]" daemon prio=5 tid=1289 timed_waiting
java.lang.Thread.State: TIMED_WAITING
        at sun.misc.Unsafe.park(Native Method)
        at java.util.concurrent.locks.LockSupport.parkNanos(LockSupport.java:215)
        at java.util.concurrent.locks.AbstractQueuedSynchronizer$ConditionObject.awaitNanos(AbstractQueuedSynchronizer.java:2078)
        at java.util.concurrent.ScheduledThreadPoolExecutor$DelayedWorkQueue.take(ScheduledThreadPoolExecutor.java:1093)
        at java.util.concurrent.ScheduledThreadPoolExecutor$DelayedWorkQueue.take(ScheduledThreadPoolExecutor.java:809)
        at java.util.concurrent.ThreadPoolExecutor.getTask(ThreadPoolExecutor.java:1074)
        at java.util.concurrent.ThreadPoolExecutor.runWorker(ThreadPoolExecutor.java:1134)
        at java.util.concurrent.ThreadPoolExecutor$Worker.run(ThreadPoolExecutor.java:624)
        at java.lang.Thread.run(Thread.java:748)
"org.eclipse.jetty.server.session.HashSessionManager@623dcf2aTimer" daemon prio=5 tid=169 timed_waiting
java.lang.Thread.State: TIMED_WAITING
        at sun.misc.Unsafe.park(Native Method)
        at java.util.concurrent.locks.LockSupport.parkNanos(LockSupport.java:215)
        at java.util.concurrent.locks.AbstractQueuedSynchronizer$ConditionObject.awaitNanos(AbstractQueuedSynchronizer.java:2078)
        at java.util.concurrent.ScheduledThreadPoolExecutor$DelayedWorkQueue.take(ScheduledThreadPoolExecutor.java:1093)
        at java.util.concurrent.ScheduledThreadPoolExecutor$DelayedWorkQueue.take(ScheduledThreadPoolExecutor.java:809)
        at java.util.concurrent.ThreadPoolExecutor.getTask(ThreadPoolExecutor.java:1074)
        at java.util.concurrent.ThreadPoolExecutor.runWorker(ThreadPoolExecutor.java:1134)
        at java.util.concurrent.ThreadPoolExecutor$Worker.run(ThreadPoolExecutor.java:624)
        at java.lang.Thread.run(Thread.java:748)
"pool-86-thread-59"  prio=5 tid=877 in Object.wait()
java.lang.Thread.State: WAITING (on object monitor)
        at sun.misc.Unsafe.park(Native Method)
        at java.util.concurrent.locks.LockSupport.park(LockSupport.java:175)
        at java.util.concurrent.locks.AbstractQueuedSynchronizer$ConditionObject.await(AbstractQueuedSynchronizer.java:2039)
        at java.util.concurrent.ArrayBlockingQueue.take(ArrayBlockingQueue.java:403)
        at java.util.concurrent.ThreadPoolExecutor.getTask(ThreadPoolExecutor.java:1074)
        at java.util.concurrent.ThreadPoolExecutor.runWorker(ThreadPoolExecutor.java:1134)
        at java.util.concurrent.ThreadPoolExecutor$Worker.run(ThreadPoolExecutor.java:624)
        at java.lang.Thread.run(Thread.java:748)
"pool-46-thread-20"  prio=5 tid=400 in Object.wait()
java.lang.Thread.State: WAITING (on object monitor)
        at sun.misc.Unsafe.park(Native Method)
        at java.util.concurrent.locks.LockSupport.park(LockSupport.java:175)
        at java.util.concurrent.locks.AbstractQueuedSynchronizer$ConditionObject.await(AbstractQueuedSynchronizer.java:2039)
        at java.util.concurrent.ArrayBlockingQueue.take(ArrayBlockingQueue.java:403)
        at java.util.concurrent.ThreadPoolExecutor.getTask(ThreadPoolExecutor.java:1074)
        at java.util.concurrent.ThreadPoolExecutor.runWorker(ThreadPoolExecutor.java:1134)
        at java.util.concurrent.ThreadPoolExecutor$Worker.run(ThreadPoolExecutor.java:624)
        at java.lang.Thread.run(Thread.java:748)
"metrics-hadoop-metrics2-reporter-59-thread-1" daemon prio=5 tid=1280 timed_waiting
java.lang.Thread.State: TIMED_WAITING
        at sun.misc.Unsafe.park(Native Method)
        at java.util.concurrent.locks.LockSupport.parkNanos(LockSupport.java:215)
        at java.util.concurrent.locks.AbstractQueuedSynchronizer$ConditionObject.awaitNanos(AbstractQueuedSynchronizer.java:2078)
        at java.util.concurrent.ScheduledThreadPoolExecutor$DelayedWorkQueue.take(ScheduledThreadPoolExecutor.java:1093)
        at java.util.concurrent.ScheduledThreadPoolExecutor$DelayedWorkQueue.take(ScheduledThreadPoolExecutor.java:809)
        at java.util.concurrent.ThreadPoolExecutor.getTask(ThreadPoolExecutor.java:1074)
        at java.util.concurrent.ThreadPoolExecutor.runWorker(ThreadPoolExecutor.java:1134)
        at java.util.concurrent.ThreadPoolExecutor$Worker.run(ThreadPoolExecutor.java:624)
        at java.lang.Thread.run(Thread.java:748)
"pool-110-thread-1"  prio=5 tid=618 timed_waiting
java.lang.Thread.State: TIMED_WAITING
        at sun.misc.Unsafe.park(Native Method)
        at java.util.concurrent.locks.LockSupport.parkNanos(LockSupport.java:215)
        at java.util.concurrent.locks.AbstractQueuedSynchronizer$ConditionObject.awaitNanos(AbstractQueuedSynchronizer.java:2078)
        at java.util.concurrent.ScheduledThreadPoolExecutor$DelayedWorkQueue.take(ScheduledThreadPoolExecutor.java:1093)
        at java.util.concurrent.ScheduledThreadPoolExecutor$DelayedWorkQueue.take(ScheduledThreadPoolExecutor.java:809)
        at java.util.concurrent.ThreadPoolExecutor.getTask(ThreadPoolExecutor.java:1074)
        at java.util.concurrent.ThreadPoolExecutor.runWorker(ThreadPoolExecutor.java:1134)
        at java.util.concurrent.ThreadPoolExecutor$Worker.run(ThreadPoolExecutor.java:624)
        at java.lang.Thread.run(Thread.java:748)
"metrics-hadoop-metrics2-reporter-27-thread-1" daemon prio=5 tid=1137 timed_waiting
java.lang.Thread.State: TIMED_WAITING
        at sun.misc.Unsafe.park(Native Method)
        at java.util.concurrent.locks.LockSupport.parkNanos(LockSupport.java:215)
        at java.util.concurrent.locks.AbstractQueuedSynchronizer$ConditionObject.awaitNanos(AbstractQueuedSynchronizer.java:2078)
        at java.util.concurrent.ScheduledThreadPoolExecutor$DelayedWorkQueue.take(ScheduledThreadPoolExecutor.java:1093)
        at java.util.concurrent.ScheduledThreadPoolExecutor$DelayedWorkQueue.take(ScheduledThreadPoolExecutor.java:809)
        at java.util.concurrent.ThreadPoolExecutor.getTask(ThreadPoolExecutor.java:1074)
        at java.util.concurrent.ThreadPoolExecutor.runWorker(ThreadPoolExecutor.java:1134)
        at java.util.concurrent.ThreadPoolExecutor$Worker.run(ThreadPoolExecutor.java:624)
        at java.lang.Thread.run(Thread.java:748)
"pool-60-thread-1"  prio=5 tid=239 timed_waiting
java.lang.Thread.State: TIMED_WAITING
        at sun.misc.Unsafe.park(Native Method)
        at java.util.concurrent.locks.LockSupport.parkNanos(LockSupport.java:215)
        at java.util.concurrent.locks.AbstractQueuedSynchronizer$ConditionObject.awaitNanos(AbstractQueuedSynchronizer.java:2078)
        at java.util.concurrent.ScheduledThreadPoolExecutor$DelayedWorkQueue.take(ScheduledThreadPoolExecutor.java:1093)
        at java.util.concurrent.ScheduledThreadPoolExecutor$DelayedWorkQueue.take(ScheduledThreadPoolExecutor.java:809)
        at java.util.concurrent.ThreadPoolExecutor.getTask(ThreadPoolExecutor.java:1074)
        at java.util.concurrent.ThreadPoolExecutor.runWorker(ThreadPoolExecutor.java:1134)
        at java.util.concurrent.ThreadPoolExecutor$Worker.run(ThreadPoolExecutor.java:624)
        at java.lang.Thread.run(Thread.java:748)
"c30de686-1f6e-4ce7-9435-b57c4f7968b1@group-C458FCA03E22-StateMachineUpdater" daemon prio=5 tid=1171 in Object.wait()
java.lang.Thread.State: WAITING (on object monitor)
        at java.lang.Object.wait(Native Method)
        at java.lang.Object.wait(Object.java:502)
        at org.apache.ratis.server.impl.StateMachineUpdater.waitForCommit(StateMachineUpdater.java:194)
        at org.apache.ratis.server.impl.StateMachineUpdater.run(StateMachineUpdater.java:159)
        at java.lang.Thread.run(Thread.java:748)
"BlockDeletingService#0" daemon prio=5 tid=943 timed_waiting
java.lang.Thread.State: TIMED_WAITING
        at sun.misc.Unsafe.park(Native Method)
        at java.util.concurrent.locks.LockSupport.parkNanos(LockSupport.java:215)
        at java.util.concurrent.locks.AbstractQueuedSynchronizer$ConditionObject.awaitNanos(AbstractQueuedSynchronizer.java:2078)
        at java.util.concurrent.ScheduledThreadPoolExecutor$DelayedWorkQueue.take(ScheduledThreadPoolExecutor.java:1093)
        at java.util.concurrent.ScheduledThreadPoolExecutor$DelayedWorkQueue.take(ScheduledThreadPoolExecutor.java:809)
        at java.util.concurrent.ThreadPoolExecutor.getTask(ThreadPoolExecutor.java:1074)
        at java.util.concurrent.ThreadPoolExecutor.runWorker(ThreadPoolExecutor.java:1134)
        at java.util.concurrent.ThreadPoolExecutor$Worker.run(ThreadPoolExecutor.java:624)
        at java.lang.Thread.run(Thread.java:748)
"org.eclipse.jetty.server.session.HashSessionManager@780ec4a5Timer" daemon prio=5 tid=99 timed_waiting
java.lang.Thread.State: TIMED_WAITING
        at sun.misc.Unsafe.park(Native Method)
        at java.util.concurrent.locks.LockSupport.parkNanos(LockSupport.java:215)
        at java.util.concurrent.locks.AbstractQueuedSynchronizer$ConditionObject.awaitNanos(AbstractQueuedSynchronizer.java:2078)
        at java.util.concurrent.ScheduledThreadPoolExecutor$DelayedWorkQueue.take(ScheduledThreadPoolExecutor.java:1093)
        at java.util.concurrent.ScheduledThreadPoolExecutor$DelayedWorkQueue.take(ScheduledThreadPoolExecutor.java:809)
        at java.util.concurrent.ThreadPoolExecutor.getTask(ThreadPoolExecutor.java:1074)
        at java.util.concurrent.ThreadPoolExecutor.runWorker(ThreadPoolExecutor.java:1134)
        at java.util.concurrent.ThreadPoolExecutor$Worker.run(ThreadPoolExecutor.java:624)
        at java.lang.Thread.run(Thread.java:748)
"e7ac4943-672a-4499-9513-fbcaa3bf45d6@group-4D6EB5B93F80-SegmentedRaftLogWorker"  prio=5 tid=1149 timed_waiting
java.lang.Thread.State: TIMED_WAITING
        at sun.misc.Unsafe.park(Native Method)
        at java.util.concurrent.locks.LockSupport.parkNanos(LockSupport.java:215)
        at java.util.concurrent.locks.AbstractQueuedSynchronizer$ConditionObject.awaitNanos(AbstractQueuedSynchronizer.java:2078)
        at org.apache.ratis.util.DataBlockingQueue.poll(DataBlockingQueue.java:137)
        at org.apache.ratis.server.raftlog.segmented.SegmentedRaftLogWorker.run(SegmentedRaftLogWorker.java:282)
        at java.lang.Thread.run(Thread.java:748)
"pool-76-thread-38"  prio=5 tid=784 in Object.wait()
java.lang.Thread.State: WAITING (on object monitor)
        at sun.misc.Unsafe.park(Native Method)
        at java.util.concurrent.locks.LockSupport.park(LockSupport.java:175)
        at java.util.concurrent.locks.AbstractQueuedSynchronizer$ConditionObject.await(AbstractQueuedSynchronizer.java:2039)
        at java.util.concurrent.ArrayBlockingQueue.take(ArrayBlockingQueue.java:403)
        at java.util.concurrent.ThreadPoolExecutor.getTask(ThreadPoolExecutor.java:1074)
        at java.util.concurrent.ThreadPoolExecutor.runWorker(ThreadPoolExecutor.java:1134)
        at java.util.concurrent.ThreadPoolExecutor$Worker.run(ThreadPoolExecutor.java:624)
        at java.lang.Thread.run(Thread.java:748)
"Thread-360" daemon prio=5 tid=1226 timed_waiting
java.lang.Thread.State: TIMED_WAITING
        at sun.misc.Unsafe.park(Native Method)
        at java.util.concurrent.locks.LockSupport.parkNanos(LockSupport.java:215)
        at java.util.concurrent.locks.AbstractQueuedSynchronizer$ConditionObject.awaitNanos(AbstractQueuedSynchronizer.java:2078)
        at java.util.concurrent.ArrayBlockingQueue.poll(ArrayBlockingQueue.java:418)
        at org.apache.ratis.server.impl.LeaderState$EventQueue.poll(LeaderState.java:116)
        at org.apache.ratis.server.impl.LeaderState$EventProcessor.run(LeaderState.java:468)
"pool-36-thread-6"  prio=5 tid=348 in Object.wait()
java.lang.Thread.State: WAITING (on object monitor)
        at sun.misc.Unsafe.park(Native Method)
        at java.util.concurrent.locks.LockSupport.park(LockSupport.java:175)
        at java.util.concurrent.locks.AbstractQueuedSynchronizer$ConditionObject.await(AbstractQueuedSynchronizer.java:2039)
        at java.util.concurrent.ArrayBlockingQueue.take(ArrayBlockingQueue.java:403)
        at java.util.concurrent.ThreadPoolExecutor.getTask(ThreadPoolExecutor.java:1074)
        at java.util.concurrent.ThreadPoolExecutor.runWorker(ThreadPoolExecutor.java:1134)
        at java.util.concurrent.ThreadPoolExecutor$Worker.run(ThreadPoolExecutor.java:624)
        at java.lang.Thread.run(Thread.java:748)
"org.apache.ratis.server.impl.LogAppender$AppenderDaemon$$Lambda$565/1288450225@1cd332e7" daemon prio=5 tid=1237 timed_waiting
java.lang.Thread.State: TIMED_WAITING
        at java.lang.Object.wait(Native Method)
        at org.apache.ratis.grpc.server.GrpcLogAppender.mayWait(GrpcLogAppender.java:141)
        at org.apache.ratis.grpc.server.GrpcLogAppender.runAppenderImpl(GrpcLogAppender.java:95)
        at org.apache.ratis.server.impl.LogAppender$AppenderDaemon.run(LogAppender.java:76)
        at org.apache.ratis.server.impl.LogAppender$AppenderDaemon$$Lambda$565/1288450225.run(Unknown Source)
        at java.lang.Thread.run(Thread.java:748)
"pool-26-thread-14"  prio=5 tid=381 in Object.wait()
java.lang.Thread.State: WAITING (on object monitor)
        at sun.misc.Unsafe.park(Native Method)
        at java.util.concurrent.locks.LockSupport.park(LockSupport.java:175)
        at java.util.concurrent.locks.AbstractQueuedSynchronizer$ConditionObject.await(AbstractQueuedSynchronizer.java:2039)
        at java.util.concurrent.ArrayBlockingQueue.take(ArrayBlockingQueue.java:403)
        at java.util.concurrent.ThreadPoolExecutor.getTask(ThreadPoolExecutor.java:1074)
        at java.util.concurrent.ThreadPoolExecutor.runWorker(ThreadPoolExecutor.java:1134)
        at java.util.concurrent.ThreadPoolExecutor$Worker.run(ThreadPoolExecutor.java:624)
        at java.lang.Thread.run(Thread.java:748)
"Datanode ReportManager Thread - 3" daemon prio=5 tid=228 in Object.wait()
java.lang.Thread.State: WAITING (on object monitor)
        at sun.misc.Unsafe.park(Native Method)
        at java.util.concurrent.locks.LockSupport.park(LockSupport.java:175)
        at java.util.concurrent.locks.AbstractQueuedSynchronizer$ConditionObject.await(AbstractQueuedSynchronizer.java:2039)
        at java.util.concurrent.ScheduledThreadPoolExecutor$DelayedWorkQueue.take(ScheduledThreadPoolExecutor.java:1088)
        at java.util.concurrent.ScheduledThreadPoolExecutor$DelayedWorkQueue.take(ScheduledThreadPoolExecutor.java:809)
        at java.util.concurrent.ThreadPoolExecutor.getTask(ThreadPoolExecutor.java:1074)
        at java.util.concurrent.ThreadPoolExecutor.runWorker(ThreadPoolExecutor.java:1134)
        at java.util.concurrent.ThreadPoolExecutor$Worker.run(ThreadPoolExecutor.java:624)
        at java.lang.Thread.run(Thread.java:748)
"pool-117-thread-39"  prio=5 tid=1098 in Object.wait()
java.lang.Thread.State: WAITING (on object monitor)
        at sun.misc.Unsafe.park(Native Method)
        at java.util.concurrent.locks.LockSupport.park(LockSupport.java:175)
        at java.util.concurrent.locks.AbstractQueuedSynchronizer$ConditionObject.await(AbstractQueuedSynchronizer.java:2039)
        at java.util.concurrent.ArrayBlockingQueue.take(ArrayBlockingQueue.java:403)
        at java.util.concurrent.ThreadPoolExecutor.getTask(ThreadPoolExecutor.java:1074)
        at java.util.concurrent.ThreadPoolExecutor.runWorker(ThreadPoolExecutor.java:1134)
        at java.util.concurrent.ThreadPoolExecutor$Worker.run(ThreadPoolExecutor.java:624)
        at java.lang.Thread.run(Thread.java:748)
"org.eclipse.jetty.server.session.HashSessionManager@7a56812eTimer" daemon prio=5 tid=98 timed_waiting
java.lang.Thread.State: TIMED_WAITING
        at sun.misc.Unsafe.park(Native Method)
        at java.util.concurrent.locks.LockSupport.parkNanos(LockSupport.java:215)
        at java.util.concurrent.locks.AbstractQueuedSynchronizer$ConditionObject.awaitNanos(AbstractQueuedSynchronizer.java:2078)
        at java.util.concurrent.ScheduledThreadPoolExecutor$DelayedWorkQueue.take(ScheduledThreadPoolExecutor.java:1093)
        at java.util.concurrent.ScheduledThreadPoolExecutor$DelayedWorkQueue.take(ScheduledThreadPoolExecutor.java:809)
        at java.util.concurrent.ThreadPoolExecutor.getTask(ThreadPoolExecutor.java:1074)
        at java.util.concurrent.ThreadPoolExecutor.runWorker(ThreadPoolExecutor.java:1134)
        at java.util.concurrent.ThreadPoolExecutor$Worker.run(ThreadPoolExecutor.java:624)
        at java.lang.Thread.run(Thread.java:748)
"pool-96-thread-36"  prio=5 tid=918 in Object.wait()
java.lang.Thread.State: WAITING (on object monitor)
        at sun.misc.Unsafe.park(Native Method)
        at java.util.concurrent.locks.LockSupport.park(LockSupport.java:175)
        at java.util.concurrent.locks.AbstractQueuedSynchronizer$ConditionObject.await(AbstractQueuedSynchronizer.java:2039)
        at java.util.concurrent.ArrayBlockingQueue.take(ArrayBlockingQueue.java:403)
        at java.util.concurrent.ThreadPoolExecutor.getTask(ThreadPoolExecutor.java:1074)
        at java.util.concurrent.ThreadPoolExecutor.runWorker(ThreadPoolExecutor.java:1134)
        at java.util.concurrent.ThreadPoolExecutor$Worker.run(ThreadPoolExecutor.java:624)
        at java.lang.Thread.run(Thread.java:748)
"Datanode ReportManager Thread - 3" daemon prio=5 tid=514 in Object.wait()
java.lang.Thread.State: WAITING (on object monitor)
        at sun.misc.Unsafe.park(Native Method)
        at java.util.concurrent.locks.LockSupport.park(LockSupport.java:175)
        at java.util.concurrent.locks.AbstractQueuedSynchronizer$ConditionObject.await(AbstractQueuedSynchronizer.java:2039)
        at java.util.concurrent.ScheduledThreadPoolExecutor$DelayedWorkQueue.take(ScheduledThreadPoolExecutor.java:1088)
        at java.util.concurrent.ScheduledThreadPoolExecutor$DelayedWorkQueue.take(ScheduledThreadPoolExecutor.java:809)
        at java.util.concurrent.ThreadPoolExecutor.getTask(ThreadPoolExecutor.java:1074)
        at java.util.concurrent.ThreadPoolExecutor.runWorker(ThreadPoolExecutor.java:1134)
        at java.util.concurrent.ThreadPoolExecutor$Worker.run(ThreadPoolExecutor.java:624)
        at java.lang.Thread.run(Thread.java:748)
"Thread-404" daemon prio=5 tid=1279 timed_waiting
java.lang.Thread.State: TIMED_WAITING
        at sun.misc.Unsafe.park(Native Method)
        at java.util.concurrent.locks.LockSupport.parkNanos(LockSupport.java:215)
        at java.util.concurrent.locks.AbstractQueuedSynchronizer$ConditionObject.awaitNanos(AbstractQueuedSynchronizer.java:2078)
        at java.util.concurrent.ArrayBlockingQueue.poll(ArrayBlockingQueue.java:418)
        at org.apache.ratis.server.impl.LeaderState$EventQueue.poll(LeaderState.java:116)
        at org.apache.ratis.server.impl.LeaderState$EventProcessor.run(LeaderState.java:468)
"pool-66-thread-12"  prio=5 tid=649 in Object.wait()
java.lang.Thread.State: WAITING (on object monitor)
        at sun.misc.Unsafe.park(Native Method)
        at java.util.concurrent.locks.LockSupport.park(LockSupport.java:175)
        at java.util.concurrent.locks.AbstractQueuedSynchronizer$ConditionObject.await(AbstractQueuedSynchronizer.java:2039)
        at java.util.concurrent.ArrayBlockingQueue.take(ArrayBlockingQueue.java:403)
        at java.util.concurrent.ThreadPoolExecutor.getTask(ThreadPoolExecutor.java:1074)
        at java.util.concurrent.ThreadPoolExecutor.runWorker(ThreadPoolExecutor.java:1134)
        at java.util.concurrent.ThreadPoolExecutor$Worker.run(ThreadPoolExecutor.java:624)
        at java.lang.Thread.run(Thread.java:748)
"pool-26-thread-43"  prio=5 tid=476 in Object.wait()
java.lang.Thread.State: WAITING (on object monitor)
        at sun.misc.Unsafe.park(Native Method)
        at java.util.concurrent.locks.LockSupport.park(LockSupport.java:175)
        at java.util.concurrent.locks.AbstractQueuedSynchronizer$ConditionObject.await(AbstractQueuedSynchronizer.java:2039)
        at java.util.concurrent.ArrayBlockingQueue.take(ArrayBlockingQueue.java:403)
        at java.util.concurrent.ThreadPoolExecutor.getTask(ThreadPoolExecutor.java:1074)
        at java.util.concurrent.ThreadPoolExecutor.runWorker(ThreadPoolExecutor.java:1134)
        at java.util.concurrent.ThreadPoolExecutor$Worker.run(ThreadPoolExecutor.java:624)
        at java.lang.Thread.run(Thread.java:748)
"IPC Server handler 6 on 37838" daemon prio=5 tid=75 timed_waiting
java.lang.Thread.State: TIMED_WAITING
        at sun.misc.Unsafe.park(Native Method)
        at java.util.concurrent.locks.LockSupport.parkNanos(LockSupport.java:215)
        at java.util.concurrent.locks.AbstractQueuedSynchronizer$ConditionObject.awaitNanos(AbstractQueuedSynchronizer.java:2078)
        at java.util.concurrent.LinkedBlockingQueue.poll(LinkedBlockingQueue.java:467)
        at org.apache.hadoop.ipc.CallQueueManager.take(CallQueueManager.java:288)
        at org.apache.hadoop.ipc.Server$Handler.run(Server.java:2668)
"pool-36-thread-42"  prio=5 tid=528 in Object.wait()
java.lang.Thread.State: WAITING (on object monitor)
        at sun.misc.Unsafe.park(Native Method)
        at java.util.concurrent.locks.LockSupport.park(LockSupport.java:175)
        at java.util.concurrent.locks.AbstractQueuedSynchronizer$ConditionObject.await(AbstractQueuedSynchronizer.java:2039)
        at java.util.concurrent.ArrayBlockingQueue.take(ArrayBlockingQueue.java:403)
        at java.util.concurrent.ThreadPoolExecutor.getTask(ThreadPoolExecutor.java:1074)
        at java.util.concurrent.ThreadPoolExecutor.runWorker(ThreadPoolExecutor.java:1134)
        at java.util.concurrent.ThreadPoolExecutor$Worker.run(ThreadPoolExecutor.java:624)
        at java.lang.Thread.run(Thread.java:748)
"pool-36-thread-35"  prio=5 tid=493 in Object.wait()
java.lang.Thread.State: WAITING (on object monitor)
        at sun.misc.Unsafe.park(Native Method)
        at java.util.concurrent.locks.LockSupport.park(LockSupport.java:175)
        at java.util.concurrent.locks.AbstractQueuedSynchronizer$ConditionObject.await(AbstractQueuedSynchronizer.java:2039)
        at java.util.concurrent.ArrayBlockingQueue.take(ArrayBlockingQueue.java:403)
        at java.util.concurrent.ThreadPoolExecutor.getTask(ThreadPoolExecutor.java:1074)
        at java.util.concurrent.ThreadPoolExecutor.runWorker(ThreadPoolExecutor.java:1134)
        at java.util.concurrent.ThreadPoolExecutor$Worker.run(ThreadPoolExecutor.java:624)
        at java.lang.Thread.run(Thread.java:748)
"pool-96-thread-57"  prio=5 tid=939 in Object.wait()
java.lang.Thread.State: WAITING (on object monitor)
        at sun.misc.Unsafe.park(Native Method)
        at java.util.concurrent.locks.LockSupport.park(LockSupport.java:175)
        at java.util.concurrent.locks.AbstractQueuedSynchronizer$ConditionObject.await(AbstractQueuedSynchronizer.java:2039)
        at java.util.concurrent.ArrayBlockingQueue.take(ArrayBlockingQueue.java:403)
        at java.util.concurrent.ThreadPoolExecutor.getTask(ThreadPoolExecutor.java:1074)
        at java.util.concurrent.ThreadPoolExecutor.runWorker(ThreadPoolExecutor.java:1134)
        at java.util.concurrent.ThreadPoolExecutor$Worker.run(ThreadPoolExecutor.java:624)
        at java.lang.Thread.run(Thread.java:748)
"PartialTableCache Cleanup Thread - 0" daemon prio=5 tid=1202 in Object.wait()
java.lang.Thread.State: WAITING (on object monitor)
        at sun.misc.Unsafe.park(Native Method)
        at java.util.concurrent.locks.LockSupport.park(LockSupport.java:175)
        at java.util.concurrent.locks.AbstractQueuedSynchronizer$ConditionObject.await(AbstractQueuedSynchronizer.java:2039)
        at java.util.concurrent.LinkedBlockingQueue.take(LinkedBlockingQueue.java:442)
        at java.util.concurrent.ThreadPoolExecutor.getTask(ThreadPoolExecutor.java:1074)
        at java.util.concurrent.ThreadPoolExecutor.runWorker(ThreadPoolExecutor.java:1134)
        at java.util.concurrent.ThreadPoolExecutor$Worker.run(ThreadPoolExecutor.java:624)
        at java.lang.Thread.run(Thread.java:748)
"pool-117-thread-41"  prio=5 tid=1100 in Object.wait()
java.lang.Thread.State: WAITING (on object monitor)
        at sun.misc.Unsafe.park(Native Method)
        at java.util.concurrent.locks.LockSupport.park(LockSupport.java:175)
        at java.util.concurrent.locks.AbstractQueuedSynchronizer$ConditionObject.await(AbstractQueuedSynchronizer.java:2039)
        at java.util.concurrent.ArrayBlockingQueue.take(ArrayBlockingQueue.java:403)
        at java.util.concurrent.ThreadPoolExecutor.getTask(ThreadPoolExecutor.java:1074)
        at java.util.concurrent.ThreadPoolExecutor.runWorker(ThreadPoolExecutor.java:1134)
        at java.util.concurrent.ThreadPoolExecutor$Worker.run(ThreadPoolExecutor.java:624)
        at java.lang.Thread.run(Thread.java:748)
"pool-46-thread-6"  prio=5 tid=331 in Object.wait()
java.lang.Thread.State: WAITING (on object monitor)
        at sun.misc.Unsafe.park(Native Method)
        at java.util.concurrent.locks.LockSupport.park(LockSupport.java:175)
        at java.util.concurrent.locks.AbstractQueuedSynchronizer$ConditionObject.await(AbstractQueuedSynchronizer.java:2039)
        at java.util.concurrent.ArrayBlockingQueue.take(ArrayBlockingQueue.java:403)
        at java.util.concurrent.ThreadPoolExecutor.getTask(ThreadPoolExecutor.java:1074)
        at java.util.concurrent.ThreadPoolExecutor.runWorker(ThreadPoolExecutor.java:1134)
        at java.util.concurrent.ThreadPoolExecutor$Worker.run(ThreadPoolExecutor.java:624)
        at java.lang.Thread.run(Thread.java:748)
"refreshUsed-/workdir/hadoop-ozone/integration-test/target/test-dir/MiniOzoneClusterImpl-fc727f2e-e877-4159-90ff-4473a18561dc/datanode-3/data/containers" daemon prio=5 tid=235 timed_waiting
java.lang.Thread.State: TIMED_WAITING
        at java.lang.Thread.sleep(Native Method)
        at org.apache.hadoop.fs.CachingGetSpaceUsed$RefreshThread.run(CachingGetSpaceUsed.java:179)
        at java.lang.Thread.run(Thread.java:748)
"qtp2035381640-95" daemon prio=5 tid=95 timed_waiting
java.lang.Thread.State: TIMED_WAITING
        at sun.misc.Unsafe.park(Native Method)
        at java.util.concurrent.locks.LockSupport.parkNanos(LockSupport.java:215)
        at java.util.concurrent.locks.AbstractQueuedSynchronizer$ConditionObject.awaitNanos(AbstractQueuedSynchronizer.java:2078)
        at org.eclipse.jetty.util.BlockingArrayQueue.poll(BlockingArrayQueue.java:392)
        at org.eclipse.jetty.util.thread.QueuedThreadPool.idleJobPoll(QueuedThreadPool.java:563)
        at org.eclipse.jetty.util.thread.QueuedThreadPool.access$800(QueuedThreadPool.java:48)
        at org.eclipse.jetty.util.thread.QueuedThreadPool$2.run(QueuedThreadPool.java:626)
        at java.lang.Thread.run(Thread.java:748)
"pool-96-thread-33"  prio=5 tid=915 in Object.wait()
java.lang.Thread.State: WAITING (on object monitor)
        at sun.misc.Unsafe.park(Native Method)
        at java.util.concurrent.locks.LockSupport.park(LockSupport.java:175)
        at java.util.concurrent.locks.AbstractQueuedSynchronizer$ConditionObject.await(AbstractQueuedSynchronizer.java:2039)
        at java.util.concurrent.ArrayBlockingQueue.take(ArrayBlockingQueue.java:403)
        at java.util.concurrent.ThreadPoolExecutor.getTask(ThreadPoolExecutor.java:1074)
        at java.util.concurrent.ThreadPoolExecutor.runWorker(ThreadPoolExecutor.java:1134)
        at java.util.concurrent.ThreadPoolExecutor$Worker.run(ThreadPoolExecutor.java:624)
        at java.lang.Thread.run(Thread.java:748)
"pool-76-thread-21"  prio=5 tid=767 in Object.wait()
java.lang.Thread.State: WAITING (on object monitor)
        at sun.misc.Unsafe.park(Native Method)
        at java.util.concurrent.locks.LockSupport.park(LockSupport.java:175)
        at java.util.concurrent.locks.AbstractQueuedSynchronizer$ConditionObject.await(AbstractQueuedSynchronizer.java:2039)
        at java.util.concurrent.ArrayBlockingQueue.take(ArrayBlockingQueue.java:403)
        at java.util.concurrent.ThreadPoolExecutor.getTask(ThreadPoolExecutor.java:1074)
        at java.util.concurrent.ThreadPoolExecutor.runWorker(ThreadPoolExecutor.java:1134)
        at java.util.concurrent.ThreadPoolExecutor$Worker.run(ThreadPoolExecutor.java:624)
        at java.lang.Thread.run(Thread.java:748)
"pool-36-thread-28"  prio=5 tid=462 in Object.wait()
java.lang.Thread.State: WAITING (on object monitor)
        at sun.misc.Unsafe.park(Native Method)
        at java.util.concurrent.locks.LockSupport.park(LockSupport.java:175)
        at java.util.concurrent.locks.AbstractQueuedSynchronizer$ConditionObject.await(AbstractQueuedSynchronizer.java:2039)
        at java.util.concurrent.ArrayBlockingQueue.take(ArrayBlockingQueue.java:403)
        at java.util.concurrent.ThreadPoolExecutor.getTask(ThreadPoolExecutor.java:1074)
        at java.util.concurrent.ThreadPoolExecutor.runWorker(ThreadPoolExecutor.java:1134)
        at java.util.concurrent.ThreadPoolExecutor$Worker.run(ThreadPoolExecutor.java:624)
        at java.lang.Thread.run(Thread.java:748)
"pool-46-thread-48"  prio=5 tid=550 in Object.wait()
java.lang.Thread.State: WAITING (on object monitor)
        at sun.misc.Unsafe.park(Native Method)
        at java.util.concurrent.locks.LockSupport.park(LockSupport.java:175)
        at java.util.concurrent.locks.AbstractQueuedSynchronizer$ConditionObject.await(AbstractQueuedSynchronizer.java:2039)
        at java.util.concurrent.ArrayBlockingQueue.take(ArrayBlockingQueue.java:403)
        at java.util.concurrent.ThreadPoolExecutor.getTask(ThreadPoolExecutor.java:1074)
        at java.util.concurrent.ThreadPoolExecutor.runWorker(ThreadPoolExecutor.java:1134)
        at java.util.concurrent.ThreadPoolExecutor$Worker.run(ThreadPoolExecutor.java:624)
        at java.lang.Thread.run(Thread.java:748)
"EventQueue-SafemodestatusForSafeModeHandler" daemon prio=5 tid=741 in Object.wait()
java.lang.Thread.State: WAITING (on object monitor)
        at sun.misc.Unsafe.park(Native Method)
        at java.util.concurrent.locks.LockSupport.park(LockSupport.java:175)
        at java.util.concurrent.locks.AbstractQueuedSynchronizer$ConditionObject.await(AbstractQueuedSynchronizer.java:2039)
        at java.util.concurrent.LinkedBlockingQueue.take(LinkedBlockingQueue.java:442)
        at java.util.concurrent.ThreadPoolExecutor.getTask(ThreadPoolExecutor.java:1074)
        at java.util.concurrent.ThreadPoolExecutor.runWorker(ThreadPoolExecutor.java:1134)
        at java.util.concurrent.ThreadPoolExecutor$Worker.run(ThreadPoolExecutor.java:624)
        at java.lang.Thread.run(Thread.java:748)
"pool-117-thread-37"  prio=5 tid=1096 in Object.wait()
java.lang.Thread.State: WAITING (on object monitor)
        at sun.misc.Unsafe.park(Native Method)
        at java.util.concurrent.locks.LockSupport.park(LockSupport.java:175)
        at java.util.concurrent.locks.AbstractQueuedSynchronizer$ConditionObject.await(AbstractQueuedSynchronizer.java:2039)
        at java.util.concurrent.ArrayBlockingQueue.take(ArrayBlockingQueue.java:403)
        at java.util.concurrent.ThreadPoolExecutor.getTask(ThreadPoolExecutor.java:1074)
        at java.util.concurrent.ThreadPoolExecutor.runWorker(ThreadPoolExecutor.java:1134)
        at java.util.concurrent.ThreadPoolExecutor$Worker.run(ThreadPoolExecutor.java:624)
        at java.lang.Thread.run(Thread.java:748)
"qtp142993407-364-acceptor-0@3f80ba56-ServerConnector@314743d6{HTTP/1.1,[http/1.1]}{0.0.0.0:39025}" daemon prio=3 tid=364 runnable
java.lang.Thread.State: RUNNABLE
        at sun.nio.ch.ServerSocketChannelImpl.accept0(Native Method)
        at sun.nio.ch.ServerSocketChannelImpl.accept(ServerSocketChannelImpl.java:422)
        at sun.nio.ch.ServerSocketChannelImpl.accept(ServerSocketChannelImpl.java:250)
        at org.eclipse.jetty.server.ServerConnector.accept(ServerConnector.java:397)
        at org.eclipse.jetty.server.AbstractConnector$Acceptor.run(AbstractConnector.java:601)
        at org.eclipse.jetty.util.thread.QueuedThreadPool.runJob(QueuedThreadPool.java:671)
        at org.eclipse.jetty.util.thread.QueuedThreadPool$2.run(QueuedThreadPool.java:589)
        at java.lang.Thread.run(Thread.java:748)
"c30de686-1f6e-4ce7-9435-b57c4f7968b1@group-C458FCA03E22-SegmentedRaftLogWorker"  prio=5 tid=1167 timed_waiting
java.lang.Thread.State: TIMED_WAITING
        at sun.misc.Unsafe.park(Native Method)
        at java.util.concurrent.locks.LockSupport.parkNanos(LockSupport.java:215)
        at java.util.concurrent.locks.AbstractQueuedSynchronizer$ConditionObject.awaitNanos(AbstractQueuedSynchronizer.java:2078)
        at org.apache.ratis.util.DataBlockingQueue.poll(DataBlockingQueue.java:137)
        at org.apache.ratis.server.raftlog.segmented.SegmentedRaftLogWorker.run(SegmentedRaftLogWorker.java:282)
        at java.lang.Thread.run(Thread.java:748)
"pool-76-thread-5"  prio=5 tid=751 in Object.wait()
java.lang.Thread.State: WAITING (on object monitor)
        at sun.misc.Unsafe.park(Native Method)
        at java.util.concurrent.locks.LockSupport.park(LockSupport.java:175)
        at java.util.concurrent.locks.AbstractQueuedSynchronizer$ConditionObject.await(AbstractQueuedSynchronizer.java:2039)
        at java.util.concurrent.ArrayBlockingQueue.take(ArrayBlockingQueue.java:403)
        at java.util.concurrent.ThreadPoolExecutor.getTask(ThreadPoolExecutor.java:1074)
        at java.util.concurrent.ThreadPoolExecutor.runWorker(ThreadPoolExecutor.java:1134)
        at java.util.concurrent.ThreadPoolExecutor$Worker.run(ThreadPoolExecutor.java:624)
        at java.lang.Thread.run(Thread.java:748)
"pool-86-thread-31"  prio=5 tid=849 in Object.wait()
java.lang.Thread.State: WAITING (on object monitor)
        at sun.misc.Unsafe.park(Native Method)
        at java.util.concurrent.locks.LockSupport.park(LockSupport.java:175)
        at java.util.concurrent.locks.AbstractQueuedSynchronizer$ConditionObject.await(AbstractQueuedSynchronizer.java:2039)
        at java.util.concurrent.ArrayBlockingQueue.take(ArrayBlockingQueue.java:403)
        at java.util.concurrent.ThreadPoolExecutor.getTask(ThreadPoolExecutor.java:1074)
        at java.util.concurrent.ThreadPoolExecutor.runWorker(ThreadPoolExecutor.java:1134)
        at java.util.concurrent.ThreadPoolExecutor$Worker.run(ThreadPoolExecutor.java:624)
        at java.lang.Thread.run(Thread.java:748)
"metrics-hadoop-metrics2-reporter-55-thread-1" daemon prio=5 tid=1265 timed_waiting
java.lang.Thread.State: TIMED_WAITING
        at sun.misc.Unsafe.park(Native Method)
        at java.util.concurrent.locks.LockSupport.parkNanos(LockSupport.java:215)
        at java.util.concurrent.locks.AbstractQueuedSynchronizer$ConditionObject.awaitNanos(AbstractQueuedSynchronizer.java:2078)
        at java.util.concurrent.ScheduledThreadPoolExecutor$DelayedWorkQueue.take(ScheduledThreadPoolExecutor.java:1093)
        at java.util.concurrent.ScheduledThreadPoolExecutor$DelayedWorkQueue.take(ScheduledThreadPoolExecutor.java:809)
        at java.util.concurrent.ThreadPoolExecutor.getTask(ThreadPoolExecutor.java:1074)
        at java.util.concurrent.ThreadPoolExecutor.runWorker(ThreadPoolExecutor.java:1134)
        at java.util.concurrent.ThreadPoolExecutor$Worker.run(ThreadPoolExecutor.java:624)
        at java.lang.Thread.run(Thread.java:748)
"pool-56-thread-34"  prio=5 tid=471 in Object.wait()
java.lang.Thread.State: WAITING (on object monitor)
        at sun.misc.Unsafe.park(Native Method)
        at java.util.concurrent.locks.LockSupport.park(LockSupport.java:175)
        at java.util.concurrent.locks.AbstractQueuedSynchronizer$ConditionObject.await(AbstractQueuedSynchronizer.java:2039)
        at java.util.concurrent.ArrayBlockingQueue.take(ArrayBlockingQueue.java:403)
        at java.util.concurrent.ThreadPoolExecutor.getTask(ThreadPoolExecutor.java:1074)
        at java.util.concurrent.ThreadPoolExecutor.runWorker(ThreadPoolExecutor.java:1134)
        at java.util.concurrent.ThreadPoolExecutor$Worker.run(ThreadPoolExecutor.java:624)
        at java.lang.Thread.run(Thread.java:748)
"pool-67-thread-1"  prio=5 tid=952 in Object.wait()
java.lang.Thread.State: WAITING (on object monitor)
        at sun.misc.Unsafe.park(Native Method)
        at java.util.concurrent.locks.LockSupport.park(LockSupport.java:175)
        at java.util.concurrent.locks.AbstractQueuedSynchronizer$ConditionObject.await(AbstractQueuedSynchronizer.java:2039)
        at java.util.concurrent.LinkedBlockingQueue.take(LinkedBlockingQueue.java:442)
        at java.util.concurrent.ThreadPoolExecutor.getTask(ThreadPoolExecutor.java:1074)
        at java.util.concurrent.ThreadPoolExecutor.runWorker(ThreadPoolExecutor.java:1134)
        at java.util.concurrent.ThreadPoolExecutor$Worker.run(ThreadPoolExecutor.java:624)
        at java.lang.Thread.run(Thread.java:748)
"pool-46-thread-17"  prio=5 tid=382 in Object.wait()
java.lang.Thread.State: WAITING (on object monitor)
        at sun.misc.Unsafe.park(Native Method)
        at java.util.concurrent.locks.LockSupport.park(LockSupport.java:175)
        at java.util.concurrent.locks.AbstractQueuedSynchronizer$ConditionObject.await(AbstractQueuedSynchronizer.java:2039)
        at java.util.concurrent.ArrayBlockingQueue.take(ArrayBlockingQueue.java:403)
        at java.util.concurrent.ThreadPoolExecutor.getTask(ThreadPoolExecutor.java:1074)
        at java.util.concurrent.ThreadPoolExecutor.runWorker(ThreadPoolExecutor.java:1134)
        at java.util.concurrent.ThreadPoolExecutor$Worker.run(ThreadPoolExecutor.java:624)
        at java.lang.Thread.run(Thread.java:748)
"pool-66-thread-48"  prio=5 tid=693 in Object.wait()
java.lang.Thread.State: WAITING (on object monitor)
        at sun.misc.Unsafe.park(Native Method)
        at java.util.concurrent.locks.LockSupport.park(LockSupport.java:175)
        at java.util.concurrent.locks.AbstractQueuedSynchronizer$ConditionObject.await(AbstractQueuedSynchronizer.java:2039)
        at java.util.concurrent.ArrayBlockingQueue.take(ArrayBlockingQueue.java:403)
        at java.util.concurrent.ThreadPoolExecutor.getTask(ThreadPoolExecutor.java:1074)
        at java.util.concurrent.ThreadPoolExecutor.runWorker(ThreadPoolExecutor.java:1134)
        at java.util.concurrent.ThreadPoolExecutor$Worker.run(ThreadPoolExecutor.java:624)
        at java.lang.Thread.run(Thread.java:748)
"595afd9b-8d20-4100-8f7e-109b072917a4@group-1B665A8A35DD-SegmentedRaftLogWorker"  prio=5 tid=1141 timed_waiting
java.lang.Thread.State: TIMED_WAITING
        at sun.misc.Unsafe.park(Native Method)
        at java.util.concurrent.locks.LockSupport.parkNanos(LockSupport.java:215)
        at java.util.concurrent.locks.AbstractQueuedSynchronizer$ConditionObject.awaitNanos(AbstractQueuedSynchronizer.java:2078)
        at org.apache.ratis.util.DataBlockingQueue.poll(DataBlockingQueue.java:137)
        at org.apache.ratis.server.raftlog.segmented.SegmentedRaftLogWorker.run(SegmentedRaftLogWorker.java:282)
        at java.lang.Thread.run(Thread.java:748)
"Datanode ReportManager Thread - 2" daemon prio=5 tid=507 in Object.wait()
java.lang.Thread.State: WAITING (on object monitor)
        at sun.misc.Unsafe.park(Native Method)
        at java.util.concurrent.locks.LockSupport.park(LockSupport.java:175)
        at java.util.concurrent.locks.AbstractQueuedSynchronizer$ConditionObject.await(AbstractQueuedSynchronizer.java:2039)
        at java.util.concurrent.ScheduledThreadPoolExecutor$DelayedWorkQueue.take(ScheduledThreadPoolExecutor.java:1088)
        at java.util.concurrent.ScheduledThreadPoolExecutor$DelayedWorkQueue.take(ScheduledThreadPoolExecutor.java:809)
        at java.util.concurrent.ThreadPoolExecutor.getTask(ThreadPoolExecutor.java:1074)
        at java.util.concurrent.ThreadPoolExecutor.runWorker(ThreadPoolExecutor.java:1134)
        at java.util.concurrent.ThreadPoolExecutor$Worker.run(ThreadPoolExecutor.java:624)
        at java.lang.Thread.run(Thread.java:748)
"pool-46-thread-53"  prio=5 tid=567 in Object.wait()
java.lang.Thread.State: WAITING (on object monitor)
        at sun.misc.Unsafe.park(Native Method)
        at java.util.concurrent.locks.LockSupport.park(LockSupport.java:175)
        at java.util.concurrent.locks.AbstractQueuedSynchronizer$ConditionObject.await(AbstractQueuedSynchronizer.java:2039)
        at java.util.concurrent.ArrayBlockingQueue.take(ArrayBlockingQueue.java:403)
        at java.util.concurrent.ThreadPoolExecutor.getTask(ThreadPoolExecutor.java:1074)
        at java.util.concurrent.ThreadPoolExecutor.runWorker(ThreadPoolExecutor.java:1134)
        at java.util.concurrent.ThreadPoolExecutor$Worker.run(ThreadPoolExecutor.java:624)
        at java.lang.Thread.run(Thread.java:748)
"pool-96-thread-27"  prio=5 tid=909 in Object.wait()
java.lang.Thread.State: WAITING (on object monitor)
        at sun.misc.Unsafe.park(Native Method)
        at java.util.concurrent.locks.LockSupport.park(LockSupport.java:175)
        at java.util.concurrent.locks.AbstractQueuedSynchronizer$ConditionObject.await(AbstractQueuedSynchronizer.java:2039)
        at java.util.concurrent.ArrayBlockingQueue.take(ArrayBlockingQueue.java:403)
        at java.util.concurrent.ThreadPoolExecutor.getTask(ThreadPoolExecutor.java:1074)
        at java.util.concurrent.ThreadPoolExecutor.runWorker(ThreadPoolExecutor.java:1134)
        at java.util.concurrent.ThreadPoolExecutor$Worker.run(ThreadPoolExecutor.java:624)
        at java.lang.Thread.run(Thread.java:748)
"pool-96-thread-16"  prio=5 tid=898 in Object.wait()
java.lang.Thread.State: WAITING (on object monitor)
        at sun.misc.Unsafe.park(Native Method)
        at java.util.concurrent.locks.LockSupport.park(LockSupport.java:175)
        at java.util.concurrent.locks.AbstractQueuedSynchronizer$ConditionObject.await(AbstractQueuedSynchronizer.java:2039)
        at java.util.concurrent.ArrayBlockingQueue.take(ArrayBlockingQueue.java:403)
        at java.util.concurrent.ThreadPoolExecutor.getTask(ThreadPoolExecutor.java:1074)
        at java.util.concurrent.ThreadPoolExecutor.runWorker(ThreadPoolExecutor.java:1134)
        at java.util.concurrent.ThreadPoolExecutor$Worker.run(ThreadPoolExecutor.java:624)
        at java.lang.Thread.run(Thread.java:748)
"PartialTableCache Cleanup Thread - 0" daemon prio=5 tid=1205 in Object.wait()
java.lang.Thread.State: WAITING (on object monitor)
        at sun.misc.Unsafe.park(Native Method)
        at java.util.concurrent.locks.LockSupport.park(LockSupport.java:175)
        at java.util.concurrent.locks.AbstractQueuedSynchronizer$ConditionObject.await(AbstractQueuedSynchronizer.java:2039)
        at java.util.concurrent.LinkedBlockingQueue.take(LinkedBlockingQueue.java:442)
        at java.util.concurrent.ThreadPoolExecutor.getTask(ThreadPoolExecutor.java:1074)
        at java.util.concurrent.ThreadPoolExecutor.runWorker(ThreadPoolExecutor.java:1134)
        at java.util.concurrent.ThreadPoolExecutor$Worker.run(ThreadPoolExecutor.java:624)
        at java.lang.Thread.run(Thread.java:748)
"pool-46-thread-25"  prio=5 tid=422 in Object.wait()
java.lang.Thread.State: WAITING (on object monitor)
        at sun.misc.Unsafe.park(Native Method)
        at java.util.concurrent.locks.LockSupport.park(LockSupport.java:175)
        at java.util.concurrent.locks.AbstractQueuedSynchronizer$ConditionObject.await(AbstractQueuedSynchronizer.java:2039)
        at java.util.concurrent.ArrayBlockingQueue.take(ArrayBlockingQueue.java:403)
        at java.util.concurrent.ThreadPoolExecutor.getTask(ThreadPoolExecutor.java:1074)
        at java.util.concurrent.ThreadPoolExecutor.runWorker(ThreadPoolExecutor.java:1134)
        at java.util.concurrent.ThreadPoolExecutor$Worker.run(ThreadPoolExecutor.java:624)
        at java.lang.Thread.run(Thread.java:748)
"IPC Server handler 14 on 39235" daemon prio=5 tid=43 timed_waiting
java.lang.Thread.State: TIMED_WAITING
        at sun.misc.Unsafe.park(Native Method)
        at java.util.concurrent.locks.LockSupport.parkNanos(LockSupport.java:215)
        at java.util.concurrent.locks.AbstractQueuedSynchronizer$ConditionObject.awaitNanos(AbstractQueuedSynchronizer.java:2078)
        at java.util.concurrent.LinkedBlockingQueue.poll(LinkedBlockingQueue.java:467)
        at org.apache.hadoop.ipc.CallQueueManager.take(CallQueueManager.java:288)
        at org.apache.hadoop.ipc.Server$Handler.run(Server.java:2668)
"pool-66-thread-4"  prio=5 tid=640 in Object.wait()
java.lang.Thread.State: WAITING (on object monitor)
        at sun.misc.Unsafe.park(Native Method)
        at java.util.concurrent.locks.LockSupport.park(LockSupport.java:175)
        at java.util.concurrent.locks.AbstractQueuedSynchronizer$ConditionObject.await(AbstractQueuedSynchronizer.java:2039)
        at java.util.concurrent.ArrayBlockingQueue.take(ArrayBlockingQueue.java:403)
        at java.util.concurrent.ThreadPoolExecutor.getTask(ThreadPoolExecutor.java:1074)
        at java.util.concurrent.ThreadPoolExecutor.runWorker(ThreadPoolExecutor.java:1134)
        at java.util.concurrent.ThreadPoolExecutor$Worker.run(ThreadPoolExecutor.java:624)
        at java.lang.Thread.run(Thread.java:748)
"metrics-hadoop-metrics2-reporter-66-thread-1" daemon prio=5 tid=1363 timed_waiting
java.lang.Thread.State: TIMED_WAITING
        at sun.misc.Unsafe.park(Native Method)
        at java.util.concurrent.locks.LockSupport.parkNanos(LockSupport.java:215)
        at java.util.concurrent.locks.AbstractQueuedSynchronizer$ConditionObject.awaitNanos(AbstractQueuedSynchronizer.java:2078)
        at java.util.concurrent.ScheduledThreadPoolExecutor$DelayedWorkQueue.take(ScheduledThreadPoolExecutor.java:1093)
        at java.util.concurrent.ScheduledThreadPoolExecutor$DelayedWorkQueue.take(ScheduledThreadPoolExecutor.java:809)
        at java.util.concurrent.ThreadPoolExecutor.getTask(ThreadPoolExecutor.java:1074)
        at java.util.concurrent.ThreadPoolExecutor.runWorker(ThreadPoolExecutor.java:1134)
        at java.util.concurrent.ThreadPoolExecutor$Worker.run(ThreadPoolExecutor.java:624)
        at java.lang.Thread.run(Thread.java:748)
"Datanode ReportManager Thread - 0" daemon prio=5 tid=171 timed_waiting
java.lang.Thread.State: TIMED_WAITING
        at sun.misc.Unsafe.park(Native Method)
        at java.util.concurrent.locks.LockSupport.parkNanos(LockSupport.java:215)
        at java.util.concurrent.locks.AbstractQueuedSynchronizer$ConditionObject.awaitNanos(AbstractQueuedSynchronizer.java:2078)
        at java.util.concurrent.ScheduledThreadPoolExecutor$DelayedWorkQueue.take(ScheduledThreadPoolExecutor.java:1093)
        at java.util.concurrent.ScheduledThreadPoolExecutor$DelayedWorkQueue.take(ScheduledThreadPoolExecutor.java:809)
        at java.util.concurrent.ThreadPoolExecutor.getTask(ThreadPoolExecutor.java:1074)
        at java.util.concurrent.ThreadPoolExecutor.runWorker(ThreadPoolExecutor.java:1134)
        at java.util.concurrent.ThreadPoolExecutor$Worker.run(ThreadPoolExecutor.java:624)
        at java.lang.Thread.run(Thread.java:748)
"pool-56-thread-4"  prio=5 tid=349 in Object.wait()
java.lang.Thread.State: WAITING (on object monitor)
        at sun.misc.Unsafe.park(Native Method)
        at java.util.concurrent.locks.LockSupport.park(LockSupport.java:175)
        at java.util.concurrent.locks.AbstractQueuedSynchronizer$ConditionObject.await(AbstractQueuedSynchronizer.java:2039)
        at java.util.concurrent.ArrayBlockingQueue.take(ArrayBlockingQueue.java:403)
        at java.util.concurrent.ThreadPoolExecutor.getTask(ThreadPoolExecutor.java:1074)
        at java.util.concurrent.ThreadPoolExecutor.runWorker(ThreadPoolExecutor.java:1134)
        at java.util.concurrent.ThreadPoolExecutor$Worker.run(ThreadPoolExecutor.java:624)
        at java.lang.Thread.run(Thread.java:748)
"metrics-hadoop-metrics2-reporter-25-thread-1" daemon prio=5 tid=1132 timed_waiting
java.lang.Thread.State: TIMED_WAITING
        at sun.misc.Unsafe.park(Native Method)
        at java.util.concurrent.locks.LockSupport.parkNanos(LockSupport.java:215)
        at java.util.concurrent.locks.AbstractQueuedSynchronizer$ConditionObject.awaitNanos(AbstractQueuedSynchronizer.java:2078)
        at java.util.concurrent.ScheduledThreadPoolExecutor$DelayedWorkQueue.take(ScheduledThreadPoolExecutor.java:1093)
        at java.util.concurrent.ScheduledThreadPoolExecutor$DelayedWorkQueue.take(ScheduledThreadPoolExecutor.java:809)
        at java.util.concurrent.ThreadPoolExecutor.getTask(ThreadPoolExecutor.java:1074)
        at java.util.concurrent.ThreadPoolExecutor.runWorker(ThreadPoolExecutor.java:1134)
        at java.util.concurrent.ThreadPoolExecutor$Worker.run(ThreadPoolExecutor.java:624)
        at java.lang.Thread.run(Thread.java:748)
"pool-26-thread-5"  prio=5 tid=343 in Object.wait()
java.lang.Thread.State: WAITING (on object monitor)
        at sun.misc.Unsafe.park(Native Method)
        at java.util.concurrent.locks.LockSupport.park(LockSupport.java:175)
        at java.util.concurrent.locks.AbstractQueuedSynchronizer$ConditionObject.await(AbstractQueuedSynchronizer.java:2039)
        at java.util.concurrent.ArrayBlockingQueue.take(ArrayBlockingQueue.java:403)
        at java.util.concurrent.ThreadPoolExecutor.getTask(ThreadPoolExecutor.java:1074)
        at java.util.concurrent.ThreadPoolExecutor.runWorker(ThreadPoolExecutor.java:1134)
        at java.util.concurrent.ThreadPoolExecutor$Worker.run(ThreadPoolExecutor.java:624)
        at java.lang.Thread.run(Thread.java:748)
"pool-76-thread-46"  prio=5 tid=792 in Object.wait()
java.lang.Thread.State: WAITING (on object monitor)
        at sun.misc.Unsafe.park(Native Method)
        at java.util.concurrent.locks.LockSupport.park(LockSupport.java:175)
        at java.util.concurrent.locks.AbstractQueuedSynchronizer$ConditionObject.await(AbstractQueuedSynchronizer.java:2039)
        at java.util.concurrent.ArrayBlockingQueue.take(ArrayBlockingQueue.java:403)
        at java.util.concurrent.ThreadPoolExecutor.getTask(ThreadPoolExecutor.java:1074)
        at java.util.concurrent.ThreadPoolExecutor.runWorker(ThreadPoolExecutor.java:1134)
        at java.util.concurrent.ThreadPoolExecutor$Worker.run(ThreadPoolExecutor.java:624)
        at java.lang.Thread.run(Thread.java:748)
"qtp1680841335-245" daemon prio=5 tid=245 timed_waiting
java.lang.Thread.State: TIMED_WAITING
        at sun.misc.Unsafe.park(Native Method)
        at java.util.concurrent.locks.LockSupport.parkNanos(LockSupport.java:215)
        at java.util.concurrent.locks.AbstractQueuedSynchronizer$ConditionObject.awaitNanos(AbstractQueuedSynchronizer.java:2078)
        at org.eclipse.jetty.util.BlockingArrayQueue.poll(BlockingArrayQueue.java:392)
        at org.eclipse.jetty.util.thread.QueuedThreadPool.idleJobPoll(QueuedThreadPool.java:563)
        at org.eclipse.jetty.util.thread.QueuedThreadPool.access$800(QueuedThreadPool.java:48)
        at org.eclipse.jetty.util.thread.QueuedThreadPool$2.run(QueuedThreadPool.java:626)
        at java.lang.Thread.run(Thread.java:748)
"metrics-hadoop-metrics2-reporter-20-thread-1" daemon prio=5 tid=1056 timed_waiting
java.lang.Thread.State: TIMED_WAITING
        at sun.misc.Unsafe.park(Native Method)
        at java.util.concurrent.locks.LockSupport.parkNanos(LockSupport.java:215)
        at java.util.concurrent.locks.AbstractQueuedSynchronizer$ConditionObject.awaitNanos(AbstractQueuedSynchronizer.java:2078)
        at java.util.concurrent.ScheduledThreadPoolExecutor$DelayedWorkQueue.take(ScheduledThreadPoolExecutor.java:1093)
        at java.util.concurrent.ScheduledThreadPoolExecutor$DelayedWorkQueue.take(ScheduledThreadPoolExecutor.java:809)
        at java.util.concurrent.ThreadPoolExecutor.getTask(ThreadPoolExecutor.java:1074)
        at java.util.concurrent.ThreadPoolExecutor.runWorker(ThreadPoolExecutor.java:1134)
        at java.util.concurrent.ThreadPoolExecutor$Worker.run(ThreadPoolExecutor.java:624)
        at java.lang.Thread.run(Thread.java:748)
"RatisPipelineUtilsThread"  prio=5 tid=736 timed_waiting
java.lang.Thread.State: TIMED_WAITING
        at sun.misc.Unsafe.park(Native Method)
        at java.util.concurrent.locks.LockSupport.parkNanos(LockSupport.java:215)
        at java.util.concurrent.locks.AbstractQueuedSynchronizer$ConditionObject.awaitNanos(AbstractQueuedSynchronizer.java:2078)
        at java.util.concurrent.ScheduledThreadPoolExecutor$DelayedWorkQueue.take(ScheduledThreadPoolExecutor.java:1093)
        at java.util.concurrent.ScheduledThreadPoolExecutor$DelayedWorkQueue.take(ScheduledThreadPoolExecutor.java:809)
        at java.util.concurrent.ThreadPoolExecutor.getTask(ThreadPoolExecutor.java:1074)
        at java.util.concurrent.ThreadPoolExecutor.runWorker(ThreadPoolExecutor.java:1134)
        at java.util.concurrent.ThreadPoolExecutor$Worker.run(ThreadPoolExecutor.java:624)
        at java.lang.Thread.run(Thread.java:748)
"IPC Server Responder" daemon prio=5 tid=17 runnable
java.lang.Thread.State: RUNNABLE
        at sun.nio.ch.EPollArrayWrapper.epollWait(Native Method)
        at sun.nio.ch.EPollArrayWrapper.poll(EPollArrayWrapper.java:269)
        at sun.nio.ch.EPollSelectorImpl.doSelect(EPollSelectorImpl.java:93)
        at sun.nio.ch.SelectorImpl.lockAndDoSelect(SelectorImpl.java:86)
        at sun.nio.ch.SelectorImpl.select(SelectorImpl.java:97)
        at org.apache.hadoop.ipc.Server$Responder.doRunLoop(Server.java:1334)
        at org.apache.hadoop.ipc.Server$Responder.run(Server.java:1317)
"a4ef6c21-3a88-4e13-8c9a-5d7afe7d887e@group-24F9B359B75D-StateMachineUpdater" daemon prio=5 tid=1049 in Object.wait()
java.lang.Thread.State: WAITING (on object monitor)
        at java.lang.Object.wait(Native Method)
        at java.lang.Object.wait(Object.java:502)
        at org.apache.ratis.server.impl.StateMachineUpdater.waitForCommit(StateMachineUpdater.java:194)
        at org.apache.ratis.server.impl.StateMachineUpdater.run(StateMachineUpdater.java:159)
        at java.lang.Thread.run(Thread.java:748)
"pool-76-thread-34"  prio=5 tid=780 in Object.wait()
java.lang.Thread.State: WAITING (on object monitor)
        at sun.misc.Unsafe.park(Native Method)
        at java.util.concurrent.locks.LockSupport.park(LockSupport.java:175)
        at java.util.concurrent.locks.AbstractQueuedSynchronizer$ConditionObject.await(AbstractQueuedSynchronizer.java:2039)
        at java.util.concurrent.ArrayBlockingQueue.take(ArrayBlockingQueue.java:403)
        at java.util.concurrent.ThreadPoolExecutor.getTask(ThreadPoolExecutor.java:1074)
        at java.util.concurrent.ThreadPoolExecutor.runWorker(ThreadPoolExecutor.java:1134)
        at java.util.concurrent.ThreadPoolExecutor$Worker.run(ThreadPoolExecutor.java:624)
        at java.lang.Thread.run(Thread.java:748)
"pool-66-thread-22"  prio=5 tid=659 in Object.wait()
java.lang.Thread.State: WAITING (on object monitor)
        at sun.misc.Unsafe.park(Native Method)
        at java.util.concurrent.locks.LockSupport.park(LockSupport.java:175)
        at java.util.concurrent.locks.AbstractQueuedSynchronizer$ConditionObject.await(AbstractQueuedSynchronizer.java:2039)
        at java.util.concurrent.ArrayBlockingQueue.take(ArrayBlockingQueue.java:403)
        at java.util.concurrent.ThreadPoolExecutor.getTask(ThreadPoolExecutor.java:1074)
        at java.util.concurrent.ThreadPoolExecutor.runWorker(ThreadPoolExecutor.java:1134)
        at java.util.concurrent.ThreadPoolExecutor$Worker.run(ThreadPoolExecutor.java:624)
        at java.lang.Thread.run(Thread.java:748)
"pool-26-thread-2"  prio=5 tid=330 in Object.wait()
java.lang.Thread.State: WAITING (on object monitor)
        at sun.misc.Unsafe.park(Native Method)
        at java.util.concurrent.locks.LockSupport.park(LockSupport.java:175)
        at java.util.concurrent.locks.AbstractQueuedSynchronizer$ConditionObject.await(AbstractQueuedSynchronizer.java:2039)
        at java.util.concurrent.ArrayBlockingQueue.take(ArrayBlockingQueue.java:403)
        at java.util.concurrent.ThreadPoolExecutor.getTask(ThreadPoolExecutor.java:1074)
        at java.util.concurrent.ThreadPoolExecutor.runWorker(ThreadPoolExecutor.java:1134)
        at java.util.concurrent.ThreadPoolExecutor$Worker.run(ThreadPoolExecutor.java:624)
        at java.lang.Thread.run(Thread.java:748)
"Datanode ReportManager Thread - 3" daemon prio=5 tid=174 in Object.wait()
java.lang.Thread.State: WAITING (on object monitor)
        at sun.misc.Unsafe.park(Native Method)
        at java.util.concurrent.locks.LockSupport.park(LockSupport.java:175)
        at java.util.concurrent.locks.AbstractQueuedSynchronizer$ConditionObject.await(AbstractQueuedSynchronizer.java:2039)
        at java.util.concurrent.ScheduledThreadPoolExecutor$DelayedWorkQueue.take(ScheduledThreadPoolExecutor.java:1088)
        at java.util.concurrent.ScheduledThreadPoolExecutor$DelayedWorkQueue.take(ScheduledThreadPoolExecutor.java:809)
        at java.util.concurrent.ThreadPoolExecutor.getTask(ThreadPoolExecutor.java:1074)
        at java.util.concurrent.ThreadPoolExecutor.runWorker(ThreadPoolExecutor.java:1134)
        at java.util.concurrent.ThreadPoolExecutor$Worker.run(ThreadPoolExecutor.java:624)
        at java.lang.Thread.run(Thread.java:748)
"pool-106-thread-45"  prio=5 tid=1024 in Object.wait()
java.lang.Thread.State: WAITING (on object monitor)
        at sun.misc.Unsafe.park(Native Method)
        at java.util.concurrent.locks.LockSupport.park(LockSupport.java:175)
        at java.util.concurrent.locks.AbstractQueuedSynchronizer$ConditionObject.await(AbstractQueuedSynchronizer.java:2039)
        at java.util.concurrent.ArrayBlockingQueue.take(ArrayBlockingQueue.java:403)
        at java.util.concurrent.ThreadPoolExecutor.getTask(ThreadPoolExecutor.java:1074)
        at java.util.concurrent.ThreadPoolExecutor.runWorker(ThreadPoolExecutor.java:1134)
        at java.util.concurrent.ThreadPoolExecutor$Worker.run(ThreadPoolExecutor.java:624)
        at java.lang.Thread.run(Thread.java:748)
"process reaper" daemon prio=10 tid=10 timed_waiting
java.lang.Thread.State: TIMED_WAITING
        at sun.misc.Unsafe.park(Native Method)
        at java.util.concurrent.locks.LockSupport.parkNanos(LockSupport.java:215)
        at java.util.concurrent.SynchronousQueue$TransferStack.awaitFulfill(SynchronousQueue.java:460)
        at java.util.concurrent.SynchronousQueue$TransferStack.transfer(SynchronousQueue.java:362)
        at java.util.concurrent.SynchronousQueue.poll(SynchronousQueue.java:941)
        at java.util.concurrent.ThreadPoolExecutor.getTask(ThreadPoolExecutor.java:1073)
        at java.util.concurrent.ThreadPoolExecutor.runWorker(ThreadPoolExecutor.java:1134)
        at java.util.concurrent.ThreadPoolExecutor$Worker.run(ThreadPoolExecutor.java:624)
        at java.lang.Thread.run(Thread.java:748)
"qtp1977508673-298" daemon prio=5 tid=298 timed_waiting
java.lang.Thread.State: TIMED_WAITING
        at sun.misc.Unsafe.park(Native Method)
        at java.util.concurrent.locks.LockSupport.parkNanos(LockSupport.java:215)
        at java.util.concurrent.locks.AbstractQueuedSynchronizer$ConditionObject.awaitNanos(AbstractQueuedSynchronizer.java:2078)
        at org.eclipse.jetty.util.BlockingArrayQueue.poll(BlockingArrayQueue.java:392)
        at org.eclipse.jetty.util.thread.QueuedThreadPool.idleJobPoll(QueuedThreadPool.java:563)
        at org.eclipse.jetty.util.thread.QueuedThreadPool.access$800(QueuedThreadPool.java:48)
        at org.eclipse.jetty.util.thread.QueuedThreadPool$2.run(QueuedThreadPool.java:626)
        at java.lang.Thread.run(Thread.java:748)
"pool-96-thread-20"  prio=5 tid=902 in Object.wait()
java.lang.Thread.State: WAITING (on object monitor)
        at sun.misc.Unsafe.park(Native Method)
        at java.util.concurrent.locks.LockSupport.park(LockSupport.java:175)
        at java.util.concurrent.locks.AbstractQueuedSynchronizer$ConditionObject.await(AbstractQueuedSynchronizer.java:2039)
        at java.util.concurrent.ArrayBlockingQueue.take(ArrayBlockingQueue.java:403)
        at java.util.concurrent.ThreadPoolExecutor.getTask(ThreadPoolExecutor.java:1074)
        at java.util.concurrent.ThreadPoolExecutor.runWorker(ThreadPoolExecutor.java:1134)
        at java.util.concurrent.ThreadPoolExecutor$Worker.run(ThreadPoolExecutor.java:624)
        at java.lang.Thread.run(Thread.java:748)
"pool-66-thread-51"  prio=5 tid=696 in Object.wait()
java.lang.Thread.State: WAITING (on object monitor)
        at sun.misc.Unsafe.park(Native Method)
        at java.util.concurrent.locks.LockSupport.park(LockSupport.java:175)
        at java.util.concurrent.locks.AbstractQueuedSynchronizer$ConditionObject.await(AbstractQueuedSynchronizer.java:2039)
        at java.util.concurrent.ArrayBlockingQueue.take(ArrayBlockingQueue.java:403)
        at java.util.concurrent.ThreadPoolExecutor.getTask(ThreadPoolExecutor.java:1074)
        at java.util.concurrent.ThreadPoolExecutor.runWorker(ThreadPoolExecutor.java:1134)
        at java.util.concurrent.ThreadPoolExecutor$Worker.run(ThreadPoolExecutor.java:624)
        at java.lang.Thread.run(Thread.java:748)
"refreshUsed-/workdir/hadoop-ozone/integration-test/target/test-dir/MiniOzoneClusterImpl-fc727f2e-e877-4159-90ff-4473a18561dc/datanode-1/data/containers" daemon prio=5 tid=181 timed_waiting
java.lang.Thread.State: TIMED_WAITING
        at java.lang.Thread.sleep(Native Method)
        at org.apache.hadoop.fs.CachingGetSpaceUsed$RefreshThread.run(CachingGetSpaceUsed.java:179)
        at java.lang.Thread.run(Thread.java:748)
"pool-96-thread-53"  prio=5 tid=935 in Object.wait()
java.lang.Thread.State: WAITING (on object monitor)
        at sun.misc.Unsafe.park(Native Method)
        at java.util.concurrent.locks.LockSupport.park(LockSupport.java:175)
        at java.util.concurrent.locks.AbstractQueuedSynchronizer$ConditionObject.await(AbstractQueuedSynchronizer.java:2039)
        at java.util.concurrent.ArrayBlockingQueue.take(ArrayBlockingQueue.java:403)
        at java.util.concurrent.ThreadPoolExecutor.getTask(ThreadPoolExecutor.java:1074)
        at java.util.concurrent.ThreadPoolExecutor.runWorker(ThreadPoolExecutor.java:1134)
        at java.util.concurrent.ThreadPoolExecutor$Worker.run(ThreadPoolExecutor.java:624)
        at java.lang.Thread.run(Thread.java:748)
"pool-74-thread-1" daemon prio=5 tid=291 timed_waiting
java.lang.Thread.State: TIMED_WAITING
        at sun.misc.Unsafe.park(Native Method)
        at java.util.concurrent.locks.LockSupport.parkNanos(LockSupport.java:215)
        at java.util.concurrent.locks.AbstractQueuedSynchronizer$ConditionObject.awaitNanos(AbstractQueuedSynchronizer.java:2078)
        at java.util.concurrent.ScheduledThreadPoolExecutor$DelayedWorkQueue.take(ScheduledThreadPoolExecutor.java:1093)
        at java.util.concurrent.ScheduledThreadPoolExecutor$DelayedWorkQueue.take(ScheduledThreadPoolExecutor.java:809)
        at java.util.concurrent.ThreadPoolExecutor.getTask(ThreadPoolExecutor.java:1074)
        at java.util.concurrent.ThreadPoolExecutor.runWorker(ThreadPoolExecutor.java:1134)
        at java.util.concurrent.ThreadPoolExecutor$Worker.run(ThreadPoolExecutor.java:624)
        at java.lang.Thread.run(Thread.java:748)
"Datanode State Machine Thread - 0" daemon prio=5 tid=315 timed_waiting
java.lang.Thread.State: TIMED_WAITING
        at sun.misc.Unsafe.park(Native Method)
        at java.util.concurrent.locks.LockSupport.parkNanos(LockSupport.java:215)
        at java.util.concurrent.SynchronousQueue$TransferStack.awaitFulfill(SynchronousQueue.java:460)
        at java.util.concurrent.SynchronousQueue$TransferStack.transfer(SynchronousQueue.java:362)
        at java.util.concurrent.SynchronousQueue.poll(SynchronousQueue.java:941)
        at java.util.concurrent.ThreadPoolExecutor.getTask(ThreadPoolExecutor.java:1073)
        at java.util.concurrent.ThreadPoolExecutor.runWorker(ThreadPoolExecutor.java:1134)
        at java.util.concurrent.ThreadPoolExecutor$Worker.run(ThreadPoolExecutor.java:624)
        at java.lang.Thread.run(Thread.java:748)
"Thread-469" daemon prio=5 tid=1353 timed_waiting
java.lang.Thread.State: TIMED_WAITING
        at sun.misc.Unsafe.park(Native Method)
        at java.util.concurrent.locks.LockSupport.parkNanos(LockSupport.java:215)
        at java.util.concurrent.locks.AbstractQueuedSynchronizer$ConditionObject.awaitNanos(AbstractQueuedSynchronizer.java:2078)
        at java.util.concurrent.ArrayBlockingQueue.poll(ArrayBlockingQueue.java:418)
        at org.apache.ratis.server.impl.LeaderState$EventQueue.poll(LeaderState.java:116)
        at org.apache.ratis.server.impl.LeaderState$EventProcessor.run(LeaderState.java:468)
"pool-46-thread-10"  prio=5 tid=351 in Object.wait()
java.lang.Thread.State: WAITING (on object monitor)
        at sun.misc.Unsafe.park(Native Method)
        at java.util.concurrent.locks.LockSupport.park(LockSupport.java:175)
        at java.util.concurrent.locks.AbstractQueuedSynchronizer$ConditionObject.await(AbstractQueuedSynchronizer.java:2039)
        at java.util.concurrent.ArrayBlockingQueue.take(ArrayBlockingQueue.java:403)
        at java.util.concurrent.ThreadPoolExecutor.getTask(ThreadPoolExecutor.java:1074)
        at java.util.concurrent.ThreadPoolExecutor.runWorker(ThreadPoolExecutor.java:1134)
        at java.util.concurrent.ThreadPoolExecutor$Worker.run(ThreadPoolExecutor.java:624)
        at java.lang.Thread.run(Thread.java:748)
"a4ef6c21-3a88-4e13-8c9a-5d7afe7d887e@group-24F9B359B75D-SegmentedRaftLogWorker"  prio=5 tid=1046 timed_waiting
java.lang.Thread.State: TIMED_WAITING
        at sun.misc.Unsafe.park(Native Method)
        at java.util.concurrent.locks.LockSupport.parkNanos(LockSupport.java:215)
        at java.util.concurrent.locks.AbstractQueuedSynchronizer$ConditionObject.awaitNanos(AbstractQueuedSynchronizer.java:2078)
        at org.apache.ratis.util.DataBlockingQueue.poll(DataBlockingQueue.java:137)
        at org.apache.ratis.server.raftlog.segmented.SegmentedRaftLogWorker.run(SegmentedRaftLogWorker.java:282)
        at java.lang.Thread.run(Thread.java:748)
"pool-86-thread-51"  prio=5 tid=869 in Object.wait()
java.lang.Thread.State: WAITING (on object monitor)
        at sun.misc.Unsafe.park(Native Method)
        at java.util.concurrent.locks.LockSupport.park(LockSupport.java:175)
        at java.util.concurrent.locks.AbstractQueuedSynchronizer$ConditionObject.await(AbstractQueuedSynchronizer.java:2039)
        at java.util.concurrent.ArrayBlockingQueue.take(ArrayBlockingQueue.java:403)
        at java.util.concurrent.ThreadPoolExecutor.getTask(ThreadPoolExecutor.java:1074)
        at java.util.concurrent.ThreadPoolExecutor.runWorker(ThreadPoolExecutor.java:1134)
        at java.util.concurrent.ThreadPoolExecutor$Worker.run(ThreadPoolExecutor.java:624)
        at java.lang.Thread.run(Thread.java:748)
"d3056189-9fd1-4309-9520-f49ad506b671@group-7807C7E9218E-SegmentedRaftLogWorker"  prio=5 tid=1157 timed_waiting
java.lang.Thread.State: TIMED_WAITING
        at sun.misc.Unsafe.park(Native Method)
        at java.util.concurrent.locks.LockSupport.parkNanos(LockSupport.java:215)
        at java.util.concurrent.locks.AbstractQueuedSynchronizer$ConditionObject.awaitNanos(AbstractQueuedSynchronizer.java:2078)
        at org.apache.ratis.util.DataBlockingQueue.poll(DataBlockingQueue.java:137)
        at org.apache.ratis.server.raftlog.segmented.SegmentedRaftLogWorker.run(SegmentedRaftLogWorker.java:282)
        at java.lang.Thread.run(Thread.java:748)
"IPC Server handler 12 on 39235" daemon prio=5 tid=41 timed_waiting
java.lang.Thread.State: TIMED_WAITING
        at sun.misc.Unsafe.park(Native Method)
        at java.util.concurrent.locks.LockSupport.parkNanos(LockSupport.java:215)
        at java.util.concurrent.locks.AbstractQueuedSynchronizer$ConditionObject.awaitNanos(AbstractQueuedSynchronizer.java:2078)
        at java.util.concurrent.LinkedBlockingQueue.poll(LinkedBlockingQueue.java:467)
        at org.apache.hadoop.ipc.CallQueueManager.take(CallQueueManager.java:288)
        at org.apache.hadoop.ipc.Server$Handler.run(Server.java:2668)
"Datanode ReportManager Thread - 3" daemon prio=5 tid=606 in Object.wait()
java.lang.Thread.State: WAITING (on object monitor)
        at sun.misc.Unsafe.park(Native Method)
        at java.util.concurrent.locks.LockSupport.park(LockSupport.java:175)
        at java.util.concurrent.locks.AbstractQueuedSynchronizer$ConditionObject.await(AbstractQueuedSynchronizer.java:2039)
        at java.util.concurrent.ScheduledThreadPoolExecutor$DelayedWorkQueue.take(ScheduledThreadPoolExecutor.java:1088)
        at java.util.concurrent.ScheduledThreadPoolExecutor$DelayedWorkQueue.take(ScheduledThreadPoolExecutor.java:809)
        at java.util.concurrent.ThreadPoolExecutor.getTask(ThreadPoolExecutor.java:1074)
        at java.util.concurrent.ThreadPoolExecutor.runWorker(ThreadPoolExecutor.java:1134)
        at java.util.concurrent.ThreadPoolExecutor$Worker.run(ThreadPoolExecutor.java:624)
        at java.lang.Thread.run(Thread.java:748)
"pool-26-thread-33"  prio=5 tid=448 in Object.wait()
java.lang.Thread.State: WAITING (on object monitor)
        at sun.misc.Unsafe.park(Native Method)
        at java.util.concurrent.locks.LockSupport.park(LockSupport.java:175)
        at java.util.concurrent.locks.AbstractQueuedSynchronizer$ConditionObject.await(AbstractQueuedSynchronizer.java:2039)
        at java.util.concurrent.ArrayBlockingQueue.take(ArrayBlockingQueue.java:403)
        at java.util.concurrent.ThreadPoolExecutor.getTask(ThreadPoolExecutor.java:1074)
        at java.util.concurrent.ThreadPoolExecutor.runWorker(ThreadPoolExecutor.java:1134)
        at java.util.concurrent.ThreadPoolExecutor$Worker.run(ThreadPoolExecutor.java:624)
        at java.lang.Thread.run(Thread.java:748)
"Datanode State Machine Thread - 0" daemon prio=5 tid=498 timed_waiting
java.lang.Thread.State: TIMED_WAITING
        at java.lang.Thread.sleep(Native Method)
        at org.apache.hadoop.ozone.container.common.statemachine.DatanodeStateMachine.start(DatanodeStateMachine.java:191)
        at org.apache.hadoop.ozone.container.common.statemachine.DatanodeStateMachine.lambda$startDaemon$0(DatanodeStateMachine.java:349)
        at org.apache.hadoop.ozone.container.common.statemachine.DatanodeStateMachine$$Lambda$140/939829672.run(Unknown Source)
        at java.lang.Thread.run(Thread.java:748)
"pool-86-thread-53"  prio=5 tid=871 in Object.wait()
java.lang.Thread.State: WAITING (on object monitor)
        at sun.misc.Unsafe.park(Native Method)
        at java.util.concurrent.locks.LockSupport.park(LockSupport.java:175)
        at java.util.concurrent.locks.AbstractQueuedSynchronizer$ConditionObject.await(AbstractQueuedSynchronizer.java:2039)
        at java.util.concurrent.ArrayBlockingQueue.take(ArrayBlockingQueue.java:403)
        at java.util.concurrent.ThreadPoolExecutor.getTask(ThreadPoolExecutor.java:1074)
        at java.util.concurrent.ThreadPoolExecutor.runWorker(ThreadPoolExecutor.java:1134)
        at java.util.concurrent.ThreadPoolExecutor$Worker.run(ThreadPoolExecutor.java:624)
        at java.lang.Thread.run(Thread.java:748)
"qtp1680841335-241-acceptor-0@39b1706d-ServerConnector@411c6d44{HTTP/1.1,[http/1.1]}{0.0.0.0:33154}" daemon prio=3 tid=241 runnable
java.lang.Thread.State: RUNNABLE
        at sun.nio.ch.ServerSocketChannelImpl.accept0(Native Method)
        at sun.nio.ch.ServerSocketChannelImpl.accept(ServerSocketChannelImpl.java:422)
        at sun.nio.ch.ServerSocketChannelImpl.accept(ServerSocketChannelImpl.java:250)
        at org.eclipse.jetty.server.ServerConnector.accept(ServerConnector.java:397)
        at org.eclipse.jetty.server.AbstractConnector$Acceptor.run(AbstractConnector.java:601)
        at org.eclipse.jetty.util.thread.QueuedThreadPool.runJob(QueuedThreadPool.java:671)
        at org.eclipse.jetty.util.thread.QueuedThreadPool$2.run(QueuedThreadPool.java:589)
        at java.lang.Thread.run(Thread.java:748)
"IPC Server handler 2 on 37838" daemon prio=5 tid=71 timed_waiting
java.lang.Thread.State: TIMED_WAITING
        at sun.misc.Unsafe.park(Native Method)
        at java.util.concurrent.locks.LockSupport.parkNanos(LockSupport.java:215)
        at java.util.concurrent.locks.AbstractQueuedSynchronizer$ConditionObject.awaitNanos(AbstractQueuedSynchronizer.java:2078)
        at java.util.concurrent.LinkedBlockingQueue.poll(LinkedBlockingQueue.java:467)
        at org.apache.hadoop.ipc.CallQueueManager.take(CallQueueManager.java:288)
        at org.apache.hadoop.ipc.Server$Handler.run(Server.java:2668)
"metrics-hadoop-metrics2-reporter-37-thread-1" daemon prio=5 tid=1165 timed_waiting
java.lang.Thread.State: TIMED_WAITING
        at sun.misc.Unsafe.park(Native Method)
        at java.util.concurrent.locks.LockSupport.parkNanos(LockSupport.java:215)
        at java.util.concurrent.locks.AbstractQueuedSynchronizer$ConditionObject.awaitNanos(AbstractQueuedSynchronizer.java:2078)
        at java.util.concurrent.ScheduledThreadPoolExecutor$DelayedWorkQueue.take(ScheduledThreadPoolExecutor.java:1093)
        at java.util.concurrent.ScheduledThreadPoolExecutor$DelayedWorkQueue.take(ScheduledThreadPoolExecutor.java:809)
        at java.util.concurrent.ThreadPoolExecutor.getTask(ThreadPoolExecutor.java:1074)
        at java.util.concurrent.ThreadPoolExecutor.runWorker(ThreadPoolExecutor.java:1134)
        at java.util.concurrent.ThreadPoolExecutor$Worker.run(ThreadPoolExecutor.java:624)
        at java.lang.Thread.run(Thread.java:748)
"pool-96-thread-30"  prio=5 tid=912 in Object.wait()
java.lang.Thread.State: WAITING (on object monitor)
        at sun.misc.Unsafe.park(Native Method)
        at java.util.concurrent.locks.LockSupport.park(LockSupport.java:175)
        at java.util.concurrent.locks.AbstractQueuedSynchronizer$ConditionObject.await(AbstractQueuedSynchronizer.java:2039)
        at java.util.concurrent.ArrayBlockingQueue.take(ArrayBlockingQueue.java:403)
        at java.util.concurrent.ThreadPoolExecutor.getTask(ThreadPoolExecutor.java:1074)
        at java.util.concurrent.ThreadPoolExecutor.runWorker(ThreadPoolExecutor.java:1134)
        at java.util.concurrent.ThreadPoolExecutor$Worker.run(ThreadPoolExecutor.java:624)
        at java.lang.Thread.run(Thread.java:748)
"IPC Server handler 10 on 37221" daemon prio=5 tid=125 timed_waiting
java.lang.Thread.State: TIMED_WAITING
        at sun.misc.Unsafe.park(Native Method)
        at java.util.concurrent.locks.LockSupport.parkNanos(LockSupport.java:215)
        at java.util.concurrent.locks.AbstractQueuedSynchronizer$ConditionObject.awaitNanos(AbstractQueuedSynchronizer.java:2078)
        at java.util.concurrent.LinkedBlockingQueue.poll(LinkedBlockingQueue.java:467)
        at org.apache.hadoop.ipc.CallQueueManager.take(CallQueueManager.java:288)
        at org.apache.hadoop.ipc.Server$Handler.run(Server.java:2668)
"IPC Server handler 10 on 40878" daemon prio=5 tid=59 timed_waiting
java.lang.Thread.State: TIMED_WAITING
        at sun.misc.Unsafe.park(Native Method)
        at java.util.concurrent.locks.LockSupport.parkNanos(LockSupport.java:215)
        at java.util.concurrent.locks.AbstractQueuedSynchronizer$ConditionObject.awaitNanos(AbstractQueuedSynchronizer.java:2078)
        at java.util.concurrent.LinkedBlockingQueue.poll(LinkedBlockingQueue.java:467)
        at org.apache.hadoop.ipc.CallQueueManager.take(CallQueueManager.java:288)
        at org.apache.hadoop.ipc.Server$Handler.run(Server.java:2668)
"org.eclipse.jetty.server.session.HashSessionManager@b1534d3Timer" daemon prio=5 tid=409 timed_waiting
java.lang.Thread.State: TIMED_WAITING
        at sun.misc.Unsafe.park(Native Method)
        at java.util.concurrent.locks.LockSupport.parkNanos(LockSupport.java:215)
        at java.util.concurrent.locks.AbstractQueuedSynchronizer$ConditionObject.awaitNanos(AbstractQueuedSynchronizer.java:2078)
        at java.util.concurrent.ScheduledThreadPoolExecutor$DelayedWorkQueue.take(ScheduledThreadPoolExecutor.java:1093)
        at java.util.concurrent.ScheduledThreadPoolExecutor$DelayedWorkQueue.take(ScheduledThreadPoolExecutor.java:809)
        at java.util.concurrent.ThreadPoolExecutor.getTask(ThreadPoolExecutor.java:1074)
        at java.util.concurrent.ThreadPoolExecutor.runWorker(ThreadPoolExecutor.java:1134)
        at java.util.concurrent.ThreadPoolExecutor$Worker.run(ThreadPoolExecutor.java:624)
        at java.lang.Thread.run(Thread.java:748)
"Command processor thread" daemon prio=5 tid=732 timed_waiting
java.lang.Thread.State: TIMED_WAITING
        at java.lang.Thread.sleep(Native Method)
        at org.apache.hadoop.ozone.container.common.statemachine.DatanodeStateMachine.lambda$initCommandHandlerThread$1(DatanodeStateMachine.java:439)
        at org.apache.hadoop.ozone.container.common.statemachine.DatanodeStateMachine$$Lambda$141/1487479796.run(Unknown Source)
        at java.lang.Thread.run(Thread.java:748)
"metrics-hadoop-metrics2-reporter-16-thread-1" daemon prio=5 tid=1043 timed_waiting
java.lang.Thread.State: TIMED_WAITING
        at sun.misc.Unsafe.park(Native Method)
        at java.util.concurrent.locks.LockSupport.parkNanos(LockSupport.java:215)
        at java.util.concurrent.locks.AbstractQueuedSynchronizer$ConditionObject.awaitNanos(AbstractQueuedSynchronizer.java:2078)
        at java.util.concurrent.ScheduledThreadPoolExecutor$DelayedWorkQueue.take(ScheduledThreadPoolExecutor.java:1093)
        at java.util.concurrent.ScheduledThreadPoolExecutor$DelayedWorkQueue.take(ScheduledThreadPoolExecutor.java:809)
        at java.util.concurrent.ThreadPoolExecutor.getTask(ThreadPoolExecutor.java:1074)
        at java.util.concurrent.ThreadPoolExecutor.runWorker(ThreadPoolExecutor.java:1134)
        at java.util.concurrent.ThreadPoolExecutor$Worker.run(ThreadPoolExecutor.java:624)
        at java.lang.Thread.run(Thread.java:748)
"OMDoubleBufferFlushThread" daemon prio=5 tid=106 timed_waiting
java.lang.Thread.State: TIMED_WAITING
        at java.lang.Object.wait(Native Method)
        at org.apache.hadoop.ozone.om.ratis.OzoneManagerDoubleBuffer.canFlush(OzoneManagerDoubleBuffer.java:322)
        at org.apache.hadoop.ozone.om.ratis.OzoneManagerDoubleBuffer.flushTransactions(OzoneManagerDoubleBuffer.java:130)
        at org.apache.hadoop.ozone.om.ratis.OzoneManagerDoubleBuffer$$Lambda$49/1553077867.run(Unknown Source)
        at java.lang.Thread.run(Thread.java:748)
"pool-106-thread-4"  prio=5 tid=983 in Object.wait()
java.lang.Thread.State: WAITING (on object monitor)
        at sun.misc.Unsafe.park(Native Method)
        at java.util.concurrent.locks.LockSupport.park(LockSupport.java:175)
        at java.util.concurrent.locks.AbstractQueuedSynchronizer$ConditionObject.await(AbstractQueuedSynchronizer.java:2039)
        at java.util.concurrent.ArrayBlockingQueue.take(ArrayBlockingQueue.java:403)
        at java.util.concurrent.ThreadPoolExecutor.getTask(ThreadPoolExecutor.java:1074)
        at java.util.concurrent.ThreadPoolExecutor.runWorker(ThreadPoolExecutor.java:1134)
        at java.util.concurrent.ThreadPoolExecutor$Worker.run(ThreadPoolExecutor.java:624)
        at java.lang.Thread.run(Thread.java:748)
"pool-36-thread-26"  prio=5 tid=449 in Object.wait()
java.lang.Thread.State: WAITING (on object monitor)
        at sun.misc.Unsafe.park(Native Method)
        at java.util.concurrent.locks.LockSupport.park(LockSupport.java:175)
        at java.util.concurrent.locks.AbstractQueuedSynchronizer$ConditionObject.await(AbstractQueuedSynchronizer.java:2039)
        at java.util.concurrent.ArrayBlockingQueue.take(ArrayBlockingQueue.java:403)
        at java.util.concurrent.ThreadPoolExecutor.getTask(ThreadPoolExecutor.java:1074)
        at java.util.concurrent.ThreadPoolExecutor.runWorker(ThreadPoolExecutor.java:1134)
        at java.util.concurrent.ThreadPoolExecutor$Worker.run(ThreadPoolExecutor.java:624)
        at java.lang.Thread.run(Thread.java:748)
"pool-26-thread-8"  prio=5 tid=352 in Object.wait()
java.lang.Thread.State: WAITING (on object monitor)
        at sun.misc.Unsafe.park(Native Method)
        at java.util.concurrent.locks.LockSupport.park(LockSupport.java:175)
        at java.util.concurrent.locks.AbstractQueuedSynchronizer$ConditionObject.await(AbstractQueuedSynchronizer.java:2039)
        at java.util.concurrent.ArrayBlockingQueue.take(ArrayBlockingQueue.java:403)
        at java.util.concurrent.ThreadPoolExecutor.getTask(ThreadPoolExecutor.java:1074)
        at java.util.concurrent.ThreadPoolExecutor.runWorker(ThreadPoolExecutor.java:1134)
        at java.util.concurrent.ThreadPoolExecutor$Worker.run(ThreadPoolExecutor.java:624)
        at java.lang.Thread.run(Thread.java:748)
"Timer for 'StorageContainerManager' metrics system" daemon prio=5 tid=27 timed_waiting
java.lang.Thread.State: TIMED_WAITING
        at java.lang.Object.wait(Native Method)
        at java.util.TimerThread.mainLoop(Timer.java:552)
        at java.util.TimerThread.run(Timer.java:505)
"pool-26-thread-46"  prio=5 tid=489 in Object.wait()
java.lang.Thread.State: WAITING (on object monitor)
        at sun.misc.Unsafe.park(Native Method)
        at java.util.concurrent.locks.LockSupport.park(LockSupport.java:175)
        at java.util.concurrent.locks.AbstractQueuedSynchronizer$ConditionObject.await(AbstractQueuedSynchronizer.java:2039)
        at java.util.concurrent.ArrayBlockingQueue.take(ArrayBlockingQueue.java:403)
        at java.util.concurrent.ThreadPoolExecutor.getTask(ThreadPoolExecutor.java:1074)
        at java.util.concurrent.ThreadPoolExecutor.runWorker(ThreadPoolExecutor.java:1134)
        at java.util.concurrent.ThreadPoolExecutor$Worker.run(ThreadPoolExecutor.java:624)
        at java.lang.Thread.run(Thread.java:748)
"grpc-default-worker-ELG-3-3" daemon prio=5 tid=809 runnable
java.lang.Thread.State: RUNNABLE
        at sun.nio.ch.EPollArrayWrapper.epollWait(Native Method)
        at sun.nio.ch.EPollArrayWrapper.poll(EPollArrayWrapper.java:269)
        at sun.nio.ch.EPollSelectorImpl.doSelect(EPollSelectorImpl.java:93)
        at sun.nio.ch.SelectorImpl.lockAndDoSelect(SelectorImpl.java:86)
        at sun.nio.ch.SelectorImpl.select(SelectorImpl.java:97)
        at org.apache.ratis.thirdparty.io.netty.channel.nio.SelectedSelectionKeySetSelector.select(SelectedSelectionKeySetSelector.java:62)
        at org.apache.ratis.thirdparty.io.netty.channel.nio.NioEventLoop.select(NioEventLoop.java:753)
        at org.apache.ratis.thirdparty.io.netty.channel.nio.NioEventLoop.run(NioEventLoop.java:408)
        at org.apache.ratis.thirdparty.io.netty.util.concurrent.SingleThreadEventExecutor$5.run(SingleThreadEventExecutor.java:897)
        at org.apache.ratis.thirdparty.io.netty.util.concurrent.FastThreadLocalRunnable.run(FastThreadLocalRunnable.java:30)
        at java.lang.Thread.run(Thread.java:748)
"qtp747378368-721" daemon prio=5 tid=721 timed_waiting
java.lang.Thread.State: TIMED_WAITING
        at sun.misc.Unsafe.park(Native Method)
        at java.util.concurrent.locks.LockSupport.parkNanos(LockSupport.java:215)
        at java.util.concurrent.locks.AbstractQueuedSynchronizer$ConditionObject.awaitNanos(AbstractQueuedSynchronizer.java:2078)
        at org.eclipse.jetty.util.BlockingArrayQueue.poll(BlockingArrayQueue.java:392)
        at org.eclipse.jetty.util.thread.QueuedThreadPool.idleJobPoll(QueuedThreadPool.java:563)
        at org.eclipse.jetty.util.thread.QueuedThreadPool.access$800(QueuedThreadPool.java:48)
        at org.eclipse.jetty.util.thread.QueuedThreadPool$2.run(QueuedThreadPool.java:626)
        at java.lang.Thread.run(Thread.java:748)
"pool-106-thread-52"  prio=5 tid=1031 in Object.wait()
java.lang.Thread.State: WAITING (on object monitor)
        at sun.misc.Unsafe.park(Native Method)
        at java.util.concurrent.locks.LockSupport.park(LockSupport.java:175)
        at java.util.concurrent.locks.AbstractQueuedSynchronizer$ConditionObject.await(AbstractQueuedSynchronizer.java:2039)
        at java.util.concurrent.ArrayBlockingQueue.take(ArrayBlockingQueue.java:403)
        at java.util.concurrent.ThreadPoolExecutor.getTask(ThreadPoolExecutor.java:1074)
        at java.util.concurrent.ThreadPoolExecutor.runWorker(ThreadPoolExecutor.java:1134)
        at java.util.concurrent.ThreadPoolExecutor$Worker.run(ThreadPoolExecutor.java:624)
        at java.lang.Thread.run(Thread.java:748)
"pool-96-thread-39"  prio=5 tid=921 in Object.wait()
java.lang.Thread.State: WAITING (on object monitor)
        at sun.misc.Unsafe.park(Native Method)
        at java.util.concurrent.locks.LockSupport.park(LockSupport.java:175)
        at java.util.concurrent.locks.AbstractQueuedSynchronizer$ConditionObject.await(AbstractQueuedSynchronizer.java:2039)
        at java.util.concurrent.ArrayBlockingQueue.take(ArrayBlockingQueue.java:403)
        at java.util.concurrent.ThreadPoolExecutor.getTask(ThreadPoolExecutor.java:1074)
        at java.util.concurrent.ThreadPoolExecutor.runWorker(ThreadPoolExecutor.java:1134)
        at java.util.concurrent.ThreadPoolExecutor$Worker.run(ThreadPoolExecutor.java:624)
        at java.lang.Thread.run(Thread.java:748)
"pool-96-thread-46"  prio=5 tid=928 in Object.wait()
java.lang.Thread.State: WAITING (on object monitor)
        at sun.misc.Unsafe.park(Native Method)
        at java.util.concurrent.locks.LockSupport.park(LockSupport.java:175)
        at java.util.concurrent.locks.AbstractQueuedSynchronizer$ConditionObject.await(AbstractQueuedSynchronizer.java:2039)
        at java.util.concurrent.ArrayBlockingQueue.take(ArrayBlockingQueue.java:403)
        at java.util.concurrent.ThreadPoolExecutor.getTask(ThreadPoolExecutor.java:1074)
        at java.util.concurrent.ThreadPoolExecutor.runWorker(ThreadPoolExecutor.java:1134)
        at java.util.concurrent.ThreadPoolExecutor$Worker.run(ThreadPoolExecutor.java:624)
        at java.lang.Thread.run(Thread.java:748)
"pool-66-thread-58"  prio=5 tid=703 in Object.wait()
java.lang.Thread.State: WAITING (on object monitor)
        at sun.misc.Unsafe.park(Native Method)
        at java.util.concurrent.locks.LockSupport.park(LockSupport.java:175)
        at java.util.concurrent.locks.AbstractQueuedSynchronizer$ConditionObject.await(AbstractQueuedSynchronizer.java:2039)
        at java.util.concurrent.ArrayBlockingQueue.take(ArrayBlockingQueue.java:403)
        at java.util.concurrent.ThreadPoolExecutor.getTask(ThreadPoolExecutor.java:1074)
        at java.util.concurrent.ThreadPoolExecutor.runWorker(ThreadPoolExecutor.java:1134)
        at java.util.concurrent.ThreadPoolExecutor$Worker.run(ThreadPoolExecutor.java:624)
        at java.lang.Thread.run(Thread.java:748)
"org.eclipse.jetty.server.session.HashSessionManager@55b8dbdaTimer" daemon prio=5 tid=144 timed_waiting
java.lang.Thread.State: TIMED_WAITING
        at sun.misc.Unsafe.park(Native Method)
        at java.util.concurrent.locks.LockSupport.parkNanos(LockSupport.java:215)
        at java.util.concurrent.locks.AbstractQueuedSynchronizer$ConditionObject.awaitNanos(AbstractQueuedSynchronizer.java:2078)
        at java.util.concurrent.ScheduledThreadPoolExecutor$DelayedWorkQueue.take(ScheduledThreadPoolExecutor.java:1093)
        at java.util.concurrent.ScheduledThreadPoolExecutor$DelayedWorkQueue.take(ScheduledThreadPoolExecutor.java:809)
        at java.util.concurrent.ThreadPoolExecutor.getTask(ThreadPoolExecutor.java:1074)
        at java.util.concurrent.ThreadPoolExecutor.runWorker(ThreadPoolExecutor.java:1134)
        at java.util.concurrent.ThreadPoolExecutor$Worker.run(ThreadPoolExecutor.java:624)
        at java.lang.Thread.run(Thread.java:748)
"org.eclipse.jetty.server.session.HashSessionManager@127a7272Timer" daemon prio=5 tid=277 timed_waiting
java.lang.Thread.State: TIMED_WAITING
        at sun.misc.Unsafe.park(Native Method)
        at java.util.concurrent.locks.LockSupport.parkNanos(LockSupport.java:215)
        at java.util.concurrent.locks.AbstractQueuedSynchronizer$ConditionObject.awaitNanos(AbstractQueuedSynchronizer.java:2078)
        at java.util.concurrent.ScheduledThreadPoolExecutor$DelayedWorkQueue.take(ScheduledThreadPoolExecutor.java:1093)
        at java.util.concurrent.ScheduledThreadPoolExecutor$DelayedWorkQueue.take(ScheduledThreadPoolExecutor.java:809)
        at java.util.concurrent.ThreadPoolExecutor.getTask(ThreadPoolExecutor.java:1074)
        at java.util.concurrent.ThreadPoolExecutor.runWorker(ThreadPoolExecutor.java:1134)
        at java.util.concurrent.ThreadPoolExecutor$Worker.run(ThreadPoolExecutor.java:624)
        at java.lang.Thread.run(Thread.java:748)
"metrics-hadoop-metrics2-reporter-24-thread-1" daemon prio=5 tid=1129 timed_waiting
java.lang.Thread.State: TIMED_WAITING
        at sun.misc.Unsafe.park(Native Method)
        at java.util.concurrent.locks.LockSupport.parkNanos(LockSupport.java:215)
        at java.util.concurrent.locks.AbstractQueuedSynchronizer$ConditionObject.awaitNanos(AbstractQueuedSynchronizer.java:2078)
        at java.util.concurrent.ScheduledThreadPoolExecutor$DelayedWorkQueue.take(ScheduledThreadPoolExecutor.java:1093)
        at java.util.concurrent.ScheduledThreadPoolExecutor$DelayedWorkQueue.take(ScheduledThreadPoolExecutor.java:809)
        at java.util.concurrent.ThreadPoolExecutor.getTask(ThreadPoolExecutor.java:1074)
        at java.util.concurrent.ThreadPoolExecutor.runWorker(ThreadPoolExecutor.java:1134)
        at java.util.concurrent.ThreadPoolExecutor$Worker.run(ThreadPoolExecutor.java:624)
        at java.lang.Thread.run(Thread.java:748)
"pool-26-thread-24"  prio=5 tid=416 in Object.wait()
java.lang.Thread.State: WAITING (on object monitor)
        at sun.misc.Unsafe.park(Native Method)
        at java.util.concurrent.locks.LockSupport.park(LockSupport.java:175)
        at java.util.concurrent.locks.AbstractQueuedSynchronizer$ConditionObject.await(AbstractQueuedSynchronizer.java:2039)
        at java.util.concurrent.ArrayBlockingQueue.take(ArrayBlockingQueue.java:403)
        at java.util.concurrent.ThreadPoolExecutor.getTask(ThreadPoolExecutor.java:1074)
        at java.util.concurrent.ThreadPoolExecutor.runWorker(ThreadPoolExecutor.java:1134)
        at java.util.concurrent.ThreadPoolExecutor$Worker.run(ThreadPoolExecutor.java:624)
        at java.lang.Thread.run(Thread.java:748)
"pool-106-thread-27"  prio=5 tid=1006 in Object.wait()
java.lang.Thread.State: WAITING (on object monitor)
        at sun.misc.Unsafe.park(Native Method)
        at java.util.concurrent.locks.LockSupport.park(LockSupport.java:175)
        at java.util.concurrent.locks.AbstractQueuedSynchronizer$ConditionObject.await(AbstractQueuedSynchronizer.java:2039)
        at java.util.concurrent.ArrayBlockingQueue.take(ArrayBlockingQueue.java:403)
        at java.util.concurrent.ThreadPoolExecutor.getTask(ThreadPoolExecutor.java:1074)
        at java.util.concurrent.ThreadPoolExecutor.runWorker(ThreadPoolExecutor.java:1134)
        at java.util.concurrent.ThreadPoolExecutor$Worker.run(ThreadPoolExecutor.java:624)
        at java.lang.Thread.run(Thread.java:748)
"pool-86-thread-2"  prio=5 tid=820 in Object.wait()
java.lang.Thread.State: WAITING (on object monitor)
        at sun.misc.Unsafe.park(Native Method)
        at java.util.concurrent.locks.LockSupport.park(LockSupport.java:175)
        at java.util.concurrent.locks.AbstractQueuedSynchronizer$ConditionObject.await(AbstractQueuedSynchronizer.java:2039)
        at java.util.concurrent.ArrayBlockingQueue.take(ArrayBlockingQueue.java:403)
        at java.util.concurrent.ThreadPoolExecutor.getTask(ThreadPoolExecutor.java:1074)
        at java.util.concurrent.ThreadPoolExecutor.runWorker(ThreadPoolExecutor.java:1134)
        at java.util.concurrent.ThreadPoolExecutor$Worker.run(ThreadPoolExecutor.java:624)
        at java.lang.Thread.run(Thread.java:748)
"qtp318555935-187-acceptor-0@460aa329-ServerConnector@467b684d{HTTP/1.1,[http/1.1]}{0.0.0.0:41382}" daemon prio=3 tid=187 runnable
java.lang.Thread.State: RUNNABLE
        at sun.nio.ch.ServerSocketChannelImpl.accept0(Native Method)
        at sun.nio.ch.ServerSocketChannelImpl.accept(ServerSocketChannelImpl.java:422)
        at sun.nio.ch.ServerSocketChannelImpl.accept(ServerSocketChannelImpl.java:250)
        at org.eclipse.jetty.server.ServerConnector.accept(ServerConnector.java:397)
        at org.eclipse.jetty.server.AbstractConnector$Acceptor.run(AbstractConnector.java:601)
        at org.eclipse.jetty.util.thread.QueuedThreadPool.runJob(QueuedThreadPool.java:671)
        at org.eclipse.jetty.util.thread.QueuedThreadPool$2.run(QueuedThreadPool.java:589)
        at java.lang.Thread.run(Thread.java:748)
"pool-96-thread-45"  prio=5 tid=927 in Object.wait()
java.lang.Thread.State: WAITING (on object monitor)
        at sun.misc.Unsafe.park(Native Method)
        at java.util.concurrent.locks.LockSupport.park(LockSupport.java:175)
        at java.util.concurrent.locks.AbstractQueuedSynchronizer$ConditionObject.await(AbstractQueuedSynchronizer.java:2039)
        at java.util.concurrent.ArrayBlockingQueue.take(ArrayBlockingQueue.java:403)
        at java.util.concurrent.ThreadPoolExecutor.getTask(ThreadPoolExecutor.java:1074)
        at java.util.concurrent.ThreadPoolExecutor.runWorker(ThreadPoolExecutor.java:1134)
        at java.util.concurrent.ThreadPoolExecutor$Worker.run(ThreadPoolExecutor.java:624)
        at java.lang.Thread.run(Thread.java:748)
"IPC Parameter Sending Thread #0" daemon prio=5 tid=105 timed_waiting
java.lang.Thread.State: TIMED_WAITING
        at sun.misc.Unsafe.park(Native Method)
        at java.util.concurrent.locks.LockSupport.parkNanos(LockSupport.java:215)
        at java.util.concurrent.SynchronousQueue$TransferStack.awaitFulfill(SynchronousQueue.java:460)
        at java.util.concurrent.SynchronousQueue$TransferStack.transfer(SynchronousQueue.java:362)
        at java.util.concurrent.SynchronousQueue.poll(SynchronousQueue.java:941)
        at java.util.concurrent.ThreadPoolExecutor.getTask(ThreadPoolExecutor.java:1073)
        at java.util.concurrent.ThreadPoolExecutor.runWorker(ThreadPoolExecutor.java:1134)
        at java.util.concurrent.ThreadPoolExecutor$Worker.run(ThreadPoolExecutor.java:624)
        at java.lang.Thread.run(Thread.java:748)
"pool-76-thread-23"  prio=5 tid=769 in Object.wait()
java.lang.Thread.State: WAITING (on object monitor)
        at sun.misc.Unsafe.park(Native Method)
        at java.util.concurrent.locks.LockSupport.park(LockSupport.java:175)
        at java.util.concurrent.locks.AbstractQueuedSynchronizer$ConditionObject.await(AbstractQueuedSynchronizer.java:2039)
        at java.util.concurrent.ArrayBlockingQueue.take(ArrayBlockingQueue.java:403)
        at java.util.concurrent.ThreadPoolExecutor.getTask(ThreadPoolExecutor.java:1074)
        at java.util.concurrent.ThreadPoolExecutor.runWorker(ThreadPoolExecutor.java:1134)
        at java.util.concurrent.ThreadPoolExecutor$Worker.run(ThreadPoolExecutor.java:624)
        at java.lang.Thread.run(Thread.java:748)
"qtp549049813-270" daemon prio=5 tid=270 timed_waiting
java.lang.Thread.State: TIMED_WAITING
        at sun.misc.Unsafe.park(Native Method)
        at java.util.concurrent.locks.LockSupport.parkNanos(LockSupport.java:215)
        at java.util.concurrent.locks.AbstractQueuedSynchronizer$ConditionObject.awaitNanos(AbstractQueuedSynchronizer.java:2078)
        at org.eclipse.jetty.util.BlockingArrayQueue.poll(BlockingArrayQueue.java:392)
        at org.eclipse.jetty.util.thread.QueuedThreadPool.idleJobPoll(QueuedThreadPool.java:563)
        at org.eclipse.jetty.util.thread.QueuedThreadPool.access$800(QueuedThreadPool.java:48)
        at org.eclipse.jetty.util.thread.QueuedThreadPool$2.run(QueuedThreadPool.java:626)
        at java.lang.Thread.run(Thread.java:748)
"pool-36-thread-1"  prio=5 tid=332 in Object.wait()
java.lang.Thread.State: WAITING (on object monitor)
        at sun.misc.Unsafe.park(Native Method)
        at java.util.concurrent.locks.LockSupport.park(LockSupport.java:175)
        at java.util.concurrent.locks.AbstractQueuedSynchronizer$ConditionObject.await(AbstractQueuedSynchronizer.java:2039)
        at java.util.concurrent.ArrayBlockingQueue.take(ArrayBlockingQueue.java:403)
        at java.util.concurrent.ThreadPoolExecutor.getTask(ThreadPoolExecutor.java:1074)
        at java.util.concurrent.ThreadPoolExecutor.runWorker(ThreadPoolExecutor.java:1134)
        at java.util.concurrent.ThreadPoolExecutor$Worker.run(ThreadPoolExecutor.java:624)
        at java.lang.Thread.run(Thread.java:748)
"Datanode State Machine Thread - 0" daemon prio=5 tid=727 timed_waiting
java.lang.Thread.State: TIMED_WAITING
        at java.lang.Thread.sleep(Native Method)
        at org.apache.hadoop.ozone.container.common.statemachine.DatanodeStateMachine.start(DatanodeStateMachine.java:191)
        at org.apache.hadoop.ozone.container.common.statemachine.DatanodeStateMachine.lambda$startDaemon$0(DatanodeStateMachine.java:349)
        at org.apache.hadoop.ozone.container.common.statemachine.DatanodeStateMachine$$Lambda$140/939829672.run(Unknown Source)
        at java.lang.Thread.run(Thread.java:748)
"pool-36-thread-32"  prio=5 tid=482 in Object.wait()
java.lang.Thread.State: WAITING (on object monitor)
        at sun.misc.Unsafe.park(Native Method)
        at java.util.concurrent.locks.LockSupport.park(LockSupport.java:175)
        at java.util.concurrent.locks.AbstractQueuedSynchronizer$ConditionObject.await(AbstractQueuedSynchronizer.java:2039)
        at java.util.concurrent.ArrayBlockingQueue.take(ArrayBlockingQueue.java:403)
        at java.util.concurrent.ThreadPoolExecutor.getTask(ThreadPoolExecutor.java:1074)
        at java.util.concurrent.ThreadPoolExecutor.runWorker(ThreadPoolExecutor.java:1134)
        at java.util.concurrent.ThreadPoolExecutor$Worker.run(ThreadPoolExecutor.java:624)
        at java.lang.Thread.run(Thread.java:748)
"pool-121-thread-1"  prio=5 tid=715 timed_waiting
java.lang.Thread.State: TIMED_WAITING
        at sun.misc.Unsafe.park(Native Method)
        at java.util.concurrent.locks.LockSupport.parkNanos(LockSupport.java:215)
        at java.util.concurrent.locks.AbstractQueuedSynchronizer$ConditionObject.awaitNanos(AbstractQueuedSynchronizer.java:2078)
        at java.util.concurrent.ScheduledThreadPoolExecutor$DelayedWorkQueue.take(ScheduledThreadPoolExecutor.java:1093)
        at java.util.concurrent.ScheduledThreadPoolExecutor$DelayedWorkQueue.take(ScheduledThreadPoolExecutor.java:809)
        at java.util.concurrent.ThreadPoolExecutor.getTask(ThreadPoolExecutor.java:1074)
        at java.util.concurrent.ThreadPoolExecutor.runWorker(ThreadPoolExecutor.java:1134)
        at java.util.concurrent.ThreadPoolExecutor$Worker.run(ThreadPoolExecutor.java:624)
        at java.lang.Thread.run(Thread.java:748)
"pool-36-thread-46"  prio=5 tid=542 in Object.wait()
java.lang.Thread.State: WAITING (on object monitor)
        at sun.misc.Unsafe.park(Native Method)
        at java.util.concurrent.locks.LockSupport.park(LockSupport.java:175)
        at java.util.concurrent.locks.AbstractQueuedSynchronizer$ConditionObject.await(AbstractQueuedSynchronizer.java:2039)
        at java.util.concurrent.ArrayBlockingQueue.take(ArrayBlockingQueue.java:403)
        at java.util.concurrent.ThreadPoolExecutor.getTask(ThreadPoolExecutor.java:1074)
        at java.util.concurrent.ThreadPoolExecutor.runWorker(ThreadPoolExecutor.java:1134)
        at java.util.concurrent.ThreadPoolExecutor$Worker.run(ThreadPoolExecutor.java:624)
        at java.lang.Thread.run(Thread.java:748)
"pool-106-thread-48"  prio=5 tid=1027 in Object.wait()
java.lang.Thread.State: WAITING (on object monitor)
        at sun.misc.Unsafe.park(Native Method)
        at java.util.concurrent.locks.LockSupport.park(LockSupport.java:175)
        at java.util.concurrent.locks.AbstractQueuedSynchronizer$ConditionObject.await(AbstractQueuedSynchronizer.java:2039)
        at java.util.concurrent.ArrayBlockingQueue.take(ArrayBlockingQueue.java:403)
        at java.util.concurrent.ThreadPoolExecutor.getTask(ThreadPoolExecutor.java:1074)
        at java.util.concurrent.ThreadPoolExecutor.runWorker(ThreadPoolExecutor.java:1134)
        at java.util.concurrent.ThreadPoolExecutor$Worker.run(ThreadPoolExecutor.java:624)
        at java.lang.Thread.run(Thread.java:748)
"pool-106-thread-8"  prio=5 tid=987 in Object.wait()
java.lang.Thread.State: WAITING (on object monitor)
        at sun.misc.Unsafe.park(Native Method)
        at java.util.concurrent.locks.LockSupport.park(LockSupport.java:175)
        at java.util.concurrent.locks.AbstractQueuedSynchronizer$ConditionObject.await(AbstractQueuedSynchronizer.java:2039)
        at java.util.concurrent.ArrayBlockingQueue.take(ArrayBlockingQueue.java:403)
        at java.util.concurrent.ThreadPoolExecutor.getTask(ThreadPoolExecutor.java:1074)
        at java.util.concurrent.ThreadPoolExecutor.runWorker(ThreadPoolExecutor.java:1134)
        at java.util.concurrent.ThreadPoolExecutor$Worker.run(ThreadPoolExecutor.java:624)
        at java.lang.Thread.run(Thread.java:748)
"IPC Server handler 8 on 39235" daemon prio=5 tid=37 timed_waiting
java.lang.Thread.State: TIMED_WAITING
        at sun.misc.Unsafe.park(Native Method)
        at java.util.concurrent.locks.LockSupport.parkNanos(LockSupport.java:215)
        at java.util.concurrent.locks.AbstractQueuedSynchronizer$ConditionObject.awaitNanos(AbstractQueuedSynchronizer.java:2078)
        at java.util.concurrent.LinkedBlockingQueue.poll(LinkedBlockingQueue.java:467)
        at org.apache.hadoop.ipc.CallQueueManager.take(CallQueueManager.java:288)
        at org.apache.hadoop.ipc.Server$Handler.run(Server.java:2668)
"pool-76-thread-53"  prio=5 tid=799 in Object.wait()
java.lang.Thread.State: WAITING (on object monitor)
        at sun.misc.Unsafe.park(Native Method)
        at java.util.concurrent.locks.LockSupport.park(LockSupport.java:175)
        at java.util.concurrent.locks.AbstractQueuedSynchronizer$ConditionObject.await(AbstractQueuedSynchronizer.java:2039)
        at java.util.concurrent.ArrayBlockingQueue.take(ArrayBlockingQueue.java:403)
        at java.util.concurrent.ThreadPoolExecutor.getTask(ThreadPoolExecutor.java:1074)
        at java.util.concurrent.ThreadPoolExecutor.runWorker(ThreadPoolExecutor.java:1134)
        at java.util.concurrent.ThreadPoolExecutor$Worker.run(ThreadPoolExecutor.java:624)
        at java.lang.Thread.run(Thread.java:748)
"pool-76-thread-7"  prio=5 tid=753 in Object.wait()
java.lang.Thread.State: WAITING (on object monitor)
        at sun.misc.Unsafe.park(Native Method)
        at java.util.concurrent.locks.LockSupport.park(LockSupport.java:175)
        at java.util.concurrent.locks.AbstractQueuedSynchronizer$ConditionObject.await(AbstractQueuedSynchronizer.java:2039)
        at java.util.concurrent.ArrayBlockingQueue.take(ArrayBlockingQueue.java:403)
        at java.util.concurrent.ThreadPoolExecutor.getTask(ThreadPoolExecutor.java:1074)
        at java.util.concurrent.ThreadPoolExecutor.runWorker(ThreadPoolExecutor.java:1134)
        at java.util.concurrent.ThreadPoolExecutor$Worker.run(ThreadPoolExecutor.java:624)
        at java.lang.Thread.run(Thread.java:748)
"metrics-hadoop-metrics2-reporter-49-thread-1" daemon prio=5 tid=1216 timed_waiting
java.lang.Thread.State: TIMED_WAITING
        at sun.misc.Unsafe.park(Native Method)
        at java.util.concurrent.locks.LockSupport.parkNanos(LockSupport.java:215)
        at java.util.concurrent.locks.AbstractQueuedSynchronizer$ConditionObject.awaitNanos(AbstractQueuedSynchronizer.java:2078)
        at java.util.concurrent.ScheduledThreadPoolExecutor$DelayedWorkQueue.take(ScheduledThreadPoolExecutor.java:1093)
        at java.util.concurrent.ScheduledThreadPoolExecutor$DelayedWorkQueue.take(ScheduledThreadPoolExecutor.java:809)
        at java.util.concurrent.ThreadPoolExecutor.getTask(ThreadPoolExecutor.java:1074)
        at java.util.concurrent.ThreadPoolExecutor.runWorker(ThreadPoolExecutor.java:1134)
        at java.util.concurrent.ThreadPoolExecutor$Worker.run(ThreadPoolExecutor.java:624)
        at java.lang.Thread.run(Thread.java:748)
"BlockDeletingService#1" daemon prio=5 tid=1122 in Object.wait()
java.lang.Thread.State: WAITING (on object monitor)
        at sun.misc.Unsafe.park(Native Method)
        at java.util.concurrent.locks.LockSupport.park(LockSupport.java:175)
        at java.util.concurrent.locks.AbstractQueuedSynchronizer$ConditionObject.await(AbstractQueuedSynchronizer.java:2039)
        at java.util.concurrent.ScheduledThreadPoolExecutor$DelayedWorkQueue.take(ScheduledThreadPoolExecutor.java:1088)
        at java.util.concurrent.ScheduledThreadPoolExecutor$DelayedWorkQueue.take(ScheduledThreadPoolExecutor.java:809)
        at java.util.concurrent.ThreadPoolExecutor.getTask(ThreadPoolExecutor.java:1074)
        at java.util.concurrent.ThreadPoolExecutor.runWorker(ThreadPoolExecutor.java:1134)
        at java.util.concurrent.ThreadPoolExecutor$Worker.run(ThreadPoolExecutor.java:624)
        at java.lang.Thread.run(Thread.java:748)
"pool-76-thread-4"  prio=5 tid=750 in Object.wait()
java.lang.Thread.State: WAITING (on object monitor)
        at sun.misc.Unsafe.park(Native Method)
        at java.util.concurrent.locks.LockSupport.park(LockSupport.java:175)
        at java.util.concurrent.locks.AbstractQueuedSynchronizer$ConditionObject.await(AbstractQueuedSynchronizer.java:2039)
        at java.util.concurrent.ArrayBlockingQueue.take(ArrayBlockingQueue.java:403)
        at java.util.concurrent.ThreadPoolExecutor.getTask(ThreadPoolExecutor.java:1074)
        at java.util.concurrent.ThreadPoolExecutor.runWorker(ThreadPoolExecutor.java:1134)
        at java.util.concurrent.ThreadPoolExecutor$Worker.run(ThreadPoolExecutor.java:624)
        at java.lang.Thread.run(Thread.java:748)
"pool-66-thread-36"  prio=5 tid=677 in Object.wait()
java.lang.Thread.State: WAITING (on object monitor)
        at sun.misc.Unsafe.park(Native Method)
        at java.util.concurrent.locks.LockSupport.park(LockSupport.java:175)
        at java.util.concurrent.locks.AbstractQueuedSynchronizer$ConditionObject.await(AbstractQueuedSynchronizer.java:2039)
        at java.util.concurrent.ArrayBlockingQueue.take(ArrayBlockingQueue.java:403)
        at java.util.concurrent.ThreadPoolExecutor.getTask(ThreadPoolExecutor.java:1074)
        at java.util.concurrent.ThreadPoolExecutor.runWorker(ThreadPoolExecutor.java:1134)
        at java.util.concurrent.ThreadPoolExecutor$Worker.run(ThreadPoolExecutor.java:624)
        at java.lang.Thread.run(Thread.java:748)
"qtp318555935-193" daemon prio=5 tid=193 timed_waiting
java.lang.Thread.State: TIMED_WAITING
        at sun.misc.Unsafe.park(Native Method)
        at java.util.concurrent.locks.LockSupport.parkNanos(LockSupport.java:215)
        at java.util.concurrent.locks.AbstractQueuedSynchronizer$ConditionObject.awaitNanos(AbstractQueuedSynchronizer.java:2078)
        at org.eclipse.jetty.util.BlockingArrayQueue.poll(BlockingArrayQueue.java:392)
        at org.eclipse.jetty.util.thread.QueuedThreadPool.idleJobPoll(QueuedThreadPool.java:563)
        at org.eclipse.jetty.util.thread.QueuedThreadPool.access$800(QueuedThreadPool.java:48)
        at org.eclipse.jetty.util.thread.QueuedThreadPool$2.run(QueuedThreadPool.java:626)
        at java.lang.Thread.run(Thread.java:748)
"pool-76-thread-6"  prio=5 tid=752 in Object.wait()
java.lang.Thread.State: WAITING (on object monitor)
        at sun.misc.Unsafe.park(Native Method)
        at java.util.concurrent.locks.LockSupport.park(LockSupport.java:175)
        at java.util.concurrent.locks.AbstractQueuedSynchronizer$ConditionObject.await(AbstractQueuedSynchronizer.java:2039)
        at java.util.concurrent.ArrayBlockingQueue.take(ArrayBlockingQueue.java:403)
        at java.util.concurrent.ThreadPoolExecutor.getTask(ThreadPoolExecutor.java:1074)
        at java.util.concurrent.ThreadPoolExecutor.runWorker(ThreadPoolExecutor.java:1134)
        at java.util.concurrent.ThreadPoolExecutor$Worker.run(ThreadPoolExecutor.java:624)
        at java.lang.Thread.run(Thread.java:748)
"metrics-hadoop-metrics2-reporter-10-thread-1" daemon prio=5 tid=961 timed_waiting
java.lang.Thread.State: TIMED_WAITING
        at sun.misc.Unsafe.park(Native Method)
        at java.util.concurrent.locks.LockSupport.parkNanos(LockSupport.java:215)
        at java.util.concurrent.locks.AbstractQueuedSynchronizer$ConditionObject.awaitNanos(AbstractQueuedSynchronizer.java:2078)
        at java.util.concurrent.ScheduledThreadPoolExecutor$DelayedWorkQueue.take(ScheduledThreadPoolExecutor.java:1093)
        at java.util.concurrent.ScheduledThreadPoolExecutor$DelayedWorkQueue.take(ScheduledThreadPoolExecutor.java:809)
        at java.util.concurrent.ThreadPoolExecutor.getTask(ThreadPoolExecutor.java:1074)
        at java.util.concurrent.ThreadPoolExecutor.runWorker(ThreadPoolExecutor.java:1134)
        at java.util.concurrent.ThreadPoolExecutor$Worker.run(ThreadPoolExecutor.java:624)
        at java.lang.Thread.run(Thread.java:748)
"grpc-default-worker-ELG-3-2" daemon prio=5 tid=746 runnable
java.lang.Thread.State: RUNNABLE
        at sun.nio.ch.EPollArrayWrapper.epollWait(Native Method)
        at sun.nio.ch.EPollArrayWrapper.poll(EPollArrayWrapper.java:269)
        at sun.nio.ch.EPollSelectorImpl.doSelect(EPollSelectorImpl.java:93)
        at sun.nio.ch.SelectorImpl.lockAndDoSelect(SelectorImpl.java:86)
        at sun.nio.ch.SelectorImpl.select(SelectorImpl.java:97)
        at org.apache.ratis.thirdparty.io.netty.channel.nio.SelectedSelectionKeySetSelector.select(SelectedSelectionKeySetSelector.java:62)
        at org.apache.ratis.thirdparty.io.netty.channel.nio.NioEventLoop.select(NioEventLoop.java:753)
        at org.apache.ratis.thirdparty.io.netty.channel.nio.NioEventLoop.run(NioEventLoop.java:408)
        at org.apache.ratis.thirdparty.io.netty.util.concurrent.SingleThreadEventExecutor$5.run(SingleThreadEventExecutor.java:897)
        at org.apache.ratis.thirdparty.io.netty.util.concurrent.FastThreadLocalRunnable.run(FastThreadLocalRunnable.java:30)
        at java.lang.Thread.run(Thread.java:748)
"pool-26-thread-30"  prio=5 tid=440 in Object.wait()
java.lang.Thread.State: WAITING (on object monitor)
        at sun.misc.Unsafe.park(Native Method)
        at java.util.concurrent.locks.LockSupport.park(LockSupport.java:175)
        at java.util.concurrent.locks.AbstractQueuedSynchronizer$ConditionObject.await(AbstractQueuedSynchronizer.java:2039)
        at java.util.concurrent.ArrayBlockingQueue.take(ArrayBlockingQueue.java:403)
        at java.util.concurrent.ThreadPoolExecutor.getTask(ThreadPoolExecutor.java:1074)
        at java.util.concurrent.ThreadPoolExecutor.runWorker(ThreadPoolExecutor.java:1134)
        at java.util.concurrent.ThreadPoolExecutor$Worker.run(ThreadPoolExecutor.java:624)
        at java.lang.Thread.run(Thread.java:748)
"6c42b2c0-be2d-45a9-9e22-a67f6ac9562e@group-01AE132E748A-StateMachineUpdater" daemon prio=5 tid=1183 in Object.wait()
java.lang.Thread.State: WAITING (on object monitor)
        at java.lang.Object.wait(Native Method)
        at java.lang.Object.wait(Object.java:502)
        at org.apache.ratis.server.impl.StateMachineUpdater.waitForCommit(StateMachineUpdater.java:194)
        at org.apache.ratis.server.impl.StateMachineUpdater.run(StateMachineUpdater.java:159)
        at java.lang.Thread.run(Thread.java:748)
"pool-86-thread-45"  prio=5 tid=863 in Object.wait()
java.lang.Thread.State: WAITING (on object monitor)
        at sun.misc.Unsafe.park(Native Method)
        at java.util.concurrent.locks.LockSupport.park(LockSupport.java:175)
        at java.util.concurrent.locks.AbstractQueuedSynchronizer$ConditionObject.await(AbstractQueuedSynchronizer.java:2039)
        at java.util.concurrent.ArrayBlockingQueue.take(ArrayBlockingQueue.java:403)
        at java.util.concurrent.ThreadPoolExecutor.getTask(ThreadPoolExecutor.java:1074)
        at java.util.concurrent.ThreadPoolExecutor.runWorker(ThreadPoolExecutor.java:1134)
        at java.util.concurrent.ThreadPoolExecutor$Worker.run(ThreadPoolExecutor.java:624)
        at java.lang.Thread.run(Thread.java:748)
"Socket Reader #1 for port 40878"  prio=5 tid=19 runnable
java.lang.Thread.State: RUNNABLE
        at sun.nio.ch.EPollArrayWrapper.epollWait(Native Method)
        at sun.nio.ch.EPollArrayWrapper.poll(EPollArrayWrapper.java:269)
        at sun.nio.ch.EPollSelectorImpl.doSelect(EPollSelectorImpl.java:93)
        at sun.nio.ch.SelectorImpl.lockAndDoSelect(SelectorImpl.java:86)
        at sun.nio.ch.SelectorImpl.select(SelectorImpl.java:97)
        at sun.nio.ch.SelectorImpl.select(SelectorImpl.java:101)
        at org.apache.hadoop.ipc.Server$Listener$Reader.doRunLoop(Server.java:1097)
        at org.apache.hadoop.ipc.Server$Listener$Reader.run(Server.java:1076)
"pool-66-thread-16"  prio=5 tid=653 in Object.wait()
java.lang.Thread.State: WAITING (on object monitor)
        at sun.misc.Unsafe.park(Native Method)
        at java.util.concurrent.locks.LockSupport.park(LockSupport.java:175)
        at java.util.concurrent.locks.AbstractQueuedSynchronizer$ConditionObject.await(AbstractQueuedSynchronizer.java:2039)
        at java.util.concurrent.ArrayBlockingQueue.take(ArrayBlockingQueue.java:403)
        at java.util.concurrent.ThreadPoolExecutor.getTask(ThreadPoolExecutor.java:1074)
        at java.util.concurrent.ThreadPoolExecutor.runWorker(ThreadPoolExecutor.java:1134)
        at java.util.concurrent.ThreadPoolExecutor$Worker.run(ThreadPoolExecutor.java:624)
        at java.lang.Thread.run(Thread.java:748)
"org.apache.hadoop.util.JvmPauseMonitor$Monitor@13ad032b" daemon prio=5 tid=284 timed_waiting
java.lang.Thread.State: TIMED_WAITING
        at java.lang.Thread.sleep(Native Method)
        at org.apache.hadoop.util.JvmPauseMonitor$Monitor.run(JvmPauseMonitor.java:192)
        at java.lang.Thread.run(Thread.java:748)
"metrics-hadoop-metrics2-reporter-56-thread-1" daemon prio=5 tid=1268 timed_waiting
java.lang.Thread.State: TIMED_WAITING
        at sun.misc.Unsafe.park(Native Method)
        at java.util.concurrent.locks.LockSupport.parkNanos(LockSupport.java:215)
        at java.util.concurrent.locks.AbstractQueuedSynchronizer$ConditionObject.awaitNanos(AbstractQueuedSynchronizer.java:2078)
        at java.util.concurrent.ScheduledThreadPoolExecutor$DelayedWorkQueue.take(ScheduledThreadPoolExecutor.java:1093)
        at java.util.concurrent.ScheduledThreadPoolExecutor$DelayedWorkQueue.take(ScheduledThreadPoolExecutor.java:809)
        at java.util.concurrent.ThreadPoolExecutor.getTask(ThreadPoolExecutor.java:1074)
        at java.util.concurrent.ThreadPoolExecutor.runWorker(ThreadPoolExecutor.java:1134)
        at java.util.concurrent.ThreadPoolExecutor$Worker.run(ThreadPoolExecutor.java:624)
        at java.lang.Thread.run(Thread.java:748)
"pool-96-thread-10"  prio=5 tid=892 in Object.wait()
java.lang.Thread.State: WAITING (on object monitor)
        at sun.misc.Unsafe.park(Native Method)
        at java.util.concurrent.locks.LockSupport.park(LockSupport.java:175)
        at java.util.concurrent.locks.AbstractQueuedSynchronizer$ConditionObject.await(AbstractQueuedSynchronizer.java:2039)
        at java.util.concurrent.ArrayBlockingQueue.take(ArrayBlockingQueue.java:403)
        at java.util.concurrent.ThreadPoolExecutor.getTask(ThreadPoolExecutor.java:1074)
        at java.util.concurrent.ThreadPoolExecutor.runWorker(ThreadPoolExecutor.java:1134)
        at java.util.concurrent.ThreadPoolExecutor$Worker.run(ThreadPoolExecutor.java:624)
        at java.lang.Thread.run(Thread.java:748)
"qtp1987707214-159" daemon prio=5 tid=159 runnable
java.lang.Thread.State: RUNNABLE
        at sun.nio.ch.EPollArrayWrapper.epollWait(Native Method)
        at sun.nio.ch.EPollArrayWrapper.poll(EPollArrayWrapper.java:269)
        at sun.nio.ch.EPollSelectorImpl.doSelect(EPollSelectorImpl.java:93)
        at sun.nio.ch.SelectorImpl.lockAndDoSelect(SelectorImpl.java:86)
        at sun.nio.ch.SelectorImpl.select(SelectorImpl.java:97)
        at sun.nio.ch.SelectorImpl.select(SelectorImpl.java:101)
        at org.eclipse.jetty.io.ManagedSelector$SelectorProducer.select(ManagedSelector.java:243)
        at org.eclipse.jetty.io.ManagedSelector$SelectorProducer.produce(ManagedSelector.java:191)
        at org.eclipse.jetty.util.thread.strategy.ExecuteProduceConsume.executeProduceConsume(ExecuteProduceConsume.java:249)
        at org.eclipse.jetty.util.thread.strategy.ExecuteProduceConsume.produceConsume(ExecuteProduceConsume.java:148)
        at org.eclipse.jetty.util.thread.strategy.ExecuteProduceConsume.execute(ExecuteProduceConsume.java:100)
        at org.eclipse.jetty.io.ManagedSelector.run(ManagedSelector.java:147)
        at org.eclipse.jetty.util.thread.QueuedThreadPool.runJob(QueuedThreadPool.java:671)
        at org.eclipse.jetty.util.thread.QueuedThreadPool$2.run(QueuedThreadPool.java:589)
        at java.lang.Thread.run(Thread.java:748)
"refreshUsed-/workdir/hadoop-ozone/integration-test/target/test-dir/MiniOzoneClusterImpl-fc727f2e-e877-4159-90ff-4473a18561dc/datanode-2/data/containers" daemon prio=5 tid=208 timed_waiting
java.lang.Thread.State: TIMED_WAITING
        at java.lang.Thread.sleep(Native Method)
        at org.apache.hadoop.fs.CachingGetSpaceUsed$RefreshThread.run(CachingGetSpaceUsed.java:179)
        at java.lang.Thread.run(Thread.java:748)
"pool-66-thread-55"  prio=5 tid=700 in Object.wait()
java.lang.Thread.State: WAITING (on object monitor)
        at sun.misc.Unsafe.park(Native Method)
        at java.util.concurrent.locks.LockSupport.park(LockSupport.java:175)
        at java.util.concurrent.locks.AbstractQueuedSynchronizer$ConditionObject.await(AbstractQueuedSynchronizer.java:2039)
        at java.util.concurrent.ArrayBlockingQueue.take(ArrayBlockingQueue.java:403)
        at java.util.concurrent.ThreadPoolExecutor.getTask(ThreadPoolExecutor.java:1074)
        at java.util.concurrent.ThreadPoolExecutor.runWorker(ThreadPoolExecutor.java:1134)
        at java.util.concurrent.ThreadPoolExecutor$Worker.run(ThreadPoolExecutor.java:624)
        at java.lang.Thread.run(Thread.java:748)
"pool-117-thread-18"  prio=5 tid=1077 in Object.wait()
java.lang.Thread.State: WAITING (on object monitor)
        at sun.misc.Unsafe.park(Native Method)
        at java.util.concurrent.locks.LockSupport.park(LockSupport.java:175)
        at java.util.concurrent.locks.AbstractQueuedSynchronizer$ConditionObject.await(AbstractQueuedSynchronizer.java:2039)
        at java.util.concurrent.ArrayBlockingQueue.take(ArrayBlockingQueue.java:403)
        at java.util.concurrent.ThreadPoolExecutor.getTask(ThreadPoolExecutor.java:1074)
        at java.util.concurrent.ThreadPoolExecutor.runWorker(ThreadPoolExecutor.java:1134)
        at java.util.concurrent.ThreadPoolExecutor$Worker.run(ThreadPoolExecutor.java:624)
        at java.lang.Thread.run(Thread.java:748)
"RatisApplyTransactionExecutor 1" daemon prio=5 tid=1254 in Object.wait()
java.lang.Thread.State: WAITING (on object monitor)
        at sun.misc.Unsafe.park(Native Method)
        at java.util.concurrent.locks.LockSupport.park(LockSupport.java:175)
        at java.util.concurrent.locks.AbstractQueuedSynchronizer$ConditionObject.await(AbstractQueuedSynchronizer.java:2039)
        at java.util.concurrent.LinkedBlockingQueue.take(LinkedBlockingQueue.java:442)
        at java.util.concurrent.ThreadPoolExecutor.getTask(ThreadPoolExecutor.java:1074)
        at java.util.concurrent.ThreadPoolExecutor.runWorker(ThreadPoolExecutor.java:1134)
        at java.util.concurrent.ThreadPoolExecutor$Worker.run(ThreadPoolExecutor.java:624)
        at java.lang.Thread.run(Thread.java:748)
"pool-46-thread-46"  prio=5 tid=541 in Object.wait()
java.lang.Thread.State: WAITING (on object monitor)
        at sun.misc.Unsafe.park(Native Method)
        at java.util.concurrent.locks.LockSupport.park(LockSupport.java:175)
        at java.util.concurrent.locks.AbstractQueuedSynchronizer$ConditionObject.await(AbstractQueuedSynchronizer.java:2039)
        at java.util.concurrent.ArrayBlockingQueue.take(ArrayBlockingQueue.java:403)
        at java.util.concurrent.ThreadPoolExecutor.getTask(ThreadPoolExecutor.java:1074)
        at java.util.concurrent.ThreadPoolExecutor.runWorker(ThreadPoolExecutor.java:1134)
        at java.util.concurrent.ThreadPoolExecutor$Worker.run(ThreadPoolExecutor.java:624)
        at java.lang.Thread.run(Thread.java:748)
"surefire-forkedjvm-command-thread" daemon prio=5 tid=8 runnable
java.lang.Thread.State: RUNNABLE
        at java.io.FileInputStream.readBytes(Native Method)
        at java.io.FileInputStream.read(FileInputStream.java:255)
        at java.io.BufferedInputStream.fill(BufferedInputStream.java:246)
        at java.io.BufferedInputStream.read(BufferedInputStream.java:265)
        at java.io.DataInputStream.readInt(DataInputStream.java:387)
        at org.apache.maven.surefire.booter.MasterProcessCommand.decode(MasterProcessCommand.java:115)
        at org.apache.maven.surefire.booter.CommandReader$CommandRunnable.run(CommandReader.java:390)
        at java.lang.Thread.run(Thread.java:748)
"metrics-hadoop-metrics2-reporter-40-thread-1" daemon prio=5 tid=1173 timed_waiting
java.lang.Thread.State: TIMED_WAITING
        at sun.misc.Unsafe.park(Native Method)
        at java.util.concurrent.locks.LockSupport.parkNanos(LockSupport.java:215)
        at java.util.concurrent.locks.AbstractQueuedSynchronizer$ConditionObject.awaitNanos(AbstractQueuedSynchronizer.java:2078)
        at java.util.concurrent.ScheduledThreadPoolExecutor$DelayedWorkQueue.take(ScheduledThreadPoolExecutor.java:1093)
        at java.util.concurrent.ScheduledThreadPoolExecutor$DelayedWorkQueue.take(ScheduledThreadPoolExecutor.java:809)
        at java.util.concurrent.ThreadPoolExecutor.getTask(ThreadPoolExecutor.java:1074)
        at java.util.concurrent.ThreadPoolExecutor.runWorker(ThreadPoolExecutor.java:1134)
        at java.util.concurrent.ThreadPoolExecutor$Worker.run(ThreadPoolExecutor.java:624)
        at java.lang.Thread.run(Thread.java:748)
"IPC Server handler 14 on 40878" daemon prio=5 tid=63 timed_waiting
java.lang.Thread.State: TIMED_WAITING
        at sun.misc.Unsafe.park(Native Method)
        at java.util.concurrent.locks.LockSupport.parkNanos(LockSupport.java:215)
        at java.util.concurrent.locks.AbstractQueuedSynchronizer$ConditionObject.awaitNanos(AbstractQueuedSynchronizer.java:2078)
        at java.util.concurrent.LinkedBlockingQueue.poll(LinkedBlockingQueue.java:467)
        at org.apache.hadoop.ipc.CallQueueManager.take(CallQueueManager.java:288)
        at org.apache.hadoop.ipc.Server$Handler.run(Server.java:2668)
"qtp856047451-625" daemon prio=5 tid=625 timed_waiting
java.lang.Thread.State: TIMED_WAITING
        at sun.misc.Unsafe.park(Native Method)
        at java.util.concurrent.locks.LockSupport.parkNanos(LockSupport.java:215)
        at java.util.concurrent.locks.AbstractQueuedSynchronizer$ConditionObject.awaitNanos(AbstractQueuedSynchronizer.java:2078)
        at org.eclipse.jetty.util.BlockingArrayQueue.poll(BlockingArrayQueue.java:392)
        at org.eclipse.jetty.util.thread.QueuedThreadPool.idleJobPoll(QueuedThreadPool.java:563)
        at org.eclipse.jetty.util.thread.QueuedThreadPool.access$800(QueuedThreadPool.java:48)
        at org.eclipse.jetty.util.thread.QueuedThreadPool$2.run(QueuedThreadPool.java:626)
        at java.lang.Thread.run(Thread.java:748)
"pool-96-thread-15"  prio=5 tid=897 in Object.wait()
java.lang.Thread.State: WAITING (on object monitor)
        at sun.misc.Unsafe.park(Native Method)
        at java.util.concurrent.locks.LockSupport.park(LockSupport.java:175)
        at java.util.concurrent.locks.AbstractQueuedSynchronizer$ConditionObject.await(AbstractQueuedSynchronizer.java:2039)
        at java.util.concurrent.ArrayBlockingQueue.take(ArrayBlockingQueue.java:403)
        at java.util.concurrent.ThreadPoolExecutor.getTask(ThreadPoolExecutor.java:1074)
        at java.util.concurrent.ThreadPoolExecutor.runWorker(ThreadPoolExecutor.java:1134)
        at java.util.concurrent.ThreadPoolExecutor$Worker.run(ThreadPoolExecutor.java:624)
        at java.lang.Thread.run(Thread.java:748)
"pool-86-thread-55"  prio=5 tid=873 in Object.wait()
java.lang.Thread.State: WAITING (on object monitor)
        at sun.misc.Unsafe.park(Native Method)
        at java.util.concurrent.locks.LockSupport.park(LockSupport.java:175)
        at java.util.concurrent.locks.AbstractQueuedSynchronizer$ConditionObject.await(AbstractQueuedSynchronizer.java:2039)
        at java.util.concurrent.ArrayBlockingQueue.take(ArrayBlockingQueue.java:403)
        at java.util.concurrent.ThreadPoolExecutor.getTask(ThreadPoolExecutor.java:1074)
        at java.util.concurrent.ThreadPoolExecutor.runWorker(ThreadPoolExecutor.java:1134)
        at java.util.concurrent.ThreadPoolExecutor$Worker.run(ThreadPoolExecutor.java:624)
        at java.lang.Thread.run(Thread.java:748)
"java.util.concurrent.ThreadPoolExecutor$Worker@34c70b5e[State = -1, empty queue]" daemon prio=5 tid=1371 runnable
java.lang.Thread.State: RUNNABLE
        at java.util.concurrent.ScheduledThreadPoolExecutor$DelayedWorkQueue.poll(ScheduledThreadPoolExecutor.java:809)
        at java.util.concurrent.ThreadPoolExecutor.getTask(ThreadPoolExecutor.java:1073)
        at java.util.concurrent.ThreadPoolExecutor.runWorker(ThreadPoolExecutor.java:1134)
        at java.util.concurrent.ThreadPoolExecutor$Worker.run(ThreadPoolExecutor.java:624)
        at java.lang.Thread.run(Thread.java:748)
"pool-86-thread-23"  prio=5 tid=841 in Object.wait()
java.lang.Thread.State: WAITING (on object monitor)
        at sun.misc.Unsafe.park(Native Method)
        at java.util.concurrent.locks.LockSupport.park(LockSupport.java:175)
        at java.util.concurrent.locks.AbstractQueuedSynchronizer$ConditionObject.await(AbstractQueuedSynchronizer.java:2039)
        at java.util.concurrent.ArrayBlockingQueue.take(ArrayBlockingQueue.java:403)
        at java.util.concurrent.ThreadPoolExecutor.getTask(ThreadPoolExecutor.java:1074)
        at java.util.concurrent.ThreadPoolExecutor.runWorker(ThreadPoolExecutor.java:1134)
        at java.util.concurrent.ThreadPoolExecutor$Worker.run(ThreadPoolExecutor.java:624)
        at java.lang.Thread.run(Thread.java:748)
"pool-106-thread-18"  prio=5 tid=997 in Object.wait()
java.lang.Thread.State: WAITING (on object monitor)
        at sun.misc.Unsafe.park(Native Method)
        at java.util.concurrent.locks.LockSupport.park(LockSupport.java:175)
        at java.util.concurrent.locks.AbstractQueuedSynchronizer$ConditionObject.await(AbstractQueuedSynchronizer.java:2039)
        at java.util.concurrent.ArrayBlockingQueue.take(ArrayBlockingQueue.java:403)
        at java.util.concurrent.ThreadPoolExecutor.getTask(ThreadPoolExecutor.java:1074)
        at java.util.concurrent.ThreadPoolExecutor.runWorker(ThreadPoolExecutor.java:1134)
        at java.util.concurrent.ThreadPoolExecutor$Worker.run(ThreadPoolExecutor.java:624)
        at java.lang.Thread.run(Thread.java:748)
"pool-106-thread-29"  prio=5 tid=1008 in Object.wait()
java.lang.Thread.State: WAITING (on object monitor)
        at sun.misc.Unsafe.park(Native Method)
        at java.util.concurrent.locks.LockSupport.park(LockSupport.java:175)
        at java.util.concurrent.locks.AbstractQueuedSynchronizer$ConditionObject.await(AbstractQueuedSynchronizer.java:2039)
        at java.util.concurrent.ArrayBlockingQueue.take(ArrayBlockingQueue.java:403)
        at java.util.concurrent.ThreadPoolExecutor.getTask(ThreadPoolExecutor.java:1074)
        at java.util.concurrent.ThreadPoolExecutor.runWorker(ThreadPoolExecutor.java:1134)
        at java.util.concurrent.ThreadPoolExecutor$Worker.run(ThreadPoolExecutor.java:624)
        at java.lang.Thread.run(Thread.java:748)
"RatisApplyTransactionExecutor 4" daemon prio=5 tid=1372 runnable
java.lang.Thread.State: RUNNABLE
        at org.rocksdb.RocksDB.flushWal(Native Method)
        at org.rocksdb.RocksDB.flushWal(RocksDB.java:3412)
        at org.apache.hadoop.hdds.utils.RocksDBStore.flushDB(RocksDBStore.java:288)
        at org.apache.hadoop.ozone.container.keyvalue.KeyValueContainer.flushAndSyncDB(KeyValueContainer.java:385)
        at org.apache.hadoop.ozone.container.keyvalue.KeyValueContainer.close(KeyValueContainer.java:324)
        at org.apache.hadoop.ozone.container.keyvalue.KeyValueHandler.closeContainer(KeyValueHandler.java:1009)
        at org.apache.hadoop.ozone.container.keyvalue.KeyValueHandler.handleCloseContainer(KeyValueHandler.java:371)
        at org.apache.hadoop.ozone.container.keyvalue.KeyValueHandler.handle(KeyValueHandler.java:162)
        at org.apache.hadoop.ozone.container.common.impl.HddsDispatcher.dispatchRequest(HddsDispatcher.java:277)
        at org.apache.hadoop.ozone.container.common.impl.HddsDispatcher.dispatch(HddsDispatcher.java:150)
        at org.apache.hadoop.ozone.container.common.transport.server.ratis.ContainerStateMachine.dispatchCommand(ContainerStateMachine.java:413)
        at org.apache.hadoop.ozone.container.common.transport.server.ratis.ContainerStateMachine.runCommand(ContainerStateMachine.java:423)
        at org.apache.hadoop.ozone.container.common.transport.server.ratis.ContainerStateMachine.lambda$applyTransaction$6(ContainerStateMachine.java:737)
        at org.apache.hadoop.ozone.container.common.transport.server.ratis.ContainerStateMachine$$Lambda$663/324074021.get(Unknown Source)
        at java.util.concurrent.CompletableFuture$AsyncSupply.run(CompletableFuture.java:1590)
        at java.util.concurrent.ThreadPoolExecutor.runWorker(ThreadPoolExecutor.java:1149)
        at java.util.concurrent.ThreadPoolExecutor$Worker.run(ThreadPoolExecutor.java:624)
        at java.lang.Thread.run(Thread.java:748)
"pool-106-thread-5"  prio=5 tid=984 in Object.wait()
java.lang.Thread.State: WAITING (on object monitor)
        at sun.misc.Unsafe.park(Native Method)
        at java.util.concurrent.locks.LockSupport.park(LockSupport.java:175)
        at java.util.concurrent.locks.AbstractQueuedSynchronizer$ConditionObject.await(AbstractQueuedSynchronizer.java:2039)
        at java.util.concurrent.ArrayBlockingQueue.take(ArrayBlockingQueue.java:403)
        at java.util.concurrent.ThreadPoolExecutor.getTask(ThreadPoolExecutor.java:1074)
        at java.util.concurrent.ThreadPoolExecutor.runWorker(ThreadPoolExecutor.java:1134)
        at java.util.concurrent.ThreadPoolExecutor$Worker.run(ThreadPoolExecutor.java:624)
        at java.lang.Thread.run(Thread.java:748)
"qtp856047451-623" daemon prio=5 tid=623 timed_waiting
java.lang.Thread.State: TIMED_WAITING
        at sun.misc.Unsafe.park(Native Method)
        at java.util.concurrent.locks.LockSupport.parkNanos(LockSupport.java:215)
        at java.util.concurrent.locks.AbstractQueuedSynchronizer$ConditionObject.awaitNanos(AbstractQueuedSynchronizer.java:2078)
        at org.eclipse.jetty.util.BlockingArrayQueue.poll(BlockingArrayQueue.java:392)
        at org.eclipse.jetty.util.thread.QueuedThreadPool.idleJobPoll(QueuedThreadPool.java:563)
        at org.eclipse.jetty.util.thread.QueuedThreadPool.access$800(QueuedThreadPool.java:48)
        at org.eclipse.jetty.util.thread.QueuedThreadPool$2.run(QueuedThreadPool.java:626)
        at java.lang.Thread.run(Thread.java:748)
"pool-26-thread-47"  prio=5 tid=491 in Object.wait()
java.lang.Thread.State: WAITING (on object monitor)
        at sun.misc.Unsafe.park(Native Method)
        at java.util.concurrent.locks.LockSupport.park(LockSupport.java:175)
        at java.util.concurrent.locks.AbstractQueuedSynchronizer$ConditionObject.await(AbstractQueuedSynchronizer.java:2039)
        at java.util.concurrent.ArrayBlockingQueue.take(ArrayBlockingQueue.java:403)
        at java.util.concurrent.ThreadPoolExecutor.getTask(ThreadPoolExecutor.java:1074)
        at java.util.concurrent.ThreadPoolExecutor.runWorker(ThreadPoolExecutor.java:1134)
        at java.util.concurrent.ThreadPoolExecutor$Worker.run(ThreadPoolExecutor.java:624)
        at java.lang.Thread.run(Thread.java:748)
"pool-46-thread-29"  prio=5 tid=444 in Object.wait()
java.lang.Thread.State: WAITING (on object monitor)
        at sun.misc.Unsafe.park(Native Method)
        at java.util.concurrent.locks.LockSupport.park(LockSupport.java:175)
        at java.util.concurrent.locks.AbstractQueuedSynchronizer$ConditionObject.await(AbstractQueuedSynchronizer.java:2039)
        at java.util.concurrent.ArrayBlockingQueue.take(ArrayBlockingQueue.java:403)
        at java.util.concurrent.ThreadPoolExecutor.getTask(ThreadPoolExecutor.java:1074)
        at java.util.concurrent.ThreadPoolExecutor.runWorker(ThreadPoolExecutor.java:1134)
        at java.util.concurrent.ThreadPoolExecutor$Worker.run(ThreadPoolExecutor.java:624)
        at java.lang.Thread.run(Thread.java:748)
"qtp318555935-191" daemon prio=5 tid=191 timed_waiting
java.lang.Thread.State: TIMED_WAITING
        at sun.misc.Unsafe.park(Native Method)
        at java.util.concurrent.locks.LockSupport.parkNanos(LockSupport.java:215)
        at java.util.concurrent.locks.AbstractQueuedSynchronizer$ConditionObject.awaitNanos(AbstractQueuedSynchronizer.java:2078)
        at org.eclipse.jetty.util.BlockingArrayQueue.poll(BlockingArrayQueue.java:392)
        at org.eclipse.jetty.util.thread.QueuedThreadPool.idleJobPoll(QueuedThreadPool.java:563)
        at org.eclipse.jetty.util.thread.QueuedThreadPool.access$800(QueuedThreadPool.java:48)
        at org.eclipse.jetty.util.thread.QueuedThreadPool$2.run(QueuedThreadPool.java:626)
        at java.lang.Thread.run(Thread.java:748)
"pool-46-thread-8"  prio=5 tid=341 in Object.wait()
java.lang.Thread.State: WAITING (on object monitor)
        at sun.misc.Unsafe.park(Native Method)
        at java.util.concurrent.locks.LockSupport.park(LockSupport.java:175)
        at java.util.concurrent.locks.AbstractQueuedSynchronizer$ConditionObject.await(AbstractQueuedSynchronizer.java:2039)
        at java.util.concurrent.ArrayBlockingQueue.take(ArrayBlockingQueue.java:403)
        at java.util.concurrent.ThreadPoolExecutor.getTask(ThreadPoolExecutor.java:1074)
        at java.util.concurrent.ThreadPoolExecutor.runWorker(ThreadPoolExecutor.java:1134)
        at java.util.concurrent.ThreadPoolExecutor$Worker.run(ThreadPoolExecutor.java:624)
        at java.lang.Thread.run(Thread.java:748)
"pool-36-thread-34"  prio=5 tid=488 in Object.wait()
java.lang.Thread.State: WAITING (on object monitor)
        at sun.misc.Unsafe.park(Native Method)
        at java.util.concurrent.locks.LockSupport.park(LockSupport.java:175)
        at java.util.concurrent.locks.AbstractQueuedSynchronizer$ConditionObject.await(AbstractQueuedSynchronizer.java:2039)
        at java.util.concurrent.ArrayBlockingQueue.take(ArrayBlockingQueue.java:403)
        at java.util.concurrent.ThreadPoolExecutor.getTask(ThreadPoolExecutor.java:1074)
        at java.util.concurrent.ThreadPoolExecutor.runWorker(ThreadPoolExecutor.java:1134)
        at java.util.concurrent.ThreadPoolExecutor$Worker.run(ThreadPoolExecutor.java:624)
        at java.lang.Thread.run(Thread.java:748)
"org.eclipse.jetty.server.session.HashSessionManager@30b131b2Timer" daemon prio=5 tid=195 timed_waiting
java.lang.Thread.State: TIMED_WAITING
        at sun.misc.Unsafe.park(Native Method)
        at java.util.concurrent.locks.LockSupport.parkNanos(LockSupport.java:215)
        at java.util.concurrent.locks.AbstractQueuedSynchronizer$ConditionObject.awaitNanos(AbstractQueuedSynchronizer.java:2078)
        at java.util.concurrent.ScheduledThreadPoolExecutor$DelayedWorkQueue.take(ScheduledThreadPoolExecutor.java:1093)
        at java.util.concurrent.ScheduledThreadPoolExecutor$DelayedWorkQueue.take(ScheduledThreadPoolExecutor.java:809)
        at java.util.concurrent.ThreadPoolExecutor.getTask(ThreadPoolExecutor.java:1074)
        at java.util.concurrent.ThreadPoolExecutor.runWorker(ThreadPoolExecutor.java:1134)
        at java.util.concurrent.ThreadPoolExecutor$Worker.run(ThreadPoolExecutor.java:624)
        at java.lang.Thread.run(Thread.java:748)
"qtp856047451-621" daemon prio=5 tid=621 timed_waiting
java.lang.Thread.State: TIMED_WAITING
        at sun.misc.Unsafe.park(Native Method)
        at java.util.concurrent.locks.LockSupport.parkNanos(LockSupport.java:215)
        at java.util.concurrent.locks.AbstractQueuedSynchronizer$ConditionObject.awaitNanos(AbstractQueuedSynchronizer.java:2078)
        at org.eclipse.jetty.util.BlockingArrayQueue.poll(BlockingArrayQueue.java:392)
        at org.eclipse.jetty.util.thread.QueuedThreadPool.idleJobPoll(QueuedThreadPool.java:563)
        at org.eclipse.jetty.util.thread.QueuedThreadPool.access$800(QueuedThreadPool.java:48)
        at org.eclipse.jetty.util.thread.QueuedThreadPool$2.run(QueuedThreadPool.java:626)
        at java.lang.Thread.run(Thread.java:748)
"Datanode ReportManager Thread - 1" daemon prio=5 tid=280 timed_waiting
java.lang.Thread.State: TIMED_WAITING
        at sun.misc.Unsafe.park(Native Method)
        at java.util.concurrent.locks.LockSupport.parkNanos(LockSupport.java:215)
        at java.util.concurrent.locks.AbstractQueuedSynchronizer$ConditionObject.awaitNanos(AbstractQueuedSynchronizer.java:2078)
        at java.util.concurrent.ScheduledThreadPoolExecutor$DelayedWorkQueue.take(ScheduledThreadPoolExecutor.java:1093)
        at java.util.concurrent.ScheduledThreadPoolExecutor$DelayedWorkQueue.take(ScheduledThreadPoolExecutor.java:809)
        at java.util.concurrent.ThreadPoolExecutor.getTask(ThreadPoolExecutor.java:1074)
        at java.util.concurrent.ThreadPoolExecutor.runWorker(ThreadPoolExecutor.java:1134)
        at java.util.concurrent.ThreadPoolExecutor$Worker.run(ThreadPoolExecutor.java:624)
        at java.lang.Thread.run(Thread.java:748)
"qtp1089341986-141" daemon prio=5 tid=141 timed_waiting
java.lang.Thread.State: TIMED_WAITING
        at sun.misc.Unsafe.park(Native Method)
        at java.util.concurrent.locks.LockSupport.parkNanos(LockSupport.java:215)
        at java.util.concurrent.locks.AbstractQueuedSynchronizer$ConditionObject.awaitNanos(AbstractQueuedSynchronizer.java:2078)
        at org.eclipse.jetty.util.BlockingArrayQueue.poll(BlockingArrayQueue.java:392)
        at org.eclipse.jetty.util.thread.QueuedThreadPool.idleJobPoll(QueuedThreadPool.java:563)
        at org.eclipse.jetty.util.thread.QueuedThreadPool.access$800(QueuedThreadPool.java:48)
        at org.eclipse.jetty.util.thread.QueuedThreadPool$2.run(QueuedThreadPool.java:626)
        at java.lang.Thread.run(Thread.java:748)
"pool-117-thread-46"  prio=5 tid=1105 in Object.wait()
java.lang.Thread.State: WAITING (on object monitor)
        at sun.misc.Unsafe.park(Native Method)
        at java.util.concurrent.locks.LockSupport.park(LockSupport.java:175)
        at java.util.concurrent.locks.AbstractQueuedSynchronizer$ConditionObject.await(AbstractQueuedSynchronizer.java:2039)
        at java.util.concurrent.ArrayBlockingQueue.take(ArrayBlockingQueue.java:403)
        at java.util.concurrent.ThreadPoolExecutor.getTask(ThreadPoolExecutor.java:1074)
        at java.util.concurrent.ThreadPoolExecutor.runWorker(ThreadPoolExecutor.java:1134)
        at java.util.concurrent.ThreadPoolExecutor$Worker.run(ThreadPoolExecutor.java:624)
        at java.lang.Thread.run(Thread.java:748)
"IPC Server handler 3 on 39235" daemon prio=5 tid=32 timed_waiting
java.lang.Thread.State: TIMED_WAITING
        at sun.misc.Unsafe.park(Native Method)
        at java.util.concurrent.locks.LockSupport.parkNanos(LockSupport.java:215)
        at java.util.concurrent.locks.AbstractQueuedSynchronizer$ConditionObject.awaitNanos(AbstractQueuedSynchronizer.java:2078)
        at java.util.concurrent.LinkedBlockingQueue.poll(LinkedBlockingQueue.java:467)
        at org.apache.hadoop.ipc.CallQueueManager.take(CallQueueManager.java:288)
        at org.apache.hadoop.ipc.Server$Handler.run(Server.java:2668)
"pool-36-thread-23"  prio=5 tid=430 in Object.wait()
java.lang.Thread.State: WAITING (on object monitor)
        at sun.misc.Unsafe.park(Native Method)
        at java.util.concurrent.locks.LockSupport.park(LockSupport.java:175)
        at java.util.concurrent.locks.AbstractQueuedSynchronizer$ConditionObject.await(AbstractQueuedSynchronizer.java:2039)
        at java.util.concurrent.ArrayBlockingQueue.take(ArrayBlockingQueue.java:403)
        at java.util.concurrent.ThreadPoolExecutor.getTask(ThreadPoolExecutor.java:1074)
        at java.util.concurrent.ThreadPoolExecutor.runWorker(ThreadPoolExecutor.java:1134)
        at java.util.concurrent.ThreadPoolExecutor$Worker.run(ThreadPoolExecutor.java:624)
        at java.lang.Thread.run(Thread.java:748)
"pool-46-thread-9"  prio=5 tid=346 in Object.wait()
java.lang.Thread.State: WAITING (on object monitor)
        at sun.misc.Unsafe.park(Native Method)
        at java.util.concurrent.locks.LockSupport.park(LockSupport.java:175)
        at java.util.concurrent.locks.AbstractQueuedSynchronizer$ConditionObject.await(AbstractQueuedSynchronizer.java:2039)
        at java.util.concurrent.ArrayBlockingQueue.take(ArrayBlockingQueue.java:403)
        at java.util.concurrent.ThreadPoolExecutor.getTask(ThreadPoolExecutor.java:1074)
        at java.util.concurrent.ThreadPoolExecutor.runWorker(ThreadPoolExecutor.java:1134)
        at java.util.concurrent.ThreadPoolExecutor$Worker.run(ThreadPoolExecutor.java:624)
        at java.lang.Thread.run(Thread.java:748)
"c30de686-1f6e-4ce7-9435-b57c4f7968b1@group-0E49D02C1954-SegmentedRaftLogWorker"  prio=5 tid=1133 timed_waiting
java.lang.Thread.State: TIMED_WAITING
        at sun.misc.Unsafe.park(Native Method)
        at java.util.concurrent.locks.LockSupport.parkNanos(LockSupport.java:215)
        at java.util.concurrent.locks.AbstractQueuedSynchronizer$ConditionObject.awaitNanos(AbstractQueuedSynchronizer.java:2078)
        at org.apache.ratis.util.DataBlockingQueue.poll(DataBlockingQueue.java:137)
        at org.apache.ratis.server.raftlog.segmented.SegmentedRaftLogWorker.run(SegmentedRaftLogWorker.java:282)
        at java.lang.Thread.run(Thread.java:748)
"IPC Server handler 6 on 40878" daemon prio=5 tid=55 timed_waiting
java.lang.Thread.State: TIMED_WAITING
        at sun.misc.Unsafe.park(Native Method)
        at java.util.concurrent.locks.LockSupport.parkNanos(LockSupport.java:215)
        at java.util.concurrent.locks.AbstractQueuedSynchronizer$ConditionObject.awaitNanos(AbstractQueuedSynchronizer.java:2078)
        at java.util.concurrent.LinkedBlockingQueue.poll(LinkedBlockingQueue.java:467)
        at org.apache.hadoop.ipc.CallQueueManager.take(CallQueueManager.java:288)
        at org.apache.hadoop.ipc.Server$Handler.run(Server.java:2668)
"pool-56-thread-28"  prio=5 tid=453 in Object.wait()
java.lang.Thread.State: WAITING (on object monitor)
        at sun.misc.Unsafe.park(Native Method)
        at java.util.concurrent.locks.LockSupport.park(LockSupport.java:175)
        at java.util.concurrent.locks.AbstractQueuedSynchronizer$ConditionObject.await(AbstractQueuedSynchronizer.java:2039)
        at java.util.concurrent.ArrayBlockingQueue.take(ArrayBlockingQueue.java:403)
        at java.util.concurrent.ThreadPoolExecutor.getTask(ThreadPoolExecutor.java:1074)
        at java.util.concurrent.ThreadPoolExecutor.runWorker(ThreadPoolExecutor.java:1134)
        at java.util.concurrent.ThreadPoolExecutor$Worker.run(ThreadPoolExecutor.java:624)
        at java.lang.Thread.run(Thread.java:748)
"pool-96-thread-44"  prio=5 tid=926 in Object.wait()
java.lang.Thread.State: WAITING (on object monitor)
        at sun.misc.Unsafe.park(Native Method)
        at java.util.concurrent.locks.LockSupport.park(LockSupport.java:175)
        at java.util.concurrent.locks.AbstractQueuedSynchronizer$ConditionObject.await(AbstractQueuedSynchronizer.java:2039)
        at java.util.concurrent.ArrayBlockingQueue.take(ArrayBlockingQueue.java:403)
        at java.util.concurrent.ThreadPoolExecutor.getTask(ThreadPoolExecutor.java:1074)
        at java.util.concurrent.ThreadPoolExecutor.runWorker(ThreadPoolExecutor.java:1134)
        at java.util.concurrent.ThreadPoolExecutor$Worker.run(ThreadPoolExecutor.java:624)
        at java.lang.Thread.run(Thread.java:748)
"pool-66-thread-24"  prio=5 tid=661 in Object.wait()
java.lang.Thread.State: WAITING (on object monitor)
        at sun.misc.Unsafe.park(Native Method)
        at java.util.concurrent.locks.LockSupport.park(LockSupport.java:175)
        at java.util.concurrent.locks.AbstractQueuedSynchronizer$ConditionObject.await(AbstractQueuedSynchronizer.java:2039)
        at java.util.concurrent.ArrayBlockingQueue.take(ArrayBlockingQueue.java:403)
        at java.util.concurrent.ThreadPoolExecutor.getTask(ThreadPoolExecutor.java:1074)
        at java.util.concurrent.ThreadPoolExecutor.runWorker(ThreadPoolExecutor.java:1134)
        at java.util.concurrent.ThreadPoolExecutor$Worker.run(ThreadPoolExecutor.java:624)
        at java.lang.Thread.run(Thread.java:748)
"qtp934617920-595" daemon prio=5 tid=595 timed_waiting
java.lang.Thread.State: TIMED_WAITING
        at sun.misc.Unsafe.park(Native Method)
        at java.util.concurrent.locks.LockSupport.parkNanos(LockSupport.java:215)
        at java.util.concurrent.locks.AbstractQueuedSynchronizer$ConditionObject.awaitNanos(AbstractQueuedSynchronizer.java:2078)
        at org.eclipse.jetty.util.BlockingArrayQueue.poll(BlockingArrayQueue.java:392)
        at org.eclipse.jetty.util.thread.QueuedThreadPool.idleJobPoll(QueuedThreadPool.java:563)
        at org.eclipse.jetty.util.thread.QueuedThreadPool.access$800(QueuedThreadPool.java:48)
        at org.eclipse.jetty.util.thread.QueuedThreadPool$2.run(QueuedThreadPool.java:626)
        at java.lang.Thread.run(Thread.java:748)
"pool-106-thread-33"  prio=5 tid=1012 in Object.wait()
java.lang.Thread.State: WAITING (on object monitor)
        at sun.misc.Unsafe.park(Native Method)
        at java.util.concurrent.locks.LockSupport.park(LockSupport.java:175)
        at java.util.concurrent.locks.AbstractQueuedSynchronizer$ConditionObject.await(AbstractQueuedSynchronizer.java:2039)
        at java.util.concurrent.ArrayBlockingQueue.take(ArrayBlockingQueue.java:403)
        at java.util.concurrent.ThreadPoolExecutor.getTask(ThreadPoolExecutor.java:1074)
        at java.util.concurrent.ThreadPoolExecutor.runWorker(ThreadPoolExecutor.java:1134)
        at java.util.concurrent.ThreadPoolExecutor$Worker.run(ThreadPoolExecutor.java:624)
        at java.lang.Thread.run(Thread.java:748)
"IPC Server handler 2 on 40878" daemon prio=5 tid=51 timed_waiting
java.lang.Thread.State: TIMED_WAITING
        at sun.misc.Unsafe.park(Native Method)
        at java.util.concurrent.locks.LockSupport.parkNanos(LockSupport.java:215)
        at java.util.concurrent.locks.AbstractQueuedSynchronizer$ConditionObject.awaitNanos(AbstractQueuedSynchronizer.java:2078)
        at java.util.concurrent.LinkedBlockingQueue.poll(LinkedBlockingQueue.java:467)
        at org.apache.hadoop.ipc.CallQueueManager.take(CallQueueManager.java:288)
        at org.apache.hadoop.ipc.Server$Handler.run(Server.java:2668)
"pool-66-thread-27"  prio=5 tid=664 in Object.wait()
java.lang.Thread.State: WAITING (on object monitor)
        at sun.misc.Unsafe.park(Native Method)
        at java.util.concurrent.locks.LockSupport.park(LockSupport.java:175)
        at java.util.concurrent.locks.AbstractQueuedSynchronizer$ConditionObject.await(AbstractQueuedSynchronizer.java:2039)
        at java.util.concurrent.ArrayBlockingQueue.take(ArrayBlockingQueue.java:403)
        at java.util.concurrent.ThreadPoolExecutor.getTask(ThreadPoolExecutor.java:1074)
        at java.util.concurrent.ThreadPoolExecutor.runWorker(ThreadPoolExecutor.java:1134)
        at java.util.concurrent.ThreadPoolExecutor$Worker.run(ThreadPoolExecutor.java:624)
        at java.lang.Thread.run(Thread.java:748)
"Datanode State Machine Thread - 0" daemon prio=5 tid=258 timed_waiting
java.lang.Thread.State: TIMED_WAITING
        at sun.misc.Unsafe.park(Native Method)
        at java.util.concurrent.locks.LockSupport.parkNanos(LockSupport.java:215)
        at java.util.concurrent.SynchronousQueue$TransferStack.awaitFulfill(SynchronousQueue.java:460)
        at java.util.concurrent.SynchronousQueue$TransferStack.transfer(SynchronousQueue.java:362)
        at java.util.concurrent.SynchronousQueue.poll(SynchronousQueue.java:941)
        at java.util.concurrent.ThreadPoolExecutor.getTask(ThreadPoolExecutor.java:1073)
        at java.util.concurrent.ThreadPoolExecutor.runWorker(ThreadPoolExecutor.java:1134)
        at java.util.concurrent.ThreadPoolExecutor$Worker.run(ThreadPoolExecutor.java:624)
        at java.lang.Thread.run(Thread.java:748)
"IPC Server handler 7 on 39235" daemon prio=5 tid=36 timed_waiting
java.lang.Thread.State: TIMED_WAITING
        at sun.misc.Unsafe.park(Native Method)
        at java.util.concurrent.locks.LockSupport.parkNanos(LockSupport.java:215)
        at java.util.concurrent.locks.AbstractQueuedSynchronizer$ConditionObject.awaitNanos(AbstractQueuedSynchronizer.java:2078)
        at java.util.concurrent.LinkedBlockingQueue.poll(LinkedBlockingQueue.java:467)
        at org.apache.hadoop.ipc.CallQueueManager.take(CallQueueManager.java:288)
        at org.apache.hadoop.ipc.Server$Handler.run(Server.java:2668)
"pool-117-thread-24"  prio=5 tid=1083 in Object.wait()
java.lang.Thread.State: WAITING (on object monitor)
        at sun.misc.Unsafe.park(Native Method)
        at java.util.concurrent.locks.LockSupport.park(LockSupport.java:175)
        at java.util.concurrent.locks.AbstractQueuedSynchronizer$ConditionObject.await(AbstractQueuedSynchronizer.java:2039)
        at java.util.concurrent.ArrayBlockingQueue.take(ArrayBlockingQueue.java:403)
        at java.util.concurrent.ThreadPoolExecutor.getTask(ThreadPoolExecutor.java:1074)
        at java.util.concurrent.ThreadPoolExecutor.runWorker(ThreadPoolExecutor.java:1134)
        at java.util.concurrent.ThreadPoolExecutor$Worker.run(ThreadPoolExecutor.java:624)
        at java.lang.Thread.run(Thread.java:748)
"IPC Server listener on 37221" daemon prio=5 tid=107 runnable
java.lang.Thread.State: RUNNABLE
        at sun.nio.ch.EPollArrayWrapper.epollWait(Native Method)
        at sun.nio.ch.EPollArrayWrapper.poll(EPollArrayWrapper.java:269)
        at sun.nio.ch.EPollSelectorImpl.doSelect(EPollSelectorImpl.java:93)
        at sun.nio.ch.SelectorImpl.lockAndDoSelect(SelectorImpl.java:86)
        at sun.nio.ch.SelectorImpl.select(SelectorImpl.java:97)
        at sun.nio.ch.SelectorImpl.select(SelectorImpl.java:101)
        at org.apache.hadoop.ipc.Server$Listener.run(Server.java:1159)
"pool-46-thread-7"  prio=5 tid=335 in Object.wait()
java.lang.Thread.State: WAITING (on object monitor)
        at sun.misc.Unsafe.park(Native Method)
        at java.util.concurrent.locks.LockSupport.park(LockSupport.java:175)
        at java.util.concurrent.locks.AbstractQueuedSynchronizer$ConditionObject.await(AbstractQueuedSynchronizer.java:2039)
        at java.util.concurrent.ArrayBlockingQueue.take(ArrayBlockingQueue.java:403)
        at java.util.concurrent.ThreadPoolExecutor.getTask(ThreadPoolExecutor.java:1074)
        at java.util.concurrent.ThreadPoolExecutor.runWorker(ThreadPoolExecutor.java:1134)
        at java.util.concurrent.ThreadPoolExecutor$Worker.run(ThreadPoolExecutor.java:624)
        at java.lang.Thread.run(Thread.java:748)
"qtp2035381640-91-acceptor-0@5f11e279-ServerConnector@514eedd8{HTTP/1.1,[http/1.1]}{0.0.0.0:34607}" daemon prio=3 tid=91 runnable
java.lang.Thread.State: RUNNABLE
        at sun.nio.ch.ServerSocketChannelImpl.accept0(Native Method)
        at sun.nio.ch.ServerSocketChannelImpl.accept(ServerSocketChannelImpl.java:422)
        at sun.nio.ch.ServerSocketChannelImpl.accept(ServerSocketChannelImpl.java:250)
        at org.eclipse.jetty.server.ServerConnector.accept(ServerConnector.java:397)
        at org.eclipse.jetty.server.AbstractConnector$Acceptor.run(AbstractConnector.java:601)
        at org.eclipse.jetty.util.thread.QueuedThreadPool.runJob(QueuedThreadPool.java:671)
        at org.eclipse.jetty.util.thread.QueuedThreadPool$2.run(QueuedThreadPool.java:589)
        at java.lang.Thread.run(Thread.java:748)
"pool-26-thread-38"  prio=5 tid=457 in Object.wait()
java.lang.Thread.State: WAITING (on object monitor)
        at sun.misc.Unsafe.park(Native Method)
        at java.util.concurrent.locks.LockSupport.park(LockSupport.java:175)
        at java.util.concurrent.locks.AbstractQueuedSynchronizer$ConditionObject.await(AbstractQueuedSynchronizer.java:2039)
        at java.util.concurrent.ArrayBlockingQueue.take(ArrayBlockingQueue.java:403)
        at java.util.concurrent.ThreadPoolExecutor.getTask(ThreadPoolExecutor.java:1074)
        at java.util.concurrent.ThreadPoolExecutor.runWorker(ThreadPoolExecutor.java:1134)
        at java.util.concurrent.ThreadPoolExecutor$Worker.run(ThreadPoolExecutor.java:624)
        at java.lang.Thread.run(Thread.java:748)
"pool-86-thread-6"  prio=5 tid=824 in Object.wait()
java.lang.Thread.State: WAITING (on object monitor)
        at sun.misc.Unsafe.park(Native Method)
        at java.util.concurrent.locks.LockSupport.park(LockSupport.java:175)
        at java.util.concurrent.locks.AbstractQueuedSynchronizer$ConditionObject.await(AbstractQueuedSynchronizer.java:2039)
        at java.util.concurrent.ArrayBlockingQueue.take(ArrayBlockingQueue.java:403)
        at java.util.concurrent.ThreadPoolExecutor.getTask(ThreadPoolExecutor.java:1074)
        at java.util.concurrent.ThreadPoolExecutor.runWorker(ThreadPoolExecutor.java:1134)
        at java.util.concurrent.ThreadPoolExecutor$Worker.run(ThreadPoolExecutor.java:624)
        at java.lang.Thread.run(Thread.java:748)
"Datanode State Machine Thread - 0" daemon prio=5 tid=180 timed_waiting
java.lang.Thread.State: TIMED_WAITING
        at sun.misc.Unsafe.park(Native Method)
        at java.util.concurrent.locks.LockSupport.parkNanos(LockSupport.java:215)
        at java.util.concurrent.SynchronousQueue$TransferStack.awaitFulfill(SynchronousQueue.java:460)
        at java.util.concurrent.SynchronousQueue$TransferStack.transfer(SynchronousQueue.java:362)
        at java.util.concurrent.SynchronousQueue.poll(SynchronousQueue.java:941)
        at java.util.concurrent.ThreadPoolExecutor.getTask(ThreadPoolExecutor.java:1073)
        at java.util.concurrent.ThreadPoolExecutor.runWorker(ThreadPoolExecutor.java:1134)
        at java.util.concurrent.ThreadPoolExecutor$Worker.run(ThreadPoolExecutor.java:624)
        at java.lang.Thread.run(Thread.java:748)
"pool-26-thread-25"  prio=5 tid=419 in Object.wait()
java.lang.Thread.State: WAITING (on object monitor)
        at sun.misc.Unsafe.park(Native Method)
        at java.util.concurrent.locks.LockSupport.park(LockSupport.java:175)
        at java.util.concurrent.locks.AbstractQueuedSynchronizer$ConditionObject.await(AbstractQueuedSynchronizer.java:2039)
        at java.util.concurrent.ArrayBlockingQueue.take(ArrayBlockingQueue.java:403)
        at java.util.concurrent.ThreadPoolExecutor.getTask(ThreadPoolExecutor.java:1074)
        at java.util.concurrent.ThreadPoolExecutor.runWorker(ThreadPoolExecutor.java:1134)
        at java.util.concurrent.ThreadPoolExecutor$Worker.run(ThreadPoolExecutor.java:624)
        at java.lang.Thread.run(Thread.java:748)
"qtp1977508673-301" daemon prio=5 tid=301 timed_waiting
java.lang.Thread.State: TIMED_WAITING
        at sun.misc.Unsafe.park(Native Method)
        at java.util.concurrent.locks.LockSupport.parkNanos(LockSupport.java:215)
        at java.util.concurrent.locks.AbstractQueuedSynchronizer$ConditionObject.awaitNanos(AbstractQueuedSynchronizer.java:2078)
        at org.eclipse.jetty.util.BlockingArrayQueue.poll(BlockingArrayQueue.java:392)
        at org.eclipse.jetty.util.thread.QueuedThreadPool.idleJobPoll(QueuedThreadPool.java:563)
        at org.eclipse.jetty.util.thread.QueuedThreadPool.access$800(QueuedThreadPool.java:48)
        at org.eclipse.jetty.util.thread.QueuedThreadPool$2.run(QueuedThreadPool.java:626)
        at java.lang.Thread.run(Thread.java:748)
"pool-46-thread-40"  prio=5 tid=500 in Object.wait()
java.lang.Thread.State: WAITING (on object monitor)
        at sun.misc.Unsafe.park(Native Method)
        at java.util.concurrent.locks.LockSupport.park(LockSupport.java:175)
        at java.util.concurrent.locks.AbstractQueuedSynchronizer$ConditionObject.await(AbstractQueuedSynchronizer.java:2039)
        at java.util.concurrent.ArrayBlockingQueue.take(ArrayBlockingQueue.java:403)
        at java.util.concurrent.ThreadPoolExecutor.getTask(ThreadPoolExecutor.java:1074)
        at java.util.concurrent.ThreadPoolExecutor.runWorker(ThreadPoolExecutor.java:1134)
        at java.util.concurrent.ThreadPoolExecutor$Worker.run(ThreadPoolExecutor.java:624)
        at java.lang.Thread.run(Thread.java:748)
"pool-86-thread-30"  prio=5 tid=848 in Object.wait()
java.lang.Thread.State: WAITING (on object monitor)
        at sun.misc.Unsafe.park(Native Method)
        at java.util.concurrent.locks.LockSupport.park(LockSupport.java:175)
        at java.util.concurrent.locks.AbstractQueuedSynchronizer$ConditionObject.await(AbstractQueuedSynchronizer.java:2039)
        at java.util.concurrent.ArrayBlockingQueue.take(ArrayBlockingQueue.java:403)
        at java.util.concurrent.ThreadPoolExecutor.getTask(ThreadPoolExecutor.java:1074)
        at java.util.concurrent.ThreadPoolExecutor.runWorker(ThreadPoolExecutor.java:1134)
        at java.util.concurrent.ThreadPoolExecutor$Worker.run(ThreadPoolExecutor.java:624)
        at java.lang.Thread.run(Thread.java:748)
"DataNode DiskChecker thread 0" daemon prio=5 tid=290 timed_waiting
java.lang.Thread.State: TIMED_WAITING
        at sun.misc.Unsafe.park(Native Method)
        at java.util.concurrent.locks.LockSupport.parkNanos(LockSupport.java:215)
        at java.util.concurrent.SynchronousQueue$TransferStack.awaitFulfill(SynchronousQueue.java:460)
        at java.util.concurrent.SynchronousQueue$TransferStack.transfer(SynchronousQueue.java:362)
        at java.util.concurrent.SynchronousQueue.poll(SynchronousQueue.java:941)
        at java.util.concurrent.ThreadPoolExecutor.getTask(ThreadPoolExecutor.java:1073)
        at java.util.concurrent.ThreadPoolExecutor.runWorker(ThreadPoolExecutor.java:1134)
        at java.util.concurrent.ThreadPoolExecutor$Worker.run(ThreadPoolExecutor.java:624)
        at java.lang.Thread.run(Thread.java:748)
"pool-36-thread-13"  prio=5 tid=380 in Object.wait()
java.lang.Thread.State: WAITING (on object monitor)
        at sun.misc.Unsafe.park(Native Method)
        at java.util.concurrent.locks.LockSupport.park(LockSupport.java:175)
        at java.util.concurrent.locks.AbstractQueuedSynchronizer$ConditionObject.await(AbstractQueuedSynchronizer.java:2039)
        at java.util.concurrent.ArrayBlockingQueue.take(ArrayBlockingQueue.java:403)
        at java.util.concurrent.ThreadPoolExecutor.getTask(ThreadPoolExecutor.java:1074)
        at java.util.concurrent.ThreadPoolExecutor.runWorker(ThreadPoolExecutor.java:1134)
        at java.util.concurrent.ThreadPoolExecutor$Worker.run(ThreadPoolExecutor.java:624)
        at java.lang.Thread.run(Thread.java:748)
"Datanode ReportManager Thread - 0" daemon prio=5 tid=505 in Object.wait()
java.lang.Thread.State: WAITING (on object monitor)
        at sun.misc.Unsafe.park(Native Method)
        at java.util.concurrent.locks.LockSupport.park(LockSupport.java:175)
        at java.util.concurrent.locks.AbstractQueuedSynchronizer$ConditionObject.await(AbstractQueuedSynchronizer.java:2039)
        at java.util.concurrent.ScheduledThreadPoolExecutor$DelayedWorkQueue.take(ScheduledThreadPoolExecutor.java:1088)
        at java.util.concurrent.ScheduledThreadPoolExecutor$DelayedWorkQueue.take(ScheduledThreadPoolExecutor.java:809)
        at java.util.concurrent.ThreadPoolExecutor.getTask(ThreadPoolExecutor.java:1074)
        at java.util.concurrent.ThreadPoolExecutor.runWorker(ThreadPoolExecutor.java:1134)
        at java.util.concurrent.ThreadPoolExecutor$Worker.run(ThreadPoolExecutor.java:624)
        at java.lang.Thread.run(Thread.java:748)
"pool-117-thread-2"  prio=5 tid=1061 in Object.wait()
java.lang.Thread.State: WAITING (on object monitor)
        at sun.misc.Unsafe.park(Native Method)
        at java.util.concurrent.locks.LockSupport.park(LockSupport.java:175)
        at java.util.concurrent.locks.AbstractQueuedSynchronizer$ConditionObject.await(AbstractQueuedSynchronizer.java:2039)
        at java.util.concurrent.ArrayBlockingQueue.take(ArrayBlockingQueue.java:403)
        at java.util.concurrent.ThreadPoolExecutor.getTask(ThreadPoolExecutor.java:1074)
        at java.util.concurrent.ThreadPoolExecutor.runWorker(ThreadPoolExecutor.java:1134)
        at java.util.concurrent.ThreadPoolExecutor$Worker.run(ThreadPoolExecutor.java:624)
        at java.lang.Thread.run(Thread.java:748)
"pool-76-thread-17"  prio=5 tid=763 in Object.wait()
java.lang.Thread.State: WAITING (on object monitor)
        at sun.misc.Unsafe.park(Native Method)
        at java.util.concurrent.locks.LockSupport.park(LockSupport.java:175)
        at java.util.concurrent.locks.AbstractQueuedSynchronizer$ConditionObject.await(AbstractQueuedSynchronizer.java:2039)
        at java.util.concurrent.ArrayBlockingQueue.take(ArrayBlockingQueue.java:403)
        at java.util.concurrent.ThreadPoolExecutor.getTask(ThreadPoolExecutor.java:1074)
        at java.util.concurrent.ThreadPoolExecutor.runWorker(ThreadPoolExecutor.java:1134)
        at java.util.concurrent.ThreadPoolExecutor$Worker.run(ThreadPoolExecutor.java:624)
        at java.lang.Thread.run(Thread.java:748)
"Datanode ReportManager Thread - 3" daemon prio=5 tid=201 in Object.wait()
java.lang.Thread.State: WAITING (on object monitor)
        at sun.misc.Unsafe.park(Native Method)
        at java.util.concurrent.locks.LockSupport.park(LockSupport.java:175)
        at java.util.concurrent.locks.AbstractQueuedSynchronizer$ConditionObject.await(AbstractQueuedSynchronizer.java:2039)
        at java.util.concurrent.ScheduledThreadPoolExecutor$DelayedWorkQueue.take(ScheduledThreadPoolExecutor.java:1088)
        at java.util.concurrent.ScheduledThreadPoolExecutor$DelayedWorkQueue.take(ScheduledThreadPoolExecutor.java:809)
        at java.util.concurrent.ThreadPoolExecutor.getTask(ThreadPoolExecutor.java:1074)
        at java.util.concurrent.ThreadPoolExecutor.runWorker(ThreadPoolExecutor.java:1134)
        at java.util.concurrent.ThreadPoolExecutor$Worker.run(ThreadPoolExecutor.java:624)
        at java.lang.Thread.run(Thread.java:748)
"pool-56-thread-39"  prio=5 tid=486 in Object.wait()
java.lang.Thread.State: WAITING (on object monitor)
        at sun.misc.Unsafe.park(Native Method)
        at java.util.concurrent.locks.LockSupport.park(LockSupport.java:175)
        at java.util.concurrent.locks.AbstractQueuedSynchronizer$ConditionObject.await(AbstractQueuedSynchronizer.java:2039)
        at java.util.concurrent.ArrayBlockingQueue.take(ArrayBlockingQueue.java:403)
        at java.util.concurrent.ThreadPoolExecutor.getTask(ThreadPoolExecutor.java:1074)
        at java.util.concurrent.ThreadPoolExecutor.runWorker(ThreadPoolExecutor.java:1134)
        at java.util.concurrent.ThreadPoolExecutor$Worker.run(ThreadPoolExecutor.java:624)
        at java.lang.Thread.run(Thread.java:748)
"IPC Server handler 16 on 40878" daemon prio=5 tid=65 timed_waiting
java.lang.Thread.State: TIMED_WAITING
        at sun.misc.Unsafe.park(Native Method)
        at java.util.concurrent.locks.LockSupport.parkNanos(LockSupport.java:215)
        at java.util.concurrent.locks.AbstractQueuedSynchronizer$ConditionObject.awaitNanos(AbstractQueuedSynchronizer.java:2078)
        at java.util.concurrent.LinkedBlockingQueue.poll(LinkedBlockingQueue.java:467)
        at org.apache.hadoop.ipc.CallQueueManager.take(CallQueueManager.java:288)
        at org.apache.hadoop.ipc.Server$Handler.run(Server.java:2668)
"pool-117-thread-44"  prio=5 tid=1103 in Object.wait()
java.lang.Thread.State: WAITING (on object monitor)
        at sun.misc.Unsafe.park(Native Method)
        at java.util.concurrent.locks.LockSupport.park(LockSupport.java:175)
        at java.util.concurrent.locks.AbstractQueuedSynchronizer$ConditionObject.await(AbstractQueuedSynchronizer.java:2039)
        at java.util.concurrent.ArrayBlockingQueue.take(ArrayBlockingQueue.java:403)
        at java.util.concurrent.ThreadPoolExecutor.getTask(ThreadPoolExecutor.java:1074)
        at java.util.concurrent.ThreadPoolExecutor.runWorker(ThreadPoolExecutor.java:1134)
        at java.util.concurrent.ThreadPoolExecutor$Worker.run(ThreadPoolExecutor.java:624)
        at java.lang.Thread.run(Thread.java:748)
"pool-26-thread-40"  prio=5 tid=460 in Object.wait()
java.lang.Thread.State: WAITING (on object monitor)
        at sun.misc.Unsafe.park(Native Method)
        at java.util.concurrent.locks.LockSupport.park(LockSupport.java:175)
        at java.util.concurrent.locks.AbstractQueuedSynchronizer$ConditionObject.await(AbstractQueuedSynchronizer.java:2039)
        at java.util.concurrent.ArrayBlockingQueue.take(ArrayBlockingQueue.java:403)
        at java.util.concurrent.ThreadPoolExecutor.getTask(ThreadPoolExecutor.java:1074)
        at java.util.concurrent.ThreadPoolExecutor.runWorker(ThreadPoolExecutor.java:1134)
        at java.util.concurrent.ThreadPoolExecutor$Worker.run(ThreadPoolExecutor.java:624)
        at java.lang.Thread.run(Thread.java:748)
"pool-106-thread-53"  prio=5 tid=1032 in Object.wait()
java.lang.Thread.State: WAITING (on object monitor)
        at sun.misc.Unsafe.park(Native Method)
        at java.util.concurrent.locks.LockSupport.park(LockSupport.java:175)
        at java.util.concurrent.locks.AbstractQueuedSynchronizer$ConditionObject.await(AbstractQueuedSynchronizer.java:2039)
        at java.util.concurrent.ArrayBlockingQueue.take(ArrayBlockingQueue.java:403)
        at java.util.concurrent.ThreadPoolExecutor.getTask(ThreadPoolExecutor.java:1074)
        at java.util.concurrent.ThreadPoolExecutor.runWorker(ThreadPoolExecutor.java:1134)
        at java.util.concurrent.ThreadPoolExecutor$Worker.run(ThreadPoolExecutor.java:624)
        at java.lang.Thread.run(Thread.java:748)
"pool-56-thread-55"  prio=5 tid=561 in Object.wait()
java.lang.Thread.State: WAITING (on object monitor)
        at sun.misc.Unsafe.park(Native Method)
        at java.util.concurrent.locks.LockSupport.park(LockSupport.java:175)
        at java.util.concurrent.locks.AbstractQueuedSynchronizer$ConditionObject.await(AbstractQueuedSynchronizer.java:2039)
        at java.util.concurrent.ArrayBlockingQueue.take(ArrayBlockingQueue.java:403)
        at java.util.concurrent.ThreadPoolExecutor.getTask(ThreadPoolExecutor.java:1074)
        at java.util.concurrent.ThreadPoolExecutor.runWorker(ThreadPoolExecutor.java:1134)
        at java.util.concurrent.ThreadPoolExecutor$Worker.run(ThreadPoolExecutor.java:624)
        at java.lang.Thread.run(Thread.java:748)
"pool-36-thread-57"  prio=5 tid=574 in Object.wait()
java.lang.Thread.State: WAITING (on object monitor)
        at sun.misc.Unsafe.park(Native Method)
        at java.util.concurrent.locks.LockSupport.park(LockSupport.java:175)
        at java.util.concurrent.locks.AbstractQueuedSynchronizer$ConditionObject.await(AbstractQueuedSynchronizer.java:2039)
        at java.util.concurrent.ArrayBlockingQueue.take(ArrayBlockingQueue.java:403)
        at java.util.concurrent.ThreadPoolExecutor.getTask(ThreadPoolExecutor.java:1074)
        at java.util.concurrent.ThreadPoolExecutor.runWorker(ThreadPoolExecutor.java:1134)
        at java.util.concurrent.ThreadPoolExecutor$Worker.run(ThreadPoolExecutor.java:624)
        at java.lang.Thread.run(Thread.java:748)
"pool-6-thread-1"  prio=5 tid=26 timed_waiting
java.lang.Thread.State: TIMED_WAITING
        at sun.misc.Unsafe.park(Native Method)
        at java.util.concurrent.locks.LockSupport.parkNanos(LockSupport.java:215)
        at java.util.concurrent.locks.AbstractQueuedSynchronizer$ConditionObject.awaitNanos(AbstractQueuedSynchronizer.java:2078)
        at java.util.concurrent.ScheduledThreadPoolExecutor$DelayedWorkQueue.take(ScheduledThreadPoolExecutor.java:1093)
        at java.util.concurrent.ScheduledThreadPoolExecutor$DelayedWorkQueue.take(ScheduledThreadPoolExecutor.java:809)
        at java.util.concurrent.ThreadPoolExecutor.getTask(ThreadPoolExecutor.java:1074)
        at java.util.concurrent.ThreadPoolExecutor.runWorker(ThreadPoolExecutor.java:1134)
        at java.util.concurrent.ThreadPoolExecutor$Worker.run(ThreadPoolExecutor.java:624)
        at java.lang.Thread.run(Thread.java:748)
"qtp142993407-389" daemon prio=5 tid=389 timed_waiting
java.lang.Thread.State: TIMED_WAITING
        at sun.misc.Unsafe.park(Native Method)
        at java.util.concurrent.locks.LockSupport.parkNanos(LockSupport.java:215)
        at java.util.concurrent.locks.AbstractQueuedSynchronizer$ConditionObject.awaitNanos(AbstractQueuedSynchronizer.java:2078)
        at org.eclipse.jetty.util.BlockingArrayQueue.poll(BlockingArrayQueue.java:392)
        at org.eclipse.jetty.util.thread.QueuedThreadPool.idleJobPoll(QueuedThreadPool.java:563)
        at org.eclipse.jetty.util.thread.QueuedThreadPool.access$800(QueuedThreadPool.java:48)
        at org.eclipse.jetty.util.thread.QueuedThreadPool$2.run(QueuedThreadPool.java:626)
        at java.lang.Thread.run(Thread.java:748)
"pool-117-thread-13"  prio=5 tid=1072 in Object.wait()
java.lang.Thread.State: WAITING (on object monitor)
        at sun.misc.Unsafe.park(Native Method)
        at java.util.concurrent.locks.LockSupport.park(LockSupport.java:175)
        at java.util.concurrent.locks.AbstractQueuedSynchronizer$ConditionObject.await(AbstractQueuedSynchronizer.java:2039)
        at java.util.concurrent.ArrayBlockingQueue.take(ArrayBlockingQueue.java:403)
        at java.util.concurrent.ThreadPoolExecutor.getTask(ThreadPoolExecutor.java:1074)
        at java.util.concurrent.ThreadPoolExecutor.runWorker(ThreadPoolExecutor.java:1134)
        at java.util.concurrent.ThreadPoolExecutor$Worker.run(ThreadPoolExecutor.java:624)
        at java.lang.Thread.run(Thread.java:748)
"Datanode ReportManager Thread - 0" daemon prio=5 tid=728 timed_waiting
java.lang.Thread.State: TIMED_WAITING
        at sun.misc.Unsafe.park(Native Method)
        at java.util.concurrent.locks.LockSupport.parkNanos(LockSupport.java:215)
        at java.util.concurrent.locks.AbstractQueuedSynchronizer$ConditionObject.awaitNanos(AbstractQueuedSynchronizer.java:2078)
        at java.util.concurrent.ScheduledThreadPoolExecutor$DelayedWorkQueue.take(ScheduledThreadPoolExecutor.java:1093)
        at java.util.concurrent.ScheduledThreadPoolExecutor$DelayedWorkQueue.take(ScheduledThreadPoolExecutor.java:809)
        at java.util.concurrent.ThreadPoolExecutor.getTask(ThreadPoolExecutor.java:1074)
        at java.util.concurrent.ThreadPoolExecutor.runWorker(ThreadPoolExecutor.java:1134)
        at java.util.concurrent.ThreadPoolExecutor$Worker.run(ThreadPoolExecutor.java:624)
        at java.lang.Thread.run(Thread.java:748)
"pool-96-thread-58"  prio=5 tid=940 in Object.wait()
java.lang.Thread.State: WAITING (on object monitor)
        at sun.misc.Unsafe.park(Native Method)
        at java.util.concurrent.locks.LockSupport.park(LockSupport.java:175)
        at java.util.concurrent.locks.AbstractQueuedSynchronizer$ConditionObject.await(AbstractQueuedSynchronizer.java:2039)
        at java.util.concurrent.ArrayBlockingQueue.take(ArrayBlockingQueue.java:403)
        at java.util.concurrent.ThreadPoolExecutor.getTask(ThreadPoolExecutor.java:1074)
        at java.util.concurrent.ThreadPoolExecutor.runWorker(ThreadPoolExecutor.java:1134)
        at java.util.concurrent.ThreadPoolExecutor$Worker.run(ThreadPoolExecutor.java:624)
        at java.lang.Thread.run(Thread.java:748)
"pool-56-thread-59"  prio=5 tid=576 in Object.wait()
java.lang.Thread.State: WAITING (on object monitor)
        at sun.misc.Unsafe.park(Native Method)
        at java.util.concurrent.locks.LockSupport.park(LockSupport.java:175)
        at java.util.concurrent.locks.AbstractQueuedSynchronizer$ConditionObject.await(AbstractQueuedSynchronizer.java:2039)
        at java.util.concurrent.ArrayBlockingQueue.take(ArrayBlockingQueue.java:403)
        at java.util.concurrent.ThreadPoolExecutor.getTask(ThreadPoolExecutor.java:1074)
        at java.util.concurrent.ThreadPoolExecutor.runWorker(ThreadPoolExecutor.java:1134)
        at java.util.concurrent.ThreadPoolExecutor$Worker.run(ThreadPoolExecutor.java:624)
        at java.lang.Thread.run(Thread.java:748)
"pool-66-thread-54"  prio=5 tid=699 in Object.wait()
java.lang.Thread.State: WAITING (on object monitor)
        at sun.misc.Unsafe.park(Native Method)
        at java.util.concurrent.locks.LockSupport.park(LockSupport.java:175)
        at java.util.concurrent.locks.AbstractQueuedSynchronizer$ConditionObject.await(AbstractQueuedSynchronizer.java:2039)
        at java.util.concurrent.ArrayBlockingQueue.take(ArrayBlockingQueue.java:403)
        at java.util.concurrent.ThreadPoolExecutor.getTask(ThreadPoolExecutor.java:1074)
        at java.util.concurrent.ThreadPoolExecutor.runWorker(ThreadPoolExecutor.java:1134)
        at java.util.concurrent.ThreadPoolExecutor$Worker.run(ThreadPoolExecutor.java:624)
        at java.lang.Thread.run(Thread.java:748)
"IPC Server handler 5 on 40878" daemon prio=5 tid=54 timed_waiting
java.lang.Thread.State: TIMED_WAITING
        at sun.misc.Unsafe.park(Native Method)
        at java.util.concurrent.locks.LockSupport.parkNanos(LockSupport.java:215)
        at java.util.concurrent.locks.AbstractQueuedSynchronizer$ConditionObject.awaitNanos(AbstractQueuedSynchronizer.java:2078)
        at java.util.concurrent.LinkedBlockingQueue.poll(LinkedBlockingQueue.java:467)
        at org.apache.hadoop.ipc.CallQueueManager.take(CallQueueManager.java:288)
        at org.apache.hadoop.ipc.Server$Handler.run(Server.java:2668)
"pool-96-thread-21"  prio=5 tid=903 in Object.wait()
java.lang.Thread.State: WAITING (on object monitor)
        at sun.misc.Unsafe.park(Native Method)
        at java.util.concurrent.locks.LockSupport.park(LockSupport.java:175)
        at java.util.concurrent.locks.AbstractQueuedSynchronizer$ConditionObject.await(AbstractQueuedSynchronizer.java:2039)
        at java.util.concurrent.ArrayBlockingQueue.take(ArrayBlockingQueue.java:403)
        at java.util.concurrent.ThreadPoolExecutor.getTask(ThreadPoolExecutor.java:1074)
        at java.util.concurrent.ThreadPoolExecutor.runWorker(ThreadPoolExecutor.java:1134)
        at java.util.concurrent.ThreadPoolExecutor$Worker.run(ThreadPoolExecutor.java:624)
        at java.lang.Thread.run(Thread.java:748)
"metrics-hadoop-metrics2-reporter-52-thread-1" daemon prio=5 tid=1227 timed_waiting
java.lang.Thread.State: TIMED_WAITING
        at sun.misc.Unsafe.park(Native Method)
        at java.util.concurrent.locks.LockSupport.parkNanos(LockSupport.java:215)
        at java.util.concurrent.locks.AbstractQueuedSynchronizer$ConditionObject.awaitNanos(AbstractQueuedSynchronizer.java:2078)
        at java.util.concurrent.ScheduledThreadPoolExecutor$DelayedWorkQueue.take(ScheduledThreadPoolExecutor.java:1093)
        at java.util.concurrent.ScheduledThreadPoolExecutor$DelayedWorkQueue.take(ScheduledThreadPoolExecutor.java:809)
        at java.util.concurrent.ThreadPoolExecutor.getTask(ThreadPoolExecutor.java:1074)
        at java.util.concurrent.ThreadPoolExecutor.runWorker(ThreadPoolExecutor.java:1134)
        at java.util.concurrent.ThreadPoolExecutor$Worker.run(ThreadPoolExecutor.java:624)
        at java.lang.Thread.run(Thread.java:748)
"Periodic HDDS volume checker"  prio=5 tid=707 timed_waiting
java.lang.Thread.State: TIMED_WAITING
        at sun.misc.Unsafe.park(Native Method)
        at java.util.concurrent.locks.LockSupport.parkNanos(LockSupport.java:215)
        at java.util.concurrent.locks.AbstractQueuedSynchronizer$ConditionObject.awaitNanos(AbstractQueuedSynchronizer.java:2078)
        at java.util.concurrent.ScheduledThreadPoolExecutor$DelayedWorkQueue.take(ScheduledThreadPoolExecutor.java:1093)
        at java.util.concurrent.ScheduledThreadPoolExecutor$DelayedWorkQueue.take(ScheduledThreadPoolExecutor.java:809)
        at java.util.concurrent.ThreadPoolExecutor.getTask(ThreadPoolExecutor.java:1074)
        at java.util.concurrent.ThreadPoolExecutor.runWorker(ThreadPoolExecutor.java:1134)
        at java.util.concurrent.ThreadPoolExecutor$Worker.run(ThreadPoolExecutor.java:624)
        at java.lang.Thread.run(Thread.java:748)
"pool-106-thread-31"  prio=5 tid=1010 in Object.wait()
java.lang.Thread.State: WAITING (on object monitor)
        at sun.misc.Unsafe.park(Native Method)
        at java.util.concurrent.locks.LockSupport.park(LockSupport.java:175)
        at java.util.concurrent.locks.AbstractQueuedSynchronizer$ConditionObject.await(AbstractQueuedSynchronizer.java:2039)
        at java.util.concurrent.ArrayBlockingQueue.take(ArrayBlockingQueue.java:403)
        at java.util.concurrent.ThreadPoolExecutor.getTask(ThreadPoolExecutor.java:1074)
        at java.util.concurrent.ThreadPoolExecutor.runWorker(ThreadPoolExecutor.java:1134)
        at java.util.concurrent.ThreadPoolExecutor$Worker.run(ThreadPoolExecutor.java:624)
        at java.lang.Thread.run(Thread.java:748)
"IPC Server handler 18 on 37838" daemon prio=5 tid=87 timed_waiting
java.lang.Thread.State: TIMED_WAITING
        at sun.misc.Unsafe.park(Native Method)
        at java.util.concurrent.locks.LockSupport.parkNanos(LockSupport.java:215)
        at java.util.concurrent.locks.AbstractQueuedSynchronizer$ConditionObject.awaitNanos(AbstractQueuedSynchronizer.java:2078)
        at java.util.concurrent.LinkedBlockingQueue.poll(LinkedBlockingQueue.java:467)
        at org.apache.hadoop.ipc.CallQueueManager.take(CallQueueManager.java:288)
        at org.apache.hadoop.ipc.Server$Handler.run(Server.java:2668)
"prometheus" daemon prio=5 tid=100 in Object.wait()
java.lang.Thread.State: WAITING (on object monitor)
        at java.lang.Object.wait(Native Method)
        at java.lang.Object.wait(Object.java:502)
        at org.apache.hadoop.metrics2.impl.SinkQueue.waitForData(SinkQueue.java:114)
        at org.apache.hadoop.metrics2.impl.SinkQueue.consumeAll(SinkQueue.java:83)
        at org.apache.hadoop.metrics2.impl.MetricsSinkAdapter.publishMetricsFromQueue(MetricsSinkAdapter.java:135)
        at org.apache.hadoop.metrics2.impl.MetricsSinkAdapter$1.run(MetricsSinkAdapter.java:89)
"Thread-424" daemon prio=5 tid=1301 timed_waiting
java.lang.Thread.State: TIMED_WAITING
        at sun.misc.Unsafe.park(Native Method)
        at java.util.concurrent.locks.LockSupport.parkNanos(LockSupport.java:215)
        at java.util.concurrent.locks.AbstractQueuedSynchronizer$ConditionObject.awaitNanos(AbstractQueuedSynchronizer.java:2078)
        at java.util.concurrent.ArrayBlockingQueue.poll(ArrayBlockingQueue.java:418)
        at org.apache.ratis.server.impl.LeaderState$EventQueue.poll(LeaderState.java:116)
        at org.apache.ratis.server.impl.LeaderState$EventProcessor.run(LeaderState.java:468)
"pool-26-thread-16"  prio=5 tid=388 in Object.wait()
java.lang.Thread.State: WAITING (on object monitor)
        at sun.misc.Unsafe.park(Native Method)
        at java.util.concurrent.locks.LockSupport.park(LockSupport.java:175)
        at java.util.concurrent.locks.AbstractQueuedSynchronizer$ConditionObject.await(AbstractQueuedSynchronizer.java:2039)
        at java.util.concurrent.ArrayBlockingQueue.take(ArrayBlockingQueue.java:403)
        at java.util.concurrent.ThreadPoolExecutor.getTask(ThreadPoolExecutor.java:1074)
        at java.util.concurrent.ThreadPoolExecutor.runWorker(ThreadPoolExecutor.java:1134)
        at java.util.concurrent.ThreadPoolExecutor$Worker.run(ThreadPoolExecutor.java:624)
        at java.lang.Thread.run(Thread.java:748)
"pool-46-thread-27"  prio=5 tid=434 in Object.wait()
java.lang.Thread.State: WAITING (on object monitor)
        at sun.misc.Unsafe.park(Native Method)
        at java.util.concurrent.locks.LockSupport.park(LockSupport.java:175)
        at java.util.concurrent.locks.AbstractQueuedSynchronizer$ConditionObject.await(AbstractQueuedSynchronizer.java:2039)
        at java.util.concurrent.ArrayBlockingQueue.take(ArrayBlockingQueue.java:403)
        at java.util.concurrent.ThreadPoolExecutor.getTask(ThreadPoolExecutor.java:1074)
        at java.util.concurrent.ThreadPoolExecutor.runWorker(ThreadPoolExecutor.java:1134)
        at java.util.concurrent.ThreadPoolExecutor$Worker.run(ThreadPoolExecutor.java:624)
        at java.lang.Thread.run(Thread.java:748)
"pool-117-thread-12"  prio=5 tid=1071 in Object.wait()
java.lang.Thread.State: WAITING (on object monitor)
        at sun.misc.Unsafe.park(Native Method)
        at java.util.concurrent.locks.LockSupport.park(LockSupport.java:175)
        at java.util.concurrent.locks.AbstractQueuedSynchronizer$ConditionObject.await(AbstractQueuedSynchronizer.java:2039)
        at java.util.concurrent.ArrayBlockingQueue.take(ArrayBlockingQueue.java:403)
        at java.util.concurrent.ThreadPoolExecutor.getTask(ThreadPoolExecutor.java:1074)
        at java.util.concurrent.ThreadPoolExecutor.runWorker(ThreadPoolExecutor.java:1134)
        at java.util.concurrent.ThreadPoolExecutor$Worker.run(ThreadPoolExecutor.java:624)
        at java.lang.Thread.run(Thread.java:748)
"pool-117-thread-56"  prio=5 tid=1115 in Object.wait()
java.lang.Thread.State: WAITING (on object monitor)
        at sun.misc.Unsafe.park(Native Method)
        at java.util.concurrent.locks.LockSupport.park(LockSupport.java:175)
        at java.util.concurrent.locks.AbstractQueuedSynchronizer$ConditionObject.await(AbstractQueuedSynchronizer.java:2039)
        at java.util.concurrent.ArrayBlockingQueue.take(ArrayBlockingQueue.java:403)
        at java.util.concurrent.ThreadPoolExecutor.getTask(ThreadPoolExecutor.java:1074)
        at java.util.concurrent.ThreadPoolExecutor.runWorker(ThreadPoolExecutor.java:1134)
        at java.util.concurrent.ThreadPoolExecutor$Worker.run(ThreadPoolExecutor.java:624)
        at java.lang.Thread.run(Thread.java:748)
"pool-37-thread-1"  prio=5 tid=968 in Object.wait()
java.lang.Thread.State: WAITING (on object monitor)
        at sun.misc.Unsafe.park(Native Method)
        at java.util.concurrent.locks.LockSupport.park(LockSupport.java:175)
        at java.util.concurrent.locks.AbstractQueuedSynchronizer$ConditionObject.await(AbstractQueuedSynchronizer.java:2039)
        at java.util.concurrent.LinkedBlockingQueue.take(LinkedBlockingQueue.java:442)
        at java.util.concurrent.ThreadPoolExecutor.getTask(ThreadPoolExecutor.java:1074)
        at java.util.concurrent.ThreadPoolExecutor.runWorker(ThreadPoolExecutor.java:1134)
        at java.util.concurrent.ThreadPoolExecutor$Worker.run(ThreadPoolExecutor.java:624)
        at java.lang.Thread.run(Thread.java:748)
"pool-26-thread-13"  prio=5 tid=379 in Object.wait()
java.lang.Thread.State: WAITING (on object monitor)
        at sun.misc.Unsafe.park(Native Method)
        at java.util.concurrent.locks.LockSupport.park(LockSupport.java:175)
        at java.util.concurrent.locks.AbstractQueuedSynchronizer$ConditionObject.await(AbstractQueuedSynchronizer.java:2039)
        at java.util.concurrent.ArrayBlockingQueue.take(ArrayBlockingQueue.java:403)
        at java.util.concurrent.ThreadPoolExecutor.getTask(ThreadPoolExecutor.java:1074)
        at java.util.concurrent.ThreadPoolExecutor.runWorker(ThreadPoolExecutor.java:1134)
        at java.util.concurrent.ThreadPoolExecutor$Worker.run(ThreadPoolExecutor.java:624)
        at java.lang.Thread.run(Thread.java:748)
"pool-117-thread-9"  prio=5 tid=1068 in Object.wait()
java.lang.Thread.State: WAITING (on object monitor)
        at sun.misc.Unsafe.park(Native Method)
        at java.util.concurrent.locks.LockSupport.park(LockSupport.java:175)
        at java.util.concurrent.locks.AbstractQueuedSynchronizer$ConditionObject.await(AbstractQueuedSynchronizer.java:2039)
        at java.util.concurrent.ArrayBlockingQueue.take(ArrayBlockingQueue.java:403)
        at java.util.concurrent.ThreadPoolExecutor.getTask(ThreadPoolExecutor.java:1074)
        at java.util.concurrent.ThreadPoolExecutor.runWorker(ThreadPoolExecutor.java:1134)
        at java.util.concurrent.ThreadPoolExecutor$Worker.run(ThreadPoolExecutor.java:624)
        at java.lang.Thread.run(Thread.java:748)
"qtp142993407-354" daemon prio=5 tid=354 runnable
java.lang.Thread.State: RUNNABLE
        at sun.nio.ch.EPollArrayWrapper.epollWait(Native Method)
        at sun.nio.ch.EPollArrayWrapper.poll(EPollArrayWrapper.java:269)
        at sun.nio.ch.EPollSelectorImpl.doSelect(EPollSelectorImpl.java:93)
        at sun.nio.ch.SelectorImpl.lockAndDoSelect(SelectorImpl.java:86)
        at sun.nio.ch.SelectorImpl.select(SelectorImpl.java:97)
        at sun.nio.ch.SelectorImpl.select(SelectorImpl.java:101)
        at org.eclipse.jetty.io.ManagedSelector$SelectorProducer.select(ManagedSelector.java:243)
        at org.eclipse.jetty.io.ManagedSelector$SelectorProducer.produce(ManagedSelector.java:191)
        at org.eclipse.jetty.util.thread.strategy.ExecuteProduceConsume.executeProduceConsume(ExecuteProduceConsume.java:249)
        at org.eclipse.jetty.util.thread.strategy.ExecuteProduceConsume.produceConsume(ExecuteProduceConsume.java:148)
        at org.eclipse.jetty.util.thread.strategy.ExecuteProduceConsume.execute(ExecuteProduceConsume.java:100)
        at org.eclipse.jetty.io.ManagedSelector.run(ManagedSelector.java:147)
        at org.eclipse.jetty.util.thread.QueuedThreadPool.runJob(QueuedThreadPool.java:671)
        at org.eclipse.jetty.util.thread.QueuedThreadPool$2.run(QueuedThreadPool.java:589)
        at java.lang.Thread.run(Thread.java:748)
"pool-86-thread-34"  prio=5 tid=852 in Object.wait()
java.lang.Thread.State: WAITING (on object monitor)
        at sun.misc.Unsafe.park(Native Method)
        at java.util.concurrent.locks.LockSupport.park(LockSupport.java:175)
        at java.util.concurrent.locks.AbstractQueuedSynchronizer$ConditionObject.await(AbstractQueuedSynchronizer.java:2039)
        at java.util.concurrent.ArrayBlockingQueue.take(ArrayBlockingQueue.java:403)
        at java.util.concurrent.ThreadPoolExecutor.getTask(ThreadPoolExecutor.java:1074)
        at java.util.concurrent.ThreadPoolExecutor.runWorker(ThreadPoolExecutor.java:1134)
        at java.util.concurrent.ThreadPoolExecutor$Worker.run(ThreadPoolExecutor.java:624)
        at java.lang.Thread.run(Thread.java:748)
"qtp1680841335-247" daemon prio=5 tid=247 timed_waiting
java.lang.Thread.State: TIMED_WAITING
        at sun.misc.Unsafe.park(Native Method)
        at java.util.concurrent.locks.LockSupport.parkNanos(LockSupport.java:215)
        at java.util.concurrent.locks.AbstractQueuedSynchronizer$ConditionObject.awaitNanos(AbstractQueuedSynchronizer.java:2078)
        at org.eclipse.jetty.util.BlockingArrayQueue.poll(BlockingArrayQueue.java:392)
        at org.eclipse.jetty.util.thread.QueuedThreadPool.idleJobPoll(QueuedThreadPool.java:563)
        at org.eclipse.jetty.util.thread.QueuedThreadPool.access$800(QueuedThreadPool.java:48)
        at org.eclipse.jetty.util.thread.QueuedThreadPool$2.run(QueuedThreadPool.java:626)
        at java.lang.Thread.run(Thread.java:748)
"pool-66-thread-6"  prio=5 tid=643 in Object.wait()
java.lang.Thread.State: WAITING (on object monitor)
        at sun.misc.Unsafe.park(Native Method)
        at java.util.concurrent.locks.LockSupport.park(LockSupport.java:175)
        at java.util.concurrent.locks.AbstractQueuedSynchronizer$ConditionObject.await(AbstractQueuedSynchronizer.java:2039)
        at java.util.concurrent.ArrayBlockingQueue.take(ArrayBlockingQueue.java:403)
        at java.util.concurrent.ThreadPoolExecutor.getTask(ThreadPoolExecutor.java:1074)
        at java.util.concurrent.ThreadPoolExecutor.runWorker(ThreadPoolExecutor.java:1134)
        at java.util.concurrent.ThreadPoolExecutor$Worker.run(ThreadPoolExecutor.java:624)
        at java.lang.Thread.run(Thread.java:748)
"pool-106-thread-46"  prio=5 tid=1025 in Object.wait()
java.lang.Thread.State: WAITING (on object monitor)
        at sun.misc.Unsafe.park(Native Method)
        at java.util.concurrent.locks.LockSupport.park(LockSupport.java:175)
        at java.util.concurrent.locks.AbstractQueuedSynchronizer$ConditionObject.await(AbstractQueuedSynchronizer.java:2039)
        at java.util.concurrent.ArrayBlockingQueue.take(ArrayBlockingQueue.java:403)
        at java.util.concurrent.ThreadPoolExecutor.getTask(ThreadPoolExecutor.java:1074)
        at java.util.concurrent.ThreadPoolExecutor.runWorker(ThreadPoolExecutor.java:1134)
        at java.util.concurrent.ThreadPoolExecutor$Worker.run(ThreadPoolExecutor.java:624)
        at java.lang.Thread.run(Thread.java:748)
"pool-86-thread-46"  prio=5 tid=864 in Object.wait()
java.lang.Thread.State: WAITING (on object monitor)
        at sun.misc.Unsafe.park(Native Method)
        at java.util.concurrent.locks.LockSupport.park(LockSupport.java:175)
        at java.util.concurrent.locks.AbstractQueuedSynchronizer$ConditionObject.await(AbstractQueuedSynchronizer.java:2039)
        at java.util.concurrent.ArrayBlockingQueue.take(ArrayBlockingQueue.java:403)
        at java.util.concurrent.ThreadPoolExecutor.getTask(ThreadPoolExecutor.java:1074)
        at java.util.concurrent.ThreadPoolExecutor.runWorker(ThreadPoolExecutor.java:1134)
        at java.util.concurrent.ThreadPoolExecutor$Worker.run(ThreadPoolExecutor.java:624)
        at java.lang.Thread.run(Thread.java:748)
"IPC Server handler 13 on 40878" daemon prio=5 tid=62 timed_waiting
java.lang.Thread.State: TIMED_WAITING
        at sun.misc.Unsafe.park(Native Method)
        at java.util.concurrent.locks.LockSupport.parkNanos(LockSupport.java:215)
        at java.util.concurrent.locks.AbstractQueuedSynchronizer$ConditionObject.awaitNanos(AbstractQueuedSynchronizer.java:2078)
        at java.util.concurrent.LinkedBlockingQueue.poll(LinkedBlockingQueue.java:467)
        at org.apache.hadoop.ipc.CallQueueManager.take(CallQueueManager.java:288)
        at org.apache.hadoop.ipc.Server$Handler.run(Server.java:2668)
"pool-87-thread-1"  prio=5 tid=1131 in Object.wait()
java.lang.Thread.State: WAITING (on object monitor)
        at sun.misc.Unsafe.park(Native Method)
        at java.util.concurrent.locks.LockSupport.park(LockSupport.java:175)
        at java.util.concurrent.locks.AbstractQueuedSynchronizer$ConditionObject.await(AbstractQueuedSynchronizer.java:2039)
        at java.util.concurrent.LinkedBlockingQueue.take(LinkedBlockingQueue.java:442)
        at java.util.concurrent.ThreadPoolExecutor.getTask(ThreadPoolExecutor.java:1074)
        at java.util.concurrent.ThreadPoolExecutor.runWorker(ThreadPoolExecutor.java:1134)
        at java.util.concurrent.ThreadPoolExecutor$Worker.run(ThreadPoolExecutor.java:624)
        at java.lang.Thread.run(Thread.java:748)
"pool-96-thread-34"  prio=5 tid=916 in Object.wait()
java.lang.Thread.State: WAITING (on object monitor)
        at sun.misc.Unsafe.park(Native Method)
        at java.util.concurrent.locks.LockSupport.park(LockSupport.java:175)
        at java.util.concurrent.locks.AbstractQueuedSynchronizer$ConditionObject.await(AbstractQueuedSynchronizer.java:2039)
        at java.util.concurrent.ArrayBlockingQueue.take(ArrayBlockingQueue.java:403)
        at java.util.concurrent.ThreadPoolExecutor.getTask(ThreadPoolExecutor.java:1074)
        at java.util.concurrent.ThreadPoolExecutor.runWorker(ThreadPoolExecutor.java:1134)
        at java.util.concurrent.ThreadPoolExecutor$Worker.run(ThreadPoolExecutor.java:624)
        at java.lang.Thread.run(Thread.java:748)
"pool-76-thread-30"  prio=5 tid=776 in Object.wait()
java.lang.Thread.State: WAITING (on object monitor)
        at sun.misc.Unsafe.park(Native Method)
        at java.util.concurrent.locks.LockSupport.park(LockSupport.java:175)
        at java.util.concurrent.locks.AbstractQueuedSynchronizer$ConditionObject.await(AbstractQueuedSynchronizer.java:2039)
        at java.util.concurrent.ArrayBlockingQueue.take(ArrayBlockingQueue.java:403)
        at java.util.concurrent.ThreadPoolExecutor.getTask(ThreadPoolExecutor.java:1074)
        at java.util.concurrent.ThreadPoolExecutor.runWorker(ThreadPoolExecutor.java:1134)
        at java.util.concurrent.ThreadPoolExecutor$Worker.run(ThreadPoolExecutor.java:624)
        at java.lang.Thread.run(Thread.java:748)
"pool-26-thread-4"  prio=5 tid=337 in Object.wait()
java.lang.Thread.State: WAITING (on object monitor)
        at sun.misc.Unsafe.park(Native Method)
        at java.util.concurrent.locks.LockSupport.park(LockSupport.java:175)
        at java.util.concurrent.locks.AbstractQueuedSynchronizer$ConditionObject.await(AbstractQueuedSynchronizer.java:2039)
        at java.util.concurrent.ArrayBlockingQueue.take(ArrayBlockingQueue.java:403)
        at java.util.concurrent.ThreadPoolExecutor.getTask(ThreadPoolExecutor.java:1074)
        at java.util.concurrent.ThreadPoolExecutor.runWorker(ThreadPoolExecutor.java:1134)
        at java.util.concurrent.ThreadPoolExecutor$Worker.run(ThreadPoolExecutor.java:624)
        at java.lang.Thread.run(Thread.java:748)
"pool-46-thread-28"  prio=5 tid=439 in Object.wait()
java.lang.Thread.State: WAITING (on object monitor)
        at sun.misc.Unsafe.park(Native Method)
        at java.util.concurrent.locks.LockSupport.park(LockSupport.java:175)
        at java.util.concurrent.locks.AbstractQueuedSynchronizer$ConditionObject.await(AbstractQueuedSynchronizer.java:2039)
        at java.util.concurrent.ArrayBlockingQueue.take(ArrayBlockingQueue.java:403)
        at java.util.concurrent.ThreadPoolExecutor.getTask(ThreadPoolExecutor.java:1074)
        at java.util.concurrent.ThreadPoolExecutor.runWorker(ThreadPoolExecutor.java:1134)
        at java.util.concurrent.ThreadPoolExecutor$Worker.run(ThreadPoolExecutor.java:624)
        at java.lang.Thread.run(Thread.java:748)
"metrics-hadoop-metrics2-reporter-45-thread-1" daemon prio=5 tid=1190 timed_waiting
java.lang.Thread.State: TIMED_WAITING
        at sun.misc.Unsafe.park(Native Method)
        at java.util.concurrent.locks.LockSupport.parkNanos(LockSupport.java:215)
        at java.util.concurrent.locks.AbstractQueuedSynchronizer$ConditionObject.awaitNanos(AbstractQueuedSynchronizer.java:2078)
        at java.util.concurrent.ScheduledThreadPoolExecutor$DelayedWorkQueue.take(ScheduledThreadPoolExecutor.java:1093)
        at java.util.concurrent.ScheduledThreadPoolExecutor$DelayedWorkQueue.take(ScheduledThreadPoolExecutor.java:809)
        at java.util.concurrent.ThreadPoolExecutor.getTask(ThreadPoolExecutor.java:1074)
        at java.util.concurrent.ThreadPoolExecutor.runWorker(ThreadPoolExecutor.java:1134)
        at java.util.concurrent.ThreadPoolExecutor$Worker.run(ThreadPoolExecutor.java:624)
        at java.lang.Thread.run(Thread.java:748)
"org.apache.hadoop.util.JvmPauseMonitor$Monitor@23b74043" daemon prio=5 tid=683 timed_waiting
java.lang.Thread.State: TIMED_WAITING
        at java.lang.Thread.sleep(Native Method)
        at org.apache.hadoop.util.JvmPauseMonitor$Monitor.run(JvmPauseMonitor.java:192)
        at java.lang.Thread.run(Thread.java:748)
"pool-96-thread-4"  prio=5 tid=886 in Object.wait()
java.lang.Thread.State: WAITING (on object monitor)
        at sun.misc.Unsafe.park(Native Method)
        at java.util.concurrent.locks.LockSupport.park(LockSupport.java:175)
        at java.util.concurrent.locks.AbstractQueuedSynchronizer$ConditionObject.await(AbstractQueuedSynchronizer.java:2039)
        at java.util.concurrent.ArrayBlockingQueue.take(ArrayBlockingQueue.java:403)
        at java.util.concurrent.ThreadPoolExecutor.getTask(ThreadPoolExecutor.java:1074)
        at java.util.concurrent.ThreadPoolExecutor.runWorker(ThreadPoolExecutor.java:1134)
        at java.util.concurrent.ThreadPoolExecutor$Worker.run(ThreadPoolExecutor.java:624)
        at java.lang.Thread.run(Thread.java:748)
"pool-96-thread-38"  prio=5 tid=920 in Object.wait()
java.lang.Thread.State: WAITING (on object monitor)
        at sun.misc.Unsafe.park(Native Method)
        at java.util.concurrent.locks.LockSupport.park(LockSupport.java:175)
        at java.util.concurrent.locks.AbstractQueuedSynchronizer$ConditionObject.await(AbstractQueuedSynchronizer.java:2039)
        at java.util.concurrent.ArrayBlockingQueue.take(ArrayBlockingQueue.java:403)
        at java.util.concurrent.ThreadPoolExecutor.getTask(ThreadPoolExecutor.java:1074)
        at java.util.concurrent.ThreadPoolExecutor.runWorker(ThreadPoolExecutor.java:1134)
        at java.util.concurrent.ThreadPoolExecutor$Worker.run(ThreadPoolExecutor.java:624)
        at java.lang.Thread.run(Thread.java:748)
"org.apache.hadoop.util.JvmPauseMonitor$Monitor@9899a3" daemon prio=5 tid=733 timed_waiting
java.lang.Thread.State: TIMED_WAITING
        at java.lang.Thread.sleep(Native Method)
        at org.apache.hadoop.util.JvmPauseMonitor$Monitor.run(JvmPauseMonitor.java:192)
        at java.lang.Thread.run(Thread.java:748)
"pool-96-thread-49"  prio=5 tid=931 in Object.wait()
java.lang.Thread.State: WAITING (on object monitor)
        at sun.misc.Unsafe.park(Native Method)
        at java.util.concurrent.locks.LockSupport.park(LockSupport.java:175)
        at java.util.concurrent.locks.AbstractQueuedSynchronizer$ConditionObject.await(AbstractQueuedSynchronizer.java:2039)
        at java.util.concurrent.ArrayBlockingQueue.take(ArrayBlockingQueue.java:403)
        at java.util.concurrent.ThreadPoolExecutor.getTask(ThreadPoolExecutor.java:1074)
        at java.util.concurrent.ThreadPoolExecutor.runWorker(ThreadPoolExecutor.java:1134)
        at java.util.concurrent.ThreadPoolExecutor$Worker.run(ThreadPoolExecutor.java:624)
        at java.lang.Thread.run(Thread.java:748)
"PartialTableCache Cleanup Thread - 0" daemon prio=5 tid=1206 in Object.wait()
java.lang.Thread.State: WAITING (on object monitor)
        at sun.misc.Unsafe.park(Native Method)
        at java.util.concurrent.locks.LockSupport.park(LockSupport.java:175)
        at java.util.concurrent.locks.AbstractQueuedSynchronizer$ConditionObject.await(AbstractQueuedSynchronizer.java:2039)
        at java.util.concurrent.LinkedBlockingQueue.take(LinkedBlockingQueue.java:442)
        at java.util.concurrent.ThreadPoolExecutor.getTask(ThreadPoolExecutor.java:1074)
        at java.util.concurrent.ThreadPoolExecutor.runWorker(ThreadPoolExecutor.java:1134)
        at java.util.concurrent.ThreadPoolExecutor$Worker.run(ThreadPoolExecutor.java:624)
        at java.lang.Thread.run(Thread.java:748)
"pool-36-thread-59"  prio=5 tid=580 in Object.wait()
java.lang.Thread.State: WAITING (on object monitor)
        at sun.misc.Unsafe.park(Native Method)
        at java.util.concurrent.locks.LockSupport.park(LockSupport.java:175)
        at java.util.concurrent.locks.AbstractQueuedSynchronizer$ConditionObject.await(AbstractQueuedSynchronizer.java:2039)
        at java.util.concurrent.ArrayBlockingQueue.take(ArrayBlockingQueue.java:403)
        at java.util.concurrent.ThreadPoolExecutor.getTask(ThreadPoolExecutor.java:1074)
        at java.util.concurrent.ThreadPoolExecutor.runWorker(ThreadPoolExecutor.java:1134)
        at java.util.concurrent.ThreadPoolExecutor$Worker.run(ThreadPoolExecutor.java:624)
        at java.lang.Thread.run(Thread.java:748)
"pool-117-thread-28"  prio=5 tid=1087 in Object.wait()
java.lang.Thread.State: WAITING (on object monitor)
        at sun.misc.Unsafe.park(Native Method)
        at java.util.concurrent.locks.LockSupport.park(LockSupport.java:175)
        at java.util.concurrent.locks.AbstractQueuedSynchronizer$ConditionObject.await(AbstractQueuedSynchronizer.java:2039)
        at java.util.concurrent.ArrayBlockingQueue.take(ArrayBlockingQueue.java:403)
        at java.util.concurrent.ThreadPoolExecutor.getTask(ThreadPoolExecutor.java:1074)
        at java.util.concurrent.ThreadPoolExecutor.runWorker(ThreadPoolExecutor.java:1134)
        at java.util.concurrent.ThreadPoolExecutor$Worker.run(ThreadPoolExecutor.java:624)
        at java.lang.Thread.run(Thread.java:748)
"d4e5ac39-62a0-42b5-ac75-503c3fe19161@group-8544F28F6995-StateMachineUpdater" daemon prio=5 tid=1327 in Object.wait()
java.lang.Thread.State: WAITING (on object monitor)
        at java.lang.Object.wait(Native Method)
        at java.lang.Object.wait(Object.java:502)
        at org.apache.ratis.server.impl.StateMachineUpdater.waitForCommit(StateMachineUpdater.java:194)
        at org.apache.ratis.server.impl.StateMachineUpdater.run(StateMachineUpdater.java:159)
        at java.lang.Thread.run(Thread.java:748)
"main"  prio=5 tid=1 runnable
java.lang.Thread.State: RUNNABLE
        at java.lang.Thread.dumpThreads(Native Method)
        at java.lang.Thread.getAllStackTraces(Thread.java:1610)
        at org.apache.hadoop.test.TimedOutTestsListener.buildThreadDump(TimedOutTestsListener.java:87)
        at org.apache.hadoop.test.TimedOutTestsListener.buildThreadDiagnosticString(TimedOutTestsListener.java:73)
        at org.apache.hadoop.test.GenericTestUtils.waitFor(GenericTestUtils.java:389)
        at org.apache.hadoop.ozone.container.common.statemachine.commandhandler.TestCloseContainerByPipeline.testIfCloseContainerCommandHandlerIsInvoked(TestCloseContainerByPipeline.java:143)
        at sun.reflect.NativeMethodAccessorImpl.invoke0(Native Method)
        at sun.reflect.NativeMethodAccessorImpl.invoke(NativeMethodAccessorImpl.java:62)
        at sun.reflect.DelegatingMethodAccessorImpl.invoke(DelegatingMethodAccessorImpl.java:43)
        at java.lang.reflect.Method.invoke(Method.java:498)
        at org.junit.runners.model.FrameworkMethod$1.runReflectiveCall(FrameworkMethod.java:47)
        at org.junit.internal.runners.model.ReflectiveCallable.run(ReflectiveCallable.java:12)
        at org.junit.runners.model.FrameworkMethod.invokeExplosively(FrameworkMethod.java:44)
        at org.junit.internal.runners.statements.InvokeMethod.evaluate(InvokeMethod.java:17)
        at org.junit.runners.ParentRunner.runLeaf(ParentRunner.java:271)
        at org.junit.runners.BlockJUnit4ClassRunner.runChild(BlockJUnit4ClassRunner.java:70)
        at org.junit.runners.BlockJUnit4ClassRunner.runChild(BlockJUnit4ClassRunner.java:50)
        at org.junit.runners.ParentRunner$3.run(ParentRunner.java:238)
        at org.junit.runners.ParentRunner$1.schedule(ParentRunner.java:63)
        at org.junit.runners.ParentRunner.runChildren(ParentRunner.java:236)
        at org.junit.runners.ParentRunner.access$000(ParentRunner.java:53)
        at org.junit.runners.ParentRunner$2.evaluate(ParentRunner.java:229)
        at org.junit.internal.runners.statements.RunBefores.evaluate(RunBefores.java:26)
        at org.junit.internal.runners.statements.RunAfters.evaluate(RunAfters.java:27)
        at org.junit.runners.ParentRunner.run(ParentRunner.java:309)
        at org.apache.maven.surefire.junit4.JUnit4Provider.execute(JUnit4Provider.java:365)
        at org.apache.maven.surefire.junit4.JUnit4Provider.executeWithRerun(JUnit4Provider.java:273)
        at org.apache.maven.surefire.junit4.JUnit4Provider.executeTestSet(JUnit4Provider.java:238)
        at org.apache.maven.surefire.junit4.JUnit4Provider.invoke(JUnit4Provider.java:159)
        at org.apache.maven.surefire.booter.ForkedBooter.invokeProviderInSameClassLoader(ForkedBooter.java:384)
        at org.apache.maven.surefire.booter.ForkedBooter.runSuitesInProcess(ForkedBooter.java:345)
        at org.apache.maven.surefire.booter.ForkedBooter.execute(ForkedBooter.java:126)
        at org.apache.maven.surefire.booter.ForkedBooter.main(ForkedBooter.java:418)
"pool-117-thread-20"  prio=5 tid=1079 in Object.wait()
java.lang.Thread.State: WAITING (on object monitor)
        at sun.misc.Unsafe.park(Native Method)
        at java.util.concurrent.locks.LockSupport.park(LockSupport.java:175)
        at java.util.concurrent.locks.AbstractQueuedSynchronizer$ConditionObject.await(AbstractQueuedSynchronizer.java:2039)
        at java.util.concurrent.ArrayBlockingQueue.take(ArrayBlockingQueue.java:403)
        at java.util.concurrent.ThreadPoolExecutor.getTask(ThreadPoolExecutor.java:1074)
        at java.util.concurrent.ThreadPoolExecutor.runWorker(ThreadPoolExecutor.java:1134)
        at java.util.concurrent.ThreadPoolExecutor$Worker.run(ThreadPoolExecutor.java:624)
        at java.lang.Thread.run(Thread.java:748)
"pool-117-thread-59"  prio=5 tid=1118 in Object.wait()
java.lang.Thread.State: WAITING (on object monitor)
        at sun.misc.Unsafe.park(Native Method)
        at java.util.concurrent.locks.LockSupport.park(LockSupport.java:175)
        at java.util.concurrent.locks.AbstractQueuedSynchronizer$ConditionObject.await(AbstractQueuedSynchronizer.java:2039)
        at java.util.concurrent.ArrayBlockingQueue.take(ArrayBlockingQueue.java:403)
        at java.util.concurrent.ThreadPoolExecutor.getTask(ThreadPoolExecutor.java:1074)
        at java.util.concurrent.ThreadPoolExecutor.runWorker(ThreadPoolExecutor.java:1134)
        at java.util.concurrent.ThreadPoolExecutor$Worker.run(ThreadPoolExecutor.java:624)
        at java.lang.Thread.run(Thread.java:748)
"pool-34-thread-1" daemon prio=5 tid=183 timed_waiting
java.lang.Thread.State: TIMED_WAITING
        at sun.misc.Unsafe.park(Native Method)
        at java.util.concurrent.locks.LockSupport.parkNanos(LockSupport.java:215)
        at java.util.concurrent.locks.AbstractQueuedSynchronizer$ConditionObject.awaitNanos(AbstractQueuedSynchronizer.java:2078)
        at java.util.concurrent.ScheduledThreadPoolExecutor$DelayedWorkQueue.take(ScheduledThreadPoolExecutor.java:1093)
        at java.util.concurrent.ScheduledThreadPoolExecutor$DelayedWorkQueue.take(ScheduledThreadPoolExecutor.java:809)
        at java.util.concurrent.ThreadPoolExecutor.getTask(ThreadPoolExecutor.java:1074)
        at java.util.concurrent.ThreadPoolExecutor.runWorker(ThreadPoolExecutor.java:1134)
        at java.util.concurrent.ThreadPoolExecutor$Worker.run(ThreadPoolExecutor.java:624)
        at java.lang.Thread.run(Thread.java:748)
"pool-56-thread-1"  prio=5 tid=334 in Object.wait()
java.lang.Thread.State: WAITING (on object monitor)
        at sun.misc.Unsafe.park(Native Method)
        at java.util.concurrent.locks.LockSupport.park(LockSupport.java:175)
        at java.util.concurrent.locks.AbstractQueuedSynchronizer$ConditionObject.await(AbstractQueuedSynchronizer.java:2039)
        at java.util.concurrent.ArrayBlockingQueue.take(ArrayBlockingQueue.java:403)
        at java.util.concurrent.ThreadPoolExecutor.getTask(ThreadPoolExecutor.java:1074)
        at java.util.concurrent.ThreadPoolExecutor.runWorker(ThreadPoolExecutor.java:1134)
        at java.util.concurrent.ThreadPoolExecutor$Worker.run(ThreadPoolExecutor.java:624)
        at java.lang.Thread.run(Thread.java:748)
"pool-76-thread-14"  prio=5 tid=760 in Object.wait()
java.lang.Thread.State: WAITING (on object monitor)
        at sun.misc.Unsafe.park(Native Method)
        at java.util.concurrent.locks.LockSupport.park(LockSupport.java:175)
        at java.util.concurrent.locks.AbstractQueuedSynchronizer$ConditionObject.await(AbstractQueuedSynchronizer.java:2039)
        at java.util.concurrent.ArrayBlockingQueue.take(ArrayBlockingQueue.java:403)
        at java.util.concurrent.ThreadPoolExecutor.getTask(ThreadPoolExecutor.java:1074)
        at java.util.concurrent.ThreadPoolExecutor.runWorker(ThreadPoolExecutor.java:1134)
        at java.util.concurrent.ThreadPoolExecutor$Worker.run(ThreadPoolExecutor.java:624)
        at java.lang.Thread.run(Thread.java:748)
"pool-26-thread-10"  prio=5 tid=361 in Object.wait()
java.lang.Thread.State: WAITING (on object monitor)
        at sun.misc.Unsafe.park(Native Method)
        at java.util.concurrent.locks.LockSupport.park(LockSupport.java:175)
        at java.util.concurrent.locks.AbstractQueuedSynchronizer$ConditionObject.await(AbstractQueuedSynchronizer.java:2039)
        at java.util.concurrent.ArrayBlockingQueue.take(ArrayBlockingQueue.java:403)
        at java.util.concurrent.ThreadPoolExecutor.getTask(ThreadPoolExecutor.java:1074)
        at java.util.concurrent.ThreadPoolExecutor.runWorker(ThreadPoolExecutor.java:1134)
        at java.util.concurrent.ThreadPoolExecutor$Worker.run(ThreadPoolExecutor.java:624)
        at java.lang.Thread.run(Thread.java:748)
"Datanode ReportManager Thread - 0" daemon prio=5 tid=252 in Object.wait()
java.lang.Thread.State: WAITING (on object monitor)
        at sun.misc.Unsafe.park(Native Method)
        at java.util.concurrent.locks.LockSupport.park(LockSupport.java:175)
        at java.util.concurrent.locks.AbstractQueuedSynchronizer$ConditionObject.await(AbstractQueuedSynchronizer.java:2039)
        at java.util.concurrent.ScheduledThreadPoolExecutor$DelayedWorkQueue.take(ScheduledThreadPoolExecutor.java:1088)
        at java.util.concurrent.ScheduledThreadPoolExecutor$DelayedWorkQueue.take(ScheduledThreadPoolExecutor.java:809)
        at java.util.concurrent.ThreadPoolExecutor.getTask(ThreadPoolExecutor.java:1074)
        at java.util.concurrent.ThreadPoolExecutor.runWorker(ThreadPoolExecutor.java:1134)
        at java.util.concurrent.ThreadPoolExecutor$Worker.run(ThreadPoolExecutor.java:624)
        at java.lang.Thread.run(Thread.java:748)
"pool-86-thread-7"  prio=5 tid=825 in Object.wait()
java.lang.Thread.State: WAITING (on object monitor)
        at sun.misc.Unsafe.park(Native Method)
        at java.util.concurrent.locks.LockSupport.park(LockSupport.java:175)
        at java.util.concurrent.locks.AbstractQueuedSynchronizer$ConditionObject.await(AbstractQueuedSynchronizer.java:2039)
        at java.util.concurrent.ArrayBlockingQueue.take(ArrayBlockingQueue.java:403)
        at java.util.concurrent.ThreadPoolExecutor.getTask(ThreadPoolExecutor.java:1074)
        at java.util.concurrent.ThreadPoolExecutor.runWorker(ThreadPoolExecutor.java:1134)
        at java.util.concurrent.ThreadPoolExecutor$Worker.run(ThreadPoolExecutor.java:624)
        at java.lang.Thread.run(Thread.java:748)
"pool-86-thread-36"  prio=5 tid=854 in Object.wait()
java.lang.Thread.State: WAITING (on object monitor)
        at sun.misc.Unsafe.park(Native Method)
        at java.util.concurrent.locks.LockSupport.park(LockSupport.java:175)
        at java.util.concurrent.locks.AbstractQueuedSynchronizer$ConditionObject.await(AbstractQueuedSynchronizer.java:2039)
        at java.util.concurrent.ArrayBlockingQueue.take(ArrayBlockingQueue.java:403)
        at java.util.concurrent.ThreadPoolExecutor.getTask(ThreadPoolExecutor.java:1074)
        at java.util.concurrent.ThreadPoolExecutor.runWorker(ThreadPoolExecutor.java:1134)
        at java.util.concurrent.ThreadPoolExecutor$Worker.run(ThreadPoolExecutor.java:624)
        at java.lang.Thread.run(Thread.java:748)
"pool-76-thread-60"  prio=5 tid=806 in Object.wait()
java.lang.Thread.State: WAITING (on object monitor)
        at sun.misc.Unsafe.park(Native Method)
        at java.util.concurrent.locks.LockSupport.park(LockSupport.java:175)
        at java.util.concurrent.locks.AbstractQueuedSynchronizer$ConditionObject.await(AbstractQueuedSynchronizer.java:2039)
        at java.util.concurrent.ArrayBlockingQueue.take(ArrayBlockingQueue.java:403)
        at java.util.concurrent.ThreadPoolExecutor.getTask(ThreadPoolExecutor.java:1074)
        at java.util.concurrent.ThreadPoolExecutor.runWorker(ThreadPoolExecutor.java:1134)
        at java.util.concurrent.ThreadPoolExecutor$Worker.run(ThreadPoolExecutor.java:624)
        at java.lang.Thread.run(Thread.java:748)
"pool-56-thread-53"  prio=5 tid=551 in Object.wait()
java.lang.Thread.State: WAITING (on object monitor)
        at sun.misc.Unsafe.park(Native Method)
        at java.util.concurrent.locks.LockSupport.park(LockSupport.java:175)
        at java.util.concurrent.locks.AbstractQueuedSynchronizer$ConditionObject.await(AbstractQueuedSynchronizer.java:2039)
        at java.util.concurrent.ArrayBlockingQueue.take(ArrayBlockingQueue.java:403)
        at java.util.concurrent.ThreadPoolExecutor.getTask(ThreadPoolExecutor.java:1074)
        at java.util.concurrent.ThreadPoolExecutor.runWorker(ThreadPoolExecutor.java:1134)
        at java.util.concurrent.ThreadPoolExecutor$Worker.run(ThreadPoolExecutor.java:624)
        at java.lang.Thread.run(Thread.java:748)
"pool-56-thread-16"  prio=5 tid=404 in Object.wait()
java.lang.Thread.State: WAITING (on object monitor)
        at sun.misc.Unsafe.park(Native Method)
        at java.util.concurrent.locks.LockSupport.park(LockSupport.java:175)
        at java.util.concurrent.locks.AbstractQueuedSynchronizer$ConditionObject.await(AbstractQueuedSynchronizer.java:2039)
        at java.util.concurrent.ArrayBlockingQueue.take(ArrayBlockingQueue.java:403)
        at java.util.concurrent.ThreadPoolExecutor.getTask(ThreadPoolExecutor.java:1074)
        at java.util.concurrent.ThreadPoolExecutor.runWorker(ThreadPoolExecutor.java:1134)
        at java.util.concurrent.ThreadPoolExecutor$Worker.run(ThreadPoolExecutor.java:624)
        at java.lang.Thread.run(Thread.java:748)
"Datanode State Machine Thread - 0" daemon prio=5 tid=204 timed_waiting
java.lang.Thread.State: TIMED_WAITING
        at sun.misc.Unsafe.park(Native Method)
        at java.util.concurrent.locks.LockSupport.parkNanos(LockSupport.java:215)
        at java.util.concurrent.SynchronousQueue$TransferStack.awaitFulfill(SynchronousQueue.java:460)
        at java.util.concurrent.SynchronousQueue$TransferStack.transfer(SynchronousQueue.java:362)
        at java.util.concurrent.SynchronousQueue.poll(SynchronousQueue.java:941)
        at java.util.concurrent.ThreadPoolExecutor.getTask(ThreadPoolExecutor.java:1073)
        at java.util.concurrent.ThreadPoolExecutor.runWorker(ThreadPoolExecutor.java:1134)
        at java.util.concurrent.ThreadPoolExecutor$Worker.run(ThreadPoolExecutor.java:624)
        at java.lang.Thread.run(Thread.java:748)
"Datanode ReportManager Thread - 2" daemon prio=5 tid=605 in Object.wait()
java.lang.Thread.State: WAITING (on object monitor)
        at sun.misc.Unsafe.park(Native Method)
        at java.util.concurrent.locks.LockSupport.park(LockSupport.java:175)
        at java.util.concurrent.locks.AbstractQueuedSynchronizer$ConditionObject.await(AbstractQueuedSynchronizer.java:2039)
        at java.util.concurrent.ScheduledThreadPoolExecutor$DelayedWorkQueue.take(ScheduledThreadPoolExecutor.java:1088)
        at java.util.concurrent.ScheduledThreadPoolExecutor$DelayedWorkQueue.take(ScheduledThreadPoolExecutor.java:809)
        at java.util.concurrent.ThreadPoolExecutor.getTask(ThreadPoolExecutor.java:1074)
        at java.util.concurrent.ThreadPoolExecutor.runWorker(ThreadPoolExecutor.java:1134)
        at java.util.concurrent.ThreadPoolExecutor$Worker.run(ThreadPoolExecutor.java:624)
        at java.lang.Thread.run(Thread.java:748)
"pool-26-thread-18"  prio=5 tid=398 in Object.wait()
java.lang.Thread.State: WAITING (on object monitor)
        at sun.misc.Unsafe.park(Native Method)
        at java.util.concurrent.locks.LockSupport.park(LockSupport.java:175)
        at java.util.concurrent.locks.AbstractQueuedSynchronizer$ConditionObject.await(AbstractQueuedSynchronizer.java:2039)
        at java.util.concurrent.ArrayBlockingQueue.take(ArrayBlockingQueue.java:403)
        at java.util.concurrent.ThreadPoolExecutor.getTask(ThreadPoolExecutor.java:1074)
        at java.util.concurrent.ThreadPoolExecutor.runWorker(ThreadPoolExecutor.java:1134)
        at java.util.concurrent.ThreadPoolExecutor$Worker.run(ThreadPoolExecutor.java:624)
        at java.lang.Thread.run(Thread.java:748)
"pool-56-thread-60"  prio=5 tid=579 in Object.wait()
java.lang.Thread.State: WAITING (on object monitor)
        at sun.misc.Unsafe.park(Native Method)
        at java.util.concurrent.locks.LockSupport.park(LockSupport.java:175)
        at java.util.concurrent.locks.AbstractQueuedSynchronizer$ConditionObject.await(AbstractQueuedSynchronizer.java:2039)
        at java.util.concurrent.ArrayBlockingQueue.take(ArrayBlockingQueue.java:403)
        at java.util.concurrent.ThreadPoolExecutor.getTask(ThreadPoolExecutor.java:1074)
        at java.util.concurrent.ThreadPoolExecutor.runWorker(ThreadPoolExecutor.java:1134)
        at java.util.concurrent.ThreadPoolExecutor$Worker.run(ThreadPoolExecutor.java:624)
        at java.lang.Thread.run(Thread.java:748)
"pool-56-thread-35"  prio=5 tid=474 in Object.wait()
java.lang.Thread.State: WAITING (on object monitor)
        at sun.misc.Unsafe.park(Native Method)
        at java.util.concurrent.locks.LockSupport.park(LockSupport.java:175)
        at java.util.concurrent.locks.AbstractQueuedSynchronizer$ConditionObject.await(AbstractQueuedSynchronizer.java:2039)
        at java.util.concurrent.ArrayBlockingQueue.take(ArrayBlockingQueue.java:403)
        at java.util.concurrent.ThreadPoolExecutor.getTask(ThreadPoolExecutor.java:1074)
        at java.util.concurrent.ThreadPoolExecutor.runWorker(ThreadPoolExecutor.java:1134)
        at java.util.concurrent.ThreadPoolExecutor$Worker.run(ThreadPoolExecutor.java:624)
        at java.lang.Thread.run(Thread.java:748)
"pool-96-thread-23"  prio=5 tid=905 in Object.wait()
java.lang.Thread.State: WAITING (on object monitor)
        at sun.misc.Unsafe.park(Native Method)
        at java.util.concurrent.locks.LockSupport.park(LockSupport.java:175)
        at java.util.concurrent.locks.AbstractQueuedSynchronizer$ConditionObject.await(AbstractQueuedSynchronizer.java:2039)
        at java.util.concurrent.ArrayBlockingQueue.take(ArrayBlockingQueue.java:403)
        at java.util.concurrent.ThreadPoolExecutor.getTask(ThreadPoolExecutor.java:1074)
        at java.util.concurrent.ThreadPoolExecutor.runWorker(ThreadPoolExecutor.java:1134)
        at java.util.concurrent.ThreadPoolExecutor$Worker.run(ThreadPoolExecutor.java:624)
        at java.lang.Thread.run(Thread.java:748)
"pool-26-thread-9"  prio=5 tid=358 in Object.wait()
java.lang.Thread.State: WAITING (on object monitor)
        at sun.misc.Unsafe.park(Native Method)
        at java.util.concurrent.locks.LockSupport.park(LockSupport.java:175)
        at java.util.concurrent.locks.AbstractQueuedSynchronizer$ConditionObject.await(AbstractQueuedSynchronizer.java:2039)
        at java.util.concurrent.ArrayBlockingQueue.take(ArrayBlockingQueue.java:403)
        at java.util.concurrent.ThreadPoolExecutor.getTask(ThreadPoolExecutor.java:1074)
        at java.util.concurrent.ThreadPoolExecutor.runWorker(ThreadPoolExecutor.java:1134)
        at java.util.concurrent.ThreadPoolExecutor$Worker.run(ThreadPoolExecutor.java:624)
        at java.lang.Thread.run(Thread.java:748)
"metrics-hadoop-metrics2-reporter-23-thread-1" daemon prio=5 tid=1127 timed_waiting
java.lang.Thread.State: TIMED_WAITING
        at sun.misc.Unsafe.park(Native Method)
        at java.util.concurrent.locks.LockSupport.parkNanos(LockSupport.java:215)
        at java.util.concurrent.locks.AbstractQueuedSynchronizer$ConditionObject.awaitNanos(AbstractQueuedSynchronizer.java:2078)
        at java.util.concurrent.ScheduledThreadPoolExecutor$DelayedWorkQueue.take(ScheduledThreadPoolExecutor.java:1093)
        at java.util.concurrent.ScheduledThreadPoolExecutor$DelayedWorkQueue.take(ScheduledThreadPoolExecutor.java:809)
        at java.util.concurrent.ThreadPoolExecutor.getTask(ThreadPoolExecutor.java:1074)
        at java.util.concurrent.ThreadPoolExecutor.runWorker(ThreadPoolExecutor.java:1134)
        at java.util.concurrent.ThreadPoolExecutor$Worker.run(ThreadPoolExecutor.java:624)
        at java.lang.Thread.run(Thread.java:748)
"BlockDeletingService#0" daemon prio=5 tid=879 timed_waiting
java.lang.Thread.State: TIMED_WAITING
        at sun.misc.Unsafe.park(Native Method)
        at java.util.concurrent.locks.LockSupport.parkNanos(LockSupport.java:215)
        at java.util.concurrent.locks.AbstractQueuedSynchronizer$ConditionObject.awaitNanos(AbstractQueuedSynchronizer.java:2078)
        at java.util.concurrent.ScheduledThreadPoolExecutor$DelayedWorkQueue.take(ScheduledThreadPoolExecutor.java:1093)
        at java.util.concurrent.ScheduledThreadPoolExecutor$DelayedWorkQueue.take(ScheduledThreadPoolExecutor.java:809)
        at java.util.concurrent.ThreadPoolExecutor.getTask(ThreadPoolExecutor.java:1074)
        at java.util.concurrent.ThreadPoolExecutor.runWorker(ThreadPoolExecutor.java:1134)
        at java.util.concurrent.ThreadPoolExecutor$Worker.run(ThreadPoolExecutor.java:624)
        at java.lang.Thread.run(Thread.java:748)
"pool-36-thread-14"  prio=5 tid=383 in Object.wait()
java.lang.Thread.State: WAITING (on object monitor)
        at sun.misc.Unsafe.park(Native Method)
        at java.util.concurrent.locks.LockSupport.park(LockSupport.java:175)
        at java.util.concurrent.locks.AbstractQueuedSynchronizer$ConditionObject.await(AbstractQueuedSynchronizer.java:2039)
        at java.util.concurrent.ArrayBlockingQueue.take(ArrayBlockingQueue.java:403)
        at java.util.concurrent.ThreadPoolExecutor.getTask(ThreadPoolExecutor.java:1074)
        at java.util.concurrent.ThreadPoolExecutor.runWorker(ThreadPoolExecutor.java:1134)
        at java.util.concurrent.ThreadPoolExecutor$Worker.run(ThreadPoolExecutor.java:624)
        at java.lang.Thread.run(Thread.java:748)
"Thread-359" daemon prio=5 tid=1225 timed_waiting
java.lang.Thread.State: TIMED_WAITING
        at sun.misc.Unsafe.park(Native Method)
        at java.util.concurrent.locks.LockSupport.parkNanos(LockSupport.java:215)
        at java.util.concurrent.locks.AbstractQueuedSynchronizer$ConditionObject.awaitNanos(AbstractQueuedSynchronizer.java:2078)
        at java.util.concurrent.ArrayBlockingQueue.poll(ArrayBlockingQueue.java:418)
        at org.apache.ratis.server.impl.LeaderState$EventQueue.poll(LeaderState.java:116)
        at org.apache.ratis.server.impl.LeaderState$EventProcessor.run(LeaderState.java:468)
"pool-96-thread-29"  prio=5 tid=911 in Object.wait()
java.lang.Thread.State: WAITING (on object monitor)
        at sun.misc.Unsafe.park(Native Method)
        at java.util.concurrent.locks.LockSupport.park(LockSupport.java:175)
        at java.util.concurrent.locks.AbstractQueuedSynchronizer$ConditionObject.await(AbstractQueuedSynchronizer.java:2039)
        at java.util.concurrent.ArrayBlockingQueue.take(ArrayBlockingQueue.java:403)
        at java.util.concurrent.ThreadPoolExecutor.getTask(ThreadPoolExecutor.java:1074)
        at java.util.concurrent.ThreadPoolExecutor.runWorker(ThreadPoolExecutor.java:1134)
        at java.util.concurrent.ThreadPoolExecutor$Worker.run(ThreadPoolExecutor.java:624)
        at java.lang.Thread.run(Thread.java:748)
"pool-46-thread-13"  prio=5 tid=362 in Object.wait()
java.lang.Thread.State: WAITING (on object monitor)
        at sun.misc.Unsafe.park(Native Method)
        at java.util.concurrent.locks.LockSupport.park(LockSupport.java:175)
        at java.util.concurrent.locks.AbstractQueuedSynchronizer$ConditionObject.await(AbstractQueuedSynchronizer.java:2039)
        at java.util.concurrent.ArrayBlockingQueue.take(ArrayBlockingQueue.java:403)
        at java.util.concurrent.ThreadPoolExecutor.getTask(ThreadPoolExecutor.java:1074)
        at java.util.concurrent.ThreadPoolExecutor.runWorker(ThreadPoolExecutor.java:1134)
        at java.util.concurrent.ThreadPoolExecutor$Worker.run(ThreadPoolExecutor.java:624)
        at java.lang.Thread.run(Thread.java:748)
"pool-96-thread-2"  prio=5 tid=884 in Object.wait()
java.lang.Thread.State: WAITING (on object monitor)
        at sun.misc.Unsafe.park(Native Method)
        at java.util.concurrent.locks.LockSupport.park(LockSupport.java:175)
        at java.util.concurrent.locks.AbstractQueuedSynchronizer$ConditionObject.await(AbstractQueuedSynchronizer.java:2039)
        at java.util.concurrent.ArrayBlockingQueue.take(ArrayBlockingQueue.java:403)
        at java.util.concurrent.ThreadPoolExecutor.getTask(ThreadPoolExecutor.java:1074)
        at java.util.concurrent.ThreadPoolExecutor.runWorker(ThreadPoolExecutor.java:1134)
        at java.util.concurrent.ThreadPoolExecutor$Worker.run(ThreadPoolExecutor.java:624)
        at java.lang.Thread.run(Thread.java:748)
"pool-66-thread-39"  prio=5 tid=682 in Object.wait()
java.lang.Thread.State: WAITING (on object monitor)
        at sun.misc.Unsafe.park(Native Method)
        at java.util.concurrent.locks.LockSupport.park(LockSupport.java:175)
        at java.util.concurrent.locks.AbstractQueuedSynchronizer$ConditionObject.await(AbstractQueuedSynchronizer.java:2039)
        at java.util.concurrent.ArrayBlockingQueue.take(ArrayBlockingQueue.java:403)
        at java.util.concurrent.ThreadPoolExecutor.getTask(ThreadPoolExecutor.java:1074)
        at java.util.concurrent.ThreadPoolExecutor.runWorker(ThreadPoolExecutor.java:1134)
        at java.util.concurrent.ThreadPoolExecutor$Worker.run(ThreadPoolExecutor.java:624)
        at java.lang.Thread.run(Thread.java:748)
"Datanode ReportManager Thread - 1" daemon prio=5 tid=310 in Object.wait()
java.lang.Thread.State: WAITING (on object monitor)
        at sun.misc.Unsafe.park(Native Method)
        at java.util.concurrent.locks.LockSupport.park(LockSupport.java:175)
        at java.util.concurrent.locks.AbstractQueuedSynchronizer$ConditionObject.await(AbstractQueuedSynchronizer.java:2039)
        at java.util.concurrent.ScheduledThreadPoolExecutor$DelayedWorkQueue.take(ScheduledThreadPoolExecutor.java:1088)
        at java.util.concurrent.ScheduledThreadPoolExecutor$DelayedWorkQueue.take(ScheduledThreadPoolExecutor.java:809)
        at java.util.concurrent.ThreadPoolExecutor.getTask(ThreadPoolExecutor.java:1074)
        at java.util.concurrent.ThreadPoolExecutor.runWorker(ThreadPoolExecutor.java:1134)
        at java.util.concurrent.ThreadPoolExecutor$Worker.run(ThreadPoolExecutor.java:624)
        at java.lang.Thread.run(Thread.java:748)
"pool-96-thread-31"  prio=5 tid=913 in Object.wait()
java.lang.Thread.State: WAITING (on object monitor)
        at sun.misc.Unsafe.park(Native Method)
        at java.util.concurrent.locks.LockSupport.park(LockSupport.java:175)
        at java.util.concurrent.locks.AbstractQueuedSynchronizer$ConditionObject.await(AbstractQueuedSynchronizer.java:2039)
        at java.util.concurrent.ArrayBlockingQueue.take(ArrayBlockingQueue.java:403)
        at java.util.concurrent.ThreadPoolExecutor.getTask(ThreadPoolExecutor.java:1074)
        at java.util.concurrent.ThreadPoolExecutor.runWorker(ThreadPoolExecutor.java:1134)
        at java.util.concurrent.ThreadPoolExecutor$Worker.run(ThreadPoolExecutor.java:624)
        at java.lang.Thread.run(Thread.java:748)
"metrics-hadoop-metrics2-reporter-21-thread-1" daemon prio=5 tid=1057 timed_waiting
java.lang.Thread.State: TIMED_WAITING
        at sun.misc.Unsafe.park(Native Method)
        at java.util.concurrent.locks.LockSupport.parkNanos(LockSupport.java:215)
        at java.util.concurrent.locks.AbstractQueuedSynchronizer$ConditionObject.awaitNanos(AbstractQueuedSynchronizer.java:2078)
        at java.util.concurrent.ScheduledThreadPoolExecutor$DelayedWorkQueue.take(ScheduledThreadPoolExecutor.java:1093)
        at java.util.concurrent.ScheduledThreadPoolExecutor$DelayedWorkQueue.take(ScheduledThreadPoolExecutor.java:809)
        at java.util.concurrent.ThreadPoolExecutor.getTask(ThreadPoolExecutor.java:1074)
        at java.util.concurrent.ThreadPoolExecutor.runWorker(ThreadPoolExecutor.java:1134)
        at java.util.concurrent.ThreadPoolExecutor$Worker.run(ThreadPoolExecutor.java:624)
        at java.lang.Thread.run(Thread.java:748)
"jaeger.RemoteReporter-FlushTimer" daemon prio=5 tid=148 timed_waiting
java.lang.Thread.State: TIMED_WAITING
        at java.lang.Object.wait(Native Method)
        at java.util.TimerThread.mainLoop(Timer.java:552)
        at java.util.TimerThread.run(Timer.java:505)
"qtp1089341986-138" daemon prio=5 tid=138 timed_waiting
java.lang.Thread.State: TIMED_WAITING
        at sun.misc.Unsafe.park(Native Method)
        at java.util.concurrent.locks.LockSupport.parkNanos(LockSupport.java:215)
        at java.util.concurrent.locks.AbstractQueuedSynchronizer$ConditionObject.awaitNanos(AbstractQueuedSynchronizer.java:2078)
        at org.eclipse.jetty.util.BlockingArrayQueue.poll(BlockingArrayQueue.java:392)
        at org.eclipse.jetty.util.thread.QueuedThreadPool.idleJobPoll(QueuedThreadPool.java:563)
        at org.eclipse.jetty.util.thread.QueuedThreadPool.access$800(QueuedThreadPool.java:48)
        at org.eclipse.jetty.util.thread.QueuedThreadPool$2.run(QueuedThreadPool.java:626)
        at java.lang.Thread.run(Thread.java:748)
"metrics-hadoop-metrics2-reporter-11-thread-1" daemon prio=5 tid=964 timed_waiting
java.lang.Thread.State: TIMED_WAITING
        at sun.misc.Unsafe.park(Native Method)
        at java.util.concurrent.locks.LockSupport.parkNanos(LockSupport.java:215)
        at java.util.concurrent.locks.AbstractQueuedSynchronizer$ConditionObject.awaitNanos(AbstractQueuedSynchronizer.java:2078)
        at java.util.concurrent.ScheduledThreadPoolExecutor$DelayedWorkQueue.take(ScheduledThreadPoolExecutor.java:1093)
        at java.util.concurrent.ScheduledThreadPoolExecutor$DelayedWorkQueue.take(ScheduledThreadPoolExecutor.java:809)
        at java.util.concurrent.ThreadPoolExecutor.getTask(ThreadPoolExecutor.java:1074)
        at java.util.concurrent.ThreadPoolExecutor.runWorker(ThreadPoolExecutor.java:1134)
        at java.util.concurrent.ThreadPoolExecutor$Worker.run(ThreadPoolExecutor.java:624)
        at java.lang.Thread.run(Thread.java:748)
"pool-76-thread-18"  prio=5 tid=764 in Object.wait()
java.lang.Thread.State: WAITING (on object monitor)
        at sun.misc.Unsafe.park(Native Method)
        at java.util.concurrent.locks.LockSupport.park(LockSupport.java:175)
        at java.util.concurrent.locks.AbstractQueuedSynchronizer$ConditionObject.await(AbstractQueuedSynchronizer.java:2039)
        at java.util.concurrent.ArrayBlockingQueue.take(ArrayBlockingQueue.java:403)
        at java.util.concurrent.ThreadPoolExecutor.getTask(ThreadPoolExecutor.java:1074)
        at java.util.concurrent.ThreadPoolExecutor.runWorker(ThreadPoolExecutor.java:1134)
        at java.util.concurrent.ThreadPoolExecutor$Worker.run(ThreadPoolExecutor.java:624)
        at java.lang.Thread.run(Thread.java:748)
"d4e5ac39-62a0-42b5-ac75-503c3fe19161@group-24F9B359B75D-StateMachineUpdater" daemon prio=5 tid=1047 in Object.wait()
java.lang.Thread.State: WAITING (on object monitor)
        at java.lang.Object.wait(Native Method)
        at java.lang.Object.wait(Object.java:502)
        at org.apache.ratis.server.impl.StateMachineUpdater.waitForCommit(StateMachineUpdater.java:194)
        at org.apache.ratis.server.impl.StateMachineUpdater.run(StateMachineUpdater.java:159)
        at java.lang.Thread.run(Thread.java:748)
"qtp1089341986-143" daemon prio=5 tid=143 timed_waiting
java.lang.Thread.State: TIMED_WAITING
        at sun.misc.Unsafe.park(Native Method)
        at java.util.concurrent.locks.LockSupport.parkNanos(LockSupport.java:215)
        at java.util.concurrent.locks.AbstractQueuedSynchronizer$ConditionObject.awaitNanos(AbstractQueuedSynchronizer.java:2078)
        at org.eclipse.jetty.util.BlockingArrayQueue.poll(BlockingArrayQueue.java:392)
        at org.eclipse.jetty.util.thread.QueuedThreadPool.idleJobPoll(QueuedThreadPool.java:563)
        at org.eclipse.jetty.util.thread.QueuedThreadPool.access$800(QueuedThreadPool.java:48)
        at org.eclipse.jetty.util.thread.QueuedThreadPool$2.run(QueuedThreadPool.java:626)
        at java.lang.Thread.run(Thread.java:748)
"metrics-hadoop-metrics2-reporter-29-thread-1" daemon prio=5 tid=1143 timed_waiting
java.lang.Thread.State: TIMED_WAITING
        at sun.misc.Unsafe.park(Native Method)
        at java.util.concurrent.locks.LockSupport.parkNanos(LockSupport.java:215)
        at java.util.concurrent.locks.AbstractQueuedSynchronizer$ConditionObject.awaitNanos(AbstractQueuedSynchronizer.java:2078)
        at java.util.concurrent.ScheduledThreadPoolExecutor$DelayedWorkQueue.take(ScheduledThreadPoolExecutor.java:1093)
        at java.util.concurrent.ScheduledThreadPoolExecutor$DelayedWorkQueue.take(ScheduledThreadPoolExecutor.java:809)
        at java.util.concurrent.ThreadPoolExecutor.getTask(ThreadPoolExecutor.java:1074)
        at java.util.concurrent.ThreadPoolExecutor.runWorker(ThreadPoolExecutor.java:1134)
        at java.util.concurrent.ThreadPoolExecutor$Worker.run(ThreadPoolExecutor.java:624)
        at java.lang.Thread.run(Thread.java:748)
"pool-117-thread-26"  prio=5 tid=1085 in Object.wait()
java.lang.Thread.State: WAITING (on object monitor)
        at sun.misc.Unsafe.park(Native Method)
        at java.util.concurrent.locks.LockSupport.park(LockSupport.java:175)
        at java.util.concurrent.locks.AbstractQueuedSynchronizer$ConditionObject.await(AbstractQueuedSynchronizer.java:2039)
        at java.util.concurrent.ArrayBlockingQueue.take(ArrayBlockingQueue.java:403)
        at java.util.concurrent.ThreadPoolExecutor.getTask(ThreadPoolExecutor.java:1074)
        at java.util.concurrent.ThreadPoolExecutor.runWorker(ThreadPoolExecutor.java:1134)
        at java.util.concurrent.ThreadPoolExecutor$Worker.run(ThreadPoolExecutor.java:624)
        at java.lang.Thread.run(Thread.java:748)
"pool-76-thread-28"  prio=5 tid=774 in Object.wait()
java.lang.Thread.State: WAITING (on object monitor)
        at sun.misc.Unsafe.park(Native Method)
        at java.util.concurrent.locks.LockSupport.park(LockSupport.java:175)
        at java.util.concurrent.locks.AbstractQueuedSynchronizer$ConditionObject.await(AbstractQueuedSynchronizer.java:2039)
        at java.util.concurrent.ArrayBlockingQueue.take(ArrayBlockingQueue.java:403)
        at java.util.concurrent.ThreadPoolExecutor.getTask(ThreadPoolExecutor.java:1074)
        at java.util.concurrent.ThreadPoolExecutor.runWorker(ThreadPoolExecutor.java:1134)
        at java.util.concurrent.ThreadPoolExecutor$Worker.run(ThreadPoolExecutor.java:624)
        at java.lang.Thread.run(Thread.java:748)
"pool-96-thread-28"  prio=5 tid=910 in Object.wait()
java.lang.Thread.State: WAITING (on object monitor)
        at sun.misc.Unsafe.park(Native Method)
        at java.util.concurrent.locks.LockSupport.park(LockSupport.java:175)
        at java.util.concurrent.locks.AbstractQueuedSynchronizer$ConditionObject.await(AbstractQueuedSynchronizer.java:2039)
        at java.util.concurrent.ArrayBlockingQueue.take(ArrayBlockingQueue.java:403)
        at java.util.concurrent.ThreadPoolExecutor.getTask(ThreadPoolExecutor.java:1074)
        at java.util.concurrent.ThreadPoolExecutor.runWorker(ThreadPoolExecutor.java:1134)
        at java.util.concurrent.ThreadPoolExecutor$Worker.run(ThreadPoolExecutor.java:624)
        at java.lang.Thread.run(Thread.java:748)
"IPC Server handler 6 on 37221" daemon prio=5 tid=121 timed_waiting
java.lang.Thread.State: TIMED_WAITING
        at sun.misc.Unsafe.park(Native Method)
        at java.util.concurrent.locks.LockSupport.parkNanos(LockSupport.java:215)
        at java.util.concurrent.locks.AbstractQueuedSynchronizer$ConditionObject.awaitNanos(AbstractQueuedSynchronizer.java:2078)
        at java.util.concurrent.LinkedBlockingQueue.poll(LinkedBlockingQueue.java:467)
        at org.apache.hadoop.ipc.CallQueueManager.take(CallQueueManager.java:288)
        at org.apache.hadoop.ipc.Server$Handler.run(Server.java:2668)
"qtp1680841335-243" daemon prio=5 tid=243 timed_waiting
java.lang.Thread.State: TIMED_WAITING
        at sun.misc.Unsafe.park(Native Method)
        at java.util.concurrent.locks.LockSupport.parkNanos(LockSupport.java:215)
        at java.util.concurrent.locks.AbstractQueuedSynchronizer$ConditionObject.awaitNanos(AbstractQueuedSynchronizer.java:2078)
        at org.eclipse.jetty.util.BlockingArrayQueue.poll(BlockingArrayQueue.java:392)
        at org.eclipse.jetty.util.thread.QueuedThreadPool.idleJobPoll(QueuedThreadPool.java:563)
        at org.eclipse.jetty.util.thread.QueuedThreadPool.access$800(QueuedThreadPool.java:48)
        at org.eclipse.jetty.util.thread.QueuedThreadPool$2.run(QueuedThreadPool.java:626)
        at java.lang.Thread.run(Thread.java:748)
"IPC Server handler 12 on 37838" daemon prio=5 tid=81 timed_waiting
java.lang.Thread.State: TIMED_WAITING
        at sun.misc.Unsafe.park(Native Method)
        at java.util.concurrent.locks.LockSupport.parkNanos(LockSupport.java:215)
        at java.util.concurrent.locks.AbstractQueuedSynchronizer$ConditionObject.awaitNanos(AbstractQueuedSynchronizer.java:2078)
        at java.util.concurrent.LinkedBlockingQueue.poll(LinkedBlockingQueue.java:467)
        at org.apache.hadoop.ipc.CallQueueManager.take(CallQueueManager.java:288)
        at org.apache.hadoop.ipc.Server$Handler.run(Server.java:2668)
"org.apache.ratis.server.impl.LogAppender$AppenderDaemon$$Lambda$565/1288450225@1d6f9094" daemon prio=5 tid=1303 timed_waiting
java.lang.Thread.State: TIMED_WAITING
        at java.lang.Object.wait(Native Method)
        at org.apache.ratis.grpc.server.GrpcLogAppender.mayWait(GrpcLogAppender.java:141)
        at org.apache.ratis.grpc.server.GrpcLogAppender.runAppenderImpl(GrpcLogAppender.java:95)
        at org.apache.ratis.server.impl.LogAppender$AppenderDaemon.run(LogAppender.java:76)
        at org.apache.ratis.server.impl.LogAppender$AppenderDaemon$$Lambda$565/1288450225.run(Unknown Source)
        at java.lang.Thread.run(Thread.java:748)
"pool-106-thread-25"  prio=5 tid=1004 in Object.wait()
java.lang.Thread.State: WAITING (on object monitor)
        at sun.misc.Unsafe.park(Native Method)
        at java.util.concurrent.locks.LockSupport.park(LockSupport.java:175)
        at java.util.concurrent.locks.AbstractQueuedSynchronizer$ConditionObject.await(AbstractQueuedSynchronizer.java:2039)
        at java.util.concurrent.ArrayBlockingQueue.take(ArrayBlockingQueue.java:403)
        at java.util.concurrent.ThreadPoolExecutor.getTask(ThreadPoolExecutor.java:1074)
        at java.util.concurrent.ThreadPoolExecutor.runWorker(ThreadPoolExecutor.java:1134)
        at java.util.concurrent.ThreadPoolExecutor$Worker.run(ThreadPoolExecutor.java:624)
        at java.lang.Thread.run(Thread.java:748)
"metrics-hadoop-metrics2-reporter-43-thread-1" daemon prio=5 tid=1186 timed_waiting
java.lang.Thread.State: TIMED_WAITING
        at sun.misc.Unsafe.park(Native Method)
        at java.util.concurrent.locks.LockSupport.parkNanos(LockSupport.java:215)
        at java.util.concurrent.locks.AbstractQueuedSynchronizer$ConditionObject.awaitNanos(AbstractQueuedSynchronizer.java:2078)
        at java.util.concurrent.ScheduledThreadPoolExecutor$DelayedWorkQueue.take(ScheduledThreadPoolExecutor.java:1093)
        at java.util.concurrent.ScheduledThreadPoolExecutor$DelayedWorkQueue.take(ScheduledThreadPoolExecutor.java:809)
        at java.util.concurrent.ThreadPoolExecutor.getTask(ThreadPoolExecutor.java:1074)
        at java.util.concurrent.ThreadPoolExecutor.runWorker(ThreadPoolExecutor.java:1134)
        at java.util.concurrent.ThreadPoolExecutor$Worker.run(ThreadPoolExecutor.java:624)
        at java.lang.Thread.run(Thread.java:748)
"Datanode ReportManager Thread - 2" daemon prio=5 tid=676 in Object.wait()
java.lang.Thread.State: WAITING (on object monitor)
        at sun.misc.Unsafe.park(Native Method)
        at java.util.concurrent.locks.LockSupport.park(LockSupport.java:175)
        at java.util.concurrent.locks.AbstractQueuedSynchronizer$ConditionObject.await(AbstractQueuedSynchronizer.java:2039)
        at java.util.concurrent.ScheduledThreadPoolExecutor$DelayedWorkQueue.take(ScheduledThreadPoolExecutor.java:1088)
        at java.util.concurrent.ScheduledThreadPoolExecutor$DelayedWorkQueue.take(ScheduledThreadPoolExecutor.java:809)
        at java.util.concurrent.ThreadPoolExecutor.getTask(ThreadPoolExecutor.java:1074)
        at java.util.concurrent.ThreadPoolExecutor.runWorker(ThreadPoolExecutor.java:1134)
        at java.util.concurrent.ThreadPoolExecutor$Worker.run(ThreadPoolExecutor.java:624)
        at java.lang.Thread.run(Thread.java:748)
"pool-46-thread-34"  prio=5 tid=478 in Object.wait()
java.lang.Thread.State: WAITING (on object monitor)
        at sun.misc.Unsafe.park(Native Method)
        at java.util.concurrent.locks.LockSupport.park(LockSupport.java:175)
        at java.util.concurrent.locks.AbstractQueuedSynchronizer$ConditionObject.await(AbstractQueuedSynchronizer.java:2039)
        at java.util.concurrent.ArrayBlockingQueue.take(ArrayBlockingQueue.java:403)
        at java.util.concurrent.ThreadPoolExecutor.getTask(ThreadPoolExecutor.java:1074)
        at java.util.concurrent.ThreadPoolExecutor.runWorker(ThreadPoolExecutor.java:1134)
        at java.util.concurrent.ThreadPoolExecutor$Worker.run(ThreadPoolExecutor.java:624)
        at java.lang.Thread.run(Thread.java:748)
"pool-76-thread-1"  prio=5 tid=747 in Object.wait()
java.lang.Thread.State: WAITING (on object monitor)
        at sun.misc.Unsafe.park(Native Method)
        at java.util.concurrent.locks.LockSupport.park(LockSupport.java:175)
        at java.util.concurrent.locks.AbstractQueuedSynchronizer$ConditionObject.await(AbstractQueuedSynchronizer.java:2039)
        at java.util.concurrent.ArrayBlockingQueue.take(ArrayBlockingQueue.java:403)
        at java.util.concurrent.ThreadPoolExecutor.getTask(ThreadPoolExecutor.java:1074)
        at java.util.concurrent.ThreadPoolExecutor.runWorker(ThreadPoolExecutor.java:1134)
        at java.util.concurrent.ThreadPoolExecutor$Worker.run(ThreadPoolExecutor.java:624)
        at java.lang.Thread.run(Thread.java:748)
"Thread-406" daemon prio=5 tid=1282 timed_waiting
java.lang.Thread.State: TIMED_WAITING
        at java.lang.Thread.sleep(Native Method)
        at org.apache.ratis.util.JavaUtils.sleep(JavaUtils.java:247)
        at org.apache.ratis.server.impl.FollowerState.run(FollowerState.java:97)
"pool-106-thread-22"  prio=5 tid=1001 in Object.wait()
java.lang.Thread.State: WAITING (on object monitor)
        at sun.misc.Unsafe.park(Native Method)
        at java.util.concurrent.locks.LockSupport.park(LockSupport.java:175)
        at java.util.concurrent.locks.AbstractQueuedSynchronizer$ConditionObject.await(AbstractQueuedSynchronizer.java:2039)
        at java.util.concurrent.ArrayBlockingQueue.take(ArrayBlockingQueue.java:403)
        at java.util.concurrent.ThreadPoolExecutor.getTask(ThreadPoolExecutor.java:1074)
        at java.util.concurrent.ThreadPoolExecutor.runWorker(ThreadPoolExecutor.java:1134)
        at java.util.concurrent.ThreadPoolExecutor$Worker.run(ThreadPoolExecutor.java:624)
        at java.lang.Thread.run(Thread.java:748)
"pool-66-thread-15"  prio=5 tid=652 in Object.wait()
java.lang.Thread.State: WAITING (on object monitor)
        at sun.misc.Unsafe.park(Native Method)
        at java.util.concurrent.locks.LockSupport.park(LockSupport.java:175)
        at java.util.concurrent.locks.AbstractQueuedSynchronizer$ConditionObject.await(AbstractQueuedSynchronizer.java:2039)
        at java.util.concurrent.ArrayBlockingQueue.take(ArrayBlockingQueue.java:403)
        at java.util.concurrent.ThreadPoolExecutor.getTask(ThreadPoolExecutor.java:1074)
        at java.util.concurrent.ThreadPoolExecutor.runWorker(ThreadPoolExecutor.java:1134)
        at java.util.concurrent.ThreadPoolExecutor$Worker.run(ThreadPoolExecutor.java:624)
        at java.lang.Thread.run(Thread.java:748)
"pool-56-thread-15"  prio=5 tid=401 in Object.wait()
java.lang.Thread.State: WAITING (on object monitor)
        at sun.misc.Unsafe.park(Native Method)
        at java.util.concurrent.locks.LockSupport.park(LockSupport.java:175)
        at java.util.concurrent.locks.AbstractQueuedSynchronizer$ConditionObject.await(AbstractQueuedSynchronizer.java:2039)
        at java.util.concurrent.ArrayBlockingQueue.take(ArrayBlockingQueue.java:403)
        at java.util.concurrent.ThreadPoolExecutor.getTask(ThreadPoolExecutor.java:1074)
        at java.util.concurrent.ThreadPoolExecutor.runWorker(ThreadPoolExecutor.java:1134)
        at java.util.concurrent.ThreadPoolExecutor$Worker.run(ThreadPoolExecutor.java:624)
        at java.lang.Thread.run(Thread.java:748)
"pool-96-thread-14"  prio=5 tid=896 in Object.wait()
java.lang.Thread.State: WAITING (on object monitor)
        at sun.misc.Unsafe.park(Native Method)
        at java.util.concurrent.locks.LockSupport.park(LockSupport.java:175)
        at java.util.concurrent.locks.AbstractQueuedSynchronizer$ConditionObject.await(AbstractQueuedSynchronizer.java:2039)
        at java.util.concurrent.ArrayBlockingQueue.take(ArrayBlockingQueue.java:403)
        at java.util.concurrent.ThreadPoolExecutor.getTask(ThreadPoolExecutor.java:1074)
        at java.util.concurrent.ThreadPoolExecutor.runWorker(ThreadPoolExecutor.java:1134)
        at java.util.concurrent.ThreadPoolExecutor$Worker.run(ThreadPoolExecutor.java:624)
        at java.lang.Thread.run(Thread.java:748)
"Periodic HDDS volume checker"  prio=5 tid=287 timed_waiting
java.lang.Thread.State: TIMED_WAITING
        at sun.misc.Unsafe.park(Native Method)
        at java.util.concurrent.locks.LockSupport.parkNanos(LockSupport.java:215)
        at java.util.concurrent.locks.AbstractQueuedSynchronizer$ConditionObject.awaitNanos(AbstractQueuedSynchronizer.java:2078)
        at java.util.concurrent.ScheduledThreadPoolExecutor$DelayedWorkQueue.take(ScheduledThreadPoolExecutor.java:1093)
        at java.util.concurrent.ScheduledThreadPoolExecutor$DelayedWorkQueue.take(ScheduledThreadPoolExecutor.java:809)
        at java.util.concurrent.ThreadPoolExecutor.getTask(ThreadPoolExecutor.java:1074)
        at java.util.concurrent.ThreadPoolExecutor.runWorker(ThreadPoolExecutor.java:1134)
        at java.util.concurrent.ThreadPoolExecutor$Worker.run(ThreadPoolExecutor.java:624)
        at java.lang.Thread.run(Thread.java:748)
"pool-56-thread-12"  prio=5 tid=384 in Object.wait()
java.lang.Thread.State: WAITING (on object monitor)
        at sun.misc.Unsafe.park(Native Method)
        at java.util.concurrent.locks.LockSupport.park(LockSupport.java:175)
        at java.util.concurrent.locks.AbstractQueuedSynchronizer$ConditionObject.await(AbstractQueuedSynchronizer.java:2039)
        at java.util.concurrent.ArrayBlockingQueue.take(ArrayBlockingQueue.java:403)
        at java.util.concurrent.ThreadPoolExecutor.getTask(ThreadPoolExecutor.java:1074)
        at java.util.concurrent.ThreadPoolExecutor.runWorker(ThreadPoolExecutor.java:1134)
        at java.util.concurrent.ThreadPoolExecutor$Worker.run(ThreadPoolExecutor.java:624)
        at java.lang.Thread.run(Thread.java:748)
"pool-56-thread-17"  prio=5 tid=410 in Object.wait()
java.lang.Thread.State: WAITING (on object monitor)
        at sun.misc.Unsafe.park(Native Method)
        at java.util.concurrent.locks.LockSupport.park(LockSupport.java:175)
        at java.util.concurrent.locks.AbstractQueuedSynchronizer$ConditionObject.await(AbstractQueuedSynchronizer.java:2039)
        at java.util.concurrent.ArrayBlockingQueue.take(ArrayBlockingQueue.java:403)
        at java.util.concurrent.ThreadPoolExecutor.getTask(ThreadPoolExecutor.java:1074)
        at java.util.concurrent.ThreadPoolExecutor.runWorker(ThreadPoolExecutor.java:1134)
        at java.util.concurrent.ThreadPoolExecutor$Worker.run(ThreadPoolExecutor.java:624)
        at java.lang.Thread.run(Thread.java:748)
"pool-36-thread-33"  prio=5 tid=483 in Object.wait()
java.lang.Thread.State: WAITING (on object monitor)
        at sun.misc.Unsafe.park(Native Method)
        at java.util.concurrent.locks.LockSupport.park(LockSupport.java:175)
        at java.util.concurrent.locks.AbstractQueuedSynchronizer$ConditionObject.await(AbstractQueuedSynchronizer.java:2039)
        at java.util.concurrent.ArrayBlockingQueue.take(ArrayBlockingQueue.java:403)
        at java.util.concurrent.ThreadPoolExecutor.getTask(ThreadPoolExecutor.java:1074)
        at java.util.concurrent.ThreadPoolExecutor.runWorker(ThreadPoolExecutor.java:1134)
        at java.util.concurrent.ThreadPoolExecutor$Worker.run(ThreadPoolExecutor.java:624)
        at java.lang.Thread.run(Thread.java:748)
"pool-66-thread-52"  prio=5 tid=697 in Object.wait()
java.lang.Thread.State: WAITING (on object monitor)
        at sun.misc.Unsafe.park(Native Method)
        at java.util.concurrent.locks.LockSupport.park(LockSupport.java:175)
        at java.util.concurrent.locks.AbstractQueuedSynchronizer$ConditionObject.await(AbstractQueuedSynchronizer.java:2039)
        at java.util.concurrent.ArrayBlockingQueue.take(ArrayBlockingQueue.java:403)
        at java.util.concurrent.ThreadPoolExecutor.getTask(ThreadPoolExecutor.java:1074)
        at java.util.concurrent.ThreadPoolExecutor.runWorker(ThreadPoolExecutor.java:1134)
        at java.util.concurrent.ThreadPoolExecutor$Worker.run(ThreadPoolExecutor.java:624)
        at java.lang.Thread.run(Thread.java:748)
"pool-56-thread-24"  prio=5 tid=435 in Object.wait()
java.lang.Thread.State: WAITING (on object monitor)
        at sun.misc.Unsafe.park(Native Method)
        at java.util.concurrent.locks.LockSupport.park(LockSupport.java:175)
        at java.util.concurrent.locks.AbstractQueuedSynchronizer$ConditionObject.await(AbstractQueuedSynchronizer.java:2039)
        at java.util.concurrent.ArrayBlockingQueue.take(ArrayBlockingQueue.java:403)
        at java.util.concurrent.ThreadPoolExecutor.getTask(ThreadPoolExecutor.java:1074)
        at java.util.concurrent.ThreadPoolExecutor.runWorker(ThreadPoolExecutor.java:1134)
        at java.util.concurrent.ThreadPoolExecutor$Worker.run(ThreadPoolExecutor.java:624)
        at java.lang.Thread.run(Thread.java:748)
"IPC Server handler 11 on 37838" daemon prio=5 tid=80 timed_waiting
java.lang.Thread.State: TIMED_WAITING
        at sun.misc.Unsafe.park(Native Method)
        at java.util.concurrent.locks.LockSupport.parkNanos(LockSupport.java:215)
        at java.util.concurrent.locks.AbstractQueuedSynchronizer$ConditionObject.awaitNanos(AbstractQueuedSynchronizer.java:2078)
        at java.util.concurrent.LinkedBlockingQueue.poll(LinkedBlockingQueue.java:467)
        at org.apache.hadoop.ipc.CallQueueManager.take(CallQueueManager.java:288)
        at org.apache.hadoop.ipc.Server$Handler.run(Server.java:2668)
"pool-117-thread-4"  prio=5 tid=1063 in Object.wait()
java.lang.Thread.State: WAITING (on object monitor)
        at sun.misc.Unsafe.park(Native Method)
        at java.util.concurrent.locks.LockSupport.park(LockSupport.java:175)
        at java.util.concurrent.locks.AbstractQueuedSynchronizer$ConditionObject.await(AbstractQueuedSynchronizer.java:2039)
        at java.util.concurrent.ArrayBlockingQueue.take(ArrayBlockingQueue.java:403)
        at java.util.concurrent.ThreadPoolExecutor.getTask(ThreadPoolExecutor.java:1074)
        at java.util.concurrent.ThreadPoolExecutor.runWorker(ThreadPoolExecutor.java:1134)
        at java.util.concurrent.ThreadPoolExecutor$Worker.run(ThreadPoolExecutor.java:624)
        at java.lang.Thread.run(Thread.java:748)
"pool-46-thread-21"  prio=5 tid=406 in Object.wait()
java.lang.Thread.State: WAITING (on object monitor)
        at sun.misc.Unsafe.park(Native Method)
        at java.util.concurrent.locks.LockSupport.park(LockSupport.java:175)
        at java.util.concurrent.locks.AbstractQueuedSynchronizer$ConditionObject.await(AbstractQueuedSynchronizer.java:2039)
        at java.util.concurrent.ArrayBlockingQueue.take(ArrayBlockingQueue.java:403)
        at java.util.concurrent.ThreadPoolExecutor.getTask(ThreadPoolExecutor.java:1074)
        at java.util.concurrent.ThreadPoolExecutor.runWorker(ThreadPoolExecutor.java:1134)
        at java.util.concurrent.ThreadPoolExecutor$Worker.run(ThreadPoolExecutor.java:624)
        at java.lang.Thread.run(Thread.java:748)
"IPC Server handler 19 on 40878" daemon prio=5 tid=68 timed_waiting
java.lang.Thread.State: TIMED_WAITING
        at sun.misc.Unsafe.park(Native Method)
        at java.util.concurrent.locks.LockSupport.parkNanos(LockSupport.java:215)
        at java.util.concurrent.locks.AbstractQueuedSynchronizer$ConditionObject.awaitNanos(AbstractQueuedSynchronizer.java:2078)
        at java.util.concurrent.LinkedBlockingQueue.poll(LinkedBlockingQueue.java:467)
        at org.apache.hadoop.ipc.CallQueueManager.take(CallQueueManager.java:288)
        at org.apache.hadoop.ipc.Server$Handler.run(Server.java:2668)
"EventQueue-CloseContainerForCloseContainerEventHandler"  prio=5 tid=1320 in Object.wait()
java.lang.Thread.State: WAITING (on object monitor)
        at sun.misc.Unsafe.park(Native Method)
        at java.util.concurrent.locks.LockSupport.park(LockSupport.java:175)
        at java.util.concurrent.locks.AbstractQueuedSynchronizer$ConditionObject.await(AbstractQueuedSynchronizer.java:2039)
        at java.util.concurrent.LinkedBlockingQueue.take(LinkedBlockingQueue.java:442)
        at java.util.concurrent.ThreadPoolExecutor.getTask(ThreadPoolExecutor.java:1074)
        at java.util.concurrent.ThreadPoolExecutor.runWorker(ThreadPoolExecutor.java:1134)
        at java.util.concurrent.ThreadPoolExecutor$Worker.run(ThreadPoolExecutor.java:624)
        at java.lang.Thread.run(Thread.java:748)
"metrics-hadoop-metrics2-reporter-32-thread-1" daemon prio=5 tid=1151 timed_waiting
java.lang.Thread.State: TIMED_WAITING
        at sun.misc.Unsafe.park(Native Method)
        at java.util.concurrent.locks.LockSupport.parkNanos(LockSupport.java:215)
        at java.util.concurrent.locks.AbstractQueuedSynchronizer$ConditionObject.awaitNanos(AbstractQueuedSynchronizer.java:2078)
        at java.util.concurrent.ScheduledThreadPoolExecutor$DelayedWorkQueue.take(ScheduledThreadPoolExecutor.java:1093)
        at java.util.concurrent.ScheduledThreadPoolExecutor$DelayedWorkQueue.take(ScheduledThreadPoolExecutor.java:809)
        at java.util.concurrent.ThreadPoolExecutor.getTask(ThreadPoolExecutor.java:1074)
        at java.util.concurrent.ThreadPoolExecutor.runWorker(ThreadPoolExecutor.java:1134)
        at java.util.concurrent.ThreadPoolExecutor$Worker.run(ThreadPoolExecutor.java:624)
        at java.lang.Thread.run(Thread.java:748)
"pool-86-thread-15"  prio=5 tid=833 in Object.wait()
java.lang.Thread.State: WAITING (on object monitor)
        at sun.misc.Unsafe.park(Native Method)
        at java.util.concurrent.locks.LockSupport.park(LockSupport.java:175)
        at java.util.concurrent.locks.AbstractQueuedSynchronizer$ConditionObject.await(AbstractQueuedSynchronizer.java:2039)
        at java.util.concurrent.ArrayBlockingQueue.take(ArrayBlockingQueue.java:403)
        at java.util.concurrent.ThreadPoolExecutor.getTask(ThreadPoolExecutor.java:1074)
        at java.util.concurrent.ThreadPoolExecutor.runWorker(ThreadPoolExecutor.java:1134)
        at java.util.concurrent.ThreadPoolExecutor$Worker.run(ThreadPoolExecutor.java:624)
        at java.lang.Thread.run(Thread.java:748)
"qtp303805531-219" daemon prio=5 tid=219 timed_waiting
java.lang.Thread.State: TIMED_WAITING
        at sun.misc.Unsafe.park(Native Method)
        at java.util.concurrent.locks.LockSupport.parkNanos(LockSupport.java:215)
        at java.util.concurrent.locks.AbstractQueuedSynchronizer$ConditionObject.awaitNanos(AbstractQueuedSynchronizer.java:2078)
        at org.eclipse.jetty.util.BlockingArrayQueue.poll(BlockingArrayQueue.java:392)
        at org.eclipse.jetty.util.thread.QueuedThreadPool.idleJobPoll(QueuedThreadPool.java:563)
        at org.eclipse.jetty.util.thread.QueuedThreadPool.access$800(QueuedThreadPool.java:48)
        at org.eclipse.jetty.util.thread.QueuedThreadPool$2.run(QueuedThreadPool.java:626)
        at java.lang.Thread.run(Thread.java:748)
"Thread-354" daemon prio=5 tid=1218 timed_waiting
java.lang.Thread.State: TIMED_WAITING
        at sun.misc.Unsafe.park(Native Method)
        at java.util.concurrent.locks.LockSupport.parkNanos(LockSupport.java:215)
        at java.util.concurrent.locks.AbstractQueuedSynchronizer$ConditionObject.awaitNanos(AbstractQueuedSynchronizer.java:2078)
        at java.util.concurrent.ArrayBlockingQueue.poll(ArrayBlockingQueue.java:418)
        at org.apache.ratis.server.impl.LeaderState$EventQueue.poll(LeaderState.java:116)
        at org.apache.ratis.server.impl.LeaderState$EventProcessor.run(LeaderState.java:468)
"IPC Server handler 3 on 37221" daemon prio=5 tid=118 timed_waiting
java.lang.Thread.State: TIMED_WAITING
        at sun.misc.Unsafe.park(Native Method)
        at java.util.concurrent.locks.LockSupport.parkNanos(LockSupport.java:215)
        at java.util.concurrent.locks.AbstractQueuedSynchronizer$ConditionObject.awaitNanos(AbstractQueuedSynchronizer.java:2078)
        at java.util.concurrent.LinkedBlockingQueue.poll(LinkedBlockingQueue.java:467)
        at org.apache.hadoop.ipc.CallQueueManager.take(CallQueueManager.java:288)
        at org.apache.hadoop.ipc.Server$Handler.run(Server.java:2668)
"IPC Server handler 9 on 40878" daemon prio=5 tid=58 timed_waiting
java.lang.Thread.State: TIMED_WAITING
        at sun.misc.Unsafe.park(Native Method)
        at java.util.concurrent.locks.LockSupport.parkNanos(LockSupport.java:215)
        at java.util.concurrent.locks.AbstractQueuedSynchronizer$ConditionObject.awaitNanos(AbstractQueuedSynchronizer.java:2078)
        at java.util.concurrent.LinkedBlockingQueue.poll(LinkedBlockingQueue.java:467)
        at org.apache.hadoop.ipc.CallQueueManager.take(CallQueueManager.java:288)
        at org.apache.hadoop.ipc.Server$Handler.run(Server.java:2668)
"pool-106-thread-56"  prio=5 tid=1035 in Object.wait()
java.lang.Thread.State: WAITING (on object monitor)
        at sun.misc.Unsafe.park(Native Method)
        at java.util.concurrent.locks.LockSupport.park(LockSupport.java:175)
        at java.util.concurrent.locks.AbstractQueuedSynchronizer$ConditionObject.await(AbstractQueuedSynchronizer.java:2039)
        at java.util.concurrent.ArrayBlockingQueue.take(ArrayBlockingQueue.java:403)
        at java.util.concurrent.ThreadPoolExecutor.getTask(ThreadPoolExecutor.java:1074)
        at java.util.concurrent.ThreadPoolExecutor.runWorker(ThreadPoolExecutor.java:1134)
        at java.util.concurrent.ThreadPoolExecutor$Worker.run(ThreadPoolExecutor.java:624)
        at java.lang.Thread.run(Thread.java:748)
"pool-36-thread-48"  prio=5 tid=549 in Object.wait()
java.lang.Thread.State: WAITING (on object monitor)
        at sun.misc.Unsafe.park(Native Method)
        at java.util.concurrent.locks.LockSupport.park(LockSupport.java:175)
        at java.util.concurrent.locks.AbstractQueuedSynchronizer$ConditionObject.await(AbstractQueuedSynchronizer.java:2039)
        at java.util.concurrent.ArrayBlockingQueue.take(ArrayBlockingQueue.java:403)
        at java.util.concurrent.ThreadPoolExecutor.getTask(ThreadPoolExecutor.java:1074)
        at java.util.concurrent.ThreadPoolExecutor.runWorker(ThreadPoolExecutor.java:1134)
        at java.util.concurrent.ThreadPoolExecutor$Worker.run(ThreadPoolExecutor.java:624)
        at java.lang.Thread.run(Thread.java:748)
"metrics-hadoop-metrics2-reporter-57-thread-1" daemon prio=5 tid=1272 timed_waiting
java.lang.Thread.State: TIMED_WAITING
        at sun.misc.Unsafe.park(Native Method)
        at java.util.concurrent.locks.LockSupport.parkNanos(LockSupport.java:215)
        at java.util.concurrent.locks.AbstractQueuedSynchronizer$ConditionObject.awaitNanos(AbstractQueuedSynchronizer.java:2078)
        at java.util.concurrent.ScheduledThreadPoolExecutor$DelayedWorkQueue.take(ScheduledThreadPoolExecutor.java:1093)
        at java.util.concurrent.ScheduledThreadPoolExecutor$DelayedWorkQueue.take(ScheduledThreadPoolExecutor.java:809)
        at java.util.concurrent.ThreadPoolExecutor.getTask(ThreadPoolExecutor.java:1074)
        at java.util.concurrent.ThreadPoolExecutor.runWorker(ThreadPoolExecutor.java:1134)
        at java.util.concurrent.ThreadPoolExecutor$Worker.run(ThreadPoolExecutor.java:624)
        at java.lang.Thread.run(Thread.java:748)
"IPC Server handler 8 on 40878" daemon prio=5 tid=57 timed_waiting
java.lang.Thread.State: TIMED_WAITING
        at sun.misc.Unsafe.park(Native Method)
        at java.util.concurrent.locks.LockSupport.parkNanos(LockSupport.java:215)
        at java.util.concurrent.locks.AbstractQueuedSynchronizer$ConditionObject.awaitNanos(AbstractQueuedSynchronizer.java:2078)
        at java.util.concurrent.LinkedBlockingQueue.poll(LinkedBlockingQueue.java:467)
        at org.apache.hadoop.ipc.CallQueueManager.take(CallQueueManager.java:288)
        at org.apache.hadoop.ipc.Server$Handler.run(Server.java:2668)
"IPC Client (981159997) connection to /0.0.0.0:39235 from jenkins1000" daemon prio=5 tid=1200 timed_waiting
java.lang.Thread.State: TIMED_WAITING
        at java.lang.Object.wait(Native Method)
        at org.apache.hadoop.ipc.Client$Connection.waitForWork(Client.java:1024)
        at org.apache.hadoop.ipc.Client$Connection.run(Client.java:1068)
"pool-106-thread-34"  prio=5 tid=1013 in Object.wait()
java.lang.Thread.State: WAITING (on object monitor)
        at sun.misc.Unsafe.park(Native Method)
        at java.util.concurrent.locks.LockSupport.park(LockSupport.java:175)
        at java.util.concurrent.locks.AbstractQueuedSynchronizer$ConditionObject.await(AbstractQueuedSynchronizer.java:2039)
        at java.util.concurrent.ArrayBlockingQueue.take(ArrayBlockingQueue.java:403)
        at java.util.concurrent.ThreadPoolExecutor.getTask(ThreadPoolExecutor.java:1074)
        at java.util.concurrent.ThreadPoolExecutor.runWorker(ThreadPoolExecutor.java:1134)
        at java.util.concurrent.ThreadPoolExecutor$Worker.run(ThreadPoolExecutor.java:624)
        at java.lang.Thread.run(Thread.java:748)
"pool-96-thread-22"  prio=5 tid=904 in Object.wait()
java.lang.Thread.State: WAITING (on object monitor)
        at sun.misc.Unsafe.park(Native Method)
        at java.util.concurrent.locks.LockSupport.park(LockSupport.java:175)
        at java.util.concurrent.locks.AbstractQueuedSynchronizer$ConditionObject.await(AbstractQueuedSynchronizer.java:2039)
        at java.util.concurrent.ArrayBlockingQueue.take(ArrayBlockingQueue.java:403)
        at java.util.concurrent.ThreadPoolExecutor.getTask(ThreadPoolExecutor.java:1074)
        at java.util.concurrent.ThreadPoolExecutor.runWorker(ThreadPoolExecutor.java:1134)
        at java.util.concurrent.ThreadPoolExecutor$Worker.run(ThreadPoolExecutor.java:624)
        at java.lang.Thread.run(Thread.java:748)
"pool-26-thread-3"  prio=5 tid=333 in Object.wait()
java.lang.Thread.State: WAITING (on object monitor)
        at sun.misc.Unsafe.park(Native Method)
        at java.util.concurrent.locks.LockSupport.park(LockSupport.java:175)
        at java.util.concurrent.locks.AbstractQueuedSynchronizer$ConditionObject.await(AbstractQueuedSynchronizer.java:2039)
        at java.util.concurrent.ArrayBlockingQueue.take(ArrayBlockingQueue.java:403)
        at java.util.concurrent.ThreadPoolExecutor.getTask(ThreadPoolExecutor.java:1074)
        at java.util.concurrent.ThreadPoolExecutor.runWorker(ThreadPoolExecutor.java:1134)
        at java.util.concurrent.ThreadPoolExecutor$Worker.run(ThreadPoolExecutor.java:624)
        at java.lang.Thread.run(Thread.java:748)
"pool-56-thread-33"  prio=5 tid=470 in Object.wait()
java.lang.Thread.State: WAITING (on object monitor)
        at sun.misc.Unsafe.park(Native Method)
        at java.util.concurrent.locks.LockSupport.park(LockSupport.java:175)
        at java.util.concurrent.locks.AbstractQueuedSynchronizer$ConditionObject.await(AbstractQueuedSynchronizer.java:2039)
        at java.util.concurrent.ArrayBlockingQueue.take(ArrayBlockingQueue.java:403)
        at java.util.concurrent.ThreadPoolExecutor.getTask(ThreadPoolExecutor.java:1074)
        at java.util.concurrent.ThreadPoolExecutor.runWorker(ThreadPoolExecutor.java:1134)
        at java.util.concurrent.ThreadPoolExecutor$Worker.run(ThreadPoolExecutor.java:624)
        at java.lang.Thread.run(Thread.java:748)
"pool-26-thread-26"  prio=5 tid=426 in Object.wait()
java.lang.Thread.State: WAITING (on object monitor)
        at sun.misc.Unsafe.park(Native Method)
        at java.util.concurrent.locks.LockSupport.park(LockSupport.java:175)
        at java.util.concurrent.locks.AbstractQueuedSynchronizer$ConditionObject.await(AbstractQueuedSynchronizer.java:2039)
        at java.util.concurrent.ArrayBlockingQueue.take(ArrayBlockingQueue.java:403)
        at java.util.concurrent.ThreadPoolExecutor.getTask(ThreadPoolExecutor.java:1074)
        at java.util.concurrent.ThreadPoolExecutor.runWorker(ThreadPoolExecutor.java:1134)
        at java.util.concurrent.ThreadPoolExecutor$Worker.run(ThreadPoolExecutor.java:624)
        at java.lang.Thread.run(Thread.java:748)
"refreshUsed-/workdir/hadoop-ozone/integration-test/target/test-dir/MiniOzoneClusterImpl-fc727f2e-e877-4159-90ff-4473a18561dc/datanode-5/data/containers" daemon prio=5 tid=289 timed_waiting
java.lang.Thread.State: TIMED_WAITING
        at java.lang.Thread.sleep(Native Method)
        at org.apache.hadoop.fs.CachingGetSpaceUsed$RefreshThread.run(CachingGetSpaceUsed.java:179)
        at java.lang.Thread.run(Thread.java:748)
"pool-36-thread-53"  prio=5 tid=562 in Object.wait()
java.lang.Thread.State: WAITING (on object monitor)
        at sun.misc.Unsafe.park(Native Method)
        at java.util.concurrent.locks.LockSupport.park(LockSupport.java:175)
        at java.util.concurrent.locks.AbstractQueuedSynchronizer$ConditionObject.await(AbstractQueuedSynchronizer.java:2039)
        at java.util.concurrent.ArrayBlockingQueue.take(ArrayBlockingQueue.java:403)
        at java.util.concurrent.ThreadPoolExecutor.getTask(ThreadPoolExecutor.java:1074)
        at java.util.concurrent.ThreadPoolExecutor.runWorker(ThreadPoolExecutor.java:1134)
        at java.util.concurrent.ThreadPoolExecutor$Worker.run(ThreadPoolExecutor.java:624)
        at java.lang.Thread.run(Thread.java:748)
"pool-56-thread-51"  prio=5 tid=543 in Object.wait()
java.lang.Thread.State: WAITING (on object monitor)
        at sun.misc.Unsafe.park(Native Method)
        at java.util.concurrent.locks.LockSupport.park(LockSupport.java:175)
        at java.util.concurrent.locks.AbstractQueuedSynchronizer$ConditionObject.await(AbstractQueuedSynchronizer.java:2039)
        at java.util.concurrent.ArrayBlockingQueue.take(ArrayBlockingQueue.java:403)
        at java.util.concurrent.ThreadPoolExecutor.getTask(ThreadPoolExecutor.java:1074)
        at java.util.concurrent.ThreadPoolExecutor.runWorker(ThreadPoolExecutor.java:1134)
        at java.util.concurrent.ThreadPoolExecutor$Worker.run(ThreadPoolExecutor.java:624)
        at java.lang.Thread.run(Thread.java:748)
"pool-66-thread-2"  prio=5 tid=638 in Object.wait()
java.lang.Thread.State: WAITING (on object monitor)
        at sun.misc.Unsafe.park(Native Method)
        at java.util.concurrent.locks.LockSupport.park(LockSupport.java:175)
        at java.util.concurrent.locks.AbstractQueuedSynchronizer$ConditionObject.await(AbstractQueuedSynchronizer.java:2039)
        at java.util.concurrent.ArrayBlockingQueue.take(ArrayBlockingQueue.java:403)
        at java.util.concurrent.ThreadPoolExecutor.getTask(ThreadPoolExecutor.java:1074)
        at java.util.concurrent.ThreadPoolExecutor.runWorker(ThreadPoolExecutor.java:1134)
        at java.util.concurrent.ThreadPoolExecutor$Worker.run(ThreadPoolExecutor.java:624)
        at java.lang.Thread.run(Thread.java:748)
"metrics-hadoop-metrics2-reporter-26-thread-1" daemon prio=5 tid=1135 timed_waiting
java.lang.Thread.State: TIMED_WAITING
        at sun.misc.Unsafe.park(Native Method)
        at java.util.concurrent.locks.LockSupport.parkNanos(LockSupport.java:215)
        at java.util.concurrent.locks.AbstractQueuedSynchronizer$ConditionObject.awaitNanos(AbstractQueuedSynchronizer.java:2078)
        at java.util.concurrent.ScheduledThreadPoolExecutor$DelayedWorkQueue.take(ScheduledThreadPoolExecutor.java:1093)
        at java.util.concurrent.ScheduledThreadPoolExecutor$DelayedWorkQueue.take(ScheduledThreadPoolExecutor.java:809)
        at java.util.concurrent.ThreadPoolExecutor.getTask(ThreadPoolExecutor.java:1074)
        at java.util.concurrent.ThreadPoolExecutor.runWorker(ThreadPoolExecutor.java:1134)
        at java.util.concurrent.ThreadPoolExecutor$Worker.run(ThreadPoolExecutor.java:624)
        at java.lang.Thread.run(Thread.java:748)
"org.eclipse.jetty.server.session.HashSessionManager@934b52fTimer" daemon prio=5 tid=275 timed_waiting
java.lang.Thread.State: TIMED_WAITING
        at sun.misc.Unsafe.park(Native Method)
        at java.util.concurrent.locks.LockSupport.parkNanos(LockSupport.java:215)
        at java.util.concurrent.locks.AbstractQueuedSynchronizer$ConditionObject.awaitNanos(AbstractQueuedSynchronizer.java:2078)
        at java.util.concurrent.ScheduledThreadPoolExecutor$DelayedWorkQueue.take(ScheduledThreadPoolExecutor.java:1093)
        at java.util.concurrent.ScheduledThreadPoolExecutor$DelayedWorkQueue.take(ScheduledThreadPoolExecutor.java:809)
        at java.util.concurrent.ThreadPoolExecutor.getTask(ThreadPoolExecutor.java:1074)
        at java.util.concurrent.ThreadPoolExecutor.runWorker(ThreadPoolExecutor.java:1134)
        at java.util.concurrent.ThreadPoolExecutor$Worker.run(ThreadPoolExecutor.java:624)
        at java.lang.Thread.run(Thread.java:748)
"pool-117-thread-40"  prio=5 tid=1099 in Object.wait()
java.lang.Thread.State: WAITING (on object monitor)
        at sun.misc.Unsafe.park(Native Method)
        at java.util.concurrent.locks.LockSupport.park(LockSupport.java:175)
        at java.util.concurrent.locks.AbstractQueuedSynchronizer$ConditionObject.await(AbstractQueuedSynchronizer.java:2039)
        at java.util.concurrent.ArrayBlockingQueue.take(ArrayBlockingQueue.java:403)
        at java.util.concurrent.ThreadPoolExecutor.getTask(ThreadPoolExecutor.java:1074)
        at java.util.concurrent.ThreadPoolExecutor.runWorker(ThreadPoolExecutor.java:1134)
        at java.util.concurrent.ThreadPoolExecutor$Worker.run(ThreadPoolExecutor.java:624)
        at java.lang.Thread.run(Thread.java:748)
"qtp1987707214-166" daemon prio=5 tid=166 timed_waiting
java.lang.Thread.State: TIMED_WAITING
        at sun.misc.Unsafe.park(Native Method)
        at java.util.concurrent.locks.LockSupport.parkNanos(LockSupport.java:215)
        at java.util.concurrent.locks.AbstractQueuedSynchronizer$ConditionObject.awaitNanos(AbstractQueuedSynchronizer.java:2078)
        at org.eclipse.jetty.util.BlockingArrayQueue.poll(BlockingArrayQueue.java:392)
        at org.eclipse.jetty.util.thread.QueuedThreadPool.idleJobPoll(QueuedThreadPool.java:563)
        at org.eclipse.jetty.util.thread.QueuedThreadPool.access$800(QueuedThreadPool.java:48)
        at org.eclipse.jetty.util.thread.QueuedThreadPool$2.run(QueuedThreadPool.java:626)
        at java.lang.Thread.run(Thread.java:748)
"pool-36-thread-44"  prio=5 tid=537 in Object.wait()
java.lang.Thread.State: WAITING (on object monitor)
        at sun.misc.Unsafe.park(Native Method)
        at java.util.concurrent.locks.LockSupport.park(LockSupport.java:175)
        at java.util.concurrent.locks.AbstractQueuedSynchronizer$ConditionObject.await(AbstractQueuedSynchronizer.java:2039)
        at java.util.concurrent.ArrayBlockingQueue.take(ArrayBlockingQueue.java:403)
        at java.util.concurrent.ThreadPoolExecutor.getTask(ThreadPoolExecutor.java:1074)
        at java.util.concurrent.ThreadPoolExecutor.runWorker(ThreadPoolExecutor.java:1134)
        at java.util.concurrent.ThreadPoolExecutor$Worker.run(ThreadPoolExecutor.java:624)
        at java.lang.Thread.run(Thread.java:748)
"pool-26-thread-11"  prio=5 tid=369 in Object.wait()
java.lang.Thread.State: WAITING (on object monitor)
        at sun.misc.Unsafe.park(Native Method)
        at java.util.concurrent.locks.LockSupport.park(LockSupport.java:175)
        at java.util.concurrent.locks.AbstractQueuedSynchronizer$ConditionObject.await(AbstractQueuedSynchronizer.java:2039)
        at java.util.concurrent.ArrayBlockingQueue.take(ArrayBlockingQueue.java:403)
        at java.util.concurrent.ThreadPoolExecutor.getTask(ThreadPoolExecutor.java:1074)
        at java.util.concurrent.ThreadPoolExecutor.runWorker(ThreadPoolExecutor.java:1134)
        at java.util.concurrent.ThreadPoolExecutor$Worker.run(ThreadPoolExecutor.java:624)
        at java.lang.Thread.run(Thread.java:748)
"Datanode State Machine Thread - 0" daemon prio=5 tid=666 timed_waiting
java.lang.Thread.State: TIMED_WAITING
        at java.lang.Thread.sleep(Native Method)
        at org.apache.hadoop.ozone.container.common.statemachine.DatanodeStateMachine.start(DatanodeStateMachine.java:191)
        at org.apache.hadoop.ozone.container.common.statemachine.DatanodeStateMachine.lambda$startDaemon$0(DatanodeStateMachine.java:349)
        at org.apache.hadoop.ozone.container.common.statemachine.DatanodeStateMachine$$Lambda$140/939829672.run(Unknown Source)
        at java.lang.Thread.run(Thread.java:748)
"org.eclipse.jetty.server.session.HashSessionManager@7ecec90dTimer" daemon prio=5 tid=221 timed_waiting
java.lang.Thread.State: TIMED_WAITING
        at sun.misc.Unsafe.park(Native Method)
        at java.util.concurrent.locks.LockSupport.parkNanos(LockSupport.java:215)
        at java.util.concurrent.locks.AbstractQueuedSynchronizer$ConditionObject.awaitNanos(AbstractQueuedSynchronizer.java:2078)
        at java.util.concurrent.ScheduledThreadPoolExecutor$DelayedWorkQueue.take(ScheduledThreadPoolExecutor.java:1093)
        at java.util.concurrent.ScheduledThreadPoolExecutor$DelayedWorkQueue.take(ScheduledThreadPoolExecutor.java:809)
        at java.util.concurrent.ThreadPoolExecutor.getTask(ThreadPoolExecutor.java:1074)
        at java.util.concurrent.ThreadPoolExecutor.runWorker(ThreadPoolExecutor.java:1134)
        at java.util.concurrent.ThreadPoolExecutor$Worker.run(ThreadPoolExecutor.java:624)
        at java.lang.Thread.run(Thread.java:748)
"IPC Server handler 15 on 37221" daemon prio=5 tid=130 timed_waiting
java.lang.Thread.State: TIMED_WAITING
        at sun.misc.Unsafe.park(Native Method)
        at java.util.concurrent.locks.LockSupport.parkNanos(LockSupport.java:215)
        at java.util.concurrent.locks.AbstractQueuedSynchronizer$ConditionObject.awaitNanos(AbstractQueuedSynchronizer.java:2078)
        at java.util.concurrent.LinkedBlockingQueue.poll(LinkedBlockingQueue.java:467)
        at org.apache.hadoop.ipc.CallQueueManager.take(CallQueueManager.java:288)
        at org.apache.hadoop.ipc.Server$Handler.run(Server.java:2668)
"DataNode DiskChecker thread 0" daemon prio=5 tid=320 timed_waiting
java.lang.Thread.State: TIMED_WAITING
        at sun.misc.Unsafe.park(Native Method)
        at java.util.concurrent.locks.LockSupport.parkNanos(LockSupport.java:215)
        at java.util.concurrent.SynchronousQueue$TransferStack.awaitFulfill(SynchronousQueue.java:460)
        at java.util.concurrent.SynchronousQueue$TransferStack.transfer(SynchronousQueue.java:362)
        at java.util.concurrent.SynchronousQueue.poll(SynchronousQueue.java:941)
        at java.util.concurrent.ThreadPoolExecutor.getTask(ThreadPoolExecutor.java:1073)
        at java.util.concurrent.ThreadPoolExecutor.runWorker(ThreadPoolExecutor.java:1134)
        at java.util.concurrent.ThreadPoolExecutor$Worker.run(ThreadPoolExecutor.java:624)
        at java.lang.Thread.run(Thread.java:748)
"qtp1089341986-139" daemon prio=5 tid=139 timed_waiting
java.lang.Thread.State: TIMED_WAITING
        at sun.misc.Unsafe.park(Native Method)
        at java.util.concurrent.locks.LockSupport.parkNanos(LockSupport.java:215)
        at java.util.concurrent.locks.AbstractQueuedSynchronizer$ConditionObject.awaitNanos(AbstractQueuedSynchronizer.java:2078)
        at org.eclipse.jetty.util.BlockingArrayQueue.poll(BlockingArrayQueue.java:392)
        at org.eclipse.jetty.util.thread.QueuedThreadPool.idleJobPoll(QueuedThreadPool.java:563)
        at org.eclipse.jetty.util.thread.QueuedThreadPool.access$800(QueuedThreadPool.java:48)
        at org.eclipse.jetty.util.thread.QueuedThreadPool$2.run(QueuedThreadPool.java:626)
        at java.lang.Thread.run(Thread.java:748)
"pool-56-thread-45"  prio=5 tid=524 in Object.wait()
java.lang.Thread.State: WAITING (on object monitor)
        at sun.misc.Unsafe.park(Native Method)
        at java.util.concurrent.locks.LockSupport.park(LockSupport.java:175)
        at java.util.concurrent.locks.AbstractQueuedSynchronizer$ConditionObject.await(AbstractQueuedSynchronizer.java:2039)
        at java.util.concurrent.ArrayBlockingQueue.take(ArrayBlockingQueue.java:403)
        at java.util.concurrent.ThreadPoolExecutor.getTask(ThreadPoolExecutor.java:1074)
        at java.util.concurrent.ThreadPoolExecutor.runWorker(ThreadPoolExecutor.java:1134)
        at java.util.concurrent.ThreadPoolExecutor$Worker.run(ThreadPoolExecutor.java:624)
        at java.lang.Thread.run(Thread.java:748)
"pool-56-thread-58"  prio=5 tid=573 in Object.wait()
java.lang.Thread.State: WAITING (on object monitor)
        at sun.misc.Unsafe.park(Native Method)
        at java.util.concurrent.locks.LockSupport.park(LockSupport.java:175)
        at java.util.concurrent.locks.AbstractQueuedSynchronizer$ConditionObject.await(AbstractQueuedSynchronizer.java:2039)
        at java.util.concurrent.ArrayBlockingQueue.take(ArrayBlockingQueue.java:403)
        at java.util.concurrent.ThreadPoolExecutor.getTask(ThreadPoolExecutor.java:1074)
        at java.util.concurrent.ThreadPoolExecutor.runWorker(ThreadPoolExecutor.java:1134)
        at java.util.concurrent.ThreadPoolExecutor$Worker.run(ThreadPoolExecutor.java:624)
        at java.lang.Thread.run(Thread.java:748)
"IPC Server handler 0 on 39235" daemon prio=5 tid=29 timed_waiting
java.lang.Thread.State: TIMED_WAITING
        at sun.misc.Unsafe.park(Native Method)
        at java.util.concurrent.locks.LockSupport.parkNanos(LockSupport.java:215)
        at java.util.concurrent.locks.AbstractQueuedSynchronizer$ConditionObject.awaitNanos(AbstractQueuedSynchronizer.java:2078)
        at java.util.concurrent.LinkedBlockingQueue.poll(LinkedBlockingQueue.java:467)
        at org.apache.hadoop.ipc.CallQueueManager.take(CallQueueManager.java:288)
        at org.apache.hadoop.ipc.Server$Handler.run(Server.java:2668)
"pool-26-thread-53"  prio=5 tid=511 in Object.wait()
java.lang.Thread.State: WAITING (on object monitor)
        at sun.misc.Unsafe.park(Native Method)
        at java.util.concurrent.locks.LockSupport.park(LockSupport.java:175)
        at java.util.concurrent.locks.AbstractQueuedSynchronizer$ConditionObject.await(AbstractQueuedSynchronizer.java:2039)
        at java.util.concurrent.ArrayBlockingQueue.take(ArrayBlockingQueue.java:403)
        at java.util.concurrent.ThreadPoolExecutor.getTask(ThreadPoolExecutor.java:1074)
        at java.util.concurrent.ThreadPoolExecutor.runWorker(ThreadPoolExecutor.java:1134)
        at java.util.concurrent.ThreadPoolExecutor$Worker.run(ThreadPoolExecutor.java:624)
        at java.lang.Thread.run(Thread.java:748)
"pool-36-thread-4"  prio=5 tid=340 in Object.wait()
java.lang.Thread.State: WAITING (on object monitor)
        at sun.misc.Unsafe.park(Native Method)
        at java.util.concurrent.locks.LockSupport.park(LockSupport.java:175)
        at java.util.concurrent.locks.AbstractQueuedSynchronizer$ConditionObject.await(AbstractQueuedSynchronizer.java:2039)
        at java.util.concurrent.ArrayBlockingQueue.take(ArrayBlockingQueue.java:403)
        at java.util.concurrent.ThreadPoolExecutor.getTask(ThreadPoolExecutor.java:1074)
        at java.util.concurrent.ThreadPoolExecutor.runWorker(ThreadPoolExecutor.java:1134)
        at java.util.concurrent.ThreadPoolExecutor$Worker.run(ThreadPoolExecutor.java:624)
        at java.lang.Thread.run(Thread.java:748)
"6c42b2c0-be2d-45a9-9e22-a67f6ac9562e@group-01AE132E748A-SegmentedRaftLogWorker"  prio=5 tid=1182 timed_waiting
java.lang.Thread.State: TIMED_WAITING
        at sun.misc.Unsafe.park(Native Method)
        at java.util.concurrent.locks.LockSupport.parkNanos(LockSupport.java:215)
        at java.util.concurrent.locks.AbstractQueuedSynchronizer$ConditionObject.awaitNanos(AbstractQueuedSynchronizer.java:2078)
        at org.apache.ratis.util.DataBlockingQueue.poll(DataBlockingQueue.java:137)
        at org.apache.ratis.server.raftlog.segmented.SegmentedRaftLogWorker.run(SegmentedRaftLogWorker.java:282)
        at java.lang.Thread.run(Thread.java:748)
"pool-66-thread-29"  prio=5 tid=667 in Object.wait()
java.lang.Thread.State: WAITING (on object monitor)
        at sun.misc.Unsafe.park(Native Method)
        at java.util.concurrent.locks.LockSupport.park(LockSupport.java:175)
        at java.util.concurrent.locks.AbstractQueuedSynchronizer$ConditionObject.await(AbstractQueuedSynchronizer.java:2039)
        at java.util.concurrent.ArrayBlockingQueue.take(ArrayBlockingQueue.java:403)
        at java.util.concurrent.ThreadPoolExecutor.getTask(ThreadPoolExecutor.java:1074)
        at java.util.concurrent.ThreadPoolExecutor.runWorker(ThreadPoolExecutor.java:1134)
        at java.util.concurrent.ThreadPoolExecutor$Worker.run(ThreadPoolExecutor.java:624)
        at java.lang.Thread.run(Thread.java:748)
"metrics-hadoop-metrics2-reporter-53-thread-1" daemon prio=5 tid=1228 timed_waiting
java.lang.Thread.State: TIMED_WAITING
        at sun.misc.Unsafe.park(Native Method)
        at java.util.concurrent.locks.LockSupport.parkNanos(LockSupport.java:215)
        at java.util.concurrent.locks.AbstractQueuedSynchronizer$ConditionObject.awaitNanos(AbstractQueuedSynchronizer.java:2078)
        at java.util.concurrent.ScheduledThreadPoolExecutor$DelayedWorkQueue.take(ScheduledThreadPoolExecutor.java:1093)
        at java.util.concurrent.ScheduledThreadPoolExecutor$DelayedWorkQueue.take(ScheduledThreadPoolExecutor.java:809)
        at java.util.concurrent.ThreadPoolExecutor.getTask(ThreadPoolExecutor.java:1074)
        at java.util.concurrent.ThreadPoolExecutor.runWorker(ThreadPoolExecutor.java:1134)
        at java.util.concurrent.ThreadPoolExecutor$Worker.run(ThreadPoolExecutor.java:624)
        at java.lang.Thread.run(Thread.java:748)
"metrics-hadoop-metrics2-reporter-34-thread-1" daemon prio=5 tid=1156 timed_waiting
java.lang.Thread.State: TIMED_WAITING
        at sun.misc.Unsafe.park(Native Method)
        at java.util.concurrent.locks.LockSupport.parkNanos(LockSupport.java:215)
        at java.util.concurrent.locks.AbstractQueuedSynchronizer$ConditionObject.awaitNanos(AbstractQueuedSynchronizer.java:2078)
        at java.util.concurrent.ScheduledThreadPoolExecutor$DelayedWorkQueue.take(ScheduledThreadPoolExecutor.java:1093)
        at java.util.concurrent.ScheduledThreadPoolExecutor$DelayedWorkQueue.take(ScheduledThreadPoolExecutor.java:809)
        at java.util.concurrent.ThreadPoolExecutor.getTask(ThreadPoolExecutor.java:1074)
        at java.util.concurrent.ThreadPoolExecutor.runWorker(ThreadPoolExecutor.java:1134)
        at java.util.concurrent.ThreadPoolExecutor$Worker.run(ThreadPoolExecutor.java:624)
        at java.lang.Thread.run(Thread.java:748)
"pool-76-thread-41"  prio=5 tid=787 in Object.wait()
java.lang.Thread.State: WAITING (on object monitor)
        at sun.misc.Unsafe.park(Native Method)
        at java.util.concurrent.locks.LockSupport.park(LockSupport.java:175)
        at java.util.concurrent.locks.AbstractQueuedSynchronizer$ConditionObject.await(AbstractQueuedSynchronizer.java:2039)
        at java.util.concurrent.ArrayBlockingQueue.take(ArrayBlockingQueue.java:403)
        at java.util.concurrent.ThreadPoolExecutor.getTask(ThreadPoolExecutor.java:1074)
        at java.util.concurrent.ThreadPoolExecutor.runWorker(ThreadPoolExecutor.java:1134)
        at java.util.concurrent.ThreadPoolExecutor$Worker.run(ThreadPoolExecutor.java:624)
        at java.lang.Thread.run(Thread.java:748)
"Datanode State Machine Thread - 0" daemon prio=5 tid=602 timed_waiting
java.lang.Thread.State: TIMED_WAITING
        at java.lang.Thread.sleep(Native Method)
        at org.apache.hadoop.ozone.container.common.statemachine.DatanodeStateMachine.start(DatanodeStateMachine.java:191)
        at org.apache.hadoop.ozone.container.common.statemachine.DatanodeStateMachine.lambda$startDaemon$0(DatanodeStateMachine.java:349)
        at org.apache.hadoop.ozone.container.common.statemachine.DatanodeStateMachine$$Lambda$140/939829672.run(Unknown Source)
        at java.lang.Thread.run(Thread.java:748)
"pool-56-thread-3"  prio=5 tid=344 in Object.wait()
java.lang.Thread.State: WAITING (on object monitor)
        at sun.misc.Unsafe.park(Native Method)
        at java.util.concurrent.locks.LockSupport.park(LockSupport.java:175)
        at java.util.concurrent.locks.AbstractQueuedSynchronizer$ConditionObject.await(AbstractQueuedSynchronizer.java:2039)
        at java.util.concurrent.ArrayBlockingQueue.take(ArrayBlockingQueue.java:403)
        at java.util.concurrent.ThreadPoolExecutor.getTask(ThreadPoolExecutor.java:1074)
        at java.util.concurrent.ThreadPoolExecutor.runWorker(ThreadPoolExecutor.java:1134)
        at java.util.concurrent.ThreadPoolExecutor$Worker.run(ThreadPoolExecutor.java:624)
        at java.lang.Thread.run(Thread.java:748)
"Thread-493" daemon prio=5 tid=1384 timed_waiting
java.lang.Thread.State: TIMED_WAITING
        at sun.misc.Unsafe.park(Native Method)
        at java.util.concurrent.locks.LockSupport.parkNanos(LockSupport.java:215)
        at java.util.concurrent.locks.AbstractQueuedSynchronizer$ConditionObject.awaitNanos(AbstractQueuedSynchronizer.java:2078)
        at java.util.concurrent.ArrayBlockingQueue.poll(ArrayBlockingQueue.java:418)
        at org.apache.ratis.server.impl.LeaderState$EventQueue.poll(LeaderState.java:116)
        at org.apache.ratis.server.impl.LeaderState$EventProcessor.run(LeaderState.java:468)
"pool-117-thread-30"  prio=5 tid=1089 in Object.wait()
java.lang.Thread.State: WAITING (on object monitor)
        at sun.misc.Unsafe.park(Native Method)
        at java.util.concurrent.locks.LockSupport.park(LockSupport.java:175)
        at java.util.concurrent.locks.AbstractQueuedSynchronizer$ConditionObject.await(AbstractQueuedSynchronizer.java:2039)
        at java.util.concurrent.ArrayBlockingQueue.take(ArrayBlockingQueue.java:403)
        at java.util.concurrent.ThreadPoolExecutor.getTask(ThreadPoolExecutor.java:1074)
        at java.util.concurrent.ThreadPoolExecutor.runWorker(ThreadPoolExecutor.java:1134)
        at java.util.concurrent.ThreadPoolExecutor$Worker.run(ThreadPoolExecutor.java:624)
        at java.lang.Thread.run(Thread.java:748)
"Thread-365" daemon prio=5 tid=1233 timed_waiting
java.lang.Thread.State: TIMED_WAITING
        at java.lang.Thread.sleep(Native Method)
        at org.apache.ratis.util.JavaUtils.sleep(JavaUtils.java:247)
        at org.apache.ratis.server.impl.FollowerState.run(FollowerState.java:97)
"pool-117-thread-51"  prio=5 tid=1110 in Object.wait()
java.lang.Thread.State: WAITING (on object monitor)
        at sun.misc.Unsafe.park(Native Method)
        at java.util.concurrent.locks.LockSupport.park(LockSupport.java:175)
        at java.util.concurrent.locks.AbstractQueuedSynchronizer$ConditionObject.await(AbstractQueuedSynchronizer.java:2039)
        at java.util.concurrent.ArrayBlockingQueue.take(ArrayBlockingQueue.java:403)
        at java.util.concurrent.ThreadPoolExecutor.getTask(ThreadPoolExecutor.java:1074)
        at java.util.concurrent.ThreadPoolExecutor.runWorker(ThreadPoolExecutor.java:1134)
        at java.util.concurrent.ThreadPoolExecutor$Worker.run(ThreadPoolExecutor.java:624)
        at java.lang.Thread.run(Thread.java:748)
"pool-106-thread-57"  prio=5 tid=1037 in Object.wait()
java.lang.Thread.State: WAITING (on object monitor)
        at sun.misc.Unsafe.park(Native Method)
        at java.util.concurrent.locks.LockSupport.park(LockSupport.java:175)
        at java.util.concurrent.locks.AbstractQueuedSynchronizer$ConditionObject.await(AbstractQueuedSynchronizer.java:2039)
        at java.util.concurrent.ArrayBlockingQueue.take(ArrayBlockingQueue.java:403)
        at java.util.concurrent.ThreadPoolExecutor.getTask(ThreadPoolExecutor.java:1074)
        at java.util.concurrent.ThreadPoolExecutor.runWorker(ThreadPoolExecutor.java:1134)
        at java.util.concurrent.ThreadPoolExecutor$Worker.run(ThreadPoolExecutor.java:624)
        at java.lang.Thread.run(Thread.java:748)
"metrics-hadoop-metrics2-reporter-54-thread-1" daemon prio=5 tid=1235 timed_waiting
java.lang.Thread.State: TIMED_WAITING
        at sun.misc.Unsafe.park(Native Method)
        at java.util.concurrent.locks.LockSupport.parkNanos(LockSupport.java:215)
        at java.util.concurrent.locks.AbstractQueuedSynchronizer$ConditionObject.awaitNanos(AbstractQueuedSynchronizer.java:2078)
        at java.util.concurrent.ScheduledThreadPoolExecutor$DelayedWorkQueue.take(ScheduledThreadPoolExecutor.java:1093)
        at java.util.concurrent.ScheduledThreadPoolExecutor$DelayedWorkQueue.take(ScheduledThreadPoolExecutor.java:809)
        at java.util.concurrent.ThreadPoolExecutor.getTask(ThreadPoolExecutor.java:1074)
        at java.util.concurrent.ThreadPoolExecutor.runWorker(ThreadPoolExecutor.java:1134)
        at java.util.concurrent.ThreadPoolExecutor$Worker.run(ThreadPoolExecutor.java:624)
        at java.lang.Thread.run(Thread.java:748)
"pool-36-thread-55"  prio=5 tid=570 in Object.wait()
java.lang.Thread.State: WAITING (on object monitor)
        at sun.misc.Unsafe.park(Native Method)
        at java.util.concurrent.locks.LockSupport.park(LockSupport.java:175)
        at java.util.concurrent.locks.AbstractQueuedSynchronizer$ConditionObject.await(AbstractQueuedSynchronizer.java:2039)
        at java.util.concurrent.ArrayBlockingQueue.take(ArrayBlockingQueue.java:403)
        at java.util.concurrent.ThreadPoolExecutor.getTask(ThreadPoolExecutor.java:1074)
        at java.util.concurrent.ThreadPoolExecutor.runWorker(ThreadPoolExecutor.java:1134)
        at java.util.concurrent.ThreadPoolExecutor$Worker.run(ThreadPoolExecutor.java:624)
        at java.lang.Thread.run(Thread.java:748)
"IPC Server Responder" daemon prio=5 tid=25 runnable
java.lang.Thread.State: RUNNABLE
        at sun.nio.ch.EPollArrayWrapper.epollWait(Native Method)
        at sun.nio.ch.EPollArrayWrapper.poll(EPollArrayWrapper.java:269)
        at sun.nio.ch.EPollSelectorImpl.doSelect(EPollSelectorImpl.java:93)
        at sun.nio.ch.SelectorImpl.lockAndDoSelect(SelectorImpl.java:86)
        at sun.nio.ch.SelectorImpl.select(SelectorImpl.java:97)
        at org.apache.hadoop.ipc.Server$Responder.doRunLoop(Server.java:1334)
        at org.apache.hadoop.ipc.Server$Responder.run(Server.java:1317)
"org.apache.hadoop.util.JvmPauseMonitor$Monitor@56585904" daemon prio=5 tid=257 timed_waiting
java.lang.Thread.State: TIMED_WAITING
        at java.lang.Thread.sleep(Native Method)
        at org.apache.hadoop.util.JvmPauseMonitor$Monitor.run(JvmPauseMonitor.java:192)
        at java.lang.Thread.run(Thread.java:748)
"595afd9b-8d20-4100-8f7e-109b072917a4@group-C458FCA03E22-SegmentedRaftLogWorker"  prio=5 tid=1163 timed_waiting
java.lang.Thread.State: TIMED_WAITING
        at sun.misc.Unsafe.park(Native Method)
        at java.util.concurrent.locks.LockSupport.parkNanos(LockSupport.java:215)
        at java.util.concurrent.locks.AbstractQueuedSynchronizer$ConditionObject.awaitNanos(AbstractQueuedSynchronizer.java:2078)
        at org.apache.ratis.util.DataBlockingQueue.poll(DataBlockingQueue.java:137)
        at org.apache.ratis.server.raftlog.segmented.SegmentedRaftLogWorker.run(SegmentedRaftLogWorker.java:282)
        at java.lang.Thread.run(Thread.java:748)
"pool-76-thread-50"  prio=5 tid=796 in Object.wait()
java.lang.Thread.State: WAITING (on object monitor)
        at sun.misc.Unsafe.park(Native Method)
        at java.util.concurrent.locks.LockSupport.park(LockSupport.java:175)
        at java.util.concurrent.locks.AbstractQueuedSynchronizer$ConditionObject.await(AbstractQueuedSynchronizer.java:2039)
        at java.util.concurrent.ArrayBlockingQueue.take(ArrayBlockingQueue.java:403)
        at java.util.concurrent.ThreadPoolExecutor.getTask(ThreadPoolExecutor.java:1074)
        at java.util.concurrent.ThreadPoolExecutor.runWorker(ThreadPoolExecutor.java:1134)
        at java.util.concurrent.ThreadPoolExecutor$Worker.run(ThreadPoolExecutor.java:624)
        at java.lang.Thread.run(Thread.java:748)
"4ff74892-3196-4f54-95eb-cd6f2bc728e2@group-759C21E9D490-StateMachineUpdater" daemon prio=5 tid=947 in Object.wait()
java.lang.Thread.State: WAITING (on object monitor)
        at java.lang.Object.wait(Native Method)
        at java.lang.Object.wait(Object.java:502)
        at org.apache.ratis.server.impl.StateMachineUpdater.waitForCommit(StateMachineUpdater.java:194)
        at org.apache.ratis.server.impl.StateMachineUpdater.run(StateMachineUpdater.java:159)
        at java.lang.Thread.run(Thread.java:748)
"pool-96-thread-47"  prio=5 tid=929 in Object.wait()
java.lang.Thread.State: WAITING (on object monitor)
        at sun.misc.Unsafe.park(Native Method)
        at java.util.concurrent.locks.LockSupport.park(LockSupport.java:175)
        at java.util.concurrent.locks.AbstractQueuedSynchronizer$ConditionObject.await(AbstractQueuedSynchronizer.java:2039)
        at java.util.concurrent.ArrayBlockingQueue.take(ArrayBlockingQueue.java:403)
        at java.util.concurrent.ThreadPoolExecutor.getTask(ThreadPoolExecutor.java:1074)
        at java.util.concurrent.ThreadPoolExecutor.runWorker(ThreadPoolExecutor.java:1134)
        at java.util.concurrent.ThreadPoolExecutor$Worker.run(ThreadPoolExecutor.java:624)
        at java.lang.Thread.run(Thread.java:748)
"Datanode State Machine Thread - 0" daemon prio=5 tid=308 timed_waiting
java.lang.Thread.State: TIMED_WAITING
        at java.lang.Thread.sleep(Native Method)
        at org.apache.hadoop.ozone.container.common.statemachine.DatanodeStateMachine.start(DatanodeStateMachine.java:191)
        at org.apache.hadoop.ozone.container.common.statemachine.DatanodeStateMachine.lambda$startDaemon$0(DatanodeStateMachine.java:349)
        at org.apache.hadoop.ozone.container.common.statemachine.DatanodeStateMachine$$Lambda$140/939829672.run(Unknown Source)
        at java.lang.Thread.run(Thread.java:748)
"pool-96-thread-41"  prio=5 tid=923 in Object.wait()
java.lang.Thread.State: WAITING (on object monitor)
        at sun.misc.Unsafe.park(Native Method)
        at java.util.concurrent.locks.LockSupport.park(LockSupport.java:175)
        at java.util.concurrent.locks.AbstractQueuedSynchronizer$ConditionObject.await(AbstractQueuedSynchronizer.java:2039)
        at java.util.concurrent.ArrayBlockingQueue.take(ArrayBlockingQueue.java:403)
        at java.util.concurrent.ThreadPoolExecutor.getTask(ThreadPoolExecutor.java:1074)
        at java.util.concurrent.ThreadPoolExecutor.runWorker(ThreadPoolExecutor.java:1134)
        at java.util.concurrent.ThreadPoolExecutor$Worker.run(ThreadPoolExecutor.java:624)
        at java.lang.Thread.run(Thread.java:748)
"pool-66-thread-47"  prio=5 tid=692 in Object.wait()
java.lang.Thread.State: WAITING (on object monitor)
        at sun.misc.Unsafe.park(Native Method)
        at java.util.concurrent.locks.LockSupport.park(LockSupport.java:175)
        at java.util.concurrent.locks.AbstractQueuedSynchronizer$ConditionObject.await(AbstractQueuedSynchronizer.java:2039)
        at java.util.concurrent.ArrayBlockingQueue.take(ArrayBlockingQueue.java:403)
        at java.util.concurrent.ThreadPoolExecutor.getTask(ThreadPoolExecutor.java:1074)
        at java.util.concurrent.ThreadPoolExecutor.runWorker(ThreadPoolExecutor.java:1134)
        at java.util.concurrent.ThreadPoolExecutor$Worker.run(ThreadPoolExecutor.java:624)
        at java.lang.Thread.run(Thread.java:748)
"IPC Client (981159997) connection to localhost/127.0.0.1:37221 from jenkins1000" daemon prio=5 tid=1199 timed_waiting
java.lang.Thread.State: TIMED_WAITING
        at java.lang.Object.wait(Native Method)
        at org.apache.hadoop.ipc.Client$Connection.waitForWork(Client.java:1024)
        at org.apache.hadoop.ipc.Client$Connection.run(Client.java:1068)
"pool-36-thread-16"  prio=5 tid=393 in Object.wait()
java.lang.Thread.State: WAITING (on object monitor)
        at sun.misc.Unsafe.park(Native Method)
        at java.util.concurrent.locks.LockSupport.park(LockSupport.java:175)
        at java.util.concurrent.locks.AbstractQueuedSynchronizer$ConditionObject.await(AbstractQueuedSynchronizer.java:2039)
        at java.util.concurrent.ArrayBlockingQueue.take(ArrayBlockingQueue.java:403)
        at java.util.concurrent.ThreadPoolExecutor.getTask(ThreadPoolExecutor.java:1074)
        at java.util.concurrent.ThreadPoolExecutor.runWorker(ThreadPoolExecutor.java:1134)
        at java.util.concurrent.ThreadPoolExecutor$Worker.run(ThreadPoolExecutor.java:624)
        at java.lang.Thread.run(Thread.java:748)
"pool-96-thread-8"  prio=5 tid=890 in Object.wait()
java.lang.Thread.State: WAITING (on object monitor)
        at sun.misc.Unsafe.park(Native Method)
        at java.util.concurrent.locks.LockSupport.park(LockSupport.java:175)
        at java.util.concurrent.locks.AbstractQueuedSynchronizer$ConditionObject.await(AbstractQueuedSynchronizer.java:2039)
        at java.util.concurrent.ArrayBlockingQueue.take(ArrayBlockingQueue.java:403)
        at java.util.concurrent.ThreadPoolExecutor.getTask(ThreadPoolExecutor.java:1074)
        at java.util.concurrent.ThreadPoolExecutor.runWorker(ThreadPoolExecutor.java:1134)
        at java.util.concurrent.ThreadPoolExecutor$Worker.run(ThreadPoolExecutor.java:624)
        at java.lang.Thread.run(Thread.java:748)
"Signal Dispatcher" daemon prio=9 tid=4 runnable
java.lang.Thread.State: RUNNABLE
"pool-117-thread-32"  prio=5 tid=1091 in Object.wait()
java.lang.Thread.State: WAITING (on object monitor)
        at sun.misc.Unsafe.park(Native Method)
        at java.util.concurrent.locks.LockSupport.park(LockSupport.java:175)
        at java.util.concurrent.locks.AbstractQueuedSynchronizer$ConditionObject.await(AbstractQueuedSynchronizer.java:2039)
        at java.util.concurrent.ArrayBlockingQueue.take(ArrayBlockingQueue.java:403)
        at java.util.concurrent.ThreadPoolExecutor.getTask(ThreadPoolExecutor.java:1074)
        at java.util.concurrent.ThreadPoolExecutor.runWorker(ThreadPoolExecutor.java:1134)
        at java.util.concurrent.ThreadPoolExecutor$Worker.run(ThreadPoolExecutor.java:624)
        at java.lang.Thread.run(Thread.java:748)
"pool-56-thread-14"  prio=5 tid=397 in Object.wait()
java.lang.Thread.State: WAITING (on object monitor)
        at sun.misc.Unsafe.park(Native Method)
        at java.util.concurrent.locks.LockSupport.park(LockSupport.java:175)
        at java.util.concurrent.locks.AbstractQueuedSynchronizer$ConditionObject.await(AbstractQueuedSynchronizer.java:2039)
        at java.util.concurrent.ArrayBlockingQueue.take(ArrayBlockingQueue.java:403)
        at java.util.concurrent.ThreadPoolExecutor.getTask(ThreadPoolExecutor.java:1074)
        at java.util.concurrent.ThreadPoolExecutor.runWorker(ThreadPoolExecutor.java:1134)
        at java.util.concurrent.ThreadPoolExecutor$Worker.run(ThreadPoolExecutor.java:624)
        at java.lang.Thread.run(Thread.java:748)
"Command processor thread" daemon prio=5 tid=202 timed_waiting
java.lang.Thread.State: TIMED_WAITING
        at java.lang.Thread.sleep(Native Method)
        at org.apache.hadoop.ozone.container.common.statemachine.DatanodeStateMachine.lambda$initCommandHandlerThread$1(DatanodeStateMachine.java:439)
        at org.apache.hadoop.ozone.container.common.statemachine.DatanodeStateMachine$$Lambda$141/1487479796.run(Unknown Source)
        at java.lang.Thread.run(Thread.java:748)
"pool-96-thread-7"  prio=5 tid=889 in Object.wait()
java.lang.Thread.State: WAITING (on object monitor)
        at sun.misc.Unsafe.park(Native Method)
        at java.util.concurrent.locks.LockSupport.park(LockSupport.java:175)
        at java.util.concurrent.locks.AbstractQueuedSynchronizer$ConditionObject.await(AbstractQueuedSynchronizer.java:2039)
        at java.util.concurrent.ArrayBlockingQueue.take(ArrayBlockingQueue.java:403)
        at java.util.concurrent.ThreadPoolExecutor.getTask(ThreadPoolExecutor.java:1074)
        at java.util.concurrent.ThreadPoolExecutor.runWorker(ThreadPoolExecutor.java:1134)
        at java.util.concurrent.ThreadPoolExecutor$Worker.run(ThreadPoolExecutor.java:624)
        at java.lang.Thread.run(Thread.java:748)
"BlockDeletingService#1" daemon prio=5 tid=634 in Object.wait()
java.lang.Thread.State: WAITING (on object monitor)
        at sun.misc.Unsafe.park(Native Method)
        at java.util.concurrent.locks.LockSupport.park(LockSupport.java:175)
        at java.util.concurrent.locks.AbstractQueuedSynchronizer$ConditionObject.await(AbstractQueuedSynchronizer.java:2039)
        at java.util.concurrent.ScheduledThreadPoolExecutor$DelayedWorkQueue.take(ScheduledThreadPoolExecutor.java:1088)
        at java.util.concurrent.ScheduledThreadPoolExecutor$DelayedWorkQueue.take(ScheduledThreadPoolExecutor.java:809)
        at java.util.concurrent.ThreadPoolExecutor.getTask(ThreadPoolExecutor.java:1074)
        at java.util.concurrent.ThreadPoolExecutor.runWorker(ThreadPoolExecutor.java:1134)
        at java.util.concurrent.ThreadPoolExecutor$Worker.run(ThreadPoolExecutor.java:624)
        at java.lang.Thread.run(Thread.java:748)
"pool-80-thread-1"  prio=5 tid=293 timed_waiting
java.lang.Thread.State: TIMED_WAITING
        at sun.misc.Unsafe.park(Native Method)
        at java.util.concurrent.locks.LockSupport.parkNanos(LockSupport.java:215)
        at java.util.concurrent.locks.AbstractQueuedSynchronizer$ConditionObject.awaitNanos(AbstractQueuedSynchronizer.java:2078)
        at java.util.concurrent.ScheduledThreadPoolExecutor$DelayedWorkQueue.take(ScheduledThreadPoolExecutor.java:1093)
        at java.util.concurrent.ScheduledThreadPoolExecutor$DelayedWorkQueue.take(ScheduledThreadPoolExecutor.java:809)
        at java.util.concurrent.ThreadPoolExecutor.getTask(ThreadPoolExecutor.java:1074)
        at java.util.concurrent.ThreadPoolExecutor.runWorker(ThreadPoolExecutor.java:1134)
        at java.util.concurrent.ThreadPoolExecutor$Worker.run(ThreadPoolExecutor.java:624)
        at java.lang.Thread.run(Thread.java:748)
"pool-56-thread-50"  prio=5 tid=538 in Object.wait()
java.lang.Thread.State: WAITING (on object monitor)
        at sun.misc.Unsafe.park(Native Method)
        at java.util.concurrent.locks.LockSupport.park(LockSupport.java:175)
        at java.util.concurrent.locks.AbstractQueuedSynchronizer$ConditionObject.await(AbstractQueuedSynchronizer.java:2039)
        at java.util.concurrent.ArrayBlockingQueue.take(ArrayBlockingQueue.java:403)
        at java.util.concurrent.ThreadPoolExecutor.getTask(ThreadPoolExecutor.java:1074)
        at java.util.concurrent.ThreadPoolExecutor.runWorker(ThreadPoolExecutor.java:1134)
        at java.util.concurrent.ThreadPoolExecutor$Worker.run(ThreadPoolExecutor.java:624)
        at java.lang.Thread.run(Thread.java:748)
"pool-46-thread-26"  prio=5 tid=429 in Object.wait()
java.lang.Thread.State: WAITING (on object monitor)
        at sun.misc.Unsafe.park(Native Method)
        at java.util.concurrent.locks.LockSupport.park(LockSupport.java:175)
        at java.util.concurrent.locks.AbstractQueuedSynchronizer$ConditionObject.await(AbstractQueuedSynchronizer.java:2039)
        at java.util.concurrent.ArrayBlockingQueue.take(ArrayBlockingQueue.java:403)
        at java.util.concurrent.ThreadPoolExecutor.getTask(ThreadPoolExecutor.java:1074)
        at java.util.concurrent.ThreadPoolExecutor.runWorker(ThreadPoolExecutor.java:1134)
        at java.util.concurrent.ThreadPoolExecutor$Worker.run(ThreadPoolExecutor.java:624)
        at java.lang.Thread.run(Thread.java:748)
"org.apache.ratis.server.impl.LogAppender$AppenderDaemon$$Lambda$565/1288450225@6477e4a2" daemon prio=5 tid=1304 timed_waiting
java.lang.Thread.State: TIMED_WAITING
        at java.lang.Object.wait(Native Method)
        at org.apache.ratis.grpc.server.GrpcLogAppender.mayWait(GrpcLogAppender.java:141)
        at org.apache.ratis.grpc.server.GrpcLogAppender.runAppenderImpl(GrpcLogAppender.java:95)
        at org.apache.ratis.server.impl.LogAppender$AppenderDaemon.run(LogAppender.java:76)
        at org.apache.ratis.server.impl.LogAppender$AppenderDaemon$$Lambda$565/1288450225.run(Unknown Source)
        at java.lang.Thread.run(Thread.java:748)
"pool-46-thread-58"  prio=5 tid=581 in Object.wait()
java.lang.Thread.State: WAITING (on object monitor)
        at sun.misc.Unsafe.park(Native Method)
        at java.util.concurrent.locks.LockSupport.park(LockSupport.java:175)
        at java.util.concurrent.locks.AbstractQueuedSynchronizer$ConditionObject.await(AbstractQueuedSynchronizer.java:2039)
        at java.util.concurrent.ArrayBlockingQueue.take(ArrayBlockingQueue.java:403)
        at java.util.concurrent.ThreadPoolExecutor.getTask(ThreadPoolExecutor.java:1074)
        at java.util.concurrent.ThreadPoolExecutor.runWorker(ThreadPoolExecutor.java:1134)
        at java.util.concurrent.ThreadPoolExecutor$Worker.run(ThreadPoolExecutor.java:624)
        at java.lang.Thread.run(Thread.java:748)
"Socket Reader #1 for port 37221"  prio=5 tid=108 runnable
java.lang.Thread.State: RUNNABLE
        at sun.nio.ch.EPollArrayWrapper.epollWait(Native Method)
        at sun.nio.ch.EPollArrayWrapper.poll(EPollArrayWrapper.java:269)
        at sun.nio.ch.EPollSelectorImpl.doSelect(EPollSelectorImpl.java:93)
        at sun.nio.ch.SelectorImpl.lockAndDoSelect(SelectorImpl.java:86)
        at sun.nio.ch.SelectorImpl.select(SelectorImpl.java:97)
        at sun.nio.ch.SelectorImpl.select(SelectorImpl.java:101)
        at org.apache.hadoop.ipc.Server$Listener$Reader.doRunLoop(Server.java:1097)
        at org.apache.hadoop.ipc.Server$Listener$Reader.run(Server.java:1076)
"pool-86-thread-28"  prio=5 tid=846 in Object.wait()
java.lang.Thread.State: WAITING (on object monitor)
        at sun.misc.Unsafe.park(Native Method)
        at java.util.concurrent.locks.LockSupport.park(LockSupport.java:175)
        at java.util.concurrent.locks.AbstractQueuedSynchronizer$ConditionObject.await(AbstractQueuedSynchronizer.java:2039)
        at java.util.concurrent.ArrayBlockingQueue.take(ArrayBlockingQueue.java:403)
        at java.util.concurrent.ThreadPoolExecutor.getTask(ThreadPoolExecutor.java:1074)
        at java.util.concurrent.ThreadPoolExecutor.runWorker(ThreadPoolExecutor.java:1134)
        at java.util.concurrent.ThreadPoolExecutor$Worker.run(ThreadPoolExecutor.java:624)
        at java.lang.Thread.run(Thread.java:748)
"org.eclipse.jetty.server.session.HashSessionManager@4c2af006Timer" daemon prio=5 tid=642 timed_waiting
java.lang.Thread.State: TIMED_WAITING
        at sun.misc.Unsafe.park(Native Method)
        at java.util.concurrent.locks.LockSupport.parkNanos(LockSupport.java:215)
        at java.util.concurrent.locks.AbstractQueuedSynchronizer$ConditionObject.awaitNanos(AbstractQueuedSynchronizer.java:2078)
        at java.util.concurrent.ScheduledThreadPoolExecutor$DelayedWorkQueue.take(ScheduledThreadPoolExecutor.java:1093)
        at java.util.concurrent.ScheduledThreadPoolExecutor$DelayedWorkQueue.take(ScheduledThreadPoolExecutor.java:809)
        at java.util.concurrent.ThreadPoolExecutor.getTask(ThreadPoolExecutor.java:1074)
        at java.util.concurrent.ThreadPoolExecutor.runWorker(ThreadPoolExecutor.java:1134)
        at java.util.concurrent.ThreadPoolExecutor$Worker.run(ThreadPoolExecutor.java:624)
        at java.lang.Thread.run(Thread.java:748)
"pool-26-thread-36"  prio=5 tid=452 in Object.wait()
java.lang.Thread.State: WAITING (on object monitor)
        at sun.misc.Unsafe.park(Native Method)
        at java.util.concurrent.locks.LockSupport.park(LockSupport.java:175)
        at java.util.concurrent.locks.AbstractQueuedSynchronizer$ConditionObject.await(AbstractQueuedSynchronizer.java:2039)
        at java.util.concurrent.ArrayBlockingQueue.take(ArrayBlockingQueue.java:403)
        at java.util.concurrent.ThreadPoolExecutor.getTask(ThreadPoolExecutor.java:1074)
        at java.util.concurrent.ThreadPoolExecutor.runWorker(ThreadPoolExecutor.java:1134)
        at java.util.concurrent.ThreadPoolExecutor$Worker.run(ThreadPoolExecutor.java:624)
        at java.lang.Thread.run(Thread.java:748)
"IPC Server handler 19 on 37838" daemon prio=5 tid=88 timed_waiting
java.lang.Thread.State: TIMED_WAITING
        at sun.misc.Unsafe.park(Native Method)
        at java.util.concurrent.locks.LockSupport.parkNanos(LockSupport.java:215)
        at java.util.concurrent.locks.AbstractQueuedSynchronizer$ConditionObject.awaitNanos(AbstractQueuedSynchronizer.java:2078)
        at java.util.concurrent.LinkedBlockingQueue.poll(LinkedBlockingQueue.java:467)
        at org.apache.hadoop.ipc.CallQueueManager.take(CallQueueManager.java:288)
        at org.apache.hadoop.ipc.Server$Handler.run(Server.java:2668)
"org.eclipse.jetty.server.session.HashSessionManager@671c4166Timer" daemon prio=5 tid=627 timed_waiting
java.lang.Thread.State: TIMED_WAITING
        at sun.misc.Unsafe.park(Native Method)
        at java.util.concurrent.locks.LockSupport.parkNanos(LockSupport.java:215)
        at java.util.concurrent.locks.AbstractQueuedSynchronizer$ConditionObject.awaitNanos(AbstractQueuedSynchronizer.java:2078)
        at java.util.concurrent.ScheduledThreadPoolExecutor$DelayedWorkQueue.take(ScheduledThreadPoolExecutor.java:1093)
        at java.util.concurrent.ScheduledThreadPoolExecutor$DelayedWorkQueue.take(ScheduledThreadPoolExecutor.java:809)
        at java.util.concurrent.ThreadPoolExecutor.getTask(ThreadPoolExecutor.java:1074)
        at java.util.concurrent.ThreadPoolExecutor.runWorker(ThreadPoolExecutor.java:1134)
        at java.util.concurrent.ThreadPoolExecutor$Worker.run(ThreadPoolExecutor.java:624)
        at java.lang.Thread.run(Thread.java:748)
"pool-86-thread-40"  prio=5 tid=858 in Object.wait()
java.lang.Thread.State: WAITING (on object monitor)
        at sun.misc.Unsafe.park(Native Method)
        at java.util.concurrent.locks.LockSupport.park(LockSupport.java:175)
        at java.util.concurrent.locks.AbstractQueuedSynchronizer$ConditionObject.await(AbstractQueuedSynchronizer.java:2039)
        at java.util.concurrent.ArrayBlockingQueue.take(ArrayBlockingQueue.java:403)
        at java.util.concurrent.ThreadPoolExecutor.getTask(ThreadPoolExecutor.java:1074)
        at java.util.concurrent.ThreadPoolExecutor.runWorker(ThreadPoolExecutor.java:1134)
        at java.util.concurrent.ThreadPoolExecutor$Worker.run(ThreadPoolExecutor.java:624)
        at java.lang.Thread.run(Thread.java:748)
"refreshUsed-/workdir/hadoop-ozone/integration-test/target/test-dir/MiniOzoneClusterImpl-fc727f2e-e877-4159-90ff-4473a18561dc/datanode-9/data/containers" daemon prio=5 tid=709 timed_waiting
java.lang.Thread.State: TIMED_WAITING
        at java.lang.Thread.sleep(Native Method)
        at org.apache.hadoop.fs.CachingGetSpaceUsed$RefreshThread.run(CachingGetSpaceUsed.java:179)
        at java.lang.Thread.run(Thread.java:748)
"pool-66-thread-35"  prio=5 tid=675 in Object.wait()
java.lang.Thread.State: WAITING (on object monitor)
        at sun.misc.Unsafe.park(Native Method)
        at java.util.concurrent.locks.LockSupport.park(LockSupport.java:175)
        at java.util.concurrent.locks.AbstractQueuedSynchronizer$ConditionObject.await(AbstractQueuedSynchronizer.java:2039)
        at java.util.concurrent.ArrayBlockingQueue.take(ArrayBlockingQueue.java:403)
        at java.util.concurrent.ThreadPoolExecutor.getTask(ThreadPoolExecutor.java:1074)
        at java.util.concurrent.ThreadPoolExecutor.runWorker(ThreadPoolExecutor.java:1134)
        at java.util.concurrent.ThreadPoolExecutor$Worker.run(ThreadPoolExecutor.java:624)
        at java.lang.Thread.run(Thread.java:748)
"pool-66-thread-34"  prio=5 tid=674 in Object.wait()
java.lang.Thread.State: WAITING (on object monitor)
        at sun.misc.Unsafe.park(Native Method)
        at java.util.concurrent.locks.LockSupport.park(LockSupport.java:175)
        at java.util.concurrent.locks.AbstractQueuedSynchronizer$ConditionObject.await(AbstractQueuedSynchronizer.java:2039)
        at java.util.concurrent.ArrayBlockingQueue.take(ArrayBlockingQueue.java:403)
        at java.util.concurrent.ThreadPoolExecutor.getTask(ThreadPoolExecutor.java:1074)
        at java.util.concurrent.ThreadPoolExecutor.runWorker(ThreadPoolExecutor.java:1134)
        at java.util.concurrent.ThreadPoolExecutor$Worker.run(ThreadPoolExecutor.java:624)
        at java.lang.Thread.run(Thread.java:748)
"metrics-hadoop-metrics2-reporter-47-thread-1" daemon prio=5 tid=1193 timed_waiting
java.lang.Thread.State: TIMED_WAITING
        at sun.misc.Unsafe.park(Native Method)
        at java.util.concurrent.locks.LockSupport.parkNanos(LockSupport.java:215)
        at java.util.concurrent.locks.AbstractQueuedSynchronizer$ConditionObject.awaitNanos(AbstractQueuedSynchronizer.java:2078)
        at java.util.concurrent.ScheduledThreadPoolExecutor$DelayedWorkQueue.take(ScheduledThreadPoolExecutor.java:1093)
        at java.util.concurrent.ScheduledThreadPoolExecutor$DelayedWorkQueue.take(ScheduledThreadPoolExecutor.java:809)
        at java.util.concurrent.ThreadPoolExecutor.getTask(ThreadPoolExecutor.java:1074)
        at java.util.concurrent.ThreadPoolExecutor.runWorker(ThreadPoolExecutor.java:1134)
        at java.util.concurrent.ThreadPoolExecutor$Worker.run(ThreadPoolExecutor.java:624)
        at java.lang.Thread.run(Thread.java:748)
"metrics-hadoop-metrics2-reporter-17-thread-1" daemon prio=5 tid=1050 timed_waiting
java.lang.Thread.State: TIMED_WAITING
        at sun.misc.Unsafe.park(Native Method)
        at java.util.concurrent.locks.LockSupport.parkNanos(LockSupport.java:215)
        at java.util.concurrent.locks.AbstractQueuedSynchronizer$ConditionObject.awaitNanos(AbstractQueuedSynchronizer.java:2078)
        at java.util.concurrent.ScheduledThreadPoolExecutor$DelayedWorkQueue.take(ScheduledThreadPoolExecutor.java:1093)
        at java.util.concurrent.ScheduledThreadPoolExecutor$DelayedWorkQueue.take(ScheduledThreadPoolExecutor.java:809)
        at java.util.concurrent.ThreadPoolExecutor.getTask(ThreadPoolExecutor.java:1074)
        at java.util.concurrent.ThreadPoolExecutor.runWorker(ThreadPoolExecutor.java:1134)
        at java.util.concurrent.ThreadPoolExecutor$Worker.run(ThreadPoolExecutor.java:624)
        at java.lang.Thread.run(Thread.java:748)
"pool-46-thread-5"  prio=5 tid=329 in Object.wait()
java.lang.Thread.State: WAITING (on object monitor)
        at sun.misc.Unsafe.park(Native Method)
        at java.util.concurrent.locks.LockSupport.park(LockSupport.java:175)
        at java.util.concurrent.locks.AbstractQueuedSynchronizer$ConditionObject.await(AbstractQueuedSynchronizer.java:2039)
        at java.util.concurrent.ArrayBlockingQueue.take(ArrayBlockingQueue.java:403)
        at java.util.concurrent.ThreadPoolExecutor.getTask(ThreadPoolExecutor.java:1074)
        at java.util.concurrent.ThreadPoolExecutor.runWorker(ThreadPoolExecutor.java:1134)
        at java.util.concurrent.ThreadPoolExecutor$Worker.run(ThreadPoolExecutor.java:624)
        at java.lang.Thread.run(Thread.java:748)
"qtp303805531-216" daemon prio=5 tid=216 timed_waiting
java.lang.Thread.State: TIMED_WAITING
        at sun.misc.Unsafe.park(Native Method)
        at java.util.concurrent.locks.LockSupport.parkNanos(LockSupport.java:215)
        at java.util.concurrent.locks.AbstractQueuedSynchronizer$ConditionObject.awaitNanos(AbstractQueuedSynchronizer.java:2078)
        at org.eclipse.jetty.util.BlockingArrayQueue.poll(BlockingArrayQueue.java:392)
        at org.eclipse.jetty.util.thread.QueuedThreadPool.idleJobPoll(QueuedThreadPool.java:563)
        at org.eclipse.jetty.util.thread.QueuedThreadPool.access$800(QueuedThreadPool.java:48)
        at org.eclipse.jetty.util.thread.QueuedThreadPool$2.run(QueuedThreadPool.java:626)
        at java.lang.Thread.run(Thread.java:748)
"Timer-0"  prio=5 tid=112 timed_waiting
java.lang.Thread.State: TIMED_WAITING
        at java.lang.Object.wait(Native Method)
        at java.util.TimerThread.mainLoop(Timer.java:552)
        at java.util.TimerThread.run(Timer.java:505)
"pool-66-thread-59"  prio=5 tid=704 in Object.wait()
java.lang.Thread.State: WAITING (on object monitor)
        at sun.misc.Unsafe.park(Native Method)
        at java.util.concurrent.locks.LockSupport.park(LockSupport.java:175)
        at java.util.concurrent.locks.AbstractQueuedSynchronizer$ConditionObject.await(AbstractQueuedSynchronizer.java:2039)
        at java.util.concurrent.ArrayBlockingQueue.take(ArrayBlockingQueue.java:403)
        at java.util.concurrent.ThreadPoolExecutor.getTask(ThreadPoolExecutor.java:1074)
        at java.util.concurrent.ThreadPoolExecutor.runWorker(ThreadPoolExecutor.java:1134)
        at java.util.concurrent.ThreadPoolExecutor$Worker.run(ThreadPoolExecutor.java:624)
        at java.lang.Thread.run(Thread.java:748)
"IPC Server handler 15 on 37838" daemon prio=5 tid=84 timed_waiting
java.lang.Thread.State: TIMED_WAITING
        at sun.misc.Unsafe.park(Native Method)
        at java.util.concurrent.locks.LockSupport.parkNanos(LockSupport.java:215)
        at java.util.concurrent.locks.AbstractQueuedSynchronizer$ConditionObject.awaitNanos(AbstractQueuedSynchronizer.java:2078)
        at java.util.concurrent.LinkedBlockingQueue.poll(LinkedBlockingQueue.java:467)
        at org.apache.hadoop.ipc.CallQueueManager.take(CallQueueManager.java:288)
        at org.apache.hadoop.ipc.Server$Handler.run(Server.java:2668)
"pool-66-thread-9"  prio=5 tid=646 in Object.wait()
java.lang.Thread.State: WAITING (on object monitor)
        at sun.misc.Unsafe.park(Native Method)
        at java.util.concurrent.locks.LockSupport.park(LockSupport.java:175)
        at java.util.concurrent.locks.AbstractQueuedSynchronizer$ConditionObject.await(AbstractQueuedSynchronizer.java:2039)
        at java.util.concurrent.ArrayBlockingQueue.take(ArrayBlockingQueue.java:403)
        at java.util.concurrent.ThreadPoolExecutor.getTask(ThreadPoolExecutor.java:1074)
        at java.util.concurrent.ThreadPoolExecutor.runWorker(ThreadPoolExecutor.java:1134)
        at java.util.concurrent.ThreadPoolExecutor$Worker.run(ThreadPoolExecutor.java:624)
        at java.lang.Thread.run(Thread.java:748)
"pool-66-thread-56"  prio=5 tid=701 in Object.wait()
java.lang.Thread.State: WAITING (on object monitor)
        at sun.misc.Unsafe.park(Native Method)
        at java.util.concurrent.locks.LockSupport.park(LockSupport.java:175)
        at java.util.concurrent.locks.AbstractQueuedSynchronizer$ConditionObject.await(AbstractQueuedSynchronizer.java:2039)
        at java.util.concurrent.ArrayBlockingQueue.take(ArrayBlockingQueue.java:403)
        at java.util.concurrent.ThreadPoolExecutor.getTask(ThreadPoolExecutor.java:1074)
        at java.util.concurrent.ThreadPoolExecutor.runWorker(ThreadPoolExecutor.java:1134)
        at java.util.concurrent.ThreadPoolExecutor$Worker.run(ThreadPoolExecutor.java:624)
        at java.lang.Thread.run(Thread.java:748)
"qtp934617920-597" daemon prio=5 tid=597 timed_waiting
java.lang.Thread.State: TIMED_WAITING
        at sun.misc.Unsafe.park(Native Method)
        at java.util.concurrent.locks.LockSupport.parkNanos(LockSupport.java:215)
        at java.util.concurrent.locks.AbstractQueuedSynchronizer$ConditionObject.awaitNanos(AbstractQueuedSynchronizer.java:2078)
        at org.eclipse.jetty.util.BlockingArrayQueue.poll(BlockingArrayQueue.java:392)
        at org.eclipse.jetty.util.thread.QueuedThreadPool.idleJobPoll(QueuedThreadPool.java:563)
        at org.eclipse.jetty.util.thread.QueuedThreadPool.access$800(QueuedThreadPool.java:48)
        at org.eclipse.jetty.util.thread.QueuedThreadPool$2.run(QueuedThreadPool.java:626)
        at java.lang.Thread.run(Thread.java:748)
"pool-36-thread-15"  prio=5 tid=387 in Object.wait()
java.lang.Thread.State: WAITING (on object monitor)
        at sun.misc.Unsafe.park(Native Method)
        at java.util.concurrent.locks.LockSupport.park(LockSupport.java:175)
        at java.util.concurrent.locks.AbstractQueuedSynchronizer$ConditionObject.await(AbstractQueuedSynchronizer.java:2039)
        at java.util.concurrent.ArrayBlockingQueue.take(ArrayBlockingQueue.java:403)
        at java.util.concurrent.ThreadPoolExecutor.getTask(ThreadPoolExecutor.java:1074)
        at java.util.concurrent.ThreadPoolExecutor.runWorker(ThreadPoolExecutor.java:1134)
        at java.util.concurrent.ThreadPoolExecutor$Worker.run(ThreadPoolExecutor.java:624)
        at java.lang.Thread.run(Thread.java:748)
"metrics-hadoop-metrics2-reporter-46-thread-1" daemon prio=5 tid=1192 timed_waiting
java.lang.Thread.State: TIMED_WAITING
        at sun.misc.Unsafe.park(Native Method)
        at java.util.concurrent.locks.LockSupport.parkNanos(LockSupport.java:215)
        at java.util.concurrent.locks.AbstractQueuedSynchronizer$ConditionObject.awaitNanos(AbstractQueuedSynchronizer.java:2078)
        at java.util.concurrent.ScheduledThreadPoolExecutor$DelayedWorkQueue.take(ScheduledThreadPoolExecutor.java:1093)
        at java.util.concurrent.ScheduledThreadPoolExecutor$DelayedWorkQueue.take(ScheduledThreadPoolExecutor.java:809)
        at java.util.concurrent.ThreadPoolExecutor.getTask(ThreadPoolExecutor.java:1074)
        at java.util.concurrent.ThreadPoolExecutor.runWorker(ThreadPoolExecutor.java:1134)
        at java.util.concurrent.ThreadPoolExecutor$Worker.run(ThreadPoolExecutor.java:624)
        at java.lang.Thread.run(Thread.java:748)
"pool-106-thread-24"  prio=5 tid=1003 in Object.wait()
java.lang.Thread.State: WAITING (on object monitor)
        at sun.misc.Unsafe.park(Native Method)
        at java.util.concurrent.locks.LockSupport.park(LockSupport.java:175)
        at java.util.concurrent.locks.AbstractQueuedSynchronizer$ConditionObject.await(AbstractQueuedSynchronizer.java:2039)
        at java.util.concurrent.ArrayBlockingQueue.take(ArrayBlockingQueue.java:403)
        at java.util.concurrent.ThreadPoolExecutor.getTask(ThreadPoolExecutor.java:1074)
        at java.util.concurrent.ThreadPoolExecutor.runWorker(ThreadPoolExecutor.java:1134)
        at java.util.concurrent.ThreadPoolExecutor$Worker.run(ThreadPoolExecutor.java:624)
        at java.lang.Thread.run(Thread.java:748)
"qtp2035381640-90" daemon prio=5 tid=90 timed_waiting
java.lang.Thread.State: TIMED_WAITING
        at sun.misc.Unsafe.park(Native Method)
        at java.util.concurrent.locks.LockSupport.parkNanos(LockSupport.java:215)
        at java.util.concurrent.locks.AbstractQueuedSynchronizer$ConditionObject.awaitNanos(AbstractQueuedSynchronizer.java:2078)
        at org.eclipse.jetty.util.BlockingArrayQueue.poll(BlockingArrayQueue.java:392)
        at org.eclipse.jetty.util.thread.QueuedThreadPool.idleJobPoll(QueuedThreadPool.java:563)
        at org.eclipse.jetty.util.thread.QueuedThreadPool.access$800(QueuedThreadPool.java:48)
        at org.eclipse.jetty.util.thread.QueuedThreadPool$2.run(QueuedThreadPool.java:626)
        at java.lang.Thread.run(Thread.java:748)
"pool-96-thread-1"  prio=5 tid=883 in Object.wait()
java.lang.Thread.State: WAITING (on object monitor)
        at sun.misc.Unsafe.park(Native Method)
        at java.util.concurrent.locks.LockSupport.park(LockSupport.java:175)
        at java.util.concurrent.locks.AbstractQueuedSynchronizer$ConditionObject.await(AbstractQueuedSynchronizer.java:2039)
        at java.util.concurrent.ArrayBlockingQueue.take(ArrayBlockingQueue.java:403)
        at java.util.concurrent.ThreadPoolExecutor.getTask(ThreadPoolExecutor.java:1074)
        at java.util.concurrent.ThreadPoolExecutor.runWorker(ThreadPoolExecutor.java:1134)
        at java.util.concurrent.ThreadPoolExecutor$Worker.run(ThreadPoolExecutor.java:624)
        at java.lang.Thread.run(Thread.java:748)
"metrics-hadoop-metrics2-reporter-67-thread-1" daemon prio=5 tid=1385 timed_waiting
java.lang.Thread.State: TIMED_WAITING
        at sun.misc.Unsafe.park(Native Method)
        at java.util.concurrent.locks.LockSupport.parkNanos(LockSupport.java:215)
        at java.util.concurrent.locks.AbstractQueuedSynchronizer$ConditionObject.awaitNanos(AbstractQueuedSynchronizer.java:2078)
        at java.util.concurrent.ScheduledThreadPoolExecutor$DelayedWorkQueue.take(ScheduledThreadPoolExecutor.java:1093)
        at java.util.concurrent.ScheduledThreadPoolExecutor$DelayedWorkQueue.take(ScheduledThreadPoolExecutor.java:809)
        at java.util.concurrent.ThreadPoolExecutor.getTask(ThreadPoolExecutor.java:1074)
        at java.util.concurrent.ThreadPoolExecutor.runWorker(ThreadPoolExecutor.java:1134)
        at java.util.concurrent.ThreadPoolExecutor$Worker.run(ThreadPoolExecutor.java:624)
        at java.lang.Thread.run(Thread.java:748)
"Thread-393" daemon prio=5 tid=1264 timed_waiting
java.lang.Thread.State: TIMED_WAITING
        at sun.misc.Unsafe.park(Native Method)
        at java.util.concurrent.locks.LockSupport.parkNanos(LockSupport.java:215)
        at java.util.concurrent.locks.AbstractQueuedSynchronizer$ConditionObject.awaitNanos(AbstractQueuedSynchronizer.java:2078)
        at java.util.concurrent.ArrayBlockingQueue.poll(ArrayBlockingQueue.java:418)
        at org.apache.ratis.server.impl.LeaderState$EventQueue.poll(LeaderState.java:116)
        at org.apache.ratis.server.impl.LeaderState$EventProcessor.run(LeaderState.java:468)
"pool-26-thread-35"  prio=5 tid=451 in Object.wait()
java.lang.Thread.State: WAITING (on object monitor)
        at sun.misc.Unsafe.park(Native Method)
        at java.util.concurrent.locks.LockSupport.park(LockSupport.java:175)
        at java.util.concurrent.locks.AbstractQueuedSynchronizer$ConditionObject.await(AbstractQueuedSynchronizer.java:2039)
        at java.util.concurrent.ArrayBlockingQueue.take(ArrayBlockingQueue.java:403)
        at java.util.concurrent.ThreadPoolExecutor.getTask(ThreadPoolExecutor.java:1074)
        at java.util.concurrent.ThreadPoolExecutor.runWorker(ThreadPoolExecutor.java:1134)
        at java.util.concurrent.ThreadPoolExecutor$Worker.run(ThreadPoolExecutor.java:624)
        at java.lang.Thread.run(Thread.java:748)
"pool-96-thread-51"  prio=5 tid=933 in Object.wait()
java.lang.Thread.State: WAITING (on object monitor)
        at sun.misc.Unsafe.park(Native Method)
        at java.util.concurrent.locks.LockSupport.park(LockSupport.java:175)
        at java.util.concurrent.locks.AbstractQueuedSynchronizer$ConditionObject.await(AbstractQueuedSynchronizer.java:2039)
        at java.util.concurrent.ArrayBlockingQueue.take(ArrayBlockingQueue.java:403)
        at java.util.concurrent.ThreadPoolExecutor.getTask(ThreadPoolExecutor.java:1074)
        at java.util.concurrent.ThreadPoolExecutor.runWorker(ThreadPoolExecutor.java:1134)
        at java.util.concurrent.ThreadPoolExecutor$Worker.run(ThreadPoolExecutor.java:624)
        at java.lang.Thread.run(Thread.java:748)
"4b7a3050-62f1-41a0-b275-38638fa6aa33@group-C458FCA03E22-SegmentedRaftLogWorker"  prio=5 tid=1166 timed_waiting
java.lang.Thread.State: TIMED_WAITING
        at sun.misc.Unsafe.park(Native Method)
        at java.util.concurrent.locks.LockSupport.parkNanos(LockSupport.java:215)
        at java.util.concurrent.locks.AbstractQueuedSynchronizer$ConditionObject.awaitNanos(AbstractQueuedSynchronizer.java:2078)
        at org.apache.ratis.util.DataBlockingQueue.poll(DataBlockingQueue.java:137)
        at org.apache.ratis.server.raftlog.segmented.SegmentedRaftLogWorker.run(SegmentedRaftLogWorker.java:282)
        at java.lang.Thread.run(Thread.java:748)
"pool-56-thread-9"  prio=5 tid=367 in Object.wait()
java.lang.Thread.State: WAITING (on object monitor)
        at sun.misc.Unsafe.park(Native Method)
        at java.util.concurrent.locks.LockSupport.park(LockSupport.java:175)
        at java.util.concurrent.locks.AbstractQueuedSynchronizer$ConditionObject.await(AbstractQueuedSynchronizer.java:2039)
        at java.util.concurrent.ArrayBlockingQueue.take(ArrayBlockingQueue.java:403)
        at java.util.concurrent.ThreadPoolExecutor.getTask(ThreadPoolExecutor.java:1074)
        at java.util.concurrent.ThreadPoolExecutor.runWorker(ThreadPoolExecutor.java:1134)
        at java.util.concurrent.ThreadPoolExecutor$Worker.run(ThreadPoolExecutor.java:624)
        at java.lang.Thread.run(Thread.java:748)
"Datanode State Machine Thread - 0" daemon prio=5 tid=686 timed_waiting
java.lang.Thread.State: TIMED_WAITING
        at sun.misc.Unsafe.park(Native Method)
        at java.util.concurrent.locks.LockSupport.parkNanos(LockSupport.java:215)
        at java.util.concurrent.SynchronousQueue$TransferStack.awaitFulfill(SynchronousQueue.java:460)
        at java.util.concurrent.SynchronousQueue$TransferStack.transfer(SynchronousQueue.java:362)
        at java.util.concurrent.SynchronousQueue.poll(SynchronousQueue.java:941)
        at java.util.concurrent.ThreadPoolExecutor.getTask(ThreadPoolExecutor.java:1073)
        at java.util.concurrent.ThreadPoolExecutor.runWorker(ThreadPoolExecutor.java:1134)
        at java.util.concurrent.ThreadPoolExecutor$Worker.run(ThreadPoolExecutor.java:624)
        at java.lang.Thread.run(Thread.java:748)
"qtp1089341986-137-acceptor-0@48bfc111-ServerConnector@1cbb3d3b{HTTP/1.1,[http/1.1]}{0.0.0.0:40002}" daemon prio=3 tid=137 runnable
java.lang.Thread.State: RUNNABLE
        at sun.nio.ch.ServerSocketChannelImpl.accept0(Native Method)
        at sun.nio.ch.ServerSocketChannelImpl.accept(ServerSocketChannelImpl.java:422)
        at sun.nio.ch.ServerSocketChannelImpl.accept(ServerSocketChannelImpl.java:250)
        at org.eclipse.jetty.server.ServerConnector.accept(ServerConnector.java:397)
        at org.eclipse.jetty.server.AbstractConnector$Acceptor.run(AbstractConnector.java:601)
        at org.eclipse.jetty.util.thread.QueuedThreadPool.runJob(QueuedThreadPool.java:671)
        at org.eclipse.jetty.util.thread.QueuedThreadPool$2.run(QueuedThreadPool.java:589)
        at java.lang.Thread.run(Thread.java:748)
"pool-56-thread-21"  prio=5 tid=427 in Object.wait()
java.lang.Thread.State: WAITING (on object monitor)
        at sun.misc.Unsafe.park(Native Method)
        at java.util.concurrent.locks.LockSupport.park(LockSupport.java:175)
        at java.util.concurrent.locks.AbstractQueuedSynchronizer$ConditionObject.await(AbstractQueuedSynchronizer.java:2039)
        at java.util.concurrent.ArrayBlockingQueue.take(ArrayBlockingQueue.java:403)
        at java.util.concurrent.ThreadPoolExecutor.getTask(ThreadPoolExecutor.java:1074)
        at java.util.concurrent.ThreadPoolExecutor.runWorker(ThreadPoolExecutor.java:1134)
        at java.util.concurrent.ThreadPoolExecutor$Worker.run(ThreadPoolExecutor.java:624)
        at java.lang.Thread.run(Thread.java:748)
"qtp747378368-723" daemon prio=5 tid=723 timed_waiting
java.lang.Thread.State: TIMED_WAITING
        at sun.misc.Unsafe.park(Native Method)
        at java.util.concurrent.locks.LockSupport.parkNanos(LockSupport.java:215)
        at java.util.concurrent.locks.AbstractQueuedSynchronizer$ConditionObject.awaitNanos(AbstractQueuedSynchronizer.java:2078)
        at org.eclipse.jetty.util.BlockingArrayQueue.poll(BlockingArrayQueue.java:392)
        at org.eclipse.jetty.util.thread.QueuedThreadPool.idleJobPoll(QueuedThreadPool.java:563)
        at org.eclipse.jetty.util.thread.QueuedThreadPool.access$800(QueuedThreadPool.java:48)
        at org.eclipse.jetty.util.thread.QueuedThreadPool$2.run(QueuedThreadPool.java:626)
        at java.lang.Thread.run(Thread.java:748)
"Socket Reader #1 for port 39235"  prio=5 tid=23 runnable
java.lang.Thread.State: RUNNABLE
        at sun.nio.ch.EPollArrayWrapper.epollWait(Native Method)
        at sun.nio.ch.EPollArrayWrapper.poll(EPollArrayWrapper.java:269)
        at sun.nio.ch.EPollSelectorImpl.doSelect(EPollSelectorImpl.java:93)
        at sun.nio.ch.SelectorImpl.lockAndDoSelect(SelectorImpl.java:86)
        at sun.nio.ch.SelectorImpl.select(SelectorImpl.java:97)
        at sun.nio.ch.SelectorImpl.select(SelectorImpl.java:101)
        at org.apache.hadoop.ipc.Server$Listener$Reader.doRunLoop(Server.java:1097)
        at org.apache.hadoop.ipc.Server$Listener$Reader.run(Server.java:1076)
"pool-117-thread-19"  prio=5 tid=1078 in Object.wait()
java.lang.Thread.State: WAITING (on object monitor)
        at sun.misc.Unsafe.park(Native Method)
        at java.util.concurrent.locks.LockSupport.park(LockSupport.java:175)
        at java.util.concurrent.locks.AbstractQueuedSynchronizer$ConditionObject.await(AbstractQueuedSynchronizer.java:2039)
        at java.util.concurrent.ArrayBlockingQueue.take(ArrayBlockingQueue.java:403)
        at java.util.concurrent.ThreadPoolExecutor.getTask(ThreadPoolExecutor.java:1074)
        at java.util.concurrent.ThreadPoolExecutor.runWorker(ThreadPoolExecutor.java:1134)
        at java.util.concurrent.ThreadPoolExecutor$Worker.run(ThreadPoolExecutor.java:624)
        at java.lang.Thread.run(Thread.java:748)
"org.eclipse.jetty.server.session.HashSessionManager@571a01f9Timer" daemon prio=5 tid=726 timed_waiting
java.lang.Thread.State: TIMED_WAITING
        at sun.misc.Unsafe.park(Native Method)
        at java.util.concurrent.locks.LockSupport.parkNanos(LockSupport.java:215)
        at java.util.concurrent.locks.AbstractQueuedSynchronizer$ConditionObject.awaitNanos(AbstractQueuedSynchronizer.java:2078)
        at java.util.concurrent.ScheduledThreadPoolExecutor$DelayedWorkQueue.take(ScheduledThreadPoolExecutor.java:1093)
        at java.util.concurrent.ScheduledThreadPoolExecutor$DelayedWorkQueue.take(ScheduledThreadPoolExecutor.java:809)
        at java.util.concurrent.ThreadPoolExecutor.getTask(ThreadPoolExecutor.java:1074)
        at java.util.concurrent.ThreadPoolExecutor.runWorker(ThreadPoolExecutor.java:1134)
        at java.util.concurrent.ThreadPoolExecutor$Worker.run(ThreadPoolExecutor.java:624)
        at java.lang.Thread.run(Thread.java:748)
"metrics-hadoop-metrics2-reporter-39-thread-1" daemon prio=5 tid=1172 timed_waiting
java.lang.Thread.State: TIMED_WAITING
        at sun.misc.Unsafe.park(Native Method)
        at java.util.concurrent.locks.LockSupport.parkNanos(LockSupport.java:215)
        at java.util.concurrent.locks.AbstractQueuedSynchronizer$ConditionObject.awaitNanos(AbstractQueuedSynchronizer.java:2078)
        at java.util.concurrent.ScheduledThreadPoolExecutor$DelayedWorkQueue.take(ScheduledThreadPoolExecutor.java:1093)
        at java.util.concurrent.ScheduledThreadPoolExecutor$DelayedWorkQueue.take(ScheduledThreadPoolExecutor.java:809)
        at java.util.concurrent.ThreadPoolExecutor.getTask(ThreadPoolExecutor.java:1074)
        at java.util.concurrent.ThreadPoolExecutor.runWorker(ThreadPoolExecutor.java:1134)
        at java.util.concurrent.ThreadPoolExecutor$Worker.run(ThreadPoolExecutor.java:624)
        at java.lang.Thread.run(Thread.java:748)
"pool-86-thread-49"  prio=5 tid=867 in Object.wait()
java.lang.Thread.State: WAITING (on object monitor)
        at sun.misc.Unsafe.park(Native Method)
        at java.util.concurrent.locks.LockSupport.park(LockSupport.java:175)
        at java.util.concurrent.locks.AbstractQueuedSynchronizer$ConditionObject.await(AbstractQueuedSynchronizer.java:2039)
        at java.util.concurrent.ArrayBlockingQueue.take(ArrayBlockingQueue.java:403)
        at java.util.concurrent.ThreadPoolExecutor.getTask(ThreadPoolExecutor.java:1074)
        at java.util.concurrent.ThreadPoolExecutor.runWorker(ThreadPoolExecutor.java:1134)
        at java.util.concurrent.ThreadPoolExecutor$Worker.run(ThreadPoolExecutor.java:624)
        at java.lang.Thread.run(Thread.java:748)
"pool-66-thread-1"  prio=5 tid=637 in Object.wait()
java.lang.Thread.State: WAITING (on object monitor)
        at sun.misc.Unsafe.park(Native Method)
        at java.util.concurrent.locks.LockSupport.park(LockSupport.java:175)
        at java.util.concurrent.locks.AbstractQueuedSynchronizer$ConditionObject.await(AbstractQueuedSynchronizer.java:2039)
        at java.util.concurrent.ArrayBlockingQueue.take(ArrayBlockingQueue.java:403)
        at java.util.concurrent.ThreadPoolExecutor.getTask(ThreadPoolExecutor.java:1074)
        at java.util.concurrent.ThreadPoolExecutor.runWorker(ThreadPoolExecutor.java:1134)
        at java.util.concurrent.ThreadPoolExecutor$Worker.run(ThreadPoolExecutor.java:624)
        at java.lang.Thread.run(Thread.java:748)
"metrics-hadoop-metrics2-reporter-5-thread-1" daemon prio=5 tid=948 timed_waiting
java.lang.Thread.State: TIMED_WAITING
        at sun.misc.Unsafe.park(Native Method)
        at java.util.concurrent.locks.LockSupport.parkNanos(LockSupport.java:215)
        at java.util.concurrent.locks.AbstractQueuedSynchronizer$ConditionObject.awaitNanos(AbstractQueuedSynchronizer.java:2078)
        at java.util.concurrent.ScheduledThreadPoolExecutor$DelayedWorkQueue.take(ScheduledThreadPoolExecutor.java:1093)
        at java.util.concurrent.ScheduledThreadPoolExecutor$DelayedWorkQueue.take(ScheduledThreadPoolExecutor.java:809)
        at java.util.concurrent.ThreadPoolExecutor.getTask(ThreadPoolExecutor.java:1074)
        at java.util.concurrent.ThreadPoolExecutor.runWorker(ThreadPoolExecutor.java:1134)
        at java.util.concurrent.ThreadPoolExecutor$Worker.run(ThreadPoolExecutor.java:624)
        at java.lang.Thread.run(Thread.java:748)
"pool-76-thread-20"  prio=5 tid=766 in Object.wait()
java.lang.Thread.State: WAITING (on object monitor)
        at sun.misc.Unsafe.park(Native Method)
        at java.util.concurrent.locks.LockSupport.park(LockSupport.java:175)
        at java.util.concurrent.locks.AbstractQueuedSynchronizer$ConditionObject.await(AbstractQueuedSynchronizer.java:2039)
        at java.util.concurrent.ArrayBlockingQueue.take(ArrayBlockingQueue.java:403)
        at java.util.concurrent.ThreadPoolExecutor.getTask(ThreadPoolExecutor.java:1074)
        at java.util.concurrent.ThreadPoolExecutor.runWorker(ThreadPoolExecutor.java:1134)
        at java.util.concurrent.ThreadPoolExecutor$Worker.run(ThreadPoolExecutor.java:624)
        at java.lang.Thread.run(Thread.java:748)
"qtp549049813-269" daemon prio=5 tid=269 timed_waiting
java.lang.Thread.State: TIMED_WAITING
        at sun.misc.Unsafe.park(Native Method)
        at java.util.concurrent.locks.LockSupport.parkNanos(LockSupport.java:215)
        at java.util.concurrent.locks.AbstractQueuedSynchronizer$ConditionObject.awaitNanos(AbstractQueuedSynchronizer.java:2078)
        at org.eclipse.jetty.util.BlockingArrayQueue.poll(BlockingArrayQueue.java:392)
        at org.eclipse.jetty.util.thread.QueuedThreadPool.idleJobPoll(QueuedThreadPool.java:563)
        at org.eclipse.jetty.util.thread.QueuedThreadPool.access$800(QueuedThreadPool.java:48)
        at org.eclipse.jetty.util.thread.QueuedThreadPool$2.run(QueuedThreadPool.java:626)
        at java.lang.Thread.run(Thread.java:748)
"pool-57-thread-1"  prio=5 tid=960 in Object.wait()
java.lang.Thread.State: WAITING (on object monitor)
        at sun.misc.Unsafe.park(Native Method)
        at java.util.concurrent.locks.LockSupport.park(LockSupport.java:175)
        at java.util.concurrent.locks.AbstractQueuedSynchronizer$ConditionObject.await(AbstractQueuedSynchronizer.java:2039)
        at java.util.concurrent.LinkedBlockingQueue.take(LinkedBlockingQueue.java:442)
        at java.util.concurrent.ThreadPoolExecutor.getTask(ThreadPoolExecutor.java:1074)
        at java.util.concurrent.ThreadPoolExecutor.runWorker(ThreadPoolExecutor.java:1134)
        at java.util.concurrent.ThreadPoolExecutor$Worker.run(ThreadPoolExecutor.java:624)
        at java.lang.Thread.run(Thread.java:748)
"org.eclipse.jetty.server.session.HashSessionManager@7b122839Timer" daemon prio=5 tid=446 timed_waiting
java.lang.Thread.State: TIMED_WAITING
        at sun.misc.Unsafe.park(Native Method)
        at java.util.concurrent.locks.LockSupport.parkNanos(LockSupport.java:215)
        at java.util.concurrent.locks.AbstractQueuedSynchronizer$ConditionObject.awaitNanos(AbstractQueuedSynchronizer.java:2078)
        at java.util.concurrent.ScheduledThreadPoolExecutor$DelayedWorkQueue.take(ScheduledThreadPoolExecutor.java:1093)
        at java.util.concurrent.ScheduledThreadPoolExecutor$DelayedWorkQueue.take(ScheduledThreadPoolExecutor.java:809)
        at java.util.concurrent.ThreadPoolExecutor.getTask(ThreadPoolExecutor.java:1074)
        at java.util.concurrent.ThreadPoolExecutor.runWorker(ThreadPoolExecutor.java:1134)
        at java.util.concurrent.ThreadPoolExecutor$Worker.run(ThreadPoolExecutor.java:624)
        at java.lang.Thread.run(Thread.java:748)
"EventQueue-NodeRegistrationContainerReportForContainerSafeModeRule" daemon prio=5 tid=738 in Object.wait()
java.lang.Thread.State: WAITING (on object monitor)
        at sun.misc.Unsafe.park(Native Method)
        at java.util.concurrent.locks.LockSupport.park(LockSupport.java:175)
        at java.util.concurrent.locks.AbstractQueuedSynchronizer$ConditionObject.await(AbstractQueuedSynchronizer.java:2039)
        at java.util.concurrent.LinkedBlockingQueue.take(LinkedBlockingQueue.java:442)
        at java.util.concurrent.ThreadPoolExecutor.getTask(ThreadPoolExecutor.java:1074)
        at java.util.concurrent.ThreadPoolExecutor.runWorker(ThreadPoolExecutor.java:1134)
        at java.util.concurrent.ThreadPoolExecutor$Worker.run(ThreadPoolExecutor.java:624)
        at java.lang.Thread.run(Thread.java:748)
"pool-26-thread-23"  prio=5 tid=414 in Object.wait()
java.lang.Thread.State: WAITING (on object monitor)
        at sun.misc.Unsafe.park(Native Method)
        at java.util.concurrent.locks.LockSupport.park(LockSupport.java:175)
        at java.util.concurrent.locks.AbstractQueuedSynchronizer$ConditionObject.await(AbstractQueuedSynchronizer.java:2039)
        at java.util.concurrent.ArrayBlockingQueue.take(ArrayBlockingQueue.java:403)
        at java.util.concurrent.ThreadPoolExecutor.getTask(ThreadPoolExecutor.java:1074)
        at java.util.concurrent.ThreadPoolExecutor.runWorker(ThreadPoolExecutor.java:1134)
        at java.util.concurrent.ThreadPoolExecutor$Worker.run(ThreadPoolExecutor.java:624)
        at java.lang.Thread.run(Thread.java:748)
"pool-56-thread-7"  prio=5 tid=363 in Object.wait()
java.lang.Thread.State: WAITING (on object monitor)
        at sun.misc.Unsafe.park(Native Method)
        at java.util.concurrent.locks.LockSupport.park(LockSupport.java:175)
        at java.util.concurrent.locks.AbstractQueuedSynchronizer$ConditionObject.await(AbstractQueuedSynchronizer.java:2039)
        at java.util.concurrent.ArrayBlockingQueue.take(ArrayBlockingQueue.java:403)
        at java.util.concurrent.ThreadPoolExecutor.getTask(ThreadPoolExecutor.java:1074)
        at java.util.concurrent.ThreadPoolExecutor.runWorker(ThreadPoolExecutor.java:1134)
        at java.util.concurrent.ThreadPoolExecutor$Worker.run(ThreadPoolExecutor.java:624)
        at java.lang.Thread.run(Thread.java:748)
"metrics-hadoop-metrics2-reporter-4-thread-1" daemon prio=5 tid=945 timed_waiting
java.lang.Thread.State: TIMED_WAITING
        at sun.misc.Unsafe.park(Native Method)
        at java.util.concurrent.locks.LockSupport.parkNanos(LockSupport.java:215)
        at java.util.concurrent.locks.AbstractQueuedSynchronizer$ConditionObject.awaitNanos(AbstractQueuedSynchronizer.java:2078)
        at java.util.concurrent.ScheduledThreadPoolExecutor$DelayedWorkQueue.take(ScheduledThreadPoolExecutor.java:1093)
        at java.util.concurrent.ScheduledThreadPoolExecutor$DelayedWorkQueue.take(ScheduledThreadPoolExecutor.java:809)
        at java.util.concurrent.ThreadPoolExecutor.getTask(ThreadPoolExecutor.java:1074)
        at java.util.concurrent.ThreadPoolExecutor.runWorker(ThreadPoolExecutor.java:1134)
        at java.util.concurrent.ThreadPoolExecutor$Worker.run(ThreadPoolExecutor.java:624)
        at java.lang.Thread.run(Thread.java:748)
"IPC Server handler 8 on 37838" daemon prio=5 tid=77 timed_waiting
java.lang.Thread.State: TIMED_WAITING
        at sun.misc.Unsafe.park(Native Method)
        at java.util.concurrent.locks.LockSupport.parkNanos(LockSupport.java:215)
        at java.util.concurrent.locks.AbstractQueuedSynchronizer$ConditionObject.awaitNanos(AbstractQueuedSynchronizer.java:2078)
        at java.util.concurrent.LinkedBlockingQueue.poll(LinkedBlockingQueue.java:467)
        at org.apache.hadoop.ipc.CallQueueManager.take(CallQueueManager.java:288)
        at org.apache.hadoop.ipc.Server$Handler.run(Server.java:2668)
"pool-76-thread-40"  prio=5 tid=786 in Object.wait()
java.lang.Thread.State: WAITING (on object monitor)
        at sun.misc.Unsafe.park(Native Method)
        at java.util.concurrent.locks.LockSupport.park(LockSupport.java:175)
        at java.util.concurrent.locks.AbstractQueuedSynchronizer$ConditionObject.await(AbstractQueuedSynchronizer.java:2039)
        at java.util.concurrent.ArrayBlockingQueue.take(ArrayBlockingQueue.java:403)
        at java.util.concurrent.ThreadPoolExecutor.getTask(ThreadPoolExecutor.java:1074)
        at java.util.concurrent.ThreadPoolExecutor.runWorker(ThreadPoolExecutor.java:1134)
        at java.util.concurrent.ThreadPoolExecutor$Worker.run(ThreadPoolExecutor.java:624)
        at java.lang.Thread.run(Thread.java:748)
"qtp1977508673-297" daemon prio=5 tid=297 timed_waiting
java.lang.Thread.State: TIMED_WAITING
        at sun.misc.Unsafe.park(Native Method)
        at java.util.concurrent.locks.LockSupport.parkNanos(LockSupport.java:215)
        at java.util.concurrent.locks.AbstractQueuedSynchronizer$ConditionObject.awaitNanos(AbstractQueuedSynchronizer.java:2078)
        at org.eclipse.jetty.util.BlockingArrayQueue.poll(BlockingArrayQueue.java:392)
        at org.eclipse.jetty.util.thread.QueuedThreadPool.idleJobPoll(QueuedThreadPool.java:563)
        at org.eclipse.jetty.util.thread.QueuedThreadPool.access$800(QueuedThreadPool.java:48)
        at org.eclipse.jetty.util.thread.QueuedThreadPool$2.run(QueuedThreadPool.java:626)
        at java.lang.Thread.run(Thread.java:748)
"metrics-hadoop-metrics2-reporter-28-thread-1" daemon prio=5 tid=1140 timed_waiting
java.lang.Thread.State: TIMED_WAITING
        at sun.misc.Unsafe.park(Native Method)
        at java.util.concurrent.locks.LockSupport.parkNanos(LockSupport.java:215)
        at java.util.concurrent.locks.AbstractQueuedSynchronizer$ConditionObject.awaitNanos(AbstractQueuedSynchronizer.java:2078)
        at java.util.concurrent.ScheduledThreadPoolExecutor$DelayedWorkQueue.take(ScheduledThreadPoolExecutor.java:1093)
        at java.util.concurrent.ScheduledThreadPoolExecutor$DelayedWorkQueue.take(ScheduledThreadPoolExecutor.java:809)
        at java.util.concurrent.ThreadPoolExecutor.getTask(ThreadPoolExecutor.java:1074)
        at java.util.concurrent.ThreadPoolExecutor.runWorker(ThreadPoolExecutor.java:1134)
        at java.util.concurrent.ThreadPoolExecutor$Worker.run(ThreadPoolExecutor.java:624)
        at java.lang.Thread.run(Thread.java:748)
"grpc-default-executor-0" daemon prio=5 tid=745 timed_waiting
java.lang.Thread.State: TIMED_WAITING
        at sun.misc.Unsafe.park(Native Method)
        at java.util.concurrent.locks.LockSupport.parkNanos(LockSupport.java:215)
        at java.util.concurrent.SynchronousQueue$TransferStack.awaitFulfill(SynchronousQueue.java:460)
        at java.util.concurrent.SynchronousQueue$TransferStack.transfer(SynchronousQueue.java:362)
        at java.util.concurrent.SynchronousQueue.poll(SynchronousQueue.java:941)
        at java.util.concurrent.ThreadPoolExecutor.getTask(ThreadPoolExecutor.java:1073)
        at java.util.concurrent.ThreadPoolExecutor.runWorker(ThreadPoolExecutor.java:1134)
        at java.util.concurrent.ThreadPoolExecutor$Worker.run(ThreadPoolExecutor.java:624)
        at java.lang.Thread.run(Thread.java:748)
"EventQueue-PipelineReportForPipelineReportHandler" daemon prio=5 tid=740 in Object.wait()
java.lang.Thread.State: WAITING (on object monitor)
        at sun.misc.Unsafe.park(Native Method)
        at java.util.concurrent.locks.LockSupport.park(LockSupport.java:175)
        at java.util.concurrent.locks.AbstractQueuedSynchronizer$ConditionObject.await(AbstractQueuedSynchronizer.java:2039)
        at java.util.concurrent.LinkedBlockingQueue.take(LinkedBlockingQueue.java:442)
        at java.util.concurrent.ThreadPoolExecutor.getTask(ThreadPoolExecutor.java:1074)
        at java.util.concurrent.ThreadPoolExecutor.runWorker(ThreadPoolExecutor.java:1134)
        at java.util.concurrent.ThreadPoolExecutor$Worker.run(ThreadPoolExecutor.java:624)
        at java.lang.Thread.run(Thread.java:748)
"pool-86-thread-13"  prio=5 tid=831 in Object.wait()
java.lang.Thread.State: WAITING (on object monitor)
        at sun.misc.Unsafe.park(Native Method)
        at java.util.concurrent.locks.LockSupport.park(LockSupport.java:175)
        at java.util.concurrent.locks.AbstractQueuedSynchronizer$ConditionObject.await(AbstractQueuedSynchronizer.java:2039)
        at java.util.concurrent.ArrayBlockingQueue.take(ArrayBlockingQueue.java:403)
        at java.util.concurrent.ThreadPoolExecutor.getTask(ThreadPoolExecutor.java:1074)
        at java.util.concurrent.ThreadPoolExecutor.runWorker(ThreadPoolExecutor.java:1134)
        at java.util.concurrent.ThreadPoolExecutor$Worker.run(ThreadPoolExecutor.java:624)
        at java.lang.Thread.run(Thread.java:748)
"pool-86-thread-52"  prio=5 tid=870 in Object.wait()
java.lang.Thread.State: WAITING (on object monitor)
        at sun.misc.Unsafe.park(Native Method)
        at java.util.concurrent.locks.LockSupport.park(LockSupport.java:175)
        at java.util.concurrent.locks.AbstractQueuedSynchronizer$ConditionObject.await(AbstractQueuedSynchronizer.java:2039)
        at java.util.concurrent.ArrayBlockingQueue.take(ArrayBlockingQueue.java:403)
        at java.util.concurrent.ThreadPoolExecutor.getTask(ThreadPoolExecutor.java:1074)
        at java.util.concurrent.ThreadPoolExecutor.runWorker(ThreadPoolExecutor.java:1134)
        at java.util.concurrent.ThreadPoolExecutor$Worker.run(ThreadPoolExecutor.java:624)
        at java.lang.Thread.run(Thread.java:748)
"pool-26-thread-48"  prio=5 tid=496 in Object.wait()
java.lang.Thread.State: WAITING (on object monitor)
        at sun.misc.Unsafe.park(Native Method)
        at java.util.concurrent.locks.LockSupport.park(LockSupport.java:175)
        at java.util.concurrent.locks.AbstractQueuedSynchronizer$ConditionObject.await(AbstractQueuedSynchronizer.java:2039)
        at java.util.concurrent.ArrayBlockingQueue.take(ArrayBlockingQueue.java:403)
        at java.util.concurrent.ThreadPoolExecutor.getTask(ThreadPoolExecutor.java:1074)
        at java.util.concurrent.ThreadPoolExecutor.runWorker(ThreadPoolExecutor.java:1134)
        at java.util.concurrent.ThreadPoolExecutor$Worker.run(ThreadPoolExecutor.java:624)
        at java.lang.Thread.run(Thread.java:748)
"DataNode DiskChecker thread 0" daemon prio=5 tid=236 timed_waiting
java.lang.Thread.State: TIMED_WAITING
        at sun.misc.Unsafe.park(Native Method)
        at java.util.concurrent.locks.LockSupport.parkNanos(LockSupport.java:215)
        at java.util.concurrent.SynchronousQueue$TransferStack.awaitFulfill(SynchronousQueue.java:460)
        at java.util.concurrent.SynchronousQueue$TransferStack.transfer(SynchronousQueue.java:362)
        at java.util.concurrent.SynchronousQueue.poll(SynchronousQueue.java:941)
        at java.util.concurrent.ThreadPoolExecutor.getTask(ThreadPoolExecutor.java:1073)
        at java.util.concurrent.ThreadPoolExecutor.runWorker(ThreadPoolExecutor.java:1134)
        at java.util.concurrent.ThreadPoolExecutor$Worker.run(ThreadPoolExecutor.java:624)
        at java.lang.Thread.run(Thread.java:748)
"Timer-1" daemon prio=5 tid=149 timed_waiting
java.lang.Thread.State: TIMED_WAITING
        at java.lang.Object.wait(Native Method)
        at java.util.TimerThread.mainLoop(Timer.java:552)
        at java.util.TimerThread.run(Timer.java:505)
"IPC Server handler 5 on 37221" daemon prio=5 tid=120 timed_waiting
java.lang.Thread.State: TIMED_WAITING
        at sun.misc.Unsafe.park(Native Method)
        at java.util.concurrent.locks.LockSupport.parkNanos(LockSupport.java:215)
        at java.util.concurrent.locks.AbstractQueuedSynchronizer$ConditionObject.awaitNanos(AbstractQueuedSynchronizer.java:2078)
        at java.util.concurrent.LinkedBlockingQueue.poll(LinkedBlockingQueue.java:467)
        at org.apache.hadoop.ipc.CallQueueManager.take(CallQueueManager.java:288)
        at org.apache.hadoop.ipc.Server$Handler.run(Server.java:2668)
"pool-26-thread-21"  prio=5 tid=408 in Object.wait()
java.lang.Thread.State: WAITING (on object monitor)
        at sun.misc.Unsafe.park(Native Method)
        at java.util.concurrent.locks.LockSupport.park(LockSupport.java:175)
        at java.util.concurrent.locks.AbstractQueuedSynchronizer$ConditionObject.await(AbstractQueuedSynchronizer.java:2039)
        at java.util.concurrent.ArrayBlockingQueue.take(ArrayBlockingQueue.java:403)
        at java.util.concurrent.ThreadPoolExecutor.getTask(ThreadPoolExecutor.java:1074)
        at java.util.concurrent.ThreadPoolExecutor.runWorker(ThreadPoolExecutor.java:1134)
        at java.util.concurrent.ThreadPoolExecutor$Worker.run(ThreadPoolExecutor.java:624)
        at java.lang.Thread.run(Thread.java:748)
"grpc-default-worker-ELG-3-1" daemon prio=5 tid=744 runnable
java.lang.Thread.State: RUNNABLE
        at sun.nio.ch.EPollArrayWrapper.epollWait(Native Method)
        at sun.nio.ch.EPollArrayWrapper.poll(EPollArrayWrapper.java:269)
        at sun.nio.ch.EPollSelectorImpl.doSelect(EPollSelectorImpl.java:93)
        at sun.nio.ch.SelectorImpl.lockAndDoSelect(SelectorImpl.java:86)
        at sun.nio.ch.SelectorImpl.select(SelectorImpl.java:97)
        at org.apache.ratis.thirdparty.io.netty.channel.nio.SelectedSelectionKeySetSelector.select(SelectedSelectionKeySetSelector.java:62)
        at org.apache.ratis.thirdparty.io.netty.channel.nio.NioEventLoop.select(NioEventLoop.java:753)
        at org.apache.ratis.thirdparty.io.netty.channel.nio.NioEventLoop.run(NioEventLoop.java:408)
        at org.apache.ratis.thirdparty.io.netty.util.concurrent.SingleThreadEventExecutor$5.run(SingleThreadEventExecutor.java:897)
        at org.apache.ratis.thirdparty.io.netty.util.concurrent.FastThreadLocalRunnable.run(FastThreadLocalRunnable.java:30)
        at java.lang.Thread.run(Thread.java:748)
"pool-86-thread-27"  prio=5 tid=845 in Object.wait()
java.lang.Thread.State: WAITING (on object monitor)
        at sun.misc.Unsafe.park(Native Method)
        at java.util.concurrent.locks.LockSupport.park(LockSupport.java:175)
        at java.util.concurrent.locks.AbstractQueuedSynchronizer$ConditionObject.await(AbstractQueuedSynchronizer.java:2039)
        at java.util.concurrent.ArrayBlockingQueue.take(ArrayBlockingQueue.java:403)
        at java.util.concurrent.ThreadPoolExecutor.getTask(ThreadPoolExecutor.java:1074)
        at java.util.concurrent.ThreadPoolExecutor.runWorker(ThreadPoolExecutor.java:1134)
        at java.util.concurrent.ThreadPoolExecutor$Worker.run(ThreadPoolExecutor.java:624)
        at java.lang.Thread.run(Thread.java:748)
"pool-46-thread-12"  prio=5 tid=356 in Object.wait()
java.lang.Thread.State: WAITING (on object monitor)
        at sun.misc.Unsafe.park(Native Method)
        at java.util.concurrent.locks.LockSupport.park(LockSupport.java:175)
        at java.util.concurrent.locks.AbstractQueuedSynchronizer$ConditionObject.await(AbstractQueuedSynchronizer.java:2039)
        at java.util.concurrent.ArrayBlockingQueue.take(ArrayBlockingQueue.java:403)
        at java.util.concurrent.ThreadPoolExecutor.getTask(ThreadPoolExecutor.java:1074)
        at java.util.concurrent.ThreadPoolExecutor.runWorker(ThreadPoolExecutor.java:1134)
        at java.util.concurrent.ThreadPoolExecutor$Worker.run(ThreadPoolExecutor.java:624)
        at java.lang.Thread.run(Thread.java:748)
"IPC Server listener on 40878" daemon prio=5 tid=18 runnable
java.lang.Thread.State: RUNNABLE
        at sun.nio.ch.EPollArrayWrapper.epollWait(Native Method)
        at sun.nio.ch.EPollArrayWrapper.poll(EPollArrayWrapper.java:269)
        at sun.nio.ch.EPollSelectorImpl.doSelect(EPollSelectorImpl.java:93)
        at sun.nio.ch.SelectorImpl.lockAndDoSelect(SelectorImpl.java:86)
        at sun.nio.ch.SelectorImpl.select(SelectorImpl.java:97)
        at sun.nio.ch.SelectorImpl.select(SelectorImpl.java:101)
        at org.apache.hadoop.ipc.Server$Listener.run(Server.java:1159)
"pool-106-thread-15"  prio=5 tid=994 in Object.wait()
java.lang.Thread.State: WAITING (on object monitor)
        at sun.misc.Unsafe.park(Native Method)
        at java.util.concurrent.locks.LockSupport.park(LockSupport.java:175)
        at java.util.concurrent.locks.AbstractQueuedSynchronizer$ConditionObject.await(AbstractQueuedSynchronizer.java:2039)
        at java.util.concurrent.ArrayBlockingQueue.take(ArrayBlockingQueue.java:403)
        at java.util.concurrent.ThreadPoolExecutor.getTask(ThreadPoolExecutor.java:1074)
        at java.util.concurrent.ThreadPoolExecutor.runWorker(ThreadPoolExecutor.java:1134)
        at java.util.concurrent.ThreadPoolExecutor$Worker.run(ThreadPoolExecutor.java:624)
        at java.lang.Thread.run(Thread.java:748)
"PartialTableCache Cleanup Thread - 0" daemon prio=5 tid=1208 in Object.wait()
java.lang.Thread.State: WAITING (on object monitor)
        at sun.misc.Unsafe.park(Native Method)
        at java.util.concurrent.locks.LockSupport.park(LockSupport.java:175)
        at java.util.concurrent.locks.AbstractQueuedSynchronizer$ConditionObject.await(AbstractQueuedSynchronizer.java:2039)
        at java.util.concurrent.LinkedBlockingQueue.take(LinkedBlockingQueue.java:442)
        at java.util.concurrent.ThreadPoolExecutor.getTask(ThreadPoolExecutor.java:1074)
        at java.util.concurrent.ThreadPoolExecutor.runWorker(ThreadPoolExecutor.java:1134)
        at java.util.concurrent.ThreadPoolExecutor$Worker.run(ThreadPoolExecutor.java:624)
        at java.lang.Thread.run(Thread.java:748)
"pool-117-thread-49"  prio=5 tid=1108 in Object.wait()
java.lang.Thread.State: WAITING (on object monitor)
        at sun.misc.Unsafe.park(Native Method)
        at java.util.concurrent.locks.LockSupport.park(LockSupport.java:175)
        at java.util.concurrent.locks.AbstractQueuedSynchronizer$ConditionObject.await(AbstractQueuedSynchronizer.java:2039)
        at java.util.concurrent.ArrayBlockingQueue.take(ArrayBlockingQueue.java:403)
        at java.util.concurrent.ThreadPoolExecutor.getTask(ThreadPoolExecutor.java:1074)
        at java.util.concurrent.ThreadPoolExecutor.runWorker(ThreadPoolExecutor.java:1134)
        at java.util.concurrent.ThreadPoolExecutor$Worker.run(ThreadPoolExecutor.java:624)
        at java.lang.Thread.run(Thread.java:748)
"pool-66-thread-43"  prio=5 tid=688 in Object.wait()
java.lang.Thread.State: WAITING (on object monitor)
        at sun.misc.Unsafe.park(Native Method)
        at java.util.concurrent.locks.LockSupport.park(LockSupport.java:175)
        at java.util.concurrent.locks.AbstractQueuedSynchronizer$ConditionObject.await(AbstractQueuedSynchronizer.java:2039)
        at java.util.concurrent.ArrayBlockingQueue.take(ArrayBlockingQueue.java:403)
        at java.util.concurrent.ThreadPoolExecutor.getTask(ThreadPoolExecutor.java:1074)
        at java.util.concurrent.ThreadPoolExecutor.runWorker(ThreadPoolExecutor.java:1134)
        at java.util.concurrent.ThreadPoolExecutor$Worker.run(ThreadPoolExecutor.java:624)
        at java.lang.Thread.run(Thread.java:748)
"Datanode ReportManager Thread - 0" daemon prio=5 tid=603 in Object.wait()
java.lang.Thread.State: WAITING (on object monitor)
        at sun.misc.Unsafe.park(Native Method)
        at java.util.concurrent.locks.LockSupport.park(LockSupport.java:175)
        at java.util.concurrent.locks.AbstractQueuedSynchronizer$ConditionObject.await(AbstractQueuedSynchronizer.java:2039)
        at java.util.concurrent.ScheduledThreadPoolExecutor$DelayedWorkQueue.take(ScheduledThreadPoolExecutor.java:1088)
        at java.util.concurrent.ScheduledThreadPoolExecutor$DelayedWorkQueue.take(ScheduledThreadPoolExecutor.java:809)
        at java.util.concurrent.ThreadPoolExecutor.getTask(ThreadPoolExecutor.java:1074)
        at java.util.concurrent.ThreadPoolExecutor.runWorker(ThreadPoolExecutor.java:1134)
        at java.util.concurrent.ThreadPoolExecutor$Worker.run(ThreadPoolExecutor.java:624)
        at java.lang.Thread.run(Thread.java:748)
"pool-96-thread-60"  prio=5 tid=942 in Object.wait()
java.lang.Thread.State: WAITING (on object monitor)
        at sun.misc.Unsafe.park(Native Method)
        at java.util.concurrent.locks.LockSupport.park(LockSupport.java:175)
        at java.util.concurrent.locks.AbstractQueuedSynchronizer$ConditionObject.await(AbstractQueuedSynchronizer.java:2039)
        at java.util.concurrent.ArrayBlockingQueue.take(ArrayBlockingQueue.java:403)
        at java.util.concurrent.ThreadPoolExecutor.getTask(ThreadPoolExecutor.java:1074)
        at java.util.concurrent.ThreadPoolExecutor.runWorker(ThreadPoolExecutor.java:1134)
        at java.util.concurrent.ThreadPoolExecutor$Worker.run(ThreadPoolExecutor.java:624)
        at java.lang.Thread.run(Thread.java:748)
"Thread-414" daemon prio=5 tid=1291 timed_waiting
java.lang.Thread.State: TIMED_WAITING
        at java.lang.Thread.sleep(Native Method)
        at org.apache.ratis.util.JavaUtils.sleep(JavaUtils.java:247)
        at org.apache.ratis.server.impl.FollowerState.run(FollowerState.java:97)
"pool-66-thread-5"  prio=5 tid=641 in Object.wait()
java.lang.Thread.State: WAITING (on object monitor)
        at sun.misc.Unsafe.park(Native Method)
        at java.util.concurrent.locks.LockSupport.park(LockSupport.java:175)
        at java.util.concurrent.locks.AbstractQueuedSynchronizer$ConditionObject.await(AbstractQueuedSynchronizer.java:2039)
        at java.util.concurrent.ArrayBlockingQueue.take(ArrayBlockingQueue.java:403)
        at java.util.concurrent.ThreadPoolExecutor.getTask(ThreadPoolExecutor.java:1074)
        at java.util.concurrent.ThreadPoolExecutor.runWorker(ThreadPoolExecutor.java:1134)
        at java.util.concurrent.ThreadPoolExecutor$Worker.run(ThreadPoolExecutor.java:624)
        at java.lang.Thread.run(Thread.java:748)
"Command processor thread" daemon prio=5 tid=313 timed_waiting
java.lang.Thread.State: TIMED_WAITING
        at java.lang.Thread.sleep(Native Method)
        at org.apache.hadoop.ozone.container.common.statemachine.DatanodeStateMachine.lambda$initCommandHandlerThread$1(DatanodeStateMachine.java:439)
        at org.apache.hadoop.ozone.container.common.statemachine.DatanodeStateMachine$$Lambda$141/1487479796.run(Unknown Source)
        at java.lang.Thread.run(Thread.java:748)
"metrics-hadoop-metrics2-reporter-3-thread-1" daemon prio=5 tid=817 timed_waiting
java.lang.Thread.State: TIMED_WAITING
        at sun.misc.Unsafe.park(Native Method)
        at java.util.concurrent.locks.LockSupport.parkNanos(LockSupport.java:215)
        at java.util.concurrent.locks.AbstractQueuedSynchronizer$ConditionObject.awaitNanos(AbstractQueuedSynchronizer.java:2078)
        at java.util.concurrent.ScheduledThreadPoolExecutor$DelayedWorkQueue.take(ScheduledThreadPoolExecutor.java:1093)
        at java.util.concurrent.ScheduledThreadPoolExecutor$DelayedWorkQueue.take(ScheduledThreadPoolExecutor.java:809)
        at java.util.concurrent.ThreadPoolExecutor.getTask(ThreadPoolExecutor.java:1074)
        at java.util.concurrent.ThreadPoolExecutor.runWorker(ThreadPoolExecutor.java:1134)
        at java.util.concurrent.ThreadPoolExecutor$Worker.run(ThreadPoolExecutor.java:624)
        at java.lang.Thread.run(Thread.java:748)
"pool-26-thread-59"  prio=5 tid=545 in Object.wait()
java.lang.Thread.State: WAITING (on object monitor)
        at sun.misc.Unsafe.park(Native Method)
        at java.util.concurrent.locks.LockSupport.park(LockSupport.java:175)
        at java.util.concurrent.locks.AbstractQueuedSynchronizer$ConditionObject.await(AbstractQueuedSynchronizer.java:2039)
        at java.util.concurrent.ArrayBlockingQueue.take(ArrayBlockingQueue.java:403)
        at java.util.concurrent.ThreadPoolExecutor.getTask(ThreadPoolExecutor.java:1074)
        at java.util.concurrent.ThreadPoolExecutor.runWorker(ThreadPoolExecutor.java:1134)
        at java.util.concurrent.ThreadPoolExecutor$Worker.run(ThreadPoolExecutor.java:624)
        at java.lang.Thread.run(Thread.java:748)
"pool-86-thread-3"  prio=5 tid=821 in Object.wait()
java.lang.Thread.State: WAITING (on object monitor)
        at sun.misc.Unsafe.park(Native Method)
        at java.util.concurrent.locks.LockSupport.park(LockSupport.java:175)
        at java.util.concurrent.locks.AbstractQueuedSynchronizer$ConditionObject.await(AbstractQueuedSynchronizer.java:2039)
        at java.util.concurrent.ArrayBlockingQueue.take(ArrayBlockingQueue.java:403)
        at java.util.concurrent.ThreadPoolExecutor.getTask(ThreadPoolExecutor.java:1074)
        at java.util.concurrent.ThreadPoolExecutor.runWorker(ThreadPoolExecutor.java:1134)
        at java.util.concurrent.ThreadPoolExecutor$Worker.run(ThreadPoolExecutor.java:624)
        at java.lang.Thread.run(Thread.java:748)
"Datanode ReportManager Thread - 3" daemon prio=5 tid=731 in Object.wait()
java.lang.Thread.State: WAITING (on object monitor)
        at sun.misc.Unsafe.park(Native Method)
        at java.util.concurrent.locks.LockSupport.park(LockSupport.java:175)
        at java.util.concurrent.locks.AbstractQueuedSynchronizer$ConditionObject.await(AbstractQueuedSynchronizer.java:2039)
        at java.util.concurrent.ScheduledThreadPoolExecutor$DelayedWorkQueue.take(ScheduledThreadPoolExecutor.java:1088)
        at java.util.concurrent.ScheduledThreadPoolExecutor$DelayedWorkQueue.take(ScheduledThreadPoolExecutor.java:809)
        at java.util.concurrent.ThreadPoolExecutor.getTask(ThreadPoolExecutor.java:1074)
        at java.util.concurrent.ThreadPoolExecutor.runWorker(ThreadPoolExecutor.java:1134)
        at java.util.concurrent.ThreadPoolExecutor$Worker.run(ThreadPoolExecutor.java:624)
        at java.lang.Thread.run(Thread.java:748)
"qtp856047451-626" daemon prio=5 tid=626 timed_waiting
java.lang.Thread.State: TIMED_WAITING
        at sun.misc.Unsafe.park(Native Method)
        at java.util.concurrent.locks.LockSupport.parkNanos(LockSupport.java:215)
        at java.util.concurrent.locks.AbstractQueuedSynchronizer$ConditionObject.awaitNanos(AbstractQueuedSynchronizer.java:2078)
        at org.eclipse.jetty.util.BlockingArrayQueue.poll(BlockingArrayQueue.java:392)
        at org.eclipse.jetty.util.thread.QueuedThreadPool.idleJobPoll(QueuedThreadPool.java:563)
        at org.eclipse.jetty.util.thread.QueuedThreadPool.access$800(QueuedThreadPool.java:48)
        at org.eclipse.jetty.util.thread.QueuedThreadPool$2.run(QueuedThreadPool.java:626)
        at java.lang.Thread.run(Thread.java:748)
"pool-36-thread-58"  prio=5 tid=577 in Object.wait()
java.lang.Thread.State: WAITING (on object monitor)
        at sun.misc.Unsafe.park(Native Method)
        at java.util.concurrent.locks.LockSupport.park(LockSupport.java:175)
        at java.util.concurrent.locks.AbstractQueuedSynchronizer$ConditionObject.await(AbstractQueuedSynchronizer.java:2039)
        at java.util.concurrent.ArrayBlockingQueue.take(ArrayBlockingQueue.java:403)
        at java.util.concurrent.ThreadPoolExecutor.getTask(ThreadPoolExecutor.java:1074)
        at java.util.concurrent.ThreadPoolExecutor.runWorker(ThreadPoolExecutor.java:1134)
        at java.util.concurrent.ThreadPoolExecutor$Worker.run(ThreadPoolExecutor.java:624)
        at java.lang.Thread.run(Thread.java:748)
"Datanode ReportManager Thread - 0" daemon prio=5 tid=225 in Object.wait()
java.lang.Thread.State: WAITING (on object monitor)
        at sun.misc.Unsafe.park(Native Method)
        at java.util.concurrent.locks.LockSupport.park(LockSupport.java:175)
        at java.util.concurrent.locks.AbstractQueuedSynchronizer$ConditionObject.await(AbstractQueuedSynchronizer.java:2039)
        at java.util.concurrent.ScheduledThreadPoolExecutor$DelayedWorkQueue.take(ScheduledThreadPoolExecutor.java:1088)
        at java.util.concurrent.ScheduledThreadPoolExecutor$DelayedWorkQueue.take(ScheduledThreadPoolExecutor.java:809)
        at java.util.concurrent.ThreadPoolExecutor.getTask(ThreadPoolExecutor.java:1074)
        at java.util.concurrent.ThreadPoolExecutor.runWorker(ThreadPoolExecutor.java:1134)
        at java.util.concurrent.ThreadPoolExecutor$Worker.run(ThreadPoolExecutor.java:624)
        at java.lang.Thread.run(Thread.java:748)
"pool-117-thread-29"  prio=5 tid=1088 in Object.wait()
java.lang.Thread.State: WAITING (on object monitor)
        at sun.misc.Unsafe.park(Native Method)
        at java.util.concurrent.locks.LockSupport.park(LockSupport.java:175)
        at java.util.concurrent.locks.AbstractQueuedSynchronizer$ConditionObject.await(AbstractQueuedSynchronizer.java:2039)
        at java.util.concurrent.ArrayBlockingQueue.take(ArrayBlockingQueue.java:403)
        at java.util.concurrent.ThreadPoolExecutor.getTask(ThreadPoolExecutor.java:1074)
        at java.util.concurrent.ThreadPoolExecutor.runWorker(ThreadPoolExecutor.java:1134)
        at java.util.concurrent.ThreadPoolExecutor$Worker.run(ThreadPoolExecutor.java:624)
        at java.lang.Thread.run(Thread.java:748)
"pool-86-thread-10"  prio=5 tid=828 in Object.wait()
java.lang.Thread.State: WAITING (on object monitor)
        at sun.misc.Unsafe.park(Native Method)
        at java.util.concurrent.locks.LockSupport.park(LockSupport.java:175)
        at java.util.concurrent.locks.AbstractQueuedSynchronizer$ConditionObject.await(AbstractQueuedSynchronizer.java:2039)
        at java.util.concurrent.ArrayBlockingQueue.take(ArrayBlockingQueue.java:403)
        at java.util.concurrent.ThreadPoolExecutor.getTask(ThreadPoolExecutor.java:1074)
        at java.util.concurrent.ThreadPoolExecutor.runWorker(ThreadPoolExecutor.java:1134)
        at java.util.concurrent.ThreadPoolExecutor$Worker.run(ThreadPoolExecutor.java:624)
        at java.lang.Thread.run(Thread.java:748)
"pool-66-thread-41"  prio=5 tid=685 in Object.wait()
java.lang.Thread.State: WAITING (on object monitor)
        at sun.misc.Unsafe.park(Native Method)
        at java.util.concurrent.locks.LockSupport.park(LockSupport.java:175)
        at java.util.concurrent.locks.AbstractQueuedSynchronizer$ConditionObject.await(AbstractQueuedSynchronizer.java:2039)
        at java.util.concurrent.ArrayBlockingQueue.take(ArrayBlockingQueue.java:403)
        at java.util.concurrent.ThreadPoolExecutor.getTask(ThreadPoolExecutor.java:1074)
        at java.util.concurrent.ThreadPoolExecutor.runWorker(ThreadPoolExecutor.java:1134)
        at java.util.concurrent.ThreadPoolExecutor$Worker.run(ThreadPoolExecutor.java:624)
        at java.lang.Thread.run(Thread.java:748)
"BlockDeletingService#1" daemon prio=5 tid=1045 in Object.wait()
java.lang.Thread.State: WAITING (on object monitor)
        at sun.misc.Unsafe.park(Native Method)
        at java.util.concurrent.locks.LockSupport.park(LockSupport.java:175)
        at java.util.concurrent.locks.AbstractQueuedSynchronizer$ConditionObject.await(AbstractQueuedSynchronizer.java:2039)
        at java.util.concurrent.ScheduledThreadPoolExecutor$DelayedWorkQueue.take(ScheduledThreadPoolExecutor.java:1088)
        at java.util.concurrent.ScheduledThreadPoolExecutor$DelayedWorkQueue.take(ScheduledThreadPoolExecutor.java:809)
        at java.util.concurrent.ThreadPoolExecutor.getTask(ThreadPoolExecutor.java:1074)
        at java.util.concurrent.ThreadPoolExecutor.runWorker(ThreadPoolExecutor.java:1134)
        at java.util.concurrent.ThreadPoolExecutor$Worker.run(ThreadPoolExecutor.java:624)
        at java.lang.Thread.run(Thread.java:748)
"Command processor thread" daemon prio=5 tid=229 timed_waiting
java.lang.Thread.State: TIMED_WAITING
        at java.lang.Thread.sleep(Native Method)
        at org.apache.hadoop.ozone.container.common.statemachine.DatanodeStateMachine.lambda$initCommandHandlerThread$1(DatanodeStateMachine.java:439)
        at org.apache.hadoop.ozone.container.common.statemachine.DatanodeStateMachine$$Lambda$141/1487479796.run(Unknown Source)
        at java.lang.Thread.run(Thread.java:748)
"Datanode ReportManager Thread - 2" daemon prio=5 tid=254 in Object.wait()
java.lang.Thread.State: WAITING (on object monitor)
        at sun.misc.Unsafe.park(Native Method)
        at java.util.concurrent.locks.LockSupport.park(LockSupport.java:175)
        at java.util.concurrent.locks.AbstractQueuedSynchronizer$ConditionObject.await(AbstractQueuedSynchronizer.java:2039)
        at java.util.concurrent.ScheduledThreadPoolExecutor$DelayedWorkQueue.take(ScheduledThreadPoolExecutor.java:1088)
        at java.util.concurrent.ScheduledThreadPoolExecutor$DelayedWorkQueue.take(ScheduledThreadPoolExecutor.java:809)
        at java.util.concurrent.ThreadPoolExecutor.getTask(ThreadPoolExecutor.java:1074)
        at java.util.concurrent.ThreadPoolExecutor.runWorker(ThreadPoolExecutor.java:1134)
        at java.util.concurrent.ThreadPoolExecutor$Worker.run(ThreadPoolExecutor.java:624)
        at java.lang.Thread.run(Thread.java:748)
"EventQueue-IncrementalContainerReportForIncrementalContainerReportHandler" daemon prio=5 tid=1247 in Object.wait()
java.lang.Thread.State: WAITING (on object monitor)
        at sun.misc.Unsafe.park(Native Method)
        at java.util.concurrent.locks.LockSupport.park(LockSupport.java:175)
        at java.util.concurrent.locks.AbstractQueuedSynchronizer$ConditionObject.await(AbstractQueuedSynchronizer.java:2039)
        at java.util.concurrent.LinkedBlockingQueue.take(LinkedBlockingQueue.java:442)
        at java.util.concurrent.ThreadPoolExecutor.getTask(ThreadPoolExecutor.java:1074)
        at java.util.concurrent.ThreadPoolExecutor.runWorker(ThreadPoolExecutor.java:1134)
        at java.util.concurrent.ThreadPoolExecutor$Worker.run(ThreadPoolExecutor.java:624)
        at java.lang.Thread.run(Thread.java:748)
"IPC Client (981159997) connection to /0.0.0.0:40878 from jenkins1000" daemon prio=5 tid=1210 timed_waiting
java.lang.Thread.State: TIMED_WAITING
        at java.lang.Object.wait(Native Method)
        at org.apache.hadoop.ipc.Client$Connection.waitForWork(Client.java:1024)
        at org.apache.hadoop.ipc.Client$Connection.run(Client.java:1068)
"pool-46-thread-43"  prio=5 tid=522 in Object.wait()
java.lang.Thread.State: WAITING (on object monitor)
        at sun.misc.Unsafe.park(Native Method)
        at java.util.concurrent.locks.LockSupport.park(LockSupport.java:175)
        at java.util.concurrent.locks.AbstractQueuedSynchronizer$ConditionObject.await(AbstractQueuedSynchronizer.java:2039)
        at java.util.concurrent.ArrayBlockingQueue.take(ArrayBlockingQueue.java:403)
        at java.util.concurrent.ThreadPoolExecutor.getTask(ThreadPoolExecutor.java:1074)
        at java.util.concurrent.ThreadPoolExecutor.runWorker(ThreadPoolExecutor.java:1134)
        at java.util.concurrent.ThreadPoolExecutor$Worker.run(ThreadPoolExecutor.java:624)
        at java.lang.Thread.run(Thread.java:748)
"org.eclipse.jetty.server.session.HashSessionManager@62dbe64eTimer" daemon prio=5 tid=196 timed_waiting
java.lang.Thread.State: TIMED_WAITING
        at sun.misc.Unsafe.park(Native Method)
        at java.util.concurrent.locks.LockSupport.parkNanos(LockSupport.java:215)
        at java.util.concurrent.locks.AbstractQueuedSynchronizer$ConditionObject.awaitNanos(AbstractQueuedSynchronizer.java:2078)
        at java.util.concurrent.ScheduledThreadPoolExecutor$DelayedWorkQueue.take(ScheduledThreadPoolExecutor.java:1093)
        at java.util.concurrent.ScheduledThreadPoolExecutor$DelayedWorkQueue.take(ScheduledThreadPoolExecutor.java:809)
        at java.util.concurrent.ThreadPoolExecutor.getTask(ThreadPoolExecutor.java:1074)
        at java.util.concurrent.ThreadPoolExecutor.runWorker(ThreadPoolExecutor.java:1134)
        at java.util.concurrent.ThreadPoolExecutor$Worker.run(ThreadPoolExecutor.java:624)
        at java.lang.Thread.run(Thread.java:748)
"pool-76-thread-48"  prio=5 tid=794 in Object.wait()
java.lang.Thread.State: WAITING (on object monitor)
        at sun.misc.Unsafe.park(Native Method)
        at java.util.concurrent.locks.LockSupport.park(LockSupport.java:175)
        at java.util.concurrent.locks.AbstractQueuedSynchronizer$ConditionObject.await(AbstractQueuedSynchronizer.java:2039)
        at java.util.concurrent.ArrayBlockingQueue.take(ArrayBlockingQueue.java:403)
        at java.util.concurrent.ThreadPoolExecutor.getTask(ThreadPoolExecutor.java:1074)
        at java.util.concurrent.ThreadPoolExecutor.runWorker(ThreadPoolExecutor.java:1134)
        at java.util.concurrent.ThreadPoolExecutor$Worker.run(ThreadPoolExecutor.java:624)
        at java.lang.Thread.run(Thread.java:748)
"Datanode ReportManager Thread - 0" daemon prio=5 tid=198 in Object.wait()
java.lang.Thread.State: WAITING (on object monitor)
        at sun.misc.Unsafe.park(Native Method)
        at java.util.concurrent.locks.LockSupport.park(LockSupport.java:175)
        at java.util.concurrent.locks.AbstractQueuedSynchronizer$ConditionObject.await(AbstractQueuedSynchronizer.java:2039)
        at java.util.concurrent.ScheduledThreadPoolExecutor$DelayedWorkQueue.take(ScheduledThreadPoolExecutor.java:1088)
        at java.util.concurrent.ScheduledThreadPoolExecutor$DelayedWorkQueue.take(ScheduledThreadPoolExecutor.java:809)
        at java.util.concurrent.ThreadPoolExecutor.getTask(ThreadPoolExecutor.java:1074)
        at java.util.concurrent.ThreadPoolExecutor.runWorker(ThreadPoolExecutor.java:1134)
        at java.util.concurrent.ThreadPoolExecutor$Worker.run(ThreadPoolExecutor.java:624)
        at java.lang.Thread.run(Thread.java:748)
"pool-56-thread-30"  prio=5 tid=464 in Object.wait()
java.lang.Thread.State: WAITING (on object monitor)
        at sun.misc.Unsafe.park(Native Method)
        at java.util.concurrent.locks.LockSupport.park(LockSupport.java:175)
        at java.util.concurrent.locks.AbstractQueuedSynchronizer$ConditionObject.await(AbstractQueuedSynchronizer.java:2039)
        at java.util.concurrent.ArrayBlockingQueue.take(ArrayBlockingQueue.java:403)
        at java.util.concurrent.ThreadPoolExecutor.getTask(ThreadPoolExecutor.java:1074)
        at java.util.concurrent.ThreadPoolExecutor.runWorker(ThreadPoolExecutor.java:1134)
        at java.util.concurrent.ThreadPoolExecutor$Worker.run(ThreadPoolExecutor.java:624)
        at java.lang.Thread.run(Thread.java:748)
"pool-56-thread-48"  prio=5 tid=532 in Object.wait()
java.lang.Thread.State: WAITING (on object monitor)
        at sun.misc.Unsafe.park(Native Method)
        at java.util.concurrent.locks.LockSupport.park(LockSupport.java:175)
        at java.util.concurrent.locks.AbstractQueuedSynchronizer$ConditionObject.await(AbstractQueuedSynchronizer.java:2039)
        at java.util.concurrent.ArrayBlockingQueue.take(ArrayBlockingQueue.java:403)
        at java.util.concurrent.ThreadPoolExecutor.getTask(ThreadPoolExecutor.java:1074)
        at java.util.concurrent.ThreadPoolExecutor.runWorker(ThreadPoolExecutor.java:1134)
        at java.util.concurrent.ThreadPoolExecutor$Worker.run(ThreadPoolExecutor.java:624)
        at java.lang.Thread.run(Thread.java:748)
"pool-117-thread-23"  prio=5 tid=1082 in Object.wait()
java.lang.Thread.State: WAITING (on object monitor)
        at sun.misc.Unsafe.park(Native Method)
        at java.util.concurrent.locks.LockSupport.park(LockSupport.java:175)
        at java.util.concurrent.locks.AbstractQueuedSynchronizer$ConditionObject.await(AbstractQueuedSynchronizer.java:2039)
        at java.util.concurrent.ArrayBlockingQueue.take(ArrayBlockingQueue.java:403)
        at java.util.concurrent.ThreadPoolExecutor.getTask(ThreadPoolExecutor.java:1074)
        at java.util.concurrent.ThreadPoolExecutor.runWorker(ThreadPoolExecutor.java:1134)
        at java.util.concurrent.ThreadPoolExecutor$Worker.run(ThreadPoolExecutor.java:624)
        at java.lang.Thread.run(Thread.java:748)
"metrics-hadoop-metrics2-reporter-60-thread-1" daemon prio=5 tid=1286 timed_waiting
java.lang.Thread.State: TIMED_WAITING
        at sun.misc.Unsafe.park(Native Method)
        at java.util.concurrent.locks.LockSupport.parkNanos(LockSupport.java:215)
        at java.util.concurrent.locks.AbstractQueuedSynchronizer$ConditionObject.awaitNanos(AbstractQueuedSynchronizer.java:2078)
        at java.util.concurrent.ScheduledThreadPoolExecutor$DelayedWorkQueue.take(ScheduledThreadPoolExecutor.java:1093)
        at java.util.concurrent.ScheduledThreadPoolExecutor$DelayedWorkQueue.take(ScheduledThreadPoolExecutor.java:809)
        at java.util.concurrent.ThreadPoolExecutor.getTask(ThreadPoolExecutor.java:1074)
        at java.util.concurrent.ThreadPoolExecutor.runWorker(ThreadPoolExecutor.java:1134)
        at java.util.concurrent.ThreadPoolExecutor$Worker.run(ThreadPoolExecutor.java:624)
        at java.lang.Thread.run(Thread.java:748)
"pool-36-thread-29"  prio=5 tid=465 in Object.wait()
java.lang.Thread.State: WAITING (on object monitor)
        at sun.misc.Unsafe.park(Native Method)
        at java.util.concurrent.locks.LockSupport.park(LockSupport.java:175)
        at java.util.concurrent.locks.AbstractQueuedSynchronizer$ConditionObject.await(AbstractQueuedSynchronizer.java:2039)
        at java.util.concurrent.ArrayBlockingQueue.take(ArrayBlockingQueue.java:403)
        at java.util.concurrent.ThreadPoolExecutor.getTask(ThreadPoolExecutor.java:1074)
        at java.util.concurrent.ThreadPoolExecutor.runWorker(ThreadPoolExecutor.java:1134)
        at java.util.concurrent.ThreadPoolExecutor$Worker.run(ThreadPoolExecutor.java:624)
        at java.lang.Thread.run(Thread.java:748)
"IPC Server handler 13 on 37221" daemon prio=5 tid=128 timed_waiting
java.lang.Thread.State: TIMED_WAITING
        at sun.misc.Unsafe.park(Native Method)
        at java.util.concurrent.locks.LockSupport.parkNanos(LockSupport.java:215)
        at java.util.concurrent.locks.AbstractQueuedSynchronizer$ConditionObject.awaitNanos(AbstractQueuedSynchronizer.java:2078)
        at java.util.concurrent.LinkedBlockingQueue.poll(LinkedBlockingQueue.java:467)
        at org.apache.hadoop.ipc.CallQueueManager.take(CallQueueManager.java:288)
        at org.apache.hadoop.ipc.Server$Handler.run(Server.java:2668)
"BlockDeletingService#1" daemon prio=5 tid=944 in Object.wait()
java.lang.Thread.State: WAITING (on object monitor)
        at sun.misc.Unsafe.park(Native Method)
        at java.util.concurrent.locks.LockSupport.park(LockSupport.java:175)
        at java.util.concurrent.locks.AbstractQueuedSynchronizer$ConditionObject.await(AbstractQueuedSynchronizer.java:2039)
        at java.util.concurrent.ScheduledThreadPoolExecutor$DelayedWorkQueue.take(ScheduledThreadPoolExecutor.java:1088)
        at java.util.concurrent.ScheduledThreadPoolExecutor$DelayedWorkQueue.take(ScheduledThreadPoolExecutor.java:809)
        at java.util.concurrent.ThreadPoolExecutor.getTask(ThreadPoolExecutor.java:1074)
        at java.util.concurrent.ThreadPoolExecutor.runWorker(ThreadPoolExecutor.java:1134)
        at java.util.concurrent.ThreadPoolExecutor$Worker.run(ThreadPoolExecutor.java:624)
        at java.lang.Thread.run(Thread.java:748)
"CommandWatcher-LeaseManager#LeaseMonitor" daemon prio=5 tid=28 timed_waiting
java.lang.Thread.State: TIMED_WAITING
        at java.lang.Thread.sleep(Native Method)
        at org.apache.hadoop.ozone.lease.LeaseManager$LeaseMonitor.run(LeaseManager.java:234)
        at java.lang.Thread.run(Thread.java:748)
"IPC Server handler 16 on 37221" daemon prio=5 tid=131 timed_waiting
java.lang.Thread.State: TIMED_WAITING
        at sun.misc.Unsafe.park(Native Method)
        at java.util.concurrent.locks.LockSupport.parkNanos(LockSupport.java:215)
        at java.util.concurrent.locks.AbstractQueuedSynchronizer$ConditionObject.awaitNanos(AbstractQueuedSynchronizer.java:2078)
        at java.util.concurrent.LinkedBlockingQueue.poll(LinkedBlockingQueue.java:467)
        at org.apache.hadoop.ipc.CallQueueManager.take(CallQueueManager.java:288)
        at org.apache.hadoop.ipc.Server$Handler.run(Server.java:2668)
"pool-56-thread-37"  prio=5 tid=477 in Object.wait()
java.lang.Thread.State: WAITING (on object monitor)
        at sun.misc.Unsafe.park(Native Method)
        at java.util.concurrent.locks.LockSupport.park(LockSupport.java:175)
        at java.util.concurrent.locks.AbstractQueuedSynchronizer$ConditionObject.await(AbstractQueuedSynchronizer.java:2039)
        at java.util.concurrent.ArrayBlockingQueue.take(ArrayBlockingQueue.java:403)
        at java.util.concurrent.ThreadPoolExecutor.getTask(ThreadPoolExecutor.java:1074)
        at java.util.concurrent.ThreadPoolExecutor.runWorker(ThreadPoolExecutor.java:1134)
        at java.util.concurrent.ThreadPoolExecutor$Worker.run(ThreadPoolExecutor.java:624)
        at java.lang.Thread.run(Thread.java:748)
"pool-86-thread-21"  prio=5 tid=839 in Object.wait()
java.lang.Thread.State: WAITING (on object monitor)
        at sun.misc.Unsafe.park(Native Method)
        at java.util.concurrent.locks.LockSupport.park(LockSupport.java:175)
        at java.util.concurrent.locks.AbstractQueuedSynchronizer$ConditionObject.await(AbstractQueuedSynchronizer.java:2039)
        at java.util.concurrent.ArrayBlockingQueue.take(ArrayBlockingQueue.java:403)
        at java.util.concurrent.ThreadPoolExecutor.getTask(ThreadPoolExecutor.java:1074)
        at java.util.concurrent.ThreadPoolExecutor.runWorker(ThreadPoolExecutor.java:1134)
        at java.util.concurrent.ThreadPoolExecutor$Worker.run(ThreadPoolExecutor.java:624)
        at java.lang.Thread.run(Thread.java:748)
"qtp1680841335-244" daemon prio=5 tid=244 timed_waiting
java.lang.Thread.State: TIMED_WAITING
        at sun.misc.Unsafe.park(Native Method)
        at java.util.concurrent.locks.LockSupport.parkNanos(LockSupport.java:215)
        at java.util.concurrent.locks.AbstractQueuedSynchronizer$ConditionObject.awaitNanos(AbstractQueuedSynchronizer.java:2078)
        at org.eclipse.jetty.util.BlockingArrayQueue.poll(BlockingArrayQueue.java:392)
        at org.eclipse.jetty.util.thread.QueuedThreadPool.idleJobPoll(QueuedThreadPool.java:563)
        at org.eclipse.jetty.util.thread.QueuedThreadPool.access$800(QueuedThreadPool.java:48)
        at org.eclipse.jetty.util.thread.QueuedThreadPool$2.run(QueuedThreadPool.java:626)
        at java.lang.Thread.run(Thread.java:748)
"IPC Server handler 9 on 39235" daemon prio=5 tid=38 timed_waiting
java.lang.Thread.State: TIMED_WAITING
        at sun.misc.Unsafe.park(Native Method)
        at java.util.concurrent.locks.LockSupport.parkNanos(LockSupport.java:215)
        at java.util.concurrent.locks.AbstractQueuedSynchronizer$ConditionObject.awaitNanos(AbstractQueuedSynchronizer.java:2078)
        at java.util.concurrent.LinkedBlockingQueue.poll(LinkedBlockingQueue.java:467)
        at org.apache.hadoop.ipc.CallQueueManager.take(CallQueueManager.java:288)
        at org.apache.hadoop.ipc.Server$Handler.run(Server.java:2668)
"pool-36-thread-9"  prio=5 tid=359 in Object.wait()
java.lang.Thread.State: WAITING (on object monitor)
        at sun.misc.Unsafe.park(Native Method)
        at java.util.concurrent.locks.LockSupport.park(LockSupport.java:175)
        at java.util.concurrent.locks.AbstractQueuedSynchronizer$ConditionObject.await(AbstractQueuedSynchronizer.java:2039)
        at java.util.concurrent.ArrayBlockingQueue.take(ArrayBlockingQueue.java:403)
        at java.util.concurrent.ThreadPoolExecutor.getTask(ThreadPoolExecutor.java:1074)
        at java.util.concurrent.ThreadPoolExecutor.runWorker(ThreadPoolExecutor.java:1134)
        at java.util.concurrent.ThreadPoolExecutor$Worker.run(ThreadPoolExecutor.java:624)
        at java.lang.Thread.run(Thread.java:748)
"pool-96-thread-5"  prio=5 tid=887 in Object.wait()
java.lang.Thread.State: WAITING (on object monitor)
        at sun.misc.Unsafe.park(Native Method)
        at java.util.concurrent.locks.LockSupport.park(LockSupport.java:175)
        at java.util.concurrent.locks.AbstractQueuedSynchronizer$ConditionObject.await(AbstractQueuedSynchronizer.java:2039)
        at java.util.concurrent.ArrayBlockingQueue.take(ArrayBlockingQueue.java:403)
        at java.util.concurrent.ThreadPoolExecutor.getTask(ThreadPoolExecutor.java:1074)
        at java.util.concurrent.ThreadPoolExecutor.runWorker(ThreadPoolExecutor.java:1134)
        at java.util.concurrent.ThreadPoolExecutor$Worker.run(ThreadPoolExecutor.java:624)
        at java.lang.Thread.run(Thread.java:748)
"pool-106-thread-39"  prio=5 tid=1018 in Object.wait()
java.lang.Thread.State: WAITING (on object monitor)
        at sun.misc.Unsafe.park(Native Method)
        at java.util.concurrent.locks.LockSupport.park(LockSupport.java:175)
        at java.util.concurrent.locks.AbstractQueuedSynchronizer$ConditionObject.await(AbstractQueuedSynchronizer.java:2039)
        at java.util.concurrent.ArrayBlockingQueue.take(ArrayBlockingQueue.java:403)
        at java.util.concurrent.ThreadPoolExecutor.getTask(ThreadPoolExecutor.java:1074)
        at java.util.concurrent.ThreadPoolExecutor.runWorker(ThreadPoolExecutor.java:1134)
        at java.util.concurrent.ThreadPoolExecutor$Worker.run(ThreadPoolExecutor.java:624)
        at java.lang.Thread.run(Thread.java:748)
"qtp142993407-373" daemon prio=5 tid=373 timed_waiting
java.lang.Thread.State: TIMED_WAITING
        at sun.misc.Unsafe.park(Native Method)
        at java.util.concurrent.locks.LockSupport.parkNanos(LockSupport.java:215)
        at java.util.concurrent.locks.AbstractQueuedSynchronizer$ConditionObject.awaitNanos(AbstractQueuedSynchronizer.java:2078)
        at org.eclipse.jetty.util.BlockingArrayQueue.poll(BlockingArrayQueue.java:392)
        at org.eclipse.jetty.util.thread.QueuedThreadPool.idleJobPoll(QueuedThreadPool.java:563)
        at org.eclipse.jetty.util.thread.QueuedThreadPool.access$800(QueuedThreadPool.java:48)
        at org.eclipse.jetty.util.thread.QueuedThreadPool$2.run(QueuedThreadPool.java:626)
        at java.lang.Thread.run(Thread.java:748)
"org.eclipse.jetty.server.session.HashSessionManager@254f906eTimer" daemon prio=5 tid=307 timed_waiting
java.lang.Thread.State: TIMED_WAITING
        at sun.misc.Unsafe.park(Native Method)
        at java.util.concurrent.locks.LockSupport.parkNanos(LockSupport.java:215)
        at java.util.concurrent.locks.AbstractQueuedSynchronizer$ConditionObject.awaitNanos(AbstractQueuedSynchronizer.java:2078)
        at java.util.concurrent.ScheduledThreadPoolExecutor$DelayedWorkQueue.take(ScheduledThreadPoolExecutor.java:1093)
        at java.util.concurrent.ScheduledThreadPoolExecutor$DelayedWorkQueue.take(ScheduledThreadPoolExecutor.java:809)
        at java.util.concurrent.ThreadPoolExecutor.getTask(ThreadPoolExecutor.java:1074)
        at java.util.concurrent.ThreadPoolExecutor.runWorker(ThreadPoolExecutor.java:1134)
        at java.util.concurrent.ThreadPoolExecutor$Worker.run(ThreadPoolExecutor.java:624)
        at java.lang.Thread.run(Thread.java:748)
"Datanode ReportManager Thread - 2" daemon prio=5 tid=173 in Object.wait()
java.lang.Thread.State: WAITING (on object monitor)
        at sun.misc.Unsafe.park(Native Method)
        at java.util.concurrent.locks.LockSupport.park(LockSupport.java:175)
        at java.util.concurrent.locks.AbstractQueuedSynchronizer$ConditionObject.await(AbstractQueuedSynchronizer.java:2039)
        at java.util.concurrent.ScheduledThreadPoolExecutor$DelayedWorkQueue.take(ScheduledThreadPoolExecutor.java:1088)
        at java.util.concurrent.ScheduledThreadPoolExecutor$DelayedWorkQueue.take(ScheduledThreadPoolExecutor.java:809)
        at java.util.concurrent.ThreadPoolExecutor.getTask(ThreadPoolExecutor.java:1074)
        at java.util.concurrent.ThreadPoolExecutor.runWorker(ThreadPoolExecutor.java:1134)
        at java.util.concurrent.ThreadPoolExecutor$Worker.run(ThreadPoolExecutor.java:624)
        at java.lang.Thread.run(Thread.java:748)
"IPC Server handler 12 on 37221" daemon prio=5 tid=127 timed_waiting
java.lang.Thread.State: TIMED_WAITING
        at sun.misc.Unsafe.park(Native Method)
        at java.util.concurrent.locks.LockSupport.parkNanos(LockSupport.java:215)
        at java.util.concurrent.locks.AbstractQueuedSynchronizer$ConditionObject.awaitNanos(AbstractQueuedSynchronizer.java:2078)
        at java.util.concurrent.LinkedBlockingQueue.poll(LinkedBlockingQueue.java:467)
        at org.apache.hadoop.ipc.CallQueueManager.take(CallQueueManager.java:288)
        at org.apache.hadoop.ipc.Server$Handler.run(Server.java:2668)
"pool-66-thread-13"  prio=5 tid=650 in Object.wait()
java.lang.Thread.State: WAITING (on object monitor)
        at sun.misc.Unsafe.park(Native Method)
        at java.util.concurrent.locks.LockSupport.park(LockSupport.java:175)
        at java.util.concurrent.locks.AbstractQueuedSynchronizer$ConditionObject.await(AbstractQueuedSynchronizer.java:2039)
        at java.util.concurrent.ArrayBlockingQueue.take(ArrayBlockingQueue.java:403)
        at java.util.concurrent.ThreadPoolExecutor.getTask(ThreadPoolExecutor.java:1074)
        at java.util.concurrent.ThreadPoolExecutor.runWorker(ThreadPoolExecutor.java:1134)
        at java.util.concurrent.ThreadPoolExecutor$Worker.run(ThreadPoolExecutor.java:624)
        at java.lang.Thread.run(Thread.java:748)
"BlockDeletingService#0" daemon prio=5 tid=629 timed_waiting
java.lang.Thread.State: TIMED_WAITING
        at sun.misc.Unsafe.park(Native Method)
        at java.util.concurrent.locks.LockSupport.parkNanos(LockSupport.java:215)
        at java.util.concurrent.locks.AbstractQueuedSynchronizer$ConditionObject.awaitNanos(AbstractQueuedSynchronizer.java:2078)
        at java.util.concurrent.ScheduledThreadPoolExecutor$DelayedWorkQueue.take(ScheduledThreadPoolExecutor.java:1093)
        at java.util.concurrent.ScheduledThreadPoolExecutor$DelayedWorkQueue.take(ScheduledThreadPoolExecutor.java:809)
        at java.util.concurrent.ThreadPoolExecutor.getTask(ThreadPoolExecutor.java:1074)
        at java.util.concurrent.ThreadPoolExecutor.runWorker(ThreadPoolExecutor.java:1134)
        at java.util.concurrent.ThreadPoolExecutor$Worker.run(ThreadPoolExecutor.java:624)
        at java.lang.Thread.run(Thread.java:748)
"Datanode State Machine Thread - 0" daemon prio=5 tid=170 timed_waiting
java.lang.Thread.State: TIMED_WAITING
        at java.lang.Thread.sleep(Native Method)
        at org.apache.hadoop.ozone.container.common.statemachine.DatanodeStateMachine.start(DatanodeStateMachine.java:191)
        at org.apache.hadoop.ozone.container.common.statemachine.DatanodeStateMachine.lambda$startDaemon$0(DatanodeStateMachine.java:349)
        at org.apache.hadoop.ozone.container.common.statemachine.DatanodeStateMachine$$Lambda$140/939829672.run(Unknown Source)
        at java.lang.Thread.run(Thread.java:748)
"Datanode ReportManager Thread - 1" daemon prio=5 tid=506 timed_waiting
java.lang.Thread.State: TIMED_WAITING
        at sun.misc.Unsafe.park(Native Method)
        at java.util.concurrent.locks.LockSupport.parkNanos(LockSupport.java:215)
        at java.util.concurrent.locks.AbstractQueuedSynchronizer$ConditionObject.awaitNanos(AbstractQueuedSynchronizer.java:2078)
        at java.util.concurrent.ScheduledThreadPoolExecutor$DelayedWorkQueue.take(ScheduledThreadPoolExecutor.java:1093)
        at java.util.concurrent.ScheduledThreadPoolExecutor$DelayedWorkQueue.take(ScheduledThreadPoolExecutor.java:809)
        at java.util.concurrent.ThreadPoolExecutor.getTask(ThreadPoolExecutor.java:1074)
        at java.util.concurrent.ThreadPoolExecutor.runWorker(ThreadPoolExecutor.java:1134)
        at java.util.concurrent.ThreadPoolExecutor$Worker.run(ThreadPoolExecutor.java:624)
        at java.lang.Thread.run(Thread.java:748)
"org.eclipse.jetty.server.session.HashSessionManager@7bab5898Timer" daemon prio=5 tid=725 timed_waiting
java.lang.Thread.State: TIMED_WAITING
        at sun.misc.Unsafe.park(Native Method)
        at java.util.concurrent.locks.LockSupport.parkNanos(LockSupport.java:215)
        at java.util.concurrent.locks.AbstractQueuedSynchronizer$ConditionObject.awaitNanos(AbstractQueuedSynchronizer.java:2078)
        at java.util.concurrent.ScheduledThreadPoolExecutor$DelayedWorkQueue.take(ScheduledThreadPoolExecutor.java:1093)
        at java.util.concurrent.ScheduledThreadPoolExecutor$DelayedWorkQueue.take(ScheduledThreadPoolExecutor.java:809)
        at java.util.concurrent.ThreadPoolExecutor.getTask(ThreadPoolExecutor.java:1074)
        at java.util.concurrent.ThreadPoolExecutor.runWorker(ThreadPoolExecutor.java:1134)
        at java.util.concurrent.ThreadPoolExecutor$Worker.run(ThreadPoolExecutor.java:624)
        at java.lang.Thread.run(Thread.java:748)
"org.eclipse.jetty.server.session.HashSessionManager@5a3a1bf9Timer" daemon prio=5 tid=601 timed_waiting
java.lang.Thread.State: TIMED_WAITING
        at sun.misc.Unsafe.park(Native Method)
        at java.util.concurrent.locks.LockSupport.parkNanos(LockSupport.java:215)
        at java.util.concurrent.locks.AbstractQueuedSynchronizer$ConditionObject.awaitNanos(AbstractQueuedSynchronizer.java:2078)
        at java.util.concurrent.ScheduledThreadPoolExecutor$DelayedWorkQueue.take(ScheduledThreadPoolExecutor.java:1093)
        at java.util.concurrent.ScheduledThreadPoolExecutor$DelayedWorkQueue.take(ScheduledThreadPoolExecutor.java:809)
        at java.util.concurrent.ThreadPoolExecutor.getTask(ThreadPoolExecutor.java:1074)
        at java.util.concurrent.ThreadPoolExecutor.runWorker(ThreadPoolExecutor.java:1134)
        at java.util.concurrent.ThreadPoolExecutor$Worker.run(ThreadPoolExecutor.java:624)
        at java.lang.Thread.run(Thread.java:748)
"org.eclipse.jetty.server.session.HashSessionManager@302fec27Timer" daemon prio=5 tid=97 timed_waiting
java.lang.Thread.State: TIMED_WAITING
        at sun.misc.Unsafe.park(Native Method)
        at java.util.concurrent.locks.LockSupport.parkNanos(LockSupport.java:215)
        at java.util.concurrent.locks.AbstractQueuedSynchronizer$ConditionObject.awaitNanos(AbstractQueuedSynchronizer.java:2078)
        at java.util.concurrent.ScheduledThreadPoolExecutor$DelayedWorkQueue.take(ScheduledThreadPoolExecutor.java:1093)
        at java.util.concurrent.ScheduledThreadPoolExecutor$DelayedWorkQueue.take(ScheduledThreadPoolExecutor.java:809)
        at java.util.concurrent.ThreadPoolExecutor.getTask(ThreadPoolExecutor.java:1074)
        at java.util.concurrent.ThreadPoolExecutor.runWorker(ThreadPoolExecutor.java:1134)
        at java.util.concurrent.ThreadPoolExecutor$Worker.run(ThreadPoolExecutor.java:624)
        at java.lang.Thread.run(Thread.java:748)
"pool-96-thread-54"  prio=5 tid=936 in Object.wait()
java.lang.Thread.State: WAITING (on object monitor)
        at sun.misc.Unsafe.park(Native Method)
        at java.util.concurrent.locks.LockSupport.park(LockSupport.java:175)
        at java.util.concurrent.locks.AbstractQueuedSynchronizer$ConditionObject.await(AbstractQueuedSynchronizer.java:2039)
        at java.util.concurrent.ArrayBlockingQueue.take(ArrayBlockingQueue.java:403)
        at java.util.concurrent.ThreadPoolExecutor.getTask(ThreadPoolExecutor.java:1074)
        at java.util.concurrent.ThreadPoolExecutor.runWorker(ThreadPoolExecutor.java:1134)
        at java.util.concurrent.ThreadPoolExecutor$Worker.run(ThreadPoolExecutor.java:624)
        at java.lang.Thread.run(Thread.java:748)
"org.eclipse.jetty.server.session.HashSessionManager@80bfdc6Timer" daemon prio=5 tid=168 timed_waiting
java.lang.Thread.State: TIMED_WAITING
        at sun.misc.Unsafe.park(Native Method)
        at java.util.concurrent.locks.LockSupport.parkNanos(LockSupport.java:215)
        at java.util.concurrent.locks.AbstractQueuedSynchronizer$ConditionObject.awaitNanos(AbstractQueuedSynchronizer.java:2078)
        at java.util.concurrent.ScheduledThreadPoolExecutor$DelayedWorkQueue.take(ScheduledThreadPoolExecutor.java:1093)
        at java.util.concurrent.ScheduledThreadPoolExecutor$DelayedWorkQueue.take(ScheduledThreadPoolExecutor.java:809)
        at java.util.concurrent.ThreadPoolExecutor.getTask(ThreadPoolExecutor.java:1074)
        at java.util.concurrent.ThreadPoolExecutor.runWorker(ThreadPoolExecutor.java:1134)
        at java.util.concurrent.ThreadPoolExecutor$Worker.run(ThreadPoolExecutor.java:624)
        at java.lang.Thread.run(Thread.java:748)
"Datanode State Machine Thread - 0" daemon prio=5 tid=231 timed_waiting
java.lang.Thread.State: TIMED_WAITING
        at sun.misc.Unsafe.park(Native Method)
        at java.util.concurrent.locks.LockSupport.parkNanos(LockSupport.java:215)
        at java.util.concurrent.SynchronousQueue$TransferStack.awaitFulfill(SynchronousQueue.java:460)
        at java.util.concurrent.SynchronousQueue$TransferStack.transfer(SynchronousQueue.java:362)
        at java.util.concurrent.SynchronousQueue.poll(SynchronousQueue.java:941)
        at java.util.concurrent.ThreadPoolExecutor.getTask(ThreadPoolExecutor.java:1073)
        at java.util.concurrent.ThreadPoolExecutor.runWorker(ThreadPoolExecutor.java:1134)
        at java.util.concurrent.ThreadPoolExecutor$Worker.run(ThreadPoolExecutor.java:624)
        at java.lang.Thread.run(Thread.java:748)
"qtp318555935-188" daemon prio=5 tid=188 timed_waiting
java.lang.Thread.State: TIMED_WAITING
        at sun.misc.Unsafe.park(Native Method)
        at java.util.concurrent.locks.LockSupport.parkNanos(LockSupport.java:215)
        at java.util.concurrent.locks.AbstractQueuedSynchronizer$ConditionObject.awaitNanos(AbstractQueuedSynchronizer.java:2078)
        at org.eclipse.jetty.util.BlockingArrayQueue.poll(BlockingArrayQueue.java:392)
        at org.eclipse.jetty.util.thread.QueuedThreadPool.idleJobPoll(QueuedThreadPool.java:563)
        at org.eclipse.jetty.util.thread.QueuedThreadPool.access$800(QueuedThreadPool.java:48)
        at org.eclipse.jetty.util.thread.QueuedThreadPool$2.run(QueuedThreadPool.java:626)
        at java.lang.Thread.run(Thread.java:748)
"IPC Server handler 5 on 39235" daemon prio=5 tid=34 timed_waiting
java.lang.Thread.State: TIMED_WAITING
        at sun.misc.Unsafe.park(Native Method)
        at java.util.concurrent.locks.LockSupport.parkNanos(LockSupport.java:215)
        at java.util.concurrent.locks.AbstractQueuedSynchronizer$ConditionObject.awaitNanos(AbstractQueuedSynchronizer.java:2078)
        at java.util.concurrent.LinkedBlockingQueue.poll(LinkedBlockingQueue.java:467)
        at org.apache.hadoop.ipc.CallQueueManager.take(CallQueueManager.java:288)
        at org.apache.hadoop.ipc.Server$Handler.run(Server.java:2668)
"pool-26-thread-15"  prio=5 tid=385 in Object.wait()
java.lang.Thread.State: WAITING (on object monitor)
        at sun.misc.Unsafe.park(Native Method)
        at java.util.concurrent.locks.LockSupport.park(LockSupport.java:175)
        at java.util.concurrent.locks.AbstractQueuedSynchronizer$ConditionObject.await(AbstractQueuedSynchronizer.java:2039)
        at java.util.concurrent.ArrayBlockingQueue.take(ArrayBlockingQueue.java:403)
        at java.util.concurrent.ThreadPoolExecutor.getTask(ThreadPoolExecutor.java:1074)
        at java.util.concurrent.ThreadPoolExecutor.runWorker(ThreadPoolExecutor.java:1134)
        at java.util.concurrent.ThreadPoolExecutor$Worker.run(ThreadPoolExecutor.java:624)
        at java.lang.Thread.run(Thread.java:748)
"pool-76-thread-35"  prio=5 tid=781 in Object.wait()
java.lang.Thread.State: WAITING (on object monitor)
        at sun.misc.Unsafe.park(Native Method)
        at java.util.concurrent.locks.LockSupport.park(LockSupport.java:175)
        at java.util.concurrent.locks.AbstractQueuedSynchronizer$ConditionObject.await(AbstractQueuedSynchronizer.java:2039)
        at java.util.concurrent.ArrayBlockingQueue.take(ArrayBlockingQueue.java:403)
        at java.util.concurrent.ThreadPoolExecutor.getTask(ThreadPoolExecutor.java:1074)
        at java.util.concurrent.ThreadPoolExecutor.runWorker(ThreadPoolExecutor.java:1134)
        at java.util.concurrent.ThreadPoolExecutor$Worker.run(ThreadPoolExecutor.java:624)
        at java.lang.Thread.run(Thread.java:748)
"pool-26-thread-42"  prio=5 tid=467 in Object.wait()
java.lang.Thread.State: WAITING (on object monitor)
        at sun.misc.Unsafe.park(Native Method)
        at java.util.concurrent.locks.LockSupport.park(LockSupport.java:175)
        at java.util.concurrent.locks.AbstractQueuedSynchronizer$ConditionObject.await(AbstractQueuedSynchronizer.java:2039)
        at java.util.concurrent.ArrayBlockingQueue.take(ArrayBlockingQueue.java:403)
        at java.util.concurrent.ThreadPoolExecutor.getTask(ThreadPoolExecutor.java:1074)
        at java.util.concurrent.ThreadPoolExecutor.runWorker(ThreadPoolExecutor.java:1134)
        at java.util.concurrent.ThreadPoolExecutor$Worker.run(ThreadPoolExecutor.java:624)
        at java.lang.Thread.run(Thread.java:748)
"pool-76-thread-15"  prio=5 tid=761 in Object.wait()
java.lang.Thread.State: WAITING (on object monitor)
        at sun.misc.Unsafe.park(Native Method)
        at java.util.concurrent.locks.LockSupport.park(LockSupport.java:175)
        at java.util.concurrent.locks.AbstractQueuedSynchronizer$ConditionObject.await(AbstractQueuedSynchronizer.java:2039)
        at java.util.concurrent.ArrayBlockingQueue.take(ArrayBlockingQueue.java:403)
        at java.util.concurrent.ThreadPoolExecutor.getTask(ThreadPoolExecutor.java:1074)
        at java.util.concurrent.ThreadPoolExecutor.runWorker(ThreadPoolExecutor.java:1134)
        at java.util.concurrent.ThreadPoolExecutor$Worker.run(ThreadPoolExecutor.java:624)
        at java.lang.Thread.run(Thread.java:748)
"pool-86-thread-48"  prio=5 tid=866 in Object.wait()
java.lang.Thread.State: WAITING (on object monitor)
        at sun.misc.Unsafe.park(Native Method)
        at java.util.concurrent.locks.LockSupport.park(LockSupport.java:175)
        at java.util.concurrent.locks.AbstractQueuedSynchronizer$ConditionObject.await(AbstractQueuedSynchronizer.java:2039)
        at java.util.concurrent.ArrayBlockingQueue.take(ArrayBlockingQueue.java:403)
        at java.util.concurrent.ThreadPoolExecutor.getTask(ThreadPoolExecutor.java:1074)
        at java.util.concurrent.ThreadPoolExecutor.runWorker(ThreadPoolExecutor.java:1134)
        at java.util.concurrent.ThreadPoolExecutor$Worker.run(ThreadPoolExecutor.java:624)
        at java.lang.Thread.run(Thread.java:748)
"pool-106-thread-3"  prio=5 tid=982 in Object.wait()
java.lang.Thread.State: WAITING (on object monitor)
        at sun.misc.Unsafe.park(Native Method)
        at java.util.concurrent.locks.LockSupport.park(LockSupport.java:175)
        at java.util.concurrent.locks.AbstractQueuedSynchronizer$ConditionObject.await(AbstractQueuedSynchronizer.java:2039)
        at java.util.concurrent.ArrayBlockingQueue.take(ArrayBlockingQueue.java:403)
        at java.util.concurrent.ThreadPoolExecutor.getTask(ThreadPoolExecutor.java:1074)
        at java.util.concurrent.ThreadPoolExecutor.runWorker(ThreadPoolExecutor.java:1134)
        at java.util.concurrent.ThreadPoolExecutor$Worker.run(ThreadPoolExecutor.java:624)
        at java.lang.Thread.run(Thread.java:748)
"qtp1977508673-295-acceptor-0@5aaa710f-ServerConnector@46a145ba{HTTP/1.1,[http/1.1]}{0.0.0.0:45958}" daemon prio=3 tid=295 runnable
java.lang.Thread.State: RUNNABLE
        at sun.nio.ch.ServerSocketChannelImpl.accept0(Native Method)
        at sun.nio.ch.ServerSocketChannelImpl.accept(ServerSocketChannelImpl.java:422)
        at sun.nio.ch.ServerSocketChannelImpl.accept(ServerSocketChannelImpl.java:250)
        at org.eclipse.jetty.server.ServerConnector.accept(ServerConnector.java:397)
        at org.eclipse.jetty.server.AbstractConnector$Acceptor.run(AbstractConnector.java:601)
        at org.eclipse.jetty.util.thread.QueuedThreadPool.runJob(QueuedThreadPool.java:671)
        at org.eclipse.jetty.util.thread.QueuedThreadPool$2.run(QueuedThreadPool.java:589)
        at java.lang.Thread.run(Thread.java:748)
"pool-46-thread-3"  prio=5 tid=326 in Object.wait()
java.lang.Thread.State: WAITING (on object monitor)
        at sun.misc.Unsafe.park(Native Method)
        at java.util.concurrent.locks.LockSupport.park(LockSupport.java:175)
        at java.util.concurrent.locks.AbstractQueuedSynchronizer$ConditionObject.await(AbstractQueuedSynchronizer.java:2039)
        at java.util.concurrent.ArrayBlockingQueue.take(ArrayBlockingQueue.java:403)
        at java.util.concurrent.ThreadPoolExecutor.getTask(ThreadPoolExecutor.java:1074)
        at java.util.concurrent.ThreadPoolExecutor.runWorker(ThreadPoolExecutor.java:1134)
        at java.util.concurrent.ThreadPoolExecutor$Worker.run(ThreadPoolExecutor.java:624)
        at java.lang.Thread.run(Thread.java:748)
"qtp1089341986-140" daemon prio=5 tid=140 timed_waiting
java.lang.Thread.State: TIMED_WAITING
        at sun.misc.Unsafe.park(Native Method)
        at java.util.concurrent.locks.LockSupport.parkNanos(LockSupport.java:215)
        at java.util.concurrent.locks.AbstractQueuedSynchronizer$ConditionObject.awaitNanos(AbstractQueuedSynchronizer.java:2078)
        at org.eclipse.jetty.util.BlockingArrayQueue.poll(BlockingArrayQueue.java:392)
        at org.eclipse.jetty.util.thread.QueuedThreadPool.idleJobPoll(QueuedThreadPool.java:563)
        at org.eclipse.jetty.util.thread.QueuedThreadPool.access$800(QueuedThreadPool.java:48)
        at org.eclipse.jetty.util.thread.QueuedThreadPool$2.run(QueuedThreadPool.java:626)
        at java.lang.Thread.run(Thread.java:748)
"SCMBlockDeletingService#1" daemon prio=5 tid=103 in Object.wait()
java.lang.Thread.State: WAITING (on object monitor)
        at sun.misc.Unsafe.park(Native Method)
        at java.util.concurrent.locks.LockSupport.park(LockSupport.java:175)
        at java.util.concurrent.locks.AbstractQueuedSynchronizer$ConditionObject.await(AbstractQueuedSynchronizer.java:2039)
        at java.util.concurrent.ScheduledThreadPoolExecutor$DelayedWorkQueue.take(ScheduledThreadPoolExecutor.java:1088)
        at java.util.concurrent.ScheduledThreadPoolExecutor$DelayedWorkQueue.take(ScheduledThreadPoolExecutor.java:809)
        at java.util.concurrent.ThreadPoolExecutor.getTask(ThreadPoolExecutor.java:1074)
        at java.util.concurrent.ThreadPoolExecutor.runWorker(ThreadPoolExecutor.java:1134)
        at java.util.concurrent.ThreadPoolExecutor$Worker.run(ThreadPoolExecutor.java:624)
        at java.lang.Thread.run(Thread.java:748)
"Datanode State Machine Thread - 0" daemon prio=5 tid=530 timed_waiting
java.lang.Thread.State: TIMED_WAITING
        at sun.misc.Unsafe.park(Native Method)
        at java.util.concurrent.locks.LockSupport.parkNanos(LockSupport.java:215)
        at java.util.concurrent.SynchronousQueue$TransferStack.awaitFulfill(SynchronousQueue.java:460)
        at java.util.concurrent.SynchronousQueue$TransferStack.transfer(SynchronousQueue.java:362)
        at java.util.concurrent.SynchronousQueue.poll(SynchronousQueue.java:941)
        at java.util.concurrent.ThreadPoolExecutor.getTask(ThreadPoolExecutor.java:1073)
        at java.util.concurrent.ThreadPoolExecutor.runWorker(ThreadPoolExecutor.java:1134)
        at java.util.concurrent.ThreadPoolExecutor$Worker.run(ThreadPoolExecutor.java:624)
        at java.lang.Thread.run(Thread.java:748)
"qtp2035381640-93" daemon prio=5 tid=93 timed_waiting
java.lang.Thread.State: TIMED_WAITING
        at sun.misc.Unsafe.park(Native Method)
        at java.util.concurrent.locks.LockSupport.parkNanos(LockSupport.java:215)
        at java.util.concurrent.locks.AbstractQueuedSynchronizer$ConditionObject.awaitNanos(AbstractQueuedSynchronizer.java:2078)
        at org.eclipse.jetty.util.BlockingArrayQueue.poll(BlockingArrayQueue.java:392)
        at org.eclipse.jetty.util.thread.QueuedThreadPool.idleJobPoll(QueuedThreadPool.java:563)
        at org.eclipse.jetty.util.thread.QueuedThreadPool.access$800(QueuedThreadPool.java:48)
        at org.eclipse.jetty.util.thread.QueuedThreadPool$2.run(QueuedThreadPool.java:626)
        at java.lang.Thread.run(Thread.java:748)
"pool-76-thread-37"  prio=5 tid=783 in Object.wait()
java.lang.Thread.State: WAITING (on object monitor)
        at sun.misc.Unsafe.park(Native Method)
        at java.util.concurrent.locks.LockSupport.park(LockSupport.java:175)
        at java.util.concurrent.locks.AbstractQueuedSynchronizer$ConditionObject.await(AbstractQueuedSynchronizer.java:2039)
        at java.util.concurrent.ArrayBlockingQueue.take(ArrayBlockingQueue.java:403)
        at java.util.concurrent.ThreadPoolExecutor.getTask(ThreadPoolExecutor.java:1074)
        at java.util.concurrent.ThreadPoolExecutor.runWorker(ThreadPoolExecutor.java:1134)
        at java.util.concurrent.ThreadPoolExecutor$Worker.run(ThreadPoolExecutor.java:624)
        at java.lang.Thread.run(Thread.java:748)
"pool-56-thread-10"  prio=5 tid=375 in Object.wait()
java.lang.Thread.State: WAITING (on object monitor)
        at sun.misc.Unsafe.park(Native Method)
        at java.util.concurrent.locks.LockSupport.park(LockSupport.java:175)
        at java.util.concurrent.locks.AbstractQueuedSynchronizer$ConditionObject.await(AbstractQueuedSynchronizer.java:2039)
        at java.util.concurrent.ArrayBlockingQueue.take(ArrayBlockingQueue.java:403)
        at java.util.concurrent.ThreadPoolExecutor.getTask(ThreadPoolExecutor.java:1074)
        at java.util.concurrent.ThreadPoolExecutor.runWorker(ThreadPoolExecutor.java:1134)
        at java.util.concurrent.ThreadPoolExecutor$Worker.run(ThreadPoolExecutor.java:624)
        at java.lang.Thread.run(Thread.java:748)
"metrics-hadoop-metrics2-reporter-38-thread-1" daemon prio=5 tid=1170 timed_waiting
java.lang.Thread.State: TIMED_WAITING
        at sun.misc.Unsafe.park(Native Method)
        at java.util.concurrent.locks.LockSupport.parkNanos(LockSupport.java:215)
        at java.util.concurrent.locks.AbstractQueuedSynchronizer$ConditionObject.awaitNanos(AbstractQueuedSynchronizer.java:2078)
        at java.util.concurrent.ScheduledThreadPoolExecutor$DelayedWorkQueue.take(ScheduledThreadPoolExecutor.java:1093)
        at java.util.concurrent.ScheduledThreadPoolExecutor$DelayedWorkQueue.take(ScheduledThreadPoolExecutor.java:809)
        at java.util.concurrent.ThreadPoolExecutor.getTask(ThreadPoolExecutor.java:1074)
        at java.util.concurrent.ThreadPoolExecutor.runWorker(ThreadPoolExecutor.java:1134)
        at java.util.concurrent.ThreadPoolExecutor$Worker.run(ThreadPoolExecutor.java:624)
        at java.lang.Thread.run(Thread.java:748)
"pool-106-thread-49"  prio=5 tid=1028 in Object.wait()
java.lang.Thread.State: WAITING (on object monitor)
        at sun.misc.Unsafe.park(Native Method)
        at java.util.concurrent.locks.LockSupport.park(LockSupport.java:175)
        at java.util.concurrent.locks.AbstractQueuedSynchronizer$ConditionObject.await(AbstractQueuedSynchronizer.java:2039)
        at java.util.concurrent.ArrayBlockingQueue.take(ArrayBlockingQueue.java:403)
        at java.util.concurrent.ThreadPoolExecutor.getTask(ThreadPoolExecutor.java:1074)
        at java.util.concurrent.ThreadPoolExecutor.runWorker(ThreadPoolExecutor.java:1134)
        at java.util.concurrent.ThreadPoolExecutor$Worker.run(ThreadPoolExecutor.java:624)
        at java.lang.Thread.run(Thread.java:748)
"org.apache.hadoop.util.JvmPauseMonitor$Monitor@667c18af" daemon prio=5 tid=526 timed_waiting
java.lang.Thread.State: TIMED_WAITING
        at java.lang.Thread.sleep(Native Method)
        at org.apache.hadoop.util.JvmPauseMonitor$Monitor.run(JvmPauseMonitor.java:192)
        at java.lang.Thread.run(Thread.java:748)
"metrics-hadoop-metrics2-reporter-36-thread-1" daemon prio=5 tid=1161 timed_waiting
java.lang.Thread.State: TIMED_WAITING
        at sun.misc.Unsafe.park(Native Method)
        at java.util.concurrent.locks.LockSupport.parkNanos(LockSupport.java:215)
        at java.util.concurrent.locks.AbstractQueuedSynchronizer$ConditionObject.awaitNanos(AbstractQueuedSynchronizer.java:2078)
        at java.util.concurrent.ScheduledThreadPoolExecutor$DelayedWorkQueue.take(ScheduledThreadPoolExecutor.java:1093)
        at java.util.concurrent.ScheduledThreadPoolExecutor$DelayedWorkQueue.take(ScheduledThreadPoolExecutor.java:809)
        at java.util.concurrent.ThreadPoolExecutor.getTask(ThreadPoolExecutor.java:1074)
        at java.util.concurrent.ThreadPoolExecutor.runWorker(ThreadPoolExecutor.java:1134)
        at java.util.concurrent.ThreadPoolExecutor$Worker.run(ThreadPoolExecutor.java:624)
        at java.lang.Thread.run(Thread.java:748)
"pool-46-thread-57"  prio=5 tid=578 in Object.wait()
java.lang.Thread.State: WAITING (on object monitor)
        at sun.misc.Unsafe.park(Native Method)
        at java.util.concurrent.locks.LockSupport.park(LockSupport.java:175)
        at java.util.concurrent.locks.AbstractQueuedSynchronizer$ConditionObject.await(AbstractQueuedSynchronizer.java:2039)
        at java.util.concurrent.ArrayBlockingQueue.take(ArrayBlockingQueue.java:403)
        at java.util.concurrent.ThreadPoolExecutor.getTask(ThreadPoolExecutor.java:1074)
        at java.util.concurrent.ThreadPoolExecutor.runWorker(ThreadPoolExecutor.java:1134)
        at java.util.concurrent.ThreadPoolExecutor$Worker.run(ThreadPoolExecutor.java:624)
        at java.lang.Thread.run(Thread.java:748)
"org.apache.hadoop.util.JvmPauseMonitor$Monitor@6a617660" daemon prio=5 tid=608 timed_waiting
java.lang.Thread.State: TIMED_WAITING
        at java.lang.Thread.sleep(Native Method)
        at org.apache.hadoop.util.JvmPauseMonitor$Monitor.run(JvmPauseMonitor.java:192)
        at java.lang.Thread.run(Thread.java:748)
"pool-106-thread-42"  prio=5 tid=1021 in Object.wait()
java.lang.Thread.State: WAITING (on object monitor)
        at sun.misc.Unsafe.park(Native Method)
        at java.util.concurrent.locks.LockSupport.park(LockSupport.java:175)
        at java.util.concurrent.locks.AbstractQueuedSynchronizer$ConditionObject.await(AbstractQueuedSynchronizer.java:2039)
        at java.util.concurrent.ArrayBlockingQueue.take(ArrayBlockingQueue.java:403)
        at java.util.concurrent.ThreadPoolExecutor.getTask(ThreadPoolExecutor.java:1074)
        at java.util.concurrent.ThreadPoolExecutor.runWorker(ThreadPoolExecutor.java:1134)
        at java.util.concurrent.ThreadPoolExecutor$Worker.run(ThreadPoolExecutor.java:624)
        at java.lang.Thread.run(Thread.java:748)
"grpc-default-executor-1" daemon prio=5 tid=978 timed_waiting
java.lang.Thread.State: TIMED_WAITING
        at sun.misc.Unsafe.park(Native Method)
        at java.util.concurrent.locks.LockSupport.parkNanos(LockSupport.java:215)
        at java.util.concurrent.SynchronousQueue$TransferStack.awaitFulfill(SynchronousQueue.java:460)
        at java.util.concurrent.SynchronousQueue$TransferStack.transfer(SynchronousQueue.java:362)
        at java.util.concurrent.SynchronousQueue.poll(SynchronousQueue.java:941)
        at java.util.concurrent.ThreadPoolExecutor.getTask(ThreadPoolExecutor.java:1073)
        at java.util.concurrent.ThreadPoolExecutor.runWorker(ThreadPoolExecutor.java:1134)
        at java.util.concurrent.ThreadPoolExecutor$Worker.run(ThreadPoolExecutor.java:624)
        at java.lang.Thread.run(Thread.java:748)
"pool-76-thread-25"  prio=5 tid=771 in Object.wait()
java.lang.Thread.State: WAITING (on object monitor)
        at sun.misc.Unsafe.park(Native Method)
        at java.util.concurrent.locks.LockSupport.park(LockSupport.java:175)
        at java.util.concurrent.locks.AbstractQueuedSynchronizer$ConditionObject.await(AbstractQueuedSynchronizer.java:2039)
        at java.util.concurrent.ArrayBlockingQueue.take(ArrayBlockingQueue.java:403)
        at java.util.concurrent.ThreadPoolExecutor.getTask(ThreadPoolExecutor.java:1074)
        at java.util.concurrent.ThreadPoolExecutor.runWorker(ThreadPoolExecutor.java:1134)
        at java.util.concurrent.ThreadPoolExecutor$Worker.run(ThreadPoolExecutor.java:624)
        at java.lang.Thread.run(Thread.java:748)
"PartialTableCache Cleanup Thread - 0" daemon prio=5 tid=1203 in Object.wait()
java.lang.Thread.State: WAITING (on object monitor)
        at sun.misc.Unsafe.park(Native Method)
        at java.util.concurrent.locks.LockSupport.park(LockSupport.java:175)
        at java.util.concurrent.locks.AbstractQueuedSynchronizer$ConditionObject.await(AbstractQueuedSynchronizer.java:2039)
        at java.util.concurrent.LinkedBlockingQueue.take(LinkedBlockingQueue.java:442)
        at java.util.concurrent.ThreadPoolExecutor.getTask(ThreadPoolExecutor.java:1074)
        at java.util.concurrent.ThreadPoolExecutor.runWorker(ThreadPoolExecutor.java:1134)
        at java.util.concurrent.ThreadPoolExecutor$Worker.run(ThreadPoolExecutor.java:624)
        at java.lang.Thread.run(Thread.java:748)
"pool-104-thread-1" daemon prio=5 tid=615 timed_waiting
java.lang.Thread.State: TIMED_WAITING
        at sun.misc.Unsafe.park(Native Method)
        at java.util.concurrent.locks.LockSupport.parkNanos(LockSupport.java:215)
        at java.util.concurrent.locks.AbstractQueuedSynchronizer$ConditionObject.awaitNanos(AbstractQueuedSynchronizer.java:2078)
        at java.util.concurrent.ScheduledThreadPoolExecutor$DelayedWorkQueue.take(ScheduledThreadPoolExecutor.java:1093)
        at java.util.concurrent.ScheduledThreadPoolExecutor$DelayedWorkQueue.take(ScheduledThreadPoolExecutor.java:809)
        at java.util.concurrent.ThreadPoolExecutor.getTask(ThreadPoolExecutor.java:1074)
        at java.util.concurrent.ThreadPoolExecutor.runWorker(ThreadPoolExecutor.java:1134)
        at java.util.concurrent.ThreadPoolExecutor$Worker.run(ThreadPoolExecutor.java:624)
        at java.lang.Thread.run(Thread.java:748)
"org.eclipse.jetty.server.session.HashSessionManager@715b886fTimer" daemon prio=5 tid=248 timed_waiting
java.lang.Thread.State: TIMED_WAITING
        at sun.misc.Unsafe.park(Native Method)
        at java.util.concurrent.locks.LockSupport.parkNanos(LockSupport.java:215)
        at java.util.concurrent.locks.AbstractQueuedSynchronizer$ConditionObject.awaitNanos(AbstractQueuedSynchronizer.java:2078)
        at java.util.concurrent.ScheduledThreadPoolExecutor$DelayedWorkQueue.take(ScheduledThreadPoolExecutor.java:1093)
        at java.util.concurrent.ScheduledThreadPoolExecutor$DelayedWorkQueue.take(ScheduledThreadPoolExecutor.java:809)
        at java.util.concurrent.ThreadPoolExecutor.getTask(ThreadPoolExecutor.java:1074)
        at java.util.concurrent.ThreadPoolExecutor.runWorker(ThreadPoolExecutor.java:1134)
        at java.util.concurrent.ThreadPoolExecutor$Worker.run(ThreadPoolExecutor.java:624)
        at java.lang.Thread.run(Thread.java:748)
"pool-96-thread-9"  prio=5 tid=891 in Object.wait()
java.lang.Thread.State: WAITING (on object monitor)
        at sun.misc.Unsafe.park(Native Method)
        at java.util.concurrent.locks.LockSupport.park(LockSupport.java:175)
        at java.util.concurrent.locks.AbstractQueuedSynchronizer$ConditionObject.await(AbstractQueuedSynchronizer.java:2039)
        at java.util.concurrent.ArrayBlockingQueue.take(ArrayBlockingQueue.java:403)
        at java.util.concurrent.ThreadPoolExecutor.getTask(ThreadPoolExecutor.java:1074)
        at java.util.concurrent.ThreadPoolExecutor.runWorker(ThreadPoolExecutor.java:1134)
        at java.util.concurrent.ThreadPoolExecutor$Worker.run(ThreadPoolExecutor.java:624)
        at java.lang.Thread.run(Thread.java:748)
"pool-86-thread-43"  prio=5 tid=861 in Object.wait()
java.lang.Thread.State: WAITING (on object monitor)
        at sun.misc.Unsafe.park(Native Method)
        at java.util.concurrent.locks.LockSupport.park(LockSupport.java:175)
        at java.util.concurrent.locks.AbstractQueuedSynchronizer$ConditionObject.await(AbstractQueuedSynchronizer.java:2039)
        at java.util.concurrent.ArrayBlockingQueue.take(ArrayBlockingQueue.java:403)
        at java.util.concurrent.ThreadPoolExecutor.getTask(ThreadPoolExecutor.java:1074)
        at java.util.concurrent.ThreadPoolExecutor.runWorker(ThreadPoolExecutor.java:1134)
        at java.util.concurrent.ThreadPoolExecutor$Worker.run(ThreadPoolExecutor.java:624)
        at java.lang.Thread.run(Thread.java:748)
"org.eclipse.jetty.server.session.HashSessionManager@1981d861Timer" daemon prio=5 tid=222 timed_waiting
java.lang.Thread.State: TIMED_WAITING
        at sun.misc.Unsafe.park(Native Method)
        at java.util.concurrent.locks.LockSupport.parkNanos(LockSupport.java:215)
        at java.util.concurrent.locks.AbstractQueuedSynchronizer$ConditionObject.awaitNanos(AbstractQueuedSynchronizer.java:2078)
        at java.util.concurrent.ScheduledThreadPoolExecutor$DelayedWorkQueue.take(ScheduledThreadPoolExecutor.java:1093)
        at java.util.concurrent.ScheduledThreadPoolExecutor$DelayedWorkQueue.take(ScheduledThreadPoolExecutor.java:809)
        at java.util.concurrent.ThreadPoolExecutor.getTask(ThreadPoolExecutor.java:1074)
        at java.util.concurrent.ThreadPoolExecutor.runWorker(ThreadPoolExecutor.java:1134)
        at java.util.concurrent.ThreadPoolExecutor$Worker.run(ThreadPoolExecutor.java:624)
        at java.lang.Thread.run(Thread.java:748)
"pool-36-thread-8"  prio=5 tid=357 in Object.wait()
java.lang.Thread.State: WAITING (on object monitor)
        at sun.misc.Unsafe.park(Native Method)
        at java.util.concurrent.locks.LockSupport.park(LockSupport.java:175)
        at java.util.concurrent.locks.AbstractQueuedSynchronizer$ConditionObject.await(AbstractQueuedSynchronizer.java:2039)
        at java.util.concurrent.ArrayBlockingQueue.take(ArrayBlockingQueue.java:403)
        at java.util.concurrent.ThreadPoolExecutor.getTask(ThreadPoolExecutor.java:1074)
        at java.util.concurrent.ThreadPoolExecutor.runWorker(ThreadPoolExecutor.java:1134)
        at java.util.concurrent.ThreadPoolExecutor$Worker.run(ThreadPoolExecutor.java:624)
        at java.lang.Thread.run(Thread.java:748)
"pool-117-thread-6"  prio=5 tid=1065 in Object.wait()
java.lang.Thread.State: WAITING (on object monitor)
        at sun.misc.Unsafe.park(Native Method)
        at java.util.concurrent.locks.LockSupport.park(LockSupport.java:175)
        at java.util.concurrent.locks.AbstractQueuedSynchronizer$ConditionObject.await(AbstractQueuedSynchronizer.java:2039)
        at java.util.concurrent.ArrayBlockingQueue.take(ArrayBlockingQueue.java:403)
        at java.util.concurrent.ThreadPoolExecutor.getTask(ThreadPoolExecutor.java:1074)
        at java.util.concurrent.ThreadPoolExecutor.runWorker(ThreadPoolExecutor.java:1134)
        at java.util.concurrent.ThreadPoolExecutor$Worker.run(ThreadPoolExecutor.java:624)
        at java.lang.Thread.run(Thread.java:748)
"4b7a3050-62f1-41a0-b275-38638fa6aa33@group-575707D9BA83-SegmentedRaftLogWorker"  prio=5 tid=1125 timed_waiting
java.lang.Thread.State: TIMED_WAITING
        at sun.misc.Unsafe.park(Native Method)
        at java.util.concurrent.locks.LockSupport.parkNanos(LockSupport.java:215)
        at java.util.concurrent.locks.AbstractQueuedSynchronizer$ConditionObject.awaitNanos(AbstractQueuedSynchronizer.java:2078)
        at org.apache.ratis.util.DataBlockingQueue.poll(DataBlockingQueue.java:137)
        at org.apache.ratis.server.raftlog.segmented.SegmentedRaftLogWorker.run(SegmentedRaftLogWorker.java:282)
        at java.lang.Thread.run(Thread.java:748)
"EventQueue-ContainerReportForContainerReportHandler" daemon prio=5 tid=737 in Object.wait()
java.lang.Thread.State: WAITING (on object monitor)
        at sun.misc.Unsafe.park(Native Method)
        at java.util.concurrent.locks.LockSupport.park(LockSupport.java:175)
        at java.util.concurrent.locks.AbstractQueuedSynchronizer$ConditionObject.await(AbstractQueuedSynchronizer.java:2039)
        at java.util.concurrent.LinkedBlockingQueue.take(LinkedBlockingQueue.java:442)
        at java.util.concurrent.ThreadPoolExecutor.getTask(ThreadPoolExecutor.java:1074)
        at java.util.concurrent.ThreadPoolExecutor.runWorker(ThreadPoolExecutor.java:1134)
        at java.util.concurrent.ThreadPoolExecutor$Worker.run(ThreadPoolExecutor.java:624)
        at java.lang.Thread.run(Thread.java:748)
"qtp549049813-272" daemon prio=5 tid=272 timed_waiting
java.lang.Thread.State: TIMED_WAITING
        at sun.misc.Unsafe.park(Native Method)
        at java.util.concurrent.locks.LockSupport.parkNanos(LockSupport.java:215)
        at java.util.concurrent.locks.AbstractQueuedSynchronizer$ConditionObject.awaitNanos(AbstractQueuedSynchronizer.java:2078)
        at org.eclipse.jetty.util.BlockingArrayQueue.poll(BlockingArrayQueue.java:392)
        at org.eclipse.jetty.util.thread.QueuedThreadPool.idleJobPoll(QueuedThreadPool.java:563)
        at org.eclipse.jetty.util.thread.QueuedThreadPool.access$800(QueuedThreadPool.java:48)
        at org.eclipse.jetty.util.thread.QueuedThreadPool$2.run(QueuedThreadPool.java:626)
        at java.lang.Thread.run(Thread.java:748)
"pool-106-thread-60"  prio=5 tid=1040 in Object.wait()
java.lang.Thread.State: WAITING (on object monitor)
        at sun.misc.Unsafe.park(Native Method)
        at java.util.concurrent.locks.LockSupport.park(LockSupport.java:175)
        at java.util.concurrent.locks.AbstractQueuedSynchronizer$ConditionObject.await(AbstractQueuedSynchronizer.java:2039)
        at java.util.concurrent.ArrayBlockingQueue.take(ArrayBlockingQueue.java:403)
        at java.util.concurrent.ThreadPoolExecutor.getTask(ThreadPoolExecutor.java:1074)
        at java.util.concurrent.ThreadPoolExecutor.runWorker(ThreadPoolExecutor.java:1134)
        at java.util.concurrent.ThreadPoolExecutor$Worker.run(ThreadPoolExecutor.java:624)
        at java.lang.Thread.run(Thread.java:748)
"Datanode ReportManager Thread - 1" daemon prio=5 tid=729 in Object.wait()
java.lang.Thread.State: WAITING (on object monitor)
        at sun.misc.Unsafe.park(Native Method)
        at java.util.concurrent.locks.LockSupport.park(LockSupport.java:175)
        at java.util.concurrent.locks.AbstractQueuedSynchronizer$ConditionObject.await(AbstractQueuedSynchronizer.java:2039)
        at java.util.concurrent.ScheduledThreadPoolExecutor$DelayedWorkQueue.take(ScheduledThreadPoolExecutor.java:1088)
        at java.util.concurrent.ScheduledThreadPoolExecutor$DelayedWorkQueue.take(ScheduledThreadPoolExecutor.java:809)
        at java.util.concurrent.ThreadPoolExecutor.getTask(ThreadPoolExecutor.java:1074)
        at java.util.concurrent.ThreadPoolExecutor.runWorker(ThreadPoolExecutor.java:1134)
        at java.util.concurrent.ThreadPoolExecutor$Worker.run(ThreadPoolExecutor.java:624)
        at java.lang.Thread.run(Thread.java:748)
"pool-24-thread-1" daemon prio=5 tid=156 timed_waiting
java.lang.Thread.State: TIMED_WAITING
        at sun.misc.Unsafe.park(Native Method)
        at java.util.concurrent.locks.LockSupport.parkNanos(LockSupport.java:215)
        at java.util.concurrent.locks.AbstractQueuedSynchronizer$ConditionObject.awaitNanos(AbstractQueuedSynchronizer.java:2078)
        at java.util.concurrent.ScheduledThreadPoolExecutor$DelayedWorkQueue.take(ScheduledThreadPoolExecutor.java:1093)
        at java.util.concurrent.ScheduledThreadPoolExecutor$DelayedWorkQueue.take(ScheduledThreadPoolExecutor.java:809)
        at java.util.concurrent.ThreadPoolExecutor.getTask(ThreadPoolExecutor.java:1074)
        at java.util.concurrent.ThreadPoolExecutor.runWorker(ThreadPoolExecutor.java:1134)
        at java.util.concurrent.ThreadPoolExecutor$Worker.run(ThreadPoolExecutor.java:624)
        at java.lang.Thread.run(Thread.java:748)
"pool-117-thread-48"  prio=5 tid=1107 in Object.wait()
java.lang.Thread.State: WAITING (on object monitor)
        at sun.misc.Unsafe.park(Native Method)
        at java.util.concurrent.locks.LockSupport.park(LockSupport.java:175)
        at java.util.concurrent.locks.AbstractQueuedSynchronizer$ConditionObject.await(AbstractQueuedSynchronizer.java:2039)
        at java.util.concurrent.ArrayBlockingQueue.take(ArrayBlockingQueue.java:403)
        at java.util.concurrent.ThreadPoolExecutor.getTask(ThreadPoolExecutor.java:1074)
        at java.util.concurrent.ThreadPoolExecutor.runWorker(ThreadPoolExecutor.java:1134)
        at java.util.concurrent.ThreadPoolExecutor$Worker.run(ThreadPoolExecutor.java:624)
        at java.lang.Thread.run(Thread.java:748)
"BlockDeletingService#0" daemon prio=5 tid=1044 timed_waiting
java.lang.Thread.State: TIMED_WAITING
        at sun.misc.Unsafe.park(Native Method)
        at java.util.concurrent.locks.LockSupport.parkNanos(LockSupport.java:215)
        at java.util.concurrent.locks.AbstractQueuedSynchronizer$ConditionObject.awaitNanos(AbstractQueuedSynchronizer.java:2078)
        at java.util.concurrent.ScheduledThreadPoolExecutor$DelayedWorkQueue.take(ScheduledThreadPoolExecutor.java:1093)
        at java.util.concurrent.ScheduledThreadPoolExecutor$DelayedWorkQueue.take(ScheduledThreadPoolExecutor.java:809)
        at java.util.concurrent.ThreadPoolExecutor.getTask(ThreadPoolExecutor.java:1074)
        at java.util.concurrent.ThreadPoolExecutor.runWorker(ThreadPoolExecutor.java:1134)
        at java.util.concurrent.ThreadPoolExecutor$Worker.run(ThreadPoolExecutor.java:624)
        at java.lang.Thread.run(Thread.java:748)
"pool-56-thread-8"  prio=5 tid=365 in Object.wait()
java.lang.Thread.State: WAITING (on object monitor)
        at sun.misc.Unsafe.park(Native Method)
        at java.util.concurrent.locks.LockSupport.park(LockSupport.java:175)
        at java.util.concurrent.locks.AbstractQueuedSynchronizer$ConditionObject.await(AbstractQueuedSynchronizer.java:2039)
        at java.util.concurrent.ArrayBlockingQueue.take(ArrayBlockingQueue.java:403)
        at java.util.concurrent.ThreadPoolExecutor.getTask(ThreadPoolExecutor.java:1074)
        at java.util.concurrent.ThreadPoolExecutor.runWorker(ThreadPoolExecutor.java:1134)
        at java.util.concurrent.ThreadPoolExecutor$Worker.run(ThreadPoolExecutor.java:624)
        at java.lang.Thread.run(Thread.java:748)
"pool-106-thread-9"  prio=5 tid=988 in Object.wait()
java.lang.Thread.State: WAITING (on object monitor)
        at sun.misc.Unsafe.park(Native Method)
        at java.util.concurrent.locks.LockSupport.park(LockSupport.java:175)
        at java.util.concurrent.locks.AbstractQueuedSynchronizer$ConditionObject.await(AbstractQueuedSynchronizer.java:2039)
        at java.util.concurrent.ArrayBlockingQueue.take(ArrayBlockingQueue.java:403)
        at java.util.concurrent.ThreadPoolExecutor.getTask(ThreadPoolExecutor.java:1074)
        at java.util.concurrent.ThreadPoolExecutor.runWorker(ThreadPoolExecutor.java:1134)
        at java.util.concurrent.ThreadPoolExecutor$Worker.run(ThreadPoolExecutor.java:624)
        at java.lang.Thread.run(Thread.java:748)
"Periodic HDDS volume checker"  prio=5 tid=260 timed_waiting
java.lang.Thread.State: TIMED_WAITING
        at sun.misc.Unsafe.park(Native Method)
        at java.util.concurrent.locks.LockSupport.parkNanos(LockSupport.java:215)
        at java.util.concurrent.locks.AbstractQueuedSynchronizer$ConditionObject.awaitNanos(AbstractQueuedSynchronizer.java:2078)
        at java.util.concurrent.ScheduledThreadPoolExecutor$DelayedWorkQueue.take(ScheduledThreadPoolExecutor.java:1093)
        at java.util.concurrent.ScheduledThreadPoolExecutor$DelayedWorkQueue.take(ScheduledThreadPoolExecutor.java:809)
        at java.util.concurrent.ThreadPoolExecutor.getTask(ThreadPoolExecutor.java:1074)
        at java.util.concurrent.ThreadPoolExecutor.runWorker(ThreadPoolExecutor.java:1134)
        at java.util.concurrent.ThreadPoolExecutor$Worker.run(ThreadPoolExecutor.java:624)
        at java.lang.Thread.run(Thread.java:748)
"pool-86-thread-57"  prio=5 tid=875 in Object.wait()
java.lang.Thread.State: WAITING (on object monitor)
        at sun.misc.Unsafe.park(Native Method)
        at java.util.concurrent.locks.LockSupport.park(LockSupport.java:175)
        at java.util.concurrent.locks.AbstractQueuedSynchronizer$ConditionObject.await(AbstractQueuedSynchronizer.java:2039)
        at java.util.concurrent.ArrayBlockingQueue.take(ArrayBlockingQueue.java:403)
        at java.util.concurrent.ThreadPoolExecutor.getTask(ThreadPoolExecutor.java:1074)
        at java.util.concurrent.ThreadPoolExecutor.runWorker(ThreadPoolExecutor.java:1134)
        at java.util.concurrent.ThreadPoolExecutor$Worker.run(ThreadPoolExecutor.java:624)
        at java.lang.Thread.run(Thread.java:748)
"pool-27-thread-1"  prio=5 tid=811 in Object.wait()
java.lang.Thread.State: WAITING (on object monitor)
        at sun.misc.Unsafe.park(Native Method)
        at java.util.concurrent.locks.LockSupport.park(LockSupport.java:175)
        at java.util.concurrent.locks.AbstractQueuedSynchronizer$ConditionObject.await(AbstractQueuedSynchronizer.java:2039)
        at java.util.concurrent.LinkedBlockingQueue.take(LinkedBlockingQueue.java:442)
        at java.util.concurrent.ThreadPoolExecutor.getTask(ThreadPoolExecutor.java:1074)
        at java.util.concurrent.ThreadPoolExecutor.runWorker(ThreadPoolExecutor.java:1134)
        at java.util.concurrent.ThreadPoolExecutor$Worker.run(ThreadPoolExecutor.java:624)
        at java.lang.Thread.run(Thread.java:748)
"qtp856047451-619" daemon prio=5 tid=619 runnable
java.lang.Thread.State: RUNNABLE
        at sun.nio.ch.EPollArrayWrapper.epollWait(Native Method)
        at sun.nio.ch.EPollArrayWrapper.poll(EPollArrayWrapper.java:269)
        at sun.nio.ch.EPollSelectorImpl.doSelect(EPollSelectorImpl.java:93)
        at sun.nio.ch.SelectorImpl.lockAndDoSelect(SelectorImpl.java:86)
        at sun.nio.ch.SelectorImpl.select(SelectorImpl.java:97)
        at sun.nio.ch.SelectorImpl.select(SelectorImpl.java:101)
        at org.eclipse.jetty.io.ManagedSelector$SelectorProducer.select(ManagedSelector.java:243)
        at org.eclipse.jetty.io.ManagedSelector$SelectorProducer.produce(ManagedSelector.java:191)
        at org.eclipse.jetty.util.thread.strategy.ExecuteProduceConsume.executeProduceConsume(ExecuteProduceConsume.java:249)
        at org.eclipse.jetty.util.thread.strategy.ExecuteProduceConsume.produceConsume(ExecuteProduceConsume.java:148)
        at org.eclipse.jetty.util.thread.strategy.ExecuteProduceConsume.execute(ExecuteProduceConsume.java:100)
        at org.eclipse.jetty.io.ManagedSelector.run(ManagedSelector.java:147)
        at org.eclipse.jetty.util.thread.QueuedThreadPool.runJob(QueuedThreadPool.java:671)
        at org.eclipse.jetty.util.thread.QueuedThreadPool$2.run(QueuedThreadPool.java:589)
        at java.lang.Thread.run(Thread.java:748)
"qtp303805531-218" daemon prio=5 tid=218 timed_waiting
java.lang.Thread.State: TIMED_WAITING
        at sun.misc.Unsafe.park(Native Method)
        at java.util.concurrent.locks.LockSupport.parkNanos(LockSupport.java:215)
        at java.util.concurrent.locks.AbstractQueuedSynchronizer$ConditionObject.awaitNanos(AbstractQueuedSynchronizer.java:2078)
        at org.eclipse.jetty.util.BlockingArrayQueue.poll(BlockingArrayQueue.java:392)
        at org.eclipse.jetty.util.thread.QueuedThreadPool.idleJobPoll(QueuedThreadPool.java:563)
        at org.eclipse.jetty.util.thread.QueuedThreadPool.access$800(QueuedThreadPool.java:48)
        at org.eclipse.jetty.util.thread.QueuedThreadPool$2.run(QueuedThreadPool.java:626)
        at java.lang.Thread.run(Thread.java:748)
"pool-86-thread-22"  prio=5 tid=840 in Object.wait()
java.lang.Thread.State: WAITING (on object monitor)
        at sun.misc.Unsafe.park(Native Method)
        at java.util.concurrent.locks.LockSupport.park(LockSupport.java:175)
        at java.util.concurrent.locks.AbstractQueuedSynchronizer$ConditionObject.await(AbstractQueuedSynchronizer.java:2039)
        at java.util.concurrent.ArrayBlockingQueue.take(ArrayBlockingQueue.java:403)
        at java.util.concurrent.ThreadPoolExecutor.getTask(ThreadPoolExecutor.java:1074)
        at java.util.concurrent.ThreadPoolExecutor.runWorker(ThreadPoolExecutor.java:1134)
        at java.util.concurrent.ThreadPoolExecutor$Worker.run(ThreadPoolExecutor.java:624)
        at java.lang.Thread.run(Thread.java:748)
"org.eclipse.jetty.server.session.HashSessionManager@5c723f2dTimer" daemon prio=5 tid=724 timed_waiting
java.lang.Thread.State: TIMED_WAITING
        at sun.misc.Unsafe.park(Native Method)
        at java.util.concurrent.locks.LockSupport.parkNanos(LockSupport.java:215)
        at java.util.concurrent.locks.AbstractQueuedSynchronizer$ConditionObject.awaitNanos(AbstractQueuedSynchronizer.java:2078)
        at java.util.concurrent.ScheduledThreadPoolExecutor$DelayedWorkQueue.take(ScheduledThreadPoolExecutor.java:1093)
        at java.util.concurrent.ScheduledThreadPoolExecutor$DelayedWorkQueue.take(ScheduledThreadPoolExecutor.java:809)
        at java.util.concurrent.ThreadPoolExecutor.getTask(ThreadPoolExecutor.java:1074)
        at java.util.concurrent.ThreadPoolExecutor.runWorker(ThreadPoolExecutor.java:1134)
        at java.util.concurrent.ThreadPoolExecutor$Worker.run(ThreadPoolExecutor.java:624)
        at java.lang.Thread.run(Thread.java:748)
"pool-26-thread-57"  prio=5 tid=536 in Object.wait()
java.lang.Thread.State: WAITING (on object monitor)
        at sun.misc.Unsafe.park(Native Method)
        at java.util.concurrent.locks.LockSupport.park(LockSupport.java:175)
        at java.util.concurrent.locks.AbstractQueuedSynchronizer$ConditionObject.await(AbstractQueuedSynchronizer.java:2039)
        at java.util.concurrent.ArrayBlockingQueue.take(ArrayBlockingQueue.java:403)
        at java.util.concurrent.ThreadPoolExecutor.getTask(ThreadPoolExecutor.java:1074)
        at java.util.concurrent.ThreadPoolExecutor.runWorker(ThreadPoolExecutor.java:1134)
        at java.util.concurrent.ThreadPoolExecutor$Worker.run(ThreadPoolExecutor.java:624)
        at java.lang.Thread.run(Thread.java:748)
"pool-26-thread-45"  prio=5 tid=487 in Object.wait()
java.lang.Thread.State: WAITING (on object monitor)
        at sun.misc.Unsafe.park(Native Method)
        at java.util.concurrent.locks.LockSupport.park(LockSupport.java:175)
        at java.util.concurrent.locks.AbstractQueuedSynchronizer$ConditionObject.await(AbstractQueuedSynchronizer.java:2039)
        at java.util.concurrent.ArrayBlockingQueue.take(ArrayBlockingQueue.java:403)
        at java.util.concurrent.ThreadPoolExecutor.getTask(ThreadPoolExecutor.java:1074)
        at java.util.concurrent.ThreadPoolExecutor.runWorker(ThreadPoolExecutor.java:1134)
        at java.util.concurrent.ThreadPoolExecutor$Worker.run(ThreadPoolExecutor.java:624)
        at java.lang.Thread.run(Thread.java:748)
"pool-40-thread-1"  prio=5 tid=185 timed_waiting
java.lang.Thread.State: TIMED_WAITING
        at sun.misc.Unsafe.park(Native Method)
        at java.util.concurrent.locks.LockSupport.parkNanos(LockSupport.java:215)
        at java.util.concurrent.locks.AbstractQueuedSynchronizer$ConditionObject.awaitNanos(AbstractQueuedSynchronizer.java:2078)
        at java.util.concurrent.ScheduledThreadPoolExecutor$DelayedWorkQueue.take(ScheduledThreadPoolExecutor.java:1093)
        at java.util.concurrent.ScheduledThreadPoolExecutor$DelayedWorkQueue.take(ScheduledThreadPoolExecutor.java:809)
        at java.util.concurrent.ThreadPoolExecutor.getTask(ThreadPoolExecutor.java:1074)
        at java.util.concurrent.ThreadPoolExecutor.runWorker(ThreadPoolExecutor.java:1134)
        at java.util.concurrent.ThreadPoolExecutor$Worker.run(ThreadPoolExecutor.java:624)
        at java.lang.Thread.run(Thread.java:748)
"pool-117-thread-38"  prio=5 tid=1097 in Object.wait()
java.lang.Thread.State: WAITING (on object monitor)
        at sun.misc.Unsafe.park(Native Method)
        at java.util.concurrent.locks.LockSupport.park(LockSupport.java:175)
        at java.util.concurrent.locks.AbstractQueuedSynchronizer$ConditionObject.await(AbstractQueuedSynchronizer.java:2039)
        at java.util.concurrent.ArrayBlockingQueue.take(ArrayBlockingQueue.java:403)
        at java.util.concurrent.ThreadPoolExecutor.getTask(ThreadPoolExecutor.java:1074)
        at java.util.concurrent.ThreadPoolExecutor.runWorker(ThreadPoolExecutor.java:1134)
        at java.util.concurrent.ThreadPoolExecutor$Worker.run(ThreadPoolExecutor.java:624)
        at java.lang.Thread.run(Thread.java:748)
"PartialTableCache Cleanup Thread - 0" daemon prio=5 tid=1204 in Object.wait()
java.lang.Thread.State: WAITING (on object monitor)
        at sun.misc.Unsafe.park(Native Method)
        at java.util.concurrent.locks.LockSupport.park(LockSupport.java:175)
        at java.util.concurrent.locks.AbstractQueuedSynchronizer$ConditionObject.await(AbstractQueuedSynchronizer.java:2039)
        at java.util.concurrent.LinkedBlockingQueue.take(LinkedBlockingQueue.java:442)
        at java.util.concurrent.ThreadPoolExecutor.getTask(ThreadPoolExecutor.java:1074)
        at java.util.concurrent.ThreadPoolExecutor.runWorker(ThreadPoolExecutor.java:1134)
        at java.util.concurrent.ThreadPoolExecutor$Worker.run(ThreadPoolExecutor.java:624)
        at java.lang.Thread.run(Thread.java:748)
"java.util.concurrent.ThreadPoolExecutor$Worker@79a480e7[State = -1, empty queue]" daemon prio=5 tid=1305 timed_waiting
java.lang.Thread.State: TIMED_WAITING
        at sun.misc.Unsafe.park(Native Method)
        at java.util.concurrent.locks.LockSupport.parkNanos(LockSupport.java:215)
        at java.util.concurrent.locks.AbstractQueuedSynchronizer$ConditionObject.awaitNanos(AbstractQueuedSynchronizer.java:2078)
        at java.util.concurrent.ScheduledThreadPoolExecutor$DelayedWorkQueue.take(ScheduledThreadPoolExecutor.java:1093)
        at java.util.concurrent.ScheduledThreadPoolExecutor$DelayedWorkQueue.take(ScheduledThreadPoolExecutor.java:809)
        at java.util.concurrent.ThreadPoolExecutor.getTask(ThreadPoolExecutor.java:1074)
        at java.util.concurrent.ThreadPoolExecutor.runWorker(ThreadPoolExecutor.java:1134)
        at java.util.concurrent.ThreadPoolExecutor$Worker.run(ThreadPoolExecutor.java:624)
        at java.lang.Thread.run(Thread.java:748)
"pool-106-thread-50"  prio=5 tid=1029 in Object.wait()
java.lang.Thread.State: WAITING (on object monitor)
        at sun.misc.Unsafe.park(Native Method)
        at java.util.concurrent.locks.LockSupport.park(LockSupport.java:175)
        at java.util.concurrent.locks.AbstractQueuedSynchronizer$ConditionObject.await(AbstractQueuedSynchronizer.java:2039)
        at java.util.concurrent.ArrayBlockingQueue.take(ArrayBlockingQueue.java:403)
        at java.util.concurrent.ThreadPoolExecutor.getTask(ThreadPoolExecutor.java:1074)
        at java.util.concurrent.ThreadPoolExecutor.runWorker(ThreadPoolExecutor.java:1134)
        at java.util.concurrent.ThreadPoolExecutor$Worker.run(ThreadPoolExecutor.java:624)
        at java.lang.Thread.run(Thread.java:748)
"java.util.concurrent.ThreadPoolExecutor$Worker@18d1d907[State = -1, empty queue]" daemon prio=5 tid=1306 timed_waiting
java.lang.Thread.State: TIMED_WAITING
        at sun.misc.Unsafe.park(Native Method)
        at java.util.concurrent.locks.LockSupport.parkNanos(LockSupport.java:215)
        at java.util.concurrent.locks.AbstractQueuedSynchronizer$ConditionObject.awaitNanos(AbstractQueuedSynchronizer.java:2078)
        at java.util.concurrent.ScheduledThreadPoolExecutor$DelayedWorkQueue.take(ScheduledThreadPoolExecutor.java:1093)
        at java.util.concurrent.ScheduledThreadPoolExecutor$DelayedWorkQueue.take(ScheduledThreadPoolExecutor.java:809)
        at java.util.concurrent.ThreadPoolExecutor.getTask(ThreadPoolExecutor.java:1074)
        at java.util.concurrent.ThreadPoolExecutor.runWorker(ThreadPoolExecutor.java:1134)
        at java.util.concurrent.ThreadPoolExecutor$Worker.run(ThreadPoolExecutor.java:624)
        at java.lang.Thread.run(Thread.java:748)
"java.util.concurrent.ThreadPoolExecutor$Worker@1eb5d942[State = -1, empty queue]" daemon prio=5 tid=1238 timed_waiting
java.lang.Thread.State: TIMED_WAITING
        at sun.misc.Unsafe.park(Native Method)
        at java.util.concurrent.locks.LockSupport.parkNanos(LockSupport.java:215)
        at java.util.concurrent.locks.AbstractQueuedSynchronizer$ConditionObject.awaitNanos(AbstractQueuedSynchronizer.java:2078)
        at java.util.concurrent.ScheduledThreadPoolExecutor$DelayedWorkQueue.take(ScheduledThreadPoolExecutor.java:1093)
        at java.util.concurrent.ScheduledThreadPoolExecutor$DelayedWorkQueue.take(ScheduledThreadPoolExecutor.java:809)
        at java.util.concurrent.ThreadPoolExecutor.getTask(ThreadPoolExecutor.java:1074)
        at java.util.concurrent.ThreadPoolExecutor.runWorker(ThreadPoolExecutor.java:1134)
        at java.util.concurrent.ThreadPoolExecutor$Worker.run(ThreadPoolExecutor.java:624)
        at java.lang.Thread.run(Thread.java:748)
"pool-76-thread-45"  prio=5 tid=791 in Object.wait()
java.lang.Thread.State: WAITING (on object monitor)
        at sun.misc.Unsafe.park(Native Method)
        at java.util.concurrent.locks.LockSupport.park(LockSupport.java:175)
        at java.util.concurrent.locks.AbstractQueuedSynchronizer$ConditionObject.await(AbstractQueuedSynchronizer.java:2039)
        at java.util.concurrent.ArrayBlockingQueue.take(ArrayBlockingQueue.java:403)
        at java.util.concurrent.ThreadPoolExecutor.getTask(ThreadPoolExecutor.java:1074)
        at java.util.concurrent.ThreadPoolExecutor.runWorker(ThreadPoolExecutor.java:1134)
        at java.util.concurrent.ThreadPoolExecutor$Worker.run(ThreadPoolExecutor.java:624)
        at java.lang.Thread.run(Thread.java:748)
"Datanode ReportManager Thread - 0" daemon prio=5 tid=670 timed_waiting
java.lang.Thread.State: TIMED_WAITING
        at sun.misc.Unsafe.park(Native Method)
        at java.util.concurrent.locks.LockSupport.parkNanos(LockSupport.java:215)
        at java.util.concurrent.locks.AbstractQueuedSynchronizer$ConditionObject.awaitNanos(AbstractQueuedSynchronizer.java:2078)
        at java.util.concurrent.ScheduledThreadPoolExecutor$DelayedWorkQueue.take(ScheduledThreadPoolExecutor.java:1093)
        at java.util.concurrent.ScheduledThreadPoolExecutor$DelayedWorkQueue.take(ScheduledThreadPoolExecutor.java:809)
        at java.util.concurrent.ThreadPoolExecutor.getTask(ThreadPoolExecutor.java:1074)
        at java.util.concurrent.ThreadPoolExecutor.runWorker(ThreadPoolExecutor.java:1134)
        at java.util.concurrent.ThreadPoolExecutor$Worker.run(ThreadPoolExecutor.java:624)
        at java.lang.Thread.run(Thread.java:748)
"pool-90-thread-1"  prio=5 tid=323 timed_waiting
java.lang.Thread.State: TIMED_WAITING
        at sun.misc.Unsafe.park(Native Method)
        at java.util.concurrent.locks.LockSupport.parkNanos(LockSupport.java:215)
        at java.util.concurrent.locks.AbstractQueuedSynchronizer$ConditionObject.awaitNanos(AbstractQueuedSynchronizer.java:2078)
        at java.util.concurrent.ScheduledThreadPoolExecutor$DelayedWorkQueue.take(ScheduledThreadPoolExecutor.java:1093)
        at java.util.concurrent.ScheduledThreadPoolExecutor$DelayedWorkQueue.take(ScheduledThreadPoolExecutor.java:809)
        at java.util.concurrent.ThreadPoolExecutor.getTask(ThreadPoolExecutor.java:1074)
        at java.util.concurrent.ThreadPoolExecutor.runWorker(ThreadPoolExecutor.java:1134)
        at java.util.concurrent.ThreadPoolExecutor$Worker.run(ThreadPoolExecutor.java:624)
        at java.lang.Thread.run(Thread.java:748)
"pool-106-thread-43"  prio=5 tid=1022 in Object.wait()
java.lang.Thread.State: WAITING (on object monitor)
        at sun.misc.Unsafe.park(Native Method)
        at java.util.concurrent.locks.LockSupport.park(LockSupport.java:175)
        at java.util.concurrent.locks.AbstractQueuedSynchronizer$ConditionObject.await(AbstractQueuedSynchronizer.java:2039)
        at java.util.concurrent.ArrayBlockingQueue.take(ArrayBlockingQueue.java:403)
        at java.util.concurrent.ThreadPoolExecutor.getTask(ThreadPoolExecutor.java:1074)
        at java.util.concurrent.ThreadPoolExecutor.runWorker(ThreadPoolExecutor.java:1134)
        at java.util.concurrent.ThreadPoolExecutor$Worker.run(ThreadPoolExecutor.java:624)
        at java.lang.Thread.run(Thread.java:748)
"pool-56-thread-32"  prio=5 tid=469 in Object.wait()
java.lang.Thread.State: WAITING (on object monitor)
        at sun.misc.Unsafe.park(Native Method)
        at java.util.concurrent.locks.LockSupport.park(LockSupport.java:175)
        at java.util.concurrent.locks.AbstractQueuedSynchronizer$ConditionObject.await(AbstractQueuedSynchronizer.java:2039)
        at java.util.concurrent.ArrayBlockingQueue.take(ArrayBlockingQueue.java:403)
        at java.util.concurrent.ThreadPoolExecutor.getTask(ThreadPoolExecutor.java:1074)
        at java.util.concurrent.ThreadPoolExecutor.runWorker(ThreadPoolExecutor.java:1134)
        at java.util.concurrent.ThreadPoolExecutor$Worker.run(ThreadPoolExecutor.java:624)
        at java.lang.Thread.run(Thread.java:748)
"pool-36-thread-43"  prio=5 tid=534 in Object.wait()
java.lang.Thread.State: WAITING (on object monitor)
        at sun.misc.Unsafe.park(Native Method)
        at java.util.concurrent.locks.LockSupport.park(LockSupport.java:175)
        at java.util.concurrent.locks.AbstractQueuedSynchronizer$ConditionObject.await(AbstractQueuedSynchronizer.java:2039)
        at java.util.concurrent.ArrayBlockingQueue.take(ArrayBlockingQueue.java:403)
        at java.util.concurrent.ThreadPoolExecutor.getTask(ThreadPoolExecutor.java:1074)
        at java.util.concurrent.ThreadPoolExecutor.runWorker(ThreadPoolExecutor.java:1134)
        at java.util.concurrent.ThreadPoolExecutor$Worker.run(ThreadPoolExecutor.java:624)
        at java.lang.Thread.run(Thread.java:748)
"pool-76-thread-27"  prio=5 tid=773 in Object.wait()
java.lang.Thread.State: WAITING (on object monitor)
        at sun.misc.Unsafe.park(Native Method)
        at java.util.concurrent.locks.LockSupport.park(LockSupport.java:175)
        at java.util.concurrent.locks.AbstractQueuedSynchronizer$ConditionObject.await(AbstractQueuedSynchronizer.java:2039)
        at java.util.concurrent.ArrayBlockingQueue.take(ArrayBlockingQueue.java:403)
        at java.util.concurrent.ThreadPoolExecutor.getTask(ThreadPoolExecutor.java:1074)
        at java.util.concurrent.ThreadPoolExecutor.runWorker(ThreadPoolExecutor.java:1134)
        at java.util.concurrent.ThreadPoolExecutor$Worker.run(ThreadPoolExecutor.java:624)
        at java.lang.Thread.run(Thread.java:748)
"refreshUsed-/workdir/hadoop-ozone/integration-test/target/test-dir/MiniOzoneClusterImpl-fc727f2e-e877-4159-90ff-4473a18561dc/datanode-0/data/containers" daemon prio=5 tid=154 timed_waiting
java.lang.Thread.State: TIMED_WAITING
        at java.lang.Thread.sleep(Native Method)
        at org.apache.hadoop.fs.CachingGetSpaceUsed$RefreshThread.run(CachingGetSpaceUsed.java:179)
        at java.lang.Thread.run(Thread.java:748)
"org.apache.hadoop.util.JvmPauseMonitor$Monitor@6001a449" daemon prio=5 tid=230 timed_waiting
java.lang.Thread.State: TIMED_WAITING
        at java.lang.Thread.sleep(Native Method)
        at org.apache.hadoop.util.JvmPauseMonitor$Monitor.run(JvmPauseMonitor.java:192)
        at java.lang.Thread.run(Thread.java:748)
"pool-56-thread-29"  prio=5 tid=456 in Object.wait()
java.lang.Thread.State: WAITING (on object monitor)
        at sun.misc.Unsafe.park(Native Method)
        at java.util.concurrent.locks.LockSupport.park(LockSupport.java:175)
        at java.util.concurrent.locks.AbstractQueuedSynchronizer$ConditionObject.await(AbstractQueuedSynchronizer.java:2039)
        at java.util.concurrent.ArrayBlockingQueue.take(ArrayBlockingQueue.java:403)
        at java.util.concurrent.ThreadPoolExecutor.getTask(ThreadPoolExecutor.java:1074)
        at java.util.concurrent.ThreadPoolExecutor.runWorker(ThreadPoolExecutor.java:1134)
        at java.util.concurrent.ThreadPoolExecutor$Worker.run(ThreadPoolExecutor.java:624)
        at java.lang.Thread.run(Thread.java:748)
"pool-21-thread-1"  prio=5 tid=135 timed_waiting
java.lang.Thread.State: TIMED_WAITING
        at sun.misc.Unsafe.park(Native Method)
        at java.util.concurrent.locks.LockSupport.parkNanos(LockSupport.java:215)
        at java.util.concurrent.locks.AbstractQueuedSynchronizer$ConditionObject.awaitNanos(AbstractQueuedSynchronizer.java:2078)
        at java.util.concurrent.ScheduledThreadPoolExecutor$DelayedWorkQueue.take(ScheduledThreadPoolExecutor.java:1093)
        at java.util.concurrent.ScheduledThreadPoolExecutor$DelayedWorkQueue.take(ScheduledThreadPoolExecutor.java:809)
        at java.util.concurrent.ThreadPoolExecutor.getTask(ThreadPoolExecutor.java:1074)
        at java.util.concurrent.ThreadPoolExecutor.runWorker(ThreadPoolExecutor.java:1134)
        at java.util.concurrent.ThreadPoolExecutor$Worker.run(ThreadPoolExecutor.java:624)
        at java.lang.Thread.run(Thread.java:748)
"IPC Server handler 4 on 40878" daemon prio=5 tid=53 timed_waiting
java.lang.Thread.State: TIMED_WAITING
        at sun.misc.Unsafe.park(Native Method)
        at java.util.concurrent.locks.LockSupport.parkNanos(LockSupport.java:215)
        at java.util.concurrent.locks.AbstractQueuedSynchronizer$ConditionObject.awaitNanos(AbstractQueuedSynchronizer.java:2078)
        at java.util.concurrent.LinkedBlockingQueue.poll(LinkedBlockingQueue.java:467)
        at org.apache.hadoop.ipc.CallQueueManager.take(CallQueueManager.java:288)
        at org.apache.hadoop.ipc.Server$Handler.run(Server.java:2668)
"pool-26-thread-22"  prio=5 tid=411 in Object.wait()
java.lang.Thread.State: WAITING (on object monitor)
        at sun.misc.Unsafe.park(Native Method)
        at java.util.concurrent.locks.LockSupport.park(LockSupport.java:175)
        at java.util.concurrent.locks.AbstractQueuedSynchronizer$ConditionObject.await(AbstractQueuedSynchronizer.java:2039)
        at java.util.concurrent.ArrayBlockingQueue.take(ArrayBlockingQueue.java:403)
        at java.util.concurrent.ThreadPoolExecutor.getTask(ThreadPoolExecutor.java:1074)
        at java.util.concurrent.ThreadPoolExecutor.runWorker(ThreadPoolExecutor.java:1134)
        at java.util.concurrent.ThreadPoolExecutor$Worker.run(ThreadPoolExecutor.java:624)
        at java.lang.Thread.run(Thread.java:748)
"metrics-hadoop-metrics2-reporter-9-thread-1" daemon prio=5 tid=958 timed_waiting
java.lang.Thread.State: TIMED_WAITING
        at sun.misc.Unsafe.park(Native Method)
        at java.util.concurrent.locks.LockSupport.parkNanos(LockSupport.java:215)
        at java.util.concurrent.locks.AbstractQueuedSynchronizer$ConditionObject.awaitNanos(AbstractQueuedSynchronizer.java:2078)
        at java.util.concurrent.ScheduledThreadPoolExecutor$DelayedWorkQueue.take(ScheduledThreadPoolExecutor.java:1093)
        at java.util.concurrent.ScheduledThreadPoolExecutor$DelayedWorkQueue.take(ScheduledThreadPoolExecutor.java:809)
        at java.util.concurrent.ThreadPoolExecutor.getTask(ThreadPoolExecutor.java:1074)
        at java.util.concurrent.ThreadPoolExecutor.runWorker(ThreadPoolExecutor.java:1134)
        at java.util.concurrent.ThreadPoolExecutor$Worker.run(ThreadPoolExecutor.java:624)
        at java.lang.Thread.run(Thread.java:748)
"qtp318555935-189" daemon prio=5 tid=189 timed_waiting
java.lang.Thread.State: TIMED_WAITING
        at sun.misc.Unsafe.park(Native Method)
        at java.util.concurrent.locks.LockSupport.parkNanos(LockSupport.java:215)
        at java.util.concurrent.locks.AbstractQueuedSynchronizer$ConditionObject.awaitNanos(AbstractQueuedSynchronizer.java:2078)
        at org.eclipse.jetty.util.BlockingArrayQueue.poll(BlockingArrayQueue.java:392)
        at org.eclipse.jetty.util.thread.QueuedThreadPool.idleJobPoll(QueuedThreadPool.java:563)
        at org.eclipse.jetty.util.thread.QueuedThreadPool.access$800(QueuedThreadPool.java:48)
        at org.eclipse.jetty.util.thread.QueuedThreadPool$2.run(QueuedThreadPool.java:626)
        at java.lang.Thread.run(Thread.java:748)
"pool-26-thread-39"  prio=5 tid=459 in Object.wait()
java.lang.Thread.State: WAITING (on object monitor)
        at sun.misc.Unsafe.park(Native Method)
        at java.util.concurrent.locks.LockSupport.park(LockSupport.java:175)
        at java.util.concurrent.locks.AbstractQueuedSynchronizer$ConditionObject.await(AbstractQueuedSynchronizer.java:2039)
        at java.util.concurrent.ArrayBlockingQueue.take(ArrayBlockingQueue.java:403)
        at java.util.concurrent.ThreadPoolExecutor.getTask(ThreadPoolExecutor.java:1074)
        at java.util.concurrent.ThreadPoolExecutor.runWorker(ThreadPoolExecutor.java:1134)
        at java.util.concurrent.ThreadPoolExecutor$Worker.run(ThreadPoolExecutor.java:624)
        at java.lang.Thread.run(Thread.java:748)
"pool-76-thread-33"  prio=5 tid=779 in Object.wait()
java.lang.Thread.State: WAITING (on object monitor)
        at sun.misc.Unsafe.park(Native Method)
        at java.util.concurrent.locks.LockSupport.park(LockSupport.java:175)
        at java.util.concurrent.locks.AbstractQueuedSynchronizer$ConditionObject.await(AbstractQueuedSynchronizer.java:2039)
        at java.util.concurrent.ArrayBlockingQueue.take(ArrayBlockingQueue.java:403)
        at java.util.concurrent.ThreadPoolExecutor.getTask(ThreadPoolExecutor.java:1074)
        at java.util.concurrent.ThreadPoolExecutor.runWorker(ThreadPoolExecutor.java:1134)
        at java.util.concurrent.ThreadPoolExecutor$Worker.run(ThreadPoolExecutor.java:624)
        at java.lang.Thread.run(Thread.java:748)
"Command processor thread" daemon prio=5 tid=175 timed_waiting
java.lang.Thread.State: TIMED_WAITING
        at java.lang.Thread.sleep(Native Method)
        at org.apache.hadoop.ozone.container.common.statemachine.DatanodeStateMachine.lambda$initCommandHandlerThread$1(DatanodeStateMachine.java:439)
        at org.apache.hadoop.ozone.container.common.statemachine.DatanodeStateMachine$$Lambda$141/1487479796.run(Unknown Source)
        at java.lang.Thread.run(Thread.java:748)
"pool-26-thread-54"  prio=5 tid=513 in Object.wait()
java.lang.Thread.State: WAITING (on object monitor)
        at sun.misc.Unsafe.park(Native Method)
        at java.util.concurrent.locks.LockSupport.park(LockSupport.java:175)
        at java.util.concurrent.locks.AbstractQueuedSynchronizer$ConditionObject.await(AbstractQueuedSynchronizer.java:2039)
        at java.util.concurrent.ArrayBlockingQueue.take(ArrayBlockingQueue.java:403)
        at java.util.concurrent.ThreadPoolExecutor.getTask(ThreadPoolExecutor.java:1074)
        at java.util.concurrent.ThreadPoolExecutor.runWorker(ThreadPoolExecutor.java:1134)
        at java.util.concurrent.ThreadPoolExecutor$Worker.run(ThreadPoolExecutor.java:624)
        at java.lang.Thread.run(Thread.java:748)
"pool-36-thread-17"  prio=5 tid=396 in Object.wait()
java.lang.Thread.State: WAITING (on object monitor)
        at sun.misc.Unsafe.park(Native Method)
        at java.util.concurrent.locks.LockSupport.park(LockSupport.java:175)
        at java.util.concurrent.locks.AbstractQueuedSynchronizer$ConditionObject.await(AbstractQueuedSynchronizer.java:2039)
        at java.util.concurrent.ArrayBlockingQueue.take(ArrayBlockingQueue.java:403)
        at java.util.concurrent.ThreadPoolExecutor.getTask(ThreadPoolExecutor.java:1074)
        at java.util.concurrent.ThreadPoolExecutor.runWorker(ThreadPoolExecutor.java:1134)
        at java.util.concurrent.ThreadPoolExecutor$Worker.run(ThreadPoolExecutor.java:624)
        at java.lang.Thread.run(Thread.java:748)
"pool-106-thread-40"  prio=5 tid=1019 in Object.wait()
java.lang.Thread.State: WAITING (on object monitor)
        at sun.misc.Unsafe.park(Native Method)
        at java.util.concurrent.locks.LockSupport.park(LockSupport.java:175)
        at java.util.concurrent.locks.AbstractQueuedSynchronizer$ConditionObject.await(AbstractQueuedSynchronizer.java:2039)
        at java.util.concurrent.ArrayBlockingQueue.take(ArrayBlockingQueue.java:403)
        at java.util.concurrent.ThreadPoolExecutor.getTask(ThreadPoolExecutor.java:1074)
        at java.util.concurrent.ThreadPoolExecutor.runWorker(ThreadPoolExecutor.java:1134)
        at java.util.concurrent.ThreadPoolExecutor$Worker.run(ThreadPoolExecutor.java:624)
        at java.lang.Thread.run(Thread.java:748)
"pool-86-thread-19"  prio=5 tid=837 in Object.wait()
java.lang.Thread.State: WAITING (on object monitor)
        at sun.misc.Unsafe.park(Native Method)
        at java.util.concurrent.locks.LockSupport.park(LockSupport.java:175)
        at java.util.concurrent.locks.AbstractQueuedSynchronizer$ConditionObject.await(AbstractQueuedSynchronizer.java:2039)
        at java.util.concurrent.ArrayBlockingQueue.take(ArrayBlockingQueue.java:403)
        at java.util.concurrent.ThreadPoolExecutor.getTask(ThreadPoolExecutor.java:1074)
        at java.util.concurrent.ThreadPoolExecutor.runWorker(ThreadPoolExecutor.java:1134)
        at java.util.concurrent.ThreadPoolExecutor$Worker.run(ThreadPoolExecutor.java:624)
        at java.lang.Thread.run(Thread.java:748)
"pool-106-thread-41"  prio=5 tid=1020 in Object.wait()
java.lang.Thread.State: WAITING (on object monitor)
        at sun.misc.Unsafe.park(Native Method)
        at java.util.concurrent.locks.LockSupport.park(LockSupport.java:175)
        at java.util.concurrent.locks.AbstractQueuedSynchronizer$ConditionObject.await(AbstractQueuedSynchronizer.java:2039)
        at java.util.concurrent.ArrayBlockingQueue.take(ArrayBlockingQueue.java:403)
        at java.util.concurrent.ThreadPoolExecutor.getTask(ThreadPoolExecutor.java:1074)
        at java.util.concurrent.ThreadPoolExecutor.runWorker(ThreadPoolExecutor.java:1134)
        at java.util.concurrent.ThreadPoolExecutor$Worker.run(ThreadPoolExecutor.java:624)
        at java.lang.Thread.run(Thread.java:748)
"qtp1680841335-242" daemon prio=5 tid=242 timed_waiting
java.lang.Thread.State: TIMED_WAITING
        at sun.misc.Unsafe.park(Native Method)
        at java.util.concurrent.locks.LockSupport.parkNanos(LockSupport.java:215)
        at java.util.concurrent.locks.AbstractQueuedSynchronizer$ConditionObject.awaitNanos(AbstractQueuedSynchronizer.java:2078)
        at org.eclipse.jetty.util.BlockingArrayQueue.poll(BlockingArrayQueue.java:392)
        at org.eclipse.jetty.util.thread.QueuedThreadPool.idleJobPoll(QueuedThreadPool.java:563)
        at org.eclipse.jetty.util.thread.QueuedThreadPool.access$800(QueuedThreadPool.java:48)
        at org.eclipse.jetty.util.thread.QueuedThreadPool$2.run(QueuedThreadPool.java:626)
        at java.lang.Thread.run(Thread.java:748)
"pool-56-thread-25"  prio=5 tid=437 in Object.wait()
java.lang.Thread.State: WAITING (on object monitor)
        at sun.misc.Unsafe.park(Native Method)
        at java.util.concurrent.locks.LockSupport.park(LockSupport.java:175)
        at java.util.concurrent.locks.AbstractQueuedSynchronizer$ConditionObject.await(AbstractQueuedSynchronizer.java:2039)
        at java.util.concurrent.ArrayBlockingQueue.take(ArrayBlockingQueue.java:403)
        at java.util.concurrent.ThreadPoolExecutor.getTask(ThreadPoolExecutor.java:1074)
        at java.util.concurrent.ThreadPoolExecutor.runWorker(ThreadPoolExecutor.java:1134)
        at java.util.concurrent.ThreadPoolExecutor$Worker.run(ThreadPoolExecutor.java:624)
        at java.lang.Thread.run(Thread.java:748)
"qtp934617920-592-acceptor-0@2390bcd-ServerConnector@1d805aa1{HTTP/1.1,[http/1.1]}{0.0.0.0:46278}" daemon prio=3 tid=592 runnable
java.lang.Thread.State: RUNNABLE
        at sun.nio.ch.ServerSocketChannelImpl.accept0(Native Method)
        at sun.nio.ch.ServerSocketChannelImpl.accept(ServerSocketChannelImpl.java:422)
        at sun.nio.ch.ServerSocketChannelImpl.accept(ServerSocketChannelImpl.java:250)
        at org.eclipse.jetty.server.ServerConnector.accept(ServerConnector.java:397)
        at org.eclipse.jetty.server.AbstractConnector$Acceptor.run(AbstractConnector.java:601)
        at org.eclipse.jetty.util.thread.QueuedThreadPool.runJob(QueuedThreadPool.java:671)
        at org.eclipse.jetty.util.thread.QueuedThreadPool$2.run(QueuedThreadPool.java:589)
        at java.lang.Thread.run(Thread.java:748)
"Reference Handler" daemon prio=10 tid=2 in Object.wait()
java.lang.Thread.State: WAITING (on object monitor)
        at java.lang.Object.wait(Native Method)
        at java.lang.Object.wait(Object.java:502)
        at java.lang.ref.Reference.tryHandlePending(Reference.java:191)
        at java.lang.ref.Reference$ReferenceHandler.run(Reference.java:153)
"pool-66-thread-32"  prio=5 tid=671 in Object.wait()
java.lang.Thread.State: WAITING (on object monitor)
        at sun.misc.Unsafe.park(Native Method)
        at java.util.concurrent.locks.LockSupport.park(LockSupport.java:175)
        at java.util.concurrent.locks.AbstractQueuedSynchronizer$ConditionObject.await(AbstractQueuedSynchronizer.java:2039)
        at java.util.concurrent.ArrayBlockingQueue.take(ArrayBlockingQueue.java:403)
        at java.util.concurrent.ThreadPoolExecutor.getTask(ThreadPoolExecutor.java:1074)
        at java.util.concurrent.ThreadPoolExecutor.runWorker(ThreadPoolExecutor.java:1134)
        at java.util.concurrent.ThreadPoolExecutor$Worker.run(ThreadPoolExecutor.java:624)
        at java.lang.Thread.run(Thread.java:748)
"pool-106-thread-30"  prio=5 tid=1009 in Object.wait()
java.lang.Thread.State: WAITING (on object monitor)
        at sun.misc.Unsafe.park(Native Method)
        at java.util.concurrent.locks.LockSupport.park(LockSupport.java:175)
        at java.util.concurrent.locks.AbstractQueuedSynchronizer$ConditionObject.await(AbstractQueuedSynchronizer.java:2039)
        at java.util.concurrent.ArrayBlockingQueue.take(ArrayBlockingQueue.java:403)
        at java.util.concurrent.ThreadPoolExecutor.getTask(ThreadPoolExecutor.java:1074)
        at java.util.concurrent.ThreadPoolExecutor.runWorker(ThreadPoolExecutor.java:1134)
        at java.util.concurrent.ThreadPoolExecutor$Worker.run(ThreadPoolExecutor.java:624)
        at java.lang.Thread.run(Thread.java:748)
"qtp142993407-403" daemon prio=5 tid=403 timed_waiting
java.lang.Thread.State: TIMED_WAITING
        at sun.misc.Unsafe.park(Native Method)
        at java.util.concurrent.locks.LockSupport.parkNanos(LockSupport.java:215)
        at java.util.concurrent.locks.AbstractQueuedSynchronizer$ConditionObject.awaitNanos(AbstractQueuedSynchronizer.java:2078)
        at org.eclipse.jetty.util.BlockingArrayQueue.poll(BlockingArrayQueue.java:392)
        at org.eclipse.jetty.util.thread.QueuedThreadPool.idleJobPoll(QueuedThreadPool.java:563)
        at org.eclipse.jetty.util.thread.QueuedThreadPool.access$800(QueuedThreadPool.java:48)
        at org.eclipse.jetty.util.thread.QueuedThreadPool$2.run(QueuedThreadPool.java:626)
        at java.lang.Thread.run(Thread.java:748)
"EventQueue-NodeRegistrationContainerReportForDataNodeSafeModeRule" daemon prio=5 tid=739 in Object.wait()
java.lang.Thread.State: WAITING (on object monitor)
        at sun.misc.Unsafe.park(Native Method)
        at java.util.concurrent.locks.LockSupport.park(LockSupport.java:175)
        at java.util.concurrent.locks.AbstractQueuedSynchronizer$ConditionObject.await(AbstractQueuedSynchronizer.java:2039)
        at java.util.concurrent.LinkedBlockingQueue.take(LinkedBlockingQueue.java:442)
        at java.util.concurrent.ThreadPoolExecutor.getTask(ThreadPoolExecutor.java:1074)
        at java.util.concurrent.ThreadPoolExecutor.runWorker(ThreadPoolExecutor.java:1134)
        at java.util.concurrent.ThreadPoolExecutor$Worker.run(ThreadPoolExecutor.java:624)
        at java.lang.Thread.run(Thread.java:748)
"pool-56-thread-57"  prio=5 tid=568 in Object.wait()
java.lang.Thread.State: WAITING (on object monitor)
        at sun.misc.Unsafe.park(Native Method)
        at java.util.concurrent.locks.LockSupport.park(LockSupport.java:175)
        at java.util.concurrent.locks.AbstractQueuedSynchronizer$ConditionObject.await(AbstractQueuedSynchronizer.java:2039)
        at java.util.concurrent.ArrayBlockingQueue.take(ArrayBlockingQueue.java:403)
        at java.util.concurrent.ThreadPoolExecutor.getTask(ThreadPoolExecutor.java:1074)
        at java.util.concurrent.ThreadPoolExecutor.runWorker(ThreadPoolExecutor.java:1134)
        at java.util.concurrent.ThreadPoolExecutor$Worker.run(ThreadPoolExecutor.java:624)
        at java.lang.Thread.run(Thread.java:748)
"pool-96-thread-50"  prio=5 tid=932 in Object.wait()
java.lang.Thread.State: WAITING (on object monitor)
        at sun.misc.Unsafe.park(Native Method)
        at java.util.concurrent.locks.LockSupport.park(LockSupport.java:175)
        at java.util.concurrent.locks.AbstractQueuedSynchronizer$ConditionObject.await(AbstractQueuedSynchronizer.java:2039)
        at java.util.concurrent.ArrayBlockingQueue.take(ArrayBlockingQueue.java:403)
        at java.util.concurrent.ThreadPoolExecutor.getTask(ThreadPoolExecutor.java:1074)
        at java.util.concurrent.ThreadPoolExecutor.runWorker(ThreadPoolExecutor.java:1134)
        at java.util.concurrent.ThreadPoolExecutor$Worker.run(ThreadPoolExecutor.java:624)
        at java.lang.Thread.run(Thread.java:748)
"pool-66-thread-38"  prio=5 tid=680 in Object.wait()
java.lang.Thread.State: WAITING (on object monitor)
        at sun.misc.Unsafe.park(Native Method)
        at java.util.concurrent.locks.LockSupport.park(LockSupport.java:175)
        at java.util.concurrent.locks.AbstractQueuedSynchronizer$ConditionObject.await(AbstractQueuedSynchronizer.java:2039)
        at java.util.concurrent.ArrayBlockingQueue.take(ArrayBlockingQueue.java:403)
        at java.util.concurrent.ThreadPoolExecutor.getTask(ThreadPoolExecutor.java:1074)
        at java.util.concurrent.ThreadPoolExecutor.runWorker(ThreadPoolExecutor.java:1134)
        at java.util.concurrent.ThreadPoolExecutor$Worker.run(ThreadPoolExecutor.java:624)
        at java.lang.Thread.run(Thread.java:748)
"pool-76-thread-47"  prio=5 tid=793 in Object.wait()
java.lang.Thread.State: WAITING (on object monitor)
        at sun.misc.Unsafe.park(Native Method)
        at java.util.concurrent.locks.LockSupport.park(LockSupport.java:175)
        at java.util.concurrent.locks.AbstractQueuedSynchronizer$ConditionObject.await(AbstractQueuedSynchronizer.java:2039)
        at java.util.concurrent.ArrayBlockingQueue.take(ArrayBlockingQueue.java:403)
        at java.util.concurrent.ThreadPoolExecutor.getTask(ThreadPoolExecutor.java:1074)
        at java.util.concurrent.ThreadPoolExecutor.runWorker(ThreadPoolExecutor.java:1134)
        at java.util.concurrent.ThreadPoolExecutor$Worker.run(ThreadPoolExecutor.java:624)
        at java.lang.Thread.run(Thread.java:748)
"pool-86-thread-4"  prio=5 tid=822 in Object.wait()
java.lang.Thread.State: WAITING (on object monitor)
        at sun.misc.Unsafe.park(Native Method)
        at java.util.concurrent.locks.LockSupport.park(LockSupport.java:175)
        at java.util.concurrent.locks.AbstractQueuedSynchronizer$ConditionObject.await(AbstractQueuedSynchronizer.java:2039)
        at java.util.concurrent.ArrayBlockingQueue.take(ArrayBlockingQueue.java:403)
        at java.util.concurrent.ThreadPoolExecutor.getTask(ThreadPoolExecutor.java:1074)
        at java.util.concurrent.ThreadPoolExecutor.runWorker(ThreadPoolExecutor.java:1134)
        at java.util.concurrent.ThreadPoolExecutor$Worker.run(ThreadPoolExecutor.java:624)
        at java.lang.Thread.run(Thread.java:748)
"pool-36-thread-39"  prio=5 tid=517 in Object.wait()
java.lang.Thread.State: WAITING (on object monitor)
        at sun.misc.Unsafe.park(Native Method)
        at java.util.concurrent.locks.LockSupport.park(LockSupport.java:175)
        at java.util.concurrent.locks.AbstractQueuedSynchronizer$ConditionObject.await(AbstractQueuedSynchronizer.java:2039)
        at java.util.concurrent.ArrayBlockingQueue.take(ArrayBlockingQueue.java:403)
        at java.util.concurrent.ThreadPoolExecutor.getTask(ThreadPoolExecutor.java:1074)
        at java.util.concurrent.ThreadPoolExecutor.runWorker(ThreadPoolExecutor.java:1134)
        at java.util.concurrent.ThreadPoolExecutor$Worker.run(ThreadPoolExecutor.java:624)
        at java.lang.Thread.run(Thread.java:748)
"pool-46-thread-38"  prio=5 tid=495 in Object.wait()
java.lang.Thread.State: WAITING (on object monitor)
        at sun.misc.Unsafe.park(Native Method)
        at java.util.concurrent.locks.LockSupport.park(LockSupport.java:175)
        at java.util.concurrent.locks.AbstractQueuedSynchronizer$ConditionObject.await(AbstractQueuedSynchronizer.java:2039)
        at java.util.concurrent.ArrayBlockingQueue.take(ArrayBlockingQueue.java:403)
        at java.util.concurrent.ThreadPoolExecutor.getTask(ThreadPoolExecutor.java:1074)
        at java.util.concurrent.ThreadPoolExecutor.runWorker(ThreadPoolExecutor.java:1134)
        at java.util.concurrent.ThreadPoolExecutor$Worker.run(ThreadPoolExecutor.java:624)
        at java.lang.Thread.run(Thread.java:748)
"pool-76-thread-43"  prio=5 tid=789 in Object.wait()
java.lang.Thread.State: WAITING (on object monitor)
        at sun.misc.Unsafe.park(Native Method)
        at java.util.concurrent.locks.LockSupport.park(LockSupport.java:175)
        at java.util.concurrent.locks.AbstractQueuedSynchronizer$ConditionObject.await(AbstractQueuedSynchronizer.java:2039)
        at java.util.concurrent.ArrayBlockingQueue.take(ArrayBlockingQueue.java:403)
        at java.util.concurrent.ThreadPoolExecutor.getTask(ThreadPoolExecutor.java:1074)
        at java.util.concurrent.ThreadPoolExecutor.runWorker(ThreadPoolExecutor.java:1134)
        at java.util.concurrent.ThreadPoolExecutor$Worker.run(ThreadPoolExecutor.java:624)
        at java.lang.Thread.run(Thread.java:748)
"Command processor thread" daemon prio=5 tid=607 in Object.wait()
java.lang.Thread.State: WAITING (on object monitor)
        at sun.misc.Unsafe.park(Native Method)
        at java.util.concurrent.locks.LockSupport.park(LockSupport.java:175)
        at java.util.concurrent.CompletableFuture$Signaller.block(CompletableFuture.java:1693)
        at java.util.concurrent.ForkJoinPool.managedBlock(ForkJoinPool.java:3323)
        at java.util.concurrent.CompletableFuture.waitingGet(CompletableFuture.java:1729)
        at java.util.concurrent.CompletableFuture.get(CompletableFuture.java:1895)
        at org.apache.hadoop.ozone.container.common.transport.server.ratis.XceiverServerRatis.submitRequest(XceiverServerRatis.java:507)
        at org.apache.hadoop.ozone.container.common.statemachine.commandhandler.CloseContainerCommandHandler.handle(CloseContainerCommandHandler.java:102)
        at org.apache.hadoop.ozone.container.common.statemachine.commandhandler.CommandDispatcher.handle(CommandDispatcher.java:99)
        at org.apache.hadoop.ozone.container.common.statemachine.DatanodeStateMachine.lambda$initCommandHandlerThread$1(DatanodeStateMachine.java:432)
        at org.apache.hadoop.ozone.container.common.statemachine.DatanodeStateMachine$$Lambda$141/1487479796.run(Unknown Source)
        at java.lang.Thread.run(Thread.java:748)
"pool-86-thread-32"  prio=5 tid=850 in Object.wait()
java.lang.Thread.State: WAITING (on object monitor)
        at sun.misc.Unsafe.park(Native Method)
        at java.util.concurrent.locks.LockSupport.park(LockSupport.java:175)
        at java.util.concurrent.locks.AbstractQueuedSynchronizer$ConditionObject.await(AbstractQueuedSynchronizer.java:2039)
        at java.util.concurrent.ArrayBlockingQueue.take(ArrayBlockingQueue.java:403)
        at java.util.concurrent.ThreadPoolExecutor.getTask(ThreadPoolExecutor.java:1074)
        at java.util.concurrent.ThreadPoolExecutor.runWorker(ThreadPoolExecutor.java:1134)
        at java.util.concurrent.ThreadPoolExecutor$Worker.run(ThreadPoolExecutor.java:624)
        at java.lang.Thread.run(Thread.java:748)
"org.eclipse.jetty.server.session.HashSessionManager@350d3f4dTimer" daemon prio=5 tid=249 timed_waiting
java.lang.Thread.State: TIMED_WAITING
        at sun.misc.Unsafe.park(Native Method)
        at java.util.concurrent.locks.LockSupport.parkNanos(LockSupport.java:215)
        at java.util.concurrent.locks.AbstractQueuedSynchronizer$ConditionObject.awaitNanos(AbstractQueuedSynchronizer.java:2078)
        at java.util.concurrent.ScheduledThreadPoolExecutor$DelayedWorkQueue.take(ScheduledThreadPoolExecutor.java:1093)
        at java.util.concurrent.ScheduledThreadPoolExecutor$DelayedWorkQueue.take(ScheduledThreadPoolExecutor.java:809)
        at java.util.concurrent.ThreadPoolExecutor.getTask(ThreadPoolExecutor.java:1074)
        at java.util.concurrent.ThreadPoolExecutor.runWorker(ThreadPoolExecutor.java:1134)
        at java.util.concurrent.ThreadPoolExecutor$Worker.run(ThreadPoolExecutor.java:624)
        at java.lang.Thread.run(Thread.java:748)
"Datanode ReportManager Thread - 0" daemon prio=5 tid=279 in Object.wait()
java.lang.Thread.State: WAITING (on object monitor)
        at sun.misc.Unsafe.park(Native Method)
        at java.util.concurrent.locks.LockSupport.park(LockSupport.java:175)
        at java.util.concurrent.locks.AbstractQueuedSynchronizer$ConditionObject.await(AbstractQueuedSynchronizer.java:2039)
        at java.util.concurrent.ScheduledThreadPoolExecutor$DelayedWorkQueue.take(ScheduledThreadPoolExecutor.java:1088)
        at java.util.concurrent.ScheduledThreadPoolExecutor$DelayedWorkQueue.take(ScheduledThreadPoolExecutor.java:809)
        at java.util.concurrent.ThreadPoolExecutor.getTask(ThreadPoolExecutor.java:1074)
        at java.util.concurrent.ThreadPoolExecutor.runWorker(ThreadPoolExecutor.java:1134)
        at java.util.concurrent.ThreadPoolExecutor$Worker.run(ThreadPoolExecutor.java:624)
        at java.lang.Thread.run(Thread.java:748)
"pool-86-thread-33"  prio=5 tid=851 in Object.wait()
java.lang.Thread.State: WAITING (on object monitor)
        at sun.misc.Unsafe.park(Native Method)
        at java.util.concurrent.locks.LockSupport.park(LockSupport.java:175)
        at java.util.concurrent.locks.AbstractQueuedSynchronizer$ConditionObject.await(AbstractQueuedSynchronizer.java:2039)
        at java.util.concurrent.ArrayBlockingQueue.take(ArrayBlockingQueue.java:403)
        at java.util.concurrent.ThreadPoolExecutor.getTask(ThreadPoolExecutor.java:1074)
        at java.util.concurrent.ThreadPoolExecutor.runWorker(ThreadPoolExecutor.java:1134)
        at java.util.concurrent.ThreadPoolExecutor$Worker.run(ThreadPoolExecutor.java:624)
        at java.lang.Thread.run(Thread.java:748)
"qtp747378368-720" daemon prio=5 tid=720 timed_waiting
java.lang.Thread.State: TIMED_WAITING
        at sun.misc.Unsafe.park(Native Method)
        at java.util.concurrent.locks.LockSupport.parkNanos(LockSupport.java:215)
        at java.util.concurrent.locks.AbstractQueuedSynchronizer$ConditionObject.awaitNanos(AbstractQueuedSynchronizer.java:2078)
        at org.eclipse.jetty.util.BlockingArrayQueue.poll(BlockingArrayQueue.java:392)
        at org.eclipse.jetty.util.thread.QueuedThreadPool.idleJobPoll(QueuedThreadPool.java:563)
        at org.eclipse.jetty.util.thread.QueuedThreadPool.access$800(QueuedThreadPool.java:48)
        at org.eclipse.jetty.util.thread.QueuedThreadPool$2.run(QueuedThreadPool.java:626)
        at java.lang.Thread.run(Thread.java:748)
"pool-76-thread-36"  prio=5 tid=782 in Object.wait()
java.lang.Thread.State: WAITING (on object monitor)
        at sun.misc.Unsafe.park(Native Method)
        at java.util.concurrent.locks.LockSupport.park(LockSupport.java:175)
        at java.util.concurrent.locks.AbstractQueuedSynchronizer$ConditionObject.await(AbstractQueuedSynchronizer.java:2039)
        at java.util.concurrent.ArrayBlockingQueue.take(ArrayBlockingQueue.java:403)
        at java.util.concurrent.ThreadPoolExecutor.getTask(ThreadPoolExecutor.java:1074)
        at java.util.concurrent.ThreadPoolExecutor.runWorker(ThreadPoolExecutor.java:1134)
        at java.util.concurrent.ThreadPoolExecutor$Worker.run(ThreadPoolExecutor.java:624)
        at java.lang.Thread.run(Thread.java:748)
"pool-56-thread-38"  prio=5 tid=479 in Object.wait()
java.lang.Thread.State: WAITING (on object monitor)
        at sun.misc.Unsafe.park(Native Method)
        at java.util.concurrent.locks.LockSupport.park(LockSupport.java:175)
        at java.util.concurrent.locks.AbstractQueuedSynchronizer$ConditionObject.await(AbstractQueuedSynchronizer.java:2039)
        at java.util.concurrent.ArrayBlockingQueue.take(ArrayBlockingQueue.java:403)
        at java.util.concurrent.ThreadPoolExecutor.getTask(ThreadPoolExecutor.java:1074)
        at java.util.concurrent.ThreadPoolExecutor.runWorker(ThreadPoolExecutor.java:1134)
        at java.util.concurrent.ThreadPoolExecutor$Worker.run(ThreadPoolExecutor.java:624)
        at java.lang.Thread.run(Thread.java:748)
"refreshUsed-/workdir/hadoop-ozone/integration-test/target/test-dir/MiniOzoneClusterImpl-fc727f2e-e877-4159-90ff-4473a18561dc/datanode-6/data/containers" daemon prio=5 tid=319 timed_waiting
java.lang.Thread.State: TIMED_WAITING
        at java.lang.Thread.sleep(Native Method)
        at org.apache.hadoop.fs.CachingGetSpaceUsed$RefreshThread.run(CachingGetSpaceUsed.java:179)
        at java.lang.Thread.run(Thread.java:748)
"pool-76-thread-29"  prio=5 tid=775 in Object.wait()
java.lang.Thread.State: WAITING (on object monitor)
        at sun.misc.Unsafe.park(Native Method)
        at java.util.concurrent.locks.LockSupport.park(LockSupport.java:175)
        at java.util.concurrent.locks.AbstractQueuedSynchronizer$ConditionObject.await(AbstractQueuedSynchronizer.java:2039)
        at java.util.concurrent.ArrayBlockingQueue.take(ArrayBlockingQueue.java:403)
        at java.util.concurrent.ThreadPoolExecutor.getTask(ThreadPoolExecutor.java:1074)
        at java.util.concurrent.ThreadPoolExecutor.runWorker(ThreadPoolExecutor.java:1134)
        at java.util.concurrent.ThreadPoolExecutor$Worker.run(ThreadPoolExecutor.java:624)
        at java.lang.Thread.run(Thread.java:748)
"pool-36-thread-38"  prio=5 tid=512 in Object.wait()
java.lang.Thread.State: WAITING (on object monitor)
        at sun.misc.Unsafe.park(Native Method)
        at java.util.concurrent.locks.LockSupport.park(LockSupport.java:175)
        at java.util.concurrent.locks.AbstractQueuedSynchronizer$ConditionObject.await(AbstractQueuedSynchronizer.java:2039)
        at java.util.concurrent.ArrayBlockingQueue.take(ArrayBlockingQueue.java:403)
        at java.util.concurrent.ThreadPoolExecutor.getTask(ThreadPoolExecutor.java:1074)
        at java.util.concurrent.ThreadPoolExecutor.runWorker(ThreadPoolExecutor.java:1134)
        at java.util.concurrent.ThreadPoolExecutor$Worker.run(ThreadPoolExecutor.java:624)
        at java.lang.Thread.run(Thread.java:748)
"IPC Server idle connection scanner for port 37221" daemon prio=5 tid=109 timed_waiting
java.lang.Thread.State: TIMED_WAITING
        at java.lang.Object.wait(Native Method)
        at java.util.TimerThread.mainLoop(Timer.java:552)
        at java.util.TimerThread.run(Timer.java:505)
"pool-86-thread-26"  prio=5 tid=844 in Object.wait()
java.lang.Thread.State: WAITING (on object monitor)
        at sun.misc.Unsafe.park(Native Method)
        at java.util.concurrent.locks.LockSupport.park(LockSupport.java:175)
        at java.util.concurrent.locks.AbstractQueuedSynchronizer$ConditionObject.await(AbstractQueuedSynchronizer.java:2039)
        at java.util.concurrent.ArrayBlockingQueue.take(ArrayBlockingQueue.java:403)
        at java.util.concurrent.ThreadPoolExecutor.getTask(ThreadPoolExecutor.java:1074)
        at java.util.concurrent.ThreadPoolExecutor.runWorker(ThreadPoolExecutor.java:1134)
        at java.util.concurrent.ThreadPoolExecutor$Worker.run(ThreadPoolExecutor.java:624)
        at java.lang.Thread.run(Thread.java:748)
"pool-86-thread-25"  prio=5 tid=843 in Object.wait()
java.lang.Thread.State: WAITING (on object monitor)
        at sun.misc.Unsafe.park(Native Method)
        at java.util.concurrent.locks.LockSupport.park(LockSupport.java:175)
        at java.util.concurrent.locks.AbstractQueuedSynchronizer$ConditionObject.await(AbstractQueuedSynchronizer.java:2039)
        at java.util.concurrent.ArrayBlockingQueue.take(ArrayBlockingQueue.java:403)
        at java.util.concurrent.ThreadPoolExecutor.getTask(ThreadPoolExecutor.java:1074)
        at java.util.concurrent.ThreadPoolExecutor.runWorker(ThreadPoolExecutor.java:1134)
        at java.util.concurrent.ThreadPoolExecutor$Worker.run(ThreadPoolExecutor.java:624)
        at java.lang.Thread.run(Thread.java:748)
"metrics-hadoop-metrics2-reporter-19-thread-1" daemon prio=5 tid=1052 timed_waiting
java.lang.Thread.State: TIMED_WAITING
        at sun.misc.Unsafe.park(Native Method)
        at java.util.concurrent.locks.LockSupport.parkNanos(LockSupport.java:215)
        at java.util.concurrent.locks.AbstractQueuedSynchronizer$ConditionObject.awaitNanos(AbstractQueuedSynchronizer.java:2078)
        at java.util.concurrent.ScheduledThreadPoolExecutor$DelayedWorkQueue.take(ScheduledThreadPoolExecutor.java:1093)
        at java.util.concurrent.ScheduledThreadPoolExecutor$DelayedWorkQueue.take(ScheduledThreadPoolExecutor.java:809)
        at java.util.concurrent.ThreadPoolExecutor.getTask(ThreadPoolExecutor.java:1074)
        at java.util.concurrent.ThreadPoolExecutor.runWorker(ThreadPoolExecutor.java:1134)
        at java.util.concurrent.ThreadPoolExecutor$Worker.run(ThreadPoolExecutor.java:624)
        at java.lang.Thread.run(Thread.java:748)
"IPC Server handler 13 on 37838" daemon prio=5 tid=82 timed_waiting
java.lang.Thread.State: TIMED_WAITING
        at sun.misc.Unsafe.park(Native Method)
        at java.util.concurrent.locks.LockSupport.parkNanos(LockSupport.java:215)
        at java.util.concurrent.locks.AbstractQueuedSynchronizer$ConditionObject.awaitNanos(AbstractQueuedSynchronizer.java:2078)
        at java.util.concurrent.LinkedBlockingQueue.poll(LinkedBlockingQueue.java:467)
        at org.apache.hadoop.ipc.CallQueueManager.take(CallQueueManager.java:288)
        at org.apache.hadoop.ipc.Server$Handler.run(Server.java:2668)
"metrics-hadoop-metrics2-reporter-7-thread-1" daemon prio=5 tid=953 timed_waiting
java.lang.Thread.State: TIMED_WAITING
        at sun.misc.Unsafe.park(Native Method)
        at java.util.concurrent.locks.LockSupport.parkNanos(LockSupport.java:215)
        at java.util.concurrent.locks.AbstractQueuedSynchronizer$ConditionObject.awaitNanos(AbstractQueuedSynchronizer.java:2078)
        at java.util.concurrent.ScheduledThreadPoolExecutor$DelayedWorkQueue.take(ScheduledThreadPoolExecutor.java:1093)
        at java.util.concurrent.ScheduledThreadPoolExecutor$DelayedWorkQueue.take(ScheduledThreadPoolExecutor.java:809)
        at java.util.concurrent.ThreadPoolExecutor.getTask(ThreadPoolExecutor.java:1074)
        at java.util.concurrent.ThreadPoolExecutor.runWorker(ThreadPoolExecutor.java:1134)
        at java.util.concurrent.ThreadPoolExecutor$Worker.run(ThreadPoolExecutor.java:624)
        at java.lang.Thread.run(Thread.java:748)
"pool-66-thread-60"  prio=5 tid=705 in Object.wait()
java.lang.Thread.State: WAITING (on object monitor)
        at sun.misc.Unsafe.park(Native Method)
        at java.util.concurrent.locks.LockSupport.park(LockSupport.java:175)
        at java.util.concurrent.locks.AbstractQueuedSynchronizer$ConditionObject.await(AbstractQueuedSynchronizer.java:2039)
        at java.util.concurrent.ArrayBlockingQueue.take(ArrayBlockingQueue.java:403)
        at java.util.concurrent.ThreadPoolExecutor.getTask(ThreadPoolExecutor.java:1074)
        at java.util.concurrent.ThreadPoolExecutor.runWorker(ThreadPoolExecutor.java:1134)
        at java.util.concurrent.ThreadPoolExecutor$Worker.run(ThreadPoolExecutor.java:624)
        at java.lang.Thread.run(Thread.java:748)
"qtp1977508673-296" daemon prio=5 tid=296 timed_waiting
java.lang.Thread.State: TIMED_WAITING
        at sun.misc.Unsafe.park(Native Method)
        at java.util.concurrent.locks.LockSupport.parkNanos(LockSupport.java:215)
        at java.util.concurrent.locks.AbstractQueuedSynchronizer$ConditionObject.awaitNanos(AbstractQueuedSynchronizer.java:2078)
        at org.eclipse.jetty.util.BlockingArrayQueue.poll(BlockingArrayQueue.java:392)
        at org.eclipse.jetty.util.thread.QueuedThreadPool.idleJobPoll(QueuedThreadPool.java:563)
        at org.eclipse.jetty.util.thread.QueuedThreadPool.access$800(QueuedThreadPool.java:48)
        at org.eclipse.jetty.util.thread.QueuedThreadPool$2.run(QueuedThreadPool.java:626)
        at java.lang.Thread.run(Thread.java:748)
"pool-56-thread-54"  prio=5 tid=559 in Object.wait()
java.lang.Thread.State: WAITING (on object monitor)
        at sun.misc.Unsafe.park(Native Method)
        at java.util.concurrent.locks.LockSupport.park(LockSupport.java:175)
        at java.util.concurrent.locks.AbstractQueuedSynchronizer$ConditionObject.await(AbstractQueuedSynchronizer.java:2039)
        at java.util.concurrent.ArrayBlockingQueue.take(ArrayBlockingQueue.java:403)
        at java.util.concurrent.ThreadPoolExecutor.getTask(ThreadPoolExecutor.java:1074)
        at java.util.concurrent.ThreadPoolExecutor.runWorker(ThreadPoolExecutor.java:1134)
        at java.util.concurrent.ThreadPoolExecutor$Worker.run(ThreadPoolExecutor.java:624)
        at java.lang.Thread.run(Thread.java:748)
"qtp549049813-271" daemon prio=5 tid=271 timed_waiting
java.lang.Thread.State: TIMED_WAITING
        at sun.misc.Unsafe.park(Native Method)
        at java.util.concurrent.locks.LockSupport.parkNanos(LockSupport.java:215)
        at java.util.concurrent.locks.AbstractQueuedSynchronizer$ConditionObject.awaitNanos(AbstractQueuedSynchronizer.java:2078)
        at org.eclipse.jetty.util.BlockingArrayQueue.poll(BlockingArrayQueue.java:392)
        at org.eclipse.jetty.util.thread.QueuedThreadPool.idleJobPoll(QueuedThreadPool.java:563)
        at org.eclipse.jetty.util.thread.QueuedThreadPool.access$800(QueuedThreadPool.java:48)
        at org.eclipse.jetty.util.thread.QueuedThreadPool$2.run(QueuedThreadPool.java:626)
        at java.lang.Thread.run(Thread.java:748)
"pool-96-thread-6"  prio=5 tid=888 in Object.wait()
java.lang.Thread.State: WAITING (on object monitor)
        at sun.misc.Unsafe.park(Native Method)
        at java.util.concurrent.locks.LockSupport.park(LockSupport.java:175)
        at java.util.concurrent.locks.AbstractQueuedSynchronizer$ConditionObject.await(AbstractQueuedSynchronizer.java:2039)
        at java.util.concurrent.ArrayBlockingQueue.take(ArrayBlockingQueue.java:403)
        at java.util.concurrent.ThreadPoolExecutor.getTask(ThreadPoolExecutor.java:1074)
        at java.util.concurrent.ThreadPoolExecutor.runWorker(ThreadPoolExecutor.java:1134)
        at java.util.concurrent.ThreadPoolExecutor$Worker.run(ThreadPoolExecutor.java:624)
        at java.lang.Thread.run(Thread.java:748)
"BlockDeletingService#1" daemon prio=5 tid=636 in Object.wait()
java.lang.Thread.State: WAITING (on object monitor)
        at sun.misc.Unsafe.park(Native Method)
        at java.util.concurrent.locks.LockSupport.park(LockSupport.java:175)
        at java.util.concurrent.locks.AbstractQueuedSynchronizer$ConditionObject.await(AbstractQueuedSynchronizer.java:2039)
        at java.util.concurrent.ScheduledThreadPoolExecutor$DelayedWorkQueue.take(ScheduledThreadPoolExecutor.java:1088)
        at java.util.concurrent.ScheduledThreadPoolExecutor$DelayedWorkQueue.take(ScheduledThreadPoolExecutor.java:809)
        at java.util.concurrent.ThreadPoolExecutor.getTask(ThreadPoolExecutor.java:1074)
        at java.util.concurrent.ThreadPoolExecutor.runWorker(ThreadPoolExecutor.java:1134)
        at java.util.concurrent.ThreadPoolExecutor$Worker.run(ThreadPoolExecutor.java:624)
        at java.lang.Thread.run(Thread.java:748)
"pool-117-thread-54"  prio=5 tid=1113 in Object.wait()
java.lang.Thread.State: WAITING (on object monitor)
        at sun.misc.Unsafe.park(Native Method)
        at java.util.concurrent.locks.LockSupport.park(LockSupport.java:175)
        at java.util.concurrent.locks.AbstractQueuedSynchronizer$ConditionObject.await(AbstractQueuedSynchronizer.java:2039)
        at java.util.concurrent.ArrayBlockingQueue.take(ArrayBlockingQueue.java:403)
        at java.util.concurrent.ThreadPoolExecutor.getTask(ThreadPoolExecutor.java:1074)
        at java.util.concurrent.ThreadPoolExecutor.runWorker(ThreadPoolExecutor.java:1134)
        at java.util.concurrent.ThreadPoolExecutor$Worker.run(ThreadPoolExecutor.java:624)
        at java.lang.Thread.run(Thread.java:748)
"pool-96-thread-48"  prio=5 tid=930 in Object.wait()
java.lang.Thread.State: WAITING (on object monitor)
        at sun.misc.Unsafe.park(Native Method)
        at java.util.concurrent.locks.LockSupport.park(LockSupport.java:175)
        at java.util.concurrent.locks.AbstractQueuedSynchronizer$ConditionObject.await(AbstractQueuedSynchronizer.java:2039)
        at java.util.concurrent.ArrayBlockingQueue.take(ArrayBlockingQueue.java:403)
        at java.util.concurrent.ThreadPoolExecutor.getTask(ThreadPoolExecutor.java:1074)
        at java.util.concurrent.ThreadPoolExecutor.runWorker(ThreadPoolExecutor.java:1134)
        at java.util.concurrent.ThreadPoolExecutor$Worker.run(ThreadPoolExecutor.java:624)
        at java.lang.Thread.run(Thread.java:748)
"qtp747378368-716" daemon prio=5 tid=716 runnable
java.lang.Thread.State: RUNNABLE
        at sun.nio.ch.EPollArrayWrapper.epollWait(Native Method)
        at sun.nio.ch.EPollArrayWrapper.poll(EPollArrayWrapper.java:269)
        at sun.nio.ch.EPollSelectorImpl.doSelect(EPollSelectorImpl.java:93)
        at sun.nio.ch.SelectorImpl.lockAndDoSelect(SelectorImpl.java:86)
        at sun.nio.ch.SelectorImpl.select(SelectorImpl.java:97)
        at sun.nio.ch.SelectorImpl.select(SelectorImpl.java:101)
        at org.eclipse.jetty.io.ManagedSelector$SelectorProducer.select(ManagedSelector.java:243)
        at org.eclipse.jetty.io.ManagedSelector$SelectorProducer.produce(ManagedSelector.java:191)
        at org.eclipse.jetty.util.thread.strategy.ExecuteProduceConsume.executeProduceConsume(ExecuteProduceConsume.java:249)
        at org.eclipse.jetty.util.thread.strategy.ExecuteProduceConsume.produceConsume(ExecuteProduceConsume.java:148)
        at org.eclipse.jetty.util.thread.strategy.ExecuteProduceConsume.execute(ExecuteProduceConsume.java:100)
        at org.eclipse.jetty.io.ManagedSelector.run(ManagedSelector.java:147)
        at org.eclipse.jetty.util.thread.QueuedThreadPool.runJob(QueuedThreadPool.java:671)
        at org.eclipse.jetty.util.thread.QueuedThreadPool$2.run(QueuedThreadPool.java:589)
        at java.lang.Thread.run(Thread.java:748)
"Periodic HDDS volume checker"  prio=5 tid=317 timed_waiting
java.lang.Thread.State: TIMED_WAITING
        at sun.misc.Unsafe.park(Native Method)
        at java.util.concurrent.locks.LockSupport.parkNanos(LockSupport.java:215)
        at java.util.concurrent.locks.AbstractQueuedSynchronizer$ConditionObject.awaitNanos(AbstractQueuedSynchronizer.java:2078)
        at java.util.concurrent.ScheduledThreadPoolExecutor$DelayedWorkQueue.take(ScheduledThreadPoolExecutor.java:1093)
        at java.util.concurrent.ScheduledThreadPoolExecutor$DelayedWorkQueue.take(ScheduledThreadPoolExecutor.java:809)
        at java.util.concurrent.ThreadPoolExecutor.getTask(ThreadPoolExecutor.java:1074)
        at java.util.concurrent.ThreadPoolExecutor.runWorker(ThreadPoolExecutor.java:1134)
        at java.util.concurrent.ThreadPoolExecutor$Worker.run(ThreadPoolExecutor.java:624)
        at java.lang.Thread.run(Thread.java:748)
"IPC Server handler 11 on 39235" daemon prio=5 tid=40 timed_waiting
java.lang.Thread.State: TIMED_WAITING
        at sun.misc.Unsafe.park(Native Method)
        at java.util.concurrent.locks.LockSupport.parkNanos(LockSupport.java:215)
        at java.util.concurrent.locks.AbstractQueuedSynchronizer$ConditionObject.awaitNanos(AbstractQueuedSynchronizer.java:2078)
        at java.util.concurrent.LinkedBlockingQueue.poll(LinkedBlockingQueue.java:467)
        at org.apache.hadoop.ipc.CallQueueManager.take(CallQueueManager.java:288)
        at org.apache.hadoop.ipc.Server$Handler.run(Server.java:2668)
"pool-106-thread-10"  prio=5 tid=989 in Object.wait()
java.lang.Thread.State: WAITING (on object monitor)
        at sun.misc.Unsafe.park(Native Method)
        at java.util.concurrent.locks.LockSupport.park(LockSupport.java:175)
        at java.util.concurrent.locks.AbstractQueuedSynchronizer$ConditionObject.await(AbstractQueuedSynchronizer.java:2039)
        at java.util.concurrent.ArrayBlockingQueue.take(ArrayBlockingQueue.java:403)
        at java.util.concurrent.ThreadPoolExecutor.getTask(ThreadPoolExecutor.java:1074)
        at java.util.concurrent.ThreadPoolExecutor.runWorker(ThreadPoolExecutor.java:1134)
        at java.util.concurrent.ThreadPoolExecutor$Worker.run(ThreadPoolExecutor.java:624)
        at java.lang.Thread.run(Thread.java:748)
"qtp1987707214-163" daemon prio=5 tid=163 timed_waiting
java.lang.Thread.State: TIMED_WAITING
        at sun.misc.Unsafe.park(Native Method)
        at java.util.concurrent.locks.LockSupport.parkNanos(LockSupport.java:215)
        at java.util.concurrent.locks.AbstractQueuedSynchronizer$ConditionObject.awaitNanos(AbstractQueuedSynchronizer.java:2078)
        at org.eclipse.jetty.util.BlockingArrayQueue.poll(BlockingArrayQueue.java:392)
        at org.eclipse.jetty.util.thread.QueuedThreadPool.idleJobPoll(QueuedThreadPool.java:563)
        at org.eclipse.jetty.util.thread.QueuedThreadPool.access$800(QueuedThreadPool.java:48)
        at org.eclipse.jetty.util.thread.QueuedThreadPool$2.run(QueuedThreadPool.java:626)
        at java.lang.Thread.run(Thread.java:748)
"pool-86-thread-16"  prio=5 tid=834 in Object.wait()
java.lang.Thread.State: WAITING (on object monitor)
        at sun.misc.Unsafe.park(Native Method)
        at java.util.concurrent.locks.LockSupport.park(LockSupport.java:175)
        at java.util.concurrent.locks.AbstractQueuedSynchronizer$ConditionObject.await(AbstractQueuedSynchronizer.java:2039)
        at java.util.concurrent.ArrayBlockingQueue.take(ArrayBlockingQueue.java:403)
        at java.util.concurrent.ThreadPoolExecutor.getTask(ThreadPoolExecutor.java:1074)
        at java.util.concurrent.ThreadPoolExecutor.runWorker(ThreadPoolExecutor.java:1134)
        at java.util.concurrent.ThreadPoolExecutor$Worker.run(ThreadPoolExecutor.java:624)
        at java.lang.Thread.run(Thread.java:748)
"pool-46-thread-2"  prio=5 tid=325 in Object.wait()
java.lang.Thread.State: WAITING (on object monitor)
        at sun.misc.Unsafe.park(Native Method)
        at java.util.concurrent.locks.LockSupport.park(LockSupport.java:175)
        at java.util.concurrent.locks.AbstractQueuedSynchronizer$ConditionObject.await(AbstractQueuedSynchronizer.java:2039)
        at java.util.concurrent.ArrayBlockingQueue.take(ArrayBlockingQueue.java:403)
        at java.util.concurrent.ThreadPoolExecutor.getTask(ThreadPoolExecutor.java:1074)
        at java.util.concurrent.ThreadPoolExecutor.runWorker(ThreadPoolExecutor.java:1134)
        at java.util.concurrent.ThreadPoolExecutor$Worker.run(ThreadPoolExecutor.java:624)
        at java.lang.Thread.run(Thread.java:748)
"pool-66-thread-45"  prio=5 tid=690 in Object.wait()
java.lang.Thread.State: WAITING (on object monitor)
        at sun.misc.Unsafe.park(Native Method)
        at java.util.concurrent.locks.LockSupport.park(LockSupport.java:175)
        at java.util.concurrent.locks.AbstractQueuedSynchronizer$ConditionObject.await(AbstractQueuedSynchronizer.java:2039)
        at java.util.concurrent.ArrayBlockingQueue.take(ArrayBlockingQueue.java:403)
        at java.util.concurrent.ThreadPoolExecutor.getTask(ThreadPoolExecutor.java:1074)
        at java.util.concurrent.ThreadPoolExecutor.runWorker(ThreadPoolExecutor.java:1134)
        at java.util.concurrent.ThreadPoolExecutor$Worker.run(ThreadPoolExecutor.java:624)
        at java.lang.Thread.run(Thread.java:748)
"pool-26-thread-60"  prio=5 tid=547 in Object.wait()
java.lang.Thread.State: WAITING (on object monitor)
        at sun.misc.Unsafe.park(Native Method)
        at java.util.concurrent.locks.LockSupport.park(LockSupport.java:175)
        at java.util.concurrent.locks.AbstractQueuedSynchronizer$ConditionObject.await(AbstractQueuedSynchronizer.java:2039)
        at java.util.concurrent.ArrayBlockingQueue.take(ArrayBlockingQueue.java:403)
        at java.util.concurrent.ThreadPoolExecutor.getTask(ThreadPoolExecutor.java:1074)
        at java.util.concurrent.ThreadPoolExecutor.runWorker(ThreadPoolExecutor.java:1134)
        at java.util.concurrent.ThreadPoolExecutor$Worker.run(ThreadPoolExecutor.java:624)
        at java.lang.Thread.run(Thread.java:748)
"pool-26-thread-41"  prio=5 tid=463 in Object.wait()
java.lang.Thread.State: WAITING (on object monitor)
        at sun.misc.Unsafe.park(Native Method)
        at java.util.concurrent.locks.LockSupport.park(LockSupport.java:175)
        at java.util.concurrent.locks.AbstractQueuedSynchronizer$ConditionObject.await(AbstractQueuedSynchronizer.java:2039)
        at java.util.concurrent.ArrayBlockingQueue.take(ArrayBlockingQueue.java:403)
        at java.util.concurrent.ThreadPoolExecutor.getTask(ThreadPoolExecutor.java:1074)
        at java.util.concurrent.ThreadPoolExecutor.runWorker(ThreadPoolExecutor.java:1134)
        at java.util.concurrent.ThreadPoolExecutor$Worker.run(ThreadPoolExecutor.java:624)
        at java.lang.Thread.run(Thread.java:748)
"pool-106-thread-44"  prio=5 tid=1023 in Object.wait()
java.lang.Thread.State: WAITING (on object monitor)
        at sun.misc.Unsafe.park(Native Method)
        at java.util.concurrent.locks.LockSupport.park(LockSupport.java:175)
        at java.util.concurrent.locks.AbstractQueuedSynchronizer$ConditionObject.await(AbstractQueuedSynchronizer.java:2039)
        at java.util.concurrent.ArrayBlockingQueue.take(ArrayBlockingQueue.java:403)
        at java.util.concurrent.ThreadPoolExecutor.getTask(ThreadPoolExecutor.java:1074)
        at java.util.concurrent.ThreadPoolExecutor.runWorker(ThreadPoolExecutor.java:1134)
        at java.util.concurrent.ThreadPoolExecutor$Worker.run(ThreadPoolExecutor.java:624)
        at java.lang.Thread.run(Thread.java:748)
"pool-56-thread-13"  prio=5 tid=392 in Object.wait()
java.lang.Thread.State: WAITING (on object monitor)
        at sun.misc.Unsafe.park(Native Method)
        at java.util.concurrent.locks.LockSupport.park(LockSupport.java:175)
        at java.util.concurrent.locks.AbstractQueuedSynchronizer$ConditionObject.await(AbstractQueuedSynchronizer.java:2039)
        at java.util.concurrent.ArrayBlockingQueue.take(ArrayBlockingQueue.java:403)
        at java.util.concurrent.ThreadPoolExecutor.getTask(ThreadPoolExecutor.java:1074)
        at java.util.concurrent.ThreadPoolExecutor.runWorker(ThreadPoolExecutor.java:1134)
        at java.util.concurrent.ThreadPoolExecutor$Worker.run(ThreadPoolExecutor.java:624)
        at java.lang.Thread.run(Thread.java:748)
"qtp549049813-274" daemon prio=5 tid=274 timed_waiting
java.lang.Thread.State: TIMED_WAITING
        at sun.misc.Unsafe.park(Native Method)
        at java.util.concurrent.locks.LockSupport.parkNanos(LockSupport.java:215)
        at java.util.concurrent.locks.AbstractQueuedSynchronizer$ConditionObject.awaitNanos(AbstractQueuedSynchronizer.java:2078)
        at org.eclipse.jetty.util.BlockingArrayQueue.poll(BlockingArrayQueue.java:392)
        at org.eclipse.jetty.util.thread.QueuedThreadPool.idleJobPoll(QueuedThreadPool.java:563)
        at org.eclipse.jetty.util.thread.QueuedThreadPool.access$800(QueuedThreadPool.java:48)
        at org.eclipse.jetty.util.thread.QueuedThreadPool$2.run(QueuedThreadPool.java:626)
        at java.lang.Thread.run(Thread.java:748)
"metrics-hadoop-metrics2-reporter-13-thread-1" daemon prio=5 tid=969 timed_waiting
java.lang.Thread.State: TIMED_WAITING
        at sun.misc.Unsafe.park(Native Method)
        at java.util.concurrent.locks.LockSupport.parkNanos(LockSupport.java:215)
        at java.util.concurrent.locks.AbstractQueuedSynchronizer$ConditionObject.awaitNanos(AbstractQueuedSynchronizer.java:2078)
        at java.util.concurrent.ScheduledThreadPoolExecutor$DelayedWorkQueue.take(ScheduledThreadPoolExecutor.java:1093)
        at java.util.concurrent.ScheduledThreadPoolExecutor$DelayedWorkQueue.take(ScheduledThreadPoolExecutor.java:809)
        at java.util.concurrent.ThreadPoolExecutor.getTask(ThreadPoolExecutor.java:1074)
        at java.util.concurrent.ThreadPoolExecutor.runWorker(ThreadPoolExecutor.java:1134)
        at java.util.concurrent.ThreadPoolExecutor$Worker.run(ThreadPoolExecutor.java:624)
        at java.lang.Thread.run(Thread.java:748)
"pool-66-thread-14"  prio=5 tid=651 in Object.wait()
java.lang.Thread.State: WAITING (on object monitor)
        at sun.misc.Unsafe.park(Native Method)
        at java.util.concurrent.locks.LockSupport.park(LockSupport.java:175)
        at java.util.concurrent.locks.AbstractQueuedSynchronizer$ConditionObject.await(AbstractQueuedSynchronizer.java:2039)
        at java.util.concurrent.ArrayBlockingQueue.take(ArrayBlockingQueue.java:403)
        at java.util.concurrent.ThreadPoolExecutor.getTask(ThreadPoolExecutor.java:1074)
        at java.util.concurrent.ThreadPoolExecutor.runWorker(ThreadPoolExecutor.java:1134)
        at java.util.concurrent.ThreadPoolExecutor$Worker.run(ThreadPoolExecutor.java:624)
        at java.lang.Thread.run(Thread.java:748)
"metrics-hadoop-metrics2-reporter-22-thread-1" daemon prio=5 tid=1124 timed_waiting
java.lang.Thread.State: TIMED_WAITING
        at sun.misc.Unsafe.park(Native Method)
        at java.util.concurrent.locks.LockSupport.parkNanos(LockSupport.java:215)
        at java.util.concurrent.locks.AbstractQueuedSynchronizer$ConditionObject.awaitNanos(AbstractQueuedSynchronizer.java:2078)
        at java.util.concurrent.ScheduledThreadPoolExecutor$DelayedWorkQueue.take(ScheduledThreadPoolExecutor.java:1093)
        at java.util.concurrent.ScheduledThreadPoolExecutor$DelayedWorkQueue.take(ScheduledThreadPoolExecutor.java:809)
        at java.util.concurrent.ThreadPoolExecutor.getTask(ThreadPoolExecutor.java:1074)
        at java.util.concurrent.ThreadPoolExecutor.runWorker(ThreadPoolExecutor.java:1134)
        at java.util.concurrent.ThreadPoolExecutor$Worker.run(ThreadPoolExecutor.java:624)
        at java.lang.Thread.run(Thread.java:748)
"pool-106-thread-7"  prio=5 tid=986 in Object.wait()
java.lang.Thread.State: WAITING (on object monitor)
        at sun.misc.Unsafe.park(Native Method)
        at java.util.concurrent.locks.LockSupport.park(LockSupport.java:175)
        at java.util.concurrent.locks.AbstractQueuedSynchronizer$ConditionObject.await(AbstractQueuedSynchronizer.java:2039)
        at java.util.concurrent.ArrayBlockingQueue.take(ArrayBlockingQueue.java:403)
        at java.util.concurrent.ThreadPoolExecutor.getTask(ThreadPoolExecutor.java:1074)
        at java.util.concurrent.ThreadPoolExecutor.runWorker(ThreadPoolExecutor.java:1134)
        at java.util.concurrent.ThreadPoolExecutor$Worker.run(ThreadPoolExecutor.java:624)
        at java.lang.Thread.run(Thread.java:748)


	at org.apache.hadoop.test.GenericTestUtils.waitFor(GenericTestUtils.java:389)
	at org.apache.hadoop.ozone.container.common.statemachine.commandhandler.TestCloseContainerByPipeline.testIfCloseContainerCommandHandlerIsInvoked(TestCloseContainerByPipeline.java:143)
	at sun.reflect.NativeMethodAccessorImpl.invoke0(Native Method)
	at sun.reflect.NativeMethodAccessorImpl.invoke(NativeMethodAccessorImpl.java:62)
	at sun.reflect.DelegatingMethodAccessorImpl.invoke(DelegatingMethodAccessorImpl.java:43)
	at java.lang.reflect.Method.invoke(Method.java:498)
	at org.junit.runners.model.FrameworkMethod$1.runReflectiveCall(FrameworkMethod.java:47)
	at org.junit.internal.runners.model.ReflectiveCallable.run(ReflectiveCallable.java:12)
	at org.junit.runners.model.FrameworkMethod.invokeExplosively(FrameworkMethod.java:44)
	at org.junit.internal.runners.statements.InvokeMethod.evaluate(InvokeMethod.java:17)
	at org.junit.runners.ParentRunner.runLeaf(ParentRunner.java:271)
	at org.junit.runners.BlockJUnit4ClassRunner.runChild(BlockJUnit4ClassRunner.java:70)
	at org.junit.runners.BlockJUnit4ClassRunner.runChild(BlockJUnit4ClassRunner.java:50)
	at org.junit.runners.ParentRunner$3.run(ParentRunner.java:238)
	at org.junit.runners.ParentRunner$1.schedule(ParentRunner.java:63)
	at org.junit.runners.ParentRunner.runChildren(ParentRunner.java:236)
	at org.junit.runners.ParentRunner.access$000(ParentRunner.java:53)
	at org.junit.runners.ParentRunner$2.evaluate(ParentRunner.java:229)
	at org.junit.internal.runners.statements.RunBefores.evaluate(RunBefores.java:26)
	at org.junit.internal.runners.statements.RunAfters.evaluate(RunAfters.java:27)
	at org.junit.runners.ParentRunner.run(ParentRunner.java:309)
	at org.apache.maven.surefire.junit4.JUnit4Provider.execute(JUnit4Provider.java:365)
	at org.apache.maven.surefire.junit4.JUnit4Provider.executeWithRerun(JUnit4Provider.java:273)
	at org.apache.maven.surefire.junit4.JUnit4Provider.executeTestSet(JUnit4Provider.java:238)
	at org.apache.maven.surefire.junit4.JUnit4Provider.invoke(JUnit4Provider.java:159)
	at org.apache.maven.surefire.booter.ForkedBooter.invokeProviderInSameClassLoader(ForkedBooter.java:384)
	at org.apache.maven.surefire.booter.ForkedBooter.runSuitesInProcess(ForkedBooter.java:345)
	at org.apache.maven.surefire.booter.ForkedBooter.execute(ForkedBooter.java:126)
	at org.apache.maven.surefire.booter.ForkedBooter.main(ForkedBooter.java:418)
</error>
    <system-out><![CDATA[2019-10-14 09:15:10,381 [Command processor thread] INFO  interfaces.Container (KeyValueContainer.java:close(335)) - Container 3 is closed with bcsId 3.
2019-10-14 09:15:10,383 [EventQueue-IncrementalContainerReportForIncrementalContainerReportHandler] INFO  container.IncrementalContainerReportHandler (AbstractContainerReportHandler.java:updateContainerState(204)) - Moving container #3 to CLOSED state, datanode a4ef6c21-3a88-4e13-8c9a-5d7afe7d887e{ip: 192.168.151.98, host: pr-hdds-2295-pn7hw-3586430783, networkLocation: /default-rack, certSerialId: null} reported CLOSED replica.
2019-10-14 09:15:13,462 [Thread-473] INFO  impl.FollowerState (FollowerState.java:run(108)) - a4ef6c21-3a88-4e13-8c9a-5d7afe7d887e@group-FCAD4F7AE735-FollowerState: change to CANDIDATE, lastRpcTime:5039ms, electionTimeout:5039ms
2019-10-14 09:15:13,462 [Thread-473] INFO  impl.RoleInfo (RoleInfo.java:shutdownFollowerState(121)) - a4ef6c21-3a88-4e13-8c9a-5d7afe7d887e: shutdown FollowerState
2019-10-14 09:15:13,462 [Thread-473] INFO  impl.RaftServerImpl (RaftServerImpl.java:setRole(170)) - a4ef6c21-3a88-4e13-8c9a-5d7afe7d887e@group-FCAD4F7AE735: changes role from  FOLLOWER to CANDIDATE at term 0 for changeToCandidate
2019-10-14 09:15:13,463 [Thread-473] INFO  impl.RoleInfo (RoleInfo.java:updateAndGet(143)) - a4ef6c21-3a88-4e13-8c9a-5d7afe7d887e: start LeaderElection
2019-10-14 09:15:14,328 [a4ef6c21-3a88-4e13-8c9a-5d7afe7d887e@group-FCAD4F7AE735-LeaderElection16] INFO  impl.LeaderElection (LeaderElection.java:askForVotes(178)) - a4ef6c21-3a88-4e13-8c9a-5d7afe7d887e@group-FCAD4F7AE735-LeaderElection16: begin an election at term 1 for -1: [a4ef6c21-3a88-4e13-8c9a-5d7afe7d887e:192.168.151.98:43120], old=null
2019-10-14 09:15:14,329 [a4ef6c21-3a88-4e13-8c9a-5d7afe7d887e@group-FCAD4F7AE735-LeaderElection16] INFO  impl.RoleInfo (RoleInfo.java:shutdownLeaderElection(134)) - a4ef6c21-3a88-4e13-8c9a-5d7afe7d887e: shutdown LeaderElection
2019-10-14 09:15:14,329 [a4ef6c21-3a88-4e13-8c9a-5d7afe7d887e@group-FCAD4F7AE735-LeaderElection16] INFO  impl.RaftServerImpl (RaftServerImpl.java:setRole(170)) - a4ef6c21-3a88-4e13-8c9a-5d7afe7d887e@group-FCAD4F7AE735: changes role from CANDIDATE to LEADER at term 1 for changeToLeader
2019-10-14 09:15:14,329 [a4ef6c21-3a88-4e13-8c9a-5d7afe7d887e@group-FCAD4F7AE735-LeaderElection16] INFO  impl.RaftServerImpl (ServerState.java:setLeader(255)) - a4ef6c21-3a88-4e13-8c9a-5d7afe7d887e@group-FCAD4F7AE735: change Leader from null to a4ef6c21-3a88-4e13-8c9a-5d7afe7d887e at term 1 for becomeLeader, leader elected after 5913ms
2019-10-14 09:15:14,329 [a4ef6c21-3a88-4e13-8c9a-5d7afe7d887e@group-FCAD4F7AE735-LeaderElection16] INFO  server.RaftServerConfigKeys (ConfUtils.java:logGet(43)) - raft.server.staging.catchup.gap = 1000 (default)
2019-10-14 09:15:14,329 [a4ef6c21-3a88-4e13-8c9a-5d7afe7d887e@group-FCAD4F7AE735-LeaderElection16] INFO  server.RaftServerConfigKeys (ConfUtils.java:logGet(43)) - raft.server.rpc.sleep.time = 25ms (default)
2019-10-14 09:15:14,329 [a4ef6c21-3a88-4e13-8c9a-5d7afe7d887e@group-FCAD4F7AE735-LeaderElection16] INFO  server.RaftServerConfigKeys (ConfUtils.java:logGet(43)) - raft.server.write.element-limit = 4096 (default)
2019-10-14 09:15:14,329 [a4ef6c21-3a88-4e13-8c9a-5d7afe7d887e@group-FCAD4F7AE735-LeaderElection16] INFO  server.RaftServerConfigKeys (ConfUtils.java:logGet(43)) - raft.server.watch.timeout = 10s (default)
2019-10-14 09:15:14,329 [a4ef6c21-3a88-4e13-8c9a-5d7afe7d887e@group-FCAD4F7AE735-LeaderElection16] INFO  server.RaftServerConfigKeys (ConfUtils.java:logGet(43)) - raft.server.watch.timeout.denomination = 1s (default)
2019-10-14 09:15:14,329 [a4ef6c21-3a88-4e13-8c9a-5d7afe7d887e@group-FCAD4F7AE735-LeaderElection16] INFO  server.RaftServerConfigKeys (ConfUtils.java:logGet(43)) - raft.server.watch.element-limit = 65536 (default)
2019-10-14 09:15:14,331 [a4ef6c21-3a88-4e13-8c9a-5d7afe7d887e@group-FCAD4F7AE735-LeaderElection16] INFO  impl.RoleInfo (RoleInfo.java:updateAndGet(143)) - a4ef6c21-3a88-4e13-8c9a-5d7afe7d887e: start LeaderState
2019-10-14 09:15:14,331 [a4ef6c21-3a88-4e13-8c9a-5d7afe7d887e@group-FCAD4F7AE735-LeaderElection16] INFO  segmented.SegmentedRaftLogWorker (SegmentedRaftLogWorker.java:startLogSegment(385)) - a4ef6c21-3a88-4e13-8c9a-5d7afe7d887e@group-FCAD4F7AE735-SegmentedRaftLogWorker: Starting segment from index:0
2019-10-14 09:15:14,332 [a4ef6c21-3a88-4e13-8c9a-5d7afe7d887e@group-FCAD4F7AE735-LeaderElection16] INFO  impl.RaftServerImpl (ServerState.java:setRaftConf(356)) - a4ef6c21-3a88-4e13-8c9a-5d7afe7d887e@group-FCAD4F7AE735: set configuration 0: [a4ef6c21-3a88-4e13-8c9a-5d7afe7d887e:192.168.151.98:43120], old=null at 0
2019-10-14 09:15:14,370 [a4ef6c21-3a88-4e13-8c9a-5d7afe7d887e@group-FCAD4F7AE735-SegmentedRaftLogWorker] INFO  segmented.SegmentedRaftLogWorker (SegmentedRaftLogWorker.java:execute(574)) - a4ef6c21-3a88-4e13-8c9a-5d7afe7d887e@group-FCAD4F7AE735-SegmentedRaftLogWorker: created new log segment /workdir/hadoop-ozone/integration-test/target/test-dir/MiniOzoneClusterImpl-fc727f2e-e877-4159-90ff-4473a18561dc/datanode-0/data/ratis/f266665a-af0d-4940-90b8-fcad4f7ae735/current/log_inprogress_0
2019-10-14 09:15:15,745 [EventQueue-IncrementalContainerReportForIncrementalContainerReportHandler] WARN  container.IncrementalContainerReportHandler (AbstractContainerReportHandler.java:updateContainerState(145)) - Container #4 is in OPEN state, but the datanode 595afd9b-8d20-4100-8f7e-109b072917a4{ip: 192.168.151.98, host: pr-hdds-2295-pn7hw-3586430783, networkLocation: /default-rack, certSerialId: null} reports an CLOSING replica.
]]></system-out>
  </testcase>
</testsuite>