<?xml version="1.0" encoding="UTF-8"?>
<testsuite xmlns:xsi="http://www.w3.org/2001/XMLSchema-instance" xsi:noNamespaceSchemaLocation="https://maven.apache.org/surefire/maven-surefire-plugin/xsd/surefire-test-report.xsd" name="org.apache.hadoop.ozone.client.rpc.TestBlockOutputStreamWithFailures" time="722.734" tests="8" errors="0" skipped="0" failures="1">
  <properties>
    <property name="awt.toolkit" value="sun.awt.X11.XToolkit"/>
    <property name="file.encoding.pkg" value="sun.io"/>
    <property name="java.specification.version" value="1.8"/>
    <property name="sun.cpu.isalist" value=""/>
    <property name="sun.jnu.encoding" value="UTF-8"/>
    <property name="java.class.path" value="/workdir/hadoop-ozone/integration-test/target/test-classes:/workdir/hadoop-ozone/integration-test/target/classes:/home/user/.m2/repository/org/apache/hadoop/hadoop-ozone-common/0.5.0-SNAPSHOT/hadoop-ozone-common-0.5.0-SNAPSHOT.jar:/home/user/.m2/repository/org/apache/commons/commons-compress/1.4.1/commons-compress-1.4.1.jar:/home/user/.m2/repository/org/tukaani/xz/1.0/xz-1.0.jar:/home/user/.m2/repository/org/apache/hadoop/hadoop-common/3.2.0/hadoop-common-3.2.0.jar:/home/user/.m2/repository/org/apache/hadoop/hadoop-hdfs/3.2.0/hadoop-hdfs-3.2.0.jar:/home/user/.m2/repository/org/apache/hadoop/hadoop-hdfs-client/3.2.0/hadoop-hdfs-client-3.2.0.jar:/home/user/.m2/repository/com/fasterxml/jackson/core/jackson-annotations/2.9.9/jackson-annotations-2.9.9.jar:/home/user/.m2/repository/org/apache/hadoop/hadoop-hdds-common/0.5.0-SNAPSHOT/hadoop-hdds-common-0.5.0-SNAPSHOT.jar:/home/user/.m2/repository/javax/annotation/javax.annotation-api/1.2/javax.annotation-api-1.2.jar:/home/user/.m2/repository/org/apache/ratis/ratis-server/0.5.0-201fc85-SNAPSHOT/ratis-server-0.5.0-201fc85-SNAPSHOT.jar:/home/user/.m2/repository/org/apache/ratis/ratis-thirdparty-misc/0.2.0/ratis-thirdparty-misc-0.2.0.jar:/home/user/.m2/repository/org/apache/ratis/ratis-proto/0.5.0-201fc85-SNAPSHOT/ratis-proto-0.5.0-201fc85-SNAPSHOT.jar:/home/user/.m2/repository/org/apache/ratis/ratis-common/0.5.0-201fc85-SNAPSHOT/ratis-common-0.5.0-201fc85-SNAPSHOT.jar:/home/user/.m2/repository/org/apache/ratis/ratis-client/0.5.0-201fc85-SNAPSHOT/ratis-client-0.5.0-201fc85-SNAPSHOT.jar:/home/user/.m2/repository/org/apache/ratis/ratis-metrics/0.5.0-201fc85-SNAPSHOT/ratis-metrics-0.5.0-201fc85-SNAPSHOT.jar:/home/user/.m2/repository/com/github/joshelser/dropwizard-metrics-hadoop-metrics2-reporter/0.1.2/dropwizard-metrics-hadoop-metrics2-reporter-0.1.2.jar:/home/user/.m2/repository/io/dropwizard/metrics/metrics-jvm/3.2.5/metrics-jvm-3.2.5.jar:/home/user/.m2/repository/io/dropwizard/metrics/metrics-ganglia/3.2.5/metrics-ganglia-3.2.5.jar:/home/user/.m2/repository/info/ganglia/gmetric4j/gmetric4j/1.0.7/gmetric4j-1.0.7.jar:/home/user/.m2/repository/org/apache/ratis/ratis-netty/0.5.0-201fc85-SNAPSHOT/ratis-netty-0.5.0-201fc85-SNAPSHOT.jar:/home/user/.m2/repository/org/apache/ratis/ratis-grpc/0.5.0-201fc85-SNAPSHOT/ratis-grpc-0.5.0-201fc85-SNAPSHOT.jar:/home/user/.m2/repository/org/rocksdb/rocksdbjni/6.0.1/rocksdbjni-6.0.1.jar:/home/user/.m2/repository/org/apache/logging/log4j/log4j-api/2.11.0/log4j-api-2.11.0.jar:/home/user/.m2/repository/org/apache/logging/log4j/log4j-core/2.11.0/log4j-core-2.11.0.jar:/home/user/.m2/repository/com/lmax/disruptor/3.4.2/disruptor-3.4.2.jar:/home/user/.m2/repository/org/apache/commons/commons-pool2/2.6.0/commons-pool2-2.6.0.jar:/home/user/.m2/repository/org/bouncycastle/bcpkix-jdk15on/1.60/bcpkix-jdk15on-1.60.jar:/home/user/.m2/repository/commons-validator/commons-validator/1.6/commons-validator-1.6.jar:/home/user/.m2/repository/commons-digester/commons-digester/1.8.1/commons-digester-1.8.1.jar:/home/user/.m2/repository/io/jaegertracing/jaeger-client/0.34.0/jaeger-client-0.34.0.jar:/home/user/.m2/repository/io/jaegertracing/jaeger-thrift/0.34.0/jaeger-thrift-0.34.0.jar:/home/user/.m2/repository/org/apache/thrift/libthrift/0.12.0/libthrift-0.12.0.jar:/home/user/.m2/repository/com/squareup/okhttp3/okhttp/3.9.0/okhttp-3.9.0.jar:/home/user/.m2/repository/com/squareup/okio/okio/1.13.0/okio-1.13.0.jar:/home/user/.m2/repository/io/jaegertracing/jaeger-core/0.34.0/jaeger-core-0.34.0.jar:/home/user/.m2/repository/io/jaegertracing/jaeger-tracerresolver/0.34.0/jaeger-tracerresolver-0.34.0.jar:/home/user/.m2/repository/io/opentracing/contrib/opentracing-tracerresolver/0.1.5/opentracing-tracerresolver-0.1.5.jar:/home/user/.m2/repository/io/opentracing/opentracing-util/0.31.0/opentracing-util-0.31.0.jar:/home/user/.m2/repository/io/opentracing/opentracing-api/0.31.0/opentracing-api-0.31.0.jar:/home/user/.m2/repository/io/opentracing/opentracing-noop/0.31.0/opentracing-noop-0.31.0.jar:/home/user/.m2/repository/org/apache/hadoop/hadoop-hdds-server-framework/0.5.0-SNAPSHOT/hadoop-hdds-server-framework-0.5.0-SNAPSHOT.jar:/home/user/.m2/repository/org/apache/hadoop/hadoop-hdds-container-service/0.5.0-SNAPSHOT/hadoop-hdds-container-service-0.5.0-SNAPSHOT.jar:/home/user/.m2/repository/org/apache/hadoop/hadoop-hdds-client/0.5.0-SNAPSHOT/hadoop-hdds-client-0.5.0-SNAPSHOT.jar:/home/user/.m2/repository/org/apache/hadoop/hadoop-hdds-tools/0.5.0-SNAPSHOT/hadoop-hdds-tools-0.5.0-SNAPSHOT.jar:/home/user/.m2/repository/org/apache/hadoop/hadoop-hdds-server-scm/0.5.0-SNAPSHOT/hadoop-hdds-server-scm-0.5.0-SNAPSHOT.jar:/home/user/.m2/repository/org/apache/hadoop/hadoop-hdds-docs/0.5.0-SNAPSHOT/hadoop-hdds-docs-0.5.0-SNAPSHOT.jar:/home/user/.m2/repository/io/dropwizard/metrics/metrics-core/3.2.4/metrics-core-3.2.4.jar:/home/user/.m2/repository/org/hamcrest/hamcrest-all/1.3/hamcrest-all-1.3.jar:/home/user/.m2/repository/org/bouncycastle/bcprov-jdk15on/1.60/bcprov-jdk15on-1.60.jar:/home/user/.m2/repository/info/picocli/picocli/3.9.6/picocli-3.9.6.jar:/home/user/.m2/repository/com/google/protobuf/protobuf-java/2.5.0/protobuf-java-2.5.0.jar:/home/user/.m2/repository/com/google/guava/guava/11.0.2/guava-11.0.2.jar:/home/user/.m2/repository/org/apache/hadoop/hadoop-ozone-ozone-manager/0.5.0-SNAPSHOT/hadoop-ozone-ozone-manager-0.5.0-SNAPSHOT.jar:/home/user/.m2/repository/org/apache/hadoop/hadoop-minikdc/3.2.0/hadoop-minikdc-3.2.0.jar:/home/user/.m2/repository/commons-io/commons-io/2.5/commons-io-2.5.jar:/home/user/.m2/repository/org/apache/kerby/kerb-simplekdc/1.0.1/kerb-simplekdc-1.0.1.jar:/home/user/.m2/repository/org/apache/kerby/kerb-client/1.0.1/kerb-client-1.0.1.jar:/home/user/.m2/repository/org/apache/kerby/kerby-config/1.0.1/kerby-config-1.0.1.jar:/home/user/.m2/repository/org/apache/kerby/kerb-core/1.0.1/kerb-core-1.0.1.jar:/home/user/.m2/repository/org/apache/kerby/kerby-pkix/1.0.1/kerby-pkix-1.0.1.jar:/home/user/.m2/repository/org/apache/kerby/kerby-asn1/1.0.1/kerby-asn1-1.0.1.jar:/home/user/.m2/repository/org/apache/kerby/kerby-util/1.0.1/kerby-util-1.0.1.jar:/home/user/.m2/repository/org/apache/kerby/kerb-common/1.0.1/kerb-common-1.0.1.jar:/home/user/.m2/repository/org/apache/kerby/kerb-crypto/1.0.1/kerb-crypto-1.0.1.jar:/home/user/.m2/repository/org/apache/kerby/kerb-util/1.0.1/kerb-util-1.0.1.jar:/home/user/.m2/repository/org/apache/kerby/token-provider/1.0.1/token-provider-1.0.1.jar:/home/user/.m2/repository/org/apache/kerby/kerb-admin/1.0.1/kerb-admin-1.0.1.jar:/home/user/.m2/repository/org/apache/kerby/kerb-server/1.0.1/kerb-server-1.0.1.jar:/home/user/.m2/repository/org/apache/kerby/kerb-identity/1.0.1/kerb-identity-1.0.1.jar:/home/user/.m2/repository/org/apache/kerby/kerby-xdr/1.0.1/kerby-xdr-1.0.1.jar:/home/user/.m2/repository/org/slf4j/slf4j-log4j12/1.7.25/slf4j-log4j12-1.7.25.jar:/home/user/.m2/repository/org/apache/hadoop/hadoop-ozone-s3gateway/0.5.0-SNAPSHOT/hadoop-ozone-s3gateway-0.5.0-SNAPSHOT.jar:/home/user/.m2/repository/org/jboss/weld/servlet/weld-servlet/2.4.7.Final/weld-servlet-2.4.7.Final.jar:/home/user/.m2/repository/org/glassfish/jersey/containers/jersey-container-servlet-core/2.27/jersey-container-servlet-core-2.27.jar:/home/user/.m2/repository/org/glassfish/hk2/external/javax.inject/2.5.0-b42/javax.inject-2.5.0-b42.jar:/home/user/.m2/repository/org/glassfish/jersey/core/jersey-common/2.27/jersey-common-2.27.jar:/home/user/.m2/repository/org/glassfish/hk2/osgi-resource-locator/1.0.1/osgi-resource-locator-1.0.1.jar:/home/user/.m2/repository/javax/ws/rs/javax.ws.rs-api/2.1/javax.ws.rs-api-2.1.jar:/home/user/.m2/repository/org/glassfish/jersey/ext/cdi/jersey-cdi1x/2.27/jersey-cdi1x-2.27.jar:/home/user/.m2/repository/org/glassfish/jersey/inject/jersey-hk2/2.27/jersey-hk2-2.27.jar:/home/user/.m2/repository/org/glassfish/hk2/hk2-locator/2.5.0-b42/hk2-locator-2.5.0-b42.jar:/home/user/.m2/repository/org/javassist/javassist/3.22.0-CR2/javassist-3.22.0-CR2.jar:/home/user/.m2/repository/org/glassfish/hk2/hk2-api/2.5.0/hk2-api-2.5.0.jar:/home/user/.m2/repository/org/glassfish/hk2/external/jakarta.inject/2.5.0/jakarta.inject-2.5.0.jar:/home/user/.m2/repository/org/glassfish/hk2/hk2-utils/2.5.0/hk2-utils-2.5.0.jar:/home/user/.m2/repository/jakarta/annotation/jakarta.annotation-api/1.3.4/jakarta.annotation-api-1.3.4.jar:/home/user/.m2/repository/org/glassfish/hk2/external/aopalliance-repackaged/2.5.0/aopalliance-repackaged-2.5.0.jar:/home/user/.m2/repository/com/fasterxml/jackson/dataformat/jackson-dataformat-xml/2.9.0/jackson-dataformat-xml-2.9.0.jar:/home/user/.m2/repository/com/fasterxml/jackson/core/jackson-core/2.9.9/jackson-core-2.9.9.jar:/home/user/.m2/repository/com/fasterxml/jackson/module/jackson-module-jaxb-annotations/2.9.9/jackson-module-jaxb-annotations-2.9.9.jar:/home/user/.m2/repository/javax/enterprise/cdi-api/1.2/cdi-api-1.2.jar:/home/user/.m2/repository/javax/el/javax.el-api/3.0.0/javax.el-api-3.0.0.jar:/home/user/.m2/repository/javax/interceptor/javax.interceptor-api/1.2/javax.interceptor-api-1.2.jar:/home/user/.m2/repository/javax/inject/javax.inject/1/javax.inject-1.jar:/home/user/.m2/repository/com/sun/xml/bind/jaxb-impl/2.3.0.1/jaxb-impl-2.3.0.1.jar:/home/user/.m2/repository/com/sun/xml/bind/jaxb-core/2.3.0.1/jaxb-core-2.3.0.1.jar:/home/user/.m2/repository/javax/xml/bind/jaxb-api/2.3.0/jaxb-api-2.3.0.jar:/home/user/.m2/repository/javax/activation/activation/1.1.1/activation-1.1.1.jar:/home/user/.m2/repository/org/apache/hadoop/hadoop-ozone-csi/0.5.0-SNAPSHOT/hadoop-ozone-csi-0.5.0-SNAPSHOT.jar:/home/user/.m2/repository/com/google/protobuf/protobuf-java-util/3.5.1/protobuf-java-util-3.5.1.jar:/home/user/.m2/repository/org/apache/hadoop/hadoop-hdds-config/0.5.0-SNAPSHOT/hadoop-hdds-config-0.5.0-SNAPSHOT.jar:/home/user/.m2/repository/io/grpc/grpc-netty/1.17.1/grpc-netty-1.17.1.jar:/home/user/.m2/repository/io/grpc/grpc-core/1.17.1/grpc-core-1.17.1.jar:/home/user/.m2/repository/io/grpc/grpc-context/1.17.1/grpc-context-1.17.1.jar:/home/user/.m2/repository/com/google/errorprone/error_prone_annotations/2.2.0/error_prone_annotations-2.2.0.jar:/home/user/.m2/repository/org/codehaus/mojo/animal-sniffer-annotations/1.17/animal-sniffer-annotations-1.17.jar:/home/user/.m2/repository/io/opencensus/opencensus-api/0.17.0/opencensus-api-0.17.0.jar:/home/user/.m2/repository/io/opencensus/opencensus-contrib-grpc-metrics/0.17.0/opencensus-contrib-grpc-metrics-0.17.0.jar:/home/user/.m2/repository/io/netty/netty-codec-http2/4.1.30.Final/netty-codec-http2-4.1.30.Final.jar:/home/user/.m2/repository/io/netty/netty-codec-http/4.1.30.Final/netty-codec-http-4.1.30.Final.jar:/home/user/.m2/repository/io/netty/netty-codec/4.1.30.Final/netty-codec-4.1.30.Final.jar:/home/user/.m2/repository/io/netty/netty-handler/4.1.30.Final/netty-handler-4.1.30.Final.jar:/home/user/.m2/repository/io/netty/netty-handler-proxy/4.1.30.Final/netty-handler-proxy-4.1.30.Final.jar:/home/user/.m2/repository/io/netty/netty-codec-socks/4.1.30.Final/netty-codec-socks-4.1.30.Final.jar:/home/user/.m2/repository/io/netty/netty-transport-native-epoll/4.1.30.Final/netty-transport-native-epoll-4.1.30.Final.jar:/home/user/.m2/repository/io/netty/netty-common/4.1.30.Final/netty-common-4.1.30.Final.jar:/home/user/.m2/repository/io/netty/netty-buffer/4.1.30.Final/netty-buffer-4.1.30.Final.jar:/home/user/.m2/repository/io/netty/netty-transport/4.1.30.Final/netty-transport-4.1.30.Final.jar:/home/user/.m2/repository/io/netty/netty-resolver/4.1.30.Final/netty-resolver-4.1.30.Final.jar:/home/user/.m2/repository/io/netty/netty-transport-native-unix-common/4.1.30.Final/netty-transport-native-unix-common-4.1.30.Final.jar:/home/user/.m2/repository/io/grpc/grpc-protobuf/1.17.1/grpc-protobuf-1.17.1.jar:/home/user/.m2/repository/com/google/api/grpc/proto-google-common-protos/1.0.0/proto-google-common-protos-1.0.0.jar:/home/user/.m2/repository/io/grpc/grpc-protobuf-lite/1.17.1/grpc-protobuf-lite-1.17.1.jar:/home/user/.m2/repository/io/grpc/grpc-stub/1.17.1/grpc-stub-1.17.1.jar:/home/user/.m2/repository/org/apache/hadoop/hadoop-ozone-recon/0.5.0-SNAPSHOT/hadoop-ozone-recon-0.5.0-SNAPSHOT.jar:/home/user/.m2/repository/org/apache/hadoop/hadoop-ozone-reconcodegen/0.5.0-SNAPSHOT/hadoop-ozone-reconcodegen-0.5.0-SNAPSHOT.jar:/home/user/.m2/repository/com/google/inject/extensions/guice-multibindings/4.0/guice-multibindings-4.0.jar:/home/user/.m2/repository/com/google/inject/guice/4.0/guice-4.0.jar:/home/user/.m2/repository/aopalliance/aopalliance/1.0/aopalliance-1.0.jar:/home/user/.m2/repository/com/google/inject/extensions/guice-servlet/4.0/guice-servlet-4.0.jar:/home/user/.m2/repository/org/glassfish/jersey/containers/jersey-container-servlet/2.27/jersey-container-servlet-2.27.jar:/home/user/.m2/repository/org/glassfish/hk2/guice-bridge/2.5.0/guice-bridge-2.5.0.jar:/home/user/.m2/repository/org/glassfish/jersey/core/jersey-server/2.27/jersey-server-2.27.jar:/home/user/.m2/repository/org/glassfish/jersey/core/jersey-client/2.27/jersey-client-2.27.jar:/home/user/.m2/repository/org/glassfish/jersey/media/jersey-media-jaxb/2.27/jersey-media-jaxb-2.27.jar:/home/user/.m2/repository/javax/validation/validation-api/1.1.0.Final/validation-api-1.1.0.Final.jar:/home/user/.m2/repository/org/glassfish/jersey/media/jersey-media-json-jackson/2.27/jersey-media-json-jackson-2.27.jar:/home/user/.m2/repository/org/glassfish/jersey/ext/jersey-entity-filtering/2.27/jersey-entity-filtering-2.27.jar:/home/user/.m2/repository/com/google/inject/extensions/guice-assistedinject/4.0/guice-assistedinject-4.0.jar:/home/user/.m2/repository/org/jooq/jooq/3.11.10/jooq-3.11.10.jar:/home/user/.m2/repository/org/jooq/jooq-meta/3.11.10/jooq-meta-3.11.10.jar:/home/user/.m2/repository/org/jooq/jooq-codegen/3.11.10/jooq-codegen-3.11.10.jar:/home/user/.m2/repository/com/jolbox/bonecp/0.8.0.RELEASE/bonecp-0.8.0.RELEASE.jar:/home/user/.m2/repository/org/xerial/sqlite-jdbc/3.25.2/sqlite-jdbc-3.25.2.jar:/home/user/.m2/repository/org/springframework/spring-jdbc/5.1.3.RELEASE/spring-jdbc-5.1.3.RELEASE.jar:/home/user/.m2/repository/org/springframework/spring-beans/5.1.3.RELEASE/spring-beans-5.1.3.RELEASE.jar:/home/user/.m2/repository/org/springframework/spring-core/5.1.3.RELEASE/spring-core-5.1.3.RELEASE.jar:/home/user/.m2/repository/org/springframework/spring-jcl/5.1.3.RELEASE/spring-jcl-5.1.3.RELEASE.jar:/home/user/.m2/repository/org/springframework/spring-tx/5.1.3.RELEASE/spring-tx-5.1.3.RELEASE.jar:/home/user/.m2/repository/org/apache/hadoop/hadoop-ozone-client/0.5.0-SNAPSHOT/hadoop-ozone-client-0.5.0-SNAPSHOT.jar:/home/user/.m2/repository/commons-lang/commons-lang/2.6/commons-lang-2.6.jar:/home/user/.m2/repository/org/apache/hadoop/hadoop-ozone-ozone-manager/0.5.0-SNAPSHOT/hadoop-ozone-ozone-manager-0.5.0-SNAPSHOT-tests.jar:/home/user/.m2/repository/junit/junit/4.11/junit-4.11.jar:/home/user/.m2/repository/org/hamcrest/hamcrest-core/1.3/hamcrest-core-1.3.jar:/home/user/.m2/repository/org/openjdk/jmh/jmh-core/1.19/jmh-core-1.19.jar:/home/user/.m2/repository/net/sf/jopt-simple/jopt-simple/4.6/jopt-simple-4.6.jar:/home/user/.m2/repository/org/apache/commons/commons-math3/3.1.1/commons-math3-3.1.1.jar:/home/user/.m2/repository/org/openjdk/jmh/jmh-generator-annprocess/1.19/jmh-generator-annprocess-1.19.jar:/home/user/.m2/repository/org/mockito/mockito-all/1.8.5/mockito-all-1.8.5.jar:/home/user/.m2/repository/org/apache/hadoop/hadoop-kms/3.2.0/hadoop-kms-3.2.0.jar:/home/user/.m2/repository/org/apache/hadoop/hadoop-auth/3.2.0/hadoop-auth-3.2.0.jar:/home/user/.m2/repository/com/nimbusds/nimbus-jose-jwt/4.41.1/nimbus-jose-jwt-4.41.1.jar:/home/user/.m2/repository/com/github/stephenc/jcip/jcip-annotations/1.0-1/jcip-annotations-1.0-1.jar:/home/user/.m2/repository/net/minidev/json-smart/2.3/json-smart-2.3.jar:/home/user/.m2/repository/net/minidev/accessors-smart/1.2/accessors-smart-1.2.jar:/home/user/.m2/repository/org/ow2/asm/asm/5.0.4/asm-5.0.4.jar:/home/user/.m2/repository/org/apache/curator/curator-framework/2.12.0/curator-framework-2.12.0.jar:/home/user/.m2/repository/com/sun/jersey/jersey-core/1.19/jersey-core-1.19.jar:/home/user/.m2/repository/javax/ws/rs/jsr311-api/1.1.1/jsr311-api-1.1.1.jar:/home/user/.m2/repository/com/sun/jersey/jersey-server/1.19/jersey-server-1.19.jar:/home/user/.m2/repository/javax/servlet/javax.servlet-api/3.1.0/javax.servlet-api-3.1.0.jar:/home/user/.m2/repository/org/eclipse/jetty/jetty-server/9.3.25.v20180904/jetty-server-9.3.25.v20180904.jar:/home/user/.m2/repository/org/eclipse/jetty/jetty-http/9.3.25.v20180904/jetty-http-9.3.25.v20180904.jar:/home/user/.m2/repository/org/eclipse/jetty/jetty-io/9.3.25.v20180904/jetty-io-9.3.25.v20180904.jar:/home/user/.m2/repository/org/eclipse/jetty/jetty-webapp/9.3.25.v20180904/jetty-webapp-9.3.25.v20180904.jar:/home/user/.m2/repository/org/eclipse/jetty/jetty-xml/9.3.25.v20180904/jetty-xml-9.3.25.v20180904.jar:/home/user/.m2/repository/log4j/log4j/1.2.17/log4j-1.2.17.jar:/home/user/.m2/repository/org/slf4j/slf4j-api/1.7.25/slf4j-api-1.7.25.jar:/home/user/.m2/repository/org/slf4j/jul-to-slf4j/1.7.25/jul-to-slf4j-1.7.25.jar:/home/user/.m2/repository/org/eclipse/jetty/jetty-util/9.3.25.v20180904/jetty-util-9.3.25.v20180904.jar:/home/user/.m2/repository/com/fasterxml/jackson/core/jackson-databind/2.9.9/jackson-databind-2.9.9.jar:/home/user/.m2/repository/org/apache/hadoop/hadoop-kms/3.2.0/hadoop-kms-3.2.0-tests.jar:/home/user/.m2/repository/org/apache/hadoop/hadoop-hdds-server-scm/0.5.0-SNAPSHOT/hadoop-hdds-server-scm-0.5.0-SNAPSHOT-tests.jar:/home/user/.m2/repository/org/apache/hadoop/hadoop-hdds-container-service/0.5.0-SNAPSHOT/hadoop-hdds-container-service-0.5.0-SNAPSHOT-tests.jar:/home/user/.m2/repository/org/yaml/snakeyaml/1.16/snakeyaml-1.16.jar:/home/user/.m2/repository/org/apache/hadoop/hadoop-common/3.2.0/hadoop-common-3.2.0-tests.jar:/home/user/.m2/repository/org/apache/hadoop/hadoop-annotations/3.2.0/hadoop-annotations-3.2.0.jar:/usr/lib/jvm/java-1.8-openjdk/jre/../lib/tools.jar:/home/user/.m2/repository/commons-cli/commons-cli/1.2/commons-cli-1.2.jar:/home/user/.m2/repository/org/apache/httpcomponents/httpclient/4.5.2/httpclient-4.5.2.jar:/home/user/.m2/repository/org/apache/httpcomponents/httpcore/4.4.4/httpcore-4.4.4.jar:/home/user/.m2/repository/commons-codec/commons-codec/1.11/commons-codec-1.11.jar:/home/user/.m2/repository/commons-net/commons-net/3.6/commons-net-3.6.jar:/home/user/.m2/repository/commons-collections/commons-collections/3.2.2/commons-collections-3.2.2.jar:/home/user/.m2/repository/org/eclipse/jetty/jetty-servlet/9.3.25.v20180904/jetty-servlet-9.3.25.v20180904.jar:/home/user/.m2/repository/org/eclipse/jetty/jetty-security/9.3.25.v20180904/jetty-security-9.3.25.v20180904.jar:/home/user/.m2/repository/javax/servlet/jsp/jsp-api/2.1/jsp-api-2.1.jar:/home/user/.m2/repository/com/sun/jersey/jersey-servlet/1.19/jersey-servlet-1.19.jar:/home/user/.m2/repository/com/sun/jersey/jersey-json/1.19/jersey-json-1.19.jar:/home/user/.m2/repository/org/codehaus/jettison/jettison/1.1/jettison-1.1.jar:/home/user/.m2/repository/org/codehaus/jackson/jackson-core-asl/1.9.13/jackson-core-asl-1.9.13.jar:/home/user/.m2/repository/org/codehaus/jackson/jackson-mapper-asl/1.9.13/jackson-mapper-asl-1.9.13.jar:/home/user/.m2/repository/org/codehaus/jackson/jackson-jaxrs/1.9.13/jackson-jaxrs-1.9.13.jar:/home/user/.m2/repository/org/codehaus/jackson/jackson-xc/1.9.13/jackson-xc-1.9.13.jar:/home/user/.m2/repository/commons-logging/commons-logging/1.1.3/commons-logging-1.1.3.jar:/home/user/.m2/repository/commons-beanutils/commons-beanutils/1.9.4/commons-beanutils-1.9.4.jar:/home/user/.m2/repository/org/apache/commons/commons-configuration2/2.1.1/commons-configuration2-2.1.1.jar:/home/user/.m2/repository/org/apache/commons/commons-lang3/3.7/commons-lang3-3.7.jar:/home/user/.m2/repository/org/apache/commons/commons-text/1.4/commons-text-1.4.jar:/home/user/.m2/repository/org/apache/avro/avro/1.7.7/avro-1.7.7.jar:/home/user/.m2/repository/com/thoughtworks/paranamer/paranamer/2.3/paranamer-2.3.jar:/home/user/.m2/repository/org/xerial/snappy/snappy-java/1.0.5/snappy-java-1.0.5.jar:/home/user/.m2/repository/com/google/re2j/re2j/1.1/re2j-1.1.jar:/home/user/.m2/repository/com/google/code/gson/gson/2.2.4/gson-2.2.4.jar:/home/user/.m2/repository/com/jcraft/jsch/0.1.54/jsch-0.1.54.jar:/home/user/.m2/repository/org/apache/curator/curator-client/2.12.0/curator-client-2.12.0.jar:/home/user/.m2/repository/org/apache/curator/curator-recipes/2.12.0/curator-recipes-2.12.0.jar:/home/user/.m2/repository/com/google/code/findbugs/jsr305/3.0.0/jsr305-3.0.0.jar:/home/user/.m2/repository/org/apache/htrace/htrace-core4/4.1.0-incubating/htrace-core4-4.1.0-incubating.jar:/home/user/.m2/repository/org/apache/zookeeper/zookeeper/3.4.13/zookeeper-3.4.13.jar:/home/user/.m2/repository/jline/jline/0.9.94/jline-0.9.94.jar:/home/user/.m2/repository/org/apache/yetus/audience-annotations/0.5.0/audience-annotations-0.5.0.jar:/home/user/.m2/repository/org/codehaus/woodstox/stax2-api/3.1.4/stax2-api-3.1.4.jar:/home/user/.m2/repository/com/fasterxml/woodstox/woodstox-core/5.0.3/woodstox-core-5.0.3.jar:/home/user/.m2/repository/dnsjava/dnsjava/2.1.7/dnsjava-2.1.7.jar:/home/user/.m2/repository/org/apache/hadoop/hadoop-hdfs/3.2.0/hadoop-hdfs-3.2.0-tests.jar:/home/user/.m2/repository/org/eclipse/jetty/jetty-util-ajax/9.3.25.v20180904/jetty-util-ajax-9.3.25.v20180904.jar:/home/user/.m2/repository/commons-daemon/commons-daemon/1.0.13/commons-daemon-1.0.13.jar:/home/user/.m2/repository/io/netty/netty/3.10.5.Final/netty-3.10.5.Final.jar:/home/user/.m2/repository/io/netty/netty-all/4.0.52.Final/netty-all-4.0.52.Final.jar:/home/user/.m2/repository/org/fusesource/leveldbjni/leveldbjni-all/1.8/leveldbjni-all-1.8.jar:"/>
    <property name="java.vm.vendor" value="IcedTea"/>
    <property name="sun.arch.data.model" value="64"/>
    <property name="test.build.dir" value="/workdir/hadoop-ozone/integration-test/target/test-dir"/>
    <property name="test.cache.data" value=""/>
    <property name="java.vendor.url" value="https://icedtea.classpath.org"/>
    <property name="user.timezone" value=""/>
    <property name="java.vm.specification.version" value="1.8"/>
    <property name="os.name" value="Linux"/>
    <property name="test.build.data" value="/workdir/hadoop-ozone/integration-test/target/test-dir"/>
    <property name="user.country" value="US"/>
    <property name="sun.java.launcher" value="SUN_STANDARD"/>
    <property name="sun.boot.library.path" value="/usr/lib/jvm/java-1.8-openjdk/jre/lib/amd64"/>
    <property name="sun.java.command" value="/workdir/hadoop-ozone/integration-test/target/surefire/surefirebooter3252102309064687211.jar /workdir/hadoop-ozone/integration-test/target/surefire 2019-10-14T09-24-34_015-jvmRun1 surefire4256761047866337476tmp surefire_649160668277938743479tmp"/>
    <property name="test" value="!TestMiniChaosOzoneCluster"/>
    <property name="surefire.test.class.path" value="/workdir/hadoop-ozone/integration-test/target/test-classes:/workdir/hadoop-ozone/integration-test/target/classes:/home/user/.m2/repository/org/apache/hadoop/hadoop-ozone-common/0.5.0-SNAPSHOT/hadoop-ozone-common-0.5.0-SNAPSHOT.jar:/home/user/.m2/repository/org/apache/commons/commons-compress/1.4.1/commons-compress-1.4.1.jar:/home/user/.m2/repository/org/tukaani/xz/1.0/xz-1.0.jar:/home/user/.m2/repository/org/apache/hadoop/hadoop-common/3.2.0/hadoop-common-3.2.0.jar:/home/user/.m2/repository/org/apache/hadoop/hadoop-hdfs/3.2.0/hadoop-hdfs-3.2.0.jar:/home/user/.m2/repository/org/apache/hadoop/hadoop-hdfs-client/3.2.0/hadoop-hdfs-client-3.2.0.jar:/home/user/.m2/repository/com/fasterxml/jackson/core/jackson-annotations/2.9.9/jackson-annotations-2.9.9.jar:/home/user/.m2/repository/org/apache/hadoop/hadoop-hdds-common/0.5.0-SNAPSHOT/hadoop-hdds-common-0.5.0-SNAPSHOT.jar:/home/user/.m2/repository/javax/annotation/javax.annotation-api/1.2/javax.annotation-api-1.2.jar:/home/user/.m2/repository/org/apache/ratis/ratis-server/0.5.0-201fc85-SNAPSHOT/ratis-server-0.5.0-201fc85-SNAPSHOT.jar:/home/user/.m2/repository/org/apache/ratis/ratis-thirdparty-misc/0.2.0/ratis-thirdparty-misc-0.2.0.jar:/home/user/.m2/repository/org/apache/ratis/ratis-proto/0.5.0-201fc85-SNAPSHOT/ratis-proto-0.5.0-201fc85-SNAPSHOT.jar:/home/user/.m2/repository/org/apache/ratis/ratis-common/0.5.0-201fc85-SNAPSHOT/ratis-common-0.5.0-201fc85-SNAPSHOT.jar:/home/user/.m2/repository/org/apache/ratis/ratis-client/0.5.0-201fc85-SNAPSHOT/ratis-client-0.5.0-201fc85-SNAPSHOT.jar:/home/user/.m2/repository/org/apache/ratis/ratis-metrics/0.5.0-201fc85-SNAPSHOT/ratis-metrics-0.5.0-201fc85-SNAPSHOT.jar:/home/user/.m2/repository/com/github/joshelser/dropwizard-metrics-hadoop-metrics2-reporter/0.1.2/dropwizard-metrics-hadoop-metrics2-reporter-0.1.2.jar:/home/user/.m2/repository/io/dropwizard/metrics/metrics-jvm/3.2.5/metrics-jvm-3.2.5.jar:/home/user/.m2/repository/io/dropwizard/metrics/metrics-ganglia/3.2.5/metrics-ganglia-3.2.5.jar:/home/user/.m2/repository/info/ganglia/gmetric4j/gmetric4j/1.0.7/gmetric4j-1.0.7.jar:/home/user/.m2/repository/org/apache/ratis/ratis-netty/0.5.0-201fc85-SNAPSHOT/ratis-netty-0.5.0-201fc85-SNAPSHOT.jar:/home/user/.m2/repository/org/apache/ratis/ratis-grpc/0.5.0-201fc85-SNAPSHOT/ratis-grpc-0.5.0-201fc85-SNAPSHOT.jar:/home/user/.m2/repository/org/rocksdb/rocksdbjni/6.0.1/rocksdbjni-6.0.1.jar:/home/user/.m2/repository/org/apache/logging/log4j/log4j-api/2.11.0/log4j-api-2.11.0.jar:/home/user/.m2/repository/org/apache/logging/log4j/log4j-core/2.11.0/log4j-core-2.11.0.jar:/home/user/.m2/repository/com/lmax/disruptor/3.4.2/disruptor-3.4.2.jar:/home/user/.m2/repository/org/apache/commons/commons-pool2/2.6.0/commons-pool2-2.6.0.jar:/home/user/.m2/repository/org/bouncycastle/bcpkix-jdk15on/1.60/bcpkix-jdk15on-1.60.jar:/home/user/.m2/repository/commons-validator/commons-validator/1.6/commons-validator-1.6.jar:/home/user/.m2/repository/commons-digester/commons-digester/1.8.1/commons-digester-1.8.1.jar:/home/user/.m2/repository/io/jaegertracing/jaeger-client/0.34.0/jaeger-client-0.34.0.jar:/home/user/.m2/repository/io/jaegertracing/jaeger-thrift/0.34.0/jaeger-thrift-0.34.0.jar:/home/user/.m2/repository/org/apache/thrift/libthrift/0.12.0/libthrift-0.12.0.jar:/home/user/.m2/repository/com/squareup/okhttp3/okhttp/3.9.0/okhttp-3.9.0.jar:/home/user/.m2/repository/com/squareup/okio/okio/1.13.0/okio-1.13.0.jar:/home/user/.m2/repository/io/jaegertracing/jaeger-core/0.34.0/jaeger-core-0.34.0.jar:/home/user/.m2/repository/io/jaegertracing/jaeger-tracerresolver/0.34.0/jaeger-tracerresolver-0.34.0.jar:/home/user/.m2/repository/io/opentracing/contrib/opentracing-tracerresolver/0.1.5/opentracing-tracerresolver-0.1.5.jar:/home/user/.m2/repository/io/opentracing/opentracing-util/0.31.0/opentracing-util-0.31.0.jar:/home/user/.m2/repository/io/opentracing/opentracing-api/0.31.0/opentracing-api-0.31.0.jar:/home/user/.m2/repository/io/opentracing/opentracing-noop/0.31.0/opentracing-noop-0.31.0.jar:/home/user/.m2/repository/org/apache/hadoop/hadoop-hdds-server-framework/0.5.0-SNAPSHOT/hadoop-hdds-server-framework-0.5.0-SNAPSHOT.jar:/home/user/.m2/repository/org/apache/hadoop/hadoop-hdds-container-service/0.5.0-SNAPSHOT/hadoop-hdds-container-service-0.5.0-SNAPSHOT.jar:/home/user/.m2/repository/org/apache/hadoop/hadoop-hdds-client/0.5.0-SNAPSHOT/hadoop-hdds-client-0.5.0-SNAPSHOT.jar:/home/user/.m2/repository/org/apache/hadoop/hadoop-hdds-tools/0.5.0-SNAPSHOT/hadoop-hdds-tools-0.5.0-SNAPSHOT.jar:/home/user/.m2/repository/org/apache/hadoop/hadoop-hdds-server-scm/0.5.0-SNAPSHOT/hadoop-hdds-server-scm-0.5.0-SNAPSHOT.jar:/home/user/.m2/repository/org/apache/hadoop/hadoop-hdds-docs/0.5.0-SNAPSHOT/hadoop-hdds-docs-0.5.0-SNAPSHOT.jar:/home/user/.m2/repository/io/dropwizard/metrics/metrics-core/3.2.4/metrics-core-3.2.4.jar:/home/user/.m2/repository/org/hamcrest/hamcrest-all/1.3/hamcrest-all-1.3.jar:/home/user/.m2/repository/org/bouncycastle/bcprov-jdk15on/1.60/bcprov-jdk15on-1.60.jar:/home/user/.m2/repository/info/picocli/picocli/3.9.6/picocli-3.9.6.jar:/home/user/.m2/repository/com/google/protobuf/protobuf-java/2.5.0/protobuf-java-2.5.0.jar:/home/user/.m2/repository/com/google/guava/guava/11.0.2/guava-11.0.2.jar:/home/user/.m2/repository/org/apache/hadoop/hadoop-ozone-ozone-manager/0.5.0-SNAPSHOT/hadoop-ozone-ozone-manager-0.5.0-SNAPSHOT.jar:/home/user/.m2/repository/org/apache/hadoop/hadoop-minikdc/3.2.0/hadoop-minikdc-3.2.0.jar:/home/user/.m2/repository/commons-io/commons-io/2.5/commons-io-2.5.jar:/home/user/.m2/repository/org/apache/kerby/kerb-simplekdc/1.0.1/kerb-simplekdc-1.0.1.jar:/home/user/.m2/repository/org/apache/kerby/kerb-client/1.0.1/kerb-client-1.0.1.jar:/home/user/.m2/repository/org/apache/kerby/kerby-config/1.0.1/kerby-config-1.0.1.jar:/home/user/.m2/repository/org/apache/kerby/kerb-core/1.0.1/kerb-core-1.0.1.jar:/home/user/.m2/repository/org/apache/kerby/kerby-pkix/1.0.1/kerby-pkix-1.0.1.jar:/home/user/.m2/repository/org/apache/kerby/kerby-asn1/1.0.1/kerby-asn1-1.0.1.jar:/home/user/.m2/repository/org/apache/kerby/kerby-util/1.0.1/kerby-util-1.0.1.jar:/home/user/.m2/repository/org/apache/kerby/kerb-common/1.0.1/kerb-common-1.0.1.jar:/home/user/.m2/repository/org/apache/kerby/kerb-crypto/1.0.1/kerb-crypto-1.0.1.jar:/home/user/.m2/repository/org/apache/kerby/kerb-util/1.0.1/kerb-util-1.0.1.jar:/home/user/.m2/repository/org/apache/kerby/token-provider/1.0.1/token-provider-1.0.1.jar:/home/user/.m2/repository/org/apache/kerby/kerb-admin/1.0.1/kerb-admin-1.0.1.jar:/home/user/.m2/repository/org/apache/kerby/kerb-server/1.0.1/kerb-server-1.0.1.jar:/home/user/.m2/repository/org/apache/kerby/kerb-identity/1.0.1/kerb-identity-1.0.1.jar:/home/user/.m2/repository/org/apache/kerby/kerby-xdr/1.0.1/kerby-xdr-1.0.1.jar:/home/user/.m2/repository/org/slf4j/slf4j-log4j12/1.7.25/slf4j-log4j12-1.7.25.jar:/home/user/.m2/repository/org/apache/hadoop/hadoop-ozone-s3gateway/0.5.0-SNAPSHOT/hadoop-ozone-s3gateway-0.5.0-SNAPSHOT.jar:/home/user/.m2/repository/org/jboss/weld/servlet/weld-servlet/2.4.7.Final/weld-servlet-2.4.7.Final.jar:/home/user/.m2/repository/org/glassfish/jersey/containers/jersey-container-servlet-core/2.27/jersey-container-servlet-core-2.27.jar:/home/user/.m2/repository/org/glassfish/hk2/external/javax.inject/2.5.0-b42/javax.inject-2.5.0-b42.jar:/home/user/.m2/repository/org/glassfish/jersey/core/jersey-common/2.27/jersey-common-2.27.jar:/home/user/.m2/repository/org/glassfish/hk2/osgi-resource-locator/1.0.1/osgi-resource-locator-1.0.1.jar:/home/user/.m2/repository/javax/ws/rs/javax.ws.rs-api/2.1/javax.ws.rs-api-2.1.jar:/home/user/.m2/repository/org/glassfish/jersey/ext/cdi/jersey-cdi1x/2.27/jersey-cdi1x-2.27.jar:/home/user/.m2/repository/org/glassfish/jersey/inject/jersey-hk2/2.27/jersey-hk2-2.27.jar:/home/user/.m2/repository/org/glassfish/hk2/hk2-locator/2.5.0-b42/hk2-locator-2.5.0-b42.jar:/home/user/.m2/repository/org/javassist/javassist/3.22.0-CR2/javassist-3.22.0-CR2.jar:/home/user/.m2/repository/org/glassfish/hk2/hk2-api/2.5.0/hk2-api-2.5.0.jar:/home/user/.m2/repository/org/glassfish/hk2/external/jakarta.inject/2.5.0/jakarta.inject-2.5.0.jar:/home/user/.m2/repository/org/glassfish/hk2/hk2-utils/2.5.0/hk2-utils-2.5.0.jar:/home/user/.m2/repository/jakarta/annotation/jakarta.annotation-api/1.3.4/jakarta.annotation-api-1.3.4.jar:/home/user/.m2/repository/org/glassfish/hk2/external/aopalliance-repackaged/2.5.0/aopalliance-repackaged-2.5.0.jar:/home/user/.m2/repository/com/fasterxml/jackson/dataformat/jackson-dataformat-xml/2.9.0/jackson-dataformat-xml-2.9.0.jar:/home/user/.m2/repository/com/fasterxml/jackson/core/jackson-core/2.9.9/jackson-core-2.9.9.jar:/home/user/.m2/repository/com/fasterxml/jackson/module/jackson-module-jaxb-annotations/2.9.9/jackson-module-jaxb-annotations-2.9.9.jar:/home/user/.m2/repository/javax/enterprise/cdi-api/1.2/cdi-api-1.2.jar:/home/user/.m2/repository/javax/el/javax.el-api/3.0.0/javax.el-api-3.0.0.jar:/home/user/.m2/repository/javax/interceptor/javax.interceptor-api/1.2/javax.interceptor-api-1.2.jar:/home/user/.m2/repository/javax/inject/javax.inject/1/javax.inject-1.jar:/home/user/.m2/repository/com/sun/xml/bind/jaxb-impl/2.3.0.1/jaxb-impl-2.3.0.1.jar:/home/user/.m2/repository/com/sun/xml/bind/jaxb-core/2.3.0.1/jaxb-core-2.3.0.1.jar:/home/user/.m2/repository/javax/xml/bind/jaxb-api/2.3.0/jaxb-api-2.3.0.jar:/home/user/.m2/repository/javax/activation/activation/1.1.1/activation-1.1.1.jar:/home/user/.m2/repository/org/apache/hadoop/hadoop-ozone-csi/0.5.0-SNAPSHOT/hadoop-ozone-csi-0.5.0-SNAPSHOT.jar:/home/user/.m2/repository/com/google/protobuf/protobuf-java-util/3.5.1/protobuf-java-util-3.5.1.jar:/home/user/.m2/repository/org/apache/hadoop/hadoop-hdds-config/0.5.0-SNAPSHOT/hadoop-hdds-config-0.5.0-SNAPSHOT.jar:/home/user/.m2/repository/io/grpc/grpc-netty/1.17.1/grpc-netty-1.17.1.jar:/home/user/.m2/repository/io/grpc/grpc-core/1.17.1/grpc-core-1.17.1.jar:/home/user/.m2/repository/io/grpc/grpc-context/1.17.1/grpc-context-1.17.1.jar:/home/user/.m2/repository/com/google/errorprone/error_prone_annotations/2.2.0/error_prone_annotations-2.2.0.jar:/home/user/.m2/repository/org/codehaus/mojo/animal-sniffer-annotations/1.17/animal-sniffer-annotations-1.17.jar:/home/user/.m2/repository/io/opencensus/opencensus-api/0.17.0/opencensus-api-0.17.0.jar:/home/user/.m2/repository/io/opencensus/opencensus-contrib-grpc-metrics/0.17.0/opencensus-contrib-grpc-metrics-0.17.0.jar:/home/user/.m2/repository/io/netty/netty-codec-http2/4.1.30.Final/netty-codec-http2-4.1.30.Final.jar:/home/user/.m2/repository/io/netty/netty-codec-http/4.1.30.Final/netty-codec-http-4.1.30.Final.jar:/home/user/.m2/repository/io/netty/netty-codec/4.1.30.Final/netty-codec-4.1.30.Final.jar:/home/user/.m2/repository/io/netty/netty-handler/4.1.30.Final/netty-handler-4.1.30.Final.jar:/home/user/.m2/repository/io/netty/netty-handler-proxy/4.1.30.Final/netty-handler-proxy-4.1.30.Final.jar:/home/user/.m2/repository/io/netty/netty-codec-socks/4.1.30.Final/netty-codec-socks-4.1.30.Final.jar:/home/user/.m2/repository/io/netty/netty-transport-native-epoll/4.1.30.Final/netty-transport-native-epoll-4.1.30.Final.jar:/home/user/.m2/repository/io/netty/netty-common/4.1.30.Final/netty-common-4.1.30.Final.jar:/home/user/.m2/repository/io/netty/netty-buffer/4.1.30.Final/netty-buffer-4.1.30.Final.jar:/home/user/.m2/repository/io/netty/netty-transport/4.1.30.Final/netty-transport-4.1.30.Final.jar:/home/user/.m2/repository/io/netty/netty-resolver/4.1.30.Final/netty-resolver-4.1.30.Final.jar:/home/user/.m2/repository/io/netty/netty-transport-native-unix-common/4.1.30.Final/netty-transport-native-unix-common-4.1.30.Final.jar:/home/user/.m2/repository/io/grpc/grpc-protobuf/1.17.1/grpc-protobuf-1.17.1.jar:/home/user/.m2/repository/com/google/api/grpc/proto-google-common-protos/1.0.0/proto-google-common-protos-1.0.0.jar:/home/user/.m2/repository/io/grpc/grpc-protobuf-lite/1.17.1/grpc-protobuf-lite-1.17.1.jar:/home/user/.m2/repository/io/grpc/grpc-stub/1.17.1/grpc-stub-1.17.1.jar:/home/user/.m2/repository/org/apache/hadoop/hadoop-ozone-recon/0.5.0-SNAPSHOT/hadoop-ozone-recon-0.5.0-SNAPSHOT.jar:/home/user/.m2/repository/org/apache/hadoop/hadoop-ozone-reconcodegen/0.5.0-SNAPSHOT/hadoop-ozone-reconcodegen-0.5.0-SNAPSHOT.jar:/home/user/.m2/repository/com/google/inject/extensions/guice-multibindings/4.0/guice-multibindings-4.0.jar:/home/user/.m2/repository/com/google/inject/guice/4.0/guice-4.0.jar:/home/user/.m2/repository/aopalliance/aopalliance/1.0/aopalliance-1.0.jar:/home/user/.m2/repository/com/google/inject/extensions/guice-servlet/4.0/guice-servlet-4.0.jar:/home/user/.m2/repository/org/glassfish/jersey/containers/jersey-container-servlet/2.27/jersey-container-servlet-2.27.jar:/home/user/.m2/repository/org/glassfish/hk2/guice-bridge/2.5.0/guice-bridge-2.5.0.jar:/home/user/.m2/repository/org/glassfish/jersey/core/jersey-server/2.27/jersey-server-2.27.jar:/home/user/.m2/repository/org/glassfish/jersey/core/jersey-client/2.27/jersey-client-2.27.jar:/home/user/.m2/repository/org/glassfish/jersey/media/jersey-media-jaxb/2.27/jersey-media-jaxb-2.27.jar:/home/user/.m2/repository/javax/validation/validation-api/1.1.0.Final/validation-api-1.1.0.Final.jar:/home/user/.m2/repository/org/glassfish/jersey/media/jersey-media-json-jackson/2.27/jersey-media-json-jackson-2.27.jar:/home/user/.m2/repository/org/glassfish/jersey/ext/jersey-entity-filtering/2.27/jersey-entity-filtering-2.27.jar:/home/user/.m2/repository/com/google/inject/extensions/guice-assistedinject/4.0/guice-assistedinject-4.0.jar:/home/user/.m2/repository/org/jooq/jooq/3.11.10/jooq-3.11.10.jar:/home/user/.m2/repository/org/jooq/jooq-meta/3.11.10/jooq-meta-3.11.10.jar:/home/user/.m2/repository/org/jooq/jooq-codegen/3.11.10/jooq-codegen-3.11.10.jar:/home/user/.m2/repository/com/jolbox/bonecp/0.8.0.RELEASE/bonecp-0.8.0.RELEASE.jar:/home/user/.m2/repository/org/xerial/sqlite-jdbc/3.25.2/sqlite-jdbc-3.25.2.jar:/home/user/.m2/repository/org/springframework/spring-jdbc/5.1.3.RELEASE/spring-jdbc-5.1.3.RELEASE.jar:/home/user/.m2/repository/org/springframework/spring-beans/5.1.3.RELEASE/spring-beans-5.1.3.RELEASE.jar:/home/user/.m2/repository/org/springframework/spring-core/5.1.3.RELEASE/spring-core-5.1.3.RELEASE.jar:/home/user/.m2/repository/org/springframework/spring-jcl/5.1.3.RELEASE/spring-jcl-5.1.3.RELEASE.jar:/home/user/.m2/repository/org/springframework/spring-tx/5.1.3.RELEASE/spring-tx-5.1.3.RELEASE.jar:/home/user/.m2/repository/org/apache/hadoop/hadoop-ozone-client/0.5.0-SNAPSHOT/hadoop-ozone-client-0.5.0-SNAPSHOT.jar:/home/user/.m2/repository/commons-lang/commons-lang/2.6/commons-lang-2.6.jar:/home/user/.m2/repository/org/apache/hadoop/hadoop-ozone-ozone-manager/0.5.0-SNAPSHOT/hadoop-ozone-ozone-manager-0.5.0-SNAPSHOT-tests.jar:/home/user/.m2/repository/junit/junit/4.11/junit-4.11.jar:/home/user/.m2/repository/org/hamcrest/hamcrest-core/1.3/hamcrest-core-1.3.jar:/home/user/.m2/repository/org/openjdk/jmh/jmh-core/1.19/jmh-core-1.19.jar:/home/user/.m2/repository/net/sf/jopt-simple/jopt-simple/4.6/jopt-simple-4.6.jar:/home/user/.m2/repository/org/apache/commons/commons-math3/3.1.1/commons-math3-3.1.1.jar:/home/user/.m2/repository/org/openjdk/jmh/jmh-generator-annprocess/1.19/jmh-generator-annprocess-1.19.jar:/home/user/.m2/repository/org/mockito/mockito-all/1.8.5/mockito-all-1.8.5.jar:/home/user/.m2/repository/org/apache/hadoop/hadoop-kms/3.2.0/hadoop-kms-3.2.0.jar:/home/user/.m2/repository/org/apache/hadoop/hadoop-auth/3.2.0/hadoop-auth-3.2.0.jar:/home/user/.m2/repository/com/nimbusds/nimbus-jose-jwt/4.41.1/nimbus-jose-jwt-4.41.1.jar:/home/user/.m2/repository/com/github/stephenc/jcip/jcip-annotations/1.0-1/jcip-annotations-1.0-1.jar:/home/user/.m2/repository/net/minidev/json-smart/2.3/json-smart-2.3.jar:/home/user/.m2/repository/net/minidev/accessors-smart/1.2/accessors-smart-1.2.jar:/home/user/.m2/repository/org/ow2/asm/asm/5.0.4/asm-5.0.4.jar:/home/user/.m2/repository/org/apache/curator/curator-framework/2.12.0/curator-framework-2.12.0.jar:/home/user/.m2/repository/com/sun/jersey/jersey-core/1.19/jersey-core-1.19.jar:/home/user/.m2/repository/javax/ws/rs/jsr311-api/1.1.1/jsr311-api-1.1.1.jar:/home/user/.m2/repository/com/sun/jersey/jersey-server/1.19/jersey-server-1.19.jar:/home/user/.m2/repository/javax/servlet/javax.servlet-api/3.1.0/javax.servlet-api-3.1.0.jar:/home/user/.m2/repository/org/eclipse/jetty/jetty-server/9.3.25.v20180904/jetty-server-9.3.25.v20180904.jar:/home/user/.m2/repository/org/eclipse/jetty/jetty-http/9.3.25.v20180904/jetty-http-9.3.25.v20180904.jar:/home/user/.m2/repository/org/eclipse/jetty/jetty-io/9.3.25.v20180904/jetty-io-9.3.25.v20180904.jar:/home/user/.m2/repository/org/eclipse/jetty/jetty-webapp/9.3.25.v20180904/jetty-webapp-9.3.25.v20180904.jar:/home/user/.m2/repository/org/eclipse/jetty/jetty-xml/9.3.25.v20180904/jetty-xml-9.3.25.v20180904.jar:/home/user/.m2/repository/log4j/log4j/1.2.17/log4j-1.2.17.jar:/home/user/.m2/repository/org/slf4j/slf4j-api/1.7.25/slf4j-api-1.7.25.jar:/home/user/.m2/repository/org/slf4j/jul-to-slf4j/1.7.25/jul-to-slf4j-1.7.25.jar:/home/user/.m2/repository/org/eclipse/jetty/jetty-util/9.3.25.v20180904/jetty-util-9.3.25.v20180904.jar:/home/user/.m2/repository/com/fasterxml/jackson/core/jackson-databind/2.9.9/jackson-databind-2.9.9.jar:/home/user/.m2/repository/org/apache/hadoop/hadoop-kms/3.2.0/hadoop-kms-3.2.0-tests.jar:/home/user/.m2/repository/org/apache/hadoop/hadoop-hdds-server-scm/0.5.0-SNAPSHOT/hadoop-hdds-server-scm-0.5.0-SNAPSHOT-tests.jar:/home/user/.m2/repository/org/apache/hadoop/hadoop-hdds-container-service/0.5.0-SNAPSHOT/hadoop-hdds-container-service-0.5.0-SNAPSHOT-tests.jar:/home/user/.m2/repository/org/yaml/snakeyaml/1.16/snakeyaml-1.16.jar:/home/user/.m2/repository/org/apache/hadoop/hadoop-common/3.2.0/hadoop-common-3.2.0-tests.jar:/home/user/.m2/repository/org/apache/hadoop/hadoop-annotations/3.2.0/hadoop-annotations-3.2.0.jar:/usr/lib/jvm/java-1.8-openjdk/jre/../lib/tools.jar:/home/user/.m2/repository/commons-cli/commons-cli/1.2/commons-cli-1.2.jar:/home/user/.m2/repository/org/apache/httpcomponents/httpclient/4.5.2/httpclient-4.5.2.jar:/home/user/.m2/repository/org/apache/httpcomponents/httpcore/4.4.4/httpcore-4.4.4.jar:/home/user/.m2/repository/commons-codec/commons-codec/1.11/commons-codec-1.11.jar:/home/user/.m2/repository/commons-net/commons-net/3.6/commons-net-3.6.jar:/home/user/.m2/repository/commons-collections/commons-collections/3.2.2/commons-collections-3.2.2.jar:/home/user/.m2/repository/org/eclipse/jetty/jetty-servlet/9.3.25.v20180904/jetty-servlet-9.3.25.v20180904.jar:/home/user/.m2/repository/org/eclipse/jetty/jetty-security/9.3.25.v20180904/jetty-security-9.3.25.v20180904.jar:/home/user/.m2/repository/javax/servlet/jsp/jsp-api/2.1/jsp-api-2.1.jar:/home/user/.m2/repository/com/sun/jersey/jersey-servlet/1.19/jersey-servlet-1.19.jar:/home/user/.m2/repository/com/sun/jersey/jersey-json/1.19/jersey-json-1.19.jar:/home/user/.m2/repository/org/codehaus/jettison/jettison/1.1/jettison-1.1.jar:/home/user/.m2/repository/org/codehaus/jackson/jackson-core-asl/1.9.13/jackson-core-asl-1.9.13.jar:/home/user/.m2/repository/org/codehaus/jackson/jackson-mapper-asl/1.9.13/jackson-mapper-asl-1.9.13.jar:/home/user/.m2/repository/org/codehaus/jackson/jackson-jaxrs/1.9.13/jackson-jaxrs-1.9.13.jar:/home/user/.m2/repository/org/codehaus/jackson/jackson-xc/1.9.13/jackson-xc-1.9.13.jar:/home/user/.m2/repository/commons-logging/commons-logging/1.1.3/commons-logging-1.1.3.jar:/home/user/.m2/repository/commons-beanutils/commons-beanutils/1.9.4/commons-beanutils-1.9.4.jar:/home/user/.m2/repository/org/apache/commons/commons-configuration2/2.1.1/commons-configuration2-2.1.1.jar:/home/user/.m2/repository/org/apache/commons/commons-lang3/3.7/commons-lang3-3.7.jar:/home/user/.m2/repository/org/apache/commons/commons-text/1.4/commons-text-1.4.jar:/home/user/.m2/repository/org/apache/avro/avro/1.7.7/avro-1.7.7.jar:/home/user/.m2/repository/com/thoughtworks/paranamer/paranamer/2.3/paranamer-2.3.jar:/home/user/.m2/repository/org/xerial/snappy/snappy-java/1.0.5/snappy-java-1.0.5.jar:/home/user/.m2/repository/com/google/re2j/re2j/1.1/re2j-1.1.jar:/home/user/.m2/repository/com/google/code/gson/gson/2.2.4/gson-2.2.4.jar:/home/user/.m2/repository/com/jcraft/jsch/0.1.54/jsch-0.1.54.jar:/home/user/.m2/repository/org/apache/curator/curator-client/2.12.0/curator-client-2.12.0.jar:/home/user/.m2/repository/org/apache/curator/curator-recipes/2.12.0/curator-recipes-2.12.0.jar:/home/user/.m2/repository/com/google/code/findbugs/jsr305/3.0.0/jsr305-3.0.0.jar:/home/user/.m2/repository/org/apache/htrace/htrace-core4/4.1.0-incubating/htrace-core4-4.1.0-incubating.jar:/home/user/.m2/repository/org/apache/zookeeper/zookeeper/3.4.13/zookeeper-3.4.13.jar:/home/user/.m2/repository/jline/jline/0.9.94/jline-0.9.94.jar:/home/user/.m2/repository/org/apache/yetus/audience-annotations/0.5.0/audience-annotations-0.5.0.jar:/home/user/.m2/repository/org/codehaus/woodstox/stax2-api/3.1.4/stax2-api-3.1.4.jar:/home/user/.m2/repository/com/fasterxml/woodstox/woodstox-core/5.0.3/woodstox-core-5.0.3.jar:/home/user/.m2/repository/dnsjava/dnsjava/2.1.7/dnsjava-2.1.7.jar:/home/user/.m2/repository/org/apache/hadoop/hadoop-hdfs/3.2.0/hadoop-hdfs-3.2.0-tests.jar:/home/user/.m2/repository/org/eclipse/jetty/jetty-util-ajax/9.3.25.v20180904/jetty-util-ajax-9.3.25.v20180904.jar:/home/user/.m2/repository/commons-daemon/commons-daemon/1.0.13/commons-daemon-1.0.13.jar:/home/user/.m2/repository/io/netty/netty/3.10.5.Final/netty-3.10.5.Final.jar:/home/user/.m2/repository/io/netty/netty-all/4.0.52.Final/netty-all-4.0.52.Final.jar:/home/user/.m2/repository/org/fusesource/leveldbjni/leveldbjni-all/1.8/leveldbjni-all-1.8.jar:"/>
    <property name="sun.cpu.endian" value="little"/>
    <property name="user.home" value="/home/user"/>
    <property name="user.language" value="en"/>
    <property name="java.specification.vendor" value="Oracle Corporation"/>
    <property name="java.home" value="/usr/lib/jvm/java-1.8-openjdk/jre"/>
    <property name="surefire.excludesFile" value="/tools/ozone-bad-unit-tests"/>
    <property name="java.security.krb5.conf" value="/workdir/hadoop-ozone/integration-test/target/test-classes/krb5.conf"/>
    <property name="basedir" value="/workdir/hadoop-ozone/integration-test"/>
    <property name="file.separator" value="/"/>
    <property name="line.separator" value="&#10;"/>
    <property name="java.vm.specification.vendor" value="Oracle Corporation"/>
    <property name="java.specification.name" value="Java Platform API Specification"/>
    <property name="java.awt.graphicsenv" value="sun.awt.X11GraphicsEnvironment"/>
    <property name="surefire.real.class.path" value="/workdir/hadoop-ozone/integration-test/target/surefire/surefirebooter3252102309064687211.jar"/>
    <property name="hadoop.log.dir" value="/workdir/hadoop-ozone/integration-test/target/log"/>
    <property name="sun.boot.class.path" value="/usr/lib/jvm/java-1.8-openjdk/jre/lib/resources.jar:/usr/lib/jvm/java-1.8-openjdk/jre/lib/rt.jar:/usr/lib/jvm/java-1.8-openjdk/jre/lib/sunrsasign.jar:/usr/lib/jvm/java-1.8-openjdk/jre/lib/jsse.jar:/usr/lib/jvm/java-1.8-openjdk/jre/lib/jce.jar:/usr/lib/jvm/java-1.8-openjdk/jre/lib/charsets.jar:/usr/lib/jvm/java-1.8-openjdk/jre/lib/jfr.jar:/usr/lib/jvm/java-1.8-openjdk/jre/classes"/>
    <property name="sun.management.compiler" value="HotSpot 64-Bit Tiered Compilers"/>
    <property name="java.runtime.version" value="1.8.0_212-b04"/>
    <property name="java.net.preferIPv4Stack" value="true"/>
    <property name="user.name" value="jenkins1000"/>
    <property name="path.separator" value=":"/>
    <property name="java.security.egd" value="file:///dev/urandom"/>
    <property name="os.version" value="3.10.0-957.12.2.el7.x86_64"/>
    <property name="java.endorsed.dirs" value="/usr/lib/jvm/java-1.8-openjdk/jre/lib/endorsed"/>
    <property name="java.runtime.name" value="OpenJDK Runtime Environment"/>
    <property name="file.encoding" value="UTF-8"/>
    <property name="java.vm.name" value="OpenJDK 64-Bit Server VM"/>
    <property name="test.build.webapps" value=""/>
    <property name="localRepository" value="/home/user/.m2/repository"/>
    <property name="java.vendor.url.bug" value="https://icedtea.classpath.org/bugzilla"/>
    <property name="java.io.tmpdir" value="/tmp"/>
    <property name="require.test.libhadoop" value=""/>
    <property name="java.version" value="1.8.0_212"/>
    <property name="user.dir" value="/workdir/hadoop-ozone/integration-test"/>
    <property name="os.arch" value="amd64"/>
    <property name="java.vm.specification.name" value="Java Virtual Machine Specification"/>
    <property name="test.build.classes" value="/workdir/hadoop-ozone/integration-test/target/test-classes"/>
    <property name="java.awt.printerjob" value="sun.print.PSPrinterJob"/>
    <property name="sun.os.patch.level" value="unknown"/>
    <property name="hadoop.tmp.dir" value="/workdir/hadoop-ozone/integration-test/target/tmp"/>
    <property name="java.library.path" value="/usr/lib/jvm/java-1.8-openjdk/jre/lib/amd64/server:/usr/lib/jvm/java-1.8-openjdk/jre/lib/amd64:/usr/lib/jvm/java-1.8-openjdk/jre/../lib/amd64:/workdir/hadoop-ozone/integration-test/target/native/target/usr/local/lib:/workdir/hadoop-ozone/integration-test/../../hadoop-common-project/hadoop-common/target/native/target/usr/local/lib:/usr/java/packages/lib/amd64:/usr/lib64:/lib64:/lib:/usr/lib"/>
    <property name="java.vm.info" value="mixed mode"/>
    <property name="java.vendor" value="IcedTea"/>
    <property name="java.vm.version" value="25.212-b04"/>
    <property name="java.ext.dirs" value="/usr/lib/jvm/java-1.8-openjdk/jre/lib/ext:/usr/java/packages/lib/ext"/>
    <property name="sun.io.unicode.encoding" value="UnicodeLittle"/>
    <property name="java.class.version" value="52.0"/>
  </properties>
  <testcase name="test2DatanodesFailure" classname="org.apache.hadoop.ozone.client.rpc.TestBlockOutputStreamWithFailures" time="105.329"/>
  <testcase name="testDatanodeFailureWithPreAllocation" classname="org.apache.hadoop.ozone.client.rpc.TestBlockOutputStreamWithFailures" time="221.784"/>
  <testcase name="testDatanodeFailureWithSingleNodeRatis" classname="org.apache.hadoop.ozone.client.rpc.TestBlockOutputStreamWithFailures" time="222.019"/>
  <testcase name="testWatchForCommitWithSingleNodeRatis" classname="org.apache.hadoop.ozone.client.rpc.TestBlockOutputStreamWithFailures" time="33.55"/>
  <testcase name="testWatchForCommitDatanodeFailure" classname="org.apache.hadoop.ozone.client.rpc.TestBlockOutputStreamWithFailures" time="33.374"/>
  <testcase name="testFailureWithPrimeSizedData" classname="org.apache.hadoop.ozone.client.rpc.TestBlockOutputStreamWithFailures" time="36.501">
    <failure message="expected:&lt;2&gt; but was:&lt;3&gt;" type="java.lang.AssertionError"><![CDATA[java.lang.AssertionError: expected:<2> but was:<3>
	at org.junit.Assert.fail(Assert.java:88)
	at org.junit.Assert.failNotEquals(Assert.java:743)
	at org.junit.Assert.assertEquals(Assert.java:118)
	at org.junit.Assert.assertEquals(Assert.java:555)
	at org.junit.Assert.assertEquals(Assert.java:542)
	at org.apache.hadoop.ozone.client.rpc.TestBlockOutputStreamWithFailures.testFailureWithPrimeSizedData(TestBlockOutputStreamWithFailures.java:635)
	at sun.reflect.NativeMethodAccessorImpl.invoke0(Native Method)
	at sun.reflect.NativeMethodAccessorImpl.invoke(NativeMethodAccessorImpl.java:62)
	at sun.reflect.DelegatingMethodAccessorImpl.invoke(DelegatingMethodAccessorImpl.java:43)
	at java.lang.reflect.Method.invoke(Method.java:498)
	at org.junit.runners.model.FrameworkMethod$1.runReflectiveCall(FrameworkMethod.java:47)
	at org.junit.internal.runners.model.ReflectiveCallable.run(ReflectiveCallable.java:12)
	at org.junit.runners.model.FrameworkMethod.invokeExplosively(FrameworkMethod.java:44)
	at org.junit.internal.runners.statements.InvokeMethod.evaluate(InvokeMethod.java:17)
	at org.junit.internal.runners.statements.RunBefores.evaluate(RunBefores.java:26)
	at org.junit.internal.runners.statements.RunAfters.evaluate(RunAfters.java:27)
	at org.junit.runners.ParentRunner.runLeaf(ParentRunner.java:271)
	at org.junit.runners.BlockJUnit4ClassRunner.runChild(BlockJUnit4ClassRunner.java:70)
	at org.junit.runners.BlockJUnit4ClassRunner.runChild(BlockJUnit4ClassRunner.java:50)
	at org.junit.runners.ParentRunner$3.run(ParentRunner.java:238)
	at org.junit.runners.ParentRunner$1.schedule(ParentRunner.java:63)
	at org.junit.runners.ParentRunner.runChildren(ParentRunner.java:236)
	at org.junit.runners.ParentRunner.access$000(ParentRunner.java:53)
	at org.junit.runners.ParentRunner$2.evaluate(ParentRunner.java:229)
	at org.junit.runners.ParentRunner.run(ParentRunner.java:309)
	at org.apache.maven.surefire.junit4.JUnit4Provider.execute(JUnit4Provider.java:365)
	at org.apache.maven.surefire.junit4.JUnit4Provider.executeWithRerun(JUnit4Provider.java:273)
	at org.apache.maven.surefire.junit4.JUnit4Provider.executeTestSet(JUnit4Provider.java:238)
	at org.apache.maven.surefire.junit4.JUnit4Provider.invoke(JUnit4Provider.java:159)
	at org.apache.maven.surefire.booter.ForkedBooter.invokeProviderInSameClassLoader(ForkedBooter.java:384)
	at org.apache.maven.surefire.booter.ForkedBooter.runSuitesInProcess(ForkedBooter.java:345)
	at org.apache.maven.surefire.booter.ForkedBooter.execute(ForkedBooter.java:126)
	at org.apache.maven.surefire.booter.ForkedBooter.main(ForkedBooter.java:418)
]]></failure>
    <system-out><![CDATA[2019-10-14 10:25:32,061 [main] WARN  server.ServerUtils (ServerUtils.java:getScmDbDir(145)) - ozone.scm.db.dirs is not configured. We recommend adding this setting. Falling back to ozone.metadata.dirs instead.
2019-10-14 10:25:32,075 [main] WARN  server.ServerUtils (ServerUtils.java:getScmDbDir(145)) - ozone.scm.db.dirs is not configured. We recommend adding this setting. Falling back to ozone.metadata.dirs instead.
2019-10-14 10:25:32,075 [main] WARN  server.ServerUtils (ServerUtils.java:getScmDbDir(145)) - ozone.scm.db.dirs is not configured. We recommend adding this setting. Falling back to ozone.metadata.dirs instead.
2019-10-14 10:25:32,076 [main] INFO  db.DBStoreBuilder (DBStoreBuilder.java:addTable(117)) - using custom profile for table: deletedBlocks
2019-10-14 10:25:32,076 [main] INFO  db.DBStoreBuilder (DBStoreBuilder.java:processTables(168)) - Using default column profile:DBProfile.DISK for Table:deletedBlocks
2019-10-14 10:25:32,076 [main] INFO  db.DBStoreBuilder (DBStoreBuilder.java:addTable(117)) - using custom profile for table: validCerts
2019-10-14 10:25:32,076 [main] INFO  db.DBStoreBuilder (DBStoreBuilder.java:processTables(168)) - Using default column profile:DBProfile.DISK for Table:validCerts
2019-10-14 10:25:32,077 [main] INFO  db.DBStoreBuilder (DBStoreBuilder.java:addTable(117)) - using custom profile for table: revokedCerts
2019-10-14 10:25:32,077 [main] INFO  db.DBStoreBuilder (DBStoreBuilder.java:processTables(168)) - Using default column profile:DBProfile.DISK for Table:revokedCerts
2019-10-14 10:25:32,077 [main] INFO  db.DBStoreBuilder (DBStoreBuilder.java:addTable(117)) - using custom profile for table: default
2019-10-14 10:25:32,077 [main] INFO  db.DBStoreBuilder (DBStoreBuilder.java:processTables(174)) - Using default column profile:DBProfile.DISK for Table:default
2019-10-14 10:25:32,077 [main] INFO  db.DBStoreBuilder (DBStoreBuilder.java:getDbProfile(205)) - Using default options. DBProfile.DISK
2019-10-14 10:25:32,300 [main] INFO  net.NodeSchemaLoader (NodeSchemaLoader.java:loadSchemaFromFile(125)) - Loading file from sun.misc.CompoundEnumeration@48cdb156
2019-10-14 10:25:32,300 [main] INFO  net.NodeSchemaLoader (NodeSchemaLoader.java:loadSchema(171)) - Loading network topology layer schema file
2019-10-14 10:25:32,304 [main] INFO  node.SCMNodeManager (SCMNodeManager.java:<init>(116)) - Entering startup safe mode.
2019-10-14 10:25:32,304 [main] INFO  algorithms.ContainerPlacementPolicyFactory (ContainerPlacementPolicyFactory.java:getPolicy(57)) - Create container placement policy of type org.apache.hadoop.hdds.scm.container.placement.algorithms.SCMContainerPlacementRandom
2019-10-14 10:25:32,304 [main] WARN  server.ServerUtils (ServerUtils.java:getScmDbDir(145)) - ozone.scm.db.dirs is not configured. We recommend adding this setting. Falling back to ozone.metadata.dirs instead.
2019-10-14 10:25:32,420 [main] INFO  pipeline.SCMPipelineManager (SCMPipelineManager.java:initializePipelineState(132)) - No pipeline exists in current db
2019-10-14 10:25:32,420 [main] WARN  server.ServerUtils (ServerUtils.java:getScmDbDir(145)) - ozone.scm.db.dirs is not configured. We recommend adding this setting. Falling back to ozone.metadata.dirs instead.
2019-10-14 10:25:32,491 [main] WARN  events.EventQueue (EventQueue.java:fireEvent(183)) - No event handler registered for event TypedEvent{payloadType=SafeModeStatus, name='SafeModeStatus'}
2019-10-14 10:25:32,492 [main] INFO  ipc.CallQueueManager (CallQueueManager.java:<init>(84)) - Using callQueue: class java.util.concurrent.LinkedBlockingQueue, queueCapacity: 2000, scheduler: class org.apache.hadoop.ipc.DefaultRpcScheduler, ipcBackoff: false.
2019-10-14 10:25:32,493 [Socket Reader #1 for port 35247] INFO  ipc.Server (Server.java:run(1074)) - Starting Socket Reader #1 for port 35247
2019-10-14 10:25:32,495 [main] INFO  ipc.CallQueueManager (CallQueueManager.java:<init>(84)) - Using callQueue: class java.util.concurrent.LinkedBlockingQueue, queueCapacity: 2000, scheduler: class org.apache.hadoop.ipc.DefaultRpcScheduler, ipcBackoff: false.
2019-10-14 10:25:32,496 [Socket Reader #1 for port 34390] INFO  ipc.Server (Server.java:run(1074)) - Starting Socket Reader #1 for port 34390
2019-10-14 10:25:32,498 [main] INFO  ipc.CallQueueManager (CallQueueManager.java:<init>(84)) - Using callQueue: class java.util.concurrent.LinkedBlockingQueue, queueCapacity: 2000, scheduler: class org.apache.hadoop.ipc.DefaultRpcScheduler, ipcBackoff: false.
2019-10-14 10:25:32,498 [Socket Reader #1 for port 33513] INFO  ipc.Server (Server.java:run(1074)) - Starting Socket Reader #1 for port 33513
2019-10-14 10:25:32,503 [main] INFO  hdfs.DFSUtil (DFSUtil.java:httpServerTemplateForNNAndJN(1641)) - Starting Web-server for scm at: http://0.0.0.0:0
2019-10-14 10:25:32,509 [main] INFO  server.AuthenticationFilter (AuthenticationFilter.java:constructSecretProvider(240)) - Unable to initialize FileSignerSecretProvider, falling back to use random secrets.
2019-10-14 10:25:32,509 [main] WARN  http.HttpRequestLog (HttpRequestLog.java:getRequestLog(97)) - Jetty request log can only be enabled using Log4j
2019-10-14 10:25:32,511 [main] INFO  http.HttpServer2 (HttpServer2.java:addGlobalFilter(975)) - Added global filter 'safety' (class=org.apache.hadoop.http.HttpServer2$QuotingInputFilter)
2019-10-14 10:25:32,511 [main] INFO  http.HttpServer2 (HttpServer2.java:addFilter(948)) - Added filter static_user_filter (class=org.apache.hadoop.http.lib.StaticUserWebFilter$StaticUserFilter) to context scm
2019-10-14 10:25:32,511 [main] INFO  http.HttpServer2 (HttpServer2.java:addFilter(958)) - Added filter static_user_filter (class=org.apache.hadoop.http.lib.StaticUserWebFilter$StaticUserFilter) to context logs
2019-10-14 10:25:32,511 [main] INFO  http.HttpServer2 (HttpServer2.java:addFilter(958)) - Added filter static_user_filter (class=org.apache.hadoop.http.lib.StaticUserWebFilter$StaticUserFilter) to context static
2019-10-14 10:25:32,513 [main] INFO  server.StorageContainerManager (StorageContainerManager.java:start(772)) - StorageContainerLocationProtocol RPC server is listening at /0.0.0.0:33513
2019-10-14 10:25:32,515 [main] WARN  impl.MetricsConfig (MetricsConfig.java:loadFirst(134)) - Cannot locate configuration: tried hadoop-metrics2-storagecontainermanager.properties,hadoop-metrics2.properties
2019-10-14 10:25:32,516 [main] INFO  impl.MetricsSystemImpl (MetricsSystemImpl.java:startTimer(374)) - Scheduled Metric snapshot period at 10 second(s).
2019-10-14 10:25:32,516 [main] INFO  impl.MetricsSystemImpl (MetricsSystemImpl.java:start(191)) - StorageContainerManager metrics system started
2019-10-14 10:25:32,665 [main] WARN  impl.MetricsSystemImpl (MetricsSystemImpl.java:register(276)) - Sink prometheus already exists!
2019-10-14 10:25:32,739 [main] INFO  server.SCMClientProtocolServer (SCMClientProtocolServer.java:start(159)) - RPC server for Client  is listening at /0.0.0.0:33513
2019-10-14 10:25:32,739 [IPC Server Responder] INFO  ipc.Server (Server.java:run(1314)) - IPC Server Responder: starting
2019-10-14 10:25:32,739 [IPC Server listener on 33513] INFO  ipc.Server (Server.java:run(1153)) - IPC Server listener on 33513: starting
2019-10-14 10:25:32,744 [main] INFO  server.StorageContainerManager (StorageContainerManager.java:start(782)) - ScmBlockLocationProtocol RPC server is listening at /0.0.0.0:34390
2019-10-14 10:25:32,744 [main] INFO  server.SCMBlockProtocolServer (SCMBlockProtocolServer.java:start(146)) - RPC server for Block Protocol is listening at /0.0.0.0:34390
2019-10-14 10:25:32,745 [IPC Server listener on 34390] INFO  ipc.Server (Server.java:run(1153)) - IPC Server listener on 34390: starting
2019-10-14 10:25:32,745 [IPC Server Responder] INFO  ipc.Server (Server.java:run(1314)) - IPC Server Responder: starting
2019-10-14 10:25:32,748 [main] INFO  server.StorageContainerManager (StorageContainerManager.java:start(786)) - ScmDatanodeProtocl RPC server is listening at /0.0.0.0:35247
2019-10-14 10:25:32,748 [main] INFO  server.SCMDatanodeProtocolServer (SCMDatanodeProtocolServer.java:start(169)) - RPC server for DataNodes is listening at /0.0.0.0:35247
2019-10-14 10:25:32,748 [IPC Server Responder] INFO  ipc.Server (Server.java:run(1314)) - IPC Server Responder: starting
2019-10-14 10:25:32,752 [IPC Server listener on 35247] INFO  ipc.Server (Server.java:run(1153)) - IPC Server listener on 35247: starting
2019-10-14 10:25:32,757 [main] INFO  http.HttpServer2 (HttpServer2.java:bindListener(1191)) - Jetty bound to port 41139
2019-10-14 10:25:32,757 [main] INFO  server.Server (Server.java:doStart(351)) - jetty-9.3.25.v20180904, build timestamp: 2018-09-04T21:11:46Z, git hash: 3ce520221d0240229c862b122d2b06c12a625732
2019-10-14 10:25:32,759 [main] INFO  handler.ContextHandler (ContextHandler.java:doStart(781)) - Started o.e.j.s.ServletContextHandler@4662752a{/logs,file:///workdir/hadoop-ozone/integration-test/target/log,AVAILABLE}
2019-10-14 10:25:32,759 [main] INFO  handler.ContextHandler (ContextHandler.java:doStart(781)) - Started o.e.j.s.ServletContextHandler@514377fc{/static,file:///workdir/hadoop-ozone/integration-test/target/test-classes/webapps/static,AVAILABLE}
2019-10-14 10:25:32,763 [main] INFO  handler.ContextHandler (ContextHandler.java:doStart(781)) - Started o.e.j.w.WebAppContext@e26a3df{/,file:///workdir/hadoop-ozone/integration-test/target/test-classes/webapps/scm/,AVAILABLE}{/scm}
2019-10-14 10:25:32,763 [main] INFO  server.AbstractConnector (AbstractConnector.java:doStart(278)) - Started ServerConnector@57a667c8{HTTP/1.1,[http/1.1]}{0.0.0.0:41139}
2019-10-14 10:25:32,764 [main] INFO  server.Server (Server.java:doStart(419)) - Started @617380ms
2019-10-14 10:25:32,764 [main] WARN  impl.MetricsSystemImpl (MetricsSystemImpl.java:register(276)) - Sink prometheus already exists!
2019-10-14 10:25:32,765 [main] INFO  server.BaseHttpServer (BaseHttpServer.java:updateConnectorAddress(215)) - HTTP server of SCM is listening at http://0.0.0.0:41139
2019-10-14 10:25:32,766 [main] WARN  server.ServerUtils (ServerUtils.java:getDBPath(222)) - ozone.om.db.dirs is not configured. We recommend adding this setting. Falling back to ozone.metadata.dirs instead.
2019-10-14 10:25:32,766 [org.apache.hadoop.util.JvmPauseMonitor$Monitor@2094bf3d] INFO  util.JvmPauseMonitor (JvmPauseMonitor.java:run(188)) - Starting JVM pause monitor
2019-10-14 10:25:32,780 [main] INFO  ha.OMHANodeDetails (OMHANodeDetails.java:loadOMHAConfig(190)) - Configuration either no ozone.om.address set. Falling back to the default OM address /127.0.0.1:0
2019-10-14 10:25:32,781 [main] INFO  ha.OMHANodeDetails (OMHANodeDetails.java:getOMNodeDetails(220)) - OM Service ID is not set. Setting it to the default ID: omServiceIdDefault
2019-10-14 10:25:32,781 [main] WARN  server.ServerUtils (ServerUtils.java:getDBPath(222)) - ozone.om.db.dirs is not configured. We recommend adding this setting. Falling back to ozone.metadata.dirs instead.
2019-10-14 10:25:32,781 [main] WARN  server.ServerUtils (ServerUtils.java:getDBPath(222)) - ozone.om.db.dirs is not configured. We recommend adding this setting. Falling back to ozone.metadata.dirs instead.
2019-10-14 10:25:32,787 [main] WARN  server.ServerUtils (ServerUtils.java:getDBPath(222)) - ozone.om.db.dirs is not configured. We recommend adding this setting. Falling back to ozone.metadata.dirs instead.
2019-10-14 10:25:32,787 [main] INFO  db.DBStoreBuilder (DBStoreBuilder.java:addTable(117)) - using custom profile for table: userTable
2019-10-14 10:25:32,787 [main] INFO  db.DBStoreBuilder (DBStoreBuilder.java:processTables(168)) - Using default column profile:DBProfile.DISK for Table:userTable
2019-10-14 10:25:32,788 [main] INFO  db.DBStoreBuilder (DBStoreBuilder.java:addTable(117)) - using custom profile for table: volumeTable
2019-10-14 10:25:32,788 [main] INFO  db.DBStoreBuilder (DBStoreBuilder.java:processTables(168)) - Using default column profile:DBProfile.DISK for Table:volumeTable
2019-10-14 10:25:32,788 [main] INFO  db.DBStoreBuilder (DBStoreBuilder.java:addTable(117)) - using custom profile for table: bucketTable
2019-10-14 10:25:32,788 [main] INFO  db.DBStoreBuilder (DBStoreBuilder.java:processTables(168)) - Using default column profile:DBProfile.DISK for Table:bucketTable
2019-10-14 10:25:32,788 [main] INFO  db.DBStoreBuilder (DBStoreBuilder.java:addTable(117)) - using custom profile for table: keyTable
2019-10-14 10:25:32,788 [main] INFO  db.DBStoreBuilder (DBStoreBuilder.java:processTables(168)) - Using default column profile:DBProfile.DISK for Table:keyTable
2019-10-14 10:25:32,789 [main] INFO  db.DBStoreBuilder (DBStoreBuilder.java:addTable(117)) - using custom profile for table: deletedTable
2019-10-14 10:25:32,789 [main] INFO  db.DBStoreBuilder (DBStoreBuilder.java:processTables(168)) - Using default column profile:DBProfile.DISK for Table:deletedTable
2019-10-14 10:25:32,789 [main] INFO  db.DBStoreBuilder (DBStoreBuilder.java:addTable(117)) - using custom profile for table: openKeyTable
2019-10-14 10:25:32,789 [main] INFO  db.DBStoreBuilder (DBStoreBuilder.java:processTables(168)) - Using default column profile:DBProfile.DISK for Table:openKeyTable
2019-10-14 10:25:32,789 [main] INFO  db.DBStoreBuilder (DBStoreBuilder.java:addTable(117)) - using custom profile for table: s3Table
2019-10-14 10:25:32,789 [main] INFO  db.DBStoreBuilder (DBStoreBuilder.java:processTables(168)) - Using default column profile:DBProfile.DISK for Table:s3Table
2019-10-14 10:25:32,790 [main] INFO  db.DBStoreBuilder (DBStoreBuilder.java:addTable(117)) - using custom profile for table: multipartInfoTable
2019-10-14 10:25:32,790 [main] INFO  db.DBStoreBuilder (DBStoreBuilder.java:processTables(168)) - Using default column profile:DBProfile.DISK for Table:multipartInfoTable
2019-10-14 10:25:32,790 [main] INFO  db.DBStoreBuilder (DBStoreBuilder.java:addTable(117)) - using custom profile for table: dTokenTable
2019-10-14 10:25:32,790 [main] INFO  db.DBStoreBuilder (DBStoreBuilder.java:processTables(168)) - Using default column profile:DBProfile.DISK for Table:dTokenTable
2019-10-14 10:25:32,790 [main] INFO  db.DBStoreBuilder (DBStoreBuilder.java:addTable(117)) - using custom profile for table: s3SecretTable
2019-10-14 10:25:32,790 [main] INFO  db.DBStoreBuilder (DBStoreBuilder.java:processTables(168)) - Using default column profile:DBProfile.DISK for Table:s3SecretTable
2019-10-14 10:25:32,791 [main] INFO  db.DBStoreBuilder (DBStoreBuilder.java:addTable(117)) - using custom profile for table: prefixTable
2019-10-14 10:25:32,791 [main] INFO  db.DBStoreBuilder (DBStoreBuilder.java:processTables(168)) - Using default column profile:DBProfile.DISK for Table:prefixTable
2019-10-14 10:25:32,791 [main] INFO  db.DBStoreBuilder (DBStoreBuilder.java:addTable(117)) - using custom profile for table: default
2019-10-14 10:25:32,791 [main] INFO  db.DBStoreBuilder (DBStoreBuilder.java:processTables(174)) - Using default column profile:DBProfile.DISK for Table:default
2019-10-14 10:25:32,791 [main] INFO  db.DBStoreBuilder (DBStoreBuilder.java:getDbProfile(205)) - Using default options. DBProfile.DISK
2019-10-14 10:25:33,459 [main] INFO  ipc.CallQueueManager (CallQueueManager.java:<init>(84)) - Using callQueue: class java.util.concurrent.LinkedBlockingQueue, queueCapacity: 2000, scheduler: class org.apache.hadoop.ipc.DefaultRpcScheduler, ipcBackoff: false.
2019-10-14 10:25:33,460 [Socket Reader #1 for port 35545] INFO  ipc.Server (Server.java:run(1074)) - Starting Socket Reader #1 for port 35545
2019-10-14 10:25:33,481 [main] INFO  om.OzoneManager (OzoneManager.java:start(1071)) - OzoneManager RPC server is listening at localhost/127.0.0.1:35545
2019-10-14 10:25:33,481 [main] INFO  impl.MetricsSystemImpl (MetricsSystemImpl.java:init(158)) - OzoneManager metrics system started (again)
2019-10-14 10:25:33,483 [IPC Server Responder] INFO  ipc.Server (Server.java:run(1314)) - IPC Server Responder: starting
2019-10-14 10:25:33,485 [IPC Server listener on 35545] INFO  ipc.Server (Server.java:run(1153)) - IPC Server listener on 35545: starting
2019-10-14 10:25:33,489 [main] INFO  hdfs.DFSUtil (DFSUtil.java:httpServerTemplateForNNAndJN(1641)) - Starting Web-server for ozoneManager at: http://0.0.0.0:0
2019-10-14 10:25:33,491 [main] INFO  server.AuthenticationFilter (AuthenticationFilter.java:constructSecretProvider(240)) - Unable to initialize FileSignerSecretProvider, falling back to use random secrets.
2019-10-14 10:25:33,491 [main] WARN  http.HttpRequestLog (HttpRequestLog.java:getRequestLog(97)) - Jetty request log can only be enabled using Log4j
2019-10-14 10:25:33,493 [main] INFO  http.HttpServer2 (HttpServer2.java:addGlobalFilter(975)) - Added global filter 'safety' (class=org.apache.hadoop.http.HttpServer2$QuotingInputFilter)
2019-10-14 10:25:33,494 [main] INFO  http.HttpServer2 (HttpServer2.java:addFilter(948)) - Added filter static_user_filter (class=org.apache.hadoop.http.lib.StaticUserWebFilter$StaticUserFilter) to context ozoneManager
2019-10-14 10:25:33,494 [main] INFO  http.HttpServer2 (HttpServer2.java:addFilter(958)) - Added filter static_user_filter (class=org.apache.hadoop.http.lib.StaticUserWebFilter$StaticUserFilter) to context logs
2019-10-14 10:25:33,494 [main] INFO  http.HttpServer2 (HttpServer2.java:addFilter(958)) - Added filter static_user_filter (class=org.apache.hadoop.http.lib.StaticUserWebFilter$StaticUserFilter) to context static
2019-10-14 10:25:33,495 [main] INFO  http.HttpServer2 (HttpServer2.java:bindListener(1191)) - Jetty bound to port 34620
2019-10-14 10:25:33,495 [main] INFO  server.Server (Server.java:doStart(351)) - jetty-9.3.25.v20180904, build timestamp: 2018-09-04T21:11:46Z, git hash: 3ce520221d0240229c862b122d2b06c12a625732
2019-10-14 10:25:33,496 [main] INFO  handler.ContextHandler (ContextHandler.java:doStart(781)) - Started o.e.j.s.ServletContextHandler@5618fc1f{/logs,file:///workdir/hadoop-ozone/integration-test/target/log,AVAILABLE}
2019-10-14 10:25:33,497 [main] INFO  handler.ContextHandler (ContextHandler.java:doStart(781)) - Started o.e.j.s.ServletContextHandler@374c3975{/static,file:///workdir/hadoop-ozone/integration-test/target/test-classes/webapps/static,AVAILABLE}
2019-10-14 10:25:33,500 [main] INFO  handler.ContextHandler (ContextHandler.java:doStart(781)) - Started o.e.j.w.WebAppContext@55bf35e5{/,file:///workdir/hadoop-ozone/integration-test/target/test-classes/webapps/ozoneManager/,AVAILABLE}{/ozoneManager}
2019-10-14 10:25:33,501 [main] INFO  server.AbstractConnector (AbstractConnector.java:doStart(278)) - Started ServerConnector@25567581{HTTP/1.1,[http/1.1]}{0.0.0.0:34620}
2019-10-14 10:25:33,502 [main] INFO  server.Server (Server.java:doStart(419)) - Started @618118ms
2019-10-14 10:25:33,502 [main] WARN  impl.MetricsSystemImpl (MetricsSystemImpl.java:register(276)) - Sink prometheus already exists!
2019-10-14 10:25:33,503 [main] INFO  server.BaseHttpServer (BaseHttpServer.java:updateConnectorAddress(215)) - HTTP server of OZONEMANAGER is listening at http://0.0.0.0:34620
2019-10-14 10:25:33,521 [main] INFO  impl.MetricsSystemImpl (MetricsSystemImpl.java:init(158)) - HddsDatanode metrics system started (again)
2019-10-14 10:25:33,527 [main] INFO  ozone.HddsDatanodeService (HddsDatanodeService.java:start(184)) - HddsDatanodeService host:pr-hdds-2296-8rkbz-2376872687 ip:192.168.151.118
2019-10-14 10:25:33,543 [main] INFO  volume.HddsVolume (HddsVolume.java:<init>(176)) - Creating Volume: /workdir/hadoop-ozone/integration-test/target/test-dir/MiniOzoneClusterImpl-47ff539e-8602-4655-a791-f768753789ad/datanode-0/data/containers/hdds of  storage type : DISK and capacity : 1482555576320
2019-10-14 10:25:33,543 [main] INFO  volume.VolumeSet (VolumeSet.java:initializeVolumeSet(170)) - Added Volume : /workdir/hadoop-ozone/integration-test/target/test-dir/MiniOzoneClusterImpl-47ff539e-8602-4655-a791-f768753789ad/datanode-0/data/containers/hdds to VolumeSet
2019-10-14 10:25:33,543 [main] INFO  volume.ThrottledAsyncChecker (ThrottledAsyncChecker.java:schedule(141)) - Scheduling a check for org.apache.hadoop.ozone.container.common.volume.HddsVolume@3a4e524
2019-10-14 10:25:33,544 [main] INFO  volume.HddsVolumeChecker (HddsVolumeChecker.java:checkAllVolumes(204)) - Scheduled health check for volume org.apache.hadoop.ozone.container.common.volume.HddsVolume@3a4e524
2019-10-14 10:25:33,558 [main] INFO  impl.RaftServerProxy (ConfUtils.java:logGet(43)) - raft.rpc.type = GRPC (default)
2019-10-14 10:25:33,558 [main] INFO  grpc.GrpcFactory (GrpcFactory.java:checkPooledByteBufAllocatorUseCacheForAllThreads(45)) - PERFORMANCE WARNING: useCacheForAllThreads is true that may cause Netty to create a lot garbage objects and, as a result, trigger GC.
	It is recommended to disable useCacheForAllThreads by setting -Dorg.apache.ratis.thirdparty.io.netty.allocator.useCacheForAllThreads=false in command line.
2019-10-14 10:25:33,558 [main] INFO  grpc.GrpcConfigKeys$Server (ConfUtils.java:logGet(43)) - raft.grpc.server.port = 0 (default)
2019-10-14 10:25:33,558 [main] INFO  server.GrpcService (ConfUtils.java:logGet(43)) - raft.grpc.message.size.max = 33570816 (custom)
2019-10-14 10:25:33,559 [main] INFO  server.RaftServerConfigKeys (ConfUtils.java:logGet(43)) - raft.server.log.appender.buffer.byte-limit = 33554432 (custom)
2019-10-14 10:25:33,559 [main] INFO  server.GrpcService (ConfUtils.java:logGet(43)) - raft.grpc.flow.control.window = 1MB (=1048576) (default)
2019-10-14 10:25:33,559 [main] INFO  server.RaftServerConfigKeys (ConfUtils.java:logGet(43)) - raft.server.rpc.request.timeout = 3000ms (default)
2019-10-14 10:25:33,560 [main] INFO  server.RaftServerConfigKeys (ConfUtils.java:logGet(43)) - raft.server.storage.dir = [/workdir/hadoop-ozone/integration-test/target/test-dir/MiniOzoneClusterImpl-47ff539e-8602-4655-a791-f768753789ad/datanode-0/data/ratis] (custom)
2019-10-14 10:25:33,561 [main] INFO  hdfs.DFSUtil (DFSUtil.java:httpServerTemplateForNNAndJN(1641)) - Starting Web-server for hddsDatanode at: http://0.0.0.0:0
2019-10-14 10:25:33,562 [main] INFO  server.AuthenticationFilter (AuthenticationFilter.java:constructSecretProvider(240)) - Unable to initialize FileSignerSecretProvider, falling back to use random secrets.
2019-10-14 10:25:33,563 [main] WARN  http.HttpRequestLog (HttpRequestLog.java:getRequestLog(97)) - Jetty request log can only be enabled using Log4j
2019-10-14 10:25:33,564 [main] INFO  http.HttpServer2 (HttpServer2.java:addGlobalFilter(975)) - Added global filter 'safety' (class=org.apache.hadoop.http.HttpServer2$QuotingInputFilter)
2019-10-14 10:25:33,564 [main] INFO  http.HttpServer2 (HttpServer2.java:addFilter(948)) - Added filter static_user_filter (class=org.apache.hadoop.http.lib.StaticUserWebFilter$StaticUserFilter) to context hddsDatanode
2019-10-14 10:25:33,564 [main] INFO  http.HttpServer2 (HttpServer2.java:addFilter(958)) - Added filter static_user_filter (class=org.apache.hadoop.http.lib.StaticUserWebFilter$StaticUserFilter) to context static
2019-10-14 10:25:33,564 [main] INFO  http.HttpServer2 (HttpServer2.java:addFilter(958)) - Added filter static_user_filter (class=org.apache.hadoop.http.lib.StaticUserWebFilter$StaticUserFilter) to context logs
2019-10-14 10:25:33,565 [main] INFO  http.HttpServer2 (HttpServer2.java:bindListener(1191)) - Jetty bound to port 44623
2019-10-14 10:25:33,565 [main] INFO  server.Server (Server.java:doStart(351)) - jetty-9.3.25.v20180904, build timestamp: 2018-09-04T21:11:46Z, git hash: 3ce520221d0240229c862b122d2b06c12a625732
2019-10-14 10:25:33,566 [main] INFO  handler.ContextHandler (ContextHandler.java:doStart(781)) - Started o.e.j.s.ServletContextHandler@23648d2d{/logs,file:///workdir/hadoop-ozone/integration-test/target/log,AVAILABLE}
2019-10-14 10:25:33,567 [main] INFO  handler.ContextHandler (ContextHandler.java:doStart(781)) - Started o.e.j.s.ServletContextHandler@37c1cfa{/static,jar:file:/home/user/.m2/repository/org/apache/hadoop/hadoop-hdds-container-service/0.5.0-SNAPSHOT/hadoop-hdds-container-service-0.5.0-SNAPSHOT.jar!/webapps/static,AVAILABLE}
2019-10-14 10:25:33,592 [main] INFO  handler.ContextHandler (ContextHandler.java:doStart(781)) - Started o.e.j.w.WebAppContext@852ef8d{/,file:///tmp/jetty-0.0.0.0-44623-hddsDatanode-_-any-8559523321018764373.dir/webapp/,AVAILABLE}{/hddsDatanode}
2019-10-14 10:25:33,592 [main] INFO  server.AbstractConnector (AbstractConnector.java:doStart(278)) - Started ServerConnector@44dd0d38{HTTP/1.1,[http/1.1]}{0.0.0.0:44623}
2019-10-14 10:25:33,594 [main] INFO  server.Server (Server.java:doStart(419)) - Started @618210ms
2019-10-14 10:25:33,594 [main] WARN  impl.MetricsSystemImpl (MetricsSystemImpl.java:register(276)) - Sink prometheus already exists!
2019-10-14 10:25:33,595 [main] INFO  server.BaseHttpServer (BaseHttpServer.java:updateConnectorAddress(215)) - HTTP server of HDDSDATANODE is listening at http://0.0.0.0:44623
2019-10-14 10:25:33,595 [main] INFO  impl.MetricsSystemImpl (MetricsSystemImpl.java:init(158)) - HddsDatanode metrics system started (again)
2019-10-14 10:25:33,600 [org.apache.hadoop.util.JvmPauseMonitor$Monitor@627d79a] INFO  util.JvmPauseMonitor (JvmPauseMonitor.java:run(188)) - Starting JVM pause monitor
2019-10-14 10:25:33,600 [main] INFO  ozone.HddsDatanodeService (HddsDatanodeService.java:start(184)) - HddsDatanodeService host:pr-hdds-2296-8rkbz-2376872687 ip:192.168.151.118
2019-10-14 10:25:33,601 [Datanode State Machine Thread - 0] INFO  datanode.InitDatanodeState (InitDatanodeState.java:persistContainerDatanodeDetails(140)) - DatanodeDetails is persisted to /workdir/hadoop-ozone/integration-test/target/test-dir/MiniOzoneClusterImpl-47ff539e-8602-4655-a791-f768753789ad/datanode-0/meta/datanode.id
2019-10-14 10:25:33,606 [main] INFO  volume.HddsVolume (HddsVolume.java:<init>(176)) - Creating Volume: /workdir/hadoop-ozone/integration-test/target/test-dir/MiniOzoneClusterImpl-47ff539e-8602-4655-a791-f768753789ad/datanode-1/data/containers/hdds of  storage type : DISK and capacity : 1482555576320
2019-10-14 10:25:33,606 [main] INFO  volume.VolumeSet (VolumeSet.java:initializeVolumeSet(170)) - Added Volume : /workdir/hadoop-ozone/integration-test/target/test-dir/MiniOzoneClusterImpl-47ff539e-8602-4655-a791-f768753789ad/datanode-1/data/containers/hdds to VolumeSet
2019-10-14 10:25:33,606 [main] INFO  volume.ThrottledAsyncChecker (ThrottledAsyncChecker.java:schedule(141)) - Scheduling a check for org.apache.hadoop.ozone.container.common.volume.HddsVolume@71567f33
2019-10-14 10:25:33,606 [main] INFO  volume.HddsVolumeChecker (HddsVolumeChecker.java:checkAllVolumes(204)) - Scheduled health check for volume org.apache.hadoop.ozone.container.common.volume.HddsVolume@71567f33
2019-10-14 10:25:33,619 [main] INFO  impl.RaftServerProxy (ConfUtils.java:logGet(43)) - raft.rpc.type = GRPC (default)
2019-10-14 10:25:33,619 [main] INFO  grpc.GrpcFactory (GrpcFactory.java:checkPooledByteBufAllocatorUseCacheForAllThreads(45)) - PERFORMANCE WARNING: useCacheForAllThreads is true that may cause Netty to create a lot garbage objects and, as a result, trigger GC.
	It is recommended to disable useCacheForAllThreads by setting -Dorg.apache.ratis.thirdparty.io.netty.allocator.useCacheForAllThreads=false in command line.
2019-10-14 10:25:33,620 [main] INFO  grpc.GrpcConfigKeys$Server (ConfUtils.java:logGet(43)) - raft.grpc.server.port = 0 (default)
2019-10-14 10:25:33,620 [main] INFO  server.GrpcService (ConfUtils.java:logGet(43)) - raft.grpc.message.size.max = 33570816 (custom)
2019-10-14 10:25:33,620 [main] INFO  server.RaftServerConfigKeys (ConfUtils.java:logGet(43)) - raft.server.log.appender.buffer.byte-limit = 33554432 (custom)
2019-10-14 10:25:33,620 [main] INFO  server.GrpcService (ConfUtils.java:logGet(43)) - raft.grpc.flow.control.window = 1MB (=1048576) (default)
2019-10-14 10:25:33,620 [main] INFO  server.RaftServerConfigKeys (ConfUtils.java:logGet(43)) - raft.server.rpc.request.timeout = 3000ms (default)
2019-10-14 10:25:33,621 [main] INFO  server.RaftServerConfigKeys (ConfUtils.java:logGet(43)) - raft.server.storage.dir = [/workdir/hadoop-ozone/integration-test/target/test-dir/MiniOzoneClusterImpl-47ff539e-8602-4655-a791-f768753789ad/datanode-1/data/ratis] (custom)
2019-10-14 10:25:33,622 [main] INFO  hdfs.DFSUtil (DFSUtil.java:httpServerTemplateForNNAndJN(1641)) - Starting Web-server for hddsDatanode at: http://0.0.0.0:0
2019-10-14 10:25:33,623 [main] INFO  server.AuthenticationFilter (AuthenticationFilter.java:constructSecretProvider(240)) - Unable to initialize FileSignerSecretProvider, falling back to use random secrets.
2019-10-14 10:25:33,623 [main] WARN  http.HttpRequestLog (HttpRequestLog.java:getRequestLog(97)) - Jetty request log can only be enabled using Log4j
2019-10-14 10:25:33,624 [main] INFO  http.HttpServer2 (HttpServer2.java:addGlobalFilter(975)) - Added global filter 'safety' (class=org.apache.hadoop.http.HttpServer2$QuotingInputFilter)
2019-10-14 10:25:33,624 [main] INFO  http.HttpServer2 (HttpServer2.java:addFilter(948)) - Added filter static_user_filter (class=org.apache.hadoop.http.lib.StaticUserWebFilter$StaticUserFilter) to context hddsDatanode
2019-10-14 10:25:33,625 [main] INFO  http.HttpServer2 (HttpServer2.java:addFilter(958)) - Added filter static_user_filter (class=org.apache.hadoop.http.lib.StaticUserWebFilter$StaticUserFilter) to context logs
2019-10-14 10:25:33,625 [main] INFO  http.HttpServer2 (HttpServer2.java:addFilter(958)) - Added filter static_user_filter (class=org.apache.hadoop.http.lib.StaticUserWebFilter$StaticUserFilter) to context static
2019-10-14 10:25:33,625 [main] INFO  http.HttpServer2 (HttpServer2.java:bindListener(1191)) - Jetty bound to port 34961
2019-10-14 10:25:33,625 [main] INFO  server.Server (Server.java:doStart(351)) - jetty-9.3.25.v20180904, build timestamp: 2018-09-04T21:11:46Z, git hash: 3ce520221d0240229c862b122d2b06c12a625732
2019-10-14 10:25:33,627 [main] INFO  handler.ContextHandler (ContextHandler.java:doStart(781)) - Started o.e.j.s.ServletContextHandler@587f4f63{/logs,file:///workdir/hadoop-ozone/integration-test/target/log,AVAILABLE}
2019-10-14 10:25:33,627 [main] INFO  handler.ContextHandler (ContextHandler.java:doStart(781)) - Started o.e.j.s.ServletContextHandler@6fb0261e{/static,jar:file:/home/user/.m2/repository/org/apache/hadoop/hadoop-hdds-container-service/0.5.0-SNAPSHOT/hadoop-hdds-container-service-0.5.0-SNAPSHOT.jar!/webapps/static,AVAILABLE}
2019-10-14 10:25:33,653 [main] INFO  handler.ContextHandler (ContextHandler.java:doStart(781)) - Started o.e.j.w.WebAppContext@1e191150{/,file:///tmp/jetty-0.0.0.0-34961-hddsDatanode-_-any-4927943765869995679.dir/webapp/,AVAILABLE}{/hddsDatanode}
2019-10-14 10:25:33,654 [main] INFO  server.AbstractConnector (AbstractConnector.java:doStart(278)) - Started ServerConnector@2fbd390{HTTP/1.1,[http/1.1]}{0.0.0.0:34961}
2019-10-14 10:25:33,654 [main] INFO  server.Server (Server.java:doStart(419)) - Started @618270ms
2019-10-14 10:25:33,655 [main] WARN  impl.MetricsSystemImpl (MetricsSystemImpl.java:register(276)) - Sink prometheus already exists!
2019-10-14 10:25:33,656 [main] INFO  server.BaseHttpServer (BaseHttpServer.java:updateConnectorAddress(215)) - HTTP server of HDDSDATANODE is listening at http://0.0.0.0:34961
2019-10-14 10:25:33,656 [main] INFO  impl.MetricsSystemImpl (MetricsSystemImpl.java:init(158)) - HddsDatanode metrics system started (again)
2019-10-14 10:25:33,661 [org.apache.hadoop.util.JvmPauseMonitor$Monitor@72fbc2bd] INFO  util.JvmPauseMonitor (JvmPauseMonitor.java:run(188)) - Starting JVM pause monitor
2019-10-14 10:25:33,662 [main] INFO  ozone.HddsDatanodeService (HddsDatanodeService.java:start(184)) - HddsDatanodeService host:pr-hdds-2296-8rkbz-2376872687 ip:192.168.151.118
2019-10-14 10:25:33,662 [Datanode State Machine Thread - 0] INFO  datanode.InitDatanodeState (InitDatanodeState.java:persistContainerDatanodeDetails(140)) - DatanodeDetails is persisted to /workdir/hadoop-ozone/integration-test/target/test-dir/MiniOzoneClusterImpl-47ff539e-8602-4655-a791-f768753789ad/datanode-1/meta/datanode.id
2019-10-14 10:25:33,667 [main] INFO  volume.HddsVolume (HddsVolume.java:<init>(176)) - Creating Volume: /workdir/hadoop-ozone/integration-test/target/test-dir/MiniOzoneClusterImpl-47ff539e-8602-4655-a791-f768753789ad/datanode-2/data/containers/hdds of  storage type : DISK and capacity : 1482555576320
2019-10-14 10:25:33,667 [main] INFO  volume.VolumeSet (VolumeSet.java:initializeVolumeSet(170)) - Added Volume : /workdir/hadoop-ozone/integration-test/target/test-dir/MiniOzoneClusterImpl-47ff539e-8602-4655-a791-f768753789ad/datanode-2/data/containers/hdds to VolumeSet
2019-10-14 10:25:33,668 [main] INFO  volume.ThrottledAsyncChecker (ThrottledAsyncChecker.java:schedule(141)) - Scheduling a check for org.apache.hadoop.ozone.container.common.volume.HddsVolume@4567fb2b
2019-10-14 10:25:33,668 [main] INFO  volume.HddsVolumeChecker (HddsVolumeChecker.java:checkAllVolumes(204)) - Scheduled health check for volume org.apache.hadoop.ozone.container.common.volume.HddsVolume@4567fb2b
2019-10-14 10:25:33,680 [main] INFO  impl.RaftServerProxy (ConfUtils.java:logGet(43)) - raft.rpc.type = GRPC (default)
2019-10-14 10:25:33,680 [main] INFO  grpc.GrpcFactory (GrpcFactory.java:checkPooledByteBufAllocatorUseCacheForAllThreads(45)) - PERFORMANCE WARNING: useCacheForAllThreads is true that may cause Netty to create a lot garbage objects and, as a result, trigger GC.
	It is recommended to disable useCacheForAllThreads by setting -Dorg.apache.ratis.thirdparty.io.netty.allocator.useCacheForAllThreads=false in command line.
2019-10-14 10:25:33,680 [main] INFO  grpc.GrpcConfigKeys$Server (ConfUtils.java:logGet(43)) - raft.grpc.server.port = 0 (default)
2019-10-14 10:25:33,680 [main] INFO  server.GrpcService (ConfUtils.java:logGet(43)) - raft.grpc.message.size.max = 33570816 (custom)
2019-10-14 10:25:33,680 [main] INFO  server.RaftServerConfigKeys (ConfUtils.java:logGet(43)) - raft.server.log.appender.buffer.byte-limit = 33554432 (custom)
2019-10-14 10:25:33,680 [main] INFO  server.GrpcService (ConfUtils.java:logGet(43)) - raft.grpc.flow.control.window = 1MB (=1048576) (default)
2019-10-14 10:25:33,681 [main] INFO  server.RaftServerConfigKeys (ConfUtils.java:logGet(43)) - raft.server.rpc.request.timeout = 3000ms (default)
2019-10-14 10:25:33,681 [main] INFO  server.RaftServerConfigKeys (ConfUtils.java:logGet(43)) - raft.server.storage.dir = [/workdir/hadoop-ozone/integration-test/target/test-dir/MiniOzoneClusterImpl-47ff539e-8602-4655-a791-f768753789ad/datanode-2/data/ratis] (custom)
2019-10-14 10:25:33,682 [main] INFO  hdfs.DFSUtil (DFSUtil.java:httpServerTemplateForNNAndJN(1641)) - Starting Web-server for hddsDatanode at: http://0.0.0.0:0
2019-10-14 10:25:33,683 [main] INFO  server.AuthenticationFilter (AuthenticationFilter.java:constructSecretProvider(240)) - Unable to initialize FileSignerSecretProvider, falling back to use random secrets.
2019-10-14 10:25:33,683 [main] WARN  http.HttpRequestLog (HttpRequestLog.java:getRequestLog(97)) - Jetty request log can only be enabled using Log4j
2019-10-14 10:25:33,684 [main] INFO  http.HttpServer2 (HttpServer2.java:addGlobalFilter(975)) - Added global filter 'safety' (class=org.apache.hadoop.http.HttpServer2$QuotingInputFilter)
2019-10-14 10:25:33,685 [main] INFO  http.HttpServer2 (HttpServer2.java:addFilter(948)) - Added filter static_user_filter (class=org.apache.hadoop.http.lib.StaticUserWebFilter$StaticUserFilter) to context hddsDatanode
2019-10-14 10:25:33,685 [main] INFO  http.HttpServer2 (HttpServer2.java:addFilter(958)) - Added filter static_user_filter (class=org.apache.hadoop.http.lib.StaticUserWebFilter$StaticUserFilter) to context logs
2019-10-14 10:25:33,685 [main] INFO  http.HttpServer2 (HttpServer2.java:addFilter(958)) - Added filter static_user_filter (class=org.apache.hadoop.http.lib.StaticUserWebFilter$StaticUserFilter) to context static
2019-10-14 10:25:33,686 [main] INFO  http.HttpServer2 (HttpServer2.java:bindListener(1191)) - Jetty bound to port 37089
2019-10-14 10:25:33,686 [main] INFO  server.Server (Server.java:doStart(351)) - jetty-9.3.25.v20180904, build timestamp: 2018-09-04T21:11:46Z, git hash: 3ce520221d0240229c862b122d2b06c12a625732
2019-10-14 10:25:33,687 [main] INFO  handler.ContextHandler (ContextHandler.java:doStart(781)) - Started o.e.j.s.ServletContextHandler@541d4d9f{/logs,file:///workdir/hadoop-ozone/integration-test/target/log,AVAILABLE}
2019-10-14 10:25:33,687 [main] INFO  handler.ContextHandler (ContextHandler.java:doStart(781)) - Started o.e.j.s.ServletContextHandler@48dff674{/static,jar:file:/home/user/.m2/repository/org/apache/hadoop/hadoop-hdds-container-service/0.5.0-SNAPSHOT/hadoop-hdds-container-service-0.5.0-SNAPSHOT.jar!/webapps/static,AVAILABLE}
2019-10-14 10:25:33,713 [main] INFO  handler.ContextHandler (ContextHandler.java:doStart(781)) - Started o.e.j.w.WebAppContext@652e345{/,file:///tmp/jetty-0.0.0.0-37089-hddsDatanode-_-any-3392919453499777550.dir/webapp/,AVAILABLE}{/hddsDatanode}
2019-10-14 10:25:33,713 [main] INFO  server.AbstractConnector (AbstractConnector.java:doStart(278)) - Started ServerConnector@7574d4ad{HTTP/1.1,[http/1.1]}{0.0.0.0:37089}
2019-10-14 10:25:33,715 [main] INFO  server.Server (Server.java:doStart(419)) - Started @618329ms
2019-10-14 10:25:33,715 [main] WARN  impl.MetricsSystemImpl (MetricsSystemImpl.java:register(276)) - Sink prometheus already exists!
2019-10-14 10:25:33,716 [main] INFO  server.BaseHttpServer (BaseHttpServer.java:updateConnectorAddress(215)) - HTTP server of HDDSDATANODE is listening at http://0.0.0.0:37089
2019-10-14 10:25:33,716 [main] INFO  impl.MetricsSystemImpl (MetricsSystemImpl.java:init(158)) - HddsDatanode metrics system started (again)
2019-10-14 10:25:33,721 [org.apache.hadoop.util.JvmPauseMonitor$Monitor@1da3fa87] INFO  util.JvmPauseMonitor (JvmPauseMonitor.java:run(188)) - Starting JVM pause monitor
2019-10-14 10:25:33,722 [main] INFO  ozone.HddsDatanodeService (HddsDatanodeService.java:start(184)) - HddsDatanodeService host:pr-hdds-2296-8rkbz-2376872687 ip:192.168.151.118
2019-10-14 10:25:33,723 [Datanode State Machine Thread - 0] INFO  datanode.InitDatanodeState (InitDatanodeState.java:persistContainerDatanodeDetails(140)) - DatanodeDetails is persisted to /workdir/hadoop-ozone/integration-test/target/test-dir/MiniOzoneClusterImpl-47ff539e-8602-4655-a791-f768753789ad/datanode-2/meta/datanode.id
2019-10-14 10:25:33,728 [main] INFO  volume.HddsVolume (HddsVolume.java:<init>(176)) - Creating Volume: /workdir/hadoop-ozone/integration-test/target/test-dir/MiniOzoneClusterImpl-47ff539e-8602-4655-a791-f768753789ad/datanode-3/data/containers/hdds of  storage type : DISK and capacity : 1482555576320
2019-10-14 10:25:33,728 [main] INFO  volume.VolumeSet (VolumeSet.java:initializeVolumeSet(170)) - Added Volume : /workdir/hadoop-ozone/integration-test/target/test-dir/MiniOzoneClusterImpl-47ff539e-8602-4655-a791-f768753789ad/datanode-3/data/containers/hdds to VolumeSet
2019-10-14 10:25:33,728 [main] INFO  volume.ThrottledAsyncChecker (ThrottledAsyncChecker.java:schedule(141)) - Scheduling a check for org.apache.hadoop.ozone.container.common.volume.HddsVolume@5940b14e
2019-10-14 10:25:33,728 [main] INFO  volume.HddsVolumeChecker (HddsVolumeChecker.java:checkAllVolumes(204)) - Scheduled health check for volume org.apache.hadoop.ozone.container.common.volume.HddsVolume@5940b14e
2019-10-14 10:25:33,741 [main] INFO  impl.RaftServerProxy (ConfUtils.java:logGet(43)) - raft.rpc.type = GRPC (default)
2019-10-14 10:25:33,741 [main] INFO  grpc.GrpcFactory (GrpcFactory.java:checkPooledByteBufAllocatorUseCacheForAllThreads(45)) - PERFORMANCE WARNING: useCacheForAllThreads is true that may cause Netty to create a lot garbage objects and, as a result, trigger GC.
	It is recommended to disable useCacheForAllThreads by setting -Dorg.apache.ratis.thirdparty.io.netty.allocator.useCacheForAllThreads=false in command line.
2019-10-14 10:25:33,741 [main] INFO  grpc.GrpcConfigKeys$Server (ConfUtils.java:logGet(43)) - raft.grpc.server.port = 0 (default)
2019-10-14 10:25:33,741 [main] INFO  server.GrpcService (ConfUtils.java:logGet(43)) - raft.grpc.message.size.max = 33570816 (custom)
2019-10-14 10:25:33,742 [main] INFO  server.RaftServerConfigKeys (ConfUtils.java:logGet(43)) - raft.server.log.appender.buffer.byte-limit = 33554432 (custom)
2019-10-14 10:25:33,742 [main] INFO  server.GrpcService (ConfUtils.java:logGet(43)) - raft.grpc.flow.control.window = 1MB (=1048576) (default)
2019-10-14 10:25:33,742 [main] INFO  server.RaftServerConfigKeys (ConfUtils.java:logGet(43)) - raft.server.rpc.request.timeout = 3000ms (default)
2019-10-14 10:25:33,742 [main] INFO  server.RaftServerConfigKeys (ConfUtils.java:logGet(43)) - raft.server.storage.dir = [/workdir/hadoop-ozone/integration-test/target/test-dir/MiniOzoneClusterImpl-47ff539e-8602-4655-a791-f768753789ad/datanode-3/data/ratis] (custom)
2019-10-14 10:25:33,743 [main] INFO  hdfs.DFSUtil (DFSUtil.java:httpServerTemplateForNNAndJN(1641)) - Starting Web-server for hddsDatanode at: http://0.0.0.0:0
2019-10-14 10:25:33,744 [main] INFO  server.AuthenticationFilter (AuthenticationFilter.java:constructSecretProvider(240)) - Unable to initialize FileSignerSecretProvider, falling back to use random secrets.
2019-10-14 10:25:33,745 [main] WARN  http.HttpRequestLog (HttpRequestLog.java:getRequestLog(97)) - Jetty request log can only be enabled using Log4j
2019-10-14 10:25:33,746 [main] INFO  http.HttpServer2 (HttpServer2.java:addGlobalFilter(975)) - Added global filter 'safety' (class=org.apache.hadoop.http.HttpServer2$QuotingInputFilter)
2019-10-14 10:25:33,746 [main] INFO  http.HttpServer2 (HttpServer2.java:addFilter(948)) - Added filter static_user_filter (class=org.apache.hadoop.http.lib.StaticUserWebFilter$StaticUserFilter) to context hddsDatanode
2019-10-14 10:25:33,746 [main] INFO  http.HttpServer2 (HttpServer2.java:addFilter(958)) - Added filter static_user_filter (class=org.apache.hadoop.http.lib.StaticUserWebFilter$StaticUserFilter) to context static
2019-10-14 10:25:33,746 [main] INFO  http.HttpServer2 (HttpServer2.java:addFilter(958)) - Added filter static_user_filter (class=org.apache.hadoop.http.lib.StaticUserWebFilter$StaticUserFilter) to context logs
2019-10-14 10:25:33,747 [main] INFO  http.HttpServer2 (HttpServer2.java:bindListener(1191)) - Jetty bound to port 37749
2019-10-14 10:25:33,747 [main] INFO  server.Server (Server.java:doStart(351)) - jetty-9.3.25.v20180904, build timestamp: 2018-09-04T21:11:46Z, git hash: 3ce520221d0240229c862b122d2b06c12a625732
2019-10-14 10:25:33,748 [main] INFO  handler.ContextHandler (ContextHandler.java:doStart(781)) - Started o.e.j.s.ServletContextHandler@3271ec2a{/logs,file:///workdir/hadoop-ozone/integration-test/target/log,AVAILABLE}
2019-10-14 10:25:33,748 [main] INFO  handler.ContextHandler (ContextHandler.java:doStart(781)) - Started o.e.j.s.ServletContextHandler@1689527c{/static,jar:file:/home/user/.m2/repository/org/apache/hadoop/hadoop-hdds-container-service/0.5.0-SNAPSHOT/hadoop-hdds-container-service-0.5.0-SNAPSHOT.jar!/webapps/static,AVAILABLE}
2019-10-14 10:25:33,774 [main] INFO  handler.ContextHandler (ContextHandler.java:doStart(781)) - Started o.e.j.w.WebAppContext@74a58a06{/,file:///tmp/jetty-0.0.0.0-37749-hddsDatanode-_-any-67454670464211089.dir/webapp/,AVAILABLE}{/hddsDatanode}
2019-10-14 10:25:33,774 [main] INFO  server.AbstractConnector (AbstractConnector.java:doStart(278)) - Started ServerConnector@7308c820{HTTP/1.1,[http/1.1]}{0.0.0.0:37749}
2019-10-14 10:25:33,776 [main] INFO  server.Server (Server.java:doStart(419)) - Started @618391ms
2019-10-14 10:25:33,776 [main] WARN  impl.MetricsSystemImpl (MetricsSystemImpl.java:register(276)) - Sink prometheus already exists!
2019-10-14 10:25:33,776 [main] INFO  server.BaseHttpServer (BaseHttpServer.java:updateConnectorAddress(215)) - HTTP server of HDDSDATANODE is listening at http://0.0.0.0:37749
2019-10-14 10:25:33,777 [main] INFO  impl.MetricsSystemImpl (MetricsSystemImpl.java:init(158)) - HddsDatanode metrics system started (again)
2019-10-14 10:25:33,782 [org.apache.hadoop.util.JvmPauseMonitor$Monitor@6b5c72f6] INFO  util.JvmPauseMonitor (JvmPauseMonitor.java:run(188)) - Starting JVM pause monitor
2019-10-14 10:25:33,782 [main] INFO  ozone.HddsDatanodeService (HddsDatanodeService.java:start(184)) - HddsDatanodeService host:pr-hdds-2296-8rkbz-2376872687 ip:192.168.151.118
2019-10-14 10:25:33,783 [Datanode State Machine Thread - 0] INFO  datanode.InitDatanodeState (InitDatanodeState.java:persistContainerDatanodeDetails(140)) - DatanodeDetails is persisted to /workdir/hadoop-ozone/integration-test/target/test-dir/MiniOzoneClusterImpl-47ff539e-8602-4655-a791-f768753789ad/datanode-3/meta/datanode.id
2019-10-14 10:25:33,788 [main] INFO  volume.HddsVolume (HddsVolume.java:<init>(176)) - Creating Volume: /workdir/hadoop-ozone/integration-test/target/test-dir/MiniOzoneClusterImpl-47ff539e-8602-4655-a791-f768753789ad/datanode-4/data/containers/hdds of  storage type : DISK and capacity : 1482555576320
2019-10-14 10:25:33,789 [main] INFO  volume.VolumeSet (VolumeSet.java:initializeVolumeSet(170)) - Added Volume : /workdir/hadoop-ozone/integration-test/target/test-dir/MiniOzoneClusterImpl-47ff539e-8602-4655-a791-f768753789ad/datanode-4/data/containers/hdds to VolumeSet
2019-10-14 10:25:33,789 [main] INFO  volume.ThrottledAsyncChecker (ThrottledAsyncChecker.java:schedule(141)) - Scheduling a check for org.apache.hadoop.ozone.container.common.volume.HddsVolume@4e4894d
2019-10-14 10:25:33,789 [main] INFO  volume.HddsVolumeChecker (HddsVolumeChecker.java:checkAllVolumes(204)) - Scheduled health check for volume org.apache.hadoop.ozone.container.common.volume.HddsVolume@4e4894d
2019-10-14 10:25:33,802 [main] INFO  impl.RaftServerProxy (ConfUtils.java:logGet(43)) - raft.rpc.type = GRPC (default)
2019-10-14 10:25:33,802 [main] INFO  grpc.GrpcFactory (GrpcFactory.java:checkPooledByteBufAllocatorUseCacheForAllThreads(45)) - PERFORMANCE WARNING: useCacheForAllThreads is true that may cause Netty to create a lot garbage objects and, as a result, trigger GC.
	It is recommended to disable useCacheForAllThreads by setting -Dorg.apache.ratis.thirdparty.io.netty.allocator.useCacheForAllThreads=false in command line.
2019-10-14 10:25:33,802 [main] INFO  grpc.GrpcConfigKeys$Server (ConfUtils.java:logGet(43)) - raft.grpc.server.port = 0 (default)
2019-10-14 10:25:33,802 [main] INFO  server.GrpcService (ConfUtils.java:logGet(43)) - raft.grpc.message.size.max = 33570816 (custom)
2019-10-14 10:25:33,803 [main] INFO  server.RaftServerConfigKeys (ConfUtils.java:logGet(43)) - raft.server.log.appender.buffer.byte-limit = 33554432 (custom)
2019-10-14 10:25:33,803 [main] INFO  server.GrpcService (ConfUtils.java:logGet(43)) - raft.grpc.flow.control.window = 1MB (=1048576) (default)
2019-10-14 10:25:33,803 [main] INFO  server.RaftServerConfigKeys (ConfUtils.java:logGet(43)) - raft.server.rpc.request.timeout = 3000ms (default)
2019-10-14 10:25:33,803 [main] INFO  server.RaftServerConfigKeys (ConfUtils.java:logGet(43)) - raft.server.storage.dir = [/workdir/hadoop-ozone/integration-test/target/test-dir/MiniOzoneClusterImpl-47ff539e-8602-4655-a791-f768753789ad/datanode-4/data/ratis] (custom)
2019-10-14 10:25:33,804 [main] INFO  hdfs.DFSUtil (DFSUtil.java:httpServerTemplateForNNAndJN(1641)) - Starting Web-server for hddsDatanode at: http://0.0.0.0:0
2019-10-14 10:25:33,806 [main] INFO  server.AuthenticationFilter (AuthenticationFilter.java:constructSecretProvider(240)) - Unable to initialize FileSignerSecretProvider, falling back to use random secrets.
2019-10-14 10:25:33,806 [main] WARN  http.HttpRequestLog (HttpRequestLog.java:getRequestLog(97)) - Jetty request log can only be enabled using Log4j
2019-10-14 10:25:33,807 [main] INFO  http.HttpServer2 (HttpServer2.java:addGlobalFilter(975)) - Added global filter 'safety' (class=org.apache.hadoop.http.HttpServer2$QuotingInputFilter)
2019-10-14 10:25:33,807 [main] INFO  http.HttpServer2 (HttpServer2.java:addFilter(948)) - Added filter static_user_filter (class=org.apache.hadoop.http.lib.StaticUserWebFilter$StaticUserFilter) to context hddsDatanode
2019-10-14 10:25:33,808 [main] INFO  http.HttpServer2 (HttpServer2.java:addFilter(958)) - Added filter static_user_filter (class=org.apache.hadoop.http.lib.StaticUserWebFilter$StaticUserFilter) to context static
2019-10-14 10:25:33,808 [main] INFO  http.HttpServer2 (HttpServer2.java:addFilter(958)) - Added filter static_user_filter (class=org.apache.hadoop.http.lib.StaticUserWebFilter$StaticUserFilter) to context logs
2019-10-14 10:25:33,808 [main] INFO  http.HttpServer2 (HttpServer2.java:bindListener(1191)) - Jetty bound to port 40728
2019-10-14 10:25:33,808 [main] INFO  server.Server (Server.java:doStart(351)) - jetty-9.3.25.v20180904, build timestamp: 2018-09-04T21:11:46Z, git hash: 3ce520221d0240229c862b122d2b06c12a625732
2019-10-14 10:25:33,810 [main] INFO  handler.ContextHandler (ContextHandler.java:doStart(781)) - Started o.e.j.s.ServletContextHandler@25214797{/logs,file:///workdir/hadoop-ozone/integration-test/target/log,AVAILABLE}
2019-10-14 10:25:33,810 [main] INFO  handler.ContextHandler (ContextHandler.java:doStart(781)) - Started o.e.j.s.ServletContextHandler@60928a61{/static,jar:file:/home/user/.m2/repository/org/apache/hadoop/hadoop-hdds-container-service/0.5.0-SNAPSHOT/hadoop-hdds-container-service-0.5.0-SNAPSHOT.jar!/webapps/static,AVAILABLE}
2019-10-14 10:25:33,836 [main] INFO  handler.ContextHandler (ContextHandler.java:doStart(781)) - Started o.e.j.w.WebAppContext@635ff2a5{/,file:///tmp/jetty-0.0.0.0-40728-hddsDatanode-_-any-9136216615552595533.dir/webapp/,AVAILABLE}{/hddsDatanode}
2019-10-14 10:25:33,836 [main] INFO  server.AbstractConnector (AbstractConnector.java:doStart(278)) - Started ServerConnector@55adcf9e{HTTP/1.1,[http/1.1]}{0.0.0.0:40728}
2019-10-14 10:25:33,839 [main] INFO  server.Server (Server.java:doStart(419)) - Started @618455ms
2019-10-14 10:25:33,839 [main] WARN  impl.MetricsSystemImpl (MetricsSystemImpl.java:register(276)) - Sink prometheus already exists!
2019-10-14 10:25:33,840 [main] INFO  server.BaseHttpServer (BaseHttpServer.java:updateConnectorAddress(215)) - HTTP server of HDDSDATANODE is listening at http://0.0.0.0:40728
2019-10-14 10:25:33,840 [main] INFO  impl.MetricsSystemImpl (MetricsSystemImpl.java:init(158)) - HddsDatanode metrics system started (again)
2019-10-14 10:25:33,841 [org.apache.hadoop.util.JvmPauseMonitor$Monitor@46a3984e] INFO  util.JvmPauseMonitor (JvmPauseMonitor.java:run(188)) - Starting JVM pause monitor
2019-10-14 10:25:33,847 [main] INFO  ozone.HddsDatanodeService (HddsDatanodeService.java:start(184)) - HddsDatanodeService host:pr-hdds-2296-8rkbz-2376872687 ip:192.168.151.118
2019-10-14 10:25:33,847 [Datanode State Machine Thread - 0] INFO  datanode.InitDatanodeState (InitDatanodeState.java:persistContainerDatanodeDetails(140)) - DatanodeDetails is persisted to /workdir/hadoop-ozone/integration-test/target/test-dir/MiniOzoneClusterImpl-47ff539e-8602-4655-a791-f768753789ad/datanode-4/meta/datanode.id
2019-10-14 10:25:33,858 [main] INFO  volume.HddsVolume (HddsVolume.java:<init>(176)) - Creating Volume: /workdir/hadoop-ozone/integration-test/target/test-dir/MiniOzoneClusterImpl-47ff539e-8602-4655-a791-f768753789ad/datanode-5/data/containers/hdds of  storage type : DISK and capacity : 1482555576320
2019-10-14 10:25:33,858 [main] INFO  volume.VolumeSet (VolumeSet.java:initializeVolumeSet(170)) - Added Volume : /workdir/hadoop-ozone/integration-test/target/test-dir/MiniOzoneClusterImpl-47ff539e-8602-4655-a791-f768753789ad/datanode-5/data/containers/hdds to VolumeSet
2019-10-14 10:25:33,858 [main] INFO  volume.ThrottledAsyncChecker (ThrottledAsyncChecker.java:schedule(141)) - Scheduling a check for org.apache.hadoop.ozone.container.common.volume.HddsVolume@46d0f89c
2019-10-14 10:25:33,859 [main] INFO  volume.HddsVolumeChecker (HddsVolumeChecker.java:checkAllVolumes(204)) - Scheduled health check for volume org.apache.hadoop.ozone.container.common.volume.HddsVolume@46d0f89c
2019-10-14 10:25:33,878 [main] INFO  impl.RaftServerProxy (ConfUtils.java:logGet(43)) - raft.rpc.type = GRPC (default)
2019-10-14 10:25:33,878 [main] INFO  grpc.GrpcFactory (GrpcFactory.java:checkPooledByteBufAllocatorUseCacheForAllThreads(45)) - PERFORMANCE WARNING: useCacheForAllThreads is true that may cause Netty to create a lot garbage objects and, as a result, trigger GC.
	It is recommended to disable useCacheForAllThreads by setting -Dorg.apache.ratis.thirdparty.io.netty.allocator.useCacheForAllThreads=false in command line.
2019-10-14 10:25:33,879 [main] INFO  grpc.GrpcConfigKeys$Server (ConfUtils.java:logGet(43)) - raft.grpc.server.port = 0 (default)
2019-10-14 10:25:33,879 [main] INFO  server.GrpcService (ConfUtils.java:logGet(43)) - raft.grpc.message.size.max = 33570816 (custom)
2019-10-14 10:25:33,879 [main] INFO  server.RaftServerConfigKeys (ConfUtils.java:logGet(43)) - raft.server.log.appender.buffer.byte-limit = 33554432 (custom)
2019-10-14 10:25:33,879 [main] INFO  server.GrpcService (ConfUtils.java:logGet(43)) - raft.grpc.flow.control.window = 1MB (=1048576) (default)
2019-10-14 10:25:33,879 [main] INFO  server.RaftServerConfigKeys (ConfUtils.java:logGet(43)) - raft.server.rpc.request.timeout = 3000ms (default)
2019-10-14 10:25:33,880 [main] INFO  server.RaftServerConfigKeys (ConfUtils.java:logGet(43)) - raft.server.storage.dir = [/workdir/hadoop-ozone/integration-test/target/test-dir/MiniOzoneClusterImpl-47ff539e-8602-4655-a791-f768753789ad/datanode-5/data/ratis] (custom)
2019-10-14 10:25:33,881 [main] INFO  hdfs.DFSUtil (DFSUtil.java:httpServerTemplateForNNAndJN(1641)) - Starting Web-server for hddsDatanode at: http://0.0.0.0:0
2019-10-14 10:25:33,882 [main] INFO  server.AuthenticationFilter (AuthenticationFilter.java:constructSecretProvider(240)) - Unable to initialize FileSignerSecretProvider, falling back to use random secrets.
2019-10-14 10:25:33,883 [main] WARN  http.HttpRequestLog (HttpRequestLog.java:getRequestLog(97)) - Jetty request log can only be enabled using Log4j
2019-10-14 10:25:33,884 [main] INFO  http.HttpServer2 (HttpServer2.java:addGlobalFilter(975)) - Added global filter 'safety' (class=org.apache.hadoop.http.HttpServer2$QuotingInputFilter)
2019-10-14 10:25:33,884 [main] INFO  http.HttpServer2 (HttpServer2.java:addFilter(948)) - Added filter static_user_filter (class=org.apache.hadoop.http.lib.StaticUserWebFilter$StaticUserFilter) to context hddsDatanode
2019-10-14 10:25:33,885 [main] INFO  http.HttpServer2 (HttpServer2.java:addFilter(958)) - Added filter static_user_filter (class=org.apache.hadoop.http.lib.StaticUserWebFilter$StaticUserFilter) to context static
2019-10-14 10:25:33,885 [main] INFO  http.HttpServer2 (HttpServer2.java:addFilter(958)) - Added filter static_user_filter (class=org.apache.hadoop.http.lib.StaticUserWebFilter$StaticUserFilter) to context logs
2019-10-14 10:25:33,885 [main] INFO  http.HttpServer2 (HttpServer2.java:bindListener(1191)) - Jetty bound to port 34299
2019-10-14 10:25:33,885 [main] INFO  server.Server (Server.java:doStart(351)) - jetty-9.3.25.v20180904, build timestamp: 2018-09-04T21:11:46Z, git hash: 3ce520221d0240229c862b122d2b06c12a625732
2019-10-14 10:25:33,887 [main] INFO  handler.ContextHandler (ContextHandler.java:doStart(781)) - Started o.e.j.s.ServletContextHandler@7404ddca{/logs,file:///workdir/hadoop-ozone/integration-test/target/log,AVAILABLE}
2019-10-14 10:25:33,887 [main] INFO  handler.ContextHandler (ContextHandler.java:doStart(781)) - Started o.e.j.s.ServletContextHandler@4438938e{/static,jar:file:/home/user/.m2/repository/org/apache/hadoop/hadoop-hdds-container-service/0.5.0-SNAPSHOT/hadoop-hdds-container-service-0.5.0-SNAPSHOT.jar!/webapps/static,AVAILABLE}
2019-10-14 10:25:33,913 [main] INFO  handler.ContextHandler (ContextHandler.java:doStart(781)) - Started o.e.j.w.WebAppContext@15994b0b{/,file:///tmp/jetty-0.0.0.0-34299-hddsDatanode-_-any-3321413143590178392.dir/webapp/,AVAILABLE}{/hddsDatanode}
2019-10-14 10:25:33,914 [main] INFO  server.AbstractConnector (AbstractConnector.java:doStart(278)) - Started ServerConnector@12cd129c{HTTP/1.1,[http/1.1]}{0.0.0.0:34299}
2019-10-14 10:25:33,915 [main] INFO  server.Server (Server.java:doStart(419)) - Started @618531ms
2019-10-14 10:25:33,916 [main] WARN  impl.MetricsSystemImpl (MetricsSystemImpl.java:register(276)) - Sink prometheus already exists!
2019-10-14 10:25:33,916 [main] INFO  server.BaseHttpServer (BaseHttpServer.java:updateConnectorAddress(215)) - HTTP server of HDDSDATANODE is listening at http://0.0.0.0:34299
2019-10-14 10:25:33,917 [main] INFO  impl.MetricsSystemImpl (MetricsSystemImpl.java:init(158)) - HddsDatanode metrics system started (again)
2019-10-14 10:25:33,923 [org.apache.hadoop.util.JvmPauseMonitor$Monitor@39d202c1] INFO  util.JvmPauseMonitor (JvmPauseMonitor.java:run(188)) - Starting JVM pause monitor
2019-10-14 10:25:33,924 [Datanode State Machine Thread - 0] INFO  datanode.InitDatanodeState (InitDatanodeState.java:persistContainerDatanodeDetails(140)) - DatanodeDetails is persisted to /workdir/hadoop-ozone/integration-test/target/test-dir/MiniOzoneClusterImpl-47ff539e-8602-4655-a791-f768753789ad/datanode-5/meta/datanode.id
2019-10-14 10:25:33,924 [main] INFO  ozone.HddsDatanodeService (HddsDatanodeService.java:start(184)) - HddsDatanodeService host:pr-hdds-2296-8rkbz-2376872687 ip:192.168.151.118
2019-10-14 10:25:33,929 [main] INFO  volume.HddsVolume (HddsVolume.java:<init>(176)) - Creating Volume: /workdir/hadoop-ozone/integration-test/target/test-dir/MiniOzoneClusterImpl-47ff539e-8602-4655-a791-f768753789ad/datanode-6/data/containers/hdds of  storage type : DISK and capacity : 1482555576320
2019-10-14 10:25:33,929 [main] INFO  volume.VolumeSet (VolumeSet.java:initializeVolumeSet(170)) - Added Volume : /workdir/hadoop-ozone/integration-test/target/test-dir/MiniOzoneClusterImpl-47ff539e-8602-4655-a791-f768753789ad/datanode-6/data/containers/hdds to VolumeSet
2019-10-14 10:25:33,929 [main] INFO  volume.ThrottledAsyncChecker (ThrottledAsyncChecker.java:schedule(141)) - Scheduling a check for org.apache.hadoop.ozone.container.common.volume.HddsVolume@6d4a05f7
2019-10-14 10:25:33,930 [main] INFO  volume.HddsVolumeChecker (HddsVolumeChecker.java:checkAllVolumes(204)) - Scheduled health check for volume org.apache.hadoop.ozone.container.common.volume.HddsVolume@6d4a05f7
2019-10-14 10:25:33,942 [main] INFO  impl.RaftServerProxy (ConfUtils.java:logGet(43)) - raft.rpc.type = GRPC (default)
2019-10-14 10:25:33,942 [main] INFO  grpc.GrpcFactory (GrpcFactory.java:checkPooledByteBufAllocatorUseCacheForAllThreads(45)) - PERFORMANCE WARNING: useCacheForAllThreads is true that may cause Netty to create a lot garbage objects and, as a result, trigger GC.
	It is recommended to disable useCacheForAllThreads by setting -Dorg.apache.ratis.thirdparty.io.netty.allocator.useCacheForAllThreads=false in command line.
2019-10-14 10:25:33,942 [main] INFO  grpc.GrpcConfigKeys$Server (ConfUtils.java:logGet(43)) - raft.grpc.server.port = 0 (default)
2019-10-14 10:25:33,942 [main] INFO  server.GrpcService (ConfUtils.java:logGet(43)) - raft.grpc.message.size.max = 33570816 (custom)
2019-10-14 10:25:33,942 [main] INFO  server.RaftServerConfigKeys (ConfUtils.java:logGet(43)) - raft.server.log.appender.buffer.byte-limit = 33554432 (custom)
2019-10-14 10:25:33,942 [main] INFO  server.GrpcService (ConfUtils.java:logGet(43)) - raft.grpc.flow.control.window = 1MB (=1048576) (default)
2019-10-14 10:25:33,942 [main] INFO  server.RaftServerConfigKeys (ConfUtils.java:logGet(43)) - raft.server.rpc.request.timeout = 3000ms (default)
2019-10-14 10:25:33,943 [main] INFO  server.RaftServerConfigKeys (ConfUtils.java:logGet(43)) - raft.server.storage.dir = [/workdir/hadoop-ozone/integration-test/target/test-dir/MiniOzoneClusterImpl-47ff539e-8602-4655-a791-f768753789ad/datanode-6/data/ratis] (custom)
2019-10-14 10:25:33,944 [main] INFO  hdfs.DFSUtil (DFSUtil.java:httpServerTemplateForNNAndJN(1641)) - Starting Web-server for hddsDatanode at: http://0.0.0.0:0
2019-10-14 10:25:33,945 [main] INFO  server.AuthenticationFilter (AuthenticationFilter.java:constructSecretProvider(240)) - Unable to initialize FileSignerSecretProvider, falling back to use random secrets.
2019-10-14 10:25:33,945 [main] WARN  http.HttpRequestLog (HttpRequestLog.java:getRequestLog(97)) - Jetty request log can only be enabled using Log4j
2019-10-14 10:25:33,946 [main] INFO  http.HttpServer2 (HttpServer2.java:addGlobalFilter(975)) - Added global filter 'safety' (class=org.apache.hadoop.http.HttpServer2$QuotingInputFilter)
2019-10-14 10:25:33,947 [main] INFO  http.HttpServer2 (HttpServer2.java:addFilter(948)) - Added filter static_user_filter (class=org.apache.hadoop.http.lib.StaticUserWebFilter$StaticUserFilter) to context hddsDatanode
2019-10-14 10:25:33,947 [main] INFO  http.HttpServer2 (HttpServer2.java:addFilter(958)) - Added filter static_user_filter (class=org.apache.hadoop.http.lib.StaticUserWebFilter$StaticUserFilter) to context logs
2019-10-14 10:25:33,947 [main] INFO  http.HttpServer2 (HttpServer2.java:addFilter(958)) - Added filter static_user_filter (class=org.apache.hadoop.http.lib.StaticUserWebFilter$StaticUserFilter) to context static
2019-10-14 10:25:33,947 [main] INFO  http.HttpServer2 (HttpServer2.java:bindListener(1191)) - Jetty bound to port 42222
2019-10-14 10:25:33,948 [main] INFO  server.Server (Server.java:doStart(351)) - jetty-9.3.25.v20180904, build timestamp: 2018-09-04T21:11:46Z, git hash: 3ce520221d0240229c862b122d2b06c12a625732
2019-10-14 10:25:33,949 [main] INFO  handler.ContextHandler (ContextHandler.java:doStart(781)) - Started o.e.j.s.ServletContextHandler@1d1bf7bf{/logs,file:///workdir/hadoop-ozone/integration-test/target/log,AVAILABLE}
2019-10-14 10:25:33,949 [main] INFO  handler.ContextHandler (ContextHandler.java:doStart(781)) - Started o.e.j.s.ServletContextHandler@4d43a1b7{/static,jar:file:/home/user/.m2/repository/org/apache/hadoop/hadoop-hdds-container-service/0.5.0-SNAPSHOT/hadoop-hdds-container-service-0.5.0-SNAPSHOT.jar!/webapps/static,AVAILABLE}
2019-10-14 10:25:33,973 [main] INFO  handler.ContextHandler (ContextHandler.java:doStart(781)) - Started o.e.j.w.WebAppContext@653a5967{/,file:///tmp/jetty-0.0.0.0-42222-hddsDatanode-_-any-5313847791946109930.dir/webapp/,AVAILABLE}{/hddsDatanode}
2019-10-14 10:25:33,974 [main] INFO  server.AbstractConnector (AbstractConnector.java:doStart(278)) - Started ServerConnector@5a85b4e6{HTTP/1.1,[http/1.1]}{0.0.0.0:42222}
2019-10-14 10:25:33,976 [main] INFO  server.Server (Server.java:doStart(419)) - Started @618592ms
2019-10-14 10:25:33,976 [main] WARN  impl.MetricsSystemImpl (MetricsSystemImpl.java:register(276)) - Sink prometheus already exists!
2019-10-14 10:25:33,977 [main] INFO  server.BaseHttpServer (BaseHttpServer.java:updateConnectorAddress(215)) - HTTP server of HDDSDATANODE is listening at http://0.0.0.0:42222
2019-10-14 10:25:33,980 [main] INFO  ozone.MiniOzoneClusterImpl (MiniOzoneClusterImpl.java:lambda$waitForClusterToBeReady$0(147)) - Waiting for cluster to be ready. Got 0 of 7 DN Heartbeats.
2019-10-14 10:25:33,981 [org.apache.hadoop.util.JvmPauseMonitor$Monitor@738771af] INFO  util.JvmPauseMonitor (JvmPauseMonitor.java:run(188)) - Starting JVM pause monitor
2019-10-14 10:25:33,982 [Datanode State Machine Thread - 0] INFO  datanode.InitDatanodeState (InitDatanodeState.java:persistContainerDatanodeDetails(140)) - DatanodeDetails is persisted to /workdir/hadoop-ozone/integration-test/target/test-dir/MiniOzoneClusterImpl-47ff539e-8602-4655-a791-f768753789ad/datanode-6/meta/datanode.id
2019-10-14 10:25:34,981 [main] INFO  ozone.MiniOzoneClusterImpl (MiniOzoneClusterImpl.java:lambda$waitForClusterToBeReady$0(147)) - Waiting for cluster to be ready. Got 0 of 7 DN Heartbeats.
2019-10-14 10:25:35,626 [Datanode State Machine Thread - 0] INFO  ozoneimpl.OzoneContainer (OzoneContainer.java:start(213)) - Attempting to start container services.
2019-10-14 10:25:35,627 [Datanode State Machine Thread - 0] INFO  ozoneimpl.OzoneContainer (OzoneContainer.java:startContainerScrub(177)) - Background container scanner has been disabled.
2019-10-14 10:25:35,627 [Datanode State Machine Thread - 0] INFO  ratis.XceiverServerRatis (XceiverServerRatis.java:start(418)) - Starting XceiverServerRatis 7d5485eb-98a2-417e-8893-a021e5c10a65 at port 0
2019-10-14 10:25:35,631 [Datanode State Machine Thread - 0] INFO  impl.RaftServerProxy (RaftServerProxy.java:lambda$start$3(299)) - 7d5485eb-98a2-417e-8893-a021e5c10a65: start RPC server
2019-10-14 10:25:35,633 [Datanode State Machine Thread - 0] INFO  server.GrpcService (GrpcService.java:startImpl(158)) - 7d5485eb-98a2-417e-8893-a021e5c10a65: GrpcService started, listening on 0.0.0.0/0.0.0.0:35827
2019-10-14 10:25:35,634 [Datanode State Machine Thread - 0] INFO  ratis.XceiverServerRatis (XceiverServerRatis.java:start(428)) - XceiverServerRatis 7d5485eb-98a2-417e-8893-a021e5c10a65 is started using port 35827
2019-10-14 10:25:35,634 [Datanode State Machine Thread - 0] INFO  server.XceiverServerGrpc (XceiverServerGrpc.java:start(149)) - XceiverServerGrpc 7d5485eb-98a2-417e-8893-a021e5c10a65 is started using port 34354
2019-10-14 10:25:35,676 [Datanode State Machine Thread - 0] INFO  ozoneimpl.OzoneContainer (OzoneContainer.java:start(213)) - Attempting to start container services.
2019-10-14 10:25:35,676 [Datanode State Machine Thread - 0] INFO  ozoneimpl.OzoneContainer (OzoneContainer.java:startContainerScrub(177)) - Background container scanner has been disabled.
2019-10-14 10:25:35,677 [Datanode State Machine Thread - 0] INFO  ratis.XceiverServerRatis (XceiverServerRatis.java:start(418)) - Starting XceiverServerRatis f5ac7400-e094-47f8-9db6-ca035a1b2b73 at port 0
2019-10-14 10:25:35,681 [Datanode State Machine Thread - 0] INFO  impl.RaftServerProxy (RaftServerProxy.java:lambda$start$3(299)) - f5ac7400-e094-47f8-9db6-ca035a1b2b73: start RPC server
2019-10-14 10:25:35,684 [Datanode State Machine Thread - 0] INFO  server.GrpcService (GrpcService.java:startImpl(158)) - f5ac7400-e094-47f8-9db6-ca035a1b2b73: GrpcService started, listening on 0.0.0.0/0.0.0.0:32856
2019-10-14 10:25:35,684 [Datanode State Machine Thread - 0] INFO  ratis.XceiverServerRatis (XceiverServerRatis.java:start(428)) - XceiverServerRatis f5ac7400-e094-47f8-9db6-ca035a1b2b73 is started using port 32856
2019-10-14 10:25:35,684 [Datanode State Machine Thread - 0] INFO  server.XceiverServerGrpc (XceiverServerGrpc.java:start(149)) - XceiverServerGrpc f5ac7400-e094-47f8-9db6-ca035a1b2b73 is started using port 43115
2019-10-14 10:25:35,755 [Datanode State Machine Thread - 0] INFO  ozoneimpl.OzoneContainer (OzoneContainer.java:start(213)) - Attempting to start container services.
2019-10-14 10:25:35,756 [Datanode State Machine Thread - 0] INFO  ozoneimpl.OzoneContainer (OzoneContainer.java:startContainerScrub(177)) - Background container scanner has been disabled.
2019-10-14 10:25:35,756 [Datanode State Machine Thread - 0] INFO  ratis.XceiverServerRatis (XceiverServerRatis.java:start(418)) - Starting XceiverServerRatis f9d94a56-3fa0-438a-8a56-ab8ac89c506c at port 0
2019-10-14 10:25:35,763 [Datanode State Machine Thread - 0] INFO  impl.RaftServerProxy (RaftServerProxy.java:lambda$start$3(299)) - f9d94a56-3fa0-438a-8a56-ab8ac89c506c: start RPC server
2019-10-14 10:25:35,763 [Datanode State Machine Thread - 0] INFO  server.GrpcService (GrpcService.java:startImpl(158)) - f9d94a56-3fa0-438a-8a56-ab8ac89c506c: GrpcService started, listening on 0.0.0.0/0.0.0.0:39998
2019-10-14 10:25:35,763 [Datanode State Machine Thread - 0] INFO  ratis.XceiverServerRatis (XceiverServerRatis.java:start(428)) - XceiverServerRatis f9d94a56-3fa0-438a-8a56-ab8ac89c506c is started using port 39998
2019-10-14 10:25:35,773 [Datanode State Machine Thread - 0] INFO  server.XceiverServerGrpc (XceiverServerGrpc.java:start(149)) - XceiverServerGrpc f9d94a56-3fa0-438a-8a56-ab8ac89c506c is started using port 33393
2019-10-14 10:25:35,797 [Datanode State Machine Thread - 0] INFO  ozoneimpl.OzoneContainer (OzoneContainer.java:start(213)) - Attempting to start container services.
2019-10-14 10:25:35,797 [Datanode State Machine Thread - 0] INFO  ozoneimpl.OzoneContainer (OzoneContainer.java:startContainerScrub(177)) - Background container scanner has been disabled.
2019-10-14 10:25:35,798 [Datanode State Machine Thread - 0] INFO  ratis.XceiverServerRatis (XceiverServerRatis.java:start(418)) - Starting XceiverServerRatis ecf3d7c5-d006-40fa-a3e5-89e1b8755dd8 at port 0
2019-10-14 10:25:35,802 [Datanode State Machine Thread - 0] INFO  impl.RaftServerProxy (RaftServerProxy.java:lambda$start$3(299)) - ecf3d7c5-d006-40fa-a3e5-89e1b8755dd8: start RPC server
2019-10-14 10:25:35,803 [Datanode State Machine Thread - 0] INFO  server.GrpcService (GrpcService.java:startImpl(158)) - ecf3d7c5-d006-40fa-a3e5-89e1b8755dd8: GrpcService started, listening on 0.0.0.0/0.0.0.0:33252
2019-10-14 10:25:35,803 [Datanode State Machine Thread - 0] INFO  ratis.XceiverServerRatis (XceiverServerRatis.java:start(428)) - XceiverServerRatis ecf3d7c5-d006-40fa-a3e5-89e1b8755dd8 is started using port 33252
2019-10-14 10:25:35,803 [Datanode State Machine Thread - 0] INFO  server.XceiverServerGrpc (XceiverServerGrpc.java:start(149)) - XceiverServerGrpc ecf3d7c5-d006-40fa-a3e5-89e1b8755dd8 is started using port 34477
2019-10-14 10:25:35,855 [Datanode State Machine Thread - 0] INFO  ozoneimpl.OzoneContainer (OzoneContainer.java:start(213)) - Attempting to start container services.
2019-10-14 10:25:35,855 [Datanode State Machine Thread - 0] INFO  ozoneimpl.OzoneContainer (OzoneContainer.java:startContainerScrub(177)) - Background container scanner has been disabled.
2019-10-14 10:25:35,855 [Datanode State Machine Thread - 0] INFO  ratis.XceiverServerRatis (XceiverServerRatis.java:start(418)) - Starting XceiverServerRatis ed754b3d-dc69-4cc3-9634-7e4a70f3318e at port 0
2019-10-14 10:25:35,861 [Datanode State Machine Thread - 0] INFO  impl.RaftServerProxy (RaftServerProxy.java:lambda$start$3(299)) - ed754b3d-dc69-4cc3-9634-7e4a70f3318e: start RPC server
2019-10-14 10:25:35,861 [Datanode State Machine Thread - 0] INFO  server.GrpcService (GrpcService.java:startImpl(158)) - ed754b3d-dc69-4cc3-9634-7e4a70f3318e: GrpcService started, listening on 0.0.0.0/0.0.0.0:45052
2019-10-14 10:25:35,862 [Datanode State Machine Thread - 0] INFO  ratis.XceiverServerRatis (XceiverServerRatis.java:start(428)) - XceiverServerRatis ed754b3d-dc69-4cc3-9634-7e4a70f3318e is started using port 45052
2019-10-14 10:25:35,862 [Datanode State Machine Thread - 0] INFO  server.XceiverServerGrpc (XceiverServerGrpc.java:start(149)) - XceiverServerGrpc ed754b3d-dc69-4cc3-9634-7e4a70f3318e is started using port 44331
2019-10-14 10:25:35,954 [Datanode State Machine Thread - 0] INFO  ozoneimpl.OzoneContainer (OzoneContainer.java:start(213)) - Attempting to start container services.
2019-10-14 10:25:35,954 [Datanode State Machine Thread - 0] INFO  ozoneimpl.OzoneContainer (OzoneContainer.java:startContainerScrub(177)) - Background container scanner has been disabled.
2019-10-14 10:25:35,955 [Datanode State Machine Thread - 0] INFO  ratis.XceiverServerRatis (XceiverServerRatis.java:start(418)) - Starting XceiverServerRatis da1611dd-f331-4f41-9503-72cb73569654 at port 0
2019-10-14 10:25:35,959 [Datanode State Machine Thread - 0] INFO  impl.RaftServerProxy (RaftServerProxy.java:lambda$start$3(299)) - da1611dd-f331-4f41-9503-72cb73569654: start RPC server
2019-10-14 10:25:35,960 [Datanode State Machine Thread - 0] INFO  server.GrpcService (GrpcService.java:startImpl(158)) - da1611dd-f331-4f41-9503-72cb73569654: GrpcService started, listening on 0.0.0.0/0.0.0.0:43263
2019-10-14 10:25:35,960 [Datanode State Machine Thread - 0] INFO  ratis.XceiverServerRatis (XceiverServerRatis.java:start(428)) - XceiverServerRatis da1611dd-f331-4f41-9503-72cb73569654 is started using port 43263
2019-10-14 10:25:35,960 [Datanode State Machine Thread - 0] INFO  server.XceiverServerGrpc (XceiverServerGrpc.java:start(149)) - XceiverServerGrpc da1611dd-f331-4f41-9503-72cb73569654 is started using port 45726
2019-10-14 10:25:35,982 [main] INFO  ozone.MiniOzoneClusterImpl (MiniOzoneClusterImpl.java:lambda$waitForClusterToBeReady$0(147)) - Waiting for cluster to be ready. Got 0 of 7 DN Heartbeats.
2019-10-14 10:25:36,004 [Datanode State Machine Thread - 0] INFO  ozoneimpl.OzoneContainer (OzoneContainer.java:start(213)) - Attempting to start container services.
2019-10-14 10:25:36,004 [Datanode State Machine Thread - 0] INFO  ozoneimpl.OzoneContainer (OzoneContainer.java:startContainerScrub(177)) - Background container scanner has been disabled.
2019-10-14 10:25:36,004 [Datanode State Machine Thread - 0] INFO  ratis.XceiverServerRatis (XceiverServerRatis.java:start(418)) - Starting XceiverServerRatis 92f62135-9987-4782-b20c-15a380a16cff at port 0
2019-10-14 10:25:36,008 [Datanode State Machine Thread - 0] INFO  impl.RaftServerProxy (RaftServerProxy.java:lambda$start$3(299)) - 92f62135-9987-4782-b20c-15a380a16cff: start RPC server
2019-10-14 10:25:36,008 [Datanode State Machine Thread - 0] INFO  server.GrpcService (GrpcService.java:startImpl(158)) - 92f62135-9987-4782-b20c-15a380a16cff: GrpcService started, listening on 0.0.0.0/0.0.0.0:45519
2019-10-14 10:25:36,008 [Datanode State Machine Thread - 0] INFO  ratis.XceiverServerRatis (XceiverServerRatis.java:start(428)) - XceiverServerRatis 92f62135-9987-4782-b20c-15a380a16cff is started using port 45519
2019-10-14 10:25:36,008 [Datanode State Machine Thread - 0] INFO  server.XceiverServerGrpc (XceiverServerGrpc.java:start(149)) - XceiverServerGrpc 92f62135-9987-4782-b20c-15a380a16cff is started using port 44432
2019-10-14 10:25:36,982 [main] INFO  ozone.MiniOzoneClusterImpl (MiniOzoneClusterImpl.java:lambda$waitForClusterToBeReady$0(147)) - Waiting for cluster to be ready. Got 0 of 7 DN Heartbeats.
2019-10-14 10:25:37,607 [IPC Server handler 5 on 35247] INFO  net.NetworkTopology (NetworkTopologyImpl.java:add(111)) - Added a new node: /default-rack/7d5485eb-98a2-417e-8893-a021e5c10a65
2019-10-14 10:25:37,610 [IPC Server handler 5 on 35247] INFO  node.SCMNodeManager (SCMNodeManager.java:register(268)) - Registered Data node : 7d5485eb-98a2-417e-8893-a021e5c10a65{ip: 192.168.151.118, host: pr-hdds-2296-8rkbz-2376872687, networkLocation: /default-rack, certSerialId: null}
2019-10-14 10:25:37,611 [EventQueue-NodeRegistrationContainerReportForDataNodeSafeModeRule] INFO  safemode.SCMSafeModeManager (DataNodeSafeModeRule.java:process(71)) - SCM in safe mode. 1 DataNodes registered, 1 required.
2019-10-14 10:25:37,614 [EventQueue-NodeRegistrationContainerReportForDataNodeSafeModeRule] INFO  safemode.SCMSafeModeManager (SCMSafeModeManager.java:validateSafeModeExitRules(177)) - ScmSafeModeManager, all rules are successfully validated
2019-10-14 10:25:37,614 [EventQueue-NodeRegistrationContainerReportForDataNodeSafeModeRule] INFO  safemode.SCMSafeModeManager (SCMSafeModeManager.java:exitSafeMode(193)) - SCM exiting safe mode.
2019-10-14 10:25:37,624 [grpc-default-executor-6] INFO  impl.RaftServerProxy (RaftServerProxy.java:addNew(89)) - 7d5485eb-98a2-417e-8893-a021e5c10a65: addNew group-AFF31D6AD4F4:[7d5485eb-98a2-417e-8893-a021e5c10a65:192.168.151.118:35827] returns group-AFF31D6AD4F4:java.util.concurrent.CompletableFuture@1e5b966c[Not completed]
2019-10-14 10:25:37,627 [pool-499-thread-1] INFO  impl.RaftServerImpl (RaftServerImpl.java:<init>(95)) - 7d5485eb-98a2-417e-8893-a021e5c10a65: new RaftServerImpl for group-AFF31D6AD4F4:[7d5485eb-98a2-417e-8893-a021e5c10a65:192.168.151.118:35827] with ContainerStateMachine:uninitialized
2019-10-14 10:25:37,627 [pool-499-thread-1] INFO  server.RaftServerConfigKeys (ConfUtils.java:logGet(43)) - raft.server.rpc.timeout.min = 5s (custom)
2019-10-14 10:25:37,627 [pool-499-thread-1] INFO  server.RaftServerConfigKeys (ConfUtils.java:logGet(43)) - raft.server.rpc.timeout.max = 5200ms (custom)
2019-10-14 10:25:37,627 [pool-499-thread-1] INFO  server.RaftServerConfigKeys (ConfUtils.java:logGet(43)) - raft.server.rpcslowness.timeout = 120s (custom)
2019-10-14 10:25:37,627 [pool-499-thread-1] INFO  server.RaftServerConfigKeys (ConfUtils.java:logGet(43)) - raft.server.sleep.deviation.threshold = 300 (default)
2019-10-14 10:25:37,627 [pool-499-thread-1] INFO  server.RaftServerConfigKeys (ConfUtils.java:logGet(43)) - raft.server.log.appender.install.snapshot.enabled = false (custom)
2019-10-14 10:25:37,628 [pool-499-thread-1] INFO  impl.RaftServerImpl (ServerState.java:<init>(103)) - 7d5485eb-98a2-417e-8893-a021e5c10a65@group-AFF31D6AD4F4: ConfigurationManager, init=-1: [7d5485eb-98a2-417e-8893-a021e5c10a65:192.168.151.118:35827], old=null, confs=<EMPTY_MAP>
2019-10-14 10:25:37,628 [pool-499-thread-1] INFO  server.RaftServerConfigKeys (ConfUtils.java:logGet(43)) - raft.server.storage.dir = [/workdir/hadoop-ozone/integration-test/target/test-dir/MiniOzoneClusterImpl-47ff539e-8602-4655-a791-f768753789ad/datanode-0/data/ratis] (custom)
2019-10-14 10:25:37,628 [pool-499-thread-1] INFO  server.RaftServerConfigKeys (ConfUtils.java:logGet(43)) - raft.server.log.corruption.policy = EXCEPTION (default)
2019-10-14 10:25:37,629 [pool-499-thread-1] INFO  storage.RaftStorageDirectory (RaftStorageDirectory.java:analyzeStorage(246)) - The storage directory /workdir/hadoop-ozone/integration-test/target/test-dir/MiniOzoneClusterImpl-47ff539e-8602-4655-a791-f768753789ad/datanode-0/data/ratis/40880d60-ebf8-4b18-84b9-aff31d6ad4f4 does not exist. Creating ...
2019-10-14 10:25:37,635 [pool-499-thread-1] INFO  storage.RaftStorageDirectory (RaftStorageDirectory.java:tryLock(328)) - Lock on /workdir/hadoop-ozone/integration-test/target/test-dir/MiniOzoneClusterImpl-47ff539e-8602-4655-a791-f768753789ad/datanode-0/data/ratis/40880d60-ebf8-4b18-84b9-aff31d6ad4f4/in_use.lock acquired by nodename 23677@pr-hdds-2296-8rkbz-2376872687
2019-10-14 10:25:37,662 [IPC Server handler 7 on 35247] INFO  net.NetworkTopology (NetworkTopologyImpl.java:add(111)) - Added a new node: /default-rack/f5ac7400-e094-47f8-9db6-ca035a1b2b73
2019-10-14 10:25:37,663 [IPC Server handler 7 on 35247] INFO  node.SCMNodeManager (SCMNodeManager.java:register(268)) - Registered Data node : f5ac7400-e094-47f8-9db6-ca035a1b2b73{ip: 192.168.151.118, host: pr-hdds-2296-8rkbz-2376872687, networkLocation: /default-rack, certSerialId: null}
2019-10-14 10:25:37,665 [pool-499-thread-1] INFO  storage.RaftStorage (RaftStorage.java:format(84)) - Storage directory /workdir/hadoop-ozone/integration-test/target/test-dir/MiniOzoneClusterImpl-47ff539e-8602-4655-a791-f768753789ad/datanode-0/data/ratis/40880d60-ebf8-4b18-84b9-aff31d6ad4f4 has been successfully formatted.
2019-10-14 10:25:37,665 [pool-499-thread-1] INFO  ratis.ContainerStateMachine (ContainerStateMachine.java:loadSnapshot(231)) - group-AFF31D6AD4F4: The snapshot info is null. Setting the last applied indexto:(t:0, i:~)
2019-10-14 10:25:37,665 [pool-499-thread-1] INFO  server.RaftServerConfigKeys (ConfUtils.java:logGet(43)) - raft.server.notification.no-leader.timeout = 120s (custom)
2019-10-14 10:25:37,666 [pool-499-thread-1] INFO  server.RaftServerConfigKeys (ConfUtils.java:logGet(43)) - raft.server.log.use.memory = false (default)
2019-10-14 10:25:37,666 [pool-499-thread-1] INFO  server.RaftServerConfigKeys (ConfUtils.java:logGet(43)) - raft.server.log.purge.gap = 1000000 (custom)
2019-10-14 10:25:37,666 [pool-499-thread-1] INFO  server.RaftServerConfigKeys (ConfUtils.java:logGet(43)) - raft.server.log.appender.buffer.byte-limit = 33554432 (custom)
2019-10-14 10:25:37,666 [pool-499-thread-1] INFO  server.RaftServerConfigKeys (ConfUtils.java:logGet(43)) - raft.server.log.segment.size.max = 1048576 (custom)
2019-10-14 10:25:37,669 [pool-499-thread-1] INFO  server.RaftServerConfigKeys (ConfUtils.java:logGet(43)) - raft.server.log.segment.cache.num.max = 2 (custom)
2019-10-14 10:25:37,669 [pool-499-thread-1] INFO  segmented.SegmentedRaftLogWorker (SegmentedRaftLogWorker.java:<init>(173)) - new 7d5485eb-98a2-417e-8893-a021e5c10a65@group-AFF31D6AD4F4-SegmentedRaftLogWorker for RaftStorage:Storage Directory /workdir/hadoop-ozone/integration-test/target/test-dir/MiniOzoneClusterImpl-47ff539e-8602-4655-a791-f768753789ad/datanode-0/data/ratis/40880d60-ebf8-4b18-84b9-aff31d6ad4f4
2019-10-14 10:25:37,669 [pool-499-thread-1] INFO  server.RaftServerConfigKeys (ConfUtils.java:logGet(43)) - raft.server.log.queue.byte-limit = 2147483647 (custom)
2019-10-14 10:25:37,669 [pool-499-thread-1] INFO  server.RaftServerConfigKeys (ConfUtils.java:logGet(43)) - raft.server.log.queue.element-limit = 1024 (custom)
2019-10-14 10:25:37,670 [pool-499-thread-1] INFO  server.RaftServerConfigKeys (ConfUtils.java:logGet(43)) - raft.server.log.segment.size.max = 1048576 (custom)
2019-10-14 10:25:37,670 [pool-499-thread-1] INFO  server.RaftServerConfigKeys (ConfUtils.java:logGet(43)) - raft.server.log.preallocated.size = 16384 (custom)
2019-10-14 10:25:37,670 [pool-499-thread-1] INFO  server.RaftServerConfigKeys (ConfUtils.java:logGet(43)) - raft.server.log.write.buffer.size = 33554432 (custom)
2019-10-14 10:25:37,670 [pool-499-thread-1] INFO  server.RaftServerConfigKeys (ConfUtils.java:logGet(43)) - raft.server.log.force.sync.num = 128 (default)
2019-10-14 10:25:37,670 [pool-499-thread-1] INFO  server.RaftServerConfigKeys (ConfUtils.java:logGet(43)) - raft.server.log.statemachine.data.sync = true (default)
2019-10-14 10:25:37,670 [pool-499-thread-1] INFO  server.RaftServerConfigKeys (ConfUtils.java:logGet(43)) - raft.server.log.statemachine.data.sync.timeout = 10s (default)
2019-10-14 10:25:37,671 [pool-499-thread-1] INFO  server.RaftServerConfigKeys (ConfUtils.java:logGet(43)) - raft.server.log.statemachine.data.sync.timeout.retry = -1 (default)
2019-10-14 10:25:37,671 [pool-499-thread-1] INFO  server.RaftServerConfigKeys (ConfUtils.java:logGet(43)) - raft.server.log.statemachine.data.caching.enabled = true (custom)
2019-10-14 10:25:37,672 [pool-499-thread-1] INFO  segmented.SegmentedRaftLogWorker (SegmentedRaftLogWorker.java:lambda$new$0(128)) - 7d5485eb-98a2-417e-8893-a021e5c10a65@group-AFF31D6AD4F4-SegmentedRaftLogWorker: flushIndex: setUnconditionally 0 -> -1
2019-10-14 10:25:37,672 [pool-499-thread-1] INFO  server.RaftServerConfigKeys (ConfUtils.java:logGet(43)) - raft.server.snapshot.auto.trigger.enabled = true (custom)
2019-10-14 10:25:37,672 [pool-499-thread-1] INFO  server.RaftServerConfigKeys (ConfUtils.java:logGet(43)) - raft.server.snapshot.auto.trigger.threshold = 10000 (custom)
2019-10-14 10:25:37,673 [pool-499-thread-1] INFO  server.RaftServerConfigKeys (ConfUtils.java:logGet(43)) - raft.server.snapshot.retention.file.num = 5 (custom)
2019-10-14 10:25:37,673 [pool-499-thread-1] INFO  server.RaftServerConfigKeys (ConfUtils.java:logGet(43)) - raft.server.retrycache.expirytime = 600000ms (custom)
2019-10-14 10:25:37,675 [pool-499-thread-1] INFO  impl.RaftServerImpl (RaftServerImpl.java:start(181)) - 7d5485eb-98a2-417e-8893-a021e5c10a65@group-AFF31D6AD4F4: start as a follower, conf=-1: [7d5485eb-98a2-417e-8893-a021e5c10a65:192.168.151.118:35827], old=null
2019-10-14 10:25:37,675 [pool-499-thread-1] INFO  impl.RaftServerImpl (RaftServerImpl.java:setRole(170)) - 7d5485eb-98a2-417e-8893-a021e5c10a65@group-AFF31D6AD4F4: changes role from      null to FOLLOWER at term 0 for startAsFollower
2019-10-14 10:25:37,675 [pool-499-thread-1] INFO  impl.RoleInfo (RoleInfo.java:updateAndGet(143)) - 7d5485eb-98a2-417e-8893-a021e5c10a65: start FollowerState
2019-10-14 10:25:37,676 [pool-499-thread-1] INFO  util.JmxRegister (JmxRegister.java:tryRegister(44)) - Successfully registered JMX Bean with object name Ratis:service=RaftServer,group=group-AFF31D6AD4F4,id=7d5485eb-98a2-417e-8893-a021e5c10a65
2019-10-14 10:25:37,680 [RatisPipelineUtilsThread] INFO  pipeline.PipelineStateManager (PipelineStateManager.java:addPipeline(56)) - Created pipeline Pipeline[ Id: 40880d60-ebf8-4b18-84b9-aff31d6ad4f4, Nodes: 7d5485eb-98a2-417e-8893-a021e5c10a65{ip: 192.168.151.118, host: pr-hdds-2296-8rkbz-2376872687, networkLocation: /default-rack, certSerialId: null}, Type:RATIS, Factor:ONE, State:OPEN]
2019-10-14 10:25:37,686 [grpc-default-executor-6] INFO  impl.RaftServerProxy (RaftServerProxy.java:addNew(89)) - f5ac7400-e094-47f8-9db6-ca035a1b2b73: addNew group-267694400599:[f5ac7400-e094-47f8-9db6-ca035a1b2b73:192.168.151.118:32856] returns group-267694400599:java.util.concurrent.CompletableFuture@13d8f4a[Not completed]
2019-10-14 10:25:37,687 [pool-509-thread-1] INFO  impl.RaftServerImpl (RaftServerImpl.java:<init>(95)) - f5ac7400-e094-47f8-9db6-ca035a1b2b73: new RaftServerImpl for group-267694400599:[f5ac7400-e094-47f8-9db6-ca035a1b2b73:192.168.151.118:32856] with ContainerStateMachine:uninitialized
2019-10-14 10:25:37,688 [pool-509-thread-1] INFO  server.RaftServerConfigKeys (ConfUtils.java:logGet(43)) - raft.server.rpc.timeout.min = 5s (custom)
2019-10-14 10:25:37,688 [pool-509-thread-1] INFO  server.RaftServerConfigKeys (ConfUtils.java:logGet(43)) - raft.server.rpc.timeout.max = 5200ms (custom)
2019-10-14 10:25:37,688 [pool-509-thread-1] INFO  server.RaftServerConfigKeys (ConfUtils.java:logGet(43)) - raft.server.rpcslowness.timeout = 120s (custom)
2019-10-14 10:25:37,688 [pool-509-thread-1] INFO  server.RaftServerConfigKeys (ConfUtils.java:logGet(43)) - raft.server.sleep.deviation.threshold = 300 (default)
2019-10-14 10:25:37,688 [pool-509-thread-1] INFO  server.RaftServerConfigKeys (ConfUtils.java:logGet(43)) - raft.server.log.appender.install.snapshot.enabled = false (custom)
2019-10-14 10:25:37,688 [pool-509-thread-1] INFO  impl.RaftServerImpl (ServerState.java:<init>(103)) - f5ac7400-e094-47f8-9db6-ca035a1b2b73@group-267694400599: ConfigurationManager, init=-1: [f5ac7400-e094-47f8-9db6-ca035a1b2b73:192.168.151.118:32856], old=null, confs=<EMPTY_MAP>
2019-10-14 10:25:37,688 [pool-509-thread-1] INFO  server.RaftServerConfigKeys (ConfUtils.java:logGet(43)) - raft.server.storage.dir = [/workdir/hadoop-ozone/integration-test/target/test-dir/MiniOzoneClusterImpl-47ff539e-8602-4655-a791-f768753789ad/datanode-1/data/ratis] (custom)
2019-10-14 10:25:37,689 [pool-509-thread-1] INFO  server.RaftServerConfigKeys (ConfUtils.java:logGet(43)) - raft.server.log.corruption.policy = EXCEPTION (default)
2019-10-14 10:25:37,689 [pool-509-thread-1] INFO  storage.RaftStorageDirectory (RaftStorageDirectory.java:analyzeStorage(246)) - The storage directory /workdir/hadoop-ozone/integration-test/target/test-dir/MiniOzoneClusterImpl-47ff539e-8602-4655-a791-f768753789ad/datanode-1/data/ratis/06c2d423-ba15-45ac-a94f-267694400599 does not exist. Creating ...
2019-10-14 10:25:37,714 [pool-509-thread-1] INFO  storage.RaftStorageDirectory (RaftStorageDirectory.java:tryLock(328)) - Lock on /workdir/hadoop-ozone/integration-test/target/test-dir/MiniOzoneClusterImpl-47ff539e-8602-4655-a791-f768753789ad/datanode-1/data/ratis/06c2d423-ba15-45ac-a94f-267694400599/in_use.lock acquired by nodename 23677@pr-hdds-2296-8rkbz-2376872687
2019-10-14 10:25:37,723 [IPC Server handler 6 on 35247] INFO  net.NetworkTopology (NetworkTopologyImpl.java:add(111)) - Added a new node: /default-rack/f9d94a56-3fa0-438a-8a56-ab8ac89c506c
2019-10-14 10:25:37,723 [IPC Server handler 6 on 35247] INFO  node.SCMNodeManager (SCMNodeManager.java:register(268)) - Registered Data node : f9d94a56-3fa0-438a-8a56-ab8ac89c506c{ip: 192.168.151.118, host: pr-hdds-2296-8rkbz-2376872687, networkLocation: /default-rack, certSerialId: null}
2019-10-14 10:25:37,735 [pool-509-thread-1] INFO  storage.RaftStorage (RaftStorage.java:format(84)) - Storage directory /workdir/hadoop-ozone/integration-test/target/test-dir/MiniOzoneClusterImpl-47ff539e-8602-4655-a791-f768753789ad/datanode-1/data/ratis/06c2d423-ba15-45ac-a94f-267694400599 has been successfully formatted.
2019-10-14 10:25:37,735 [pool-509-thread-1] INFO  ratis.ContainerStateMachine (ContainerStateMachine.java:loadSnapshot(231)) - group-267694400599: The snapshot info is null. Setting the last applied indexto:(t:0, i:~)
2019-10-14 10:25:37,735 [pool-509-thread-1] INFO  server.RaftServerConfigKeys (ConfUtils.java:logGet(43)) - raft.server.notification.no-leader.timeout = 120s (custom)
2019-10-14 10:25:37,735 [pool-509-thread-1] INFO  server.RaftServerConfigKeys (ConfUtils.java:logGet(43)) - raft.server.log.use.memory = false (default)
2019-10-14 10:25:37,735 [pool-509-thread-1] INFO  server.RaftServerConfigKeys (ConfUtils.java:logGet(43)) - raft.server.log.purge.gap = 1000000 (custom)
2019-10-14 10:25:37,736 [pool-509-thread-1] INFO  server.RaftServerConfigKeys (ConfUtils.java:logGet(43)) - raft.server.log.appender.buffer.byte-limit = 33554432 (custom)
2019-10-14 10:25:37,736 [pool-509-thread-1] INFO  server.RaftServerConfigKeys (ConfUtils.java:logGet(43)) - raft.server.log.segment.size.max = 1048576 (custom)
2019-10-14 10:25:37,737 [pool-509-thread-1] INFO  server.RaftServerConfigKeys (ConfUtils.java:logGet(43)) - raft.server.log.segment.cache.num.max = 2 (custom)
2019-10-14 10:25:37,737 [pool-509-thread-1] INFO  segmented.SegmentedRaftLogWorker (SegmentedRaftLogWorker.java:<init>(173)) - new f5ac7400-e094-47f8-9db6-ca035a1b2b73@group-267694400599-SegmentedRaftLogWorker for RaftStorage:Storage Directory /workdir/hadoop-ozone/integration-test/target/test-dir/MiniOzoneClusterImpl-47ff539e-8602-4655-a791-f768753789ad/datanode-1/data/ratis/06c2d423-ba15-45ac-a94f-267694400599
2019-10-14 10:25:37,737 [pool-509-thread-1] INFO  server.RaftServerConfigKeys (ConfUtils.java:logGet(43)) - raft.server.log.queue.byte-limit = 2147483647 (custom)
2019-10-14 10:25:37,737 [pool-509-thread-1] INFO  server.RaftServerConfigKeys (ConfUtils.java:logGet(43)) - raft.server.log.queue.element-limit = 1024 (custom)
2019-10-14 10:25:37,737 [pool-509-thread-1] INFO  server.RaftServerConfigKeys (ConfUtils.java:logGet(43)) - raft.server.log.segment.size.max = 1048576 (custom)
2019-10-14 10:25:37,737 [pool-509-thread-1] INFO  server.RaftServerConfigKeys (ConfUtils.java:logGet(43)) - raft.server.log.preallocated.size = 16384 (custom)
2019-10-14 10:25:37,737 [pool-509-thread-1] INFO  server.RaftServerConfigKeys (ConfUtils.java:logGet(43)) - raft.server.log.write.buffer.size = 33554432 (custom)
2019-10-14 10:25:37,737 [pool-509-thread-1] INFO  server.RaftServerConfigKeys (ConfUtils.java:logGet(43)) - raft.server.log.force.sync.num = 128 (default)
2019-10-14 10:25:37,737 [pool-509-thread-1] INFO  server.RaftServerConfigKeys (ConfUtils.java:logGet(43)) - raft.server.log.statemachine.data.sync = true (default)
2019-10-14 10:25:37,738 [pool-509-thread-1] INFO  server.RaftServerConfigKeys (ConfUtils.java:logGet(43)) - raft.server.log.statemachine.data.sync.timeout = 10s (default)
2019-10-14 10:25:37,738 [pool-509-thread-1] INFO  server.RaftServerConfigKeys (ConfUtils.java:logGet(43)) - raft.server.log.statemachine.data.sync.timeout.retry = -1 (default)
2019-10-14 10:25:37,738 [pool-509-thread-1] INFO  server.RaftServerConfigKeys (ConfUtils.java:logGet(43)) - raft.server.log.statemachine.data.caching.enabled = true (custom)
2019-10-14 10:25:37,738 [pool-509-thread-1] INFO  segmented.SegmentedRaftLogWorker (SegmentedRaftLogWorker.java:lambda$new$0(128)) - f5ac7400-e094-47f8-9db6-ca035a1b2b73@group-267694400599-SegmentedRaftLogWorker: flushIndex: setUnconditionally 0 -> -1
2019-10-14 10:25:37,738 [pool-509-thread-1] INFO  server.RaftServerConfigKeys (ConfUtils.java:logGet(43)) - raft.server.snapshot.auto.trigger.enabled = true (custom)
2019-10-14 10:25:37,738 [pool-509-thread-1] INFO  server.RaftServerConfigKeys (ConfUtils.java:logGet(43)) - raft.server.snapshot.auto.trigger.threshold = 10000 (custom)
2019-10-14 10:25:37,738 [pool-509-thread-1] INFO  server.RaftServerConfigKeys (ConfUtils.java:logGet(43)) - raft.server.snapshot.retention.file.num = 5 (custom)
2019-10-14 10:25:37,739 [pool-509-thread-1] INFO  server.RaftServerConfigKeys (ConfUtils.java:logGet(43)) - raft.server.retrycache.expirytime = 600000ms (custom)
2019-10-14 10:25:37,740 [pool-509-thread-1] INFO  impl.RaftServerImpl (RaftServerImpl.java:start(181)) - f5ac7400-e094-47f8-9db6-ca035a1b2b73@group-267694400599: start as a follower, conf=-1: [f5ac7400-e094-47f8-9db6-ca035a1b2b73:192.168.151.118:32856], old=null
2019-10-14 10:25:37,740 [pool-509-thread-1] INFO  impl.RaftServerImpl (RaftServerImpl.java:setRole(170)) - f5ac7400-e094-47f8-9db6-ca035a1b2b73@group-267694400599: changes role from      null to FOLLOWER at term 0 for startAsFollower
2019-10-14 10:25:37,740 [pool-509-thread-1] INFO  impl.RoleInfo (RoleInfo.java:updateAndGet(143)) - f5ac7400-e094-47f8-9db6-ca035a1b2b73: start FollowerState
2019-10-14 10:25:37,740 [pool-509-thread-1] INFO  util.JmxRegister (JmxRegister.java:tryRegister(44)) - Successfully registered JMX Bean with object name Ratis:service=RaftServer,group=group-267694400599,id=f5ac7400-e094-47f8-9db6-ca035a1b2b73
2019-10-14 10:25:37,743 [RatisPipelineUtilsThread] INFO  pipeline.PipelineStateManager (PipelineStateManager.java:addPipeline(56)) - Created pipeline Pipeline[ Id: 06c2d423-ba15-45ac-a94f-267694400599, Nodes: f5ac7400-e094-47f8-9db6-ca035a1b2b73{ip: 192.168.151.118, host: pr-hdds-2296-8rkbz-2376872687, networkLocation: /default-rack, certSerialId: null}, Type:RATIS, Factor:ONE, State:OPEN]
2019-10-14 10:25:37,750 [grpc-default-executor-6] INFO  impl.RaftServerProxy (RaftServerProxy.java:addNew(89)) - f9d94a56-3fa0-438a-8a56-ab8ac89c506c: addNew group-990AAF5D4063:[f9d94a56-3fa0-438a-8a56-ab8ac89c506c:192.168.151.118:39998] returns group-990AAF5D4063:java.util.concurrent.CompletableFuture@4beebd50[Not completed]
2019-10-14 10:25:37,751 [pool-519-thread-1] INFO  impl.RaftServerImpl (RaftServerImpl.java:<init>(95)) - f9d94a56-3fa0-438a-8a56-ab8ac89c506c: new RaftServerImpl for group-990AAF5D4063:[f9d94a56-3fa0-438a-8a56-ab8ac89c506c:192.168.151.118:39998] with ContainerStateMachine:uninitialized
2019-10-14 10:25:37,751 [pool-519-thread-1] INFO  server.RaftServerConfigKeys (ConfUtils.java:logGet(43)) - raft.server.rpc.timeout.min = 5s (custom)
2019-10-14 10:25:37,751 [pool-519-thread-1] INFO  server.RaftServerConfigKeys (ConfUtils.java:logGet(43)) - raft.server.rpc.timeout.max = 5200ms (custom)
2019-10-14 10:25:37,751 [pool-519-thread-1] INFO  server.RaftServerConfigKeys (ConfUtils.java:logGet(43)) - raft.server.rpcslowness.timeout = 120s (custom)
2019-10-14 10:25:37,751 [pool-519-thread-1] INFO  server.RaftServerConfigKeys (ConfUtils.java:logGet(43)) - raft.server.sleep.deviation.threshold = 300 (default)
2019-10-14 10:25:37,752 [pool-519-thread-1] INFO  server.RaftServerConfigKeys (ConfUtils.java:logGet(43)) - raft.server.log.appender.install.snapshot.enabled = false (custom)
2019-10-14 10:25:37,752 [pool-519-thread-1] INFO  impl.RaftServerImpl (ServerState.java:<init>(103)) - f9d94a56-3fa0-438a-8a56-ab8ac89c506c@group-990AAF5D4063: ConfigurationManager, init=-1: [f9d94a56-3fa0-438a-8a56-ab8ac89c506c:192.168.151.118:39998], old=null, confs=<EMPTY_MAP>
2019-10-14 10:25:37,752 [pool-519-thread-1] INFO  server.RaftServerConfigKeys (ConfUtils.java:logGet(43)) - raft.server.storage.dir = [/workdir/hadoop-ozone/integration-test/target/test-dir/MiniOzoneClusterImpl-47ff539e-8602-4655-a791-f768753789ad/datanode-2/data/ratis] (custom)
2019-10-14 10:25:37,752 [pool-519-thread-1] INFO  server.RaftServerConfigKeys (ConfUtils.java:logGet(43)) - raft.server.log.corruption.policy = EXCEPTION (default)
2019-10-14 10:25:37,752 [pool-519-thread-1] INFO  storage.RaftStorageDirectory (RaftStorageDirectory.java:analyzeStorage(246)) - The storage directory /workdir/hadoop-ozone/integration-test/target/test-dir/MiniOzoneClusterImpl-47ff539e-8602-4655-a791-f768753789ad/datanode-2/data/ratis/c60aaecf-2899-4798-a67d-990aaf5d4063 does not exist. Creating ...
2019-10-14 10:25:37,767 [pool-519-thread-1] INFO  storage.RaftStorageDirectory (RaftStorageDirectory.java:tryLock(328)) - Lock on /workdir/hadoop-ozone/integration-test/target/test-dir/MiniOzoneClusterImpl-47ff539e-8602-4655-a791-f768753789ad/datanode-2/data/ratis/c60aaecf-2899-4798-a67d-990aaf5d4063/in_use.lock acquired by nodename 23677@pr-hdds-2296-8rkbz-2376872687
2019-10-14 10:25:37,780 [pool-519-thread-1] INFO  storage.RaftStorage (RaftStorage.java:format(84)) - Storage directory /workdir/hadoop-ozone/integration-test/target/test-dir/MiniOzoneClusterImpl-47ff539e-8602-4655-a791-f768753789ad/datanode-2/data/ratis/c60aaecf-2899-4798-a67d-990aaf5d4063 has been successfully formatted.
2019-10-14 10:25:37,780 [pool-519-thread-1] INFO  ratis.ContainerStateMachine (ContainerStateMachine.java:loadSnapshot(231)) - group-990AAF5D4063: The snapshot info is null. Setting the last applied indexto:(t:0, i:~)
2019-10-14 10:25:37,780 [pool-519-thread-1] INFO  server.RaftServerConfigKeys (ConfUtils.java:logGet(43)) - raft.server.notification.no-leader.timeout = 120s (custom)
2019-10-14 10:25:37,780 [pool-519-thread-1] INFO  server.RaftServerConfigKeys (ConfUtils.java:logGet(43)) - raft.server.log.use.memory = false (default)
2019-10-14 10:25:37,780 [pool-519-thread-1] INFO  server.RaftServerConfigKeys (ConfUtils.java:logGet(43)) - raft.server.log.purge.gap = 1000000 (custom)
2019-10-14 10:25:37,781 [pool-519-thread-1] INFO  server.RaftServerConfigKeys (ConfUtils.java:logGet(43)) - raft.server.log.appender.buffer.byte-limit = 33554432 (custom)
2019-10-14 10:25:37,781 [pool-519-thread-1] INFO  server.RaftServerConfigKeys (ConfUtils.java:logGet(43)) - raft.server.log.segment.size.max = 1048576 (custom)
2019-10-14 10:25:37,782 [pool-519-thread-1] INFO  server.RaftServerConfigKeys (ConfUtils.java:logGet(43)) - raft.server.log.segment.cache.num.max = 2 (custom)
2019-10-14 10:25:37,782 [pool-519-thread-1] INFO  segmented.SegmentedRaftLogWorker (SegmentedRaftLogWorker.java:<init>(173)) - new f9d94a56-3fa0-438a-8a56-ab8ac89c506c@group-990AAF5D4063-SegmentedRaftLogWorker for RaftStorage:Storage Directory /workdir/hadoop-ozone/integration-test/target/test-dir/MiniOzoneClusterImpl-47ff539e-8602-4655-a791-f768753789ad/datanode-2/data/ratis/c60aaecf-2899-4798-a67d-990aaf5d4063
2019-10-14 10:25:37,783 [IPC Server handler 2 on 35247] INFO  net.NetworkTopology (NetworkTopologyImpl.java:add(111)) - Added a new node: /default-rack/ecf3d7c5-d006-40fa-a3e5-89e1b8755dd8
2019-10-14 10:25:37,783 [pool-519-thread-1] INFO  server.RaftServerConfigKeys (ConfUtils.java:logGet(43)) - raft.server.log.queue.byte-limit = 2147483647 (custom)
2019-10-14 10:25:37,783 [IPC Server handler 2 on 35247] INFO  node.SCMNodeManager (SCMNodeManager.java:register(268)) - Registered Data node : ecf3d7c5-d006-40fa-a3e5-89e1b8755dd8{ip: 192.168.151.118, host: pr-hdds-2296-8rkbz-2376872687, networkLocation: /default-rack, certSerialId: null}
2019-10-14 10:25:37,783 [pool-519-thread-1] INFO  server.RaftServerConfigKeys (ConfUtils.java:logGet(43)) - raft.server.log.queue.element-limit = 1024 (custom)
2019-10-14 10:25:37,783 [pool-519-thread-1] INFO  server.RaftServerConfigKeys (ConfUtils.java:logGet(43)) - raft.server.log.segment.size.max = 1048576 (custom)
2019-10-14 10:25:37,784 [pool-519-thread-1] INFO  server.RaftServerConfigKeys (ConfUtils.java:logGet(43)) - raft.server.log.preallocated.size = 16384 (custom)
2019-10-14 10:25:37,784 [pool-519-thread-1] INFO  server.RaftServerConfigKeys (ConfUtils.java:logGet(43)) - raft.server.log.write.buffer.size = 33554432 (custom)
2019-10-14 10:25:37,784 [pool-519-thread-1] INFO  server.RaftServerConfigKeys (ConfUtils.java:logGet(43)) - raft.server.log.force.sync.num = 128 (default)
2019-10-14 10:25:37,784 [pool-519-thread-1] INFO  server.RaftServerConfigKeys (ConfUtils.java:logGet(43)) - raft.server.log.statemachine.data.sync = true (default)
2019-10-14 10:25:37,784 [pool-519-thread-1] INFO  server.RaftServerConfigKeys (ConfUtils.java:logGet(43)) - raft.server.log.statemachine.data.sync.timeout = 10s (default)
2019-10-14 10:25:37,784 [pool-519-thread-1] INFO  server.RaftServerConfigKeys (ConfUtils.java:logGet(43)) - raft.server.log.statemachine.data.sync.timeout.retry = -1 (default)
2019-10-14 10:25:37,785 [pool-519-thread-1] INFO  server.RaftServerConfigKeys (ConfUtils.java:logGet(43)) - raft.server.log.statemachine.data.caching.enabled = true (custom)
2019-10-14 10:25:37,785 [pool-519-thread-1] INFO  segmented.SegmentedRaftLogWorker (SegmentedRaftLogWorker.java:lambda$new$0(128)) - f9d94a56-3fa0-438a-8a56-ab8ac89c506c@group-990AAF5D4063-SegmentedRaftLogWorker: flushIndex: setUnconditionally 0 -> -1
2019-10-14 10:25:37,786 [pool-519-thread-1] INFO  server.RaftServerConfigKeys (ConfUtils.java:logGet(43)) - raft.server.snapshot.auto.trigger.enabled = true (custom)
2019-10-14 10:25:37,786 [pool-519-thread-1] INFO  server.RaftServerConfigKeys (ConfUtils.java:logGet(43)) - raft.server.snapshot.auto.trigger.threshold = 10000 (custom)
2019-10-14 10:25:37,786 [pool-519-thread-1] INFO  server.RaftServerConfigKeys (ConfUtils.java:logGet(43)) - raft.server.snapshot.retention.file.num = 5 (custom)
2019-10-14 10:25:37,786 [pool-519-thread-1] INFO  server.RaftServerConfigKeys (ConfUtils.java:logGet(43)) - raft.server.retrycache.expirytime = 600000ms (custom)
2019-10-14 10:25:37,788 [pool-519-thread-1] INFO  impl.RaftServerImpl (RaftServerImpl.java:start(181)) - f9d94a56-3fa0-438a-8a56-ab8ac89c506c@group-990AAF5D4063: start as a follower, conf=-1: [f9d94a56-3fa0-438a-8a56-ab8ac89c506c:192.168.151.118:39998], old=null
2019-10-14 10:25:37,788 [pool-519-thread-1] INFO  impl.RaftServerImpl (RaftServerImpl.java:setRole(170)) - f9d94a56-3fa0-438a-8a56-ab8ac89c506c@group-990AAF5D4063: changes role from      null to FOLLOWER at term 0 for startAsFollower
2019-10-14 10:25:37,788 [pool-519-thread-1] INFO  impl.RoleInfo (RoleInfo.java:updateAndGet(143)) - f9d94a56-3fa0-438a-8a56-ab8ac89c506c: start FollowerState
2019-10-14 10:25:37,788 [pool-519-thread-1] INFO  util.JmxRegister (JmxRegister.java:tryRegister(44)) - Successfully registered JMX Bean with object name Ratis:service=RaftServer,group=group-990AAF5D4063,id=f9d94a56-3fa0-438a-8a56-ab8ac89c506c
2019-10-14 10:25:37,792 [RatisPipelineUtilsThread] INFO  pipeline.PipelineStateManager (PipelineStateManager.java:addPipeline(56)) - Created pipeline Pipeline[ Id: c60aaecf-2899-4798-a67d-990aaf5d4063, Nodes: f9d94a56-3fa0-438a-8a56-ab8ac89c506c{ip: 192.168.151.118, host: pr-hdds-2296-8rkbz-2376872687, networkLocation: /default-rack, certSerialId: null}, Type:RATIS, Factor:ONE, State:OPEN]
2019-10-14 10:25:37,815 [grpc-default-executor-6] INFO  impl.RaftServerProxy (RaftServerProxy.java:addNew(89)) - ecf3d7c5-d006-40fa-a3e5-89e1b8755dd8: addNew group-66CD7FF8AEB7:[ecf3d7c5-d006-40fa-a3e5-89e1b8755dd8:192.168.151.118:33252] returns group-66CD7FF8AEB7:java.util.concurrent.CompletableFuture@564a93c7[Not completed]
2019-10-14 10:25:37,816 [pool-529-thread-1] INFO  impl.RaftServerImpl (RaftServerImpl.java:<init>(95)) - ecf3d7c5-d006-40fa-a3e5-89e1b8755dd8: new RaftServerImpl for group-66CD7FF8AEB7:[ecf3d7c5-d006-40fa-a3e5-89e1b8755dd8:192.168.151.118:33252] with ContainerStateMachine:uninitialized
2019-10-14 10:25:37,816 [pool-529-thread-1] INFO  server.RaftServerConfigKeys (ConfUtils.java:logGet(43)) - raft.server.rpc.timeout.min = 5s (custom)
2019-10-14 10:25:37,816 [pool-529-thread-1] INFO  server.RaftServerConfigKeys (ConfUtils.java:logGet(43)) - raft.server.rpc.timeout.max = 5200ms (custom)
2019-10-14 10:25:37,817 [pool-529-thread-1] INFO  server.RaftServerConfigKeys (ConfUtils.java:logGet(43)) - raft.server.rpcslowness.timeout = 120s (custom)
2019-10-14 10:25:37,817 [pool-529-thread-1] INFO  server.RaftServerConfigKeys (ConfUtils.java:logGet(43)) - raft.server.sleep.deviation.threshold = 300 (default)
2019-10-14 10:25:37,817 [pool-529-thread-1] INFO  server.RaftServerConfigKeys (ConfUtils.java:logGet(43)) - raft.server.log.appender.install.snapshot.enabled = false (custom)
2019-10-14 10:25:37,817 [pool-529-thread-1] INFO  impl.RaftServerImpl (ServerState.java:<init>(103)) - ecf3d7c5-d006-40fa-a3e5-89e1b8755dd8@group-66CD7FF8AEB7: ConfigurationManager, init=-1: [ecf3d7c5-d006-40fa-a3e5-89e1b8755dd8:192.168.151.118:33252], old=null, confs=<EMPTY_MAP>
2019-10-14 10:25:37,817 [pool-529-thread-1] INFO  server.RaftServerConfigKeys (ConfUtils.java:logGet(43)) - raft.server.storage.dir = [/workdir/hadoop-ozone/integration-test/target/test-dir/MiniOzoneClusterImpl-47ff539e-8602-4655-a791-f768753789ad/datanode-3/data/ratis] (custom)
2019-10-14 10:25:37,817 [pool-529-thread-1] INFO  server.RaftServerConfigKeys (ConfUtils.java:logGet(43)) - raft.server.log.corruption.policy = EXCEPTION (default)
2019-10-14 10:25:37,818 [pool-529-thread-1] INFO  storage.RaftStorageDirectory (RaftStorageDirectory.java:analyzeStorage(246)) - The storage directory /workdir/hadoop-ozone/integration-test/target/test-dir/MiniOzoneClusterImpl-47ff539e-8602-4655-a791-f768753789ad/datanode-3/data/ratis/9a636b2d-e111-4216-8bcf-66cd7ff8aeb7 does not exist. Creating ...
2019-10-14 10:25:37,831 [pool-529-thread-1] INFO  storage.RaftStorageDirectory (RaftStorageDirectory.java:tryLock(328)) - Lock on /workdir/hadoop-ozone/integration-test/target/test-dir/MiniOzoneClusterImpl-47ff539e-8602-4655-a791-f768753789ad/datanode-3/data/ratis/9a636b2d-e111-4216-8bcf-66cd7ff8aeb7/in_use.lock acquired by nodename 23677@pr-hdds-2296-8rkbz-2376872687
2019-10-14 10:25:37,841 [IPC Server handler 3 on 35247] INFO  net.NetworkTopology (NetworkTopologyImpl.java:add(111)) - Added a new node: /default-rack/ed754b3d-dc69-4cc3-9634-7e4a70f3318e
2019-10-14 10:25:37,842 [IPC Server handler 3 on 35247] INFO  node.SCMNodeManager (SCMNodeManager.java:register(268)) - Registered Data node : ed754b3d-dc69-4cc3-9634-7e4a70f3318e{ip: 192.168.151.118, host: pr-hdds-2296-8rkbz-2376872687, networkLocation: /default-rack, certSerialId: null}
2019-10-14 10:25:37,843 [pool-529-thread-1] INFO  storage.RaftStorage (RaftStorage.java:format(84)) - Storage directory /workdir/hadoop-ozone/integration-test/target/test-dir/MiniOzoneClusterImpl-47ff539e-8602-4655-a791-f768753789ad/datanode-3/data/ratis/9a636b2d-e111-4216-8bcf-66cd7ff8aeb7 has been successfully formatted.
2019-10-14 10:25:37,844 [pool-529-thread-1] INFO  ratis.ContainerStateMachine (ContainerStateMachine.java:loadSnapshot(231)) - group-66CD7FF8AEB7: The snapshot info is null. Setting the last applied indexto:(t:0, i:~)
2019-10-14 10:25:37,844 [pool-529-thread-1] INFO  server.RaftServerConfigKeys (ConfUtils.java:logGet(43)) - raft.server.notification.no-leader.timeout = 120s (custom)
2019-10-14 10:25:37,844 [pool-529-thread-1] INFO  server.RaftServerConfigKeys (ConfUtils.java:logGet(43)) - raft.server.log.use.memory = false (default)
2019-10-14 10:25:37,844 [pool-529-thread-1] INFO  server.RaftServerConfigKeys (ConfUtils.java:logGet(43)) - raft.server.log.purge.gap = 1000000 (custom)
2019-10-14 10:25:37,844 [pool-529-thread-1] INFO  server.RaftServerConfigKeys (ConfUtils.java:logGet(43)) - raft.server.log.appender.buffer.byte-limit = 33554432 (custom)
2019-10-14 10:25:37,844 [pool-529-thread-1] INFO  server.RaftServerConfigKeys (ConfUtils.java:logGet(43)) - raft.server.log.segment.size.max = 1048576 (custom)
2019-10-14 10:25:37,846 [pool-529-thread-1] INFO  server.RaftServerConfigKeys (ConfUtils.java:logGet(43)) - raft.server.log.segment.cache.num.max = 2 (custom)
2019-10-14 10:25:37,846 [pool-529-thread-1] INFO  segmented.SegmentedRaftLogWorker (SegmentedRaftLogWorker.java:<init>(173)) - new ecf3d7c5-d006-40fa-a3e5-89e1b8755dd8@group-66CD7FF8AEB7-SegmentedRaftLogWorker for RaftStorage:Storage Directory /workdir/hadoop-ozone/integration-test/target/test-dir/MiniOzoneClusterImpl-47ff539e-8602-4655-a791-f768753789ad/datanode-3/data/ratis/9a636b2d-e111-4216-8bcf-66cd7ff8aeb7
2019-10-14 10:25:37,846 [pool-529-thread-1] INFO  server.RaftServerConfigKeys (ConfUtils.java:logGet(43)) - raft.server.log.queue.byte-limit = 2147483647 (custom)
2019-10-14 10:25:37,846 [pool-529-thread-1] INFO  server.RaftServerConfigKeys (ConfUtils.java:logGet(43)) - raft.server.log.queue.element-limit = 1024 (custom)
2019-10-14 10:25:37,847 [pool-529-thread-1] INFO  server.RaftServerConfigKeys (ConfUtils.java:logGet(43)) - raft.server.log.segment.size.max = 1048576 (custom)
2019-10-14 10:25:37,847 [pool-529-thread-1] INFO  server.RaftServerConfigKeys (ConfUtils.java:logGet(43)) - raft.server.log.preallocated.size = 16384 (custom)
2019-10-14 10:25:37,847 [pool-529-thread-1] INFO  server.RaftServerConfigKeys (ConfUtils.java:logGet(43)) - raft.server.log.write.buffer.size = 33554432 (custom)
2019-10-14 10:25:37,847 [pool-529-thread-1] INFO  server.RaftServerConfigKeys (ConfUtils.java:logGet(43)) - raft.server.log.force.sync.num = 128 (default)
2019-10-14 10:25:37,847 [pool-529-thread-1] INFO  server.RaftServerConfigKeys (ConfUtils.java:logGet(43)) - raft.server.log.statemachine.data.sync = true (default)
2019-10-14 10:25:37,847 [pool-529-thread-1] INFO  server.RaftServerConfigKeys (ConfUtils.java:logGet(43)) - raft.server.log.statemachine.data.sync.timeout = 10s (default)
2019-10-14 10:25:37,848 [pool-529-thread-1] INFO  server.RaftServerConfigKeys (ConfUtils.java:logGet(43)) - raft.server.log.statemachine.data.sync.timeout.retry = -1 (default)
2019-10-14 10:25:37,848 [pool-529-thread-1] INFO  server.RaftServerConfigKeys (ConfUtils.java:logGet(43)) - raft.server.log.statemachine.data.caching.enabled = true (custom)
2019-10-14 10:25:37,848 [pool-529-thread-1] INFO  segmented.SegmentedRaftLogWorker (SegmentedRaftLogWorker.java:lambda$new$0(128)) - ecf3d7c5-d006-40fa-a3e5-89e1b8755dd8@group-66CD7FF8AEB7-SegmentedRaftLogWorker: flushIndex: setUnconditionally 0 -> -1
2019-10-14 10:25:37,849 [pool-529-thread-1] INFO  server.RaftServerConfigKeys (ConfUtils.java:logGet(43)) - raft.server.snapshot.auto.trigger.enabled = true (custom)
2019-10-14 10:25:37,849 [pool-529-thread-1] INFO  server.RaftServerConfigKeys (ConfUtils.java:logGet(43)) - raft.server.snapshot.auto.trigger.threshold = 10000 (custom)
2019-10-14 10:25:37,849 [pool-529-thread-1] INFO  server.RaftServerConfigKeys (ConfUtils.java:logGet(43)) - raft.server.snapshot.retention.file.num = 5 (custom)
2019-10-14 10:25:37,849 [pool-529-thread-1] INFO  server.RaftServerConfigKeys (ConfUtils.java:logGet(43)) - raft.server.retrycache.expirytime = 600000ms (custom)
2019-10-14 10:25:37,850 [pool-529-thread-1] INFO  impl.RaftServerImpl (RaftServerImpl.java:start(181)) - ecf3d7c5-d006-40fa-a3e5-89e1b8755dd8@group-66CD7FF8AEB7: start as a follower, conf=-1: [ecf3d7c5-d006-40fa-a3e5-89e1b8755dd8:192.168.151.118:33252], old=null
2019-10-14 10:25:37,851 [pool-529-thread-1] INFO  impl.RaftServerImpl (RaftServerImpl.java:setRole(170)) - ecf3d7c5-d006-40fa-a3e5-89e1b8755dd8@group-66CD7FF8AEB7: changes role from      null to FOLLOWER at term 0 for startAsFollower
2019-10-14 10:25:37,851 [pool-529-thread-1] INFO  impl.RoleInfo (RoleInfo.java:updateAndGet(143)) - ecf3d7c5-d006-40fa-a3e5-89e1b8755dd8: start FollowerState
2019-10-14 10:25:37,851 [pool-529-thread-1] INFO  util.JmxRegister (JmxRegister.java:tryRegister(44)) - Successfully registered JMX Bean with object name Ratis:service=RaftServer,group=group-66CD7FF8AEB7,id=ecf3d7c5-d006-40fa-a3e5-89e1b8755dd8
2019-10-14 10:25:37,855 [RatisPipelineUtilsThread] INFO  pipeline.PipelineStateManager (PipelineStateManager.java:addPipeline(56)) - Created pipeline Pipeline[ Id: 9a636b2d-e111-4216-8bcf-66cd7ff8aeb7, Nodes: ecf3d7c5-d006-40fa-a3e5-89e1b8755dd8{ip: 192.168.151.118, host: pr-hdds-2296-8rkbz-2376872687, networkLocation: /default-rack, certSerialId: null}, Type:RATIS, Factor:ONE, State:OPEN]
2019-10-14 10:25:37,864 [grpc-default-executor-6] INFO  impl.RaftServerProxy (RaftServerProxy.java:addNew(89)) - ed754b3d-dc69-4cc3-9634-7e4a70f3318e: addNew group-531361E69697:[ed754b3d-dc69-4cc3-9634-7e4a70f3318e:192.168.151.118:45052] returns group-531361E69697:java.util.concurrent.CompletableFuture@2e79ea14[Not completed]
2019-10-14 10:25:37,865 [pool-539-thread-1] INFO  impl.RaftServerImpl (RaftServerImpl.java:<init>(95)) - ed754b3d-dc69-4cc3-9634-7e4a70f3318e: new RaftServerImpl for group-531361E69697:[ed754b3d-dc69-4cc3-9634-7e4a70f3318e:192.168.151.118:45052] with ContainerStateMachine:uninitialized
2019-10-14 10:25:37,865 [pool-539-thread-1] INFO  server.RaftServerConfigKeys (ConfUtils.java:logGet(43)) - raft.server.rpc.timeout.min = 5s (custom)
2019-10-14 10:25:37,865 [pool-539-thread-1] INFO  server.RaftServerConfigKeys (ConfUtils.java:logGet(43)) - raft.server.rpc.timeout.max = 5200ms (custom)
2019-10-14 10:25:37,865 [pool-539-thread-1] INFO  server.RaftServerConfigKeys (ConfUtils.java:logGet(43)) - raft.server.rpcslowness.timeout = 120s (custom)
2019-10-14 10:25:37,865 [pool-539-thread-1] INFO  server.RaftServerConfigKeys (ConfUtils.java:logGet(43)) - raft.server.sleep.deviation.threshold = 300 (default)
2019-10-14 10:25:37,865 [pool-539-thread-1] INFO  server.RaftServerConfigKeys (ConfUtils.java:logGet(43)) - raft.server.log.appender.install.snapshot.enabled = false (custom)
2019-10-14 10:25:37,866 [pool-539-thread-1] INFO  impl.RaftServerImpl (ServerState.java:<init>(103)) - ed754b3d-dc69-4cc3-9634-7e4a70f3318e@group-531361E69697: ConfigurationManager, init=-1: [ed754b3d-dc69-4cc3-9634-7e4a70f3318e:192.168.151.118:45052], old=null, confs=<EMPTY_MAP>
2019-10-14 10:25:37,866 [pool-539-thread-1] INFO  server.RaftServerConfigKeys (ConfUtils.java:logGet(43)) - raft.server.storage.dir = [/workdir/hadoop-ozone/integration-test/target/test-dir/MiniOzoneClusterImpl-47ff539e-8602-4655-a791-f768753789ad/datanode-4/data/ratis] (custom)
2019-10-14 10:25:37,866 [pool-539-thread-1] INFO  server.RaftServerConfigKeys (ConfUtils.java:logGet(43)) - raft.server.log.corruption.policy = EXCEPTION (default)
2019-10-14 10:25:37,866 [pool-539-thread-1] INFO  storage.RaftStorageDirectory (RaftStorageDirectory.java:analyzeStorage(246)) - The storage directory /workdir/hadoop-ozone/integration-test/target/test-dir/MiniOzoneClusterImpl-47ff539e-8602-4655-a791-f768753789ad/datanode-4/data/ratis/ae4cc1ba-5628-4665-bf07-531361e69697 does not exist. Creating ...
2019-10-14 10:25:37,879 [pool-539-thread-1] INFO  storage.RaftStorageDirectory (RaftStorageDirectory.java:tryLock(328)) - Lock on /workdir/hadoop-ozone/integration-test/target/test-dir/MiniOzoneClusterImpl-47ff539e-8602-4655-a791-f768753789ad/datanode-4/data/ratis/ae4cc1ba-5628-4665-bf07-531361e69697/in_use.lock acquired by nodename 23677@pr-hdds-2296-8rkbz-2376872687
2019-10-14 10:25:37,892 [pool-539-thread-1] INFO  storage.RaftStorage (RaftStorage.java:format(84)) - Storage directory /workdir/hadoop-ozone/integration-test/target/test-dir/MiniOzoneClusterImpl-47ff539e-8602-4655-a791-f768753789ad/datanode-4/data/ratis/ae4cc1ba-5628-4665-bf07-531361e69697 has been successfully formatted.
2019-10-14 10:25:37,892 [pool-539-thread-1] INFO  ratis.ContainerStateMachine (ContainerStateMachine.java:loadSnapshot(231)) - group-531361E69697: The snapshot info is null. Setting the last applied indexto:(t:0, i:~)
2019-10-14 10:25:37,892 [pool-539-thread-1] INFO  server.RaftServerConfigKeys (ConfUtils.java:logGet(43)) - raft.server.notification.no-leader.timeout = 120s (custom)
2019-10-14 10:25:37,892 [pool-539-thread-1] INFO  server.RaftServerConfigKeys (ConfUtils.java:logGet(43)) - raft.server.log.use.memory = false (default)
2019-10-14 10:25:37,892 [pool-539-thread-1] INFO  server.RaftServerConfigKeys (ConfUtils.java:logGet(43)) - raft.server.log.purge.gap = 1000000 (custom)
2019-10-14 10:25:37,892 [pool-539-thread-1] INFO  server.RaftServerConfigKeys (ConfUtils.java:logGet(43)) - raft.server.log.appender.buffer.byte-limit = 33554432 (custom)
2019-10-14 10:25:37,892 [pool-539-thread-1] INFO  server.RaftServerConfigKeys (ConfUtils.java:logGet(43)) - raft.server.log.segment.size.max = 1048576 (custom)
2019-10-14 10:25:37,894 [pool-539-thread-1] INFO  server.RaftServerConfigKeys (ConfUtils.java:logGet(43)) - raft.server.log.segment.cache.num.max = 2 (custom)
2019-10-14 10:25:37,894 [pool-539-thread-1] INFO  segmented.SegmentedRaftLogWorker (SegmentedRaftLogWorker.java:<init>(173)) - new ed754b3d-dc69-4cc3-9634-7e4a70f3318e@group-531361E69697-SegmentedRaftLogWorker for RaftStorage:Storage Directory /workdir/hadoop-ozone/integration-test/target/test-dir/MiniOzoneClusterImpl-47ff539e-8602-4655-a791-f768753789ad/datanode-4/data/ratis/ae4cc1ba-5628-4665-bf07-531361e69697
2019-10-14 10:25:37,894 [pool-539-thread-1] INFO  server.RaftServerConfigKeys (ConfUtils.java:logGet(43)) - raft.server.log.queue.byte-limit = 2147483647 (custom)
2019-10-14 10:25:37,894 [pool-539-thread-1] INFO  server.RaftServerConfigKeys (ConfUtils.java:logGet(43)) - raft.server.log.queue.element-limit = 1024 (custom)
2019-10-14 10:25:37,894 [pool-539-thread-1] INFO  server.RaftServerConfigKeys (ConfUtils.java:logGet(43)) - raft.server.log.segment.size.max = 1048576 (custom)
2019-10-14 10:25:37,894 [pool-539-thread-1] INFO  server.RaftServerConfigKeys (ConfUtils.java:logGet(43)) - raft.server.log.preallocated.size = 16384 (custom)
2019-10-14 10:25:37,894 [pool-539-thread-1] INFO  server.RaftServerConfigKeys (ConfUtils.java:logGet(43)) - raft.server.log.write.buffer.size = 33554432 (custom)
2019-10-14 10:25:37,894 [pool-539-thread-1] INFO  server.RaftServerConfigKeys (ConfUtils.java:logGet(43)) - raft.server.log.force.sync.num = 128 (default)
2019-10-14 10:25:37,895 [pool-539-thread-1] INFO  server.RaftServerConfigKeys (ConfUtils.java:logGet(43)) - raft.server.log.statemachine.data.sync = true (default)
2019-10-14 10:25:37,895 [pool-539-thread-1] INFO  server.RaftServerConfigKeys (ConfUtils.java:logGet(43)) - raft.server.log.statemachine.data.sync.timeout = 10s (default)
2019-10-14 10:25:37,895 [pool-539-thread-1] INFO  server.RaftServerConfigKeys (ConfUtils.java:logGet(43)) - raft.server.log.statemachine.data.sync.timeout.retry = -1 (default)
2019-10-14 10:25:37,895 [pool-539-thread-1] INFO  server.RaftServerConfigKeys (ConfUtils.java:logGet(43)) - raft.server.log.statemachine.data.caching.enabled = true (custom)
2019-10-14 10:25:37,895 [pool-539-thread-1] INFO  segmented.SegmentedRaftLogWorker (SegmentedRaftLogWorker.java:lambda$new$0(128)) - ed754b3d-dc69-4cc3-9634-7e4a70f3318e@group-531361E69697-SegmentedRaftLogWorker: flushIndex: setUnconditionally 0 -> -1
2019-10-14 10:25:37,896 [pool-539-thread-1] INFO  server.RaftServerConfigKeys (ConfUtils.java:logGet(43)) - raft.server.snapshot.auto.trigger.enabled = true (custom)
2019-10-14 10:25:37,896 [pool-539-thread-1] INFO  server.RaftServerConfigKeys (ConfUtils.java:logGet(43)) - raft.server.snapshot.auto.trigger.threshold = 10000 (custom)
2019-10-14 10:25:37,896 [pool-539-thread-1] INFO  server.RaftServerConfigKeys (ConfUtils.java:logGet(43)) - raft.server.snapshot.retention.file.num = 5 (custom)
2019-10-14 10:25:37,896 [pool-539-thread-1] INFO  server.RaftServerConfigKeys (ConfUtils.java:logGet(43)) - raft.server.retrycache.expirytime = 600000ms (custom)
2019-10-14 10:25:37,897 [pool-539-thread-1] INFO  impl.RaftServerImpl (RaftServerImpl.java:start(181)) - ed754b3d-dc69-4cc3-9634-7e4a70f3318e@group-531361E69697: start as a follower, conf=-1: [ed754b3d-dc69-4cc3-9634-7e4a70f3318e:192.168.151.118:45052], old=null
2019-10-14 10:25:37,897 [pool-539-thread-1] INFO  impl.RaftServerImpl (RaftServerImpl.java:setRole(170)) - ed754b3d-dc69-4cc3-9634-7e4a70f3318e@group-531361E69697: changes role from      null to FOLLOWER at term 0 for startAsFollower
2019-10-14 10:25:37,897 [pool-539-thread-1] INFO  impl.RoleInfo (RoleInfo.java:updateAndGet(143)) - ed754b3d-dc69-4cc3-9634-7e4a70f3318e: start FollowerState
2019-10-14 10:25:37,898 [pool-539-thread-1] INFO  util.JmxRegister (JmxRegister.java:tryRegister(44)) - Successfully registered JMX Bean with object name Ratis:service=RaftServer,group=group-531361E69697,id=ed754b3d-dc69-4cc3-9634-7e4a70f3318e
2019-10-14 10:25:37,901 [RatisPipelineUtilsThread] INFO  pipeline.PipelineStateManager (PipelineStateManager.java:addPipeline(56)) - Created pipeline Pipeline[ Id: ae4cc1ba-5628-4665-bf07-531361e69697, Nodes: ed754b3d-dc69-4cc3-9634-7e4a70f3318e{ip: 192.168.151.118, host: pr-hdds-2296-8rkbz-2376872687, networkLocation: /default-rack, certSerialId: null}, Type:RATIS, Factor:ONE, State:OPEN]
2019-10-14 10:25:37,922 [grpc-default-executor-9] INFO  impl.RaftServerProxy (RaftServerProxy.java:addNew(89)) - ecf3d7c5-d006-40fa-a3e5-89e1b8755dd8: addNew group-63277F840B8D:[ecf3d7c5-d006-40fa-a3e5-89e1b8755dd8:192.168.151.118:33252, 7d5485eb-98a2-417e-8893-a021e5c10a65:192.168.151.118:35827, ed754b3d-dc69-4cc3-9634-7e4a70f3318e:192.168.151.118:45052] returns group-63277F840B8D:java.util.concurrent.CompletableFuture@3007898d[Not completed]
2019-10-14 10:25:37,922 [grpc-default-executor-6] INFO  impl.RaftServerProxy (RaftServerProxy.java:addNew(89)) - 7d5485eb-98a2-417e-8893-a021e5c10a65: addNew group-63277F840B8D:[ecf3d7c5-d006-40fa-a3e5-89e1b8755dd8:192.168.151.118:33252, 7d5485eb-98a2-417e-8893-a021e5c10a65:192.168.151.118:35827, ed754b3d-dc69-4cc3-9634-7e4a70f3318e:192.168.151.118:45052] returns group-63277F840B8D:java.util.concurrent.CompletableFuture@41315ef9[Not completed]
2019-10-14 10:25:37,923 [grpc-default-executor-6] INFO  impl.RaftServerProxy (RaftServerProxy.java:addNew(89)) - ed754b3d-dc69-4cc3-9634-7e4a70f3318e: addNew group-63277F840B8D:[ecf3d7c5-d006-40fa-a3e5-89e1b8755dd8:192.168.151.118:33252, 7d5485eb-98a2-417e-8893-a021e5c10a65:192.168.151.118:35827, ed754b3d-dc69-4cc3-9634-7e4a70f3318e:192.168.151.118:45052] returns group-63277F840B8D:java.util.concurrent.CompletableFuture@1dba294e[Not completed]
2019-10-14 10:25:37,923 [pool-499-thread-1] INFO  impl.RaftServerImpl (RaftServerImpl.java:<init>(95)) - 7d5485eb-98a2-417e-8893-a021e5c10a65: new RaftServerImpl for group-63277F840B8D:[ecf3d7c5-d006-40fa-a3e5-89e1b8755dd8:192.168.151.118:33252, 7d5485eb-98a2-417e-8893-a021e5c10a65:192.168.151.118:35827, ed754b3d-dc69-4cc3-9634-7e4a70f3318e:192.168.151.118:45052] with ContainerStateMachine:uninitialized
2019-10-14 10:25:37,923 [pool-499-thread-1] INFO  server.RaftServerConfigKeys (ConfUtils.java:logGet(43)) - raft.server.rpc.timeout.min = 5s (custom)
2019-10-14 10:25:37,923 [pool-499-thread-1] INFO  server.RaftServerConfigKeys (ConfUtils.java:logGet(43)) - raft.server.rpc.timeout.max = 5200ms (custom)
2019-10-14 10:25:37,924 [pool-529-thread-1] INFO  impl.RaftServerImpl (RaftServerImpl.java:<init>(95)) - ecf3d7c5-d006-40fa-a3e5-89e1b8755dd8: new RaftServerImpl for group-63277F840B8D:[ecf3d7c5-d006-40fa-a3e5-89e1b8755dd8:192.168.151.118:33252, 7d5485eb-98a2-417e-8893-a021e5c10a65:192.168.151.118:35827, ed754b3d-dc69-4cc3-9634-7e4a70f3318e:192.168.151.118:45052] with ContainerStateMachine:uninitialized
2019-10-14 10:25:37,924 [IPC Server handler 0 on 35247] INFO  net.NetworkTopology (NetworkTopologyImpl.java:add(111)) - Added a new node: /default-rack/da1611dd-f331-4f41-9503-72cb73569654
2019-10-14 10:25:37,924 [pool-499-thread-1] INFO  server.RaftServerConfigKeys (ConfUtils.java:logGet(43)) - raft.server.rpcslowness.timeout = 120s (custom)
2019-10-14 10:25:37,924 [IPC Server handler 0 on 35247] INFO  node.SCMNodeManager (SCMNodeManager.java:register(268)) - Registered Data node : da1611dd-f331-4f41-9503-72cb73569654{ip: 192.168.151.118, host: pr-hdds-2296-8rkbz-2376872687, networkLocation: /default-rack, certSerialId: null}
2019-10-14 10:25:37,924 [pool-539-thread-1] INFO  impl.RaftServerImpl (RaftServerImpl.java:<init>(95)) - ed754b3d-dc69-4cc3-9634-7e4a70f3318e: new RaftServerImpl for group-63277F840B8D:[ecf3d7c5-d006-40fa-a3e5-89e1b8755dd8:192.168.151.118:33252, 7d5485eb-98a2-417e-8893-a021e5c10a65:192.168.151.118:35827, ed754b3d-dc69-4cc3-9634-7e4a70f3318e:192.168.151.118:45052] with ContainerStateMachine:uninitialized
2019-10-14 10:25:37,924 [pool-529-thread-1] INFO  server.RaftServerConfigKeys (ConfUtils.java:logGet(43)) - raft.server.rpc.timeout.min = 5s (custom)
2019-10-14 10:25:37,924 [pool-539-thread-1] INFO  server.RaftServerConfigKeys (ConfUtils.java:logGet(43)) - raft.server.rpc.timeout.min = 5s (custom)
2019-10-14 10:25:37,924 [pool-499-thread-1] INFO  server.RaftServerConfigKeys (ConfUtils.java:logGet(43)) - raft.server.sleep.deviation.threshold = 300 (default)
2019-10-14 10:25:37,925 [pool-539-thread-1] INFO  server.RaftServerConfigKeys (ConfUtils.java:logGet(43)) - raft.server.rpc.timeout.max = 5200ms (custom)
2019-10-14 10:25:37,925 [pool-529-thread-1] INFO  server.RaftServerConfigKeys (ConfUtils.java:logGet(43)) - raft.server.rpc.timeout.max = 5200ms (custom)
2019-10-14 10:25:37,925 [pool-539-thread-1] INFO  server.RaftServerConfigKeys (ConfUtils.java:logGet(43)) - raft.server.rpcslowness.timeout = 120s (custom)
2019-10-14 10:25:37,925 [pool-499-thread-1] INFO  server.RaftServerConfigKeys (ConfUtils.java:logGet(43)) - raft.server.log.appender.install.snapshot.enabled = false (custom)
2019-10-14 10:25:37,925 [pool-539-thread-1] INFO  server.RaftServerConfigKeys (ConfUtils.java:logGet(43)) - raft.server.sleep.deviation.threshold = 300 (default)
2019-10-14 10:25:37,925 [pool-529-thread-1] INFO  server.RaftServerConfigKeys (ConfUtils.java:logGet(43)) - raft.server.rpcslowness.timeout = 120s (custom)
2019-10-14 10:25:37,925 [pool-539-thread-1] INFO  server.RaftServerConfigKeys (ConfUtils.java:logGet(43)) - raft.server.log.appender.install.snapshot.enabled = false (custom)
2019-10-14 10:25:37,925 [pool-499-thread-1] INFO  impl.RaftServerImpl (ServerState.java:<init>(103)) - 7d5485eb-98a2-417e-8893-a021e5c10a65@group-63277F840B8D: ConfigurationManager, init=-1: [ecf3d7c5-d006-40fa-a3e5-89e1b8755dd8:192.168.151.118:33252, 7d5485eb-98a2-417e-8893-a021e5c10a65:192.168.151.118:35827, ed754b3d-dc69-4cc3-9634-7e4a70f3318e:192.168.151.118:45052], old=null, confs=<EMPTY_MAP>
2019-10-14 10:25:37,925 [pool-539-thread-1] INFO  impl.RaftServerImpl (ServerState.java:<init>(103)) - ed754b3d-dc69-4cc3-9634-7e4a70f3318e@group-63277F840B8D: ConfigurationManager, init=-1: [ecf3d7c5-d006-40fa-a3e5-89e1b8755dd8:192.168.151.118:33252, 7d5485eb-98a2-417e-8893-a021e5c10a65:192.168.151.118:35827, ed754b3d-dc69-4cc3-9634-7e4a70f3318e:192.168.151.118:45052], old=null, confs=<EMPTY_MAP>
2019-10-14 10:25:37,926 [pool-499-thread-1] INFO  server.RaftServerConfigKeys (ConfUtils.java:logGet(43)) - raft.server.storage.dir = [/workdir/hadoop-ozone/integration-test/target/test-dir/MiniOzoneClusterImpl-47ff539e-8602-4655-a791-f768753789ad/datanode-0/data/ratis] (custom)
2019-10-14 10:25:37,925 [pool-529-thread-1] INFO  server.RaftServerConfigKeys (ConfUtils.java:logGet(43)) - raft.server.sleep.deviation.threshold = 300 (default)
2019-10-14 10:25:37,926 [pool-539-thread-1] INFO  server.RaftServerConfigKeys (ConfUtils.java:logGet(43)) - raft.server.storage.dir = [/workdir/hadoop-ozone/integration-test/target/test-dir/MiniOzoneClusterImpl-47ff539e-8602-4655-a791-f768753789ad/datanode-4/data/ratis] (custom)
2019-10-14 10:25:37,926 [pool-499-thread-1] INFO  server.RaftServerConfigKeys (ConfUtils.java:logGet(43)) - raft.server.log.corruption.policy = EXCEPTION (default)
2019-10-14 10:25:37,926 [pool-529-thread-1] INFO  server.RaftServerConfigKeys (ConfUtils.java:logGet(43)) - raft.server.log.appender.install.snapshot.enabled = false (custom)
2019-10-14 10:25:37,926 [pool-539-thread-1] INFO  server.RaftServerConfigKeys (ConfUtils.java:logGet(43)) - raft.server.log.corruption.policy = EXCEPTION (default)
2019-10-14 10:25:37,926 [pool-529-thread-1] INFO  impl.RaftServerImpl (ServerState.java:<init>(103)) - ecf3d7c5-d006-40fa-a3e5-89e1b8755dd8@group-63277F840B8D: ConfigurationManager, init=-1: [ecf3d7c5-d006-40fa-a3e5-89e1b8755dd8:192.168.151.118:33252, 7d5485eb-98a2-417e-8893-a021e5c10a65:192.168.151.118:35827, ed754b3d-dc69-4cc3-9634-7e4a70f3318e:192.168.151.118:45052], old=null, confs=<EMPTY_MAP>
2019-10-14 10:25:37,926 [pool-499-thread-1] INFO  storage.RaftStorageDirectory (RaftStorageDirectory.java:analyzeStorage(246)) - The storage directory /workdir/hadoop-ozone/integration-test/target/test-dir/MiniOzoneClusterImpl-47ff539e-8602-4655-a791-f768753789ad/datanode-0/data/ratis/32cef0ea-84c8-4027-9f2d-63277f840b8d does not exist. Creating ...
2019-10-14 10:25:37,926 [pool-529-thread-1] INFO  server.RaftServerConfigKeys (ConfUtils.java:logGet(43)) - raft.server.storage.dir = [/workdir/hadoop-ozone/integration-test/target/test-dir/MiniOzoneClusterImpl-47ff539e-8602-4655-a791-f768753789ad/datanode-3/data/ratis] (custom)
2019-10-14 10:25:37,926 [pool-539-thread-1] INFO  storage.RaftStorageDirectory (RaftStorageDirectory.java:analyzeStorage(246)) - The storage directory /workdir/hadoop-ozone/integration-test/target/test-dir/MiniOzoneClusterImpl-47ff539e-8602-4655-a791-f768753789ad/datanode-4/data/ratis/32cef0ea-84c8-4027-9f2d-63277f840b8d does not exist. Creating ...
2019-10-14 10:25:37,927 [pool-529-thread-1] INFO  server.RaftServerConfigKeys (ConfUtils.java:logGet(43)) - raft.server.log.corruption.policy = EXCEPTION (default)
2019-10-14 10:25:37,927 [pool-529-thread-1] INFO  storage.RaftStorageDirectory (RaftStorageDirectory.java:analyzeStorage(246)) - The storage directory /workdir/hadoop-ozone/integration-test/target/test-dir/MiniOzoneClusterImpl-47ff539e-8602-4655-a791-f768753789ad/datanode-3/data/ratis/32cef0ea-84c8-4027-9f2d-63277f840b8d does not exist. Creating ...
2019-10-14 10:25:37,940 [pool-529-thread-1] INFO  storage.RaftStorageDirectory (RaftStorageDirectory.java:tryLock(328)) - Lock on /workdir/hadoop-ozone/integration-test/target/test-dir/MiniOzoneClusterImpl-47ff539e-8602-4655-a791-f768753789ad/datanode-3/data/ratis/32cef0ea-84c8-4027-9f2d-63277f840b8d/in_use.lock acquired by nodename 23677@pr-hdds-2296-8rkbz-2376872687
2019-10-14 10:25:37,942 [pool-499-thread-1] INFO  storage.RaftStorageDirectory (RaftStorageDirectory.java:tryLock(328)) - Lock on /workdir/hadoop-ozone/integration-test/target/test-dir/MiniOzoneClusterImpl-47ff539e-8602-4655-a791-f768753789ad/datanode-0/data/ratis/32cef0ea-84c8-4027-9f2d-63277f840b8d/in_use.lock acquired by nodename 23677@pr-hdds-2296-8rkbz-2376872687
2019-10-14 10:25:37,946 [pool-539-thread-1] INFO  storage.RaftStorageDirectory (RaftStorageDirectory.java:tryLock(328)) - Lock on /workdir/hadoop-ozone/integration-test/target/test-dir/MiniOzoneClusterImpl-47ff539e-8602-4655-a791-f768753789ad/datanode-4/data/ratis/32cef0ea-84c8-4027-9f2d-63277f840b8d/in_use.lock acquired by nodename 23677@pr-hdds-2296-8rkbz-2376872687
2019-10-14 10:25:37,966 [pool-529-thread-1] INFO  storage.RaftStorage (RaftStorage.java:format(84)) - Storage directory /workdir/hadoop-ozone/integration-test/target/test-dir/MiniOzoneClusterImpl-47ff539e-8602-4655-a791-f768753789ad/datanode-3/data/ratis/32cef0ea-84c8-4027-9f2d-63277f840b8d has been successfully formatted.
2019-10-14 10:25:37,966 [pool-539-thread-1] INFO  storage.RaftStorage (RaftStorage.java:format(84)) - Storage directory /workdir/hadoop-ozone/integration-test/target/test-dir/MiniOzoneClusterImpl-47ff539e-8602-4655-a791-f768753789ad/datanode-4/data/ratis/32cef0ea-84c8-4027-9f2d-63277f840b8d has been successfully formatted.
2019-10-14 10:25:37,966 [pool-499-thread-1] INFO  storage.RaftStorage (RaftStorage.java:format(84)) - Storage directory /workdir/hadoop-ozone/integration-test/target/test-dir/MiniOzoneClusterImpl-47ff539e-8602-4655-a791-f768753789ad/datanode-0/data/ratis/32cef0ea-84c8-4027-9f2d-63277f840b8d has been successfully formatted.
2019-10-14 10:25:37,966 [pool-539-thread-1] INFO  ratis.ContainerStateMachine (ContainerStateMachine.java:loadSnapshot(231)) - group-63277F840B8D: The snapshot info is null. Setting the last applied indexto:(t:0, i:~)
2019-10-14 10:25:37,966 [pool-529-thread-1] INFO  ratis.ContainerStateMachine (ContainerStateMachine.java:loadSnapshot(231)) - group-63277F840B8D: The snapshot info is null. Setting the last applied indexto:(t:0, i:~)
2019-10-14 10:25:37,966 [pool-539-thread-1] INFO  server.RaftServerConfigKeys (ConfUtils.java:logGet(43)) - raft.server.notification.no-leader.timeout = 120s (custom)
2019-10-14 10:25:37,966 [pool-499-thread-1] INFO  ratis.ContainerStateMachine (ContainerStateMachine.java:loadSnapshot(231)) - group-63277F840B8D: The snapshot info is null. Setting the last applied indexto:(t:0, i:~)
2019-10-14 10:25:37,966 [pool-539-thread-1] INFO  server.RaftServerConfigKeys (ConfUtils.java:logGet(43)) - raft.server.log.use.memory = false (default)
2019-10-14 10:25:37,966 [pool-529-thread-1] INFO  server.RaftServerConfigKeys (ConfUtils.java:logGet(43)) - raft.server.notification.no-leader.timeout = 120s (custom)
2019-10-14 10:25:37,966 [pool-539-thread-1] INFO  server.RaftServerConfigKeys (ConfUtils.java:logGet(43)) - raft.server.log.purge.gap = 1000000 (custom)
2019-10-14 10:25:37,967 [pool-539-thread-1] INFO  server.RaftServerConfigKeys (ConfUtils.java:logGet(43)) - raft.server.log.appender.buffer.byte-limit = 33554432 (custom)
2019-10-14 10:25:37,966 [pool-499-thread-1] INFO  server.RaftServerConfigKeys (ConfUtils.java:logGet(43)) - raft.server.notification.no-leader.timeout = 120s (custom)
2019-10-14 10:25:37,967 [pool-539-thread-1] INFO  server.RaftServerConfigKeys (ConfUtils.java:logGet(43)) - raft.server.log.segment.size.max = 1048576 (custom)
2019-10-14 10:25:37,967 [pool-529-thread-1] INFO  server.RaftServerConfigKeys (ConfUtils.java:logGet(43)) - raft.server.log.use.memory = false (default)
2019-10-14 10:25:37,967 [pool-539-thread-1] INFO  server.RaftServerConfigKeys (ConfUtils.java:logGet(43)) - raft.server.log.segment.cache.num.max = 2 (custom)
2019-10-14 10:25:37,967 [pool-499-thread-1] INFO  server.RaftServerConfigKeys (ConfUtils.java:logGet(43)) - raft.server.log.use.memory = false (default)
2019-10-14 10:25:37,967 [pool-539-thread-1] INFO  segmented.SegmentedRaftLogWorker (SegmentedRaftLogWorker.java:<init>(173)) - new ed754b3d-dc69-4cc3-9634-7e4a70f3318e@group-63277F840B8D-SegmentedRaftLogWorker for RaftStorage:Storage Directory /workdir/hadoop-ozone/integration-test/target/test-dir/MiniOzoneClusterImpl-47ff539e-8602-4655-a791-f768753789ad/datanode-4/data/ratis/32cef0ea-84c8-4027-9f2d-63277f840b8d
2019-10-14 10:25:37,967 [pool-529-thread-1] INFO  server.RaftServerConfigKeys (ConfUtils.java:logGet(43)) - raft.server.log.purge.gap = 1000000 (custom)
2019-10-14 10:25:37,967 [pool-539-thread-1] INFO  server.RaftServerConfigKeys (ConfUtils.java:logGet(43)) - raft.server.log.queue.byte-limit = 2147483647 (custom)
2019-10-14 10:25:37,967 [pool-499-thread-1] INFO  server.RaftServerConfigKeys (ConfUtils.java:logGet(43)) - raft.server.log.purge.gap = 1000000 (custom)
2019-10-14 10:25:37,967 [pool-539-thread-1] INFO  server.RaftServerConfigKeys (ConfUtils.java:logGet(43)) - raft.server.log.queue.element-limit = 1024 (custom)
2019-10-14 10:25:37,967 [pool-529-thread-1] INFO  server.RaftServerConfigKeys (ConfUtils.java:logGet(43)) - raft.server.log.appender.buffer.byte-limit = 33554432 (custom)
2019-10-14 10:25:37,968 [pool-539-thread-1] INFO  server.RaftServerConfigKeys (ConfUtils.java:logGet(43)) - raft.server.log.segment.size.max = 1048576 (custom)
2019-10-14 10:25:37,968 [pool-499-thread-1] INFO  server.RaftServerConfigKeys (ConfUtils.java:logGet(43)) - raft.server.log.appender.buffer.byte-limit = 33554432 (custom)
2019-10-14 10:25:37,968 [pool-539-thread-1] INFO  server.RaftServerConfigKeys (ConfUtils.java:logGet(43)) - raft.server.log.preallocated.size = 16384 (custom)
2019-10-14 10:25:37,968 [pool-529-thread-1] INFO  server.RaftServerConfigKeys (ConfUtils.java:logGet(43)) - raft.server.log.segment.size.max = 1048576 (custom)
2019-10-14 10:25:37,968 [pool-539-thread-1] INFO  server.RaftServerConfigKeys (ConfUtils.java:logGet(43)) - raft.server.log.write.buffer.size = 33554432 (custom)
2019-10-14 10:25:37,968 [pool-499-thread-1] INFO  server.RaftServerConfigKeys (ConfUtils.java:logGet(43)) - raft.server.log.segment.size.max = 1048576 (custom)
2019-10-14 10:25:37,968 [pool-539-thread-1] INFO  server.RaftServerConfigKeys (ConfUtils.java:logGet(43)) - raft.server.log.force.sync.num = 128 (default)
2019-10-14 10:25:37,968 [pool-529-thread-1] INFO  server.RaftServerConfigKeys (ConfUtils.java:logGet(43)) - raft.server.log.segment.cache.num.max = 2 (custom)
2019-10-14 10:25:37,968 [pool-539-thread-1] INFO  server.RaftServerConfigKeys (ConfUtils.java:logGet(43)) - raft.server.log.statemachine.data.sync = true (default)
2019-10-14 10:25:37,968 [pool-499-thread-1] INFO  server.RaftServerConfigKeys (ConfUtils.java:logGet(43)) - raft.server.log.segment.cache.num.max = 2 (custom)
2019-10-14 10:25:37,969 [pool-539-thread-1] INFO  server.RaftServerConfigKeys (ConfUtils.java:logGet(43)) - raft.server.log.statemachine.data.sync.timeout = 10s (default)
2019-10-14 10:25:37,969 [pool-529-thread-1] INFO  segmented.SegmentedRaftLogWorker (SegmentedRaftLogWorker.java:<init>(173)) - new ecf3d7c5-d006-40fa-a3e5-89e1b8755dd8@group-63277F840B8D-SegmentedRaftLogWorker for RaftStorage:Storage Directory /workdir/hadoop-ozone/integration-test/target/test-dir/MiniOzoneClusterImpl-47ff539e-8602-4655-a791-f768753789ad/datanode-3/data/ratis/32cef0ea-84c8-4027-9f2d-63277f840b8d
2019-10-14 10:25:37,969 [pool-539-thread-1] INFO  server.RaftServerConfigKeys (ConfUtils.java:logGet(43)) - raft.server.log.statemachine.data.sync.timeout.retry = -1 (default)
2019-10-14 10:25:37,969 [pool-499-thread-1] INFO  segmented.SegmentedRaftLogWorker (SegmentedRaftLogWorker.java:<init>(173)) - new 7d5485eb-98a2-417e-8893-a021e5c10a65@group-63277F840B8D-SegmentedRaftLogWorker for RaftStorage:Storage Directory /workdir/hadoop-ozone/integration-test/target/test-dir/MiniOzoneClusterImpl-47ff539e-8602-4655-a791-f768753789ad/datanode-0/data/ratis/32cef0ea-84c8-4027-9f2d-63277f840b8d
2019-10-14 10:25:37,969 [pool-539-thread-1] INFO  server.RaftServerConfigKeys (ConfUtils.java:logGet(43)) - raft.server.log.statemachine.data.caching.enabled = true (custom)
2019-10-14 10:25:37,969 [pool-529-thread-1] INFO  server.RaftServerConfigKeys (ConfUtils.java:logGet(43)) - raft.server.log.queue.byte-limit = 2147483647 (custom)
2019-10-14 10:25:37,969 [pool-499-thread-1] INFO  server.RaftServerConfigKeys (ConfUtils.java:logGet(43)) - raft.server.log.queue.byte-limit = 2147483647 (custom)
2019-10-14 10:25:37,969 [pool-539-thread-1] INFO  segmented.SegmentedRaftLogWorker (SegmentedRaftLogWorker.java:lambda$new$0(128)) - ed754b3d-dc69-4cc3-9634-7e4a70f3318e@group-63277F840B8D-SegmentedRaftLogWorker: flushIndex: setUnconditionally 0 -> -1
2019-10-14 10:25:37,969 [pool-529-thread-1] INFO  server.RaftServerConfigKeys (ConfUtils.java:logGet(43)) - raft.server.log.queue.element-limit = 1024 (custom)
2019-10-14 10:25:37,969 [pool-499-thread-1] INFO  server.RaftServerConfigKeys (ConfUtils.java:logGet(43)) - raft.server.log.queue.element-limit = 1024 (custom)
2019-10-14 10:25:37,970 [pool-529-thread-1] INFO  server.RaftServerConfigKeys (ConfUtils.java:logGet(43)) - raft.server.log.segment.size.max = 1048576 (custom)
2019-10-14 10:25:37,969 [pool-539-thread-1] INFO  server.RaftServerConfigKeys (ConfUtils.java:logGet(43)) - raft.server.snapshot.auto.trigger.enabled = true (custom)
2019-10-14 10:25:37,970 [pool-529-thread-1] INFO  server.RaftServerConfigKeys (ConfUtils.java:logGet(43)) - raft.server.log.preallocated.size = 16384 (custom)
2019-10-14 10:25:37,970 [pool-499-thread-1] INFO  server.RaftServerConfigKeys (ConfUtils.java:logGet(43)) - raft.server.log.segment.size.max = 1048576 (custom)
2019-10-14 10:25:37,970 [pool-529-thread-1] INFO  server.RaftServerConfigKeys (ConfUtils.java:logGet(43)) - raft.server.log.write.buffer.size = 33554432 (custom)
2019-10-14 10:25:37,970 [pool-539-thread-1] INFO  server.RaftServerConfigKeys (ConfUtils.java:logGet(43)) - raft.server.snapshot.auto.trigger.threshold = 10000 (custom)
2019-10-14 10:25:37,970 [pool-529-thread-1] INFO  server.RaftServerConfigKeys (ConfUtils.java:logGet(43)) - raft.server.log.force.sync.num = 128 (default)
2019-10-14 10:25:37,970 [pool-499-thread-1] INFO  server.RaftServerConfigKeys (ConfUtils.java:logGet(43)) - raft.server.log.preallocated.size = 16384 (custom)
2019-10-14 10:25:37,970 [pool-529-thread-1] INFO  server.RaftServerConfigKeys (ConfUtils.java:logGet(43)) - raft.server.log.statemachine.data.sync = true (default)
2019-10-14 10:25:37,970 [pool-539-thread-1] INFO  server.RaftServerConfigKeys (ConfUtils.java:logGet(43)) - raft.server.snapshot.retention.file.num = 5 (custom)
2019-10-14 10:25:37,970 [pool-529-thread-1] INFO  server.RaftServerConfigKeys (ConfUtils.java:logGet(43)) - raft.server.log.statemachine.data.sync.timeout = 10s (default)
2019-10-14 10:25:37,970 [pool-499-thread-1] INFO  server.RaftServerConfigKeys (ConfUtils.java:logGet(43)) - raft.server.log.write.buffer.size = 33554432 (custom)
2019-10-14 10:25:37,971 [pool-529-thread-1] INFO  server.RaftServerConfigKeys (ConfUtils.java:logGet(43)) - raft.server.log.statemachine.data.sync.timeout.retry = -1 (default)
2019-10-14 10:25:37,971 [pool-539-thread-1] INFO  server.RaftServerConfigKeys (ConfUtils.java:logGet(43)) - raft.server.retrycache.expirytime = 600000ms (custom)
2019-10-14 10:25:37,971 [pool-529-thread-1] INFO  server.RaftServerConfigKeys (ConfUtils.java:logGet(43)) - raft.server.log.statemachine.data.caching.enabled = true (custom)
2019-10-14 10:25:37,971 [pool-499-thread-1] INFO  server.RaftServerConfigKeys (ConfUtils.java:logGet(43)) - raft.server.log.force.sync.num = 128 (default)
2019-10-14 10:25:37,971 [pool-529-thread-1] INFO  segmented.SegmentedRaftLogWorker (SegmentedRaftLogWorker.java:lambda$new$0(128)) - ecf3d7c5-d006-40fa-a3e5-89e1b8755dd8@group-63277F840B8D-SegmentedRaftLogWorker: flushIndex: setUnconditionally 0 -> -1
2019-10-14 10:25:37,971 [pool-499-thread-1] INFO  server.RaftServerConfigKeys (ConfUtils.java:logGet(43)) - raft.server.log.statemachine.data.sync = true (default)
2019-10-14 10:25:37,971 [pool-499-thread-1] INFO  server.RaftServerConfigKeys (ConfUtils.java:logGet(43)) - raft.server.log.statemachine.data.sync.timeout = 10s (default)
2019-10-14 10:25:37,971 [pool-529-thread-1] INFO  server.RaftServerConfigKeys (ConfUtils.java:logGet(43)) - raft.server.snapshot.auto.trigger.enabled = true (custom)
2019-10-14 10:25:37,971 [pool-499-thread-1] INFO  server.RaftServerConfigKeys (ConfUtils.java:logGet(43)) - raft.server.log.statemachine.data.sync.timeout.retry = -1 (default)
2019-10-14 10:25:37,972 [pool-529-thread-1] INFO  server.RaftServerConfigKeys (ConfUtils.java:logGet(43)) - raft.server.snapshot.auto.trigger.threshold = 10000 (custom)
2019-10-14 10:25:37,972 [pool-499-thread-1] INFO  server.RaftServerConfigKeys (ConfUtils.java:logGet(43)) - raft.server.log.statemachine.data.caching.enabled = true (custom)
2019-10-14 10:25:37,972 [pool-529-thread-1] INFO  server.RaftServerConfigKeys (ConfUtils.java:logGet(43)) - raft.server.snapshot.retention.file.num = 5 (custom)
2019-10-14 10:25:37,972 [pool-499-thread-1] INFO  segmented.SegmentedRaftLogWorker (SegmentedRaftLogWorker.java:lambda$new$0(128)) - 7d5485eb-98a2-417e-8893-a021e5c10a65@group-63277F840B8D-SegmentedRaftLogWorker: flushIndex: setUnconditionally 0 -> -1
2019-10-14 10:25:37,972 [pool-529-thread-1] INFO  server.RaftServerConfigKeys (ConfUtils.java:logGet(43)) - raft.server.retrycache.expirytime = 600000ms (custom)
2019-10-14 10:25:37,972 [pool-499-thread-1] INFO  server.RaftServerConfigKeys (ConfUtils.java:logGet(43)) - raft.server.snapshot.auto.trigger.enabled = true (custom)
2019-10-14 10:25:37,972 [pool-539-thread-1] INFO  impl.RaftServerImpl (RaftServerImpl.java:start(181)) - ed754b3d-dc69-4cc3-9634-7e4a70f3318e@group-63277F840B8D: start as a follower, conf=-1: [ecf3d7c5-d006-40fa-a3e5-89e1b8755dd8:192.168.151.118:33252, 7d5485eb-98a2-417e-8893-a021e5c10a65:192.168.151.118:35827, ed754b3d-dc69-4cc3-9634-7e4a70f3318e:192.168.151.118:45052], old=null
2019-10-14 10:25:37,972 [pool-499-thread-1] INFO  server.RaftServerConfigKeys (ConfUtils.java:logGet(43)) - raft.server.snapshot.auto.trigger.threshold = 10000 (custom)
2019-10-14 10:25:37,972 [pool-539-thread-1] INFO  impl.RaftServerImpl (RaftServerImpl.java:setRole(170)) - ed754b3d-dc69-4cc3-9634-7e4a70f3318e@group-63277F840B8D: changes role from      null to FOLLOWER at term 0 for startAsFollower
2019-10-14 10:25:37,973 [pool-499-thread-1] INFO  server.RaftServerConfigKeys (ConfUtils.java:logGet(43)) - raft.server.snapshot.retention.file.num = 5 (custom)
2019-10-14 10:25:37,973 [pool-539-thread-1] INFO  impl.RoleInfo (RoleInfo.java:updateAndGet(143)) - ed754b3d-dc69-4cc3-9634-7e4a70f3318e: start FollowerState
2019-10-14 10:25:37,973 [pool-499-thread-1] INFO  server.RaftServerConfigKeys (ConfUtils.java:logGet(43)) - raft.server.retrycache.expirytime = 600000ms (custom)
2019-10-14 10:25:37,973 [pool-539-thread-1] INFO  util.JmxRegister (JmxRegister.java:tryRegister(44)) - Successfully registered JMX Bean with object name Ratis:service=RaftServer,group=group-63277F840B8D,id=ed754b3d-dc69-4cc3-9634-7e4a70f3318e
2019-10-14 10:25:37,974 [pool-529-thread-1] INFO  impl.RaftServerImpl (RaftServerImpl.java:start(181)) - ecf3d7c5-d006-40fa-a3e5-89e1b8755dd8@group-63277F840B8D: start as a follower, conf=-1: [ecf3d7c5-d006-40fa-a3e5-89e1b8755dd8:192.168.151.118:33252, 7d5485eb-98a2-417e-8893-a021e5c10a65:192.168.151.118:35827, ed754b3d-dc69-4cc3-9634-7e4a70f3318e:192.168.151.118:45052], old=null
2019-10-14 10:25:37,974 [pool-529-thread-1] INFO  impl.RaftServerImpl (RaftServerImpl.java:setRole(170)) - ecf3d7c5-d006-40fa-a3e5-89e1b8755dd8@group-63277F840B8D: changes role from      null to FOLLOWER at term 0 for startAsFollower
2019-10-14 10:25:37,974 [pool-529-thread-1] INFO  impl.RoleInfo (RoleInfo.java:updateAndGet(143)) - ecf3d7c5-d006-40fa-a3e5-89e1b8755dd8: start FollowerState
2019-10-14 10:25:37,974 [pool-529-thread-1] INFO  util.JmxRegister (JmxRegister.java:tryRegister(44)) - Successfully registered JMX Bean with object name Ratis:service=RaftServer,group=group-63277F840B8D,id=ecf3d7c5-d006-40fa-a3e5-89e1b8755dd8
2019-10-14 10:25:37,975 [pool-499-thread-1] INFO  impl.RaftServerImpl (RaftServerImpl.java:start(181)) - 7d5485eb-98a2-417e-8893-a021e5c10a65@group-63277F840B8D: start as a follower, conf=-1: [ecf3d7c5-d006-40fa-a3e5-89e1b8755dd8:192.168.151.118:33252, 7d5485eb-98a2-417e-8893-a021e5c10a65:192.168.151.118:35827, ed754b3d-dc69-4cc3-9634-7e4a70f3318e:192.168.151.118:45052], old=null
2019-10-14 10:25:37,976 [pool-499-thread-1] INFO  impl.RaftServerImpl (RaftServerImpl.java:setRole(170)) - 7d5485eb-98a2-417e-8893-a021e5c10a65@group-63277F840B8D: changes role from      null to FOLLOWER at term 0 for startAsFollower
2019-10-14 10:25:37,976 [pool-499-thread-1] INFO  impl.RoleInfo (RoleInfo.java:updateAndGet(143)) - 7d5485eb-98a2-417e-8893-a021e5c10a65: start FollowerState
2019-10-14 10:25:37,976 [pool-499-thread-1] INFO  util.JmxRegister (JmxRegister.java:tryRegister(44)) - Successfully registered JMX Bean with object name Ratis:service=RaftServer,group=group-63277F840B8D,id=7d5485eb-98a2-417e-8893-a021e5c10a65
2019-10-14 10:25:37,980 [RatisPipelineUtilsThread] INFO  pipeline.PipelineStateManager (PipelineStateManager.java:addPipeline(56)) - Created pipeline Pipeline[ Id: 32cef0ea-84c8-4027-9f2d-63277f840b8d, Nodes: ed754b3d-dc69-4cc3-9634-7e4a70f3318e{ip: 192.168.151.118, host: pr-hdds-2296-8rkbz-2376872687, networkLocation: /default-rack, certSerialId: null}ecf3d7c5-d006-40fa-a3e5-89e1b8755dd8{ip: 192.168.151.118, host: pr-hdds-2296-8rkbz-2376872687, networkLocation: /default-rack, certSerialId: null}7d5485eb-98a2-417e-8893-a021e5c10a65{ip: 192.168.151.118, host: pr-hdds-2296-8rkbz-2376872687, networkLocation: /default-rack, certSerialId: null}, Type:RATIS, Factor:THREE, State:OPEN]
2019-10-14 10:25:37,989 [main] INFO  ozone.MiniOzoneClusterImpl (MiniOzoneClusterImpl.java:lambda$waitForClusterToBeReady$0(147)) - Waiting for cluster to be ready. Got 6 of 7 DN Heartbeats.
2019-10-14 10:25:37,990 [IPC Server handler 5 on 35247] INFO  net.NetworkTopology (NetworkTopologyImpl.java:add(111)) - Added a new node: /default-rack/92f62135-9987-4782-b20c-15a380a16cff
2019-10-14 10:25:37,994 [IPC Server handler 5 on 35247] INFO  node.SCMNodeManager (SCMNodeManager.java:register(268)) - Registered Data node : 92f62135-9987-4782-b20c-15a380a16cff{ip: 192.168.151.118, host: pr-hdds-2296-8rkbz-2376872687, networkLocation: /default-rack, certSerialId: null}
2019-10-14 10:25:38,004 [grpc-default-executor-6] INFO  impl.RaftServerProxy (RaftServerProxy.java:addNew(89)) - da1611dd-f331-4f41-9503-72cb73569654: addNew group-457AECC02AF0:[f9d94a56-3fa0-438a-8a56-ab8ac89c506c:192.168.151.118:39998, f5ac7400-e094-47f8-9db6-ca035a1b2b73:192.168.151.118:32856, da1611dd-f331-4f41-9503-72cb73569654:192.168.151.118:43263] returns group-457AECC02AF0:java.util.concurrent.CompletableFuture@67859148[Not completed]
2019-10-14 10:25:38,004 [grpc-default-executor-9] INFO  impl.RaftServerProxy (RaftServerProxy.java:addNew(89)) - f9d94a56-3fa0-438a-8a56-ab8ac89c506c: addNew group-457AECC02AF0:[f9d94a56-3fa0-438a-8a56-ab8ac89c506c:192.168.151.118:39998, f5ac7400-e094-47f8-9db6-ca035a1b2b73:192.168.151.118:32856, da1611dd-f331-4f41-9503-72cb73569654:192.168.151.118:43263] returns group-457AECC02AF0:java.util.concurrent.CompletableFuture@5fc04402[Not completed]
2019-10-14 10:25:38,004 [grpc-default-executor-8] INFO  impl.RaftServerProxy (RaftServerProxy.java:addNew(89)) - f5ac7400-e094-47f8-9db6-ca035a1b2b73: addNew group-457AECC02AF0:[f9d94a56-3fa0-438a-8a56-ab8ac89c506c:192.168.151.118:39998, f5ac7400-e094-47f8-9db6-ca035a1b2b73:192.168.151.118:32856, da1611dd-f331-4f41-9503-72cb73569654:192.168.151.118:43263] returns group-457AECC02AF0:java.util.concurrent.CompletableFuture@4268d80d[Not completed]
2019-10-14 10:25:38,006 [pool-519-thread-1] INFO  impl.RaftServerImpl (RaftServerImpl.java:<init>(95)) - f9d94a56-3fa0-438a-8a56-ab8ac89c506c: new RaftServerImpl for group-457AECC02AF0:[f9d94a56-3fa0-438a-8a56-ab8ac89c506c:192.168.151.118:39998, f5ac7400-e094-47f8-9db6-ca035a1b2b73:192.168.151.118:32856, da1611dd-f331-4f41-9503-72cb73569654:192.168.151.118:43263] with ContainerStateMachine:uninitialized
2019-10-14 10:25:38,006 [pool-519-thread-1] INFO  server.RaftServerConfigKeys (ConfUtils.java:logGet(43)) - raft.server.rpc.timeout.min = 5s (custom)
2019-10-14 10:25:38,006 [pool-519-thread-1] INFO  server.RaftServerConfigKeys (ConfUtils.java:logGet(43)) - raft.server.rpc.timeout.max = 5200ms (custom)
2019-10-14 10:25:38,006 [pool-519-thread-1] INFO  server.RaftServerConfigKeys (ConfUtils.java:logGet(43)) - raft.server.rpcslowness.timeout = 120s (custom)
2019-10-14 10:25:38,006 [pool-519-thread-1] INFO  server.RaftServerConfigKeys (ConfUtils.java:logGet(43)) - raft.server.sleep.deviation.threshold = 300 (default)
2019-10-14 10:25:38,006 [pool-549-thread-1] INFO  impl.RaftServerImpl (RaftServerImpl.java:<init>(95)) - da1611dd-f331-4f41-9503-72cb73569654: new RaftServerImpl for group-457AECC02AF0:[f9d94a56-3fa0-438a-8a56-ab8ac89c506c:192.168.151.118:39998, f5ac7400-e094-47f8-9db6-ca035a1b2b73:192.168.151.118:32856, da1611dd-f331-4f41-9503-72cb73569654:192.168.151.118:43263] with ContainerStateMachine:uninitialized
2019-10-14 10:25:38,006 [pool-519-thread-1] INFO  server.RaftServerConfigKeys (ConfUtils.java:logGet(43)) - raft.server.log.appender.install.snapshot.enabled = false (custom)
2019-10-14 10:25:38,007 [pool-549-thread-1] INFO  server.RaftServerConfigKeys (ConfUtils.java:logGet(43)) - raft.server.rpc.timeout.min = 5s (custom)
2019-10-14 10:25:38,007 [pool-509-thread-1] INFO  impl.RaftServerImpl (RaftServerImpl.java:<init>(95)) - f5ac7400-e094-47f8-9db6-ca035a1b2b73: new RaftServerImpl for group-457AECC02AF0:[f9d94a56-3fa0-438a-8a56-ab8ac89c506c:192.168.151.118:39998, f5ac7400-e094-47f8-9db6-ca035a1b2b73:192.168.151.118:32856, da1611dd-f331-4f41-9503-72cb73569654:192.168.151.118:43263] with ContainerStateMachine:uninitialized
2019-10-14 10:25:38,007 [pool-519-thread-1] INFO  impl.RaftServerImpl (ServerState.java:<init>(103)) - f9d94a56-3fa0-438a-8a56-ab8ac89c506c@group-457AECC02AF0: ConfigurationManager, init=-1: [f9d94a56-3fa0-438a-8a56-ab8ac89c506c:192.168.151.118:39998, f5ac7400-e094-47f8-9db6-ca035a1b2b73:192.168.151.118:32856, da1611dd-f331-4f41-9503-72cb73569654:192.168.151.118:43263], old=null, confs=<EMPTY_MAP>
2019-10-14 10:25:38,007 [pool-509-thread-1] INFO  server.RaftServerConfigKeys (ConfUtils.java:logGet(43)) - raft.server.rpc.timeout.min = 5s (custom)
2019-10-14 10:25:38,007 [pool-519-thread-1] INFO  server.RaftServerConfigKeys (ConfUtils.java:logGet(43)) - raft.server.storage.dir = [/workdir/hadoop-ozone/integration-test/target/test-dir/MiniOzoneClusterImpl-47ff539e-8602-4655-a791-f768753789ad/datanode-2/data/ratis] (custom)
2019-10-14 10:25:38,007 [pool-549-thread-1] INFO  server.RaftServerConfigKeys (ConfUtils.java:logGet(43)) - raft.server.rpc.timeout.max = 5200ms (custom)
2019-10-14 10:25:38,007 [pool-509-thread-1] INFO  server.RaftServerConfigKeys (ConfUtils.java:logGet(43)) - raft.server.rpc.timeout.max = 5200ms (custom)
2019-10-14 10:25:38,007 [pool-519-thread-1] INFO  server.RaftServerConfigKeys (ConfUtils.java:logGet(43)) - raft.server.log.corruption.policy = EXCEPTION (default)
2019-10-14 10:25:38,007 [pool-549-thread-1] INFO  server.RaftServerConfigKeys (ConfUtils.java:logGet(43)) - raft.server.rpcslowness.timeout = 120s (custom)
2019-10-14 10:25:38,007 [pool-519-thread-1] INFO  storage.RaftStorageDirectory (RaftStorageDirectory.java:analyzeStorage(246)) - The storage directory /workdir/hadoop-ozone/integration-test/target/test-dir/MiniOzoneClusterImpl-47ff539e-8602-4655-a791-f768753789ad/datanode-2/data/ratis/9b985b8d-fd71-48ef-ae69-457aecc02af0 does not exist. Creating ...
2019-10-14 10:25:38,007 [pool-549-thread-1] INFO  server.RaftServerConfigKeys (ConfUtils.java:logGet(43)) - raft.server.sleep.deviation.threshold = 300 (default)
2019-10-14 10:25:38,007 [pool-509-thread-1] INFO  server.RaftServerConfigKeys (ConfUtils.java:logGet(43)) - raft.server.rpcslowness.timeout = 120s (custom)
2019-10-14 10:25:38,008 [pool-549-thread-1] INFO  server.RaftServerConfigKeys (ConfUtils.java:logGet(43)) - raft.server.log.appender.install.snapshot.enabled = false (custom)
2019-10-14 10:25:38,008 [pool-509-thread-1] INFO  server.RaftServerConfigKeys (ConfUtils.java:logGet(43)) - raft.server.sleep.deviation.threshold = 300 (default)
2019-10-14 10:25:38,008 [pool-549-thread-1] INFO  impl.RaftServerImpl (ServerState.java:<init>(103)) - da1611dd-f331-4f41-9503-72cb73569654@group-457AECC02AF0: ConfigurationManager, init=-1: [f9d94a56-3fa0-438a-8a56-ab8ac89c506c:192.168.151.118:39998, f5ac7400-e094-47f8-9db6-ca035a1b2b73:192.168.151.118:32856, da1611dd-f331-4f41-9503-72cb73569654:192.168.151.118:43263], old=null, confs=<EMPTY_MAP>
2019-10-14 10:25:38,008 [pool-509-thread-1] INFO  server.RaftServerConfigKeys (ConfUtils.java:logGet(43)) - raft.server.log.appender.install.snapshot.enabled = false (custom)
2019-10-14 10:25:38,008 [pool-549-thread-1] INFO  server.RaftServerConfigKeys (ConfUtils.java:logGet(43)) - raft.server.storage.dir = [/workdir/hadoop-ozone/integration-test/target/test-dir/MiniOzoneClusterImpl-47ff539e-8602-4655-a791-f768753789ad/datanode-5/data/ratis] (custom)
2019-10-14 10:25:38,008 [pool-509-thread-1] INFO  impl.RaftServerImpl (ServerState.java:<init>(103)) - f5ac7400-e094-47f8-9db6-ca035a1b2b73@group-457AECC02AF0: ConfigurationManager, init=-1: [f9d94a56-3fa0-438a-8a56-ab8ac89c506c:192.168.151.118:39998, f5ac7400-e094-47f8-9db6-ca035a1b2b73:192.168.151.118:32856, da1611dd-f331-4f41-9503-72cb73569654:192.168.151.118:43263], old=null, confs=<EMPTY_MAP>
2019-10-14 10:25:38,008 [pool-509-thread-1] INFO  server.RaftServerConfigKeys (ConfUtils.java:logGet(43)) - raft.server.storage.dir = [/workdir/hadoop-ozone/integration-test/target/test-dir/MiniOzoneClusterImpl-47ff539e-8602-4655-a791-f768753789ad/datanode-1/data/ratis] (custom)
2019-10-14 10:25:38,008 [pool-549-thread-1] INFO  server.RaftServerConfigKeys (ConfUtils.java:logGet(43)) - raft.server.log.corruption.policy = EXCEPTION (default)
2019-10-14 10:25:38,008 [pool-509-thread-1] INFO  server.RaftServerConfigKeys (ConfUtils.java:logGet(43)) - raft.server.log.corruption.policy = EXCEPTION (default)
2019-10-14 10:25:38,008 [pool-549-thread-1] INFO  storage.RaftStorageDirectory (RaftStorageDirectory.java:analyzeStorage(246)) - The storage directory /workdir/hadoop-ozone/integration-test/target/test-dir/MiniOzoneClusterImpl-47ff539e-8602-4655-a791-f768753789ad/datanode-5/data/ratis/9b985b8d-fd71-48ef-ae69-457aecc02af0 does not exist. Creating ...
2019-10-14 10:25:38,008 [pool-509-thread-1] INFO  storage.RaftStorageDirectory (RaftStorageDirectory.java:analyzeStorage(246)) - The storage directory /workdir/hadoop-ozone/integration-test/target/test-dir/MiniOzoneClusterImpl-47ff539e-8602-4655-a791-f768753789ad/datanode-1/data/ratis/9b985b8d-fd71-48ef-ae69-457aecc02af0 does not exist. Creating ...
2019-10-14 10:25:38,032 [pool-549-thread-1] INFO  storage.RaftStorageDirectory (RaftStorageDirectory.java:tryLock(328)) - Lock on /workdir/hadoop-ozone/integration-test/target/test-dir/MiniOzoneClusterImpl-47ff539e-8602-4655-a791-f768753789ad/datanode-5/data/ratis/9b985b8d-fd71-48ef-ae69-457aecc02af0/in_use.lock acquired by nodename 23677@pr-hdds-2296-8rkbz-2376872687
2019-10-14 10:25:38,032 [pool-509-thread-1] INFO  storage.RaftStorageDirectory (RaftStorageDirectory.java:tryLock(328)) - Lock on /workdir/hadoop-ozone/integration-test/target/test-dir/MiniOzoneClusterImpl-47ff539e-8602-4655-a791-f768753789ad/datanode-1/data/ratis/9b985b8d-fd71-48ef-ae69-457aecc02af0/in_use.lock acquired by nodename 23677@pr-hdds-2296-8rkbz-2376872687
2019-10-14 10:25:38,032 [pool-519-thread-1] INFO  storage.RaftStorageDirectory (RaftStorageDirectory.java:tryLock(328)) - Lock on /workdir/hadoop-ozone/integration-test/target/test-dir/MiniOzoneClusterImpl-47ff539e-8602-4655-a791-f768753789ad/datanode-2/data/ratis/9b985b8d-fd71-48ef-ae69-457aecc02af0/in_use.lock acquired by nodename 23677@pr-hdds-2296-8rkbz-2376872687
2019-10-14 10:25:38,059 [pool-549-thread-1] INFO  storage.RaftStorage (RaftStorage.java:format(84)) - Storage directory /workdir/hadoop-ozone/integration-test/target/test-dir/MiniOzoneClusterImpl-47ff539e-8602-4655-a791-f768753789ad/datanode-5/data/ratis/9b985b8d-fd71-48ef-ae69-457aecc02af0 has been successfully formatted.
2019-10-14 10:25:38,059 [pool-519-thread-1] INFO  storage.RaftStorage (RaftStorage.java:format(84)) - Storage directory /workdir/hadoop-ozone/integration-test/target/test-dir/MiniOzoneClusterImpl-47ff539e-8602-4655-a791-f768753789ad/datanode-2/data/ratis/9b985b8d-fd71-48ef-ae69-457aecc02af0 has been successfully formatted.
2019-10-14 10:25:38,059 [pool-509-thread-1] INFO  storage.RaftStorage (RaftStorage.java:format(84)) - Storage directory /workdir/hadoop-ozone/integration-test/target/test-dir/MiniOzoneClusterImpl-47ff539e-8602-4655-a791-f768753789ad/datanode-1/data/ratis/9b985b8d-fd71-48ef-ae69-457aecc02af0 has been successfully formatted.
2019-10-14 10:25:38,059 [pool-519-thread-1] INFO  ratis.ContainerStateMachine (ContainerStateMachine.java:loadSnapshot(231)) - group-457AECC02AF0: The snapshot info is null. Setting the last applied indexto:(t:0, i:~)
2019-10-14 10:25:38,059 [pool-549-thread-1] INFO  ratis.ContainerStateMachine (ContainerStateMachine.java:loadSnapshot(231)) - group-457AECC02AF0: The snapshot info is null. Setting the last applied indexto:(t:0, i:~)
2019-10-14 10:25:38,059 [pool-519-thread-1] INFO  server.RaftServerConfigKeys (ConfUtils.java:logGet(43)) - raft.server.notification.no-leader.timeout = 120s (custom)
2019-10-14 10:25:38,059 [pool-509-thread-1] INFO  ratis.ContainerStateMachine (ContainerStateMachine.java:loadSnapshot(231)) - group-457AECC02AF0: The snapshot info is null. Setting the last applied indexto:(t:0, i:~)
2019-10-14 10:25:38,059 [pool-519-thread-1] INFO  server.RaftServerConfigKeys (ConfUtils.java:logGet(43)) - raft.server.log.use.memory = false (default)
2019-10-14 10:25:38,059 [pool-549-thread-1] INFO  server.RaftServerConfigKeys (ConfUtils.java:logGet(43)) - raft.server.notification.no-leader.timeout = 120s (custom)
2019-10-14 10:25:38,060 [pool-519-thread-1] INFO  server.RaftServerConfigKeys (ConfUtils.java:logGet(43)) - raft.server.log.purge.gap = 1000000 (custom)
2019-10-14 10:25:38,060 [pool-509-thread-1] INFO  server.RaftServerConfigKeys (ConfUtils.java:logGet(43)) - raft.server.notification.no-leader.timeout = 120s (custom)
2019-10-14 10:25:38,060 [pool-519-thread-1] INFO  server.RaftServerConfigKeys (ConfUtils.java:logGet(43)) - raft.server.log.appender.buffer.byte-limit = 33554432 (custom)
2019-10-14 10:25:38,060 [pool-549-thread-1] INFO  server.RaftServerConfigKeys (ConfUtils.java:logGet(43)) - raft.server.log.use.memory = false (default)
2019-10-14 10:25:38,060 [pool-519-thread-1] INFO  server.RaftServerConfigKeys (ConfUtils.java:logGet(43)) - raft.server.log.segment.size.max = 1048576 (custom)
2019-10-14 10:25:38,060 [pool-509-thread-1] INFO  server.RaftServerConfigKeys (ConfUtils.java:logGet(43)) - raft.server.log.use.memory = false (default)
2019-10-14 10:25:38,061 [pool-519-thread-1] INFO  server.RaftServerConfigKeys (ConfUtils.java:logGet(43)) - raft.server.log.segment.cache.num.max = 2 (custom)
2019-10-14 10:25:38,060 [pool-549-thread-1] INFO  server.RaftServerConfigKeys (ConfUtils.java:logGet(43)) - raft.server.log.purge.gap = 1000000 (custom)
2019-10-14 10:25:38,061 [pool-519-thread-1] INFO  segmented.SegmentedRaftLogWorker (SegmentedRaftLogWorker.java:<init>(173)) - new f9d94a56-3fa0-438a-8a56-ab8ac89c506c@group-457AECC02AF0-SegmentedRaftLogWorker for RaftStorage:Storage Directory /workdir/hadoop-ozone/integration-test/target/test-dir/MiniOzoneClusterImpl-47ff539e-8602-4655-a791-f768753789ad/datanode-2/data/ratis/9b985b8d-fd71-48ef-ae69-457aecc02af0
2019-10-14 10:25:38,061 [pool-509-thread-1] INFO  server.RaftServerConfigKeys (ConfUtils.java:logGet(43)) - raft.server.log.purge.gap = 1000000 (custom)
2019-10-14 10:25:38,061 [pool-519-thread-1] INFO  server.RaftServerConfigKeys (ConfUtils.java:logGet(43)) - raft.server.log.queue.byte-limit = 2147483647 (custom)
2019-10-14 10:25:38,061 [pool-519-thread-1] INFO  server.RaftServerConfigKeys (ConfUtils.java:logGet(43)) - raft.server.log.queue.element-limit = 1024 (custom)
2019-10-14 10:25:38,061 [pool-549-thread-1] INFO  server.RaftServerConfigKeys (ConfUtils.java:logGet(43)) - raft.server.log.appender.buffer.byte-limit = 33554432 (custom)
2019-10-14 10:25:38,061 [pool-519-thread-1] INFO  server.RaftServerConfigKeys (ConfUtils.java:logGet(43)) - raft.server.log.segment.size.max = 1048576 (custom)
2019-10-14 10:25:38,062 [pool-519-thread-1] INFO  server.RaftServerConfigKeys (ConfUtils.java:logGet(43)) - raft.server.log.preallocated.size = 16384 (custom)
2019-10-14 10:25:38,061 [pool-509-thread-1] INFO  server.RaftServerConfigKeys (ConfUtils.java:logGet(43)) - raft.server.log.appender.buffer.byte-limit = 33554432 (custom)
2019-10-14 10:25:38,062 [pool-519-thread-1] INFO  server.RaftServerConfigKeys (ConfUtils.java:logGet(43)) - raft.server.log.write.buffer.size = 33554432 (custom)
2019-10-14 10:25:38,062 [pool-519-thread-1] INFO  server.RaftServerConfigKeys (ConfUtils.java:logGet(43)) - raft.server.log.force.sync.num = 128 (default)
2019-10-14 10:25:38,062 [pool-549-thread-1] INFO  server.RaftServerConfigKeys (ConfUtils.java:logGet(43)) - raft.server.log.segment.size.max = 1048576 (custom)
2019-10-14 10:25:38,062 [pool-519-thread-1] INFO  server.RaftServerConfigKeys (ConfUtils.java:logGet(43)) - raft.server.log.statemachine.data.sync = true (default)
2019-10-14 10:25:38,062 [pool-509-thread-1] INFO  server.RaftServerConfigKeys (ConfUtils.java:logGet(43)) - raft.server.log.segment.size.max = 1048576 (custom)
2019-10-14 10:25:38,062 [pool-519-thread-1] INFO  server.RaftServerConfigKeys (ConfUtils.java:logGet(43)) - raft.server.log.statemachine.data.sync.timeout = 10s (default)
2019-10-14 10:25:38,063 [pool-509-thread-1] INFO  server.RaftServerConfigKeys (ConfUtils.java:logGet(43)) - raft.server.log.segment.cache.num.max = 2 (custom)
2019-10-14 10:25:38,063 [pool-519-thread-1] INFO  server.RaftServerConfigKeys (ConfUtils.java:logGet(43)) - raft.server.log.statemachine.data.sync.timeout.retry = -1 (default)
2019-10-14 10:25:38,063 [pool-509-thread-1] INFO  segmented.SegmentedRaftLogWorker (SegmentedRaftLogWorker.java:<init>(173)) - new f5ac7400-e094-47f8-9db6-ca035a1b2b73@group-457AECC02AF0-SegmentedRaftLogWorker for RaftStorage:Storage Directory /workdir/hadoop-ozone/integration-test/target/test-dir/MiniOzoneClusterImpl-47ff539e-8602-4655-a791-f768753789ad/datanode-1/data/ratis/9b985b8d-fd71-48ef-ae69-457aecc02af0
2019-10-14 10:25:38,063 [pool-519-thread-1] INFO  server.RaftServerConfigKeys (ConfUtils.java:logGet(43)) - raft.server.log.statemachine.data.caching.enabled = true (custom)
2019-10-14 10:25:38,063 [pool-509-thread-1] INFO  server.RaftServerConfigKeys (ConfUtils.java:logGet(43)) - raft.server.log.queue.byte-limit = 2147483647 (custom)
2019-10-14 10:25:38,063 [pool-549-thread-1] INFO  server.RaftServerConfigKeys (ConfUtils.java:logGet(43)) - raft.server.log.segment.cache.num.max = 2 (custom)
2019-10-14 10:25:38,063 [pool-519-thread-1] INFO  segmented.SegmentedRaftLogWorker (SegmentedRaftLogWorker.java:lambda$new$0(128)) - f9d94a56-3fa0-438a-8a56-ab8ac89c506c@group-457AECC02AF0-SegmentedRaftLogWorker: flushIndex: setUnconditionally 0 -> -1
2019-10-14 10:25:38,063 [pool-509-thread-1] INFO  server.RaftServerConfigKeys (ConfUtils.java:logGet(43)) - raft.server.log.queue.element-limit = 1024 (custom)
2019-10-14 10:25:38,064 [pool-549-thread-1] INFO  segmented.SegmentedRaftLogWorker (SegmentedRaftLogWorker.java:<init>(173)) - new da1611dd-f331-4f41-9503-72cb73569654@group-457AECC02AF0-SegmentedRaftLogWorker for RaftStorage:Storage Directory /workdir/hadoop-ozone/integration-test/target/test-dir/MiniOzoneClusterImpl-47ff539e-8602-4655-a791-f768753789ad/datanode-5/data/ratis/9b985b8d-fd71-48ef-ae69-457aecc02af0
2019-10-14 10:25:38,064 [pool-509-thread-1] INFO  server.RaftServerConfigKeys (ConfUtils.java:logGet(43)) - raft.server.log.segment.size.max = 1048576 (custom)
2019-10-14 10:25:38,064 [pool-519-thread-1] INFO  server.RaftServerConfigKeys (ConfUtils.java:logGet(43)) - raft.server.snapshot.auto.trigger.enabled = true (custom)
2019-10-14 10:25:38,064 [pool-509-thread-1] INFO  server.RaftServerConfigKeys (ConfUtils.java:logGet(43)) - raft.server.log.preallocated.size = 16384 (custom)
2019-10-14 10:25:38,064 [pool-549-thread-1] INFO  server.RaftServerConfigKeys (ConfUtils.java:logGet(43)) - raft.server.log.queue.byte-limit = 2147483647 (custom)
2019-10-14 10:25:38,064 [pool-509-thread-1] INFO  server.RaftServerConfigKeys (ConfUtils.java:logGet(43)) - raft.server.log.write.buffer.size = 33554432 (custom)
2019-10-14 10:25:38,064 [pool-519-thread-1] INFO  server.RaftServerConfigKeys (ConfUtils.java:logGet(43)) - raft.server.snapshot.auto.trigger.threshold = 10000 (custom)
2019-10-14 10:25:38,065 [pool-509-thread-1] INFO  server.RaftServerConfigKeys (ConfUtils.java:logGet(43)) - raft.server.log.force.sync.num = 128 (default)
2019-10-14 10:25:38,064 [pool-549-thread-1] INFO  server.RaftServerConfigKeys (ConfUtils.java:logGet(43)) - raft.server.log.queue.element-limit = 1024 (custom)
2019-10-14 10:25:38,065 [pool-509-thread-1] INFO  server.RaftServerConfigKeys (ConfUtils.java:logGet(43)) - raft.server.log.statemachine.data.sync = true (default)
2019-10-14 10:25:38,065 [pool-519-thread-1] INFO  server.RaftServerConfigKeys (ConfUtils.java:logGet(43)) - raft.server.snapshot.retention.file.num = 5 (custom)
2019-10-14 10:25:38,065 [pool-509-thread-1] INFO  server.RaftServerConfigKeys (ConfUtils.java:logGet(43)) - raft.server.log.statemachine.data.sync.timeout = 10s (default)
2019-10-14 10:25:38,065 [pool-549-thread-1] INFO  server.RaftServerConfigKeys (ConfUtils.java:logGet(43)) - raft.server.log.segment.size.max = 1048576 (custom)
2019-10-14 10:25:38,065 [pool-509-thread-1] INFO  server.RaftServerConfigKeys (ConfUtils.java:logGet(43)) - raft.server.log.statemachine.data.sync.timeout.retry = -1 (default)
2019-10-14 10:25:38,065 [pool-519-thread-1] INFO  server.RaftServerConfigKeys (ConfUtils.java:logGet(43)) - raft.server.retrycache.expirytime = 600000ms (custom)
2019-10-14 10:25:38,066 [pool-509-thread-1] INFO  server.RaftServerConfigKeys (ConfUtils.java:logGet(43)) - raft.server.log.statemachine.data.caching.enabled = true (custom)
2019-10-14 10:25:38,065 [pool-549-thread-1] INFO  server.RaftServerConfigKeys (ConfUtils.java:logGet(43)) - raft.server.log.preallocated.size = 16384 (custom)
2019-10-14 10:25:38,066 [pool-549-thread-1] INFO  server.RaftServerConfigKeys (ConfUtils.java:logGet(43)) - raft.server.log.write.buffer.size = 33554432 (custom)
2019-10-14 10:25:38,066 [pool-549-thread-1] INFO  server.RaftServerConfigKeys (ConfUtils.java:logGet(43)) - raft.server.log.force.sync.num = 128 (default)
2019-10-14 10:25:38,066 [pool-509-thread-1] INFO  segmented.SegmentedRaftLogWorker (SegmentedRaftLogWorker.java:lambda$new$0(128)) - f5ac7400-e094-47f8-9db6-ca035a1b2b73@group-457AECC02AF0-SegmentedRaftLogWorker: flushIndex: setUnconditionally 0 -> -1
2019-10-14 10:25:38,066 [pool-549-thread-1] INFO  server.RaftServerConfigKeys (ConfUtils.java:logGet(43)) - raft.server.log.statemachine.data.sync = true (default)
2019-10-14 10:25:38,066 [pool-549-thread-1] INFO  server.RaftServerConfigKeys (ConfUtils.java:logGet(43)) - raft.server.log.statemachine.data.sync.timeout = 10s (default)
2019-10-14 10:25:38,066 [pool-549-thread-1] INFO  server.RaftServerConfigKeys (ConfUtils.java:logGet(43)) - raft.server.log.statemachine.data.sync.timeout.retry = -1 (default)
2019-10-14 10:25:38,066 [pool-509-thread-1] INFO  server.RaftServerConfigKeys (ConfUtils.java:logGet(43)) - raft.server.snapshot.auto.trigger.enabled = true (custom)
2019-10-14 10:25:38,067 [pool-509-thread-1] INFO  server.RaftServerConfigKeys (ConfUtils.java:logGet(43)) - raft.server.snapshot.auto.trigger.threshold = 10000 (custom)
2019-10-14 10:25:38,067 [pool-549-thread-1] INFO  server.RaftServerConfigKeys (ConfUtils.java:logGet(43)) - raft.server.log.statemachine.data.caching.enabled = true (custom)
2019-10-14 10:25:38,067 [pool-509-thread-1] INFO  server.RaftServerConfigKeys (ConfUtils.java:logGet(43)) - raft.server.snapshot.retention.file.num = 5 (custom)
2019-10-14 10:25:38,067 [pool-549-thread-1] INFO  segmented.SegmentedRaftLogWorker (SegmentedRaftLogWorker.java:lambda$new$0(128)) - da1611dd-f331-4f41-9503-72cb73569654@group-457AECC02AF0-SegmentedRaftLogWorker: flushIndex: setUnconditionally 0 -> -1
2019-10-14 10:25:38,067 [pool-509-thread-1] INFO  server.RaftServerConfigKeys (ConfUtils.java:logGet(43)) - raft.server.retrycache.expirytime = 600000ms (custom)
2019-10-14 10:25:38,067 [pool-549-thread-1] INFO  server.RaftServerConfigKeys (ConfUtils.java:logGet(43)) - raft.server.snapshot.auto.trigger.enabled = true (custom)
2019-10-14 10:25:38,067 [pool-549-thread-1] INFO  server.RaftServerConfigKeys (ConfUtils.java:logGet(43)) - raft.server.snapshot.auto.trigger.threshold = 10000 (custom)
2019-10-14 10:25:38,067 [pool-519-thread-1] INFO  impl.RaftServerImpl (RaftServerImpl.java:start(181)) - f9d94a56-3fa0-438a-8a56-ab8ac89c506c@group-457AECC02AF0: start as a follower, conf=-1: [f9d94a56-3fa0-438a-8a56-ab8ac89c506c:192.168.151.118:39998, f5ac7400-e094-47f8-9db6-ca035a1b2b73:192.168.151.118:32856, da1611dd-f331-4f41-9503-72cb73569654:192.168.151.118:43263], old=null
2019-10-14 10:25:38,067 [pool-549-thread-1] INFO  server.RaftServerConfigKeys (ConfUtils.java:logGet(43)) - raft.server.snapshot.retention.file.num = 5 (custom)
2019-10-14 10:25:38,068 [pool-519-thread-1] INFO  impl.RaftServerImpl (RaftServerImpl.java:setRole(170)) - f9d94a56-3fa0-438a-8a56-ab8ac89c506c@group-457AECC02AF0: changes role from      null to FOLLOWER at term 0 for startAsFollower
2019-10-14 10:25:38,068 [pool-549-thread-1] INFO  server.RaftServerConfigKeys (ConfUtils.java:logGet(43)) - raft.server.retrycache.expirytime = 600000ms (custom)
2019-10-14 10:25:38,068 [pool-519-thread-1] INFO  impl.RoleInfo (RoleInfo.java:updateAndGet(143)) - f9d94a56-3fa0-438a-8a56-ab8ac89c506c: start FollowerState
2019-10-14 10:25:38,068 [pool-519-thread-1] INFO  util.JmxRegister (JmxRegister.java:tryRegister(44)) - Successfully registered JMX Bean with object name Ratis:service=RaftServer,group=group-457AECC02AF0,id=f9d94a56-3fa0-438a-8a56-ab8ac89c506c
2019-10-14 10:25:38,070 [pool-509-thread-1] INFO  impl.RaftServerImpl (RaftServerImpl.java:start(181)) - f5ac7400-e094-47f8-9db6-ca035a1b2b73@group-457AECC02AF0: start as a follower, conf=-1: [f9d94a56-3fa0-438a-8a56-ab8ac89c506c:192.168.151.118:39998, f5ac7400-e094-47f8-9db6-ca035a1b2b73:192.168.151.118:32856, da1611dd-f331-4f41-9503-72cb73569654:192.168.151.118:43263], old=null
2019-10-14 10:25:38,070 [pool-509-thread-1] INFO  impl.RaftServerImpl (RaftServerImpl.java:setRole(170)) - f5ac7400-e094-47f8-9db6-ca035a1b2b73@group-457AECC02AF0: changes role from      null to FOLLOWER at term 0 for startAsFollower
2019-10-14 10:25:38,070 [pool-509-thread-1] INFO  impl.RoleInfo (RoleInfo.java:updateAndGet(143)) - f5ac7400-e094-47f8-9db6-ca035a1b2b73: start FollowerState
2019-10-14 10:25:38,070 [pool-509-thread-1] INFO  util.JmxRegister (JmxRegister.java:tryRegister(44)) - Successfully registered JMX Bean with object name Ratis:service=RaftServer,group=group-457AECC02AF0,id=f5ac7400-e094-47f8-9db6-ca035a1b2b73
2019-10-14 10:25:38,070 [pool-549-thread-1] INFO  impl.RaftServerImpl (RaftServerImpl.java:start(181)) - da1611dd-f331-4f41-9503-72cb73569654@group-457AECC02AF0: start as a follower, conf=-1: [f9d94a56-3fa0-438a-8a56-ab8ac89c506c:192.168.151.118:39998, f5ac7400-e094-47f8-9db6-ca035a1b2b73:192.168.151.118:32856, da1611dd-f331-4f41-9503-72cb73569654:192.168.151.118:43263], old=null
2019-10-14 10:25:38,071 [pool-549-thread-1] INFO  impl.RaftServerImpl (RaftServerImpl.java:setRole(170)) - da1611dd-f331-4f41-9503-72cb73569654@group-457AECC02AF0: changes role from      null to FOLLOWER at term 0 for startAsFollower
2019-10-14 10:25:38,071 [pool-549-thread-1] INFO  impl.RoleInfo (RoleInfo.java:updateAndGet(143)) - da1611dd-f331-4f41-9503-72cb73569654: start FollowerState
2019-10-14 10:25:38,071 [pool-549-thread-1] INFO  util.JmxRegister (JmxRegister.java:tryRegister(44)) - Successfully registered JMX Bean with object name Ratis:service=RaftServer,group=group-457AECC02AF0,id=da1611dd-f331-4f41-9503-72cb73569654
2019-10-14 10:25:38,075 [RatisPipelineUtilsThread] INFO  pipeline.PipelineStateManager (PipelineStateManager.java:addPipeline(56)) - Created pipeline Pipeline[ Id: 9b985b8d-fd71-48ef-ae69-457aecc02af0, Nodes: da1611dd-f331-4f41-9503-72cb73569654{ip: 192.168.151.118, host: pr-hdds-2296-8rkbz-2376872687, networkLocation: /default-rack, certSerialId: null}f9d94a56-3fa0-438a-8a56-ab8ac89c506c{ip: 192.168.151.118, host: pr-hdds-2296-8rkbz-2376872687, networkLocation: /default-rack, certSerialId: null}f5ac7400-e094-47f8-9db6-ca035a1b2b73{ip: 192.168.151.118, host: pr-hdds-2296-8rkbz-2376872687, networkLocation: /default-rack, certSerialId: null}, Type:RATIS, Factor:THREE, State:OPEN]
2019-10-14 10:25:38,086 [grpc-default-executor-8] INFO  impl.RaftServerProxy (RaftServerProxy.java:addNew(89)) - da1611dd-f331-4f41-9503-72cb73569654: addNew group-166968B62927:[da1611dd-f331-4f41-9503-72cb73569654:192.168.151.118:43263] returns group-166968B62927:java.util.concurrent.CompletableFuture@a1c5a34[Not completed]
2019-10-14 10:25:38,087 [pool-549-thread-1] INFO  impl.RaftServerImpl (RaftServerImpl.java:<init>(95)) - da1611dd-f331-4f41-9503-72cb73569654: new RaftServerImpl for group-166968B62927:[da1611dd-f331-4f41-9503-72cb73569654:192.168.151.118:43263] with ContainerStateMachine:uninitialized
2019-10-14 10:25:38,090 [pool-549-thread-1] INFO  server.RaftServerConfigKeys (ConfUtils.java:logGet(43)) - raft.server.rpc.timeout.min = 5s (custom)
2019-10-14 10:25:38,090 [pool-549-thread-1] INFO  server.RaftServerConfigKeys (ConfUtils.java:logGet(43)) - raft.server.rpc.timeout.max = 5200ms (custom)
2019-10-14 10:25:38,090 [pool-549-thread-1] INFO  server.RaftServerConfigKeys (ConfUtils.java:logGet(43)) - raft.server.rpcslowness.timeout = 120s (custom)
2019-10-14 10:25:38,090 [pool-549-thread-1] INFO  server.RaftServerConfigKeys (ConfUtils.java:logGet(43)) - raft.server.sleep.deviation.threshold = 300 (default)
2019-10-14 10:25:38,090 [pool-549-thread-1] INFO  server.RaftServerConfigKeys (ConfUtils.java:logGet(43)) - raft.server.log.appender.install.snapshot.enabled = false (custom)
2019-10-14 10:25:38,090 [pool-549-thread-1] INFO  impl.RaftServerImpl (ServerState.java:<init>(103)) - da1611dd-f331-4f41-9503-72cb73569654@group-166968B62927: ConfigurationManager, init=-1: [da1611dd-f331-4f41-9503-72cb73569654:192.168.151.118:43263], old=null, confs=<EMPTY_MAP>
2019-10-14 10:25:38,091 [pool-549-thread-1] INFO  server.RaftServerConfigKeys (ConfUtils.java:logGet(43)) - raft.server.storage.dir = [/workdir/hadoop-ozone/integration-test/target/test-dir/MiniOzoneClusterImpl-47ff539e-8602-4655-a791-f768753789ad/datanode-5/data/ratis] (custom)
2019-10-14 10:25:38,091 [pool-549-thread-1] INFO  server.RaftServerConfigKeys (ConfUtils.java:logGet(43)) - raft.server.log.corruption.policy = EXCEPTION (default)
2019-10-14 10:25:38,091 [pool-549-thread-1] INFO  storage.RaftStorageDirectory (RaftStorageDirectory.java:analyzeStorage(246)) - The storage directory /workdir/hadoop-ozone/integration-test/target/test-dir/MiniOzoneClusterImpl-47ff539e-8602-4655-a791-f768753789ad/datanode-5/data/ratis/27f5feec-0ad2-408c-9b2d-166968b62927 does not exist. Creating ...
2019-10-14 10:25:38,105 [pool-549-thread-1] INFO  storage.RaftStorageDirectory (RaftStorageDirectory.java:tryLock(328)) - Lock on /workdir/hadoop-ozone/integration-test/target/test-dir/MiniOzoneClusterImpl-47ff539e-8602-4655-a791-f768753789ad/datanode-5/data/ratis/27f5feec-0ad2-408c-9b2d-166968b62927/in_use.lock acquired by nodename 23677@pr-hdds-2296-8rkbz-2376872687
2019-10-14 10:25:38,118 [pool-549-thread-1] INFO  storage.RaftStorage (RaftStorage.java:format(84)) - Storage directory /workdir/hadoop-ozone/integration-test/target/test-dir/MiniOzoneClusterImpl-47ff539e-8602-4655-a791-f768753789ad/datanode-5/data/ratis/27f5feec-0ad2-408c-9b2d-166968b62927 has been successfully formatted.
2019-10-14 10:25:38,118 [pool-549-thread-1] INFO  ratis.ContainerStateMachine (ContainerStateMachine.java:loadSnapshot(231)) - group-166968B62927: The snapshot info is null. Setting the last applied indexto:(t:0, i:~)
2019-10-14 10:25:38,118 [pool-549-thread-1] INFO  server.RaftServerConfigKeys (ConfUtils.java:logGet(43)) - raft.server.notification.no-leader.timeout = 120s (custom)
2019-10-14 10:25:38,118 [pool-549-thread-1] INFO  server.RaftServerConfigKeys (ConfUtils.java:logGet(43)) - raft.server.log.use.memory = false (default)
2019-10-14 10:25:38,119 [pool-549-thread-1] INFO  server.RaftServerConfigKeys (ConfUtils.java:logGet(43)) - raft.server.log.purge.gap = 1000000 (custom)
2019-10-14 10:25:38,119 [pool-549-thread-1] INFO  server.RaftServerConfigKeys (ConfUtils.java:logGet(43)) - raft.server.log.appender.buffer.byte-limit = 33554432 (custom)
2019-10-14 10:25:38,119 [pool-549-thread-1] INFO  server.RaftServerConfigKeys (ConfUtils.java:logGet(43)) - raft.server.log.segment.size.max = 1048576 (custom)
2019-10-14 10:25:38,119 [pool-549-thread-1] INFO  server.RaftServerConfigKeys (ConfUtils.java:logGet(43)) - raft.server.log.segment.cache.num.max = 2 (custom)
2019-10-14 10:25:38,119 [pool-549-thread-1] INFO  segmented.SegmentedRaftLogWorker (SegmentedRaftLogWorker.java:<init>(173)) - new da1611dd-f331-4f41-9503-72cb73569654@group-166968B62927-SegmentedRaftLogWorker for RaftStorage:Storage Directory /workdir/hadoop-ozone/integration-test/target/test-dir/MiniOzoneClusterImpl-47ff539e-8602-4655-a791-f768753789ad/datanode-5/data/ratis/27f5feec-0ad2-408c-9b2d-166968b62927
2019-10-14 10:25:38,119 [pool-549-thread-1] INFO  server.RaftServerConfigKeys (ConfUtils.java:logGet(43)) - raft.server.log.queue.byte-limit = 2147483647 (custom)
2019-10-14 10:25:38,119 [pool-549-thread-1] INFO  server.RaftServerConfigKeys (ConfUtils.java:logGet(43)) - raft.server.log.queue.element-limit = 1024 (custom)
2019-10-14 10:25:38,120 [pool-549-thread-1] INFO  server.RaftServerConfigKeys (ConfUtils.java:logGet(43)) - raft.server.log.segment.size.max = 1048576 (custom)
2019-10-14 10:25:38,120 [pool-549-thread-1] INFO  server.RaftServerConfigKeys (ConfUtils.java:logGet(43)) - raft.server.log.preallocated.size = 16384 (custom)
2019-10-14 10:25:38,120 [pool-549-thread-1] INFO  server.RaftServerConfigKeys (ConfUtils.java:logGet(43)) - raft.server.log.write.buffer.size = 33554432 (custom)
2019-10-14 10:25:38,120 [pool-549-thread-1] INFO  server.RaftServerConfigKeys (ConfUtils.java:logGet(43)) - raft.server.log.force.sync.num = 128 (default)
2019-10-14 10:25:38,120 [pool-549-thread-1] INFO  server.RaftServerConfigKeys (ConfUtils.java:logGet(43)) - raft.server.log.statemachine.data.sync = true (default)
2019-10-14 10:25:38,120 [pool-549-thread-1] INFO  server.RaftServerConfigKeys (ConfUtils.java:logGet(43)) - raft.server.log.statemachine.data.sync.timeout = 10s (default)
2019-10-14 10:25:38,120 [pool-549-thread-1] INFO  server.RaftServerConfigKeys (ConfUtils.java:logGet(43)) - raft.server.log.statemachine.data.sync.timeout.retry = -1 (default)
2019-10-14 10:25:38,121 [pool-549-thread-1] INFO  server.RaftServerConfigKeys (ConfUtils.java:logGet(43)) - raft.server.log.statemachine.data.caching.enabled = true (custom)
2019-10-14 10:25:38,121 [pool-549-thread-1] INFO  segmented.SegmentedRaftLogWorker (SegmentedRaftLogWorker.java:lambda$new$0(128)) - da1611dd-f331-4f41-9503-72cb73569654@group-166968B62927-SegmentedRaftLogWorker: flushIndex: setUnconditionally 0 -> -1
2019-10-14 10:25:38,121 [pool-549-thread-1] INFO  server.RaftServerConfigKeys (ConfUtils.java:logGet(43)) - raft.server.snapshot.auto.trigger.enabled = true (custom)
2019-10-14 10:25:38,121 [pool-549-thread-1] INFO  server.RaftServerConfigKeys (ConfUtils.java:logGet(43)) - raft.server.snapshot.auto.trigger.threshold = 10000 (custom)
2019-10-14 10:25:38,122 [pool-549-thread-1] INFO  server.RaftServerConfigKeys (ConfUtils.java:logGet(43)) - raft.server.snapshot.retention.file.num = 5 (custom)
2019-10-14 10:25:38,122 [pool-549-thread-1] INFO  server.RaftServerConfigKeys (ConfUtils.java:logGet(43)) - raft.server.retrycache.expirytime = 600000ms (custom)
2019-10-14 10:25:38,124 [pool-549-thread-1] INFO  impl.RaftServerImpl (RaftServerImpl.java:start(181)) - da1611dd-f331-4f41-9503-72cb73569654@group-166968B62927: start as a follower, conf=-1: [da1611dd-f331-4f41-9503-72cb73569654:192.168.151.118:43263], old=null
2019-10-14 10:25:38,124 [pool-549-thread-1] INFO  impl.RaftServerImpl (RaftServerImpl.java:setRole(170)) - da1611dd-f331-4f41-9503-72cb73569654@group-166968B62927: changes role from      null to FOLLOWER at term 0 for startAsFollower
2019-10-14 10:25:38,124 [pool-549-thread-1] INFO  impl.RoleInfo (RoleInfo.java:updateAndGet(143)) - da1611dd-f331-4f41-9503-72cb73569654: start FollowerState
2019-10-14 10:25:38,125 [pool-549-thread-1] INFO  util.JmxRegister (JmxRegister.java:tryRegister(44)) - Successfully registered JMX Bean with object name Ratis:service=RaftServer,group=group-166968B62927,id=da1611dd-f331-4f41-9503-72cb73569654
2019-10-14 10:25:38,133 [RatisPipelineUtilsThread] INFO  pipeline.PipelineStateManager (PipelineStateManager.java:addPipeline(56)) - Created pipeline Pipeline[ Id: 27f5feec-0ad2-408c-9b2d-166968b62927, Nodes: da1611dd-f331-4f41-9503-72cb73569654{ip: 192.168.151.118, host: pr-hdds-2296-8rkbz-2376872687, networkLocation: /default-rack, certSerialId: null}, Type:RATIS, Factor:ONE, State:OPEN]
2019-10-14 10:25:38,150 [grpc-default-executor-8] INFO  impl.RaftServerProxy (RaftServerProxy.java:addNew(89)) - 92f62135-9987-4782-b20c-15a380a16cff: addNew group-65D4DAA02D60:[92f62135-9987-4782-b20c-15a380a16cff:192.168.151.118:45519] returns group-65D4DAA02D60:java.util.concurrent.CompletableFuture@24117946[Not completed]
2019-10-14 10:25:38,151 [pool-559-thread-1] INFO  impl.RaftServerImpl (RaftServerImpl.java:<init>(95)) - 92f62135-9987-4782-b20c-15a380a16cff: new RaftServerImpl for group-65D4DAA02D60:[92f62135-9987-4782-b20c-15a380a16cff:192.168.151.118:45519] with ContainerStateMachine:uninitialized
2019-10-14 10:25:38,152 [pool-559-thread-1] INFO  server.RaftServerConfigKeys (ConfUtils.java:logGet(43)) - raft.server.rpc.timeout.min = 5s (custom)
2019-10-14 10:25:38,152 [pool-559-thread-1] INFO  server.RaftServerConfigKeys (ConfUtils.java:logGet(43)) - raft.server.rpc.timeout.max = 5200ms (custom)
2019-10-14 10:25:38,152 [pool-559-thread-1] INFO  server.RaftServerConfigKeys (ConfUtils.java:logGet(43)) - raft.server.rpcslowness.timeout = 120s (custom)
2019-10-14 10:25:38,152 [pool-559-thread-1] INFO  server.RaftServerConfigKeys (ConfUtils.java:logGet(43)) - raft.server.sleep.deviation.threshold = 300 (default)
2019-10-14 10:25:38,152 [pool-559-thread-1] INFO  server.RaftServerConfigKeys (ConfUtils.java:logGet(43)) - raft.server.log.appender.install.snapshot.enabled = false (custom)
2019-10-14 10:25:38,152 [pool-559-thread-1] INFO  impl.RaftServerImpl (ServerState.java:<init>(103)) - 92f62135-9987-4782-b20c-15a380a16cff@group-65D4DAA02D60: ConfigurationManager, init=-1: [92f62135-9987-4782-b20c-15a380a16cff:192.168.151.118:45519], old=null, confs=<EMPTY_MAP>
2019-10-14 10:25:38,152 [pool-559-thread-1] INFO  server.RaftServerConfigKeys (ConfUtils.java:logGet(43)) - raft.server.storage.dir = [/workdir/hadoop-ozone/integration-test/target/test-dir/MiniOzoneClusterImpl-47ff539e-8602-4655-a791-f768753789ad/datanode-6/data/ratis] (custom)
2019-10-14 10:25:38,153 [pool-559-thread-1] INFO  server.RaftServerConfigKeys (ConfUtils.java:logGet(43)) - raft.server.log.corruption.policy = EXCEPTION (default)
2019-10-14 10:25:38,153 [pool-559-thread-1] INFO  storage.RaftStorageDirectory (RaftStorageDirectory.java:analyzeStorage(246)) - The storage directory /workdir/hadoop-ozone/integration-test/target/test-dir/MiniOzoneClusterImpl-47ff539e-8602-4655-a791-f768753789ad/datanode-6/data/ratis/8739f146-50a2-4ed4-9860-65d4daa02d60 does not exist. Creating ...
2019-10-14 10:25:38,178 [pool-559-thread-1] INFO  storage.RaftStorageDirectory (RaftStorageDirectory.java:tryLock(328)) - Lock on /workdir/hadoop-ozone/integration-test/target/test-dir/MiniOzoneClusterImpl-47ff539e-8602-4655-a791-f768753789ad/datanode-6/data/ratis/8739f146-50a2-4ed4-9860-65d4daa02d60/in_use.lock acquired by nodename 23677@pr-hdds-2296-8rkbz-2376872687
2019-10-14 10:25:38,191 [pool-559-thread-1] INFO  storage.RaftStorage (RaftStorage.java:format(84)) - Storage directory /workdir/hadoop-ozone/integration-test/target/test-dir/MiniOzoneClusterImpl-47ff539e-8602-4655-a791-f768753789ad/datanode-6/data/ratis/8739f146-50a2-4ed4-9860-65d4daa02d60 has been successfully formatted.
2019-10-14 10:25:38,191 [pool-559-thread-1] INFO  ratis.ContainerStateMachine (ContainerStateMachine.java:loadSnapshot(231)) - group-65D4DAA02D60: The snapshot info is null. Setting the last applied indexto:(t:0, i:~)
2019-10-14 10:25:38,192 [pool-559-thread-1] INFO  server.RaftServerConfigKeys (ConfUtils.java:logGet(43)) - raft.server.notification.no-leader.timeout = 120s (custom)
2019-10-14 10:25:38,192 [pool-559-thread-1] INFO  server.RaftServerConfigKeys (ConfUtils.java:logGet(43)) - raft.server.log.use.memory = false (default)
2019-10-14 10:25:38,192 [pool-559-thread-1] INFO  server.RaftServerConfigKeys (ConfUtils.java:logGet(43)) - raft.server.log.purge.gap = 1000000 (custom)
2019-10-14 10:25:38,192 [pool-559-thread-1] INFO  server.RaftServerConfigKeys (ConfUtils.java:logGet(43)) - raft.server.log.appender.buffer.byte-limit = 33554432 (custom)
2019-10-14 10:25:38,192 [pool-559-thread-1] INFO  server.RaftServerConfigKeys (ConfUtils.java:logGet(43)) - raft.server.log.segment.size.max = 1048576 (custom)
2019-10-14 10:25:38,193 [pool-559-thread-1] INFO  server.RaftServerConfigKeys (ConfUtils.java:logGet(43)) - raft.server.log.segment.cache.num.max = 2 (custom)
2019-10-14 10:25:38,194 [pool-559-thread-1] INFO  segmented.SegmentedRaftLogWorker (SegmentedRaftLogWorker.java:<init>(173)) - new 92f62135-9987-4782-b20c-15a380a16cff@group-65D4DAA02D60-SegmentedRaftLogWorker for RaftStorage:Storage Directory /workdir/hadoop-ozone/integration-test/target/test-dir/MiniOzoneClusterImpl-47ff539e-8602-4655-a791-f768753789ad/datanode-6/data/ratis/8739f146-50a2-4ed4-9860-65d4daa02d60
2019-10-14 10:25:38,194 [pool-559-thread-1] INFO  server.RaftServerConfigKeys (ConfUtils.java:logGet(43)) - raft.server.log.queue.byte-limit = 2147483647 (custom)
2019-10-14 10:25:38,194 [pool-559-thread-1] INFO  server.RaftServerConfigKeys (ConfUtils.java:logGet(43)) - raft.server.log.queue.element-limit = 1024 (custom)
2019-10-14 10:25:38,194 [pool-559-thread-1] INFO  server.RaftServerConfigKeys (ConfUtils.java:logGet(43)) - raft.server.log.segment.size.max = 1048576 (custom)
2019-10-14 10:25:38,194 [pool-559-thread-1] INFO  server.RaftServerConfigKeys (ConfUtils.java:logGet(43)) - raft.server.log.preallocated.size = 16384 (custom)
2019-10-14 10:25:38,194 [pool-559-thread-1] INFO  server.RaftServerConfigKeys (ConfUtils.java:logGet(43)) - raft.server.log.write.buffer.size = 33554432 (custom)
2019-10-14 10:25:38,194 [pool-559-thread-1] INFO  server.RaftServerConfigKeys (ConfUtils.java:logGet(43)) - raft.server.log.force.sync.num = 128 (default)
2019-10-14 10:25:38,194 [pool-559-thread-1] INFO  server.RaftServerConfigKeys (ConfUtils.java:logGet(43)) - raft.server.log.statemachine.data.sync = true (default)
2019-10-14 10:25:38,194 [pool-559-thread-1] INFO  server.RaftServerConfigKeys (ConfUtils.java:logGet(43)) - raft.server.log.statemachine.data.sync.timeout = 10s (default)
2019-10-14 10:25:38,194 [pool-559-thread-1] INFO  server.RaftServerConfigKeys (ConfUtils.java:logGet(43)) - raft.server.log.statemachine.data.sync.timeout.retry = -1 (default)
2019-10-14 10:25:38,195 [pool-559-thread-1] INFO  server.RaftServerConfigKeys (ConfUtils.java:logGet(43)) - raft.server.log.statemachine.data.caching.enabled = true (custom)
2019-10-14 10:25:38,195 [pool-559-thread-1] INFO  segmented.SegmentedRaftLogWorker (SegmentedRaftLogWorker.java:lambda$new$0(128)) - 92f62135-9987-4782-b20c-15a380a16cff@group-65D4DAA02D60-SegmentedRaftLogWorker: flushIndex: setUnconditionally 0 -> -1
2019-10-14 10:25:38,195 [pool-559-thread-1] INFO  server.RaftServerConfigKeys (ConfUtils.java:logGet(43)) - raft.server.snapshot.auto.trigger.enabled = true (custom)
2019-10-14 10:25:38,195 [pool-559-thread-1] INFO  server.RaftServerConfigKeys (ConfUtils.java:logGet(43)) - raft.server.snapshot.auto.trigger.threshold = 10000 (custom)
2019-10-14 10:25:38,195 [pool-559-thread-1] INFO  server.RaftServerConfigKeys (ConfUtils.java:logGet(43)) - raft.server.snapshot.retention.file.num = 5 (custom)
2019-10-14 10:25:38,196 [pool-559-thread-1] INFO  server.RaftServerConfigKeys (ConfUtils.java:logGet(43)) - raft.server.retrycache.expirytime = 600000ms (custom)
2019-10-14 10:25:38,197 [pool-559-thread-1] INFO  impl.RaftServerImpl (RaftServerImpl.java:start(181)) - 92f62135-9987-4782-b20c-15a380a16cff@group-65D4DAA02D60: start as a follower, conf=-1: [92f62135-9987-4782-b20c-15a380a16cff:192.168.151.118:45519], old=null
2019-10-14 10:25:38,197 [pool-559-thread-1] INFO  impl.RaftServerImpl (RaftServerImpl.java:setRole(170)) - 92f62135-9987-4782-b20c-15a380a16cff@group-65D4DAA02D60: changes role from      null to FOLLOWER at term 0 for startAsFollower
2019-10-14 10:25:38,197 [pool-559-thread-1] INFO  impl.RoleInfo (RoleInfo.java:updateAndGet(143)) - 92f62135-9987-4782-b20c-15a380a16cff: start FollowerState
2019-10-14 10:25:38,197 [pool-559-thread-1] INFO  util.JmxRegister (JmxRegister.java:tryRegister(44)) - Successfully registered JMX Bean with object name Ratis:service=RaftServer,group=group-65D4DAA02D60,id=92f62135-9987-4782-b20c-15a380a16cff
2019-10-14 10:25:38,201 [RatisPipelineUtilsThread] INFO  pipeline.PipelineStateManager (PipelineStateManager.java:addPipeline(56)) - Created pipeline Pipeline[ Id: 8739f146-50a2-4ed4-9860-65d4daa02d60, Nodes: 92f62135-9987-4782-b20c-15a380a16cff{ip: 192.168.151.118, host: pr-hdds-2296-8rkbz-2376872687, networkLocation: /default-rack, certSerialId: null}, Type:RATIS, Factor:ONE, State:OPEN]
2019-10-14 10:25:38,989 [main] INFO  ozone.MiniOzoneClusterImpl (MiniOzoneClusterImpl.java:lambda$waitForClusterToBeReady$0(147)) - Cluster is ready. Got 7 of 7 DN Heartbeats.
2019-10-14 10:25:39,019 [main] INFO  rpc.RpcClient (RpcClient.java:createVolume(272)) - Creating Volume: testblockoutputstream, with jenkins1000 as owner.
2019-10-14 10:25:39,021 [IPC Server handler 1 on 35545] INFO  volume.OMVolumeCreateRequest (OMVolumeCreateRequest.java:validateAndUpdateCache(193)) - created volume:testblockoutputstream for user:jenkins1000
2019-10-14 10:25:39,033 [main] INFO  rpc.RpcClient (RpcClient.java:createBucket(411)) - Creating Bucket: testblockoutputstream/testblockoutputstream, with Versioning false and Storage Type set to DISK and Encryption set to false 
2019-10-14 10:25:40,616 [Thread-3529] INFO  container.ReplicationManager (ReplicationManager.java:start(162)) - Starting Replication Monitor Thread.
2019-10-14 10:25:40,620 [ReplicationMonitor] INFO  container.ReplicationManager (ReplicationManager.java:run(225)) - Replication Monitor Thread took 0 milliseconds for processing 1 containers.
2019-10-14 10:25:42,776 [Thread-3531] INFO  impl.FollowerState (FollowerState.java:run(108)) - 7d5485eb-98a2-417e-8893-a021e5c10a65@group-AFF31D6AD4F4-FollowerState: change to CANDIDATE, lastRpcTime:5100ms, electionTimeout:5100ms
2019-10-14 10:25:42,776 [Thread-3531] INFO  impl.RoleInfo (RoleInfo.java:shutdownFollowerState(121)) - 7d5485eb-98a2-417e-8893-a021e5c10a65: shutdown FollowerState
2019-10-14 10:25:42,776 [Thread-3531] INFO  impl.RaftServerImpl (RaftServerImpl.java:setRole(170)) - 7d5485eb-98a2-417e-8893-a021e5c10a65@group-AFF31D6AD4F4: changes role from  FOLLOWER to CANDIDATE at term 0 for changeToCandidate
2019-10-14 10:25:42,776 [Thread-3531] INFO  impl.RoleInfo (RoleInfo.java:updateAndGet(143)) - 7d5485eb-98a2-417e-8893-a021e5c10a65: start LeaderElection
2019-10-14 10:25:42,802 [7d5485eb-98a2-417e-8893-a021e5c10a65@group-AFF31D6AD4F4-LeaderElection85] INFO  impl.LeaderElection (LeaderElection.java:askForVotes(178)) - 7d5485eb-98a2-417e-8893-a021e5c10a65@group-AFF31D6AD4F4-LeaderElection85: begin an election at term 1 for -1: [7d5485eb-98a2-417e-8893-a021e5c10a65:192.168.151.118:35827], old=null
2019-10-14 10:25:42,802 [7d5485eb-98a2-417e-8893-a021e5c10a65@group-AFF31D6AD4F4-LeaderElection85] INFO  impl.RoleInfo (RoleInfo.java:shutdownLeaderElection(134)) - 7d5485eb-98a2-417e-8893-a021e5c10a65: shutdown LeaderElection
2019-10-14 10:25:42,803 [7d5485eb-98a2-417e-8893-a021e5c10a65@group-AFF31D6AD4F4-LeaderElection85] INFO  impl.RaftServerImpl (RaftServerImpl.java:setRole(170)) - 7d5485eb-98a2-417e-8893-a021e5c10a65@group-AFF31D6AD4F4: changes role from CANDIDATE to LEADER at term 1 for changeToLeader
2019-10-14 10:25:42,803 [7d5485eb-98a2-417e-8893-a021e5c10a65@group-AFF31D6AD4F4-LeaderElection85] INFO  impl.RaftServerImpl (ServerState.java:setLeader(255)) - 7d5485eb-98a2-417e-8893-a021e5c10a65@group-AFF31D6AD4F4: change Leader from null to 7d5485eb-98a2-417e-8893-a021e5c10a65 at term 1 for becomeLeader, leader elected after 5137ms
2019-10-14 10:25:42,803 [7d5485eb-98a2-417e-8893-a021e5c10a65@group-AFF31D6AD4F4-LeaderElection85] INFO  server.RaftServerConfigKeys (ConfUtils.java:logGet(43)) - raft.server.staging.catchup.gap = 1000 (default)
2019-10-14 10:25:42,803 [7d5485eb-98a2-417e-8893-a021e5c10a65@group-AFF31D6AD4F4-LeaderElection85] INFO  server.RaftServerConfigKeys (ConfUtils.java:logGet(43)) - raft.server.rpc.sleep.time = 25ms (default)
2019-10-14 10:25:42,803 [7d5485eb-98a2-417e-8893-a021e5c10a65@group-AFF31D6AD4F4-LeaderElection85] INFO  server.RaftServerConfigKeys (ConfUtils.java:logGet(43)) - raft.server.write.element-limit = 4096 (default)
2019-10-14 10:25:42,804 [7d5485eb-98a2-417e-8893-a021e5c10a65@group-AFF31D6AD4F4-LeaderElection85] INFO  server.RaftServerConfigKeys (ConfUtils.java:logGet(43)) - raft.server.watch.timeout = 10s (default)
2019-10-14 10:25:42,804 [7d5485eb-98a2-417e-8893-a021e5c10a65@group-AFF31D6AD4F4-LeaderElection85] INFO  server.RaftServerConfigKeys (ConfUtils.java:logGet(43)) - raft.server.watch.timeout.denomination = 1s (default)
2019-10-14 10:25:42,804 [7d5485eb-98a2-417e-8893-a021e5c10a65@group-AFF31D6AD4F4-LeaderElection85] INFO  server.RaftServerConfigKeys (ConfUtils.java:logGet(43)) - raft.server.watch.element-limit = 65536 (default)
2019-10-14 10:25:42,806 [7d5485eb-98a2-417e-8893-a021e5c10a65@group-AFF31D6AD4F4-LeaderElection85] INFO  impl.RoleInfo (RoleInfo.java:updateAndGet(143)) - 7d5485eb-98a2-417e-8893-a021e5c10a65: start LeaderState
2019-10-14 10:25:42,807 [7d5485eb-98a2-417e-8893-a021e5c10a65@group-AFF31D6AD4F4-LeaderElection85] INFO  segmented.SegmentedRaftLogWorker (SegmentedRaftLogWorker.java:startLogSegment(385)) - 7d5485eb-98a2-417e-8893-a021e5c10a65@group-AFF31D6AD4F4-SegmentedRaftLogWorker: Starting segment from index:0
2019-10-14 10:25:42,808 [7d5485eb-98a2-417e-8893-a021e5c10a65@group-AFF31D6AD4F4-LeaderElection85] INFO  impl.RaftServerImpl (ServerState.java:setRaftConf(356)) - 7d5485eb-98a2-417e-8893-a021e5c10a65@group-AFF31D6AD4F4: set configuration 0: [7d5485eb-98a2-417e-8893-a021e5c10a65:192.168.151.118:35827], old=null at 0
2019-10-14 10:25:42,835 [Thread-3537] INFO  impl.FollowerState (FollowerState.java:run(108)) - f9d94a56-3fa0-438a-8a56-ab8ac89c506c@group-990AAF5D4063-FollowerState: change to CANDIDATE, lastRpcTime:5046ms, electionTimeout:5046ms
2019-10-14 10:25:42,835 [Thread-3537] INFO  impl.RoleInfo (RoleInfo.java:shutdownFollowerState(121)) - f9d94a56-3fa0-438a-8a56-ab8ac89c506c: shutdown FollowerState
2019-10-14 10:25:42,835 [Thread-3537] INFO  impl.RaftServerImpl (RaftServerImpl.java:setRole(170)) - f9d94a56-3fa0-438a-8a56-ab8ac89c506c@group-990AAF5D4063: changes role from  FOLLOWER to CANDIDATE at term 0 for changeToCandidate
2019-10-14 10:25:42,835 [Thread-3537] INFO  impl.RoleInfo (RoleInfo.java:updateAndGet(143)) - f9d94a56-3fa0-438a-8a56-ab8ac89c506c: start LeaderElection
2019-10-14 10:25:42,858 [Thread-3534] INFO  impl.FollowerState (FollowerState.java:run(108)) - f5ac7400-e094-47f8-9db6-ca035a1b2b73@group-267694400599-FollowerState: change to CANDIDATE, lastRpcTime:5118ms, electionTimeout:5100ms
2019-10-14 10:25:42,865 [Thread-3534] INFO  impl.RoleInfo (RoleInfo.java:shutdownFollowerState(121)) - f5ac7400-e094-47f8-9db6-ca035a1b2b73: shutdown FollowerState
2019-10-14 10:25:42,865 [Thread-3534] INFO  impl.RaftServerImpl (RaftServerImpl.java:setRole(170)) - f5ac7400-e094-47f8-9db6-ca035a1b2b73@group-267694400599: changes role from  FOLLOWER to CANDIDATE at term 0 for changeToCandidate
2019-10-14 10:25:42,865 [Thread-3534] INFO  impl.RoleInfo (RoleInfo.java:updateAndGet(143)) - f5ac7400-e094-47f8-9db6-ca035a1b2b73: start LeaderElection
2019-10-14 10:25:42,883 [7d5485eb-98a2-417e-8893-a021e5c10a65@group-AFF31D6AD4F4-SegmentedRaftLogWorker] INFO  segmented.SegmentedRaftLogWorker (SegmentedRaftLogWorker.java:execute(574)) - 7d5485eb-98a2-417e-8893-a021e5c10a65@group-AFF31D6AD4F4-SegmentedRaftLogWorker: created new log segment /workdir/hadoop-ozone/integration-test/target/test-dir/MiniOzoneClusterImpl-47ff539e-8602-4655-a791-f768753789ad/datanode-0/data/ratis/40880d60-ebf8-4b18-84b9-aff31d6ad4f4/current/log_inprogress_0
2019-10-14 10:25:42,883 [f9d94a56-3fa0-438a-8a56-ab8ac89c506c@group-990AAF5D4063-LeaderElection86] INFO  impl.LeaderElection (LeaderElection.java:askForVotes(178)) - f9d94a56-3fa0-438a-8a56-ab8ac89c506c@group-990AAF5D4063-LeaderElection86: begin an election at term 1 for -1: [f9d94a56-3fa0-438a-8a56-ab8ac89c506c:192.168.151.118:39998], old=null
2019-10-14 10:25:42,883 [f9d94a56-3fa0-438a-8a56-ab8ac89c506c@group-990AAF5D4063-LeaderElection86] INFO  impl.RoleInfo (RoleInfo.java:shutdownLeaderElection(134)) - f9d94a56-3fa0-438a-8a56-ab8ac89c506c: shutdown LeaderElection
2019-10-14 10:25:42,883 [f9d94a56-3fa0-438a-8a56-ab8ac89c506c@group-990AAF5D4063-LeaderElection86] INFO  impl.RaftServerImpl (RaftServerImpl.java:setRole(170)) - f9d94a56-3fa0-438a-8a56-ab8ac89c506c@group-990AAF5D4063: changes role from CANDIDATE to LEADER at term 1 for changeToLeader
2019-10-14 10:25:42,883 [f9d94a56-3fa0-438a-8a56-ab8ac89c506c@group-990AAF5D4063-LeaderElection86] INFO  impl.RaftServerImpl (ServerState.java:setLeader(255)) - f9d94a56-3fa0-438a-8a56-ab8ac89c506c@group-990AAF5D4063: change Leader from null to f9d94a56-3fa0-438a-8a56-ab8ac89c506c at term 1 for becomeLeader, leader elected after 5103ms
2019-10-14 10:25:42,884 [f9d94a56-3fa0-438a-8a56-ab8ac89c506c@group-990AAF5D4063-LeaderElection86] INFO  server.RaftServerConfigKeys (ConfUtils.java:logGet(43)) - raft.server.staging.catchup.gap = 1000 (default)
2019-10-14 10:25:42,884 [f9d94a56-3fa0-438a-8a56-ab8ac89c506c@group-990AAF5D4063-LeaderElection86] INFO  server.RaftServerConfigKeys (ConfUtils.java:logGet(43)) - raft.server.rpc.sleep.time = 25ms (default)
2019-10-14 10:25:42,884 [f9d94a56-3fa0-438a-8a56-ab8ac89c506c@group-990AAF5D4063-LeaderElection86] INFO  server.RaftServerConfigKeys (ConfUtils.java:logGet(43)) - raft.server.write.element-limit = 4096 (default)
2019-10-14 10:25:42,884 [f9d94a56-3fa0-438a-8a56-ab8ac89c506c@group-990AAF5D4063-LeaderElection86] INFO  server.RaftServerConfigKeys (ConfUtils.java:logGet(43)) - raft.server.watch.timeout = 10s (default)
2019-10-14 10:25:42,884 [f9d94a56-3fa0-438a-8a56-ab8ac89c506c@group-990AAF5D4063-LeaderElection86] INFO  server.RaftServerConfigKeys (ConfUtils.java:logGet(43)) - raft.server.watch.timeout.denomination = 1s (default)
2019-10-14 10:25:42,884 [f9d94a56-3fa0-438a-8a56-ab8ac89c506c@group-990AAF5D4063-LeaderElection86] INFO  server.RaftServerConfigKeys (ConfUtils.java:logGet(43)) - raft.server.watch.element-limit = 65536 (default)
2019-10-14 10:25:42,885 [f5ac7400-e094-47f8-9db6-ca035a1b2b73@group-267694400599-LeaderElection87] INFO  impl.LeaderElection (LeaderElection.java:askForVotes(178)) - f5ac7400-e094-47f8-9db6-ca035a1b2b73@group-267694400599-LeaderElection87: begin an election at term 1 for -1: [f5ac7400-e094-47f8-9db6-ca035a1b2b73:192.168.151.118:32856], old=null
2019-10-14 10:25:42,885 [f5ac7400-e094-47f8-9db6-ca035a1b2b73@group-267694400599-LeaderElection87] INFO  impl.RoleInfo (RoleInfo.java:shutdownLeaderElection(134)) - f5ac7400-e094-47f8-9db6-ca035a1b2b73: shutdown LeaderElection
2019-10-14 10:25:42,885 [f5ac7400-e094-47f8-9db6-ca035a1b2b73@group-267694400599-LeaderElection87] INFO  impl.RaftServerImpl (RaftServerImpl.java:setRole(170)) - f5ac7400-e094-47f8-9db6-ca035a1b2b73@group-267694400599: changes role from CANDIDATE to LEADER at term 1 for changeToLeader
2019-10-14 10:25:42,885 [f9d94a56-3fa0-438a-8a56-ab8ac89c506c@group-990AAF5D4063-LeaderElection86] INFO  impl.RoleInfo (RoleInfo.java:updateAndGet(143)) - f9d94a56-3fa0-438a-8a56-ab8ac89c506c: start LeaderState
2019-10-14 10:25:42,885 [f5ac7400-e094-47f8-9db6-ca035a1b2b73@group-267694400599-LeaderElection87] INFO  impl.RaftServerImpl (ServerState.java:setLeader(255)) - f5ac7400-e094-47f8-9db6-ca035a1b2b73@group-267694400599: change Leader from null to f5ac7400-e094-47f8-9db6-ca035a1b2b73 at term 1 for becomeLeader, leader elected after 5150ms
2019-10-14 10:25:42,886 [f5ac7400-e094-47f8-9db6-ca035a1b2b73@group-267694400599-LeaderElection87] INFO  server.RaftServerConfigKeys (ConfUtils.java:logGet(43)) - raft.server.staging.catchup.gap = 1000 (default)
2019-10-14 10:25:42,886 [f9d94a56-3fa0-438a-8a56-ab8ac89c506c@group-990AAF5D4063-LeaderElection86] INFO  segmented.SegmentedRaftLogWorker (SegmentedRaftLogWorker.java:startLogSegment(385)) - f9d94a56-3fa0-438a-8a56-ab8ac89c506c@group-990AAF5D4063-SegmentedRaftLogWorker: Starting segment from index:0
2019-10-14 10:25:42,886 [f5ac7400-e094-47f8-9db6-ca035a1b2b73@group-267694400599-LeaderElection87] INFO  server.RaftServerConfigKeys (ConfUtils.java:logGet(43)) - raft.server.rpc.sleep.time = 25ms (default)
2019-10-14 10:25:42,886 [f5ac7400-e094-47f8-9db6-ca035a1b2b73@group-267694400599-LeaderElection87] INFO  server.RaftServerConfigKeys (ConfUtils.java:logGet(43)) - raft.server.write.element-limit = 4096 (default)
2019-10-14 10:25:42,886 [f9d94a56-3fa0-438a-8a56-ab8ac89c506c@group-990AAF5D4063-LeaderElection86] INFO  impl.RaftServerImpl (ServerState.java:setRaftConf(356)) - f9d94a56-3fa0-438a-8a56-ab8ac89c506c@group-990AAF5D4063: set configuration 0: [f9d94a56-3fa0-438a-8a56-ab8ac89c506c:192.168.151.118:39998], old=null at 0
2019-10-14 10:25:42,886 [f5ac7400-e094-47f8-9db6-ca035a1b2b73@group-267694400599-LeaderElection87] INFO  server.RaftServerConfigKeys (ConfUtils.java:logGet(43)) - raft.server.watch.timeout = 10s (default)
2019-10-14 10:25:42,886 [f5ac7400-e094-47f8-9db6-ca035a1b2b73@group-267694400599-LeaderElection87] INFO  server.RaftServerConfigKeys (ConfUtils.java:logGet(43)) - raft.server.watch.timeout.denomination = 1s (default)
2019-10-14 10:25:42,886 [f5ac7400-e094-47f8-9db6-ca035a1b2b73@group-267694400599-LeaderElection87] INFO  server.RaftServerConfigKeys (ConfUtils.java:logGet(43)) - raft.server.watch.element-limit = 65536 (default)
2019-10-14 10:25:42,888 [f5ac7400-e094-47f8-9db6-ca035a1b2b73@group-267694400599-LeaderElection87] INFO  impl.RoleInfo (RoleInfo.java:updateAndGet(143)) - f5ac7400-e094-47f8-9db6-ca035a1b2b73: start LeaderState
2019-10-14 10:25:42,888 [f5ac7400-e094-47f8-9db6-ca035a1b2b73@group-267694400599-LeaderElection87] INFO  segmented.SegmentedRaftLogWorker (SegmentedRaftLogWorker.java:startLogSegment(385)) - f5ac7400-e094-47f8-9db6-ca035a1b2b73@group-267694400599-SegmentedRaftLogWorker: Starting segment from index:0
2019-10-14 10:25:42,889 [f5ac7400-e094-47f8-9db6-ca035a1b2b73@group-267694400599-LeaderElection87] INFO  impl.RaftServerImpl (ServerState.java:setRaftConf(356)) - f5ac7400-e094-47f8-9db6-ca035a1b2b73@group-267694400599: set configuration 0: [f5ac7400-e094-47f8-9db6-ca035a1b2b73:192.168.151.118:32856], old=null at 0
2019-10-14 10:25:42,898 [Thread-3540] INFO  impl.FollowerState (FollowerState.java:run(108)) - ecf3d7c5-d006-40fa-a3e5-89e1b8755dd8@group-66CD7FF8AEB7-FollowerState: change to CANDIDATE, lastRpcTime:5047ms, electionTimeout:5047ms
2019-10-14 10:25:42,898 [Thread-3540] INFO  impl.RoleInfo (RoleInfo.java:shutdownFollowerState(121)) - ecf3d7c5-d006-40fa-a3e5-89e1b8755dd8: shutdown FollowerState
2019-10-14 10:25:42,899 [Thread-3540] INFO  impl.RaftServerImpl (RaftServerImpl.java:setRole(170)) - ecf3d7c5-d006-40fa-a3e5-89e1b8755dd8@group-66CD7FF8AEB7: changes role from  FOLLOWER to CANDIDATE at term 0 for changeToCandidate
2019-10-14 10:25:42,899 [Thread-3540] INFO  impl.RoleInfo (RoleInfo.java:updateAndGet(143)) - ecf3d7c5-d006-40fa-a3e5-89e1b8755dd8: start LeaderElection
2019-10-14 10:25:42,933 [Thread-3543] INFO  impl.FollowerState (FollowerState.java:run(108)) - ed754b3d-dc69-4cc3-9634-7e4a70f3318e@group-531361E69697-FollowerState: change to CANDIDATE, lastRpcTime:5035ms, electionTimeout:5035ms
2019-10-14 10:25:42,933 [Thread-3543] INFO  impl.RoleInfo (RoleInfo.java:shutdownFollowerState(121)) - ed754b3d-dc69-4cc3-9634-7e4a70f3318e: shutdown FollowerState
2019-10-14 10:25:42,933 [Thread-3543] INFO  impl.RaftServerImpl (RaftServerImpl.java:setRole(170)) - ed754b3d-dc69-4cc3-9634-7e4a70f3318e@group-531361E69697: changes role from  FOLLOWER to CANDIDATE at term 0 for changeToCandidate
2019-10-14 10:25:42,933 [Thread-3543] INFO  impl.RoleInfo (RoleInfo.java:updateAndGet(143)) - ed754b3d-dc69-4cc3-9634-7e4a70f3318e: start LeaderElection
2019-10-14 10:25:42,939 [f9d94a56-3fa0-438a-8a56-ab8ac89c506c@group-990AAF5D4063-SegmentedRaftLogWorker] INFO  segmented.SegmentedRaftLogWorker (SegmentedRaftLogWorker.java:execute(574)) - f9d94a56-3fa0-438a-8a56-ab8ac89c506c@group-990AAF5D4063-SegmentedRaftLogWorker: created new log segment /workdir/hadoop-ozone/integration-test/target/test-dir/MiniOzoneClusterImpl-47ff539e-8602-4655-a791-f768753789ad/datanode-2/data/ratis/c60aaecf-2899-4798-a67d-990aaf5d4063/current/log_inprogress_0
2019-10-14 10:25:42,939 [f5ac7400-e094-47f8-9db6-ca035a1b2b73@group-267694400599-SegmentedRaftLogWorker] INFO  segmented.SegmentedRaftLogWorker (SegmentedRaftLogWorker.java:execute(574)) - f5ac7400-e094-47f8-9db6-ca035a1b2b73@group-267694400599-SegmentedRaftLogWorker: created new log segment /workdir/hadoop-ozone/integration-test/target/test-dir/MiniOzoneClusterImpl-47ff539e-8602-4655-a791-f768753789ad/datanode-1/data/ratis/06c2d423-ba15-45ac-a94f-267694400599/current/log_inprogress_0
2019-10-14 10:25:42,939 [ecf3d7c5-d006-40fa-a3e5-89e1b8755dd8@group-66CD7FF8AEB7-LeaderElection88] INFO  impl.LeaderElection (LeaderElection.java:askForVotes(178)) - ecf3d7c5-d006-40fa-a3e5-89e1b8755dd8@group-66CD7FF8AEB7-LeaderElection88: begin an election at term 1 for -1: [ecf3d7c5-d006-40fa-a3e5-89e1b8755dd8:192.168.151.118:33252], old=null
2019-10-14 10:25:42,940 [ecf3d7c5-d006-40fa-a3e5-89e1b8755dd8@group-66CD7FF8AEB7-LeaderElection88] INFO  impl.RoleInfo (RoleInfo.java:shutdownLeaderElection(134)) - ecf3d7c5-d006-40fa-a3e5-89e1b8755dd8: shutdown LeaderElection
2019-10-14 10:25:42,940 [ecf3d7c5-d006-40fa-a3e5-89e1b8755dd8@group-66CD7FF8AEB7-LeaderElection88] INFO  impl.RaftServerImpl (RaftServerImpl.java:setRole(170)) - ecf3d7c5-d006-40fa-a3e5-89e1b8755dd8@group-66CD7FF8AEB7: changes role from CANDIDATE to LEADER at term 1 for changeToLeader
2019-10-14 10:25:42,940 [ecf3d7c5-d006-40fa-a3e5-89e1b8755dd8@group-66CD7FF8AEB7-LeaderElection88] INFO  impl.RaftServerImpl (ServerState.java:setLeader(255)) - ecf3d7c5-d006-40fa-a3e5-89e1b8755dd8@group-66CD7FF8AEB7: change Leader from null to ecf3d7c5-d006-40fa-a3e5-89e1b8755dd8 at term 1 for becomeLeader, leader elected after 5095ms
2019-10-14 10:25:42,940 [ecf3d7c5-d006-40fa-a3e5-89e1b8755dd8@group-66CD7FF8AEB7-LeaderElection88] INFO  server.RaftServerConfigKeys (ConfUtils.java:logGet(43)) - raft.server.staging.catchup.gap = 1000 (default)
2019-10-14 10:25:42,940 [ecf3d7c5-d006-40fa-a3e5-89e1b8755dd8@group-66CD7FF8AEB7-LeaderElection88] INFO  server.RaftServerConfigKeys (ConfUtils.java:logGet(43)) - raft.server.rpc.sleep.time = 25ms (default)
2019-10-14 10:25:42,940 [ecf3d7c5-d006-40fa-a3e5-89e1b8755dd8@group-66CD7FF8AEB7-LeaderElection88] INFO  server.RaftServerConfigKeys (ConfUtils.java:logGet(43)) - raft.server.write.element-limit = 4096 (default)
2019-10-14 10:25:42,940 [ecf3d7c5-d006-40fa-a3e5-89e1b8755dd8@group-66CD7FF8AEB7-LeaderElection88] INFO  server.RaftServerConfigKeys (ConfUtils.java:logGet(43)) - raft.server.watch.timeout = 10s (default)
2019-10-14 10:25:42,941 [ecf3d7c5-d006-40fa-a3e5-89e1b8755dd8@group-66CD7FF8AEB7-LeaderElection88] INFO  server.RaftServerConfigKeys (ConfUtils.java:logGet(43)) - raft.server.watch.timeout.denomination = 1s (default)
2019-10-14 10:25:42,941 [ecf3d7c5-d006-40fa-a3e5-89e1b8755dd8@group-66CD7FF8AEB7-LeaderElection88] INFO  server.RaftServerConfigKeys (ConfUtils.java:logGet(43)) - raft.server.watch.element-limit = 65536 (default)
2019-10-14 10:25:42,942 [ed754b3d-dc69-4cc3-9634-7e4a70f3318e@group-531361E69697-LeaderElection89] INFO  impl.LeaderElection (LeaderElection.java:askForVotes(178)) - ed754b3d-dc69-4cc3-9634-7e4a70f3318e@group-531361E69697-LeaderElection89: begin an election at term 1 for -1: [ed754b3d-dc69-4cc3-9634-7e4a70f3318e:192.168.151.118:45052], old=null
2019-10-14 10:25:42,942 [ed754b3d-dc69-4cc3-9634-7e4a70f3318e@group-531361E69697-LeaderElection89] INFO  impl.RoleInfo (RoleInfo.java:shutdownLeaderElection(134)) - ed754b3d-dc69-4cc3-9634-7e4a70f3318e: shutdown LeaderElection
2019-10-14 10:25:42,942 [ed754b3d-dc69-4cc3-9634-7e4a70f3318e@group-531361E69697-LeaderElection89] INFO  impl.RaftServerImpl (RaftServerImpl.java:setRole(170)) - ed754b3d-dc69-4cc3-9634-7e4a70f3318e@group-531361E69697: changes role from CANDIDATE to LEADER at term 1 for changeToLeader
2019-10-14 10:25:42,942 [ed754b3d-dc69-4cc3-9634-7e4a70f3318e@group-531361E69697-LeaderElection89] INFO  impl.RaftServerImpl (ServerState.java:setLeader(255)) - ed754b3d-dc69-4cc3-9634-7e4a70f3318e@group-531361E69697: change Leader from null to ed754b3d-dc69-4cc3-9634-7e4a70f3318e at term 1 for becomeLeader, leader elected after 5049ms
2019-10-14 10:25:42,942 [ed754b3d-dc69-4cc3-9634-7e4a70f3318e@group-531361E69697-LeaderElection89] INFO  server.RaftServerConfigKeys (ConfUtils.java:logGet(43)) - raft.server.staging.catchup.gap = 1000 (default)
2019-10-14 10:25:42,942 [ed754b3d-dc69-4cc3-9634-7e4a70f3318e@group-531361E69697-LeaderElection89] INFO  server.RaftServerConfigKeys (ConfUtils.java:logGet(43)) - raft.server.rpc.sleep.time = 25ms (default)
2019-10-14 10:25:42,942 [ed754b3d-dc69-4cc3-9634-7e4a70f3318e@group-531361E69697-LeaderElection89] INFO  server.RaftServerConfigKeys (ConfUtils.java:logGet(43)) - raft.server.write.element-limit = 4096 (default)
2019-10-14 10:25:42,942 [ed754b3d-dc69-4cc3-9634-7e4a70f3318e@group-531361E69697-LeaderElection89] INFO  server.RaftServerConfigKeys (ConfUtils.java:logGet(43)) - raft.server.watch.timeout = 10s (default)
2019-10-14 10:25:42,943 [ed754b3d-dc69-4cc3-9634-7e4a70f3318e@group-531361E69697-LeaderElection89] INFO  server.RaftServerConfigKeys (ConfUtils.java:logGet(43)) - raft.server.watch.timeout.denomination = 1s (default)
2019-10-14 10:25:42,943 [ed754b3d-dc69-4cc3-9634-7e4a70f3318e@group-531361E69697-LeaderElection89] INFO  server.RaftServerConfigKeys (ConfUtils.java:logGet(43)) - raft.server.watch.element-limit = 65536 (default)
2019-10-14 10:25:42,943 [ecf3d7c5-d006-40fa-a3e5-89e1b8755dd8@group-66CD7FF8AEB7-LeaderElection88] INFO  impl.RoleInfo (RoleInfo.java:updateAndGet(143)) - ecf3d7c5-d006-40fa-a3e5-89e1b8755dd8: start LeaderState
2019-10-14 10:25:42,943 [ecf3d7c5-d006-40fa-a3e5-89e1b8755dd8@group-66CD7FF8AEB7-LeaderElection88] INFO  segmented.SegmentedRaftLogWorker (SegmentedRaftLogWorker.java:startLogSegment(385)) - ecf3d7c5-d006-40fa-a3e5-89e1b8755dd8@group-66CD7FF8AEB7-SegmentedRaftLogWorker: Starting segment from index:0
2019-10-14 10:25:42,943 [ecf3d7c5-d006-40fa-a3e5-89e1b8755dd8@group-66CD7FF8AEB7-LeaderElection88] INFO  impl.RaftServerImpl (ServerState.java:setRaftConf(356)) - ecf3d7c5-d006-40fa-a3e5-89e1b8755dd8@group-66CD7FF8AEB7: set configuration 0: [ecf3d7c5-d006-40fa-a3e5-89e1b8755dd8:192.168.151.118:33252], old=null at 0
2019-10-14 10:25:42,944 [ed754b3d-dc69-4cc3-9634-7e4a70f3318e@group-531361E69697-LeaderElection89] INFO  impl.RoleInfo (RoleInfo.java:updateAndGet(143)) - ed754b3d-dc69-4cc3-9634-7e4a70f3318e: start LeaderState
2019-10-14 10:25:42,944 [ed754b3d-dc69-4cc3-9634-7e4a70f3318e@group-531361E69697-LeaderElection89] INFO  segmented.SegmentedRaftLogWorker (SegmentedRaftLogWorker.java:startLogSegment(385)) - ed754b3d-dc69-4cc3-9634-7e4a70f3318e@group-531361E69697-SegmentedRaftLogWorker: Starting segment from index:0
2019-10-14 10:25:42,945 [ed754b3d-dc69-4cc3-9634-7e4a70f3318e@group-531361E69697-LeaderElection89] INFO  impl.RaftServerImpl (ServerState.java:setRaftConf(356)) - ed754b3d-dc69-4cc3-9634-7e4a70f3318e@group-531361E69697: set configuration 0: [ed754b3d-dc69-4cc3-9634-7e4a70f3318e:192.168.151.118:45052], old=null at 0
2019-10-14 10:25:42,985 [ecf3d7c5-d006-40fa-a3e5-89e1b8755dd8@group-66CD7FF8AEB7-SegmentedRaftLogWorker] INFO  segmented.SegmentedRaftLogWorker (SegmentedRaftLogWorker.java:execute(574)) - ecf3d7c5-d006-40fa-a3e5-89e1b8755dd8@group-66CD7FF8AEB7-SegmentedRaftLogWorker: created new log segment /workdir/hadoop-ozone/integration-test/target/test-dir/MiniOzoneClusterImpl-47ff539e-8602-4655-a791-f768753789ad/datanode-3/data/ratis/9a636b2d-e111-4216-8bcf-66cd7ff8aeb7/current/log_inprogress_0
2019-10-14 10:25:42,985 [ed754b3d-dc69-4cc3-9634-7e4a70f3318e@group-531361E69697-SegmentedRaftLogWorker] INFO  segmented.SegmentedRaftLogWorker (SegmentedRaftLogWorker.java:execute(574)) - ed754b3d-dc69-4cc3-9634-7e4a70f3318e@group-531361E69697-SegmentedRaftLogWorker: created new log segment /workdir/hadoop-ozone/integration-test/target/test-dir/MiniOzoneClusterImpl-47ff539e-8602-4655-a791-f768753789ad/datanode-4/data/ratis/ae4cc1ba-5628-4665-bf07-531361e69697/current/log_inprogress_0
2019-10-14 10:25:43,009 [Thread-3547] INFO  impl.FollowerState (FollowerState.java:run(108)) - ed754b3d-dc69-4cc3-9634-7e4a70f3318e@group-63277F840B8D-FollowerState: change to CANDIDATE, lastRpcTime:5036ms, electionTimeout:5036ms
2019-10-14 10:25:43,009 [Thread-3547] INFO  impl.RoleInfo (RoleInfo.java:shutdownFollowerState(121)) - ed754b3d-dc69-4cc3-9634-7e4a70f3318e: shutdown FollowerState
2019-10-14 10:25:43,009 [Thread-3547] INFO  impl.RaftServerImpl (RaftServerImpl.java:setRole(170)) - ed754b3d-dc69-4cc3-9634-7e4a70f3318e@group-63277F840B8D: changes role from  FOLLOWER to CANDIDATE at term 0 for changeToCandidate
2019-10-14 10:25:43,010 [Thread-3547] INFO  impl.RoleInfo (RoleInfo.java:updateAndGet(143)) - ed754b3d-dc69-4cc3-9634-7e4a70f3318e: start LeaderElection
2019-10-14 10:25:43,026 [ed754b3d-dc69-4cc3-9634-7e4a70f3318e@group-63277F840B8D-LeaderElection90] INFO  impl.LeaderElection (LeaderElection.java:askForVotes(178)) - ed754b3d-dc69-4cc3-9634-7e4a70f3318e@group-63277F840B8D-LeaderElection90: begin an election at term 1 for -1: [ecf3d7c5-d006-40fa-a3e5-89e1b8755dd8:192.168.151.118:33252, 7d5485eb-98a2-417e-8893-a021e5c10a65:192.168.151.118:35827, ed754b3d-dc69-4cc3-9634-7e4a70f3318e:192.168.151.118:45052], old=null
2019-10-14 10:25:43,027 [Thread-3549] INFO  impl.FollowerState (FollowerState.java:run(108)) - ecf3d7c5-d006-40fa-a3e5-89e1b8755dd8@group-63277F840B8D-FollowerState: change to CANDIDATE, lastRpcTime:5052ms, electionTimeout:5052ms
2019-10-14 10:25:43,027 [Thread-3549] INFO  impl.RoleInfo (RoleInfo.java:shutdownFollowerState(121)) - ecf3d7c5-d006-40fa-a3e5-89e1b8755dd8: shutdown FollowerState
2019-10-14 10:25:43,027 [Thread-3549] INFO  impl.RaftServerImpl (RaftServerImpl.java:setRole(170)) - ecf3d7c5-d006-40fa-a3e5-89e1b8755dd8@group-63277F840B8D: changes role from  FOLLOWER to CANDIDATE at term 0 for changeToCandidate
2019-10-14 10:25:43,027 [Thread-3549] INFO  impl.RoleInfo (RoleInfo.java:updateAndGet(143)) - ecf3d7c5-d006-40fa-a3e5-89e1b8755dd8: start LeaderElection
2019-10-14 10:25:43,032 [grpc-default-executor-3] INFO  impl.RaftServerImpl (RaftServerImpl.java:setRole(170)) - 7d5485eb-98a2-417e-8893-a021e5c10a65@group-63277F840B8D: changes role from  FOLLOWER to FOLLOWER at term 1 for recognizeCandidate:ed754b3d-dc69-4cc3-9634-7e4a70f3318e
2019-10-14 10:25:43,032 [grpc-default-executor-3] INFO  impl.RoleInfo (RoleInfo.java:shutdownFollowerState(121)) - 7d5485eb-98a2-417e-8893-a021e5c10a65: shutdown FollowerState
2019-10-14 10:25:43,032 [grpc-default-executor-3] INFO  impl.RoleInfo (RoleInfo.java:updateAndGet(143)) - 7d5485eb-98a2-417e-8893-a021e5c10a65: start FollowerState
2019-10-14 10:25:43,032 [Thread-3550] INFO  impl.FollowerState (FollowerState.java:run(117)) - 7d5485eb-98a2-417e-8893-a021e5c10a65@group-63277F840B8D-FollowerState was interrupted: java.lang.InterruptedException: sleep interrupted
2019-10-14 10:25:43,044 [ecf3d7c5-d006-40fa-a3e5-89e1b8755dd8@group-63277F840B8D-LeaderElection91] INFO  impl.LeaderElection (LeaderElection.java:askForVotes(178)) - ecf3d7c5-d006-40fa-a3e5-89e1b8755dd8@group-63277F840B8D-LeaderElection91: begin an election at term 1 for -1: [ecf3d7c5-d006-40fa-a3e5-89e1b8755dd8:192.168.151.118:33252, 7d5485eb-98a2-417e-8893-a021e5c10a65:192.168.151.118:35827, ed754b3d-dc69-4cc3-9634-7e4a70f3318e:192.168.151.118:45052], old=null
2019-10-14 10:25:43,044 [ed754b3d-dc69-4cc3-9634-7e4a70f3318e@group-63277F840B8D-LeaderElection90] INFO  impl.LeaderElection (LeaderElection.java:logAndReturn(56)) - ed754b3d-dc69-4cc3-9634-7e4a70f3318e@group-63277F840B8D-LeaderElection90: Election PASSED; received 2 response(s) [ed754b3d-dc69-4cc3-9634-7e4a70f3318e<-ecf3d7c5-d006-40fa-a3e5-89e1b8755dd8#0:FAIL-t1, ed754b3d-dc69-4cc3-9634-7e4a70f3318e<-7d5485eb-98a2-417e-8893-a021e5c10a65#0:OK-t1] and 0 exception(s); ed754b3d-dc69-4cc3-9634-7e4a70f3318e@group-63277F840B8D:t1, leader=null, voted=ed754b3d-dc69-4cc3-9634-7e4a70f3318e, raftlog=ed754b3d-dc69-4cc3-9634-7e4a70f3318e@group-63277F840B8D-SegmentedRaftLog:OPENED:c-1,f-1,i0, conf=-1: [ecf3d7c5-d006-40fa-a3e5-89e1b8755dd8:192.168.151.118:33252, 7d5485eb-98a2-417e-8893-a021e5c10a65:192.168.151.118:35827, ed754b3d-dc69-4cc3-9634-7e4a70f3318e:192.168.151.118:45052], old=null
2019-10-14 10:25:43,045 [ed754b3d-dc69-4cc3-9634-7e4a70f3318e@group-63277F840B8D-LeaderElection90] INFO  impl.RoleInfo (RoleInfo.java:shutdownLeaderElection(134)) - ed754b3d-dc69-4cc3-9634-7e4a70f3318e: shutdown LeaderElection
2019-10-14 10:25:43,045 [ed754b3d-dc69-4cc3-9634-7e4a70f3318e@group-63277F840B8D-LeaderElection90] INFO  impl.RaftServerImpl (RaftServerImpl.java:setRole(170)) - ed754b3d-dc69-4cc3-9634-7e4a70f3318e@group-63277F840B8D: changes role from CANDIDATE to LEADER at term 1 for changeToLeader
2019-10-14 10:25:43,045 [ed754b3d-dc69-4cc3-9634-7e4a70f3318e@group-63277F840B8D-LeaderElection90] INFO  impl.RaftServerImpl (ServerState.java:setLeader(255)) - ed754b3d-dc69-4cc3-9634-7e4a70f3318e@group-63277F840B8D: change Leader from null to ed754b3d-dc69-4cc3-9634-7e4a70f3318e at term 1 for becomeLeader, leader elected after 5078ms
2019-10-14 10:25:43,045 [ed754b3d-dc69-4cc3-9634-7e4a70f3318e@group-63277F840B8D-LeaderElection90] INFO  server.RaftServerConfigKeys (ConfUtils.java:logGet(43)) - raft.server.staging.catchup.gap = 1000 (default)
2019-10-14 10:25:43,045 [ed754b3d-dc69-4cc3-9634-7e4a70f3318e@group-63277F840B8D-LeaderElection90] INFO  server.RaftServerConfigKeys (ConfUtils.java:logGet(43)) - raft.server.rpc.sleep.time = 25ms (default)
2019-10-14 10:25:43,045 [ed754b3d-dc69-4cc3-9634-7e4a70f3318e@group-63277F840B8D-LeaderElection90] INFO  server.RaftServerConfigKeys (ConfUtils.java:logGet(43)) - raft.server.write.element-limit = 4096 (default)
2019-10-14 10:25:43,045 [ed754b3d-dc69-4cc3-9634-7e4a70f3318e@group-63277F840B8D-LeaderElection90] INFO  server.RaftServerConfigKeys (ConfUtils.java:logGet(43)) - raft.server.watch.timeout = 10s (default)
2019-10-14 10:25:43,045 [ed754b3d-dc69-4cc3-9634-7e4a70f3318e@group-63277F840B8D-LeaderElection90] INFO  server.RaftServerConfigKeys (ConfUtils.java:logGet(43)) - raft.server.watch.timeout.denomination = 1s (default)
2019-10-14 10:25:43,045 [ed754b3d-dc69-4cc3-9634-7e4a70f3318e@group-63277F840B8D-LeaderElection90] INFO  server.RaftServerConfigKeys (ConfUtils.java:logGet(43)) - raft.server.watch.element-limit = 65536 (default)
2019-10-14 10:25:43,047 [ed754b3d-dc69-4cc3-9634-7e4a70f3318e@group-63277F840B8D-LeaderElection90] INFO  server.RaftServerConfigKeys (ConfUtils.java:logGet(43)) - raft.server.log.appender.snapshot.chunk.size.max = 16MB (=16777216) (default)
2019-10-14 10:25:43,047 [ed754b3d-dc69-4cc3-9634-7e4a70f3318e@group-63277F840B8D-LeaderElection90] INFO  server.RaftServerConfigKeys (ConfUtils.java:logGet(43)) - raft.server.log.appender.buffer.byte-limit = 33554432 (custom)
2019-10-14 10:25:43,047 [ed754b3d-dc69-4cc3-9634-7e4a70f3318e@group-63277F840B8D-LeaderElection90] INFO  server.RaftServerConfigKeys (ConfUtils.java:logGet(43)) - raft.server.log.appender.buffer.element-limit = 1 (custom)
2019-10-14 10:25:43,047 [ed754b3d-dc69-4cc3-9634-7e4a70f3318e@group-63277F840B8D-LeaderElection90] INFO  grpc.GrpcConfigKeys$Server (ConfUtils.java:logGet(43)) - raft.grpc.server.leader.outstanding.appends.max = 128 (default)
2019-10-14 10:25:43,048 [ed754b3d-dc69-4cc3-9634-7e4a70f3318e@group-63277F840B8D-LeaderElection90] INFO  server.RaftServerConfigKeys (ConfUtils.java:logGet(43)) - raft.server.rpc.request.timeout = 3000ms (default)
2019-10-14 10:25:43,048 [ed754b3d-dc69-4cc3-9634-7e4a70f3318e@group-63277F840B8D-LeaderElection90] INFO  server.RaftServerConfigKeys (ConfUtils.java:logGet(43)) - raft.server.log.appender.install.snapshot.enabled = false (custom)
2019-10-14 10:25:43,048 [ed754b3d-dc69-4cc3-9634-7e4a70f3318e@group-63277F840B8D-LeaderElection90] INFO  server.RaftServerConfigKeys (ConfUtils.java:logGet(43)) - raft.server.log.appender.snapshot.chunk.size.max = 16MB (=16777216) (default)
2019-10-14 10:25:43,048 [ed754b3d-dc69-4cc3-9634-7e4a70f3318e@group-63277F840B8D-LeaderElection90] INFO  server.RaftServerConfigKeys (ConfUtils.java:logGet(43)) - raft.server.log.appender.buffer.byte-limit = 33554432 (custom)
2019-10-14 10:25:43,048 [ed754b3d-dc69-4cc3-9634-7e4a70f3318e@group-63277F840B8D-LeaderElection90] INFO  server.RaftServerConfigKeys (ConfUtils.java:logGet(43)) - raft.server.log.appender.buffer.element-limit = 1 (custom)
2019-10-14 10:25:43,048 [ed754b3d-dc69-4cc3-9634-7e4a70f3318e@group-63277F840B8D-LeaderElection90] INFO  grpc.GrpcConfigKeys$Server (ConfUtils.java:logGet(43)) - raft.grpc.server.leader.outstanding.appends.max = 128 (default)
2019-10-14 10:25:43,048 [ed754b3d-dc69-4cc3-9634-7e4a70f3318e@group-63277F840B8D-LeaderElection90] INFO  server.RaftServerConfigKeys (ConfUtils.java:logGet(43)) - raft.server.rpc.request.timeout = 3000ms (default)
2019-10-14 10:25:43,048 [ed754b3d-dc69-4cc3-9634-7e4a70f3318e@group-63277F840B8D-LeaderElection90] INFO  server.RaftServerConfigKeys (ConfUtils.java:logGet(43)) - raft.server.log.appender.install.snapshot.enabled = false (custom)
2019-10-14 10:25:43,049 [ed754b3d-dc69-4cc3-9634-7e4a70f3318e@group-63277F840B8D-LeaderElection90] INFO  impl.RoleInfo (RoleInfo.java:updateAndGet(143)) - ed754b3d-dc69-4cc3-9634-7e4a70f3318e: start LeaderState
2019-10-14 10:25:43,049 [ed754b3d-dc69-4cc3-9634-7e4a70f3318e@group-63277F840B8D-LeaderElection90] INFO  segmented.SegmentedRaftLogWorker (SegmentedRaftLogWorker.java:startLogSegment(385)) - ed754b3d-dc69-4cc3-9634-7e4a70f3318e@group-63277F840B8D-SegmentedRaftLogWorker: Starting segment from index:0
2019-10-14 10:25:43,049 [ed754b3d-dc69-4cc3-9634-7e4a70f3318e@group-63277F840B8D-LeaderElection90] INFO  impl.RaftServerImpl (ServerState.java:setRaftConf(356)) - ed754b3d-dc69-4cc3-9634-7e4a70f3318e@group-63277F840B8D: set configuration 0: [ecf3d7c5-d006-40fa-a3e5-89e1b8755dd8:192.168.151.118:33252, 7d5485eb-98a2-417e-8893-a021e5c10a65:192.168.151.118:35827, ed754b3d-dc69-4cc3-9634-7e4a70f3318e:192.168.151.118:45052], old=null at 0
2019-10-14 10:25:43,050 [grpc-default-executor-3] INFO  impl.RaftServerImpl (RaftServerImpl.java:requestVote(754)) - ed754b3d-dc69-4cc3-9634-7e4a70f3318e@group-63277F840B8D-   LEADER: Withhold vote from candidate ecf3d7c5-d006-40fa-a3e5-89e1b8755dd8 with term 1. State: leader=ed754b3d-dc69-4cc3-9634-7e4a70f3318e, term=1, lastRpcElapsed=null
2019-10-14 10:25:43,076 [grpc-default-executor-3] INFO  impl.RaftServerImpl (RaftServerImpl.java:setRole(170)) - ecf3d7c5-d006-40fa-a3e5-89e1b8755dd8@group-63277F840B8D: changes role from CANDIDATE to FOLLOWER at term 1 for appendEntries
2019-10-14 10:25:43,080 [ecf3d7c5-d006-40fa-a3e5-89e1b8755dd8@group-63277F840B8D-LeaderElection91] INFO  impl.LeaderElection (LeaderElection.java:logAndReturn(56)) - ecf3d7c5-d006-40fa-a3e5-89e1b8755dd8@group-63277F840B8D-LeaderElection91: Election REJECTED; received 2 response(s) [ecf3d7c5-d006-40fa-a3e5-89e1b8755dd8<-7d5485eb-98a2-417e-8893-a021e5c10a65#0:FAIL-t1, ecf3d7c5-d006-40fa-a3e5-89e1b8755dd8<-ed754b3d-dc69-4cc3-9634-7e4a70f3318e#0:FAIL-t1] and 0 exception(s); ecf3d7c5-d006-40fa-a3e5-89e1b8755dd8@group-63277F840B8D:t1, leader=null, voted=ecf3d7c5-d006-40fa-a3e5-89e1b8755dd8, raftlog=ecf3d7c5-d006-40fa-a3e5-89e1b8755dd8@group-63277F840B8D-SegmentedRaftLog:OPENED:c-1,f-1,i0, conf=-1: [ecf3d7c5-d006-40fa-a3e5-89e1b8755dd8:192.168.151.118:33252, 7d5485eb-98a2-417e-8893-a021e5c10a65:192.168.151.118:35827, ed754b3d-dc69-4cc3-9634-7e4a70f3318e:192.168.151.118:45052], old=null
2019-10-14 10:25:43,080 [grpc-default-executor-8] INFO  impl.RaftServerImpl (ServerState.java:setLeader(255)) - 7d5485eb-98a2-417e-8893-a021e5c10a65@group-63277F840B8D: change Leader from null to ed754b3d-dc69-4cc3-9634-7e4a70f3318e at term 1 for appendEntries, leader elected after 5113ms
2019-10-14 10:25:43,081 [grpc-default-executor-3] INFO  impl.RoleInfo (RoleInfo.java:shutdownLeaderElection(134)) - ecf3d7c5-d006-40fa-a3e5-89e1b8755dd8: shutdown LeaderElection
2019-10-14 10:25:43,089 [ed754b3d-dc69-4cc3-9634-7e4a70f3318e@group-63277F840B8D-SegmentedRaftLogWorker] INFO  segmented.SegmentedRaftLogWorker (SegmentedRaftLogWorker.java:execute(574)) - ed754b3d-dc69-4cc3-9634-7e4a70f3318e@group-63277F840B8D-SegmentedRaftLogWorker: created new log segment /workdir/hadoop-ozone/integration-test/target/test-dir/MiniOzoneClusterImpl-47ff539e-8602-4655-a791-f768753789ad/datanode-4/data/ratis/32cef0ea-84c8-4027-9f2d-63277f840b8d/current/log_inprogress_0
2019-10-14 10:25:43,091 [grpc-default-executor-3] INFO  impl.RoleInfo (RoleInfo.java:updateAndGet(143)) - ecf3d7c5-d006-40fa-a3e5-89e1b8755dd8: start FollowerState
2019-10-14 10:25:43,091 [grpc-default-executor-3] INFO  impl.RaftServerImpl (ServerState.java:setLeader(255)) - ecf3d7c5-d006-40fa-a3e5-89e1b8755dd8@group-63277F840B8D: change Leader from null to ed754b3d-dc69-4cc3-9634-7e4a70f3318e at term 1 for appendEntries, leader elected after 5125ms
2019-10-14 10:25:43,093 [grpc-default-executor-3] INFO  impl.RaftServerImpl (ServerState.java:setRaftConf(356)) - ecf3d7c5-d006-40fa-a3e5-89e1b8755dd8@group-63277F840B8D: set configuration 0: [ecf3d7c5-d006-40fa-a3e5-89e1b8755dd8:192.168.151.118:33252, 7d5485eb-98a2-417e-8893-a021e5c10a65:192.168.151.118:35827, ed754b3d-dc69-4cc3-9634-7e4a70f3318e:192.168.151.118:45052], old=null at 0
2019-10-14 10:25:43,093 [grpc-default-executor-8] INFO  impl.RaftServerImpl (ServerState.java:setRaftConf(356)) - 7d5485eb-98a2-417e-8893-a021e5c10a65@group-63277F840B8D: set configuration 0: [ecf3d7c5-d006-40fa-a3e5-89e1b8755dd8:192.168.151.118:33252, 7d5485eb-98a2-417e-8893-a021e5c10a65:192.168.151.118:35827, ed754b3d-dc69-4cc3-9634-7e4a70f3318e:192.168.151.118:45052], old=null at 0
2019-10-14 10:25:43,093 [grpc-default-executor-3] INFO  segmented.SegmentedRaftLogWorker (SegmentedRaftLogWorker.java:startLogSegment(385)) - ecf3d7c5-d006-40fa-a3e5-89e1b8755dd8@group-63277F840B8D-SegmentedRaftLogWorker: Starting segment from index:0
2019-10-14 10:25:43,093 [grpc-default-executor-8] INFO  segmented.SegmentedRaftLogWorker (SegmentedRaftLogWorker.java:startLogSegment(385)) - 7d5485eb-98a2-417e-8893-a021e5c10a65@group-63277F840B8D-SegmentedRaftLogWorker: Starting segment from index:0
2019-10-14 10:25:43,103 [Thread-3557] INFO  impl.FollowerState (FollowerState.java:run(108)) - f9d94a56-3fa0-438a-8a56-ab8ac89c506c@group-457AECC02AF0-FollowerState: change to CANDIDATE, lastRpcTime:5035ms, electionTimeout:5035ms
2019-10-14 10:25:43,103 [Thread-3557] INFO  impl.RoleInfo (RoleInfo.java:shutdownFollowerState(121)) - f9d94a56-3fa0-438a-8a56-ab8ac89c506c: shutdown FollowerState
2019-10-14 10:25:43,104 [Thread-3557] INFO  impl.RaftServerImpl (RaftServerImpl.java:setRole(170)) - f9d94a56-3fa0-438a-8a56-ab8ac89c506c@group-457AECC02AF0: changes role from  FOLLOWER to CANDIDATE at term 0 for changeToCandidate
2019-10-14 10:25:43,104 [Thread-3557] INFO  impl.RoleInfo (RoleInfo.java:updateAndGet(143)) - f9d94a56-3fa0-438a-8a56-ab8ac89c506c: start LeaderElection
2019-10-14 10:25:43,144 [ecf3d7c5-d006-40fa-a3e5-89e1b8755dd8@group-63277F840B8D-SegmentedRaftLogWorker] INFO  segmented.SegmentedRaftLogWorker (SegmentedRaftLogWorker.java:execute(574)) - ecf3d7c5-d006-40fa-a3e5-89e1b8755dd8@group-63277F840B8D-SegmentedRaftLogWorker: created new log segment /workdir/hadoop-ozone/integration-test/target/test-dir/MiniOzoneClusterImpl-47ff539e-8602-4655-a791-f768753789ad/datanode-3/data/ratis/32cef0ea-84c8-4027-9f2d-63277f840b8d/current/log_inprogress_0
2019-10-14 10:25:43,144 [7d5485eb-98a2-417e-8893-a021e5c10a65@group-63277F840B8D-SegmentedRaftLogWorker] INFO  segmented.SegmentedRaftLogWorker (SegmentedRaftLogWorker.java:execute(574)) - 7d5485eb-98a2-417e-8893-a021e5c10a65@group-63277F840B8D-SegmentedRaftLogWorker: created new log segment /workdir/hadoop-ozone/integration-test/target/test-dir/MiniOzoneClusterImpl-47ff539e-8602-4655-a791-f768753789ad/datanode-0/data/ratis/32cef0ea-84c8-4027-9f2d-63277f840b8d/current/log_inprogress_0
2019-10-14 10:25:43,144 [f9d94a56-3fa0-438a-8a56-ab8ac89c506c@group-457AECC02AF0-LeaderElection92] INFO  impl.LeaderElection (LeaderElection.java:askForVotes(178)) - f9d94a56-3fa0-438a-8a56-ab8ac89c506c@group-457AECC02AF0-LeaderElection92: begin an election at term 1 for -1: [f9d94a56-3fa0-438a-8a56-ab8ac89c506c:192.168.151.118:39998, f5ac7400-e094-47f8-9db6-ca035a1b2b73:192.168.151.118:32856, da1611dd-f331-4f41-9503-72cb73569654:192.168.151.118:43263], old=null
2019-10-14 10:25:43,152 [grpc-default-executor-3] INFO  impl.RaftServerImpl (RaftServerImpl.java:setRole(170)) - f5ac7400-e094-47f8-9db6-ca035a1b2b73@group-457AECC02AF0: changes role from  FOLLOWER to FOLLOWER at term 1 for recognizeCandidate:f9d94a56-3fa0-438a-8a56-ab8ac89c506c
2019-10-14 10:25:43,152 [grpc-default-executor-3] INFO  impl.RoleInfo (RoleInfo.java:shutdownFollowerState(121)) - f5ac7400-e094-47f8-9db6-ca035a1b2b73: shutdown FollowerState
2019-10-14 10:25:43,152 [Thread-3558] INFO  impl.FollowerState (FollowerState.java:run(117)) - f5ac7400-e094-47f8-9db6-ca035a1b2b73@group-457AECC02AF0-FollowerState was interrupted: java.lang.InterruptedException: sleep interrupted
2019-10-14 10:25:43,152 [grpc-default-executor-3] INFO  impl.RoleInfo (RoleInfo.java:updateAndGet(143)) - f5ac7400-e094-47f8-9db6-ca035a1b2b73: start FollowerState
2019-10-14 10:25:43,155 [grpc-default-executor-9] INFO  impl.RaftServerImpl (RaftServerImpl.java:setRole(170)) - da1611dd-f331-4f41-9503-72cb73569654@group-457AECC02AF0: changes role from  FOLLOWER to FOLLOWER at term 1 for recognizeCandidate:f9d94a56-3fa0-438a-8a56-ab8ac89c506c
2019-10-14 10:25:43,157 [grpc-default-executor-9] INFO  impl.RoleInfo (RoleInfo.java:shutdownFollowerState(121)) - da1611dd-f331-4f41-9503-72cb73569654: shutdown FollowerState
2019-10-14 10:25:43,157 [grpc-default-executor-9] INFO  impl.RoleInfo (RoleInfo.java:updateAndGet(143)) - da1611dd-f331-4f41-9503-72cb73569654: start FollowerState
2019-10-14 10:25:43,157 [Thread-3559] INFO  impl.FollowerState (FollowerState.java:run(117)) - da1611dd-f331-4f41-9503-72cb73569654@group-457AECC02AF0-FollowerState was interrupted: java.lang.InterruptedException: sleep interrupted
2019-10-14 10:25:43,179 [Thread-3566] INFO  impl.FollowerState (FollowerState.java:run(108)) - da1611dd-f331-4f41-9503-72cb73569654@group-166968B62927-FollowerState: change to CANDIDATE, lastRpcTime:5054ms, electionTimeout:5054ms
2019-10-14 10:25:43,179 [Thread-3566] INFO  impl.RoleInfo (RoleInfo.java:shutdownFollowerState(121)) - da1611dd-f331-4f41-9503-72cb73569654: shutdown FollowerState
2019-10-14 10:25:43,179 [Thread-3566] INFO  impl.RaftServerImpl (RaftServerImpl.java:setRole(170)) - da1611dd-f331-4f41-9503-72cb73569654@group-166968B62927: changes role from  FOLLOWER to CANDIDATE at term 0 for changeToCandidate
2019-10-14 10:25:43,179 [Thread-3566] INFO  impl.RoleInfo (RoleInfo.java:updateAndGet(143)) - da1611dd-f331-4f41-9503-72cb73569654: start LeaderElection
2019-10-14 10:25:43,184 [f9d94a56-3fa0-438a-8a56-ab8ac89c506c@group-457AECC02AF0-LeaderElection92] INFO  impl.LeaderElection (LeaderElection.java:logAndReturn(56)) - f9d94a56-3fa0-438a-8a56-ab8ac89c506c@group-457AECC02AF0-LeaderElection92: Election PASSED; received 1 response(s) [f9d94a56-3fa0-438a-8a56-ab8ac89c506c<-da1611dd-f331-4f41-9503-72cb73569654#0:OK-t1] and 0 exception(s); f9d94a56-3fa0-438a-8a56-ab8ac89c506c@group-457AECC02AF0:t1, leader=null, voted=f9d94a56-3fa0-438a-8a56-ab8ac89c506c, raftlog=f9d94a56-3fa0-438a-8a56-ab8ac89c506c@group-457AECC02AF0-SegmentedRaftLog:OPENED:c-1,f-1,i0, conf=-1: [f9d94a56-3fa0-438a-8a56-ab8ac89c506c:192.168.151.118:39998, f5ac7400-e094-47f8-9db6-ca035a1b2b73:192.168.151.118:32856, da1611dd-f331-4f41-9503-72cb73569654:192.168.151.118:43263], old=null
2019-10-14 10:25:43,185 [f9d94a56-3fa0-438a-8a56-ab8ac89c506c@group-457AECC02AF0-LeaderElection92] INFO  impl.RoleInfo (RoleInfo.java:shutdownLeaderElection(134)) - f9d94a56-3fa0-438a-8a56-ab8ac89c506c: shutdown LeaderElection
2019-10-14 10:25:43,185 [f9d94a56-3fa0-438a-8a56-ab8ac89c506c@group-457AECC02AF0-LeaderElection92] INFO  impl.RaftServerImpl (RaftServerImpl.java:setRole(170)) - f9d94a56-3fa0-438a-8a56-ab8ac89c506c@group-457AECC02AF0: changes role from CANDIDATE to LEADER at term 1 for changeToLeader
2019-10-14 10:25:43,185 [f9d94a56-3fa0-438a-8a56-ab8ac89c506c@group-457AECC02AF0-LeaderElection92] INFO  impl.RaftServerImpl (ServerState.java:setLeader(255)) - f9d94a56-3fa0-438a-8a56-ab8ac89c506c@group-457AECC02AF0: change Leader from null to f9d94a56-3fa0-438a-8a56-ab8ac89c506c at term 1 for becomeLeader, leader elected after 5125ms
2019-10-14 10:25:43,185 [f9d94a56-3fa0-438a-8a56-ab8ac89c506c@group-457AECC02AF0-LeaderElection92] INFO  server.RaftServerConfigKeys (ConfUtils.java:logGet(43)) - raft.server.staging.catchup.gap = 1000 (default)
2019-10-14 10:25:43,185 [f9d94a56-3fa0-438a-8a56-ab8ac89c506c@group-457AECC02AF0-LeaderElection92] INFO  server.RaftServerConfigKeys (ConfUtils.java:logGet(43)) - raft.server.rpc.sleep.time = 25ms (default)
2019-10-14 10:25:43,185 [f9d94a56-3fa0-438a-8a56-ab8ac89c506c@group-457AECC02AF0-LeaderElection92] INFO  server.RaftServerConfigKeys (ConfUtils.java:logGet(43)) - raft.server.write.element-limit = 4096 (default)
2019-10-14 10:25:43,185 [f9d94a56-3fa0-438a-8a56-ab8ac89c506c@group-457AECC02AF0-LeaderElection92] INFO  server.RaftServerConfigKeys (ConfUtils.java:logGet(43)) - raft.server.watch.timeout = 10s (default)
2019-10-14 10:25:43,186 [f9d94a56-3fa0-438a-8a56-ab8ac89c506c@group-457AECC02AF0-LeaderElection92] INFO  server.RaftServerConfigKeys (ConfUtils.java:logGet(43)) - raft.server.watch.timeout.denomination = 1s (default)
2019-10-14 10:25:43,186 [f9d94a56-3fa0-438a-8a56-ab8ac89c506c@group-457AECC02AF0-LeaderElection92] INFO  server.RaftServerConfigKeys (ConfUtils.java:logGet(43)) - raft.server.watch.element-limit = 65536 (default)
2019-10-14 10:25:43,187 [f9d94a56-3fa0-438a-8a56-ab8ac89c506c@group-457AECC02AF0-LeaderElection92] INFO  server.RaftServerConfigKeys (ConfUtils.java:logGet(43)) - raft.server.log.appender.snapshot.chunk.size.max = 16MB (=16777216) (default)
2019-10-14 10:25:43,188 [f9d94a56-3fa0-438a-8a56-ab8ac89c506c@group-457AECC02AF0-LeaderElection92] INFO  server.RaftServerConfigKeys (ConfUtils.java:logGet(43)) - raft.server.log.appender.buffer.byte-limit = 33554432 (custom)
2019-10-14 10:25:43,188 [f9d94a56-3fa0-438a-8a56-ab8ac89c506c@group-457AECC02AF0-LeaderElection92] INFO  server.RaftServerConfigKeys (ConfUtils.java:logGet(43)) - raft.server.log.appender.buffer.element-limit = 1 (custom)
2019-10-14 10:25:43,188 [f9d94a56-3fa0-438a-8a56-ab8ac89c506c@group-457AECC02AF0-LeaderElection92] INFO  grpc.GrpcConfigKeys$Server (ConfUtils.java:logGet(43)) - raft.grpc.server.leader.outstanding.appends.max = 128 (default)
2019-10-14 10:25:43,188 [f9d94a56-3fa0-438a-8a56-ab8ac89c506c@group-457AECC02AF0-LeaderElection92] INFO  server.RaftServerConfigKeys (ConfUtils.java:logGet(43)) - raft.server.rpc.request.timeout = 3000ms (default)
2019-10-14 10:25:43,188 [f9d94a56-3fa0-438a-8a56-ab8ac89c506c@group-457AECC02AF0-LeaderElection92] INFO  server.RaftServerConfigKeys (ConfUtils.java:logGet(43)) - raft.server.log.appender.install.snapshot.enabled = false (custom)
2019-10-14 10:25:43,188 [f9d94a56-3fa0-438a-8a56-ab8ac89c506c@group-457AECC02AF0-LeaderElection92] INFO  server.RaftServerConfigKeys (ConfUtils.java:logGet(43)) - raft.server.log.appender.snapshot.chunk.size.max = 16MB (=16777216) (default)
2019-10-14 10:25:43,189 [f9d94a56-3fa0-438a-8a56-ab8ac89c506c@group-457AECC02AF0-LeaderElection92] INFO  server.RaftServerConfigKeys (ConfUtils.java:logGet(43)) - raft.server.log.appender.buffer.byte-limit = 33554432 (custom)
2019-10-14 10:25:43,189 [f9d94a56-3fa0-438a-8a56-ab8ac89c506c@group-457AECC02AF0-LeaderElection92] INFO  server.RaftServerConfigKeys (ConfUtils.java:logGet(43)) - raft.server.log.appender.buffer.element-limit = 1 (custom)
2019-10-14 10:25:43,189 [f9d94a56-3fa0-438a-8a56-ab8ac89c506c@group-457AECC02AF0-LeaderElection92] INFO  grpc.GrpcConfigKeys$Server (ConfUtils.java:logGet(43)) - raft.grpc.server.leader.outstanding.appends.max = 128 (default)
2019-10-14 10:25:43,189 [f9d94a56-3fa0-438a-8a56-ab8ac89c506c@group-457AECC02AF0-LeaderElection92] INFO  server.RaftServerConfigKeys (ConfUtils.java:logGet(43)) - raft.server.rpc.request.timeout = 3000ms (default)
2019-10-14 10:25:43,189 [f9d94a56-3fa0-438a-8a56-ab8ac89c506c@group-457AECC02AF0-LeaderElection92] INFO  server.RaftServerConfigKeys (ConfUtils.java:logGet(43)) - raft.server.log.appender.install.snapshot.enabled = false (custom)
2019-10-14 10:25:43,189 [f9d94a56-3fa0-438a-8a56-ab8ac89c506c@group-457AECC02AF0-LeaderElection92] INFO  impl.RoleInfo (RoleInfo.java:updateAndGet(143)) - f9d94a56-3fa0-438a-8a56-ab8ac89c506c: start LeaderState
2019-10-14 10:25:43,190 [f9d94a56-3fa0-438a-8a56-ab8ac89c506c@group-457AECC02AF0-LeaderElection92] INFO  segmented.SegmentedRaftLogWorker (SegmentedRaftLogWorker.java:startLogSegment(385)) - f9d94a56-3fa0-438a-8a56-ab8ac89c506c@group-457AECC02AF0-SegmentedRaftLogWorker: Starting segment from index:0
2019-10-14 10:25:43,190 [f9d94a56-3fa0-438a-8a56-ab8ac89c506c@group-457AECC02AF0-LeaderElection92] INFO  impl.RaftServerImpl (ServerState.java:setRaftConf(356)) - f9d94a56-3fa0-438a-8a56-ab8ac89c506c@group-457AECC02AF0: set configuration 0: [f9d94a56-3fa0-438a-8a56-ab8ac89c506c:192.168.151.118:39998, f5ac7400-e094-47f8-9db6-ca035a1b2b73:192.168.151.118:32856, da1611dd-f331-4f41-9503-72cb73569654:192.168.151.118:43263], old=null at 0
2019-10-14 10:25:43,215 [grpc-default-executor-9] INFO  impl.RaftServerImpl (ServerState.java:setLeader(255)) - f5ac7400-e094-47f8-9db6-ca035a1b2b73@group-457AECC02AF0: change Leader from null to f9d94a56-3fa0-438a-8a56-ab8ac89c506c at term 1 for appendEntries, leader elected after 5155ms
2019-10-14 10:25:43,218 [grpc-default-executor-9] INFO  impl.RaftServerImpl (ServerState.java:setLeader(255)) - da1611dd-f331-4f41-9503-72cb73569654@group-457AECC02AF0: change Leader from null to f9d94a56-3fa0-438a-8a56-ab8ac89c506c at term 1 for appendEntries, leader elected after 5158ms
2019-10-14 10:25:43,220 [da1611dd-f331-4f41-9503-72cb73569654@group-166968B62927-LeaderElection93] INFO  impl.LeaderElection (LeaderElection.java:askForVotes(178)) - da1611dd-f331-4f41-9503-72cb73569654@group-166968B62927-LeaderElection93: begin an election at term 1 for -1: [da1611dd-f331-4f41-9503-72cb73569654:192.168.151.118:43263], old=null
2019-10-14 10:25:43,220 [da1611dd-f331-4f41-9503-72cb73569654@group-166968B62927-LeaderElection93] INFO  impl.RoleInfo (RoleInfo.java:shutdownLeaderElection(134)) - da1611dd-f331-4f41-9503-72cb73569654: shutdown LeaderElection
2019-10-14 10:25:43,220 [da1611dd-f331-4f41-9503-72cb73569654@group-166968B62927-LeaderElection93] INFO  impl.RaftServerImpl (RaftServerImpl.java:setRole(170)) - da1611dd-f331-4f41-9503-72cb73569654@group-166968B62927: changes role from CANDIDATE to LEADER at term 1 for changeToLeader
2019-10-14 10:25:43,220 [da1611dd-f331-4f41-9503-72cb73569654@group-166968B62927-LeaderElection93] INFO  impl.RaftServerImpl (ServerState.java:setLeader(255)) - da1611dd-f331-4f41-9503-72cb73569654@group-166968B62927: change Leader from null to da1611dd-f331-4f41-9503-72cb73569654 at term 1 for becomeLeader, leader elected after 5102ms
2019-10-14 10:25:43,220 [grpc-default-executor-3] INFO  impl.RaftServerImpl (ServerState.java:setRaftConf(356)) - f5ac7400-e094-47f8-9db6-ca035a1b2b73@group-457AECC02AF0: set configuration 0: [f9d94a56-3fa0-438a-8a56-ab8ac89c506c:192.168.151.118:39998, f5ac7400-e094-47f8-9db6-ca035a1b2b73:192.168.151.118:32856, da1611dd-f331-4f41-9503-72cb73569654:192.168.151.118:43263], old=null at 0
2019-10-14 10:25:43,220 [da1611dd-f331-4f41-9503-72cb73569654@group-166968B62927-LeaderElection93] INFO  server.RaftServerConfigKeys (ConfUtils.java:logGet(43)) - raft.server.staging.catchup.gap = 1000 (default)
2019-10-14 10:25:43,221 [grpc-default-executor-3] INFO  segmented.SegmentedRaftLogWorker (SegmentedRaftLogWorker.java:startLogSegment(385)) - f5ac7400-e094-47f8-9db6-ca035a1b2b73@group-457AECC02AF0-SegmentedRaftLogWorker: Starting segment from index:0
2019-10-14 10:25:43,221 [grpc-default-executor-9] INFO  impl.RaftServerImpl (ServerState.java:setRaftConf(356)) - da1611dd-f331-4f41-9503-72cb73569654@group-457AECC02AF0: set configuration 0: [f9d94a56-3fa0-438a-8a56-ab8ac89c506c:192.168.151.118:39998, f5ac7400-e094-47f8-9db6-ca035a1b2b73:192.168.151.118:32856, da1611dd-f331-4f41-9503-72cb73569654:192.168.151.118:43263], old=null at 0
2019-10-14 10:25:43,221 [da1611dd-f331-4f41-9503-72cb73569654@group-166968B62927-LeaderElection93] INFO  server.RaftServerConfigKeys (ConfUtils.java:logGet(43)) - raft.server.rpc.sleep.time = 25ms (default)
2019-10-14 10:25:43,221 [grpc-default-executor-9] INFO  segmented.SegmentedRaftLogWorker (SegmentedRaftLogWorker.java:startLogSegment(385)) - da1611dd-f331-4f41-9503-72cb73569654@group-457AECC02AF0-SegmentedRaftLogWorker: Starting segment from index:0
2019-10-14 10:25:43,221 [da1611dd-f331-4f41-9503-72cb73569654@group-166968B62927-LeaderElection93] INFO  server.RaftServerConfigKeys (ConfUtils.java:logGet(43)) - raft.server.write.element-limit = 4096 (default)
2019-10-14 10:25:43,221 [da1611dd-f331-4f41-9503-72cb73569654@group-166968B62927-LeaderElection93] INFO  server.RaftServerConfigKeys (ConfUtils.java:logGet(43)) - raft.server.watch.timeout = 10s (default)
2019-10-14 10:25:43,222 [da1611dd-f331-4f41-9503-72cb73569654@group-166968B62927-LeaderElection93] INFO  server.RaftServerConfigKeys (ConfUtils.java:logGet(43)) - raft.server.watch.timeout.denomination = 1s (default)
2019-10-14 10:25:43,222 [da1611dd-f331-4f41-9503-72cb73569654@group-166968B62927-LeaderElection93] INFO  server.RaftServerConfigKeys (ConfUtils.java:logGet(43)) - raft.server.watch.element-limit = 65536 (default)
2019-10-14 10:25:43,255 [f9d94a56-3fa0-438a-8a56-ab8ac89c506c@group-457AECC02AF0-SegmentedRaftLogWorker] INFO  segmented.SegmentedRaftLogWorker (SegmentedRaftLogWorker.java:execute(574)) - f9d94a56-3fa0-438a-8a56-ab8ac89c506c@group-457AECC02AF0-SegmentedRaftLogWorker: created new log segment /workdir/hadoop-ozone/integration-test/target/test-dir/MiniOzoneClusterImpl-47ff539e-8602-4655-a791-f768753789ad/datanode-2/data/ratis/9b985b8d-fd71-48ef-ae69-457aecc02af0/current/log_inprogress_0
2019-10-14 10:25:43,255 [Thread-3569] INFO  impl.FollowerState (FollowerState.java:run(108)) - 92f62135-9987-4782-b20c-15a380a16cff@group-65D4DAA02D60-FollowerState: change to CANDIDATE, lastRpcTime:5058ms, electionTimeout:5035ms
2019-10-14 10:25:43,255 [Thread-3569] INFO  impl.RoleInfo (RoleInfo.java:shutdownFollowerState(121)) - 92f62135-9987-4782-b20c-15a380a16cff: shutdown FollowerState
2019-10-14 10:25:43,255 [Thread-3569] INFO  impl.RaftServerImpl (RaftServerImpl.java:setRole(170)) - 92f62135-9987-4782-b20c-15a380a16cff@group-65D4DAA02D60: changes role from  FOLLOWER to CANDIDATE at term 0 for changeToCandidate
2019-10-14 10:25:43,256 [Thread-3569] INFO  impl.RoleInfo (RoleInfo.java:updateAndGet(143)) - 92f62135-9987-4782-b20c-15a380a16cff: start LeaderElection
2019-10-14 10:25:43,260 [da1611dd-f331-4f41-9503-72cb73569654@group-166968B62927-LeaderElection93] INFO  impl.RoleInfo (RoleInfo.java:updateAndGet(143)) - da1611dd-f331-4f41-9503-72cb73569654: start LeaderState
2019-10-14 10:25:43,260 [da1611dd-f331-4f41-9503-72cb73569654@group-166968B62927-LeaderElection93] INFO  segmented.SegmentedRaftLogWorker (SegmentedRaftLogWorker.java:startLogSegment(385)) - da1611dd-f331-4f41-9503-72cb73569654@group-166968B62927-SegmentedRaftLogWorker: Starting segment from index:0
2019-10-14 10:25:43,260 [da1611dd-f331-4f41-9503-72cb73569654@group-166968B62927-LeaderElection93] INFO  impl.RaftServerImpl (ServerState.java:setRaftConf(356)) - da1611dd-f331-4f41-9503-72cb73569654@group-166968B62927: set configuration 0: [da1611dd-f331-4f41-9503-72cb73569654:192.168.151.118:43263], old=null at 0
2019-10-14 10:25:43,261 [da1611dd-f331-4f41-9503-72cb73569654@group-457AECC02AF0-SegmentedRaftLogWorker] INFO  segmented.SegmentedRaftLogWorker (SegmentedRaftLogWorker.java:execute(574)) - da1611dd-f331-4f41-9503-72cb73569654@group-457AECC02AF0-SegmentedRaftLogWorker: created new log segment /workdir/hadoop-ozone/integration-test/target/test-dir/MiniOzoneClusterImpl-47ff539e-8602-4655-a791-f768753789ad/datanode-5/data/ratis/9b985b8d-fd71-48ef-ae69-457aecc02af0/current/log_inprogress_0
2019-10-14 10:25:43,261 [f5ac7400-e094-47f8-9db6-ca035a1b2b73@group-457AECC02AF0-SegmentedRaftLogWorker] INFO  segmented.SegmentedRaftLogWorker (SegmentedRaftLogWorker.java:execute(574)) - f5ac7400-e094-47f8-9db6-ca035a1b2b73@group-457AECC02AF0-SegmentedRaftLogWorker: created new log segment /workdir/hadoop-ozone/integration-test/target/test-dir/MiniOzoneClusterImpl-47ff539e-8602-4655-a791-f768753789ad/datanode-1/data/ratis/9b985b8d-fd71-48ef-ae69-457aecc02af0/current/log_inprogress_0
2019-10-14 10:25:43,276 [92f62135-9987-4782-b20c-15a380a16cff@group-65D4DAA02D60-LeaderElection94] INFO  impl.LeaderElection (LeaderElection.java:askForVotes(178)) - 92f62135-9987-4782-b20c-15a380a16cff@group-65D4DAA02D60-LeaderElection94: begin an election at term 1 for -1: [92f62135-9987-4782-b20c-15a380a16cff:192.168.151.118:45519], old=null
2019-10-14 10:25:43,276 [92f62135-9987-4782-b20c-15a380a16cff@group-65D4DAA02D60-LeaderElection94] INFO  impl.RoleInfo (RoleInfo.java:shutdownLeaderElection(134)) - 92f62135-9987-4782-b20c-15a380a16cff: shutdown LeaderElection
2019-10-14 10:25:43,276 [92f62135-9987-4782-b20c-15a380a16cff@group-65D4DAA02D60-LeaderElection94] INFO  impl.RaftServerImpl (RaftServerImpl.java:setRole(170)) - 92f62135-9987-4782-b20c-15a380a16cff@group-65D4DAA02D60: changes role from CANDIDATE to LEADER at term 1 for changeToLeader
2019-10-14 10:25:43,276 [92f62135-9987-4782-b20c-15a380a16cff@group-65D4DAA02D60-LeaderElection94] INFO  impl.RaftServerImpl (ServerState.java:setLeader(255)) - 92f62135-9987-4782-b20c-15a380a16cff@group-65D4DAA02D60: change Leader from null to 92f62135-9987-4782-b20c-15a380a16cff at term 1 for becomeLeader, leader elected after 5084ms
2019-10-14 10:25:43,276 [92f62135-9987-4782-b20c-15a380a16cff@group-65D4DAA02D60-LeaderElection94] INFO  server.RaftServerConfigKeys (ConfUtils.java:logGet(43)) - raft.server.staging.catchup.gap = 1000 (default)
2019-10-14 10:25:43,277 [92f62135-9987-4782-b20c-15a380a16cff@group-65D4DAA02D60-LeaderElection94] INFO  server.RaftServerConfigKeys (ConfUtils.java:logGet(43)) - raft.server.rpc.sleep.time = 25ms (default)
2019-10-14 10:25:43,277 [92f62135-9987-4782-b20c-15a380a16cff@group-65D4DAA02D60-LeaderElection94] INFO  server.RaftServerConfigKeys (ConfUtils.java:logGet(43)) - raft.server.write.element-limit = 4096 (default)
2019-10-14 10:25:43,277 [92f62135-9987-4782-b20c-15a380a16cff@group-65D4DAA02D60-LeaderElection94] INFO  server.RaftServerConfigKeys (ConfUtils.java:logGet(43)) - raft.server.watch.timeout = 10s (default)
2019-10-14 10:25:43,277 [92f62135-9987-4782-b20c-15a380a16cff@group-65D4DAA02D60-LeaderElection94] INFO  server.RaftServerConfigKeys (ConfUtils.java:logGet(43)) - raft.server.watch.timeout.denomination = 1s (default)
2019-10-14 10:25:43,277 [92f62135-9987-4782-b20c-15a380a16cff@group-65D4DAA02D60-LeaderElection94] INFO  server.RaftServerConfigKeys (ConfUtils.java:logGet(43)) - raft.server.watch.element-limit = 65536 (default)
2019-10-14 10:25:43,280 [92f62135-9987-4782-b20c-15a380a16cff@group-65D4DAA02D60-LeaderElection94] INFO  impl.RoleInfo (RoleInfo.java:updateAndGet(143)) - 92f62135-9987-4782-b20c-15a380a16cff: start LeaderState
2019-10-14 10:25:43,280 [92f62135-9987-4782-b20c-15a380a16cff@group-65D4DAA02D60-LeaderElection94] INFO  segmented.SegmentedRaftLogWorker (SegmentedRaftLogWorker.java:startLogSegment(385)) - 92f62135-9987-4782-b20c-15a380a16cff@group-65D4DAA02D60-SegmentedRaftLogWorker: Starting segment from index:0
2019-10-14 10:25:43,281 [92f62135-9987-4782-b20c-15a380a16cff@group-65D4DAA02D60-LeaderElection94] INFO  impl.RaftServerImpl (ServerState.java:setRaftConf(356)) - 92f62135-9987-4782-b20c-15a380a16cff@group-65D4DAA02D60: set configuration 0: [92f62135-9987-4782-b20c-15a380a16cff:192.168.151.118:45519], old=null at 0
2019-10-14 10:25:43,298 [da1611dd-f331-4f41-9503-72cb73569654@group-166968B62927-SegmentedRaftLogWorker] INFO  segmented.SegmentedRaftLogWorker (SegmentedRaftLogWorker.java:execute(574)) - da1611dd-f331-4f41-9503-72cb73569654@group-166968B62927-SegmentedRaftLogWorker: created new log segment /workdir/hadoop-ozone/integration-test/target/test-dir/MiniOzoneClusterImpl-47ff539e-8602-4655-a791-f768753789ad/datanode-5/data/ratis/27f5feec-0ad2-408c-9b2d-166968b62927/current/log_inprogress_0
2019-10-14 10:25:43,322 [92f62135-9987-4782-b20c-15a380a16cff@group-65D4DAA02D60-SegmentedRaftLogWorker] INFO  segmented.SegmentedRaftLogWorker (SegmentedRaftLogWorker.java:execute(574)) - 92f62135-9987-4782-b20c-15a380a16cff@group-65D4DAA02D60-SegmentedRaftLogWorker: created new log segment /workdir/hadoop-ozone/integration-test/target/test-dir/MiniOzoneClusterImpl-47ff539e-8602-4655-a791-f768753789ad/datanode-6/data/ratis/8739f146-50a2-4ed4-9860-65d4daa02d60/current/log_inprogress_0
2019-10-14 10:25:43,399 [EventQueue-CloseContainerForCloseContainerEventHandler] INFO  container.CloseContainerEventHandler (CloseContainerEventHandler.java:onMessage(61)) - Close container Event triggered for container : #1
2019-10-14 10:25:43,399 [EventQueue-CloseContainerForCloseContainerEventHandler] INFO  container.CloseContainerEventHandler (CloseContainerEventHandler.java:onMessage(61)) - Close container Event triggered for container : #1
2019-10-14 10:25:43,399 [EventQueue-CloseContainerForCloseContainerEventHandler] INFO  container.CloseContainerEventHandler (CloseContainerEventHandler.java:onMessage(61)) - Close container Event triggered for container : #1
2019-10-14 10:25:44,913 [RatisApplyTransactionExecutor 1] INFO  interfaces.Container (KeyValueContainer.java:flushAndSyncDB(386)) - Container 1 is synced with bcsId 4.
2019-10-14 10:25:44,913 [RatisApplyTransactionExecutor 1] INFO  interfaces.Container (KeyValueContainer.java:flushAndSyncDB(386)) - Container 1 is synced with bcsId 4.
2019-10-14 10:25:44,913 [RatisApplyTransactionExecutor 1] INFO  interfaces.Container (KeyValueContainer.java:flushAndSyncDB(386)) - Container 1 is synced with bcsId 4.
2019-10-14 10:25:44,914 [RatisApplyTransactionExecutor 1] INFO  interfaces.Container (KeyValueContainer.java:flushAndSyncDB(386)) - Container 1 is synced with bcsId 4.
2019-10-14 10:25:44,914 [RatisApplyTransactionExecutor 1] INFO  interfaces.Container (KeyValueContainer.java:flushAndSyncDB(386)) - Container 1 is synced with bcsId 4.
2019-10-14 10:25:44,914 [RatisApplyTransactionExecutor 1] INFO  interfaces.Container (KeyValueContainer.java:flushAndSyncDB(386)) - Container 1 is synced with bcsId 4.
2019-10-14 10:25:44,940 [RatisApplyTransactionExecutor 1] INFO  interfaces.Container (KeyValueContainer.java:close(335)) - Container 1 is closed with bcsId 4.
2019-10-14 10:25:44,940 [RatisApplyTransactionExecutor 1] INFO  interfaces.Container (KeyValueContainer.java:close(335)) - Container 1 is closed with bcsId 4.
2019-10-14 10:25:44,940 [RatisApplyTransactionExecutor 1] INFO  interfaces.Container (KeyValueContainer.java:close(335)) - Container 1 is closed with bcsId 4.
2019-10-14 10:25:44,941 [EventQueue-IncrementalContainerReportForIncrementalContainerReportHandler] INFO  container.IncrementalContainerReportHandler (AbstractContainerReportHandler.java:updateContainerState(178)) - Moving container #1 to CLOSED state, datanode 7d5485eb-98a2-417e-8893-a021e5c10a65{ip: 192.168.151.118, host: pr-hdds-2296-8rkbz-2376872687, networkLocation: /default-rack, certSerialId: null} reported CLOSED replica.
10:25:45.404 [grpc-default-executor-6] ERROR DNAudit - user=null | ip=null | op=WRITE_CHUNK {blockData=conID: 1 locID: 102960250161856528 bcsId: 4} | ret=FAILURE
org.apache.hadoop.hdds.scm.container.common.helpers.ContainerNotOpenException: Container 1 in CLOSED state
	at org.apache.hadoop.ozone.container.common.impl.HddsDispatcher.validateContainerCommand(HddsDispatcher.java:436) ~[hadoop-hdds-container-service-0.5.0-SNAPSHOT.jar:?]
	at org.apache.hadoop.ozone.container.common.transport.server.ratis.ContainerStateMachine.startTransaction(ContainerStateMachine.java:320) ~[hadoop-hdds-container-service-0.5.0-SNAPSHOT.jar:?]
	at org.apache.ratis.server.impl.RaftServerImpl.submitClientRequestAsync(RaftServerImpl.java:569) ~[ratis-server-0.5.0-201fc85-SNAPSHOT.jar:0.5.0-201fc85-SNAPSHOT]
	at org.apache.ratis.server.impl.RaftServerProxy.lambda$submitClientRequestAsync$7(RaftServerProxy.java:333) ~[ratis-server-0.5.0-201fc85-SNAPSHOT.jar:0.5.0-201fc85-SNAPSHOT]
	at org.apache.ratis.server.impl.RaftServerProxy.lambda$null$5(RaftServerProxy.java:328) ~[ratis-server-0.5.0-201fc85-SNAPSHOT.jar:0.5.0-201fc85-SNAPSHOT]
	at org.apache.ratis.util.JavaUtils.callAsUnchecked(JavaUtils.java:109) ~[ratis-common-0.5.0-201fc85-SNAPSHOT.jar:0.5.0-201fc85-SNAPSHOT]
	at org.apache.ratis.server.impl.RaftServerProxy.lambda$submitRequest$6(RaftServerProxy.java:328) ~[ratis-server-0.5.0-201fc85-SNAPSHOT.jar:0.5.0-201fc85-SNAPSHOT]
	at java.util.concurrent.CompletableFuture.uniComposeStage(CompletableFuture.java:981) ~[?:1.8.0_212]
	at java.util.concurrent.CompletableFuture.thenCompose(CompletableFuture.java:2124) ~[?:1.8.0_212]
	at org.apache.ratis.server.impl.RaftServerProxy.submitRequest(RaftServerProxy.java:327) ~[ratis-server-0.5.0-201fc85-SNAPSHOT.jar:0.5.0-201fc85-SNAPSHOT]
	at org.apache.ratis.server.impl.RaftServerProxy.submitClientRequestAsync(RaftServerProxy.java:333) ~[ratis-server-0.5.0-201fc85-SNAPSHOT.jar:0.5.0-201fc85-SNAPSHOT]
	at org.apache.ratis.grpc.client.GrpcClientProtocolService$RequestStreamObserver.processClientRequest(GrpcClientProtocolService.java:220) ~[ratis-grpc-0.5.0-201fc85-SNAPSHOT.jar:0.5.0-201fc85-SNAPSHOT]
	at org.apache.ratis.grpc.client.GrpcClientProtocolService$OrderedRequestStreamObserver.processClientRequest(GrpcClientProtocolService.java:326) ~[ratis-grpc-0.5.0-201fc85-SNAPSHOT.jar:0.5.0-201fc85-SNAPSHOT]
	at org.apache.ratis.util.SlidingWindow$Server.processRequestsFromHead(SlidingWindow.java:429) [ratis-common-0.5.0-201fc85-SNAPSHOT.jar:0.5.0-201fc85-SNAPSHOT]
	at org.apache.ratis.util.SlidingWindow$Server.receivedRequest(SlidingWindow.java:421) [ratis-common-0.5.0-201fc85-SNAPSHOT.jar:0.5.0-201fc85-SNAPSHOT]
	at org.apache.ratis.grpc.client.GrpcClientProtocolService$OrderedRequestStreamObserver.processClientRequest(GrpcClientProtocolService.java:345) [ratis-grpc-0.5.0-201fc85-SNAPSHOT.jar:0.5.0-201fc85-SNAPSHOT]
	at org.apache.ratis.grpc.client.GrpcClientProtocolService$RequestStreamObserver.onNext(GrpcClientProtocolService.java:240) [ratis-grpc-0.5.0-201fc85-SNAPSHOT.jar:0.5.0-201fc85-SNAPSHOT]
	at org.apache.ratis.grpc.client.GrpcClientProtocolService$RequestStreamObserver.onNext(GrpcClientProtocolService.java:168) [ratis-grpc-0.5.0-201fc85-SNAPSHOT.jar:0.5.0-201fc85-SNAPSHOT]
	at org.apache.ratis.thirdparty.io.grpc.stub.ServerCalls$StreamingServerCallHandler$StreamingServerCallListener.onMessage(ServerCalls.java:248) [ratis-thirdparty-misc-0.2.0.jar:0.2.0]
	at org.apache.ratis.thirdparty.io.grpc.internal.ServerCallImpl$ServerStreamListenerImpl.messagesAvailable(ServerCallImpl.java:263) [ratis-thirdparty-misc-0.2.0.jar:0.2.0]
	at org.apache.ratis.thirdparty.io.grpc.internal.ServerImpl$JumpToApplicationThreadServerStreamListener$1MessagesAvailable.runInContext(ServerImpl.java:686) [ratis-thirdparty-misc-0.2.0.jar:0.2.0]
	at org.apache.ratis.thirdparty.io.grpc.internal.ContextRunnable.run(ContextRunnable.java:37) [ratis-thirdparty-misc-0.2.0.jar:0.2.0]
	at org.apache.ratis.thirdparty.io.grpc.internal.SerializingExecutor.run(SerializingExecutor.java:123) [ratis-thirdparty-misc-0.2.0.jar:0.2.0]
	at java.util.concurrent.ThreadPoolExecutor.runWorker(ThreadPoolExecutor.java:1149) [?:1.8.0_212]
	at java.util.concurrent.ThreadPoolExecutor$Worker.run(ThreadPoolExecutor.java:624) [?:1.8.0_212]
	at java.lang.Thread.run(Thread.java:748) [?:1.8.0_212]
10:25:45.407 [grpc-default-executor-6] ERROR DNAudit - user=null | ip=null | op=WRITE_CHUNK {blockData=conID: 1 locID: 102960250161856528 bcsId: 4} | ret=FAILURE
org.apache.hadoop.hdds.scm.container.common.helpers.ContainerNotOpenException: Container 1 in CLOSED state
	at org.apache.hadoop.ozone.container.common.impl.HddsDispatcher.validateContainerCommand(HddsDispatcher.java:436) ~[hadoop-hdds-container-service-0.5.0-SNAPSHOT.jar:?]
	at org.apache.hadoop.ozone.container.common.transport.server.ratis.ContainerStateMachine.startTransaction(ContainerStateMachine.java:320) ~[hadoop-hdds-container-service-0.5.0-SNAPSHOT.jar:?]
	at org.apache.ratis.server.impl.RaftServerImpl.submitClientRequestAsync(RaftServerImpl.java:569) ~[ratis-server-0.5.0-201fc85-SNAPSHOT.jar:0.5.0-201fc85-SNAPSHOT]
	at org.apache.ratis.server.impl.RaftServerProxy.lambda$submitClientRequestAsync$7(RaftServerProxy.java:333) ~[ratis-server-0.5.0-201fc85-SNAPSHOT.jar:0.5.0-201fc85-SNAPSHOT]
	at org.apache.ratis.server.impl.RaftServerProxy.lambda$null$5(RaftServerProxy.java:328) ~[ratis-server-0.5.0-201fc85-SNAPSHOT.jar:0.5.0-201fc85-SNAPSHOT]
	at org.apache.ratis.util.JavaUtils.callAsUnchecked(JavaUtils.java:109) ~[ratis-common-0.5.0-201fc85-SNAPSHOT.jar:0.5.0-201fc85-SNAPSHOT]
	at org.apache.ratis.server.impl.RaftServerProxy.lambda$submitRequest$6(RaftServerProxy.java:328) ~[ratis-server-0.5.0-201fc85-SNAPSHOT.jar:0.5.0-201fc85-SNAPSHOT]
	at java.util.concurrent.CompletableFuture.uniComposeStage(CompletableFuture.java:981) ~[?:1.8.0_212]
	at java.util.concurrent.CompletableFuture.thenCompose(CompletableFuture.java:2124) ~[?:1.8.0_212]
	at org.apache.ratis.server.impl.RaftServerProxy.submitRequest(RaftServerProxy.java:327) ~[ratis-server-0.5.0-201fc85-SNAPSHOT.jar:0.5.0-201fc85-SNAPSHOT]
	at org.apache.ratis.server.impl.RaftServerProxy.submitClientRequestAsync(RaftServerProxy.java:333) ~[ratis-server-0.5.0-201fc85-SNAPSHOT.jar:0.5.0-201fc85-SNAPSHOT]
	at org.apache.ratis.grpc.client.GrpcClientProtocolService$RequestStreamObserver.processClientRequest(GrpcClientProtocolService.java:220) ~[ratis-grpc-0.5.0-201fc85-SNAPSHOT.jar:0.5.0-201fc85-SNAPSHOT]
	at org.apache.ratis.grpc.client.GrpcClientProtocolService$OrderedRequestStreamObserver.processClientRequest(GrpcClientProtocolService.java:326) ~[ratis-grpc-0.5.0-201fc85-SNAPSHOT.jar:0.5.0-201fc85-SNAPSHOT]
	at org.apache.ratis.util.SlidingWindow$Server.processRequestsFromHead(SlidingWindow.java:429) [ratis-common-0.5.0-201fc85-SNAPSHOT.jar:0.5.0-201fc85-SNAPSHOT]
	at org.apache.ratis.util.SlidingWindow$Server.receivedRequest(SlidingWindow.java:421) [ratis-common-0.5.0-201fc85-SNAPSHOT.jar:0.5.0-201fc85-SNAPSHOT]
	at org.apache.ratis.grpc.client.GrpcClientProtocolService$OrderedRequestStreamObserver.processClientRequest(GrpcClientProtocolService.java:345) [ratis-grpc-0.5.0-201fc85-SNAPSHOT.jar:0.5.0-201fc85-SNAPSHOT]
	at org.apache.ratis.grpc.client.GrpcClientProtocolService$RequestStreamObserver.onNext(GrpcClientProtocolService.java:240) [ratis-grpc-0.5.0-201fc85-SNAPSHOT.jar:0.5.0-201fc85-SNAPSHOT]
	at org.apache.ratis.grpc.client.GrpcClientProtocolService$RequestStreamObserver.onNext(GrpcClientProtocolService.java:168) [ratis-grpc-0.5.0-201fc85-SNAPSHOT.jar:0.5.0-201fc85-SNAPSHOT]
	at org.apache.ratis.thirdparty.io.grpc.stub.ServerCalls$StreamingServerCallHandler$StreamingServerCallListener.onMessage(ServerCalls.java:248) [ratis-thirdparty-misc-0.2.0.jar:0.2.0]
	at org.apache.ratis.thirdparty.io.grpc.internal.ServerCallImpl$ServerStreamListenerImpl.messagesAvailable(ServerCallImpl.java:263) [ratis-thirdparty-misc-0.2.0.jar:0.2.0]
	at org.apache.ratis.thirdparty.io.grpc.internal.ServerImpl$JumpToApplicationThreadServerStreamListener$1MessagesAvailable.runInContext(ServerImpl.java:686) [ratis-thirdparty-misc-0.2.0.jar:0.2.0]
	at org.apache.ratis.thirdparty.io.grpc.internal.ContextRunnable.run(ContextRunnable.java:37) [ratis-thirdparty-misc-0.2.0.jar:0.2.0]
	at org.apache.ratis.thirdparty.io.grpc.internal.SerializingExecutor.run(SerializingExecutor.java:123) [ratis-thirdparty-misc-0.2.0.jar:0.2.0]
	at java.util.concurrent.ThreadPoolExecutor.runWorker(ThreadPoolExecutor.java:1149) [?:1.8.0_212]
	at java.util.concurrent.ThreadPoolExecutor$Worker.run(ThreadPoolExecutor.java:624) [?:1.8.0_212]
	at java.lang.Thread.run(Thread.java:748) [?:1.8.0_212]
10:25:45.431 [grpc-default-executor-6] ERROR DNAudit - user=null | ip=null | op=PUT_BLOCK {blockData=[blockId=conID: 1 locID: 102960250161856528 bcsId: 0,size=334]} | ret=FAILURE
org.apache.hadoop.hdds.scm.container.common.helpers.ContainerNotOpenException: Container 1 in CLOSED state
	at org.apache.hadoop.ozone.container.common.impl.HddsDispatcher.validateContainerCommand(HddsDispatcher.java:436) ~[hadoop-hdds-container-service-0.5.0-SNAPSHOT.jar:?]
	at org.apache.hadoop.ozone.container.common.transport.server.ratis.ContainerStateMachine.startTransaction(ContainerStateMachine.java:320) ~[hadoop-hdds-container-service-0.5.0-SNAPSHOT.jar:?]
	at org.apache.ratis.server.impl.RaftServerImpl.submitClientRequestAsync(RaftServerImpl.java:569) ~[ratis-server-0.5.0-201fc85-SNAPSHOT.jar:0.5.0-201fc85-SNAPSHOT]
	at org.apache.ratis.server.impl.RaftServerProxy.lambda$submitClientRequestAsync$7(RaftServerProxy.java:333) ~[ratis-server-0.5.0-201fc85-SNAPSHOT.jar:0.5.0-201fc85-SNAPSHOT]
	at org.apache.ratis.server.impl.RaftServerProxy.lambda$null$5(RaftServerProxy.java:328) ~[ratis-server-0.5.0-201fc85-SNAPSHOT.jar:0.5.0-201fc85-SNAPSHOT]
	at org.apache.ratis.util.JavaUtils.callAsUnchecked(JavaUtils.java:109) ~[ratis-common-0.5.0-201fc85-SNAPSHOT.jar:0.5.0-201fc85-SNAPSHOT]
	at org.apache.ratis.server.impl.RaftServerProxy.lambda$submitRequest$6(RaftServerProxy.java:328) ~[ratis-server-0.5.0-201fc85-SNAPSHOT.jar:0.5.0-201fc85-SNAPSHOT]
	at java.util.concurrent.CompletableFuture.uniComposeStage(CompletableFuture.java:981) ~[?:1.8.0_212]
	at java.util.concurrent.CompletableFuture.thenCompose(CompletableFuture.java:2124) ~[?:1.8.0_212]
	at org.apache.ratis.server.impl.RaftServerProxy.submitRequest(RaftServerProxy.java:327) ~[ratis-server-0.5.0-201fc85-SNAPSHOT.jar:0.5.0-201fc85-SNAPSHOT]
	at org.apache.ratis.server.impl.RaftServerProxy.submitClientRequestAsync(RaftServerProxy.java:333) ~[ratis-server-0.5.0-201fc85-SNAPSHOT.jar:0.5.0-201fc85-SNAPSHOT]
	at org.apache.ratis.grpc.client.GrpcClientProtocolService$RequestStreamObserver.processClientRequest(GrpcClientProtocolService.java:220) ~[ratis-grpc-0.5.0-201fc85-SNAPSHOT.jar:0.5.0-201fc85-SNAPSHOT]
	at org.apache.ratis.grpc.client.GrpcClientProtocolService$OrderedRequestStreamObserver.processClientRequest(GrpcClientProtocolService.java:326) ~[ratis-grpc-0.5.0-201fc85-SNAPSHOT.jar:0.5.0-201fc85-SNAPSHOT]
	at org.apache.ratis.util.SlidingWindow$Server.processRequestsFromHead(SlidingWindow.java:429) [ratis-common-0.5.0-201fc85-SNAPSHOT.jar:0.5.0-201fc85-SNAPSHOT]
	at org.apache.ratis.util.SlidingWindow$Server.receivedRequest(SlidingWindow.java:421) [ratis-common-0.5.0-201fc85-SNAPSHOT.jar:0.5.0-201fc85-SNAPSHOT]
	at org.apache.ratis.grpc.client.GrpcClientProtocolService$OrderedRequestStreamObserver.processClientRequest(GrpcClientProtocolService.java:345) [ratis-grpc-0.5.0-201fc85-SNAPSHOT.jar:0.5.0-201fc85-SNAPSHOT]
	at org.apache.ratis.grpc.client.GrpcClientProtocolService$RequestStreamObserver.onNext(GrpcClientProtocolService.java:240) [ratis-grpc-0.5.0-201fc85-SNAPSHOT.jar:0.5.0-201fc85-SNAPSHOT]
	at org.apache.ratis.grpc.client.GrpcClientProtocolService$RequestStreamObserver.onNext(GrpcClientProtocolService.java:168) [ratis-grpc-0.5.0-201fc85-SNAPSHOT.jar:0.5.0-201fc85-SNAPSHOT]
	at org.apache.ratis.thirdparty.io.grpc.stub.ServerCalls$StreamingServerCallHandler$StreamingServerCallListener.onMessage(ServerCalls.java:248) [ratis-thirdparty-misc-0.2.0.jar:0.2.0]
	at org.apache.ratis.thirdparty.io.grpc.internal.ServerCallImpl$ServerStreamListenerImpl.messagesAvailable(ServerCallImpl.java:263) [ratis-thirdparty-misc-0.2.0.jar:0.2.0]
	at org.apache.ratis.thirdparty.io.grpc.internal.ServerImpl$JumpToApplicationThreadServerStreamListener$1MessagesAvailable.runInContext(ServerImpl.java:686) [ratis-thirdparty-misc-0.2.0.jar:0.2.0]
	at org.apache.ratis.thirdparty.io.grpc.internal.ContextRunnable.run(ContextRunnable.java:37) [ratis-thirdparty-misc-0.2.0.jar:0.2.0]
	at org.apache.ratis.thirdparty.io.grpc.internal.SerializingExecutor.run(SerializingExecutor.java:123) [ratis-thirdparty-misc-0.2.0.jar:0.2.0]
	at java.util.concurrent.ThreadPoolExecutor.runWorker(ThreadPoolExecutor.java:1149) [?:1.8.0_212]
	at java.util.concurrent.ThreadPoolExecutor$Worker.run(ThreadPoolExecutor.java:624) [?:1.8.0_212]
	at java.lang.Thread.run(Thread.java:748) [?:1.8.0_212]
2019-10-14 10:25:46,757 [main] WARN  scm.XceiverClientRatis (XceiverClientRatis.java:watchForCommit(277)) - 3 way commit failed on pipeline Pipeline[ Id: 9b985b8d-fd71-48ef-ae69-457aecc02af0, Nodes: da1611dd-f331-4f41-9503-72cb73569654{ip: 192.168.151.118, host: pr-hdds-2296-8rkbz-2376872687, networkLocation: /default-rack, certSerialId: null}f9d94a56-3fa0-438a-8a56-ab8ac89c506c{ip: 192.168.151.118, host: pr-hdds-2296-8rkbz-2376872687, networkLocation: /default-rack, certSerialId: null}f5ac7400-e094-47f8-9db6-ca035a1b2b73{ip: 192.168.151.118, host: pr-hdds-2296-8rkbz-2376872687, networkLocation: /default-rack, certSerialId: null}, Type:RATIS, Factor:THREE, State:OPEN]
java.util.concurrent.TimeoutException
	at java.util.concurrent.CompletableFuture.timedGet(CompletableFuture.java:1771)
	at java.util.concurrent.CompletableFuture.get(CompletableFuture.java:1915)
	at org.apache.hadoop.hdds.scm.XceiverClientRatis.watchForCommit(XceiverClientRatis.java:274)
	at org.apache.hadoop.hdds.scm.storage.CommitWatcher.watchForCommit(CommitWatcher.java:198)
	at org.apache.hadoop.hdds.scm.storage.CommitWatcher.watchOnLastIndex(CommitWatcher.java:161)
	at org.apache.hadoop.hdds.scm.storage.BlockOutputStream.watchForCommit(BlockOutputStream.java:346)
	at org.apache.hadoop.hdds.scm.storage.BlockOutputStream.handleFlush(BlockOutputStream.java:482)
	at org.apache.hadoop.hdds.scm.storage.BlockOutputStream.flush(BlockOutputStream.java:431)
	at org.apache.hadoop.ozone.client.io.BlockOutputStreamEntry.flush(BlockOutputStreamEntry.java:136)
	at org.apache.hadoop.ozone.client.io.KeyOutputStream.handleFlushOrClose(KeyOutputStream.java:443)
	at org.apache.hadoop.ozone.client.io.KeyOutputStream.flush(KeyOutputStream.java:397)
	at org.apache.hadoop.ozone.client.io.OzoneOutputStream.flush(OzoneOutputStream.java:54)
	at org.apache.hadoop.ozone.client.rpc.TestBlockOutputStreamWithFailures.testFailureWithPrimeSizedData(TestBlockOutputStreamWithFailures.java:633)
	at sun.reflect.NativeMethodAccessorImpl.invoke0(Native Method)
	at sun.reflect.NativeMethodAccessorImpl.invoke(NativeMethodAccessorImpl.java:62)
	at sun.reflect.DelegatingMethodAccessorImpl.invoke(DelegatingMethodAccessorImpl.java:43)
	at java.lang.reflect.Method.invoke(Method.java:498)
	at org.junit.runners.model.FrameworkMethod$1.runReflectiveCall(FrameworkMethod.java:47)
	at org.junit.internal.runners.model.ReflectiveCallable.run(ReflectiveCallable.java:12)
	at org.junit.runners.model.FrameworkMethod.invokeExplosively(FrameworkMethod.java:44)
	at org.junit.internal.runners.statements.InvokeMethod.evaluate(InvokeMethod.java:17)
	at org.junit.internal.runners.statements.RunBefores.evaluate(RunBefores.java:26)
	at org.junit.internal.runners.statements.RunAfters.evaluate(RunAfters.java:27)
	at org.junit.runners.ParentRunner.runLeaf(ParentRunner.java:271)
	at org.junit.runners.BlockJUnit4ClassRunner.runChild(BlockJUnit4ClassRunner.java:70)
	at org.junit.runners.BlockJUnit4ClassRunner.runChild(BlockJUnit4ClassRunner.java:50)
	at org.junit.runners.ParentRunner$3.run(ParentRunner.java:238)
	at org.junit.runners.ParentRunner$1.schedule(ParentRunner.java:63)
	at org.junit.runners.ParentRunner.runChildren(ParentRunner.java:236)
	at org.junit.runners.ParentRunner.access$000(ParentRunner.java:53)
	at org.junit.runners.ParentRunner$2.evaluate(ParentRunner.java:229)
	at org.junit.runners.ParentRunner.run(ParentRunner.java:309)
	at org.apache.maven.surefire.junit4.JUnit4Provider.execute(JUnit4Provider.java:365)
	at org.apache.maven.surefire.junit4.JUnit4Provider.executeWithRerun(JUnit4Provider.java:273)
	at org.apache.maven.surefire.junit4.JUnit4Provider.executeTestSet(JUnit4Provider.java:238)
	at org.apache.maven.surefire.junit4.JUnit4Provider.invoke(JUnit4Provider.java:159)
	at org.apache.maven.surefire.booter.ForkedBooter.invokeProviderInSameClassLoader(ForkedBooter.java:384)
	at org.apache.maven.surefire.booter.ForkedBooter.runSuitesInProcess(ForkedBooter.java:345)
	at org.apache.maven.surefire.booter.ForkedBooter.execute(ForkedBooter.java:126)
	at org.apache.maven.surefire.booter.ForkedBooter.main(ForkedBooter.java:418)
2019-10-14 10:25:47,761 [main] WARN  storage.CommitWatcher (CommitWatcher.java:watchForCommit(207)) - watchForCommit failed for index 4
java.util.concurrent.TimeoutException
	at java.util.concurrent.CompletableFuture.timedGet(CompletableFuture.java:1771)
	at java.util.concurrent.CompletableFuture.get(CompletableFuture.java:1915)
	at org.apache.hadoop.hdds.scm.XceiverClientRatis.watchForCommit(XceiverClientRatis.java:283)
	at org.apache.hadoop.hdds.scm.storage.CommitWatcher.watchForCommit(CommitWatcher.java:198)
	at org.apache.hadoop.hdds.scm.storage.CommitWatcher.watchOnLastIndex(CommitWatcher.java:161)
	at org.apache.hadoop.hdds.scm.storage.BlockOutputStream.watchForCommit(BlockOutputStream.java:346)
	at org.apache.hadoop.hdds.scm.storage.BlockOutputStream.handleFlush(BlockOutputStream.java:482)
	at org.apache.hadoop.hdds.scm.storage.BlockOutputStream.flush(BlockOutputStream.java:431)
	at org.apache.hadoop.ozone.client.io.BlockOutputStreamEntry.flush(BlockOutputStreamEntry.java:136)
	at org.apache.hadoop.ozone.client.io.KeyOutputStream.handleFlushOrClose(KeyOutputStream.java:443)
	at org.apache.hadoop.ozone.client.io.KeyOutputStream.flush(KeyOutputStream.java:397)
	at org.apache.hadoop.ozone.client.io.OzoneOutputStream.flush(OzoneOutputStream.java:54)
	at org.apache.hadoop.ozone.client.rpc.TestBlockOutputStreamWithFailures.testFailureWithPrimeSizedData(TestBlockOutputStreamWithFailures.java:633)
	at sun.reflect.NativeMethodAccessorImpl.invoke0(Native Method)
	at sun.reflect.NativeMethodAccessorImpl.invoke(NativeMethodAccessorImpl.java:62)
	at sun.reflect.DelegatingMethodAccessorImpl.invoke(DelegatingMethodAccessorImpl.java:43)
	at java.lang.reflect.Method.invoke(Method.java:498)
	at org.junit.runners.model.FrameworkMethod$1.runReflectiveCall(FrameworkMethod.java:47)
	at org.junit.internal.runners.model.ReflectiveCallable.run(ReflectiveCallable.java:12)
	at org.junit.runners.model.FrameworkMethod.invokeExplosively(FrameworkMethod.java:44)
	at org.junit.internal.runners.statements.InvokeMethod.evaluate(InvokeMethod.java:17)
	at org.junit.internal.runners.statements.RunBefores.evaluate(RunBefores.java:26)
	at org.junit.internal.runners.statements.RunAfters.evaluate(RunAfters.java:27)
	at org.junit.runners.ParentRunner.runLeaf(ParentRunner.java:271)
	at org.junit.runners.BlockJUnit4ClassRunner.runChild(BlockJUnit4ClassRunner.java:70)
	at org.junit.runners.BlockJUnit4ClassRunner.runChild(BlockJUnit4ClassRunner.java:50)
	at org.junit.runners.ParentRunner$3.run(ParentRunner.java:238)
	at org.junit.runners.ParentRunner$1.schedule(ParentRunner.java:63)
	at org.junit.runners.ParentRunner.runChildren(ParentRunner.java:236)
	at org.junit.runners.ParentRunner.access$000(ParentRunner.java:53)
	at org.junit.runners.ParentRunner$2.evaluate(ParentRunner.java:229)
	at org.junit.runners.ParentRunner.run(ParentRunner.java:309)
	at org.apache.maven.surefire.junit4.JUnit4Provider.execute(JUnit4Provider.java:365)
	at org.apache.maven.surefire.junit4.JUnit4Provider.executeWithRerun(JUnit4Provider.java:273)
	at org.apache.maven.surefire.junit4.JUnit4Provider.executeTestSet(JUnit4Provider.java:238)
	at org.apache.maven.surefire.junit4.JUnit4Provider.invoke(JUnit4Provider.java:159)
	at org.apache.maven.surefire.booter.ForkedBooter.invokeProviderInSameClassLoader(ForkedBooter.java:384)
	at org.apache.maven.surefire.booter.ForkedBooter.runSuitesInProcess(ForkedBooter.java:345)
	at org.apache.maven.surefire.booter.ForkedBooter.execute(ForkedBooter.java:126)
	at org.apache.maven.surefire.booter.ForkedBooter.main(ForkedBooter.java:418)
2019-10-14 10:25:47,762 [main] WARN  io.KeyOutputStream (KeyOutputStream.java:handleException(274)) - Encountered exception java.io.IOException: Unexpected Storage Container Exception: java.io.IOException: Unexpected Storage Container Exception: java.util.concurrent.TimeoutException on the pipeline Pipeline[ Id: 9b985b8d-fd71-48ef-ae69-457aecc02af0, Nodes: da1611dd-f331-4f41-9503-72cb73569654{ip: 192.168.151.118, host: pr-hdds-2296-8rkbz-2376872687, networkLocation: /default-rack, certSerialId: null}f9d94a56-3fa0-438a-8a56-ab8ac89c506c{ip: 192.168.151.118, host: pr-hdds-2296-8rkbz-2376872687, networkLocation: /default-rack, certSerialId: null}f5ac7400-e094-47f8-9db6-ca035a1b2b73{ip: 192.168.151.118, host: pr-hdds-2296-8rkbz-2376872687, networkLocation: /default-rack, certSerialId: null}, Type:RATIS, Factor:THREE, State:OPEN]. The last committed block length is 0, uncommitted data length is 167 retry count 0
2019-10-14 10:25:48,020 [main] INFO  ozone.MiniOzoneClusterImpl (MiniOzoneClusterImpl.java:shutdown(314)) - Shutting down the Mini Ozone Cluster
2019-10-14 10:25:48,021 [main] INFO  ozone.MiniOzoneClusterImpl (MiniOzoneClusterImpl.java:stop(330)) - Stopping the Mini Ozone Cluster
2019-10-14 10:25:48,021 [main] INFO  ozone.MiniOzoneClusterImpl (MiniOzoneClusterImpl.java:stopOM(400)) - Stopping the OzoneManager
2019-10-14 10:25:48,021 [main] INFO  ipc.Server (Server.java:stop(3082)) - Stopping server on 35545
2019-10-14 10:25:48,028 [IPC Server listener on 35545] INFO  ipc.Server (Server.java:run(1185)) - Stopping IPC Server listener on 35545
2019-10-14 10:25:48,029 [main] INFO  ratis.OzoneManagerDoubleBuffer (OzoneManagerDoubleBuffer.java:stop(250)) - Stopping OMDoubleBuffer flush thread
2019-10-14 10:25:48,033 [IPC Server Responder] INFO  ipc.Server (Server.java:run(1319)) - Stopping IPC Server Responder
2019-10-14 10:25:48,049 [OMDoubleBufferFlushThread] INFO  ratis.OzoneManagerDoubleBuffer (OzoneManagerDoubleBuffer.java:flushTransactions(193)) - OMDoubleBuffer flush thread OMDoubleBufferFlushThread is interrupted and will exit. OMDoubleBufferFlushThread
2019-10-14 10:25:48,049 [main] INFO  utils.BackgroundService (BackgroundService.java:shutdown(151)) - Shutting down service KeyDeletingService
2019-10-14 10:25:48,050 [main] INFO  handler.ContextHandler (ContextHandler.java:doStop(910)) - Stopped o.e.j.w.WebAppContext@55bf35e5{/,null,UNAVAILABLE}{/ozoneManager}
2019-10-14 10:25:48,051 [main] INFO  server.AbstractConnector (AbstractConnector.java:doStop(318)) - Stopped ServerConnector@25567581{HTTP/1.1,[http/1.1]}{0.0.0.0:0}
2019-10-14 10:25:48,051 [main] INFO  handler.ContextHandler (ContextHandler.java:doStop(910)) - Stopped o.e.j.s.ServletContextHandler@374c3975{/static,file:///workdir/hadoop-ozone/integration-test/target/test-classes/webapps/static,UNAVAILABLE}
2019-10-14 10:25:48,052 [main] INFO  handler.ContextHandler (ContextHandler.java:doStop(910)) - Stopped o.e.j.s.ServletContextHandler@5618fc1f{/logs,file:///workdir/hadoop-ozone/integration-test/target/log,UNAVAILABLE}
2019-10-14 10:25:48,054 [main] INFO  ozone.MiniOzoneClusterImpl (MiniOzoneClusterImpl.java:stopDatanodes(377)) - Stopping the HddsDatanodes
2019-10-14 10:25:48,647 [Datanode State Machine Thread - 0] INFO  statemachine.DatanodeStateMachine (DatanodeStateMachine.java:lambda$startDaemon$0(350)) - Ozone container server started.
2019-10-14 10:25:48,935 [Datanode State Machine Thread - 0] INFO  statemachine.DatanodeStateMachine (DatanodeStateMachine.java:lambda$startDaemon$0(350)) - Ozone container server started.
2019-10-14 10:25:52,677 [EventQueue-StaleNodeForStaleNodeHandler] INFO  node.StaleNodeHandler (StaleNodeHandler.java:onMessage(58)) - Datanode f5ac7400-e094-47f8-9db6-ca035a1b2b73{ip: 192.168.151.118, host: pr-hdds-2296-8rkbz-2376872687, networkLocation: /default-rack, certSerialId: null} moved to stale state. Finalizing its pipelines [PipelineID=06c2d423-ba15-45ac-a94f-267694400599, PipelineID=9b985b8d-fd71-48ef-ae69-457aecc02af0]
2019-10-14 10:25:52,678 [EventQueue-StaleNodeForStaleNodeHandler] INFO  pipeline.SCMPipelineManager (SCMPipelineManager.java:finalizeAndDestroyPipeline(315)) - destroying pipeline:Pipeline[ Id: 06c2d423-ba15-45ac-a94f-267694400599, Nodes: f5ac7400-e094-47f8-9db6-ca035a1b2b73{ip: 192.168.151.118, host: pr-hdds-2296-8rkbz-2376872687, networkLocation: /default-rack, certSerialId: null}, Type:RATIS, Factor:ONE, State:OPEN]
2019-10-14 10:25:52,679 [EventQueue-StaleNodeForStaleNodeHandler] INFO  pipeline.PipelineStateManager (PipelineStateManager.java:finalizePipeline(123)) - Pipeline Pipeline[ Id: 06c2d423-ba15-45ac-a94f-267694400599, Nodes: f5ac7400-e094-47f8-9db6-ca035a1b2b73{ip: 192.168.151.118, host: pr-hdds-2296-8rkbz-2376872687, networkLocation: /default-rack, certSerialId: null}, Type:RATIS, Factor:ONE, State:CLOSED] moved to CLOSED state
2019-10-14 10:25:52,679 [EventQueue-StaleNodeForStaleNodeHandler] INFO  pipeline.SCMPipelineManager (SCMPipelineManager.java:finalizeAndDestroyPipeline(315)) - destroying pipeline:Pipeline[ Id: 9b985b8d-fd71-48ef-ae69-457aecc02af0, Nodes: da1611dd-f331-4f41-9503-72cb73569654{ip: 192.168.151.118, host: pr-hdds-2296-8rkbz-2376872687, networkLocation: /default-rack, certSerialId: null}f9d94a56-3fa0-438a-8a56-ab8ac89c506c{ip: 192.168.151.118, host: pr-hdds-2296-8rkbz-2376872687, networkLocation: /default-rack, certSerialId: null}f5ac7400-e094-47f8-9db6-ca035a1b2b73{ip: 192.168.151.118, host: pr-hdds-2296-8rkbz-2376872687, networkLocation: /default-rack, certSerialId: null}, Type:RATIS, Factor:THREE, State:OPEN]
2019-10-14 10:25:52,679 [EventQueue-StaleNodeForStaleNodeHandler] INFO  pipeline.PipelineStateManager (PipelineStateManager.java:finalizePipeline(123)) - Pipeline Pipeline[ Id: 9b985b8d-fd71-48ef-ae69-457aecc02af0, Nodes: da1611dd-f331-4f41-9503-72cb73569654{ip: 192.168.151.118, host: pr-hdds-2296-8rkbz-2376872687, networkLocation: /default-rack, certSerialId: null}f9d94a56-3fa0-438a-8a56-ab8ac89c506c{ip: 192.168.151.118, host: pr-hdds-2296-8rkbz-2376872687, networkLocation: /default-rack, certSerialId: null}f5ac7400-e094-47f8-9db6-ca035a1b2b73{ip: 192.168.151.118, host: pr-hdds-2296-8rkbz-2376872687, networkLocation: /default-rack, certSerialId: null}, Type:RATIS, Factor:THREE, State:CLOSED] moved to CLOSED state
2019-10-14 10:25:52,680 [EventQueue-CloseContainerForCloseContainerEventHandler] INFO  container.CloseContainerEventHandler (CloseContainerEventHandler.java:onMessage(61)) - Close container Event triggered for container : #2
2019-10-14 10:25:52,977 [EventQueue-StaleNodeForStaleNodeHandler] INFO  node.StaleNodeHandler (StaleNodeHandler.java:onMessage(58)) - Datanode ed754b3d-dc69-4cc3-9634-7e4a70f3318e{ip: 192.168.151.118, host: pr-hdds-2296-8rkbz-2376872687, networkLocation: /default-rack, certSerialId: null} moved to stale state. Finalizing its pipelines [PipelineID=32cef0ea-84c8-4027-9f2d-63277f840b8d, PipelineID=ae4cc1ba-5628-4665-bf07-531361e69697]
2019-10-14 10:25:52,981 [EventQueue-StaleNodeForStaleNodeHandler] INFO  pipeline.SCMPipelineManager (SCMPipelineManager.java:finalizeAndDestroyPipeline(315)) - destroying pipeline:Pipeline[ Id: 32cef0ea-84c8-4027-9f2d-63277f840b8d, Nodes: ed754b3d-dc69-4cc3-9634-7e4a70f3318e{ip: 192.168.151.118, host: pr-hdds-2296-8rkbz-2376872687, networkLocation: /default-rack, certSerialId: null}ecf3d7c5-d006-40fa-a3e5-89e1b8755dd8{ip: 192.168.151.118, host: pr-hdds-2296-8rkbz-2376872687, networkLocation: /default-rack, certSerialId: null}7d5485eb-98a2-417e-8893-a021e5c10a65{ip: 192.168.151.118, host: pr-hdds-2296-8rkbz-2376872687, networkLocation: /default-rack, certSerialId: null}, Type:RATIS, Factor:THREE, State:OPEN]
2019-10-14 10:25:52,981 [EventQueue-StaleNodeForStaleNodeHandler] INFO  pipeline.PipelineStateManager (PipelineStateManager.java:finalizePipeline(123)) - Pipeline Pipeline[ Id: 32cef0ea-84c8-4027-9f2d-63277f840b8d, Nodes: ed754b3d-dc69-4cc3-9634-7e4a70f3318e{ip: 192.168.151.118, host: pr-hdds-2296-8rkbz-2376872687, networkLocation: /default-rack, certSerialId: null}ecf3d7c5-d006-40fa-a3e5-89e1b8755dd8{ip: 192.168.151.118, host: pr-hdds-2296-8rkbz-2376872687, networkLocation: /default-rack, certSerialId: null}7d5485eb-98a2-417e-8893-a021e5c10a65{ip: 192.168.151.118, host: pr-hdds-2296-8rkbz-2376872687, networkLocation: /default-rack, certSerialId: null}, Type:RATIS, Factor:THREE, State:CLOSED] moved to CLOSED state
2019-10-14 10:25:52,981 [EventQueue-CloseContainerForCloseContainerEventHandler] INFO  container.CloseContainerEventHandler (CloseContainerEventHandler.java:onMessage(61)) - Close container Event triggered for container : #3
2019-10-14 10:25:52,984 [EventQueue-StaleNodeForStaleNodeHandler] INFO  pipeline.SCMPipelineManager (SCMPipelineManager.java:finalizeAndDestroyPipeline(315)) - destroying pipeline:Pipeline[ Id: ae4cc1ba-5628-4665-bf07-531361e69697, Nodes: ed754b3d-dc69-4cc3-9634-7e4a70f3318e{ip: 192.168.151.118, host: pr-hdds-2296-8rkbz-2376872687, networkLocation: /default-rack, certSerialId: null}, Type:RATIS, Factor:ONE, State:OPEN]
2019-10-14 10:25:52,987 [EventQueue-StaleNodeForStaleNodeHandler] INFO  pipeline.PipelineStateManager (PipelineStateManager.java:finalizePipeline(123)) - Pipeline Pipeline[ Id: ae4cc1ba-5628-4665-bf07-531361e69697, Nodes: ed754b3d-dc69-4cc3-9634-7e4a70f3318e{ip: 192.168.151.118, host: pr-hdds-2296-8rkbz-2376872687, networkLocation: /default-rack, certSerialId: null}, Type:RATIS, Factor:ONE, State:CLOSED] moved to CLOSED state
2019-10-14 10:25:53,055 [main] INFO  ozoneimpl.OzoneContainer (OzoneContainer.java:stop(227)) - Attempting to stop container services.
2019-10-14 10:25:53,055 [ForkJoinPool.commonPool-worker-0] INFO  ozoneimpl.OzoneContainer (OzoneContainer.java:stop(227)) - Attempting to stop container services.
2019-10-14 10:25:53,056 [main] INFO  impl.RaftServerProxy (RaftServerProxy.java:lambda$close$4(314)) - ed754b3d-dc69-4cc3-9634-7e4a70f3318e: close
2019-10-14 10:25:53,056 [ForkJoinPool.commonPool-worker-0] INFO  impl.RaftServerProxy (RaftServerProxy.java:lambda$close$4(314)) - f5ac7400-e094-47f8-9db6-ca035a1b2b73: close
2019-10-14 10:25:53,057 [main] INFO  impl.RaftServerImpl (RaftServerImpl.java:lambda$shutdown$3(247)) - ed754b3d-dc69-4cc3-9634-7e4a70f3318e@group-63277F840B8D: shutdown
2019-10-14 10:25:53,057 [ForkJoinPool.commonPool-worker-0] INFO  impl.RaftServerImpl (RaftServerImpl.java:lambda$shutdown$3(247)) - f5ac7400-e094-47f8-9db6-ca035a1b2b73@group-267694400599: shutdown
2019-10-14 10:25:53,058 [main] INFO  util.JmxRegister (JmxRegister.java:unregister(73)) - Successfully un-registered JMX Bean with object name Ratis:service=RaftServer,group=group-63277F840B8D,id=ed754b3d-dc69-4cc3-9634-7e4a70f3318e
2019-10-14 10:25:53,059 [ForkJoinPool.commonPool-worker-0] INFO  util.JmxRegister (JmxRegister.java:unregister(73)) - Successfully un-registered JMX Bean with object name Ratis:service=RaftServer,group=group-267694400599,id=f5ac7400-e094-47f8-9db6-ca035a1b2b73
2019-10-14 10:25:53,059 [main] INFO  impl.RoleInfo (RoleInfo.java:shutdownLeaderState(104)) - ed754b3d-dc69-4cc3-9634-7e4a70f3318e: shutdown LeaderState
2019-10-14 10:25:53,059 [ForkJoinPool.commonPool-worker-0] INFO  impl.RoleInfo (RoleInfo.java:shutdownLeaderState(104)) - f5ac7400-e094-47f8-9db6-ca035a1b2b73: shutdown LeaderState
2019-10-14 10:25:53,066 [main] INFO  impl.PendingRequests (PendingRequests.java:sendNotLeaderResponses(202)) - ed754b3d-dc69-4cc3-9634-7e4a70f3318e@group-63277F840B8D-PendingRequests: sendNotLeaderResponses
2019-10-14 10:25:53,066 [org.apache.ratis.server.impl.LogAppender$AppenderDaemon$$Lambda$527/1039412344@54429fc6] WARN  server.GrpcLogAppender (GrpcLogAppender.java:mayWait(143)) - ed754b3d-dc69-4cc3-9634-7e4a70f3318e@group-63277F840B8D->ecf3d7c5-d006-40fa-a3e5-89e1b8755dd8-GrpcLogAppender: Wait interrupted by java.lang.InterruptedException
2019-10-14 10:25:53,066 [org.apache.ratis.server.impl.LogAppender$AppenderDaemon$$Lambda$527/1039412344@c65c20c] WARN  server.GrpcLogAppender (GrpcLogAppender.java:mayWait(143)) - ed754b3d-dc69-4cc3-9634-7e4a70f3318e@group-63277F840B8D->7d5485eb-98a2-417e-8893-a021e5c10a65-GrpcLogAppender: Wait interrupted by java.lang.InterruptedException
2019-10-14 10:25:53,066 [ForkJoinPool.commonPool-worker-0] INFO  impl.PendingRequests (PendingRequests.java:sendNotLeaderResponses(202)) - f5ac7400-e094-47f8-9db6-ca035a1b2b73@group-267694400599-PendingRequests: sendNotLeaderResponses
2019-10-14 10:25:53,074 [ForkJoinPool.commonPool-worker-0] INFO  impl.StateMachineUpdater (StateMachineUpdater.java:stopAndJoin(136)) - f5ac7400-e094-47f8-9db6-ca035a1b2b73@group-267694400599-StateMachineUpdater: set stopIndex = 0
2019-10-14 10:25:53,074 [ed754b3d-dc69-4cc3-9634-7e4a70f3318e@group-63277F840B8D-StateMachineUpdater] INFO  ratis.ContainerStateMachine (ContainerStateMachine.java:takeSnapshot(294)) - group-63277F840B8D: Taking a snapshot at:(t:1, i:14) file /workdir/hadoop-ozone/integration-test/target/test-dir/MiniOzoneClusterImpl-47ff539e-8602-4655-a791-f768753789ad/datanode-4/data/ratis/32cef0ea-84c8-4027-9f2d-63277f840b8d/sm/snapshot.1_14
2019-10-14 10:25:53,075 [ForkJoinPool.commonPool-worker-0] INFO  impl.RaftServerImpl (ServerState.java:close(387)) - f5ac7400-e094-47f8-9db6-ca035a1b2b73@group-267694400599: closes. applyIndex: 0
2019-10-14 10:25:53,074 [grpc-default-executor-3] INFO  server.GrpcServerProtocolService (GrpcServerProtocolService.java:onCompleted(113)) - ecf3d7c5-d006-40fa-a3e5-89e1b8755dd8: Completed APPEND_ENTRIES, lastRequest: ed754b3d-dc69-4cc3-9634-7e4a70f3318e->ecf3d7c5-d006-40fa-a3e5-89e1b8755dd8#18-t1, previous=(t:1, i:14), leaderCommit=14, initializing? false, entries: <empty>
2019-10-14 10:25:53,074 [grpc-default-executor-9] INFO  server.GrpcServerProtocolService (GrpcServerProtocolService.java:onCompleted(113)) - 7d5485eb-98a2-417e-8893-a021e5c10a65: Completed APPEND_ENTRIES, lastRequest: ed754b3d-dc69-4cc3-9634-7e4a70f3318e->7d5485eb-98a2-417e-8893-a021e5c10a65#18-t1, previous=(t:1, i:14), leaderCommit=14, initializing? false, entries: <empty>
2019-10-14 10:25:53,074 [main] INFO  impl.StateMachineUpdater (StateMachineUpdater.java:stopAndJoin(136)) - ed754b3d-dc69-4cc3-9634-7e4a70f3318e@group-63277F840B8D-StateMachineUpdater: set stopIndex = 14
2019-10-14 10:25:53,075 [grpc-default-executor-9] INFO  server.GrpcLogAppender (GrpcLogAppender.java:onCompleted(293)) - ed754b3d-dc69-4cc3-9634-7e4a70f3318e@group-63277F840B8D->7d5485eb-98a2-417e-8893-a021e5c10a65-AppendLogResponseHandler: follower responses appendEntries COMPLETED
2019-10-14 10:25:53,075 [f5ac7400-e094-47f8-9db6-ca035a1b2b73@group-267694400599-SegmentedRaftLogWorker] INFO  segmented.SegmentedRaftLogWorker (SegmentedRaftLogWorker.java:run(316)) - f5ac7400-e094-47f8-9db6-ca035a1b2b73@group-267694400599-SegmentedRaftLogWorker was interrupted, exiting. There are 0 tasks remaining in the queue.
2019-10-14 10:25:53,076 [grpc-default-executor-3] INFO  server.GrpcLogAppender (GrpcLogAppender.java:onCompleted(293)) - ed754b3d-dc69-4cc3-9634-7e4a70f3318e@group-63277F840B8D->ecf3d7c5-d006-40fa-a3e5-89e1b8755dd8-AppendLogResponseHandler: follower responses appendEntries COMPLETED
2019-10-14 10:25:53,079 [ForkJoinPool.commonPool-worker-0] INFO  segmented.SegmentedRaftLogWorker (SegmentedRaftLogWorker.java:close(224)) - f5ac7400-e094-47f8-9db6-ca035a1b2b73@group-267694400599-SegmentedRaftLogWorker close()
2019-10-14 10:25:53,085 [grpc-default-executor-9] INFO  impl.FollowerInfo (FollowerInfo.java:lambda$new$0(51)) - ed754b3d-dc69-4cc3-9634-7e4a70f3318e@group-63277F840B8D->7d5485eb-98a2-417e-8893-a021e5c10a65: nextIndex: updateUnconditionally 15 -> 14
2019-10-14 10:25:53,085 [grpc-default-executor-3] INFO  impl.FollowerInfo (FollowerInfo.java:lambda$new$0(51)) - ed754b3d-dc69-4cc3-9634-7e4a70f3318e@group-63277F840B8D->ecf3d7c5-d006-40fa-a3e5-89e1b8755dd8: nextIndex: updateUnconditionally 15 -> 14
2019-10-14 10:25:53,085 [ForkJoinPool.commonPool-worker-0] INFO  impl.RaftServerImpl (RaftServerImpl.java:lambda$shutdown$3(247)) - f5ac7400-e094-47f8-9db6-ca035a1b2b73@group-457AECC02AF0: shutdown
2019-10-14 10:25:53,085 [ForkJoinPool.commonPool-worker-0] INFO  util.JmxRegister (JmxRegister.java:unregister(73)) - Successfully un-registered JMX Bean with object name Ratis:service=RaftServer,group=group-457AECC02AF0,id=f5ac7400-e094-47f8-9db6-ca035a1b2b73
2019-10-14 10:25:53,086 [ForkJoinPool.commonPool-worker-0] INFO  impl.RoleInfo (RoleInfo.java:shutdownFollowerState(121)) - f5ac7400-e094-47f8-9db6-ca035a1b2b73: shutdown FollowerState
2019-10-14 10:25:53,086 [ForkJoinPool.commonPool-worker-0] INFO  impl.StateMachineUpdater (StateMachineUpdater.java:stopAndJoin(136)) - f5ac7400-e094-47f8-9db6-ca035a1b2b73@group-457AECC02AF0-StateMachineUpdater: set stopIndex = 6
2019-10-14 10:25:53,086 [f5ac7400-e094-47f8-9db6-ca035a1b2b73@group-457AECC02AF0-StateMachineUpdater] INFO  ratis.ContainerStateMachine (ContainerStateMachine.java:takeSnapshot(294)) - group-457AECC02AF0: Taking a snapshot at:(t:1, i:6) file /workdir/hadoop-ozone/integration-test/target/test-dir/MiniOzoneClusterImpl-47ff539e-8602-4655-a791-f768753789ad/datanode-1/data/ratis/9b985b8d-fd71-48ef-ae69-457aecc02af0/sm/snapshot.1_6
2019-10-14 10:25:53,086 [Thread-3625] INFO  impl.FollowerState (FollowerState.java:run(117)) - f5ac7400-e094-47f8-9db6-ca035a1b2b73@group-457AECC02AF0-FollowerState was interrupted: java.lang.InterruptedException: sleep interrupted
2019-10-14 10:25:53,090 [ed754b3d-dc69-4cc3-9634-7e4a70f3318e@group-63277F840B8D-StateMachineUpdater] INFO  ratis.ContainerStateMachine (ContainerStateMachine.java:takeSnapshot(305)) - group-63277F840B8D: Finished taking a snapshot at:(t:1, i:14) file:/workdir/hadoop-ozone/integration-test/target/test-dir/MiniOzoneClusterImpl-47ff539e-8602-4655-a791-f768753789ad/datanode-4/data/ratis/32cef0ea-84c8-4027-9f2d-63277f840b8d/sm/snapshot.1_14 time:16
2019-10-14 10:25:53,090 [ed754b3d-dc69-4cc3-9634-7e4a70f3318e@group-63277F840B8D-StateMachineUpdater] INFO  impl.StateMachineUpdater (StateMachineUpdater.java:takeSnapshot(269)) - ed754b3d-dc69-4cc3-9634-7e4a70f3318e@group-63277F840B8D-StateMachineUpdater: Took a snapshot at index 14
2019-10-14 10:25:53,090 [ed754b3d-dc69-4cc3-9634-7e4a70f3318e@group-63277F840B8D-StateMachineUpdater] INFO  impl.StateMachineUpdater (StateMachineUpdater.java:lambda$new$0(84)) - ed754b3d-dc69-4cc3-9634-7e4a70f3318e@group-63277F840B8D-StateMachineUpdater: snapshotIndex: updateIncreasingly -1 -> 14
2019-10-14 10:25:53,091 [main] INFO  impl.RaftServerImpl (ServerState.java:close(387)) - ed754b3d-dc69-4cc3-9634-7e4a70f3318e@group-63277F840B8D: closes. applyIndex: 14
2019-10-14 10:25:53,091 [ed754b3d-dc69-4cc3-9634-7e4a70f3318e@group-63277F840B8D-SegmentedRaftLogWorker] INFO  segmented.SegmentedRaftLogWorker (SegmentedRaftLogWorker.java:run(316)) - ed754b3d-dc69-4cc3-9634-7e4a70f3318e@group-63277F840B8D-SegmentedRaftLogWorker was interrupted, exiting. There are 0 tasks remaining in the queue.
2019-10-14 10:25:53,095 [main] INFO  segmented.SegmentedRaftLogWorker (SegmentedRaftLogWorker.java:close(224)) - ed754b3d-dc69-4cc3-9634-7e4a70f3318e@group-63277F840B8D-SegmentedRaftLogWorker close()
2019-10-14 10:25:53,101 [main] INFO  impl.RaftServerImpl (RaftServerImpl.java:lambda$shutdown$3(247)) - ed754b3d-dc69-4cc3-9634-7e4a70f3318e@group-531361E69697: shutdown
2019-10-14 10:25:53,101 [main] INFO  util.JmxRegister (JmxRegister.java:unregister(73)) - Successfully un-registered JMX Bean with object name Ratis:service=RaftServer,group=group-531361E69697,id=ed754b3d-dc69-4cc3-9634-7e4a70f3318e
2019-10-14 10:25:53,102 [main] INFO  impl.RoleInfo (RoleInfo.java:shutdownLeaderState(104)) - ed754b3d-dc69-4cc3-9634-7e4a70f3318e: shutdown LeaderState
2019-10-14 10:25:53,102 [main] INFO  impl.PendingRequests (PendingRequests.java:sendNotLeaderResponses(202)) - ed754b3d-dc69-4cc3-9634-7e4a70f3318e@group-531361E69697-PendingRequests: sendNotLeaderResponses
2019-10-14 10:25:53,103 [main] INFO  impl.StateMachineUpdater (StateMachineUpdater.java:stopAndJoin(136)) - ed754b3d-dc69-4cc3-9634-7e4a70f3318e@group-531361E69697-StateMachineUpdater: set stopIndex = 0
2019-10-14 10:25:53,103 [main] INFO  impl.RaftServerImpl (ServerState.java:close(387)) - ed754b3d-dc69-4cc3-9634-7e4a70f3318e@group-531361E69697: closes. applyIndex: 0
2019-10-14 10:25:53,104 [ed754b3d-dc69-4cc3-9634-7e4a70f3318e@group-531361E69697-SegmentedRaftLogWorker] INFO  segmented.SegmentedRaftLogWorker (SegmentedRaftLogWorker.java:run(316)) - ed754b3d-dc69-4cc3-9634-7e4a70f3318e@group-531361E69697-SegmentedRaftLogWorker was interrupted, exiting. There are 0 tasks remaining in the queue.
2019-10-14 10:25:53,106 [main] INFO  segmented.SegmentedRaftLogWorker (SegmentedRaftLogWorker.java:close(224)) - ed754b3d-dc69-4cc3-9634-7e4a70f3318e@group-531361E69697-SegmentedRaftLogWorker close()
2019-10-14 10:25:53,109 [main] INFO  server.GrpcService (GrpcService.java:closeImpl(164)) - ed754b3d-dc69-4cc3-9634-7e4a70f3318e: shutdown server with port 45052 now
2019-10-14 10:25:53,110 [main] INFO  server.GrpcService (GrpcService.java:closeImpl(172)) - ed754b3d-dc69-4cc3-9634-7e4a70f3318e: shutdown server with port 45052 successfully
2019-10-14 10:25:53,114 [refreshUsed-/workdir/hadoop-ozone/integration-test/target/test-dir/MiniOzoneClusterImpl-47ff539e-8602-4655-a791-f768753789ad/datanode-4/data/containers] WARN  fs.CachingGetSpaceUsed (CachingGetSpaceUsed.java:run(183)) - Thread Interrupted waiting to refresh disk information: sleep interrupted
2019-10-14 10:25:53,116 [f5ac7400-e094-47f8-9db6-ca035a1b2b73@group-457AECC02AF0-StateMachineUpdater] INFO  ratis.ContainerStateMachine (ContainerStateMachine.java:takeSnapshot(305)) - group-457AECC02AF0: Finished taking a snapshot at:(t:1, i:6) file:/workdir/hadoop-ozone/integration-test/target/test-dir/MiniOzoneClusterImpl-47ff539e-8602-4655-a791-f768753789ad/datanode-1/data/ratis/9b985b8d-fd71-48ef-ae69-457aecc02af0/sm/snapshot.1_6 time:30
2019-10-14 10:25:53,117 [f5ac7400-e094-47f8-9db6-ca035a1b2b73@group-457AECC02AF0-StateMachineUpdater] INFO  impl.StateMachineUpdater (StateMachineUpdater.java:takeSnapshot(269)) - f5ac7400-e094-47f8-9db6-ca035a1b2b73@group-457AECC02AF0-StateMachineUpdater: Took a snapshot at index 6
2019-10-14 10:25:53,117 [f5ac7400-e094-47f8-9db6-ca035a1b2b73@group-457AECC02AF0-StateMachineUpdater] INFO  impl.StateMachineUpdater (StateMachineUpdater.java:lambda$new$0(84)) - f5ac7400-e094-47f8-9db6-ca035a1b2b73@group-457AECC02AF0-StateMachineUpdater: snapshotIndex: updateIncreasingly -1 -> 6
2019-10-14 10:25:53,117 [ForkJoinPool.commonPool-worker-0] INFO  impl.RaftServerImpl (ServerState.java:close(387)) - f5ac7400-e094-47f8-9db6-ca035a1b2b73@group-457AECC02AF0: closes. applyIndex: 6
2019-10-14 10:25:53,117 [f5ac7400-e094-47f8-9db6-ca035a1b2b73@group-457AECC02AF0-SegmentedRaftLogWorker] INFO  segmented.SegmentedRaftLogWorker (SegmentedRaftLogWorker.java:run(316)) - f5ac7400-e094-47f8-9db6-ca035a1b2b73@group-457AECC02AF0-SegmentedRaftLogWorker was interrupted, exiting. There are 0 tasks remaining in the queue.
2019-10-14 10:25:53,119 [ForkJoinPool.commonPool-worker-0] INFO  segmented.SegmentedRaftLogWorker (SegmentedRaftLogWorker.java:close(224)) - f5ac7400-e094-47f8-9db6-ca035a1b2b73@group-457AECC02AF0-SegmentedRaftLogWorker close()
2019-10-14 10:25:53,122 [ForkJoinPool.commonPool-worker-0] INFO  server.GrpcService (GrpcService.java:closeImpl(164)) - f5ac7400-e094-47f8-9db6-ca035a1b2b73: shutdown server with port 32856 now
2019-10-14 10:25:53,123 [grpc-default-executor-9] WARN  server.GrpcServerProtocolService (LogUtils.java:warn(134)) - f5ac7400-e094-47f8-9db6-ca035a1b2b73: installSnapshot onError, lastRequest: f9d94a56-3fa0-438a-8a56-ab8ac89c506c->f5ac7400-e094-47f8-9db6-ca035a1b2b73#9-t1, previous=(t:1, i:6), leaderCommit=6, initializing? false, entries: <empty>: org.apache.ratis.thirdparty.io.grpc.StatusRuntimeException: CANCELLED: cancelled before receiving half close
2019-10-14 10:25:53,123 [ForkJoinPool.commonPool-worker-0] INFO  server.GrpcService (GrpcService.java:closeImpl(172)) - f5ac7400-e094-47f8-9db6-ca035a1b2b73: shutdown server with port 32856 successfully
2019-10-14 10:25:53,123 [grpc-default-executor-6] WARN  server.GrpcLogAppender (LogUtils.java:warn(134)) - f9d94a56-3fa0-438a-8a56-ab8ac89c506c@group-457AECC02AF0->f5ac7400-e094-47f8-9db6-ca035a1b2b73-AppendLogResponseHandler: Failed appendEntries: org.apache.ratis.thirdparty.io.grpc.StatusRuntimeException: CANCELLED: HTTP/2 error code: CANCEL
Received Rst Stream
2019-10-14 10:25:53,123 [grpc-default-executor-6] INFO  impl.FollowerInfo (FollowerInfo.java:lambda$new$0(51)) - f9d94a56-3fa0-438a-8a56-ab8ac89c506c@group-457AECC02AF0->f5ac7400-e094-47f8-9db6-ca035a1b2b73: nextIndex: updateUnconditionally 7 -> 6
2019-10-14 10:25:53,124 [refreshUsed-/workdir/hadoop-ozone/integration-test/target/test-dir/MiniOzoneClusterImpl-47ff539e-8602-4655-a791-f768753789ad/datanode-1/data/containers] WARN  fs.CachingGetSpaceUsed (CachingGetSpaceUsed.java:run(183)) - Thread Interrupted waiting to refresh disk information: sleep interrupted
2019-10-14 10:25:53,139 [main] INFO  utils.BackgroundService (BackgroundService.java:shutdown(151)) - Shutting down service BlockDeletingService
2019-10-14 10:25:53,139 [ForkJoinPool.commonPool-worker-0] INFO  utils.BackgroundService (BackgroundService.java:shutdown(151)) - Shutting down service BlockDeletingService
2019-10-14 10:25:53,153 [ForkJoinPool.commonPool-worker-0] INFO  statemachine.DatanodeStateMachine (DatanodeStateMachine.java:stopDaemon(395)) - Ozone container server stopped.
2019-10-14 10:25:53,153 [main] INFO  statemachine.DatanodeStateMachine (DatanodeStateMachine.java:stopDaemon(395)) - Ozone container server stopped.
2019-10-14 10:25:53,159 [ForkJoinPool.commonPool-worker-0] INFO  handler.ContextHandler (ContextHandler.java:doStop(910)) - Stopped o.e.j.w.WebAppContext@1e191150{/,null,UNAVAILABLE}{/hddsDatanode}
2019-10-14 10:25:53,159 [main] INFO  handler.ContextHandler (ContextHandler.java:doStop(910)) - Stopped o.e.j.w.WebAppContext@635ff2a5{/,null,UNAVAILABLE}{/hddsDatanode}
2019-10-14 10:25:53,160 [ForkJoinPool.commonPool-worker-0] INFO  server.AbstractConnector (AbstractConnector.java:doStop(318)) - Stopped ServerConnector@2fbd390{HTTP/1.1,[http/1.1]}{0.0.0.0:0}
2019-10-14 10:25:53,162 [main] INFO  server.AbstractConnector (AbstractConnector.java:doStop(318)) - Stopped ServerConnector@55adcf9e{HTTP/1.1,[http/1.1]}{0.0.0.0:0}
2019-10-14 10:25:53,162 [ForkJoinPool.commonPool-worker-0] INFO  handler.ContextHandler (ContextHandler.java:doStop(910)) - Stopped o.e.j.s.ServletContextHandler@6fb0261e{/static,jar:file:/home/user/.m2/repository/org/apache/hadoop/hadoop-hdds-container-service/0.5.0-SNAPSHOT/hadoop-hdds-container-service-0.5.0-SNAPSHOT.jar!/webapps/static,UNAVAILABLE}
2019-10-14 10:25:53,162 [main] INFO  handler.ContextHandler (ContextHandler.java:doStop(910)) - Stopped o.e.j.s.ServletContextHandler@60928a61{/static,jar:file:/home/user/.m2/repository/org/apache/hadoop/hadoop-hdds-container-service/0.5.0-SNAPSHOT/hadoop-hdds-container-service-0.5.0-SNAPSHOT.jar!/webapps/static,UNAVAILABLE}
2019-10-14 10:25:53,164 [ForkJoinPool.commonPool-worker-0] INFO  handler.ContextHandler (ContextHandler.java:doStop(910)) - Stopped o.e.j.s.ServletContextHandler@587f4f63{/logs,file:///workdir/hadoop-ozone/integration-test/target/log,UNAVAILABLE}
2019-10-14 10:25:53,164 [main] INFO  handler.ContextHandler (ContextHandler.java:doStop(910)) - Stopped o.e.j.s.ServletContextHandler@25214797{/logs,file:///workdir/hadoop-ozone/integration-test/target/log,UNAVAILABLE}
2019-10-14 10:25:53,217 [grpc-default-executor-6] WARN  server.GrpcLogAppender (LogUtils.java:warn(134)) - f9d94a56-3fa0-438a-8a56-ab8ac89c506c@group-457AECC02AF0->f5ac7400-e094-47f8-9db6-ca035a1b2b73-AppendLogResponseHandler: Failed appendEntries: org.apache.ratis.thirdparty.io.grpc.StatusRuntimeException: UNAVAILABLE: io exception
2019-10-14 10:25:53,217 [grpc-default-executor-6] INFO  impl.FollowerInfo (FollowerInfo.java:lambda$new$0(51)) - f9d94a56-3fa0-438a-8a56-ab8ac89c506c@group-457AECC02AF0->f5ac7400-e094-47f8-9db6-ca035a1b2b73: nextIndex: updateUnconditionally 6 -> 5
2019-10-14 10:25:53,647 [Datanode State Machine Thread - 0] INFO  statemachine.DatanodeStateMachine (DatanodeStateMachine.java:lambda$startDaemon$0(350)) - Ozone container server started.
2019-10-14 10:25:53,935 [Datanode State Machine Thread - 0] INFO  statemachine.DatanodeStateMachine (DatanodeStateMachine.java:lambda$startDaemon$0(350)) - Ozone container server started.
2019-10-14 10:25:55,717 [grpc-default-executor-9] WARN  server.GrpcLogAppender (LogUtils.java:warn(134)) - f9d94a56-3fa0-438a-8a56-ab8ac89c506c@group-457AECC02AF0->f5ac7400-e094-47f8-9db6-ca035a1b2b73-AppendLogResponseHandler: Failed appendEntries: org.apache.ratis.thirdparty.io.grpc.StatusRuntimeException: UNAVAILABLE: io exception
2019-10-14 10:25:55,718 [grpc-default-executor-9] INFO  impl.FollowerInfo (FollowerInfo.java:lambda$new$0(51)) - f9d94a56-3fa0-438a-8a56-ab8ac89c506c@group-457AECC02AF0->f5ac7400-e094-47f8-9db6-ca035a1b2b73: nextIndex: updateUnconditionally 5 -> 4
2019-10-14 10:25:57,684 [EventQueue-StaleNodeForStaleNodeHandler] INFO  node.StaleNodeHandler (StaleNodeHandler.java:onMessage(58)) - Datanode f9d94a56-3fa0-438a-8a56-ab8ac89c506c{ip: 192.168.151.118, host: pr-hdds-2296-8rkbz-2376872687, networkLocation: /default-rack, certSerialId: null} moved to stale state. Finalizing its pipelines [PipelineID=9b985b8d-fd71-48ef-ae69-457aecc02af0, PipelineID=c60aaecf-2899-4798-a67d-990aaf5d4063]
2019-10-14 10:25:57,685 [EventQueue-StaleNodeForStaleNodeHandler] INFO  pipeline.SCMPipelineManager (SCMPipelineManager.java:finalizeAndDestroyPipeline(315)) - destroying pipeline:Pipeline[ Id: 9b985b8d-fd71-48ef-ae69-457aecc02af0, Nodes: da1611dd-f331-4f41-9503-72cb73569654{ip: 192.168.151.118, host: pr-hdds-2296-8rkbz-2376872687, networkLocation: /default-rack, certSerialId: null}f9d94a56-3fa0-438a-8a56-ab8ac89c506c{ip: 192.168.151.118, host: pr-hdds-2296-8rkbz-2376872687, networkLocation: /default-rack, certSerialId: null}f5ac7400-e094-47f8-9db6-ca035a1b2b73{ip: 192.168.151.118, host: pr-hdds-2296-8rkbz-2376872687, networkLocation: /default-rack, certSerialId: null}, Type:RATIS, Factor:THREE, State:CLOSED]
2019-10-14 10:25:57,685 [EventQueue-StaleNodeForStaleNodeHandler] INFO  pipeline.SCMPipelineManager (SCMPipelineManager.java:finalizeAndDestroyPipeline(315)) - destroying pipeline:Pipeline[ Id: c60aaecf-2899-4798-a67d-990aaf5d4063, Nodes: f9d94a56-3fa0-438a-8a56-ab8ac89c506c{ip: 192.168.151.118, host: pr-hdds-2296-8rkbz-2376872687, networkLocation: /default-rack, certSerialId: null}, Type:RATIS, Factor:ONE, State:OPEN]
2019-10-14 10:25:57,685 [EventQueue-StaleNodeForStaleNodeHandler] INFO  pipeline.PipelineStateManager (PipelineStateManager.java:finalizePipeline(123)) - Pipeline Pipeline[ Id: c60aaecf-2899-4798-a67d-990aaf5d4063, Nodes: f9d94a56-3fa0-438a-8a56-ab8ac89c506c{ip: 192.168.151.118, host: pr-hdds-2296-8rkbz-2376872687, networkLocation: /default-rack, certSerialId: null}, Type:RATIS, Factor:ONE, State:CLOSED] moved to CLOSED state
2019-10-14 10:25:57,984 [EventQueue-StaleNodeForStaleNodeHandler] INFO  node.StaleNodeHandler (StaleNodeHandler.java:onMessage(58)) - Datanode ecf3d7c5-d006-40fa-a3e5-89e1b8755dd8{ip: 192.168.151.118, host: pr-hdds-2296-8rkbz-2376872687, networkLocation: /default-rack, certSerialId: null} moved to stale state. Finalizing its pipelines [PipelineID=9a636b2d-e111-4216-8bcf-66cd7ff8aeb7, PipelineID=32cef0ea-84c8-4027-9f2d-63277f840b8d]
2019-10-14 10:25:57,985 [EventQueue-StaleNodeForStaleNodeHandler] INFO  pipeline.SCMPipelineManager (SCMPipelineManager.java:finalizeAndDestroyPipeline(315)) - destroying pipeline:Pipeline[ Id: 9a636b2d-e111-4216-8bcf-66cd7ff8aeb7, Nodes: ecf3d7c5-d006-40fa-a3e5-89e1b8755dd8{ip: 192.168.151.118, host: pr-hdds-2296-8rkbz-2376872687, networkLocation: /default-rack, certSerialId: null}, Type:RATIS, Factor:ONE, State:OPEN]
2019-10-14 10:25:57,985 [EventQueue-StaleNodeForStaleNodeHandler] INFO  pipeline.PipelineStateManager (PipelineStateManager.java:finalizePipeline(123)) - Pipeline Pipeline[ Id: 9a636b2d-e111-4216-8bcf-66cd7ff8aeb7, Nodes: ecf3d7c5-d006-40fa-a3e5-89e1b8755dd8{ip: 192.168.151.118, host: pr-hdds-2296-8rkbz-2376872687, networkLocation: /default-rack, certSerialId: null}, Type:RATIS, Factor:ONE, State:CLOSED] moved to CLOSED state
2019-10-14 10:25:57,985 [EventQueue-StaleNodeForStaleNodeHandler] INFO  pipeline.SCMPipelineManager (SCMPipelineManager.java:finalizeAndDestroyPipeline(315)) - destroying pipeline:Pipeline[ Id: 32cef0ea-84c8-4027-9f2d-63277f840b8d, Nodes: ed754b3d-dc69-4cc3-9634-7e4a70f3318e{ip: 192.168.151.118, host: pr-hdds-2296-8rkbz-2376872687, networkLocation: /default-rack, certSerialId: null}ecf3d7c5-d006-40fa-a3e5-89e1b8755dd8{ip: 192.168.151.118, host: pr-hdds-2296-8rkbz-2376872687, networkLocation: /default-rack, certSerialId: null}7d5485eb-98a2-417e-8893-a021e5c10a65{ip: 192.168.151.118, host: pr-hdds-2296-8rkbz-2376872687, networkLocation: /default-rack, certSerialId: null}, Type:RATIS, Factor:THREE, State:CLOSED]
2019-10-14 10:25:58,166 [ForkJoinPool.commonPool-worker-0] INFO  ozoneimpl.OzoneContainer (OzoneContainer.java:stop(227)) - Attempting to stop container services.
2019-10-14 10:25:58,169 [main] INFO  ozoneimpl.OzoneContainer (OzoneContainer.java:stop(227)) - Attempting to stop container services.
2019-10-14 10:25:58,173 [main] INFO  impl.RaftServerProxy (RaftServerProxy.java:lambda$close$4(314)) - ecf3d7c5-d006-40fa-a3e5-89e1b8755dd8: close
2019-10-14 10:25:58,174 [main] INFO  impl.RaftServerImpl (RaftServerImpl.java:lambda$shutdown$3(247)) - ecf3d7c5-d006-40fa-a3e5-89e1b8755dd8@group-66CD7FF8AEB7: shutdown
2019-10-14 10:25:58,174 [main] INFO  util.JmxRegister (JmxRegister.java:unregister(73)) - Successfully un-registered JMX Bean with object name Ratis:service=RaftServer,group=group-66CD7FF8AEB7,id=ecf3d7c5-d006-40fa-a3e5-89e1b8755dd8
2019-10-14 10:25:58,175 [main] INFO  impl.RoleInfo (RoleInfo.java:shutdownLeaderState(104)) - ecf3d7c5-d006-40fa-a3e5-89e1b8755dd8: shutdown LeaderState
2019-10-14 10:25:58,170 [ForkJoinPool.commonPool-worker-0] INFO  impl.RaftServerProxy (RaftServerProxy.java:lambda$close$4(314)) - f9d94a56-3fa0-438a-8a56-ab8ac89c506c: close
2019-10-14 10:25:58,175 [main] INFO  impl.PendingRequests (PendingRequests.java:sendNotLeaderResponses(202)) - ecf3d7c5-d006-40fa-a3e5-89e1b8755dd8@group-66CD7FF8AEB7-PendingRequests: sendNotLeaderResponses
2019-10-14 10:25:58,176 [main] INFO  impl.StateMachineUpdater (StateMachineUpdater.java:stopAndJoin(136)) - ecf3d7c5-d006-40fa-a3e5-89e1b8755dd8@group-66CD7FF8AEB7-StateMachineUpdater: set stopIndex = 0
2019-10-14 10:25:58,176 [main] INFO  impl.RaftServerImpl (ServerState.java:close(387)) - ecf3d7c5-d006-40fa-a3e5-89e1b8755dd8@group-66CD7FF8AEB7: closes. applyIndex: 0
2019-10-14 10:25:58,177 [ForkJoinPool.commonPool-worker-0] INFO  impl.RaftServerImpl (RaftServerImpl.java:lambda$shutdown$3(247)) - f9d94a56-3fa0-438a-8a56-ab8ac89c506c@group-457AECC02AF0: shutdown
2019-10-14 10:25:58,177 [ecf3d7c5-d006-40fa-a3e5-89e1b8755dd8@group-66CD7FF8AEB7-SegmentedRaftLogWorker] INFO  segmented.SegmentedRaftLogWorker (SegmentedRaftLogWorker.java:run(316)) - ecf3d7c5-d006-40fa-a3e5-89e1b8755dd8@group-66CD7FF8AEB7-SegmentedRaftLogWorker was interrupted, exiting. There are 0 tasks remaining in the queue.
2019-10-14 10:25:58,177 [ForkJoinPool.commonPool-worker-0] INFO  util.JmxRegister (JmxRegister.java:unregister(73)) - Successfully un-registered JMX Bean with object name Ratis:service=RaftServer,group=group-457AECC02AF0,id=f9d94a56-3fa0-438a-8a56-ab8ac89c506c
2019-10-14 10:25:58,178 [ForkJoinPool.commonPool-worker-0] INFO  impl.RoleInfo (RoleInfo.java:shutdownLeaderState(104)) - f9d94a56-3fa0-438a-8a56-ab8ac89c506c: shutdown LeaderState
2019-10-14 10:25:58,185 [ForkJoinPool.commonPool-worker-0] INFO  impl.PendingRequests (PendingRequests.java:sendNotLeaderResponses(202)) - f9d94a56-3fa0-438a-8a56-ab8ac89c506c@group-457AECC02AF0-PendingRequests: sendNotLeaderResponses
2019-10-14 10:25:58,185 [main] INFO  segmented.SegmentedRaftLogWorker (SegmentedRaftLogWorker.java:close(224)) - ecf3d7c5-d006-40fa-a3e5-89e1b8755dd8@group-66CD7FF8AEB7-SegmentedRaftLogWorker close()
2019-10-14 10:25:58,192 [f9d94a56-3fa0-438a-8a56-ab8ac89c506c@group-457AECC02AF0-StateMachineUpdater] INFO  ratis.ContainerStateMachine (ContainerStateMachine.java:takeSnapshot(294)) - group-457AECC02AF0: Taking a snapshot at:(t:1, i:6) file /workdir/hadoop-ozone/integration-test/target/test-dir/MiniOzoneClusterImpl-47ff539e-8602-4655-a791-f768753789ad/datanode-2/data/ratis/9b985b8d-fd71-48ef-ae69-457aecc02af0/sm/snapshot.1_6
2019-10-14 10:25:58,192 [ForkJoinPool.commonPool-worker-0] INFO  impl.StateMachineUpdater (StateMachineUpdater.java:stopAndJoin(136)) - f9d94a56-3fa0-438a-8a56-ab8ac89c506c@group-457AECC02AF0-StateMachineUpdater: set stopIndex = 6
2019-10-14 10:25:58,185 [org.apache.ratis.server.impl.LogAppender$AppenderDaemon$$Lambda$527/1039412344@19360651] WARN  server.GrpcLogAppender (GrpcLogAppender.java:mayWait(143)) - f9d94a56-3fa0-438a-8a56-ab8ac89c506c@group-457AECC02AF0->f5ac7400-e094-47f8-9db6-ca035a1b2b73-GrpcLogAppender: Wait interrupted by java.lang.InterruptedException
2019-10-14 10:25:58,185 [org.apache.ratis.server.impl.LogAppender$AppenderDaemon$$Lambda$527/1039412344@280d7f44] WARN  server.GrpcLogAppender (GrpcLogAppender.java:mayWait(143)) - f9d94a56-3fa0-438a-8a56-ab8ac89c506c@group-457AECC02AF0->da1611dd-f331-4f41-9503-72cb73569654-GrpcLogAppender: Wait interrupted by java.lang.InterruptedException
2019-10-14 10:25:58,197 [main] INFO  impl.RaftServerImpl (RaftServerImpl.java:lambda$shutdown$3(247)) - ecf3d7c5-d006-40fa-a3e5-89e1b8755dd8@group-63277F840B8D: shutdown
2019-10-14 10:25:58,198 [main] INFO  util.JmxRegister (JmxRegister.java:unregister(73)) - Successfully un-registered JMX Bean with object name Ratis:service=RaftServer,group=group-63277F840B8D,id=ecf3d7c5-d006-40fa-a3e5-89e1b8755dd8
2019-10-14 10:25:58,198 [grpc-default-executor-6] INFO  server.GrpcServerProtocolService (GrpcServerProtocolService.java:onCompleted(113)) - da1611dd-f331-4f41-9503-72cb73569654: Completed APPEND_ENTRIES, lastRequest: f9d94a56-3fa0-438a-8a56-ab8ac89c506c->da1611dd-f331-4f41-9503-72cb73569654#11-t1, previous=(t:1, i:6), leaderCommit=6, initializing? false, entries: <empty>
2019-10-14 10:25:58,198 [main] INFO  impl.RoleInfo (RoleInfo.java:shutdownFollowerState(121)) - ecf3d7c5-d006-40fa-a3e5-89e1b8755dd8: shutdown FollowerState
2019-10-14 10:25:58,199 [grpc-default-executor-6] INFO  server.GrpcLogAppender (GrpcLogAppender.java:onCompleted(293)) - f9d94a56-3fa0-438a-8a56-ab8ac89c506c@group-457AECC02AF0->da1611dd-f331-4f41-9503-72cb73569654-AppendLogResponseHandler: follower responses appendEntries COMPLETED
2019-10-14 10:25:58,199 [ecf3d7c5-d006-40fa-a3e5-89e1b8755dd8@group-63277F840B8D-StateMachineUpdater] INFO  ratis.ContainerStateMachine (ContainerStateMachine.java:takeSnapshot(294)) - group-63277F840B8D: Taking a snapshot at:(t:1, i:11) file /workdir/hadoop-ozone/integration-test/target/test-dir/MiniOzoneClusterImpl-47ff539e-8602-4655-a791-f768753789ad/datanode-3/data/ratis/32cef0ea-84c8-4027-9f2d-63277f840b8d/sm/snapshot.1_11
2019-10-14 10:25:58,199 [Thread-3613] INFO  impl.FollowerState (FollowerState.java:run(117)) - ecf3d7c5-d006-40fa-a3e5-89e1b8755dd8@group-63277F840B8D-FollowerState was interrupted: java.lang.InterruptedException: sleep interrupted
2019-10-14 10:25:58,199 [main] INFO  impl.StateMachineUpdater (StateMachineUpdater.java:stopAndJoin(136)) - ecf3d7c5-d006-40fa-a3e5-89e1b8755dd8@group-63277F840B8D-StateMachineUpdater: set stopIndex = 14
2019-10-14 10:25:58,202 [grpc-default-executor-6] INFO  impl.FollowerInfo (FollowerInfo.java:lambda$new$0(51)) - f9d94a56-3fa0-438a-8a56-ab8ac89c506c@group-457AECC02AF0->da1611dd-f331-4f41-9503-72cb73569654: nextIndex: updateUnconditionally 7 -> 6
2019-10-14 10:25:58,231 [ecf3d7c5-d006-40fa-a3e5-89e1b8755dd8@group-63277F840B8D-StateMachineUpdater] INFO  ratis.ContainerStateMachine (ContainerStateMachine.java:takeSnapshot(305)) - group-63277F840B8D: Finished taking a snapshot at:(t:1, i:11) file:/workdir/hadoop-ozone/integration-test/target/test-dir/MiniOzoneClusterImpl-47ff539e-8602-4655-a791-f768753789ad/datanode-3/data/ratis/32cef0ea-84c8-4027-9f2d-63277f840b8d/sm/snapshot.1_11 time:33
2019-10-14 10:25:58,231 [f9d94a56-3fa0-438a-8a56-ab8ac89c506c@group-457AECC02AF0-StateMachineUpdater] INFO  ratis.ContainerStateMachine (ContainerStateMachine.java:takeSnapshot(305)) - group-457AECC02AF0: Finished taking a snapshot at:(t:1, i:6) file:/workdir/hadoop-ozone/integration-test/target/test-dir/MiniOzoneClusterImpl-47ff539e-8602-4655-a791-f768753789ad/datanode-2/data/ratis/9b985b8d-fd71-48ef-ae69-457aecc02af0/sm/snapshot.1_6 time:39
2019-10-14 10:25:58,231 [ecf3d7c5-d006-40fa-a3e5-89e1b8755dd8@group-63277F840B8D-StateMachineUpdater] INFO  impl.StateMachineUpdater (StateMachineUpdater.java:takeSnapshot(269)) - ecf3d7c5-d006-40fa-a3e5-89e1b8755dd8@group-63277F840B8D-StateMachineUpdater: Took a snapshot at index 11
2019-10-14 10:25:58,231 [ecf3d7c5-d006-40fa-a3e5-89e1b8755dd8@group-63277F840B8D-StateMachineUpdater] INFO  impl.StateMachineUpdater (StateMachineUpdater.java:lambda$new$0(84)) - ecf3d7c5-d006-40fa-a3e5-89e1b8755dd8@group-63277F840B8D-StateMachineUpdater: snapshotIndex: updateIncreasingly -1 -> 11
2019-10-14 10:25:58,232 [f9d94a56-3fa0-438a-8a56-ab8ac89c506c@group-457AECC02AF0-StateMachineUpdater] INFO  impl.StateMachineUpdater (StateMachineUpdater.java:takeSnapshot(269)) - f9d94a56-3fa0-438a-8a56-ab8ac89c506c@group-457AECC02AF0-StateMachineUpdater: Took a snapshot at index 6
2019-10-14 10:25:58,232 [f9d94a56-3fa0-438a-8a56-ab8ac89c506c@group-457AECC02AF0-StateMachineUpdater] INFO  impl.StateMachineUpdater (StateMachineUpdater.java:lambda$new$0(84)) - f9d94a56-3fa0-438a-8a56-ab8ac89c506c@group-457AECC02AF0-StateMachineUpdater: snapshotIndex: updateIncreasingly -1 -> 6
2019-10-14 10:25:58,232 [ecf3d7c5-d006-40fa-a3e5-89e1b8755dd8@group-63277F840B8D-StateMachineUpdater] INFO  ratis.ContainerStateMachine (ContainerStateMachine.java:takeSnapshot(294)) - group-63277F840B8D: Taking a snapshot at:(t:1, i:11) file /workdir/hadoop-ozone/integration-test/target/test-dir/MiniOzoneClusterImpl-47ff539e-8602-4655-a791-f768753789ad/datanode-3/data/ratis/32cef0ea-84c8-4027-9f2d-63277f840b8d/sm/snapshot.1_11
2019-10-14 10:25:58,232 [ForkJoinPool.commonPool-worker-0] INFO  impl.RaftServerImpl (ServerState.java:close(387)) - f9d94a56-3fa0-438a-8a56-ab8ac89c506c@group-457AECC02AF0: closes. applyIndex: 6
2019-10-14 10:25:58,233 [f9d94a56-3fa0-438a-8a56-ab8ac89c506c@group-457AECC02AF0-SegmentedRaftLogWorker] INFO  segmented.SegmentedRaftLogWorker (SegmentedRaftLogWorker.java:run(316)) - f9d94a56-3fa0-438a-8a56-ab8ac89c506c@group-457AECC02AF0-SegmentedRaftLogWorker was interrupted, exiting. There are 0 tasks remaining in the queue.
2019-10-14 10:25:58,236 [ForkJoinPool.commonPool-worker-0] INFO  segmented.SegmentedRaftLogWorker (SegmentedRaftLogWorker.java:close(224)) - f9d94a56-3fa0-438a-8a56-ab8ac89c506c@group-457AECC02AF0-SegmentedRaftLogWorker close()
2019-10-14 10:25:58,240 [ForkJoinPool.commonPool-worker-0] INFO  impl.RaftServerImpl (RaftServerImpl.java:lambda$shutdown$3(247)) - f9d94a56-3fa0-438a-8a56-ab8ac89c506c@group-990AAF5D4063: shutdown
2019-10-14 10:25:58,240 [ForkJoinPool.commonPool-worker-0] INFO  util.JmxRegister (JmxRegister.java:unregister(73)) - Successfully un-registered JMX Bean with object name Ratis:service=RaftServer,group=group-990AAF5D4063,id=f9d94a56-3fa0-438a-8a56-ab8ac89c506c
2019-10-14 10:25:58,240 [ForkJoinPool.commonPool-worker-0] INFO  impl.RoleInfo (RoleInfo.java:shutdownLeaderState(104)) - f9d94a56-3fa0-438a-8a56-ab8ac89c506c: shutdown LeaderState
2019-10-14 10:25:58,241 [ForkJoinPool.commonPool-worker-0] INFO  impl.PendingRequests (PendingRequests.java:sendNotLeaderResponses(202)) - f9d94a56-3fa0-438a-8a56-ab8ac89c506c@group-990AAF5D4063-PendingRequests: sendNotLeaderResponses
2019-10-14 10:25:58,241 [ForkJoinPool.commonPool-worker-0] INFO  impl.StateMachineUpdater (StateMachineUpdater.java:stopAndJoin(136)) - f9d94a56-3fa0-438a-8a56-ab8ac89c506c@group-990AAF5D4063-StateMachineUpdater: set stopIndex = 0
2019-10-14 10:25:58,241 [ForkJoinPool.commonPool-worker-0] INFO  impl.RaftServerImpl (ServerState.java:close(387)) - f9d94a56-3fa0-438a-8a56-ab8ac89c506c@group-990AAF5D4063: closes. applyIndex: 0
2019-10-14 10:25:58,242 [f9d94a56-3fa0-438a-8a56-ab8ac89c506c@group-990AAF5D4063-SegmentedRaftLogWorker] INFO  segmented.SegmentedRaftLogWorker (SegmentedRaftLogWorker.java:run(316)) - f9d94a56-3fa0-438a-8a56-ab8ac89c506c@group-990AAF5D4063-SegmentedRaftLogWorker was interrupted, exiting. There are 0 tasks remaining in the queue.
2019-10-14 10:25:58,244 [ForkJoinPool.commonPool-worker-0] INFO  segmented.SegmentedRaftLogWorker (SegmentedRaftLogWorker.java:close(224)) - f9d94a56-3fa0-438a-8a56-ab8ac89c506c@group-990AAF5D4063-SegmentedRaftLogWorker close()
2019-10-14 10:25:58,255 [ForkJoinPool.commonPool-worker-0] INFO  server.GrpcService (GrpcService.java:closeImpl(164)) - f9d94a56-3fa0-438a-8a56-ab8ac89c506c: shutdown server with port 39998 now
2019-10-14 10:25:58,255 [ecf3d7c5-d006-40fa-a3e5-89e1b8755dd8@group-63277F840B8D-StateMachineUpdater] INFO  ratis.ContainerStateMachine (ContainerStateMachine.java:takeSnapshot(305)) - group-63277F840B8D: Finished taking a snapshot at:(t:1, i:11) file:/workdir/hadoop-ozone/integration-test/target/test-dir/MiniOzoneClusterImpl-47ff539e-8602-4655-a791-f768753789ad/datanode-3/data/ratis/32cef0ea-84c8-4027-9f2d-63277f840b8d/sm/snapshot.1_11 time:14
2019-10-14 10:25:58,255 [ecf3d7c5-d006-40fa-a3e5-89e1b8755dd8@group-63277F840B8D-StateMachineUpdater] INFO  impl.StateMachineUpdater (StateMachineUpdater.java:takeSnapshot(269)) - ecf3d7c5-d006-40fa-a3e5-89e1b8755dd8@group-63277F840B8D-StateMachineUpdater: Took a snapshot at index 11
2019-10-14 10:25:58,256 [ecf3d7c5-d006-40fa-a3e5-89e1b8755dd8@group-63277F840B8D-StateMachineUpdater] INFO  impl.StateMachineUpdater (StateMachineUpdater.java:lambda$new$0(84)) - ecf3d7c5-d006-40fa-a3e5-89e1b8755dd8@group-63277F840B8D-StateMachineUpdater: snapshotIndex: updateIncreasingly 11 -> 11
2019-10-14 10:25:58,256 [main] INFO  impl.RaftServerImpl (ServerState.java:close(387)) - ecf3d7c5-d006-40fa-a3e5-89e1b8755dd8@group-63277F840B8D: closes. applyIndex: 14
2019-10-14 10:25:58,256 [grpc-default-executor-9] WARN  client.GrpcClientProtocolService (LogUtils.java:warn(134)) - 1-UnorderedRequestStreamObserver1: onError: org.apache.ratis.thirdparty.io.grpc.StatusRuntimeException: CANCELLED: cancelled before receiving half close
2019-10-14 10:25:58,256 [ForkJoinPool.commonPool-worker-0] INFO  server.GrpcService (GrpcService.java:closeImpl(172)) - f9d94a56-3fa0-438a-8a56-ab8ac89c506c: shutdown server with port 39998 successfully
2019-10-14 10:25:58,257 [ecf3d7c5-d006-40fa-a3e5-89e1b8755dd8@group-63277F840B8D-SegmentedRaftLogWorker] INFO  segmented.SegmentedRaftLogWorker (SegmentedRaftLogWorker.java:run(316)) - ecf3d7c5-d006-40fa-a3e5-89e1b8755dd8@group-63277F840B8D-SegmentedRaftLogWorker was interrupted, exiting. There are 0 tasks remaining in the queue.
2019-10-14 10:25:58,259 [main] INFO  segmented.SegmentedRaftLogWorker (SegmentedRaftLogWorker.java:close(224)) - ecf3d7c5-d006-40fa-a3e5-89e1b8755dd8@group-63277F840B8D-SegmentedRaftLogWorker close()
2019-10-14 10:25:58,261 [main] INFO  server.GrpcService (GrpcService.java:closeImpl(164)) - ecf3d7c5-d006-40fa-a3e5-89e1b8755dd8: shutdown server with port 33252 now
2019-10-14 10:25:58,262 [main] INFO  server.GrpcService (GrpcService.java:closeImpl(172)) - ecf3d7c5-d006-40fa-a3e5-89e1b8755dd8: shutdown server with port 33252 successfully
2019-10-14 10:25:58,262 [refreshUsed-/workdir/hadoop-ozone/integration-test/target/test-dir/MiniOzoneClusterImpl-47ff539e-8602-4655-a791-f768753789ad/datanode-2/data/containers] WARN  fs.CachingGetSpaceUsed (CachingGetSpaceUsed.java:run(183)) - Thread Interrupted waiting to refresh disk information: sleep interrupted
2019-10-14 10:25:58,265 [refreshUsed-/workdir/hadoop-ozone/integration-test/target/test-dir/MiniOzoneClusterImpl-47ff539e-8602-4655-a791-f768753789ad/datanode-3/data/containers] WARN  fs.CachingGetSpaceUsed (CachingGetSpaceUsed.java:run(183)) - Thread Interrupted waiting to refresh disk information: sleep interrupted
2019-10-14 10:25:58,273 [Thread-3605] INFO  impl.FollowerState (FollowerState.java:run(108)) - 7d5485eb-98a2-417e-8893-a021e5c10a65@group-63277F840B8D-FollowerState: change to CANDIDATE, lastRpcTime:5298ms, electionTimeout:5107ms
2019-10-14 10:25:58,273 [Thread-3605] INFO  impl.RoleInfo (RoleInfo.java:shutdownFollowerState(121)) - 7d5485eb-98a2-417e-8893-a021e5c10a65: shutdown FollowerState
2019-10-14 10:25:58,273 [Thread-3605] INFO  impl.RaftServerImpl (RaftServerImpl.java:setRole(170)) - 7d5485eb-98a2-417e-8893-a021e5c10a65@group-63277F840B8D: changes role from  FOLLOWER to CANDIDATE at term 1 for changeToCandidate
2019-10-14 10:25:58,273 [Thread-3605] INFO  impl.RoleInfo (RoleInfo.java:updateAndGet(143)) - 7d5485eb-98a2-417e-8893-a021e5c10a65: start LeaderElection
2019-10-14 10:25:58,275 [7d5485eb-98a2-417e-8893-a021e5c10a65@group-63277F840B8D-LeaderElection95] INFO  impl.RaftServerImpl (ServerState.java:setLeader(255)) - 7d5485eb-98a2-417e-8893-a021e5c10a65@group-63277F840B8D: change Leader from ed754b3d-dc69-4cc3-9634-7e4a70f3318e to null at term 1 for initElection
2019-10-14 10:25:58,279 [ForkJoinPool.commonPool-worker-0] INFO  utils.BackgroundService (BackgroundService.java:shutdown(151)) - Shutting down service BlockDeletingService
2019-10-14 10:25:58,284 [ForkJoinPool.commonPool-worker-0] INFO  statemachine.DatanodeStateMachine (DatanodeStateMachine.java:stopDaemon(395)) - Ozone container server stopped.
2019-10-14 10:25:58,302 [7d5485eb-98a2-417e-8893-a021e5c10a65@group-63277F840B8D-LeaderElection95] INFO  impl.LeaderElection (LeaderElection.java:askForVotes(178)) - 7d5485eb-98a2-417e-8893-a021e5c10a65@group-63277F840B8D-LeaderElection95: begin an election at term 2 for 0: [ecf3d7c5-d006-40fa-a3e5-89e1b8755dd8:192.168.151.118:33252, 7d5485eb-98a2-417e-8893-a021e5c10a65:192.168.151.118:35827, ed754b3d-dc69-4cc3-9634-7e4a70f3318e:192.168.151.118:45052], old=null
2019-10-14 10:25:58,302 [ForkJoinPool.commonPool-worker-0] INFO  handler.ContextHandler (ContextHandler.java:doStop(910)) - Stopped o.e.j.w.WebAppContext@652e345{/,null,UNAVAILABLE}{/hddsDatanode}
2019-10-14 10:25:58,303 [ForkJoinPool.commonPool-worker-0] INFO  server.AbstractConnector (AbstractConnector.java:doStop(318)) - Stopped ServerConnector@7574d4ad{HTTP/1.1,[http/1.1]}{0.0.0.0:0}
2019-10-14 10:25:58,305 [ForkJoinPool.commonPool-worker-0] INFO  handler.ContextHandler (ContextHandler.java:doStop(910)) - Stopped o.e.j.s.ServletContextHandler@48dff674{/static,jar:file:/home/user/.m2/repository/org/apache/hadoop/hadoop-hdds-container-service/0.5.0-SNAPSHOT/hadoop-hdds-container-service-0.5.0-SNAPSHOT.jar!/webapps/static,UNAVAILABLE}
2019-10-14 10:25:58,305 [main] INFO  utils.BackgroundService (BackgroundService.java:shutdown(151)) - Shutting down service BlockDeletingService
2019-10-14 10:25:58,307 [ForkJoinPool.commonPool-worker-0] INFO  handler.ContextHandler (ContextHandler.java:doStop(910)) - Stopped o.e.j.s.ServletContextHandler@541d4d9f{/logs,file:///workdir/hadoop-ozone/integration-test/target/log,UNAVAILABLE}
2019-10-14 10:25:58,317 [main] INFO  statemachine.DatanodeStateMachine (DatanodeStateMachine.java:stopDaemon(395)) - Ozone container server stopped.
2019-10-14 10:25:58,317 [7d5485eb-98a2-417e-8893-a021e5c10a65@group-63277F840B8D-LeaderElection95] INFO  impl.LeaderElection (LogUtils.java:infoOrTrace(149)) - 7d5485eb-98a2-417e-8893-a021e5c10a65@group-63277F840B8D-LeaderElection95 got exception when requesting votes: {}
java.util.concurrent.ExecutionException: org.apache.ratis.thirdparty.io.grpc.StatusRuntimeException: UNAVAILABLE: io exception
	at java.util.concurrent.FutureTask.report(FutureTask.java:122)
	at java.util.concurrent.FutureTask.get(FutureTask.java:192)
	at org.apache.ratis.server.impl.LeaderElection.waitForResults(LeaderElection.java:259)
	at org.apache.ratis.server.impl.LeaderElection.askForVotes(LeaderElection.java:197)
	at org.apache.ratis.server.impl.LeaderElection.run(LeaderElection.java:133)
	at java.lang.Thread.run(Thread.java:748)
Caused by: org.apache.ratis.thirdparty.io.grpc.StatusRuntimeException: UNAVAILABLE: io exception
	at org.apache.ratis.thirdparty.io.grpc.stub.ClientCalls.toStatusRuntimeException(ClientCalls.java:233)
	at org.apache.ratis.thirdparty.io.grpc.stub.ClientCalls.getUnchecked(ClientCalls.java:214)
	at org.apache.ratis.thirdparty.io.grpc.stub.ClientCalls.blockingUnaryCall(ClientCalls.java:139)
	at org.apache.ratis.proto.grpc.RaftServerProtocolServiceGrpc$RaftServerProtocolServiceBlockingStub.requestVote(RaftServerProtocolServiceGrpc.java:265)
	at org.apache.ratis.grpc.server.GrpcServerProtocolClient.requestVote(GrpcServerProtocolClient.java:99)
	at org.apache.ratis.grpc.server.GrpcService.requestVote(GrpcService.java:204)
	at org.apache.ratis.server.impl.LeaderElection.lambda$submitRequests$1(LeaderElection.java:234)
	at java.util.concurrent.FutureTask.run(FutureTask.java:266)
	at java.util.concurrent.Executors$RunnableAdapter.call(Executors.java:511)
	at java.util.concurrent.FutureTask.run(FutureTask.java:266)
	at java.util.concurrent.ThreadPoolExecutor.runWorker(ThreadPoolExecutor.java:1149)
	at java.util.concurrent.ThreadPoolExecutor$Worker.run(ThreadPoolExecutor.java:624)
	... 1 more
Caused by: org.apache.ratis.thirdparty.io.netty.channel.AbstractChannel$AnnotatedConnectException: Connection refused: /192.168.151.118:33252
	at sun.nio.ch.SocketChannelImpl.checkConnect(Native Method)
	at sun.nio.ch.SocketChannelImpl.finishConnect(SocketChannelImpl.java:717)
	at org.apache.ratis.thirdparty.io.netty.channel.socket.nio.NioSocketChannel.doFinishConnect(NioSocketChannel.java:327)
	at org.apache.ratis.thirdparty.io.netty.channel.nio.AbstractNioChannel$AbstractNioUnsafe.finishConnect(AbstractNioChannel.java:340)
	at org.apache.ratis.thirdparty.io.netty.channel.nio.NioEventLoop.processSelectedKey(NioEventLoop.java:632)
	at org.apache.ratis.thirdparty.io.netty.channel.nio.NioEventLoop.processSelectedKeysOptimized(NioEventLoop.java:579)
	at org.apache.ratis.thirdparty.io.netty.channel.nio.NioEventLoop.processSelectedKeys(NioEventLoop.java:496)
	at org.apache.ratis.thirdparty.io.netty.channel.nio.NioEventLoop.run(NioEventLoop.java:458)
	at org.apache.ratis.thirdparty.io.netty.util.concurrent.SingleThreadEventExecutor$5.run(SingleThreadEventExecutor.java:897)
	at org.apache.ratis.thirdparty.io.netty.util.concurrent.FastThreadLocalRunnable.run(FastThreadLocalRunnable.java:30)
	... 1 more
Caused by: java.net.ConnectException: Connection refused
	... 11 more
2019-10-14 10:25:58,319 [7d5485eb-98a2-417e-8893-a021e5c10a65@group-63277F840B8D-LeaderElection95] INFO  impl.LeaderElection (LogUtils.java:infoOrTrace(149)) - 7d5485eb-98a2-417e-8893-a021e5c10a65@group-63277F840B8D-LeaderElection95 got exception when requesting votes: {}
java.util.concurrent.ExecutionException: org.apache.ratis.thirdparty.io.grpc.StatusRuntimeException: UNAVAILABLE: io exception
	at java.util.concurrent.FutureTask.report(FutureTask.java:122)
	at java.util.concurrent.FutureTask.get(FutureTask.java:192)
	at org.apache.ratis.server.impl.LeaderElection.waitForResults(LeaderElection.java:259)
	at org.apache.ratis.server.impl.LeaderElection.askForVotes(LeaderElection.java:197)
	at org.apache.ratis.server.impl.LeaderElection.run(LeaderElection.java:133)
	at java.lang.Thread.run(Thread.java:748)
Caused by: org.apache.ratis.thirdparty.io.grpc.StatusRuntimeException: UNAVAILABLE: io exception
	at org.apache.ratis.thirdparty.io.grpc.stub.ClientCalls.toStatusRuntimeException(ClientCalls.java:233)
	at org.apache.ratis.thirdparty.io.grpc.stub.ClientCalls.getUnchecked(ClientCalls.java:214)
	at org.apache.ratis.thirdparty.io.grpc.stub.ClientCalls.blockingUnaryCall(ClientCalls.java:139)
	at org.apache.ratis.proto.grpc.RaftServerProtocolServiceGrpc$RaftServerProtocolServiceBlockingStub.requestVote(RaftServerProtocolServiceGrpc.java:265)
	at org.apache.ratis.grpc.server.GrpcServerProtocolClient.requestVote(GrpcServerProtocolClient.java:99)
	at org.apache.ratis.grpc.server.GrpcService.requestVote(GrpcService.java:204)
	at org.apache.ratis.server.impl.LeaderElection.lambda$submitRequests$1(LeaderElection.java:234)
	at java.util.concurrent.FutureTask.run(FutureTask.java:266)
	at java.util.concurrent.Executors$RunnableAdapter.call(Executors.java:511)
	at java.util.concurrent.FutureTask.run(FutureTask.java:266)
	at java.util.concurrent.ThreadPoolExecutor.runWorker(ThreadPoolExecutor.java:1149)
	at java.util.concurrent.ThreadPoolExecutor$Worker.run(ThreadPoolExecutor.java:624)
	... 1 more
Caused by: org.apache.ratis.thirdparty.io.netty.channel.AbstractChannel$AnnotatedConnectException: Connection refused: /192.168.151.118:45052
	at sun.nio.ch.SocketChannelImpl.checkConnect(Native Method)
	at sun.nio.ch.SocketChannelImpl.finishConnect(SocketChannelImpl.java:717)
	at org.apache.ratis.thirdparty.io.netty.channel.socket.nio.NioSocketChannel.doFinishConnect(NioSocketChannel.java:327)
	at org.apache.ratis.thirdparty.io.netty.channel.nio.AbstractNioChannel$AbstractNioUnsafe.finishConnect(AbstractNioChannel.java:340)
	at org.apache.ratis.thirdparty.io.netty.channel.nio.NioEventLoop.processSelectedKey(NioEventLoop.java:632)
	at org.apache.ratis.thirdparty.io.netty.channel.nio.NioEventLoop.processSelectedKeysOptimized(NioEventLoop.java:579)
	at org.apache.ratis.thirdparty.io.netty.channel.nio.NioEventLoop.processSelectedKeys(NioEventLoop.java:496)
	at org.apache.ratis.thirdparty.io.netty.channel.nio.NioEventLoop.run(NioEventLoop.java:458)
	at org.apache.ratis.thirdparty.io.netty.util.concurrent.SingleThreadEventExecutor$5.run(SingleThreadEventExecutor.java:897)
	at org.apache.ratis.thirdparty.io.netty.util.concurrent.FastThreadLocalRunnable.run(FastThreadLocalRunnable.java:30)
	... 1 more
Caused by: java.net.ConnectException: Connection refused
	... 11 more
2019-10-14 10:25:58,319 [main] INFO  handler.ContextHandler (ContextHandler.java:doStop(910)) - Stopped o.e.j.w.WebAppContext@74a58a06{/,null,UNAVAILABLE}{/hddsDatanode}
2019-10-14 10:25:58,321 [7d5485eb-98a2-417e-8893-a021e5c10a65@group-63277F840B8D-LeaderElection95] INFO  impl.LeaderElection (LeaderElection.java:logAndReturn(56)) - 7d5485eb-98a2-417e-8893-a021e5c10a65@group-63277F840B8D-LeaderElection95: Election REJECTED; received 0 response(s) [] and 2 exception(s); 7d5485eb-98a2-417e-8893-a021e5c10a65@group-63277F840B8D:t2, leader=null, voted=7d5485eb-98a2-417e-8893-a021e5c10a65, raftlog=7d5485eb-98a2-417e-8893-a021e5c10a65@group-63277F840B8D-SegmentedRaftLog:OPENED:c14,f14,i14, conf=0: [ecf3d7c5-d006-40fa-a3e5-89e1b8755dd8:192.168.151.118:33252, 7d5485eb-98a2-417e-8893-a021e5c10a65:192.168.151.118:35827, ed754b3d-dc69-4cc3-9634-7e4a70f3318e:192.168.151.118:45052], old=null
2019-10-14 10:25:58,322 [7d5485eb-98a2-417e-8893-a021e5c10a65@group-63277F840B8D-LeaderElection95] INFO  impl.LeaderElection (LogUtils.java:infoOrTrace(149)) -   Exception 0: {}
java.util.concurrent.ExecutionException: org.apache.ratis.thirdparty.io.grpc.StatusRuntimeException: UNAVAILABLE: io exception
	at java.util.concurrent.FutureTask.report(FutureTask.java:122)
	at java.util.concurrent.FutureTask.get(FutureTask.java:192)
	at org.apache.ratis.server.impl.LeaderElection.waitForResults(LeaderElection.java:259)
	at org.apache.ratis.server.impl.LeaderElection.askForVotes(LeaderElection.java:197)
	at org.apache.ratis.server.impl.LeaderElection.run(LeaderElection.java:133)
	at java.lang.Thread.run(Thread.java:748)
Caused by: org.apache.ratis.thirdparty.io.grpc.StatusRuntimeException: UNAVAILABLE: io exception
	at org.apache.ratis.thirdparty.io.grpc.stub.ClientCalls.toStatusRuntimeException(ClientCalls.java:233)
	at org.apache.ratis.thirdparty.io.grpc.stub.ClientCalls.getUnchecked(ClientCalls.java:214)
	at org.apache.ratis.thirdparty.io.grpc.stub.ClientCalls.blockingUnaryCall(ClientCalls.java:139)
	at org.apache.ratis.proto.grpc.RaftServerProtocolServiceGrpc$RaftServerProtocolServiceBlockingStub.requestVote(RaftServerProtocolServiceGrpc.java:265)
	at org.apache.ratis.grpc.server.GrpcServerProtocolClient.requestVote(GrpcServerProtocolClient.java:99)
	at org.apache.ratis.grpc.server.GrpcService.requestVote(GrpcService.java:204)
	at org.apache.ratis.server.impl.LeaderElection.lambda$submitRequests$1(LeaderElection.java:234)
	at java.util.concurrent.FutureTask.run(FutureTask.java:266)
	at java.util.concurrent.Executors$RunnableAdapter.call(Executors.java:511)
	at java.util.concurrent.FutureTask.run(FutureTask.java:266)
	at java.util.concurrent.ThreadPoolExecutor.runWorker(ThreadPoolExecutor.java:1149)
	at java.util.concurrent.ThreadPoolExecutor$Worker.run(ThreadPoolExecutor.java:624)
	... 1 more
Caused by: org.apache.ratis.thirdparty.io.netty.channel.AbstractChannel$AnnotatedConnectException: Connection refused: /192.168.151.118:33252
	at sun.nio.ch.SocketChannelImpl.checkConnect(Native Method)
	at sun.nio.ch.SocketChannelImpl.finishConnect(SocketChannelImpl.java:717)
	at org.apache.ratis.thirdparty.io.netty.channel.socket.nio.NioSocketChannel.doFinishConnect(NioSocketChannel.java:327)
	at org.apache.ratis.thirdparty.io.netty.channel.nio.AbstractNioChannel$AbstractNioUnsafe.finishConnect(AbstractNioChannel.java:340)
	at org.apache.ratis.thirdparty.io.netty.channel.nio.NioEventLoop.processSelectedKey(NioEventLoop.java:632)
	at org.apache.ratis.thirdparty.io.netty.channel.nio.NioEventLoop.processSelectedKeysOptimized(NioEventLoop.java:579)
	at org.apache.ratis.thirdparty.io.netty.channel.nio.NioEventLoop.processSelectedKeys(NioEventLoop.java:496)
	at org.apache.ratis.thirdparty.io.netty.channel.nio.NioEventLoop.run(NioEventLoop.java:458)
	at org.apache.ratis.thirdparty.io.netty.util.concurrent.SingleThreadEventExecutor$5.run(SingleThreadEventExecutor.java:897)
	at org.apache.ratis.thirdparty.io.netty.util.concurrent.FastThreadLocalRunnable.run(FastThreadLocalRunnable.java:30)
	... 1 more
Caused by: java.net.ConnectException: Connection refused
	... 11 more
2019-10-14 10:25:58,322 [main] INFO  server.AbstractConnector (AbstractConnector.java:doStop(318)) - Stopped ServerConnector@7308c820{HTTP/1.1,[http/1.1]}{0.0.0.0:0}
2019-10-14 10:25:58,322 [7d5485eb-98a2-417e-8893-a021e5c10a65@group-63277F840B8D-LeaderElection95] INFO  impl.LeaderElection (LogUtils.java:infoOrTrace(149)) -   Exception 1: {}
java.util.concurrent.ExecutionException: org.apache.ratis.thirdparty.io.grpc.StatusRuntimeException: UNAVAILABLE: io exception
	at java.util.concurrent.FutureTask.report(FutureTask.java:122)
	at java.util.concurrent.FutureTask.get(FutureTask.java:192)
	at org.apache.ratis.server.impl.LeaderElection.waitForResults(LeaderElection.java:259)
	at org.apache.ratis.server.impl.LeaderElection.askForVotes(LeaderElection.java:197)
	at org.apache.ratis.server.impl.LeaderElection.run(LeaderElection.java:133)
	at java.lang.Thread.run(Thread.java:748)
Caused by: org.apache.ratis.thirdparty.io.grpc.StatusRuntimeException: UNAVAILABLE: io exception
	at org.apache.ratis.thirdparty.io.grpc.stub.ClientCalls.toStatusRuntimeException(ClientCalls.java:233)
	at org.apache.ratis.thirdparty.io.grpc.stub.ClientCalls.getUnchecked(ClientCalls.java:214)
	at org.apache.ratis.thirdparty.io.grpc.stub.ClientCalls.blockingUnaryCall(ClientCalls.java:139)
	at org.apache.ratis.proto.grpc.RaftServerProtocolServiceGrpc$RaftServerProtocolServiceBlockingStub.requestVote(RaftServerProtocolServiceGrpc.java:265)
	at org.apache.ratis.grpc.server.GrpcServerProtocolClient.requestVote(GrpcServerProtocolClient.java:99)
	at org.apache.ratis.grpc.server.GrpcService.requestVote(GrpcService.java:204)
	at org.apache.ratis.server.impl.LeaderElection.lambda$submitRequests$1(LeaderElection.java:234)
	at java.util.concurrent.FutureTask.run(FutureTask.java:266)
	at java.util.concurrent.Executors$RunnableAdapter.call(Executors.java:511)
	at java.util.concurrent.FutureTask.run(FutureTask.java:266)
	at java.util.concurrent.ThreadPoolExecutor.runWorker(ThreadPoolExecutor.java:1149)
	at java.util.concurrent.ThreadPoolExecutor$Worker.run(ThreadPoolExecutor.java:624)
	... 1 more
Caused by: org.apache.ratis.thirdparty.io.netty.channel.AbstractChannel$AnnotatedConnectException: Connection refused: /192.168.151.118:45052
	at sun.nio.ch.SocketChannelImpl.checkConnect(Native Method)
	at sun.nio.ch.SocketChannelImpl.finishConnect(SocketChannelImpl.java:717)
	at org.apache.ratis.thirdparty.io.netty.channel.socket.nio.NioSocketChannel.doFinishConnect(NioSocketChannel.java:327)
	at org.apache.ratis.thirdparty.io.netty.channel.nio.AbstractNioChannel$AbstractNioUnsafe.finishConnect(AbstractNioChannel.java:340)
	at org.apache.ratis.thirdparty.io.netty.channel.nio.NioEventLoop.processSelectedKey(NioEventLoop.java:632)
	at org.apache.ratis.thirdparty.io.netty.channel.nio.NioEventLoop.processSelectedKeysOptimized(NioEventLoop.java:579)
	at org.apache.ratis.thirdparty.io.netty.channel.nio.NioEventLoop.processSelectedKeys(NioEventLoop.java:496)
	at org.apache.ratis.thirdparty.io.netty.channel.nio.NioEventLoop.run(NioEventLoop.java:458)
	at org.apache.ratis.thirdparty.io.netty.util.concurrent.SingleThreadEventExecutor$5.run(SingleThreadEventExecutor.java:897)
	at org.apache.ratis.thirdparty.io.netty.util.concurrent.FastThreadLocalRunnable.run(FastThreadLocalRunnable.java:30)
	... 1 more
Caused by: java.net.ConnectException: Connection refused
	... 11 more
2019-10-14 10:25:58,324 [main] INFO  handler.ContextHandler (ContextHandler.java:doStop(910)) - Stopped o.e.j.s.ServletContextHandler@1689527c{/static,jar:file:/home/user/.m2/repository/org/apache/hadoop/hadoop-hdds-container-service/0.5.0-SNAPSHOT/hadoop-hdds-container-service-0.5.0-SNAPSHOT.jar!/webapps/static,UNAVAILABLE}
2019-10-14 10:25:58,324 [7d5485eb-98a2-417e-8893-a021e5c10a65@group-63277F840B8D-LeaderElection95] INFO  impl.RaftServerImpl (RaftServerImpl.java:setRole(170)) - 7d5485eb-98a2-417e-8893-a021e5c10a65@group-63277F840B8D: changes role from CANDIDATE to FOLLOWER at term 2 for DISCOVERED_A_NEW_TERM
2019-10-14 10:25:58,324 [main] INFO  handler.ContextHandler (ContextHandler.java:doStop(910)) - Stopped o.e.j.s.ServletContextHandler@3271ec2a{/logs,file:///workdir/hadoop-ozone/integration-test/target/log,UNAVAILABLE}
2019-10-14 10:25:58,324 [7d5485eb-98a2-417e-8893-a021e5c10a65@group-63277F840B8D-LeaderElection95] INFO  impl.RoleInfo (RoleInfo.java:shutdownLeaderElection(134)) - 7d5485eb-98a2-417e-8893-a021e5c10a65: shutdown LeaderElection
2019-10-14 10:25:58,325 [7d5485eb-98a2-417e-8893-a021e5c10a65@group-63277F840B8D-LeaderElection95] INFO  impl.RoleInfo (RoleInfo.java:updateAndGet(143)) - 7d5485eb-98a2-417e-8893-a021e5c10a65: start FollowerState
2019-10-14 10:25:58,951 [Datanode State Machine Thread - 0] INFO  statemachine.DatanodeStateMachine (DatanodeStateMachine.java:lambda$startDaemon$0(350)) - Ozone container server started.
2019-10-14 10:25:58,990 [Datanode State Machine Thread - 0] INFO  statemachine.DatanodeStateMachine (DatanodeStateMachine.java:lambda$startDaemon$0(350)) - Ozone container server started.
2019-10-14 10:26:03,050 [EventQueue-StaleNodeForStaleNodeHandler] INFO  node.StaleNodeHandler (StaleNodeHandler.java:onMessage(58)) - Datanode 7d5485eb-98a2-417e-8893-a021e5c10a65{ip: 192.168.151.118, host: pr-hdds-2296-8rkbz-2376872687, networkLocation: /default-rack, certSerialId: null} moved to stale state. Finalizing its pipelines [PipelineID=32cef0ea-84c8-4027-9f2d-63277f840b8d, PipelineID=40880d60-ebf8-4b18-84b9-aff31d6ad4f4]
2019-10-14 10:26:03,050 [EventQueue-StaleNodeForStaleNodeHandler] INFO  pipeline.SCMPipelineManager (SCMPipelineManager.java:finalizeAndDestroyPipeline(315)) - destroying pipeline:Pipeline[ Id: 32cef0ea-84c8-4027-9f2d-63277f840b8d, Nodes: ed754b3d-dc69-4cc3-9634-7e4a70f3318e{ip: 192.168.151.118, host: pr-hdds-2296-8rkbz-2376872687, networkLocation: /default-rack, certSerialId: null}ecf3d7c5-d006-40fa-a3e5-89e1b8755dd8{ip: 192.168.151.118, host: pr-hdds-2296-8rkbz-2376872687, networkLocation: /default-rack, certSerialId: null}7d5485eb-98a2-417e-8893-a021e5c10a65{ip: 192.168.151.118, host: pr-hdds-2296-8rkbz-2376872687, networkLocation: /default-rack, certSerialId: null}, Type:RATIS, Factor:THREE, State:CLOSED]
2019-10-14 10:26:03,050 [EventQueue-StaleNodeForStaleNodeHandler] INFO  pipeline.SCMPipelineManager (SCMPipelineManager.java:finalizeAndDestroyPipeline(315)) - destroying pipeline:Pipeline[ Id: 40880d60-ebf8-4b18-84b9-aff31d6ad4f4, Nodes: 7d5485eb-98a2-417e-8893-a021e5c10a65{ip: 192.168.151.118, host: pr-hdds-2296-8rkbz-2376872687, networkLocation: /default-rack, certSerialId: null}, Type:RATIS, Factor:ONE, State:OPEN]
2019-10-14 10:26:03,050 [EventQueue-StaleNodeForStaleNodeHandler] INFO  pipeline.PipelineStateManager (PipelineStateManager.java:finalizePipeline(123)) - Pipeline Pipeline[ Id: 40880d60-ebf8-4b18-84b9-aff31d6ad4f4, Nodes: 7d5485eb-98a2-417e-8893-a021e5c10a65{ip: 192.168.151.118, host: pr-hdds-2296-8rkbz-2376872687, networkLocation: /default-rack, certSerialId: null}, Type:RATIS, Factor:ONE, State:CLOSED] moved to CLOSED state
2019-10-14 10:26:03,050 [EventQueue-StaleNodeForStaleNodeHandler] INFO  node.StaleNodeHandler (StaleNodeHandler.java:onMessage(58)) - Datanode 92f62135-9987-4782-b20c-15a380a16cff{ip: 192.168.151.118, host: pr-hdds-2296-8rkbz-2376872687, networkLocation: /default-rack, certSerialId: null} moved to stale state. Finalizing its pipelines [PipelineID=8739f146-50a2-4ed4-9860-65d4daa02d60]
2019-10-14 10:26:03,050 [EventQueue-StaleNodeForStaleNodeHandler] INFO  pipeline.SCMPipelineManager (SCMPipelineManager.java:finalizeAndDestroyPipeline(315)) - destroying pipeline:Pipeline[ Id: 8739f146-50a2-4ed4-9860-65d4daa02d60, Nodes: 92f62135-9987-4782-b20c-15a380a16cff{ip: 192.168.151.118, host: pr-hdds-2296-8rkbz-2376872687, networkLocation: /default-rack, certSerialId: null}, Type:RATIS, Factor:ONE, State:OPEN]
2019-10-14 10:26:03,051 [EventQueue-StaleNodeForStaleNodeHandler] INFO  pipeline.PipelineStateManager (PipelineStateManager.java:finalizePipeline(123)) - Pipeline Pipeline[ Id: 8739f146-50a2-4ed4-9860-65d4daa02d60, Nodes: 92f62135-9987-4782-b20c-15a380a16cff{ip: 192.168.151.118, host: pr-hdds-2296-8rkbz-2376872687, networkLocation: /default-rack, certSerialId: null}, Type:RATIS, Factor:ONE, State:CLOSED] moved to CLOSED state
2019-10-14 10:26:03,318 [ForkJoinPool.commonPool-worker-0] INFO  ozoneimpl.OzoneContainer (OzoneContainer.java:stop(227)) - Attempting to stop container services.
2019-10-14 10:26:03,322 [ForkJoinPool.commonPool-worker-0] INFO  impl.RaftServerProxy (RaftServerProxy.java:lambda$close$4(314)) - 7d5485eb-98a2-417e-8893-a021e5c10a65: close
2019-10-14 10:26:03,323 [ForkJoinPool.commonPool-worker-0] INFO  impl.RaftServerImpl (RaftServerImpl.java:lambda$shutdown$3(247)) - 7d5485eb-98a2-417e-8893-a021e5c10a65@group-63277F840B8D: shutdown
2019-10-14 10:26:03,323 [ForkJoinPool.commonPool-worker-0] INFO  util.JmxRegister (JmxRegister.java:unregister(73)) - Successfully un-registered JMX Bean with object name Ratis:service=RaftServer,group=group-63277F840B8D,id=7d5485eb-98a2-417e-8893-a021e5c10a65
2019-10-14 10:26:03,323 [ForkJoinPool.commonPool-worker-0] INFO  impl.RoleInfo (RoleInfo.java:shutdownFollowerState(121)) - 7d5485eb-98a2-417e-8893-a021e5c10a65: shutdown FollowerState
2019-10-14 10:26:03,323 [ForkJoinPool.commonPool-worker-0] INFO  impl.StateMachineUpdater (StateMachineUpdater.java:stopAndJoin(136)) - 7d5485eb-98a2-417e-8893-a021e5c10a65@group-63277F840B8D-StateMachineUpdater: set stopIndex = 14
2019-10-14 10:26:03,324 [Thread-3760] INFO  impl.FollowerState (FollowerState.java:run(117)) - 7d5485eb-98a2-417e-8893-a021e5c10a65@group-63277F840B8D-FollowerState was interrupted: java.lang.InterruptedException: sleep interrupted
2019-10-14 10:26:03,324 [7d5485eb-98a2-417e-8893-a021e5c10a65@group-63277F840B8D-StateMachineUpdater] INFO  ratis.ContainerStateMachine (ContainerStateMachine.java:takeSnapshot(294)) - group-63277F840B8D: Taking a snapshot at:(t:1, i:11) file /workdir/hadoop-ozone/integration-test/target/test-dir/MiniOzoneClusterImpl-47ff539e-8602-4655-a791-f768753789ad/datanode-0/data/ratis/32cef0ea-84c8-4027-9f2d-63277f840b8d/sm/snapshot.1_11
2019-10-14 10:26:03,326 [main] INFO  ozoneimpl.OzoneContainer (OzoneContainer.java:stop(227)) - Attempting to stop container services.
2019-10-14 10:26:03,327 [main] INFO  impl.RaftServerProxy (RaftServerProxy.java:lambda$close$4(314)) - 92f62135-9987-4782-b20c-15a380a16cff: close
2019-10-14 10:26:03,327 [main] INFO  impl.RaftServerImpl (RaftServerImpl.java:lambda$shutdown$3(247)) - 92f62135-9987-4782-b20c-15a380a16cff@group-65D4DAA02D60: shutdown
2019-10-14 10:26:03,328 [main] INFO  util.JmxRegister (JmxRegister.java:unregister(73)) - Successfully un-registered JMX Bean with object name Ratis:service=RaftServer,group=group-65D4DAA02D60,id=92f62135-9987-4782-b20c-15a380a16cff
2019-10-14 10:26:03,328 [main] INFO  impl.RoleInfo (RoleInfo.java:shutdownLeaderState(104)) - 92f62135-9987-4782-b20c-15a380a16cff: shutdown LeaderState
2019-10-14 10:26:03,329 [main] INFO  impl.PendingRequests (PendingRequests.java:sendNotLeaderResponses(202)) - 92f62135-9987-4782-b20c-15a380a16cff@group-65D4DAA02D60-PendingRequests: sendNotLeaderResponses
2019-10-14 10:26:03,330 [main] INFO  impl.StateMachineUpdater (StateMachineUpdater.java:stopAndJoin(136)) - 92f62135-9987-4782-b20c-15a380a16cff@group-65D4DAA02D60-StateMachineUpdater: set stopIndex = 0
2019-10-14 10:26:03,330 [main] INFO  impl.RaftServerImpl (ServerState.java:close(387)) - 92f62135-9987-4782-b20c-15a380a16cff@group-65D4DAA02D60: closes. applyIndex: 0
2019-10-14 10:26:03,331 [92f62135-9987-4782-b20c-15a380a16cff@group-65D4DAA02D60-SegmentedRaftLogWorker] INFO  segmented.SegmentedRaftLogWorker (SegmentedRaftLogWorker.java:run(316)) - 92f62135-9987-4782-b20c-15a380a16cff@group-65D4DAA02D60-SegmentedRaftLogWorker was interrupted, exiting. There are 0 tasks remaining in the queue.
2019-10-14 10:26:03,332 [main] INFO  segmented.SegmentedRaftLogWorker (SegmentedRaftLogWorker.java:close(224)) - 92f62135-9987-4782-b20c-15a380a16cff@group-65D4DAA02D60-SegmentedRaftLogWorker close()
2019-10-14 10:26:03,335 [main] INFO  server.GrpcService (GrpcService.java:closeImpl(164)) - 92f62135-9987-4782-b20c-15a380a16cff: shutdown server with port 45519 now
2019-10-14 10:26:03,337 [main] INFO  server.GrpcService (GrpcService.java:closeImpl(172)) - 92f62135-9987-4782-b20c-15a380a16cff: shutdown server with port 45519 successfully
2019-10-14 10:26:03,341 [7d5485eb-98a2-417e-8893-a021e5c10a65@group-63277F840B8D-StateMachineUpdater] INFO  ratis.ContainerStateMachine (ContainerStateMachine.java:takeSnapshot(305)) - group-63277F840B8D: Finished taking a snapshot at:(t:1, i:11) file:/workdir/hadoop-ozone/integration-test/target/test-dir/MiniOzoneClusterImpl-47ff539e-8602-4655-a791-f768753789ad/datanode-0/data/ratis/32cef0ea-84c8-4027-9f2d-63277f840b8d/sm/snapshot.1_11 time:17
2019-10-14 10:26:03,342 [7d5485eb-98a2-417e-8893-a021e5c10a65@group-63277F840B8D-StateMachineUpdater] INFO  impl.StateMachineUpdater (StateMachineUpdater.java:takeSnapshot(269)) - 7d5485eb-98a2-417e-8893-a021e5c10a65@group-63277F840B8D-StateMachineUpdater: Took a snapshot at index 11
2019-10-14 10:26:03,342 [7d5485eb-98a2-417e-8893-a021e5c10a65@group-63277F840B8D-StateMachineUpdater] INFO  impl.StateMachineUpdater (StateMachineUpdater.java:lambda$new$0(84)) - 7d5485eb-98a2-417e-8893-a021e5c10a65@group-63277F840B8D-StateMachineUpdater: snapshotIndex: updateIncreasingly -1 -> 11
2019-10-14 10:26:03,343 [7d5485eb-98a2-417e-8893-a021e5c10a65@group-63277F840B8D-StateMachineUpdater] INFO  ratis.ContainerStateMachine (ContainerStateMachine.java:takeSnapshot(294)) - group-63277F840B8D: Taking a snapshot at:(t:1, i:11) file /workdir/hadoop-ozone/integration-test/target/test-dir/MiniOzoneClusterImpl-47ff539e-8602-4655-a791-f768753789ad/datanode-0/data/ratis/32cef0ea-84c8-4027-9f2d-63277f840b8d/sm/snapshot.1_11
2019-10-14 10:26:03,343 [refreshUsed-/workdir/hadoop-ozone/integration-test/target/test-dir/MiniOzoneClusterImpl-47ff539e-8602-4655-a791-f768753789ad/datanode-6/data/containers] WARN  fs.CachingGetSpaceUsed (CachingGetSpaceUsed.java:run(183)) - Thread Interrupted waiting to refresh disk information: sleep interrupted
2019-10-14 10:26:03,356 [7d5485eb-98a2-417e-8893-a021e5c10a65@group-63277F840B8D-StateMachineUpdater] INFO  ratis.ContainerStateMachine (ContainerStateMachine.java:takeSnapshot(305)) - group-63277F840B8D: Finished taking a snapshot at:(t:1, i:11) file:/workdir/hadoop-ozone/integration-test/target/test-dir/MiniOzoneClusterImpl-47ff539e-8602-4655-a791-f768753789ad/datanode-0/data/ratis/32cef0ea-84c8-4027-9f2d-63277f840b8d/sm/snapshot.1_11 time:13
2019-10-14 10:26:03,356 [7d5485eb-98a2-417e-8893-a021e5c10a65@group-63277F840B8D-StateMachineUpdater] INFO  impl.StateMachineUpdater (StateMachineUpdater.java:takeSnapshot(269)) - 7d5485eb-98a2-417e-8893-a021e5c10a65@group-63277F840B8D-StateMachineUpdater: Took a snapshot at index 11
2019-10-14 10:26:03,356 [7d5485eb-98a2-417e-8893-a021e5c10a65@group-63277F840B8D-StateMachineUpdater] INFO  impl.StateMachineUpdater (StateMachineUpdater.java:lambda$new$0(84)) - 7d5485eb-98a2-417e-8893-a021e5c10a65@group-63277F840B8D-StateMachineUpdater: snapshotIndex: updateIncreasingly 11 -> 11
2019-10-14 10:26:03,357 [ForkJoinPool.commonPool-worker-0] INFO  impl.RaftServerImpl (ServerState.java:close(387)) - 7d5485eb-98a2-417e-8893-a021e5c10a65@group-63277F840B8D: closes. applyIndex: 14
2019-10-14 10:26:03,357 [7d5485eb-98a2-417e-8893-a021e5c10a65@group-63277F840B8D-SegmentedRaftLogWorker] INFO  segmented.SegmentedRaftLogWorker (SegmentedRaftLogWorker.java:run(316)) - 7d5485eb-98a2-417e-8893-a021e5c10a65@group-63277F840B8D-SegmentedRaftLogWorker was interrupted, exiting. There are 0 tasks remaining in the queue.
2019-10-14 10:26:03,359 [ForkJoinPool.commonPool-worker-0] INFO  segmented.SegmentedRaftLogWorker (SegmentedRaftLogWorker.java:close(224)) - 7d5485eb-98a2-417e-8893-a021e5c10a65@group-63277F840B8D-SegmentedRaftLogWorker close()
2019-10-14 10:26:03,360 [ForkJoinPool.commonPool-worker-0] INFO  impl.RaftServerImpl (RaftServerImpl.java:lambda$shutdown$3(247)) - 7d5485eb-98a2-417e-8893-a021e5c10a65@group-AFF31D6AD4F4: shutdown
2019-10-14 10:26:03,361 [ForkJoinPool.commonPool-worker-0] INFO  util.JmxRegister (JmxRegister.java:unregister(73)) - Successfully un-registered JMX Bean with object name Ratis:service=RaftServer,group=group-AFF31D6AD4F4,id=7d5485eb-98a2-417e-8893-a021e5c10a65
2019-10-14 10:26:03,361 [ForkJoinPool.commonPool-worker-0] INFO  impl.RoleInfo (RoleInfo.java:shutdownLeaderState(104)) - 7d5485eb-98a2-417e-8893-a021e5c10a65: shutdown LeaderState
2019-10-14 10:26:03,361 [ForkJoinPool.commonPool-worker-0] INFO  impl.PendingRequests (PendingRequests.java:sendNotLeaderResponses(202)) - 7d5485eb-98a2-417e-8893-a021e5c10a65@group-AFF31D6AD4F4-PendingRequests: sendNotLeaderResponses
2019-10-14 10:26:03,362 [ForkJoinPool.commonPool-worker-0] INFO  impl.StateMachineUpdater (StateMachineUpdater.java:stopAndJoin(136)) - 7d5485eb-98a2-417e-8893-a021e5c10a65@group-AFF31D6AD4F4-StateMachineUpdater: set stopIndex = 0
2019-10-14 10:26:03,362 [ForkJoinPool.commonPool-worker-0] INFO  impl.RaftServerImpl (ServerState.java:close(387)) - 7d5485eb-98a2-417e-8893-a021e5c10a65@group-AFF31D6AD4F4: closes. applyIndex: 0
2019-10-14 10:26:03,363 [7d5485eb-98a2-417e-8893-a021e5c10a65@group-AFF31D6AD4F4-SegmentedRaftLogWorker] INFO  segmented.SegmentedRaftLogWorker (SegmentedRaftLogWorker.java:run(316)) - 7d5485eb-98a2-417e-8893-a021e5c10a65@group-AFF31D6AD4F4-SegmentedRaftLogWorker was interrupted, exiting. There are 0 tasks remaining in the queue.
2019-10-14 10:26:03,364 [ForkJoinPool.commonPool-worker-0] INFO  segmented.SegmentedRaftLogWorker (SegmentedRaftLogWorker.java:close(224)) - 7d5485eb-98a2-417e-8893-a021e5c10a65@group-AFF31D6AD4F4-SegmentedRaftLogWorker close()
2019-10-14 10:26:03,365 [ForkJoinPool.commonPool-worker-0] INFO  server.GrpcService (GrpcService.java:closeImpl(164)) - 7d5485eb-98a2-417e-8893-a021e5c10a65: shutdown server with port 35827 now
2019-10-14 10:26:03,366 [ForkJoinPool.commonPool-worker-0] INFO  server.GrpcService (GrpcService.java:closeImpl(172)) - 7d5485eb-98a2-417e-8893-a021e5c10a65: shutdown server with port 35827 successfully
2019-10-14 10:26:03,367 [main] INFO  utils.BackgroundService (BackgroundService.java:shutdown(151)) - Shutting down service BlockDeletingService
2019-10-14 10:26:03,370 [refreshUsed-/workdir/hadoop-ozone/integration-test/target/test-dir/MiniOzoneClusterImpl-47ff539e-8602-4655-a791-f768753789ad/datanode-0/data/containers] WARN  fs.CachingGetSpaceUsed (CachingGetSpaceUsed.java:run(183)) - Thread Interrupted waiting to refresh disk information: sleep interrupted
2019-10-14 10:26:03,371 [main] INFO  statemachine.DatanodeStateMachine (DatanodeStateMachine.java:stopDaemon(395)) - Ozone container server stopped.
2019-10-14 10:26:03,372 [main] INFO  handler.ContextHandler (ContextHandler.java:doStop(910)) - Stopped o.e.j.w.WebAppContext@653a5967{/,null,UNAVAILABLE}{/hddsDatanode}
2019-10-14 10:26:03,373 [main] INFO  server.AbstractConnector (AbstractConnector.java:doStop(318)) - Stopped ServerConnector@5a85b4e6{HTTP/1.1,[http/1.1]}{0.0.0.0:0}
2019-10-14 10:26:03,374 [main] INFO  handler.ContextHandler (ContextHandler.java:doStop(910)) - Stopped o.e.j.s.ServletContextHandler@4d43a1b7{/static,jar:file:/home/user/.m2/repository/org/apache/hadoop/hadoop-hdds-container-service/0.5.0-SNAPSHOT/hadoop-hdds-container-service-0.5.0-SNAPSHOT.jar!/webapps/static,UNAVAILABLE}
2019-10-14 10:26:03,375 [main] INFO  handler.ContextHandler (ContextHandler.java:doStop(910)) - Stopped o.e.j.s.ServletContextHandler@1d1bf7bf{/logs,file:///workdir/hadoop-ozone/integration-test/target/log,UNAVAILABLE}
2019-10-14 10:26:03,390 [ForkJoinPool.commonPool-worker-0] INFO  utils.BackgroundService (BackgroundService.java:shutdown(151)) - Shutting down service BlockDeletingService
2019-10-14 10:26:03,401 [ForkJoinPool.commonPool-worker-0] INFO  statemachine.DatanodeStateMachine (DatanodeStateMachine.java:stopDaemon(395)) - Ozone container server stopped.
2019-10-14 10:26:03,403 [ForkJoinPool.commonPool-worker-0] INFO  handler.ContextHandler (ContextHandler.java:doStop(910)) - Stopped o.e.j.w.WebAppContext@852ef8d{/,null,UNAVAILABLE}{/hddsDatanode}
2019-10-14 10:26:03,404 [ForkJoinPool.commonPool-worker-0] INFO  server.AbstractConnector (AbstractConnector.java:doStop(318)) - Stopped ServerConnector@44dd0d38{HTTP/1.1,[http/1.1]}{0.0.0.0:0}
2019-10-14 10:26:03,405 [ForkJoinPool.commonPool-worker-0] INFO  handler.ContextHandler (ContextHandler.java:doStop(910)) - Stopped o.e.j.s.ServletContextHandler@37c1cfa{/static,jar:file:/home/user/.m2/repository/org/apache/hadoop/hadoop-hdds-container-service/0.5.0-SNAPSHOT/hadoop-hdds-container-service-0.5.0-SNAPSHOT.jar!/webapps/static,UNAVAILABLE}
2019-10-14 10:26:03,407 [ForkJoinPool.commonPool-worker-0] INFO  handler.ContextHandler (ContextHandler.java:doStop(910)) - Stopped o.e.j.s.ServletContextHandler@23648d2d{/logs,file:///workdir/hadoop-ozone/integration-test/target/log,UNAVAILABLE}
2019-10-14 10:26:03,607 [Thread-3626] INFO  impl.FollowerState (FollowerState.java:run(108)) - da1611dd-f331-4f41-9503-72cb73569654@group-457AECC02AF0-FollowerState: change to CANDIDATE, lastRpcTime:7888ms, electionTimeout:5142ms
2019-10-14 10:26:03,607 [Thread-3626] INFO  impl.RoleInfo (RoleInfo.java:shutdownFollowerState(121)) - da1611dd-f331-4f41-9503-72cb73569654: shutdown FollowerState
2019-10-14 10:26:03,607 [Thread-3626] INFO  impl.RaftServerImpl (RaftServerImpl.java:setRole(170)) - da1611dd-f331-4f41-9503-72cb73569654@group-457AECC02AF0: changes role from  FOLLOWER to CANDIDATE at term 1 for changeToCandidate
2019-10-14 10:26:03,607 [Thread-3626] INFO  impl.RoleInfo (RoleInfo.java:updateAndGet(143)) - da1611dd-f331-4f41-9503-72cb73569654: start LeaderElection
2019-10-14 10:26:03,609 [da1611dd-f331-4f41-9503-72cb73569654@group-457AECC02AF0-LeaderElection96] INFO  impl.RaftServerImpl (ServerState.java:setLeader(255)) - da1611dd-f331-4f41-9503-72cb73569654@group-457AECC02AF0: change Leader from f9d94a56-3fa0-438a-8a56-ab8ac89c506c to null at term 1 for initElection
2019-10-14 10:26:03,622 [da1611dd-f331-4f41-9503-72cb73569654@group-457AECC02AF0-LeaderElection96] INFO  impl.LeaderElection (LeaderElection.java:askForVotes(178)) - da1611dd-f331-4f41-9503-72cb73569654@group-457AECC02AF0-LeaderElection96: begin an election at term 2 for 0: [f9d94a56-3fa0-438a-8a56-ab8ac89c506c:192.168.151.118:39998, f5ac7400-e094-47f8-9db6-ca035a1b2b73:192.168.151.118:32856, da1611dd-f331-4f41-9503-72cb73569654:192.168.151.118:43263], old=null
2019-10-14 10:26:03,624 [da1611dd-f331-4f41-9503-72cb73569654@group-457AECC02AF0-LeaderElection96] INFO  impl.LeaderElection (LogUtils.java:infoOrTrace(149)) - da1611dd-f331-4f41-9503-72cb73569654@group-457AECC02AF0-LeaderElection96 got exception when requesting votes: {}
java.util.concurrent.ExecutionException: org.apache.ratis.thirdparty.io.grpc.StatusRuntimeException: UNAVAILABLE: io exception
	at java.util.concurrent.FutureTask.report(FutureTask.java:122)
	at java.util.concurrent.FutureTask.get(FutureTask.java:192)
	at org.apache.ratis.server.impl.LeaderElection.waitForResults(LeaderElection.java:259)
	at org.apache.ratis.server.impl.LeaderElection.askForVotes(LeaderElection.java:197)
	at org.apache.ratis.server.impl.LeaderElection.run(LeaderElection.java:133)
	at java.lang.Thread.run(Thread.java:748)
Caused by: org.apache.ratis.thirdparty.io.grpc.StatusRuntimeException: UNAVAILABLE: io exception
	at org.apache.ratis.thirdparty.io.grpc.stub.ClientCalls.toStatusRuntimeException(ClientCalls.java:233)
	at org.apache.ratis.thirdparty.io.grpc.stub.ClientCalls.getUnchecked(ClientCalls.java:214)
	at org.apache.ratis.thirdparty.io.grpc.stub.ClientCalls.blockingUnaryCall(ClientCalls.java:139)
	at org.apache.ratis.proto.grpc.RaftServerProtocolServiceGrpc$RaftServerProtocolServiceBlockingStub.requestVote(RaftServerProtocolServiceGrpc.java:265)
	at org.apache.ratis.grpc.server.GrpcServerProtocolClient.requestVote(GrpcServerProtocolClient.java:99)
	at org.apache.ratis.grpc.server.GrpcService.requestVote(GrpcService.java:204)
	at org.apache.ratis.server.impl.LeaderElection.lambda$submitRequests$1(LeaderElection.java:234)
	at java.util.concurrent.FutureTask.run(FutureTask.java:266)
	at java.util.concurrent.Executors$RunnableAdapter.call(Executors.java:511)
	at java.util.concurrent.FutureTask.run(FutureTask.java:266)
	at java.util.concurrent.ThreadPoolExecutor.runWorker(ThreadPoolExecutor.java:1149)
	at java.util.concurrent.ThreadPoolExecutor$Worker.run(ThreadPoolExecutor.java:624)
	... 1 more
Caused by: org.apache.ratis.thirdparty.io.netty.channel.AbstractChannel$AnnotatedConnectException: Connection refused: /192.168.151.118:39998
	at sun.nio.ch.SocketChannelImpl.checkConnect(Native Method)
	at sun.nio.ch.SocketChannelImpl.finishConnect(SocketChannelImpl.java:717)
	at org.apache.ratis.thirdparty.io.netty.channel.socket.nio.NioSocketChannel.doFinishConnect(NioSocketChannel.java:327)
	at org.apache.ratis.thirdparty.io.netty.channel.nio.AbstractNioChannel$AbstractNioUnsafe.finishConnect(AbstractNioChannel.java:340)
	at org.apache.ratis.thirdparty.io.netty.channel.nio.NioEventLoop.processSelectedKey(NioEventLoop.java:632)
	at org.apache.ratis.thirdparty.io.netty.channel.nio.NioEventLoop.processSelectedKeysOptimized(NioEventLoop.java:579)
	at org.apache.ratis.thirdparty.io.netty.channel.nio.NioEventLoop.processSelectedKeys(NioEventLoop.java:496)
	at org.apache.ratis.thirdparty.io.netty.channel.nio.NioEventLoop.run(NioEventLoop.java:458)
	at org.apache.ratis.thirdparty.io.netty.util.concurrent.SingleThreadEventExecutor$5.run(SingleThreadEventExecutor.java:897)
	at org.apache.ratis.thirdparty.io.netty.util.concurrent.FastThreadLocalRunnable.run(FastThreadLocalRunnable.java:30)
	... 1 more
Caused by: java.net.ConnectException: Connection refused
	... 11 more
2019-10-14 10:26:03,627 [da1611dd-f331-4f41-9503-72cb73569654@group-457AECC02AF0-LeaderElection96] INFO  impl.LeaderElection (LogUtils.java:infoOrTrace(149)) - da1611dd-f331-4f41-9503-72cb73569654@group-457AECC02AF0-LeaderElection96 got exception when requesting votes: {}
java.util.concurrent.ExecutionException: org.apache.ratis.thirdparty.io.grpc.StatusRuntimeException: UNAVAILABLE: io exception
	at java.util.concurrent.FutureTask.report(FutureTask.java:122)
	at java.util.concurrent.FutureTask.get(FutureTask.java:192)
	at org.apache.ratis.server.impl.LeaderElection.waitForResults(LeaderElection.java:259)
	at org.apache.ratis.server.impl.LeaderElection.askForVotes(LeaderElection.java:197)
	at org.apache.ratis.server.impl.LeaderElection.run(LeaderElection.java:133)
	at java.lang.Thread.run(Thread.java:748)
Caused by: org.apache.ratis.thirdparty.io.grpc.StatusRuntimeException: UNAVAILABLE: io exception
	at org.apache.ratis.thirdparty.io.grpc.stub.ClientCalls.toStatusRuntimeException(ClientCalls.java:233)
	at org.apache.ratis.thirdparty.io.grpc.stub.ClientCalls.getUnchecked(ClientCalls.java:214)
	at org.apache.ratis.thirdparty.io.grpc.stub.ClientCalls.blockingUnaryCall(ClientCalls.java:139)
	at org.apache.ratis.proto.grpc.RaftServerProtocolServiceGrpc$RaftServerProtocolServiceBlockingStub.requestVote(RaftServerProtocolServiceGrpc.java:265)
	at org.apache.ratis.grpc.server.GrpcServerProtocolClient.requestVote(GrpcServerProtocolClient.java:99)
	at org.apache.ratis.grpc.server.GrpcService.requestVote(GrpcService.java:204)
	at org.apache.ratis.server.impl.LeaderElection.lambda$submitRequests$1(LeaderElection.java:234)
	at java.util.concurrent.FutureTask.run(FutureTask.java:266)
	at java.util.concurrent.Executors$RunnableAdapter.call(Executors.java:511)
	at java.util.concurrent.FutureTask.run(FutureTask.java:266)
	at java.util.concurrent.ThreadPoolExecutor.runWorker(ThreadPoolExecutor.java:1149)
	at java.util.concurrent.ThreadPoolExecutor$Worker.run(ThreadPoolExecutor.java:624)
	... 1 more
Caused by: org.apache.ratis.thirdparty.io.netty.channel.AbstractChannel$AnnotatedConnectException: Connection refused: /192.168.151.118:32856
	at sun.nio.ch.SocketChannelImpl.checkConnect(Native Method)
	at sun.nio.ch.SocketChannelImpl.finishConnect(SocketChannelImpl.java:717)
	at org.apache.ratis.thirdparty.io.netty.channel.socket.nio.NioSocketChannel.doFinishConnect(NioSocketChannel.java:327)
	at org.apache.ratis.thirdparty.io.netty.channel.nio.AbstractNioChannel$AbstractNioUnsafe.finishConnect(AbstractNioChannel.java:340)
	at org.apache.ratis.thirdparty.io.netty.channel.nio.NioEventLoop.processSelectedKey(NioEventLoop.java:632)
	at org.apache.ratis.thirdparty.io.netty.channel.nio.NioEventLoop.processSelectedKeysOptimized(NioEventLoop.java:579)
	at org.apache.ratis.thirdparty.io.netty.channel.nio.NioEventLoop.processSelectedKeys(NioEventLoop.java:496)
	at org.apache.ratis.thirdparty.io.netty.channel.nio.NioEventLoop.run(NioEventLoop.java:458)
	at org.apache.ratis.thirdparty.io.netty.util.concurrent.SingleThreadEventExecutor$5.run(SingleThreadEventExecutor.java:897)
	at org.apache.ratis.thirdparty.io.netty.util.concurrent.FastThreadLocalRunnable.run(FastThreadLocalRunnable.java:30)
	... 1 more
Caused by: java.net.ConnectException: Connection refused
	... 11 more
2019-10-14 10:26:03,629 [da1611dd-f331-4f41-9503-72cb73569654@group-457AECC02AF0-LeaderElection96] INFO  impl.LeaderElection (LeaderElection.java:logAndReturn(56)) - da1611dd-f331-4f41-9503-72cb73569654@group-457AECC02AF0-LeaderElection96: Election REJECTED; received 0 response(s) [] and 2 exception(s); da1611dd-f331-4f41-9503-72cb73569654@group-457AECC02AF0:t2, leader=null, voted=da1611dd-f331-4f41-9503-72cb73569654, raftlog=da1611dd-f331-4f41-9503-72cb73569654@group-457AECC02AF0-SegmentedRaftLog:OPENED:c6,f6,i6, conf=0: [f9d94a56-3fa0-438a-8a56-ab8ac89c506c:192.168.151.118:39998, f5ac7400-e094-47f8-9db6-ca035a1b2b73:192.168.151.118:32856, da1611dd-f331-4f41-9503-72cb73569654:192.168.151.118:43263], old=null
2019-10-14 10:26:03,629 [da1611dd-f331-4f41-9503-72cb73569654@group-457AECC02AF0-LeaderElection96] INFO  impl.LeaderElection (LogUtils.java:infoOrTrace(149)) -   Exception 0: {}
java.util.concurrent.ExecutionException: org.apache.ratis.thirdparty.io.grpc.StatusRuntimeException: UNAVAILABLE: io exception
	at java.util.concurrent.FutureTask.report(FutureTask.java:122)
	at java.util.concurrent.FutureTask.get(FutureTask.java:192)
	at org.apache.ratis.server.impl.LeaderElection.waitForResults(LeaderElection.java:259)
	at org.apache.ratis.server.impl.LeaderElection.askForVotes(LeaderElection.java:197)
	at org.apache.ratis.server.impl.LeaderElection.run(LeaderElection.java:133)
	at java.lang.Thread.run(Thread.java:748)
Caused by: org.apache.ratis.thirdparty.io.grpc.StatusRuntimeException: UNAVAILABLE: io exception
	at org.apache.ratis.thirdparty.io.grpc.stub.ClientCalls.toStatusRuntimeException(ClientCalls.java:233)
	at org.apache.ratis.thirdparty.io.grpc.stub.ClientCalls.getUnchecked(ClientCalls.java:214)
	at org.apache.ratis.thirdparty.io.grpc.stub.ClientCalls.blockingUnaryCall(ClientCalls.java:139)
	at org.apache.ratis.proto.grpc.RaftServerProtocolServiceGrpc$RaftServerProtocolServiceBlockingStub.requestVote(RaftServerProtocolServiceGrpc.java:265)
	at org.apache.ratis.grpc.server.GrpcServerProtocolClient.requestVote(GrpcServerProtocolClient.java:99)
	at org.apache.ratis.grpc.server.GrpcService.requestVote(GrpcService.java:204)
	at org.apache.ratis.server.impl.LeaderElection.lambda$submitRequests$1(LeaderElection.java:234)
	at java.util.concurrent.FutureTask.run(FutureTask.java:266)
	at java.util.concurrent.Executors$RunnableAdapter.call(Executors.java:511)
	at java.util.concurrent.FutureTask.run(FutureTask.java:266)
	at java.util.concurrent.ThreadPoolExecutor.runWorker(ThreadPoolExecutor.java:1149)
	at java.util.concurrent.ThreadPoolExecutor$Worker.run(ThreadPoolExecutor.java:624)
	... 1 more
Caused by: org.apache.ratis.thirdparty.io.netty.channel.AbstractChannel$AnnotatedConnectException: Connection refused: /192.168.151.118:39998
	at sun.nio.ch.SocketChannelImpl.checkConnect(Native Method)
	at sun.nio.ch.SocketChannelImpl.finishConnect(SocketChannelImpl.java:717)
	at org.apache.ratis.thirdparty.io.netty.channel.socket.nio.NioSocketChannel.doFinishConnect(NioSocketChannel.java:327)
	at org.apache.ratis.thirdparty.io.netty.channel.nio.AbstractNioChannel$AbstractNioUnsafe.finishConnect(AbstractNioChannel.java:340)
	at org.apache.ratis.thirdparty.io.netty.channel.nio.NioEventLoop.processSelectedKey(NioEventLoop.java:632)
	at org.apache.ratis.thirdparty.io.netty.channel.nio.NioEventLoop.processSelectedKeysOptimized(NioEventLoop.java:579)
	at org.apache.ratis.thirdparty.io.netty.channel.nio.NioEventLoop.processSelectedKeys(NioEventLoop.java:496)
	at org.apache.ratis.thirdparty.io.netty.channel.nio.NioEventLoop.run(NioEventLoop.java:458)
	at org.apache.ratis.thirdparty.io.netty.util.concurrent.SingleThreadEventExecutor$5.run(SingleThreadEventExecutor.java:897)
	at org.apache.ratis.thirdparty.io.netty.util.concurrent.FastThreadLocalRunnable.run(FastThreadLocalRunnable.java:30)
	... 1 more
Caused by: java.net.ConnectException: Connection refused
	... 11 more
2019-10-14 10:26:03,629 [da1611dd-f331-4f41-9503-72cb73569654@group-457AECC02AF0-LeaderElection96] INFO  impl.LeaderElection (LogUtils.java:infoOrTrace(149)) -   Exception 1: {}
java.util.concurrent.ExecutionException: org.apache.ratis.thirdparty.io.grpc.StatusRuntimeException: UNAVAILABLE: io exception
	at java.util.concurrent.FutureTask.report(FutureTask.java:122)
	at java.util.concurrent.FutureTask.get(FutureTask.java:192)
	at org.apache.ratis.server.impl.LeaderElection.waitForResults(LeaderElection.java:259)
	at org.apache.ratis.server.impl.LeaderElection.askForVotes(LeaderElection.java:197)
	at org.apache.ratis.server.impl.LeaderElection.run(LeaderElection.java:133)
	at java.lang.Thread.run(Thread.java:748)
Caused by: org.apache.ratis.thirdparty.io.grpc.StatusRuntimeException: UNAVAILABLE: io exception
	at org.apache.ratis.thirdparty.io.grpc.stub.ClientCalls.toStatusRuntimeException(ClientCalls.java:233)
	at org.apache.ratis.thirdparty.io.grpc.stub.ClientCalls.getUnchecked(ClientCalls.java:214)
	at org.apache.ratis.thirdparty.io.grpc.stub.ClientCalls.blockingUnaryCall(ClientCalls.java:139)
	at org.apache.ratis.proto.grpc.RaftServerProtocolServiceGrpc$RaftServerProtocolServiceBlockingStub.requestVote(RaftServerProtocolServiceGrpc.java:265)
	at org.apache.ratis.grpc.server.GrpcServerProtocolClient.requestVote(GrpcServerProtocolClient.java:99)
	at org.apache.ratis.grpc.server.GrpcService.requestVote(GrpcService.java:204)
	at org.apache.ratis.server.impl.LeaderElection.lambda$submitRequests$1(LeaderElection.java:234)
	at java.util.concurrent.FutureTask.run(FutureTask.java:266)
	at java.util.concurrent.Executors$RunnableAdapter.call(Executors.java:511)
	at java.util.concurrent.FutureTask.run(FutureTask.java:266)
	at java.util.concurrent.ThreadPoolExecutor.runWorker(ThreadPoolExecutor.java:1149)
	at java.util.concurrent.ThreadPoolExecutor$Worker.run(ThreadPoolExecutor.java:624)
	... 1 more
Caused by: org.apache.ratis.thirdparty.io.netty.channel.AbstractChannel$AnnotatedConnectException: Connection refused: /192.168.151.118:32856
	at sun.nio.ch.SocketChannelImpl.checkConnect(Native Method)
	at sun.nio.ch.SocketChannelImpl.finishConnect(SocketChannelImpl.java:717)
	at org.apache.ratis.thirdparty.io.netty.channel.socket.nio.NioSocketChannel.doFinishConnect(NioSocketChannel.java:327)
	at org.apache.ratis.thirdparty.io.netty.channel.nio.AbstractNioChannel$AbstractNioUnsafe.finishConnect(AbstractNioChannel.java:340)
	at org.apache.ratis.thirdparty.io.netty.channel.nio.NioEventLoop.processSelectedKey(NioEventLoop.java:632)
	at org.apache.ratis.thirdparty.io.netty.channel.nio.NioEventLoop.processSelectedKeysOptimized(NioEventLoop.java:579)
	at org.apache.ratis.thirdparty.io.netty.channel.nio.NioEventLoop.processSelectedKeys(NioEventLoop.java:496)
	at org.apache.ratis.thirdparty.io.netty.channel.nio.NioEventLoop.run(NioEventLoop.java:458)
	at org.apache.ratis.thirdparty.io.netty.util.concurrent.SingleThreadEventExecutor$5.run(SingleThreadEventExecutor.java:897)
	at org.apache.ratis.thirdparty.io.netty.util.concurrent.FastThreadLocalRunnable.run(FastThreadLocalRunnable.java:30)
	... 1 more
Caused by: java.net.ConnectException: Connection refused
	... 11 more
2019-10-14 10:26:03,630 [da1611dd-f331-4f41-9503-72cb73569654@group-457AECC02AF0-LeaderElection96] INFO  impl.RaftServerImpl (RaftServerImpl.java:setRole(170)) - da1611dd-f331-4f41-9503-72cb73569654@group-457AECC02AF0: changes role from CANDIDATE to FOLLOWER at term 2 for DISCOVERED_A_NEW_TERM
2019-10-14 10:26:03,630 [da1611dd-f331-4f41-9503-72cb73569654@group-457AECC02AF0-LeaderElection96] INFO  impl.RoleInfo (RoleInfo.java:shutdownLeaderElection(134)) - da1611dd-f331-4f41-9503-72cb73569654: shutdown LeaderElection
2019-10-14 10:26:03,630 [da1611dd-f331-4f41-9503-72cb73569654@group-457AECC02AF0-LeaderElection96] INFO  impl.RoleInfo (RoleInfo.java:updateAndGet(143)) - da1611dd-f331-4f41-9503-72cb73569654: start FollowerState
2019-10-14 10:26:03,666 [Datanode State Machine Thread - 0] INFO  statemachine.DatanodeStateMachine (DatanodeStateMachine.java:lambda$startDaemon$0(350)) - Ozone container server started.
2019-10-14 10:26:07,754 [EventQueue-StaleNodeForStaleNodeHandler] INFO  node.StaleNodeHandler (StaleNodeHandler.java:onMessage(58)) - Datanode da1611dd-f331-4f41-9503-72cb73569654{ip: 192.168.151.118, host: pr-hdds-2296-8rkbz-2376872687, networkLocation: /default-rack, certSerialId: null} moved to stale state. Finalizing its pipelines [PipelineID=27f5feec-0ad2-408c-9b2d-166968b62927, PipelineID=9b985b8d-fd71-48ef-ae69-457aecc02af0]
2019-10-14 10:26:07,755 [EventQueue-StaleNodeForStaleNodeHandler] INFO  pipeline.SCMPipelineManager (SCMPipelineManager.java:finalizeAndDestroyPipeline(315)) - destroying pipeline:Pipeline[ Id: 27f5feec-0ad2-408c-9b2d-166968b62927, Nodes: da1611dd-f331-4f41-9503-72cb73569654{ip: 192.168.151.118, host: pr-hdds-2296-8rkbz-2376872687, networkLocation: /default-rack, certSerialId: null}, Type:RATIS, Factor:ONE, State:OPEN]
2019-10-14 10:26:07,755 [EventQueue-StaleNodeForStaleNodeHandler] INFO  pipeline.PipelineStateManager (PipelineStateManager.java:finalizePipeline(123)) - Pipeline Pipeline[ Id: 27f5feec-0ad2-408c-9b2d-166968b62927, Nodes: da1611dd-f331-4f41-9503-72cb73569654{ip: 192.168.151.118, host: pr-hdds-2296-8rkbz-2376872687, networkLocation: /default-rack, certSerialId: null}, Type:RATIS, Factor:ONE, State:CLOSED] moved to CLOSED state
2019-10-14 10:26:07,755 [EventQueue-StaleNodeForStaleNodeHandler] INFO  pipeline.SCMPipelineManager (SCMPipelineManager.java:finalizeAndDestroyPipeline(315)) - destroying pipeline:Pipeline[ Id: 9b985b8d-fd71-48ef-ae69-457aecc02af0, Nodes: da1611dd-f331-4f41-9503-72cb73569654{ip: 192.168.151.118, host: pr-hdds-2296-8rkbz-2376872687, networkLocation: /default-rack, certSerialId: null}f9d94a56-3fa0-438a-8a56-ab8ac89c506c{ip: 192.168.151.118, host: pr-hdds-2296-8rkbz-2376872687, networkLocation: /default-rack, certSerialId: null}f5ac7400-e094-47f8-9db6-ca035a1b2b73{ip: 192.168.151.118, host: pr-hdds-2296-8rkbz-2376872687, networkLocation: /default-rack, certSerialId: null}, Type:RATIS, Factor:THREE, State:CLOSED]
2019-10-14 10:26:08,383 [main] INFO  ozoneimpl.OzoneContainer (OzoneContainer.java:stop(227)) - Attempting to stop container services.
2019-10-14 10:26:08,385 [main] INFO  impl.RaftServerProxy (RaftServerProxy.java:lambda$close$4(314)) - da1611dd-f331-4f41-9503-72cb73569654: close
2019-10-14 10:26:08,386 [main] INFO  impl.RaftServerImpl (RaftServerImpl.java:lambda$shutdown$3(247)) - da1611dd-f331-4f41-9503-72cb73569654@group-166968B62927: shutdown
2019-10-14 10:26:08,386 [ForkJoinPool.commonPool-worker-1] INFO  impl.RaftServerImpl (RaftServerImpl.java:lambda$shutdown$3(247)) - da1611dd-f331-4f41-9503-72cb73569654@group-457AECC02AF0: shutdown
2019-10-14 10:26:08,386 [main] INFO  util.JmxRegister (JmxRegister.java:unregister(73)) - Successfully un-registered JMX Bean with object name Ratis:service=RaftServer,group=group-166968B62927,id=da1611dd-f331-4f41-9503-72cb73569654
2019-10-14 10:26:08,392 [ForkJoinPool.commonPool-worker-1] INFO  util.JmxRegister (JmxRegister.java:unregister(73)) - Successfully un-registered JMX Bean with object name Ratis:service=RaftServer,group=group-457AECC02AF0,id=da1611dd-f331-4f41-9503-72cb73569654
2019-10-14 10:26:08,393 [main] INFO  impl.RoleInfo (RoleInfo.java:shutdownLeaderState(104)) - da1611dd-f331-4f41-9503-72cb73569654: shutdown LeaderState
2019-10-14 10:26:08,393 [ForkJoinPool.commonPool-worker-1] INFO  impl.RoleInfo (RoleInfo.java:shutdownFollowerState(121)) - da1611dd-f331-4f41-9503-72cb73569654: shutdown FollowerState
2019-10-14 10:26:08,393 [main] INFO  impl.PendingRequests (PendingRequests.java:sendNotLeaderResponses(202)) - da1611dd-f331-4f41-9503-72cb73569654@group-166968B62927-PendingRequests: sendNotLeaderResponses
2019-10-14 10:26:08,394 [da1611dd-f331-4f41-9503-72cb73569654@group-457AECC02AF0-StateMachineUpdater] INFO  ratis.ContainerStateMachine (ContainerStateMachine.java:takeSnapshot(294)) - group-457AECC02AF0: Taking a snapshot at:(t:1, i:6) file /workdir/hadoop-ozone/integration-test/target/test-dir/MiniOzoneClusterImpl-47ff539e-8602-4655-a791-f768753789ad/datanode-5/data/ratis/9b985b8d-fd71-48ef-ae69-457aecc02af0/sm/snapshot.1_6
2019-10-14 10:26:08,394 [Thread-3774] INFO  impl.FollowerState (FollowerState.java:run(117)) - da1611dd-f331-4f41-9503-72cb73569654@group-457AECC02AF0-FollowerState was interrupted: java.lang.InterruptedException: sleep interrupted
2019-10-14 10:26:08,393 [ForkJoinPool.commonPool-worker-1] INFO  impl.StateMachineUpdater (StateMachineUpdater.java:stopAndJoin(136)) - da1611dd-f331-4f41-9503-72cb73569654@group-457AECC02AF0-StateMachineUpdater: set stopIndex = 6
2019-10-14 10:26:08,395 [main] INFO  impl.StateMachineUpdater (StateMachineUpdater.java:stopAndJoin(136)) - da1611dd-f331-4f41-9503-72cb73569654@group-166968B62927-StateMachineUpdater: set stopIndex = 0
2019-10-14 10:26:08,396 [main] INFO  impl.RaftServerImpl (ServerState.java:close(387)) - da1611dd-f331-4f41-9503-72cb73569654@group-166968B62927: closes. applyIndex: 0
2019-10-14 10:26:08,397 [da1611dd-f331-4f41-9503-72cb73569654@group-166968B62927-SegmentedRaftLogWorker] INFO  segmented.SegmentedRaftLogWorker (SegmentedRaftLogWorker.java:run(316)) - da1611dd-f331-4f41-9503-72cb73569654@group-166968B62927-SegmentedRaftLogWorker was interrupted, exiting. There are 0 tasks remaining in the queue.
2019-10-14 10:26:08,398 [main] INFO  segmented.SegmentedRaftLogWorker (SegmentedRaftLogWorker.java:close(224)) - da1611dd-f331-4f41-9503-72cb73569654@group-166968B62927-SegmentedRaftLogWorker close()
2019-10-14 10:26:08,409 [da1611dd-f331-4f41-9503-72cb73569654@group-457AECC02AF0-StateMachineUpdater] INFO  ratis.ContainerStateMachine (ContainerStateMachine.java:takeSnapshot(305)) - group-457AECC02AF0: Finished taking a snapshot at:(t:1, i:6) file:/workdir/hadoop-ozone/integration-test/target/test-dir/MiniOzoneClusterImpl-47ff539e-8602-4655-a791-f768753789ad/datanode-5/data/ratis/9b985b8d-fd71-48ef-ae69-457aecc02af0/sm/snapshot.1_6 time:16
2019-10-14 10:26:08,409 [da1611dd-f331-4f41-9503-72cb73569654@group-457AECC02AF0-StateMachineUpdater] INFO  impl.StateMachineUpdater (StateMachineUpdater.java:takeSnapshot(269)) - da1611dd-f331-4f41-9503-72cb73569654@group-457AECC02AF0-StateMachineUpdater: Took a snapshot at index 6
2019-10-14 10:26:08,409 [da1611dd-f331-4f41-9503-72cb73569654@group-457AECC02AF0-StateMachineUpdater] INFO  impl.StateMachineUpdater (StateMachineUpdater.java:lambda$new$0(84)) - da1611dd-f331-4f41-9503-72cb73569654@group-457AECC02AF0-StateMachineUpdater: snapshotIndex: updateIncreasingly -1 -> 6
2019-10-14 10:26:08,410 [ForkJoinPool.commonPool-worker-1] INFO  impl.RaftServerImpl (ServerState.java:close(387)) - da1611dd-f331-4f41-9503-72cb73569654@group-457AECC02AF0: closes. applyIndex: 6
2019-10-14 10:26:08,410 [da1611dd-f331-4f41-9503-72cb73569654@group-457AECC02AF0-SegmentedRaftLogWorker] INFO  segmented.SegmentedRaftLogWorker (SegmentedRaftLogWorker.java:run(316)) - da1611dd-f331-4f41-9503-72cb73569654@group-457AECC02AF0-SegmentedRaftLogWorker was interrupted, exiting. There are 0 tasks remaining in the queue.
2019-10-14 10:26:08,411 [ForkJoinPool.commonPool-worker-1] INFO  segmented.SegmentedRaftLogWorker (SegmentedRaftLogWorker.java:close(224)) - da1611dd-f331-4f41-9503-72cb73569654@group-457AECC02AF0-SegmentedRaftLogWorker close()
2019-10-14 10:26:08,412 [main] INFO  server.GrpcService (GrpcService.java:closeImpl(164)) - da1611dd-f331-4f41-9503-72cb73569654: shutdown server with port 43263 now
2019-10-14 10:26:08,413 [main] INFO  server.GrpcService (GrpcService.java:closeImpl(172)) - da1611dd-f331-4f41-9503-72cb73569654: shutdown server with port 43263 successfully
2019-10-14 10:26:08,414 [refreshUsed-/workdir/hadoop-ozone/integration-test/target/test-dir/MiniOzoneClusterImpl-47ff539e-8602-4655-a791-f768753789ad/datanode-5/data/containers] WARN  fs.CachingGetSpaceUsed (CachingGetSpaceUsed.java:run(183)) - Thread Interrupted waiting to refresh disk information: sleep interrupted
2019-10-14 10:26:08,433 [main] INFO  utils.BackgroundService (BackgroundService.java:shutdown(151)) - Shutting down service BlockDeletingService
2019-10-14 10:26:08,434 [main] INFO  statemachine.DatanodeStateMachine (DatanodeStateMachine.java:stopDaemon(395)) - Ozone container server stopped.
2019-10-14 10:26:08,435 [main] INFO  handler.ContextHandler (ContextHandler.java:doStop(910)) - Stopped o.e.j.w.WebAppContext@15994b0b{/,null,UNAVAILABLE}{/hddsDatanode}
2019-10-14 10:26:08,440 [main] INFO  server.AbstractConnector (AbstractConnector.java:doStop(318)) - Stopped ServerConnector@12cd129c{HTTP/1.1,[http/1.1]}{0.0.0.0:0}
2019-10-14 10:26:08,440 [main] INFO  handler.ContextHandler (ContextHandler.java:doStop(910)) - Stopped o.e.j.s.ServletContextHandler@4438938e{/static,jar:file:/home/user/.m2/repository/org/apache/hadoop/hadoop-hdds-container-service/0.5.0-SNAPSHOT/hadoop-hdds-container-service-0.5.0-SNAPSHOT.jar!/webapps/static,UNAVAILABLE}
2019-10-14 10:26:08,441 [main] INFO  handler.ContextHandler (ContextHandler.java:doStop(910)) - Stopped o.e.j.s.ServletContextHandler@7404ddca{/logs,file:///workdir/hadoop-ozone/integration-test/target/log,UNAVAILABLE}
2019-10-14 10:26:08,442 [main] INFO  ozone.MiniOzoneClusterImpl (MiniOzoneClusterImpl.java:stopSCM(392)) - Stopping the StorageContainerManager
2019-10-14 10:26:08,442 [main] INFO  server.StorageContainerManager (StorageContainerManager.java:stop(810)) - Stopping Replication Manager Service.
2019-10-14 10:26:08,442 [main] INFO  container.ReplicationManager (ReplicationManager.java:stop(203)) - Stopping Replication Monitor Thread.
2019-10-14 10:26:08,443 [main] INFO  server.StorageContainerManager (StorageContainerManager.java:stop(817)) - Stopping Lease Manager of the command watchers
2019-10-14 10:26:08,443 [main] INFO  server.StorageContainerManager (StorageContainerManager.java:stop(824)) - Stopping datanode service RPC server
2019-10-14 10:26:08,443 [main] INFO  server.SCMDatanodeProtocolServer (SCMDatanodeProtocolServer.java:stop(346)) - Stopping the RPC server for DataNodes
2019-10-14 10:26:08,443 [main] INFO  ipc.Server (Server.java:stop(3082)) - Stopping server on 35247
2019-10-14 10:26:08,447 [IPC Server listener on 35247] INFO  ipc.Server (Server.java:run(1185)) - Stopping IPC Server listener on 35247
2019-10-14 10:26:08,450 [IPC Server Responder] INFO  ipc.Server (Server.java:run(1319)) - Stopping IPC Server Responder
2019-10-14 10:26:08,455 [SCM Heartbeat Processing Thread - 0] WARN  node.NodeStateManager (NodeStateManager.java:scheduleNextHealthCheck(646)) - Current Thread is interrupted, shutting down HB processing thread for Node Manager.
2019-10-14 10:26:08,455 [main] INFO  server.StorageContainerManager (StorageContainerManager.java:stop(832)) - Stopping block service RPC server
2019-10-14 10:26:08,455 [main] INFO  server.SCMBlockProtocolServer (SCMBlockProtocolServer.java:stop(155)) - Stopping the RPC server for Block Protocol
2019-10-14 10:26:08,455 [main] INFO  ipc.Server (Server.java:stop(3082)) - Stopping server on 34390
2019-10-14 10:26:08,458 [IPC Server listener on 34390] INFO  ipc.Server (Server.java:run(1185)) - Stopping IPC Server listener on 34390
2019-10-14 10:26:08,466 [main] INFO  server.StorageContainerManager (StorageContainerManager.java:stop(839)) - Stopping the StorageContainerLocationProtocol RPC server
2019-10-14 10:26:08,466 [IPC Server Responder] INFO  ipc.Server (Server.java:run(1319)) - Stopping IPC Server Responder
2019-10-14 10:26:08,468 [main] INFO  server.SCMClientProtocolServer (SCMClientProtocolServer.java:stop(168)) - Stopping the RPC server for Client Protocol
2019-10-14 10:26:08,468 [main] INFO  ipc.Server (Server.java:stop(3082)) - Stopping server on 33513
2019-10-14 10:26:08,471 [IPC Server listener on 33513] INFO  ipc.Server (Server.java:run(1185)) - Stopping IPC Server listener on 33513
2019-10-14 10:26:08,471 [main] INFO  server.StorageContainerManager (StorageContainerManager.java:stop(846)) - Stopping Storage Container Manager HTTP server.
2019-10-14 10:26:08,472 [IPC Server Responder] INFO  ipc.Server (Server.java:run(1319)) - Stopping IPC Server Responder
2019-10-14 10:26:08,473 [main] INFO  handler.ContextHandler (ContextHandler.java:doStop(910)) - Stopped o.e.j.w.WebAppContext@e26a3df{/,null,UNAVAILABLE}{/scm}
2019-10-14 10:26:08,473 [main] INFO  server.AbstractConnector (AbstractConnector.java:doStop(318)) - Stopped ServerConnector@57a667c8{HTTP/1.1,[http/1.1]}{0.0.0.0:0}
2019-10-14 10:26:08,474 [main] INFO  handler.ContextHandler (ContextHandler.java:doStop(910)) - Stopped o.e.j.s.ServletContextHandler@514377fc{/static,file:///workdir/hadoop-ozone/integration-test/target/test-classes/webapps/static,UNAVAILABLE}
2019-10-14 10:26:08,474 [main] INFO  handler.ContextHandler (ContextHandler.java:doStop(910)) - Stopped o.e.j.s.ServletContextHandler@4662752a{/logs,file:///workdir/hadoop-ozone/integration-test/target/log,UNAVAILABLE}
2019-10-14 10:26:08,475 [main] INFO  server.StorageContainerManager (StorageContainerManager.java:stop(857)) - Stopping Block Manager Service.
2019-10-14 10:26:08,475 [main] INFO  utils.BackgroundService (BackgroundService.java:shutdown(151)) - Shutting down service SCMBlockDeletingService
2019-10-14 10:26:08,475 [main] INFO  utils.BackgroundService (BackgroundService.java:shutdown(151)) - Shutting down service SCMBlockDeletingService
2019-10-14 10:26:08,476 [main] INFO  server.StorageContainerManager (StorageContainerManager.java:stop(879)) - Stopping SCM Event Queue.
2019-10-14 10:26:08,481 [main] INFO  impl.MetricsSystemImpl (MetricsSystemImpl.java:stop(210)) - Stopping HddsDatanode metrics system...
2019-10-14 10:26:08,504 [main] INFO  impl.MetricsSystemImpl (MetricsSystemImpl.java:stop(216)) - HddsDatanode metrics system stopped.
]]></system-out>
    <system-err><![CDATA[Oct 14, 2019 10:25:53 AM org.apache.ratis.thirdparty.io.grpc.internal.SerializingExecutor run
SEVERE: Exception while executing runnable org.apache.ratis.thirdparty.io.grpc.internal.ServerImpl$JumpToApplicationThreadServerStreamListener$1Closed@175ba4d7
org.apache.ratis.thirdparty.io.grpc.StatusRuntimeException: CANCELLED: call already cancelled
	at org.apache.ratis.thirdparty.io.grpc.Status.asRuntimeException(Status.java:517)
	at org.apache.ratis.thirdparty.io.grpc.stub.ServerCalls$ServerCallStreamObserverImpl.onCompleted(ServerCalls.java:356)
	at org.apache.ratis.grpc.server.GrpcServerProtocolService$ServerRequestStreamObserver.onError(GrpcServerProtocolService.java:121)
	at org.apache.ratis.thirdparty.io.grpc.stub.ServerCalls$StreamingServerCallHandler$StreamingServerCallListener.onCancel(ServerCalls.java:269)
	at org.apache.ratis.thirdparty.io.grpc.internal.ServerCallImpl$ServerStreamListenerImpl.closed(ServerCallImpl.java:293)
	at org.apache.ratis.thirdparty.io.grpc.internal.ServerImpl$JumpToApplicationThreadServerStreamListener$1Closed.runInContext(ServerImpl.java:741)
	at org.apache.ratis.thirdparty.io.grpc.internal.ContextRunnable.run(ContextRunnable.java:37)
	at org.apache.ratis.thirdparty.io.grpc.internal.SerializingExecutor.run(SerializingExecutor.java:123)
	at java.util.concurrent.ThreadPoolExecutor.runWorker(ThreadPoolExecutor.java:1149)
	at java.util.concurrent.ThreadPoolExecutor$Worker.run(ThreadPoolExecutor.java:624)
	at java.lang.Thread.run(Thread.java:748)

Oct 14, 2019 10:26:00 AM org.apache.ratis.thirdparty.io.grpc.internal.ManagedChannelOrphanWrapper$ManagedChannelReference cleanQueue
SEVERE: *~*~*~ Channel ManagedChannelImpl{logId=3141, target=192.168.151.118:37787} was not shutdown properly!!! ~*~*~*
    Make sure to call shutdown()/shutdownNow() and wait until awaitTermination() returns true.
java.lang.RuntimeException: ManagedChannel allocation site
	at org.apache.ratis.thirdparty.io.grpc.internal.ManagedChannelOrphanWrapper$ManagedChannelReference.<init>(ManagedChannelOrphanWrapper.java:103)
	at org.apache.ratis.thirdparty.io.grpc.internal.ManagedChannelOrphanWrapper.<init>(ManagedChannelOrphanWrapper.java:53)
	at org.apache.ratis.thirdparty.io.grpc.internal.ManagedChannelOrphanWrapper.<init>(ManagedChannelOrphanWrapper.java:44)
	at org.apache.ratis.thirdparty.io.grpc.internal.AbstractManagedChannelImplBuilder.build(AbstractManagedChannelImplBuilder.java:411)
	at org.apache.hadoop.hdds.scm.XceiverClientGrpc.connectToDatanode(XceiverClientGrpc.java:183)
	at org.apache.hadoop.hdds.scm.XceiverClientGrpc.reconnect(XceiverClientGrpc.java:434)
	at org.apache.hadoop.hdds.scm.XceiverClientGrpc.sendCommandAsync(XceiverClientGrpc.java:382)
	at org.apache.hadoop.hdds.scm.XceiverClientGrpc.sendCommandWithRetry(XceiverClientGrpc.java:295)
	at org.apache.hadoop.hdds.scm.XceiverClientGrpc.sendCommandWithTraceIDAndRetry(XceiverClientGrpc.java:259)
	at org.apache.hadoop.hdds.scm.XceiverClientGrpc.sendCommand(XceiverClientGrpc.java:242)
	at org.apache.hadoop.hdds.scm.storage.ContainerProtocolCalls.getBlock(ContainerProtocolCalls.java:118)
	at org.apache.hadoop.hdds.scm.storage.BlockInputStream.getChunkInfos(BlockInputStream.java:169)
	at org.apache.hadoop.hdds.scm.storage.BlockInputStream.initialize(BlockInputStream.java:118)
	at org.apache.hadoop.hdds.scm.storage.BlockInputStream.read(BlockInputStream.java:224)
	at org.apache.hadoop.ozone.client.io.KeyInputStream.read(KeyInputStream.java:173)
	at org.apache.hadoop.ozone.client.io.OzoneInputStream.read(OzoneInputStream.java:47)
	at java.io.InputStream.read(InputStream.java:101)
	at org.apache.hadoop.ozone.container.ContainerTestHelper.validateData(ContainerTestHelper.java:715)
	at org.apache.hadoop.ozone.client.rpc.TestBlockOutputStreamWithFailures.validateData(TestBlockOutputStreamWithFailures.java:1216)
	at org.apache.hadoop.ozone.client.rpc.TestBlockOutputStreamWithFailures.testWatchForCommitDatanodeFailure(TestBlockOutputStreamWithFailures.java:393)
	at sun.reflect.NativeMethodAccessorImpl.invoke0(Native Method)
	at sun.reflect.NativeMethodAccessorImpl.invoke(NativeMethodAccessorImpl.java:62)
	at sun.reflect.DelegatingMethodAccessorImpl.invoke(DelegatingMethodAccessorImpl.java:43)
	at java.lang.reflect.Method.invoke(Method.java:498)
	at org.junit.runners.model.FrameworkMethod$1.runReflectiveCall(FrameworkMethod.java:47)
	at org.junit.internal.runners.model.ReflectiveCallable.run(ReflectiveCallable.java:12)
	at org.junit.runners.model.FrameworkMethod.invokeExplosively(FrameworkMethod.java:44)
	at org.junit.internal.runners.statements.InvokeMethod.evaluate(InvokeMethod.java:17)
	at org.junit.internal.runners.statements.RunBefores.evaluate(RunBefores.java:26)
	at org.junit.internal.runners.statements.RunAfters.evaluate(RunAfters.java:27)
	at org.junit.runners.ParentRunner.runLeaf(ParentRunner.java:271)
	at org.junit.runners.BlockJUnit4ClassRunner.runChild(BlockJUnit4ClassRunner.java:70)
	at org.junit.runners.BlockJUnit4ClassRunner.runChild(BlockJUnit4ClassRunner.java:50)
	at org.junit.runners.ParentRunner$3.run(ParentRunner.java:238)
	at org.junit.runners.ParentRunner$1.schedule(ParentRunner.java:63)
	at org.junit.runners.ParentRunner.runChildren(ParentRunner.java:236)
	at org.junit.runners.ParentRunner.access$000(ParentRunner.java:53)
	at org.junit.runners.ParentRunner$2.evaluate(ParentRunner.java:229)
	at org.junit.runners.ParentRunner.run(ParentRunner.java:309)
	at org.apache.maven.surefire.junit4.JUnit4Provider.execute(JUnit4Provider.java:365)
	at org.apache.maven.surefire.junit4.JUnit4Provider.executeWithRerun(JUnit4Provider.java:273)
	at org.apache.maven.surefire.junit4.JUnit4Provider.executeTestSet(JUnit4Provider.java:238)
	at org.apache.maven.surefire.junit4.JUnit4Provider.invoke(JUnit4Provider.java:159)
	at org.apache.maven.surefire.booter.ForkedBooter.invokeProviderInSameClassLoader(ForkedBooter.java:384)
	at org.apache.maven.surefire.booter.ForkedBooter.runSuitesInProcess(ForkedBooter.java:345)
	at org.apache.maven.surefire.booter.ForkedBooter.execute(ForkedBooter.java:126)
	at org.apache.maven.surefire.booter.ForkedBooter.main(ForkedBooter.java:418)

Oct 14, 2019 10:26:00 AM org.apache.ratis.thirdparty.io.grpc.internal.ManagedChannelOrphanWrapper$ManagedChannelReference cleanQueue
SEVERE: *~*~*~ Channel ManagedChannelImpl{logId=3150, target=192.168.151.118:36392} was not shutdown properly!!! ~*~*~*
    Make sure to call shutdown()/shutdownNow() and wait until awaitTermination() returns true.
java.lang.RuntimeException: ManagedChannel allocation site
	at org.apache.ratis.thirdparty.io.grpc.internal.ManagedChannelOrphanWrapper$ManagedChannelReference.<init>(ManagedChannelOrphanWrapper.java:103)
	at org.apache.ratis.thirdparty.io.grpc.internal.ManagedChannelOrphanWrapper.<init>(ManagedChannelOrphanWrapper.java:53)
	at org.apache.ratis.thirdparty.io.grpc.internal.ManagedChannelOrphanWrapper.<init>(ManagedChannelOrphanWrapper.java:44)
	at org.apache.ratis.thirdparty.io.grpc.internal.AbstractManagedChannelImplBuilder.build(AbstractManagedChannelImplBuilder.java:411)
	at org.apache.hadoop.hdds.scm.XceiverClientGrpc.connectToDatanode(XceiverClientGrpc.java:183)
	at org.apache.hadoop.hdds.scm.XceiverClientGrpc.reconnect(XceiverClientGrpc.java:434)
	at org.apache.hadoop.hdds.scm.XceiverClientGrpc.sendCommandAsync(XceiverClientGrpc.java:382)
	at org.apache.hadoop.hdds.scm.XceiverClientGrpc.sendCommandWithRetry(XceiverClientGrpc.java:295)
	at org.apache.hadoop.hdds.scm.XceiverClientGrpc.sendCommandWithTraceIDAndRetry(XceiverClientGrpc.java:259)
	at org.apache.hadoop.hdds.scm.XceiverClientGrpc.sendCommand(XceiverClientGrpc.java:242)
	at org.apache.hadoop.hdds.scm.storage.ContainerProtocolCalls.readChunk(ContainerProtocolCalls.java:245)
	at org.apache.hadoop.hdds.scm.storage.ChunkInputStream.readChunk(ChunkInputStream.java:335)
	at org.apache.hadoop.hdds.scm.storage.ChunkInputStream.readChunkFromContainer(ChunkInputStream.java:307)
	at org.apache.hadoop.hdds.scm.storage.ChunkInputStream.prepareRead(ChunkInputStream.java:259)
	at org.apache.hadoop.hdds.scm.storage.ChunkInputStream.read(ChunkInputStream.java:144)
	at org.apache.hadoop.hdds.scm.storage.BlockInputStream.read(BlockInputStream.java:241)
	at org.apache.hadoop.ozone.client.io.KeyInputStream.read(KeyInputStream.java:173)
	at org.apache.hadoop.ozone.client.io.OzoneInputStream.read(OzoneInputStream.java:47)
	at java.io.InputStream.read(InputStream.java:101)
	at org.apache.hadoop.ozone.container.ContainerTestHelper.validateData(ContainerTestHelper.java:715)
	at org.apache.hadoop.ozone.client.rpc.TestBlockOutputStreamWithFailures.validateData(TestBlockOutputStreamWithFailures.java:1216)
	at org.apache.hadoop.ozone.client.rpc.TestBlockOutputStreamWithFailures.testWatchForCommitDatanodeFailure(TestBlockOutputStreamWithFailures.java:393)
	at sun.reflect.NativeMethodAccessorImpl.invoke0(Native Method)
	at sun.reflect.NativeMethodAccessorImpl.invoke(NativeMethodAccessorImpl.java:62)
	at sun.reflect.DelegatingMethodAccessorImpl.invoke(DelegatingMethodAccessorImpl.java:43)
	at java.lang.reflect.Method.invoke(Method.java:498)
	at org.junit.runners.model.FrameworkMethod$1.runReflectiveCall(FrameworkMethod.java:47)
	at org.junit.internal.runners.model.ReflectiveCallable.run(ReflectiveCallable.java:12)
	at org.junit.runners.model.FrameworkMethod.invokeExplosively(FrameworkMethod.java:44)
	at org.junit.internal.runners.statements.InvokeMethod.evaluate(InvokeMethod.java:17)
	at org.junit.internal.runners.statements.RunBefores.evaluate(RunBefores.java:26)
	at org.junit.internal.runners.statements.RunAfters.evaluate(RunAfters.java:27)
	at org.junit.runners.ParentRunner.runLeaf(ParentRunner.java:271)
	at org.junit.runners.BlockJUnit4ClassRunner.runChild(BlockJUnit4ClassRunner.java:70)
	at org.junit.runners.BlockJUnit4ClassRunner.runChild(BlockJUnit4ClassRunner.java:50)
	at org.junit.runners.ParentRunner$3.run(ParentRunner.java:238)
	at org.junit.runners.ParentRunner$1.schedule(ParentRunner.java:63)
	at org.junit.runners.ParentRunner.runChildren(ParentRunner.java:236)
	at org.junit.runners.ParentRunner.access$000(ParentRunner.java:53)
	at org.junit.runners.ParentRunner$2.evaluate(ParentRunner.java:229)
	at org.junit.runners.ParentRunner.run(ParentRunner.java:309)
	at org.apache.maven.surefire.junit4.JUnit4Provider.execute(JUnit4Provider.java:365)
	at org.apache.maven.surefire.junit4.JUnit4Provider.executeWithRerun(JUnit4Provider.java:273)
	at org.apache.maven.surefire.junit4.JUnit4Provider.executeTestSet(JUnit4Provider.java:238)
	at org.apache.maven.surefire.junit4.JUnit4Provider.invoke(JUnit4Provider.java:159)
	at org.apache.maven.surefire.booter.ForkedBooter.invokeProviderInSameClassLoader(ForkedBooter.java:384)
	at org.apache.maven.surefire.booter.ForkedBooter.runSuitesInProcess(ForkedBooter.java:345)
	at org.apache.maven.surefire.booter.ForkedBooter.execute(ForkedBooter.java:126)
	at org.apache.maven.surefire.booter.ForkedBooter.main(ForkedBooter.java:418)

Oct 14, 2019 10:26:00 AM org.apache.ratis.thirdparty.io.grpc.internal.ManagedChannelOrphanWrapper$ManagedChannelReference cleanQueue
SEVERE: *~*~*~ Channel ManagedChannelImpl{logId=2852, target=192.168.151.118:45730} was not shutdown properly!!! ~*~*~*
    Make sure to call shutdown()/shutdownNow() and wait until awaitTermination() returns true.
java.lang.RuntimeException: ManagedChannel allocation site
	at org.apache.ratis.thirdparty.io.grpc.internal.ManagedChannelOrphanWrapper$ManagedChannelReference.<init>(ManagedChannelOrphanWrapper.java:103)
	at org.apache.ratis.thirdparty.io.grpc.internal.ManagedChannelOrphanWrapper.<init>(ManagedChannelOrphanWrapper.java:53)
	at org.apache.ratis.thirdparty.io.grpc.internal.ManagedChannelOrphanWrapper.<init>(ManagedChannelOrphanWrapper.java:44)
	at org.apache.ratis.thirdparty.io.grpc.internal.AbstractManagedChannelImplBuilder.build(AbstractManagedChannelImplBuilder.java:411)
	at org.apache.ratis.grpc.client.GrpcClientProtocolClient.<init>(GrpcClientProtocolClient.java:128)
	at org.apache.ratis.grpc.client.GrpcClientRpc.lambda$new$0(GrpcClientRpc.java:55)
	at org.apache.ratis.util.PeerProxyMap$PeerAndProxy.lambda$getProxy$0(PeerProxyMap.java:61)
	at org.apache.ratis.util.LifeCycle.startAndTransition(LifeCycle.java:202)
	at org.apache.ratis.util.PeerProxyMap$PeerAndProxy.getProxy(PeerProxyMap.java:60)
	at org.apache.ratis.util.PeerProxyMap.getProxy(PeerProxyMap.java:108)
	at org.apache.ratis.grpc.client.GrpcClientRpc.sendRequestAsync(GrpcClientRpc.java:66)
	at org.apache.ratis.client.impl.OrderedAsync.sendRequest(OrderedAsync.java:208)
	at org.apache.ratis.client.impl.OrderedAsync.sendRequestWithRetry(OrderedAsync.java:169)
	at org.apache.ratis.util.SlidingWindow$Client.sendOrDelayRequest(SlidingWindow.java:278)
	at org.apache.ratis.util.SlidingWindow$Client.retry(SlidingWindow.java:294)
	at org.apache.ratis.client.impl.OrderedAsync.lambda$scheduleWithTimeout$7(OrderedAsync.java:195)
	at org.apache.ratis.util.TimeoutScheduler.lambda$onTimeout$0(TimeoutScheduler.java:113)
	at org.apache.ratis.util.TimeoutScheduler.lambda$onTimeout$1(TimeoutScheduler.java:133)
	at org.apache.ratis.util.LogUtils.runAndLog(LogUtils.java:50)
	at org.apache.ratis.util.LogUtils$1.run(LogUtils.java:91)
	at java.util.concurrent.Executors$RunnableAdapter.call(Executors.java:511)
	at java.util.concurrent.FutureTask.run(FutureTask.java:266)
	at java.util.concurrent.ScheduledThreadPoolExecutor$ScheduledFutureTask.access$201(ScheduledThreadPoolExecutor.java:180)
	at java.util.concurrent.ScheduledThreadPoolExecutor$ScheduledFutureTask.run(ScheduledThreadPoolExecutor.java:293)
	at java.util.concurrent.ThreadPoolExecutor.runWorker(ThreadPoolExecutor.java:1149)
	at java.util.concurrent.ThreadPoolExecutor$Worker.run(ThreadPoolExecutor.java:624)
	at java.lang.Thread.run(Thread.java:748)

Oct 14, 2019 10:26:00 AM org.apache.ratis.thirdparty.io.grpc.internal.ManagedChannelOrphanWrapper$ManagedChannelReference cleanQueue
SEVERE: *~*~*~ Channel ManagedChannelImpl{logId=2877, target=192.168.151.118:43532} was not shutdown properly!!! ~*~*~*
    Make sure to call shutdown()/shutdownNow() and wait until awaitTermination() returns true.
java.lang.RuntimeException: ManagedChannel allocation site
	at org.apache.ratis.thirdparty.io.grpc.internal.ManagedChannelOrphanWrapper$ManagedChannelReference.<init>(ManagedChannelOrphanWrapper.java:103)
	at org.apache.ratis.thirdparty.io.grpc.internal.ManagedChannelOrphanWrapper.<init>(ManagedChannelOrphanWrapper.java:53)
	at org.apache.ratis.thirdparty.io.grpc.internal.ManagedChannelOrphanWrapper.<init>(ManagedChannelOrphanWrapper.java:44)
	at org.apache.ratis.thirdparty.io.grpc.internal.AbstractManagedChannelImplBuilder.build(AbstractManagedChannelImplBuilder.java:411)
	at org.apache.hadoop.hdds.scm.XceiverClientGrpc.connectToDatanode(XceiverClientGrpc.java:183)
	at org.apache.hadoop.hdds.scm.XceiverClientGrpc.reconnect(XceiverClientGrpc.java:434)
	at org.apache.hadoop.hdds.scm.XceiverClientGrpc.sendCommandAsync(XceiverClientGrpc.java:382)
	at org.apache.hadoop.hdds.scm.XceiverClientGrpc.sendCommandWithRetry(XceiverClientGrpc.java:295)
	at org.apache.hadoop.hdds.scm.XceiverClientGrpc.sendCommandWithTraceIDAndRetry(XceiverClientGrpc.java:259)
	at org.apache.hadoop.hdds.scm.XceiverClientGrpc.sendCommand(XceiverClientGrpc.java:242)
	at org.apache.hadoop.hdds.scm.storage.ContainerProtocolCalls.getBlock(ContainerProtocolCalls.java:118)
	at org.apache.hadoop.hdds.scm.storage.BlockInputStream.getChunkInfos(BlockInputStream.java:169)
	at org.apache.hadoop.hdds.scm.storage.BlockInputStream.initialize(BlockInputStream.java:118)
	at org.apache.hadoop.hdds.scm.storage.BlockInputStream.read(BlockInputStream.java:224)
	at org.apache.hadoop.ozone.client.io.KeyInputStream.read(KeyInputStream.java:173)
	at org.apache.hadoop.ozone.client.io.OzoneInputStream.read(OzoneInputStream.java:47)
	at java.io.InputStream.read(InputStream.java:101)
	at org.apache.hadoop.ozone.container.ContainerTestHelper.validateData(ContainerTestHelper.java:715)
	at org.apache.hadoop.ozone.client.rpc.TestBlockOutputStreamWithFailures.validateData(TestBlockOutputStreamWithFailures.java:1216)
	at org.apache.hadoop.ozone.client.rpc.TestBlockOutputStreamWithFailures.testWatchForCommitWithSingleNodeRatis(TestBlockOutputStreamWithFailures.java:918)
	at sun.reflect.NativeMethodAccessorImpl.invoke0(Native Method)
	at sun.reflect.NativeMethodAccessorImpl.invoke(NativeMethodAccessorImpl.java:62)
	at sun.reflect.DelegatingMethodAccessorImpl.invoke(DelegatingMethodAccessorImpl.java:43)
	at java.lang.reflect.Method.invoke(Method.java:498)
	at org.junit.runners.model.FrameworkMethod$1.runReflectiveCall(FrameworkMethod.java:47)
	at org.junit.internal.runners.model.ReflectiveCallable.run(ReflectiveCallable.java:12)
	at org.junit.runners.model.FrameworkMethod.invokeExplosively(FrameworkMethod.java:44)
	at org.junit.internal.runners.statements.InvokeMethod.evaluate(InvokeMethod.java:17)
	at org.junit.internal.runners.statements.RunBefores.evaluate(RunBefores.java:26)
	at org.junit.internal.runners.statements.RunAfters.evaluate(RunAfters.java:27)
	at org.junit.runners.ParentRunner.runLeaf(ParentRunner.java:271)
	at org.junit.runners.BlockJUnit4ClassRunner.runChild(BlockJUnit4ClassRunner.java:70)
	at org.junit.runners.BlockJUnit4ClassRunner.runChild(BlockJUnit4ClassRunner.java:50)
	at org.junit.runners.ParentRunner$3.run(ParentRunner.java:238)
	at org.junit.runners.ParentRunner$1.schedule(ParentRunner.java:63)
	at org.junit.runners.ParentRunner.runChildren(ParentRunner.java:236)
	at org.junit.runners.ParentRunner.access$000(ParentRunner.java:53)
	at org.junit.runners.ParentRunner$2.evaluate(ParentRunner.java:229)
	at org.junit.runners.ParentRunner.run(ParentRunner.java:309)
	at org.apache.maven.surefire.junit4.JUnit4Provider.execute(JUnit4Provider.java:365)
	at org.apache.maven.surefire.junit4.JUnit4Provider.executeWithRerun(JUnit4Provider.java:273)
	at org.apache.maven.surefire.junit4.JUnit4Provider.executeTestSet(JUnit4Provider.java:238)
	at org.apache.maven.surefire.junit4.JUnit4Provider.invoke(JUnit4Provider.java:159)
	at org.apache.maven.surefire.booter.ForkedBooter.invokeProviderInSameClassLoader(ForkedBooter.java:384)
	at org.apache.maven.surefire.booter.ForkedBooter.runSuitesInProcess(ForkedBooter.java:345)
	at org.apache.maven.surefire.booter.ForkedBooter.execute(ForkedBooter.java:126)
	at org.apache.maven.surefire.booter.ForkedBooter.main(ForkedBooter.java:418)

Oct 14, 2019 10:26:00 AM org.apache.ratis.thirdparty.io.grpc.internal.ManagedChannelOrphanWrapper$ManagedChannelReference cleanQueue
SEVERE: *~*~*~ Channel ManagedChannelImpl{logId=3136, target=192.168.151.118:46728} was not shutdown properly!!! ~*~*~*
    Make sure to call shutdown()/shutdownNow() and wait until awaitTermination() returns true.
java.lang.RuntimeException: ManagedChannel allocation site
	at org.apache.ratis.thirdparty.io.grpc.internal.ManagedChannelOrphanWrapper$ManagedChannelReference.<init>(ManagedChannelOrphanWrapper.java:103)
	at org.apache.ratis.thirdparty.io.grpc.internal.ManagedChannelOrphanWrapper.<init>(ManagedChannelOrphanWrapper.java:53)
	at org.apache.ratis.thirdparty.io.grpc.internal.ManagedChannelOrphanWrapper.<init>(ManagedChannelOrphanWrapper.java:44)
	at org.apache.ratis.thirdparty.io.grpc.internal.AbstractManagedChannelImplBuilder.build(AbstractManagedChannelImplBuilder.java:411)
	at org.apache.ratis.grpc.client.GrpcClientProtocolClient.<init>(GrpcClientProtocolClient.java:128)
	at org.apache.ratis.grpc.client.GrpcClientRpc.lambda$new$0(GrpcClientRpc.java:55)
	at org.apache.ratis.util.PeerProxyMap$PeerAndProxy.lambda$getProxy$0(PeerProxyMap.java:61)
	at org.apache.ratis.util.LifeCycle.startAndTransition(LifeCycle.java:202)
	at org.apache.ratis.util.PeerProxyMap$PeerAndProxy.getProxy(PeerProxyMap.java:60)
	at org.apache.ratis.util.PeerProxyMap.getProxy(PeerProxyMap.java:108)
	at org.apache.ratis.grpc.client.GrpcClientRpc.sendRequestAsync(GrpcClientRpc.java:66)
	at org.apache.ratis.client.impl.OrderedAsync.sendRequest(OrderedAsync.java:208)
	at org.apache.ratis.client.impl.OrderedAsync.sendRequestWithRetry(OrderedAsync.java:169)
	at org.apache.ratis.util.SlidingWindow$Client.sendOrDelayRequest(SlidingWindow.java:278)
	at org.apache.ratis.util.SlidingWindow$Client.submitNewRequest(SlidingWindow.java:257)
	at org.apache.ratis.client.impl.OrderedAsync.send(OrderedAsync.java:155)
	at org.apache.ratis.client.impl.RaftClientImpl.sendAsync(RaftClientImpl.java:144)
	at org.apache.ratis.client.impl.RaftClientImpl.sendAsync(RaftClientImpl.java:124)
	at org.apache.hadoop.hdds.scm.XceiverClientRatis.sendRequestAsync(XceiverClientRatis.java:236)
	at org.apache.hadoop.hdds.scm.XceiverClientRatis.sendCommandAsync(XceiverClientRatis.java:317)
	at org.apache.hadoop.hdds.scm.storage.ContainerProtocolCalls.writeChunkAsync(ContainerProtocolCalls.java:310)
	at org.apache.hadoop.hdds.scm.storage.BlockOutputStream.writeChunkToContainer(BlockOutputStream.java:604)
	at org.apache.hadoop.hdds.scm.storage.BlockOutputStream.writeChunk(BlockOutputStream.java:462)
	at org.apache.hadoop.hdds.scm.storage.BlockOutputStream.write(BlockOutputStream.java:239)
	at org.apache.hadoop.ozone.client.io.BlockOutputStreamEntry.write(BlockOutputStreamEntry.java:129)
	at org.apache.hadoop.ozone.client.io.KeyOutputStream.handleWrite(KeyOutputStream.java:208)
	at org.apache.hadoop.ozone.client.io.KeyOutputStream.write(KeyOutputStream.java:190)
	at org.apache.hadoop.ozone.client.io.OzoneOutputStream.write(OzoneOutputStream.java:49)
	at java.io.OutputStream.write(OutputStream.java:75)
	at org.apache.hadoop.ozone.client.rpc.TestBlockOutputStreamWithFailures.testWatchForCommitDatanodeFailure(TestBlockOutputStreamWithFailures.java:363)
	at sun.reflect.NativeMethodAccessorImpl.invoke0(Native Method)
	at sun.reflect.NativeMethodAccessorImpl.invoke(NativeMethodAccessorImpl.java:62)
	at sun.reflect.DelegatingMethodAccessorImpl.invoke(DelegatingMethodAccessorImpl.java:43)
	at java.lang.reflect.Method.invoke(Method.java:498)
	at org.junit.runners.model.FrameworkMethod$1.runReflectiveCall(FrameworkMethod.java:47)
	at org.junit.internal.runners.model.ReflectiveCallable.run(ReflectiveCallable.java:12)
	at org.junit.runners.model.FrameworkMethod.invokeExplosively(FrameworkMethod.java:44)
	at org.junit.internal.runners.statements.InvokeMethod.evaluate(InvokeMethod.java:17)
	at org.junit.internal.runners.statements.RunBefores.evaluate(RunBefores.java:26)
	at org.junit.internal.runners.statements.RunAfters.evaluate(RunAfters.java:27)
	at org.junit.runners.ParentRunner.runLeaf(ParentRunner.java:271)
	at org.junit.runners.BlockJUnit4ClassRunner.runChild(BlockJUnit4ClassRunner.java:70)
	at org.junit.runners.BlockJUnit4ClassRunner.runChild(BlockJUnit4ClassRunner.java:50)
	at org.junit.runners.ParentRunner$3.run(ParentRunner.java:238)
	at org.junit.runners.ParentRunner$1.schedule(ParentRunner.java:63)
	at org.junit.runners.ParentRunner.runChildren(ParentRunner.java:236)
	at org.junit.runners.ParentRunner.access$000(ParentRunner.java:53)
	at org.junit.runners.ParentRunner$2.evaluate(ParentRunner.java:229)
	at org.junit.runners.ParentRunner.run(ParentRunner.java:309)
	at org.apache.maven.surefire.junit4.JUnit4Provider.execute(JUnit4Provider.java:365)
	at org.apache.maven.surefire.junit4.JUnit4Provider.executeWithRerun(JUnit4Provider.java:273)
	at org.apache.maven.surefire.junit4.JUnit4Provider.executeTestSet(JUnit4Provider.java:238)
	at org.apache.maven.surefire.junit4.JUnit4Provider.invoke(JUnit4Provider.java:159)
	at org.apache.maven.surefire.booter.ForkedBooter.invokeProviderInSameClassLoader(ForkedBooter.java:384)
	at org.apache.maven.surefire.booter.ForkedBooter.runSuitesInProcess(ForkedBooter.java:345)
	at org.apache.maven.surefire.booter.ForkedBooter.execute(ForkedBooter.java:126)
	at org.apache.maven.surefire.booter.ForkedBooter.main(ForkedBooter.java:418)

Oct 14, 2019 10:26:00 AM org.apache.ratis.thirdparty.io.grpc.internal.ManagedChannelOrphanWrapper$ManagedChannelReference cleanQueue
SEVERE: *~*~*~ Channel ManagedChannelImpl{logId=3155, target=192.168.151.118:32858} was not shutdown properly!!! ~*~*~*
    Make sure to call shutdown()/shutdownNow() and wait until awaitTermination() returns true.
java.lang.RuntimeException: ManagedChannel allocation site
	at org.apache.ratis.thirdparty.io.grpc.internal.ManagedChannelOrphanWrapper$ManagedChannelReference.<init>(ManagedChannelOrphanWrapper.java:103)
	at org.apache.ratis.thirdparty.io.grpc.internal.ManagedChannelOrphanWrapper.<init>(ManagedChannelOrphanWrapper.java:53)
	at org.apache.ratis.thirdparty.io.grpc.internal.ManagedChannelOrphanWrapper.<init>(ManagedChannelOrphanWrapper.java:44)
	at org.apache.ratis.thirdparty.io.grpc.internal.AbstractManagedChannelImplBuilder.build(AbstractManagedChannelImplBuilder.java:411)
	at org.apache.hadoop.hdds.scm.XceiverClientGrpc.connectToDatanode(XceiverClientGrpc.java:183)
	at org.apache.hadoop.hdds.scm.XceiverClientGrpc.reconnect(XceiverClientGrpc.java:434)
	at org.apache.hadoop.hdds.scm.XceiverClientGrpc.sendCommandAsync(XceiverClientGrpc.java:382)
	at org.apache.hadoop.hdds.scm.XceiverClientGrpc.sendCommandWithRetry(XceiverClientGrpc.java:295)
	at org.apache.hadoop.hdds.scm.XceiverClientGrpc.sendCommandWithTraceIDAndRetry(XceiverClientGrpc.java:259)
	at org.apache.hadoop.hdds.scm.XceiverClientGrpc.sendCommand(XceiverClientGrpc.java:242)
	at org.apache.hadoop.hdds.scm.storage.ContainerProtocolCalls.getBlock(ContainerProtocolCalls.java:118)
	at org.apache.hadoop.hdds.scm.storage.BlockInputStream.getChunkInfos(BlockInputStream.java:169)
	at org.apache.hadoop.hdds.scm.storage.BlockInputStream.initialize(BlockInputStream.java:118)
	at org.apache.hadoop.hdds.scm.storage.BlockInputStream.read(BlockInputStream.java:224)
	at org.apache.hadoop.ozone.client.io.KeyInputStream.read(KeyInputStream.java:173)
	at org.apache.hadoop.ozone.client.io.OzoneInputStream.read(OzoneInputStream.java:47)
	at java.io.InputStream.read(InputStream.java:101)
	at org.apache.hadoop.ozone.container.ContainerTestHelper.validateData(ContainerTestHelper.java:715)
	at org.apache.hadoop.ozone.client.rpc.TestBlockOutputStreamWithFailures.validateData(TestBlockOutputStreamWithFailures.java:1216)
	at org.apache.hadoop.ozone.client.rpc.TestBlockOutputStreamWithFailures.testWatchForCommitDatanodeFailure(TestBlockOutputStreamWithFailures.java:393)
	at sun.reflect.NativeMethodAccessorImpl.invoke0(Native Method)
	at sun.reflect.NativeMethodAccessorImpl.invoke(NativeMethodAccessorImpl.java:62)
	at sun.reflect.DelegatingMethodAccessorImpl.invoke(DelegatingMethodAccessorImpl.java:43)
	at java.lang.reflect.Method.invoke(Method.java:498)
	at org.junit.runners.model.FrameworkMethod$1.runReflectiveCall(FrameworkMethod.java:47)
	at org.junit.internal.runners.model.ReflectiveCallable.run(ReflectiveCallable.java:12)
	at org.junit.runners.model.FrameworkMethod.invokeExplosively(FrameworkMethod.java:44)
	at org.junit.internal.runners.statements.InvokeMethod.evaluate(InvokeMethod.java:17)
	at org.junit.internal.runners.statements.RunBefores.evaluate(RunBefores.java:26)
	at org.junit.internal.runners.statements.RunAfters.evaluate(RunAfters.java:27)
	at org.junit.runners.ParentRunner.runLeaf(ParentRunner.java:271)
	at org.junit.runners.BlockJUnit4ClassRunner.runChild(BlockJUnit4ClassRunner.java:70)
	at org.junit.runners.BlockJUnit4ClassRunner.runChild(BlockJUnit4ClassRunner.java:50)
	at org.junit.runners.ParentRunner$3.run(ParentRunner.java:238)
	at org.junit.runners.ParentRunner$1.schedule(ParentRunner.java:63)
	at org.junit.runners.ParentRunner.runChildren(ParentRunner.java:236)
	at org.junit.runners.ParentRunner.access$000(ParentRunner.java:53)
	at org.junit.runners.ParentRunner$2.evaluate(ParentRunner.java:229)
	at org.junit.runners.ParentRunner.run(ParentRunner.java:309)
	at org.apache.maven.surefire.junit4.JUnit4Provider.execute(JUnit4Provider.java:365)
	at org.apache.maven.surefire.junit4.JUnit4Provider.executeWithRerun(JUnit4Provider.java:273)
	at org.apache.maven.surefire.junit4.JUnit4Provider.executeTestSet(JUnit4Provider.java:238)
	at org.apache.maven.surefire.junit4.JUnit4Provider.invoke(JUnit4Provider.java:159)
	at org.apache.maven.surefire.booter.ForkedBooter.invokeProviderInSameClassLoader(ForkedBooter.java:384)
	at org.apache.maven.surefire.booter.ForkedBooter.runSuitesInProcess(ForkedBooter.java:345)
	at org.apache.maven.surefire.booter.ForkedBooter.execute(ForkedBooter.java:126)
	at org.apache.maven.surefire.booter.ForkedBooter.main(ForkedBooter.java:418)

Oct 14, 2019 10:26:00 AM org.apache.ratis.thirdparty.io.grpc.internal.ManagedChannelOrphanWrapper$ManagedChannelReference cleanQueue
SEVERE: *~*~*~ Channel ManagedChannelImpl{logId=2882, target=192.168.151.118:43532} was not shutdown properly!!! ~*~*~*
    Make sure to call shutdown()/shutdownNow() and wait until awaitTermination() returns true.
java.lang.RuntimeException: ManagedChannel allocation site
	at org.apache.ratis.thirdparty.io.grpc.internal.ManagedChannelOrphanWrapper$ManagedChannelReference.<init>(ManagedChannelOrphanWrapper.java:103)
	at org.apache.ratis.thirdparty.io.grpc.internal.ManagedChannelOrphanWrapper.<init>(ManagedChannelOrphanWrapper.java:53)
	at org.apache.ratis.thirdparty.io.grpc.internal.ManagedChannelOrphanWrapper.<init>(ManagedChannelOrphanWrapper.java:44)
	at org.apache.ratis.thirdparty.io.grpc.internal.AbstractManagedChannelImplBuilder.build(AbstractManagedChannelImplBuilder.java:411)
	at org.apache.hadoop.hdds.scm.XceiverClientGrpc.connectToDatanode(XceiverClientGrpc.java:183)
	at org.apache.hadoop.hdds.scm.XceiverClientGrpc.reconnect(XceiverClientGrpc.java:434)
	at org.apache.hadoop.hdds.scm.XceiverClientGrpc.sendCommandAsync(XceiverClientGrpc.java:382)
	at org.apache.hadoop.hdds.scm.XceiverClientGrpc.sendCommandWithRetry(XceiverClientGrpc.java:295)
	at org.apache.hadoop.hdds.scm.XceiverClientGrpc.sendCommandWithTraceIDAndRetry(XceiverClientGrpc.java:259)
	at org.apache.hadoop.hdds.scm.XceiverClientGrpc.sendCommand(XceiverClientGrpc.java:242)
	at org.apache.hadoop.hdds.scm.storage.ContainerProtocolCalls.getBlock(ContainerProtocolCalls.java:118)
	at org.apache.hadoop.hdds.scm.storage.BlockInputStream.getChunkInfos(BlockInputStream.java:169)
	at org.apache.hadoop.hdds.scm.storage.BlockInputStream.initialize(BlockInputStream.java:118)
	at org.apache.hadoop.hdds.scm.storage.BlockInputStream.read(BlockInputStream.java:224)
	at org.apache.hadoop.ozone.client.io.KeyInputStream.read(KeyInputStream.java:173)
	at org.apache.hadoop.ozone.client.io.OzoneInputStream.read(OzoneInputStream.java:47)
	at java.io.InputStream.read(InputStream.java:101)
	at org.apache.hadoop.ozone.container.ContainerTestHelper.validateData(ContainerTestHelper.java:715)
	at org.apache.hadoop.ozone.client.rpc.TestBlockOutputStreamWithFailures.validateData(TestBlockOutputStreamWithFailures.java:1216)
	at org.apache.hadoop.ozone.client.rpc.TestBlockOutputStreamWithFailures.testWatchForCommitWithSingleNodeRatis(TestBlockOutputStreamWithFailures.java:918)
	at sun.reflect.NativeMethodAccessorImpl.invoke0(Native Method)
	at sun.reflect.NativeMethodAccessorImpl.invoke(NativeMethodAccessorImpl.java:62)
	at sun.reflect.DelegatingMethodAccessorImpl.invoke(DelegatingMethodAccessorImpl.java:43)
	at java.lang.reflect.Method.invoke(Method.java:498)
	at org.junit.runners.model.FrameworkMethod$1.runReflectiveCall(FrameworkMethod.java:47)
	at org.junit.internal.runners.model.ReflectiveCallable.run(ReflectiveCallable.java:12)
	at org.junit.runners.model.FrameworkMethod.invokeExplosively(FrameworkMethod.java:44)
	at org.junit.internal.runners.statements.InvokeMethod.evaluate(InvokeMethod.java:17)
	at org.junit.internal.runners.statements.RunBefores.evaluate(RunBefores.java:26)
	at org.junit.internal.runners.statements.RunAfters.evaluate(RunAfters.java:27)
	at org.junit.runners.ParentRunner.runLeaf(ParentRunner.java:271)
	at org.junit.runners.BlockJUnit4ClassRunner.runChild(BlockJUnit4ClassRunner.java:70)
	at org.junit.runners.BlockJUnit4ClassRunner.runChild(BlockJUnit4ClassRunner.java:50)
	at org.junit.runners.ParentRunner$3.run(ParentRunner.java:238)
	at org.junit.runners.ParentRunner$1.schedule(ParentRunner.java:63)
	at org.junit.runners.ParentRunner.runChildren(ParentRunner.java:236)
	at org.junit.runners.ParentRunner.access$000(ParentRunner.java:53)
	at org.junit.runners.ParentRunner$2.evaluate(ParentRunner.java:229)
	at org.junit.runners.ParentRunner.run(ParentRunner.java:309)
	at org.apache.maven.surefire.junit4.JUnit4Provider.execute(JUnit4Provider.java:365)
	at org.apache.maven.surefire.junit4.JUnit4Provider.executeWithRerun(JUnit4Provider.java:273)
	at org.apache.maven.surefire.junit4.JUnit4Provider.executeTestSet(JUnit4Provider.java:238)
	at org.apache.maven.surefire.junit4.JUnit4Provider.invoke(JUnit4Provider.java:159)
	at org.apache.maven.surefire.booter.ForkedBooter.invokeProviderInSameClassLoader(ForkedBooter.java:384)
	at org.apache.maven.surefire.booter.ForkedBooter.runSuitesInProcess(ForkedBooter.java:345)
	at org.apache.maven.surefire.booter.ForkedBooter.execute(ForkedBooter.java:126)
	at org.apache.maven.surefire.booter.ForkedBooter.main(ForkedBooter.java:418)

Oct 14, 2019 10:26:00 AM org.apache.ratis.thirdparty.io.grpc.internal.ManagedChannelOrphanWrapper$ManagedChannelReference cleanQueue
SEVERE: *~*~*~ Channel ManagedChannelImpl{logId=3145, target=192.168.151.118:41688} was not shutdown properly!!! ~*~*~*
    Make sure to call shutdown()/shutdownNow() and wait until awaitTermination() returns true.
java.lang.RuntimeException: ManagedChannel allocation site
	at org.apache.ratis.thirdparty.io.grpc.internal.ManagedChannelOrphanWrapper$ManagedChannelReference.<init>(ManagedChannelOrphanWrapper.java:103)
	at org.apache.ratis.thirdparty.io.grpc.internal.ManagedChannelOrphanWrapper.<init>(ManagedChannelOrphanWrapper.java:53)
	at org.apache.ratis.thirdparty.io.grpc.internal.ManagedChannelOrphanWrapper.<init>(ManagedChannelOrphanWrapper.java:44)
	at org.apache.ratis.thirdparty.io.grpc.internal.AbstractManagedChannelImplBuilder.build(AbstractManagedChannelImplBuilder.java:411)
	at org.apache.hadoop.hdds.scm.XceiverClientGrpc.connectToDatanode(XceiverClientGrpc.java:183)
	at org.apache.hadoop.hdds.scm.XceiverClientGrpc.reconnect(XceiverClientGrpc.java:434)
	at org.apache.hadoop.hdds.scm.XceiverClientGrpc.sendCommandAsync(XceiverClientGrpc.java:382)
	at org.apache.hadoop.hdds.scm.XceiverClientGrpc.sendCommandWithRetry(XceiverClientGrpc.java:295)
	at org.apache.hadoop.hdds.scm.XceiverClientGrpc.sendCommandWithTraceIDAndRetry(XceiverClientGrpc.java:259)
	at org.apache.hadoop.hdds.scm.XceiverClientGrpc.sendCommand(XceiverClientGrpc.java:242)
	at org.apache.hadoop.hdds.scm.storage.ContainerProtocolCalls.getBlock(ContainerProtocolCalls.java:118)
	at org.apache.hadoop.hdds.scm.storage.BlockInputStream.getChunkInfos(BlockInputStream.java:169)
	at org.apache.hadoop.hdds.scm.storage.BlockInputStream.initialize(BlockInputStream.java:118)
	at org.apache.hadoop.hdds.scm.storage.BlockInputStream.read(BlockInputStream.java:224)
	at org.apache.hadoop.ozone.client.io.KeyInputStream.read(KeyInputStream.java:173)
	at org.apache.hadoop.ozone.client.io.OzoneInputStream.read(OzoneInputStream.java:47)
	at java.io.InputStream.read(InputStream.java:101)
	at org.apache.hadoop.ozone.container.ContainerTestHelper.validateData(ContainerTestHelper.java:715)
	at org.apache.hadoop.ozone.client.rpc.TestBlockOutputStreamWithFailures.validateData(TestBlockOutputStreamWithFailures.java:1216)
	at org.apache.hadoop.ozone.client.rpc.TestBlockOutputStreamWithFailures.testWatchForCommitDatanodeFailure(TestBlockOutputStreamWithFailures.java:393)
	at sun.reflect.NativeMethodAccessorImpl.invoke0(Native Method)
	at sun.reflect.NativeMethodAccessorImpl.invoke(NativeMethodAccessorImpl.java:62)
	at sun.reflect.DelegatingMethodAccessorImpl.invoke(DelegatingMethodAccessorImpl.java:43)
	at java.lang.reflect.Method.invoke(Method.java:498)
	at org.junit.runners.model.FrameworkMethod$1.runReflectiveCall(FrameworkMethod.java:47)
	at org.junit.internal.runners.model.ReflectiveCallable.run(ReflectiveCallable.java:12)
	at org.junit.runners.model.FrameworkMethod.invokeExplosively(FrameworkMethod.java:44)
	at org.junit.internal.runners.statements.InvokeMethod.evaluate(InvokeMethod.java:17)
	at org.junit.internal.runners.statements.RunBefores.evaluate(RunBefores.java:26)
	at org.junit.internal.runners.statements.RunAfters.evaluate(RunAfters.java:27)
	at org.junit.runners.ParentRunner.runLeaf(ParentRunner.java:271)
	at org.junit.runners.BlockJUnit4ClassRunner.runChild(BlockJUnit4ClassRunner.java:70)
	at org.junit.runners.BlockJUnit4ClassRunner.runChild(BlockJUnit4ClassRunner.java:50)
	at org.junit.runners.ParentRunner$3.run(ParentRunner.java:238)
	at org.junit.runners.ParentRunner$1.schedule(ParentRunner.java:63)
	at org.junit.runners.ParentRunner.runChildren(ParentRunner.java:236)
	at org.junit.runners.ParentRunner.access$000(ParentRunner.java:53)
	at org.junit.runners.ParentRunner$2.evaluate(ParentRunner.java:229)
	at org.junit.runners.ParentRunner.run(ParentRunner.java:309)
	at org.apache.maven.surefire.junit4.JUnit4Provider.execute(JUnit4Provider.java:365)
	at org.apache.maven.surefire.junit4.JUnit4Provider.executeWithRerun(JUnit4Provider.java:273)
	at org.apache.maven.surefire.junit4.JUnit4Provider.executeTestSet(JUnit4Provider.java:238)
	at org.apache.maven.surefire.junit4.JUnit4Provider.invoke(JUnit4Provider.java:159)
	at org.apache.maven.surefire.booter.ForkedBooter.invokeProviderInSameClassLoader(ForkedBooter.java:384)
	at org.apache.maven.surefire.booter.ForkedBooter.runSuitesInProcess(ForkedBooter.java:345)
	at org.apache.maven.surefire.booter.ForkedBooter.execute(ForkedBooter.java:126)
	at org.apache.maven.surefire.booter.ForkedBooter.main(ForkedBooter.java:418)

]]></system-err>
  </testcase>
  <testcase name="testWatchForCommitWithCloseContainerException" classname="org.apache.hadoop.ozone.client.rpc.TestBlockOutputStreamWithFailures" time="35.958"/>
  <testcase name="testExceptionDuringClose" classname="org.apache.hadoop.ozone.client.rpc.TestBlockOutputStreamWithFailures" time="33.966"/>
</testsuite>