<?xml version="1.0" encoding="UTF-8"?>
<testsuite xmlns:xsi="http://www.w3.org/2001/XMLSchema-instance" xsi:noNamespaceSchemaLocation="https://maven.apache.org/surefire/maven-surefire-plugin/xsd/surefire-test-report.xsd" name="org.apache.hadoop.ozone.client.rpc.TestWatchForCommit" time="241.194" tests="5" errors="1" skipped="0" failures="1">
  <properties>
    <property name="awt.toolkit" value="sun.awt.X11.XToolkit"/>
    <property name="file.encoding.pkg" value="sun.io"/>
    <property name="java.specification.version" value="1.8"/>
    <property name="sun.cpu.isalist" value=""/>
    <property name="sun.jnu.encoding" value="UTF-8"/>
    <property name="java.class.path" value="/workdir/hadoop-ozone/integration-test/target/test-classes:/workdir/hadoop-ozone/integration-test/target/classes:/home/user/.m2/repository/org/apache/hadoop/hadoop-ozone-common/0.5.0-SNAPSHOT/hadoop-ozone-common-0.5.0-SNAPSHOT.jar:/home/user/.m2/repository/org/apache/commons/commons-compress/1.4.1/commons-compress-1.4.1.jar:/home/user/.m2/repository/org/tukaani/xz/1.0/xz-1.0.jar:/home/user/.m2/repository/org/apache/hadoop/hadoop-common/3.2.0/hadoop-common-3.2.0.jar:/home/user/.m2/repository/org/apache/hadoop/hadoop-hdfs/3.2.0/hadoop-hdfs-3.2.0.jar:/home/user/.m2/repository/org/apache/hadoop/hadoop-hdfs-client/3.2.0/hadoop-hdfs-client-3.2.0.jar:/home/user/.m2/repository/com/fasterxml/jackson/core/jackson-annotations/2.9.9/jackson-annotations-2.9.9.jar:/home/user/.m2/repository/org/apache/hadoop/hadoop-hdds-common/0.5.0-SNAPSHOT/hadoop-hdds-common-0.5.0-SNAPSHOT.jar:/home/user/.m2/repository/javax/annotation/javax.annotation-api/1.2/javax.annotation-api-1.2.jar:/home/user/.m2/repository/org/apache/ratis/ratis-server/0.5.0-201fc85-SNAPSHOT/ratis-server-0.5.0-201fc85-SNAPSHOT.jar:/home/user/.m2/repository/org/apache/ratis/ratis-thirdparty-misc/0.2.0/ratis-thirdparty-misc-0.2.0.jar:/home/user/.m2/repository/org/apache/ratis/ratis-proto/0.5.0-201fc85-SNAPSHOT/ratis-proto-0.5.0-201fc85-SNAPSHOT.jar:/home/user/.m2/repository/org/apache/ratis/ratis-common/0.5.0-201fc85-SNAPSHOT/ratis-common-0.5.0-201fc85-SNAPSHOT.jar:/home/user/.m2/repository/org/apache/ratis/ratis-client/0.5.0-201fc85-SNAPSHOT/ratis-client-0.5.0-201fc85-SNAPSHOT.jar:/home/user/.m2/repository/org/apache/ratis/ratis-metrics/0.5.0-201fc85-SNAPSHOT/ratis-metrics-0.5.0-201fc85-SNAPSHOT.jar:/home/user/.m2/repository/com/github/joshelser/dropwizard-metrics-hadoop-metrics2-reporter/0.1.2/dropwizard-metrics-hadoop-metrics2-reporter-0.1.2.jar:/home/user/.m2/repository/io/dropwizard/metrics/metrics-jvm/3.2.5/metrics-jvm-3.2.5.jar:/home/user/.m2/repository/io/dropwizard/metrics/metrics-ganglia/3.2.5/metrics-ganglia-3.2.5.jar:/home/user/.m2/repository/info/ganglia/gmetric4j/gmetric4j/1.0.7/gmetric4j-1.0.7.jar:/home/user/.m2/repository/org/apache/ratis/ratis-netty/0.5.0-201fc85-SNAPSHOT/ratis-netty-0.5.0-201fc85-SNAPSHOT.jar:/home/user/.m2/repository/org/apache/ratis/ratis-grpc/0.5.0-201fc85-SNAPSHOT/ratis-grpc-0.5.0-201fc85-SNAPSHOT.jar:/home/user/.m2/repository/org/rocksdb/rocksdbjni/6.0.1/rocksdbjni-6.0.1.jar:/home/user/.m2/repository/org/apache/logging/log4j/log4j-api/2.11.0/log4j-api-2.11.0.jar:/home/user/.m2/repository/org/apache/logging/log4j/log4j-core/2.11.0/log4j-core-2.11.0.jar:/home/user/.m2/repository/com/lmax/disruptor/3.4.2/disruptor-3.4.2.jar:/home/user/.m2/repository/org/apache/commons/commons-pool2/2.6.0/commons-pool2-2.6.0.jar:/home/user/.m2/repository/org/bouncycastle/bcpkix-jdk15on/1.60/bcpkix-jdk15on-1.60.jar:/home/user/.m2/repository/commons-validator/commons-validator/1.6/commons-validator-1.6.jar:/home/user/.m2/repository/commons-digester/commons-digester/1.8.1/commons-digester-1.8.1.jar:/home/user/.m2/repository/io/jaegertracing/jaeger-client/0.34.0/jaeger-client-0.34.0.jar:/home/user/.m2/repository/io/jaegertracing/jaeger-thrift/0.34.0/jaeger-thrift-0.34.0.jar:/home/user/.m2/repository/org/apache/thrift/libthrift/0.12.0/libthrift-0.12.0.jar:/home/user/.m2/repository/com/squareup/okhttp3/okhttp/3.9.0/okhttp-3.9.0.jar:/home/user/.m2/repository/com/squareup/okio/okio/1.13.0/okio-1.13.0.jar:/home/user/.m2/repository/io/jaegertracing/jaeger-core/0.34.0/jaeger-core-0.34.0.jar:/home/user/.m2/repository/io/jaegertracing/jaeger-tracerresolver/0.34.0/jaeger-tracerresolver-0.34.0.jar:/home/user/.m2/repository/io/opentracing/contrib/opentracing-tracerresolver/0.1.5/opentracing-tracerresolver-0.1.5.jar:/home/user/.m2/repository/io/opentracing/opentracing-util/0.31.0/opentracing-util-0.31.0.jar:/home/user/.m2/repository/io/opentracing/opentracing-api/0.31.0/opentracing-api-0.31.0.jar:/home/user/.m2/repository/io/opentracing/opentracing-noop/0.31.0/opentracing-noop-0.31.0.jar:/home/user/.m2/repository/org/apache/hadoop/hadoop-hdds-server-framework/0.5.0-SNAPSHOT/hadoop-hdds-server-framework-0.5.0-SNAPSHOT.jar:/home/user/.m2/repository/org/apache/hadoop/hadoop-hdds-container-service/0.5.0-SNAPSHOT/hadoop-hdds-container-service-0.5.0-SNAPSHOT.jar:/home/user/.m2/repository/org/apache/hadoop/hadoop-hdds-client/0.5.0-SNAPSHOT/hadoop-hdds-client-0.5.0-SNAPSHOT.jar:/home/user/.m2/repository/org/apache/hadoop/hadoop-hdds-tools/0.5.0-SNAPSHOT/hadoop-hdds-tools-0.5.0-SNAPSHOT.jar:/home/user/.m2/repository/org/apache/hadoop/hadoop-hdds-server-scm/0.5.0-SNAPSHOT/hadoop-hdds-server-scm-0.5.0-SNAPSHOT.jar:/home/user/.m2/repository/org/apache/hadoop/hadoop-hdds-docs/0.5.0-SNAPSHOT/hadoop-hdds-docs-0.5.0-SNAPSHOT.jar:/home/user/.m2/repository/io/dropwizard/metrics/metrics-core/3.2.4/metrics-core-3.2.4.jar:/home/user/.m2/repository/org/hamcrest/hamcrest-all/1.3/hamcrest-all-1.3.jar:/home/user/.m2/repository/org/bouncycastle/bcprov-jdk15on/1.60/bcprov-jdk15on-1.60.jar:/home/user/.m2/repository/info/picocli/picocli/3.9.6/picocli-3.9.6.jar:/home/user/.m2/repository/com/google/protobuf/protobuf-java/2.5.0/protobuf-java-2.5.0.jar:/home/user/.m2/repository/com/google/guava/guava/11.0.2/guava-11.0.2.jar:/home/user/.m2/repository/org/apache/hadoop/hadoop-ozone-ozone-manager/0.5.0-SNAPSHOT/hadoop-ozone-ozone-manager-0.5.0-SNAPSHOT.jar:/home/user/.m2/repository/org/apache/hadoop/hadoop-minikdc/3.2.0/hadoop-minikdc-3.2.0.jar:/home/user/.m2/repository/commons-io/commons-io/2.5/commons-io-2.5.jar:/home/user/.m2/repository/org/apache/kerby/kerb-simplekdc/1.0.1/kerb-simplekdc-1.0.1.jar:/home/user/.m2/repository/org/apache/kerby/kerb-client/1.0.1/kerb-client-1.0.1.jar:/home/user/.m2/repository/org/apache/kerby/kerby-config/1.0.1/kerby-config-1.0.1.jar:/home/user/.m2/repository/org/apache/kerby/kerb-core/1.0.1/kerb-core-1.0.1.jar:/home/user/.m2/repository/org/apache/kerby/kerby-pkix/1.0.1/kerby-pkix-1.0.1.jar:/home/user/.m2/repository/org/apache/kerby/kerby-asn1/1.0.1/kerby-asn1-1.0.1.jar:/home/user/.m2/repository/org/apache/kerby/kerby-util/1.0.1/kerby-util-1.0.1.jar:/home/user/.m2/repository/org/apache/kerby/kerb-common/1.0.1/kerb-common-1.0.1.jar:/home/user/.m2/repository/org/apache/kerby/kerb-crypto/1.0.1/kerb-crypto-1.0.1.jar:/home/user/.m2/repository/org/apache/kerby/kerb-util/1.0.1/kerb-util-1.0.1.jar:/home/user/.m2/repository/org/apache/kerby/token-provider/1.0.1/token-provider-1.0.1.jar:/home/user/.m2/repository/org/apache/kerby/kerb-admin/1.0.1/kerb-admin-1.0.1.jar:/home/user/.m2/repository/org/apache/kerby/kerb-server/1.0.1/kerb-server-1.0.1.jar:/home/user/.m2/repository/org/apache/kerby/kerb-identity/1.0.1/kerb-identity-1.0.1.jar:/home/user/.m2/repository/org/apache/kerby/kerby-xdr/1.0.1/kerby-xdr-1.0.1.jar:/home/user/.m2/repository/org/slf4j/slf4j-log4j12/1.7.25/slf4j-log4j12-1.7.25.jar:/home/user/.m2/repository/org/apache/hadoop/hadoop-ozone-s3gateway/0.5.0-SNAPSHOT/hadoop-ozone-s3gateway-0.5.0-SNAPSHOT.jar:/home/user/.m2/repository/org/jboss/weld/servlet/weld-servlet/2.4.7.Final/weld-servlet-2.4.7.Final.jar:/home/user/.m2/repository/org/glassfish/jersey/containers/jersey-container-servlet-core/2.27/jersey-container-servlet-core-2.27.jar:/home/user/.m2/repository/org/glassfish/hk2/external/javax.inject/2.5.0-b42/javax.inject-2.5.0-b42.jar:/home/user/.m2/repository/org/glassfish/jersey/core/jersey-common/2.27/jersey-common-2.27.jar:/home/user/.m2/repository/org/glassfish/hk2/osgi-resource-locator/1.0.1/osgi-resource-locator-1.0.1.jar:/home/user/.m2/repository/javax/ws/rs/javax.ws.rs-api/2.1/javax.ws.rs-api-2.1.jar:/home/user/.m2/repository/org/glassfish/jersey/ext/cdi/jersey-cdi1x/2.27/jersey-cdi1x-2.27.jar:/home/user/.m2/repository/org/glassfish/jersey/inject/jersey-hk2/2.27/jersey-hk2-2.27.jar:/home/user/.m2/repository/org/glassfish/hk2/hk2-locator/2.5.0-b42/hk2-locator-2.5.0-b42.jar:/home/user/.m2/repository/org/javassist/javassist/3.22.0-CR2/javassist-3.22.0-CR2.jar:/home/user/.m2/repository/org/glassfish/hk2/hk2-api/2.5.0/hk2-api-2.5.0.jar:/home/user/.m2/repository/org/glassfish/hk2/external/jakarta.inject/2.5.0/jakarta.inject-2.5.0.jar:/home/user/.m2/repository/org/glassfish/hk2/hk2-utils/2.5.0/hk2-utils-2.5.0.jar:/home/user/.m2/repository/jakarta/annotation/jakarta.annotation-api/1.3.4/jakarta.annotation-api-1.3.4.jar:/home/user/.m2/repository/org/glassfish/hk2/external/aopalliance-repackaged/2.5.0/aopalliance-repackaged-2.5.0.jar:/home/user/.m2/repository/com/fasterxml/jackson/dataformat/jackson-dataformat-xml/2.9.0/jackson-dataformat-xml-2.9.0.jar:/home/user/.m2/repository/com/fasterxml/jackson/core/jackson-core/2.9.9/jackson-core-2.9.9.jar:/home/user/.m2/repository/com/fasterxml/jackson/module/jackson-module-jaxb-annotations/2.9.9/jackson-module-jaxb-annotations-2.9.9.jar:/home/user/.m2/repository/javax/enterprise/cdi-api/1.2/cdi-api-1.2.jar:/home/user/.m2/repository/javax/el/javax.el-api/3.0.0/javax.el-api-3.0.0.jar:/home/user/.m2/repository/javax/interceptor/javax.interceptor-api/1.2/javax.interceptor-api-1.2.jar:/home/user/.m2/repository/javax/inject/javax.inject/1/javax.inject-1.jar:/home/user/.m2/repository/com/sun/xml/bind/jaxb-impl/2.3.0.1/jaxb-impl-2.3.0.1.jar:/home/user/.m2/repository/com/sun/xml/bind/jaxb-core/2.3.0.1/jaxb-core-2.3.0.1.jar:/home/user/.m2/repository/javax/xml/bind/jaxb-api/2.3.0/jaxb-api-2.3.0.jar:/home/user/.m2/repository/javax/activation/activation/1.1.1/activation-1.1.1.jar:/home/user/.m2/repository/org/apache/hadoop/hadoop-ozone-csi/0.5.0-SNAPSHOT/hadoop-ozone-csi-0.5.0-SNAPSHOT.jar:/home/user/.m2/repository/com/google/protobuf/protobuf-java-util/3.5.1/protobuf-java-util-3.5.1.jar:/home/user/.m2/repository/org/apache/hadoop/hadoop-hdds-config/0.5.0-SNAPSHOT/hadoop-hdds-config-0.5.0-SNAPSHOT.jar:/home/user/.m2/repository/io/grpc/grpc-netty/1.17.1/grpc-netty-1.17.1.jar:/home/user/.m2/repository/io/grpc/grpc-core/1.17.1/grpc-core-1.17.1.jar:/home/user/.m2/repository/io/grpc/grpc-context/1.17.1/grpc-context-1.17.1.jar:/home/user/.m2/repository/com/google/errorprone/error_prone_annotations/2.2.0/error_prone_annotations-2.2.0.jar:/home/user/.m2/repository/org/codehaus/mojo/animal-sniffer-annotations/1.17/animal-sniffer-annotations-1.17.jar:/home/user/.m2/repository/io/opencensus/opencensus-api/0.17.0/opencensus-api-0.17.0.jar:/home/user/.m2/repository/io/opencensus/opencensus-contrib-grpc-metrics/0.17.0/opencensus-contrib-grpc-metrics-0.17.0.jar:/home/user/.m2/repository/io/netty/netty-codec-http2/4.1.30.Final/netty-codec-http2-4.1.30.Final.jar:/home/user/.m2/repository/io/netty/netty-codec-http/4.1.30.Final/netty-codec-http-4.1.30.Final.jar:/home/user/.m2/repository/io/netty/netty-codec/4.1.30.Final/netty-codec-4.1.30.Final.jar:/home/user/.m2/repository/io/netty/netty-handler/4.1.30.Final/netty-handler-4.1.30.Final.jar:/home/user/.m2/repository/io/netty/netty-handler-proxy/4.1.30.Final/netty-handler-proxy-4.1.30.Final.jar:/home/user/.m2/repository/io/netty/netty-codec-socks/4.1.30.Final/netty-codec-socks-4.1.30.Final.jar:/home/user/.m2/repository/io/netty/netty-transport-native-epoll/4.1.30.Final/netty-transport-native-epoll-4.1.30.Final.jar:/home/user/.m2/repository/io/netty/netty-common/4.1.30.Final/netty-common-4.1.30.Final.jar:/home/user/.m2/repository/io/netty/netty-buffer/4.1.30.Final/netty-buffer-4.1.30.Final.jar:/home/user/.m2/repository/io/netty/netty-transport/4.1.30.Final/netty-transport-4.1.30.Final.jar:/home/user/.m2/repository/io/netty/netty-resolver/4.1.30.Final/netty-resolver-4.1.30.Final.jar:/home/user/.m2/repository/io/netty/netty-transport-native-unix-common/4.1.30.Final/netty-transport-native-unix-common-4.1.30.Final.jar:/home/user/.m2/repository/io/grpc/grpc-protobuf/1.17.1/grpc-protobuf-1.17.1.jar:/home/user/.m2/repository/com/google/api/grpc/proto-google-common-protos/1.0.0/proto-google-common-protos-1.0.0.jar:/home/user/.m2/repository/io/grpc/grpc-protobuf-lite/1.17.1/grpc-protobuf-lite-1.17.1.jar:/home/user/.m2/repository/io/grpc/grpc-stub/1.17.1/grpc-stub-1.17.1.jar:/home/user/.m2/repository/org/apache/hadoop/hadoop-ozone-recon/0.5.0-SNAPSHOT/hadoop-ozone-recon-0.5.0-SNAPSHOT.jar:/home/user/.m2/repository/org/apache/hadoop/hadoop-ozone-reconcodegen/0.5.0-SNAPSHOT/hadoop-ozone-reconcodegen-0.5.0-SNAPSHOT.jar:/home/user/.m2/repository/com/google/inject/extensions/guice-multibindings/4.0/guice-multibindings-4.0.jar:/home/user/.m2/repository/com/google/inject/guice/4.0/guice-4.0.jar:/home/user/.m2/repository/aopalliance/aopalliance/1.0/aopalliance-1.0.jar:/home/user/.m2/repository/com/google/inject/extensions/guice-servlet/4.0/guice-servlet-4.0.jar:/home/user/.m2/repository/org/glassfish/jersey/containers/jersey-container-servlet/2.27/jersey-container-servlet-2.27.jar:/home/user/.m2/repository/org/glassfish/hk2/guice-bridge/2.5.0/guice-bridge-2.5.0.jar:/home/user/.m2/repository/org/glassfish/jersey/core/jersey-server/2.27/jersey-server-2.27.jar:/home/user/.m2/repository/org/glassfish/jersey/core/jersey-client/2.27/jersey-client-2.27.jar:/home/user/.m2/repository/org/glassfish/jersey/media/jersey-media-jaxb/2.27/jersey-media-jaxb-2.27.jar:/home/user/.m2/repository/javax/validation/validation-api/1.1.0.Final/validation-api-1.1.0.Final.jar:/home/user/.m2/repository/org/glassfish/jersey/media/jersey-media-json-jackson/2.27/jersey-media-json-jackson-2.27.jar:/home/user/.m2/repository/org/glassfish/jersey/ext/jersey-entity-filtering/2.27/jersey-entity-filtering-2.27.jar:/home/user/.m2/repository/com/google/inject/extensions/guice-assistedinject/4.0/guice-assistedinject-4.0.jar:/home/user/.m2/repository/org/jooq/jooq/3.11.10/jooq-3.11.10.jar:/home/user/.m2/repository/org/jooq/jooq-meta/3.11.10/jooq-meta-3.11.10.jar:/home/user/.m2/repository/org/jooq/jooq-codegen/3.11.10/jooq-codegen-3.11.10.jar:/home/user/.m2/repository/com/jolbox/bonecp/0.8.0.RELEASE/bonecp-0.8.0.RELEASE.jar:/home/user/.m2/repository/org/xerial/sqlite-jdbc/3.25.2/sqlite-jdbc-3.25.2.jar:/home/user/.m2/repository/org/springframework/spring-jdbc/5.1.3.RELEASE/spring-jdbc-5.1.3.RELEASE.jar:/home/user/.m2/repository/org/springframework/spring-beans/5.1.3.RELEASE/spring-beans-5.1.3.RELEASE.jar:/home/user/.m2/repository/org/springframework/spring-core/5.1.3.RELEASE/spring-core-5.1.3.RELEASE.jar:/home/user/.m2/repository/org/springframework/spring-jcl/5.1.3.RELEASE/spring-jcl-5.1.3.RELEASE.jar:/home/user/.m2/repository/org/springframework/spring-tx/5.1.3.RELEASE/spring-tx-5.1.3.RELEASE.jar:/home/user/.m2/repository/org/apache/hadoop/hadoop-ozone-client/0.5.0-SNAPSHOT/hadoop-ozone-client-0.5.0-SNAPSHOT.jar:/home/user/.m2/repository/commons-lang/commons-lang/2.6/commons-lang-2.6.jar:/home/user/.m2/repository/org/apache/hadoop/hadoop-ozone-ozone-manager/0.5.0-SNAPSHOT/hadoop-ozone-ozone-manager-0.5.0-SNAPSHOT-tests.jar:/home/user/.m2/repository/junit/junit/4.11/junit-4.11.jar:/home/user/.m2/repository/org/hamcrest/hamcrest-core/1.3/hamcrest-core-1.3.jar:/home/user/.m2/repository/org/openjdk/jmh/jmh-core/1.19/jmh-core-1.19.jar:/home/user/.m2/repository/net/sf/jopt-simple/jopt-simple/4.6/jopt-simple-4.6.jar:/home/user/.m2/repository/org/apache/commons/commons-math3/3.1.1/commons-math3-3.1.1.jar:/home/user/.m2/repository/org/openjdk/jmh/jmh-generator-annprocess/1.19/jmh-generator-annprocess-1.19.jar:/home/user/.m2/repository/org/mockito/mockito-all/1.8.5/mockito-all-1.8.5.jar:/home/user/.m2/repository/org/apache/hadoop/hadoop-kms/3.2.0/hadoop-kms-3.2.0.jar:/home/user/.m2/repository/org/apache/hadoop/hadoop-auth/3.2.0/hadoop-auth-3.2.0.jar:/home/user/.m2/repository/com/nimbusds/nimbus-jose-jwt/4.41.1/nimbus-jose-jwt-4.41.1.jar:/home/user/.m2/repository/com/github/stephenc/jcip/jcip-annotations/1.0-1/jcip-annotations-1.0-1.jar:/home/user/.m2/repository/net/minidev/json-smart/2.3/json-smart-2.3.jar:/home/user/.m2/repository/net/minidev/accessors-smart/1.2/accessors-smart-1.2.jar:/home/user/.m2/repository/org/ow2/asm/asm/5.0.4/asm-5.0.4.jar:/home/user/.m2/repository/org/apache/curator/curator-framework/2.12.0/curator-framework-2.12.0.jar:/home/user/.m2/repository/com/sun/jersey/jersey-core/1.19/jersey-core-1.19.jar:/home/user/.m2/repository/javax/ws/rs/jsr311-api/1.1.1/jsr311-api-1.1.1.jar:/home/user/.m2/repository/com/sun/jersey/jersey-server/1.19/jersey-server-1.19.jar:/home/user/.m2/repository/javax/servlet/javax.servlet-api/3.1.0/javax.servlet-api-3.1.0.jar:/home/user/.m2/repository/org/eclipse/jetty/jetty-server/9.3.25.v20180904/jetty-server-9.3.25.v20180904.jar:/home/user/.m2/repository/org/eclipse/jetty/jetty-http/9.3.25.v20180904/jetty-http-9.3.25.v20180904.jar:/home/user/.m2/repository/org/eclipse/jetty/jetty-io/9.3.25.v20180904/jetty-io-9.3.25.v20180904.jar:/home/user/.m2/repository/org/eclipse/jetty/jetty-webapp/9.3.25.v20180904/jetty-webapp-9.3.25.v20180904.jar:/home/user/.m2/repository/org/eclipse/jetty/jetty-xml/9.3.25.v20180904/jetty-xml-9.3.25.v20180904.jar:/home/user/.m2/repository/log4j/log4j/1.2.17/log4j-1.2.17.jar:/home/user/.m2/repository/org/slf4j/slf4j-api/1.7.25/slf4j-api-1.7.25.jar:/home/user/.m2/repository/org/slf4j/jul-to-slf4j/1.7.25/jul-to-slf4j-1.7.25.jar:/home/user/.m2/repository/org/eclipse/jetty/jetty-util/9.3.25.v20180904/jetty-util-9.3.25.v20180904.jar:/home/user/.m2/repository/com/fasterxml/jackson/core/jackson-databind/2.9.9/jackson-databind-2.9.9.jar:/home/user/.m2/repository/org/apache/hadoop/hadoop-kms/3.2.0/hadoop-kms-3.2.0-tests.jar:/home/user/.m2/repository/org/apache/hadoop/hadoop-hdds-server-scm/0.5.0-SNAPSHOT/hadoop-hdds-server-scm-0.5.0-SNAPSHOT-tests.jar:/home/user/.m2/repository/org/apache/hadoop/hadoop-hdds-container-service/0.5.0-SNAPSHOT/hadoop-hdds-container-service-0.5.0-SNAPSHOT-tests.jar:/home/user/.m2/repository/org/yaml/snakeyaml/1.16/snakeyaml-1.16.jar:/home/user/.m2/repository/org/apache/hadoop/hadoop-common/3.2.0/hadoop-common-3.2.0-tests.jar:/home/user/.m2/repository/org/apache/hadoop/hadoop-annotations/3.2.0/hadoop-annotations-3.2.0.jar:/usr/lib/jvm/java-1.8-openjdk/jre/../lib/tools.jar:/home/user/.m2/repository/commons-cli/commons-cli/1.2/commons-cli-1.2.jar:/home/user/.m2/repository/org/apache/httpcomponents/httpclient/4.5.2/httpclient-4.5.2.jar:/home/user/.m2/repository/org/apache/httpcomponents/httpcore/4.4.4/httpcore-4.4.4.jar:/home/user/.m2/repository/commons-codec/commons-codec/1.11/commons-codec-1.11.jar:/home/user/.m2/repository/commons-net/commons-net/3.6/commons-net-3.6.jar:/home/user/.m2/repository/commons-collections/commons-collections/3.2.2/commons-collections-3.2.2.jar:/home/user/.m2/repository/org/eclipse/jetty/jetty-servlet/9.3.25.v20180904/jetty-servlet-9.3.25.v20180904.jar:/home/user/.m2/repository/org/eclipse/jetty/jetty-security/9.3.25.v20180904/jetty-security-9.3.25.v20180904.jar:/home/user/.m2/repository/javax/servlet/jsp/jsp-api/2.1/jsp-api-2.1.jar:/home/user/.m2/repository/com/sun/jersey/jersey-servlet/1.19/jersey-servlet-1.19.jar:/home/user/.m2/repository/com/sun/jersey/jersey-json/1.19/jersey-json-1.19.jar:/home/user/.m2/repository/org/codehaus/jettison/jettison/1.1/jettison-1.1.jar:/home/user/.m2/repository/org/codehaus/jackson/jackson-core-asl/1.9.13/jackson-core-asl-1.9.13.jar:/home/user/.m2/repository/org/codehaus/jackson/jackson-mapper-asl/1.9.13/jackson-mapper-asl-1.9.13.jar:/home/user/.m2/repository/org/codehaus/jackson/jackson-jaxrs/1.9.13/jackson-jaxrs-1.9.13.jar:/home/user/.m2/repository/org/codehaus/jackson/jackson-xc/1.9.13/jackson-xc-1.9.13.jar:/home/user/.m2/repository/commons-logging/commons-logging/1.1.3/commons-logging-1.1.3.jar:/home/user/.m2/repository/commons-beanutils/commons-beanutils/1.9.4/commons-beanutils-1.9.4.jar:/home/user/.m2/repository/org/apache/commons/commons-configuration2/2.1.1/commons-configuration2-2.1.1.jar:/home/user/.m2/repository/org/apache/commons/commons-lang3/3.7/commons-lang3-3.7.jar:/home/user/.m2/repository/org/apache/commons/commons-text/1.4/commons-text-1.4.jar:/home/user/.m2/repository/org/apache/avro/avro/1.7.7/avro-1.7.7.jar:/home/user/.m2/repository/com/thoughtworks/paranamer/paranamer/2.3/paranamer-2.3.jar:/home/user/.m2/repository/org/xerial/snappy/snappy-java/1.0.5/snappy-java-1.0.5.jar:/home/user/.m2/repository/com/google/re2j/re2j/1.1/re2j-1.1.jar:/home/user/.m2/repository/com/google/code/gson/gson/2.2.4/gson-2.2.4.jar:/home/user/.m2/repository/com/jcraft/jsch/0.1.54/jsch-0.1.54.jar:/home/user/.m2/repository/org/apache/curator/curator-client/2.12.0/curator-client-2.12.0.jar:/home/user/.m2/repository/org/apache/curator/curator-recipes/2.12.0/curator-recipes-2.12.0.jar:/home/user/.m2/repository/com/google/code/findbugs/jsr305/3.0.0/jsr305-3.0.0.jar:/home/user/.m2/repository/org/apache/htrace/htrace-core4/4.1.0-incubating/htrace-core4-4.1.0-incubating.jar:/home/user/.m2/repository/org/apache/zookeeper/zookeeper/3.4.13/zookeeper-3.4.13.jar:/home/user/.m2/repository/jline/jline/0.9.94/jline-0.9.94.jar:/home/user/.m2/repository/org/apache/yetus/audience-annotations/0.5.0/audience-annotations-0.5.0.jar:/home/user/.m2/repository/org/codehaus/woodstox/stax2-api/3.1.4/stax2-api-3.1.4.jar:/home/user/.m2/repository/com/fasterxml/woodstox/woodstox-core/5.0.3/woodstox-core-5.0.3.jar:/home/user/.m2/repository/dnsjava/dnsjava/2.1.7/dnsjava-2.1.7.jar:/home/user/.m2/repository/org/apache/hadoop/hadoop-hdfs/3.2.0/hadoop-hdfs-3.2.0-tests.jar:/home/user/.m2/repository/org/eclipse/jetty/jetty-util-ajax/9.3.25.v20180904/jetty-util-ajax-9.3.25.v20180904.jar:/home/user/.m2/repository/commons-daemon/commons-daemon/1.0.13/commons-daemon-1.0.13.jar:/home/user/.m2/repository/io/netty/netty/3.10.5.Final/netty-3.10.5.Final.jar:/home/user/.m2/repository/io/netty/netty-all/4.0.52.Final/netty-all-4.0.52.Final.jar:/home/user/.m2/repository/org/fusesource/leveldbjni/leveldbjni-all/1.8/leveldbjni-all-1.8.jar:"/>
    <property name="java.vm.vendor" value="IcedTea"/>
    <property name="sun.arch.data.model" value="64"/>
    <property name="test.build.dir" value="/workdir/hadoop-ozone/integration-test/target/test-dir"/>
    <property name="test.cache.data" value=""/>
    <property name="java.vendor.url" value="https://icedtea.classpath.org"/>
    <property name="user.timezone" value=""/>
    <property name="java.vm.specification.version" value="1.8"/>
    <property name="os.name" value="Linux"/>
    <property name="test.build.data" value="/workdir/hadoop-ozone/integration-test/target/test-dir"/>
    <property name="user.country" value="US"/>
    <property name="sun.java.launcher" value="SUN_STANDARD"/>
    <property name="sun.boot.library.path" value="/usr/lib/jvm/java-1.8-openjdk/jre/lib/amd64"/>
    <property name="sun.java.command" value="/workdir/hadoop-ozone/integration-test/target/surefire/surefirebooter5935165966020253055.jar /workdir/hadoop-ozone/integration-test/target/surefire 2019-10-14T09-24-34_015-jvmRun1 surefire6253564012825507118tmp surefire_766482735438640517533tmp"/>
    <property name="test" value="!TestMiniChaosOzoneCluster"/>
    <property name="surefire.test.class.path" value="/workdir/hadoop-ozone/integration-test/target/test-classes:/workdir/hadoop-ozone/integration-test/target/classes:/home/user/.m2/repository/org/apache/hadoop/hadoop-ozone-common/0.5.0-SNAPSHOT/hadoop-ozone-common-0.5.0-SNAPSHOT.jar:/home/user/.m2/repository/org/apache/commons/commons-compress/1.4.1/commons-compress-1.4.1.jar:/home/user/.m2/repository/org/tukaani/xz/1.0/xz-1.0.jar:/home/user/.m2/repository/org/apache/hadoop/hadoop-common/3.2.0/hadoop-common-3.2.0.jar:/home/user/.m2/repository/org/apache/hadoop/hadoop-hdfs/3.2.0/hadoop-hdfs-3.2.0.jar:/home/user/.m2/repository/org/apache/hadoop/hadoop-hdfs-client/3.2.0/hadoop-hdfs-client-3.2.0.jar:/home/user/.m2/repository/com/fasterxml/jackson/core/jackson-annotations/2.9.9/jackson-annotations-2.9.9.jar:/home/user/.m2/repository/org/apache/hadoop/hadoop-hdds-common/0.5.0-SNAPSHOT/hadoop-hdds-common-0.5.0-SNAPSHOT.jar:/home/user/.m2/repository/javax/annotation/javax.annotation-api/1.2/javax.annotation-api-1.2.jar:/home/user/.m2/repository/org/apache/ratis/ratis-server/0.5.0-201fc85-SNAPSHOT/ratis-server-0.5.0-201fc85-SNAPSHOT.jar:/home/user/.m2/repository/org/apache/ratis/ratis-thirdparty-misc/0.2.0/ratis-thirdparty-misc-0.2.0.jar:/home/user/.m2/repository/org/apache/ratis/ratis-proto/0.5.0-201fc85-SNAPSHOT/ratis-proto-0.5.0-201fc85-SNAPSHOT.jar:/home/user/.m2/repository/org/apache/ratis/ratis-common/0.5.0-201fc85-SNAPSHOT/ratis-common-0.5.0-201fc85-SNAPSHOT.jar:/home/user/.m2/repository/org/apache/ratis/ratis-client/0.5.0-201fc85-SNAPSHOT/ratis-client-0.5.0-201fc85-SNAPSHOT.jar:/home/user/.m2/repository/org/apache/ratis/ratis-metrics/0.5.0-201fc85-SNAPSHOT/ratis-metrics-0.5.0-201fc85-SNAPSHOT.jar:/home/user/.m2/repository/com/github/joshelser/dropwizard-metrics-hadoop-metrics2-reporter/0.1.2/dropwizard-metrics-hadoop-metrics2-reporter-0.1.2.jar:/home/user/.m2/repository/io/dropwizard/metrics/metrics-jvm/3.2.5/metrics-jvm-3.2.5.jar:/home/user/.m2/repository/io/dropwizard/metrics/metrics-ganglia/3.2.5/metrics-ganglia-3.2.5.jar:/home/user/.m2/repository/info/ganglia/gmetric4j/gmetric4j/1.0.7/gmetric4j-1.0.7.jar:/home/user/.m2/repository/org/apache/ratis/ratis-netty/0.5.0-201fc85-SNAPSHOT/ratis-netty-0.5.0-201fc85-SNAPSHOT.jar:/home/user/.m2/repository/org/apache/ratis/ratis-grpc/0.5.0-201fc85-SNAPSHOT/ratis-grpc-0.5.0-201fc85-SNAPSHOT.jar:/home/user/.m2/repository/org/rocksdb/rocksdbjni/6.0.1/rocksdbjni-6.0.1.jar:/home/user/.m2/repository/org/apache/logging/log4j/log4j-api/2.11.0/log4j-api-2.11.0.jar:/home/user/.m2/repository/org/apache/logging/log4j/log4j-core/2.11.0/log4j-core-2.11.0.jar:/home/user/.m2/repository/com/lmax/disruptor/3.4.2/disruptor-3.4.2.jar:/home/user/.m2/repository/org/apache/commons/commons-pool2/2.6.0/commons-pool2-2.6.0.jar:/home/user/.m2/repository/org/bouncycastle/bcpkix-jdk15on/1.60/bcpkix-jdk15on-1.60.jar:/home/user/.m2/repository/commons-validator/commons-validator/1.6/commons-validator-1.6.jar:/home/user/.m2/repository/commons-digester/commons-digester/1.8.1/commons-digester-1.8.1.jar:/home/user/.m2/repository/io/jaegertracing/jaeger-client/0.34.0/jaeger-client-0.34.0.jar:/home/user/.m2/repository/io/jaegertracing/jaeger-thrift/0.34.0/jaeger-thrift-0.34.0.jar:/home/user/.m2/repository/org/apache/thrift/libthrift/0.12.0/libthrift-0.12.0.jar:/home/user/.m2/repository/com/squareup/okhttp3/okhttp/3.9.0/okhttp-3.9.0.jar:/home/user/.m2/repository/com/squareup/okio/okio/1.13.0/okio-1.13.0.jar:/home/user/.m2/repository/io/jaegertracing/jaeger-core/0.34.0/jaeger-core-0.34.0.jar:/home/user/.m2/repository/io/jaegertracing/jaeger-tracerresolver/0.34.0/jaeger-tracerresolver-0.34.0.jar:/home/user/.m2/repository/io/opentracing/contrib/opentracing-tracerresolver/0.1.5/opentracing-tracerresolver-0.1.5.jar:/home/user/.m2/repository/io/opentracing/opentracing-util/0.31.0/opentracing-util-0.31.0.jar:/home/user/.m2/repository/io/opentracing/opentracing-api/0.31.0/opentracing-api-0.31.0.jar:/home/user/.m2/repository/io/opentracing/opentracing-noop/0.31.0/opentracing-noop-0.31.0.jar:/home/user/.m2/repository/org/apache/hadoop/hadoop-hdds-server-framework/0.5.0-SNAPSHOT/hadoop-hdds-server-framework-0.5.0-SNAPSHOT.jar:/home/user/.m2/repository/org/apache/hadoop/hadoop-hdds-container-service/0.5.0-SNAPSHOT/hadoop-hdds-container-service-0.5.0-SNAPSHOT.jar:/home/user/.m2/repository/org/apache/hadoop/hadoop-hdds-client/0.5.0-SNAPSHOT/hadoop-hdds-client-0.5.0-SNAPSHOT.jar:/home/user/.m2/repository/org/apache/hadoop/hadoop-hdds-tools/0.5.0-SNAPSHOT/hadoop-hdds-tools-0.5.0-SNAPSHOT.jar:/home/user/.m2/repository/org/apache/hadoop/hadoop-hdds-server-scm/0.5.0-SNAPSHOT/hadoop-hdds-server-scm-0.5.0-SNAPSHOT.jar:/home/user/.m2/repository/org/apache/hadoop/hadoop-hdds-docs/0.5.0-SNAPSHOT/hadoop-hdds-docs-0.5.0-SNAPSHOT.jar:/home/user/.m2/repository/io/dropwizard/metrics/metrics-core/3.2.4/metrics-core-3.2.4.jar:/home/user/.m2/repository/org/hamcrest/hamcrest-all/1.3/hamcrest-all-1.3.jar:/home/user/.m2/repository/org/bouncycastle/bcprov-jdk15on/1.60/bcprov-jdk15on-1.60.jar:/home/user/.m2/repository/info/picocli/picocli/3.9.6/picocli-3.9.6.jar:/home/user/.m2/repository/com/google/protobuf/protobuf-java/2.5.0/protobuf-java-2.5.0.jar:/home/user/.m2/repository/com/google/guava/guava/11.0.2/guava-11.0.2.jar:/home/user/.m2/repository/org/apache/hadoop/hadoop-ozone-ozone-manager/0.5.0-SNAPSHOT/hadoop-ozone-ozone-manager-0.5.0-SNAPSHOT.jar:/home/user/.m2/repository/org/apache/hadoop/hadoop-minikdc/3.2.0/hadoop-minikdc-3.2.0.jar:/home/user/.m2/repository/commons-io/commons-io/2.5/commons-io-2.5.jar:/home/user/.m2/repository/org/apache/kerby/kerb-simplekdc/1.0.1/kerb-simplekdc-1.0.1.jar:/home/user/.m2/repository/org/apache/kerby/kerb-client/1.0.1/kerb-client-1.0.1.jar:/home/user/.m2/repository/org/apache/kerby/kerby-config/1.0.1/kerby-config-1.0.1.jar:/home/user/.m2/repository/org/apache/kerby/kerb-core/1.0.1/kerb-core-1.0.1.jar:/home/user/.m2/repository/org/apache/kerby/kerby-pkix/1.0.1/kerby-pkix-1.0.1.jar:/home/user/.m2/repository/org/apache/kerby/kerby-asn1/1.0.1/kerby-asn1-1.0.1.jar:/home/user/.m2/repository/org/apache/kerby/kerby-util/1.0.1/kerby-util-1.0.1.jar:/home/user/.m2/repository/org/apache/kerby/kerb-common/1.0.1/kerb-common-1.0.1.jar:/home/user/.m2/repository/org/apache/kerby/kerb-crypto/1.0.1/kerb-crypto-1.0.1.jar:/home/user/.m2/repository/org/apache/kerby/kerb-util/1.0.1/kerb-util-1.0.1.jar:/home/user/.m2/repository/org/apache/kerby/token-provider/1.0.1/token-provider-1.0.1.jar:/home/user/.m2/repository/org/apache/kerby/kerb-admin/1.0.1/kerb-admin-1.0.1.jar:/home/user/.m2/repository/org/apache/kerby/kerb-server/1.0.1/kerb-server-1.0.1.jar:/home/user/.m2/repository/org/apache/kerby/kerb-identity/1.0.1/kerb-identity-1.0.1.jar:/home/user/.m2/repository/org/apache/kerby/kerby-xdr/1.0.1/kerby-xdr-1.0.1.jar:/home/user/.m2/repository/org/slf4j/slf4j-log4j12/1.7.25/slf4j-log4j12-1.7.25.jar:/home/user/.m2/repository/org/apache/hadoop/hadoop-ozone-s3gateway/0.5.0-SNAPSHOT/hadoop-ozone-s3gateway-0.5.0-SNAPSHOT.jar:/home/user/.m2/repository/org/jboss/weld/servlet/weld-servlet/2.4.7.Final/weld-servlet-2.4.7.Final.jar:/home/user/.m2/repository/org/glassfish/jersey/containers/jersey-container-servlet-core/2.27/jersey-container-servlet-core-2.27.jar:/home/user/.m2/repository/org/glassfish/hk2/external/javax.inject/2.5.0-b42/javax.inject-2.5.0-b42.jar:/home/user/.m2/repository/org/glassfish/jersey/core/jersey-common/2.27/jersey-common-2.27.jar:/home/user/.m2/repository/org/glassfish/hk2/osgi-resource-locator/1.0.1/osgi-resource-locator-1.0.1.jar:/home/user/.m2/repository/javax/ws/rs/javax.ws.rs-api/2.1/javax.ws.rs-api-2.1.jar:/home/user/.m2/repository/org/glassfish/jersey/ext/cdi/jersey-cdi1x/2.27/jersey-cdi1x-2.27.jar:/home/user/.m2/repository/org/glassfish/jersey/inject/jersey-hk2/2.27/jersey-hk2-2.27.jar:/home/user/.m2/repository/org/glassfish/hk2/hk2-locator/2.5.0-b42/hk2-locator-2.5.0-b42.jar:/home/user/.m2/repository/org/javassist/javassist/3.22.0-CR2/javassist-3.22.0-CR2.jar:/home/user/.m2/repository/org/glassfish/hk2/hk2-api/2.5.0/hk2-api-2.5.0.jar:/home/user/.m2/repository/org/glassfish/hk2/external/jakarta.inject/2.5.0/jakarta.inject-2.5.0.jar:/home/user/.m2/repository/org/glassfish/hk2/hk2-utils/2.5.0/hk2-utils-2.5.0.jar:/home/user/.m2/repository/jakarta/annotation/jakarta.annotation-api/1.3.4/jakarta.annotation-api-1.3.4.jar:/home/user/.m2/repository/org/glassfish/hk2/external/aopalliance-repackaged/2.5.0/aopalliance-repackaged-2.5.0.jar:/home/user/.m2/repository/com/fasterxml/jackson/dataformat/jackson-dataformat-xml/2.9.0/jackson-dataformat-xml-2.9.0.jar:/home/user/.m2/repository/com/fasterxml/jackson/core/jackson-core/2.9.9/jackson-core-2.9.9.jar:/home/user/.m2/repository/com/fasterxml/jackson/module/jackson-module-jaxb-annotations/2.9.9/jackson-module-jaxb-annotations-2.9.9.jar:/home/user/.m2/repository/javax/enterprise/cdi-api/1.2/cdi-api-1.2.jar:/home/user/.m2/repository/javax/el/javax.el-api/3.0.0/javax.el-api-3.0.0.jar:/home/user/.m2/repository/javax/interceptor/javax.interceptor-api/1.2/javax.interceptor-api-1.2.jar:/home/user/.m2/repository/javax/inject/javax.inject/1/javax.inject-1.jar:/home/user/.m2/repository/com/sun/xml/bind/jaxb-impl/2.3.0.1/jaxb-impl-2.3.0.1.jar:/home/user/.m2/repository/com/sun/xml/bind/jaxb-core/2.3.0.1/jaxb-core-2.3.0.1.jar:/home/user/.m2/repository/javax/xml/bind/jaxb-api/2.3.0/jaxb-api-2.3.0.jar:/home/user/.m2/repository/javax/activation/activation/1.1.1/activation-1.1.1.jar:/home/user/.m2/repository/org/apache/hadoop/hadoop-ozone-csi/0.5.0-SNAPSHOT/hadoop-ozone-csi-0.5.0-SNAPSHOT.jar:/home/user/.m2/repository/com/google/protobuf/protobuf-java-util/3.5.1/protobuf-java-util-3.5.1.jar:/home/user/.m2/repository/org/apache/hadoop/hadoop-hdds-config/0.5.0-SNAPSHOT/hadoop-hdds-config-0.5.0-SNAPSHOT.jar:/home/user/.m2/repository/io/grpc/grpc-netty/1.17.1/grpc-netty-1.17.1.jar:/home/user/.m2/repository/io/grpc/grpc-core/1.17.1/grpc-core-1.17.1.jar:/home/user/.m2/repository/io/grpc/grpc-context/1.17.1/grpc-context-1.17.1.jar:/home/user/.m2/repository/com/google/errorprone/error_prone_annotations/2.2.0/error_prone_annotations-2.2.0.jar:/home/user/.m2/repository/org/codehaus/mojo/animal-sniffer-annotations/1.17/animal-sniffer-annotations-1.17.jar:/home/user/.m2/repository/io/opencensus/opencensus-api/0.17.0/opencensus-api-0.17.0.jar:/home/user/.m2/repository/io/opencensus/opencensus-contrib-grpc-metrics/0.17.0/opencensus-contrib-grpc-metrics-0.17.0.jar:/home/user/.m2/repository/io/netty/netty-codec-http2/4.1.30.Final/netty-codec-http2-4.1.30.Final.jar:/home/user/.m2/repository/io/netty/netty-codec-http/4.1.30.Final/netty-codec-http-4.1.30.Final.jar:/home/user/.m2/repository/io/netty/netty-codec/4.1.30.Final/netty-codec-4.1.30.Final.jar:/home/user/.m2/repository/io/netty/netty-handler/4.1.30.Final/netty-handler-4.1.30.Final.jar:/home/user/.m2/repository/io/netty/netty-handler-proxy/4.1.30.Final/netty-handler-proxy-4.1.30.Final.jar:/home/user/.m2/repository/io/netty/netty-codec-socks/4.1.30.Final/netty-codec-socks-4.1.30.Final.jar:/home/user/.m2/repository/io/netty/netty-transport-native-epoll/4.1.30.Final/netty-transport-native-epoll-4.1.30.Final.jar:/home/user/.m2/repository/io/netty/netty-common/4.1.30.Final/netty-common-4.1.30.Final.jar:/home/user/.m2/repository/io/netty/netty-buffer/4.1.30.Final/netty-buffer-4.1.30.Final.jar:/home/user/.m2/repository/io/netty/netty-transport/4.1.30.Final/netty-transport-4.1.30.Final.jar:/home/user/.m2/repository/io/netty/netty-resolver/4.1.30.Final/netty-resolver-4.1.30.Final.jar:/home/user/.m2/repository/io/netty/netty-transport-native-unix-common/4.1.30.Final/netty-transport-native-unix-common-4.1.30.Final.jar:/home/user/.m2/repository/io/grpc/grpc-protobuf/1.17.1/grpc-protobuf-1.17.1.jar:/home/user/.m2/repository/com/google/api/grpc/proto-google-common-protos/1.0.0/proto-google-common-protos-1.0.0.jar:/home/user/.m2/repository/io/grpc/grpc-protobuf-lite/1.17.1/grpc-protobuf-lite-1.17.1.jar:/home/user/.m2/repository/io/grpc/grpc-stub/1.17.1/grpc-stub-1.17.1.jar:/home/user/.m2/repository/org/apache/hadoop/hadoop-ozone-recon/0.5.0-SNAPSHOT/hadoop-ozone-recon-0.5.0-SNAPSHOT.jar:/home/user/.m2/repository/org/apache/hadoop/hadoop-ozone-reconcodegen/0.5.0-SNAPSHOT/hadoop-ozone-reconcodegen-0.5.0-SNAPSHOT.jar:/home/user/.m2/repository/com/google/inject/extensions/guice-multibindings/4.0/guice-multibindings-4.0.jar:/home/user/.m2/repository/com/google/inject/guice/4.0/guice-4.0.jar:/home/user/.m2/repository/aopalliance/aopalliance/1.0/aopalliance-1.0.jar:/home/user/.m2/repository/com/google/inject/extensions/guice-servlet/4.0/guice-servlet-4.0.jar:/home/user/.m2/repository/org/glassfish/jersey/containers/jersey-container-servlet/2.27/jersey-container-servlet-2.27.jar:/home/user/.m2/repository/org/glassfish/hk2/guice-bridge/2.5.0/guice-bridge-2.5.0.jar:/home/user/.m2/repository/org/glassfish/jersey/core/jersey-server/2.27/jersey-server-2.27.jar:/home/user/.m2/repository/org/glassfish/jersey/core/jersey-client/2.27/jersey-client-2.27.jar:/home/user/.m2/repository/org/glassfish/jersey/media/jersey-media-jaxb/2.27/jersey-media-jaxb-2.27.jar:/home/user/.m2/repository/javax/validation/validation-api/1.1.0.Final/validation-api-1.1.0.Final.jar:/home/user/.m2/repository/org/glassfish/jersey/media/jersey-media-json-jackson/2.27/jersey-media-json-jackson-2.27.jar:/home/user/.m2/repository/org/glassfish/jersey/ext/jersey-entity-filtering/2.27/jersey-entity-filtering-2.27.jar:/home/user/.m2/repository/com/google/inject/extensions/guice-assistedinject/4.0/guice-assistedinject-4.0.jar:/home/user/.m2/repository/org/jooq/jooq/3.11.10/jooq-3.11.10.jar:/home/user/.m2/repository/org/jooq/jooq-meta/3.11.10/jooq-meta-3.11.10.jar:/home/user/.m2/repository/org/jooq/jooq-codegen/3.11.10/jooq-codegen-3.11.10.jar:/home/user/.m2/repository/com/jolbox/bonecp/0.8.0.RELEASE/bonecp-0.8.0.RELEASE.jar:/home/user/.m2/repository/org/xerial/sqlite-jdbc/3.25.2/sqlite-jdbc-3.25.2.jar:/home/user/.m2/repository/org/springframework/spring-jdbc/5.1.3.RELEASE/spring-jdbc-5.1.3.RELEASE.jar:/home/user/.m2/repository/org/springframework/spring-beans/5.1.3.RELEASE/spring-beans-5.1.3.RELEASE.jar:/home/user/.m2/repository/org/springframework/spring-core/5.1.3.RELEASE/spring-core-5.1.3.RELEASE.jar:/home/user/.m2/repository/org/springframework/spring-jcl/5.1.3.RELEASE/spring-jcl-5.1.3.RELEASE.jar:/home/user/.m2/repository/org/springframework/spring-tx/5.1.3.RELEASE/spring-tx-5.1.3.RELEASE.jar:/home/user/.m2/repository/org/apache/hadoop/hadoop-ozone-client/0.5.0-SNAPSHOT/hadoop-ozone-client-0.5.0-SNAPSHOT.jar:/home/user/.m2/repository/commons-lang/commons-lang/2.6/commons-lang-2.6.jar:/home/user/.m2/repository/org/apache/hadoop/hadoop-ozone-ozone-manager/0.5.0-SNAPSHOT/hadoop-ozone-ozone-manager-0.5.0-SNAPSHOT-tests.jar:/home/user/.m2/repository/junit/junit/4.11/junit-4.11.jar:/home/user/.m2/repository/org/hamcrest/hamcrest-core/1.3/hamcrest-core-1.3.jar:/home/user/.m2/repository/org/openjdk/jmh/jmh-core/1.19/jmh-core-1.19.jar:/home/user/.m2/repository/net/sf/jopt-simple/jopt-simple/4.6/jopt-simple-4.6.jar:/home/user/.m2/repository/org/apache/commons/commons-math3/3.1.1/commons-math3-3.1.1.jar:/home/user/.m2/repository/org/openjdk/jmh/jmh-generator-annprocess/1.19/jmh-generator-annprocess-1.19.jar:/home/user/.m2/repository/org/mockito/mockito-all/1.8.5/mockito-all-1.8.5.jar:/home/user/.m2/repository/org/apache/hadoop/hadoop-kms/3.2.0/hadoop-kms-3.2.0.jar:/home/user/.m2/repository/org/apache/hadoop/hadoop-auth/3.2.0/hadoop-auth-3.2.0.jar:/home/user/.m2/repository/com/nimbusds/nimbus-jose-jwt/4.41.1/nimbus-jose-jwt-4.41.1.jar:/home/user/.m2/repository/com/github/stephenc/jcip/jcip-annotations/1.0-1/jcip-annotations-1.0-1.jar:/home/user/.m2/repository/net/minidev/json-smart/2.3/json-smart-2.3.jar:/home/user/.m2/repository/net/minidev/accessors-smart/1.2/accessors-smart-1.2.jar:/home/user/.m2/repository/org/ow2/asm/asm/5.0.4/asm-5.0.4.jar:/home/user/.m2/repository/org/apache/curator/curator-framework/2.12.0/curator-framework-2.12.0.jar:/home/user/.m2/repository/com/sun/jersey/jersey-core/1.19/jersey-core-1.19.jar:/home/user/.m2/repository/javax/ws/rs/jsr311-api/1.1.1/jsr311-api-1.1.1.jar:/home/user/.m2/repository/com/sun/jersey/jersey-server/1.19/jersey-server-1.19.jar:/home/user/.m2/repository/javax/servlet/javax.servlet-api/3.1.0/javax.servlet-api-3.1.0.jar:/home/user/.m2/repository/org/eclipse/jetty/jetty-server/9.3.25.v20180904/jetty-server-9.3.25.v20180904.jar:/home/user/.m2/repository/org/eclipse/jetty/jetty-http/9.3.25.v20180904/jetty-http-9.3.25.v20180904.jar:/home/user/.m2/repository/org/eclipse/jetty/jetty-io/9.3.25.v20180904/jetty-io-9.3.25.v20180904.jar:/home/user/.m2/repository/org/eclipse/jetty/jetty-webapp/9.3.25.v20180904/jetty-webapp-9.3.25.v20180904.jar:/home/user/.m2/repository/org/eclipse/jetty/jetty-xml/9.3.25.v20180904/jetty-xml-9.3.25.v20180904.jar:/home/user/.m2/repository/log4j/log4j/1.2.17/log4j-1.2.17.jar:/home/user/.m2/repository/org/slf4j/slf4j-api/1.7.25/slf4j-api-1.7.25.jar:/home/user/.m2/repository/org/slf4j/jul-to-slf4j/1.7.25/jul-to-slf4j-1.7.25.jar:/home/user/.m2/repository/org/eclipse/jetty/jetty-util/9.3.25.v20180904/jetty-util-9.3.25.v20180904.jar:/home/user/.m2/repository/com/fasterxml/jackson/core/jackson-databind/2.9.9/jackson-databind-2.9.9.jar:/home/user/.m2/repository/org/apache/hadoop/hadoop-kms/3.2.0/hadoop-kms-3.2.0-tests.jar:/home/user/.m2/repository/org/apache/hadoop/hadoop-hdds-server-scm/0.5.0-SNAPSHOT/hadoop-hdds-server-scm-0.5.0-SNAPSHOT-tests.jar:/home/user/.m2/repository/org/apache/hadoop/hadoop-hdds-container-service/0.5.0-SNAPSHOT/hadoop-hdds-container-service-0.5.0-SNAPSHOT-tests.jar:/home/user/.m2/repository/org/yaml/snakeyaml/1.16/snakeyaml-1.16.jar:/home/user/.m2/repository/org/apache/hadoop/hadoop-common/3.2.0/hadoop-common-3.2.0-tests.jar:/home/user/.m2/repository/org/apache/hadoop/hadoop-annotations/3.2.0/hadoop-annotations-3.2.0.jar:/usr/lib/jvm/java-1.8-openjdk/jre/../lib/tools.jar:/home/user/.m2/repository/commons-cli/commons-cli/1.2/commons-cli-1.2.jar:/home/user/.m2/repository/org/apache/httpcomponents/httpclient/4.5.2/httpclient-4.5.2.jar:/home/user/.m2/repository/org/apache/httpcomponents/httpcore/4.4.4/httpcore-4.4.4.jar:/home/user/.m2/repository/commons-codec/commons-codec/1.11/commons-codec-1.11.jar:/home/user/.m2/repository/commons-net/commons-net/3.6/commons-net-3.6.jar:/home/user/.m2/repository/commons-collections/commons-collections/3.2.2/commons-collections-3.2.2.jar:/home/user/.m2/repository/org/eclipse/jetty/jetty-servlet/9.3.25.v20180904/jetty-servlet-9.3.25.v20180904.jar:/home/user/.m2/repository/org/eclipse/jetty/jetty-security/9.3.25.v20180904/jetty-security-9.3.25.v20180904.jar:/home/user/.m2/repository/javax/servlet/jsp/jsp-api/2.1/jsp-api-2.1.jar:/home/user/.m2/repository/com/sun/jersey/jersey-servlet/1.19/jersey-servlet-1.19.jar:/home/user/.m2/repository/com/sun/jersey/jersey-json/1.19/jersey-json-1.19.jar:/home/user/.m2/repository/org/codehaus/jettison/jettison/1.1/jettison-1.1.jar:/home/user/.m2/repository/org/codehaus/jackson/jackson-core-asl/1.9.13/jackson-core-asl-1.9.13.jar:/home/user/.m2/repository/org/codehaus/jackson/jackson-mapper-asl/1.9.13/jackson-mapper-asl-1.9.13.jar:/home/user/.m2/repository/org/codehaus/jackson/jackson-jaxrs/1.9.13/jackson-jaxrs-1.9.13.jar:/home/user/.m2/repository/org/codehaus/jackson/jackson-xc/1.9.13/jackson-xc-1.9.13.jar:/home/user/.m2/repository/commons-logging/commons-logging/1.1.3/commons-logging-1.1.3.jar:/home/user/.m2/repository/commons-beanutils/commons-beanutils/1.9.4/commons-beanutils-1.9.4.jar:/home/user/.m2/repository/org/apache/commons/commons-configuration2/2.1.1/commons-configuration2-2.1.1.jar:/home/user/.m2/repository/org/apache/commons/commons-lang3/3.7/commons-lang3-3.7.jar:/home/user/.m2/repository/org/apache/commons/commons-text/1.4/commons-text-1.4.jar:/home/user/.m2/repository/org/apache/avro/avro/1.7.7/avro-1.7.7.jar:/home/user/.m2/repository/com/thoughtworks/paranamer/paranamer/2.3/paranamer-2.3.jar:/home/user/.m2/repository/org/xerial/snappy/snappy-java/1.0.5/snappy-java-1.0.5.jar:/home/user/.m2/repository/com/google/re2j/re2j/1.1/re2j-1.1.jar:/home/user/.m2/repository/com/google/code/gson/gson/2.2.4/gson-2.2.4.jar:/home/user/.m2/repository/com/jcraft/jsch/0.1.54/jsch-0.1.54.jar:/home/user/.m2/repository/org/apache/curator/curator-client/2.12.0/curator-client-2.12.0.jar:/home/user/.m2/repository/org/apache/curator/curator-recipes/2.12.0/curator-recipes-2.12.0.jar:/home/user/.m2/repository/com/google/code/findbugs/jsr305/3.0.0/jsr305-3.0.0.jar:/home/user/.m2/repository/org/apache/htrace/htrace-core4/4.1.0-incubating/htrace-core4-4.1.0-incubating.jar:/home/user/.m2/repository/org/apache/zookeeper/zookeeper/3.4.13/zookeeper-3.4.13.jar:/home/user/.m2/repository/jline/jline/0.9.94/jline-0.9.94.jar:/home/user/.m2/repository/org/apache/yetus/audience-annotations/0.5.0/audience-annotations-0.5.0.jar:/home/user/.m2/repository/org/codehaus/woodstox/stax2-api/3.1.4/stax2-api-3.1.4.jar:/home/user/.m2/repository/com/fasterxml/woodstox/woodstox-core/5.0.3/woodstox-core-5.0.3.jar:/home/user/.m2/repository/dnsjava/dnsjava/2.1.7/dnsjava-2.1.7.jar:/home/user/.m2/repository/org/apache/hadoop/hadoop-hdfs/3.2.0/hadoop-hdfs-3.2.0-tests.jar:/home/user/.m2/repository/org/eclipse/jetty/jetty-util-ajax/9.3.25.v20180904/jetty-util-ajax-9.3.25.v20180904.jar:/home/user/.m2/repository/commons-daemon/commons-daemon/1.0.13/commons-daemon-1.0.13.jar:/home/user/.m2/repository/io/netty/netty/3.10.5.Final/netty-3.10.5.Final.jar:/home/user/.m2/repository/io/netty/netty-all/4.0.52.Final/netty-all-4.0.52.Final.jar:/home/user/.m2/repository/org/fusesource/leveldbjni/leveldbjni-all/1.8/leveldbjni-all-1.8.jar:"/>
    <property name="sun.cpu.endian" value="little"/>
    <property name="user.home" value="/home/user"/>
    <property name="user.language" value="en"/>
    <property name="java.specification.vendor" value="Oracle Corporation"/>
    <property name="java.home" value="/usr/lib/jvm/java-1.8-openjdk/jre"/>
    <property name="surefire.excludesFile" value="/tools/ozone-bad-unit-tests"/>
    <property name="java.security.krb5.conf" value="/workdir/hadoop-ozone/integration-test/target/test-classes/krb5.conf"/>
    <property name="basedir" value="/workdir/hadoop-ozone/integration-test"/>
    <property name="file.separator" value="/"/>
    <property name="line.separator" value="&#10;"/>
    <property name="java.vm.specification.vendor" value="Oracle Corporation"/>
    <property name="java.specification.name" value="Java Platform API Specification"/>
    <property name="java.awt.graphicsenv" value="sun.awt.X11GraphicsEnvironment"/>
    <property name="surefire.real.class.path" value="/workdir/hadoop-ozone/integration-test/target/surefire/surefirebooter5935165966020253055.jar"/>
    <property name="hadoop.log.dir" value="/workdir/hadoop-ozone/integration-test/target/log"/>
    <property name="sun.boot.class.path" value="/usr/lib/jvm/java-1.8-openjdk/jre/lib/resources.jar:/usr/lib/jvm/java-1.8-openjdk/jre/lib/rt.jar:/usr/lib/jvm/java-1.8-openjdk/jre/lib/sunrsasign.jar:/usr/lib/jvm/java-1.8-openjdk/jre/lib/jsse.jar:/usr/lib/jvm/java-1.8-openjdk/jre/lib/jce.jar:/usr/lib/jvm/java-1.8-openjdk/jre/lib/charsets.jar:/usr/lib/jvm/java-1.8-openjdk/jre/lib/jfr.jar:/usr/lib/jvm/java-1.8-openjdk/jre/classes"/>
    <property name="sun.management.compiler" value="HotSpot 64-Bit Tiered Compilers"/>
    <property name="java.runtime.version" value="1.8.0_212-b04"/>
    <property name="java.net.preferIPv4Stack" value="true"/>
    <property name="user.name" value="jenkins1000"/>
    <property name="path.separator" value=":"/>
    <property name="java.security.egd" value="file:///dev/urandom"/>
    <property name="os.version" value="3.10.0-957.12.2.el7.x86_64"/>
    <property name="java.endorsed.dirs" value="/usr/lib/jvm/java-1.8-openjdk/jre/lib/endorsed"/>
    <property name="java.runtime.name" value="OpenJDK Runtime Environment"/>
    <property name="file.encoding" value="UTF-8"/>
    <property name="java.vm.name" value="OpenJDK 64-Bit Server VM"/>
    <property name="test.build.webapps" value=""/>
    <property name="localRepository" value="/home/user/.m2/repository"/>
    <property name="java.vendor.url.bug" value="https://icedtea.classpath.org/bugzilla"/>
    <property name="java.io.tmpdir" value="/tmp"/>
    <property name="require.test.libhadoop" value=""/>
    <property name="java.version" value="1.8.0_212"/>
    <property name="user.dir" value="/workdir/hadoop-ozone/integration-test"/>
    <property name="os.arch" value="amd64"/>
    <property name="java.vm.specification.name" value="Java Virtual Machine Specification"/>
    <property name="test.build.classes" value="/workdir/hadoop-ozone/integration-test/target/test-classes"/>
    <property name="java.awt.printerjob" value="sun.print.PSPrinterJob"/>
    <property name="sun.os.patch.level" value="unknown"/>
    <property name="hadoop.tmp.dir" value="/workdir/hadoop-ozone/integration-test/target/tmp"/>
    <property name="java.library.path" value="/usr/lib/jvm/java-1.8-openjdk/jre/lib/amd64/server:/usr/lib/jvm/java-1.8-openjdk/jre/lib/amd64:/usr/lib/jvm/java-1.8-openjdk/jre/../lib/amd64:/workdir/hadoop-ozone/integration-test/target/native/target/usr/local/lib:/workdir/hadoop-ozone/integration-test/../../hadoop-common-project/hadoop-common/target/native/target/usr/local/lib:/usr/java/packages/lib/amd64:/usr/lib64:/lib64:/lib:/usr/lib"/>
    <property name="java.vm.info" value="mixed mode"/>
    <property name="java.vendor" value="IcedTea"/>
    <property name="java.vm.version" value="25.212-b04"/>
    <property name="java.ext.dirs" value="/usr/lib/jvm/java-1.8-openjdk/jre/lib/ext:/usr/java/packages/lib/ext"/>
    <property name="sun.io.unicode.encoding" value="UnicodeLittle"/>
    <property name="java.class.version" value="52.0"/>
  </properties>
  <testcase name="testWatchForCommitWithKeyWrite" classname="org.apache.hadoop.ozone.client.rpc.TestWatchForCommit" time="74.18"/>
  <testcase name="testWatchForCommitWithSmallerTimeoutValue" classname="org.apache.hadoop.ozone.client.rpc.TestWatchForCommit" time="42.714"/>
  <testcase name="testWatchForCommitForRetryfailure" classname="org.apache.hadoop.ozone.client.rpc.TestWatchForCommit" time="61.468">
    <failure type="java.lang.AssertionError">java.lang.AssertionError
	at org.junit.Assert.fail(Assert.java:86)
	at org.junit.Assert.assertTrue(Assert.java:41)
	at org.junit.Assert.assertTrue(Assert.java:52)
	at org.apache.hadoop.ozone.client.rpc.TestWatchForCommit.testWatchForCommitForRetryfailure(TestWatchForCommit.java:348)
	at sun.reflect.NativeMethodAccessorImpl.invoke0(Native Method)
	at sun.reflect.NativeMethodAccessorImpl.invoke(NativeMethodAccessorImpl.java:62)
	at sun.reflect.DelegatingMethodAccessorImpl.invoke(DelegatingMethodAccessorImpl.java:43)
	at java.lang.reflect.Method.invoke(Method.java:498)
	at org.junit.runners.model.FrameworkMethod$1.runReflectiveCall(FrameworkMethod.java:47)
	at org.junit.internal.runners.model.ReflectiveCallable.run(ReflectiveCallable.java:12)
	at org.junit.runners.model.FrameworkMethod.invokeExplosively(FrameworkMethod.java:44)
	at org.junit.internal.runners.statements.InvokeMethod.evaluate(InvokeMethod.java:17)
	at org.junit.runners.ParentRunner.runLeaf(ParentRunner.java:271)
	at org.junit.runners.BlockJUnit4ClassRunner.runChild(BlockJUnit4ClassRunner.java:70)
	at org.junit.runners.BlockJUnit4ClassRunner.runChild(BlockJUnit4ClassRunner.java:50)
	at org.junit.runners.ParentRunner$3.run(ParentRunner.java:238)
	at org.junit.runners.ParentRunner$1.schedule(ParentRunner.java:63)
	at org.junit.runners.ParentRunner.runChildren(ParentRunner.java:236)
	at org.junit.runners.ParentRunner.access$000(ParentRunner.java:53)
	at org.junit.runners.ParentRunner$2.evaluate(ParentRunner.java:229)
	at org.junit.runners.ParentRunner.run(ParentRunner.java:309)
	at org.apache.maven.surefire.junit4.JUnit4Provider.execute(JUnit4Provider.java:365)
	at org.apache.maven.surefire.junit4.JUnit4Provider.executeWithRerun(JUnit4Provider.java:273)
	at org.apache.maven.surefire.junit4.JUnit4Provider.executeTestSet(JUnit4Provider.java:238)
	at org.apache.maven.surefire.junit4.JUnit4Provider.invoke(JUnit4Provider.java:159)
	at org.apache.maven.surefire.booter.ForkedBooter.invokeProviderInSameClassLoader(ForkedBooter.java:384)
	at org.apache.maven.surefire.booter.ForkedBooter.runSuitesInProcess(ForkedBooter.java:345)
	at org.apache.maven.surefire.booter.ForkedBooter.execute(ForkedBooter.java:126)
	at org.apache.maven.surefire.booter.ForkedBooter.main(ForkedBooter.java:418)
</failure>
    <system-out><![CDATA[2019-10-14 10:42:14,668 [main] WARN  server.ServerUtils (ServerUtils.java:getScmDbDir(145)) - ozone.scm.db.dirs is not configured. We recommend adding this setting. Falling back to ozone.metadata.dirs instead.
2019-10-14 10:42:14,683 [main] WARN  server.ServerUtils (ServerUtils.java:getScmDbDir(145)) - ozone.scm.db.dirs is not configured. We recommend adding this setting. Falling back to ozone.metadata.dirs instead.
2019-10-14 10:42:14,684 [main] WARN  server.ServerUtils (ServerUtils.java:getScmDbDir(145)) - ozone.scm.db.dirs is not configured. We recommend adding this setting. Falling back to ozone.metadata.dirs instead.
2019-10-14 10:42:14,684 [main] INFO  db.DBStoreBuilder (DBStoreBuilder.java:addTable(117)) - using custom profile for table: deletedBlocks
2019-10-14 10:42:14,685 [main] INFO  db.DBStoreBuilder (DBStoreBuilder.java:processTables(168)) - Using default column profile:DBProfile.DISK for Table:deletedBlocks
2019-10-14 10:42:14,685 [main] INFO  db.DBStoreBuilder (DBStoreBuilder.java:addTable(117)) - using custom profile for table: validCerts
2019-10-14 10:42:14,685 [main] INFO  db.DBStoreBuilder (DBStoreBuilder.java:processTables(168)) - Using default column profile:DBProfile.DISK for Table:validCerts
2019-10-14 10:42:14,685 [main] INFO  db.DBStoreBuilder (DBStoreBuilder.java:addTable(117)) - using custom profile for table: revokedCerts
2019-10-14 10:42:14,686 [main] INFO  db.DBStoreBuilder (DBStoreBuilder.java:processTables(168)) - Using default column profile:DBProfile.DISK for Table:revokedCerts
2019-10-14 10:42:14,686 [main] INFO  db.DBStoreBuilder (DBStoreBuilder.java:addTable(117)) - using custom profile for table: default
2019-10-14 10:42:14,686 [main] INFO  db.DBStoreBuilder (DBStoreBuilder.java:processTables(174)) - Using default column profile:DBProfile.DISK for Table:default
2019-10-14 10:42:14,686 [main] INFO  db.DBStoreBuilder (DBStoreBuilder.java:getDbProfile(205)) - Using default options. DBProfile.DISK
2019-10-14 10:42:14,894 [main] INFO  net.NodeSchemaLoader (NodeSchemaLoader.java:loadSchemaFromFile(125)) - Loading file from sun.misc.CompoundEnumeration@9f86dc3
2019-10-14 10:42:14,894 [main] INFO  net.NodeSchemaLoader (NodeSchemaLoader.java:loadSchema(171)) - Loading network topology layer schema file
2019-10-14 10:42:14,899 [main] WARN  server.ServerUtils (ServerUtils.java:sanitizeUserArgs(70)) - ozone.scm.stale.node.interval value = 300000 is larger than max = 100000 based on the key value of ozone.scm.heartbeat.thread.interval, reset to the max value 100000.
2019-10-14 10:42:14,899 [main] WARN  server.ServerUtils (ServerUtils.java:sanitizeUserArgs(70)) - ozone.scm.stale.node.interval value = 300000 is larger than max = 100000 based on the key value of ozone.scm.heartbeat.thread.interval, reset to the max value 100000.
2019-10-14 10:42:14,900 [main] INFO  node.SCMNodeManager (SCMNodeManager.java:<init>(116)) - Entering startup safe mode.
2019-10-14 10:42:14,901 [main] INFO  algorithms.ContainerPlacementPolicyFactory (ContainerPlacementPolicyFactory.java:getPolicy(57)) - Create container placement policy of type org.apache.hadoop.hdds.scm.container.placement.algorithms.SCMContainerPlacementRandom
2019-10-14 10:42:14,901 [main] WARN  server.ServerUtils (ServerUtils.java:getScmDbDir(145)) - ozone.scm.db.dirs is not configured. We recommend adding this setting. Falling back to ozone.metadata.dirs instead.
2019-10-14 10:42:14,990 [main] INFO  pipeline.SCMPipelineManager (SCMPipelineManager.java:initializePipelineState(132)) - No pipeline exists in current db
2019-10-14 10:42:14,990 [main] WARN  server.ServerUtils (ServerUtils.java:getScmDbDir(145)) - ozone.scm.db.dirs is not configured. We recommend adding this setting. Falling back to ozone.metadata.dirs instead.
2019-10-14 10:42:15,062 [main] WARN  events.EventQueue (EventQueue.java:fireEvent(183)) - No event handler registered for event TypedEvent{payloadType=SafeModeStatus, name='SafeModeStatus'}
2019-10-14 10:42:15,063 [main] INFO  ipc.CallQueueManager (CallQueueManager.java:<init>(84)) - Using callQueue: class java.util.concurrent.LinkedBlockingQueue, queueCapacity: 2000, scheduler: class org.apache.hadoop.ipc.DefaultRpcScheduler, ipcBackoff: false.
2019-10-14 10:42:15,064 [Socket Reader #1 for port 45433] INFO  ipc.Server (Server.java:run(1074)) - Starting Socket Reader #1 for port 45433
2019-10-14 10:42:15,066 [main] INFO  ipc.CallQueueManager (CallQueueManager.java:<init>(84)) - Using callQueue: class java.util.concurrent.LinkedBlockingQueue, queueCapacity: 2000, scheduler: class org.apache.hadoop.ipc.DefaultRpcScheduler, ipcBackoff: false.
2019-10-14 10:42:15,067 [Socket Reader #1 for port 34175] INFO  ipc.Server (Server.java:run(1074)) - Starting Socket Reader #1 for port 34175
2019-10-14 10:42:15,068 [main] INFO  ipc.CallQueueManager (CallQueueManager.java:<init>(84)) - Using callQueue: class java.util.concurrent.LinkedBlockingQueue, queueCapacity: 2000, scheduler: class org.apache.hadoop.ipc.DefaultRpcScheduler, ipcBackoff: false.
2019-10-14 10:42:15,069 [Socket Reader #1 for port 42111] INFO  ipc.Server (Server.java:run(1074)) - Starting Socket Reader #1 for port 42111
2019-10-14 10:42:15,072 [main] INFO  hdfs.DFSUtil (DFSUtil.java:httpServerTemplateForNNAndJN(1641)) - Starting Web-server for scm at: http://0.0.0.0:0
2019-10-14 10:42:15,074 [main] INFO  server.AuthenticationFilter (AuthenticationFilter.java:constructSecretProvider(240)) - Unable to initialize FileSignerSecretProvider, falling back to use random secrets.
2019-10-14 10:42:15,075 [main] WARN  http.HttpRequestLog (HttpRequestLog.java:getRequestLog(97)) - Jetty request log can only be enabled using Log4j
2019-10-14 10:42:15,077 [main] INFO  http.HttpServer2 (HttpServer2.java:addGlobalFilter(975)) - Added global filter 'safety' (class=org.apache.hadoop.http.HttpServer2$QuotingInputFilter)
2019-10-14 10:42:15,078 [main] INFO  http.HttpServer2 (HttpServer2.java:addFilter(948)) - Added filter static_user_filter (class=org.apache.hadoop.http.lib.StaticUserWebFilter$StaticUserFilter) to context scm
2019-10-14 10:42:15,078 [main] INFO  http.HttpServer2 (HttpServer2.java:addFilter(958)) - Added filter static_user_filter (class=org.apache.hadoop.http.lib.StaticUserWebFilter$StaticUserFilter) to context static
2019-10-14 10:42:15,078 [main] INFO  http.HttpServer2 (HttpServer2.java:addFilter(958)) - Added filter static_user_filter (class=org.apache.hadoop.http.lib.StaticUserWebFilter$StaticUserFilter) to context logs
2019-10-14 10:42:15,081 [main] INFO  server.StorageContainerManager (StorageContainerManager.java:start(772)) - StorageContainerLocationProtocol RPC server is listening at /0.0.0.0:42111
2019-10-14 10:42:15,084 [main] WARN  impl.MetricsConfig (MetricsConfig.java:loadFirst(134)) - Cannot locate configuration: tried hadoop-metrics2-storagecontainermanager.properties,hadoop-metrics2.properties
2019-10-14 10:42:15,085 [main] INFO  impl.MetricsSystemImpl (MetricsSystemImpl.java:startTimer(374)) - Scheduled Metric snapshot period at 10 second(s).
2019-10-14 10:42:15,085 [main] INFO  impl.MetricsSystemImpl (MetricsSystemImpl.java:start(191)) - StorageContainerManager metrics system started
2019-10-14 10:42:15,129 [main] WARN  impl.MetricsSystemImpl (MetricsSystemImpl.java:register(276)) - Sink prometheus already exists!
2019-10-14 10:42:15,146 [main] INFO  lib.Interns (Interns.java:removeEldestEntry(50)) - Metrics intern cache overflow at 2011 for MetricsSystem={MetricsSystem=MetricsInfoImpl{name=MetricsSystem, description=MetricsSystem}, MetricsSystem record=MetricsInfoImpl{name=MetricsSystem, description=MetricsSystem record}}
2019-10-14 10:42:15,174 [main] INFO  server.SCMClientProtocolServer (SCMClientProtocolServer.java:start(159)) - RPC server for Client  is listening at /0.0.0.0:42111
2019-10-14 10:42:15,175 [IPC Server Responder] INFO  ipc.Server (Server.java:run(1314)) - IPC Server Responder: starting
2019-10-14 10:42:15,175 [IPC Server listener on 42111] INFO  ipc.Server (Server.java:run(1153)) - IPC Server listener on 42111: starting
2019-10-14 10:42:15,179 [main] INFO  server.StorageContainerManager (StorageContainerManager.java:start(782)) - ScmBlockLocationProtocol RPC server is listening at /0.0.0.0:34175
2019-10-14 10:42:15,179 [main] INFO  server.SCMBlockProtocolServer (SCMBlockProtocolServer.java:start(146)) - RPC server for Block Protocol is listening at /0.0.0.0:34175
2019-10-14 10:42:15,179 [IPC Server Responder] INFO  ipc.Server (Server.java:run(1314)) - IPC Server Responder: starting
2019-10-14 10:42:15,180 [IPC Server listener on 34175] INFO  ipc.Server (Server.java:run(1153)) - IPC Server listener on 34175: starting
2019-10-14 10:42:15,182 [main] INFO  server.StorageContainerManager (StorageContainerManager.java:start(786)) - ScmDatanodeProtocl RPC server is listening at /0.0.0.0:45433
2019-10-14 10:42:15,182 [main] INFO  server.SCMDatanodeProtocolServer (SCMDatanodeProtocolServer.java:start(169)) - RPC server for DataNodes is listening at /0.0.0.0:45433
2019-10-14 10:42:15,184 [IPC Server Responder] INFO  ipc.Server (Server.java:run(1314)) - IPC Server Responder: starting
2019-10-14 10:42:15,184 [IPC Server listener on 45433] INFO  ipc.Server (Server.java:run(1153)) - IPC Server listener on 45433: starting
2019-10-14 10:42:15,188 [main] INFO  http.HttpServer2 (HttpServer2.java:bindListener(1191)) - Jetty bound to port 43261
2019-10-14 10:42:15,188 [main] INFO  server.Server (Server.java:doStart(351)) - jetty-9.3.25.v20180904, build timestamp: 2018-09-04T21:11:46Z, git hash: 3ce520221d0240229c862b122d2b06c12a625732
2019-10-14 10:42:15,190 [main] INFO  handler.ContextHandler (ContextHandler.java:doStart(781)) - Started o.e.j.s.ServletContextHandler@2f80cb79{/logs,file:///workdir/hadoop-ozone/integration-test/target/log,AVAILABLE}
2019-10-14 10:42:15,191 [main] INFO  handler.ContextHandler (ContextHandler.java:doStart(781)) - Started o.e.j.s.ServletContextHandler@20d33ea{/static,file:///workdir/hadoop-ozone/integration-test/target/test-classes/webapps/static,AVAILABLE}
2019-10-14 10:42:15,197 [main] INFO  handler.ContextHandler (ContextHandler.java:doStart(781)) - Started o.e.j.w.WebAppContext@634ff56{/,file:///workdir/hadoop-ozone/integration-test/target/test-classes/webapps/scm/,AVAILABLE}{/scm}
2019-10-14 10:42:15,198 [main] INFO  server.AbstractConnector (AbstractConnector.java:doStart(278)) - Started ServerConnector@66522ead{HTTP/1.1,[http/1.1]}{0.0.0.0:43261}
2019-10-14 10:42:15,199 [main] INFO  server.Server (Server.java:doStart(419)) - Started @117845ms
2019-10-14 10:42:15,199 [main] WARN  impl.MetricsSystemImpl (MetricsSystemImpl.java:register(276)) - Sink prometheus already exists!
2019-10-14 10:42:15,200 [main] INFO  server.BaseHttpServer (BaseHttpServer.java:updateConnectorAddress(215)) - HTTP server of SCM is listening at http://0.0.0.0:43261
2019-10-14 10:42:15,201 [main] WARN  server.ServerUtils (ServerUtils.java:getDBPath(222)) - ozone.om.db.dirs is not configured. We recommend adding this setting. Falling back to ozone.metadata.dirs instead.
2019-10-14 10:42:15,201 [org.apache.hadoop.util.JvmPauseMonitor$Monitor@e91b4f4] INFO  util.JvmPauseMonitor (JvmPauseMonitor.java:run(188)) - Starting JVM pause monitor
2019-10-14 10:42:15,215 [main] INFO  ha.OMHANodeDetails (OMHANodeDetails.java:loadOMHAConfig(190)) - Configuration either no ozone.om.address set. Falling back to the default OM address /127.0.0.1:0
2019-10-14 10:42:15,216 [main] INFO  ha.OMHANodeDetails (OMHANodeDetails.java:getOMNodeDetails(220)) - OM Service ID is not set. Setting it to the default ID: omServiceIdDefault
2019-10-14 10:42:15,216 [main] WARN  server.ServerUtils (ServerUtils.java:getDBPath(222)) - ozone.om.db.dirs is not configured. We recommend adding this setting. Falling back to ozone.metadata.dirs instead.
2019-10-14 10:42:15,216 [main] WARN  server.ServerUtils (ServerUtils.java:getDBPath(222)) - ozone.om.db.dirs is not configured. We recommend adding this setting. Falling back to ozone.metadata.dirs instead.
2019-10-14 10:42:15,225 [main] WARN  server.ServerUtils (ServerUtils.java:getDBPath(222)) - ozone.om.db.dirs is not configured. We recommend adding this setting. Falling back to ozone.metadata.dirs instead.
2019-10-14 10:42:15,225 [main] INFO  db.DBStoreBuilder (DBStoreBuilder.java:addTable(117)) - using custom profile for table: userTable
2019-10-14 10:42:15,226 [main] INFO  db.DBStoreBuilder (DBStoreBuilder.java:processTables(168)) - Using default column profile:DBProfile.DISK for Table:userTable
2019-10-14 10:42:15,226 [main] INFO  db.DBStoreBuilder (DBStoreBuilder.java:addTable(117)) - using custom profile for table: volumeTable
2019-10-14 10:42:15,226 [main] INFO  db.DBStoreBuilder (DBStoreBuilder.java:processTables(168)) - Using default column profile:DBProfile.DISK for Table:volumeTable
2019-10-14 10:42:15,226 [main] INFO  db.DBStoreBuilder (DBStoreBuilder.java:addTable(117)) - using custom profile for table: bucketTable
2019-10-14 10:42:15,226 [main] INFO  db.DBStoreBuilder (DBStoreBuilder.java:processTables(168)) - Using default column profile:DBProfile.DISK for Table:bucketTable
2019-10-14 10:42:15,227 [main] INFO  db.DBStoreBuilder (DBStoreBuilder.java:addTable(117)) - using custom profile for table: keyTable
2019-10-14 10:42:15,227 [main] INFO  db.DBStoreBuilder (DBStoreBuilder.java:processTables(168)) - Using default column profile:DBProfile.DISK for Table:keyTable
2019-10-14 10:42:15,227 [main] INFO  db.DBStoreBuilder (DBStoreBuilder.java:addTable(117)) - using custom profile for table: deletedTable
2019-10-14 10:42:15,227 [main] INFO  db.DBStoreBuilder (DBStoreBuilder.java:processTables(168)) - Using default column profile:DBProfile.DISK for Table:deletedTable
2019-10-14 10:42:15,227 [main] INFO  db.DBStoreBuilder (DBStoreBuilder.java:addTable(117)) - using custom profile for table: openKeyTable
2019-10-14 10:42:15,228 [main] INFO  db.DBStoreBuilder (DBStoreBuilder.java:processTables(168)) - Using default column profile:DBProfile.DISK for Table:openKeyTable
2019-10-14 10:42:15,228 [main] INFO  db.DBStoreBuilder (DBStoreBuilder.java:addTable(117)) - using custom profile for table: s3Table
2019-10-14 10:42:15,228 [main] INFO  db.DBStoreBuilder (DBStoreBuilder.java:processTables(168)) - Using default column profile:DBProfile.DISK for Table:s3Table
2019-10-14 10:42:15,228 [main] INFO  db.DBStoreBuilder (DBStoreBuilder.java:addTable(117)) - using custom profile for table: multipartInfoTable
2019-10-14 10:42:15,228 [main] INFO  db.DBStoreBuilder (DBStoreBuilder.java:processTables(168)) - Using default column profile:DBProfile.DISK for Table:multipartInfoTable
2019-10-14 10:42:15,229 [main] INFO  db.DBStoreBuilder (DBStoreBuilder.java:addTable(117)) - using custom profile for table: dTokenTable
2019-10-14 10:42:15,229 [main] INFO  db.DBStoreBuilder (DBStoreBuilder.java:processTables(168)) - Using default column profile:DBProfile.DISK for Table:dTokenTable
2019-10-14 10:42:15,229 [main] INFO  db.DBStoreBuilder (DBStoreBuilder.java:addTable(117)) - using custom profile for table: s3SecretTable
2019-10-14 10:42:15,229 [main] INFO  db.DBStoreBuilder (DBStoreBuilder.java:processTables(168)) - Using default column profile:DBProfile.DISK for Table:s3SecretTable
2019-10-14 10:42:15,229 [main] INFO  db.DBStoreBuilder (DBStoreBuilder.java:addTable(117)) - using custom profile for table: prefixTable
2019-10-14 10:42:15,229 [main] INFO  db.DBStoreBuilder (DBStoreBuilder.java:processTables(168)) - Using default column profile:DBProfile.DISK for Table:prefixTable
2019-10-14 10:42:15,230 [main] INFO  db.DBStoreBuilder (DBStoreBuilder.java:addTable(117)) - using custom profile for table: default
2019-10-14 10:42:15,230 [main] INFO  db.DBStoreBuilder (DBStoreBuilder.java:processTables(174)) - Using default column profile:DBProfile.DISK for Table:default
2019-10-14 10:42:15,230 [main] INFO  db.DBStoreBuilder (DBStoreBuilder.java:getDbProfile(205)) - Using default options. DBProfile.DISK
2019-10-14 10:42:15,800 [main] INFO  ipc.CallQueueManager (CallQueueManager.java:<init>(84)) - Using callQueue: class java.util.concurrent.LinkedBlockingQueue, queueCapacity: 2000, scheduler: class org.apache.hadoop.ipc.DefaultRpcScheduler, ipcBackoff: false.
2019-10-14 10:42:15,801 [Socket Reader #1 for port 34891] INFO  ipc.Server (Server.java:run(1074)) - Starting Socket Reader #1 for port 34891
2019-10-14 10:42:15,821 [main] INFO  om.OzoneManager (OzoneManager.java:start(1071)) - OzoneManager RPC server is listening at localhost/127.0.0.1:34891
2019-10-14 10:42:15,822 [main] INFO  impl.MetricsSystemImpl (MetricsSystemImpl.java:init(158)) - OzoneManager metrics system started (again)
2019-10-14 10:42:15,824 [IPC Server Responder] INFO  ipc.Server (Server.java:run(1314)) - IPC Server Responder: starting
2019-10-14 10:42:15,824 [IPC Server listener on 34891] INFO  ipc.Server (Server.java:run(1153)) - IPC Server listener on 34891: starting
2019-10-14 10:42:15,847 [main] INFO  hdfs.DFSUtil (DFSUtil.java:httpServerTemplateForNNAndJN(1641)) - Starting Web-server for ozoneManager at: http://0.0.0.0:0
2019-10-14 10:42:15,849 [main] INFO  server.AuthenticationFilter (AuthenticationFilter.java:constructSecretProvider(240)) - Unable to initialize FileSignerSecretProvider, falling back to use random secrets.
2019-10-14 10:42:15,849 [main] WARN  http.HttpRequestLog (HttpRequestLog.java:getRequestLog(97)) - Jetty request log can only be enabled using Log4j
2019-10-14 10:42:15,851 [main] INFO  http.HttpServer2 (HttpServer2.java:addGlobalFilter(975)) - Added global filter 'safety' (class=org.apache.hadoop.http.HttpServer2$QuotingInputFilter)
2019-10-14 10:42:15,852 [main] INFO  http.HttpServer2 (HttpServer2.java:addFilter(948)) - Added filter static_user_filter (class=org.apache.hadoop.http.lib.StaticUserWebFilter$StaticUserFilter) to context ozoneManager
2019-10-14 10:42:15,852 [main] INFO  http.HttpServer2 (HttpServer2.java:addFilter(958)) - Added filter static_user_filter (class=org.apache.hadoop.http.lib.StaticUserWebFilter$StaticUserFilter) to context static
2019-10-14 10:42:15,852 [main] INFO  http.HttpServer2 (HttpServer2.java:addFilter(958)) - Added filter static_user_filter (class=org.apache.hadoop.http.lib.StaticUserWebFilter$StaticUserFilter) to context logs
2019-10-14 10:42:15,853 [main] INFO  http.HttpServer2 (HttpServer2.java:bindListener(1191)) - Jetty bound to port 46139
2019-10-14 10:42:15,854 [main] INFO  server.Server (Server.java:doStart(351)) - jetty-9.3.25.v20180904, build timestamp: 2018-09-04T21:11:46Z, git hash: 3ce520221d0240229c862b122d2b06c12a625732
2019-10-14 10:42:15,855 [main] INFO  handler.ContextHandler (ContextHandler.java:doStart(781)) - Started o.e.j.s.ServletContextHandler@1dcedc93{/logs,file:///workdir/hadoop-ozone/integration-test/target/log,AVAILABLE}
2019-10-14 10:42:15,856 [main] INFO  handler.ContextHandler (ContextHandler.java:doStart(781)) - Started o.e.j.s.ServletContextHandler@628b819d{/static,file:///workdir/hadoop-ozone/integration-test/target/test-classes/webapps/static,AVAILABLE}
2019-10-14 10:42:15,860 [main] INFO  handler.ContextHandler (ContextHandler.java:doStart(781)) - Started o.e.j.w.WebAppContext@7944b8b4{/,file:///workdir/hadoop-ozone/integration-test/target/test-classes/webapps/ozoneManager/,AVAILABLE}{/ozoneManager}
2019-10-14 10:42:15,861 [main] INFO  server.AbstractConnector (AbstractConnector.java:doStart(278)) - Started ServerConnector@d7bbf12{HTTP/1.1,[http/1.1]}{0.0.0.0:46139}
2019-10-14 10:42:15,862 [main] INFO  server.Server (Server.java:doStart(419)) - Started @118508ms
2019-10-14 10:42:15,862 [main] WARN  impl.MetricsSystemImpl (MetricsSystemImpl.java:register(276)) - Sink prometheus already exists!
2019-10-14 10:42:15,863 [main] INFO  server.BaseHttpServer (BaseHttpServer.java:updateConnectorAddress(215)) - HTTP server of OZONEMANAGER is listening at http://0.0.0.0:46139
2019-10-14 10:42:15,880 [main] INFO  impl.MetricsSystemImpl (MetricsSystemImpl.java:init(158)) - HddsDatanode metrics system started (again)
2019-10-14 10:42:15,882 [main] INFO  ozone.HddsDatanodeService (HddsDatanodeService.java:start(184)) - HddsDatanodeService host:pr-hdds-2296-8rkbz-2376872687 ip:192.168.151.118
2019-10-14 10:42:15,889 [main] INFO  volume.HddsVolume (HddsVolume.java:<init>(176)) - Creating Volume: /workdir/hadoop-ozone/integration-test/target/test-dir/MiniOzoneClusterImpl-b84ab8c1-3d8e-4d54-8bf3-5dd7b4c80550/datanode-0/data/containers/hdds of  storage type : DISK and capacity : 1482555576320
2019-10-14 10:42:15,889 [main] INFO  volume.VolumeSet (VolumeSet.java:initializeVolumeSet(170)) - Added Volume : /workdir/hadoop-ozone/integration-test/target/test-dir/MiniOzoneClusterImpl-b84ab8c1-3d8e-4d54-8bf3-5dd7b4c80550/datanode-0/data/containers/hdds to VolumeSet
2019-10-14 10:42:15,890 [main] INFO  volume.ThrottledAsyncChecker (ThrottledAsyncChecker.java:schedule(141)) - Scheduling a check for org.apache.hadoop.ozone.container.common.volume.HddsVolume@3becc950
2019-10-14 10:42:15,891 [main] INFO  volume.HddsVolumeChecker (HddsVolumeChecker.java:checkAllVolumes(204)) - Scheduled health check for volume org.apache.hadoop.ozone.container.common.volume.HddsVolume@3becc950
2019-10-14 10:42:15,912 [main] INFO  impl.RaftServerProxy (ConfUtils.java:logGet(43)) - raft.rpc.type = GRPC (default)
2019-10-14 10:42:15,912 [main] INFO  grpc.GrpcFactory (GrpcFactory.java:checkPooledByteBufAllocatorUseCacheForAllThreads(45)) - PERFORMANCE WARNING: useCacheForAllThreads is true that may cause Netty to create a lot garbage objects and, as a result, trigger GC.
	It is recommended to disable useCacheForAllThreads by setting -Dorg.apache.ratis.thirdparty.io.netty.allocator.useCacheForAllThreads=false in command line.
2019-10-14 10:42:15,912 [main] INFO  grpc.GrpcConfigKeys$Server (ConfUtils.java:logGet(43)) - raft.grpc.server.port = 0 (default)
2019-10-14 10:42:15,913 [main] INFO  server.GrpcService (ConfUtils.java:logGet(43)) - raft.grpc.message.size.max = 33570816 (custom)
2019-10-14 10:42:15,913 [main] INFO  server.RaftServerConfigKeys (ConfUtils.java:logGet(43)) - raft.server.log.appender.buffer.byte-limit = 33554432 (custom)
2019-10-14 10:42:15,913 [main] INFO  server.GrpcService (ConfUtils.java:logGet(43)) - raft.grpc.flow.control.window = 1MB (=1048576) (default)
2019-10-14 10:42:15,914 [main] INFO  server.RaftServerConfigKeys (ConfUtils.java:logGet(43)) - raft.server.rpc.request.timeout = 3000ms (default)
2019-10-14 10:42:15,915 [main] INFO  server.RaftServerConfigKeys (ConfUtils.java:logGet(43)) - raft.server.storage.dir = [/workdir/hadoop-ozone/integration-test/target/test-dir/MiniOzoneClusterImpl-b84ab8c1-3d8e-4d54-8bf3-5dd7b4c80550/datanode-0/data/ratis] (custom)
2019-10-14 10:42:15,917 [main] INFO  hdfs.DFSUtil (DFSUtil.java:httpServerTemplateForNNAndJN(1641)) - Starting Web-server for hddsDatanode at: http://0.0.0.0:0
2019-10-14 10:42:15,921 [main] INFO  server.AuthenticationFilter (AuthenticationFilter.java:constructSecretProvider(240)) - Unable to initialize FileSignerSecretProvider, falling back to use random secrets.
2019-10-14 10:42:15,921 [main] WARN  http.HttpRequestLog (HttpRequestLog.java:getRequestLog(97)) - Jetty request log can only be enabled using Log4j
2019-10-14 10:42:15,923 [main] INFO  http.HttpServer2 (HttpServer2.java:addGlobalFilter(975)) - Added global filter 'safety' (class=org.apache.hadoop.http.HttpServer2$QuotingInputFilter)
2019-10-14 10:42:15,924 [main] INFO  http.HttpServer2 (HttpServer2.java:addFilter(948)) - Added filter static_user_filter (class=org.apache.hadoop.http.lib.StaticUserWebFilter$StaticUserFilter) to context hddsDatanode
2019-10-14 10:42:15,924 [main] INFO  http.HttpServer2 (HttpServer2.java:addFilter(958)) - Added filter static_user_filter (class=org.apache.hadoop.http.lib.StaticUserWebFilter$StaticUserFilter) to context static
2019-10-14 10:42:15,925 [main] INFO  http.HttpServer2 (HttpServer2.java:addFilter(958)) - Added filter static_user_filter (class=org.apache.hadoop.http.lib.StaticUserWebFilter$StaticUserFilter) to context logs
2019-10-14 10:42:15,925 [main] INFO  http.HttpServer2 (HttpServer2.java:bindListener(1191)) - Jetty bound to port 38135
2019-10-14 10:42:15,926 [main] INFO  server.Server (Server.java:doStart(351)) - jetty-9.3.25.v20180904, build timestamp: 2018-09-04T21:11:46Z, git hash: 3ce520221d0240229c862b122d2b06c12a625732
2019-10-14 10:42:15,928 [main] INFO  handler.ContextHandler (ContextHandler.java:doStart(781)) - Started o.e.j.s.ServletContextHandler@61db86bf{/logs,file:///workdir/hadoop-ozone/integration-test/target/log,AVAILABLE}
2019-10-14 10:42:15,928 [main] INFO  handler.ContextHandler (ContextHandler.java:doStart(781)) - Started o.e.j.s.ServletContextHandler@3e377967{/static,jar:file:/home/user/.m2/repository/org/apache/hadoop/hadoop-hdds-container-service/0.5.0-SNAPSHOT/hadoop-hdds-container-service-0.5.0-SNAPSHOT.jar!/webapps/static,AVAILABLE}
2019-10-14 10:42:15,969 [main] INFO  handler.ContextHandler (ContextHandler.java:doStart(781)) - Started o.e.j.w.WebAppContext@4cc65c2{/,file:///tmp/jetty-0.0.0.0-38135-hddsDatanode-_-any-452791070438543920.dir/webapp/,AVAILABLE}{/hddsDatanode}
2019-10-14 10:42:15,970 [main] INFO  server.AbstractConnector (AbstractConnector.java:doStart(278)) - Started ServerConnector@574059d5{HTTP/1.1,[http/1.1]}{0.0.0.0:38135}
2019-10-14 10:42:15,974 [main] INFO  server.Server (Server.java:doStart(419)) - Started @118620ms
2019-10-14 10:42:15,974 [main] WARN  impl.MetricsSystemImpl (MetricsSystemImpl.java:register(276)) - Sink prometheus already exists!
2019-10-14 10:42:15,975 [main] INFO  server.BaseHttpServer (BaseHttpServer.java:updateConnectorAddress(215)) - HTTP server of HDDSDATANODE is listening at http://0.0.0.0:38135
2019-10-14 10:42:15,975 [main] INFO  impl.MetricsSystemImpl (MetricsSystemImpl.java:init(158)) - HddsDatanode metrics system started (again)
2019-10-14 10:42:15,978 [org.apache.hadoop.util.JvmPauseMonitor$Monitor@4b7bef5d] INFO  util.JvmPauseMonitor (JvmPauseMonitor.java:run(188)) - Starting JVM pause monitor
2019-10-14 10:42:15,978 [main] INFO  ozone.HddsDatanodeService (HddsDatanodeService.java:start(184)) - HddsDatanodeService host:pr-hdds-2296-8rkbz-2376872687 ip:192.168.151.118
2019-10-14 10:42:15,980 [Datanode State Machine Thread - 0] INFO  datanode.InitDatanodeState (InitDatanodeState.java:persistContainerDatanodeDetails(140)) - DatanodeDetails is persisted to /workdir/hadoop-ozone/integration-test/target/test-dir/MiniOzoneClusterImpl-b84ab8c1-3d8e-4d54-8bf3-5dd7b4c80550/datanode-0/meta/datanode.id
2019-10-14 10:42:15,984 [main] INFO  volume.HddsVolume (HddsVolume.java:<init>(176)) - Creating Volume: /workdir/hadoop-ozone/integration-test/target/test-dir/MiniOzoneClusterImpl-b84ab8c1-3d8e-4d54-8bf3-5dd7b4c80550/datanode-1/data/containers/hdds of  storage type : DISK and capacity : 1482555576320
2019-10-14 10:42:15,984 [main] INFO  volume.VolumeSet (VolumeSet.java:initializeVolumeSet(170)) - Added Volume : /workdir/hadoop-ozone/integration-test/target/test-dir/MiniOzoneClusterImpl-b84ab8c1-3d8e-4d54-8bf3-5dd7b4c80550/datanode-1/data/containers/hdds to VolumeSet
2019-10-14 10:42:15,985 [main] INFO  volume.ThrottledAsyncChecker (ThrottledAsyncChecker.java:schedule(141)) - Scheduling a check for org.apache.hadoop.ozone.container.common.volume.HddsVolume@4bc59b27
2019-10-14 10:42:15,985 [main] INFO  volume.HddsVolumeChecker (HddsVolumeChecker.java:checkAllVolumes(204)) - Scheduled health check for volume org.apache.hadoop.ozone.container.common.volume.HddsVolume@4bc59b27
2019-10-14 10:42:16,004 [main] INFO  impl.RaftServerProxy (ConfUtils.java:logGet(43)) - raft.rpc.type = GRPC (default)
2019-10-14 10:42:16,004 [main] INFO  grpc.GrpcFactory (GrpcFactory.java:checkPooledByteBufAllocatorUseCacheForAllThreads(45)) - PERFORMANCE WARNING: useCacheForAllThreads is true that may cause Netty to create a lot garbage objects and, as a result, trigger GC.
	It is recommended to disable useCacheForAllThreads by setting -Dorg.apache.ratis.thirdparty.io.netty.allocator.useCacheForAllThreads=false in command line.
2019-10-14 10:42:16,005 [main] INFO  grpc.GrpcConfigKeys$Server (ConfUtils.java:logGet(43)) - raft.grpc.server.port = 0 (default)
2019-10-14 10:42:16,005 [main] INFO  server.GrpcService (ConfUtils.java:logGet(43)) - raft.grpc.message.size.max = 33570816 (custom)
2019-10-14 10:42:16,005 [main] INFO  server.RaftServerConfigKeys (ConfUtils.java:logGet(43)) - raft.server.log.appender.buffer.byte-limit = 33554432 (custom)
2019-10-14 10:42:16,005 [main] INFO  server.GrpcService (ConfUtils.java:logGet(43)) - raft.grpc.flow.control.window = 1MB (=1048576) (default)
2019-10-14 10:42:16,006 [main] INFO  server.RaftServerConfigKeys (ConfUtils.java:logGet(43)) - raft.server.rpc.request.timeout = 3000ms (default)
2019-10-14 10:42:16,006 [main] INFO  server.RaftServerConfigKeys (ConfUtils.java:logGet(43)) - raft.server.storage.dir = [/workdir/hadoop-ozone/integration-test/target/test-dir/MiniOzoneClusterImpl-b84ab8c1-3d8e-4d54-8bf3-5dd7b4c80550/datanode-1/data/ratis] (custom)
2019-10-14 10:42:16,010 [main] INFO  hdfs.DFSUtil (DFSUtil.java:httpServerTemplateForNNAndJN(1641)) - Starting Web-server for hddsDatanode at: http://0.0.0.0:0
2019-10-14 10:42:16,012 [main] INFO  server.AuthenticationFilter (AuthenticationFilter.java:constructSecretProvider(240)) - Unable to initialize FileSignerSecretProvider, falling back to use random secrets.
2019-10-14 10:42:16,017 [main] WARN  http.HttpRequestLog (HttpRequestLog.java:getRequestLog(97)) - Jetty request log can only be enabled using Log4j
2019-10-14 10:42:16,020 [main] INFO  http.HttpServer2 (HttpServer2.java:addGlobalFilter(975)) - Added global filter 'safety' (class=org.apache.hadoop.http.HttpServer2$QuotingInputFilter)
2019-10-14 10:42:16,021 [main] INFO  http.HttpServer2 (HttpServer2.java:addFilter(948)) - Added filter static_user_filter (class=org.apache.hadoop.http.lib.StaticUserWebFilter$StaticUserFilter) to context hddsDatanode
2019-10-14 10:42:16,021 [main] INFO  http.HttpServer2 (HttpServer2.java:addFilter(958)) - Added filter static_user_filter (class=org.apache.hadoop.http.lib.StaticUserWebFilter$StaticUserFilter) to context logs
2019-10-14 10:42:16,021 [main] INFO  http.HttpServer2 (HttpServer2.java:addFilter(958)) - Added filter static_user_filter (class=org.apache.hadoop.http.lib.StaticUserWebFilter$StaticUserFilter) to context static
2019-10-14 10:42:16,023 [main] INFO  http.HttpServer2 (HttpServer2.java:bindListener(1191)) - Jetty bound to port 36002
2019-10-14 10:42:16,023 [main] INFO  server.Server (Server.java:doStart(351)) - jetty-9.3.25.v20180904, build timestamp: 2018-09-04T21:11:46Z, git hash: 3ce520221d0240229c862b122d2b06c12a625732
2019-10-14 10:42:16,025 [main] INFO  handler.ContextHandler (ContextHandler.java:doStart(781)) - Started o.e.j.s.ServletContextHandler@2a8a3ada{/logs,file:///workdir/hadoop-ozone/integration-test/target/log,AVAILABLE}
2019-10-14 10:42:16,026 [main] INFO  handler.ContextHandler (ContextHandler.java:doStart(781)) - Started o.e.j.s.ServletContextHandler@ec7b5de{/static,jar:file:/home/user/.m2/repository/org/apache/hadoop/hadoop-hdds-container-service/0.5.0-SNAPSHOT/hadoop-hdds-container-service-0.5.0-SNAPSHOT.jar!/webapps/static,AVAILABLE}
2019-10-14 10:42:16,071 [main] INFO  handler.ContextHandler (ContextHandler.java:doStart(781)) - Started o.e.j.w.WebAppContext@60743cdb{/,file:///tmp/jetty-0.0.0.0-36002-hddsDatanode-_-any-6957760614662470323.dir/webapp/,AVAILABLE}{/hddsDatanode}
2019-10-14 10:42:16,071 [main] INFO  server.AbstractConnector (AbstractConnector.java:doStart(278)) - Started ServerConnector@c02670f{HTTP/1.1,[http/1.1]}{0.0.0.0:36002}
2019-10-14 10:42:16,073 [main] INFO  server.Server (Server.java:doStart(419)) - Started @118719ms
2019-10-14 10:42:16,073 [main] WARN  impl.MetricsSystemImpl (MetricsSystemImpl.java:register(276)) - Sink prometheus already exists!
2019-10-14 10:42:16,074 [main] INFO  server.BaseHttpServer (BaseHttpServer.java:updateConnectorAddress(215)) - HTTP server of HDDSDATANODE is listening at http://0.0.0.0:36002
2019-10-14 10:42:16,074 [main] INFO  impl.MetricsSystemImpl (MetricsSystemImpl.java:init(158)) - HddsDatanode metrics system started (again)
2019-10-14 10:42:16,077 [org.apache.hadoop.util.JvmPauseMonitor$Monitor@44ba06cb] INFO  util.JvmPauseMonitor (JvmPauseMonitor.java:run(188)) - Starting JVM pause monitor
2019-10-14 10:42:16,077 [main] INFO  ozone.HddsDatanodeService (HddsDatanodeService.java:start(184)) - HddsDatanodeService host:pr-hdds-2296-8rkbz-2376872687 ip:192.168.151.118
2019-10-14 10:42:16,080 [Datanode State Machine Thread - 0] INFO  datanode.InitDatanodeState (InitDatanodeState.java:persistContainerDatanodeDetails(140)) - DatanodeDetails is persisted to /workdir/hadoop-ozone/integration-test/target/test-dir/MiniOzoneClusterImpl-b84ab8c1-3d8e-4d54-8bf3-5dd7b4c80550/datanode-1/meta/datanode.id
2019-10-14 10:42:16,083 [main] INFO  volume.HddsVolume (HddsVolume.java:<init>(176)) - Creating Volume: /workdir/hadoop-ozone/integration-test/target/test-dir/MiniOzoneClusterImpl-b84ab8c1-3d8e-4d54-8bf3-5dd7b4c80550/datanode-2/data/containers/hdds of  storage type : DISK and capacity : 1482555576320
2019-10-14 10:42:16,084 [main] INFO  volume.VolumeSet (VolumeSet.java:initializeVolumeSet(170)) - Added Volume : /workdir/hadoop-ozone/integration-test/target/test-dir/MiniOzoneClusterImpl-b84ab8c1-3d8e-4d54-8bf3-5dd7b4c80550/datanode-2/data/containers/hdds to VolumeSet
2019-10-14 10:42:16,084 [main] INFO  volume.ThrottledAsyncChecker (ThrottledAsyncChecker.java:schedule(141)) - Scheduling a check for org.apache.hadoop.ozone.container.common.volume.HddsVolume@627ff1b8
2019-10-14 10:42:16,084 [main] INFO  volume.HddsVolumeChecker (HddsVolumeChecker.java:checkAllVolumes(204)) - Scheduled health check for volume org.apache.hadoop.ozone.container.common.volume.HddsVolume@627ff1b8
2019-10-14 10:42:16,097 [main] INFO  impl.RaftServerProxy (ConfUtils.java:logGet(43)) - raft.rpc.type = GRPC (default)
2019-10-14 10:42:16,098 [main] INFO  grpc.GrpcFactory (GrpcFactory.java:checkPooledByteBufAllocatorUseCacheForAllThreads(45)) - PERFORMANCE WARNING: useCacheForAllThreads is true that may cause Netty to create a lot garbage objects and, as a result, trigger GC.
	It is recommended to disable useCacheForAllThreads by setting -Dorg.apache.ratis.thirdparty.io.netty.allocator.useCacheForAllThreads=false in command line.
2019-10-14 10:42:16,098 [main] INFO  grpc.GrpcConfigKeys$Server (ConfUtils.java:logGet(43)) - raft.grpc.server.port = 0 (default)
2019-10-14 10:42:16,098 [main] INFO  server.GrpcService (ConfUtils.java:logGet(43)) - raft.grpc.message.size.max = 33570816 (custom)
2019-10-14 10:42:16,098 [main] INFO  server.RaftServerConfigKeys (ConfUtils.java:logGet(43)) - raft.server.log.appender.buffer.byte-limit = 33554432 (custom)
2019-10-14 10:42:16,098 [main] INFO  server.GrpcService (ConfUtils.java:logGet(43)) - raft.grpc.flow.control.window = 1MB (=1048576) (default)
2019-10-14 10:42:16,098 [main] INFO  server.RaftServerConfigKeys (ConfUtils.java:logGet(43)) - raft.server.rpc.request.timeout = 3000ms (default)
2019-10-14 10:42:16,099 [main] INFO  server.RaftServerConfigKeys (ConfUtils.java:logGet(43)) - raft.server.storage.dir = [/workdir/hadoop-ozone/integration-test/target/test-dir/MiniOzoneClusterImpl-b84ab8c1-3d8e-4d54-8bf3-5dd7b4c80550/datanode-2/data/ratis] (custom)
2019-10-14 10:42:16,100 [main] INFO  hdfs.DFSUtil (DFSUtil.java:httpServerTemplateForNNAndJN(1641)) - Starting Web-server for hddsDatanode at: http://0.0.0.0:0
2019-10-14 10:42:16,101 [main] INFO  server.AuthenticationFilter (AuthenticationFilter.java:constructSecretProvider(240)) - Unable to initialize FileSignerSecretProvider, falling back to use random secrets.
2019-10-14 10:42:16,102 [main] WARN  http.HttpRequestLog (HttpRequestLog.java:getRequestLog(97)) - Jetty request log can only be enabled using Log4j
2019-10-14 10:42:16,103 [main] INFO  http.HttpServer2 (HttpServer2.java:addGlobalFilter(975)) - Added global filter 'safety' (class=org.apache.hadoop.http.HttpServer2$QuotingInputFilter)
2019-10-14 10:42:16,103 [main] INFO  http.HttpServer2 (HttpServer2.java:addFilter(948)) - Added filter static_user_filter (class=org.apache.hadoop.http.lib.StaticUserWebFilter$StaticUserFilter) to context hddsDatanode
2019-10-14 10:42:16,104 [main] INFO  http.HttpServer2 (HttpServer2.java:addFilter(958)) - Added filter static_user_filter (class=org.apache.hadoop.http.lib.StaticUserWebFilter$StaticUserFilter) to context static
2019-10-14 10:42:16,104 [main] INFO  http.HttpServer2 (HttpServer2.java:addFilter(958)) - Added filter static_user_filter (class=org.apache.hadoop.http.lib.StaticUserWebFilter$StaticUserFilter) to context logs
2019-10-14 10:42:16,104 [main] INFO  http.HttpServer2 (HttpServer2.java:bindListener(1191)) - Jetty bound to port 45669
2019-10-14 10:42:16,104 [main] INFO  server.Server (Server.java:doStart(351)) - jetty-9.3.25.v20180904, build timestamp: 2018-09-04T21:11:46Z, git hash: 3ce520221d0240229c862b122d2b06c12a625732
2019-10-14 10:42:16,106 [main] INFO  handler.ContextHandler (ContextHandler.java:doStart(781)) - Started o.e.j.s.ServletContextHandler@65ef48f2{/logs,file:///workdir/hadoop-ozone/integration-test/target/log,AVAILABLE}
2019-10-14 10:42:16,106 [main] INFO  handler.ContextHandler (ContextHandler.java:doStart(781)) - Started o.e.j.s.ServletContextHandler@72543547{/static,jar:file:/home/user/.m2/repository/org/apache/hadoop/hadoop-hdds-container-service/0.5.0-SNAPSHOT/hadoop-hdds-container-service-0.5.0-SNAPSHOT.jar!/webapps/static,AVAILABLE}
2019-10-14 10:42:16,142 [main] INFO  handler.ContextHandler (ContextHandler.java:doStart(781)) - Started o.e.j.w.WebAppContext@6ecc02bb{/,file:///tmp/jetty-0.0.0.0-45669-hddsDatanode-_-any-7855071048639933312.dir/webapp/,AVAILABLE}{/hddsDatanode}
2019-10-14 10:42:16,143 [main] INFO  server.AbstractConnector (AbstractConnector.java:doStart(278)) - Started ServerConnector@31973858{HTTP/1.1,[http/1.1]}{0.0.0.0:45669}
2019-10-14 10:42:16,144 [main] INFO  server.Server (Server.java:doStart(419)) - Started @118790ms
2019-10-14 10:42:16,144 [main] WARN  impl.MetricsSystemImpl (MetricsSystemImpl.java:register(276)) - Sink prometheus already exists!
2019-10-14 10:42:16,145 [main] INFO  server.BaseHttpServer (BaseHttpServer.java:updateConnectorAddress(215)) - HTTP server of HDDSDATANODE is listening at http://0.0.0.0:45669
2019-10-14 10:42:16,145 [main] INFO  impl.MetricsSystemImpl (MetricsSystemImpl.java:init(158)) - HddsDatanode metrics system started (again)
2019-10-14 10:42:16,148 [org.apache.hadoop.util.JvmPauseMonitor$Monitor@14e66e04] INFO  util.JvmPauseMonitor (JvmPauseMonitor.java:run(188)) - Starting JVM pause monitor
2019-10-14 10:42:16,148 [main] INFO  ozone.HddsDatanodeService (HddsDatanodeService.java:start(184)) - HddsDatanodeService host:pr-hdds-2296-8rkbz-2376872687 ip:192.168.151.118
2019-10-14 10:42:16,150 [Datanode State Machine Thread - 0] INFO  datanode.InitDatanodeState (InitDatanodeState.java:persistContainerDatanodeDetails(140)) - DatanodeDetails is persisted to /workdir/hadoop-ozone/integration-test/target/test-dir/MiniOzoneClusterImpl-b84ab8c1-3d8e-4d54-8bf3-5dd7b4c80550/datanode-2/meta/datanode.id
2019-10-14 10:42:16,154 [main] INFO  volume.HddsVolume (HddsVolume.java:<init>(176)) - Creating Volume: /workdir/hadoop-ozone/integration-test/target/test-dir/MiniOzoneClusterImpl-b84ab8c1-3d8e-4d54-8bf3-5dd7b4c80550/datanode-3/data/containers/hdds of  storage type : DISK and capacity : 1482555576320
2019-10-14 10:42:16,155 [main] INFO  volume.VolumeSet (VolumeSet.java:initializeVolumeSet(170)) - Added Volume : /workdir/hadoop-ozone/integration-test/target/test-dir/MiniOzoneClusterImpl-b84ab8c1-3d8e-4d54-8bf3-5dd7b4c80550/datanode-3/data/containers/hdds to VolumeSet
2019-10-14 10:42:16,155 [main] INFO  volume.ThrottledAsyncChecker (ThrottledAsyncChecker.java:schedule(141)) - Scheduling a check for org.apache.hadoop.ozone.container.common.volume.HddsVolume@3b009e7b
2019-10-14 10:42:16,156 [main] INFO  volume.HddsVolumeChecker (HddsVolumeChecker.java:checkAllVolumes(204)) - Scheduled health check for volume org.apache.hadoop.ozone.container.common.volume.HddsVolume@3b009e7b
2019-10-14 10:42:16,171 [main] INFO  impl.RaftServerProxy (ConfUtils.java:logGet(43)) - raft.rpc.type = GRPC (default)
2019-10-14 10:42:16,171 [main] INFO  grpc.GrpcFactory (GrpcFactory.java:checkPooledByteBufAllocatorUseCacheForAllThreads(45)) - PERFORMANCE WARNING: useCacheForAllThreads is true that may cause Netty to create a lot garbage objects and, as a result, trigger GC.
	It is recommended to disable useCacheForAllThreads by setting -Dorg.apache.ratis.thirdparty.io.netty.allocator.useCacheForAllThreads=false in command line.
2019-10-14 10:42:16,171 [main] INFO  grpc.GrpcConfigKeys$Server (ConfUtils.java:logGet(43)) - raft.grpc.server.port = 0 (default)
2019-10-14 10:42:16,171 [main] INFO  server.GrpcService (ConfUtils.java:logGet(43)) - raft.grpc.message.size.max = 33570816 (custom)
2019-10-14 10:42:16,172 [main] INFO  server.RaftServerConfigKeys (ConfUtils.java:logGet(43)) - raft.server.log.appender.buffer.byte-limit = 33554432 (custom)
2019-10-14 10:42:16,172 [main] INFO  server.GrpcService (ConfUtils.java:logGet(43)) - raft.grpc.flow.control.window = 1MB (=1048576) (default)
2019-10-14 10:42:16,172 [main] INFO  server.RaftServerConfigKeys (ConfUtils.java:logGet(43)) - raft.server.rpc.request.timeout = 3000ms (default)
2019-10-14 10:42:16,173 [main] INFO  server.RaftServerConfigKeys (ConfUtils.java:logGet(43)) - raft.server.storage.dir = [/workdir/hadoop-ozone/integration-test/target/test-dir/MiniOzoneClusterImpl-b84ab8c1-3d8e-4d54-8bf3-5dd7b4c80550/datanode-3/data/ratis] (custom)
2019-10-14 10:42:16,175 [main] INFO  hdfs.DFSUtil (DFSUtil.java:httpServerTemplateForNNAndJN(1641)) - Starting Web-server for hddsDatanode at: http://0.0.0.0:0
2019-10-14 10:42:16,176 [main] INFO  server.AuthenticationFilter (AuthenticationFilter.java:constructSecretProvider(240)) - Unable to initialize FileSignerSecretProvider, falling back to use random secrets.
2019-10-14 10:42:16,177 [main] WARN  http.HttpRequestLog (HttpRequestLog.java:getRequestLog(97)) - Jetty request log can only be enabled using Log4j
2019-10-14 10:42:16,180 [main] INFO  http.HttpServer2 (HttpServer2.java:addGlobalFilter(975)) - Added global filter 'safety' (class=org.apache.hadoop.http.HttpServer2$QuotingInputFilter)
2019-10-14 10:42:16,180 [main] INFO  http.HttpServer2 (HttpServer2.java:addFilter(948)) - Added filter static_user_filter (class=org.apache.hadoop.http.lib.StaticUserWebFilter$StaticUserFilter) to context hddsDatanode
2019-10-14 10:42:16,181 [main] INFO  http.HttpServer2 (HttpServer2.java:addFilter(958)) - Added filter static_user_filter (class=org.apache.hadoop.http.lib.StaticUserWebFilter$StaticUserFilter) to context logs
2019-10-14 10:42:16,181 [main] INFO  http.HttpServer2 (HttpServer2.java:addFilter(958)) - Added filter static_user_filter (class=org.apache.hadoop.http.lib.StaticUserWebFilter$StaticUserFilter) to context static
2019-10-14 10:42:16,182 [main] INFO  http.HttpServer2 (HttpServer2.java:bindListener(1191)) - Jetty bound to port 44898
2019-10-14 10:42:16,182 [main] INFO  server.Server (Server.java:doStart(351)) - jetty-9.3.25.v20180904, build timestamp: 2018-09-04T21:11:46Z, git hash: 3ce520221d0240229c862b122d2b06c12a625732
2019-10-14 10:42:16,184 [main] INFO  handler.ContextHandler (ContextHandler.java:doStart(781)) - Started o.e.j.s.ServletContextHandler@cfd1075{/logs,file:///workdir/hadoop-ozone/integration-test/target/log,AVAILABLE}
2019-10-14 10:42:16,185 [main] INFO  handler.ContextHandler (ContextHandler.java:doStart(781)) - Started o.e.j.s.ServletContextHandler@7741771e{/static,jar:file:/home/user/.m2/repository/org/apache/hadoop/hadoop-hdds-container-service/0.5.0-SNAPSHOT/hadoop-hdds-container-service-0.5.0-SNAPSHOT.jar!/webapps/static,AVAILABLE}
2019-10-14 10:42:16,223 [main] INFO  handler.ContextHandler (ContextHandler.java:doStart(781)) - Started o.e.j.w.WebAppContext@7fda2001{/,file:///tmp/jetty-0.0.0.0-44898-hddsDatanode-_-any-5777397565338393098.dir/webapp/,AVAILABLE}{/hddsDatanode}
2019-10-14 10:42:16,224 [main] INFO  server.AbstractConnector (AbstractConnector.java:doStart(278)) - Started ServerConnector@162c1dfb{HTTP/1.1,[http/1.1]}{0.0.0.0:44898}
2019-10-14 10:42:16,226 [main] INFO  server.Server (Server.java:doStart(419)) - Started @118872ms
2019-10-14 10:42:16,226 [main] WARN  impl.MetricsSystemImpl (MetricsSystemImpl.java:register(276)) - Sink prometheus already exists!
2019-10-14 10:42:16,227 [main] INFO  server.BaseHttpServer (BaseHttpServer.java:updateConnectorAddress(215)) - HTTP server of HDDSDATANODE is listening at http://0.0.0.0:44898
2019-10-14 10:42:16,227 [main] INFO  impl.MetricsSystemImpl (MetricsSystemImpl.java:init(158)) - HddsDatanode metrics system started (again)
2019-10-14 10:42:16,230 [org.apache.hadoop.util.JvmPauseMonitor$Monitor@4cd5e6a8] INFO  util.JvmPauseMonitor (JvmPauseMonitor.java:run(188)) - Starting JVM pause monitor
2019-10-14 10:42:16,231 [main] INFO  ozone.HddsDatanodeService (HddsDatanodeService.java:start(184)) - HddsDatanodeService host:pr-hdds-2296-8rkbz-2376872687 ip:192.168.151.118
2019-10-14 10:42:16,232 [Datanode State Machine Thread - 0] INFO  datanode.InitDatanodeState (InitDatanodeState.java:persistContainerDatanodeDetails(140)) - DatanodeDetails is persisted to /workdir/hadoop-ozone/integration-test/target/test-dir/MiniOzoneClusterImpl-b84ab8c1-3d8e-4d54-8bf3-5dd7b4c80550/datanode-3/meta/datanode.id
2019-10-14 10:42:16,243 [main] INFO  volume.HddsVolume (HddsVolume.java:<init>(176)) - Creating Volume: /workdir/hadoop-ozone/integration-test/target/test-dir/MiniOzoneClusterImpl-b84ab8c1-3d8e-4d54-8bf3-5dd7b4c80550/datanode-4/data/containers/hdds of  storage type : DISK and capacity : 1482555576320
2019-10-14 10:42:16,243 [main] INFO  volume.VolumeSet (VolumeSet.java:initializeVolumeSet(170)) - Added Volume : /workdir/hadoop-ozone/integration-test/target/test-dir/MiniOzoneClusterImpl-b84ab8c1-3d8e-4d54-8bf3-5dd7b4c80550/datanode-4/data/containers/hdds to VolumeSet
2019-10-14 10:42:16,243 [main] INFO  volume.ThrottledAsyncChecker (ThrottledAsyncChecker.java:schedule(141)) - Scheduling a check for org.apache.hadoop.ozone.container.common.volume.HddsVolume@52454457
2019-10-14 10:42:16,244 [main] INFO  volume.HddsVolumeChecker (HddsVolumeChecker.java:checkAllVolumes(204)) - Scheduled health check for volume org.apache.hadoop.ozone.container.common.volume.HddsVolume@52454457
2019-10-14 10:42:16,257 [main] INFO  impl.RaftServerProxy (ConfUtils.java:logGet(43)) - raft.rpc.type = GRPC (default)
2019-10-14 10:42:16,257 [main] INFO  grpc.GrpcFactory (GrpcFactory.java:checkPooledByteBufAllocatorUseCacheForAllThreads(45)) - PERFORMANCE WARNING: useCacheForAllThreads is true that may cause Netty to create a lot garbage objects and, as a result, trigger GC.
	It is recommended to disable useCacheForAllThreads by setting -Dorg.apache.ratis.thirdparty.io.netty.allocator.useCacheForAllThreads=false in command line.
2019-10-14 10:42:16,258 [main] INFO  grpc.GrpcConfigKeys$Server (ConfUtils.java:logGet(43)) - raft.grpc.server.port = 0 (default)
2019-10-14 10:42:16,258 [main] INFO  server.GrpcService (ConfUtils.java:logGet(43)) - raft.grpc.message.size.max = 33570816 (custom)
2019-10-14 10:42:16,258 [main] INFO  server.RaftServerConfigKeys (ConfUtils.java:logGet(43)) - raft.server.log.appender.buffer.byte-limit = 33554432 (custom)
2019-10-14 10:42:16,258 [main] INFO  server.GrpcService (ConfUtils.java:logGet(43)) - raft.grpc.flow.control.window = 1MB (=1048576) (default)
2019-10-14 10:42:16,258 [main] INFO  server.RaftServerConfigKeys (ConfUtils.java:logGet(43)) - raft.server.rpc.request.timeout = 3000ms (default)
2019-10-14 10:42:16,259 [main] INFO  server.RaftServerConfigKeys (ConfUtils.java:logGet(43)) - raft.server.storage.dir = [/workdir/hadoop-ozone/integration-test/target/test-dir/MiniOzoneClusterImpl-b84ab8c1-3d8e-4d54-8bf3-5dd7b4c80550/datanode-4/data/ratis] (custom)
2019-10-14 10:42:16,260 [main] INFO  hdfs.DFSUtil (DFSUtil.java:httpServerTemplateForNNAndJN(1641)) - Starting Web-server for hddsDatanode at: http://0.0.0.0:0
2019-10-14 10:42:16,261 [main] INFO  server.AuthenticationFilter (AuthenticationFilter.java:constructSecretProvider(240)) - Unable to initialize FileSignerSecretProvider, falling back to use random secrets.
2019-10-14 10:42:16,261 [main] WARN  http.HttpRequestLog (HttpRequestLog.java:getRequestLog(97)) - Jetty request log can only be enabled using Log4j
2019-10-14 10:42:16,263 [main] INFO  http.HttpServer2 (HttpServer2.java:addGlobalFilter(975)) - Added global filter 'safety' (class=org.apache.hadoop.http.HttpServer2$QuotingInputFilter)
2019-10-14 10:42:16,263 [main] INFO  http.HttpServer2 (HttpServer2.java:addFilter(948)) - Added filter static_user_filter (class=org.apache.hadoop.http.lib.StaticUserWebFilter$StaticUserFilter) to context hddsDatanode
2019-10-14 10:42:16,263 [main] INFO  http.HttpServer2 (HttpServer2.java:addFilter(958)) - Added filter static_user_filter (class=org.apache.hadoop.http.lib.StaticUserWebFilter$StaticUserFilter) to context static
2019-10-14 10:42:16,263 [main] INFO  http.HttpServer2 (HttpServer2.java:addFilter(958)) - Added filter static_user_filter (class=org.apache.hadoop.http.lib.StaticUserWebFilter$StaticUserFilter) to context logs
2019-10-14 10:42:16,264 [main] INFO  http.HttpServer2 (HttpServer2.java:bindListener(1191)) - Jetty bound to port 43304
2019-10-14 10:42:16,264 [main] INFO  server.Server (Server.java:doStart(351)) - jetty-9.3.25.v20180904, build timestamp: 2018-09-04T21:11:46Z, git hash: 3ce520221d0240229c862b122d2b06c12a625732
2019-10-14 10:42:16,266 [main] INFO  handler.ContextHandler (ContextHandler.java:doStart(781)) - Started o.e.j.s.ServletContextHandler@5f8d9767{/logs,file:///workdir/hadoop-ozone/integration-test/target/log,AVAILABLE}
2019-10-14 10:42:16,266 [main] INFO  handler.ContextHandler (ContextHandler.java:doStart(781)) - Started o.e.j.s.ServletContextHandler@62b09715{/static,jar:file:/home/user/.m2/repository/org/apache/hadoop/hadoop-hdds-container-service/0.5.0-SNAPSHOT/hadoop-hdds-container-service-0.5.0-SNAPSHOT.jar!/webapps/static,AVAILABLE}
2019-10-14 10:42:16,292 [main] INFO  handler.ContextHandler (ContextHandler.java:doStart(781)) - Started o.e.j.w.WebAppContext@7a1b8a46{/,file:///tmp/jetty-0.0.0.0-43304-hddsDatanode-_-any-2212854030247823632.dir/webapp/,AVAILABLE}{/hddsDatanode}
2019-10-14 10:42:16,292 [main] INFO  server.AbstractConnector (AbstractConnector.java:doStart(278)) - Started ServerConnector@2921199d{HTTP/1.1,[http/1.1]}{0.0.0.0:43304}
2019-10-14 10:42:16,293 [main] INFO  server.Server (Server.java:doStart(419)) - Started @118940ms
2019-10-14 10:42:16,293 [main] WARN  impl.MetricsSystemImpl (MetricsSystemImpl.java:register(276)) - Sink prometheus already exists!
2019-10-14 10:42:16,294 [main] INFO  server.BaseHttpServer (BaseHttpServer.java:updateConnectorAddress(215)) - HTTP server of HDDSDATANODE is listening at http://0.0.0.0:43304
2019-10-14 10:42:16,294 [main] INFO  impl.MetricsSystemImpl (MetricsSystemImpl.java:init(158)) - HddsDatanode metrics system started (again)
2019-10-14 10:42:16,298 [org.apache.hadoop.util.JvmPauseMonitor$Monitor@3fcdea4e] INFO  util.JvmPauseMonitor (JvmPauseMonitor.java:run(188)) - Starting JVM pause monitor
2019-10-14 10:42:16,298 [main] INFO  ozone.HddsDatanodeService (HddsDatanodeService.java:start(184)) - HddsDatanodeService host:pr-hdds-2296-8rkbz-2376872687 ip:192.168.151.118
2019-10-14 10:42:16,300 [Datanode State Machine Thread - 0] INFO  datanode.InitDatanodeState (InitDatanodeState.java:persistContainerDatanodeDetails(140)) - DatanodeDetails is persisted to /workdir/hadoop-ozone/integration-test/target/test-dir/MiniOzoneClusterImpl-b84ab8c1-3d8e-4d54-8bf3-5dd7b4c80550/datanode-4/meta/datanode.id
2019-10-14 10:42:16,304 [main] INFO  volume.HddsVolume (HddsVolume.java:<init>(176)) - Creating Volume: /workdir/hadoop-ozone/integration-test/target/test-dir/MiniOzoneClusterImpl-b84ab8c1-3d8e-4d54-8bf3-5dd7b4c80550/datanode-5/data/containers/hdds of  storage type : DISK and capacity : 1482555576320
2019-10-14 10:42:16,305 [main] INFO  volume.VolumeSet (VolumeSet.java:initializeVolumeSet(170)) - Added Volume : /workdir/hadoop-ozone/integration-test/target/test-dir/MiniOzoneClusterImpl-b84ab8c1-3d8e-4d54-8bf3-5dd7b4c80550/datanode-5/data/containers/hdds to VolumeSet
2019-10-14 10:42:16,305 [main] INFO  volume.ThrottledAsyncChecker (ThrottledAsyncChecker.java:schedule(141)) - Scheduling a check for org.apache.hadoop.ozone.container.common.volume.HddsVolume@64aeaf29
2019-10-14 10:42:16,305 [main] INFO  volume.HddsVolumeChecker (HddsVolumeChecker.java:checkAllVolumes(204)) - Scheduled health check for volume org.apache.hadoop.ozone.container.common.volume.HddsVolume@64aeaf29
2019-10-14 10:42:16,316 [main] INFO  impl.RaftServerProxy (ConfUtils.java:logGet(43)) - raft.rpc.type = GRPC (default)
2019-10-14 10:42:16,316 [main] INFO  grpc.GrpcFactory (GrpcFactory.java:checkPooledByteBufAllocatorUseCacheForAllThreads(45)) - PERFORMANCE WARNING: useCacheForAllThreads is true that may cause Netty to create a lot garbage objects and, as a result, trigger GC.
	It is recommended to disable useCacheForAllThreads by setting -Dorg.apache.ratis.thirdparty.io.netty.allocator.useCacheForAllThreads=false in command line.
2019-10-14 10:42:16,316 [main] INFO  grpc.GrpcConfigKeys$Server (ConfUtils.java:logGet(43)) - raft.grpc.server.port = 0 (default)
2019-10-14 10:42:16,317 [main] INFO  server.GrpcService (ConfUtils.java:logGet(43)) - raft.grpc.message.size.max = 33570816 (custom)
2019-10-14 10:42:16,317 [main] INFO  server.RaftServerConfigKeys (ConfUtils.java:logGet(43)) - raft.server.log.appender.buffer.byte-limit = 33554432 (custom)
2019-10-14 10:42:16,317 [main] INFO  server.GrpcService (ConfUtils.java:logGet(43)) - raft.grpc.flow.control.window = 1MB (=1048576) (default)
2019-10-14 10:42:16,317 [main] INFO  server.RaftServerConfigKeys (ConfUtils.java:logGet(43)) - raft.server.rpc.request.timeout = 3000ms (default)
2019-10-14 10:42:16,317 [main] INFO  server.RaftServerConfigKeys (ConfUtils.java:logGet(43)) - raft.server.storage.dir = [/workdir/hadoop-ozone/integration-test/target/test-dir/MiniOzoneClusterImpl-b84ab8c1-3d8e-4d54-8bf3-5dd7b4c80550/datanode-5/data/ratis] (custom)
2019-10-14 10:42:16,319 [main] INFO  hdfs.DFSUtil (DFSUtil.java:httpServerTemplateForNNAndJN(1641)) - Starting Web-server for hddsDatanode at: http://0.0.0.0:0
2019-10-14 10:42:16,320 [main] INFO  server.AuthenticationFilter (AuthenticationFilter.java:constructSecretProvider(240)) - Unable to initialize FileSignerSecretProvider, falling back to use random secrets.
2019-10-14 10:42:16,320 [main] WARN  http.HttpRequestLog (HttpRequestLog.java:getRequestLog(97)) - Jetty request log can only be enabled using Log4j
2019-10-14 10:42:16,321 [main] INFO  http.HttpServer2 (HttpServer2.java:addGlobalFilter(975)) - Added global filter 'safety' (class=org.apache.hadoop.http.HttpServer2$QuotingInputFilter)
2019-10-14 10:42:16,322 [main] INFO  http.HttpServer2 (HttpServer2.java:addFilter(948)) - Added filter static_user_filter (class=org.apache.hadoop.http.lib.StaticUserWebFilter$StaticUserFilter) to context hddsDatanode
2019-10-14 10:42:16,322 [main] INFO  http.HttpServer2 (HttpServer2.java:addFilter(958)) - Added filter static_user_filter (class=org.apache.hadoop.http.lib.StaticUserWebFilter$StaticUserFilter) to context logs
2019-10-14 10:42:16,322 [main] INFO  http.HttpServer2 (HttpServer2.java:addFilter(958)) - Added filter static_user_filter (class=org.apache.hadoop.http.lib.StaticUserWebFilter$StaticUserFilter) to context static
2019-10-14 10:42:16,322 [main] INFO  http.HttpServer2 (HttpServer2.java:bindListener(1191)) - Jetty bound to port 45744
2019-10-14 10:42:16,323 [main] INFO  server.Server (Server.java:doStart(351)) - jetty-9.3.25.v20180904, build timestamp: 2018-09-04T21:11:46Z, git hash: 3ce520221d0240229c862b122d2b06c12a625732
2019-10-14 10:42:16,324 [main] INFO  handler.ContextHandler (ContextHandler.java:doStart(781)) - Started o.e.j.s.ServletContextHandler@15a3b42{/logs,file:///workdir/hadoop-ozone/integration-test/target/log,AVAILABLE}
2019-10-14 10:42:16,325 [main] INFO  handler.ContextHandler (ContextHandler.java:doStart(781)) - Started o.e.j.s.ServletContextHandler@17207f5b{/static,jar:file:/home/user/.m2/repository/org/apache/hadoop/hadoop-hdds-container-service/0.5.0-SNAPSHOT/hadoop-hdds-container-service-0.5.0-SNAPSHOT.jar!/webapps/static,AVAILABLE}
2019-10-14 10:42:16,349 [main] INFO  handler.ContextHandler (ContextHandler.java:doStart(781)) - Started o.e.j.w.WebAppContext@5d878b25{/,file:///tmp/jetty-0.0.0.0-45744-hddsDatanode-_-any-574977231722883335.dir/webapp/,AVAILABLE}{/hddsDatanode}
2019-10-14 10:42:16,349 [main] INFO  server.AbstractConnector (AbstractConnector.java:doStart(278)) - Started ServerConnector@28279a49{HTTP/1.1,[http/1.1]}{0.0.0.0:45744}
2019-10-14 10:42:16,351 [main] INFO  server.Server (Server.java:doStart(419)) - Started @118997ms
2019-10-14 10:42:16,351 [main] WARN  impl.MetricsSystemImpl (MetricsSystemImpl.java:register(276)) - Sink prometheus already exists!
2019-10-14 10:42:16,352 [main] INFO  server.BaseHttpServer (BaseHttpServer.java:updateConnectorAddress(215)) - HTTP server of HDDSDATANODE is listening at http://0.0.0.0:45744
2019-10-14 10:42:16,352 [main] INFO  impl.MetricsSystemImpl (MetricsSystemImpl.java:init(158)) - HddsDatanode metrics system started (again)
2019-10-14 10:42:16,355 [org.apache.hadoop.util.JvmPauseMonitor$Monitor@23717ac6] INFO  util.JvmPauseMonitor (JvmPauseMonitor.java:run(188)) - Starting JVM pause monitor
2019-10-14 10:42:16,356 [main] INFO  ozone.HddsDatanodeService (HddsDatanodeService.java:start(184)) - HddsDatanodeService host:pr-hdds-2296-8rkbz-2376872687 ip:192.168.151.118
2019-10-14 10:42:16,357 [Datanode State Machine Thread - 0] INFO  datanode.InitDatanodeState (InitDatanodeState.java:persistContainerDatanodeDetails(140)) - DatanodeDetails is persisted to /workdir/hadoop-ozone/integration-test/target/test-dir/MiniOzoneClusterImpl-b84ab8c1-3d8e-4d54-8bf3-5dd7b4c80550/datanode-5/meta/datanode.id
2019-10-14 10:42:16,363 [main] INFO  volume.HddsVolume (HddsVolume.java:<init>(176)) - Creating Volume: /workdir/hadoop-ozone/integration-test/target/test-dir/MiniOzoneClusterImpl-b84ab8c1-3d8e-4d54-8bf3-5dd7b4c80550/datanode-6/data/containers/hdds of  storage type : DISK and capacity : 1482555576320
2019-10-14 10:42:16,363 [main] INFO  volume.VolumeSet (VolumeSet.java:initializeVolumeSet(170)) - Added Volume : /workdir/hadoop-ozone/integration-test/target/test-dir/MiniOzoneClusterImpl-b84ab8c1-3d8e-4d54-8bf3-5dd7b4c80550/datanode-6/data/containers/hdds to VolumeSet
2019-10-14 10:42:16,363 [main] INFO  volume.ThrottledAsyncChecker (ThrottledAsyncChecker.java:schedule(141)) - Scheduling a check for org.apache.hadoop.ozone.container.common.volume.HddsVolume@2b08772d
2019-10-14 10:42:16,364 [main] INFO  volume.HddsVolumeChecker (HddsVolumeChecker.java:checkAllVolumes(204)) - Scheduled health check for volume org.apache.hadoop.ozone.container.common.volume.HddsVolume@2b08772d
2019-10-14 10:42:16,376 [main] INFO  impl.RaftServerProxy (ConfUtils.java:logGet(43)) - raft.rpc.type = GRPC (default)
2019-10-14 10:42:16,376 [main] INFO  grpc.GrpcFactory (GrpcFactory.java:checkPooledByteBufAllocatorUseCacheForAllThreads(45)) - PERFORMANCE WARNING: useCacheForAllThreads is true that may cause Netty to create a lot garbage objects and, as a result, trigger GC.
	It is recommended to disable useCacheForAllThreads by setting -Dorg.apache.ratis.thirdparty.io.netty.allocator.useCacheForAllThreads=false in command line.
2019-10-14 10:42:16,376 [main] INFO  grpc.GrpcConfigKeys$Server (ConfUtils.java:logGet(43)) - raft.grpc.server.port = 0 (default)
2019-10-14 10:42:16,377 [main] INFO  server.GrpcService (ConfUtils.java:logGet(43)) - raft.grpc.message.size.max = 33570816 (custom)
2019-10-14 10:42:16,377 [main] INFO  server.RaftServerConfigKeys (ConfUtils.java:logGet(43)) - raft.server.log.appender.buffer.byte-limit = 33554432 (custom)
2019-10-14 10:42:16,377 [main] INFO  server.GrpcService (ConfUtils.java:logGet(43)) - raft.grpc.flow.control.window = 1MB (=1048576) (default)
2019-10-14 10:42:16,377 [main] INFO  server.RaftServerConfigKeys (ConfUtils.java:logGet(43)) - raft.server.rpc.request.timeout = 3000ms (default)
2019-10-14 10:42:16,377 [main] INFO  server.RaftServerConfigKeys (ConfUtils.java:logGet(43)) - raft.server.storage.dir = [/workdir/hadoop-ozone/integration-test/target/test-dir/MiniOzoneClusterImpl-b84ab8c1-3d8e-4d54-8bf3-5dd7b4c80550/datanode-6/data/ratis] (custom)
2019-10-14 10:42:16,378 [main] INFO  hdfs.DFSUtil (DFSUtil.java:httpServerTemplateForNNAndJN(1641)) - Starting Web-server for hddsDatanode at: http://0.0.0.0:0
2019-10-14 10:42:16,379 [main] INFO  server.AuthenticationFilter (AuthenticationFilter.java:constructSecretProvider(240)) - Unable to initialize FileSignerSecretProvider, falling back to use random secrets.
2019-10-14 10:42:16,380 [main] WARN  http.HttpRequestLog (HttpRequestLog.java:getRequestLog(97)) - Jetty request log can only be enabled using Log4j
2019-10-14 10:42:16,381 [main] INFO  http.HttpServer2 (HttpServer2.java:addGlobalFilter(975)) - Added global filter 'safety' (class=org.apache.hadoop.http.HttpServer2$QuotingInputFilter)
2019-10-14 10:42:16,381 [main] INFO  http.HttpServer2 (HttpServer2.java:addFilter(948)) - Added filter static_user_filter (class=org.apache.hadoop.http.lib.StaticUserWebFilter$StaticUserFilter) to context hddsDatanode
2019-10-14 10:42:16,381 [main] INFO  http.HttpServer2 (HttpServer2.java:addFilter(958)) - Added filter static_user_filter (class=org.apache.hadoop.http.lib.StaticUserWebFilter$StaticUserFilter) to context static
2019-10-14 10:42:16,382 [main] INFO  http.HttpServer2 (HttpServer2.java:addFilter(958)) - Added filter static_user_filter (class=org.apache.hadoop.http.lib.StaticUserWebFilter$StaticUserFilter) to context logs
2019-10-14 10:42:16,382 [main] INFO  http.HttpServer2 (HttpServer2.java:bindListener(1191)) - Jetty bound to port 41604
2019-10-14 10:42:16,382 [main] INFO  server.Server (Server.java:doStart(351)) - jetty-9.3.25.v20180904, build timestamp: 2018-09-04T21:11:46Z, git hash: 3ce520221d0240229c862b122d2b06c12a625732
2019-10-14 10:42:16,384 [main] INFO  handler.ContextHandler (ContextHandler.java:doStart(781)) - Started o.e.j.s.ServletContextHandler@637791d{/logs,file:///workdir/hadoop-ozone/integration-test/target/log,AVAILABLE}
2019-10-14 10:42:16,384 [main] INFO  handler.ContextHandler (ContextHandler.java:doStart(781)) - Started o.e.j.s.ServletContextHandler@60f77af{/static,jar:file:/home/user/.m2/repository/org/apache/hadoop/hadoop-hdds-container-service/0.5.0-SNAPSHOT/hadoop-hdds-container-service-0.5.0-SNAPSHOT.jar!/webapps/static,AVAILABLE}
2019-10-14 10:42:16,409 [main] INFO  handler.ContextHandler (ContextHandler.java:doStart(781)) - Started o.e.j.w.WebAppContext@6b4125ed{/,file:///tmp/jetty-0.0.0.0-41604-hddsDatanode-_-any-7934316048014886626.dir/webapp/,AVAILABLE}{/hddsDatanode}
2019-10-14 10:42:16,409 [main] INFO  server.AbstractConnector (AbstractConnector.java:doStart(278)) - Started ServerConnector@78da899f{HTTP/1.1,[http/1.1]}{0.0.0.0:41604}
2019-10-14 10:42:16,411 [main] INFO  server.Server (Server.java:doStart(419)) - Started @119057ms
2019-10-14 10:42:16,411 [main] WARN  impl.MetricsSystemImpl (MetricsSystemImpl.java:register(276)) - Sink prometheus already exists!
2019-10-14 10:42:16,412 [main] INFO  server.BaseHttpServer (BaseHttpServer.java:updateConnectorAddress(215)) - HTTP server of HDDSDATANODE is listening at http://0.0.0.0:41604
2019-10-14 10:42:16,412 [main] INFO  ozone.MiniOzoneClusterImpl (MiniOzoneClusterImpl.java:lambda$waitForClusterToBeReady$0(147)) - Waiting for cluster to be ready. Got 0 of 7 DN Heartbeats.
2019-10-14 10:42:16,413 [org.apache.hadoop.util.JvmPauseMonitor$Monitor@5ffa9134] INFO  util.JvmPauseMonitor (JvmPauseMonitor.java:run(188)) - Starting JVM pause monitor
2019-10-14 10:42:16,415 [Datanode State Machine Thread - 0] INFO  datanode.InitDatanodeState (InitDatanodeState.java:persistContainerDatanodeDetails(140)) - DatanodeDetails is persisted to /workdir/hadoop-ozone/integration-test/target/test-dir/MiniOzoneClusterImpl-b84ab8c1-3d8e-4d54-8bf3-5dd7b4c80550/datanode-6/meta/datanode.id
2019-10-14 10:42:17,412 [main] INFO  ozone.MiniOzoneClusterImpl (MiniOzoneClusterImpl.java:lambda$waitForClusterToBeReady$0(147)) - Waiting for cluster to be ready. Got 0 of 7 DN Heartbeats.
2019-10-14 10:42:17,999 [Datanode State Machine Thread - 0] INFO  ozoneimpl.OzoneContainer (OzoneContainer.java:start(213)) - Attempting to start container services.
2019-10-14 10:42:17,999 [Datanode State Machine Thread - 0] INFO  ozoneimpl.OzoneContainer (OzoneContainer.java:startContainerScrub(177)) - Background container scanner has been disabled.
2019-10-14 10:42:18,000 [Datanode State Machine Thread - 0] INFO  ratis.XceiverServerRatis (XceiverServerRatis.java:start(418)) - Starting XceiverServerRatis faa5a069-6aa5-438b-8b42-f24c62b85906 at port 0
2019-10-14 10:42:18,004 [Datanode State Machine Thread - 0] INFO  impl.RaftServerProxy (RaftServerProxy.java:lambda$start$3(299)) - faa5a069-6aa5-438b-8b42-f24c62b85906: start RPC server
2019-10-14 10:42:18,005 [Datanode State Machine Thread - 0] INFO  server.GrpcService (GrpcService.java:startImpl(158)) - faa5a069-6aa5-438b-8b42-f24c62b85906: GrpcService started, listening on 0.0.0.0/0.0.0.0:34787
2019-10-14 10:42:18,006 [Datanode State Machine Thread - 0] INFO  ratis.XceiverServerRatis (XceiverServerRatis.java:start(428)) - XceiverServerRatis faa5a069-6aa5-438b-8b42-f24c62b85906 is started using port 34787
2019-10-14 10:42:18,008 [Datanode State Machine Thread - 0] INFO  server.XceiverServerGrpc (XceiverServerGrpc.java:start(149)) - XceiverServerGrpc faa5a069-6aa5-438b-8b42-f24c62b85906 is started using port 43485
2019-10-14 10:42:18,095 [Datanode State Machine Thread - 0] INFO  ozoneimpl.OzoneContainer (OzoneContainer.java:start(213)) - Attempting to start container services.
2019-10-14 10:42:18,097 [Datanode State Machine Thread - 0] INFO  ozoneimpl.OzoneContainer (OzoneContainer.java:startContainerScrub(177)) - Background container scanner has been disabled.
2019-10-14 10:42:18,097 [Datanode State Machine Thread - 0] INFO  ratis.XceiverServerRatis (XceiverServerRatis.java:start(418)) - Starting XceiverServerRatis ab25a5f2-cb66-481d-9ac1-849da04a80bc at port 0
2019-10-14 10:42:18,102 [Datanode State Machine Thread - 0] INFO  impl.RaftServerProxy (RaftServerProxy.java:lambda$start$3(299)) - ab25a5f2-cb66-481d-9ac1-849da04a80bc: start RPC server
2019-10-14 10:42:18,103 [Datanode State Machine Thread - 0] INFO  server.GrpcService (GrpcService.java:startImpl(158)) - ab25a5f2-cb66-481d-9ac1-849da04a80bc: GrpcService started, listening on 0.0.0.0/0.0.0.0:37353
2019-10-14 10:42:18,103 [Datanode State Machine Thread - 0] INFO  ratis.XceiverServerRatis (XceiverServerRatis.java:start(428)) - XceiverServerRatis ab25a5f2-cb66-481d-9ac1-849da04a80bc is started using port 37353
2019-10-14 10:42:18,103 [Datanode State Machine Thread - 0] INFO  server.XceiverServerGrpc (XceiverServerGrpc.java:start(149)) - XceiverServerGrpc ab25a5f2-cb66-481d-9ac1-849da04a80bc is started using port 34928
2019-10-14 10:42:18,163 [Datanode State Machine Thread - 0] INFO  ozoneimpl.OzoneContainer (OzoneContainer.java:start(213)) - Attempting to start container services.
2019-10-14 10:42:18,164 [Datanode State Machine Thread - 0] INFO  ozoneimpl.OzoneContainer (OzoneContainer.java:startContainerScrub(177)) - Background container scanner has been disabled.
2019-10-14 10:42:18,164 [Datanode State Machine Thread - 0] INFO  ratis.XceiverServerRatis (XceiverServerRatis.java:start(418)) - Starting XceiverServerRatis 50bac784-5677-491f-b59b-4a4a2fee8033 at port 0
2019-10-14 10:42:18,169 [Datanode State Machine Thread - 0] INFO  impl.RaftServerProxy (RaftServerProxy.java:lambda$start$3(299)) - 50bac784-5677-491f-b59b-4a4a2fee8033: start RPC server
2019-10-14 10:42:18,169 [Datanode State Machine Thread - 0] INFO  server.GrpcService (GrpcService.java:startImpl(158)) - 50bac784-5677-491f-b59b-4a4a2fee8033: GrpcService started, listening on 0.0.0.0/0.0.0.0:35200
2019-10-14 10:42:18,170 [Datanode State Machine Thread - 0] INFO  ratis.XceiverServerRatis (XceiverServerRatis.java:start(428)) - XceiverServerRatis 50bac784-5677-491f-b59b-4a4a2fee8033 is started using port 35200
2019-10-14 10:42:18,172 [Datanode State Machine Thread - 0] INFO  server.XceiverServerGrpc (XceiverServerGrpc.java:start(149)) - XceiverServerGrpc 50bac784-5677-491f-b59b-4a4a2fee8033 is started using port 40907
2019-10-14 10:42:18,244 [Datanode State Machine Thread - 0] INFO  ozoneimpl.OzoneContainer (OzoneContainer.java:start(213)) - Attempting to start container services.
2019-10-14 10:42:18,244 [Datanode State Machine Thread - 0] INFO  ozoneimpl.OzoneContainer (OzoneContainer.java:startContainerScrub(177)) - Background container scanner has been disabled.
2019-10-14 10:42:18,244 [Datanode State Machine Thread - 0] INFO  ratis.XceiverServerRatis (XceiverServerRatis.java:start(418)) - Starting XceiverServerRatis c87e9ba7-0ab7-42f5-9c23-8303171a75c1 at port 0
2019-10-14 10:42:18,248 [Datanode State Machine Thread - 0] INFO  impl.RaftServerProxy (RaftServerProxy.java:lambda$start$3(299)) - c87e9ba7-0ab7-42f5-9c23-8303171a75c1: start RPC server
2019-10-14 10:42:18,249 [Datanode State Machine Thread - 0] INFO  server.GrpcService (GrpcService.java:startImpl(158)) - c87e9ba7-0ab7-42f5-9c23-8303171a75c1: GrpcService started, listening on 0.0.0.0/0.0.0.0:36373
2019-10-14 10:42:18,249 [Datanode State Machine Thread - 0] INFO  ratis.XceiverServerRatis (XceiverServerRatis.java:start(428)) - XceiverServerRatis c87e9ba7-0ab7-42f5-9c23-8303171a75c1 is started using port 36373
2019-10-14 10:42:18,249 [Datanode State Machine Thread - 0] INFO  server.XceiverServerGrpc (XceiverServerGrpc.java:start(149)) - XceiverServerGrpc c87e9ba7-0ab7-42f5-9c23-8303171a75c1 is started using port 45142
2019-10-14 10:42:18,311 [Datanode State Machine Thread - 0] INFO  ozoneimpl.OzoneContainer (OzoneContainer.java:start(213)) - Attempting to start container services.
2019-10-14 10:42:18,311 [Datanode State Machine Thread - 0] INFO  ozoneimpl.OzoneContainer (OzoneContainer.java:startContainerScrub(177)) - Background container scanner has been disabled.
2019-10-14 10:42:18,311 [Datanode State Machine Thread - 0] INFO  ratis.XceiverServerRatis (XceiverServerRatis.java:start(418)) - Starting XceiverServerRatis 237156bb-0804-4f8e-8978-505822570478 at port 0
2019-10-14 10:42:18,315 [Datanode State Machine Thread - 0] INFO  impl.RaftServerProxy (RaftServerProxy.java:lambda$start$3(299)) - 237156bb-0804-4f8e-8978-505822570478: start RPC server
2019-10-14 10:42:18,318 [Datanode State Machine Thread - 0] INFO  server.GrpcService (GrpcService.java:startImpl(158)) - 237156bb-0804-4f8e-8978-505822570478: GrpcService started, listening on 0.0.0.0/0.0.0.0:44793
2019-10-14 10:42:18,318 [Datanode State Machine Thread - 0] INFO  ratis.XceiverServerRatis (XceiverServerRatis.java:start(428)) - XceiverServerRatis 237156bb-0804-4f8e-8978-505822570478 is started using port 44793
2019-10-14 10:42:18,318 [Datanode State Machine Thread - 0] INFO  server.XceiverServerGrpc (XceiverServerGrpc.java:start(149)) - XceiverServerGrpc 237156bb-0804-4f8e-8978-505822570478 is started using port 37280
2019-10-14 10:42:18,370 [Datanode State Machine Thread - 0] INFO  ozoneimpl.OzoneContainer (OzoneContainer.java:start(213)) - Attempting to start container services.
2019-10-14 10:42:18,370 [Datanode State Machine Thread - 0] INFO  ozoneimpl.OzoneContainer (OzoneContainer.java:startContainerScrub(177)) - Background container scanner has been disabled.
2019-10-14 10:42:18,370 [Datanode State Machine Thread - 0] INFO  ratis.XceiverServerRatis (XceiverServerRatis.java:start(418)) - Starting XceiverServerRatis 67786a1d-245a-4cc3-a919-512758d2869e at port 0
2019-10-14 10:42:18,377 [Datanode State Machine Thread - 0] INFO  impl.RaftServerProxy (RaftServerProxy.java:lambda$start$3(299)) - 67786a1d-245a-4cc3-a919-512758d2869e: start RPC server
2019-10-14 10:42:18,380 [Datanode State Machine Thread - 0] INFO  server.GrpcService (GrpcService.java:startImpl(158)) - 67786a1d-245a-4cc3-a919-512758d2869e: GrpcService started, listening on 0.0.0.0/0.0.0.0:44136
2019-10-14 10:42:18,380 [Datanode State Machine Thread - 0] INFO  ratis.XceiverServerRatis (XceiverServerRatis.java:start(428)) - XceiverServerRatis 67786a1d-245a-4cc3-a919-512758d2869e is started using port 44136
2019-10-14 10:42:18,381 [Datanode State Machine Thread - 0] INFO  server.XceiverServerGrpc (XceiverServerGrpc.java:start(149)) - XceiverServerGrpc 67786a1d-245a-4cc3-a919-512758d2869e is started using port 37203
2019-10-14 10:42:18,413 [main] INFO  ozone.MiniOzoneClusterImpl (MiniOzoneClusterImpl.java:lambda$waitForClusterToBeReady$0(147)) - Waiting for cluster to be ready. Got 0 of 7 DN Heartbeats.
2019-10-14 10:42:18,428 [Datanode State Machine Thread - 0] INFO  ozoneimpl.OzoneContainer (OzoneContainer.java:start(213)) - Attempting to start container services.
2019-10-14 10:42:18,428 [Datanode State Machine Thread - 0] INFO  ozoneimpl.OzoneContainer (OzoneContainer.java:startContainerScrub(177)) - Background container scanner has been disabled.
2019-10-14 10:42:18,428 [Datanode State Machine Thread - 0] INFO  ratis.XceiverServerRatis (XceiverServerRatis.java:start(418)) - Starting XceiverServerRatis bec337c1-fd65-4575-af37-df6bd2bbc527 at port 0
2019-10-14 10:42:18,436 [Datanode State Machine Thread - 0] INFO  impl.RaftServerProxy (RaftServerProxy.java:lambda$start$3(299)) - bec337c1-fd65-4575-af37-df6bd2bbc527: start RPC server
2019-10-14 10:42:18,439 [Datanode State Machine Thread - 0] INFO  server.GrpcService (GrpcService.java:startImpl(158)) - bec337c1-fd65-4575-af37-df6bd2bbc527: GrpcService started, listening on 0.0.0.0/0.0.0.0:46495
2019-10-14 10:42:18,439 [Datanode State Machine Thread - 0] INFO  ratis.XceiverServerRatis (XceiverServerRatis.java:start(428)) - XceiverServerRatis bec337c1-fd65-4575-af37-df6bd2bbc527 is started using port 46495
2019-10-14 10:42:18,439 [Datanode State Machine Thread - 0] INFO  server.XceiverServerGrpc (XceiverServerGrpc.java:start(149)) - XceiverServerGrpc bec337c1-fd65-4575-af37-df6bd2bbc527 is started using port 38415
2019-10-14 10:42:19,413 [main] INFO  ozone.MiniOzoneClusterImpl (MiniOzoneClusterImpl.java:lambda$waitForClusterToBeReady$0(147)) - Waiting for cluster to be ready. Got 0 of 7 DN Heartbeats.
2019-10-14 10:42:19,982 [IPC Server handler 1 on 45433] INFO  net.NetworkTopology (NetworkTopologyImpl.java:add(111)) - Added a new node: /default-rack/faa5a069-6aa5-438b-8b42-f24c62b85906
2019-10-14 10:42:19,986 [IPC Server handler 1 on 45433] INFO  node.SCMNodeManager (SCMNodeManager.java:register(268)) - Registered Data node : faa5a069-6aa5-438b-8b42-f24c62b85906{ip: 192.168.151.118, host: pr-hdds-2296-8rkbz-2376872687, networkLocation: /default-rack, certSerialId: null}
2019-10-14 10:42:19,987 [EventQueue-NodeRegistrationContainerReportForDataNodeSafeModeRule] INFO  safemode.SCMSafeModeManager (DataNodeSafeModeRule.java:process(71)) - SCM in safe mode. 1 DataNodes registered, 1 required.
2019-10-14 10:42:19,991 [EventQueue-NodeRegistrationContainerReportForDataNodeSafeModeRule] INFO  safemode.SCMSafeModeManager (SCMSafeModeManager.java:validateSafeModeExitRules(177)) - ScmSafeModeManager, all rules are successfully validated
2019-10-14 10:42:19,991 [EventQueue-NodeRegistrationContainerReportForDataNodeSafeModeRule] INFO  safemode.SCMSafeModeManager (SCMSafeModeManager.java:exitSafeMode(193)) - SCM exiting safe mode.
2019-10-14 10:42:20,008 [grpc-default-executor-1] INFO  impl.RaftServerProxy (RaftServerProxy.java:addNew(89)) - faa5a069-6aa5-438b-8b42-f24c62b85906: addNew group-0EB3668EA71E:[faa5a069-6aa5-438b-8b42-f24c62b85906:192.168.151.118:34787] returns group-0EB3668EA71E:java.util.concurrent.CompletableFuture@200ca302[Not completed]
2019-10-14 10:42:20,012 [pool-207-thread-1] INFO  impl.RaftServerImpl (RaftServerImpl.java:<init>(95)) - faa5a069-6aa5-438b-8b42-f24c62b85906: new RaftServerImpl for group-0EB3668EA71E:[faa5a069-6aa5-438b-8b42-f24c62b85906:192.168.151.118:34787] with ContainerStateMachine:uninitialized
2019-10-14 10:42:20,012 [pool-207-thread-1] INFO  server.RaftServerConfigKeys (ConfUtils.java:logGet(43)) - raft.server.rpc.timeout.min = 5s (custom)
2019-10-14 10:42:20,012 [pool-207-thread-1] INFO  server.RaftServerConfigKeys (ConfUtils.java:logGet(43)) - raft.server.rpc.timeout.max = 5200ms (custom)
2019-10-14 10:42:20,012 [pool-207-thread-1] INFO  server.RaftServerConfigKeys (ConfUtils.java:logGet(43)) - raft.server.rpcslowness.timeout = 120s (custom)
2019-10-14 10:42:20,012 [pool-207-thread-1] INFO  server.RaftServerConfigKeys (ConfUtils.java:logGet(43)) - raft.server.sleep.deviation.threshold = 300 (default)
2019-10-14 10:42:20,013 [pool-207-thread-1] INFO  server.RaftServerConfigKeys (ConfUtils.java:logGet(43)) - raft.server.log.appender.install.snapshot.enabled = false (custom)
2019-10-14 10:42:20,013 [pool-207-thread-1] INFO  impl.RaftServerImpl (ServerState.java:<init>(103)) - faa5a069-6aa5-438b-8b42-f24c62b85906@group-0EB3668EA71E: ConfigurationManager, init=-1: [faa5a069-6aa5-438b-8b42-f24c62b85906:192.168.151.118:34787], old=null, confs=<EMPTY_MAP>
2019-10-14 10:42:20,013 [pool-207-thread-1] INFO  server.RaftServerConfigKeys (ConfUtils.java:logGet(43)) - raft.server.storage.dir = [/workdir/hadoop-ozone/integration-test/target/test-dir/MiniOzoneClusterImpl-b84ab8c1-3d8e-4d54-8bf3-5dd7b4c80550/datanode-0/data/ratis] (custom)
2019-10-14 10:42:20,013 [pool-207-thread-1] INFO  server.RaftServerConfigKeys (ConfUtils.java:logGet(43)) - raft.server.log.corruption.policy = EXCEPTION (default)
2019-10-14 10:42:20,013 [pool-207-thread-1] INFO  storage.RaftStorageDirectory (RaftStorageDirectory.java:analyzeStorage(246)) - The storage directory /workdir/hadoop-ozone/integration-test/target/test-dir/MiniOzoneClusterImpl-b84ab8c1-3d8e-4d54-8bf3-5dd7b4c80550/datanode-0/data/ratis/01b9501e-9cf4-4a56-9f40-0eb3668ea71e does not exist. Creating ...
2019-10-14 10:42:20,020 [pool-207-thread-1] INFO  storage.RaftStorageDirectory (RaftStorageDirectory.java:tryLock(328)) - Lock on /workdir/hadoop-ozone/integration-test/target/test-dir/MiniOzoneClusterImpl-b84ab8c1-3d8e-4d54-8bf3-5dd7b4c80550/datanode-0/data/ratis/01b9501e-9cf4-4a56-9f40-0eb3668ea71e/in_use.lock acquired by nodename 26737@pr-hdds-2296-8rkbz-2376872687
2019-10-14 10:42:20,024 [pool-207-thread-1] INFO  storage.RaftStorage (RaftStorage.java:format(84)) - Storage directory /workdir/hadoop-ozone/integration-test/target/test-dir/MiniOzoneClusterImpl-b84ab8c1-3d8e-4d54-8bf3-5dd7b4c80550/datanode-0/data/ratis/01b9501e-9cf4-4a56-9f40-0eb3668ea71e has been successfully formatted.
2019-10-14 10:42:20,025 [pool-207-thread-1] INFO  ratis.ContainerStateMachine (ContainerStateMachine.java:loadSnapshot(231)) - group-0EB3668EA71E: The snapshot info is null. Setting the last applied indexto:(t:0, i:~)
2019-10-14 10:42:20,025 [pool-207-thread-1] INFO  server.RaftServerConfigKeys (ConfUtils.java:logGet(43)) - raft.server.notification.no-leader.timeout = 120s (custom)
2019-10-14 10:42:20,025 [pool-207-thread-1] INFO  server.RaftServerConfigKeys (ConfUtils.java:logGet(43)) - raft.server.log.use.memory = false (default)
2019-10-14 10:42:20,025 [pool-207-thread-1] INFO  server.RaftServerConfigKeys (ConfUtils.java:logGet(43)) - raft.server.log.purge.gap = 1000000 (custom)
2019-10-14 10:42:20,025 [pool-207-thread-1] INFO  server.RaftServerConfigKeys (ConfUtils.java:logGet(43)) - raft.server.log.appender.buffer.byte-limit = 33554432 (custom)
2019-10-14 10:42:20,026 [pool-207-thread-1] INFO  server.RaftServerConfigKeys (ConfUtils.java:logGet(43)) - raft.server.log.segment.size.max = 1048576 (custom)
2019-10-14 10:42:20,028 [pool-207-thread-1] INFO  server.RaftServerConfigKeys (ConfUtils.java:logGet(43)) - raft.server.log.segment.cache.num.max = 2 (custom)
2019-10-14 10:42:20,028 [pool-207-thread-1] INFO  segmented.SegmentedRaftLogWorker (SegmentedRaftLogWorker.java:<init>(173)) - new faa5a069-6aa5-438b-8b42-f24c62b85906@group-0EB3668EA71E-SegmentedRaftLogWorker for RaftStorage:Storage Directory /workdir/hadoop-ozone/integration-test/target/test-dir/MiniOzoneClusterImpl-b84ab8c1-3d8e-4d54-8bf3-5dd7b4c80550/datanode-0/data/ratis/01b9501e-9cf4-4a56-9f40-0eb3668ea71e
2019-10-14 10:42:20,028 [pool-207-thread-1] INFO  server.RaftServerConfigKeys (ConfUtils.java:logGet(43)) - raft.server.log.queue.byte-limit = 2147483647 (custom)
2019-10-14 10:42:20,028 [pool-207-thread-1] INFO  server.RaftServerConfigKeys (ConfUtils.java:logGet(43)) - raft.server.log.queue.element-limit = 1024 (custom)
2019-10-14 10:42:20,028 [pool-207-thread-1] INFO  server.RaftServerConfigKeys (ConfUtils.java:logGet(43)) - raft.server.log.segment.size.max = 1048576 (custom)
2019-10-14 10:42:20,028 [pool-207-thread-1] INFO  server.RaftServerConfigKeys (ConfUtils.java:logGet(43)) - raft.server.log.preallocated.size = 16384 (custom)
2019-10-14 10:42:20,028 [pool-207-thread-1] INFO  server.RaftServerConfigKeys (ConfUtils.java:logGet(43)) - raft.server.log.write.buffer.size = 33554432 (custom)
2019-10-14 10:42:20,028 [pool-207-thread-1] INFO  server.RaftServerConfigKeys (ConfUtils.java:logGet(43)) - raft.server.log.force.sync.num = 128 (default)
2019-10-14 10:42:20,029 [pool-207-thread-1] INFO  server.RaftServerConfigKeys (ConfUtils.java:logGet(43)) - raft.server.log.statemachine.data.sync = true (default)
2019-10-14 10:42:20,029 [pool-207-thread-1] INFO  server.RaftServerConfigKeys (ConfUtils.java:logGet(43)) - raft.server.log.statemachine.data.sync.timeout = 10s (default)
2019-10-14 10:42:20,029 [pool-207-thread-1] INFO  server.RaftServerConfigKeys (ConfUtils.java:logGet(43)) - raft.server.log.statemachine.data.sync.timeout.retry = -1 (default)
2019-10-14 10:42:20,029 [pool-207-thread-1] INFO  server.RaftServerConfigKeys (ConfUtils.java:logGet(43)) - raft.server.log.statemachine.data.caching.enabled = true (custom)
2019-10-14 10:42:20,030 [pool-207-thread-1] INFO  segmented.SegmentedRaftLogWorker (SegmentedRaftLogWorker.java:lambda$new$0(128)) - faa5a069-6aa5-438b-8b42-f24c62b85906@group-0EB3668EA71E-SegmentedRaftLogWorker: flushIndex: setUnconditionally 0 -> -1
2019-10-14 10:42:20,030 [pool-207-thread-1] INFO  server.RaftServerConfigKeys (ConfUtils.java:logGet(43)) - raft.server.snapshot.auto.trigger.enabled = true (custom)
2019-10-14 10:42:20,030 [pool-207-thread-1] INFO  server.RaftServerConfigKeys (ConfUtils.java:logGet(43)) - raft.server.snapshot.auto.trigger.threshold = 10000 (custom)
2019-10-14 10:42:20,030 [pool-207-thread-1] INFO  server.RaftServerConfigKeys (ConfUtils.java:logGet(43)) - raft.server.snapshot.retention.file.num = 5 (custom)
2019-10-14 10:42:20,030 [pool-207-thread-1] INFO  server.RaftServerConfigKeys (ConfUtils.java:logGet(43)) - raft.server.retrycache.expirytime = 600000ms (custom)
2019-10-14 10:42:20,032 [pool-207-thread-1] INFO  impl.RaftServerImpl (RaftServerImpl.java:start(181)) - faa5a069-6aa5-438b-8b42-f24c62b85906@group-0EB3668EA71E: start as a follower, conf=-1: [faa5a069-6aa5-438b-8b42-f24c62b85906:192.168.151.118:34787], old=null
2019-10-14 10:42:20,032 [pool-207-thread-1] INFO  impl.RaftServerImpl (RaftServerImpl.java:setRole(170)) - faa5a069-6aa5-438b-8b42-f24c62b85906@group-0EB3668EA71E: changes role from      null to FOLLOWER at term 0 for startAsFollower
2019-10-14 10:42:20,033 [pool-207-thread-1] INFO  impl.RoleInfo (RoleInfo.java:updateAndGet(143)) - faa5a069-6aa5-438b-8b42-f24c62b85906: start FollowerState
2019-10-14 10:42:20,033 [pool-207-thread-1] INFO  util.JmxRegister (JmxRegister.java:tryRegister(44)) - Successfully registered JMX Bean with object name Ratis:service=RaftServer,group=group-0EB3668EA71E,id=faa5a069-6aa5-438b-8b42-f24c62b85906
2019-10-14 10:42:20,039 [RatisPipelineUtilsThread] INFO  pipeline.PipelineStateManager (PipelineStateManager.java:addPipeline(56)) - Created pipeline Pipeline[ Id: 01b9501e-9cf4-4a56-9f40-0eb3668ea71e, Nodes: faa5a069-6aa5-438b-8b42-f24c62b85906{ip: 192.168.151.118, host: pr-hdds-2296-8rkbz-2376872687, networkLocation: /default-rack, certSerialId: null}, Type:RATIS, Factor:ONE, State:OPEN]
2019-10-14 10:42:20,078 [IPC Server handler 6 on 45433] INFO  net.NetworkTopology (NetworkTopologyImpl.java:add(111)) - Added a new node: /default-rack/ab25a5f2-cb66-481d-9ac1-849da04a80bc
2019-10-14 10:42:20,078 [IPC Server handler 6 on 45433] INFO  node.SCMNodeManager (SCMNodeManager.java:register(268)) - Registered Data node : ab25a5f2-cb66-481d-9ac1-849da04a80bc{ip: 192.168.151.118, host: pr-hdds-2296-8rkbz-2376872687, networkLocation: /default-rack, certSerialId: null}
2019-10-14 10:42:20,095 [grpc-default-executor-1] INFO  impl.RaftServerProxy (RaftServerProxy.java:addNew(89)) - ab25a5f2-cb66-481d-9ac1-849da04a80bc: addNew group-1A812315AF86:[ab25a5f2-cb66-481d-9ac1-849da04a80bc:192.168.151.118:37353] returns group-1A812315AF86:java.util.concurrent.CompletableFuture@56c92751[Not completed]
2019-10-14 10:42:20,096 [pool-217-thread-1] INFO  impl.RaftServerImpl (RaftServerImpl.java:<init>(95)) - ab25a5f2-cb66-481d-9ac1-849da04a80bc: new RaftServerImpl for group-1A812315AF86:[ab25a5f2-cb66-481d-9ac1-849da04a80bc:192.168.151.118:37353] with ContainerStateMachine:uninitialized
2019-10-14 10:42:20,097 [pool-217-thread-1] INFO  server.RaftServerConfigKeys (ConfUtils.java:logGet(43)) - raft.server.rpc.timeout.min = 5s (custom)
2019-10-14 10:42:20,097 [pool-217-thread-1] INFO  server.RaftServerConfigKeys (ConfUtils.java:logGet(43)) - raft.server.rpc.timeout.max = 5200ms (custom)
2019-10-14 10:42:20,097 [pool-217-thread-1] INFO  server.RaftServerConfigKeys (ConfUtils.java:logGet(43)) - raft.server.rpcslowness.timeout = 120s (custom)
2019-10-14 10:42:20,097 [pool-217-thread-1] INFO  server.RaftServerConfigKeys (ConfUtils.java:logGet(43)) - raft.server.sleep.deviation.threshold = 300 (default)
2019-10-14 10:42:20,097 [pool-217-thread-1] INFO  server.RaftServerConfigKeys (ConfUtils.java:logGet(43)) - raft.server.log.appender.install.snapshot.enabled = false (custom)
2019-10-14 10:42:20,097 [pool-217-thread-1] INFO  impl.RaftServerImpl (ServerState.java:<init>(103)) - ab25a5f2-cb66-481d-9ac1-849da04a80bc@group-1A812315AF86: ConfigurationManager, init=-1: [ab25a5f2-cb66-481d-9ac1-849da04a80bc:192.168.151.118:37353], old=null, confs=<EMPTY_MAP>
2019-10-14 10:42:20,097 [pool-217-thread-1] INFO  server.RaftServerConfigKeys (ConfUtils.java:logGet(43)) - raft.server.storage.dir = [/workdir/hadoop-ozone/integration-test/target/test-dir/MiniOzoneClusterImpl-b84ab8c1-3d8e-4d54-8bf3-5dd7b4c80550/datanode-1/data/ratis] (custom)
2019-10-14 10:42:20,098 [pool-217-thread-1] INFO  server.RaftServerConfigKeys (ConfUtils.java:logGet(43)) - raft.server.log.corruption.policy = EXCEPTION (default)
2019-10-14 10:42:20,098 [pool-217-thread-1] INFO  storage.RaftStorageDirectory (RaftStorageDirectory.java:analyzeStorage(246)) - The storage directory /workdir/hadoop-ozone/integration-test/target/test-dir/MiniOzoneClusterImpl-b84ab8c1-3d8e-4d54-8bf3-5dd7b4c80550/datanode-1/data/ratis/fe002153-1567-4141-a7d0-1a812315af86 does not exist. Creating ...
2019-10-14 10:42:20,112 [pool-217-thread-1] INFO  storage.RaftStorageDirectory (RaftStorageDirectory.java:tryLock(328)) - Lock on /workdir/hadoop-ozone/integration-test/target/test-dir/MiniOzoneClusterImpl-b84ab8c1-3d8e-4d54-8bf3-5dd7b4c80550/datanode-1/data/ratis/fe002153-1567-4141-a7d0-1a812315af86/in_use.lock acquired by nodename 26737@pr-hdds-2296-8rkbz-2376872687
2019-10-14 10:42:20,125 [pool-217-thread-1] INFO  storage.RaftStorage (RaftStorage.java:format(84)) - Storage directory /workdir/hadoop-ozone/integration-test/target/test-dir/MiniOzoneClusterImpl-b84ab8c1-3d8e-4d54-8bf3-5dd7b4c80550/datanode-1/data/ratis/fe002153-1567-4141-a7d0-1a812315af86 has been successfully formatted.
2019-10-14 10:42:20,125 [pool-217-thread-1] INFO  ratis.ContainerStateMachine (ContainerStateMachine.java:loadSnapshot(231)) - group-1A812315AF86: The snapshot info is null. Setting the last applied indexto:(t:0, i:~)
2019-10-14 10:42:20,126 [pool-217-thread-1] INFO  server.RaftServerConfigKeys (ConfUtils.java:logGet(43)) - raft.server.notification.no-leader.timeout = 120s (custom)
2019-10-14 10:42:20,126 [pool-217-thread-1] INFO  server.RaftServerConfigKeys (ConfUtils.java:logGet(43)) - raft.server.log.use.memory = false (default)
2019-10-14 10:42:20,126 [pool-217-thread-1] INFO  server.RaftServerConfigKeys (ConfUtils.java:logGet(43)) - raft.server.log.purge.gap = 1000000 (custom)
2019-10-14 10:42:20,126 [pool-217-thread-1] INFO  server.RaftServerConfigKeys (ConfUtils.java:logGet(43)) - raft.server.log.appender.buffer.byte-limit = 33554432 (custom)
2019-10-14 10:42:20,126 [pool-217-thread-1] INFO  server.RaftServerConfigKeys (ConfUtils.java:logGet(43)) - raft.server.log.segment.size.max = 1048576 (custom)
2019-10-14 10:42:20,127 [pool-217-thread-1] INFO  server.RaftServerConfigKeys (ConfUtils.java:logGet(43)) - raft.server.log.segment.cache.num.max = 2 (custom)
2019-10-14 10:42:20,127 [pool-217-thread-1] INFO  segmented.SegmentedRaftLogWorker (SegmentedRaftLogWorker.java:<init>(173)) - new ab25a5f2-cb66-481d-9ac1-849da04a80bc@group-1A812315AF86-SegmentedRaftLogWorker for RaftStorage:Storage Directory /workdir/hadoop-ozone/integration-test/target/test-dir/MiniOzoneClusterImpl-b84ab8c1-3d8e-4d54-8bf3-5dd7b4c80550/datanode-1/data/ratis/fe002153-1567-4141-a7d0-1a812315af86
2019-10-14 10:42:20,128 [pool-217-thread-1] INFO  server.RaftServerConfigKeys (ConfUtils.java:logGet(43)) - raft.server.log.queue.byte-limit = 2147483647 (custom)
2019-10-14 10:42:20,128 [pool-217-thread-1] INFO  server.RaftServerConfigKeys (ConfUtils.java:logGet(43)) - raft.server.log.queue.element-limit = 1024 (custom)
2019-10-14 10:42:20,128 [pool-217-thread-1] INFO  server.RaftServerConfigKeys (ConfUtils.java:logGet(43)) - raft.server.log.segment.size.max = 1048576 (custom)
2019-10-14 10:42:20,128 [pool-217-thread-1] INFO  server.RaftServerConfigKeys (ConfUtils.java:logGet(43)) - raft.server.log.preallocated.size = 16384 (custom)
2019-10-14 10:42:20,128 [pool-217-thread-1] INFO  server.RaftServerConfigKeys (ConfUtils.java:logGet(43)) - raft.server.log.write.buffer.size = 33554432 (custom)
2019-10-14 10:42:20,128 [pool-217-thread-1] INFO  server.RaftServerConfigKeys (ConfUtils.java:logGet(43)) - raft.server.log.force.sync.num = 128 (default)
2019-10-14 10:42:20,128 [pool-217-thread-1] INFO  server.RaftServerConfigKeys (ConfUtils.java:logGet(43)) - raft.server.log.statemachine.data.sync = true (default)
2019-10-14 10:42:20,128 [pool-217-thread-1] INFO  server.RaftServerConfigKeys (ConfUtils.java:logGet(43)) - raft.server.log.statemachine.data.sync.timeout = 10s (default)
2019-10-14 10:42:20,128 [pool-217-thread-1] INFO  server.RaftServerConfigKeys (ConfUtils.java:logGet(43)) - raft.server.log.statemachine.data.sync.timeout.retry = -1 (default)
2019-10-14 10:42:20,129 [pool-217-thread-1] INFO  server.RaftServerConfigKeys (ConfUtils.java:logGet(43)) - raft.server.log.statemachine.data.caching.enabled = true (custom)
2019-10-14 10:42:20,129 [pool-217-thread-1] INFO  segmented.SegmentedRaftLogWorker (SegmentedRaftLogWorker.java:lambda$new$0(128)) - ab25a5f2-cb66-481d-9ac1-849da04a80bc@group-1A812315AF86-SegmentedRaftLogWorker: flushIndex: setUnconditionally 0 -> -1
2019-10-14 10:42:20,129 [pool-217-thread-1] INFO  server.RaftServerConfigKeys (ConfUtils.java:logGet(43)) - raft.server.snapshot.auto.trigger.enabled = true (custom)
2019-10-14 10:42:20,129 [pool-217-thread-1] INFO  server.RaftServerConfigKeys (ConfUtils.java:logGet(43)) - raft.server.snapshot.auto.trigger.threshold = 10000 (custom)
2019-10-14 10:42:20,129 [pool-217-thread-1] INFO  server.RaftServerConfigKeys (ConfUtils.java:logGet(43)) - raft.server.snapshot.retention.file.num = 5 (custom)
2019-10-14 10:42:20,130 [pool-217-thread-1] INFO  server.RaftServerConfigKeys (ConfUtils.java:logGet(43)) - raft.server.retrycache.expirytime = 600000ms (custom)
2019-10-14 10:42:20,131 [pool-217-thread-1] INFO  impl.RaftServerImpl (RaftServerImpl.java:start(181)) - ab25a5f2-cb66-481d-9ac1-849da04a80bc@group-1A812315AF86: start as a follower, conf=-1: [ab25a5f2-cb66-481d-9ac1-849da04a80bc:192.168.151.118:37353], old=null
2019-10-14 10:42:20,131 [pool-217-thread-1] INFO  impl.RaftServerImpl (RaftServerImpl.java:setRole(170)) - ab25a5f2-cb66-481d-9ac1-849da04a80bc@group-1A812315AF86: changes role from      null to FOLLOWER at term 0 for startAsFollower
2019-10-14 10:42:20,131 [pool-217-thread-1] INFO  impl.RoleInfo (RoleInfo.java:updateAndGet(143)) - ab25a5f2-cb66-481d-9ac1-849da04a80bc: start FollowerState
2019-10-14 10:42:20,132 [pool-217-thread-1] INFO  util.JmxRegister (JmxRegister.java:tryRegister(44)) - Successfully registered JMX Bean with object name Ratis:service=RaftServer,group=group-1A812315AF86,id=ab25a5f2-cb66-481d-9ac1-849da04a80bc
2019-10-14 10:42:20,138 [RatisPipelineUtilsThread] INFO  pipeline.PipelineStateManager (PipelineStateManager.java:addPipeline(56)) - Created pipeline Pipeline[ Id: fe002153-1567-4141-a7d0-1a812315af86, Nodes: ab25a5f2-cb66-481d-9ac1-849da04a80bc{ip: 192.168.151.118, host: pr-hdds-2296-8rkbz-2376872687, networkLocation: /default-rack, certSerialId: null}, Type:RATIS, Factor:ONE, State:OPEN]
2019-10-14 10:42:20,150 [IPC Server handler 8 on 45433] INFO  net.NetworkTopology (NetworkTopologyImpl.java:add(111)) - Added a new node: /default-rack/50bac784-5677-491f-b59b-4a4a2fee8033
2019-10-14 10:42:20,150 [IPC Server handler 8 on 45433] INFO  node.SCMNodeManager (SCMNodeManager.java:register(268)) - Registered Data node : 50bac784-5677-491f-b59b-4a4a2fee8033{ip: 192.168.151.118, host: pr-hdds-2296-8rkbz-2376872687, networkLocation: /default-rack, certSerialId: null}
2019-10-14 10:42:20,157 [grpc-default-executor-1] INFO  impl.RaftServerProxy (RaftServerProxy.java:addNew(89)) - 50bac784-5677-491f-b59b-4a4a2fee8033: addNew group-D3C6BC595687:[50bac784-5677-491f-b59b-4a4a2fee8033:192.168.151.118:35200] returns group-D3C6BC595687:java.util.concurrent.CompletableFuture@263a123[Not completed]
2019-10-14 10:42:20,158 [pool-227-thread-1] INFO  impl.RaftServerImpl (RaftServerImpl.java:<init>(95)) - 50bac784-5677-491f-b59b-4a4a2fee8033: new RaftServerImpl for group-D3C6BC595687:[50bac784-5677-491f-b59b-4a4a2fee8033:192.168.151.118:35200] with ContainerStateMachine:uninitialized
2019-10-14 10:42:20,158 [pool-227-thread-1] INFO  server.RaftServerConfigKeys (ConfUtils.java:logGet(43)) - raft.server.rpc.timeout.min = 5s (custom)
2019-10-14 10:42:20,159 [pool-227-thread-1] INFO  server.RaftServerConfigKeys (ConfUtils.java:logGet(43)) - raft.server.rpc.timeout.max = 5200ms (custom)
2019-10-14 10:42:20,159 [pool-227-thread-1] INFO  server.RaftServerConfigKeys (ConfUtils.java:logGet(43)) - raft.server.rpcslowness.timeout = 120s (custom)
2019-10-14 10:42:20,159 [pool-227-thread-1] INFO  server.RaftServerConfigKeys (ConfUtils.java:logGet(43)) - raft.server.sleep.deviation.threshold = 300 (default)
2019-10-14 10:42:20,159 [pool-227-thread-1] INFO  server.RaftServerConfigKeys (ConfUtils.java:logGet(43)) - raft.server.log.appender.install.snapshot.enabled = false (custom)
2019-10-14 10:42:20,159 [pool-227-thread-1] INFO  impl.RaftServerImpl (ServerState.java:<init>(103)) - 50bac784-5677-491f-b59b-4a4a2fee8033@group-D3C6BC595687: ConfigurationManager, init=-1: [50bac784-5677-491f-b59b-4a4a2fee8033:192.168.151.118:35200], old=null, confs=<EMPTY_MAP>
2019-10-14 10:42:20,159 [pool-227-thread-1] INFO  server.RaftServerConfigKeys (ConfUtils.java:logGet(43)) - raft.server.storage.dir = [/workdir/hadoop-ozone/integration-test/target/test-dir/MiniOzoneClusterImpl-b84ab8c1-3d8e-4d54-8bf3-5dd7b4c80550/datanode-2/data/ratis] (custom)
2019-10-14 10:42:20,159 [pool-227-thread-1] INFO  server.RaftServerConfigKeys (ConfUtils.java:logGet(43)) - raft.server.log.corruption.policy = EXCEPTION (default)
2019-10-14 10:42:20,159 [pool-227-thread-1] INFO  storage.RaftStorageDirectory (RaftStorageDirectory.java:analyzeStorage(246)) - The storage directory /workdir/hadoop-ozone/integration-test/target/test-dir/MiniOzoneClusterImpl-b84ab8c1-3d8e-4d54-8bf3-5dd7b4c80550/datanode-2/data/ratis/d84f1e5f-0124-4d42-89d3-d3c6bc595687 does not exist. Creating ...
2019-10-14 10:42:20,184 [pool-227-thread-1] INFO  storage.RaftStorageDirectory (RaftStorageDirectory.java:tryLock(328)) - Lock on /workdir/hadoop-ozone/integration-test/target/test-dir/MiniOzoneClusterImpl-b84ab8c1-3d8e-4d54-8bf3-5dd7b4c80550/datanode-2/data/ratis/d84f1e5f-0124-4d42-89d3-d3c6bc595687/in_use.lock acquired by nodename 26737@pr-hdds-2296-8rkbz-2376872687
2019-10-14 10:42:20,210 [pool-227-thread-1] INFO  storage.RaftStorage (RaftStorage.java:format(84)) - Storage directory /workdir/hadoop-ozone/integration-test/target/test-dir/MiniOzoneClusterImpl-b84ab8c1-3d8e-4d54-8bf3-5dd7b4c80550/datanode-2/data/ratis/d84f1e5f-0124-4d42-89d3-d3c6bc595687 has been successfully formatted.
2019-10-14 10:42:20,210 [pool-227-thread-1] INFO  ratis.ContainerStateMachine (ContainerStateMachine.java:loadSnapshot(231)) - group-D3C6BC595687: The snapshot info is null. Setting the last applied indexto:(t:0, i:~)
2019-10-14 10:42:20,210 [pool-227-thread-1] INFO  server.RaftServerConfigKeys (ConfUtils.java:logGet(43)) - raft.server.notification.no-leader.timeout = 120s (custom)
2019-10-14 10:42:20,210 [pool-227-thread-1] INFO  server.RaftServerConfigKeys (ConfUtils.java:logGet(43)) - raft.server.log.use.memory = false (default)
2019-10-14 10:42:20,211 [pool-227-thread-1] INFO  server.RaftServerConfigKeys (ConfUtils.java:logGet(43)) - raft.server.log.purge.gap = 1000000 (custom)
2019-10-14 10:42:20,211 [pool-227-thread-1] INFO  server.RaftServerConfigKeys (ConfUtils.java:logGet(43)) - raft.server.log.appender.buffer.byte-limit = 33554432 (custom)
2019-10-14 10:42:20,211 [pool-227-thread-1] INFO  server.RaftServerConfigKeys (ConfUtils.java:logGet(43)) - raft.server.log.segment.size.max = 1048576 (custom)
2019-10-14 10:42:20,212 [pool-227-thread-1] INFO  server.RaftServerConfigKeys (ConfUtils.java:logGet(43)) - raft.server.log.segment.cache.num.max = 2 (custom)
2019-10-14 10:42:20,212 [pool-227-thread-1] INFO  segmented.SegmentedRaftLogWorker (SegmentedRaftLogWorker.java:<init>(173)) - new 50bac784-5677-491f-b59b-4a4a2fee8033@group-D3C6BC595687-SegmentedRaftLogWorker for RaftStorage:Storage Directory /workdir/hadoop-ozone/integration-test/target/test-dir/MiniOzoneClusterImpl-b84ab8c1-3d8e-4d54-8bf3-5dd7b4c80550/datanode-2/data/ratis/d84f1e5f-0124-4d42-89d3-d3c6bc595687
2019-10-14 10:42:20,212 [pool-227-thread-1] INFO  server.RaftServerConfigKeys (ConfUtils.java:logGet(43)) - raft.server.log.queue.byte-limit = 2147483647 (custom)
2019-10-14 10:42:20,212 [pool-227-thread-1] INFO  server.RaftServerConfigKeys (ConfUtils.java:logGet(43)) - raft.server.log.queue.element-limit = 1024 (custom)
2019-10-14 10:42:20,213 [pool-227-thread-1] INFO  server.RaftServerConfigKeys (ConfUtils.java:logGet(43)) - raft.server.log.segment.size.max = 1048576 (custom)
2019-10-14 10:42:20,213 [pool-227-thread-1] INFO  server.RaftServerConfigKeys (ConfUtils.java:logGet(43)) - raft.server.log.preallocated.size = 16384 (custom)
2019-10-14 10:42:20,213 [pool-227-thread-1] INFO  server.RaftServerConfigKeys (ConfUtils.java:logGet(43)) - raft.server.log.write.buffer.size = 33554432 (custom)
2019-10-14 10:42:20,213 [pool-227-thread-1] INFO  server.RaftServerConfigKeys (ConfUtils.java:logGet(43)) - raft.server.log.force.sync.num = 128 (default)
2019-10-14 10:42:20,213 [pool-227-thread-1] INFO  server.RaftServerConfigKeys (ConfUtils.java:logGet(43)) - raft.server.log.statemachine.data.sync = true (default)
2019-10-14 10:42:20,213 [pool-227-thread-1] INFO  server.RaftServerConfigKeys (ConfUtils.java:logGet(43)) - raft.server.log.statemachine.data.sync.timeout = 10s (default)
2019-10-14 10:42:20,213 [pool-227-thread-1] INFO  server.RaftServerConfigKeys (ConfUtils.java:logGet(43)) - raft.server.log.statemachine.data.sync.timeout.retry = -1 (default)
2019-10-14 10:42:20,213 [pool-227-thread-1] INFO  server.RaftServerConfigKeys (ConfUtils.java:logGet(43)) - raft.server.log.statemachine.data.caching.enabled = true (custom)
2019-10-14 10:42:20,214 [pool-227-thread-1] INFO  segmented.SegmentedRaftLogWorker (SegmentedRaftLogWorker.java:lambda$new$0(128)) - 50bac784-5677-491f-b59b-4a4a2fee8033@group-D3C6BC595687-SegmentedRaftLogWorker: flushIndex: setUnconditionally 0 -> -1
2019-10-14 10:42:20,214 [pool-227-thread-1] INFO  server.RaftServerConfigKeys (ConfUtils.java:logGet(43)) - raft.server.snapshot.auto.trigger.enabled = true (custom)
2019-10-14 10:42:20,214 [pool-227-thread-1] INFO  server.RaftServerConfigKeys (ConfUtils.java:logGet(43)) - raft.server.snapshot.auto.trigger.threshold = 10000 (custom)
2019-10-14 10:42:20,214 [pool-227-thread-1] INFO  server.RaftServerConfigKeys (ConfUtils.java:logGet(43)) - raft.server.snapshot.retention.file.num = 5 (custom)
2019-10-14 10:42:20,214 [pool-227-thread-1] INFO  server.RaftServerConfigKeys (ConfUtils.java:logGet(43)) - raft.server.retrycache.expirytime = 600000ms (custom)
2019-10-14 10:42:20,215 [pool-227-thread-1] INFO  impl.RaftServerImpl (RaftServerImpl.java:start(181)) - 50bac784-5677-491f-b59b-4a4a2fee8033@group-D3C6BC595687: start as a follower, conf=-1: [50bac784-5677-491f-b59b-4a4a2fee8033:192.168.151.118:35200], old=null
2019-10-14 10:42:20,215 [pool-227-thread-1] INFO  impl.RaftServerImpl (RaftServerImpl.java:setRole(170)) - 50bac784-5677-491f-b59b-4a4a2fee8033@group-D3C6BC595687: changes role from      null to FOLLOWER at term 0 for startAsFollower
2019-10-14 10:42:20,216 [pool-227-thread-1] INFO  impl.RoleInfo (RoleInfo.java:updateAndGet(143)) - 50bac784-5677-491f-b59b-4a4a2fee8033: start FollowerState
2019-10-14 10:42:20,216 [pool-227-thread-1] INFO  util.JmxRegister (JmxRegister.java:tryRegister(44)) - Successfully registered JMX Bean with object name Ratis:service=RaftServer,group=group-D3C6BC595687,id=50bac784-5677-491f-b59b-4a4a2fee8033
2019-10-14 10:42:20,223 [RatisPipelineUtilsThread] INFO  pipeline.PipelineStateManager (PipelineStateManager.java:addPipeline(56)) - Created pipeline Pipeline[ Id: d84f1e5f-0124-4d42-89d3-d3c6bc595687, Nodes: 50bac784-5677-491f-b59b-4a4a2fee8033{ip: 192.168.151.118, host: pr-hdds-2296-8rkbz-2376872687, networkLocation: /default-rack, certSerialId: null}, Type:RATIS, Factor:ONE, State:OPEN]
2019-10-14 10:42:20,232 [IPC Server handler 0 on 45433] INFO  net.NetworkTopology (NetworkTopologyImpl.java:add(111)) - Added a new node: /default-rack/c87e9ba7-0ab7-42f5-9c23-8303171a75c1
2019-10-14 10:42:20,232 [IPC Server handler 0 on 45433] INFO  node.SCMNodeManager (SCMNodeManager.java:register(268)) - Registered Data node : c87e9ba7-0ab7-42f5-9c23-8303171a75c1{ip: 192.168.151.118, host: pr-hdds-2296-8rkbz-2376872687, networkLocation: /default-rack, certSerialId: null}
2019-10-14 10:42:20,244 [grpc-default-executor-1] INFO  impl.RaftServerProxy (RaftServerProxy.java:addNew(89)) - faa5a069-6aa5-438b-8b42-f24c62b85906: addNew group-CEA59BAEECCE:[50bac784-5677-491f-b59b-4a4a2fee8033:192.168.151.118:35200, faa5a069-6aa5-438b-8b42-f24c62b85906:192.168.151.118:34787, ab25a5f2-cb66-481d-9ac1-849da04a80bc:192.168.151.118:37353] returns group-CEA59BAEECCE:java.util.concurrent.CompletableFuture@4a91f55b[Not completed]
2019-10-14 10:42:20,244 [grpc-default-executor-5] INFO  impl.RaftServerProxy (RaftServerProxy.java:addNew(89)) - ab25a5f2-cb66-481d-9ac1-849da04a80bc: addNew group-CEA59BAEECCE:[50bac784-5677-491f-b59b-4a4a2fee8033:192.168.151.118:35200, faa5a069-6aa5-438b-8b42-f24c62b85906:192.168.151.118:34787, ab25a5f2-cb66-481d-9ac1-849da04a80bc:192.168.151.118:37353] returns group-CEA59BAEECCE:java.util.concurrent.CompletableFuture@654dddf6[Not completed]
2019-10-14 10:42:20,244 [grpc-default-executor-4] INFO  impl.RaftServerProxy (RaftServerProxy.java:addNew(89)) - 50bac784-5677-491f-b59b-4a4a2fee8033: addNew group-CEA59BAEECCE:[50bac784-5677-491f-b59b-4a4a2fee8033:192.168.151.118:35200, faa5a069-6aa5-438b-8b42-f24c62b85906:192.168.151.118:34787, ab25a5f2-cb66-481d-9ac1-849da04a80bc:192.168.151.118:37353] returns group-CEA59BAEECCE:java.util.concurrent.CompletableFuture@483c575c[Not completed]
2019-10-14 10:42:20,245 [pool-217-thread-1] INFO  impl.RaftServerImpl (RaftServerImpl.java:<init>(95)) - ab25a5f2-cb66-481d-9ac1-849da04a80bc: new RaftServerImpl for group-CEA59BAEECCE:[50bac784-5677-491f-b59b-4a4a2fee8033:192.168.151.118:35200, faa5a069-6aa5-438b-8b42-f24c62b85906:192.168.151.118:34787, ab25a5f2-cb66-481d-9ac1-849da04a80bc:192.168.151.118:37353] with ContainerStateMachine:uninitialized
2019-10-14 10:42:20,246 [pool-217-thread-1] INFO  server.RaftServerConfigKeys (ConfUtils.java:logGet(43)) - raft.server.rpc.timeout.min = 5s (custom)
2019-10-14 10:42:20,246 [pool-217-thread-1] INFO  server.RaftServerConfigKeys (ConfUtils.java:logGet(43)) - raft.server.rpc.timeout.max = 5200ms (custom)
2019-10-14 10:42:20,246 [pool-217-thread-1] INFO  server.RaftServerConfigKeys (ConfUtils.java:logGet(43)) - raft.server.rpcslowness.timeout = 120s (custom)
2019-10-14 10:42:20,246 [pool-217-thread-1] INFO  server.RaftServerConfigKeys (ConfUtils.java:logGet(43)) - raft.server.sleep.deviation.threshold = 300 (default)
2019-10-14 10:42:20,246 [pool-207-thread-1] INFO  impl.RaftServerImpl (RaftServerImpl.java:<init>(95)) - faa5a069-6aa5-438b-8b42-f24c62b85906: new RaftServerImpl for group-CEA59BAEECCE:[50bac784-5677-491f-b59b-4a4a2fee8033:192.168.151.118:35200, faa5a069-6aa5-438b-8b42-f24c62b85906:192.168.151.118:34787, ab25a5f2-cb66-481d-9ac1-849da04a80bc:192.168.151.118:37353] with ContainerStateMachine:uninitialized
2019-10-14 10:42:20,246 [pool-217-thread-1] INFO  server.RaftServerConfigKeys (ConfUtils.java:logGet(43)) - raft.server.log.appender.install.snapshot.enabled = false (custom)
2019-10-14 10:42:20,246 [pool-207-thread-1] INFO  server.RaftServerConfigKeys (ConfUtils.java:logGet(43)) - raft.server.rpc.timeout.min = 5s (custom)
2019-10-14 10:42:20,247 [pool-217-thread-1] INFO  impl.RaftServerImpl (ServerState.java:<init>(103)) - ab25a5f2-cb66-481d-9ac1-849da04a80bc@group-CEA59BAEECCE: ConfigurationManager, init=-1: [50bac784-5677-491f-b59b-4a4a2fee8033:192.168.151.118:35200, faa5a069-6aa5-438b-8b42-f24c62b85906:192.168.151.118:34787, ab25a5f2-cb66-481d-9ac1-849da04a80bc:192.168.151.118:37353], old=null, confs=<EMPTY_MAP>
2019-10-14 10:42:20,247 [pool-227-thread-1] INFO  impl.RaftServerImpl (RaftServerImpl.java:<init>(95)) - 50bac784-5677-491f-b59b-4a4a2fee8033: new RaftServerImpl for group-CEA59BAEECCE:[50bac784-5677-491f-b59b-4a4a2fee8033:192.168.151.118:35200, faa5a069-6aa5-438b-8b42-f24c62b85906:192.168.151.118:34787, ab25a5f2-cb66-481d-9ac1-849da04a80bc:192.168.151.118:37353] with ContainerStateMachine:uninitialized
2019-10-14 10:42:20,247 [pool-217-thread-1] INFO  server.RaftServerConfigKeys (ConfUtils.java:logGet(43)) - raft.server.storage.dir = [/workdir/hadoop-ozone/integration-test/target/test-dir/MiniOzoneClusterImpl-b84ab8c1-3d8e-4d54-8bf3-5dd7b4c80550/datanode-1/data/ratis] (custom)
2019-10-14 10:42:20,247 [pool-207-thread-1] INFO  server.RaftServerConfigKeys (ConfUtils.java:logGet(43)) - raft.server.rpc.timeout.max = 5200ms (custom)
2019-10-14 10:42:20,247 [pool-217-thread-1] INFO  server.RaftServerConfigKeys (ConfUtils.java:logGet(43)) - raft.server.log.corruption.policy = EXCEPTION (default)
2019-10-14 10:42:20,247 [pool-207-thread-1] INFO  server.RaftServerConfigKeys (ConfUtils.java:logGet(43)) - raft.server.rpcslowness.timeout = 120s (custom)
2019-10-14 10:42:20,247 [pool-227-thread-1] INFO  server.RaftServerConfigKeys (ConfUtils.java:logGet(43)) - raft.server.rpc.timeout.min = 5s (custom)
2019-10-14 10:42:20,247 [pool-207-thread-1] INFO  server.RaftServerConfigKeys (ConfUtils.java:logGet(43)) - raft.server.sleep.deviation.threshold = 300 (default)
2019-10-14 10:42:20,247 [pool-217-thread-1] INFO  storage.RaftStorageDirectory (RaftStorageDirectory.java:analyzeStorage(246)) - The storage directory /workdir/hadoop-ozone/integration-test/target/test-dir/MiniOzoneClusterImpl-b84ab8c1-3d8e-4d54-8bf3-5dd7b4c80550/datanode-1/data/ratis/a6937e34-a561-4bef-ae0c-cea59baeecce does not exist. Creating ...
2019-10-14 10:42:20,248 [pool-207-thread-1] INFO  server.RaftServerConfigKeys (ConfUtils.java:logGet(43)) - raft.server.log.appender.install.snapshot.enabled = false (custom)
2019-10-14 10:42:20,248 [pool-227-thread-1] INFO  server.RaftServerConfigKeys (ConfUtils.java:logGet(43)) - raft.server.rpc.timeout.max = 5200ms (custom)
2019-10-14 10:42:20,248 [pool-207-thread-1] INFO  impl.RaftServerImpl (ServerState.java:<init>(103)) - faa5a069-6aa5-438b-8b42-f24c62b85906@group-CEA59BAEECCE: ConfigurationManager, init=-1: [50bac784-5677-491f-b59b-4a4a2fee8033:192.168.151.118:35200, faa5a069-6aa5-438b-8b42-f24c62b85906:192.168.151.118:34787, ab25a5f2-cb66-481d-9ac1-849da04a80bc:192.168.151.118:37353], old=null, confs=<EMPTY_MAP>
2019-10-14 10:42:20,248 [pool-227-thread-1] INFO  server.RaftServerConfigKeys (ConfUtils.java:logGet(43)) - raft.server.rpcslowness.timeout = 120s (custom)
2019-10-14 10:42:20,248 [pool-207-thread-1] INFO  server.RaftServerConfigKeys (ConfUtils.java:logGet(43)) - raft.server.storage.dir = [/workdir/hadoop-ozone/integration-test/target/test-dir/MiniOzoneClusterImpl-b84ab8c1-3d8e-4d54-8bf3-5dd7b4c80550/datanode-0/data/ratis] (custom)
2019-10-14 10:42:20,248 [pool-227-thread-1] INFO  server.RaftServerConfigKeys (ConfUtils.java:logGet(43)) - raft.server.sleep.deviation.threshold = 300 (default)
2019-10-14 10:42:20,249 [pool-227-thread-1] INFO  server.RaftServerConfigKeys (ConfUtils.java:logGet(43)) - raft.server.log.appender.install.snapshot.enabled = false (custom)
2019-10-14 10:42:20,249 [pool-207-thread-1] INFO  server.RaftServerConfigKeys (ConfUtils.java:logGet(43)) - raft.server.log.corruption.policy = EXCEPTION (default)
2019-10-14 10:42:20,249 [pool-227-thread-1] INFO  impl.RaftServerImpl (ServerState.java:<init>(103)) - 50bac784-5677-491f-b59b-4a4a2fee8033@group-CEA59BAEECCE: ConfigurationManager, init=-1: [50bac784-5677-491f-b59b-4a4a2fee8033:192.168.151.118:35200, faa5a069-6aa5-438b-8b42-f24c62b85906:192.168.151.118:34787, ab25a5f2-cb66-481d-9ac1-849da04a80bc:192.168.151.118:37353], old=null, confs=<EMPTY_MAP>
2019-10-14 10:42:20,249 [pool-207-thread-1] INFO  storage.RaftStorageDirectory (RaftStorageDirectory.java:analyzeStorage(246)) - The storage directory /workdir/hadoop-ozone/integration-test/target/test-dir/MiniOzoneClusterImpl-b84ab8c1-3d8e-4d54-8bf3-5dd7b4c80550/datanode-0/data/ratis/a6937e34-a561-4bef-ae0c-cea59baeecce does not exist. Creating ...
2019-10-14 10:42:20,249 [pool-227-thread-1] INFO  server.RaftServerConfigKeys (ConfUtils.java:logGet(43)) - raft.server.storage.dir = [/workdir/hadoop-ozone/integration-test/target/test-dir/MiniOzoneClusterImpl-b84ab8c1-3d8e-4d54-8bf3-5dd7b4c80550/datanode-2/data/ratis] (custom)
2019-10-14 10:42:20,249 [pool-227-thread-1] INFO  server.RaftServerConfigKeys (ConfUtils.java:logGet(43)) - raft.server.log.corruption.policy = EXCEPTION (default)
2019-10-14 10:42:20,249 [pool-227-thread-1] INFO  storage.RaftStorageDirectory (RaftStorageDirectory.java:analyzeStorage(246)) - The storage directory /workdir/hadoop-ozone/integration-test/target/test-dir/MiniOzoneClusterImpl-b84ab8c1-3d8e-4d54-8bf3-5dd7b4c80550/datanode-2/data/ratis/a6937e34-a561-4bef-ae0c-cea59baeecce does not exist. Creating ...
2019-10-14 10:42:20,272 [pool-207-thread-1] INFO  storage.RaftStorageDirectory (RaftStorageDirectory.java:tryLock(328)) - Lock on /workdir/hadoop-ozone/integration-test/target/test-dir/MiniOzoneClusterImpl-b84ab8c1-3d8e-4d54-8bf3-5dd7b4c80550/datanode-0/data/ratis/a6937e34-a561-4bef-ae0c-cea59baeecce/in_use.lock acquired by nodename 26737@pr-hdds-2296-8rkbz-2376872687
2019-10-14 10:42:20,272 [pool-227-thread-1] INFO  storage.RaftStorageDirectory (RaftStorageDirectory.java:tryLock(328)) - Lock on /workdir/hadoop-ozone/integration-test/target/test-dir/MiniOzoneClusterImpl-b84ab8c1-3d8e-4d54-8bf3-5dd7b4c80550/datanode-2/data/ratis/a6937e34-a561-4bef-ae0c-cea59baeecce/in_use.lock acquired by nodename 26737@pr-hdds-2296-8rkbz-2376872687
2019-10-14 10:42:20,272 [pool-217-thread-1] INFO  storage.RaftStorageDirectory (RaftStorageDirectory.java:tryLock(328)) - Lock on /workdir/hadoop-ozone/integration-test/target/test-dir/MiniOzoneClusterImpl-b84ab8c1-3d8e-4d54-8bf3-5dd7b4c80550/datanode-1/data/ratis/a6937e34-a561-4bef-ae0c-cea59baeecce/in_use.lock acquired by nodename 26737@pr-hdds-2296-8rkbz-2376872687
2019-10-14 10:42:20,286 [pool-217-thread-1] INFO  storage.RaftStorage (RaftStorage.java:format(84)) - Storage directory /workdir/hadoop-ozone/integration-test/target/test-dir/MiniOzoneClusterImpl-b84ab8c1-3d8e-4d54-8bf3-5dd7b4c80550/datanode-1/data/ratis/a6937e34-a561-4bef-ae0c-cea59baeecce has been successfully formatted.
2019-10-14 10:42:20,286 [pool-207-thread-1] INFO  storage.RaftStorage (RaftStorage.java:format(84)) - Storage directory /workdir/hadoop-ozone/integration-test/target/test-dir/MiniOzoneClusterImpl-b84ab8c1-3d8e-4d54-8bf3-5dd7b4c80550/datanode-0/data/ratis/a6937e34-a561-4bef-ae0c-cea59baeecce has been successfully formatted.
2019-10-14 10:42:20,286 [pool-227-thread-1] INFO  storage.RaftStorage (RaftStorage.java:format(84)) - Storage directory /workdir/hadoop-ozone/integration-test/target/test-dir/MiniOzoneClusterImpl-b84ab8c1-3d8e-4d54-8bf3-5dd7b4c80550/datanode-2/data/ratis/a6937e34-a561-4bef-ae0c-cea59baeecce has been successfully formatted.
2019-10-14 10:42:20,286 [pool-217-thread-1] INFO  ratis.ContainerStateMachine (ContainerStateMachine.java:loadSnapshot(231)) - group-CEA59BAEECCE: The snapshot info is null. Setting the last applied indexto:(t:0, i:~)
2019-10-14 10:42:20,287 [pool-207-thread-1] INFO  ratis.ContainerStateMachine (ContainerStateMachine.java:loadSnapshot(231)) - group-CEA59BAEECCE: The snapshot info is null. Setting the last applied indexto:(t:0, i:~)
2019-10-14 10:42:20,287 [pool-217-thread-1] INFO  server.RaftServerConfigKeys (ConfUtils.java:logGet(43)) - raft.server.notification.no-leader.timeout = 120s (custom)
2019-10-14 10:42:20,287 [pool-227-thread-1] INFO  ratis.ContainerStateMachine (ContainerStateMachine.java:loadSnapshot(231)) - group-CEA59BAEECCE: The snapshot info is null. Setting the last applied indexto:(t:0, i:~)
2019-10-14 10:42:20,287 [pool-217-thread-1] INFO  server.RaftServerConfigKeys (ConfUtils.java:logGet(43)) - raft.server.log.use.memory = false (default)
2019-10-14 10:42:20,287 [pool-207-thread-1] INFO  server.RaftServerConfigKeys (ConfUtils.java:logGet(43)) - raft.server.notification.no-leader.timeout = 120s (custom)
2019-10-14 10:42:20,287 [pool-217-thread-1] INFO  server.RaftServerConfigKeys (ConfUtils.java:logGet(43)) - raft.server.log.purge.gap = 1000000 (custom)
2019-10-14 10:42:20,287 [pool-227-thread-1] INFO  server.RaftServerConfigKeys (ConfUtils.java:logGet(43)) - raft.server.notification.no-leader.timeout = 120s (custom)
2019-10-14 10:42:20,287 [pool-217-thread-1] INFO  server.RaftServerConfigKeys (ConfUtils.java:logGet(43)) - raft.server.log.appender.buffer.byte-limit = 33554432 (custom)
2019-10-14 10:42:20,287 [pool-207-thread-1] INFO  server.RaftServerConfigKeys (ConfUtils.java:logGet(43)) - raft.server.log.use.memory = false (default)
2019-10-14 10:42:20,288 [pool-217-thread-1] INFO  server.RaftServerConfigKeys (ConfUtils.java:logGet(43)) - raft.server.log.segment.size.max = 1048576 (custom)
2019-10-14 10:42:20,287 [pool-227-thread-1] INFO  server.RaftServerConfigKeys (ConfUtils.java:logGet(43)) - raft.server.log.use.memory = false (default)
2019-10-14 10:42:20,288 [pool-217-thread-1] INFO  server.RaftServerConfigKeys (ConfUtils.java:logGet(43)) - raft.server.log.segment.cache.num.max = 2 (custom)
2019-10-14 10:42:20,288 [pool-207-thread-1] INFO  server.RaftServerConfigKeys (ConfUtils.java:logGet(43)) - raft.server.log.purge.gap = 1000000 (custom)
2019-10-14 10:42:20,288 [pool-217-thread-1] INFO  segmented.SegmentedRaftLogWorker (SegmentedRaftLogWorker.java:<init>(173)) - new ab25a5f2-cb66-481d-9ac1-849da04a80bc@group-CEA59BAEECCE-SegmentedRaftLogWorker for RaftStorage:Storage Directory /workdir/hadoop-ozone/integration-test/target/test-dir/MiniOzoneClusterImpl-b84ab8c1-3d8e-4d54-8bf3-5dd7b4c80550/datanode-1/data/ratis/a6937e34-a561-4bef-ae0c-cea59baeecce
2019-10-14 10:42:20,288 [pool-227-thread-1] INFO  server.RaftServerConfigKeys (ConfUtils.java:logGet(43)) - raft.server.log.purge.gap = 1000000 (custom)
2019-10-14 10:42:20,288 [pool-217-thread-1] INFO  server.RaftServerConfigKeys (ConfUtils.java:logGet(43)) - raft.server.log.queue.byte-limit = 2147483647 (custom)
2019-10-14 10:42:20,288 [pool-207-thread-1] INFO  server.RaftServerConfigKeys (ConfUtils.java:logGet(43)) - raft.server.log.appender.buffer.byte-limit = 33554432 (custom)
2019-10-14 10:42:20,288 [pool-217-thread-1] INFO  server.RaftServerConfigKeys (ConfUtils.java:logGet(43)) - raft.server.log.queue.element-limit = 1024 (custom)
2019-10-14 10:42:20,288 [pool-227-thread-1] INFO  server.RaftServerConfigKeys (ConfUtils.java:logGet(43)) - raft.server.log.appender.buffer.byte-limit = 33554432 (custom)
2019-10-14 10:42:20,289 [pool-217-thread-1] INFO  server.RaftServerConfigKeys (ConfUtils.java:logGet(43)) - raft.server.log.segment.size.max = 1048576 (custom)
2019-10-14 10:42:20,289 [pool-207-thread-1] INFO  server.RaftServerConfigKeys (ConfUtils.java:logGet(43)) - raft.server.log.segment.size.max = 1048576 (custom)
2019-10-14 10:42:20,289 [pool-217-thread-1] INFO  server.RaftServerConfigKeys (ConfUtils.java:logGet(43)) - raft.server.log.preallocated.size = 16384 (custom)
2019-10-14 10:42:20,289 [pool-227-thread-1] INFO  server.RaftServerConfigKeys (ConfUtils.java:logGet(43)) - raft.server.log.segment.size.max = 1048576 (custom)
2019-10-14 10:42:20,289 [pool-217-thread-1] INFO  server.RaftServerConfigKeys (ConfUtils.java:logGet(43)) - raft.server.log.write.buffer.size = 33554432 (custom)
2019-10-14 10:42:20,289 [pool-207-thread-1] INFO  server.RaftServerConfigKeys (ConfUtils.java:logGet(43)) - raft.server.log.segment.cache.num.max = 2 (custom)
2019-10-14 10:42:20,289 [pool-217-thread-1] INFO  server.RaftServerConfigKeys (ConfUtils.java:logGet(43)) - raft.server.log.force.sync.num = 128 (default)
2019-10-14 10:42:20,289 [pool-227-thread-1] INFO  server.RaftServerConfigKeys (ConfUtils.java:logGet(43)) - raft.server.log.segment.cache.num.max = 2 (custom)
2019-10-14 10:42:20,290 [pool-217-thread-1] INFO  server.RaftServerConfigKeys (ConfUtils.java:logGet(43)) - raft.server.log.statemachine.data.sync = true (default)
2019-10-14 10:42:20,290 [pool-207-thread-1] INFO  segmented.SegmentedRaftLogWorker (SegmentedRaftLogWorker.java:<init>(173)) - new faa5a069-6aa5-438b-8b42-f24c62b85906@group-CEA59BAEECCE-SegmentedRaftLogWorker for RaftStorage:Storage Directory /workdir/hadoop-ozone/integration-test/target/test-dir/MiniOzoneClusterImpl-b84ab8c1-3d8e-4d54-8bf3-5dd7b4c80550/datanode-0/data/ratis/a6937e34-a561-4bef-ae0c-cea59baeecce
2019-10-14 10:42:20,290 [pool-217-thread-1] INFO  server.RaftServerConfigKeys (ConfUtils.java:logGet(43)) - raft.server.log.statemachine.data.sync.timeout = 10s (default)
2019-10-14 10:42:20,290 [pool-227-thread-1] INFO  segmented.SegmentedRaftLogWorker (SegmentedRaftLogWorker.java:<init>(173)) - new 50bac784-5677-491f-b59b-4a4a2fee8033@group-CEA59BAEECCE-SegmentedRaftLogWorker for RaftStorage:Storage Directory /workdir/hadoop-ozone/integration-test/target/test-dir/MiniOzoneClusterImpl-b84ab8c1-3d8e-4d54-8bf3-5dd7b4c80550/datanode-2/data/ratis/a6937e34-a561-4bef-ae0c-cea59baeecce
2019-10-14 10:42:20,290 [pool-217-thread-1] INFO  server.RaftServerConfigKeys (ConfUtils.java:logGet(43)) - raft.server.log.statemachine.data.sync.timeout.retry = -1 (default)
2019-10-14 10:42:20,290 [pool-207-thread-1] INFO  server.RaftServerConfigKeys (ConfUtils.java:logGet(43)) - raft.server.log.queue.byte-limit = 2147483647 (custom)
2019-10-14 10:42:20,290 [pool-217-thread-1] INFO  server.RaftServerConfigKeys (ConfUtils.java:logGet(43)) - raft.server.log.statemachine.data.caching.enabled = true (custom)
2019-10-14 10:42:20,290 [pool-227-thread-1] INFO  server.RaftServerConfigKeys (ConfUtils.java:logGet(43)) - raft.server.log.queue.byte-limit = 2147483647 (custom)
2019-10-14 10:42:20,290 [pool-207-thread-1] INFO  server.RaftServerConfigKeys (ConfUtils.java:logGet(43)) - raft.server.log.queue.element-limit = 1024 (custom)
2019-10-14 10:42:20,291 [pool-227-thread-1] INFO  server.RaftServerConfigKeys (ConfUtils.java:logGet(43)) - raft.server.log.queue.element-limit = 1024 (custom)
2019-10-14 10:42:20,291 [pool-217-thread-1] INFO  segmented.SegmentedRaftLogWorker (SegmentedRaftLogWorker.java:lambda$new$0(128)) - ab25a5f2-cb66-481d-9ac1-849da04a80bc@group-CEA59BAEECCE-SegmentedRaftLogWorker: flushIndex: setUnconditionally 0 -> -1
2019-10-14 10:42:20,291 [pool-227-thread-1] INFO  server.RaftServerConfigKeys (ConfUtils.java:logGet(43)) - raft.server.log.segment.size.max = 1048576 (custom)
2019-10-14 10:42:20,291 [pool-207-thread-1] INFO  server.RaftServerConfigKeys (ConfUtils.java:logGet(43)) - raft.server.log.segment.size.max = 1048576 (custom)
2019-10-14 10:42:20,291 [pool-217-thread-1] INFO  server.RaftServerConfigKeys (ConfUtils.java:logGet(43)) - raft.server.snapshot.auto.trigger.enabled = true (custom)
2019-10-14 10:42:20,291 [pool-227-thread-1] INFO  server.RaftServerConfigKeys (ConfUtils.java:logGet(43)) - raft.server.log.preallocated.size = 16384 (custom)
2019-10-14 10:42:20,291 [pool-217-thread-1] INFO  server.RaftServerConfigKeys (ConfUtils.java:logGet(43)) - raft.server.snapshot.auto.trigger.threshold = 10000 (custom)
2019-10-14 10:42:20,291 [pool-207-thread-1] INFO  server.RaftServerConfigKeys (ConfUtils.java:logGet(43)) - raft.server.log.preallocated.size = 16384 (custom)
2019-10-14 10:42:20,292 [pool-217-thread-1] INFO  server.RaftServerConfigKeys (ConfUtils.java:logGet(43)) - raft.server.snapshot.retention.file.num = 5 (custom)
2019-10-14 10:42:20,292 [pool-227-thread-1] INFO  server.RaftServerConfigKeys (ConfUtils.java:logGet(43)) - raft.server.log.write.buffer.size = 33554432 (custom)
2019-10-14 10:42:20,292 [pool-217-thread-1] INFO  server.RaftServerConfigKeys (ConfUtils.java:logGet(43)) - raft.server.retrycache.expirytime = 600000ms (custom)
2019-10-14 10:42:20,292 [pool-207-thread-1] INFO  server.RaftServerConfigKeys (ConfUtils.java:logGet(43)) - raft.server.log.write.buffer.size = 33554432 (custom)
2019-10-14 10:42:20,292 [pool-227-thread-1] INFO  server.RaftServerConfigKeys (ConfUtils.java:logGet(43)) - raft.server.log.force.sync.num = 128 (default)
2019-10-14 10:42:20,292 [pool-207-thread-1] INFO  server.RaftServerConfigKeys (ConfUtils.java:logGet(43)) - raft.server.log.force.sync.num = 128 (default)
2019-10-14 10:42:20,292 [pool-227-thread-1] INFO  server.RaftServerConfigKeys (ConfUtils.java:logGet(43)) - raft.server.log.statemachine.data.sync = true (default)
2019-10-14 10:42:20,292 [pool-207-thread-1] INFO  server.RaftServerConfigKeys (ConfUtils.java:logGet(43)) - raft.server.log.statemachine.data.sync = true (default)
2019-10-14 10:42:20,293 [pool-227-thread-1] INFO  server.RaftServerConfigKeys (ConfUtils.java:logGet(43)) - raft.server.log.statemachine.data.sync.timeout = 10s (default)
2019-10-14 10:42:20,293 [pool-207-thread-1] INFO  server.RaftServerConfigKeys (ConfUtils.java:logGet(43)) - raft.server.log.statemachine.data.sync.timeout = 10s (default)
2019-10-14 10:42:20,293 [pool-227-thread-1] INFO  server.RaftServerConfigKeys (ConfUtils.java:logGet(43)) - raft.server.log.statemachine.data.sync.timeout.retry = -1 (default)
2019-10-14 10:42:20,293 [pool-207-thread-1] INFO  server.RaftServerConfigKeys (ConfUtils.java:logGet(43)) - raft.server.log.statemachine.data.sync.timeout.retry = -1 (default)
2019-10-14 10:42:20,293 [pool-227-thread-1] INFO  server.RaftServerConfigKeys (ConfUtils.java:logGet(43)) - raft.server.log.statemachine.data.caching.enabled = true (custom)
2019-10-14 10:42:20,293 [pool-217-thread-1] INFO  impl.RaftServerImpl (RaftServerImpl.java:start(181)) - ab25a5f2-cb66-481d-9ac1-849da04a80bc@group-CEA59BAEECCE: start as a follower, conf=-1: [50bac784-5677-491f-b59b-4a4a2fee8033:192.168.151.118:35200, faa5a069-6aa5-438b-8b42-f24c62b85906:192.168.151.118:34787, ab25a5f2-cb66-481d-9ac1-849da04a80bc:192.168.151.118:37353], old=null
2019-10-14 10:42:20,293 [pool-207-thread-1] INFO  server.RaftServerConfigKeys (ConfUtils.java:logGet(43)) - raft.server.log.statemachine.data.caching.enabled = true (custom)
2019-10-14 10:42:20,293 [pool-227-thread-1] INFO  segmented.SegmentedRaftLogWorker (SegmentedRaftLogWorker.java:lambda$new$0(128)) - 50bac784-5677-491f-b59b-4a4a2fee8033@group-CEA59BAEECCE-SegmentedRaftLogWorker: flushIndex: setUnconditionally 0 -> -1
2019-10-14 10:42:20,293 [pool-217-thread-1] INFO  impl.RaftServerImpl (RaftServerImpl.java:setRole(170)) - ab25a5f2-cb66-481d-9ac1-849da04a80bc@group-CEA59BAEECCE: changes role from      null to FOLLOWER at term 0 for startAsFollower
2019-10-14 10:42:20,294 [pool-207-thread-1] INFO  segmented.SegmentedRaftLogWorker (SegmentedRaftLogWorker.java:lambda$new$0(128)) - faa5a069-6aa5-438b-8b42-f24c62b85906@group-CEA59BAEECCE-SegmentedRaftLogWorker: flushIndex: setUnconditionally 0 -> -1
2019-10-14 10:42:20,294 [pool-227-thread-1] INFO  server.RaftServerConfigKeys (ConfUtils.java:logGet(43)) - raft.server.snapshot.auto.trigger.enabled = true (custom)
2019-10-14 10:42:20,294 [pool-217-thread-1] INFO  impl.RoleInfo (RoleInfo.java:updateAndGet(143)) - ab25a5f2-cb66-481d-9ac1-849da04a80bc: start FollowerState
2019-10-14 10:42:20,294 [pool-207-thread-1] INFO  server.RaftServerConfigKeys (ConfUtils.java:logGet(43)) - raft.server.snapshot.auto.trigger.enabled = true (custom)
2019-10-14 10:42:20,294 [pool-227-thread-1] INFO  server.RaftServerConfigKeys (ConfUtils.java:logGet(43)) - raft.server.snapshot.auto.trigger.threshold = 10000 (custom)
2019-10-14 10:42:20,294 [pool-217-thread-1] INFO  util.JmxRegister (JmxRegister.java:tryRegister(44)) - Successfully registered JMX Bean with object name Ratis:service=RaftServer,group=group-CEA59BAEECCE,id=ab25a5f2-cb66-481d-9ac1-849da04a80bc
2019-10-14 10:42:20,294 [pool-207-thread-1] INFO  server.RaftServerConfigKeys (ConfUtils.java:logGet(43)) - raft.server.snapshot.auto.trigger.threshold = 10000 (custom)
2019-10-14 10:42:20,294 [pool-227-thread-1] INFO  server.RaftServerConfigKeys (ConfUtils.java:logGet(43)) - raft.server.snapshot.retention.file.num = 5 (custom)
2019-10-14 10:42:20,295 [pool-207-thread-1] INFO  server.RaftServerConfigKeys (ConfUtils.java:logGet(43)) - raft.server.snapshot.retention.file.num = 5 (custom)
2019-10-14 10:42:20,295 [pool-227-thread-1] INFO  server.RaftServerConfigKeys (ConfUtils.java:logGet(43)) - raft.server.retrycache.expirytime = 600000ms (custom)
2019-10-14 10:42:20,295 [pool-207-thread-1] INFO  server.RaftServerConfigKeys (ConfUtils.java:logGet(43)) - raft.server.retrycache.expirytime = 600000ms (custom)
2019-10-14 10:42:20,300 [pool-227-thread-1] INFO  impl.RaftServerImpl (RaftServerImpl.java:start(181)) - 50bac784-5677-491f-b59b-4a4a2fee8033@group-CEA59BAEECCE: start as a follower, conf=-1: [50bac784-5677-491f-b59b-4a4a2fee8033:192.168.151.118:35200, faa5a069-6aa5-438b-8b42-f24c62b85906:192.168.151.118:34787, ab25a5f2-cb66-481d-9ac1-849da04a80bc:192.168.151.118:37353], old=null
2019-10-14 10:42:20,300 [pool-207-thread-1] INFO  impl.RaftServerImpl (RaftServerImpl.java:start(181)) - faa5a069-6aa5-438b-8b42-f24c62b85906@group-CEA59BAEECCE: start as a follower, conf=-1: [50bac784-5677-491f-b59b-4a4a2fee8033:192.168.151.118:35200, faa5a069-6aa5-438b-8b42-f24c62b85906:192.168.151.118:34787, ab25a5f2-cb66-481d-9ac1-849da04a80bc:192.168.151.118:37353], old=null
2019-10-14 10:42:20,301 [pool-227-thread-1] INFO  impl.RaftServerImpl (RaftServerImpl.java:setRole(170)) - 50bac784-5677-491f-b59b-4a4a2fee8033@group-CEA59BAEECCE: changes role from      null to FOLLOWER at term 0 for startAsFollower
2019-10-14 10:42:20,301 [pool-207-thread-1] INFO  impl.RaftServerImpl (RaftServerImpl.java:setRole(170)) - faa5a069-6aa5-438b-8b42-f24c62b85906@group-CEA59BAEECCE: changes role from      null to FOLLOWER at term 0 for startAsFollower
2019-10-14 10:42:20,301 [pool-227-thread-1] INFO  impl.RoleInfo (RoleInfo.java:updateAndGet(143)) - 50bac784-5677-491f-b59b-4a4a2fee8033: start FollowerState
2019-10-14 10:42:20,301 [IPC Server handler 4 on 45433] INFO  net.NetworkTopology (NetworkTopologyImpl.java:add(111)) - Added a new node: /default-rack/237156bb-0804-4f8e-8978-505822570478
2019-10-14 10:42:20,301 [pool-207-thread-1] INFO  impl.RoleInfo (RoleInfo.java:updateAndGet(143)) - faa5a069-6aa5-438b-8b42-f24c62b85906: start FollowerState
2019-10-14 10:42:20,301 [pool-227-thread-1] INFO  util.JmxRegister (JmxRegister.java:tryRegister(44)) - Successfully registered JMX Bean with object name Ratis:service=RaftServer,group=group-CEA59BAEECCE,id=50bac784-5677-491f-b59b-4a4a2fee8033
2019-10-14 10:42:20,301 [IPC Server handler 4 on 45433] INFO  node.SCMNodeManager (SCMNodeManager.java:register(268)) - Registered Data node : 237156bb-0804-4f8e-8978-505822570478{ip: 192.168.151.118, host: pr-hdds-2296-8rkbz-2376872687, networkLocation: /default-rack, certSerialId: null}
2019-10-14 10:42:20,302 [pool-207-thread-1] INFO  util.JmxRegister (JmxRegister.java:tryRegister(44)) - Successfully registered JMX Bean with object name Ratis:service=RaftServer,group=group-CEA59BAEECCE,id=faa5a069-6aa5-438b-8b42-f24c62b85906
2019-10-14 10:42:20,308 [RatisPipelineUtilsThread] INFO  pipeline.PipelineStateManager (PipelineStateManager.java:addPipeline(56)) - Created pipeline Pipeline[ Id: a6937e34-a561-4bef-ae0c-cea59baeecce, Nodes: faa5a069-6aa5-438b-8b42-f24c62b85906{ip: 192.168.151.118, host: pr-hdds-2296-8rkbz-2376872687, networkLocation: /default-rack, certSerialId: null}ab25a5f2-cb66-481d-9ac1-849da04a80bc{ip: 192.168.151.118, host: pr-hdds-2296-8rkbz-2376872687, networkLocation: /default-rack, certSerialId: null}50bac784-5677-491f-b59b-4a4a2fee8033{ip: 192.168.151.118, host: pr-hdds-2296-8rkbz-2376872687, networkLocation: /default-rack, certSerialId: null}, Type:RATIS, Factor:THREE, State:OPEN]
2019-10-14 10:42:20,357 [IPC Server handler 3 on 45433] INFO  net.NetworkTopology (NetworkTopologyImpl.java:add(111)) - Added a new node: /default-rack/67786a1d-245a-4cc3-a919-512758d2869e
2019-10-14 10:42:20,357 [IPC Server handler 3 on 45433] INFO  node.SCMNodeManager (SCMNodeManager.java:register(268)) - Registered Data node : 67786a1d-245a-4cc3-a919-512758d2869e{ip: 192.168.151.118, host: pr-hdds-2296-8rkbz-2376872687, networkLocation: /default-rack, certSerialId: null}
2019-10-14 10:42:20,367 [grpc-default-executor-4] INFO  impl.RaftServerProxy (RaftServerProxy.java:addNew(89)) - c87e9ba7-0ab7-42f5-9c23-8303171a75c1: addNew group-5C7668669D07:[c87e9ba7-0ab7-42f5-9c23-8303171a75c1:192.168.151.118:36373] returns group-5C7668669D07:java.util.concurrent.CompletableFuture@7d4f2565[Not completed]
2019-10-14 10:42:20,371 [pool-237-thread-1] INFO  impl.RaftServerImpl (RaftServerImpl.java:<init>(95)) - c87e9ba7-0ab7-42f5-9c23-8303171a75c1: new RaftServerImpl for group-5C7668669D07:[c87e9ba7-0ab7-42f5-9c23-8303171a75c1:192.168.151.118:36373] with ContainerStateMachine:uninitialized
2019-10-14 10:42:20,372 [pool-237-thread-1] INFO  server.RaftServerConfigKeys (ConfUtils.java:logGet(43)) - raft.server.rpc.timeout.min = 5s (custom)
2019-10-14 10:42:20,372 [pool-237-thread-1] INFO  server.RaftServerConfigKeys (ConfUtils.java:logGet(43)) - raft.server.rpc.timeout.max = 5200ms (custom)
2019-10-14 10:42:20,372 [pool-237-thread-1] INFO  server.RaftServerConfigKeys (ConfUtils.java:logGet(43)) - raft.server.rpcslowness.timeout = 120s (custom)
2019-10-14 10:42:20,372 [pool-237-thread-1] INFO  server.RaftServerConfigKeys (ConfUtils.java:logGet(43)) - raft.server.sleep.deviation.threshold = 300 (default)
2019-10-14 10:42:20,372 [pool-237-thread-1] INFO  server.RaftServerConfigKeys (ConfUtils.java:logGet(43)) - raft.server.log.appender.install.snapshot.enabled = false (custom)
2019-10-14 10:42:20,372 [pool-237-thread-1] INFO  impl.RaftServerImpl (ServerState.java:<init>(103)) - c87e9ba7-0ab7-42f5-9c23-8303171a75c1@group-5C7668669D07: ConfigurationManager, init=-1: [c87e9ba7-0ab7-42f5-9c23-8303171a75c1:192.168.151.118:36373], old=null, confs=<EMPTY_MAP>
2019-10-14 10:42:20,373 [pool-237-thread-1] INFO  server.RaftServerConfigKeys (ConfUtils.java:logGet(43)) - raft.server.storage.dir = [/workdir/hadoop-ozone/integration-test/target/test-dir/MiniOzoneClusterImpl-b84ab8c1-3d8e-4d54-8bf3-5dd7b4c80550/datanode-3/data/ratis] (custom)
2019-10-14 10:42:20,373 [pool-237-thread-1] INFO  server.RaftServerConfigKeys (ConfUtils.java:logGet(43)) - raft.server.log.corruption.policy = EXCEPTION (default)
2019-10-14 10:42:20,373 [pool-237-thread-1] INFO  storage.RaftStorageDirectory (RaftStorageDirectory.java:analyzeStorage(246)) - The storage directory /workdir/hadoop-ozone/integration-test/target/test-dir/MiniOzoneClusterImpl-b84ab8c1-3d8e-4d54-8bf3-5dd7b4c80550/datanode-3/data/ratis/e02da475-0331-47b2-b5bf-5c7668669d07 does not exist. Creating ...
2019-10-14 10:42:20,391 [pool-237-thread-1] INFO  storage.RaftStorageDirectory (RaftStorageDirectory.java:tryLock(328)) - Lock on /workdir/hadoop-ozone/integration-test/target/test-dir/MiniOzoneClusterImpl-b84ab8c1-3d8e-4d54-8bf3-5dd7b4c80550/datanode-3/data/ratis/e02da475-0331-47b2-b5bf-5c7668669d07/in_use.lock acquired by nodename 26737@pr-hdds-2296-8rkbz-2376872687
2019-10-14 10:42:20,405 [pool-237-thread-1] INFO  storage.RaftStorage (RaftStorage.java:format(84)) - Storage directory /workdir/hadoop-ozone/integration-test/target/test-dir/MiniOzoneClusterImpl-b84ab8c1-3d8e-4d54-8bf3-5dd7b4c80550/datanode-3/data/ratis/e02da475-0331-47b2-b5bf-5c7668669d07 has been successfully formatted.
2019-10-14 10:42:20,405 [pool-237-thread-1] INFO  ratis.ContainerStateMachine (ContainerStateMachine.java:loadSnapshot(231)) - group-5C7668669D07: The snapshot info is null. Setting the last applied indexto:(t:0, i:~)
2019-10-14 10:42:20,405 [pool-237-thread-1] INFO  server.RaftServerConfigKeys (ConfUtils.java:logGet(43)) - raft.server.notification.no-leader.timeout = 120s (custom)
2019-10-14 10:42:20,406 [pool-237-thread-1] INFO  server.RaftServerConfigKeys (ConfUtils.java:logGet(43)) - raft.server.log.use.memory = false (default)
2019-10-14 10:42:20,406 [pool-237-thread-1] INFO  server.RaftServerConfigKeys (ConfUtils.java:logGet(43)) - raft.server.log.purge.gap = 1000000 (custom)
2019-10-14 10:42:20,406 [pool-237-thread-1] INFO  server.RaftServerConfigKeys (ConfUtils.java:logGet(43)) - raft.server.log.appender.buffer.byte-limit = 33554432 (custom)
2019-10-14 10:42:20,406 [pool-237-thread-1] INFO  server.RaftServerConfigKeys (ConfUtils.java:logGet(43)) - raft.server.log.segment.size.max = 1048576 (custom)
2019-10-14 10:42:20,408 [pool-237-thread-1] INFO  server.RaftServerConfigKeys (ConfUtils.java:logGet(43)) - raft.server.log.segment.cache.num.max = 2 (custom)
2019-10-14 10:42:20,408 [pool-237-thread-1] INFO  segmented.SegmentedRaftLogWorker (SegmentedRaftLogWorker.java:<init>(173)) - new c87e9ba7-0ab7-42f5-9c23-8303171a75c1@group-5C7668669D07-SegmentedRaftLogWorker for RaftStorage:Storage Directory /workdir/hadoop-ozone/integration-test/target/test-dir/MiniOzoneClusterImpl-b84ab8c1-3d8e-4d54-8bf3-5dd7b4c80550/datanode-3/data/ratis/e02da475-0331-47b2-b5bf-5c7668669d07
2019-10-14 10:42:20,408 [pool-237-thread-1] INFO  server.RaftServerConfigKeys (ConfUtils.java:logGet(43)) - raft.server.log.queue.byte-limit = 2147483647 (custom)
2019-10-14 10:42:20,408 [pool-237-thread-1] INFO  server.RaftServerConfigKeys (ConfUtils.java:logGet(43)) - raft.server.log.queue.element-limit = 1024 (custom)
2019-10-14 10:42:20,408 [pool-237-thread-1] INFO  server.RaftServerConfigKeys (ConfUtils.java:logGet(43)) - raft.server.log.segment.size.max = 1048576 (custom)
2019-10-14 10:42:20,409 [pool-237-thread-1] INFO  server.RaftServerConfigKeys (ConfUtils.java:logGet(43)) - raft.server.log.preallocated.size = 16384 (custom)
2019-10-14 10:42:20,409 [pool-237-thread-1] INFO  server.RaftServerConfigKeys (ConfUtils.java:logGet(43)) - raft.server.log.write.buffer.size = 33554432 (custom)
2019-10-14 10:42:20,409 [pool-237-thread-1] INFO  server.RaftServerConfigKeys (ConfUtils.java:logGet(43)) - raft.server.log.force.sync.num = 128 (default)
2019-10-14 10:42:20,409 [pool-237-thread-1] INFO  server.RaftServerConfigKeys (ConfUtils.java:logGet(43)) - raft.server.log.statemachine.data.sync = true (default)
2019-10-14 10:42:20,409 [pool-237-thread-1] INFO  server.RaftServerConfigKeys (ConfUtils.java:logGet(43)) - raft.server.log.statemachine.data.sync.timeout = 10s (default)
2019-10-14 10:42:20,409 [pool-237-thread-1] INFO  server.RaftServerConfigKeys (ConfUtils.java:logGet(43)) - raft.server.log.statemachine.data.sync.timeout.retry = -1 (default)
2019-10-14 10:42:20,410 [pool-237-thread-1] INFO  server.RaftServerConfigKeys (ConfUtils.java:logGet(43)) - raft.server.log.statemachine.data.caching.enabled = true (custom)
2019-10-14 10:42:20,410 [pool-237-thread-1] INFO  segmented.SegmentedRaftLogWorker (SegmentedRaftLogWorker.java:lambda$new$0(128)) - c87e9ba7-0ab7-42f5-9c23-8303171a75c1@group-5C7668669D07-SegmentedRaftLogWorker: flushIndex: setUnconditionally 0 -> -1
2019-10-14 10:42:20,410 [pool-237-thread-1] INFO  server.RaftServerConfigKeys (ConfUtils.java:logGet(43)) - raft.server.snapshot.auto.trigger.enabled = true (custom)
2019-10-14 10:42:20,410 [pool-237-thread-1] INFO  server.RaftServerConfigKeys (ConfUtils.java:logGet(43)) - raft.server.snapshot.auto.trigger.threshold = 10000 (custom)
2019-10-14 10:42:20,410 [pool-237-thread-1] INFO  server.RaftServerConfigKeys (ConfUtils.java:logGet(43)) - raft.server.snapshot.retention.file.num = 5 (custom)
2019-10-14 10:42:20,411 [pool-237-thread-1] INFO  server.RaftServerConfigKeys (ConfUtils.java:logGet(43)) - raft.server.retrycache.expirytime = 600000ms (custom)
2019-10-14 10:42:20,412 [pool-237-thread-1] INFO  impl.RaftServerImpl (RaftServerImpl.java:start(181)) - c87e9ba7-0ab7-42f5-9c23-8303171a75c1@group-5C7668669D07: start as a follower, conf=-1: [c87e9ba7-0ab7-42f5-9c23-8303171a75c1:192.168.151.118:36373], old=null
2019-10-14 10:42:20,412 [pool-237-thread-1] INFO  impl.RaftServerImpl (RaftServerImpl.java:setRole(170)) - c87e9ba7-0ab7-42f5-9c23-8303171a75c1@group-5C7668669D07: changes role from      null to FOLLOWER at term 0 for startAsFollower
2019-10-14 10:42:20,413 [pool-237-thread-1] INFO  impl.RoleInfo (RoleInfo.java:updateAndGet(143)) - c87e9ba7-0ab7-42f5-9c23-8303171a75c1: start FollowerState
2019-10-14 10:42:20,413 [pool-237-thread-1] INFO  util.JmxRegister (JmxRegister.java:tryRegister(44)) - Successfully registered JMX Bean with object name Ratis:service=RaftServer,group=group-5C7668669D07,id=c87e9ba7-0ab7-42f5-9c23-8303171a75c1
2019-10-14 10:42:20,414 [main] INFO  ozone.MiniOzoneClusterImpl (MiniOzoneClusterImpl.java:lambda$waitForClusterToBeReady$0(147)) - Waiting for cluster to be ready. Got 6 of 7 DN Heartbeats.
2019-10-14 10:42:20,414 [IPC Server handler 1 on 45433] INFO  net.NetworkTopology (NetworkTopologyImpl.java:add(111)) - Added a new node: /default-rack/bec337c1-fd65-4575-af37-df6bd2bbc527
2019-10-14 10:42:20,414 [IPC Server handler 1 on 45433] INFO  node.SCMNodeManager (SCMNodeManager.java:register(268)) - Registered Data node : bec337c1-fd65-4575-af37-df6bd2bbc527{ip: 192.168.151.118, host: pr-hdds-2296-8rkbz-2376872687, networkLocation: /default-rack, certSerialId: null}
2019-10-14 10:42:20,420 [RatisPipelineUtilsThread] INFO  pipeline.PipelineStateManager (PipelineStateManager.java:addPipeline(56)) - Created pipeline Pipeline[ Id: e02da475-0331-47b2-b5bf-5c7668669d07, Nodes: c87e9ba7-0ab7-42f5-9c23-8303171a75c1{ip: 192.168.151.118, host: pr-hdds-2296-8rkbz-2376872687, networkLocation: /default-rack, certSerialId: null}, Type:RATIS, Factor:ONE, State:OPEN]
2019-10-14 10:42:20,429 [grpc-default-executor-4] INFO  impl.RaftServerProxy (RaftServerProxy.java:addNew(89)) - bec337c1-fd65-4575-af37-df6bd2bbc527: addNew group-4B92BE1C046C:[bec337c1-fd65-4575-af37-df6bd2bbc527:192.168.151.118:46495] returns group-4B92BE1C046C:java.util.concurrent.CompletableFuture@6e27e6b4[Not completed]
2019-10-14 10:42:20,430 [pool-267-thread-1] INFO  impl.RaftServerImpl (RaftServerImpl.java:<init>(95)) - bec337c1-fd65-4575-af37-df6bd2bbc527: new RaftServerImpl for group-4B92BE1C046C:[bec337c1-fd65-4575-af37-df6bd2bbc527:192.168.151.118:46495] with ContainerStateMachine:uninitialized
2019-10-14 10:42:20,430 [pool-267-thread-1] INFO  server.RaftServerConfigKeys (ConfUtils.java:logGet(43)) - raft.server.rpc.timeout.min = 5s (custom)
2019-10-14 10:42:20,430 [pool-267-thread-1] INFO  server.RaftServerConfigKeys (ConfUtils.java:logGet(43)) - raft.server.rpc.timeout.max = 5200ms (custom)
2019-10-14 10:42:20,430 [pool-267-thread-1] INFO  server.RaftServerConfigKeys (ConfUtils.java:logGet(43)) - raft.server.rpcslowness.timeout = 120s (custom)
2019-10-14 10:42:20,431 [pool-267-thread-1] INFO  server.RaftServerConfigKeys (ConfUtils.java:logGet(43)) - raft.server.sleep.deviation.threshold = 300 (default)
2019-10-14 10:42:20,431 [pool-267-thread-1] INFO  server.RaftServerConfigKeys (ConfUtils.java:logGet(43)) - raft.server.log.appender.install.snapshot.enabled = false (custom)
2019-10-14 10:42:20,431 [pool-267-thread-1] INFO  impl.RaftServerImpl (ServerState.java:<init>(103)) - bec337c1-fd65-4575-af37-df6bd2bbc527@group-4B92BE1C046C: ConfigurationManager, init=-1: [bec337c1-fd65-4575-af37-df6bd2bbc527:192.168.151.118:46495], old=null, confs=<EMPTY_MAP>
2019-10-14 10:42:20,431 [pool-267-thread-1] INFO  server.RaftServerConfigKeys (ConfUtils.java:logGet(43)) - raft.server.storage.dir = [/workdir/hadoop-ozone/integration-test/target/test-dir/MiniOzoneClusterImpl-b84ab8c1-3d8e-4d54-8bf3-5dd7b4c80550/datanode-6/data/ratis] (custom)
2019-10-14 10:42:20,431 [pool-267-thread-1] INFO  server.RaftServerConfigKeys (ConfUtils.java:logGet(43)) - raft.server.log.corruption.policy = EXCEPTION (default)
2019-10-14 10:42:20,431 [pool-267-thread-1] INFO  storage.RaftStorageDirectory (RaftStorageDirectory.java:analyzeStorage(246)) - The storage directory /workdir/hadoop-ozone/integration-test/target/test-dir/MiniOzoneClusterImpl-b84ab8c1-3d8e-4d54-8bf3-5dd7b4c80550/datanode-6/data/ratis/60004f26-90bf-4571-8d69-4b92be1c046c does not exist. Creating ...
2019-10-14 10:42:20,444 [pool-267-thread-1] INFO  storage.RaftStorageDirectory (RaftStorageDirectory.java:tryLock(328)) - Lock on /workdir/hadoop-ozone/integration-test/target/test-dir/MiniOzoneClusterImpl-b84ab8c1-3d8e-4d54-8bf3-5dd7b4c80550/datanode-6/data/ratis/60004f26-90bf-4571-8d69-4b92be1c046c/in_use.lock acquired by nodename 26737@pr-hdds-2296-8rkbz-2376872687
2019-10-14 10:42:20,457 [pool-267-thread-1] INFO  storage.RaftStorage (RaftStorage.java:format(84)) - Storage directory /workdir/hadoop-ozone/integration-test/target/test-dir/MiniOzoneClusterImpl-b84ab8c1-3d8e-4d54-8bf3-5dd7b4c80550/datanode-6/data/ratis/60004f26-90bf-4571-8d69-4b92be1c046c has been successfully formatted.
2019-10-14 10:42:20,457 [pool-267-thread-1] INFO  ratis.ContainerStateMachine (ContainerStateMachine.java:loadSnapshot(231)) - group-4B92BE1C046C: The snapshot info is null. Setting the last applied indexto:(t:0, i:~)
2019-10-14 10:42:20,457 [pool-267-thread-1] INFO  server.RaftServerConfigKeys (ConfUtils.java:logGet(43)) - raft.server.notification.no-leader.timeout = 120s (custom)
2019-10-14 10:42:20,457 [pool-267-thread-1] INFO  server.RaftServerConfigKeys (ConfUtils.java:logGet(43)) - raft.server.log.use.memory = false (default)
2019-10-14 10:42:20,458 [pool-267-thread-1] INFO  server.RaftServerConfigKeys (ConfUtils.java:logGet(43)) - raft.server.log.purge.gap = 1000000 (custom)
2019-10-14 10:42:20,458 [pool-267-thread-1] INFO  server.RaftServerConfigKeys (ConfUtils.java:logGet(43)) - raft.server.log.appender.buffer.byte-limit = 33554432 (custom)
2019-10-14 10:42:20,458 [pool-267-thread-1] INFO  server.RaftServerConfigKeys (ConfUtils.java:logGet(43)) - raft.server.log.segment.size.max = 1048576 (custom)
2019-10-14 10:42:20,459 [pool-267-thread-1] INFO  server.RaftServerConfigKeys (ConfUtils.java:logGet(43)) - raft.server.log.segment.cache.num.max = 2 (custom)
2019-10-14 10:42:20,459 [pool-267-thread-1] INFO  segmented.SegmentedRaftLogWorker (SegmentedRaftLogWorker.java:<init>(173)) - new bec337c1-fd65-4575-af37-df6bd2bbc527@group-4B92BE1C046C-SegmentedRaftLogWorker for RaftStorage:Storage Directory /workdir/hadoop-ozone/integration-test/target/test-dir/MiniOzoneClusterImpl-b84ab8c1-3d8e-4d54-8bf3-5dd7b4c80550/datanode-6/data/ratis/60004f26-90bf-4571-8d69-4b92be1c046c
2019-10-14 10:42:20,459 [pool-267-thread-1] INFO  server.RaftServerConfigKeys (ConfUtils.java:logGet(43)) - raft.server.log.queue.byte-limit = 2147483647 (custom)
2019-10-14 10:42:20,459 [pool-267-thread-1] INFO  server.RaftServerConfigKeys (ConfUtils.java:logGet(43)) - raft.server.log.queue.element-limit = 1024 (custom)
2019-10-14 10:42:20,460 [pool-267-thread-1] INFO  server.RaftServerConfigKeys (ConfUtils.java:logGet(43)) - raft.server.log.segment.size.max = 1048576 (custom)
2019-10-14 10:42:20,460 [pool-267-thread-1] INFO  server.RaftServerConfigKeys (ConfUtils.java:logGet(43)) - raft.server.log.preallocated.size = 16384 (custom)
2019-10-14 10:42:20,460 [pool-267-thread-1] INFO  server.RaftServerConfigKeys (ConfUtils.java:logGet(43)) - raft.server.log.write.buffer.size = 33554432 (custom)
2019-10-14 10:42:20,460 [pool-267-thread-1] INFO  server.RaftServerConfigKeys (ConfUtils.java:logGet(43)) - raft.server.log.force.sync.num = 128 (default)
2019-10-14 10:42:20,460 [pool-267-thread-1] INFO  server.RaftServerConfigKeys (ConfUtils.java:logGet(43)) - raft.server.log.statemachine.data.sync = true (default)
2019-10-14 10:42:20,460 [pool-267-thread-1] INFO  server.RaftServerConfigKeys (ConfUtils.java:logGet(43)) - raft.server.log.statemachine.data.sync.timeout = 10s (default)
2019-10-14 10:42:20,460 [pool-267-thread-1] INFO  server.RaftServerConfigKeys (ConfUtils.java:logGet(43)) - raft.server.log.statemachine.data.sync.timeout.retry = -1 (default)
2019-10-14 10:42:20,460 [pool-267-thread-1] INFO  server.RaftServerConfigKeys (ConfUtils.java:logGet(43)) - raft.server.log.statemachine.data.caching.enabled = true (custom)
2019-10-14 10:42:20,461 [pool-267-thread-1] INFO  segmented.SegmentedRaftLogWorker (SegmentedRaftLogWorker.java:lambda$new$0(128)) - bec337c1-fd65-4575-af37-df6bd2bbc527@group-4B92BE1C046C-SegmentedRaftLogWorker: flushIndex: setUnconditionally 0 -> -1
2019-10-14 10:42:20,461 [pool-267-thread-1] INFO  server.RaftServerConfigKeys (ConfUtils.java:logGet(43)) - raft.server.snapshot.auto.trigger.enabled = true (custom)
2019-10-14 10:42:20,461 [pool-267-thread-1] INFO  server.RaftServerConfigKeys (ConfUtils.java:logGet(43)) - raft.server.snapshot.auto.trigger.threshold = 10000 (custom)
2019-10-14 10:42:20,461 [pool-267-thread-1] INFO  server.RaftServerConfigKeys (ConfUtils.java:logGet(43)) - raft.server.snapshot.retention.file.num = 5 (custom)
2019-10-14 10:42:20,461 [pool-267-thread-1] INFO  server.RaftServerConfigKeys (ConfUtils.java:logGet(43)) - raft.server.retrycache.expirytime = 600000ms (custom)
2019-10-14 10:42:20,462 [pool-267-thread-1] INFO  impl.RaftServerImpl (RaftServerImpl.java:start(181)) - bec337c1-fd65-4575-af37-df6bd2bbc527@group-4B92BE1C046C: start as a follower, conf=-1: [bec337c1-fd65-4575-af37-df6bd2bbc527:192.168.151.118:46495], old=null
2019-10-14 10:42:20,462 [pool-267-thread-1] INFO  impl.RaftServerImpl (RaftServerImpl.java:setRole(170)) - bec337c1-fd65-4575-af37-df6bd2bbc527@group-4B92BE1C046C: changes role from      null to FOLLOWER at term 0 for startAsFollower
2019-10-14 10:42:20,463 [pool-267-thread-1] INFO  impl.RoleInfo (RoleInfo.java:updateAndGet(143)) - bec337c1-fd65-4575-af37-df6bd2bbc527: start FollowerState
2019-10-14 10:42:20,463 [pool-267-thread-1] INFO  util.JmxRegister (JmxRegister.java:tryRegister(44)) - Successfully registered JMX Bean with object name Ratis:service=RaftServer,group=group-4B92BE1C046C,id=bec337c1-fd65-4575-af37-df6bd2bbc527
2019-10-14 10:42:20,469 [RatisPipelineUtilsThread] INFO  pipeline.PipelineStateManager (PipelineStateManager.java:addPipeline(56)) - Created pipeline Pipeline[ Id: 60004f26-90bf-4571-8d69-4b92be1c046c, Nodes: bec337c1-fd65-4575-af37-df6bd2bbc527{ip: 192.168.151.118, host: pr-hdds-2296-8rkbz-2376872687, networkLocation: /default-rack, certSerialId: null}, Type:RATIS, Factor:ONE, State:OPEN]
2019-10-14 10:42:20,480 [grpc-default-executor-4] INFO  impl.RaftServerProxy (RaftServerProxy.java:addNew(89)) - 67786a1d-245a-4cc3-a919-512758d2869e: addNew group-BAA733B39994:[67786a1d-245a-4cc3-a919-512758d2869e:192.168.151.118:44136] returns group-BAA733B39994:java.util.concurrent.CompletableFuture@7149c8b3[Not completed]
2019-10-14 10:42:20,481 [pool-257-thread-1] INFO  impl.RaftServerImpl (RaftServerImpl.java:<init>(95)) - 67786a1d-245a-4cc3-a919-512758d2869e: new RaftServerImpl for group-BAA733B39994:[67786a1d-245a-4cc3-a919-512758d2869e:192.168.151.118:44136] with ContainerStateMachine:uninitialized
2019-10-14 10:42:20,482 [pool-257-thread-1] INFO  server.RaftServerConfigKeys (ConfUtils.java:logGet(43)) - raft.server.rpc.timeout.min = 5s (custom)
2019-10-14 10:42:20,482 [pool-257-thread-1] INFO  server.RaftServerConfigKeys (ConfUtils.java:logGet(43)) - raft.server.rpc.timeout.max = 5200ms (custom)
2019-10-14 10:42:20,482 [pool-257-thread-1] INFO  server.RaftServerConfigKeys (ConfUtils.java:logGet(43)) - raft.server.rpcslowness.timeout = 120s (custom)
2019-10-14 10:42:20,482 [pool-257-thread-1] INFO  server.RaftServerConfigKeys (ConfUtils.java:logGet(43)) - raft.server.sleep.deviation.threshold = 300 (default)
2019-10-14 10:42:20,482 [pool-257-thread-1] INFO  server.RaftServerConfigKeys (ConfUtils.java:logGet(43)) - raft.server.log.appender.install.snapshot.enabled = false (custom)
2019-10-14 10:42:20,482 [pool-257-thread-1] INFO  impl.RaftServerImpl (ServerState.java:<init>(103)) - 67786a1d-245a-4cc3-a919-512758d2869e@group-BAA733B39994: ConfigurationManager, init=-1: [67786a1d-245a-4cc3-a919-512758d2869e:192.168.151.118:44136], old=null, confs=<EMPTY_MAP>
2019-10-14 10:42:20,482 [pool-257-thread-1] INFO  server.RaftServerConfigKeys (ConfUtils.java:logGet(43)) - raft.server.storage.dir = [/workdir/hadoop-ozone/integration-test/target/test-dir/MiniOzoneClusterImpl-b84ab8c1-3d8e-4d54-8bf3-5dd7b4c80550/datanode-5/data/ratis] (custom)
2019-10-14 10:42:20,483 [pool-257-thread-1] INFO  server.RaftServerConfigKeys (ConfUtils.java:logGet(43)) - raft.server.log.corruption.policy = EXCEPTION (default)
2019-10-14 10:42:20,483 [pool-257-thread-1] INFO  storage.RaftStorageDirectory (RaftStorageDirectory.java:analyzeStorage(246)) - The storage directory /workdir/hadoop-ozone/integration-test/target/test-dir/MiniOzoneClusterImpl-b84ab8c1-3d8e-4d54-8bf3-5dd7b4c80550/datanode-5/data/ratis/616e5d8d-06ab-47dd-8009-baa733b39994 does not exist. Creating ...
2019-10-14 10:42:20,496 [pool-257-thread-1] INFO  storage.RaftStorageDirectory (RaftStorageDirectory.java:tryLock(328)) - Lock on /workdir/hadoop-ozone/integration-test/target/test-dir/MiniOzoneClusterImpl-b84ab8c1-3d8e-4d54-8bf3-5dd7b4c80550/datanode-5/data/ratis/616e5d8d-06ab-47dd-8009-baa733b39994/in_use.lock acquired by nodename 26737@pr-hdds-2296-8rkbz-2376872687
2019-10-14 10:42:20,509 [pool-257-thread-1] INFO  storage.RaftStorage (RaftStorage.java:format(84)) - Storage directory /workdir/hadoop-ozone/integration-test/target/test-dir/MiniOzoneClusterImpl-b84ab8c1-3d8e-4d54-8bf3-5dd7b4c80550/datanode-5/data/ratis/616e5d8d-06ab-47dd-8009-baa733b39994 has been successfully formatted.
2019-10-14 10:42:20,509 [pool-257-thread-1] INFO  ratis.ContainerStateMachine (ContainerStateMachine.java:loadSnapshot(231)) - group-BAA733B39994: The snapshot info is null. Setting the last applied indexto:(t:0, i:~)
2019-10-14 10:42:20,510 [pool-257-thread-1] INFO  server.RaftServerConfigKeys (ConfUtils.java:logGet(43)) - raft.server.notification.no-leader.timeout = 120s (custom)
2019-10-14 10:42:20,510 [pool-257-thread-1] INFO  server.RaftServerConfigKeys (ConfUtils.java:logGet(43)) - raft.server.log.use.memory = false (default)
2019-10-14 10:42:20,510 [pool-257-thread-1] INFO  server.RaftServerConfigKeys (ConfUtils.java:logGet(43)) - raft.server.log.purge.gap = 1000000 (custom)
2019-10-14 10:42:20,510 [pool-257-thread-1] INFO  server.RaftServerConfigKeys (ConfUtils.java:logGet(43)) - raft.server.log.appender.buffer.byte-limit = 33554432 (custom)
2019-10-14 10:42:20,510 [pool-257-thread-1] INFO  server.RaftServerConfigKeys (ConfUtils.java:logGet(43)) - raft.server.log.segment.size.max = 1048576 (custom)
2019-10-14 10:42:20,511 [pool-257-thread-1] INFO  server.RaftServerConfigKeys (ConfUtils.java:logGet(43)) - raft.server.log.segment.cache.num.max = 2 (custom)
2019-10-14 10:42:20,511 [pool-257-thread-1] INFO  segmented.SegmentedRaftLogWorker (SegmentedRaftLogWorker.java:<init>(173)) - new 67786a1d-245a-4cc3-a919-512758d2869e@group-BAA733B39994-SegmentedRaftLogWorker for RaftStorage:Storage Directory /workdir/hadoop-ozone/integration-test/target/test-dir/MiniOzoneClusterImpl-b84ab8c1-3d8e-4d54-8bf3-5dd7b4c80550/datanode-5/data/ratis/616e5d8d-06ab-47dd-8009-baa733b39994
2019-10-14 10:42:20,512 [pool-257-thread-1] INFO  server.RaftServerConfigKeys (ConfUtils.java:logGet(43)) - raft.server.log.queue.byte-limit = 2147483647 (custom)
2019-10-14 10:42:20,512 [pool-257-thread-1] INFO  server.RaftServerConfigKeys (ConfUtils.java:logGet(43)) - raft.server.log.queue.element-limit = 1024 (custom)
2019-10-14 10:42:20,512 [pool-257-thread-1] INFO  server.RaftServerConfigKeys (ConfUtils.java:logGet(43)) - raft.server.log.segment.size.max = 1048576 (custom)
2019-10-14 10:42:20,512 [pool-257-thread-1] INFO  server.RaftServerConfigKeys (ConfUtils.java:logGet(43)) - raft.server.log.preallocated.size = 16384 (custom)
2019-10-14 10:42:20,512 [pool-257-thread-1] INFO  server.RaftServerConfigKeys (ConfUtils.java:logGet(43)) - raft.server.log.write.buffer.size = 33554432 (custom)
2019-10-14 10:42:20,512 [pool-257-thread-1] INFO  server.RaftServerConfigKeys (ConfUtils.java:logGet(43)) - raft.server.log.force.sync.num = 128 (default)
2019-10-14 10:42:20,512 [pool-257-thread-1] INFO  server.RaftServerConfigKeys (ConfUtils.java:logGet(43)) - raft.server.log.statemachine.data.sync = true (default)
2019-10-14 10:42:20,512 [pool-257-thread-1] INFO  server.RaftServerConfigKeys (ConfUtils.java:logGet(43)) - raft.server.log.statemachine.data.sync.timeout = 10s (default)
2019-10-14 10:42:20,512 [pool-257-thread-1] INFO  server.RaftServerConfigKeys (ConfUtils.java:logGet(43)) - raft.server.log.statemachine.data.sync.timeout.retry = -1 (default)
2019-10-14 10:42:20,513 [pool-257-thread-1] INFO  server.RaftServerConfigKeys (ConfUtils.java:logGet(43)) - raft.server.log.statemachine.data.caching.enabled = true (custom)
2019-10-14 10:42:20,513 [pool-257-thread-1] INFO  segmented.SegmentedRaftLogWorker (SegmentedRaftLogWorker.java:lambda$new$0(128)) - 67786a1d-245a-4cc3-a919-512758d2869e@group-BAA733B39994-SegmentedRaftLogWorker: flushIndex: setUnconditionally 0 -> -1
2019-10-14 10:42:20,513 [pool-257-thread-1] INFO  server.RaftServerConfigKeys (ConfUtils.java:logGet(43)) - raft.server.snapshot.auto.trigger.enabled = true (custom)
2019-10-14 10:42:20,514 [pool-257-thread-1] INFO  server.RaftServerConfigKeys (ConfUtils.java:logGet(43)) - raft.server.snapshot.auto.trigger.threshold = 10000 (custom)
2019-10-14 10:42:20,514 [pool-257-thread-1] INFO  server.RaftServerConfigKeys (ConfUtils.java:logGet(43)) - raft.server.snapshot.retention.file.num = 5 (custom)
2019-10-14 10:42:20,514 [pool-257-thread-1] INFO  server.RaftServerConfigKeys (ConfUtils.java:logGet(43)) - raft.server.retrycache.expirytime = 600000ms (custom)
2019-10-14 10:42:20,515 [pool-257-thread-1] INFO  impl.RaftServerImpl (RaftServerImpl.java:start(181)) - 67786a1d-245a-4cc3-a919-512758d2869e@group-BAA733B39994: start as a follower, conf=-1: [67786a1d-245a-4cc3-a919-512758d2869e:192.168.151.118:44136], old=null
2019-10-14 10:42:20,515 [pool-257-thread-1] INFO  impl.RaftServerImpl (RaftServerImpl.java:setRole(170)) - 67786a1d-245a-4cc3-a919-512758d2869e@group-BAA733B39994: changes role from      null to FOLLOWER at term 0 for startAsFollower
2019-10-14 10:42:20,515 [pool-257-thread-1] INFO  impl.RoleInfo (RoleInfo.java:updateAndGet(143)) - 67786a1d-245a-4cc3-a919-512758d2869e: start FollowerState
2019-10-14 10:42:20,516 [pool-257-thread-1] INFO  util.JmxRegister (JmxRegister.java:tryRegister(44)) - Successfully registered JMX Bean with object name Ratis:service=RaftServer,group=group-BAA733B39994,id=67786a1d-245a-4cc3-a919-512758d2869e
2019-10-14 10:42:20,522 [RatisPipelineUtilsThread] INFO  pipeline.PipelineStateManager (PipelineStateManager.java:addPipeline(56)) - Created pipeline Pipeline[ Id: 616e5d8d-06ab-47dd-8009-baa733b39994, Nodes: 67786a1d-245a-4cc3-a919-512758d2869e{ip: 192.168.151.118, host: pr-hdds-2296-8rkbz-2376872687, networkLocation: /default-rack, certSerialId: null}, Type:RATIS, Factor:ONE, State:OPEN]
2019-10-14 10:42:20,534 [grpc-default-executor-4] INFO  impl.RaftServerProxy (RaftServerProxy.java:addNew(89)) - 237156bb-0804-4f8e-8978-505822570478: addNew group-D54C93C84480:[237156bb-0804-4f8e-8978-505822570478:192.168.151.118:44793] returns group-D54C93C84480:java.util.concurrent.CompletableFuture@7809ff84[Not completed]
2019-10-14 10:42:20,537 [pool-247-thread-1] INFO  impl.RaftServerImpl (RaftServerImpl.java:<init>(95)) - 237156bb-0804-4f8e-8978-505822570478: new RaftServerImpl for group-D54C93C84480:[237156bb-0804-4f8e-8978-505822570478:192.168.151.118:44793] with ContainerStateMachine:uninitialized
2019-10-14 10:42:20,537 [pool-247-thread-1] INFO  server.RaftServerConfigKeys (ConfUtils.java:logGet(43)) - raft.server.rpc.timeout.min = 5s (custom)
2019-10-14 10:42:20,537 [pool-247-thread-1] INFO  server.RaftServerConfigKeys (ConfUtils.java:logGet(43)) - raft.server.rpc.timeout.max = 5200ms (custom)
2019-10-14 10:42:20,537 [pool-247-thread-1] INFO  server.RaftServerConfigKeys (ConfUtils.java:logGet(43)) - raft.server.rpcslowness.timeout = 120s (custom)
2019-10-14 10:42:20,537 [pool-247-thread-1] INFO  server.RaftServerConfigKeys (ConfUtils.java:logGet(43)) - raft.server.sleep.deviation.threshold = 300 (default)
2019-10-14 10:42:20,538 [pool-247-thread-1] INFO  server.RaftServerConfigKeys (ConfUtils.java:logGet(43)) - raft.server.log.appender.install.snapshot.enabled = false (custom)
2019-10-14 10:42:20,538 [pool-247-thread-1] INFO  impl.RaftServerImpl (ServerState.java:<init>(103)) - 237156bb-0804-4f8e-8978-505822570478@group-D54C93C84480: ConfigurationManager, init=-1: [237156bb-0804-4f8e-8978-505822570478:192.168.151.118:44793], old=null, confs=<EMPTY_MAP>
2019-10-14 10:42:20,538 [pool-247-thread-1] INFO  server.RaftServerConfigKeys (ConfUtils.java:logGet(43)) - raft.server.storage.dir = [/workdir/hadoop-ozone/integration-test/target/test-dir/MiniOzoneClusterImpl-b84ab8c1-3d8e-4d54-8bf3-5dd7b4c80550/datanode-4/data/ratis] (custom)
2019-10-14 10:42:20,538 [pool-247-thread-1] INFO  server.RaftServerConfigKeys (ConfUtils.java:logGet(43)) - raft.server.log.corruption.policy = EXCEPTION (default)
2019-10-14 10:42:20,538 [pool-247-thread-1] INFO  storage.RaftStorageDirectory (RaftStorageDirectory.java:analyzeStorage(246)) - The storage directory /workdir/hadoop-ozone/integration-test/target/test-dir/MiniOzoneClusterImpl-b84ab8c1-3d8e-4d54-8bf3-5dd7b4c80550/datanode-4/data/ratis/053c8af1-349c-470a-a4c8-d54c93c84480 does not exist. Creating ...
2019-10-14 10:42:20,551 [pool-247-thread-1] INFO  storage.RaftStorageDirectory (RaftStorageDirectory.java:tryLock(328)) - Lock on /workdir/hadoop-ozone/integration-test/target/test-dir/MiniOzoneClusterImpl-b84ab8c1-3d8e-4d54-8bf3-5dd7b4c80550/datanode-4/data/ratis/053c8af1-349c-470a-a4c8-d54c93c84480/in_use.lock acquired by nodename 26737@pr-hdds-2296-8rkbz-2376872687
2019-10-14 10:42:20,563 [pool-247-thread-1] INFO  storage.RaftStorage (RaftStorage.java:format(84)) - Storage directory /workdir/hadoop-ozone/integration-test/target/test-dir/MiniOzoneClusterImpl-b84ab8c1-3d8e-4d54-8bf3-5dd7b4c80550/datanode-4/data/ratis/053c8af1-349c-470a-a4c8-d54c93c84480 has been successfully formatted.
2019-10-14 10:42:20,564 [pool-247-thread-1] INFO  ratis.ContainerStateMachine (ContainerStateMachine.java:loadSnapshot(231)) - group-D54C93C84480: The snapshot info is null. Setting the last applied indexto:(t:0, i:~)
2019-10-14 10:42:20,564 [pool-247-thread-1] INFO  server.RaftServerConfigKeys (ConfUtils.java:logGet(43)) - raft.server.notification.no-leader.timeout = 120s (custom)
2019-10-14 10:42:20,564 [pool-247-thread-1] INFO  server.RaftServerConfigKeys (ConfUtils.java:logGet(43)) - raft.server.log.use.memory = false (default)
2019-10-14 10:42:20,564 [pool-247-thread-1] INFO  server.RaftServerConfigKeys (ConfUtils.java:logGet(43)) - raft.server.log.purge.gap = 1000000 (custom)
2019-10-14 10:42:20,564 [pool-247-thread-1] INFO  server.RaftServerConfigKeys (ConfUtils.java:logGet(43)) - raft.server.log.appender.buffer.byte-limit = 33554432 (custom)
2019-10-14 10:42:20,564 [pool-247-thread-1] INFO  server.RaftServerConfigKeys (ConfUtils.java:logGet(43)) - raft.server.log.segment.size.max = 1048576 (custom)
2019-10-14 10:42:20,567 [pool-247-thread-1] INFO  server.RaftServerConfigKeys (ConfUtils.java:logGet(43)) - raft.server.log.segment.cache.num.max = 2 (custom)
2019-10-14 10:42:20,567 [pool-247-thread-1] INFO  segmented.SegmentedRaftLogWorker (SegmentedRaftLogWorker.java:<init>(173)) - new 237156bb-0804-4f8e-8978-505822570478@group-D54C93C84480-SegmentedRaftLogWorker for RaftStorage:Storage Directory /workdir/hadoop-ozone/integration-test/target/test-dir/MiniOzoneClusterImpl-b84ab8c1-3d8e-4d54-8bf3-5dd7b4c80550/datanode-4/data/ratis/053c8af1-349c-470a-a4c8-d54c93c84480
2019-10-14 10:42:20,567 [pool-247-thread-1] INFO  server.RaftServerConfigKeys (ConfUtils.java:logGet(43)) - raft.server.log.queue.byte-limit = 2147483647 (custom)
2019-10-14 10:42:20,567 [pool-247-thread-1] INFO  server.RaftServerConfigKeys (ConfUtils.java:logGet(43)) - raft.server.log.queue.element-limit = 1024 (custom)
2019-10-14 10:42:20,568 [pool-247-thread-1] INFO  server.RaftServerConfigKeys (ConfUtils.java:logGet(43)) - raft.server.log.segment.size.max = 1048576 (custom)
2019-10-14 10:42:20,568 [pool-247-thread-1] INFO  server.RaftServerConfigKeys (ConfUtils.java:logGet(43)) - raft.server.log.preallocated.size = 16384 (custom)
2019-10-14 10:42:20,568 [pool-247-thread-1] INFO  server.RaftServerConfigKeys (ConfUtils.java:logGet(43)) - raft.server.log.write.buffer.size = 33554432 (custom)
2019-10-14 10:42:20,568 [pool-247-thread-1] INFO  server.RaftServerConfigKeys (ConfUtils.java:logGet(43)) - raft.server.log.force.sync.num = 128 (default)
2019-10-14 10:42:20,568 [pool-247-thread-1] INFO  server.RaftServerConfigKeys (ConfUtils.java:logGet(43)) - raft.server.log.statemachine.data.sync = true (default)
2019-10-14 10:42:20,569 [pool-247-thread-1] INFO  server.RaftServerConfigKeys (ConfUtils.java:logGet(43)) - raft.server.log.statemachine.data.sync.timeout = 10s (default)
2019-10-14 10:42:20,569 [pool-247-thread-1] INFO  server.RaftServerConfigKeys (ConfUtils.java:logGet(43)) - raft.server.log.statemachine.data.sync.timeout.retry = -1 (default)
2019-10-14 10:42:20,569 [pool-247-thread-1] INFO  server.RaftServerConfigKeys (ConfUtils.java:logGet(43)) - raft.server.log.statemachine.data.caching.enabled = true (custom)
2019-10-14 10:42:20,570 [pool-247-thread-1] INFO  segmented.SegmentedRaftLogWorker (SegmentedRaftLogWorker.java:lambda$new$0(128)) - 237156bb-0804-4f8e-8978-505822570478@group-D54C93C84480-SegmentedRaftLogWorker: flushIndex: setUnconditionally 0 -> -1
2019-10-14 10:42:20,570 [pool-247-thread-1] INFO  server.RaftServerConfigKeys (ConfUtils.java:logGet(43)) - raft.server.snapshot.auto.trigger.enabled = true (custom)
2019-10-14 10:42:20,570 [pool-247-thread-1] INFO  server.RaftServerConfigKeys (ConfUtils.java:logGet(43)) - raft.server.snapshot.auto.trigger.threshold = 10000 (custom)
2019-10-14 10:42:20,570 [pool-247-thread-1] INFO  server.RaftServerConfigKeys (ConfUtils.java:logGet(43)) - raft.server.snapshot.retention.file.num = 5 (custom)
2019-10-14 10:42:20,571 [pool-247-thread-1] INFO  server.RaftServerConfigKeys (ConfUtils.java:logGet(43)) - raft.server.retrycache.expirytime = 600000ms (custom)
2019-10-14 10:42:20,573 [pool-247-thread-1] INFO  impl.RaftServerImpl (RaftServerImpl.java:start(181)) - 237156bb-0804-4f8e-8978-505822570478@group-D54C93C84480: start as a follower, conf=-1: [237156bb-0804-4f8e-8978-505822570478:192.168.151.118:44793], old=null
2019-10-14 10:42:20,573 [pool-247-thread-1] INFO  impl.RaftServerImpl (RaftServerImpl.java:setRole(170)) - 237156bb-0804-4f8e-8978-505822570478@group-D54C93C84480: changes role from      null to FOLLOWER at term 0 for startAsFollower
2019-10-14 10:42:20,574 [pool-247-thread-1] INFO  impl.RoleInfo (RoleInfo.java:updateAndGet(143)) - 237156bb-0804-4f8e-8978-505822570478: start FollowerState
2019-10-14 10:42:20,574 [pool-247-thread-1] INFO  util.JmxRegister (JmxRegister.java:tryRegister(44)) - Successfully registered JMX Bean with object name Ratis:service=RaftServer,group=group-D54C93C84480,id=237156bb-0804-4f8e-8978-505822570478
2019-10-14 10:42:20,581 [RatisPipelineUtilsThread] INFO  pipeline.PipelineStateManager (PipelineStateManager.java:addPipeline(56)) - Created pipeline Pipeline[ Id: 053c8af1-349c-470a-a4c8-d54c93c84480, Nodes: 237156bb-0804-4f8e-8978-505822570478{ip: 192.168.151.118, host: pr-hdds-2296-8rkbz-2376872687, networkLocation: /default-rack, certSerialId: null}, Type:RATIS, Factor:ONE, State:OPEN]
2019-10-14 10:42:20,603 [grpc-default-executor-1] INFO  impl.RaftServerProxy (RaftServerProxy.java:addNew(89)) - bec337c1-fd65-4575-af37-df6bd2bbc527: addNew group-3CB54AFAF892:[67786a1d-245a-4cc3-a919-512758d2869e:192.168.151.118:44136, bec337c1-fd65-4575-af37-df6bd2bbc527:192.168.151.118:46495, c87e9ba7-0ab7-42f5-9c23-8303171a75c1:192.168.151.118:36373] returns group-3CB54AFAF892:java.util.concurrent.CompletableFuture@2f7ecd43[Not completed]
2019-10-14 10:42:20,603 [grpc-default-executor-1] INFO  impl.RaftServerProxy (RaftServerProxy.java:addNew(89)) - c87e9ba7-0ab7-42f5-9c23-8303171a75c1: addNew group-3CB54AFAF892:[67786a1d-245a-4cc3-a919-512758d2869e:192.168.151.118:44136, bec337c1-fd65-4575-af37-df6bd2bbc527:192.168.151.118:46495, c87e9ba7-0ab7-42f5-9c23-8303171a75c1:192.168.151.118:36373] returns group-3CB54AFAF892:java.util.concurrent.CompletableFuture@4d7fde48[Not completed]
2019-10-14 10:42:20,603 [grpc-default-executor-4] INFO  impl.RaftServerProxy (RaftServerProxy.java:addNew(89)) - 67786a1d-245a-4cc3-a919-512758d2869e: addNew group-3CB54AFAF892:[67786a1d-245a-4cc3-a919-512758d2869e:192.168.151.118:44136, bec337c1-fd65-4575-af37-df6bd2bbc527:192.168.151.118:46495, c87e9ba7-0ab7-42f5-9c23-8303171a75c1:192.168.151.118:36373] returns group-3CB54AFAF892:java.util.concurrent.CompletableFuture@26dca38b[Not completed]
2019-10-14 10:42:20,604 [pool-267-thread-1] INFO  impl.RaftServerImpl (RaftServerImpl.java:<init>(95)) - bec337c1-fd65-4575-af37-df6bd2bbc527: new RaftServerImpl for group-3CB54AFAF892:[67786a1d-245a-4cc3-a919-512758d2869e:192.168.151.118:44136, bec337c1-fd65-4575-af37-df6bd2bbc527:192.168.151.118:46495, c87e9ba7-0ab7-42f5-9c23-8303171a75c1:192.168.151.118:36373] with ContainerStateMachine:uninitialized
2019-10-14 10:42:20,604 [pool-267-thread-1] INFO  server.RaftServerConfigKeys (ConfUtils.java:logGet(43)) - raft.server.rpc.timeout.min = 5s (custom)
2019-10-14 10:42:20,604 [pool-267-thread-1] INFO  server.RaftServerConfigKeys (ConfUtils.java:logGet(43)) - raft.server.rpc.timeout.max = 5200ms (custom)
2019-10-14 10:42:20,604 [pool-267-thread-1] INFO  server.RaftServerConfigKeys (ConfUtils.java:logGet(43)) - raft.server.rpcslowness.timeout = 120s (custom)
2019-10-14 10:42:20,604 [pool-267-thread-1] INFO  server.RaftServerConfigKeys (ConfUtils.java:logGet(43)) - raft.server.sleep.deviation.threshold = 300 (default)
2019-10-14 10:42:20,604 [pool-267-thread-1] INFO  server.RaftServerConfigKeys (ConfUtils.java:logGet(43)) - raft.server.log.appender.install.snapshot.enabled = false (custom)
2019-10-14 10:42:20,604 [pool-267-thread-1] INFO  impl.RaftServerImpl (ServerState.java:<init>(103)) - bec337c1-fd65-4575-af37-df6bd2bbc527@group-3CB54AFAF892: ConfigurationManager, init=-1: [67786a1d-245a-4cc3-a919-512758d2869e:192.168.151.118:44136, bec337c1-fd65-4575-af37-df6bd2bbc527:192.168.151.118:46495, c87e9ba7-0ab7-42f5-9c23-8303171a75c1:192.168.151.118:36373], old=null, confs=<EMPTY_MAP>
2019-10-14 10:42:20,604 [pool-267-thread-1] INFO  server.RaftServerConfigKeys (ConfUtils.java:logGet(43)) - raft.server.storage.dir = [/workdir/hadoop-ozone/integration-test/target/test-dir/MiniOzoneClusterImpl-b84ab8c1-3d8e-4d54-8bf3-5dd7b4c80550/datanode-6/data/ratis] (custom)
2019-10-14 10:42:20,604 [pool-257-thread-1] INFO  impl.RaftServerImpl (RaftServerImpl.java:<init>(95)) - 67786a1d-245a-4cc3-a919-512758d2869e: new RaftServerImpl for group-3CB54AFAF892:[67786a1d-245a-4cc3-a919-512758d2869e:192.168.151.118:44136, bec337c1-fd65-4575-af37-df6bd2bbc527:192.168.151.118:46495, c87e9ba7-0ab7-42f5-9c23-8303171a75c1:192.168.151.118:36373] with ContainerStateMachine:uninitialized
2019-10-14 10:42:20,604 [pool-267-thread-1] INFO  server.RaftServerConfigKeys (ConfUtils.java:logGet(43)) - raft.server.log.corruption.policy = EXCEPTION (default)
2019-10-14 10:42:20,605 [pool-257-thread-1] INFO  server.RaftServerConfigKeys (ConfUtils.java:logGet(43)) - raft.server.rpc.timeout.min = 5s (custom)
2019-10-14 10:42:20,605 [pool-267-thread-1] INFO  storage.RaftStorageDirectory (RaftStorageDirectory.java:analyzeStorage(246)) - The storage directory /workdir/hadoop-ozone/integration-test/target/test-dir/MiniOzoneClusterImpl-b84ab8c1-3d8e-4d54-8bf3-5dd7b4c80550/datanode-6/data/ratis/c100d854-e6a7-47ca-9c24-3cb54afaf892 does not exist. Creating ...
2019-10-14 10:42:20,605 [pool-257-thread-1] INFO  server.RaftServerConfigKeys (ConfUtils.java:logGet(43)) - raft.server.rpc.timeout.max = 5200ms (custom)
2019-10-14 10:42:20,605 [pool-257-thread-1] INFO  server.RaftServerConfigKeys (ConfUtils.java:logGet(43)) - raft.server.rpcslowness.timeout = 120s (custom)
2019-10-14 10:42:20,605 [pool-237-thread-1] INFO  impl.RaftServerImpl (RaftServerImpl.java:<init>(95)) - c87e9ba7-0ab7-42f5-9c23-8303171a75c1: new RaftServerImpl for group-3CB54AFAF892:[67786a1d-245a-4cc3-a919-512758d2869e:192.168.151.118:44136, bec337c1-fd65-4575-af37-df6bd2bbc527:192.168.151.118:46495, c87e9ba7-0ab7-42f5-9c23-8303171a75c1:192.168.151.118:36373] with ContainerStateMachine:uninitialized
2019-10-14 10:42:20,605 [pool-257-thread-1] INFO  server.RaftServerConfigKeys (ConfUtils.java:logGet(43)) - raft.server.sleep.deviation.threshold = 300 (default)
2019-10-14 10:42:20,605 [pool-237-thread-1] INFO  server.RaftServerConfigKeys (ConfUtils.java:logGet(43)) - raft.server.rpc.timeout.min = 5s (custom)
2019-10-14 10:42:20,606 [pool-257-thread-1] INFO  server.RaftServerConfigKeys (ConfUtils.java:logGet(43)) - raft.server.log.appender.install.snapshot.enabled = false (custom)
2019-10-14 10:42:20,606 [pool-237-thread-1] INFO  server.RaftServerConfigKeys (ConfUtils.java:logGet(43)) - raft.server.rpc.timeout.max = 5200ms (custom)
2019-10-14 10:42:20,606 [pool-257-thread-1] INFO  impl.RaftServerImpl (ServerState.java:<init>(103)) - 67786a1d-245a-4cc3-a919-512758d2869e@group-3CB54AFAF892: ConfigurationManager, init=-1: [67786a1d-245a-4cc3-a919-512758d2869e:192.168.151.118:44136, bec337c1-fd65-4575-af37-df6bd2bbc527:192.168.151.118:46495, c87e9ba7-0ab7-42f5-9c23-8303171a75c1:192.168.151.118:36373], old=null, confs=<EMPTY_MAP>
2019-10-14 10:42:20,606 [pool-237-thread-1] INFO  server.RaftServerConfigKeys (ConfUtils.java:logGet(43)) - raft.server.rpcslowness.timeout = 120s (custom)
2019-10-14 10:42:20,606 [pool-257-thread-1] INFO  server.RaftServerConfigKeys (ConfUtils.java:logGet(43)) - raft.server.storage.dir = [/workdir/hadoop-ozone/integration-test/target/test-dir/MiniOzoneClusterImpl-b84ab8c1-3d8e-4d54-8bf3-5dd7b4c80550/datanode-5/data/ratis] (custom)
2019-10-14 10:42:20,606 [pool-237-thread-1] INFO  server.RaftServerConfigKeys (ConfUtils.java:logGet(43)) - raft.server.sleep.deviation.threshold = 300 (default)
2019-10-14 10:42:20,607 [pool-237-thread-1] INFO  server.RaftServerConfigKeys (ConfUtils.java:logGet(43)) - raft.server.log.appender.install.snapshot.enabled = false (custom)
2019-10-14 10:42:20,607 [pool-237-thread-1] INFO  impl.RaftServerImpl (ServerState.java:<init>(103)) - c87e9ba7-0ab7-42f5-9c23-8303171a75c1@group-3CB54AFAF892: ConfigurationManager, init=-1: [67786a1d-245a-4cc3-a919-512758d2869e:192.168.151.118:44136, bec337c1-fd65-4575-af37-df6bd2bbc527:192.168.151.118:46495, c87e9ba7-0ab7-42f5-9c23-8303171a75c1:192.168.151.118:36373], old=null, confs=<EMPTY_MAP>
2019-10-14 10:42:20,607 [pool-237-thread-1] INFO  server.RaftServerConfigKeys (ConfUtils.java:logGet(43)) - raft.server.storage.dir = [/workdir/hadoop-ozone/integration-test/target/test-dir/MiniOzoneClusterImpl-b84ab8c1-3d8e-4d54-8bf3-5dd7b4c80550/datanode-3/data/ratis] (custom)
2019-10-14 10:42:20,607 [pool-237-thread-1] INFO  server.RaftServerConfigKeys (ConfUtils.java:logGet(43)) - raft.server.log.corruption.policy = EXCEPTION (default)
2019-10-14 10:42:20,608 [pool-237-thread-1] INFO  storage.RaftStorageDirectory (RaftStorageDirectory.java:analyzeStorage(246)) - The storage directory /workdir/hadoop-ozone/integration-test/target/test-dir/MiniOzoneClusterImpl-b84ab8c1-3d8e-4d54-8bf3-5dd7b4c80550/datanode-3/data/ratis/c100d854-e6a7-47ca-9c24-3cb54afaf892 does not exist. Creating ...
2019-10-14 10:42:20,619 [pool-257-thread-1] INFO  server.RaftServerConfigKeys (ConfUtils.java:logGet(43)) - raft.server.log.corruption.policy = EXCEPTION (default)
2019-10-14 10:42:20,620 [pool-257-thread-1] INFO  storage.RaftStorageDirectory (RaftStorageDirectory.java:analyzeStorage(246)) - The storage directory /workdir/hadoop-ozone/integration-test/target/test-dir/MiniOzoneClusterImpl-b84ab8c1-3d8e-4d54-8bf3-5dd7b4c80550/datanode-5/data/ratis/c100d854-e6a7-47ca-9c24-3cb54afaf892 does not exist. Creating ...
2019-10-14 10:42:20,620 [pool-267-thread-1] INFO  storage.RaftStorageDirectory (RaftStorageDirectory.java:tryLock(328)) - Lock on /workdir/hadoop-ozone/integration-test/target/test-dir/MiniOzoneClusterImpl-b84ab8c1-3d8e-4d54-8bf3-5dd7b4c80550/datanode-6/data/ratis/c100d854-e6a7-47ca-9c24-3cb54afaf892/in_use.lock acquired by nodename 26737@pr-hdds-2296-8rkbz-2376872687
2019-10-14 10:42:20,642 [pool-257-thread-1] INFO  storage.RaftStorageDirectory (RaftStorageDirectory.java:tryLock(328)) - Lock on /workdir/hadoop-ozone/integration-test/target/test-dir/MiniOzoneClusterImpl-b84ab8c1-3d8e-4d54-8bf3-5dd7b4c80550/datanode-5/data/ratis/c100d854-e6a7-47ca-9c24-3cb54afaf892/in_use.lock acquired by nodename 26737@pr-hdds-2296-8rkbz-2376872687
2019-10-14 10:42:20,642 [pool-237-thread-1] INFO  storage.RaftStorageDirectory (RaftStorageDirectory.java:tryLock(328)) - Lock on /workdir/hadoop-ozone/integration-test/target/test-dir/MiniOzoneClusterImpl-b84ab8c1-3d8e-4d54-8bf3-5dd7b4c80550/datanode-3/data/ratis/c100d854-e6a7-47ca-9c24-3cb54afaf892/in_use.lock acquired by nodename 26737@pr-hdds-2296-8rkbz-2376872687
2019-10-14 10:42:20,646 [pool-267-thread-1] INFO  storage.RaftStorage (RaftStorage.java:format(84)) - Storage directory /workdir/hadoop-ozone/integration-test/target/test-dir/MiniOzoneClusterImpl-b84ab8c1-3d8e-4d54-8bf3-5dd7b4c80550/datanode-6/data/ratis/c100d854-e6a7-47ca-9c24-3cb54afaf892 has been successfully formatted.
2019-10-14 10:42:20,646 [pool-267-thread-1] INFO  ratis.ContainerStateMachine (ContainerStateMachine.java:loadSnapshot(231)) - group-3CB54AFAF892: The snapshot info is null. Setting the last applied indexto:(t:0, i:~)
2019-10-14 10:42:20,646 [pool-267-thread-1] INFO  server.RaftServerConfigKeys (ConfUtils.java:logGet(43)) - raft.server.notification.no-leader.timeout = 120s (custom)
2019-10-14 10:42:20,647 [pool-267-thread-1] INFO  server.RaftServerConfigKeys (ConfUtils.java:logGet(43)) - raft.server.log.use.memory = false (default)
2019-10-14 10:42:20,647 [pool-267-thread-1] INFO  server.RaftServerConfigKeys (ConfUtils.java:logGet(43)) - raft.server.log.purge.gap = 1000000 (custom)
2019-10-14 10:42:20,647 [pool-267-thread-1] INFO  server.RaftServerConfigKeys (ConfUtils.java:logGet(43)) - raft.server.log.appender.buffer.byte-limit = 33554432 (custom)
2019-10-14 10:42:20,647 [pool-267-thread-1] INFO  server.RaftServerConfigKeys (ConfUtils.java:logGet(43)) - raft.server.log.segment.size.max = 1048576 (custom)
2019-10-14 10:42:20,647 [pool-267-thread-1] INFO  server.RaftServerConfigKeys (ConfUtils.java:logGet(43)) - raft.server.log.segment.cache.num.max = 2 (custom)
2019-10-14 10:42:20,647 [pool-267-thread-1] INFO  segmented.SegmentedRaftLogWorker (SegmentedRaftLogWorker.java:<init>(173)) - new bec337c1-fd65-4575-af37-df6bd2bbc527@group-3CB54AFAF892-SegmentedRaftLogWorker for RaftStorage:Storage Directory /workdir/hadoop-ozone/integration-test/target/test-dir/MiniOzoneClusterImpl-b84ab8c1-3d8e-4d54-8bf3-5dd7b4c80550/datanode-6/data/ratis/c100d854-e6a7-47ca-9c24-3cb54afaf892
2019-10-14 10:42:20,647 [pool-267-thread-1] INFO  server.RaftServerConfigKeys (ConfUtils.java:logGet(43)) - raft.server.log.queue.byte-limit = 2147483647 (custom)
2019-10-14 10:42:20,647 [pool-267-thread-1] INFO  server.RaftServerConfigKeys (ConfUtils.java:logGet(43)) - raft.server.log.queue.element-limit = 1024 (custom)
2019-10-14 10:42:20,647 [pool-267-thread-1] INFO  server.RaftServerConfigKeys (ConfUtils.java:logGet(43)) - raft.server.log.segment.size.max = 1048576 (custom)
2019-10-14 10:42:20,647 [pool-267-thread-1] INFO  server.RaftServerConfigKeys (ConfUtils.java:logGet(43)) - raft.server.log.preallocated.size = 16384 (custom)
2019-10-14 10:42:20,648 [pool-267-thread-1] INFO  server.RaftServerConfigKeys (ConfUtils.java:logGet(43)) - raft.server.log.write.buffer.size = 33554432 (custom)
2019-10-14 10:42:20,648 [pool-267-thread-1] INFO  server.RaftServerConfigKeys (ConfUtils.java:logGet(43)) - raft.server.log.force.sync.num = 128 (default)
2019-10-14 10:42:20,648 [pool-267-thread-1] INFO  server.RaftServerConfigKeys (ConfUtils.java:logGet(43)) - raft.server.log.statemachine.data.sync = true (default)
2019-10-14 10:42:20,648 [pool-267-thread-1] INFO  server.RaftServerConfigKeys (ConfUtils.java:logGet(43)) - raft.server.log.statemachine.data.sync.timeout = 10s (default)
2019-10-14 10:42:20,648 [pool-267-thread-1] INFO  server.RaftServerConfigKeys (ConfUtils.java:logGet(43)) - raft.server.log.statemachine.data.sync.timeout.retry = -1 (default)
2019-10-14 10:42:20,648 [pool-267-thread-1] INFO  server.RaftServerConfigKeys (ConfUtils.java:logGet(43)) - raft.server.log.statemachine.data.caching.enabled = true (custom)
2019-10-14 10:42:20,650 [pool-267-thread-1] INFO  segmented.SegmentedRaftLogWorker (SegmentedRaftLogWorker.java:lambda$new$0(128)) - bec337c1-fd65-4575-af37-df6bd2bbc527@group-3CB54AFAF892-SegmentedRaftLogWorker: flushIndex: setUnconditionally 0 -> -1
2019-10-14 10:42:20,651 [pool-267-thread-1] INFO  server.RaftServerConfigKeys (ConfUtils.java:logGet(43)) - raft.server.snapshot.auto.trigger.enabled = true (custom)
2019-10-14 10:42:20,651 [pool-267-thread-1] INFO  server.RaftServerConfigKeys (ConfUtils.java:logGet(43)) - raft.server.snapshot.auto.trigger.threshold = 10000 (custom)
2019-10-14 10:42:20,651 [pool-237-thread-1] INFO  storage.RaftStorage (RaftStorage.java:format(84)) - Storage directory /workdir/hadoop-ozone/integration-test/target/test-dir/MiniOzoneClusterImpl-b84ab8c1-3d8e-4d54-8bf3-5dd7b4c80550/datanode-3/data/ratis/c100d854-e6a7-47ca-9c24-3cb54afaf892 has been successfully formatted.
2019-10-14 10:42:20,651 [pool-257-thread-1] INFO  storage.RaftStorage (RaftStorage.java:format(84)) - Storage directory /workdir/hadoop-ozone/integration-test/target/test-dir/MiniOzoneClusterImpl-b84ab8c1-3d8e-4d54-8bf3-5dd7b4c80550/datanode-5/data/ratis/c100d854-e6a7-47ca-9c24-3cb54afaf892 has been successfully formatted.
2019-10-14 10:42:20,651 [pool-237-thread-1] INFO  ratis.ContainerStateMachine (ContainerStateMachine.java:loadSnapshot(231)) - group-3CB54AFAF892: The snapshot info is null. Setting the last applied indexto:(t:0, i:~)
2019-10-14 10:42:20,651 [pool-267-thread-1] INFO  server.RaftServerConfigKeys (ConfUtils.java:logGet(43)) - raft.server.snapshot.retention.file.num = 5 (custom)
2019-10-14 10:42:20,652 [pool-257-thread-1] INFO  ratis.ContainerStateMachine (ContainerStateMachine.java:loadSnapshot(231)) - group-3CB54AFAF892: The snapshot info is null. Setting the last applied indexto:(t:0, i:~)
2019-10-14 10:42:20,652 [pool-237-thread-1] INFO  server.RaftServerConfigKeys (ConfUtils.java:logGet(43)) - raft.server.notification.no-leader.timeout = 120s (custom)
2019-10-14 10:42:20,652 [pool-257-thread-1] INFO  server.RaftServerConfigKeys (ConfUtils.java:logGet(43)) - raft.server.notification.no-leader.timeout = 120s (custom)
2019-10-14 10:42:20,652 [pool-267-thread-1] INFO  server.RaftServerConfigKeys (ConfUtils.java:logGet(43)) - raft.server.retrycache.expirytime = 600000ms (custom)
2019-10-14 10:42:20,652 [pool-257-thread-1] INFO  server.RaftServerConfigKeys (ConfUtils.java:logGet(43)) - raft.server.log.use.memory = false (default)
2019-10-14 10:42:20,652 [pool-237-thread-1] INFO  server.RaftServerConfigKeys (ConfUtils.java:logGet(43)) - raft.server.log.use.memory = false (default)
2019-10-14 10:42:20,652 [pool-257-thread-1] INFO  server.RaftServerConfigKeys (ConfUtils.java:logGet(43)) - raft.server.log.purge.gap = 1000000 (custom)
2019-10-14 10:42:20,653 [pool-237-thread-1] INFO  server.RaftServerConfigKeys (ConfUtils.java:logGet(43)) - raft.server.log.purge.gap = 1000000 (custom)
2019-10-14 10:42:20,653 [pool-257-thread-1] INFO  server.RaftServerConfigKeys (ConfUtils.java:logGet(43)) - raft.server.log.appender.buffer.byte-limit = 33554432 (custom)
2019-10-14 10:42:20,653 [pool-237-thread-1] INFO  server.RaftServerConfigKeys (ConfUtils.java:logGet(43)) - raft.server.log.appender.buffer.byte-limit = 33554432 (custom)
2019-10-14 10:42:20,653 [pool-257-thread-1] INFO  server.RaftServerConfigKeys (ConfUtils.java:logGet(43)) - raft.server.log.segment.size.max = 1048576 (custom)
2019-10-14 10:42:20,653 [pool-237-thread-1] INFO  server.RaftServerConfigKeys (ConfUtils.java:logGet(43)) - raft.server.log.segment.size.max = 1048576 (custom)
2019-10-14 10:42:20,653 [pool-257-thread-1] INFO  server.RaftServerConfigKeys (ConfUtils.java:logGet(43)) - raft.server.log.segment.cache.num.max = 2 (custom)
2019-10-14 10:42:20,653 [pool-237-thread-1] INFO  server.RaftServerConfigKeys (ConfUtils.java:logGet(43)) - raft.server.log.segment.cache.num.max = 2 (custom)
2019-10-14 10:42:20,653 [pool-257-thread-1] INFO  segmented.SegmentedRaftLogWorker (SegmentedRaftLogWorker.java:<init>(173)) - new 67786a1d-245a-4cc3-a919-512758d2869e@group-3CB54AFAF892-SegmentedRaftLogWorker for RaftStorage:Storage Directory /workdir/hadoop-ozone/integration-test/target/test-dir/MiniOzoneClusterImpl-b84ab8c1-3d8e-4d54-8bf3-5dd7b4c80550/datanode-5/data/ratis/c100d854-e6a7-47ca-9c24-3cb54afaf892
2019-10-14 10:42:20,653 [pool-267-thread-1] INFO  impl.RaftServerImpl (RaftServerImpl.java:start(181)) - bec337c1-fd65-4575-af37-df6bd2bbc527@group-3CB54AFAF892: start as a follower, conf=-1: [67786a1d-245a-4cc3-a919-512758d2869e:192.168.151.118:44136, bec337c1-fd65-4575-af37-df6bd2bbc527:192.168.151.118:46495, c87e9ba7-0ab7-42f5-9c23-8303171a75c1:192.168.151.118:36373], old=null
2019-10-14 10:42:20,654 [pool-257-thread-1] INFO  server.RaftServerConfigKeys (ConfUtils.java:logGet(43)) - raft.server.log.queue.byte-limit = 2147483647 (custom)
2019-10-14 10:42:20,654 [pool-237-thread-1] INFO  segmented.SegmentedRaftLogWorker (SegmentedRaftLogWorker.java:<init>(173)) - new c87e9ba7-0ab7-42f5-9c23-8303171a75c1@group-3CB54AFAF892-SegmentedRaftLogWorker for RaftStorage:Storage Directory /workdir/hadoop-ozone/integration-test/target/test-dir/MiniOzoneClusterImpl-b84ab8c1-3d8e-4d54-8bf3-5dd7b4c80550/datanode-3/data/ratis/c100d854-e6a7-47ca-9c24-3cb54afaf892
2019-10-14 10:42:20,654 [pool-257-thread-1] INFO  server.RaftServerConfigKeys (ConfUtils.java:logGet(43)) - raft.server.log.queue.element-limit = 1024 (custom)
2019-10-14 10:42:20,654 [pool-267-thread-1] INFO  impl.RaftServerImpl (RaftServerImpl.java:setRole(170)) - bec337c1-fd65-4575-af37-df6bd2bbc527@group-3CB54AFAF892: changes role from      null to FOLLOWER at term 0 for startAsFollower
2019-10-14 10:42:20,654 [pool-257-thread-1] INFO  server.RaftServerConfigKeys (ConfUtils.java:logGet(43)) - raft.server.log.segment.size.max = 1048576 (custom)
2019-10-14 10:42:20,654 [pool-237-thread-1] INFO  server.RaftServerConfigKeys (ConfUtils.java:logGet(43)) - raft.server.log.queue.byte-limit = 2147483647 (custom)
2019-10-14 10:42:20,654 [pool-257-thread-1] INFO  server.RaftServerConfigKeys (ConfUtils.java:logGet(43)) - raft.server.log.preallocated.size = 16384 (custom)
2019-10-14 10:42:20,654 [pool-267-thread-1] INFO  impl.RoleInfo (RoleInfo.java:updateAndGet(143)) - bec337c1-fd65-4575-af37-df6bd2bbc527: start FollowerState
2019-10-14 10:42:20,655 [pool-257-thread-1] INFO  server.RaftServerConfigKeys (ConfUtils.java:logGet(43)) - raft.server.log.write.buffer.size = 33554432 (custom)
2019-10-14 10:42:20,655 [pool-237-thread-1] INFO  server.RaftServerConfigKeys (ConfUtils.java:logGet(43)) - raft.server.log.queue.element-limit = 1024 (custom)
2019-10-14 10:42:20,655 [pool-257-thread-1] INFO  server.RaftServerConfigKeys (ConfUtils.java:logGet(43)) - raft.server.log.force.sync.num = 128 (default)
2019-10-14 10:42:20,655 [pool-267-thread-1] INFO  util.JmxRegister (JmxRegister.java:tryRegister(44)) - Successfully registered JMX Bean with object name Ratis:service=RaftServer,group=group-3CB54AFAF892,id=bec337c1-fd65-4575-af37-df6bd2bbc527
2019-10-14 10:42:20,655 [pool-257-thread-1] INFO  server.RaftServerConfigKeys (ConfUtils.java:logGet(43)) - raft.server.log.statemachine.data.sync = true (default)
2019-10-14 10:42:20,655 [pool-237-thread-1] INFO  server.RaftServerConfigKeys (ConfUtils.java:logGet(43)) - raft.server.log.segment.size.max = 1048576 (custom)
2019-10-14 10:42:20,655 [pool-257-thread-1] INFO  server.RaftServerConfigKeys (ConfUtils.java:logGet(43)) - raft.server.log.statemachine.data.sync.timeout = 10s (default)
2019-10-14 10:42:20,656 [pool-237-thread-1] INFO  server.RaftServerConfigKeys (ConfUtils.java:logGet(43)) - raft.server.log.preallocated.size = 16384 (custom)
2019-10-14 10:42:20,656 [pool-257-thread-1] INFO  server.RaftServerConfigKeys (ConfUtils.java:logGet(43)) - raft.server.log.statemachine.data.sync.timeout.retry = -1 (default)
2019-10-14 10:42:20,656 [pool-237-thread-1] INFO  server.RaftServerConfigKeys (ConfUtils.java:logGet(43)) - raft.server.log.write.buffer.size = 33554432 (custom)
2019-10-14 10:42:20,656 [pool-257-thread-1] INFO  server.RaftServerConfigKeys (ConfUtils.java:logGet(43)) - raft.server.log.statemachine.data.caching.enabled = true (custom)
2019-10-14 10:42:20,656 [pool-237-thread-1] INFO  server.RaftServerConfigKeys (ConfUtils.java:logGet(43)) - raft.server.log.force.sync.num = 128 (default)
2019-10-14 10:42:20,656 [pool-237-thread-1] INFO  server.RaftServerConfigKeys (ConfUtils.java:logGet(43)) - raft.server.log.statemachine.data.sync = true (default)
2019-10-14 10:42:20,656 [pool-257-thread-1] INFO  segmented.SegmentedRaftLogWorker (SegmentedRaftLogWorker.java:lambda$new$0(128)) - 67786a1d-245a-4cc3-a919-512758d2869e@group-3CB54AFAF892-SegmentedRaftLogWorker: flushIndex: setUnconditionally 0 -> -1
2019-10-14 10:42:20,657 [pool-237-thread-1] INFO  server.RaftServerConfigKeys (ConfUtils.java:logGet(43)) - raft.server.log.statemachine.data.sync.timeout = 10s (default)
2019-10-14 10:42:20,657 [pool-257-thread-1] INFO  server.RaftServerConfigKeys (ConfUtils.java:logGet(43)) - raft.server.snapshot.auto.trigger.enabled = true (custom)
2019-10-14 10:42:20,659 [pool-257-thread-1] INFO  server.RaftServerConfigKeys (ConfUtils.java:logGet(43)) - raft.server.snapshot.auto.trigger.threshold = 10000 (custom)
2019-10-14 10:42:20,657 [pool-237-thread-1] INFO  server.RaftServerConfigKeys (ConfUtils.java:logGet(43)) - raft.server.log.statemachine.data.sync.timeout.retry = -1 (default)
2019-10-14 10:42:20,660 [pool-257-thread-1] INFO  server.RaftServerConfigKeys (ConfUtils.java:logGet(43)) - raft.server.snapshot.retention.file.num = 5 (custom)
2019-10-14 10:42:20,660 [pool-237-thread-1] INFO  server.RaftServerConfigKeys (ConfUtils.java:logGet(43)) - raft.server.log.statemachine.data.caching.enabled = true (custom)
2019-10-14 10:42:20,660 [pool-257-thread-1] INFO  server.RaftServerConfigKeys (ConfUtils.java:logGet(43)) - raft.server.retrycache.expirytime = 600000ms (custom)
2019-10-14 10:42:20,660 [pool-237-thread-1] INFO  segmented.SegmentedRaftLogWorker (SegmentedRaftLogWorker.java:lambda$new$0(128)) - c87e9ba7-0ab7-42f5-9c23-8303171a75c1@group-3CB54AFAF892-SegmentedRaftLogWorker: flushIndex: setUnconditionally 0 -> -1
2019-10-14 10:42:20,661 [pool-237-thread-1] INFO  server.RaftServerConfigKeys (ConfUtils.java:logGet(43)) - raft.server.snapshot.auto.trigger.enabled = true (custom)
2019-10-14 10:42:20,661 [pool-237-thread-1] INFO  server.RaftServerConfigKeys (ConfUtils.java:logGet(43)) - raft.server.snapshot.auto.trigger.threshold = 10000 (custom)
2019-10-14 10:42:20,661 [pool-237-thread-1] INFO  server.RaftServerConfigKeys (ConfUtils.java:logGet(43)) - raft.server.snapshot.retention.file.num = 5 (custom)
2019-10-14 10:42:20,661 [pool-237-thread-1] INFO  server.RaftServerConfigKeys (ConfUtils.java:logGet(43)) - raft.server.retrycache.expirytime = 600000ms (custom)
2019-10-14 10:42:20,662 [pool-257-thread-1] INFO  impl.RaftServerImpl (RaftServerImpl.java:start(181)) - 67786a1d-245a-4cc3-a919-512758d2869e@group-3CB54AFAF892: start as a follower, conf=-1: [67786a1d-245a-4cc3-a919-512758d2869e:192.168.151.118:44136, bec337c1-fd65-4575-af37-df6bd2bbc527:192.168.151.118:46495, c87e9ba7-0ab7-42f5-9c23-8303171a75c1:192.168.151.118:36373], old=null
2019-10-14 10:42:20,662 [pool-257-thread-1] INFO  impl.RaftServerImpl (RaftServerImpl.java:setRole(170)) - 67786a1d-245a-4cc3-a919-512758d2869e@group-3CB54AFAF892: changes role from      null to FOLLOWER at term 0 for startAsFollower
2019-10-14 10:42:20,662 [pool-257-thread-1] INFO  impl.RoleInfo (RoleInfo.java:updateAndGet(143)) - 67786a1d-245a-4cc3-a919-512758d2869e: start FollowerState
2019-10-14 10:42:20,662 [pool-257-thread-1] INFO  util.JmxRegister (JmxRegister.java:tryRegister(44)) - Successfully registered JMX Bean with object name Ratis:service=RaftServer,group=group-3CB54AFAF892,id=67786a1d-245a-4cc3-a919-512758d2869e
2019-10-14 10:42:20,663 [pool-237-thread-1] INFO  impl.RaftServerImpl (RaftServerImpl.java:start(181)) - c87e9ba7-0ab7-42f5-9c23-8303171a75c1@group-3CB54AFAF892: start as a follower, conf=-1: [67786a1d-245a-4cc3-a919-512758d2869e:192.168.151.118:44136, bec337c1-fd65-4575-af37-df6bd2bbc527:192.168.151.118:46495, c87e9ba7-0ab7-42f5-9c23-8303171a75c1:192.168.151.118:36373], old=null
2019-10-14 10:42:20,664 [pool-237-thread-1] INFO  impl.RaftServerImpl (RaftServerImpl.java:setRole(170)) - c87e9ba7-0ab7-42f5-9c23-8303171a75c1@group-3CB54AFAF892: changes role from      null to FOLLOWER at term 0 for startAsFollower
2019-10-14 10:42:20,664 [pool-237-thread-1] INFO  impl.RoleInfo (RoleInfo.java:updateAndGet(143)) - c87e9ba7-0ab7-42f5-9c23-8303171a75c1: start FollowerState
2019-10-14 10:42:20,664 [pool-237-thread-1] INFO  util.JmxRegister (JmxRegister.java:tryRegister(44)) - Successfully registered JMX Bean with object name Ratis:service=RaftServer,group=group-3CB54AFAF892,id=c87e9ba7-0ab7-42f5-9c23-8303171a75c1
2019-10-14 10:42:20,671 [RatisPipelineUtilsThread] INFO  pipeline.PipelineStateManager (PipelineStateManager.java:addPipeline(56)) - Created pipeline Pipeline[ Id: c100d854-e6a7-47ca-9c24-3cb54afaf892, Nodes: c87e9ba7-0ab7-42f5-9c23-8303171a75c1{ip: 192.168.151.118, host: pr-hdds-2296-8rkbz-2376872687, networkLocation: /default-rack, certSerialId: null}bec337c1-fd65-4575-af37-df6bd2bbc527{ip: 192.168.151.118, host: pr-hdds-2296-8rkbz-2376872687, networkLocation: /default-rack, certSerialId: null}67786a1d-245a-4cc3-a919-512758d2869e{ip: 192.168.151.118, host: pr-hdds-2296-8rkbz-2376872687, networkLocation: /default-rack, certSerialId: null}, Type:RATIS, Factor:THREE, State:OPEN]
2019-10-14 10:42:21,414 [main] INFO  ozone.MiniOzoneClusterImpl (MiniOzoneClusterImpl.java:lambda$waitForClusterToBeReady$0(147)) - Cluster is ready. Got 7 of 7 DN Heartbeats.
2019-10-14 10:42:21,462 [main] INFO  rpc.RpcClient (RpcClient.java:createVolume(272)) - Creating Volume: watchforcommithandlingtest, with jenkins1000 as owner.
2019-10-14 10:42:21,465 [IPC Server handler 1 on 34891] INFO  volume.OMVolumeCreateRequest (OMVolumeCreateRequest.java:validateAndUpdateCache(193)) - created volume:watchforcommithandlingtest for user:jenkins1000
2019-10-14 10:42:21,479 [main] INFO  rpc.RpcClient (RpcClient.java:createBucket(411)) - Creating Bucket: watchforcommithandlingtest/watchforcommithandlingtest, with Versioning false and Storage Type set to DISK and Encryption set to false 
2019-10-14 10:42:21,484 [main] INFO  ozone.MiniOzoneClusterImpl (MiniOzoneClusterImpl.java:getStorageContainerLocationClient(234)) - Creating StorageContainerLocationProtocol RPC client with address /0.0.0.0:42111
2019-10-14 10:42:22,997 [Thread-1394] INFO  container.ReplicationManager (ReplicationManager.java:start(162)) - Starting Replication Monitor Thread.
2019-10-14 10:42:23,001 [ReplicationMonitor] INFO  container.ReplicationManager (ReplicationManager.java:run(225)) - Replication Monitor Thread took 0 milliseconds for processing 1 containers.
2019-10-14 10:42:25,161 [Thread-1396] INFO  impl.FollowerState (FollowerState.java:run(108)) - faa5a069-6aa5-438b-8b42-f24c62b85906@group-0EB3668EA71E-FollowerState: change to CANDIDATE, lastRpcTime:5128ms, electionTimeout:5128ms
2019-10-14 10:42:25,161 [Thread-1396] INFO  impl.RoleInfo (RoleInfo.java:shutdownFollowerState(121)) - faa5a069-6aa5-438b-8b42-f24c62b85906: shutdown FollowerState
2019-10-14 10:42:25,161 [Thread-1396] INFO  impl.RaftServerImpl (RaftServerImpl.java:setRole(170)) - faa5a069-6aa5-438b-8b42-f24c62b85906@group-0EB3668EA71E: changes role from  FOLLOWER to CANDIDATE at term 0 for changeToCandidate
2019-10-14 10:42:25,162 [Thread-1396] INFO  impl.RoleInfo (RoleInfo.java:updateAndGet(143)) - faa5a069-6aa5-438b-8b42-f24c62b85906: start LeaderElection
2019-10-14 10:42:25,188 [Thread-1399] INFO  impl.FollowerState (FollowerState.java:run(108)) - ab25a5f2-cb66-481d-9ac1-849da04a80bc@group-1A812315AF86-FollowerState: change to CANDIDATE, lastRpcTime:5056ms, electionTimeout:5056ms
2019-10-14 10:42:25,188 [Thread-1399] INFO  impl.RoleInfo (RoleInfo.java:shutdownFollowerState(121)) - ab25a5f2-cb66-481d-9ac1-849da04a80bc: shutdown FollowerState
2019-10-14 10:42:25,188 [Thread-1399] INFO  impl.RaftServerImpl (RaftServerImpl.java:setRole(170)) - ab25a5f2-cb66-481d-9ac1-849da04a80bc@group-1A812315AF86: changes role from  FOLLOWER to CANDIDATE at term 0 for changeToCandidate
2019-10-14 10:42:25,188 [Thread-1399] INFO  impl.RoleInfo (RoleInfo.java:updateAndGet(143)) - ab25a5f2-cb66-481d-9ac1-849da04a80bc: start LeaderElection
2019-10-14 10:42:25,190 [faa5a069-6aa5-438b-8b42-f24c62b85906@group-0EB3668EA71E-LeaderElection34] INFO  impl.LeaderElection (LeaderElection.java:askForVotes(178)) - faa5a069-6aa5-438b-8b42-f24c62b85906@group-0EB3668EA71E-LeaderElection34: begin an election at term 1 for -1: [faa5a069-6aa5-438b-8b42-f24c62b85906:192.168.151.118:34787], old=null
2019-10-14 10:42:25,193 [faa5a069-6aa5-438b-8b42-f24c62b85906@group-0EB3668EA71E-LeaderElection34] INFO  impl.RoleInfo (RoleInfo.java:shutdownLeaderElection(134)) - faa5a069-6aa5-438b-8b42-f24c62b85906: shutdown LeaderElection
2019-10-14 10:42:25,193 [faa5a069-6aa5-438b-8b42-f24c62b85906@group-0EB3668EA71E-LeaderElection34] INFO  impl.RaftServerImpl (RaftServerImpl.java:setRole(170)) - faa5a069-6aa5-438b-8b42-f24c62b85906@group-0EB3668EA71E: changes role from CANDIDATE to LEADER at term 1 for changeToLeader
2019-10-14 10:42:25,193 [faa5a069-6aa5-438b-8b42-f24c62b85906@group-0EB3668EA71E-LeaderElection34] INFO  impl.RaftServerImpl (ServerState.java:setLeader(255)) - faa5a069-6aa5-438b-8b42-f24c62b85906@group-0EB3668EA71E: change Leader from null to faa5a069-6aa5-438b-8b42-f24c62b85906 at term 1 for becomeLeader, leader elected after 5167ms
2019-10-14 10:42:25,193 [faa5a069-6aa5-438b-8b42-f24c62b85906@group-0EB3668EA71E-LeaderElection34] INFO  server.RaftServerConfigKeys (ConfUtils.java:logGet(43)) - raft.server.staging.catchup.gap = 1000 (default)
2019-10-14 10:42:25,193 [faa5a069-6aa5-438b-8b42-f24c62b85906@group-0EB3668EA71E-LeaderElection34] INFO  server.RaftServerConfigKeys (ConfUtils.java:logGet(43)) - raft.server.rpc.sleep.time = 25ms (default)
2019-10-14 10:42:25,193 [faa5a069-6aa5-438b-8b42-f24c62b85906@group-0EB3668EA71E-LeaderElection34] INFO  server.RaftServerConfigKeys (ConfUtils.java:logGet(43)) - raft.server.write.element-limit = 4096 (default)
2019-10-14 10:42:25,194 [faa5a069-6aa5-438b-8b42-f24c62b85906@group-0EB3668EA71E-LeaderElection34] INFO  server.RaftServerConfigKeys (ConfUtils.java:logGet(43)) - raft.server.watch.timeout = 10s (default)
2019-10-14 10:42:25,194 [faa5a069-6aa5-438b-8b42-f24c62b85906@group-0EB3668EA71E-LeaderElection34] INFO  server.RaftServerConfigKeys (ConfUtils.java:logGet(43)) - raft.server.watch.timeout.denomination = 1s (default)
2019-10-14 10:42:25,194 [faa5a069-6aa5-438b-8b42-f24c62b85906@group-0EB3668EA71E-LeaderElection34] INFO  server.RaftServerConfigKeys (ConfUtils.java:logGet(43)) - raft.server.watch.element-limit = 65536 (default)
2019-10-14 10:42:25,196 [faa5a069-6aa5-438b-8b42-f24c62b85906@group-0EB3668EA71E-LeaderElection34] INFO  impl.RoleInfo (RoleInfo.java:updateAndGet(143)) - faa5a069-6aa5-438b-8b42-f24c62b85906: start LeaderState
2019-10-14 10:42:25,197 [faa5a069-6aa5-438b-8b42-f24c62b85906@group-0EB3668EA71E-LeaderElection34] INFO  segmented.SegmentedRaftLogWorker (SegmentedRaftLogWorker.java:startLogSegment(385)) - faa5a069-6aa5-438b-8b42-f24c62b85906@group-0EB3668EA71E-SegmentedRaftLogWorker: Starting segment from index:0
2019-10-14 10:42:25,198 [faa5a069-6aa5-438b-8b42-f24c62b85906@group-0EB3668EA71E-LeaderElection34] INFO  impl.RaftServerImpl (ServerState.java:setRaftConf(356)) - faa5a069-6aa5-438b-8b42-f24c62b85906@group-0EB3668EA71E: set configuration 0: [faa5a069-6aa5-438b-8b42-f24c62b85906:192.168.151.118:34787], old=null at 0
2019-10-14 10:42:25,207 [ab25a5f2-cb66-481d-9ac1-849da04a80bc@group-1A812315AF86-LeaderElection35] INFO  impl.LeaderElection (LeaderElection.java:askForVotes(178)) - ab25a5f2-cb66-481d-9ac1-849da04a80bc@group-1A812315AF86-LeaderElection35: begin an election at term 1 for -1: [ab25a5f2-cb66-481d-9ac1-849da04a80bc:192.168.151.118:37353], old=null
2019-10-14 10:42:25,210 [ab25a5f2-cb66-481d-9ac1-849da04a80bc@group-1A812315AF86-LeaderElection35] INFO  impl.RoleInfo (RoleInfo.java:shutdownLeaderElection(134)) - ab25a5f2-cb66-481d-9ac1-849da04a80bc: shutdown LeaderElection
2019-10-14 10:42:25,210 [ab25a5f2-cb66-481d-9ac1-849da04a80bc@group-1A812315AF86-LeaderElection35] INFO  impl.RaftServerImpl (RaftServerImpl.java:setRole(170)) - ab25a5f2-cb66-481d-9ac1-849da04a80bc@group-1A812315AF86: changes role from CANDIDATE to LEADER at term 1 for changeToLeader
2019-10-14 10:42:25,210 [ab25a5f2-cb66-481d-9ac1-849da04a80bc@group-1A812315AF86-LeaderElection35] INFO  impl.RaftServerImpl (ServerState.java:setLeader(255)) - ab25a5f2-cb66-481d-9ac1-849da04a80bc@group-1A812315AF86: change Leader from null to ab25a5f2-cb66-481d-9ac1-849da04a80bc at term 1 for becomeLeader, leader elected after 5084ms
2019-10-14 10:42:25,210 [ab25a5f2-cb66-481d-9ac1-849da04a80bc@group-1A812315AF86-LeaderElection35] INFO  server.RaftServerConfigKeys (ConfUtils.java:logGet(43)) - raft.server.staging.catchup.gap = 1000 (default)
2019-10-14 10:42:25,210 [ab25a5f2-cb66-481d-9ac1-849da04a80bc@group-1A812315AF86-LeaderElection35] INFO  server.RaftServerConfigKeys (ConfUtils.java:logGet(43)) - raft.server.rpc.sleep.time = 25ms (default)
2019-10-14 10:42:25,211 [ab25a5f2-cb66-481d-9ac1-849da04a80bc@group-1A812315AF86-LeaderElection35] INFO  server.RaftServerConfigKeys (ConfUtils.java:logGet(43)) - raft.server.write.element-limit = 4096 (default)
2019-10-14 10:42:25,211 [ab25a5f2-cb66-481d-9ac1-849da04a80bc@group-1A812315AF86-LeaderElection35] INFO  server.RaftServerConfigKeys (ConfUtils.java:logGet(43)) - raft.server.watch.timeout = 10s (default)
2019-10-14 10:42:25,211 [ab25a5f2-cb66-481d-9ac1-849da04a80bc@group-1A812315AF86-LeaderElection35] INFO  server.RaftServerConfigKeys (ConfUtils.java:logGet(43)) - raft.server.watch.timeout.denomination = 1s (default)
2019-10-14 10:42:25,211 [ab25a5f2-cb66-481d-9ac1-849da04a80bc@group-1A812315AF86-LeaderElection35] INFO  server.RaftServerConfigKeys (ConfUtils.java:logGet(43)) - raft.server.watch.element-limit = 65536 (default)
2019-10-14 10:42:25,220 [ab25a5f2-cb66-481d-9ac1-849da04a80bc@group-1A812315AF86-LeaderElection35] INFO  impl.RoleInfo (RoleInfo.java:updateAndGet(143)) - ab25a5f2-cb66-481d-9ac1-849da04a80bc: start LeaderState
2019-10-14 10:42:25,221 [ab25a5f2-cb66-481d-9ac1-849da04a80bc@group-1A812315AF86-LeaderElection35] INFO  segmented.SegmentedRaftLogWorker (SegmentedRaftLogWorker.java:startLogSegment(385)) - ab25a5f2-cb66-481d-9ac1-849da04a80bc@group-1A812315AF86-SegmentedRaftLogWorker: Starting segment from index:0
2019-10-14 10:42:25,221 [ab25a5f2-cb66-481d-9ac1-849da04a80bc@group-1A812315AF86-LeaderElection35] INFO  impl.RaftServerImpl (ServerState.java:setRaftConf(356)) - ab25a5f2-cb66-481d-9ac1-849da04a80bc@group-1A812315AF86: set configuration 0: [ab25a5f2-cb66-481d-9ac1-849da04a80bc:192.168.151.118:37353], old=null at 0
2019-10-14 10:42:25,249 [faa5a069-6aa5-438b-8b42-f24c62b85906@group-0EB3668EA71E-SegmentedRaftLogWorker] INFO  segmented.SegmentedRaftLogWorker (SegmentedRaftLogWorker.java:execute(574)) - faa5a069-6aa5-438b-8b42-f24c62b85906@group-0EB3668EA71E-SegmentedRaftLogWorker: created new log segment /workdir/hadoop-ozone/integration-test/target/test-dir/MiniOzoneClusterImpl-b84ab8c1-3d8e-4d54-8bf3-5dd7b4c80550/datanode-0/data/ratis/01b9501e-9cf4-4a56-9f40-0eb3668ea71e/current/log_inprogress_0
2019-10-14 10:42:25,269 [ab25a5f2-cb66-481d-9ac1-849da04a80bc@group-1A812315AF86-SegmentedRaftLogWorker] INFO  segmented.SegmentedRaftLogWorker (SegmentedRaftLogWorker.java:execute(574)) - ab25a5f2-cb66-481d-9ac1-849da04a80bc@group-1A812315AF86-SegmentedRaftLogWorker: created new log segment /workdir/hadoop-ozone/integration-test/target/test-dir/MiniOzoneClusterImpl-b84ab8c1-3d8e-4d54-8bf3-5dd7b4c80550/datanode-1/data/ratis/fe002153-1567-4141-a7d0-1a812315af86/current/log_inprogress_0
2019-10-14 10:42:25,303 [Thread-1409] INFO  impl.FollowerState (FollowerState.java:run(108)) - 50bac784-5677-491f-b59b-4a4a2fee8033@group-CEA59BAEECCE-FollowerState: change to CANDIDATE, lastRpcTime:5002ms, electionTimeout:5002ms
2019-10-14 10:42:25,303 [Thread-1409] INFO  impl.RoleInfo (RoleInfo.java:shutdownFollowerState(121)) - 50bac784-5677-491f-b59b-4a4a2fee8033: shutdown FollowerState
2019-10-14 10:42:25,304 [Thread-1409] INFO  impl.RaftServerImpl (RaftServerImpl.java:setRole(170)) - 50bac784-5677-491f-b59b-4a4a2fee8033@group-CEA59BAEECCE: changes role from  FOLLOWER to CANDIDATE at term 0 for changeToCandidate
2019-10-14 10:42:25,304 [Thread-1409] INFO  impl.RoleInfo (RoleInfo.java:updateAndGet(143)) - 50bac784-5677-491f-b59b-4a4a2fee8033: start LeaderElection
2019-10-14 10:42:25,313 [Thread-1402] INFO  impl.FollowerState (FollowerState.java:run(108)) - 50bac784-5677-491f-b59b-4a4a2fee8033@group-D3C6BC595687-FollowerState: change to CANDIDATE, lastRpcTime:5097ms, electionTimeout:5097ms
2019-10-14 10:42:25,313 [Thread-1402] INFO  impl.RoleInfo (RoleInfo.java:shutdownFollowerState(121)) - 50bac784-5677-491f-b59b-4a4a2fee8033: shutdown FollowerState
2019-10-14 10:42:25,313 [Thread-1402] INFO  impl.RaftServerImpl (RaftServerImpl.java:setRole(170)) - 50bac784-5677-491f-b59b-4a4a2fee8033@group-D3C6BC595687: changes role from  FOLLOWER to CANDIDATE at term 0 for changeToCandidate
2019-10-14 10:42:25,313 [Thread-1402] INFO  impl.RoleInfo (RoleInfo.java:updateAndGet(143)) - 50bac784-5677-491f-b59b-4a4a2fee8033: start LeaderElection
2019-10-14 10:42:25,322 [50bac784-5677-491f-b59b-4a4a2fee8033@group-CEA59BAEECCE-LeaderElection36] INFO  impl.LeaderElection (LeaderElection.java:askForVotes(178)) - 50bac784-5677-491f-b59b-4a4a2fee8033@group-CEA59BAEECCE-LeaderElection36: begin an election at term 1 for -1: [50bac784-5677-491f-b59b-4a4a2fee8033:192.168.151.118:35200, faa5a069-6aa5-438b-8b42-f24c62b85906:192.168.151.118:34787, ab25a5f2-cb66-481d-9ac1-849da04a80bc:192.168.151.118:37353], old=null
2019-10-14 10:42:25,322 [50bac784-5677-491f-b59b-4a4a2fee8033@group-D3C6BC595687-LeaderElection37] INFO  impl.LeaderElection (LeaderElection.java:askForVotes(178)) - 50bac784-5677-491f-b59b-4a4a2fee8033@group-D3C6BC595687-LeaderElection37: begin an election at term 1 for -1: [50bac784-5677-491f-b59b-4a4a2fee8033:192.168.151.118:35200], old=null
2019-10-14 10:42:25,322 [50bac784-5677-491f-b59b-4a4a2fee8033@group-D3C6BC595687-LeaderElection37] INFO  impl.RoleInfo (RoleInfo.java:shutdownLeaderElection(134)) - 50bac784-5677-491f-b59b-4a4a2fee8033: shutdown LeaderElection
2019-10-14 10:42:25,322 [50bac784-5677-491f-b59b-4a4a2fee8033@group-D3C6BC595687-LeaderElection37] INFO  impl.RaftServerImpl (RaftServerImpl.java:setRole(170)) - 50bac784-5677-491f-b59b-4a4a2fee8033@group-D3C6BC595687: changes role from CANDIDATE to LEADER at term 1 for changeToLeader
2019-10-14 10:42:25,322 [50bac784-5677-491f-b59b-4a4a2fee8033@group-D3C6BC595687-LeaderElection37] INFO  impl.RaftServerImpl (ServerState.java:setLeader(255)) - 50bac784-5677-491f-b59b-4a4a2fee8033@group-D3C6BC595687: change Leader from null to 50bac784-5677-491f-b59b-4a4a2fee8033 at term 1 for becomeLeader, leader elected after 5112ms
2019-10-14 10:42:25,328 [50bac784-5677-491f-b59b-4a4a2fee8033@group-D3C6BC595687-LeaderElection37] INFO  server.RaftServerConfigKeys (ConfUtils.java:logGet(43)) - raft.server.staging.catchup.gap = 1000 (default)
2019-10-14 10:42:25,328 [50bac784-5677-491f-b59b-4a4a2fee8033@group-D3C6BC595687-LeaderElection37] INFO  server.RaftServerConfigKeys (ConfUtils.java:logGet(43)) - raft.server.rpc.sleep.time = 25ms (default)
2019-10-14 10:42:25,328 [50bac784-5677-491f-b59b-4a4a2fee8033@group-D3C6BC595687-LeaderElection37] INFO  server.RaftServerConfigKeys (ConfUtils.java:logGet(43)) - raft.server.write.element-limit = 4096 (default)
2019-10-14 10:42:25,328 [50bac784-5677-491f-b59b-4a4a2fee8033@group-D3C6BC595687-LeaderElection37] INFO  server.RaftServerConfigKeys (ConfUtils.java:logGet(43)) - raft.server.watch.timeout = 10s (default)
2019-10-14 10:42:25,328 [50bac784-5677-491f-b59b-4a4a2fee8033@group-D3C6BC595687-LeaderElection37] INFO  server.RaftServerConfigKeys (ConfUtils.java:logGet(43)) - raft.server.watch.timeout.denomination = 1s (default)
2019-10-14 10:42:25,328 [50bac784-5677-491f-b59b-4a4a2fee8033@group-D3C6BC595687-LeaderElection37] INFO  server.RaftServerConfigKeys (ConfUtils.java:logGet(43)) - raft.server.watch.element-limit = 65536 (default)
2019-10-14 10:42:25,331 [50bac784-5677-491f-b59b-4a4a2fee8033@group-D3C6BC595687-LeaderElection37] INFO  impl.RoleInfo (RoleInfo.java:updateAndGet(143)) - 50bac784-5677-491f-b59b-4a4a2fee8033: start LeaderState
2019-10-14 10:42:25,332 [50bac784-5677-491f-b59b-4a4a2fee8033@group-D3C6BC595687-LeaderElection37] INFO  segmented.SegmentedRaftLogWorker (SegmentedRaftLogWorker.java:startLogSegment(385)) - 50bac784-5677-491f-b59b-4a4a2fee8033@group-D3C6BC595687-SegmentedRaftLogWorker: Starting segment from index:0
2019-10-14 10:42:25,332 [50bac784-5677-491f-b59b-4a4a2fee8033@group-D3C6BC595687-LeaderElection37] INFO  impl.RaftServerImpl (ServerState.java:setRaftConf(356)) - 50bac784-5677-491f-b59b-4a4a2fee8033@group-D3C6BC595687: set configuration 0: [50bac784-5677-491f-b59b-4a4a2fee8033:192.168.151.118:35200], old=null at 0
2019-10-14 10:42:25,359 [grpc-default-executor-5] INFO  impl.RaftServerImpl (RaftServerImpl.java:setRole(170)) - ab25a5f2-cb66-481d-9ac1-849da04a80bc@group-CEA59BAEECCE: changes role from  FOLLOWER to FOLLOWER at term 1 for recognizeCandidate:50bac784-5677-491f-b59b-4a4a2fee8033
2019-10-14 10:42:25,359 [grpc-default-executor-4] INFO  impl.RaftServerImpl (RaftServerImpl.java:setRole(170)) - faa5a069-6aa5-438b-8b42-f24c62b85906@group-CEA59BAEECCE: changes role from  FOLLOWER to FOLLOWER at term 1 for recognizeCandidate:50bac784-5677-491f-b59b-4a4a2fee8033
2019-10-14 10:42:25,359 [grpc-default-executor-5] INFO  impl.RoleInfo (RoleInfo.java:shutdownFollowerState(121)) - ab25a5f2-cb66-481d-9ac1-849da04a80bc: shutdown FollowerState
2019-10-14 10:42:25,359 [grpc-default-executor-4] INFO  impl.RoleInfo (RoleInfo.java:shutdownFollowerState(121)) - faa5a069-6aa5-438b-8b42-f24c62b85906: shutdown FollowerState
2019-10-14 10:42:25,359 [grpc-default-executor-5] INFO  impl.RoleInfo (RoleInfo.java:updateAndGet(143)) - ab25a5f2-cb66-481d-9ac1-849da04a80bc: start FollowerState
2019-10-14 10:42:25,359 [Thread-1405] INFO  impl.FollowerState (FollowerState.java:run(117)) - ab25a5f2-cb66-481d-9ac1-849da04a80bc@group-CEA59BAEECCE-FollowerState was interrupted: java.lang.InterruptedException: sleep interrupted
2019-10-14 10:42:25,359 [grpc-default-executor-4] INFO  impl.RoleInfo (RoleInfo.java:updateAndGet(143)) - faa5a069-6aa5-438b-8b42-f24c62b85906: start FollowerState
2019-10-14 10:42:25,359 [Thread-1410] INFO  impl.FollowerState (FollowerState.java:run(117)) - faa5a069-6aa5-438b-8b42-f24c62b85906@group-CEA59BAEECCE-FollowerState was interrupted: java.lang.InterruptedException: sleep interrupted
2019-10-14 10:42:25,367 [50bac784-5677-491f-b59b-4a4a2fee8033@group-D3C6BC595687-SegmentedRaftLogWorker] INFO  segmented.SegmentedRaftLogWorker (SegmentedRaftLogWorker.java:execute(574)) - 50bac784-5677-491f-b59b-4a4a2fee8033@group-D3C6BC595687-SegmentedRaftLogWorker: created new log segment /workdir/hadoop-ozone/integration-test/target/test-dir/MiniOzoneClusterImpl-b84ab8c1-3d8e-4d54-8bf3-5dd7b4c80550/datanode-2/data/ratis/d84f1e5f-0124-4d42-89d3-d3c6bc595687/current/log_inprogress_0
2019-10-14 10:42:25,369 [50bac784-5677-491f-b59b-4a4a2fee8033@group-CEA59BAEECCE-LeaderElection36] INFO  impl.LeaderElection (LeaderElection.java:logAndReturn(56)) - 50bac784-5677-491f-b59b-4a4a2fee8033@group-CEA59BAEECCE-LeaderElection36: Election PASSED; received 1 response(s) [50bac784-5677-491f-b59b-4a4a2fee8033<-ab25a5f2-cb66-481d-9ac1-849da04a80bc#0:OK-t1] and 0 exception(s); 50bac784-5677-491f-b59b-4a4a2fee8033@group-CEA59BAEECCE:t1, leader=null, voted=50bac784-5677-491f-b59b-4a4a2fee8033, raftlog=50bac784-5677-491f-b59b-4a4a2fee8033@group-CEA59BAEECCE-SegmentedRaftLog:OPENED:c-1,f-1,i0, conf=-1: [50bac784-5677-491f-b59b-4a4a2fee8033:192.168.151.118:35200, faa5a069-6aa5-438b-8b42-f24c62b85906:192.168.151.118:34787, ab25a5f2-cb66-481d-9ac1-849da04a80bc:192.168.151.118:37353], old=null
2019-10-14 10:42:25,369 [50bac784-5677-491f-b59b-4a4a2fee8033@group-CEA59BAEECCE-LeaderElection36] INFO  impl.RoleInfo (RoleInfo.java:shutdownLeaderElection(134)) - 50bac784-5677-491f-b59b-4a4a2fee8033: shutdown LeaderElection
2019-10-14 10:42:25,370 [50bac784-5677-491f-b59b-4a4a2fee8033@group-CEA59BAEECCE-LeaderElection36] INFO  impl.RaftServerImpl (RaftServerImpl.java:setRole(170)) - 50bac784-5677-491f-b59b-4a4a2fee8033@group-CEA59BAEECCE: changes role from CANDIDATE to LEADER at term 1 for changeToLeader
2019-10-14 10:42:25,370 [50bac784-5677-491f-b59b-4a4a2fee8033@group-CEA59BAEECCE-LeaderElection36] INFO  impl.RaftServerImpl (ServerState.java:setLeader(255)) - 50bac784-5677-491f-b59b-4a4a2fee8033@group-CEA59BAEECCE: change Leader from null to 50bac784-5677-491f-b59b-4a4a2fee8033 at term 1 for becomeLeader, leader elected after 5082ms
2019-10-14 10:42:25,370 [50bac784-5677-491f-b59b-4a4a2fee8033@group-CEA59BAEECCE-LeaderElection36] INFO  server.RaftServerConfigKeys (ConfUtils.java:logGet(43)) - raft.server.staging.catchup.gap = 1000 (default)
2019-10-14 10:42:25,370 [50bac784-5677-491f-b59b-4a4a2fee8033@group-CEA59BAEECCE-LeaderElection36] INFO  server.RaftServerConfigKeys (ConfUtils.java:logGet(43)) - raft.server.rpc.sleep.time = 25ms (default)
2019-10-14 10:42:25,370 [50bac784-5677-491f-b59b-4a4a2fee8033@group-CEA59BAEECCE-LeaderElection36] INFO  server.RaftServerConfigKeys (ConfUtils.java:logGet(43)) - raft.server.write.element-limit = 4096 (default)
2019-10-14 10:42:25,370 [50bac784-5677-491f-b59b-4a4a2fee8033@group-CEA59BAEECCE-LeaderElection36] INFO  server.RaftServerConfigKeys (ConfUtils.java:logGet(43)) - raft.server.watch.timeout = 10s (default)
2019-10-14 10:42:25,370 [50bac784-5677-491f-b59b-4a4a2fee8033@group-CEA59BAEECCE-LeaderElection36] INFO  server.RaftServerConfigKeys (ConfUtils.java:logGet(43)) - raft.server.watch.timeout.denomination = 1s (default)
2019-10-14 10:42:25,370 [50bac784-5677-491f-b59b-4a4a2fee8033@group-CEA59BAEECCE-LeaderElection36] INFO  server.RaftServerConfigKeys (ConfUtils.java:logGet(43)) - raft.server.watch.element-limit = 65536 (default)
2019-10-14 10:42:25,372 [50bac784-5677-491f-b59b-4a4a2fee8033@group-CEA59BAEECCE-LeaderElection36] INFO  server.RaftServerConfigKeys (ConfUtils.java:logGet(43)) - raft.server.log.appender.snapshot.chunk.size.max = 16MB (=16777216) (default)
2019-10-14 10:42:25,372 [50bac784-5677-491f-b59b-4a4a2fee8033@group-CEA59BAEECCE-LeaderElection36] INFO  server.RaftServerConfigKeys (ConfUtils.java:logGet(43)) - raft.server.log.appender.buffer.byte-limit = 33554432 (custom)
2019-10-14 10:42:25,372 [50bac784-5677-491f-b59b-4a4a2fee8033@group-CEA59BAEECCE-LeaderElection36] INFO  server.RaftServerConfigKeys (ConfUtils.java:logGet(43)) - raft.server.log.appender.buffer.element-limit = 1 (custom)
2019-10-14 10:42:25,372 [50bac784-5677-491f-b59b-4a4a2fee8033@group-CEA59BAEECCE-LeaderElection36] INFO  grpc.GrpcConfigKeys$Server (ConfUtils.java:logGet(43)) - raft.grpc.server.leader.outstanding.appends.max = 128 (default)
2019-10-14 10:42:25,372 [50bac784-5677-491f-b59b-4a4a2fee8033@group-CEA59BAEECCE-LeaderElection36] INFO  server.RaftServerConfigKeys (ConfUtils.java:logGet(43)) - raft.server.rpc.request.timeout = 3000ms (default)
2019-10-14 10:42:25,372 [50bac784-5677-491f-b59b-4a4a2fee8033@group-CEA59BAEECCE-LeaderElection36] INFO  server.RaftServerConfigKeys (ConfUtils.java:logGet(43)) - raft.server.log.appender.install.snapshot.enabled = false (custom)
2019-10-14 10:42:25,372 [50bac784-5677-491f-b59b-4a4a2fee8033@group-CEA59BAEECCE-LeaderElection36] INFO  server.RaftServerConfigKeys (ConfUtils.java:logGet(43)) - raft.server.log.appender.snapshot.chunk.size.max = 16MB (=16777216) (default)
2019-10-14 10:42:25,373 [50bac784-5677-491f-b59b-4a4a2fee8033@group-CEA59BAEECCE-LeaderElection36] INFO  server.RaftServerConfigKeys (ConfUtils.java:logGet(43)) - raft.server.log.appender.buffer.byte-limit = 33554432 (custom)
2019-10-14 10:42:25,373 [50bac784-5677-491f-b59b-4a4a2fee8033@group-CEA59BAEECCE-LeaderElection36] INFO  server.RaftServerConfigKeys (ConfUtils.java:logGet(43)) - raft.server.log.appender.buffer.element-limit = 1 (custom)
2019-10-14 10:42:25,373 [50bac784-5677-491f-b59b-4a4a2fee8033@group-CEA59BAEECCE-LeaderElection36] INFO  grpc.GrpcConfigKeys$Server (ConfUtils.java:logGet(43)) - raft.grpc.server.leader.outstanding.appends.max = 128 (default)
2019-10-14 10:42:25,373 [50bac784-5677-491f-b59b-4a4a2fee8033@group-CEA59BAEECCE-LeaderElection36] INFO  server.RaftServerConfigKeys (ConfUtils.java:logGet(43)) - raft.server.rpc.request.timeout = 3000ms (default)
2019-10-14 10:42:25,373 [50bac784-5677-491f-b59b-4a4a2fee8033@group-CEA59BAEECCE-LeaderElection36] INFO  server.RaftServerConfigKeys (ConfUtils.java:logGet(43)) - raft.server.log.appender.install.snapshot.enabled = false (custom)
2019-10-14 10:42:25,373 [50bac784-5677-491f-b59b-4a4a2fee8033@group-CEA59BAEECCE-LeaderElection36] INFO  impl.RoleInfo (RoleInfo.java:updateAndGet(143)) - 50bac784-5677-491f-b59b-4a4a2fee8033: start LeaderState
2019-10-14 10:42:25,373 [50bac784-5677-491f-b59b-4a4a2fee8033@group-CEA59BAEECCE-LeaderElection36] INFO  segmented.SegmentedRaftLogWorker (SegmentedRaftLogWorker.java:startLogSegment(385)) - 50bac784-5677-491f-b59b-4a4a2fee8033@group-CEA59BAEECCE-SegmentedRaftLogWorker: Starting segment from index:0
2019-10-14 10:42:25,374 [50bac784-5677-491f-b59b-4a4a2fee8033@group-CEA59BAEECCE-LeaderElection36] INFO  impl.RaftServerImpl (ServerState.java:setRaftConf(356)) - 50bac784-5677-491f-b59b-4a4a2fee8033@group-CEA59BAEECCE: set configuration 0: [50bac784-5677-491f-b59b-4a4a2fee8033:192.168.151.118:35200, faa5a069-6aa5-438b-8b42-f24c62b85906:192.168.151.118:34787, ab25a5f2-cb66-481d-9ac1-849da04a80bc:192.168.151.118:37353], old=null at 0
2019-10-14 10:42:25,400 [grpc-default-executor-5] INFO  impl.RaftServerImpl (ServerState.java:setLeader(255)) - ab25a5f2-cb66-481d-9ac1-849da04a80bc@group-CEA59BAEECCE: change Leader from null to 50bac784-5677-491f-b59b-4a4a2fee8033 at term 1 for appendEntries, leader elected after 5113ms
2019-10-14 10:42:25,405 [grpc-default-executor-1] INFO  impl.RaftServerImpl (ServerState.java:setLeader(255)) - faa5a069-6aa5-438b-8b42-f24c62b85906@group-CEA59BAEECCE: change Leader from null to 50bac784-5677-491f-b59b-4a4a2fee8033 at term 1 for appendEntries, leader elected after 5118ms
2019-10-14 10:42:25,414 [50bac784-5677-491f-b59b-4a4a2fee8033@group-CEA59BAEECCE-SegmentedRaftLogWorker] INFO  segmented.SegmentedRaftLogWorker (SegmentedRaftLogWorker.java:execute(574)) - 50bac784-5677-491f-b59b-4a4a2fee8033@group-CEA59BAEECCE-SegmentedRaftLogWorker: created new log segment /workdir/hadoop-ozone/integration-test/target/test-dir/MiniOzoneClusterImpl-b84ab8c1-3d8e-4d54-8bf3-5dd7b4c80550/datanode-2/data/ratis/a6937e34-a561-4bef-ae0c-cea59baeecce/current/log_inprogress_0
2019-10-14 10:42:25,415 [grpc-default-executor-1] INFO  impl.RaftServerImpl (ServerState.java:setRaftConf(356)) - ab25a5f2-cb66-481d-9ac1-849da04a80bc@group-CEA59BAEECCE: set configuration 0: [50bac784-5677-491f-b59b-4a4a2fee8033:192.168.151.118:35200, faa5a069-6aa5-438b-8b42-f24c62b85906:192.168.151.118:34787, ab25a5f2-cb66-481d-9ac1-849da04a80bc:192.168.151.118:37353], old=null at 0
2019-10-14 10:42:25,416 [grpc-default-executor-1] INFO  segmented.SegmentedRaftLogWorker (SegmentedRaftLogWorker.java:startLogSegment(385)) - ab25a5f2-cb66-481d-9ac1-849da04a80bc@group-CEA59BAEECCE-SegmentedRaftLogWorker: Starting segment from index:0
2019-10-14 10:42:25,416 [grpc-default-executor-4] INFO  impl.RaftServerImpl (ServerState.java:setRaftConf(356)) - faa5a069-6aa5-438b-8b42-f24c62b85906@group-CEA59BAEECCE: set configuration 0: [50bac784-5677-491f-b59b-4a4a2fee8033:192.168.151.118:35200, faa5a069-6aa5-438b-8b42-f24c62b85906:192.168.151.118:34787, ab25a5f2-cb66-481d-9ac1-849da04a80bc:192.168.151.118:37353], old=null at 0
2019-10-14 10:42:25,416 [grpc-default-executor-4] INFO  segmented.SegmentedRaftLogWorker (SegmentedRaftLogWorker.java:startLogSegment(385)) - faa5a069-6aa5-438b-8b42-f24c62b85906@group-CEA59BAEECCE-SegmentedRaftLogWorker: Starting segment from index:0
2019-10-14 10:42:25,477 [faa5a069-6aa5-438b-8b42-f24c62b85906@group-CEA59BAEECCE-SegmentedRaftLogWorker] INFO  segmented.SegmentedRaftLogWorker (SegmentedRaftLogWorker.java:execute(574)) - faa5a069-6aa5-438b-8b42-f24c62b85906@group-CEA59BAEECCE-SegmentedRaftLogWorker: created new log segment /workdir/hadoop-ozone/integration-test/target/test-dir/MiniOzoneClusterImpl-b84ab8c1-3d8e-4d54-8bf3-5dd7b4c80550/datanode-0/data/ratis/a6937e34-a561-4bef-ae0c-cea59baeecce/current/log_inprogress_0
2019-10-14 10:42:25,477 [ab25a5f2-cb66-481d-9ac1-849da04a80bc@group-CEA59BAEECCE-SegmentedRaftLogWorker] INFO  segmented.SegmentedRaftLogWorker (SegmentedRaftLogWorker.java:execute(574)) - ab25a5f2-cb66-481d-9ac1-849da04a80bc@group-CEA59BAEECCE-SegmentedRaftLogWorker: created new log segment /workdir/hadoop-ozone/integration-test/target/test-dir/MiniOzoneClusterImpl-b84ab8c1-3d8e-4d54-8bf3-5dd7b4c80550/datanode-1/data/ratis/a6937e34-a561-4bef-ae0c-cea59baeecce/current/log_inprogress_0
2019-10-14 10:42:25,532 [Thread-1420] INFO  impl.FollowerState (FollowerState.java:run(108)) - 67786a1d-245a-4cc3-a919-512758d2869e@group-BAA733B39994-FollowerState: change to CANDIDATE, lastRpcTime:5016ms, electionTimeout:5016ms
2019-10-14 10:42:25,532 [Thread-1420] INFO  impl.RoleInfo (RoleInfo.java:shutdownFollowerState(121)) - 67786a1d-245a-4cc3-a919-512758d2869e: shutdown FollowerState
2019-10-14 10:42:25,532 [Thread-1420] INFO  impl.RaftServerImpl (RaftServerImpl.java:setRole(170)) - 67786a1d-245a-4cc3-a919-512758d2869e@group-BAA733B39994: changes role from  FOLLOWER to CANDIDATE at term 0 for changeToCandidate
2019-10-14 10:42:25,532 [Thread-1420] INFO  impl.RoleInfo (RoleInfo.java:updateAndGet(143)) - 67786a1d-245a-4cc3-a919-512758d2869e: start LeaderElection
2019-10-14 10:42:25,538 [Thread-1417] INFO  impl.FollowerState (FollowerState.java:run(108)) - bec337c1-fd65-4575-af37-df6bd2bbc527@group-4B92BE1C046C-FollowerState: change to CANDIDATE, lastRpcTime:5075ms, electionTimeout:5073ms
2019-10-14 10:42:25,538 [Thread-1417] INFO  impl.RoleInfo (RoleInfo.java:shutdownFollowerState(121)) - bec337c1-fd65-4575-af37-df6bd2bbc527: shutdown FollowerState
2019-10-14 10:42:25,538 [Thread-1417] INFO  impl.RaftServerImpl (RaftServerImpl.java:setRole(170)) - bec337c1-fd65-4575-af37-df6bd2bbc527@group-4B92BE1C046C: changes role from  FOLLOWER to CANDIDATE at term 0 for changeToCandidate
2019-10-14 10:42:25,539 [Thread-1417] INFO  impl.RoleInfo (RoleInfo.java:updateAndGet(143)) - bec337c1-fd65-4575-af37-df6bd2bbc527: start LeaderElection
2019-10-14 10:42:25,560 [bec337c1-fd65-4575-af37-df6bd2bbc527@group-4B92BE1C046C-LeaderElection39] INFO  impl.LeaderElection (LeaderElection.java:askForVotes(178)) - bec337c1-fd65-4575-af37-df6bd2bbc527@group-4B92BE1C046C-LeaderElection39: begin an election at term 1 for -1: [bec337c1-fd65-4575-af37-df6bd2bbc527:192.168.151.118:46495], old=null
2019-10-14 10:42:25,560 [67786a1d-245a-4cc3-a919-512758d2869e@group-BAA733B39994-LeaderElection38] INFO  impl.LeaderElection (LeaderElection.java:askForVotes(178)) - 67786a1d-245a-4cc3-a919-512758d2869e@group-BAA733B39994-LeaderElection38: begin an election at term 1 for -1: [67786a1d-245a-4cc3-a919-512758d2869e:192.168.151.118:44136], old=null
2019-10-14 10:42:25,560 [bec337c1-fd65-4575-af37-df6bd2bbc527@group-4B92BE1C046C-LeaderElection39] INFO  impl.RoleInfo (RoleInfo.java:shutdownLeaderElection(134)) - bec337c1-fd65-4575-af37-df6bd2bbc527: shutdown LeaderElection
2019-10-14 10:42:25,560 [67786a1d-245a-4cc3-a919-512758d2869e@group-BAA733B39994-LeaderElection38] INFO  impl.RoleInfo (RoleInfo.java:shutdownLeaderElection(134)) - 67786a1d-245a-4cc3-a919-512758d2869e: shutdown LeaderElection
2019-10-14 10:42:25,560 [bec337c1-fd65-4575-af37-df6bd2bbc527@group-4B92BE1C046C-LeaderElection39] INFO  impl.RaftServerImpl (RaftServerImpl.java:setRole(170)) - bec337c1-fd65-4575-af37-df6bd2bbc527@group-4B92BE1C046C: changes role from CANDIDATE to LEADER at term 1 for changeToLeader
2019-10-14 10:42:25,560 [67786a1d-245a-4cc3-a919-512758d2869e@group-BAA733B39994-LeaderElection38] INFO  impl.RaftServerImpl (RaftServerImpl.java:setRole(170)) - 67786a1d-245a-4cc3-a919-512758d2869e@group-BAA733B39994: changes role from CANDIDATE to LEADER at term 1 for changeToLeader
2019-10-14 10:42:25,561 [bec337c1-fd65-4575-af37-df6bd2bbc527@group-4B92BE1C046C-LeaderElection39] INFO  impl.RaftServerImpl (ServerState.java:setLeader(255)) - bec337c1-fd65-4575-af37-df6bd2bbc527@group-4B92BE1C046C: change Leader from null to bec337c1-fd65-4575-af37-df6bd2bbc527 at term 1 for becomeLeader, leader elected after 5103ms
2019-10-14 10:42:25,561 [67786a1d-245a-4cc3-a919-512758d2869e@group-BAA733B39994-LeaderElection38] INFO  impl.RaftServerImpl (ServerState.java:setLeader(255)) - 67786a1d-245a-4cc3-a919-512758d2869e@group-BAA733B39994: change Leader from null to 67786a1d-245a-4cc3-a919-512758d2869e at term 1 for becomeLeader, leader elected after 5051ms
2019-10-14 10:42:25,561 [bec337c1-fd65-4575-af37-df6bd2bbc527@group-4B92BE1C046C-LeaderElection39] INFO  server.RaftServerConfigKeys (ConfUtils.java:logGet(43)) - raft.server.staging.catchup.gap = 1000 (default)
2019-10-14 10:42:25,561 [67786a1d-245a-4cc3-a919-512758d2869e@group-BAA733B39994-LeaderElection38] INFO  server.RaftServerConfigKeys (ConfUtils.java:logGet(43)) - raft.server.staging.catchup.gap = 1000 (default)
2019-10-14 10:42:25,561 [bec337c1-fd65-4575-af37-df6bd2bbc527@group-4B92BE1C046C-LeaderElection39] INFO  server.RaftServerConfigKeys (ConfUtils.java:logGet(43)) - raft.server.rpc.sleep.time = 25ms (default)
2019-10-14 10:42:25,561 [67786a1d-245a-4cc3-a919-512758d2869e@group-BAA733B39994-LeaderElection38] INFO  server.RaftServerConfigKeys (ConfUtils.java:logGet(43)) - raft.server.rpc.sleep.time = 25ms (default)
2019-10-14 10:42:25,561 [bec337c1-fd65-4575-af37-df6bd2bbc527@group-4B92BE1C046C-LeaderElection39] INFO  server.RaftServerConfigKeys (ConfUtils.java:logGet(43)) - raft.server.write.element-limit = 4096 (default)
2019-10-14 10:42:25,562 [67786a1d-245a-4cc3-a919-512758d2869e@group-BAA733B39994-LeaderElection38] INFO  server.RaftServerConfigKeys (ConfUtils.java:logGet(43)) - raft.server.write.element-limit = 4096 (default)
2019-10-14 10:42:25,562 [bec337c1-fd65-4575-af37-df6bd2bbc527@group-4B92BE1C046C-LeaderElection39] INFO  server.RaftServerConfigKeys (ConfUtils.java:logGet(43)) - raft.server.watch.timeout = 10s (default)
2019-10-14 10:42:25,562 [67786a1d-245a-4cc3-a919-512758d2869e@group-BAA733B39994-LeaderElection38] INFO  server.RaftServerConfigKeys (ConfUtils.java:logGet(43)) - raft.server.watch.timeout = 10s (default)
2019-10-14 10:42:25,562 [bec337c1-fd65-4575-af37-df6bd2bbc527@group-4B92BE1C046C-LeaderElection39] INFO  server.RaftServerConfigKeys (ConfUtils.java:logGet(43)) - raft.server.watch.timeout.denomination = 1s (default)
2019-10-14 10:42:25,562 [67786a1d-245a-4cc3-a919-512758d2869e@group-BAA733B39994-LeaderElection38] INFO  server.RaftServerConfigKeys (ConfUtils.java:logGet(43)) - raft.server.watch.timeout.denomination = 1s (default)
2019-10-14 10:42:25,562 [bec337c1-fd65-4575-af37-df6bd2bbc527@group-4B92BE1C046C-LeaderElection39] INFO  server.RaftServerConfigKeys (ConfUtils.java:logGet(43)) - raft.server.watch.element-limit = 65536 (default)
2019-10-14 10:42:25,562 [67786a1d-245a-4cc3-a919-512758d2869e@group-BAA733B39994-LeaderElection38] INFO  server.RaftServerConfigKeys (ConfUtils.java:logGet(43)) - raft.server.watch.element-limit = 65536 (default)
2019-10-14 10:42:25,565 [bec337c1-fd65-4575-af37-df6bd2bbc527@group-4B92BE1C046C-LeaderElection39] INFO  impl.RoleInfo (RoleInfo.java:updateAndGet(143)) - bec337c1-fd65-4575-af37-df6bd2bbc527: start LeaderState
2019-10-14 10:42:25,565 [bec337c1-fd65-4575-af37-df6bd2bbc527@group-4B92BE1C046C-LeaderElection39] INFO  segmented.SegmentedRaftLogWorker (SegmentedRaftLogWorker.java:startLogSegment(385)) - bec337c1-fd65-4575-af37-df6bd2bbc527@group-4B92BE1C046C-SegmentedRaftLogWorker: Starting segment from index:0
2019-10-14 10:42:25,565 [67786a1d-245a-4cc3-a919-512758d2869e@group-BAA733B39994-LeaderElection38] INFO  impl.RoleInfo (RoleInfo.java:updateAndGet(143)) - 67786a1d-245a-4cc3-a919-512758d2869e: start LeaderState
2019-10-14 10:42:25,566 [67786a1d-245a-4cc3-a919-512758d2869e@group-BAA733B39994-LeaderElection38] INFO  segmented.SegmentedRaftLogWorker (SegmentedRaftLogWorker.java:startLogSegment(385)) - 67786a1d-245a-4cc3-a919-512758d2869e@group-BAA733B39994-SegmentedRaftLogWorker: Starting segment from index:0
2019-10-14 10:42:25,566 [bec337c1-fd65-4575-af37-df6bd2bbc527@group-4B92BE1C046C-LeaderElection39] INFO  impl.RaftServerImpl (ServerState.java:setRaftConf(356)) - bec337c1-fd65-4575-af37-df6bd2bbc527@group-4B92BE1C046C: set configuration 0: [bec337c1-fd65-4575-af37-df6bd2bbc527:192.168.151.118:46495], old=null at 0
2019-10-14 10:42:25,566 [67786a1d-245a-4cc3-a919-512758d2869e@group-BAA733B39994-LeaderElection38] INFO  impl.RaftServerImpl (ServerState.java:setRaftConf(356)) - 67786a1d-245a-4cc3-a919-512758d2869e@group-BAA733B39994: set configuration 0: [67786a1d-245a-4cc3-a919-512758d2869e:192.168.151.118:44136], old=null at 0
2019-10-14 10:42:25,605 [67786a1d-245a-4cc3-a919-512758d2869e@group-BAA733B39994-SegmentedRaftLogWorker] INFO  segmented.SegmentedRaftLogWorker (SegmentedRaftLogWorker.java:execute(574)) - 67786a1d-245a-4cc3-a919-512758d2869e@group-BAA733B39994-SegmentedRaftLogWorker: created new log segment /workdir/hadoop-ozone/integration-test/target/test-dir/MiniOzoneClusterImpl-b84ab8c1-3d8e-4d54-8bf3-5dd7b4c80550/datanode-5/data/ratis/616e5d8d-06ab-47dd-8009-baa733b39994/current/log_inprogress_0
2019-10-14 10:42:25,607 [bec337c1-fd65-4575-af37-df6bd2bbc527@group-4B92BE1C046C-SegmentedRaftLogWorker] INFO  segmented.SegmentedRaftLogWorker (SegmentedRaftLogWorker.java:execute(574)) - bec337c1-fd65-4575-af37-df6bd2bbc527@group-4B92BE1C046C-SegmentedRaftLogWorker: created new log segment /workdir/hadoop-ozone/integration-test/target/test-dir/MiniOzoneClusterImpl-b84ab8c1-3d8e-4d54-8bf3-5dd7b4c80550/datanode-6/data/ratis/60004f26-90bf-4571-8d69-4b92be1c046c/current/log_inprogress_0
2019-10-14 10:42:25,609 [Thread-1414] INFO  impl.FollowerState (FollowerState.java:run(108)) - c87e9ba7-0ab7-42f5-9c23-8303171a75c1@group-5C7668669D07-FollowerState: change to CANDIDATE, lastRpcTime:5196ms, electionTimeout:5195ms
2019-10-14 10:42:25,612 [Thread-1414] INFO  impl.RoleInfo (RoleInfo.java:shutdownFollowerState(121)) - c87e9ba7-0ab7-42f5-9c23-8303171a75c1: shutdown FollowerState
2019-10-14 10:42:25,612 [Thread-1414] INFO  impl.RaftServerImpl (RaftServerImpl.java:setRole(170)) - c87e9ba7-0ab7-42f5-9c23-8303171a75c1@group-5C7668669D07: changes role from  FOLLOWER to CANDIDATE at term 0 for changeToCandidate
2019-10-14 10:42:25,612 [Thread-1414] INFO  impl.RoleInfo (RoleInfo.java:updateAndGet(143)) - c87e9ba7-0ab7-42f5-9c23-8303171a75c1: start LeaderElection
2019-10-14 10:42:25,648 [c87e9ba7-0ab7-42f5-9c23-8303171a75c1@group-5C7668669D07-LeaderElection40] INFO  impl.LeaderElection (LeaderElection.java:askForVotes(178)) - c87e9ba7-0ab7-42f5-9c23-8303171a75c1@group-5C7668669D07-LeaderElection40: begin an election at term 1 for -1: [c87e9ba7-0ab7-42f5-9c23-8303171a75c1:192.168.151.118:36373], old=null
2019-10-14 10:42:25,648 [c87e9ba7-0ab7-42f5-9c23-8303171a75c1@group-5C7668669D07-LeaderElection40] INFO  impl.RoleInfo (RoleInfo.java:shutdownLeaderElection(134)) - c87e9ba7-0ab7-42f5-9c23-8303171a75c1: shutdown LeaderElection
2019-10-14 10:42:25,648 [c87e9ba7-0ab7-42f5-9c23-8303171a75c1@group-5C7668669D07-LeaderElection40] INFO  impl.RaftServerImpl (RaftServerImpl.java:setRole(170)) - c87e9ba7-0ab7-42f5-9c23-8303171a75c1@group-5C7668669D07: changes role from CANDIDATE to LEADER at term 1 for changeToLeader
2019-10-14 10:42:25,649 [c87e9ba7-0ab7-42f5-9c23-8303171a75c1@group-5C7668669D07-LeaderElection40] INFO  impl.RaftServerImpl (ServerState.java:setLeader(255)) - c87e9ba7-0ab7-42f5-9c23-8303171a75c1@group-5C7668669D07: change Leader from null to c87e9ba7-0ab7-42f5-9c23-8303171a75c1 at term 1 for becomeLeader, leader elected after 5243ms
2019-10-14 10:42:25,649 [c87e9ba7-0ab7-42f5-9c23-8303171a75c1@group-5C7668669D07-LeaderElection40] INFO  server.RaftServerConfigKeys (ConfUtils.java:logGet(43)) - raft.server.staging.catchup.gap = 1000 (default)
2019-10-14 10:42:25,649 [c87e9ba7-0ab7-42f5-9c23-8303171a75c1@group-5C7668669D07-LeaderElection40] INFO  server.RaftServerConfigKeys (ConfUtils.java:logGet(43)) - raft.server.rpc.sleep.time = 25ms (default)
2019-10-14 10:42:25,649 [c87e9ba7-0ab7-42f5-9c23-8303171a75c1@group-5C7668669D07-LeaderElection40] INFO  server.RaftServerConfigKeys (ConfUtils.java:logGet(43)) - raft.server.write.element-limit = 4096 (default)
2019-10-14 10:42:25,650 [c87e9ba7-0ab7-42f5-9c23-8303171a75c1@group-5C7668669D07-LeaderElection40] INFO  server.RaftServerConfigKeys (ConfUtils.java:logGet(43)) - raft.server.watch.timeout = 10s (default)
2019-10-14 10:42:25,650 [c87e9ba7-0ab7-42f5-9c23-8303171a75c1@group-5C7668669D07-LeaderElection40] INFO  server.RaftServerConfigKeys (ConfUtils.java:logGet(43)) - raft.server.watch.timeout.denomination = 1s (default)
2019-10-14 10:42:25,650 [c87e9ba7-0ab7-42f5-9c23-8303171a75c1@group-5C7668669D07-LeaderElection40] INFO  server.RaftServerConfigKeys (ConfUtils.java:logGet(43)) - raft.server.watch.element-limit = 65536 (default)
2019-10-14 10:42:25,652 [c87e9ba7-0ab7-42f5-9c23-8303171a75c1@group-5C7668669D07-LeaderElection40] INFO  impl.RoleInfo (RoleInfo.java:updateAndGet(143)) - c87e9ba7-0ab7-42f5-9c23-8303171a75c1: start LeaderState
2019-10-14 10:42:25,653 [c87e9ba7-0ab7-42f5-9c23-8303171a75c1@group-5C7668669D07-LeaderElection40] INFO  segmented.SegmentedRaftLogWorker (SegmentedRaftLogWorker.java:startLogSegment(385)) - c87e9ba7-0ab7-42f5-9c23-8303171a75c1@group-5C7668669D07-SegmentedRaftLogWorker: Starting segment from index:0
2019-10-14 10:42:25,654 [c87e9ba7-0ab7-42f5-9c23-8303171a75c1@group-5C7668669D07-LeaderElection40] INFO  impl.RaftServerImpl (ServerState.java:setRaftConf(356)) - c87e9ba7-0ab7-42f5-9c23-8303171a75c1@group-5C7668669D07: set configuration 0: [c87e9ba7-0ab7-42f5-9c23-8303171a75c1:192.168.151.118:36373], old=null at 0
2019-10-14 10:42:25,673 [Thread-1433] INFO  impl.FollowerState (FollowerState.java:run(108)) - 67786a1d-245a-4cc3-a919-512758d2869e@group-3CB54AFAF892-FollowerState: change to CANDIDATE, lastRpcTime:5011ms, electionTimeout:5011ms
2019-10-14 10:42:25,673 [Thread-1433] INFO  impl.RoleInfo (RoleInfo.java:shutdownFollowerState(121)) - 67786a1d-245a-4cc3-a919-512758d2869e: shutdown FollowerState
2019-10-14 10:42:25,674 [Thread-1433] INFO  impl.RaftServerImpl (RaftServerImpl.java:setRole(170)) - 67786a1d-245a-4cc3-a919-512758d2869e@group-3CB54AFAF892: changes role from  FOLLOWER to CANDIDATE at term 0 for changeToCandidate
2019-10-14 10:42:25,674 [Thread-1433] INFO  impl.RoleInfo (RoleInfo.java:updateAndGet(143)) - 67786a1d-245a-4cc3-a919-512758d2869e: start LeaderElection
2019-10-14 10:42:25,706 [c87e9ba7-0ab7-42f5-9c23-8303171a75c1@group-5C7668669D07-SegmentedRaftLogWorker] INFO  segmented.SegmentedRaftLogWorker (SegmentedRaftLogWorker.java:execute(574)) - c87e9ba7-0ab7-42f5-9c23-8303171a75c1@group-5C7668669D07-SegmentedRaftLogWorker: created new log segment /workdir/hadoop-ozone/integration-test/target/test-dir/MiniOzoneClusterImpl-b84ab8c1-3d8e-4d54-8bf3-5dd7b4c80550/datanode-3/data/ratis/e02da475-0331-47b2-b5bf-5c7668669d07/current/log_inprogress_0
2019-10-14 10:42:25,721 [67786a1d-245a-4cc3-a919-512758d2869e@group-3CB54AFAF892-LeaderElection41] INFO  impl.LeaderElection (LeaderElection.java:askForVotes(178)) - 67786a1d-245a-4cc3-a919-512758d2869e@group-3CB54AFAF892-LeaderElection41: begin an election at term 1 for -1: [67786a1d-245a-4cc3-a919-512758d2869e:192.168.151.118:44136, bec337c1-fd65-4575-af37-df6bd2bbc527:192.168.151.118:46495, c87e9ba7-0ab7-42f5-9c23-8303171a75c1:192.168.151.118:36373], old=null
2019-10-14 10:42:25,724 [Thread-1426] INFO  impl.FollowerState (FollowerState.java:run(108)) - 237156bb-0804-4f8e-8978-505822570478@group-D54C93C84480-FollowerState: change to CANDIDATE, lastRpcTime:5150ms, electionTimeout:5150ms
2019-10-14 10:42:25,724 [Thread-1426] INFO  impl.RoleInfo (RoleInfo.java:shutdownFollowerState(121)) - 237156bb-0804-4f8e-8978-505822570478: shutdown FollowerState
2019-10-14 10:42:25,724 [Thread-1426] INFO  impl.RaftServerImpl (RaftServerImpl.java:setRole(170)) - 237156bb-0804-4f8e-8978-505822570478@group-D54C93C84480: changes role from  FOLLOWER to CANDIDATE at term 0 for changeToCandidate
2019-10-14 10:42:25,725 [Thread-1426] INFO  impl.RoleInfo (RoleInfo.java:updateAndGet(143)) - 237156bb-0804-4f8e-8978-505822570478: start LeaderElection
2019-10-14 10:42:25,728 [grpc-default-executor-1] INFO  impl.RaftServerImpl (RaftServerImpl.java:setRole(170)) - bec337c1-fd65-4575-af37-df6bd2bbc527@group-3CB54AFAF892: changes role from  FOLLOWER to FOLLOWER at term 1 for recognizeCandidate:67786a1d-245a-4cc3-a919-512758d2869e
2019-10-14 10:42:25,731 [grpc-default-executor-1] INFO  impl.RoleInfo (RoleInfo.java:shutdownFollowerState(121)) - bec337c1-fd65-4575-af37-df6bd2bbc527: shutdown FollowerState
2019-10-14 10:42:25,732 [grpc-default-executor-1] INFO  impl.RoleInfo (RoleInfo.java:updateAndGet(143)) - bec337c1-fd65-4575-af37-df6bd2bbc527: start FollowerState
2019-10-14 10:42:25,733 [Thread-1429] INFO  impl.FollowerState (FollowerState.java:run(117)) - bec337c1-fd65-4575-af37-df6bd2bbc527@group-3CB54AFAF892-FollowerState was interrupted: java.lang.InterruptedException: sleep interrupted
2019-10-14 10:42:25,733 [grpc-default-executor-4] INFO  impl.RaftServerImpl (RaftServerImpl.java:setRole(170)) - c87e9ba7-0ab7-42f5-9c23-8303171a75c1@group-3CB54AFAF892: changes role from  FOLLOWER to FOLLOWER at term 1 for recognizeCandidate:67786a1d-245a-4cc3-a919-512758d2869e
2019-10-14 10:42:25,735 [grpc-default-executor-4] INFO  impl.RoleInfo (RoleInfo.java:shutdownFollowerState(121)) - c87e9ba7-0ab7-42f5-9c23-8303171a75c1: shutdown FollowerState
2019-10-14 10:42:25,735 [grpc-default-executor-4] INFO  impl.RoleInfo (RoleInfo.java:updateAndGet(143)) - c87e9ba7-0ab7-42f5-9c23-8303171a75c1: start FollowerState
2019-10-14 10:42:25,735 [Thread-1434] INFO  impl.FollowerState (FollowerState.java:run(117)) - c87e9ba7-0ab7-42f5-9c23-8303171a75c1@group-3CB54AFAF892-FollowerState was interrupted: java.lang.InterruptedException: sleep interrupted
2019-10-14 10:42:25,744 [237156bb-0804-4f8e-8978-505822570478@group-D54C93C84480-LeaderElection42] INFO  impl.LeaderElection (LeaderElection.java:askForVotes(178)) - 237156bb-0804-4f8e-8978-505822570478@group-D54C93C84480-LeaderElection42: begin an election at term 1 for -1: [237156bb-0804-4f8e-8978-505822570478:192.168.151.118:44793], old=null
2019-10-14 10:42:25,744 [237156bb-0804-4f8e-8978-505822570478@group-D54C93C84480-LeaderElection42] INFO  impl.RoleInfo (RoleInfo.java:shutdownLeaderElection(134)) - 237156bb-0804-4f8e-8978-505822570478: shutdown LeaderElection
2019-10-14 10:42:25,745 [237156bb-0804-4f8e-8978-505822570478@group-D54C93C84480-LeaderElection42] INFO  impl.RaftServerImpl (RaftServerImpl.java:setRole(170)) - 237156bb-0804-4f8e-8978-505822570478@group-D54C93C84480: changes role from CANDIDATE to LEADER at term 1 for changeToLeader
2019-10-14 10:42:25,745 [237156bb-0804-4f8e-8978-505822570478@group-D54C93C84480-LeaderElection42] INFO  impl.RaftServerImpl (ServerState.java:setLeader(255)) - 237156bb-0804-4f8e-8978-505822570478@group-D54C93C84480: change Leader from null to 237156bb-0804-4f8e-8978-505822570478 at term 1 for becomeLeader, leader elected after 5180ms
2019-10-14 10:42:25,745 [237156bb-0804-4f8e-8978-505822570478@group-D54C93C84480-LeaderElection42] INFO  server.RaftServerConfigKeys (ConfUtils.java:logGet(43)) - raft.server.staging.catchup.gap = 1000 (default)
2019-10-14 10:42:25,747 [237156bb-0804-4f8e-8978-505822570478@group-D54C93C84480-LeaderElection42] INFO  server.RaftServerConfigKeys (ConfUtils.java:logGet(43)) - raft.server.rpc.sleep.time = 25ms (default)
2019-10-14 10:42:25,747 [237156bb-0804-4f8e-8978-505822570478@group-D54C93C84480-LeaderElection42] INFO  server.RaftServerConfigKeys (ConfUtils.java:logGet(43)) - raft.server.write.element-limit = 4096 (default)
2019-10-14 10:42:25,747 [67786a1d-245a-4cc3-a919-512758d2869e@group-3CB54AFAF892-LeaderElection41] INFO  impl.LeaderElection (LeaderElection.java:logAndReturn(56)) - 67786a1d-245a-4cc3-a919-512758d2869e@group-3CB54AFAF892-LeaderElection41: Election PASSED; received 1 response(s) [67786a1d-245a-4cc3-a919-512758d2869e<-bec337c1-fd65-4575-af37-df6bd2bbc527#0:OK-t1] and 0 exception(s); 67786a1d-245a-4cc3-a919-512758d2869e@group-3CB54AFAF892:t1, leader=null, voted=67786a1d-245a-4cc3-a919-512758d2869e, raftlog=67786a1d-245a-4cc3-a919-512758d2869e@group-3CB54AFAF892-SegmentedRaftLog:OPENED:c-1,f-1,i0, conf=-1: [67786a1d-245a-4cc3-a919-512758d2869e:192.168.151.118:44136, bec337c1-fd65-4575-af37-df6bd2bbc527:192.168.151.118:46495, c87e9ba7-0ab7-42f5-9c23-8303171a75c1:192.168.151.118:36373], old=null
2019-10-14 10:42:25,747 [237156bb-0804-4f8e-8978-505822570478@group-D54C93C84480-LeaderElection42] INFO  server.RaftServerConfigKeys (ConfUtils.java:logGet(43)) - raft.server.watch.timeout = 10s (default)
2019-10-14 10:42:25,748 [67786a1d-245a-4cc3-a919-512758d2869e@group-3CB54AFAF892-LeaderElection41] INFO  impl.RoleInfo (RoleInfo.java:shutdownLeaderElection(134)) - 67786a1d-245a-4cc3-a919-512758d2869e: shutdown LeaderElection
2019-10-14 10:42:25,748 [237156bb-0804-4f8e-8978-505822570478@group-D54C93C84480-LeaderElection42] INFO  server.RaftServerConfigKeys (ConfUtils.java:logGet(43)) - raft.server.watch.timeout.denomination = 1s (default)
2019-10-14 10:42:25,750 [67786a1d-245a-4cc3-a919-512758d2869e@group-3CB54AFAF892-LeaderElection41] INFO  impl.RaftServerImpl (RaftServerImpl.java:setRole(170)) - 67786a1d-245a-4cc3-a919-512758d2869e@group-3CB54AFAF892: changes role from CANDIDATE to LEADER at term 1 for changeToLeader
2019-10-14 10:42:25,750 [237156bb-0804-4f8e-8978-505822570478@group-D54C93C84480-LeaderElection42] INFO  server.RaftServerConfigKeys (ConfUtils.java:logGet(43)) - raft.server.watch.element-limit = 65536 (default)
2019-10-14 10:42:25,750 [67786a1d-245a-4cc3-a919-512758d2869e@group-3CB54AFAF892-LeaderElection41] INFO  impl.RaftServerImpl (ServerState.java:setLeader(255)) - 67786a1d-245a-4cc3-a919-512758d2869e@group-3CB54AFAF892: change Leader from null to 67786a1d-245a-4cc3-a919-512758d2869e at term 1 for becomeLeader, leader elected after 5098ms
2019-10-14 10:42:25,750 [67786a1d-245a-4cc3-a919-512758d2869e@group-3CB54AFAF892-LeaderElection41] INFO  server.RaftServerConfigKeys (ConfUtils.java:logGet(43)) - raft.server.staging.catchup.gap = 1000 (default)
2019-10-14 10:42:25,750 [67786a1d-245a-4cc3-a919-512758d2869e@group-3CB54AFAF892-LeaderElection41] INFO  server.RaftServerConfigKeys (ConfUtils.java:logGet(43)) - raft.server.rpc.sleep.time = 25ms (default)
2019-10-14 10:42:25,751 [67786a1d-245a-4cc3-a919-512758d2869e@group-3CB54AFAF892-LeaderElection41] INFO  server.RaftServerConfigKeys (ConfUtils.java:logGet(43)) - raft.server.write.element-limit = 4096 (default)
2019-10-14 10:42:25,751 [67786a1d-245a-4cc3-a919-512758d2869e@group-3CB54AFAF892-LeaderElection41] INFO  server.RaftServerConfigKeys (ConfUtils.java:logGet(43)) - raft.server.watch.timeout = 10s (default)
2019-10-14 10:42:25,751 [67786a1d-245a-4cc3-a919-512758d2869e@group-3CB54AFAF892-LeaderElection41] INFO  server.RaftServerConfigKeys (ConfUtils.java:logGet(43)) - raft.server.watch.timeout.denomination = 1s (default)
2019-10-14 10:42:25,751 [67786a1d-245a-4cc3-a919-512758d2869e@group-3CB54AFAF892-LeaderElection41] INFO  server.RaftServerConfigKeys (ConfUtils.java:logGet(43)) - raft.server.watch.element-limit = 65536 (default)
2019-10-14 10:42:25,751 [237156bb-0804-4f8e-8978-505822570478@group-D54C93C84480-LeaderElection42] INFO  impl.RoleInfo (RoleInfo.java:updateAndGet(143)) - 237156bb-0804-4f8e-8978-505822570478: start LeaderState
2019-10-14 10:42:25,752 [237156bb-0804-4f8e-8978-505822570478@group-D54C93C84480-LeaderElection42] INFO  segmented.SegmentedRaftLogWorker (SegmentedRaftLogWorker.java:startLogSegment(385)) - 237156bb-0804-4f8e-8978-505822570478@group-D54C93C84480-SegmentedRaftLogWorker: Starting segment from index:0
2019-10-14 10:42:25,752 [237156bb-0804-4f8e-8978-505822570478@group-D54C93C84480-LeaderElection42] INFO  impl.RaftServerImpl (ServerState.java:setRaftConf(356)) - 237156bb-0804-4f8e-8978-505822570478@group-D54C93C84480: set configuration 0: [237156bb-0804-4f8e-8978-505822570478:192.168.151.118:44793], old=null at 0
2019-10-14 10:42:25,753 [67786a1d-245a-4cc3-a919-512758d2869e@group-3CB54AFAF892-LeaderElection41] INFO  server.RaftServerConfigKeys (ConfUtils.java:logGet(43)) - raft.server.log.appender.snapshot.chunk.size.max = 16MB (=16777216) (default)
2019-10-14 10:42:25,753 [67786a1d-245a-4cc3-a919-512758d2869e@group-3CB54AFAF892-LeaderElection41] INFO  server.RaftServerConfigKeys (ConfUtils.java:logGet(43)) - raft.server.log.appender.buffer.byte-limit = 33554432 (custom)
2019-10-14 10:42:25,754 [67786a1d-245a-4cc3-a919-512758d2869e@group-3CB54AFAF892-LeaderElection41] INFO  server.RaftServerConfigKeys (ConfUtils.java:logGet(43)) - raft.server.log.appender.buffer.element-limit = 1 (custom)
2019-10-14 10:42:25,754 [67786a1d-245a-4cc3-a919-512758d2869e@group-3CB54AFAF892-LeaderElection41] INFO  grpc.GrpcConfigKeys$Server (ConfUtils.java:logGet(43)) - raft.grpc.server.leader.outstanding.appends.max = 128 (default)
2019-10-14 10:42:25,754 [67786a1d-245a-4cc3-a919-512758d2869e@group-3CB54AFAF892-LeaderElection41] INFO  server.RaftServerConfigKeys (ConfUtils.java:logGet(43)) - raft.server.rpc.request.timeout = 3000ms (default)
2019-10-14 10:42:25,754 [67786a1d-245a-4cc3-a919-512758d2869e@group-3CB54AFAF892-LeaderElection41] INFO  server.RaftServerConfigKeys (ConfUtils.java:logGet(43)) - raft.server.log.appender.install.snapshot.enabled = false (custom)
2019-10-14 10:42:25,754 [67786a1d-245a-4cc3-a919-512758d2869e@group-3CB54AFAF892-LeaderElection41] INFO  server.RaftServerConfigKeys (ConfUtils.java:logGet(43)) - raft.server.log.appender.snapshot.chunk.size.max = 16MB (=16777216) (default)
2019-10-14 10:42:25,755 [67786a1d-245a-4cc3-a919-512758d2869e@group-3CB54AFAF892-LeaderElection41] INFO  server.RaftServerConfigKeys (ConfUtils.java:logGet(43)) - raft.server.log.appender.buffer.byte-limit = 33554432 (custom)
2019-10-14 10:42:25,755 [67786a1d-245a-4cc3-a919-512758d2869e@group-3CB54AFAF892-LeaderElection41] INFO  server.RaftServerConfigKeys (ConfUtils.java:logGet(43)) - raft.server.log.appender.buffer.element-limit = 1 (custom)
2019-10-14 10:42:25,755 [67786a1d-245a-4cc3-a919-512758d2869e@group-3CB54AFAF892-LeaderElection41] INFO  grpc.GrpcConfigKeys$Server (ConfUtils.java:logGet(43)) - raft.grpc.server.leader.outstanding.appends.max = 128 (default)
2019-10-14 10:42:25,755 [67786a1d-245a-4cc3-a919-512758d2869e@group-3CB54AFAF892-LeaderElection41] INFO  server.RaftServerConfigKeys (ConfUtils.java:logGet(43)) - raft.server.rpc.request.timeout = 3000ms (default)
2019-10-14 10:42:25,755 [67786a1d-245a-4cc3-a919-512758d2869e@group-3CB54AFAF892-LeaderElection41] INFO  server.RaftServerConfigKeys (ConfUtils.java:logGet(43)) - raft.server.log.appender.install.snapshot.enabled = false (custom)
2019-10-14 10:42:25,756 [67786a1d-245a-4cc3-a919-512758d2869e@group-3CB54AFAF892-LeaderElection41] INFO  impl.RoleInfo (RoleInfo.java:updateAndGet(143)) - 67786a1d-245a-4cc3-a919-512758d2869e: start LeaderState
2019-10-14 10:42:25,756 [67786a1d-245a-4cc3-a919-512758d2869e@group-3CB54AFAF892-LeaderElection41] INFO  segmented.SegmentedRaftLogWorker (SegmentedRaftLogWorker.java:startLogSegment(385)) - 67786a1d-245a-4cc3-a919-512758d2869e@group-3CB54AFAF892-SegmentedRaftLogWorker: Starting segment from index:0
2019-10-14 10:42:25,758 [67786a1d-245a-4cc3-a919-512758d2869e@group-3CB54AFAF892-LeaderElection41] INFO  impl.RaftServerImpl (ServerState.java:setRaftConf(356)) - 67786a1d-245a-4cc3-a919-512758d2869e@group-3CB54AFAF892: set configuration 0: [67786a1d-245a-4cc3-a919-512758d2869e:192.168.151.118:44136, bec337c1-fd65-4575-af37-df6bd2bbc527:192.168.151.118:46495, c87e9ba7-0ab7-42f5-9c23-8303171a75c1:192.168.151.118:36373], old=null at 0
2019-10-14 10:42:25,760 [grpc-default-executor-4] INFO  impl.RaftServerImpl (ServerState.java:setLeader(255)) - c87e9ba7-0ab7-42f5-9c23-8303171a75c1@group-3CB54AFAF892: change Leader from null to 67786a1d-245a-4cc3-a919-512758d2869e at term 1 for appendEntries, leader elected after 5108ms
2019-10-14 10:42:25,791 [grpc-default-executor-4] INFO  impl.RaftServerImpl (ServerState.java:setLeader(255)) - bec337c1-fd65-4575-af37-df6bd2bbc527@group-3CB54AFAF892: change Leader from null to 67786a1d-245a-4cc3-a919-512758d2869e at term 1 for appendEntries, leader elected after 5144ms
2019-10-14 10:42:25,791 [grpc-default-executor-1] INFO  impl.RaftServerImpl (ServerState.java:setRaftConf(356)) - c87e9ba7-0ab7-42f5-9c23-8303171a75c1@group-3CB54AFAF892: set configuration 0: [67786a1d-245a-4cc3-a919-512758d2869e:192.168.151.118:44136, bec337c1-fd65-4575-af37-df6bd2bbc527:192.168.151.118:46495, c87e9ba7-0ab7-42f5-9c23-8303171a75c1:192.168.151.118:36373], old=null at 0
2019-10-14 10:42:25,793 [grpc-default-executor-1] INFO  segmented.SegmentedRaftLogWorker (SegmentedRaftLogWorker.java:startLogSegment(385)) - c87e9ba7-0ab7-42f5-9c23-8303171a75c1@group-3CB54AFAF892-SegmentedRaftLogWorker: Starting segment from index:0
2019-10-14 10:42:25,799 [grpc-default-executor-1] INFO  impl.RaftServerImpl (ServerState.java:setRaftConf(356)) - bec337c1-fd65-4575-af37-df6bd2bbc527@group-3CB54AFAF892: set configuration 0: [67786a1d-245a-4cc3-a919-512758d2869e:192.168.151.118:44136, bec337c1-fd65-4575-af37-df6bd2bbc527:192.168.151.118:46495, c87e9ba7-0ab7-42f5-9c23-8303171a75c1:192.168.151.118:36373], old=null at 0
2019-10-14 10:42:25,799 [grpc-default-executor-1] INFO  segmented.SegmentedRaftLogWorker (SegmentedRaftLogWorker.java:startLogSegment(385)) - bec337c1-fd65-4575-af37-df6bd2bbc527@group-3CB54AFAF892-SegmentedRaftLogWorker: Starting segment from index:0
2019-10-14 10:42:25,810 [237156bb-0804-4f8e-8978-505822570478@group-D54C93C84480-SegmentedRaftLogWorker] INFO  segmented.SegmentedRaftLogWorker (SegmentedRaftLogWorker.java:execute(574)) - 237156bb-0804-4f8e-8978-505822570478@group-D54C93C84480-SegmentedRaftLogWorker: created new log segment /workdir/hadoop-ozone/integration-test/target/test-dir/MiniOzoneClusterImpl-b84ab8c1-3d8e-4d54-8bf3-5dd7b4c80550/datanode-4/data/ratis/053c8af1-349c-470a-a4c8-d54c93c84480/current/log_inprogress_0
2019-10-14 10:42:25,810 [67786a1d-245a-4cc3-a919-512758d2869e@group-3CB54AFAF892-SegmentedRaftLogWorker] INFO  segmented.SegmentedRaftLogWorker (SegmentedRaftLogWorker.java:execute(574)) - 67786a1d-245a-4cc3-a919-512758d2869e@group-3CB54AFAF892-SegmentedRaftLogWorker: created new log segment /workdir/hadoop-ozone/integration-test/target/test-dir/MiniOzoneClusterImpl-b84ab8c1-3d8e-4d54-8bf3-5dd7b4c80550/datanode-5/data/ratis/c100d854-e6a7-47ca-9c24-3cb54afaf892/current/log_inprogress_0
2019-10-14 10:42:25,852 [c87e9ba7-0ab7-42f5-9c23-8303171a75c1@group-3CB54AFAF892-SegmentedRaftLogWorker] INFO  segmented.SegmentedRaftLogWorker (SegmentedRaftLogWorker.java:execute(574)) - c87e9ba7-0ab7-42f5-9c23-8303171a75c1@group-3CB54AFAF892-SegmentedRaftLogWorker: created new log segment /workdir/hadoop-ozone/integration-test/target/test-dir/MiniOzoneClusterImpl-b84ab8c1-3d8e-4d54-8bf3-5dd7b4c80550/datanode-3/data/ratis/c100d854-e6a7-47ca-9c24-3cb54afaf892/current/log_inprogress_0
2019-10-14 10:42:25,860 [bec337c1-fd65-4575-af37-df6bd2bbc527@group-3CB54AFAF892-SegmentedRaftLogWorker] INFO  segmented.SegmentedRaftLogWorker (SegmentedRaftLogWorker.java:execute(574)) - bec337c1-fd65-4575-af37-df6bd2bbc527@group-3CB54AFAF892-SegmentedRaftLogWorker: created new log segment /workdir/hadoop-ozone/integration-test/target/test-dir/MiniOzoneClusterImpl-b84ab8c1-3d8e-4d54-8bf3-5dd7b4c80550/datanode-6/data/ratis/c100d854-e6a7-47ca-9c24-3cb54afaf892/current/log_inprogress_0
2019-10-14 10:42:26,859 [Datanode State Machine Thread - 0] INFO  statemachine.DatanodeStateMachine (DatanodeStateMachine.java:lambda$startDaemon$0(350)) - Ozone container server started.
2019-10-14 10:42:30,879 [main] INFO  ozoneimpl.OzoneContainer (OzoneContainer.java:stop(227)) - Attempting to stop container services.
2019-10-14 10:42:30,883 [main] INFO  impl.RaftServerProxy (RaftServerProxy.java:lambda$close$4(314)) - faa5a069-6aa5-438b-8b42-f24c62b85906: close
2019-10-14 10:42:30,884 [main] INFO  impl.RaftServerImpl (RaftServerImpl.java:lambda$shutdown$3(247)) - faa5a069-6aa5-438b-8b42-f24c62b85906@group-CEA59BAEECCE: shutdown
2019-10-14 10:42:30,884 [main] INFO  util.JmxRegister (JmxRegister.java:unregister(73)) - Successfully un-registered JMX Bean with object name Ratis:service=RaftServer,group=group-CEA59BAEECCE,id=faa5a069-6aa5-438b-8b42-f24c62b85906
2019-10-14 10:42:30,884 [main] INFO  impl.RoleInfo (RoleInfo.java:shutdownFollowerState(121)) - faa5a069-6aa5-438b-8b42-f24c62b85906: shutdown FollowerState
2019-10-14 10:42:30,885 [main] INFO  impl.StateMachineUpdater (StateMachineUpdater.java:stopAndJoin(136)) - faa5a069-6aa5-438b-8b42-f24c62b85906@group-CEA59BAEECCE-StateMachineUpdater: set stopIndex = 2
2019-10-14 10:42:30,885 [faa5a069-6aa5-438b-8b42-f24c62b85906@group-CEA59BAEECCE-StateMachineUpdater] INFO  ratis.ContainerStateMachine (ContainerStateMachine.java:takeSnapshot(294)) - group-CEA59BAEECCE: Taking a snapshot at:(t:1, i:1) file /workdir/hadoop-ozone/integration-test/target/test-dir/MiniOzoneClusterImpl-b84ab8c1-3d8e-4d54-8bf3-5dd7b4c80550/datanode-0/data/ratis/a6937e34-a561-4bef-ae0c-cea59baeecce/sm/snapshot.1_1
2019-10-14 10:42:30,885 [Thread-1465] INFO  impl.FollowerState (FollowerState.java:run(117)) - faa5a069-6aa5-438b-8b42-f24c62b85906@group-CEA59BAEECCE-FollowerState was interrupted: java.lang.InterruptedException: sleep interrupted
2019-10-14 10:42:30,900 [faa5a069-6aa5-438b-8b42-f24c62b85906@group-CEA59BAEECCE-StateMachineUpdater] INFO  ratis.ContainerStateMachine (ContainerStateMachine.java:takeSnapshot(305)) - group-CEA59BAEECCE: Finished taking a snapshot at:(t:1, i:1) file:/workdir/hadoop-ozone/integration-test/target/test-dir/MiniOzoneClusterImpl-b84ab8c1-3d8e-4d54-8bf3-5dd7b4c80550/datanode-0/data/ratis/a6937e34-a561-4bef-ae0c-cea59baeecce/sm/snapshot.1_1 time:15
2019-10-14 10:42:30,900 [faa5a069-6aa5-438b-8b42-f24c62b85906@group-CEA59BAEECCE-StateMachineUpdater] INFO  impl.StateMachineUpdater (StateMachineUpdater.java:takeSnapshot(269)) - faa5a069-6aa5-438b-8b42-f24c62b85906@group-CEA59BAEECCE-StateMachineUpdater: Took a snapshot at index 1
2019-10-14 10:42:30,900 [faa5a069-6aa5-438b-8b42-f24c62b85906@group-CEA59BAEECCE-StateMachineUpdater] INFO  impl.StateMachineUpdater (StateMachineUpdater.java:lambda$new$0(84)) - faa5a069-6aa5-438b-8b42-f24c62b85906@group-CEA59BAEECCE-StateMachineUpdater: snapshotIndex: updateIncreasingly -1 -> 1
2019-10-14 10:42:30,901 [faa5a069-6aa5-438b-8b42-f24c62b85906@group-CEA59BAEECCE-StateMachineUpdater] INFO  ratis.ContainerStateMachine (ContainerStateMachine.java:takeSnapshot(294)) - group-CEA59BAEECCE: Taking a snapshot at:(t:1, i:1) file /workdir/hadoop-ozone/integration-test/target/test-dir/MiniOzoneClusterImpl-b84ab8c1-3d8e-4d54-8bf3-5dd7b4c80550/datanode-0/data/ratis/a6937e34-a561-4bef-ae0c-cea59baeecce/sm/snapshot.1_1
2019-10-14 10:42:30,916 [faa5a069-6aa5-438b-8b42-f24c62b85906@group-CEA59BAEECCE-StateMachineUpdater] INFO  ratis.ContainerStateMachine (ContainerStateMachine.java:takeSnapshot(305)) - group-CEA59BAEECCE: Finished taking a snapshot at:(t:1, i:1) file:/workdir/hadoop-ozone/integration-test/target/test-dir/MiniOzoneClusterImpl-b84ab8c1-3d8e-4d54-8bf3-5dd7b4c80550/datanode-0/data/ratis/a6937e34-a561-4bef-ae0c-cea59baeecce/sm/snapshot.1_1 time:16
2019-10-14 10:42:30,916 [faa5a069-6aa5-438b-8b42-f24c62b85906@group-CEA59BAEECCE-StateMachineUpdater] INFO  impl.StateMachineUpdater (StateMachineUpdater.java:takeSnapshot(269)) - faa5a069-6aa5-438b-8b42-f24c62b85906@group-CEA59BAEECCE-StateMachineUpdater: Took a snapshot at index 1
2019-10-14 10:42:30,916 [faa5a069-6aa5-438b-8b42-f24c62b85906@group-CEA59BAEECCE-StateMachineUpdater] INFO  impl.StateMachineUpdater (StateMachineUpdater.java:lambda$new$0(84)) - faa5a069-6aa5-438b-8b42-f24c62b85906@group-CEA59BAEECCE-StateMachineUpdater: snapshotIndex: updateIncreasingly 1 -> 1
2019-10-14 10:42:30,917 [main] INFO  impl.RaftServerImpl (ServerState.java:close(387)) - faa5a069-6aa5-438b-8b42-f24c62b85906@group-CEA59BAEECCE: closes. applyIndex: 2
2019-10-14 10:42:30,918 [faa5a069-6aa5-438b-8b42-f24c62b85906@group-CEA59BAEECCE-SegmentedRaftLogWorker] INFO  segmented.SegmentedRaftLogWorker (SegmentedRaftLogWorker.java:run(316)) - faa5a069-6aa5-438b-8b42-f24c62b85906@group-CEA59BAEECCE-SegmentedRaftLogWorker was interrupted, exiting. There are 0 tasks remaining in the queue.
2019-10-14 10:42:30,920 [main] INFO  segmented.SegmentedRaftLogWorker (SegmentedRaftLogWorker.java:close(224)) - faa5a069-6aa5-438b-8b42-f24c62b85906@group-CEA59BAEECCE-SegmentedRaftLogWorker close()
2019-10-14 10:42:30,923 [main] INFO  impl.RaftServerImpl (RaftServerImpl.java:lambda$shutdown$3(247)) - faa5a069-6aa5-438b-8b42-f24c62b85906@group-0EB3668EA71E: shutdown
2019-10-14 10:42:30,924 [main] INFO  util.JmxRegister (JmxRegister.java:unregister(73)) - Successfully un-registered JMX Bean with object name Ratis:service=RaftServer,group=group-0EB3668EA71E,id=faa5a069-6aa5-438b-8b42-f24c62b85906
2019-10-14 10:42:30,924 [main] INFO  impl.RoleInfo (RoleInfo.java:shutdownLeaderState(104)) - faa5a069-6aa5-438b-8b42-f24c62b85906: shutdown LeaderState
2019-10-14 10:42:30,924 [main] INFO  impl.PendingRequests (PendingRequests.java:sendNotLeaderResponses(202)) - faa5a069-6aa5-438b-8b42-f24c62b85906@group-0EB3668EA71E-PendingRequests: sendNotLeaderResponses
2019-10-14 10:42:30,925 [main] INFO  impl.StateMachineUpdater (StateMachineUpdater.java:stopAndJoin(136)) - faa5a069-6aa5-438b-8b42-f24c62b85906@group-0EB3668EA71E-StateMachineUpdater: set stopIndex = 0
2019-10-14 10:42:30,925 [main] INFO  impl.RaftServerImpl (ServerState.java:close(387)) - faa5a069-6aa5-438b-8b42-f24c62b85906@group-0EB3668EA71E: closes. applyIndex: 0
2019-10-14 10:42:30,925 [faa5a069-6aa5-438b-8b42-f24c62b85906@group-0EB3668EA71E-SegmentedRaftLogWorker] INFO  segmented.SegmentedRaftLogWorker (SegmentedRaftLogWorker.java:run(316)) - faa5a069-6aa5-438b-8b42-f24c62b85906@group-0EB3668EA71E-SegmentedRaftLogWorker was interrupted, exiting. There are 0 tasks remaining in the queue.
2019-10-14 10:42:30,927 [main] INFO  segmented.SegmentedRaftLogWorker (SegmentedRaftLogWorker.java:close(224)) - faa5a069-6aa5-438b-8b42-f24c62b85906@group-0EB3668EA71E-SegmentedRaftLogWorker close()
2019-10-14 10:42:30,930 [main] INFO  server.GrpcService (GrpcService.java:closeImpl(164)) - faa5a069-6aa5-438b-8b42-f24c62b85906: shutdown server with port 34787 now
2019-10-14 10:42:30,932 [main] INFO  server.GrpcService (GrpcService.java:closeImpl(172)) - faa5a069-6aa5-438b-8b42-f24c62b85906: shutdown server with port 34787 successfully
2019-10-14 10:42:30,932 [grpc-default-executor-1] WARN  server.GrpcLogAppender (LogUtils.java:warn(134)) - 50bac784-5677-491f-b59b-4a4a2fee8033@group-CEA59BAEECCE->faa5a069-6aa5-438b-8b42-f24c62b85906-AppendLogResponseHandler: Failed appendEntries: org.apache.ratis.thirdparty.io.grpc.StatusRuntimeException: CANCELLED: HTTP/2 error code: CANCEL
Received Rst Stream
2019-10-14 10:42:30,932 [grpc-default-executor-4] WARN  server.GrpcServerProtocolService (LogUtils.java:warn(134)) - faa5a069-6aa5-438b-8b42-f24c62b85906: installSnapshot onError, lastRequest: 50bac784-5677-491f-b59b-4a4a2fee8033->faa5a069-6aa5-438b-8b42-f24c62b85906#5-t1, previous=(t:1, i:2), leaderCommit=2, initializing? false, entries: <empty>: org.apache.ratis.thirdparty.io.grpc.StatusRuntimeException: CANCELLED: cancelled before receiving half close
2019-10-14 10:42:30,934 [grpc-default-executor-1] INFO  impl.FollowerInfo (FollowerInfo.java:lambda$new$0(51)) - 50bac784-5677-491f-b59b-4a4a2fee8033@group-CEA59BAEECCE->faa5a069-6aa5-438b-8b42-f24c62b85906: nextIndex: updateUnconditionally 3 -> 2
2019-10-14 10:42:30,936 [refreshUsed-/workdir/hadoop-ozone/integration-test/target/test-dir/MiniOzoneClusterImpl-b84ab8c1-3d8e-4d54-8bf3-5dd7b4c80550/datanode-0/data/containers] WARN  fs.CachingGetSpaceUsed (CachingGetSpaceUsed.java:run(183)) - Thread Interrupted waiting to refresh disk information: sleep interrupted
2019-10-14 10:42:30,951 [main] INFO  utils.BackgroundService (BackgroundService.java:shutdown(151)) - Shutting down service BlockDeletingService
2019-10-14 10:42:30,964 [main] INFO  statemachine.DatanodeStateMachine (DatanodeStateMachine.java:stopDaemon(395)) - Ozone container server stopped.
2019-10-14 10:42:30,965 [main] INFO  handler.ContextHandler (ContextHandler.java:doStop(910)) - Stopped o.e.j.w.WebAppContext@4cc65c2{/,null,UNAVAILABLE}{/hddsDatanode}
2019-10-14 10:42:30,971 [main] INFO  server.AbstractConnector (AbstractConnector.java:doStop(318)) - Stopped ServerConnector@574059d5{HTTP/1.1,[http/1.1]}{0.0.0.0:0}
2019-10-14 10:42:30,972 [main] INFO  handler.ContextHandler (ContextHandler.java:doStop(910)) - Stopped o.e.j.s.ServletContextHandler@3e377967{/static,jar:file:/home/user/.m2/repository/org/apache/hadoop/hadoop-hdds-container-service/0.5.0-SNAPSHOT/hadoop-hdds-container-service-0.5.0-SNAPSHOT.jar!/webapps/static,UNAVAILABLE}
2019-10-14 10:42:30,972 [main] INFO  handler.ContextHandler (ContextHandler.java:doStop(910)) - Stopped o.e.j.s.ServletContextHandler@61db86bf{/logs,file:///workdir/hadoop-ozone/integration-test/target/log,UNAVAILABLE}
2019-10-14 10:42:31,852 [Datanode State Machine Thread - 0] INFO  statemachine.DatanodeStateMachine (DatanodeStateMachine.java:lambda$startDaemon$0(350)) - Ozone container server started.
2019-10-14 10:42:33,167 [grpc-default-executor-4] WARN  server.GrpcLogAppender (LogUtils.java:warn(134)) - 50bac784-5677-491f-b59b-4a4a2fee8033@group-CEA59BAEECCE->faa5a069-6aa5-438b-8b42-f24c62b85906-AppendLogResponseHandler: Failed appendEntries: org.apache.ratis.thirdparty.io.grpc.StatusRuntimeException: UNAVAILABLE: io exception
2019-10-14 10:42:33,167 [grpc-default-executor-4] INFO  impl.FollowerInfo (FollowerInfo.java:lambda$new$0(51)) - 50bac784-5677-491f-b59b-4a4a2fee8033@group-CEA59BAEECCE->faa5a069-6aa5-438b-8b42-f24c62b85906: nextIndex: updateUnconditionally 2 -> 1
2019-10-14 10:42:35,674 [grpc-default-executor-4] WARN  server.GrpcLogAppender (LogUtils.java:warn(134)) - 50bac784-5677-491f-b59b-4a4a2fee8033@group-CEA59BAEECCE->faa5a069-6aa5-438b-8b42-f24c62b85906-AppendLogResponseHandler: Failed appendEntries: org.apache.ratis.thirdparty.io.grpc.StatusRuntimeException: UNAVAILABLE: io exception
2019-10-14 10:42:35,675 [grpc-default-executor-4] INFO  impl.FollowerInfo (FollowerInfo.java:lambda$new$0(51)) - 50bac784-5677-491f-b59b-4a4a2fee8033@group-CEA59BAEECCE->faa5a069-6aa5-438b-8b42-f24c62b85906: nextIndex: updateUnconditionally 1 -> 0
2019-10-14 10:42:35,979 [main] INFO  ozoneimpl.OzoneContainer (OzoneContainer.java:stop(227)) - Attempting to stop container services.
2019-10-14 10:42:35,983 [main] INFO  impl.RaftServerProxy (RaftServerProxy.java:lambda$close$4(314)) - ab25a5f2-cb66-481d-9ac1-849da04a80bc: close
2019-10-14 10:42:35,986 [main] INFO  impl.RaftServerImpl (RaftServerImpl.java:lambda$shutdown$3(247)) - ab25a5f2-cb66-481d-9ac1-849da04a80bc@group-CEA59BAEECCE: shutdown
2019-10-14 10:42:35,986 [main] INFO  util.JmxRegister (JmxRegister.java:unregister(73)) - Successfully un-registered JMX Bean with object name Ratis:service=RaftServer,group=group-CEA59BAEECCE,id=ab25a5f2-cb66-481d-9ac1-849da04a80bc
2019-10-14 10:42:35,987 [main] INFO  impl.RoleInfo (RoleInfo.java:shutdownFollowerState(121)) - ab25a5f2-cb66-481d-9ac1-849da04a80bc: shutdown FollowerState
2019-10-14 10:42:35,987 [main] INFO  impl.StateMachineUpdater (StateMachineUpdater.java:stopAndJoin(136)) - ab25a5f2-cb66-481d-9ac1-849da04a80bc@group-CEA59BAEECCE-StateMachineUpdater: set stopIndex = 2
2019-10-14 10:42:35,987 [ab25a5f2-cb66-481d-9ac1-849da04a80bc@group-CEA59BAEECCE-StateMachineUpdater] INFO  ratis.ContainerStateMachine (ContainerStateMachine.java:takeSnapshot(294)) - group-CEA59BAEECCE: Taking a snapshot at:(t:1, i:1) file /workdir/hadoop-ozone/integration-test/target/test-dir/MiniOzoneClusterImpl-b84ab8c1-3d8e-4d54-8bf3-5dd7b4c80550/datanode-1/data/ratis/a6937e34-a561-4bef-ae0c-cea59baeecce/sm/snapshot.1_1
2019-10-14 10:42:35,987 [Thread-1464] INFO  impl.FollowerState (FollowerState.java:run(117)) - ab25a5f2-cb66-481d-9ac1-849da04a80bc@group-CEA59BAEECCE-FollowerState was interrupted: java.lang.InterruptedException: sleep interrupted
2019-10-14 10:42:36,003 [ab25a5f2-cb66-481d-9ac1-849da04a80bc@group-CEA59BAEECCE-StateMachineUpdater] INFO  ratis.ContainerStateMachine (ContainerStateMachine.java:takeSnapshot(305)) - group-CEA59BAEECCE: Finished taking a snapshot at:(t:1, i:1) file:/workdir/hadoop-ozone/integration-test/target/test-dir/MiniOzoneClusterImpl-b84ab8c1-3d8e-4d54-8bf3-5dd7b4c80550/datanode-1/data/ratis/a6937e34-a561-4bef-ae0c-cea59baeecce/sm/snapshot.1_1 time:15
2019-10-14 10:42:36,003 [ab25a5f2-cb66-481d-9ac1-849da04a80bc@group-CEA59BAEECCE-StateMachineUpdater] INFO  impl.StateMachineUpdater (StateMachineUpdater.java:takeSnapshot(269)) - ab25a5f2-cb66-481d-9ac1-849da04a80bc@group-CEA59BAEECCE-StateMachineUpdater: Took a snapshot at index 1
2019-10-14 10:42:36,003 [ab25a5f2-cb66-481d-9ac1-849da04a80bc@group-CEA59BAEECCE-StateMachineUpdater] INFO  impl.StateMachineUpdater (StateMachineUpdater.java:lambda$new$0(84)) - ab25a5f2-cb66-481d-9ac1-849da04a80bc@group-CEA59BAEECCE-StateMachineUpdater: snapshotIndex: updateIncreasingly -1 -> 1
2019-10-14 10:42:36,004 [ab25a5f2-cb66-481d-9ac1-849da04a80bc@group-CEA59BAEECCE-StateMachineUpdater] INFO  ratis.ContainerStateMachine (ContainerStateMachine.java:takeSnapshot(294)) - group-CEA59BAEECCE: Taking a snapshot at:(t:1, i:1) file /workdir/hadoop-ozone/integration-test/target/test-dir/MiniOzoneClusterImpl-b84ab8c1-3d8e-4d54-8bf3-5dd7b4c80550/datanode-1/data/ratis/a6937e34-a561-4bef-ae0c-cea59baeecce/sm/snapshot.1_1
2019-10-14 10:42:36,016 [ab25a5f2-cb66-481d-9ac1-849da04a80bc@group-CEA59BAEECCE-StateMachineUpdater] INFO  ratis.ContainerStateMachine (ContainerStateMachine.java:takeSnapshot(305)) - group-CEA59BAEECCE: Finished taking a snapshot at:(t:1, i:1) file:/workdir/hadoop-ozone/integration-test/target/test-dir/MiniOzoneClusterImpl-b84ab8c1-3d8e-4d54-8bf3-5dd7b4c80550/datanode-1/data/ratis/a6937e34-a561-4bef-ae0c-cea59baeecce/sm/snapshot.1_1 time:13
2019-10-14 10:42:36,016 [ab25a5f2-cb66-481d-9ac1-849da04a80bc@group-CEA59BAEECCE-StateMachineUpdater] INFO  impl.StateMachineUpdater (StateMachineUpdater.java:takeSnapshot(269)) - ab25a5f2-cb66-481d-9ac1-849da04a80bc@group-CEA59BAEECCE-StateMachineUpdater: Took a snapshot at index 1
2019-10-14 10:42:36,016 [ab25a5f2-cb66-481d-9ac1-849da04a80bc@group-CEA59BAEECCE-StateMachineUpdater] INFO  impl.StateMachineUpdater (StateMachineUpdater.java:lambda$new$0(84)) - ab25a5f2-cb66-481d-9ac1-849da04a80bc@group-CEA59BAEECCE-StateMachineUpdater: snapshotIndex: updateIncreasingly 1 -> 1
2019-10-14 10:42:36,017 [main] INFO  impl.RaftServerImpl (ServerState.java:close(387)) - ab25a5f2-cb66-481d-9ac1-849da04a80bc@group-CEA59BAEECCE: closes. applyIndex: 2
2019-10-14 10:42:36,017 [ab25a5f2-cb66-481d-9ac1-849da04a80bc@group-CEA59BAEECCE-SegmentedRaftLogWorker] INFO  segmented.SegmentedRaftLogWorker (SegmentedRaftLogWorker.java:run(316)) - ab25a5f2-cb66-481d-9ac1-849da04a80bc@group-CEA59BAEECCE-SegmentedRaftLogWorker was interrupted, exiting. There are 0 tasks remaining in the queue.
2019-10-14 10:42:36,020 [main] INFO  segmented.SegmentedRaftLogWorker (SegmentedRaftLogWorker.java:close(224)) - ab25a5f2-cb66-481d-9ac1-849da04a80bc@group-CEA59BAEECCE-SegmentedRaftLogWorker close()
2019-10-14 10:42:36,023 [main] INFO  impl.RaftServerImpl (RaftServerImpl.java:lambda$shutdown$3(247)) - ab25a5f2-cb66-481d-9ac1-849da04a80bc@group-1A812315AF86: shutdown
2019-10-14 10:42:36,023 [main] INFO  util.JmxRegister (JmxRegister.java:unregister(73)) - Successfully un-registered JMX Bean with object name Ratis:service=RaftServer,group=group-1A812315AF86,id=ab25a5f2-cb66-481d-9ac1-849da04a80bc
2019-10-14 10:42:36,023 [main] INFO  impl.RoleInfo (RoleInfo.java:shutdownLeaderState(104)) - ab25a5f2-cb66-481d-9ac1-849da04a80bc: shutdown LeaderState
2019-10-14 10:42:36,024 [main] INFO  impl.PendingRequests (PendingRequests.java:sendNotLeaderResponses(202)) - ab25a5f2-cb66-481d-9ac1-849da04a80bc@group-1A812315AF86-PendingRequests: sendNotLeaderResponses
2019-10-14 10:42:36,024 [main] INFO  impl.StateMachineUpdater (StateMachineUpdater.java:stopAndJoin(136)) - ab25a5f2-cb66-481d-9ac1-849da04a80bc@group-1A812315AF86-StateMachineUpdater: set stopIndex = 0
2019-10-14 10:42:36,025 [main] INFO  impl.RaftServerImpl (ServerState.java:close(387)) - ab25a5f2-cb66-481d-9ac1-849da04a80bc@group-1A812315AF86: closes. applyIndex: 0
2019-10-14 10:42:36,027 [ab25a5f2-cb66-481d-9ac1-849da04a80bc@group-1A812315AF86-SegmentedRaftLogWorker] INFO  segmented.SegmentedRaftLogWorker (SegmentedRaftLogWorker.java:run(316)) - ab25a5f2-cb66-481d-9ac1-849da04a80bc@group-1A812315AF86-SegmentedRaftLogWorker was interrupted, exiting. There are 0 tasks remaining in the queue.
2019-10-14 10:42:36,028 [main] INFO  segmented.SegmentedRaftLogWorker (SegmentedRaftLogWorker.java:close(224)) - ab25a5f2-cb66-481d-9ac1-849da04a80bc@group-1A812315AF86-SegmentedRaftLogWorker close()
2019-10-14 10:42:36,031 [main] INFO  server.GrpcService (GrpcService.java:closeImpl(164)) - ab25a5f2-cb66-481d-9ac1-849da04a80bc: shutdown server with port 37353 now
2019-10-14 10:42:36,034 [grpc-default-executor-1] WARN  server.GrpcServerProtocolService (LogUtils.java:warn(134)) - ab25a5f2-cb66-481d-9ac1-849da04a80bc: installSnapshot onError, lastRequest: 50bac784-5677-491f-b59b-4a4a2fee8033->ab25a5f2-cb66-481d-9ac1-849da04a80bc#7-t1, previous=(t:1, i:2), leaderCommit=2, initializing? false, entries: <empty>: org.apache.ratis.thirdparty.io.grpc.StatusRuntimeException: CANCELLED: cancelled before receiving half close
2019-10-14 10:42:36,034 [main] INFO  server.GrpcService (GrpcService.java:closeImpl(172)) - ab25a5f2-cb66-481d-9ac1-849da04a80bc: shutdown server with port 37353 successfully
2019-10-14 10:42:36,035 [grpc-default-executor-4] WARN  server.GrpcLogAppender (LogUtils.java:warn(134)) - 50bac784-5677-491f-b59b-4a4a2fee8033@group-CEA59BAEECCE->ab25a5f2-cb66-481d-9ac1-849da04a80bc-AppendLogResponseHandler: Failed appendEntries: org.apache.ratis.thirdparty.io.grpc.StatusRuntimeException: CANCELLED: HTTP/2 error code: CANCEL
Received Rst Stream
2019-10-14 10:42:36,035 [grpc-default-executor-4] INFO  impl.FollowerInfo (FollowerInfo.java:lambda$new$0(51)) - 50bac784-5677-491f-b59b-4a4a2fee8033@group-CEA59BAEECCE->ab25a5f2-cb66-481d-9ac1-849da04a80bc: nextIndex: updateUnconditionally 3 -> 2
2019-10-14 10:42:36,041 [refreshUsed-/workdir/hadoop-ozone/integration-test/target/test-dir/MiniOzoneClusterImpl-b84ab8c1-3d8e-4d54-8bf3-5dd7b4c80550/datanode-1/data/containers] WARN  fs.CachingGetSpaceUsed (CachingGetSpaceUsed.java:run(183)) - Thread Interrupted waiting to refresh disk information: sleep interrupted
2019-10-14 10:42:36,080 [main] INFO  utils.BackgroundService (BackgroundService.java:shutdown(151)) - Shutting down service BlockDeletingService
2019-10-14 10:42:36,092 [main] INFO  statemachine.DatanodeStateMachine (DatanodeStateMachine.java:stopDaemon(395)) - Ozone container server stopped.
2019-10-14 10:42:36,094 [main] INFO  handler.ContextHandler (ContextHandler.java:doStop(910)) - Stopped o.e.j.w.WebAppContext@60743cdb{/,null,UNAVAILABLE}{/hddsDatanode}
2019-10-14 10:42:36,094 [main] INFO  server.AbstractConnector (AbstractConnector.java:doStop(318)) - Stopped ServerConnector@c02670f{HTTP/1.1,[http/1.1]}{0.0.0.0:0}
2019-10-14 10:42:36,095 [main] INFO  handler.ContextHandler (ContextHandler.java:doStop(910)) - Stopped o.e.j.s.ServletContextHandler@ec7b5de{/static,jar:file:/home/user/.m2/repository/org/apache/hadoop/hadoop-hdds-container-service/0.5.0-SNAPSHOT/hadoop-hdds-container-service-0.5.0-SNAPSHOT.jar!/webapps/static,UNAVAILABLE}
2019-10-14 10:42:36,096 [main] INFO  handler.ContextHandler (ContextHandler.java:doStop(910)) - Stopped o.e.j.s.ServletContextHandler@2a8a3ada{/logs,file:///workdir/hadoop-ozone/integration-test/target/log,UNAVAILABLE}
2019-10-14 10:42:38,171 [grpc-default-executor-4] WARN  server.GrpcLogAppender (LogUtils.java:warn(134)) - 50bac784-5677-491f-b59b-4a4a2fee8033@group-CEA59BAEECCE->faa5a069-6aa5-438b-8b42-f24c62b85906-AppendLogResponseHandler: Failed appendEntries: org.apache.ratis.thirdparty.io.grpc.StatusRuntimeException: UNAVAILABLE: io exception
2019-10-14 10:42:38,171 [grpc-default-executor-4] INFO  impl.FollowerInfo (FollowerInfo.java:lambda$new$0(51)) - 50bac784-5677-491f-b59b-4a4a2fee8033@group-CEA59BAEECCE->faa5a069-6aa5-438b-8b42-f24c62b85906: nextIndex: updateUnconditionally 0 -> 0
2019-10-14 10:42:38,174 [grpc-default-executor-5] WARN  server.GrpcLogAppender (LogUtils.java:warn(134)) - 50bac784-5677-491f-b59b-4a4a2fee8033@group-CEA59BAEECCE->ab25a5f2-cb66-481d-9ac1-849da04a80bc-AppendLogResponseHandler: Failed appendEntries: org.apache.ratis.thirdparty.io.grpc.StatusRuntimeException: UNAVAILABLE: io exception
2019-10-14 10:42:38,174 [grpc-default-executor-5] INFO  impl.FollowerInfo (FollowerInfo.java:lambda$new$0(51)) - 50bac784-5677-491f-b59b-4a4a2fee8033@group-CEA59BAEECCE->ab25a5f2-cb66-481d-9ac1-849da04a80bc: nextIndex: updateUnconditionally 2 -> 1
2019-10-14 10:42:40,672 [grpc-default-executor-5] WARN  server.GrpcLogAppender (LogUtils.java:warn(134)) - 50bac784-5677-491f-b59b-4a4a2fee8033@group-CEA59BAEECCE->faa5a069-6aa5-438b-8b42-f24c62b85906-AppendLogResponseHandler: Failed appendEntries: org.apache.ratis.thirdparty.io.grpc.StatusRuntimeException: UNAVAILABLE: io exception
2019-10-14 10:42:40,673 [grpc-default-executor-5] INFO  impl.FollowerInfo (FollowerInfo.java:lambda$new$0(51)) - 50bac784-5677-491f-b59b-4a4a2fee8033@group-CEA59BAEECCE->faa5a069-6aa5-438b-8b42-f24c62b85906: nextIndex: updateUnconditionally 0 -> 0
2019-10-14 10:42:40,675 [grpc-default-executor-5] WARN  server.GrpcLogAppender (LogUtils.java:warn(134)) - 50bac784-5677-491f-b59b-4a4a2fee8033@group-CEA59BAEECCE->ab25a5f2-cb66-481d-9ac1-849da04a80bc-AppendLogResponseHandler: Failed appendEntries: org.apache.ratis.thirdparty.io.grpc.StatusRuntimeException: UNAVAILABLE: io exception
2019-10-14 10:42:40,675 [grpc-default-executor-5] INFO  impl.FollowerInfo (FollowerInfo.java:lambda$new$0(51)) - 50bac784-5677-491f-b59b-4a4a2fee8033@group-CEA59BAEECCE->ab25a5f2-cb66-481d-9ac1-849da04a80bc: nextIndex: updateUnconditionally 1 -> 0
2019-10-14 10:42:43,176 [grpc-default-executor-4] WARN  server.GrpcLogAppender (LogUtils.java:warn(134)) - 50bac784-5677-491f-b59b-4a4a2fee8033@group-CEA59BAEECCE->faa5a069-6aa5-438b-8b42-f24c62b85906-AppendLogResponseHandler: Failed appendEntries: org.apache.ratis.thirdparty.io.grpc.StatusRuntimeException: UNAVAILABLE: io exception
2019-10-14 10:42:43,176 [grpc-default-executor-5] WARN  server.GrpcLogAppender (LogUtils.java:warn(134)) - 50bac784-5677-491f-b59b-4a4a2fee8033@group-CEA59BAEECCE->ab25a5f2-cb66-481d-9ac1-849da04a80bc-AppendLogResponseHandler: Failed appendEntries: org.apache.ratis.thirdparty.io.grpc.StatusRuntimeException: UNAVAILABLE: io exception
2019-10-14 10:42:43,176 [grpc-default-executor-4] INFO  impl.FollowerInfo (FollowerInfo.java:lambda$new$0(51)) - 50bac784-5677-491f-b59b-4a4a2fee8033@group-CEA59BAEECCE->faa5a069-6aa5-438b-8b42-f24c62b85906: nextIndex: updateUnconditionally 0 -> 0
2019-10-14 10:42:43,176 [grpc-default-executor-5] INFO  impl.FollowerInfo (FollowerInfo.java:lambda$new$0(51)) - 50bac784-5677-491f-b59b-4a4a2fee8033@group-CEA59BAEECCE->ab25a5f2-cb66-481d-9ac1-849da04a80bc: nextIndex: updateUnconditionally 0 -> 0
2019-10-14 10:42:45,675 [grpc-default-executor-3] WARN  server.GrpcLogAppender (LogUtils.java:warn(134)) - 50bac784-5677-491f-b59b-4a4a2fee8033@group-CEA59BAEECCE->faa5a069-6aa5-438b-8b42-f24c62b85906-AppendLogResponseHandler: Failed appendEntries: org.apache.ratis.thirdparty.io.grpc.StatusRuntimeException: UNAVAILABLE: io exception
2019-10-14 10:42:45,676 [grpc-default-executor-3] INFO  impl.FollowerInfo (FollowerInfo.java:lambda$new$0(51)) - 50bac784-5677-491f-b59b-4a4a2fee8033@group-CEA59BAEECCE->faa5a069-6aa5-438b-8b42-f24c62b85906: nextIndex: updateUnconditionally 0 -> 0
2019-10-14 10:42:45,676 [grpc-default-executor-5] WARN  server.GrpcLogAppender (LogUtils.java:warn(134)) - 50bac784-5677-491f-b59b-4a4a2fee8033@group-CEA59BAEECCE->ab25a5f2-cb66-481d-9ac1-849da04a80bc-AppendLogResponseHandler: Failed appendEntries: org.apache.ratis.thirdparty.io.grpc.StatusRuntimeException: UNAVAILABLE: io exception
2019-10-14 10:42:45,677 [grpc-default-executor-5] INFO  impl.FollowerInfo (FollowerInfo.java:lambda$new$0(51)) - 50bac784-5677-491f-b59b-4a4a2fee8033@group-CEA59BAEECCE->ab25a5f2-cb66-481d-9ac1-849da04a80bc: nextIndex: updateUnconditionally 0 -> 0
2019-10-14 10:42:47,058 [Thread-1537] INFO  client.GrpcClientProtocolService (GrpcClientProtocolService.java:lambda$processClientRequest$0(278)) - Failed RaftClientRequest:client-D0A3365461D8->50bac784-5677-491f-b59b-4a4a2fee8033@group-CEA59BAEECCE, cid=67, seq=0, Watch-ALL_COMMITTED(92), Message:<EMPTY>, reply=RaftClientReply:client-D0A3365461D8->50bac784-5677-491f-b59b-4a4a2fee8033@group-CEA59BAEECCE, cid=67, FAILED org.apache.ratis.protocol.NotReplicatedException: Request with call Id 67 and log index 92 is not yet replicated to ALL_COMMITTED, logIndex=92, commits[50bac784-5677-491f-b59b-4a4a2fee8033:c2, faa5a069-6aa5-438b-8b42-f24c62b85906:c2, ab25a5f2-cb66-481d-9ac1-849da04a80bc:c2]
2019-10-14 10:42:48,176 [grpc-default-executor-3] WARN  server.GrpcLogAppender (LogUtils.java:warn(134)) - 50bac784-5677-491f-b59b-4a4a2fee8033@group-CEA59BAEECCE->faa5a069-6aa5-438b-8b42-f24c62b85906-AppendLogResponseHandler: Failed appendEntries: org.apache.ratis.thirdparty.io.grpc.StatusRuntimeException: UNAVAILABLE: io exception
2019-10-14 10:42:48,176 [grpc-default-executor-3] INFO  impl.FollowerInfo (FollowerInfo.java:lambda$new$0(51)) - 50bac784-5677-491f-b59b-4a4a2fee8033@group-CEA59BAEECCE->faa5a069-6aa5-438b-8b42-f24c62b85906: nextIndex: updateUnconditionally 0 -> 0
2019-10-14 10:42:48,177 [grpc-default-executor-3] WARN  server.GrpcLogAppender (LogUtils.java:warn(134)) - 50bac784-5677-491f-b59b-4a4a2fee8033@group-CEA59BAEECCE->ab25a5f2-cb66-481d-9ac1-849da04a80bc-AppendLogResponseHandler: Failed appendEntries: org.apache.ratis.thirdparty.io.grpc.StatusRuntimeException: UNAVAILABLE: io exception
2019-10-14 10:42:48,177 [grpc-default-executor-3] INFO  impl.FollowerInfo (FollowerInfo.java:lambda$new$0(51)) - 50bac784-5677-491f-b59b-4a4a2fee8033@group-CEA59BAEECCE->ab25a5f2-cb66-481d-9ac1-849da04a80bc: nextIndex: updateUnconditionally 0 -> 0
2019-10-14 10:42:50,680 [grpc-default-executor-3] WARN  server.GrpcLogAppender (LogUtils.java:warn(134)) - 50bac784-5677-491f-b59b-4a4a2fee8033@group-CEA59BAEECCE->ab25a5f2-cb66-481d-9ac1-849da04a80bc-AppendLogResponseHandler: Failed appendEntries: org.apache.ratis.thirdparty.io.grpc.StatusRuntimeException: UNAVAILABLE: io exception
2019-10-14 10:42:50,680 [grpc-default-executor-4] WARN  server.GrpcLogAppender (LogUtils.java:warn(134)) - 50bac784-5677-491f-b59b-4a4a2fee8033@group-CEA59BAEECCE->faa5a069-6aa5-438b-8b42-f24c62b85906-AppendLogResponseHandler: Failed appendEntries: org.apache.ratis.thirdparty.io.grpc.StatusRuntimeException: UNAVAILABLE: io exception
2019-10-14 10:42:50,684 [grpc-default-executor-3] INFO  impl.FollowerInfo (FollowerInfo.java:lambda$new$0(51)) - 50bac784-5677-491f-b59b-4a4a2fee8033@group-CEA59BAEECCE->ab25a5f2-cb66-481d-9ac1-849da04a80bc: nextIndex: updateUnconditionally 0 -> 0
2019-10-14 10:42:50,684 [grpc-default-executor-4] INFO  impl.FollowerInfo (FollowerInfo.java:lambda$new$0(51)) - 50bac784-5677-491f-b59b-4a4a2fee8033@group-CEA59BAEECCE->faa5a069-6aa5-438b-8b42-f24c62b85906: nextIndex: updateUnconditionally 0 -> 0
2019-10-14 10:42:53,182 [grpc-default-executor-3] WARN  server.GrpcLogAppender (LogUtils.java:warn(134)) - 50bac784-5677-491f-b59b-4a4a2fee8033@group-CEA59BAEECCE->faa5a069-6aa5-438b-8b42-f24c62b85906-AppendLogResponseHandler: Failed appendEntries: org.apache.ratis.thirdparty.io.grpc.StatusRuntimeException: UNAVAILABLE: io exception
2019-10-14 10:42:53,183 [grpc-default-executor-3] INFO  impl.FollowerInfo (FollowerInfo.java:lambda$new$0(51)) - 50bac784-5677-491f-b59b-4a4a2fee8033@group-CEA59BAEECCE->faa5a069-6aa5-438b-8b42-f24c62b85906: nextIndex: updateUnconditionally 0 -> 0
2019-10-14 10:42:53,183 [grpc-default-executor-4] WARN  server.GrpcLogAppender (LogUtils.java:warn(134)) - 50bac784-5677-491f-b59b-4a4a2fee8033@group-CEA59BAEECCE->ab25a5f2-cb66-481d-9ac1-849da04a80bc-AppendLogResponseHandler: Failed appendEntries: org.apache.ratis.thirdparty.io.grpc.StatusRuntimeException: UNAVAILABLE: io exception
2019-10-14 10:42:53,184 [grpc-default-executor-4] INFO  impl.FollowerInfo (FollowerInfo.java:lambda$new$0(51)) - 50bac784-5677-491f-b59b-4a4a2fee8033@group-CEA59BAEECCE->ab25a5f2-cb66-481d-9ac1-849da04a80bc: nextIndex: updateUnconditionally 0 -> 0
2019-10-14 10:42:55,688 [grpc-default-executor-5] WARN  server.GrpcLogAppender (LogUtils.java:warn(134)) - 50bac784-5677-491f-b59b-4a4a2fee8033@group-CEA59BAEECCE->ab25a5f2-cb66-481d-9ac1-849da04a80bc-AppendLogResponseHandler: Failed appendEntries: org.apache.ratis.thirdparty.io.grpc.StatusRuntimeException: UNAVAILABLE: io exception
2019-10-14 10:42:55,688 [grpc-default-executor-3] WARN  server.GrpcLogAppender (LogUtils.java:warn(134)) - 50bac784-5677-491f-b59b-4a4a2fee8033@group-CEA59BAEECCE->faa5a069-6aa5-438b-8b42-f24c62b85906-AppendLogResponseHandler: Failed appendEntries: org.apache.ratis.thirdparty.io.grpc.StatusRuntimeException: UNAVAILABLE: io exception
2019-10-14 10:42:55,689 [grpc-default-executor-5] INFO  impl.FollowerInfo (FollowerInfo.java:lambda$new$0(51)) - 50bac784-5677-491f-b59b-4a4a2fee8033@group-CEA59BAEECCE->ab25a5f2-cb66-481d-9ac1-849da04a80bc: nextIndex: updateUnconditionally 0 -> 0
2019-10-14 10:42:55,689 [grpc-default-executor-3] INFO  impl.FollowerInfo (FollowerInfo.java:lambda$new$0(51)) - 50bac784-5677-491f-b59b-4a4a2fee8033@group-CEA59BAEECCE->faa5a069-6aa5-438b-8b42-f24c62b85906: nextIndex: updateUnconditionally 0 -> 0
2019-10-14 10:42:56,098 [main] WARN  scm.XceiverClientRatis (XceiverClientRatis.java:watchForCommit(277)) - 3 way commit failed on pipeline Pipeline[ Id: a6937e34-a561-4bef-ae0c-cea59baeecce, Nodes: faa5a069-6aa5-438b-8b42-f24c62b85906{ip: 192.168.151.118, host: pr-hdds-2296-8rkbz-2376872687, networkLocation: /default-rack, certSerialId: null}ab25a5f2-cb66-481d-9ac1-849da04a80bc{ip: 192.168.151.118, host: pr-hdds-2296-8rkbz-2376872687, networkLocation: /default-rack, certSerialId: null}50bac784-5677-491f-b59b-4a4a2fee8033{ip: 192.168.151.118, host: pr-hdds-2296-8rkbz-2376872687, networkLocation: /default-rack, certSerialId: null}, Type:RATIS, Factor:THREE, State:OPEN]
java.util.concurrent.TimeoutException
	at java.util.concurrent.CompletableFuture.timedGet(CompletableFuture.java:1771)
	at java.util.concurrent.CompletableFuture.get(CompletableFuture.java:1915)
	at org.apache.hadoop.hdds.scm.XceiverClientRatis.watchForCommit(XceiverClientRatis.java:274)
	at org.apache.hadoop.ozone.client.rpc.TestWatchForCommit.testWatchForCommitForRetryfailure(TestWatchForCommit.java:345)
	at sun.reflect.NativeMethodAccessorImpl.invoke0(Native Method)
	at sun.reflect.NativeMethodAccessorImpl.invoke(NativeMethodAccessorImpl.java:62)
	at sun.reflect.DelegatingMethodAccessorImpl.invoke(DelegatingMethodAccessorImpl.java:43)
	at java.lang.reflect.Method.invoke(Method.java:498)
	at org.junit.runners.model.FrameworkMethod$1.runReflectiveCall(FrameworkMethod.java:47)
	at org.junit.internal.runners.model.ReflectiveCallable.run(ReflectiveCallable.java:12)
	at org.junit.runners.model.FrameworkMethod.invokeExplosively(FrameworkMethod.java:44)
	at org.junit.internal.runners.statements.InvokeMethod.evaluate(InvokeMethod.java:17)
	at org.junit.runners.ParentRunner.runLeaf(ParentRunner.java:271)
	at org.junit.runners.BlockJUnit4ClassRunner.runChild(BlockJUnit4ClassRunner.java:70)
	at org.junit.runners.BlockJUnit4ClassRunner.runChild(BlockJUnit4ClassRunner.java:50)
	at org.junit.runners.ParentRunner$3.run(ParentRunner.java:238)
	at org.junit.runners.ParentRunner$1.schedule(ParentRunner.java:63)
	at org.junit.runners.ParentRunner.runChildren(ParentRunner.java:236)
	at org.junit.runners.ParentRunner.access$000(ParentRunner.java:53)
	at org.junit.runners.ParentRunner$2.evaluate(ParentRunner.java:229)
	at org.junit.runners.ParentRunner.run(ParentRunner.java:309)
	at org.apache.maven.surefire.junit4.JUnit4Provider.execute(JUnit4Provider.java:365)
	at org.apache.maven.surefire.junit4.JUnit4Provider.executeWithRerun(JUnit4Provider.java:273)
	at org.apache.maven.surefire.junit4.JUnit4Provider.executeTestSet(JUnit4Provider.java:238)
	at org.apache.maven.surefire.junit4.JUnit4Provider.invoke(JUnit4Provider.java:159)
	at org.apache.maven.surefire.booter.ForkedBooter.invokeProviderInSameClassLoader(ForkedBooter.java:384)
	at org.apache.maven.surefire.booter.ForkedBooter.runSuitesInProcess(ForkedBooter.java:345)
	at org.apache.maven.surefire.booter.ForkedBooter.execute(ForkedBooter.java:126)
	at org.apache.maven.surefire.booter.ForkedBooter.main(ForkedBooter.java:418)
2019-10-14 10:42:58,186 [grpc-default-executor-1] WARN  server.GrpcLogAppender (LogUtils.java:warn(134)) - 50bac784-5677-491f-b59b-4a4a2fee8033@group-CEA59BAEECCE->faa5a069-6aa5-438b-8b42-f24c62b85906-AppendLogResponseHandler: Failed appendEntries: org.apache.ratis.thirdparty.io.grpc.StatusRuntimeException: UNAVAILABLE: io exception
2019-10-14 10:42:58,186 [grpc-default-executor-3] WARN  server.GrpcLogAppender (LogUtils.java:warn(134)) - 50bac784-5677-491f-b59b-4a4a2fee8033@group-CEA59BAEECCE->ab25a5f2-cb66-481d-9ac1-849da04a80bc-AppendLogResponseHandler: Failed appendEntries: org.apache.ratis.thirdparty.io.grpc.StatusRuntimeException: UNAVAILABLE: io exception
2019-10-14 10:42:58,188 [grpc-default-executor-1] INFO  impl.FollowerInfo (FollowerInfo.java:lambda$new$0(51)) - 50bac784-5677-491f-b59b-4a4a2fee8033@group-CEA59BAEECCE->faa5a069-6aa5-438b-8b42-f24c62b85906: nextIndex: updateUnconditionally 0 -> 0
2019-10-14 10:42:58,188 [grpc-default-executor-3] INFO  impl.FollowerInfo (FollowerInfo.java:lambda$new$0(51)) - 50bac784-5677-491f-b59b-4a4a2fee8033@group-CEA59BAEECCE->ab25a5f2-cb66-481d-9ac1-849da04a80bc: nextIndex: updateUnconditionally 0 -> 0
2019-10-14 10:42:59,056 [Thread-1555] INFO  client.GrpcClientProtocolService (GrpcClientProtocolService.java:lambda$processClientRequest$0(278)) - Failed RaftClientRequest:client-D0A3365461D8->50bac784-5677-491f-b59b-4a4a2fee8033@group-CEA59BAEECCE, cid=67, seq=0, Watch-ALL_COMMITTED(92), Message:<EMPTY>, reply=RaftClientReply:client-D0A3365461D8->50bac784-5677-491f-b59b-4a4a2fee8033@group-CEA59BAEECCE, cid=67, FAILED org.apache.ratis.protocol.NotReplicatedException: Request with call Id 67 and log index 92 is not yet replicated to ALL_COMMITTED, logIndex=92, commits[50bac784-5677-491f-b59b-4a4a2fee8033:c2, faa5a069-6aa5-438b-8b42-f24c62b85906:c2, ab25a5f2-cb66-481d-9ac1-849da04a80bc:c2]
2019-10-14 10:43:00,688 [grpc-default-executor-3] WARN  server.GrpcLogAppender (LogUtils.java:warn(134)) - 50bac784-5677-491f-b59b-4a4a2fee8033@group-CEA59BAEECCE->ab25a5f2-cb66-481d-9ac1-849da04a80bc-AppendLogResponseHandler: Failed appendEntries: org.apache.ratis.thirdparty.io.grpc.StatusRuntimeException: UNAVAILABLE: io exception
2019-10-14 10:43:00,688 [grpc-default-executor-4] WARN  server.GrpcLogAppender (LogUtils.java:warn(134)) - 50bac784-5677-491f-b59b-4a4a2fee8033@group-CEA59BAEECCE->faa5a069-6aa5-438b-8b42-f24c62b85906-AppendLogResponseHandler: Failed appendEntries: org.apache.ratis.thirdparty.io.grpc.StatusRuntimeException: UNAVAILABLE: io exception
2019-10-14 10:43:00,692 [grpc-default-executor-3] INFO  impl.FollowerInfo (FollowerInfo.java:lambda$new$0(51)) - 50bac784-5677-491f-b59b-4a4a2fee8033@group-CEA59BAEECCE->ab25a5f2-cb66-481d-9ac1-849da04a80bc: nextIndex: updateUnconditionally 0 -> 0
2019-10-14 10:43:00,692 [grpc-default-executor-4] INFO  impl.FollowerInfo (FollowerInfo.java:lambda$new$0(51)) - 50bac784-5677-491f-b59b-4a4a2fee8033@group-CEA59BAEECCE->faa5a069-6aa5-438b-8b42-f24c62b85906: nextIndex: updateUnconditionally 0 -> 0
2019-10-14 10:43:03,188 [grpc-default-executor-3] WARN  server.GrpcLogAppender (LogUtils.java:warn(134)) - 50bac784-5677-491f-b59b-4a4a2fee8033@group-CEA59BAEECCE->faa5a069-6aa5-438b-8b42-f24c62b85906-AppendLogResponseHandler: Failed appendEntries: org.apache.ratis.thirdparty.io.grpc.StatusRuntimeException: UNAVAILABLE: io exception
2019-10-14 10:43:03,188 [grpc-default-executor-4] WARN  server.GrpcLogAppender (LogUtils.java:warn(134)) - 50bac784-5677-491f-b59b-4a4a2fee8033@group-CEA59BAEECCE->ab25a5f2-cb66-481d-9ac1-849da04a80bc-AppendLogResponseHandler: Failed appendEntries: org.apache.ratis.thirdparty.io.grpc.StatusRuntimeException: UNAVAILABLE: io exception
2019-10-14 10:43:03,189 [grpc-default-executor-3] INFO  impl.FollowerInfo (FollowerInfo.java:lambda$new$0(51)) - 50bac784-5677-491f-b59b-4a4a2fee8033@group-CEA59BAEECCE->faa5a069-6aa5-438b-8b42-f24c62b85906: nextIndex: updateUnconditionally 0 -> 0
2019-10-14 10:43:03,189 [grpc-default-executor-4] INFO  impl.FollowerInfo (FollowerInfo.java:lambda$new$0(51)) - 50bac784-5677-491f-b59b-4a4a2fee8033@group-CEA59BAEECCE->ab25a5f2-cb66-481d-9ac1-849da04a80bc: nextIndex: updateUnconditionally 0 -> 0
2019-10-14 10:43:05,690 [grpc-default-executor-5] WARN  server.GrpcLogAppender (LogUtils.java:warn(134)) - 50bac784-5677-491f-b59b-4a4a2fee8033@group-CEA59BAEECCE->faa5a069-6aa5-438b-8b42-f24c62b85906-AppendLogResponseHandler: Failed appendEntries: org.apache.ratis.thirdparty.io.grpc.StatusRuntimeException: UNAVAILABLE: io exception
2019-10-14 10:43:05,690 [grpc-default-executor-4] WARN  server.GrpcLogAppender (LogUtils.java:warn(134)) - 50bac784-5677-491f-b59b-4a4a2fee8033@group-CEA59BAEECCE->ab25a5f2-cb66-481d-9ac1-849da04a80bc-AppendLogResponseHandler: Failed appendEntries: org.apache.ratis.thirdparty.io.grpc.StatusRuntimeException: UNAVAILABLE: io exception
2019-10-14 10:43:05,690 [grpc-default-executor-5] INFO  impl.FollowerInfo (FollowerInfo.java:lambda$new$0(51)) - 50bac784-5677-491f-b59b-4a4a2fee8033@group-CEA59BAEECCE->faa5a069-6aa5-438b-8b42-f24c62b85906: nextIndex: updateUnconditionally 0 -> 0
2019-10-14 10:43:05,690 [grpc-default-executor-4] INFO  impl.FollowerInfo (FollowerInfo.java:lambda$new$0(51)) - 50bac784-5677-491f-b59b-4a4a2fee8033@group-CEA59BAEECCE->ab25a5f2-cb66-481d-9ac1-849da04a80bc: nextIndex: updateUnconditionally 0 -> 0
2019-10-14 10:43:08,056 [Thread-1570] INFO  client.GrpcClientProtocolService (GrpcClientProtocolService.java:lambda$processClientRequest$0(278)) - Failed RaftClientRequest:client-D0A3365461D8->50bac784-5677-491f-b59b-4a4a2fee8033@group-CEA59BAEECCE, cid=67, seq=0, Watch-ALL_COMMITTED(92), Message:<EMPTY>, reply=RaftClientReply:client-D0A3365461D8->50bac784-5677-491f-b59b-4a4a2fee8033@group-CEA59BAEECCE, cid=67, FAILED org.apache.ratis.protocol.NotReplicatedException: Request with call Id 67 and log index 92 is not yet replicated to ALL_COMMITTED, logIndex=92, commits[50bac784-5677-491f-b59b-4a4a2fee8033:c2, faa5a069-6aa5-438b-8b42-f24c62b85906:c2, ab25a5f2-cb66-481d-9ac1-849da04a80bc:c2]
2019-10-14 10:43:08,059 [Thread-1571] INFO  client.GrpcClientProtocolService (GrpcClientProtocolService.java:lambda$processClientRequest$0(278)) - Failed RaftClientRequest:client-D0A3365461D8->50bac784-5677-491f-b59b-4a4a2fee8033@group-CEA59BAEECCE, cid=68, seq=0, Watch-MAJORITY_COMMITTED(92), Message:<EMPTY>, reply=RaftClientReply:client-D0A3365461D8->50bac784-5677-491f-b59b-4a4a2fee8033@group-CEA59BAEECCE, cid=68, FAILED org.apache.ratis.protocol.NotReplicatedException: Request with call Id 68 and log index 92 is not yet replicated to MAJORITY_COMMITTED, logIndex=92, commits[50bac784-5677-491f-b59b-4a4a2fee8033:c2, faa5a069-6aa5-438b-8b42-f24c62b85906:c2, ab25a5f2-cb66-481d-9ac1-849da04a80bc:c2]
2019-10-14 10:43:08,190 [grpc-default-executor-5] WARN  server.GrpcLogAppender (LogUtils.java:warn(134)) - 50bac784-5677-491f-b59b-4a4a2fee8033@group-CEA59BAEECCE->faa5a069-6aa5-438b-8b42-f24c62b85906-AppendLogResponseHandler: Failed appendEntries: org.apache.ratis.thirdparty.io.grpc.StatusRuntimeException: UNAVAILABLE: io exception
2019-10-14 10:43:08,192 [grpc-default-executor-3] WARN  server.GrpcLogAppender (LogUtils.java:warn(134)) - 50bac784-5677-491f-b59b-4a4a2fee8033@group-CEA59BAEECCE->ab25a5f2-cb66-481d-9ac1-849da04a80bc-AppendLogResponseHandler: Failed appendEntries: org.apache.ratis.thirdparty.io.grpc.StatusRuntimeException: UNAVAILABLE: io exception
2019-10-14 10:43:08,194 [grpc-default-executor-5] INFO  impl.FollowerInfo (FollowerInfo.java:lambda$new$0(51)) - 50bac784-5677-491f-b59b-4a4a2fee8033@group-CEA59BAEECCE->faa5a069-6aa5-438b-8b42-f24c62b85906: nextIndex: updateUnconditionally 0 -> 0
2019-10-14 10:43:08,194 [grpc-default-executor-3] INFO  impl.FollowerInfo (FollowerInfo.java:lambda$new$0(51)) - 50bac784-5677-491f-b59b-4a4a2fee8033@group-CEA59BAEECCE->ab25a5f2-cb66-481d-9ac1-849da04a80bc: nextIndex: updateUnconditionally 0 -> 0
2019-10-14 10:43:10,691 [grpc-default-executor-4] WARN  server.GrpcLogAppender (LogUtils.java:warn(134)) - 50bac784-5677-491f-b59b-4a4a2fee8033@group-CEA59BAEECCE->ab25a5f2-cb66-481d-9ac1-849da04a80bc-AppendLogResponseHandler: Failed appendEntries: org.apache.ratis.thirdparty.io.grpc.StatusRuntimeException: UNAVAILABLE: io exception
2019-10-14 10:43:10,691 [grpc-default-executor-3] WARN  server.GrpcLogAppender (LogUtils.java:warn(134)) - 50bac784-5677-491f-b59b-4a4a2fee8033@group-CEA59BAEECCE->faa5a069-6aa5-438b-8b42-f24c62b85906-AppendLogResponseHandler: Failed appendEntries: org.apache.ratis.thirdparty.io.grpc.StatusRuntimeException: UNAVAILABLE: io exception
2019-10-14 10:43:10,691 [grpc-default-executor-4] INFO  impl.FollowerInfo (FollowerInfo.java:lambda$new$0(51)) - 50bac784-5677-491f-b59b-4a4a2fee8033@group-CEA59BAEECCE->ab25a5f2-cb66-481d-9ac1-849da04a80bc: nextIndex: updateUnconditionally 0 -> 0
2019-10-14 10:43:10,691 [grpc-default-executor-3] INFO  impl.FollowerInfo (FollowerInfo.java:lambda$new$0(51)) - 50bac784-5677-491f-b59b-4a4a2fee8033@group-CEA59BAEECCE->faa5a069-6aa5-438b-8b42-f24c62b85906: nextIndex: updateUnconditionally 0 -> 0
2019-10-14 10:43:13,194 [grpc-default-executor-4] WARN  server.GrpcLogAppender (LogUtils.java:warn(134)) - 50bac784-5677-491f-b59b-4a4a2fee8033@group-CEA59BAEECCE->faa5a069-6aa5-438b-8b42-f24c62b85906-AppendLogResponseHandler: Failed appendEntries: org.apache.ratis.thirdparty.io.grpc.StatusRuntimeException: UNAVAILABLE: io exception
2019-10-14 10:43:13,194 [grpc-default-executor-3] WARN  server.GrpcLogAppender (LogUtils.java:warn(134)) - 50bac784-5677-491f-b59b-4a4a2fee8033@group-CEA59BAEECCE->ab25a5f2-cb66-481d-9ac1-849da04a80bc-AppendLogResponseHandler: Failed appendEntries: org.apache.ratis.thirdparty.io.grpc.StatusRuntimeException: UNAVAILABLE: io exception
2019-10-14 10:43:13,195 [grpc-default-executor-4] INFO  impl.FollowerInfo (FollowerInfo.java:lambda$new$0(51)) - 50bac784-5677-491f-b59b-4a4a2fee8033@group-CEA59BAEECCE->faa5a069-6aa5-438b-8b42-f24c62b85906: nextIndex: updateUnconditionally 0 -> 0
2019-10-14 10:43:13,195 [grpc-default-executor-3] INFO  impl.FollowerInfo (FollowerInfo.java:lambda$new$0(51)) - 50bac784-5677-491f-b59b-4a4a2fee8033@group-CEA59BAEECCE->ab25a5f2-cb66-481d-9ac1-849da04a80bc: nextIndex: updateUnconditionally 0 -> 0
2019-10-14 10:43:15,694 [grpc-default-executor-1] WARN  server.GrpcLogAppender (LogUtils.java:warn(134)) - 50bac784-5677-491f-b59b-4a4a2fee8033@group-CEA59BAEECCE->faa5a069-6aa5-438b-8b42-f24c62b85906-AppendLogResponseHandler: Failed appendEntries: org.apache.ratis.thirdparty.io.grpc.StatusRuntimeException: UNAVAILABLE: io exception
2019-10-14 10:43:15,694 [grpc-default-executor-5] WARN  server.GrpcLogAppender (LogUtils.java:warn(134)) - 50bac784-5677-491f-b59b-4a4a2fee8033@group-CEA59BAEECCE->ab25a5f2-cb66-481d-9ac1-849da04a80bc-AppendLogResponseHandler: Failed appendEntries: org.apache.ratis.thirdparty.io.grpc.StatusRuntimeException: UNAVAILABLE: io exception
2019-10-14 10:43:15,695 [grpc-default-executor-1] INFO  impl.FollowerInfo (FollowerInfo.java:lambda$new$0(51)) - 50bac784-5677-491f-b59b-4a4a2fee8033@group-CEA59BAEECCE->faa5a069-6aa5-438b-8b42-f24c62b85906: nextIndex: updateUnconditionally 0 -> 0
2019-10-14 10:43:15,695 [grpc-default-executor-5] INFO  impl.FollowerInfo (FollowerInfo.java:lambda$new$0(51)) - 50bac784-5677-491f-b59b-4a4a2fee8033@group-CEA59BAEECCE->ab25a5f2-cb66-481d-9ac1-849da04a80bc: nextIndex: updateUnconditionally 0 -> 0
]]></system-out>
    <system-err><![CDATA[Oct 14, 2019 10:42:30 AM org.apache.ratis.thirdparty.io.grpc.internal.SerializingExecutor run
SEVERE: Exception while executing runnable org.apache.ratis.thirdparty.io.grpc.internal.ServerImpl$JumpToApplicationThreadServerStreamListener$1Closed@5be9b368
org.apache.ratis.thirdparty.io.grpc.StatusRuntimeException: CANCELLED: call already cancelled
	at org.apache.ratis.thirdparty.io.grpc.Status.asRuntimeException(Status.java:517)
	at org.apache.ratis.thirdparty.io.grpc.stub.ServerCalls$ServerCallStreamObserverImpl.onCompleted(ServerCalls.java:356)
	at org.apache.ratis.grpc.server.GrpcServerProtocolService$ServerRequestStreamObserver.onError(GrpcServerProtocolService.java:121)
	at org.apache.ratis.thirdparty.io.grpc.stub.ServerCalls$StreamingServerCallHandler$StreamingServerCallListener.onCancel(ServerCalls.java:269)
	at org.apache.ratis.thirdparty.io.grpc.internal.ServerCallImpl$ServerStreamListenerImpl.closed(ServerCallImpl.java:293)
	at org.apache.ratis.thirdparty.io.grpc.internal.ServerImpl$JumpToApplicationThreadServerStreamListener$1Closed.runInContext(ServerImpl.java:741)
	at org.apache.ratis.thirdparty.io.grpc.internal.ContextRunnable.run(ContextRunnable.java:37)
	at org.apache.ratis.thirdparty.io.grpc.internal.SerializingExecutor.run(SerializingExecutor.java:123)
	at java.util.concurrent.ThreadPoolExecutor.runWorker(ThreadPoolExecutor.java:1149)
	at java.util.concurrent.ThreadPoolExecutor$Worker.run(ThreadPoolExecutor.java:624)
	at java.lang.Thread.run(Thread.java:748)

Oct 14, 2019 10:42:36 AM org.apache.ratis.thirdparty.io.grpc.internal.SerializingExecutor run
SEVERE: Exception while executing runnable org.apache.ratis.thirdparty.io.grpc.internal.ServerImpl$JumpToApplicationThreadServerStreamListener$1Closed@6024c581
org.apache.ratis.thirdparty.io.grpc.StatusRuntimeException: CANCELLED: call already cancelled
	at org.apache.ratis.thirdparty.io.grpc.Status.asRuntimeException(Status.java:517)
	at org.apache.ratis.thirdparty.io.grpc.stub.ServerCalls$ServerCallStreamObserverImpl.onCompleted(ServerCalls.java:356)
	at org.apache.ratis.grpc.server.GrpcServerProtocolService$ServerRequestStreamObserver.onError(GrpcServerProtocolService.java:121)
	at org.apache.ratis.thirdparty.io.grpc.stub.ServerCalls$StreamingServerCallHandler$StreamingServerCallListener.onCancel(ServerCalls.java:269)
	at org.apache.ratis.thirdparty.io.grpc.internal.ServerCallImpl$ServerStreamListenerImpl.closed(ServerCallImpl.java:293)
	at org.apache.ratis.thirdparty.io.grpc.internal.ServerImpl$JumpToApplicationThreadServerStreamListener$1Closed.runInContext(ServerImpl.java:741)
	at org.apache.ratis.thirdparty.io.grpc.internal.ContextRunnable.run(ContextRunnable.java:37)
	at org.apache.ratis.thirdparty.io.grpc.internal.SerializingExecutor.run(SerializingExecutor.java:123)
	at java.util.concurrent.ThreadPoolExecutor.runWorker(ThreadPoolExecutor.java:1149)
	at java.util.concurrent.ThreadPoolExecutor$Worker.run(ThreadPoolExecutor.java:624)
	at java.lang.Thread.run(Thread.java:748)

]]></system-err>
  </testcase>
  <testcase name="testWatchForCommitForGroupMismatchException" classname="org.apache.hadoop.ozone.client.rpc.TestWatchForCommit" time="32.905"/>
  <testcase name="test2WayCommitForTimeoutException" classname="org.apache.hadoop.ozone.client.rpc.TestWatchForCommit" time="29.844">
    <error message="org.apache.ratis.protocol.RaftRetryFailureException: Failed RaftClientRequest:client-6ED5A297DA39-&gt;05418579-ba8a-4912-9487-34133cf43f33@group-2FD4925BA0EA, cid=103, seq=1*, RW, cmdType: CreateContainer&#10;traceID: &quot;cb56003dd99600a5:cb56003dd99600a5:0:0&quot;&#10;containerID: 1&#10;datanodeUuid: &quot;d1728222-debe-4fc7-871e-837563ecbabc&quot;&#10;createContainer {&#10;}&#10;, data.size=0 for 20 attempts with RetryLimited(maxAttempts=20, sleepTime=1000ms)" type="java.util.concurrent.ExecutionException">java.util.concurrent.ExecutionException: 
org.apache.ratis.protocol.RaftRetryFailureException: Failed RaftClientRequest:client-6ED5A297DA39->05418579-ba8a-4912-9487-34133cf43f33@group-2FD4925BA0EA, cid=103, seq=1*, RW, cmdType: CreateContainer
traceID: "cb56003dd99600a5:cb56003dd99600a5:0:0"
containerID: 1
datanodeUuid: "d1728222-debe-4fc7-871e-837563ecbabc"
createContainer {
}
, data.size=0 for 20 attempts with RetryLimited(maxAttempts=20, sleepTime=1000ms)
	at java.util.concurrent.CompletableFuture.reportGet(CompletableFuture.java:357)
	at java.util.concurrent.CompletableFuture.get(CompletableFuture.java:1895)
	at org.apache.hadoop.ozone.client.rpc.TestWatchForCommit.test2WayCommitForTimeoutException(TestWatchForCommit.java:384)
	at sun.reflect.NativeMethodAccessorImpl.invoke0(Native Method)
	at sun.reflect.NativeMethodAccessorImpl.invoke(NativeMethodAccessorImpl.java:62)
	at sun.reflect.DelegatingMethodAccessorImpl.invoke(DelegatingMethodAccessorImpl.java:43)
	at java.lang.reflect.Method.invoke(Method.java:498)
	at org.junit.runners.model.FrameworkMethod$1.runReflectiveCall(FrameworkMethod.java:47)
	at org.junit.internal.runners.model.ReflectiveCallable.run(ReflectiveCallable.java:12)
	at org.junit.runners.model.FrameworkMethod.invokeExplosively(FrameworkMethod.java:44)
	at org.junit.internal.runners.statements.InvokeMethod.evaluate(InvokeMethod.java:17)
	at org.junit.runners.ParentRunner.runLeaf(ParentRunner.java:271)
	at org.junit.runners.BlockJUnit4ClassRunner.runChild(BlockJUnit4ClassRunner.java:70)
	at org.junit.runners.BlockJUnit4ClassRunner.runChild(BlockJUnit4ClassRunner.java:50)
	at org.junit.runners.ParentRunner$3.run(ParentRunner.java:238)
	at org.junit.runners.ParentRunner$1.schedule(ParentRunner.java:63)
	at org.junit.runners.ParentRunner.runChildren(ParentRunner.java:236)
	at org.junit.runners.ParentRunner.access$000(ParentRunner.java:53)
	at org.junit.runners.ParentRunner$2.evaluate(ParentRunner.java:229)
	at org.junit.runners.ParentRunner.run(ParentRunner.java:309)
	at org.apache.maven.surefire.junit4.JUnit4Provider.execute(JUnit4Provider.java:365)
	at org.apache.maven.surefire.junit4.JUnit4Provider.executeWithRerun(JUnit4Provider.java:273)
	at org.apache.maven.surefire.junit4.JUnit4Provider.executeTestSet(JUnit4Provider.java:238)
	at org.apache.maven.surefire.junit4.JUnit4Provider.invoke(JUnit4Provider.java:159)
	at org.apache.maven.surefire.booter.ForkedBooter.invokeProviderInSameClassLoader(ForkedBooter.java:384)
	at org.apache.maven.surefire.booter.ForkedBooter.runSuitesInProcess(ForkedBooter.java:345)
	at org.apache.maven.surefire.booter.ForkedBooter.execute(ForkedBooter.java:126)
	at org.apache.maven.surefire.booter.ForkedBooter.main(ForkedBooter.java:418)
Caused by: org.apache.ratis.protocol.RaftRetryFailureException: Failed RaftClientRequest:client-6ED5A297DA39->05418579-ba8a-4912-9487-34133cf43f33@group-2FD4925BA0EA, cid=103, seq=1*, RW, cmdType: CreateContainer
traceID: "cb56003dd99600a5:cb56003dd99600a5:0:0"
containerID: 1
datanodeUuid: "d1728222-debe-4fc7-871e-837563ecbabc"
createContainer {
}
, data.size=0 for 20 attempts with RetryLimited(maxAttempts=20, sleepTime=1000ms)
	at org.apache.ratis.client.impl.RaftClientImpl.noMoreRetries(RaftClientImpl.java:271)
	at org.apache.ratis.client.impl.OrderedAsync.handleAsyncRetryFailure(OrderedAsync.java:138)
	at org.apache.ratis.client.impl.OrderedAsync.lambda$sendRequest$10(OrderedAsync.java:230)
	at java.util.concurrent.CompletableFuture.uniExceptionally(CompletableFuture.java:870)
	at java.util.concurrent.CompletableFuture$UniExceptionally.tryFire(CompletableFuture.java:852)
	at java.util.concurrent.CompletableFuture.postComplete(CompletableFuture.java:474)
	at java.util.concurrent.CompletableFuture.completeExceptionally(CompletableFuture.java:1977)
	at org.apache.ratis.grpc.client.GrpcClientProtocolClient$AsyncStreamObservers.completeReplyExceptionally(GrpcClientProtocolClient.java:345)
	at org.apache.ratis.grpc.client.GrpcClientProtocolClient$AsyncStreamObservers.access$000(GrpcClientProtocolClient.java:261)
	at org.apache.ratis.grpc.client.GrpcClientProtocolClient$AsyncStreamObservers$1.onNext(GrpcClientProtocolClient.java:273)
	at org.apache.ratis.grpc.client.GrpcClientProtocolClient$AsyncStreamObservers$1.onNext(GrpcClientProtocolClient.java:264)
	at org.apache.ratis.thirdparty.io.grpc.stub.ClientCalls$StreamObserverToCallListenerAdapter.onMessage(ClientCalls.java:421)
	at org.apache.ratis.thirdparty.io.grpc.ForwardingClientCallListener.onMessage(ForwardingClientCallListener.java:33)
	at org.apache.ratis.thirdparty.io.grpc.ForwardingClientCallListener.onMessage(ForwardingClientCallListener.java:33)
	at org.apache.ratis.thirdparty.io.grpc.internal.ClientCallImpl$ClientStreamListenerImpl$1MessagesAvailable.runInContext(ClientCallImpl.java:519)
	at org.apache.ratis.thirdparty.io.grpc.internal.ContextRunnable.run(ContextRunnable.java:37)
	at org.apache.ratis.thirdparty.io.grpc.internal.SerializingExecutor.run(SerializingExecutor.java:123)
	at java.util.concurrent.ThreadPoolExecutor.runWorker(ThreadPoolExecutor.java:1149)
	at java.util.concurrent.ThreadPoolExecutor$Worker.run(ThreadPoolExecutor.java:624)
	at java.lang.Thread.run(Thread.java:748)
Caused by: org.apache.ratis.protocol.NotLeaderException: Server 05418579-ba8a-4912-9487-34133cf43f33@group-2FD4925BA0EA is not the leader
	at org.apache.ratis.client.impl.ClientProtoUtils.toRaftClientReply(ClientProtoUtils.java:243)
	at org.apache.ratis.grpc.client.GrpcClientProtocolClient$AsyncStreamObservers$1.onNext(GrpcClientProtocolClient.java:269)
	... 10 more
</error>
    <system-out><![CDATA[2019-10-14 10:43:49,048 [main] WARN  server.ServerUtils (ServerUtils.java:getScmDbDir(145)) - ozone.scm.db.dirs is not configured. We recommend adding this setting. Falling back to ozone.metadata.dirs instead.
2019-10-14 10:43:49,073 [main] WARN  server.ServerUtils (ServerUtils.java:getScmDbDir(145)) - ozone.scm.db.dirs is not configured. We recommend adding this setting. Falling back to ozone.metadata.dirs instead.
2019-10-14 10:43:49,074 [main] WARN  server.ServerUtils (ServerUtils.java:getScmDbDir(145)) - ozone.scm.db.dirs is not configured. We recommend adding this setting. Falling back to ozone.metadata.dirs instead.
2019-10-14 10:43:49,075 [main] INFO  db.DBStoreBuilder (DBStoreBuilder.java:addTable(117)) - using custom profile for table: deletedBlocks
2019-10-14 10:43:49,075 [main] INFO  db.DBStoreBuilder (DBStoreBuilder.java:processTables(168)) - Using default column profile:DBProfile.DISK for Table:deletedBlocks
2019-10-14 10:43:49,075 [main] INFO  db.DBStoreBuilder (DBStoreBuilder.java:addTable(117)) - using custom profile for table: validCerts
2019-10-14 10:43:49,076 [main] INFO  db.DBStoreBuilder (DBStoreBuilder.java:processTables(168)) - Using default column profile:DBProfile.DISK for Table:validCerts
2019-10-14 10:43:49,076 [main] INFO  db.DBStoreBuilder (DBStoreBuilder.java:addTable(117)) - using custom profile for table: revokedCerts
2019-10-14 10:43:49,076 [main] INFO  db.DBStoreBuilder (DBStoreBuilder.java:processTables(168)) - Using default column profile:DBProfile.DISK for Table:revokedCerts
2019-10-14 10:43:49,076 [main] INFO  db.DBStoreBuilder (DBStoreBuilder.java:addTable(117)) - using custom profile for table: default
2019-10-14 10:43:49,076 [main] INFO  db.DBStoreBuilder (DBStoreBuilder.java:processTables(174)) - Using default column profile:DBProfile.DISK for Table:default
2019-10-14 10:43:49,076 [main] INFO  db.DBStoreBuilder (DBStoreBuilder.java:getDbProfile(205)) - Using default options. DBProfile.DISK
2019-10-14 10:43:49,300 [main] INFO  net.NodeSchemaLoader (NodeSchemaLoader.java:loadSchemaFromFile(125)) - Loading file from sun.misc.CompoundEnumeration@361cd35c
2019-10-14 10:43:49,300 [main] INFO  net.NodeSchemaLoader (NodeSchemaLoader.java:loadSchema(171)) - Loading network topology layer schema file
2019-10-14 10:43:49,303 [main] WARN  server.ServerUtils (ServerUtils.java:sanitizeUserArgs(70)) - ozone.scm.stale.node.interval value = 300000 is larger than max = 100000 based on the key value of ozone.scm.heartbeat.thread.interval, reset to the max value 100000.
2019-10-14 10:43:49,304 [main] WARN  server.ServerUtils (ServerUtils.java:sanitizeUserArgs(70)) - ozone.scm.stale.node.interval value = 300000 is larger than max = 100000 based on the key value of ozone.scm.heartbeat.thread.interval, reset to the max value 100000.
2019-10-14 10:43:49,304 [main] INFO  node.SCMNodeManager (SCMNodeManager.java:<init>(116)) - Entering startup safe mode.
2019-10-14 10:43:49,304 [main] INFO  algorithms.ContainerPlacementPolicyFactory (ContainerPlacementPolicyFactory.java:getPolicy(57)) - Create container placement policy of type org.apache.hadoop.hdds.scm.container.placement.algorithms.SCMContainerPlacementRandom
2019-10-14 10:43:49,305 [main] WARN  server.ServerUtils (ServerUtils.java:getScmDbDir(145)) - ozone.scm.db.dirs is not configured. We recommend adding this setting. Falling back to ozone.metadata.dirs instead.
2019-10-14 10:43:49,390 [main] INFO  pipeline.SCMPipelineManager (SCMPipelineManager.java:initializePipelineState(132)) - No pipeline exists in current db
2019-10-14 10:43:49,391 [main] WARN  server.ServerUtils (ServerUtils.java:getScmDbDir(145)) - ozone.scm.db.dirs is not configured. We recommend adding this setting. Falling back to ozone.metadata.dirs instead.
2019-10-14 10:43:49,499 [main] WARN  events.EventQueue (EventQueue.java:fireEvent(183)) - No event handler registered for event TypedEvent{payloadType=SafeModeStatus, name='SafeModeStatus'}
2019-10-14 10:43:49,499 [main] INFO  ipc.CallQueueManager (CallQueueManager.java:<init>(84)) - Using callQueue: class java.util.concurrent.LinkedBlockingQueue, queueCapacity: 2000, scheduler: class org.apache.hadoop.ipc.DefaultRpcScheduler, ipcBackoff: false.
2019-10-14 10:43:49,500 [Socket Reader #1 for port 32858] INFO  ipc.Server (Server.java:run(1074)) - Starting Socket Reader #1 for port 32858
2019-10-14 10:43:49,503 [main] INFO  ipc.CallQueueManager (CallQueueManager.java:<init>(84)) - Using callQueue: class java.util.concurrent.LinkedBlockingQueue, queueCapacity: 2000, scheduler: class org.apache.hadoop.ipc.DefaultRpcScheduler, ipcBackoff: false.
2019-10-14 10:43:49,503 [Socket Reader #1 for port 36021] INFO  ipc.Server (Server.java:run(1074)) - Starting Socket Reader #1 for port 36021
2019-10-14 10:43:49,505 [main] INFO  ipc.CallQueueManager (CallQueueManager.java:<init>(84)) - Using callQueue: class java.util.concurrent.LinkedBlockingQueue, queueCapacity: 2000, scheduler: class org.apache.hadoop.ipc.DefaultRpcScheduler, ipcBackoff: false.
2019-10-14 10:43:49,506 [Socket Reader #1 for port 41586] INFO  ipc.Server (Server.java:run(1074)) - Starting Socket Reader #1 for port 41586
2019-10-14 10:43:49,510 [main] INFO  hdfs.DFSUtil (DFSUtil.java:httpServerTemplateForNNAndJN(1641)) - Starting Web-server for scm at: http://0.0.0.0:0
2019-10-14 10:43:49,511 [main] INFO  server.AuthenticationFilter (AuthenticationFilter.java:constructSecretProvider(240)) - Unable to initialize FileSignerSecretProvider, falling back to use random secrets.
2019-10-14 10:43:49,512 [main] WARN  http.HttpRequestLog (HttpRequestLog.java:getRequestLog(97)) - Jetty request log can only be enabled using Log4j
2019-10-14 10:43:49,513 [main] INFO  http.HttpServer2 (HttpServer2.java:addGlobalFilter(975)) - Added global filter 'safety' (class=org.apache.hadoop.http.HttpServer2$QuotingInputFilter)
2019-10-14 10:43:49,514 [main] INFO  http.HttpServer2 (HttpServer2.java:addFilter(948)) - Added filter static_user_filter (class=org.apache.hadoop.http.lib.StaticUserWebFilter$StaticUserFilter) to context scm
2019-10-14 10:43:49,514 [main] INFO  http.HttpServer2 (HttpServer2.java:addFilter(958)) - Added filter static_user_filter (class=org.apache.hadoop.http.lib.StaticUserWebFilter$StaticUserFilter) to context logs
2019-10-14 10:43:49,514 [main] INFO  http.HttpServer2 (HttpServer2.java:addFilter(958)) - Added filter static_user_filter (class=org.apache.hadoop.http.lib.StaticUserWebFilter$StaticUserFilter) to context static
2019-10-14 10:43:49,515 [main] INFO  server.StorageContainerManager (StorageContainerManager.java:start(772)) - StorageContainerLocationProtocol RPC server is listening at /0.0.0.0:41586
2019-10-14 10:43:49,518 [main] WARN  impl.MetricsConfig (MetricsConfig.java:loadFirst(134)) - Cannot locate configuration: tried hadoop-metrics2-storagecontainermanager.properties,hadoop-metrics2.properties
2019-10-14 10:43:49,519 [main] INFO  impl.MetricsSystemImpl (MetricsSystemImpl.java:startTimer(374)) - Scheduled Metric snapshot period at 10 second(s).
2019-10-14 10:43:49,519 [main] INFO  impl.MetricsSystemImpl (MetricsSystemImpl.java:start(191)) - StorageContainerManager metrics system started
2019-10-14 10:43:49,790 [main] WARN  impl.MetricsSystemImpl (MetricsSystemImpl.java:register(276)) - Sink prometheus already exists!
2019-10-14 10:43:50,071 [main] INFO  server.SCMClientProtocolServer (SCMClientProtocolServer.java:start(159)) - RPC server for Client  is listening at /0.0.0.0:41586
2019-10-14 10:43:50,071 [IPC Server Responder] INFO  ipc.Server (Server.java:run(1314)) - IPC Server Responder: starting
2019-10-14 10:43:50,071 [IPC Server listener on 41586] INFO  ipc.Server (Server.java:run(1153)) - IPC Server listener on 41586: starting
2019-10-14 10:43:50,082 [main] INFO  server.StorageContainerManager (StorageContainerManager.java:start(782)) - ScmBlockLocationProtocol RPC server is listening at /0.0.0.0:36021
2019-10-14 10:43:50,082 [main] INFO  server.SCMBlockProtocolServer (SCMBlockProtocolServer.java:start(146)) - RPC server for Block Protocol is listening at /0.0.0.0:36021
2019-10-14 10:43:50,083 [IPC Server Responder] INFO  ipc.Server (Server.java:run(1314)) - IPC Server Responder: starting
2019-10-14 10:43:50,083 [IPC Server listener on 36021] INFO  ipc.Server (Server.java:run(1153)) - IPC Server listener on 36021: starting
2019-10-14 10:43:50,087 [main] INFO  server.StorageContainerManager (StorageContainerManager.java:start(786)) - ScmDatanodeProtocl RPC server is listening at /0.0.0.0:32858
2019-10-14 10:43:50,087 [main] INFO  server.SCMDatanodeProtocolServer (SCMDatanodeProtocolServer.java:start(169)) - RPC server for DataNodes is listening at /0.0.0.0:32858
2019-10-14 10:43:50,087 [IPC Server Responder] INFO  ipc.Server (Server.java:run(1314)) - IPC Server Responder: starting
2019-10-14 10:43:50,087 [IPC Server listener on 32858] INFO  ipc.Server (Server.java:run(1153)) - IPC Server listener on 32858: starting
2019-10-14 10:43:50,092 [main] INFO  http.HttpServer2 (HttpServer2.java:bindListener(1191)) - Jetty bound to port 33373
2019-10-14 10:43:50,092 [main] INFO  server.Server (Server.java:doStart(351)) - jetty-9.3.25.v20180904, build timestamp: 2018-09-04T21:11:46Z, git hash: 3ce520221d0240229c862b122d2b06c12a625732
2019-10-14 10:43:50,094 [main] INFO  handler.ContextHandler (ContextHandler.java:doStart(781)) - Started o.e.j.s.ServletContextHandler@7558c24b{/logs,file:///workdir/hadoop-ozone/integration-test/target/log,AVAILABLE}
2019-10-14 10:43:50,094 [main] INFO  handler.ContextHandler (ContextHandler.java:doStart(781)) - Started o.e.j.s.ServletContextHandler@1f129467{/static,file:///workdir/hadoop-ozone/integration-test/target/test-classes/webapps/static,AVAILABLE}
2019-10-14 10:43:50,099 [main] INFO  handler.ContextHandler (ContextHandler.java:doStart(781)) - Started o.e.j.w.WebAppContext@6af65f29{/,file:///workdir/hadoop-ozone/integration-test/target/test-classes/webapps/scm/,AVAILABLE}{/scm}
2019-10-14 10:43:50,099 [main] INFO  server.AbstractConnector (AbstractConnector.java:doStart(278)) - Started ServerConnector@370c9018{HTTP/1.1,[http/1.1]}{0.0.0.0:33373}
2019-10-14 10:43:50,101 [main] INFO  server.Server (Server.java:doStart(419)) - Started @212748ms
2019-10-14 10:43:50,102 [main] WARN  impl.MetricsSystemImpl (MetricsSystemImpl.java:register(276)) - Sink prometheus already exists!
2019-10-14 10:43:50,103 [main] INFO  server.BaseHttpServer (BaseHttpServer.java:updateConnectorAddress(215)) - HTTP server of SCM is listening at http://0.0.0.0:33373
2019-10-14 10:43:50,105 [main] WARN  server.ServerUtils (ServerUtils.java:getDBPath(222)) - ozone.om.db.dirs is not configured. We recommend adding this setting. Falling back to ozone.metadata.dirs instead.
2019-10-14 10:43:50,105 [org.apache.hadoop.util.JvmPauseMonitor$Monitor@111c229c] INFO  util.JvmPauseMonitor (JvmPauseMonitor.java:run(188)) - Starting JVM pause monitor
2019-10-14 10:43:50,124 [main] INFO  ha.OMHANodeDetails (OMHANodeDetails.java:loadOMHAConfig(190)) - Configuration either no ozone.om.address set. Falling back to the default OM address /127.0.0.1:0
2019-10-14 10:43:50,124 [main] INFO  ha.OMHANodeDetails (OMHANodeDetails.java:getOMNodeDetails(220)) - OM Service ID is not set. Setting it to the default ID: omServiceIdDefault
2019-10-14 10:43:50,125 [main] WARN  server.ServerUtils (ServerUtils.java:getDBPath(222)) - ozone.om.db.dirs is not configured. We recommend adding this setting. Falling back to ozone.metadata.dirs instead.
2019-10-14 10:43:50,125 [main] WARN  server.ServerUtils (ServerUtils.java:getDBPath(222)) - ozone.om.db.dirs is not configured. We recommend adding this setting. Falling back to ozone.metadata.dirs instead.
2019-10-14 10:43:50,141 [main] WARN  server.ServerUtils (ServerUtils.java:getDBPath(222)) - ozone.om.db.dirs is not configured. We recommend adding this setting. Falling back to ozone.metadata.dirs instead.
2019-10-14 10:43:50,145 [main] INFO  db.DBStoreBuilder (DBStoreBuilder.java:addTable(117)) - using custom profile for table: userTable
2019-10-14 10:43:50,145 [main] INFO  db.DBStoreBuilder (DBStoreBuilder.java:processTables(168)) - Using default column profile:DBProfile.DISK for Table:userTable
2019-10-14 10:43:50,146 [main] INFO  db.DBStoreBuilder (DBStoreBuilder.java:addTable(117)) - using custom profile for table: volumeTable
2019-10-14 10:43:50,146 [main] INFO  db.DBStoreBuilder (DBStoreBuilder.java:processTables(168)) - Using default column profile:DBProfile.DISK for Table:volumeTable
2019-10-14 10:43:50,146 [main] INFO  db.DBStoreBuilder (DBStoreBuilder.java:addTable(117)) - using custom profile for table: bucketTable
2019-10-14 10:43:50,147 [main] INFO  db.DBStoreBuilder (DBStoreBuilder.java:processTables(168)) - Using default column profile:DBProfile.DISK for Table:bucketTable
2019-10-14 10:43:50,147 [main] INFO  db.DBStoreBuilder (DBStoreBuilder.java:addTable(117)) - using custom profile for table: keyTable
2019-10-14 10:43:50,147 [main] INFO  db.DBStoreBuilder (DBStoreBuilder.java:processTables(168)) - Using default column profile:DBProfile.DISK for Table:keyTable
2019-10-14 10:43:50,147 [main] INFO  db.DBStoreBuilder (DBStoreBuilder.java:addTable(117)) - using custom profile for table: deletedTable
2019-10-14 10:43:50,148 [main] INFO  db.DBStoreBuilder (DBStoreBuilder.java:processTables(168)) - Using default column profile:DBProfile.DISK for Table:deletedTable
2019-10-14 10:43:50,148 [main] INFO  db.DBStoreBuilder (DBStoreBuilder.java:addTable(117)) - using custom profile for table: openKeyTable
2019-10-14 10:43:50,148 [main] INFO  db.DBStoreBuilder (DBStoreBuilder.java:processTables(168)) - Using default column profile:DBProfile.DISK for Table:openKeyTable
2019-10-14 10:43:50,148 [main] INFO  db.DBStoreBuilder (DBStoreBuilder.java:addTable(117)) - using custom profile for table: s3Table
2019-10-14 10:43:50,149 [main] INFO  db.DBStoreBuilder (DBStoreBuilder.java:processTables(168)) - Using default column profile:DBProfile.DISK for Table:s3Table
2019-10-14 10:43:50,149 [main] INFO  db.DBStoreBuilder (DBStoreBuilder.java:addTable(117)) - using custom profile for table: multipartInfoTable
2019-10-14 10:43:50,149 [main] INFO  db.DBStoreBuilder (DBStoreBuilder.java:processTables(168)) - Using default column profile:DBProfile.DISK for Table:multipartInfoTable
2019-10-14 10:43:50,149 [main] INFO  db.DBStoreBuilder (DBStoreBuilder.java:addTable(117)) - using custom profile for table: dTokenTable
2019-10-14 10:43:50,150 [main] INFO  db.DBStoreBuilder (DBStoreBuilder.java:processTables(168)) - Using default column profile:DBProfile.DISK for Table:dTokenTable
2019-10-14 10:43:50,150 [main] INFO  db.DBStoreBuilder (DBStoreBuilder.java:addTable(117)) - using custom profile for table: s3SecretTable
2019-10-14 10:43:50,150 [main] INFO  db.DBStoreBuilder (DBStoreBuilder.java:processTables(168)) - Using default column profile:DBProfile.DISK for Table:s3SecretTable
2019-10-14 10:43:50,150 [main] INFO  db.DBStoreBuilder (DBStoreBuilder.java:addTable(117)) - using custom profile for table: prefixTable
2019-10-14 10:43:50,151 [main] INFO  db.DBStoreBuilder (DBStoreBuilder.java:processTables(168)) - Using default column profile:DBProfile.DISK for Table:prefixTable
2019-10-14 10:43:50,151 [main] INFO  db.DBStoreBuilder (DBStoreBuilder.java:addTable(117)) - using custom profile for table: default
2019-10-14 10:43:50,151 [main] INFO  db.DBStoreBuilder (DBStoreBuilder.java:processTables(174)) - Using default column profile:DBProfile.DISK for Table:default
2019-10-14 10:43:50,151 [main] INFO  db.DBStoreBuilder (DBStoreBuilder.java:getDbProfile(205)) - Using default options. DBProfile.DISK
2019-10-14 10:43:50,712 [grpc-default-executor-3] WARN  server.GrpcLogAppender (LogUtils.java:warn(134)) - 50bac784-5677-491f-b59b-4a4a2fee8033@group-CEA59BAEECCE->ab25a5f2-cb66-481d-9ac1-849da04a80bc-AppendLogResponseHandler: Failed appendEntries: org.apache.ratis.thirdparty.io.grpc.StatusRuntimeException: UNAVAILABLE: io exception
2019-10-14 10:43:50,712 [grpc-default-executor-3] INFO  impl.FollowerInfo (FollowerInfo.java:lambda$new$0(51)) - 50bac784-5677-491f-b59b-4a4a2fee8033@group-CEA59BAEECCE->ab25a5f2-cb66-481d-9ac1-849da04a80bc: nextIndex: updateUnconditionally 0 -> 0
2019-10-14 10:43:50,726 [grpc-default-executor-3] WARN  server.GrpcLogAppender (LogUtils.java:warn(134)) - 50bac784-5677-491f-b59b-4a4a2fee8033@group-CEA59BAEECCE->faa5a069-6aa5-438b-8b42-f24c62b85906-AppendLogResponseHandler: Failed appendEntries: org.apache.ratis.thirdparty.io.grpc.StatusRuntimeException: UNAVAILABLE: io exception
2019-10-14 10:43:50,727 [grpc-default-executor-3] INFO  impl.FollowerInfo (FollowerInfo.java:lambda$new$0(51)) - 50bac784-5677-491f-b59b-4a4a2fee8033@group-CEA59BAEECCE->faa5a069-6aa5-438b-8b42-f24c62b85906: nextIndex: updateUnconditionally 0 -> 0
2019-10-14 10:43:50,800 [main] INFO  ipc.CallQueueManager (CallQueueManager.java:<init>(84)) - Using callQueue: class java.util.concurrent.LinkedBlockingQueue, queueCapacity: 2000, scheduler: class org.apache.hadoop.ipc.DefaultRpcScheduler, ipcBackoff: false.
2019-10-14 10:43:50,802 [Socket Reader #1 for port 35418] INFO  ipc.Server (Server.java:run(1074)) - Starting Socket Reader #1 for port 35418
2019-10-14 10:43:50,822 [main] INFO  om.OzoneManager (OzoneManager.java:start(1071)) - OzoneManager RPC server is listening at localhost/127.0.0.1:35418
2019-10-14 10:43:50,822 [main] INFO  impl.MetricsSystemImpl (MetricsSystemImpl.java:init(158)) - OzoneManager metrics system started (again)
2019-10-14 10:43:50,823 [IPC Server Responder] INFO  ipc.Server (Server.java:run(1314)) - IPC Server Responder: starting
2019-10-14 10:43:50,825 [IPC Server listener on 35418] INFO  ipc.Server (Server.java:run(1153)) - IPC Server listener on 35418: starting
2019-10-14 10:43:50,831 [main] INFO  hdfs.DFSUtil (DFSUtil.java:httpServerTemplateForNNAndJN(1641)) - Starting Web-server for ozoneManager at: http://0.0.0.0:0
2019-10-14 10:43:50,833 [main] INFO  server.AuthenticationFilter (AuthenticationFilter.java:constructSecretProvider(240)) - Unable to initialize FileSignerSecretProvider, falling back to use random secrets.
2019-10-14 10:43:50,833 [main] WARN  http.HttpRequestLog (HttpRequestLog.java:getRequestLog(97)) - Jetty request log can only be enabled using Log4j
2019-10-14 10:43:50,835 [main] INFO  http.HttpServer2 (HttpServer2.java:addGlobalFilter(975)) - Added global filter 'safety' (class=org.apache.hadoop.http.HttpServer2$QuotingInputFilter)
2019-10-14 10:43:50,835 [main] INFO  http.HttpServer2 (HttpServer2.java:addFilter(948)) - Added filter static_user_filter (class=org.apache.hadoop.http.lib.StaticUserWebFilter$StaticUserFilter) to context ozoneManager
2019-10-14 10:43:50,836 [main] INFO  http.HttpServer2 (HttpServer2.java:addFilter(958)) - Added filter static_user_filter (class=org.apache.hadoop.http.lib.StaticUserWebFilter$StaticUserFilter) to context static
2019-10-14 10:43:50,836 [main] INFO  http.HttpServer2 (HttpServer2.java:addFilter(958)) - Added filter static_user_filter (class=org.apache.hadoop.http.lib.StaticUserWebFilter$StaticUserFilter) to context logs
2019-10-14 10:43:50,837 [main] INFO  http.HttpServer2 (HttpServer2.java:bindListener(1191)) - Jetty bound to port 36116
2019-10-14 10:43:50,837 [main] INFO  server.Server (Server.java:doStart(351)) - jetty-9.3.25.v20180904, build timestamp: 2018-09-04T21:11:46Z, git hash: 3ce520221d0240229c862b122d2b06c12a625732
2019-10-14 10:43:50,841 [main] INFO  handler.ContextHandler (ContextHandler.java:doStart(781)) - Started o.e.j.s.ServletContextHandler@191a0351{/logs,file:///workdir/hadoop-ozone/integration-test/target/log,AVAILABLE}
2019-10-14 10:43:50,841 [main] INFO  handler.ContextHandler (ContextHandler.java:doStart(781)) - Started o.e.j.s.ServletContextHandler@51ba952e{/static,file:///workdir/hadoop-ozone/integration-test/target/test-classes/webapps/static,AVAILABLE}
2019-10-14 10:43:50,845 [main] INFO  handler.ContextHandler (ContextHandler.java:doStart(781)) - Started o.e.j.w.WebAppContext@1118d539{/,file:///workdir/hadoop-ozone/integration-test/target/test-classes/webapps/ozoneManager/,AVAILABLE}{/ozoneManager}
2019-10-14 10:43:50,846 [main] INFO  server.AbstractConnector (AbstractConnector.java:doStart(278)) - Started ServerConnector@601d6622{HTTP/1.1,[http/1.1]}{0.0.0.0:36116}
2019-10-14 10:43:50,848 [main] INFO  server.Server (Server.java:doStart(419)) - Started @213494ms
2019-10-14 10:43:50,848 [main] WARN  impl.MetricsSystemImpl (MetricsSystemImpl.java:register(276)) - Sink prometheus already exists!
2019-10-14 10:43:50,848 [main] INFO  server.BaseHttpServer (BaseHttpServer.java:updateConnectorAddress(215)) - HTTP server of OZONEMANAGER is listening at http://0.0.0.0:36116
2019-10-14 10:43:50,861 [main] INFO  impl.MetricsSystemImpl (MetricsSystemImpl.java:init(158)) - HddsDatanode metrics system started (again)
2019-10-14 10:43:50,878 [main] INFO  ozone.HddsDatanodeService (HddsDatanodeService.java:start(184)) - HddsDatanodeService host:pr-hdds-2296-8rkbz-2376872687 ip:192.168.151.118
2019-10-14 10:43:50,885 [main] INFO  volume.HddsVolume (HddsVolume.java:<init>(176)) - Creating Volume: /workdir/hadoop-ozone/integration-test/target/test-dir/MiniOzoneClusterImpl-f464983a-3651-474a-9555-13553797497e/datanode-0/data/containers/hdds of  storage type : DISK and capacity : 1482555576320
2019-10-14 10:43:50,886 [main] INFO  volume.VolumeSet (VolumeSet.java:initializeVolumeSet(170)) - Added Volume : /workdir/hadoop-ozone/integration-test/target/test-dir/MiniOzoneClusterImpl-f464983a-3651-474a-9555-13553797497e/datanode-0/data/containers/hdds to VolumeSet
2019-10-14 10:43:50,886 [main] INFO  volume.ThrottledAsyncChecker (ThrottledAsyncChecker.java:schedule(141)) - Scheduling a check for org.apache.hadoop.ozone.container.common.volume.HddsVolume@7c588adc
2019-10-14 10:43:50,886 [main] INFO  volume.HddsVolumeChecker (HddsVolumeChecker.java:checkAllVolumes(204)) - Scheduled health check for volume org.apache.hadoop.ozone.container.common.volume.HddsVolume@7c588adc
2019-10-14 10:43:50,900 [main] INFO  impl.RaftServerProxy (ConfUtils.java:logGet(43)) - raft.rpc.type = GRPC (default)
2019-10-14 10:43:50,900 [main] INFO  grpc.GrpcFactory (GrpcFactory.java:checkPooledByteBufAllocatorUseCacheForAllThreads(45)) - PERFORMANCE WARNING: useCacheForAllThreads is true that may cause Netty to create a lot garbage objects and, as a result, trigger GC.
	It is recommended to disable useCacheForAllThreads by setting -Dorg.apache.ratis.thirdparty.io.netty.allocator.useCacheForAllThreads=false in command line.
2019-10-14 10:43:50,900 [main] INFO  grpc.GrpcConfigKeys$Server (ConfUtils.java:logGet(43)) - raft.grpc.server.port = 0 (default)
2019-10-14 10:43:50,900 [main] INFO  server.GrpcService (ConfUtils.java:logGet(43)) - raft.grpc.message.size.max = 33570816 (custom)
2019-10-14 10:43:50,900 [main] INFO  server.RaftServerConfigKeys (ConfUtils.java:logGet(43)) - raft.server.log.appender.buffer.byte-limit = 33554432 (custom)
2019-10-14 10:43:50,901 [main] INFO  server.GrpcService (ConfUtils.java:logGet(43)) - raft.grpc.flow.control.window = 1MB (=1048576) (default)
2019-10-14 10:43:50,901 [main] INFO  server.RaftServerConfigKeys (ConfUtils.java:logGet(43)) - raft.server.rpc.request.timeout = 3000ms (default)
2019-10-14 10:43:50,901 [main] INFO  server.RaftServerConfigKeys (ConfUtils.java:logGet(43)) - raft.server.storage.dir = [/workdir/hadoop-ozone/integration-test/target/test-dir/MiniOzoneClusterImpl-f464983a-3651-474a-9555-13553797497e/datanode-0/data/ratis] (custom)
2019-10-14 10:43:50,904 [main] INFO  hdfs.DFSUtil (DFSUtil.java:httpServerTemplateForNNAndJN(1641)) - Starting Web-server for hddsDatanode at: http://0.0.0.0:0
2019-10-14 10:43:50,905 [main] INFO  server.AuthenticationFilter (AuthenticationFilter.java:constructSecretProvider(240)) - Unable to initialize FileSignerSecretProvider, falling back to use random secrets.
2019-10-14 10:43:50,906 [main] WARN  http.HttpRequestLog (HttpRequestLog.java:getRequestLog(97)) - Jetty request log can only be enabled using Log4j
2019-10-14 10:43:50,907 [main] INFO  http.HttpServer2 (HttpServer2.java:addGlobalFilter(975)) - Added global filter 'safety' (class=org.apache.hadoop.http.HttpServer2$QuotingInputFilter)
2019-10-14 10:43:50,908 [main] INFO  http.HttpServer2 (HttpServer2.java:addFilter(948)) - Added filter static_user_filter (class=org.apache.hadoop.http.lib.StaticUserWebFilter$StaticUserFilter) to context hddsDatanode
2019-10-14 10:43:50,908 [main] INFO  http.HttpServer2 (HttpServer2.java:addFilter(958)) - Added filter static_user_filter (class=org.apache.hadoop.http.lib.StaticUserWebFilter$StaticUserFilter) to context static
2019-10-14 10:43:50,908 [main] INFO  http.HttpServer2 (HttpServer2.java:addFilter(958)) - Added filter static_user_filter (class=org.apache.hadoop.http.lib.StaticUserWebFilter$StaticUserFilter) to context logs
2019-10-14 10:43:50,909 [main] INFO  http.HttpServer2 (HttpServer2.java:bindListener(1191)) - Jetty bound to port 43644
2019-10-14 10:43:50,909 [main] INFO  server.Server (Server.java:doStart(351)) - jetty-9.3.25.v20180904, build timestamp: 2018-09-04T21:11:46Z, git hash: 3ce520221d0240229c862b122d2b06c12a625732
2019-10-14 10:43:50,911 [main] INFO  handler.ContextHandler (ContextHandler.java:doStart(781)) - Started o.e.j.s.ServletContextHandler@65da01f4{/logs,file:///workdir/hadoop-ozone/integration-test/target/log,AVAILABLE}
2019-10-14 10:43:50,911 [main] INFO  handler.ContextHandler (ContextHandler.java:doStart(781)) - Started o.e.j.s.ServletContextHandler@7c8874ef{/static,jar:file:/home/user/.m2/repository/org/apache/hadoop/hadoop-hdds-container-service/0.5.0-SNAPSHOT/hadoop-hdds-container-service-0.5.0-SNAPSHOT.jar!/webapps/static,AVAILABLE}
2019-10-14 10:43:50,951 [main] INFO  handler.ContextHandler (ContextHandler.java:doStart(781)) - Started o.e.j.w.WebAppContext@5a9840f3{/,file:///tmp/jetty-0.0.0.0-43644-hddsDatanode-_-any-7736654583460560304.dir/webapp/,AVAILABLE}{/hddsDatanode}
2019-10-14 10:43:50,952 [main] INFO  server.AbstractConnector (AbstractConnector.java:doStart(278)) - Started ServerConnector@7d30007d{HTTP/1.1,[http/1.1]}{0.0.0.0:43644}
2019-10-14 10:43:50,954 [main] INFO  server.Server (Server.java:doStart(419)) - Started @213601ms
2019-10-14 10:43:50,954 [main] WARN  impl.MetricsSystemImpl (MetricsSystemImpl.java:register(276)) - Sink prometheus already exists!
2019-10-14 10:43:50,955 [main] INFO  server.BaseHttpServer (BaseHttpServer.java:updateConnectorAddress(215)) - HTTP server of HDDSDATANODE is listening at http://0.0.0.0:43644
2019-10-14 10:43:50,956 [main] INFO  impl.MetricsSystemImpl (MetricsSystemImpl.java:init(158)) - HddsDatanode metrics system started (again)
2019-10-14 10:43:50,957 [org.apache.hadoop.util.JvmPauseMonitor$Monitor@6afee9fd] INFO  util.JvmPauseMonitor (JvmPauseMonitor.java:run(188)) - Starting JVM pause monitor
2019-10-14 10:43:50,974 [Datanode State Machine Thread - 0] INFO  datanode.InitDatanodeState (InitDatanodeState.java:persistContainerDatanodeDetails(140)) - DatanodeDetails is persisted to /workdir/hadoop-ozone/integration-test/target/test-dir/MiniOzoneClusterImpl-f464983a-3651-474a-9555-13553797497e/datanode-0/meta/datanode.id
2019-10-14 10:43:50,974 [main] INFO  ozone.HddsDatanodeService (HddsDatanodeService.java:start(184)) - HddsDatanodeService host:pr-hdds-2296-8rkbz-2376872687 ip:192.168.151.118
2019-10-14 10:43:50,982 [main] INFO  volume.HddsVolume (HddsVolume.java:<init>(176)) - Creating Volume: /workdir/hadoop-ozone/integration-test/target/test-dir/MiniOzoneClusterImpl-f464983a-3651-474a-9555-13553797497e/datanode-1/data/containers/hdds of  storage type : DISK and capacity : 1482555576320
2019-10-14 10:43:50,982 [main] INFO  volume.VolumeSet (VolumeSet.java:initializeVolumeSet(170)) - Added Volume : /workdir/hadoop-ozone/integration-test/target/test-dir/MiniOzoneClusterImpl-f464983a-3651-474a-9555-13553797497e/datanode-1/data/containers/hdds to VolumeSet
2019-10-14 10:43:50,982 [main] INFO  volume.ThrottledAsyncChecker (ThrottledAsyncChecker.java:schedule(141)) - Scheduling a check for org.apache.hadoop.ozone.container.common.volume.HddsVolume@11f23038
2019-10-14 10:43:50,983 [main] INFO  volume.HddsVolumeChecker (HddsVolumeChecker.java:checkAllVolumes(204)) - Scheduled health check for volume org.apache.hadoop.ozone.container.common.volume.HddsVolume@11f23038
2019-10-14 10:43:51,000 [main] INFO  impl.RaftServerProxy (ConfUtils.java:logGet(43)) - raft.rpc.type = GRPC (default)
2019-10-14 10:43:51,001 [main] INFO  grpc.GrpcFactory (GrpcFactory.java:checkPooledByteBufAllocatorUseCacheForAllThreads(45)) - PERFORMANCE WARNING: useCacheForAllThreads is true that may cause Netty to create a lot garbage objects and, as a result, trigger GC.
	It is recommended to disable useCacheForAllThreads by setting -Dorg.apache.ratis.thirdparty.io.netty.allocator.useCacheForAllThreads=false in command line.
2019-10-14 10:43:51,001 [main] INFO  grpc.GrpcConfigKeys$Server (ConfUtils.java:logGet(43)) - raft.grpc.server.port = 0 (default)
2019-10-14 10:43:51,001 [main] INFO  server.GrpcService (ConfUtils.java:logGet(43)) - raft.grpc.message.size.max = 33570816 (custom)
2019-10-14 10:43:51,001 [main] INFO  server.RaftServerConfigKeys (ConfUtils.java:logGet(43)) - raft.server.log.appender.buffer.byte-limit = 33554432 (custom)
2019-10-14 10:43:51,002 [main] INFO  server.GrpcService (ConfUtils.java:logGet(43)) - raft.grpc.flow.control.window = 1MB (=1048576) (default)
2019-10-14 10:43:51,002 [main] INFO  server.RaftServerConfigKeys (ConfUtils.java:logGet(43)) - raft.server.rpc.request.timeout = 3000ms (default)
2019-10-14 10:43:51,002 [main] INFO  server.RaftServerConfigKeys (ConfUtils.java:logGet(43)) - raft.server.storage.dir = [/workdir/hadoop-ozone/integration-test/target/test-dir/MiniOzoneClusterImpl-f464983a-3651-474a-9555-13553797497e/datanode-1/data/ratis] (custom)
2019-10-14 10:43:51,004 [main] INFO  hdfs.DFSUtil (DFSUtil.java:httpServerTemplateForNNAndJN(1641)) - Starting Web-server for hddsDatanode at: http://0.0.0.0:0
2019-10-14 10:43:51,006 [main] INFO  server.AuthenticationFilter (AuthenticationFilter.java:constructSecretProvider(240)) - Unable to initialize FileSignerSecretProvider, falling back to use random secrets.
2019-10-14 10:43:51,006 [main] WARN  http.HttpRequestLog (HttpRequestLog.java:getRequestLog(97)) - Jetty request log can only be enabled using Log4j
2019-10-14 10:43:51,008 [main] INFO  http.HttpServer2 (HttpServer2.java:addGlobalFilter(975)) - Added global filter 'safety' (class=org.apache.hadoop.http.HttpServer2$QuotingInputFilter)
2019-10-14 10:43:51,009 [main] INFO  http.HttpServer2 (HttpServer2.java:addFilter(948)) - Added filter static_user_filter (class=org.apache.hadoop.http.lib.StaticUserWebFilter$StaticUserFilter) to context hddsDatanode
2019-10-14 10:43:51,009 [main] INFO  http.HttpServer2 (HttpServer2.java:addFilter(958)) - Added filter static_user_filter (class=org.apache.hadoop.http.lib.StaticUserWebFilter$StaticUserFilter) to context static
2019-10-14 10:43:51,009 [main] INFO  http.HttpServer2 (HttpServer2.java:addFilter(958)) - Added filter static_user_filter (class=org.apache.hadoop.http.lib.StaticUserWebFilter$StaticUserFilter) to context logs
2019-10-14 10:43:51,010 [main] INFO  http.HttpServer2 (HttpServer2.java:bindListener(1191)) - Jetty bound to port 45684
2019-10-14 10:43:51,010 [main] INFO  server.Server (Server.java:doStart(351)) - jetty-9.3.25.v20180904, build timestamp: 2018-09-04T21:11:46Z, git hash: 3ce520221d0240229c862b122d2b06c12a625732
2019-10-14 10:43:51,012 [main] INFO  handler.ContextHandler (ContextHandler.java:doStart(781)) - Started o.e.j.s.ServletContextHandler@1788cb61{/logs,file:///workdir/hadoop-ozone/integration-test/target/log,AVAILABLE}
2019-10-14 10:43:51,012 [main] INFO  handler.ContextHandler (ContextHandler.java:doStart(781)) - Started o.e.j.s.ServletContextHandler@6c0b51da{/static,jar:file:/home/user/.m2/repository/org/apache/hadoop/hadoop-hdds-container-service/0.5.0-SNAPSHOT/hadoop-hdds-container-service-0.5.0-SNAPSHOT.jar!/webapps/static,AVAILABLE}
2019-10-14 10:43:51,039 [main] INFO  handler.ContextHandler (ContextHandler.java:doStart(781)) - Started o.e.j.w.WebAppContext@33d28f0a{/,file:///tmp/jetty-0.0.0.0-45684-hddsDatanode-_-any-7856883038334435027.dir/webapp/,AVAILABLE}{/hddsDatanode}
2019-10-14 10:43:51,040 [main] INFO  server.AbstractConnector (AbstractConnector.java:doStart(278)) - Started ServerConnector@48d739f{HTTP/1.1,[http/1.1]}{0.0.0.0:45684}
2019-10-14 10:43:51,043 [main] INFO  server.Server (Server.java:doStart(419)) - Started @213689ms
2019-10-14 10:43:51,043 [main] WARN  impl.MetricsSystemImpl (MetricsSystemImpl.java:register(276)) - Sink prometheus already exists!
2019-10-14 10:43:51,044 [main] INFO  server.BaseHttpServer (BaseHttpServer.java:updateConnectorAddress(215)) - HTTP server of HDDSDATANODE is listening at http://0.0.0.0:45684
2019-10-14 10:43:51,044 [main] INFO  impl.MetricsSystemImpl (MetricsSystemImpl.java:init(158)) - HddsDatanode metrics system started (again)
2019-10-14 10:43:51,045 [org.apache.hadoop.util.JvmPauseMonitor$Monitor@53edb65a] INFO  util.JvmPauseMonitor (JvmPauseMonitor.java:run(188)) - Starting JVM pause monitor
2019-10-14 10:43:51,046 [Datanode State Machine Thread - 0] INFO  datanode.InitDatanodeState (InitDatanodeState.java:persistContainerDatanodeDetails(140)) - DatanodeDetails is persisted to /workdir/hadoop-ozone/integration-test/target/test-dir/MiniOzoneClusterImpl-f464983a-3651-474a-9555-13553797497e/datanode-1/meta/datanode.id
2019-10-14 10:43:51,065 [main] INFO  ozone.HddsDatanodeService (HddsDatanodeService.java:start(184)) - HddsDatanodeService host:pr-hdds-2296-8rkbz-2376872687 ip:192.168.151.118
2019-10-14 10:43:51,073 [main] INFO  volume.HddsVolume (HddsVolume.java:<init>(176)) - Creating Volume: /workdir/hadoop-ozone/integration-test/target/test-dir/MiniOzoneClusterImpl-f464983a-3651-474a-9555-13553797497e/datanode-2/data/containers/hdds of  storage type : DISK and capacity : 1482555576320
2019-10-14 10:43:51,073 [main] INFO  volume.VolumeSet (VolumeSet.java:initializeVolumeSet(170)) - Added Volume : /workdir/hadoop-ozone/integration-test/target/test-dir/MiniOzoneClusterImpl-f464983a-3651-474a-9555-13553797497e/datanode-2/data/containers/hdds to VolumeSet
2019-10-14 10:43:51,073 [main] INFO  volume.ThrottledAsyncChecker (ThrottledAsyncChecker.java:schedule(141)) - Scheduling a check for org.apache.hadoop.ozone.container.common.volume.HddsVolume@3fb450d7
2019-10-14 10:43:51,074 [main] INFO  volume.HddsVolumeChecker (HddsVolumeChecker.java:checkAllVolumes(204)) - Scheduled health check for volume org.apache.hadoop.ozone.container.common.volume.HddsVolume@3fb450d7
2019-10-14 10:43:51,088 [main] INFO  impl.RaftServerProxy (ConfUtils.java:logGet(43)) - raft.rpc.type = GRPC (default)
2019-10-14 10:43:51,088 [main] INFO  grpc.GrpcFactory (GrpcFactory.java:checkPooledByteBufAllocatorUseCacheForAllThreads(45)) - PERFORMANCE WARNING: useCacheForAllThreads is true that may cause Netty to create a lot garbage objects and, as a result, trigger GC.
	It is recommended to disable useCacheForAllThreads by setting -Dorg.apache.ratis.thirdparty.io.netty.allocator.useCacheForAllThreads=false in command line.
2019-10-14 10:43:51,088 [main] INFO  grpc.GrpcConfigKeys$Server (ConfUtils.java:logGet(43)) - raft.grpc.server.port = 0 (default)
2019-10-14 10:43:51,088 [main] INFO  server.GrpcService (ConfUtils.java:logGet(43)) - raft.grpc.message.size.max = 33570816 (custom)
2019-10-14 10:43:51,089 [main] INFO  server.RaftServerConfigKeys (ConfUtils.java:logGet(43)) - raft.server.log.appender.buffer.byte-limit = 33554432 (custom)
2019-10-14 10:43:51,089 [main] INFO  server.GrpcService (ConfUtils.java:logGet(43)) - raft.grpc.flow.control.window = 1MB (=1048576) (default)
2019-10-14 10:43:51,089 [main] INFO  server.RaftServerConfigKeys (ConfUtils.java:logGet(43)) - raft.server.rpc.request.timeout = 3000ms (default)
2019-10-14 10:43:51,089 [main] INFO  server.RaftServerConfigKeys (ConfUtils.java:logGet(43)) - raft.server.storage.dir = [/workdir/hadoop-ozone/integration-test/target/test-dir/MiniOzoneClusterImpl-f464983a-3651-474a-9555-13553797497e/datanode-2/data/ratis] (custom)
2019-10-14 10:43:51,091 [main] INFO  hdfs.DFSUtil (DFSUtil.java:httpServerTemplateForNNAndJN(1641)) - Starting Web-server for hddsDatanode at: http://0.0.0.0:0
2019-10-14 10:43:51,093 [main] INFO  server.AuthenticationFilter (AuthenticationFilter.java:constructSecretProvider(240)) - Unable to initialize FileSignerSecretProvider, falling back to use random secrets.
2019-10-14 10:43:51,093 [main] WARN  http.HttpRequestLog (HttpRequestLog.java:getRequestLog(97)) - Jetty request log can only be enabled using Log4j
2019-10-14 10:43:51,095 [main] INFO  http.HttpServer2 (HttpServer2.java:addGlobalFilter(975)) - Added global filter 'safety' (class=org.apache.hadoop.http.HttpServer2$QuotingInputFilter)
2019-10-14 10:43:51,096 [main] INFO  http.HttpServer2 (HttpServer2.java:addFilter(948)) - Added filter static_user_filter (class=org.apache.hadoop.http.lib.StaticUserWebFilter$StaticUserFilter) to context hddsDatanode
2019-10-14 10:43:51,096 [main] INFO  http.HttpServer2 (HttpServer2.java:addFilter(958)) - Added filter static_user_filter (class=org.apache.hadoop.http.lib.StaticUserWebFilter$StaticUserFilter) to context static
2019-10-14 10:43:51,096 [main] INFO  http.HttpServer2 (HttpServer2.java:addFilter(958)) - Added filter static_user_filter (class=org.apache.hadoop.http.lib.StaticUserWebFilter$StaticUserFilter) to context logs
2019-10-14 10:43:51,097 [main] INFO  http.HttpServer2 (HttpServer2.java:bindListener(1191)) - Jetty bound to port 41043
2019-10-14 10:43:51,097 [main] INFO  server.Server (Server.java:doStart(351)) - jetty-9.3.25.v20180904, build timestamp: 2018-09-04T21:11:46Z, git hash: 3ce520221d0240229c862b122d2b06c12a625732
2019-10-14 10:43:51,099 [main] INFO  handler.ContextHandler (ContextHandler.java:doStart(781)) - Started o.e.j.s.ServletContextHandler@64656b9e{/logs,file:///workdir/hadoop-ozone/integration-test/target/log,AVAILABLE}
2019-10-14 10:43:51,100 [main] INFO  handler.ContextHandler (ContextHandler.java:doStart(781)) - Started o.e.j.s.ServletContextHandler@45554613{/static,jar:file:/home/user/.m2/repository/org/apache/hadoop/hadoop-hdds-container-service/0.5.0-SNAPSHOT/hadoop-hdds-container-service-0.5.0-SNAPSHOT.jar!/webapps/static,AVAILABLE}
2019-10-14 10:43:51,143 [main] INFO  handler.ContextHandler (ContextHandler.java:doStart(781)) - Started o.e.j.w.WebAppContext@4a2bf50f{/,file:///tmp/jetty-0.0.0.0-41043-hddsDatanode-_-any-4566587041143454764.dir/webapp/,AVAILABLE}{/hddsDatanode}
2019-10-14 10:43:51,144 [main] INFO  server.AbstractConnector (AbstractConnector.java:doStart(278)) - Started ServerConnector@350323a0{HTTP/1.1,[http/1.1]}{0.0.0.0:41043}
2019-10-14 10:43:51,147 [main] INFO  server.Server (Server.java:doStart(419)) - Started @213793ms
2019-10-14 10:43:51,147 [main] WARN  impl.MetricsSystemImpl (MetricsSystemImpl.java:register(276)) - Sink prometheus already exists!
2019-10-14 10:43:51,148 [main] INFO  server.BaseHttpServer (BaseHttpServer.java:updateConnectorAddress(215)) - HTTP server of HDDSDATANODE is listening at http://0.0.0.0:41043
2019-10-14 10:43:51,148 [main] INFO  impl.MetricsSystemImpl (MetricsSystemImpl.java:init(158)) - HddsDatanode metrics system started (again)
2019-10-14 10:43:51,166 [org.apache.hadoop.util.JvmPauseMonitor$Monitor@2c1a6776] INFO  util.JvmPauseMonitor (JvmPauseMonitor.java:run(188)) - Starting JVM pause monitor
2019-10-14 10:43:51,167 [Datanode State Machine Thread - 0] INFO  datanode.InitDatanodeState (InitDatanodeState.java:persistContainerDatanodeDetails(140)) - DatanodeDetails is persisted to /workdir/hadoop-ozone/integration-test/target/test-dir/MiniOzoneClusterImpl-f464983a-3651-474a-9555-13553797497e/datanode-2/meta/datanode.id
2019-10-14 10:43:51,169 [main] INFO  ozone.HddsDatanodeService (HddsDatanodeService.java:start(184)) - HddsDatanodeService host:pr-hdds-2296-8rkbz-2376872687 ip:192.168.151.118
2019-10-14 10:43:51,177 [main] INFO  volume.HddsVolume (HddsVolume.java:<init>(176)) - Creating Volume: /workdir/hadoop-ozone/integration-test/target/test-dir/MiniOzoneClusterImpl-f464983a-3651-474a-9555-13553797497e/datanode-3/data/containers/hdds of  storage type : DISK and capacity : 1482555576320
2019-10-14 10:43:51,177 [main] INFO  volume.VolumeSet (VolumeSet.java:initializeVolumeSet(170)) - Added Volume : /workdir/hadoop-ozone/integration-test/target/test-dir/MiniOzoneClusterImpl-f464983a-3651-474a-9555-13553797497e/datanode-3/data/containers/hdds to VolumeSet
2019-10-14 10:43:51,178 [main] INFO  volume.ThrottledAsyncChecker (ThrottledAsyncChecker.java:schedule(141)) - Scheduling a check for org.apache.hadoop.ozone.container.common.volume.HddsVolume@6b70d1fb
2019-10-14 10:43:51,178 [main] INFO  volume.HddsVolumeChecker (HddsVolumeChecker.java:checkAllVolumes(204)) - Scheduled health check for volume org.apache.hadoop.ozone.container.common.volume.HddsVolume@6b70d1fb
2019-10-14 10:43:51,194 [main] INFO  impl.RaftServerProxy (ConfUtils.java:logGet(43)) - raft.rpc.type = GRPC (default)
2019-10-14 10:43:51,194 [main] INFO  grpc.GrpcFactory (GrpcFactory.java:checkPooledByteBufAllocatorUseCacheForAllThreads(45)) - PERFORMANCE WARNING: useCacheForAllThreads is true that may cause Netty to create a lot garbage objects and, as a result, trigger GC.
	It is recommended to disable useCacheForAllThreads by setting -Dorg.apache.ratis.thirdparty.io.netty.allocator.useCacheForAllThreads=false in command line.
2019-10-14 10:43:51,194 [main] INFO  grpc.GrpcConfigKeys$Server (ConfUtils.java:logGet(43)) - raft.grpc.server.port = 0 (default)
2019-10-14 10:43:51,195 [main] INFO  server.GrpcService (ConfUtils.java:logGet(43)) - raft.grpc.message.size.max = 33570816 (custom)
2019-10-14 10:43:51,195 [main] INFO  server.RaftServerConfigKeys (ConfUtils.java:logGet(43)) - raft.server.log.appender.buffer.byte-limit = 33554432 (custom)
2019-10-14 10:43:51,195 [main] INFO  server.GrpcService (ConfUtils.java:logGet(43)) - raft.grpc.flow.control.window = 1MB (=1048576) (default)
2019-10-14 10:43:51,195 [main] INFO  server.RaftServerConfigKeys (ConfUtils.java:logGet(43)) - raft.server.rpc.request.timeout = 3000ms (default)
2019-10-14 10:43:51,196 [main] INFO  server.RaftServerConfigKeys (ConfUtils.java:logGet(43)) - raft.server.storage.dir = [/workdir/hadoop-ozone/integration-test/target/test-dir/MiniOzoneClusterImpl-f464983a-3651-474a-9555-13553797497e/datanode-3/data/ratis] (custom)
2019-10-14 10:43:51,197 [main] INFO  hdfs.DFSUtil (DFSUtil.java:httpServerTemplateForNNAndJN(1641)) - Starting Web-server for hddsDatanode at: http://0.0.0.0:0
2019-10-14 10:43:51,199 [main] INFO  server.AuthenticationFilter (AuthenticationFilter.java:constructSecretProvider(240)) - Unable to initialize FileSignerSecretProvider, falling back to use random secrets.
2019-10-14 10:43:51,200 [main] WARN  http.HttpRequestLog (HttpRequestLog.java:getRequestLog(97)) - Jetty request log can only be enabled using Log4j
2019-10-14 10:43:51,201 [main] INFO  http.HttpServer2 (HttpServer2.java:addGlobalFilter(975)) - Added global filter 'safety' (class=org.apache.hadoop.http.HttpServer2$QuotingInputFilter)
2019-10-14 10:43:51,202 [main] INFO  http.HttpServer2 (HttpServer2.java:addFilter(948)) - Added filter static_user_filter (class=org.apache.hadoop.http.lib.StaticUserWebFilter$StaticUserFilter) to context hddsDatanode
2019-10-14 10:43:51,202 [main] INFO  http.HttpServer2 (HttpServer2.java:addFilter(958)) - Added filter static_user_filter (class=org.apache.hadoop.http.lib.StaticUserWebFilter$StaticUserFilter) to context static
2019-10-14 10:43:51,202 [main] INFO  http.HttpServer2 (HttpServer2.java:addFilter(958)) - Added filter static_user_filter (class=org.apache.hadoop.http.lib.StaticUserWebFilter$StaticUserFilter) to context logs
2019-10-14 10:43:51,203 [main] INFO  http.HttpServer2 (HttpServer2.java:bindListener(1191)) - Jetty bound to port 36667
2019-10-14 10:43:51,203 [main] INFO  server.Server (Server.java:doStart(351)) - jetty-9.3.25.v20180904, build timestamp: 2018-09-04T21:11:46Z, git hash: 3ce520221d0240229c862b122d2b06c12a625732
2019-10-14 10:43:51,205 [main] INFO  handler.ContextHandler (ContextHandler.java:doStart(781)) - Started o.e.j.s.ServletContextHandler@212fafd1{/logs,file:///workdir/hadoop-ozone/integration-test/target/log,AVAILABLE}
2019-10-14 10:43:51,206 [main] INFO  handler.ContextHandler (ContextHandler.java:doStart(781)) - Started o.e.j.s.ServletContextHandler@787988f4{/static,jar:file:/home/user/.m2/repository/org/apache/hadoop/hadoop-hdds-container-service/0.5.0-SNAPSHOT/hadoop-hdds-container-service-0.5.0-SNAPSHOT.jar!/webapps/static,AVAILABLE}
2019-10-14 10:43:51,246 [main] INFO  handler.ContextHandler (ContextHandler.java:doStart(781)) - Started o.e.j.w.WebAppContext@5cff729b{/,file:///tmp/jetty-0.0.0.0-36667-hddsDatanode-_-any-7513581997359484807.dir/webapp/,AVAILABLE}{/hddsDatanode}
2019-10-14 10:43:51,247 [main] INFO  server.AbstractConnector (AbstractConnector.java:doStart(278)) - Started ServerConnector@10d18696{HTTP/1.1,[http/1.1]}{0.0.0.0:36667}
2019-10-14 10:43:51,250 [main] INFO  server.Server (Server.java:doStart(419)) - Started @213897ms
2019-10-14 10:43:51,250 [main] WARN  impl.MetricsSystemImpl (MetricsSystemImpl.java:register(276)) - Sink prometheus already exists!
2019-10-14 10:43:51,251 [main] INFO  server.BaseHttpServer (BaseHttpServer.java:updateConnectorAddress(215)) - HTTP server of HDDSDATANODE is listening at http://0.0.0.0:36667
2019-10-14 10:43:51,252 [main] INFO  impl.MetricsSystemImpl (MetricsSystemImpl.java:init(158)) - HddsDatanode metrics system started (again)
2019-10-14 10:43:51,274 [org.apache.hadoop.util.JvmPauseMonitor$Monitor@8a1108] INFO  util.JvmPauseMonitor (JvmPauseMonitor.java:run(188)) - Starting JVM pause monitor
2019-10-14 10:43:51,275 [Datanode State Machine Thread - 0] INFO  datanode.InitDatanodeState (InitDatanodeState.java:persistContainerDatanodeDetails(140)) - DatanodeDetails is persisted to /workdir/hadoop-ozone/integration-test/target/test-dir/MiniOzoneClusterImpl-f464983a-3651-474a-9555-13553797497e/datanode-3/meta/datanode.id
2019-10-14 10:43:51,276 [main] INFO  ozone.HddsDatanodeService (HddsDatanodeService.java:start(184)) - HddsDatanodeService host:pr-hdds-2296-8rkbz-2376872687 ip:192.168.151.118
2019-10-14 10:43:51,287 [main] INFO  volume.HddsVolume (HddsVolume.java:<init>(176)) - Creating Volume: /workdir/hadoop-ozone/integration-test/target/test-dir/MiniOzoneClusterImpl-f464983a-3651-474a-9555-13553797497e/datanode-4/data/containers/hdds of  storage type : DISK and capacity : 1482555576320
2019-10-14 10:43:51,288 [main] INFO  volume.VolumeSet (VolumeSet.java:initializeVolumeSet(170)) - Added Volume : /workdir/hadoop-ozone/integration-test/target/test-dir/MiniOzoneClusterImpl-f464983a-3651-474a-9555-13553797497e/datanode-4/data/containers/hdds to VolumeSet
2019-10-14 10:43:51,288 [main] INFO  volume.ThrottledAsyncChecker (ThrottledAsyncChecker.java:schedule(141)) - Scheduling a check for org.apache.hadoop.ozone.container.common.volume.HddsVolume@3487442d
2019-10-14 10:43:51,289 [main] INFO  volume.HddsVolumeChecker (HddsVolumeChecker.java:checkAllVolumes(204)) - Scheduled health check for volume org.apache.hadoop.ozone.container.common.volume.HddsVolume@3487442d
2019-10-14 10:43:51,307 [main] INFO  impl.RaftServerProxy (ConfUtils.java:logGet(43)) - raft.rpc.type = GRPC (default)
2019-10-14 10:43:51,308 [main] INFO  grpc.GrpcFactory (GrpcFactory.java:checkPooledByteBufAllocatorUseCacheForAllThreads(45)) - PERFORMANCE WARNING: useCacheForAllThreads is true that may cause Netty to create a lot garbage objects and, as a result, trigger GC.
	It is recommended to disable useCacheForAllThreads by setting -Dorg.apache.ratis.thirdparty.io.netty.allocator.useCacheForAllThreads=false in command line.
2019-10-14 10:43:51,308 [main] INFO  grpc.GrpcConfigKeys$Server (ConfUtils.java:logGet(43)) - raft.grpc.server.port = 0 (default)
2019-10-14 10:43:51,308 [main] INFO  server.GrpcService (ConfUtils.java:logGet(43)) - raft.grpc.message.size.max = 33570816 (custom)
2019-10-14 10:43:51,308 [main] INFO  server.RaftServerConfigKeys (ConfUtils.java:logGet(43)) - raft.server.log.appender.buffer.byte-limit = 33554432 (custom)
2019-10-14 10:43:51,309 [main] INFO  server.GrpcService (ConfUtils.java:logGet(43)) - raft.grpc.flow.control.window = 1MB (=1048576) (default)
2019-10-14 10:43:51,309 [main] INFO  server.RaftServerConfigKeys (ConfUtils.java:logGet(43)) - raft.server.rpc.request.timeout = 3000ms (default)
2019-10-14 10:43:51,310 [main] INFO  server.RaftServerConfigKeys (ConfUtils.java:logGet(43)) - raft.server.storage.dir = [/workdir/hadoop-ozone/integration-test/target/test-dir/MiniOzoneClusterImpl-f464983a-3651-474a-9555-13553797497e/datanode-4/data/ratis] (custom)
2019-10-14 10:43:51,311 [main] INFO  hdfs.DFSUtil (DFSUtil.java:httpServerTemplateForNNAndJN(1641)) - Starting Web-server for hddsDatanode at: http://0.0.0.0:0
2019-10-14 10:43:51,313 [main] INFO  server.AuthenticationFilter (AuthenticationFilter.java:constructSecretProvider(240)) - Unable to initialize FileSignerSecretProvider, falling back to use random secrets.
2019-10-14 10:43:51,314 [main] WARN  http.HttpRequestLog (HttpRequestLog.java:getRequestLog(97)) - Jetty request log can only be enabled using Log4j
2019-10-14 10:43:51,316 [main] INFO  http.HttpServer2 (HttpServer2.java:addGlobalFilter(975)) - Added global filter 'safety' (class=org.apache.hadoop.http.HttpServer2$QuotingInputFilter)
2019-10-14 10:43:51,316 [main] INFO  http.HttpServer2 (HttpServer2.java:addFilter(948)) - Added filter static_user_filter (class=org.apache.hadoop.http.lib.StaticUserWebFilter$StaticUserFilter) to context hddsDatanode
2019-10-14 10:43:51,317 [main] INFO  http.HttpServer2 (HttpServer2.java:addFilter(958)) - Added filter static_user_filter (class=org.apache.hadoop.http.lib.StaticUserWebFilter$StaticUserFilter) to context static
2019-10-14 10:43:51,317 [main] INFO  http.HttpServer2 (HttpServer2.java:addFilter(958)) - Added filter static_user_filter (class=org.apache.hadoop.http.lib.StaticUserWebFilter$StaticUserFilter) to context logs
2019-10-14 10:43:51,318 [main] INFO  http.HttpServer2 (HttpServer2.java:bindListener(1191)) - Jetty bound to port 46481
2019-10-14 10:43:51,318 [main] INFO  server.Server (Server.java:doStart(351)) - jetty-9.3.25.v20180904, build timestamp: 2018-09-04T21:11:46Z, git hash: 3ce520221d0240229c862b122d2b06c12a625732
2019-10-14 10:43:51,321 [main] INFO  handler.ContextHandler (ContextHandler.java:doStart(781)) - Started o.e.j.s.ServletContextHandler@3457cc8d{/logs,file:///workdir/hadoop-ozone/integration-test/target/log,AVAILABLE}
2019-10-14 10:43:51,321 [main] INFO  handler.ContextHandler (ContextHandler.java:doStart(781)) - Started o.e.j.s.ServletContextHandler@7994a0d1{/static,jar:file:/home/user/.m2/repository/org/apache/hadoop/hadoop-hdds-container-service/0.5.0-SNAPSHOT/hadoop-hdds-container-service-0.5.0-SNAPSHOT.jar!/webapps/static,AVAILABLE}
2019-10-14 10:43:51,357 [main] INFO  handler.ContextHandler (ContextHandler.java:doStart(781)) - Started o.e.j.w.WebAppContext@2055833f{/,file:///tmp/jetty-0.0.0.0-46481-hddsDatanode-_-any-7882407822778767187.dir/webapp/,AVAILABLE}{/hddsDatanode}
2019-10-14 10:43:51,357 [main] INFO  server.AbstractConnector (AbstractConnector.java:doStart(278)) - Started ServerConnector@28768e25{HTTP/1.1,[http/1.1]}{0.0.0.0:46481}
2019-10-14 10:43:51,360 [main] INFO  server.Server (Server.java:doStart(419)) - Started @214006ms
2019-10-14 10:43:51,360 [main] WARN  impl.MetricsSystemImpl (MetricsSystemImpl.java:register(276)) - Sink prometheus already exists!
2019-10-14 10:43:51,361 [main] INFO  server.BaseHttpServer (BaseHttpServer.java:updateConnectorAddress(215)) - HTTP server of HDDSDATANODE is listening at http://0.0.0.0:46481
2019-10-14 10:43:51,361 [main] INFO  impl.MetricsSystemImpl (MetricsSystemImpl.java:init(158)) - HddsDatanode metrics system started (again)
2019-10-14 10:43:51,363 [org.apache.hadoop.util.JvmPauseMonitor$Monitor@75088a5] INFO  util.JvmPauseMonitor (JvmPauseMonitor.java:run(188)) - Starting JVM pause monitor
2019-10-14 10:43:51,390 [Datanode State Machine Thread - 0] INFO  datanode.InitDatanodeState (InitDatanodeState.java:persistContainerDatanodeDetails(140)) - DatanodeDetails is persisted to /workdir/hadoop-ozone/integration-test/target/test-dir/MiniOzoneClusterImpl-f464983a-3651-474a-9555-13553797497e/datanode-4/meta/datanode.id
2019-10-14 10:43:51,391 [main] INFO  ozone.HddsDatanodeService (HddsDatanodeService.java:start(184)) - HddsDatanodeService host:pr-hdds-2296-8rkbz-2376872687 ip:192.168.151.118
2019-10-14 10:43:51,400 [main] INFO  volume.HddsVolume (HddsVolume.java:<init>(176)) - Creating Volume: /workdir/hadoop-ozone/integration-test/target/test-dir/MiniOzoneClusterImpl-f464983a-3651-474a-9555-13553797497e/datanode-5/data/containers/hdds of  storage type : DISK and capacity : 1482555576320
2019-10-14 10:43:51,401 [main] INFO  volume.VolumeSet (VolumeSet.java:initializeVolumeSet(170)) - Added Volume : /workdir/hadoop-ozone/integration-test/target/test-dir/MiniOzoneClusterImpl-f464983a-3651-474a-9555-13553797497e/datanode-5/data/containers/hdds to VolumeSet
2019-10-14 10:43:51,401 [main] INFO  volume.ThrottledAsyncChecker (ThrottledAsyncChecker.java:schedule(141)) - Scheduling a check for org.apache.hadoop.ozone.container.common.volume.HddsVolume@52ba685a
2019-10-14 10:43:51,401 [main] INFO  volume.HddsVolumeChecker (HddsVolumeChecker.java:checkAllVolumes(204)) - Scheduled health check for volume org.apache.hadoop.ozone.container.common.volume.HddsVolume@52ba685a
2019-10-14 10:43:51,418 [main] INFO  impl.RaftServerProxy (ConfUtils.java:logGet(43)) - raft.rpc.type = GRPC (default)
2019-10-14 10:43:51,419 [main] INFO  grpc.GrpcFactory (GrpcFactory.java:checkPooledByteBufAllocatorUseCacheForAllThreads(45)) - PERFORMANCE WARNING: useCacheForAllThreads is true that may cause Netty to create a lot garbage objects and, as a result, trigger GC.
	It is recommended to disable useCacheForAllThreads by setting -Dorg.apache.ratis.thirdparty.io.netty.allocator.useCacheForAllThreads=false in command line.
2019-10-14 10:43:51,419 [main] INFO  grpc.GrpcConfigKeys$Server (ConfUtils.java:logGet(43)) - raft.grpc.server.port = 0 (default)
2019-10-14 10:43:51,419 [main] INFO  server.GrpcService (ConfUtils.java:logGet(43)) - raft.grpc.message.size.max = 33570816 (custom)
2019-10-14 10:43:51,420 [main] INFO  server.RaftServerConfigKeys (ConfUtils.java:logGet(43)) - raft.server.log.appender.buffer.byte-limit = 33554432 (custom)
2019-10-14 10:43:51,420 [main] INFO  server.GrpcService (ConfUtils.java:logGet(43)) - raft.grpc.flow.control.window = 1MB (=1048576) (default)
2019-10-14 10:43:51,420 [main] INFO  server.RaftServerConfigKeys (ConfUtils.java:logGet(43)) - raft.server.rpc.request.timeout = 3000ms (default)
2019-10-14 10:43:51,421 [main] INFO  server.RaftServerConfigKeys (ConfUtils.java:logGet(43)) - raft.server.storage.dir = [/workdir/hadoop-ozone/integration-test/target/test-dir/MiniOzoneClusterImpl-f464983a-3651-474a-9555-13553797497e/datanode-5/data/ratis] (custom)
2019-10-14 10:43:51,422 [main] INFO  hdfs.DFSUtil (DFSUtil.java:httpServerTemplateForNNAndJN(1641)) - Starting Web-server for hddsDatanode at: http://0.0.0.0:0
2019-10-14 10:43:51,424 [main] INFO  server.AuthenticationFilter (AuthenticationFilter.java:constructSecretProvider(240)) - Unable to initialize FileSignerSecretProvider, falling back to use random secrets.
2019-10-14 10:43:51,424 [main] WARN  http.HttpRequestLog (HttpRequestLog.java:getRequestLog(97)) - Jetty request log can only be enabled using Log4j
2019-10-14 10:43:51,426 [main] INFO  http.HttpServer2 (HttpServer2.java:addGlobalFilter(975)) - Added global filter 'safety' (class=org.apache.hadoop.http.HttpServer2$QuotingInputFilter)
2019-10-14 10:43:51,426 [main] INFO  http.HttpServer2 (HttpServer2.java:addFilter(948)) - Added filter static_user_filter (class=org.apache.hadoop.http.lib.StaticUserWebFilter$StaticUserFilter) to context hddsDatanode
2019-10-14 10:43:51,427 [main] INFO  http.HttpServer2 (HttpServer2.java:addFilter(958)) - Added filter static_user_filter (class=org.apache.hadoop.http.lib.StaticUserWebFilter$StaticUserFilter) to context static
2019-10-14 10:43:51,427 [main] INFO  http.HttpServer2 (HttpServer2.java:addFilter(958)) - Added filter static_user_filter (class=org.apache.hadoop.http.lib.StaticUserWebFilter$StaticUserFilter) to context logs
2019-10-14 10:43:51,427 [main] INFO  http.HttpServer2 (HttpServer2.java:bindListener(1191)) - Jetty bound to port 44687
2019-10-14 10:43:51,428 [main] INFO  server.Server (Server.java:doStart(351)) - jetty-9.3.25.v20180904, build timestamp: 2018-09-04T21:11:46Z, git hash: 3ce520221d0240229c862b122d2b06c12a625732
2019-10-14 10:43:51,429 [main] INFO  handler.ContextHandler (ContextHandler.java:doStart(781)) - Started o.e.j.s.ServletContextHandler@39d77de9{/logs,file:///workdir/hadoop-ozone/integration-test/target/log,AVAILABLE}
2019-10-14 10:43:51,430 [main] INFO  handler.ContextHandler (ContextHandler.java:doStart(781)) - Started o.e.j.s.ServletContextHandler@2c06b113{/static,jar:file:/home/user/.m2/repository/org/apache/hadoop/hadoop-hdds-container-service/0.5.0-SNAPSHOT/hadoop-hdds-container-service-0.5.0-SNAPSHOT.jar!/webapps/static,AVAILABLE}
2019-10-14 10:43:51,465 [main] INFO  handler.ContextHandler (ContextHandler.java:doStart(781)) - Started o.e.j.w.WebAppContext@3cb6e0ee{/,file:///tmp/jetty-0.0.0.0-44687-hddsDatanode-_-any-1387537745765356334.dir/webapp/,AVAILABLE}{/hddsDatanode}
2019-10-14 10:43:51,466 [main] INFO  server.AbstractConnector (AbstractConnector.java:doStart(278)) - Started ServerConnector@7b6141f0{HTTP/1.1,[http/1.1]}{0.0.0.0:44687}
2019-10-14 10:43:51,469 [main] INFO  server.Server (Server.java:doStart(419)) - Started @214115ms
2019-10-14 10:43:51,469 [main] WARN  impl.MetricsSystemImpl (MetricsSystemImpl.java:register(276)) - Sink prometheus already exists!
2019-10-14 10:43:51,470 [main] INFO  server.BaseHttpServer (BaseHttpServer.java:updateConnectorAddress(215)) - HTTP server of HDDSDATANODE is listening at http://0.0.0.0:44687
2019-10-14 10:43:51,470 [main] INFO  impl.MetricsSystemImpl (MetricsSystemImpl.java:init(158)) - HddsDatanode metrics system started (again)
2019-10-14 10:43:51,471 [org.apache.hadoop.util.JvmPauseMonitor$Monitor@2313e05b] INFO  util.JvmPauseMonitor (JvmPauseMonitor.java:run(188)) - Starting JVM pause monitor
2019-10-14 10:43:51,472 [Datanode State Machine Thread - 0] INFO  datanode.InitDatanodeState (InitDatanodeState.java:persistContainerDatanodeDetails(140)) - DatanodeDetails is persisted to /workdir/hadoop-ozone/integration-test/target/test-dir/MiniOzoneClusterImpl-f464983a-3651-474a-9555-13553797497e/datanode-5/meta/datanode.id
2019-10-14 10:43:51,498 [main] INFO  ozone.HddsDatanodeService (HddsDatanodeService.java:start(184)) - HddsDatanodeService host:pr-hdds-2296-8rkbz-2376872687 ip:192.168.151.118
2019-10-14 10:43:51,507 [main] INFO  volume.HddsVolume (HddsVolume.java:<init>(176)) - Creating Volume: /workdir/hadoop-ozone/integration-test/target/test-dir/MiniOzoneClusterImpl-f464983a-3651-474a-9555-13553797497e/datanode-6/data/containers/hdds of  storage type : DISK and capacity : 1482555576320
2019-10-14 10:43:51,508 [main] INFO  volume.VolumeSet (VolumeSet.java:initializeVolumeSet(170)) - Added Volume : /workdir/hadoop-ozone/integration-test/target/test-dir/MiniOzoneClusterImpl-f464983a-3651-474a-9555-13553797497e/datanode-6/data/containers/hdds to VolumeSet
2019-10-14 10:43:51,508 [main] INFO  volume.ThrottledAsyncChecker (ThrottledAsyncChecker.java:schedule(141)) - Scheduling a check for org.apache.hadoop.ozone.container.common.volume.HddsVolume@794240e2
2019-10-14 10:43:51,509 [main] INFO  volume.HddsVolumeChecker (HddsVolumeChecker.java:checkAllVolumes(204)) - Scheduled health check for volume org.apache.hadoop.ozone.container.common.volume.HddsVolume@794240e2
2019-10-14 10:43:51,526 [main] INFO  impl.RaftServerProxy (ConfUtils.java:logGet(43)) - raft.rpc.type = GRPC (default)
2019-10-14 10:43:51,526 [main] INFO  grpc.GrpcFactory (GrpcFactory.java:checkPooledByteBufAllocatorUseCacheForAllThreads(45)) - PERFORMANCE WARNING: useCacheForAllThreads is true that may cause Netty to create a lot garbage objects and, as a result, trigger GC.
	It is recommended to disable useCacheForAllThreads by setting -Dorg.apache.ratis.thirdparty.io.netty.allocator.useCacheForAllThreads=false in command line.
2019-10-14 10:43:51,526 [main] INFO  grpc.GrpcConfigKeys$Server (ConfUtils.java:logGet(43)) - raft.grpc.server.port = 0 (default)
2019-10-14 10:43:51,527 [main] INFO  server.GrpcService (ConfUtils.java:logGet(43)) - raft.grpc.message.size.max = 33570816 (custom)
2019-10-14 10:43:51,527 [main] INFO  server.RaftServerConfigKeys (ConfUtils.java:logGet(43)) - raft.server.log.appender.buffer.byte-limit = 33554432 (custom)
2019-10-14 10:43:51,527 [main] INFO  server.GrpcService (ConfUtils.java:logGet(43)) - raft.grpc.flow.control.window = 1MB (=1048576) (default)
2019-10-14 10:43:51,528 [main] INFO  server.RaftServerConfigKeys (ConfUtils.java:logGet(43)) - raft.server.rpc.request.timeout = 3000ms (default)
2019-10-14 10:43:51,528 [main] INFO  server.RaftServerConfigKeys (ConfUtils.java:logGet(43)) - raft.server.storage.dir = [/workdir/hadoop-ozone/integration-test/target/test-dir/MiniOzoneClusterImpl-f464983a-3651-474a-9555-13553797497e/datanode-6/data/ratis] (custom)
2019-10-14 10:43:51,530 [main] INFO  hdfs.DFSUtil (DFSUtil.java:httpServerTemplateForNNAndJN(1641)) - Starting Web-server for hddsDatanode at: http://0.0.0.0:0
2019-10-14 10:43:51,531 [main] INFO  server.AuthenticationFilter (AuthenticationFilter.java:constructSecretProvider(240)) - Unable to initialize FileSignerSecretProvider, falling back to use random secrets.
2019-10-14 10:43:51,532 [main] WARN  http.HttpRequestLog (HttpRequestLog.java:getRequestLog(97)) - Jetty request log can only be enabled using Log4j
2019-10-14 10:43:51,533 [main] INFO  http.HttpServer2 (HttpServer2.java:addGlobalFilter(975)) - Added global filter 'safety' (class=org.apache.hadoop.http.HttpServer2$QuotingInputFilter)
2019-10-14 10:43:51,534 [main] INFO  http.HttpServer2 (HttpServer2.java:addFilter(948)) - Added filter static_user_filter (class=org.apache.hadoop.http.lib.StaticUserWebFilter$StaticUserFilter) to context hddsDatanode
2019-10-14 10:43:51,534 [main] INFO  http.HttpServer2 (HttpServer2.java:addFilter(958)) - Added filter static_user_filter (class=org.apache.hadoop.http.lib.StaticUserWebFilter$StaticUserFilter) to context logs
2019-10-14 10:43:51,534 [main] INFO  http.HttpServer2 (HttpServer2.java:addFilter(958)) - Added filter static_user_filter (class=org.apache.hadoop.http.lib.StaticUserWebFilter$StaticUserFilter) to context static
2019-10-14 10:43:51,535 [main] INFO  http.HttpServer2 (HttpServer2.java:bindListener(1191)) - Jetty bound to port 37004
2019-10-14 10:43:51,535 [main] INFO  server.Server (Server.java:doStart(351)) - jetty-9.3.25.v20180904, build timestamp: 2018-09-04T21:11:46Z, git hash: 3ce520221d0240229c862b122d2b06c12a625732
2019-10-14 10:43:51,537 [main] INFO  handler.ContextHandler (ContextHandler.java:doStart(781)) - Started o.e.j.s.ServletContextHandler@2e952845{/logs,file:///workdir/hadoop-ozone/integration-test/target/log,AVAILABLE}
2019-10-14 10:43:51,537 [main] INFO  handler.ContextHandler (ContextHandler.java:doStart(781)) - Started o.e.j.s.ServletContextHandler@6fbf5db2{/static,jar:file:/home/user/.m2/repository/org/apache/hadoop/hadoop-hdds-container-service/0.5.0-SNAPSHOT/hadoop-hdds-container-service-0.5.0-SNAPSHOT.jar!/webapps/static,AVAILABLE}
2019-10-14 10:43:51,577 [main] INFO  handler.ContextHandler (ContextHandler.java:doStart(781)) - Started o.e.j.w.WebAppContext@7d133fb7{/,file:///tmp/jetty-0.0.0.0-37004-hddsDatanode-_-any-5939942246575767103.dir/webapp/,AVAILABLE}{/hddsDatanode}
2019-10-14 10:43:51,578 [main] INFO  server.AbstractConnector (AbstractConnector.java:doStart(278)) - Started ServerConnector@40bd0f8{HTTP/1.1,[http/1.1]}{0.0.0.0:37004}
2019-10-14 10:43:51,581 [main] INFO  server.Server (Server.java:doStart(419)) - Started @214227ms
2019-10-14 10:43:51,581 [main] WARN  impl.MetricsSystemImpl (MetricsSystemImpl.java:register(276)) - Sink prometheus already exists!
2019-10-14 10:43:51,582 [main] INFO  server.BaseHttpServer (BaseHttpServer.java:updateConnectorAddress(215)) - HTTP server of HDDSDATANODE is listening at http://0.0.0.0:37004
2019-10-14 10:43:51,582 [main] INFO  ozone.MiniOzoneClusterImpl (MiniOzoneClusterImpl.java:lambda$waitForClusterToBeReady$0(147)) - Waiting for cluster to be ready. Got 0 of 7 DN Heartbeats.
2019-10-14 10:43:51,583 [org.apache.hadoop.util.JvmPauseMonitor$Monitor@6a9e1de1] INFO  util.JvmPauseMonitor (JvmPauseMonitor.java:run(188)) - Starting JVM pause monitor
2019-10-14 10:43:51,584 [Datanode State Machine Thread - 0] INFO  datanode.InitDatanodeState (InitDatanodeState.java:persistContainerDatanodeDetails(140)) - DatanodeDetails is persisted to /workdir/hadoop-ozone/integration-test/target/test-dir/MiniOzoneClusterImpl-f464983a-3651-474a-9555-13553797497e/datanode-6/meta/datanode.id
2019-10-14 10:43:52,583 [main] INFO  ozone.MiniOzoneClusterImpl (MiniOzoneClusterImpl.java:lambda$waitForClusterToBeReady$0(147)) - Waiting for cluster to be ready. Got 0 of 7 DN Heartbeats.
2019-10-14 10:43:53,005 [Datanode State Machine Thread - 0] INFO  ozoneimpl.OzoneContainer (OzoneContainer.java:start(213)) - Attempting to start container services.
2019-10-14 10:43:53,006 [Datanode State Machine Thread - 0] INFO  ozoneimpl.OzoneContainer (OzoneContainer.java:startContainerScrub(177)) - Background container scanner has been disabled.
2019-10-14 10:43:53,006 [Datanode State Machine Thread - 0] INFO  ratis.XceiverServerRatis (XceiverServerRatis.java:start(418)) - Starting XceiverServerRatis cf294231-87a1-414a-890e-c1695b236b3f at port 0
2019-10-14 10:43:53,010 [Datanode State Machine Thread - 0] INFO  impl.RaftServerProxy (RaftServerProxy.java:lambda$start$3(299)) - cf294231-87a1-414a-890e-c1695b236b3f: start RPC server
2019-10-14 10:43:53,011 [Datanode State Machine Thread - 0] INFO  server.GrpcService (GrpcService.java:startImpl(158)) - cf294231-87a1-414a-890e-c1695b236b3f: GrpcService started, listening on 0.0.0.0/0.0.0.0:46096
2019-10-14 10:43:53,011 [Datanode State Machine Thread - 0] INFO  ratis.XceiverServerRatis (XceiverServerRatis.java:start(428)) - XceiverServerRatis cf294231-87a1-414a-890e-c1695b236b3f is started using port 46096
2019-10-14 10:43:53,012 [Datanode State Machine Thread - 0] INFO  server.XceiverServerGrpc (XceiverServerGrpc.java:start(149)) - XceiverServerGrpc cf294231-87a1-414a-890e-c1695b236b3f is started using port 35947
2019-10-14 10:43:53,076 [Datanode State Machine Thread - 0] INFO  ozoneimpl.OzoneContainer (OzoneContainer.java:start(213)) - Attempting to start container services.
2019-10-14 10:43:53,077 [Datanode State Machine Thread - 0] INFO  ozoneimpl.OzoneContainer (OzoneContainer.java:startContainerScrub(177)) - Background container scanner has been disabled.
2019-10-14 10:43:53,077 [Datanode State Machine Thread - 0] INFO  ratis.XceiverServerRatis (XceiverServerRatis.java:start(418)) - Starting XceiverServerRatis adb76359-5de2-49c4-8afc-8012c71945c0 at port 0
2019-10-14 10:43:53,081 [Datanode State Machine Thread - 0] INFO  impl.RaftServerProxy (RaftServerProxy.java:lambda$start$3(299)) - adb76359-5de2-49c4-8afc-8012c71945c0: start RPC server
2019-10-14 10:43:53,085 [Datanode State Machine Thread - 0] INFO  server.GrpcService (GrpcService.java:startImpl(158)) - adb76359-5de2-49c4-8afc-8012c71945c0: GrpcService started, listening on 0.0.0.0/0.0.0.0:32918
2019-10-14 10:43:53,085 [Datanode State Machine Thread - 0] INFO  ratis.XceiverServerRatis (XceiverServerRatis.java:start(428)) - XceiverServerRatis adb76359-5de2-49c4-8afc-8012c71945c0 is started using port 32918
2019-10-14 10:43:53,085 [Datanode State Machine Thread - 0] INFO  server.XceiverServerGrpc (XceiverServerGrpc.java:start(149)) - XceiverServerGrpc adb76359-5de2-49c4-8afc-8012c71945c0 is started using port 37951
2019-10-14 10:43:53,182 [Datanode State Machine Thread - 0] INFO  ozoneimpl.OzoneContainer (OzoneContainer.java:start(213)) - Attempting to start container services.
2019-10-14 10:43:53,182 [Datanode State Machine Thread - 0] INFO  ozoneimpl.OzoneContainer (OzoneContainer.java:startContainerScrub(177)) - Background container scanner has been disabled.
2019-10-14 10:43:53,182 [Datanode State Machine Thread - 0] INFO  ratis.XceiverServerRatis (XceiverServerRatis.java:start(418)) - Starting XceiverServerRatis 61c3fb4b-4bb4-403a-91fd-ac929bb12f3e at port 0
2019-10-14 10:43:53,188 [Datanode State Machine Thread - 0] INFO  impl.RaftServerProxy (RaftServerProxy.java:lambda$start$3(299)) - 61c3fb4b-4bb4-403a-91fd-ac929bb12f3e: start RPC server
2019-10-14 10:43:53,189 [Datanode State Machine Thread - 0] INFO  server.GrpcService (GrpcService.java:startImpl(158)) - 61c3fb4b-4bb4-403a-91fd-ac929bb12f3e: GrpcService started, listening on 0.0.0.0/0.0.0.0:45157
2019-10-14 10:43:53,189 [Datanode State Machine Thread - 0] INFO  ratis.XceiverServerRatis (XceiverServerRatis.java:start(428)) - XceiverServerRatis 61c3fb4b-4bb4-403a-91fd-ac929bb12f3e is started using port 45157
2019-10-14 10:43:53,193 [Datanode State Machine Thread - 0] INFO  server.XceiverServerGrpc (XceiverServerGrpc.java:start(149)) - XceiverServerGrpc 61c3fb4b-4bb4-403a-91fd-ac929bb12f3e is started using port 35559
2019-10-14 10:43:53,213 [grpc-default-executor-3] WARN  server.GrpcLogAppender (LogUtils.java:warn(134)) - 50bac784-5677-491f-b59b-4a4a2fee8033@group-CEA59BAEECCE->ab25a5f2-cb66-481d-9ac1-849da04a80bc-AppendLogResponseHandler: Failed appendEntries: org.apache.ratis.thirdparty.io.grpc.StatusRuntimeException: UNAVAILABLE: io exception
2019-10-14 10:43:53,214 [grpc-default-executor-3] INFO  impl.FollowerInfo (FollowerInfo.java:lambda$new$0(51)) - 50bac784-5677-491f-b59b-4a4a2fee8033@group-CEA59BAEECCE->ab25a5f2-cb66-481d-9ac1-849da04a80bc: nextIndex: updateUnconditionally 0 -> 0
2019-10-14 10:43:53,227 [grpc-default-executor-3] WARN  server.GrpcLogAppender (LogUtils.java:warn(134)) - 50bac784-5677-491f-b59b-4a4a2fee8033@group-CEA59BAEECCE->faa5a069-6aa5-438b-8b42-f24c62b85906-AppendLogResponseHandler: Failed appendEntries: org.apache.ratis.thirdparty.io.grpc.StatusRuntimeException: UNAVAILABLE: io exception
2019-10-14 10:43:53,227 [grpc-default-executor-3] INFO  impl.FollowerInfo (FollowerInfo.java:lambda$new$0(51)) - 50bac784-5677-491f-b59b-4a4a2fee8033@group-CEA59BAEECCE->faa5a069-6aa5-438b-8b42-f24c62b85906: nextIndex: updateUnconditionally 0 -> 0
2019-10-14 10:43:53,297 [Datanode State Machine Thread - 0] INFO  ozoneimpl.OzoneContainer (OzoneContainer.java:start(213)) - Attempting to start container services.
2019-10-14 10:43:53,297 [Datanode State Machine Thread - 0] INFO  ozoneimpl.OzoneContainer (OzoneContainer.java:startContainerScrub(177)) - Background container scanner has been disabled.
2019-10-14 10:43:53,298 [Datanode State Machine Thread - 0] INFO  ratis.XceiverServerRatis (XceiverServerRatis.java:start(418)) - Starting XceiverServerRatis d1728222-debe-4fc7-871e-837563ecbabc at port 0
2019-10-14 10:43:53,306 [Datanode State Machine Thread - 0] INFO  impl.RaftServerProxy (RaftServerProxy.java:lambda$start$3(299)) - d1728222-debe-4fc7-871e-837563ecbabc: start RPC server
2019-10-14 10:43:53,307 [Datanode State Machine Thread - 0] INFO  server.GrpcService (GrpcService.java:startImpl(158)) - d1728222-debe-4fc7-871e-837563ecbabc: GrpcService started, listening on 0.0.0.0/0.0.0.0:38001
2019-10-14 10:43:53,307 [Datanode State Machine Thread - 0] INFO  ratis.XceiverServerRatis (XceiverServerRatis.java:start(428)) - XceiverServerRatis d1728222-debe-4fc7-871e-837563ecbabc is started using port 38001
2019-10-14 10:43:53,308 [Datanode State Machine Thread - 0] INFO  server.XceiverServerGrpc (XceiverServerGrpc.java:start(149)) - XceiverServerGrpc d1728222-debe-4fc7-871e-837563ecbabc is started using port 39950
2019-10-14 10:43:53,385 [Datanode State Machine Thread - 0] INFO  ozoneimpl.OzoneContainer (OzoneContainer.java:start(213)) - Attempting to start container services.
2019-10-14 10:43:53,386 [Datanode State Machine Thread - 0] INFO  ozoneimpl.OzoneContainer (OzoneContainer.java:startContainerScrub(177)) - Background container scanner has been disabled.
2019-10-14 10:43:53,386 [Datanode State Machine Thread - 0] INFO  ratis.XceiverServerRatis (XceiverServerRatis.java:start(418)) - Starting XceiverServerRatis 6e958ec2-485e-44e3-8fa3-58c20215af03 at port 0
2019-10-14 10:43:53,390 [Datanode State Machine Thread - 0] INFO  impl.RaftServerProxy (RaftServerProxy.java:lambda$start$3(299)) - 6e958ec2-485e-44e3-8fa3-58c20215af03: start RPC server
2019-10-14 10:43:53,391 [Datanode State Machine Thread - 0] INFO  server.GrpcService (GrpcService.java:startImpl(158)) - 6e958ec2-485e-44e3-8fa3-58c20215af03: GrpcService started, listening on 0.0.0.0/0.0.0.0:40609
2019-10-14 10:43:53,391 [Datanode State Machine Thread - 0] INFO  ratis.XceiverServerRatis (XceiverServerRatis.java:start(428)) - XceiverServerRatis 6e958ec2-485e-44e3-8fa3-58c20215af03 is started using port 40609
2019-10-14 10:43:53,392 [Datanode State Machine Thread - 0] INFO  server.XceiverServerGrpc (XceiverServerGrpc.java:start(149)) - XceiverServerGrpc 6e958ec2-485e-44e3-8fa3-58c20215af03 is started using port 32769
2019-10-14 10:43:53,487 [Datanode State Machine Thread - 0] INFO  ozoneimpl.OzoneContainer (OzoneContainer.java:start(213)) - Attempting to start container services.
2019-10-14 10:43:53,487 [Datanode State Machine Thread - 0] INFO  ozoneimpl.OzoneContainer (OzoneContainer.java:startContainerScrub(177)) - Background container scanner has been disabled.
2019-10-14 10:43:53,488 [Datanode State Machine Thread - 0] INFO  ratis.XceiverServerRatis (XceiverServerRatis.java:start(418)) - Starting XceiverServerRatis aaca5673-a858-47dd-bff0-53d8dcf719bd at port 0
2019-10-14 10:43:53,492 [Datanode State Machine Thread - 0] INFO  impl.RaftServerProxy (RaftServerProxy.java:lambda$start$3(299)) - aaca5673-a858-47dd-bff0-53d8dcf719bd: start RPC server
2019-10-14 10:43:53,498 [Datanode State Machine Thread - 0] INFO  server.GrpcService (GrpcService.java:startImpl(158)) - aaca5673-a858-47dd-bff0-53d8dcf719bd: GrpcService started, listening on 0.0.0.0/0.0.0.0:34995
2019-10-14 10:43:53,498 [Datanode State Machine Thread - 0] INFO  ratis.XceiverServerRatis (XceiverServerRatis.java:start(428)) - XceiverServerRatis aaca5673-a858-47dd-bff0-53d8dcf719bd is started using port 34995
2019-10-14 10:43:53,499 [Datanode State Machine Thread - 0] INFO  server.XceiverServerGrpc (XceiverServerGrpc.java:start(149)) - XceiverServerGrpc aaca5673-a858-47dd-bff0-53d8dcf719bd is started using port 41123
2019-10-14 10:43:53,583 [main] INFO  ozone.MiniOzoneClusterImpl (MiniOzoneClusterImpl.java:lambda$waitForClusterToBeReady$0(147)) - Waiting for cluster to be ready. Got 0 of 7 DN Heartbeats.
2019-10-14 10:43:53,608 [Datanode State Machine Thread - 0] INFO  ozoneimpl.OzoneContainer (OzoneContainer.java:start(213)) - Attempting to start container services.
2019-10-14 10:43:53,608 [Datanode State Machine Thread - 0] INFO  ozoneimpl.OzoneContainer (OzoneContainer.java:startContainerScrub(177)) - Background container scanner has been disabled.
2019-10-14 10:43:53,609 [Datanode State Machine Thread - 0] INFO  ratis.XceiverServerRatis (XceiverServerRatis.java:start(418)) - Starting XceiverServerRatis 05418579-ba8a-4912-9487-34133cf43f33 at port 0
2019-10-14 10:43:53,613 [Datanode State Machine Thread - 0] INFO  impl.RaftServerProxy (RaftServerProxy.java:lambda$start$3(299)) - 05418579-ba8a-4912-9487-34133cf43f33: start RPC server
2019-10-14 10:43:53,613 [Datanode State Machine Thread - 0] INFO  server.GrpcService (GrpcService.java:startImpl(158)) - 05418579-ba8a-4912-9487-34133cf43f33: GrpcService started, listening on 0.0.0.0/0.0.0.0:39531
2019-10-14 10:43:53,613 [Datanode State Machine Thread - 0] INFO  ratis.XceiverServerRatis (XceiverServerRatis.java:start(428)) - XceiverServerRatis 05418579-ba8a-4912-9487-34133cf43f33 is started using port 39531
2019-10-14 10:43:53,614 [Datanode State Machine Thread - 0] INFO  server.XceiverServerGrpc (XceiverServerGrpc.java:start(149)) - XceiverServerGrpc 05418579-ba8a-4912-9487-34133cf43f33 is started using port 35519
2019-10-14 10:43:54,583 [main] INFO  ozone.MiniOzoneClusterImpl (MiniOzoneClusterImpl.java:lambda$waitForClusterToBeReady$0(147)) - Waiting for cluster to be ready. Got 0 of 7 DN Heartbeats.
2019-10-14 10:43:54,962 [IPC Server handler 5 on 32858] INFO  net.NetworkTopology (NetworkTopologyImpl.java:add(111)) - Added a new node: /default-rack/cf294231-87a1-414a-890e-c1695b236b3f
2019-10-14 10:43:54,965 [IPC Server handler 5 on 32858] INFO  node.SCMNodeManager (SCMNodeManager.java:register(268)) - Registered Data node : cf294231-87a1-414a-890e-c1695b236b3f{ip: 192.168.151.118, host: pr-hdds-2296-8rkbz-2376872687, networkLocation: /default-rack, certSerialId: null}
2019-10-14 10:43:54,966 [EventQueue-NodeRegistrationContainerReportForDataNodeSafeModeRule] INFO  safemode.SCMSafeModeManager (DataNodeSafeModeRule.java:process(71)) - SCM in safe mode. 1 DataNodes registered, 1 required.
2019-10-14 10:43:54,968 [EventQueue-NodeRegistrationContainerReportForDataNodeSafeModeRule] INFO  safemode.SCMSafeModeManager (SCMSafeModeManager.java:validateSafeModeExitRules(177)) - ScmSafeModeManager, all rules are successfully validated
2019-10-14 10:43:54,968 [EventQueue-NodeRegistrationContainerReportForDataNodeSafeModeRule] INFO  safemode.SCMSafeModeManager (SCMSafeModeManager.java:exitSafeMode(193)) - SCM exiting safe mode.
2019-10-14 10:43:54,980 [grpc-default-executor-8] INFO  impl.RaftServerProxy (RaftServerProxy.java:addNew(89)) - cf294231-87a1-414a-890e-c1695b236b3f: addNew group-DB83E5A9A689:[cf294231-87a1-414a-890e-c1695b236b3f:192.168.151.118:46096] returns group-DB83E5A9A689:java.util.concurrent.CompletableFuture@7795a0d4[Not completed]
2019-10-14 10:43:54,981 [pool-383-thread-1] INFO  impl.RaftServerImpl (RaftServerImpl.java:<init>(95)) - cf294231-87a1-414a-890e-c1695b236b3f: new RaftServerImpl for group-DB83E5A9A689:[cf294231-87a1-414a-890e-c1695b236b3f:192.168.151.118:46096] with ContainerStateMachine:uninitialized
2019-10-14 10:43:54,981 [pool-383-thread-1] INFO  server.RaftServerConfigKeys (ConfUtils.java:logGet(43)) - raft.server.rpc.timeout.min = 5s (custom)
2019-10-14 10:43:54,981 [pool-383-thread-1] INFO  server.RaftServerConfigKeys (ConfUtils.java:logGet(43)) - raft.server.rpc.timeout.max = 5200ms (custom)
2019-10-14 10:43:54,981 [pool-383-thread-1] INFO  server.RaftServerConfigKeys (ConfUtils.java:logGet(43)) - raft.server.rpcslowness.timeout = 120s (custom)
2019-10-14 10:43:54,982 [pool-383-thread-1] INFO  server.RaftServerConfigKeys (ConfUtils.java:logGet(43)) - raft.server.sleep.deviation.threshold = 300 (default)
2019-10-14 10:43:54,982 [pool-383-thread-1] INFO  server.RaftServerConfigKeys (ConfUtils.java:logGet(43)) - raft.server.log.appender.install.snapshot.enabled = false (custom)
2019-10-14 10:43:54,982 [pool-383-thread-1] INFO  impl.RaftServerImpl (ServerState.java:<init>(103)) - cf294231-87a1-414a-890e-c1695b236b3f@group-DB83E5A9A689: ConfigurationManager, init=-1: [cf294231-87a1-414a-890e-c1695b236b3f:192.168.151.118:46096], old=null, confs=<EMPTY_MAP>
2019-10-14 10:43:54,982 [pool-383-thread-1] INFO  server.RaftServerConfigKeys (ConfUtils.java:logGet(43)) - raft.server.storage.dir = [/workdir/hadoop-ozone/integration-test/target/test-dir/MiniOzoneClusterImpl-f464983a-3651-474a-9555-13553797497e/datanode-0/data/ratis] (custom)
2019-10-14 10:43:54,982 [pool-383-thread-1] INFO  server.RaftServerConfigKeys (ConfUtils.java:logGet(43)) - raft.server.log.corruption.policy = EXCEPTION (default)
2019-10-14 10:43:54,982 [pool-383-thread-1] INFO  storage.RaftStorageDirectory (RaftStorageDirectory.java:analyzeStorage(246)) - The storage directory /workdir/hadoop-ozone/integration-test/target/test-dir/MiniOzoneClusterImpl-f464983a-3651-474a-9555-13553797497e/datanode-0/data/ratis/d4a620dc-7ddc-4f73-be93-db83e5a9a689 does not exist. Creating ...
2019-10-14 10:43:55,047 [IPC Server handler 6 on 32858] INFO  net.NetworkTopology (NetworkTopologyImpl.java:add(111)) - Added a new node: /default-rack/adb76359-5de2-49c4-8afc-8012c71945c0
2019-10-14 10:43:55,047 [IPC Server handler 6 on 32858] INFO  node.SCMNodeManager (SCMNodeManager.java:register(268)) - Registered Data node : adb76359-5de2-49c4-8afc-8012c71945c0{ip: 192.168.151.118, host: pr-hdds-2296-8rkbz-2376872687, networkLocation: /default-rack, certSerialId: null}
2019-10-14 10:43:55,168 [IPC Server handler 0 on 32858] INFO  net.NetworkTopology (NetworkTopologyImpl.java:add(111)) - Added a new node: /default-rack/61c3fb4b-4bb4-403a-91fd-ac929bb12f3e
2019-10-14 10:43:55,168 [IPC Server handler 0 on 32858] INFO  node.SCMNodeManager (SCMNodeManager.java:register(268)) - Registered Data node : 61c3fb4b-4bb4-403a-91fd-ac929bb12f3e{ip: 192.168.151.118, host: pr-hdds-2296-8rkbz-2376872687, networkLocation: /default-rack, certSerialId: null}
2019-10-14 10:43:55,276 [IPC Server handler 1 on 32858] INFO  net.NetworkTopology (NetworkTopologyImpl.java:add(111)) - Added a new node: /default-rack/d1728222-debe-4fc7-871e-837563ecbabc
2019-10-14 10:43:55,276 [IPC Server handler 1 on 32858] INFO  node.SCMNodeManager (SCMNodeManager.java:register(268)) - Registered Data node : d1728222-debe-4fc7-871e-837563ecbabc{ip: 192.168.151.118, host: pr-hdds-2296-8rkbz-2376872687, networkLocation: /default-rack, certSerialId: null}
2019-10-14 10:43:55,341 [pool-383-thread-1] INFO  storage.RaftStorageDirectory (RaftStorageDirectory.java:tryLock(328)) - Lock on /workdir/hadoop-ozone/integration-test/target/test-dir/MiniOzoneClusterImpl-f464983a-3651-474a-9555-13553797497e/datanode-0/data/ratis/d4a620dc-7ddc-4f73-be93-db83e5a9a689/in_use.lock acquired by nodename 26737@pr-hdds-2296-8rkbz-2376872687
2019-10-14 10:43:55,350 [pool-383-thread-1] INFO  storage.RaftStorage (RaftStorage.java:format(84)) - Storage directory /workdir/hadoop-ozone/integration-test/target/test-dir/MiniOzoneClusterImpl-f464983a-3651-474a-9555-13553797497e/datanode-0/data/ratis/d4a620dc-7ddc-4f73-be93-db83e5a9a689 has been successfully formatted.
2019-10-14 10:43:55,350 [pool-383-thread-1] INFO  ratis.ContainerStateMachine (ContainerStateMachine.java:loadSnapshot(231)) - group-DB83E5A9A689: The snapshot info is null. Setting the last applied indexto:(t:0, i:~)
2019-10-14 10:43:55,350 [pool-383-thread-1] INFO  server.RaftServerConfigKeys (ConfUtils.java:logGet(43)) - raft.server.notification.no-leader.timeout = 120s (custom)
2019-10-14 10:43:55,351 [pool-383-thread-1] INFO  server.RaftServerConfigKeys (ConfUtils.java:logGet(43)) - raft.server.log.use.memory = false (default)
2019-10-14 10:43:55,351 [pool-383-thread-1] INFO  server.RaftServerConfigKeys (ConfUtils.java:logGet(43)) - raft.server.log.purge.gap = 1000000 (custom)
2019-10-14 10:43:55,351 [pool-383-thread-1] INFO  server.RaftServerConfigKeys (ConfUtils.java:logGet(43)) - raft.server.log.appender.buffer.byte-limit = 33554432 (custom)
2019-10-14 10:43:55,351 [pool-383-thread-1] INFO  server.RaftServerConfigKeys (ConfUtils.java:logGet(43)) - raft.server.log.segment.size.max = 1048576 (custom)
2019-10-14 10:43:55,354 [pool-383-thread-1] INFO  server.RaftServerConfigKeys (ConfUtils.java:logGet(43)) - raft.server.log.segment.cache.num.max = 2 (custom)
2019-10-14 10:43:55,354 [pool-383-thread-1] INFO  segmented.SegmentedRaftLogWorker (SegmentedRaftLogWorker.java:<init>(173)) - new cf294231-87a1-414a-890e-c1695b236b3f@group-DB83E5A9A689-SegmentedRaftLogWorker for RaftStorage:Storage Directory /workdir/hadoop-ozone/integration-test/target/test-dir/MiniOzoneClusterImpl-f464983a-3651-474a-9555-13553797497e/datanode-0/data/ratis/d4a620dc-7ddc-4f73-be93-db83e5a9a689
2019-10-14 10:43:55,354 [pool-383-thread-1] INFO  server.RaftServerConfigKeys (ConfUtils.java:logGet(43)) - raft.server.log.queue.byte-limit = 2147483647 (custom)
2019-10-14 10:43:55,354 [pool-383-thread-1] INFO  server.RaftServerConfigKeys (ConfUtils.java:logGet(43)) - raft.server.log.queue.element-limit = 1024 (custom)
2019-10-14 10:43:55,354 [pool-383-thread-1] INFO  server.RaftServerConfigKeys (ConfUtils.java:logGet(43)) - raft.server.log.segment.size.max = 1048576 (custom)
2019-10-14 10:43:55,354 [pool-383-thread-1] INFO  server.RaftServerConfigKeys (ConfUtils.java:logGet(43)) - raft.server.log.preallocated.size = 16384 (custom)
2019-10-14 10:43:55,354 [pool-383-thread-1] INFO  server.RaftServerConfigKeys (ConfUtils.java:logGet(43)) - raft.server.log.write.buffer.size = 33554432 (custom)
2019-10-14 10:43:55,354 [pool-383-thread-1] INFO  server.RaftServerConfigKeys (ConfUtils.java:logGet(43)) - raft.server.log.force.sync.num = 128 (default)
2019-10-14 10:43:55,355 [pool-383-thread-1] INFO  server.RaftServerConfigKeys (ConfUtils.java:logGet(43)) - raft.server.log.statemachine.data.sync = true (default)
2019-10-14 10:43:55,355 [pool-383-thread-1] INFO  server.RaftServerConfigKeys (ConfUtils.java:logGet(43)) - raft.server.log.statemachine.data.sync.timeout = 10s (default)
2019-10-14 10:43:55,355 [pool-383-thread-1] INFO  server.RaftServerConfigKeys (ConfUtils.java:logGet(43)) - raft.server.log.statemachine.data.sync.timeout.retry = -1 (default)
2019-10-14 10:43:55,355 [pool-383-thread-1] INFO  server.RaftServerConfigKeys (ConfUtils.java:logGet(43)) - raft.server.log.statemachine.data.caching.enabled = true (custom)
2019-10-14 10:43:55,356 [pool-383-thread-1] INFO  segmented.SegmentedRaftLogWorker (SegmentedRaftLogWorker.java:lambda$new$0(128)) - cf294231-87a1-414a-890e-c1695b236b3f@group-DB83E5A9A689-SegmentedRaftLogWorker: flushIndex: setUnconditionally 0 -> -1
2019-10-14 10:43:55,356 [pool-383-thread-1] INFO  server.RaftServerConfigKeys (ConfUtils.java:logGet(43)) - raft.server.snapshot.auto.trigger.enabled = true (custom)
2019-10-14 10:43:55,356 [pool-383-thread-1] INFO  server.RaftServerConfigKeys (ConfUtils.java:logGet(43)) - raft.server.snapshot.auto.trigger.threshold = 10000 (custom)
2019-10-14 10:43:55,356 [pool-383-thread-1] INFO  server.RaftServerConfigKeys (ConfUtils.java:logGet(43)) - raft.server.snapshot.retention.file.num = 5 (custom)
2019-10-14 10:43:55,356 [pool-383-thread-1] INFO  server.RaftServerConfigKeys (ConfUtils.java:logGet(43)) - raft.server.retrycache.expirytime = 600000ms (custom)
2019-10-14 10:43:55,358 [pool-383-thread-1] INFO  impl.RaftServerImpl (RaftServerImpl.java:start(181)) - cf294231-87a1-414a-890e-c1695b236b3f@group-DB83E5A9A689: start as a follower, conf=-1: [cf294231-87a1-414a-890e-c1695b236b3f:192.168.151.118:46096], old=null
2019-10-14 10:43:55,358 [pool-383-thread-1] INFO  impl.RaftServerImpl (RaftServerImpl.java:setRole(170)) - cf294231-87a1-414a-890e-c1695b236b3f@group-DB83E5A9A689: changes role from      null to FOLLOWER at term 0 for startAsFollower
2019-10-14 10:43:55,358 [pool-383-thread-1] INFO  impl.RoleInfo (RoleInfo.java:updateAndGet(143)) - cf294231-87a1-414a-890e-c1695b236b3f: start FollowerState
2019-10-14 10:43:55,359 [pool-383-thread-1] INFO  util.JmxRegister (JmxRegister.java:tryRegister(44)) - Successfully registered JMX Bean with object name Ratis:service=RaftServer,group=group-DB83E5A9A689,id=cf294231-87a1-414a-890e-c1695b236b3f
2019-10-14 10:43:55,368 [IPC Server handler 3 on 32858] INFO  net.NetworkTopology (NetworkTopologyImpl.java:add(111)) - Added a new node: /default-rack/6e958ec2-485e-44e3-8fa3-58c20215af03
2019-10-14 10:43:55,368 [IPC Server handler 3 on 32858] INFO  node.SCMNodeManager (SCMNodeManager.java:register(268)) - Registered Data node : 6e958ec2-485e-44e3-8fa3-58c20215af03{ip: 192.168.151.118, host: pr-hdds-2296-8rkbz-2376872687, networkLocation: /default-rack, certSerialId: null}
2019-10-14 10:43:55,369 [RatisPipelineUtilsThread] INFO  pipeline.PipelineStateManager (PipelineStateManager.java:addPipeline(56)) - Created pipeline Pipeline[ Id: d4a620dc-7ddc-4f73-be93-db83e5a9a689, Nodes: cf294231-87a1-414a-890e-c1695b236b3f{ip: 192.168.151.118, host: pr-hdds-2296-8rkbz-2376872687, networkLocation: /default-rack, certSerialId: null}, Type:RATIS, Factor:ONE, State:OPEN]
2019-10-14 10:43:55,379 [grpc-default-executor-8] INFO  impl.RaftServerProxy (RaftServerProxy.java:addNew(89)) - d1728222-debe-4fc7-871e-837563ecbabc: addNew group-E647EF92FBF5:[d1728222-debe-4fc7-871e-837563ecbabc:192.168.151.118:38001] returns group-E647EF92FBF5:java.util.concurrent.CompletableFuture@3d13578f[Not completed]
2019-10-14 10:43:55,380 [pool-413-thread-1] INFO  impl.RaftServerImpl (RaftServerImpl.java:<init>(95)) - d1728222-debe-4fc7-871e-837563ecbabc: new RaftServerImpl for group-E647EF92FBF5:[d1728222-debe-4fc7-871e-837563ecbabc:192.168.151.118:38001] with ContainerStateMachine:uninitialized
2019-10-14 10:43:55,380 [pool-413-thread-1] INFO  server.RaftServerConfigKeys (ConfUtils.java:logGet(43)) - raft.server.rpc.timeout.min = 5s (custom)
2019-10-14 10:43:55,380 [pool-413-thread-1] INFO  server.RaftServerConfigKeys (ConfUtils.java:logGet(43)) - raft.server.rpc.timeout.max = 5200ms (custom)
2019-10-14 10:43:55,380 [pool-413-thread-1] INFO  server.RaftServerConfigKeys (ConfUtils.java:logGet(43)) - raft.server.rpcslowness.timeout = 120s (custom)
2019-10-14 10:43:55,380 [pool-413-thread-1] INFO  server.RaftServerConfigKeys (ConfUtils.java:logGet(43)) - raft.server.sleep.deviation.threshold = 300 (default)
2019-10-14 10:43:55,380 [pool-413-thread-1] INFO  server.RaftServerConfigKeys (ConfUtils.java:logGet(43)) - raft.server.log.appender.install.snapshot.enabled = false (custom)
2019-10-14 10:43:55,381 [pool-413-thread-1] INFO  impl.RaftServerImpl (ServerState.java:<init>(103)) - d1728222-debe-4fc7-871e-837563ecbabc@group-E647EF92FBF5: ConfigurationManager, init=-1: [d1728222-debe-4fc7-871e-837563ecbabc:192.168.151.118:38001], old=null, confs=<EMPTY_MAP>
2019-10-14 10:43:55,381 [pool-413-thread-1] INFO  server.RaftServerConfigKeys (ConfUtils.java:logGet(43)) - raft.server.storage.dir = [/workdir/hadoop-ozone/integration-test/target/test-dir/MiniOzoneClusterImpl-f464983a-3651-474a-9555-13553797497e/datanode-3/data/ratis] (custom)
2019-10-14 10:43:55,381 [pool-413-thread-1] INFO  server.RaftServerConfigKeys (ConfUtils.java:logGet(43)) - raft.server.log.corruption.policy = EXCEPTION (default)
2019-10-14 10:43:55,381 [pool-413-thread-1] INFO  storage.RaftStorageDirectory (RaftStorageDirectory.java:analyzeStorage(246)) - The storage directory /workdir/hadoop-ozone/integration-test/target/test-dir/MiniOzoneClusterImpl-f464983a-3651-474a-9555-13553797497e/datanode-3/data/ratis/d350b4e2-35c4-48ce-9ea0-e647ef92fbf5 does not exist. Creating ...
2019-10-14 10:43:55,395 [pool-413-thread-1] INFO  storage.RaftStorageDirectory (RaftStorageDirectory.java:tryLock(328)) - Lock on /workdir/hadoop-ozone/integration-test/target/test-dir/MiniOzoneClusterImpl-f464983a-3651-474a-9555-13553797497e/datanode-3/data/ratis/d350b4e2-35c4-48ce-9ea0-e647ef92fbf5/in_use.lock acquired by nodename 26737@pr-hdds-2296-8rkbz-2376872687
2019-10-14 10:43:55,409 [pool-413-thread-1] INFO  storage.RaftStorage (RaftStorage.java:format(84)) - Storage directory /workdir/hadoop-ozone/integration-test/target/test-dir/MiniOzoneClusterImpl-f464983a-3651-474a-9555-13553797497e/datanode-3/data/ratis/d350b4e2-35c4-48ce-9ea0-e647ef92fbf5 has been successfully formatted.
2019-10-14 10:43:55,409 [pool-413-thread-1] INFO  ratis.ContainerStateMachine (ContainerStateMachine.java:loadSnapshot(231)) - group-E647EF92FBF5: The snapshot info is null. Setting the last applied indexto:(t:0, i:~)
2019-10-14 10:43:55,409 [pool-413-thread-1] INFO  server.RaftServerConfigKeys (ConfUtils.java:logGet(43)) - raft.server.notification.no-leader.timeout = 120s (custom)
2019-10-14 10:43:55,409 [pool-413-thread-1] INFO  server.RaftServerConfigKeys (ConfUtils.java:logGet(43)) - raft.server.log.use.memory = false (default)
2019-10-14 10:43:55,409 [pool-413-thread-1] INFO  server.RaftServerConfigKeys (ConfUtils.java:logGet(43)) - raft.server.log.purge.gap = 1000000 (custom)
2019-10-14 10:43:55,409 [pool-413-thread-1] INFO  server.RaftServerConfigKeys (ConfUtils.java:logGet(43)) - raft.server.log.appender.buffer.byte-limit = 33554432 (custom)
2019-10-14 10:43:55,409 [pool-413-thread-1] INFO  server.RaftServerConfigKeys (ConfUtils.java:logGet(43)) - raft.server.log.segment.size.max = 1048576 (custom)
2019-10-14 10:43:55,410 [pool-413-thread-1] INFO  server.RaftServerConfigKeys (ConfUtils.java:logGet(43)) - raft.server.log.segment.cache.num.max = 2 (custom)
2019-10-14 10:43:55,410 [pool-413-thread-1] INFO  segmented.SegmentedRaftLogWorker (SegmentedRaftLogWorker.java:<init>(173)) - new d1728222-debe-4fc7-871e-837563ecbabc@group-E647EF92FBF5-SegmentedRaftLogWorker for RaftStorage:Storage Directory /workdir/hadoop-ozone/integration-test/target/test-dir/MiniOzoneClusterImpl-f464983a-3651-474a-9555-13553797497e/datanode-3/data/ratis/d350b4e2-35c4-48ce-9ea0-e647ef92fbf5
2019-10-14 10:43:55,410 [pool-413-thread-1] INFO  server.RaftServerConfigKeys (ConfUtils.java:logGet(43)) - raft.server.log.queue.byte-limit = 2147483647 (custom)
2019-10-14 10:43:55,411 [pool-413-thread-1] INFO  server.RaftServerConfigKeys (ConfUtils.java:logGet(43)) - raft.server.log.queue.element-limit = 1024 (custom)
2019-10-14 10:43:55,411 [pool-413-thread-1] INFO  server.RaftServerConfigKeys (ConfUtils.java:logGet(43)) - raft.server.log.segment.size.max = 1048576 (custom)
2019-10-14 10:43:55,411 [pool-413-thread-1] INFO  server.RaftServerConfigKeys (ConfUtils.java:logGet(43)) - raft.server.log.preallocated.size = 16384 (custom)
2019-10-14 10:43:55,411 [pool-413-thread-1] INFO  server.RaftServerConfigKeys (ConfUtils.java:logGet(43)) - raft.server.log.write.buffer.size = 33554432 (custom)
2019-10-14 10:43:55,411 [pool-413-thread-1] INFO  server.RaftServerConfigKeys (ConfUtils.java:logGet(43)) - raft.server.log.force.sync.num = 128 (default)
2019-10-14 10:43:55,411 [pool-413-thread-1] INFO  server.RaftServerConfigKeys (ConfUtils.java:logGet(43)) - raft.server.log.statemachine.data.sync = true (default)
2019-10-14 10:43:55,411 [pool-413-thread-1] INFO  server.RaftServerConfigKeys (ConfUtils.java:logGet(43)) - raft.server.log.statemachine.data.sync.timeout = 10s (default)
2019-10-14 10:43:55,411 [pool-413-thread-1] INFO  server.RaftServerConfigKeys (ConfUtils.java:logGet(43)) - raft.server.log.statemachine.data.sync.timeout.retry = -1 (default)
2019-10-14 10:43:55,411 [pool-413-thread-1] INFO  server.RaftServerConfigKeys (ConfUtils.java:logGet(43)) - raft.server.log.statemachine.data.caching.enabled = true (custom)
2019-10-14 10:43:55,420 [pool-413-thread-1] INFO  segmented.SegmentedRaftLogWorker (SegmentedRaftLogWorker.java:lambda$new$0(128)) - d1728222-debe-4fc7-871e-837563ecbabc@group-E647EF92FBF5-SegmentedRaftLogWorker: flushIndex: setUnconditionally 0 -> -1
2019-10-14 10:43:55,421 [pool-413-thread-1] INFO  server.RaftServerConfigKeys (ConfUtils.java:logGet(43)) - raft.server.snapshot.auto.trigger.enabled = true (custom)
2019-10-14 10:43:55,421 [pool-413-thread-1] INFO  server.RaftServerConfigKeys (ConfUtils.java:logGet(43)) - raft.server.snapshot.auto.trigger.threshold = 10000 (custom)
2019-10-14 10:43:55,421 [pool-413-thread-1] INFO  server.RaftServerConfigKeys (ConfUtils.java:logGet(43)) - raft.server.snapshot.retention.file.num = 5 (custom)
2019-10-14 10:43:55,421 [pool-413-thread-1] INFO  server.RaftServerConfigKeys (ConfUtils.java:logGet(43)) - raft.server.retrycache.expirytime = 600000ms (custom)
2019-10-14 10:43:55,422 [pool-413-thread-1] INFO  impl.RaftServerImpl (RaftServerImpl.java:start(181)) - d1728222-debe-4fc7-871e-837563ecbabc@group-E647EF92FBF5: start as a follower, conf=-1: [d1728222-debe-4fc7-871e-837563ecbabc:192.168.151.118:38001], old=null
2019-10-14 10:43:55,423 [pool-413-thread-1] INFO  impl.RaftServerImpl (RaftServerImpl.java:setRole(170)) - d1728222-debe-4fc7-871e-837563ecbabc@group-E647EF92FBF5: changes role from      null to FOLLOWER at term 0 for startAsFollower
2019-10-14 10:43:55,423 [pool-413-thread-1] INFO  impl.RoleInfo (RoleInfo.java:updateAndGet(143)) - d1728222-debe-4fc7-871e-837563ecbabc: start FollowerState
2019-10-14 10:43:55,423 [pool-413-thread-1] INFO  util.JmxRegister (JmxRegister.java:tryRegister(44)) - Successfully registered JMX Bean with object name Ratis:service=RaftServer,group=group-E647EF92FBF5,id=d1728222-debe-4fc7-871e-837563ecbabc
2019-10-14 10:43:55,430 [RatisPipelineUtilsThread] INFO  pipeline.PipelineStateManager (PipelineStateManager.java:addPipeline(56)) - Created pipeline Pipeline[ Id: d350b4e2-35c4-48ce-9ea0-e647ef92fbf5, Nodes: d1728222-debe-4fc7-871e-837563ecbabc{ip: 192.168.151.118, host: pr-hdds-2296-8rkbz-2376872687, networkLocation: /default-rack, certSerialId: null}, Type:RATIS, Factor:ONE, State:OPEN]
2019-10-14 10:43:55,440 [grpc-default-executor-8] INFO  impl.RaftServerProxy (RaftServerProxy.java:addNew(89)) - 61c3fb4b-4bb4-403a-91fd-ac929bb12f3e: addNew group-48FF9CDC5359:[61c3fb4b-4bb4-403a-91fd-ac929bb12f3e:192.168.151.118:45157] returns group-48FF9CDC5359:java.util.concurrent.CompletableFuture@7faf8a4a[Not completed]
2019-10-14 10:43:55,441 [pool-403-thread-1] INFO  impl.RaftServerImpl (RaftServerImpl.java:<init>(95)) - 61c3fb4b-4bb4-403a-91fd-ac929bb12f3e: new RaftServerImpl for group-48FF9CDC5359:[61c3fb4b-4bb4-403a-91fd-ac929bb12f3e:192.168.151.118:45157] with ContainerStateMachine:uninitialized
2019-10-14 10:43:55,441 [pool-403-thread-1] INFO  server.RaftServerConfigKeys (ConfUtils.java:logGet(43)) - raft.server.rpc.timeout.min = 5s (custom)
2019-10-14 10:43:55,441 [pool-403-thread-1] INFO  server.RaftServerConfigKeys (ConfUtils.java:logGet(43)) - raft.server.rpc.timeout.max = 5200ms (custom)
2019-10-14 10:43:55,441 [pool-403-thread-1] INFO  server.RaftServerConfigKeys (ConfUtils.java:logGet(43)) - raft.server.rpcslowness.timeout = 120s (custom)
2019-10-14 10:43:55,441 [pool-403-thread-1] INFO  server.RaftServerConfigKeys (ConfUtils.java:logGet(43)) - raft.server.sleep.deviation.threshold = 300 (default)
2019-10-14 10:43:55,441 [pool-403-thread-1] INFO  server.RaftServerConfigKeys (ConfUtils.java:logGet(43)) - raft.server.log.appender.install.snapshot.enabled = false (custom)
2019-10-14 10:43:55,442 [pool-403-thread-1] INFO  impl.RaftServerImpl (ServerState.java:<init>(103)) - 61c3fb4b-4bb4-403a-91fd-ac929bb12f3e@group-48FF9CDC5359: ConfigurationManager, init=-1: [61c3fb4b-4bb4-403a-91fd-ac929bb12f3e:192.168.151.118:45157], old=null, confs=<EMPTY_MAP>
2019-10-14 10:43:55,442 [pool-403-thread-1] INFO  server.RaftServerConfigKeys (ConfUtils.java:logGet(43)) - raft.server.storage.dir = [/workdir/hadoop-ozone/integration-test/target/test-dir/MiniOzoneClusterImpl-f464983a-3651-474a-9555-13553797497e/datanode-2/data/ratis] (custom)
2019-10-14 10:43:55,442 [pool-403-thread-1] INFO  server.RaftServerConfigKeys (ConfUtils.java:logGet(43)) - raft.server.log.corruption.policy = EXCEPTION (default)
2019-10-14 10:43:55,442 [pool-403-thread-1] INFO  storage.RaftStorageDirectory (RaftStorageDirectory.java:analyzeStorage(246)) - The storage directory /workdir/hadoop-ozone/integration-test/target/test-dir/MiniOzoneClusterImpl-f464983a-3651-474a-9555-13553797497e/datanode-2/data/ratis/1d8af1ea-3775-45d0-9189-48ff9cdc5359 does not exist. Creating ...
2019-10-14 10:43:55,471 [pool-403-thread-1] INFO  storage.RaftStorageDirectory (RaftStorageDirectory.java:tryLock(328)) - Lock on /workdir/hadoop-ozone/integration-test/target/test-dir/MiniOzoneClusterImpl-f464983a-3651-474a-9555-13553797497e/datanode-2/data/ratis/1d8af1ea-3775-45d0-9189-48ff9cdc5359/in_use.lock acquired by nodename 26737@pr-hdds-2296-8rkbz-2376872687
2019-10-14 10:43:55,472 [IPC Server handler 4 on 32858] INFO  net.NetworkTopology (NetworkTopologyImpl.java:add(111)) - Added a new node: /default-rack/aaca5673-a858-47dd-bff0-53d8dcf719bd
2019-10-14 10:43:55,472 [IPC Server handler 4 on 32858] INFO  node.SCMNodeManager (SCMNodeManager.java:register(268)) - Registered Data node : aaca5673-a858-47dd-bff0-53d8dcf719bd{ip: 192.168.151.118, host: pr-hdds-2296-8rkbz-2376872687, networkLocation: /default-rack, certSerialId: null}
2019-10-14 10:43:55,486 [pool-403-thread-1] INFO  storage.RaftStorage (RaftStorage.java:format(84)) - Storage directory /workdir/hadoop-ozone/integration-test/target/test-dir/MiniOzoneClusterImpl-f464983a-3651-474a-9555-13553797497e/datanode-2/data/ratis/1d8af1ea-3775-45d0-9189-48ff9cdc5359 has been successfully formatted.
2019-10-14 10:43:55,487 [pool-403-thread-1] INFO  ratis.ContainerStateMachine (ContainerStateMachine.java:loadSnapshot(231)) - group-48FF9CDC5359: The snapshot info is null. Setting the last applied indexto:(t:0, i:~)
2019-10-14 10:43:55,487 [pool-403-thread-1] INFO  server.RaftServerConfigKeys (ConfUtils.java:logGet(43)) - raft.server.notification.no-leader.timeout = 120s (custom)
2019-10-14 10:43:55,487 [pool-403-thread-1] INFO  server.RaftServerConfigKeys (ConfUtils.java:logGet(43)) - raft.server.log.use.memory = false (default)
2019-10-14 10:43:55,487 [pool-403-thread-1] INFO  server.RaftServerConfigKeys (ConfUtils.java:logGet(43)) - raft.server.log.purge.gap = 1000000 (custom)
2019-10-14 10:43:55,487 [pool-403-thread-1] INFO  server.RaftServerConfigKeys (ConfUtils.java:logGet(43)) - raft.server.log.appender.buffer.byte-limit = 33554432 (custom)
2019-10-14 10:43:55,487 [pool-403-thread-1] INFO  server.RaftServerConfigKeys (ConfUtils.java:logGet(43)) - raft.server.log.segment.size.max = 1048576 (custom)
2019-10-14 10:43:55,489 [pool-403-thread-1] INFO  server.RaftServerConfigKeys (ConfUtils.java:logGet(43)) - raft.server.log.segment.cache.num.max = 2 (custom)
2019-10-14 10:43:55,489 [pool-403-thread-1] INFO  segmented.SegmentedRaftLogWorker (SegmentedRaftLogWorker.java:<init>(173)) - new 61c3fb4b-4bb4-403a-91fd-ac929bb12f3e@group-48FF9CDC5359-SegmentedRaftLogWorker for RaftStorage:Storage Directory /workdir/hadoop-ozone/integration-test/target/test-dir/MiniOzoneClusterImpl-f464983a-3651-474a-9555-13553797497e/datanode-2/data/ratis/1d8af1ea-3775-45d0-9189-48ff9cdc5359
2019-10-14 10:43:55,489 [pool-403-thread-1] INFO  server.RaftServerConfigKeys (ConfUtils.java:logGet(43)) - raft.server.log.queue.byte-limit = 2147483647 (custom)
2019-10-14 10:43:55,489 [pool-403-thread-1] INFO  server.RaftServerConfigKeys (ConfUtils.java:logGet(43)) - raft.server.log.queue.element-limit = 1024 (custom)
2019-10-14 10:43:55,489 [pool-403-thread-1] INFO  server.RaftServerConfigKeys (ConfUtils.java:logGet(43)) - raft.server.log.segment.size.max = 1048576 (custom)
2019-10-14 10:43:55,489 [pool-403-thread-1] INFO  server.RaftServerConfigKeys (ConfUtils.java:logGet(43)) - raft.server.log.preallocated.size = 16384 (custom)
2019-10-14 10:43:55,489 [pool-403-thread-1] INFO  server.RaftServerConfigKeys (ConfUtils.java:logGet(43)) - raft.server.log.write.buffer.size = 33554432 (custom)
2019-10-14 10:43:55,489 [pool-403-thread-1] INFO  server.RaftServerConfigKeys (ConfUtils.java:logGet(43)) - raft.server.log.force.sync.num = 128 (default)
2019-10-14 10:43:55,490 [pool-403-thread-1] INFO  server.RaftServerConfigKeys (ConfUtils.java:logGet(43)) - raft.server.log.statemachine.data.sync = true (default)
2019-10-14 10:43:55,490 [pool-403-thread-1] INFO  server.RaftServerConfigKeys (ConfUtils.java:logGet(43)) - raft.server.log.statemachine.data.sync.timeout = 10s (default)
2019-10-14 10:43:55,490 [pool-403-thread-1] INFO  server.RaftServerConfigKeys (ConfUtils.java:logGet(43)) - raft.server.log.statemachine.data.sync.timeout.retry = -1 (default)
2019-10-14 10:43:55,490 [pool-403-thread-1] INFO  server.RaftServerConfigKeys (ConfUtils.java:logGet(43)) - raft.server.log.statemachine.data.caching.enabled = true (custom)
2019-10-14 10:43:55,499 [pool-403-thread-1] INFO  segmented.SegmentedRaftLogWorker (SegmentedRaftLogWorker.java:lambda$new$0(128)) - 61c3fb4b-4bb4-403a-91fd-ac929bb12f3e@group-48FF9CDC5359-SegmentedRaftLogWorker: flushIndex: setUnconditionally 0 -> -1
2019-10-14 10:43:55,499 [pool-403-thread-1] INFO  server.RaftServerConfigKeys (ConfUtils.java:logGet(43)) - raft.server.snapshot.auto.trigger.enabled = true (custom)
2019-10-14 10:43:55,499 [pool-403-thread-1] INFO  server.RaftServerConfigKeys (ConfUtils.java:logGet(43)) - raft.server.snapshot.auto.trigger.threshold = 10000 (custom)
2019-10-14 10:43:55,500 [pool-403-thread-1] INFO  server.RaftServerConfigKeys (ConfUtils.java:logGet(43)) - raft.server.snapshot.retention.file.num = 5 (custom)
2019-10-14 10:43:55,500 [pool-403-thread-1] INFO  server.RaftServerConfigKeys (ConfUtils.java:logGet(43)) - raft.server.retrycache.expirytime = 600000ms (custom)
2019-10-14 10:43:55,501 [pool-403-thread-1] INFO  impl.RaftServerImpl (RaftServerImpl.java:start(181)) - 61c3fb4b-4bb4-403a-91fd-ac929bb12f3e@group-48FF9CDC5359: start as a follower, conf=-1: [61c3fb4b-4bb4-403a-91fd-ac929bb12f3e:192.168.151.118:45157], old=null
2019-10-14 10:43:55,501 [pool-403-thread-1] INFO  impl.RaftServerImpl (RaftServerImpl.java:setRole(170)) - 61c3fb4b-4bb4-403a-91fd-ac929bb12f3e@group-48FF9CDC5359: changes role from      null to FOLLOWER at term 0 for startAsFollower
2019-10-14 10:43:55,501 [pool-403-thread-1] INFO  impl.RoleInfo (RoleInfo.java:updateAndGet(143)) - 61c3fb4b-4bb4-403a-91fd-ac929bb12f3e: start FollowerState
2019-10-14 10:43:55,501 [pool-403-thread-1] INFO  util.JmxRegister (JmxRegister.java:tryRegister(44)) - Successfully registered JMX Bean with object name Ratis:service=RaftServer,group=group-48FF9CDC5359,id=61c3fb4b-4bb4-403a-91fd-ac929bb12f3e
2019-10-14 10:43:55,508 [RatisPipelineUtilsThread] INFO  pipeline.PipelineStateManager (PipelineStateManager.java:addPipeline(56)) - Created pipeline Pipeline[ Id: 1d8af1ea-3775-45d0-9189-48ff9cdc5359, Nodes: 61c3fb4b-4bb4-403a-91fd-ac929bb12f3e{ip: 192.168.151.118, host: pr-hdds-2296-8rkbz-2376872687, networkLocation: /default-rack, certSerialId: null}, Type:RATIS, Factor:ONE, State:OPEN]
2019-10-14 10:43:55,520 [grpc-default-executor-8] INFO  impl.RaftServerProxy (RaftServerProxy.java:addNew(89)) - 6e958ec2-485e-44e3-8fa3-58c20215af03: addNew group-AA5509F0F4DA:[6e958ec2-485e-44e3-8fa3-58c20215af03:192.168.151.118:40609] returns group-AA5509F0F4DA:java.util.concurrent.CompletableFuture@396a0109[Not completed]
2019-10-14 10:43:55,521 [pool-423-thread-1] INFO  impl.RaftServerImpl (RaftServerImpl.java:<init>(95)) - 6e958ec2-485e-44e3-8fa3-58c20215af03: new RaftServerImpl for group-AA5509F0F4DA:[6e958ec2-485e-44e3-8fa3-58c20215af03:192.168.151.118:40609] with ContainerStateMachine:uninitialized
2019-10-14 10:43:55,521 [pool-423-thread-1] INFO  server.RaftServerConfigKeys (ConfUtils.java:logGet(43)) - raft.server.rpc.timeout.min = 5s (custom)
2019-10-14 10:43:55,521 [pool-423-thread-1] INFO  server.RaftServerConfigKeys (ConfUtils.java:logGet(43)) - raft.server.rpc.timeout.max = 5200ms (custom)
2019-10-14 10:43:55,521 [pool-423-thread-1] INFO  server.RaftServerConfigKeys (ConfUtils.java:logGet(43)) - raft.server.rpcslowness.timeout = 120s (custom)
2019-10-14 10:43:55,521 [pool-423-thread-1] INFO  server.RaftServerConfigKeys (ConfUtils.java:logGet(43)) - raft.server.sleep.deviation.threshold = 300 (default)
2019-10-14 10:43:55,521 [pool-423-thread-1] INFO  server.RaftServerConfigKeys (ConfUtils.java:logGet(43)) - raft.server.log.appender.install.snapshot.enabled = false (custom)
2019-10-14 10:43:55,521 [pool-423-thread-1] INFO  impl.RaftServerImpl (ServerState.java:<init>(103)) - 6e958ec2-485e-44e3-8fa3-58c20215af03@group-AA5509F0F4DA: ConfigurationManager, init=-1: [6e958ec2-485e-44e3-8fa3-58c20215af03:192.168.151.118:40609], old=null, confs=<EMPTY_MAP>
2019-10-14 10:43:55,522 [pool-423-thread-1] INFO  server.RaftServerConfigKeys (ConfUtils.java:logGet(43)) - raft.server.storage.dir = [/workdir/hadoop-ozone/integration-test/target/test-dir/MiniOzoneClusterImpl-f464983a-3651-474a-9555-13553797497e/datanode-4/data/ratis] (custom)
2019-10-14 10:43:55,522 [pool-423-thread-1] INFO  server.RaftServerConfigKeys (ConfUtils.java:logGet(43)) - raft.server.log.corruption.policy = EXCEPTION (default)
2019-10-14 10:43:55,522 [pool-423-thread-1] INFO  storage.RaftStorageDirectory (RaftStorageDirectory.java:analyzeStorage(246)) - The storage directory /workdir/hadoop-ozone/integration-test/target/test-dir/MiniOzoneClusterImpl-f464983a-3651-474a-9555-13553797497e/datanode-4/data/ratis/a8c50bc7-e458-47cf-924b-aa5509f0f4da does not exist. Creating ...
2019-10-14 10:43:55,530 [pool-423-thread-1] INFO  storage.RaftStorageDirectory (RaftStorageDirectory.java:tryLock(328)) - Lock on /workdir/hadoop-ozone/integration-test/target/test-dir/MiniOzoneClusterImpl-f464983a-3651-474a-9555-13553797497e/datanode-4/data/ratis/a8c50bc7-e458-47cf-924b-aa5509f0f4da/in_use.lock acquired by nodename 26737@pr-hdds-2296-8rkbz-2376872687
2019-10-14 10:43:55,542 [pool-423-thread-1] INFO  storage.RaftStorage (RaftStorage.java:format(84)) - Storage directory /workdir/hadoop-ozone/integration-test/target/test-dir/MiniOzoneClusterImpl-f464983a-3651-474a-9555-13553797497e/datanode-4/data/ratis/a8c50bc7-e458-47cf-924b-aa5509f0f4da has been successfully formatted.
2019-10-14 10:43:55,542 [pool-423-thread-1] INFO  ratis.ContainerStateMachine (ContainerStateMachine.java:loadSnapshot(231)) - group-AA5509F0F4DA: The snapshot info is null. Setting the last applied indexto:(t:0, i:~)
2019-10-14 10:43:55,543 [pool-423-thread-1] INFO  server.RaftServerConfigKeys (ConfUtils.java:logGet(43)) - raft.server.notification.no-leader.timeout = 120s (custom)
2019-10-14 10:43:55,543 [pool-423-thread-1] INFO  server.RaftServerConfigKeys (ConfUtils.java:logGet(43)) - raft.server.log.use.memory = false (default)
2019-10-14 10:43:55,543 [pool-423-thread-1] INFO  server.RaftServerConfigKeys (ConfUtils.java:logGet(43)) - raft.server.log.purge.gap = 1000000 (custom)
2019-10-14 10:43:55,543 [pool-423-thread-1] INFO  server.RaftServerConfigKeys (ConfUtils.java:logGet(43)) - raft.server.log.appender.buffer.byte-limit = 33554432 (custom)
2019-10-14 10:43:55,543 [pool-423-thread-1] INFO  server.RaftServerConfigKeys (ConfUtils.java:logGet(43)) - raft.server.log.segment.size.max = 1048576 (custom)
2019-10-14 10:43:55,544 [pool-423-thread-1] INFO  server.RaftServerConfigKeys (ConfUtils.java:logGet(43)) - raft.server.log.segment.cache.num.max = 2 (custom)
2019-10-14 10:43:55,544 [pool-423-thread-1] INFO  segmented.SegmentedRaftLogWorker (SegmentedRaftLogWorker.java:<init>(173)) - new 6e958ec2-485e-44e3-8fa3-58c20215af03@group-AA5509F0F4DA-SegmentedRaftLogWorker for RaftStorage:Storage Directory /workdir/hadoop-ozone/integration-test/target/test-dir/MiniOzoneClusterImpl-f464983a-3651-474a-9555-13553797497e/datanode-4/data/ratis/a8c50bc7-e458-47cf-924b-aa5509f0f4da
2019-10-14 10:43:55,544 [pool-423-thread-1] INFO  server.RaftServerConfigKeys (ConfUtils.java:logGet(43)) - raft.server.log.queue.byte-limit = 2147483647 (custom)
2019-10-14 10:43:55,544 [pool-423-thread-1] INFO  server.RaftServerConfigKeys (ConfUtils.java:logGet(43)) - raft.server.log.queue.element-limit = 1024 (custom)
2019-10-14 10:43:55,545 [pool-423-thread-1] INFO  server.RaftServerConfigKeys (ConfUtils.java:logGet(43)) - raft.server.log.segment.size.max = 1048576 (custom)
2019-10-14 10:43:55,545 [pool-423-thread-1] INFO  server.RaftServerConfigKeys (ConfUtils.java:logGet(43)) - raft.server.log.preallocated.size = 16384 (custom)
2019-10-14 10:43:55,545 [pool-423-thread-1] INFO  server.RaftServerConfigKeys (ConfUtils.java:logGet(43)) - raft.server.log.write.buffer.size = 33554432 (custom)
2019-10-14 10:43:55,545 [pool-423-thread-1] INFO  server.RaftServerConfigKeys (ConfUtils.java:logGet(43)) - raft.server.log.force.sync.num = 128 (default)
2019-10-14 10:43:55,545 [pool-423-thread-1] INFO  server.RaftServerConfigKeys (ConfUtils.java:logGet(43)) - raft.server.log.statemachine.data.sync = true (default)
2019-10-14 10:43:55,545 [pool-423-thread-1] INFO  server.RaftServerConfigKeys (ConfUtils.java:logGet(43)) - raft.server.log.statemachine.data.sync.timeout = 10s (default)
2019-10-14 10:43:55,545 [pool-423-thread-1] INFO  server.RaftServerConfigKeys (ConfUtils.java:logGet(43)) - raft.server.log.statemachine.data.sync.timeout.retry = -1 (default)
2019-10-14 10:43:55,545 [pool-423-thread-1] INFO  server.RaftServerConfigKeys (ConfUtils.java:logGet(43)) - raft.server.log.statemachine.data.caching.enabled = true (custom)
2019-10-14 10:43:55,546 [pool-423-thread-1] INFO  segmented.SegmentedRaftLogWorker (SegmentedRaftLogWorker.java:lambda$new$0(128)) - 6e958ec2-485e-44e3-8fa3-58c20215af03@group-AA5509F0F4DA-SegmentedRaftLogWorker: flushIndex: setUnconditionally 0 -> -1
2019-10-14 10:43:55,546 [pool-423-thread-1] INFO  server.RaftServerConfigKeys (ConfUtils.java:logGet(43)) - raft.server.snapshot.auto.trigger.enabled = true (custom)
2019-10-14 10:43:55,546 [pool-423-thread-1] INFO  server.RaftServerConfigKeys (ConfUtils.java:logGet(43)) - raft.server.snapshot.auto.trigger.threshold = 10000 (custom)
2019-10-14 10:43:55,547 [pool-423-thread-1] INFO  server.RaftServerConfigKeys (ConfUtils.java:logGet(43)) - raft.server.snapshot.retention.file.num = 5 (custom)
2019-10-14 10:43:55,547 [pool-423-thread-1] INFO  server.RaftServerConfigKeys (ConfUtils.java:logGet(43)) - raft.server.retrycache.expirytime = 600000ms (custom)
2019-10-14 10:43:55,548 [pool-423-thread-1] INFO  impl.RaftServerImpl (RaftServerImpl.java:start(181)) - 6e958ec2-485e-44e3-8fa3-58c20215af03@group-AA5509F0F4DA: start as a follower, conf=-1: [6e958ec2-485e-44e3-8fa3-58c20215af03:192.168.151.118:40609], old=null
2019-10-14 10:43:55,548 [pool-423-thread-1] INFO  impl.RaftServerImpl (RaftServerImpl.java:setRole(170)) - 6e958ec2-485e-44e3-8fa3-58c20215af03@group-AA5509F0F4DA: changes role from      null to FOLLOWER at term 0 for startAsFollower
2019-10-14 10:43:55,548 [pool-423-thread-1] INFO  impl.RoleInfo (RoleInfo.java:updateAndGet(143)) - 6e958ec2-485e-44e3-8fa3-58c20215af03: start FollowerState
2019-10-14 10:43:55,548 [pool-423-thread-1] INFO  util.JmxRegister (JmxRegister.java:tryRegister(44)) - Successfully registered JMX Bean with object name Ratis:service=RaftServer,group=group-AA5509F0F4DA,id=6e958ec2-485e-44e3-8fa3-58c20215af03
2019-10-14 10:43:55,556 [RatisPipelineUtilsThread] INFO  pipeline.PipelineStateManager (PipelineStateManager.java:addPipeline(56)) - Created pipeline Pipeline[ Id: a8c50bc7-e458-47cf-924b-aa5509f0f4da, Nodes: 6e958ec2-485e-44e3-8fa3-58c20215af03{ip: 192.168.151.118, host: pr-hdds-2296-8rkbz-2376872687, networkLocation: /default-rack, certSerialId: null}, Type:RATIS, Factor:ONE, State:OPEN]
2019-10-14 10:43:55,566 [grpc-default-executor-8] INFO  impl.RaftServerProxy (RaftServerProxy.java:addNew(89)) - aaca5673-a858-47dd-bff0-53d8dcf719bd: addNew group-6635A9101FA3:[aaca5673-a858-47dd-bff0-53d8dcf719bd:192.168.151.118:34995] returns group-6635A9101FA3:java.util.concurrent.CompletableFuture@2d5883aa[Not completed]
2019-10-14 10:43:55,567 [pool-433-thread-1] INFO  impl.RaftServerImpl (RaftServerImpl.java:<init>(95)) - aaca5673-a858-47dd-bff0-53d8dcf719bd: new RaftServerImpl for group-6635A9101FA3:[aaca5673-a858-47dd-bff0-53d8dcf719bd:192.168.151.118:34995] with ContainerStateMachine:uninitialized
2019-10-14 10:43:55,568 [pool-433-thread-1] INFO  server.RaftServerConfigKeys (ConfUtils.java:logGet(43)) - raft.server.rpc.timeout.min = 5s (custom)
2019-10-14 10:43:55,568 [pool-433-thread-1] INFO  server.RaftServerConfigKeys (ConfUtils.java:logGet(43)) - raft.server.rpc.timeout.max = 5200ms (custom)
2019-10-14 10:43:55,568 [pool-433-thread-1] INFO  server.RaftServerConfigKeys (ConfUtils.java:logGet(43)) - raft.server.rpcslowness.timeout = 120s (custom)
2019-10-14 10:43:55,568 [pool-433-thread-1] INFO  server.RaftServerConfigKeys (ConfUtils.java:logGet(43)) - raft.server.sleep.deviation.threshold = 300 (default)
2019-10-14 10:43:55,568 [pool-433-thread-1] INFO  server.RaftServerConfigKeys (ConfUtils.java:logGet(43)) - raft.server.log.appender.install.snapshot.enabled = false (custom)
2019-10-14 10:43:55,568 [pool-433-thread-1] INFO  impl.RaftServerImpl (ServerState.java:<init>(103)) - aaca5673-a858-47dd-bff0-53d8dcf719bd@group-6635A9101FA3: ConfigurationManager, init=-1: [aaca5673-a858-47dd-bff0-53d8dcf719bd:192.168.151.118:34995], old=null, confs=<EMPTY_MAP>
2019-10-14 10:43:55,568 [pool-433-thread-1] INFO  server.RaftServerConfigKeys (ConfUtils.java:logGet(43)) - raft.server.storage.dir = [/workdir/hadoop-ozone/integration-test/target/test-dir/MiniOzoneClusterImpl-f464983a-3651-474a-9555-13553797497e/datanode-5/data/ratis] (custom)
2019-10-14 10:43:55,569 [pool-433-thread-1] INFO  server.RaftServerConfigKeys (ConfUtils.java:logGet(43)) - raft.server.log.corruption.policy = EXCEPTION (default)
2019-10-14 10:43:55,569 [pool-433-thread-1] INFO  storage.RaftStorageDirectory (RaftStorageDirectory.java:analyzeStorage(246)) - The storage directory /workdir/hadoop-ozone/integration-test/target/test-dir/MiniOzoneClusterImpl-f464983a-3651-474a-9555-13553797497e/datanode-5/data/ratis/759d4f89-1000-4875-9773-6635a9101fa3 does not exist. Creating ...
2019-10-14 10:43:55,575 [pool-433-thread-1] INFO  storage.RaftStorageDirectory (RaftStorageDirectory.java:tryLock(328)) - Lock on /workdir/hadoop-ozone/integration-test/target/test-dir/MiniOzoneClusterImpl-f464983a-3651-474a-9555-13553797497e/datanode-5/data/ratis/759d4f89-1000-4875-9773-6635a9101fa3/in_use.lock acquired by nodename 26737@pr-hdds-2296-8rkbz-2376872687
2019-10-14 10:43:55,584 [main] INFO  ozone.MiniOzoneClusterImpl (MiniOzoneClusterImpl.java:lambda$waitForClusterToBeReady$0(147)) - Waiting for cluster to be ready. Got 6 of 7 DN Heartbeats.
2019-10-14 10:43:55,584 [IPC Server handler 5 on 32858] INFO  net.NetworkTopology (NetworkTopologyImpl.java:add(111)) - Added a new node: /default-rack/05418579-ba8a-4912-9487-34133cf43f33
2019-10-14 10:43:55,584 [IPC Server handler 5 on 32858] INFO  node.SCMNodeManager (SCMNodeManager.java:register(268)) - Registered Data node : 05418579-ba8a-4912-9487-34133cf43f33{ip: 192.168.151.118, host: pr-hdds-2296-8rkbz-2376872687, networkLocation: /default-rack, certSerialId: null}
2019-10-14 10:43:55,588 [pool-433-thread-1] INFO  storage.RaftStorage (RaftStorage.java:format(84)) - Storage directory /workdir/hadoop-ozone/integration-test/target/test-dir/MiniOzoneClusterImpl-f464983a-3651-474a-9555-13553797497e/datanode-5/data/ratis/759d4f89-1000-4875-9773-6635a9101fa3 has been successfully formatted.
2019-10-14 10:43:55,588 [pool-433-thread-1] INFO  ratis.ContainerStateMachine (ContainerStateMachine.java:loadSnapshot(231)) - group-6635A9101FA3: The snapshot info is null. Setting the last applied indexto:(t:0, i:~)
2019-10-14 10:43:55,588 [pool-433-thread-1] INFO  server.RaftServerConfigKeys (ConfUtils.java:logGet(43)) - raft.server.notification.no-leader.timeout = 120s (custom)
2019-10-14 10:43:55,588 [pool-433-thread-1] INFO  server.RaftServerConfigKeys (ConfUtils.java:logGet(43)) - raft.server.log.use.memory = false (default)
2019-10-14 10:43:55,588 [pool-433-thread-1] INFO  server.RaftServerConfigKeys (ConfUtils.java:logGet(43)) - raft.server.log.purge.gap = 1000000 (custom)
2019-10-14 10:43:55,588 [pool-433-thread-1] INFO  server.RaftServerConfigKeys (ConfUtils.java:logGet(43)) - raft.server.log.appender.buffer.byte-limit = 33554432 (custom)
2019-10-14 10:43:55,589 [pool-433-thread-1] INFO  server.RaftServerConfigKeys (ConfUtils.java:logGet(43)) - raft.server.log.segment.size.max = 1048576 (custom)
2019-10-14 10:43:55,590 [pool-433-thread-1] INFO  server.RaftServerConfigKeys (ConfUtils.java:logGet(43)) - raft.server.log.segment.cache.num.max = 2 (custom)
2019-10-14 10:43:55,590 [pool-433-thread-1] INFO  segmented.SegmentedRaftLogWorker (SegmentedRaftLogWorker.java:<init>(173)) - new aaca5673-a858-47dd-bff0-53d8dcf719bd@group-6635A9101FA3-SegmentedRaftLogWorker for RaftStorage:Storage Directory /workdir/hadoop-ozone/integration-test/target/test-dir/MiniOzoneClusterImpl-f464983a-3651-474a-9555-13553797497e/datanode-5/data/ratis/759d4f89-1000-4875-9773-6635a9101fa3
2019-10-14 10:43:55,590 [pool-433-thread-1] INFO  server.RaftServerConfigKeys (ConfUtils.java:logGet(43)) - raft.server.log.queue.byte-limit = 2147483647 (custom)
2019-10-14 10:43:55,590 [pool-433-thread-1] INFO  server.RaftServerConfigKeys (ConfUtils.java:logGet(43)) - raft.server.log.queue.element-limit = 1024 (custom)
2019-10-14 10:43:55,590 [pool-433-thread-1] INFO  server.RaftServerConfigKeys (ConfUtils.java:logGet(43)) - raft.server.log.segment.size.max = 1048576 (custom)
2019-10-14 10:43:55,591 [pool-433-thread-1] INFO  server.RaftServerConfigKeys (ConfUtils.java:logGet(43)) - raft.server.log.preallocated.size = 16384 (custom)
2019-10-14 10:43:55,591 [pool-433-thread-1] INFO  server.RaftServerConfigKeys (ConfUtils.java:logGet(43)) - raft.server.log.write.buffer.size = 33554432 (custom)
2019-10-14 10:43:55,591 [pool-433-thread-1] INFO  server.RaftServerConfigKeys (ConfUtils.java:logGet(43)) - raft.server.log.force.sync.num = 128 (default)
2019-10-14 10:43:55,591 [pool-433-thread-1] INFO  server.RaftServerConfigKeys (ConfUtils.java:logGet(43)) - raft.server.log.statemachine.data.sync = true (default)
2019-10-14 10:43:55,591 [pool-433-thread-1] INFO  server.RaftServerConfigKeys (ConfUtils.java:logGet(43)) - raft.server.log.statemachine.data.sync.timeout = 10s (default)
2019-10-14 10:43:55,591 [pool-433-thread-1] INFO  server.RaftServerConfigKeys (ConfUtils.java:logGet(43)) - raft.server.log.statemachine.data.sync.timeout.retry = -1 (default)
2019-10-14 10:43:55,591 [pool-433-thread-1] INFO  server.RaftServerConfigKeys (ConfUtils.java:logGet(43)) - raft.server.log.statemachine.data.caching.enabled = true (custom)
2019-10-14 10:43:55,592 [pool-433-thread-1] INFO  segmented.SegmentedRaftLogWorker (SegmentedRaftLogWorker.java:lambda$new$0(128)) - aaca5673-a858-47dd-bff0-53d8dcf719bd@group-6635A9101FA3-SegmentedRaftLogWorker: flushIndex: setUnconditionally 0 -> -1
2019-10-14 10:43:55,592 [pool-433-thread-1] INFO  server.RaftServerConfigKeys (ConfUtils.java:logGet(43)) - raft.server.snapshot.auto.trigger.enabled = true (custom)
2019-10-14 10:43:55,592 [pool-433-thread-1] INFO  server.RaftServerConfigKeys (ConfUtils.java:logGet(43)) - raft.server.snapshot.auto.trigger.threshold = 10000 (custom)
2019-10-14 10:43:55,592 [pool-433-thread-1] INFO  server.RaftServerConfigKeys (ConfUtils.java:logGet(43)) - raft.server.snapshot.retention.file.num = 5 (custom)
2019-10-14 10:43:55,592 [pool-433-thread-1] INFO  server.RaftServerConfigKeys (ConfUtils.java:logGet(43)) - raft.server.retrycache.expirytime = 600000ms (custom)
2019-10-14 10:43:55,593 [pool-433-thread-1] INFO  impl.RaftServerImpl (RaftServerImpl.java:start(181)) - aaca5673-a858-47dd-bff0-53d8dcf719bd@group-6635A9101FA3: start as a follower, conf=-1: [aaca5673-a858-47dd-bff0-53d8dcf719bd:192.168.151.118:34995], old=null
2019-10-14 10:43:55,594 [pool-433-thread-1] INFO  impl.RaftServerImpl (RaftServerImpl.java:setRole(170)) - aaca5673-a858-47dd-bff0-53d8dcf719bd@group-6635A9101FA3: changes role from      null to FOLLOWER at term 0 for startAsFollower
2019-10-14 10:43:55,594 [pool-433-thread-1] INFO  impl.RoleInfo (RoleInfo.java:updateAndGet(143)) - aaca5673-a858-47dd-bff0-53d8dcf719bd: start FollowerState
2019-10-14 10:43:55,594 [pool-433-thread-1] INFO  util.JmxRegister (JmxRegister.java:tryRegister(44)) - Successfully registered JMX Bean with object name Ratis:service=RaftServer,group=group-6635A9101FA3,id=aaca5673-a858-47dd-bff0-53d8dcf719bd
2019-10-14 10:43:55,601 [RatisPipelineUtilsThread] INFO  pipeline.PipelineStateManager (PipelineStateManager.java:addPipeline(56)) - Created pipeline Pipeline[ Id: 759d4f89-1000-4875-9773-6635a9101fa3, Nodes: aaca5673-a858-47dd-bff0-53d8dcf719bd{ip: 192.168.151.118, host: pr-hdds-2296-8rkbz-2376872687, networkLocation: /default-rack, certSerialId: null}, Type:RATIS, Factor:ONE, State:OPEN]
2019-10-14 10:43:55,628 [grpc-default-executor-8] INFO  impl.RaftServerProxy (RaftServerProxy.java:addNew(89)) - 05418579-ba8a-4912-9487-34133cf43f33: addNew group-B4D477886CDB:[05418579-ba8a-4912-9487-34133cf43f33:192.168.151.118:39531] returns group-B4D477886CDB:java.util.concurrent.CompletableFuture@5f0a1974[Not completed]
2019-10-14 10:43:55,629 [pool-443-thread-1] INFO  impl.RaftServerImpl (RaftServerImpl.java:<init>(95)) - 05418579-ba8a-4912-9487-34133cf43f33: new RaftServerImpl for group-B4D477886CDB:[05418579-ba8a-4912-9487-34133cf43f33:192.168.151.118:39531] with ContainerStateMachine:uninitialized
2019-10-14 10:43:55,629 [pool-443-thread-1] INFO  server.RaftServerConfigKeys (ConfUtils.java:logGet(43)) - raft.server.rpc.timeout.min = 5s (custom)
2019-10-14 10:43:55,630 [pool-443-thread-1] INFO  server.RaftServerConfigKeys (ConfUtils.java:logGet(43)) - raft.server.rpc.timeout.max = 5200ms (custom)
2019-10-14 10:43:55,630 [pool-443-thread-1] INFO  server.RaftServerConfigKeys (ConfUtils.java:logGet(43)) - raft.server.rpcslowness.timeout = 120s (custom)
2019-10-14 10:43:55,630 [pool-443-thread-1] INFO  server.RaftServerConfigKeys (ConfUtils.java:logGet(43)) - raft.server.sleep.deviation.threshold = 300 (default)
2019-10-14 10:43:55,630 [pool-443-thread-1] INFO  server.RaftServerConfigKeys (ConfUtils.java:logGet(43)) - raft.server.log.appender.install.snapshot.enabled = false (custom)
2019-10-14 10:43:55,631 [pool-443-thread-1] INFO  impl.RaftServerImpl (ServerState.java:<init>(103)) - 05418579-ba8a-4912-9487-34133cf43f33@group-B4D477886CDB: ConfigurationManager, init=-1: [05418579-ba8a-4912-9487-34133cf43f33:192.168.151.118:39531], old=null, confs=<EMPTY_MAP>
2019-10-14 10:43:55,631 [pool-443-thread-1] INFO  server.RaftServerConfigKeys (ConfUtils.java:logGet(43)) - raft.server.storage.dir = [/workdir/hadoop-ozone/integration-test/target/test-dir/MiniOzoneClusterImpl-f464983a-3651-474a-9555-13553797497e/datanode-6/data/ratis] (custom)
2019-10-14 10:43:55,631 [pool-443-thread-1] INFO  server.RaftServerConfigKeys (ConfUtils.java:logGet(43)) - raft.server.log.corruption.policy = EXCEPTION (default)
2019-10-14 10:43:55,632 [pool-443-thread-1] INFO  storage.RaftStorageDirectory (RaftStorageDirectory.java:analyzeStorage(246)) - The storage directory /workdir/hadoop-ozone/integration-test/target/test-dir/MiniOzoneClusterImpl-f464983a-3651-474a-9555-13553797497e/datanode-6/data/ratis/1001ce56-ec7d-4150-a965-b4d477886cdb does not exist. Creating ...
2019-10-14 10:43:55,639 [pool-443-thread-1] INFO  storage.RaftStorageDirectory (RaftStorageDirectory.java:tryLock(328)) - Lock on /workdir/hadoop-ozone/integration-test/target/test-dir/MiniOzoneClusterImpl-f464983a-3651-474a-9555-13553797497e/datanode-6/data/ratis/1001ce56-ec7d-4150-a965-b4d477886cdb/in_use.lock acquired by nodename 26737@pr-hdds-2296-8rkbz-2376872687
2019-10-14 10:43:55,657 [pool-443-thread-1] INFO  storage.RaftStorage (RaftStorage.java:format(84)) - Storage directory /workdir/hadoop-ozone/integration-test/target/test-dir/MiniOzoneClusterImpl-f464983a-3651-474a-9555-13553797497e/datanode-6/data/ratis/1001ce56-ec7d-4150-a965-b4d477886cdb has been successfully formatted.
2019-10-14 10:43:55,657 [pool-443-thread-1] INFO  ratis.ContainerStateMachine (ContainerStateMachine.java:loadSnapshot(231)) - group-B4D477886CDB: The snapshot info is null. Setting the last applied indexto:(t:0, i:~)
2019-10-14 10:43:55,657 [pool-443-thread-1] INFO  server.RaftServerConfigKeys (ConfUtils.java:logGet(43)) - raft.server.notification.no-leader.timeout = 120s (custom)
2019-10-14 10:43:55,657 [pool-443-thread-1] INFO  server.RaftServerConfigKeys (ConfUtils.java:logGet(43)) - raft.server.log.use.memory = false (default)
2019-10-14 10:43:55,658 [pool-443-thread-1] INFO  server.RaftServerConfigKeys (ConfUtils.java:logGet(43)) - raft.server.log.purge.gap = 1000000 (custom)
2019-10-14 10:43:55,658 [pool-443-thread-1] INFO  server.RaftServerConfigKeys (ConfUtils.java:logGet(43)) - raft.server.log.appender.buffer.byte-limit = 33554432 (custom)
2019-10-14 10:43:55,658 [pool-443-thread-1] INFO  server.RaftServerConfigKeys (ConfUtils.java:logGet(43)) - raft.server.log.segment.size.max = 1048576 (custom)
2019-10-14 10:43:55,659 [pool-443-thread-1] INFO  server.RaftServerConfigKeys (ConfUtils.java:logGet(43)) - raft.server.log.segment.cache.num.max = 2 (custom)
2019-10-14 10:43:55,660 [pool-443-thread-1] INFO  segmented.SegmentedRaftLogWorker (SegmentedRaftLogWorker.java:<init>(173)) - new 05418579-ba8a-4912-9487-34133cf43f33@group-B4D477886CDB-SegmentedRaftLogWorker for RaftStorage:Storage Directory /workdir/hadoop-ozone/integration-test/target/test-dir/MiniOzoneClusterImpl-f464983a-3651-474a-9555-13553797497e/datanode-6/data/ratis/1001ce56-ec7d-4150-a965-b4d477886cdb
2019-10-14 10:43:55,660 [pool-443-thread-1] INFO  server.RaftServerConfigKeys (ConfUtils.java:logGet(43)) - raft.server.log.queue.byte-limit = 2147483647 (custom)
2019-10-14 10:43:55,660 [pool-443-thread-1] INFO  server.RaftServerConfigKeys (ConfUtils.java:logGet(43)) - raft.server.log.queue.element-limit = 1024 (custom)
2019-10-14 10:43:55,660 [pool-443-thread-1] INFO  server.RaftServerConfigKeys (ConfUtils.java:logGet(43)) - raft.server.log.segment.size.max = 1048576 (custom)
2019-10-14 10:43:55,660 [pool-443-thread-1] INFO  server.RaftServerConfigKeys (ConfUtils.java:logGet(43)) - raft.server.log.preallocated.size = 16384 (custom)
2019-10-14 10:43:55,660 [pool-443-thread-1] INFO  server.RaftServerConfigKeys (ConfUtils.java:logGet(43)) - raft.server.log.write.buffer.size = 33554432 (custom)
2019-10-14 10:43:55,660 [pool-443-thread-1] INFO  server.RaftServerConfigKeys (ConfUtils.java:logGet(43)) - raft.server.log.force.sync.num = 128 (default)
2019-10-14 10:43:55,661 [pool-443-thread-1] INFO  server.RaftServerConfigKeys (ConfUtils.java:logGet(43)) - raft.server.log.statemachine.data.sync = true (default)
2019-10-14 10:43:55,661 [pool-443-thread-1] INFO  server.RaftServerConfigKeys (ConfUtils.java:logGet(43)) - raft.server.log.statemachine.data.sync.timeout = 10s (default)
2019-10-14 10:43:55,661 [pool-443-thread-1] INFO  server.RaftServerConfigKeys (ConfUtils.java:logGet(43)) - raft.server.log.statemachine.data.sync.timeout.retry = -1 (default)
2019-10-14 10:43:55,661 [pool-443-thread-1] INFO  server.RaftServerConfigKeys (ConfUtils.java:logGet(43)) - raft.server.log.statemachine.data.caching.enabled = true (custom)
2019-10-14 10:43:55,661 [pool-443-thread-1] INFO  segmented.SegmentedRaftLogWorker (SegmentedRaftLogWorker.java:lambda$new$0(128)) - 05418579-ba8a-4912-9487-34133cf43f33@group-B4D477886CDB-SegmentedRaftLogWorker: flushIndex: setUnconditionally 0 -> -1
2019-10-14 10:43:55,662 [pool-443-thread-1] INFO  server.RaftServerConfigKeys (ConfUtils.java:logGet(43)) - raft.server.snapshot.auto.trigger.enabled = true (custom)
2019-10-14 10:43:55,662 [pool-443-thread-1] INFO  server.RaftServerConfigKeys (ConfUtils.java:logGet(43)) - raft.server.snapshot.auto.trigger.threshold = 10000 (custom)
2019-10-14 10:43:55,662 [pool-443-thread-1] INFO  server.RaftServerConfigKeys (ConfUtils.java:logGet(43)) - raft.server.snapshot.retention.file.num = 5 (custom)
2019-10-14 10:43:55,662 [pool-443-thread-1] INFO  server.RaftServerConfigKeys (ConfUtils.java:logGet(43)) - raft.server.retrycache.expirytime = 600000ms (custom)
2019-10-14 10:43:55,663 [pool-443-thread-1] INFO  impl.RaftServerImpl (RaftServerImpl.java:start(181)) - 05418579-ba8a-4912-9487-34133cf43f33@group-B4D477886CDB: start as a follower, conf=-1: [05418579-ba8a-4912-9487-34133cf43f33:192.168.151.118:39531], old=null
2019-10-14 10:43:55,664 [pool-443-thread-1] INFO  impl.RaftServerImpl (RaftServerImpl.java:setRole(170)) - 05418579-ba8a-4912-9487-34133cf43f33@group-B4D477886CDB: changes role from      null to FOLLOWER at term 0 for startAsFollower
2019-10-14 10:43:55,664 [pool-443-thread-1] INFO  impl.RoleInfo (RoleInfo.java:updateAndGet(143)) - 05418579-ba8a-4912-9487-34133cf43f33: start FollowerState
2019-10-14 10:43:55,664 [pool-443-thread-1] INFO  util.JmxRegister (JmxRegister.java:tryRegister(44)) - Successfully registered JMX Bean with object name Ratis:service=RaftServer,group=group-B4D477886CDB,id=05418579-ba8a-4912-9487-34133cf43f33
2019-10-14 10:43:55,671 [RatisPipelineUtilsThread] INFO  pipeline.PipelineStateManager (PipelineStateManager.java:addPipeline(56)) - Created pipeline Pipeline[ Id: 1001ce56-ec7d-4150-a965-b4d477886cdb, Nodes: 05418579-ba8a-4912-9487-34133cf43f33{ip: 192.168.151.118, host: pr-hdds-2296-8rkbz-2376872687, networkLocation: /default-rack, certSerialId: null}, Type:RATIS, Factor:ONE, State:OPEN]
2019-10-14 10:43:55,684 [grpc-default-executor-8] INFO  impl.RaftServerProxy (RaftServerProxy.java:addNew(89)) - adb76359-5de2-49c4-8afc-8012c71945c0: addNew group-C8E4E35B289E:[adb76359-5de2-49c4-8afc-8012c71945c0:192.168.151.118:32918] returns group-C8E4E35B289E:java.util.concurrent.CompletableFuture@3daae087[Not completed]
2019-10-14 10:43:55,686 [pool-393-thread-1] INFO  impl.RaftServerImpl (RaftServerImpl.java:<init>(95)) - adb76359-5de2-49c4-8afc-8012c71945c0: new RaftServerImpl for group-C8E4E35B289E:[adb76359-5de2-49c4-8afc-8012c71945c0:192.168.151.118:32918] with ContainerStateMachine:uninitialized
2019-10-14 10:43:55,686 [pool-393-thread-1] INFO  server.RaftServerConfigKeys (ConfUtils.java:logGet(43)) - raft.server.rpc.timeout.min = 5s (custom)
2019-10-14 10:43:55,686 [pool-393-thread-1] INFO  server.RaftServerConfigKeys (ConfUtils.java:logGet(43)) - raft.server.rpc.timeout.max = 5200ms (custom)
2019-10-14 10:43:55,686 [pool-393-thread-1] INFO  server.RaftServerConfigKeys (ConfUtils.java:logGet(43)) - raft.server.rpcslowness.timeout = 120s (custom)
2019-10-14 10:43:55,686 [pool-393-thread-1] INFO  server.RaftServerConfigKeys (ConfUtils.java:logGet(43)) - raft.server.sleep.deviation.threshold = 300 (default)
2019-10-14 10:43:55,687 [pool-393-thread-1] INFO  server.RaftServerConfigKeys (ConfUtils.java:logGet(43)) - raft.server.log.appender.install.snapshot.enabled = false (custom)
2019-10-14 10:43:55,687 [pool-393-thread-1] INFO  impl.RaftServerImpl (ServerState.java:<init>(103)) - adb76359-5de2-49c4-8afc-8012c71945c0@group-C8E4E35B289E: ConfigurationManager, init=-1: [adb76359-5de2-49c4-8afc-8012c71945c0:192.168.151.118:32918], old=null, confs=<EMPTY_MAP>
2019-10-14 10:43:55,687 [pool-393-thread-1] INFO  server.RaftServerConfigKeys (ConfUtils.java:logGet(43)) - raft.server.storage.dir = [/workdir/hadoop-ozone/integration-test/target/test-dir/MiniOzoneClusterImpl-f464983a-3651-474a-9555-13553797497e/datanode-1/data/ratis] (custom)
2019-10-14 10:43:55,687 [pool-393-thread-1] INFO  server.RaftServerConfigKeys (ConfUtils.java:logGet(43)) - raft.server.log.corruption.policy = EXCEPTION (default)
2019-10-14 10:43:55,688 [pool-393-thread-1] INFO  storage.RaftStorageDirectory (RaftStorageDirectory.java:analyzeStorage(246)) - The storage directory /workdir/hadoop-ozone/integration-test/target/test-dir/MiniOzoneClusterImpl-f464983a-3651-474a-9555-13553797497e/datanode-1/data/ratis/26bb1ed6-b155-46e4-a45e-c8e4e35b289e does not exist. Creating ...
2019-10-14 10:43:55,702 [pool-393-thread-1] INFO  storage.RaftStorageDirectory (RaftStorageDirectory.java:tryLock(328)) - Lock on /workdir/hadoop-ozone/integration-test/target/test-dir/MiniOzoneClusterImpl-f464983a-3651-474a-9555-13553797497e/datanode-1/data/ratis/26bb1ed6-b155-46e4-a45e-c8e4e35b289e/in_use.lock acquired by nodename 26737@pr-hdds-2296-8rkbz-2376872687
2019-10-14 10:43:55,711 [pool-393-thread-1] INFO  storage.RaftStorage (RaftStorage.java:format(84)) - Storage directory /workdir/hadoop-ozone/integration-test/target/test-dir/MiniOzoneClusterImpl-f464983a-3651-474a-9555-13553797497e/datanode-1/data/ratis/26bb1ed6-b155-46e4-a45e-c8e4e35b289e has been successfully formatted.
2019-10-14 10:43:55,711 [pool-393-thread-1] INFO  ratis.ContainerStateMachine (ContainerStateMachine.java:loadSnapshot(231)) - group-C8E4E35B289E: The snapshot info is null. Setting the last applied indexto:(t:0, i:~)
2019-10-14 10:43:55,711 [pool-393-thread-1] INFO  server.RaftServerConfigKeys (ConfUtils.java:logGet(43)) - raft.server.notification.no-leader.timeout = 120s (custom)
2019-10-14 10:43:55,711 [pool-393-thread-1] INFO  server.RaftServerConfigKeys (ConfUtils.java:logGet(43)) - raft.server.log.use.memory = false (default)
2019-10-14 10:43:55,711 [pool-393-thread-1] INFO  server.RaftServerConfigKeys (ConfUtils.java:logGet(43)) - raft.server.log.purge.gap = 1000000 (custom)
2019-10-14 10:43:55,712 [pool-393-thread-1] INFO  server.RaftServerConfigKeys (ConfUtils.java:logGet(43)) - raft.server.log.appender.buffer.byte-limit = 33554432 (custom)
2019-10-14 10:43:55,712 [pool-393-thread-1] INFO  server.RaftServerConfigKeys (ConfUtils.java:logGet(43)) - raft.server.log.segment.size.max = 1048576 (custom)
2019-10-14 10:43:55,714 [grpc-default-executor-1] WARN  server.GrpcLogAppender (LogUtils.java:warn(134)) - 50bac784-5677-491f-b59b-4a4a2fee8033@group-CEA59BAEECCE->ab25a5f2-cb66-481d-9ac1-849da04a80bc-AppendLogResponseHandler: Failed appendEntries: org.apache.ratis.thirdparty.io.grpc.StatusRuntimeException: UNAVAILABLE: io exception
2019-10-14 10:43:55,714 [pool-393-thread-1] INFO  server.RaftServerConfigKeys (ConfUtils.java:logGet(43)) - raft.server.log.segment.cache.num.max = 2 (custom)
2019-10-14 10:43:55,714 [grpc-default-executor-1] INFO  impl.FollowerInfo (FollowerInfo.java:lambda$new$0(51)) - 50bac784-5677-491f-b59b-4a4a2fee8033@group-CEA59BAEECCE->ab25a5f2-cb66-481d-9ac1-849da04a80bc: nextIndex: updateUnconditionally 0 -> 0
2019-10-14 10:43:55,714 [pool-393-thread-1] INFO  segmented.SegmentedRaftLogWorker (SegmentedRaftLogWorker.java:<init>(173)) - new adb76359-5de2-49c4-8afc-8012c71945c0@group-C8E4E35B289E-SegmentedRaftLogWorker for RaftStorage:Storage Directory /workdir/hadoop-ozone/integration-test/target/test-dir/MiniOzoneClusterImpl-f464983a-3651-474a-9555-13553797497e/datanode-1/data/ratis/26bb1ed6-b155-46e4-a45e-c8e4e35b289e
2019-10-14 10:43:55,714 [pool-393-thread-1] INFO  server.RaftServerConfigKeys (ConfUtils.java:logGet(43)) - raft.server.log.queue.byte-limit = 2147483647 (custom)
2019-10-14 10:43:55,714 [pool-393-thread-1] INFO  server.RaftServerConfigKeys (ConfUtils.java:logGet(43)) - raft.server.log.queue.element-limit = 1024 (custom)
2019-10-14 10:43:55,715 [pool-393-thread-1] INFO  server.RaftServerConfigKeys (ConfUtils.java:logGet(43)) - raft.server.log.segment.size.max = 1048576 (custom)
2019-10-14 10:43:55,715 [pool-393-thread-1] INFO  server.RaftServerConfigKeys (ConfUtils.java:logGet(43)) - raft.server.log.preallocated.size = 16384 (custom)
2019-10-14 10:43:55,715 [pool-393-thread-1] INFO  server.RaftServerConfigKeys (ConfUtils.java:logGet(43)) - raft.server.log.write.buffer.size = 33554432 (custom)
2019-10-14 10:43:55,715 [pool-393-thread-1] INFO  server.RaftServerConfigKeys (ConfUtils.java:logGet(43)) - raft.server.log.force.sync.num = 128 (default)
2019-10-14 10:43:55,715 [pool-393-thread-1] INFO  server.RaftServerConfigKeys (ConfUtils.java:logGet(43)) - raft.server.log.statemachine.data.sync = true (default)
2019-10-14 10:43:55,715 [pool-393-thread-1] INFO  server.RaftServerConfigKeys (ConfUtils.java:logGet(43)) - raft.server.log.statemachine.data.sync.timeout = 10s (default)
2019-10-14 10:43:55,715 [pool-393-thread-1] INFO  server.RaftServerConfigKeys (ConfUtils.java:logGet(43)) - raft.server.log.statemachine.data.sync.timeout.retry = -1 (default)
2019-10-14 10:43:55,716 [pool-393-thread-1] INFO  server.RaftServerConfigKeys (ConfUtils.java:logGet(43)) - raft.server.log.statemachine.data.caching.enabled = true (custom)
2019-10-14 10:43:55,716 [pool-393-thread-1] INFO  segmented.SegmentedRaftLogWorker (SegmentedRaftLogWorker.java:lambda$new$0(128)) - adb76359-5de2-49c4-8afc-8012c71945c0@group-C8E4E35B289E-SegmentedRaftLogWorker: flushIndex: setUnconditionally 0 -> -1
2019-10-14 10:43:55,716 [pool-393-thread-1] INFO  server.RaftServerConfigKeys (ConfUtils.java:logGet(43)) - raft.server.snapshot.auto.trigger.enabled = true (custom)
2019-10-14 10:43:55,716 [pool-393-thread-1] INFO  server.RaftServerConfigKeys (ConfUtils.java:logGet(43)) - raft.server.snapshot.auto.trigger.threshold = 10000 (custom)
2019-10-14 10:43:55,716 [pool-393-thread-1] INFO  server.RaftServerConfigKeys (ConfUtils.java:logGet(43)) - raft.server.snapshot.retention.file.num = 5 (custom)
2019-10-14 10:43:55,716 [pool-393-thread-1] INFO  server.RaftServerConfigKeys (ConfUtils.java:logGet(43)) - raft.server.retrycache.expirytime = 600000ms (custom)
2019-10-14 10:43:55,718 [pool-393-thread-1] INFO  impl.RaftServerImpl (RaftServerImpl.java:start(181)) - adb76359-5de2-49c4-8afc-8012c71945c0@group-C8E4E35B289E: start as a follower, conf=-1: [adb76359-5de2-49c4-8afc-8012c71945c0:192.168.151.118:32918], old=null
2019-10-14 10:43:55,718 [pool-393-thread-1] INFO  impl.RaftServerImpl (RaftServerImpl.java:setRole(170)) - adb76359-5de2-49c4-8afc-8012c71945c0@group-C8E4E35B289E: changes role from      null to FOLLOWER at term 0 for startAsFollower
2019-10-14 10:43:55,718 [pool-393-thread-1] INFO  impl.RoleInfo (RoleInfo.java:updateAndGet(143)) - adb76359-5de2-49c4-8afc-8012c71945c0: start FollowerState
2019-10-14 10:43:55,718 [pool-393-thread-1] INFO  util.JmxRegister (JmxRegister.java:tryRegister(44)) - Successfully registered JMX Bean with object name Ratis:service=RaftServer,group=group-C8E4E35B289E,id=adb76359-5de2-49c4-8afc-8012c71945c0
2019-10-14 10:43:55,726 [RatisPipelineUtilsThread] INFO  pipeline.PipelineStateManager (PipelineStateManager.java:addPipeline(56)) - Created pipeline Pipeline[ Id: 26bb1ed6-b155-46e4-a45e-c8e4e35b289e, Nodes: adb76359-5de2-49c4-8afc-8012c71945c0{ip: 192.168.151.118, host: pr-hdds-2296-8rkbz-2376872687, networkLocation: /default-rack, certSerialId: null}, Type:RATIS, Factor:ONE, State:OPEN]
2019-10-14 10:43:55,747 [grpc-default-executor-3] WARN  server.GrpcLogAppender (LogUtils.java:warn(134)) - 50bac784-5677-491f-b59b-4a4a2fee8033@group-CEA59BAEECCE->faa5a069-6aa5-438b-8b42-f24c62b85906-AppendLogResponseHandler: Failed appendEntries: org.apache.ratis.thirdparty.io.grpc.StatusRuntimeException: UNAVAILABLE: io exception
2019-10-14 10:43:55,748 [grpc-default-executor-3] INFO  impl.FollowerInfo (FollowerInfo.java:lambda$new$0(51)) - 50bac784-5677-491f-b59b-4a4a2fee8033@group-CEA59BAEECCE->faa5a069-6aa5-438b-8b42-f24c62b85906: nextIndex: updateUnconditionally 0 -> 0
2019-10-14 10:43:55,762 [grpc-default-executor-3] INFO  impl.RaftServerProxy (RaftServerProxy.java:addNew(89)) - 61c3fb4b-4bb4-403a-91fd-ac929bb12f3e: addNew group-2FD4925BA0EA:[d1728222-debe-4fc7-871e-837563ecbabc:192.168.151.118:38001, 05418579-ba8a-4912-9487-34133cf43f33:192.168.151.118:39531, 61c3fb4b-4bb4-403a-91fd-ac929bb12f3e:192.168.151.118:45157] returns group-2FD4925BA0EA:java.util.concurrent.CompletableFuture@4460efcd[Not completed]
2019-10-14 10:43:55,763 [grpc-default-executor-9] INFO  impl.RaftServerProxy (RaftServerProxy.java:addNew(89)) - 05418579-ba8a-4912-9487-34133cf43f33: addNew group-2FD4925BA0EA:[d1728222-debe-4fc7-871e-837563ecbabc:192.168.151.118:38001, 05418579-ba8a-4912-9487-34133cf43f33:192.168.151.118:39531, 61c3fb4b-4bb4-403a-91fd-ac929bb12f3e:192.168.151.118:45157] returns group-2FD4925BA0EA:java.util.concurrent.CompletableFuture@31305503[Not completed]
2019-10-14 10:43:55,767 [grpc-default-executor-9] INFO  impl.RaftServerProxy (RaftServerProxy.java:addNew(89)) - d1728222-debe-4fc7-871e-837563ecbabc: addNew group-2FD4925BA0EA:[d1728222-debe-4fc7-871e-837563ecbabc:192.168.151.118:38001, 05418579-ba8a-4912-9487-34133cf43f33:192.168.151.118:39531, 61c3fb4b-4bb4-403a-91fd-ac929bb12f3e:192.168.151.118:45157] returns group-2FD4925BA0EA:java.util.concurrent.CompletableFuture@105e9610[Not completed]
2019-10-14 10:43:55,767 [pool-403-thread-1] INFO  impl.RaftServerImpl (RaftServerImpl.java:<init>(95)) - 61c3fb4b-4bb4-403a-91fd-ac929bb12f3e: new RaftServerImpl for group-2FD4925BA0EA:[d1728222-debe-4fc7-871e-837563ecbabc:192.168.151.118:38001, 05418579-ba8a-4912-9487-34133cf43f33:192.168.151.118:39531, 61c3fb4b-4bb4-403a-91fd-ac929bb12f3e:192.168.151.118:45157] with ContainerStateMachine:uninitialized
2019-10-14 10:43:55,767 [pool-403-thread-1] INFO  server.RaftServerConfigKeys (ConfUtils.java:logGet(43)) - raft.server.rpc.timeout.min = 5s (custom)
2019-10-14 10:43:55,768 [pool-403-thread-1] INFO  server.RaftServerConfigKeys (ConfUtils.java:logGet(43)) - raft.server.rpc.timeout.max = 5200ms (custom)
2019-10-14 10:43:55,768 [pool-403-thread-1] INFO  server.RaftServerConfigKeys (ConfUtils.java:logGet(43)) - raft.server.rpcslowness.timeout = 120s (custom)
2019-10-14 10:43:55,768 [pool-403-thread-1] INFO  server.RaftServerConfigKeys (ConfUtils.java:logGet(43)) - raft.server.sleep.deviation.threshold = 300 (default)
2019-10-14 10:43:55,768 [pool-403-thread-1] INFO  server.RaftServerConfigKeys (ConfUtils.java:logGet(43)) - raft.server.log.appender.install.snapshot.enabled = false (custom)
2019-10-14 10:43:55,768 [pool-413-thread-1] INFO  impl.RaftServerImpl (RaftServerImpl.java:<init>(95)) - d1728222-debe-4fc7-871e-837563ecbabc: new RaftServerImpl for group-2FD4925BA0EA:[d1728222-debe-4fc7-871e-837563ecbabc:192.168.151.118:38001, 05418579-ba8a-4912-9487-34133cf43f33:192.168.151.118:39531, 61c3fb4b-4bb4-403a-91fd-ac929bb12f3e:192.168.151.118:45157] with ContainerStateMachine:uninitialized
2019-10-14 10:43:55,768 [pool-403-thread-1] INFO  impl.RaftServerImpl (ServerState.java:<init>(103)) - 61c3fb4b-4bb4-403a-91fd-ac929bb12f3e@group-2FD4925BA0EA: ConfigurationManager, init=-1: [d1728222-debe-4fc7-871e-837563ecbabc:192.168.151.118:38001, 05418579-ba8a-4912-9487-34133cf43f33:192.168.151.118:39531, 61c3fb4b-4bb4-403a-91fd-ac929bb12f3e:192.168.151.118:45157], old=null, confs=<EMPTY_MAP>
2019-10-14 10:43:55,768 [pool-443-thread-1] INFO  impl.RaftServerImpl (RaftServerImpl.java:<init>(95)) - 05418579-ba8a-4912-9487-34133cf43f33: new RaftServerImpl for group-2FD4925BA0EA:[d1728222-debe-4fc7-871e-837563ecbabc:192.168.151.118:38001, 05418579-ba8a-4912-9487-34133cf43f33:192.168.151.118:39531, 61c3fb4b-4bb4-403a-91fd-ac929bb12f3e:192.168.151.118:45157] with ContainerStateMachine:uninitialized
2019-10-14 10:43:55,768 [pool-403-thread-1] INFO  server.RaftServerConfigKeys (ConfUtils.java:logGet(43)) - raft.server.storage.dir = [/workdir/hadoop-ozone/integration-test/target/test-dir/MiniOzoneClusterImpl-f464983a-3651-474a-9555-13553797497e/datanode-2/data/ratis] (custom)
2019-10-14 10:43:55,768 [pool-413-thread-1] INFO  server.RaftServerConfigKeys (ConfUtils.java:logGet(43)) - raft.server.rpc.timeout.min = 5s (custom)
2019-10-14 10:43:55,768 [pool-443-thread-1] INFO  server.RaftServerConfigKeys (ConfUtils.java:logGet(43)) - raft.server.rpc.timeout.min = 5s (custom)
2019-10-14 10:43:55,769 [pool-413-thread-1] INFO  server.RaftServerConfigKeys (ConfUtils.java:logGet(43)) - raft.server.rpc.timeout.max = 5200ms (custom)
2019-10-14 10:43:55,769 [pool-403-thread-1] INFO  server.RaftServerConfigKeys (ConfUtils.java:logGet(43)) - raft.server.log.corruption.policy = EXCEPTION (default)
2019-10-14 10:43:55,769 [pool-413-thread-1] INFO  server.RaftServerConfigKeys (ConfUtils.java:logGet(43)) - raft.server.rpcslowness.timeout = 120s (custom)
2019-10-14 10:43:55,769 [pool-443-thread-1] INFO  server.RaftServerConfigKeys (ConfUtils.java:logGet(43)) - raft.server.rpc.timeout.max = 5200ms (custom)
2019-10-14 10:43:55,769 [pool-413-thread-1] INFO  server.RaftServerConfigKeys (ConfUtils.java:logGet(43)) - raft.server.sleep.deviation.threshold = 300 (default)
2019-10-14 10:43:55,769 [pool-403-thread-1] INFO  storage.RaftStorageDirectory (RaftStorageDirectory.java:analyzeStorage(246)) - The storage directory /workdir/hadoop-ozone/integration-test/target/test-dir/MiniOzoneClusterImpl-f464983a-3651-474a-9555-13553797497e/datanode-2/data/ratis/aca98fb9-d4f1-4f1a-a5f0-2fd4925ba0ea does not exist. Creating ...
2019-10-14 10:43:55,769 [pool-413-thread-1] INFO  server.RaftServerConfigKeys (ConfUtils.java:logGet(43)) - raft.server.log.appender.install.snapshot.enabled = false (custom)
2019-10-14 10:43:55,769 [pool-443-thread-1] INFO  server.RaftServerConfigKeys (ConfUtils.java:logGet(43)) - raft.server.rpcslowness.timeout = 120s (custom)
2019-10-14 10:43:55,770 [pool-413-thread-1] INFO  impl.RaftServerImpl (ServerState.java:<init>(103)) - d1728222-debe-4fc7-871e-837563ecbabc@group-2FD4925BA0EA: ConfigurationManager, init=-1: [d1728222-debe-4fc7-871e-837563ecbabc:192.168.151.118:38001, 05418579-ba8a-4912-9487-34133cf43f33:192.168.151.118:39531, 61c3fb4b-4bb4-403a-91fd-ac929bb12f3e:192.168.151.118:45157], old=null, confs=<EMPTY_MAP>
2019-10-14 10:43:55,770 [pool-443-thread-1] INFO  server.RaftServerConfigKeys (ConfUtils.java:logGet(43)) - raft.server.sleep.deviation.threshold = 300 (default)
2019-10-14 10:43:55,770 [pool-413-thread-1] INFO  server.RaftServerConfigKeys (ConfUtils.java:logGet(43)) - raft.server.storage.dir = [/workdir/hadoop-ozone/integration-test/target/test-dir/MiniOzoneClusterImpl-f464983a-3651-474a-9555-13553797497e/datanode-3/data/ratis] (custom)
2019-10-14 10:43:55,770 [pool-443-thread-1] INFO  server.RaftServerConfigKeys (ConfUtils.java:logGet(43)) - raft.server.log.appender.install.snapshot.enabled = false (custom)
2019-10-14 10:43:55,770 [pool-443-thread-1] INFO  impl.RaftServerImpl (ServerState.java:<init>(103)) - 05418579-ba8a-4912-9487-34133cf43f33@group-2FD4925BA0EA: ConfigurationManager, init=-1: [d1728222-debe-4fc7-871e-837563ecbabc:192.168.151.118:38001, 05418579-ba8a-4912-9487-34133cf43f33:192.168.151.118:39531, 61c3fb4b-4bb4-403a-91fd-ac929bb12f3e:192.168.151.118:45157], old=null, confs=<EMPTY_MAP>
2019-10-14 10:43:55,770 [pool-413-thread-1] INFO  server.RaftServerConfigKeys (ConfUtils.java:logGet(43)) - raft.server.log.corruption.policy = EXCEPTION (default)
2019-10-14 10:43:55,770 [pool-443-thread-1] INFO  server.RaftServerConfigKeys (ConfUtils.java:logGet(43)) - raft.server.storage.dir = [/workdir/hadoop-ozone/integration-test/target/test-dir/MiniOzoneClusterImpl-f464983a-3651-474a-9555-13553797497e/datanode-6/data/ratis] (custom)
2019-10-14 10:43:55,770 [pool-413-thread-1] INFO  storage.RaftStorageDirectory (RaftStorageDirectory.java:analyzeStorage(246)) - The storage directory /workdir/hadoop-ozone/integration-test/target/test-dir/MiniOzoneClusterImpl-f464983a-3651-474a-9555-13553797497e/datanode-3/data/ratis/aca98fb9-d4f1-4f1a-a5f0-2fd4925ba0ea does not exist. Creating ...
2019-10-14 10:43:55,770 [pool-443-thread-1] INFO  server.RaftServerConfigKeys (ConfUtils.java:logGet(43)) - raft.server.log.corruption.policy = EXCEPTION (default)
2019-10-14 10:43:55,771 [pool-443-thread-1] INFO  storage.RaftStorageDirectory (RaftStorageDirectory.java:analyzeStorage(246)) - The storage directory /workdir/hadoop-ozone/integration-test/target/test-dir/MiniOzoneClusterImpl-f464983a-3651-474a-9555-13553797497e/datanode-6/data/ratis/aca98fb9-d4f1-4f1a-a5f0-2fd4925ba0ea does not exist. Creating ...
2019-10-14 10:43:55,781 [pool-403-thread-1] INFO  storage.RaftStorageDirectory (RaftStorageDirectory.java:tryLock(328)) - Lock on /workdir/hadoop-ozone/integration-test/target/test-dir/MiniOzoneClusterImpl-f464983a-3651-474a-9555-13553797497e/datanode-2/data/ratis/aca98fb9-d4f1-4f1a-a5f0-2fd4925ba0ea/in_use.lock acquired by nodename 26737@pr-hdds-2296-8rkbz-2376872687
2019-10-14 10:43:55,781 [pool-443-thread-1] INFO  storage.RaftStorageDirectory (RaftStorageDirectory.java:tryLock(328)) - Lock on /workdir/hadoop-ozone/integration-test/target/test-dir/MiniOzoneClusterImpl-f464983a-3651-474a-9555-13553797497e/datanode-6/data/ratis/aca98fb9-d4f1-4f1a-a5f0-2fd4925ba0ea/in_use.lock acquired by nodename 26737@pr-hdds-2296-8rkbz-2376872687
2019-10-14 10:43:55,781 [pool-413-thread-1] INFO  storage.RaftStorageDirectory (RaftStorageDirectory.java:tryLock(328)) - Lock on /workdir/hadoop-ozone/integration-test/target/test-dir/MiniOzoneClusterImpl-f464983a-3651-474a-9555-13553797497e/datanode-3/data/ratis/aca98fb9-d4f1-4f1a-a5f0-2fd4925ba0ea/in_use.lock acquired by nodename 26737@pr-hdds-2296-8rkbz-2376872687
2019-10-14 10:43:55,794 [pool-403-thread-1] INFO  storage.RaftStorage (RaftStorage.java:format(84)) - Storage directory /workdir/hadoop-ozone/integration-test/target/test-dir/MiniOzoneClusterImpl-f464983a-3651-474a-9555-13553797497e/datanode-2/data/ratis/aca98fb9-d4f1-4f1a-a5f0-2fd4925ba0ea has been successfully formatted.
2019-10-14 10:43:55,794 [pool-443-thread-1] INFO  storage.RaftStorage (RaftStorage.java:format(84)) - Storage directory /workdir/hadoop-ozone/integration-test/target/test-dir/MiniOzoneClusterImpl-f464983a-3651-474a-9555-13553797497e/datanode-6/data/ratis/aca98fb9-d4f1-4f1a-a5f0-2fd4925ba0ea has been successfully formatted.
2019-10-14 10:43:55,794 [pool-413-thread-1] INFO  storage.RaftStorage (RaftStorage.java:format(84)) - Storage directory /workdir/hadoop-ozone/integration-test/target/test-dir/MiniOzoneClusterImpl-f464983a-3651-474a-9555-13553797497e/datanode-3/data/ratis/aca98fb9-d4f1-4f1a-a5f0-2fd4925ba0ea has been successfully formatted.
2019-10-14 10:43:55,794 [pool-403-thread-1] INFO  ratis.ContainerStateMachine (ContainerStateMachine.java:loadSnapshot(231)) - group-2FD4925BA0EA: The snapshot info is null. Setting the last applied indexto:(t:0, i:~)
2019-10-14 10:43:55,795 [pool-413-thread-1] INFO  ratis.ContainerStateMachine (ContainerStateMachine.java:loadSnapshot(231)) - group-2FD4925BA0EA: The snapshot info is null. Setting the last applied indexto:(t:0, i:~)
2019-10-14 10:43:55,794 [pool-443-thread-1] INFO  ratis.ContainerStateMachine (ContainerStateMachine.java:loadSnapshot(231)) - group-2FD4925BA0EA: The snapshot info is null. Setting the last applied indexto:(t:0, i:~)
2019-10-14 10:43:55,795 [pool-413-thread-1] INFO  server.RaftServerConfigKeys (ConfUtils.java:logGet(43)) - raft.server.notification.no-leader.timeout = 120s (custom)
2019-10-14 10:43:55,795 [pool-403-thread-1] INFO  server.RaftServerConfigKeys (ConfUtils.java:logGet(43)) - raft.server.notification.no-leader.timeout = 120s (custom)
2019-10-14 10:43:55,795 [pool-413-thread-1] INFO  server.RaftServerConfigKeys (ConfUtils.java:logGet(43)) - raft.server.log.use.memory = false (default)
2019-10-14 10:43:55,795 [pool-443-thread-1] INFO  server.RaftServerConfigKeys (ConfUtils.java:logGet(43)) - raft.server.notification.no-leader.timeout = 120s (custom)
2019-10-14 10:43:55,795 [pool-413-thread-1] INFO  server.RaftServerConfigKeys (ConfUtils.java:logGet(43)) - raft.server.log.purge.gap = 1000000 (custom)
2019-10-14 10:43:55,795 [pool-403-thread-1] INFO  server.RaftServerConfigKeys (ConfUtils.java:logGet(43)) - raft.server.log.use.memory = false (default)
2019-10-14 10:43:55,795 [pool-413-thread-1] INFO  server.RaftServerConfigKeys (ConfUtils.java:logGet(43)) - raft.server.log.appender.buffer.byte-limit = 33554432 (custom)
2019-10-14 10:43:55,795 [pool-443-thread-1] INFO  server.RaftServerConfigKeys (ConfUtils.java:logGet(43)) - raft.server.log.use.memory = false (default)
2019-10-14 10:43:55,796 [pool-413-thread-1] INFO  server.RaftServerConfigKeys (ConfUtils.java:logGet(43)) - raft.server.log.segment.size.max = 1048576 (custom)
2019-10-14 10:43:55,795 [pool-403-thread-1] INFO  server.RaftServerConfigKeys (ConfUtils.java:logGet(43)) - raft.server.log.purge.gap = 1000000 (custom)
2019-10-14 10:43:55,796 [pool-413-thread-1] INFO  server.RaftServerConfigKeys (ConfUtils.java:logGet(43)) - raft.server.log.segment.cache.num.max = 2 (custom)
2019-10-14 10:43:55,796 [pool-443-thread-1] INFO  server.RaftServerConfigKeys (ConfUtils.java:logGet(43)) - raft.server.log.purge.gap = 1000000 (custom)
2019-10-14 10:43:55,796 [pool-413-thread-1] INFO  segmented.SegmentedRaftLogWorker (SegmentedRaftLogWorker.java:<init>(173)) - new d1728222-debe-4fc7-871e-837563ecbabc@group-2FD4925BA0EA-SegmentedRaftLogWorker for RaftStorage:Storage Directory /workdir/hadoop-ozone/integration-test/target/test-dir/MiniOzoneClusterImpl-f464983a-3651-474a-9555-13553797497e/datanode-3/data/ratis/aca98fb9-d4f1-4f1a-a5f0-2fd4925ba0ea
2019-10-14 10:43:55,796 [pool-403-thread-1] INFO  server.RaftServerConfigKeys (ConfUtils.java:logGet(43)) - raft.server.log.appender.buffer.byte-limit = 33554432 (custom)
2019-10-14 10:43:55,796 [pool-413-thread-1] INFO  server.RaftServerConfigKeys (ConfUtils.java:logGet(43)) - raft.server.log.queue.byte-limit = 2147483647 (custom)
2019-10-14 10:43:55,796 [pool-413-thread-1] INFO  server.RaftServerConfigKeys (ConfUtils.java:logGet(43)) - raft.server.log.queue.element-limit = 1024 (custom)
2019-10-14 10:43:55,796 [pool-443-thread-1] INFO  server.RaftServerConfigKeys (ConfUtils.java:logGet(43)) - raft.server.log.appender.buffer.byte-limit = 33554432 (custom)
2019-10-14 10:43:55,797 [pool-413-thread-1] INFO  server.RaftServerConfigKeys (ConfUtils.java:logGet(43)) - raft.server.log.segment.size.max = 1048576 (custom)
2019-10-14 10:43:55,796 [pool-403-thread-1] INFO  server.RaftServerConfigKeys (ConfUtils.java:logGet(43)) - raft.server.log.segment.size.max = 1048576 (custom)
2019-10-14 10:43:55,797 [pool-413-thread-1] INFO  server.RaftServerConfigKeys (ConfUtils.java:logGet(43)) - raft.server.log.preallocated.size = 16384 (custom)
2019-10-14 10:43:55,797 [pool-443-thread-1] INFO  server.RaftServerConfigKeys (ConfUtils.java:logGet(43)) - raft.server.log.segment.size.max = 1048576 (custom)
2019-10-14 10:43:55,797 [pool-413-thread-1] INFO  server.RaftServerConfigKeys (ConfUtils.java:logGet(43)) - raft.server.log.write.buffer.size = 33554432 (custom)
2019-10-14 10:43:55,797 [pool-403-thread-1] INFO  server.RaftServerConfigKeys (ConfUtils.java:logGet(43)) - raft.server.log.segment.cache.num.max = 2 (custom)
2019-10-14 10:43:55,797 [pool-413-thread-1] INFO  server.RaftServerConfigKeys (ConfUtils.java:logGet(43)) - raft.server.log.force.sync.num = 128 (default)
2019-10-14 10:43:55,797 [pool-443-thread-1] INFO  server.RaftServerConfigKeys (ConfUtils.java:logGet(43)) - raft.server.log.segment.cache.num.max = 2 (custom)
2019-10-14 10:43:55,798 [pool-413-thread-1] INFO  server.RaftServerConfigKeys (ConfUtils.java:logGet(43)) - raft.server.log.statemachine.data.sync = true (default)
2019-10-14 10:43:55,797 [pool-403-thread-1] INFO  segmented.SegmentedRaftLogWorker (SegmentedRaftLogWorker.java:<init>(173)) - new 61c3fb4b-4bb4-403a-91fd-ac929bb12f3e@group-2FD4925BA0EA-SegmentedRaftLogWorker for RaftStorage:Storage Directory /workdir/hadoop-ozone/integration-test/target/test-dir/MiniOzoneClusterImpl-f464983a-3651-474a-9555-13553797497e/datanode-2/data/ratis/aca98fb9-d4f1-4f1a-a5f0-2fd4925ba0ea
2019-10-14 10:43:55,798 [pool-413-thread-1] INFO  server.RaftServerConfigKeys (ConfUtils.java:logGet(43)) - raft.server.log.statemachine.data.sync.timeout = 10s (default)
2019-10-14 10:43:55,798 [pool-443-thread-1] INFO  segmented.SegmentedRaftLogWorker (SegmentedRaftLogWorker.java:<init>(173)) - new 05418579-ba8a-4912-9487-34133cf43f33@group-2FD4925BA0EA-SegmentedRaftLogWorker for RaftStorage:Storage Directory /workdir/hadoop-ozone/integration-test/target/test-dir/MiniOzoneClusterImpl-f464983a-3651-474a-9555-13553797497e/datanode-6/data/ratis/aca98fb9-d4f1-4f1a-a5f0-2fd4925ba0ea
2019-10-14 10:43:55,798 [pool-413-thread-1] INFO  server.RaftServerConfigKeys (ConfUtils.java:logGet(43)) - raft.server.log.statemachine.data.sync.timeout.retry = -1 (default)
2019-10-14 10:43:55,798 [pool-403-thread-1] INFO  server.RaftServerConfigKeys (ConfUtils.java:logGet(43)) - raft.server.log.queue.byte-limit = 2147483647 (custom)
2019-10-14 10:43:55,798 [pool-413-thread-1] INFO  server.RaftServerConfigKeys (ConfUtils.java:logGet(43)) - raft.server.log.statemachine.data.caching.enabled = true (custom)
2019-10-14 10:43:55,798 [pool-443-thread-1] INFO  server.RaftServerConfigKeys (ConfUtils.java:logGet(43)) - raft.server.log.queue.byte-limit = 2147483647 (custom)
2019-10-14 10:43:55,799 [pool-413-thread-1] INFO  segmented.SegmentedRaftLogWorker (SegmentedRaftLogWorker.java:lambda$new$0(128)) - d1728222-debe-4fc7-871e-837563ecbabc@group-2FD4925BA0EA-SegmentedRaftLogWorker: flushIndex: setUnconditionally 0 -> -1
2019-10-14 10:43:55,798 [pool-403-thread-1] INFO  server.RaftServerConfigKeys (ConfUtils.java:logGet(43)) - raft.server.log.queue.element-limit = 1024 (custom)
2019-10-14 10:43:55,799 [pool-443-thread-1] INFO  server.RaftServerConfigKeys (ConfUtils.java:logGet(43)) - raft.server.log.queue.element-limit = 1024 (custom)
2019-10-14 10:43:55,799 [pool-413-thread-1] INFO  server.RaftServerConfigKeys (ConfUtils.java:logGet(43)) - raft.server.snapshot.auto.trigger.enabled = true (custom)
2019-10-14 10:43:55,799 [pool-403-thread-1] INFO  server.RaftServerConfigKeys (ConfUtils.java:logGet(43)) - raft.server.log.segment.size.max = 1048576 (custom)
2019-10-14 10:43:55,799 [pool-413-thread-1] INFO  server.RaftServerConfigKeys (ConfUtils.java:logGet(43)) - raft.server.snapshot.auto.trigger.threshold = 10000 (custom)
2019-10-14 10:43:55,799 [pool-443-thread-1] INFO  server.RaftServerConfigKeys (ConfUtils.java:logGet(43)) - raft.server.log.segment.size.max = 1048576 (custom)
2019-10-14 10:43:55,799 [pool-413-thread-1] INFO  server.RaftServerConfigKeys (ConfUtils.java:logGet(43)) - raft.server.snapshot.retention.file.num = 5 (custom)
2019-10-14 10:43:55,799 [pool-403-thread-1] INFO  server.RaftServerConfigKeys (ConfUtils.java:logGet(43)) - raft.server.log.preallocated.size = 16384 (custom)
2019-10-14 10:43:55,800 [pool-413-thread-1] INFO  server.RaftServerConfigKeys (ConfUtils.java:logGet(43)) - raft.server.retrycache.expirytime = 600000ms (custom)
2019-10-14 10:43:55,799 [pool-443-thread-1] INFO  server.RaftServerConfigKeys (ConfUtils.java:logGet(43)) - raft.server.log.preallocated.size = 16384 (custom)
2019-10-14 10:43:55,800 [pool-403-thread-1] INFO  server.RaftServerConfigKeys (ConfUtils.java:logGet(43)) - raft.server.log.write.buffer.size = 33554432 (custom)
2019-10-14 10:43:55,800 [pool-443-thread-1] INFO  server.RaftServerConfigKeys (ConfUtils.java:logGet(43)) - raft.server.log.write.buffer.size = 33554432 (custom)
2019-10-14 10:43:55,800 [pool-403-thread-1] INFO  server.RaftServerConfigKeys (ConfUtils.java:logGet(43)) - raft.server.log.force.sync.num = 128 (default)
2019-10-14 10:43:55,800 [pool-443-thread-1] INFO  server.RaftServerConfigKeys (ConfUtils.java:logGet(43)) - raft.server.log.force.sync.num = 128 (default)
2019-10-14 10:43:55,800 [pool-403-thread-1] INFO  server.RaftServerConfigKeys (ConfUtils.java:logGet(43)) - raft.server.log.statemachine.data.sync = true (default)
2019-10-14 10:43:55,800 [pool-443-thread-1] INFO  server.RaftServerConfigKeys (ConfUtils.java:logGet(43)) - raft.server.log.statemachine.data.sync = true (default)
2019-10-14 10:43:55,801 [pool-403-thread-1] INFO  server.RaftServerConfigKeys (ConfUtils.java:logGet(43)) - raft.server.log.statemachine.data.sync.timeout = 10s (default)
2019-10-14 10:43:55,801 [pool-443-thread-1] INFO  server.RaftServerConfigKeys (ConfUtils.java:logGet(43)) - raft.server.log.statemachine.data.sync.timeout = 10s (default)
2019-10-14 10:43:55,801 [pool-403-thread-1] INFO  server.RaftServerConfigKeys (ConfUtils.java:logGet(43)) - raft.server.log.statemachine.data.sync.timeout.retry = -1 (default)
2019-10-14 10:43:55,801 [pool-443-thread-1] INFO  server.RaftServerConfigKeys (ConfUtils.java:logGet(43)) - raft.server.log.statemachine.data.sync.timeout.retry = -1 (default)
2019-10-14 10:43:55,801 [pool-403-thread-1] INFO  server.RaftServerConfigKeys (ConfUtils.java:logGet(43)) - raft.server.log.statemachine.data.caching.enabled = true (custom)
2019-10-14 10:43:55,801 [pool-413-thread-1] INFO  impl.RaftServerImpl (RaftServerImpl.java:start(181)) - d1728222-debe-4fc7-871e-837563ecbabc@group-2FD4925BA0EA: start as a follower, conf=-1: [d1728222-debe-4fc7-871e-837563ecbabc:192.168.151.118:38001, 05418579-ba8a-4912-9487-34133cf43f33:192.168.151.118:39531, 61c3fb4b-4bb4-403a-91fd-ac929bb12f3e:192.168.151.118:45157], old=null
2019-10-14 10:43:55,801 [pool-443-thread-1] INFO  server.RaftServerConfigKeys (ConfUtils.java:logGet(43)) - raft.server.log.statemachine.data.caching.enabled = true (custom)
2019-10-14 10:43:55,801 [pool-413-thread-1] INFO  impl.RaftServerImpl (RaftServerImpl.java:setRole(170)) - d1728222-debe-4fc7-871e-837563ecbabc@group-2FD4925BA0EA: changes role from      null to FOLLOWER at term 0 for startAsFollower
2019-10-14 10:43:55,801 [pool-403-thread-1] INFO  segmented.SegmentedRaftLogWorker (SegmentedRaftLogWorker.java:lambda$new$0(128)) - 61c3fb4b-4bb4-403a-91fd-ac929bb12f3e@group-2FD4925BA0EA-SegmentedRaftLogWorker: flushIndex: setUnconditionally 0 -> -1
2019-10-14 10:43:55,802 [pool-403-thread-1] INFO  server.RaftServerConfigKeys (ConfUtils.java:logGet(43)) - raft.server.snapshot.auto.trigger.enabled = true (custom)
2019-10-14 10:43:55,802 [pool-413-thread-1] INFO  impl.RoleInfo (RoleInfo.java:updateAndGet(143)) - d1728222-debe-4fc7-871e-837563ecbabc: start FollowerState
2019-10-14 10:43:55,802 [pool-443-thread-1] INFO  segmented.SegmentedRaftLogWorker (SegmentedRaftLogWorker.java:lambda$new$0(128)) - 05418579-ba8a-4912-9487-34133cf43f33@group-2FD4925BA0EA-SegmentedRaftLogWorker: flushIndex: setUnconditionally 0 -> -1
2019-10-14 10:43:55,802 [pool-403-thread-1] INFO  server.RaftServerConfigKeys (ConfUtils.java:logGet(43)) - raft.server.snapshot.auto.trigger.threshold = 10000 (custom)
2019-10-14 10:43:55,802 [pool-413-thread-1] INFO  util.JmxRegister (JmxRegister.java:tryRegister(44)) - Successfully registered JMX Bean with object name Ratis:service=RaftServer,group=group-2FD4925BA0EA,id=d1728222-debe-4fc7-871e-837563ecbabc
2019-10-14 10:43:55,803 [pool-443-thread-1] INFO  server.RaftServerConfigKeys (ConfUtils.java:logGet(43)) - raft.server.snapshot.auto.trigger.enabled = true (custom)
2019-10-14 10:43:55,802 [pool-403-thread-1] INFO  server.RaftServerConfigKeys (ConfUtils.java:logGet(43)) - raft.server.snapshot.retention.file.num = 5 (custom)
2019-10-14 10:43:55,803 [pool-443-thread-1] INFO  server.RaftServerConfigKeys (ConfUtils.java:logGet(43)) - raft.server.snapshot.auto.trigger.threshold = 10000 (custom)
2019-10-14 10:43:55,803 [pool-403-thread-1] INFO  server.RaftServerConfigKeys (ConfUtils.java:logGet(43)) - raft.server.retrycache.expirytime = 600000ms (custom)
2019-10-14 10:43:55,803 [pool-443-thread-1] INFO  server.RaftServerConfigKeys (ConfUtils.java:logGet(43)) - raft.server.snapshot.retention.file.num = 5 (custom)
2019-10-14 10:43:55,803 [pool-443-thread-1] INFO  server.RaftServerConfigKeys (ConfUtils.java:logGet(43)) - raft.server.retrycache.expirytime = 600000ms (custom)
2019-10-14 10:43:55,807 [pool-403-thread-1] INFO  impl.RaftServerImpl (RaftServerImpl.java:start(181)) - 61c3fb4b-4bb4-403a-91fd-ac929bb12f3e@group-2FD4925BA0EA: start as a follower, conf=-1: [d1728222-debe-4fc7-871e-837563ecbabc:192.168.151.118:38001, 05418579-ba8a-4912-9487-34133cf43f33:192.168.151.118:39531, 61c3fb4b-4bb4-403a-91fd-ac929bb12f3e:192.168.151.118:45157], old=null
2019-10-14 10:43:55,807 [pool-403-thread-1] INFO  impl.RaftServerImpl (RaftServerImpl.java:setRole(170)) - 61c3fb4b-4bb4-403a-91fd-ac929bb12f3e@group-2FD4925BA0EA: changes role from      null to FOLLOWER at term 0 for startAsFollower
2019-10-14 10:43:55,807 [pool-443-thread-1] INFO  impl.RaftServerImpl (RaftServerImpl.java:start(181)) - 05418579-ba8a-4912-9487-34133cf43f33@group-2FD4925BA0EA: start as a follower, conf=-1: [d1728222-debe-4fc7-871e-837563ecbabc:192.168.151.118:38001, 05418579-ba8a-4912-9487-34133cf43f33:192.168.151.118:39531, 61c3fb4b-4bb4-403a-91fd-ac929bb12f3e:192.168.151.118:45157], old=null
2019-10-14 10:43:55,812 [pool-403-thread-1] INFO  impl.RoleInfo (RoleInfo.java:updateAndGet(143)) - 61c3fb4b-4bb4-403a-91fd-ac929bb12f3e: start FollowerState
2019-10-14 10:43:55,812 [pool-443-thread-1] INFO  impl.RaftServerImpl (RaftServerImpl.java:setRole(170)) - 05418579-ba8a-4912-9487-34133cf43f33@group-2FD4925BA0EA: changes role from      null to FOLLOWER at term 0 for startAsFollower
2019-10-14 10:43:55,812 [pool-443-thread-1] INFO  impl.RoleInfo (RoleInfo.java:updateAndGet(143)) - 05418579-ba8a-4912-9487-34133cf43f33: start FollowerState
2019-10-14 10:43:55,812 [pool-403-thread-1] INFO  util.JmxRegister (JmxRegister.java:tryRegister(44)) - Successfully registered JMX Bean with object name Ratis:service=RaftServer,group=group-2FD4925BA0EA,id=61c3fb4b-4bb4-403a-91fd-ac929bb12f3e
2019-10-14 10:43:55,813 [pool-443-thread-1] INFO  util.JmxRegister (JmxRegister.java:tryRegister(44)) - Successfully registered JMX Bean with object name Ratis:service=RaftServer,group=group-2FD4925BA0EA,id=05418579-ba8a-4912-9487-34133cf43f33
2019-10-14 10:43:55,824 [RatisPipelineUtilsThread] INFO  pipeline.PipelineStateManager (PipelineStateManager.java:addPipeline(56)) - Created pipeline Pipeline[ Id: aca98fb9-d4f1-4f1a-a5f0-2fd4925ba0ea, Nodes: d1728222-debe-4fc7-871e-837563ecbabc{ip: 192.168.151.118, host: pr-hdds-2296-8rkbz-2376872687, networkLocation: /default-rack, certSerialId: null}05418579-ba8a-4912-9487-34133cf43f33{ip: 192.168.151.118, host: pr-hdds-2296-8rkbz-2376872687, networkLocation: /default-rack, certSerialId: null}61c3fb4b-4bb4-403a-91fd-ac929bb12f3e{ip: 192.168.151.118, host: pr-hdds-2296-8rkbz-2376872687, networkLocation: /default-rack, certSerialId: null}, Type:RATIS, Factor:THREE, State:OPEN]
2019-10-14 10:43:55,846 [grpc-default-executor-3] INFO  impl.RaftServerProxy (RaftServerProxy.java:addNew(89)) - cf294231-87a1-414a-890e-c1695b236b3f: addNew group-10C8F47DD5B8:[aaca5673-a858-47dd-bff0-53d8dcf719bd:192.168.151.118:34995, 6e958ec2-485e-44e3-8fa3-58c20215af03:192.168.151.118:40609, cf294231-87a1-414a-890e-c1695b236b3f:192.168.151.118:46096] returns group-10C8F47DD5B8:java.util.concurrent.CompletableFuture@55118f43[Not completed]
2019-10-14 10:43:55,846 [grpc-default-executor-9] INFO  impl.RaftServerProxy (RaftServerProxy.java:addNew(89)) - 6e958ec2-485e-44e3-8fa3-58c20215af03: addNew group-10C8F47DD5B8:[aaca5673-a858-47dd-bff0-53d8dcf719bd:192.168.151.118:34995, 6e958ec2-485e-44e3-8fa3-58c20215af03:192.168.151.118:40609, cf294231-87a1-414a-890e-c1695b236b3f:192.168.151.118:46096] returns group-10C8F47DD5B8:java.util.concurrent.CompletableFuture@1c4f72e2[Not completed]
2019-10-14 10:43:55,846 [grpc-default-executor-4] INFO  impl.RaftServerProxy (RaftServerProxy.java:addNew(89)) - aaca5673-a858-47dd-bff0-53d8dcf719bd: addNew group-10C8F47DD5B8:[aaca5673-a858-47dd-bff0-53d8dcf719bd:192.168.151.118:34995, 6e958ec2-485e-44e3-8fa3-58c20215af03:192.168.151.118:40609, cf294231-87a1-414a-890e-c1695b236b3f:192.168.151.118:46096] returns group-10C8F47DD5B8:java.util.concurrent.CompletableFuture@6dafc580[Not completed]
2019-10-14 10:43:55,850 [pool-423-thread-1] INFO  impl.RaftServerImpl (RaftServerImpl.java:<init>(95)) - 6e958ec2-485e-44e3-8fa3-58c20215af03: new RaftServerImpl for group-10C8F47DD5B8:[aaca5673-a858-47dd-bff0-53d8dcf719bd:192.168.151.118:34995, 6e958ec2-485e-44e3-8fa3-58c20215af03:192.168.151.118:40609, cf294231-87a1-414a-890e-c1695b236b3f:192.168.151.118:46096] with ContainerStateMachine:uninitialized
2019-10-14 10:43:55,850 [pool-423-thread-1] INFO  server.RaftServerConfigKeys (ConfUtils.java:logGet(43)) - raft.server.rpc.timeout.min = 5s (custom)
2019-10-14 10:43:55,850 [pool-423-thread-1] INFO  server.RaftServerConfigKeys (ConfUtils.java:logGet(43)) - raft.server.rpc.timeout.max = 5200ms (custom)
2019-10-14 10:43:55,850 [pool-423-thread-1] INFO  server.RaftServerConfigKeys (ConfUtils.java:logGet(43)) - raft.server.rpcslowness.timeout = 120s (custom)
2019-10-14 10:43:55,850 [pool-423-thread-1] INFO  server.RaftServerConfigKeys (ConfUtils.java:logGet(43)) - raft.server.sleep.deviation.threshold = 300 (default)
2019-10-14 10:43:55,851 [pool-423-thread-1] INFO  server.RaftServerConfigKeys (ConfUtils.java:logGet(43)) - raft.server.log.appender.install.snapshot.enabled = false (custom)
2019-10-14 10:43:55,851 [pool-423-thread-1] INFO  impl.RaftServerImpl (ServerState.java:<init>(103)) - 6e958ec2-485e-44e3-8fa3-58c20215af03@group-10C8F47DD5B8: ConfigurationManager, init=-1: [aaca5673-a858-47dd-bff0-53d8dcf719bd:192.168.151.118:34995, 6e958ec2-485e-44e3-8fa3-58c20215af03:192.168.151.118:40609, cf294231-87a1-414a-890e-c1695b236b3f:192.168.151.118:46096], old=null, confs=<EMPTY_MAP>
2019-10-14 10:43:55,851 [pool-383-thread-1] INFO  impl.RaftServerImpl (RaftServerImpl.java:<init>(95)) - cf294231-87a1-414a-890e-c1695b236b3f: new RaftServerImpl for group-10C8F47DD5B8:[aaca5673-a858-47dd-bff0-53d8dcf719bd:192.168.151.118:34995, 6e958ec2-485e-44e3-8fa3-58c20215af03:192.168.151.118:40609, cf294231-87a1-414a-890e-c1695b236b3f:192.168.151.118:46096] with ContainerStateMachine:uninitialized
2019-10-14 10:43:55,851 [pool-423-thread-1] INFO  server.RaftServerConfigKeys (ConfUtils.java:logGet(43)) - raft.server.storage.dir = [/workdir/hadoop-ozone/integration-test/target/test-dir/MiniOzoneClusterImpl-f464983a-3651-474a-9555-13553797497e/datanode-4/data/ratis] (custom)
2019-10-14 10:43:55,851 [pool-383-thread-1] INFO  server.RaftServerConfigKeys (ConfUtils.java:logGet(43)) - raft.server.rpc.timeout.min = 5s (custom)
2019-10-14 10:43:55,851 [pool-433-thread-1] INFO  impl.RaftServerImpl (RaftServerImpl.java:<init>(95)) - aaca5673-a858-47dd-bff0-53d8dcf719bd: new RaftServerImpl for group-10C8F47DD5B8:[aaca5673-a858-47dd-bff0-53d8dcf719bd:192.168.151.118:34995, 6e958ec2-485e-44e3-8fa3-58c20215af03:192.168.151.118:40609, cf294231-87a1-414a-890e-c1695b236b3f:192.168.151.118:46096] with ContainerStateMachine:uninitialized
2019-10-14 10:43:55,851 [pool-423-thread-1] INFO  server.RaftServerConfigKeys (ConfUtils.java:logGet(43)) - raft.server.log.corruption.policy = EXCEPTION (default)
2019-10-14 10:43:55,851 [pool-383-thread-1] INFO  server.RaftServerConfigKeys (ConfUtils.java:logGet(43)) - raft.server.rpc.timeout.max = 5200ms (custom)
2019-10-14 10:43:55,851 [pool-423-thread-1] INFO  storage.RaftStorageDirectory (RaftStorageDirectory.java:analyzeStorage(246)) - The storage directory /workdir/hadoop-ozone/integration-test/target/test-dir/MiniOzoneClusterImpl-f464983a-3651-474a-9555-13553797497e/datanode-4/data/ratis/5d94e096-ccd3-4525-8903-10c8f47dd5b8 does not exist. Creating ...
2019-10-14 10:43:55,851 [pool-433-thread-1] INFO  server.RaftServerConfigKeys (ConfUtils.java:logGet(43)) - raft.server.rpc.timeout.min = 5s (custom)
2019-10-14 10:43:55,851 [pool-383-thread-1] INFO  server.RaftServerConfigKeys (ConfUtils.java:logGet(43)) - raft.server.rpcslowness.timeout = 120s (custom)
2019-10-14 10:43:55,852 [pool-433-thread-1] INFO  server.RaftServerConfigKeys (ConfUtils.java:logGet(43)) - raft.server.rpc.timeout.max = 5200ms (custom)
2019-10-14 10:43:55,852 [pool-383-thread-1] INFO  server.RaftServerConfigKeys (ConfUtils.java:logGet(43)) - raft.server.sleep.deviation.threshold = 300 (default)
2019-10-14 10:43:55,852 [pool-433-thread-1] INFO  server.RaftServerConfigKeys (ConfUtils.java:logGet(43)) - raft.server.rpcslowness.timeout = 120s (custom)
2019-10-14 10:43:55,852 [pool-383-thread-1] INFO  server.RaftServerConfigKeys (ConfUtils.java:logGet(43)) - raft.server.log.appender.install.snapshot.enabled = false (custom)
2019-10-14 10:43:55,852 [pool-433-thread-1] INFO  server.RaftServerConfigKeys (ConfUtils.java:logGet(43)) - raft.server.sleep.deviation.threshold = 300 (default)
2019-10-14 10:43:55,852 [pool-383-thread-1] INFO  impl.RaftServerImpl (ServerState.java:<init>(103)) - cf294231-87a1-414a-890e-c1695b236b3f@group-10C8F47DD5B8: ConfigurationManager, init=-1: [aaca5673-a858-47dd-bff0-53d8dcf719bd:192.168.151.118:34995, 6e958ec2-485e-44e3-8fa3-58c20215af03:192.168.151.118:40609, cf294231-87a1-414a-890e-c1695b236b3f:192.168.151.118:46096], old=null, confs=<EMPTY_MAP>
2019-10-14 10:43:55,852 [pool-433-thread-1] INFO  server.RaftServerConfigKeys (ConfUtils.java:logGet(43)) - raft.server.log.appender.install.snapshot.enabled = false (custom)
2019-10-14 10:43:55,852 [pool-383-thread-1] INFO  server.RaftServerConfigKeys (ConfUtils.java:logGet(43)) - raft.server.storage.dir = [/workdir/hadoop-ozone/integration-test/target/test-dir/MiniOzoneClusterImpl-f464983a-3651-474a-9555-13553797497e/datanode-0/data/ratis] (custom)
2019-10-14 10:43:55,852 [pool-433-thread-1] INFO  impl.RaftServerImpl (ServerState.java:<init>(103)) - aaca5673-a858-47dd-bff0-53d8dcf719bd@group-10C8F47DD5B8: ConfigurationManager, init=-1: [aaca5673-a858-47dd-bff0-53d8dcf719bd:192.168.151.118:34995, 6e958ec2-485e-44e3-8fa3-58c20215af03:192.168.151.118:40609, cf294231-87a1-414a-890e-c1695b236b3f:192.168.151.118:46096], old=null, confs=<EMPTY_MAP>
2019-10-14 10:43:55,852 [pool-433-thread-1] INFO  server.RaftServerConfigKeys (ConfUtils.java:logGet(43)) - raft.server.storage.dir = [/workdir/hadoop-ozone/integration-test/target/test-dir/MiniOzoneClusterImpl-f464983a-3651-474a-9555-13553797497e/datanode-5/data/ratis] (custom)
2019-10-14 10:43:55,853 [pool-383-thread-1] INFO  server.RaftServerConfigKeys (ConfUtils.java:logGet(43)) - raft.server.log.corruption.policy = EXCEPTION (default)
2019-10-14 10:43:55,853 [pool-433-thread-1] INFO  server.RaftServerConfigKeys (ConfUtils.java:logGet(43)) - raft.server.log.corruption.policy = EXCEPTION (default)
2019-10-14 10:43:55,853 [pool-383-thread-1] INFO  storage.RaftStorageDirectory (RaftStorageDirectory.java:analyzeStorage(246)) - The storage directory /workdir/hadoop-ozone/integration-test/target/test-dir/MiniOzoneClusterImpl-f464983a-3651-474a-9555-13553797497e/datanode-0/data/ratis/5d94e096-ccd3-4525-8903-10c8f47dd5b8 does not exist. Creating ...
2019-10-14 10:43:55,853 [pool-433-thread-1] INFO  storage.RaftStorageDirectory (RaftStorageDirectory.java:analyzeStorage(246)) - The storage directory /workdir/hadoop-ozone/integration-test/target/test-dir/MiniOzoneClusterImpl-f464983a-3651-474a-9555-13553797497e/datanode-5/data/ratis/5d94e096-ccd3-4525-8903-10c8f47dd5b8 does not exist. Creating ...
2019-10-14 10:43:55,868 [pool-433-thread-1] INFO  storage.RaftStorageDirectory (RaftStorageDirectory.java:tryLock(328)) - Lock on /workdir/hadoop-ozone/integration-test/target/test-dir/MiniOzoneClusterImpl-f464983a-3651-474a-9555-13553797497e/datanode-5/data/ratis/5d94e096-ccd3-4525-8903-10c8f47dd5b8/in_use.lock acquired by nodename 26737@pr-hdds-2296-8rkbz-2376872687
2019-10-14 10:43:55,868 [pool-383-thread-1] INFO  storage.RaftStorageDirectory (RaftStorageDirectory.java:tryLock(328)) - Lock on /workdir/hadoop-ozone/integration-test/target/test-dir/MiniOzoneClusterImpl-f464983a-3651-474a-9555-13553797497e/datanode-0/data/ratis/5d94e096-ccd3-4525-8903-10c8f47dd5b8/in_use.lock acquired by nodename 26737@pr-hdds-2296-8rkbz-2376872687
2019-10-14 10:43:55,868 [pool-423-thread-1] INFO  storage.RaftStorageDirectory (RaftStorageDirectory.java:tryLock(328)) - Lock on /workdir/hadoop-ozone/integration-test/target/test-dir/MiniOzoneClusterImpl-f464983a-3651-474a-9555-13553797497e/datanode-4/data/ratis/5d94e096-ccd3-4525-8903-10c8f47dd5b8/in_use.lock acquired by nodename 26737@pr-hdds-2296-8rkbz-2376872687
2019-10-14 10:43:55,881 [pool-383-thread-1] INFO  storage.RaftStorage (RaftStorage.java:format(84)) - Storage directory /workdir/hadoop-ozone/integration-test/target/test-dir/MiniOzoneClusterImpl-f464983a-3651-474a-9555-13553797497e/datanode-0/data/ratis/5d94e096-ccd3-4525-8903-10c8f47dd5b8 has been successfully formatted.
2019-10-14 10:43:55,881 [pool-383-thread-1] INFO  ratis.ContainerStateMachine (ContainerStateMachine.java:loadSnapshot(231)) - group-10C8F47DD5B8: The snapshot info is null. Setting the last applied indexto:(t:0, i:~)
2019-10-14 10:43:55,881 [pool-383-thread-1] INFO  server.RaftServerConfigKeys (ConfUtils.java:logGet(43)) - raft.server.notification.no-leader.timeout = 120s (custom)
2019-10-14 10:43:55,882 [pool-383-thread-1] INFO  server.RaftServerConfigKeys (ConfUtils.java:logGet(43)) - raft.server.log.use.memory = false (default)
2019-10-14 10:43:55,882 [pool-383-thread-1] INFO  server.RaftServerConfigKeys (ConfUtils.java:logGet(43)) - raft.server.log.purge.gap = 1000000 (custom)
2019-10-14 10:43:55,882 [pool-383-thread-1] INFO  server.RaftServerConfigKeys (ConfUtils.java:logGet(43)) - raft.server.log.appender.buffer.byte-limit = 33554432 (custom)
2019-10-14 10:43:55,882 [pool-383-thread-1] INFO  server.RaftServerConfigKeys (ConfUtils.java:logGet(43)) - raft.server.log.segment.size.max = 1048576 (custom)
2019-10-14 10:43:55,882 [pool-383-thread-1] INFO  server.RaftServerConfigKeys (ConfUtils.java:logGet(43)) - raft.server.log.segment.cache.num.max = 2 (custom)
2019-10-14 10:43:55,882 [pool-383-thread-1] INFO  segmented.SegmentedRaftLogWorker (SegmentedRaftLogWorker.java:<init>(173)) - new cf294231-87a1-414a-890e-c1695b236b3f@group-10C8F47DD5B8-SegmentedRaftLogWorker for RaftStorage:Storage Directory /workdir/hadoop-ozone/integration-test/target/test-dir/MiniOzoneClusterImpl-f464983a-3651-474a-9555-13553797497e/datanode-0/data/ratis/5d94e096-ccd3-4525-8903-10c8f47dd5b8
2019-10-14 10:43:55,883 [pool-383-thread-1] INFO  server.RaftServerConfigKeys (ConfUtils.java:logGet(43)) - raft.server.log.queue.byte-limit = 2147483647 (custom)
2019-10-14 10:43:55,883 [pool-383-thread-1] INFO  server.RaftServerConfigKeys (ConfUtils.java:logGet(43)) - raft.server.log.queue.element-limit = 1024 (custom)
2019-10-14 10:43:55,882 [pool-423-thread-1] INFO  storage.RaftStorage (RaftStorage.java:format(84)) - Storage directory /workdir/hadoop-ozone/integration-test/target/test-dir/MiniOzoneClusterImpl-f464983a-3651-474a-9555-13553797497e/datanode-4/data/ratis/5d94e096-ccd3-4525-8903-10c8f47dd5b8 has been successfully formatted.
2019-10-14 10:43:55,883 [pool-383-thread-1] INFO  server.RaftServerConfigKeys (ConfUtils.java:logGet(43)) - raft.server.log.segment.size.max = 1048576 (custom)
2019-10-14 10:43:55,883 [pool-423-thread-1] INFO  ratis.ContainerStateMachine (ContainerStateMachine.java:loadSnapshot(231)) - group-10C8F47DD5B8: The snapshot info is null. Setting the last applied indexto:(t:0, i:~)
2019-10-14 10:43:55,883 [pool-423-thread-1] INFO  server.RaftServerConfigKeys (ConfUtils.java:logGet(43)) - raft.server.notification.no-leader.timeout = 120s (custom)
2019-10-14 10:43:55,884 [pool-423-thread-1] INFO  server.RaftServerConfigKeys (ConfUtils.java:logGet(43)) - raft.server.log.use.memory = false (default)
2019-10-14 10:43:55,884 [pool-423-thread-1] INFO  server.RaftServerConfigKeys (ConfUtils.java:logGet(43)) - raft.server.log.purge.gap = 1000000 (custom)
2019-10-14 10:43:55,884 [pool-423-thread-1] INFO  server.RaftServerConfigKeys (ConfUtils.java:logGet(43)) - raft.server.log.appender.buffer.byte-limit = 33554432 (custom)
2019-10-14 10:43:55,884 [pool-423-thread-1] INFO  server.RaftServerConfigKeys (ConfUtils.java:logGet(43)) - raft.server.log.segment.size.max = 1048576 (custom)
2019-10-14 10:43:55,884 [pool-423-thread-1] INFO  server.RaftServerConfigKeys (ConfUtils.java:logGet(43)) - raft.server.log.segment.cache.num.max = 2 (custom)
2019-10-14 10:43:55,882 [pool-433-thread-1] INFO  storage.RaftStorage (RaftStorage.java:format(84)) - Storage directory /workdir/hadoop-ozone/integration-test/target/test-dir/MiniOzoneClusterImpl-f464983a-3651-474a-9555-13553797497e/datanode-5/data/ratis/5d94e096-ccd3-4525-8903-10c8f47dd5b8 has been successfully formatted.
2019-10-14 10:43:55,884 [pool-423-thread-1] INFO  segmented.SegmentedRaftLogWorker (SegmentedRaftLogWorker.java:<init>(173)) - new 6e958ec2-485e-44e3-8fa3-58c20215af03@group-10C8F47DD5B8-SegmentedRaftLogWorker for RaftStorage:Storage Directory /workdir/hadoop-ozone/integration-test/target/test-dir/MiniOzoneClusterImpl-f464983a-3651-474a-9555-13553797497e/datanode-4/data/ratis/5d94e096-ccd3-4525-8903-10c8f47dd5b8
2019-10-14 10:43:55,885 [pool-433-thread-1] INFO  ratis.ContainerStateMachine (ContainerStateMachine.java:loadSnapshot(231)) - group-10C8F47DD5B8: The snapshot info is null. Setting the last applied indexto:(t:0, i:~)
2019-10-14 10:43:55,883 [pool-383-thread-1] INFO  server.RaftServerConfigKeys (ConfUtils.java:logGet(43)) - raft.server.log.preallocated.size = 16384 (custom)
2019-10-14 10:43:55,885 [pool-433-thread-1] INFO  server.RaftServerConfigKeys (ConfUtils.java:logGet(43)) - raft.server.notification.no-leader.timeout = 120s (custom)
2019-10-14 10:43:55,885 [pool-423-thread-1] INFO  server.RaftServerConfigKeys (ConfUtils.java:logGet(43)) - raft.server.log.queue.byte-limit = 2147483647 (custom)
2019-10-14 10:43:55,885 [pool-433-thread-1] INFO  server.RaftServerConfigKeys (ConfUtils.java:logGet(43)) - raft.server.log.use.memory = false (default)
2019-10-14 10:43:55,885 [pool-383-thread-1] INFO  server.RaftServerConfigKeys (ConfUtils.java:logGet(43)) - raft.server.log.write.buffer.size = 33554432 (custom)
2019-10-14 10:43:55,885 [pool-433-thread-1] INFO  server.RaftServerConfigKeys (ConfUtils.java:logGet(43)) - raft.server.log.purge.gap = 1000000 (custom)
2019-10-14 10:43:55,885 [pool-423-thread-1] INFO  server.RaftServerConfigKeys (ConfUtils.java:logGet(43)) - raft.server.log.queue.element-limit = 1024 (custom)
2019-10-14 10:43:55,885 [pool-433-thread-1] INFO  server.RaftServerConfigKeys (ConfUtils.java:logGet(43)) - raft.server.log.appender.buffer.byte-limit = 33554432 (custom)
2019-10-14 10:43:55,885 [pool-383-thread-1] INFO  server.RaftServerConfigKeys (ConfUtils.java:logGet(43)) - raft.server.log.force.sync.num = 128 (default)
2019-10-14 10:43:55,886 [pool-433-thread-1] INFO  server.RaftServerConfigKeys (ConfUtils.java:logGet(43)) - raft.server.log.segment.size.max = 1048576 (custom)
2019-10-14 10:43:55,885 [pool-423-thread-1] INFO  server.RaftServerConfigKeys (ConfUtils.java:logGet(43)) - raft.server.log.segment.size.max = 1048576 (custom)
2019-10-14 10:43:55,886 [pool-433-thread-1] INFO  server.RaftServerConfigKeys (ConfUtils.java:logGet(43)) - raft.server.log.segment.cache.num.max = 2 (custom)
2019-10-14 10:43:55,886 [pool-383-thread-1] INFO  server.RaftServerConfigKeys (ConfUtils.java:logGet(43)) - raft.server.log.statemachine.data.sync = true (default)
2019-10-14 10:43:55,886 [pool-433-thread-1] INFO  segmented.SegmentedRaftLogWorker (SegmentedRaftLogWorker.java:<init>(173)) - new aaca5673-a858-47dd-bff0-53d8dcf719bd@group-10C8F47DD5B8-SegmentedRaftLogWorker for RaftStorage:Storage Directory /workdir/hadoop-ozone/integration-test/target/test-dir/MiniOzoneClusterImpl-f464983a-3651-474a-9555-13553797497e/datanode-5/data/ratis/5d94e096-ccd3-4525-8903-10c8f47dd5b8
2019-10-14 10:43:55,886 [pool-423-thread-1] INFO  server.RaftServerConfigKeys (ConfUtils.java:logGet(43)) - raft.server.log.preallocated.size = 16384 (custom)
2019-10-14 10:43:55,886 [pool-433-thread-1] INFO  server.RaftServerConfigKeys (ConfUtils.java:logGet(43)) - raft.server.log.queue.byte-limit = 2147483647 (custom)
2019-10-14 10:43:55,886 [pool-383-thread-1] INFO  server.RaftServerConfigKeys (ConfUtils.java:logGet(43)) - raft.server.log.statemachine.data.sync.timeout = 10s (default)
2019-10-14 10:43:55,886 [pool-433-thread-1] INFO  server.RaftServerConfigKeys (ConfUtils.java:logGet(43)) - raft.server.log.queue.element-limit = 1024 (custom)
2019-10-14 10:43:55,886 [pool-423-thread-1] INFO  server.RaftServerConfigKeys (ConfUtils.java:logGet(43)) - raft.server.log.write.buffer.size = 33554432 (custom)
2019-10-14 10:43:55,887 [pool-433-thread-1] INFO  server.RaftServerConfigKeys (ConfUtils.java:logGet(43)) - raft.server.log.segment.size.max = 1048576 (custom)
2019-10-14 10:43:55,886 [pool-383-thread-1] INFO  server.RaftServerConfigKeys (ConfUtils.java:logGet(43)) - raft.server.log.statemachine.data.sync.timeout.retry = -1 (default)
2019-10-14 10:43:55,887 [pool-433-thread-1] INFO  server.RaftServerConfigKeys (ConfUtils.java:logGet(43)) - raft.server.log.preallocated.size = 16384 (custom)
2019-10-14 10:43:55,887 [pool-383-thread-1] INFO  server.RaftServerConfigKeys (ConfUtils.java:logGet(43)) - raft.server.log.statemachine.data.caching.enabled = true (custom)
2019-10-14 10:43:55,887 [pool-423-thread-1] INFO  server.RaftServerConfigKeys (ConfUtils.java:logGet(43)) - raft.server.log.force.sync.num = 128 (default)
2019-10-14 10:43:55,887 [pool-433-thread-1] INFO  server.RaftServerConfigKeys (ConfUtils.java:logGet(43)) - raft.server.log.write.buffer.size = 33554432 (custom)
2019-10-14 10:43:55,887 [pool-423-thread-1] INFO  server.RaftServerConfigKeys (ConfUtils.java:logGet(43)) - raft.server.log.statemachine.data.sync = true (default)
2019-10-14 10:43:55,887 [pool-383-thread-1] INFO  segmented.SegmentedRaftLogWorker (SegmentedRaftLogWorker.java:lambda$new$0(128)) - cf294231-87a1-414a-890e-c1695b236b3f@group-10C8F47DD5B8-SegmentedRaftLogWorker: flushIndex: setUnconditionally 0 -> -1
2019-10-14 10:43:55,887 [pool-433-thread-1] INFO  server.RaftServerConfigKeys (ConfUtils.java:logGet(43)) - raft.server.log.force.sync.num = 128 (default)
2019-10-14 10:43:55,887 [pool-423-thread-1] INFO  server.RaftServerConfigKeys (ConfUtils.java:logGet(43)) - raft.server.log.statemachine.data.sync.timeout = 10s (default)
2019-10-14 10:43:55,888 [pool-383-thread-1] INFO  server.RaftServerConfigKeys (ConfUtils.java:logGet(43)) - raft.server.snapshot.auto.trigger.enabled = true (custom)
2019-10-14 10:43:55,888 [pool-433-thread-1] INFO  server.RaftServerConfigKeys (ConfUtils.java:logGet(43)) - raft.server.log.statemachine.data.sync = true (default)
2019-10-14 10:43:55,888 [pool-383-thread-1] INFO  server.RaftServerConfigKeys (ConfUtils.java:logGet(43)) - raft.server.snapshot.auto.trigger.threshold = 10000 (custom)
2019-10-14 10:43:55,888 [pool-423-thread-1] INFO  server.RaftServerConfigKeys (ConfUtils.java:logGet(43)) - raft.server.log.statemachine.data.sync.timeout.retry = -1 (default)
2019-10-14 10:43:55,888 [pool-383-thread-1] INFO  server.RaftServerConfigKeys (ConfUtils.java:logGet(43)) - raft.server.snapshot.retention.file.num = 5 (custom)
2019-10-14 10:43:55,888 [pool-433-thread-1] INFO  server.RaftServerConfigKeys (ConfUtils.java:logGet(43)) - raft.server.log.statemachine.data.sync.timeout = 10s (default)
2019-10-14 10:43:55,888 [pool-383-thread-1] INFO  server.RaftServerConfigKeys (ConfUtils.java:logGet(43)) - raft.server.retrycache.expirytime = 600000ms (custom)
2019-10-14 10:43:55,888 [pool-423-thread-1] INFO  server.RaftServerConfigKeys (ConfUtils.java:logGet(43)) - raft.server.log.statemachine.data.caching.enabled = true (custom)
2019-10-14 10:43:55,888 [pool-433-thread-1] INFO  server.RaftServerConfigKeys (ConfUtils.java:logGet(43)) - raft.server.log.statemachine.data.sync.timeout.retry = -1 (default)
2019-10-14 10:43:55,889 [pool-433-thread-1] INFO  server.RaftServerConfigKeys (ConfUtils.java:logGet(43)) - raft.server.log.statemachine.data.caching.enabled = true (custom)
2019-10-14 10:43:55,889 [pool-423-thread-1] INFO  segmented.SegmentedRaftLogWorker (SegmentedRaftLogWorker.java:lambda$new$0(128)) - 6e958ec2-485e-44e3-8fa3-58c20215af03@group-10C8F47DD5B8-SegmentedRaftLogWorker: flushIndex: setUnconditionally 0 -> -1
2019-10-14 10:43:55,889 [pool-433-thread-1] INFO  segmented.SegmentedRaftLogWorker (SegmentedRaftLogWorker.java:lambda$new$0(128)) - aaca5673-a858-47dd-bff0-53d8dcf719bd@group-10C8F47DD5B8-SegmentedRaftLogWorker: flushIndex: setUnconditionally 0 -> -1
2019-10-14 10:43:55,889 [pool-423-thread-1] INFO  server.RaftServerConfigKeys (ConfUtils.java:logGet(43)) - raft.server.snapshot.auto.trigger.enabled = true (custom)
2019-10-14 10:43:55,889 [pool-433-thread-1] INFO  server.RaftServerConfigKeys (ConfUtils.java:logGet(43)) - raft.server.snapshot.auto.trigger.enabled = true (custom)
2019-10-14 10:43:55,889 [pool-423-thread-1] INFO  server.RaftServerConfigKeys (ConfUtils.java:logGet(43)) - raft.server.snapshot.auto.trigger.threshold = 10000 (custom)
2019-10-14 10:43:55,889 [pool-433-thread-1] INFO  server.RaftServerConfigKeys (ConfUtils.java:logGet(43)) - raft.server.snapshot.auto.trigger.threshold = 10000 (custom)
2019-10-14 10:43:55,889 [pool-423-thread-1] INFO  server.RaftServerConfigKeys (ConfUtils.java:logGet(43)) - raft.server.snapshot.retention.file.num = 5 (custom)
2019-10-14 10:43:55,889 [pool-433-thread-1] INFO  server.RaftServerConfigKeys (ConfUtils.java:logGet(43)) - raft.server.snapshot.retention.file.num = 5 (custom)
2019-10-14 10:43:55,890 [pool-423-thread-1] INFO  server.RaftServerConfigKeys (ConfUtils.java:logGet(43)) - raft.server.retrycache.expirytime = 600000ms (custom)
2019-10-14 10:43:55,890 [pool-433-thread-1] INFO  server.RaftServerConfigKeys (ConfUtils.java:logGet(43)) - raft.server.retrycache.expirytime = 600000ms (custom)
2019-10-14 10:43:55,890 [pool-383-thread-1] INFO  impl.RaftServerImpl (RaftServerImpl.java:start(181)) - cf294231-87a1-414a-890e-c1695b236b3f@group-10C8F47DD5B8: start as a follower, conf=-1: [aaca5673-a858-47dd-bff0-53d8dcf719bd:192.168.151.118:34995, 6e958ec2-485e-44e3-8fa3-58c20215af03:192.168.151.118:40609, cf294231-87a1-414a-890e-c1695b236b3f:192.168.151.118:46096], old=null
2019-10-14 10:43:55,890 [pool-383-thread-1] INFO  impl.RaftServerImpl (RaftServerImpl.java:setRole(170)) - cf294231-87a1-414a-890e-c1695b236b3f@group-10C8F47DD5B8: changes role from      null to FOLLOWER at term 0 for startAsFollower
2019-10-14 10:43:55,890 [pool-383-thread-1] INFO  impl.RoleInfo (RoleInfo.java:updateAndGet(143)) - cf294231-87a1-414a-890e-c1695b236b3f: start FollowerState
2019-10-14 10:43:55,893 [pool-383-thread-1] INFO  util.JmxRegister (JmxRegister.java:tryRegister(44)) - Successfully registered JMX Bean with object name Ratis:service=RaftServer,group=group-10C8F47DD5B8,id=cf294231-87a1-414a-890e-c1695b236b3f
2019-10-14 10:43:55,895 [pool-423-thread-1] INFO  impl.RaftServerImpl (RaftServerImpl.java:start(181)) - 6e958ec2-485e-44e3-8fa3-58c20215af03@group-10C8F47DD5B8: start as a follower, conf=-1: [aaca5673-a858-47dd-bff0-53d8dcf719bd:192.168.151.118:34995, 6e958ec2-485e-44e3-8fa3-58c20215af03:192.168.151.118:40609, cf294231-87a1-414a-890e-c1695b236b3f:192.168.151.118:46096], old=null
2019-10-14 10:43:55,896 [pool-433-thread-1] INFO  impl.RaftServerImpl (RaftServerImpl.java:start(181)) - aaca5673-a858-47dd-bff0-53d8dcf719bd@group-10C8F47DD5B8: start as a follower, conf=-1: [aaca5673-a858-47dd-bff0-53d8dcf719bd:192.168.151.118:34995, 6e958ec2-485e-44e3-8fa3-58c20215af03:192.168.151.118:40609, cf294231-87a1-414a-890e-c1695b236b3f:192.168.151.118:46096], old=null
2019-10-14 10:43:55,896 [pool-423-thread-1] INFO  impl.RaftServerImpl (RaftServerImpl.java:setRole(170)) - 6e958ec2-485e-44e3-8fa3-58c20215af03@group-10C8F47DD5B8: changes role from      null to FOLLOWER at term 0 for startAsFollower
2019-10-14 10:43:55,896 [pool-433-thread-1] INFO  impl.RaftServerImpl (RaftServerImpl.java:setRole(170)) - aaca5673-a858-47dd-bff0-53d8dcf719bd@group-10C8F47DD5B8: changes role from      null to FOLLOWER at term 0 for startAsFollower
2019-10-14 10:43:55,896 [pool-423-thread-1] INFO  impl.RoleInfo (RoleInfo.java:updateAndGet(143)) - 6e958ec2-485e-44e3-8fa3-58c20215af03: start FollowerState
2019-10-14 10:43:55,896 [pool-433-thread-1] INFO  impl.RoleInfo (RoleInfo.java:updateAndGet(143)) - aaca5673-a858-47dd-bff0-53d8dcf719bd: start FollowerState
2019-10-14 10:43:55,896 [pool-423-thread-1] INFO  util.JmxRegister (JmxRegister.java:tryRegister(44)) - Successfully registered JMX Bean with object name Ratis:service=RaftServer,group=group-10C8F47DD5B8,id=6e958ec2-485e-44e3-8fa3-58c20215af03
2019-10-14 10:43:55,896 [pool-433-thread-1] INFO  util.JmxRegister (JmxRegister.java:tryRegister(44)) - Successfully registered JMX Bean with object name Ratis:service=RaftServer,group=group-10C8F47DD5B8,id=aaca5673-a858-47dd-bff0-53d8dcf719bd
2019-10-14 10:43:55,923 [RatisPipelineUtilsThread] INFO  pipeline.PipelineStateManager (PipelineStateManager.java:addPipeline(56)) - Created pipeline Pipeline[ Id: 5d94e096-ccd3-4525-8903-10c8f47dd5b8, Nodes: cf294231-87a1-414a-890e-c1695b236b3f{ip: 192.168.151.118, host: pr-hdds-2296-8rkbz-2376872687, networkLocation: /default-rack, certSerialId: null}6e958ec2-485e-44e3-8fa3-58c20215af03{ip: 192.168.151.118, host: pr-hdds-2296-8rkbz-2376872687, networkLocation: /default-rack, certSerialId: null}aaca5673-a858-47dd-bff0-53d8dcf719bd{ip: 192.168.151.118, host: pr-hdds-2296-8rkbz-2376872687, networkLocation: /default-rack, certSerialId: null}, Type:RATIS, Factor:THREE, State:OPEN]
2019-10-14 10:43:56,056 [Thread-2316] INFO  client.GrpcClientProtocolService (GrpcClientProtocolService.java:lambda$processClientRequest$0(278)) - Failed RaftClientRequest:client-D0A3365461D8->50bac784-5677-491f-b59b-4a4a2fee8033@group-CEA59BAEECCE, cid=68, seq=0, Watch-MAJORITY_COMMITTED(92), Message:<EMPTY>, reply=RaftClientReply:client-D0A3365461D8->50bac784-5677-491f-b59b-4a4a2fee8033@group-CEA59BAEECCE, cid=68, FAILED org.apache.ratis.protocol.NotReplicatedException: Request with call Id 68 and log index 92 is not yet replicated to MAJORITY_COMMITTED, logIndex=92, commits[50bac784-5677-491f-b59b-4a4a2fee8033:c2, faa5a069-6aa5-438b-8b42-f24c62b85906:c2, ab25a5f2-cb66-481d-9ac1-849da04a80bc:c2]
2019-10-14 10:43:56,584 [main] INFO  ozone.MiniOzoneClusterImpl (MiniOzoneClusterImpl.java:lambda$waitForClusterToBeReady$0(147)) - Cluster is ready. Got 7 of 7 DN Heartbeats.
2019-10-14 10:43:56,650 [main] INFO  rpc.RpcClient (RpcClient.java:createVolume(272)) - Creating Volume: watchforcommithandlingtest, with jenkins1000 as owner.
2019-10-14 10:43:56,653 [IPC Server handler 0 on 35418] INFO  volume.OMVolumeCreateRequest (OMVolumeCreateRequest.java:validateAndUpdateCache(193)) - created volume:watchforcommithandlingtest for user:jenkins1000
2019-10-14 10:43:56,675 [main] INFO  rpc.RpcClient (RpcClient.java:createBucket(411)) - Creating Bucket: watchforcommithandlingtest/watchforcommithandlingtest, with Versioning false and Storage Type set to DISK and Encryption set to false 
2019-10-14 10:43:56,680 [main] INFO  ozone.MiniOzoneClusterImpl (MiniOzoneClusterImpl.java:getStorageContainerLocationClient(234)) - Creating StorageContainerLocationProtocol RPC client with address /0.0.0.0:41586
2019-10-14 10:43:57,969 [Thread-2273] INFO  container.ReplicationManager (ReplicationManager.java:start(162)) - Starting Replication Monitor Thread.
2019-10-14 10:43:57,974 [ReplicationMonitor] INFO  container.ReplicationManager (ReplicationManager.java:run(225)) - Replication Monitor Thread took 0 milliseconds for processing 1 containers.
2019-10-14 10:43:58,214 [grpc-default-executor-3] WARN  server.GrpcLogAppender (LogUtils.java:warn(134)) - 50bac784-5677-491f-b59b-4a4a2fee8033@group-CEA59BAEECCE->ab25a5f2-cb66-481d-9ac1-849da04a80bc-AppendLogResponseHandler: Failed appendEntries: org.apache.ratis.thirdparty.io.grpc.StatusRuntimeException: UNAVAILABLE: io exception
2019-10-14 10:43:58,214 [grpc-default-executor-3] INFO  impl.FollowerInfo (FollowerInfo.java:lambda$new$0(51)) - 50bac784-5677-491f-b59b-4a4a2fee8033@group-CEA59BAEECCE->ab25a5f2-cb66-481d-9ac1-849da04a80bc: nextIndex: updateUnconditionally 0 -> 0
2019-10-14 10:43:58,243 [grpc-default-executor-4] WARN  server.GrpcLogAppender (LogUtils.java:warn(134)) - 50bac784-5677-491f-b59b-4a4a2fee8033@group-CEA59BAEECCE->faa5a069-6aa5-438b-8b42-f24c62b85906-AppendLogResponseHandler: Failed appendEntries: org.apache.ratis.thirdparty.io.grpc.StatusRuntimeException: UNAVAILABLE: io exception
2019-10-14 10:43:58,244 [grpc-default-executor-4] INFO  impl.FollowerInfo (FollowerInfo.java:lambda$new$0(51)) - 50bac784-5677-491f-b59b-4a4a2fee8033@group-CEA59BAEECCE->faa5a069-6aa5-438b-8b42-f24c62b85906: nextIndex: updateUnconditionally 0 -> 0
2019-10-14 10:44:00,383 [Thread-2275] INFO  impl.FollowerState (FollowerState.java:run(108)) - cf294231-87a1-414a-890e-c1695b236b3f@group-DB83E5A9A689-FollowerState: change to CANDIDATE, lastRpcTime:5024ms, electionTimeout:5024ms
2019-10-14 10:44:00,383 [Thread-2275] INFO  impl.RoleInfo (RoleInfo.java:shutdownFollowerState(121)) - cf294231-87a1-414a-890e-c1695b236b3f: shutdown FollowerState
2019-10-14 10:44:00,383 [Thread-2275] INFO  impl.RaftServerImpl (RaftServerImpl.java:setRole(170)) - cf294231-87a1-414a-890e-c1695b236b3f@group-DB83E5A9A689: changes role from  FOLLOWER to CANDIDATE at term 0 for changeToCandidate
2019-10-14 10:44:00,383 [Thread-2275] INFO  impl.RoleInfo (RoleInfo.java:updateAndGet(143)) - cf294231-87a1-414a-890e-c1695b236b3f: start LeaderElection
2019-10-14 10:44:00,597 [Thread-2279] INFO  impl.FollowerState (FollowerState.java:run(108)) - d1728222-debe-4fc7-871e-837563ecbabc@group-E647EF92FBF5-FollowerState: change to CANDIDATE, lastRpcTime:5174ms, electionTimeout:5174ms
2019-10-14 10:44:00,597 [Thread-2279] INFO  impl.RoleInfo (RoleInfo.java:shutdownFollowerState(121)) - d1728222-debe-4fc7-871e-837563ecbabc: shutdown FollowerState
2019-10-14 10:44:00,597 [Thread-2279] INFO  impl.RaftServerImpl (RaftServerImpl.java:setRole(170)) - d1728222-debe-4fc7-871e-837563ecbabc@group-E647EF92FBF5: changes role from  FOLLOWER to CANDIDATE at term 0 for changeToCandidate
2019-10-14 10:44:00,598 [Thread-2279] INFO  impl.RoleInfo (RoleInfo.java:updateAndGet(143)) - d1728222-debe-4fc7-871e-837563ecbabc: start LeaderElection
2019-10-14 10:44:00,667 [Thread-2282] INFO  impl.FollowerState (FollowerState.java:run(108)) - 61c3fb4b-4bb4-403a-91fd-ac929bb12f3e@group-48FF9CDC5359-FollowerState: change to CANDIDATE, lastRpcTime:5166ms, electionTimeout:5166ms
2019-10-14 10:44:00,668 [Thread-2282] INFO  impl.RoleInfo (RoleInfo.java:shutdownFollowerState(121)) - 61c3fb4b-4bb4-403a-91fd-ac929bb12f3e: shutdown FollowerState
2019-10-14 10:44:00,668 [Thread-2282] INFO  impl.RaftServerImpl (RaftServerImpl.java:setRole(170)) - 61c3fb4b-4bb4-403a-91fd-ac929bb12f3e@group-48FF9CDC5359: changes role from  FOLLOWER to CANDIDATE at term 0 for changeToCandidate
2019-10-14 10:44:00,668 [Thread-2282] INFO  impl.RoleInfo (RoleInfo.java:updateAndGet(143)) - 61c3fb4b-4bb4-403a-91fd-ac929bb12f3e: start LeaderElection
2019-10-14 10:44:00,715 [grpc-default-executor-9] WARN  server.GrpcLogAppender (LogUtils.java:warn(134)) - 50bac784-5677-491f-b59b-4a4a2fee8033@group-CEA59BAEECCE->ab25a5f2-cb66-481d-9ac1-849da04a80bc-AppendLogResponseHandler: Failed appendEntries: org.apache.ratis.thirdparty.io.grpc.StatusRuntimeException: UNAVAILABLE: io exception
2019-10-14 10:44:00,715 [grpc-default-executor-9] INFO  impl.FollowerInfo (FollowerInfo.java:lambda$new$0(51)) - 50bac784-5677-491f-b59b-4a4a2fee8033@group-CEA59BAEECCE->ab25a5f2-cb66-481d-9ac1-849da04a80bc: nextIndex: updateUnconditionally 0 -> 0
2019-10-14 10:44:00,727 [Thread-2291] INFO  impl.FollowerState (FollowerState.java:run(108)) - 05418579-ba8a-4912-9487-34133cf43f33@group-B4D477886CDB-FollowerState: change to CANDIDATE, lastRpcTime:5063ms, electionTimeout:5063ms
2019-10-14 10:44:00,727 [Thread-2291] INFO  impl.RoleInfo (RoleInfo.java:shutdownFollowerState(121)) - 05418579-ba8a-4912-9487-34133cf43f33: shutdown FollowerState
2019-10-14 10:44:00,727 [Thread-2291] INFO  impl.RaftServerImpl (RaftServerImpl.java:setRole(170)) - 05418579-ba8a-4912-9487-34133cf43f33@group-B4D477886CDB: changes role from  FOLLOWER to CANDIDATE at term 0 for changeToCandidate
2019-10-14 10:44:00,728 [Thread-2291] INFO  impl.RoleInfo (RoleInfo.java:updateAndGet(143)) - 05418579-ba8a-4912-9487-34133cf43f33: start LeaderElection
2019-10-14 10:44:00,741 [Thread-2285] INFO  impl.FollowerState (FollowerState.java:run(108)) - 6e958ec2-485e-44e3-8fa3-58c20215af03@group-AA5509F0F4DA-FollowerState: change to CANDIDATE, lastRpcTime:5192ms, electionTimeout:5192ms
2019-10-14 10:44:00,741 [Thread-2285] INFO  impl.RoleInfo (RoleInfo.java:shutdownFollowerState(121)) - 6e958ec2-485e-44e3-8fa3-58c20215af03: shutdown FollowerState
2019-10-14 10:44:00,741 [Thread-2285] INFO  impl.RaftServerImpl (RaftServerImpl.java:setRole(170)) - 6e958ec2-485e-44e3-8fa3-58c20215af03@group-AA5509F0F4DA: changes role from  FOLLOWER to CANDIDATE at term 0 for changeToCandidate
2019-10-14 10:44:00,741 [Thread-2285] INFO  impl.RoleInfo (RoleInfo.java:updateAndGet(143)) - 6e958ec2-485e-44e3-8fa3-58c20215af03: start LeaderElection
2019-10-14 10:44:00,749 [Thread-2288] INFO  impl.FollowerState (FollowerState.java:run(108)) - aaca5673-a858-47dd-bff0-53d8dcf719bd@group-6635A9101FA3-FollowerState: change to CANDIDATE, lastRpcTime:5154ms, electionTimeout:5151ms
2019-10-14 10:44:00,749 [Thread-2288] INFO  impl.RoleInfo (RoleInfo.java:shutdownFollowerState(121)) - aaca5673-a858-47dd-bff0-53d8dcf719bd: shutdown FollowerState
2019-10-14 10:44:00,749 [Thread-2288] INFO  impl.RaftServerImpl (RaftServerImpl.java:setRole(170)) - aaca5673-a858-47dd-bff0-53d8dcf719bd@group-6635A9101FA3: changes role from  FOLLOWER to CANDIDATE at term 0 for changeToCandidate
2019-10-14 10:44:00,749 [Thread-2288] INFO  impl.RoleInfo (RoleInfo.java:updateAndGet(143)) - aaca5673-a858-47dd-bff0-53d8dcf719bd: start LeaderElection
2019-10-14 10:44:00,757 [grpc-default-executor-3] WARN  server.GrpcLogAppender (LogUtils.java:warn(134)) - 50bac784-5677-491f-b59b-4a4a2fee8033@group-CEA59BAEECCE->faa5a069-6aa5-438b-8b42-f24c62b85906-AppendLogResponseHandler: Failed appendEntries: org.apache.ratis.thirdparty.io.grpc.StatusRuntimeException: UNAVAILABLE: io exception
2019-10-14 10:44:00,757 [grpc-default-executor-3] INFO  impl.FollowerInfo (FollowerInfo.java:lambda$new$0(51)) - 50bac784-5677-491f-b59b-4a4a2fee8033@group-CEA59BAEECCE->faa5a069-6aa5-438b-8b42-f24c62b85906: nextIndex: updateUnconditionally 0 -> 0
2019-10-14 10:44:00,866 [Thread-2294] INFO  impl.FollowerState (FollowerState.java:run(108)) - adb76359-5de2-49c4-8afc-8012c71945c0@group-C8E4E35B289E-FollowerState: change to CANDIDATE, lastRpcTime:5148ms, electionTimeout:5148ms
2019-10-14 10:44:00,867 [Thread-2294] INFO  impl.RoleInfo (RoleInfo.java:shutdownFollowerState(121)) - adb76359-5de2-49c4-8afc-8012c71945c0: shutdown FollowerState
2019-10-14 10:44:00,867 [Thread-2294] INFO  impl.RaftServerImpl (RaftServerImpl.java:setRole(170)) - adb76359-5de2-49c4-8afc-8012c71945c0@group-C8E4E35B289E: changes role from  FOLLOWER to CANDIDATE at term 0 for changeToCandidate
2019-10-14 10:44:00,867 [Thread-2294] INFO  impl.RoleInfo (RoleInfo.java:updateAndGet(143)) - adb76359-5de2-49c4-8afc-8012c71945c0: start LeaderElection
2019-10-14 10:44:00,913 [Thread-2302] INFO  impl.FollowerState (FollowerState.java:run(108)) - 05418579-ba8a-4912-9487-34133cf43f33@group-2FD4925BA0EA-FollowerState: change to CANDIDATE, lastRpcTime:5100ms, electionTimeout:5100ms
2019-10-14 10:44:00,913 [Thread-2302] INFO  impl.RoleInfo (RoleInfo.java:shutdownFollowerState(121)) - 05418579-ba8a-4912-9487-34133cf43f33: shutdown FollowerState
2019-10-14 10:44:00,913 [Thread-2302] INFO  impl.RaftServerImpl (RaftServerImpl.java:setRole(170)) - 05418579-ba8a-4912-9487-34133cf43f33@group-2FD4925BA0EA: changes role from  FOLLOWER to CANDIDATE at term 0 for changeToCandidate
2019-10-14 10:44:00,913 [Thread-2302] INFO  impl.RoleInfo (RoleInfo.java:updateAndGet(143)) - 05418579-ba8a-4912-9487-34133cf43f33: start LeaderElection
2019-10-14 10:44:00,917 [Thread-2310] INFO  impl.FollowerState (FollowerState.java:run(108)) - aaca5673-a858-47dd-bff0-53d8dcf719bd@group-10C8F47DD5B8-FollowerState: change to CANDIDATE, lastRpcTime:5020ms, electionTimeout:5019ms
2019-10-14 10:44:00,917 [Thread-2310] INFO  impl.RoleInfo (RoleInfo.java:shutdownFollowerState(121)) - aaca5673-a858-47dd-bff0-53d8dcf719bd: shutdown FollowerState
2019-10-14 10:44:00,920 [Thread-2310] INFO  impl.RaftServerImpl (RaftServerImpl.java:setRole(170)) - aaca5673-a858-47dd-bff0-53d8dcf719bd@group-10C8F47DD5B8: changes role from  FOLLOWER to CANDIDATE at term 0 for changeToCandidate
2019-10-14 10:44:00,920 [Thread-2310] INFO  impl.RoleInfo (RoleInfo.java:updateAndGet(143)) - aaca5673-a858-47dd-bff0-53d8dcf719bd: start LeaderElection
2019-10-14 10:44:00,929 [Thread-2297] INFO  impl.FollowerState (FollowerState.java:run(108)) - d1728222-debe-4fc7-871e-837563ecbabc@group-2FD4925BA0EA-FollowerState: change to CANDIDATE, lastRpcTime:5127ms, electionTimeout:5126ms
2019-10-14 10:44:00,929 [Thread-2297] INFO  impl.RoleInfo (RoleInfo.java:shutdownFollowerState(121)) - d1728222-debe-4fc7-871e-837563ecbabc: shutdown FollowerState
2019-10-14 10:44:00,929 [Thread-2297] INFO  impl.RaftServerImpl (RaftServerImpl.java:setRole(170)) - d1728222-debe-4fc7-871e-837563ecbabc@group-2FD4925BA0EA: changes role from  FOLLOWER to CANDIDATE at term 0 for changeToCandidate
2019-10-14 10:44:00,930 [Thread-2297] INFO  impl.RoleInfo (RoleInfo.java:updateAndGet(143)) - d1728222-debe-4fc7-871e-837563ecbabc: start LeaderElection
2019-10-14 10:44:00,938 [Thread-2308] INFO  impl.FollowerState (FollowerState.java:run(108)) - cf294231-87a1-414a-890e-c1695b236b3f@group-10C8F47DD5B8-FollowerState: change to CANDIDATE, lastRpcTime:5047ms, electionTimeout:5045ms
2019-10-14 10:44:00,938 [Thread-2308] INFO  impl.RoleInfo (RoleInfo.java:shutdownFollowerState(121)) - cf294231-87a1-414a-890e-c1695b236b3f: shutdown FollowerState
2019-10-14 10:44:00,938 [Thread-2308] INFO  impl.RaftServerImpl (RaftServerImpl.java:setRole(170)) - cf294231-87a1-414a-890e-c1695b236b3f@group-10C8F47DD5B8: changes role from  FOLLOWER to CANDIDATE at term 0 for changeToCandidate
2019-10-14 10:44:00,938 [Thread-2308] INFO  impl.RoleInfo (RoleInfo.java:updateAndGet(143)) - cf294231-87a1-414a-890e-c1695b236b3f: start LeaderElection
2019-10-14 10:44:00,988 [Thread-2301] INFO  impl.FollowerState (FollowerState.java:run(108)) - 61c3fb4b-4bb4-403a-91fd-ac929bb12f3e@group-2FD4925BA0EA-FollowerState: change to CANDIDATE, lastRpcTime:5176ms, electionTimeout:5176ms
2019-10-14 10:44:00,988 [Thread-2301] INFO  impl.RoleInfo (RoleInfo.java:shutdownFollowerState(121)) - 61c3fb4b-4bb4-403a-91fd-ac929bb12f3e: shutdown FollowerState
2019-10-14 10:44:00,988 [Thread-2301] INFO  impl.RaftServerImpl (RaftServerImpl.java:setRole(170)) - 61c3fb4b-4bb4-403a-91fd-ac929bb12f3e@group-2FD4925BA0EA: changes role from  FOLLOWER to CANDIDATE at term 0 for changeToCandidate
2019-10-14 10:44:00,988 [Thread-2301] INFO  impl.RoleInfo (RoleInfo.java:updateAndGet(143)) - 61c3fb4b-4bb4-403a-91fd-ac929bb12f3e: start LeaderElection
2019-10-14 10:44:01,000 [Thread-2309] INFO  impl.FollowerState (FollowerState.java:run(108)) - 6e958ec2-485e-44e3-8fa3-58c20215af03@group-10C8F47DD5B8-FollowerState: change to CANDIDATE, lastRpcTime:5104ms, electionTimeout:5104ms
2019-10-14 10:44:01,000 [Thread-2309] INFO  impl.RoleInfo (RoleInfo.java:shutdownFollowerState(121)) - 6e958ec2-485e-44e3-8fa3-58c20215af03: shutdown FollowerState
2019-10-14 10:44:01,001 [Thread-2309] INFO  impl.RaftServerImpl (RaftServerImpl.java:setRole(170)) - 6e958ec2-485e-44e3-8fa3-58c20215af03@group-10C8F47DD5B8: changes role from  FOLLOWER to CANDIDATE at term 0 for changeToCandidate
2019-10-14 10:44:01,001 [Thread-2309] INFO  impl.RoleInfo (RoleInfo.java:updateAndGet(143)) - 6e958ec2-485e-44e3-8fa3-58c20215af03: start LeaderElection
2019-10-14 10:44:03,215 [grpc-default-executor-3] WARN  server.GrpcLogAppender (LogUtils.java:warn(134)) - 50bac784-5677-491f-b59b-4a4a2fee8033@group-CEA59BAEECCE->ab25a5f2-cb66-481d-9ac1-849da04a80bc-AppendLogResponseHandler: Failed appendEntries: org.apache.ratis.thirdparty.io.grpc.StatusRuntimeException: UNAVAILABLE: io exception
2019-10-14 10:44:03,216 [grpc-default-executor-3] INFO  impl.FollowerInfo (FollowerInfo.java:lambda$new$0(51)) - 50bac784-5677-491f-b59b-4a4a2fee8033@group-CEA59BAEECCE->ab25a5f2-cb66-481d-9ac1-849da04a80bc: nextIndex: updateUnconditionally 0 -> 0
2019-10-14 10:44:03,251 [grpc-default-executor-3] WARN  server.GrpcLogAppender (LogUtils.java:warn(134)) - 50bac784-5677-491f-b59b-4a4a2fee8033@group-CEA59BAEECCE->faa5a069-6aa5-438b-8b42-f24c62b85906-AppendLogResponseHandler: Failed appendEntries: org.apache.ratis.thirdparty.io.grpc.StatusRuntimeException: UNAVAILABLE: io exception
2019-10-14 10:44:03,252 [grpc-default-executor-3] INFO  impl.FollowerInfo (FollowerInfo.java:lambda$new$0(51)) - 50bac784-5677-491f-b59b-4a4a2fee8033@group-CEA59BAEECCE->faa5a069-6aa5-438b-8b42-f24c62b85906: nextIndex: updateUnconditionally 0 -> 0
2019-10-14 10:44:05,717 [grpc-default-executor-1] WARN  server.GrpcLogAppender (LogUtils.java:warn(134)) - 50bac784-5677-491f-b59b-4a4a2fee8033@group-CEA59BAEECCE->ab25a5f2-cb66-481d-9ac1-849da04a80bc-AppendLogResponseHandler: Failed appendEntries: org.apache.ratis.thirdparty.io.grpc.StatusRuntimeException: UNAVAILABLE: io exception
2019-10-14 10:44:05,751 [grpc-default-executor-4] WARN  server.GrpcLogAppender (LogUtils.java:warn(134)) - 50bac784-5677-491f-b59b-4a4a2fee8033@group-CEA59BAEECCE->faa5a069-6aa5-438b-8b42-f24c62b85906-AppendLogResponseHandler: Failed appendEntries: org.apache.ratis.thirdparty.io.grpc.StatusRuntimeException: UNAVAILABLE: io exception
2019-10-14 10:44:07,296 [grpc-default-executor-1] INFO  impl.FollowerInfo (FollowerInfo.java:lambda$new$0(51)) - 50bac784-5677-491f-b59b-4a4a2fee8033@group-CEA59BAEECCE->ab25a5f2-cb66-481d-9ac1-849da04a80bc: nextIndex: updateUnconditionally 0 -> 0
2019-10-14 10:44:07,296 [SCM Heartbeat Processing Thread - 0] ERROR node.NodeStateManager (NodeStateManager.java:checkNodesHealth(626)) - Total time spend processing datanode HB's is greater than configured values for datanode heartbeats. Please adjust the heartbeat configs. Time Spend on HB processing: 0 seconds Datanode heartbeat Interval: 100 seconds.
2019-10-14 10:44:07,305 [EventQueue-StaleNodeForStaleNodeHandler] INFO  node.StaleNodeHandler (StaleNodeHandler.java:onMessage(58)) - Datanode faa5a069-6aa5-438b-8b42-f24c62b85906{ip: 192.168.151.118, host: pr-hdds-2296-8rkbz-2376872687, networkLocation: /default-rack, certSerialId: null} moved to stale state. Finalizing its pipelines [PipelineID=a6937e34-a561-4bef-ae0c-cea59baeecce, PipelineID=01b9501e-9cf4-4a56-9f40-0eb3668ea71e]
2019-10-14 10:44:07,305 [Thread-2361] INFO  client.GrpcClientProtocolService (GrpcClientProtocolService.java:lambda$processClientRequest$0(278)) - Failed RaftClientRequest:client-D0A3365461D8->50bac784-5677-491f-b59b-4a4a2fee8033@group-CEA59BAEECCE, cid=68, seq=0, Watch-MAJORITY_COMMITTED(92), Message:<EMPTY>, reply=RaftClientReply:client-D0A3365461D8->50bac784-5677-491f-b59b-4a4a2fee8033@group-CEA59BAEECCE, cid=68, FAILED org.apache.ratis.protocol.NotReplicatedException: Request with call Id 68 and log index 92 is not yet replicated to MAJORITY_COMMITTED, logIndex=92, commits[50bac784-5677-491f-b59b-4a4a2fee8033:c2, faa5a069-6aa5-438b-8b42-f24c62b85906:c2, ab25a5f2-cb66-481d-9ac1-849da04a80bc:c2]
2019-10-14 10:44:07,305 [SCM Heartbeat Processing Thread - 0] ERROR node.NodeStateManager (NodeStateManager.java:checkNodesHealth(626)) - Total time spend processing datanode HB's is greater than configured values for datanode heartbeats. Please adjust the heartbeat configs. Time Spend on HB processing: 1 seconds Datanode heartbeat Interval: 100 seconds.
2019-10-14 10:44:07,313 [EventQueue-StaleNodeForStaleNodeHandler] INFO  pipeline.SCMPipelineManager (SCMPipelineManager.java:finalizeAndDestroyPipeline(315)) - destroying pipeline:Pipeline[ Id: a6937e34-a561-4bef-ae0c-cea59baeecce, Nodes: faa5a069-6aa5-438b-8b42-f24c62b85906{ip: 192.168.151.118, host: pr-hdds-2296-8rkbz-2376872687, networkLocation: /default-rack, certSerialId: null}ab25a5f2-cb66-481d-9ac1-849da04a80bc{ip: 192.168.151.118, host: pr-hdds-2296-8rkbz-2376872687, networkLocation: /default-rack, certSerialId: null}50bac784-5677-491f-b59b-4a4a2fee8033{ip: 192.168.151.118, host: pr-hdds-2296-8rkbz-2376872687, networkLocation: /default-rack, certSerialId: null}, Type:RATIS, Factor:THREE, State:OPEN]
2019-10-14 10:44:07,309 [grpc-default-executor-4] INFO  impl.FollowerInfo (FollowerInfo.java:lambda$new$0(51)) - 50bac784-5677-491f-b59b-4a4a2fee8033@group-CEA59BAEECCE->faa5a069-6aa5-438b-8b42-f24c62b85906: nextIndex: updateUnconditionally 0 -> 0
2019-10-14 10:44:07,347 [EventQueue-StaleNodeForStaleNodeHandler] INFO  pipeline.PipelineStateManager (PipelineStateManager.java:finalizePipeline(123)) - Pipeline Pipeline[ Id: a6937e34-a561-4bef-ae0c-cea59baeecce, Nodes: faa5a069-6aa5-438b-8b42-f24c62b85906{ip: 192.168.151.118, host: pr-hdds-2296-8rkbz-2376872687, networkLocation: /default-rack, certSerialId: null}ab25a5f2-cb66-481d-9ac1-849da04a80bc{ip: 192.168.151.118, host: pr-hdds-2296-8rkbz-2376872687, networkLocation: /default-rack, certSerialId: null}50bac784-5677-491f-b59b-4a4a2fee8033{ip: 192.168.151.118, host: pr-hdds-2296-8rkbz-2376872687, networkLocation: /default-rack, certSerialId: null}, Type:RATIS, Factor:THREE, State:CLOSED] moved to CLOSED state
2019-10-14 10:44:07,356 [EventQueue-CloseContainerForCloseContainerEventHandler] INFO  container.CloseContainerEventHandler (CloseContainerEventHandler.java:onMessage(61)) - Close container Event triggered for container : #1
2019-10-14 10:44:07,356 [EventQueue-StaleNodeForStaleNodeHandler] INFO  pipeline.SCMPipelineManager (SCMPipelineManager.java:finalizeAndDestroyPipeline(315)) - destroying pipeline:Pipeline[ Id: 01b9501e-9cf4-4a56-9f40-0eb3668ea71e, Nodes: faa5a069-6aa5-438b-8b42-f24c62b85906{ip: 192.168.151.118, host: pr-hdds-2296-8rkbz-2376872687, networkLocation: /default-rack, certSerialId: null}, Type:RATIS, Factor:ONE, State:OPEN]
2019-10-14 10:44:07,359 [EventQueue-StaleNodeForStaleNodeHandler] INFO  pipeline.PipelineStateManager (PipelineStateManager.java:finalizePipeline(123)) - Pipeline Pipeline[ Id: 01b9501e-9cf4-4a56-9f40-0eb3668ea71e, Nodes: faa5a069-6aa5-438b-8b42-f24c62b85906{ip: 192.168.151.118, host: pr-hdds-2296-8rkbz-2376872687, networkLocation: /default-rack, certSerialId: null}, Type:RATIS, Factor:ONE, State:CLOSED] moved to CLOSED state
2019-10-14 10:44:08,217 [grpc-default-executor-10] WARN  server.GrpcLogAppender (LogUtils.java:warn(134)) - 50bac784-5677-491f-b59b-4a4a2fee8033@group-CEA59BAEECCE->ab25a5f2-cb66-481d-9ac1-849da04a80bc-AppendLogResponseHandler: Failed appendEntries: org.apache.ratis.thirdparty.io.grpc.StatusRuntimeException: UNAVAILABLE: io exception
2019-10-14 10:44:08,217 [grpc-default-executor-10] INFO  impl.FollowerInfo (FollowerInfo.java:lambda$new$0(51)) - 50bac784-5677-491f-b59b-4a4a2fee8033@group-CEA59BAEECCE->ab25a5f2-cb66-481d-9ac1-849da04a80bc: nextIndex: updateUnconditionally 0 -> 0
2019-10-14 10:44:08,252 [grpc-default-executor-10] WARN  server.GrpcLogAppender (LogUtils.java:warn(134)) - 50bac784-5677-491f-b59b-4a4a2fee8033@group-CEA59BAEECCE->faa5a069-6aa5-438b-8b42-f24c62b85906-AppendLogResponseHandler: Failed appendEntries: org.apache.ratis.thirdparty.io.grpc.StatusRuntimeException: UNAVAILABLE: io exception
2019-10-14 10:44:08,253 [grpc-default-executor-10] INFO  impl.FollowerInfo (FollowerInfo.java:lambda$new$0(51)) - 50bac784-5677-491f-b59b-4a4a2fee8033@group-CEA59BAEECCE->faa5a069-6aa5-438b-8b42-f24c62b85906: nextIndex: updateUnconditionally 0 -> 0
2019-10-14 10:44:10,716 [grpc-default-executor-10] WARN  server.GrpcLogAppender (LogUtils.java:warn(134)) - 50bac784-5677-491f-b59b-4a4a2fee8033@group-CEA59BAEECCE->ab25a5f2-cb66-481d-9ac1-849da04a80bc-AppendLogResponseHandler: Failed appendEntries: org.apache.ratis.thirdparty.io.grpc.StatusRuntimeException: UNAVAILABLE: io exception
2019-10-14 10:44:10,717 [grpc-default-executor-10] INFO  impl.FollowerInfo (FollowerInfo.java:lambda$new$0(51)) - 50bac784-5677-491f-b59b-4a4a2fee8033@group-CEA59BAEECCE->ab25a5f2-cb66-481d-9ac1-849da04a80bc: nextIndex: updateUnconditionally 0 -> 0
2019-10-14 10:44:10,752 [grpc-default-executor-1] WARN  server.GrpcLogAppender (LogUtils.java:warn(134)) - 50bac784-5677-491f-b59b-4a4a2fee8033@group-CEA59BAEECCE->faa5a069-6aa5-438b-8b42-f24c62b85906-AppendLogResponseHandler: Failed appendEntries: org.apache.ratis.thirdparty.io.grpc.StatusRuntimeException: UNAVAILABLE: io exception
2019-10-14 10:44:10,753 [grpc-default-executor-1] INFO  impl.FollowerInfo (FollowerInfo.java:lambda$new$0(51)) - 50bac784-5677-491f-b59b-4a4a2fee8033@group-CEA59BAEECCE->faa5a069-6aa5-438b-8b42-f24c62b85906: nextIndex: updateUnconditionally 0 -> 0
2019-10-14 10:44:10,921 [EventQueue-StaleNodeForStaleNodeHandler] INFO  node.StaleNodeHandler (StaleNodeHandler.java:onMessage(58)) - Datanode ab25a5f2-cb66-481d-9ac1-849da04a80bc{ip: 192.168.151.118, host: pr-hdds-2296-8rkbz-2376872687, networkLocation: /default-rack, certSerialId: null} moved to stale state. Finalizing its pipelines [PipelineID=a6937e34-a561-4bef-ae0c-cea59baeecce, PipelineID=fe002153-1567-4141-a7d0-1a812315af86]
2019-10-14 10:44:10,922 [EventQueue-StaleNodeForStaleNodeHandler] INFO  pipeline.SCMPipelineManager (SCMPipelineManager.java:finalizeAndDestroyPipeline(315)) - destroying pipeline:Pipeline[ Id: a6937e34-a561-4bef-ae0c-cea59baeecce, Nodes: faa5a069-6aa5-438b-8b42-f24c62b85906{ip: 192.168.151.118, host: pr-hdds-2296-8rkbz-2376872687, networkLocation: /default-rack, certSerialId: null}ab25a5f2-cb66-481d-9ac1-849da04a80bc{ip: 192.168.151.118, host: pr-hdds-2296-8rkbz-2376872687, networkLocation: /default-rack, certSerialId: null}50bac784-5677-491f-b59b-4a4a2fee8033{ip: 192.168.151.118, host: pr-hdds-2296-8rkbz-2376872687, networkLocation: /default-rack, certSerialId: null}, Type:RATIS, Factor:THREE, State:CLOSED]
2019-10-14 10:44:10,922 [EventQueue-StaleNodeForStaleNodeHandler] INFO  pipeline.SCMPipelineManager (SCMPipelineManager.java:finalizeAndDestroyPipeline(315)) - destroying pipeline:Pipeline[ Id: fe002153-1567-4141-a7d0-1a812315af86, Nodes: ab25a5f2-cb66-481d-9ac1-849da04a80bc{ip: 192.168.151.118, host: pr-hdds-2296-8rkbz-2376872687, networkLocation: /default-rack, certSerialId: null}, Type:RATIS, Factor:ONE, State:OPEN]
2019-10-14 10:44:10,922 [EventQueue-StaleNodeForStaleNodeHandler] INFO  pipeline.PipelineStateManager (PipelineStateManager.java:finalizePipeline(123)) - Pipeline Pipeline[ Id: fe002153-1567-4141-a7d0-1a812315af86, Nodes: ab25a5f2-cb66-481d-9ac1-849da04a80bc{ip: 192.168.151.118, host: pr-hdds-2296-8rkbz-2376872687, networkLocation: /default-rack, certSerialId: null}, Type:RATIS, Factor:ONE, State:CLOSED] moved to CLOSED state
2019-10-14 10:44:13,217 [grpc-default-executor-1] WARN  server.GrpcLogAppender (LogUtils.java:warn(134)) - 50bac784-5677-491f-b59b-4a4a2fee8033@group-CEA59BAEECCE->ab25a5f2-cb66-481d-9ac1-849da04a80bc-AppendLogResponseHandler: Failed appendEntries: org.apache.ratis.thirdparty.io.grpc.StatusRuntimeException: UNAVAILABLE: io exception
2019-10-14 10:44:13,224 [grpc-default-executor-1] INFO  impl.FollowerInfo (FollowerInfo.java:lambda$new$0(51)) - 50bac784-5677-491f-b59b-4a4a2fee8033@group-CEA59BAEECCE->ab25a5f2-cb66-481d-9ac1-849da04a80bc: nextIndex: updateUnconditionally 0 -> 0
2019-10-14 10:44:13,252 [grpc-default-executor-1] WARN  server.GrpcLogAppender (LogUtils.java:warn(134)) - 50bac784-5677-491f-b59b-4a4a2fee8033@group-CEA59BAEECCE->faa5a069-6aa5-438b-8b42-f24c62b85906-AppendLogResponseHandler: Failed appendEntries: org.apache.ratis.thirdparty.io.grpc.StatusRuntimeException: UNAVAILABLE: io exception
2019-10-14 10:44:13,253 [grpc-default-executor-1] INFO  impl.FollowerInfo (FollowerInfo.java:lambda$new$0(51)) - 50bac784-5677-491f-b59b-4a4a2fee8033@group-CEA59BAEECCE->faa5a069-6aa5-438b-8b42-f24c62b85906: nextIndex: updateUnconditionally 0 -> 0
2019-10-14 10:44:15,718 [grpc-default-executor-1] WARN  server.GrpcLogAppender (LogUtils.java:warn(134)) - 50bac784-5677-491f-b59b-4a4a2fee8033@group-CEA59BAEECCE->ab25a5f2-cb66-481d-9ac1-849da04a80bc-AppendLogResponseHandler: Failed appendEntries: org.apache.ratis.thirdparty.io.grpc.StatusRuntimeException: UNAVAILABLE: io exception
2019-10-14 10:44:15,719 [grpc-default-executor-1] INFO  impl.FollowerInfo (FollowerInfo.java:lambda$new$0(51)) - 50bac784-5677-491f-b59b-4a4a2fee8033@group-CEA59BAEECCE->ab25a5f2-cb66-481d-9ac1-849da04a80bc: nextIndex: updateUnconditionally 0 -> 0
2019-10-14 10:44:15,753 [grpc-default-executor-1] WARN  server.GrpcLogAppender (LogUtils.java:warn(134)) - 50bac784-5677-491f-b59b-4a4a2fee8033@group-CEA59BAEECCE->faa5a069-6aa5-438b-8b42-f24c62b85906-AppendLogResponseHandler: Failed appendEntries: org.apache.ratis.thirdparty.io.grpc.StatusRuntimeException: UNAVAILABLE: io exception
2019-10-14 10:44:15,753 [grpc-default-executor-1] INFO  impl.FollowerInfo (FollowerInfo.java:lambda$new$0(51)) - 50bac784-5677-491f-b59b-4a4a2fee8033@group-CEA59BAEECCE->faa5a069-6aa5-438b-8b42-f24c62b85906: nextIndex: updateUnconditionally 0 -> 0
2019-10-14 10:44:18,219 [grpc-default-executor-1] WARN  server.GrpcLogAppender (LogUtils.java:warn(134)) - 50bac784-5677-491f-b59b-4a4a2fee8033@group-CEA59BAEECCE->ab25a5f2-cb66-481d-9ac1-849da04a80bc-AppendLogResponseHandler: Failed appendEntries: org.apache.ratis.thirdparty.io.grpc.StatusRuntimeException: UNAVAILABLE: io exception
2019-10-14 10:44:18,220 [grpc-default-executor-1] INFO  impl.FollowerInfo (FollowerInfo.java:lambda$new$0(51)) - 50bac784-5677-491f-b59b-4a4a2fee8033@group-CEA59BAEECCE->ab25a5f2-cb66-481d-9ac1-849da04a80bc: nextIndex: updateUnconditionally 0 -> 0
2019-10-14 10:44:18,254 [grpc-default-executor-1] WARN  server.GrpcLogAppender (LogUtils.java:warn(134)) - 50bac784-5677-491f-b59b-4a4a2fee8033@group-CEA59BAEECCE->faa5a069-6aa5-438b-8b42-f24c62b85906-AppendLogResponseHandler: Failed appendEntries: org.apache.ratis.thirdparty.io.grpc.StatusRuntimeException: UNAVAILABLE: io exception
2019-10-14 10:44:18,254 [grpc-default-executor-1] INFO  impl.FollowerInfo (FollowerInfo.java:lambda$new$0(51)) - 50bac784-5677-491f-b59b-4a4a2fee8033@group-CEA59BAEECCE->faa5a069-6aa5-438b-8b42-f24c62b85906: nextIndex: updateUnconditionally 0 -> 0
2019-10-14 10:44:18,609 [d1728222-debe-4fc7-871e-837563ecbabc@group-E647EF92FBF5-LeaderElection54] INFO  impl.LeaderElection (LeaderElection.java:askForVotes(178)) - d1728222-debe-4fc7-871e-837563ecbabc@group-E647EF92FBF5-LeaderElection54: begin an election at term 1 for -1: [d1728222-debe-4fc7-871e-837563ecbabc:192.168.151.118:38001], old=null
2019-10-14 10:44:18,609 [cf294231-87a1-414a-890e-c1695b236b3f@group-DB83E5A9A689-LeaderElection53] INFO  impl.LeaderElection (LeaderElection.java:askForVotes(178)) - cf294231-87a1-414a-890e-c1695b236b3f@group-DB83E5A9A689-LeaderElection53: begin an election at term 1 for -1: [cf294231-87a1-414a-890e-c1695b236b3f:192.168.151.118:46096], old=null
2019-10-14 10:44:18,609 [d1728222-debe-4fc7-871e-837563ecbabc@group-E647EF92FBF5-LeaderElection54] INFO  impl.RoleInfo (RoleInfo.java:shutdownLeaderElection(134)) - d1728222-debe-4fc7-871e-837563ecbabc: shutdown LeaderElection
2019-10-14 10:44:18,609 [aaca5673-a858-47dd-bff0-53d8dcf719bd@group-6635A9101FA3-LeaderElection58] INFO  impl.LeaderElection (LeaderElection.java:askForVotes(178)) - aaca5673-a858-47dd-bff0-53d8dcf719bd@group-6635A9101FA3-LeaderElection58: begin an election at term 1 for -1: [aaca5673-a858-47dd-bff0-53d8dcf719bd:192.168.151.118:34995], old=null
2019-10-14 10:44:18,609 [05418579-ba8a-4912-9487-34133cf43f33@group-2FD4925BA0EA-LeaderElection60] INFO  impl.LeaderElection (LeaderElection.java:askForVotes(178)) - 05418579-ba8a-4912-9487-34133cf43f33@group-2FD4925BA0EA-LeaderElection60: begin an election at term 1 for -1: [d1728222-debe-4fc7-871e-837563ecbabc:192.168.151.118:38001, 05418579-ba8a-4912-9487-34133cf43f33:192.168.151.118:39531, 61c3fb4b-4bb4-403a-91fd-ac929bb12f3e:192.168.151.118:45157], old=null
2019-10-14 10:44:18,609 [cf294231-87a1-414a-890e-c1695b236b3f@group-10C8F47DD5B8-LeaderElection63] INFO  impl.LeaderElection (LeaderElection.java:askForVotes(178)) - cf294231-87a1-414a-890e-c1695b236b3f@group-10C8F47DD5B8-LeaderElection63: begin an election at term 1 for -1: [aaca5673-a858-47dd-bff0-53d8dcf719bd:192.168.151.118:34995, 6e958ec2-485e-44e3-8fa3-58c20215af03:192.168.151.118:40609, cf294231-87a1-414a-890e-c1695b236b3f:192.168.151.118:46096], old=null
2019-10-14 10:44:18,609 [6e958ec2-485e-44e3-8fa3-58c20215af03@group-10C8F47DD5B8-LeaderElection65] INFO  impl.LeaderElection (LeaderElection.java:askForVotes(178)) - 6e958ec2-485e-44e3-8fa3-58c20215af03@group-10C8F47DD5B8-LeaderElection65: begin an election at term 1 for -1: [aaca5673-a858-47dd-bff0-53d8dcf719bd:192.168.151.118:34995, 6e958ec2-485e-44e3-8fa3-58c20215af03:192.168.151.118:40609, cf294231-87a1-414a-890e-c1695b236b3f:192.168.151.118:46096], old=null
2019-10-14 10:44:18,609 [aaca5673-a858-47dd-bff0-53d8dcf719bd@group-10C8F47DD5B8-LeaderElection61] INFO  impl.LeaderElection (LeaderElection.java:askForVotes(178)) - aaca5673-a858-47dd-bff0-53d8dcf719bd@group-10C8F47DD5B8-LeaderElection61: begin an election at term 1 for -1: [aaca5673-a858-47dd-bff0-53d8dcf719bd:192.168.151.118:34995, 6e958ec2-485e-44e3-8fa3-58c20215af03:192.168.151.118:40609, cf294231-87a1-414a-890e-c1695b236b3f:192.168.151.118:46096], old=null
2019-10-14 10:44:18,609 [05418579-ba8a-4912-9487-34133cf43f33@group-B4D477886CDB-LeaderElection56] INFO  impl.LeaderElection (LeaderElection.java:askForVotes(178)) - 05418579-ba8a-4912-9487-34133cf43f33@group-B4D477886CDB-LeaderElection56: begin an election at term 1 for -1: [05418579-ba8a-4912-9487-34133cf43f33:192.168.151.118:39531], old=null
2019-10-14 10:44:18,609 [61c3fb4b-4bb4-403a-91fd-ac929bb12f3e@group-2FD4925BA0EA-LeaderElection64] INFO  impl.LeaderElection (LeaderElection.java:askForVotes(178)) - 61c3fb4b-4bb4-403a-91fd-ac929bb12f3e@group-2FD4925BA0EA-LeaderElection64: begin an election at term 1 for -1: [d1728222-debe-4fc7-871e-837563ecbabc:192.168.151.118:38001, 05418579-ba8a-4912-9487-34133cf43f33:192.168.151.118:39531, 61c3fb4b-4bb4-403a-91fd-ac929bb12f3e:192.168.151.118:45157], old=null
2019-10-14 10:44:18,610 [05418579-ba8a-4912-9487-34133cf43f33@group-B4D477886CDB-LeaderElection56] INFO  impl.RoleInfo (RoleInfo.java:shutdownLeaderElection(134)) - 05418579-ba8a-4912-9487-34133cf43f33: shutdown LeaderElection
2019-10-14 10:44:18,609 [aaca5673-a858-47dd-bff0-53d8dcf719bd@group-6635A9101FA3-LeaderElection58] INFO  impl.RoleInfo (RoleInfo.java:shutdownLeaderElection(134)) - aaca5673-a858-47dd-bff0-53d8dcf719bd: shutdown LeaderElection
2019-10-14 10:44:18,609 [61c3fb4b-4bb4-403a-91fd-ac929bb12f3e@group-48FF9CDC5359-LeaderElection55] INFO  impl.LeaderElection (LeaderElection.java:askForVotes(178)) - 61c3fb4b-4bb4-403a-91fd-ac929bb12f3e@group-48FF9CDC5359-LeaderElection55: begin an election at term 1 for -1: [61c3fb4b-4bb4-403a-91fd-ac929bb12f3e:192.168.151.118:45157], old=null
2019-10-14 10:44:18,609 [adb76359-5de2-49c4-8afc-8012c71945c0@group-C8E4E35B289E-LeaderElection59] INFO  impl.LeaderElection (LeaderElection.java:askForVotes(178)) - adb76359-5de2-49c4-8afc-8012c71945c0@group-C8E4E35B289E-LeaderElection59: begin an election at term 1 for -1: [adb76359-5de2-49c4-8afc-8012c71945c0:192.168.151.118:32918], old=null
2019-10-14 10:44:18,609 [d1728222-debe-4fc7-871e-837563ecbabc@group-2FD4925BA0EA-LeaderElection62] INFO  impl.LeaderElection (LeaderElection.java:askForVotes(178)) - d1728222-debe-4fc7-871e-837563ecbabc@group-2FD4925BA0EA-LeaderElection62: begin an election at term 1 for -1: [d1728222-debe-4fc7-871e-837563ecbabc:192.168.151.118:38001, 05418579-ba8a-4912-9487-34133cf43f33:192.168.151.118:39531, 61c3fb4b-4bb4-403a-91fd-ac929bb12f3e:192.168.151.118:45157], old=null
2019-10-14 10:44:18,609 [d1728222-debe-4fc7-871e-837563ecbabc@group-E647EF92FBF5-LeaderElection54] INFO  impl.RaftServerImpl (RaftServerImpl.java:setRole(170)) - d1728222-debe-4fc7-871e-837563ecbabc@group-E647EF92FBF5: changes role from CANDIDATE to LEADER at term 1 for changeToLeader
2019-10-14 10:44:18,609 [6e958ec2-485e-44e3-8fa3-58c20215af03@group-AA5509F0F4DA-LeaderElection57] INFO  impl.LeaderElection (LeaderElection.java:askForVotes(178)) - 6e958ec2-485e-44e3-8fa3-58c20215af03@group-AA5509F0F4DA-LeaderElection57: begin an election at term 1 for -1: [6e958ec2-485e-44e3-8fa3-58c20215af03:192.168.151.118:40609], old=null
2019-10-14 10:44:18,609 [cf294231-87a1-414a-890e-c1695b236b3f@group-DB83E5A9A689-LeaderElection53] INFO  impl.RoleInfo (RoleInfo.java:shutdownLeaderElection(134)) - cf294231-87a1-414a-890e-c1695b236b3f: shutdown LeaderElection
2019-10-14 10:44:18,612 [6e958ec2-485e-44e3-8fa3-58c20215af03@group-AA5509F0F4DA-LeaderElection57] INFO  impl.RoleInfo (RoleInfo.java:shutdownLeaderElection(134)) - 6e958ec2-485e-44e3-8fa3-58c20215af03: shutdown LeaderElection
2019-10-14 10:44:18,611 [d1728222-debe-4fc7-871e-837563ecbabc@group-E647EF92FBF5-LeaderElection54] INFO  impl.RaftServerImpl (ServerState.java:setLeader(255)) - d1728222-debe-4fc7-871e-837563ecbabc@group-E647EF92FBF5: change Leader from null to d1728222-debe-4fc7-871e-837563ecbabc at term 1 for becomeLeader, leader elected after 23202ms
2019-10-14 10:44:18,611 [adb76359-5de2-49c4-8afc-8012c71945c0@group-C8E4E35B289E-LeaderElection59] INFO  impl.RoleInfo (RoleInfo.java:shutdownLeaderElection(134)) - adb76359-5de2-49c4-8afc-8012c71945c0: shutdown LeaderElection
2019-10-14 10:44:18,611 [61c3fb4b-4bb4-403a-91fd-ac929bb12f3e@group-48FF9CDC5359-LeaderElection55] INFO  impl.RoleInfo (RoleInfo.java:shutdownLeaderElection(134)) - 61c3fb4b-4bb4-403a-91fd-ac929bb12f3e: shutdown LeaderElection
2019-10-14 10:44:18,610 [aaca5673-a858-47dd-bff0-53d8dcf719bd@group-6635A9101FA3-LeaderElection58] INFO  impl.RaftServerImpl (RaftServerImpl.java:setRole(170)) - aaca5673-a858-47dd-bff0-53d8dcf719bd@group-6635A9101FA3: changes role from CANDIDATE to LEADER at term 1 for changeToLeader
2019-10-14 10:44:18,610 [05418579-ba8a-4912-9487-34133cf43f33@group-B4D477886CDB-LeaderElection56] INFO  impl.RaftServerImpl (RaftServerImpl.java:setRole(170)) - 05418579-ba8a-4912-9487-34133cf43f33@group-B4D477886CDB: changes role from CANDIDATE to LEADER at term 1 for changeToLeader
2019-10-14 10:44:18,612 [aaca5673-a858-47dd-bff0-53d8dcf719bd@group-6635A9101FA3-LeaderElection58] INFO  impl.RaftServerImpl (ServerState.java:setLeader(255)) - aaca5673-a858-47dd-bff0-53d8dcf719bd@group-6635A9101FA3: change Leader from null to aaca5673-a858-47dd-bff0-53d8dcf719bd at term 1 for becomeLeader, leader elected after 23024ms
2019-10-14 10:44:18,612 [61c3fb4b-4bb4-403a-91fd-ac929bb12f3e@group-48FF9CDC5359-LeaderElection55] INFO  impl.RaftServerImpl (RaftServerImpl.java:setRole(170)) - 61c3fb4b-4bb4-403a-91fd-ac929bb12f3e@group-48FF9CDC5359: changes role from CANDIDATE to LEADER at term 1 for changeToLeader
2019-10-14 10:44:18,613 [aaca5673-a858-47dd-bff0-53d8dcf719bd@group-6635A9101FA3-LeaderElection58] INFO  server.RaftServerConfigKeys (ConfUtils.java:logGet(43)) - raft.server.staging.catchup.gap = 1000 (default)
2019-10-14 10:44:18,612 [d1728222-debe-4fc7-871e-837563ecbabc@group-E647EF92FBF5-LeaderElection54] INFO  server.RaftServerConfigKeys (ConfUtils.java:logGet(43)) - raft.server.staging.catchup.gap = 1000 (default)
2019-10-14 10:44:18,612 [adb76359-5de2-49c4-8afc-8012c71945c0@group-C8E4E35B289E-LeaderElection59] INFO  impl.RaftServerImpl (RaftServerImpl.java:setRole(170)) - adb76359-5de2-49c4-8afc-8012c71945c0@group-C8E4E35B289E: changes role from CANDIDATE to LEADER at term 1 for changeToLeader
2019-10-14 10:44:18,612 [6e958ec2-485e-44e3-8fa3-58c20215af03@group-AA5509F0F4DA-LeaderElection57] INFO  impl.RaftServerImpl (RaftServerImpl.java:setRole(170)) - 6e958ec2-485e-44e3-8fa3-58c20215af03@group-AA5509F0F4DA: changes role from CANDIDATE to LEADER at term 1 for changeToLeader
2019-10-14 10:44:18,613 [adb76359-5de2-49c4-8afc-8012c71945c0@group-C8E4E35B289E-LeaderElection59] INFO  impl.RaftServerImpl (ServerState.java:setLeader(255)) - adb76359-5de2-49c4-8afc-8012c71945c0@group-C8E4E35B289E: change Leader from null to adb76359-5de2-49c4-8afc-8012c71945c0 at term 1 for becomeLeader, leader elected after 22902ms
2019-10-14 10:44:18,612 [cf294231-87a1-414a-890e-c1695b236b3f@group-DB83E5A9A689-LeaderElection53] INFO  impl.RaftServerImpl (RaftServerImpl.java:setRole(170)) - cf294231-87a1-414a-890e-c1695b236b3f@group-DB83E5A9A689: changes role from CANDIDATE to LEADER at term 1 for changeToLeader
2019-10-14 10:44:18,614 [adb76359-5de2-49c4-8afc-8012c71945c0@group-C8E4E35B289E-LeaderElection59] INFO  server.RaftServerConfigKeys (ConfUtils.java:logGet(43)) - raft.server.staging.catchup.gap = 1000 (default)
2019-10-14 10:44:18,613 [6e958ec2-485e-44e3-8fa3-58c20215af03@group-AA5509F0F4DA-LeaderElection57] INFO  impl.RaftServerImpl (ServerState.java:setLeader(255)) - 6e958ec2-485e-44e3-8fa3-58c20215af03@group-AA5509F0F4DA: change Leader from null to 6e958ec2-485e-44e3-8fa3-58c20215af03 at term 1 for becomeLeader, leader elected after 23070ms
2019-10-14 10:44:18,613 [d1728222-debe-4fc7-871e-837563ecbabc@group-E647EF92FBF5-LeaderElection54] INFO  server.RaftServerConfigKeys (ConfUtils.java:logGet(43)) - raft.server.rpc.sleep.time = 25ms (default)
2019-10-14 10:44:18,613 [aaca5673-a858-47dd-bff0-53d8dcf719bd@group-6635A9101FA3-LeaderElection58] INFO  server.RaftServerConfigKeys (ConfUtils.java:logGet(43)) - raft.server.rpc.sleep.time = 25ms (default)
2019-10-14 10:44:18,613 [61c3fb4b-4bb4-403a-91fd-ac929bb12f3e@group-48FF9CDC5359-LeaderElection55] INFO  impl.RaftServerImpl (ServerState.java:setLeader(255)) - 61c3fb4b-4bb4-403a-91fd-ac929bb12f3e@group-48FF9CDC5359: change Leader from null to 61c3fb4b-4bb4-403a-91fd-ac929bb12f3e at term 1 for becomeLeader, leader elected after 23125ms
2019-10-14 10:44:18,620 [aaca5673-a858-47dd-bff0-53d8dcf719bd@group-6635A9101FA3-LeaderElection58] INFO  server.RaftServerConfigKeys (ConfUtils.java:logGet(43)) - raft.server.write.element-limit = 4096 (default)
2019-10-14 10:44:18,612 [05418579-ba8a-4912-9487-34133cf43f33@group-B4D477886CDB-LeaderElection56] INFO  impl.RaftServerImpl (ServerState.java:setLeader(255)) - 05418579-ba8a-4912-9487-34133cf43f33@group-B4D477886CDB: change Leader from null to 05418579-ba8a-4912-9487-34133cf43f33 at term 1 for becomeLeader, leader elected after 22954ms
2019-10-14 10:44:18,620 [aaca5673-a858-47dd-bff0-53d8dcf719bd@group-6635A9101FA3-LeaderElection58] INFO  server.RaftServerConfigKeys (ConfUtils.java:logGet(43)) - raft.server.watch.timeout = 10s (default)
2019-10-14 10:44:18,620 [d1728222-debe-4fc7-871e-837563ecbabc@group-E647EF92FBF5-LeaderElection54] INFO  server.RaftServerConfigKeys (ConfUtils.java:logGet(43)) - raft.server.write.element-limit = 4096 (default)
2019-10-14 10:44:18,620 [61c3fb4b-4bb4-403a-91fd-ac929bb12f3e@group-48FF9CDC5359-LeaderElection55] INFO  server.RaftServerConfigKeys (ConfUtils.java:logGet(43)) - raft.server.staging.catchup.gap = 1000 (default)
2019-10-14 10:44:18,614 [6e958ec2-485e-44e3-8fa3-58c20215af03@group-AA5509F0F4DA-LeaderElection57] INFO  server.RaftServerConfigKeys (ConfUtils.java:logGet(43)) - raft.server.staging.catchup.gap = 1000 (default)
2019-10-14 10:44:18,614 [adb76359-5de2-49c4-8afc-8012c71945c0@group-C8E4E35B289E-LeaderElection59] INFO  server.RaftServerConfigKeys (ConfUtils.java:logGet(43)) - raft.server.rpc.sleep.time = 25ms (default)
2019-10-14 10:44:18,621 [adb76359-5de2-49c4-8afc-8012c71945c0@group-C8E4E35B289E-LeaderElection59] INFO  server.RaftServerConfigKeys (ConfUtils.java:logGet(43)) - raft.server.write.element-limit = 4096 (default)
2019-10-14 10:44:18,621 [adb76359-5de2-49c4-8afc-8012c71945c0@group-C8E4E35B289E-LeaderElection59] INFO  server.RaftServerConfigKeys (ConfUtils.java:logGet(43)) - raft.server.watch.timeout = 10s (default)
2019-10-14 10:44:18,621 [adb76359-5de2-49c4-8afc-8012c71945c0@group-C8E4E35B289E-LeaderElection59] INFO  server.RaftServerConfigKeys (ConfUtils.java:logGet(43)) - raft.server.watch.timeout.denomination = 1s (default)
2019-10-14 10:44:18,614 [cf294231-87a1-414a-890e-c1695b236b3f@group-DB83E5A9A689-LeaderElection53] INFO  impl.RaftServerImpl (ServerState.java:setLeader(255)) - cf294231-87a1-414a-890e-c1695b236b3f@group-DB83E5A9A689: change Leader from null to cf294231-87a1-414a-890e-c1695b236b3f at term 1 for becomeLeader, leader elected after 23263ms
2019-10-14 10:44:18,625 [adb76359-5de2-49c4-8afc-8012c71945c0@group-C8E4E35B289E-LeaderElection59] INFO  server.RaftServerConfigKeys (ConfUtils.java:logGet(43)) - raft.server.watch.element-limit = 65536 (default)
2019-10-14 10:44:18,621 [6e958ec2-485e-44e3-8fa3-58c20215af03@group-AA5509F0F4DA-LeaderElection57] INFO  server.RaftServerConfigKeys (ConfUtils.java:logGet(43)) - raft.server.rpc.sleep.time = 25ms (default)
2019-10-14 10:44:18,632 [6e958ec2-485e-44e3-8fa3-58c20215af03@group-AA5509F0F4DA-LeaderElection57] INFO  server.RaftServerConfigKeys (ConfUtils.java:logGet(43)) - raft.server.write.element-limit = 4096 (default)
2019-10-14 10:44:18,632 [6e958ec2-485e-44e3-8fa3-58c20215af03@group-AA5509F0F4DA-LeaderElection57] INFO  server.RaftServerConfigKeys (ConfUtils.java:logGet(43)) - raft.server.watch.timeout = 10s (default)
2019-10-14 10:44:18,620 [61c3fb4b-4bb4-403a-91fd-ac929bb12f3e@group-48FF9CDC5359-LeaderElection55] INFO  server.RaftServerConfigKeys (ConfUtils.java:logGet(43)) - raft.server.rpc.sleep.time = 25ms (default)
2019-10-14 10:44:18,620 [d1728222-debe-4fc7-871e-837563ecbabc@group-E647EF92FBF5-LeaderElection54] INFO  server.RaftServerConfigKeys (ConfUtils.java:logGet(43)) - raft.server.watch.timeout = 10s (default)
2019-10-14 10:44:18,620 [aaca5673-a858-47dd-bff0-53d8dcf719bd@group-6635A9101FA3-LeaderElection58] INFO  server.RaftServerConfigKeys (ConfUtils.java:logGet(43)) - raft.server.watch.timeout.denomination = 1s (default)
2019-10-14 10:44:18,620 [05418579-ba8a-4912-9487-34133cf43f33@group-B4D477886CDB-LeaderElection56] INFO  server.RaftServerConfigKeys (ConfUtils.java:logGet(43)) - raft.server.staging.catchup.gap = 1000 (default)
2019-10-14 10:44:18,633 [aaca5673-a858-47dd-bff0-53d8dcf719bd@group-6635A9101FA3-LeaderElection58] INFO  server.RaftServerConfigKeys (ConfUtils.java:logGet(43)) - raft.server.watch.element-limit = 65536 (default)
2019-10-14 10:44:18,633 [d1728222-debe-4fc7-871e-837563ecbabc@group-E647EF92FBF5-LeaderElection54] INFO  server.RaftServerConfigKeys (ConfUtils.java:logGet(43)) - raft.server.watch.timeout.denomination = 1s (default)
2019-10-14 10:44:18,633 [61c3fb4b-4bb4-403a-91fd-ac929bb12f3e@group-48FF9CDC5359-LeaderElection55] INFO  server.RaftServerConfigKeys (ConfUtils.java:logGet(43)) - raft.server.write.element-limit = 4096 (default)
2019-10-14 10:44:18,632 [6e958ec2-485e-44e3-8fa3-58c20215af03@group-AA5509F0F4DA-LeaderElection57] INFO  server.RaftServerConfigKeys (ConfUtils.java:logGet(43)) - raft.server.watch.timeout.denomination = 1s (default)
2019-10-14 10:44:18,632 [cf294231-87a1-414a-890e-c1695b236b3f@group-DB83E5A9A689-LeaderElection53] INFO  server.RaftServerConfigKeys (ConfUtils.java:logGet(43)) - raft.server.staging.catchup.gap = 1000 (default)
2019-10-14 10:44:18,637 [cf294231-87a1-414a-890e-c1695b236b3f@group-DB83E5A9A689-LeaderElection53] INFO  server.RaftServerConfigKeys (ConfUtils.java:logGet(43)) - raft.server.rpc.sleep.time = 25ms (default)
2019-10-14 10:44:18,637 [6e958ec2-485e-44e3-8fa3-58c20215af03@group-AA5509F0F4DA-LeaderElection57] INFO  server.RaftServerConfigKeys (ConfUtils.java:logGet(43)) - raft.server.watch.element-limit = 65536 (default)
2019-10-14 10:44:18,637 [61c3fb4b-4bb4-403a-91fd-ac929bb12f3e@group-48FF9CDC5359-LeaderElection55] INFO  server.RaftServerConfigKeys (ConfUtils.java:logGet(43)) - raft.server.watch.timeout = 10s (default)
2019-10-14 10:44:18,637 [d1728222-debe-4fc7-871e-837563ecbabc@group-E647EF92FBF5-LeaderElection54] INFO  server.RaftServerConfigKeys (ConfUtils.java:logGet(43)) - raft.server.watch.element-limit = 65536 (default)
2019-10-14 10:44:18,633 [05418579-ba8a-4912-9487-34133cf43f33@group-B4D477886CDB-LeaderElection56] INFO  server.RaftServerConfigKeys (ConfUtils.java:logGet(43)) - raft.server.rpc.sleep.time = 25ms (default)
2019-10-14 10:44:18,638 [grpc-default-executor-10] WARN  server.GrpcLogAppender (LogUtils.java:warn(134)) - 50bac784-5677-491f-b59b-4a4a2fee8033@group-CEA59BAEECCE->ab25a5f2-cb66-481d-9ac1-849da04a80bc-AppendLogResponseHandler: Failed appendEntries: org.apache.ratis.thirdparty.io.grpc.StatusRuntimeException: UNAVAILABLE: io exception
2019-10-14 10:44:18,638 [61c3fb4b-4bb4-403a-91fd-ac929bb12f3e@group-48FF9CDC5359-LeaderElection55] INFO  server.RaftServerConfigKeys (ConfUtils.java:logGet(43)) - raft.server.watch.timeout.denomination = 1s (default)
2019-10-14 10:44:18,638 [cf294231-87a1-414a-890e-c1695b236b3f@group-DB83E5A9A689-LeaderElection53] INFO  server.RaftServerConfigKeys (ConfUtils.java:logGet(43)) - raft.server.write.element-limit = 4096 (default)
2019-10-14 10:44:18,639 [61c3fb4b-4bb4-403a-91fd-ac929bb12f3e@group-48FF9CDC5359-LeaderElection55] INFO  server.RaftServerConfigKeys (ConfUtils.java:logGet(43)) - raft.server.watch.element-limit = 65536 (default)
2019-10-14 10:44:18,639 [grpc-default-executor-10] INFO  impl.FollowerInfo (FollowerInfo.java:lambda$new$0(51)) - 50bac784-5677-491f-b59b-4a4a2fee8033@group-CEA59BAEECCE->ab25a5f2-cb66-481d-9ac1-849da04a80bc: nextIndex: updateUnconditionally 1 -> 0
2019-10-14 10:44:18,638 [adb76359-5de2-49c4-8afc-8012c71945c0@group-C8E4E35B289E-LeaderElection59] INFO  impl.RoleInfo (RoleInfo.java:updateAndGet(143)) - adb76359-5de2-49c4-8afc-8012c71945c0: start LeaderState
2019-10-14 10:44:18,638 [05418579-ba8a-4912-9487-34133cf43f33@group-B4D477886CDB-LeaderElection56] INFO  server.RaftServerConfigKeys (ConfUtils.java:logGet(43)) - raft.server.write.element-limit = 4096 (default)
2019-10-14 10:44:18,657 [6e958ec2-485e-44e3-8fa3-58c20215af03@group-10C8F47DD5B8-LeaderElection65] INFO  impl.LeaderElection (LeaderElection.java:logAndReturn(56)) - 6e958ec2-485e-44e3-8fa3-58c20215af03@group-10C8F47DD5B8-LeaderElection65: Election REJECTED; received 2 response(s) [6e958ec2-485e-44e3-8fa3-58c20215af03<-aaca5673-a858-47dd-bff0-53d8dcf719bd#0:FAIL-t1, 6e958ec2-485e-44e3-8fa3-58c20215af03<-cf294231-87a1-414a-890e-c1695b236b3f#0:FAIL-t1] and 0 exception(s); 6e958ec2-485e-44e3-8fa3-58c20215af03@group-10C8F47DD5B8:t1, leader=null, voted=6e958ec2-485e-44e3-8fa3-58c20215af03, raftlog=6e958ec2-485e-44e3-8fa3-58c20215af03@group-10C8F47DD5B8-SegmentedRaftLog:OPENED:c-1,f-1,i0, conf=-1: [aaca5673-a858-47dd-bff0-53d8dcf719bd:192.168.151.118:34995, 6e958ec2-485e-44e3-8fa3-58c20215af03:192.168.151.118:40609, cf294231-87a1-414a-890e-c1695b236b3f:192.168.151.118:46096], old=null
2019-10-14 10:44:18,657 [aaca5673-a858-47dd-bff0-53d8dcf719bd@group-6635A9101FA3-LeaderElection58] INFO  impl.RoleInfo (RoleInfo.java:updateAndGet(143)) - aaca5673-a858-47dd-bff0-53d8dcf719bd: start LeaderState
2019-10-14 10:44:18,657 [05418579-ba8a-4912-9487-34133cf43f33@group-2FD4925BA0EA-LeaderElection60] INFO  impl.LeaderElection (LeaderElection.java:logAndReturn(56)) - 05418579-ba8a-4912-9487-34133cf43f33@group-2FD4925BA0EA-LeaderElection60: Election REJECTED; received 2 response(s) [05418579-ba8a-4912-9487-34133cf43f33<-d1728222-debe-4fc7-871e-837563ecbabc#0:FAIL-t1, 05418579-ba8a-4912-9487-34133cf43f33<-61c3fb4b-4bb4-403a-91fd-ac929bb12f3e#0:FAIL-t1] and 0 exception(s); 05418579-ba8a-4912-9487-34133cf43f33@group-2FD4925BA0EA:t1, leader=null, voted=05418579-ba8a-4912-9487-34133cf43f33, raftlog=05418579-ba8a-4912-9487-34133cf43f33@group-2FD4925BA0EA-SegmentedRaftLog:OPENED:c-1,f-1,i0, conf=-1: [d1728222-debe-4fc7-871e-837563ecbabc:192.168.151.118:38001, 05418579-ba8a-4912-9487-34133cf43f33:192.168.151.118:39531, 61c3fb4b-4bb4-403a-91fd-ac929bb12f3e:192.168.151.118:45157], old=null
2019-10-14 10:44:18,660 [adb76359-5de2-49c4-8afc-8012c71945c0@group-C8E4E35B289E-LeaderElection59] INFO  segmented.SegmentedRaftLogWorker (SegmentedRaftLogWorker.java:startLogSegment(385)) - adb76359-5de2-49c4-8afc-8012c71945c0@group-C8E4E35B289E-SegmentedRaftLogWorker: Starting segment from index:0
2019-10-14 10:44:18,644 [grpc-default-executor-10] WARN  server.GrpcLogAppender (LogUtils.java:warn(134)) - 50bac784-5677-491f-b59b-4a4a2fee8033@group-CEA59BAEECCE->faa5a069-6aa5-438b-8b42-f24c62b85906-AppendLogResponseHandler: Failed appendEntries: org.apache.ratis.thirdparty.io.grpc.StatusRuntimeException: UNAVAILABLE: io exception
2019-10-14 10:44:18,644 [cf294231-87a1-414a-890e-c1695b236b3f@group-DB83E5A9A689-LeaderElection53] INFO  server.RaftServerConfigKeys (ConfUtils.java:logGet(43)) - raft.server.watch.timeout = 10s (default)
2019-10-14 10:44:18,677 [grpc-default-executor-10] INFO  impl.FollowerInfo (FollowerInfo.java:lambda$new$0(51)) - 50bac784-5677-491f-b59b-4a4a2fee8033@group-CEA59BAEECCE->faa5a069-6aa5-438b-8b42-f24c62b85906: nextIndex: updateUnconditionally 1 -> 0
2019-10-14 10:44:18,673 [aaca5673-a858-47dd-bff0-53d8dcf719bd@group-6635A9101FA3-LeaderElection58] INFO  segmented.SegmentedRaftLogWorker (SegmentedRaftLogWorker.java:startLogSegment(385)) - aaca5673-a858-47dd-bff0-53d8dcf719bd@group-6635A9101FA3-SegmentedRaftLogWorker: Starting segment from index:0
2019-10-14 10:44:18,661 [05418579-ba8a-4912-9487-34133cf43f33@group-2FD4925BA0EA-LeaderElection60] INFO  impl.RaftServerImpl (RaftServerImpl.java:setRole(170)) - 05418579-ba8a-4912-9487-34133cf43f33@group-2FD4925BA0EA: changes role from CANDIDATE to FOLLOWER at term 1 for DISCOVERED_A_NEW_TERM
2019-10-14 10:44:18,657 [6e958ec2-485e-44e3-8fa3-58c20215af03@group-10C8F47DD5B8-LeaderElection65] INFO  impl.RaftServerImpl (RaftServerImpl.java:setRole(170)) - 6e958ec2-485e-44e3-8fa3-58c20215af03@group-10C8F47DD5B8: changes role from CANDIDATE to FOLLOWER at term 1 for DISCOVERED_A_NEW_TERM
2019-10-14 10:44:18,657 [05418579-ba8a-4912-9487-34133cf43f33@group-B4D477886CDB-LeaderElection56] INFO  server.RaftServerConfigKeys (ConfUtils.java:logGet(43)) - raft.server.watch.timeout = 10s (default)
2019-10-14 10:44:18,678 [6e958ec2-485e-44e3-8fa3-58c20215af03@group-10C8F47DD5B8-LeaderElection65] INFO  impl.RoleInfo (RoleInfo.java:shutdownLeaderElection(134)) - 6e958ec2-485e-44e3-8fa3-58c20215af03: shutdown LeaderElection
2019-10-14 10:44:18,678 [aaca5673-a858-47dd-bff0-53d8dcf719bd@group-6635A9101FA3-LeaderElection58] INFO  impl.RaftServerImpl (ServerState.java:setRaftConf(356)) - aaca5673-a858-47dd-bff0-53d8dcf719bd@group-6635A9101FA3: set configuration 0: [aaca5673-a858-47dd-bff0-53d8dcf719bd:192.168.151.118:34995], old=null at 0
2019-10-14 10:44:18,678 [05418579-ba8a-4912-9487-34133cf43f33@group-2FD4925BA0EA-LeaderElection60] INFO  impl.RoleInfo (RoleInfo.java:shutdownLeaderElection(134)) - 05418579-ba8a-4912-9487-34133cf43f33: shutdown LeaderElection
2019-10-14 10:44:18,677 [adb76359-5de2-49c4-8afc-8012c71945c0@group-C8E4E35B289E-LeaderElection59] INFO  impl.RaftServerImpl (ServerState.java:setRaftConf(356)) - adb76359-5de2-49c4-8afc-8012c71945c0@group-C8E4E35B289E: set configuration 0: [adb76359-5de2-49c4-8afc-8012c71945c0:192.168.151.118:32918], old=null at 0
2019-10-14 10:44:18,677 [cf294231-87a1-414a-890e-c1695b236b3f@group-DB83E5A9A689-LeaderElection53] INFO  server.RaftServerConfigKeys (ConfUtils.java:logGet(43)) - raft.server.watch.timeout.denomination = 1s (default)
2019-10-14 10:44:18,717 [05418579-ba8a-4912-9487-34133cf43f33@group-2FD4925BA0EA-LeaderElection60] INFO  impl.RoleInfo (RoleInfo.java:updateAndGet(143)) - 05418579-ba8a-4912-9487-34133cf43f33: start FollowerState
2019-10-14 10:44:18,678 [6e958ec2-485e-44e3-8fa3-58c20215af03@group-10C8F47DD5B8-LeaderElection65] INFO  impl.RoleInfo (RoleInfo.java:updateAndGet(143)) - 6e958ec2-485e-44e3-8fa3-58c20215af03: start FollowerState
2019-10-14 10:44:18,678 [05418579-ba8a-4912-9487-34133cf43f33@group-B4D477886CDB-LeaderElection56] INFO  server.RaftServerConfigKeys (ConfUtils.java:logGet(43)) - raft.server.watch.timeout.denomination = 1s (default)
2019-10-14 10:44:18,717 [cf294231-87a1-414a-890e-c1695b236b3f@group-DB83E5A9A689-LeaderElection53] INFO  server.RaftServerConfigKeys (ConfUtils.java:logGet(43)) - raft.server.watch.element-limit = 65536 (default)
2019-10-14 10:44:18,718 [05418579-ba8a-4912-9487-34133cf43f33@group-B4D477886CDB-LeaderElection56] INFO  server.RaftServerConfigKeys (ConfUtils.java:logGet(43)) - raft.server.watch.element-limit = 65536 (default)
2019-10-14 10:44:18,718 [adb76359-5de2-49c4-8afc-8012c71945c0@group-C8E4E35B289E-SegmentedRaftLogWorker] INFO  segmented.SegmentedRaftLogWorker (SegmentedRaftLogWorker.java:execute(574)) - adb76359-5de2-49c4-8afc-8012c71945c0@group-C8E4E35B289E-SegmentedRaftLogWorker: created new log segment /workdir/hadoop-ozone/integration-test/target/test-dir/MiniOzoneClusterImpl-f464983a-3651-474a-9555-13553797497e/datanode-1/data/ratis/26bb1ed6-b155-46e4-a45e-c8e4e35b289e/current/log_inprogress_0
2019-10-14 10:44:18,718 [cf294231-87a1-414a-890e-c1695b236b3f@group-10C8F47DD5B8-LeaderElection63] INFO  impl.LeaderElection (LeaderElection.java:logAndReturn(56)) - cf294231-87a1-414a-890e-c1695b236b3f@group-10C8F47DD5B8-LeaderElection63: Election REJECTED; received 2 response(s) [cf294231-87a1-414a-890e-c1695b236b3f<-aaca5673-a858-47dd-bff0-53d8dcf719bd#0:FAIL-t1, cf294231-87a1-414a-890e-c1695b236b3f<-6e958ec2-485e-44e3-8fa3-58c20215af03#0:FAIL-t1] and 0 exception(s); cf294231-87a1-414a-890e-c1695b236b3f@group-10C8F47DD5B8:t1, leader=null, voted=cf294231-87a1-414a-890e-c1695b236b3f, raftlog=cf294231-87a1-414a-890e-c1695b236b3f@group-10C8F47DD5B8-SegmentedRaftLog:OPENED:c-1,f-1,i0, conf=-1: [aaca5673-a858-47dd-bff0-53d8dcf719bd:192.168.151.118:34995, 6e958ec2-485e-44e3-8fa3-58c20215af03:192.168.151.118:40609, cf294231-87a1-414a-890e-c1695b236b3f:192.168.151.118:46096], old=null
2019-10-14 10:44:18,719 [cf294231-87a1-414a-890e-c1695b236b3f@group-10C8F47DD5B8-LeaderElection63] INFO  impl.RaftServerImpl (RaftServerImpl.java:setRole(170)) - cf294231-87a1-414a-890e-c1695b236b3f@group-10C8F47DD5B8: changes role from CANDIDATE to FOLLOWER at term 1 for DISCOVERED_A_NEW_TERM
2019-10-14 10:44:18,719 [aaca5673-a858-47dd-bff0-53d8dcf719bd@group-10C8F47DD5B8-LeaderElection61] INFO  impl.LeaderElection (LeaderElection.java:logAndReturn(56)) - aaca5673-a858-47dd-bff0-53d8dcf719bd@group-10C8F47DD5B8-LeaderElection61: Election REJECTED; received 2 response(s) [aaca5673-a858-47dd-bff0-53d8dcf719bd<-6e958ec2-485e-44e3-8fa3-58c20215af03#0:FAIL-t1, aaca5673-a858-47dd-bff0-53d8dcf719bd<-cf294231-87a1-414a-890e-c1695b236b3f#0:FAIL-t1] and 0 exception(s); aaca5673-a858-47dd-bff0-53d8dcf719bd@group-10C8F47DD5B8:t1, leader=null, voted=aaca5673-a858-47dd-bff0-53d8dcf719bd, raftlog=aaca5673-a858-47dd-bff0-53d8dcf719bd@group-10C8F47DD5B8-SegmentedRaftLog:OPENED:c-1,f-1,i0, conf=-1: [aaca5673-a858-47dd-bff0-53d8dcf719bd:192.168.151.118:34995, 6e958ec2-485e-44e3-8fa3-58c20215af03:192.168.151.118:40609, cf294231-87a1-414a-890e-c1695b236b3f:192.168.151.118:46096], old=null
2019-10-14 10:44:18,719 [61c3fb4b-4bb4-403a-91fd-ac929bb12f3e@group-2FD4925BA0EA-LeaderElection64] INFO  impl.LeaderElection (LeaderElection.java:logAndReturn(56)) - 61c3fb4b-4bb4-403a-91fd-ac929bb12f3e@group-2FD4925BA0EA-LeaderElection64: Election REJECTED; received 2 response(s) [61c3fb4b-4bb4-403a-91fd-ac929bb12f3e<-d1728222-debe-4fc7-871e-837563ecbabc#0:FAIL-t1, 61c3fb4b-4bb4-403a-91fd-ac929bb12f3e<-05418579-ba8a-4912-9487-34133cf43f33#0:FAIL-t1] and 0 exception(s); 61c3fb4b-4bb4-403a-91fd-ac929bb12f3e@group-2FD4925BA0EA:t1, leader=null, voted=61c3fb4b-4bb4-403a-91fd-ac929bb12f3e, raftlog=61c3fb4b-4bb4-403a-91fd-ac929bb12f3e@group-2FD4925BA0EA-SegmentedRaftLog:OPENED:c-1,f-1,i0, conf=-1: [d1728222-debe-4fc7-871e-837563ecbabc:192.168.151.118:38001, 05418579-ba8a-4912-9487-34133cf43f33:192.168.151.118:39531, 61c3fb4b-4bb4-403a-91fd-ac929bb12f3e:192.168.151.118:45157], old=null
2019-10-14 10:44:18,746 [aaca5673-a858-47dd-bff0-53d8dcf719bd@group-10C8F47DD5B8-LeaderElection61] INFO  impl.RaftServerImpl (RaftServerImpl.java:setRole(170)) - aaca5673-a858-47dd-bff0-53d8dcf719bd@group-10C8F47DD5B8: changes role from CANDIDATE to FOLLOWER at term 1 for DISCOVERED_A_NEW_TERM
2019-10-14 10:44:18,719 [cf294231-87a1-414a-890e-c1695b236b3f@group-10C8F47DD5B8-LeaderElection63] INFO  impl.RoleInfo (RoleInfo.java:shutdownLeaderElection(134)) - cf294231-87a1-414a-890e-c1695b236b3f: shutdown LeaderElection
2019-10-14 10:44:18,752 [aaca5673-a858-47dd-bff0-53d8dcf719bd@group-10C8F47DD5B8-LeaderElection61] INFO  impl.RoleInfo (RoleInfo.java:shutdownLeaderElection(134)) - aaca5673-a858-47dd-bff0-53d8dcf719bd: shutdown LeaderElection
2019-10-14 10:44:18,719 [d1728222-debe-4fc7-871e-837563ecbabc@group-E647EF92FBF5-LeaderElection54] INFO  impl.RoleInfo (RoleInfo.java:updateAndGet(143)) - d1728222-debe-4fc7-871e-837563ecbabc: start LeaderState
2019-10-14 10:44:18,755 [cf294231-87a1-414a-890e-c1695b236b3f@group-10C8F47DD5B8-LeaderElection63] INFO  impl.RoleInfo (RoleInfo.java:updateAndGet(143)) - cf294231-87a1-414a-890e-c1695b236b3f: start FollowerState
2019-10-14 10:44:18,755 [d1728222-debe-4fc7-871e-837563ecbabc@group-2FD4925BA0EA-LeaderElection62] INFO  impl.LeaderElection (LeaderElection.java:logAndReturn(56)) - d1728222-debe-4fc7-871e-837563ecbabc@group-2FD4925BA0EA-LeaderElection62: Election REJECTED; received 2 response(s) [d1728222-debe-4fc7-871e-837563ecbabc<-05418579-ba8a-4912-9487-34133cf43f33#0:FAIL-t1, d1728222-debe-4fc7-871e-837563ecbabc<-61c3fb4b-4bb4-403a-91fd-ac929bb12f3e#0:FAIL-t1] and 0 exception(s); d1728222-debe-4fc7-871e-837563ecbabc@group-2FD4925BA0EA:t1, leader=null, voted=d1728222-debe-4fc7-871e-837563ecbabc, raftlog=d1728222-debe-4fc7-871e-837563ecbabc@group-2FD4925BA0EA-SegmentedRaftLog:OPENED:c-1,f-1,i0, conf=-1: [d1728222-debe-4fc7-871e-837563ecbabc:192.168.151.118:38001, 05418579-ba8a-4912-9487-34133cf43f33:192.168.151.118:39531, 61c3fb4b-4bb4-403a-91fd-ac929bb12f3e:192.168.151.118:45157], old=null
2019-10-14 10:44:18,755 [aaca5673-a858-47dd-bff0-53d8dcf719bd@group-10C8F47DD5B8-LeaderElection61] INFO  impl.RoleInfo (RoleInfo.java:updateAndGet(143)) - aaca5673-a858-47dd-bff0-53d8dcf719bd: start FollowerState
2019-10-14 10:44:18,756 [d1728222-debe-4fc7-871e-837563ecbabc@group-2FD4925BA0EA-LeaderElection62] INFO  impl.RaftServerImpl (RaftServerImpl.java:setRole(170)) - d1728222-debe-4fc7-871e-837563ecbabc@group-2FD4925BA0EA: changes role from CANDIDATE to FOLLOWER at term 1 for DISCOVERED_A_NEW_TERM
2019-10-14 10:44:18,756 [d1728222-debe-4fc7-871e-837563ecbabc@group-E647EF92FBF5-LeaderElection54] INFO  segmented.SegmentedRaftLogWorker (SegmentedRaftLogWorker.java:startLogSegment(385)) - d1728222-debe-4fc7-871e-837563ecbabc@group-E647EF92FBF5-SegmentedRaftLogWorker: Starting segment from index:0
2019-10-14 10:44:18,756 [61c3fb4b-4bb4-403a-91fd-ac929bb12f3e@group-2FD4925BA0EA-LeaderElection64] INFO  impl.RaftServerImpl (RaftServerImpl.java:setRole(170)) - 61c3fb4b-4bb4-403a-91fd-ac929bb12f3e@group-2FD4925BA0EA: changes role from CANDIDATE to FOLLOWER at term 1 for DISCOVERED_A_NEW_TERM
2019-10-14 10:44:18,759 [d1728222-debe-4fc7-871e-837563ecbabc@group-2FD4925BA0EA-LeaderElection62] INFO  impl.RoleInfo (RoleInfo.java:shutdownLeaderElection(134)) - d1728222-debe-4fc7-871e-837563ecbabc: shutdown LeaderElection
2019-10-14 10:44:18,759 [61c3fb4b-4bb4-403a-91fd-ac929bb12f3e@group-2FD4925BA0EA-LeaderElection64] INFO  impl.RoleInfo (RoleInfo.java:shutdownLeaderElection(134)) - 61c3fb4b-4bb4-403a-91fd-ac929bb12f3e: shutdown LeaderElection
2019-10-14 10:44:18,759 [d1728222-debe-4fc7-871e-837563ecbabc@group-2FD4925BA0EA-LeaderElection62] INFO  impl.RoleInfo (RoleInfo.java:updateAndGet(143)) - d1728222-debe-4fc7-871e-837563ecbabc: start FollowerState
2019-10-14 10:44:18,759 [61c3fb4b-4bb4-403a-91fd-ac929bb12f3e@group-2FD4925BA0EA-LeaderElection64] INFO  impl.RoleInfo (RoleInfo.java:updateAndGet(143)) - 61c3fb4b-4bb4-403a-91fd-ac929bb12f3e: start FollowerState
2019-10-14 10:44:18,759 [d1728222-debe-4fc7-871e-837563ecbabc@group-E647EF92FBF5-LeaderElection54] INFO  impl.RaftServerImpl (ServerState.java:setRaftConf(356)) - d1728222-debe-4fc7-871e-837563ecbabc@group-E647EF92FBF5: set configuration 0: [d1728222-debe-4fc7-871e-837563ecbabc:192.168.151.118:38001], old=null at 0
2019-10-14 10:44:18,759 [aaca5673-a858-47dd-bff0-53d8dcf719bd@group-6635A9101FA3-SegmentedRaftLogWorker] INFO  segmented.SegmentedRaftLogWorker (SegmentedRaftLogWorker.java:execute(574)) - aaca5673-a858-47dd-bff0-53d8dcf719bd@group-6635A9101FA3-SegmentedRaftLogWorker: created new log segment /workdir/hadoop-ozone/integration-test/target/test-dir/MiniOzoneClusterImpl-f464983a-3651-474a-9555-13553797497e/datanode-5/data/ratis/759d4f89-1000-4875-9773-6635a9101fa3/current/log_inprogress_0
2019-10-14 10:44:18,759 [6e958ec2-485e-44e3-8fa3-58c20215af03@group-AA5509F0F4DA-LeaderElection57] INFO  impl.RoleInfo (RoleInfo.java:updateAndGet(143)) - 6e958ec2-485e-44e3-8fa3-58c20215af03: start LeaderState
2019-10-14 10:44:18,761 [6e958ec2-485e-44e3-8fa3-58c20215af03@group-AA5509F0F4DA-LeaderElection57] INFO  segmented.SegmentedRaftLogWorker (SegmentedRaftLogWorker.java:startLogSegment(385)) - 6e958ec2-485e-44e3-8fa3-58c20215af03@group-AA5509F0F4DA-SegmentedRaftLogWorker: Starting segment from index:0
2019-10-14 10:44:18,762 [61c3fb4b-4bb4-403a-91fd-ac929bb12f3e@group-48FF9CDC5359-LeaderElection55] INFO  impl.RoleInfo (RoleInfo.java:updateAndGet(143)) - 61c3fb4b-4bb4-403a-91fd-ac929bb12f3e: start LeaderState
2019-10-14 10:44:18,762 [6e958ec2-485e-44e3-8fa3-58c20215af03@group-AA5509F0F4DA-LeaderElection57] INFO  impl.RaftServerImpl (ServerState.java:setRaftConf(356)) - 6e958ec2-485e-44e3-8fa3-58c20215af03@group-AA5509F0F4DA: set configuration 0: [6e958ec2-485e-44e3-8fa3-58c20215af03:192.168.151.118:40609], old=null at 0
2019-10-14 10:44:18,762 [61c3fb4b-4bb4-403a-91fd-ac929bb12f3e@group-48FF9CDC5359-LeaderElection55] INFO  segmented.SegmentedRaftLogWorker (SegmentedRaftLogWorker.java:startLogSegment(385)) - 61c3fb4b-4bb4-403a-91fd-ac929bb12f3e@group-48FF9CDC5359-SegmentedRaftLogWorker: Starting segment from index:0
2019-10-14 10:44:18,799 [61c3fb4b-4bb4-403a-91fd-ac929bb12f3e@group-48FF9CDC5359-LeaderElection55] INFO  impl.RaftServerImpl (ServerState.java:setRaftConf(356)) - 61c3fb4b-4bb4-403a-91fd-ac929bb12f3e@group-48FF9CDC5359: set configuration 0: [61c3fb4b-4bb4-403a-91fd-ac929bb12f3e:192.168.151.118:45157], old=null at 0
2019-10-14 10:44:18,805 [05418579-ba8a-4912-9487-34133cf43f33@group-B4D477886CDB-LeaderElection56] INFO  impl.RoleInfo (RoleInfo.java:updateAndGet(143)) - 05418579-ba8a-4912-9487-34133cf43f33: start LeaderState
2019-10-14 10:44:18,805 [cf294231-87a1-414a-890e-c1695b236b3f@group-DB83E5A9A689-LeaderElection53] INFO  impl.RoleInfo (RoleInfo.java:updateAndGet(143)) - cf294231-87a1-414a-890e-c1695b236b3f: start LeaderState
2019-10-14 10:44:18,805 [05418579-ba8a-4912-9487-34133cf43f33@group-B4D477886CDB-LeaderElection56] INFO  segmented.SegmentedRaftLogWorker (SegmentedRaftLogWorker.java:startLogSegment(385)) - 05418579-ba8a-4912-9487-34133cf43f33@group-B4D477886CDB-SegmentedRaftLogWorker: Starting segment from index:0
2019-10-14 10:44:18,805 [cf294231-87a1-414a-890e-c1695b236b3f@group-DB83E5A9A689-LeaderElection53] INFO  segmented.SegmentedRaftLogWorker (SegmentedRaftLogWorker.java:startLogSegment(385)) - cf294231-87a1-414a-890e-c1695b236b3f@group-DB83E5A9A689-SegmentedRaftLogWorker: Starting segment from index:0
2019-10-14 10:44:18,833 [05418579-ba8a-4912-9487-34133cf43f33@group-B4D477886CDB-LeaderElection56] INFO  impl.RaftServerImpl (ServerState.java:setRaftConf(356)) - 05418579-ba8a-4912-9487-34133cf43f33@group-B4D477886CDB: set configuration 0: [05418579-ba8a-4912-9487-34133cf43f33:192.168.151.118:39531], old=null at 0
2019-10-14 10:44:18,832 [d1728222-debe-4fc7-871e-837563ecbabc@group-E647EF92FBF5-SegmentedRaftLogWorker] INFO  segmented.SegmentedRaftLogWorker (SegmentedRaftLogWorker.java:execute(574)) - d1728222-debe-4fc7-871e-837563ecbabc@group-E647EF92FBF5-SegmentedRaftLogWorker: created new log segment /workdir/hadoop-ozone/integration-test/target/test-dir/MiniOzoneClusterImpl-f464983a-3651-474a-9555-13553797497e/datanode-3/data/ratis/d350b4e2-35c4-48ce-9ea0-e647ef92fbf5/current/log_inprogress_0
2019-10-14 10:44:18,832 [6e958ec2-485e-44e3-8fa3-58c20215af03@group-AA5509F0F4DA-SegmentedRaftLogWorker] INFO  segmented.SegmentedRaftLogWorker (SegmentedRaftLogWorker.java:execute(574)) - 6e958ec2-485e-44e3-8fa3-58c20215af03@group-AA5509F0F4DA-SegmentedRaftLogWorker: created new log segment /workdir/hadoop-ozone/integration-test/target/test-dir/MiniOzoneClusterImpl-f464983a-3651-474a-9555-13553797497e/datanode-4/data/ratis/a8c50bc7-e458-47cf-924b-aa5509f0f4da/current/log_inprogress_0
2019-10-14 10:44:18,833 [cf294231-87a1-414a-890e-c1695b236b3f@group-DB83E5A9A689-LeaderElection53] INFO  impl.RaftServerImpl (ServerState.java:setRaftConf(356)) - cf294231-87a1-414a-890e-c1695b236b3f@group-DB83E5A9A689: set configuration 0: [cf294231-87a1-414a-890e-c1695b236b3f:192.168.151.118:46096], old=null at 0
2019-10-14 10:44:18,865 [61c3fb4b-4bb4-403a-91fd-ac929bb12f3e@group-48FF9CDC5359-SegmentedRaftLogWorker] INFO  segmented.SegmentedRaftLogWorker (SegmentedRaftLogWorker.java:execute(574)) - 61c3fb4b-4bb4-403a-91fd-ac929bb12f3e@group-48FF9CDC5359-SegmentedRaftLogWorker: created new log segment /workdir/hadoop-ozone/integration-test/target/test-dir/MiniOzoneClusterImpl-f464983a-3651-474a-9555-13553797497e/datanode-2/data/ratis/1d8af1ea-3775-45d0-9189-48ff9cdc5359/current/log_inprogress_0
]]></system-out>
  </testcase>
</testsuite>